----------- ip 信息 ---------
{
  "ip": "40.65.196.149",
  "city": "Boydton",
  "region": "Virginia",
  "country": "US",
  "loc": "36.6676,-78.3875",
  "org": "AS8075 Microsoft Corporation",
  "postal": "23917",
  "timezone": "America/New_York",
  "readme": "https://ipinfo.io/missingauth"
} ---------- end ------------
  ____               ____    _   _____           _  
 |  _ \ __ _ _   _  | __ ) _| |_|_   _|__   ___ | | 
 | |_) / _` | | | | |  _ \(_) (_) | |/ _ \ / _ \| | 
 |  _ < (_| | |_| | | |_) | | | | | | (_) | (_) | | 
 |_| \_\__,_|\__, | |____/|_|_|_| |_|\___/ \___/|_| 
             |___/                                  

[00:30:17 INF] BiliBiliToolPro 开始运行...

[00:30:18 INF] 【账号个数】3个

[00:30:18 INF] 随机休眠2分钟

[00:32:18 INF] 【目标任务】LiveFansMedal
[00:32:18 INF] ######### 账号 1 #########

[00:32:18 INF] =====开始 直播间互动 =====

[00:32:18 INF] ---开始 发送弹幕 ---
[00:32:18 INF] 检测到直播 Cookie 未正确配置，尝试自动配置中...
[00:32:25 INF] 直播 Cookie 配置成功！
[00:32:25 INF] 【获取直播列表】获取拥有粉丝牌的直播列表
[00:32:32 INF] 【主播】Mark陌枫 
[00:32:49 INF] 【主播】KL_qiqi_ 
[00:33:07 INF] 【主播】苏打baka 
[00:33:24 INF] 【直播间】Mark陌枫
[00:33:24 INF] 【粉丝牌】馬楓
[00:33:24 INF] 正在发送弹幕...
[00:33:27 INF] 【直播间】KL_qiqi_
[00:33:27 INF] 【粉丝牌】qiqisb
[00:33:27 INF] 正在发送弹幕...
[00:33:34 INF] 【直播间】苏打baka
[00:33:34 INF] 【粉丝牌】碳酸钠
[00:33:34 INF] 正在发送弹幕...
[00:33:38 INF] -------结束-------

[00:33:38 INF] ---开始 点赞直播间 ---
[00:33:38 INF] 【获取直播列表】获取拥有粉丝牌的直播列表
[00:33:40 INF] 【弹幕发送】成功~，你和主播 Mark陌枫 的亲密值增加了100！
[00:33:41 INF] 【主播】Mark陌枫 
[00:33:43 INF] 【弹幕发送】成功~，你和主播 KL_qiqi_ 的亲密值增加了100！
[00:33:50 INF] 【弹幕发送】成功~，你和主播 苏打baka 的亲密值增加了100！
[00:33:58 INF] 【主播】KL_qiqi_ 
[00:34:14 INF] 【主播】苏打baka 
[00:34:36 INF] 【点赞直播间】23357926 完成
[00:34:39 INF] 【点赞直播间】407149 完成
[00:34:45 INF] --------结束--------

[00:34:45 INF] ---开始 直播时长挂机 ---
[00:34:45 INF] 【获取直播列表】获取拥有粉丝牌的直播列表
[00:34:46 INF] 【点赞直播间】23040372 完成
[00:34:50 INF] 【主播】Mark陌枫 
[00:35:07 INF] 【主播】KL_qiqi_ 
[00:35:22 INF] 【主播】苏打baka 
[00:35:42 INF] 【直播间】23357926 的第 1 个心跳包发送成功
[00:35:43 INF] 【直播间】407149 的第 1 个心跳包发送成功
[00:35:44 INF] 【直播间】23040372 的第 1 个心跳包发送成功
[00:36:48 INF] 【直播间】23357926 的第 2 个心跳包发送成功
[00:36:50 INF] 【直播间】407149 的第 2 个心跳包发送成功
[00:36:51 INF] 【直播间】23040372 的第 2 个心跳包发送成功
[00:37:55 INF] 【直播间】23357926 的第 3 个心跳包发送成功
[00:37:56 INF] 【直播间】407149 的第 3 个心跳包发送成功
[00:37:58 INF] 【直播间】23040372 的第 3 个心跳包发送成功
[00:39:01 INF] 【直播间】23357926 的第 4 个心跳包发送成功
[00:39:03 INF] 【直播间】407149 的第 4 个心跳包发送成功
[00:39:04 INF] 【直播间】23040372 的第 4 个心跳包发送成功
[00:40:08 INF] 【直播间】23357926 的第 5 个心跳包发送成功
[00:40:10 INF] 【直播间】407149 的第 5 个心跳包发送成功
[00:40:11 INF] 【直播间】23040372 的第 5 个心跳包发送成功
[00:41:15 INF] 【直播间】23357926 的第 6 个心跳包发送成功
[00:41:16 INF] 【直播间】407149 的第 6 个心跳包发送成功
[00:41:17 INF] 【直播间】23040372 的第 6 个心跳包发送成功
[00:42:21 INF] 【直播间】23357926 的第 7 个心跳包发送成功
[00:42:23 INF] 【直播间】407149 的第 7 个心跳包发送成功
[00:42:24 INF] 【直播间】23040372 的第 7 个心跳包发送成功
[00:43:28 INF] 【直播间】23357926 的第 8 个心跳包发送成功
[00:43:29 INF] 【直播间】407149 的第 8 个心跳包发送成功
[00:43:31 INF] 【直播间】23040372 的第 8 个心跳包发送成功
[00:44:35 INF] 【直播间】23357926 的第 9 个心跳包发送成功
[00:44:36 INF] 【直播间】407149 的第 9 个心跳包发送成功
[00:44:37 INF] 【直播间】23040372 的第 9 个心跳包发送成功
[00:45:41 INF] 【直播间】23357926 的第 10 个心跳包发送成功
[00:45:43 INF] 【直播间】407149 的第 10 个心跳包发送成功
[00:45:44 INF] 【直播间】23040372 的第 10 个心跳包发送成功
[00:46:48 INF] 【直播间】23357926 的第 11 个心跳包发送成功
[00:46:49 INF] 【直播间】407149 的第 11 个心跳包发送成功
[00:46:50 INF] 【直播间】23040372 的第 11 个心跳包发送成功
[00:47:55 INF] 【直播间】23357926 的第 12 个心跳包发送成功
[00:47:56 INF] 【直播间】407149 的第 12 个心跳包发送成功
[00:47:57 INF] 【直播间】23040372 的第 12 个心跳包发送成功
[00:49:01 INF] 【直播间】23357926 的第 13 个心跳包发送成功
[00:49:03 INF] 【直播间】407149 的第 13 个心跳包发送成功
[00:49:04 INF] 【直播间】23040372 的第 13 个心跳包发送成功
[00:50:08 INF] 【直播间】23357926 的第 14 个心跳包发送成功
[00:50:09 INF] 【直播间】407149 的第 14 个心跳包发送成功
[00:50:10 INF] 【直播间】23040372 的第 14 个心跳包发送成功
[00:51:14 ERR] 【心跳包】直播间 23357926 发送失败
[00:51:14 ERR] 【原因】time check failed
[00:51:16 ERR] 【心跳包】直播间 407149 发送失败
[00:51:16 ERR] 【原因】time check failed
[00:51:17 ERR] 【心跳包】直播间 23040372 发送失败
[00:51:17 ERR] 【原因】time check failed
[00:52:21 INF] 【直播间】23357926 的第 15 个心跳包发送成功
[00:52:22 INF] 【直播间】407149 的第 15 个心跳包发送成功
[00:52:23 INF] 【直播间】23040372 的第 15 个心跳包发送成功
[00:53:28 INF] 【直播间】23357926 的第 16 个心跳包发送成功
[00:53:29 INF] 【直播间】407149 的第 16 个心跳包发送成功
[00:53:30 INF] 【直播间】23040372 的第 16 个心跳包发送成功
[00:54:34 INF] 【直播间】23357926 的第 17 个心跳包发送成功
[00:54:35 INF] 【直播间】407149 的第 17 个心跳包发送成功
[00:54:37 INF] 【直播间】23040372 的第 17 个心跳包发送成功
[00:55:41 INF] 【直播间】23357926 的第 18 个心跳包发送成功
[00:55:42 INF] 【直播间】407149 的第 18 个心跳包发送成功
[00:55:43 INF] 【直播间】23040372 的第 18 个心跳包发送成功
[00:56:47 INF] 【直播间】23357926 的第 19 个心跳包发送成功
[00:56:48 INF] 【直播间】407149 的第 19 个心跳包发送成功
[00:56:50 INF] 【直播间】23040372 的第 19 个心跳包发送成功
[00:57:54 INF] 【直播间】23357926 的第 20 个心跳包发送成功
[00:57:55 INF] 【直播间】407149 的第 20 个心跳包发送成功
[00:57:56 INF] 【直播间】23040372 的第 20 个心跳包发送成功
[00:59:00 INF] 【直播间】23357926 的第 21 个心跳包发送成功
[00:59:02 INF] 【直播间】407149 的第 21 个心跳包发送成功
[00:59:03 INF] 【直播间】23040372 的第 21 个心跳包发送成功
[01:00:07 INF] 【直播间】23357926 的第 22 个心跳包发送成功
[01:00:08 INF] 【直播间】407149 的第 22 个心跳包发送成功
[01:00:09 INF] 【直播间】23040372 的第 22 个心跳包发送成功
[01:01:14 INF] 【直播间】23357926 的第 23 个心跳包发送成功
[01:01:15 INF] 【直播间】407149 的第 23 个心跳包发送成功
[01:01:16 INF] 【直播间】23040372 的第 23 个心跳包发送成功
[01:02:20 INF] 【直播间】23357926 的第 24 个心跳包发送成功
[01:02:21 INF] 【直播间】407149 的第 24 个心跳包发送成功
[01:02:22 INF] 【直播间】23040372 的第 24 个心跳包发送成功
[01:03:26 INF] 【直播间】23357926 的第 25 个心跳包发送成功
[01:03:28 INF] 【直播间】407149 的第 25 个心跳包发送成功
[01:03:29 INF] 【直播间】23040372 的第 25 个心跳包发送成功
[01:04:33 INF] 【直播间】23357926 的第 26 个心跳包发送成功
[01:04:34 INF] 【直播间】407149 的第 26 个心跳包发送成功
[01:04:36 INF] 【直播间】23040372 的第 26 个心跳包发送成功
[01:05:40 INF] 【直播间】23357926 的第 27 个心跳包发送成功
[01:05:41 INF] 【直播间】407149 的第 27 个心跳包发送成功
[01:05:42 INF] 【直播间】23040372 的第 27 个心跳包发送成功
[01:06:47 ERR] 【心跳包】直播间 23357926 发送失败
[01:06:47 ERR] 【原因】time check failed
[01:06:48 ERR] 【心跳包】直播间 407149 发送失败
[01:06:48 ERR] 【原因】time check failed
[01:06:49 ERR] 【心跳包】直播间 23040372 发送失败
[01:06:49 ERR] 【原因】time check failed
[01:07:53 INF] 【直播间】23357926 的第 28 个心跳包发送成功
[01:07:54 INF] 【直播间】407149 的第 28 个心跳包发送成功
[01:07:56 INF] 【直播间】23040372 的第 28 个心跳包发送成功
[01:09:00 INF] 【直播间】23357926 的第 29 个心跳包发送成功
[01:09:01 INF] 【直播间】407149 的第 29 个心跳包发送成功
[01:09:02 INF] 【直播间】23040372 的第 29 个心跳包发送成功
[01:10:06 INF] 【直播间】23357926 的第 30 个心跳包发送成功
[01:10:08 INF] 【直播间】407149 的第 30 个心跳包发送成功
[01:10:09 INF] 【直播间】23040372 的第 30 个心跳包发送成功
[01:11:13 INF] 【直播间】23357926 的第 31 个心跳包发送成功
[01:11:14 INF] 【直播间】407149 的第 31 个心跳包发送成功
[01:11:16 INF] 【直播间】23040372 的第 31 个心跳包发送成功
[01:12:20 INF] 【直播间】23357926 的第 32 个心跳包发送成功
[01:12:21 INF] 【直播间】407149 的第 32 个心跳包发送成功
[01:12:22 INF] 【直播间】23040372 的第 32 个心跳包发送成功
[01:13:26 INF] 【直播间】23357926 的第 33 个心跳包发送成功
[01:13:28 INF] 【直播间】407149 的第 33 个心跳包发送成功
[01:13:29 INF] 【直播间】23040372 的第 33 个心跳包发送成功
[01:14:33 INF] 【直播间】23357926 的第 34 个心跳包发送成功
[01:14:34 INF] 【直播间】407149 的第 34 个心跳包发送成功
[01:14:35 INF] 【直播间】23040372 的第 34 个心跳包发送成功
[01:15:39 INF] 【直播间】23357926 的第 35 个心跳包发送成功
[01:15:41 INF] 【直播间】407149 的第 35 个心跳包发送成功
[01:15:42 INF] 【直播间】23040372 的第 35 个心跳包发送成功
[01:16:46 INF] 【直播间】23357926 的第 36 个心跳包发送成功
[01:16:47 INF] 【直播间】407149 的第 36 个心跳包发送成功
[01:16:49 INF] 【直播间】23040372 的第 36 个心跳包发送成功
[01:17:53 INF] 【直播间】23357926 的第 37 个心跳包发送成功
[01:17:54 INF] 【直播间】407149 的第 37 个心跳包发送成功
[01:17:55 INF] 【直播间】23040372 的第 37 个心跳包发送成功
[01:18:59 INF] 【直播间】23357926 的第 38 个心跳包发送成功
[01:19:01 INF] 【直播间】407149 的第 38 个心跳包发送成功
[01:19:02 INF] 【直播间】23040372 的第 38 个心跳包发送成功
[01:20:06 INF] 【直播间】23357926 的第 39 个心跳包发送成功
[01:20:07 INF] 【直播间】407149 的第 39 个心跳包发送成功
[01:20:08 INF] 【直播间】23040372 的第 39 个心跳包发送成功
[01:21:13 INF] 【直播间】23357926 的第 40 个心跳包发送成功
[01:21:14 INF] 【直播间】407149 的第 40 个心跳包发送成功
[01:21:15 INF] 【直播间】23040372 的第 40 个心跳包发送成功
[01:22:19 ERR] 【心跳包】直播间 23357926 发送失败
[01:22:19 ERR] 【原因】time check failed
[01:22:20 ERR] 【心跳包】直播间 407149 发送失败
[01:22:20 ERR] 【原因】time check failed
[01:22:22 ERR] 【心跳包】直播间 23040372 发送失败
[01:22:22 ERR] 【原因】time check failed
[01:23:26 INF] 【直播间】23357926 的第 41 个心跳包发送成功
[01:23:27 INF] 【直播间】407149 的第 41 个心跳包发送成功
[01:23:28 INF] 【直播间】23040372 的第 41 个心跳包发送成功
[01:24:32 INF] 【直播间】23357926 的第 42 个心跳包发送成功
[01:24:34 INF] 【直播间】407149 的第 42 个心跳包发送成功
[01:24:35 INF] 【直播间】23040372 的第 42 个心跳包发送成功
[01:25:39 INF] 【直播间】23357926 的第 43 个心跳包发送成功
[01:25:40 INF] 【直播间】407149 的第 43 个心跳包发送成功
[01:25:41 INF] 【直播间】23040372 的第 43 个心跳包发送成功
[01:26:46 INF] 【直播间】23357926 的第 44 个心跳包发送成功
[01:26:47 INF] 【直播间】407149 的第 44 个心跳包发送成功
[01:26:48 INF] 【直播间】23040372 的第 44 个心跳包发送成功
[01:27:52 INF] 【直播间】23357926 的第 45 个心跳包发送成功
[01:27:53 INF] 【直播间】407149 的第 45 个心跳包发送成功
[01:27:55 INF] 【直播间】23040372 的第 45 个心跳包发送成功
[01:28:59 INF] 【直播间】23357926 的第 46 个心跳包发送成功
[01:29:00 INF] 【直播间】407149 的第 46 个心跳包发送成功
[01:29:01 INF] 【直播间】23040372 的第 46 个心跳包发送成功
[01:30:05 INF] 【直播间】23357926 的第 47 个心跳包发送成功
[01:30:06 INF] 【直播间】407149 的第 47 个心跳包发送成功
[01:30:08 INF] 【直播间】23040372 的第 47 个心跳包发送成功
[01:31:12 INF] 【直播间】23357926 的第 48 个心跳包发送成功
[01:31:13 INF] 【直播间】407149 的第 48 个心跳包发送成功
[01:31:14 INF] 【直播间】23040372 的第 48 个心跳包发送成功
[01:32:18 INF] 【直播间】23357926 的第 49 个心跳包发送成功
[01:32:20 INF] 【直播间】407149 的第 49 个心跳包发送成功
[01:32:21 INF] 【直播间】23040372 的第 49 个心跳包发送成功
[01:33:25 INF] 【直播间】23357926 的第 50 个心跳包发送成功
[01:33:26 INF] 【直播间】407149 的第 50 个心跳包发送成功
[01:33:27 INF] 【直播间】23040372 的第 50 个心跳包发送成功
[01:34:31 INF] 【直播间】23357926 的第 51 个心跳包发送成功
[01:34:33 INF] 【直播间】407149 的第 51 个心跳包发送成功
[01:34:34 INF] 【直播间】23040372 的第 51 个心跳包发送成功
[01:35:38 INF] 【直播间】23357926 的第 52 个心跳包发送成功
[01:35:39 INF] 【直播间】407149 的第 52 个心跳包发送成功
[01:35:40 INF] 【直播间】23040372 的第 52 个心跳包发送成功
[01:36:45 INF] 【直播间】23357926 的第 53 个心跳包发送成功
[01:36:46 INF] 【直播间】407149 的第 53 个心跳包发送成功
[01:36:47 INF] 【直播间】23040372 的第 53 个心跳包发送成功
[01:37:51 ERR] 【心跳包】直播间 23357926 发送失败
[01:37:51 ERR] 【原因】time check failed
[01:37:53 ERR] 【心跳包】直播间 407149 发送失败
[01:37:53 ERR] 【原因】time check failed
[01:37:54 ERR] 【心跳包】直播间 23040372 发送失败
[01:37:54 ERR] 【原因】time check failed
[01:38:58 INF] 【直播间】23357926 的第 54 个心跳包发送成功
[01:38:59 INF] 【直播间】407149 的第 54 个心跳包发送成功
[01:39:00 INF] 【直播间】23040372 的第 54 个心跳包发送成功
[01:40:04 INF] 【直播间】23357926 的第 55 个心跳包发送成功
[01:40:05 INF] 【直播间】407149 的第 55 个心跳包发送成功
[01:40:07 INF] 【直播间】23040372 的第 55 个心跳包发送成功
[01:41:11 INF] 【直播间】23357926 的第 56 个心跳包发送成功
[01:41:12 INF] 【直播间】407149 的第 56 个心跳包发送成功
[01:41:13 INF] 【直播间】23040372 的第 56 个心跳包发送成功
[01:42:17 INF] 【直播间】23357926 的第 57 个心跳包发送成功
[01:42:19 INF] 【直播间】407149 的第 57 个心跳包发送成功
[01:42:20 INF] 【直播间】23040372 的第 57 个心跳包发送成功
[01:43:24 INF] 【直播间】23357926 的第 58 个心跳包发送成功
[01:43:25 INF] 【直播间】407149 的第 58 个心跳包发送成功
[01:43:27 INF] 【直播间】23040372 的第 58 个心跳包发送成功
[01:44:31 INF] 【直播间】23357926 的第 59 个心跳包发送成功
[01:44:32 INF] 【直播间】407149 的第 59 个心跳包发送成功
[01:44:33 INF] 【直播间】23040372 的第 59 个心跳包发送成功
[01:45:38 INF] 【直播间】23357926 的第 60 个心跳包发送成功
[01:45:39 INF] 【直播间】407149 的第 60 个心跳包发送成功
[01:45:40 INF] 【直播间】23040372 的第 60 个心跳包发送成功
[01:46:44 INF] 【直播间】23357926 的第 61 个心跳包发送成功
[01:46:46 INF] 【直播间】407149 的第 61 个心跳包发送成功
[01:46:47 INF] 【直播间】23040372 的第 61 个心跳包发送成功
[01:47:51 INF] 【直播间】23357926 的第 62 个心跳包发送成功
[01:47:52 INF] 【直播间】407149 的第 62 个心跳包发送成功
[01:47:53 INF] 【直播间】23040372 的第 62 个心跳包发送成功
[01:48:57 INF] 【直播间】23357926 的第 63 个心跳包发送成功
[01:48:58 INF] 【直播间】407149 的第 63 个心跳包发送成功
[01:48:59 INF] 【直播间】23040372 的第 63 个心跳包发送成功
[01:50:04 INF] 【直播间】23357926 的第 64 个心跳包发送成功
[01:50:05 INF] 【直播间】407149 的第 64 个心跳包发送成功
[01:50:06 INF] 【直播间】23040372 的第 64 个心跳包发送成功
[01:51:10 INF] 【直播间】23357926 的第 65 个心跳包发送成功
[01:51:12 INF] 【直播间】407149 的第 65 个心跳包发送成功
[01:51:13 INF] 【直播间】23040372 的第 65 个心跳包发送成功
[01:52:17 INF] 【直播间】23357926 的第 66 个心跳包发送成功
[01:52:18 INF] 【直播间】407149 的第 66 个心跳包发送成功
[01:52:19 INF] 【直播间】23040372 的第 66 个心跳包发送成功
[01:53:23 ERR] 【心跳包】直播间 23357926 发送失败
[01:53:23 ERR] 【原因】time check failed
[01:53:25 ERR] 【心跳包】直播间 407149 发送失败
[01:53:25 ERR] 【原因】time check failed
[01:53:26 ERR] 【心跳包】直播间 23040372 发送失败
[01:53:26 ERR] 【原因】time check failed
[01:54:30 INF] 【直播间】23357926 的第 67 个心跳包发送成功
[01:54:31 INF] 【直播间】407149 的第 67 个心跳包发送成功
[01:54:32 INF] 【直播间】23040372 的第 67 个心跳包发送成功
[01:55:36 INF] 【直播间】23357926 的第 68 个心跳包发送成功
[01:55:38 INF] 【直播间】407149 的第 68 个心跳包发送成功
[01:55:39 INF] 【直播间】23040372 的第 68 个心跳包发送成功
[01:56:43 INF] 【直播间】23357926 的第 69 个心跳包发送成功
[01:56:45 INF] 【直播间】407149 的第 69 个心跳包发送成功
[01:56:46 INF] 【直播间】23040372 的第 69 个心跳包发送成功
[01:57:50 INF] 【直播间】23357926 的第 70 个心跳包发送成功
[01:57:51 INF] 【直播间】407149 的第 70 个心跳包发送成功
[01:57:52 INF] 【直播间】23040372 的第 70 个心跳包发送成功
[01:57:52 INF] 【直播观看时长】完成情况：3/3 
[01:57:52 INF] ---------结束---------

[01:57:52 INF] ==========结束==========

[01:57:52 INF] ######### 账号 2 #########

[01:57:52 INF] =====开始 直播间互动 =====

[01:57:52 INF] ---开始 发送弹幕 ---
[01:57:52 INF] 检测到直播 Cookie 未正确配置，尝试自动配置中...
[01:57:56 INF] 直播 Cookie 配置成功！
[01:57:56 INF] 【获取直播列表】获取拥有粉丝牌的直播列表
[01:58:03 INF] 【主播】Mark陌枫 
[01:58:23 INF] 【主播】苏打baka 
[01:58:38 INF] 【主播】特别中二的q3君 
[01:58:53 INF] 【主播】陈抱一 
[01:59:12 INF] 【主播】贪玩的小毅 
[01:59:25 INF] 【主播】KL_qiqi_ 
[01:59:43 INF] 【主播】悠悠球琛总 
[02:00:02 INF] 【主播】记录生活的蛋黄派 
[02:00:16 INF] 【主播】脏小豆 
[02:00:33 INF] 【主播】新石器公园 
[02:00:49 INF] 【主播】FoFTG 
[02:01:07 INF] 【主播】李船长笔记 
[02:01:25 INF] 【直播间】Mark陌枫
[02:01:25 INF] 【粉丝牌】馬楓
[02:01:25 INF] 正在发送弹幕...
[02:01:31 INF] 【直播间】苏打baka
[02:01:31 INF] 【粉丝牌】碳酸钠
[02:01:31 INF] 正在发送弹幕...
[02:01:38 INF] 【直播间】特别中二的q3君
[02:01:38 INF] 【粉丝牌】q3GG
[02:01:38 INF] 正在发送弹幕...
[02:01:42 INF] 【弹幕发送】成功~，你和主播 Mark陌枫 的亲密值增加了100！
[02:01:44 INF] 【直播间】陈抱一
[02:01:44 INF] 【粉丝牌】陈抱一
[02:01:44 INF] 正在发送弹幕...
[02:01:45 INF] 【弹幕发送】成功~，你和主播 苏打baka 的亲密值增加了100！
[02:01:47 INF] 【直播间】贪玩的小毅
[02:01:47 INF] 【粉丝牌】大大毅
[02:01:47 INF] 正在发送弹幕...
[02:01:51 INF] 【直播间】KL_qiqi_
[02:01:51 INF] 【粉丝牌】qiqisb
[02:01:51 INF] 正在发送弹幕...
[02:01:56 INF] 【直播间】悠悠球琛总
[02:01:56 INF] 【粉丝牌】i琛
[02:01:56 INF] 正在发送弹幕...
[02:01:57 INF] 【弹幕发送】成功~，你和主播 特别中二的q3君 的亲密值增加了100！
[02:01:58 INF] 【弹幕发送】成功~，你和主播 陈抱一 的亲密值增加了100！
[02:02:01 INF] 【直播间】记录生活的蛋黄派
[02:02:01 INF] 【粉丝牌】派派派
[02:02:01 INF] 正在发送弹幕...
[02:02:03 INF] 【弹幕发送】成功~，你和主播 贪玩的小毅 的亲密值增加了100！
[02:02:04 INF] 【弹幕发送】成功~，你和主播 KL_qiqi_ 的亲密值增加了100！
[02:02:08 INF] 【直播间】脏小豆
[02:02:08 INF] 【粉丝牌】豆豆浆
[02:02:08 INF] 正在发送弹幕...
[02:02:15 INF] 【弹幕发送】成功~，你和主播 悠悠球琛总 的亲密值增加了100！
[02:02:15 INF] 【直播间】新石器公园
[02:02:15 INF] 【粉丝牌】东园主
[02:02:15 INF] 正在发送弹幕...
[02:02:20 INF] 【弹幕发送】成功~，你和主播 记录生活的蛋黄派 的亲密值增加了100！
[02:02:22 INF] 【直播间】FoFTG
[02:02:22 INF] 【粉丝牌】FOFTG
[02:02:22 INF] 正在发送弹幕...
[02:02:27 INF] 【直播间】李船长笔记
[02:02:27 INF] 【粉丝牌】航海仕
[02:02:27 INF] 正在发送弹幕...
[02:02:29 INF] 【弹幕发送】成功~，你和主播 脏小豆 的亲密值增加了100！
[02:02:31 INF] -------结束-------

[02:02:31 INF] ---开始 点赞直播间 ---
[02:02:31 INF] 【获取直播列表】获取拥有粉丝牌的直播列表
[02:02:33 INF] 【弹幕发送】成功~，你和主播 新石器公园 的亲密值增加了100！
[02:02:35 INF] 【弹幕发送】成功~，你和主播 FoFTG 的亲密值增加了100！
[02:02:37 INF] 【主播】Mark陌枫 
[02:02:40 INF] 【弹幕发送】成功~，你和主播 李船长笔记 的亲密值增加了100！
[02:02:52 INF] 【主播】苏打baka 
[02:03:12 INF] 【主播】特别中二的q3君 
[02:03:26 INF] 【主播】陈抱一 
[02:03:41 INF] 【主播】贪玩的小毅 
[02:04:00 INF] 【主播】KL_qiqi_ 
[02:04:14 INF] 【主播】悠悠球琛总 
[02:04:30 INF] 【主播】记录生活的蛋黄派 
[02:04:49 INF] 【主播】脏小豆 
[02:05:04 INF] 【主播】新石器公园 
[02:05:20 INF] 【主播】FoFTG 
[02:05:36 INF] 【主播】李船长笔记 
[02:05:56 INF] 【点赞直播间】23357926 完成
[02:06:00 INF] 【点赞直播间】23040372 完成
[02:06:07 INF] 【点赞直播间】31494 完成
[02:06:14 INF] 【点赞直播间】4015781 完成
[02:06:21 INF] 【点赞直播间】9619073 完成
[02:06:24 INF] 【点赞直播间】407149 完成
[02:06:29 INF] 【点赞直播间】7184632 完成
[02:06:33 INF] 【点赞直播间】11732699 完成
[02:06:37 INF] 【点赞直播间】929670 完成
[02:06:41 INF] 【点赞直播间】23447660 完成
[02:06:47 INF] 【点赞直播间】91164 完成
[02:06:50 INF] --------结束--------

[02:06:50 INF] ---开始 直播时长挂机 ---
[02:06:50 INF] 【获取直播列表】获取拥有粉丝牌的直播列表
[02:06:50 INF] 【点赞直播间】22764265 完成
[02:06:55 INF] 【主播】Mark陌枫 
[02:07:15 INF] 【主播】苏打baka 
[02:07:32 INF] 【主播】特别中二的q3君 
[02:07:42 INF] 【主播】陈抱一 
[02:08:01 INF] 【主播】贪玩的小毅 
[02:08:18 INF] 【主播】KL_qiqi_ 
[02:08:37 INF] 【主播】悠悠球琛总 
[02:08:55 INF] 【主播】记录生活的蛋黄派 
[02:09:13 INF] 【主播】脏小豆 
[02:09:33 INF] 【主播】新石器公园 
[02:09:49 INF] 【主播】FoFTG 
[02:10:06 INF] 【主播】李船长笔记 
[02:10:27 INF] 【直播间】23357926 的第 1 个心跳包发送成功
[02:10:28 INF] 【直播间】23040372 的第 1 个心跳包发送成功
[02:10:29 INF] 【直播间】31494 的第 1 个心跳包发送成功
[02:10:30 INF] 【直播间】4015781 的第 1 个心跳包发送成功
[02:10:32 INF] 【直播间】9619073 的第 1 个心跳包发送成功
[02:10:33 INF] 【直播间】407149 的第 1 个心跳包发送成功
[02:10:34 INF] 【直播间】7184632 的第 1 个心跳包发送成功
[02:10:35 INF] 【直播间】11732699 的第 1 个心跳包发送成功
[02:10:37 INF] 【直播间】929670 的第 1 个心跳包发送成功
[02:10:38 INF] 【直播间】23447660 的第 1 个心跳包发送成功
[02:10:39 INF] 【直播间】91164 的第 1 个心跳包发送成功
[02:10:40 INF] 【直播间】22764265 的第 1 个心跳包发送成功
[02:11:34 INF] 【直播间】23357926 的第 2 个心跳包发送成功
[02:11:35 INF] 【直播间】23040372 的第 2 个心跳包发送成功
[02:11:36 INF] 【直播间】31494 的第 2 个心跳包发送成功
[02:11:37 INF] 【直播间】4015781 的第 2 个心跳包发送成功
[02:11:39 INF] 【直播间】9619073 的第 2 个心跳包发送成功
[02:11:40 INF] 【直播间】407149 的第 2 个心跳包发送成功
[02:11:41 INF] 【直播间】7184632 的第 2 个心跳包发送成功
[02:11:42 INF] 【直播间】11732699 的第 2 个心跳包发送成功
[02:11:44 INF] 【直播间】929670 的第 2 个心跳包发送成功
[02:11:45 INF] 【直播间】23447660 的第 2 个心跳包发送成功
[02:11:46 INF] 【直播间】91164 的第 2 个心跳包发送成功
[02:11:47 INF] 【直播间】22764265 的第 2 个心跳包发送成功
[02:12:40 INF] 【直播间】23357926 的第 3 个心跳包发送成功
[02:12:41 INF] 【直播间】23040372 的第 3 个心跳包发送成功
[02:12:43 INF] 【直播间】31494 的第 3 个心跳包发送成功
[02:12:44 INF] 【直播间】4015781 的第 3 个心跳包发送成功
[02:12:45 INF] 【直播间】9619073 的第 3 个心跳包发送成功
[02:12:46 INF] 【直播间】407149 的第 3 个心跳包发送成功
[02:12:48 INF] 【直播间】7184632 的第 3 个心跳包发送成功
[02:12:49 INF] 【直播间】11732699 的第 3 个心跳包发送成功
[02:12:50 INF] 【直播间】929670 的第 3 个心跳包发送成功
[02:12:51 INF] 【直播间】23447660 的第 3 个心跳包发送成功
[02:12:53 INF] 【直播间】91164 的第 3 个心跳包发送成功
[02:12:54 INF] 【直播间】22764265 的第 3 个心跳包发送成功
[02:13:47 INF] 【直播间】23357926 的第 4 个心跳包发送成功
[02:13:48 INF] 【直播间】23040372 的第 4 个心跳包发送成功
[02:13:49 INF] 【直播间】31494 的第 4 个心跳包发送成功
[02:13:50 INF] 【直播间】4015781 的第 4 个心跳包发送成功
[02:13:52 INF] 【直播间】9619073 的第 4 个心跳包发送成功
[02:13:53 INF] 【直播间】407149 的第 4 个心跳包发送成功
[02:13:54 INF] 【直播间】7184632 的第 4 个心跳包发送成功
[02:13:55 INF] 【直播间】11732699 的第 4 个心跳包发送成功
[02:13:57 INF] 【直播间】929670 的第 4 个心跳包发送成功
[02:13:58 INF] 【直播间】23447660 的第 4 个心跳包发送成功
[02:13:59 INF] 【直播间】91164 的第 4 个心跳包发送成功
[02:14:01 INF] 【直播间】22764265 的第 4 个心跳包发送成功
[02:14:53 INF] 【直播间】23357926 的第 5 个心跳包发送成功
[02:14:54 INF] 【直播间】23040372 的第 5 个心跳包发送成功
[02:14:56 INF] 【直播间】31494 的第 5 个心跳包发送成功
[02:14:57 INF] 【直播间】4015781 的第 5 个心跳包发送成功
[02:14:58 INF] 【直播间】9619073 的第 5 个心跳包发送成功
[02:14:59 INF] 【直播间】407149 的第 5 个心跳包发送成功
[02:15:01 INF] 【直播间】7184632 的第 5 个心跳包发送成功
[02:15:02 INF] 【直播间】11732699 的第 5 个心跳包发送成功
[02:15:03 INF] 【直播间】929670 的第 5 个心跳包发送成功
[02:15:04 INF] 【直播间】23447660 的第 5 个心跳包发送成功
[02:15:06 INF] 【直播间】91164 的第 5 个心跳包发送成功
[02:15:07 INF] 【直播间】22764265 的第 5 个心跳包发送成功
[02:16:00 INF] 【直播间】23357926 的第 6 个心跳包发送成功
[02:16:01 INF] 【直播间】23040372 的第 6 个心跳包发送成功
[02:16:02 INF] 【直播间】31494 的第 6 个心跳包发送成功
[02:16:04 INF] 【直播间】4015781 的第 6 个心跳包发送成功
[02:16:05 INF] 【直播间】9619073 的第 6 个心跳包发送成功
[02:16:06 INF] 【直播间】407149 的第 6 个心跳包发送成功
[02:16:07 INF] 【直播间】7184632 的第 6 个心跳包发送成功
[02:16:09 INF] 【直播间】11732699 的第 6 个心跳包发送成功
[02:16:10 INF] 【直播间】929670 的第 6 个心跳包发送成功
[02:16:11 INF] 【直播间】23447660 的第 6 个心跳包发送成功
[02:16:12 INF] 【直播间】91164 的第 6 个心跳包发送成功
[02:16:14 INF] 【直播间】22764265 的第 6 个心跳包发送成功
[02:17:06 INF] 【直播间】23357926 的第 7 个心跳包发送成功
[02:17:08 INF] 【直播间】23040372 的第 7 个心跳包发送成功
[02:17:09 INF] 【直播间】31494 的第 7 个心跳包发送成功
[02:17:10 INF] 【直播间】4015781 的第 7 个心跳包发送成功
[02:17:11 INF] 【直播间】9619073 的第 7 个心跳包发送成功
[02:17:13 INF] 【直播间】407149 的第 7 个心跳包发送成功
[02:17:14 INF] 【直播间】7184632 的第 7 个心跳包发送成功
[02:17:15 INF] 【直播间】11732699 的第 7 个心跳包发送成功
[02:17:16 INF] 【直播间】929670 的第 7 个心跳包发送成功
[02:17:18 INF] 【直播间】23447660 的第 7 个心跳包发送成功
[02:17:19 INF] 【直播间】91164 的第 7 个心跳包发送成功
[02:17:20 INF] 【直播间】22764265 的第 7 个心跳包发送成功
[02:18:13 INF] 【直播间】23357926 的第 8 个心跳包发送成功
[02:18:14 INF] 【直播间】23040372 的第 8 个心跳包发送成功
[02:18:15 INF] 【直播间】31494 的第 8 个心跳包发送成功
[02:18:17 INF] 【直播间】4015781 的第 8 个心跳包发送成功
[02:18:18 INF] 【直播间】9619073 的第 8 个心跳包发送成功
[02:18:19 INF] 【直播间】407149 的第 8 个心跳包发送成功
[02:18:21 INF] 【直播间】7184632 的第 8 个心跳包发送成功
[02:18:22 INF] 【直播间】11732699 的第 8 个心跳包发送成功
[02:18:23 INF] 【直播间】929670 的第 8 个心跳包发送成功
[02:18:25 INF] 【直播间】23447660 的第 8 个心跳包发送成功
[02:18:26 INF] 【直播间】91164 的第 8 个心跳包发送成功
[02:18:27 INF] 【直播间】22764265 的第 8 个心跳包发送成功
[02:19:19 INF] 【直播间】23357926 的第 9 个心跳包发送成功
[02:19:21 INF] 【直播间】23040372 的第 9 个心跳包发送成功
[02:19:22 INF] 【直播间】31494 的第 9 个心跳包发送成功
[02:19:23 INF] 【直播间】4015781 的第 9 个心跳包发送成功
[02:19:24 INF] 【直播间】9619073 的第 9 个心跳包发送成功
[02:19:26 INF] 【直播间】407149 的第 9 个心跳包发送成功
[02:19:27 INF] 【直播间】7184632 的第 9 个心跳包发送成功
[02:19:28 INF] 【直播间】11732699 的第 9 个心跳包发送成功
[02:19:30 INF] 【直播间】929670 的第 9 个心跳包发送成功
[02:19:31 INF] 【直播间】23447660 的第 9 个心跳包发送成功
[02:19:32 INF] 【直播间】91164 的第 9 个心跳包发送成功
[02:19:33 INF] 【直播间】22764265 的第 9 个心跳包发送成功
[02:20:26 INF] 【直播间】23357926 的第 10 个心跳包发送成功
[02:20:27 INF] 【直播间】23040372 的第 10 个心跳包发送成功
[02:20:28 INF] 【直播间】31494 的第 10 个心跳包发送成功
[02:20:30 INF] 【直播间】4015781 的第 10 个心跳包发送成功
[02:20:31 INF] 【直播间】9619073 的第 10 个心跳包发送成功
[02:20:32 INF] 【直播间】407149 的第 10 个心跳包发送成功
[02:20:33 INF] 【直播间】7184632 的第 10 个心跳包发送成功
[02:20:35 INF] 【直播间】11732699 的第 10 个心跳包发送成功
[02:20:36 INF] 【直播间】929670 的第 10 个心跳包发送成功
[02:20:37 INF] 【直播间】23447660 的第 10 个心跳包发送成功
[02:20:38 INF] 【直播间】91164 的第 10 个心跳包发送成功
[02:20:40 INF] 【直播间】22764265 的第 10 个心跳包发送成功
[02:21:33 INF] 【直播间】23357926 的第 11 个心跳包发送成功
[02:21:34 INF] 【直播间】23040372 的第 11 个心跳包发送成功
[02:21:35 INF] 【直播间】31494 的第 11 个心跳包发送成功
[02:21:36 INF] 【直播间】4015781 的第 11 个心跳包发送成功
[02:21:38 INF] 【直播间】9619073 的第 11 个心跳包发送成功
[02:21:39 INF] 【直播间】407149 的第 11 个心跳包发送成功
[02:21:40 INF] 【直播间】7184632 的第 11 个心跳包发送成功
[02:21:41 INF] 【直播间】11732699 的第 11 个心跳包发送成功
[02:21:43 INF] 【直播间】929670 的第 11 个心跳包发送成功
[02:21:44 INF] 【直播间】23447660 的第 11 个心跳包发送成功
[02:21:45 INF] 【直播间】91164 的第 11 个心跳包发送成功
[02:21:47 INF] 【直播间】22764265 的第 11 个心跳包发送成功
[02:22:39 INF] 【直播间】23357926 的第 12 个心跳包发送成功
[02:22:41 INF] 【直播间】23040372 的第 12 个心跳包发送成功
[02:22:42 INF] 【直播间】31494 的第 12 个心跳包发送成功
[02:22:43 INF] 【直播间】4015781 的第 12 个心跳包发送成功
[02:22:44 INF] 【直播间】9619073 的第 12 个心跳包发送成功
[02:22:46 INF] 【直播间】407149 的第 12 个心跳包发送成功
[02:22:47 INF] 【直播间】7184632 的第 12 个心跳包发送成功
[02:22:48 INF] 【直播间】11732699 的第 12 个心跳包发送成功
[02:22:49 INF] 【直播间】929670 的第 12 个心跳包发送成功
[02:22:51 INF] 【直播间】23447660 的第 12 个心跳包发送成功
[02:22:52 INF] 【直播间】91164 的第 12 个心跳包发送成功
[02:22:53 INF] 【直播间】22764265 的第 12 个心跳包发送成功
[02:23:46 INF] 【直播间】23357926 的第 13 个心跳包发送成功
[02:23:47 INF] 【直播间】23040372 的第 13 个心跳包发送成功
[02:23:49 INF] 【直播间】31494 的第 13 个心跳包发送成功
[02:23:50 INF] 【直播间】4015781 的第 13 个心跳包发送成功
[02:23:51 INF] 【直播间】9619073 的第 13 个心跳包发送成功
[02:23:52 INF] 【直播间】407149 的第 13 个心跳包发送成功
[02:23:54 INF] 【直播间】7184632 的第 13 个心跳包发送成功
[02:23:55 INF] 【直播间】11732699 的第 13 个心跳包发送成功
[02:23:56 INF] 【直播间】929670 的第 13 个心跳包发送成功
[02:23:57 INF] 【直播间】23447660 的第 13 个心跳包发送成功
[02:23:59 INF] 【直播间】91164 的第 13 个心跳包发送成功
[02:24:00 INF] 【直播间】22764265 的第 13 个心跳包发送成功
[02:24:53 INF] 【直播间】23357926 的第 14 个心跳包发送成功
[02:24:54 INF] 【直播间】23040372 的第 14 个心跳包发送成功
[02:24:55 INF] 【直播间】31494 的第 14 个心跳包发送成功
[02:24:57 INF] 【直播间】4015781 的第 14 个心跳包发送成功
[02:24:58 INF] 【直播间】9619073 的第 14 个心跳包发送成功
[02:24:59 INF] 【直播间】407149 的第 14 个心跳包发送成功
[02:25:00 INF] 【直播间】7184632 的第 14 个心跳包发送成功
[02:25:02 INF] 【直播间】11732699 的第 14 个心跳包发送成功
[02:25:03 INF] 【直播间】929670 的第 14 个心跳包发送成功
[02:25:04 INF] 【直播间】23447660 的第 14 个心跳包发送成功
[02:25:06 INF] 【直播间】91164 的第 14 个心跳包发送成功
[02:25:07 INF] 【直播间】22764265 的第 14 个心跳包发送成功
[02:25:59 ERR] 【心跳包】直播间 23357926 发送失败
[02:25:59 ERR] 【原因】time check failed
[02:26:00 ERR] 【心跳包】直播间 23040372 发送失败
[02:26:00 ERR] 【原因】time check failed
[02:26:02 ERR] 【心跳包】直播间 31494 发送失败
[02:26:02 ERR] 【原因】time check failed
[02:26:03 ERR] 【心跳包】直播间 4015781 发送失败
[02:26:03 ERR] 【原因】time check failed
[02:26:04 ERR] 【心跳包】直播间 9619073 发送失败
[02:26:04 ERR] 【原因】time check failed
[02:26:06 ERR] 【心跳包】直播间 407149 发送失败
[02:26:06 ERR] 【原因】time check failed
[02:26:07 ERR] 【心跳包】直播间 7184632 发送失败
[02:26:07 ERR] 【原因】time check failed
[02:26:08 ERR] 【心跳包】直播间 11732699 发送失败
[02:26:08 ERR] 【原因】time check failed
[02:26:10 ERR] 【心跳包】直播间 929670 发送失败
[02:26:10 ERR] 【原因】time check failed
[02:26:11 ERR] 【心跳包】直播间 23447660 发送失败
[02:26:11 ERR] 【原因】time check failed
[02:26:12 ERR] 【心跳包】直播间 91164 发送失败
[02:26:12 ERR] 【原因】time check failed
[02:26:14 ERR] 【心跳包】直播间 22764265 发送失败
[02:26:14 ERR] 【原因】time check failed
[02:27:06 INF] 【直播间】23357926 的第 15 个心跳包发送成功
[02:27:07 INF] 【直播间】23040372 的第 15 个心跳包发送成功
[02:27:09 INF] 【直播间】31494 的第 15 个心跳包发送成功
[02:27:10 INF] 【直播间】4015781 的第 15 个心跳包发送成功
[02:27:11 INF] 【直播间】9619073 的第 15 个心跳包发送成功
[02:27:13 INF] 【直播间】407149 的第 15 个心跳包发送成功
[02:27:14 INF] 【直播间】7184632 的第 15 个心跳包发送成功
[02:27:15 INF] 【直播间】11732699 的第 15 个心跳包发送成功
[02:27:16 INF] 【直播间】929670 的第 15 个心跳包发送成功
[02:27:18 INF] 【直播间】23447660 的第 15 个心跳包发送成功
[02:27:19 INF] 【直播间】91164 的第 15 个心跳包发送成功
[02:27:20 INF] 【直播间】22764265 的第 15 个心跳包发送成功
[02:28:12 INF] 【直播间】23357926 的第 16 个心跳包发送成功
[02:28:14 INF] 【直播间】23040372 的第 16 个心跳包发送成功
[02:28:15 INF] 【直播间】31494 的第 16 个心跳包发送成功
[02:28:16 INF] 【直播间】4015781 的第 16 个心跳包发送成功
[02:28:18 INF] 【直播间】9619073 的第 16 个心跳包发送成功
[02:28:19 INF] 【直播间】407149 的第 16 个心跳包发送成功
[02:28:20 INF] 【直播间】7184632 的第 16 个心跳包发送成功
[02:28:21 INF] 【直播间】11732699 的第 16 个心跳包发送成功
[02:28:23 INF] 【直播间】929670 的第 16 个心跳包发送成功
[02:28:24 INF] 【直播间】23447660 的第 16 个心跳包发送成功
[02:28:25 INF] 【直播间】91164 的第 16 个心跳包发送成功
[02:28:26 INF] 【直播间】22764265 的第 16 个心跳包发送成功
[02:29:19 INF] 【直播间】23357926 的第 17 个心跳包发送成功
[02:29:20 INF] 【直播间】23040372 的第 17 个心跳包发送成功
[02:29:22 INF] 【直播间】31494 的第 17 个心跳包发送成功
[02:29:23 INF] 【直播间】4015781 的第 17 个心跳包发送成功
[02:29:24 INF] 【直播间】9619073 的第 17 个心跳包发送成功
[02:29:25 INF] 【直播间】407149 的第 17 个心跳包发送成功
[02:29:27 INF] 【直播间】7184632 的第 17 个心跳包发送成功
[02:29:28 INF] 【直播间】11732699 的第 17 个心跳包发送成功
[02:29:29 INF] 【直播间】929670 的第 17 个心跳包发送成功
[02:29:30 INF] 【直播间】23447660 的第 17 个心跳包发送成功
[02:29:32 INF] 【直播间】91164 的第 17 个心跳包发送成功
[02:29:33 INF] 【直播间】22764265 的第 17 个心跳包发送成功
[02:30:26 INF] 【直播间】23357926 的第 18 个心跳包发送成功
[02:30:27 INF] 【直播间】23040372 的第 18 个心跳包发送成功
[02:30:28 INF] 【直播间】31494 的第 18 个心跳包发送成功
[02:30:29 INF] 【直播间】4015781 的第 18 个心跳包发送成功
[02:30:31 INF] 【直播间】9619073 的第 18 个心跳包发送成功
[02:30:32 INF] 【直播间】407149 的第 18 个心跳包发送成功
[02:30:33 INF] 【直播间】7184632 的第 18 个心跳包发送成功
[02:30:34 INF] 【直播间】11732699 的第 18 个心跳包发送成功
[02:30:36 INF] 【直播间】929670 的第 18 个心跳包发送成功
[02:30:37 INF] 【直播间】23447660 的第 18 个心跳包发送成功
[02:30:38 INF] 【直播间】91164 的第 18 个心跳包发送成功
[02:30:39 INF] 【直播间】22764265 的第 18 个心跳包发送成功
[02:31:32 INF] 【直播间】23357926 的第 19 个心跳包发送成功
[02:31:33 INF] 【直播间】23040372 的第 19 个心跳包发送成功
[02:31:35 INF] 【直播间】31494 的第 19 个心跳包发送成功
[02:31:36 INF] 【直播间】4015781 的第 19 个心跳包发送成功
[02:31:37 INF] 【直播间】9619073 的第 19 个心跳包发送成功
[02:31:38 INF] 【直播间】407149 的第 19 个心跳包发送成功
[02:31:40 INF] 【直播间】7184632 的第 19 个心跳包发送成功
[02:31:41 INF] 【直播间】11732699 的第 19 个心跳包发送成功
[02:31:42 INF] 【直播间】929670 的第 19 个心跳包发送成功
[02:31:43 INF] 【直播间】23447660 的第 19 个心跳包发送成功
[02:31:45 INF] 【直播间】91164 的第 19 个心跳包发送成功
[02:31:46 INF] 【直播间】22764265 的第 19 个心跳包发送成功
[02:32:39 INF] 【直播间】23357926 的第 20 个心跳包发送成功
[02:32:40 INF] 【直播间】23040372 的第 20 个心跳包发送成功
[02:32:41 INF] 【直播间】31494 的第 20 个心跳包发送成功
[02:32:43 INF] 【直播间】4015781 的第 20 个心跳包发送成功
[02:32:44 INF] 【直播间】9619073 的第 20 个心跳包发送成功
[02:32:45 INF] 【直播间】407149 的第 20 个心跳包发送成功
[02:32:46 INF] 【直播间】7184632 的第 20 个心跳包发送成功
[02:32:48 INF] 【直播间】11732699 的第 20 个心跳包发送成功
[02:32:49 INF] 【直播间】929670 的第 20 个心跳包发送成功
[02:32:50 INF] 【直播间】23447660 的第 20 个心跳包发送成功
[02:32:51 INF] 【直播间】91164 的第 20 个心跳包发送成功
[02:32:53 INF] 【直播间】22764265 的第 20 个心跳包发送成功
[02:33:45 INF] 【直播间】23357926 的第 21 个心跳包发送成功
[02:33:46 INF] 【直播间】23040372 的第 21 个心跳包发送成功
[02:33:48 INF] 【直播间】31494 的第 21 个心跳包发送成功
[02:33:49 INF] 【直播间】4015781 的第 21 个心跳包发送成功
[02:33:50 INF] 【直播间】9619073 的第 21 个心跳包发送成功
[02:33:51 INF] 【直播间】407149 的第 21 个心跳包发送成功
[02:33:53 INF] 【直播间】7184632 的第 21 个心跳包发送成功
[02:33:54 INF] 【直播间】11732699 的第 21 个心跳包发送成功
[02:33:55 INF] 【直播间】929670 的第 21 个心跳包发送成功
[02:33:56 INF] 【直播间】23447660 的第 21 个心跳包发送成功
[02:33:58 INF] 【直播间】91164 的第 21 个心跳包发送成功
[02:33:59 INF] 【直播间】22764265 的第 21 个心跳包发送成功
[02:34:52 INF] 【直播间】23357926 的第 22 个心跳包发送成功
[02:34:53 INF] 【直播间】23040372 的第 22 个心跳包发送成功
[02:34:54 INF] 【直播间】31494 的第 22 个心跳包发送成功
[02:34:56 INF] 【直播间】4015781 的第 22 个心跳包发送成功
[02:34:57 INF] 【直播间】9619073 的第 22 个心跳包发送成功
[02:34:58 INF] 【直播间】407149 的第 22 个心跳包发送成功
[02:34:59 INF] 【直播间】7184632 的第 22 个心跳包发送成功
[02:35:01 INF] 【直播间】11732699 的第 22 个心跳包发送成功
[02:35:02 INF] 【直播间】929670 的第 22 个心跳包发送成功
[02:35:03 INF] 【直播间】23447660 的第 22 个心跳包发送成功
[02:35:04 INF] 【直播间】91164 的第 22 个心跳包发送成功
[02:35:06 INF] 【直播间】22764265 的第 22 个心跳包发送成功
[02:35:58 INF] 【直播间】23357926 的第 23 个心跳包发送成功
[02:36:00 INF] 【直播间】23040372 的第 23 个心跳包发送成功
[02:36:01 INF] 【直播间】31494 的第 23 个心跳包发送成功
[02:36:02 INF] 【直播间】4015781 的第 23 个心跳包发送成功
[02:36:03 INF] 【直播间】9619073 的第 23 个心跳包发送成功
[02:36:05 INF] 【直播间】407149 的第 23 个心跳包发送成功
[02:36:06 INF] 【直播间】7184632 的第 23 个心跳包发送成功
[02:36:07 INF] 【直播间】11732699 的第 23 个心跳包发送成功
[02:36:08 INF] 【直播间】929670 的第 23 个心跳包发送成功
[02:36:10 INF] 【直播间】23447660 的第 23 个心跳包发送成功
[02:36:11 INF] 【直播间】91164 的第 23 个心跳包发送成功
[02:36:12 INF] 【直播间】22764265 的第 23 个心跳包发送成功
[02:37:05 INF] 【直播间】23357926 的第 24 个心跳包发送成功
[02:37:06 INF] 【直播间】23040372 的第 24 个心跳包发送成功
[02:37:07 INF] 【直播间】31494 的第 24 个心跳包发送成功
[02:37:09 INF] 【直播间】4015781 的第 24 个心跳包发送成功
[02:37:10 INF] 【直播间】9619073 的第 24 个心跳包发送成功
[02:37:11 INF] 【直播间】407149 的第 24 个心跳包发送成功
[02:37:12 INF] 【直播间】7184632 的第 24 个心跳包发送成功
[02:37:14 INF] 【直播间】11732699 的第 24 个心跳包发送成功
[02:37:15 INF] 【直播间】929670 的第 24 个心跳包发送成功
[02:37:16 INF] 【直播间】23447660 的第 24 个心跳包发送成功
[02:37:18 INF] 【直播间】91164 的第 24 个心跳包发送成功
[02:37:19 INF] 【直播间】22764265 的第 24 个心跳包发送成功
[02:38:12 INF] 【直播间】23357926 的第 25 个心跳包发送成功
[02:38:13 INF] 【直播间】23040372 的第 25 个心跳包发送成功
[02:38:14 INF] 【直播间】31494 的第 25 个心跳包发送成功
[02:38:16 INF] 【直播间】4015781 的第 25 个心跳包发送成功
[02:38:17 INF] 【直播间】9619073 的第 25 个心跳包发送成功
[02:38:18 INF] 【直播间】407149 的第 25 个心跳包发送成功
[02:38:20 INF] 【直播间】7184632 的第 25 个心跳包发送成功
[02:38:21 INF] 【直播间】11732699 的第 25 个心跳包发送成功
[02:38:22 INF] 【直播间】929670 的第 25 个心跳包发送成功
[02:38:23 INF] 【直播间】23447660 的第 25 个心跳包发送成功
[02:38:25 INF] 【直播间】91164 的第 25 个心跳包发送成功
[02:38:26 INF] 【直播间】22764265 的第 25 个心跳包发送成功
[02:39:18 INF] 【直播间】23357926 的第 26 个心跳包发送成功
[02:39:20 INF] 【直播间】23040372 的第 26 个心跳包发送成功
[02:39:21 INF] 【直播间】31494 的第 26 个心跳包发送成功
[02:39:22 INF] 【直播间】4015781 的第 26 个心跳包发送成功
[02:39:23 INF] 【直播间】9619073 的第 26 个心跳包发送成功
[02:39:25 INF] 【直播间】407149 的第 26 个心跳包发送成功
[02:39:26 INF] 【直播间】7184632 的第 26 个心跳包发送成功
[02:39:27 INF] 【直播间】11732699 的第 26 个心跳包发送成功
[02:39:29 INF] 【直播间】929670 的第 26 个心跳包发送成功
[02:39:30 INF] 【直播间】23447660 的第 26 个心跳包发送成功
[02:39:31 INF] 【直播间】91164 的第 26 个心跳包发送成功
[02:39:32 INF] 【直播间】22764265 的第 26 个心跳包发送成功
[02:40:25 INF] 【直播间】23357926 的第 27 个心跳包发送成功
[02:40:26 INF] 【直播间】23040372 的第 27 个心跳包发送成功
[02:40:27 INF] 【直播间】31494 的第 27 个心跳包发送成功
[02:40:29 INF] 【直播间】4015781 的第 27 个心跳包发送成功
[02:40:30 INF] 【直播间】9619073 的第 27 个心跳包发送成功
[02:40:31 INF] 【直播间】407149 的第 27 个心跳包发送成功
[02:40:33 INF] 【直播间】7184632 的第 27 个心跳包发送成功
[02:40:34 INF] 【直播间】11732699 的第 27 个心跳包发送成功
[02:40:35 INF] 【直播间】929670 的第 27 个心跳包发送成功
[02:40:36 INF] 【直播间】23447660 的第 27 个心跳包发送成功
[02:40:38 INF] 【直播间】91164 的第 27 个心跳包发送成功
[02:40:39 INF] 【直播间】22764265 的第 27 个心跳包发送成功
[02:41:32 ERR] 【心跳包】直播间 23357926 发送失败
[02:41:32 ERR] 【原因】time check failed
[02:41:33 ERR] 【心跳包】直播间 23040372 发送失败
[02:41:33 ERR] 【原因】time check failed
[02:41:34 ERR] 【心跳包】直播间 31494 发送失败
[02:41:34 ERR] 【原因】time check failed
[02:41:35 ERR] 【心跳包】直播间 4015781 发送失败
[02:41:35 ERR] 【原因】time check failed
[02:41:37 ERR] 【心跳包】直播间 9619073 发送失败
[02:41:37 ERR] 【原因】time check failed
[02:41:38 ERR] 【心跳包】直播间 407149 发送失败
[02:41:38 ERR] 【原因】time check failed
[02:41:39 ERR] 【心跳包】直播间 7184632 发送失败
[02:41:39 ERR] 【原因】time check failed
[02:41:40 ERR] 【心跳包】直播间 11732699 发送失败
[02:41:40 ERR] 【原因】time check failed
[02:41:42 ERR] 【心跳包】直播间 929670 发送失败
[02:41:42 ERR] 【原因】time check failed
[02:41:43 ERR] 【心跳包】直播间 23447660 发送失败
[02:41:43 ERR] 【原因】time check failed
[02:41:44 ERR] 【心跳包】直播间 91164 发送失败
[02:41:44 ERR] 【原因】time check failed
[02:41:46 ERR] 【心跳包】直播间 22764265 发送失败
[02:41:46 ERR] 【原因】time check failed
[02:42:38 INF] 【直播间】23357926 的第 28 个心跳包发送成功
[02:42:39 INF] 【直播间】23040372 的第 28 个心跳包发送成功
[02:42:41 INF] 【直播间】31494 的第 28 个心跳包发送成功
[02:42:42 INF] 【直播间】4015781 的第 28 个心跳包发送成功
[02:42:43 INF] 【直播间】9619073 的第 28 个心跳包发送成功
[02:42:44 INF] 【直播间】407149 的第 28 个心跳包发送成功
[02:42:46 INF] 【直播间】7184632 的第 28 个心跳包发送成功
[02:42:47 INF] 【直播间】11732699 的第 28 个心跳包发送成功
[02:42:48 INF] 【直播间】929670 的第 28 个心跳包发送成功
[02:42:49 INF] 【直播间】23447660 的第 28 个心跳包发送成功
[02:42:51 INF] 【直播间】91164 的第 28 个心跳包发送成功
[02:42:52 INF] 【直播间】22764265 的第 28 个心跳包发送成功
[02:43:45 INF] 【直播间】23357926 的第 29 个心跳包发送成功
[02:43:46 INF] 【直播间】23040372 的第 29 个心跳包发送成功
[02:43:48 INF] 【直播间】31494 的第 29 个心跳包发送成功
[02:43:49 INF] 【直播间】4015781 的第 29 个心跳包发送成功
[02:43:50 INF] 【直播间】9619073 的第 29 个心跳包发送成功
[02:43:51 INF] 【直播间】407149 的第 29 个心跳包发送成功
[02:43:53 INF] 【直播间】7184632 的第 29 个心跳包发送成功
[02:43:54 INF] 【直播间】11732699 的第 29 个心跳包发送成功
[02:43:55 INF] 【直播间】929670 的第 29 个心跳包发送成功
[02:43:56 INF] 【直播间】23447660 的第 29 个心跳包发送成功
[02:43:58 INF] 【直播间】91164 的第 29 个心跳包发送成功
[02:43:59 INF] 【直播间】22764265 的第 29 个心跳包发送成功
[02:44:51 INF] 【直播间】23357926 的第 30 个心跳包发送成功
[02:44:53 INF] 【直播间】23040372 的第 30 个心跳包发送成功
[02:44:54 INF] 【直播间】31494 的第 30 个心跳包发送成功
[02:44:55 INF] 【直播间】4015781 的第 30 个心跳包发送成功
[02:44:56 INF] 【直播间】9619073 的第 30 个心跳包发送成功
[02:44:58 INF] 【直播间】407149 的第 30 个心跳包发送成功
[02:44:59 INF] 【直播间】7184632 的第 30 个心跳包发送成功
[02:45:00 INF] 【直播间】11732699 的第 30 个心跳包发送成功
[02:45:02 INF] 【直播间】929670 的第 30 个心跳包发送成功
[02:45:03 INF] 【直播间】23447660 的第 30 个心跳包发送成功
[02:45:04 INF] 【直播间】91164 的第 30 个心跳包发送成功
[02:45:05 INF] 【直播间】22764265 的第 30 个心跳包发送成功
[02:45:58 INF] 【直播间】23357926 的第 31 个心跳包发送成功
[02:45:59 INF] 【直播间】23040372 的第 31 个心跳包发送成功
[02:46:01 INF] 【直播间】31494 的第 31 个心跳包发送成功
[02:46:02 INF] 【直播间】4015781 的第 31 个心跳包发送成功
[02:46:03 INF] 【直播间】9619073 的第 31 个心跳包发送成功
[02:46:05 INF] 【直播间】407149 的第 31 个心跳包发送成功
[02:46:06 INF] 【直播间】7184632 的第 31 个心跳包发送成功
[02:46:07 INF] 【直播间】11732699 的第 31 个心跳包发送成功
[02:46:09 INF] 【直播间】929670 的第 31 个心跳包发送成功
[02:46:10 INF] 【直播间】23447660 的第 31 个心跳包发送成功
[02:46:11 INF] 【直播间】91164 的第 31 个心跳包发送成功
[02:46:12 INF] 【直播间】22764265 的第 31 个心跳包发送成功
[02:47:04 INF] 【直播间】23357926 的第 32 个心跳包发送成功
[02:47:06 INF] 【直播间】23040372 的第 32 个心跳包发送成功
[02:47:07 INF] 【直播间】31494 的第 32 个心跳包发送成功
[02:47:08 INF] 【直播间】4015781 的第 32 个心跳包发送成功
[02:47:10 INF] 【直播间】9619073 的第 32 个心跳包发送成功
[02:47:11 INF] 【直播间】407149 的第 32 个心跳包发送成功
[02:47:12 INF] 【直播间】7184632 的第 32 个心跳包发送成功
[02:47:14 INF] 【直播间】11732699 的第 32 个心跳包发送成功
[02:47:15 INF] 【直播间】929670 的第 32 个心跳包发送成功
[02:47:16 INF] 【直播间】23447660 的第 32 个心跳包发送成功
[02:47:17 INF] 【直播间】91164 的第 32 个心跳包发送成功
[02:47:19 INF] 【直播间】22764265 的第 32 个心跳包发送成功
[02:48:11 INF] 【直播间】23357926 的第 33 个心跳包发送成功
[02:48:12 INF] 【直播间】23040372 的第 33 个心跳包发送成功
[02:48:14 INF] 【直播间】31494 的第 33 个心跳包发送成功
[02:48:15 INF] 【直播间】4015781 的第 33 个心跳包发送成功
[02:48:16 INF] 【直播间】9619073 的第 33 个心跳包发送成功
[02:48:17 INF] 【直播间】407149 的第 33 个心跳包发送成功
[02:48:19 INF] 【直播间】7184632 的第 33 个心跳包发送成功
[02:48:20 INF] 【直播间】11732699 的第 33 个心跳包发送成功
[02:48:21 INF] 【直播间】929670 的第 33 个心跳包发送成功
[02:48:22 INF] 【直播间】23447660 的第 33 个心跳包发送成功
[02:48:24 INF] 【直播间】91164 的第 33 个心跳包发送成功
[02:48:25 INF] 【直播间】22764265 的第 33 个心跳包发送成功
[02:49:18 INF] 【直播间】23357926 的第 34 个心跳包发送成功
[02:49:19 INF] 【直播间】23040372 的第 34 个心跳包发送成功
[02:49:20 INF] 【直播间】31494 的第 34 个心跳包发送成功
[02:49:22 INF] 【直播间】4015781 的第 34 个心跳包发送成功
[02:49:23 INF] 【直播间】9619073 的第 34 个心跳包发送成功
[02:49:24 INF] 【直播间】407149 的第 34 个心跳包发送成功
[02:49:25 INF] 【直播间】7184632 的第 34 个心跳包发送成功
[02:49:27 INF] 【直播间】11732699 的第 34 个心跳包发送成功
[02:49:28 INF] 【直播间】929670 的第 34 个心跳包发送成功
[02:49:29 INF] 【直播间】23447660 的第 34 个心跳包发送成功
[02:49:30 INF] 【直播间】91164 的第 34 个心跳包发送成功
[02:49:32 INF] 【直播间】22764265 的第 34 个心跳包发送成功
[02:50:25 INF] 【直播间】23357926 的第 35 个心跳包发送成功
[02:50:26 INF] 【直播间】23040372 的第 35 个心跳包发送成功
[02:50:27 INF] 【直播间】31494 的第 35 个心跳包发送成功
[02:50:28 INF] 【直播间】4015781 的第 35 个心跳包发送成功
[02:50:30 INF] 【直播间】9619073 的第 35 个心跳包发送成功
[02:50:31 INF] 【直播间】407149 的第 35 个心跳包发送成功
[02:50:32 INF] 【直播间】7184632 的第 35 个心跳包发送成功
[02:50:34 INF] 【直播间】11732699 的第 35 个心跳包发送成功
[02:50:35 INF] 【直播间】929670 的第 35 个心跳包发送成功
[02:50:36 INF] 【直播间】23447660 的第 35 个心跳包发送成功
[02:50:37 INF] 【直播间】91164 的第 35 个心跳包发送成功
[02:50:39 INF] 【直播间】22764265 的第 35 个心跳包发送成功
[02:51:31 INF] 【直播间】23357926 的第 36 个心跳包发送成功
[02:51:32 INF] 【直播间】23040372 的第 36 个心跳包发送成功
[02:51:33 INF] 【直播间】31494 的第 36 个心跳包发送成功
[02:51:35 INF] 【直播间】4015781 的第 36 个心跳包发送成功
[02:51:36 INF] 【直播间】9619073 的第 36 个心跳包发送成功
[02:51:37 INF] 【直播间】407149 的第 36 个心跳包发送成功
[02:51:39 INF] 【直播间】7184632 的第 36 个心跳包发送成功
[02:51:40 INF] 【直播间】11732699 的第 36 个心跳包发送成功
[02:51:41 INF] 【直播间】929670 的第 36 个心跳包发送成功
[02:51:43 INF] 【直播间】23447660 的第 36 个心跳包发送成功
[02:51:44 INF] 【直播间】91164 的第 36 个心跳包发送成功
[02:51:45 INF] 【直播间】22764265 的第 36 个心跳包发送成功
[02:52:38 INF] 【直播间】23357926 的第 37 个心跳包发送成功
[02:52:39 INF] 【直播间】23040372 的第 37 个心跳包发送成功
[02:52:40 INF] 【直播间】31494 的第 37 个心跳包发送成功
[02:52:41 INF] 【直播间】4015781 的第 37 个心跳包发送成功
[02:52:43 INF] 【直播间】9619073 的第 37 个心跳包发送成功
[02:52:44 INF] 【直播间】407149 的第 37 个心跳包发送成功
[02:52:45 INF] 【直播间】7184632 的第 37 个心跳包发送成功
[02:52:47 INF] 【直播间】11732699 的第 37 个心跳包发送成功
[02:52:48 INF] 【直播间】929670 的第 37 个心跳包发送成功
[02:52:49 INF] 【直播间】23447660 的第 37 个心跳包发送成功
[02:52:50 INF] 【直播间】91164 的第 37 个心跳包发送成功
[02:52:52 INF] 【直播间】22764265 的第 37 个心跳包发送成功
[02:53:44 INF] 【直播间】23357926 的第 38 个心跳包发送成功
[02:53:45 INF] 【直播间】23040372 的第 38 个心跳包发送成功
[02:53:47 INF] 【直播间】31494 的第 38 个心跳包发送成功
[02:53:48 INF] 【直播间】4015781 的第 38 个心跳包发送成功
[02:53:49 INF] 【直播间】9619073 的第 38 个心跳包发送成功
[02:53:50 INF] 【直播间】407149 的第 38 个心跳包发送成功
[02:53:52 INF] 【直播间】7184632 的第 38 个心跳包发送成功
[02:53:53 INF] 【直播间】11732699 的第 38 个心跳包发送成功
[02:53:54 INF] 【直播间】929670 的第 38 个心跳包发送成功
[02:53:55 INF] 【直播间】23447660 的第 38 个心跳包发送成功
[02:53:57 INF] 【直播间】91164 的第 38 个心跳包发送成功
[02:53:58 INF] 【直播间】22764265 的第 38 个心跳包发送成功
[02:54:51 INF] 【直播间】23357926 的第 39 个心跳包发送成功
[02:54:52 INF] 【直播间】23040372 的第 39 个心跳包发送成功
[02:54:53 INF] 【直播间】31494 的第 39 个心跳包发送成功
[02:54:54 INF] 【直播间】4015781 的第 39 个心跳包发送成功
[02:54:56 INF] 【直播间】9619073 的第 39 个心跳包发送成功
[02:54:57 INF] 【直播间】407149 的第 39 个心跳包发送成功
[02:54:58 INF] 【直播间】7184632 的第 39 个心跳包发送成功
[02:54:59 INF] 【直播间】11732699 的第 39 个心跳包发送成功
[02:55:01 INF] 【直播间】929670 的第 39 个心跳包发送成功
[02:55:02 INF] 【直播间】23447660 的第 39 个心跳包发送成功
[02:55:03 INF] 【直播间】91164 的第 39 个心跳包发送成功
[02:55:04 INF] 【直播间】22764265 的第 39 个心跳包发送成功
[02:55:57 INF] 【直播间】23357926 的第 40 个心跳包发送成功
[02:55:59 INF] 【直播间】23040372 的第 40 个心跳包发送成功
[02:56:00 INF] 【直播间】31494 的第 40 个心跳包发送成功
[02:56:01 INF] 【直播间】4015781 的第 40 个心跳包发送成功
[02:56:02 INF] 【直播间】9619073 的第 40 个心跳包发送成功
[02:56:04 INF] 【直播间】407149 的第 40 个心跳包发送成功
[02:56:05 INF] 【直播间】7184632 的第 40 个心跳包发送成功
[02:56:06 INF] 【直播间】11732699 的第 40 个心跳包发送成功
[02:56:07 INF] 【直播间】929670 的第 40 个心跳包发送成功
[02:56:09 INF] 【直播间】23447660 的第 40 个心跳包发送成功
[02:56:10 INF] 【直播间】91164 的第 40 个心跳包发送成功
[02:56:11 INF] 【直播间】22764265 的第 40 个心跳包发送成功
[02:57:04 ERR] 【心跳包】直播间 23357926 发送失败
[02:57:04 ERR] 【原因】time check failed
[02:57:05 ERR] 【心跳包】直播间 23040372 发送失败
[02:57:05 ERR] 【原因】time check failed
[02:57:06 ERR] 【心跳包】直播间 31494 发送失败
[02:57:06 ERR] 【原因】time check failed
[02:57:08 ERR] 【心跳包】直播间 4015781 发送失败
[02:57:08 ERR] 【原因】time check failed
[02:57:09 ERR] 【心跳包】直播间 9619073 发送失败
[02:57:09 ERR] 【原因】time check failed
[02:57:10 ERR] 【心跳包】直播间 407149 发送失败
[02:57:10 ERR] 【原因】time check failed
[02:57:11 ERR] 【心跳包】直播间 7184632 发送失败
[02:57:11 ERR] 【原因】time check failed
[02:57:13 ERR] 【心跳包】直播间 11732699 发送失败
[02:57:13 ERR] 【原因】time check failed
[02:57:14 ERR] 【心跳包】直播间 929670 发送失败
[02:57:14 ERR] 【原因】time check failed
[02:57:15 ERR] 【心跳包】直播间 23447660 发送失败
[02:57:15 ERR] 【原因】time check failed
[02:57:16 ERR] 【心跳包】直播间 91164 发送失败
[02:57:16 ERR] 【原因】time check failed
[02:57:18 ERR] 【心跳包】直播间 22764265 发送失败
[02:57:18 ERR] 【原因】time check failed
[02:58:11 INF] 【直播间】23357926 的第 41 个心跳包发送成功
[02:58:12 INF] 【直播间】23040372 的第 41 个心跳包发送成功
[02:58:13 INF] 【直播间】31494 的第 41 个心跳包发送成功
[02:58:14 INF] 【直播间】4015781 的第 41 个心跳包发送成功
[02:58:16 INF] 【直播间】9619073 的第 41 个心跳包发送成功
[02:58:17 INF] 【直播间】407149 的第 41 个心跳包发送成功
[02:58:18 INF] 【直播间】7184632 的第 41 个心跳包发送成功
[02:58:19 INF] 【直播间】11732699 的第 41 个心跳包发送成功
[02:58:21 INF] 【直播间】929670 的第 41 个心跳包发送成功
[02:58:22 INF] 【直播间】23447660 的第 41 个心跳包发送成功
[02:58:23 INF] 【直播间】91164 的第 41 个心跳包发送成功
[02:58:24 INF] 【直播间】22764265 的第 41 个心跳包发送成功
[02:59:17 INF] 【直播间】23357926 的第 42 个心跳包发送成功
[02:59:18 INF] 【直播间】23040372 的第 42 个心跳包发送成功
[02:59:20 INF] 【直播间】31494 的第 42 个心跳包发送成功
[02:59:21 INF] 【直播间】4015781 的第 42 个心跳包发送成功
[02:59:22 INF] 【直播间】9619073 的第 42 个心跳包发送成功
[02:59:23 INF] 【直播间】407149 的第 42 个心跳包发送成功
[02:59:25 INF] 【直播间】7184632 的第 42 个心跳包发送成功
[02:59:26 INF] 【直播间】11732699 的第 42 个心跳包发送成功
[02:59:27 INF] 【直播间】929670 的第 42 个心跳包发送成功
[02:59:28 INF] 【直播间】23447660 的第 42 个心跳包发送成功
[02:59:30 INF] 【直播间】91164 的第 42 个心跳包发送成功
[02:59:31 INF] 【直播间】22764265 的第 42 个心跳包发送成功
[03:00:24 INF] 【直播间】23357926 的第 43 个心跳包发送成功
[03:00:25 INF] 【直播间】23040372 的第 43 个心跳包发送成功
[03:00:26 INF] 【直播间】31494 的第 43 个心跳包发送成功
[03:00:28 INF] 【直播间】4015781 的第 43 个心跳包发送成功
[03:00:29 INF] 【直播间】9619073 的第 43 个心跳包发送成功
[03:00:30 INF] 【直播间】407149 的第 43 个心跳包发送成功
[03:00:31 INF] 【直播间】7184632 的第 43 个心跳包发送成功
[03:00:33 INF] 【直播间】11732699 的第 43 个心跳包发送成功
[03:00:34 INF] 【直播间】929670 的第 43 个心跳包发送成功
[03:00:35 INF] 【直播间】23447660 的第 43 个心跳包发送成功
[03:00:36 INF] 【直播间】91164 的第 43 个心跳包发送成功
[03:00:38 INF] 【直播间】22764265 的第 43 个心跳包发送成功
[03:01:31 INF] 【直播间】23357926 的第 44 个心跳包发送成功
[03:01:32 INF] 【直播间】23040372 的第 44 个心跳包发送成功
[03:01:33 INF] 【直播间】31494 的第 44 个心跳包发送成功
[03:01:34 INF] 【直播间】4015781 的第 44 个心跳包发送成功
[03:01:36 INF] 【直播间】9619073 的第 44 个心跳包发送成功
[03:01:37 INF] 【直播间】407149 的第 44 个心跳包发送成功
[03:01:38 INF] 【直播间】7184632 的第 44 个心跳包发送成功
[03:01:39 INF] 【直播间】11732699 的第 44 个心跳包发送成功
[03:01:41 INF] 【直播间】929670 的第 44 个心跳包发送成功
[03:01:42 INF] 【直播间】23447660 的第 44 个心跳包发送成功
[03:01:43 INF] 【直播间】91164 的第 44 个心跳包发送成功
[03:01:44 INF] 【直播间】22764265 的第 44 个心跳包发送成功
[03:02:37 INF] 【直播间】23357926 的第 45 个心跳包发送成功
[03:02:38 INF] 【直播间】23040372 的第 45 个心跳包发送成功
[03:02:40 INF] 【直播间】31494 的第 45 个心跳包发送成功
[03:02:41 INF] 【直播间】4015781 的第 45 个心跳包发送成功
[03:02:42 INF] 【直播间】9619073 的第 45 个心跳包发送成功
[03:02:43 INF] 【直播间】407149 的第 45 个心跳包发送成功
[03:02:45 INF] 【直播间】7184632 的第 45 个心跳包发送成功
[03:02:46 INF] 【直播间】11732699 的第 45 个心跳包发送成功
[03:02:47 INF] 【直播间】929670 的第 45 个心跳包发送成功
[03:02:48 INF] 【直播间】23447660 的第 45 个心跳包发送成功
[03:02:50 INF] 【直播间】91164 的第 45 个心跳包发送成功
[03:02:51 INF] 【直播间】22764265 的第 45 个心跳包发送成功
[03:03:44 INF] 【直播间】23357926 的第 46 个心跳包发送成功
[03:03:45 INF] 【直播间】23040372 的第 46 个心跳包发送成功
[03:03:46 INF] 【直播间】31494 的第 46 个心跳包发送成功
[03:03:47 INF] 【直播间】4015781 的第 46 个心跳包发送成功
[03:03:49 INF] 【直播间】9619073 的第 46 个心跳包发送成功
[03:03:50 INF] 【直播间】407149 的第 46 个心跳包发送成功
[03:03:51 INF] 【直播间】7184632 的第 46 个心跳包发送成功
[03:03:53 INF] 【直播间】11732699 的第 46 个心跳包发送成功
[03:03:54 INF] 【直播间】929670 的第 46 个心跳包发送成功
[03:03:55 INF] 【直播间】23447660 的第 46 个心跳包发送成功
[03:03:57 INF] 【直播间】91164 的第 46 个心跳包发送成功
[03:03:58 INF] 【直播间】22764265 的第 46 个心跳包发送成功
[03:04:50 INF] 【直播间】23357926 的第 47 个心跳包发送成功
[03:04:52 INF] 【直播间】23040372 的第 47 个心跳包发送成功
[03:04:53 INF] 【直播间】31494 的第 47 个心跳包发送成功
[03:04:54 INF] 【直播间】4015781 的第 47 个心跳包发送成功
[03:04:55 INF] 【直播间】9619073 的第 47 个心跳包发送成功
[03:04:57 INF] 【直播间】407149 的第 47 个心跳包发送成功
[03:04:58 INF] 【直播间】7184632 的第 47 个心跳包发送成功
[03:04:59 INF] 【直播间】11732699 的第 47 个心跳包发送成功
[03:05:01 INF] 【直播间】929670 的第 47 个心跳包发送成功
[03:05:02 INF] 【直播间】23447660 的第 47 个心跳包发送成功
[03:05:03 INF] 【直播间】91164 的第 47 个心跳包发送成功
[03:05:04 INF] 【直播间】22764265 的第 47 个心跳包发送成功
[03:05:57 INF] 【直播间】23357926 的第 48 个心跳包发送成功
[03:05:59 INF] 【直播间】23040372 的第 48 个心跳包发送成功
[03:06:00 INF] 【直播间】31494 的第 48 个心跳包发送成功
[03:06:01 INF] 【直播间】4015781 的第 48 个心跳包发送成功
[03:06:02 INF] 【直播间】9619073 的第 48 个心跳包发送成功
[03:06:04 INF] 【直播间】407149 的第 48 个心跳包发送成功
[03:06:05 INF] 【直播间】7184632 的第 48 个心跳包发送成功
[03:06:06 INF] 【直播间】11732699 的第 48 个心跳包发送成功
[03:06:07 INF] 【直播间】929670 的第 48 个心跳包发送成功
[03:06:09 INF] 【直播间】23447660 的第 48 个心跳包发送成功
[03:06:10 INF] 【直播间】91164 的第 48 个心跳包发送成功
[03:06:11 INF] 【直播间】22764265 的第 48 个心跳包发送成功
[03:07:04 INF] 【直播间】23357926 的第 49 个心跳包发送成功
[03:07:05 INF] 【直播间】23040372 的第 49 个心跳包发送成功
[03:07:06 INF] 【直播间】31494 的第 49 个心跳包发送成功
[03:07:08 INF] 【直播间】4015781 的第 49 个心跳包发送成功
[03:07:09 INF] 【直播间】9619073 的第 49 个心跳包发送成功
[03:07:10 INF] 【直播间】407149 的第 49 个心跳包发送成功
[03:07:11 INF] 【直播间】7184632 的第 49 个心跳包发送成功
[03:07:13 INF] 【直播间】11732699 的第 49 个心跳包发送成功
[03:07:14 INF] 【直播间】929670 的第 49 个心跳包发送成功
[03:07:15 INF] 【直播间】23447660 的第 49 个心跳包发送成功
[03:07:17 INF] 【直播间】91164 的第 49 个心跳包发送成功
[03:07:18 INF] 【直播间】22764265 的第 49 个心跳包发送成功
[03:08:11 INF] 【直播间】23357926 的第 50 个心跳包发送成功
[03:08:12 INF] 【直播间】23040372 的第 50 个心跳包发送成功
[03:08:13 INF] 【直播间】31494 的第 50 个心跳包发送成功
[03:08:14 INF] 【直播间】4015781 的第 50 个心跳包发送成功
[03:08:16 INF] 【直播间】9619073 的第 50 个心跳包发送成功
[03:08:17 INF] 【直播间】407149 的第 50 个心跳包发送成功
[03:08:18 INF] 【直播间】7184632 的第 50 个心跳包发送成功
[03:08:19 INF] 【直播间】11732699 的第 50 个心跳包发送成功
[03:08:21 INF] 【直播间】929670 的第 50 个心跳包发送成功
[03:08:22 INF] 【直播间】23447660 的第 50 个心跳包发送成功
[03:08:23 INF] 【直播间】91164 的第 50 个心跳包发送成功
[03:08:25 INF] 【直播间】22764265 的第 50 个心跳包发送成功
[03:09:17 INF] 【直播间】23357926 的第 51 个心跳包发送成功
[03:09:18 INF] 【直播间】23040372 的第 51 个心跳包发送成功
[03:09:20 INF] 【直播间】31494 的第 51 个心跳包发送成功
[03:09:21 INF] 【直播间】4015781 的第 51 个心跳包发送成功
[03:09:22 INF] 【直播间】9619073 的第 51 个心跳包发送成功
[03:09:23 INF] 【直播间】407149 的第 51 个心跳包发送成功
[03:09:25 INF] 【直播间】7184632 的第 51 个心跳包发送成功
[03:09:26 INF] 【直播间】11732699 的第 51 个心跳包发送成功
[03:09:27 INF] 【直播间】929670 的第 51 个心跳包发送成功
[03:09:29 INF] 【直播间】23447660 的第 51 个心跳包发送成功
[03:09:30 INF] 【直播间】91164 的第 51 个心跳包发送成功
[03:09:31 INF] 【直播间】22764265 的第 51 个心跳包发送成功
[03:10:24 INF] 【直播间】23357926 的第 52 个心跳包发送成功
[03:10:25 INF] 【直播间】23040372 的第 52 个心跳包发送成功
[03:10:26 INF] 【直播间】31494 的第 52 个心跳包发送成功
[03:10:27 INF] 【直播间】4015781 的第 52 个心跳包发送成功
[03:10:29 INF] 【直播间】9619073 的第 52 个心跳包发送成功
[03:10:30 INF] 【直播间】407149 的第 52 个心跳包发送成功
[03:10:31 INF] 【直播间】7184632 的第 52 个心跳包发送成功
[03:10:32 INF] 【直播间】11732699 的第 52 个心跳包发送成功
[03:10:34 INF] 【直播间】929670 的第 52 个心跳包发送成功
[03:10:35 INF] 【直播间】23447660 的第 52 个心跳包发送成功
[03:10:36 INF] 【直播间】91164 的第 52 个心跳包发送成功
[03:10:37 INF] 【直播间】22764265 的第 52 个心跳包发送成功
[03:11:30 INF] 【直播间】23357926 的第 53 个心跳包发送成功
[03:11:31 INF] 【直播间】23040372 的第 53 个心跳包发送成功
[03:11:33 INF] 【直播间】31494 的第 53 个心跳包发送成功
[03:11:34 INF] 【直播间】4015781 的第 53 个心跳包发送成功
[03:11:35 INF] 【直播间】9619073 的第 53 个心跳包发送成功
[03:11:36 INF] 【直播间】407149 的第 53 个心跳包发送成功
[03:11:38 INF] 【直播间】7184632 的第 53 个心跳包发送成功
[03:11:39 INF] 【直播间】11732699 的第 53 个心跳包发送成功
[03:11:40 INF] 【直播间】929670 的第 53 个心跳包发送成功
[03:11:41 INF] 【直播间】23447660 的第 53 个心跳包发送成功
[03:11:42 INF] 【直播间】91164 的第 53 个心跳包发送成功
[03:11:44 INF] 【直播间】22764265 的第 53 个心跳包发送成功
[03:12:37 ERR] 【心跳包】直播间 23357926 发送失败
[03:12:37 ERR] 【原因】time check failed
[03:12:38 ERR] 【心跳包】直播间 23040372 发送失败
[03:12:38 ERR] 【原因】time check failed
[03:12:39 ERR] 【心跳包】直播间 31494 发送失败
[03:12:39 ERR] 【原因】time check failed
[03:12:40 ERR] 【心跳包】直播间 4015781 发送失败
[03:12:40 ERR] 【原因】time check failed
[03:12:42 ERR] 【心跳包】直播间 9619073 发送失败
[03:12:42 ERR] 【原因】time check failed
[03:12:43 ERR] 【心跳包】直播间 407149 发送失败
[03:12:43 ERR] 【原因】time check failed
[03:12:44 ERR] 【心跳包】直播间 7184632 发送失败
[03:12:44 ERR] 【原因】time check failed
[03:12:45 ERR] 【心跳包】直播间 11732699 发送失败
[03:12:45 ERR] 【原因】time check failed
[03:12:47 ERR] 【心跳包】直播间 929670 发送失败
[03:12:47 ERR] 【原因】time check failed
[03:12:48 ERR] 【心跳包】直播间 23447660 发送失败
[03:12:48 ERR] 【原因】time check failed
[03:12:49 ERR] 【心跳包】直播间 91164 发送失败
[03:12:49 ERR] 【原因】time check failed
[03:12:51 ERR] 【心跳包】直播间 22764265 发送失败
[03:12:51 ERR] 【原因】time check failed
[03:13:43 INF] 【直播间】23357926 的第 54 个心跳包发送成功
[03:13:45 INF] 【直播间】23040372 的第 54 个心跳包发送成功
[03:13:46 INF] 【直播间】31494 的第 54 个心跳包发送成功
[03:13:47 INF] 【直播间】4015781 的第 54 个心跳包发送成功
[03:13:48 INF] 【直播间】9619073 的第 54 个心跳包发送成功
[03:13:50 INF] 【直播间】407149 的第 54 个心跳包发送成功
[03:13:51 INF] 【直播间】7184632 的第 54 个心跳包发送成功
[03:13:52 INF] 【直播间】11732699 的第 54 个心跳包发送成功
[03:13:53 INF] 【直播间】929670 的第 54 个心跳包发送成功
[03:13:55 INF] 【直播间】23447660 的第 54 个心跳包发送成功
[03:13:56 INF] 【直播间】91164 的第 54 个心跳包发送成功
[03:13:57 INF] 【直播间】22764265 的第 54 个心跳包发送成功
[03:14:50 INF] 【直播间】23357926 的第 55 个心跳包发送成功
[03:14:51 INF] 【直播间】23040372 的第 55 个心跳包发送成功
[03:14:52 INF] 【直播间】31494 的第 55 个心跳包发送成功
[03:14:54 INF] 【直播间】4015781 的第 55 个心跳包发送成功
[03:14:55 INF] 【直播间】9619073 的第 55 个心跳包发送成功
[03:14:56 INF] 【直播间】407149 的第 55 个心跳包发送成功
[03:14:57 INF] 【直播间】7184632 的第 55 个心跳包发送成功
[03:14:59 INF] 【直播间】11732699 的第 55 个心跳包发送成功
[03:15:00 INF] 【直播间】929670 的第 55 个心跳包发送成功
[03:15:01 INF] 【直播间】23447660 的第 55 个心跳包发送成功
[03:15:03 INF] 【直播间】91164 的第 55 个心跳包发送成功
[03:15:04 INF] 【直播间】22764265 的第 55 个心跳包发送成功
[03:15:56 INF] 【直播间】23357926 的第 56 个心跳包发送成功
[03:15:58 INF] 【直播间】23040372 的第 56 个心跳包发送成功
[03:15:59 INF] 【直播间】31494 的第 56 个心跳包发送成功
[03:16:00 INF] 【直播间】4015781 的第 56 个心跳包发送成功
[03:16:01 INF] 【直播间】9619073 的第 56 个心跳包发送成功
[03:16:03 INF] 【直播间】407149 的第 56 个心跳包发送成功
[03:16:04 INF] 【直播间】7184632 的第 56 个心跳包发送成功
[03:16:05 INF] 【直播间】11732699 的第 56 个心跳包发送成功
[03:16:06 INF] 【直播间】929670 的第 56 个心跳包发送成功
[03:16:08 INF] 【直播间】23447660 的第 56 个心跳包发送成功
[03:16:09 INF] 【直播间】91164 的第 56 个心跳包发送成功
[03:16:10 INF] 【直播间】22764265 的第 56 个心跳包发送成功
[03:17:03 INF] 【直播间】23357926 的第 57 个心跳包发送成功
[03:17:04 INF] 【直播间】23040372 的第 57 个心跳包发送成功
[03:17:05 INF] 【直播间】31494 的第 57 个心跳包发送成功
[03:17:07 INF] 【直播间】4015781 的第 57 个心跳包发送成功
[03:17:08 INF] 【直播间】9619073 的第 57 个心跳包发送成功
[03:17:09 INF] 【直播间】407149 的第 57 个心跳包发送成功
[03:17:10 INF] 【直播间】7184632 的第 57 个心跳包发送成功
[03:17:12 INF] 【直播间】11732699 的第 57 个心跳包发送成功
[03:17:13 INF] 【直播间】929670 的第 57 个心跳包发送成功
[03:17:14 INF] 【直播间】23447660 的第 57 个心跳包发送成功
[03:17:15 INF] 【直播间】91164 的第 57 个心跳包发送成功
[03:17:17 INF] 【直播间】22764265 的第 57 个心跳包发送成功
[03:18:10 INF] 【直播间】23357926 的第 58 个心跳包发送成功
[03:18:11 INF] 【直播间】23040372 的第 58 个心跳包发送成功
[03:18:12 INF] 【直播间】31494 的第 58 个心跳包发送成功
[03:18:13 INF] 【直播间】4015781 的第 58 个心跳包发送成功
[03:18:15 INF] 【直播间】9619073 的第 58 个心跳包发送成功
[03:18:16 INF] 【直播间】407149 的第 58 个心跳包发送成功
[03:18:17 INF] 【直播间】7184632 的第 58 个心跳包发送成功
[03:18:18 INF] 【直播间】11732699 的第 58 个心跳包发送成功
[03:18:20 INF] 【直播间】929670 的第 58 个心跳包发送成功
[03:18:21 INF] 【直播间】23447660 的第 58 个心跳包发送成功
[03:18:22 INF] 【直播间】91164 的第 58 个心跳包发送成功
[03:18:24 INF] 【直播间】22764265 的第 58 个心跳包发送成功
[03:19:16 INF] 【直播间】23357926 的第 59 个心跳包发送成功
[03:19:18 INF] 【直播间】23040372 的第 59 个心跳包发送成功
[03:19:19 INF] 【直播间】31494 的第 59 个心跳包发送成功
[03:19:20 INF] 【直播间】4015781 的第 59 个心跳包发送成功
[03:19:22 INF] 【直播间】9619073 的第 59 个心跳包发送成功
[03:19:23 INF] 【直播间】407149 的第 59 个心跳包发送成功
[03:19:24 INF] 【直播间】7184632 的第 59 个心跳包发送成功
[03:19:25 INF] 【直播间】11732699 的第 59 个心跳包发送成功
[03:19:27 INF] 【直播间】929670 的第 59 个心跳包发送成功
[03:19:28 INF] 【直播间】23447660 的第 59 个心跳包发送成功
[03:19:29 INF] 【直播间】91164 的第 59 个心跳包发送成功
[03:19:30 INF] 【直播间】22764265 的第 59 个心跳包发送成功
[03:20:23 INF] 【直播间】23357926 的第 60 个心跳包发送成功
[03:20:24 INF] 【直播间】23040372 的第 60 个心跳包发送成功
[03:20:25 INF] 【直播间】31494 的第 60 个心跳包发送成功
[03:20:27 INF] 【直播间】4015781 的第 60 个心跳包发送成功
[03:20:28 INF] 【直播间】9619073 的第 60 个心跳包发送成功
[03:20:29 INF] 【直播间】407149 的第 60 个心跳包发送成功
[03:20:31 INF] 【直播间】7184632 的第 60 个心跳包发送成功
[03:20:32 INF] 【直播间】11732699 的第 60 个心跳包发送成功
[03:20:33 INF] 【直播间】929670 的第 60 个心跳包发送成功
[03:20:34 INF] 【直播间】23447660 的第 60 个心跳包发送成功
[03:20:36 INF] 【直播间】91164 的第 60 个心跳包发送成功
[03:20:37 INF] 【直播间】22764265 的第 60 个心跳包发送成功
[03:21:29 INF] 【直播间】23357926 的第 61 个心跳包发送成功
[03:21:31 INF] 【直播间】23040372 的第 61 个心跳包发送成功
[03:21:32 INF] 【直播间】31494 的第 61 个心跳包发送成功
[03:21:33 INF] 【直播间】4015781 的第 61 个心跳包发送成功
[03:21:35 INF] 【直播间】9619073 的第 61 个心跳包发送成功
[03:21:36 INF] 【直播间】407149 的第 61 个心跳包发送成功
[03:21:37 INF] 【直播间】7184632 的第 61 个心跳包发送成功
[03:21:38 INF] 【直播间】11732699 的第 61 个心跳包发送成功
[03:21:40 INF] 【直播间】929670 的第 61 个心跳包发送成功
[03:21:41 INF] 【直播间】23447660 的第 61 个心跳包发送成功
[03:21:42 INF] 【直播间】91164 的第 61 个心跳包发送成功
[03:21:43 INF] 【直播间】22764265 的第 61 个心跳包发送成功
[03:22:36 INF] 【直播间】23357926 的第 62 个心跳包发送成功
[03:22:37 INF] 【直播间】23040372 的第 62 个心跳包发送成功
[03:22:38 INF] 【直播间】31494 的第 62 个心跳包发送成功
[03:22:40 INF] 【直播间】4015781 的第 62 个心跳包发送成功
[03:22:41 INF] 【直播间】9619073 的第 62 个心跳包发送成功
[03:22:42 INF] 【直播间】407149 的第 62 个心跳包发送成功
[03:22:44 INF] 【直播间】7184632 的第 62 个心跳包发送成功
[03:22:45 INF] 【直播间】11732699 的第 62 个心跳包发送成功
[03:22:46 INF] 【直播间】929670 的第 62 个心跳包发送成功
[03:22:47 INF] 【直播间】23447660 的第 62 个心跳包发送成功
[03:22:49 INF] 【直播间】91164 的第 62 个心跳包发送成功
[03:22:50 INF] 【直播间】22764265 的第 62 个心跳包发送成功
[03:23:43 INF] 【直播间】23357926 的第 63 个心跳包发送成功
[03:23:44 INF] 【直播间】23040372 的第 63 个心跳包发送成功
[03:23:45 INF] 【直播间】31494 的第 63 个心跳包发送成功
[03:23:46 INF] 【直播间】4015781 的第 63 个心跳包发送成功
[03:23:48 INF] 【直播间】9619073 的第 63 个心跳包发送成功
[03:23:49 INF] 【直播间】407149 的第 63 个心跳包发送成功
[03:23:50 INF] 【直播间】7184632 的第 63 个心跳包发送成功
[03:23:51 INF] 【直播间】11732699 的第 63 个心跳包发送成功
[03:23:53 INF] 【直播间】929670 的第 63 个心跳包发送成功
[03:23:54 INF] 【直播间】23447660 的第 63 个心跳包发送成功
[03:23:55 INF] 【直播间】91164 的第 63 个心跳包发送成功
[03:23:56 INF] 【直播间】22764265 的第 63 个心跳包发送成功
[03:24:49 INF] 【直播间】23357926 的第 64 个心跳包发送成功
[03:24:51 INF] 【直播间】23040372 的第 64 个心跳包发送成功
[03:24:52 INF] 【直播间】31494 的第 64 个心跳包发送成功
[03:24:53 INF] 【直播间】4015781 的第 64 个心跳包发送成功
[03:24:55 INF] 【直播间】9619073 的第 64 个心跳包发送成功
[03:24:56 INF] 【直播间】407149 的第 64 个心跳包发送成功
[03:24:57 INF] 【直播间】7184632 的第 64 个心跳包发送成功
[03:24:58 INF] 【直播间】11732699 的第 64 个心跳包发送成功
[03:25:00 INF] 【直播间】929670 的第 64 个心跳包发送成功
[03:25:01 INF] 【直播间】23447660 的第 64 个心跳包发送成功
[03:25:02 INF] 【直播间】91164 的第 64 个心跳包发送成功
[03:25:03 INF] 【直播间】22764265 的第 64 个心跳包发送成功
[03:25:56 INF] 【直播间】23357926 的第 65 个心跳包发送成功
[03:25:57 INF] 【直播间】23040372 的第 65 个心跳包发送成功
[03:25:58 INF] 【直播间】31494 的第 65 个心跳包发送成功
[03:26:00 INF] 【直播间】4015781 的第 65 个心跳包发送成功
[03:26:01 INF] 【直播间】9619073 的第 65 个心跳包发送成功
[03:26:02 INF] 【直播间】407149 的第 65 个心跳包发送成功
[03:26:03 INF] 【直播间】7184632 的第 65 个心跳包发送成功
[03:26:05 INF] 【直播间】11732699 的第 65 个心跳包发送成功
[03:26:06 INF] 【直播间】929670 的第 65 个心跳包发送成功
[03:26:07 INF] 【直播间】23447660 的第 65 个心跳包发送成功
[03:26:08 INF] 【直播间】91164 的第 65 个心跳包发送成功
[03:26:10 INF] 【直播间】22764265 的第 65 个心跳包发送成功
[03:27:02 INF] 【直播间】23357926 的第 66 个心跳包发送成功
[03:27:04 INF] 【直播间】23040372 的第 66 个心跳包发送成功
[03:27:05 INF] 【直播间】31494 的第 66 个心跳包发送成功
[03:27:06 INF] 【直播间】4015781 的第 66 个心跳包发送成功
[03:27:07 INF] 【直播间】9619073 的第 66 个心跳包发送成功
[03:27:09 INF] 【直播间】407149 的第 66 个心跳包发送成功
[03:27:10 INF] 【直播间】7184632 的第 66 个心跳包发送成功
[03:27:11 INF] 【直播间】11732699 的第 66 个心跳包发送成功
[03:27:12 INF] 【直播间】929670 的第 66 个心跳包发送成功
[03:27:14 INF] 【直播间】23447660 的第 66 个心跳包发送成功
[03:27:15 INF] 【直播间】91164 的第 66 个心跳包发送成功
[03:27:16 INF] 【直播间】22764265 的第 66 个心跳包发送成功
[03:28:09 ERR] 【心跳包】直播间 23357926 发送失败
[03:28:09 ERR] 【原因】time check failed
[03:28:10 ERR] 【心跳包】直播间 23040372 发送失败
[03:28:10 ERR] 【原因】time check failed
[03:28:11 ERR] 【心跳包】直播间 31494 发送失败
[03:28:11 ERR] 【原因】time check failed
[03:28:13 ERR] 【心跳包】直播间 4015781 发送失败
[03:28:13 ERR] 【原因】time check failed
[03:28:14 ERR] 【心跳包】直播间 9619073 发送失败
[03:28:14 ERR] 【原因】time check failed
[03:28:15 ERR] 【心跳包】直播间 407149 发送失败
[03:28:15 ERR] 【原因】time check failed
[03:28:16 ERR] 【心跳包】直播间 7184632 发送失败
[03:28:16 ERR] 【原因】time check failed
[03:28:18 ERR] 【心跳包】直播间 11732699 发送失败
[03:28:18 ERR] 【原因】time check failed
[03:28:19 ERR] 【心跳包】直播间 929670 发送失败
[03:28:19 ERR] 【原因】time check failed
[03:28:20 ERR] 【心跳包】直播间 23447660 发送失败
[03:28:20 ERR] 【原因】time check failed
[03:28:21 ERR] 【心跳包】直播间 91164 发送失败
[03:28:21 ERR] 【原因】time check failed
[03:28:23 ERR] 【心跳包】直播间 22764265 发送失败
[03:28:23 ERR] 【原因】time check failed
[03:29:16 INF] 【直播间】23357926 的第 67 个心跳包发送成功
[03:29:17 INF] 【直播间】23040372 的第 67 个心跳包发送成功
[03:29:18 INF] 【直播间】31494 的第 67 个心跳包发送成功
[03:29:19 INF] 【直播间】4015781 的第 67 个心跳包发送成功
[03:29:21 INF] 【直播间】9619073 的第 67 个心跳包发送成功
[03:29:22 INF] 【直播间】407149 的第 67 个心跳包发送成功
[03:29:23 INF] 【直播间】7184632 的第 67 个心跳包发送成功
[03:29:24 INF] 【直播间】11732699 的第 67 个心跳包发送成功
[03:29:26 INF] 【直播间】929670 的第 67 个心跳包发送成功
[03:29:27 INF] 【直播间】23447660 的第 67 个心跳包发送成功
[03:29:28 INF] 【直播间】91164 的第 67 个心跳包发送成功
[03:29:29 INF] 【直播间】22764265 的第 67 个心跳包发送成功
[03:30:22 INF] 【直播间】23357926 的第 68 个心跳包发送成功
[03:30:23 INF] 【直播间】23040372 的第 68 个心跳包发送成功
[03:30:25 INF] 【直播间】31494 的第 68 个心跳包发送成功
[03:30:26 INF] 【直播间】4015781 的第 68 个心跳包发送成功
[03:30:27 INF] 【直播间】9619073 的第 68 个心跳包发送成功
[03:30:28 INF] 【直播间】407149 的第 68 个心跳包发送成功
[03:30:30 INF] 【直播间】7184632 的第 68 个心跳包发送成功
[03:30:31 INF] 【直播间】11732699 的第 68 个心跳包发送成功
[03:30:32 INF] 【直播间】929670 的第 68 个心跳包发送成功
[03:30:33 INF] 【直播间】23447660 的第 68 个心跳包发送成功
[03:30:35 INF] 【直播间】91164 的第 68 个心跳包发送成功
[03:30:36 INF] 【直播间】22764265 的第 68 个心跳包发送成功
[03:31:29 INF] 【直播间】23357926 的第 69 个心跳包发送成功
[03:31:30 INF] 【直播间】23040372 的第 69 个心跳包发送成功
[03:31:31 INF] 【直播间】31494 的第 69 个心跳包发送成功
[03:31:33 INF] 【直播间】4015781 的第 69 个心跳包发送成功
[03:31:34 INF] 【直播间】9619073 的第 69 个心跳包发送成功
[03:31:35 INF] 【直播间】407149 的第 69 个心跳包发送成功
[03:31:36 INF] 【直播间】7184632 的第 69 个心跳包发送成功
[03:31:38 INF] 【直播间】11732699 的第 69 个心跳包发送成功
[03:31:39 INF] 【直播间】929670 的第 69 个心跳包发送成功
[03:31:40 INF] 【直播间】23447660 的第 69 个心跳包发送成功
[03:31:41 INF] 【直播间】91164 的第 69 个心跳包发送成功
[03:31:43 INF] 【直播间】22764265 的第 69 个心跳包发送成功
[03:32:35 INF] 【直播间】23357926 的第 70 个心跳包发送成功
[03:32:37 INF] 【直播间】23040372 的第 70 个心跳包发送成功
[03:32:38 INF] 【直播间】31494 的第 70 个心跳包发送成功
[03:32:39 INF] 【直播间】4015781 的第 70 个心跳包发送成功
[03:32:40 INF] 【直播间】9619073 的第 70 个心跳包发送成功
[03:32:42 INF] 【直播间】407149 的第 70 个心跳包发送成功
[03:32:43 INF] 【直播间】7184632 的第 70 个心跳包发送成功
[03:32:44 INF] 【直播间】11732699 的第 70 个心跳包发送成功
[03:32:45 INF] 【直播间】929670 的第 70 个心跳包发送成功
[03:32:47 INF] 【直播间】23447660 的第 70 个心跳包发送成功
[03:32:48 INF] 【直播间】91164 的第 70 个心跳包发送成功
[03:32:49 INF] 【直播间】22764265 的第 70 个心跳包发送成功
[03:32:49 INF] 【直播观看时长】完成情况：12/12 
[03:32:49 INF] ---------结束---------

[03:32:49 INF] ==========结束==========

[03:32:49 INF] ######### 账号 3 #########

[03:32:49 INF] =====开始 直播间互动 =====

[03:32:49 INF] ---开始 发送弹幕 ---
[03:32:49 INF] 检测到直播 Cookie 未正确配置，尝试自动配置中...
[03:32:57 INF] 直播 Cookie 配置成功！
[03:32:57 INF] 【获取直播列表】获取拥有粉丝牌的直播列表
[03:33:00 ERR] 【获取直播列表】失败
[03:33:00 ERR] 【原因】账号未登录
[03:33:00 ERR] 发送弹幕失败，继续其他任务。失败信息:Object reference not set to an instance of an object.

[03:33:00 INF] -------结束-------

[03:33:00 INF] ---开始 点赞直播间 ---
[03:33:00 INF] 【获取直播列表】获取拥有粉丝牌的直播列表
[03:33:07 ERR] 【获取直播列表】失败
[03:33:07 ERR] 【原因】账号未登录
[03:33:07 ERR] 点赞直播间失败，继续其他任务。失败信息:Object reference not set to an instance of an object.

[03:33:07 INF] --------结束--------

[03:33:07 INF] ---开始 直播时长挂机 ---
[03:33:07 INF] 【获取直播列表】获取拥有粉丝牌的直播列表
[03:33:12 ERR] 【获取直播列表】失败
[03:33:12 ERR] 【原因】账号未登录
[03:33:12 ERR] 直播时长挂机失败，继续其他任务。失败信息:Object reference not set to an instance of an object.

[03:33:12 INF] ---------结束---------

[03:33:12 INF] ==========结束==========

[03:33:12 INF] 

========================

 v2.0.2 开源 by https://github.com/RayWangQvQ/BiliBiliToolPro

[03:33:12 INF] ·开始推送·LiveFansMedal任务·
2024-01-10T19:33:12.7292046Z 开始推送到:PushPlus
2024-01-10T19:33:14.4934562Z Response status: OK.
2024-01-10T19:33:14.4934911Z Response content: {"code":999,"msg":"发送内容过大，不能超过2万字","data":null}.

[03:33:14 INF] 运行环境：Development
[03:33:14 INF] 应用目录：/home/runner/work/BiliBiliToolPro/BiliBiliToolPro/src/Ray.BiliBiliTool.Console/bin/Debug/net6.0/

[03:33:14 INF] 运行结束
