----------- ip 信息 ---------
{
  "ip": "104.28.232.108",
  "city": "San Antonio",
  "region": "Texas",
  "country": "US",
  "loc": "29.4241,-98.4936",
  "org": "AS13335 Cloudflare, Inc.",
  "postal": "78205",
  "timezone": "America/Chicago",
  "readme": "https://ipinfo.io/missingauth"
} ---------- end ------------
  ____               ____    _   _____           _  
 |  _ \ __ _ _   _  | __ ) _| |_|_   _|__   ___ | | 
 | |_) / _` | | | | |  _ \(_) (_) | |/ _ \ / _ \| | 
 |  _ < (_| | |_| | | |_) | | | | | | (_) | (_) | | 
 |_| \_\__,_|\__, | |____/|_|_|_| |_|\___/ \___/|_| 
             |___/                                  

[00:27:56 INF] BiliBiliToolPro 开始运行...

[00:27:56 INF] 【账号个数】3个

[00:27:56 INF] 随机休眠2分钟

[00:29:57 INF] 【目标任务】LiveFansMedal
[00:29:57 INF] ######### 账号 1 #########

[00:29:57 INF] =====开始 直播间互动 =====

[00:29:57 INF] ---开始 发送弹幕 ---
[00:29:57 INF] 检测到直播 Cookie 未正确配置，尝试自动配置中...
[00:30:01 INF] 直播 Cookie 配置成功！
[00:30:01 INF] 【获取直播列表】获取拥有粉丝牌的直播列表
[00:30:07 INF] 【主播】Mark陌枫 
[00:30:12 ERR] 【获取空间信息】失败
[00:30:12 ERR] 【原因】访问权限不足
[00:30:12 INF] 【主播】KL_qiqi_ 
[00:30:15 ERR] 【获取空间信息】失败
[00:30:15 ERR] 【原因】访问权限不足
[00:30:15 INF] 【主播】苏打baka 
[00:30:18 ERR] 【获取空间信息】失败
[00:30:18 ERR] 【原因】访问权限不足
[00:30:18 INF] -------结束-------

[00:30:18 INF] ---开始 点赞直播间 ---
[00:30:18 INF] 【获取直播列表】获取拥有粉丝牌的直播列表
[00:30:25 INF] 【主播】Mark陌枫 
[00:30:29 ERR] 【获取空间信息】失败
[00:30:29 ERR] 【原因】访问权限不足
[00:30:29 INF] 【主播】KL_qiqi_ 
[00:30:36 ERR] 【获取空间信息】失败
[00:30:36 ERR] 【原因】访问权限不足
[00:30:36 INF] 【主播】苏打baka 
[00:30:40 ERR] 【获取空间信息】失败
[00:30:40 ERR] 【原因】访问权限不足
[00:30:40 INF] --------结束--------

[00:30:40 INF] ---开始 直播时长挂机 ---
[00:30:40 INF] 【获取直播列表】获取拥有粉丝牌的直播列表
[00:30:47 INF] 【主播】Mark陌枫 
[00:30:54 ERR] 【获取空间信息】失败
[00:30:54 ERR] 【原因】访问权限不足
[00:30:54 INF] 【主播】KL_qiqi_ 
[00:31:00 ERR] 【获取空间信息】失败
[00:31:00 ERR] 【原因】访问权限不足
[00:31:00 INF] 【主播】苏打baka 
[00:31:06 ERR] 【获取空间信息】失败
[00:31:06 ERR] 【原因】访问权限不足
[00:31:06 INF] 【直播观看时长】跳过，未检测到符合条件的主播
[00:31:06 INF] ---------结束---------

[00:31:06 INF] ==========结束==========

[00:31:06 INF] ######### 账号 2 #########

[00:31:06 INF] =====开始 直播间互动 =====

[00:31:06 INF] ---开始 发送弹幕 ---
[00:31:06 INF] 检测到直播 Cookie 未正确配置，尝试自动配置中...
[00:31:11 ERR] 【配置直播Cookie】失败，放弃执行后续任务...
[00:31:11 ERR] 【原因】Value cannot be null. (Parameter 'source')
[00:31:11 INF] -------结束-------

[00:31:11 INF] ---开始 点赞直播间 ---
[00:31:11 INF] 检测到直播 Cookie 未正确配置，尝试自动配置中...
[00:31:14 ERR] 【配置直播Cookie】失败，放弃执行后续任务...
[00:31:14 ERR] 【原因】Value cannot be null. (Parameter 'source')
[00:31:14 INF] --------结束--------

[00:31:14 INF] ---开始 直播时长挂机 ---
[00:31:14 INF] 检测到直播 Cookie 未正确配置，尝试自动配置中...
[00:31:20 ERR] 【配置直播Cookie】失败，放弃执行后续任务...
[00:31:20 ERR] 【原因】Value cannot be null. (Parameter 'source')
[00:31:20 INF] ---------结束---------

[00:31:20 INF] ==========结束==========

[00:31:20 INF] ######### 账号 3 #########

[00:31:20 INF] =====开始 直播间互动 =====

[00:31:20 INF] ---开始 发送弹幕 ---
[00:31:20 INF] 检测到直播 Cookie 未正确配置，尝试自动配置中...
[00:31:24 ERR] 【配置直播Cookie】失败，放弃执行后续任务...
[00:31:24 ERR] 【原因】Value cannot be null. (Parameter 'source')
[00:31:24 INF] -------结束-------

[00:31:24 INF] ---开始 点赞直播间 ---
[00:31:24 INF] 检测到直播 Cookie 未正确配置，尝试自动配置中...
[00:31:29 ERR] 【配置直播Cookie】失败，放弃执行后续任务...
[00:31:29 ERR] 【原因】Value cannot be null. (Parameter 'source')
[00:31:29 INF] --------结束--------

[00:31:29 INF] ---开始 直播时长挂机 ---
[00:31:29 INF] 检测到直播 Cookie 未正确配置，尝试自动配置中...
[00:31:35 ERR] 【配置直播Cookie】失败，放弃执行后续任务...
[00:31:35 ERR] 【原因】Value cannot be null. (Parameter 'source')
[00:31:35 INF] ---------结束---------

[00:31:35 INF] ==========结束==========

[00:31:35 INF] 

========================

 v2.0.0 开源 by https://github.com/RayWangQvQ/BiliBiliToolPro

[00:31:35 INF] ·开始推送·LiveFansMedal任务·
2023-05-29T16:31:35.3860774Z 开始推送到:自定义
2023-05-29T16:31:40.6335469Z Response status: OK.
2023-05-29T16:31:40.6339417Z Response content: {"message":"","success":true,"uuid":"15f70a6adf5441f69d2655a383ae499a"}.

[00:31:40 INF] 运行环境：Development
[00:31:40 INF] 应用目录：/home/runner/work/BiliBiliToolPro/BiliBiliToolPro/src/Ray.BiliBiliTool.Console/bin/Debug/net6.0/

[00:31:40 INF] 运行结束
