----------- ip 信息 ---------
{
  "ip": "20.81.159.82",
  "city": "Boydton",
  "region": "Virginia",
  "country": "US",
  "loc": "36.6676,-78.3875",
  "org": "AS8075 Microsoft Corporation",
  "postal": "23917",
  "timezone": "America/New_York",
  "readme": "https://ipinfo.io/missingauth"
} ---------- end ------------
  ____               ____    _   _____           _  
 |  _ \ __ _ _   _  | __ ) _| |_|_   _|__   ___ | | 
 | |_) / _` | | | | |  _ \(_) (_) | |/ _ \ / _ \| | 
 |  _ < (_| | |_| | | |_) | | | | | | (_) | (_) | | 
 |_| \_\__,_|\__, | |____/|_|_|_| |_|\___/ \___/|_| 
             |___/                                  

[00:27:24 INF] BiliBiliToolPro 开始运行...

[00:27:24 INF] 【账号个数】3个

[00:27:24 INF] 随机休眠3分钟

[00:30:24 INF] 【目标任务】LiveFansMedal
[00:30:24 INF] ######### 账号 1 #########

[00:30:24 INF] =====开始 直播间互动 =====

[00:30:24 INF] ---开始 发送弹幕 ---
[00:30:24 INF] 检测到直播 Cookie 未正确配置，尝试自动配置中...
[00:30:32 INF] 直播 Cookie 配置成功！
[00:30:32 INF] 【获取直播列表】获取拥有粉丝牌的直播列表
[00:30:36 ERR] 【获取直播列表】失败
[00:30:36 ERR] 【原因】账号未登录
[00:30:36 ERR] 发送弹幕失败，继续其他任务。失败信息:Object reference not set to an instance of an object.

[00:30:36 INF] -------结束-------

[00:30:36 INF] ---开始 点赞直播间 ---
[00:30:36 INF] 【获取直播列表】获取拥有粉丝牌的直播列表
[00:30:39 ERR] 【获取直播列表】失败
[00:30:39 ERR] 【原因】账号未登录
[00:30:39 ERR] 点赞直播间失败，继续其他任务。失败信息:Object reference not set to an instance of an object.

[00:30:39 INF] --------结束--------

[00:30:39 INF] ---开始 直播时长挂机 ---
[00:30:39 INF] 【获取直播列表】获取拥有粉丝牌的直播列表
[00:30:46 ERR] 【获取直播列表】失败
[00:30:46 ERR] 【原因】账号未登录
[00:30:46 ERR] 直播时长挂机失败，继续其他任务。失败信息:Object reference not set to an instance of an object.

[00:30:46 INF] ---------结束---------

[00:30:46 INF] ==========结束==========

[00:30:46 INF] ######### 账号 2 #########

[00:30:46 INF] =====开始 直播间互动 =====

[00:30:46 INF] ---开始 发送弹幕 ---
[00:30:46 INF] 检测到直播 Cookie 未正确配置，尝试自动配置中...
[00:30:50 ERR] 【配置直播Cookie】失败，放弃执行后续任务...
[00:30:50 ERR] 【原因】Value cannot be null. (Parameter 'source')
[00:30:50 INF] -------结束-------

[00:30:50 INF] ---开始 点赞直播间 ---
[00:30:50 INF] 检测到直播 Cookie 未正确配置，尝试自动配置中...
[00:30:58 ERR] 【配置直播Cookie】失败，放弃执行后续任务...
[00:30:58 ERR] 【原因】Value cannot be null. (Parameter 'source')
[00:30:58 INF] --------结束--------

[00:30:58 INF] ---开始 直播时长挂机 ---
[00:30:58 INF] 检测到直播 Cookie 未正确配置，尝试自动配置中...
[00:31:02 ERR] 【配置直播Cookie】失败，放弃执行后续任务...
[00:31:02 ERR] 【原因】Value cannot be null. (Parameter 'source')
[00:31:02 INF] ---------结束---------

[00:31:02 INF] ==========结束==========

[00:31:02 INF] ######### 账号 3 #########

[00:31:02 INF] =====开始 直播间互动 =====

[00:31:02 INF] ---开始 发送弹幕 ---
[00:31:02 INF] 检测到直播 Cookie 未正确配置，尝试自动配置中...
[00:31:10 ERR] 【配置直播Cookie】失败，放弃执行后续任务...
[00:31:10 ERR] 【原因】Value cannot be null. (Parameter 'source')
[00:31:10 INF] -------结束-------

[00:31:10 INF] ---开始 点赞直播间 ---
[00:31:10 INF] 检测到直播 Cookie 未正确配置，尝试自动配置中...
[00:31:17 ERR] 【配置直播Cookie】失败，放弃执行后续任务...
[00:31:17 ERR] 【原因】Value cannot be null. (Parameter 'source')
[00:31:17 INF] --------结束--------

[00:31:17 INF] ---开始 直播时长挂机 ---
[00:31:17 INF] 检测到直播 Cookie 未正确配置，尝试自动配置中...
[00:31:24 ERR] 【配置直播Cookie】失败，放弃执行后续任务...
[00:31:24 ERR] 【原因】Value cannot be null. (Parameter 'source')
[00:31:24 INF] ---------结束---------

[00:31:24 INF] ==========结束==========

[00:31:24 INF] 

========================

 v2.0.2 开源 by https://github.com/RayWangQvQ/BiliBiliToolPro

[00:31:24 INF] ·开始推送·LiveFansMedal任务·
2024-01-29T16:31:24.3385417Z 开始推送到:PushPlus
2024-01-29T16:31:25.5071892Z Response status: OK.
2024-01-29T16:31:25.5072539Z Response content: {"code":200,"msg":"请求成功","data":"a4d3464ff2964fb2aed8fd9bece92f30","count":null}.

[00:31:25 INF] 运行环境：Development
[00:31:25 INF] 应用目录：/home/runner/work/BiliBiliToolPro/BiliBiliToolPro/src/Ray.BiliBiliTool.Console/bin/Debug/net6.0/

[00:31:25 INF] 运行结束
