----------- ip 信息 ---------
{
  "ip": "172.183.132.73",
  "city": "Chicago",
  "region": "Illinois",
  "country": "US",
  "loc": "41.8500,-87.6500",
  "org": "AS8075 Microsoft Corporation",
  "postal": "60666",
  "timezone": "America/Chicago",
  "readme": "https://ipinfo.io/missingauth"
} ---------- end ------------
  ____               ____    _   _____           _  
 |  _ \ __ _ _   _  | __ ) _| |_|_   _|__   ___ | | 
 | |_) / _` | | | | |  _ \(_) (_) | |/ _ \ / _ \| | 
 |  _ < (_| | |_| | | |_) | | | | | | (_) | (_) | | 
 |_| \_\__,_|\__, | |____/|_|_|_| |_|\___/ \___/|_| 
             |___/                                  

[00:28:03 INF] BiliBiliToolPro 开始运行...

[00:28:03 INF] 【账号个数】3个

[00:28:03 INF] 随机休眠5分钟

[00:33:03 INF] 【目标任务】LiveFansMedal
[00:33:03 INF] ######### 账号 1 #########

[00:33:03 INF] =====开始 直播间互动 =====

[00:33:03 INF] ---开始 发送弹幕 ---
[00:33:03 INF] 检测到直播 Cookie 未正确配置，尝试自动配置中...
[00:33:08 INF] 直播 Cookie 配置成功！
[00:33:08 INF] 【获取直播列表】获取拥有粉丝牌的直播列表
[00:33:14 INF] 【主播】Mark陌枫 
[00:33:28 INF] 【主播】KL_qiqi_ 
[00:33:43 INF] 【主播】苏打baka 
[00:33:59 INF] 【直播间】Mark陌枫
[00:33:59 INF] 【粉丝牌】馬楓
[00:33:59 INF] 正在发送弹幕...
[00:34:06 INF] 【直播间】KL_qiqi_
[00:34:06 INF] 【粉丝牌】qiqisb
[00:34:06 INF] 正在发送弹幕...
[00:34:10 INF] 【直播间】苏打baka
[00:34:10 INF] 【粉丝牌】碳酸钠
[00:34:10 INF] 正在发送弹幕...
[00:34:14 INF] -------结束-------

[00:34:14 INF] ---开始 点赞直播间 ---
[00:34:14 INF] 【获取直播列表】获取拥有粉丝牌的直播列表
[00:34:18 INF] 【弹幕发送】成功~，你和主播 KL_qiqi_ 的亲密值增加了100！
[00:34:18 ERR] 【弹幕发送】失败
[00:34:18 ERR] 【原因】您发送弹幕的频率过快
[00:34:21 INF] 【主播】Mark陌枫 
[00:34:24 INF] 【弹幕发送】成功~，你和主播 苏打baka 的亲密值增加了100！
[00:34:39 INF] 【主播】KL_qiqi_ 
[00:34:54 INF] 【主播】苏打baka 
[00:35:18 INF] 【点赞直播间】23357926 完成
[00:35:20 INF] 【点赞直播间】407149 完成
[00:35:24 INF] --------结束--------

[00:35:24 INF] ---开始 直播时长挂机 ---
[00:35:24 INF] 【获取直播列表】获取拥有粉丝牌的直播列表
[00:35:24 INF] 【点赞直播间】23040372 完成
[00:35:31 INF] 【主播】Mark陌枫 
[00:35:43 INF] 【主播】KL_qiqi_ 
[00:35:56 INF] 【主播】苏打baka 
[00:36:16 INF] 【直播间】23357926 的第 1 个心跳包发送成功
[00:36:17 INF] 【直播间】407149 的第 1 个心跳包发送成功
[00:36:19 INF] 【直播间】23040372 的第 1 个心跳包发送成功
[00:37:23 INF] 【直播间】23357926 的第 2 个心跳包发送成功
[00:37:24 INF] 【直播间】407149 的第 2 个心跳包发送成功
[00:37:25 INF] 【直播间】23040372 的第 2 个心跳包发送成功
[00:38:29 INF] 【直播间】23357926 的第 3 个心跳包发送成功
[00:38:30 INF] 【直播间】407149 的第 3 个心跳包发送成功
[00:38:32 INF] 【直播间】23040372 的第 3 个心跳包发送成功
[00:39:36 INF] 【直播间】23357926 的第 4 个心跳包发送成功
[00:39:37 INF] 【直播间】407149 的第 4 个心跳包发送成功
[00:39:38 INF] 【直播间】23040372 的第 4 个心跳包发送成功
[00:40:42 INF] 【直播间】23357926 的第 5 个心跳包发送成功
[00:40:43 INF] 【直播间】407149 的第 5 个心跳包发送成功
[00:40:45 INF] 【直播间】23040372 的第 5 个心跳包发送成功
[00:41:49 INF] 【直播间】23357926 的第 6 个心跳包发送成功
[00:41:50 INF] 【直播间】407149 的第 6 个心跳包发送成功
[00:41:51 INF] 【直播间】23040372 的第 6 个心跳包发送成功
[00:42:55 INF] 【直播间】23357926 的第 7 个心跳包发送成功
[00:42:57 INF] 【直播间】407149 的第 7 个心跳包发送成功
[00:42:58 INF] 【直播间】23040372 的第 7 个心跳包发送成功
[00:44:02 INF] 【直播间】23357926 的第 8 个心跳包发送成功
[00:44:03 INF] 【直播间】407149 的第 8 个心跳包发送成功
[00:44:05 INF] 【直播间】23040372 的第 8 个心跳包发送成功
[00:45:09 INF] 【直播间】23357926 的第 9 个心跳包发送成功
[00:45:10 INF] 【直播间】407149 的第 9 个心跳包发送成功
[00:45:11 INF] 【直播间】23040372 的第 9 个心跳包发送成功
[00:46:15 INF] 【直播间】23357926 的第 10 个心跳包发送成功
[00:46:16 INF] 【直播间】407149 的第 10 个心跳包发送成功
[00:46:18 INF] 【直播间】23040372 的第 10 个心跳包发送成功
[00:47:22 INF] 【直播间】23357926 的第 11 个心跳包发送成功
[00:47:23 INF] 【直播间】407149 的第 11 个心跳包发送成功
[00:47:24 INF] 【直播间】23040372 的第 11 个心跳包发送成功
[00:48:28 INF] 【直播间】23357926 的第 12 个心跳包发送成功
[00:48:29 INF] 【直播间】407149 的第 12 个心跳包发送成功
[00:48:31 INF] 【直播间】23040372 的第 12 个心跳包发送成功
[00:49:35 INF] 【直播间】23357926 的第 13 个心跳包发送成功
[00:49:36 INF] 【直播间】407149 的第 13 个心跳包发送成功
[00:49:37 INF] 【直播间】23040372 的第 13 个心跳包发送成功
[00:50:41 INF] 【直播间】23357926 的第 14 个心跳包发送成功
[00:50:42 INF] 【直播间】407149 的第 14 个心跳包发送成功
[00:50:44 INF] 【直播间】23040372 的第 14 个心跳包发送成功
[00:51:48 ERR] 【心跳包】直播间 23357926 发送失败
[00:51:48 ERR] 【原因】time check failed
[00:51:49 ERR] 【心跳包】直播间 407149 发送失败
[00:51:49 ERR] 【原因】time check failed
[00:51:50 ERR] 【心跳包】直播间 23040372 发送失败
[00:51:50 ERR] 【原因】time check failed
[00:52:54 INF] 【直播间】23357926 的第 15 个心跳包发送成功
[00:52:56 INF] 【直播间】407149 的第 15 个心跳包发送成功
[00:52:57 INF] 【直播间】23040372 的第 15 个心跳包发送成功
[00:54:01 INF] 【直播间】23357926 的第 16 个心跳包发送成功
[00:54:02 INF] 【直播间】407149 的第 16 个心跳包发送成功
[00:54:03 INF] 【直播间】23040372 的第 16 个心跳包发送成功
[00:55:07 INF] 【直播间】23357926 的第 17 个心跳包发送成功
[00:55:09 INF] 【直播间】407149 的第 17 个心跳包发送成功
[00:55:10 INF] 【直播间】23040372 的第 17 个心跳包发送成功
[00:56:14 INF] 【直播间】23357926 的第 18 个心跳包发送成功
[00:56:15 INF] 【直播间】407149 的第 18 个心跳包发送成功
[00:56:16 INF] 【直播间】23040372 的第 18 个心跳包发送成功
[00:57:20 INF] 【直播间】23357926 的第 19 个心跳包发送成功
[00:57:22 INF] 【直播间】407149 的第 19 个心跳包发送成功
[00:57:23 INF] 【直播间】23040372 的第 19 个心跳包发送成功
[00:58:27 INF] 【直播间】23357926 的第 20 个心跳包发送成功
[00:58:28 INF] 【直播间】407149 的第 20 个心跳包发送成功
[00:58:29 INF] 【直播间】23040372 的第 20 个心跳包发送成功
[00:59:33 INF] 【直播间】23357926 的第 21 个心跳包发送成功
[00:59:35 INF] 【直播间】407149 的第 21 个心跳包发送成功
[00:59:36 INF] 【直播间】23040372 的第 21 个心跳包发送成功
[01:00:40 INF] 【直播间】23357926 的第 22 个心跳包发送成功
[01:00:41 INF] 【直播间】407149 的第 22 个心跳包发送成功
[01:00:42 INF] 【直播间】23040372 的第 22 个心跳包发送成功
[01:01:46 INF] 【直播间】23357926 的第 23 个心跳包发送成功
[01:01:48 INF] 【直播间】407149 的第 23 个心跳包发送成功
[01:01:49 INF] 【直播间】23040372 的第 23 个心跳包发送成功
[01:02:53 INF] 【直播间】23357926 的第 24 个心跳包发送成功
[01:02:54 INF] 【直播间】407149 的第 24 个心跳包发送成功
[01:02:56 INF] 【直播间】23040372 的第 24 个心跳包发送成功
[01:04:00 INF] 【直播间】23357926 的第 25 个心跳包发送成功
[01:04:01 INF] 【直播间】407149 的第 25 个心跳包发送成功
[01:04:02 INF] 【直播间】23040372 的第 25 个心跳包发送成功
[01:05:06 INF] 【直播间】23357926 的第 26 个心跳包发送成功
[01:05:07 INF] 【直播间】407149 的第 26 个心跳包发送成功
[01:05:09 INF] 【直播间】23040372 的第 26 个心跳包发送成功
[01:06:13 INF] 【直播间】23357926 的第 27 个心跳包发送成功
[01:06:14 INF] 【直播间】407149 的第 27 个心跳包发送成功
[01:06:15 INF] 【直播间】23040372 的第 27 个心跳包发送成功
[01:07:19 ERR] 【心跳包】直播间 23357926 发送失败
[01:07:19 ERR] 【原因】time check failed
[01:07:21 ERR] 【心跳包】直播间 407149 发送失败
[01:07:21 ERR] 【原因】time check failed
[01:07:22 ERR] 【心跳包】直播间 23040372 发送失败
[01:07:22 ERR] 【原因】time check failed
[01:08:26 INF] 【直播间】23357926 的第 28 个心跳包发送成功
[01:08:27 INF] 【直播间】407149 的第 28 个心跳包发送成功
[01:08:28 INF] 【直播间】23040372 的第 28 个心跳包发送成功
[01:09:32 INF] 【直播间】23357926 的第 29 个心跳包发送成功
[01:09:34 INF] 【直播间】407149 的第 29 个心跳包发送成功
[01:09:35 INF] 【直播间】23040372 的第 29 个心跳包发送成功
[01:10:39 INF] 【直播间】23357926 的第 30 个心跳包发送成功
[01:10:40 INF] 【直播间】407149 的第 30 个心跳包发送成功
[01:10:41 INF] 【直播间】23040372 的第 30 个心跳包发送成功
[01:11:46 INF] 【直播间】23357926 的第 31 个心跳包发送成功
[01:11:47 INF] 【直播间】407149 的第 31 个心跳包发送成功
[01:11:48 INF] 【直播间】23040372 的第 31 个心跳包发送成功
[01:12:52 INF] 【直播间】23357926 的第 32 个心跳包发送成功
[01:12:53 INF] 【直播间】407149 的第 32 个心跳包发送成功
[01:12:55 INF] 【直播间】23040372 的第 32 个心跳包发送成功
[01:13:59 INF] 【直播间】23357926 的第 33 个心跳包发送成功
[01:14:00 INF] 【直播间】407149 的第 33 个心跳包发送成功
[01:14:01 INF] 【直播间】23040372 的第 33 个心跳包发送成功
[01:15:05 INF] 【直播间】23357926 的第 34 个心跳包发送成功
[01:15:06 INF] 【直播间】407149 的第 34 个心跳包发送成功
[01:15:08 INF] 【直播间】23040372 的第 34 个心跳包发送成功
[01:16:12 INF] 【直播间】23357926 的第 35 个心跳包发送成功
[01:16:13 INF] 【直播间】407149 的第 35 个心跳包发送成功
[01:16:14 INF] 【直播间】23040372 的第 35 个心跳包发送成功
[01:17:18 INF] 【直播间】23357926 的第 36 个心跳包发送成功
[01:17:19 INF] 【直播间】407149 的第 36 个心跳包发送成功
[01:17:21 INF] 【直播间】23040372 的第 36 个心跳包发送成功
[01:18:25 INF] 【直播间】23357926 的第 37 个心跳包发送成功
[01:18:26 INF] 【直播间】407149 的第 37 个心跳包发送成功
[01:18:27 INF] 【直播间】23040372 的第 37 个心跳包发送成功
[01:19:31 INF] 【直播间】23357926 的第 38 个心跳包发送成功
[01:19:32 INF] 【直播间】407149 的第 38 个心跳包发送成功
[01:19:34 INF] 【直播间】23040372 的第 38 个心跳包发送成功
[01:20:38 INF] 【直播间】23357926 的第 39 个心跳包发送成功
[01:20:39 INF] 【直播间】407149 的第 39 个心跳包发送成功
[01:20:40 INF] 【直播间】23040372 的第 39 个心跳包发送成功
[01:21:44 INF] 【直播间】23357926 的第 40 个心跳包发送成功
[01:21:45 INF] 【直播间】407149 的第 40 个心跳包发送成功
[01:21:47 INF] 【直播间】23040372 的第 40 个心跳包发送成功
[01:22:51 ERR] 【心跳包】直播间 23357926 发送失败
[01:22:51 ERR] 【原因】time check failed
[01:22:52 ERR] 【心跳包】直播间 407149 发送失败
[01:22:52 ERR] 【原因】time check failed
[01:22:53 ERR] 【心跳包】直播间 23040372 发送失败
[01:22:53 ERR] 【原因】time check failed
[01:23:57 INF] 【直播间】23357926 的第 41 个心跳包发送成功
[01:23:58 INF] 【直播间】407149 的第 41 个心跳包发送成功
[01:24:00 INF] 【直播间】23040372 的第 41 个心跳包发送成功
[01:25:04 INF] 【直播间】23357926 的第 42 个心跳包发送成功
[01:25:05 INF] 【直播间】407149 的第 42 个心跳包发送成功
[01:25:07 INF] 【直播间】23040372 的第 42 个心跳包发送成功
[01:26:11 INF] 【直播间】23357926 的第 43 个心跳包发送成功
[01:26:12 INF] 【直播间】407149 的第 43 个心跳包发送成功
[01:26:13 INF] 【直播间】23040372 的第 43 个心跳包发送成功
[01:27:17 INF] 【直播间】23357926 的第 44 个心跳包发送成功
[01:27:18 INF] 【直播间】407149 的第 44 个心跳包发送成功
[01:27:20 INF] 【直播间】23040372 的第 44 个心跳包发送成功
[01:28:24 INF] 【直播间】23357926 的第 45 个心跳包发送成功
[01:28:25 INF] 【直播间】407149 的第 45 个心跳包发送成功
[01:28:26 INF] 【直播间】23040372 的第 45 个心跳包发送成功
[01:29:31 INF] 【直播间】23357926 的第 46 个心跳包发送成功
[01:29:32 INF] 【直播间】407149 的第 46 个心跳包发送成功
[01:29:33 INF] 【直播间】23040372 的第 46 个心跳包发送成功
[01:30:37 INF] 【直播间】23357926 的第 47 个心跳包发送成功
[01:30:39 INF] 【直播间】407149 的第 47 个心跳包发送成功
[01:30:40 INF] 【直播间】23040372 的第 47 个心跳包发送成功
[01:31:44 INF] 【直播间】23357926 的第 48 个心跳包发送成功
[01:31:45 INF] 【直播间】407149 的第 48 个心跳包发送成功
[01:31:46 INF] 【直播间】23040372 的第 48 个心跳包发送成功
[01:32:50 INF] 【直播间】23357926 的第 49 个心跳包发送成功
[01:32:52 INF] 【直播间】407149 的第 49 个心跳包发送成功
[01:32:53 INF] 【直播间】23040372 的第 49 个心跳包发送成功
[01:33:57 INF] 【直播间】23357926 的第 50 个心跳包发送成功
[01:33:58 INF] 【直播间】407149 的第 50 个心跳包发送成功
[01:33:59 INF] 【直播间】23040372 的第 50 个心跳包发送成功
[01:35:03 INF] 【直播间】23357926 的第 51 个心跳包发送成功
[01:35:05 INF] 【直播间】407149 的第 51 个心跳包发送成功
[01:35:06 INF] 【直播间】23040372 的第 51 个心跳包发送成功
[01:36:10 INF] 【直播间】23357926 的第 52 个心跳包发送成功
[01:36:11 INF] 【直播间】407149 的第 52 个心跳包发送成功
[01:36:12 INF] 【直播间】23040372 的第 52 个心跳包发送成功
[01:37:17 INF] 【直播间】23357926 的第 53 个心跳包发送成功
[01:37:18 INF] 【直播间】407149 的第 53 个心跳包发送成功
[01:37:19 INF] 【直播间】23040372 的第 53 个心跳包发送成功
[01:38:23 ERR] 【心跳包】直播间 23357926 发送失败
[01:38:23 ERR] 【原因】time check failed
[01:38:24 ERR] 【心跳包】直播间 407149 发送失败
[01:38:24 ERR] 【原因】time check failed
[01:38:26 ERR] 【心跳包】直播间 23040372 发送失败
[01:38:26 ERR] 【原因】time check failed
[01:39:30 INF] 【直播间】23357926 的第 54 个心跳包发送成功
[01:39:31 INF] 【直播间】407149 的第 54 个心跳包发送成功
[01:39:32 INF] 【直播间】23040372 的第 54 个心跳包发送成功
[01:40:36 INF] 【直播间】23357926 的第 55 个心跳包发送成功
[01:40:37 INF] 【直播间】407149 的第 55 个心跳包发送成功
[01:40:38 INF] 【直播间】23040372 的第 55 个心跳包发送成功
[01:41:42 INF] 【直播间】23357926 的第 56 个心跳包发送成功
[01:41:44 INF] 【直播间】407149 的第 56 个心跳包发送成功
[01:41:45 INF] 【直播间】23040372 的第 56 个心跳包发送成功
[01:42:50 INF] 【直播间】23357926 的第 57 个心跳包发送成功
[01:42:51 INF] 【直播间】407149 的第 57 个心跳包发送成功
[01:42:52 INF] 【直播间】23040372 的第 57 个心跳包发送成功
[01:43:56 INF] 【直播间】23357926 的第 58 个心跳包发送成功
[01:43:57 INF] 【直播间】407149 的第 58 个心跳包发送成功
[01:43:58 INF] 【直播间】23040372 的第 58 个心跳包发送成功
[01:45:03 INF] 【直播间】23357926 的第 59 个心跳包发送成功
[01:45:04 INF] 【直播间】407149 的第 59 个心跳包发送成功
[01:45:05 INF] 【直播间】23040372 的第 59 个心跳包发送成功
[01:46:09 INF] 【直播间】23357926 的第 60 个心跳包发送成功
[01:46:10 INF] 【直播间】407149 的第 60 个心跳包发送成功
[01:46:11 INF] 【直播间】23040372 的第 60 个心跳包发送成功
[01:47:15 INF] 【直播间】23357926 的第 61 个心跳包发送成功
[01:47:17 INF] 【直播间】407149 的第 61 个心跳包发送成功
[01:47:18 INF] 【直播间】23040372 的第 61 个心跳包发送成功
[01:48:22 INF] 【直播间】23357926 的第 62 个心跳包发送成功
[01:48:23 INF] 【直播间】407149 的第 62 个心跳包发送成功
[01:48:24 INF] 【直播间】23040372 的第 62 个心跳包发送成功
[01:49:28 INF] 【直播间】23357926 的第 63 个心跳包发送成功
[01:49:30 INF] 【直播间】407149 的第 63 个心跳包发送成功
[01:49:31 INF] 【直播间】23040372 的第 63 个心跳包发送成功
[01:50:35 INF] 【直播间】23357926 的第 64 个心跳包发送成功
[01:50:36 INF] 【直播间】407149 的第 64 个心跳包发送成功
[01:50:38 INF] 【直播间】23040372 的第 64 个心跳包发送成功
[01:51:42 INF] 【直播间】23357926 的第 65 个心跳包发送成功
[01:51:43 INF] 【直播间】407149 的第 65 个心跳包发送成功
[01:51:44 INF] 【直播间】23040372 的第 65 个心跳包发送成功
[01:52:48 INF] 【直播间】23357926 的第 66 个心跳包发送成功
[01:52:49 INF] 【直播间】407149 的第 66 个心跳包发送成功
[01:52:50 INF] 【直播间】23040372 的第 66 个心跳包发送成功
[01:53:55 ERR] 【心跳包】直播间 23357926 发送失败
[01:53:55 ERR] 【原因】time check failed
[01:53:56 ERR] 【心跳包】直播间 407149 发送失败
[01:53:56 ERR] 【原因】time check failed
[01:53:57 ERR] 【心跳包】直播间 23040372 发送失败
[01:53:57 ERR] 【原因】time check failed
[01:55:01 INF] 【直播间】23357926 的第 67 个心跳包发送成功
[01:55:02 INF] 【直播间】407149 的第 67 个心跳包发送成功
[01:55:04 INF] 【直播间】23040372 的第 67 个心跳包发送成功
[01:56:08 INF] 【直播间】23357926 的第 68 个心跳包发送成功
[01:56:09 INF] 【直播间】407149 的第 68 个心跳包发送成功
[01:56:10 INF] 【直播间】23040372 的第 68 个心跳包发送成功
[01:57:14 INF] 【直播间】23357926 的第 69 个心跳包发送成功
[01:57:16 INF] 【直播间】407149 的第 69 个心跳包发送成功
[01:57:17 INF] 【直播间】23040372 的第 69 个心跳包发送成功
[01:58:21 INF] 【直播间】23357926 的第 70 个心跳包发送成功
[01:58:22 INF] 【直播间】407149 的第 70 个心跳包发送成功
[01:58:23 INF] 【直播间】23040372 的第 70 个心跳包发送成功
[01:58:23 INF] 【直播观看时长】完成情况：3/3 
[01:58:23 INF] ---------结束---------

[01:58:23 INF] ==========结束==========

[01:58:23 INF] ######### 账号 2 #########

[01:58:23 INF] =====开始 直播间互动 =====

[01:58:23 INF] ---开始 发送弹幕 ---
[01:58:23 INF] 检测到直播 Cookie 未正确配置，尝试自动配置中...
[01:58:30 INF] 直播 Cookie 配置成功！
[01:58:30 INF] 【获取直播列表】获取拥有粉丝牌的直播列表
[01:58:35 INF] 【主播】Mark陌枫 
[01:58:53 INF] 【主播】苏打baka 
[01:59:10 INF] 【主播】特别中二的q3君 
[01:59:30 INF] 【主播】陈抱一 
[01:59:46 INF] 【主播】贪玩的小毅 
[02:00:05 INF] 【主播】KL_qiqi_ 
[02:00:21 INF] 【主播】悠悠球琛总 
[02:00:32 INF] 【主播】新石器公园 
[02:00:47 INF] 【主播】脏小豆 
[02:01:02 INF] 【主播】记录生活的蛋黄派 
[02:01:19 INF] 【主播】FoFTG 
[02:01:38 INF] 【主播】李船长笔记 
[02:01:54 INF] 【直播间】Mark陌枫
[02:01:54 INF] 【粉丝牌】馬楓
[02:01:54 INF] 正在发送弹幕...
[02:02:00 INF] 【直播间】苏打baka
[02:02:00 INF] 【粉丝牌】碳酸钠
[02:02:00 INF] 正在发送弹幕...
[02:02:06 INF] 【直播间】特别中二的q3君
[02:02:06 INF] 【粉丝牌】q3GG
[02:02:06 INF] 正在发送弹幕...
[02:02:08 INF] 【弹幕发送】成功~，你和主播 Mark陌枫 的亲密值增加了100！
[02:02:12 INF] 【直播间】陈抱一
[02:02:12 INF] 【粉丝牌】陈抱一
[02:02:12 INF] 正在发送弹幕...
[02:02:14 INF] 【弹幕发送】成功~，你和主播 苏打baka 的亲密值增加了100！
[02:02:18 INF] 【直播间】贪玩的小毅
[02:02:18 INF] 【粉丝牌】大大毅
[02:02:18 INF] 正在发送弹幕...
[02:02:19 INF] 【弹幕发送】成功~，你和主播 特别中二的q3君 的亲密值增加了100！
[02:02:24 INF] 【直播间】KL_qiqi_
[02:02:24 INF] 【粉丝牌】qiqisb
[02:02:24 INF] 正在发送弹幕...
[02:02:29 INF] 【直播间】悠悠球琛总
[02:02:29 INF] 【粉丝牌】i琛
[02:02:29 INF] 正在发送弹幕...
[02:02:29 INF] 【弹幕发送】成功~，你和主播 陈抱一 的亲密值增加了100！
[02:02:36 INF] 【直播间】新石器公园
[02:02:36 INF] 【粉丝牌】东园主
[02:02:36 INF] 正在发送弹幕...
[02:02:37 INF] 【弹幕发送】成功~，你和主播 贪玩的小毅 的亲密值增加了100！
[02:02:39 INF] 【直播间】脏小豆
[02:02:39 INF] 【粉丝牌】豆豆浆
[02:02:39 INF] 正在发送弹幕...
[02:02:41 INF] 【弹幕发送】成功~，你和主播 KL_qiqi_ 的亲密值增加了100！
[02:02:43 INF] 【直播间】记录生活的蛋黄派
[02:02:43 INF] 【粉丝牌】派派派
[02:02:43 INF] 正在发送弹幕...
[02:02:45 INF] 【弹幕发送】成功~，你和主播 悠悠球琛总 的亲密值增加了100！
[02:02:47 INF] 【弹幕发送】成功~，你和主播 新石器公园 的亲密值增加了100！
[02:02:47 INF] 【直播间】FoFTG
[02:02:47 INF] 【粉丝牌】FOFTG
[02:02:47 INF] 正在发送弹幕...
[02:02:51 INF] 【直播间】李船长笔记
[02:02:51 INF] 【粉丝牌】航海仕
[02:02:51 INF] 正在发送弹幕...
[02:02:53 INF] 【弹幕发送】成功~，你和主播 脏小豆 的亲密值增加了100！
[02:02:55 INF] -------结束-------

[02:02:55 INF] ---开始 点赞直播间 ---
[02:02:55 INF] 【获取直播列表】获取拥有粉丝牌的直播列表
[02:02:57 INF] 【弹幕发送】成功~，你和主播 记录生活的蛋黄派 的亲密值增加了100！
[02:03:01 INF] 【弹幕发送】成功~，你和主播 FoFTG 的亲密值增加了100！
[02:03:01 INF] 【主播】Mark陌枫 
[02:03:04 INF] 【弹幕发送】成功~，你和主播 李船长笔记 的亲密值增加了100！
[02:03:12 INF] 【主播】苏打baka 
[02:03:33 INF] 【主播】特别中二的q3君 
[02:03:47 INF] 【主播】陈抱一 
[02:04:01 INF] 【主播】贪玩的小毅 
[02:04:16 INF] 【主播】KL_qiqi_ 
[02:04:35 INF] 【主播】悠悠球琛总 
[02:04:53 INF] 【主播】新石器公园 
[02:05:09 INF] 【主播】脏小豆 
[02:05:22 INF] 【主播】记录生活的蛋黄派 
[02:05:35 INF] 【主播】FoFTG 
[02:05:48 INF] 【主播】李船长笔记 
[02:06:13 INF] 【点赞直播间】23357926 完成
[02:06:16 INF] 【点赞直播间】23040372 完成
[02:06:20 INF] 【点赞直播间】31494 完成
[02:06:25 INF] 【点赞直播间】4015781 完成
[02:06:28 INF] 【点赞直播间】9619073 完成
[02:06:31 INF] 【点赞直播间】407149 完成
[02:06:36 INF] 【点赞直播间】7184632 完成
[02:06:42 INF] 【点赞直播间】23447660 完成
[02:06:47 INF] 【点赞直播间】929670 完成
[02:06:51 INF] 【点赞直播间】11732699 完成
[02:06:54 INF] 【点赞直播间】91164 完成
[02:06:57 INF] --------结束--------

[02:06:57 INF] ---开始 直播时长挂机 ---
[02:06:57 INF] 【获取直播列表】获取拥有粉丝牌的直播列表
[02:06:57 INF] 【点赞直播间】22764265 完成
[02:07:02 INF] 【主播】Mark陌枫 
[02:07:12 INF] 【主播】苏打baka 
[02:07:30 INF] 【主播】特别中二的q3君 
[02:07:47 INF] 【主播】陈抱一 
[02:08:01 INF] 【主播】贪玩的小毅 
[02:08:18 INF] 【主播】KL_qiqi_ 
[02:08:33 INF] 【主播】悠悠球琛总 
[02:08:48 INF] 【主播】新石器公园 
[02:09:04 INF] 【主播】脏小豆 
[02:09:14 INF] 【主播】记录生活的蛋黄派 
[02:09:31 INF] 【主播】FoFTG 
[02:09:45 INF] 【主播】李船长笔记 
[02:10:00 INF] 【直播间】23357926 的第 1 个心跳包发送成功
[02:10:01 INF] 【直播间】23040372 的第 1 个心跳包发送成功
[02:10:02 INF] 【直播间】31494 的第 1 个心跳包发送成功
[02:10:03 INF] 【直播间】4015781 的第 1 个心跳包发送成功
[02:10:05 INF] 【直播间】9619073 的第 1 个心跳包发送成功
[02:10:06 INF] 【直播间】407149 的第 1 个心跳包发送成功
[02:10:07 INF] 【直播间】7184632 的第 1 个心跳包发送成功
[02:10:08 INF] 【直播间】23447660 的第 1 个心跳包发送成功
[02:10:10 INF] 【直播间】929670 的第 1 个心跳包发送成功
[02:10:11 INF] 【直播间】11732699 的第 1 个心跳包发送成功
[02:10:12 INF] 【直播间】91164 的第 1 个心跳包发送成功
[02:10:13 INF] 【直播间】22764265 的第 1 个心跳包发送成功
[02:11:06 INF] 【直播间】23357926 的第 2 个心跳包发送成功
[02:11:07 INF] 【直播间】23040372 的第 2 个心跳包发送成功
[02:11:09 INF] 【直播间】31494 的第 2 个心跳包发送成功
[02:11:10 INF] 【直播间】4015781 的第 2 个心跳包发送成功
[02:11:11 INF] 【直播间】9619073 的第 2 个心跳包发送成功
[02:11:12 INF] 【直播间】407149 的第 2 个心跳包发送成功
[02:11:14 INF] 【直播间】7184632 的第 2 个心跳包发送成功
[02:11:15 INF] 【直播间】23447660 的第 2 个心跳包发送成功
[02:11:16 INF] 【直播间】929670 的第 2 个心跳包发送成功
[02:11:18 INF] 【直播间】11732699 的第 2 个心跳包发送成功
[02:11:19 INF] 【直播间】91164 的第 2 个心跳包发送成功
[02:11:20 INF] 【直播间】22764265 的第 2 个心跳包发送成功
[02:12:13 INF] 【直播间】23357926 的第 3 个心跳包发送成功
[02:12:14 INF] 【直播间】23040372 的第 3 个心跳包发送成功
[02:12:15 INF] 【直播间】31494 的第 3 个心跳包发送成功
[02:12:17 INF] 【直播间】4015781 的第 3 个心跳包发送成功
[02:12:18 INF] 【直播间】9619073 的第 3 个心跳包发送成功
[02:12:19 INF] 【直播间】407149 的第 3 个心跳包发送成功
[02:12:20 INF] 【直播间】7184632 的第 3 个心跳包发送成功
[02:12:21 INF] 【直播间】23447660 的第 3 个心跳包发送成功
[02:12:23 INF] 【直播间】929670 的第 3 个心跳包发送成功
[02:12:24 INF] 【直播间】11732699 的第 3 个心跳包发送成功
[02:12:25 INF] 【直播间】91164 的第 3 个心跳包发送成功
[02:12:27 INF] 【直播间】22764265 的第 3 个心跳包发送成功
[02:13:19 INF] 【直播间】23357926 的第 4 个心跳包发送成功
[02:13:21 INF] 【直播间】23040372 的第 4 个心跳包发送成功
[02:13:22 INF] 【直播间】31494 的第 4 个心跳包发送成功
[02:13:23 INF] 【直播间】4015781 的第 4 个心跳包发送成功
[02:13:24 INF] 【直播间】9619073 的第 4 个心跳包发送成功
[02:13:26 INF] 【直播间】407149 的第 4 个心跳包发送成功
[02:13:27 INF] 【直播间】7184632 的第 4 个心跳包发送成功
[02:13:28 INF] 【直播间】23447660 的第 4 个心跳包发送成功
[02:13:29 INF] 【直播间】929670 的第 4 个心跳包发送成功
[02:13:30 INF] 【直播间】11732699 的第 4 个心跳包发送成功
[02:13:32 INF] 【直播间】91164 的第 4 个心跳包发送成功
[02:13:33 INF] 【直播间】22764265 的第 4 个心跳包发送成功
[02:14:26 INF] 【直播间】23357926 的第 5 个心跳包发送成功
[02:14:27 INF] 【直播间】23040372 的第 5 个心跳包发送成功
[02:14:29 INF] 【直播间】31494 的第 5 个心跳包发送成功
[02:14:30 INF] 【直播间】4015781 的第 5 个心跳包发送成功
[02:14:31 INF] 【直播间】9619073 的第 5 个心跳包发送成功
[02:14:32 INF] 【直播间】407149 的第 5 个心跳包发送成功
[02:14:33 INF] 【直播间】7184632 的第 5 个心跳包发送成功
[02:14:35 INF] 【直播间】23447660 的第 5 个心跳包发送成功
[02:14:36 INF] 【直播间】929670 的第 5 个心跳包发送成功
[02:14:38 INF] 【直播间】11732699 的第 5 个心跳包发送成功
[02:14:39 INF] 【直播间】91164 的第 5 个心跳包发送成功
[02:14:40 INF] 【直播间】22764265 的第 5 个心跳包发送成功
[02:15:33 INF] 【直播间】23357926 的第 6 个心跳包发送成功
[02:15:34 INF] 【直播间】23040372 的第 6 个心跳包发送成功
[02:15:35 INF] 【直播间】31494 的第 6 个心跳包发送成功
[02:15:36 INF] 【直播间】4015781 的第 6 个心跳包发送成功
[02:15:37 INF] 【直播间】9619073 的第 6 个心跳包发送成功
[02:15:39 INF] 【直播间】407149 的第 6 个心跳包发送成功
[02:15:40 INF] 【直播间】7184632 的第 6 个心跳包发送成功
[02:15:41 INF] 【直播间】23447660 的第 6 个心跳包发送成功
[02:15:43 INF] 【直播间】929670 的第 6 个心跳包发送成功
[02:15:44 INF] 【直播间】11732699 的第 6 个心跳包发送成功
[02:15:45 INF] 【直播间】91164 的第 6 个心跳包发送成功
[02:15:46 INF] 【直播间】22764265 的第 6 个心跳包发送成功
[02:16:39 INF] 【直播间】23357926 的第 7 个心跳包发送成功
[02:16:40 INF] 【直播间】23040372 的第 7 个心跳包发送成功
[02:16:42 INF] 【直播间】31494 的第 7 个心跳包发送成功
[02:16:43 INF] 【直播间】4015781 的第 7 个心跳包发送成功
[02:16:44 INF] 【直播间】9619073 的第 7 个心跳包发送成功
[02:16:45 INF] 【直播间】407149 的第 7 个心跳包发送成功
[02:16:46 INF] 【直播间】7184632 的第 7 个心跳包发送成功
[02:16:48 INF] 【直播间】23447660 的第 7 个心跳包发送成功
[02:16:49 INF] 【直播间】929670 的第 7 个心跳包发送成功
[02:16:50 INF] 【直播间】11732699 的第 7 个心跳包发送成功
[02:16:51 INF] 【直播间】91164 的第 7 个心跳包发送成功
[02:16:53 INF] 【直播间】22764265 的第 7 个心跳包发送成功
[02:17:46 INF] 【直播间】23357926 的第 8 个心跳包发送成功
[02:17:47 INF] 【直播间】23040372 的第 8 个心跳包发送成功
[02:17:48 INF] 【直播间】31494 的第 8 个心跳包发送成功
[02:17:50 INF] 【直播间】4015781 的第 8 个心跳包发送成功
[02:17:51 INF] 【直播间】9619073 的第 8 个心跳包发送成功
[02:17:52 INF] 【直播间】407149 的第 8 个心跳包发送成功
[02:17:53 INF] 【直播间】7184632 的第 8 个心跳包发送成功
[02:17:54 INF] 【直播间】23447660 的第 8 个心跳包发送成功
[02:17:56 INF] 【直播间】929670 的第 8 个心跳包发送成功
[02:17:57 INF] 【直播间】11732699 的第 8 个心跳包发送成功
[02:17:58 INF] 【直播间】91164 的第 8 个心跳包发送成功
[02:17:59 INF] 【直播间】22764265 的第 8 个心跳包发送成功
[02:18:52 INF] 【直播间】23357926 的第 9 个心跳包发送成功
[02:18:54 INF] 【直播间】23040372 的第 9 个心跳包发送成功
[02:18:55 INF] 【直播间】31494 的第 9 个心跳包发送成功
[02:18:56 INF] 【直播间】4015781 的第 9 个心跳包发送成功
[02:18:57 INF] 【直播间】9619073 的第 9 个心跳包发送成功
[02:18:59 INF] 【直播间】407149 的第 9 个心跳包发送成功
[02:19:00 INF] 【直播间】7184632 的第 9 个心跳包发送成功
[02:19:01 INF] 【直播间】23447660 的第 9 个心跳包发送成功
[02:19:02 INF] 【直播间】929670 的第 9 个心跳包发送成功
[02:19:04 INF] 【直播间】11732699 的第 9 个心跳包发送成功
[02:19:05 INF] 【直播间】91164 的第 9 个心跳包发送成功
[02:19:06 INF] 【直播间】22764265 的第 9 个心跳包发送成功
[02:19:59 INF] 【直播间】23357926 的第 10 个心跳包发送成功
[02:20:00 INF] 【直播间】23040372 的第 10 个心跳包发送成功
[02:20:01 INF] 【直播间】31494 的第 10 个心跳包发送成功
[02:20:02 INF] 【直播间】4015781 的第 10 个心跳包发送成功
[02:20:04 INF] 【直播间】9619073 的第 10 个心跳包发送成功
[02:20:05 INF] 【直播间】407149 的第 10 个心跳包发送成功
[02:20:06 INF] 【直播间】7184632 的第 10 个心跳包发送成功
[02:20:08 INF] 【直播间】23447660 的第 10 个心跳包发送成功
[02:20:09 INF] 【直播间】929670 的第 10 个心跳包发送成功
[02:20:10 INF] 【直播间】11732699 的第 10 个心跳包发送成功
[02:20:11 INF] 【直播间】91164 的第 10 个心跳包发送成功
[02:20:12 INF] 【直播间】22764265 的第 10 个心跳包发送成功
[02:21:05 INF] 【直播间】23357926 的第 11 个心跳包发送成功
[02:21:06 INF] 【直播间】23040372 的第 11 个心跳包发送成功
[02:21:08 INF] 【直播间】31494 的第 11 个心跳包发送成功
[02:21:09 INF] 【直播间】4015781 的第 11 个心跳包发送成功
[02:21:10 INF] 【直播间】9619073 的第 11 个心跳包发送成功
[02:21:11 INF] 【直播间】407149 的第 11 个心跳包发送成功
[02:21:13 INF] 【直播间】7184632 的第 11 个心跳包发送成功
[02:21:14 INF] 【直播间】23447660 的第 11 个心跳包发送成功
[02:21:15 INF] 【直播间】929670 的第 11 个心跳包发送成功
[02:21:16 INF] 【直播间】11732699 的第 11 个心跳包发送成功
[02:21:17 INF] 【直播间】91164 的第 11 个心跳包发送成功
[02:21:19 INF] 【直播间】22764265 的第 11 个心跳包发送成功
[02:22:12 INF] 【直播间】23357926 的第 12 个心跳包发送成功
[02:22:13 INF] 【直播间】23040372 的第 12 个心跳包发送成功
[02:22:14 INF] 【直播间】31494 的第 12 个心跳包发送成功
[02:22:15 INF] 【直播间】4015781 的第 12 个心跳包发送成功
[02:22:17 INF] 【直播间】9619073 的第 12 个心跳包发送成功
[02:22:18 INF] 【直播间】407149 的第 12 个心跳包发送成功
[02:22:19 INF] 【直播间】7184632 的第 12 个心跳包发送成功
[02:22:20 INF] 【直播间】23447660 的第 12 个心跳包发送成功
[02:22:22 INF] 【直播间】929670 的第 12 个心跳包发送成功
[02:22:23 INF] 【直播间】11732699 的第 12 个心跳包发送成功
[02:22:24 INF] 【直播间】91164 的第 12 个心跳包发送成功
[02:22:25 INF] 【直播间】22764265 的第 12 个心跳包发送成功
[02:23:18 INF] 【直播间】23357926 的第 13 个心跳包发送成功
[02:23:19 INF] 【直播间】23040372 的第 13 个心跳包发送成功
[02:23:21 INF] 【直播间】31494 的第 13 个心跳包发送成功
[02:23:22 INF] 【直播间】4015781 的第 13 个心跳包发送成功
[02:23:23 INF] 【直播间】9619073 的第 13 个心跳包发送成功
[02:23:24 INF] 【直播间】407149 的第 13 个心跳包发送成功
[02:23:26 INF] 【直播间】7184632 的第 13 个心跳包发送成功
[02:23:27 INF] 【直播间】23447660 的第 13 个心跳包发送成功
[02:23:28 INF] 【直播间】929670 的第 13 个心跳包发送成功
[02:23:30 INF] 【直播间】11732699 的第 13 个心跳包发送成功
[02:23:31 INF] 【直播间】91164 的第 13 个心跳包发送成功
[02:23:32 INF] 【直播间】22764265 的第 13 个心跳包发送成功
[02:24:25 INF] 【直播间】23357926 的第 14 个心跳包发送成功
[02:24:26 INF] 【直播间】23040372 的第 14 个心跳包发送成功
[02:24:28 INF] 【直播间】31494 的第 14 个心跳包发送成功
[02:24:29 INF] 【直播间】4015781 的第 14 个心跳包发送成功
[02:24:30 INF] 【直播间】9619073 的第 14 个心跳包发送成功
[02:24:31 INF] 【直播间】407149 的第 14 个心跳包发送成功
[02:24:33 INF] 【直播间】7184632 的第 14 个心跳包发送成功
[02:24:34 INF] 【直播间】23447660 的第 14 个心跳包发送成功
[02:24:35 INF] 【直播间】929670 的第 14 个心跳包发送成功
[02:24:36 INF] 【直播间】11732699 的第 14 个心跳包发送成功
[02:24:38 INF] 【直播间】91164 的第 14 个心跳包发送成功
[02:24:39 INF] 【直播间】22764265 的第 14 个心跳包发送成功
[02:25:31 ERR] 【心跳包】直播间 23357926 发送失败
[02:25:31 ERR] 【原因】time check failed
[02:25:33 ERR] 【心跳包】直播间 23040372 发送失败
[02:25:33 ERR] 【原因】time check failed
[02:25:34 ERR] 【心跳包】直播间 31494 发送失败
[02:25:34 ERR] 【原因】time check failed
[02:25:35 ERR] 【心跳包】直播间 4015781 发送失败
[02:25:35 ERR] 【原因】time check failed
[02:25:36 ERR] 【心跳包】直播间 9619073 发送失败
[02:25:36 ERR] 【原因】time check failed
[02:25:38 ERR] 【心跳包】直播间 407149 发送失败
[02:25:38 ERR] 【原因】time check failed
[02:25:39 ERR] 【心跳包】直播间 7184632 发送失败
[02:25:39 ERR] 【原因】time check failed
[02:25:40 ERR] 【心跳包】直播间 23447660 发送失败
[02:25:40 ERR] 【原因】time check failed
[02:25:42 ERR] 【心跳包】直播间 929670 发送失败
[02:25:42 ERR] 【原因】time check failed
[02:25:43 ERR] 【心跳包】直播间 11732699 发送失败
[02:25:43 ERR] 【原因】time check failed
[02:25:44 ERR] 【心跳包】直播间 91164 发送失败
[02:25:44 ERR] 【原因】time check failed
[02:25:46 ERR] 【心跳包】直播间 22764265 发送失败
[02:25:46 ERR] 【原因】time check failed
[02:26:38 INF] 【直播间】23357926 的第 15 个心跳包发送成功
[02:26:39 INF] 【直播间】23040372 的第 15 个心跳包发送成功
[02:26:40 INF] 【直播间】31494 的第 15 个心跳包发送成功
[02:26:42 INF] 【直播间】4015781 的第 15 个心跳包发送成功
[02:26:43 INF] 【直播间】9619073 的第 15 个心跳包发送成功
[02:26:44 INF] 【直播间】407149 的第 15 个心跳包发送成功
[02:26:46 INF] 【直播间】7184632 的第 15 个心跳包发送成功
[02:26:47 INF] 【直播间】23447660 的第 15 个心跳包发送成功
[02:26:48 INF] 【直播间】929670 的第 15 个心跳包发送成功
[02:26:49 INF] 【直播间】11732699 的第 15 个心跳包发送成功
[02:26:51 INF] 【直播间】91164 的第 15 个心跳包发送成功
[02:26:52 INF] 【直播间】22764265 的第 15 个心跳包发送成功
[02:27:44 INF] 【直播间】23357926 的第 16 个心跳包发送成功
[02:27:46 INF] 【直播间】23040372 的第 16 个心跳包发送成功
[02:27:47 INF] 【直播间】31494 的第 16 个心跳包发送成功
[02:27:48 INF] 【直播间】4015781 的第 16 个心跳包发送成功
[02:27:49 INF] 【直播间】9619073 的第 16 个心跳包发送成功
[02:27:51 INF] 【直播间】407149 的第 16 个心跳包发送成功
[02:27:52 INF] 【直播间】7184632 的第 16 个心跳包发送成功
[02:27:53 INF] 【直播间】23447660 的第 16 个心跳包发送成功
[02:27:55 INF] 【直播间】929670 的第 16 个心跳包发送成功
[02:27:56 INF] 【直播间】11732699 的第 16 个心跳包发送成功
[02:27:57 INF] 【直播间】91164 的第 16 个心跳包发送成功
[02:27:58 INF] 【直播间】22764265 的第 16 个心跳包发送成功
[02:28:51 INF] 【直播间】23357926 的第 17 个心跳包发送成功
[02:28:52 INF] 【直播间】23040372 的第 17 个心跳包发送成功
[02:28:53 INF] 【直播间】31494 的第 17 个心跳包发送成功
[02:28:55 INF] 【直播间】4015781 的第 17 个心跳包发送成功
[02:28:56 INF] 【直播间】9619073 的第 17 个心跳包发送成功
[02:28:57 INF] 【直播间】407149 的第 17 个心跳包发送成功
[02:28:59 INF] 【直播间】7184632 的第 17 个心跳包发送成功
[02:29:00 INF] 【直播间】23447660 的第 17 个心跳包发送成功
[02:29:01 INF] 【直播间】929670 的第 17 个心跳包发送成功
[02:29:02 INF] 【直播间】11732699 的第 17 个心跳包发送成功
[02:29:03 INF] 【直播间】91164 的第 17 个心跳包发送成功
[02:29:05 INF] 【直播间】22764265 的第 17 个心跳包发送成功
[02:29:57 INF] 【直播间】23357926 的第 18 个心跳包发送成功
[02:29:58 INF] 【直播间】23040372 的第 18 个心跳包发送成功
[02:30:00 INF] 【直播间】31494 的第 18 个心跳包发送成功
[02:30:01 INF] 【直播间】4015781 的第 18 个心跳包发送成功
[02:30:02 INF] 【直播间】9619073 的第 18 个心跳包发送成功
[02:30:03 INF] 【直播间】407149 的第 18 个心跳包发送成功
[02:30:05 INF] 【直播间】7184632 的第 18 个心跳包发送成功
[02:30:06 INF] 【直播间】23447660 的第 18 个心跳包发送成功
[02:30:07 INF] 【直播间】929670 的第 18 个心跳包发送成功
[02:30:08 INF] 【直播间】11732699 的第 18 个心跳包发送成功
[02:30:10 INF] 【直播间】91164 的第 18 个心跳包发送成功
[02:30:11 INF] 【直播间】22764265 的第 18 个心跳包发送成功
[02:31:04 INF] 【直播间】23357926 的第 19 个心跳包发送成功
[02:31:05 INF] 【直播间】23040372 的第 19 个心跳包发送成功
[02:31:06 INF] 【直播间】31494 的第 19 个心跳包发送成功
[02:31:08 INF] 【直播间】4015781 的第 19 个心跳包发送成功
[02:31:09 INF] 【直播间】9619073 的第 19 个心跳包发送成功
[02:31:10 INF] 【直播间】407149 的第 19 个心跳包发送成功
[02:31:11 INF] 【直播间】7184632 的第 19 个心跳包发送成功
[02:31:13 INF] 【直播间】23447660 的第 19 个心跳包发送成功
[02:31:14 INF] 【直播间】929670 的第 19 个心跳包发送成功
[02:31:15 INF] 【直播间】11732699 的第 19 个心跳包发送成功
[02:31:16 INF] 【直播间】91164 的第 19 个心跳包发送成功
[02:31:18 INF] 【直播间】22764265 的第 19 个心跳包发送成功
[02:32:10 INF] 【直播间】23357926 的第 20 个心跳包发送成功
[02:32:11 INF] 【直播间】23040372 的第 20 个心跳包发送成功
[02:32:13 INF] 【直播间】31494 的第 20 个心跳包发送成功
[02:32:14 INF] 【直播间】4015781 的第 20 个心跳包发送成功
[02:32:15 INF] 【直播间】9619073 的第 20 个心跳包发送成功
[02:32:16 INF] 【直播间】407149 的第 20 个心跳包发送成功
[02:32:18 INF] 【直播间】7184632 的第 20 个心跳包发送成功
[02:32:19 INF] 【直播间】23447660 的第 20 个心跳包发送成功
[02:32:20 INF] 【直播间】929670 的第 20 个心跳包发送成功
[02:32:21 INF] 【直播间】11732699 的第 20 个心跳包发送成功
[02:32:23 INF] 【直播间】91164 的第 20 个心跳包发送成功
[02:32:24 INF] 【直播间】22764265 的第 20 个心跳包发送成功
[02:33:18 INF] 【直播间】23357926 的第 21 个心跳包发送成功
[02:33:19 INF] 【直播间】23040372 的第 21 个心跳包发送成功
[02:33:20 INF] 【直播间】31494 的第 21 个心跳包发送成功
[02:33:21 INF] 【直播间】4015781 的第 21 个心跳包发送成功
[02:33:23 INF] 【直播间】9619073 的第 21 个心跳包发送成功
[02:33:24 INF] 【直播间】407149 的第 21 个心跳包发送成功
[02:33:25 INF] 【直播间】7184632 的第 21 个心跳包发送成功
[02:33:27 INF] 【直播间】23447660 的第 21 个心跳包发送成功
[02:33:28 INF] 【直播间】929670 的第 21 个心跳包发送成功
[02:33:29 INF] 【直播间】11732699 的第 21 个心跳包发送成功
[02:33:30 INF] 【直播间】91164 的第 21 个心跳包发送成功
[02:33:31 INF] 【直播间】22764265 的第 21 个心跳包发送成功
[02:34:24 INF] 【直播间】23357926 的第 22 个心跳包发送成功
[02:34:25 INF] 【直播间】23040372 的第 22 个心跳包发送成功
[02:34:27 INF] 【直播间】31494 的第 22 个心跳包发送成功
[02:34:28 INF] 【直播间】4015781 的第 22 个心跳包发送成功
[02:34:29 INF] 【直播间】9619073 的第 22 个心跳包发送成功
[02:34:30 INF] 【直播间】407149 的第 22 个心跳包发送成功
[02:34:32 INF] 【直播间】7184632 的第 22 个心跳包发送成功
[02:34:33 INF] 【直播间】23447660 的第 22 个心跳包发送成功
[02:34:34 INF] 【直播间】929670 的第 22 个心跳包发送成功
[02:34:35 INF] 【直播间】11732699 的第 22 个心跳包发送成功
[02:34:36 INF] 【直播间】91164 的第 22 个心跳包发送成功
[02:34:38 INF] 【直播间】22764265 的第 22 个心跳包发送成功
[02:35:31 INF] 【直播间】23357926 的第 23 个心跳包发送成功
[02:35:32 INF] 【直播间】23040372 的第 23 个心跳包发送成功
[02:35:33 INF] 【直播间】31494 的第 23 个心跳包发送成功
[02:35:34 INF] 【直播间】4015781 的第 23 个心跳包发送成功
[02:35:36 INF] 【直播间】9619073 的第 23 个心跳包发送成功
[02:35:37 INF] 【直播间】407149 的第 23 个心跳包发送成功
[02:35:38 INF] 【直播间】7184632 的第 23 个心跳包发送成功
[02:35:39 INF] 【直播间】23447660 的第 23 个心跳包发送成功
[02:35:41 INF] 【直播间】929670 的第 23 个心跳包发送成功
[02:35:42 INF] 【直播间】11732699 的第 23 个心跳包发送成功
[02:35:43 INF] 【直播间】91164 的第 23 个心跳包发送成功
[02:35:44 INF] 【直播间】22764265 的第 23 个心跳包发送成功
[02:36:37 INF] 【直播间】23357926 的第 24 个心跳包发送成功
[02:36:38 INF] 【直播间】23040372 的第 24 个心跳包发送成功
[02:36:40 INF] 【直播间】31494 的第 24 个心跳包发送成功
[02:36:41 INF] 【直播间】4015781 的第 24 个心跳包发送成功
[02:36:42 INF] 【直播间】9619073 的第 24 个心跳包发送成功
[02:36:43 INF] 【直播间】407149 的第 24 个心跳包发送成功
[02:36:44 INF] 【直播间】7184632 的第 24 个心跳包发送成功
[02:36:46 INF] 【直播间】23447660 的第 24 个心跳包发送成功
[02:36:47 INF] 【直播间】929670 的第 24 个心跳包发送成功
[02:36:48 INF] 【直播间】11732699 的第 24 个心跳包发送成功
[02:36:49 INF] 【直播间】91164 的第 24 个心跳包发送成功
[02:36:51 INF] 【直播间】22764265 的第 24 个心跳包发送成功
[02:37:44 INF] 【直播间】23357926 的第 25 个心跳包发送成功
[02:37:45 INF] 【直播间】23040372 的第 25 个心跳包发送成功
[02:37:46 INF] 【直播间】31494 的第 25 个心跳包发送成功
[02:37:48 INF] 【直播间】4015781 的第 25 个心跳包发送成功
[02:37:49 INF] 【直播间】9619073 的第 25 个心跳包发送成功
[02:37:50 INF] 【直播间】407149 的第 25 个心跳包发送成功
[02:37:51 INF] 【直播间】7184632 的第 25 个心跳包发送成功
[02:37:53 INF] 【直播间】23447660 的第 25 个心跳包发送成功
[02:37:54 INF] 【直播间】929670 的第 25 个心跳包发送成功
[02:37:55 INF] 【直播间】11732699 的第 25 个心跳包发送成功
[02:37:56 INF] 【直播间】91164 的第 25 个心跳包发送成功
[02:37:58 INF] 【直播间】22764265 的第 25 个心跳包发送成功
[02:38:51 INF] 【直播间】23357926 的第 26 个心跳包发送成功
[02:38:52 INF] 【直播间】23040372 的第 26 个心跳包发送成功
[02:38:53 INF] 【直播间】31494 的第 26 个心跳包发送成功
[02:38:54 INF] 【直播间】4015781 的第 26 个心跳包发送成功
[02:38:56 INF] 【直播间】9619073 的第 26 个心跳包发送成功
[02:38:57 INF] 【直播间】407149 的第 26 个心跳包发送成功
[02:38:58 INF] 【直播间】7184632 的第 26 个心跳包发送成功
[02:38:59 INF] 【直播间】23447660 的第 26 个心跳包发送成功
[02:39:01 INF] 【直播间】929670 的第 26 个心跳包发送成功
[02:39:02 INF] 【直播间】11732699 的第 26 个心跳包发送成功
[02:39:03 INF] 【直播间】91164 的第 26 个心跳包发送成功
[02:39:04 INF] 【直播间】22764265 的第 26 个心跳包发送成功
[02:39:57 INF] 【直播间】23357926 的第 27 个心跳包发送成功
[02:39:58 INF] 【直播间】23040372 的第 27 个心跳包发送成功
[02:40:00 INF] 【直播间】31494 的第 27 个心跳包发送成功
[02:40:01 INF] 【直播间】4015781 的第 27 个心跳包发送成功
[02:40:02 INF] 【直播间】9619073 的第 27 个心跳包发送成功
[02:40:04 INF] 【直播间】407149 的第 27 个心跳包发送成功
[02:40:05 INF] 【直播间】7184632 的第 27 个心跳包发送成功
[02:40:06 INF] 【直播间】23447660 的第 27 个心跳包发送成功
[02:40:07 INF] 【直播间】929670 的第 27 个心跳包发送成功
[02:40:08 INF] 【直播间】11732699 的第 27 个心跳包发送成功
[02:40:10 INF] 【直播间】91164 的第 27 个心跳包发送成功
[02:40:11 INF] 【直播间】22764265 的第 27 个心跳包发送成功
[02:41:04 ERR] 【心跳包】直播间 23357926 发送失败
[02:41:04 ERR] 【原因】time check failed
[02:41:05 ERR] 【心跳包】直播间 23040372 发送失败
[02:41:05 ERR] 【原因】time check failed
[02:41:06 ERR] 【心跳包】直播间 31494 发送失败
[02:41:06 ERR] 【原因】time check failed
[02:41:07 ERR] 【心跳包】直播间 4015781 发送失败
[02:41:07 ERR] 【原因】time check failed
[02:41:09 ERR] 【心跳包】直播间 9619073 发送失败
[02:41:09 ERR] 【原因】time check failed
[02:41:10 ERR] 【心跳包】直播间 407149 发送失败
[02:41:10 ERR] 【原因】time check failed
[02:41:11 ERR] 【心跳包】直播间 7184632 发送失败
[02:41:11 ERR] 【原因】time check failed
[02:41:12 ERR] 【心跳包】直播间 23447660 发送失败
[02:41:12 ERR] 【原因】time check failed
[02:41:13 ERR] 【心跳包】直播间 929670 发送失败
[02:41:13 ERR] 【原因】time check failed
[02:41:15 ERR] 【心跳包】直播间 11732699 发送失败
[02:41:15 ERR] 【原因】time check failed
[02:41:16 ERR] 【心跳包】直播间 91164 发送失败
[02:41:16 ERR] 【原因】time check failed
[02:41:17 ERR] 【心跳包】直播间 22764265 发送失败
[02:41:17 ERR] 【原因】time check failed
[02:42:10 INF] 【直播间】23357926 的第 28 个心跳包发送成功
[02:42:12 INF] 【直播间】23040372 的第 28 个心跳包发送成功
[02:42:13 INF] 【直播间】31494 的第 28 个心跳包发送成功
[02:42:14 INF] 【直播间】4015781 的第 28 个心跳包发送成功
[02:42:16 INF] 【直播间】9619073 的第 28 个心跳包发送成功
[02:42:17 INF] 【直播间】407149 的第 28 个心跳包发送成功
[02:42:18 INF] 【直播间】7184632 的第 28 个心跳包发送成功
[02:42:19 INF] 【直播间】23447660 的第 28 个心跳包发送成功
[02:42:21 INF] 【直播间】929670 的第 28 个心跳包发送成功
[02:42:22 INF] 【直播间】11732699 的第 28 个心跳包发送成功
[02:42:23 INF] 【直播间】91164 的第 28 个心跳包发送成功
[02:42:24 INF] 【直播间】22764265 的第 28 个心跳包发送成功
[02:43:17 INF] 【直播间】23357926 的第 29 个心跳包发送成功
[02:43:18 INF] 【直播间】23040372 的第 29 个心跳包发送成功
[02:43:19 INF] 【直播间】31494 的第 29 个心跳包发送成功
[02:43:21 INF] 【直播间】4015781 的第 29 个心跳包发送成功
[02:43:22 INF] 【直播间】9619073 的第 29 个心跳包发送成功
[02:43:23 INF] 【直播间】407149 的第 29 个心跳包发送成功
[02:43:24 INF] 【直播间】7184632 的第 29 个心跳包发送成功
[02:43:26 INF] 【直播间】23447660 的第 29 个心跳包发送成功
[02:43:27 INF] 【直播间】929670 的第 29 个心跳包发送成功
[02:43:28 INF] 【直播间】11732699 的第 29 个心跳包发送成功
[02:43:30 INF] 【直播间】91164 的第 29 个心跳包发送成功
[02:43:31 INF] 【直播间】22764265 的第 29 个心跳包发送成功
[02:44:24 INF] 【直播间】23357926 的第 30 个心跳包发送成功
[02:44:25 INF] 【直播间】23040372 的第 30 个心跳包发送成功
[02:44:26 INF] 【直播间】31494 的第 30 个心跳包发送成功
[02:44:28 INF] 【直播间】4015781 的第 30 个心跳包发送成功
[02:44:29 INF] 【直播间】9619073 的第 30 个心跳包发送成功
[02:44:30 INF] 【直播间】407149 的第 30 个心跳包发送成功
[02:44:31 INF] 【直播间】7184632 的第 30 个心跳包发送成功
[02:44:33 INF] 【直播间】23447660 的第 30 个心跳包发送成功
[02:44:34 INF] 【直播间】929670 的第 30 个心跳包发送成功
[02:44:35 INF] 【直播间】11732699 的第 30 个心跳包发送成功
[02:44:36 INF] 【直播间】91164 的第 30 个心跳包发送成功
[02:44:38 INF] 【直播间】22764265 的第 30 个心跳包发送成功
[02:45:30 INF] 【直播间】23357926 的第 31 个心跳包发送成功
[02:45:32 INF] 【直播间】23040372 的第 31 个心跳包发送成功
[02:45:33 INF] 【直播间】31494 的第 31 个心跳包发送成功
[02:45:34 INF] 【直播间】4015781 的第 31 个心跳包发送成功
[02:45:35 INF] 【直播间】9619073 的第 31 个心跳包发送成功
[02:45:37 INF] 【直播间】407149 的第 31 个心跳包发送成功
[02:45:38 INF] 【直播间】7184632 的第 31 个心跳包发送成功
[02:45:39 INF] 【直播间】23447660 的第 31 个心跳包发送成功
[02:45:40 INF] 【直播间】929670 的第 31 个心跳包发送成功
[02:45:42 INF] 【直播间】11732699 的第 31 个心跳包发送成功
[02:45:43 INF] 【直播间】91164 的第 31 个心跳包发送成功
[02:45:44 INF] 【直播间】22764265 的第 31 个心跳包发送成功
[02:46:37 INF] 【直播间】23357926 的第 32 个心跳包发送成功
[02:46:38 INF] 【直播间】23040372 的第 32 个心跳包发送成功
[02:46:39 INF] 【直播间】31494 的第 32 个心跳包发送成功
[02:46:41 INF] 【直播间】4015781 的第 32 个心跳包发送成功
[02:46:42 INF] 【直播间】9619073 的第 32 个心跳包发送成功
[02:46:43 INF] 【直播间】407149 的第 32 个心跳包发送成功
[02:46:44 INF] 【直播间】7184632 的第 32 个心跳包发送成功
[02:46:45 INF] 【直播间】23447660 的第 32 个心跳包发送成功
[02:46:47 INF] 【直播间】929670 的第 32 个心跳包发送成功
[02:46:48 INF] 【直播间】11732699 的第 32 个心跳包发送成功
[02:46:49 INF] 【直播间】91164 的第 32 个心跳包发送成功
[02:46:50 INF] 【直播间】22764265 的第 32 个心跳包发送成功
[02:47:43 INF] 【直播间】23357926 的第 33 个心跳包发送成功
[02:47:45 INF] 【直播间】23040372 的第 33 个心跳包发送成功
[02:47:46 INF] 【直播间】31494 的第 33 个心跳包发送成功
[02:47:47 INF] 【直播间】4015781 的第 33 个心跳包发送成功
[02:47:48 INF] 【直播间】9619073 的第 33 个心跳包发送成功
[02:47:50 INF] 【直播间】407149 的第 33 个心跳包发送成功
[02:47:51 INF] 【直播间】7184632 的第 33 个心跳包发送成功
[02:47:52 INF] 【直播间】23447660 的第 33 个心跳包发送成功
[02:47:53 INF] 【直播间】929670 的第 33 个心跳包发送成功
[02:47:55 INF] 【直播间】11732699 的第 33 个心跳包发送成功
[02:47:56 INF] 【直播间】91164 的第 33 个心跳包发送成功
[02:47:57 INF] 【直播间】22764265 的第 33 个心跳包发送成功
[02:48:50 INF] 【直播间】23357926 的第 34 个心跳包发送成功
[02:48:51 INF] 【直播间】23040372 的第 34 个心跳包发送成功
[02:48:53 INF] 【直播间】31494 的第 34 个心跳包发送成功
[02:48:54 INF] 【直播间】4015781 的第 34 个心跳包发送成功
[02:48:55 INF] 【直播间】9619073 的第 34 个心跳包发送成功
[02:48:56 INF] 【直播间】407149 的第 34 个心跳包发送成功
[02:48:57 INF] 【直播间】7184632 的第 34 个心跳包发送成功
[02:48:59 INF] 【直播间】23447660 的第 34 个心跳包发送成功
[02:49:00 INF] 【直播间】929670 的第 34 个心跳包发送成功
[02:49:01 INF] 【直播间】11732699 的第 34 个心跳包发送成功
[02:49:03 INF] 【直播间】91164 的第 34 个心跳包发送成功
[02:49:04 INF] 【直播间】22764265 的第 34 个心跳包发送成功
[02:49:57 INF] 【直播间】23357926 的第 35 个心跳包发送成功
[02:49:58 INF] 【直播间】23040372 的第 35 个心跳包发送成功
[02:49:59 INF] 【直播间】31494 的第 35 个心跳包发送成功
[02:50:00 INF] 【直播间】4015781 的第 35 个心跳包发送成功
[02:50:01 INF] 【直播间】9619073 的第 35 个心跳包发送成功
[02:50:03 INF] 【直播间】407149 的第 35 个心跳包发送成功
[02:50:04 INF] 【直播间】7184632 的第 35 个心跳包发送成功
[02:50:05 INF] 【直播间】23447660 的第 35 个心跳包发送成功
[02:50:06 INF] 【直播间】929670 的第 35 个心跳包发送成功
[02:50:08 INF] 【直播间】11732699 的第 35 个心跳包发送成功
[02:50:09 INF] 【直播间】91164 的第 35 个心跳包发送成功
[02:50:10 INF] 【直播间】22764265 的第 35 个心跳包发送成功
[02:51:03 INF] 【直播间】23357926 的第 36 个心跳包发送成功
[02:51:04 INF] 【直播间】23040372 的第 36 个心跳包发送成功
[02:51:05 INF] 【直播间】31494 的第 36 个心跳包发送成功
[02:51:07 INF] 【直播间】4015781 的第 36 个心跳包发送成功
[02:51:08 INF] 【直播间】9619073 的第 36 个心跳包发送成功
[02:51:09 INF] 【直播间】407149 的第 36 个心跳包发送成功
[02:51:10 INF] 【直播间】7184632 的第 36 个心跳包发送成功
[02:51:12 INF] 【直播间】23447660 的第 36 个心跳包发送成功
[02:51:13 INF] 【直播间】929670 的第 36 个心跳包发送成功
[02:51:14 INF] 【直播间】11732699 的第 36 个心跳包发送成功
[02:51:15 INF] 【直播间】91164 的第 36 个心跳包发送成功
[02:51:17 INF] 【直播间】22764265 的第 36 个心跳包发送成功
[02:52:09 INF] 【直播间】23357926 的第 37 个心跳包发送成功
[02:52:11 INF] 【直播间】23040372 的第 37 个心跳包发送成功
[02:52:12 INF] 【直播间】31494 的第 37 个心跳包发送成功
[02:52:13 INF] 【直播间】4015781 的第 37 个心跳包发送成功
[02:52:14 INF] 【直播间】9619073 的第 37 个心跳包发送成功
[02:52:16 INF] 【直播间】407149 的第 37 个心跳包发送成功
[02:52:17 INF] 【直播间】7184632 的第 37 个心跳包发送成功
[02:52:18 INF] 【直播间】23447660 的第 37 个心跳包发送成功
[02:52:19 INF] 【直播间】929670 的第 37 个心跳包发送成功
[02:52:20 INF] 【直播间】11732699 的第 37 个心跳包发送成功
[02:52:22 INF] 【直播间】91164 的第 37 个心跳包发送成功
[02:52:23 INF] 【直播间】22764265 的第 37 个心跳包发送成功
[02:53:16 INF] 【直播间】23357926 的第 38 个心跳包发送成功
[02:53:17 INF] 【直播间】23040372 的第 38 个心跳包发送成功
[02:53:18 INF] 【直播间】31494 的第 38 个心跳包发送成功
[02:53:20 INF] 【直播间】4015781 的第 38 个心跳包发送成功
[02:53:21 INF] 【直播间】9619073 的第 38 个心跳包发送成功
[02:53:22 INF] 【直播间】407149 的第 38 个心跳包发送成功
[02:53:23 INF] 【直播间】7184632 的第 38 个心跳包发送成功
[02:53:25 INF] 【直播间】23447660 的第 38 个心跳包发送成功
[02:53:26 INF] 【直播间】929670 的第 38 个心跳包发送成功
[02:53:27 INF] 【直播间】11732699 的第 38 个心跳包发送成功
[02:53:29 INF] 【直播间】91164 的第 38 个心跳包发送成功
[02:53:30 INF] 【直播间】22764265 的第 38 个心跳包发送成功
[02:54:23 INF] 【直播间】23357926 的第 39 个心跳包发送成功
[02:54:24 INF] 【直播间】23040372 的第 39 个心跳包发送成功
[02:54:25 INF] 【直播间】31494 的第 39 个心跳包发送成功
[02:54:26 INF] 【直播间】4015781 的第 39 个心跳包发送成功
[02:54:28 INF] 【直播间】9619073 的第 39 个心跳包发送成功
[02:54:29 INF] 【直播间】407149 的第 39 个心跳包发送成功
[02:54:30 INF] 【直播间】7184632 的第 39 个心跳包发送成功
[02:54:31 INF] 【直播间】23447660 的第 39 个心跳包发送成功
[02:54:33 INF] 【直播间】929670 的第 39 个心跳包发送成功
[02:54:34 INF] 【直播间】11732699 的第 39 个心跳包发送成功
[02:54:35 INF] 【直播间】91164 的第 39 个心跳包发送成功
[02:54:36 INF] 【直播间】22764265 的第 39 个心跳包发送成功
[02:55:29 INF] 【直播间】23357926 的第 40 个心跳包发送成功
[02:55:30 INF] 【直播间】23040372 的第 40 个心跳包发送成功
[02:55:32 INF] 【直播间】31494 的第 40 个心跳包发送成功
[02:55:33 INF] 【直播间】4015781 的第 40 个心跳包发送成功
[02:55:34 INF] 【直播间】9619073 的第 40 个心跳包发送成功
[02:55:35 INF] 【直播间】407149 的第 40 个心跳包发送成功
[02:55:36 INF] 【直播间】7184632 的第 40 个心跳包发送成功
[02:55:38 INF] 【直播间】23447660 的第 40 个心跳包发送成功
[02:55:39 INF] 【直播间】929670 的第 40 个心跳包发送成功
[02:55:40 INF] 【直播间】11732699 的第 40 个心跳包发送成功
[02:55:42 INF] 【直播间】91164 的第 40 个心跳包发送成功
[02:55:43 INF] 【直播间】22764265 的第 40 个心跳包发送成功
[02:56:36 ERR] 【心跳包】直播间 23357926 发送失败
[02:56:36 ERR] 【原因】time check failed
[02:56:37 ERR] 【心跳包】直播间 23040372 发送失败
[02:56:37 ERR] 【原因】time check failed
[02:56:38 ERR] 【心跳包】直播间 31494 发送失败
[02:56:38 ERR] 【原因】time check failed
[02:56:39 ERR] 【心跳包】直播间 4015781 发送失败
[02:56:39 ERR] 【原因】time check failed
[02:56:41 ERR] 【心跳包】直播间 9619073 发送失败
[02:56:41 ERR] 【原因】time check failed
[02:56:42 ERR] 【心跳包】直播间 407149 发送失败
[02:56:42 ERR] 【原因】time check failed
[02:56:43 ERR] 【心跳包】直播间 7184632 发送失败
[02:56:43 ERR] 【原因】time check failed
[02:56:44 ERR] 【心跳包】直播间 23447660 发送失败
[02:56:44 ERR] 【原因】time check failed
[02:56:45 ERR] 【心跳包】直播间 929670 发送失败
[02:56:45 ERR] 【原因】time check failed
[02:56:47 ERR] 【心跳包】直播间 11732699 发送失败
[02:56:47 ERR] 【原因】time check failed
[02:56:48 ERR] 【心跳包】直播间 91164 发送失败
[02:56:48 ERR] 【原因】time check failed
[02:56:49 ERR] 【心跳包】直播间 22764265 发送失败
[02:56:49 ERR] 【原因】time check failed
[02:57:42 INF] 【直播间】23357926 的第 41 个心跳包发送成功
[02:57:43 INF] 【直播间】23040372 的第 41 个心跳包发送成功
[02:57:45 INF] 【直播间】31494 的第 41 个心跳包发送成功
[02:57:46 INF] 【直播间】4015781 的第 41 个心跳包发送成功
[02:57:47 INF] 【直播间】9619073 的第 41 个心跳包发送成功
[02:57:48 INF] 【直播间】407149 的第 41 个心跳包发送成功
[02:57:50 INF] 【直播间】7184632 的第 41 个心跳包发送成功
[02:57:51 INF] 【直播间】23447660 的第 41 个心跳包发送成功
[02:57:52 INF] 【直播间】929670 的第 41 个心跳包发送成功
[02:57:53 INF] 【直播间】11732699 的第 41 个心跳包发送成功
[02:57:55 INF] 【直播间】91164 的第 41 个心跳包发送成功
[02:57:56 INF] 【直播间】22764265 的第 41 个心跳包发送成功
[02:58:49 INF] 【直播间】23357926 的第 42 个心跳包发送成功
[02:58:50 INF] 【直播间】23040372 的第 42 个心跳包发送成功
[02:58:51 INF] 【直播间】31494 的第 42 个心跳包发送成功
[02:58:52 INF] 【直播间】4015781 的第 42 个心跳包发送成功
[02:58:53 INF] 【直播间】9619073 的第 42 个心跳包发送成功
[02:58:55 INF] 【直播间】407149 的第 42 个心跳包发送成功
[02:58:56 INF] 【直播间】7184632 的第 42 个心跳包发送成功
[02:58:57 INF] 【直播间】23447660 的第 42 个心跳包发送成功
[02:58:58 INF] 【直播间】929670 的第 42 个心跳包发送成功
[02:59:00 INF] 【直播间】11732699 的第 42 个心跳包发送成功
[02:59:01 INF] 【直播间】91164 的第 42 个心跳包发送成功
[02:59:02 INF] 【直播间】22764265 的第 42 个心跳包发送成功
[02:59:55 INF] 【直播间】23357926 的第 43 个心跳包发送成功
[02:59:56 INF] 【直播间】23040372 的第 43 个心跳包发送成功
[02:59:57 INF] 【直播间】31494 的第 43 个心跳包发送成功
[02:59:59 INF] 【直播间】4015781 的第 43 个心跳包发送成功
[03:00:00 INF] 【直播间】9619073 的第 43 个心跳包发送成功
[03:00:01 INF] 【直播间】407149 的第 43 个心跳包发送成功
[03:00:02 INF] 【直播间】7184632 的第 43 个心跳包发送成功
[03:00:04 INF] 【直播间】23447660 的第 43 个心跳包发送成功
[03:00:05 INF] 【直播间】929670 的第 43 个心跳包发送成功
[03:00:06 INF] 【直播间】11732699 的第 43 个心跳包发送成功
[03:00:07 INF] 【直播间】91164 的第 43 个心跳包发送成功
[03:00:09 INF] 【直播间】22764265 的第 43 个心跳包发送成功
[03:01:01 INF] 【直播间】23357926 的第 44 个心跳包发送成功
[03:01:03 INF] 【直播间】23040372 的第 44 个心跳包发送成功
[03:01:04 INF] 【直播间】31494 的第 44 个心跳包发送成功
[03:01:05 INF] 【直播间】4015781 的第 44 个心跳包发送成功
[03:01:06 INF] 【直播间】9619073 的第 44 个心跳包发送成功
[03:01:08 INF] 【直播间】407149 的第 44 个心跳包发送成功
[03:01:09 INF] 【直播间】7184632 的第 44 个心跳包发送成功
[03:01:10 INF] 【直播间】23447660 的第 44 个心跳包发送成功
[03:01:11 INF] 【直播间】929670 的第 44 个心跳包发送成功
[03:01:13 INF] 【直播间】11732699 的第 44 个心跳包发送成功
[03:01:14 INF] 【直播间】91164 的第 44 个心跳包发送成功
[03:01:15 INF] 【直播间】22764265 的第 44 个心跳包发送成功
[03:02:08 INF] 【直播间】23357926 的第 45 个心跳包发送成功
[03:02:09 INF] 【直播间】23040372 的第 45 个心跳包发送成功
[03:02:10 INF] 【直播间】31494 的第 45 个心跳包发送成功
[03:02:12 INF] 【直播间】4015781 的第 45 个心跳包发送成功
[03:02:13 INF] 【直播间】9619073 的第 45 个心跳包发送成功
[03:02:14 INF] 【直播间】407149 的第 45 个心跳包发送成功
[03:02:16 INF] 【直播间】7184632 的第 45 个心跳包发送成功
[03:02:17 INF] 【直播间】23447660 的第 45 个心跳包发送成功
[03:02:18 INF] 【直播间】929670 的第 45 个心跳包发送成功
[03:02:19 INF] 【直播间】11732699 的第 45 个心跳包发送成功
[03:02:20 INF] 【直播间】91164 的第 45 个心跳包发送成功
[03:02:22 INF] 【直播间】22764265 的第 45 个心跳包发送成功
[03:03:15 INF] 【直播间】23357926 的第 46 个心跳包发送成功
[03:03:16 INF] 【直播间】23040372 的第 46 个心跳包发送成功
[03:03:17 INF] 【直播间】31494 的第 46 个心跳包发送成功
[03:03:18 INF] 【直播间】4015781 的第 46 个心跳包发送成功
[03:03:20 INF] 【直播间】9619073 的第 46 个心跳包发送成功
[03:03:21 INF] 【直播间】407149 的第 46 个心跳包发送成功
[03:03:22 INF] 【直播间】7184632 的第 46 个心跳包发送成功
[03:03:23 INF] 【直播间】23447660 的第 46 个心跳包发送成功
[03:03:24 INF] 【直播间】929670 的第 46 个心跳包发送成功
[03:03:26 INF] 【直播间】11732699 的第 46 个心跳包发送成功
[03:03:27 INF] 【直播间】91164 的第 46 个心跳包发送成功
[03:03:28 INF] 【直播间】22764265 的第 46 个心跳包发送成功
[03:04:21 INF] 【直播间】23357926 的第 47 个心跳包发送成功
[03:04:22 INF] 【直播间】23040372 的第 47 个心跳包发送成功
[03:04:23 INF] 【直播间】31494 的第 47 个心跳包发送成功
[03:04:25 INF] 【直播间】4015781 的第 47 个心跳包发送成功
[03:04:26 INF] 【直播间】9619073 的第 47 个心跳包发送成功
[03:04:27 INF] 【直播间】407149 的第 47 个心跳包发送成功
[03:04:28 INF] 【直播间】7184632 的第 47 个心跳包发送成功
[03:04:29 INF] 【直播间】23447660 的第 47 个心跳包发送成功
[03:04:31 INF] 【直播间】929670 的第 47 个心跳包发送成功
[03:04:32 INF] 【直播间】11732699 的第 47 个心跳包发送成功
[03:04:33 INF] 【直播间】91164 的第 47 个心跳包发送成功
[03:04:34 INF] 【直播间】22764265 的第 47 个心跳包发送成功
[03:05:27 INF] 【直播间】23357926 的第 48 个心跳包发送成功
[03:05:29 INF] 【直播间】23040372 的第 48 个心跳包发送成功
[03:05:30 INF] 【直播间】31494 的第 48 个心跳包发送成功
[03:05:31 INF] 【直播间】4015781 的第 48 个心跳包发送成功
[03:05:33 INF] 【直播间】9619073 的第 48 个心跳包发送成功
[03:05:34 INF] 【直播间】407149 的第 48 个心跳包发送成功
[03:05:35 INF] 【直播间】7184632 的第 48 个心跳包发送成功
[03:05:36 INF] 【直播间】23447660 的第 48 个心跳包发送成功
[03:05:37 INF] 【直播间】929670 的第 48 个心跳包发送成功
[03:05:39 INF] 【直播间】11732699 的第 48 个心跳包发送成功
[03:05:40 INF] 【直播间】91164 的第 48 个心跳包发送成功
[03:05:41 INF] 【直播间】22764265 的第 48 个心跳包发送成功
[03:06:34 INF] 【直播间】23357926 的第 49 个心跳包发送成功
[03:06:35 INF] 【直播间】23040372 的第 49 个心跳包发送成功
[03:06:36 INF] 【直播间】31494 的第 49 个心跳包发送成功
[03:06:38 INF] 【直播间】4015781 的第 49 个心跳包发送成功
[03:06:39 INF] 【直播间】9619073 的第 49 个心跳包发送成功
[03:06:40 INF] 【直播间】407149 的第 49 个心跳包发送成功
[03:06:41 INF] 【直播间】7184632 的第 49 个心跳包发送成功
[03:06:42 INF] 【直播间】23447660 的第 49 个心跳包发送成功
[03:06:44 INF] 【直播间】929670 的第 49 个心跳包发送成功
[03:06:45 INF] 【直播间】11732699 的第 49 个心跳包发送成功
[03:06:46 INF] 【直播间】91164 的第 49 个心跳包发送成功
[03:06:47 INF] 【直播间】22764265 的第 49 个心跳包发送成功
[03:07:41 INF] 【直播间】23357926 的第 50 个心跳包发送成功
[03:07:42 INF] 【直播间】23040372 的第 50 个心跳包发送成功
[03:07:43 INF] 【直播间】31494 的第 50 个心跳包发送成功
[03:07:44 INF] 【直播间】4015781 的第 50 个心跳包发送成功
[03:07:45 INF] 【直播间】9619073 的第 50 个心跳包发送成功
[03:07:47 INF] 【直播间】407149 的第 50 个心跳包发送成功
[03:07:48 INF] 【直播间】7184632 的第 50 个心跳包发送成功
[03:07:49 INF] 【直播间】23447660 的第 50 个心跳包发送成功
[03:07:50 INF] 【直播间】929670 的第 50 个心跳包发送成功
[03:07:52 INF] 【直播间】11732699 的第 50 个心跳包发送成功
[03:07:53 INF] 【直播间】91164 的第 50 个心跳包发送成功
[03:07:54 INF] 【直播间】22764265 的第 50 个心跳包发送成功
[03:08:47 INF] 【直播间】23357926 的第 51 个心跳包发送成功
[03:08:48 INF] 【直播间】23040372 的第 51 个心跳包发送成功
[03:08:49 INF] 【直播间】31494 的第 51 个心跳包发送成功
[03:08:51 INF] 【直播间】4015781 的第 51 个心跳包发送成功
[03:08:52 INF] 【直播间】9619073 的第 51 个心跳包发送成功
[03:08:53 INF] 【直播间】407149 的第 51 个心跳包发送成功
[03:08:54 INF] 【直播间】7184632 的第 51 个心跳包发送成功
[03:08:56 INF] 【直播间】23447660 的第 51 个心跳包发送成功
[03:08:57 INF] 【直播间】929670 的第 51 个心跳包发送成功
[03:08:58 INF] 【直播间】11732699 的第 51 个心跳包发送成功
[03:08:59 INF] 【直播间】91164 的第 51 个心跳包发送成功
[03:09:01 INF] 【直播间】22764265 的第 51 个心跳包发送成功
[03:09:53 INF] 【直播间】23357926 的第 52 个心跳包发送成功
[03:09:55 INF] 【直播间】23040372 的第 52 个心跳包发送成功
[03:09:56 INF] 【直播间】31494 的第 52 个心跳包发送成功
[03:09:57 INF] 【直播间】4015781 的第 52 个心跳包发送成功
[03:09:58 INF] 【直播间】9619073 的第 52 个心跳包发送成功
[03:10:00 INF] 【直播间】407149 的第 52 个心跳包发送成功
[03:10:01 INF] 【直播间】7184632 的第 52 个心跳包发送成功
[03:10:02 INF] 【直播间】23447660 的第 52 个心跳包发送成功
[03:10:03 INF] 【直播间】929670 的第 52 个心跳包发送成功
[03:10:04 INF] 【直播间】11732699 的第 52 个心跳包发送成功
[03:10:06 INF] 【直播间】91164 的第 52 个心跳包发送成功
[03:10:07 INF] 【直播间】22764265 的第 52 个心跳包发送成功
[03:11:00 INF] 【直播间】23357926 的第 53 个心跳包发送成功
[03:11:01 INF] 【直播间】23040372 的第 53 个心跳包发送成功
[03:11:03 INF] 【直播间】31494 的第 53 个心跳包发送成功
[03:11:04 INF] 【直播间】4015781 的第 53 个心跳包发送成功
[03:11:05 INF] 【直播间】9619073 的第 53 个心跳包发送成功
[03:11:06 INF] 【直播间】407149 的第 53 个心跳包发送成功
[03:11:08 INF] 【直播间】7184632 的第 53 个心跳包发送成功
[03:11:09 INF] 【直播间】23447660 的第 53 个心跳包发送成功
[03:11:10 INF] 【直播间】929670 的第 53 个心跳包发送成功
[03:11:11 INF] 【直播间】11732699 的第 53 个心跳包发送成功
[03:11:13 INF] 【直播间】91164 的第 53 个心跳包发送成功
[03:11:14 INF] 【直播间】22764265 的第 53 个心跳包发送成功
[03:12:07 INF] 【直播间】23357926 的第 54 个心跳包发送成功
[03:12:08 ERR] 【心跳包】直播间 23040372 发送失败
[03:12:08 ERR] 【原因】time check failed
[03:12:09 ERR] 【心跳包】直播间 31494 发送失败
[03:12:09 ERR] 【原因】time check failed
[03:12:10 ERR] 【心跳包】直播间 4015781 发送失败
[03:12:10 ERR] 【原因】time check failed
[03:12:12 ERR] 【心跳包】直播间 9619073 发送失败
[03:12:12 ERR] 【原因】time check failed
[03:12:13 ERR] 【心跳包】直播间 407149 发送失败
[03:12:13 ERR] 【原因】time check failed
[03:12:14 ERR] 【心跳包】直播间 7184632 发送失败
[03:12:14 ERR] 【原因】time check failed
[03:12:15 ERR] 【心跳包】直播间 23447660 发送失败
[03:12:15 ERR] 【原因】time check failed
[03:12:17 ERR] 【心跳包】直播间 929670 发送失败
[03:12:17 ERR] 【原因】time check failed
[03:12:18 ERR] 【心跳包】直播间 11732699 发送失败
[03:12:18 ERR] 【原因】time check failed
[03:12:19 ERR] 【心跳包】直播间 91164 发送失败
[03:12:19 ERR] 【原因】time check failed
[03:12:20 ERR] 【心跳包】直播间 22764265 发送失败
[03:12:20 ERR] 【原因】time check failed
[03:13:13 ERR] 【心跳包】直播间 23357926 发送失败
[03:13:13 ERR] 【原因】time check failed
[03:13:14 INF] 【直播间】23040372 的第 54 个心跳包发送成功
[03:13:16 INF] 【直播间】31494 的第 54 个心跳包发送成功
[03:13:17 INF] 【直播间】4015781 的第 54 个心跳包发送成功
[03:13:18 INF] 【直播间】9619073 的第 54 个心跳包发送成功
[03:13:19 INF] 【直播间】407149 的第 54 个心跳包发送成功
[03:13:21 INF] 【直播间】7184632 的第 54 个心跳包发送成功
[03:13:22 INF] 【直播间】23447660 的第 54 个心跳包发送成功
[03:13:23 INF] 【直播间】929670 的第 54 个心跳包发送成功
[03:13:24 INF] 【直播间】11732699 的第 54 个心跳包发送成功
[03:13:25 INF] 【直播间】91164 的第 54 个心跳包发送成功
[03:13:27 INF] 【直播间】22764265 的第 54 个心跳包发送成功
[03:14:20 INF] 【直播间】23357926 的第 55 个心跳包发送成功
[03:14:21 INF] 【直播间】23040372 的第 55 个心跳包发送成功
[03:14:22 INF] 【直播间】31494 的第 55 个心跳包发送成功
[03:14:23 INF] 【直播间】4015781 的第 55 个心跳包发送成功
[03:14:25 INF] 【直播间】9619073 的第 55 个心跳包发送成功
[03:14:26 INF] 【直播间】407149 的第 55 个心跳包发送成功
[03:14:27 INF] 【直播间】7184632 的第 55 个心跳包发送成功
[03:14:28 INF] 【直播间】23447660 的第 55 个心跳包发送成功
[03:14:30 INF] 【直播间】929670 的第 55 个心跳包发送成功
[03:14:31 INF] 【直播间】11732699 的第 55 个心跳包发送成功
[03:14:32 INF] 【直播间】91164 的第 55 个心跳包发送成功
[03:14:33 INF] 【直播间】22764265 的第 55 个心跳包发送成功
[03:15:26 INF] 【直播间】23357926 的第 56 个心跳包发送成功
[03:15:27 INF] 【直播间】23040372 的第 56 个心跳包发送成功
[03:15:29 INF] 【直播间】31494 的第 56 个心跳包发送成功
[03:15:30 INF] 【直播间】4015781 的第 56 个心跳包发送成功
[03:15:31 INF] 【直播间】9619073 的第 56 个心跳包发送成功
[03:15:32 INF] 【直播间】407149 的第 56 个心跳包发送成功
[03:15:34 INF] 【直播间】7184632 的第 56 个心跳包发送成功
[03:15:35 INF] 【直播间】23447660 的第 56 个心跳包发送成功
[03:15:36 INF] 【直播间】929670 的第 56 个心跳包发送成功
[03:15:37 INF] 【直播间】11732699 的第 56 个心跳包发送成功
[03:15:39 INF] 【直播间】91164 的第 56 个心跳包发送成功
[03:15:40 INF] 【直播间】22764265 的第 56 个心跳包发送成功
[03:16:33 INF] 【直播间】23357926 的第 57 个心跳包发送成功
[03:16:34 INF] 【直播间】23040372 的第 57 个心跳包发送成功
[03:16:35 INF] 【直播间】31494 的第 57 个心跳包发送成功
[03:16:37 INF] 【直播间】4015781 的第 57 个心跳包发送成功
[03:16:38 INF] 【直播间】9619073 的第 57 个心跳包发送成功
[03:16:39 INF] 【直播间】407149 的第 57 个心跳包发送成功
[03:16:40 INF] 【直播间】7184632 的第 57 个心跳包发送成功
[03:16:41 INF] 【直播间】23447660 的第 57 个心跳包发送成功
[03:16:43 INF] 【直播间】929670 的第 57 个心跳包发送成功
[03:16:44 INF] 【直播间】11732699 的第 57 个心跳包发送成功
[03:16:45 INF] 【直播间】91164 的第 57 个心跳包发送成功
[03:16:46 INF] 【直播间】22764265 的第 57 个心跳包发送成功
[03:17:39 INF] 【直播间】23357926 的第 58 个心跳包发送成功
[03:17:40 INF] 【直播间】23040372 的第 58 个心跳包发送成功
[03:17:42 INF] 【直播间】31494 的第 58 个心跳包发送成功
[03:17:43 INF] 【直播间】4015781 的第 58 个心跳包发送成功
[03:17:44 INF] 【直播间】9619073 的第 58 个心跳包发送成功
[03:17:45 INF] 【直播间】407149 的第 58 个心跳包发送成功
[03:17:47 INF] 【直播间】7184632 的第 58 个心跳包发送成功
[03:17:48 INF] 【直播间】23447660 的第 58 个心跳包发送成功
[03:17:49 INF] 【直播间】929670 的第 58 个心跳包发送成功
[03:17:50 INF] 【直播间】11732699 的第 58 个心跳包发送成功
[03:17:52 INF] 【直播间】91164 的第 58 个心跳包发送成功
[03:17:53 INF] 【直播间】22764265 的第 58 个心跳包发送成功
[03:18:46 INF] 【直播间】23357926 的第 59 个心跳包发送成功
[03:18:47 INF] 【直播间】23040372 的第 59 个心跳包发送成功
[03:18:48 INF] 【直播间】31494 的第 59 个心跳包发送成功
[03:18:49 INF] 【直播间】4015781 的第 59 个心跳包发送成功
[03:18:51 INF] 【直播间】9619073 的第 59 个心跳包发送成功
[03:18:52 INF] 【直播间】407149 的第 59 个心跳包发送成功
[03:18:53 INF] 【直播间】7184632 的第 59 个心跳包发送成功
[03:18:54 INF] 【直播间】23447660 的第 59 个心跳包发送成功
[03:18:56 INF] 【直播间】929670 的第 59 个心跳包发送成功
[03:18:57 INF] 【直播间】11732699 的第 59 个心跳包发送成功
[03:18:58 INF] 【直播间】91164 的第 59 个心跳包发送成功
[03:18:59 INF] 【直播间】22764265 的第 59 个心跳包发送成功
[03:19:52 INF] 【直播间】23357926 的第 60 个心跳包发送成功
[03:19:54 INF] 【直播间】23040372 的第 60 个心跳包发送成功
[03:19:55 INF] 【直播间】31494 的第 60 个心跳包发送成功
[03:19:56 INF] 【直播间】4015781 的第 60 个心跳包发送成功
[03:19:57 INF] 【直播间】9619073 的第 60 个心跳包发送成功
[03:19:58 INF] 【直播间】407149 的第 60 个心跳包发送成功
[03:20:00 INF] 【直播间】7184632 的第 60 个心跳包发送成功
[03:20:01 INF] 【直播间】23447660 的第 60 个心跳包发送成功
[03:20:02 INF] 【直播间】929670 的第 60 个心跳包发送成功
[03:20:03 INF] 【直播间】11732699 的第 60 个心跳包发送成功
[03:20:05 INF] 【直播间】91164 的第 60 个心跳包发送成功
[03:20:06 INF] 【直播间】22764265 的第 60 个心跳包发送成功
[03:20:59 INF] 【直播间】23357926 的第 61 个心跳包发送成功
[03:21:00 INF] 【直播间】23040372 的第 61 个心跳包发送成功
[03:21:01 INF] 【直播间】31494 的第 61 个心跳包发送成功
[03:21:02 INF] 【直播间】4015781 的第 61 个心跳包发送成功
[03:21:04 INF] 【直播间】9619073 的第 61 个心跳包发送成功
[03:21:05 INF] 【直播间】407149 的第 61 个心跳包发送成功
[03:21:06 INF] 【直播间】7184632 的第 61 个心跳包发送成功
[03:21:07 INF] 【直播间】23447660 的第 61 个心跳包发送成功
[03:21:08 INF] 【直播间】929670 的第 61 个心跳包发送成功
[03:21:10 INF] 【直播间】11732699 的第 61 个心跳包发送成功
[03:21:11 INF] 【直播间】91164 的第 61 个心跳包发送成功
[03:21:12 INF] 【直播间】22764265 的第 61 个心跳包发送成功
[03:22:05 INF] 【直播间】23357926 的第 62 个心跳包发送成功
[03:22:06 INF] 【直播间】23040372 的第 62 个心跳包发送成功
[03:22:08 INF] 【直播间】31494 的第 62 个心跳包发送成功
[03:22:09 INF] 【直播间】4015781 的第 62 个心跳包发送成功
[03:22:10 INF] 【直播间】9619073 的第 62 个心跳包发送成功
[03:22:11 INF] 【直播间】407149 的第 62 个心跳包发送成功
[03:22:13 INF] 【直播间】7184632 的第 62 个心跳包发送成功
[03:22:14 INF] 【直播间】23447660 的第 62 个心跳包发送成功
[03:22:15 INF] 【直播间】929670 的第 62 个心跳包发送成功
[03:22:16 INF] 【直播间】11732699 的第 62 个心跳包发送成功
[03:22:17 INF] 【直播间】91164 的第 62 个心跳包发送成功
[03:22:19 INF] 【直播间】22764265 的第 62 个心跳包发送成功
[03:23:12 INF] 【直播间】23357926 的第 63 个心跳包发送成功
[03:23:13 INF] 【直播间】23040372 的第 63 个心跳包发送成功
[03:23:14 INF] 【直播间】31494 的第 63 个心跳包发送成功
[03:23:15 INF] 【直播间】4015781 的第 63 个心跳包发送成功
[03:23:17 INF] 【直播间】9619073 的第 63 个心跳包发送成功
[03:23:18 INF] 【直播间】407149 的第 63 个心跳包发送成功
[03:23:19 INF] 【直播间】7184632 的第 63 个心跳包发送成功
[03:23:20 INF] 【直播间】23447660 的第 63 个心跳包发送成功
[03:23:21 INF] 【直播间】929670 的第 63 个心跳包发送成功
[03:23:23 INF] 【直播间】11732699 的第 63 个心跳包发送成功
[03:23:24 INF] 【直播间】91164 的第 63 个心跳包发送成功
[03:23:25 INF] 【直播间】22764265 的第 63 个心跳包发送成功
[03:24:18 INF] 【直播间】23357926 的第 64 个心跳包发送成功
[03:24:20 INF] 【直播间】23040372 的第 64 个心跳包发送成功
[03:24:21 INF] 【直播间】31494 的第 64 个心跳包发送成功
[03:24:22 INF] 【直播间】4015781 的第 64 个心跳包发送成功
[03:24:23 INF] 【直播间】9619073 的第 64 个心跳包发送成功
[03:24:24 INF] 【直播间】407149 的第 64 个心跳包发送成功
[03:24:26 INF] 【直播间】7184632 的第 64 个心跳包发送成功
[03:24:27 INF] 【直播间】23447660 的第 64 个心跳包发送成功
[03:24:28 INF] 【直播间】929670 的第 64 个心跳包发送成功
[03:24:30 INF] 【直播间】11732699 的第 64 个心跳包发送成功
[03:24:31 INF] 【直播间】91164 的第 64 个心跳包发送成功
[03:24:32 INF] 【直播间】22764265 的第 64 个心跳包发送成功
[03:25:25 INF] 【直播间】23357926 的第 65 个心跳包发送成功
[03:25:26 INF] 【直播间】23040372 的第 65 个心跳包发送成功
[03:25:27 INF] 【直播间】31494 的第 65 个心跳包发送成功
[03:25:29 INF] 【直播间】4015781 的第 65 个心跳包发送成功
[03:25:30 INF] 【直播间】9619073 的第 65 个心跳包发送成功
[03:25:31 INF] 【直播间】407149 的第 65 个心跳包发送成功
[03:25:33 INF] 【直播间】7184632 的第 65 个心跳包发送成功
[03:25:34 INF] 【直播间】23447660 的第 65 个心跳包发送成功
[03:25:35 INF] 【直播间】929670 的第 65 个心跳包发送成功
[03:25:36 INF] 【直播间】11732699 的第 65 个心跳包发送成功
[03:25:38 INF] 【直播间】91164 的第 65 个心跳包发送成功
[03:25:39 INF] 【直播间】22764265 的第 65 个心跳包发送成功
[03:26:31 INF] 【直播间】23357926 的第 66 个心跳包发送成功
[03:26:32 INF] 【直播间】23040372 的第 66 个心跳包发送成功
[03:26:34 INF] 【直播间】31494 的第 66 个心跳包发送成功
[03:26:35 INF] 【直播间】4015781 的第 66 个心跳包发送成功
[03:26:36 INF] 【直播间】9619073 的第 66 个心跳包发送成功
[03:26:38 INF] 【直播间】407149 的第 66 个心跳包发送成功
[03:26:39 INF] 【直播间】7184632 的第 66 个心跳包发送成功
[03:26:40 INF] 【直播间】23447660 的第 66 个心跳包发送成功
[03:26:41 INF] 【直播间】929670 的第 66 个心跳包发送成功
[03:26:43 INF] 【直播间】11732699 的第 66 个心跳包发送成功
[03:26:44 INF] 【直播间】91164 的第 66 个心跳包发送成功
[03:26:45 INF] 【直播间】22764265 的第 66 个心跳包发送成功
[03:27:38 INF] 【直播间】23357926 的第 67 个心跳包发送成功
[03:27:39 ERR] 【心跳包】直播间 23040372 发送失败
[03:27:39 ERR] 【原因】time check failed
[03:27:41 ERR] 【心跳包】直播间 31494 发送失败
[03:27:41 ERR] 【原因】time check failed
[03:27:42 ERR] 【心跳包】直播间 4015781 发送失败
[03:27:42 ERR] 【原因】time check failed
[03:27:43 ERR] 【心跳包】直播间 9619073 发送失败
[03:27:43 ERR] 【原因】time check failed
[03:27:44 ERR] 【心跳包】直播间 407149 发送失败
[03:27:44 ERR] 【原因】time check failed
[03:27:46 ERR] 【心跳包】直播间 7184632 发送失败
[03:27:46 ERR] 【原因】time check failed
[03:27:47 ERR] 【心跳包】直播间 23447660 发送失败
[03:27:47 ERR] 【原因】time check failed
[03:27:48 ERR] 【心跳包】直播间 929670 发送失败
[03:27:48 ERR] 【原因】time check failed
[03:27:49 ERR] 【心跳包】直播间 11732699 发送失败
[03:27:49 ERR] 【原因】time check failed
[03:27:50 ERR] 【心跳包】直播间 91164 发送失败
[03:27:50 ERR] 【原因】time check failed
[03:27:52 ERR] 【心跳包】直播间 22764265 发送失败
[03:27:52 ERR] 【原因】time check failed
[03:28:45 ERR] 【心跳包】直播间 23357926 发送失败
[03:28:45 ERR] 【原因】time check failed
[03:28:46 INF] 【直播间】23040372 的第 67 个心跳包发送成功
[03:28:47 INF] 【直播间】31494 的第 67 个心跳包发送成功
[03:28:48 INF] 【直播间】4015781 的第 67 个心跳包发送成功
[03:28:50 INF] 【直播间】9619073 的第 67 个心跳包发送成功
[03:28:51 INF] 【直播间】407149 的第 67 个心跳包发送成功
[03:28:52 INF] 【直播间】7184632 的第 67 个心跳包发送成功
[03:28:54 INF] 【直播间】23447660 的第 67 个心跳包发送成功
[03:28:55 INF] 【直播间】929670 的第 67 个心跳包发送成功
[03:28:56 INF] 【直播间】11732699 的第 67 个心跳包发送成功
[03:28:57 INF] 【直播间】91164 的第 67 个心跳包发送成功
[03:28:58 INF] 【直播间】22764265 的第 67 个心跳包发送成功
[03:29:51 INF] 【直播间】23357926 的第 68 个心跳包发送成功
[03:29:53 INF] 【直播间】23040372 的第 68 个心跳包发送成功
[03:29:54 INF] 【直播间】31494 的第 68 个心跳包发送成功
[03:29:55 INF] 【直播间】4015781 的第 68 个心跳包发送成功
[03:29:56 INF] 【直播间】9619073 的第 68 个心跳包发送成功
[03:29:57 INF] 【直播间】407149 的第 68 个心跳包发送成功
[03:29:59 INF] 【直播间】7184632 的第 68 个心跳包发送成功
[03:30:00 INF] 【直播间】23447660 的第 68 个心跳包发送成功
[03:30:01 INF] 【直播间】929670 的第 68 个心跳包发送成功
[03:30:02 INF] 【直播间】11732699 的第 68 个心跳包发送成功
[03:30:04 INF] 【直播间】91164 的第 68 个心跳包发送成功
[03:30:05 INF] 【直播间】22764265 的第 68 个心跳包发送成功
[03:30:58 INF] 【直播间】23357926 的第 69 个心跳包发送成功
[03:30:59 INF] 【直播间】23040372 的第 69 个心跳包发送成功
[03:31:00 INF] 【直播间】31494 的第 69 个心跳包发送成功
[03:31:02 INF] 【直播间】4015781 的第 69 个心跳包发送成功
[03:31:03 INF] 【直播间】9619073 的第 69 个心跳包发送成功
[03:31:04 INF] 【直播间】407149 的第 69 个心跳包发送成功
[03:31:05 INF] 【直播间】7184632 的第 69 个心跳包发送成功
[03:31:06 INF] 【直播间】23447660 的第 69 个心跳包发送成功
[03:31:08 INF] 【直播间】929670 的第 69 个心跳包发送成功
[03:31:09 INF] 【直播间】11732699 的第 69 个心跳包发送成功
[03:31:10 INF] 【直播间】91164 的第 69 个心跳包发送成功
[03:31:11 INF] 【直播间】22764265 的第 69 个心跳包发送成功
[03:32:04 INF] 【直播间】23357926 的第 70 个心跳包发送成功
[03:32:06 INF] 【直播间】23040372 的第 70 个心跳包发送成功
[03:32:07 INF] 【直播间】31494 的第 70 个心跳包发送成功
[03:32:08 INF] 【直播间】4015781 的第 70 个心跳包发送成功
[03:32:09 INF] 【直播间】9619073 的第 70 个心跳包发送成功
[03:32:11 INF] 【直播间】407149 的第 70 个心跳包发送成功
[03:32:12 INF] 【直播间】7184632 的第 70 个心跳包发送成功
[03:32:13 INF] 【直播间】23447660 的第 70 个心跳包发送成功
[03:32:14 INF] 【直播间】929670 的第 70 个心跳包发送成功
[03:32:16 INF] 【直播间】11732699 的第 70 个心跳包发送成功
[03:32:17 INF] 【直播间】91164 的第 70 个心跳包发送成功
[03:32:18 INF] 【直播间】22764265 的第 70 个心跳包发送成功
[03:32:18 INF] 【直播观看时长】完成情况：12/12 
[03:32:18 INF] ---------结束---------

[03:32:18 INF] ==========结束==========

[03:32:18 INF] ######### 账号 3 #########

[03:32:18 INF] =====开始 直播间互动 =====

[03:32:18 INF] ---开始 发送弹幕 ---
[03:32:18 INF] 检测到直播 Cookie 未正确配置，尝试自动配置中...
[03:32:25 INF] 直播 Cookie 配置成功！
[03:32:25 INF] 【获取直播列表】获取拥有粉丝牌的直播列表
[03:32:30 ERR] 【获取直播列表】失败
[03:32:30 ERR] 【原因】账号未登录
[03:32:30 ERR] 发送弹幕失败，继续其他任务。失败信息:Object reference not set to an instance of an object.

[03:32:30 INF] -------结束-------

[03:32:30 INF] ---开始 点赞直播间 ---
[03:32:30 INF] 【获取直播列表】获取拥有粉丝牌的直播列表
[03:32:38 ERR] 【获取直播列表】失败
[03:32:38 ERR] 【原因】账号未登录
[03:32:38 ERR] 点赞直播间失败，继续其他任务。失败信息:Object reference not set to an instance of an object.

[03:32:38 INF] --------结束--------

[03:32:38 INF] ---开始 直播时长挂机 ---
[03:32:38 INF] 【获取直播列表】获取拥有粉丝牌的直播列表
[03:32:41 ERR] 【获取直播列表】失败
[03:32:41 ERR] 【原因】账号未登录
[03:32:41 ERR] 直播时长挂机失败，继续其他任务。失败信息:Object reference not set to an instance of an object.

[03:32:41 INF] ---------结束---------

[03:32:41 INF] ==========结束==========

[03:32:41 INF] 

========================

 v2.0.2 开源 by https://github.com/RayWangQvQ/BiliBiliToolPro

[03:32:41 INF] ·开始推送·LiveFansMedal任务·
2024-03-27T19:32:41.5554606Z 开始推送到:PushPlus
2024-03-27T19:32:42.7620318Z Response status: OK.
2024-03-27T19:32:42.7620692Z Response content: {"code":999,"msg":"发送内容过大，不能超过2万字","data":null}.

[03:32:42 INF] 运行环境：Development
[03:32:42 INF] 应用目录：/home/runner/work/BiliBiliToolPro/BiliBiliToolPro/src/Ray.BiliBiliTool.Console/bin/Debug/net6.0/

[03:32:42 INF] 运行结束
