----------- ip 信息 ---------
{
  "ip": "172.176.238.22",
  "city": "Boydton",
  "region": "Virginia",
  "country": "US",
  "loc": "36.6676,-78.3875",
  "org": "AS8075 Microsoft Corporation",
  "postal": "23917",
  "timezone": "America/New_York",
  "readme": "https://ipinfo.io/missingauth"
} ---------- end ------------
  ____               ____    _   _____           _  
 |  _ \ __ _ _   _  | __ ) _| |_|_   _|__   ___ | | 
 | |_) / _` | | | | |  _ \(_) (_) | |/ _ \ / _ \| | 
 |  _ < (_| | |_| | | |_) | | | | | | (_) | (_) | | 
 |_| \_\__,_|\__, | |____/|_|_|_| |_|\___/ \___/|_| 
             |___/                                  

[00:24:54 INF] BiliBiliToolPro 开始运行...

[00:24:54 INF] 【账号个数】3个

[00:24:54 INF] 随机休眠1分钟

[00:25:54 INF] 【目标任务】LiveFansMedal
[00:25:54 INF] ######### 账号 1 #########

[00:25:54 INF] =====开始 直播间互动 =====

[00:25:54 INF] ---开始 发送弹幕 ---
[00:25:54 INF] 检测到直播 Cookie 未正确配置，尝试自动配置中...
[00:26:00 INF] 直播 Cookie 配置成功！
[00:26:00 INF] 【获取直播列表】获取拥有粉丝牌的直播列表
[00:26:05 INF] 【主播】Mark陌枫 
[00:26:18 INF] 【主播】KL_qiqi_ 
[00:26:31 INF] 【主播】苏打baka 
[00:26:48 INF] 【直播间】Mark陌枫
[00:26:48 INF] 【粉丝牌】馬楓
[00:26:48 INF] 正在发送弹幕...
[00:26:51 INF] 【直播间】KL_qiqi_
[00:26:51 INF] 【粉丝牌】qiqisb
[00:26:51 INF] 正在发送弹幕...
[00:26:57 INF] 【直播间】苏打baka
[00:26:57 INF] 【粉丝牌】碳酸钠
[00:26:57 INF] 正在发送弹幕...
[00:26:59 INF] 【弹幕发送】成功~，你和主播 Mark陌枫 的亲密值增加了100！
[00:27:00 INF] -------结束-------

[00:27:00 INF] ---开始 点赞直播间 ---
[00:27:00 INF] 【获取直播列表】获取拥有粉丝牌的直播列表
[00:27:06 INF] 【主播】Mark陌枫 
[00:27:08 INF] 【弹幕发送】成功~，你和主播 KL_qiqi_ 的亲密值增加了100！
[00:27:11 INF] 【弹幕发送】成功~，你和主播 苏打baka 的亲密值增加了100！
[00:27:20 INF] 【主播】KL_qiqi_ 
[00:27:32 INF] 【主播】苏打baka 
[00:27:53 INF] 【点赞直播间】23357926 完成
[00:27:59 INF] 【点赞直播间】407149 完成
[00:28:02 INF] --------结束--------

[00:28:02 INF] ---开始 直播时长挂机 ---
[00:28:02 INF] 【获取直播列表】获取拥有粉丝牌的直播列表
[00:28:02 INF] 【点赞直播间】23040372 完成
[00:28:09 INF] 【主播】Mark陌枫 
[00:28:24 INF] 【主播】KL_qiqi_ 
[00:28:39 INF] 【主播】苏打baka 
[00:28:58 INF] 【直播间】23357926 的第 1 个心跳包发送成功
[00:28:59 INF] 【直播间】407149 的第 1 个心跳包发送成功
[00:29:01 INF] 【直播间】23040372 的第 1 个心跳包发送成功
[00:30:05 INF] 【直播间】23357926 的第 2 个心跳包发送成功
[00:30:06 INF] 【直播间】407149 的第 2 个心跳包发送成功
[00:30:07 INF] 【直播间】23040372 的第 2 个心跳包发送成功
[00:31:11 INF] 【直播间】23357926 的第 3 个心跳包发送成功
[00:31:13 INF] 【直播间】407149 的第 3 个心跳包发送成功
[00:31:14 INF] 【直播间】23040372 的第 3 个心跳包发送成功
[00:32:18 INF] 【直播间】23357926 的第 4 个心跳包发送成功
[00:32:19 INF] 【直播间】407149 的第 4 个心跳包发送成功
[00:32:21 INF] 【直播间】23040372 的第 4 个心跳包发送成功
[00:33:25 INF] 【直播间】23357926 的第 5 个心跳包发送成功
[00:33:26 INF] 【直播间】407149 的第 5 个心跳包发送成功
[00:33:27 INF] 【直播间】23040372 的第 5 个心跳包发送成功
[00:34:31 INF] 【直播间】23357926 的第 6 个心跳包发送成功
[00:34:33 INF] 【直播间】407149 的第 6 个心跳包发送成功
[00:34:34 INF] 【直播间】23040372 的第 6 个心跳包发送成功
[00:35:38 INF] 【直播间】23357926 的第 7 个心跳包发送成功
[00:35:39 INF] 【直播间】407149 的第 7 个心跳包发送成功
[00:35:40 INF] 【直播间】23040372 的第 7 个心跳包发送成功
[00:36:45 INF] 【直播间】23357926 的第 8 个心跳包发送成功
[00:36:46 INF] 【直播间】407149 的第 8 个心跳包发送成功
[00:36:47 INF] 【直播间】23040372 的第 8 个心跳包发送成功
[00:37:51 INF] 【直播间】23357926 的第 9 个心跳包发送成功
[00:37:52 INF] 【直播间】407149 的第 9 个心跳包发送成功
[00:37:54 INF] 【直播间】23040372 的第 9 个心跳包发送成功
[00:38:58 INF] 【直播间】23357926 的第 10 个心跳包发送成功
[00:38:59 INF] 【直播间】407149 的第 10 个心跳包发送成功
[00:39:00 INF] 【直播间】23040372 的第 10 个心跳包发送成功
[00:40:05 INF] 【直播间】23357926 的第 11 个心跳包发送成功
[00:40:06 INF] 【直播间】407149 的第 11 个心跳包发送成功
[00:40:07 INF] 【直播间】23040372 的第 11 个心跳包发送成功
[00:41:11 INF] 【直播间】23357926 的第 12 个心跳包发送成功
[00:41:13 INF] 【直播间】407149 的第 12 个心跳包发送成功
[00:41:14 INF] 【直播间】23040372 的第 12 个心跳包发送成功
[00:42:18 INF] 【直播间】23357926 的第 13 个心跳包发送成功
[00:42:19 INF] 【直播间】407149 的第 13 个心跳包发送成功
[00:42:20 INF] 【直播间】23040372 的第 13 个心跳包发送成功
[00:43:24 INF] 【直播间】23357926 的第 14 个心跳包发送成功
[00:43:26 INF] 【直播间】407149 的第 14 个心跳包发送成功
[00:43:27 INF] 【直播间】23040372 的第 14 个心跳包发送成功
[00:44:31 ERR] 【心跳包】直播间 23357926 发送失败
[00:44:31 ERR] 【原因】time check failed
[00:44:32 ERR] 【心跳包】直播间 407149 发送失败
[00:44:32 ERR] 【原因】time check failed
[00:44:34 ERR] 【心跳包】直播间 23040372 发送失败
[00:44:34 ERR] 【原因】time check failed
[00:45:38 INF] 【直播间】23357926 的第 15 个心跳包发送成功
[00:45:39 INF] 【直播间】407149 的第 15 个心跳包发送成功
[00:45:40 INF] 【直播间】23040372 的第 15 个心跳包发送成功
[00:46:44 INF] 【直播间】23357926 的第 16 个心跳包发送成功
[00:46:46 INF] 【直播间】407149 的第 16 个心跳包发送成功
[00:46:47 INF] 【直播间】23040372 的第 16 个心跳包发送成功
[00:47:51 INF] 【直播间】23357926 的第 17 个心跳包发送成功
[00:47:52 INF] 【直播间】407149 的第 17 个心跳包发送成功
[00:47:54 INF] 【直播间】23040372 的第 17 个心跳包发送成功
[00:48:58 INF] 【直播间】23357926 的第 18 个心跳包发送成功
[00:48:59 INF] 【直播间】407149 的第 18 个心跳包发送成功
[00:49:00 INF] 【直播间】23040372 的第 18 个心跳包发送成功
[00:50:04 INF] 【直播间】23357926 的第 19 个心跳包发送成功
[00:50:05 INF] 【直播间】407149 的第 19 个心跳包发送成功
[00:50:07 INF] 【直播间】23040372 的第 19 个心跳包发送成功
[00:51:11 INF] 【直播间】23357926 的第 20 个心跳包发送成功
[00:51:12 INF] 【直播间】407149 的第 20 个心跳包发送成功
[00:51:13 INF] 【直播间】23040372 的第 20 个心跳包发送成功
[00:52:17 INF] 【直播间】23357926 的第 21 个心跳包发送成功
[00:52:19 INF] 【直播间】407149 的第 21 个心跳包发送成功
[00:52:20 INF] 【直播间】23040372 的第 21 个心跳包发送成功
[00:53:24 INF] 【直播间】23357926 的第 22 个心跳包发送成功
[00:53:26 INF] 【直播间】407149 的第 22 个心跳包发送成功
[00:53:27 INF] 【直播间】23040372 的第 22 个心跳包发送成功
[00:54:31 INF] 【直播间】23357926 的第 23 个心跳包发送成功
[00:54:32 INF] 【直播间】407149 的第 23 个心跳包发送成功
[00:54:33 INF] 【直播间】23040372 的第 23 个心跳包发送成功
[00:55:37 INF] 【直播间】23357926 的第 24 个心跳包发送成功
[00:55:39 INF] 【直播间】407149 的第 24 个心跳包发送成功
[00:55:40 INF] 【直播间】23040372 的第 24 个心跳包发送成功
[00:56:44 INF] 【直播间】23357926 的第 25 个心跳包发送成功
[00:56:45 INF] 【直播间】407149 的第 25 个心跳包发送成功
[00:56:47 INF] 【直播间】23040372 的第 25 个心跳包发送成功
[00:57:51 INF] 【直播间】23357926 的第 26 个心跳包发送成功
[00:57:52 INF] 【直播间】407149 的第 26 个心跳包发送成功
[00:57:53 INF] 【直播间】23040372 的第 26 个心跳包发送成功
[00:58:58 INF] 【直播间】23357926 的第 27 个心跳包发送成功
[00:58:59 INF] 【直播间】407149 的第 27 个心跳包发送成功
[00:59:00 INF] 【直播间】23040372 的第 27 个心跳包发送成功
[01:00:04 ERR] 【心跳包】直播间 23357926 发送失败
[01:00:04 ERR] 【原因】time check failed
[01:00:06 ERR] 【心跳包】直播间 407149 发送失败
[01:00:06 ERR] 【原因】time check failed
[01:00:07 ERR] 【心跳包】直播间 23040372 发送失败
[01:00:07 ERR] 【原因】time check failed
[01:01:11 INF] 【直播间】23357926 的第 28 个心跳包发送成功
[01:01:12 INF] 【直播间】407149 的第 28 个心跳包发送成功
[01:01:13 INF] 【直播间】23040372 的第 28 个心跳包发送成功
[01:02:17 INF] 【直播间】23357926 的第 29 个心跳包发送成功
[01:02:19 INF] 【直播间】407149 的第 29 个心跳包发送成功
[01:02:20 INF] 【直播间】23040372 的第 29 个心跳包发送成功
[01:03:24 INF] 【直播间】23357926 的第 30 个心跳包发送成功
[01:03:25 INF] 【直播间】407149 的第 30 个心跳包发送成功
[01:03:27 INF] 【直播间】23040372 的第 30 个心跳包发送成功
[01:04:31 INF] 【直播间】23357926 的第 31 个心跳包发送成功
[01:04:32 INF] 【直播间】407149 的第 31 个心跳包发送成功
[01:04:33 INF] 【直播间】23040372 的第 31 个心跳包发送成功
[01:05:37 INF] 【直播间】23357926 的第 32 个心跳包发送成功
[01:05:39 INF] 【直播间】407149 的第 32 个心跳包发送成功
[01:05:40 INF] 【直播间】23040372 的第 32 个心跳包发送成功
[01:06:44 INF] 【直播间】23357926 的第 33 个心跳包发送成功
[01:06:45 INF] 【直播间】407149 的第 33 个心跳包发送成功
[01:06:47 INF] 【直播间】23040372 的第 33 个心跳包发送成功
[01:07:51 INF] 【直播间】23357926 的第 34 个心跳包发送成功
[01:07:52 INF] 【直播间】407149 的第 34 个心跳包发送成功
[01:07:53 INF] 【直播间】23040372 的第 34 个心跳包发送成功
[01:08:57 INF] 【直播间】23357926 的第 35 个心跳包发送成功
[01:08:58 INF] 【直播间】407149 的第 35 个心跳包发送成功
[01:09:00 INF] 【直播间】23040372 的第 35 个心跳包发送成功
[01:10:04 INF] 【直播间】23357926 的第 36 个心跳包发送成功
[01:10:05 INF] 【直播间】407149 的第 36 个心跳包发送成功
[01:10:07 INF] 【直播间】23040372 的第 36 个心跳包发送成功
[01:11:11 INF] 【直播间】23357926 的第 37 个心跳包发送成功
[01:11:12 INF] 【直播间】407149 的第 37 个心跳包发送成功
[01:11:13 INF] 【直播间】23040372 的第 37 个心跳包发送成功
[01:12:17 INF] 【直播间】23357926 的第 38 个心跳包发送成功
[01:12:18 INF] 【直播间】407149 的第 38 个心跳包发送成功
[01:12:20 INF] 【直播间】23040372 的第 38 个心跳包发送成功
[01:13:24 INF] 【直播间】23357926 的第 39 个心跳包发送成功
[01:13:25 INF] 【直播间】407149 的第 39 个心跳包发送成功
[01:13:26 INF] 【直播间】23040372 的第 39 个心跳包发送成功
[01:14:30 INF] 【直播间】23357926 的第 40 个心跳包发送成功
[01:14:31 INF] 【直播间】407149 的第 40 个心跳包发送成功
[01:14:33 INF] 【直播间】23040372 的第 40 个心跳包发送成功
[01:15:37 ERR] 【心跳包】直播间 23357926 发送失败
[01:15:37 ERR] 【原因】time check failed
[01:15:38 ERR] 【心跳包】直播间 407149 发送失败
[01:15:38 ERR] 【原因】time check failed
[01:15:40 ERR] 【心跳包】直播间 23040372 发送失败
[01:15:40 ERR] 【原因】time check failed
[01:16:44 INF] 【直播间】23357926 的第 41 个心跳包发送成功
[01:16:45 INF] 【直播间】407149 的第 41 个心跳包发送成功
[01:16:46 INF] 【直播间】23040372 的第 41 个心跳包发送成功
[01:17:51 INF] 【直播间】23357926 的第 42 个心跳包发送成功
[01:17:52 INF] 【直播间】407149 的第 42 个心跳包发送成功
[01:17:53 INF] 【直播间】23040372 的第 42 个心跳包发送成功
[01:18:57 INF] 【直播间】23357926 的第 43 个心跳包发送成功
[01:18:58 INF] 【直播间】407149 的第 43 个心跳包发送成功
[01:19:00 INF] 【直播间】23040372 的第 43 个心跳包发送成功
[01:20:04 INF] 【直播间】23357926 的第 44 个心跳包发送成功
[01:20:05 INF] 【直播间】407149 的第 44 个心跳包发送成功
[01:20:06 INF] 【直播间】23040372 的第 44 个心跳包发送成功
[01:21:10 INF] 【直播间】23357926 的第 45 个心跳包发送成功
[01:21:12 INF] 【直播间】407149 的第 45 个心跳包发送成功
[01:21:13 INF] 【直播间】23040372 的第 45 个心跳包发送成功
[01:22:17 INF] 【直播间】23357926 的第 46 个心跳包发送成功
[01:22:18 INF] 【直播间】407149 的第 46 个心跳包发送成功
[01:22:19 INF] 【直播间】23040372 的第 46 个心跳包发送成功
[01:23:24 INF] 【直播间】23357926 的第 47 个心跳包发送成功
[01:23:25 INF] 【直播间】407149 的第 47 个心跳包发送成功
[01:23:26 INF] 【直播间】23040372 的第 47 个心跳包发送成功
[01:24:30 INF] 【直播间】23357926 的第 48 个心跳包发送成功
[01:24:31 INF] 【直播间】407149 的第 48 个心跳包发送成功
[01:24:33 INF] 【直播间】23040372 的第 48 个心跳包发送成功
[01:25:37 INF] 【直播间】23357926 的第 49 个心跳包发送成功
[01:25:38 INF] 【直播间】407149 的第 49 个心跳包发送成功
[01:25:39 INF] 【直播间】23040372 的第 49 个心跳包发送成功
[01:26:44 INF] 【直播间】23357926 的第 50 个心跳包发送成功
[01:26:45 INF] 【直播间】407149 的第 50 个心跳包发送成功
[01:26:46 INF] 【直播间】23040372 的第 50 个心跳包发送成功
[01:27:50 INF] 【直播间】23357926 的第 51 个心跳包发送成功
[01:27:51 INF] 【直播间】407149 的第 51 个心跳包发送成功
[01:27:53 INF] 【直播间】23040372 的第 51 个心跳包发送成功
[01:28:57 INF] 【直播间】23357926 的第 52 个心跳包发送成功
[01:28:58 INF] 【直播间】407149 的第 52 个心跳包发送成功
[01:29:00 INF] 【直播间】23040372 的第 52 个心跳包发送成功
[01:30:04 INF] 【直播间】23357926 的第 53 个心跳包发送成功
[01:30:05 INF] 【直播间】407149 的第 53 个心跳包发送成功
[01:30:06 INF] 【直播间】23040372 的第 53 个心跳包发送成功
[01:31:10 ERR] 【心跳包】直播间 23357926 发送失败
[01:31:10 ERR] 【原因】time check failed
[01:31:11 ERR] 【心跳包】直播间 407149 发送失败
[01:31:11 ERR] 【原因】time check failed
[01:31:13 ERR] 【心跳包】直播间 23040372 发送失败
[01:31:13 ERR] 【原因】time check failed
[01:32:17 INF] 【直播间】23357926 的第 54 个心跳包发送成功
[01:32:18 INF] 【直播间】407149 的第 54 个心跳包发送成功
[01:32:19 INF] 【直播间】23040372 的第 54 个心跳包发送成功
[01:33:24 INF] 【直播间】23357926 的第 55 个心跳包发送成功
[01:33:25 INF] 【直播间】407149 的第 55 个心跳包发送成功
[01:33:26 INF] 【直播间】23040372 的第 55 个心跳包发送成功
[01:34:30 INF] 【直播间】23357926 的第 56 个心跳包发送成功
[01:34:32 INF] 【直播间】407149 的第 56 个心跳包发送成功
[01:34:33 INF] 【直播间】23040372 的第 56 个心跳包发送成功
[01:35:37 INF] 【直播间】23357926 的第 57 个心跳包发送成功
[01:35:38 INF] 【直播间】407149 的第 57 个心跳包发送成功
[01:35:40 INF] 【直播间】23040372 的第 57 个心跳包发送成功
[01:36:44 INF] 【直播间】23357926 的第 58 个心跳包发送成功
[01:36:45 INF] 【直播间】407149 的第 58 个心跳包发送成功
[01:36:46 INF] 【直播间】23040372 的第 58 个心跳包发送成功
[01:37:50 INF] 【直播间】23357926 的第 59 个心跳包发送成功
[01:37:51 INF] 【直播间】407149 的第 59 个心跳包发送成功
[01:37:53 INF] 【直播间】23040372 的第 59 个心跳包发送成功
[01:38:57 INF] 【直播间】23357926 的第 60 个心跳包发送成功
[01:38:58 INF] 【直播间】407149 的第 60 个心跳包发送成功
[01:38:59 INF] 【直播间】23040372 的第 60 个心跳包发送成功
[01:40:04 INF] 【直播间】23357926 的第 61 个心跳包发送成功
[01:40:05 INF] 【直播间】407149 的第 61 个心跳包发送成功
[01:40:06 INF] 【直播间】23040372 的第 61 个心跳包发送成功
[01:41:10 INF] 【直播间】23357926 的第 62 个心跳包发送成功
[01:41:11 INF] 【直播间】407149 的第 62 个心跳包发送成功
[01:41:13 INF] 【直播间】23040372 的第 62 个心跳包发送成功
[01:42:17 INF] 【直播间】23357926 的第 63 个心跳包发送成功
[01:42:18 INF] 【直播间】407149 的第 63 个心跳包发送成功
[01:42:19 INF] 【直播间】23040372 的第 63 个心跳包发送成功
[01:43:23 INF] 【直播间】23357926 的第 64 个心跳包发送成功
[01:43:25 INF] 【直播间】407149 的第 64 个心跳包发送成功
[01:43:26 INF] 【直播间】23040372 的第 64 个心跳包发送成功
[01:44:30 INF] 【直播间】23357926 的第 65 个心跳包发送成功
[01:44:31 INF] 【直播间】407149 的第 65 个心跳包发送成功
[01:44:32 INF] 【直播间】23040372 的第 65 个心跳包发送成功
[01:45:37 INF] 【直播间】23357926 的第 66 个心跳包发送成功
[01:45:38 INF] 【直播间】407149 的第 66 个心跳包发送成功
[01:45:39 INF] 【直播间】23040372 的第 66 个心跳包发送成功
[01:46:43 ERR] 【心跳包】直播间 23357926 发送失败
[01:46:43 ERR] 【原因】time check failed
[01:46:44 ERR] 【心跳包】直播间 407149 发送失败
[01:46:44 ERR] 【原因】time check failed
[01:46:45 ERR] 【心跳包】直播间 23040372 发送失败
[01:46:45 ERR] 【原因】time check failed
[01:47:49 INF] 【直播间】23357926 的第 67 个心跳包发送成功
[01:47:51 INF] 【直播间】407149 的第 67 个心跳包发送成功
[01:47:52 INF] 【直播间】23040372 的第 67 个心跳包发送成功
[01:48:56 INF] 【直播间】23357926 的第 68 个心跳包发送成功
[01:48:57 INF] 【直播间】407149 的第 68 个心跳包发送成功
[01:48:59 INF] 【直播间】23040372 的第 68 个心跳包发送成功
[01:50:03 INF] 【直播间】23357926 的第 69 个心跳包发送成功
[01:50:04 INF] 【直播间】407149 的第 69 个心跳包发送成功
[01:50:05 INF] 【直播间】23040372 的第 69 个心跳包发送成功
[01:51:10 INF] 【直播间】23357926 的第 70 个心跳包发送成功
[01:51:11 INF] 【直播间】407149 的第 70 个心跳包发送成功
[01:51:12 INF] 【直播间】23040372 的第 70 个心跳包发送成功
[01:51:12 INF] 【直播观看时长】完成情况：3/3 
[01:51:12 INF] ---------结束---------

[01:51:12 INF] ==========结束==========

[01:51:12 INF] ######### 账号 2 #########

[01:51:12 INF] =====开始 直播间互动 =====

[01:51:12 INF] ---开始 发送弹幕 ---
[01:51:12 INF] 检测到直播 Cookie 未正确配置，尝试自动配置中...
[01:51:19 INF] 直播 Cookie 配置成功！
[01:51:19 INF] 【获取直播列表】获取拥有粉丝牌的直播列表
[01:51:22 INF] 【主播】Mark陌枫 
[01:51:43 INF] 【主播】苏打baka 
[01:52:00 INF] 【主播】特别中二的q3君 
[01:52:17 INF] 【主播】陈抱一 
[01:52:37 INF] 【主播】贪玩的小毅 
[01:52:51 INF] 【主播】KL_qiqi_ 
[01:53:15 INF] 【主播】记录生活的蛋黄派 
[01:53:30 INF] 【主播】脏小豆 
[01:53:48 INF] 【主播】FoFTG 
[01:54:03 INF] 【主播】悠悠球琛总 
[01:54:18 INF] 【主播】新石器公园 
[01:54:37 INF] 【主播】李船长笔记 
[01:54:57 INF] 【直播间】Mark陌枫
[01:54:57 INF] 【粉丝牌】馬楓
[01:54:57 INF] 正在发送弹幕...
[01:55:03 INF] 【直播间】苏打baka
[01:55:03 INF] 【粉丝牌】碳酸钠
[01:55:03 INF] 正在发送弹幕...
[01:55:06 INF] 【直播间】特别中二的q3君
[01:55:06 INF] 【粉丝牌】q3GG
[01:55:06 INF] 正在发送弹幕...
[01:55:12 INF] 【直播间】陈抱一
[01:55:12 INF] 【粉丝牌】陈抱一
[01:55:12 INF] 正在发送弹幕...
[01:55:14 INF] 【弹幕发送】成功~，你和主播 Mark陌枫 的亲密值增加了100！
[01:55:16 INF] 【弹幕发送】成功~，你和主播 苏打baka 的亲密值增加了100！
[01:55:17 INF] 【直播间】贪玩的小毅
[01:55:17 INF] 【粉丝牌】大大毅
[01:55:17 INF] 正在发送弹幕...
[01:55:21 INF] 【弹幕发送】成功~，你和主播 特别中二的q3君 的亲密值增加了100！
[01:55:23 INF] 【直播间】KL_qiqi_
[01:55:23 INF] 【粉丝牌】qiqisb
[01:55:23 INF] 正在发送弹幕...
[01:55:30 INF] 【直播间】记录生活的蛋黄派
[01:55:30 INF] 【粉丝牌】派派派
[01:55:30 INF] 正在发送弹幕...
[01:55:31 INF] 【弹幕发送】成功~，你和主播 陈抱一 的亲密值增加了100！
[01:55:33 INF] 【弹幕发送】成功~，你和主播 贪玩的小毅 的亲密值增加了100！
[01:55:34 INF] 【直播间】脏小豆
[01:55:34 INF] 【粉丝牌】豆豆浆
[01:55:34 INF] 正在发送弹幕...
[01:55:38 INF] 【直播间】FoFTG
[01:55:38 INF] 【粉丝牌】FOFTG
[01:55:38 INF] 正在发送弹幕...
[01:55:42 INF] 【弹幕发送】成功~，你和主播 KL_qiqi_ 的亲密值增加了100！
[01:55:44 INF] 【直播间】悠悠球琛总
[01:55:44 INF] 【粉丝牌】i琛
[01:55:44 INF] 正在发送弹幕...
[01:55:46 INF] 【弹幕发送】成功~，你和主播 记录生活的蛋黄派 的亲密值增加了100！
[01:55:47 ERR] 【弹幕发送】失败
[01:55:47 ERR] 【原因】您发送弹幕的频率过快
[01:55:51 INF] 【直播间】新石器公园
[01:55:51 INF] 【粉丝牌】东园主
[01:55:51 INF] 正在发送弹幕...
[01:55:54 INF] 【直播间】李船长笔记
[01:55:54 INF] 【粉丝牌】航海仕
[01:55:54 INF] 正在发送弹幕...
[01:55:56 INF] 【弹幕发送】成功~，你和主播 FoFTG 的亲密值增加了100！
[01:56:00 INF] 【弹幕发送】成功~，你和主播 悠悠球琛总 的亲密值增加了100！
[01:56:01 INF] -------结束-------

[01:56:01 INF] ---开始 点赞直播间 ---
[01:56:01 INF] 【获取直播列表】获取拥有粉丝牌的直播列表
[01:56:05 INF] 【主播】Mark陌枫 
[01:56:09 INF] 【弹幕发送】成功~，你和主播 李船长笔记 的亲密值增加了100！
[01:56:10 INF] 【弹幕发送】成功~，你和主播 新石器公园 的亲密值增加了100！
[01:56:20 INF] 【主播】苏打baka 
[01:56:40 INF] 【主播】特别中二的q3君 
[01:56:58 INF] 【主播】陈抱一 
[01:57:16 INF] 【主播】贪玩的小毅 
[01:57:32 INF] 【主播】KL_qiqi_ 
[01:57:53 INF] 【主播】记录生活的蛋黄派 
[01:58:13 INF] 【主播】FoFTG 
[01:58:29 INF] 【主播】悠悠球琛总 
[01:58:42 INF] 【主播】脏小豆 
[01:58:55 INF] 【主播】新石器公园 
[01:59:09 INF] 【主播】李船长笔记 
[01:59:30 INF] 【点赞直播间】23357926 完成
[01:59:37 INF] 【点赞直播间】23040372 完成
[01:59:43 INF] 【点赞直播间】31494 完成
[01:59:46 INF] 【点赞直播间】4015781 完成
[01:59:51 INF] 【点赞直播间】9619073 完成
[01:59:56 INF] 【点赞直播间】407149 完成
[02:00:04 INF] 【点赞直播间】11732699 完成
[02:00:06 INF] 【点赞直播间】91164 完成
[02:00:11 INF] 【点赞直播间】7184632 完成
[02:00:15 INF] 【点赞直播间】929670 完成
[02:00:23 INF] 【点赞直播间】23447660 完成
[02:00:26 INF] --------结束--------

[02:00:26 INF] ---开始 直播时长挂机 ---
[02:00:26 INF] 【获取直播列表】获取拥有粉丝牌的直播列表
[02:00:26 INF] 【点赞直播间】22764265 完成
[02:00:30 INF] 【主播】Mark陌枫 
[02:00:42 INF] 【主播】苏打baka 
[02:00:56 INF] 【主播】特别中二的q3君 
[02:01:10 INF] 【主播】陈抱一 
[02:01:26 INF] 【主播】贪玩的小毅 
[02:01:44 INF] 【主播】KL_qiqi_ 
[02:02:02 INF] 【主播】记录生活的蛋黄派 
[02:02:19 INF] 【主播】FoFTG 
[02:02:34 INF] 【主播】悠悠球琛总 
[02:02:47 INF] 【主播】脏小豆 
[02:02:58 INF] 【主播】新石器公园 
[02:03:15 INF] 【主播】李船长笔记 
[02:03:31 INF] 【直播间】23357926 的第 1 个心跳包发送成功
[02:03:32 INF] 【直播间】23040372 的第 1 个心跳包发送成功
[02:03:33 INF] 【直播间】31494 的第 1 个心跳包发送成功
[02:03:35 INF] 【直播间】4015781 的第 1 个心跳包发送成功
[02:03:36 INF] 【直播间】9619073 的第 1 个心跳包发送成功
[02:03:37 INF] 【直播间】407149 的第 1 个心跳包发送成功
[02:03:38 INF] 【直播间】11732699 的第 1 个心跳包发送成功
[02:03:40 INF] 【直播间】91164 的第 1 个心跳包发送成功
[02:03:41 INF] 【直播间】7184632 的第 1 个心跳包发送成功
[02:03:42 INF] 【直播间】929670 的第 1 个心跳包发送成功
[02:03:44 INF] 【直播间】23447660 的第 1 个心跳包发送成功
[02:03:45 INF] 【直播间】22764265 的第 1 个心跳包发送成功
[02:04:38 INF] 【直播间】23357926 的第 2 个心跳包发送成功
[02:04:39 INF] 【直播间】23040372 的第 2 个心跳包发送成功
[02:04:40 INF] 【直播间】31494 的第 2 个心跳包发送成功
[02:04:41 INF] 【直播间】4015781 的第 2 个心跳包发送成功
[02:04:43 INF] 【直播间】9619073 的第 2 个心跳包发送成功
[02:04:44 INF] 【直播间】407149 的第 2 个心跳包发送成功
[02:04:45 INF] 【直播间】11732699 的第 2 个心跳包发送成功
[02:04:46 INF] 【直播间】91164 的第 2 个心跳包发送成功
[02:04:48 INF] 【直播间】7184632 的第 2 个心跳包发送成功
[02:04:49 INF] 【直播间】929670 的第 2 个心跳包发送成功
[02:04:50 INF] 【直播间】23447660 的第 2 个心跳包发送成功
[02:04:52 INF] 【直播间】22764265 的第 2 个心跳包发送成功
[02:05:44 INF] 【直播间】23357926 的第 3 个心跳包发送成功
[02:05:46 INF] 【直播间】23040372 的第 3 个心跳包发送成功
[02:05:47 INF] 【直播间】31494 的第 3 个心跳包发送成功
[02:05:48 INF] 【直播间】4015781 的第 3 个心跳包发送成功
[02:05:50 INF] 【直播间】9619073 的第 3 个心跳包发送成功
[02:05:51 INF] 【直播间】407149 的第 3 个心跳包发送成功
[02:05:52 INF] 【直播间】11732699 的第 3 个心跳包发送成功
[02:05:54 INF] 【直播间】91164 的第 3 个心跳包发送成功
[02:05:55 INF] 【直播间】7184632 的第 3 个心跳包发送成功
[02:05:56 INF] 【直播间】929670 的第 3 个心跳包发送成功
[02:05:57 INF] 【直播间】23447660 的第 3 个心跳包发送成功
[02:05:59 INF] 【直播间】22764265 的第 3 个心跳包发送成功
[02:06:51 INF] 【直播间】23357926 的第 4 个心跳包发送成功
[02:06:52 INF] 【直播间】23040372 的第 4 个心跳包发送成功
[02:06:54 INF] 【直播间】31494 的第 4 个心跳包发送成功
[02:06:55 INF] 【直播间】4015781 的第 4 个心跳包发送成功
[02:06:56 INF] 【直播间】9619073 的第 4 个心跳包发送成功
[02:06:58 INF] 【直播间】407149 的第 4 个心跳包发送成功
[02:06:59 INF] 【直播间】11732699 的第 4 个心跳包发送成功
[02:07:00 INF] 【直播间】91164 的第 4 个心跳包发送成功
[02:07:01 INF] 【直播间】7184632 的第 4 个心跳包发送成功
[02:07:03 INF] 【直播间】929670 的第 4 个心跳包发送成功
[02:07:04 INF] 【直播间】23447660 的第 4 个心跳包发送成功
[02:07:05 INF] 【直播间】22764265 的第 4 个心跳包发送成功
[02:07:58 INF] 【直播间】23357926 的第 5 个心跳包发送成功
[02:07:59 INF] 【直播间】23040372 的第 5 个心跳包发送成功
[02:08:00 INF] 【直播间】31494 的第 5 个心跳包发送成功
[02:08:02 INF] 【直播间】4015781 的第 5 个心跳包发送成功
[02:08:03 INF] 【直播间】9619073 的第 5 个心跳包发送成功
[02:08:04 INF] 【直播间】407149 的第 5 个心跳包发送成功
[02:08:05 INF] 【直播间】11732699 的第 5 个心跳包发送成功
[02:08:07 INF] 【直播间】91164 的第 5 个心跳包发送成功
[02:08:08 INF] 【直播间】7184632 的第 5 个心跳包发送成功
[02:08:09 INF] 【直播间】929670 的第 5 个心跳包发送成功
[02:08:10 INF] 【直播间】23447660 的第 5 个心跳包发送成功
[02:08:12 INF] 【直播间】22764265 的第 5 个心跳包发送成功
[02:09:04 INF] 【直播间】23357926 的第 6 个心跳包发送成功
[02:09:05 INF] 【直播间】23040372 的第 6 个心跳包发送成功
[02:09:07 INF] 【直播间】31494 的第 6 个心跳包发送成功
[02:09:08 INF] 【直播间】4015781 的第 6 个心跳包发送成功
[02:09:09 INF] 【直播间】9619073 的第 6 个心跳包发送成功
[02:09:10 INF] 【直播间】407149 的第 6 个心跳包发送成功
[02:09:12 INF] 【直播间】11732699 的第 6 个心跳包发送成功
[02:09:13 INF] 【直播间】91164 的第 6 个心跳包发送成功
[02:09:14 INF] 【直播间】7184632 的第 6 个心跳包发送成功
[02:09:16 INF] 【直播间】929670 的第 6 个心跳包发送成功
[02:09:17 INF] 【直播间】23447660 的第 6 个心跳包发送成功
[02:09:18 INF] 【直播间】22764265 的第 6 个心跳包发送成功
[02:10:11 INF] 【直播间】23357926 的第 7 个心跳包发送成功
[02:10:12 INF] 【直播间】23040372 的第 7 个心跳包发送成功
[02:10:14 INF] 【直播间】31494 的第 7 个心跳包发送成功
[02:10:15 INF] 【直播间】4015781 的第 7 个心跳包发送成功
[02:10:16 INF] 【直播间】9619073 的第 7 个心跳包发送成功
[02:10:17 INF] 【直播间】407149 的第 7 个心跳包发送成功
[02:10:19 INF] 【直播间】11732699 的第 7 个心跳包发送成功
[02:10:20 INF] 【直播间】91164 的第 7 个心跳包发送成功
[02:10:21 INF] 【直播间】7184632 的第 7 个心跳包发送成功
[02:10:22 INF] 【直播间】929670 的第 7 个心跳包发送成功
[02:10:24 INF] 【直播间】23447660 的第 7 个心跳包发送成功
[02:10:25 INF] 【直播间】22764265 的第 7 个心跳包发送成功
[02:11:18 INF] 【直播间】23357926 的第 8 个心跳包发送成功
[02:11:19 INF] 【直播间】23040372 的第 8 个心跳包发送成功
[02:11:21 INF] 【直播间】31494 的第 8 个心跳包发送成功
[02:11:22 INF] 【直播间】4015781 的第 8 个心跳包发送成功
[02:11:23 INF] 【直播间】9619073 的第 8 个心跳包发送成功
[02:11:24 INF] 【直播间】407149 的第 8 个心跳包发送成功
[02:11:26 INF] 【直播间】11732699 的第 8 个心跳包发送成功
[02:11:27 INF] 【直播间】91164 的第 8 个心跳包发送成功
[02:11:28 INF] 【直播间】7184632 的第 8 个心跳包发送成功
[02:11:29 INF] 【直播间】929670 的第 8 个心跳包发送成功
[02:11:31 INF] 【直播间】23447660 的第 8 个心跳包发送成功
[02:11:32 INF] 【直播间】22764265 的第 8 个心跳包发送成功
[02:12:24 INF] 【直播间】23357926 的第 9 个心跳包发送成功
[02:12:26 INF] 【直播间】23040372 的第 9 个心跳包发送成功
[02:12:27 INF] 【直播间】31494 的第 9 个心跳包发送成功
[02:12:28 INF] 【直播间】4015781 的第 9 个心跳包发送成功
[02:12:29 INF] 【直播间】9619073 的第 9 个心跳包发送成功
[02:12:31 INF] 【直播间】407149 的第 9 个心跳包发送成功
[02:12:32 INF] 【直播间】11732699 的第 9 个心跳包发送成功
[02:12:33 INF] 【直播间】91164 的第 9 个心跳包发送成功
[02:12:35 INF] 【直播间】7184632 的第 9 个心跳包发送成功
[02:12:36 INF] 【直播间】929670 的第 9 个心跳包发送成功
[02:12:37 INF] 【直播间】23447660 的第 9 个心跳包发送成功
[02:12:39 INF] 【直播间】22764265 的第 9 个心跳包发送成功
[02:13:31 INF] 【直播间】23357926 的第 10 个心跳包发送成功
[02:13:32 INF] 【直播间】23040372 的第 10 个心跳包发送成功
[02:13:33 INF] 【直播间】31494 的第 10 个心跳包发送成功
[02:13:35 INF] 【直播间】4015781 的第 10 个心跳包发送成功
[02:13:36 INF] 【直播间】9619073 的第 10 个心跳包发送成功
[02:13:37 INF] 【直播间】407149 的第 10 个心跳包发送成功
[02:13:39 INF] 【直播间】11732699 的第 10 个心跳包发送成功
[02:13:40 INF] 【直播间】91164 的第 10 个心跳包发送成功
[02:13:41 INF] 【直播间】7184632 的第 10 个心跳包发送成功
[02:13:42 INF] 【直播间】929670 的第 10 个心跳包发送成功
[02:13:44 INF] 【直播间】23447660 的第 10 个心跳包发送成功
[02:13:45 INF] 【直播间】22764265 的第 10 个心跳包发送成功
[02:14:38 INF] 【直播间】23357926 的第 11 个心跳包发送成功
[02:14:39 INF] 【直播间】23040372 的第 11 个心跳包发送成功
[02:14:40 INF] 【直播间】31494 的第 11 个心跳包发送成功
[02:14:41 INF] 【直播间】4015781 的第 11 个心跳包发送成功
[02:14:43 INF] 【直播间】9619073 的第 11 个心跳包发送成功
[02:14:44 INF] 【直播间】407149 的第 11 个心跳包发送成功
[02:14:45 INF] 【直播间】11732699 的第 11 个心跳包发送成功
[02:14:46 INF] 【直播间】91164 的第 11 个心跳包发送成功
[02:14:48 INF] 【直播间】7184632 的第 11 个心跳包发送成功
[02:14:49 INF] 【直播间】929670 的第 11 个心跳包发送成功
[02:14:50 INF] 【直播间】23447660 的第 11 个心跳包发送成功
[02:14:51 INF] 【直播间】22764265 的第 11 个心跳包发送成功
[02:15:44 INF] 【直播间】23357926 的第 12 个心跳包发送成功
[02:15:46 INF] 【直播间】23040372 的第 12 个心跳包发送成功
[02:15:47 INF] 【直播间】31494 的第 12 个心跳包发送成功
[02:15:49 INF] 【直播间】4015781 的第 12 个心跳包发送成功
[02:15:50 INF] 【直播间】9619073 的第 12 个心跳包发送成功
[02:15:51 INF] 【直播间】407149 的第 12 个心跳包发送成功
[02:15:52 INF] 【直播间】11732699 的第 12 个心跳包发送成功
[02:15:54 INF] 【直播间】91164 的第 12 个心跳包发送成功
[02:15:55 INF] 【直播间】7184632 的第 12 个心跳包发送成功
[02:15:56 INF] 【直播间】929670 的第 12 个心跳包发送成功
[02:15:57 INF] 【直播间】23447660 的第 12 个心跳包发送成功
[02:15:59 INF] 【直播间】22764265 的第 12 个心跳包发送成功
[02:16:51 INF] 【直播间】23357926 的第 13 个心跳包发送成功
[02:16:52 INF] 【直播间】23040372 的第 13 个心跳包发送成功
[02:16:54 INF] 【直播间】31494 的第 13 个心跳包发送成功
[02:16:55 INF] 【直播间】4015781 的第 13 个心跳包发送成功
[02:16:56 INF] 【直播间】9619073 的第 13 个心跳包发送成功
[02:16:57 INF] 【直播间】407149 的第 13 个心跳包发送成功
[02:16:59 INF] 【直播间】11732699 的第 13 个心跳包发送成功
[02:17:00 INF] 【直播间】91164 的第 13 个心跳包发送成功
[02:17:01 INF] 【直播间】7184632 的第 13 个心跳包发送成功
[02:17:02 INF] 【直播间】929670 的第 13 个心跳包发送成功
[02:17:04 INF] 【直播间】23447660 的第 13 个心跳包发送成功
[02:17:05 INF] 【直播间】22764265 的第 13 个心跳包发送成功
[02:17:58 INF] 【直播间】23357926 的第 14 个心跳包发送成功
[02:17:59 INF] 【直播间】23040372 的第 14 个心跳包发送成功
[02:18:00 INF] 【直播间】31494 的第 14 个心跳包发送成功
[02:18:02 INF] 【直播间】4015781 的第 14 个心跳包发送成功
[02:18:03 INF] 【直播间】9619073 的第 14 个心跳包发送成功
[02:18:04 INF] 【直播间】407149 的第 14 个心跳包发送成功
[02:18:05 INF] 【直播间】11732699 的第 14 个心跳包发送成功
[02:18:07 INF] 【直播间】91164 的第 14 个心跳包发送成功
[02:18:08 INF] 【直播间】7184632 的第 14 个心跳包发送成功
[02:18:09 INF] 【直播间】929670 的第 14 个心跳包发送成功
[02:18:10 INF] 【直播间】23447660 的第 14 个心跳包发送成功
[02:18:12 INF] 【直播间】22764265 的第 14 个心跳包发送成功
[02:19:04 ERR] 【心跳包】直播间 23357926 发送失败
[02:19:04 ERR] 【原因】time check failed
[02:19:05 ERR] 【心跳包】直播间 23040372 发送失败
[02:19:05 ERR] 【原因】time check failed
[02:19:07 ERR] 【心跳包】直播间 31494 发送失败
[02:19:07 ERR] 【原因】time check failed
[02:19:08 ERR] 【心跳包】直播间 4015781 发送失败
[02:19:08 ERR] 【原因】time check failed
[02:19:09 ERR] 【心跳包】直播间 9619073 发送失败
[02:19:09 ERR] 【原因】time check failed
[02:19:10 ERR] 【心跳包】直播间 407149 发送失败
[02:19:10 ERR] 【原因】time check failed
[02:19:12 ERR] 【心跳包】直播间 11732699 发送失败
[02:19:12 ERR] 【原因】time check failed
[02:19:13 ERR] 【心跳包】直播间 91164 发送失败
[02:19:13 ERR] 【原因】time check failed
[02:19:14 ERR] 【心跳包】直播间 7184632 发送失败
[02:19:14 ERR] 【原因】time check failed
[02:19:15 ERR] 【心跳包】直播间 929670 发送失败
[02:19:15 ERR] 【原因】time check failed
[02:19:17 ERR] 【心跳包】直播间 23447660 发送失败
[02:19:17 ERR] 【原因】time check failed
[02:19:18 ERR] 【心跳包】直播间 22764265 发送失败
[02:19:18 ERR] 【原因】time check failed
[02:20:11 INF] 【直播间】23357926 的第 15 个心跳包发送成功
[02:20:12 INF] 【直播间】23040372 的第 15 个心跳包发送成功
[02:20:13 INF] 【直播间】31494 的第 15 个心跳包发送成功
[02:20:14 INF] 【直播间】4015781 的第 15 个心跳包发送成功
[02:20:16 INF] 【直播间】9619073 的第 15 个心跳包发送成功
[02:20:17 INF] 【直播间】407149 的第 15 个心跳包发送成功
[02:20:18 INF] 【直播间】11732699 的第 15 个心跳包发送成功
[02:20:19 INF] 【直播间】91164 的第 15 个心跳包发送成功
[02:20:21 INF] 【直播间】7184632 的第 15 个心跳包发送成功
[02:20:22 INF] 【直播间】929670 的第 15 个心跳包发送成功
[02:20:23 INF] 【直播间】23447660 的第 15 个心跳包发送成功
[02:20:24 INF] 【直播间】22764265 的第 15 个心跳包发送成功
[02:21:18 INF] 【直播间】23357926 的第 16 个心跳包发送成功
[02:21:19 INF] 【直播间】23040372 的第 16 个心跳包发送成功
[02:21:20 INF] 【直播间】31494 的第 16 个心跳包发送成功
[02:21:21 INF] 【直播间】4015781 的第 16 个心跳包发送成功
[02:21:23 INF] 【直播间】9619073 的第 16 个心跳包发送成功
[02:21:24 INF] 【直播间】407149 的第 16 个心跳包发送成功
[02:21:25 INF] 【直播间】11732699 的第 16 个心跳包发送成功
[02:21:26 INF] 【直播间】91164 的第 16 个心跳包发送成功
[02:21:28 INF] 【直播间】7184632 的第 16 个心跳包发送成功
[02:21:29 INF] 【直播间】929670 的第 16 个心跳包发送成功
[02:21:30 INF] 【直播间】23447660 的第 16 个心跳包发送成功
[02:21:31 INF] 【直播间】22764265 的第 16 个心跳包发送成功
[02:22:24 INF] 【直播间】23357926 的第 17 个心跳包发送成功
[02:22:25 INF] 【直播间】23040372 的第 17 个心跳包发送成功
[02:22:27 INF] 【直播间】31494 的第 17 个心跳包发送成功
[02:22:28 INF] 【直播间】4015781 的第 17 个心跳包发送成功
[02:22:29 INF] 【直播间】9619073 的第 17 个心跳包发送成功
[02:22:30 INF] 【直播间】407149 的第 17 个心跳包发送成功
[02:22:32 INF] 【直播间】11732699 的第 17 个心跳包发送成功
[02:22:33 INF] 【直播间】91164 的第 17 个心跳包发送成功
[02:22:35 INF] 【直播间】7184632 的第 17 个心跳包发送成功
[02:22:36 INF] 【直播间】929670 的第 17 个心跳包发送成功
[02:22:37 INF] 【直播间】23447660 的第 17 个心跳包发送成功
[02:22:39 INF] 【直播间】22764265 的第 17 个心跳包发送成功
[02:23:31 INF] 【直播间】23357926 的第 18 个心跳包发送成功
[02:23:32 INF] 【直播间】23040372 的第 18 个心跳包发送成功
[02:23:33 INF] 【直播间】31494 的第 18 个心跳包发送成功
[02:23:34 INF] 【直播间】4015781 的第 18 个心跳包发送成功
[02:23:36 INF] 【直播间】9619073 的第 18 个心跳包发送成功
[02:23:37 INF] 【直播间】407149 的第 18 个心跳包发送成功
[02:23:38 INF] 【直播间】11732699 的第 18 个心跳包发送成功
[02:23:40 INF] 【直播间】91164 的第 18 个心跳包发送成功
[02:23:41 INF] 【直播间】7184632 的第 18 个心跳包发送成功
[02:23:42 INF] 【直播间】929670 的第 18 个心跳包发送成功
[02:23:44 INF] 【直播间】23447660 的第 18 个心跳包发送成功
[02:23:45 INF] 【直播间】22764265 的第 18 个心跳包发送成功
[02:24:37 INF] 【直播间】23357926 的第 19 个心跳包发送成功
[02:24:39 INF] 【直播间】23040372 的第 19 个心跳包发送成功
[02:24:40 INF] 【直播间】31494 的第 19 个心跳包发送成功
[02:24:41 INF] 【直播间】4015781 的第 19 个心跳包发送成功
[02:24:42 INF] 【直播间】9619073 的第 19 个心跳包发送成功
[02:24:44 INF] 【直播间】407149 的第 19 个心跳包发送成功
[02:24:45 INF] 【直播间】11732699 的第 19 个心跳包发送成功
[02:24:46 INF] 【直播间】91164 的第 19 个心跳包发送成功
[02:24:47 INF] 【直播间】7184632 的第 19 个心跳包发送成功
[02:24:49 INF] 【直播间】929670 的第 19 个心跳包发送成功
[02:24:50 INF] 【直播间】23447660 的第 19 个心跳包发送成功
[02:24:51 INF] 【直播间】22764265 的第 19 个心跳包发送成功
[02:25:44 INF] 【直播间】23357926 的第 20 个心跳包发送成功
[02:25:45 INF] 【直播间】23040372 的第 20 个心跳包发送成功
[02:25:46 INF] 【直播间】31494 的第 20 个心跳包发送成功
[02:25:48 INF] 【直播间】4015781 的第 20 个心跳包发送成功
[02:25:49 INF] 【直播间】9619073 的第 20 个心跳包发送成功
[02:25:50 INF] 【直播间】407149 的第 20 个心跳包发送成功
[02:25:51 INF] 【直播间】11732699 的第 20 个心跳包发送成功
[02:25:53 INF] 【直播间】91164 的第 20 个心跳包发送成功
[02:25:54 INF] 【直播间】7184632 的第 20 个心跳包发送成功
[02:25:55 INF] 【直播间】929670 的第 20 个心跳包发送成功
[02:25:56 INF] 【直播间】23447660 的第 20 个心跳包发送成功
[02:25:58 INF] 【直播间】22764265 的第 20 个心跳包发送成功
[02:26:51 INF] 【直播间】23357926 的第 21 个心跳包发送成功
[02:26:52 INF] 【直播间】23040372 的第 21 个心跳包发送成功
[02:26:53 INF] 【直播间】31494 的第 21 个心跳包发送成功
[02:26:55 INF] 【直播间】4015781 的第 21 个心跳包发送成功
[02:26:56 INF] 【直播间】9619073 的第 21 个心跳包发送成功
[02:26:57 INF] 【直播间】407149 的第 21 个心跳包发送成功
[02:26:58 INF] 【直播间】11732699 的第 21 个心跳包发送成功
[02:27:00 INF] 【直播间】91164 的第 21 个心跳包发送成功
[02:27:01 INF] 【直播间】7184632 的第 21 个心跳包发送成功
[02:27:02 INF] 【直播间】929670 的第 21 个心跳包发送成功
[02:27:03 INF] 【直播间】23447660 的第 21 个心跳包发送成功
[02:27:05 INF] 【直播间】22764265 的第 21 个心跳包发送成功
[02:27:57 INF] 【直播间】23357926 的第 22 个心跳包发送成功
[02:27:58 INF] 【直播间】23040372 的第 22 个心跳包发送成功
[02:28:00 INF] 【直播间】31494 的第 22 个心跳包发送成功
[02:28:01 INF] 【直播间】4015781 的第 22 个心跳包发送成功
[02:28:02 INF] 【直播间】9619073 的第 22 个心跳包发送成功
[02:28:03 INF] 【直播间】407149 的第 22 个心跳包发送成功
[02:28:05 INF] 【直播间】11732699 的第 22 个心跳包发送成功
[02:28:06 INF] 【直播间】91164 的第 22 个心跳包发送成功
[02:28:07 INF] 【直播间】7184632 的第 22 个心跳包发送成功
[02:28:08 INF] 【直播间】929670 的第 22 个心跳包发送成功
[02:28:10 INF] 【直播间】23447660 的第 22 个心跳包发送成功
[02:28:11 INF] 【直播间】22764265 的第 22 个心跳包发送成功
[02:29:04 INF] 【直播间】23357926 的第 23 个心跳包发送成功
[02:29:05 INF] 【直播间】23040372 的第 23 个心跳包发送成功
[02:29:06 INF] 【直播间】31494 的第 23 个心跳包发送成功
[02:29:07 INF] 【直播间】4015781 的第 23 个心跳包发送成功
[02:29:09 INF] 【直播间】9619073 的第 23 个心跳包发送成功
[02:29:10 INF] 【直播间】407149 的第 23 个心跳包发送成功
[02:29:11 INF] 【直播间】11732699 的第 23 个心跳包发送成功
[02:29:12 INF] 【直播间】91164 的第 23 个心跳包发送成功
[02:29:14 INF] 【直播间】7184632 的第 23 个心跳包发送成功
[02:29:15 INF] 【直播间】929670 的第 23 个心跳包发送成功
[02:29:16 INF] 【直播间】23447660 的第 23 个心跳包发送成功
[02:29:17 INF] 【直播间】22764265 的第 23 个心跳包发送成功
[02:30:10 INF] 【直播间】23357926 的第 24 个心跳包发送成功
[02:30:12 INF] 【直播间】23040372 的第 24 个心跳包发送成功
[02:30:13 INF] 【直播间】31494 的第 24 个心跳包发送成功
[02:30:14 INF] 【直播间】4015781 的第 24 个心跳包发送成功
[02:30:15 INF] 【直播间】9619073 的第 24 个心跳包发送成功
[02:30:17 INF] 【直播间】407149 的第 24 个心跳包发送成功
[02:30:18 INF] 【直播间】11732699 的第 24 个心跳包发送成功
[02:30:19 INF] 【直播间】91164 的第 24 个心跳包发送成功
[02:30:20 INF] 【直播间】7184632 的第 24 个心跳包发送成功
[02:30:22 INF] 【直播间】929670 的第 24 个心跳包发送成功
[02:30:23 INF] 【直播间】23447660 的第 24 个心跳包发送成功
[02:30:24 INF] 【直播间】22764265 的第 24 个心跳包发送成功
[02:31:17 INF] 【直播间】23357926 的第 25 个心跳包发送成功
[02:31:18 INF] 【直播间】23040372 的第 25 个心跳包发送成功
[02:31:20 INF] 【直播间】31494 的第 25 个心跳包发送成功
[02:31:21 INF] 【直播间】4015781 的第 25 个心跳包发送成功
[02:31:22 INF] 【直播间】9619073 的第 25 个心跳包发送成功
[02:31:23 INF] 【直播间】407149 的第 25 个心跳包发送成功
[02:31:25 INF] 【直播间】11732699 的第 25 个心跳包发送成功
[02:31:26 INF] 【直播间】91164 的第 25 个心跳包发送成功
[02:31:27 INF] 【直播间】7184632 的第 25 个心跳包发送成功
[02:31:28 INF] 【直播间】929670 的第 25 个心跳包发送成功
[02:31:30 INF] 【直播间】23447660 的第 25 个心跳包发送成功
[02:31:31 INF] 【直播间】22764265 的第 25 个心跳包发送成功
[02:32:24 INF] 【直播间】23357926 的第 26 个心跳包发送成功
[02:32:25 INF] 【直播间】23040372 的第 26 个心跳包发送成功
[02:32:26 INF] 【直播间】31494 的第 26 个心跳包发送成功
[02:32:28 INF] 【直播间】4015781 的第 26 个心跳包发送成功
[02:32:29 INF] 【直播间】9619073 的第 26 个心跳包发送成功
[02:32:30 INF] 【直播间】407149 的第 26 个心跳包发送成功
[02:32:32 INF] 【直播间】11732699 的第 26 个心跳包发送成功
[02:32:33 INF] 【直播间】91164 的第 26 个心跳包发送成功
[02:32:34 INF] 【直播间】7184632 的第 26 个心跳包发送成功
[02:32:36 INF] 【直播间】929670 的第 26 个心跳包发送成功
[02:32:37 INF] 【直播间】23447660 的第 26 个心跳包发送成功
[02:32:38 INF] 【直播间】22764265 的第 26 个心跳包发送成功
[02:33:30 INF] 【直播间】23357926 的第 27 个心跳包发送成功
[02:33:32 INF] 【直播间】23040372 的第 27 个心跳包发送成功
[02:33:33 INF] 【直播间】31494 的第 27 个心跳包发送成功
[02:33:34 INF] 【直播间】4015781 的第 27 个心跳包发送成功
[02:33:35 INF] 【直播间】9619073 的第 27 个心跳包发送成功
[02:33:37 INF] 【直播间】407149 的第 27 个心跳包发送成功
[02:33:38 INF] 【直播间】11732699 的第 27 个心跳包发送成功
[02:33:39 INF] 【直播间】91164 的第 27 个心跳包发送成功
[02:33:41 INF] 【直播间】7184632 的第 27 个心跳包发送成功
[02:33:42 INF] 【直播间】929670 的第 27 个心跳包发送成功
[02:33:43 INF] 【直播间】23447660 的第 27 个心跳包发送成功
[02:33:45 INF] 【直播间】22764265 的第 27 个心跳包发送成功
[02:34:37 ERR] 【心跳包】直播间 23357926 发送失败
[02:34:37 ERR] 【原因】time check failed
[02:34:38 ERR] 【心跳包】直播间 23040372 发送失败
[02:34:38 ERR] 【原因】time check failed
[02:34:39 ERR] 【心跳包】直播间 31494 发送失败
[02:34:39 ERR] 【原因】time check failed
[02:34:41 ERR] 【心跳包】直播间 4015781 发送失败
[02:34:41 ERR] 【原因】time check failed
[02:34:42 ERR] 【心跳包】直播间 9619073 发送失败
[02:34:42 ERR] 【原因】time check failed
[02:34:43 ERR] 【心跳包】直播间 407149 发送失败
[02:34:43 ERR] 【原因】time check failed
[02:34:44 ERR] 【心跳包】直播间 11732699 发送失败
[02:34:44 ERR] 【原因】time check failed
[02:34:46 ERR] 【心跳包】直播间 91164 发送失败
[02:34:46 ERR] 【原因】time check failed
[02:34:47 ERR] 【心跳包】直播间 7184632 发送失败
[02:34:47 ERR] 【原因】time check failed
[02:34:48 ERR] 【心跳包】直播间 929670 发送失败
[02:34:48 ERR] 【原因】time check failed
[02:34:50 ERR] 【心跳包】直播间 23447660 发送失败
[02:34:50 ERR] 【原因】time check failed
[02:34:51 ERR] 【心跳包】直播间 22764265 发送失败
[02:34:51 ERR] 【原因】time check failed
[02:35:43 INF] 【直播间】23357926 的第 28 个心跳包发送成功
[02:35:45 INF] 【直播间】23040372 的第 28 个心跳包发送成功
[02:35:46 INF] 【直播间】31494 的第 28 个心跳包发送成功
[02:35:47 INF] 【直播间】4015781 的第 28 个心跳包发送成功
[02:35:49 INF] 【直播间】9619073 的第 28 个心跳包发送成功
[02:35:50 INF] 【直播间】407149 的第 28 个心跳包发送成功
[02:35:51 INF] 【直播间】11732699 的第 28 个心跳包发送成功
[02:35:52 INF] 【直播间】91164 的第 28 个心跳包发送成功
[02:35:54 INF] 【直播间】7184632 的第 28 个心跳包发送成功
[02:35:55 INF] 【直播间】929670 的第 28 个心跳包发送成功
[02:35:56 INF] 【直播间】23447660 的第 28 个心跳包发送成功
[02:35:57 INF] 【直播间】22764265 的第 28 个心跳包发送成功
[02:36:50 INF] 【直播间】23357926 的第 29 个心跳包发送成功
[02:36:51 INF] 【直播间】23040372 的第 29 个心跳包发送成功
[02:36:52 INF] 【直播间】31494 的第 29 个心跳包发送成功
[02:36:54 INF] 【直播间】4015781 的第 29 个心跳包发送成功
[02:36:55 INF] 【直播间】9619073 的第 29 个心跳包发送成功
[02:36:56 INF] 【直播间】407149 的第 29 个心跳包发送成功
[02:36:57 INF] 【直播间】11732699 的第 29 个心跳包发送成功
[02:36:59 INF] 【直播间】91164 的第 29 个心跳包发送成功
[02:37:00 INF] 【直播间】7184632 的第 29 个心跳包发送成功
[02:37:01 INF] 【直播间】929670 的第 29 个心跳包发送成功
[02:37:03 INF] 【直播间】23447660 的第 29 个心跳包发送成功
[02:37:04 INF] 【直播间】22764265 的第 29 个心跳包发送成功
[02:37:57 INF] 【直播间】23357926 的第 30 个心跳包发送成功
[02:37:58 INF] 【直播间】23040372 的第 30 个心跳包发送成功
[02:37:59 INF] 【直播间】31494 的第 30 个心跳包发送成功
[02:38:00 INF] 【直播间】4015781 的第 30 个心跳包发送成功
[02:38:02 INF] 【直播间】9619073 的第 30 个心跳包发送成功
[02:38:03 INF] 【直播间】407149 的第 30 个心跳包发送成功
[02:38:04 INF] 【直播间】11732699 的第 30 个心跳包发送成功
[02:38:05 INF] 【直播间】91164 的第 30 个心跳包发送成功
[02:38:07 INF] 【直播间】7184632 的第 30 个心跳包发送成功
[02:38:08 INF] 【直播间】929670 的第 30 个心跳包发送成功
[02:38:09 INF] 【直播间】23447660 的第 30 个心跳包发送成功
[02:38:10 INF] 【直播间】22764265 的第 30 个心跳包发送成功
[02:39:04 INF] 【直播间】23357926 的第 31 个心跳包发送成功
[02:39:05 INF] 【直播间】23040372 的第 31 个心跳包发送成功
[02:39:06 INF] 【直播间】31494 的第 31 个心跳包发送成功
[02:39:07 INF] 【直播间】4015781 的第 31 个心跳包发送成功
[02:39:09 INF] 【直播间】9619073 的第 31 个心跳包发送成功
[02:39:10 INF] 【直播间】407149 的第 31 个心跳包发送成功
[02:39:11 INF] 【直播间】11732699 的第 31 个心跳包发送成功
[02:39:12 INF] 【直播间】91164 的第 31 个心跳包发送成功
[02:39:14 INF] 【直播间】7184632 的第 31 个心跳包发送成功
[02:39:15 INF] 【直播间】929670 的第 31 个心跳包发送成功
[02:39:16 INF] 【直播间】23447660 的第 31 个心跳包发送成功
[02:39:18 INF] 【直播间】22764265 的第 31 个心跳包发送成功
[02:40:10 INF] 【直播间】23357926 的第 32 个心跳包发送成功
[02:40:11 INF] 【直播间】23040372 的第 32 个心跳包发送成功
[02:40:13 INF] 【直播间】31494 的第 32 个心跳包发送成功
[02:40:14 INF] 【直播间】4015781 的第 32 个心跳包发送成功
[02:40:15 INF] 【直播间】9619073 的第 32 个心跳包发送成功
[02:40:16 INF] 【直播间】407149 的第 32 个心跳包发送成功
[02:40:18 INF] 【直播间】11732699 的第 32 个心跳包发送成功
[02:40:19 INF] 【直播间】91164 的第 32 个心跳包发送成功
[02:40:20 INF] 【直播间】7184632 的第 32 个心跳包发送成功
[02:40:21 INF] 【直播间】929670 的第 32 个心跳包发送成功
[02:40:23 INF] 【直播间】23447660 的第 32 个心跳包发送成功
[02:40:24 INF] 【直播间】22764265 的第 32 个心跳包发送成功
[02:41:17 INF] 【直播间】23357926 的第 33 个心跳包发送成功
[02:41:18 INF] 【直播间】23040372 的第 33 个心跳包发送成功
[02:41:19 INF] 【直播间】31494 的第 33 个心跳包发送成功
[02:41:21 INF] 【直播间】4015781 的第 33 个心跳包发送成功
[02:41:22 INF] 【直播间】9619073 的第 33 个心跳包发送成功
[02:41:23 INF] 【直播间】407149 的第 33 个心跳包发送成功
[02:41:24 INF] 【直播间】11732699 的第 33 个心跳包发送成功
[02:41:26 INF] 【直播间】91164 的第 33 个心跳包发送成功
[02:41:27 INF] 【直播间】7184632 的第 33 个心跳包发送成功
[02:41:28 INF] 【直播间】929670 的第 33 个心跳包发送成功
[02:41:29 INF] 【直播间】23447660 的第 33 个心跳包发送成功
[02:41:31 INF] 【直播间】22764265 的第 33 个心跳包发送成功
[02:42:23 INF] 【直播间】23357926 的第 34 个心跳包发送成功
[02:42:24 INF] 【直播间】23040372 的第 34 个心跳包发送成功
[02:42:26 INF] 【直播间】31494 的第 34 个心跳包发送成功
[02:42:27 INF] 【直播间】4015781 的第 34 个心跳包发送成功
[02:42:28 INF] 【直播间】9619073 的第 34 个心跳包发送成功
[02:42:30 INF] 【直播间】407149 的第 34 个心跳包发送成功
[02:42:31 INF] 【直播间】11732699 的第 34 个心跳包发送成功
[02:42:32 INF] 【直播间】91164 的第 34 个心跳包发送成功
[02:42:34 INF] 【直播间】7184632 的第 34 个心跳包发送成功
[02:42:35 INF] 【直播间】929670 的第 34 个心跳包发送成功
[02:42:36 INF] 【直播间】23447660 的第 34 个心跳包发送成功
[02:42:37 INF] 【直播间】22764265 的第 34 个心跳包发送成功
[02:43:30 INF] 【直播间】23357926 的第 35 个心跳包发送成功
[02:43:31 INF] 【直播间】23040372 的第 35 个心跳包发送成功
[02:43:33 INF] 【直播间】31494 的第 35 个心跳包发送成功
[02:43:34 INF] 【直播间】4015781 的第 35 个心跳包发送成功
[02:43:35 INF] 【直播间】9619073 的第 35 个心跳包发送成功
[02:43:36 INF] 【直播间】407149 的第 35 个心跳包发送成功
[02:43:38 INF] 【直播间】11732699 的第 35 个心跳包发送成功
[02:43:39 INF] 【直播间】91164 的第 35 个心跳包发送成功
[02:43:40 INF] 【直播间】7184632 的第 35 个心跳包发送成功
[02:43:41 INF] 【直播间】929670 的第 35 个心跳包发送成功
[02:43:43 INF] 【直播间】23447660 的第 35 个心跳包发送成功
[02:43:44 INF] 【直播间】22764265 的第 35 个心跳包发送成功
[02:44:37 INF] 【直播间】23357926 的第 36 个心跳包发送成功
[02:44:38 INF] 【直播间】23040372 的第 36 个心跳包发送成功
[02:44:40 INF] 【直播间】31494 的第 36 个心跳包发送成功
[02:44:41 INF] 【直播间】4015781 的第 36 个心跳包发送成功
[02:44:42 INF] 【直播间】9619073 的第 36 个心跳包发送成功
[02:44:43 INF] 【直播间】407149 的第 36 个心跳包发送成功
[02:44:45 INF] 【直播间】11732699 的第 36 个心跳包发送成功
[02:44:46 INF] 【直播间】91164 的第 36 个心跳包发送成功
[02:44:47 INF] 【直播间】7184632 的第 36 个心跳包发送成功
[02:44:49 INF] 【直播间】929670 的第 36 个心跳包发送成功
[02:44:50 INF] 【直播间】23447660 的第 36 个心跳包发送成功
[02:44:51 INF] 【直播间】22764265 的第 36 个心跳包发送成功
[02:45:43 INF] 【直播间】23357926 的第 37 个心跳包发送成功
[02:45:45 INF] 【直播间】23040372 的第 37 个心跳包发送成功
[02:45:46 INF] 【直播间】31494 的第 37 个心跳包发送成功
[02:45:47 INF] 【直播间】4015781 的第 37 个心跳包发送成功
[02:45:48 INF] 【直播间】9619073 的第 37 个心跳包发送成功
[02:45:50 INF] 【直播间】407149 的第 37 个心跳包发送成功
[02:45:51 INF] 【直播间】11732699 的第 37 个心跳包发送成功
[02:45:52 INF] 【直播间】91164 的第 37 个心跳包发送成功
[02:45:54 INF] 【直播间】7184632 的第 37 个心跳包发送成功
[02:45:55 INF] 【直播间】929670 的第 37 个心跳包发送成功
[02:45:56 INF] 【直播间】23447660 的第 37 个心跳包发送成功
[02:45:57 INF] 【直播间】22764265 的第 37 个心跳包发送成功
[02:46:50 INF] 【直播间】23357926 的第 38 个心跳包发送成功
[02:46:51 INF] 【直播间】23040372 的第 38 个心跳包发送成功
[02:46:52 INF] 【直播间】31494 的第 38 个心跳包发送成功
[02:46:54 INF] 【直播间】4015781 的第 38 个心跳包发送成功
[02:46:55 INF] 【直播间】9619073 的第 38 个心跳包发送成功
[02:46:56 INF] 【直播间】407149 的第 38 个心跳包发送成功
[02:46:58 INF] 【直播间】11732699 的第 38 个心跳包发送成功
[02:46:59 INF] 【直播间】91164 的第 38 个心跳包发送成功
[02:47:00 INF] 【直播间】7184632 的第 38 个心跳包发送成功
[02:47:01 INF] 【直播间】929670 的第 38 个心跳包发送成功
[02:47:03 INF] 【直播间】23447660 的第 38 个心跳包发送成功
[02:47:04 INF] 【直播间】22764265 的第 38 个心跳包发送成功
[02:47:56 INF] 【直播间】23357926 的第 39 个心跳包发送成功
[02:47:58 INF] 【直播间】23040372 的第 39 个心跳包发送成功
[02:47:59 INF] 【直播间】31494 的第 39 个心跳包发送成功
[02:48:00 INF] 【直播间】4015781 的第 39 个心跳包发送成功
[02:48:02 INF] 【直播间】9619073 的第 39 个心跳包发送成功
[02:48:03 INF] 【直播间】407149 的第 39 个心跳包发送成功
[02:48:04 INF] 【直播间】11732699 的第 39 个心跳包发送成功
[02:48:05 INF] 【直播间】91164 的第 39 个心跳包发送成功
[02:48:07 INF] 【直播间】7184632 的第 39 个心跳包发送成功
[02:48:08 INF] 【直播间】929670 的第 39 个心跳包发送成功
[02:48:09 INF] 【直播间】23447660 的第 39 个心跳包发送成功
[02:48:10 INF] 【直播间】22764265 的第 39 个心跳包发送成功
[02:49:03 INF] 【直播间】23357926 的第 40 个心跳包发送成功
[02:49:05 INF] 【直播间】23040372 的第 40 个心跳包发送成功
[02:49:06 INF] 【直播间】31494 的第 40 个心跳包发送成功
[02:49:08 INF] 【直播间】4015781 的第 40 个心跳包发送成功
[02:49:09 INF] 【直播间】9619073 的第 40 个心跳包发送成功
[02:49:10 INF] 【直播间】407149 的第 40 个心跳包发送成功
[02:49:12 INF] 【直播间】11732699 的第 40 个心跳包发送成功
[02:49:13 INF] 【直播间】91164 的第 40 个心跳包发送成功
[02:49:14 INF] 【直播间】7184632 的第 40 个心跳包发送成功
[02:49:15 INF] 【直播间】929670 的第 40 个心跳包发送成功
[02:49:17 INF] 【直播间】23447660 的第 40 个心跳包发送成功
[02:49:18 INF] 【直播间】22764265 的第 40 个心跳包发送成功
[02:50:10 ERR] 【心跳包】直播间 23357926 发送失败
[02:50:10 ERR] 【原因】time check failed
[02:50:11 ERR] 【心跳包】直播间 23040372 发送失败
[02:50:11 ERR] 【原因】time check failed
[02:50:13 ERR] 【心跳包】直播间 31494 发送失败
[02:50:13 ERR] 【原因】time check failed
[02:50:14 ERR] 【心跳包】直播间 4015781 发送失败
[02:50:14 ERR] 【原因】time check failed
[02:50:15 ERR] 【心跳包】直播间 9619073 发送失败
[02:50:15 ERR] 【原因】time check failed
[02:50:17 ERR] 【心跳包】直播间 407149 发送失败
[02:50:17 ERR] 【原因】time check failed
[02:50:18 ERR] 【心跳包】直播间 11732699 发送失败
[02:50:18 ERR] 【原因】time check failed
[02:50:19 ERR] 【心跳包】直播间 91164 发送失败
[02:50:19 ERR] 【原因】time check failed
[02:50:20 ERR] 【心跳包】直播间 7184632 发送失败
[02:50:20 ERR] 【原因】time check failed
[02:50:22 ERR] 【心跳包】直播间 929670 发送失败
[02:50:22 ERR] 【原因】time check failed
[02:50:23 ERR] 【心跳包】直播间 23447660 发送失败
[02:50:23 ERR] 【原因】time check failed
[02:50:24 ERR] 【心跳包】直播间 22764265 发送失败
[02:50:24 ERR] 【原因】time check failed
[02:51:17 INF] 【直播间】23357926 的第 41 个心跳包发送成功
[02:51:18 INF] 【直播间】23040372 的第 41 个心跳包发送成功
[02:51:19 INF] 【直播间】31494 的第 41 个心跳包发送成功
[02:51:21 INF] 【直播间】4015781 的第 41 个心跳包发送成功
[02:51:22 INF] 【直播间】9619073 的第 41 个心跳包发送成功
[02:51:23 INF] 【直播间】407149 的第 41 个心跳包发送成功
[02:51:24 INF] 【直播间】11732699 的第 41 个心跳包发送成功
[02:51:26 INF] 【直播间】91164 的第 41 个心跳包发送成功
[02:51:27 INF] 【直播间】7184632 的第 41 个心跳包发送成功
[02:51:28 INF] 【直播间】929670 的第 41 个心跳包发送成功
[02:51:29 INF] 【直播间】23447660 的第 41 个心跳包发送成功
[02:51:31 INF] 【直播间】22764265 的第 41 个心跳包发送成功
[02:52:23 INF] 【直播间】23357926 的第 42 个心跳包发送成功
[02:52:24 INF] 【直播间】23040372 的第 42 个心跳包发送成功
[02:52:26 INF] 【直播间】31494 的第 42 个心跳包发送成功
[02:52:27 INF] 【直播间】4015781 的第 42 个心跳包发送成功
[02:52:28 INF] 【直播间】9619073 的第 42 个心跳包发送成功
[02:52:29 INF] 【直播间】407149 的第 42 个心跳包发送成功
[02:52:31 INF] 【直播间】11732699 的第 42 个心跳包发送成功
[02:52:32 INF] 【直播间】91164 的第 42 个心跳包发送成功
[02:52:33 INF] 【直播间】7184632 的第 42 个心跳包发送成功
[02:52:34 INF] 【直播间】929670 的第 42 个心跳包发送成功
[02:52:36 INF] 【直播间】23447660 的第 42 个心跳包发送成功
[02:52:37 INF] 【直播间】22764265 的第 42 个心跳包发送成功
[02:53:30 INF] 【直播间】23357926 的第 43 个心跳包发送成功
[02:53:31 INF] 【直播间】23040372 的第 43 个心跳包发送成功
[02:53:32 INF] 【直播间】31494 的第 43 个心跳包发送成功
[02:53:33 INF] 【直播间】4015781 的第 43 个心跳包发送成功
[02:53:35 INF] 【直播间】9619073 的第 43 个心跳包发送成功
[02:53:36 INF] 【直播间】407149 的第 43 个心跳包发送成功
[02:53:37 INF] 【直播间】11732699 的第 43 个心跳包发送成功
[02:53:38 INF] 【直播间】91164 的第 43 个心跳包发送成功
[02:53:40 INF] 【直播间】7184632 的第 43 个心跳包发送成功
[02:53:41 INF] 【直播间】929670 的第 43 个心跳包发送成功
[02:53:42 INF] 【直播间】23447660 的第 43 个心跳包发送成功
[02:53:43 INF] 【直播间】22764265 的第 43 个心跳包发送成功
[02:54:36 INF] 【直播间】23357926 的第 44 个心跳包发送成功
[02:54:38 INF] 【直播间】23040372 的第 44 个心跳包发送成功
[02:54:39 INF] 【直播间】31494 的第 44 个心跳包发送成功
[02:54:40 INF] 【直播间】4015781 的第 44 个心跳包发送成功
[02:54:41 INF] 【直播间】9619073 的第 44 个心跳包发送成功
[02:54:43 INF] 【直播间】407149 的第 44 个心跳包发送成功
[02:54:44 INF] 【直播间】11732699 的第 44 个心跳包发送成功
[02:54:45 INF] 【直播间】91164 的第 44 个心跳包发送成功
[02:54:46 INF] 【直播间】7184632 的第 44 个心跳包发送成功
[02:54:48 INF] 【直播间】929670 的第 44 个心跳包发送成功
[02:54:49 INF] 【直播间】23447660 的第 44 个心跳包发送成功
[02:54:50 INF] 【直播间】22764265 的第 44 个心跳包发送成功
[02:55:43 INF] 【直播间】23357926 的第 45 个心跳包发送成功
[02:55:44 INF] 【直播间】23040372 的第 45 个心跳包发送成功
[02:55:46 INF] 【直播间】31494 的第 45 个心跳包发送成功
[02:55:47 INF] 【直播间】4015781 的第 45 个心跳包发送成功
[02:55:48 INF] 【直播间】9619073 的第 45 个心跳包发送成功
[02:55:50 INF] 【直播间】407149 的第 45 个心跳包发送成功
[02:55:51 INF] 【直播间】11732699 的第 45 个心跳包发送成功
[02:55:52 INF] 【直播间】91164 的第 45 个心跳包发送成功
[02:55:53 INF] 【直播间】7184632 的第 45 个心跳包发送成功
[02:55:55 INF] 【直播间】929670 的第 45 个心跳包发送成功
[02:55:56 INF] 【直播间】23447660 的第 45 个心跳包发送成功
[02:55:57 INF] 【直播间】22764265 的第 45 个心跳包发送成功
[02:56:50 INF] 【直播间】23357926 的第 46 个心跳包发送成功
[02:56:51 INF] 【直播间】23040372 的第 46 个心跳包发送成功
[02:56:52 INF] 【直播间】31494 的第 46 个心跳包发送成功
[02:56:54 INF] 【直播间】4015781 的第 46 个心跳包发送成功
[02:56:55 INF] 【直播间】9619073 的第 46 个心跳包发送成功
[02:56:56 INF] 【直播间】407149 的第 46 个心跳包发送成功
[02:56:58 INF] 【直播间】11732699 的第 46 个心跳包发送成功
[02:56:59 INF] 【直播间】91164 的第 46 个心跳包发送成功
[02:57:00 INF] 【直播间】7184632 的第 46 个心跳包发送成功
[02:57:01 INF] 【直播间】929670 的第 46 个心跳包发送成功
[02:57:03 INF] 【直播间】23447660 的第 46 个心跳包发送成功
[02:57:04 INF] 【直播间】22764265 的第 46 个心跳包发送成功
[02:57:56 INF] 【直播间】23357926 的第 47 个心跳包发送成功
[02:57:58 INF] 【直播间】23040372 的第 47 个心跳包发送成功
[02:57:59 INF] 【直播间】31494 的第 47 个心跳包发送成功
[02:58:00 INF] 【直播间】4015781 的第 47 个心跳包发送成功
[02:58:02 INF] 【直播间】9619073 的第 47 个心跳包发送成功
[02:58:03 INF] 【直播间】407149 的第 47 个心跳包发送成功
[02:58:04 INF] 【直播间】11732699 的第 47 个心跳包发送成功
[02:58:05 INF] 【直播间】91164 的第 47 个心跳包发送成功
[02:58:07 INF] 【直播间】7184632 的第 47 个心跳包发送成功
[02:58:08 INF] 【直播间】929670 的第 47 个心跳包发送成功
[02:58:09 INF] 【直播间】23447660 的第 47 个心跳包发送成功
[02:58:11 INF] 【直播间】22764265 的第 47 个心跳包发送成功
[02:59:03 INF] 【直播间】23357926 的第 48 个心跳包发送成功
[02:59:04 INF] 【直播间】23040372 的第 48 个心跳包发送成功
[02:59:06 INF] 【直播间】31494 的第 48 个心跳包发送成功
[02:59:07 INF] 【直播间】4015781 的第 48 个心跳包发送成功
[02:59:08 INF] 【直播间】9619073 的第 48 个心跳包发送成功
[02:59:09 INF] 【直播间】407149 的第 48 个心跳包发送成功
[02:59:11 INF] 【直播间】11732699 的第 48 个心跳包发送成功
[02:59:12 INF] 【直播间】91164 的第 48 个心跳包发送成功
[02:59:13 INF] 【直播间】7184632 的第 48 个心跳包发送成功
[02:59:14 INF] 【直播间】929670 的第 48 个心跳包发送成功
[02:59:16 INF] 【直播间】23447660 的第 48 个心跳包发送成功
[02:59:17 INF] 【直播间】22764265 的第 48 个心跳包发送成功
[03:00:10 INF] 【直播间】23357926 的第 49 个心跳包发送成功
[03:00:11 INF] 【直播间】23040372 的第 49 个心跳包发送成功
[03:00:12 INF] 【直播间】31494 的第 49 个心跳包发送成功
[03:00:14 INF] 【直播间】4015781 的第 49 个心跳包发送成功
[03:00:15 INF] 【直播间】9619073 的第 49 个心跳包发送成功
[03:00:16 INF] 【直播间】407149 的第 49 个心跳包发送成功
[03:00:17 INF] 【直播间】11732699 的第 49 个心跳包发送成功
[03:00:19 INF] 【直播间】91164 的第 49 个心跳包发送成功
[03:00:20 INF] 【直播间】7184632 的第 49 个心跳包发送成功
[03:00:21 INF] 【直播间】929670 的第 49 个心跳包发送成功
[03:00:22 INF] 【直播间】23447660 的第 49 个心跳包发送成功
[03:00:24 INF] 【直播间】22764265 的第 49 个心跳包发送成功
[03:01:17 INF] 【直播间】23357926 的第 50 个心跳包发送成功
[03:01:18 INF] 【直播间】23040372 的第 50 个心跳包发送成功
[03:01:19 INF] 【直播间】31494 的第 50 个心跳包发送成功
[03:01:21 INF] 【直播间】4015781 的第 50 个心跳包发送成功
[03:01:22 INF] 【直播间】9619073 的第 50 个心跳包发送成功
[03:01:23 INF] 【直播间】407149 的第 50 个心跳包发送成功
[03:01:24 INF] 【直播间】11732699 的第 50 个心跳包发送成功
[03:01:26 INF] 【直播间】91164 的第 50 个心跳包发送成功
[03:01:27 INF] 【直播间】7184632 的第 50 个心跳包发送成功
[03:01:28 INF] 【直播间】929670 的第 50 个心跳包发送成功
[03:01:29 INF] 【直播间】23447660 的第 50 个心跳包发送成功
[03:01:31 INF] 【直播间】22764265 的第 50 个心跳包发送成功
[03:02:23 INF] 【直播间】23357926 的第 51 个心跳包发送成功
[03:02:24 INF] 【直播间】23040372 的第 51 个心跳包发送成功
[03:02:26 INF] 【直播间】31494 的第 51 个心跳包发送成功
[03:02:27 INF] 【直播间】4015781 的第 51 个心跳包发送成功
[03:02:28 INF] 【直播间】9619073 的第 51 个心跳包发送成功
[03:02:29 INF] 【直播间】407149 的第 51 个心跳包发送成功
[03:02:31 INF] 【直播间】11732699 的第 51 个心跳包发送成功
[03:02:32 INF] 【直播间】91164 的第 51 个心跳包发送成功
[03:02:33 INF] 【直播间】7184632 的第 51 个心跳包发送成功
[03:02:34 INF] 【直播间】929670 的第 51 个心跳包发送成功
[03:02:36 INF] 【直播间】23447660 的第 51 个心跳包发送成功
[03:02:37 INF] 【直播间】22764265 的第 51 个心跳包发送成功
[03:03:30 INF] 【直播间】23357926 的第 52 个心跳包发送成功
[03:03:31 INF] 【直播间】23040372 的第 52 个心跳包发送成功
[03:03:32 INF] 【直播间】31494 的第 52 个心跳包发送成功
[03:03:34 INF] 【直播间】4015781 的第 52 个心跳包发送成功
[03:03:35 INF] 【直播间】9619073 的第 52 个心跳包发送成功
[03:03:36 INF] 【直播间】407149 的第 52 个心跳包发送成功
[03:03:38 INF] 【直播间】11732699 的第 52 个心跳包发送成功
[03:03:39 INF] 【直播间】91164 的第 52 个心跳包发送成功
[03:03:40 INF] 【直播间】7184632 的第 52 个心跳包发送成功
[03:03:41 INF] 【直播间】929670 的第 52 个心跳包发送成功
[03:03:43 INF] 【直播间】23447660 的第 52 个心跳包发送成功
[03:03:44 INF] 【直播间】22764265 的第 52 个心跳包发送成功
[03:04:36 INF] 【直播间】23357926 的第 53 个心跳包发送成功
[03:04:38 INF] 【直播间】23040372 的第 53 个心跳包发送成功
[03:04:39 INF] 【直播间】31494 的第 53 个心跳包发送成功
[03:04:40 INF] 【直播间】4015781 的第 53 个心跳包发送成功
[03:04:42 INF] 【直播间】9619073 的第 53 个心跳包发送成功
[03:04:43 INF] 【直播间】407149 的第 53 个心跳包发送成功
[03:04:44 INF] 【直播间】11732699 的第 53 个心跳包发送成功
[03:04:45 INF] 【直播间】91164 的第 53 个心跳包发送成功
[03:04:47 INF] 【直播间】7184632 的第 53 个心跳包发送成功
[03:04:48 INF] 【直播间】929670 的第 53 个心跳包发送成功
[03:04:49 INF] 【直播间】23447660 的第 53 个心跳包发送成功
[03:04:50 INF] 【直播间】22764265 的第 53 个心跳包发送成功
[03:05:43 ERR] 【心跳包】直播间 23357926 发送失败
[03:05:43 ERR] 【原因】time check failed
[03:05:45 ERR] 【心跳包】直播间 23040372 发送失败
[03:05:45 ERR] 【原因】time check failed
[03:05:46 ERR] 【心跳包】直播间 31494 发送失败
[03:05:46 ERR] 【原因】time check failed
[03:05:47 ERR] 【心跳包】直播间 4015781 发送失败
[03:05:47 ERR] 【原因】time check failed
[03:05:48 ERR] 【心跳包】直播间 9619073 发送失败
[03:05:48 ERR] 【原因】time check failed
[03:05:50 ERR] 【心跳包】直播间 407149 发送失败
[03:05:50 ERR] 【原因】time check failed
[03:05:51 ERR] 【心跳包】直播间 11732699 发送失败
[03:05:51 ERR] 【原因】time check failed
[03:05:52 ERR] 【心跳包】直播间 91164 发送失败
[03:05:52 ERR] 【原因】time check failed
[03:05:53 ERR] 【心跳包】直播间 7184632 发送失败
[03:05:53 ERR] 【原因】time check failed
[03:05:55 ERR] 【心跳包】直播间 929670 发送失败
[03:05:55 ERR] 【原因】time check failed
[03:05:56 ERR] 【心跳包】直播间 23447660 发送失败
[03:05:56 ERR] 【原因】time check failed
[03:05:57 ERR] 【心跳包】直播间 22764265 发送失败
[03:05:57 ERR] 【原因】time check failed
[03:06:50 INF] 【直播间】23357926 的第 54 个心跳包发送成功
[03:06:51 INF] 【直播间】23040372 的第 54 个心跳包发送成功
[03:06:52 INF] 【直播间】31494 的第 54 个心跳包发送成功
[03:06:54 INF] 【直播间】4015781 的第 54 个心跳包发送成功
[03:06:55 INF] 【直播间】9619073 的第 54 个心跳包发送成功
[03:06:56 INF] 【直播间】407149 的第 54 个心跳包发送成功
[03:06:57 INF] 【直播间】11732699 的第 54 个心跳包发送成功
[03:06:59 INF] 【直播间】91164 的第 54 个心跳包发送成功
[03:07:00 INF] 【直播间】7184632 的第 54 个心跳包发送成功
[03:07:01 INF] 【直播间】929670 的第 54 个心跳包发送成功
[03:07:03 INF] 【直播间】23447660 的第 54 个心跳包发送成功
[03:07:04 INF] 【直播间】22764265 的第 54 个心跳包发送成功
[03:07:56 INF] 【直播间】23357926 的第 55 个心跳包发送成功
[03:07:57 INF] 【直播间】23040372 的第 55 个心跳包发送成功
[03:07:59 INF] 【直播间】31494 的第 55 个心跳包发送成功
[03:08:00 INF] 【直播间】4015781 的第 55 个心跳包发送成功
[03:08:01 INF] 【直播间】9619073 的第 55 个心跳包发送成功
[03:08:03 INF] 【直播间】407149 的第 55 个心跳包发送成功
[03:08:04 INF] 【直播间】11732699 的第 55 个心跳包发送成功
[03:08:05 INF] 【直播间】91164 的第 55 个心跳包发送成功
[03:08:06 INF] 【直播间】7184632 的第 55 个心跳包发送成功
[03:08:08 INF] 【直播间】929670 的第 55 个心跳包发送成功
[03:08:09 INF] 【直播间】23447660 的第 55 个心跳包发送成功
[03:08:10 INF] 【直播间】22764265 的第 55 个心跳包发送成功
[03:09:03 INF] 【直播间】23357926 的第 56 个心跳包发送成功
[03:09:04 INF] 【直播间】23040372 的第 56 个心跳包发送成功
[03:09:06 INF] 【直播间】31494 的第 56 个心跳包发送成功
[03:09:07 INF] 【直播间】4015781 的第 56 个心跳包发送成功
[03:09:08 INF] 【直播间】9619073 的第 56 个心跳包发送成功
[03:09:09 INF] 【直播间】407149 的第 56 个心跳包发送成功
[03:09:11 INF] 【直播间】11732699 的第 56 个心跳包发送成功
[03:09:12 INF] 【直播间】91164 的第 56 个心跳包发送成功
[03:09:13 INF] 【直播间】7184632 的第 56 个心跳包发送成功
[03:09:14 INF] 【直播间】929670 的第 56 个心跳包发送成功
[03:09:16 INF] 【直播间】23447660 的第 56 个心跳包发送成功
[03:09:17 INF] 【直播间】22764265 的第 56 个心跳包发送成功
[03:10:10 INF] 【直播间】23357926 的第 57 个心跳包发送成功
[03:10:11 INF] 【直播间】23040372 的第 57 个心跳包发送成功
[03:10:12 INF] 【直播间】31494 的第 57 个心跳包发送成功
[03:10:13 INF] 【直播间】4015781 的第 57 个心跳包发送成功
[03:10:15 INF] 【直播间】9619073 的第 57 个心跳包发送成功
[03:10:16 INF] 【直播间】407149 的第 57 个心跳包发送成功
[03:10:17 INF] 【直播间】11732699 的第 57 个心跳包发送成功
[03:10:19 INF] 【直播间】91164 的第 57 个心跳包发送成功
[03:10:20 INF] 【直播间】7184632 的第 57 个心跳包发送成功
[03:10:21 INF] 【直播间】929670 的第 57 个心跳包发送成功
[03:10:22 INF] 【直播间】23447660 的第 57 个心跳包发送成功
[03:10:24 INF] 【直播间】22764265 的第 57 个心跳包发送成功
[03:11:16 INF] 【直播间】23357926 的第 58 个心跳包发送成功
[03:11:18 INF] 【直播间】23040372 的第 58 个心跳包发送成功
[03:11:19 INF] 【直播间】31494 的第 58 个心跳包发送成功
[03:11:20 INF] 【直播间】4015781 的第 58 个心跳包发送成功
[03:11:22 INF] 【直播间】9619073 的第 58 个心跳包发送成功
[03:11:23 INF] 【直播间】407149 的第 58 个心跳包发送成功
[03:11:24 INF] 【直播间】11732699 的第 58 个心跳包发送成功
[03:11:25 INF] 【直播间】91164 的第 58 个心跳包发送成功
[03:11:27 INF] 【直播间】7184632 的第 58 个心跳包发送成功
[03:11:28 INF] 【直播间】929670 的第 58 个心跳包发送成功
[03:11:29 INF] 【直播间】23447660 的第 58 个心跳包发送成功
[03:11:30 INF] 【直播间】22764265 的第 58 个心跳包发送成功
[03:12:23 INF] 【直播间】23357926 的第 59 个心跳包发送成功
[03:12:24 INF] 【直播间】23040372 的第 59 个心跳包发送成功
[03:12:25 INF] 【直播间】31494 的第 59 个心跳包发送成功
[03:12:27 INF] 【直播间】4015781 的第 59 个心跳包发送成功
[03:12:28 INF] 【直播间】9619073 的第 59 个心跳包发送成功
[03:12:29 INF] 【直播间】407149 的第 59 个心跳包发送成功
[03:12:30 INF] 【直播间】11732699 的第 59 个心跳包发送成功
[03:12:32 INF] 【直播间】91164 的第 59 个心跳包发送成功
[03:12:33 INF] 【直播间】7184632 的第 59 个心跳包发送成功
[03:12:34 INF] 【直播间】929670 的第 59 个心跳包发送成功
[03:12:35 INF] 【直播间】23447660 的第 59 个心跳包发送成功
[03:12:37 INF] 【直播间】22764265 的第 59 个心跳包发送成功
[03:13:29 INF] 【直播间】23357926 的第 60 个心跳包发送成功
[03:13:30 INF] 【直播间】23040372 的第 60 个心跳包发送成功
[03:13:32 INF] 【直播间】31494 的第 60 个心跳包发送成功
[03:13:33 INF] 【直播间】4015781 的第 60 个心跳包发送成功
[03:13:34 INF] 【直播间】9619073 的第 60 个心跳包发送成功
[03:13:36 INF] 【直播间】407149 的第 60 个心跳包发送成功
[03:13:37 INF] 【直播间】11732699 的第 60 个心跳包发送成功
[03:13:38 INF] 【直播间】91164 的第 60 个心跳包发送成功
[03:13:39 INF] 【直播间】7184632 的第 60 个心跳包发送成功
[03:13:41 INF] 【直播间】929670 的第 60 个心跳包发送成功
[03:13:42 INF] 【直播间】23447660 的第 60 个心跳包发送成功
[03:13:43 INF] 【直播间】22764265 的第 60 个心跳包发送成功
[03:14:36 INF] 【直播间】23357926 的第 61 个心跳包发送成功
[03:14:37 INF] 【直播间】23040372 的第 61 个心跳包发送成功
[03:14:39 INF] 【直播间】31494 的第 61 个心跳包发送成功
[03:14:40 INF] 【直播间】4015781 的第 61 个心跳包发送成功
[03:14:41 INF] 【直播间】9619073 的第 61 个心跳包发送成功
[03:14:42 INF] 【直播间】407149 的第 61 个心跳包发送成功
[03:14:44 INF] 【直播间】11732699 的第 61 个心跳包发送成功
[03:14:45 INF] 【直播间】91164 的第 61 个心跳包发送成功
[03:14:46 INF] 【直播间】7184632 的第 61 个心跳包发送成功
[03:14:48 INF] 【直播间】929670 的第 61 个心跳包发送成功
[03:14:49 INF] 【直播间】23447660 的第 61 个心跳包发送成功
[03:14:50 INF] 【直播间】22764265 的第 61 个心跳包发送成功
[03:15:43 INF] 【直播间】23357926 的第 62 个心跳包发送成功
[03:15:44 INF] 【直播间】23040372 的第 62 个心跳包发送成功
[03:15:45 INF] 【直播间】31494 的第 62 个心跳包发送成功
[03:15:46 INF] 【直播间】4015781 的第 62 个心跳包发送成功
[03:15:48 INF] 【直播间】9619073 的第 62 个心跳包发送成功
[03:15:49 INF] 【直播间】407149 的第 62 个心跳包发送成功
[03:15:50 INF] 【直播间】11732699 的第 62 个心跳包发送成功
[03:15:51 INF] 【直播间】91164 的第 62 个心跳包发送成功
[03:15:53 INF] 【直播间】7184632 的第 62 个心跳包发送成功
[03:15:54 INF] 【直播间】929670 的第 62 个心跳包发送成功
[03:15:55 INF] 【直播间】23447660 的第 62 个心跳包发送成功
[03:15:57 INF] 【直播间】22764265 的第 62 个心跳包发送成功
[03:16:49 INF] 【直播间】23357926 的第 63 个心跳包发送成功
[03:16:51 INF] 【直播间】23040372 的第 63 个心跳包发送成功
[03:16:52 INF] 【直播间】31494 的第 63 个心跳包发送成功
[03:16:53 INF] 【直播间】4015781 的第 63 个心跳包发送成功
[03:16:54 INF] 【直播间】9619073 的第 63 个心跳包发送成功
[03:16:56 INF] 【直播间】407149 的第 63 个心跳包发送成功
[03:16:57 INF] 【直播间】11732699 的第 63 个心跳包发送成功
[03:16:58 INF] 【直播间】91164 的第 63 个心跳包发送成功
[03:16:59 INF] 【直播间】7184632 的第 63 个心跳包发送成功
[03:17:01 INF] 【直播间】929670 的第 63 个心跳包发送成功
[03:17:02 INF] 【直播间】23447660 的第 63 个心跳包发送成功
[03:17:03 INF] 【直播间】22764265 的第 63 个心跳包发送成功
[03:17:56 INF] 【直播间】23357926 的第 64 个心跳包发送成功
[03:17:57 INF] 【直播间】23040372 的第 64 个心跳包发送成功
[03:17:58 INF] 【直播间】31494 的第 64 个心跳包发送成功
[03:18:00 INF] 【直播间】4015781 的第 64 个心跳包发送成功
[03:18:01 INF] 【直播间】9619073 的第 64 个心跳包发送成功
[03:18:02 INF] 【直播间】407149 的第 64 个心跳包发送成功
[03:18:03 INF] 【直播间】11732699 的第 64 个心跳包发送成功
[03:18:05 INF] 【直播间】91164 的第 64 个心跳包发送成功
[03:18:06 INF] 【直播间】7184632 的第 64 个心跳包发送成功
[03:18:07 INF] 【直播间】929670 的第 64 个心跳包发送成功
[03:18:09 INF] 【直播间】23447660 的第 64 个心跳包发送成功
[03:18:10 INF] 【直播间】22764265 的第 64 个心跳包发送成功
[03:19:02 INF] 【直播间】23357926 的第 65 个心跳包发送成功
[03:19:04 INF] 【直播间】23040372 的第 65 个心跳包发送成功
[03:19:05 INF] 【直播间】31494 的第 65 个心跳包发送成功
[03:19:06 INF] 【直播间】4015781 的第 65 个心跳包发送成功
[03:19:08 INF] 【直播间】9619073 的第 65 个心跳包发送成功
[03:19:09 INF] 【直播间】407149 的第 65 个心跳包发送成功
[03:19:10 INF] 【直播间】11732699 的第 65 个心跳包发送成功
[03:19:11 INF] 【直播间】91164 的第 65 个心跳包发送成功
[03:19:13 INF] 【直播间】7184632 的第 65 个心跳包发送成功
[03:19:14 INF] 【直播间】929670 的第 65 个心跳包发送成功
[03:19:15 INF] 【直播间】23447660 的第 65 个心跳包发送成功
[03:19:17 INF] 【直播间】22764265 的第 65 个心跳包发送成功
[03:20:09 INF] 【直播间】23357926 的第 66 个心跳包发送成功
[03:20:10 INF] 【直播间】23040372 的第 66 个心跳包发送成功
[03:20:12 INF] 【直播间】31494 的第 66 个心跳包发送成功
[03:20:13 INF] 【直播间】4015781 的第 66 个心跳包发送成功
[03:20:14 INF] 【直播间】9619073 的第 66 个心跳包发送成功
[03:20:15 INF] 【直播间】407149 的第 66 个心跳包发送成功
[03:20:17 INF] 【直播间】11732699 的第 66 个心跳包发送成功
[03:20:18 INF] 【直播间】91164 的第 66 个心跳包发送成功
[03:20:19 INF] 【直播间】7184632 的第 66 个心跳包发送成功
[03:20:21 INF] 【直播间】929670 的第 66 个心跳包发送成功
[03:20:22 INF] 【直播间】23447660 的第 66 个心跳包发送成功
[03:20:23 INF] 【直播间】22764265 的第 66 个心跳包发送成功
[03:21:16 ERR] 【心跳包】直播间 23357926 发送失败
[03:21:16 ERR] 【原因】time check failed
[03:21:17 ERR] 【心跳包】直播间 23040372 发送失败
[03:21:17 ERR] 【原因】time check failed
[03:21:18 ERR] 【心跳包】直播间 31494 发送失败
[03:21:18 ERR] 【原因】time check failed
[03:21:20 ERR] 【心跳包】直播间 4015781 发送失败
[03:21:20 ERR] 【原因】time check failed
[03:21:21 ERR] 【心跳包】直播间 9619073 发送失败
[03:21:21 ERR] 【原因】time check failed
[03:21:22 ERR] 【心跳包】直播间 407149 发送失败
[03:21:22 ERR] 【原因】time check failed
[03:21:24 ERR] 【心跳包】直播间 11732699 发送失败
[03:21:24 ERR] 【原因】time check failed
[03:21:25 ERR] 【心跳包】直播间 91164 发送失败
[03:21:25 ERR] 【原因】time check failed
[03:21:26 ERR] 【心跳包】直播间 7184632 发送失败
[03:21:26 ERR] 【原因】time check failed
[03:21:28 ERR] 【心跳包】直播间 929670 发送失败
[03:21:28 ERR] 【原因】time check failed
[03:21:29 ERR] 【心跳包】直播间 23447660 发送失败
[03:21:29 ERR] 【原因】time check failed
[03:21:30 ERR] 【心跳包】直播间 22764265 发送失败
[03:21:30 ERR] 【原因】time check failed
[03:22:22 INF] 【直播间】23357926 的第 67 个心跳包发送成功
[03:22:24 INF] 【直播间】23040372 的第 67 个心跳包发送成功
[03:22:25 INF] 【直播间】31494 的第 67 个心跳包发送成功
[03:22:26 INF] 【直播间】4015781 的第 67 个心跳包发送成功
[03:22:27 INF] 【直播间】9619073 的第 67 个心跳包发送成功
[03:22:29 INF] 【直播间】407149 的第 67 个心跳包发送成功
[03:22:30 INF] 【直播间】11732699 的第 67 个心跳包发送成功
[03:22:31 INF] 【直播间】91164 的第 67 个心跳包发送成功
[03:22:33 INF] 【直播间】7184632 的第 67 个心跳包发送成功
[03:22:34 INF] 【直播间】929670 的第 67 个心跳包发送成功
[03:22:35 INF] 【直播间】23447660 的第 67 个心跳包发送成功
[03:22:36 INF] 【直播间】22764265 的第 67 个心跳包发送成功
[03:23:29 INF] 【直播间】23357926 的第 68 个心跳包发送成功
[03:23:30 INF] 【直播间】23040372 的第 68 个心跳包发送成功
[03:23:31 INF] 【直播间】31494 的第 68 个心跳包发送成功
[03:23:33 INF] 【直播间】4015781 的第 68 个心跳包发送成功
[03:23:34 INF] 【直播间】9619073 的第 68 个心跳包发送成功
[03:23:35 INF] 【直播间】407149 的第 68 个心跳包发送成功
[03:23:36 INF] 【直播间】11732699 的第 68 个心跳包发送成功
[03:23:38 INF] 【直播间】91164 的第 68 个心跳包发送成功
[03:23:39 INF] 【直播间】7184632 的第 68 个心跳包发送成功
[03:23:40 INF] 【直播间】929670 的第 68 个心跳包发送成功
[03:23:41 INF] 【直播间】23447660 的第 68 个心跳包发送成功
[03:23:43 INF] 【直播间】22764265 的第 68 个心跳包发送成功
[03:24:35 INF] 【直播间】23357926 的第 69 个心跳包发送成功
[03:24:37 INF] 【直播间】23040372 的第 69 个心跳包发送成功
[03:24:38 INF] 【直播间】31494 的第 69 个心跳包发送成功
[03:24:39 INF] 【直播间】4015781 的第 69 个心跳包发送成功
[03:24:40 INF] 【直播间】9619073 的第 69 个心跳包发送成功
[03:24:42 INF] 【直播间】407149 的第 69 个心跳包发送成功
[03:24:43 INF] 【直播间】11732699 的第 69 个心跳包发送成功
[03:24:44 INF] 【直播间】91164 的第 69 个心跳包发送成功
[03:24:46 INF] 【直播间】7184632 的第 69 个心跳包发送成功
[03:24:47 INF] 【直播间】929670 的第 69 个心跳包发送成功
[03:24:48 INF] 【直播间】23447660 的第 69 个心跳包发送成功
[03:24:49 INF] 【直播间】22764265 的第 69 个心跳包发送成功
[03:25:42 INF] 【直播间】23357926 的第 70 个心跳包发送成功
[03:25:43 INF] 【直播间】23040372 的第 70 个心跳包发送成功
[03:25:45 INF] 【直播间】31494 的第 70 个心跳包发送成功
[03:25:46 INF] 【直播间】4015781 的第 70 个心跳包发送成功
[03:25:47 INF] 【直播间】9619073 的第 70 个心跳包发送成功
[03:25:48 INF] 【直播间】407149 的第 70 个心跳包发送成功
[03:25:50 INF] 【直播间】11732699 的第 70 个心跳包发送成功
[03:25:51 INF] 【直播间】91164 的第 70 个心跳包发送成功
[03:25:52 INF] 【直播间】7184632 的第 70 个心跳包发送成功
[03:25:53 INF] 【直播间】929670 的第 70 个心跳包发送成功
[03:25:55 INF] 【直播间】23447660 的第 70 个心跳包发送成功
[03:25:56 INF] 【直播间】22764265 的第 70 个心跳包发送成功
[03:25:56 INF] 【直播观看时长】完成情况：12/12 
[03:25:56 INF] ---------结束---------

[03:25:56 INF] ==========结束==========

[03:25:56 INF] ######### 账号 3 #########

[03:25:56 INF] =====开始 直播间互动 =====

[03:25:56 INF] ---开始 发送弹幕 ---
[03:25:56 INF] 检测到直播 Cookie 未正确配置，尝试自动配置中...
[03:26:04 INF] 直播 Cookie 配置成功！
[03:26:04 INF] 【获取直播列表】获取拥有粉丝牌的直播列表
[03:26:09 ERR] 【获取直播列表】失败
[03:26:09 ERR] 【原因】账号未登录
[03:26:09 ERR] 发送弹幕失败，继续其他任务。失败信息:Object reference not set to an instance of an object.

[03:26:09 INF] -------结束-------

[03:26:09 INF] ---开始 点赞直播间 ---
[03:26:09 INF] 【获取直播列表】获取拥有粉丝牌的直播列表
[03:26:15 ERR] 【获取直播列表】失败
[03:26:15 ERR] 【原因】账号未登录
[03:26:15 ERR] 点赞直播间失败，继续其他任务。失败信息:Object reference not set to an instance of an object.

[03:26:15 INF] --------结束--------

[03:26:15 INF] ---开始 直播时长挂机 ---
[03:26:15 INF] 【获取直播列表】获取拥有粉丝牌的直播列表
[03:26:18 ERR] 【获取直播列表】失败
[03:26:18 ERR] 【原因】账号未登录
[03:26:18 ERR] 直播时长挂机失败，继续其他任务。失败信息:Object reference not set to an instance of an object.

[03:26:18 INF] ---------结束---------

[03:26:18 INF] ==========结束==========

[03:26:18 INF] 

========================

 v2.0.1 开源 by https://github.com/RayWangQvQ/BiliBiliToolPro

[03:26:18 INF] ·开始推送·LiveFansMedal任务·
2023-09-23T19:26:18.5765257Z 开始推送到:PushPlus
2023-09-23T19:26:20.1955926Z Response status: OK.
2023-09-23T19:26:20.1956301Z Response content: {"code":999,"msg":"发送内容过大，不能超过2万字","data":null}.

[03:26:20 INF] 运行环境：Development
[03:26:20 INF] 应用目录：/home/runner/work/BiliBiliToolPro/BiliBiliToolPro/src/Ray.BiliBiliTool.Console/bin/Debug/net6.0/

[03:26:20 INF] 运行结束
