----------- ip 信息 ---------
{
  "ip": "104.28.200.108",
  "city": "San Antonio",
  "region": "Texas",
  "country": "US",
  "loc": "29.4241,-98.4936",
  "org": "AS13335 Cloudflare, Inc.",
  "postal": "78205",
  "timezone": "America/Chicago",
  "readme": "https://ipinfo.io/missingauth"
} ---------- end ------------
  ____               ____    _   _____           _  
 |  _ \ __ _ _   _  | __ ) _| |_|_   _|__   ___ | | 
 | |_) / _` | | | | |  _ \(_) (_) | |/ _ \ / _ \| | 
 |  _ < (_| | |_| | | |_) | | | | | | (_) | (_) | | 
 |_| \_\__,_|\__, | |____/|_|_|_| |_|\___/ \___/|_| 
             |___/                                  

[00:31:02 INF] BiliBiliToolPro 开始运行...

[00:31:02 INF] 【账号个数】3个

[00:31:02 INF] 随机休眠5分钟

[00:36:02 INF] 【目标任务】LiveFansMedal
[00:36:02 INF] ######### 账号 1 #########

[00:36:02 INF] =====开始 直播间互动 =====

[00:36:02 INF] ---开始 发送弹幕 ---
[00:36:02 INF] 检测到直播 Cookie 未正确配置，尝试自动配置中...
[00:36:09 INF] 直播 Cookie 配置成功！
[00:36:09 INF] 【获取直播列表】获取拥有粉丝牌的直播列表
[00:36:16 INF] 【主播】Mark陌枫 
[00:36:19 ERR] 【获取空间信息】失败
[00:36:19 ERR] 【原因】访问权限不足
[00:36:19 INF] 【主播】KL_qiqi_ 
[00:36:24 ERR] 【获取空间信息】失败
[00:36:24 ERR] 【原因】访问权限不足
[00:36:24 INF] 【主播】苏打baka 
[00:36:29 ERR] 【获取空间信息】失败
[00:36:29 ERR] 【原因】访问权限不足
[00:36:29 INF] -------结束-------

[00:36:29 INF] ---开始 点赞直播间 ---
[00:36:29 INF] 【获取直播列表】获取拥有粉丝牌的直播列表
[00:36:36 INF] 【主播】Mark陌枫 
[00:36:39 ERR] 【获取空间信息】失败
[00:36:39 ERR] 【原因】访问权限不足
[00:36:39 INF] 【主播】KL_qiqi_ 
[00:36:43 ERR] 【获取空间信息】失败
[00:36:43 ERR] 【原因】访问权限不足
[00:36:43 INF] 【主播】苏打baka 
[00:36:46 ERR] 【获取空间信息】失败
[00:36:46 ERR] 【原因】访问权限不足
[00:36:46 INF] --------结束--------

[00:36:46 INF] ---开始 直播时长挂机 ---
[00:36:46 INF] 【获取直播列表】获取拥有粉丝牌的直播列表
[00:36:53 INF] 【主播】Mark陌枫 
[00:37:00 ERR] 【获取空间信息】失败
[00:37:00 ERR] 【原因】访问权限不足
[00:37:00 INF] 【主播】KL_qiqi_ 
[00:37:07 ERR] 【获取空间信息】失败
[00:37:07 ERR] 【原因】访问权限不足
[00:37:07 INF] 【主播】苏打baka 
[00:37:11 ERR] 【获取空间信息】失败
[00:37:11 ERR] 【原因】访问权限不足
[00:37:11 INF] 【直播观看时长】跳过，未检测到符合条件的主播
[00:37:11 INF] ---------结束---------

[00:37:11 INF] ==========结束==========

[00:37:11 INF] ######### 账号 2 #########

[00:37:11 INF] =====开始 直播间互动 =====

[00:37:11 INF] ---开始 发送弹幕 ---
[00:37:11 INF] 检测到直播 Cookie 未正确配置，尝试自动配置中...
[00:37:16 ERR] 【配置直播Cookie】失败，放弃执行后续任务...
[00:37:16 ERR] 【原因】Value cannot be null. (Parameter 'source')
[00:37:16 INF] -------结束-------

[00:37:16 INF] ---开始 点赞直播间 ---
[00:37:16 INF] 检测到直播 Cookie 未正确配置，尝试自动配置中...
[00:37:23 ERR] 【配置直播Cookie】失败，放弃执行后续任务...
[00:37:23 ERR] 【原因】Value cannot be null. (Parameter 'source')
[00:37:23 INF] --------结束--------

[00:37:23 INF] ---开始 直播时长挂机 ---
[00:37:23 INF] 检测到直播 Cookie 未正确配置，尝试自动配置中...
[00:37:27 ERR] 【配置直播Cookie】失败，放弃执行后续任务...
[00:37:27 ERR] 【原因】Value cannot be null. (Parameter 'source')
[00:37:27 INF] ---------结束---------

[00:37:27 INF] ==========结束==========

[00:37:27 INF] ######### 账号 3 #########

[00:37:27 INF] =====开始 直播间互动 =====

[00:37:27 INF] ---开始 发送弹幕 ---
[00:37:27 INF] 检测到直播 Cookie 未正确配置，尝试自动配置中...
[00:37:34 ERR] 【配置直播Cookie】失败，放弃执行后续任务...
[00:37:34 ERR] 【原因】Value cannot be null. (Parameter 'source')
[00:37:34 INF] -------结束-------

[00:37:34 INF] ---开始 点赞直播间 ---
[00:37:34 INF] 检测到直播 Cookie 未正确配置，尝试自动配置中...
[00:37:42 ERR] 【配置直播Cookie】失败，放弃执行后续任务...
[00:37:42 ERR] 【原因】Value cannot be null. (Parameter 'source')
[00:37:42 INF] --------结束--------

[00:37:42 INF] ---开始 直播时长挂机 ---
[00:37:42 INF] 检测到直播 Cookie 未正确配置，尝试自动配置中...
[00:37:49 ERR] 【配置直播Cookie】失败，放弃执行后续任务...
[00:37:49 ERR] 【原因】Value cannot be null. (Parameter 'source')
[00:37:49 INF] ---------结束---------

[00:37:49 INF] ==========结束==========

[00:37:49 INF] 

========================

 v1.0.3 开源 by https://github.com/RayWangQvQ/BiliBiliToolPro

[00:37:49 INF] ·开始推送·LiveFansMedal任务·
2023-05-24T16:37:49.7139141Z 开始推送到:自定义
2023-05-24T16:37:53.8680907Z Response status: OK.
2023-05-24T16:37:53.8681715Z Response content: {"message":"","success":true,"uuid":"2e1ed17244aa4d1bb0c77f50f0fac1d9"}.

[00:37:53 INF] 运行环境：Development
[00:37:53 INF] 应用目录：/home/runner/work/BiliBiliToolPro/BiliBiliToolPro/src/Ray.BiliBiliTool.Console/bin/Debug/net6.0/

[00:37:53 INF] 运行结束
