----------- ip 信息 ---------
{
  "ip": "20.169.40.222",
  "city": "Phoenix",
  "region": "Arizona",
  "country": "US",
  "loc": "33.4484,-112.0740",
  "org": "AS8075 Microsoft Corporation",
  "postal": "85001",
  "timezone": "America/Phoenix",
  "readme": "https://ipinfo.io/missingauth"
} ---------- end ------------
  ____               ____    _   _____           _  
 |  _ \ __ _ _   _  | __ ) _| |_|_   _|__   ___ | | 
 | |_) / _` | | | | |  _ \(_) (_) | |/ _ \ / _ \| | 
 |  _ < (_| | |_| | | |_) | | | | | | (_) | (_) | | 
 |_| \_\__,_|\__, | |____/|_|_|_| |_|\___/ \___/|_| 
             |___/                                  

[00:34:32 INF] BiliBiliToolPro 开始运行...

[00:34:32 INF] 【账号个数】3个

[00:34:32 INF] 随机休眠1分钟

[00:35:32 INF] 【目标任务】LiveFansMedal
[00:35:32 INF] ######### 账号 1 #########

[00:35:32 INF] =====开始 直播间互动 =====

[00:35:32 INF] ---开始 发送弹幕 ---
[00:35:32 INF] 检测到直播 Cookie 未正确配置，尝试自动配置中...
[00:35:38 INF] 直播 Cookie 配置成功！
[00:35:38 INF] 【获取直播列表】获取拥有粉丝牌的直播列表
[00:35:46 INF] 【主播】Mark陌枫 
[00:36:02 INF] 【主播】KL_qiqi_ 
[00:36:19 INF] 【主播】苏打baka 
[00:36:33 INF] 【直播间】Mark陌枫
[00:36:33 INF] 【粉丝牌】馬楓
[00:36:33 INF] 正在发送弹幕...
[00:36:38 INF] 【直播间】KL_qiqi_
[00:36:38 INF] 【粉丝牌】qiqisb
[00:36:38 INF] 正在发送弹幕...
[00:36:41 INF] 【直播间】苏打baka
[00:36:41 INF] 【粉丝牌】碳酸钠
[00:36:41 INF] 正在发送弹幕...
[00:36:47 INF] -------结束-------

[00:36:47 INF] ---开始 点赞直播间 ---
[00:36:47 INF] 【获取直播列表】获取拥有粉丝牌的直播列表
[00:36:49 INF] 【弹幕发送】成功~，你和主播 Mark陌枫 的亲密值增加了100！
[00:36:51 INF] 【主播】Mark陌枫 
[00:36:55 INF] 【弹幕发送】成功~，你和主播 KL_qiqi_ 的亲密值增加了100！
[00:36:57 INF] 【弹幕发送】成功~，你和主播 苏打baka 的亲密值增加了100！
[00:37:05 INF] 【主播】KL_qiqi_ 
[00:37:22 INF] 【主播】苏打baka 
[00:37:45 INF] 【点赞直播间】23357926 完成
[00:37:50 INF] 【点赞直播间】407149 完成
[00:37:56 INF] --------结束--------

[00:37:56 INF] ---开始 直播时长挂机 ---
[00:37:56 INF] 【获取直播列表】获取拥有粉丝牌的直播列表
[00:37:56 INF] 【点赞直播间】23040372 完成
[00:38:01 INF] 【主播】Mark陌枫 
[00:38:14 INF] 【主播】KL_qiqi_ 
[00:38:28 INF] 【主播】苏打baka 
[00:38:48 INF] 【直播间】23357926 的第 1 个心跳包发送成功
[00:38:49 INF] 【直播间】407149 的第 1 个心跳包发送成功
[00:38:50 INF] 【直播间】23040372 的第 1 个心跳包发送成功
[00:39:54 INF] 【直播间】23357926 的第 2 个心跳包发送成功
[00:39:55 INF] 【直播间】407149 的第 2 个心跳包发送成功
[00:39:57 INF] 【直播间】23040372 的第 2 个心跳包发送成功
[00:41:01 INF] 【直播间】23357926 的第 3 个心跳包发送成功
[00:41:02 INF] 【直播间】407149 的第 3 个心跳包发送成功
[00:41:03 INF] 【直播间】23040372 的第 3 个心跳包发送成功
[00:42:07 INF] 【直播间】23357926 的第 4 个心跳包发送成功
[00:42:08 INF] 【直播间】407149 的第 4 个心跳包发送成功
[00:42:10 INF] 【直播间】23040372 的第 4 个心跳包发送成功
[00:43:14 INF] 【直播间】23357926 的第 5 个心跳包发送成功
[00:43:15 INF] 【直播间】407149 的第 5 个心跳包发送成功
[00:43:16 INF] 【直播间】23040372 的第 5 个心跳包发送成功
[00:44:20 INF] 【直播间】23357926 的第 6 个心跳包发送成功
[00:44:21 INF] 【直播间】407149 的第 6 个心跳包发送成功
[00:44:22 INF] 【直播间】23040372 的第 6 个心跳包发送成功
[00:45:27 INF] 【直播间】23357926 的第 7 个心跳包发送成功
[00:45:28 INF] 【直播间】407149 的第 7 个心跳包发送成功
[00:45:29 INF] 【直播间】23040372 的第 7 个心跳包发送成功
[00:46:33 INF] 【直播间】23357926 的第 8 个心跳包发送成功
[00:46:34 INF] 【直播间】407149 的第 8 个心跳包发送成功
[00:46:36 INF] 【直播间】23040372 的第 8 个心跳包发送成功
[00:47:40 INF] 【直播间】23357926 的第 9 个心跳包发送成功
[00:47:41 INF] 【直播间】407149 的第 9 个心跳包发送成功
[00:47:42 INF] 【直播间】23040372 的第 9 个心跳包发送成功
[00:48:46 INF] 【直播间】23357926 的第 10 个心跳包发送成功
[00:48:47 INF] 【直播间】407149 的第 10 个心跳包发送成功
[00:48:48 INF] 【直播间】23040372 的第 10 个心跳包发送成功
[00:49:52 INF] 【直播间】23357926 的第 11 个心跳包发送成功
[00:49:53 INF] 【直播间】407149 的第 11 个心跳包发送成功
[00:49:55 INF] 【直播间】23040372 的第 11 个心跳包发送成功
[00:50:59 INF] 【直播间】23357926 的第 12 个心跳包发送成功
[00:51:00 INF] 【直播间】407149 的第 12 个心跳包发送成功
[00:51:01 INF] 【直播间】23040372 的第 12 个心跳包发送成功
[00:52:05 INF] 【直播间】23357926 的第 13 个心跳包发送成功
[00:52:06 INF] 【直播间】407149 的第 13 个心跳包发送成功
[00:52:08 INF] 【直播间】23040372 的第 13 个心跳包发送成功
[00:53:11 INF] 【直播间】23357926 的第 14 个心跳包发送成功
[00:53:13 INF] 【直播间】407149 的第 14 个心跳包发送成功
[00:53:14 INF] 【直播间】23040372 的第 14 个心跳包发送成功
[00:54:18 INF] 【直播间】23357926 的第 15 个心跳包发送成功
[00:54:19 INF] 【直播间】407149 的第 15 个心跳包发送成功
[00:54:20 INF] 【直播间】23040372 的第 15 个心跳包发送成功
[00:55:24 ERR] 【心跳包】直播间 23357926 发送失败
[00:55:24 ERR] 【原因】time check failed
[00:55:25 ERR] 【心跳包】直播间 407149 发送失败
[00:55:25 ERR] 【原因】time check failed
[00:55:26 ERR] 【心跳包】直播间 23040372 发送失败
[00:55:26 ERR] 【原因】time check failed
[00:56:30 INF] 【直播间】23357926 的第 16 个心跳包发送成功
[00:56:32 INF] 【直播间】407149 的第 16 个心跳包发送成功
[00:56:33 INF] 【直播间】23040372 的第 16 个心跳包发送成功
[00:57:37 INF] 【直播间】23357926 的第 17 个心跳包发送成功
[00:57:38 INF] 【直播间】407149 的第 17 个心跳包发送成功
[00:57:40 INF] 【直播间】23040372 的第 17 个心跳包发送成功
[00:58:44 INF] 【直播间】23357926 的第 18 个心跳包发送成功
[00:58:45 INF] 【直播间】407149 的第 18 个心跳包发送成功
[00:58:46 INF] 【直播间】23040372 的第 18 个心跳包发送成功
[00:59:50 INF] 【直播间】23357926 的第 19 个心跳包发送成功
[00:59:51 INF] 【直播间】407149 的第 19 个心跳包发送成功
[00:59:52 INF] 【直播间】23040372 的第 19 个心跳包发送成功
[01:00:56 INF] 【直播间】23357926 的第 20 个心跳包发送成功
[01:00:58 INF] 【直播间】407149 的第 20 个心跳包发送成功
[01:00:59 INF] 【直播间】23040372 的第 20 个心跳包发送成功
[01:02:03 INF] 【直播间】23357926 的第 21 个心跳包发送成功
[01:02:04 INF] 【直播间】407149 的第 21 个心跳包发送成功
[01:02:05 INF] 【直播间】23040372 的第 21 个心跳包发送成功
[01:03:09 INF] 【直播间】23357926 的第 22 个心跳包发送成功
[01:03:10 INF] 【直播间】407149 的第 22 个心跳包发送成功
[01:03:12 INF] 【直播间】23040372 的第 22 个心跳包发送成功
[01:04:16 INF] 【直播间】23357926 的第 23 个心跳包发送成功
[01:04:17 INF] 【直播间】407149 的第 23 个心跳包发送成功
[01:04:18 INF] 【直播间】23040372 的第 23 个心跳包发送成功
[01:05:22 INF] 【直播间】23357926 的第 24 个心跳包发送成功
[01:05:23 INF] 【直播间】407149 的第 24 个心跳包发送成功
[01:05:24 INF] 【直播间】23040372 的第 24 个心跳包发送成功
[01:06:28 INF] 【直播间】23357926 的第 25 个心跳包发送成功
[01:06:29 INF] 【直播间】407149 的第 25 个心跳包发送成功
[01:06:31 INF] 【直播间】23040372 的第 25 个心跳包发送成功
[01:07:35 INF] 【直播间】23357926 的第 26 个心跳包发送成功
[01:07:36 INF] 【直播间】407149 的第 26 个心跳包发送成功
[01:07:37 INF] 【直播间】23040372 的第 26 个心跳包发送成功
[01:08:41 INF] 【直播间】23357926 的第 27 个心跳包发送成功
[01:08:42 INF] 【直播间】407149 的第 27 个心跳包发送成功
[01:08:44 INF] 【直播间】23040372 的第 27 个心跳包发送成功
[01:09:48 INF] 【直播间】23357926 的第 28 个心跳包发送成功
[01:09:49 INF] 【直播间】407149 的第 28 个心跳包发送成功
[01:09:50 INF] 【直播间】23040372 的第 28 个心跳包发送成功
[01:10:54 INF] 【直播间】23357926 的第 29 个心跳包发送成功
[01:10:55 INF] 【直播间】407149 的第 29 个心跳包发送成功
[01:10:56 INF] 【直播间】23040372 的第 29 个心跳包发送成功
[01:12:00 ERR] 【心跳包】直播间 23357926 发送失败
[01:12:00 ERR] 【原因】time check failed
[01:12:01 ERR] 【心跳包】直播间 407149 发送失败
[01:12:01 ERR] 【原因】time check failed
[01:12:02 ERR] 【心跳包】直播间 23040372 发送失败
[01:12:02 ERR] 【原因】time check failed
[01:13:06 INF] 【直播间】23357926 的第 30 个心跳包发送成功
[01:13:08 INF] 【直播间】407149 的第 30 个心跳包发送成功
[01:13:09 INF] 【直播间】23040372 的第 30 个心跳包发送成功
[01:14:13 INF] 【直播间】23357926 的第 31 个心跳包发送成功
[01:14:14 INF] 【直播间】407149 的第 31 个心跳包发送成功
[01:14:15 INF] 【直播间】23040372 的第 31 个心跳包发送成功
[01:15:20 INF] 【直播间】23357926 的第 32 个心跳包发送成功
[01:15:21 INF] 【直播间】407149 的第 32 个心跳包发送成功
[01:15:22 INF] 【直播间】23040372 的第 32 个心跳包发送成功
[01:16:26 INF] 【直播间】23357926 的第 33 个心跳包发送成功
[01:16:27 INF] 【直播间】407149 的第 33 个心跳包发送成功
[01:16:28 INF] 【直播间】23040372 的第 33 个心跳包发送成功
[01:17:32 INF] 【直播间】23357926 的第 34 个心跳包发送成功
[01:17:33 INF] 【直播间】407149 的第 34 个心跳包发送成功
[01:17:35 INF] 【直播间】23040372 的第 34 个心跳包发送成功
[01:18:39 INF] 【直播间】23357926 的第 35 个心跳包发送成功
[01:18:40 INF] 【直播间】407149 的第 35 个心跳包发送成功
[01:18:41 INF] 【直播间】23040372 的第 35 个心跳包发送成功
[01:19:45 INF] 【直播间】23357926 的第 36 个心跳包发送成功
[01:19:47 INF] 【直播间】407149 的第 36 个心跳包发送成功
[01:19:48 INF] 【直播间】23040372 的第 36 个心跳包发送成功
[01:20:52 INF] 【直播间】23357926 的第 37 个心跳包发送成功
[01:20:53 INF] 【直播间】407149 的第 37 个心跳包发送成功
[01:20:54 INF] 【直播间】23040372 的第 37 个心跳包发送成功
[01:21:58 INF] 【直播间】23357926 的第 38 个心跳包发送成功
[01:21:59 INF] 【直播间】407149 的第 38 个心跳包发送成功
[01:22:00 INF] 【直播间】23040372 的第 38 个心跳包发送成功
[01:23:04 INF] 【直播间】23357926 的第 39 个心跳包发送成功
[01:23:05 INF] 【直播间】407149 的第 39 个心跳包发送成功
[01:23:07 INF] 【直播间】23040372 的第 39 个心跳包发送成功
[01:24:11 INF] 【直播间】23357926 的第 40 个心跳包发送成功
[01:24:12 INF] 【直播间】407149 的第 40 个心跳包发送成功
[01:24:13 INF] 【直播间】23040372 的第 40 个心跳包发送成功
[01:25:17 INF] 【直播间】23357926 的第 41 个心跳包发送成功
[01:25:18 INF] 【直播间】407149 的第 41 个心跳包发送成功
[01:25:20 INF] 【直播间】23040372 的第 41 个心跳包发送成功
[01:26:24 INF] 【直播间】23357926 的第 42 个心跳包发送成功
[01:26:25 INF] 【直播间】407149 的第 42 个心跳包发送成功
[01:26:26 INF] 【直播间】23040372 的第 42 个心跳包发送成功
[01:27:30 INF] 【直播间】23357926 的第 43 个心跳包发送成功
[01:27:31 INF] 【直播间】407149 的第 43 个心跳包发送成功
[01:27:32 INF] 【直播间】23040372 的第 43 个心跳包发送成功
[01:28:36 ERR] 【心跳包】直播间 23357926 发送失败
[01:28:36 ERR] 【原因】time check failed
[01:28:38 ERR] 【心跳包】直播间 407149 发送失败
[01:28:38 ERR] 【原因】time check failed
[01:28:39 ERR] 【心跳包】直播间 23040372 发送失败
[01:28:39 ERR] 【原因】time check failed
[01:29:43 INF] 【直播间】23357926 的第 44 个心跳包发送成功
[01:29:44 INF] 【直播间】407149 的第 44 个心跳包发送成功
[01:29:45 INF] 【直播间】23040372 的第 44 个心跳包发送成功
[01:30:49 INF] 【直播间】23357926 的第 45 个心跳包发送成功
[01:30:50 INF] 【直播间】407149 的第 45 个心跳包发送成功
[01:30:52 INF] 【直播间】23040372 的第 45 个心跳包发送成功
[01:31:56 INF] 【直播间】23357926 的第 46 个心跳包发送成功
[01:31:57 INF] 【直播间】407149 的第 46 个心跳包发送成功
[01:31:58 INF] 【直播间】23040372 的第 46 个心跳包发送成功
[01:33:02 INF] 【直播间】23357926 的第 47 个心跳包发送成功
[01:33:03 INF] 【直播间】407149 的第 47 个心跳包发送成功
[01:33:05 INF] 【直播间】23040372 的第 47 个心跳包发送成功
[01:34:08 INF] 【直播间】23357926 的第 48 个心跳包发送成功
[01:34:10 INF] 【直播间】407149 的第 48 个心跳包发送成功
[01:34:11 INF] 【直播间】23040372 的第 48 个心跳包发送成功
[01:35:15 INF] 【直播间】23357926 的第 49 个心跳包发送成功
[01:35:16 INF] 【直播间】407149 的第 49 个心跳包发送成功
[01:35:17 INF] 【直播间】23040372 的第 49 个心跳包发送成功
[01:36:21 INF] 【直播间】23357926 的第 50 个心跳包发送成功
[01:36:23 INF] 【直播间】407149 的第 50 个心跳包发送成功
[01:36:24 INF] 【直播间】23040372 的第 50 个心跳包发送成功
[01:37:28 INF] 【直播间】23357926 的第 51 个心跳包发送成功
[01:37:29 INF] 【直播间】407149 的第 51 个心跳包发送成功
[01:37:30 INF] 【直播间】23040372 的第 51 个心跳包发送成功
[01:38:34 INF] 【直播间】23357926 的第 52 个心跳包发送成功
[01:38:35 INF] 【直播间】407149 的第 52 个心跳包发送成功
[01:38:37 INF] 【直播间】23040372 的第 52 个心跳包发送成功
[01:39:41 INF] 【直播间】23357926 的第 53 个心跳包发送成功
[01:39:42 INF] 【直播间】407149 的第 53 个心跳包发送成功
[01:39:43 INF] 【直播间】23040372 的第 53 个心跳包发送成功
[01:40:47 INF] 【直播间】23357926 的第 54 个心跳包发送成功
[01:40:48 INF] 【直播间】407149 的第 54 个心跳包发送成功
[01:40:49 INF] 【直播间】23040372 的第 54 个心跳包发送成功
[01:41:54 INF] 【直播间】23357926 的第 55 个心跳包发送成功
[01:41:55 INF] 【直播间】407149 的第 55 个心跳包发送成功
[01:41:56 INF] 【直播间】23040372 的第 55 个心跳包发送成功
[01:43:00 INF] 【直播间】23357926 的第 56 个心跳包发送成功
[01:43:01 INF] 【直播间】407149 的第 56 个心跳包发送成功
[01:43:02 INF] 【直播间】23040372 的第 56 个心跳包发送成功
[01:44:06 INF] 【直播间】23357926 的第 57 个心跳包发送成功
[01:44:07 INF] 【直播间】407149 的第 57 个心跳包发送成功
[01:44:09 INF] 【直播间】23040372 的第 57 个心跳包发送成功
[01:45:13 ERR] 【心跳包】直播间 23357926 发送失败
[01:45:13 ERR] 【原因】time check failed
[01:45:14 ERR] 【心跳包】直播间 407149 发送失败
[01:45:14 ERR] 【原因】time check failed
[01:45:15 ERR] 【心跳包】直播间 23040372 发送失败
[01:45:15 ERR] 【原因】time check failed
[01:46:19 INF] 【直播间】23357926 的第 58 个心跳包发送成功
[01:46:20 INF] 【直播间】407149 的第 58 个心跳包发送成功
[01:46:22 INF] 【直播间】23040372 的第 58 个心跳包发送成功
[01:47:26 INF] 【直播间】23357926 的第 59 个心跳包发送成功
[01:47:27 INF] 【直播间】407149 的第 59 个心跳包发送成功
[01:47:28 INF] 【直播间】23040372 的第 59 个心跳包发送成功
[01:48:32 INF] 【直播间】23357926 的第 60 个心跳包发送成功
[01:48:33 INF] 【直播间】407149 的第 60 个心跳包发送成功
[01:48:35 INF] 【直播间】23040372 的第 60 个心跳包发送成功
[01:49:38 INF] 【直播间】23357926 的第 61 个心跳包发送成功
[01:49:40 INF] 【直播间】407149 的第 61 个心跳包发送成功
[01:49:41 INF] 【直播间】23040372 的第 61 个心跳包发送成功
[01:50:45 INF] 【直播间】23357926 的第 62 个心跳包发送成功
[01:50:46 INF] 【直播间】407149 的第 62 个心跳包发送成功
[01:50:47 INF] 【直播间】23040372 的第 62 个心跳包发送成功
[01:51:51 INF] 【直播间】23357926 的第 63 个心跳包发送成功
[01:51:52 INF] 【直播间】407149 的第 63 个心跳包发送成功
[01:51:54 INF] 【直播间】23040372 的第 63 个心跳包发送成功
[01:52:58 INF] 【直播间】23357926 的第 64 个心跳包发送成功
[01:52:59 INF] 【直播间】407149 的第 64 个心跳包发送成功
[01:53:01 INF] 【直播间】23040372 的第 64 个心跳包发送成功
[01:54:04 INF] 【直播间】23357926 的第 65 个心跳包发送成功
[01:54:06 INF] 【直播间】407149 的第 65 个心跳包发送成功
[01:54:07 INF] 【直播间】23040372 的第 65 个心跳包发送成功
[01:55:11 INF] 【直播间】23357926 的第 66 个心跳包发送成功
[01:55:12 INF] 【直播间】407149 的第 66 个心跳包发送成功
[01:55:13 INF] 【直播间】23040372 的第 66 个心跳包发送成功
[01:56:17 INF] 【直播间】23357926 的第 67 个心跳包发送成功
[01:56:18 INF] 【直播间】407149 的第 67 个心跳包发送成功
[01:56:20 INF] 【直播间】23040372 的第 67 个心跳包发送成功
[01:57:23 INF] 【直播间】23357926 的第 68 个心跳包发送成功
[01:57:25 INF] 【直播间】407149 的第 68 个心跳包发送成功
[01:57:26 INF] 【直播间】23040372 的第 68 个心跳包发送成功
[01:58:30 INF] 【直播间】23357926 的第 69 个心跳包发送成功
[01:58:31 INF] 【直播间】407149 的第 69 个心跳包发送成功
[01:58:32 INF] 【直播间】23040372 的第 69 个心跳包发送成功
[01:59:36 INF] 【直播间】23357926 的第 70 个心跳包发送成功
[01:59:38 INF] 【直播间】407149 的第 70 个心跳包发送成功
[01:59:39 INF] 【直播间】23040372 的第 70 个心跳包发送成功
[01:59:39 INF] 【直播观看时长】完成情况：3/3 
[01:59:39 INF] ---------结束---------

[01:59:39 INF] ==========结束==========

[01:59:39 INF] ######### 账号 2 #########

[01:59:39 INF] =====开始 直播间互动 =====

[01:59:39 INF] ---开始 发送弹幕 ---
[01:59:39 INF] 检测到直播 Cookie 未正确配置，尝试自动配置中...
[01:59:42 INF] 直播 Cookie 配置成功！
[01:59:42 INF] 【获取直播列表】获取拥有粉丝牌的直播列表
[01:59:49 INF] 【主播】Mark陌枫 
[02:00:06 INF] 【主播】苏打baka 
[02:00:24 INF] 【主播】特别中二的q3君 
[02:00:40 INF] 【主播】陈抱一 
[02:00:56 INF] 【主播】贪玩的小毅 
[02:01:12 INF] 【主播】KL_qiqi_ 
[02:01:31 INF] 【主播】记录生活的蛋黄派 
[02:01:47 INF] 【主播】FoFTG 
[02:02:03 INF] 【主播】悠悠球琛总 
[02:02:21 INF] 【主播】新石器公园 
[02:02:40 INF] 【主播】脏小豆 
[02:02:58 INF] 【主播】李船长笔记 
[02:03:16 INF] 【直播间】Mark陌枫
[02:03:16 INF] 【粉丝牌】馬楓
[02:03:16 INF] 正在发送弹幕...
[02:03:22 INF] 【直播间】苏打baka
[02:03:22 INF] 【粉丝牌】碳酸钠
[02:03:22 INF] 正在发送弹幕...
[02:03:26 INF] 【直播间】特别中二的q3君
[02:03:26 INF] 【粉丝牌】q3GG
[02:03:26 INF] 正在发送弹幕...
[02:03:31 INF] 【直播间】陈抱一
[02:03:31 INF] 【粉丝牌】陈抱一
[02:03:31 INF] 正在发送弹幕...
[02:03:34 INF] 【弹幕发送】成功~，你和主播 Mark陌枫 的亲密值增加了100！
[02:03:36 INF] 【弹幕发送】成功~，你和主播 苏打baka 的亲密值增加了100！
[02:03:38 INF] 【直播间】贪玩的小毅
[02:03:38 INF] 【粉丝牌】大大毅
[02:03:38 INF] 正在发送弹幕...
[02:03:42 INF] 【直播间】KL_qiqi_
[02:03:42 INF] 【粉丝牌】qiqisb
[02:03:42 INF] 正在发送弹幕...
[02:03:43 INF] 【弹幕发送】成功~，你和主播 特别中二的q3君 的亲密值增加了100！
[02:03:45 INF] 【直播间】记录生活的蛋黄派
[02:03:45 INF] 【粉丝牌】派派派
[02:03:45 INF] 正在发送弹幕...
[02:03:48 INF] 【直播间】FoFTG
[02:03:48 INF] 【粉丝牌】FOFTG
[02:03:48 INF] 正在发送弹幕...
[02:03:49 INF] 【弹幕发送】成功~，你和主播 陈抱一 的亲密值增加了100！
[02:03:52 INF] 【直播间】悠悠球琛总
[02:03:52 INF] 【粉丝牌】i琛
[02:03:52 INF] 正在发送弹幕...
[02:03:53 INF] 【弹幕发送】成功~，你和主播 贪玩的小毅 的亲密值增加了100！
[02:03:57 INF] 【弹幕发送】成功~，你和主播 KL_qiqi_ 的亲密值增加了100！
[02:03:57 INF] 【直播间】新石器公园
[02:03:57 INF] 【粉丝牌】东园主
[02:03:57 INF] 正在发送弹幕...
[02:03:58 INF] 【弹幕发送】成功~，你和主播 记录生活的蛋黄派 的亲密值增加了100！
[02:04:02 INF] 【直播间】脏小豆
[02:04:02 INF] 【粉丝牌】豆豆浆
[02:04:02 INF] 正在发送弹幕...
[02:04:04 INF] 【弹幕发送】成功~，你和主播 FoFTG 的亲密值增加了100！
[02:04:05 INF] 【弹幕发送】成功~，你和主播 悠悠球琛总 的亲密值增加了100！
[02:04:09 INF] 【直播间】李船长笔记
[02:04:09 INF] 【粉丝牌】航海仕
[02:04:09 INF] 正在发送弹幕...
[02:04:14 INF] 【弹幕发送】成功~，你和主播 新石器公园 的亲密值增加了100！
[02:04:16 INF] -------结束-------

[02:04:16 INF] ---开始 点赞直播间 ---
[02:04:16 INF] 【获取直播列表】获取拥有粉丝牌的直播列表
[02:04:18 INF] 【弹幕发送】成功~，你和主播 脏小豆 的亲密值增加了100！
[02:04:20 INF] 【主播】Mark陌枫 
[02:04:27 INF] 【弹幕发送】成功~，你和主播 李船长笔记 的亲密值增加了100！
[02:04:35 INF] 【主播】苏打baka 
[02:04:51 INF] 【主播】特别中二的q3君 
[02:05:07 INF] 【主播】陈抱一 
[02:05:20 INF] 【主播】贪玩的小毅 
[02:05:40 INF] 【主播】KL_qiqi_ 
[02:06:00 INF] 【主播】记录生活的蛋黄派 
[02:06:18 INF] 【主播】FoFTG 
[02:06:34 INF] 【主播】悠悠球琛总 
[02:06:47 INF] 【主播】新石器公园 
[02:07:08 INF] 【主播】脏小豆 
[02:07:28 INF] 【主播】李船长笔记 
[02:07:48 INF] 【点赞直播间】23357926 完成
[02:07:53 INF] 【点赞直播间】23040372 完成
[02:07:58 INF] 【点赞直播间】31494 完成
[02:08:04 INF] 【点赞直播间】4015781 完成
[02:08:07 INF] 【点赞直播间】9619073 完成
[02:08:10 INF] 【点赞直播间】407149 完成
[02:08:17 INF] 【点赞直播间】11732699 完成
[02:08:24 INF] 【点赞直播间】91164 完成
[02:08:29 INF] 【点赞直播间】7184632 完成
[02:08:37 INF] 【点赞直播间】23447660 完成
[02:08:39 INF] 【点赞直播间】929670 完成
[02:08:44 INF] --------结束--------

[02:08:44 INF] ---开始 直播时长挂机 ---
[02:08:44 INF] 【获取直播列表】获取拥有粉丝牌的直播列表
[02:08:44 INF] 【点赞直播间】22764265 完成
[02:08:49 INF] 【主播】Mark陌枫 
[02:09:04 INF] 【主播】苏打baka 
[02:09:23 INF] 【主播】特别中二的q3君 
[02:09:37 INF] 【主播】陈抱一 
[02:09:56 INF] 【主播】贪玩的小毅 
[02:10:12 INF] 【主播】KL_qiqi_ 
[02:10:27 INF] 【主播】记录生活的蛋黄派 
[02:10:48 INF] 【主播】FoFTG 
[02:11:08 INF] 【主播】悠悠球琛总 
[02:11:24 INF] 【主播】新石器公园 
[02:11:36 INF] 【主播】脏小豆 
[02:11:54 INF] 【主播】李船长笔记 
[02:12:10 INF] 【直播间】23357926 的第 1 个心跳包发送成功
[02:12:11 INF] 【直播间】23040372 的第 1 个心跳包发送成功
[02:12:12 INF] 【直播间】31494 的第 1 个心跳包发送成功
[02:12:13 INF] 【直播间】4015781 的第 1 个心跳包发送成功
[02:12:15 INF] 【直播间】9619073 的第 1 个心跳包发送成功
[02:12:16 INF] 【直播间】407149 的第 1 个心跳包发送成功
[02:12:17 INF] 【直播间】11732699 的第 1 个心跳包发送成功
[02:12:18 INF] 【直播间】91164 的第 1 个心跳包发送成功
[02:12:20 INF] 【直播间】7184632 的第 1 个心跳包发送成功
[02:12:21 INF] 【直播间】23447660 的第 1 个心跳包发送成功
[02:12:22 INF] 【直播间】929670 的第 1 个心跳包发送成功
[02:12:23 INF] 【直播间】22764265 的第 1 个心跳包发送成功
[02:13:16 INF] 【直播间】23357926 的第 2 个心跳包发送成功
[02:13:18 INF] 【直播间】23040372 的第 2 个心跳包发送成功
[02:13:19 INF] 【直播间】31494 的第 2 个心跳包发送成功
[02:13:20 INF] 【直播间】4015781 的第 2 个心跳包发送成功
[02:13:21 INF] 【直播间】9619073 的第 2 个心跳包发送成功
[02:13:22 INF] 【直播间】407149 的第 2 个心跳包发送成功
[02:13:24 INF] 【直播间】11732699 的第 2 个心跳包发送成功
[02:13:25 INF] 【直播间】91164 的第 2 个心跳包发送成功
[02:13:26 INF] 【直播间】7184632 的第 2 个心跳包发送成功
[02:13:27 INF] 【直播间】23447660 的第 2 个心跳包发送成功
[02:13:28 INF] 【直播间】929670 的第 2 个心跳包发送成功
[02:13:30 INF] 【直播间】22764265 的第 2 个心跳包发送成功
[02:14:23 INF] 【直播间】23357926 的第 3 个心跳包发送成功
[02:14:24 INF] 【直播间】23040372 的第 3 个心跳包发送成功
[02:14:25 INF] 【直播间】31494 的第 3 个心跳包发送成功
[02:14:27 INF] 【直播间】4015781 的第 3 个心跳包发送成功
[02:14:28 INF] 【直播间】9619073 的第 3 个心跳包发送成功
[02:14:29 INF] 【直播间】407149 的第 3 个心跳包发送成功
[02:14:30 INF] 【直播间】11732699 的第 3 个心跳包发送成功
[02:14:31 INF] 【直播间】91164 的第 3 个心跳包发送成功
[02:14:33 INF] 【直播间】7184632 的第 3 个心跳包发送成功
[02:14:34 INF] 【直播间】23447660 的第 3 个心跳包发送成功
[02:14:35 INF] 【直播间】929670 的第 3 个心跳包发送成功
[02:14:36 INF] 【直播间】22764265 的第 3 个心跳包发送成功
[02:15:29 INF] 【直播间】23357926 的第 4 个心跳包发送成功
[02:15:31 INF] 【直播间】23040372 的第 4 个心跳包发送成功
[02:15:32 INF] 【直播间】31494 的第 4 个心跳包发送成功
[02:15:33 INF] 【直播间】4015781 的第 4 个心跳包发送成功
[02:15:34 INF] 【直播间】9619073 的第 4 个心跳包发送成功
[02:15:36 INF] 【直播间】407149 的第 4 个心跳包发送成功
[02:15:37 INF] 【直播间】11732699 的第 4 个心跳包发送成功
[02:15:38 INF] 【直播间】91164 的第 4 个心跳包发送成功
[02:15:39 INF] 【直播间】7184632 的第 4 个心跳包发送成功
[02:15:41 INF] 【直播间】23447660 的第 4 个心跳包发送成功
[02:15:42 INF] 【直播间】929670 的第 4 个心跳包发送成功
[02:15:43 INF] 【直播间】22764265 的第 4 个心跳包发送成功
[02:16:36 INF] 【直播间】23357926 的第 5 个心跳包发送成功
[02:16:37 INF] 【直播间】23040372 的第 5 个心跳包发送成功
[02:16:38 INF] 【直播间】31494 的第 5 个心跳包发送成功
[02:16:39 INF] 【直播间】4015781 的第 5 个心跳包发送成功
[02:16:41 INF] 【直播间】9619073 的第 5 个心跳包发送成功
[02:16:42 INF] 【直播间】407149 的第 5 个心跳包发送成功
[02:16:43 INF] 【直播间】11732699 的第 5 个心跳包发送成功
[02:16:44 INF] 【直播间】91164 的第 5 个心跳包发送成功
[02:16:46 INF] 【直播间】7184632 的第 5 个心跳包发送成功
[02:16:47 INF] 【直播间】23447660 的第 5 个心跳包发送成功
[02:16:48 INF] 【直播间】929670 的第 5 个心跳包发送成功
[02:16:49 INF] 【直播间】22764265 的第 5 个心跳包发送成功
[02:17:42 INF] 【直播间】23357926 的第 6 个心跳包发送成功
[02:17:43 INF] 【直播间】23040372 的第 6 个心跳包发送成功
[02:17:44 INF] 【直播间】31494 的第 6 个心跳包发送成功
[02:17:46 INF] 【直播间】4015781 的第 6 个心跳包发送成功
[02:17:47 INF] 【直播间】9619073 的第 6 个心跳包发送成功
[02:17:48 INF] 【直播间】407149 的第 6 个心跳包发送成功
[02:17:49 INF] 【直播间】11732699 的第 6 个心跳包发送成功
[02:17:51 INF] 【直播间】91164 的第 6 个心跳包发送成功
[02:17:52 INF] 【直播间】7184632 的第 6 个心跳包发送成功
[02:17:53 INF] 【直播间】23447660 的第 6 个心跳包发送成功
[02:17:54 INF] 【直播间】929670 的第 6 个心跳包发送成功
[02:17:56 INF] 【直播间】22764265 的第 6 个心跳包发送成功
[02:18:48 INF] 【直播间】23357926 的第 7 个心跳包发送成功
[02:18:50 INF] 【直播间】23040372 的第 7 个心跳包发送成功
[02:18:51 INF] 【直播间】31494 的第 7 个心跳包发送成功
[02:18:52 INF] 【直播间】4015781 的第 7 个心跳包发送成功
[02:18:53 INF] 【直播间】9619073 的第 7 个心跳包发送成功
[02:18:54 INF] 【直播间】407149 的第 7 个心跳包发送成功
[02:18:56 INF] 【直播间】11732699 的第 7 个心跳包发送成功
[02:18:57 INF] 【直播间】91164 的第 7 个心跳包发送成功
[02:18:58 INF] 【直播间】7184632 的第 7 个心跳包发送成功
[02:19:00 INF] 【直播间】23447660 的第 7 个心跳包发送成功
[02:19:01 INF] 【直播间】929670 的第 7 个心跳包发送成功
[02:19:02 INF] 【直播间】22764265 的第 7 个心跳包发送成功
[02:19:55 INF] 【直播间】23357926 的第 8 个心跳包发送成功
[02:19:56 INF] 【直播间】23040372 的第 8 个心跳包发送成功
[02:19:57 INF] 【直播间】31494 的第 8 个心跳包发送成功
[02:19:58 INF] 【直播间】4015781 的第 8 个心跳包发送成功
[02:20:00 INF] 【直播间】9619073 的第 8 个心跳包发送成功
[02:20:01 INF] 【直播间】407149 的第 8 个心跳包发送成功
[02:20:02 INF] 【直播间】11732699 的第 8 个心跳包发送成功
[02:20:03 INF] 【直播间】91164 的第 8 个心跳包发送成功
[02:20:05 INF] 【直播间】7184632 的第 8 个心跳包发送成功
[02:20:06 INF] 【直播间】23447660 的第 8 个心跳包发送成功
[02:20:07 INF] 【直播间】929670 的第 8 个心跳包发送成功
[02:20:08 INF] 【直播间】22764265 的第 8 个心跳包发送成功
[02:21:01 INF] 【直播间】23357926 的第 9 个心跳包发送成功
[02:21:02 INF] 【直播间】23040372 的第 9 个心跳包发送成功
[02:21:04 INF] 【直播间】31494 的第 9 个心跳包发送成功
[02:21:05 INF] 【直播间】4015781 的第 9 个心跳包发送成功
[02:21:06 INF] 【直播间】9619073 的第 9 个心跳包发送成功
[02:21:07 INF] 【直播间】407149 的第 9 个心跳包发送成功
[02:21:08 INF] 【直播间】11732699 的第 9 个心跳包发送成功
[02:21:10 INF] 【直播间】91164 的第 9 个心跳包发送成功
[02:21:11 INF] 【直播间】7184632 的第 9 个心跳包发送成功
[02:21:12 INF] 【直播间】23447660 的第 9 个心跳包发送成功
[02:21:13 INF] 【直播间】929670 的第 9 个心跳包发送成功
[02:21:15 INF] 【直播间】22764265 的第 9 个心跳包发送成功
[02:22:07 INF] 【直播间】23357926 的第 10 个心跳包发送成功
[02:22:09 INF] 【直播间】23040372 的第 10 个心跳包发送成功
[02:22:10 INF] 【直播间】31494 的第 10 个心跳包发送成功
[02:22:11 INF] 【直播间】4015781 的第 10 个心跳包发送成功
[02:22:12 INF] 【直播间】9619073 的第 10 个心跳包发送成功
[02:22:13 INF] 【直播间】407149 的第 10 个心跳包发送成功
[02:22:15 INF] 【直播间】11732699 的第 10 个心跳包发送成功
[02:22:16 INF] 【直播间】91164 的第 10 个心跳包发送成功
[02:22:17 INF] 【直播间】7184632 的第 10 个心跳包发送成功
[02:22:18 INF] 【直播间】23447660 的第 10 个心跳包发送成功
[02:22:20 INF] 【直播间】929670 的第 10 个心跳包发送成功
[02:22:21 INF] 【直播间】22764265 的第 10 个心跳包发送成功
[02:23:14 INF] 【直播间】23357926 的第 11 个心跳包发送成功
[02:23:15 INF] 【直播间】23040372 的第 11 个心跳包发送成功
[02:23:16 INF] 【直播间】31494 的第 11 个心跳包发送成功
[02:23:17 INF] 【直播间】4015781 的第 11 个心跳包发送成功
[02:23:19 INF] 【直播间】9619073 的第 11 个心跳包发送成功
[02:23:20 INF] 【直播间】407149 的第 11 个心跳包发送成功
[02:23:21 INF] 【直播间】11732699 的第 11 个心跳包发送成功
[02:23:22 INF] 【直播间】91164 的第 11 个心跳包发送成功
[02:23:23 INF] 【直播间】7184632 的第 11 个心跳包发送成功
[02:23:25 INF] 【直播间】23447660 的第 11 个心跳包发送成功
[02:23:26 INF] 【直播间】929670 的第 11 个心跳包发送成功
[02:23:27 INF] 【直播间】22764265 的第 11 个心跳包发送成功
[02:24:20 INF] 【直播间】23357926 的第 12 个心跳包发送成功
[02:24:21 INF] 【直播间】23040372 的第 12 个心跳包发送成功
[02:24:23 INF] 【直播间】31494 的第 12 个心跳包发送成功
[02:24:24 INF] 【直播间】4015781 的第 12 个心跳包发送成功
[02:24:25 INF] 【直播间】9619073 的第 12 个心跳包发送成功
[02:24:26 INF] 【直播间】407149 的第 12 个心跳包发送成功
[02:24:27 INF] 【直播间】11732699 的第 12 个心跳包发送成功
[02:24:29 INF] 【直播间】91164 的第 12 个心跳包发送成功
[02:24:30 INF] 【直播间】7184632 的第 12 个心跳包发送成功
[02:24:31 INF] 【直播间】23447660 的第 12 个心跳包发送成功
[02:24:32 INF] 【直播间】929670 的第 12 个心跳包发送成功
[02:24:33 INF] 【直播间】22764265 的第 12 个心跳包发送成功
[02:25:27 INF] 【直播间】23357926 的第 13 个心跳包发送成功
[02:25:28 INF] 【直播间】23040372 的第 13 个心跳包发送成功
[02:25:29 INF] 【直播间】31494 的第 13 个心跳包发送成功
[02:25:30 INF] 【直播间】4015781 的第 13 个心跳包发送成功
[02:25:32 INF] 【直播间】9619073 的第 13 个心跳包发送成功
[02:25:33 INF] 【直播间】407149 的第 13 个心跳包发送成功
[02:25:34 INF] 【直播间】11732699 的第 13 个心跳包发送成功
[02:25:35 INF] 【直播间】91164 的第 13 个心跳包发送成功
[02:25:36 INF] 【直播间】7184632 的第 13 个心跳包发送成功
[02:25:38 INF] 【直播间】23447660 的第 13 个心跳包发送成功
[02:25:39 INF] 【直播间】929670 的第 13 个心跳包发送成功
[02:25:40 INF] 【直播间】22764265 的第 13 个心跳包发送成功
[02:26:33 INF] 【直播间】23357926 的第 14 个心跳包发送成功
[02:26:34 INF] 【直播间】23040372 的第 14 个心跳包发送成功
[02:26:35 INF] 【直播间】31494 的第 14 个心跳包发送成功
[02:26:37 INF] 【直播间】4015781 的第 14 个心跳包发送成功
[02:26:38 INF] 【直播间】9619073 的第 14 个心跳包发送成功
[02:26:39 INF] 【直播间】407149 的第 14 个心跳包发送成功
[02:26:40 INF] 【直播间】11732699 的第 14 个心跳包发送成功
[02:26:42 INF] 【直播间】91164 的第 14 个心跳包发送成功
[02:26:43 INF] 【直播间】7184632 的第 14 个心跳包发送成功
[02:26:44 INF] 【直播间】23447660 的第 14 个心跳包发送成功
[02:26:45 INF] 【直播间】929670 的第 14 个心跳包发送成功
[02:26:47 INF] 【直播间】22764265 的第 14 个心跳包发送成功
[02:27:39 INF] 【直播间】23357926 的第 15 个心跳包发送成功
[02:27:40 INF] 【直播间】23040372 的第 15 个心跳包发送成功
[02:27:42 INF] 【直播间】31494 的第 15 个心跳包发送成功
[02:27:43 INF] 【直播间】4015781 的第 15 个心跳包发送成功
[02:27:44 INF] 【直播间】9619073 的第 15 个心跳包发送成功
[02:27:45 INF] 【直播间】407149 的第 15 个心跳包发送成功
[02:27:47 INF] 【直播间】11732699 的第 15 个心跳包发送成功
[02:27:48 INF] 【直播间】91164 的第 15 个心跳包发送成功
[02:27:49 INF] 【直播间】7184632 的第 15 个心跳包发送成功
[02:27:50 INF] 【直播间】23447660 的第 15 个心跳包发送成功
[02:27:52 INF] 【直播间】929670 的第 15 个心跳包发送成功
[02:27:53 INF] 【直播间】22764265 的第 15 个心跳包发送成功
[02:28:46 ERR] 【心跳包】直播间 23357926 发送失败
[02:28:46 ERR] 【原因】time check failed
[02:28:47 ERR] 【心跳包】直播间 23040372 发送失败
[02:28:47 ERR] 【原因】time check failed
[02:28:48 ERR] 【心跳包】直播间 31494 发送失败
[02:28:48 ERR] 【原因】time check failed
[02:28:49 ERR] 【心跳包】直播间 4015781 发送失败
[02:28:49 ERR] 【原因】time check failed
[02:28:50 ERR] 【心跳包】直播间 9619073 发送失败
[02:28:50 ERR] 【原因】time check failed
[02:28:52 ERR] 【心跳包】直播间 407149 发送失败
[02:28:52 ERR] 【原因】time check failed
[02:28:53 ERR] 【心跳包】直播间 11732699 发送失败
[02:28:53 ERR] 【原因】time check failed
[02:28:54 ERR] 【心跳包】直播间 91164 发送失败
[02:28:54 ERR] 【原因】time check failed
[02:28:55 ERR] 【心跳包】直播间 7184632 发送失败
[02:28:55 ERR] 【原因】time check failed
[02:28:57 ERR] 【心跳包】直播间 23447660 发送失败
[02:28:57 ERR] 【原因】time check failed
[02:28:58 ERR] 【心跳包】直播间 929670 发送失败
[02:28:58 ERR] 【原因】time check failed
[02:28:59 ERR] 【心跳包】直播间 22764265 发送失败
[02:28:59 ERR] 【原因】time check failed
[02:29:52 INF] 【直播间】23357926 的第 16 个心跳包发送成功
[02:29:53 INF] 【直播间】23040372 的第 16 个心跳包发送成功
[02:29:55 INF] 【直播间】31494 的第 16 个心跳包发送成功
[02:29:56 INF] 【直播间】4015781 的第 16 个心跳包发送成功
[02:29:57 INF] 【直播间】9619073 的第 16 个心跳包发送成功
[02:29:58 INF] 【直播间】407149 的第 16 个心跳包发送成功
[02:29:59 INF] 【直播间】11732699 的第 16 个心跳包发送成功
[02:30:01 INF] 【直播间】91164 的第 16 个心跳包发送成功
[02:30:02 INF] 【直播间】7184632 的第 16 个心跳包发送成功
[02:30:03 INF] 【直播间】23447660 的第 16 个心跳包发送成功
[02:30:04 INF] 【直播间】929670 的第 16 个心跳包发送成功
[02:30:06 INF] 【直播间】22764265 的第 16 个心跳包发送成功
[02:30:58 INF] 【直播间】23357926 的第 17 个心跳包发送成功
[02:31:00 INF] 【直播间】23040372 的第 17 个心跳包发送成功
[02:31:01 INF] 【直播间】31494 的第 17 个心跳包发送成功
[02:31:02 INF] 【直播间】4015781 的第 17 个心跳包发送成功
[02:31:04 INF] 【直播间】9619073 的第 17 个心跳包发送成功
[02:31:05 INF] 【直播间】407149 的第 17 个心跳包发送成功
[02:31:06 INF] 【直播间】11732699 的第 17 个心跳包发送成功
[02:31:07 INF] 【直播间】91164 的第 17 个心跳包发送成功
[02:31:08 INF] 【直播间】7184632 的第 17 个心跳包发送成功
[02:31:10 INF] 【直播间】23447660 的第 17 个心跳包发送成功
[02:31:11 INF] 【直播间】929670 的第 17 个心跳包发送成功
[02:31:12 INF] 【直播间】22764265 的第 17 个心跳包发送成功
[02:32:05 INF] 【直播间】23357926 的第 18 个心跳包发送成功
[02:32:06 INF] 【直播间】23040372 的第 18 个心跳包发送成功
[02:32:07 INF] 【直播间】31494 的第 18 个心跳包发送成功
[02:32:09 INF] 【直播间】4015781 的第 18 个心跳包发送成功
[02:32:10 INF] 【直播间】9619073 的第 18 个心跳包发送成功
[02:32:11 INF] 【直播间】407149 的第 18 个心跳包发送成功
[02:32:12 INF] 【直播间】11732699 的第 18 个心跳包发送成功
[02:32:14 INF] 【直播间】91164 的第 18 个心跳包发送成功
[02:32:15 INF] 【直播间】7184632 的第 18 个心跳包发送成功
[02:32:16 INF] 【直播间】23447660 的第 18 个心跳包发送成功
[02:32:17 INF] 【直播间】929670 的第 18 个心跳包发送成功
[02:32:18 INF] 【直播间】22764265 的第 18 个心跳包发送成功
[02:33:11 INF] 【直播间】23357926 的第 19 个心跳包发送成功
[02:33:12 INF] 【直播间】23040372 的第 19 个心跳包发送成功
[02:33:14 INF] 【直播间】31494 的第 19 个心跳包发送成功
[02:33:15 INF] 【直播间】4015781 的第 19 个心跳包发送成功
[02:33:16 INF] 【直播间】9619073 的第 19 个心跳包发送成功
[02:33:17 INF] 【直播间】407149 的第 19 个心跳包发送成功
[02:33:18 INF] 【直播间】11732699 的第 19 个心跳包发送成功
[02:33:20 INF] 【直播间】91164 的第 19 个心跳包发送成功
[02:33:21 INF] 【直播间】7184632 的第 19 个心跳包发送成功
[02:33:22 INF] 【直播间】23447660 的第 19 个心跳包发送成功
[02:33:23 INF] 【直播间】929670 的第 19 个心跳包发送成功
[02:33:25 INF] 【直播间】22764265 的第 19 个心跳包发送成功
[02:34:18 INF] 【直播间】23357926 的第 20 个心跳包发送成功
[02:34:19 INF] 【直播间】23040372 的第 20 个心跳包发送成功
[02:34:20 INF] 【直播间】31494 的第 20 个心跳包发送成功
[02:34:21 INF] 【直播间】4015781 的第 20 个心跳包发送成功
[02:34:22 INF] 【直播间】9619073 的第 20 个心跳包发送成功
[02:34:24 INF] 【直播间】407149 的第 20 个心跳包发送成功
[02:34:25 INF] 【直播间】11732699 的第 20 个心跳包发送成功
[02:34:26 INF] 【直播间】91164 的第 20 个心跳包发送成功
[02:34:27 INF] 【直播间】7184632 的第 20 个心跳包发送成功
[02:34:28 INF] 【直播间】23447660 的第 20 个心跳包发送成功
[02:34:30 INF] 【直播间】929670 的第 20 个心跳包发送成功
[02:34:31 INF] 【直播间】22764265 的第 20 个心跳包发送成功
[02:35:24 INF] 【直播间】23357926 的第 21 个心跳包发送成功
[02:35:25 INF] 【直播间】23040372 的第 21 个心跳包发送成功
[02:35:26 INF] 【直播间】31494 的第 21 个心跳包发送成功
[02:35:28 INF] 【直播间】4015781 的第 21 个心跳包发送成功
[02:35:29 INF] 【直播间】9619073 的第 21 个心跳包发送成功
[02:35:30 INF] 【直播间】407149 的第 21 个心跳包发送成功
[02:35:31 INF] 【直播间】11732699 的第 21 个心跳包发送成功
[02:35:32 INF] 【直播间】91164 的第 21 个心跳包发送成功
[02:35:34 INF] 【直播间】7184632 的第 21 个心跳包发送成功
[02:35:35 INF] 【直播间】23447660 的第 21 个心跳包发送成功
[02:35:36 INF] 【直播间】929670 的第 21 个心跳包发送成功
[02:35:37 INF] 【直播间】22764265 的第 21 个心跳包发送成功
[02:36:30 INF] 【直播间】23357926 的第 22 个心跳包发送成功
[02:36:32 INF] 【直播间】23040372 的第 22 个心跳包发送成功
[02:36:33 INF] 【直播间】31494 的第 22 个心跳包发送成功
[02:36:34 INF] 【直播间】4015781 的第 22 个心跳包发送成功
[02:36:35 INF] 【直播间】9619073 的第 22 个心跳包发送成功
[02:36:36 INF] 【直播间】407149 的第 22 个心跳包发送成功
[02:36:38 INF] 【直播间】11732699 的第 22 个心跳包发送成功
[02:36:39 INF] 【直播间】91164 的第 22 个心跳包发送成功
[02:36:40 INF] 【直播间】7184632 的第 22 个心跳包发送成功
[02:36:41 INF] 【直播间】23447660 的第 22 个心跳包发送成功
[02:36:42 INF] 【直播间】929670 的第 22 个心跳包发送成功
[02:36:44 INF] 【直播间】22764265 的第 22 个心跳包发送成功
[02:37:37 INF] 【直播间】23357926 的第 23 个心跳包发送成功
[02:37:38 INF] 【直播间】23040372 的第 23 个心跳包发送成功
[02:37:39 INF] 【直播间】31494 的第 23 个心跳包发送成功
[02:37:40 INF] 【直播间】4015781 的第 23 个心跳包发送成功
[02:37:42 INF] 【直播间】9619073 的第 23 个心跳包发送成功
[02:37:43 INF] 【直播间】407149 的第 23 个心跳包发送成功
[02:37:44 INF] 【直播间】11732699 的第 23 个心跳包发送成功
[02:37:45 INF] 【直播间】91164 的第 23 个心跳包发送成功
[02:37:46 INF] 【直播间】7184632 的第 23 个心跳包发送成功
[02:37:48 INF] 【直播间】23447660 的第 23 个心跳包发送成功
[02:37:49 INF] 【直播间】929670 的第 23 个心跳包发送成功
[02:37:50 INF] 【直播间】22764265 的第 23 个心跳包发送成功
[02:38:43 INF] 【直播间】23357926 的第 24 个心跳包发送成功
[02:38:44 INF] 【直播间】23040372 的第 24 个心跳包发送成功
[02:38:46 INF] 【直播间】31494 的第 24 个心跳包发送成功
[02:38:47 INF] 【直播间】4015781 的第 24 个心跳包发送成功
[02:38:48 INF] 【直播间】9619073 的第 24 个心跳包发送成功
[02:38:50 INF] 【直播间】407149 的第 24 个心跳包发送成功
[02:38:51 INF] 【直播间】11732699 的第 24 个心跳包发送成功
[02:38:52 INF] 【直播间】91164 的第 24 个心跳包发送成功
[02:38:53 INF] 【直播间】7184632 的第 24 个心跳包发送成功
[02:38:55 INF] 【直播间】23447660 的第 24 个心跳包发送成功
[02:38:56 INF] 【直播间】929670 的第 24 个心跳包发送成功
[02:38:57 INF] 【直播间】22764265 的第 24 个心跳包发送成功
[02:39:50 INF] 【直播间】23357926 的第 25 个心跳包发送成功
[02:39:51 INF] 【直播间】23040372 的第 25 个心跳包发送成功
[02:39:52 INF] 【直播间】31494 的第 25 个心跳包发送成功
[02:39:53 INF] 【直播间】4015781 的第 25 个心跳包发送成功
[02:39:55 INF] 【直播间】9619073 的第 25 个心跳包发送成功
[02:39:56 INF] 【直播间】407149 的第 25 个心跳包发送成功
[02:39:57 INF] 【直播间】11732699 的第 25 个心跳包发送成功
[02:39:59 INF] 【直播间】91164 的第 25 个心跳包发送成功
[02:40:00 INF] 【直播间】7184632 的第 25 个心跳包发送成功
[02:40:01 INF] 【直播间】23447660 的第 25 个心跳包发送成功
[02:40:02 INF] 【直播间】929670 的第 25 个心跳包发送成功
[02:40:04 INF] 【直播间】22764265 的第 25 个心跳包发送成功
[02:40:56 INF] 【直播间】23357926 的第 26 个心跳包发送成功
[02:40:57 INF] 【直播间】23040372 的第 26 个心跳包发送成功
[02:40:58 INF] 【直播间】31494 的第 26 个心跳包发送成功
[02:41:00 INF] 【直播间】4015781 的第 26 个心跳包发送成功
[02:41:01 INF] 【直播间】9619073 的第 26 个心跳包发送成功
[02:41:02 INF] 【直播间】407149 的第 26 个心跳包发送成功
[02:41:03 INF] 【直播间】11732699 的第 26 个心跳包发送成功
[02:41:05 INF] 【直播间】91164 的第 26 个心跳包发送成功
[02:41:06 INF] 【直播间】7184632 的第 26 个心跳包发送成功
[02:41:07 INF] 【直播间】23447660 的第 26 个心跳包发送成功
[02:41:09 INF] 【直播间】929670 的第 26 个心跳包发送成功
[02:41:10 INF] 【直播间】22764265 的第 26 个心跳包发送成功
[02:42:02 INF] 【直播间】23357926 的第 27 个心跳包发送成功
[02:42:04 INF] 【直播间】23040372 的第 27 个心跳包发送成功
[02:42:05 INF] 【直播间】31494 的第 27 个心跳包发送成功
[02:42:06 INF] 【直播间】4015781 的第 27 个心跳包发送成功
[02:42:07 INF] 【直播间】9619073 的第 27 个心跳包发送成功
[02:42:09 INF] 【直播间】407149 的第 27 个心跳包发送成功
[02:42:10 INF] 【直播间】11732699 的第 27 个心跳包发送成功
[02:42:11 INF] 【直播间】91164 的第 27 个心跳包发送成功
[02:42:12 INF] 【直播间】7184632 的第 27 个心跳包发送成功
[02:42:14 INF] 【直播间】23447660 的第 27 个心跳包发送成功
[02:42:15 INF] 【直播间】929670 的第 27 个心跳包发送成功
[02:42:16 INF] 【直播间】22764265 的第 27 个心跳包发送成功
[02:43:09 INF] 【直播间】23357926 的第 28 个心跳包发送成功
[02:43:10 INF] 【直播间】23040372 的第 28 个心跳包发送成功
[02:43:11 INF] 【直播间】31494 的第 28 个心跳包发送成功
[02:43:12 INF] 【直播间】4015781 的第 28 个心跳包发送成功
[02:43:14 INF] 【直播间】9619073 的第 28 个心跳包发送成功
[02:43:15 INF] 【直播间】407149 的第 28 个心跳包发送成功
[02:43:16 INF] 【直播间】11732699 的第 28 个心跳包发送成功
[02:43:17 INF] 【直播间】91164 的第 28 个心跳包发送成功
[02:43:19 INF] 【直播间】7184632 的第 28 个心跳包发送成功
[02:43:20 INF] 【直播间】23447660 的第 28 个心跳包发送成功
[02:43:21 INF] 【直播间】929670 的第 28 个心跳包发送成功
[02:43:22 INF] 【直播间】22764265 的第 28 个心跳包发送成功
[02:44:15 INF] 【直播间】23357926 的第 29 个心跳包发送成功
[02:44:16 INF] 【直播间】23040372 的第 29 个心跳包发送成功
[02:44:17 INF] 【直播间】31494 的第 29 个心跳包发送成功
[02:44:19 INF] 【直播间】4015781 的第 29 个心跳包发送成功
[02:44:20 INF] 【直播间】9619073 的第 29 个心跳包发送成功
[02:44:21 INF] 【直播间】407149 的第 29 个心跳包发送成功
[02:44:22 INF] 【直播间】11732699 的第 29 个心跳包发送成功
[02:44:23 INF] 【直播间】91164 的第 29 个心跳包发送成功
[02:44:25 INF] 【直播间】7184632 的第 29 个心跳包发送成功
[02:44:26 INF] 【直播间】23447660 的第 29 个心跳包发送成功
[02:44:27 INF] 【直播间】929670 的第 29 个心跳包发送成功
[02:44:29 INF] 【直播间】22764265 的第 29 个心跳包发送成功
[02:45:21 ERR] 【心跳包】直播间 23357926 发送失败
[02:45:21 ERR] 【原因】time check failed
[02:45:23 ERR] 【心跳包】直播间 23040372 发送失败
[02:45:23 ERR] 【原因】time check failed
[02:45:24 ERR] 【心跳包】直播间 31494 发送失败
[02:45:24 ERR] 【原因】time check failed
[02:45:25 ERR] 【心跳包】直播间 4015781 发送失败
[02:45:25 ERR] 【原因】time check failed
[02:45:26 ERR] 【心跳包】直播间 9619073 发送失败
[02:45:26 ERR] 【原因】time check failed
[02:45:27 ERR] 【心跳包】直播间 407149 发送失败
[02:45:27 ERR] 【原因】time check failed
[02:45:29 ERR] 【心跳包】直播间 11732699 发送失败
[02:45:29 ERR] 【原因】time check failed
[02:45:30 ERR] 【心跳包】直播间 91164 发送失败
[02:45:30 ERR] 【原因】time check failed
[02:45:31 ERR] 【心跳包】直播间 7184632 发送失败
[02:45:31 ERR] 【原因】time check failed
[02:45:32 ERR] 【心跳包】直播间 23447660 发送失败
[02:45:32 ERR] 【原因】time check failed
[02:45:34 ERR] 【心跳包】直播间 929670 发送失败
[02:45:34 ERR] 【原因】time check failed
[02:45:35 ERR] 【心跳包】直播间 22764265 发送失败
[02:45:35 ERR] 【原因】time check failed
[02:46:28 INF] 【直播间】23357926 的第 30 个心跳包发送成功
[02:46:29 INF] 【直播间】23040372 的第 30 个心跳包发送成功
[02:46:30 INF] 【直播间】31494 的第 30 个心跳包发送成功
[02:46:32 INF] 【直播间】4015781 的第 30 个心跳包发送成功
[02:46:33 INF] 【直播间】9619073 的第 30 个心跳包发送成功
[02:46:34 INF] 【直播间】407149 的第 30 个心跳包发送成功
[02:46:35 INF] 【直播间】11732699 的第 30 个心跳包发送成功
[02:46:36 INF] 【直播间】91164 的第 30 个心跳包发送成功
[02:46:38 INF] 【直播间】7184632 的第 30 个心跳包发送成功
[02:46:39 INF] 【直播间】23447660 的第 30 个心跳包发送成功
[02:46:40 INF] 【直播间】929670 的第 30 个心跳包发送成功
[02:46:41 INF] 【直播间】22764265 的第 30 个心跳包发送成功
[02:47:34 INF] 【直播间】23357926 的第 31 个心跳包发送成功
[02:47:36 INF] 【直播间】23040372 的第 31 个心跳包发送成功
[02:47:37 INF] 【直播间】31494 的第 31 个心跳包发送成功
[02:47:38 INF] 【直播间】4015781 的第 31 个心跳包发送成功
[02:47:39 INF] 【直播间】9619073 的第 31 个心跳包发送成功
[02:47:41 INF] 【直播间】407149 的第 31 个心跳包发送成功
[02:47:42 INF] 【直播间】11732699 的第 31 个心跳包发送成功
[02:47:43 INF] 【直播间】91164 的第 31 个心跳包发送成功
[02:47:44 INF] 【直播间】7184632 的第 31 个心跳包发送成功
[02:47:45 INF] 【直播间】23447660 的第 31 个心跳包发送成功
[02:47:47 INF] 【直播间】929670 的第 31 个心跳包发送成功
[02:47:48 INF] 【直播间】22764265 的第 31 个心跳包发送成功
[02:48:41 INF] 【直播间】23357926 的第 32 个心跳包发送成功
[02:48:42 INF] 【直播间】23040372 的第 32 个心跳包发送成功
[02:48:43 INF] 【直播间】31494 的第 32 个心跳包发送成功
[02:48:45 INF] 【直播间】4015781 的第 32 个心跳包发送成功
[02:48:46 INF] 【直播间】9619073 的第 32 个心跳包发送成功
[02:48:47 INF] 【直播间】407149 的第 32 个心跳包发送成功
[02:48:48 INF] 【直播间】11732699 的第 32 个心跳包发送成功
[02:48:50 INF] 【直播间】91164 的第 32 个心跳包发送成功
[02:48:51 INF] 【直播间】7184632 的第 32 个心跳包发送成功
[02:48:52 INF] 【直播间】23447660 的第 32 个心跳包发送成功
[02:48:53 INF] 【直播间】929670 的第 32 个心跳包发送成功
[02:48:55 INF] 【直播间】22764265 的第 32 个心跳包发送成功
[02:49:47 INF] 【直播间】23357926 的第 33 个心跳包发送成功
[02:49:48 INF] 【直播间】23040372 的第 33 个心跳包发送成功
[02:49:50 INF] 【直播间】31494 的第 33 个心跳包发送成功
[02:49:51 INF] 【直播间】4015781 的第 33 个心跳包发送成功
[02:49:52 INF] 【直播间】9619073 的第 33 个心跳包发送成功
[02:49:53 INF] 【直播间】407149 的第 33 个心跳包发送成功
[02:49:55 INF] 【直播间】11732699 的第 33 个心跳包发送成功
[02:49:56 INF] 【直播间】91164 的第 33 个心跳包发送成功
[02:49:57 INF] 【直播间】7184632 的第 33 个心跳包发送成功
[02:49:58 INF] 【直播间】23447660 的第 33 个心跳包发送成功
[02:50:00 INF] 【直播间】929670 的第 33 个心跳包发送成功
[02:50:01 INF] 【直播间】22764265 的第 33 个心跳包发送成功
[02:50:54 INF] 【直播间】23357926 的第 34 个心跳包发送成功
[02:50:55 INF] 【直播间】23040372 的第 34 个心跳包发送成功
[02:50:56 INF] 【直播间】31494 的第 34 个心跳包发送成功
[02:50:57 INF] 【直播间】4015781 的第 34 个心跳包发送成功
[02:50:59 INF] 【直播间】9619073 的第 34 个心跳包发送成功
[02:51:00 INF] 【直播间】407149 的第 34 个心跳包发送成功
[02:51:01 INF] 【直播间】11732699 的第 34 个心跳包发送成功
[02:51:02 INF] 【直播间】91164 的第 34 个心跳包发送成功
[02:51:04 INF] 【直播间】7184632 的第 34 个心跳包发送成功
[02:51:05 INF] 【直播间】23447660 的第 34 个心跳包发送成功
[02:51:06 INF] 【直播间】929670 的第 34 个心跳包发送成功
[02:51:07 INF] 【直播间】22764265 的第 34 个心跳包发送成功
[02:52:00 INF] 【直播间】23357926 的第 35 个心跳包发送成功
[02:52:01 INF] 【直播间】23040372 的第 35 个心跳包发送成功
[02:52:03 INF] 【直播间】31494 的第 35 个心跳包发送成功
[02:52:04 INF] 【直播间】4015781 的第 35 个心跳包发送成功
[02:52:05 INF] 【直播间】9619073 的第 35 个心跳包发送成功
[02:52:06 INF] 【直播间】407149 的第 35 个心跳包发送成功
[02:52:07 INF] 【直播间】11732699 的第 35 个心跳包发送成功
[02:52:09 INF] 【直播间】91164 的第 35 个心跳包发送成功
[02:52:10 INF] 【直播间】7184632 的第 35 个心跳包发送成功
[02:52:11 INF] 【直播间】23447660 的第 35 个心跳包发送成功
[02:52:12 INF] 【直播间】929670 的第 35 个心跳包发送成功
[02:52:14 INF] 【直播间】22764265 的第 35 个心跳包发送成功
[02:53:07 INF] 【直播间】23357926 的第 36 个心跳包发送成功
[02:53:08 INF] 【直播间】23040372 的第 36 个心跳包发送成功
[02:53:09 INF] 【直播间】31494 的第 36 个心跳包发送成功
[02:53:10 INF] 【直播间】4015781 的第 36 个心跳包发送成功
[02:53:11 INF] 【直播间】9619073 的第 36 个心跳包发送成功
[02:53:13 INF] 【直播间】407149 的第 36 个心跳包发送成功
[02:53:14 INF] 【直播间】11732699 的第 36 个心跳包发送成功
[02:53:15 INF] 【直播间】91164 的第 36 个心跳包发送成功
[02:53:16 INF] 【直播间】7184632 的第 36 个心跳包发送成功
[02:53:18 INF] 【直播间】23447660 的第 36 个心跳包发送成功
[02:53:19 INF] 【直播间】929670 的第 36 个心跳包发送成功
[02:53:20 INF] 【直播间】22764265 的第 36 个心跳包发送成功
[02:54:13 INF] 【直播间】23357926 的第 37 个心跳包发送成功
[02:54:14 INF] 【直播间】23040372 的第 37 个心跳包发送成功
[02:54:15 INF] 【直播间】31494 的第 37 个心跳包发送成功
[02:54:16 INF] 【直播间】4015781 的第 37 个心跳包发送成功
[02:54:18 INF] 【直播间】9619073 的第 37 个心跳包发送成功
[02:54:19 INF] 【直播间】407149 的第 37 个心跳包发送成功
[02:54:20 INF] 【直播间】11732699 的第 37 个心跳包发送成功
[02:54:22 INF] 【直播间】91164 的第 37 个心跳包发送成功
[02:54:23 INF] 【直播间】7184632 的第 37 个心跳包发送成功
[02:54:24 INF] 【直播间】23447660 的第 37 个心跳包发送成功
[02:54:25 INF] 【直播间】929670 的第 37 个心跳包发送成功
[02:54:26 INF] 【直播间】22764265 的第 37 个心跳包发送成功
[02:55:19 INF] 【直播间】23357926 的第 38 个心跳包发送成功
[02:55:20 INF] 【直播间】23040372 的第 38 个心跳包发送成功
[02:55:22 INF] 【直播间】31494 的第 38 个心跳包发送成功
[02:55:23 INF] 【直播间】4015781 的第 38 个心跳包发送成功
[02:55:24 INF] 【直播间】9619073 的第 38 个心跳包发送成功
[02:55:25 INF] 【直播间】407149 的第 38 个心跳包发送成功
[02:55:27 INF] 【直播间】11732699 的第 38 个心跳包发送成功
[02:55:28 INF] 【直播间】91164 的第 38 个心跳包发送成功
[02:55:29 INF] 【直播间】7184632 的第 38 个心跳包发送成功
[02:55:30 INF] 【直播间】23447660 的第 38 个心跳包发送成功
[02:55:31 INF] 【直播间】929670 的第 38 个心跳包发送成功
[02:55:33 INF] 【直播间】22764265 的第 38 个心跳包发送成功
[02:56:25 INF] 【直播间】23357926 的第 39 个心跳包发送成功
[02:56:27 INF] 【直播间】23040372 的第 39 个心跳包发送成功
[02:56:28 INF] 【直播间】31494 的第 39 个心跳包发送成功
[02:56:29 INF] 【直播间】4015781 的第 39 个心跳包发送成功
[02:56:30 INF] 【直播间】9619073 的第 39 个心跳包发送成功
[02:56:32 INF] 【直播间】407149 的第 39 个心跳包发送成功
[02:56:33 INF] 【直播间】11732699 的第 39 个心跳包发送成功
[02:56:34 INF] 【直播间】91164 的第 39 个心跳包发送成功
[02:56:35 INF] 【直播间】7184632 的第 39 个心跳包发送成功
[02:56:36 INF] 【直播间】23447660 的第 39 个心跳包发送成功
[02:56:38 INF] 【直播间】929670 的第 39 个心跳包发送成功
[02:56:39 INF] 【直播间】22764265 的第 39 个心跳包发送成功
[02:57:32 INF] 【直播间】23357926 的第 40 个心跳包发送成功
[02:57:33 INF] 【直播间】23040372 的第 40 个心跳包发送成功
[02:57:34 INF] 【直播间】31494 的第 40 个心跳包发送成功
[02:57:36 INF] 【直播间】4015781 的第 40 个心跳包发送成功
[02:57:37 INF] 【直播间】9619073 的第 40 个心跳包发送成功
[02:57:38 INF] 【直播间】407149 的第 40 个心跳包发送成功
[02:57:39 INF] 【直播间】11732699 的第 40 个心跳包发送成功
[02:57:41 INF] 【直播间】91164 的第 40 个心跳包发送成功
[02:57:42 INF] 【直播间】7184632 的第 40 个心跳包发送成功
[02:57:43 INF] 【直播间】23447660 的第 40 个心跳包发送成功
[02:57:45 INF] 【直播间】929670 的第 40 个心跳包发送成功
[02:57:46 INF] 【直播间】22764265 的第 40 个心跳包发送成功
[02:58:39 INF] 【直播间】23357926 的第 41 个心跳包发送成功
[02:58:40 INF] 【直播间】23040372 的第 41 个心跳包发送成功
[02:58:41 INF] 【直播间】31494 的第 41 个心跳包发送成功
[02:58:42 INF] 【直播间】4015781 的第 41 个心跳包发送成功
[02:58:43 INF] 【直播间】9619073 的第 41 个心跳包发送成功
[02:58:45 INF] 【直播间】407149 的第 41 个心跳包发送成功
[02:58:46 INF] 【直播间】11732699 的第 41 个心跳包发送成功
[02:58:47 INF] 【直播间】91164 的第 41 个心跳包发送成功
[02:58:48 INF] 【直播间】7184632 的第 41 个心跳包发送成功
[02:58:50 INF] 【直播间】23447660 的第 41 个心跳包发送成功
[02:58:51 INF] 【直播间】929670 的第 41 个心跳包发送成功
[02:58:52 INF] 【直播间】22764265 的第 41 个心跳包发送成功
[02:59:45 INF] 【直播间】23357926 的第 42 个心跳包发送成功
[02:59:46 INF] 【直播间】23040372 的第 42 个心跳包发送成功
[02:59:48 INF] 【直播间】31494 的第 42 个心跳包发送成功
[02:59:49 INF] 【直播间】4015781 的第 42 个心跳包发送成功
[02:59:50 INF] 【直播间】9619073 的第 42 个心跳包发送成功
[02:59:51 INF] 【直播间】407149 的第 42 个心跳包发送成功
[02:59:53 INF] 【直播间】11732699 的第 42 个心跳包发送成功
[02:59:54 INF] 【直播间】91164 的第 42 个心跳包发送成功
[02:59:55 INF] 【直播间】7184632 的第 42 个心跳包发送成功
[02:59:56 INF] 【直播间】23447660 的第 42 个心跳包发送成功
[02:59:58 INF] 【直播间】929670 的第 42 个心跳包发送成功
[02:59:59 INF] 【直播间】22764265 的第 42 个心跳包发送成功
[03:00:51 INF] 【直播间】23357926 的第 43 个心跳包发送成功
[03:00:53 INF] 【直播间】23040372 的第 43 个心跳包发送成功
[03:00:54 INF] 【直播间】31494 的第 43 个心跳包发送成功
[03:00:55 INF] 【直播间】4015781 的第 43 个心跳包发送成功
[03:00:57 INF] 【直播间】9619073 的第 43 个心跳包发送成功
[03:00:58 ERR] 【心跳包】直播间 407149 发送失败
[03:00:58 ERR] 【原因】time check failed
[03:00:59 INF] 【直播间】11732699 的第 43 个心跳包发送成功
[03:01:00 INF] 【直播间】91164 的第 43 个心跳包发送成功
[03:01:02 INF] 【直播间】7184632 的第 43 个心跳包发送成功
[03:01:03 ERR] 【心跳包】直播间 23447660 发送失败
[03:01:03 ERR] 【原因】time check failed
[03:01:04 ERR] 【心跳包】直播间 929670 发送失败
[03:01:04 ERR] 【原因】time check failed
[03:01:05 INF] 【直播间】22764265 的第 43 个心跳包发送成功
[03:01:58 ERR] 【心跳包】直播间 23357926 发送失败
[03:01:58 ERR] 【原因】time check failed
[03:01:59 ERR] 【心跳包】直播间 23040372 发送失败
[03:01:59 ERR] 【原因】time check failed
[03:02:00 ERR] 【心跳包】直播间 31494 发送失败
[03:02:00 ERR] 【原因】time check failed
[03:02:01 ERR] 【心跳包】直播间 4015781 发送失败
[03:02:01 ERR] 【原因】time check failed
[03:02:03 ERR] 【心跳包】直播间 9619073 发送失败
[03:02:03 ERR] 【原因】time check failed
[03:02:04 INF] 【直播间】407149 的第 43 个心跳包发送成功
[03:02:05 ERR] 【心跳包】直播间 11732699 发送失败
[03:02:05 ERR] 【原因】time check failed
[03:02:07 ERR] 【心跳包】直播间 91164 发送失败
[03:02:07 ERR] 【原因】time check failed
[03:02:08 ERR] 【心跳包】直播间 7184632 发送失败
[03:02:08 ERR] 【原因】time check failed
[03:02:09 INF] 【直播间】23447660 的第 43 个心跳包发送成功
[03:02:11 INF] 【直播间】929670 的第 43 个心跳包发送成功
[03:02:12 ERR] 【心跳包】直播间 22764265 发送失败
[03:02:12 ERR] 【原因】time check failed
[03:03:04 INF] 【直播间】23357926 的第 44 个心跳包发送成功
[03:03:05 INF] 【直播间】23040372 的第 44 个心跳包发送成功
[03:03:07 INF] 【直播间】31494 的第 44 个心跳包发送成功
[03:03:08 INF] 【直播间】4015781 的第 44 个心跳包发送成功
[03:03:09 INF] 【直播间】9619073 的第 44 个心跳包发送成功
[03:03:10 INF] 【直播间】407149 的第 44 个心跳包发送成功
[03:03:12 INF] 【直播间】11732699 的第 44 个心跳包发送成功
[03:03:13 INF] 【直播间】91164 的第 44 个心跳包发送成功
[03:03:14 INF] 【直播间】7184632 的第 44 个心跳包发送成功
[03:03:16 INF] 【直播间】23447660 的第 44 个心跳包发送成功
[03:03:17 INF] 【直播间】929670 的第 44 个心跳包发送成功
[03:03:18 INF] 【直播间】22764265 的第 44 个心跳包发送成功
[03:04:11 INF] 【直播间】23357926 的第 45 个心跳包发送成功
[03:04:12 INF] 【直播间】23040372 的第 45 个心跳包发送成功
[03:04:13 INF] 【直播间】31494 的第 45 个心跳包发送成功
[03:04:14 INF] 【直播间】4015781 的第 45 个心跳包发送成功
[03:04:16 INF] 【直播间】9619073 的第 45 个心跳包发送成功
[03:04:17 INF] 【直播间】407149 的第 45 个心跳包发送成功
[03:04:18 INF] 【直播间】11732699 的第 45 个心跳包发送成功
[03:04:19 INF] 【直播间】91164 的第 45 个心跳包发送成功
[03:04:21 INF] 【直播间】7184632 的第 45 个心跳包发送成功
[03:04:22 INF] 【直播间】23447660 的第 45 个心跳包发送成功
[03:04:23 INF] 【直播间】929670 的第 45 个心跳包发送成功
[03:04:24 INF] 【直播间】22764265 的第 45 个心跳包发送成功
[03:05:17 INF] 【直播间】23357926 的第 46 个心跳包发送成功
[03:05:18 INF] 【直播间】23040372 的第 46 个心跳包发送成功
[03:05:19 INF] 【直播间】31494 的第 46 个心跳包发送成功
[03:05:21 INF] 【直播间】4015781 的第 46 个心跳包发送成功
[03:05:22 INF] 【直播间】9619073 的第 46 个心跳包发送成功
[03:05:23 INF] 【直播间】407149 的第 46 个心跳包发送成功
[03:05:24 INF] 【直播间】11732699 的第 46 个心跳包发送成功
[03:05:26 INF] 【直播间】91164 的第 46 个心跳包发送成功
[03:05:27 INF] 【直播间】7184632 的第 46 个心跳包发送成功
[03:05:28 INF] 【直播间】23447660 的第 46 个心跳包发送成功
[03:05:29 INF] 【直播间】929670 的第 46 个心跳包发送成功
[03:05:31 INF] 【直播间】22764265 的第 46 个心跳包发送成功
[03:06:23 INF] 【直播间】23357926 的第 47 个心跳包发送成功
[03:06:24 INF] 【直播间】23040372 的第 47 个心跳包发送成功
[03:06:26 INF] 【直播间】31494 的第 47 个心跳包发送成功
[03:06:27 INF] 【直播间】4015781 的第 47 个心跳包发送成功
[03:06:28 INF] 【直播间】9619073 的第 47 个心跳包发送成功
[03:06:29 INF] 【直播间】407149 的第 47 个心跳包发送成功
[03:06:31 INF] 【直播间】11732699 的第 47 个心跳包发送成功
[03:06:32 INF] 【直播间】91164 的第 47 个心跳包发送成功
[03:06:33 INF] 【直播间】7184632 的第 47 个心跳包发送成功
[03:06:34 INF] 【直播间】23447660 的第 47 个心跳包发送成功
[03:06:36 INF] 【直播间】929670 的第 47 个心跳包发送成功
[03:06:37 INF] 【直播间】22764265 的第 47 个心跳包发送成功
[03:07:29 INF] 【直播间】23357926 的第 48 个心跳包发送成功
[03:07:31 INF] 【直播间】23040372 的第 48 个心跳包发送成功
[03:07:32 INF] 【直播间】31494 的第 48 个心跳包发送成功
[03:07:33 INF] 【直播间】4015781 的第 48 个心跳包发送成功
[03:07:35 INF] 【直播间】9619073 的第 48 个心跳包发送成功
[03:07:36 INF] 【直播间】407149 的第 48 个心跳包发送成功
[03:07:37 INF] 【直播间】11732699 的第 48 个心跳包发送成功
[03:07:38 INF] 【直播间】91164 的第 48 个心跳包发送成功
[03:07:39 INF] 【直播间】7184632 的第 48 个心跳包发送成功
[03:07:41 INF] 【直播间】23447660 的第 48 个心跳包发送成功
[03:07:42 INF] 【直播间】929670 的第 48 个心跳包发送成功
[03:07:43 INF] 【直播间】22764265 的第 48 个心跳包发送成功
[03:08:36 INF] 【直播间】23357926 的第 49 个心跳包发送成功
[03:08:37 INF] 【直播间】23040372 的第 49 个心跳包发送成功
[03:08:38 INF] 【直播间】31494 的第 49 个心跳包发送成功
[03:08:39 INF] 【直播间】4015781 的第 49 个心跳包发送成功
[03:08:41 INF] 【直播间】9619073 的第 49 个心跳包发送成功
[03:08:42 INF] 【直播间】407149 的第 49 个心跳包发送成功
[03:08:43 INF] 【直播间】11732699 的第 49 个心跳包发送成功
[03:08:45 INF] 【直播间】91164 的第 49 个心跳包发送成功
[03:08:46 INF] 【直播间】7184632 的第 49 个心跳包发送成功
[03:08:47 INF] 【直播间】23447660 的第 49 个心跳包发送成功
[03:08:48 INF] 【直播间】929670 的第 49 个心跳包发送成功
[03:08:49 INF] 【直播间】22764265 的第 49 个心跳包发送成功
[03:09:42 INF] 【直播间】23357926 的第 50 个心跳包发送成功
[03:09:44 INF] 【直播间】23040372 的第 50 个心跳包发送成功
[03:09:45 INF] 【直播间】31494 的第 50 个心跳包发送成功
[03:09:46 INF] 【直播间】4015781 的第 50 个心跳包发送成功
[03:09:47 INF] 【直播间】9619073 的第 50 个心跳包发送成功
[03:09:49 INF] 【直播间】407149 的第 50 个心跳包发送成功
[03:09:50 INF] 【直播间】11732699 的第 50 个心跳包发送成功
[03:09:51 INF] 【直播间】91164 的第 50 个心跳包发送成功
[03:09:52 INF] 【直播间】7184632 的第 50 个心跳包发送成功
[03:09:53 INF] 【直播间】23447660 的第 50 个心跳包发送成功
[03:09:55 INF] 【直播间】929670 的第 50 个心跳包发送成功
[03:09:56 INF] 【直播间】22764265 的第 50 个心跳包发送成功
[03:10:49 INF] 【直播间】23357926 的第 51 个心跳包发送成功
[03:10:50 INF] 【直播间】23040372 的第 51 个心跳包发送成功
[03:10:51 INF] 【直播间】31494 的第 51 个心跳包发送成功
[03:10:52 INF] 【直播间】4015781 的第 51 个心跳包发送成功
[03:10:54 INF] 【直播间】9619073 的第 51 个心跳包发送成功
[03:10:55 INF] 【直播间】407149 的第 51 个心跳包发送成功
[03:10:56 INF] 【直播间】11732699 的第 51 个心跳包发送成功
[03:10:57 INF] 【直播间】91164 的第 51 个心跳包发送成功
[03:10:59 INF] 【直播间】7184632 的第 51 个心跳包发送成功
[03:11:00 INF] 【直播间】23447660 的第 51 个心跳包发送成功
[03:11:01 INF] 【直播间】929670 的第 51 个心跳包发送成功
[03:11:02 INF] 【直播间】22764265 的第 51 个心跳包发送成功
[03:11:55 INF] 【直播间】23357926 的第 52 个心跳包发送成功
[03:11:56 INF] 【直播间】23040372 的第 52 个心跳包发送成功
[03:11:57 INF] 【直播间】31494 的第 52 个心跳包发送成功
[03:11:59 INF] 【直播间】4015781 的第 52 个心跳包发送成功
[03:12:00 INF] 【直播间】9619073 的第 52 个心跳包发送成功
[03:12:01 INF] 【直播间】407149 的第 52 个心跳包发送成功
[03:12:02 INF] 【直播间】11732699 的第 52 个心跳包发送成功
[03:12:04 INF] 【直播间】91164 的第 52 个心跳包发送成功
[03:12:05 INF] 【直播间】7184632 的第 52 个心跳包发送成功
[03:12:06 INF] 【直播间】23447660 的第 52 个心跳包发送成功
[03:12:08 INF] 【直播间】929670 的第 52 个心跳包发送成功
[03:12:09 INF] 【直播间】22764265 的第 52 个心跳包发送成功
[03:13:01 INF] 【直播间】23357926 的第 53 个心跳包发送成功
[03:13:02 INF] 【直播间】23040372 的第 53 个心跳包发送成功
[03:13:04 INF] 【直播间】31494 的第 53 个心跳包发送成功
[03:13:05 INF] 【直播间】4015781 的第 53 个心跳包发送成功
[03:13:06 INF] 【直播间】9619073 的第 53 个心跳包发送成功
[03:13:07 INF] 【直播间】407149 的第 53 个心跳包发送成功
[03:13:09 INF] 【直播间】11732699 的第 53 个心跳包发送成功
[03:13:10 INF] 【直播间】91164 的第 53 个心跳包发送成功
[03:13:11 INF] 【直播间】7184632 的第 53 个心跳包发送成功
[03:13:13 INF] 【直播间】23447660 的第 53 个心跳包发送成功
[03:13:14 INF] 【直播间】929670 的第 53 个心跳包发送成功
[03:13:15 INF] 【直播间】22764265 的第 53 个心跳包发送成功
[03:14:08 INF] 【直播间】23357926 的第 54 个心跳包发送成功
[03:14:09 INF] 【直播间】23040372 的第 54 个心跳包发送成功
[03:14:10 INF] 【直播间】31494 的第 54 个心跳包发送成功
[03:14:11 INF] 【直播间】4015781 的第 54 个心跳包发送成功
[03:14:12 INF] 【直播间】9619073 的第 54 个心跳包发送成功
[03:14:14 INF] 【直播间】407149 的第 54 个心跳包发送成功
[03:14:15 INF] 【直播间】11732699 的第 54 个心跳包发送成功
[03:14:16 INF] 【直播间】91164 的第 54 个心跳包发送成功
[03:14:17 INF] 【直播间】7184632 的第 54 个心跳包发送成功
[03:14:19 INF] 【直播间】23447660 的第 54 个心跳包发送成功
[03:14:20 INF] 【直播间】929670 的第 54 个心跳包发送成功
[03:14:22 INF] 【直播间】22764265 的第 54 个心跳包发送成功
[03:15:14 INF] 【直播间】23357926 的第 55 个心跳包发送成功
[03:15:15 INF] 【直播间】23040372 的第 55 个心跳包发送成功
[03:15:16 INF] 【直播间】31494 的第 55 个心跳包发送成功
[03:15:18 INF] 【直播间】4015781 的第 55 个心跳包发送成功
[03:15:19 INF] 【直播间】9619073 的第 55 个心跳包发送成功
[03:15:20 INF] 【直播间】407149 的第 55 个心跳包发送成功
[03:15:21 INF] 【直播间】11732699 的第 55 个心跳包发送成功
[03:15:23 INF] 【直播间】91164 的第 55 个心跳包发送成功
[03:15:24 INF] 【直播间】7184632 的第 55 个心跳包发送成功
[03:15:25 INF] 【直播间】23447660 的第 55 个心跳包发送成功
[03:15:27 INF] 【直播间】929670 的第 55 个心跳包发送成功
[03:15:28 INF] 【直播间】22764265 的第 55 个心跳包发送成功
[03:16:20 INF] 【直播间】23357926 的第 56 个心跳包发送成功
[03:16:22 INF] 【直播间】23040372 的第 56 个心跳包发送成功
[03:16:23 INF] 【直播间】31494 的第 56 个心跳包发送成功
[03:16:24 INF] 【直播间】4015781 的第 56 个心跳包发送成功
[03:16:25 INF] 【直播间】9619073 的第 56 个心跳包发送成功
[03:16:26 INF] 【直播间】407149 的第 56 个心跳包发送成功
[03:16:28 INF] 【直播间】11732699 的第 56 个心跳包发送成功
[03:16:29 INF] 【直播间】91164 的第 56 个心跳包发送成功
[03:16:30 INF] 【直播间】7184632 的第 56 个心跳包发送成功
[03:16:31 INF] 【直播间】23447660 的第 56 个心跳包发送成功
[03:16:33 INF] 【直播间】929670 的第 56 个心跳包发送成功
[03:16:34 INF] 【直播间】22764265 的第 56 个心跳包发送成功
[03:17:27 INF] 【直播间】23357926 的第 57 个心跳包发送成功
[03:17:28 INF] 【直播间】23040372 的第 57 个心跳包发送成功
[03:17:29 INF] 【直播间】31494 的第 57 个心跳包发送成功
[03:17:30 INF] 【直播间】4015781 的第 57 个心跳包发送成功
[03:17:32 INF] 【直播间】9619073 的第 57 个心跳包发送成功
[03:17:33 ERR] 【心跳包】直播间 407149 发送失败
[03:17:33 ERR] 【原因】time check failed
[03:17:34 INF] 【直播间】11732699 的第 57 个心跳包发送成功
[03:17:35 INF] 【直播间】91164 的第 57 个心跳包发送成功
[03:17:36 INF] 【直播间】7184632 的第 57 个心跳包发送成功
[03:17:38 ERR] 【心跳包】直播间 23447660 发送失败
[03:17:38 ERR] 【原因】time check failed
[03:17:39 ERR] 【心跳包】直播间 929670 发送失败
[03:17:39 ERR] 【原因】time check failed
[03:17:41 INF] 【直播间】22764265 的第 57 个心跳包发送成功
[03:18:33 ERR] 【心跳包】直播间 23357926 发送失败
[03:18:33 ERR] 【原因】time check failed
[03:18:34 ERR] 【心跳包】直播间 23040372 发送失败
[03:18:34 ERR] 【原因】time check failed
[03:18:35 ERR] 【心跳包】直播间 31494 发送失败
[03:18:35 ERR] 【原因】time check failed
[03:18:36 ERR] 【心跳包】直播间 4015781 发送失败
[03:18:36 ERR] 【原因】time check failed
[03:18:38 ERR] 【心跳包】直播间 9619073 发送失败
[03:18:38 ERR] 【原因】time check failed
[03:18:39 INF] 【直播间】407149 的第 57 个心跳包发送成功
[03:18:40 ERR] 【心跳包】直播间 11732699 发送失败
[03:18:40 ERR] 【原因】time check failed
[03:18:41 ERR] 【心跳包】直播间 91164 发送失败
[03:18:41 ERR] 【原因】time check failed
[03:18:43 ERR] 【心跳包】直播间 7184632 发送失败
[03:18:43 ERR] 【原因】time check failed
[03:18:44 INF] 【直播间】23447660 的第 57 个心跳包发送成功
[03:18:45 INF] 【直播间】929670 的第 57 个心跳包发送成功
[03:18:47 ERR] 【心跳包】直播间 22764265 发送失败
[03:18:47 ERR] 【原因】time check failed
[03:19:39 INF] 【直播间】23357926 的第 58 个心跳包发送成功
[03:19:40 INF] 【直播间】23040372 的第 58 个心跳包发送成功
[03:19:42 INF] 【直播间】31494 的第 58 个心跳包发送成功
[03:19:43 INF] 【直播间】4015781 的第 58 个心跳包发送成功
[03:19:44 INF] 【直播间】9619073 的第 58 个心跳包发送成功
[03:19:45 INF] 【直播间】407149 的第 58 个心跳包发送成功
[03:19:47 INF] 【直播间】11732699 的第 58 个心跳包发送成功
[03:19:48 INF] 【直播间】91164 的第 58 个心跳包发送成功
[03:19:49 INF] 【直播间】7184632 的第 58 个心跳包发送成功
[03:19:50 INF] 【直播间】23447660 的第 58 个心跳包发送成功
[03:19:52 INF] 【直播间】929670 的第 58 个心跳包发送成功
[03:19:53 INF] 【直播间】22764265 的第 58 个心跳包发送成功
[03:20:46 INF] 【直播间】23357926 的第 59 个心跳包发送成功
[03:20:47 INF] 【直播间】23040372 的第 59 个心跳包发送成功
[03:20:48 INF] 【直播间】31494 的第 59 个心跳包发送成功
[03:20:50 INF] 【直播间】4015781 的第 59 个心跳包发送成功
[03:20:51 INF] 【直播间】9619073 的第 59 个心跳包发送成功
[03:20:52 INF] 【直播间】407149 的第 59 个心跳包发送成功
[03:20:53 INF] 【直播间】11732699 的第 59 个心跳包发送成功
[03:20:54 INF] 【直播间】91164 的第 59 个心跳包发送成功
[03:20:56 INF] 【直播间】7184632 的第 59 个心跳包发送成功
[03:20:57 INF] 【直播间】23447660 的第 59 个心跳包发送成功
[03:20:58 INF] 【直播间】929670 的第 59 个心跳包发送成功
[03:20:59 INF] 【直播间】22764265 的第 59 个心跳包发送成功
[03:21:52 INF] 【直播间】23357926 的第 60 个心跳包发送成功
[03:21:53 INF] 【直播间】23040372 的第 60 个心跳包发送成功
[03:21:55 INF] 【直播间】31494 的第 60 个心跳包发送成功
[03:21:56 INF] 【直播间】4015781 的第 60 个心跳包发送成功
[03:21:57 INF] 【直播间】9619073 的第 60 个心跳包发送成功
[03:21:59 INF] 【直播间】407149 的第 60 个心跳包发送成功
[03:22:00 INF] 【直播间】11732699 的第 60 个心跳包发送成功
[03:22:01 INF] 【直播间】91164 的第 60 个心跳包发送成功
[03:22:02 INF] 【直播间】7184632 的第 60 个心跳包发送成功
[03:22:04 INF] 【直播间】23447660 的第 60 个心跳包发送成功
[03:22:05 INF] 【直播间】929670 的第 60 个心跳包发送成功
[03:22:06 INF] 【直播间】22764265 的第 60 个心跳包发送成功
[03:22:59 INF] 【直播间】23357926 的第 61 个心跳包发送成功
[03:23:00 INF] 【直播间】23040372 的第 61 个心跳包发送成功
[03:23:01 INF] 【直播间】31494 的第 61 个心跳包发送成功
[03:23:03 INF] 【直播间】4015781 的第 61 个心跳包发送成功
[03:23:04 INF] 【直播间】9619073 的第 61 个心跳包发送成功
[03:23:05 INF] 【直播间】407149 的第 61 个心跳包发送成功
[03:23:06 INF] 【直播间】11732699 的第 61 个心跳包发送成功
[03:23:07 INF] 【直播间】91164 的第 61 个心跳包发送成功
[03:23:09 INF] 【直播间】7184632 的第 61 个心跳包发送成功
[03:23:10 INF] 【直播间】23447660 的第 61 个心跳包发送成功
[03:23:11 INF] 【直播间】929670 的第 61 个心跳包发送成功
[03:23:12 INF] 【直播间】22764265 的第 61 个心跳包发送成功
[03:24:05 INF] 【直播间】23357926 的第 62 个心跳包发送成功
[03:24:06 INF] 【直播间】23040372 的第 62 个心跳包发送成功
[03:24:08 INF] 【直播间】31494 的第 62 个心跳包发送成功
[03:24:09 INF] 【直播间】4015781 的第 62 个心跳包发送成功
[03:24:10 INF] 【直播间】9619073 的第 62 个心跳包发送成功
[03:24:11 INF] 【直播间】407149 的第 62 个心跳包发送成功
[03:24:12 INF] 【直播间】11732699 的第 62 个心跳包发送成功
[03:24:14 INF] 【直播间】91164 的第 62 个心跳包发送成功
[03:24:15 INF] 【直播间】7184632 的第 62 个心跳包发送成功
[03:24:16 INF] 【直播间】23447660 的第 62 个心跳包发送成功
[03:24:17 INF] 【直播间】929670 的第 62 个心跳包发送成功
[03:24:19 INF] 【直播间】22764265 的第 62 个心跳包发送成功
[03:25:11 INF] 【直播间】23357926 的第 63 个心跳包发送成功
[03:25:12 INF] 【直播间】23040372 的第 63 个心跳包发送成功
[03:25:14 INF] 【直播间】31494 的第 63 个心跳包发送成功
[03:25:15 INF] 【直播间】4015781 的第 63 个心跳包发送成功
[03:25:16 INF] 【直播间】9619073 的第 63 个心跳包发送成功
[03:25:18 INF] 【直播间】407149 的第 63 个心跳包发送成功
[03:25:19 INF] 【直播间】11732699 的第 63 个心跳包发送成功
[03:25:20 INF] 【直播间】91164 的第 63 个心跳包发送成功
[03:25:21 INF] 【直播间】7184632 的第 63 个心跳包发送成功
[03:25:23 INF] 【直播间】23447660 的第 63 个心跳包发送成功
[03:25:24 INF] 【直播间】929670 的第 63 个心跳包发送成功
[03:25:25 INF] 【直播间】22764265 的第 63 个心跳包发送成功
[03:26:18 INF] 【直播间】23357926 的第 64 个心跳包发送成功
[03:26:19 INF] 【直播间】23040372 的第 64 个心跳包发送成功
[03:26:20 INF] 【直播间】31494 的第 64 个心跳包发送成功
[03:26:22 INF] 【直播间】4015781 的第 64 个心跳包发送成功
[03:26:23 INF] 【直播间】9619073 的第 64 个心跳包发送成功
[03:26:24 INF] 【直播间】407149 的第 64 个心跳包发送成功
[03:26:25 INF] 【直播间】11732699 的第 64 个心跳包发送成功
[03:26:26 INF] 【直播间】91164 的第 64 个心跳包发送成功
[03:26:28 INF] 【直播间】7184632 的第 64 个心跳包发送成功
[03:26:29 INF] 【直播间】23447660 的第 64 个心跳包发送成功
[03:26:30 INF] 【直播间】929670 的第 64 个心跳包发送成功
[03:26:32 INF] 【直播间】22764265 的第 64 个心跳包发送成功
[03:27:24 INF] 【直播间】23357926 的第 65 个心跳包发送成功
[03:27:25 INF] 【直播间】23040372 的第 65 个心跳包发送成功
[03:27:27 INF] 【直播间】31494 的第 65 个心跳包发送成功
[03:27:28 INF] 【直播间】4015781 的第 65 个心跳包发送成功
[03:27:29 INF] 【直播间】9619073 的第 65 个心跳包发送成功
[03:27:30 INF] 【直播间】407149 的第 65 个心跳包发送成功
[03:27:31 INF] 【直播间】11732699 的第 65 个心跳包发送成功
[03:27:33 INF] 【直播间】91164 的第 65 个心跳包发送成功
[03:27:34 INF] 【直播间】7184632 的第 65 个心跳包发送成功
[03:27:35 INF] 【直播间】23447660 的第 65 个心跳包发送成功
[03:27:37 INF] 【直播间】929670 的第 65 个心跳包发送成功
[03:27:38 INF] 【直播间】22764265 的第 65 个心跳包发送成功
[03:28:30 INF] 【直播间】23357926 的第 66 个心跳包发送成功
[03:28:32 INF] 【直播间】23040372 的第 66 个心跳包发送成功
[03:28:33 INF] 【直播间】31494 的第 66 个心跳包发送成功
[03:28:34 INF] 【直播间】4015781 的第 66 个心跳包发送成功
[03:28:35 INF] 【直播间】9619073 的第 66 个心跳包发送成功
[03:28:37 INF] 【直播间】407149 的第 66 个心跳包发送成功
[03:28:38 INF] 【直播间】11732699 的第 66 个心跳包发送成功
[03:28:39 INF] 【直播间】91164 的第 66 个心跳包发送成功
[03:28:40 INF] 【直播间】7184632 的第 66 个心跳包发送成功
[03:28:42 INF] 【直播间】23447660 的第 66 个心跳包发送成功
[03:28:43 INF] 【直播间】929670 的第 66 个心跳包发送成功
[03:28:44 INF] 【直播间】22764265 的第 66 个心跳包发送成功
[03:29:37 INF] 【直播间】23357926 的第 67 个心跳包发送成功
[03:29:38 INF] 【直播间】23040372 的第 67 个心跳包发送成功
[03:29:39 INF] 【直播间】31494 的第 67 个心跳包发送成功
[03:29:40 INF] 【直播间】4015781 的第 67 个心跳包发送成功
[03:29:42 INF] 【直播间】9619073 的第 67 个心跳包发送成功
[03:29:43 INF] 【直播间】407149 的第 67 个心跳包发送成功
[03:29:44 INF] 【直播间】11732699 的第 67 个心跳包发送成功
[03:29:45 INF] 【直播间】91164 的第 67 个心跳包发送成功
[03:29:47 INF] 【直播间】7184632 的第 67 个心跳包发送成功
[03:29:48 INF] 【直播间】23447660 的第 67 个心跳包发送成功
[03:29:49 INF] 【直播间】929670 的第 67 个心跳包发送成功
[03:29:50 INF] 【直播间】22764265 的第 67 个心跳包发送成功
[03:30:43 INF] 【直播间】23357926 的第 68 个心跳包发送成功
[03:30:44 INF] 【直播间】23040372 的第 68 个心跳包发送成功
[03:30:46 INF] 【直播间】31494 的第 68 个心跳包发送成功
[03:30:47 INF] 【直播间】4015781 的第 68 个心跳包发送成功
[03:30:48 INF] 【直播间】9619073 的第 68 个心跳包发送成功
[03:30:49 INF] 【直播间】407149 的第 68 个心跳包发送成功
[03:30:50 INF] 【直播间】11732699 的第 68 个心跳包发送成功
[03:30:52 INF] 【直播间】91164 的第 68 个心跳包发送成功
[03:30:53 INF] 【直播间】7184632 的第 68 个心跳包发送成功
[03:30:54 INF] 【直播间】23447660 的第 68 个心跳包发送成功
[03:30:55 INF] 【直播间】929670 的第 68 个心跳包发送成功
[03:30:57 INF] 【直播间】22764265 的第 68 个心跳包发送成功
[03:31:50 INF] 【直播间】23357926 的第 69 个心跳包发送成功
[03:31:51 INF] 【直播间】23040372 的第 69 个心跳包发送成功
[03:31:52 INF] 【直播间】31494 的第 69 个心跳包发送成功
[03:31:53 INF] 【直播间】4015781 的第 69 个心跳包发送成功
[03:31:55 INF] 【直播间】9619073 的第 69 个心跳包发送成功
[03:31:56 INF] 【直播间】407149 的第 69 个心跳包发送成功
[03:31:57 INF] 【直播间】11732699 的第 69 个心跳包发送成功
[03:31:58 INF] 【直播间】91164 的第 69 个心跳包发送成功
[03:32:00 INF] 【直播间】7184632 的第 69 个心跳包发送成功
[03:32:01 INF] 【直播间】23447660 的第 69 个心跳包发送成功
[03:32:02 INF] 【直播间】929670 的第 69 个心跳包发送成功
[03:32:03 INF] 【直播间】22764265 的第 69 个心跳包发送成功
[03:32:56 INF] 【直播间】23357926 的第 70 个心跳包发送成功
[03:32:57 INF] 【直播间】23040372 的第 70 个心跳包发送成功
[03:32:58 INF] 【直播间】31494 的第 70 个心跳包发送成功
[03:33:00 INF] 【直播间】4015781 的第 70 个心跳包发送成功
[03:33:01 INF] 【直播间】9619073 的第 70 个心跳包发送成功
[03:33:02 INF] 【直播间】407149 的第 70 个心跳包发送成功
[03:33:03 INF] 【直播间】11732699 的第 70 个心跳包发送成功
[03:33:05 INF] 【直播间】91164 的第 70 个心跳包发送成功
[03:33:06 INF] 【直播间】7184632 的第 70 个心跳包发送成功
[03:33:07 INF] 【直播间】23447660 的第 70 个心跳包发送成功
[03:33:09 INF] 【直播间】929670 的第 70 个心跳包发送成功
[03:33:10 INF] 【直播间】22764265 的第 70 个心跳包发送成功
[03:33:10 INF] 【直播观看时长】完成情况：12/12 
[03:33:10 INF] ---------结束---------

[03:33:10 INF] ==========结束==========

[03:33:10 INF] ######### 账号 3 #########

[03:33:10 INF] =====开始 直播间互动 =====

[03:33:10 INF] ---开始 发送弹幕 ---
[03:33:10 INF] 检测到直播 Cookie 未正确配置，尝试自动配置中...
[03:33:15 INF] 直播 Cookie 配置成功！
[03:33:15 INF] 【获取直播列表】获取拥有粉丝牌的直播列表
[03:33:21 ERR] 【获取直播列表】失败
[03:33:21 ERR] 【原因】账号未登录
[03:33:21 ERR] 发送弹幕失败，继续其他任务。失败信息:Object reference not set to an instance of an object.

[03:33:21 INF] -------结束-------

[03:33:21 INF] ---开始 点赞直播间 ---
[03:33:21 INF] 【获取直播列表】获取拥有粉丝牌的直播列表
[03:33:25 ERR] 【获取直播列表】失败
[03:33:25 ERR] 【原因】账号未登录
[03:33:25 ERR] 点赞直播间失败，继续其他任务。失败信息:Object reference not set to an instance of an object.

[03:33:25 INF] --------结束--------

[03:33:25 INF] ---开始 直播时长挂机 ---
[03:33:25 INF] 【获取直播列表】获取拥有粉丝牌的直播列表
[03:33:30 ERR] 【获取直播列表】失败
[03:33:30 ERR] 【原因】账号未登录
[03:33:30 ERR] 直播时长挂机失败，继续其他任务。失败信息:Object reference not set to an instance of an object.

[03:33:30 INF] ---------结束---------

[03:33:30 INF] ==========结束==========

[03:33:30 INF] 

========================

 v2.0.1 开源 by https://github.com/RayWangQvQ/BiliBiliToolPro

[03:33:30 INF] ·开始推送·LiveFansMedal任务·
2023-10-30T19:33:30.4498069Z 开始推送到:PushPlus
2023-10-30T19:33:36.3030784Z Response status: OK.
2023-10-30T19:33:36.3031127Z Response content: {"code":999,"msg":"发送内容过大，不能超过2万字","data":null}.

[03:33:36 INF] 运行环境：Development
[03:33:36 INF] 应用目录：/home/runner/work/BiliBiliToolPro/BiliBiliToolPro/src/Ray.BiliBiliTool.Console/bin/Debug/net6.0/

[03:33:36 INF] 运行结束
