----------- ip 信息 ---------
{
  "ip": "40.86.29.112",
  "city": "Des Moines",
  "region": "Iowa",
  "country": "US",
  "loc": "41.6005,-93.6091",
  "org": "AS8075 Microsoft Corporation",
  "postal": "50307",
  "timezone": "America/Chicago",
  "readme": "https://ipinfo.io/missingauth"
} ---------- end ------------
  ____               ____    _   _____           _  
 |  _ \ __ _ _   _  | __ ) _| |_|_   _|__   ___ | | 
 | |_) / _` | | | | |  _ \(_) (_) | |/ _ \ / _ \| | 
 |  _ < (_| | |_| | | |_) | | | | | | (_) | (_) | | 
 |_| \_\__,_|\__, | |____/|_|_|_| |_|\___/ \___/|_| 
             |___/                                  

[00:30:24 INF] BiliBiliToolPro 开始运行...

[00:30:24 INF] 【账号个数】3个

[00:30:24 INF] 随机休眠1分钟

[00:31:24 INF] 【目标任务】LiveFansMedal
[00:31:24 INF] ######### 账号 1 #########

[00:31:25 INF] =====开始 直播间互动 =====

[00:31:25 INF] ---开始 发送弹幕 ---
[00:31:25 INF] 检测到直播 Cookie 未正确配置，尝试自动配置中...
[00:31:30 INF] 直播 Cookie 配置成功！
[00:31:30 INF] 【获取直播列表】获取拥有粉丝牌的直播列表
[00:31:35 INF] 【主播】Mark陌枫 
[00:31:48 INF] 【主播】KL_qiqi_ 
[00:32:06 INF] 【主播】苏打baka 
[00:32:21 INF] 【直播间】Mark陌枫
[00:32:21 INF] 【粉丝牌】馬楓
[00:32:21 INF] 正在发送弹幕...
[00:32:28 INF] 【直播间】KL_qiqi_
[00:32:28 INF] 【粉丝牌】qiqisb
[00:32:28 INF] 正在发送弹幕...
[00:32:32 INF] 【直播间】苏打baka
[00:32:32 INF] 【粉丝牌】碳酸钠
[00:32:32 INF] 正在发送弹幕...
[00:32:36 INF] -------结束-------

[00:32:36 INF] ---开始 点赞直播间 ---
[00:32:36 INF] 【获取直播列表】获取拥有粉丝牌的直播列表
[00:32:38 INF] 【弹幕发送】成功~，你和主播 Mark陌枫 的亲密值增加了100！
[00:32:40 INF] 【主播】Mark陌枫 
[00:32:41 INF] 【弹幕发送】成功~，你和主播 KL_qiqi_ 的亲密值增加了100！
[00:32:48 INF] 【弹幕发送】成功~，你和主播 苏打baka 的亲密值增加了100！
[00:32:57 INF] 【主播】KL_qiqi_ 
[00:33:17 INF] 【主播】苏打baka 
[00:33:37 INF] 【点赞直播间】23357926 完成
[00:33:44 INF] 【点赞直播间】407149 完成
[00:33:48 INF] --------结束--------

[00:33:48 INF] ---开始 直播时长挂机 ---
[00:33:48 INF] 【获取直播列表】获取拥有粉丝牌的直播列表
[00:33:48 INF] 【点赞直播间】23040372 完成
[00:33:54 INF] 【主播】Mark陌枫 
[00:34:10 INF] 【主播】KL_qiqi_ 
[00:34:29 INF] 【主播】苏打baka 
[00:34:52 INF] 【直播间】23357926 的第 1 个心跳包发送成功
[00:34:53 INF] 【直播间】407149 的第 1 个心跳包发送成功
[00:34:54 INF] 【直播间】23040372 的第 1 个心跳包发送成功
[00:35:58 INF] 【直播间】23357926 的第 2 个心跳包发送成功
[00:35:59 INF] 【直播间】407149 的第 2 个心跳包发送成功
[00:36:01 INF] 【直播间】23040372 的第 2 个心跳包发送成功
[00:37:05 INF] 【直播间】23357926 的第 3 个心跳包发送成功
[00:37:06 INF] 【直播间】407149 的第 3 个心跳包发送成功
[00:37:07 INF] 【直播间】23040372 的第 3 个心跳包发送成功
[00:38:11 INF] 【直播间】23357926 的第 4 个心跳包发送成功
[00:38:13 INF] 【直播间】407149 的第 4 个心跳包发送成功
[00:38:14 INF] 【直播间】23040372 的第 4 个心跳包发送成功
[00:39:18 INF] 【直播间】23357926 的第 5 个心跳包发送成功
[00:39:19 INF] 【直播间】407149 的第 5 个心跳包发送成功
[00:39:20 INF] 【直播间】23040372 的第 5 个心跳包发送成功
[00:40:24 INF] 【直播间】23357926 的第 6 个心跳包发送成功
[00:40:26 INF] 【直播间】407149 的第 6 个心跳包发送成功
[00:40:27 INF] 【直播间】23040372 的第 6 个心跳包发送成功
[00:41:31 INF] 【直播间】23357926 的第 7 个心跳包发送成功
[00:41:32 INF] 【直播间】407149 的第 7 个心跳包发送成功
[00:41:33 INF] 【直播间】23040372 的第 7 个心跳包发送成功
[00:42:37 INF] 【直播间】23357926 的第 8 个心跳包发送成功
[00:42:39 INF] 【直播间】407149 的第 8 个心跳包发送成功
[00:42:40 INF] 【直播间】23040372 的第 8 个心跳包发送成功
[00:43:44 INF] 【直播间】23357926 的第 9 个心跳包发送成功
[00:43:45 INF] 【直播间】407149 的第 9 个心跳包发送成功
[00:43:47 INF] 【直播间】23040372 的第 9 个心跳包发送成功
[00:44:50 INF] 【直播间】23357926 的第 10 个心跳包发送成功
[00:44:52 INF] 【直播间】407149 的第 10 个心跳包发送成功
[00:44:53 INF] 【直播间】23040372 的第 10 个心跳包发送成功
[00:45:57 INF] 【直播间】23357926 的第 11 个心跳包发送成功
[00:45:58 INF] 【直播间】407149 的第 11 个心跳包发送成功
[00:46:00 INF] 【直播间】23040372 的第 11 个心跳包发送成功
[00:47:04 INF] 【直播间】23357926 的第 12 个心跳包发送成功
[00:47:05 INF] 【直播间】407149 的第 12 个心跳包发送成功
[00:47:06 INF] 【直播间】23040372 的第 12 个心跳包发送成功
[00:48:10 INF] 【直播间】23357926 的第 13 个心跳包发送成功
[00:48:12 INF] 【直播间】407149 的第 13 个心跳包发送成功
[00:48:13 INF] 【直播间】23040372 的第 13 个心跳包发送成功
[00:49:17 INF] 【直播间】23357926 的第 14 个心跳包发送成功
[00:49:18 INF] 【直播间】407149 的第 14 个心跳包发送成功
[00:49:19 INF] 【直播间】23040372 的第 14 个心跳包发送成功
[00:50:23 ERR] 【心跳包】直播间 23357926 发送失败
[00:50:23 ERR] 【原因】time check failed
[00:50:25 ERR] 【心跳包】直播间 407149 发送失败
[00:50:25 ERR] 【原因】time check failed
[00:50:26 ERR] 【心跳包】直播间 23040372 发送失败
[00:50:26 ERR] 【原因】time check failed
[00:51:30 INF] 【直播间】23357926 的第 15 个心跳包发送成功
[00:51:31 INF] 【直播间】407149 的第 15 个心跳包发送成功
[00:51:32 INF] 【直播间】23040372 的第 15 个心跳包发送成功
[00:52:37 INF] 【直播间】23357926 的第 16 个心跳包发送成功
[00:52:38 INF] 【直播间】407149 的第 16 个心跳包发送成功
[00:52:39 INF] 【直播间】23040372 的第 16 个心跳包发送成功
[00:53:43 INF] 【直播间】23357926 的第 17 个心跳包发送成功
[00:53:45 INF] 【直播间】407149 的第 17 个心跳包发送成功
[00:53:46 INF] 【直播间】23040372 的第 17 个心跳包发送成功
[00:54:50 INF] 【直播间】23357926 的第 18 个心跳包发送成功
[00:54:51 INF] 【直播间】407149 的第 18 个心跳包发送成功
[00:54:52 INF] 【直播间】23040372 的第 18 个心跳包发送成功
[00:55:56 INF] 【直播间】23357926 的第 19 个心跳包发送成功
[00:55:57 INF] 【直播间】407149 的第 19 个心跳包发送成功
[00:55:59 INF] 【直播间】23040372 的第 19 个心跳包发送成功
[00:57:03 INF] 【直播间】23357926 的第 20 个心跳包发送成功
[00:57:04 INF] 【直播间】407149 的第 20 个心跳包发送成功
[00:57:05 INF] 【直播间】23040372 的第 20 个心跳包发送成功
[00:58:09 INF] 【直播间】23357926 的第 21 个心跳包发送成功
[00:58:10 INF] 【直播间】407149 的第 21 个心跳包发送成功
[00:58:12 INF] 【直播间】23040372 的第 21 个心跳包发送成功
[00:59:16 INF] 【直播间】23357926 的第 22 个心跳包发送成功
[00:59:17 INF] 【直播间】407149 的第 22 个心跳包发送成功
[00:59:18 INF] 【直播间】23040372 的第 22 个心跳包发送成功
[01:00:23 INF] 【直播间】23357926 的第 23 个心跳包发送成功
[01:00:24 INF] 【直播间】407149 的第 23 个心跳包发送成功
[01:00:25 INF] 【直播间】23040372 的第 23 个心跳包发送成功
[01:01:29 INF] 【直播间】23357926 的第 24 个心跳包发送成功
[01:01:30 INF] 【直播间】407149 的第 24 个心跳包发送成功
[01:01:32 INF] 【直播间】23040372 的第 24 个心跳包发送成功
[01:02:35 INF] 【直播间】23357926 的第 25 个心跳包发送成功
[01:02:37 INF] 【直播间】407149 的第 25 个心跳包发送成功
[01:02:38 INF] 【直播间】23040372 的第 25 个心跳包发送成功
[01:03:42 INF] 【直播间】23357926 的第 26 个心跳包发送成功
[01:03:43 INF] 【直播间】407149 的第 26 个心跳包发送成功
[01:03:44 INF] 【直播间】23040372 的第 26 个心跳包发送成功
[01:04:49 INF] 【直播间】23357926 的第 27 个心跳包发送成功
[01:04:50 INF] 【直播间】407149 的第 27 个心跳包发送成功
[01:04:51 INF] 【直播间】23040372 的第 27 个心跳包发送成功
[01:05:55 ERR] 【心跳包】直播间 23357926 发送失败
[01:05:55 ERR] 【原因】time check failed
[01:05:56 ERR] 【心跳包】直播间 407149 发送失败
[01:05:56 ERR] 【原因】time check failed
[01:05:58 ERR] 【心跳包】直播间 23040372 发送失败
[01:05:58 ERR] 【原因】time check failed
[01:07:01 INF] 【直播间】23357926 的第 28 个心跳包发送成功
[01:07:03 INF] 【直播间】407149 的第 28 个心跳包发送成功
[01:07:04 INF] 【直播间】23040372 的第 28 个心跳包发送成功
[01:08:08 INF] 【直播间】23357926 的第 29 个心跳包发送成功
[01:08:09 INF] 【直播间】407149 的第 29 个心跳包发送成功
[01:08:11 INF] 【直播间】23040372 的第 29 个心跳包发送成功
[01:09:14 INF] 【直播间】23357926 的第 30 个心跳包发送成功
[01:09:16 INF] 【直播间】407149 的第 30 个心跳包发送成功
[01:09:17 INF] 【直播间】23040372 的第 30 个心跳包发送成功
[01:10:22 INF] 【直播间】23357926 的第 31 个心跳包发送成功
[01:10:23 INF] 【直播间】407149 的第 31 个心跳包发送成功
[01:10:24 INF] 【直播间】23040372 的第 31 个心跳包发送成功
[01:11:28 INF] 【直播间】23357926 的第 32 个心跳包发送成功
[01:11:29 INF] 【直播间】407149 的第 32 个心跳包发送成功
[01:11:31 INF] 【直播间】23040372 的第 32 个心跳包发送成功
[01:12:34 INF] 【直播间】23357926 的第 33 个心跳包发送成功
[01:12:36 INF] 【直播间】407149 的第 33 个心跳包发送成功
[01:12:37 INF] 【直播间】23040372 的第 33 个心跳包发送成功
[01:13:41 INF] 【直播间】23357926 的第 34 个心跳包发送成功
[01:13:42 INF] 【直播间】407149 的第 34 个心跳包发送成功
[01:13:44 INF] 【直播间】23040372 的第 34 个心跳包发送成功
[01:14:48 INF] 【直播间】23357926 的第 35 个心跳包发送成功
[01:14:49 INF] 【直播间】407149 的第 35 个心跳包发送成功
[01:14:50 INF] 【直播间】23040372 的第 35 个心跳包发送成功
[01:15:55 INF] 【直播间】23357926 的第 36 个心跳包发送成功
[01:15:56 INF] 【直播间】407149 的第 36 个心跳包发送成功
[01:15:57 INF] 【直播间】23040372 的第 36 个心跳包发送成功
[01:17:01 INF] 【直播间】23357926 的第 37 个心跳包发送成功
[01:17:02 INF] 【直播间】407149 的第 37 个心跳包发送成功
[01:17:03 INF] 【直播间】23040372 的第 37 个心跳包发送成功
[01:18:07 INF] 【直播间】23357926 的第 38 个心跳包发送成功
[01:18:09 INF] 【直播间】407149 的第 38 个心跳包发送成功
[01:18:10 INF] 【直播间】23040372 的第 38 个心跳包发送成功
[01:19:14 INF] 【直播间】23357926 的第 39 个心跳包发送成功
[01:19:15 INF] 【直播间】407149 的第 39 个心跳包发送成功
[01:19:16 INF] 【直播间】23040372 的第 39 个心跳包发送成功
[01:20:20 INF] 【直播间】23357926 的第 40 个心跳包发送成功
[01:20:21 INF] 【直播间】407149 的第 40 个心跳包发送成功
[01:20:23 INF] 【直播间】23040372 的第 40 个心跳包发送成功
[01:21:27 ERR] 【心跳包】直播间 23357926 发送失败
[01:21:27 ERR] 【原因】time check failed
[01:21:28 ERR] 【心跳包】直播间 407149 发送失败
[01:21:28 ERR] 【原因】time check failed
[01:21:30 ERR] 【心跳包】直播间 23040372 发送失败
[01:21:30 ERR] 【原因】time check failed
[01:22:34 INF] 【直播间】23357926 的第 41 个心跳包发送成功
[01:22:35 INF] 【直播间】407149 的第 41 个心跳包发送成功
[01:22:36 INF] 【直播间】23040372 的第 41 个心跳包发送成功
[01:23:40 INF] 【直播间】23357926 的第 42 个心跳包发送成功
[01:23:41 INF] 【直播间】407149 的第 42 个心跳包发送成功
[01:23:43 INF] 【直播间】23040372 的第 42 个心跳包发送成功
[01:24:47 INF] 【直播间】23357926 的第 43 个心跳包发送成功
[01:24:48 INF] 【直播间】407149 的第 43 个心跳包发送成功
[01:24:49 INF] 【直播间】23040372 的第 43 个心跳包发送成功
[01:25:53 INF] 【直播间】23357926 的第 44 个心跳包发送成功
[01:25:54 INF] 【直播间】407149 的第 44 个心跳包发送成功
[01:25:55 INF] 【直播间】23040372 的第 44 个心跳包发送成功
[01:27:00 INF] 【直播间】23357926 的第 45 个心跳包发送成功
[01:27:01 INF] 【直播间】407149 的第 45 个心跳包发送成功
[01:27:02 INF] 【直播间】23040372 的第 45 个心跳包发送成功
[01:28:06 INF] 【直播间】23357926 的第 46 个心跳包发送成功
[01:28:08 INF] 【直播间】407149 的第 46 个心跳包发送成功
[01:28:09 INF] 【直播间】23040372 的第 46 个心跳包发送成功
[01:29:13 INF] 【直播间】23357926 的第 47 个心跳包发送成功
[01:29:14 INF] 【直播间】407149 的第 47 个心跳包发送成功
[01:29:15 INF] 【直播间】23040372 的第 47 个心跳包发送成功
[01:30:19 INF] 【直播间】23357926 的第 48 个心跳包发送成功
[01:30:20 INF] 【直播间】407149 的第 48 个心跳包发送成功
[01:30:22 INF] 【直播间】23040372 的第 48 个心跳包发送成功
[01:31:26 INF] 【直播间】23357926 的第 49 个心跳包发送成功
[01:31:27 INF] 【直播间】407149 的第 49 个心跳包发送成功
[01:31:28 INF] 【直播间】23040372 的第 49 个心跳包发送成功
[01:32:32 INF] 【直播间】23357926 的第 50 个心跳包发送成功
[01:32:34 INF] 【直播间】407149 的第 50 个心跳包发送成功
[01:32:35 INF] 【直播间】23040372 的第 50 个心跳包发送成功
[01:33:39 INF] 【直播间】23357926 的第 51 个心跳包发送成功
[01:33:40 INF] 【直播间】407149 的第 51 个心跳包发送成功
[01:33:41 INF] 【直播间】23040372 的第 51 个心跳包发送成功
[01:34:45 INF] 【直播间】23357926 的第 52 个心跳包发送成功
[01:34:47 INF] 【直播间】407149 的第 52 个心跳包发送成功
[01:34:48 INF] 【直播间】23040372 的第 52 个心跳包发送成功
[01:35:52 INF] 【直播间】23357926 的第 53 个心跳包发送成功
[01:35:53 INF] 【直播间】407149 的第 53 个心跳包发送成功
[01:35:54 INF] 【直播间】23040372 的第 53 个心跳包发送成功
[01:36:58 ERR] 【心跳包】直播间 23357926 发送失败
[01:36:58 ERR] 【原因】time check failed
[01:36:59 ERR] 【心跳包】直播间 407149 发送失败
[01:36:59 ERR] 【原因】time check failed
[01:37:01 INF] 【直播间】23040372 的第 54 个心跳包发送成功
[01:38:05 INF] 【直播间】23357926 的第 54 个心跳包发送成功
[01:38:06 INF] 【直播间】407149 的第 54 个心跳包发送成功
[01:38:08 ERR] 【心跳包】直播间 23040372 发送失败
[01:38:08 ERR] 【原因】time check failed
[01:39:12 INF] 【直播间】23357926 的第 55 个心跳包发送成功
[01:39:13 INF] 【直播间】407149 的第 55 个心跳包发送成功
[01:39:14 INF] 【直播间】23040372 的第 55 个心跳包发送成功
[01:40:18 INF] 【直播间】23357926 的第 56 个心跳包发送成功
[01:40:19 INF] 【直播间】407149 的第 56 个心跳包发送成功
[01:40:21 INF] 【直播间】23040372 的第 56 个心跳包发送成功
[01:41:24 INF] 【直播间】23357926 的第 57 个心跳包发送成功
[01:41:26 INF] 【直播间】407149 的第 57 个心跳包发送成功
[01:41:27 INF] 【直播间】23040372 的第 57 个心跳包发送成功
[01:42:31 INF] 【直播间】23357926 的第 58 个心跳包发送成功
[01:42:32 INF] 【直播间】407149 的第 58 个心跳包发送成功
[01:42:33 INF] 【直播间】23040372 的第 58 个心跳包发送成功
[01:43:38 INF] 【直播间】23357926 的第 59 个心跳包发送成功
[01:43:39 INF] 【直播间】407149 的第 59 个心跳包发送成功
[01:43:40 INF] 【直播间】23040372 的第 59 个心跳包发送成功
[01:44:44 INF] 【直播间】23357926 的第 60 个心跳包发送成功
[01:44:45 INF] 【直播间】407149 的第 60 个心跳包发送成功
[01:44:47 INF] 【直播间】23040372 的第 60 个心跳包发送成功
[01:45:51 INF] 【直播间】23357926 的第 61 个心跳包发送成功
[01:45:52 INF] 【直播间】407149 的第 61 个心跳包发送成功
[01:45:53 INF] 【直播间】23040372 的第 61 个心跳包发送成功
[01:46:57 INF] 【直播间】23357926 的第 62 个心跳包发送成功
[01:46:58 INF] 【直播间】407149 的第 62 个心跳包发送成功
[01:47:00 INF] 【直播间】23040372 的第 62 个心跳包发送成功
[01:48:04 INF] 【直播间】23357926 的第 63 个心跳包发送成功
[01:48:05 INF] 【直播间】407149 的第 63 个心跳包发送成功
[01:48:06 INF] 【直播间】23040372 的第 63 个心跳包发送成功
[01:49:10 INF] 【直播间】23357926 的第 64 个心跳包发送成功
[01:49:12 INF] 【直播间】407149 的第 64 个心跳包发送成功
[01:49:13 INF] 【直播间】23040372 的第 64 个心跳包发送成功
[01:50:17 INF] 【直播间】23357926 的第 65 个心跳包发送成功
[01:50:18 INF] 【直播间】407149 的第 65 个心跳包发送成功
[01:50:19 INF] 【直播间】23040372 的第 65 个心跳包发送成功
[01:51:23 INF] 【直播间】23357926 的第 66 个心跳包发送成功
[01:51:24 INF] 【直播间】407149 的第 66 个心跳包发送成功
[01:51:26 INF] 【直播间】23040372 的第 66 个心跳包发送成功
[01:52:30 ERR] 【心跳包】直播间 23357926 发送失败
[01:52:30 ERR] 【原因】time check failed
[01:52:31 ERR] 【心跳包】直播间 407149 发送失败
[01:52:31 ERR] 【原因】time check failed
[01:52:32 INF] 【直播间】23040372 的第 67 个心跳包发送成功
[01:53:36 INF] 【直播间】23357926 的第 67 个心跳包发送成功
[01:53:38 INF] 【直播间】407149 的第 67 个心跳包发送成功
[01:53:39 ERR] 【心跳包】直播间 23040372 发送失败
[01:53:39 ERR] 【原因】time check failed
[01:54:43 INF] 【直播间】23357926 的第 68 个心跳包发送成功
[01:54:44 INF] 【直播间】407149 的第 68 个心跳包发送成功
[01:54:46 INF] 【直播间】23040372 的第 68 个心跳包发送成功
[01:55:50 INF] 【直播间】23357926 的第 69 个心跳包发送成功
[01:55:51 INF] 【直播间】407149 的第 69 个心跳包发送成功
[01:55:52 INF] 【直播间】23040372 的第 69 个心跳包发送成功
[01:56:56 INF] 【直播间】23357926 的第 70 个心跳包发送成功
[01:56:57 INF] 【直播间】407149 的第 70 个心跳包发送成功
[01:56:58 INF] 【直播间】23040372 的第 70 个心跳包发送成功
[01:56:58 INF] 【直播观看时长】完成情况：3/3 
[01:56:58 INF] ---------结束---------

[01:56:58 INF] ==========结束==========

[01:56:58 INF] ######### 账号 2 #########

[01:56:58 INF] =====开始 直播间互动 =====

[01:56:58 INF] ---开始 发送弹幕 ---
[01:56:58 INF] 检测到直播 Cookie 未正确配置，尝试自动配置中...
[01:57:02 INF] 直播 Cookie 配置成功！
[01:57:02 INF] 【获取直播列表】获取拥有粉丝牌的直播列表
[01:57:06 INF] 【主播】Mark陌枫 
[01:57:17 INF] 【主播】苏打baka 
[01:57:33 INF] 【主播】特别中二的q3君 
[01:57:48 INF] 【主播】陈抱一 
[01:58:04 INF] 【主播】贪玩的小毅 
[01:58:19 INF] 【主播】KL_qiqi_ 
[01:58:36 INF] 【主播】记录生活的蛋黄派 
[01:58:57 INF] 【主播】FoFTG 
[01:59:15 INF] 【主播】悠悠球琛总 
[01:59:34 INF] 【主播】新石器公园 
[01:59:48 INF] 【主播】脏小豆 
[02:00:01 INF] 【主播】李船长笔记 
[02:00:19 INF] 【直播间】Mark陌枫
[02:00:19 INF] 【粉丝牌】馬楓
[02:00:19 INF] 正在发送弹幕...
[02:00:24 INF] 【直播间】苏打baka
[02:00:24 INF] 【粉丝牌】碳酸钠
[02:00:24 INF] 正在发送弹幕...
[02:00:27 INF] 【直播间】特别中二的q3君
[02:00:27 INF] 【粉丝牌】q3GG
[02:00:27 INF] 正在发送弹幕...
[02:00:32 INF] 【弹幕发送】成功~，你和主播 Mark陌枫 的亲密值增加了100！
[02:00:33 INF] 【直播间】陈抱一
[02:00:33 INF] 【粉丝牌】陈抱一
[02:00:33 INF] 正在发送弹幕...
[02:00:36 INF] 【弹幕发送】成功~，你和主播 苏打baka 的亲密值增加了100！
[02:00:38 INF] 【直播间】贪玩的小毅
[02:00:38 INF] 【粉丝牌】大大毅
[02:00:38 INF] 正在发送弹幕...
[02:00:41 INF] 【直播间】KL_qiqi_
[02:00:41 INF] 【粉丝牌】qiqisb
[02:00:41 INF] 正在发送弹幕...
[02:00:45 INF] 【弹幕发送】成功~，你和主播 特别中二的q3君 的亲密值增加了100！
[02:00:47 INF] 【弹幕发送】成功~，你和主播 陈抱一 的亲密值增加了100！
[02:00:47 INF] 【直播间】记录生活的蛋黄派
[02:00:47 INF] 【粉丝牌】派派派
[02:00:47 INF] 正在发送弹幕...
[02:00:52 INF] 【直播间】FoFTG
[02:00:52 INF] 【粉丝牌】FOFTG
[02:00:52 INF] 正在发送弹幕...
[02:00:54 INF] 【弹幕发送】成功~，你和主播 贪玩的小毅 的亲密值增加了100！
[02:00:54 INF] 【弹幕发送】成功~，你和主播 KL_qiqi_ 的亲密值增加了100！
[02:00:58 INF] 【直播间】悠悠球琛总
[02:00:58 INF] 【粉丝牌】i琛
[02:00:58 INF] 正在发送弹幕...
[02:01:02 INF] 【直播间】新石器公园
[02:01:02 INF] 【粉丝牌】东园主
[02:01:02 INF] 正在发送弹幕...
[02:01:03 INF] 【弹幕发送】成功~，你和主播 记录生活的蛋黄派 的亲密值增加了100！
[02:01:06 INF] 【直播间】脏小豆
[02:01:06 INF] 【粉丝牌】豆豆浆
[02:01:06 INF] 正在发送弹幕...
[02:01:09 INF] 【直播间】李船长笔记
[02:01:09 INF] 【粉丝牌】航海仕
[02:01:09 INF] 正在发送弹幕...
[02:01:09 INF] 【弹幕发送】成功~，你和主播 FoFTG 的亲密值增加了100！
[02:01:14 INF] -------结束-------

[02:01:14 INF] ---开始 点赞直播间 ---
[02:01:14 INF] 【获取直播列表】获取拥有粉丝牌的直播列表
[02:01:16 INF] 【弹幕发送】成功~，你和主播 悠悠球琛总 的亲密值增加了100！
[02:01:17 INF] 【主播】Mark陌枫 
[02:01:19 INF] 【弹幕发送】成功~，你和主播 新石器公园 的亲密值增加了100！
[02:01:21 INF] 【弹幕发送】成功~，你和主播 脏小豆 的亲密值增加了100！
[02:01:27 INF] 【弹幕发送】成功~，你和主播 李船长笔记 的亲密值增加了100！
[02:01:32 INF] 【主播】苏打baka 
[02:01:53 INF] 【主播】特别中二的q3君 
[02:02:08 INF] 【主播】陈抱一 
[02:02:23 INF] 【主播】贪玩的小毅 
[02:02:38 INF] 【主播】KL_qiqi_ 
[02:03:00 INF] 【主播】记录生活的蛋黄派 
[02:03:11 INF] 【主播】FoFTG 
[02:03:28 INF] 【主播】悠悠球琛总 
[02:03:44 INF] 【主播】新石器公园 
[02:03:57 INF] 【主播】脏小豆 
[02:04:08 INF] 【主播】李船长笔记 
[02:04:29 INF] 【点赞直播间】23357926 完成
[02:04:34 INF] 【点赞直播间】23040372 完成
[02:04:39 INF] 【点赞直播间】31494 完成
[02:04:43 INF] 【点赞直播间】4015781 完成
[02:04:50 INF] 【点赞直播间】9619073 完成
[02:04:54 INF] 【点赞直播间】407149 完成
[02:05:00 INF] 【点赞直播间】11732699 完成
[02:05:07 INF] 【点赞直播间】91164 完成
[02:05:12 INF] 【点赞直播间】7184632 完成
[02:05:15 INF] 【点赞直播间】23447660 完成
[02:05:19 INF] 【点赞直播间】929670 完成
[02:05:22 INF] --------结束--------

[02:05:22 INF] ---开始 直播时长挂机 ---
[02:05:22 INF] 【获取直播列表】获取拥有粉丝牌的直播列表
[02:05:22 INF] 【点赞直播间】22764265 完成
[02:05:29 INF] 【主播】Mark陌枫 
[02:05:42 INF] 【主播】苏打baka 
[02:06:01 INF] 【主播】特别中二的q3君 
[02:06:12 INF] 【主播】陈抱一 
[02:06:29 INF] 【主播】贪玩的小毅 
[02:06:44 INF] 【主播】KL_qiqi_ 
[02:07:01 INF] 【主播】记录生活的蛋黄派 
[02:07:21 INF] 【主播】FoFTG 
[02:07:39 INF] 【主播】悠悠球琛总 
[02:07:55 INF] 【主播】新石器公园 
[02:08:11 INF] 【主播】脏小豆 
[02:08:28 INF] 【主播】李船长笔记 
[02:08:41 INF] 【直播间】23357926 的第 1 个心跳包发送成功
[02:08:42 INF] 【直播间】23040372 的第 1 个心跳包发送成功
[02:08:43 INF] 【直播间】31494 的第 1 个心跳包发送成功
[02:08:45 INF] 【直播间】4015781 的第 1 个心跳包发送成功
[02:08:46 INF] 【直播间】9619073 的第 1 个心跳包发送成功
[02:08:47 INF] 【直播间】407149 的第 1 个心跳包发送成功
[02:08:48 INF] 【直播间】11732699 的第 1 个心跳包发送成功
[02:08:50 INF] 【直播间】91164 的第 1 个心跳包发送成功
[02:08:51 INF] 【直播间】7184632 的第 1 个心跳包发送成功
[02:08:52 INF] 【直播间】23447660 的第 1 个心跳包发送成功
[02:08:53 INF] 【直播间】929670 的第 1 个心跳包发送成功
[02:08:55 INF] 【直播间】22764265 的第 1 个心跳包发送成功
[02:09:47 INF] 【直播间】23357926 的第 2 个心跳包发送成功
[02:09:48 INF] 【直播间】23040372 的第 2 个心跳包发送成功
[02:09:50 INF] 【直播间】31494 的第 2 个心跳包发送成功
[02:09:51 INF] 【直播间】4015781 的第 2 个心跳包发送成功
[02:09:52 INF] 【直播间】9619073 的第 2 个心跳包发送成功
[02:09:54 INF] 【直播间】407149 的第 2 个心跳包发送成功
[02:09:55 INF] 【直播间】11732699 的第 2 个心跳包发送成功
[02:09:56 INF] 【直播间】91164 的第 2 个心跳包发送成功
[02:09:57 INF] 【直播间】7184632 的第 2 个心跳包发送成功
[02:09:59 INF] 【直播间】23447660 的第 2 个心跳包发送成功
[02:10:00 INF] 【直播间】929670 的第 2 个心跳包发送成功
[02:10:01 INF] 【直播间】22764265 的第 2 个心跳包发送成功
[02:10:54 INF] 【直播间】23357926 的第 3 个心跳包发送成功
[02:10:55 INF] 【直播间】23040372 的第 3 个心跳包发送成功
[02:10:56 INF] 【直播间】31494 的第 3 个心跳包发送成功
[02:10:58 INF] 【直播间】4015781 的第 3 个心跳包发送成功
[02:10:59 INF] 【直播间】9619073 的第 3 个心跳包发送成功
[02:11:00 INF] 【直播间】407149 的第 3 个心跳包发送成功
[02:11:01 INF] 【直播间】11732699 的第 3 个心跳包发送成功
[02:11:03 INF] 【直播间】91164 的第 3 个心跳包发送成功
[02:11:04 INF] 【直播间】7184632 的第 3 个心跳包发送成功
[02:11:05 INF] 【直播间】23447660 的第 3 个心跳包发送成功
[02:11:06 INF] 【直播间】929670 的第 3 个心跳包发送成功
[02:11:08 INF] 【直播间】22764265 的第 3 个心跳包发送成功
[02:12:00 INF] 【直播间】23357926 的第 4 个心跳包发送成功
[02:12:02 INF] 【直播间】23040372 的第 4 个心跳包发送成功
[02:12:03 INF] 【直播间】31494 的第 4 个心跳包发送成功
[02:12:04 INF] 【直播间】4015781 的第 4 个心跳包发送成功
[02:12:05 INF] 【直播间】9619073 的第 4 个心跳包发送成功
[02:12:07 INF] 【直播间】407149 的第 4 个心跳包发送成功
[02:12:08 INF] 【直播间】11732699 的第 4 个心跳包发送成功
[02:12:09 INF] 【直播间】91164 的第 4 个心跳包发送成功
[02:12:10 INF] 【直播间】7184632 的第 4 个心跳包发送成功
[02:12:12 INF] 【直播间】23447660 的第 4 个心跳包发送成功
[02:12:13 INF] 【直播间】929670 的第 4 个心跳包发送成功
[02:12:14 INF] 【直播间】22764265 的第 4 个心跳包发送成功
[02:13:07 INF] 【直播间】23357926 的第 5 个心跳包发送成功
[02:13:08 INF] 【直播间】23040372 的第 5 个心跳包发送成功
[02:13:09 INF] 【直播间】31494 的第 5 个心跳包发送成功
[02:13:11 INF] 【直播间】4015781 的第 5 个心跳包发送成功
[02:13:12 INF] 【直播间】9619073 的第 5 个心跳包发送成功
[02:13:13 INF] 【直播间】407149 的第 5 个心跳包发送成功
[02:13:14 INF] 【直播间】11732699 的第 5 个心跳包发送成功
[02:13:16 INF] 【直播间】91164 的第 5 个心跳包发送成功
[02:13:17 INF] 【直播间】7184632 的第 5 个心跳包发送成功
[02:13:18 INF] 【直播间】23447660 的第 5 个心跳包发送成功
[02:13:19 INF] 【直播间】929670 的第 5 个心跳包发送成功
[02:13:21 INF] 【直播间】22764265 的第 5 个心跳包发送成功
[02:14:14 INF] 【直播间】23357926 的第 6 个心跳包发送成功
[02:14:15 INF] 【直播间】23040372 的第 6 个心跳包发送成功
[02:14:16 INF] 【直播间】31494 的第 6 个心跳包发送成功
[02:14:17 INF] 【直播间】4015781 的第 6 个心跳包发送成功
[02:14:19 INF] 【直播间】9619073 的第 6 个心跳包发送成功
[02:14:20 INF] 【直播间】407149 的第 6 个心跳包发送成功
[02:14:21 INF] 【直播间】11732699 的第 6 个心跳包发送成功
[02:14:22 INF] 【直播间】91164 的第 6 个心跳包发送成功
[02:14:24 INF] 【直播间】7184632 的第 6 个心跳包发送成功
[02:14:25 INF] 【直播间】23447660 的第 6 个心跳包发送成功
[02:14:26 INF] 【直播间】929670 的第 6 个心跳包发送成功
[02:14:27 INF] 【直播间】22764265 的第 6 个心跳包发送成功
[02:15:20 INF] 【直播间】23357926 的第 7 个心跳包发送成功
[02:15:21 INF] 【直播间】23040372 的第 7 个心跳包发送成功
[02:15:22 INF] 【直播间】31494 的第 7 个心跳包发送成功
[02:15:24 INF] 【直播间】4015781 的第 7 个心跳包发送成功
[02:15:25 INF] 【直播间】9619073 的第 7 个心跳包发送成功
[02:15:26 INF] 【直播间】407149 的第 7 个心跳包发送成功
[02:15:27 INF] 【直播间】11732699 的第 7 个心跳包发送成功
[02:15:29 INF] 【直播间】91164 的第 7 个心跳包发送成功
[02:15:30 INF] 【直播间】7184632 的第 7 个心跳包发送成功
[02:15:31 INF] 【直播间】23447660 的第 7 个心跳包发送成功
[02:15:32 INF] 【直播间】929670 的第 7 个心跳包发送成功
[02:15:34 INF] 【直播间】22764265 的第 7 个心跳包发送成功
[02:16:27 INF] 【直播间】23357926 的第 8 个心跳包发送成功
[02:16:28 INF] 【直播间】23040372 的第 8 个心跳包发送成功
[02:16:29 INF] 【直播间】31494 的第 8 个心跳包发送成功
[02:16:31 INF] 【直播间】4015781 的第 8 个心跳包发送成功
[02:16:32 INF] 【直播间】9619073 的第 8 个心跳包发送成功
[02:16:33 INF] 【直播间】407149 的第 8 个心跳包发送成功
[02:16:34 INF] 【直播间】11732699 的第 8 个心跳包发送成功
[02:16:36 INF] 【直播间】91164 的第 8 个心跳包发送成功
[02:16:37 INF] 【直播间】7184632 的第 8 个心跳包发送成功
[02:16:38 INF] 【直播间】23447660 的第 8 个心跳包发送成功
[02:16:39 INF] 【直播间】929670 的第 8 个心跳包发送成功
[02:16:41 INF] 【直播间】22764265 的第 8 个心跳包发送成功
[02:17:33 INF] 【直播间】23357926 的第 9 个心跳包发送成功
[02:17:35 INF] 【直播间】23040372 的第 9 个心跳包发送成功
[02:17:36 INF] 【直播间】31494 的第 9 个心跳包发送成功
[02:17:37 INF] 【直播间】4015781 的第 9 个心跳包发送成功
[02:17:38 INF] 【直播间】9619073 的第 9 个心跳包发送成功
[02:17:40 INF] 【直播间】407149 的第 9 个心跳包发送成功
[02:17:41 INF] 【直播间】11732699 的第 9 个心跳包发送成功
[02:17:42 INF] 【直播间】91164 的第 9 个心跳包发送成功
[02:17:43 INF] 【直播间】7184632 的第 9 个心跳包发送成功
[02:17:45 INF] 【直播间】23447660 的第 9 个心跳包发送成功
[02:17:46 INF] 【直播间】929670 的第 9 个心跳包发送成功
[02:17:47 INF] 【直播间】22764265 的第 9 个心跳包发送成功
[02:18:40 INF] 【直播间】23357926 的第 10 个心跳包发送成功
[02:18:41 INF] 【直播间】23040372 的第 10 个心跳包发送成功
[02:18:42 INF] 【直播间】31494 的第 10 个心跳包发送成功
[02:18:44 INF] 【直播间】4015781 的第 10 个心跳包发送成功
[02:18:45 INF] 【直播间】9619073 的第 10 个心跳包发送成功
[02:18:46 INF] 【直播间】407149 的第 10 个心跳包发送成功
[02:18:47 INF] 【直播间】11732699 的第 10 个心跳包发送成功
[02:18:49 INF] 【直播间】91164 的第 10 个心跳包发送成功
[02:18:50 INF] 【直播间】7184632 的第 10 个心跳包发送成功
[02:18:51 INF] 【直播间】23447660 的第 10 个心跳包发送成功
[02:18:52 INF] 【直播间】929670 的第 10 个心跳包发送成功
[02:18:54 INF] 【直播间】22764265 的第 10 个心跳包发送成功
[02:19:47 INF] 【直播间】23357926 的第 11 个心跳包发送成功
[02:19:48 INF] 【直播间】23040372 的第 11 个心跳包发送成功
[02:19:49 INF] 【直播间】31494 的第 11 个心跳包发送成功
[02:19:50 INF] 【直播间】4015781 的第 11 个心跳包发送成功
[02:19:52 INF] 【直播间】9619073 的第 11 个心跳包发送成功
[02:19:53 INF] 【直播间】407149 的第 11 个心跳包发送成功
[02:19:54 INF] 【直播间】11732699 的第 11 个心跳包发送成功
[02:19:55 INF] 【直播间】91164 的第 11 个心跳包发送成功
[02:19:57 INF] 【直播间】7184632 的第 11 个心跳包发送成功
[02:19:58 INF] 【直播间】23447660 的第 11 个心跳包发送成功
[02:19:59 INF] 【直播间】929670 的第 11 个心跳包发送成功
[02:20:00 INF] 【直播间】22764265 的第 11 个心跳包发送成功
[02:20:53 INF] 【直播间】23357926 的第 12 个心跳包发送成功
[02:20:54 INF] 【直播间】23040372 的第 12 个心跳包发送成功
[02:20:56 INF] 【直播间】31494 的第 12 个心跳包发送成功
[02:20:57 INF] 【直播间】4015781 的第 12 个心跳包发送成功
[02:20:58 INF] 【直播间】9619073 的第 12 个心跳包发送成功
[02:20:59 INF] 【直播间】407149 的第 12 个心跳包发送成功
[02:21:01 INF] 【直播间】11732699 的第 12 个心跳包发送成功
[02:21:02 INF] 【直播间】91164 的第 12 个心跳包发送成功
[02:21:03 INF] 【直播间】7184632 的第 12 个心跳包发送成功
[02:21:04 INF] 【直播间】23447660 的第 12 个心跳包发送成功
[02:21:06 INF] 【直播间】929670 的第 12 个心跳包发送成功
[02:21:07 INF] 【直播间】22764265 的第 12 个心跳包发送成功
[02:22:00 INF] 【直播间】23357926 的第 13 个心跳包发送成功
[02:22:01 INF] 【直播间】23040372 的第 13 个心跳包发送成功
[02:22:03 INF] 【直播间】31494 的第 13 个心跳包发送成功
[02:22:04 INF] 【直播间】4015781 的第 13 个心跳包发送成功
[02:22:05 INF] 【直播间】9619073 的第 13 个心跳包发送成功
[02:22:07 INF] 【直播间】407149 的第 13 个心跳包发送成功
[02:22:08 INF] 【直播间】11732699 的第 13 个心跳包发送成功
[02:22:09 INF] 【直播间】91164 的第 13 个心跳包发送成功
[02:22:10 INF] 【直播间】7184632 的第 13 个心跳包发送成功
[02:22:12 INF] 【直播间】23447660 的第 13 个心跳包发送成功
[02:22:13 INF] 【直播间】929670 的第 13 个心跳包发送成功
[02:22:14 INF] 【直播间】22764265 的第 13 个心跳包发送成功
[02:23:06 INF] 【直播间】23357926 的第 14 个心跳包发送成功
[02:23:08 INF] 【直播间】23040372 的第 14 个心跳包发送成功
[02:23:09 INF] 【直播间】31494 的第 14 个心跳包发送成功
[02:23:10 INF] 【直播间】4015781 的第 14 个心跳包发送成功
[02:23:12 INF] 【直播间】9619073 的第 14 个心跳包发送成功
[02:23:13 INF] 【直播间】407149 的第 14 个心跳包发送成功
[02:23:14 INF] 【直播间】11732699 的第 14 个心跳包发送成功
[02:23:15 INF] 【直播间】91164 的第 14 个心跳包发送成功
[02:23:17 INF] 【直播间】7184632 的第 14 个心跳包发送成功
[02:23:18 INF] 【直播间】23447660 的第 14 个心跳包发送成功
[02:23:19 INF] 【直播间】929670 的第 14 个心跳包发送成功
[02:23:21 INF] 【直播间】22764265 的第 14 个心跳包发送成功
[02:24:13 ERR] 【心跳包】直播间 23357926 发送失败
[02:24:13 ERR] 【原因】time check failed
[02:24:14 ERR] 【心跳包】直播间 23040372 发送失败
[02:24:14 ERR] 【原因】time check failed
[02:24:15 ERR] 【心跳包】直播间 31494 发送失败
[02:24:15 ERR] 【原因】time check failed
[02:24:17 ERR] 【心跳包】直播间 4015781 发送失败
[02:24:17 ERR] 【原因】time check failed
[02:24:18 ERR] 【心跳包】直播间 9619073 发送失败
[02:24:18 ERR] 【原因】time check failed
[02:24:19 ERR] 【心跳包】直播间 407149 发送失败
[02:24:19 ERR] 【原因】time check failed
[02:24:20 ERR] 【心跳包】直播间 11732699 发送失败
[02:24:20 ERR] 【原因】time check failed
[02:24:22 ERR] 【心跳包】直播间 91164 发送失败
[02:24:22 ERR] 【原因】time check failed
[02:24:23 ERR] 【心跳包】直播间 7184632 发送失败
[02:24:23 ERR] 【原因】time check failed
[02:24:24 ERR] 【心跳包】直播间 23447660 发送失败
[02:24:24 ERR] 【原因】time check failed
[02:24:25 ERR] 【心跳包】直播间 929670 发送失败
[02:24:25 ERR] 【原因】time check failed
[02:24:27 ERR] 【心跳包】直播间 22764265 发送失败
[02:24:27 ERR] 【原因】time check failed
[02:25:20 INF] 【直播间】23357926 的第 15 个心跳包发送成功
[02:25:21 INF] 【直播间】23040372 的第 15 个心跳包发送成功
[02:25:22 INF] 【直播间】31494 的第 15 个心跳包发送成功
[02:25:23 INF] 【直播间】4015781 的第 15 个心跳包发送成功
[02:25:25 INF] 【直播间】9619073 的第 15 个心跳包发送成功
[02:25:26 INF] 【直播间】407149 的第 15 个心跳包发送成功
[02:25:27 INF] 【直播间】11732699 的第 15 个心跳包发送成功
[02:25:28 INF] 【直播间】91164 的第 15 个心跳包发送成功
[02:25:30 INF] 【直播间】7184632 的第 15 个心跳包发送成功
[02:25:31 INF] 【直播间】23447660 的第 15 个心跳包发送成功
[02:25:32 INF] 【直播间】929670 的第 15 个心跳包发送成功
[02:25:34 INF] 【直播间】22764265 的第 15 个心跳包发送成功
[02:26:26 INF] 【直播间】23357926 的第 16 个心跳包发送成功
[02:26:27 INF] 【直播间】23040372 的第 16 个心跳包发送成功
[02:26:28 INF] 【直播间】31494 的第 16 个心跳包发送成功
[02:26:30 INF] 【直播间】4015781 的第 16 个心跳包发送成功
[02:26:31 INF] 【直播间】9619073 的第 16 个心跳包发送成功
[02:26:32 INF] 【直播间】407149 的第 16 个心跳包发送成功
[02:26:33 INF] 【直播间】11732699 的第 16 个心跳包发送成功
[02:26:35 INF] 【直播间】91164 的第 16 个心跳包发送成功
[02:26:36 INF] 【直播间】7184632 的第 16 个心跳包发送成功
[02:26:37 INF] 【直播间】23447660 的第 16 个心跳包发送成功
[02:26:38 INF] 【直播间】929670 的第 16 个心跳包发送成功
[02:26:40 INF] 【直播间】22764265 的第 16 个心跳包发送成功
[02:27:33 INF] 【直播间】23357926 的第 17 个心跳包发送成功
[02:27:34 INF] 【直播间】23040372 的第 17 个心跳包发送成功
[02:27:35 INF] 【直播间】31494 的第 17 个心跳包发送成功
[02:27:36 INF] 【直播间】4015781 的第 17 个心跳包发送成功
[02:27:38 INF] 【直播间】9619073 的第 17 个心跳包发送成功
[02:27:39 INF] 【直播间】407149 的第 17 个心跳包发送成功
[02:27:40 INF] 【直播间】11732699 的第 17 个心跳包发送成功
[02:27:41 INF] 【直播间】91164 的第 17 个心跳包发送成功
[02:27:43 INF] 【直播间】7184632 的第 17 个心跳包发送成功
[02:27:44 INF] 【直播间】23447660 的第 17 个心跳包发送成功
[02:27:45 INF] 【直播间】929670 的第 17 个心跳包发送成功
[02:27:47 INF] 【直播间】22764265 的第 17 个心跳包发送成功
[02:28:39 INF] 【直播间】23357926 的第 18 个心跳包发送成功
[02:28:40 INF] 【直播间】23040372 的第 18 个心跳包发送成功
[02:28:42 INF] 【直播间】31494 的第 18 个心跳包发送成功
[02:28:43 INF] 【直播间】4015781 的第 18 个心跳包发送成功
[02:28:44 INF] 【直播间】9619073 的第 18 个心跳包发送成功
[02:28:45 INF] 【直播间】407149 的第 18 个心跳包发送成功
[02:28:47 INF] 【直播间】11732699 的第 18 个心跳包发送成功
[02:28:48 INF] 【直播间】91164 的第 18 个心跳包发送成功
[02:28:49 INF] 【直播间】7184632 的第 18 个心跳包发送成功
[02:28:50 INF] 【直播间】23447660 的第 18 个心跳包发送成功
[02:28:52 INF] 【直播间】929670 的第 18 个心跳包发送成功
[02:28:53 INF] 【直播间】22764265 的第 18 个心跳包发送成功
[02:29:46 INF] 【直播间】23357926 的第 19 个心跳包发送成功
[02:29:47 INF] 【直播间】23040372 的第 19 个心跳包发送成功
[02:29:48 INF] 【直播间】31494 的第 19 个心跳包发送成功
[02:29:49 INF] 【直播间】4015781 的第 19 个心跳包发送成功
[02:29:51 INF] 【直播间】9619073 的第 19 个心跳包发送成功
[02:29:52 INF] 【直播间】407149 的第 19 个心跳包发送成功
[02:29:53 INF] 【直播间】11732699 的第 19 个心跳包发送成功
[02:29:55 INF] 【直播间】91164 的第 19 个心跳包发送成功
[02:29:56 INF] 【直播间】7184632 的第 19 个心跳包发送成功
[02:29:57 INF] 【直播间】23447660 的第 19 个心跳包发送成功
[02:29:58 INF] 【直播间】929670 的第 19 个心跳包发送成功
[02:30:00 INF] 【直播间】22764265 的第 19 个心跳包发送成功
[02:30:52 INF] 【直播间】23357926 的第 20 个心跳包发送成功
[02:30:53 INF] 【直播间】23040372 的第 20 个心跳包发送成功
[02:30:55 INF] 【直播间】31494 的第 20 个心跳包发送成功
[02:30:56 INF] 【直播间】4015781 的第 20 个心跳包发送成功
[02:30:57 INF] 【直播间】9619073 的第 20 个心跳包发送成功
[02:30:58 INF] 【直播间】407149 的第 20 个心跳包发送成功
[02:31:00 INF] 【直播间】11732699 的第 20 个心跳包发送成功
[02:31:01 INF] 【直播间】91164 的第 20 个心跳包发送成功
[02:31:02 INF] 【直播间】7184632 的第 20 个心跳包发送成功
[02:31:03 INF] 【直播间】23447660 的第 20 个心跳包发送成功
[02:31:05 INF] 【直播间】929670 的第 20 个心跳包发送成功
[02:31:06 INF] 【直播间】22764265 的第 20 个心跳包发送成功
[02:31:59 INF] 【直播间】23357926 的第 21 个心跳包发送成功
[02:32:00 INF] 【直播间】23040372 的第 21 个心跳包发送成功
[02:32:01 INF] 【直播间】31494 的第 21 个心跳包发送成功
[02:32:02 INF] 【直播间】4015781 的第 21 个心跳包发送成功
[02:32:04 INF] 【直播间】9619073 的第 21 个心跳包发送成功
[02:32:05 INF] 【直播间】407149 的第 21 个心跳包发送成功
[02:32:06 INF] 【直播间】11732699 的第 21 个心跳包发送成功
[02:32:08 INF] 【直播间】91164 的第 21 个心跳包发送成功
[02:32:09 INF] 【直播间】7184632 的第 21 个心跳包发送成功
[02:32:10 INF] 【直播间】23447660 的第 21 个心跳包发送成功
[02:32:12 INF] 【直播间】929670 的第 21 个心跳包发送成功
[02:32:13 INF] 【直播间】22764265 的第 21 个心跳包发送成功
[02:33:05 INF] 【直播间】23357926 的第 22 个心跳包发送成功
[02:33:07 INF] 【直播间】23040372 的第 22 个心跳包发送成功
[02:33:08 INF] 【直播间】31494 的第 22 个心跳包发送成功
[02:33:09 INF] 【直播间】4015781 的第 22 个心跳包发送成功
[02:33:10 INF] 【直播间】9619073 的第 22 个心跳包发送成功
[02:33:12 INF] 【直播间】407149 的第 22 个心跳包发送成功
[02:33:13 INF] 【直播间】11732699 的第 22 个心跳包发送成功
[02:33:14 INF] 【直播间】91164 的第 22 个心跳包发送成功
[02:33:15 INF] 【直播间】7184632 的第 22 个心跳包发送成功
[02:33:17 INF] 【直播间】23447660 的第 22 个心跳包发送成功
[02:33:18 INF] 【直播间】929670 的第 22 个心跳包发送成功
[02:33:19 INF] 【直播间】22764265 的第 22 个心跳包发送成功
[02:34:12 INF] 【直播间】23357926 的第 23 个心跳包发送成功
[02:34:13 INF] 【直播间】23040372 的第 23 个心跳包发送成功
[02:34:14 INF] 【直播间】31494 的第 23 个心跳包发送成功
[02:34:16 INF] 【直播间】4015781 的第 23 个心跳包发送成功
[02:34:17 INF] 【直播间】9619073 的第 23 个心跳包发送成功
[02:34:18 INF] 【直播间】407149 的第 23 个心跳包发送成功
[02:34:19 INF] 【直播间】11732699 的第 23 个心跳包发送成功
[02:34:21 INF] 【直播间】91164 的第 23 个心跳包发送成功
[02:34:22 INF] 【直播间】7184632 的第 23 个心跳包发送成功
[02:34:23 INF] 【直播间】23447660 的第 23 个心跳包发送成功
[02:34:24 INF] 【直播间】929670 的第 23 个心跳包发送成功
[02:34:26 INF] 【直播间】22764265 的第 23 个心跳包发送成功
[02:35:18 INF] 【直播间】23357926 的第 24 个心跳包发送成功
[02:35:19 INF] 【直播间】23040372 的第 24 个心跳包发送成功
[02:35:21 INF] 【直播间】31494 的第 24 个心跳包发送成功
[02:35:22 INF] 【直播间】4015781 的第 24 个心跳包发送成功
[02:35:23 INF] 【直播间】9619073 的第 24 个心跳包发送成功
[02:35:24 INF] 【直播间】407149 的第 24 个心跳包发送成功
[02:35:26 INF] 【直播间】11732699 的第 24 个心跳包发送成功
[02:35:27 INF] 【直播间】91164 的第 24 个心跳包发送成功
[02:35:28 INF] 【直播间】7184632 的第 24 个心跳包发送成功
[02:35:29 INF] 【直播间】23447660 的第 24 个心跳包发送成功
[02:35:31 INF] 【直播间】929670 的第 24 个心跳包发送成功
[02:35:32 INF] 【直播间】22764265 的第 24 个心跳包发送成功
[02:36:25 INF] 【直播间】23357926 的第 25 个心跳包发送成功
[02:36:26 INF] 【直播间】23040372 的第 25 个心跳包发送成功
[02:36:27 INF] 【直播间】31494 的第 25 个心跳包发送成功
[02:36:29 INF] 【直播间】4015781 的第 25 个心跳包发送成功
[02:36:30 INF] 【直播间】9619073 的第 25 个心跳包发送成功
[02:36:31 INF] 【直播间】407149 的第 25 个心跳包发送成功
[02:36:32 INF] 【直播间】11732699 的第 25 个心跳包发送成功
[02:36:34 INF] 【直播间】91164 的第 25 个心跳包发送成功
[02:36:35 INF] 【直播间】7184632 的第 25 个心跳包发送成功
[02:36:36 INF] 【直播间】23447660 的第 25 个心跳包发送成功
[02:36:37 INF] 【直播间】929670 的第 25 个心跳包发送成功
[02:36:39 INF] 【直播间】22764265 的第 25 个心跳包发送成功
[02:37:31 INF] 【直播间】23357926 的第 26 个心跳包发送成功
[02:37:33 INF] 【直播间】23040372 的第 26 个心跳包发送成功
[02:37:34 INF] 【直播间】31494 的第 26 个心跳包发送成功
[02:37:35 INF] 【直播间】4015781 的第 26 个心跳包发送成功
[02:37:37 INF] 【直播间】9619073 的第 26 个心跳包发送成功
[02:37:38 INF] 【直播间】407149 的第 26 个心跳包发送成功
[02:37:39 INF] 【直播间】11732699 的第 26 个心跳包发送成功
[02:37:40 INF] 【直播间】91164 的第 26 个心跳包发送成功
[02:37:42 INF] 【直播间】7184632 的第 26 个心跳包发送成功
[02:37:43 INF] 【直播间】23447660 的第 26 个心跳包发送成功
[02:37:44 INF] 【直播间】929670 的第 26 个心跳包发送成功
[02:37:45 INF] 【直播间】22764265 的第 26 个心跳包发送成功
[02:38:38 INF] 【直播间】23357926 的第 27 个心跳包发送成功
[02:38:39 INF] 【直播间】23040372 的第 27 个心跳包发送成功
[02:38:41 INF] 【直播间】31494 的第 27 个心跳包发送成功
[02:38:42 INF] 【直播间】4015781 的第 27 个心跳包发送成功
[02:38:43 INF] 【直播间】9619073 的第 27 个心跳包发送成功
[02:38:44 INF] 【直播间】407149 的第 27 个心跳包发送成功
[02:38:46 INF] 【直播间】11732699 的第 27 个心跳包发送成功
[02:38:47 INF] 【直播间】91164 的第 27 个心跳包发送成功
[02:38:48 INF] 【直播间】7184632 的第 27 个心跳包发送成功
[02:38:50 INF] 【直播间】23447660 的第 27 个心跳包发送成功
[02:38:51 INF] 【直播间】929670 的第 27 个心跳包发送成功
[02:38:52 INF] 【直播间】22764265 的第 27 个心跳包发送成功
[02:39:45 ERR] 【心跳包】直播间 23357926 发送失败
[02:39:45 ERR] 【原因】time check failed
[02:39:46 ERR] 【心跳包】直播间 23040372 发送失败
[02:39:46 ERR] 【原因】time check failed
[02:39:47 ERR] 【心跳包】直播间 31494 发送失败
[02:39:47 ERR] 【原因】time check failed
[02:39:48 ERR] 【心跳包】直播间 4015781 发送失败
[02:39:48 ERR] 【原因】time check failed
[02:39:50 ERR] 【心跳包】直播间 9619073 发送失败
[02:39:50 ERR] 【原因】time check failed
[02:39:51 ERR] 【心跳包】直播间 407149 发送失败
[02:39:51 ERR] 【原因】time check failed
[02:39:52 ERR] 【心跳包】直播间 11732699 发送失败
[02:39:52 ERR] 【原因】time check failed
[02:39:53 ERR] 【心跳包】直播间 91164 发送失败
[02:39:53 ERR] 【原因】time check failed
[02:39:55 ERR] 【心跳包】直播间 7184632 发送失败
[02:39:55 ERR] 【原因】time check failed
[02:39:56 ERR] 【心跳包】直播间 23447660 发送失败
[02:39:56 ERR] 【原因】time check failed
[02:39:57 ERR] 【心跳包】直播间 929670 发送失败
[02:39:57 ERR] 【原因】time check failed
[02:39:58 ERR] 【心跳包】直播间 22764265 发送失败
[02:39:58 ERR] 【原因】time check failed
[02:40:51 INF] 【直播间】23357926 的第 28 个心跳包发送成功
[02:40:52 INF] 【直播间】23040372 的第 28 个心跳包发送成功
[02:40:54 INF] 【直播间】31494 的第 28 个心跳包发送成功
[02:40:55 INF] 【直播间】4015781 的第 28 个心跳包发送成功
[02:40:56 INF] 【直播间】9619073 的第 28 个心跳包发送成功
[02:40:57 INF] 【直播间】407149 的第 28 个心跳包发送成功
[02:40:59 INF] 【直播间】11732699 的第 28 个心跳包发送成功
[02:41:00 INF] 【直播间】91164 的第 28 个心跳包发送成功
[02:41:01 INF] 【直播间】7184632 的第 28 个心跳包发送成功
[02:41:02 INF] 【直播间】23447660 的第 28 个心跳包发送成功
[02:41:04 INF] 【直播间】929670 的第 28 个心跳包发送成功
[02:41:05 INF] 【直播间】22764265 的第 28 个心跳包发送成功
[02:41:58 INF] 【直播间】23357926 的第 29 个心跳包发送成功
[02:41:59 INF] 【直播间】23040372 的第 29 个心跳包发送成功
[02:42:00 INF] 【直播间】31494 的第 29 个心跳包发送成功
[02:42:01 INF] 【直播间】4015781 的第 29 个心跳包发送成功
[02:42:02 INF] 【直播间】9619073 的第 29 个心跳包发送成功
[02:42:04 INF] 【直播间】407149 的第 29 个心跳包发送成功
[02:42:05 INF] 【直播间】11732699 的第 29 个心跳包发送成功
[02:42:06 INF] 【直播间】91164 的第 29 个心跳包发送成功
[02:42:07 INF] 【直播间】7184632 的第 29 个心跳包发送成功
[02:42:09 INF] 【直播间】23447660 的第 29 个心跳包发送成功
[02:42:10 INF] 【直播间】929670 的第 29 个心跳包发送成功
[02:42:11 INF] 【直播间】22764265 的第 29 个心跳包发送成功
[02:43:04 INF] 【直播间】23357926 的第 30 个心跳包发送成功
[02:43:05 INF] 【直播间】23040372 的第 30 个心跳包发送成功
[02:43:07 INF] 【直播间】31494 的第 30 个心跳包发送成功
[02:43:08 INF] 【直播间】4015781 的第 30 个心跳包发送成功
[02:43:09 INF] 【直播间】9619073 的第 30 个心跳包发送成功
[02:43:10 INF] 【直播间】407149 的第 30 个心跳包发送成功
[02:43:12 INF] 【直播间】11732699 的第 30 个心跳包发送成功
[02:43:13 INF] 【直播间】91164 的第 30 个心跳包发送成功
[02:43:14 INF] 【直播间】7184632 的第 30 个心跳包发送成功
[02:43:15 INF] 【直播间】23447660 的第 30 个心跳包发送成功
[02:43:17 INF] 【直播间】929670 的第 30 个心跳包发送成功
[02:43:18 INF] 【直播间】22764265 的第 30 个心跳包发送成功
[02:44:11 INF] 【直播间】23357926 的第 31 个心跳包发送成功
[02:44:12 INF] 【直播间】23040372 的第 31 个心跳包发送成功
[02:44:13 INF] 【直播间】31494 的第 31 个心跳包发送成功
[02:44:15 INF] 【直播间】4015781 的第 31 个心跳包发送成功
[02:44:16 INF] 【直播间】9619073 的第 31 个心跳包发送成功
[02:44:17 INF] 【直播间】407149 的第 31 个心跳包发送成功
[02:44:18 INF] 【直播间】11732699 的第 31 个心跳包发送成功
[02:44:20 INF] 【直播间】91164 的第 31 个心跳包发送成功
[02:44:21 INF] 【直播间】7184632 的第 31 个心跳包发送成功
[02:44:22 INF] 【直播间】23447660 的第 31 个心跳包发送成功
[02:44:23 INF] 【直播间】929670 的第 31 个心跳包发送成功
[02:44:25 INF] 【直播间】22764265 的第 31 个心跳包发送成功
[02:45:17 INF] 【直播间】23357926 的第 32 个心跳包发送成功
[02:45:18 INF] 【直播间】23040372 的第 32 个心跳包发送成功
[02:45:20 INF] 【直播间】31494 的第 32 个心跳包发送成功
[02:45:21 INF] 【直播间】4015781 的第 32 个心跳包发送成功
[02:45:22 INF] 【直播间】9619073 的第 32 个心跳包发送成功
[02:45:24 INF] 【直播间】407149 的第 32 个心跳包发送成功
[02:45:25 INF] 【直播间】11732699 的第 32 个心跳包发送成功
[02:45:26 INF] 【直播间】91164 的第 32 个心跳包发送成功
[02:45:27 INF] 【直播间】7184632 的第 32 个心跳包发送成功
[02:45:29 INF] 【直播间】23447660 的第 32 个心跳包发送成功
[02:45:30 INF] 【直播间】929670 的第 32 个心跳包发送成功
[02:45:31 INF] 【直播间】22764265 的第 32 个心跳包发送成功
[02:46:24 INF] 【直播间】23357926 的第 33 个心跳包发送成功
[02:46:25 INF] 【直播间】23040372 的第 33 个心跳包发送成功
[02:46:26 INF] 【直播间】31494 的第 33 个心跳包发送成功
[02:46:28 INF] 【直播间】4015781 的第 33 个心跳包发送成功
[02:46:29 INF] 【直播间】9619073 的第 33 个心跳包发送成功
[02:46:30 INF] 【直播间】407149 的第 33 个心跳包发送成功
[02:46:31 INF] 【直播间】11732699 的第 33 个心跳包发送成功
[02:46:33 INF] 【直播间】91164 的第 33 个心跳包发送成功
[02:46:34 INF] 【直播间】7184632 的第 33 个心跳包发送成功
[02:46:35 INF] 【直播间】23447660 的第 33 个心跳包发送成功
[02:46:36 INF] 【直播间】929670 的第 33 个心跳包发送成功
[02:46:38 INF] 【直播间】22764265 的第 33 个心跳包发送成功
[02:47:30 INF] 【直播间】23357926 的第 34 个心跳包发送成功
[02:47:31 INF] 【直播间】23040372 的第 34 个心跳包发送成功
[02:47:33 INF] 【直播间】31494 的第 34 个心跳包发送成功
[02:47:34 INF] 【直播间】4015781 的第 34 个心跳包发送成功
[02:47:35 INF] 【直播间】9619073 的第 34 个心跳包发送成功
[02:47:36 INF] 【直播间】407149 的第 34 个心跳包发送成功
[02:47:38 INF] 【直播间】11732699 的第 34 个心跳包发送成功
[02:47:39 INF] 【直播间】91164 的第 34 个心跳包发送成功
[02:47:40 INF] 【直播间】7184632 的第 34 个心跳包发送成功
[02:47:41 INF] 【直播间】23447660 的第 34 个心跳包发送成功
[02:47:43 INF] 【直播间】929670 的第 34 个心跳包发送成功
[02:47:44 INF] 【直播间】22764265 的第 34 个心跳包发送成功
[02:48:37 INF] 【直播间】23357926 的第 35 个心跳包发送成功
[02:48:38 INF] 【直播间】23040372 的第 35 个心跳包发送成功
[02:48:39 INF] 【直播间】31494 的第 35 个心跳包发送成功
[02:48:40 INF] 【直播间】4015781 的第 35 个心跳包发送成功
[02:48:42 INF] 【直播间】9619073 的第 35 个心跳包发送成功
[02:48:43 INF] 【直播间】407149 的第 35 个心跳包发送成功
[02:48:44 INF] 【直播间】11732699 的第 35 个心跳包发送成功
[02:48:45 INF] 【直播间】91164 的第 35 个心跳包发送成功
[02:48:47 INF] 【直播间】7184632 的第 35 个心跳包发送成功
[02:48:48 INF] 【直播间】23447660 的第 35 个心跳包发送成功
[02:48:49 INF] 【直播间】929670 的第 35 个心跳包发送成功
[02:48:50 INF] 【直播间】22764265 的第 35 个心跳包发送成功
[02:49:43 INF] 【直播间】23357926 的第 36 个心跳包发送成功
[02:49:45 INF] 【直播间】23040372 的第 36 个心跳包发送成功
[02:49:46 INF] 【直播间】31494 的第 36 个心跳包发送成功
[02:49:47 INF] 【直播间】4015781 的第 36 个心跳包发送成功
[02:49:48 INF] 【直播间】9619073 的第 36 个心跳包发送成功
[02:49:50 INF] 【直播间】407149 的第 36 个心跳包发送成功
[02:49:51 INF] 【直播间】11732699 的第 36 个心跳包发送成功
[02:49:52 INF] 【直播间】91164 的第 36 个心跳包发送成功
[02:49:53 INF] 【直播间】7184632 的第 36 个心跳包发送成功
[02:49:54 INF] 【直播间】23447660 的第 36 个心跳包发送成功
[02:49:56 INF] 【直播间】929670 的第 36 个心跳包发送成功
[02:49:57 INF] 【直播间】22764265 的第 36 个心跳包发送成功
[02:50:50 INF] 【直播间】23357926 的第 37 个心跳包发送成功
[02:50:51 INF] 【直播间】23040372 的第 37 个心跳包发送成功
[02:50:52 INF] 【直播间】31494 的第 37 个心跳包发送成功
[02:50:54 INF] 【直播间】4015781 的第 37 个心跳包发送成功
[02:50:55 INF] 【直播间】9619073 的第 37 个心跳包发送成功
[02:50:56 INF] 【直播间】407149 的第 37 个心跳包发送成功
[02:50:57 INF] 【直播间】11732699 的第 37 个心跳包发送成功
[02:50:59 INF] 【直播间】91164 的第 37 个心跳包发送成功
[02:51:00 INF] 【直播间】7184632 的第 37 个心跳包发送成功
[02:51:01 INF] 【直播间】23447660 的第 37 个心跳包发送成功
[02:51:02 INF] 【直播间】929670 的第 37 个心跳包发送成功
[02:51:04 INF] 【直播间】22764265 的第 37 个心跳包发送成功
[02:51:56 INF] 【直播间】23357926 的第 38 个心跳包发送成功
[02:51:58 INF] 【直播间】23040372 的第 38 个心跳包发送成功
[02:51:59 INF] 【直播间】31494 的第 38 个心跳包发送成功
[02:52:00 INF] 【直播间】4015781 的第 38 个心跳包发送成功
[02:52:01 INF] 【直播间】9619073 的第 38 个心跳包发送成功
[02:52:03 INF] 【直播间】407149 的第 38 个心跳包发送成功
[02:52:04 INF] 【直播间】11732699 的第 38 个心跳包发送成功
[02:52:05 INF] 【直播间】91164 的第 38 个心跳包发送成功
[02:52:06 INF] 【直播间】7184632 的第 38 个心跳包发送成功
[02:52:08 INF] 【直播间】23447660 的第 38 个心跳包发送成功
[02:52:09 INF] 【直播间】929670 的第 38 个心跳包发送成功
[02:52:10 INF] 【直播间】22764265 的第 38 个心跳包发送成功
[02:53:03 INF] 【直播间】23357926 的第 39 个心跳包发送成功
[02:53:04 INF] 【直播间】23040372 的第 39 个心跳包发送成功
[02:53:05 INF] 【直播间】31494 的第 39 个心跳包发送成功
[02:53:07 INF] 【直播间】4015781 的第 39 个心跳包发送成功
[02:53:08 INF] 【直播间】9619073 的第 39 个心跳包发送成功
[02:53:09 INF] 【直播间】407149 的第 39 个心跳包发送成功
[02:53:10 INF] 【直播间】11732699 的第 39 个心跳包发送成功
[02:53:12 INF] 【直播间】91164 的第 39 个心跳包发送成功
[02:53:13 INF] 【直播间】7184632 的第 39 个心跳包发送成功
[02:53:14 INF] 【直播间】23447660 的第 39 个心跳包发送成功
[02:53:15 INF] 【直播间】929670 的第 39 个心跳包发送成功
[02:53:17 INF] 【直播间】22764265 的第 39 个心跳包发送成功
[02:54:09 INF] 【直播间】23357926 的第 40 个心跳包发送成功
[02:54:11 INF] 【直播间】23040372 的第 40 个心跳包发送成功
[02:54:12 INF] 【直播间】31494 的第 40 个心跳包发送成功
[02:54:13 INF] 【直播间】4015781 的第 40 个心跳包发送成功
[02:54:15 INF] 【直播间】9619073 的第 40 个心跳包发送成功
[02:54:16 INF] 【直播间】407149 的第 40 个心跳包发送成功
[02:54:17 INF] 【直播间】11732699 的第 40 个心跳包发送成功
[02:54:18 INF] 【直播间】91164 的第 40 个心跳包发送成功
[02:54:20 INF] 【直播间】7184632 的第 40 个心跳包发送成功
[02:54:21 INF] 【直播间】23447660 的第 40 个心跳包发送成功
[02:54:22 INF] 【直播间】929670 的第 40 个心跳包发送成功
[02:54:23 INF] 【直播间】22764265 的第 40 个心跳包发送成功
[02:55:16 ERR] 【心跳包】直播间 23357926 发送失败
[02:55:16 ERR] 【原因】time check failed
[02:55:17 ERR] 【心跳包】直播间 23040372 发送失败
[02:55:17 ERR] 【原因】time check failed
[02:55:19 ERR] 【心跳包】直播间 31494 发送失败
[02:55:19 ERR] 【原因】time check failed
[02:55:20 ERR] 【心跳包】直播间 4015781 发送失败
[02:55:20 ERR] 【原因】time check failed
[02:55:21 ERR] 【心跳包】直播间 9619073 发送失败
[02:55:21 ERR] 【原因】time check failed
[02:55:23 ERR] 【心跳包】直播间 407149 发送失败
[02:55:23 ERR] 【原因】time check failed
[02:55:24 ERR] 【心跳包】直播间 11732699 发送失败
[02:55:24 ERR] 【原因】time check failed
[02:55:25 ERR] 【心跳包】直播间 91164 发送失败
[02:55:25 ERR] 【原因】time check failed
[02:55:26 ERR] 【心跳包】直播间 7184632 发送失败
[02:55:26 ERR] 【原因】time check failed
[02:55:27 ERR] 【心跳包】直播间 23447660 发送失败
[02:55:27 ERR] 【原因】time check failed
[02:55:29 ERR] 【心跳包】直播间 929670 发送失败
[02:55:29 ERR] 【原因】time check failed
[02:55:30 ERR] 【心跳包】直播间 22764265 发送失败
[02:55:30 ERR] 【原因】time check failed
[02:56:23 INF] 【直播间】23357926 的第 41 个心跳包发送成功
[02:56:24 INF] 【直播间】23040372 的第 41 个心跳包发送成功
[02:56:25 INF] 【直播间】31494 的第 41 个心跳包发送成功
[02:56:26 INF] 【直播间】4015781 的第 41 个心跳包发送成功
[02:56:28 INF] 【直播间】9619073 的第 41 个心跳包发送成功
[02:56:29 INF] 【直播间】407149 的第 41 个心跳包发送成功
[02:56:30 INF] 【直播间】11732699 的第 41 个心跳包发送成功
[02:56:31 INF] 【直播间】91164 的第 41 个心跳包发送成功
[02:56:33 INF] 【直播间】7184632 的第 41 个心跳包发送成功
[02:56:34 INF] 【直播间】23447660 的第 41 个心跳包发送成功
[02:56:35 INF] 【直播间】929670 的第 41 个心跳包发送成功
[02:56:36 INF] 【直播间】22764265 的第 41 个心跳包发送成功
[02:57:29 INF] 【直播间】23357926 的第 42 个心跳包发送成功
[02:57:30 INF] 【直播间】23040372 的第 42 个心跳包发送成功
[02:57:32 INF] 【直播间】31494 的第 42 个心跳包发送成功
[02:57:33 INF] 【直播间】4015781 的第 42 个心跳包发送成功
[02:57:34 INF] 【直播间】9619073 的第 42 个心跳包发送成功
[02:57:35 INF] 【直播间】407149 的第 42 个心跳包发送成功
[02:57:37 INF] 【直播间】11732699 的第 42 个心跳包发送成功
[02:57:38 INF] 【直播间】91164 的第 42 个心跳包发送成功
[02:57:39 INF] 【直播间】7184632 的第 42 个心跳包发送成功
[02:57:40 INF] 【直播间】23447660 的第 42 个心跳包发送成功
[02:57:42 INF] 【直播间】929670 的第 42 个心跳包发送成功
[02:57:43 INF] 【直播间】22764265 的第 42 个心跳包发送成功
[02:58:35 INF] 【直播间】23357926 的第 43 个心跳包发送成功
[02:58:37 INF] 【直播间】23040372 的第 43 个心跳包发送成功
[02:58:38 INF] 【直播间】31494 的第 43 个心跳包发送成功
[02:58:39 INF] 【直播间】4015781 的第 43 个心跳包发送成功
[02:58:40 INF] 【直播间】9619073 的第 43 个心跳包发送成功
[02:58:42 INF] 【直播间】407149 的第 43 个心跳包发送成功
[02:58:43 INF] 【直播间】11732699 的第 43 个心跳包发送成功
[02:58:44 INF] 【直播间】91164 的第 43 个心跳包发送成功
[02:58:45 INF] 【直播间】7184632 的第 43 个心跳包发送成功
[02:58:47 INF] 【直播间】23447660 的第 43 个心跳包发送成功
[02:58:48 INF] 【直播间】929670 的第 43 个心跳包发送成功
[02:58:49 INF] 【直播间】22764265 的第 43 个心跳包发送成功
[02:59:42 INF] 【直播间】23357926 的第 44 个心跳包发送成功
[02:59:43 INF] 【直播间】23040372 的第 44 个心跳包发送成功
[02:59:44 INF] 【直播间】31494 的第 44 个心跳包发送成功
[02:59:46 INF] 【直播间】4015781 的第 44 个心跳包发送成功
[02:59:47 INF] 【直播间】9619073 的第 44 个心跳包发送成功
[02:59:48 INF] 【直播间】407149 的第 44 个心跳包发送成功
[02:59:49 INF] 【直播间】11732699 的第 44 个心跳包发送成功
[02:59:51 INF] 【直播间】91164 的第 44 个心跳包发送成功
[02:59:52 INF] 【直播间】7184632 的第 44 个心跳包发送成功
[02:59:53 INF] 【直播间】23447660 的第 44 个心跳包发送成功
[02:59:54 INF] 【直播间】929670 的第 44 个心跳包发送成功
[02:59:55 INF] 【直播间】22764265 的第 44 个心跳包发送成功
[03:00:49 INF] 【直播间】23357926 的第 45 个心跳包发送成功
[03:00:50 INF] 【直播间】23040372 的第 45 个心跳包发送成功
[03:00:51 INF] 【直播间】31494 的第 45 个心跳包发送成功
[03:00:52 INF] 【直播间】4015781 的第 45 个心跳包发送成功
[03:00:53 INF] 【直播间】9619073 的第 45 个心跳包发送成功
[03:00:55 INF] 【直播间】407149 的第 45 个心跳包发送成功
[03:00:56 INF] 【直播间】11732699 的第 45 个心跳包发送成功
[03:00:57 INF] 【直播间】91164 的第 45 个心跳包发送成功
[03:00:58 INF] 【直播间】7184632 的第 45 个心跳包发送成功
[03:01:00 INF] 【直播间】23447660 的第 45 个心跳包发送成功
[03:01:01 INF] 【直播间】929670 的第 45 个心跳包发送成功
[03:01:02 INF] 【直播间】22764265 的第 45 个心跳包发送成功
[03:01:55 INF] 【直播间】23357926 的第 46 个心跳包发送成功
[03:01:57 INF] 【直播间】23040372 的第 46 个心跳包发送成功
[03:01:58 INF] 【直播间】31494 的第 46 个心跳包发送成功
[03:01:59 INF] 【直播间】4015781 的第 46 个心跳包发送成功
[03:02:00 INF] 【直播间】9619073 的第 46 个心跳包发送成功
[03:02:02 INF] 【直播间】407149 的第 46 个心跳包发送成功
[03:02:03 INF] 【直播间】11732699 的第 46 个心跳包发送成功
[03:02:04 INF] 【直播间】91164 的第 46 个心跳包发送成功
[03:02:05 INF] 【直播间】7184632 的第 46 个心跳包发送成功
[03:02:07 INF] 【直播间】23447660 的第 46 个心跳包发送成功
[03:02:08 INF] 【直播间】929670 的第 46 个心跳包发送成功
[03:02:09 INF] 【直播间】22764265 的第 46 个心跳包发送成功
[03:03:02 INF] 【直播间】23357926 的第 47 个心跳包发送成功
[03:03:03 INF] 【直播间】23040372 的第 47 个心跳包发送成功
[03:03:04 INF] 【直播间】31494 的第 47 个心跳包发送成功
[03:03:06 INF] 【直播间】4015781 的第 47 个心跳包发送成功
[03:03:07 INF] 【直播间】9619073 的第 47 个心跳包发送成功
[03:03:08 INF] 【直播间】407149 的第 47 个心跳包发送成功
[03:03:10 INF] 【直播间】11732699 的第 47 个心跳包发送成功
[03:03:11 INF] 【直播间】91164 的第 47 个心跳包发送成功
[03:03:12 INF] 【直播间】7184632 的第 47 个心跳包发送成功
[03:03:14 INF] 【直播间】23447660 的第 47 个心跳包发送成功
[03:03:15 INF] 【直播间】929670 的第 47 个心跳包发送成功
[03:03:16 INF] 【直播间】22764265 的第 47 个心跳包发送成功
[03:04:08 INF] 【直播间】23357926 的第 48 个心跳包发送成功
[03:04:09 INF] 【直播间】23040372 的第 48 个心跳包发送成功
[03:04:11 INF] 【直播间】31494 的第 48 个心跳包发送成功
[03:04:12 INF] 【直播间】4015781 的第 48 个心跳包发送成功
[03:04:13 INF] 【直播间】9619073 的第 48 个心跳包发送成功
[03:04:15 INF] 【直播间】407149 的第 48 个心跳包发送成功
[03:04:16 INF] 【直播间】11732699 的第 48 个心跳包发送成功
[03:04:17 INF] 【直播间】91164 的第 48 个心跳包发送成功
[03:04:19 INF] 【直播间】7184632 的第 48 个心跳包发送成功
[03:04:20 INF] 【直播间】23447660 的第 48 个心跳包发送成功
[03:04:21 INF] 【直播间】929670 的第 48 个心跳包发送成功
[03:04:23 INF] 【直播间】22764265 的第 48 个心跳包发送成功
[03:05:15 INF] 【直播间】23357926 的第 49 个心跳包发送成功
[03:05:16 INF] 【直播间】23040372 的第 49 个心跳包发送成功
[03:05:17 INF] 【直播间】31494 的第 49 个心跳包发送成功
[03:05:18 INF] 【直播间】4015781 的第 49 个心跳包发送成功
[03:05:20 INF] 【直播间】9619073 的第 49 个心跳包发送成功
[03:05:21 INF] 【直播间】407149 的第 49 个心跳包发送成功
[03:05:22 INF] 【直播间】11732699 的第 49 个心跳包发送成功
[03:05:23 INF] 【直播间】91164 的第 49 个心跳包发送成功
[03:05:25 INF] 【直播间】7184632 的第 49 个心跳包发送成功
[03:05:26 INF] 【直播间】23447660 的第 49 个心跳包发送成功
[03:05:28 INF] 【直播间】929670 的第 49 个心跳包发送成功
[03:05:29 INF] 【直播间】22764265 的第 49 个心跳包发送成功
[03:06:21 INF] 【直播间】23357926 的第 50 个心跳包发送成功
[03:06:23 INF] 【直播间】23040372 的第 50 个心跳包发送成功
[03:06:24 INF] 【直播间】31494 的第 50 个心跳包发送成功
[03:06:25 INF] 【直播间】4015781 的第 50 个心跳包发送成功
[03:06:26 INF] 【直播间】9619073 的第 50 个心跳包发送成功
[03:06:27 INF] 【直播间】407149 的第 50 个心跳包发送成功
[03:06:29 INF] 【直播间】11732699 的第 50 个心跳包发送成功
[03:06:30 INF] 【直播间】91164 的第 50 个心跳包发送成功
[03:06:31 INF] 【直播间】7184632 的第 50 个心跳包发送成功
[03:06:32 INF] 【直播间】23447660 的第 50 个心跳包发送成功
[03:06:34 INF] 【直播间】929670 的第 50 个心跳包发送成功
[03:06:35 INF] 【直播间】22764265 的第 50 个心跳包发送成功
[03:07:28 INF] 【直播间】23357926 的第 51 个心跳包发送成功
[03:07:29 INF] 【直播间】23040372 的第 51 个心跳包发送成功
[03:07:30 INF] 【直播间】31494 的第 51 个心跳包发送成功
[03:07:32 INF] 【直播间】4015781 的第 51 个心跳包发送成功
[03:07:33 INF] 【直播间】9619073 的第 51 个心跳包发送成功
[03:07:34 INF] 【直播间】407149 的第 51 个心跳包发送成功
[03:07:35 INF] 【直播间】11732699 的第 51 个心跳包发送成功
[03:07:37 INF] 【直播间】91164 的第 51 个心跳包发送成功
[03:07:38 INF] 【直播间】7184632 的第 51 个心跳包发送成功
[03:07:39 INF] 【直播间】23447660 的第 51 个心跳包发送成功
[03:07:40 INF] 【直播间】929670 的第 51 个心跳包发送成功
[03:07:42 INF] 【直播间】22764265 的第 51 个心跳包发送成功
[03:08:34 INF] 【直播间】23357926 的第 52 个心跳包发送成功
[03:08:36 INF] 【直播间】23040372 的第 52 个心跳包发送成功
[03:08:37 INF] 【直播间】31494 的第 52 个心跳包发送成功
[03:08:38 INF] 【直播间】4015781 的第 52 个心跳包发送成功
[03:08:39 INF] 【直播间】9619073 的第 52 个心跳包发送成功
[03:08:41 INF] 【直播间】407149 的第 52 个心跳包发送成功
[03:08:42 INF] 【直播间】11732699 的第 52 个心跳包发送成功
[03:08:43 INF] 【直播间】91164 的第 52 个心跳包发送成功
[03:08:44 INF] 【直播间】7184632 的第 52 个心跳包发送成功
[03:08:45 INF] 【直播间】23447660 的第 52 个心跳包发送成功
[03:08:47 INF] 【直播间】929670 的第 52 个心跳包发送成功
[03:08:48 INF] 【直播间】22764265 的第 52 个心跳包发送成功
[03:09:41 INF] 【直播间】23357926 的第 53 个心跳包发送成功
[03:09:42 INF] 【直播间】23040372 的第 53 个心跳包发送成功
[03:09:43 INF] 【直播间】31494 的第 53 个心跳包发送成功
[03:09:44 INF] 【直播间】4015781 的第 53 个心跳包发送成功
[03:09:46 INF] 【直播间】9619073 的第 53 个心跳包发送成功
[03:09:47 INF] 【直播间】407149 的第 53 个心跳包发送成功
[03:09:48 INF] 【直播间】11732699 的第 53 个心跳包发送成功
[03:09:49 INF] 【直播间】91164 的第 53 个心跳包发送成功
[03:09:51 INF] 【直播间】7184632 的第 53 个心跳包发送成功
[03:09:52 INF] 【直播间】23447660 的第 53 个心跳包发送成功
[03:09:53 INF] 【直播间】929670 的第 53 个心跳包发送成功
[03:09:54 INF] 【直播间】22764265 的第 53 个心跳包发送成功
[03:10:47 ERR] 【心跳包】直播间 23357926 发送失败
[03:10:47 ERR] 【原因】time check failed
[03:10:48 ERR] 【心跳包】直播间 23040372 发送失败
[03:10:48 ERR] 【原因】time check failed
[03:10:49 ERR] 【心跳包】直播间 31494 发送失败
[03:10:49 ERR] 【原因】time check failed
[03:10:51 ERR] 【心跳包】直播间 4015781 发送失败
[03:10:51 ERR] 【原因】time check failed
[03:10:52 ERR] 【心跳包】直播间 9619073 发送失败
[03:10:52 ERR] 【原因】time check failed
[03:10:53 ERR] 【心跳包】直播间 407149 发送失败
[03:10:53 ERR] 【原因】time check failed
[03:10:54 INF] 【直播间】11732699 的第 54 个心跳包发送成功
[03:10:56 INF] 【直播间】91164 的第 54 个心跳包发送成功
[03:10:57 ERR] 【心跳包】直播间 7184632 发送失败
[03:10:57 ERR] 【原因】time check failed
[03:10:58 ERR] 【心跳包】直播间 23447660 发送失败
[03:10:58 ERR] 【原因】time check failed
[03:10:59 INF] 【直播间】929670 的第 54 个心跳包发送成功
[03:11:00 INF] 【直播间】22764265 的第 54 个心跳包发送成功
[03:11:54 INF] 【直播间】23357926 的第 54 个心跳包发送成功
[03:11:55 INF] 【直播间】23040372 的第 54 个心跳包发送成功
[03:11:56 INF] 【直播间】31494 的第 54 个心跳包发送成功
[03:11:57 INF] 【直播间】4015781 的第 54 个心跳包发送成功
[03:11:59 INF] 【直播间】9619073 的第 54 个心跳包发送成功
[03:12:00 INF] 【直播间】407149 的第 54 个心跳包发送成功
[03:12:01 ERR] 【心跳包】直播间 11732699 发送失败
[03:12:01 ERR] 【原因】time check failed
[03:12:03 ERR] 【心跳包】直播间 91164 发送失败
[03:12:03 ERR] 【原因】time check failed
[03:12:04 INF] 【直播间】7184632 的第 54 个心跳包发送成功
[03:12:05 INF] 【直播间】23447660 的第 54 个心跳包发送成功
[03:12:06 ERR] 【心跳包】直播间 929670 发送失败
[03:12:06 ERR] 【原因】time check failed
[03:12:08 ERR] 【心跳包】直播间 22764265 发送失败
[03:12:08 ERR] 【原因】time check failed
[03:13:00 INF] 【直播间】23357926 的第 55 个心跳包发送成功
[03:13:02 INF] 【直播间】23040372 的第 55 个心跳包发送成功
[03:13:03 INF] 【直播间】31494 的第 55 个心跳包发送成功
[03:13:04 INF] 【直播间】4015781 的第 55 个心跳包发送成功
[03:13:05 INF] 【直播间】9619073 的第 55 个心跳包发送成功
[03:13:07 INF] 【直播间】407149 的第 55 个心跳包发送成功
[03:13:08 INF] 【直播间】11732699 的第 55 个心跳包发送成功
[03:13:09 INF] 【直播间】91164 的第 55 个心跳包发送成功
[03:13:10 INF] 【直播间】7184632 的第 55 个心跳包发送成功
[03:13:11 INF] 【直播间】23447660 的第 55 个心跳包发送成功
[03:13:13 INF] 【直播间】929670 的第 55 个心跳包发送成功
[03:13:14 INF] 【直播间】22764265 的第 55 个心跳包发送成功
[03:14:07 INF] 【直播间】23357926 的第 56 个心跳包发送成功
[03:14:08 INF] 【直播间】23040372 的第 56 个心跳包发送成功
[03:14:09 INF] 【直播间】31494 的第 56 个心跳包发送成功
[03:14:11 INF] 【直播间】4015781 的第 56 个心跳包发送成功
[03:14:12 INF] 【直播间】9619073 的第 56 个心跳包发送成功
[03:14:13 INF] 【直播间】407149 的第 56 个心跳包发送成功
[03:14:14 INF] 【直播间】11732699 的第 56 个心跳包发送成功
[03:14:16 INF] 【直播间】91164 的第 56 个心跳包发送成功
[03:14:17 INF] 【直播间】7184632 的第 56 个心跳包发送成功
[03:14:18 INF] 【直播间】23447660 的第 56 个心跳包发送成功
[03:14:19 INF] 【直播间】929670 的第 56 个心跳包发送成功
[03:14:21 INF] 【直播间】22764265 的第 56 个心跳包发送成功
[03:15:13 INF] 【直播间】23357926 的第 57 个心跳包发送成功
[03:15:14 INF] 【直播间】23040372 的第 57 个心跳包发送成功
[03:15:16 INF] 【直播间】31494 的第 57 个心跳包发送成功
[03:15:17 INF] 【直播间】4015781 的第 57 个心跳包发送成功
[03:15:18 INF] 【直播间】9619073 的第 57 个心跳包发送成功
[03:15:19 INF] 【直播间】407149 的第 57 个心跳包发送成功
[03:15:21 INF] 【直播间】11732699 的第 57 个心跳包发送成功
[03:15:22 INF] 【直播间】91164 的第 57 个心跳包发送成功
[03:15:23 INF] 【直播间】7184632 的第 57 个心跳包发送成功
[03:15:24 INF] 【直播间】23447660 的第 57 个心跳包发送成功
[03:15:26 INF] 【直播间】929670 的第 57 个心跳包发送成功
[03:15:27 INF] 【直播间】22764265 的第 57 个心跳包发送成功
[03:16:20 INF] 【直播间】23357926 的第 58 个心跳包发送成功
[03:16:21 INF] 【直播间】23040372 的第 58 个心跳包发送成功
[03:16:22 INF] 【直播间】31494 的第 58 个心跳包发送成功
[03:16:23 INF] 【直播间】4015781 的第 58 个心跳包发送成功
[03:16:24 INF] 【直播间】9619073 的第 58 个心跳包发送成功
[03:16:26 INF] 【直播间】407149 的第 58 个心跳包发送成功
[03:16:27 INF] 【直播间】11732699 的第 58 个心跳包发送成功
[03:16:28 INF] 【直播间】91164 的第 58 个心跳包发送成功
[03:16:29 INF] 【直播间】7184632 的第 58 个心跳包发送成功
[03:16:31 INF] 【直播间】23447660 的第 58 个心跳包发送成功
[03:16:32 INF] 【直播间】929670 的第 58 个心跳包发送成功
[03:16:33 INF] 【直播间】22764265 的第 58 个心跳包发送成功
[03:17:26 INF] 【直播间】23357926 的第 59 个心跳包发送成功
[03:17:27 INF] 【直播间】23040372 的第 59 个心跳包发送成功
[03:17:29 INF] 【直播间】31494 的第 59 个心跳包发送成功
[03:17:30 INF] 【直播间】4015781 的第 59 个心跳包发送成功
[03:17:31 INF] 【直播间】9619073 的第 59 个心跳包发送成功
[03:17:32 INF] 【直播间】407149 的第 59 个心跳包发送成功
[03:17:34 INF] 【直播间】11732699 的第 59 个心跳包发送成功
[03:17:35 INF] 【直播间】91164 的第 59 个心跳包发送成功
[03:17:36 INF] 【直播间】7184632 的第 59 个心跳包发送成功
[03:17:37 INF] 【直播间】23447660 的第 59 个心跳包发送成功
[03:17:38 INF] 【直播间】929670 的第 59 个心跳包发送成功
[03:17:40 INF] 【直播间】22764265 的第 59 个心跳包发送成功
[03:18:32 INF] 【直播间】23357926 的第 60 个心跳包发送成功
[03:18:34 INF] 【直播间】23040372 的第 60 个心跳包发送成功
[03:18:35 INF] 【直播间】31494 的第 60 个心跳包发送成功
[03:18:36 INF] 【直播间】4015781 的第 60 个心跳包发送成功
[03:18:37 INF] 【直播间】9619073 的第 60 个心跳包发送成功
[03:18:39 INF] 【直播间】407149 的第 60 个心跳包发送成功
[03:18:40 INF] 【直播间】11732699 的第 60 个心跳包发送成功
[03:18:41 INF] 【直播间】91164 的第 60 个心跳包发送成功
[03:18:42 INF] 【直播间】7184632 的第 60 个心跳包发送成功
[03:18:44 INF] 【直播间】23447660 的第 60 个心跳包发送成功
[03:18:45 INF] 【直播间】929670 的第 60 个心跳包发送成功
[03:18:46 INF] 【直播间】22764265 的第 60 个心跳包发送成功
[03:19:39 INF] 【直播间】23357926 的第 61 个心跳包发送成功
[03:19:40 INF] 【直播间】23040372 的第 61 个心跳包发送成功
[03:19:41 INF] 【直播间】31494 的第 61 个心跳包发送成功
[03:19:43 INF] 【直播间】4015781 的第 61 个心跳包发送成功
[03:19:44 INF] 【直播间】9619073 的第 61 个心跳包发送成功
[03:19:45 INF] 【直播间】407149 的第 61 个心跳包发送成功
[03:19:46 INF] 【直播间】11732699 的第 61 个心跳包发送成功
[03:19:48 INF] 【直播间】91164 的第 61 个心跳包发送成功
[03:19:49 INF] 【直播间】7184632 的第 61 个心跳包发送成功
[03:19:50 INF] 【直播间】23447660 的第 61 个心跳包发送成功
[03:19:51 INF] 【直播间】929670 的第 61 个心跳包发送成功
[03:19:53 INF] 【直播间】22764265 的第 61 个心跳包发送成功
[03:20:46 INF] 【直播间】23357926 的第 62 个心跳包发送成功
[03:20:47 INF] 【直播间】23040372 的第 62 个心跳包发送成功
[03:20:48 INF] 【直播间】31494 的第 62 个心跳包发送成功
[03:20:49 INF] 【直播间】4015781 的第 62 个心跳包发送成功
[03:20:51 INF] 【直播间】9619073 的第 62 个心跳包发送成功
[03:20:52 INF] 【直播间】407149 的第 62 个心跳包发送成功
[03:20:53 INF] 【直播间】11732699 的第 62 个心跳包发送成功
[03:20:54 INF] 【直播间】91164 的第 62 个心跳包发送成功
[03:20:56 INF] 【直播间】7184632 的第 62 个心跳包发送成功
[03:20:57 INF] 【直播间】23447660 的第 62 个心跳包发送成功
[03:20:58 INF] 【直播间】929670 的第 62 个心跳包发送成功
[03:20:59 INF] 【直播间】22764265 的第 62 个心跳包发送成功
[03:21:52 INF] 【直播间】23357926 的第 63 个心跳包发送成功
[03:21:53 INF] 【直播间】23040372 的第 63 个心跳包发送成功
[03:21:55 INF] 【直播间】31494 的第 63 个心跳包发送成功
[03:21:56 INF] 【直播间】4015781 的第 63 个心跳包发送成功
[03:21:57 INF] 【直播间】9619073 的第 63 个心跳包发送成功
[03:21:58 INF] 【直播间】407149 的第 63 个心跳包发送成功
[03:22:00 INF] 【直播间】11732699 的第 63 个心跳包发送成功
[03:22:01 INF] 【直播间】91164 的第 63 个心跳包发送成功
[03:22:02 INF] 【直播间】7184632 的第 63 个心跳包发送成功
[03:22:03 INF] 【直播间】23447660 的第 63 个心跳包发送成功
[03:22:05 INF] 【直播间】929670 的第 63 个心跳包发送成功
[03:22:06 INF] 【直播间】22764265 的第 63 个心跳包发送成功
[03:22:59 INF] 【直播间】23357926 的第 64 个心跳包发送成功
[03:23:00 INF] 【直播间】23040372 的第 64 个心跳包发送成功
[03:23:01 INF] 【直播间】31494 的第 64 个心跳包发送成功
[03:23:02 INF] 【直播间】4015781 的第 64 个心跳包发送成功
[03:23:04 INF] 【直播间】9619073 的第 64 个心跳包发送成功
[03:23:05 INF] 【直播间】407149 的第 64 个心跳包发送成功
[03:23:06 INF] 【直播间】11732699 的第 64 个心跳包发送成功
[03:23:08 INF] 【直播间】91164 的第 64 个心跳包发送成功
[03:23:09 INF] 【直播间】7184632 的第 64 个心跳包发送成功
[03:23:10 INF] 【直播间】23447660 的第 64 个心跳包发送成功
[03:23:11 INF] 【直播间】929670 的第 64 个心跳包发送成功
[03:23:12 INF] 【直播间】22764265 的第 64 个心跳包发送成功
[03:24:05 INF] 【直播间】23357926 的第 65 个心跳包发送成功
[03:24:06 INF] 【直播间】23040372 的第 65 个心跳包发送成功
[03:24:08 INF] 【直播间】31494 的第 65 个心跳包发送成功
[03:24:09 INF] 【直播间】4015781 的第 65 个心跳包发送成功
[03:24:10 INF] 【直播间】9619073 的第 65 个心跳包发送成功
[03:24:11 INF] 【直播间】407149 的第 65 个心跳包发送成功
[03:24:13 INF] 【直播间】11732699 的第 65 个心跳包发送成功
[03:24:14 INF] 【直播间】91164 的第 65 个心跳包发送成功
[03:24:15 INF] 【直播间】7184632 的第 65 个心跳包发送成功
[03:24:16 INF] 【直播间】23447660 的第 65 个心跳包发送成功
[03:24:17 INF] 【直播间】929670 的第 65 个心跳包发送成功
[03:24:19 INF] 【直播间】22764265 的第 65 个心跳包发送成功
[03:25:12 INF] 【直播间】23357926 的第 66 个心跳包发送成功
[03:25:13 INF] 【直播间】23040372 的第 66 个心跳包发送成功
[03:25:14 INF] 【直播间】31494 的第 66 个心跳包发送成功
[03:25:15 INF] 【直播间】4015781 的第 66 个心跳包发送成功
[03:25:16 INF] 【直播间】9619073 的第 66 个心跳包发送成功
[03:25:18 INF] 【直播间】407149 的第 66 个心跳包发送成功
[03:25:19 INF] 【直播间】11732699 的第 66 个心跳包发送成功
[03:25:20 INF] 【直播间】91164 的第 66 个心跳包发送成功
[03:25:22 INF] 【直播间】7184632 的第 66 个心跳包发送成功
[03:25:23 INF] 【直播间】23447660 的第 66 个心跳包发送成功
[03:25:24 INF] 【直播间】929670 的第 66 个心跳包发送成功
[03:25:25 INF] 【直播间】22764265 的第 66 个心跳包发送成功
[03:26:18 ERR] 【心跳包】直播间 23357926 发送失败
[03:26:18 ERR] 【原因】time check failed
[03:26:19 ERR] 【心跳包】直播间 23040372 发送失败
[03:26:19 ERR] 【原因】time check failed
[03:26:21 ERR] 【心跳包】直播间 31494 发送失败
[03:26:21 ERR] 【原因】time check failed
[03:26:22 ERR] 【心跳包】直播间 4015781 发送失败
[03:26:22 ERR] 【原因】time check failed
[03:26:23 ERR] 【心跳包】直播间 9619073 发送失败
[03:26:23 ERR] 【原因】time check failed
[03:26:24 ERR] 【心跳包】直播间 407149 发送失败
[03:26:24 ERR] 【原因】time check failed
[03:26:25 INF] 【直播间】11732699 的第 67 个心跳包发送成功
[03:26:27 INF] 【直播间】91164 的第 67 个心跳包发送成功
[03:26:28 ERR] 【心跳包】直播间 7184632 发送失败
[03:26:28 ERR] 【原因】time check failed
[03:26:29 ERR] 【心跳包】直播间 23447660 发送失败
[03:26:29 ERR] 【原因】time check failed
[03:26:30 INF] 【直播间】929670 的第 67 个心跳包发送成功
[03:26:32 INF] 【直播间】22764265 的第 67 个心跳包发送成功
[03:27:24 INF] 【直播间】23357926 的第 67 个心跳包发送成功
[03:27:26 INF] 【直播间】23040372 的第 67 个心跳包发送成功
[03:27:27 INF] 【直播间】31494 的第 67 个心跳包发送成功
[03:27:29 INF] 【直播间】4015781 的第 67 个心跳包发送成功
[03:27:30 INF] 【直播间】9619073 的第 67 个心跳包发送成功
[03:27:31 INF] 【直播间】407149 的第 67 个心跳包发送成功
[03:27:32 ERR] 【心跳包】直播间 11732699 发送失败
[03:27:32 ERR] 【原因】time check failed
[03:27:34 ERR] 【心跳包】直播间 91164 发送失败
[03:27:34 ERR] 【原因】time check failed
[03:27:35 INF] 【直播间】7184632 的第 67 个心跳包发送成功
[03:27:36 INF] 【直播间】23447660 的第 67 个心跳包发送成功
[03:27:38 ERR] 【心跳包】直播间 929670 发送失败
[03:27:38 ERR] 【原因】time check failed
[03:27:39 ERR] 【心跳包】直播间 22764265 发送失败
[03:27:39 ERR] 【原因】time check failed
[03:28:31 INF] 【直播间】23357926 的第 68 个心跳包发送成功
[03:28:33 INF] 【直播间】23040372 的第 68 个心跳包发送成功
[03:28:34 INF] 【直播间】31494 的第 68 个心跳包发送成功
[03:28:35 INF] 【直播间】4015781 的第 68 个心跳包发送成功
[03:28:36 INF] 【直播间】9619073 的第 68 个心跳包发送成功
[03:28:38 INF] 【直播间】407149 的第 68 个心跳包发送成功
[03:28:39 INF] 【直播间】11732699 的第 68 个心跳包发送成功
[03:28:40 INF] 【直播间】91164 的第 68 个心跳包发送成功
[03:28:41 INF] 【直播间】7184632 的第 68 个心跳包发送成功
[03:28:43 INF] 【直播间】23447660 的第 68 个心跳包发送成功
[03:28:44 INF] 【直播间】929670 的第 68 个心跳包发送成功
[03:28:45 INF] 【直播间】22764265 的第 68 个心跳包发送成功
[03:29:38 INF] 【直播间】23357926 的第 69 个心跳包发送成功
[03:29:39 INF] 【直播间】23040372 的第 69 个心跳包发送成功
[03:29:40 INF] 【直播间】31494 的第 69 个心跳包发送成功
[03:29:41 INF] 【直播间】4015781 的第 69 个心跳包发送成功
[03:29:43 INF] 【直播间】9619073 的第 69 个心跳包发送成功
[03:29:44 INF] 【直播间】407149 的第 69 个心跳包发送成功
[03:29:45 INF] 【直播间】11732699 的第 69 个心跳包发送成功
[03:29:46 INF] 【直播间】91164 的第 69 个心跳包发送成功
[03:29:48 INF] 【直播间】7184632 的第 69 个心跳包发送成功
[03:29:49 INF] 【直播间】23447660 的第 69 个心跳包发送成功
[03:29:50 INF] 【直播间】929670 的第 69 个心跳包发送成功
[03:29:52 INF] 【直播间】22764265 的第 69 个心跳包发送成功
[03:30:44 INF] 【直播间】23357926 的第 70 个心跳包发送成功
[03:30:45 INF] 【直播间】23040372 的第 70 个心跳包发送成功
[03:30:47 INF] 【直播间】31494 的第 70 个心跳包发送成功
[03:30:48 INF] 【直播间】4015781 的第 70 个心跳包发送成功
[03:30:49 INF] 【直播间】9619073 的第 70 个心跳包发送成功
[03:30:51 INF] 【直播间】407149 的第 70 个心跳包发送成功
[03:30:52 INF] 【直播间】11732699 的第 70 个心跳包发送成功
[03:30:53 INF] 【直播间】91164 的第 70 个心跳包发送成功
[03:30:54 INF] 【直播间】7184632 的第 70 个心跳包发送成功
[03:30:56 INF] 【直播间】23447660 的第 70 个心跳包发送成功
[03:30:57 INF] 【直播间】929670 的第 70 个心跳包发送成功
[03:30:58 INF] 【直播间】22764265 的第 70 个心跳包发送成功
[03:30:58 INF] 【直播观看时长】完成情况：12/12 
[03:30:58 INF] ---------结束---------

[03:30:58 INF] ==========结束==========

[03:30:58 INF] ######### 账号 3 #########

[03:30:58 INF] =====开始 直播间互动 =====

[03:30:58 INF] ---开始 发送弹幕 ---
[03:30:58 INF] 检测到直播 Cookie 未正确配置，尝试自动配置中...
[03:31:06 INF] 直播 Cookie 配置成功！
[03:31:06 INF] 【获取直播列表】获取拥有粉丝牌的直播列表
[03:31:12 ERR] 【获取直播列表】失败
[03:31:12 ERR] 【原因】账号未登录
[03:31:12 ERR] 发送弹幕失败，继续其他任务。失败信息:Object reference not set to an instance of an object.

[03:31:12 INF] -------结束-------

[03:31:12 INF] ---开始 点赞直播间 ---
[03:31:12 INF] 【获取直播列表】获取拥有粉丝牌的直播列表
[03:31:16 ERR] 【获取直播列表】失败
[03:31:16 ERR] 【原因】账号未登录
[03:31:16 ERR] 点赞直播间失败，继续其他任务。失败信息:Object reference not set to an instance of an object.

[03:31:16 INF] --------结束--------

[03:31:16 INF] ---开始 直播时长挂机 ---
[03:31:16 INF] 【获取直播列表】获取拥有粉丝牌的直播列表
[03:31:23 ERR] 【获取直播列表】失败
[03:31:23 ERR] 【原因】账号未登录
[03:31:23 ERR] 直播时长挂机失败，继续其他任务。失败信息:Object reference not set to an instance of an object.

[03:31:23 INF] ---------结束---------

[03:31:23 INF] ==========结束==========

[03:31:23 INF] 

========================

 v2.0.1 开源 by https://github.com/RayWangQvQ/BiliBiliToolPro

[03:31:23 INF] ·开始推送·LiveFansMedal任务·
2023-10-09T19:31:23.4775162Z 开始推送到:PushPlus
2023-10-09T19:31:24.8488742Z Response status: OK.
2023-10-09T19:31:24.8489173Z Response content: {"code":999,"msg":"发送内容过大，不能超过2万字","data":null}.

[03:31:24 INF] 运行环境：Development
[03:31:24 INF] 应用目录：/home/runner/work/BiliBiliToolPro/BiliBiliToolPro/src/Ray.BiliBiliTool.Console/bin/Debug/net6.0/

[03:31:24 INF] 运行结束
