----------- ip 信息 ---------
{
  "ip": "172.177.36.115",
  "city": "Boydton",
  "region": "Virginia",
  "country": "US",
  "loc": "36.6676,-78.3875",
  "org": "AS8075 Microsoft Corporation",
  "postal": "23917",
  "timezone": "America/New_York",
  "readme": "https://ipinfo.io/missingauth"
} ---------- end ------------
  ____               ____    _   _____           _  
 |  _ \ __ _ _   _  | __ ) _| |_|_   _|__   ___ | | 
 | |_) / _` | | | | |  _ \(_) (_) | |/ _ \ / _ \| | 
 |  _ < (_| | |_| | | |_) | | | | | | (_) | (_) | | 
 |_| \_\__,_|\__, | |____/|_|_|_| |_|\___/ \___/|_| 
             |___/                                  

[00:27:43 INF] BiliBiliToolPro 开始运行...

[00:27:43 INF] 【账号个数】3个

[00:27:43 INF] 随机休眠4分钟

[00:31:43 INF] 【目标任务】LiveFansMedal
[00:31:43 INF] ######### 账号 1 #########

[00:31:43 INF] =====开始 直播间互动 =====

[00:31:43 INF] ---开始 发送弹幕 ---
[00:31:43 INF] 检测到直播 Cookie 未正确配置，尝试自动配置中...
[00:31:50 INF] 直播 Cookie 配置成功！
[00:31:50 INF] 【获取直播列表】获取拥有粉丝牌的直播列表
[00:31:56 INF] 【主播】Mark陌枫 
[00:32:11 INF] 【主播】KL_qiqi_ 
[00:32:31 INF] 【主播】苏打baka 
[00:32:46 INF] 【直播间】Mark陌枫
[00:32:46 INF] 【粉丝牌】馬楓
[00:32:46 INF] 正在发送弹幕...
[00:32:50 INF] 【直播间】KL_qiqi_
[00:32:50 INF] 【粉丝牌】qiqisb
[00:32:50 INF] 正在发送弹幕...
[00:32:57 INF] 【直播间】苏打baka
[00:32:57 INF] 【粉丝牌】碳酸钠
[00:32:57 INF] 正在发送弹幕...
[00:33:01 INF] 【弹幕发送】成功~，你和主播 Mark陌枫 的亲密值增加了100！
[00:33:04 INF] -------结束-------

[00:33:04 INF] ---开始 点赞直播间 ---
[00:33:04 INF] 【获取直播列表】获取拥有粉丝牌的直播列表
[00:33:09 INF] 【弹幕发送】成功~，你和主播 KL_qiqi_ 的亲密值增加了100！
[00:33:10 INF] 【主播】Mark陌枫 
[00:33:16 INF] 【弹幕发送】成功~，你和主播 苏打baka 的亲密值增加了100！
[00:33:26 INF] 【主播】KL_qiqi_ 
[00:33:39 INF] 【主播】苏打baka 
[00:34:01 INF] 【点赞直播间】23357926 完成
[00:34:07 INF] 【点赞直播间】407149 完成
[00:34:13 INF] --------结束--------

[00:34:13 INF] ---开始 直播时长挂机 ---
[00:34:13 INF] 【获取直播列表】获取拥有粉丝牌的直播列表
[00:34:13 INF] 【点赞直播间】23040372 完成
[00:34:20 INF] 【主播】Mark陌枫 
[00:34:38 INF] 【主播】KL_qiqi_ 
[00:34:52 INF] 【主播】苏打baka 
[00:35:11 INF] 【直播间】23357926 的第 1 个心跳包发送成功
[00:35:12 INF] 【直播间】407149 的第 1 个心跳包发送成功
[00:35:13 INF] 【直播间】23040372 的第 1 个心跳包发送成功
[00:36:17 INF] 【直播间】23357926 的第 2 个心跳包发送成功
[00:36:18 INF] 【直播间】407149 的第 2 个心跳包发送成功
[00:36:20 INF] 【直播间】23040372 的第 2 个心跳包发送成功
[00:37:24 INF] 【直播间】23357926 的第 3 个心跳包发送成功
[00:37:25 INF] 【直播间】407149 的第 3 个心跳包发送成功
[00:37:27 INF] 【直播间】23040372 的第 3 个心跳包发送成功
[00:38:31 INF] 【直播间】23357926 的第 4 个心跳包发送成功
[00:38:32 INF] 【直播间】407149 的第 4 个心跳包发送成功
[00:38:33 INF] 【直播间】23040372 的第 4 个心跳包发送成功
[00:39:37 INF] 【直播间】23357926 的第 5 个心跳包发送成功
[00:39:38 INF] 【直播间】407149 的第 5 个心跳包发送成功
[00:39:40 INF] 【直播间】23040372 的第 5 个心跳包发送成功
[00:40:44 INF] 【直播间】23357926 的第 6 个心跳包发送成功
[00:40:45 INF] 【直播间】407149 的第 6 个心跳包发送成功
[00:40:46 INF] 【直播间】23040372 的第 6 个心跳包发送成功
[00:41:50 INF] 【直播间】23357926 的第 7 个心跳包发送成功
[00:41:51 INF] 【直播间】407149 的第 7 个心跳包发送成功
[00:41:53 INF] 【直播间】23040372 的第 7 个心跳包发送成功
[00:42:57 INF] 【直播间】23357926 的第 8 个心跳包发送成功
[00:42:58 INF] 【直播间】407149 的第 8 个心跳包发送成功
[00:42:59 INF] 【直播间】23040372 的第 8 个心跳包发送成功
[00:44:04 INF] 【直播间】23357926 的第 9 个心跳包发送成功
[00:44:05 INF] 【直播间】407149 的第 9 个心跳包发送成功
[00:44:06 INF] 【直播间】23040372 的第 9 个心跳包发送成功
[00:45:10 INF] 【直播间】23357926 的第 10 个心跳包发送成功
[00:45:11 INF] 【直播间】407149 的第 10 个心跳包发送成功
[00:45:13 INF] 【直播间】23040372 的第 10 个心跳包发送成功
[00:46:17 INF] 【直播间】23357926 的第 11 个心跳包发送成功
[00:46:18 INF] 【直播间】407149 的第 11 个心跳包发送成功
[00:46:19 INF] 【直播间】23040372 的第 11 个心跳包发送成功
[00:47:23 INF] 【直播间】23357926 的第 12 个心跳包发送成功
[00:47:24 INF] 【直播间】407149 的第 12 个心跳包发送成功
[00:47:26 INF] 【直播间】23040372 的第 12 个心跳包发送成功
[00:48:30 INF] 【直播间】23357926 的第 13 个心跳包发送成功
[00:48:31 INF] 【直播间】407149 的第 13 个心跳包发送成功
[00:48:33 INF] 【直播间】23040372 的第 13 个心跳包发送成功
[00:49:37 INF] 【直播间】23357926 的第 14 个心跳包发送成功
[00:49:38 INF] 【直播间】407149 的第 14 个心跳包发送成功
[00:49:39 INF] 【直播间】23040372 的第 14 个心跳包发送成功
[00:50:43 ERR] 【心跳包】直播间 23357926 发送失败
[00:50:43 ERR] 【原因】time check failed
[00:50:44 ERR] 【心跳包】直播间 407149 发送失败
[00:50:44 ERR] 【原因】time check failed
[00:50:46 ERR] 【心跳包】直播间 23040372 发送失败
[00:50:46 ERR] 【原因】time check failed
[00:51:50 INF] 【直播间】23357926 的第 15 个心跳包发送成功
[00:51:51 INF] 【直播间】407149 的第 15 个心跳包发送成功
[00:51:53 INF] 【直播间】23040372 的第 15 个心跳包发送成功
[00:52:57 INF] 【直播间】23357926 的第 16 个心跳包发送成功
[00:52:58 INF] 【直播间】407149 的第 16 个心跳包发送成功
[00:52:59 INF] 【直播间】23040372 的第 16 个心跳包发送成功
[00:54:03 INF] 【直播间】23357926 的第 17 个心跳包发送成功
[00:54:05 INF] 【直播间】407149 的第 17 个心跳包发送成功
[00:54:06 INF] 【直播间】23040372 的第 17 个心跳包发送成功
[00:55:10 INF] 【直播间】23357926 的第 18 个心跳包发送成功
[00:55:11 INF] 【直播间】407149 的第 18 个心跳包发送成功
[00:55:12 INF] 【直播间】23040372 的第 18 个心跳包发送成功
[00:56:17 INF] 【直播间】23357926 的第 19 个心跳包发送成功
[00:56:18 INF] 【直播间】407149 的第 19 个心跳包发送成功
[00:56:19 INF] 【直播间】23040372 的第 19 个心跳包发送成功
[00:57:23 INF] 【直播间】23357926 的第 20 个心跳包发送成功
[00:57:24 INF] 【直播间】407149 的第 20 个心跳包发送成功
[00:57:26 INF] 【直播间】23040372 的第 20 个心跳包发送成功
[00:58:30 INF] 【直播间】23357926 的第 21 个心跳包发送成功
[00:58:31 INF] 【直播间】407149 的第 21 个心跳包发送成功
[00:58:32 INF] 【直播间】23040372 的第 21 个心跳包发送成功
[00:59:36 INF] 【直播间】23357926 的第 22 个心跳包发送成功
[00:59:38 INF] 【直播间】407149 的第 22 个心跳包发送成功
[00:59:39 INF] 【直播间】23040372 的第 22 个心跳包发送成功
[01:00:43 INF] 【直播间】23357926 的第 23 个心跳包发送成功
[01:00:44 INF] 【直播间】407149 的第 23 个心跳包发送成功
[01:00:45 INF] 【直播间】23040372 的第 23 个心跳包发送成功
[01:01:49 INF] 【直播间】23357926 的第 24 个心跳包发送成功
[01:01:51 INF] 【直播间】407149 的第 24 个心跳包发送成功
[01:01:52 INF] 【直播间】23040372 的第 24 个心跳包发送成功
[01:02:56 INF] 【直播间】23357926 的第 25 个心跳包发送成功
[01:02:58 INF] 【直播间】407149 的第 25 个心跳包发送成功
[01:02:59 INF] 【直播间】23040372 的第 25 个心跳包发送成功
[01:04:03 INF] 【直播间】23357926 的第 26 个心跳包发送成功
[01:04:04 INF] 【直播间】407149 的第 26 个心跳包发送成功
[01:04:06 INF] 【直播间】23040372 的第 26 个心跳包发送成功
[01:05:10 INF] 【直播间】23357926 的第 27 个心跳包发送成功
[01:05:11 INF] 【直播间】407149 的第 27 个心跳包发送成功
[01:05:12 INF] 【直播间】23040372 的第 27 个心跳包发送成功
[01:06:16 ERR] 【心跳包】直播间 23357926 发送失败
[01:06:16 ERR] 【原因】time check failed
[01:06:18 ERR] 【心跳包】直播间 407149 发送失败
[01:06:18 ERR] 【原因】time check failed
[01:06:19 ERR] 【心跳包】直播间 23040372 发送失败
[01:06:19 ERR] 【原因】time check failed
[01:07:23 INF] 【直播间】23357926 的第 28 个心跳包发送成功
[01:07:24 INF] 【直播间】407149 的第 28 个心跳包发送成功
[01:07:26 INF] 【直播间】23040372 的第 28 个心跳包发送成功
[01:08:30 INF] 【直播间】23357926 的第 29 个心跳包发送成功
[01:08:31 INF] 【直播间】407149 的第 29 个心跳包发送成功
[01:08:32 INF] 【直播间】23040372 的第 29 个心跳包发送成功
[01:09:37 INF] 【直播间】23357926 的第 30 个心跳包发送成功
[01:09:38 INF] 【直播间】407149 的第 30 个心跳包发送成功
[01:09:39 INF] 【直播间】23040372 的第 30 个心跳包发送成功
[01:10:43 INF] 【直播间】23357926 的第 31 个心跳包发送成功
[01:10:44 INF] 【直播间】407149 的第 31 个心跳包发送成功
[01:10:46 INF] 【直播间】23040372 的第 31 个心跳包发送成功
[01:11:50 INF] 【直播间】23357926 的第 32 个心跳包发送成功
[01:11:51 INF] 【直播间】407149 的第 32 个心跳包发送成功
[01:11:52 INF] 【直播间】23040372 的第 32 个心跳包发送成功
[01:12:56 INF] 【直播间】23357926 的第 33 个心跳包发送成功
[01:12:57 INF] 【直播间】407149 的第 33 个心跳包发送成功
[01:12:59 INF] 【直播间】23040372 的第 33 个心跳包发送成功
[01:14:03 INF] 【直播间】23357926 的第 34 个心跳包发送成功
[01:14:04 INF] 【直播间】407149 的第 34 个心跳包发送成功
[01:14:06 INF] 【直播间】23040372 的第 34 个心跳包发送成功
[01:15:10 INF] 【直播间】23357926 的第 35 个心跳包发送成功
[01:15:11 INF] 【直播间】407149 的第 35 个心跳包发送成功
[01:15:12 INF] 【直播间】23040372 的第 35 个心跳包发送成功
[01:16:16 INF] 【直播间】23357926 的第 36 个心跳包发送成功
[01:16:18 INF] 【直播间】407149 的第 36 个心跳包发送成功
[01:16:19 INF] 【直播间】23040372 的第 36 个心跳包发送成功
[01:17:23 INF] 【直播间】23357926 的第 37 个心跳包发送成功
[01:17:24 INF] 【直播间】407149 的第 37 个心跳包发送成功
[01:17:25 INF] 【直播间】23040372 的第 37 个心跳包发送成功
[01:18:29 INF] 【直播间】23357926 的第 38 个心跳包发送成功
[01:18:31 INF] 【直播间】407149 的第 38 个心跳包发送成功
[01:18:32 INF] 【直播间】23040372 的第 38 个心跳包发送成功
[01:19:36 INF] 【直播间】23357926 的第 39 个心跳包发送成功
[01:19:37 INF] 【直播间】407149 的第 39 个心跳包发送成功
[01:19:39 INF] 【直播间】23040372 的第 39 个心跳包发送成功
[01:20:43 INF] 【直播间】23357926 的第 40 个心跳包发送成功
[01:20:44 INF] 【直播间】407149 的第 40 个心跳包发送成功
[01:20:45 INF] 【直播间】23040372 的第 40 个心跳包发送成功
[01:21:50 ERR] 【心跳包】直播间 23357926 发送失败
[01:21:50 ERR] 【原因】time check failed
[01:21:51 ERR] 【心跳包】直播间 407149 发送失败
[01:21:51 ERR] 【原因】time check failed
[01:21:52 ERR] 【心跳包】直播间 23040372 发送失败
[01:21:52 ERR] 【原因】time check failed
[01:22:56 INF] 【直播间】23357926 的第 41 个心跳包发送成功
[01:22:57 INF] 【直播间】407149 的第 41 个心跳包发送成功
[01:22:59 INF] 【直播间】23040372 的第 41 个心跳包发送成功
[01:24:03 INF] 【直播间】23357926 的第 42 个心跳包发送成功
[01:24:04 INF] 【直播间】407149 的第 42 个心跳包发送成功
[01:24:05 INF] 【直播间】23040372 的第 42 个心跳包发送成功
[01:25:09 INF] 【直播间】23357926 的第 43 个心跳包发送成功
[01:25:10 INF] 【直播间】407149 的第 43 个心跳包发送成功
[01:25:12 INF] 【直播间】23040372 的第 43 个心跳包发送成功
[01:26:16 INF] 【直播间】23357926 的第 44 个心跳包发送成功
[01:26:17 INF] 【直播间】407149 的第 44 个心跳包发送成功
[01:26:18 INF] 【直播间】23040372 的第 44 个心跳包发送成功
[01:27:23 INF] 【直播间】23357926 的第 45 个心跳包发送成功
[01:27:24 INF] 【直播间】407149 的第 45 个心跳包发送成功
[01:27:25 INF] 【直播间】23040372 的第 45 个心跳包发送成功
[01:28:29 INF] 【直播间】23357926 的第 46 个心跳包发送成功
[01:28:30 INF] 【直播间】407149 的第 46 个心跳包发送成功
[01:28:32 INF] 【直播间】23040372 的第 46 个心跳包发送成功
[01:29:36 INF] 【直播间】23357926 的第 47 个心跳包发送成功
[01:29:37 INF] 【直播间】407149 的第 47 个心跳包发送成功
[01:29:38 INF] 【直播间】23040372 的第 47 个心跳包发送成功
[01:30:42 INF] 【直播间】23357926 的第 48 个心跳包发送成功
[01:30:43 INF] 【直播间】407149 的第 48 个心跳包发送成功
[01:30:44 INF] 【直播间】23040372 的第 48 个心跳包发送成功
[01:31:48 INF] 【直播间】23357926 的第 49 个心跳包发送成功
[01:31:50 INF] 【直播间】407149 的第 49 个心跳包发送成功
[01:31:51 INF] 【直播间】23040372 的第 49 个心跳包发送成功
[01:32:55 INF] 【直播间】23357926 的第 50 个心跳包发送成功
[01:32:57 INF] 【直播间】407149 的第 50 个心跳包发送成功
[01:32:58 INF] 【直播间】23040372 的第 50 个心跳包发送成功
[01:34:02 INF] 【直播间】23357926 的第 51 个心跳包发送成功
[01:34:04 INF] 【直播间】407149 的第 51 个心跳包发送成功
[01:34:05 INF] 【直播间】23040372 的第 51 个心跳包发送成功
[01:35:09 INF] 【直播间】23357926 的第 52 个心跳包发送成功
[01:35:10 INF] 【直播间】407149 的第 52 个心跳包发送成功
[01:35:11 INF] 【直播间】23040372 的第 52 个心跳包发送成功
[01:36:15 INF] 【直播间】23357926 的第 53 个心跳包发送成功
[01:36:16 INF] 【直播间】407149 的第 53 个心跳包发送成功
[01:36:18 INF] 【直播间】23040372 的第 53 个心跳包发送成功
[01:37:22 ERR] 【心跳包】直播间 23357926 发送失败
[01:37:22 ERR] 【原因】time check failed
[01:37:23 ERR] 【心跳包】直播间 407149 发送失败
[01:37:23 ERR] 【原因】time check failed
[01:37:24 ERR] 【心跳包】直播间 23040372 发送失败
[01:37:24 ERR] 【原因】time check failed
[01:38:29 INF] 【直播间】23357926 的第 54 个心跳包发送成功
[01:38:30 INF] 【直播间】407149 的第 54 个心跳包发送成功
[01:38:31 INF] 【直播间】23040372 的第 54 个心跳包发送成功
[01:39:35 INF] 【直播间】23357926 的第 55 个心跳包发送成功
[01:39:36 INF] 【直播间】407149 的第 55 个心跳包发送成功
[01:39:37 INF] 【直播间】23040372 的第 55 个心跳包发送成功
[01:40:41 INF] 【直播间】23357926 的第 56 个心跳包发送成功
[01:40:43 INF] 【直播间】407149 的第 56 个心跳包发送成功
[01:40:44 INF] 【直播间】23040372 的第 56 个心跳包发送成功
[01:41:48 INF] 【直播间】23357926 的第 57 个心跳包发送成功
[01:41:49 INF] 【直播间】407149 的第 57 个心跳包发送成功
[01:41:50 INF] 【直播间】23040372 的第 57 个心跳包发送成功
[01:42:54 INF] 【直播间】23357926 的第 58 个心跳包发送成功
[01:42:56 INF] 【直播间】407149 的第 58 个心跳包发送成功
[01:42:57 INF] 【直播间】23040372 的第 58 个心跳包发送成功
[01:44:01 INF] 【直播间】23357926 的第 59 个心跳包发送成功
[01:44:03 INF] 【直播间】407149 的第 59 个心跳包发送成功
[01:44:04 INF] 【直播间】23040372 的第 59 个心跳包发送成功
[01:45:08 INF] 【直播间】23357926 的第 60 个心跳包发送成功
[01:45:09 INF] 【直播间】407149 的第 60 个心跳包发送成功
[01:45:10 INF] 【直播间】23040372 的第 60 个心跳包发送成功
[01:46:15 INF] 【直播间】23357926 的第 61 个心跳包发送成功
[01:46:16 INF] 【直播间】407149 的第 61 个心跳包发送成功
[01:46:17 INF] 【直播间】23040372 的第 61 个心跳包发送成功
[01:47:21 INF] 【直播间】23357926 的第 62 个心跳包发送成功
[01:47:22 INF] 【直播间】407149 的第 62 个心跳包发送成功
[01:47:24 INF] 【直播间】23040372 的第 62 个心跳包发送成功
[01:48:28 INF] 【直播间】23357926 的第 63 个心跳包发送成功
[01:48:29 INF] 【直播间】407149 的第 63 个心跳包发送成功
[01:48:30 INF] 【直播间】23040372 的第 63 个心跳包发送成功
[01:49:35 INF] 【直播间】23357926 的第 64 个心跳包发送成功
[01:49:36 INF] 【直播间】407149 的第 64 个心跳包发送成功
[01:49:37 INF] 【直播间】23040372 的第 64 个心跳包发送成功
[01:50:41 INF] 【直播间】23357926 的第 65 个心跳包发送成功
[01:50:42 INF] 【直播间】407149 的第 65 个心跳包发送成功
[01:50:44 INF] 【直播间】23040372 的第 65 个心跳包发送成功
[01:51:48 INF] 【直播间】23357926 的第 66 个心跳包发送成功
[01:51:49 INF] 【直播间】407149 的第 66 个心跳包发送成功
[01:51:50 INF] 【直播间】23040372 的第 66 个心跳包发送成功
[01:52:54 ERR] 【心跳包】直播间 23357926 发送失败
[01:52:54 ERR] 【原因】time check failed
[01:52:56 ERR] 【心跳包】直播间 407149 发送失败
[01:52:56 ERR] 【原因】time check failed
[01:52:57 ERR] 【心跳包】直播间 23040372 发送失败
[01:52:57 ERR] 【原因】time check failed
[01:54:01 INF] 【直播间】23357926 的第 67 个心跳包发送成功
[01:54:02 INF] 【直播间】407149 的第 67 个心跳包发送成功
[01:54:03 INF] 【直播间】23040372 的第 67 个心跳包发送成功
[01:55:08 INF] 【直播间】23357926 的第 68 个心跳包发送成功
[01:55:09 INF] 【直播间】407149 的第 68 个心跳包发送成功
[01:55:10 INF] 【直播间】23040372 的第 68 个心跳包发送成功
[01:56:15 INF] 【直播间】23357926 的第 69 个心跳包发送成功
[01:56:16 INF] 【直播间】407149 的第 69 个心跳包发送成功
[01:56:17 INF] 【直播间】23040372 的第 69 个心跳包发送成功
[01:57:21 INF] 【直播间】23357926 的第 70 个心跳包发送成功
[01:57:22 INF] 【直播间】407149 的第 70 个心跳包发送成功
[01:57:24 INF] 【直播间】23040372 的第 70 个心跳包发送成功
[01:57:24 INF] 【直播观看时长】完成情况：3/3 
[01:57:24 INF] ---------结束---------

[01:57:24 INF] ==========结束==========

[01:57:24 INF] ######### 账号 2 #########

[01:57:24 INF] =====开始 直播间互动 =====

[01:57:24 INF] ---开始 发送弹幕 ---
[01:57:24 INF] 检测到直播 Cookie 未正确配置，尝试自动配置中...
[01:57:27 INF] 直播 Cookie 配置成功！
[01:57:27 INF] 【获取直播列表】获取拥有粉丝牌的直播列表
[01:57:32 INF] 【主播】Mark陌枫 
[01:57:52 INF] 【主播】苏打baka 
[01:58:08 INF] 【主播】特别中二的q3君 
[01:58:25 INF] 【主播】陈抱一 
[01:58:41 INF] 【主播】KL_qiqi_ 
[01:59:01 INF] 【主播】贪玩的小毅 
[01:59:13 INF] 【直播间】Mark陌枫
[01:59:13 INF] 【粉丝牌】馬楓
[01:59:13 INF] 正在发送弹幕...
[01:59:20 INF] 【直播间】苏打baka
[01:59:20 INF] 【粉丝牌】碳酸钠
[01:59:20 INF] 正在发送弹幕...
[01:59:23 INF] 【直播间】特别中二的q3君
[01:59:23 INF] 【粉丝牌】q3GG
[01:59:23 INF] 正在发送弹幕...
[01:59:26 INF] 【直播间】陈抱一
[01:59:26 INF] 【粉丝牌】陈抱一
[01:59:26 INF] 正在发送弹幕...
[01:59:30 INF] 【直播间】KL_qiqi_
[01:59:30 INF] 【粉丝牌】qiqisb
[01:59:30 INF] 正在发送弹幕...
[01:59:34 INF] 【弹幕发送】成功~，你和主播 Mark陌枫 的亲密值增加了100！
[01:59:34 INF] 【弹幕发送】成功~，你和主播 苏打baka 的亲密值增加了100！
[01:59:34 INF] 【直播间】贪玩的小毅
[01:59:34 INF] 【粉丝牌】大大毅
[01:59:34 INF] 正在发送弹幕...
[01:59:37 INF] -------结束-------

[01:59:37 INF] ---开始 点赞直播间 ---
[01:59:37 INF] 【获取直播列表】获取拥有粉丝牌的直播列表
[01:59:39 INF] 【弹幕发送】成功~，你和主播 特别中二的q3君 的亲密值增加了100！
[01:59:40 INF] 【主播】Mark陌枫 
[01:59:43 INF] 【弹幕发送】成功~，你和主播 KL_qiqi_ 的亲密值增加了100！
[01:59:44 INF] 【弹幕发送】成功~，你和主播 陈抱一 的亲密值增加了100！
[01:59:46 INF] 【弹幕发送】成功~，你和主播 贪玩的小毅 的亲密值增加了100！
[01:59:53 INF] 【主播】苏打baka 
[02:00:13 INF] 【主播】特别中二的q3君 
[02:00:30 INF] 【主播】陈抱一 
[02:00:48 INF] 【主播】KL_qiqi_ 
[02:01:07 INF] 【主播】贪玩的小毅 
[02:01:32 INF] 【点赞直播间】23357926 完成
[02:01:38 INF] 【点赞直播间】23040372 完成
[02:01:45 INF] 【点赞直播间】31494 完成
[02:01:50 INF] 【点赞直播间】4015781 完成
[02:01:54 INF] 【点赞直播间】407149 完成
[02:01:57 INF] --------结束--------

[02:01:57 INF] ---开始 直播时长挂机 ---
[02:01:57 INF] 【获取直播列表】获取拥有粉丝牌的直播列表
[02:01:58 INF] 【点赞直播间】9619073 完成
[02:02:05 INF] 【主播】Mark陌枫 
[02:02:23 INF] 【主播】苏打baka 
[02:02:38 INF] 【主播】特别中二的q3君 
[02:02:53 INF] 【主播】陈抱一 
[02:03:07 INF] 【主播】KL_qiqi_ 
[02:03:22 INF] 【主播】贪玩的小毅 
[02:03:43 INF] 【直播间】23357926 的第 1 个心跳包发送成功
[02:03:45 INF] 【直播间】23040372 的第 1 个心跳包发送成功
[02:03:46 INF] 【直播间】31494 的第 1 个心跳包发送成功
[02:03:47 INF] 【直播间】4015781 的第 1 个心跳包发送成功
[02:03:48 INF] 【直播间】407149 的第 1 个心跳包发送成功
[02:03:49 INF] 【直播间】9619073 的第 1 个心跳包发送成功
[02:04:50 INF] 【直播间】23357926 的第 2 个心跳包发送成功
[02:04:51 INF] 【直播间】23040372 的第 2 个心跳包发送成功
[02:04:52 INF] 【直播间】31494 的第 2 个心跳包发送成功
[02:04:54 INF] 【直播间】4015781 的第 2 个心跳包发送成功
[02:04:55 INF] 【直播间】407149 的第 2 个心跳包发送成功
[02:04:56 INF] 【直播间】9619073 的第 2 个心跳包发送成功
[02:05:57 INF] 【直播间】23357926 的第 3 个心跳包发送成功
[02:05:58 INF] 【直播间】23040372 的第 3 个心跳包发送成功
[02:05:59 INF] 【直播间】31494 的第 3 个心跳包发送成功
[02:06:01 INF] 【直播间】4015781 的第 3 个心跳包发送成功
[02:06:02 INF] 【直播间】407149 的第 3 个心跳包发送成功
[02:06:03 INF] 【直播间】9619073 的第 3 个心跳包发送成功
[02:07:03 INF] 【直播间】23357926 的第 4 个心跳包发送成功
[02:07:05 INF] 【直播间】23040372 的第 4 个心跳包发送成功
[02:07:06 INF] 【直播间】31494 的第 4 个心跳包发送成功
[02:07:07 INF] 【直播间】4015781 的第 4 个心跳包发送成功
[02:07:09 INF] 【直播间】407149 的第 4 个心跳包发送成功
[02:07:10 INF] 【直播间】9619073 的第 4 个心跳包发送成功
[02:08:10 INF] 【直播间】23357926 的第 5 个心跳包发送成功
[02:08:11 INF] 【直播间】23040372 的第 5 个心跳包发送成功
[02:08:12 INF] 【直播间】31494 的第 5 个心跳包发送成功
[02:08:14 INF] 【直播间】4015781 的第 5 个心跳包发送成功
[02:08:15 INF] 【直播间】407149 的第 5 个心跳包发送成功
[02:08:16 INF] 【直播间】9619073 的第 5 个心跳包发送成功
[02:09:16 INF] 【直播间】23357926 的第 6 个心跳包发送成功
[02:09:18 INF] 【直播间】23040372 的第 6 个心跳包发送成功
[02:09:19 INF] 【直播间】31494 的第 6 个心跳包发送成功
[02:09:20 INF] 【直播间】4015781 的第 6 个心跳包发送成功
[02:09:21 INF] 【直播间】407149 的第 6 个心跳包发送成功
[02:09:23 INF] 【直播间】9619073 的第 6 个心跳包发送成功
[02:10:23 INF] 【直播间】23357926 的第 7 个心跳包发送成功
[02:10:24 INF] 【直播间】23040372 的第 7 个心跳包发送成功
[02:10:26 INF] 【直播间】31494 的第 7 个心跳包发送成功
[02:10:27 INF] 【直播间】4015781 的第 7 个心跳包发送成功
[02:10:28 INF] 【直播间】407149 的第 7 个心跳包发送成功
[02:10:29 INF] 【直播间】9619073 的第 7 个心跳包发送成功
[02:11:30 INF] 【直播间】23357926 的第 8 个心跳包发送成功
[02:11:31 INF] 【直播间】23040372 的第 8 个心跳包发送成功
[02:11:32 INF] 【直播间】31494 的第 8 个心跳包发送成功
[02:11:34 INF] 【直播间】4015781 的第 8 个心跳包发送成功
[02:11:35 INF] 【直播间】407149 的第 8 个心跳包发送成功
[02:11:36 INF] 【直播间】9619073 的第 8 个心跳包发送成功
[02:12:36 INF] 【直播间】23357926 的第 9 个心跳包发送成功
[02:12:38 INF] 【直播间】23040372 的第 9 个心跳包发送成功
[02:12:39 INF] 【直播间】31494 的第 9 个心跳包发送成功
[02:12:40 INF] 【直播间】4015781 的第 9 个心跳包发送成功
[02:12:41 INF] 【直播间】407149 的第 9 个心跳包发送成功
[02:12:42 INF] 【直播间】9619073 的第 9 个心跳包发送成功
[02:13:43 INF] 【直播间】23357926 的第 10 个心跳包发送成功
[02:13:44 INF] 【直播间】23040372 的第 10 个心跳包发送成功
[02:13:45 INF] 【直播间】31494 的第 10 个心跳包发送成功
[02:13:47 INF] 【直播间】4015781 的第 10 个心跳包发送成功
[02:13:48 INF] 【直播间】407149 的第 10 个心跳包发送成功
[02:13:49 INF] 【直播间】9619073 的第 10 个心跳包发送成功
[02:14:49 INF] 【直播间】23357926 的第 11 个心跳包发送成功
[02:14:51 INF] 【直播间】23040372 的第 11 个心跳包发送成功
[02:14:52 INF] 【直播间】31494 的第 11 个心跳包发送成功
[02:14:53 INF] 【直播间】4015781 的第 11 个心跳包发送成功
[02:14:54 INF] 【直播间】407149 的第 11 个心跳包发送成功
[02:14:56 INF] 【直播间】9619073 的第 11 个心跳包发送成功
[02:15:56 INF] 【直播间】23357926 的第 12 个心跳包发送成功
[02:15:57 INF] 【直播间】23040372 的第 12 个心跳包发送成功
[02:15:58 INF] 【直播间】31494 的第 12 个心跳包发送成功
[02:16:00 INF] 【直播间】4015781 的第 12 个心跳包发送成功
[02:16:01 INF] 【直播间】407149 的第 12 个心跳包发送成功
[02:16:02 INF] 【直播间】9619073 的第 12 个心跳包发送成功
[02:17:03 INF] 【直播间】23357926 的第 13 个心跳包发送成功
[02:17:04 INF] 【直播间】23040372 的第 13 个心跳包发送成功
[02:17:06 INF] 【直播间】31494 的第 13 个心跳包发送成功
[02:17:07 INF] 【直播间】4015781 的第 13 个心跳包发送成功
[02:17:08 INF] 【直播间】407149 的第 13 个心跳包发送成功
[02:17:09 INF] 【直播间】9619073 的第 13 个心跳包发送成功
[02:18:09 INF] 【直播间】23357926 的第 14 个心跳包发送成功
[02:18:11 INF] 【直播间】23040372 的第 14 个心跳包发送成功
[02:18:12 INF] 【直播间】31494 的第 14 个心跳包发送成功
[02:18:13 INF] 【直播间】4015781 的第 14 个心跳包发送成功
[02:18:15 INF] 【直播间】407149 的第 14 个心跳包发送成功
[02:18:16 INF] 【直播间】9619073 的第 14 个心跳包发送成功
[02:19:16 ERR] 【心跳包】直播间 23357926 发送失败
[02:19:16 ERR] 【原因】time check failed
[02:19:17 ERR] 【心跳包】直播间 23040372 发送失败
[02:19:17 ERR] 【原因】time check failed
[02:19:18 ERR] 【心跳包】直播间 31494 发送失败
[02:19:18 ERR] 【原因】time check failed
[02:19:20 ERR] 【心跳包】直播间 4015781 发送失败
[02:19:20 ERR] 【原因】time check failed
[02:19:21 ERR] 【心跳包】直播间 407149 发送失败
[02:19:21 ERR] 【原因】time check failed
[02:19:22 ERR] 【心跳包】直播间 9619073 发送失败
[02:19:22 ERR] 【原因】time check failed
[02:20:22 INF] 【直播间】23357926 的第 15 个心跳包发送成功
[02:20:24 INF] 【直播间】23040372 的第 15 个心跳包发送成功
[02:20:25 INF] 【直播间】31494 的第 15 个心跳包发送成功
[02:20:26 INF] 【直播间】4015781 的第 15 个心跳包发送成功
[02:20:27 INF] 【直播间】407149 的第 15 个心跳包发送成功
[02:20:29 INF] 【直播间】9619073 的第 15 个心跳包发送成功
[02:21:29 INF] 【直播间】23357926 的第 16 个心跳包发送成功
[02:21:30 INF] 【直播间】23040372 的第 16 个心跳包发送成功
[02:21:31 INF] 【直播间】31494 的第 16 个心跳包发送成功
[02:21:33 INF] 【直播间】4015781 的第 16 个心跳包发送成功
[02:21:34 INF] 【直播间】407149 的第 16 个心跳包发送成功
[02:21:35 INF] 【直播间】9619073 的第 16 个心跳包发送成功
[02:22:36 INF] 【直播间】23357926 的第 17 个心跳包发送成功
[02:22:37 INF] 【直播间】23040372 的第 17 个心跳包发送成功
[02:22:38 INF] 【直播间】31494 的第 17 个心跳包发送成功
[02:22:40 INF] 【直播间】4015781 的第 17 个心跳包发送成功
[02:22:41 INF] 【直播间】407149 的第 17 个心跳包发送成功
[02:22:42 INF] 【直播间】9619073 的第 17 个心跳包发送成功
[02:23:42 INF] 【直播间】23357926 的第 18 个心跳包发送成功
[02:23:44 INF] 【直播间】23040372 的第 18 个心跳包发送成功
[02:23:45 INF] 【直播间】31494 的第 18 个心跳包发送成功
[02:23:46 INF] 【直播间】4015781 的第 18 个心跳包发送成功
[02:23:47 INF] 【直播间】407149 的第 18 个心跳包发送成功
[02:23:49 INF] 【直播间】9619073 的第 18 个心跳包发送成功
[02:24:49 INF] 【直播间】23357926 的第 19 个心跳包发送成功
[02:24:50 INF] 【直播间】23040372 的第 19 个心跳包发送成功
[02:24:51 INF] 【直播间】31494 的第 19 个心跳包发送成功
[02:24:53 INF] 【直播间】4015781 的第 19 个心跳包发送成功
[02:24:54 INF] 【直播间】407149 的第 19 个心跳包发送成功
[02:24:55 INF] 【直播间】9619073 的第 19 个心跳包发送成功
[02:25:55 INF] 【直播间】23357926 的第 20 个心跳包发送成功
[02:25:57 INF] 【直播间】23040372 的第 20 个心跳包发送成功
[02:25:58 INF] 【直播间】31494 的第 20 个心跳包发送成功
[02:25:59 INF] 【直播间】4015781 的第 20 个心跳包发送成功
[02:26:01 INF] 【直播间】407149 的第 20 个心跳包发送成功
[02:26:02 INF] 【直播间】9619073 的第 20 个心跳包发送成功
[02:27:02 INF] 【直播间】23357926 的第 21 个心跳包发送成功
[02:27:03 INF] 【直播间】23040372 的第 21 个心跳包发送成功
[02:27:04 INF] 【直播间】31494 的第 21 个心跳包发送成功
[02:27:06 INF] 【直播间】4015781 的第 21 个心跳包发送成功
[02:27:07 INF] 【直播间】407149 的第 21 个心跳包发送成功
[02:27:08 INF] 【直播间】9619073 的第 21 个心跳包发送成功
[02:28:09 INF] 【直播间】23357926 的第 22 个心跳包发送成功
[02:28:10 INF] 【直播间】23040372 的第 22 个心跳包发送成功
[02:28:11 INF] 【直播间】31494 的第 22 个心跳包发送成功
[02:28:13 INF] 【直播间】4015781 的第 22 个心跳包发送成功
[02:28:14 INF] 【直播间】407149 的第 22 个心跳包发送成功
[02:28:15 INF] 【直播间】9619073 的第 22 个心跳包发送成功
[02:29:15 INF] 【直播间】23357926 的第 23 个心跳包发送成功
[02:29:17 INF] 【直播间】23040372 的第 23 个心跳包发送成功
[02:29:18 INF] 【直播间】31494 的第 23 个心跳包发送成功
[02:29:19 INF] 【直播间】4015781 的第 23 个心跳包发送成功
[02:29:20 INF] 【直播间】407149 的第 23 个心跳包发送成功
[02:29:22 INF] 【直播间】9619073 的第 23 个心跳包发送成功
[02:30:22 INF] 【直播间】23357926 的第 24 个心跳包发送成功
[02:30:23 INF] 【直播间】23040372 的第 24 个心跳包发送成功
[02:30:25 INF] 【直播间】31494 的第 24 个心跳包发送成功
[02:30:26 INF] 【直播间】4015781 的第 24 个心跳包发送成功
[02:30:27 INF] 【直播间】407149 的第 24 个心跳包发送成功
[02:30:29 INF] 【直播间】9619073 的第 24 个心跳包发送成功
[02:31:28 INF] 【直播间】23357926 的第 25 个心跳包发送成功
[02:31:30 INF] 【直播间】23040372 的第 25 个心跳包发送成功
[02:31:31 INF] 【直播间】31494 的第 25 个心跳包发送成功
[02:31:32 INF] 【直播间】4015781 的第 25 个心跳包发送成功
[02:31:34 INF] 【直播间】407149 的第 25 个心跳包发送成功
[02:31:35 INF] 【直播间】9619073 的第 25 个心跳包发送成功
[02:32:35 INF] 【直播间】23357926 的第 26 个心跳包发送成功
[02:32:36 INF] 【直播间】23040372 的第 26 个心跳包发送成功
[02:32:37 INF] 【直播间】31494 的第 26 个心跳包发送成功
[02:32:39 INF] 【直播间】4015781 的第 26 个心跳包发送成功
[02:32:40 INF] 【直播间】407149 的第 26 个心跳包发送成功
[02:32:41 INF] 【直播间】9619073 的第 26 个心跳包发送成功
[02:33:42 INF] 【直播间】23357926 的第 27 个心跳包发送成功
[02:33:43 INF] 【直播间】23040372 的第 27 个心跳包发送成功
[02:33:44 INF] 【直播间】31494 的第 27 个心跳包发送成功
[02:33:46 INF] 【直播间】4015781 的第 27 个心跳包发送成功
[02:33:47 INF] 【直播间】407149 的第 27 个心跳包发送成功
[02:33:48 INF] 【直播间】9619073 的第 27 个心跳包发送成功
[02:34:48 ERR] 【心跳包】直播间 23357926 发送失败
[02:34:48 ERR] 【原因】time check failed
[02:34:50 ERR] 【心跳包】直播间 23040372 发送失败
[02:34:50 ERR] 【原因】time check failed
[02:34:51 ERR] 【心跳包】直播间 31494 发送失败
[02:34:51 ERR] 【原因】time check failed
[02:34:52 ERR] 【心跳包】直播间 4015781 发送失败
[02:34:52 ERR] 【原因】time check failed
[02:34:53 ERR] 【心跳包】直播间 407149 发送失败
[02:34:53 ERR] 【原因】time check failed
[02:34:55 ERR] 【心跳包】直播间 9619073 发送失败
[02:34:55 ERR] 【原因】time check failed
[02:35:55 INF] 【直播间】23357926 的第 28 个心跳包发送成功
[02:35:56 INF] 【直播间】23040372 的第 28 个心跳包发送成功
[02:35:57 INF] 【直播间】31494 的第 28 个心跳包发送成功
[02:35:59 INF] 【直播间】4015781 的第 28 个心跳包发送成功
[02:36:00 INF] 【直播间】407149 的第 28 个心跳包发送成功
[02:36:01 INF] 【直播间】9619073 的第 28 个心跳包发送成功
[02:37:01 INF] 【直播间】23357926 的第 29 个心跳包发送成功
[02:37:03 INF] 【直播间】23040372 的第 29 个心跳包发送成功
[02:37:04 INF] 【直播间】31494 的第 29 个心跳包发送成功
[02:37:05 INF] 【直播间】4015781 的第 29 个心跳包发送成功
[02:37:06 INF] 【直播间】407149 的第 29 个心跳包发送成功
[02:37:08 INF] 【直播间】9619073 的第 29 个心跳包发送成功
[02:38:08 INF] 【直播间】23357926 的第 30 个心跳包发送成功
[02:38:09 INF] 【直播间】23040372 的第 30 个心跳包发送成功
[02:38:11 INF] 【直播间】31494 的第 30 个心跳包发送成功
[02:38:12 INF] 【直播间】4015781 的第 30 个心跳包发送成功
[02:38:13 INF] 【直播间】407149 的第 30 个心跳包发送成功
[02:38:14 INF] 【直播间】9619073 的第 30 个心跳包发送成功
[02:39:15 INF] 【直播间】23357926 的第 31 个心跳包发送成功
[02:39:16 INF] 【直播间】23040372 的第 31 个心跳包发送成功
[02:39:18 INF] 【直播间】31494 的第 31 个心跳包发送成功
[02:39:19 INF] 【直播间】4015781 的第 31 个心跳包发送成功
[02:39:20 INF] 【直播间】407149 的第 31 个心跳包发送成功
[02:39:21 INF] 【直播间】9619073 的第 31 个心跳包发送成功
[02:40:22 INF] 【直播间】23357926 的第 32 个心跳包发送成功
[02:40:23 INF] 【直播间】23040372 的第 32 个心跳包发送成功
[02:40:24 INF] 【直播间】31494 的第 32 个心跳包发送成功
[02:40:25 INF] 【直播间】4015781 的第 32 个心跳包发送成功
[02:40:27 INF] 【直播间】407149 的第 32 个心跳包发送成功
[02:40:28 INF] 【直播间】9619073 的第 32 个心跳包发送成功
[02:41:28 INF] 【直播间】23357926 的第 33 个心跳包发送成功
[02:41:29 INF] 【直播间】23040372 的第 33 个心跳包发送成功
[02:41:31 INF] 【直播间】31494 的第 33 个心跳包发送成功
[02:41:32 INF] 【直播间】4015781 的第 33 个心跳包发送成功
[02:41:33 INF] 【直播间】407149 的第 33 个心跳包发送成功
[02:41:34 INF] 【直播间】9619073 的第 33 个心跳包发送成功
[02:42:35 INF] 【直播间】23357926 的第 34 个心跳包发送成功
[02:42:36 INF] 【直播间】23040372 的第 34 个心跳包发送成功
[02:42:37 INF] 【直播间】31494 的第 34 个心跳包发送成功
[02:42:39 INF] 【直播间】4015781 的第 34 个心跳包发送成功
[02:42:40 INF] 【直播间】407149 的第 34 个心跳包发送成功
[02:42:41 INF] 【直播间】9619073 的第 34 个心跳包发送成功
[02:43:41 INF] 【直播间】23357926 的第 35 个心跳包发送成功
[02:43:42 INF] 【直播间】23040372 的第 35 个心跳包发送成功
[02:43:44 INF] 【直播间】31494 的第 35 个心跳包发送成功
[02:43:45 INF] 【直播间】4015781 的第 35 个心跳包发送成功
[02:43:46 INF] 【直播间】407149 的第 35 个心跳包发送成功
[02:43:47 INF] 【直播间】9619073 的第 35 个心跳包发送成功
[02:44:48 INF] 【直播间】23357926 的第 36 个心跳包发送成功
[02:44:49 INF] 【直播间】23040372 的第 36 个心跳包发送成功
[02:44:50 INF] 【直播间】31494 的第 36 个心跳包发送成功
[02:44:52 INF] 【直播间】4015781 的第 36 个心跳包发送成功
[02:44:53 INF] 【直播间】407149 的第 36 个心跳包发送成功
[02:44:54 INF] 【直播间】9619073 的第 36 个心跳包发送成功
[02:45:54 INF] 【直播间】23357926 的第 37 个心跳包发送成功
[02:45:56 INF] 【直播间】23040372 的第 37 个心跳包发送成功
[02:45:57 INF] 【直播间】31494 的第 37 个心跳包发送成功
[02:45:58 INF] 【直播间】4015781 的第 37 个心跳包发送成功
[02:45:59 INF] 【直播间】407149 的第 37 个心跳包发送成功
[02:46:01 INF] 【直播间】9619073 的第 37 个心跳包发送成功
[02:47:01 INF] 【直播间】23357926 的第 38 个心跳包发送成功
[02:47:02 INF] 【直播间】23040372 的第 38 个心跳包发送成功
[02:47:04 INF] 【直播间】31494 的第 38 个心跳包发送成功
[02:47:05 INF] 【直播间】4015781 的第 38 个心跳包发送成功
[02:47:06 INF] 【直播间】407149 的第 38 个心跳包发送成功
[02:47:07 INF] 【直播间】9619073 的第 38 个心跳包发送成功
[02:48:08 INF] 【直播间】23357926 的第 39 个心跳包发送成功
[02:48:09 INF] 【直播间】23040372 的第 39 个心跳包发送成功
[02:48:10 INF] 【直播间】31494 的第 39 个心跳包发送成功
[02:48:11 INF] 【直播间】4015781 的第 39 个心跳包发送成功
[02:48:13 INF] 【直播间】407149 的第 39 个心跳包发送成功
[02:48:14 INF] 【直播间】9619073 的第 39 个心跳包发送成功
[02:49:14 INF] 【直播间】23357926 的第 40 个心跳包发送成功
[02:49:16 INF] 【直播间】23040372 的第 40 个心跳包发送成功
[02:49:17 INF] 【直播间】31494 的第 40 个心跳包发送成功
[02:49:18 INF] 【直播间】4015781 的第 40 个心跳包发送成功
[02:49:19 INF] 【直播间】407149 的第 40 个心跳包发送成功
[02:49:21 INF] 【直播间】9619073 的第 40 个心跳包发送成功
[02:50:21 ERR] 【心跳包】直播间 23357926 发送失败
[02:50:21 ERR] 【原因】time check failed
[02:50:22 ERR] 【心跳包】直播间 23040372 发送失败
[02:50:22 ERR] 【原因】time check failed
[02:50:24 ERR] 【心跳包】直播间 31494 发送失败
[02:50:24 ERR] 【原因】time check failed
[02:50:25 ERR] 【心跳包】直播间 4015781 发送失败
[02:50:25 ERR] 【原因】time check failed
[02:50:26 ERR] 【心跳包】直播间 407149 发送失败
[02:50:26 ERR] 【原因】time check failed
[02:50:27 ERR] 【心跳包】直播间 9619073 发送失败
[02:50:27 ERR] 【原因】time check failed
[02:51:27 INF] 【直播间】23357926 的第 41 个心跳包发送成功
[02:51:29 INF] 【直播间】23040372 的第 41 个心跳包发送成功
[02:51:30 INF] 【直播间】31494 的第 41 个心跳包发送成功
[02:51:31 INF] 【直播间】4015781 的第 41 个心跳包发送成功
[02:51:32 INF] 【直播间】407149 的第 41 个心跳包发送成功
[02:51:34 INF] 【直播间】9619073 的第 41 个心跳包发送成功
[02:52:34 INF] 【直播间】23357926 的第 42 个心跳包发送成功
[02:52:35 INF] 【直播间】23040372 的第 42 个心跳包发送成功
[02:52:37 INF] 【直播间】31494 的第 42 个心跳包发送成功
[02:52:38 INF] 【直播间】4015781 的第 42 个心跳包发送成功
[02:52:39 INF] 【直播间】407149 的第 42 个心跳包发送成功
[02:52:40 INF] 【直播间】9619073 的第 42 个心跳包发送成功
[02:53:41 INF] 【直播间】23357926 的第 43 个心跳包发送成功
[02:53:42 INF] 【直播间】23040372 的第 43 个心跳包发送成功
[02:53:43 INF] 【直播间】31494 的第 43 个心跳包发送成功
[02:53:44 INF] 【直播间】4015781 的第 43 个心跳包发送成功
[02:53:46 INF] 【直播间】407149 的第 43 个心跳包发送成功
[02:53:47 INF] 【直播间】9619073 的第 43 个心跳包发送成功
[02:54:47 INF] 【直播间】23357926 的第 44 个心跳包发送成功
[02:54:49 INF] 【直播间】23040372 的第 44 个心跳包发送成功
[02:54:50 INF] 【直播间】31494 的第 44 个心跳包发送成功
[02:54:51 INF] 【直播间】4015781 的第 44 个心跳包发送成功
[02:54:52 INF] 【直播间】407149 的第 44 个心跳包发送成功
[02:54:54 INF] 【直播间】9619073 的第 44 个心跳包发送成功
[02:55:54 INF] 【直播间】23357926 的第 45 个心跳包发送成功
[02:55:55 INF] 【直播间】23040372 的第 45 个心跳包发送成功
[02:55:57 INF] 【直播间】31494 的第 45 个心跳包发送成功
[02:55:58 INF] 【直播间】4015781 的第 45 个心跳包发送成功
[02:55:59 INF] 【直播间】407149 的第 45 个心跳包发送成功
[02:56:00 INF] 【直播间】9619073 的第 45 个心跳包发送成功
[02:57:01 INF] 【直播间】23357926 的第 46 个心跳包发送成功
[02:57:02 INF] 【直播间】23040372 的第 46 个心跳包发送成功
[02:57:03 INF] 【直播间】31494 的第 46 个心跳包发送成功
[02:57:05 INF] 【直播间】4015781 的第 46 个心跳包发送成功
[02:57:06 INF] 【直播间】407149 的第 46 个心跳包发送成功
[02:57:07 INF] 【直播间】9619073 的第 46 个心跳包发送成功
[02:58:07 INF] 【直播间】23357926 的第 47 个心跳包发送成功
[02:58:08 INF] 【直播间】23040372 的第 47 个心跳包发送成功
[02:58:10 INF] 【直播间】31494 的第 47 个心跳包发送成功
[02:58:11 INF] 【直播间】4015781 的第 47 个心跳包发送成功
[02:58:12 INF] 【直播间】407149 的第 47 个心跳包发送成功
[02:58:13 INF] 【直播间】9619073 的第 47 个心跳包发送成功
[02:59:14 INF] 【直播间】23357926 的第 48 个心跳包发送成功
[02:59:15 INF] 【直播间】23040372 的第 48 个心跳包发送成功
[02:59:16 INF] 【直播间】31494 的第 48 个心跳包发送成功
[02:59:18 INF] 【直播间】4015781 的第 48 个心跳包发送成功
[02:59:19 INF] 【直播间】407149 的第 48 个心跳包发送成功
[02:59:20 INF] 【直播间】9619073 的第 48 个心跳包发送成功
[03:00:21 INF] 【直播间】23357926 的第 49 个心跳包发送成功
[03:00:22 INF] 【直播间】23040372 的第 49 个心跳包发送成功
[03:00:23 INF] 【直播间】31494 的第 49 个心跳包发送成功
[03:00:24 INF] 【直播间】4015781 的第 49 个心跳包发送成功
[03:00:25 INF] 【直播间】407149 的第 49 个心跳包发送成功
[03:00:27 INF] 【直播间】9619073 的第 49 个心跳包发送成功
[03:01:27 INF] 【直播间】23357926 的第 50 个心跳包发送成功
[03:01:28 INF] 【直播间】23040372 的第 50 个心跳包发送成功
[03:01:30 INF] 【直播间】31494 的第 50 个心跳包发送成功
[03:01:31 INF] 【直播间】4015781 的第 50 个心跳包发送成功
[03:01:32 INF] 【直播间】407149 的第 50 个心跳包发送成功
[03:01:33 INF] 【直播间】9619073 的第 50 个心跳包发送成功
[03:02:34 INF] 【直播间】23357926 的第 51 个心跳包发送成功
[03:02:35 INF] 【直播间】23040372 的第 51 个心跳包发送成功
[03:02:36 INF] 【直播间】31494 的第 51 个心跳包发送成功
[03:02:38 INF] 【直播间】4015781 的第 51 个心跳包发送成功
[03:02:39 INF] 【直播间】407149 的第 51 个心跳包发送成功
[03:02:40 INF] 【直播间】9619073 的第 51 个心跳包发送成功
[03:03:40 INF] 【直播间】23357926 的第 52 个心跳包发送成功
[03:03:42 INF] 【直播间】23040372 的第 52 个心跳包发送成功
[03:03:43 INF] 【直播间】31494 的第 52 个心跳包发送成功
[03:03:44 INF] 【直播间】4015781 的第 52 个心跳包发送成功
[03:03:46 INF] 【直播间】407149 的第 52 个心跳包发送成功
[03:03:47 INF] 【直播间】9619073 的第 52 个心跳包发送成功
[03:04:47 INF] 【直播间】23357926 的第 53 个心跳包发送成功
[03:04:48 INF] 【直播间】23040372 的第 53 个心跳包发送成功
[03:04:49 INF] 【直播间】31494 的第 53 个心跳包发送成功
[03:04:51 INF] 【直播间】4015781 的第 53 个心跳包发送成功
[03:04:52 INF] 【直播间】407149 的第 53 个心跳包发送成功
[03:04:53 INF] 【直播间】9619073 的第 53 个心跳包发送成功
[03:05:54 ERR] 【心跳包】直播间 23357926 发送失败
[03:05:54 ERR] 【原因】time check failed
[03:05:55 ERR] 【心跳包】直播间 23040372 发送失败
[03:05:55 ERR] 【原因】time check failed
[03:05:56 ERR] 【心跳包】直播间 31494 发送失败
[03:05:56 ERR] 【原因】time check failed
[03:05:57 ERR] 【心跳包】直播间 4015781 发送失败
[03:05:57 ERR] 【原因】time check failed
[03:05:59 ERR] 【心跳包】直播间 407149 发送失败
[03:05:59 ERR] 【原因】time check failed
[03:06:00 ERR] 【心跳包】直播间 9619073 发送失败
[03:06:00 ERR] 【原因】time check failed
[03:07:00 INF] 【直播间】23357926 的第 54 个心跳包发送成功
[03:07:02 INF] 【直播间】23040372 的第 54 个心跳包发送成功
[03:07:03 INF] 【直播间】31494 的第 54 个心跳包发送成功
[03:07:04 INF] 【直播间】4015781 的第 54 个心跳包发送成功
[03:07:05 INF] 【直播间】407149 的第 54 个心跳包发送成功
[03:07:07 INF] 【直播间】9619073 的第 54 个心跳包发送成功
[03:08:07 INF] 【直播间】23357926 的第 55 个心跳包发送成功
[03:08:08 INF] 【直播间】23040372 的第 55 个心跳包发送成功
[03:08:09 INF] 【直播间】31494 的第 55 个心跳包发送成功
[03:08:11 INF] 【直播间】4015781 的第 55 个心跳包发送成功
[03:08:12 INF] 【直播间】407149 的第 55 个心跳包发送成功
[03:08:13 INF] 【直播间】9619073 的第 55 个心跳包发送成功
[03:09:14 INF] 【直播间】23357926 的第 56 个心跳包发送成功
[03:09:15 INF] 【直播间】23040372 的第 56 个心跳包发送成功
[03:09:16 INF] 【直播间】31494 的第 56 个心跳包发送成功
[03:09:17 INF] 【直播间】4015781 的第 56 个心跳包发送成功
[03:09:19 INF] 【直播间】407149 的第 56 个心跳包发送成功
[03:09:20 INF] 【直播间】9619073 的第 56 个心跳包发送成功
[03:10:20 INF] 【直播间】23357926 的第 57 个心跳包发送成功
[03:10:22 INF] 【直播间】23040372 的第 57 个心跳包发送成功
[03:10:23 INF] 【直播间】31494 的第 57 个心跳包发送成功
[03:10:24 INF] 【直播间】4015781 的第 57 个心跳包发送成功
[03:10:25 INF] 【直播间】407149 的第 57 个心跳包发送成功
[03:10:26 INF] 【直播间】9619073 的第 57 个心跳包发送成功
[03:11:27 INF] 【直播间】23357926 的第 58 个心跳包发送成功
[03:11:28 INF] 【直播间】23040372 的第 58 个心跳包发送成功
[03:11:29 INF] 【直播间】31494 的第 58 个心跳包发送成功
[03:11:31 INF] 【直播间】4015781 的第 58 个心跳包发送成功
[03:11:32 INF] 【直播间】407149 的第 58 个心跳包发送成功
[03:11:33 INF] 【直播间】9619073 的第 58 个心跳包发送成功
[03:12:34 INF] 【直播间】23357926 的第 59 个心跳包发送成功
[03:12:35 INF] 【直播间】23040372 的第 59 个心跳包发送成功
[03:12:36 INF] 【直播间】31494 的第 59 个心跳包发送成功
[03:12:37 INF] 【直播间】4015781 的第 59 个心跳包发送成功
[03:12:39 INF] 【直播间】407149 的第 59 个心跳包发送成功
[03:12:40 INF] 【直播间】9619073 的第 59 个心跳包发送成功
[03:13:40 INF] 【直播间】23357926 的第 60 个心跳包发送成功
[03:13:42 INF] 【直播间】23040372 的第 60 个心跳包发送成功
[03:13:43 INF] 【直播间】31494 的第 60 个心跳包发送成功
[03:13:44 INF] 【直播间】4015781 的第 60 个心跳包发送成功
[03:13:45 INF] 【直播间】407149 的第 60 个心跳包发送成功
[03:13:47 INF] 【直播间】9619073 的第 60 个心跳包发送成功
[03:14:47 INF] 【直播间】23357926 的第 61 个心跳包发送成功
[03:14:48 INF] 【直播间】23040372 的第 61 个心跳包发送成功
[03:14:49 INF] 【直播间】31494 的第 61 个心跳包发送成功
[03:14:51 INF] 【直播间】4015781 的第 61 个心跳包发送成功
[03:14:52 INF] 【直播间】407149 的第 61 个心跳包发送成功
[03:14:53 INF] 【直播间】9619073 的第 61 个心跳包发送成功
[03:15:53 INF] 【直播间】23357926 的第 62 个心跳包发送成功
[03:15:55 INF] 【直播间】23040372 的第 62 个心跳包发送成功
[03:15:56 INF] 【直播间】31494 的第 62 个心跳包发送成功
[03:15:57 INF] 【直播间】4015781 的第 62 个心跳包发送成功
[03:15:58 INF] 【直播间】407149 的第 62 个心跳包发送成功
[03:16:00 INF] 【直播间】9619073 的第 62 个心跳包发送成功
[03:17:00 INF] 【直播间】23357926 的第 63 个心跳包发送成功
[03:17:01 INF] 【直播间】23040372 的第 63 个心跳包发送成功
[03:17:02 INF] 【直播间】31494 的第 63 个心跳包发送成功
[03:17:04 INF] 【直播间】4015781 的第 63 个心跳包发送成功
[03:17:05 INF] 【直播间】407149 的第 63 个心跳包发送成功
[03:17:06 INF] 【直播间】9619073 的第 63 个心跳包发送成功
[03:18:07 INF] 【直播间】23357926 的第 64 个心跳包发送成功
[03:18:08 INF] 【直播间】23040372 的第 64 个心跳包发送成功
[03:18:09 INF] 【直播间】31494 的第 64 个心跳包发送成功
[03:18:10 INF] 【直播间】4015781 的第 64 个心跳包发送成功
[03:18:12 INF] 【直播间】407149 的第 64 个心跳包发送成功
[03:18:13 INF] 【直播间】9619073 的第 64 个心跳包发送成功
[03:19:13 INF] 【直播间】23357926 的第 65 个心跳包发送成功
[03:19:15 INF] 【直播间】23040372 的第 65 个心跳包发送成功
[03:19:16 INF] 【直播间】31494 的第 65 个心跳包发送成功
[03:19:17 INF] 【直播间】4015781 的第 65 个心跳包发送成功
[03:19:18 INF] 【直播间】407149 的第 65 个心跳包发送成功
[03:19:20 INF] 【直播间】9619073 的第 65 个心跳包发送成功
[03:20:20 INF] 【直播间】23357926 的第 66 个心跳包发送成功
[03:20:21 INF] 【直播间】23040372 的第 66 个心跳包发送成功
[03:20:22 INF] 【直播间】31494 的第 66 个心跳包发送成功
[03:20:24 INF] 【直播间】4015781 的第 66 个心跳包发送成功
[03:20:25 INF] 【直播间】407149 的第 66 个心跳包发送成功
[03:20:26 INF] 【直播间】9619073 的第 66 个心跳包发送成功
[03:21:26 ERR] 【心跳包】直播间 23357926 发送失败
[03:21:26 ERR] 【原因】time check failed
[03:21:28 ERR] 【心跳包】直播间 23040372 发送失败
[03:21:28 ERR] 【原因】time check failed
[03:21:29 ERR] 【心跳包】直播间 31494 发送失败
[03:21:29 ERR] 【原因】time check failed
[03:21:30 ERR] 【心跳包】直播间 4015781 发送失败
[03:21:30 ERR] 【原因】time check failed
[03:21:31 ERR] 【心跳包】直播间 407149 发送失败
[03:21:31 ERR] 【原因】time check failed
[03:21:33 ERR] 【心跳包】直播间 9619073 发送失败
[03:21:33 ERR] 【原因】time check failed
[03:22:33 INF] 【直播间】23357926 的第 67 个心跳包发送成功
[03:22:34 INF] 【直播间】23040372 的第 67 个心跳包发送成功
[03:22:35 INF] 【直播间】31494 的第 67 个心跳包发送成功
[03:22:37 INF] 【直播间】4015781 的第 67 个心跳包发送成功
[03:22:38 INF] 【直播间】407149 的第 67 个心跳包发送成功
[03:22:39 INF] 【直播间】9619073 的第 67 个心跳包发送成功
[03:23:40 INF] 【直播间】23357926 的第 68 个心跳包发送成功
[03:23:41 INF] 【直播间】23040372 的第 68 个心跳包发送成功
[03:23:42 INF] 【直播间】31494 的第 68 个心跳包发送成功
[03:23:43 INF] 【直播间】4015781 的第 68 个心跳包发送成功
[03:23:45 INF] 【直播间】407149 的第 68 个心跳包发送成功
[03:23:46 INF] 【直播间】9619073 的第 68 个心跳包发送成功
[03:24:46 INF] 【直播间】23357926 的第 69 个心跳包发送成功
[03:24:48 INF] 【直播间】23040372 的第 69 个心跳包发送成功
[03:24:49 INF] 【直播间】31494 的第 69 个心跳包发送成功
[03:24:50 INF] 【直播间】4015781 的第 69 个心跳包发送成功
[03:24:51 INF] 【直播间】407149 的第 69 个心跳包发送成功
[03:24:52 INF] 【直播间】9619073 的第 69 个心跳包发送成功
[03:25:53 INF] 【直播间】23357926 的第 70 个心跳包发送成功
[03:25:54 INF] 【直播间】23040372 的第 70 个心跳包发送成功
[03:25:55 INF] 【直播间】31494 的第 70 个心跳包发送成功
[03:25:56 INF] 【直播间】4015781 的第 70 个心跳包发送成功
[03:25:58 INF] 【直播间】407149 的第 70 个心跳包发送成功
[03:25:59 INF] 【直播间】9619073 的第 70 个心跳包发送成功
[03:25:59 INF] 【直播观看时长】完成情况：6/6 
[03:25:59 INF] ---------结束---------

[03:25:59 INF] ==========结束==========

[03:25:59 INF] ######### 账号 3 #########

[03:25:59 INF] =====开始 直播间互动 =====

[03:25:59 INF] ---开始 发送弹幕 ---
[03:25:59 INF] 检测到直播 Cookie 未正确配置，尝试自动配置中...
[03:26:05 INF] 直播 Cookie 配置成功！
[03:26:05 INF] 【获取直播列表】获取拥有粉丝牌的直播列表
[03:26:09 INF] 【主播】苏打baka 
[03:26:25 INF] 【直播间】苏打baka
[03:26:25 INF] 【粉丝牌】碳酸钠
[03:26:25 INF] 正在发送弹幕...
[03:26:28 INF] -------结束-------

[03:26:28 INF] ---开始 点赞直播间 ---
[03:26:28 INF] 【获取直播列表】获取拥有粉丝牌的直播列表
[03:26:36 INF] 【主播】苏打baka 
[03:26:42 INF] 【弹幕发送】成功~，你和主播 苏打baka 的亲密值增加了100！
[03:26:57 INF] --------结束--------

[03:26:57 INF] ---开始 直播时长挂机 ---
[03:26:57 INF] 【获取直播列表】获取拥有粉丝牌的直播列表
[03:26:58 INF] 【点赞直播间】23040372 完成
[03:27:05 INF] 【主播】苏打baka 
[03:27:25 INF] 【直播间】23040372 的第 1 个心跳包发送成功
[03:28:31 INF] 【直播间】23040372 的第 2 个心跳包发送成功
[03:29:38 INF] 【直播间】23040372 的第 3 个心跳包发送成功
[03:30:45 INF] 【直播间】23040372 的第 4 个心跳包发送成功
[03:31:51 INF] 【直播间】23040372 的第 5 个心跳包发送成功
[03:32:58 INF] 【直播间】23040372 的第 6 个心跳包发送成功
[03:34:04 INF] 【直播间】23040372 的第 7 个心跳包发送成功
[03:35:11 INF] 【直播间】23040372 的第 8 个心跳包发送成功
[03:36:18 INF] 【直播间】23040372 的第 9 个心跳包发送成功
[03:37:24 INF] 【直播间】23040372 的第 10 个心跳包发送成功
[03:38:31 INF] 【直播间】23040372 的第 11 个心跳包发送成功
[03:39:37 INF] 【直播间】23040372 的第 12 个心跳包发送成功
[03:40:44 INF] 【直播间】23040372 的第 13 个心跳包发送成功
[03:41:51 INF] 【直播间】23040372 的第 14 个心跳包发送成功
[03:42:58 ERR] 【心跳包】直播间 23040372 发送失败
[03:42:58 ERR] 【原因】time check failed
[03:44:04 INF] 【直播间】23040372 的第 15 个心跳包发送成功
[03:45:11 INF] 【直播间】23040372 的第 16 个心跳包发送成功
[03:46:17 INF] 【直播间】23040372 的第 17 个心跳包发送成功
[03:47:24 INF] 【直播间】23040372 的第 18 个心跳包发送成功
[03:48:30 INF] 【直播间】23040372 的第 19 个心跳包发送成功
[03:49:37 INF] 【直播间】23040372 的第 20 个心跳包发送成功
[03:50:43 INF] 【直播间】23040372 的第 21 个心跳包发送成功
[03:51:50 INF] 【直播间】23040372 的第 22 个心跳包发送成功
[03:52:57 INF] 【直播间】23040372 的第 23 个心跳包发送成功
[03:54:03 INF] 【直播间】23040372 的第 24 个心跳包发送成功
[03:55:10 INF] 【直播间】23040372 的第 25 个心跳包发送成功
[03:56:16 INF] 【直播间】23040372 的第 26 个心跳包发送成功
[03:57:23 INF] 【直播间】23040372 的第 27 个心跳包发送成功
[03:58:30 ERR] 【心跳包】直播间 23040372 发送失败
[03:58:30 ERR] 【原因】time check failed
[03:59:37 INF] 【直播间】23040372 的第 28 个心跳包发送成功
[04:00:43 INF] 【直播间】23040372 的第 29 个心跳包发送成功
[04:01:50 INF] 【直播间】23040372 的第 30 个心跳包发送成功
[04:02:57 INF] 【直播间】23040372 的第 31 个心跳包发送成功
[04:04:04 INF] 【直播间】23040372 的第 32 个心跳包发送成功
[04:05:10 INF] 【直播间】23040372 的第 33 个心跳包发送成功
[04:06:17 INF] 【直播间】23040372 的第 34 个心跳包发送成功
[04:07:23 INF] 【直播间】23040372 的第 35 个心跳包发送成功
[04:08:30 INF] 【直播间】23040372 的第 36 个心跳包发送成功
[04:09:37 INF] 【直播间】23040372 的第 37 个心跳包发送成功
[04:10:43 INF] 【直播间】23040372 的第 38 个心跳包发送成功
[04:11:50 INF] 【直播间】23040372 的第 39 个心跳包发送成功
[04:12:56 INF] 【直播间】23040372 的第 40 个心跳包发送成功
[04:14:03 ERR] 【心跳包】直播间 23040372 发送失败
[04:14:03 ERR] 【原因】time check failed
[04:15:10 INF] 【直播间】23040372 的第 41 个心跳包发送成功
[04:16:16 INF] 【直播间】23040372 的第 42 个心跳包发送成功
[04:17:23 INF] 【直播间】23040372 的第 43 个心跳包发送成功
[04:18:29 INF] 【直播间】23040372 的第 44 个心跳包发送成功
[04:19:36 INF] 【直播间】23040372 的第 45 个心跳包发送成功
[04:20:43 INF] 【直播间】23040372 的第 46 个心跳包发送成功
[04:21:49 INF] 【直播间】23040372 的第 47 个心跳包发送成功
[04:22:56 INF] 【直播间】23040372 的第 48 个心跳包发送成功
[04:24:02 INF] 【直播间】23040372 的第 49 个心跳包发送成功
[04:25:09 INF] 【直播间】23040372 的第 50 个心跳包发送成功
[04:26:15 INF] 【直播间】23040372 的第 51 个心跳包发送成功
[04:27:22 INF] 【直播间】23040372 的第 52 个心跳包发送成功
[04:28:29 INF] 【直播间】23040372 的第 53 个心跳包发送成功
[04:29:35 ERR] 【心跳包】直播间 23040372 发送失败
[04:29:35 ERR] 【原因】time check failed
[04:30:42 INF] 【直播间】23040372 的第 54 个心跳包发送成功
[04:31:48 INF] 【直播间】23040372 的第 55 个心跳包发送成功
[04:32:55 INF] 【直播间】23040372 的第 56 个心跳包发送成功
[04:34:02 INF] 【直播间】23040372 的第 57 个心跳包发送成功
[04:35:08 INF] 【直播间】23040372 的第 58 个心跳包发送成功
[04:36:15 INF] 【直播间】23040372 的第 59 个心跳包发送成功
[04:37:22 INF] 【直播间】23040372 的第 60 个心跳包发送成功
[04:38:28 INF] 【直播间】23040372 的第 61 个心跳包发送成功
[04:39:35 INF] 【直播间】23040372 的第 62 个心跳包发送成功
[04:40:41 INF] 【直播间】23040372 的第 63 个心跳包发送成功
[04:41:48 INF] 【直播间】23040372 的第 64 个心跳包发送成功
[04:42:55 INF] 【直播间】23040372 的第 65 个心跳包发送成功
[04:44:01 INF] 【直播间】23040372 的第 66 个心跳包发送成功
[04:45:08 ERR] 【心跳包】直播间 23040372 发送失败
[04:45:08 ERR] 【原因】time check failed
[04:46:14 INF] 【直播间】23040372 的第 67 个心跳包发送成功
[04:47:21 INF] 【直播间】23040372 的第 68 个心跳包发送成功
[04:48:27 INF] 【直播间】23040372 的第 69 个心跳包发送成功
[04:49:34 INF] 【直播间】23040372 的第 70 个心跳包发送成功
[04:49:34 INF] 【直播观看时长】完成情况：1/1 
[04:49:34 INF] ---------结束---------

[04:49:34 INF] ==========结束==========

[04:49:34 INF] 

========================

 v2.0.1 开源 by https://github.com/RayWangQvQ/BiliBiliToolPro

[04:49:34 INF] ·开始推送·LiveFansMedal任务·
2023-06-15T20:49:34.6530227Z 开始推送到:自定义
2023-06-15T20:49:43.8031027Z Response status: OK.
2023-06-15T20:49:43.8031531Z Response content: {"message":"","success":true,"uuid":"f8aa340a9c6044af818762a1f3ab4657"}.

[04:49:43 INF] 运行环境：Development
[04:49:43 INF] 应用目录：/home/runner/work/BiliBiliToolPro/BiliBiliToolPro/src/Ray.BiliBiliTool.Console/bin/Debug/net6.0/

[04:49:43 INF] 运行结束
