----------- ip 信息 ---------
{
  "ip": "168.61.75.143",
  "city": "San Jose",
  "region": "California",
  "country": "US",
  "loc": "37.3394,-121.8950",
  "org": "AS8075 Microsoft Corporation",
  "postal": "95103",
  "timezone": "America/Los_Angeles",
  "readme": "https://ipinfo.io/missingauth"
} ---------- end ------------
  ____               ____    _   _____           _  
 |  _ \ __ _ _   _  | __ ) _| |_|_   _|__   ___ | | 
 | |_) / _` | | | | |  _ \(_) (_) | |/ _ \ / _ \| | 
 |  _ < (_| | |_| | | |_) | | | | | | (_) | (_) | | 
 |_| \_\__,_|\__, | |____/|_|_|_| |_|\___/ \___/|_| 
             |___/                                  

[00:27:48 INF] BiliBiliToolPro 开始运行...

[00:27:48 INF] 【账号个数】3个

[00:27:48 INF] 随机休眠1分钟

[00:28:48 INF] 【目标任务】LiveFansMedal
[00:28:48 INF] ######### 账号 1 #########

[00:28:48 INF] =====开始 直播间互动 =====

[00:28:48 INF] ---开始 发送弹幕 ---
[00:28:48 INF] 检测到直播 Cookie 未正确配置，尝试自动配置中...
[00:28:53 INF] 直播 Cookie 配置成功！
[00:28:53 INF] 【获取直播列表】获取拥有粉丝牌的直播列表
[00:28:59 INF] 【主播】Mark陌枫 
[00:29:14 INF] 【主播】KL_qiqi_ 
[00:29:31 INF] 【主播】苏打baka 
[00:29:49 INF] 【直播间】Mark陌枫
[00:29:49 INF] 【粉丝牌】馬楓
[00:29:49 INF] 正在发送弹幕...
[00:29:55 INF] 【直播间】KL_qiqi_
[00:29:55 INF] 【粉丝牌】qiqisb
[00:29:55 INF] 正在发送弹幕...
[00:30:00 INF] 【直播间】苏打baka
[00:30:00 INF] 【粉丝牌】碳酸钠
[00:30:00 INF] 正在发送弹幕...
[00:30:03 INF] -------结束-------

[00:30:03 INF] ---开始 点赞直播间 ---
[00:30:03 INF] 【获取直播列表】获取拥有粉丝牌的直播列表
[00:30:07 INF] 【弹幕发送】成功~，你和主播 Mark陌枫 的亲密值增加了100！
[00:30:10 INF] 【主播】Mark陌枫 
[00:30:10 INF] 【弹幕发送】成功~，你和主播 KL_qiqi_ 的亲密值增加了100！
[00:30:15 INF] 【弹幕发送】成功~，你和主播 苏打baka 的亲密值增加了100！
[00:30:28 INF] 【主播】KL_qiqi_ 
[00:30:42 INF] 【主播】苏打baka 
[00:31:01 INF] 【点赞直播间】23357926 完成
[00:31:04 INF] 【点赞直播间】407149 完成
[00:31:10 INF] --------结束--------

[00:31:10 INF] ---开始 直播时长挂机 ---
[00:31:10 INF] 【获取直播列表】获取拥有粉丝牌的直播列表
[00:31:11 INF] 【点赞直播间】23040372 完成
[00:31:15 INF] 【主播】Mark陌枫 
[00:31:36 INF] 【主播】KL_qiqi_ 
[00:31:53 INF] 【主播】苏打baka 
[00:32:16 INF] 【直播间】23357926 的第 1 个心跳包发送成功
[00:32:18 INF] 【直播间】407149 的第 1 个心跳包发送成功
[00:32:19 INF] 【直播间】23040372 的第 1 个心跳包发送成功
[00:33:23 INF] 【直播间】23357926 的第 2 个心跳包发送成功
[00:33:24 INF] 【直播间】407149 的第 2 个心跳包发送成功
[00:33:25 INF] 【直播间】23040372 的第 2 个心跳包发送成功
[00:34:29 INF] 【直播间】23357926 的第 3 个心跳包发送成功
[00:34:30 INF] 【直播间】407149 的第 3 个心跳包发送成功
[00:34:32 INF] 【直播间】23040372 的第 3 个心跳包发送成功
[00:35:36 INF] 【直播间】23357926 的第 4 个心跳包发送成功
[00:35:37 INF] 【直播间】407149 的第 4 个心跳包发送成功
[00:35:38 INF] 【直播间】23040372 的第 4 个心跳包发送成功
[00:36:42 INF] 【直播间】23357926 的第 5 个心跳包发送成功
[00:36:43 INF] 【直播间】407149 的第 5 个心跳包发送成功
[00:36:45 INF] 【直播间】23040372 的第 5 个心跳包发送成功
[00:37:49 INF] 【直播间】23357926 的第 6 个心跳包发送成功
[00:37:50 INF] 【直播间】407149 的第 6 个心跳包发送成功
[00:37:51 INF] 【直播间】23040372 的第 6 个心跳包发送成功
[00:38:56 INF] 【直播间】23357926 的第 7 个心跳包发送成功
[00:38:58 INF] 【直播间】407149 的第 7 个心跳包发送成功
[00:38:59 INF] 【直播间】23040372 的第 7 个心跳包发送成功
[00:40:03 INF] 【直播间】23357926 的第 8 个心跳包发送成功
[00:40:04 INF] 【直播间】407149 的第 8 个心跳包发送成功
[00:40:05 INF] 【直播间】23040372 的第 8 个心跳包发送成功
[00:41:09 INF] 【直播间】23357926 的第 9 个心跳包发送成功
[00:41:10 INF] 【直播间】407149 的第 9 个心跳包发送成功
[00:41:11 INF] 【直播间】23040372 的第 9 个心跳包发送成功
[00:42:15 INF] 【直播间】23357926 的第 10 个心跳包发送成功
[00:42:16 INF] 【直播间】407149 的第 10 个心跳包发送成功
[00:42:18 INF] 【直播间】23040372 的第 10 个心跳包发送成功
[00:43:26 INF] 【直播间】23357926 的第 11 个心跳包发送成功
[00:43:28 INF] 【直播间】407149 的第 11 个心跳包发送成功
[00:43:29 INF] 【直播间】23040372 的第 11 个心跳包发送成功
[00:44:33 INF] 【直播间】23357926 的第 12 个心跳包发送成功
[00:44:34 INF] 【直播间】407149 的第 12 个心跳包发送成功
[00:44:35 INF] 【直播间】23040372 的第 12 个心跳包发送成功
[00:45:40 INF] 【直播间】23357926 的第 13 个心跳包发送成功
[00:45:41 INF] 【直播间】407149 的第 13 个心跳包发送成功
[00:45:42 INF] 【直播间】23040372 的第 13 个心跳包发送成功
[00:46:46 INF] 【直播间】23357926 的第 14 个心跳包发送成功
[00:46:47 INF] 【直播间】407149 的第 14 个心跳包发送成功
[00:46:49 INF] 【直播间】23040372 的第 14 个心跳包发送成功
[00:47:52 ERR] 【心跳包】直播间 23357926 发送失败
[00:47:52 ERR] 【原因】time check failed
[00:47:53 ERR] 【心跳包】直播间 407149 发送失败
[00:47:53 ERR] 【原因】time check failed
[00:47:55 ERR] 【心跳包】直播间 23040372 发送失败
[00:47:55 ERR] 【原因】time check failed
[00:48:59 INF] 【直播间】23357926 的第 15 个心跳包发送成功
[00:49:00 INF] 【直播间】407149 的第 15 个心跳包发送成功
[00:49:01 INF] 【直播间】23040372 的第 15 个心跳包发送成功
[00:50:05 INF] 【直播间】23357926 的第 16 个心跳包发送成功
[00:50:06 INF] 【直播间】407149 的第 16 个心跳包发送成功
[00:50:08 INF] 【直播间】23040372 的第 16 个心跳包发送成功
[00:51:12 INF] 【直播间】23357926 的第 17 个心跳包发送成功
[00:51:13 INF] 【直播间】407149 的第 17 个心跳包发送成功
[00:51:14 INF] 【直播间】23040372 的第 17 个心跳包发送成功
[00:52:18 INF] 【直播间】23357926 的第 18 个心跳包发送成功
[00:52:19 INF] 【直播间】407149 的第 18 个心跳包发送成功
[00:52:20 INF] 【直播间】23040372 的第 18 个心跳包发送成功
[00:53:24 INF] 【直播间】23357926 的第 19 个心跳包发送成功
[00:53:26 INF] 【直播间】407149 的第 19 个心跳包发送成功
[00:53:27 INF] 【直播间】23040372 的第 19 个心跳包发送成功
[00:54:31 INF] 【直播间】23357926 的第 20 个心跳包发送成功
[00:54:32 INF] 【直播间】407149 的第 20 个心跳包发送成功
[00:54:33 INF] 【直播间】23040372 的第 20 个心跳包发送成功
[00:55:37 INF] 【直播间】23357926 的第 21 个心跳包发送成功
[00:55:39 INF] 【直播间】407149 的第 21 个心跳包发送成功
[00:55:40 INF] 【直播间】23040372 的第 21 个心跳包发送成功
[00:56:44 INF] 【直播间】23357926 的第 22 个心跳包发送成功
[00:56:45 INF] 【直播间】407149 的第 22 个心跳包发送成功
[00:56:46 INF] 【直播间】23040372 的第 22 个心跳包发送成功
[00:57:51 INF] 【直播间】23357926 的第 23 个心跳包发送成功
[00:57:52 INF] 【直播间】407149 的第 23 个心跳包发送成功
[00:57:53 INF] 【直播间】23040372 的第 23 个心跳包发送成功
[00:58:57 INF] 【直播间】23357926 的第 24 个心跳包发送成功
[00:58:58 INF] 【直播间】407149 的第 24 个心跳包发送成功
[00:58:59 INF] 【直播间】23040372 的第 24 个心跳包发送成功
[01:00:03 INF] 【直播间】23357926 的第 25 个心跳包发送成功
[01:00:05 INF] 【直播间】407149 的第 25 个心跳包发送成功
[01:00:06 INF] 【直播间】23040372 的第 25 个心跳包发送成功
[01:01:10 INF] 【直播间】23357926 的第 26 个心跳包发送成功
[01:01:11 INF] 【直播间】407149 的第 26 个心跳包发送成功
[01:01:12 INF] 【直播间】23040372 的第 26 个心跳包发送成功
[01:02:16 INF] 【直播间】23357926 的第 27 个心跳包发送成功
[01:02:17 INF] 【直播间】407149 的第 27 个心跳包发送成功
[01:02:19 INF] 【直播间】23040372 的第 27 个心跳包发送成功
[01:03:23 ERR] 【心跳包】直播间 23357926 发送失败
[01:03:23 ERR] 【原因】time check failed
[01:03:24 ERR] 【心跳包】直播间 407149 发送失败
[01:03:24 ERR] 【原因】time check failed
[01:03:25 INF] 【直播间】23040372 的第 28 个心跳包发送成功
[01:04:29 INF] 【直播间】23357926 的第 28 个心跳包发送成功
[01:04:30 INF] 【直播间】407149 的第 28 个心跳包发送成功
[01:04:32 ERR] 【心跳包】直播间 23040372 发送失败
[01:04:32 ERR] 【原因】time check failed
[01:05:35 INF] 【直播间】23357926 的第 29 个心跳包发送成功
[01:05:37 INF] 【直播间】407149 的第 29 个心跳包发送成功
[01:05:38 INF] 【直播间】23040372 的第 29 个心跳包发送成功
[01:06:42 INF] 【直播间】23357926 的第 30 个心跳包发送成功
[01:06:43 INF] 【直播间】407149 的第 30 个心跳包发送成功
[01:06:44 INF] 【直播间】23040372 的第 30 个心跳包发送成功
[01:07:49 INF] 【直播间】23357926 的第 31 个心跳包发送成功
[01:07:50 INF] 【直播间】407149 的第 31 个心跳包发送成功
[01:07:51 INF] 【直播间】23040372 的第 31 个心跳包发送成功
[01:08:55 INF] 【直播间】23357926 的第 32 个心跳包发送成功
[01:08:56 INF] 【直播间】407149 的第 32 个心跳包发送成功
[01:08:57 INF] 【直播间】23040372 的第 32 个心跳包发送成功
[01:10:01 INF] 【直播间】23357926 的第 33 个心跳包发送成功
[01:10:03 INF] 【直播间】407149 的第 33 个心跳包发送成功
[01:10:04 INF] 【直播间】23040372 的第 33 个心跳包发送成功
[01:11:08 INF] 【直播间】23357926 的第 34 个心跳包发送成功
[01:11:09 INF] 【直播间】407149 的第 34 个心跳包发送成功
[01:11:10 INF] 【直播间】23040372 的第 34 个心跳包发送成功
[01:12:14 INF] 【直播间】23357926 的第 35 个心跳包发送成功
[01:12:15 INF] 【直播间】407149 的第 35 个心跳包发送成功
[01:12:16 INF] 【直播间】23040372 的第 35 个心跳包发送成功
[01:13:21 INF] 【直播间】23357926 的第 36 个心跳包发送成功
[01:13:22 INF] 【直播间】407149 的第 36 个心跳包发送成功
[01:13:23 INF] 【直播间】23040372 的第 36 个心跳包发送成功
[01:14:27 INF] 【直播间】23357926 的第 37 个心跳包发送成功
[01:14:28 INF] 【直播间】407149 的第 37 个心跳包发送成功
[01:14:30 INF] 【直播间】23040372 的第 37 个心跳包发送成功
[01:15:34 INF] 【直播间】23357926 的第 38 个心跳包发送成功
[01:15:35 INF] 【直播间】407149 的第 38 个心跳包发送成功
[01:15:36 INF] 【直播间】23040372 的第 38 个心跳包发送成功
[01:16:40 INF] 【直播间】23357926 的第 39 个心跳包发送成功
[01:16:41 INF] 【直播间】407149 的第 39 个心跳包发送成功
[01:16:43 INF] 【直播间】23040372 的第 39 个心跳包发送成功
[01:17:47 INF] 【直播间】23357926 的第 40 个心跳包发送成功
[01:17:48 INF] 【直播间】407149 的第 40 个心跳包发送成功
[01:17:49 INF] 【直播间】23040372 的第 40 个心跳包发送成功
[01:18:54 ERR] 【心跳包】直播间 23357926 发送失败
[01:18:54 ERR] 【原因】time check failed
[01:18:55 ERR] 【心跳包】直播间 407149 发送失败
[01:18:55 ERR] 【原因】time check failed
[01:18:56 INF] 【直播间】23040372 的第 41 个心跳包发送成功
[01:20:00 INF] 【直播间】23357926 的第 41 个心跳包发送成功
[01:20:01 INF] 【直播间】407149 的第 41 个心跳包发送成功
[01:20:02 INF] 【直播间】23040372 的第 42 个心跳包发送成功
[01:21:07 INF] 【直播间】23357926 的第 42 个心跳包发送成功
[01:21:08 INF] 【直播间】407149 的第 42 个心跳包发送成功
[01:21:09 ERR] 【心跳包】直播间 23040372 发送失败
[01:21:09 ERR] 【原因】time check failed
[01:22:13 INF] 【直播间】23357926 的第 43 个心跳包发送成功
[01:22:14 INF] 【直播间】407149 的第 43 个心跳包发送成功
[01:22:16 INF] 【直播间】23040372 的第 43 个心跳包发送成功
[01:23:19 INF] 【直播间】23357926 的第 44 个心跳包发送成功
[01:23:21 INF] 【直播间】407149 的第 44 个心跳包发送成功
[01:23:22 INF] 【直播间】23040372 的第 44 个心跳包发送成功
[01:24:26 INF] 【直播间】23357926 的第 45 个心跳包发送成功
[01:24:27 INF] 【直播间】407149 的第 45 个心跳包发送成功
[01:24:29 INF] 【直播间】23040372 的第 45 个心跳包发送成功
[01:25:33 INF] 【直播间】23357926 的第 46 个心跳包发送成功
[01:25:34 INF] 【直播间】407149 的第 46 个心跳包发送成功
[01:25:35 INF] 【直播间】23040372 的第 46 个心跳包发送成功
[01:26:39 INF] 【直播间】23357926 的第 47 个心跳包发送成功
[01:26:40 INF] 【直播间】407149 的第 47 个心跳包发送成功
[01:26:42 INF] 【直播间】23040372 的第 47 个心跳包发送成功
[01:27:45 INF] 【直播间】23357926 的第 48 个心跳包发送成功
[01:27:47 INF] 【直播间】407149 的第 48 个心跳包发送成功
[01:27:48 INF] 【直播间】23040372 的第 48 个心跳包发送成功
[01:28:52 INF] 【直播间】23357926 的第 49 个心跳包发送成功
[01:28:53 INF] 【直播间】407149 的第 49 个心跳包发送成功
[01:28:54 INF] 【直播间】23040372 的第 49 个心跳包发送成功
[01:29:58 INF] 【直播间】23357926 的第 50 个心跳包发送成功
[01:30:00 INF] 【直播间】407149 的第 50 个心跳包发送成功
[01:30:01 INF] 【直播间】23040372 的第 50 个心跳包发送成功
[01:31:05 INF] 【直播间】23357926 的第 51 个心跳包发送成功
[01:31:06 INF] 【直播间】407149 的第 51 个心跳包发送成功
[01:31:07 INF] 【直播间】23040372 的第 51 个心跳包发送成功
[01:32:11 INF] 【直播间】23357926 的第 52 个心跳包发送成功
[01:32:12 INF] 【直播间】407149 的第 52 个心跳包发送成功
[01:32:14 INF] 【直播间】23040372 的第 52 个心跳包发送成功
[01:33:17 INF] 【直播间】23357926 的第 53 个心跳包发送成功
[01:33:19 INF] 【直播间】407149 的第 53 个心跳包发送成功
[01:33:20 INF] 【直播间】23040372 的第 53 个心跳包发送成功
[01:34:24 INF] 【直播间】23357926 的第 54 个心跳包发送成功
[01:34:25 INF] 【直播间】407149 的第 54 个心跳包发送成功
[01:34:26 INF] 【直播间】23040372 的第 54 个心跳包发送成功
[01:35:30 ERR] 【心跳包】直播间 23357926 发送失败
[01:35:30 ERR] 【原因】time check failed
[01:35:32 ERR] 【心跳包】直播间 407149 发送失败
[01:35:32 ERR] 【原因】time check failed
[01:35:33 INF] 【直播间】23040372 的第 55 个心跳包发送成功
[01:36:37 INF] 【直播间】23357926 的第 55 个心跳包发送成功
[01:36:38 INF] 【直播间】407149 的第 55 个心跳包发送成功
[01:36:39 INF] 【直播间】23040372 的第 56 个心跳包发送成功
[01:37:43 INF] 【直播间】23357926 的第 56 个心跳包发送成功
[01:37:44 INF] 【直播间】407149 的第 56 个心跳包发送成功
[01:37:46 ERR] 【心跳包】直播间 23040372 发送失败
[01:37:46 ERR] 【原因】time check failed
[01:38:50 INF] 【直播间】23357926 的第 57 个心跳包发送成功
[01:38:51 INF] 【直播间】407149 的第 57 个心跳包发送成功
[01:38:52 INF] 【直播间】23040372 的第 57 个心跳包发送成功
[01:39:56 INF] 【直播间】23357926 的第 58 个心跳包发送成功
[01:39:57 INF] 【直播间】407149 的第 58 个心跳包发送成功
[01:39:58 INF] 【直播间】23040372 的第 58 个心跳包发送成功
[01:41:02 INF] 【直播间】23357926 的第 59 个心跳包发送成功
[01:41:04 INF] 【直播间】407149 的第 59 个心跳包发送成功
[01:41:05 INF] 【直播间】23040372 的第 59 个心跳包发送成功
[01:42:09 INF] 【直播间】23357926 的第 60 个心跳包发送成功
[01:42:10 INF] 【直播间】407149 的第 60 个心跳包发送成功
[01:42:11 INF] 【直播间】23040372 的第 60 个心跳包发送成功
[01:43:15 INF] 【直播间】23357926 的第 61 个心跳包发送成功
[01:43:16 INF] 【直播间】407149 的第 61 个心跳包发送成功
[01:43:18 INF] 【直播间】23040372 的第 61 个心跳包发送成功
[01:44:22 INF] 【直播间】23357926 的第 62 个心跳包发送成功
[01:44:23 INF] 【直播间】407149 的第 62 个心跳包发送成功
[01:44:24 INF] 【直播间】23040372 的第 62 个心跳包发送成功
[01:45:28 INF] 【直播间】23357926 的第 63 个心跳包发送成功
[01:45:29 INF] 【直播间】407149 的第 63 个心跳包发送成功
[01:45:31 INF] 【直播间】23040372 的第 63 个心跳包发送成功
[01:46:35 INF] 【直播间】23357926 的第 64 个心跳包发送成功
[01:46:36 INF] 【直播间】407149 的第 64 个心跳包发送成功
[01:46:37 INF] 【直播间】23040372 的第 64 个心跳包发送成功
[01:47:41 INF] 【直播间】23357926 的第 65 个心跳包发送成功
[01:47:42 INF] 【直播间】407149 的第 65 个心跳包发送成功
[01:47:44 INF] 【直播间】23040372 的第 65 个心跳包发送成功
[01:48:47 INF] 【直播间】23357926 的第 66 个心跳包发送成功
[01:48:49 INF] 【直播间】407149 的第 66 个心跳包发送成功
[01:48:50 INF] 【直播间】23040372 的第 66 个心跳包发送成功
[01:49:54 INF] 【直播间】23357926 的第 67 个心跳包发送成功
[01:49:55 INF] 【直播间】407149 的第 67 个心跳包发送成功
[01:49:57 INF] 【直播间】23040372 的第 67 个心跳包发送成功
[01:51:00 INF] 【直播间】23357926 的第 68 个心跳包发送成功
[01:51:02 INF] 【直播间】407149 的第 68 个心跳包发送成功
[01:51:03 INF] 【直播间】23040372 的第 68 个心跳包发送成功
[01:52:07 ERR] 【心跳包】直播间 23357926 发送失败
[01:52:07 ERR] 【原因】time check failed
[01:52:08 ERR] 【心跳包】直播间 407149 发送失败
[01:52:08 ERR] 【原因】time check failed
[01:52:10 INF] 【直播间】23040372 的第 69 个心跳包发送成功
[01:53:14 INF] 【直播间】23357926 的第 69 个心跳包发送成功
[01:53:15 INF] 【直播间】407149 的第 69 个心跳包发送成功
[01:53:16 INF] 【直播间】23040372 的第 70 个心跳包发送成功
[01:54:20 INF] 【直播间】23357926 的第 70 个心跳包发送成功
[01:54:21 INF] 【直播间】407149 的第 70 个心跳包发送成功
[01:54:22 ERR] 【心跳包】直播间 23040372 发送失败
[01:54:22 ERR] 【原因】time check failed
[01:54:22 INF] 【直播观看时长】完成情况：3/3 
[01:54:22 INF] ---------结束---------

[01:54:22 INF] ==========结束==========

[01:54:22 INF] ######### 账号 2 #########

[01:54:22 INF] =====开始 直播间互动 =====

[01:54:22 INF] ---开始 发送弹幕 ---
[01:54:22 INF] 检测到直播 Cookie 未正确配置，尝试自动配置中...
[01:54:27 INF] 直播 Cookie 配置成功！
[01:54:27 INF] 【获取直播列表】获取拥有粉丝牌的直播列表
[01:54:30 INF] 【主播】Mark陌枫 
[01:54:51 INF] 【主播】苏打baka 
[01:55:04 INF] 【主播】特别中二的q3君 
[01:55:16 INF] 【主播】陈抱一 
[01:55:31 INF] 【主播】贪玩的小毅 
[01:55:46 INF] 【主播】KL_qiqi_ 
[01:56:01 INF] 【主播】记录生活的蛋黄派 
[01:56:16 INF] 【主播】FoFTG 
[01:56:32 INF] 【主播】悠悠球琛总 
[01:56:44 INF] 【主播】新石器公园 
[01:57:03 INF] 【主播】脏小豆 
[01:57:19 INF] 【主播】李船长笔记 
[01:57:37 INF] 【直播间】Mark陌枫
[01:57:37 INF] 【粉丝牌】馬楓
[01:57:37 INF] 正在发送弹幕...
[01:57:42 INF] 【直播间】苏打baka
[01:57:42 INF] 【粉丝牌】碳酸钠
[01:57:42 INF] 正在发送弹幕...
[01:57:47 INF] 【直播间】特别中二的q3君
[01:57:47 INF] 【粉丝牌】q3GG
[01:57:47 INF] 正在发送弹幕...
[01:57:51 INF] 【直播间】陈抱一
[01:57:51 INF] 【粉丝牌】陈抱一
[01:57:51 INF] 正在发送弹幕...
[01:57:54 INF] 【直播间】贪玩的小毅
[01:57:54 INF] 【粉丝牌】大大毅
[01:57:54 INF] 正在发送弹幕...
[01:57:55 INF] 【弹幕发送】成功~，你和主播 Mark陌枫 的亲密值增加了100！
[01:57:58 INF] 【直播间】KL_qiqi_
[01:57:58 INF] 【粉丝牌】qiqisb
[01:57:58 INF] 正在发送弹幕...
[01:58:00 INF] 【弹幕发送】成功~，你和主播 苏打baka 的亲密值增加了100！
[01:58:02 INF] 【弹幕发送】成功~，你和主播 特别中二的q3君 的亲密值增加了100！
[01:58:04 INF] 【直播间】记录生活的蛋黄派
[01:58:04 INF] 【粉丝牌】派派派
[01:58:04 INF] 正在发送弹幕...
[01:58:06 INF] 【弹幕发送】成功~，你和主播 陈抱一 的亲密值增加了100！
[01:58:10 INF] 【直播间】FoFTG
[01:58:10 INF] 【粉丝牌】FOFTG
[01:58:10 INF] 正在发送弹幕...
[01:58:12 INF] 【弹幕发送】成功~，你和主播 贪玩的小毅 的亲密值增加了100！
[01:58:12 ERR] 【弹幕发送】失败
[01:58:12 ERR] 【原因】您发送弹幕的频率过快
[01:58:17 INF] 【直播间】悠悠球琛总
[01:58:17 INF] 【粉丝牌】i琛
[01:58:17 INF] 正在发送弹幕...
[01:58:23 INF] 【弹幕发送】成功~，你和主播 记录生活的蛋黄派 的亲密值增加了100！
[01:58:23 INF] 【直播间】新石器公园
[01:58:23 INF] 【粉丝牌】东园主
[01:58:23 INF] 正在发送弹幕...
[01:58:29 INF] 【直播间】脏小豆
[01:58:29 INF] 【粉丝牌】豆豆浆
[01:58:29 INF] 正在发送弹幕...
[01:58:29 INF] 【弹幕发送】成功~，你和主播 FoFTG 的亲密值增加了100！
[01:58:30 INF] 【弹幕发送】成功~，你和主播 悠悠球琛总 的亲密值增加了100！
[01:58:36 INF] 【直播间】李船长笔记
[01:58:36 INF] 【粉丝牌】航海仕
[01:58:36 INF] 正在发送弹幕...
[01:58:42 INF] -------结束-------

[01:58:42 INF] ---开始 点赞直播间 ---
[01:58:42 INF] 【获取直播列表】获取拥有粉丝牌的直播列表
[01:58:42 INF] 【弹幕发送】成功~，你和主播 新石器公园 的亲密值增加了100！
[01:58:45 INF] 【弹幕发送】成功~，你和主播 脏小豆 的亲密值增加了100！
[01:58:46 INF] 【主播】Mark陌枫 
[01:58:53 INF] 【弹幕发送】成功~，你和主播 李船长笔记 的亲密值增加了100！
[01:59:03 INF] 【主播】苏打baka 
[01:59:23 INF] 【主播】特别中二的q3君 
[01:59:40 INF] 【主播】陈抱一 
[01:59:57 INF] 【主播】贪玩的小毅 
[02:00:12 INF] 【主播】KL_qiqi_ 
[02:00:26 INF] 【主播】记录生活的蛋黄派 
[02:00:42 INF] 【主播】FoFTG 
[02:00:59 INF] 【主播】悠悠球琛总 
[02:01:13 INF] 【主播】新石器公园 
[02:01:28 INF] 【主播】脏小豆 
[02:01:40 INF] 【主播】李船长笔记 
[02:02:00 INF] 【点赞直播间】23357926 完成
[02:02:06 INF] 【点赞直播间】23040372 完成
[02:02:13 INF] 【点赞直播间】31494 完成
[02:02:18 INF] 【点赞直播间】4015781 完成
[02:02:21 INF] 【点赞直播间】9619073 完成
[02:02:26 INF] 【点赞直播间】407149 完成
[02:02:31 INF] 【点赞直播间】11732699 完成
[02:02:34 INF] 【点赞直播间】91164 完成
[02:02:41 INF] 【点赞直播间】7184632 完成
[02:02:47 INF] 【点赞直播间】23447660 完成
[02:02:52 INF] 【点赞直播间】929670 完成
[02:02:55 INF] --------结束--------

[02:02:55 INF] ---开始 直播时长挂机 ---
[02:02:55 INF] 【获取直播列表】获取拥有粉丝牌的直播列表
[02:02:56 INF] 【点赞直播间】22764265 完成
[02:03:00 INF] 【主播】Mark陌枫 
[02:03:18 INF] 【主播】苏打baka 
[02:03:31 INF] 【主播】特别中二的q3君 
[02:03:47 INF] 【主播】陈抱一 
[02:04:04 INF] 【主播】贪玩的小毅 
[02:04:22 INF] 【主播】KL_qiqi_ 
[02:04:42 INF] 【主播】记录生活的蛋黄派 
[02:04:55 INF] 【主播】FoFTG 
[02:05:11 INF] 【主播】悠悠球琛总 
[02:05:28 INF] 【主播】新石器公园 
[02:05:41 INF] 【主播】脏小豆 
[02:06:00 INF] 【主播】李船长笔记 
[02:06:18 INF] 【直播间】23357926 的第 1 个心跳包发送成功
[02:06:19 INF] 【直播间】23040372 的第 1 个心跳包发送成功
[02:06:20 INF] 【直播间】31494 的第 1 个心跳包发送成功
[02:06:22 INF] 【直播间】4015781 的第 1 个心跳包发送成功
[02:06:23 INF] 【直播间】9619073 的第 1 个心跳包发送成功
[02:06:24 INF] 【直播间】407149 的第 1 个心跳包发送成功
[02:06:25 INF] 【直播间】11732699 的第 1 个心跳包发送成功
[02:06:26 INF] 【直播间】91164 的第 1 个心跳包发送成功
[02:06:28 INF] 【直播间】7184632 的第 1 个心跳包发送成功
[02:06:29 INF] 【直播间】23447660 的第 1 个心跳包发送成功
[02:06:30 INF] 【直播间】929670 的第 1 个心跳包发送成功
[02:06:31 INF] 【直播间】22764265 的第 1 个心跳包发送成功
[02:07:25 INF] 【直播间】23357926 的第 2 个心跳包发送成功
[02:07:26 INF] 【直播间】23040372 的第 2 个心跳包发送成功
[02:07:27 INF] 【直播间】31494 的第 2 个心跳包发送成功
[02:07:28 INF] 【直播间】4015781 的第 2 个心跳包发送成功
[02:07:30 INF] 【直播间】9619073 的第 2 个心跳包发送成功
[02:07:31 INF] 【直播间】407149 的第 2 个心跳包发送成功
[02:07:32 INF] 【直播间】11732699 的第 2 个心跳包发送成功
[02:07:33 INF] 【直播间】91164 的第 2 个心跳包发送成功
[02:07:34 INF] 【直播间】7184632 的第 2 个心跳包发送成功
[02:07:36 INF] 【直播间】23447660 的第 2 个心跳包发送成功
[02:07:37 INF] 【直播间】929670 的第 2 个心跳包发送成功
[02:07:38 INF] 【直播间】22764265 的第 2 个心跳包发送成功
[02:08:31 INF] 【直播间】23357926 的第 3 个心跳包发送成功
[02:08:32 INF] 【直播间】23040372 的第 3 个心跳包发送成功
[02:08:33 INF] 【直播间】31494 的第 3 个心跳包发送成功
[02:08:35 INF] 【直播间】4015781 的第 3 个心跳包发送成功
[02:08:36 INF] 【直播间】9619073 的第 3 个心跳包发送成功
[02:08:37 INF] 【直播间】407149 的第 3 个心跳包发送成功
[02:08:38 INF] 【直播间】11732699 的第 3 个心跳包发送成功
[02:08:39 INF] 【直播间】91164 的第 3 个心跳包发送成功
[02:08:41 INF] 【直播间】7184632 的第 3 个心跳包发送成功
[02:08:42 INF] 【直播间】23447660 的第 3 个心跳包发送成功
[02:08:43 INF] 【直播间】929670 的第 3 个心跳包发送成功
[02:08:44 INF] 【直播间】22764265 的第 3 个心跳包发送成功
[02:09:37 INF] 【直播间】23357926 的第 4 个心跳包发送成功
[02:09:38 INF] 【直播间】23040372 的第 4 个心跳包发送成功
[02:09:40 INF] 【直播间】31494 的第 4 个心跳包发送成功
[02:09:41 INF] 【直播间】4015781 的第 4 个心跳包发送成功
[02:09:42 INF] 【直播间】9619073 的第 4 个心跳包发送成功
[02:09:43 INF] 【直播间】407149 的第 4 个心跳包发送成功
[02:09:45 INF] 【直播间】11732699 的第 4 个心跳包发送成功
[02:09:46 INF] 【直播间】91164 的第 4 个心跳包发送成功
[02:09:47 INF] 【直播间】7184632 的第 4 个心跳包发送成功
[02:09:48 INF] 【直播间】23447660 的第 4 个心跳包发送成功
[02:09:50 INF] 【直播间】929670 的第 4 个心跳包发送成功
[02:09:51 INF] 【直播间】22764265 的第 4 个心跳包发送成功
[02:10:44 INF] 【直播间】23357926 的第 5 个心跳包发送成功
[02:10:45 INF] 【直播间】23040372 的第 5 个心跳包发送成功
[02:10:46 INF] 【直播间】31494 的第 5 个心跳包发送成功
[02:10:47 INF] 【直播间】4015781 的第 5 个心跳包发送成功
[02:10:49 INF] 【直播间】9619073 的第 5 个心跳包发送成功
[02:10:50 INF] 【直播间】407149 的第 5 个心跳包发送成功
[02:10:51 INF] 【直播间】11732699 的第 5 个心跳包发送成功
[02:10:52 INF] 【直播间】91164 的第 5 个心跳包发送成功
[02:10:53 INF] 【直播间】7184632 的第 5 个心跳包发送成功
[02:10:55 INF] 【直播间】23447660 的第 5 个心跳包发送成功
[02:10:56 INF] 【直播间】929670 的第 5 个心跳包发送成功
[02:10:57 INF] 【直播间】22764265 的第 5 个心跳包发送成功
[02:11:50 INF] 【直播间】23357926 的第 6 个心跳包发送成功
[02:11:51 INF] 【直播间】23040372 的第 6 个心跳包发送成功
[02:11:53 INF] 【直播间】31494 的第 6 个心跳包发送成功
[02:11:54 INF] 【直播间】4015781 的第 6 个心跳包发送成功
[02:11:55 INF] 【直播间】9619073 的第 6 个心跳包发送成功
[02:11:56 INF] 【直播间】407149 的第 6 个心跳包发送成功
[02:11:57 INF] 【直播间】11732699 的第 6 个心跳包发送成功
[02:11:59 INF] 【直播间】91164 的第 6 个心跳包发送成功
[02:12:00 INF] 【直播间】7184632 的第 6 个心跳包发送成功
[02:12:01 INF] 【直播间】23447660 的第 6 个心跳包发送成功
[02:12:02 INF] 【直播间】929670 的第 6 个心跳包发送成功
[02:12:04 INF] 【直播间】22764265 的第 6 个心跳包发送成功
[02:12:57 INF] 【直播间】23357926 的第 7 个心跳包发送成功
[02:12:58 INF] 【直播间】23040372 的第 7 个心跳包发送成功
[02:12:59 INF] 【直播间】31494 的第 7 个心跳包发送成功
[02:13:01 INF] 【直播间】4015781 的第 7 个心跳包发送成功
[02:13:02 INF] 【直播间】9619073 的第 7 个心跳包发送成功
[02:13:03 INF] 【直播间】407149 的第 7 个心跳包发送成功
[02:13:04 INF] 【直播间】11732699 的第 7 个心跳包发送成功
[02:13:05 INF] 【直播间】91164 的第 7 个心跳包发送成功
[02:13:07 INF] 【直播间】7184632 的第 7 个心跳包发送成功
[02:13:08 INF] 【直播间】23447660 的第 7 个心跳包发送成功
[02:13:09 INF] 【直播间】929670 的第 7 个心跳包发送成功
[02:13:10 INF] 【直播间】22764265 的第 7 个心跳包发送成功
[02:14:03 INF] 【直播间】23357926 的第 8 个心跳包发送成功
[02:14:04 INF] 【直播间】23040372 的第 8 个心跳包发送成功
[02:14:06 INF] 【直播间】31494 的第 8 个心跳包发送成功
[02:14:07 INF] 【直播间】4015781 的第 8 个心跳包发送成功
[02:14:08 INF] 【直播间】9619073 的第 8 个心跳包发送成功
[02:14:09 INF] 【直播间】407149 的第 8 个心跳包发送成功
[02:14:10 INF] 【直播间】11732699 的第 8 个心跳包发送成功
[02:14:12 INF] 【直播间】91164 的第 8 个心跳包发送成功
[02:14:13 INF] 【直播间】7184632 的第 8 个心跳包发送成功
[02:14:14 INF] 【直播间】23447660 的第 8 个心跳包发送成功
[02:14:15 INF] 【直播间】929670 的第 8 个心跳包发送成功
[02:14:16 INF] 【直播间】22764265 的第 8 个心跳包发送成功
[02:15:10 INF] 【直播间】23357926 的第 9 个心跳包发送成功
[02:15:11 INF] 【直播间】23040372 的第 9 个心跳包发送成功
[02:15:13 INF] 【直播间】31494 的第 9 个心跳包发送成功
[02:15:14 INF] 【直播间】4015781 的第 9 个心跳包发送成功
[02:15:15 INF] 【直播间】9619073 的第 9 个心跳包发送成功
[02:15:16 INF] 【直播间】407149 的第 9 个心跳包发送成功
[02:15:18 INF] 【直播间】11732699 的第 9 个心跳包发送成功
[02:15:19 INF] 【直播间】91164 的第 9 个心跳包发送成功
[02:15:20 INF] 【直播间】7184632 的第 9 个心跳包发送成功
[02:15:21 INF] 【直播间】23447660 的第 9 个心跳包发送成功
[02:15:23 INF] 【直播间】929670 的第 9 个心跳包发送成功
[02:15:24 INF] 【直播间】22764265 的第 9 个心跳包发送成功
[02:16:16 INF] 【直播间】23357926 的第 10 个心跳包发送成功
[02:16:18 INF] 【直播间】23040372 的第 10 个心跳包发送成功
[02:16:19 INF] 【直播间】31494 的第 10 个心跳包发送成功
[02:16:20 INF] 【直播间】4015781 的第 10 个心跳包发送成功
[02:16:22 INF] 【直播间】9619073 的第 10 个心跳包发送成功
[02:16:23 INF] 【直播间】407149 的第 10 个心跳包发送成功
[02:16:24 INF] 【直播间】11732699 的第 10 个心跳包发送成功
[02:16:25 INF] 【直播间】91164 的第 10 个心跳包发送成功
[02:16:27 INF] 【直播间】7184632 的第 10 个心跳包发送成功
[02:16:28 INF] 【直播间】23447660 的第 10 个心跳包发送成功
[02:16:29 INF] 【直播间】929670 的第 10 个心跳包发送成功
[02:16:30 INF] 【直播间】22764265 的第 10 个心跳包发送成功
[02:17:23 INF] 【直播间】23357926 的第 11 个心跳包发送成功
[02:17:24 INF] 【直播间】23040372 的第 11 个心跳包发送成功
[02:17:25 INF] 【直播间】31494 的第 11 个心跳包发送成功
[02:17:26 INF] 【直播间】4015781 的第 11 个心跳包发送成功
[02:17:28 INF] 【直播间】9619073 的第 11 个心跳包发送成功
[02:17:29 INF] 【直播间】407149 的第 11 个心跳包发送成功
[02:17:30 INF] 【直播间】11732699 的第 11 个心跳包发送成功
[02:17:31 INF] 【直播间】91164 的第 11 个心跳包发送成功
[02:17:33 INF] 【直播间】7184632 的第 11 个心跳包发送成功
[02:17:34 INF] 【直播间】23447660 的第 11 个心跳包发送成功
[02:17:35 INF] 【直播间】929670 的第 11 个心跳包发送成功
[02:17:37 INF] 【直播间】22764265 的第 11 个心跳包发送成功
[02:18:29 INF] 【直播间】23357926 的第 12 个心跳包发送成功
[02:18:31 INF] 【直播间】23040372 的第 12 个心跳包发送成功
[02:18:32 INF] 【直播间】31494 的第 12 个心跳包发送成功
[02:18:33 INF] 【直播间】4015781 的第 12 个心跳包发送成功
[02:18:34 INF] 【直播间】9619073 的第 12 个心跳包发送成功
[02:18:35 INF] 【直播间】407149 的第 12 个心跳包发送成功
[02:18:37 INF] 【直播间】11732699 的第 12 个心跳包发送成功
[02:18:38 INF] 【直播间】91164 的第 12 个心跳包发送成功
[02:18:39 INF] 【直播间】7184632 的第 12 个心跳包发送成功
[02:18:40 INF] 【直播间】23447660 的第 12 个心跳包发送成功
[02:18:42 INF] 【直播间】929670 的第 12 个心跳包发送成功
[02:18:43 INF] 【直播间】22764265 的第 12 个心跳包发送成功
[02:19:36 INF] 【直播间】23357926 的第 13 个心跳包发送成功
[02:19:37 INF] 【直播间】23040372 的第 13 个心跳包发送成功
[02:19:38 INF] 【直播间】31494 的第 13 个心跳包发送成功
[02:19:40 INF] 【直播间】4015781 的第 13 个心跳包发送成功
[02:19:41 INF] 【直播间】9619073 的第 13 个心跳包发送成功
[02:19:42 INF] 【直播间】407149 的第 13 个心跳包发送成功
[02:19:43 INF] 【直播间】11732699 的第 13 个心跳包发送成功
[02:19:45 INF] 【直播间】91164 的第 13 个心跳包发送成功
[02:19:46 INF] 【直播间】7184632 的第 13 个心跳包发送成功
[02:19:47 INF] 【直播间】23447660 的第 13 个心跳包发送成功
[02:19:49 INF] 【直播间】929670 的第 13 个心跳包发送成功
[02:19:50 INF] 【直播间】22764265 的第 13 个心跳包发送成功
[02:20:42 INF] 【直播间】23357926 的第 14 个心跳包发送成功
[02:20:43 INF] 【直播间】23040372 的第 14 个心跳包发送成功
[02:20:45 INF] 【直播间】31494 的第 14 个心跳包发送成功
[02:20:46 INF] 【直播间】4015781 的第 14 个心跳包发送成功
[02:20:47 INF] 【直播间】9619073 的第 14 个心跳包发送成功
[02:20:48 INF] 【直播间】407149 的第 14 个心跳包发送成功
[02:20:50 INF] 【直播间】11732699 的第 14 个心跳包发送成功
[02:20:51 INF] 【直播间】91164 的第 14 个心跳包发送成功
[02:20:52 INF] 【直播间】7184632 的第 14 个心跳包发送成功
[02:20:54 INF] 【直播间】23447660 的第 14 个心跳包发送成功
[02:20:55 INF] 【直播间】929670 的第 14 个心跳包发送成功
[02:20:56 INF] 【直播间】22764265 的第 14 个心跳包发送成功
[02:21:49 INF] 【直播间】23357926 的第 15 个心跳包发送成功
[02:21:50 ERR] 【心跳包】直播间 23040372 发送失败
[02:21:50 ERR] 【原因】time check failed
[02:21:51 ERR] 【心跳包】直播间 31494 发送失败
[02:21:51 ERR] 【原因】time check failed
[02:21:52 INF] 【直播间】4015781 的第 15 个心跳包发送成功
[02:21:53 INF] 【直播间】9619073 的第 15 个心跳包发送成功
[02:21:55 ERR] 【心跳包】直播间 407149 发送失败
[02:21:55 ERR] 【原因】time check failed
[02:21:56 ERR] 【心跳包】直播间 11732699 发送失败
[02:21:56 ERR] 【原因】time check failed
[02:21:57 ERR] 【心跳包】直播间 91164 发送失败
[02:21:57 ERR] 【原因】time check failed
[02:21:58 INF] 【直播间】7184632 的第 15 个心跳包发送成功
[02:22:00 ERR] 【心跳包】直播间 23447660 发送失败
[02:22:00 ERR] 【原因】time check failed
[02:22:01 ERR] 【心跳包】直播间 929670 发送失败
[02:22:01 ERR] 【原因】time check failed
[02:22:02 ERR] 【心跳包】直播间 22764265 发送失败
[02:22:02 ERR] 【原因】time check failed
[02:22:55 ERR] 【心跳包】直播间 23357926 发送失败
[02:22:55 ERR] 【原因】time check failed
[02:22:56 INF] 【直播间】23040372 的第 15 个心跳包发送成功
[02:22:57 INF] 【直播间】31494 的第 15 个心跳包发送成功
[02:22:58 ERR] 【心跳包】直播间 4015781 发送失败
[02:22:58 ERR] 【原因】time check failed
[02:23:00 ERR] 【心跳包】直播间 9619073 发送失败
[02:23:00 ERR] 【原因】time check failed
[02:23:01 INF] 【直播间】407149 的第 15 个心跳包发送成功
[02:23:02 INF] 【直播间】11732699 的第 15 个心跳包发送成功
[02:23:03 INF] 【直播间】91164 的第 15 个心跳包发送成功
[02:23:05 ERR] 【心跳包】直播间 7184632 发送失败
[02:23:05 ERR] 【原因】time check failed
[02:23:06 INF] 【直播间】23447660 的第 15 个心跳包发送成功
[02:23:07 INF] 【直播间】929670 的第 15 个心跳包发送成功
[02:23:09 INF] 【直播间】22764265 的第 15 个心跳包发送成功
[02:24:01 INF] 【直播间】23357926 的第 16 个心跳包发送成功
[02:24:03 INF] 【直播间】23040372 的第 16 个心跳包发送成功
[02:24:04 INF] 【直播间】31494 的第 16 个心跳包发送成功
[02:24:05 INF] 【直播间】4015781 的第 16 个心跳包发送成功
[02:24:06 INF] 【直播间】9619073 的第 16 个心跳包发送成功
[02:24:07 INF] 【直播间】407149 的第 16 个心跳包发送成功
[02:24:09 INF] 【直播间】11732699 的第 16 个心跳包发送成功
[02:24:10 INF] 【直播间】91164 的第 16 个心跳包发送成功
[02:24:11 INF] 【直播间】7184632 的第 16 个心跳包发送成功
[02:24:12 INF] 【直播间】23447660 的第 16 个心跳包发送成功
[02:24:14 INF] 【直播间】929670 的第 16 个心跳包发送成功
[02:24:15 INF] 【直播间】22764265 的第 16 个心跳包发送成功
[02:25:08 INF] 【直播间】23357926 的第 17 个心跳包发送成功
[02:25:09 INF] 【直播间】23040372 的第 17 个心跳包发送成功
[02:25:10 INF] 【直播间】31494 的第 17 个心跳包发送成功
[02:25:12 INF] 【直播间】4015781 的第 17 个心跳包发送成功
[02:25:13 INF] 【直播间】9619073 的第 17 个心跳包发送成功
[02:25:14 INF] 【直播间】407149 的第 17 个心跳包发送成功
[02:25:16 INF] 【直播间】11732699 的第 17 个心跳包发送成功
[02:25:17 INF] 【直播间】91164 的第 17 个心跳包发送成功
[02:25:18 INF] 【直播间】7184632 的第 17 个心跳包发送成功
[02:25:19 INF] 【直播间】23447660 的第 17 个心跳包发送成功
[02:25:21 INF] 【直播间】929670 的第 17 个心跳包发送成功
[02:25:22 INF] 【直播间】22764265 的第 17 个心跳包发送成功
[02:26:14 INF] 【直播间】23357926 的第 18 个心跳包发送成功
[02:26:16 INF] 【直播间】23040372 的第 18 个心跳包发送成功
[02:26:17 INF] 【直播间】31494 的第 18 个心跳包发送成功
[02:26:18 INF] 【直播间】4015781 的第 18 个心跳包发送成功
[02:26:19 INF] 【直播间】9619073 的第 18 个心跳包发送成功
[02:26:21 INF] 【直播间】407149 的第 18 个心跳包发送成功
[02:26:22 INF] 【直播间】11732699 的第 18 个心跳包发送成功
[02:26:23 INF] 【直播间】91164 的第 18 个心跳包发送成功
[02:26:25 INF] 【直播间】7184632 的第 18 个心跳包发送成功
[02:26:26 INF] 【直播间】23447660 的第 18 个心跳包发送成功
[02:26:27 INF] 【直播间】929670 的第 18 个心跳包发送成功
[02:26:28 INF] 【直播间】22764265 的第 18 个心跳包发送成功
[02:27:21 INF] 【直播间】23357926 的第 19 个心跳包发送成功
[02:27:22 INF] 【直播间】23040372 的第 19 个心跳包发送成功
[02:27:23 INF] 【直播间】31494 的第 19 个心跳包发送成功
[02:27:24 INF] 【直播间】4015781 的第 19 个心跳包发送成功
[02:27:26 INF] 【直播间】9619073 的第 19 个心跳包发送成功
[02:27:27 INF] 【直播间】407149 的第 19 个心跳包发送成功
[02:27:28 INF] 【直播间】11732699 的第 19 个心跳包发送成功
[02:27:29 INF] 【直播间】91164 的第 19 个心跳包发送成功
[02:27:31 INF] 【直播间】7184632 的第 19 个心跳包发送成功
[02:27:32 INF] 【直播间】23447660 的第 19 个心跳包发送成功
[02:27:33 INF] 【直播间】929670 的第 19 个心跳包发送成功
[02:27:34 INF] 【直播间】22764265 的第 19 个心跳包发送成功
[02:28:27 INF] 【直播间】23357926 的第 20 个心跳包发送成功
[02:28:28 INF] 【直播间】23040372 的第 20 个心跳包发送成功
[02:28:30 INF] 【直播间】31494 的第 20 个心跳包发送成功
[02:28:31 INF] 【直播间】4015781 的第 20 个心跳包发送成功
[02:28:32 INF] 【直播间】9619073 的第 20 个心跳包发送成功
[02:28:33 INF] 【直播间】407149 的第 20 个心跳包发送成功
[02:28:35 INF] 【直播间】11732699 的第 20 个心跳包发送成功
[02:28:36 INF] 【直播间】91164 的第 20 个心跳包发送成功
[02:28:37 INF] 【直播间】7184632 的第 20 个心跳包发送成功
[02:28:39 INF] 【直播间】23447660 的第 20 个心跳包发送成功
[02:28:40 INF] 【直播间】929670 的第 20 个心跳包发送成功
[02:28:41 INF] 【直播间】22764265 的第 20 个心跳包发送成功
[02:29:34 INF] 【直播间】23357926 的第 21 个心跳包发送成功
[02:29:35 INF] 【直播间】23040372 的第 21 个心跳包发送成功
[02:29:36 INF] 【直播间】31494 的第 21 个心跳包发送成功
[02:29:37 INF] 【直播间】4015781 的第 21 个心跳包发送成功
[02:29:38 INF] 【直播间】9619073 的第 21 个心跳包发送成功
[02:29:40 INF] 【直播间】407149 的第 21 个心跳包发送成功
[02:29:41 INF] 【直播间】11732699 的第 21 个心跳包发送成功
[02:29:42 INF] 【直播间】91164 的第 21 个心跳包发送成功
[02:29:44 INF] 【直播间】7184632 的第 21 个心跳包发送成功
[02:29:45 INF] 【直播间】23447660 的第 21 个心跳包发送成功
[02:29:46 INF] 【直播间】929670 的第 21 个心跳包发送成功
[02:29:47 INF] 【直播间】22764265 的第 21 个心跳包发送成功
[02:30:40 INF] 【直播间】23357926 的第 22 个心跳包发送成功
[02:30:41 INF] 【直播间】23040372 的第 22 个心跳包发送成功
[02:30:43 INF] 【直播间】31494 的第 22 个心跳包发送成功
[02:30:44 INF] 【直播间】4015781 的第 22 个心跳包发送成功
[02:30:45 INF] 【直播间】9619073 的第 22 个心跳包发送成功
[02:30:46 INF] 【直播间】407149 的第 22 个心跳包发送成功
[02:30:48 INF] 【直播间】11732699 的第 22 个心跳包发送成功
[02:30:49 INF] 【直播间】91164 的第 22 个心跳包发送成功
[02:30:50 INF] 【直播间】7184632 的第 22 个心跳包发送成功
[02:30:51 INF] 【直播间】23447660 的第 22 个心跳包发送成功
[02:30:53 INF] 【直播间】929670 的第 22 个心跳包发送成功
[02:30:54 INF] 【直播间】22764265 的第 22 个心跳包发送成功
[02:31:47 INF] 【直播间】23357926 的第 23 个心跳包发送成功
[02:31:48 INF] 【直播间】23040372 的第 23 个心跳包发送成功
[02:31:49 INF] 【直播间】31494 的第 23 个心跳包发送成功
[02:31:50 INF] 【直播间】4015781 的第 23 个心跳包发送成功
[02:31:52 INF] 【直播间】9619073 的第 23 个心跳包发送成功
[02:31:53 INF] 【直播间】407149 的第 23 个心跳包发送成功
[02:31:54 INF] 【直播间】11732699 的第 23 个心跳包发送成功
[02:31:55 INF] 【直播间】91164 的第 23 个心跳包发送成功
[02:31:57 INF] 【直播间】7184632 的第 23 个心跳包发送成功
[02:31:58 INF] 【直播间】23447660 的第 23 个心跳包发送成功
[02:31:59 INF] 【直播间】929670 的第 23 个心跳包发送成功
[02:32:00 INF] 【直播间】22764265 的第 23 个心跳包发送成功
[02:32:53 INF] 【直播间】23357926 的第 24 个心跳包发送成功
[02:32:54 INF] 【直播间】23040372 的第 24 个心跳包发送成功
[02:32:55 INF] 【直播间】31494 的第 24 个心跳包发送成功
[02:32:57 INF] 【直播间】4015781 的第 24 个心跳包发送成功
[02:32:58 INF] 【直播间】9619073 的第 24 个心跳包发送成功
[02:32:59 INF] 【直播间】407149 的第 24 个心跳包发送成功
[02:33:01 INF] 【直播间】11732699 的第 24 个心跳包发送成功
[02:33:02 INF] 【直播间】91164 的第 24 个心跳包发送成功
[02:33:03 INF] 【直播间】7184632 的第 24 个心跳包发送成功
[02:33:04 INF] 【直播间】23447660 的第 24 个心跳包发送成功
[02:33:05 INF] 【直播间】929670 的第 24 个心跳包发送成功
[02:33:07 INF] 【直播间】22764265 的第 24 个心跳包发送成功
[02:33:59 INF] 【直播间】23357926 的第 25 个心跳包发送成功
[02:34:01 INF] 【直播间】23040372 的第 25 个心跳包发送成功
[02:34:02 INF] 【直播间】31494 的第 25 个心跳包发送成功
[02:34:03 INF] 【直播间】4015781 的第 25 个心跳包发送成功
[02:34:04 INF] 【直播间】9619073 的第 25 个心跳包发送成功
[02:34:05 INF] 【直播间】407149 的第 25 个心跳包发送成功
[02:34:07 INF] 【直播间】11732699 的第 25 个心跳包发送成功
[02:34:08 INF] 【直播间】91164 的第 25 个心跳包发送成功
[02:34:09 INF] 【直播间】7184632 的第 25 个心跳包发送成功
[02:34:10 INF] 【直播间】23447660 的第 25 个心跳包发送成功
[02:34:12 INF] 【直播间】929670 的第 25 个心跳包发送成功
[02:34:13 INF] 【直播间】22764265 的第 25 个心跳包发送成功
[02:35:06 INF] 【直播间】23357926 的第 26 个心跳包发送成功
[02:35:07 INF] 【直播间】23040372 的第 26 个心跳包发送成功
[02:35:09 INF] 【直播间】31494 的第 26 个心跳包发送成功
[02:35:10 INF] 【直播间】4015781 的第 26 个心跳包发送成功
[02:35:11 INF] 【直播间】9619073 的第 26 个心跳包发送成功
[02:35:12 INF] 【直播间】407149 的第 26 个心跳包发送成功
[02:35:14 INF] 【直播间】11732699 的第 26 个心跳包发送成功
[02:35:15 INF] 【直播间】91164 的第 26 个心跳包发送成功
[02:35:16 INF] 【直播间】7184632 的第 26 个心跳包发送成功
[02:35:17 INF] 【直播间】23447660 的第 26 个心跳包发送成功
[02:35:18 INF] 【直播间】929670 的第 26 个心跳包发送成功
[02:35:20 INF] 【直播间】22764265 的第 26 个心跳包发送成功
[02:36:12 INF] 【直播间】23357926 的第 27 个心跳包发送成功
[02:36:13 INF] 【直播间】23040372 的第 27 个心跳包发送成功
[02:36:15 INF] 【直播间】31494 的第 27 个心跳包发送成功
[02:36:16 INF] 【直播间】4015781 的第 27 个心跳包发送成功
[02:36:17 INF] 【直播间】9619073 的第 27 个心跳包发送成功
[02:36:18 INF] 【直播间】407149 的第 27 个心跳包发送成功
[02:36:20 INF] 【直播间】11732699 的第 27 个心跳包发送成功
[02:36:21 INF] 【直播间】91164 的第 27 个心跳包发送成功
[02:36:22 INF] 【直播间】7184632 的第 27 个心跳包发送成功
[02:36:23 INF] 【直播间】23447660 的第 27 个心跳包发送成功
[02:36:25 INF] 【直播间】929670 的第 27 个心跳包发送成功
[02:36:26 INF] 【直播间】22764265 的第 27 个心跳包发送成功
[02:37:19 INF] 【直播间】23357926 的第 28 个心跳包发送成功
[02:37:20 INF] 【直播间】23040372 的第 28 个心跳包发送成功
[02:37:21 INF] 【直播间】31494 的第 28 个心跳包发送成功
[02:37:22 INF] 【直播间】4015781 的第 28 个心跳包发送成功
[02:37:23 INF] 【直播间】9619073 的第 28 个心跳包发送成功
[02:37:25 INF] 【直播间】407149 的第 28 个心跳包发送成功
[02:37:26 INF] 【直播间】11732699 的第 28 个心跳包发送成功
[02:37:27 INF] 【直播间】91164 的第 28 个心跳包发送成功
[02:37:28 INF] 【直播间】7184632 的第 28 个心跳包发送成功
[02:37:30 INF] 【直播间】23447660 的第 28 个心跳包发送成功
[02:37:31 INF] 【直播间】929670 的第 28 个心跳包发送成功
[02:37:32 INF] 【直播间】22764265 的第 28 个心跳包发送成功
[02:38:25 INF] 【直播间】23357926 的第 29 个心跳包发送成功
[02:38:26 ERR] 【心跳包】直播间 23040372 发送失败
[02:38:26 ERR] 【原因】time check failed
[02:38:27 ERR] 【心跳包】直播间 31494 发送失败
[02:38:27 ERR] 【原因】time check failed
[02:38:29 ERR] 【心跳包】直播间 4015781 发送失败
[02:38:29 ERR] 【原因】time check failed
[02:38:30 INF] 【直播间】9619073 的第 29 个心跳包发送成功
[02:38:31 ERR] 【心跳包】直播间 407149 发送失败
[02:38:31 ERR] 【原因】time check failed
[02:38:32 ERR] 【心跳包】直播间 11732699 发送失败
[02:38:32 ERR] 【原因】time check failed
[02:38:33 ERR] 【心跳包】直播间 91164 发送失败
[02:38:33 ERR] 【原因】time check failed
[02:38:35 INF] 【直播间】7184632 的第 29 个心跳包发送成功
[02:38:36 ERR] 【心跳包】直播间 23447660 发送失败
[02:38:36 ERR] 【原因】time check failed
[02:38:37 ERR] 【心跳包】直播间 929670 发送失败
[02:38:37 ERR] 【原因】time check failed
[02:38:38 ERR] 【心跳包】直播间 22764265 发送失败
[02:38:38 ERR] 【原因】time check failed
[02:39:32 ERR] 【心跳包】直播间 23357926 发送失败
[02:39:32 ERR] 【原因】time check failed
[02:39:33 INF] 【直播间】23040372 的第 29 个心跳包发送成功
[02:39:34 INF] 【直播间】31494 的第 29 个心跳包发送成功
[02:39:35 INF] 【直播间】4015781 的第 29 个心跳包发送成功
[02:39:37 ERR] 【心跳包】直播间 9619073 发送失败
[02:39:37 ERR] 【原因】time check failed
[02:39:38 INF] 【直播间】407149 的第 29 个心跳包发送成功
[02:39:39 INF] 【直播间】11732699 的第 29 个心跳包发送成功
[02:39:40 INF] 【直播间】91164 的第 29 个心跳包发送成功
[02:39:42 ERR] 【心跳包】直播间 7184632 发送失败
[02:39:42 ERR] 【原因】time check failed
[02:39:43 INF] 【直播间】23447660 的第 29 个心跳包发送成功
[02:39:44 INF] 【直播间】929670 的第 29 个心跳包发送成功
[02:39:46 INF] 【直播间】22764265 的第 29 个心跳包发送成功
[02:40:38 INF] 【直播间】23357926 的第 30 个心跳包发送成功
[02:40:39 INF] 【直播间】23040372 的第 30 个心跳包发送成功
[02:40:41 INF] 【直播间】31494 的第 30 个心跳包发送成功
[02:40:42 INF] 【直播间】4015781 的第 30 个心跳包发送成功
[02:40:43 INF] 【直播间】9619073 的第 30 个心跳包发送成功
[02:40:44 INF] 【直播间】407149 的第 30 个心跳包发送成功
[02:40:46 INF] 【直播间】11732699 的第 30 个心跳包发送成功
[02:40:47 INF] 【直播间】91164 的第 30 个心跳包发送成功
[02:40:48 INF] 【直播间】7184632 的第 30 个心跳包发送成功
[02:40:50 INF] 【直播间】23447660 的第 30 个心跳包发送成功
[02:40:51 INF] 【直播间】929670 的第 30 个心跳包发送成功
[02:40:52 INF] 【直播间】22764265 的第 30 个心跳包发送成功
[02:41:45 INF] 【直播间】23357926 的第 31 个心跳包发送成功
[02:41:46 INF] 【直播间】23040372 的第 31 个心跳包发送成功
[02:41:47 INF] 【直播间】31494 的第 31 个心跳包发送成功
[02:41:48 INF] 【直播间】4015781 的第 31 个心跳包发送成功
[02:41:50 INF] 【直播间】9619073 的第 31 个心跳包发送成功
[02:41:51 INF] 【直播间】407149 的第 31 个心跳包发送成功
[02:41:52 INF] 【直播间】11732699 的第 31 个心跳包发送成功
[02:41:53 INF] 【直播间】91164 的第 31 个心跳包发送成功
[02:41:55 INF] 【直播间】7184632 的第 31 个心跳包发送成功
[02:41:56 INF] 【直播间】23447660 的第 31 个心跳包发送成功
[02:41:57 INF] 【直播间】929670 的第 31 个心跳包发送成功
[02:41:58 INF] 【直播间】22764265 的第 31 个心跳包发送成功
[02:42:51 INF] 【直播间】23357926 的第 32 个心跳包发送成功
[02:42:52 INF] 【直播间】23040372 的第 32 个心跳包发送成功
[02:42:53 INF] 【直播间】31494 的第 32 个心跳包发送成功
[02:42:55 INF] 【直播间】4015781 的第 32 个心跳包发送成功
[02:42:56 INF] 【直播间】9619073 的第 32 个心跳包发送成功
[02:42:57 INF] 【直播间】407149 的第 32 个心跳包发送成功
[02:42:58 INF] 【直播间】11732699 的第 32 个心跳包发送成功
[02:43:00 INF] 【直播间】91164 的第 32 个心跳包发送成功
[02:43:01 INF] 【直播间】7184632 的第 32 个心跳包发送成功
[02:43:02 INF] 【直播间】23447660 的第 32 个心跳包发送成功
[02:43:04 INF] 【直播间】929670 的第 32 个心跳包发送成功
[02:43:05 INF] 【直播间】22764265 的第 32 个心跳包发送成功
[02:43:57 INF] 【直播间】23357926 的第 33 个心跳包发送成功
[02:43:58 INF] 【直播间】23040372 的第 33 个心跳包发送成功
[02:44:00 INF] 【直播间】31494 的第 33 个心跳包发送成功
[02:44:01 INF] 【直播间】4015781 的第 33 个心跳包发送成功
[02:44:02 INF] 【直播间】9619073 的第 33 个心跳包发送成功
[02:44:03 INF] 【直播间】407149 的第 33 个心跳包发送成功
[02:44:05 INF] 【直播间】11732699 的第 33 个心跳包发送成功
[02:44:06 INF] 【直播间】91164 的第 33 个心跳包发送成功
[02:44:07 INF] 【直播间】7184632 的第 33 个心跳包发送成功
[02:44:09 INF] 【直播间】23447660 的第 33 个心跳包发送成功
[02:44:10 INF] 【直播间】929670 的第 33 个心跳包发送成功
[02:44:11 INF] 【直播间】22764265 的第 33 个心跳包发送成功
[02:45:04 INF] 【直播间】23357926 的第 34 个心跳包发送成功
[02:45:05 INF] 【直播间】23040372 的第 34 个心跳包发送成功
[02:45:06 INF] 【直播间】31494 的第 34 个心跳包发送成功
[02:45:07 INF] 【直播间】4015781 的第 34 个心跳包发送成功
[02:45:09 INF] 【直播间】9619073 的第 34 个心跳包发送成功
[02:45:10 INF] 【直播间】407149 的第 34 个心跳包发送成功
[02:45:11 INF] 【直播间】11732699 的第 34 个心跳包发送成功
[02:45:12 INF] 【直播间】91164 的第 34 个心跳包发送成功
[02:45:14 INF] 【直播间】7184632 的第 34 个心跳包发送成功
[02:45:15 INF] 【直播间】23447660 的第 34 个心跳包发送成功
[02:45:16 INF] 【直播间】929670 的第 34 个心跳包发送成功
[02:45:17 INF] 【直播间】22764265 的第 34 个心跳包发送成功
[02:46:10 INF] 【直播间】23357926 的第 35 个心跳包发送成功
[02:46:12 INF] 【直播间】23040372 的第 35 个心跳包发送成功
[02:46:13 INF] 【直播间】31494 的第 35 个心跳包发送成功
[02:46:14 INF] 【直播间】4015781 的第 35 个心跳包发送成功
[02:46:15 INF] 【直播间】9619073 的第 35 个心跳包发送成功
[02:46:16 INF] 【直播间】407149 的第 35 个心跳包发送成功
[02:46:18 INF] 【直播间】11732699 的第 35 个心跳包发送成功
[02:46:19 INF] 【直播间】91164 的第 35 个心跳包发送成功
[02:46:20 INF] 【直播间】7184632 的第 35 个心跳包发送成功
[02:46:21 INF] 【直播间】23447660 的第 35 个心跳包发送成功
[02:46:22 INF] 【直播间】929670 的第 35 个心跳包发送成功
[02:46:24 INF] 【直播间】22764265 的第 35 个心跳包发送成功
[02:47:17 INF] 【直播间】23357926 的第 36 个心跳包发送成功
[02:47:18 INF] 【直播间】23040372 的第 36 个心跳包发送成功
[02:47:19 INF] 【直播间】31494 的第 36 个心跳包发送成功
[02:47:20 INF] 【直播间】4015781 的第 36 个心跳包发送成功
[02:47:21 INF] 【直播间】9619073 的第 36 个心跳包发送成功
[02:47:23 INF] 【直播间】407149 的第 36 个心跳包发送成功
[02:47:24 INF] 【直播间】11732699 的第 36 个心跳包发送成功
[02:47:25 INF] 【直播间】91164 的第 36 个心跳包发送成功
[02:47:26 INF] 【直播间】7184632 的第 36 个心跳包发送成功
[02:47:27 INF] 【直播间】23447660 的第 36 个心跳包发送成功
[02:47:29 INF] 【直播间】929670 的第 36 个心跳包发送成功
[02:47:30 INF] 【直播间】22764265 的第 36 个心跳包发送成功
[02:48:23 INF] 【直播间】23357926 的第 37 个心跳包发送成功
[02:48:24 INF] 【直播间】23040372 的第 37 个心跳包发送成功
[02:48:25 INF] 【直播间】31494 的第 37 个心跳包发送成功
[02:48:27 INF] 【直播间】4015781 的第 37 个心跳包发送成功
[02:48:28 INF] 【直播间】9619073 的第 37 个心跳包发送成功
[02:48:29 INF] 【直播间】407149 的第 37 个心跳包发送成功
[02:48:30 INF] 【直播间】11732699 的第 37 个心跳包发送成功
[02:48:31 INF] 【直播间】91164 的第 37 个心跳包发送成功
[02:48:33 INF] 【直播间】7184632 的第 37 个心跳包发送成功
[02:48:34 INF] 【直播间】23447660 的第 37 个心跳包发送成功
[02:48:35 INF] 【直播间】929670 的第 37 个心跳包发送成功
[02:48:36 INF] 【直播间】22764265 的第 37 个心跳包发送成功
[02:49:29 INF] 【直播间】23357926 的第 38 个心跳包发送成功
[02:49:31 INF] 【直播间】23040372 的第 38 个心跳包发送成功
[02:49:32 INF] 【直播间】31494 的第 38 个心跳包发送成功
[02:49:33 INF] 【直播间】4015781 的第 38 个心跳包发送成功
[02:49:35 INF] 【直播间】9619073 的第 38 个心跳包发送成功
[02:49:36 INF] 【直播间】407149 的第 38 个心跳包发送成功
[02:49:37 INF] 【直播间】11732699 的第 38 个心跳包发送成功
[02:49:38 INF] 【直播间】91164 的第 38 个心跳包发送成功
[02:49:40 INF] 【直播间】7184632 的第 38 个心跳包发送成功
[02:49:41 INF] 【直播间】23447660 的第 38 个心跳包发送成功
[02:49:42 INF] 【直播间】929670 的第 38 个心跳包发送成功
[02:49:43 INF] 【直播间】22764265 的第 38 个心跳包发送成功
[02:50:36 INF] 【直播间】23357926 的第 39 个心跳包发送成功
[02:50:37 INF] 【直播间】23040372 的第 39 个心跳包发送成功
[02:50:39 INF] 【直播间】31494 的第 39 个心跳包发送成功
[02:50:40 INF] 【直播间】4015781 的第 39 个心跳包发送成功
[02:50:41 INF] 【直播间】9619073 的第 39 个心跳包发送成功
[02:50:42 INF] 【直播间】407149 的第 39 个心跳包发送成功
[02:50:44 INF] 【直播间】11732699 的第 39 个心跳包发送成功
[02:50:45 INF] 【直播间】91164 的第 39 个心跳包发送成功
[02:50:46 INF] 【直播间】7184632 的第 39 个心跳包发送成功
[02:50:47 INF] 【直播间】23447660 的第 39 个心跳包发送成功
[02:50:49 INF] 【直播间】929670 的第 39 个心跳包发送成功
[02:50:50 INF] 【直播间】22764265 的第 39 个心跳包发送成功
[02:51:43 INF] 【直播间】23357926 的第 40 个心跳包发送成功
[02:51:44 INF] 【直播间】23040372 的第 40 个心跳包发送成功
[02:51:45 INF] 【直播间】31494 的第 40 个心跳包发送成功
[02:51:46 INF] 【直播间】4015781 的第 40 个心跳包发送成功
[02:51:48 INF] 【直播间】9619073 的第 40 个心跳包发送成功
[02:51:49 INF] 【直播间】407149 的第 40 个心跳包发送成功
[02:51:50 INF] 【直播间】11732699 的第 40 个心跳包发送成功
[02:51:51 INF] 【直播间】91164 的第 40 个心跳包发送成功
[02:51:53 INF] 【直播间】7184632 的第 40 个心跳包发送成功
[02:51:54 INF] 【直播间】23447660 的第 40 个心跳包发送成功
[02:51:55 INF] 【直播间】929670 的第 40 个心跳包发送成功
[02:51:56 INF] 【直播间】22764265 的第 40 个心跳包发送成功
[02:52:49 INF] 【直播间】23357926 的第 41 个心跳包发送成功
[02:52:51 INF] 【直播间】23040372 的第 41 个心跳包发送成功
[02:52:52 INF] 【直播间】31494 的第 41 个心跳包发送成功
[02:52:53 INF] 【直播间】4015781 的第 41 个心跳包发送成功
[02:52:54 INF] 【直播间】9619073 的第 41 个心跳包发送成功
[02:52:55 INF] 【直播间】407149 的第 41 个心跳包发送成功
[02:52:57 INF] 【直播间】11732699 的第 41 个心跳包发送成功
[02:52:58 INF] 【直播间】91164 的第 41 个心跳包发送成功
[02:52:59 INF] 【直播间】7184632 的第 41 个心跳包发送成功
[02:53:00 INF] 【直播间】23447660 的第 41 个心跳包发送成功
[02:53:01 INF] 【直播间】929670 的第 41 个心跳包发送成功
[02:53:03 INF] 【直播间】22764265 的第 41 个心跳包发送成功
[02:53:56 INF] 【直播间】23357926 的第 42 个心跳包发送成功
[02:53:57 ERR] 【心跳包】直播间 23040372 发送失败
[02:53:57 ERR] 【原因】time check failed
[02:53:58 ERR] 【心跳包】直播间 31494 发送失败
[02:53:58 ERR] 【原因】time check failed
[02:53:59 INF] 【直播间】4015781 的第 42 个心跳包发送成功
[02:54:01 INF] 【直播间】9619073 的第 42 个心跳包发送成功
[02:54:02 ERR] 【心跳包】直播间 407149 发送失败
[02:54:02 ERR] 【原因】time check failed
[02:54:03 ERR] 【心跳包】直播间 11732699 发送失败
[02:54:03 ERR] 【原因】time check failed
[02:54:04 ERR] 【心跳包】直播间 91164 发送失败
[02:54:04 ERR] 【原因】time check failed
[02:54:05 INF] 【直播间】7184632 的第 42 个心跳包发送成功
[02:54:07 ERR] 【心跳包】直播间 23447660 发送失败
[02:54:07 ERR] 【原因】time check failed
[02:54:08 ERR] 【心跳包】直播间 929670 发送失败
[02:54:08 ERR] 【原因】time check failed
[02:54:09 ERR] 【心跳包】直播间 22764265 发送失败
[02:54:09 ERR] 【原因】time check failed
[02:55:02 ERR] 【心跳包】直播间 23357926 发送失败
[02:55:02 ERR] 【原因】time check failed
[02:55:03 INF] 【直播间】23040372 的第 42 个心跳包发送成功
[02:55:05 INF] 【直播间】31494 的第 42 个心跳包发送成功
[02:55:06 ERR] 【心跳包】直播间 4015781 发送失败
[02:55:06 ERR] 【原因】time check failed
[02:55:07 ERR] 【心跳包】直播间 9619073 发送失败
[02:55:07 ERR] 【原因】time check failed
[02:55:08 INF] 【直播间】407149 的第 42 个心跳包发送成功
[02:55:09 INF] 【直播间】11732699 的第 42 个心跳包发送成功
[02:55:11 INF] 【直播间】91164 的第 42 个心跳包发送成功
[02:55:12 INF] 【直播间】7184632 的第 43 个心跳包发送成功
[02:55:13 INF] 【直播间】23447660 的第 42 个心跳包发送成功
[02:55:14 INF] 【直播间】929670 的第 42 个心跳包发送成功
[02:55:15 INF] 【直播间】22764265 的第 42 个心跳包发送成功
[02:56:09 INF] 【直播间】23357926 的第 43 个心跳包发送成功
[02:56:10 INF] 【直播间】23040372 的第 43 个心跳包发送成功
[02:56:11 INF] 【直播间】31494 的第 43 个心跳包发送成功
[02:56:12 INF] 【直播间】4015781 的第 43 个心跳包发送成功
[02:56:14 INF] 【直播间】9619073 的第 43 个心跳包发送成功
[02:56:15 INF] 【直播间】407149 的第 43 个心跳包发送成功
[02:56:16 INF] 【直播间】11732699 的第 43 个心跳包发送成功
[02:56:17 INF] 【直播间】91164 的第 43 个心跳包发送成功
[02:56:19 ERR] 【心跳包】直播间 7184632 发送失败
[02:56:19 ERR] 【原因】time check failed
[02:56:20 INF] 【直播间】23447660 的第 43 个心跳包发送成功
[02:56:21 INF] 【直播间】929670 的第 43 个心跳包发送成功
[02:56:22 INF] 【直播间】22764265 的第 43 个心跳包发送成功
[02:57:15 INF] 【直播间】23357926 的第 44 个心跳包发送成功
[02:57:16 INF] 【直播间】23040372 的第 44 个心跳包发送成功
[02:57:18 INF] 【直播间】31494 的第 44 个心跳包发送成功
[02:57:19 INF] 【直播间】4015781 的第 44 个心跳包发送成功
[02:57:20 INF] 【直播间】9619073 的第 44 个心跳包发送成功
[02:57:21 INF] 【直播间】407149 的第 44 个心跳包发送成功
[02:57:23 INF] 【直播间】11732699 的第 44 个心跳包发送成功
[02:57:24 INF] 【直播间】91164 的第 44 个心跳包发送成功
[02:57:25 INF] 【直播间】7184632 的第 44 个心跳包发送成功
[02:57:26 INF] 【直播间】23447660 的第 44 个心跳包发送成功
[02:57:27 INF] 【直播间】929670 的第 44 个心跳包发送成功
[02:57:29 INF] 【直播间】22764265 的第 44 个心跳包发送成功
[02:58:22 INF] 【直播间】23357926 的第 45 个心跳包发送成功
[02:58:23 INF] 【直播间】23040372 的第 45 个心跳包发送成功
[02:58:24 INF] 【直播间】31494 的第 45 个心跳包发送成功
[02:58:25 INF] 【直播间】4015781 的第 45 个心跳包发送成功
[02:58:26 INF] 【直播间】9619073 的第 45 个心跳包发送成功
[02:58:28 INF] 【直播间】407149 的第 45 个心跳包发送成功
[02:58:29 INF] 【直播间】11732699 的第 45 个心跳包发送成功
[02:58:30 INF] 【直播间】91164 的第 45 个心跳包发送成功
[02:58:31 INF] 【直播间】7184632 的第 45 个心跳包发送成功
[02:58:33 INF] 【直播间】23447660 的第 45 个心跳包发送成功
[02:58:34 INF] 【直播间】929670 的第 45 个心跳包发送成功
[02:58:35 INF] 【直播间】22764265 的第 45 个心跳包发送成功
[02:59:28 INF] 【直播间】23357926 的第 46 个心跳包发送成功
[02:59:29 INF] 【直播间】23040372 的第 46 个心跳包发送成功
[02:59:30 INF] 【直播间】31494 的第 46 个心跳包发送成功
[02:59:32 INF] 【直播间】4015781 的第 46 个心跳包发送成功
[02:59:33 INF] 【直播间】9619073 的第 46 个心跳包发送成功
[02:59:34 INF] 【直播间】407149 的第 46 个心跳包发送成功
[02:59:35 INF] 【直播间】11732699 的第 46 个心跳包发送成功
[02:59:36 INF] 【直播间】91164 的第 46 个心跳包发送成功
[02:59:38 INF] 【直播间】7184632 的第 46 个心跳包发送成功
[02:59:39 INF] 【直播间】23447660 的第 46 个心跳包发送成功
[02:59:40 INF] 【直播间】929670 的第 46 个心跳包发送成功
[02:59:41 INF] 【直播间】22764265 的第 46 个心跳包发送成功
[03:00:35 INF] 【直播间】23357926 的第 47 个心跳包发送成功
[03:00:36 INF] 【直播间】23040372 的第 47 个心跳包发送成功
[03:00:37 INF] 【直播间】31494 的第 47 个心跳包发送成功
[03:00:38 INF] 【直播间】4015781 的第 47 个心跳包发送成功
[03:00:40 INF] 【直播间】9619073 的第 47 个心跳包发送成功
[03:00:41 INF] 【直播间】407149 的第 47 个心跳包发送成功
[03:00:42 INF] 【直播间】11732699 的第 47 个心跳包发送成功
[03:00:43 INF] 【直播间】91164 的第 47 个心跳包发送成功
[03:00:45 INF] 【直播间】7184632 的第 47 个心跳包发送成功
[03:00:46 INF] 【直播间】23447660 的第 47 个心跳包发送成功
[03:00:47 INF] 【直播间】929670 的第 47 个心跳包发送成功
[03:00:48 INF] 【直播间】22764265 的第 47 个心跳包发送成功
[03:01:41 INF] 【直播间】23357926 的第 48 个心跳包发送成功
[03:01:42 INF] 【直播间】23040372 的第 48 个心跳包发送成功
[03:01:44 INF] 【直播间】31494 的第 48 个心跳包发送成功
[03:01:45 INF] 【直播间】4015781 的第 48 个心跳包发送成功
[03:01:46 INF] 【直播间】9619073 的第 48 个心跳包发送成功
[03:01:47 INF] 【直播间】407149 的第 48 个心跳包发送成功
[03:01:48 INF] 【直播间】11732699 的第 48 个心跳包发送成功
[03:01:50 INF] 【直播间】91164 的第 48 个心跳包发送成功
[03:01:51 INF] 【直播间】7184632 的第 48 个心跳包发送成功
[03:01:52 INF] 【直播间】23447660 的第 48 个心跳包发送成功
[03:01:54 INF] 【直播间】929670 的第 48 个心跳包发送成功
[03:01:55 INF] 【直播间】22764265 的第 48 个心跳包发送成功
[03:02:48 INF] 【直播间】23357926 的第 49 个心跳包发送成功
[03:02:49 INF] 【直播间】23040372 的第 49 个心跳包发送成功
[03:02:50 INF] 【直播间】31494 的第 49 个心跳包发送成功
[03:02:51 INF] 【直播间】4015781 的第 49 个心跳包发送成功
[03:02:53 INF] 【直播间】9619073 的第 49 个心跳包发送成功
[03:02:54 INF] 【直播间】407149 的第 49 个心跳包发送成功
[03:02:55 INF] 【直播间】11732699 的第 49 个心跳包发送成功
[03:02:56 INF] 【直播间】91164 的第 49 个心跳包发送成功
[03:02:57 INF] 【直播间】7184632 的第 49 个心跳包发送成功
[03:02:59 INF] 【直播间】23447660 的第 49 个心跳包发送成功
[03:03:00 INF] 【直播间】929670 的第 49 个心跳包发送成功
[03:03:01 INF] 【直播间】22764265 的第 49 个心跳包发送成功
[03:03:54 INF] 【直播间】23357926 的第 50 个心跳包发送成功
[03:03:55 INF] 【直播间】23040372 的第 50 个心跳包发送成功
[03:03:56 INF] 【直播间】31494 的第 50 个心跳包发送成功
[03:03:58 INF] 【直播间】4015781 的第 50 个心跳包发送成功
[03:03:59 INF] 【直播间】9619073 的第 50 个心跳包发送成功
[03:04:00 INF] 【直播间】407149 的第 50 个心跳包发送成功
[03:04:01 INF] 【直播间】11732699 的第 50 个心跳包发送成功
[03:04:02 INF] 【直播间】91164 的第 50 个心跳包发送成功
[03:04:04 INF] 【直播间】7184632 的第 50 个心跳包发送成功
[03:04:05 INF] 【直播间】23447660 的第 50 个心跳包发送成功
[03:04:06 INF] 【直播间】929670 的第 50 个心跳包发送成功
[03:04:08 INF] 【直播间】22764265 的第 50 个心跳包发送成功
[03:05:00 INF] 【直播间】23357926 的第 51 个心跳包发送成功
[03:05:02 INF] 【直播间】23040372 的第 51 个心跳包发送成功
[03:05:03 INF] 【直播间】31494 的第 51 个心跳包发送成功
[03:05:04 INF] 【直播间】4015781 的第 51 个心跳包发送成功
[03:05:05 INF] 【直播间】9619073 的第 51 个心跳包发送成功
[03:05:07 INF] 【直播间】407149 的第 51 个心跳包发送成功
[03:05:08 INF] 【直播间】11732699 的第 51 个心跳包发送成功
[03:05:09 INF] 【直播间】91164 的第 51 个心跳包发送成功
[03:05:10 INF] 【直播间】7184632 的第 51 个心跳包发送成功
[03:05:12 INF] 【直播间】23447660 的第 51 个心跳包发送成功
[03:05:13 INF] 【直播间】929670 的第 51 个心跳包发送成功
[03:05:14 INF] 【直播间】22764265 的第 51 个心跳包发送成功
[03:06:07 INF] 【直播间】23357926 的第 52 个心跳包发送成功
[03:06:08 INF] 【直播间】23040372 的第 52 个心跳包发送成功
[03:06:09 INF] 【直播间】31494 的第 52 个心跳包发送成功
[03:06:11 INF] 【直播间】4015781 的第 52 个心跳包发送成功
[03:06:12 INF] 【直播间】9619073 的第 52 个心跳包发送成功
[03:06:13 INF] 【直播间】407149 的第 52 个心跳包发送成功
[03:06:14 INF] 【直播间】11732699 的第 52 个心跳包发送成功
[03:06:16 INF] 【直播间】91164 的第 52 个心跳包发送成功
[03:06:17 INF] 【直播间】7184632 的第 52 个心跳包发送成功
[03:06:18 INF] 【直播间】23447660 的第 52 个心跳包发送成功
[03:06:20 INF] 【直播间】929670 的第 52 个心跳包发送成功
[03:06:21 INF] 【直播间】22764265 的第 52 个心跳包发送成功
[03:07:13 INF] 【直播间】23357926 的第 53 个心跳包发送成功
[03:07:15 INF] 【直播间】23040372 的第 53 个心跳包发送成功
[03:07:16 INF] 【直播间】31494 的第 53 个心跳包发送成功
[03:07:17 INF] 【直播间】4015781 的第 53 个心跳包发送成功
[03:07:18 INF] 【直播间】9619073 的第 53 个心跳包发送成功
[03:07:20 INF] 【直播间】407149 的第 53 个心跳包发送成功
[03:07:21 INF] 【直播间】11732699 的第 53 个心跳包发送成功
[03:07:22 INF] 【直播间】91164 的第 53 个心跳包发送成功
[03:07:24 INF] 【直播间】7184632 的第 53 个心跳包发送成功
[03:07:25 INF] 【直播间】23447660 的第 53 个心跳包发送成功
[03:07:26 INF] 【直播间】929670 的第 53 个心跳包发送成功
[03:07:27 INF] 【直播间】22764265 的第 53 个心跳包发送成功
[03:08:20 INF] 【直播间】23357926 的第 54 个心跳包发送成功
[03:08:21 INF] 【直播间】23040372 的第 54 个心跳包发送成功
[03:08:23 INF] 【直播间】31494 的第 54 个心跳包发送成功
[03:08:24 INF] 【直播间】4015781 的第 54 个心跳包发送成功
[03:08:25 INF] 【直播间】9619073 的第 54 个心跳包发送成功
[03:08:26 INF] 【直播间】407149 的第 54 个心跳包发送成功
[03:08:27 INF] 【直播间】11732699 的第 54 个心跳包发送成功
[03:08:29 INF] 【直播间】91164 的第 54 个心跳包发送成功
[03:08:30 INF] 【直播间】7184632 的第 54 个心跳包发送成功
[03:08:31 INF] 【直播间】23447660 的第 54 个心跳包发送成功
[03:08:32 INF] 【直播间】929670 的第 54 个心跳包发送成功
[03:08:33 INF] 【直播间】22764265 的第 54 个心跳包发送成功
[03:09:27 INF] 【直播间】23357926 的第 55 个心跳包发送成功
[03:09:28 ERR] 【心跳包】直播间 23040372 发送失败
[03:09:28 ERR] 【原因】time check failed
[03:09:29 ERR] 【心跳包】直播间 31494 发送失败
[03:09:29 ERR] 【原因】time check failed
[03:09:31 INF] 【直播间】4015781 的第 55 个心跳包发送成功
[03:09:32 INF] 【直播间】9619073 的第 55 个心跳包发送成功
[03:09:33 ERR] 【心跳包】直播间 407149 发送失败
[03:09:33 ERR] 【原因】time check failed
[03:09:34 ERR] 【心跳包】直播间 11732699 发送失败
[03:09:34 ERR] 【原因】time check failed
[03:09:36 ERR] 【心跳包】直播间 91164 发送失败
[03:09:36 ERR] 【原因】time check failed
[03:09:37 INF] 【直播间】7184632 的第 55 个心跳包发送成功
[03:09:38 ERR] 【心跳包】直播间 23447660 发送失败
[03:09:38 ERR] 【原因】time check failed
[03:09:39 ERR] 【心跳包】直播间 929670 发送失败
[03:09:39 ERR] 【原因】time check failed
[03:09:40 ERR] 【心跳包】直播间 22764265 发送失败
[03:09:40 ERR] 【原因】time check failed
[03:10:33 ERR] 【心跳包】直播间 23357926 发送失败
[03:10:33 ERR] 【原因】time check failed
[03:10:34 INF] 【直播间】23040372 的第 55 个心跳包发送成功
[03:10:36 INF] 【直播间】31494 的第 55 个心跳包发送成功
[03:10:37 ERR] 【心跳包】直播间 4015781 发送失败
[03:10:37 ERR] 【原因】time check failed
[03:10:38 ERR] 【心跳包】直播间 9619073 发送失败
[03:10:38 ERR] 【原因】time check failed
[03:10:39 INF] 【直播间】407149 的第 55 个心跳包发送成功
[03:10:41 INF] 【直播间】11732699 的第 55 个心跳包发送成功
[03:10:42 INF] 【直播间】91164 的第 55 个心跳包发送成功
[03:10:43 INF] 【直播间】7184632 的第 56 个心跳包发送成功
[03:10:44 INF] 【直播间】23447660 的第 55 个心跳包发送成功
[03:10:45 INF] 【直播间】929670 的第 55 个心跳包发送成功
[03:10:47 INF] 【直播间】22764265 的第 55 个心跳包发送成功
[03:11:40 INF] 【直播间】23357926 的第 56 个心跳包发送成功
[03:11:41 INF] 【直播间】23040372 的第 56 个心跳包发送成功
[03:11:42 INF] 【直播间】31494 的第 56 个心跳包发送成功
[03:11:43 INF] 【直播间】4015781 的第 56 个心跳包发送成功
[03:11:44 INF] 【直播间】9619073 的第 56 个心跳包发送成功
[03:11:46 INF] 【直播间】407149 的第 56 个心跳包发送成功
[03:11:47 INF] 【直播间】11732699 的第 56 个心跳包发送成功
[03:11:48 INF] 【直播间】91164 的第 56 个心跳包发送成功
[03:11:49 INF] 【直播间】7184632 的第 57 个心跳包发送成功
[03:11:51 INF] 【直播间】23447660 的第 56 个心跳包发送成功
[03:11:52 INF] 【直播间】929670 的第 56 个心跳包发送成功
[03:11:53 INF] 【直播间】22764265 的第 56 个心跳包发送成功
[03:12:46 INF] 【直播间】23357926 的第 57 个心跳包发送成功
[03:12:47 INF] 【直播间】23040372 的第 57 个心跳包发送成功
[03:12:48 INF] 【直播间】31494 的第 57 个心跳包发送成功
[03:12:50 INF] 【直播间】4015781 的第 57 个心跳包发送成功
[03:12:51 INF] 【直播间】9619073 的第 57 个心跳包发送成功
[03:12:52 INF] 【直播间】407149 的第 57 个心跳包发送成功
[03:12:53 INF] 【直播间】11732699 的第 57 个心跳包发送成功
[03:12:54 INF] 【直播间】91164 的第 57 个心跳包发送成功
[03:12:56 ERR] 【心跳包】直播间 7184632 发送失败
[03:12:56 ERR] 【原因】time check failed
[03:12:57 INF] 【直播间】23447660 的第 57 个心跳包发送成功
[03:12:58 INF] 【直播间】929670 的第 57 个心跳包发送成功
[03:12:59 INF] 【直播间】22764265 的第 57 个心跳包发送成功
[03:13:53 INF] 【直播间】23357926 的第 58 个心跳包发送成功
[03:13:54 INF] 【直播间】23040372 的第 58 个心跳包发送成功
[03:13:55 INF] 【直播间】31494 的第 58 个心跳包发送成功
[03:13:56 INF] 【直播间】4015781 的第 58 个心跳包发送成功
[03:13:58 INF] 【直播间】9619073 的第 58 个心跳包发送成功
[03:13:59 INF] 【直播间】407149 的第 58 个心跳包发送成功
[03:14:00 INF] 【直播间】11732699 的第 58 个心跳包发送成功
[03:14:01 INF] 【直播间】91164 的第 58 个心跳包发送成功
[03:14:02 INF] 【直播间】7184632 的第 58 个心跳包发送成功
[03:14:04 INF] 【直播间】23447660 的第 58 个心跳包发送成功
[03:14:05 INF] 【直播间】929670 的第 58 个心跳包发送成功
[03:14:06 INF] 【直播间】22764265 的第 58 个心跳包发送成功
[03:14:59 INF] 【直播间】23357926 的第 59 个心跳包发送成功
[03:15:00 INF] 【直播间】23040372 的第 59 个心跳包发送成功
[03:15:01 INF] 【直播间】31494 的第 59 个心跳包发送成功
[03:15:03 INF] 【直播间】4015781 的第 59 个心跳包发送成功
[03:15:04 INF] 【直播间】9619073 的第 59 个心跳包发送成功
[03:15:05 INF] 【直播间】407149 的第 59 个心跳包发送成功
[03:15:06 INF] 【直播间】11732699 的第 59 个心跳包发送成功
[03:15:08 INF] 【直播间】91164 的第 59 个心跳包发送成功
[03:15:09 INF] 【直播间】7184632 的第 59 个心跳包发送成功
[03:15:10 INF] 【直播间】23447660 的第 59 个心跳包发送成功
[03:15:12 INF] 【直播间】929670 的第 59 个心跳包发送成功
[03:15:13 INF] 【直播间】22764265 的第 59 个心跳包发送成功
[03:16:05 INF] 【直播间】23357926 的第 60 个心跳包发送成功
[03:16:07 INF] 【直播间】23040372 的第 60 个心跳包发送成功
[03:16:08 INF] 【直播间】31494 的第 60 个心跳包发送成功
[03:16:09 INF] 【直播间】4015781 的第 60 个心跳包发送成功
[03:16:10 INF] 【直播间】9619073 的第 60 个心跳包发送成功
[03:16:11 INF] 【直播间】407149 的第 60 个心跳包发送成功
[03:16:13 INF] 【直播间】11732699 的第 60 个心跳包发送成功
[03:16:14 INF] 【直播间】91164 的第 60 个心跳包发送成功
[03:16:15 INF] 【直播间】7184632 的第 60 个心跳包发送成功
[03:16:17 INF] 【直播间】23447660 的第 60 个心跳包发送成功
[03:16:18 INF] 【直播间】929670 的第 60 个心跳包发送成功
[03:16:19 INF] 【直播间】22764265 的第 60 个心跳包发送成功
[03:17:12 INF] 【直播间】23357926 的第 61 个心跳包发送成功
[03:17:13 INF] 【直播间】23040372 的第 61 个心跳包发送成功
[03:17:14 INF] 【直播间】31494 的第 61 个心跳包发送成功
[03:17:16 INF] 【直播间】4015781 的第 61 个心跳包发送成功
[03:17:17 INF] 【直播间】9619073 的第 61 个心跳包发送成功
[03:17:18 INF] 【直播间】407149 的第 61 个心跳包发送成功
[03:17:19 INF] 【直播间】11732699 的第 61 个心跳包发送成功
[03:17:21 INF] 【直播间】91164 的第 61 个心跳包发送成功
[03:17:22 INF] 【直播间】7184632 的第 61 个心跳包发送成功
[03:17:23 INF] 【直播间】23447660 的第 61 个心跳包发送成功
[03:17:24 INF] 【直播间】929670 的第 61 个心跳包发送成功
[03:17:25 INF] 【直播间】22764265 的第 61 个心跳包发送成功
[03:18:18 INF] 【直播间】23357926 的第 62 个心跳包发送成功
[03:18:20 INF] 【直播间】23040372 的第 62 个心跳包发送成功
[03:18:21 INF] 【直播间】31494 的第 62 个心跳包发送成功
[03:18:22 INF] 【直播间】4015781 的第 62 个心跳包发送成功
[03:18:23 INF] 【直播间】9619073 的第 62 个心跳包发送成功
[03:18:25 INF] 【直播间】407149 的第 62 个心跳包发送成功
[03:18:26 INF] 【直播间】11732699 的第 62 个心跳包发送成功
[03:18:27 INF] 【直播间】91164 的第 62 个心跳包发送成功
[03:18:29 INF] 【直播间】7184632 的第 62 个心跳包发送成功
[03:18:30 INF] 【直播间】23447660 的第 62 个心跳包发送成功
[03:18:31 INF] 【直播间】929670 的第 62 个心跳包发送成功
[03:18:32 INF] 【直播间】22764265 的第 62 个心跳包发送成功
[03:19:25 INF] 【直播间】23357926 的第 63 个心跳包发送成功
[03:19:26 INF] 【直播间】23040372 的第 63 个心跳包发送成功
[03:19:28 INF] 【直播间】31494 的第 63 个心跳包发送成功
[03:19:29 INF] 【直播间】4015781 的第 63 个心跳包发送成功
[03:19:30 INF] 【直播间】9619073 的第 63 个心跳包发送成功
[03:19:31 INF] 【直播间】407149 的第 63 个心跳包发送成功
[03:19:32 INF] 【直播间】11732699 的第 63 个心跳包发送成功
[03:19:34 INF] 【直播间】91164 的第 63 个心跳包发送成功
[03:19:35 INF] 【直播间】7184632 的第 63 个心跳包发送成功
[03:19:36 INF] 【直播间】23447660 的第 63 个心跳包发送成功
[03:19:37 INF] 【直播间】929670 的第 63 个心跳包发送成功
[03:19:39 INF] 【直播间】22764265 的第 63 个心跳包发送成功
[03:20:31 INF] 【直播间】23357926 的第 64 个心跳包发送成功
[03:20:33 INF] 【直播间】23040372 的第 64 个心跳包发送成功
[03:20:34 INF] 【直播间】31494 的第 64 个心跳包发送成功
[03:20:35 INF] 【直播间】4015781 的第 64 个心跳包发送成功
[03:20:36 INF] 【直播间】9619073 的第 64 个心跳包发送成功
[03:20:38 INF] 【直播间】407149 的第 64 个心跳包发送成功
[03:20:39 INF] 【直播间】11732699 的第 64 个心跳包发送成功
[03:20:40 INF] 【直播间】91164 的第 64 个心跳包发送成功
[03:20:41 INF] 【直播间】7184632 的第 64 个心跳包发送成功
[03:20:43 INF] 【直播间】23447660 的第 64 个心跳包发送成功
[03:20:44 INF] 【直播间】929670 的第 64 个心跳包发送成功
[03:20:45 INF] 【直播间】22764265 的第 64 个心跳包发送成功
[03:21:38 INF] 【直播间】23357926 的第 65 个心跳包发送成功
[03:21:39 INF] 【直播间】23040372 的第 65 个心跳包发送成功
[03:21:40 INF] 【直播间】31494 的第 65 个心跳包发送成功
[03:21:41 INF] 【直播间】4015781 的第 65 个心跳包发送成功
[03:21:43 INF] 【直播间】9619073 的第 65 个心跳包发送成功
[03:21:44 INF] 【直播间】407149 的第 65 个心跳包发送成功
[03:21:45 INF] 【直播间】11732699 的第 65 个心跳包发送成功
[03:21:46 INF] 【直播间】91164 的第 65 个心跳包发送成功
[03:21:48 INF] 【直播间】7184632 的第 65 个心跳包发送成功
[03:21:49 INF] 【直播间】23447660 的第 65 个心跳包发送成功
[03:21:50 INF] 【直播间】929670 的第 65 个心跳包发送成功
[03:21:51 INF] 【直播间】22764265 的第 65 个心跳包发送成功
[03:22:44 INF] 【直播间】23357926 的第 66 个心跳包发送成功
[03:22:45 INF] 【直播间】23040372 的第 66 个心跳包发送成功
[03:22:47 INF] 【直播间】31494 的第 66 个心跳包发送成功
[03:22:48 INF] 【直播间】4015781 的第 66 个心跳包发送成功
[03:22:49 INF] 【直播间】9619073 的第 66 个心跳包发送成功
[03:22:50 INF] 【直播间】407149 的第 66 个心跳包发送成功
[03:22:52 INF] 【直播间】11732699 的第 66 个心跳包发送成功
[03:22:53 INF] 【直播间】91164 的第 66 个心跳包发送成功
[03:22:54 INF] 【直播间】7184632 的第 66 个心跳包发送成功
[03:22:55 INF] 【直播间】23447660 的第 66 个心跳包发送成功
[03:22:56 INF] 【直播间】929670 的第 66 个心跳包发送成功
[03:22:58 INF] 【直播间】22764265 的第 66 个心跳包发送成功
[03:23:51 INF] 【直播间】23357926 的第 67 个心跳包发送成功
[03:23:52 INF] 【直播间】23040372 的第 67 个心跳包发送成功
[03:23:53 INF] 【直播间】31494 的第 67 个心跳包发送成功
[03:23:54 INF] 【直播间】4015781 的第 67 个心跳包发送成功
[03:23:55 INF] 【直播间】9619073 的第 67 个心跳包发送成功
[03:23:57 INF] 【直播间】407149 的第 67 个心跳包发送成功
[03:23:58 INF] 【直播间】11732699 的第 67 个心跳包发送成功
[03:23:59 INF] 【直播间】91164 的第 67 个心跳包发送成功
[03:24:01 INF] 【直播间】7184632 的第 67 个心跳包发送成功
[03:24:02 INF] 【直播间】23447660 的第 67 个心跳包发送成功
[03:24:03 INF] 【直播间】929670 的第 67 个心跳包发送成功
[03:24:04 INF] 【直播间】22764265 的第 67 个心跳包发送成功
[03:24:57 INF] 【直播间】23357926 的第 68 个心跳包发送成功
[03:24:59 ERR] 【心跳包】直播间 23040372 发送失败
[03:24:59 ERR] 【原因】time check failed
[03:25:00 ERR] 【心跳包】直播间 31494 发送失败
[03:25:00 ERR] 【原因】time check failed
[03:25:01 INF] 【直播间】4015781 的第 68 个心跳包发送成功
[03:25:02 INF] 【直播间】9619073 的第 68 个心跳包发送成功
[03:25:04 ERR] 【心跳包】直播间 407149 发送失败
[03:25:04 ERR] 【原因】time check failed
[03:25:05 ERR] 【心跳包】直播间 11732699 发送失败
[03:25:05 ERR] 【原因】time check failed
[03:25:06 ERR] 【心跳包】直播间 91164 发送失败
[03:25:06 ERR] 【原因】time check failed
[03:25:07 INF] 【直播间】7184632 的第 68 个心跳包发送成功
[03:25:09 ERR] 【心跳包】直播间 23447660 发送失败
[03:25:09 ERR] 【原因】time check failed
[03:25:10 ERR] 【心跳包】直播间 929670 发送失败
[03:25:10 ERR] 【原因】time check failed
[03:25:11 ERR] 【心跳包】直播间 22764265 发送失败
[03:25:11 ERR] 【原因】time check failed
[03:26:04 ERR] 【心跳包】直播间 23357926 发送失败
[03:26:04 ERR] 【原因】time check failed
[03:26:05 INF] 【直播间】23040372 的第 68 个心跳包发送成功
[03:26:06 INF] 【直播间】31494 的第 68 个心跳包发送成功
[03:26:07 INF] 【直播间】4015781 的第 69 个心跳包发送成功
[03:26:09 ERR] 【心跳包】直播间 9619073 发送失败
[03:26:09 ERR] 【原因】time check failed
[03:26:10 INF] 【直播间】407149 的第 68 个心跳包发送成功
[03:26:11 INF] 【直播间】11732699 的第 68 个心跳包发送成功
[03:26:12 INF] 【直播间】91164 的第 68 个心跳包发送成功
[03:26:14 INF] 【直播间】7184632 的第 69 个心跳包发送成功
[03:26:15 INF] 【直播间】23447660 的第 68 个心跳包发送成功
[03:26:16 INF] 【直播间】929670 的第 68 个心跳包发送成功
[03:26:18 INF] 【直播间】22764265 的第 68 个心跳包发送成功
[03:27:10 INF] 【直播间】23357926 的第 69 个心跳包发送成功
[03:27:12 INF] 【直播间】23040372 的第 69 个心跳包发送成功
[03:27:13 INF] 【直播间】31494 的第 69 个心跳包发送成功
[03:27:14 ERR] 【心跳包】直播间 4015781 发送失败
[03:27:14 ERR] 【原因】time check failed
[03:27:15 INF] 【直播间】9619073 的第 69 个心跳包发送成功
[03:27:17 INF] 【直播间】407149 的第 69 个心跳包发送成功
[03:27:18 INF] 【直播间】11732699 的第 69 个心跳包发送成功
[03:27:19 INF] 【直播间】91164 的第 69 个心跳包发送成功
[03:27:20 INF] 【直播间】7184632 的第 70 个心跳包发送成功
[03:27:22 INF] 【直播间】23447660 的第 69 个心跳包发送成功
[03:27:23 INF] 【直播间】929670 的第 69 个心跳包发送成功
[03:27:24 INF] 【直播间】22764265 的第 69 个心跳包发送成功
[03:28:17 INF] 【直播间】23357926 的第 70 个心跳包发送成功
[03:28:18 INF] 【直播间】23040372 的第 70 个心跳包发送成功
[03:28:19 INF] 【直播间】31494 的第 70 个心跳包发送成功
[03:28:20 INF] 【直播间】4015781 的第 70 个心跳包发送成功
[03:28:22 INF] 【直播间】9619073 的第 70 个心跳包发送成功
[03:28:23 INF] 【直播间】407149 的第 70 个心跳包发送成功
[03:28:24 INF] 【直播间】11732699 的第 70 个心跳包发送成功
[03:28:26 INF] 【直播间】91164 的第 70 个心跳包发送成功
[03:28:27 ERR] 【心跳包】直播间 7184632 发送失败
[03:28:27 ERR] 【原因】time check failed
[03:28:28 INF] 【直播间】23447660 的第 70 个心跳包发送成功
[03:28:29 INF] 【直播间】929670 的第 70 个心跳包发送成功
[03:28:31 INF] 【直播间】22764265 的第 70 个心跳包发送成功
[03:28:31 INF] 【直播观看时长】完成情况：12/12 
[03:28:31 INF] ---------结束---------

[03:28:31 INF] ==========结束==========

[03:28:31 INF] ######### 账号 3 #########

[03:28:31 INF] =====开始 直播间互动 =====

[03:28:31 INF] ---开始 发送弹幕 ---
[03:28:31 INF] 检测到直播 Cookie 未正确配置，尝试自动配置中...
[03:28:35 INF] 直播 Cookie 配置成功！
[03:28:35 INF] 【获取直播列表】获取拥有粉丝牌的直播列表
[03:28:39 ERR] 【获取直播列表】失败
[03:28:39 ERR] 【原因】账号未登录
[03:28:39 ERR] 发送弹幕失败，继续其他任务。失败信息:Object reference not set to an instance of an object.

[03:28:39 INF] -------结束-------

[03:28:39 INF] ---开始 点赞直播间 ---
[03:28:39 INF] 【获取直播列表】获取拥有粉丝牌的直播列表
[03:28:46 ERR] 【获取直播列表】失败
[03:28:46 ERR] 【原因】账号未登录
[03:28:46 ERR] 点赞直播间失败，继续其他任务。失败信息:Object reference not set to an instance of an object.

[03:28:46 INF] --------结束--------

[03:28:46 INF] ---开始 直播时长挂机 ---
[03:28:46 INF] 【获取直播列表】获取拥有粉丝牌的直播列表
[03:28:52 ERR] 【获取直播列表】失败
[03:28:52 ERR] 【原因】账号未登录
[03:28:52 ERR] 直播时长挂机失败，继续其他任务。失败信息:Object reference not set to an instance of an object.

[03:28:52 INF] ---------结束---------

[03:28:52 INF] ==========结束==========

[03:28:52 INF] 

========================

 v2.0.1 开源 by https://github.com/RayWangQvQ/BiliBiliToolPro

[03:28:52 INF] ·开始推送·LiveFansMedal任务·
2023-08-29T19:28:52.4518888Z 开始推送到:PushPlus
2023-08-29T19:28:53.4648559Z Response status: OK.
2023-08-29T19:28:53.4649214Z Response content: {"code":999,"msg":"发送内容过大，不能超过2万字","data":null}.

[03:28:53 INF] 运行环境：Development
[03:28:53 INF] 应用目录：/home/runner/work/BiliBiliToolPro/BiliBiliToolPro/src/Ray.BiliBiliTool.Console/bin/Debug/net6.0/

[03:28:53 INF] 运行结束
