----------- ip 信息 ---------
{
  "ip": "20.55.213.84",
  "city": "Boydton",
  "region": "Virginia",
  "country": "US",
  "loc": "36.6676,-78.3875",
  "org": "AS8075 Microsoft Corporation",
  "postal": "23917",
  "timezone": "America/New_York",
  "readme": "https://ipinfo.io/missingauth"
} ---------- end ------------
  ____               ____    _   _____           _  
 |  _ \ __ _ _   _  | __ ) _| |_|_   _|__   ___ | | 
 | |_) / _` | | | | |  _ \(_) (_) | |/ _ \ / _ \| | 
 |  _ < (_| | |_| | | |_) | | | | | | (_) | (_) | | 
 |_| \_\__,_|\__, | |____/|_|_|_| |_|\___/ \___/|_| 
             |___/                                  

[00:25:46 INF] BiliBiliToolPro 开始运行...

[00:25:46 INF] 【账号个数】3个

[00:25:46 INF] 随机休眠1分钟

[00:26:46 INF] 【目标任务】LiveFansMedal
[00:26:46 INF] ######### 账号 1 #########

[00:26:46 INF] =====开始 直播间互动 =====

[00:26:46 INF] ---开始 发送弹幕 ---
[00:26:46 INF] 检测到直播 Cookie 未正确配置，尝试自动配置中...
[00:26:50 INF] 直播 Cookie 配置成功！
[00:26:50 INF] 【获取直播列表】获取拥有粉丝牌的直播列表
[00:26:58 ERR] 【获取直播列表】失败
[00:26:58 ERR] 【原因】账号未登录
[00:26:58 ERR] 发送弹幕失败，继续其他任务。失败信息:Object reference not set to an instance of an object.

[00:26:58 INF] -------结束-------

[00:26:58 INF] ---开始 点赞直播间 ---
[00:26:58 INF] 【获取直播列表】获取拥有粉丝牌的直播列表
[00:27:04 ERR] 【获取直播列表】失败
[00:27:04 ERR] 【原因】账号未登录
[00:27:04 ERR] 点赞直播间失败，继续其他任务。失败信息:Object reference not set to an instance of an object.

[00:27:04 INF] --------结束--------

[00:27:04 INF] ---开始 直播时长挂机 ---
[00:27:04 INF] 【获取直播列表】获取拥有粉丝牌的直播列表
[00:27:11 ERR] 【获取直播列表】失败
[00:27:11 ERR] 【原因】账号未登录
[00:27:11 ERR] 直播时长挂机失败，继续其他任务。失败信息:Object reference not set to an instance of an object.

[00:27:11 INF] ---------结束---------

[00:27:11 INF] ==========结束==========

[00:27:11 INF] ######### 账号 2 #########

[00:27:11 INF] =====开始 直播间互动 =====

[00:27:11 INF] ---开始 发送弹幕 ---
[00:27:11 INF] 检测到直播 Cookie 未正确配置，尝试自动配置中...
[00:27:15 ERR] 【配置直播Cookie】失败，放弃执行后续任务...
[00:27:15 ERR] 【原因】Value cannot be null. (Parameter 'source')
[00:27:15 INF] -------结束-------

[00:27:15 INF] ---开始 点赞直播间 ---
[00:27:15 INF] 检测到直播 Cookie 未正确配置，尝试自动配置中...
[00:27:21 ERR] 【配置直播Cookie】失败，放弃执行后续任务...
[00:27:21 ERR] 【原因】Value cannot be null. (Parameter 'source')
[00:27:21 INF] --------结束--------

[00:27:21 INF] ---开始 直播时长挂机 ---
[00:27:21 INF] 检测到直播 Cookie 未正确配置，尝试自动配置中...
[00:27:25 ERR] 【配置直播Cookie】失败，放弃执行后续任务...
[00:27:25 ERR] 【原因】Value cannot be null. (Parameter 'source')
[00:27:25 INF] ---------结束---------

[00:27:25 INF] ==========结束==========

[00:27:25 INF] ######### 账号 3 #########

[00:27:25 INF] =====开始 直播间互动 =====

[00:27:25 INF] ---开始 发送弹幕 ---
[00:27:25 INF] 检测到直播 Cookie 未正确配置，尝试自动配置中...
[00:27:32 ERR] 【配置直播Cookie】失败，放弃执行后续任务...
[00:27:32 ERR] 【原因】Value cannot be null. (Parameter 'source')
[00:27:32 INF] -------结束-------

[00:27:32 INF] ---开始 点赞直播间 ---
[00:27:32 INF] 检测到直播 Cookie 未正确配置，尝试自动配置中...
[00:27:36 ERR] 【配置直播Cookie】失败，放弃执行后续任务...
[00:27:36 ERR] 【原因】Value cannot be null. (Parameter 'source')
[00:27:36 INF] --------结束--------

[00:27:36 INF] ---开始 直播时长挂机 ---
[00:27:36 INF] 检测到直播 Cookie 未正确配置，尝试自动配置中...
[00:27:42 ERR] 【配置直播Cookie】失败，放弃执行后续任务...
[00:27:42 ERR] 【原因】Value cannot be null. (Parameter 'source')
[00:27:42 INF] ---------结束---------

[00:27:42 INF] ==========结束==========

[00:27:42 INF] 

========================

 v2.0.2 开源 by https://github.com/RayWangQvQ/BiliBiliToolPro

[00:27:42 INF] ·开始推送·LiveFansMedal任务·
2024-01-31T16:27:42.9016258Z 开始推送到:PushPlus
2024-01-31T16:27:43.7731588Z Response status: OK.
2024-01-31T16:27:43.7732133Z Response content: {"code":200,"msg":"请求成功","data":"468befb4d28246f2a2afc051983b81f9","count":null}.

[00:27:43 INF] 运行环境：Development
[00:27:43 INF] 应用目录：/home/runner/work/BiliBiliToolPro/BiliBiliToolPro/src/Ray.BiliBiliTool.Console/bin/Debug/net6.0/

[00:27:43 INF] 运行结束
