----------- ip 信息 ---------
{
  "ip": "104.28.204.213",
  "city": "Richmond",
  "region": "Virginia",
  "country": "US",
  "loc": "37.5538,-77.4603",
  "org": "AS13335 Cloudflare, Inc.",
  "postal": "23173",
  "timezone": "America/New_York",
  "readme": "https://ipinfo.io/missingauth"
} ---------- end ------------
  ____               ____    _   _____           _  
 |  _ \ __ _ _   _  | __ ) _| |_|_   _|__   ___ | | 
 | |_) / _` | | | | |  _ \(_) (_) | |/ _ \ / _ \| | 
 |  _ < (_| | |_| | | |_) | | | | | | (_) | (_) | | 
 |_| \_\__,_|\__, | |____/|_|_|_| |_|\___/ \___/|_| 
             |___/                                  

[00:30:37 INF] BiliBiliToolPro 开始运行...

[00:30:38 INF] 【账号个数】3个

[00:30:38 INF] 随机休眠3分钟

[00:33:38 INF] 【目标任务】LiveFansMedal
[00:33:38 INF] ######### 账号 1 #########

[00:33:38 INF] =====开始 直播间互动 =====

[00:33:38 INF] ---开始 发送弹幕 ---
[00:33:38 INF] 检测到直播 Cookie 未正确配置，尝试自动配置中...
[00:33:42 INF] 直播 Cookie 配置成功！
[00:33:42 INF] 【获取直播列表】获取拥有粉丝牌的直播列表
[00:33:45 INF] 【主播】Mark陌枫 
[00:33:59 INF] 【主播】KL_qiqi_ 
[00:34:12 INF] 【主播】苏打baka 
[00:34:25 INF] 【直播间】Mark陌枫
[00:34:25 INF] 【粉丝牌】馬楓
[00:34:25 INF] 正在发送弹幕...
[00:34:30 INF] 【直播间】KL_qiqi_
[00:34:30 INF] 【粉丝牌】qiqisb
[00:34:30 INF] 正在发送弹幕...
[00:34:34 INF] 【直播间】苏打baka
[00:34:34 INF] 【粉丝牌】碳酸钠
[00:34:34 INF] 正在发送弹幕...
[00:34:34 INF] 【弹幕发送】成功~，你和主播 Mark陌枫 的亲密值增加了100！
[00:34:38 INF] -------结束-------

[00:34:38 INF] ---开始 点赞直播间 ---
[00:34:38 INF] 【获取直播列表】获取拥有粉丝牌的直播列表
[00:34:40 INF] 【弹幕发送】成功~，你和主播 KL_qiqi_ 的亲密值增加了100！
[00:34:42 INF] 【主播】Mark陌枫 
[00:34:44 INF] 【弹幕发送】成功~，你和主播 苏打baka 的亲密值增加了100！
[00:34:50 INF] 【主播】KL_qiqi_ 
[00:35:03 INF] 【主播】苏打baka 
[00:35:18 INF] 【点赞直播间】23357926 完成
[00:35:24 INF] 【点赞直播间】407149 完成
[00:35:29 INF] --------结束--------

[00:35:29 INF] ---开始 直播时长挂机 ---
[00:35:29 INF] 【获取直播列表】获取拥有粉丝牌的直播列表
[00:35:29 INF] 【点赞直播间】23040372 完成
[00:35:37 INF] 【主播】Mark陌枫 
[00:35:50 INF] 【主播】KL_qiqi_ 
[00:36:02 INF] 【主播】苏打baka 
[00:36:17 INF] 【直播间】23357926 的第 1 个心跳包发送成功
[00:36:18 INF] 【直播间】407149 的第 1 个心跳包发送成功
[00:36:20 INF] 【直播间】23040372 的第 1 个心跳包发送成功
[00:37:24 INF] 【直播间】23357926 的第 2 个心跳包发送成功
[00:37:25 INF] 【直播间】407149 的第 2 个心跳包发送成功
[00:37:26 INF] 【直播间】23040372 的第 2 个心跳包发送成功
[00:38:30 INF] 【直播间】23357926 的第 3 个心跳包发送成功
[00:38:32 INF] 【直播间】407149 的第 3 个心跳包发送成功
[00:38:33 INF] 【直播间】23040372 的第 3 个心跳包发送成功
[00:39:37 INF] 【直播间】23357926 的第 4 个心跳包发送成功
[00:39:39 INF] 【直播间】407149 的第 4 个心跳包发送成功
[00:39:40 INF] 【直播间】23040372 的第 4 个心跳包发送成功
[00:40:44 INF] 【直播间】23357926 的第 5 个心跳包发送成功
[00:40:45 INF] 【直播间】407149 的第 5 个心跳包发送成功
[00:40:47 INF] 【直播间】23040372 的第 5 个心跳包发送成功
[00:41:51 INF] 【直播间】23357926 的第 6 个心跳包发送成功
[00:41:53 INF] 【直播间】407149 的第 6 个心跳包发送成功
[00:41:54 INF] 【直播间】23040372 的第 6 个心跳包发送成功
[00:42:58 INF] 【直播间】23357926 的第 7 个心跳包发送成功
[00:42:59 INF] 【直播间】407149 的第 7 个心跳包发送成功
[00:43:00 INF] 【直播间】23040372 的第 7 个心跳包发送成功
[00:44:05 INF] 【直播间】23357926 的第 8 个心跳包发送成功
[00:44:06 INF] 【直播间】407149 的第 8 个心跳包发送成功
[00:44:07 INF] 【直播间】23040372 的第 8 个心跳包发送成功
[00:45:12 INF] 【直播间】23357926 的第 9 个心跳包发送成功
[00:45:13 INF] 【直播间】407149 的第 9 个心跳包发送成功
[00:45:14 INF] 【直播间】23040372 的第 9 个心跳包发送成功
[00:46:18 INF] 【直播间】23357926 的第 10 个心跳包发送成功
[00:46:19 INF] 【直播间】407149 的第 10 个心跳包发送成功
[00:46:21 INF] 【直播间】23040372 的第 10 个心跳包发送成功
[00:47:25 INF] 【直播间】23357926 的第 11 个心跳包发送成功
[00:47:27 INF] 【直播间】407149 的第 11 个心跳包发送成功
[00:47:28 INF] 【直播间】23040372 的第 11 个心跳包发送成功
[00:48:32 INF] 【直播间】23357926 的第 12 个心跳包发送成功
[00:48:33 INF] 【直播间】407149 的第 12 个心跳包发送成功
[00:48:34 INF] 【直播间】23040372 的第 12 个心跳包发送成功
[00:49:39 INF] 【直播间】23357926 的第 13 个心跳包发送成功
[00:49:40 INF] 【直播间】407149 的第 13 个心跳包发送成功
[00:49:41 INF] 【直播间】23040372 的第 13 个心跳包发送成功
[00:50:46 INF] 【直播间】23357926 的第 14 个心跳包发送成功
[00:50:47 INF] 【直播间】407149 的第 14 个心跳包发送成功
[00:50:48 INF] 【直播间】23040372 的第 14 个心跳包发送成功
[00:51:53 ERR] 【心跳包】直播间 23357926 发送失败
[00:51:53 ERR] 【原因】time check failed
[00:51:54 ERR] 【心跳包】直播间 407149 发送失败
[00:51:54 ERR] 【原因】time check failed
[00:51:55 ERR] 【心跳包】直播间 23040372 发送失败
[00:51:55 ERR] 【原因】time check failed
[00:53:00 INF] 【直播间】23357926 的第 15 个心跳包发送成功
[00:53:01 INF] 【直播间】407149 的第 15 个心跳包发送成功
[00:53:02 INF] 【直播间】23040372 的第 15 个心跳包发送成功
[00:54:07 INF] 【直播间】23357926 的第 16 个心跳包发送成功
[00:54:08 INF] 【直播间】407149 的第 16 个心跳包发送成功
[00:54:09 INF] 【直播间】23040372 的第 16 个心跳包发送成功
[00:55:13 INF] 【直播间】23357926 的第 17 个心跳包发送成功
[00:55:15 INF] 【直播间】407149 的第 17 个心跳包发送成功
[00:55:16 INF] 【直播间】23040372 的第 17 个心跳包发送成功
[00:56:21 INF] 【直播间】23357926 的第 18 个心跳包发送成功
[00:56:22 INF] 【直播间】407149 的第 18 个心跳包发送成功
[00:56:23 INF] 【直播间】23040372 的第 18 个心跳包发送成功
[00:57:27 INF] 【直播间】23357926 的第 19 个心跳包发送成功
[00:57:28 INF] 【直播间】407149 的第 19 个心跳包发送成功
[00:57:30 INF] 【直播间】23040372 的第 19 个心跳包发送成功
[00:58:34 INF] 【直播间】23357926 的第 20 个心跳包发送成功
[00:58:36 INF] 【直播间】407149 的第 20 个心跳包发送成功
[00:58:37 INF] 【直播间】23040372 的第 20 个心跳包发送成功
[00:59:41 INF] 【直播间】23357926 的第 21 个心跳包发送成功
[00:59:43 INF] 【直播间】407149 的第 21 个心跳包发送成功
[00:59:44 INF] 【直播间】23040372 的第 21 个心跳包发送成功
[01:00:48 INF] 【直播间】23357926 的第 22 个心跳包发送成功
[01:00:49 INF] 【直播间】407149 的第 22 个心跳包发送成功
[01:00:51 INF] 【直播间】23040372 的第 22 个心跳包发送成功
[01:01:55 INF] 【直播间】23357926 的第 23 个心跳包发送成功
[01:01:56 INF] 【直播间】407149 的第 23 个心跳包发送成功
[01:01:57 INF] 【直播间】23040372 的第 23 个心跳包发送成功
[01:03:02 INF] 【直播间】23357926 的第 24 个心跳包发送成功
[01:03:03 INF] 【直播间】407149 的第 24 个心跳包发送成功
[01:03:04 INF] 【直播间】23040372 的第 24 个心跳包发送成功
[01:04:09 INF] 【直播间】23357926 的第 25 个心跳包发送成功
[01:04:10 INF] 【直播间】407149 的第 25 个心跳包发送成功
[01:04:11 INF] 【直播间】23040372 的第 25 个心跳包发送成功
[01:05:16 INF] 【直播间】23357926 的第 26 个心跳包发送成功
[01:05:17 INF] 【直播间】407149 的第 26 个心跳包发送成功
[01:05:18 INF] 【直播间】23040372 的第 26 个心跳包发送成功
[01:06:22 INF] 【直播间】23357926 的第 27 个心跳包发送成功
[01:06:23 INF] 【直播间】407149 的第 27 个心跳包发送成功
[01:06:25 INF] 【直播间】23040372 的第 27 个心跳包发送成功
[01:07:29 ERR] 【心跳包】直播间 23357926 发送失败
[01:07:29 ERR] 【原因】time check failed
[01:07:30 ERR] 【心跳包】直播间 407149 发送失败
[01:07:30 ERR] 【原因】time check failed
[01:07:31 ERR] 【心跳包】直播间 23040372 发送失败
[01:07:31 ERR] 【原因】time check failed
[01:08:35 INF] 【直播间】23357926 的第 28 个心跳包发送成功
[01:08:37 INF] 【直播间】407149 的第 28 个心跳包发送成功
[01:08:38 INF] 【直播间】23040372 的第 28 个心跳包发送成功
[01:09:43 INF] 【直播间】23357926 的第 29 个心跳包发送成功
[01:09:44 INF] 【直播间】407149 的第 29 个心跳包发送成功
[01:09:45 INF] 【直播间】23040372 的第 29 个心跳包发送成功
[01:10:50 INF] 【直播间】23357926 的第 30 个心跳包发送成功
[01:10:51 INF] 【直播间】407149 的第 30 个心跳包发送成功
[01:10:52 INF] 【直播间】23040372 的第 30 个心跳包发送成功
[01:11:57 INF] 【直播间】23357926 的第 31 个心跳包发送成功
[01:11:58 INF] 【直播间】407149 的第 31 个心跳包发送成功
[01:11:59 INF] 【直播间】23040372 的第 31 个心跳包发送成功
[01:13:03 INF] 【直播间】23357926 的第 32 个心跳包发送成功
[01:13:05 INF] 【直播间】407149 的第 32 个心跳包发送成功
[01:13:06 INF] 【直播间】23040372 的第 32 个心跳包发送成功
[01:14:10 INF] 【直播间】23357926 的第 33 个心跳包发送成功
[01:14:11 INF] 【直播间】407149 的第 33 个心跳包发送成功
[01:14:13 INF] 【直播间】23040372 的第 33 个心跳包发送成功
[01:15:17 INF] 【直播间】23357926 的第 34 个心跳包发送成功
[01:15:19 INF] 【直播间】407149 的第 34 个心跳包发送成功
[01:15:20 INF] 【直播间】23040372 的第 34 个心跳包发送成功
[01:16:25 INF] 【直播间】23357926 的第 35 个心跳包发送成功
[01:16:26 INF] 【直播间】407149 的第 35 个心跳包发送成功
[01:16:27 INF] 【直播间】23040372 的第 35 个心跳包发送成功
[01:17:31 INF] 【直播间】23357926 的第 36 个心跳包发送成功
[01:17:32 INF] 【直播间】407149 的第 36 个心跳包发送成功
[01:17:34 INF] 【直播间】23040372 的第 36 个心跳包发送成功
[01:18:38 INF] 【直播间】23357926 的第 37 个心跳包发送成功
[01:18:39 INF] 【直播间】407149 的第 37 个心跳包发送成功
[01:18:41 INF] 【直播间】23040372 的第 37 个心跳包发送成功
[01:19:45 INF] 【直播间】23357926 的第 38 个心跳包发送成功
[01:19:46 INF] 【直播间】407149 的第 38 个心跳包发送成功
[01:19:47 INF] 【直播间】23040372 的第 38 个心跳包发送成功
[01:20:52 INF] 【直播间】23357926 的第 39 个心跳包发送成功
[01:20:53 INF] 【直播间】407149 的第 39 个心跳包发送成功
[01:20:54 INF] 【直播间】23040372 的第 39 个心跳包发送成功
[01:21:59 INF] 【直播间】23357926 的第 40 个心跳包发送成功
[01:22:00 INF] 【直播间】407149 的第 40 个心跳包发送成功
[01:22:01 INF] 【直播间】23040372 的第 40 个心跳包发送成功
[01:23:05 ERR] 【心跳包】直播间 23357926 发送失败
[01:23:05 ERR] 【原因】time check failed
[01:23:07 ERR] 【心跳包】直播间 407149 发送失败
[01:23:07 ERR] 【原因】time check failed
[01:23:08 ERR] 【心跳包】直播间 23040372 发送失败
[01:23:08 ERR] 【原因】time check failed
[01:24:12 INF] 【直播间】23357926 的第 41 个心跳包发送成功
[01:24:14 INF] 【直播间】407149 的第 41 个心跳包发送成功
[01:24:15 INF] 【直播间】23040372 的第 41 个心跳包发送成功
[01:25:19 INF] 【直播间】23357926 的第 42 个心跳包发送成功
[01:25:20 INF] 【直播间】407149 的第 42 个心跳包发送成功
[01:25:21 INF] 【直播间】23040372 的第 42 个心跳包发送成功
[01:26:26 INF] 【直播间】23357926 的第 43 个心跳包发送成功
[01:26:27 INF] 【直播间】407149 的第 43 个心跳包发送成功
[01:26:28 INF] 【直播间】23040372 的第 43 个心跳包发送成功
[01:27:33 INF] 【直播间】23357926 的第 44 个心跳包发送成功
[01:27:34 INF] 【直播间】407149 的第 44 个心跳包发送成功
[01:27:36 INF] 【直播间】23040372 的第 44 个心跳包发送成功
[01:28:40 INF] 【直播间】23357926 的第 45 个心跳包发送成功
[01:28:41 INF] 【直播间】407149 的第 45 个心跳包发送成功
[01:28:42 INF] 【直播间】23040372 的第 45 个心跳包发送成功
[01:29:47 INF] 【直播间】23357926 的第 46 个心跳包发送成功
[01:29:48 INF] 【直播间】407149 的第 46 个心跳包发送成功
[01:29:49 INF] 【直播间】23040372 的第 46 个心跳包发送成功
[01:30:53 INF] 【直播间】23357926 的第 47 个心跳包发送成功
[01:30:54 INF] 【直播间】407149 的第 47 个心跳包发送成功
[01:30:56 INF] 【直播间】23040372 的第 47 个心跳包发送成功
[01:32:01 INF] 【直播间】23357926 的第 48 个心跳包发送成功
[01:32:02 INF] 【直播间】407149 的第 48 个心跳包发送成功
[01:32:03 INF] 【直播间】23040372 的第 48 个心跳包发送成功
[01:33:08 INF] 【直播间】23357926 的第 49 个心跳包发送成功
[01:33:09 INF] 【直播间】407149 的第 49 个心跳包发送成功
[01:33:11 INF] 【直播间】23040372 的第 49 个心跳包发送成功
[01:34:14 INF] 【直播间】23357926 的第 50 个心跳包发送成功
[01:34:16 INF] 【直播间】407149 的第 50 个心跳包发送成功
[01:34:17 INF] 【直播间】23040372 的第 50 个心跳包发送成功
[01:35:22 INF] 【直播间】23357926 的第 51 个心跳包发送成功
[01:35:23 INF] 【直播间】407149 的第 51 个心跳包发送成功
[01:35:24 INF] 【直播间】23040372 的第 51 个心跳包发送成功
[01:36:28 INF] 【直播间】23357926 的第 52 个心跳包发送成功
[01:36:29 INF] 【直播间】407149 的第 52 个心跳包发送成功
[01:36:31 INF] 【直播间】23040372 的第 52 个心跳包发送成功
[01:37:35 INF] 【直播间】23357926 的第 53 个心跳包发送成功
[01:37:36 INF] 【直播间】407149 的第 53 个心跳包发送成功
[01:37:38 INF] 【直播间】23040372 的第 53 个心跳包发送成功
[01:38:42 ERR] 【心跳包】直播间 23357926 发送失败
[01:38:42 ERR] 【原因】time check failed
[01:38:43 ERR] 【心跳包】直播间 407149 发送失败
[01:38:43 ERR] 【原因】time check failed
[01:38:45 ERR] 【心跳包】直播间 23040372 发送失败
[01:38:45 ERR] 【原因】time check failed
[01:39:49 INF] 【直播间】23357926 的第 54 个心跳包发送成功
[01:39:50 INF] 【直播间】407149 的第 54 个心跳包发送成功
[01:39:51 INF] 【直播间】23040372 的第 54 个心跳包发送成功
[01:40:56 INF] 【直播间】23357926 的第 55 个心跳包发送成功
[01:40:57 INF] 【直播间】407149 的第 55 个心跳包发送成功
[01:40:58 INF] 【直播间】23040372 的第 55 个心跳包发送成功
[01:42:03 INF] 【直播间】23357926 的第 56 个心跳包发送成功
[01:42:04 INF] 【直播间】407149 的第 56 个心跳包发送成功
[01:42:05 INF] 【直播间】23040372 的第 56 个心跳包发送成功
[01:43:10 INF] 【直播间】23357926 的第 57 个心跳包发送成功
[01:43:11 INF] 【直播间】407149 的第 57 个心跳包发送成功
[01:43:13 INF] 【直播间】23040372 的第 57 个心跳包发送成功
[01:44:17 INF] 【直播间】23357926 的第 58 个心跳包发送成功
[01:44:19 INF] 【直播间】407149 的第 58 个心跳包发送成功
[01:44:20 INF] 【直播间】23040372 的第 58 个心跳包发送成功
[01:45:24 INF] 【直播间】23357926 的第 59 个心跳包发送成功
[01:45:25 INF] 【直播间】407149 的第 59 个心跳包发送成功
[01:45:26 INF] 【直播间】23040372 的第 59 个心跳包发送成功
[01:46:31 INF] 【直播间】23357926 的第 60 个心跳包发送成功
[01:46:32 INF] 【直播间】407149 的第 60 个心跳包发送成功
[01:46:33 INF] 【直播间】23040372 的第 60 个心跳包发送成功
[01:47:37 INF] 【直播间】23357926 的第 61 个心跳包发送成功
[01:47:39 INF] 【直播间】407149 的第 61 个心跳包发送成功
[01:47:40 INF] 【直播间】23040372 的第 61 个心跳包发送成功
[01:48:44 INF] 【直播间】23357926 的第 62 个心跳包发送成功
[01:48:46 INF] 【直播间】407149 的第 62 个心跳包发送成功
[01:48:47 INF] 【直播间】23040372 的第 62 个心跳包发送成功
[01:49:51 INF] 【直播间】23357926 的第 63 个心跳包发送成功
[01:49:53 INF] 【直播间】407149 的第 63 个心跳包发送成功
[01:49:54 INF] 【直播间】23040372 的第 63 个心跳包发送成功
[01:50:58 INF] 【直播间】23357926 的第 64 个心跳包发送成功
[01:50:59 INF] 【直播间】407149 的第 64 个心跳包发送成功
[01:51:01 INF] 【直播间】23040372 的第 64 个心跳包发送成功
[01:52:05 INF] 【直播间】23357926 的第 65 个心跳包发送成功
[01:52:06 INF] 【直播间】407149 的第 65 个心跳包发送成功
[01:52:08 INF] 【直播间】23040372 的第 65 个心跳包发送成功
[01:53:12 INF] 【直播间】23357926 的第 66 个心跳包发送成功
[01:53:13 INF] 【直播间】407149 的第 66 个心跳包发送成功
[01:53:14 INF] 【直播间】23040372 的第 66 个心跳包发送成功
[01:54:19 ERR] 【心跳包】直播间 23357926 发送失败
[01:54:19 ERR] 【原因】time check failed
[01:54:21 ERR] 【心跳包】直播间 407149 发送失败
[01:54:21 ERR] 【原因】time check failed
[01:54:22 ERR] 【心跳包】直播间 23040372 发送失败
[01:54:22 ERR] 【原因】time check failed
[01:55:26 INF] 【直播间】23357926 的第 67 个心跳包发送成功
[01:55:28 INF] 【直播间】407149 的第 67 个心跳包发送成功
[01:55:29 INF] 【直播间】23040372 的第 67 个心跳包发送成功
[01:56:33 INF] 【直播间】23357926 的第 68 个心跳包发送成功
[01:56:34 INF] 【直播间】407149 的第 68 个心跳包发送成功
[01:56:36 INF] 【直播间】23040372 的第 68 个心跳包发送成功
[01:57:40 INF] 【直播间】23357926 的第 69 个心跳包发送成功
[01:57:41 INF] 【直播间】407149 的第 69 个心跳包发送成功
[01:57:42 INF] 【直播间】23040372 的第 69 个心跳包发送成功
[01:58:46 INF] 【直播间】23357926 的第 70 个心跳包发送成功
[01:58:48 INF] 【直播间】407149 的第 70 个心跳包发送成功
[01:58:49 INF] 【直播间】23040372 的第 70 个心跳包发送成功
[01:58:49 INF] 【直播观看时长】完成情况：3/3 
[01:58:49 INF] ---------结束---------

[01:58:49 INF] ==========结束==========

[01:58:49 INF] ######### 账号 2 #########

[01:58:49 INF] =====开始 直播间互动 =====

[01:58:49 INF] ---开始 发送弹幕 ---
[01:58:49 INF] 检测到直播 Cookie 未正确配置，尝试自动配置中...
[01:58:56 INF] 直播 Cookie 配置成功！
[01:58:56 INF] 【获取直播列表】获取拥有粉丝牌的直播列表
[01:59:04 INF] 【主播】Mark陌枫 
[01:59:17 INF] 【主播】苏打baka 
[01:59:32 INF] 【主播】贪玩的小毅 
[01:59:44 INF] 【主播】陈抱一 
[01:59:56 INF] 【主播】KL_qiqi_ 
[02:00:06 INF] 【主播】特别中二的q3君 
[02:00:16 INF] 【直播间】Mark陌枫
[02:00:16 INF] 【粉丝牌】馬楓
[02:00:16 INF] 正在发送弹幕...
[02:00:21 INF] 【直播间】苏打baka
[02:00:21 INF] 【粉丝牌】碳酸钠
[02:00:21 INF] 正在发送弹幕...
[02:00:28 INF] 【直播间】贪玩的小毅
[02:00:28 INF] 【粉丝牌】大大毅
[02:00:28 INF] 正在发送弹幕...
[02:00:29 INF] 【弹幕发送】成功~，你和主播 Mark陌枫 的亲密值增加了100！
[02:00:31 INF] 【直播间】陈抱一
[02:00:31 INF] 【粉丝牌】陈抱一
[02:00:31 INF] 正在发送弹幕...
[02:00:35 INF] 【直播间】KL_qiqi_
[02:00:35 INF] 【粉丝牌】qiqisb
[02:00:35 INF] 正在发送弹幕...
[02:00:37 INF] 【弹幕发送】成功~，你和主播 苏打baka 的亲密值增加了100！
[02:00:37 INF] 【弹幕发送】成功~，你和主播 贪玩的小毅 的亲密值增加了100！
[02:00:38 INF] 【直播间】特别中二的q3君
[02:00:38 INF] 【粉丝牌】q3GG
[02:00:38 INF] 正在发送弹幕...
[02:00:42 INF] 【弹幕发送】成功~，你和主播 陈抱一 的亲密值增加了100！
[02:00:45 INF] -------结束-------

[02:00:45 INF] ---开始 点赞直播间 ---
[02:00:45 INF] 【获取直播列表】获取拥有粉丝牌的直播列表
[02:00:46 INF] 【弹幕发送】成功~，你和主播 KL_qiqi_ 的亲密值增加了100！
[02:00:49 INF] 【主播】Mark陌枫 
[02:00:50 INF] 【弹幕发送】成功~，你和主播 特别中二的q3君 的亲密值增加了100！
[02:01:00 INF] 【主播】苏打baka 
[02:01:13 INF] 【主播】贪玩的小毅 
[02:01:29 INF] 【主播】陈抱一 
[02:01:40 INF] 【主播】KL_qiqi_ 
[02:01:48 INF] 【主播】特别中二的q3君 
[02:02:09 INF] 【点赞直播间】23357926 完成
[02:02:13 INF] 【点赞直播间】23040372 完成
[02:02:16 INF] 【点赞直播间】9619073 完成
[02:02:21 INF] 【点赞直播间】4015781 完成
[02:02:24 INF] 【点赞直播间】407149 完成
[02:02:27 INF] --------结束--------

[02:02:27 INF] ---开始 直播时长挂机 ---
[02:02:27 INF] 【获取直播列表】获取拥有粉丝牌的直播列表
[02:02:27 INF] 【点赞直播间】31494 完成
[02:02:30 INF] 【主播】Mark陌枫 
[02:02:41 INF] 【主播】苏打baka 
[02:02:55 INF] 【主播】贪玩的小毅 
[02:03:05 INF] 【主播】陈抱一 
[02:03:14 INF] 【主播】KL_qiqi_ 
[02:03:29 INF] 【主播】特别中二的q3君 
[02:03:45 INF] 【直播间】23357926 的第 1 个心跳包发送成功
[02:03:47 INF] 【直播间】23040372 的第 1 个心跳包发送成功
[02:03:48 INF] 【直播间】9619073 的第 1 个心跳包发送成功
[02:03:49 INF] 【直播间】4015781 的第 1 个心跳包发送成功
[02:03:50 INF] 【直播间】407149 的第 1 个心跳包发送成功
[02:03:52 INF] 【直播间】31494 的第 1 个心跳包发送成功
[02:04:53 INF] 【直播间】23357926 的第 2 个心跳包发送成功
[02:04:54 INF] 【直播间】23040372 的第 2 个心跳包发送成功
[02:04:55 INF] 【直播间】9619073 的第 2 个心跳包发送成功
[02:04:56 INF] 【直播间】4015781 的第 2 个心跳包发送成功
[02:04:58 INF] 【直播间】407149 的第 2 个心跳包发送成功
[02:04:59 INF] 【直播间】31494 的第 2 个心跳包发送成功
[02:06:00 INF] 【直播间】23357926 的第 3 个心跳包发送成功
[02:06:01 INF] 【直播间】23040372 的第 3 个心跳包发送成功
[02:06:02 INF] 【直播间】9619073 的第 3 个心跳包发送成功
[02:06:03 INF] 【直播间】4015781 的第 3 个心跳包发送成功
[02:06:05 INF] 【直播间】407149 的第 3 个心跳包发送成功
[02:06:06 INF] 【直播间】31494 的第 3 个心跳包发送成功
[02:07:06 INF] 【直播间】23357926 的第 4 个心跳包发送成功
[02:07:07 INF] 【直播间】23040372 的第 4 个心跳包发送成功
[02:07:09 INF] 【直播间】9619073 的第 4 个心跳包发送成功
[02:07:10 INF] 【直播间】4015781 的第 4 个心跳包发送成功
[02:07:11 INF] 【直播间】407149 的第 4 个心跳包发送成功
[02:07:12 INF] 【直播间】31494 的第 4 个心跳包发送成功
[02:08:13 INF] 【直播间】23357926 的第 5 个心跳包发送成功
[02:08:14 INF] 【直播间】23040372 的第 5 个心跳包发送成功
[02:08:16 INF] 【直播间】9619073 的第 5 个心跳包发送成功
[02:08:17 INF] 【直播间】4015781 的第 5 个心跳包发送成功
[02:08:18 INF] 【直播间】407149 的第 5 个心跳包发送成功
[02:08:19 INF] 【直播间】31494 的第 5 个心跳包发送成功
[02:09:20 INF] 【直播间】23357926 的第 6 个心跳包发送成功
[02:09:21 INF] 【直播间】23040372 的第 6 个心跳包发送成功
[02:09:22 INF] 【直播间】9619073 的第 6 个心跳包发送成功
[02:09:23 INF] 【直播间】4015781 的第 6 个心跳包发送成功
[02:09:25 INF] 【直播间】407149 的第 6 个心跳包发送成功
[02:09:26 INF] 【直播间】31494 的第 6 个心跳包发送成功
[02:10:27 INF] 【直播间】23357926 的第 7 个心跳包发送成功
[02:10:28 INF] 【直播间】23040372 的第 7 个心跳包发送成功
[02:10:29 INF] 【直播间】9619073 的第 7 个心跳包发送成功
[02:10:31 INF] 【直播间】4015781 的第 7 个心跳包发送成功
[02:10:32 INF] 【直播间】407149 的第 7 个心跳包发送成功
[02:10:33 INF] 【直播间】31494 的第 7 个心跳包发送成功
[02:11:33 INF] 【直播间】23357926 的第 8 个心跳包发送成功
[02:11:35 INF] 【直播间】23040372 的第 8 个心跳包发送成功
[02:11:36 INF] 【直播间】9619073 的第 8 个心跳包发送成功
[02:11:37 INF] 【直播间】4015781 的第 8 个心跳包发送成功
[02:11:39 INF] 【直播间】407149 的第 8 个心跳包发送成功
[02:11:40 INF] 【直播间】31494 的第 8 个心跳包发送成功
[02:12:40 INF] 【直播间】23357926 的第 9 个心跳包发送成功
[02:12:41 INF] 【直播间】23040372 的第 9 个心跳包发送成功
[02:12:43 INF] 【直播间】9619073 的第 9 个心跳包发送成功
[02:12:44 INF] 【直播间】4015781 的第 9 个心跳包发送成功
[02:12:45 INF] 【直播间】407149 的第 9 个心跳包发送成功
[02:12:46 INF] 【直播间】31494 的第 9 个心跳包发送成功
[02:13:47 INF] 【直播间】23357926 的第 10 个心跳包发送成功
[02:13:48 INF] 【直播间】23040372 的第 10 个心跳包发送成功
[02:13:50 INF] 【直播间】9619073 的第 10 个心跳包发送成功
[02:13:51 INF] 【直播间】4015781 的第 10 个心跳包发送成功
[02:13:52 INF] 【直播间】407149 的第 10 个心跳包发送成功
[02:13:54 INF] 【直播间】31494 的第 10 个心跳包发送成功
[02:14:54 INF] 【直播间】23357926 的第 11 个心跳包发送成功
[02:14:55 INF] 【直播间】23040372 的第 11 个心跳包发送成功
[02:14:56 INF] 【直播间】9619073 的第 11 个心跳包发送成功
[02:14:58 INF] 【直播间】4015781 的第 11 个心跳包发送成功
[02:14:59 INF] 【直播间】407149 的第 11 个心跳包发送成功
[02:15:00 INF] 【直播间】31494 的第 11 个心跳包发送成功
[02:16:01 INF] 【直播间】23357926 的第 12 个心跳包发送成功
[02:16:02 INF] 【直播间】23040372 的第 12 个心跳包发送成功
[02:16:03 INF] 【直播间】9619073 的第 12 个心跳包发送成功
[02:16:05 INF] 【直播间】4015781 的第 12 个心跳包发送成功
[02:16:06 INF] 【直播间】407149 的第 12 个心跳包发送成功
[02:16:07 INF] 【直播间】31494 的第 12 个心跳包发送成功
[02:17:08 INF] 【直播间】23357926 的第 13 个心跳包发送成功
[02:17:09 INF] 【直播间】23040372 的第 13 个心跳包发送成功
[02:17:11 INF] 【直播间】9619073 的第 13 个心跳包发送成功
[02:17:12 INF] 【直播间】4015781 的第 13 个心跳包发送成功
[02:17:13 INF] 【直播间】407149 的第 13 个心跳包发送成功
[02:17:14 INF] 【直播间】31494 的第 13 个心跳包发送成功
[02:18:15 INF] 【直播间】23357926 的第 14 个心跳包发送成功
[02:18:16 INF] 【直播间】23040372 的第 14 个心跳包发送成功
[02:18:17 INF] 【直播间】9619073 的第 14 个心跳包发送成功
[02:18:18 INF] 【直播间】4015781 的第 14 个心跳包发送成功
[02:18:20 INF] 【直播间】407149 的第 14 个心跳包发送成功
[02:18:21 INF] 【直播间】31494 的第 14 个心跳包发送成功
[02:19:22 ERR] 【心跳包】直播间 23357926 发送失败
[02:19:22 ERR] 【原因】time check failed
[02:19:23 ERR] 【心跳包】直播间 23040372 发送失败
[02:19:23 ERR] 【原因】time check failed
[02:19:24 ERR] 【心跳包】直播间 9619073 发送失败
[02:19:24 ERR] 【原因】time check failed
[02:19:25 ERR] 【心跳包】直播间 4015781 发送失败
[02:19:25 ERR] 【原因】time check failed
[02:19:27 ERR] 【心跳包】直播间 407149 发送失败
[02:19:27 ERR] 【原因】time check failed
[02:19:28 ERR] 【心跳包】直播间 31494 发送失败
[02:19:28 ERR] 【原因】time check failed
[02:20:28 INF] 【直播间】23357926 的第 15 个心跳包发送成功
[02:20:29 INF] 【直播间】23040372 的第 15 个心跳包发送成功
[02:20:31 INF] 【直播间】9619073 的第 15 个心跳包发送成功
[02:20:32 INF] 【直播间】4015781 的第 15 个心跳包发送成功
[02:20:33 INF] 【直播间】407149 的第 15 个心跳包发送成功
[02:20:34 INF] 【直播间】31494 的第 15 个心跳包发送成功
[02:21:35 INF] 【直播间】23357926 的第 16 个心跳包发送成功
[02:21:36 INF] 【直播间】23040372 的第 16 个心跳包发送成功
[02:21:38 INF] 【直播间】9619073 的第 16 个心跳包发送成功
[02:21:39 INF] 【直播间】4015781 的第 16 个心跳包发送成功
[02:21:40 INF] 【直播间】407149 的第 16 个心跳包发送成功
[02:21:42 INF] 【直播间】31494 的第 16 个心跳包发送成功
[02:22:42 INF] 【直播间】23357926 的第 17 个心跳包发送成功
[02:22:43 INF] 【直播间】23040372 的第 17 个心跳包发送成功
[02:22:45 INF] 【直播间】9619073 的第 17 个心跳包发送成功
[02:22:46 INF] 【直播间】4015781 的第 17 个心跳包发送成功
[02:22:47 INF] 【直播间】407149 的第 17 个心跳包发送成功
[02:22:48 INF] 【直播间】31494 的第 17 个心跳包发送成功
[02:23:48 INF] 【直播间】23357926 的第 18 个心跳包发送成功
[02:23:50 INF] 【直播间】23040372 的第 18 个心跳包发送成功
[02:23:51 INF] 【直播间】9619073 的第 18 个心跳包发送成功
[02:23:52 INF] 【直播间】4015781 的第 18 个心跳包发送成功
[02:23:53 INF] 【直播间】407149 的第 18 个心跳包发送成功
[02:23:55 INF] 【直播间】31494 的第 18 个心跳包发送成功
[02:24:55 INF] 【直播间】23357926 的第 19 个心跳包发送成功
[02:24:57 INF] 【直播间】23040372 的第 19 个心跳包发送成功
[02:24:58 INF] 【直播间】9619073 的第 19 个心跳包发送成功
[02:24:59 INF] 【直播间】4015781 的第 19 个心跳包发送成功
[02:25:00 INF] 【直播间】407149 的第 19 个心跳包发送成功
[02:25:02 INF] 【直播间】31494 的第 19 个心跳包发送成功
[02:26:02 INF] 【直播间】23357926 的第 20 个心跳包发送成功
[02:26:03 INF] 【直播间】23040372 的第 20 个心跳包发送成功
[02:26:04 INF] 【直播间】9619073 的第 20 个心跳包发送成功
[02:26:06 INF] 【直播间】4015781 的第 20 个心跳包发送成功
[02:26:07 INF] 【直播间】407149 的第 20 个心跳包发送成功
[02:26:08 INF] 【直播间】31494 的第 20 个心跳包发送成功
[02:27:09 INF] 【直播间】23357926 的第 21 个心跳包发送成功
[02:27:10 INF] 【直播间】23040372 的第 21 个心跳包发送成功
[02:27:12 INF] 【直播间】9619073 的第 21 个心跳包发送成功
[02:27:13 INF] 【直播间】4015781 的第 21 个心跳包发送成功
[02:27:14 INF] 【直播间】407149 的第 21 个心跳包发送成功
[02:27:15 INF] 【直播间】31494 的第 21 个心跳包发送成功
[02:28:16 INF] 【直播间】23357926 的第 22 个心跳包发送成功
[02:28:17 INF] 【直播间】23040372 的第 22 个心跳包发送成功
[02:28:19 INF] 【直播间】9619073 的第 22 个心跳包发送成功
[02:28:20 INF] 【直播间】4015781 的第 22 个心跳包发送成功
[02:28:21 INF] 【直播间】407149 的第 22 个心跳包发送成功
[02:28:22 INF] 【直播间】31494 的第 22 个心跳包发送成功
[02:29:23 INF] 【直播间】23357926 的第 23 个心跳包发送成功
[02:29:24 INF] 【直播间】23040372 的第 23 个心跳包发送成功
[02:29:25 INF] 【直播间】9619073 的第 23 个心跳包发送成功
[02:29:26 INF] 【直播间】4015781 的第 23 个心跳包发送成功
[02:29:28 INF] 【直播间】407149 的第 23 个心跳包发送成功
[02:29:29 INF] 【直播间】31494 的第 23 个心跳包发送成功
[02:30:30 INF] 【直播间】23357926 的第 24 个心跳包发送成功
[02:30:31 INF] 【直播间】23040372 的第 24 个心跳包发送成功
[02:30:32 INF] 【直播间】9619073 的第 24 个心跳包发送成功
[02:30:33 INF] 【直播间】4015781 的第 24 个心跳包发送成功
[02:30:35 INF] 【直播间】407149 的第 24 个心跳包发送成功
[02:30:36 INF] 【直播间】31494 的第 24 个心跳包发送成功
[02:31:36 INF] 【直播间】23357926 的第 25 个心跳包发送成功
[02:31:37 INF] 【直播间】23040372 的第 25 个心跳包发送成功
[02:31:39 INF] 【直播间】9619073 的第 25 个心跳包发送成功
[02:31:40 INF] 【直播间】4015781 的第 25 个心跳包发送成功
[02:31:41 INF] 【直播间】407149 的第 25 个心跳包发送成功
[02:31:42 INF] 【直播间】31494 的第 25 个心跳包发送成功
[02:32:43 INF] 【直播间】23357926 的第 26 个心跳包发送成功
[02:32:44 INF] 【直播间】23040372 的第 26 个心跳包发送成功
[02:32:46 INF] 【直播间】9619073 的第 26 个心跳包发送成功
[02:32:47 INF] 【直播间】4015781 的第 26 个心跳包发送成功
[02:32:48 INF] 【直播间】407149 的第 26 个心跳包发送成功
[02:32:49 INF] 【直播间】31494 的第 26 个心跳包发送成功
[02:33:50 INF] 【直播间】23357926 的第 27 个心跳包发送成功
[02:33:51 INF] 【直播间】23040372 的第 27 个心跳包发送成功
[02:33:52 INF] 【直播间】9619073 的第 27 个心跳包发送成功
[02:33:54 INF] 【直播间】4015781 的第 27 个心跳包发送成功
[02:33:55 INF] 【直播间】407149 的第 27 个心跳包发送成功
[02:33:56 INF] 【直播间】31494 的第 27 个心跳包发送成功
[02:34:56 ERR] 【心跳包】直播间 23357926 发送失败
[02:34:56 ERR] 【原因】time check failed
[02:34:58 ERR] 【心跳包】直播间 23040372 发送失败
[02:34:58 ERR] 【原因】time check failed
[02:34:59 ERR] 【心跳包】直播间 9619073 发送失败
[02:34:59 ERR] 【原因】time check failed
[02:35:00 ERR] 【心跳包】直播间 4015781 发送失败
[02:35:00 ERR] 【原因】time check failed
[02:35:01 ERR] 【心跳包】直播间 407149 发送失败
[02:35:01 ERR] 【原因】time check failed
[02:35:03 ERR] 【心跳包】直播间 31494 发送失败
[02:35:03 ERR] 【原因】time check failed
[02:36:03 INF] 【直播间】23357926 的第 28 个心跳包发送成功
[02:36:05 INF] 【直播间】23040372 的第 28 个心跳包发送成功
[02:36:06 INF] 【直播间】9619073 的第 28 个心跳包发送成功
[02:36:07 INF] 【直播间】4015781 的第 28 个心跳包发送成功
[02:36:08 INF] 【直播间】407149 的第 28 个心跳包发送成功
[02:36:10 INF] 【直播间】31494 的第 28 个心跳包发送成功
[02:37:10 INF] 【直播间】23357926 的第 29 个心跳包发送成功
[02:37:11 INF] 【直播间】23040372 的第 29 个心跳包发送成功
[02:37:12 INF] 【直播间】9619073 的第 29 个心跳包发送成功
[02:37:13 INF] 【直播间】4015781 的第 29 个心跳包发送成功
[02:37:15 INF] 【直播间】407149 的第 29 个心跳包发送成功
[02:37:16 INF] 【直播间】31494 的第 29 个心跳包发送成功
[02:38:17 INF] 【直播间】23357926 的第 30 个心跳包发送成功
[02:38:18 INF] 【直播间】23040372 的第 30 个心跳包发送成功
[02:38:19 INF] 【直播间】9619073 的第 30 个心跳包发送成功
[02:38:20 INF] 【直播间】4015781 的第 30 个心跳包发送成功
[02:38:22 INF] 【直播间】407149 的第 30 个心跳包发送成功
[02:38:23 INF] 【直播间】31494 的第 30 个心跳包发送成功
[02:39:24 INF] 【直播间】23357926 的第 31 个心跳包发送成功
[02:39:25 INF] 【直播间】23040372 的第 31 个心跳包发送成功
[02:39:26 INF] 【直播间】9619073 的第 31 个心跳包发送成功
[02:39:28 INF] 【直播间】4015781 的第 31 个心跳包发送成功
[02:39:29 INF] 【直播间】407149 的第 31 个心跳包发送成功
[02:39:30 INF] 【直播间】31494 的第 31 个心跳包发送成功
[02:40:30 INF] 【直播间】23357926 的第 32 个心跳包发送成功
[02:40:32 INF] 【直播间】23040372 的第 32 个心跳包发送成功
[02:40:33 INF] 【直播间】9619073 的第 32 个心跳包发送成功
[02:40:34 INF] 【直播间】4015781 的第 32 个心跳包发送成功
[02:40:35 INF] 【直播间】407149 的第 32 个心跳包发送成功
[02:40:37 INF] 【直播间】31494 的第 32 个心跳包发送成功
[02:41:37 INF] 【直播间】23357926 的第 33 个心跳包发送成功
[02:41:38 INF] 【直播间】23040372 的第 33 个心跳包发送成功
[02:41:40 INF] 【直播间】9619073 的第 33 个心跳包发送成功
[02:41:41 INF] 【直播间】4015781 的第 33 个心跳包发送成功
[02:41:42 INF] 【直播间】407149 的第 33 个心跳包发送成功
[02:41:44 INF] 【直播间】31494 的第 33 个心跳包发送成功
[02:42:44 INF] 【直播间】23357926 的第 34 个心跳包发送成功
[02:42:45 INF] 【直播间】23040372 的第 34 个心跳包发送成功
[02:42:46 INF] 【直播间】9619073 的第 34 个心跳包发送成功
[02:42:47 INF] 【直播间】4015781 的第 34 个心跳包发送成功
[02:42:49 INF] 【直播间】407149 的第 34 个心跳包发送成功
[02:42:50 INF] 【直播间】31494 的第 34 个心跳包发送成功
[02:43:51 INF] 【直播间】23357926 的第 35 个心跳包发送成功
[02:43:52 INF] 【直播间】23040372 的第 35 个心跳包发送成功
[02:43:53 INF] 【直播间】9619073 的第 35 个心跳包发送成功
[02:43:54 INF] 【直播间】4015781 的第 35 个心跳包发送成功
[02:43:56 INF] 【直播间】407149 的第 35 个心跳包发送成功
[02:43:57 INF] 【直播间】31494 的第 35 个心跳包发送成功
[02:44:57 INF] 【直播间】23357926 的第 36 个心跳包发送成功
[02:44:58 INF] 【直播间】23040372 的第 36 个心跳包发送成功
[02:45:00 INF] 【直播间】9619073 的第 36 个心跳包发送成功
[02:45:01 INF] 【直播间】4015781 的第 36 个心跳包发送成功
[02:45:02 INF] 【直播间】407149 的第 36 个心跳包发送成功
[02:45:03 INF] 【直播间】31494 的第 36 个心跳包发送成功
[02:46:04 INF] 【直播间】23357926 的第 37 个心跳包发送成功
[02:46:05 INF] 【直播间】23040372 的第 37 个心跳包发送成功
[02:46:06 INF] 【直播间】9619073 的第 37 个心跳包发送成功
[02:46:07 INF] 【直播间】4015781 的第 37 个心跳包发送成功
[02:46:09 INF] 【直播间】407149 的第 37 个心跳包发送成功
[02:46:10 INF] 【直播间】31494 的第 37 个心跳包发送成功
[02:47:10 INF] 【直播间】23357926 的第 38 个心跳包发送成功
[02:47:12 INF] 【直播间】23040372 的第 38 个心跳包发送成功
[02:47:13 INF] 【直播间】9619073 的第 38 个心跳包发送成功
[02:47:14 INF] 【直播间】4015781 的第 38 个心跳包发送成功
[02:47:15 INF] 【直播间】407149 的第 38 个心跳包发送成功
[02:47:17 INF] 【直播间】31494 的第 38 个心跳包发送成功
[02:48:17 INF] 【直播间】23357926 的第 39 个心跳包发送成功
[02:48:19 INF] 【直播间】23040372 的第 39 个心跳包发送成功
[02:48:20 INF] 【直播间】9619073 的第 39 个心跳包发送成功
[02:48:21 INF] 【直播间】4015781 的第 39 个心跳包发送成功
[02:48:23 INF] 【直播间】407149 的第 39 个心跳包发送成功
[02:48:24 INF] 【直播间】31494 的第 39 个心跳包发送成功
[02:49:24 INF] 【直播间】23357926 的第 40 个心跳包发送成功
[02:49:25 INF] 【直播间】23040372 的第 40 个心跳包发送成功
[02:49:26 INF] 【直播间】9619073 的第 40 个心跳包发送成功
[02:49:27 INF] 【直播间】4015781 的第 40 个心跳包发送成功
[02:49:29 INF] 【直播间】407149 的第 40 个心跳包发送成功
[02:49:30 INF] 【直播间】31494 的第 40 个心跳包发送成功
[02:50:30 ERR] 【心跳包】直播间 23357926 发送失败
[02:50:30 ERR] 【原因】time check failed
[02:50:31 ERR] 【心跳包】直播间 23040372 发送失败
[02:50:31 ERR] 【原因】time check failed
[02:50:33 ERR] 【心跳包】直播间 9619073 发送失败
[02:50:33 ERR] 【原因】time check failed
[02:50:34 ERR] 【心跳包】直播间 4015781 发送失败
[02:50:34 ERR] 【原因】time check failed
[02:50:35 ERR] 【心跳包】直播间 407149 发送失败
[02:50:35 ERR] 【原因】time check failed
[02:50:37 ERR] 【心跳包】直播间 31494 发送失败
[02:50:37 ERR] 【原因】time check failed
[02:51:37 INF] 【直播间】23357926 的第 41 个心跳包发送成功
[02:51:38 INF] 【直播间】23040372 的第 41 个心跳包发送成功
[02:51:39 INF] 【直播间】9619073 的第 41 个心跳包发送成功
[02:51:40 INF] 【直播间】4015781 的第 41 个心跳包发送成功
[02:51:42 INF] 【直播间】407149 的第 41 个心跳包发送成功
[02:51:43 INF] 【直播间】31494 的第 41 个心跳包发送成功
[02:52:43 INF] 【直播间】23357926 的第 42 个心跳包发送成功
[02:52:45 INF] 【直播间】23040372 的第 42 个心跳包发送成功
[02:52:46 INF] 【直播间】9619073 的第 42 个心跳包发送成功
[02:52:47 INF] 【直播间】4015781 的第 42 个心跳包发送成功
[02:52:49 INF] 【直播间】407149 的第 42 个心跳包发送成功
[02:52:50 INF] 【直播间】31494 的第 42 个心跳包发送成功
[02:53:50 INF] 【直播间】23357926 的第 43 个心跳包发送成功
[02:53:52 INF] 【直播间】23040372 的第 43 个心跳包发送成功
[02:53:53 INF] 【直播间】9619073 的第 43 个心跳包发送成功
[02:53:54 INF] 【直播间】4015781 的第 43 个心跳包发送成功
[02:53:55 INF] 【直播间】407149 的第 43 个心跳包发送成功
[02:53:57 INF] 【直播间】31494 的第 43 个心跳包发送成功
[02:54:57 INF] 【直播间】23357926 的第 44 个心跳包发送成功
[02:54:58 INF] 【直播间】23040372 的第 44 个心跳包发送成功
[02:55:00 INF] 【直播间】9619073 的第 44 个心跳包发送成功
[02:55:01 INF] 【直播间】4015781 的第 44 个心跳包发送成功
[02:55:02 INF] 【直播间】407149 的第 44 个心跳包发送成功
[02:55:03 INF] 【直播间】31494 的第 44 个心跳包发送成功
[02:56:04 INF] 【直播间】23357926 的第 45 个心跳包发送成功
[02:56:05 INF] 【直播间】23040372 的第 45 个心跳包发送成功
[02:56:06 INF] 【直播间】9619073 的第 45 个心跳包发送成功
[02:56:08 INF] 【直播间】4015781 的第 45 个心跳包发送成功
[02:56:09 INF] 【直播间】407149 的第 45 个心跳包发送成功
[02:56:10 INF] 【直播间】31494 的第 45 个心跳包发送成功
[02:57:10 INF] 【直播间】23357926 的第 46 个心跳包发送成功
[02:57:12 INF] 【直播间】23040372 的第 46 个心跳包发送成功
[02:57:13 INF] 【直播间】9619073 的第 46 个心跳包发送成功
[02:57:14 INF] 【直播间】4015781 的第 46 个心跳包发送成功
[02:57:16 INF] 【直播间】407149 的第 46 个心跳包发送成功
[02:57:17 INF] 【直播间】31494 的第 46 个心跳包发送成功
[02:58:17 INF] 【直播间】23357926 的第 47 个心跳包发送成功
[02:58:19 INF] 【直播间】23040372 的第 47 个心跳包发送成功
[02:58:20 INF] 【直播间】9619073 的第 47 个心跳包发送成功
[02:58:21 INF] 【直播间】4015781 的第 47 个心跳包发送成功
[02:58:23 INF] 【直播间】407149 的第 47 个心跳包发送成功
[02:58:24 INF] 【直播间】31494 的第 47 个心跳包发送成功
[02:59:25 INF] 【直播间】23357926 的第 48 个心跳包发送成功
[02:59:26 INF] 【直播间】23040372 的第 48 个心跳包发送成功
[02:59:27 INF] 【直播间】9619073 的第 48 个心跳包发送成功
[02:59:29 INF] 【直播间】4015781 的第 48 个心跳包发送成功
[02:59:30 INF] 【直播间】407149 的第 48 个心跳包发送成功
[02:59:31 INF] 【直播间】31494 的第 48 个心跳包发送成功
[03:00:31 INF] 【直播间】23357926 的第 49 个心跳包发送成功
[03:00:33 INF] 【直播间】23040372 的第 49 个心跳包发送成功
[03:00:34 INF] 【直播间】9619073 的第 49 个心跳包发送成功
[03:00:35 INF] 【直播间】4015781 的第 49 个心跳包发送成功
[03:00:36 INF] 【直播间】407149 的第 49 个心跳包发送成功
[03:00:38 INF] 【直播间】31494 的第 49 个心跳包发送成功
[03:01:38 INF] 【直播间】23357926 的第 50 个心跳包发送成功
[03:01:40 INF] 【直播间】23040372 的第 50 个心跳包发送成功
[03:01:41 INF] 【直播间】9619073 的第 50 个心跳包发送成功
[03:01:42 INF] 【直播间】4015781 的第 50 个心跳包发送成功
[03:01:44 INF] 【直播间】407149 的第 50 个心跳包发送成功
[03:01:45 INF] 【直播间】31494 的第 50 个心跳包发送成功
[03:02:45 INF] 【直播间】23357926 的第 51 个心跳包发送成功
[03:02:46 INF] 【直播间】23040372 的第 51 个心跳包发送成功
[03:02:48 INF] 【直播间】9619073 的第 51 个心跳包发送成功
[03:02:49 INF] 【直播间】4015781 的第 51 个心跳包发送成功
[03:02:50 INF] 【直播间】407149 的第 51 个心跳包发送成功
[03:02:51 INF] 【直播间】31494 的第 51 个心跳包发送成功
[03:03:52 INF] 【直播间】23357926 的第 52 个心跳包发送成功
[03:03:53 INF] 【直播间】23040372 的第 52 个心跳包发送成功
[03:03:54 INF] 【直播间】9619073 的第 52 个心跳包发送成功
[03:03:56 INF] 【直播间】4015781 的第 52 个心跳包发送成功
[03:03:57 INF] 【直播间】407149 的第 52 个心跳包发送成功
[03:03:58 INF] 【直播间】31494 的第 52 个心跳包发送成功
[03:04:59 INF] 【直播间】23357926 的第 53 个心跳包发送成功
[03:05:00 INF] 【直播间】23040372 的第 53 个心跳包发送成功
[03:05:01 INF] 【直播间】9619073 的第 53 个心跳包发送成功
[03:05:02 INF] 【直播间】4015781 的第 53 个心跳包发送成功
[03:05:04 INF] 【直播间】407149 的第 53 个心跳包发送成功
[03:05:05 INF] 【直播间】31494 的第 53 个心跳包发送成功
[03:06:05 ERR] 【心跳包】直播间 23357926 发送失败
[03:06:05 ERR] 【原因】time check failed
[03:06:07 ERR] 【心跳包】直播间 23040372 发送失败
[03:06:07 ERR] 【原因】time check failed
[03:06:08 ERR] 【心跳包】直播间 9619073 发送失败
[03:06:08 ERR] 【原因】time check failed
[03:06:09 ERR] 【心跳包】直播间 4015781 发送失败
[03:06:09 ERR] 【原因】time check failed
[03:06:11 ERR] 【心跳包】直播间 407149 发送失败
[03:06:11 ERR] 【原因】time check failed
[03:06:12 ERR] 【心跳包】直播间 31494 发送失败
[03:06:12 ERR] 【原因】time check failed
[03:07:12 INF] 【直播间】23357926 的第 54 个心跳包发送成功
[03:07:13 INF] 【直播间】23040372 的第 54 个心跳包发送成功
[03:07:14 INF] 【直播间】9619073 的第 54 个心跳包发送成功
[03:07:16 INF] 【直播间】4015781 的第 54 个心跳包发送成功
[03:07:17 INF] 【直播间】407149 的第 54 个心跳包发送成功
[03:07:18 INF] 【直播间】31494 的第 54 个心跳包发送成功
[03:08:19 INF] 【直播间】23357926 的第 55 个心跳包发送成功
[03:08:20 INF] 【直播间】23040372 的第 55 个心跳包发送成功
[03:08:21 INF] 【直播间】9619073 的第 55 个心跳包发送成功
[03:08:22 INF] 【直播间】4015781 的第 55 个心跳包发送成功
[03:08:24 INF] 【直播间】407149 的第 55 个心跳包发送成功
[03:08:25 INF] 【直播间】31494 的第 55 个心跳包发送成功
[03:09:26 INF] 【直播间】23357926 的第 56 个心跳包发送成功
[03:09:27 INF] 【直播间】23040372 的第 56 个心跳包发送成功
[03:09:28 INF] 【直播间】9619073 的第 56 个心跳包发送成功
[03:09:30 INF] 【直播间】4015781 的第 56 个心跳包发送成功
[03:09:31 INF] 【直播间】407149 的第 56 个心跳包发送成功
[03:09:32 INF] 【直播间】31494 的第 56 个心跳包发送成功
[03:10:33 INF] 【直播间】23357926 的第 57 个心跳包发送成功
[03:10:34 INF] 【直播间】23040372 的第 57 个心跳包发送成功
[03:10:35 INF] 【直播间】9619073 的第 57 个心跳包发送成功
[03:10:36 INF] 【直播间】4015781 的第 57 个心跳包发送成功
[03:10:38 INF] 【直播间】407149 的第 57 个心跳包发送成功
[03:10:39 INF] 【直播间】31494 的第 57 个心跳包发送成功
[03:11:39 INF] 【直播间】23357926 的第 58 个心跳包发送成功
[03:11:41 INF] 【直播间】23040372 的第 58 个心跳包发送成功
[03:11:42 INF] 【直播间】9619073 的第 58 个心跳包发送成功
[03:11:43 INF] 【直播间】4015781 的第 58 个心跳包发送成功
[03:11:45 INF] 【直播间】407149 的第 58 个心跳包发送成功
[03:11:46 INF] 【直播间】31494 的第 58 个心跳包发送成功
[03:12:47 INF] 【直播间】23357926 的第 59 个心跳包发送成功
[03:12:48 INF] 【直播间】23040372 的第 59 个心跳包发送成功
[03:12:49 INF] 【直播间】9619073 的第 59 个心跳包发送成功
[03:12:51 INF] 【直播间】4015781 的第 59 个心跳包发送成功
[03:12:52 INF] 【直播间】407149 的第 59 个心跳包发送成功
[03:12:53 INF] 【直播间】31494 的第 59 个心跳包发送成功
[03:13:53 INF] 【直播间】23357926 的第 60 个心跳包发送成功
[03:13:54 INF] 【直播间】23040372 的第 60 个心跳包发送成功
[03:13:56 INF] 【直播间】9619073 的第 60 个心跳包发送成功
[03:13:57 INF] 【直播间】4015781 的第 60 个心跳包发送成功
[03:13:58 INF] 【直播间】407149 的第 60 个心跳包发送成功
[03:14:00 INF] 【直播间】31494 的第 60 个心跳包发送成功
[03:15:00 INF] 【直播间】23357926 的第 61 个心跳包发送成功
[03:15:02 INF] 【直播间】23040372 的第 61 个心跳包发送成功
[03:15:03 INF] 【直播间】9619073 的第 61 个心跳包发送成功
[03:15:04 INF] 【直播间】4015781 的第 61 个心跳包发送成功
[03:15:06 INF] 【直播间】407149 的第 61 个心跳包发送成功
[03:15:07 INF] 【直播间】31494 的第 61 个心跳包发送成功
[03:16:07 INF] 【直播间】23357926 的第 62 个心跳包发送成功
[03:16:08 INF] 【直播间】23040372 的第 62 个心跳包发送成功
[03:16:10 INF] 【直播间】9619073 的第 62 个心跳包发送成功
[03:16:11 INF] 【直播间】4015781 的第 62 个心跳包发送成功
[03:16:12 INF] 【直播间】407149 的第 62 个心跳包发送成功
[03:16:14 INF] 【直播间】31494 的第 62 个心跳包发送成功
[03:17:14 INF] 【直播间】23357926 的第 63 个心跳包发送成功
[03:17:15 INF] 【直播间】23040372 的第 63 个心跳包发送成功
[03:17:16 INF] 【直播间】9619073 的第 63 个心跳包发送成功
[03:17:18 INF] 【直播间】4015781 的第 63 个心跳包发送成功
[03:17:19 INF] 【直播间】407149 的第 63 个心跳包发送成功
[03:17:20 INF] 【直播间】31494 的第 63 个心跳包发送成功
[03:18:21 INF] 【直播间】23357926 的第 64 个心跳包发送成功
[03:18:22 INF] 【直播间】23040372 的第 64 个心跳包发送成功
[03:18:23 INF] 【直播间】9619073 的第 64 个心跳包发送成功
[03:18:25 INF] 【直播间】4015781 的第 64 个心跳包发送成功
[03:18:26 INF] 【直播间】407149 的第 64 个心跳包发送成功
[03:18:27 INF] 【直播间】31494 的第 64 个心跳包发送成功
[03:19:27 INF] 【直播间】23357926 的第 65 个心跳包发送成功
[03:19:29 INF] 【直播间】23040372 的第 65 个心跳包发送成功
[03:19:30 INF] 【直播间】9619073 的第 65 个心跳包发送成功
[03:19:31 INF] 【直播间】4015781 的第 65 个心跳包发送成功
[03:19:32 INF] 【直播间】407149 的第 65 个心跳包发送成功
[03:19:34 INF] 【直播间】31494 的第 65 个心跳包发送成功
[03:20:34 INF] 【直播间】23357926 的第 66 个心跳包发送成功
[03:20:36 INF] 【直播间】23040372 的第 66 个心跳包发送成功
[03:20:37 INF] 【直播间】9619073 的第 66 个心跳包发送成功
[03:20:38 INF] 【直播间】4015781 的第 66 个心跳包发送成功
[03:20:40 INF] 【直播间】407149 的第 66 个心跳包发送成功
[03:20:41 INF] 【直播间】31494 的第 66 个心跳包发送成功
[03:21:41 ERR] 【心跳包】直播间 23357926 发送失败
[03:21:41 ERR] 【原因】time check failed
[03:21:43 ERR] 【心跳包】直播间 23040372 发送失败
[03:21:43 ERR] 【原因】time check failed
[03:21:44 ERR] 【心跳包】直播间 9619073 发送失败
[03:21:44 ERR] 【原因】time check failed
[03:21:45 ERR] 【心跳包】直播间 4015781 发送失败
[03:21:45 ERR] 【原因】time check failed
[03:21:46 ERR] 【心跳包】直播间 407149 发送失败
[03:21:46 ERR] 【原因】time check failed
[03:21:48 ERR] 【心跳包】直播间 31494 发送失败
[03:21:48 ERR] 【原因】time check failed
[03:22:48 INF] 【直播间】23357926 的第 67 个心跳包发送成功
[03:22:49 INF] 【直播间】23040372 的第 67 个心跳包发送成功
[03:22:50 INF] 【直播间】9619073 的第 67 个心跳包发送成功
[03:22:52 INF] 【直播间】4015781 的第 67 个心跳包发送成功
[03:22:53 INF] 【直播间】407149 的第 67 个心跳包发送成功
[03:22:54 INF] 【直播间】31494 的第 67 个心跳包发送成功
[03:23:55 INF] 【直播间】23357926 的第 68 个心跳包发送成功
[03:23:56 INF] 【直播间】23040372 的第 68 个心跳包发送成功
[03:23:57 INF] 【直播间】9619073 的第 68 个心跳包发送成功
[03:23:58 INF] 【直播间】4015781 的第 68 个心跳包发送成功
[03:24:00 INF] 【直播间】407149 的第 68 个心跳包发送成功
[03:24:01 INF] 【直播间】31494 的第 68 个心跳包发送成功
[03:25:01 INF] 【直播间】23357926 的第 69 个心跳包发送成功
[03:25:03 INF] 【直播间】23040372 的第 69 个心跳包发送成功
[03:25:04 INF] 【直播间】9619073 的第 69 个心跳包发送成功
[03:25:05 INF] 【直播间】4015781 的第 69 个心跳包发送成功
[03:25:07 INF] 【直播间】407149 的第 69 个心跳包发送成功
[03:25:08 INF] 【直播间】31494 的第 69 个心跳包发送成功
[03:26:09 INF] 【直播间】23357926 的第 70 个心跳包发送成功
[03:26:10 INF] 【直播间】23040372 的第 70 个心跳包发送成功
[03:26:11 INF] 【直播间】9619073 的第 70 个心跳包发送成功
[03:26:12 INF] 【直播间】4015781 的第 70 个心跳包发送成功
[03:26:14 INF] 【直播间】407149 的第 70 个心跳包发送成功
[03:26:15 INF] 【直播间】31494 的第 70 个心跳包发送成功
[03:26:15 INF] 【直播观看时长】完成情况：6/6 
[03:26:15 INF] ---------结束---------

[03:26:15 INF] ==========结束==========

[03:26:15 INF] ######### 账号 3 #########

[03:26:15 INF] =====开始 直播间互动 =====

[03:26:15 INF] ---开始 发送弹幕 ---
[03:26:15 INF] 检测到直播 Cookie 未正确配置，尝试自动配置中...
[03:26:20 INF] 直播 Cookie 配置成功！
[03:26:20 INF] 【获取直播列表】获取拥有粉丝牌的直播列表
[03:26:26 INF] 【主播】苏打baka 
[03:26:37 INF] 【直播间】苏打baka
[03:26:37 INF] 【粉丝牌】碳酸钠
[03:26:37 INF] 正在发送弹幕...
[03:26:43 INF] -------结束-------

[03:26:43 INF] ---开始 点赞直播间 ---
[03:26:43 INF] 【获取直播列表】获取拥有粉丝牌的直播列表
[03:26:47 INF] 【弹幕发送】成功~，你和主播 苏打baka 的亲密值增加了100！
[03:26:50 INF] 【主播】苏打baka 
[03:27:01 INF] --------结束--------

[03:27:01 INF] ---开始 直播时长挂机 ---
[03:27:01 INF] 【获取直播列表】获取拥有粉丝牌的直播列表
[03:27:01 INF] 【点赞直播间】23040372 完成
[03:27:09 INF] 【主播】苏打baka 
[03:27:21 INF] 【直播间】23040372 的第 1 个心跳包发送成功
[03:28:28 INF] 【直播间】23040372 的第 2 个心跳包发送成功
[03:29:34 INF] 【直播间】23040372 的第 3 个心跳包发送成功
[03:30:41 INF] 【直播间】23040372 的第 4 个心跳包发送成功
[03:31:48 INF] 【直播间】23040372 的第 5 个心跳包发送成功
[03:32:55 INF] 【直播间】23040372 的第 6 个心跳包发送成功
[03:34:02 INF] 【直播间】23040372 的第 7 个心跳包发送成功
[03:35:09 INF] 【直播间】23040372 的第 8 个心跳包发送成功
[03:36:16 INF] 【直播间】23040372 的第 9 个心跳包发送成功
[03:37:22 INF] 【直播间】23040372 的第 10 个心跳包发送成功
[03:38:29 INF] 【直播间】23040372 的第 11 个心跳包发送成功
[03:39:36 INF] 【直播间】23040372 的第 12 个心跳包发送成功
[03:40:42 INF] 【直播间】23040372 的第 13 个心跳包发送成功
[03:41:49 INF] 【直播间】23040372 的第 14 个心跳包发送成功
[03:42:56 ERR] 【心跳包】直播间 23040372 发送失败
[03:42:56 ERR] 【原因】time check failed
[03:44:03 INF] 【直播间】23040372 的第 15 个心跳包发送成功
[03:45:09 INF] 【直播间】23040372 的第 16 个心跳包发送成功
[03:46:16 INF] 【直播间】23040372 的第 17 个心跳包发送成功
[03:47:23 INF] 【直播间】23040372 的第 18 个心跳包发送成功
[03:48:30 INF] 【直播间】23040372 的第 19 个心跳包发送成功
[03:49:37 INF] 【直播间】23040372 的第 20 个心跳包发送成功
[03:50:43 INF] 【直播间】23040372 的第 21 个心跳包发送成功
[03:51:50 INF] 【直播间】23040372 的第 22 个心跳包发送成功
[03:52:57 INF] 【直播间】23040372 的第 23 个心跳包发送成功
[03:54:04 INF] 【直播间】23040372 的第 24 个心跳包发送成功
[03:55:11 INF] 【直播间】23040372 的第 25 个心跳包发送成功
[03:56:18 INF] 【直播间】23040372 的第 26 个心跳包发送成功
[03:57:24 INF] 【直播间】23040372 的第 27 个心跳包发送成功
[03:58:31 ERR] 【心跳包】直播间 23040372 发送失败
[03:58:31 ERR] 【原因】time check failed
[03:59:38 INF] 【直播间】23040372 的第 28 个心跳包发送成功
[04:00:45 INF] 【直播间】23040372 的第 29 个心跳包发送成功
[04:01:52 INF] 【直播间】23040372 的第 30 个心跳包发送成功
[04:02:59 INF] 【直播间】23040372 的第 31 个心跳包发送成功
[04:04:05 INF] 【直播间】23040372 的第 32 个心跳包发送成功
[04:05:12 INF] 【直播间】23040372 的第 33 个心跳包发送成功
[04:06:19 INF] 【直播间】23040372 的第 34 个心跳包发送成功
[04:07:26 INF] 【直播间】23040372 的第 35 个心跳包发送成功
[04:08:33 INF] 【直播间】23040372 的第 36 个心跳包发送成功
[04:09:39 INF] 【直播间】23040372 的第 37 个心跳包发送成功
[04:10:47 INF] 【直播间】23040372 的第 38 个心跳包发送成功
[04:11:54 INF] 【直播间】23040372 的第 39 个心跳包发送成功
[04:13:00 INF] 【直播间】23040372 的第 40 个心跳包发送成功
[04:14:07 ERR] 【心跳包】直播间 23040372 发送失败
[04:14:07 ERR] 【原因】time check failed
[04:15:13 INF] 【直播间】23040372 的第 41 个心跳包发送成功
[04:16:21 INF] 【直播间】23040372 的第 42 个心跳包发送成功
[04:17:28 INF] 【直播间】23040372 的第 43 个心跳包发送成功
[04:18:34 INF] 【直播间】23040372 的第 44 个心跳包发送成功
[04:19:41 INF] 【直播间】23040372 的第 45 个心跳包发送成功
[04:20:48 INF] 【直播间】23040372 的第 46 个心跳包发送成功
[04:21:55 INF] 【直播间】23040372 的第 47 个心跳包发送成功
[04:23:01 INF] 【直播间】23040372 的第 48 个心跳包发送成功
[04:24:08 INF] 【直播间】23040372 的第 49 个心跳包发送成功
[04:25:15 INF] 【直播间】23040372 的第 50 个心跳包发送成功
[04:26:21 INF] 【直播间】23040372 的第 51 个心跳包发送成功
[04:27:29 INF] 【直播间】23040372 的第 52 个心跳包发送成功
[04:28:36 INF] 【直播间】23040372 的第 53 个心跳包发送成功
[04:29:42 ERR] 【心跳包】直播间 23040372 发送失败
[04:29:42 ERR] 【原因】time check failed
[04:30:49 INF] 【直播间】23040372 的第 54 个心跳包发送成功
[04:31:56 INF] 【直播间】23040372 的第 55 个心跳包发送成功
[04:33:03 INF] 【直播间】23040372 的第 56 个心跳包发送成功
[04:34:10 INF] 【直播间】23040372 的第 57 个心跳包发送成功
[04:35:16 INF] 【直播间】23040372 的第 58 个心跳包发送成功
[04:36:23 INF] 【直播间】23040372 的第 59 个心跳包发送成功
[04:37:29 INF] 【直播间】23040372 的第 60 个心跳包发送成功
[04:38:37 INF] 【直播间】23040372 的第 61 个心跳包发送成功
[04:39:43 INF] 【直播间】23040372 的第 62 个心跳包发送成功
[04:40:50 INF] 【直播间】23040372 的第 63 个心跳包发送成功
[04:41:57 INF] 【直播间】23040372 的第 64 个心跳包发送成功
[04:43:04 INF] 【直播间】23040372 的第 65 个心跳包发送成功
[04:44:11 INF] 【直播间】23040372 的第 66 个心跳包发送成功
[04:45:17 ERR] 【心跳包】直播间 23040372 发送失败
[04:45:17 ERR] 【原因】time check failed
[04:46:24 INF] 【直播间】23040372 的第 67 个心跳包发送成功
[04:47:31 INF] 【直播间】23040372 的第 68 个心跳包发送成功
[04:48:37 INF] 【直播间】23040372 的第 69 个心跳包发送成功
[04:49:45 INF] 【直播间】23040372 的第 70 个心跳包发送成功
[04:49:45 INF] 【直播观看时长】完成情况：1/1 
[04:49:45 INF] ---------结束---------

[04:49:45 INF] ==========结束==========

[04:49:45 INF] 

========================

 v1.0.3 开源 by https://github.com/RayWangQvQ/BiliBiliToolPro

[04:49:45 INF] ·开始推送·LiveFansMedal任务·
2023-05-16T20:49:45.2803395Z 开始推送到:自定义
2023-05-16T20:50:05.6496547Z Response status: OK.
2023-05-16T20:50:05.6496941Z Response content: {"message":"发送群组消息子通道 pushplus 失败：Post \"https://www.pushplus.plus/send\": net/http: TLS handshake timeout\n","success":false}.

[04:50:05 INF] 运行环境：Development
[04:50:05 INF] 应用目录：/home/runner/work/BiliBiliToolPro/BiliBiliToolPro/src/Ray.BiliBiliTool.Console/bin/Debug/net6.0/

[04:50:05 INF] 运行结束
