----------- ip 信息 ---------
{
  "ip": "104.28.205.112",
  "city": "Phoenix",
  "region": "Arizona",
  "country": "US",
  "loc": "33.4484,-112.0740",
  "org": "AS13335 Cloudflare, Inc.",
  "postal": "85001",
  "timezone": "America/Phoenix",
  "readme": "https://ipinfo.io/missingauth"
} ---------- end ------------
  ____               ____    _   _____           _  
 |  _ \ __ _ _   _  | __ ) _| |_|_   _|__   ___ | | 
 | |_) / _` | | | | |  _ \(_) (_) | |/ _ \ / _ \| | 
 |  _ < (_| | |_| | | |_) | | | | | | (_) | (_) | | 
 |_| \_\__,_|\__, | |____/|_|_|_| |_|\___/ \___/|_| 
             |___/                                  

[00:31:00 INF] BiliBiliToolPro 开始运行...

[00:31:00 INF] 【账号个数】3个

[00:31:00 INF] 随机休眠1分钟

[00:32:00 INF] 【目标任务】LiveFansMedal
[00:32:00 INF] ######### 账号 1 #########

[00:32:00 INF] =====开始 直播间互动 =====

[00:32:00 INF] ---开始 发送弹幕 ---
[00:32:00 INF] 检测到直播 Cookie 未正确配置，尝试自动配置中...
[00:32:04 INF] 直播 Cookie 配置成功！
[00:32:04 INF] 【获取直播列表】获取拥有粉丝牌的直播列表
[00:32:12 INF] 【主播】Mark陌枫 
[00:32:21 INF] 【主播】KL_qiqi_ 
[00:32:30 INF] 【主播】苏打baka 
[00:32:44 INF] 【直播间】Mark陌枫
[00:32:44 INF] 【粉丝牌】馬楓
[00:32:44 INF] 正在发送弹幕...
[00:32:48 INF] 【直播间】KL_qiqi_
[00:32:48 INF] 【粉丝牌】qiqisb
[00:32:48 INF] 正在发送弹幕...
[00:32:53 INF] 【直播间】苏打baka
[00:32:53 INF] 【粉丝牌】碳酸钠
[00:32:53 INF] 正在发送弹幕...
[00:32:55 ERR] 【弹幕发送】失败
[00:32:55 ERR] 【原因】
[00:32:56 INF] -------结束-------

[00:32:56 INF] ---开始 点赞直播间 ---
[00:32:56 INF] 【获取直播列表】获取拥有粉丝牌的直播列表
[00:32:56 INF] 【弹幕发送】成功~，你和主播 KL_qiqi_ 的亲密值增加了100！
[00:33:01 INF] 【主播】Mark陌枫 
[00:33:01 INF] 【弹幕发送】成功~，你和主播 苏打baka 的亲密值增加了100！
[00:33:12 INF] 【主播】KL_qiqi_ 
[00:33:26 INF] 【主播】苏打baka 
[00:33:47 INF] 【点赞直播间】23357926 完成
[00:33:50 INF] 【点赞直播间】407149 完成
[00:33:57 INF] --------结束--------

[00:33:57 INF] ---开始 直播时长挂机 ---
[00:33:57 INF] 【获取直播列表】获取拥有粉丝牌的直播列表
[00:33:57 INF] 【点赞直播间】23040372 完成
[00:34:04 INF] 【主播】Mark陌枫 
[00:34:14 INF] 【主播】KL_qiqi_ 
[00:34:26 INF] 【主播】苏打baka 
[00:34:38 INF] 【直播间】23357926 的第 1 个心跳包发送成功
[00:34:39 INF] 【直播间】407149 的第 1 个心跳包发送成功
[00:34:40 INF] 【直播间】23040372 的第 1 个心跳包发送成功
[00:35:44 INF] 【直播间】23357926 的第 2 个心跳包发送成功
[00:35:45 INF] 【直播间】407149 的第 2 个心跳包发送成功
[00:35:46 INF] 【直播间】23040372 的第 2 个心跳包发送成功
[00:36:50 INF] 【直播间】23357926 的第 3 个心跳包发送成功
[00:36:52 INF] 【直播间】407149 的第 3 个心跳包发送成功
[00:36:53 INF] 【直播间】23040372 的第 3 个心跳包发送成功
[00:37:57 INF] 【直播间】23357926 的第 4 个心跳包发送成功
[00:37:58 INF] 【直播间】407149 的第 4 个心跳包发送成功
[00:37:59 INF] 【直播间】23040372 的第 4 个心跳包发送成功
[00:39:03 INF] 【直播间】23357926 的第 5 个心跳包发送成功
[00:39:04 INF] 【直播间】407149 的第 5 个心跳包发送成功
[00:39:05 INF] 【直播间】23040372 的第 5 个心跳包发送成功
[00:40:09 INF] 【直播间】23357926 的第 6 个心跳包发送成功
[00:40:11 INF] 【直播间】407149 的第 6 个心跳包发送成功
[00:40:12 INF] 【直播间】23040372 的第 6 个心跳包发送成功
[00:41:16 INF] 【直播间】23357926 的第 7 个心跳包发送成功
[00:41:17 INF] 【直播间】407149 的第 7 个心跳包发送成功
[00:41:18 INF] 【直播间】23040372 的第 7 个心跳包发送成功
[00:42:22 INF] 【直播间】23357926 的第 8 个心跳包发送成功
[00:42:23 INF] 【直播间】407149 的第 8 个心跳包发送成功
[00:42:25 INF] 【直播间】23040372 的第 8 个心跳包发送成功
[00:43:29 INF] 【直播间】23357926 的第 9 个心跳包发送成功
[00:43:30 INF] 【直播间】407149 的第 9 个心跳包发送成功
[00:43:31 INF] 【直播间】23040372 的第 9 个心跳包发送成功
[00:44:35 INF] 【直播间】23357926 的第 10 个心跳包发送成功
[00:44:36 INF] 【直播间】407149 的第 10 个心跳包发送成功
[00:44:37 INF] 【直播间】23040372 的第 10 个心跳包发送成功
[00:45:41 INF] 【直播间】23357926 的第 11 个心跳包发送成功
[00:45:43 INF] 【直播间】407149 的第 11 个心跳包发送成功
[00:45:44 INF] 【直播间】23040372 的第 11 个心跳包发送成功
[00:46:48 INF] 【直播间】23357926 的第 12 个心跳包发送成功
[00:46:49 INF] 【直播间】407149 的第 12 个心跳包发送成功
[00:46:50 INF] 【直播间】23040372 的第 12 个心跳包发送成功
[00:47:54 INF] 【直播间】23357926 的第 13 个心跳包发送成功
[00:47:55 INF] 【直播间】407149 的第 13 个心跳包发送成功
[00:47:56 INF] 【直播间】23040372 的第 13 个心跳包发送成功
[00:49:00 INF] 【直播间】23357926 的第 14 个心跳包发送成功
[00:49:02 INF] 【直播间】407149 的第 14 个心跳包发送成功
[00:49:03 INF] 【直播间】23040372 的第 14 个心跳包发送成功
[00:50:07 INF] 【直播间】23357926 的第 15 个心跳包发送成功
[00:50:08 INF] 【直播间】407149 的第 15 个心跳包发送成功
[00:50:09 INF] 【直播间】23040372 的第 15 个心跳包发送成功
[00:51:13 ERR] 【心跳包】直播间 23357926 发送失败
[00:51:13 ERR] 【原因】time check failed
[00:51:14 ERR] 【心跳包】直播间 407149 发送失败
[00:51:14 ERR] 【原因】time check failed
[00:51:16 ERR] 【心跳包】直播间 23040372 发送失败
[00:51:16 ERR] 【原因】time check failed
[00:52:19 INF] 【直播间】23357926 的第 16 个心跳包发送成功
[00:52:21 INF] 【直播间】407149 的第 16 个心跳包发送成功
[00:52:22 INF] 【直播间】23040372 的第 16 个心跳包发送成功
[00:53:26 INF] 【直播间】23357926 的第 17 个心跳包发送成功
[00:53:27 INF] 【直播间】407149 的第 17 个心跳包发送成功
[00:53:28 INF] 【直播间】23040372 的第 17 个心跳包发送成功
[00:54:32 INF] 【直播间】23357926 的第 18 个心跳包发送成功
[00:54:34 INF] 【直播间】407149 的第 18 个心跳包发送成功
[00:54:35 INF] 【直播间】23040372 的第 18 个心跳包发送成功
[00:55:39 INF] 【直播间】23357926 的第 19 个心跳包发送成功
[00:55:40 INF] 【直播间】407149 的第 19 个心跳包发送成功
[00:55:41 INF] 【直播间】23040372 的第 19 个心跳包发送成功
[00:56:45 INF] 【直播间】23357926 的第 20 个心跳包发送成功
[00:56:46 INF] 【直播间】407149 的第 20 个心跳包发送成功
[00:56:48 INF] 【直播间】23040372 的第 20 个心跳包发送成功
[00:57:51 INF] 【直播间】23357926 的第 21 个心跳包发送成功
[00:57:52 INF] 【直播间】407149 的第 21 个心跳包发送成功
[00:57:54 INF] 【直播间】23040372 的第 21 个心跳包发送成功
[00:58:57 INF] 【直播间】23357926 的第 22 个心跳包发送成功
[00:58:59 INF] 【直播间】407149 的第 22 个心跳包发送成功
[00:59:00 INF] 【直播间】23040372 的第 22 个心跳包发送成功
[01:00:04 INF] 【直播间】23357926 的第 23 个心跳包发送成功
[01:00:05 INF] 【直播间】407149 的第 23 个心跳包发送成功
[01:00:06 INF] 【直播间】23040372 的第 23 个心跳包发送成功
[01:01:11 INF] 【直播间】23357926 的第 24 个心跳包发送成功
[01:01:12 INF] 【直播间】407149 的第 24 个心跳包发送成功
[01:01:13 INF] 【直播间】23040372 的第 24 个心跳包发送成功
[01:02:17 INF] 【直播间】23357926 的第 25 个心跳包发送成功
[01:02:18 INF] 【直播间】407149 的第 25 个心跳包发送成功
[01:02:19 INF] 【直播间】23040372 的第 25 个心跳包发送成功
[01:03:23 INF] 【直播间】23357926 的第 26 个心跳包发送成功
[01:03:24 INF] 【直播间】407149 的第 26 个心跳包发送成功
[01:03:26 INF] 【直播间】23040372 的第 26 个心跳包发送成功
[01:04:29 INF] 【直播间】23357926 的第 27 个心跳包发送成功
[01:04:31 INF] 【直播间】407149 的第 27 个心跳包发送成功
[01:04:32 INF] 【直播间】23040372 的第 27 个心跳包发送成功
[01:05:36 INF] 【直播间】23357926 的第 28 个心跳包发送成功
[01:05:37 INF] 【直播间】407149 的第 28 个心跳包发送成功
[01:05:38 INF] 【直播间】23040372 的第 28 个心跳包发送成功
[01:06:42 INF] 【直播间】23357926 的第 29 个心跳包发送成功
[01:06:43 INF] 【直播间】407149 的第 29 个心跳包发送成功
[01:06:44 INF] 【直播间】23040372 的第 29 个心跳包发送成功
[01:07:48 ERR] 【心跳包】直播间 23357926 发送失败
[01:07:48 ERR] 【原因】time check failed
[01:07:50 ERR] 【心跳包】直播间 407149 发送失败
[01:07:50 ERR] 【原因】time check failed
[01:07:51 ERR] 【心跳包】直播间 23040372 发送失败
[01:07:51 ERR] 【原因】time check failed
[01:08:55 INF] 【直播间】23357926 的第 30 个心跳包发送成功
[01:08:56 INF] 【直播间】407149 的第 30 个心跳包发送成功
[01:08:57 INF] 【直播间】23040372 的第 30 个心跳包发送成功
[01:10:01 INF] 【直播间】23357926 的第 31 个心跳包发送成功
[01:10:02 INF] 【直播间】407149 的第 31 个心跳包发送成功
[01:10:03 INF] 【直播间】23040372 的第 31 个心跳包发送成功
[01:11:07 INF] 【直播间】23357926 的第 32 个心跳包发送成功
[01:11:09 INF] 【直播间】407149 的第 32 个心跳包发送成功
[01:11:10 INF] 【直播间】23040372 的第 32 个心跳包发送成功
[01:12:14 INF] 【直播间】23357926 的第 33 个心跳包发送成功
[01:12:15 INF] 【直播间】407149 的第 33 个心跳包发送成功
[01:12:16 INF] 【直播间】23040372 的第 33 个心跳包发送成功
[01:13:20 INF] 【直播间】23357926 的第 34 个心跳包发送成功
[01:13:21 INF] 【直播间】407149 的第 34 个心跳包发送成功
[01:13:22 INF] 【直播间】23040372 的第 34 个心跳包发送成功
[01:14:26 INF] 【直播间】23357926 的第 35 个心跳包发送成功
[01:14:28 INF] 【直播间】407149 的第 35 个心跳包发送成功
[01:14:29 INF] 【直播间】23040372 的第 35 个心跳包发送成功
[01:15:33 INF] 【直播间】23357926 的第 36 个心跳包发送成功
[01:15:34 INF] 【直播间】407149 的第 36 个心跳包发送成功
[01:15:35 INF] 【直播间】23040372 的第 36 个心跳包发送成功
[01:16:39 INF] 【直播间】23357926 的第 37 个心跳包发送成功
[01:16:41 INF] 【直播间】407149 的第 37 个心跳包发送成功
[01:16:42 INF] 【直播间】23040372 的第 37 个心跳包发送成功
[01:17:46 INF] 【直播间】23357926 的第 38 个心跳包发送成功
[01:17:47 INF] 【直播间】407149 的第 38 个心跳包发送成功
[01:17:48 INF] 【直播间】23040372 的第 38 个心跳包发送成功
[01:18:52 INF] 【直播间】23357926 的第 39 个心跳包发送成功
[01:18:53 INF] 【直播间】407149 的第 39 个心跳包发送成功
[01:18:54 INF] 【直播间】23040372 的第 39 个心跳包发送成功
[01:19:58 INF] 【直播间】23357926 的第 40 个心跳包发送成功
[01:19:59 INF] 【直播间】407149 的第 40 个心跳包发送成功
[01:20:01 INF] 【直播间】23040372 的第 40 个心跳包发送成功
[01:21:05 INF] 【直播间】23357926 的第 41 个心跳包发送成功
[01:21:06 INF] 【直播间】407149 的第 41 个心跳包发送成功
[01:21:07 INF] 【直播间】23040372 的第 41 个心跳包发送成功
[01:22:11 INF] 【直播间】23357926 的第 42 个心跳包发送成功
[01:22:12 INF] 【直播间】407149 的第 42 个心跳包发送成功
[01:22:14 INF] 【直播间】23040372 的第 42 个心跳包发送成功
[01:23:17 INF] 【直播间】23357926 的第 43 个心跳包发送成功
[01:23:19 INF] 【直播间】407149 的第 43 个心跳包发送成功
[01:23:20 INF] 【直播间】23040372 的第 43 个心跳包发送成功
[01:24:24 ERR] 【心跳包】直播间 23357926 发送失败
[01:24:24 ERR] 【原因】time check failed
[01:24:25 ERR] 【心跳包】直播间 407149 发送失败
[01:24:25 ERR] 【原因】time check failed
[01:24:26 ERR] 【心跳包】直播间 23040372 发送失败
[01:24:26 ERR] 【原因】time check failed
[01:25:30 INF] 【直播间】23357926 的第 44 个心跳包发送成功
[01:25:31 INF] 【直播间】407149 的第 44 个心跳包发送成功
[01:25:33 INF] 【直播间】23040372 的第 44 个心跳包发送成功
[01:26:36 INF] 【直播间】23357926 的第 45 个心跳包发送成功
[01:26:38 INF] 【直播间】407149 的第 45 个心跳包发送成功
[01:26:39 INF] 【直播间】23040372 的第 45 个心跳包发送成功
[01:27:43 INF] 【直播间】23357926 的第 46 个心跳包发送成功
[01:27:44 INF] 【直播间】407149 的第 46 个心跳包发送成功
[01:27:45 INF] 【直播间】23040372 的第 46 个心跳包发送成功
[01:28:49 INF] 【直播间】23357926 的第 47 个心跳包发送成功
[01:28:50 INF] 【直播间】407149 的第 47 个心跳包发送成功
[01:28:52 INF] 【直播间】23040372 的第 47 个心跳包发送成功
[01:29:56 INF] 【直播间】23357926 的第 48 个心跳包发送成功
[01:29:57 INF] 【直播间】407149 的第 48 个心跳包发送成功
[01:29:58 INF] 【直播间】23040372 的第 48 个心跳包发送成功
[01:31:02 INF] 【直播间】23357926 的第 49 个心跳包发送成功
[01:31:03 INF] 【直播间】407149 的第 49 个心跳包发送成功
[01:31:04 INF] 【直播间】23040372 的第 49 个心跳包发送成功
[01:32:08 INF] 【直播间】23357926 的第 50 个心跳包发送成功
[01:32:10 INF] 【直播间】407149 的第 50 个心跳包发送成功
[01:32:11 INF] 【直播间】23040372 的第 50 个心跳包发送成功
[01:33:15 INF] 【直播间】23357926 的第 51 个心跳包发送成功
[01:33:16 INF] 【直播间】407149 的第 51 个心跳包发送成功
[01:33:17 INF] 【直播间】23040372 的第 51 个心跳包发送成功
[01:34:21 INF] 【直播间】23357926 的第 52 个心跳包发送成功
[01:34:22 INF] 【直播间】407149 的第 52 个心跳包发送成功
[01:34:23 INF] 【直播间】23040372 的第 52 个心跳包发送成功
[01:35:27 INF] 【直播间】23357926 的第 53 个心跳包发送成功
[01:35:28 INF] 【直播间】407149 的第 53 个心跳包发送成功
[01:35:29 INF] 【直播间】23040372 的第 53 个心跳包发送成功
[01:36:34 INF] 【直播间】23357926 的第 54 个心跳包发送成功
[01:36:35 INF] 【直播间】407149 的第 54 个心跳包发送成功
[01:36:36 INF] 【直播间】23040372 的第 54 个心跳包发送成功
[01:37:40 INF] 【直播间】23357926 的第 55 个心跳包发送成功
[01:37:41 INF] 【直播间】407149 的第 55 个心跳包发送成功
[01:37:42 INF] 【直播间】23040372 的第 55 个心跳包发送成功
[01:38:46 INF] 【直播间】23357926 的第 56 个心跳包发送成功
[01:38:48 INF] 【直播间】407149 的第 56 个心跳包发送成功
[01:38:49 INF] 【直播间】23040372 的第 56 个心跳包发送成功
[01:39:53 INF] 【直播间】23357926 的第 57 个心跳包发送成功
[01:39:54 INF] 【直播间】407149 的第 57 个心跳包发送成功
[01:39:55 INF] 【直播间】23040372 的第 57 个心跳包发送成功
[01:40:59 ERR] 【心跳包】直播间 23357926 发送失败
[01:40:59 ERR] 【原因】time check failed
[01:41:00 ERR] 【心跳包】直播间 407149 发送失败
[01:41:00 ERR] 【原因】time check failed
[01:41:02 ERR] 【心跳包】直播间 23040372 发送失败
[01:41:02 ERR] 【原因】time check failed
[01:42:06 INF] 【直播间】23357926 的第 58 个心跳包发送成功
[01:42:07 INF] 【直播间】407149 的第 58 个心跳包发送成功
[01:42:08 INF] 【直播间】23040372 的第 58 个心跳包发送成功
[01:43:12 INF] 【直播间】23357926 的第 59 个心跳包发送成功
[01:43:13 INF] 【直播间】407149 的第 59 个心跳包发送成功
[01:43:14 INF] 【直播间】23040372 的第 59 个心跳包发送成功
[01:44:18 INF] 【直播间】23357926 的第 60 个心跳包发送成功
[01:44:20 INF] 【直播间】407149 的第 60 个心跳包发送成功
[01:44:21 INF] 【直播间】23040372 的第 60 个心跳包发送成功
[01:45:25 INF] 【直播间】23357926 的第 61 个心跳包发送成功
[01:45:26 INF] 【直播间】407149 的第 61 个心跳包发送成功
[01:45:28 INF] 【直播间】23040372 的第 61 个心跳包发送成功
[01:46:31 INF] 【直播间】23357926 的第 62 个心跳包发送成功
[01:46:33 INF] 【直播间】407149 的第 62 个心跳包发送成功
[01:46:34 INF] 【直播间】23040372 的第 62 个心跳包发送成功
[01:47:38 INF] 【直播间】23357926 的第 63 个心跳包发送成功
[01:47:39 INF] 【直播间】407149 的第 63 个心跳包发送成功
[01:47:40 INF] 【直播间】23040372 的第 63 个心跳包发送成功
[01:48:44 INF] 【直播间】23357926 的第 64 个心跳包发送成功
[01:48:45 INF] 【直播间】407149 的第 64 个心跳包发送成功
[01:48:47 INF] 【直播间】23040372 的第 64 个心跳包发送成功
[01:49:50 INF] 【直播间】23357926 的第 65 个心跳包发送成功
[01:49:52 INF] 【直播间】407149 的第 65 个心跳包发送成功
[01:49:53 INF] 【直播间】23040372 的第 65 个心跳包发送成功
[01:50:57 INF] 【直播间】23357926 的第 66 个心跳包发送成功
[01:50:58 INF] 【直播间】407149 的第 66 个心跳包发送成功
[01:50:59 INF] 【直播间】23040372 的第 66 个心跳包发送成功
[01:52:03 INF] 【直播间】23357926 的第 67 个心跳包发送成功
[01:52:04 INF] 【直播间】407149 的第 67 个心跳包发送成功
[01:52:06 INF] 【直播间】23040372 的第 67 个心跳包发送成功
[01:53:09 INF] 【直播间】23357926 的第 68 个心跳包发送成功
[01:53:11 INF] 【直播间】407149 的第 68 个心跳包发送成功
[01:53:12 INF] 【直播间】23040372 的第 68 个心跳包发送成功
[01:54:16 INF] 【直播间】23357926 的第 69 个心跳包发送成功
[01:54:17 INF] 【直播间】407149 的第 69 个心跳包发送成功
[01:54:18 INF] 【直播间】23040372 的第 69 个心跳包发送成功
[01:55:22 INF] 【直播间】23357926 的第 70 个心跳包发送成功
[01:55:23 INF] 【直播间】407149 的第 70 个心跳包发送成功
[01:55:25 INF] 【直播间】23040372 的第 70 个心跳包发送成功
[01:55:25 INF] 【直播观看时长】完成情况：3/3 
[01:55:25 INF] ---------结束---------

[01:55:25 INF] ==========结束==========

[01:55:25 INF] ######### 账号 2 #########

[01:55:25 INF] =====开始 直播间互动 =====

[01:55:25 INF] ---开始 发送弹幕 ---
[01:55:25 INF] 检测到直播 Cookie 未正确配置，尝试自动配置中...
[01:55:28 INF] 直播 Cookie 配置成功！
[01:55:28 INF] 【获取直播列表】获取拥有粉丝牌的直播列表
[01:55:32 INF] 【主播】Mark陌枫 
[01:55:43 INF] 【主播】苏打baka 
[01:55:56 INF] 【直播间】Mark陌枫
[01:55:56 INF] 【粉丝牌】馬楓
[01:55:56 INF] 正在发送弹幕...
[01:56:01 INF] 【直播间】苏打baka
[01:56:01 INF] 【粉丝牌】碳酸钠
[01:56:01 INF] 正在发送弹幕...
[01:56:06 INF] -------结束-------

[01:56:06 INF] ---开始 点赞直播间 ---
[01:56:06 INF] 【获取直播列表】获取拥有粉丝牌的直播列表
[01:56:08 INF] 【弹幕发送】成功~，你和主播 Mark陌枫 的亲密值增加了100！
[01:56:10 INF] 【弹幕发送】成功~，你和主播 苏打baka 的亲密值增加了100！
[01:56:12 INF] 【主播】Mark陌枫 
[01:56:26 INF] 【主播】苏打baka 
[01:56:42 INF] 【点赞直播间】23357926 完成
[01:56:47 INF] --------结束--------

[01:56:47 INF] ---开始 直播时长挂机 ---
[01:56:47 INF] 【获取直播列表】获取拥有粉丝牌的直播列表
[01:56:47 INF] 【点赞直播间】23040372 完成
[01:56:52 INF] 【主播】Mark陌枫 
[01:57:06 INF] 【主播】苏打baka 
[01:57:15 INF] 【直播间】23357926 的第 1 个心跳包发送成功
[01:57:16 INF] 【直播间】23040372 的第 1 个心跳包发送成功
[01:58:21 INF] 【直播间】23357926 的第 2 个心跳包发送成功
[01:58:23 INF] 【直播间】23040372 的第 2 个心跳包发送成功
[01:59:28 INF] 【直播间】23357926 的第 3 个心跳包发送成功
[01:59:29 INF] 【直播间】23040372 的第 3 个心跳包发送成功
[02:00:34 INF] 【直播间】23357926 的第 4 个心跳包发送成功
[02:00:35 INF] 【直播间】23040372 的第 4 个心跳包发送成功
[02:01:40 INF] 【直播间】23357926 的第 5 个心跳包发送成功
[02:01:42 INF] 【直播间】23040372 的第 5 个心跳包发送成功
[02:02:47 INF] 【直播间】23357926 的第 6 个心跳包发送成功
[02:02:48 INF] 【直播间】23040372 的第 6 个心跳包发送成功
[02:03:53 INF] 【直播间】23357926 的第 7 个心跳包发送成功
[02:03:54 INF] 【直播间】23040372 的第 7 个心跳包发送成功
[02:05:00 INF] 【直播间】23357926 的第 8 个心跳包发送成功
[02:05:01 INF] 【直播间】23040372 的第 8 个心跳包发送成功
[02:06:06 INF] 【直播间】23357926 的第 9 个心跳包发送成功
[02:06:07 INF] 【直播间】23040372 的第 9 个心跳包发送成功
[02:07:13 INF] 【直播间】23357926 的第 10 个心跳包发送成功
[02:07:14 INF] 【直播间】23040372 的第 10 个心跳包发送成功
[02:08:19 INF] 【直播间】23357926 的第 11 个心跳包发送成功
[02:08:20 INF] 【直播间】23040372 的第 11 个心跳包发送成功
[02:09:25 INF] 【直播间】23357926 的第 12 个心跳包发送成功
[02:09:26 INF] 【直播间】23040372 的第 12 个心跳包发送成功
[02:10:31 INF] 【直播间】23357926 的第 13 个心跳包发送成功
[02:10:33 INF] 【直播间】23040372 的第 13 个心跳包发送成功
[02:11:38 INF] 【直播间】23357926 的第 14 个心跳包发送成功
[02:11:39 INF] 【直播间】23040372 的第 14 个心跳包发送成功
[02:12:44 INF] 【直播间】23357926 的第 15 个心跳包发送成功
[02:12:45 INF] 【直播间】23040372 的第 15 个心跳包发送成功
[02:13:51 ERR] 【心跳包】直播间 23357926 发送失败
[02:13:51 ERR] 【原因】time check failed
[02:13:52 ERR] 【心跳包】直播间 23040372 发送失败
[02:13:52 ERR] 【原因】time check failed
[02:14:57 INF] 【直播间】23357926 的第 16 个心跳包发送成功
[02:14:58 INF] 【直播间】23040372 的第 16 个心跳包发送成功
[02:16:03 INF] 【直播间】23357926 的第 17 个心跳包发送成功
[02:16:04 INF] 【直播间】23040372 的第 17 个心跳包发送成功
[02:17:10 INF] 【直播间】23357926 的第 18 个心跳包发送成功
[02:17:11 INF] 【直播间】23040372 的第 18 个心跳包发送成功
[02:18:16 INF] 【直播间】23357926 的第 19 个心跳包发送成功
[02:18:17 INF] 【直播间】23040372 的第 19 个心跳包发送成功
[02:19:22 INF] 【直播间】23357926 的第 20 个心跳包发送成功
[02:19:23 INF] 【直播间】23040372 的第 20 个心跳包发送成功
[02:20:29 INF] 【直播间】23357926 的第 21 个心跳包发送成功
[02:20:30 INF] 【直播间】23040372 的第 21 个心跳包发送成功
[02:21:35 INF] 【直播间】23357926 的第 22 个心跳包发送成功
[02:21:36 INF] 【直播间】23040372 的第 22 个心跳包发送成功
[02:22:41 INF] 【直播间】23357926 的第 23 个心跳包发送成功
[02:22:43 INF] 【直播间】23040372 的第 23 个心跳包发送成功
[02:23:48 INF] 【直播间】23357926 的第 24 个心跳包发送成功
[02:23:49 INF] 【直播间】23040372 的第 24 个心跳包发送成功
[02:24:54 INF] 【直播间】23357926 的第 25 个心跳包发送成功
[02:24:55 INF] 【直播间】23040372 的第 25 个心跳包发送成功
[02:26:00 INF] 【直播间】23357926 的第 26 个心跳包发送成功
[02:26:02 INF] 【直播间】23040372 的第 26 个心跳包发送成功
[02:27:06 INF] 【直播间】23357926 的第 27 个心跳包发送成功
[02:27:08 INF] 【直播间】23040372 的第 27 个心跳包发送成功
[02:28:13 INF] 【直播间】23357926 的第 28 个心跳包发送成功
[02:28:14 INF] 【直播间】23040372 的第 28 个心跳包发送成功
[02:29:19 INF] 【直播间】23357926 的第 29 个心跳包发送成功
[02:29:20 INF] 【直播间】23040372 的第 29 个心跳包发送成功
[02:30:25 ERR] 【心跳包】直播间 23357926 发送失败
[02:30:25 ERR] 【原因】time check failed
[02:30:27 ERR] 【心跳包】直播间 23040372 发送失败
[02:30:27 ERR] 【原因】time check failed
[02:31:32 INF] 【直播间】23357926 的第 30 个心跳包发送成功
[02:31:33 INF] 【直播间】23040372 的第 30 个心跳包发送成功
[02:32:38 INF] 【直播间】23357926 的第 31 个心跳包发送成功
[02:32:40 INF] 【直播间】23040372 的第 31 个心跳包发送成功
[02:33:45 INF] 【直播间】23357926 的第 32 个心跳包发送成功
[02:33:46 INF] 【直播间】23040372 的第 32 个心跳包发送成功
[02:34:51 INF] 【直播间】23357926 的第 33 个心跳包发送成功
[02:34:52 INF] 【直播间】23040372 的第 33 个心跳包发送成功
[02:35:58 INF] 【直播间】23357926 的第 34 个心跳包发送成功
[02:35:59 INF] 【直播间】23040372 的第 34 个心跳包发送成功
[02:37:04 INF] 【直播间】23357926 的第 35 个心跳包发送成功
[02:37:05 INF] 【直播间】23040372 的第 35 个心跳包发送成功
[02:38:10 INF] 【直播间】23357926 的第 36 个心跳包发送成功
[02:38:11 INF] 【直播间】23040372 的第 36 个心跳包发送成功
[02:39:17 INF] 【直播间】23357926 的第 37 个心跳包发送成功
[02:39:18 INF] 【直播间】23040372 的第 37 个心跳包发送成功
[02:40:23 INF] 【直播间】23357926 的第 38 个心跳包发送成功
[02:40:24 INF] 【直播间】23040372 的第 38 个心跳包发送成功
[02:41:29 INF] 【直播间】23357926 的第 39 个心跳包发送成功
[02:41:31 INF] 【直播间】23040372 的第 39 个心跳包发送成功
[02:42:36 INF] 【直播间】23357926 的第 40 个心跳包发送成功
[02:42:37 INF] 【直播间】23040372 的第 40 个心跳包发送成功
[02:43:42 INF] 【直播间】23357926 的第 41 个心跳包发送成功
[02:43:43 INF] 【直播间】23040372 的第 41 个心跳包发送成功
[02:44:49 INF] 【直播间】23357926 的第 42 个心跳包发送成功
[02:44:50 INF] 【直播间】23040372 的第 42 个心跳包发送成功
[02:45:55 INF] 【直播间】23357926 的第 43 个心跳包发送成功
[02:45:56 INF] 【直播间】23040372 的第 43 个心跳包发送成功
[02:47:01 ERR] 【心跳包】直播间 23357926 发送失败
[02:47:01 ERR] 【原因】time check failed
[02:47:02 ERR] 【心跳包】直播间 23040372 发送失败
[02:47:02 ERR] 【原因】time check failed
[02:48:07 INF] 【直播间】23357926 的第 44 个心跳包发送成功
[02:48:09 INF] 【直播间】23040372 的第 44 个心跳包发送成功
[02:49:14 INF] 【直播间】23357926 的第 45 个心跳包发送成功
[02:49:15 INF] 【直播间】23040372 的第 45 个心跳包发送成功
[02:50:20 INF] 【直播间】23357926 的第 46 个心跳包发送成功
[02:50:21 INF] 【直播间】23040372 的第 46 个心跳包发送成功
[02:51:26 INF] 【直播间】23357926 的第 47 个心跳包发送成功
[02:51:28 INF] 【直播间】23040372 的第 47 个心跳包发送成功
[02:52:33 INF] 【直播间】23357926 的第 48 个心跳包发送成功
[02:52:34 INF] 【直播间】23040372 的第 48 个心跳包发送成功
[02:53:39 INF] 【直播间】23357926 的第 49 个心跳包发送成功
[02:53:40 INF] 【直播间】23040372 的第 49 个心跳包发送成功
[02:54:45 INF] 【直播间】23357926 的第 50 个心跳包发送成功
[02:54:46 INF] 【直播间】23040372 的第 50 个心跳包发送成功
[02:55:52 INF] 【直播间】23357926 的第 51 个心跳包发送成功
[02:55:53 INF] 【直播间】23040372 的第 51 个心跳包发送成功
[02:56:58 INF] 【直播间】23357926 的第 52 个心跳包发送成功
[02:56:59 INF] 【直播间】23040372 的第 52 个心跳包发送成功
[02:58:05 INF] 【直播间】23357926 的第 53 个心跳包发送成功
[02:58:06 INF] 【直播间】23040372 的第 53 个心跳包发送成功
[02:59:11 INF] 【直播间】23357926 的第 54 个心跳包发送成功
[02:59:12 INF] 【直播间】23040372 的第 54 个心跳包发送成功
[03:00:17 INF] 【直播间】23357926 的第 55 个心跳包发送成功
[03:00:19 INF] 【直播间】23040372 的第 55 个心跳包发送成功
[03:01:24 INF] 【直播间】23357926 的第 56 个心跳包发送成功
[03:01:25 INF] 【直播间】23040372 的第 56 个心跳包发送成功
[03:02:30 INF] 【直播间】23357926 的第 57 个心跳包发送成功
[03:02:31 INF] 【直播间】23040372 的第 57 个心跳包发送成功
[03:03:36 ERR] 【心跳包】直播间 23357926 发送失败
[03:03:36 ERR] 【原因】time check failed
[03:03:38 ERR] 【心跳包】直播间 23040372 发送失败
[03:03:38 ERR] 【原因】time check failed
[03:04:43 INF] 【直播间】23357926 的第 58 个心跳包发送成功
[03:04:44 INF] 【直播间】23040372 的第 58 个心跳包发送成功
[03:05:49 INF] 【直播间】23357926 的第 59 个心跳包发送成功
[03:05:51 INF] 【直播间】23040372 的第 59 个心跳包发送成功
[03:06:56 INF] 【直播间】23357926 的第 60 个心跳包发送成功
[03:06:57 INF] 【直播间】23040372 的第 60 个心跳包发送成功
[03:08:02 INF] 【直播间】23357926 的第 61 个心跳包发送成功
[03:08:04 INF] 【直播间】23040372 的第 61 个心跳包发送成功
[03:09:09 INF] 【直播间】23357926 的第 62 个心跳包发送成功
[03:09:10 INF] 【直播间】23040372 的第 62 个心跳包发送成功
[03:10:15 INF] 【直播间】23357926 的第 63 个心跳包发送成功
[03:10:16 INF] 【直播间】23040372 的第 63 个心跳包发送成功
[03:11:21 INF] 【直播间】23357926 的第 64 个心跳包发送成功
[03:11:22 INF] 【直播间】23040372 的第 64 个心跳包发送成功
[03:12:28 INF] 【直播间】23357926 的第 65 个心跳包发送成功
[03:12:29 INF] 【直播间】23040372 的第 65 个心跳包发送成功
[03:13:34 INF] 【直播间】23357926 的第 66 个心跳包发送成功
[03:13:35 INF] 【直播间】23040372 的第 66 个心跳包发送成功
[03:14:40 INF] 【直播间】23357926 的第 67 个心跳包发送成功
[03:14:42 INF] 【直播间】23040372 的第 67 个心跳包发送成功
[03:15:47 INF] 【直播间】23357926 的第 68 个心跳包发送成功
[03:15:48 INF] 【直播间】23040372 的第 68 个心跳包发送成功
[03:16:53 INF] 【直播间】23357926 的第 69 个心跳包发送成功
[03:16:54 INF] 【直播间】23040372 的第 69 个心跳包发送成功
[03:17:59 INF] 【直播间】23357926 的第 70 个心跳包发送成功
[03:18:00 INF] 【直播间】23040372 的第 70 个心跳包发送成功
[03:18:00 INF] 【直播观看时长】完成情况：2/2 
[03:18:00 INF] ---------结束---------

[03:18:00 INF] ==========结束==========

[03:18:00 INF] ######### 账号 3 #########

[03:18:00 INF] =====开始 直播间互动 =====

[03:18:00 INF] ---开始 发送弹幕 ---
[03:18:00 INF] 检测到直播 Cookie 未正确配置，尝试自动配置中...
[03:18:08 INF] 直播 Cookie 配置成功！
[03:18:08 INF] 【获取直播列表】获取拥有粉丝牌的直播列表
[03:18:15 INF] 【主播】苏打baka 
[03:18:23 INF] 【直播间】苏打baka
[03:18:23 INF] 【粉丝牌】碳酸钠
[03:18:23 INF] 正在发送弹幕...
[03:18:27 INF] -------结束-------

[03:18:27 INF] ---开始 点赞直播间 ---
[03:18:27 INF] 【获取直播列表】获取拥有粉丝牌的直播列表
[03:18:31 INF] 【主播】苏打baka 
[03:18:33 INF] 【弹幕发送】成功~，你和主播 苏打baka 的亲密值增加了100！
[03:18:48 INF] --------结束--------

[03:18:48 INF] ---开始 直播时长挂机 ---
[03:18:48 INF] 【获取直播列表】获取拥有粉丝牌的直播列表
[03:18:49 INF] 【点赞直播间】23040372 完成
[03:18:54 INF] 【主播】苏打baka 
[03:19:07 INF] 【直播间】23040372 的第 1 个心跳包发送成功
[03:20:14 INF] 【直播间】23040372 的第 2 个心跳包发送成功
[03:21:20 INF] 【直播间】23040372 的第 3 个心跳包发送成功
[03:22:27 INF] 【直播间】23040372 的第 4 个心跳包发送成功
[03:23:33 INF] 【直播间】23040372 的第 5 个心跳包发送成功
[03:24:39 INF] 【直播间】23040372 的第 6 个心跳包发送成功
[03:25:46 INF] 【直播间】23040372 的第 7 个心跳包发送成功
[03:26:52 INF] 【直播间】23040372 的第 8 个心跳包发送成功
[03:27:58 INF] 【直播间】23040372 的第 9 个心跳包发送成功
[03:29:05 INF] 【直播间】23040372 的第 10 个心跳包发送成功
[03:30:11 INF] 【直播间】23040372 的第 11 个心跳包发送成功
[03:31:17 INF] 【直播间】23040372 的第 12 个心跳包发送成功
[03:32:23 INF] 【直播间】23040372 的第 13 个心跳包发送成功
[03:33:30 INF] 【直播间】23040372 的第 14 个心跳包发送成功
[03:34:36 INF] 【直播间】23040372 的第 15 个心跳包发送成功
[03:35:43 ERR] 【心跳包】直播间 23040372 发送失败
[03:35:43 ERR] 【原因】time check failed
[03:36:49 INF] 【直播间】23040372 的第 16 个心跳包发送成功
[03:37:56 INF] 【直播间】23040372 的第 17 个心跳包发送成功
[03:39:02 INF] 【直播间】23040372 的第 18 个心跳包发送成功
[03:40:09 INF] 【直播间】23040372 的第 19 个心跳包发送成功
[03:41:15 INF] 【直播间】23040372 的第 20 个心跳包发送成功
[03:42:21 INF] 【直播间】23040372 的第 21 个心跳包发送成功
[03:43:28 INF] 【直播间】23040372 的第 22 个心跳包发送成功
[03:44:34 INF] 【直播间】23040372 的第 23 个心跳包发送成功
[03:45:40 INF] 【直播间】23040372 的第 24 个心跳包发送成功
[03:46:47 INF] 【直播间】23040372 的第 25 个心跳包发送成功
[03:47:53 INF] 【直播间】23040372 的第 26 个心跳包发送成功
[03:48:59 INF] 【直播间】23040372 的第 27 个心跳包发送成功
[03:50:06 INF] 【直播间】23040372 的第 28 个心跳包发送成功
[03:51:12 INF] 【直播间】23040372 的第 29 个心跳包发送成功
[03:52:18 ERR] 【心跳包】直播间 23040372 发送失败
[03:52:18 ERR] 【原因】time check failed
[03:53:25 INF] 【直播间】23040372 的第 30 个心跳包发送成功
[03:54:31 INF] 【直播间】23040372 的第 31 个心跳包发送成功
[03:55:37 INF] 【直播间】23040372 的第 32 个心跳包发送成功
[03:56:44 INF] 【直播间】23040372 的第 33 个心跳包发送成功
[03:57:50 INF] 【直播间】23040372 的第 34 个心跳包发送成功
[03:58:56 INF] 【直播间】23040372 的第 35 个心跳包发送成功
[04:00:03 INF] 【直播间】23040372 的第 36 个心跳包发送成功
[04:01:09 INF] 【直播间】23040372 的第 37 个心跳包发送成功
[04:02:16 INF] 【直播间】23040372 的第 38 个心跳包发送成功
[04:03:22 INF] 【直播间】23040372 的第 39 个心跳包发送成功
[04:04:28 INF] 【直播间】23040372 的第 40 个心跳包发送成功
[04:05:34 INF] 【直播间】23040372 的第 41 个心跳包发送成功
[04:06:41 INF] 【直播间】23040372 的第 42 个心跳包发送成功
[04:07:47 INF] 【直播间】23040372 的第 43 个心跳包发送成功
[04:08:53 ERR] 【心跳包】直播间 23040372 发送失败
[04:08:53 ERR] 【原因】time check failed
[04:10:00 INF] 【直播间】23040372 的第 44 个心跳包发送成功
[04:11:06 INF] 【直播间】23040372 的第 45 个心跳包发送成功
[04:12:12 INF] 【直播间】23040372 的第 46 个心跳包发送成功
[04:13:19 INF] 【直播间】23040372 的第 47 个心跳包发送成功
[04:14:25 INF] 【直播间】23040372 的第 48 个心跳包发送成功
[04:15:32 INF] 【直播间】23040372 的第 49 个心跳包发送成功
[04:16:38 INF] 【直播间】23040372 的第 50 个心跳包发送成功
[04:17:44 INF] 【直播间】23040372 的第 51 个心跳包发送成功
[04:18:51 INF] 【直播间】23040372 的第 52 个心跳包发送成功
[04:19:57 INF] 【直播间】23040372 的第 53 个心跳包发送成功
[04:21:03 INF] 【直播间】23040372 的第 54 个心跳包发送成功
[04:22:10 INF] 【直播间】23040372 的第 55 个心跳包发送成功
[04:23:16 INF] 【直播间】23040372 的第 56 个心跳包发送成功
[04:24:22 INF] 【直播间】23040372 的第 57 个心跳包发送成功
[04:25:29 ERR] 【心跳包】直播间 23040372 发送失败
[04:25:29 ERR] 【原因】time check failed
[04:26:35 INF] 【直播间】23040372 的第 58 个心跳包发送成功
[04:27:41 INF] 【直播间】23040372 的第 59 个心跳包发送成功
[04:28:48 INF] 【直播间】23040372 的第 60 个心跳包发送成功
[04:29:54 INF] 【直播间】23040372 的第 61 个心跳包发送成功
[04:31:01 INF] 【直播间】23040372 的第 62 个心跳包发送成功
[04:32:07 INF] 【直播间】23040372 的第 63 个心跳包发送成功
[04:33:13 INF] 【直播间】23040372 的第 64 个心跳包发送成功
[04:34:19 INF] 【直播间】23040372 的第 65 个心跳包发送成功
[04:35:26 INF] 【直播间】23040372 的第 66 个心跳包发送成功
[04:36:32 INF] 【直播间】23040372 的第 67 个心跳包发送成功
[04:37:39 INF] 【直播间】23040372 的第 68 个心跳包发送成功
[04:38:45 INF] 【直播间】23040372 的第 69 个心跳包发送成功
[04:39:51 INF] 【直播间】23040372 的第 70 个心跳包发送成功
[04:39:51 INF] 【直播观看时长】完成情况：1/1 
[04:39:51 INF] ---------结束---------

[04:39:51 INF] ==========结束==========

[04:39:51 INF] 

========================

 v1.0.3 开源 by https://github.com/RayWangQvQ/BiliBiliToolPro

[04:39:51 INF] ·开始推送·LiveFansMedal任务·
2023-05-02T20:39:51.5675811Z 开始推送到:PushPlus
2023-05-02T20:39:52.6126113Z Response status: OK.
2023-05-02T20:39:52.6126527Z Response content: {"code":200,"msg":"请求成功","data":"875cf1b7ec7b4acfb45ec91e7cf65ed5","count":null}.

[04:39:52 INF] 运行环境：Development
[04:39:52 INF] 应用目录：/home/runner/work/BiliBiliToolPro/BiliBiliToolPro/src/Ray.BiliBiliTool.Console/bin/Debug/net6.0/

[04:39:52 INF] 运行结束
