  ____               ____    _   _____           _  
 |  _ \ __ _ _   _  | __ ) _| |_|_   _|__   ___ | | 
 | |_) / _` | | | | |  _ \(_) (_) | |/ _ \ / _ \| | 
 |  _ < (_| | |_| | | |_) | | | | | | (_) | (_) | | 
 |_| \_\__,_|\__, | |____/|_|_|_| |_|\___/ \___/|_| 
             |___/                                  

[00:29:56 INF] BiliBiliToolPro 开始运行...

[00:29:56 INF] 【账号个数】3个

[00:29:56 INF] 随机休眠5分钟

[00:34:56 INF] 【目标任务】LiveFansMedal
[00:34:56 INF] ######### 账号 1 #########

[00:34:56 INF] =====开始 直播间互动 =====

[00:34:56 INF] ---开始 发送弹幕 ---
[00:34:57 INF] 检测到直播 Cookie 未正确配置，尝试自动配置中...
[00:35:01 INF] 直播 Cookie 配置成功！
[00:35:01 INF] 【获取直播列表】获取拥有粉丝牌的直播列表
[00:35:05 INF] 【主播】Mark陌枫 
[00:35:15 INF] 【主播】KL_qiqi_ 
[00:35:28 INF] 【主播】苏打baka 
[00:35:39 INF] 【直播间】Mark陌枫
[00:35:39 INF] 【粉丝牌】馬楓
[00:35:39 INF] 正在发送弹幕...
[00:35:46 INF] 【直播间】KL_qiqi_
[00:35:46 INF] 【粉丝牌】qiqisb
[00:35:46 INF] 正在发送弹幕...
[00:35:50 INF] 【弹幕发送】成功~，你和主播 Mark陌枫 的亲密值增加了100！
[00:35:52 INF] 【直播间】苏打baka
[00:35:52 INF] 【粉丝牌】碳酸钠
[00:35:52 INF] 正在发送弹幕...
[00:35:56 INF] -------结束-------

[00:35:56 INF] ---开始 点赞直播间 ---
[00:35:56 INF] 【获取直播列表】获取拥有粉丝牌的直播列表
[00:35:59 INF] 【弹幕发送】成功~，你和主播 KL_qiqi_ 的亲密值增加了100！
[00:36:02 INF] 【主播】Mark陌枫 
[00:36:02 INF] 【弹幕发送】成功~，你和主播 苏打baka 的亲密值增加了100！
[00:36:14 INF] 【主播】KL_qiqi_ 
[00:36:26 INF] 【主播】苏打baka 
[00:36:37 INF] 【点赞直播间】23357926 完成
[00:36:44 INF] 【点赞直播间】407149 完成
[00:36:46 INF] --------结束--------

[00:36:46 INF] ---开始 直播时长挂机 ---
[00:36:46 INF] 【获取直播列表】获取拥有粉丝牌的直播列表
[00:36:47 INF] 【点赞直播间】23040372 完成
[00:36:53 INF] 【主播】Mark陌枫 
[00:37:02 INF] 【主播】KL_qiqi_ 
[00:37:11 INF] 【主播】苏打baka 
[00:37:24 INF] 【直播间】23357926 的第 1 个心跳包发送成功
[00:37:25 INF] 【直播间】407149 的第 1 个心跳包发送成功
[00:37:26 INF] 【直播间】23040372 的第 1 个心跳包发送成功
[00:38:30 INF] 【直播间】23357926 的第 2 个心跳包发送成功
[00:38:31 INF] 【直播间】407149 的第 2 个心跳包发送成功
[00:38:33 INF] 【直播间】23040372 的第 2 个心跳包发送成功
[00:39:37 INF] 【直播间】23357926 的第 3 个心跳包发送成功
[00:39:38 INF] 【直播间】407149 的第 3 个心跳包发送成功
[00:39:39 INF] 【直播间】23040372 的第 3 个心跳包发送成功
[00:40:43 INF] 【直播间】23357926 的第 4 个心跳包发送成功
[00:40:44 INF] 【直播间】407149 的第 4 个心跳包发送成功
[00:40:46 INF] 【直播间】23040372 的第 4 个心跳包发送成功
[00:41:50 INF] 【直播间】23357926 的第 5 个心跳包发送成功
[00:41:51 INF] 【直播间】407149 的第 5 个心跳包发送成功
[00:41:53 INF] 【直播间】23040372 的第 5 个心跳包发送成功
[00:42:56 INF] 【直播间】23357926 的第 6 个心跳包发送成功
[00:42:57 INF] 【直播间】407149 的第 6 个心跳包发送成功
[00:42:59 INF] 【直播间】23040372 的第 6 个心跳包发送成功
[00:44:03 INF] 【直播间】23357926 的第 7 个心跳包发送成功
[00:44:04 INF] 【直播间】407149 的第 7 个心跳包发送成功
[00:44:05 INF] 【直播间】23040372 的第 7 个心跳包发送成功
[00:45:09 INF] 【直播间】23357926 的第 8 个心跳包发送成功
[00:45:10 INF] 【直播间】407149 的第 8 个心跳包发送成功
[00:45:11 INF] 【直播间】23040372 的第 8 个心跳包发送成功
[00:46:16 INF] 【直播间】23357926 的第 9 个心跳包发送成功
[00:46:17 INF] 【直播间】407149 的第 9 个心跳包发送成功
[00:46:18 INF] 【直播间】23040372 的第 9 个心跳包发送成功
[00:47:22 INF] 【直播间】23357926 的第 10 个心跳包发送成功
[00:47:23 INF] 【直播间】407149 的第 10 个心跳包发送成功
[00:47:24 INF] 【直播间】23040372 的第 10 个心跳包发送成功
[00:48:28 INF] 【直播间】23357926 的第 11 个心跳包发送成功
[00:48:30 INF] 【直播间】407149 的第 11 个心跳包发送成功
[00:48:31 INF] 【直播间】23040372 的第 11 个心跳包发送成功
[00:49:35 INF] 【直播间】23357926 的第 12 个心跳包发送成功
[00:49:36 INF] 【直播间】407149 的第 12 个心跳包发送成功
[00:49:37 INF] 【直播间】23040372 的第 12 个心跳包发送成功
[00:50:41 INF] 【直播间】23357926 的第 13 个心跳包发送成功
[00:50:42 INF] 【直播间】407149 的第 13 个心跳包发送成功
[00:50:44 INF] 【直播间】23040372 的第 13 个心跳包发送成功
[00:51:48 INF] 【直播间】23357926 的第 14 个心跳包发送成功
[00:51:49 INF] 【直播间】407149 的第 14 个心跳包发送成功
[00:51:51 INF] 【直播间】23040372 的第 14 个心跳包发送成功
[00:52:54 INF] 【直播间】23357926 的第 15 个心跳包发送成功
[00:52:56 ERR] 【心跳包】直播间 407149 发送失败
[00:52:56 ERR] 【原因】time check failed
[00:52:57 ERR] 【心跳包】直播间 23040372 发送失败
[00:52:57 ERR] 【原因】time check failed
[00:54:01 ERR] 【心跳包】直播间 23357926 发送失败
[00:54:01 ERR] 【原因】time check failed
[00:54:02 INF] 【直播间】407149 的第 15 个心跳包发送成功
[00:54:03 INF] 【直播间】23040372 的第 15 个心跳包发送成功
[00:55:07 INF] 【直播间】23357926 的第 16 个心跳包发送成功
[00:55:09 INF] 【直播间】407149 的第 16 个心跳包发送成功
[00:55:10 INF] 【直播间】23040372 的第 16 个心跳包发送成功
[00:56:14 INF] 【直播间】23357926 的第 17 个心跳包发送成功
[00:56:15 INF] 【直播间】407149 的第 17 个心跳包发送成功
[00:56:16 INF] 【直播间】23040372 的第 17 个心跳包发送成功
[00:57:20 INF] 【直播间】23357926 的第 18 个心跳包发送成功
[00:57:21 INF] 【直播间】407149 的第 18 个心跳包发送成功
[00:57:23 INF] 【直播间】23040372 的第 18 个心跳包发送成功
[00:58:27 INF] 【直播间】23357926 的第 19 个心跳包发送成功
[00:58:28 INF] 【直播间】407149 的第 19 个心跳包发送成功
[00:58:29 INF] 【直播间】23040372 的第 19 个心跳包发送成功
[00:59:33 INF] 【直播间】23357926 的第 20 个心跳包发送成功
[00:59:34 INF] 【直播间】407149 的第 20 个心跳包发送成功
[00:59:36 INF] 【直播间】23040372 的第 20 个心跳包发送成功
[01:00:40 INF] 【直播间】23357926 的第 21 个心跳包发送成功
[01:00:41 INF] 【直播间】407149 的第 21 个心跳包发送成功
[01:00:42 INF] 【直播间】23040372 的第 21 个心跳包发送成功
[01:01:46 INF] 【直播间】23357926 的第 22 个心跳包发送成功
[01:01:47 INF] 【直播间】407149 的第 22 个心跳包发送成功
[01:01:49 INF] 【直播间】23040372 的第 22 个心跳包发送成功
[01:02:53 INF] 【直播间】23357926 的第 23 个心跳包发送成功
[01:02:54 INF] 【直播间】407149 的第 23 个心跳包发送成功
[01:02:55 INF] 【直播间】23040372 的第 23 个心跳包发送成功
[01:03:59 INF] 【直播间】23357926 的第 24 个心跳包发送成功
[01:04:00 INF] 【直播间】407149 的第 24 个心跳包发送成功
[01:04:02 INF] 【直播间】23040372 的第 24 个心跳包发送成功
[01:05:06 INF] 【直播间】23357926 的第 25 个心跳包发送成功
[01:05:07 INF] 【直播间】407149 的第 25 个心跳包发送成功
[01:05:08 INF] 【直播间】23040372 的第 25 个心跳包发送成功
[01:06:12 INF] 【直播间】23357926 的第 26 个心跳包发送成功
[01:06:13 INF] 【直播间】407149 的第 26 个心跳包发送成功
[01:06:15 INF] 【直播间】23040372 的第 26 个心跳包发送成功
[01:07:19 INF] 【直播间】23357926 的第 27 个心跳包发送成功
[01:07:20 INF] 【直播间】407149 的第 27 个心跳包发送成功
[01:07:21 INF] 【直播间】23040372 的第 27 个心跳包发送成功
[01:08:25 INF] 【直播间】23357926 的第 28 个心跳包发送成功
[01:08:26 INF] 【直播间】407149 的第 28 个心跳包发送成功
[01:08:28 ERR] 【心跳包】直播间 23040372 发送失败
[01:08:28 ERR] 【原因】time check failed
[01:09:32 ERR] 【心跳包】直播间 23357926 发送失败
[01:09:32 ERR] 【原因】time check failed
[01:09:33 ERR] 【心跳包】直播间 407149 发送失败
[01:09:33 ERR] 【原因】time check failed
[01:09:34 INF] 【直播间】23040372 的第 28 个心跳包发送成功
[01:10:38 INF] 【直播间】23357926 的第 29 个心跳包发送成功
[01:10:39 INF] 【直播间】407149 的第 29 个心跳包发送成功
[01:10:41 INF] 【直播间】23040372 的第 29 个心跳包发送成功
[01:11:45 INF] 【直播间】23357926 的第 30 个心跳包发送成功
[01:11:46 INF] 【直播间】407149 的第 30 个心跳包发送成功
[01:11:47 INF] 【直播间】23040372 的第 30 个心跳包发送成功
[01:12:51 INF] 【直播间】23357926 的第 31 个心跳包发送成功
[01:12:52 INF] 【直播间】407149 的第 31 个心跳包发送成功
[01:12:54 INF] 【直播间】23040372 的第 31 个心跳包发送成功
[01:13:58 INF] 【直播间】23357926 的第 32 个心跳包发送成功
[01:13:59 INF] 【直播间】407149 的第 32 个心跳包发送成功
[01:14:00 INF] 【直播间】23040372 的第 32 个心跳包发送成功
[01:15:04 INF] 【直播间】23357926 的第 33 个心跳包发送成功
[01:15:05 INF] 【直播间】407149 的第 33 个心跳包发送成功
[01:15:06 INF] 【直播间】23040372 的第 33 个心跳包发送成功
[01:16:10 INF] 【直播间】23357926 的第 34 个心跳包发送成功
[01:16:12 INF] 【直播间】407149 的第 34 个心跳包发送成功
[01:16:13 INF] 【直播间】23040372 的第 34 个心跳包发送成功
[01:17:17 INF] 【直播间】23357926 的第 35 个心跳包发送成功
[01:17:18 INF] 【直播间】407149 的第 35 个心跳包发送成功
[01:17:19 INF] 【直播间】23040372 的第 35 个心跳包发送成功
[01:18:23 INF] 【直播间】23357926 的第 36 个心跳包发送成功
[01:18:24 INF] 【直播间】407149 的第 36 个心跳包发送成功
[01:18:26 INF] 【直播间】23040372 的第 36 个心跳包发送成功
[01:19:30 INF] 【直播间】23357926 的第 37 个心跳包发送成功
[01:19:31 INF] 【直播间】407149 的第 37 个心跳包发送成功
[01:19:33 INF] 【直播间】23040372 的第 37 个心跳包发送成功
[01:20:36 INF] 【直播间】23357926 的第 38 个心跳包发送成功
[01:20:38 INF] 【直播间】407149 的第 38 个心跳包发送成功
[01:20:39 INF] 【直播间】23040372 的第 38 个心跳包发送成功
[01:21:43 INF] 【直播间】23357926 的第 39 个心跳包发送成功
[01:21:44 INF] 【直播间】407149 的第 39 个心跳包发送成功
[01:21:45 INF] 【直播间】23040372 的第 39 个心跳包发送成功
[01:22:49 INF] 【直播间】23357926 的第 40 个心跳包发送成功
[01:22:50 INF] 【直播间】407149 的第 40 个心跳包发送成功
[01:22:52 INF] 【直播间】23040372 的第 40 个心跳包发送成功
[01:23:55 INF] 【直播间】23357926 的第 41 个心跳包发送成功
[01:23:57 INF] 【直播间】407149 的第 41 个心跳包发送成功
[01:23:58 INF] 【直播间】23040372 的第 41 个心跳包发送成功
[01:25:02 INF] 【直播间】23357926 的第 42 个心跳包发送成功
[01:25:03 INF] 【直播间】407149 的第 42 个心跳包发送成功
[01:25:04 ERR] 【心跳包】直播间 23040372 发送失败
[01:25:04 ERR] 【原因】time check failed
[01:26:08 ERR] 【心跳包】直播间 23357926 发送失败
[01:26:08 ERR] 【原因】time check failed
[01:26:10 ERR] 【心跳包】直播间 407149 发送失败
[01:26:10 ERR] 【原因】time check failed
[01:26:11 INF] 【直播间】23040372 的第 42 个心跳包发送成功
[01:27:15 INF] 【直播间】23357926 的第 43 个心跳包发送成功
[01:27:16 INF] 【直播间】407149 的第 43 个心跳包发送成功
[01:27:17 INF] 【直播间】23040372 的第 43 个心跳包发送成功
[01:28:21 INF] 【直播间】23357926 的第 44 个心跳包发送成功
[01:28:22 INF] 【直播间】407149 的第 44 个心跳包发送成功
[01:28:24 INF] 【直播间】23040372 的第 44 个心跳包发送成功
[01:29:28 INF] 【直播间】23357926 的第 45 个心跳包发送成功
[01:29:29 INF] 【直播间】407149 的第 45 个心跳包发送成功
[01:29:30 INF] 【直播间】23040372 的第 45 个心跳包发送成功
[01:30:34 INF] 【直播间】23357926 的第 46 个心跳包发送成功
[01:30:35 INF] 【直播间】407149 的第 46 个心跳包发送成功
[01:30:37 INF] 【直播间】23040372 的第 46 个心跳包发送成功
[01:31:41 INF] 【直播间】23357926 的第 47 个心跳包发送成功
[01:31:42 INF] 【直播间】407149 的第 47 个心跳包发送成功
[01:31:43 INF] 【直播间】23040372 的第 47 个心跳包发送成功
[01:32:47 INF] 【直播间】23357926 的第 48 个心跳包发送成功
[01:32:48 INF] 【直播间】407149 的第 48 个心跳包发送成功
[01:32:49 INF] 【直播间】23040372 的第 48 个心跳包发送成功
[01:33:53 INF] 【直播间】23357926 的第 49 个心跳包发送成功
[01:33:55 INF] 【直播间】407149 的第 49 个心跳包发送成功
[01:33:56 INF] 【直播间】23040372 的第 49 个心跳包发送成功
[01:35:00 INF] 【直播间】23357926 的第 50 个心跳包发送成功
[01:35:01 INF] 【直播间】407149 的第 50 个心跳包发送成功
[01:35:02 INF] 【直播间】23040372 的第 50 个心跳包发送成功
[01:36:06 INF] 【直播间】23357926 的第 51 个心跳包发送成功
[01:36:08 INF] 【直播间】407149 的第 51 个心跳包发送成功
[01:36:09 INF] 【直播间】23040372 的第 51 个心跳包发送成功
[01:37:13 INF] 【直播间】23357926 的第 52 个心跳包发送成功
[01:37:14 INF] 【直播间】407149 的第 52 个心跳包发送成功
[01:37:15 INF] 【直播间】23040372 的第 52 个心跳包发送成功
[01:38:19 INF] 【直播间】23357926 的第 53 个心跳包发送成功
[01:38:20 INF] 【直播间】407149 的第 53 个心跳包发送成功
[01:38:22 INF] 【直播间】23040372 的第 53 个心跳包发送成功
[01:39:26 INF] 【直播间】23357926 的第 54 个心跳包发送成功
[01:39:27 INF] 【直播间】407149 的第 54 个心跳包发送成功
[01:39:28 INF] 【直播间】23040372 的第 54 个心跳包发送成功
[01:40:32 INF] 【直播间】23357926 的第 55 个心跳包发送成功
[01:40:33 INF] 【直播间】407149 的第 55 个心跳包发送成功
[01:40:35 INF] 【直播间】23040372 的第 55 个心跳包发送成功
[01:41:39 ERR] 【心跳包】直播间 23357926 发送失败
[01:41:39 ERR] 【原因】time check failed
[01:41:40 ERR] 【心跳包】直播间 407149 发送失败
[01:41:40 ERR] 【原因】time check failed
[01:41:41 ERR] 【心跳包】直播间 23040372 发送失败
[01:41:41 ERR] 【原因】time check failed
[01:42:45 INF] 【直播间】23357926 的第 56 个心跳包发送成功
[01:42:46 INF] 【直播间】407149 的第 56 个心跳包发送成功
[01:42:47 INF] 【直播间】23040372 的第 56 个心跳包发送成功
[01:43:51 INF] 【直播间】23357926 的第 57 个心跳包发送成功
[01:43:53 INF] 【直播间】407149 的第 57 个心跳包发送成功
[01:43:54 INF] 【直播间】23040372 的第 57 个心跳包发送成功
[01:44:58 INF] 【直播间】23357926 的第 58 个心跳包发送成功
[01:44:59 INF] 【直播间】407149 的第 58 个心跳包发送成功
[01:45:00 INF] 【直播间】23040372 的第 58 个心跳包发送成功
[01:46:04 INF] 【直播间】23357926 的第 59 个心跳包发送成功
[01:46:05 INF] 【直播间】407149 的第 59 个心跳包发送成功
[01:46:07 INF] 【直播间】23040372 的第 59 个心跳包发送成功
[01:47:11 INF] 【直播间】23357926 的第 60 个心跳包发送成功
[01:47:12 INF] 【直播间】407149 的第 60 个心跳包发送成功
[01:47:13 INF] 【直播间】23040372 的第 60 个心跳包发送成功
[01:48:17 INF] 【直播间】23357926 的第 61 个心跳包发送成功
[01:48:19 INF] 【直播间】407149 的第 61 个心跳包发送成功
[01:48:20 INF] 【直播间】23040372 的第 61 个心跳包发送成功
[01:49:23 INF] 【直播间】23357926 的第 62 个心跳包发送成功
[01:49:25 INF] 【直播间】407149 的第 62 个心跳包发送成功
[01:49:26 INF] 【直播间】23040372 的第 62 个心跳包发送成功
[01:50:30 INF] 【直播间】23357926 的第 63 个心跳包发送成功
[01:50:31 INF] 【直播间】407149 的第 63 个心跳包发送成功
[01:50:32 INF] 【直播间】23040372 的第 63 个心跳包发送成功
[01:51:36 INF] 【直播间】23357926 的第 64 个心跳包发送成功
[01:51:38 INF] 【直播间】407149 的第 64 个心跳包发送成功
[01:51:39 INF] 【直播间】23040372 的第 64 个心跳包发送成功
[01:52:43 INF] 【直播间】23357926 的第 65 个心跳包发送成功
[01:52:44 INF] 【直播间】407149 的第 65 个心跳包发送成功
[01:52:46 INF] 【直播间】23040372 的第 65 个心跳包发送成功
[01:53:49 INF] 【直播间】23357926 的第 66 个心跳包发送成功
[01:53:51 INF] 【直播间】407149 的第 66 个心跳包发送成功
[01:53:52 INF] 【直播间】23040372 的第 66 个心跳包发送成功
[01:54:56 INF] 【直播间】23357926 的第 67 个心跳包发送成功
[01:54:57 INF] 【直播间】407149 的第 67 个心跳包发送成功
[01:54:58 INF] 【直播间】23040372 的第 67 个心跳包发送成功
[01:56:02 INF] 【直播间】23357926 的第 68 个心跳包发送成功
[01:56:04 INF] 【直播间】407149 的第 68 个心跳包发送成功
[01:56:05 INF] 【直播间】23040372 的第 68 个心跳包发送成功
[01:57:09 INF] 【直播间】23357926 的第 69 个心跳包发送成功
[01:57:10 INF] 【直播间】407149 的第 69 个心跳包发送成功
[01:57:11 INF] 【直播间】23040372 的第 69 个心跳包发送成功
[01:58:15 ERR] 【心跳包】直播间 23357926 发送失败
[01:58:15 ERR] 【原因】time check failed
[01:58:17 ERR] 【心跳包】直播间 407149 发送失败
[01:58:17 ERR] 【原因】time check failed
[01:58:18 ERR] 【心跳包】直播间 23040372 发送失败
[01:58:18 ERR] 【原因】time check failed
[01:59:22 INF] 【直播间】23357926 的第 70 个心跳包发送成功
[01:59:23 INF] 【直播间】407149 的第 70 个心跳包发送成功
[01:59:24 INF] 【直播间】23040372 的第 70 个心跳包发送成功
[01:59:24 INF] 【直播观看时长】完成情况：3/3 
[01:59:24 INF] ---------结束---------

[01:59:24 INF] ==========结束==========

[01:59:24 INF] ######### 账号 2 #########

[01:59:24 INF] =====开始 直播间互动 =====

[01:59:24 INF] ---开始 发送弹幕 ---
[01:59:24 INF] 检测到直播 Cookie 未正确配置，尝试自动配置中...
[01:59:28 INF] 直播 Cookie 配置成功！
[01:59:28 INF] 【获取直播列表】获取拥有粉丝牌的直播列表
[01:59:31 INF] 【主播】Mark陌枫 
[01:59:41 INF] 【主播】苏打baka 
[01:59:53 INF] 【直播间】Mark陌枫
[01:59:53 INF] 【粉丝牌】馬楓
[01:59:53 INF] 正在发送弹幕...
[01:59:57 INF] 【直播间】苏打baka
[01:59:57 INF] 【粉丝牌】碳酸钠
[01:59:57 INF] 正在发送弹幕...
[02:00:00 INF] -------结束-------

[02:00:00 INF] ---开始 点赞直播间 ---
[02:00:00 INF] 【获取直播列表】获取拥有粉丝牌的直播列表
[02:00:03 INF] 【弹幕发送】成功~，你和主播 Mark陌枫 的亲密值增加了100！
[02:00:03 INF] 【主播】Mark陌枫 
[02:00:04 INF] 【弹幕发送】成功~，你和主播 苏打baka 的亲密值增加了100！
[02:00:12 INF] 【主播】苏打baka 
[02:00:29 INF] 【点赞直播间】23357926 完成
[02:00:32 INF] --------结束--------

[02:00:32 INF] ---开始 直播时长挂机 ---
[02:00:32 INF] 【获取直播列表】获取拥有粉丝牌的直播列表
[02:00:33 INF] 【点赞直播间】23040372 完成
[02:00:40 INF] 【主播】Mark陌枫 
[02:00:51 INF] 【主播】苏打baka 
[02:01:01 INF] 【直播间】23357926 的第 1 个心跳包发送成功
[02:01:02 INF] 【直播间】23040372 的第 1 个心跳包发送成功
[02:02:07 INF] 【直播间】23357926 的第 2 个心跳包发送成功
[02:02:09 INF] 【直播间】23040372 的第 2 个心跳包发送成功
[02:03:14 INF] 【直播间】23357926 的第 3 个心跳包发送成功
[02:03:15 INF] 【直播间】23040372 的第 3 个心跳包发送成功
[02:04:20 INF] 【直播间】23357926 的第 4 个心跳包发送成功
[02:04:22 INF] 【直播间】23040372 的第 4 个心跳包发送成功
[02:05:27 INF] 【直播间】23357926 的第 5 个心跳包发送成功
[02:05:28 INF] 【直播间】23040372 的第 5 个心跳包发送成功
[02:06:33 INF] 【直播间】23357926 的第 6 个心跳包发送成功
[02:06:35 INF] 【直播间】23040372 的第 6 个心跳包发送成功
[02:07:39 INF] 【直播间】23357926 的第 7 个心跳包发送成功
[02:07:41 INF] 【直播间】23040372 的第 7 个心跳包发送成功
[02:08:46 INF] 【直播间】23357926 的第 8 个心跳包发送成功
[02:08:47 INF] 【直播间】23040372 的第 8 个心跳包发送成功
[02:09:52 INF] 【直播间】23357926 的第 9 个心跳包发送成功
[02:09:54 INF] 【直播间】23040372 的第 9 个心跳包发送成功
[02:10:59 INF] 【直播间】23357926 的第 10 个心跳包发送成功
[02:11:00 INF] 【直播间】23040372 的第 10 个心跳包发送成功
[02:12:05 INF] 【直播间】23357926 的第 11 个心跳包发送成功
[02:12:06 INF] 【直播间】23040372 的第 11 个心跳包发送成功
[02:13:12 INF] 【直播间】23357926 的第 12 个心跳包发送成功
[02:13:13 INF] 【直播间】23040372 的第 12 个心跳包发送成功
[02:14:18 INF] 【直播间】23357926 的第 13 个心跳包发送成功
[02:14:19 INF] 【直播间】23040372 的第 13 个心跳包发送成功
[02:15:25 INF] 【直播间】23357926 的第 14 个心跳包发送成功
[02:15:26 INF] 【直播间】23040372 的第 14 个心跳包发送成功
[02:16:31 INF] 【直播间】23357926 的第 15 个心跳包发送成功
[02:16:32 INF] 【直播间】23040372 的第 15 个心跳包发送成功
[02:17:37 ERR] 【心跳包】直播间 23357926 发送失败
[02:17:37 ERR] 【原因】time check failed
[02:17:38 ERR] 【心跳包】直播间 23040372 发送失败
[02:17:38 ERR] 【原因】time check failed
[02:18:44 INF] 【直播间】23357926 的第 16 个心跳包发送成功
[02:18:45 INF] 【直播间】23040372 的第 16 个心跳包发送成功
[02:19:50 INF] 【直播间】23357926 的第 17 个心跳包发送成功
[02:19:52 INF] 【直播间】23040372 的第 17 个心跳包发送成功
[02:20:57 INF] 【直播间】23357926 的第 18 个心跳包发送成功
[02:20:58 INF] 【直播间】23040372 的第 18 个心跳包发送成功
[02:22:03 INF] 【直播间】23357926 的第 19 个心跳包发送成功
[02:22:05 INF] 【直播间】23040372 的第 19 个心跳包发送成功
[02:23:10 INF] 【直播间】23357926 的第 20 个心跳包发送成功
[02:23:11 INF] 【直播间】23040372 的第 20 个心跳包发送成功
[02:24:16 INF] 【直播间】23357926 的第 21 个心跳包发送成功
[02:24:18 INF] 【直播间】23040372 的第 21 个心跳包发送成功
[02:25:23 INF] 【直播间】23357926 的第 22 个心跳包发送成功
[02:25:24 INF] 【直播间】23040372 的第 22 个心跳包发送成功
[02:26:29 INF] 【直播间】23357926 的第 23 个心跳包发送成功
[02:26:30 INF] 【直播间】23040372 的第 23 个心跳包发送成功
[02:27:36 INF] 【直播间】23357926 的第 24 个心跳包发送成功
[02:27:37 INF] 【直播间】23040372 的第 24 个心跳包发送成功
[02:28:42 INF] 【直播间】23357926 的第 25 个心跳包发送成功
[02:28:43 INF] 【直播间】23040372 的第 25 个心跳包发送成功
[02:29:48 INF] 【直播间】23357926 的第 26 个心跳包发送成功
[02:29:50 INF] 【直播间】23040372 的第 26 个心跳包发送成功
[02:30:55 INF] 【直播间】23357926 的第 27 个心跳包发送成功
[02:30:56 INF] 【直播间】23040372 的第 27 个心跳包发送成功
[02:32:02 INF] 【直播间】23357926 的第 28 个心跳包发送成功
[02:32:03 INF] 【直播间】23040372 的第 28 个心跳包发送成功
[02:33:08 ERR] 【心跳包】直播间 23357926 发送失败
[02:33:08 ERR] 【原因】time check failed
[02:33:09 ERR] 【心跳包】直播间 23040372 发送失败
[02:33:09 ERR] 【原因】time check failed
[02:34:14 INF] 【直播间】23357926 的第 29 个心跳包发送成功
[02:34:16 INF] 【直播间】23040372 的第 29 个心跳包发送成功
[02:35:21 INF] 【直播间】23357926 的第 30 个心跳包发送成功
[02:35:22 INF] 【直播间】23040372 的第 30 个心跳包发送成功
[02:36:27 INF] 【直播间】23357926 的第 31 个心跳包发送成功
[02:36:29 INF] 【直播间】23040372 的第 31 个心跳包发送成功
[02:37:34 INF] 【直播间】23357926 的第 32 个心跳包发送成功
[02:37:35 INF] 【直播间】23040372 的第 32 个心跳包发送成功
[02:38:40 INF] 【直播间】23357926 的第 33 个心跳包发送成功
[02:38:41 INF] 【直播间】23040372 的第 33 个心跳包发送成功
[02:39:46 INF] 【直播间】23357926 的第 34 个心跳包发送成功
[02:39:48 INF] 【直播间】23040372 的第 34 个心跳包发送成功
[02:40:53 INF] 【直播间】23357926 的第 35 个心跳包发送成功
[02:40:54 INF] 【直播间】23040372 的第 35 个心跳包发送成功
[02:41:59 INF] 【直播间】23357926 的第 36 个心跳包发送成功
[02:42:01 INF] 【直播间】23040372 的第 36 个心跳包发送成功
[02:43:06 INF] 【直播间】23357926 的第 37 个心跳包发送成功
[02:43:07 INF] 【直播间】23040372 的第 37 个心跳包发送成功
[02:44:12 INF] 【直播间】23357926 的第 38 个心跳包发送成功
[02:44:14 INF] 【直播间】23040372 的第 38 个心跳包发送成功
[02:45:19 INF] 【直播间】23357926 的第 39 个心跳包发送成功
[02:45:20 INF] 【直播间】23040372 的第 39 个心跳包发送成功
[02:46:25 INF] 【直播间】23357926 的第 40 个心跳包发送成功
[02:46:26 INF] 【直播间】23040372 的第 40 个心跳包发送成功
[02:47:32 INF] 【直播间】23357926 的第 41 个心跳包发送成功
[02:47:33 INF] 【直播间】23040372 的第 41 个心跳包发送成功
[02:48:38 INF] 【直播间】23357926 的第 42 个心跳包发送成功
[02:48:40 ERR] 【心跳包】直播间 23040372 发送失败
[02:48:40 ERR] 【原因】time check failed
[02:49:45 ERR] 【心跳包】直播间 23357926 发送失败
[02:49:45 ERR] 【原因】time check failed
[02:49:46 INF] 【直播间】23040372 的第 42 个心跳包发送成功
[02:50:51 INF] 【直播间】23357926 的第 43 个心跳包发送成功
[02:50:52 INF] 【直播间】23040372 的第 43 个心跳包发送成功
[02:51:57 INF] 【直播间】23357926 的第 44 个心跳包发送成功
[02:51:59 INF] 【直播间】23040372 的第 44 个心跳包发送成功
[02:53:04 INF] 【直播间】23357926 的第 45 个心跳包发送成功
[02:53:05 INF] 【直播间】23040372 的第 45 个心跳包发送成功
[02:54:10 INF] 【直播间】23357926 的第 46 个心跳包发送成功
[02:54:12 INF] 【直播间】23040372 的第 46 个心跳包发送成功
[02:55:17 INF] 【直播间】23357926 的第 47 个心跳包发送成功
[02:55:18 INF] 【直播间】23040372 的第 47 个心跳包发送成功
[02:56:23 INF] 【直播间】23357926 的第 48 个心跳包发送成功
[02:56:24 INF] 【直播间】23040372 的第 48 个心跳包发送成功
[02:57:29 INF] 【直播间】23357926 的第 49 个心跳包发送成功
[02:57:31 INF] 【直播间】23040372 的第 49 个心跳包发送成功
[02:58:36 INF] 【直播间】23357926 的第 50 个心跳包发送成功
[02:58:37 INF] 【直播间】23040372 的第 50 个心跳包发送成功
[02:59:43 INF] 【直播间】23357926 的第 51 个心跳包发送成功
[02:59:44 INF] 【直播间】23040372 的第 51 个心跳包发送成功
[03:00:49 INF] 【直播间】23357926 的第 52 个心跳包发送成功
[03:00:50 INF] 【直播间】23040372 的第 52 个心跳包发送成功
[03:01:56 INF] 【直播间】23357926 的第 53 个心跳包发送成功
[03:01:57 INF] 【直播间】23040372 的第 53 个心跳包发送成功
[03:03:02 INF] 【直播间】23357926 的第 54 个心跳包发送成功
[03:03:03 INF] 【直播间】23040372 的第 54 个心跳包发送成功
[03:04:08 INF] 【直播间】23357926 的第 55 个心跳包发送成功
[03:04:10 INF] 【直播间】23040372 的第 55 个心跳包发送成功
[03:05:15 INF] 【直播间】23357926 的第 56 个心跳包发送成功
[03:05:16 ERR] 【心跳包】直播间 23040372 发送失败
[03:05:16 ERR] 【原因】time check failed
[03:06:21 ERR] 【心跳包】直播间 23357926 发送失败
[03:06:21 ERR] 【原因】time check failed
[03:06:23 INF] 【直播间】23040372 的第 56 个心跳包发送成功
[03:07:28 INF] 【直播间】23357926 的第 57 个心跳包发送成功
[03:07:29 INF] 【直播间】23040372 的第 57 个心跳包发送成功
[03:08:34 INF] 【直播间】23357926 的第 58 个心跳包发送成功
[03:08:35 INF] 【直播间】23040372 的第 58 个心跳包发送成功
[03:09:41 INF] 【直播间】23357926 的第 59 个心跳包发送成功
[03:09:42 INF] 【直播间】23040372 的第 59 个心跳包发送成功
[03:10:47 INF] 【直播间】23357926 的第 60 个心跳包发送成功
[03:10:48 INF] 【直播间】23040372 的第 60 个心跳包发送成功
[03:11:54 INF] 【直播间】23357926 的第 61 个心跳包发送成功
[03:11:55 INF] 【直播间】23040372 的第 61 个心跳包发送成功
[03:13:00 INF] 【直播间】23357926 的第 62 个心跳包发送成功
[03:13:01 INF] 【直播间】23040372 的第 62 个心跳包发送成功
[03:14:06 INF] 【直播间】23357926 的第 63 个心跳包发送成功
[03:14:08 INF] 【直播间】23040372 的第 63 个心跳包发送成功
[03:15:13 INF] 【直播间】23357926 的第 64 个心跳包发送成功
[03:15:14 INF] 【直播间】23040372 的第 64 个心跳包发送成功
[03:16:19 INF] 【直播间】23357926 的第 65 个心跳包发送成功
[03:16:21 INF] 【直播间】23040372 的第 65 个心跳包发送成功
[03:17:26 INF] 【直播间】23357926 的第 66 个心跳包发送成功
[03:17:27 INF] 【直播间】23040372 的第 66 个心跳包发送成功
[03:18:32 INF] 【直播间】23357926 的第 67 个心跳包发送成功
[03:18:33 INF] 【直播间】23040372 的第 67 个心跳包发送成功
[03:19:39 INF] 【直播间】23357926 的第 68 个心跳包发送成功
[03:19:40 INF] 【直播间】23040372 的第 68 个心跳包发送成功
[03:20:45 INF] 【直播间】23357926 的第 69 个心跳包发送成功
[03:20:46 INF] 【直播间】23040372 的第 69 个心跳包发送成功
[03:21:52 ERR] 【心跳包】直播间 23357926 发送失败
[03:21:52 ERR] 【原因】time check failed
[03:21:53 ERR] 【心跳包】直播间 23040372 发送失败
[03:21:53 ERR] 【原因】time check failed
[03:22:58 INF] 【直播间】23357926 的第 70 个心跳包发送成功
[03:23:00 INF] 【直播间】23040372 的第 70 个心跳包发送成功
[03:23:00 INF] 【直播观看时长】完成情况：2/2 
[03:23:00 INF] ---------结束---------

[03:23:00 INF] ==========结束==========

[03:23:00 INF] ######### 账号 3 #########

[03:23:00 INF] =====开始 直播间互动 =====

[03:23:00 INF] ---开始 发送弹幕 ---
[03:23:00 INF] 检测到直播 Cookie 未正确配置，尝试自动配置中...
[03:23:06 INF] 直播 Cookie 配置成功！
[03:23:06 INF] 【获取直播列表】获取拥有粉丝牌的直播列表
[03:23:09 INF] 【主播】苏打baka 
[03:23:17 INF] 【直播间】苏打baka
[03:23:17 INF] 【粉丝牌】碳酸钠
[03:23:17 INF] 正在发送弹幕...
[03:23:20 INF] -------结束-------

[03:23:20 INF] ---开始 点赞直播间 ---
[03:23:20 INF] 【获取直播列表】获取拥有粉丝牌的直播列表
[03:23:24 INF] 【主播】苏打baka 
[03:23:28 INF] 【弹幕发送】成功~，你和主播 苏打baka 的亲密值增加了100！
[03:23:35 INF] --------结束--------

[03:23:35 INF] ---开始 直播时长挂机 ---
[03:23:35 INF] 【获取直播列表】获取拥有粉丝牌的直播列表
[03:23:36 INF] 【点赞直播间】23040372 完成
[03:23:39 INF] 【主播】苏打baka 
[03:23:50 INF] 【直播间】23040372 的第 1 个心跳包发送成功
[03:24:56 INF] 【直播间】23040372 的第 2 个心跳包发送成功
[03:26:03 INF] 【直播间】23040372 的第 3 个心跳包发送成功
[03:27:09 INF] 【直播间】23040372 的第 4 个心跳包发送成功
[03:28:16 INF] 【直播间】23040372 的第 5 个心跳包发送成功
[03:29:22 INF] 【直播间】23040372 的第 6 个心跳包发送成功
[03:30:29 INF] 【直播间】23040372 的第 7 个心跳包发送成功
[03:31:35 INF] 【直播间】23040372 的第 8 个心跳包发送成功
[03:32:42 INF] 【直播间】23040372 的第 9 个心跳包发送成功
[03:33:48 INF] 【直播间】23040372 的第 10 个心跳包发送成功
[03:34:55 INF] 【直播间】23040372 的第 11 个心跳包发送成功
[03:36:01 INF] 【直播间】23040372 的第 12 个心跳包发送成功
[03:37:07 INF] 【直播间】23040372 的第 13 个心跳包发送成功
[03:38:14 INF] 【直播间】23040372 的第 14 个心跳包发送成功
[03:39:21 INF] 【直播间】23040372 的第 15 个心跳包发送成功
[03:40:27 ERR] 【心跳包】直播间 23040372 发送失败
[03:40:27 ERR] 【原因】time check failed
[03:41:33 INF] 【直播间】23040372 的第 16 个心跳包发送成功
[03:42:40 INF] 【直播间】23040372 的第 17 个心跳包发送成功
[03:43:46 INF] 【直播间】23040372 的第 18 个心跳包发送成功
[03:44:53 INF] 【直播间】23040372 的第 19 个心跳包发送成功
[03:45:59 INF] 【直播间】23040372 的第 20 个心跳包发送成功
[03:47:05 INF] 【直播间】23040372 的第 21 个心跳包发送成功
[03:48:12 INF] 【直播间】23040372 的第 22 个心跳包发送成功
[03:49:18 INF] 【直播间】23040372 的第 23 个心跳包发送成功
[03:50:25 INF] 【直播间】23040372 的第 24 个心跳包发送成功
[03:51:31 INF] 【直播间】23040372 的第 25 个心跳包发送成功
[03:52:37 INF] 【直播间】23040372 的第 26 个心跳包发送成功
[03:53:44 INF] 【直播间】23040372 的第 27 个心跳包发送成功
[03:54:51 INF] 【直播间】23040372 的第 28 个心跳包发送成功
[03:55:57 INF] 【直播间】23040372 的第 29 个心跳包发送成功
[03:57:03 ERR] 【心跳包】直播间 23040372 发送失败
[03:57:03 ERR] 【原因】time check failed
[03:58:10 INF] 【直播间】23040372 的第 30 个心跳包发送成功
[03:59:16 INF] 【直播间】23040372 的第 31 个心跳包发送成功
[04:00:23 INF] 【直播间】23040372 的第 32 个心跳包发送成功
[04:01:29 INF] 【直播间】23040372 的第 33 个心跳包发送成功
[04:02:36 INF] 【直播间】23040372 的第 34 个心跳包发送成功
[04:03:42 INF] 【直播间】23040372 的第 35 个心跳包发送成功
[04:04:49 INF] 【直播间】23040372 的第 36 个心跳包发送成功
[04:05:56 INF] 【直播间】23040372 的第 37 个心跳包发送成功
[04:07:02 INF] 【直播间】23040372 的第 38 个心跳包发送成功
[04:08:08 INF] 【直播间】23040372 的第 39 个心跳包发送成功
[04:09:15 INF] 【直播间】23040372 的第 40 个心跳包发送成功
[04:10:21 INF] 【直播间】23040372 的第 41 个心跳包发送成功
[04:11:28 INF] 【直播间】23040372 的第 42 个心跳包发送成功
[04:12:34 ERR] 【心跳包】直播间 23040372 发送失败
[04:12:34 ERR] 【原因】time check failed
[04:13:41 INF] 【直播间】23040372 的第 43 个心跳包发送成功
[04:14:47 INF] 【直播间】23040372 的第 44 个心跳包发送成功
[04:15:53 INF] 【直播间】23040372 的第 45 个心跳包发送成功
[04:17:00 INF] 【直播间】23040372 的第 46 个心跳包发送成功
[04:18:06 INF] 【直播间】23040372 的第 47 个心跳包发送成功
[04:19:13 INF] 【直播间】23040372 的第 48 个心跳包发送成功
[04:20:19 INF] 【直播间】23040372 的第 49 个心跳包发送成功
[04:21:25 INF] 【直播间】23040372 的第 50 个心跳包发送成功
[04:22:32 INF] 【直播间】23040372 的第 51 个心跳包发送成功
[04:23:38 INF] 【直播间】23040372 的第 52 个心跳包发送成功
[04:24:45 INF] 【直播间】23040372 的第 53 个心跳包发送成功
[04:25:51 INF] 【直播间】23040372 的第 54 个心跳包发送成功
[04:26:57 INF] 【直播间】23040372 的第 55 个心跳包发送成功
[04:28:04 INF] 【直播间】23040372 的第 56 个心跳包发送成功
[04:29:10 ERR] 【心跳包】直播间 23040372 发送失败
[04:29:10 ERR] 【原因】time check failed
[04:30:17 INF] 【直播间】23040372 的第 57 个心跳包发送成功
[04:31:23 INF] 【直播间】23040372 的第 58 个心跳包发送成功
[04:32:30 INF] 【直播间】23040372 的第 59 个心跳包发送成功
[04:33:36 INF] 【直播间】23040372 的第 60 个心跳包发送成功
[04:34:43 INF] 【直播间】23040372 的第 61 个心跳包发送成功
[04:35:49 INF] 【直播间】23040372 的第 62 个心跳包发送成功
[04:36:56 INF] 【直播间】23040372 的第 63 个心跳包发送成功
[04:38:02 INF] 【直播间】23040372 的第 64 个心跳包发送成功
[04:39:09 INF] 【直播间】23040372 的第 65 个心跳包发送成功
[04:40:15 INF] 【直播间】23040372 的第 66 个心跳包发送成功
[04:41:21 INF] 【直播间】23040372 的第 67 个心跳包发送成功
[04:42:28 INF] 【直播间】23040372 的第 68 个心跳包发送成功
[04:43:34 INF] 【直播间】23040372 的第 69 个心跳包发送成功
[04:44:41 ERR] 【心跳包】直播间 23040372 发送失败
[04:44:41 ERR] 【原因】time check failed
[04:45:47 INF] 【直播间】23040372 的第 70 个心跳包发送成功
[04:45:47 INF] 【直播观看时长】完成情况：1/1 
[04:45:47 INF] ---------结束---------

[04:45:47 INF] ==========结束==========

[04:45:47 INF] 

========================

 v1.0.3 开源 by https://github.com/RayWangQvQ/BiliBiliToolPro

[04:45:47 INF] ·开始推送·LiveFansMedal任务·
2023-04-16T20:45:47.5334156Z 开始推送到:PushPlus
2023-04-16T20:45:48.4476654Z Response status: OK.
2023-04-16T20:45:48.4477064Z Response content: {"code":200,"msg":"请求成功","data":"476eef01e3f949b7a0b79470433e739e","count":null}.

[04:45:48 INF] 运行环境：Development
[04:45:48 INF] 应用目录：/home/runner/work/BiliBiliToolPro/BiliBiliToolPro/src/Ray.BiliBiliTool.Console/bin/Debug/net6.0/

[04:45:48 INF] 运行结束
