----------- ip 信息 ---------
{
  "ip": "74.249.14.244",
  "city": "Boydton",
  "region": "Virginia",
  "country": "US",
  "loc": "36.6676,-78.3875",
  "org": "AS8075 Microsoft Corporation",
  "postal": "23917",
  "timezone": "America/New_York",
  "readme": "https://ipinfo.io/missingauth"
} ---------- end ------------
  ____               ____    _   _____           _  
 |  _ \ __ _ _   _  | __ ) _| |_|_   _|__   ___ | | 
 | |_) / _` | | | | |  _ \(_) (_) | |/ _ \ / _ \| | 
 |  _ < (_| | |_| | | |_) | | | | | | (_) | (_) | | 
 |_| \_\__,_|\__, | |____/|_|_|_| |_|\___/ \___/|_| 
             |___/                                  

[00:26:47 INF] BiliBiliToolPro 开始运行...

[00:26:47 INF] 【账号个数】3个

[00:26:47 INF] 随机休眠5分钟

[00:31:47 INF] 【目标任务】LiveFansMedal
[00:31:47 INF] ######### 账号 1 #########

[00:31:47 INF] =====开始 直播间互动 =====

[00:31:47 INF] ---开始 发送弹幕 ---
[00:31:47 INF] 检测到直播 Cookie 未正确配置，尝试自动配置中...
[00:31:53 INF] 直播 Cookie 配置成功！
[00:31:53 INF] 【获取直播列表】获取拥有粉丝牌的直播列表
[00:31:59 INF] 【主播】Mark陌枫 
[00:32:13 INF] 【主播】KL_qiqi_ 
[00:32:32 INF] 【主播】苏打baka 
[00:32:47 INF] 【直播间】Mark陌枫
[00:32:47 INF] 【粉丝牌】馬楓
[00:32:47 INF] 正在发送弹幕...
[00:32:54 INF] 【直播间】KL_qiqi_
[00:32:54 INF] 【粉丝牌】qiqisb
[00:32:54 INF] 正在发送弹幕...
[00:33:01 INF] 【直播间】苏打baka
[00:33:01 INF] 【粉丝牌】碳酸钠
[00:33:01 INF] 正在发送弹幕...
[00:33:06 INF] 【弹幕发送】成功~，你和主播 Mark陌枫 的亲密值增加了100！
[00:33:07 INF] -------结束-------

[00:33:07 INF] ---开始 点赞直播间 ---
[00:33:07 INF] 【获取直播列表】获取拥有粉丝牌的直播列表
[00:33:11 INF] 【主播】Mark陌枫 
[00:33:13 INF] 【弹幕发送】成功~，你和主播 KL_qiqi_ 的亲密值增加了100！
[00:33:16 INF] 【弹幕发送】成功~，你和主播 苏打baka 的亲密值增加了100！
[00:33:28 INF] 【主播】KL_qiqi_ 
[00:33:47 INF] 【主播】苏打baka 
[00:34:08 INF] 【点赞直播间】23357926 完成
[00:34:12 INF] 【点赞直播间】407149 完成
[00:34:19 INF] --------结束--------

[00:34:19 INF] ---开始 直播时长挂机 ---
[00:34:19 INF] 【获取直播列表】获取拥有粉丝牌的直播列表
[00:34:19 INF] 【点赞直播间】23040372 完成
[00:34:26 INF] 【主播】Mark陌枫 
[00:34:40 INF] 【主播】KL_qiqi_ 
[00:34:54 INF] 【主播】苏打baka 
[00:35:15 INF] 【直播间】23357926 的第 1 个心跳包发送成功
[00:35:16 INF] 【直播间】407149 的第 1 个心跳包发送成功
[00:35:17 INF] 【直播间】23040372 的第 1 个心跳包发送成功
[00:36:21 INF] 【直播间】23357926 的第 2 个心跳包发送成功
[00:36:22 INF] 【直播间】407149 的第 2 个心跳包发送成功
[00:36:24 INF] 【直播间】23040372 的第 2 个心跳包发送成功
[00:37:28 INF] 【直播间】23357926 的第 3 个心跳包发送成功
[00:37:29 INF] 【直播间】407149 的第 3 个心跳包发送成功
[00:37:30 INF] 【直播间】23040372 的第 3 个心跳包发送成功
[00:38:35 INF] 【直播间】23357926 的第 4 个心跳包发送成功
[00:38:36 INF] 【直播间】407149 的第 4 个心跳包发送成功
[00:38:37 INF] 【直播间】23040372 的第 4 个心跳包发送成功
[00:39:41 INF] 【直播间】23357926 的第 5 个心跳包发送成功
[00:39:42 INF] 【直播间】407149 的第 5 个心跳包发送成功
[00:39:44 INF] 【直播间】23040372 的第 5 个心跳包发送成功
[00:40:48 INF] 【直播间】23357926 的第 6 个心跳包发送成功
[00:40:49 INF] 【直播间】407149 的第 6 个心跳包发送成功
[00:40:50 INF] 【直播间】23040372 的第 6 个心跳包发送成功
[00:41:54 INF] 【直播间】23357926 的第 7 个心跳包发送成功
[00:41:55 INF] 【直播间】407149 的第 7 个心跳包发送成功
[00:41:57 INF] 【直播间】23040372 的第 7 个心跳包发送成功
[00:43:01 INF] 【直播间】23357926 的第 8 个心跳包发送成功
[00:43:02 INF] 【直播间】407149 的第 8 个心跳包发送成功
[00:43:04 INF] 【直播间】23040372 的第 8 个心跳包发送成功
[00:44:08 INF] 【直播间】23357926 的第 9 个心跳包发送成功
[00:44:09 INF] 【直播间】407149 的第 9 个心跳包发送成功
[00:44:10 INF] 【直播间】23040372 的第 9 个心跳包发送成功
[00:45:14 INF] 【直播间】23357926 的第 10 个心跳包发送成功
[00:45:15 INF] 【直播间】407149 的第 10 个心跳包发送成功
[00:45:17 INF] 【直播间】23040372 的第 10 个心跳包发送成功
[00:46:21 INF] 【直播间】23357926 的第 11 个心跳包发送成功
[00:46:22 INF] 【直播间】407149 的第 11 个心跳包发送成功
[00:46:23 INF] 【直播间】23040372 的第 11 个心跳包发送成功
[00:47:27 INF] 【直播间】23357926 的第 12 个心跳包发送成功
[00:47:28 INF] 【直播间】407149 的第 12 个心跳包发送成功
[00:47:30 INF] 【直播间】23040372 的第 12 个心跳包发送成功
[00:48:34 INF] 【直播间】23357926 的第 13 个心跳包发送成功
[00:48:35 INF] 【直播间】407149 的第 13 个心跳包发送成功
[00:48:36 INF] 【直播间】23040372 的第 13 个心跳包发送成功
[00:49:41 INF] 【直播间】23357926 的第 14 个心跳包发送成功
[00:49:42 INF] 【直播间】407149 的第 14 个心跳包发送成功
[00:49:43 INF] 【直播间】23040372 的第 14 个心跳包发送成功
[00:50:47 ERR] 【心跳包】直播间 23357926 发送失败
[00:50:47 ERR] 【原因】time check failed
[00:50:48 ERR] 【心跳包】直播间 407149 发送失败
[00:50:48 ERR] 【原因】time check failed
[00:50:50 ERR] 【心跳包】直播间 23040372 发送失败
[00:50:50 ERR] 【原因】time check failed
[00:51:54 INF] 【直播间】23357926 的第 15 个心跳包发送成功
[00:51:55 INF] 【直播间】407149 的第 15 个心跳包发送成功
[00:51:56 INF] 【直播间】23040372 的第 15 个心跳包发送成功
[00:53:00 INF] 【直播间】23357926 的第 16 个心跳包发送成功
[00:53:01 INF] 【直播间】407149 的第 16 个心跳包发送成功
[00:53:03 INF] 【直播间】23040372 的第 16 个心跳包发送成功
[00:54:07 INF] 【直播间】23357926 的第 17 个心跳包发送成功
[00:54:08 INF] 【直播间】407149 的第 17 个心跳包发送成功
[00:54:09 INF] 【直播间】23040372 的第 17 个心跳包发送成功
[00:55:13 INF] 【直播间】23357926 的第 18 个心跳包发送成功
[00:55:15 INF] 【直播间】407149 的第 18 个心跳包发送成功
[00:55:16 INF] 【直播间】23040372 的第 18 个心跳包发送成功
[00:56:20 INF] 【直播间】23357926 的第 19 个心跳包发送成功
[00:56:21 INF] 【直播间】407149 的第 19 个心跳包发送成功
[00:56:22 INF] 【直播间】23040372 的第 19 个心跳包发送成功
[00:57:26 INF] 【直播间】23357926 的第 20 个心跳包发送成功
[00:57:28 INF] 【直播间】407149 的第 20 个心跳包发送成功
[00:57:29 INF] 【直播间】23040372 的第 20 个心跳包发送成功
[00:58:33 INF] 【直播间】23357926 的第 21 个心跳包发送成功
[00:58:34 INF] 【直播间】407149 的第 21 个心跳包发送成功
[00:58:36 INF] 【直播间】23040372 的第 21 个心跳包发送成功
[00:59:40 INF] 【直播间】23357926 的第 22 个心跳包发送成功
[00:59:41 INF] 【直播间】407149 的第 22 个心跳包发送成功
[00:59:42 INF] 【直播间】23040372 的第 22 个心跳包发送成功
[01:00:46 INF] 【直播间】23357926 的第 23 个心跳包发送成功
[01:00:48 INF] 【直播间】407149 的第 23 个心跳包发送成功
[01:00:49 INF] 【直播间】23040372 的第 23 个心跳包发送成功
[01:01:53 INF] 【直播间】23357926 的第 24 个心跳包发送成功
[01:01:54 INF] 【直播间】407149 的第 24 个心跳包发送成功
[01:01:55 INF] 【直播间】23040372 的第 24 个心跳包发送成功
[01:02:59 INF] 【直播间】23357926 的第 25 个心跳包发送成功
[01:03:01 INF] 【直播间】407149 的第 25 个心跳包发送成功
[01:03:02 INF] 【直播间】23040372 的第 25 个心跳包发送成功
[01:04:06 INF] 【直播间】23357926 的第 26 个心跳包发送成功
[01:04:07 INF] 【直播间】407149 的第 26 个心跳包发送成功
[01:04:09 INF] 【直播间】23040372 的第 26 个心跳包发送成功
[01:05:13 INF] 【直播间】23357926 的第 27 个心跳包发送成功
[01:05:14 INF] 【直播间】407149 的第 27 个心跳包发送成功
[01:05:15 INF] 【直播间】23040372 的第 27 个心跳包发送成功
[01:06:19 ERR] 【心跳包】直播间 23357926 发送失败
[01:06:19 ERR] 【原因】time check failed
[01:06:21 ERR] 【心跳包】直播间 407149 发送失败
[01:06:21 ERR] 【原因】time check failed
[01:06:22 ERR] 【心跳包】直播间 23040372 发送失败
[01:06:22 ERR] 【原因】time check failed
[01:07:26 INF] 【直播间】23357926 的第 28 个心跳包发送成功
[01:07:27 INF] 【直播间】407149 的第 28 个心跳包发送成功
[01:07:28 INF] 【直播间】23040372 的第 28 个心跳包发送成功
[01:08:33 INF] 【直播间】23357926 的第 29 个心跳包发送成功
[01:08:34 INF] 【直播间】407149 的第 29 个心跳包发送成功
[01:08:35 INF] 【直播间】23040372 的第 29 个心跳包发送成功
[01:09:39 INF] 【直播间】23357926 的第 30 个心跳包发送成功
[01:09:40 INF] 【直播间】407149 的第 30 个心跳包发送成功
[01:09:42 INF] 【直播间】23040372 的第 30 个心跳包发送成功
[01:10:46 INF] 【直播间】23357926 的第 31 个心跳包发送成功
[01:10:47 INF] 【直播间】407149 的第 31 个心跳包发送成功
[01:10:48 INF] 【直播间】23040372 的第 31 个心跳包发送成功
[01:11:52 INF] 【直播间】23357926 的第 32 个心跳包发送成功
[01:11:54 INF] 【直播间】407149 的第 32 个心跳包发送成功
[01:11:55 INF] 【直播间】23040372 的第 32 个心跳包发送成功
[01:12:59 INF] 【直播间】23357926 的第 33 个心跳包发送成功
[01:13:00 INF] 【直播间】407149 的第 33 个心跳包发送成功
[01:13:02 INF] 【直播间】23040372 的第 33 个心跳包发送成功
[01:14:06 INF] 【直播间】23357926 的第 34 个心跳包发送成功
[01:14:07 INF] 【直播间】407149 的第 34 个心跳包发送成功
[01:14:08 INF] 【直播间】23040372 的第 34 个心跳包发送成功
[01:15:12 INF] 【直播间】23357926 的第 35 个心跳包发送成功
[01:15:13 INF] 【直播间】407149 的第 35 个心跳包发送成功
[01:15:15 INF] 【直播间】23040372 的第 35 个心跳包发送成功
[01:16:19 INF] 【直播间】23357926 的第 36 个心跳包发送成功
[01:16:20 INF] 【直播间】407149 的第 36 个心跳包发送成功
[01:16:21 INF] 【直播间】23040372 的第 36 个心跳包发送成功
[01:17:25 INF] 【直播间】23357926 的第 37 个心跳包发送成功
[01:17:27 INF] 【直播间】407149 的第 37 个心跳包发送成功
[01:17:28 INF] 【直播间】23040372 的第 37 个心跳包发送成功
[01:18:32 INF] 【直播间】23357926 的第 38 个心跳包发送成功
[01:18:33 INF] 【直播间】407149 的第 38 个心跳包发送成功
[01:18:34 INF] 【直播间】23040372 的第 38 个心跳包发送成功
[01:19:39 INF] 【直播间】23357926 的第 39 个心跳包发送成功
[01:19:40 INF] 【直播间】407149 的第 39 个心跳包发送成功
[01:19:41 INF] 【直播间】23040372 的第 39 个心跳包发送成功
[01:20:45 INF] 【直播间】23357926 的第 40 个心跳包发送成功
[01:20:46 INF] 【直播间】407149 的第 40 个心跳包发送成功
[01:20:48 INF] 【直播间】23040372 的第 40 个心跳包发送成功
[01:21:52 ERR] 【心跳包】直播间 23357926 发送失败
[01:21:52 ERR] 【原因】time check failed
[01:21:53 ERR] 【心跳包】直播间 407149 发送失败
[01:21:53 ERR] 【原因】time check failed
[01:21:54 ERR] 【心跳包】直播间 23040372 发送失败
[01:21:54 ERR] 【原因】time check failed
[01:22:58 INF] 【直播间】23357926 的第 41 个心跳包发送成功
[01:22:59 INF] 【直播间】407149 的第 41 个心跳包发送成功
[01:23:00 INF] 【直播间】23040372 的第 41 个心跳包发送成功
[01:24:04 INF] 【直播间】23357926 的第 42 个心跳包发送成功
[01:24:06 INF] 【直播间】407149 的第 42 个心跳包发送成功
[01:24:07 INF] 【直播间】23040372 的第 42 个心跳包发送成功
[01:25:11 INF] 【直播间】23357926 的第 43 个心跳包发送成功
[01:25:12 INF] 【直播间】407149 的第 43 个心跳包发送成功
[01:25:14 INF] 【直播间】23040372 的第 43 个心跳包发送成功
[01:26:18 INF] 【直播间】23357926 的第 44 个心跳包发送成功
[01:26:19 INF] 【直播间】407149 的第 44 个心跳包发送成功
[01:26:20 INF] 【直播间】23040372 的第 44 个心跳包发送成功
[01:27:24 INF] 【直播间】23357926 的第 45 个心跳包发送成功
[01:27:26 INF] 【直播间】407149 的第 45 个心跳包发送成功
[01:27:27 INF] 【直播间】23040372 的第 45 个心跳包发送成功
[01:28:31 INF] 【直播间】23357926 的第 46 个心跳包发送成功
[01:28:32 INF] 【直播间】407149 的第 46 个心跳包发送成功
[01:28:33 INF] 【直播间】23040372 的第 46 个心跳包发送成功
[01:29:38 INF] 【直播间】23357926 的第 47 个心跳包发送成功
[01:29:39 INF] 【直播间】407149 的第 47 个心跳包发送成功
[01:29:40 INF] 【直播间】23040372 的第 47 个心跳包发送成功
[01:30:44 INF] 【直播间】23357926 的第 48 个心跳包发送成功
[01:30:45 INF] 【直播间】407149 的第 48 个心跳包发送成功
[01:30:47 INF] 【直播间】23040372 的第 48 个心跳包发送成功
[01:31:51 INF] 【直播间】23357926 的第 49 个心跳包发送成功
[01:31:52 INF] 【直播间】407149 的第 49 个心跳包发送成功
[01:31:53 INF] 【直播间】23040372 的第 49 个心跳包发送成功
[01:32:57 INF] 【直播间】23357926 的第 50 个心跳包发送成功
[01:32:58 INF] 【直播间】407149 的第 50 个心跳包发送成功
[01:33:00 INF] 【直播间】23040372 的第 50 个心跳包发送成功
[01:34:04 INF] 【直播间】23357926 的第 51 个心跳包发送成功
[01:34:05 INF] 【直播间】407149 的第 51 个心跳包发送成功
[01:34:06 INF] 【直播间】23040372 的第 51 个心跳包发送成功
[01:35:10 INF] 【直播间】23357926 的第 52 个心跳包发送成功
[01:35:12 INF] 【直播间】407149 的第 52 个心跳包发送成功
[01:35:13 INF] 【直播间】23040372 的第 52 个心跳包发送成功
[01:36:17 INF] 【直播间】23357926 的第 53 个心跳包发送成功
[01:36:18 INF] 【直播间】407149 的第 53 个心跳包发送成功
[01:36:19 INF] 【直播间】23040372 的第 53 个心跳包发送成功
[01:37:23 ERR] 【心跳包】直播间 23357926 发送失败
[01:37:23 ERR] 【原因】time check failed
[01:37:25 ERR] 【心跳包】直播间 407149 发送失败
[01:37:25 ERR] 【原因】time check failed
[01:37:26 ERR] 【心跳包】直播间 23040372 发送失败
[01:37:26 ERR] 【原因】time check failed
[01:38:30 INF] 【直播间】23357926 的第 54 个心跳包发送成功
[01:38:31 INF] 【直播间】407149 的第 54 个心跳包发送成功
[01:38:33 INF] 【直播间】23040372 的第 54 个心跳包发送成功
[01:39:37 INF] 【直播间】23357926 的第 55 个心跳包发送成功
[01:39:38 INF] 【直播间】407149 的第 55 个心跳包发送成功
[01:39:39 INF] 【直播间】23040372 的第 55 个心跳包发送成功
[01:40:43 INF] 【直播间】23357926 的第 56 个心跳包发送成功
[01:40:44 INF] 【直播间】407149 的第 56 个心跳包发送成功
[01:40:46 INF] 【直播间】23040372 的第 56 个心跳包发送成功
[01:41:50 INF] 【直播间】23357926 的第 57 个心跳包发送成功
[01:41:51 INF] 【直播间】407149 的第 57 个心跳包发送成功
[01:41:52 INF] 【直播间】23040372 的第 57 个心跳包发送成功
[01:42:56 INF] 【直播间】23357926 的第 58 个心跳包发送成功
[01:42:58 INF] 【直播间】407149 的第 58 个心跳包发送成功
[01:42:59 INF] 【直播间】23040372 的第 58 个心跳包发送成功
[01:44:03 INF] 【直播间】23357926 的第 59 个心跳包发送成功
[01:44:04 INF] 【直播间】407149 的第 59 个心跳包发送成功
[01:44:05 INF] 【直播间】23040372 的第 59 个心跳包发送成功
[01:45:09 INF] 【直播间】23357926 的第 60 个心跳包发送成功
[01:45:11 INF] 【直播间】407149 的第 60 个心跳包发送成功
[01:45:12 INF] 【直播间】23040372 的第 60 个心跳包发送成功
[01:46:16 INF] 【直播间】23357926 的第 61 个心跳包发送成功
[01:46:17 INF] 【直播间】407149 的第 61 个心跳包发送成功
[01:46:19 INF] 【直播间】23040372 的第 61 个心跳包发送成功
[01:47:23 INF] 【直播间】23357926 的第 62 个心跳包发送成功
[01:47:24 INF] 【直播间】407149 的第 62 个心跳包发送成功
[01:47:25 INF] 【直播间】23040372 的第 62 个心跳包发送成功
[01:48:29 INF] 【直播间】23357926 的第 63 个心跳包发送成功
[01:48:30 INF] 【直播间】407149 的第 63 个心跳包发送成功
[01:48:32 INF] 【直播间】23040372 的第 63 个心跳包发送成功
[01:49:36 INF] 【直播间】23357926 的第 64 个心跳包发送成功
[01:49:37 INF] 【直播间】407149 的第 64 个心跳包发送成功
[01:49:38 INF] 【直播间】23040372 的第 64 个心跳包发送成功
[01:50:42 INF] 【直播间】23357926 的第 65 个心跳包发送成功
[01:50:44 INF] 【直播间】407149 的第 65 个心跳包发送成功
[01:50:45 INF] 【直播间】23040372 的第 65 个心跳包发送成功
[01:51:49 INF] 【直播间】23357926 的第 66 个心跳包发送成功
[01:51:50 INF] 【直播间】407149 的第 66 个心跳包发送成功
[01:51:51 INF] 【直播间】23040372 的第 66 个心跳包发送成功
[01:52:56 ERR] 【心跳包】直播间 23357926 发送失败
[01:52:56 ERR] 【原因】time check failed
[01:52:57 ERR] 【心跳包】直播间 407149 发送失败
[01:52:57 ERR] 【原因】time check failed
[01:52:58 ERR] 【心跳包】直播间 23040372 发送失败
[01:52:58 ERR] 【原因】time check failed
[01:54:02 INF] 【直播间】23357926 的第 67 个心跳包发送成功
[01:54:03 INF] 【直播间】407149 的第 67 个心跳包发送成功
[01:54:05 INF] 【直播间】23040372 的第 67 个心跳包发送成功
[01:55:09 INF] 【直播间】23357926 的第 68 个心跳包发送成功
[01:55:10 INF] 【直播间】407149 的第 68 个心跳包发送成功
[01:55:11 INF] 【直播间】23040372 的第 68 个心跳包发送成功
[01:56:15 INF] 【直播间】23357926 的第 69 个心跳包发送成功
[01:56:16 INF] 【直播间】407149 的第 69 个心跳包发送成功
[01:56:18 INF] 【直播间】23040372 的第 69 个心跳包发送成功
[01:57:22 INF] 【直播间】23357926 的第 70 个心跳包发送成功
[01:57:23 INF] 【直播间】407149 的第 70 个心跳包发送成功
[01:57:24 INF] 【直播间】23040372 的第 70 个心跳包发送成功
[01:57:24 INF] 【直播观看时长】完成情况：3/3 
[01:57:24 INF] ---------结束---------

[01:57:24 INF] ==========结束==========

[01:57:24 INF] ######### 账号 2 #########

[01:57:24 INF] =====开始 直播间互动 =====

[01:57:24 INF] ---开始 发送弹幕 ---
[01:57:24 INF] 检测到直播 Cookie 未正确配置，尝试自动配置中...
[01:57:32 INF] 直播 Cookie 配置成功！
[01:57:32 INF] 【获取直播列表】获取拥有粉丝牌的直播列表
[01:57:40 INF] 【主播】Mark陌枫 
[01:57:53 INF] 【主播】苏打baka 
[01:58:11 INF] 【主播】特别中二的q3君 
[01:58:22 INF] 【主播】陈抱一 
[01:58:39 INF] 【主播】贪玩的小毅 
[01:58:57 INF] 【主播】KL_qiqi_ 
[01:59:09 INF] 【主播】悠悠球琛总 
[01:59:29 INF] 【主播】新石器公园 
[01:59:47 INF] 【主播】脏小豆 
[02:00:06 INF] 【主播】记录生活的蛋黄派 
[02:00:24 INF] 【主播】FoFTG 
[02:00:38 INF] 【主播】李船长笔记 
[02:00:53 INF] 【直播间】Mark陌枫
[02:00:53 INF] 【粉丝牌】馬楓
[02:00:53 INF] 正在发送弹幕...
[02:00:57 INF] 【直播间】苏打baka
[02:00:57 INF] 【粉丝牌】碳酸钠
[02:00:57 INF] 正在发送弹幕...
[02:01:00 INF] 【直播间】特别中二的q3君
[02:01:00 INF] 【粉丝牌】q3GG
[02:01:00 INF] 正在发送弹幕...
[02:01:07 INF] 【直播间】陈抱一
[02:01:07 INF] 【粉丝牌】陈抱一
[02:01:07 INF] 正在发送弹幕...
[02:01:08 INF] 【弹幕发送】成功~，你和主播 Mark陌枫 的亲密值增加了100！
[02:01:10 INF] 【直播间】贪玩的小毅
[02:01:10 INF] 【粉丝牌】大大毅
[02:01:10 INF] 正在发送弹幕...
[02:01:11 INF] 【弹幕发送】成功~，你和主播 苏打baka 的亲密值增加了100！
[02:01:17 INF] 【直播间】KL_qiqi_
[02:01:17 INF] 【粉丝牌】qiqisb
[02:01:17 INF] 正在发送弹幕...
[02:01:18 INF] 【弹幕发送】成功~，你和主播 陈抱一 的亲密值增加了100！
[02:01:18 ERR] 【弹幕发送】失败
[02:01:18 ERR] 【原因】您发送弹幕的频率过快
[02:01:22 INF] 【直播间】悠悠球琛总
[02:01:22 INF] 【粉丝牌】i琛
[02:01:22 INF] 正在发送弹幕...
[02:01:27 INF] 【弹幕发送】成功~，你和主播 贪玩的小毅 的亲密值增加了100！
[02:01:29 INF] 【直播间】新石器公园
[02:01:29 INF] 【粉丝牌】东园主
[02:01:29 INF] 正在发送弹幕...
[02:01:32 INF] 【弹幕发送】成功~，你和主播 KL_qiqi_ 的亲密值增加了100！
[02:01:32 INF] 【直播间】脏小豆
[02:01:32 INF] 【粉丝牌】豆豆浆
[02:01:32 INF] 正在发送弹幕...
[02:01:39 INF] 【直播间】记录生活的蛋黄派
[02:01:39 INF] 【粉丝牌】派派派
[02:01:39 INF] 正在发送弹幕...
[02:01:40 INF] 【弹幕发送】成功~，你和主播 悠悠球琛总 的亲密值增加了100！
[02:01:42 INF] 【直播间】FoFTG
[02:01:42 INF] 【粉丝牌】FOFTG
[02:01:42 INF] 正在发送弹幕...
[02:01:44 INF] 【弹幕发送】成功~，你和主播 新石器公园 的亲密值增加了100！
[02:01:48 INF] 【直播间】李船长笔记
[02:01:48 INF] 【粉丝牌】航海仕
[02:01:48 INF] 正在发送弹幕...
[02:01:52 INF] 【弹幕发送】成功~，你和主播 记录生活的蛋黄派 的亲密值增加了100！
[02:01:54 INF] -------结束-------

[02:01:54 INF] ---开始 点赞直播间 ---
[02:01:54 INF] 【获取直播列表】获取拥有粉丝牌的直播列表
[02:01:54 INF] 【弹幕发送】成功~，你和主播 脏小豆 的亲密值增加了100！
[02:02:00 INF] 【弹幕发送】成功~，你和主播 FoFTG 的亲密值增加了100！
[02:02:00 INF] 【主播】Mark陌枫 
[02:02:04 INF] 【弹幕发送】成功~，你和主播 李船长笔记 的亲密值增加了100！
[02:02:15 INF] 【主播】苏打baka 
[02:02:33 INF] 【主播】特别中二的q3君 
[02:02:49 INF] 【主播】陈抱一 
[02:03:12 INF] 【主播】贪玩的小毅 
[02:03:29 INF] 【主播】KL_qiqi_ 
[02:03:46 INF] 【主播】悠悠球琛总 
[02:04:03 INF] 【主播】新石器公园 
[02:04:20 INF] 【主播】脏小豆 
[02:04:35 INF] 【主播】记录生活的蛋黄派 
[02:04:54 INF] 【主播】FoFTG 
[02:05:10 INF] 【主播】李船长笔记 
[02:05:34 INF] 【点赞直播间】23357926 完成
[02:05:38 INF] 【点赞直播间】23040372 完成
[02:05:45 INF] 【点赞直播间】31494 完成
[02:05:49 INF] 【点赞直播间】4015781 完成
[02:05:56 INF] 【点赞直播间】9619073 完成
[02:05:59 INF] 【点赞直播间】407149 完成
[02:06:03 INF] 【点赞直播间】7184632 完成
[02:06:06 INF] 【点赞直播间】23447660 完成
[02:06:11 INF] 【点赞直播间】929670 完成
[02:06:17 INF] 【点赞直播间】11732699 完成
[02:06:23 INF] 【点赞直播间】91164 完成
[02:06:26 INF] --------结束--------

[02:06:26 INF] ---开始 直播时长挂机 ---
[02:06:26 INF] 【获取直播列表】获取拥有粉丝牌的直播列表
[02:06:26 INF] 【点赞直播间】22764265 完成
[02:06:29 INF] 【主播】Mark陌枫 
[02:06:46 INF] 【主播】苏打baka 
[02:07:08 INF] 【主播】特别中二的q3君 
[02:07:27 INF] 【主播】陈抱一 
[02:07:45 INF] 【主播】贪玩的小毅 
[02:08:01 INF] 【主播】KL_qiqi_ 
[02:08:18 INF] 【主播】悠悠球琛总 
[02:08:33 INF] 【主播】新石器公园 
[02:08:50 INF] 【主播】脏小豆 
[02:09:09 INF] 【主播】记录生活的蛋黄派 
[02:09:26 INF] 【主播】FoFTG 
[02:09:47 INF] 【主播】李船长笔记 
[02:10:09 INF] 【直播间】23357926 的第 1 个心跳包发送成功
[02:10:10 INF] 【直播间】23040372 的第 1 个心跳包发送成功
[02:10:12 INF] 【直播间】31494 的第 1 个心跳包发送成功
[02:10:13 INF] 【直播间】4015781 的第 1 个心跳包发送成功
[02:10:14 INF] 【直播间】9619073 的第 1 个心跳包发送成功
[02:10:15 INF] 【直播间】407149 的第 1 个心跳包发送成功
[02:10:17 INF] 【直播间】7184632 的第 1 个心跳包发送成功
[02:10:18 INF] 【直播间】23447660 的第 1 个心跳包发送成功
[02:10:19 INF] 【直播间】929670 的第 1 个心跳包发送成功
[02:10:20 INF] 【直播间】11732699 的第 1 个心跳包发送成功
[02:10:22 INF] 【直播间】91164 的第 1 个心跳包发送成功
[02:10:23 INF] 【直播间】22764265 的第 1 个心跳包发送成功
[02:11:16 INF] 【直播间】23357926 的第 2 个心跳包发送成功
[02:11:17 INF] 【直播间】23040372 的第 2 个心跳包发送成功
[02:11:18 INF] 【直播间】31494 的第 2 个心跳包发送成功
[02:11:19 INF] 【直播间】4015781 的第 2 个心跳包发送成功
[02:11:21 INF] 【直播间】9619073 的第 2 个心跳包发送成功
[02:11:22 INF] 【直播间】407149 的第 2 个心跳包发送成功
[02:11:23 INF] 【直播间】7184632 的第 2 个心跳包发送成功
[02:11:24 INF] 【直播间】23447660 的第 2 个心跳包发送成功
[02:11:26 INF] 【直播间】929670 的第 2 个心跳包发送成功
[02:11:27 INF] 【直播间】11732699 的第 2 个心跳包发送成功
[02:11:28 INF] 【直播间】91164 的第 2 个心跳包发送成功
[02:11:29 INF] 【直播间】22764265 的第 2 个心跳包发送成功
[02:12:23 INF] 【直播间】23357926 的第 3 个心跳包发送成功
[02:12:24 INF] 【直播间】23040372 的第 3 个心跳包发送成功
[02:12:25 INF] 【直播间】31494 的第 3 个心跳包发送成功
[02:12:26 INF] 【直播间】4015781 的第 3 个心跳包发送成功
[02:12:28 INF] 【直播间】9619073 的第 3 个心跳包发送成功
[02:12:29 INF] 【直播间】407149 的第 3 个心跳包发送成功
[02:12:30 INF] 【直播间】7184632 的第 3 个心跳包发送成功
[02:12:31 INF] 【直播间】23447660 的第 3 个心跳包发送成功
[02:12:33 INF] 【直播间】929670 的第 3 个心跳包发送成功
[02:12:34 INF] 【直播间】11732699 的第 3 个心跳包发送成功
[02:12:35 INF] 【直播间】91164 的第 3 个心跳包发送成功
[02:12:36 INF] 【直播间】22764265 的第 3 个心跳包发送成功
[02:13:29 INF] 【直播间】23357926 的第 4 个心跳包发送成功
[02:13:30 INF] 【直播间】23040372 的第 4 个心跳包发送成功
[02:13:32 INF] 【直播间】31494 的第 4 个心跳包发送成功
[02:13:33 INF] 【直播间】4015781 的第 4 个心跳包发送成功
[02:13:34 INF] 【直播间】9619073 的第 4 个心跳包发送成功
[02:13:35 INF] 【直播间】407149 的第 4 个心跳包发送成功
[02:13:37 INF] 【直播间】7184632 的第 4 个心跳包发送成功
[02:13:38 INF] 【直播间】23447660 的第 4 个心跳包发送成功
[02:13:39 INF] 【直播间】929670 的第 4 个心跳包发送成功
[02:13:40 INF] 【直播间】11732699 的第 4 个心跳包发送成功
[02:13:42 INF] 【直播间】91164 的第 4 个心跳包发送成功
[02:13:43 INF] 【直播间】22764265 的第 4 个心跳包发送成功
[02:14:36 INF] 【直播间】23357926 的第 5 个心跳包发送成功
[02:14:37 INF] 【直播间】23040372 的第 5 个心跳包发送成功
[02:14:38 INF] 【直播间】31494 的第 5 个心跳包发送成功
[02:14:40 INF] 【直播间】4015781 的第 5 个心跳包发送成功
[02:14:41 INF] 【直播间】9619073 的第 5 个心跳包发送成功
[02:14:42 INF] 【直播间】407149 的第 5 个心跳包发送成功
[02:14:43 INF] 【直播间】7184632 的第 5 个心跳包发送成功
[02:14:45 INF] 【直播间】23447660 的第 5 个心跳包发送成功
[02:14:46 INF] 【直播间】929670 的第 5 个心跳包发送成功
[02:14:47 INF] 【直播间】11732699 的第 5 个心跳包发送成功
[02:14:49 INF] 【直播间】91164 的第 5 个心跳包发送成功
[02:14:50 INF] 【直播间】22764265 的第 5 个心跳包发送成功
[02:15:42 INF] 【直播间】23357926 的第 6 个心跳包发送成功
[02:15:44 INF] 【直播间】23040372 的第 6 个心跳包发送成功
[02:15:45 INF] 【直播间】31494 的第 6 个心跳包发送成功
[02:15:46 INF] 【直播间】4015781 的第 6 个心跳包发送成功
[02:15:47 INF] 【直播间】9619073 的第 6 个心跳包发送成功
[02:15:49 INF] 【直播间】407149 的第 6 个心跳包发送成功
[02:15:50 INF] 【直播间】7184632 的第 6 个心跳包发送成功
[02:15:51 INF] 【直播间】23447660 的第 6 个心跳包发送成功
[02:15:52 INF] 【直播间】929670 的第 6 个心跳包发送成功
[02:15:54 INF] 【直播间】11732699 的第 6 个心跳包发送成功
[02:15:55 INF] 【直播间】91164 的第 6 个心跳包发送成功
[02:15:56 INF] 【直播间】22764265 的第 6 个心跳包发送成功
[02:16:49 INF] 【直播间】23357926 的第 7 个心跳包发送成功
[02:16:50 INF] 【直播间】23040372 的第 7 个心跳包发送成功
[02:16:52 INF] 【直播间】31494 的第 7 个心跳包发送成功
[02:16:53 INF] 【直播间】4015781 的第 7 个心跳包发送成功
[02:16:54 INF] 【直播间】9619073 的第 7 个心跳包发送成功
[02:16:56 INF] 【直播间】407149 的第 7 个心跳包发送成功
[02:16:57 INF] 【直播间】7184632 的第 7 个心跳包发送成功
[02:16:58 INF] 【直播间】23447660 的第 7 个心跳包发送成功
[02:16:59 INF] 【直播间】929670 的第 7 个心跳包发送成功
[02:17:01 INF] 【直播间】11732699 的第 7 个心跳包发送成功
[02:17:02 INF] 【直播间】91164 的第 7 个心跳包发送成功
[02:17:03 INF] 【直播间】22764265 的第 7 个心跳包发送成功
[02:17:56 INF] 【直播间】23357926 的第 8 个心跳包发送成功
[02:17:57 INF] 【直播间】23040372 的第 8 个心跳包发送成功
[02:17:58 INF] 【直播间】31494 的第 8 个心跳包发送成功
[02:17:59 INF] 【直播间】4015781 的第 8 个心跳包发送成功
[02:18:01 INF] 【直播间】9619073 的第 8 个心跳包发送成功
[02:18:02 INF] 【直播间】407149 的第 8 个心跳包发送成功
[02:18:03 INF] 【直播间】7184632 的第 8 个心跳包发送成功
[02:18:04 INF] 【直播间】23447660 的第 8 个心跳包发送成功
[02:18:06 INF] 【直播间】929670 的第 8 个心跳包发送成功
[02:18:07 INF] 【直播间】11732699 的第 8 个心跳包发送成功
[02:18:08 INF] 【直播间】91164 的第 8 个心跳包发送成功
[02:18:10 INF] 【直播间】22764265 的第 8 个心跳包发送成功
[02:19:02 INF] 【直播间】23357926 的第 9 个心跳包发送成功
[02:19:04 INF] 【直播间】23040372 的第 9 个心跳包发送成功
[02:19:05 INF] 【直播间】31494 的第 9 个心跳包发送成功
[02:19:06 INF] 【直播间】4015781 的第 9 个心跳包发送成功
[02:19:08 INF] 【直播间】9619073 的第 9 个心跳包发送成功
[02:19:09 INF] 【直播间】407149 的第 9 个心跳包发送成功
[02:19:10 INF] 【直播间】7184632 的第 9 个心跳包发送成功
[02:19:11 INF] 【直播间】23447660 的第 9 个心跳包发送成功
[02:19:13 INF] 【直播间】929670 的第 9 个心跳包发送成功
[02:19:14 INF] 【直播间】11732699 的第 9 个心跳包发送成功
[02:19:15 INF] 【直播间】91164 的第 9 个心跳包发送成功
[02:19:16 INF] 【直播间】22764265 的第 9 个心跳包发送成功
[02:20:09 INF] 【直播间】23357926 的第 10 个心跳包发送成功
[02:20:10 INF] 【直播间】23040372 的第 10 个心跳包发送成功
[02:20:12 INF] 【直播间】31494 的第 10 个心跳包发送成功
[02:20:13 INF] 【直播间】4015781 的第 10 个心跳包发送成功
[02:20:14 INF] 【直播间】9619073 的第 10 个心跳包发送成功
[02:20:15 INF] 【直播间】407149 的第 10 个心跳包发送成功
[02:20:17 INF] 【直播间】7184632 的第 10 个心跳包发送成功
[02:20:18 INF] 【直播间】23447660 的第 10 个心跳包发送成功
[02:20:19 INF] 【直播间】929670 的第 10 个心跳包发送成功
[02:20:21 INF] 【直播间】11732699 的第 10 个心跳包发送成功
[02:20:22 INF] 【直播间】91164 的第 10 个心跳包发送成功
[02:20:23 INF] 【直播间】22764265 的第 10 个心跳包发送成功
[02:21:16 INF] 【直播间】23357926 的第 11 个心跳包发送成功
[02:21:17 INF] 【直播间】23040372 的第 11 个心跳包发送成功
[02:21:18 INF] 【直播间】31494 的第 11 个心跳包发送成功
[02:21:20 INF] 【直播间】4015781 的第 11 个心跳包发送成功
[02:21:21 INF] 【直播间】9619073 的第 11 个心跳包发送成功
[02:21:22 INF] 【直播间】407149 的第 11 个心跳包发送成功
[02:21:23 INF] 【直播间】7184632 的第 11 个心跳包发送成功
[02:21:25 INF] 【直播间】23447660 的第 11 个心跳包发送成功
[02:21:26 INF] 【直播间】929670 的第 11 个心跳包发送成功
[02:21:27 INF] 【直播间】11732699 的第 11 个心跳包发送成功
[02:21:28 INF] 【直播间】91164 的第 11 个心跳包发送成功
[02:21:30 INF] 【直播间】22764265 的第 11 个心跳包发送成功
[02:22:22 INF] 【直播间】23357926 的第 12 个心跳包发送成功
[02:22:24 INF] 【直播间】23040372 的第 12 个心跳包发送成功
[02:22:25 INF] 【直播间】31494 的第 12 个心跳包发送成功
[02:22:26 INF] 【直播间】4015781 的第 12 个心跳包发送成功
[02:22:27 INF] 【直播间】9619073 的第 12 个心跳包发送成功
[02:22:29 INF] 【直播间】407149 的第 12 个心跳包发送成功
[02:22:30 INF] 【直播间】7184632 的第 12 个心跳包发送成功
[02:22:31 INF] 【直播间】23447660 的第 12 个心跳包发送成功
[02:22:32 INF] 【直播间】929670 的第 12 个心跳包发送成功
[02:22:34 INF] 【直播间】11732699 的第 12 个心跳包发送成功
[02:22:35 INF] 【直播间】91164 的第 12 个心跳包发送成功
[02:22:36 INF] 【直播间】22764265 的第 12 个心跳包发送成功
[02:23:29 INF] 【直播间】23357926 的第 13 个心跳包发送成功
[02:23:30 INF] 【直播间】23040372 的第 13 个心跳包发送成功
[02:23:31 INF] 【直播间】31494 的第 13 个心跳包发送成功
[02:23:33 INF] 【直播间】4015781 的第 13 个心跳包发送成功
[02:23:34 INF] 【直播间】9619073 的第 13 个心跳包发送成功
[02:23:35 INF] 【直播间】407149 的第 13 个心跳包发送成功
[02:23:36 INF] 【直播间】7184632 的第 13 个心跳包发送成功
[02:23:38 INF] 【直播间】23447660 的第 13 个心跳包发送成功
[02:23:39 INF] 【直播间】929670 的第 13 个心跳包发送成功
[02:23:40 INF] 【直播间】11732699 的第 13 个心跳包发送成功
[02:23:41 INF] 【直播间】91164 的第 13 个心跳包发送成功
[02:23:43 INF] 【直播间】22764265 的第 13 个心跳包发送成功
[02:24:35 INF] 【直播间】23357926 的第 14 个心跳包发送成功
[02:24:37 INF] 【直播间】23040372 的第 14 个心跳包发送成功
[02:24:38 INF] 【直播间】31494 的第 14 个心跳包发送成功
[02:24:39 INF] 【直播间】4015781 的第 14 个心跳包发送成功
[02:24:40 INF] 【直播间】9619073 的第 14 个心跳包发送成功
[02:24:42 INF] 【直播间】407149 的第 14 个心跳包发送成功
[02:24:43 INF] 【直播间】7184632 的第 14 个心跳包发送成功
[02:24:44 INF] 【直播间】23447660 的第 14 个心跳包发送成功
[02:24:45 INF] 【直播间】929670 的第 14 个心跳包发送成功
[02:24:46 INF] 【直播间】11732699 的第 14 个心跳包发送成功
[02:24:48 INF] 【直播间】91164 的第 14 个心跳包发送成功
[02:24:49 INF] 【直播间】22764265 的第 14 个心跳包发送成功
[02:25:42 ERR] 【心跳包】直播间 23357926 发送失败
[02:25:42 ERR] 【原因】time check failed
[02:25:43 ERR] 【心跳包】直播间 23040372 发送失败
[02:25:43 ERR] 【原因】time check failed
[02:25:45 ERR] 【心跳包】直播间 31494 发送失败
[02:25:45 ERR] 【原因】time check failed
[02:25:46 ERR] 【心跳包】直播间 4015781 发送失败
[02:25:46 ERR] 【原因】time check failed
[02:25:47 ERR] 【心跳包】直播间 9619073 发送失败
[02:25:47 ERR] 【原因】time check failed
[02:25:48 ERR] 【心跳包】直播间 407149 发送失败
[02:25:48 ERR] 【原因】time check failed
[02:25:50 ERR] 【心跳包】直播间 7184632 发送失败
[02:25:50 ERR] 【原因】time check failed
[02:25:51 ERR] 【心跳包】直播间 23447660 发送失败
[02:25:51 ERR] 【原因】time check failed
[02:25:52 ERR] 【心跳包】直播间 929670 发送失败
[02:25:52 ERR] 【原因】time check failed
[02:25:53 ERR] 【心跳包】直播间 11732699 发送失败
[02:25:53 ERR] 【原因】time check failed
[02:25:55 ERR] 【心跳包】直播间 91164 发送失败
[02:25:55 ERR] 【原因】time check failed
[02:25:56 ERR] 【心跳包】直播间 22764265 发送失败
[02:25:56 ERR] 【原因】time check failed
[02:26:49 INF] 【直播间】23357926 的第 15 个心跳包发送成功
[02:26:50 INF] 【直播间】23040372 的第 15 个心跳包发送成功
[02:26:51 INF] 【直播间】31494 的第 15 个心跳包发送成功
[02:26:52 INF] 【直播间】4015781 的第 15 个心跳包发送成功
[02:26:54 INF] 【直播间】9619073 的第 15 个心跳包发送成功
[02:26:55 INF] 【直播间】407149 的第 15 个心跳包发送成功
[02:26:56 INF] 【直播间】7184632 的第 15 个心跳包发送成功
[02:26:57 INF] 【直播间】23447660 的第 15 个心跳包发送成功
[02:26:59 INF] 【直播间】929670 的第 15 个心跳包发送成功
[02:27:00 INF] 【直播间】11732699 的第 15 个心跳包发送成功
[02:27:01 INF] 【直播间】91164 的第 15 个心跳包发送成功
[02:27:02 INF] 【直播间】22764265 的第 15 个心跳包发送成功
[02:27:55 INF] 【直播间】23357926 的第 16 个心跳包发送成功
[02:27:56 INF] 【直播间】23040372 的第 16 个心跳包发送成功
[02:27:58 INF] 【直播间】31494 的第 16 个心跳包发送成功
[02:27:59 INF] 【直播间】4015781 的第 16 个心跳包发送成功
[02:28:00 INF] 【直播间】9619073 的第 16 个心跳包发送成功
[02:28:01 INF] 【直播间】407149 的第 16 个心跳包发送成功
[02:28:03 INF] 【直播间】7184632 的第 16 个心跳包发送成功
[02:28:04 INF] 【直播间】23447660 的第 16 个心跳包发送成功
[02:28:05 INF] 【直播间】929670 的第 16 个心跳包发送成功
[02:28:06 INF] 【直播间】11732699 的第 16 个心跳包发送成功
[02:28:08 INF] 【直播间】91164 的第 16 个心跳包发送成功
[02:28:09 INF] 【直播间】22764265 的第 16 个心跳包发送成功
[02:29:02 INF] 【直播间】23357926 的第 17 个心跳包发送成功
[02:29:03 INF] 【直播间】23040372 的第 17 个心跳包发送成功
[02:29:04 INF] 【直播间】31494 的第 17 个心跳包发送成功
[02:29:05 INF] 【直播间】4015781 的第 17 个心跳包发送成功
[02:29:07 INF] 【直播间】9619073 的第 17 个心跳包发送成功
[02:29:08 INF] 【直播间】407149 的第 17 个心跳包发送成功
[02:29:09 INF] 【直播间】7184632 的第 17 个心跳包发送成功
[02:29:10 INF] 【直播间】23447660 的第 17 个心跳包发送成功
[02:29:12 INF] 【直播间】929670 的第 17 个心跳包发送成功
[02:29:13 INF] 【直播间】11732699 的第 17 个心跳包发送成功
[02:29:14 INF] 【直播间】91164 的第 17 个心跳包发送成功
[02:29:16 INF] 【直播间】22764265 的第 17 个心跳包发送成功
[02:30:08 INF] 【直播间】23357926 的第 18 个心跳包发送成功
[02:30:09 INF] 【直播间】23040372 的第 18 个心跳包发送成功
[02:30:11 INF] 【直播间】31494 的第 18 个心跳包发送成功
[02:30:12 INF] 【直播间】4015781 的第 18 个心跳包发送成功
[02:30:13 INF] 【直播间】9619073 的第 18 个心跳包发送成功
[02:30:15 INF] 【直播间】407149 的第 18 个心跳包发送成功
[02:30:16 INF] 【直播间】7184632 的第 18 个心跳包发送成功
[02:30:17 INF] 【直播间】23447660 的第 18 个心跳包发送成功
[02:30:18 INF] 【直播间】929670 的第 18 个心跳包发送成功
[02:30:20 INF] 【直播间】11732699 的第 18 个心跳包发送成功
[02:30:21 INF] 【直播间】91164 的第 18 个心跳包发送成功
[02:30:22 INF] 【直播间】22764265 的第 18 个心跳包发送成功
[02:31:15 INF] 【直播间】23357926 的第 19 个心跳包发送成功
[02:31:16 INF] 【直播间】23040372 的第 19 个心跳包发送成功
[02:31:17 INF] 【直播间】31494 的第 19 个心跳包发送成功
[02:31:18 INF] 【直播间】4015781 的第 19 个心跳包发送成功
[02:31:20 INF] 【直播间】9619073 的第 19 个心跳包发送成功
[02:31:21 INF] 【直播间】407149 的第 19 个心跳包发送成功
[02:31:22 INF] 【直播间】7184632 的第 19 个心跳包发送成功
[02:31:23 INF] 【直播间】23447660 的第 19 个心跳包发送成功
[02:31:25 INF] 【直播间】929670 的第 19 个心跳包发送成功
[02:31:26 INF] 【直播间】11732699 的第 19 个心跳包发送成功
[02:31:27 INF] 【直播间】91164 的第 19 个心跳包发送成功
[02:31:29 INF] 【直播间】22764265 的第 19 个心跳包发送成功
[02:32:21 INF] 【直播间】23357926 的第 20 个心跳包发送成功
[02:32:23 INF] 【直播间】23040372 的第 20 个心跳包发送成功
[02:32:24 INF] 【直播间】31494 的第 20 个心跳包发送成功
[02:32:25 INF] 【直播间】4015781 的第 20 个心跳包发送成功
[02:32:26 INF] 【直播间】9619073 的第 20 个心跳包发送成功
[02:32:28 INF] 【直播间】407149 的第 20 个心跳包发送成功
[02:32:29 INF] 【直播间】7184632 的第 20 个心跳包发送成功
[02:32:30 INF] 【直播间】23447660 的第 20 个心跳包发送成功
[02:32:31 INF] 【直播间】929670 的第 20 个心跳包发送成功
[02:32:33 INF] 【直播间】11732699 的第 20 个心跳包发送成功
[02:32:34 INF] 【直播间】91164 的第 20 个心跳包发送成功
[02:32:35 INF] 【直播间】22764265 的第 20 个心跳包发送成功
[02:33:28 INF] 【直播间】23357926 的第 21 个心跳包发送成功
[02:33:29 INF] 【直播间】23040372 的第 21 个心跳包发送成功
[02:33:31 INF] 【直播间】31494 的第 21 个心跳包发送成功
[02:33:32 INF] 【直播间】4015781 的第 21 个心跳包发送成功
[02:33:33 INF] 【直播间】9619073 的第 21 个心跳包发送成功
[02:33:34 INF] 【直播间】407149 的第 21 个心跳包发送成功
[02:33:36 INF] 【直播间】7184632 的第 21 个心跳包发送成功
[02:33:37 INF] 【直播间】23447660 的第 21 个心跳包发送成功
[02:33:38 INF] 【直播间】929670 的第 21 个心跳包发送成功
[02:33:39 INF] 【直播间】11732699 的第 21 个心跳包发送成功
[02:33:41 INF] 【直播间】91164 的第 21 个心跳包发送成功
[02:33:42 INF] 【直播间】22764265 的第 21 个心跳包发送成功
[02:34:35 INF] 【直播间】23357926 的第 22 个心跳包发送成功
[02:34:36 INF] 【直播间】23040372 的第 22 个心跳包发送成功
[02:34:37 INF] 【直播间】31494 的第 22 个心跳包发送成功
[02:34:38 INF] 【直播间】4015781 的第 22 个心跳包发送成功
[02:34:40 INF] 【直播间】9619073 的第 22 个心跳包发送成功
[02:34:41 INF] 【直播间】407149 的第 22 个心跳包发送成功
[02:34:42 INF] 【直播间】7184632 的第 22 个心跳包发送成功
[02:34:43 INF] 【直播间】23447660 的第 22 个心跳包发送成功
[02:34:45 INF] 【直播间】929670 的第 22 个心跳包发送成功
[02:34:46 INF] 【直播间】11732699 的第 22 个心跳包发送成功
[02:34:47 INF] 【直播间】91164 的第 22 个心跳包发送成功
[02:34:49 INF] 【直播间】22764265 的第 22 个心跳包发送成功
[02:35:41 INF] 【直播间】23357926 的第 23 个心跳包发送成功
[02:35:42 INF] 【直播间】23040372 的第 23 个心跳包发送成功
[02:35:44 INF] 【直播间】31494 的第 23 个心跳包发送成功
[02:35:45 INF] 【直播间】4015781 的第 23 个心跳包发送成功
[02:35:46 INF] 【直播间】9619073 的第 23 个心跳包发送成功
[02:35:48 INF] 【直播间】407149 的第 23 个心跳包发送成功
[02:35:49 INF] 【直播间】7184632 的第 23 个心跳包发送成功
[02:35:50 INF] 【直播间】23447660 的第 23 个心跳包发送成功
[02:35:51 INF] 【直播间】929670 的第 23 个心跳包发送成功
[02:35:53 INF] 【直播间】11732699 的第 23 个心跳包发送成功
[02:35:54 INF] 【直播间】91164 的第 23 个心跳包发送成功
[02:35:55 INF] 【直播间】22764265 的第 23 个心跳包发送成功
[02:36:48 INF] 【直播间】23357926 的第 24 个心跳包发送成功
[02:36:49 INF] 【直播间】23040372 的第 24 个心跳包发送成功
[02:36:50 INF] 【直播间】31494 的第 24 个心跳包发送成功
[02:36:51 INF] 【直播间】4015781 的第 24 个心跳包发送成功
[02:36:53 INF] 【直播间】9619073 的第 24 个心跳包发送成功
[02:36:54 INF] 【直播间】407149 的第 24 个心跳包发送成功
[02:36:55 INF] 【直播间】7184632 的第 24 个心跳包发送成功
[02:36:56 INF] 【直播间】23447660 的第 24 个心跳包发送成功
[02:36:58 INF] 【直播间】929670 的第 24 个心跳包发送成功
[02:36:59 INF] 【直播间】11732699 的第 24 个心跳包发送成功
[02:37:00 INF] 【直播间】91164 的第 24 个心跳包发送成功
[02:37:01 INF] 【直播间】22764265 的第 24 个心跳包发送成功
[02:37:55 INF] 【直播间】23357926 的第 25 个心跳包发送成功
[02:37:56 INF] 【直播间】23040372 的第 25 个心跳包发送成功
[02:37:57 INF] 【直播间】31494 的第 25 个心跳包发送成功
[02:37:58 INF] 【直播间】4015781 的第 25 个心跳包发送成功
[02:38:00 INF] 【直播间】9619073 的第 25 个心跳包发送成功
[02:38:01 INF] 【直播间】407149 的第 25 个心跳包发送成功
[02:38:02 INF] 【直播间】7184632 的第 25 个心跳包发送成功
[02:38:03 INF] 【直播间】23447660 的第 25 个心跳包发送成功
[02:38:05 INF] 【直播间】929670 的第 25 个心跳包发送成功
[02:38:06 INF] 【直播间】11732699 的第 25 个心跳包发送成功
[02:38:07 INF] 【直播间】91164 的第 25 个心跳包发送成功
[02:38:08 INF] 【直播间】22764265 的第 25 个心跳包发送成功
[02:39:01 INF] 【直播间】23357926 的第 26 个心跳包发送成功
[02:39:02 INF] 【直播间】23040372 的第 26 个心跳包发送成功
[02:39:04 INF] 【直播间】31494 的第 26 个心跳包发送成功
[02:39:05 INF] 【直播间】4015781 的第 26 个心跳包发送成功
[02:39:06 INF] 【直播间】9619073 的第 26 个心跳包发送成功
[02:39:07 INF] 【直播间】407149 的第 26 个心跳包发送成功
[02:39:09 INF] 【直播间】7184632 的第 26 个心跳包发送成功
[02:39:10 INF] 【直播间】23447660 的第 26 个心跳包发送成功
[02:39:11 INF] 【直播间】929670 的第 26 个心跳包发送成功
[02:39:13 INF] 【直播间】11732699 的第 26 个心跳包发送成功
[02:39:14 INF] 【直播间】91164 的第 26 个心跳包发送成功
[02:39:15 INF] 【直播间】22764265 的第 26 个心跳包发送成功
[02:40:08 INF] 【直播间】23357926 的第 27 个心跳包发送成功
[02:40:09 INF] 【直播间】23040372 的第 27 个心跳包发送成功
[02:40:10 INF] 【直播间】31494 的第 27 个心跳包发送成功
[02:40:12 INF] 【直播间】4015781 的第 27 个心跳包发送成功
[02:40:13 INF] 【直播间】9619073 的第 27 个心跳包发送成功
[02:40:14 INF] 【直播间】407149 的第 27 个心跳包发送成功
[02:40:15 INF] 【直播间】7184632 的第 27 个心跳包发送成功
[02:40:17 INF] 【直播间】23447660 的第 27 个心跳包发送成功
[02:40:18 INF] 【直播间】929670 的第 27 个心跳包发送成功
[02:40:19 INF] 【直播间】11732699 的第 27 个心跳包发送成功
[02:40:20 INF] 【直播间】91164 的第 27 个心跳包发送成功
[02:40:22 INF] 【直播间】22764265 的第 27 个心跳包发送成功
[02:41:14 ERR] 【心跳包】直播间 23357926 发送失败
[02:41:14 ERR] 【原因】time check failed
[02:41:16 ERR] 【心跳包】直播间 23040372 发送失败
[02:41:16 ERR] 【原因】time check failed
[02:41:17 ERR] 【心跳包】直播间 31494 发送失败
[02:41:17 ERR] 【原因】time check failed
[02:41:18 ERR] 【心跳包】直播间 4015781 发送失败
[02:41:18 ERR] 【原因】time check failed
[02:41:19 ERR] 【心跳包】直播间 9619073 发送失败
[02:41:19 ERR] 【原因】time check failed
[02:41:21 ERR] 【心跳包】直播间 407149 发送失败
[02:41:21 ERR] 【原因】time check failed
[02:41:22 ERR] 【心跳包】直播间 7184632 发送失败
[02:41:22 ERR] 【原因】time check failed
[02:41:23 ERR] 【心跳包】直播间 23447660 发送失败
[02:41:23 ERR] 【原因】time check failed
[02:41:24 ERR] 【心跳包】直播间 929670 发送失败
[02:41:24 ERR] 【原因】time check failed
[02:41:26 ERR] 【心跳包】直播间 11732699 发送失败
[02:41:26 ERR] 【原因】time check failed
[02:41:27 ERR] 【心跳包】直播间 91164 发送失败
[02:41:27 ERR] 【原因】time check failed
[02:41:28 ERR] 【心跳包】直播间 22764265 发送失败
[02:41:28 ERR] 【原因】time check failed
[02:42:21 INF] 【直播间】23357926 的第 28 个心跳包发送成功
[02:42:22 INF] 【直播间】23040372 的第 28 个心跳包发送成功
[02:42:23 INF] 【直播间】31494 的第 28 个心跳包发送成功
[02:42:24 INF] 【直播间】4015781 的第 28 个心跳包发送成功
[02:42:26 INF] 【直播间】9619073 的第 28 个心跳包发送成功
[02:42:27 INF] 【直播间】407149 的第 28 个心跳包发送成功
[02:42:28 INF] 【直播间】7184632 的第 28 个心跳包发送成功
[02:42:29 INF] 【直播间】23447660 的第 28 个心跳包发送成功
[02:42:31 INF] 【直播间】929670 的第 28 个心跳包发送成功
[02:42:32 INF] 【直播间】11732699 的第 28 个心跳包发送成功
[02:42:33 INF] 【直播间】91164 的第 28 个心跳包发送成功
[02:42:34 INF] 【直播间】22764265 的第 28 个心跳包发送成功
[02:43:28 INF] 【直播间】23357926 的第 29 个心跳包发送成功
[02:43:29 INF] 【直播间】23040372 的第 29 个心跳包发送成功
[02:43:30 INF] 【直播间】31494 的第 29 个心跳包发送成功
[02:43:31 INF] 【直播间】4015781 的第 29 个心跳包发送成功
[02:43:33 INF] 【直播间】9619073 的第 29 个心跳包发送成功
[02:43:34 INF] 【直播间】407149 的第 29 个心跳包发送成功
[02:43:35 INF] 【直播间】7184632 的第 29 个心跳包发送成功
[02:43:36 INF] 【直播间】23447660 的第 29 个心跳包发送成功
[02:43:38 INF] 【直播间】929670 的第 29 个心跳包发送成功
[02:43:39 INF] 【直播间】11732699 的第 29 个心跳包发送成功
[02:43:40 INF] 【直播间】91164 的第 29 个心跳包发送成功
[02:43:41 INF] 【直播间】22764265 的第 29 个心跳包发送成功
[02:44:34 INF] 【直播间】23357926 的第 30 个心跳包发送成功
[02:44:35 INF] 【直播间】23040372 的第 30 个心跳包发送成功
[02:44:37 INF] 【直播间】31494 的第 30 个心跳包发送成功
[02:44:38 INF] 【直播间】4015781 的第 30 个心跳包发送成功
[02:44:39 INF] 【直播间】9619073 的第 30 个心跳包发送成功
[02:44:41 INF] 【直播间】407149 的第 30 个心跳包发送成功
[02:44:42 INF] 【直播间】7184632 的第 30 个心跳包发送成功
[02:44:43 INF] 【直播间】23447660 的第 30 个心跳包发送成功
[02:44:45 INF] 【直播间】929670 的第 30 个心跳包发送成功
[02:44:46 INF] 【直播间】11732699 的第 30 个心跳包发送成功
[02:44:48 INF] 【直播间】91164 的第 30 个心跳包发送成功
[02:44:49 INF] 【直播间】22764265 的第 30 个心跳包发送成功
[02:45:41 INF] 【直播间】23357926 的第 31 个心跳包发送成功
[02:45:42 INF] 【直播间】23040372 的第 31 个心跳包发送成功
[02:45:43 INF] 【直播间】31494 的第 31 个心跳包发送成功
[02:45:45 INF] 【直播间】4015781 的第 31 个心跳包发送成功
[02:45:46 INF] 【直播间】9619073 的第 31 个心跳包发送成功
[02:45:47 INF] 【直播间】407149 的第 31 个心跳包发送成功
[02:45:49 INF] 【直播间】7184632 的第 31 个心跳包发送成功
[02:45:50 INF] 【直播间】23447660 的第 31 个心跳包发送成功
[02:45:51 INF] 【直播间】929670 的第 31 个心跳包发送成功
[02:45:52 INF] 【直播间】11732699 的第 31 个心跳包发送成功
[02:45:54 INF] 【直播间】91164 的第 31 个心跳包发送成功
[02:45:55 INF] 【直播间】22764265 的第 31 个心跳包发送成功
[02:46:47 INF] 【直播间】23357926 的第 32 个心跳包发送成功
[02:46:49 INF] 【直播间】23040372 的第 32 个心跳包发送成功
[02:46:50 INF] 【直播间】31494 的第 32 个心跳包发送成功
[02:46:51 INF] 【直播间】4015781 的第 32 个心跳包发送成功
[02:46:53 INF] 【直播间】9619073 的第 32 个心跳包发送成功
[02:46:54 INF] 【直播间】407149 的第 32 个心跳包发送成功
[02:46:55 INF] 【直播间】7184632 的第 32 个心跳包发送成功
[02:46:56 INF] 【直播间】23447660 的第 32 个心跳包发送成功
[02:46:58 INF] 【直播间】929670 的第 32 个心跳包发送成功
[02:46:59 INF] 【直播间】11732699 的第 32 个心跳包发送成功
[02:47:00 INF] 【直播间】91164 的第 32 个心跳包发送成功
[02:47:01 INF] 【直播间】22764265 的第 32 个心跳包发送成功
[02:47:54 INF] 【直播间】23357926 的第 33 个心跳包发送成功
[02:47:55 INF] 【直播间】23040372 的第 33 个心跳包发送成功
[02:47:57 INF] 【直播间】31494 的第 33 个心跳包发送成功
[02:47:58 INF] 【直播间】4015781 的第 33 个心跳包发送成功
[02:47:59 INF] 【直播间】9619073 的第 33 个心跳包发送成功
[02:48:01 INF] 【直播间】407149 的第 33 个心跳包发送成功
[02:48:02 INF] 【直播间】7184632 的第 33 个心跳包发送成功
[02:48:03 INF] 【直播间】23447660 的第 33 个心跳包发送成功
[02:48:04 INF] 【直播间】929670 的第 33 个心跳包发送成功
[02:48:06 INF] 【直播间】11732699 的第 33 个心跳包发送成功
[02:48:07 INF] 【直播间】91164 的第 33 个心跳包发送成功
[02:48:08 INF] 【直播间】22764265 的第 33 个心跳包发送成功
[02:49:01 INF] 【直播间】23357926 的第 34 个心跳包发送成功
[02:49:02 INF] 【直播间】23040372 的第 34 个心跳包发送成功
[02:49:03 INF] 【直播间】31494 的第 34 个心跳包发送成功
[02:49:04 INF] 【直播间】4015781 的第 34 个心跳包发送成功
[02:49:06 INF] 【直播间】9619073 的第 34 个心跳包发送成功
[02:49:07 INF] 【直播间】407149 的第 34 个心跳包发送成功
[02:49:08 INF] 【直播间】7184632 的第 34 个心跳包发送成功
[02:49:09 INF] 【直播间】23447660 的第 34 个心跳包发送成功
[02:49:11 INF] 【直播间】929670 的第 34 个心跳包发送成功
[02:49:12 INF] 【直播间】11732699 的第 34 个心跳包发送成功
[02:49:13 INF] 【直播间】91164 的第 34 个心跳包发送成功
[02:49:14 INF] 【直播间】22764265 的第 34 个心跳包发送成功
[02:50:08 INF] 【直播间】23357926 的第 35 个心跳包发送成功
[02:50:09 INF] 【直播间】23040372 的第 35 个心跳包发送成功
[02:50:10 INF] 【直播间】31494 的第 35 个心跳包发送成功
[02:50:11 INF] 【直播间】4015781 的第 35 个心跳包发送成功
[02:50:12 INF] 【直播间】9619073 的第 35 个心跳包发送成功
[02:50:14 INF] 【直播间】407149 的第 35 个心跳包发送成功
[02:50:15 INF] 【直播间】7184632 的第 35 个心跳包发送成功
[02:50:16 INF] 【直播间】23447660 的第 35 个心跳包发送成功
[02:50:17 INF] 【直播间】929670 的第 35 个心跳包发送成功
[02:50:19 INF] 【直播间】11732699 的第 35 个心跳包发送成功
[02:50:20 INF] 【直播间】91164 的第 35 个心跳包发送成功
[02:50:21 INF] 【直播间】22764265 的第 35 个心跳包发送成功
[02:51:14 INF] 【直播间】23357926 的第 36 个心跳包发送成功
[02:51:15 INF] 【直播间】23040372 的第 36 个心跳包发送成功
[02:51:17 INF] 【直播间】31494 的第 36 个心跳包发送成功
[02:51:18 INF] 【直播间】4015781 的第 36 个心跳包发送成功
[02:51:19 INF] 【直播间】9619073 的第 36 个心跳包发送成功
[02:51:20 INF] 【直播间】407149 的第 36 个心跳包发送成功
[02:51:22 INF] 【直播间】7184632 的第 36 个心跳包发送成功
[02:51:23 INF] 【直播间】23447660 的第 36 个心跳包发送成功
[02:51:24 INF] 【直播间】929670 的第 36 个心跳包发送成功
[02:51:25 INF] 【直播间】11732699 的第 36 个心跳包发送成功
[02:51:27 INF] 【直播间】91164 的第 36 个心跳包发送成功
[02:51:28 INF] 【直播间】22764265 的第 36 个心跳包发送成功
[02:52:21 INF] 【直播间】23357926 的第 37 个心跳包发送成功
[02:52:22 INF] 【直播间】23040372 的第 37 个心跳包发送成功
[02:52:23 INF] 【直播间】31494 的第 37 个心跳包发送成功
[02:52:25 INF] 【直播间】4015781 的第 37 个心跳包发送成功
[02:52:26 INF] 【直播间】9619073 的第 37 个心跳包发送成功
[02:52:27 INF] 【直播间】407149 的第 37 个心跳包发送成功
[02:52:28 INF] 【直播间】7184632 的第 37 个心跳包发送成功
[02:52:30 INF] 【直播间】23447660 的第 37 个心跳包发送成功
[02:52:31 INF] 【直播间】929670 的第 37 个心跳包发送成功
[02:52:32 INF] 【直播间】11732699 的第 37 个心跳包发送成功
[02:52:33 INF] 【直播间】91164 的第 37 个心跳包发送成功
[02:52:35 INF] 【直播间】22764265 的第 37 个心跳包发送成功
[02:53:27 INF] 【直播间】23357926 的第 38 个心跳包发送成功
[02:53:28 INF] 【直播间】23040372 的第 38 个心跳包发送成功
[02:53:30 INF] 【直播间】31494 的第 38 个心跳包发送成功
[02:53:31 INF] 【直播间】4015781 的第 38 个心跳包发送成功
[02:53:32 INF] 【直播间】9619073 的第 38 个心跳包发送成功
[02:53:34 INF] 【直播间】407149 的第 38 个心跳包发送成功
[02:53:35 INF] 【直播间】7184632 的第 38 个心跳包发送成功
[02:53:36 INF] 【直播间】23447660 的第 38 个心跳包发送成功
[02:53:37 INF] 【直播间】929670 的第 38 个心跳包发送成功
[02:53:39 INF] 【直播间】11732699 的第 38 个心跳包发送成功
[02:53:40 INF] 【直播间】91164 的第 38 个心跳包发送成功
[02:53:41 INF] 【直播间】22764265 的第 38 个心跳包发送成功
[02:54:34 INF] 【直播间】23357926 的第 39 个心跳包发送成功
[02:54:35 INF] 【直播间】23040372 的第 39 个心跳包发送成功
[02:54:36 INF] 【直播间】31494 的第 39 个心跳包发送成功
[02:54:37 INF] 【直播间】4015781 的第 39 个心跳包发送成功
[02:54:39 INF] 【直播间】9619073 的第 39 个心跳包发送成功
[02:54:40 INF] 【直播间】407149 的第 39 个心跳包发送成功
[02:54:41 INF] 【直播间】7184632 的第 39 个心跳包发送成功
[02:54:43 INF] 【直播间】23447660 的第 39 个心跳包发送成功
[02:54:44 INF] 【直播间】929670 的第 39 个心跳包发送成功
[02:54:45 INF] 【直播间】11732699 的第 39 个心跳包发送成功
[02:54:46 INF] 【直播间】91164 的第 39 个心跳包发送成功
[02:54:48 INF] 【直播间】22764265 的第 39 个心跳包发送成功
[02:55:40 INF] 【直播间】23357926 的第 40 个心跳包发送成功
[02:55:42 INF] 【直播间】23040372 的第 40 个心跳包发送成功
[02:55:43 INF] 【直播间】31494 的第 40 个心跳包发送成功
[02:55:44 INF] 【直播间】4015781 的第 40 个心跳包发送成功
[02:55:46 INF] 【直播间】9619073 的第 40 个心跳包发送成功
[02:55:47 INF] 【直播间】407149 的第 40 个心跳包发送成功
[02:55:48 INF] 【直播间】7184632 的第 40 个心跳包发送成功
[02:55:49 INF] 【直播间】23447660 的第 40 个心跳包发送成功
[02:55:51 INF] 【直播间】929670 的第 40 个心跳包发送成功
[02:55:52 INF] 【直播间】11732699 的第 40 个心跳包发送成功
[02:55:53 INF] 【直播间】91164 的第 40 个心跳包发送成功
[02:55:54 INF] 【直播间】22764265 的第 40 个心跳包发送成功
[02:56:47 ERR] 【心跳包】直播间 23357926 发送失败
[02:56:47 ERR] 【原因】time check failed
[02:56:48 ERR] 【心跳包】直播间 23040372 发送失败
[02:56:48 ERR] 【原因】time check failed
[02:56:50 ERR] 【心跳包】直播间 31494 发送失败
[02:56:50 ERR] 【原因】time check failed
[02:56:51 ERR] 【心跳包】直播间 4015781 发送失败
[02:56:51 ERR] 【原因】time check failed
[02:56:52 ERR] 【心跳包】直播间 9619073 发送失败
[02:56:52 ERR] 【原因】time check failed
[02:56:53 ERR] 【心跳包】直播间 407149 发送失败
[02:56:53 ERR] 【原因】time check failed
[02:56:55 ERR] 【心跳包】直播间 7184632 发送失败
[02:56:55 ERR] 【原因】time check failed
[02:56:56 ERR] 【心跳包】直播间 23447660 发送失败
[02:56:56 ERR] 【原因】time check failed
[02:56:57 ERR] 【心跳包】直播间 929670 发送失败
[02:56:57 ERR] 【原因】time check failed
[02:56:58 ERR] 【心跳包】直播间 11732699 发送失败
[02:56:58 ERR] 【原因】time check failed
[02:57:00 ERR] 【心跳包】直播间 91164 发送失败
[02:57:00 ERR] 【原因】time check failed
[02:57:01 ERR] 【心跳包】直播间 22764265 发送失败
[02:57:01 ERR] 【原因】time check failed
[02:57:54 INF] 【直播间】23357926 的第 41 个心跳包发送成功
[02:57:55 INF] 【直播间】23040372 的第 41 个心跳包发送成功
[02:57:56 INF] 【直播间】31494 的第 41 个心跳包发送成功
[02:57:57 INF] 【直播间】4015781 的第 41 个心跳包发送成功
[02:57:59 INF] 【直播间】9619073 的第 41 个心跳包发送成功
[02:58:00 INF] 【直播间】407149 的第 41 个心跳包发送成功
[02:58:01 INF] 【直播间】7184632 的第 41 个心跳包发送成功
[02:58:02 INF] 【直播间】23447660 的第 41 个心跳包发送成功
[02:58:04 INF] 【直播间】929670 的第 41 个心跳包发送成功
[02:58:05 INF] 【直播间】11732699 的第 41 个心跳包发送成功
[02:58:06 INF] 【直播间】91164 的第 41 个心跳包发送成功
[02:58:07 INF] 【直播间】22764265 的第 41 个心跳包发送成功
[02:59:00 INF] 【直播间】23357926 的第 42 个心跳包发送成功
[02:59:01 INF] 【直播间】23040372 的第 42 个心跳包发送成功
[02:59:03 INF] 【直播间】31494 的第 42 个心跳包发送成功
[02:59:04 INF] 【直播间】4015781 的第 42 个心跳包发送成功
[02:59:05 INF] 【直播间】9619073 的第 42 个心跳包发送成功
[02:59:06 INF] 【直播间】407149 的第 42 个心跳包发送成功
[02:59:08 INF] 【直播间】7184632 的第 42 个心跳包发送成功
[02:59:09 INF] 【直播间】23447660 的第 42 个心跳包发送成功
[02:59:10 INF] 【直播间】929670 的第 42 个心跳包发送成功
[02:59:11 INF] 【直播间】11732699 的第 42 个心跳包发送成功
[02:59:13 INF] 【直播间】91164 的第 42 个心跳包发送成功
[02:59:14 INF] 【直播间】22764265 的第 42 个心跳包发送成功
[03:00:07 INF] 【直播间】23357926 的第 43 个心跳包发送成功
[03:00:08 INF] 【直播间】23040372 的第 43 个心跳包发送成功
[03:00:09 INF] 【直播间】31494 的第 43 个心跳包发送成功
[03:00:11 INF] 【直播间】4015781 的第 43 个心跳包发送成功
[03:00:12 INF] 【直播间】9619073 的第 43 个心跳包发送成功
[03:00:13 INF] 【直播间】407149 的第 43 个心跳包发送成功
[03:00:14 INF] 【直播间】7184632 的第 43 个心跳包发送成功
[03:00:16 INF] 【直播间】23447660 的第 43 个心跳包发送成功
[03:00:17 INF] 【直播间】929670 的第 43 个心跳包发送成功
[03:00:18 INF] 【直播间】11732699 的第 43 个心跳包发送成功
[03:00:19 INF] 【直播间】91164 的第 43 个心跳包发送成功
[03:00:21 INF] 【直播间】22764265 的第 43 个心跳包发送成功
[03:01:13 INF] 【直播间】23357926 的第 44 个心跳包发送成功
[03:01:15 INF] 【直播间】23040372 的第 44 个心跳包发送成功
[03:01:16 INF] 【直播间】31494 的第 44 个心跳包发送成功
[03:01:17 INF] 【直播间】4015781 的第 44 个心跳包发送成功
[03:01:18 INF] 【直播间】9619073 的第 44 个心跳包发送成功
[03:01:20 INF] 【直播间】407149 的第 44 个心跳包发送成功
[03:01:21 INF] 【直播间】7184632 的第 44 个心跳包发送成功
[03:01:22 INF] 【直播间】23447660 的第 44 个心跳包发送成功
[03:01:24 INF] 【直播间】929670 的第 44 个心跳包发送成功
[03:01:25 INF] 【直播间】11732699 的第 44 个心跳包发送成功
[03:01:26 INF] 【直播间】91164 的第 44 个心跳包发送成功
[03:01:27 INF] 【直播间】22764265 的第 44 个心跳包发送成功
[03:02:20 INF] 【直播间】23357926 的第 45 个心跳包发送成功
[03:02:21 INF] 【直播间】23040372 的第 45 个心跳包发送成功
[03:02:23 INF] 【直播间】31494 的第 45 个心跳包发送成功
[03:02:24 INF] 【直播间】4015781 的第 45 个心跳包发送成功
[03:02:25 INF] 【直播间】9619073 的第 45 个心跳包发送成功
[03:02:27 INF] 【直播间】407149 的第 45 个心跳包发送成功
[03:02:28 INF] 【直播间】7184632 的第 45 个心跳包发送成功
[03:02:29 INF] 【直播间】23447660 的第 45 个心跳包发送成功
[03:02:31 INF] 【直播间】929670 的第 45 个心跳包发送成功
[03:02:32 INF] 【直播间】11732699 的第 45 个心跳包发送成功
[03:02:33 INF] 【直播间】91164 的第 45 个心跳包发送成功
[03:02:34 INF] 【直播间】22764265 的第 45 个心跳包发送成功
[03:03:27 INF] 【直播间】23357926 的第 46 个心跳包发送成功
[03:03:28 INF] 【直播间】23040372 的第 46 个心跳包发送成功
[03:03:29 INF] 【直播间】31494 的第 46 个心跳包发送成功
[03:03:31 INF] 【直播间】4015781 的第 46 个心跳包发送成功
[03:03:32 INF] 【直播间】9619073 的第 46 个心跳包发送成功
[03:03:33 INF] 【直播间】407149 的第 46 个心跳包发送成功
[03:03:34 INF] 【直播间】7184632 的第 46 个心跳包发送成功
[03:03:36 INF] 【直播间】23447660 的第 46 个心跳包发送成功
[03:03:37 INF] 【直播间】929670 的第 46 个心跳包发送成功
[03:03:38 INF] 【直播间】11732699 的第 46 个心跳包发送成功
[03:03:39 INF] 【直播间】91164 的第 46 个心跳包发送成功
[03:03:41 INF] 【直播间】22764265 的第 46 个心跳包发送成功
[03:04:33 INF] 【直播间】23357926 的第 47 个心跳包发送成功
[03:04:34 INF] 【直播间】23040372 的第 47 个心跳包发送成功
[03:04:36 INF] 【直播间】31494 的第 47 个心跳包发送成功
[03:04:37 INF] 【直播间】4015781 的第 47 个心跳包发送成功
[03:04:38 INF] 【直播间】9619073 的第 47 个心跳包发送成功
[03:04:39 INF] 【直播间】407149 的第 47 个心跳包发送成功
[03:04:41 INF] 【直播间】7184632 的第 47 个心跳包发送成功
[03:04:42 INF] 【直播间】23447660 的第 47 个心跳包发送成功
[03:04:43 INF] 【直播间】929670 的第 47 个心跳包发送成功
[03:04:44 INF] 【直播间】11732699 的第 47 个心跳包发送成功
[03:04:46 INF] 【直播间】91164 的第 47 个心跳包发送成功
[03:04:47 INF] 【直播间】22764265 的第 47 个心跳包发送成功
[03:05:40 INF] 【直播间】23357926 的第 48 个心跳包发送成功
[03:05:41 INF] 【直播间】23040372 的第 48 个心跳包发送成功
[03:05:42 INF] 【直播间】31494 的第 48 个心跳包发送成功
[03:05:43 INF] 【直播间】4015781 的第 48 个心跳包发送成功
[03:05:45 INF] 【直播间】9619073 的第 48 个心跳包发送成功
[03:05:46 INF] 【直播间】407149 的第 48 个心跳包发送成功
[03:05:47 INF] 【直播间】7184632 的第 48 个心跳包发送成功
[03:05:48 INF] 【直播间】23447660 的第 48 个心跳包发送成功
[03:05:49 INF] 【直播间】929670 的第 48 个心跳包发送成功
[03:05:51 INF] 【直播间】11732699 的第 48 个心跳包发送成功
[03:05:52 INF] 【直播间】91164 的第 48 个心跳包发送成功
[03:05:53 INF] 【直播间】22764265 的第 48 个心跳包发送成功
[03:06:46 INF] 【直播间】23357926 的第 49 个心跳包发送成功
[03:06:47 INF] 【直播间】23040372 的第 49 个心跳包发送成功
[03:06:49 INF] 【直播间】31494 的第 49 个心跳包发送成功
[03:06:50 INF] 【直播间】4015781 的第 49 个心跳包发送成功
[03:06:51 INF] 【直播间】9619073 的第 49 个心跳包发送成功
[03:06:52 INF] 【直播间】407149 的第 49 个心跳包发送成功
[03:06:54 INF] 【直播间】7184632 的第 49 个心跳包发送成功
[03:06:55 INF] 【直播间】23447660 的第 49 个心跳包发送成功
[03:06:56 INF] 【直播间】929670 的第 49 个心跳包发送成功
[03:06:58 INF] 【直播间】11732699 的第 49 个心跳包发送成功
[03:06:59 INF] 【直播间】91164 的第 49 个心跳包发送成功
[03:07:00 INF] 【直播间】22764265 的第 49 个心跳包发送成功
[03:07:53 INF] 【直播间】23357926 的第 50 个心跳包发送成功
[03:07:54 INF] 【直播间】23040372 的第 50 个心跳包发送成功
[03:07:55 INF] 【直播间】31494 的第 50 个心跳包发送成功
[03:07:57 INF] 【直播间】4015781 的第 50 个心跳包发送成功
[03:07:58 INF] 【直播间】9619073 的第 50 个心跳包发送成功
[03:07:59 INF] 【直播间】407149 的第 50 个心跳包发送成功
[03:08:00 INF] 【直播间】7184632 的第 50 个心跳包发送成功
[03:08:02 INF] 【直播间】23447660 的第 50 个心跳包发送成功
[03:08:03 INF] 【直播间】929670 的第 50 个心跳包发送成功
[03:08:04 INF] 【直播间】11732699 的第 50 个心跳包发送成功
[03:08:05 INF] 【直播间】91164 的第 50 个心跳包发送成功
[03:08:07 INF] 【直播间】22764265 的第 50 个心跳包发送成功
[03:08:59 INF] 【直播间】23357926 的第 51 个心跳包发送成功
[03:09:01 INF] 【直播间】23040372 的第 51 个心跳包发送成功
[03:09:02 INF] 【直播间】31494 的第 51 个心跳包发送成功
[03:09:03 INF] 【直播间】4015781 的第 51 个心跳包发送成功
[03:09:05 INF] 【直播间】9619073 的第 51 个心跳包发送成功
[03:09:06 INF] 【直播间】407149 的第 51 个心跳包发送成功
[03:09:07 INF] 【直播间】7184632 的第 51 个心跳包发送成功
[03:09:09 INF] 【直播间】23447660 的第 51 个心跳包发送成功
[03:09:10 INF] 【直播间】929670 的第 51 个心跳包发送成功
[03:09:11 INF] 【直播间】11732699 的第 51 个心跳包发送成功
[03:09:12 INF] 【直播间】91164 的第 51 个心跳包发送成功
[03:09:14 INF] 【直播间】22764265 的第 51 个心跳包发送成功
[03:10:06 INF] 【直播间】23357926 的第 52 个心跳包发送成功
[03:10:07 INF] 【直播间】23040372 的第 52 个心跳包发送成功
[03:10:09 INF] 【直播间】31494 的第 52 个心跳包发送成功
[03:10:10 INF] 【直播间】4015781 的第 52 个心跳包发送成功
[03:10:11 INF] 【直播间】9619073 的第 52 个心跳包发送成功
[03:10:12 INF] 【直播间】407149 的第 52 个心跳包发送成功
[03:10:14 INF] 【直播间】7184632 的第 52 个心跳包发送成功
[03:10:15 INF] 【直播间】23447660 的第 52 个心跳包发送成功
[03:10:16 INF] 【直播间】929670 的第 52 个心跳包发送成功
[03:10:17 INF] 【直播间】11732699 的第 52 个心跳包发送成功
[03:10:19 INF] 【直播间】91164 的第 52 个心跳包发送成功
[03:10:20 INF] 【直播间】22764265 的第 52 个心跳包发送成功
[03:11:13 INF] 【直播间】23357926 的第 53 个心跳包发送成功
[03:11:14 INF] 【直播间】23040372 的第 53 个心跳包发送成功
[03:11:15 INF] 【直播间】31494 的第 53 个心跳包发送成功
[03:11:16 INF] 【直播间】4015781 的第 53 个心跳包发送成功
[03:11:18 INF] 【直播间】9619073 的第 53 个心跳包发送成功
[03:11:19 INF] 【直播间】407149 的第 53 个心跳包发送成功
[03:11:20 INF] 【直播间】7184632 的第 53 个心跳包发送成功
[03:11:21 INF] 【直播间】23447660 的第 53 个心跳包发送成功
[03:11:23 INF] 【直播间】929670 的第 53 个心跳包发送成功
[03:11:24 INF] 【直播间】11732699 的第 53 个心跳包发送成功
[03:11:25 INF] 【直播间】91164 的第 53 个心跳包发送成功
[03:11:26 INF] 【直播间】22764265 的第 53 个心跳包发送成功
[03:12:19 ERR] 【心跳包】直播间 23357926 发送失败
[03:12:19 ERR] 【原因】time check failed
[03:12:20 ERR] 【心跳包】直播间 23040372 发送失败
[03:12:20 ERR] 【原因】time check failed
[03:12:22 ERR] 【心跳包】直播间 31494 发送失败
[03:12:22 ERR] 【原因】time check failed
[03:12:23 ERR] 【心跳包】直播间 4015781 发送失败
[03:12:23 ERR] 【原因】time check failed
[03:12:24 ERR] 【心跳包】直播间 9619073 发送失败
[03:12:24 ERR] 【原因】time check failed
[03:12:25 ERR] 【心跳包】直播间 407149 发送失败
[03:12:25 ERR] 【原因】time check failed
[03:12:27 ERR] 【心跳包】直播间 7184632 发送失败
[03:12:27 ERR] 【原因】time check failed
[03:12:28 ERR] 【心跳包】直播间 23447660 发送失败
[03:12:28 ERR] 【原因】time check failed
[03:12:29 ERR] 【心跳包】直播间 929670 发送失败
[03:12:29 ERR] 【原因】time check failed
[03:12:30 ERR] 【心跳包】直播间 11732699 发送失败
[03:12:30 ERR] 【原因】time check failed
[03:12:32 ERR] 【心跳包】直播间 91164 发送失败
[03:12:32 ERR] 【原因】time check failed
[03:12:33 ERR] 【心跳包】直播间 22764265 发送失败
[03:12:33 ERR] 【原因】time check failed
[03:13:26 INF] 【直播间】23357926 的第 54 个心跳包发送成功
[03:13:27 INF] 【直播间】23040372 的第 54 个心跳包发送成功
[03:13:28 INF] 【直播间】31494 的第 54 个心跳包发送成功
[03:13:30 INF] 【直播间】4015781 的第 54 个心跳包发送成功
[03:13:31 INF] 【直播间】9619073 的第 54 个心跳包发送成功
[03:13:32 INF] 【直播间】407149 的第 54 个心跳包发送成功
[03:13:33 INF] 【直播间】7184632 的第 54 个心跳包发送成功
[03:13:34 INF] 【直播间】23447660 的第 54 个心跳包发送成功
[03:13:36 INF] 【直播间】929670 的第 54 个心跳包发送成功
[03:13:37 INF] 【直播间】11732699 的第 54 个心跳包发送成功
[03:13:38 INF] 【直播间】91164 的第 54 个心跳包发送成功
[03:13:39 INF] 【直播间】22764265 的第 54 个心跳包发送成功
[03:14:32 INF] 【直播间】23357926 的第 55 个心跳包发送成功
[03:14:33 INF] 【直播间】23040372 的第 55 个心跳包发送成功
[03:14:35 INF] 【直播间】31494 的第 55 个心跳包发送成功
[03:14:36 INF] 【直播间】4015781 的第 55 个心跳包发送成功
[03:14:37 INF] 【直播间】9619073 的第 55 个心跳包发送成功
[03:14:38 INF] 【直播间】407149 的第 55 个心跳包发送成功
[03:14:40 INF] 【直播间】7184632 的第 55 个心跳包发送成功
[03:14:41 INF] 【直播间】23447660 的第 55 个心跳包发送成功
[03:14:42 INF] 【直播间】929670 的第 55 个心跳包发送成功
[03:14:43 INF] 【直播间】11732699 的第 55 个心跳包发送成功
[03:14:45 INF] 【直播间】91164 的第 55 个心跳包发送成功
[03:14:46 INF] 【直播间】22764265 的第 55 个心跳包发送成功
[03:15:39 INF] 【直播间】23357926 的第 56 个心跳包发送成功
[03:15:40 INF] 【直播间】23040372 的第 56 个心跳包发送成功
[03:15:41 INF] 【直播间】31494 的第 56 个心跳包发送成功
[03:15:43 INF] 【直播间】4015781 的第 56 个心跳包发送成功
[03:15:44 INF] 【直播间】9619073 的第 56 个心跳包发送成功
[03:15:45 INF] 【直播间】407149 的第 56 个心跳包发送成功
[03:15:46 INF] 【直播间】7184632 的第 56 个心跳包发送成功
[03:15:48 INF] 【直播间】23447660 的第 56 个心跳包发送成功
[03:15:49 INF] 【直播间】929670 的第 56 个心跳包发送成功
[03:15:50 INF] 【直播间】11732699 的第 56 个心跳包发送成功
[03:15:51 INF] 【直播间】91164 的第 56 个心跳包发送成功
[03:15:53 INF] 【直播间】22764265 的第 56 个心跳包发送成功
[03:16:45 INF] 【直播间】23357926 的第 57 个心跳包发送成功
[03:16:47 INF] 【直播间】23040372 的第 57 个心跳包发送成功
[03:16:48 INF] 【直播间】31494 的第 57 个心跳包发送成功
[03:16:49 INF] 【直播间】4015781 的第 57 个心跳包发送成功
[03:16:50 INF] 【直播间】9619073 的第 57 个心跳包发送成功
[03:16:52 INF] 【直播间】407149 的第 57 个心跳包发送成功
[03:16:53 INF] 【直播间】7184632 的第 57 个心跳包发送成功
[03:16:54 INF] 【直播间】23447660 的第 57 个心跳包发送成功
[03:16:55 INF] 【直播间】929670 的第 57 个心跳包发送成功
[03:16:57 INF] 【直播间】11732699 的第 57 个心跳包发送成功
[03:16:58 INF] 【直播间】91164 的第 57 个心跳包发送成功
[03:16:59 INF] 【直播间】22764265 的第 57 个心跳包发送成功
[03:17:52 INF] 【直播间】23357926 的第 58 个心跳包发送成功
[03:17:53 INF] 【直播间】23040372 的第 58 个心跳包发送成功
[03:17:54 INF] 【直播间】31494 的第 58 个心跳包发送成功
[03:17:56 INF] 【直播间】4015781 的第 58 个心跳包发送成功
[03:17:57 INF] 【直播间】9619073 的第 58 个心跳包发送成功
[03:17:58 INF] 【直播间】407149 的第 58 个心跳包发送成功
[03:17:59 INF] 【直播间】7184632 的第 58 个心跳包发送成功
[03:18:01 INF] 【直播间】23447660 的第 58 个心跳包发送成功
[03:18:02 INF] 【直播间】929670 的第 58 个心跳包发送成功
[03:18:03 INF] 【直播间】11732699 的第 58 个心跳包发送成功
[03:18:04 INF] 【直播间】91164 的第 58 个心跳包发送成功
[03:18:06 INF] 【直播间】22764265 的第 58 个心跳包发送成功
[03:18:59 INF] 【直播间】23357926 的第 59 个心跳包发送成功
[03:19:00 INF] 【直播间】23040372 的第 59 个心跳包发送成功
[03:19:01 INF] 【直播间】31494 的第 59 个心跳包发送成功
[03:19:03 INF] 【直播间】4015781 的第 59 个心跳包发送成功
[03:19:04 INF] 【直播间】9619073 的第 59 个心跳包发送成功
[03:19:05 INF] 【直播间】407149 的第 59 个心跳包发送成功
[03:19:06 INF] 【直播间】7184632 的第 59 个心跳包发送成功
[03:19:08 INF] 【直播间】23447660 的第 59 个心跳包发送成功
[03:19:09 INF] 【直播间】929670 的第 59 个心跳包发送成功
[03:19:10 INF] 【直播间】11732699 的第 59 个心跳包发送成功
[03:19:12 INF] 【直播间】91164 的第 59 个心跳包发送成功
[03:19:13 INF] 【直播间】22764265 的第 59 个心跳包发送成功
[03:20:05 INF] 【直播间】23357926 的第 60 个心跳包发送成功
[03:20:06 INF] 【直播间】23040372 的第 60 个心跳包发送成功
[03:20:08 INF] 【直播间】31494 的第 60 个心跳包发送成功
[03:20:09 INF] 【直播间】4015781 的第 60 个心跳包发送成功
[03:20:10 INF] 【直播间】9619073 的第 60 个心跳包发送成功
[03:20:11 INF] 【直播间】407149 的第 60 个心跳包发送成功
[03:20:13 INF] 【直播间】7184632 的第 60 个心跳包发送成功
[03:20:14 INF] 【直播间】23447660 的第 60 个心跳包发送成功
[03:20:15 INF] 【直播间】929670 的第 60 个心跳包发送成功
[03:20:17 INF] 【直播间】11732699 的第 60 个心跳包发送成功
[03:20:18 INF] 【直播间】91164 的第 60 个心跳包发送成功
[03:20:19 INF] 【直播间】22764265 的第 60 个心跳包发送成功
[03:21:12 INF] 【直播间】23357926 的第 61 个心跳包发送成功
[03:21:13 INF] 【直播间】23040372 的第 61 个心跳包发送成功
[03:21:14 INF] 【直播间】31494 的第 61 个心跳包发送成功
[03:21:15 INF] 【直播间】4015781 的第 61 个心跳包发送成功
[03:21:17 INF] 【直播间】9619073 的第 61 个心跳包发送成功
[03:21:18 INF] 【直播间】407149 的第 61 个心跳包发送成功
[03:21:19 INF] 【直播间】7184632 的第 61 个心跳包发送成功
[03:21:20 INF] 【直播间】23447660 的第 61 个心跳包发送成功
[03:21:22 INF] 【直播间】929670 的第 61 个心跳包发送成功
[03:21:23 INF] 【直播间】11732699 的第 61 个心跳包发送成功
[03:21:24 INF] 【直播间】91164 的第 61 个心跳包发送成功
[03:21:25 INF] 【直播间】22764265 的第 61 个心跳包发送成功
[03:22:18 INF] 【直播间】23357926 的第 62 个心跳包发送成功
[03:22:19 INF] 【直播间】23040372 的第 62 个心跳包发送成功
[03:22:21 INF] 【直播间】31494 的第 62 个心跳包发送成功
[03:22:22 INF] 【直播间】4015781 的第 62 个心跳包发送成功
[03:22:23 INF] 【直播间】9619073 的第 62 个心跳包发送成功
[03:22:24 INF] 【直播间】407149 的第 62 个心跳包发送成功
[03:22:26 INF] 【直播间】7184632 的第 62 个心跳包发送成功
[03:22:27 INF] 【直播间】23447660 的第 62 个心跳包发送成功
[03:22:28 INF] 【直播间】929670 的第 62 个心跳包发送成功
[03:22:30 INF] 【直播间】11732699 的第 62 个心跳包发送成功
[03:22:31 INF] 【直播间】91164 的第 62 个心跳包发送成功
[03:22:32 INF] 【直播间】22764265 的第 62 个心跳包发送成功
[03:23:25 INF] 【直播间】23357926 的第 63 个心跳包发送成功
[03:23:26 INF] 【直播间】23040372 的第 63 个心跳包发送成功
[03:23:27 INF] 【直播间】31494 的第 63 个心跳包发送成功
[03:23:29 INF] 【直播间】4015781 的第 63 个心跳包发送成功
[03:23:30 INF] 【直播间】9619073 的第 63 个心跳包发送成功
[03:23:31 INF] 【直播间】407149 的第 63 个心跳包发送成功
[03:23:32 INF] 【直播间】7184632 的第 63 个心跳包发送成功
[03:23:34 INF] 【直播间】23447660 的第 63 个心跳包发送成功
[03:23:35 INF] 【直播间】929670 的第 63 个心跳包发送成功
[03:23:36 INF] 【直播间】11732699 的第 63 个心跳包发送成功
[03:23:38 INF] 【直播间】91164 的第 63 个心跳包发送成功
[03:23:39 INF] 【直播间】22764265 的第 63 个心跳包发送成功
[03:24:32 INF] 【直播间】23357926 的第 64 个心跳包发送成功
[03:24:33 INF] 【直播间】23040372 的第 64 个心跳包发送成功
[03:24:34 INF] 【直播间】31494 的第 64 个心跳包发送成功
[03:24:36 INF] 【直播间】4015781 的第 64 个心跳包发送成功
[03:24:37 INF] 【直播间】9619073 的第 64 个心跳包发送成功
[03:24:38 INF] 【直播间】407149 的第 64 个心跳包发送成功
[03:24:39 INF] 【直播间】7184632 的第 64 个心跳包发送成功
[03:24:41 INF] 【直播间】23447660 的第 64 个心跳包发送成功
[03:24:42 INF] 【直播间】929670 的第 64 个心跳包发送成功
[03:24:43 INF] 【直播间】11732699 的第 64 个心跳包发送成功
[03:24:44 INF] 【直播间】91164 的第 64 个心跳包发送成功
[03:24:46 INF] 【直播间】22764265 的第 64 个心跳包发送成功
[03:25:38 INF] 【直播间】23357926 的第 65 个心跳包发送成功
[03:25:40 INF] 【直播间】23040372 的第 65 个心跳包发送成功
[03:25:41 INF] 【直播间】31494 的第 65 个心跳包发送成功
[03:25:42 INF] 【直播间】4015781 的第 65 个心跳包发送成功
[03:25:43 INF] 【直播间】9619073 的第 65 个心跳包发送成功
[03:25:45 INF] 【直播间】407149 的第 65 个心跳包发送成功
[03:25:46 INF] 【直播间】7184632 的第 65 个心跳包发送成功
[03:25:47 INF] 【直播间】23447660 的第 65 个心跳包发送成功
[03:25:48 INF] 【直播间】929670 的第 65 个心跳包发送成功
[03:25:50 INF] 【直播间】11732699 的第 65 个心跳包发送成功
[03:25:51 INF] 【直播间】91164 的第 65 个心跳包发送成功
[03:25:52 INF] 【直播间】22764265 的第 65 个心跳包发送成功
[03:26:45 INF] 【直播间】23357926 的第 66 个心跳包发送成功
[03:26:46 INF] 【直播间】23040372 的第 66 个心跳包发送成功
[03:26:47 INF] 【直播间】31494 的第 66 个心跳包发送成功
[03:26:49 INF] 【直播间】4015781 的第 66 个心跳包发送成功
[03:26:50 INF] 【直播间】9619073 的第 66 个心跳包发送成功
[03:26:51 INF] 【直播间】407149 的第 66 个心跳包发送成功
[03:26:52 INF] 【直播间】7184632 的第 66 个心跳包发送成功
[03:26:54 INF] 【直播间】23447660 的第 66 个心跳包发送成功
[03:26:55 INF] 【直播间】929670 的第 66 个心跳包发送成功
[03:26:56 INF] 【直播间】11732699 的第 66 个心跳包发送成功
[03:26:57 INF] 【直播间】91164 的第 66 个心跳包发送成功
[03:26:59 INF] 【直播间】22764265 的第 66 个心跳包发送成功
[03:27:51 ERR] 【心跳包】直播间 23357926 发送失败
[03:27:51 ERR] 【原因】time check failed
[03:27:53 ERR] 【心跳包】直播间 23040372 发送失败
[03:27:53 ERR] 【原因】time check failed
[03:27:54 ERR] 【心跳包】直播间 31494 发送失败
[03:27:54 ERR] 【原因】time check failed
[03:27:55 ERR] 【心跳包】直播间 4015781 发送失败
[03:27:55 ERR] 【原因】time check failed
[03:27:56 ERR] 【心跳包】直播间 9619073 发送失败
[03:27:56 ERR] 【原因】time check failed
[03:27:58 ERR] 【心跳包】直播间 407149 发送失败
[03:27:58 ERR] 【原因】time check failed
[03:27:59 ERR] 【心跳包】直播间 7184632 发送失败
[03:27:59 ERR] 【原因】time check failed
[03:28:00 ERR] 【心跳包】直播间 23447660 发送失败
[03:28:00 ERR] 【原因】time check failed
[03:28:01 ERR] 【心跳包】直播间 929670 发送失败
[03:28:01 ERR] 【原因】time check failed
[03:28:03 ERR] 【心跳包】直播间 11732699 发送失败
[03:28:03 ERR] 【原因】time check failed
[03:28:04 ERR] 【心跳包】直播间 91164 发送失败
[03:28:04 ERR] 【原因】time check failed
[03:28:05 ERR] 【心跳包】直播间 22764265 发送失败
[03:28:05 ERR] 【原因】time check failed
[03:28:58 INF] 【直播间】23357926 的第 67 个心跳包发送成功
[03:28:59 INF] 【直播间】23040372 的第 67 个心跳包发送成功
[03:29:00 INF] 【直播间】31494 的第 67 个心跳包发送成功
[03:29:02 INF] 【直播间】4015781 的第 67 个心跳包发送成功
[03:29:03 INF] 【直播间】9619073 的第 67 个心跳包发送成功
[03:29:04 INF] 【直播间】407149 的第 67 个心跳包发送成功
[03:29:06 INF] 【直播间】7184632 的第 67 个心跳包发送成功
[03:29:07 INF] 【直播间】23447660 的第 67 个心跳包发送成功
[03:29:08 INF] 【直播间】929670 的第 67 个心跳包发送成功
[03:29:09 INF] 【直播间】11732699 的第 67 个心跳包发送成功
[03:29:11 INF] 【直播间】91164 的第 67 个心跳包发送成功
[03:29:12 INF] 【直播间】22764265 的第 67 个心跳包发送成功
[03:30:05 INF] 【直播间】23357926 的第 68 个心跳包发送成功
[03:30:06 INF] 【直播间】23040372 的第 68 个心跳包发送成功
[03:30:07 INF] 【直播间】31494 的第 68 个心跳包发送成功
[03:30:08 INF] 【直播间】4015781 的第 68 个心跳包发送成功
[03:30:10 INF] 【直播间】9619073 的第 68 个心跳包发送成功
[03:30:11 INF] 【直播间】407149 的第 68 个心跳包发送成功
[03:30:12 INF] 【直播间】7184632 的第 68 个心跳包发送成功
[03:30:14 INF] 【直播间】23447660 的第 68 个心跳包发送成功
[03:30:15 INF] 【直播间】929670 的第 68 个心跳包发送成功
[03:30:16 INF] 【直播间】11732699 的第 68 个心跳包发送成功
[03:30:17 INF] 【直播间】91164 的第 68 个心跳包发送成功
[03:30:19 INF] 【直播间】22764265 的第 68 个心跳包发送成功
[03:31:11 INF] 【直播间】23357926 的第 69 个心跳包发送成功
[03:31:12 INF] 【直播间】23040372 的第 69 个心跳包发送成功
[03:31:14 INF] 【直播间】31494 的第 69 个心跳包发送成功
[03:31:15 INF] 【直播间】4015781 的第 69 个心跳包发送成功
[03:31:16 INF] 【直播间】9619073 的第 69 个心跳包发送成功
[03:31:18 INF] 【直播间】407149 的第 69 个心跳包发送成功
[03:31:19 INF] 【直播间】7184632 的第 69 个心跳包发送成功
[03:31:20 INF] 【直播间】23447660 的第 69 个心跳包发送成功
[03:31:22 INF] 【直播间】929670 的第 69 个心跳包发送成功
[03:31:23 INF] 【直播间】11732699 的第 69 个心跳包发送成功
[03:31:24 INF] 【直播间】91164 的第 69 个心跳包发送成功
[03:31:25 INF] 【直播间】22764265 的第 69 个心跳包发送成功
[03:32:18 INF] 【直播间】23357926 的第 70 个心跳包发送成功
[03:32:19 INF] 【直播间】23040372 的第 70 个心跳包发送成功
[03:32:21 INF] 【直播间】31494 的第 70 个心跳包发送成功
[03:32:22 INF] 【直播间】4015781 的第 70 个心跳包发送成功
[03:32:23 INF] 【直播间】9619073 的第 70 个心跳包发送成功
[03:32:25 INF] 【直播间】407149 的第 70 个心跳包发送成功
[03:32:26 INF] 【直播间】7184632 的第 70 个心跳包发送成功
[03:32:27 INF] 【直播间】23447660 的第 70 个心跳包发送成功
[03:32:28 INF] 【直播间】929670 的第 70 个心跳包发送成功
[03:32:30 INF] 【直播间】11732699 的第 70 个心跳包发送成功
[03:32:31 INF] 【直播间】91164 的第 70 个心跳包发送成功
[03:32:32 INF] 【直播间】22764265 的第 70 个心跳包发送成功
[03:32:32 INF] 【直播观看时长】完成情况：12/12 
[03:32:32 INF] ---------结束---------

[03:32:32 INF] ==========结束==========

[03:32:32 INF] ######### 账号 3 #########

[03:32:32 INF] =====开始 直播间互动 =====

[03:32:32 INF] ---开始 发送弹幕 ---
[03:32:32 INF] 检测到直播 Cookie 未正确配置，尝试自动配置中...
[03:32:40 INF] 直播 Cookie 配置成功！
[03:32:40 INF] 【获取直播列表】获取拥有粉丝牌的直播列表
[03:32:48 ERR] 【获取直播列表】失败
[03:32:48 ERR] 【原因】账号未登录
[03:32:48 ERR] 发送弹幕失败，继续其他任务。失败信息:Object reference not set to an instance of an object.

[03:32:48 INF] -------结束-------

[03:32:48 INF] ---开始 点赞直播间 ---
[03:32:48 INF] 【获取直播列表】获取拥有粉丝牌的直播列表
[03:32:51 ERR] 【获取直播列表】失败
[03:32:51 ERR] 【原因】账号未登录
[03:32:51 ERR] 点赞直播间失败，继续其他任务。失败信息:Object reference not set to an instance of an object.

[03:32:51 INF] --------结束--------

[03:32:51 INF] ---开始 直播时长挂机 ---
[03:32:51 INF] 【获取直播列表】获取拥有粉丝牌的直播列表
[03:32:57 ERR] 【获取直播列表】失败
[03:32:57 ERR] 【原因】账号未登录
[03:32:57 ERR] 直播时长挂机失败，继续其他任务。失败信息:Object reference not set to an instance of an object.

[03:32:57 INF] ---------结束---------

[03:32:57 INF] ==========结束==========

[03:32:57 INF] 

========================

 v2.0.2 开源 by https://github.com/RayWangQvQ/BiliBiliToolPro

[03:32:57 INF] ·开始推送·LiveFansMedal任务·
2024-04-25T19:32:57.9046266Z 开始推送到:PushPlus
2024-04-25T19:32:59.7268776Z Response status: OK.
2024-04-25T19:32:59.7269179Z Response content: {"code":999,"msg":"发送内容过大，不能超过2万字","data":null}.

[03:32:59 INF] 运行环境：Development
[03:32:59 INF] 应用目录：/home/runner/work/BiliBiliToolPro/BiliBiliToolPro/src/Ray.BiliBiliTool.Console/bin/Debug/net6.0/

[03:32:59 INF] 运行结束
