----------- ip 信息 ---------
{
  "ip": "13.66.76.16",
  "city": "San Antonio",
  "region": "Texas",
  "country": "US",
  "loc": "29.4241,-98.4936",
  "org": "AS8075 Microsoft Corporation",
  "postal": "78205",
  "timezone": "America/Chicago",
  "readme": "https://ipinfo.io/missingauth"
} ---------- end ------------
  ____               ____    _   _____           _  
 |  _ \ __ _ _   _  | __ ) _| |_|_   _|__   ___ | | 
 | |_) / _` | | | | |  _ \(_) (_) | |/ _ \ / _ \| | 
 |  _ < (_| | |_| | | |_) | | | | | | (_) | (_) | | 
 |_| \_\__,_|\__, | |____/|_|_|_| |_|\___/ \___/|_| 
             |___/                                  

[00:30:45 INF] BiliBiliToolPro 开始运行...

[00:30:45 INF] 【账号个数】3个

[00:30:45 INF] 随机休眠2分钟

[00:32:45 INF] 【目标任务】LiveFansMedal
[00:32:45 INF] ######### 账号 1 #########

[00:32:45 INF] =====开始 直播间互动 =====

[00:32:45 INF] ---开始 发送弹幕 ---
[00:32:45 INF] 检测到直播 Cookie 未正确配置，尝试自动配置中...
[00:32:49 INF] 直播 Cookie 配置成功！
[00:32:49 INF] 【获取直播列表】获取拥有粉丝牌的直播列表
[00:32:52 INF] 【主播】Mark陌枫 
[00:33:05 INF] 【主播】KL_qiqi_ 
[00:33:20 INF] 【主播】苏打baka 
[00:33:35 INF] 【直播间】Mark陌枫
[00:33:35 INF] 【粉丝牌】馬楓
[00:33:35 INF] 正在发送弹幕...
[00:33:38 INF] 【直播间】KL_qiqi_
[00:33:38 INF] 【粉丝牌】qiqisb
[00:33:38 INF] 正在发送弹幕...
[00:33:44 INF] 【直播间】苏打baka
[00:33:44 INF] 【粉丝牌】碳酸钠
[00:33:44 INF] 正在发送弹幕...
[00:33:51 INF] -------结束-------

[00:33:51 INF] ---开始 点赞直播间 ---
[00:33:51 INF] 【获取直播列表】获取拥有粉丝牌的直播列表
[00:33:52 INF] 【弹幕发送】成功~，你和主播 Mark陌枫 的亲密值增加了100！
[00:33:55 INF] 【弹幕发送】成功~，你和主播 KL_qiqi_ 的亲密值增加了100！
[00:33:58 INF] 【主播】Mark陌枫 
[00:34:03 INF] 【弹幕发送】成功~，你和主播 苏打baka 的亲密值增加了100！
[00:34:16 INF] 【主播】KL_qiqi_ 
[00:34:30 INF] 【主播】苏打baka 
[00:34:50 INF] 【点赞直播间】23357926 完成
[00:34:53 INF] 【点赞直播间】407149 完成
[00:34:59 INF] --------结束--------

[00:34:59 INF] ---开始 直播时长挂机 ---
[00:34:59 INF] 【获取直播列表】获取拥有粉丝牌的直播列表
[00:34:59 INF] 【点赞直播间】23040372 完成
[00:35:05 INF] 【主播】Mark陌枫 
[00:35:17 INF] 【主播】KL_qiqi_ 
[00:35:36 INF] 【主播】苏打baka 
[00:35:52 INF] 【直播间】23357926 的第 1 个心跳包发送成功
[00:35:54 INF] 【直播间】407149 的第 1 个心跳包发送成功
[00:35:55 INF] 【直播间】23040372 的第 1 个心跳包发送成功
[00:36:59 INF] 【直播间】23357926 的第 2 个心跳包发送成功
[00:37:00 INF] 【直播间】407149 的第 2 个心跳包发送成功
[00:37:01 INF] 【直播间】23040372 的第 2 个心跳包发送成功
[00:38:05 INF] 【直播间】23357926 的第 3 个心跳包发送成功
[00:38:07 INF] 【直播间】407149 的第 3 个心跳包发送成功
[00:38:08 INF] 【直播间】23040372 的第 3 个心跳包发送成功
[00:39:12 INF] 【直播间】23357926 的第 4 个心跳包发送成功
[00:39:13 INF] 【直播间】407149 的第 4 个心跳包发送成功
[00:39:14 INF] 【直播间】23040372 的第 4 个心跳包发送成功
[00:40:18 INF] 【直播间】23357926 的第 5 个心跳包发送成功
[00:40:19 INF] 【直播间】407149 的第 5 个心跳包发送成功
[00:40:21 INF] 【直播间】23040372 的第 5 个心跳包发送成功
[00:41:24 INF] 【直播间】23357926 的第 6 个心跳包发送成功
[00:41:26 INF] 【直播间】407149 的第 6 个心跳包发送成功
[00:41:27 INF] 【直播间】23040372 的第 6 个心跳包发送成功
[00:42:31 INF] 【直播间】23357926 的第 7 个心跳包发送成功
[00:42:32 INF] 【直播间】407149 的第 7 个心跳包发送成功
[00:42:33 INF] 【直播间】23040372 的第 7 个心跳包发送成功
[00:43:38 INF] 【直播间】23357926 的第 8 个心跳包发送成功
[00:43:39 INF] 【直播间】407149 的第 8 个心跳包发送成功
[00:43:40 INF] 【直播间】23040372 的第 8 个心跳包发送成功
[00:44:44 INF] 【直播间】23357926 的第 9 个心跳包发送成功
[00:44:45 INF] 【直播间】407149 的第 9 个心跳包发送成功
[00:44:47 INF] 【直播间】23040372 的第 9 个心跳包发送成功
[00:45:50 INF] 【直播间】23357926 的第 10 个心跳包发送成功
[00:45:52 INF] 【直播间】407149 的第 10 个心跳包发送成功
[00:45:53 INF] 【直播间】23040372 的第 10 个心跳包发送成功
[00:46:57 INF] 【直播间】23357926 的第 11 个心跳包发送成功
[00:46:58 INF] 【直播间】407149 的第 11 个心跳包发送成功
[00:46:59 INF] 【直播间】23040372 的第 11 个心跳包发送成功
[00:48:03 INF] 【直播间】23357926 的第 12 个心跳包发送成功
[00:48:04 INF] 【直播间】407149 的第 12 个心跳包发送成功
[00:48:05 INF] 【直播间】23040372 的第 12 个心跳包发送成功
[00:49:10 INF] 【直播间】23357926 的第 13 个心跳包发送成功
[00:49:11 INF] 【直播间】407149 的第 13 个心跳包发送成功
[00:49:12 INF] 【直播间】23040372 的第 13 个心跳包发送成功
[00:50:16 INF] 【直播间】23357926 的第 14 个心跳包发送成功
[00:50:17 INF] 【直播间】407149 的第 14 个心跳包发送成功
[00:50:18 INF] 【直播间】23040372 的第 14 个心跳包发送成功
[00:51:22 INF] 【直播间】23357926 的第 15 个心跳包发送成功
[00:51:24 INF] 【直播间】407149 的第 15 个心跳包发送成功
[00:51:25 INF] 【直播间】23040372 的第 15 个心跳包发送成功
[00:52:29 ERR] 【心跳包】直播间 23357926 发送失败
[00:52:29 ERR] 【原因】time check failed
[00:52:30 ERR] 【心跳包】直播间 407149 发送失败
[00:52:30 ERR] 【原因】time check failed
[00:52:31 ERR] 【心跳包】直播间 23040372 发送失败
[00:52:31 ERR] 【原因】time check failed
[00:53:35 INF] 【直播间】23357926 的第 16 个心跳包发送成功
[00:53:37 INF] 【直播间】407149 的第 16 个心跳包发送成功
[00:53:38 INF] 【直播间】23040372 的第 16 个心跳包发送成功
[00:54:42 INF] 【直播间】23357926 的第 17 个心跳包发送成功
[00:54:43 INF] 【直播间】407149 的第 17 个心跳包发送成功
[00:54:45 INF] 【直播间】23040372 的第 17 个心跳包发送成功
[00:55:48 INF] 【直播间】23357926 的第 18 个心跳包发送成功
[00:55:50 INF] 【直播间】407149 的第 18 个心跳包发送成功
[00:55:51 INF] 【直播间】23040372 的第 18 个心跳包发送成功
[00:56:55 INF] 【直播间】23357926 的第 19 个心跳包发送成功
[00:56:56 INF] 【直播间】407149 的第 19 个心跳包发送成功
[00:56:57 INF] 【直播间】23040372 的第 19 个心跳包发送成功
[00:58:01 INF] 【直播间】23357926 的第 20 个心跳包发送成功
[00:58:03 INF] 【直播间】407149 的第 20 个心跳包发送成功
[00:58:04 INF] 【直播间】23040372 的第 20 个心跳包发送成功
[00:59:07 INF] 【直播间】23357926 的第 21 个心跳包发送成功
[00:59:09 INF] 【直播间】407149 的第 21 个心跳包发送成功
[00:59:10 INF] 【直播间】23040372 的第 21 个心跳包发送成功
[01:00:14 INF] 【直播间】23357926 的第 22 个心跳包发送成功
[01:00:16 INF] 【直播间】407149 的第 22 个心跳包发送成功
[01:00:17 INF] 【直播间】23040372 的第 22 个心跳包发送成功
[01:01:21 INF] 【直播间】23357926 的第 23 个心跳包发送成功
[01:01:22 INF] 【直播间】407149 的第 23 个心跳包发送成功
[01:01:23 INF] 【直播间】23040372 的第 23 个心跳包发送成功
[01:02:27 INF] 【直播间】23357926 的第 24 个心跳包发送成功
[01:02:28 INF] 【直播间】407149 的第 24 个心跳包发送成功
[01:02:30 INF] 【直播间】23040372 的第 24 个心跳包发送成功
[01:03:34 INF] 【直播间】23357926 的第 25 个心跳包发送成功
[01:03:35 INF] 【直播间】407149 的第 25 个心跳包发送成功
[01:03:36 INF] 【直播间】23040372 的第 25 个心跳包发送成功
[01:04:40 INF] 【直播间】23357926 的第 26 个心跳包发送成功
[01:04:41 INF] 【直播间】407149 的第 26 个心跳包发送成功
[01:04:42 INF] 【直播间】23040372 的第 26 个心跳包发送成功
[01:05:47 INF] 【直播间】23357926 的第 27 个心跳包发送成功
[01:05:48 INF] 【直播间】407149 的第 27 个心跳包发送成功
[01:05:49 INF] 【直播间】23040372 的第 27 个心跳包发送成功
[01:06:53 INF] 【直播间】23357926 的第 28 个心跳包发送成功
[01:06:54 INF] 【直播间】407149 的第 28 个心跳包发送成功
[01:06:56 INF] 【直播间】23040372 的第 28 个心跳包发送成功
[01:08:00 INF] 【直播间】23357926 的第 29 个心跳包发送成功
[01:08:01 ERR] 【心跳包】直播间 407149 发送失败
[01:08:01 ERR] 【原因】time check failed
[01:08:02 ERR] 【心跳包】直播间 23040372 发送失败
[01:08:02 ERR] 【原因】time check failed
[01:09:06 ERR] 【心跳包】直播间 23357926 发送失败
[01:09:06 ERR] 【原因】time check failed
[01:09:07 INF] 【直播间】407149 的第 29 个心跳包发送成功
[01:09:08 INF] 【直播间】23040372 的第 29 个心跳包发送成功
[01:10:12 INF] 【直播间】23357926 的第 30 个心跳包发送成功
[01:10:14 INF] 【直播间】407149 的第 30 个心跳包发送成功
[01:10:15 INF] 【直播间】23040372 的第 30 个心跳包发送成功
[01:11:19 INF] 【直播间】23357926 的第 31 个心跳包发送成功
[01:11:20 INF] 【直播间】407149 的第 31 个心跳包发送成功
[01:11:21 INF] 【直播间】23040372 的第 31 个心跳包发送成功
[01:12:25 INF] 【直播间】23357926 的第 32 个心跳包发送成功
[01:12:27 INF] 【直播间】407149 的第 32 个心跳包发送成功
[01:12:28 INF] 【直播间】23040372 的第 32 个心跳包发送成功
[01:13:32 INF] 【直播间】23357926 的第 33 个心跳包发送成功
[01:13:33 INF] 【直播间】407149 的第 33 个心跳包发送成功
[01:13:34 INF] 【直播间】23040372 的第 33 个心跳包发送成功
[01:14:38 INF] 【直播间】23357926 的第 34 个心跳包发送成功
[01:14:40 INF] 【直播间】407149 的第 34 个心跳包发送成功
[01:14:41 INF] 【直播间】23040372 的第 34 个心跳包发送成功
[01:15:45 INF] 【直播间】23357926 的第 35 个心跳包发送成功
[01:15:46 INF] 【直播间】407149 的第 35 个心跳包发送成功
[01:15:47 INF] 【直播间】23040372 的第 35 个心跳包发送成功
[01:16:52 INF] 【直播间】23357926 的第 36 个心跳包发送成功
[01:16:53 INF] 【直播间】407149 的第 36 个心跳包发送成功
[01:16:54 INF] 【直播间】23040372 的第 36 个心跳包发送成功
[01:17:58 INF] 【直播间】23357926 的第 37 个心跳包发送成功
[01:17:59 INF] 【直播间】407149 的第 37 个心跳包发送成功
[01:18:00 INF] 【直播间】23040372 的第 37 个心跳包发送成功
[01:19:04 INF] 【直播间】23357926 的第 38 个心跳包发送成功
[01:19:05 INF] 【直播间】407149 的第 38 个心跳包发送成功
[01:19:07 INF] 【直播间】23040372 的第 38 个心跳包发送成功
[01:20:11 INF] 【直播间】23357926 的第 39 个心跳包发送成功
[01:20:12 INF] 【直播间】407149 的第 39 个心跳包发送成功
[01:20:13 INF] 【直播间】23040372 的第 39 个心跳包发送成功
[01:21:17 INF] 【直播间】23357926 的第 40 个心跳包发送成功
[01:21:18 INF] 【直播间】407149 的第 40 个心跳包发送成功
[01:21:19 INF] 【直播间】23040372 的第 40 个心跳包发送成功
[01:22:24 INF] 【直播间】23357926 的第 41 个心跳包发送成功
[01:22:25 INF] 【直播间】407149 的第 41 个心跳包发送成功
[01:22:26 INF] 【直播间】23040372 的第 41 个心跳包发送成功
[01:23:30 INF] 【直播间】23357926 的第 42 个心跳包发送成功
[01:23:31 INF] 【直播间】407149 的第 42 个心跳包发送成功
[01:23:32 INF] 【直播间】23040372 的第 42 个心跳包发送成功
[01:24:36 INF] 【直播间】23357926 的第 43 个心跳包发送成功
[01:24:37 ERR] 【心跳包】直播间 407149 发送失败
[01:24:37 ERR] 【原因】time check failed
[01:24:39 ERR] 【心跳包】直播间 23040372 发送失败
[01:24:39 ERR] 【原因】time check failed
[01:25:43 ERR] 【心跳包】直播间 23357926 发送失败
[01:25:43 ERR] 【原因】time check failed
[01:25:44 INF] 【直播间】407149 的第 43 个心跳包发送成功
[01:25:45 INF] 【直播间】23040372 的第 43 个心跳包发送成功
[01:26:49 INF] 【直播间】23357926 的第 44 个心跳包发送成功
[01:26:50 INF] 【直播间】407149 的第 44 个心跳包发送成功
[01:26:52 INF] 【直播间】23040372 的第 44 个心跳包发送成功
[01:27:56 INF] 【直播间】23357926 的第 45 个心跳包发送成功
[01:27:57 INF] 【直播间】407149 的第 45 个心跳包发送成功
[01:27:58 INF] 【直播间】23040372 的第 45 个心跳包发送成功
[01:29:02 INF] 【直播间】23357926 的第 46 个心跳包发送成功
[01:29:03 INF] 【直播间】407149 的第 46 个心跳包发送成功
[01:29:05 INF] 【直播间】23040372 的第 46 个心跳包发送成功
[01:30:08 INF] 【直播间】23357926 的第 47 个心跳包发送成功
[01:30:10 INF] 【直播间】407149 的第 47 个心跳包发送成功
[01:30:11 INF] 【直播间】23040372 的第 47 个心跳包发送成功
[01:31:15 INF] 【直播间】23357926 的第 48 个心跳包发送成功
[01:31:16 INF] 【直播间】407149 的第 48 个心跳包发送成功
[01:31:17 INF] 【直播间】23040372 的第 48 个心跳包发送成功
[01:32:21 INF] 【直播间】23357926 的第 49 个心跳包发送成功
[01:32:22 INF] 【直播间】407149 的第 49 个心跳包发送成功
[01:32:24 INF] 【直播间】23040372 的第 49 个心跳包发送成功
[01:33:28 INF] 【直播间】23357926 的第 50 个心跳包发送成功
[01:33:29 INF] 【直播间】407149 的第 50 个心跳包发送成功
[01:33:30 INF] 【直播间】23040372 的第 50 个心跳包发送成功
[01:34:34 INF] 【直播间】23357926 的第 51 个心跳包发送成功
[01:34:35 INF] 【直播间】407149 的第 51 个心跳包发送成功
[01:34:37 INF] 【直播间】23040372 的第 51 个心跳包发送成功
[01:35:41 INF] 【直播间】23357926 的第 52 个心跳包发送成功
[01:35:42 INF] 【直播间】407149 的第 52 个心跳包发送成功
[01:35:43 INF] 【直播间】23040372 的第 52 个心跳包发送成功
[01:36:47 INF] 【直播间】23357926 的第 53 个心跳包发送成功
[01:36:48 INF] 【直播间】407149 的第 53 个心跳包发送成功
[01:36:50 INF] 【直播间】23040372 的第 53 个心跳包发送成功
[01:37:54 INF] 【直播间】23357926 的第 54 个心跳包发送成功
[01:37:55 INF] 【直播间】407149 的第 54 个心跳包发送成功
[01:37:56 INF] 【直播间】23040372 的第 54 个心跳包发送成功
[01:39:00 INF] 【直播间】23357926 的第 55 个心跳包发送成功
[01:39:01 INF] 【直播间】407149 的第 55 个心跳包发送成功
[01:39:03 INF] 【直播间】23040372 的第 55 个心跳包发送成功
[01:40:07 INF] 【直播间】23357926 的第 56 个心跳包发送成功
[01:40:08 ERR] 【心跳包】直播间 407149 发送失败
[01:40:08 ERR] 【原因】time check failed
[01:40:09 INF] 【直播间】23040372 的第 56 个心跳包发送成功
[01:41:13 ERR] 【心跳包】直播间 23357926 发送失败
[01:41:13 ERR] 【原因】time check failed
[01:41:14 INF] 【直播间】407149 的第 56 个心跳包发送成功
[01:41:16 ERR] 【心跳包】直播间 23040372 发送失败
[01:41:16 ERR] 【原因】time check failed
[01:42:20 INF] 【直播间】23357926 的第 57 个心跳包发送成功
[01:42:21 INF] 【直播间】407149 的第 57 个心跳包发送成功
[01:42:22 INF] 【直播间】23040372 的第 57 个心跳包发送成功
[01:43:26 INF] 【直播间】23357926 的第 58 个心跳包发送成功
[01:43:27 INF] 【直播间】407149 的第 58 个心跳包发送成功
[01:43:29 INF] 【直播间】23040372 的第 58 个心跳包发送成功
[01:44:33 INF] 【直播间】23357926 的第 59 个心跳包发送成功
[01:44:34 INF] 【直播间】407149 的第 59 个心跳包发送成功
[01:44:35 INF] 【直播间】23040372 的第 59 个心跳包发送成功
[01:45:39 INF] 【直播间】23357926 的第 60 个心跳包发送成功
[01:45:40 INF] 【直播间】407149 的第 60 个心跳包发送成功
[01:45:42 INF] 【直播间】23040372 的第 60 个心跳包发送成功
[01:46:46 INF] 【直播间】23357926 的第 61 个心跳包发送成功
[01:46:47 INF] 【直播间】407149 的第 61 个心跳包发送成功
[01:46:48 INF] 【直播间】23040372 的第 61 个心跳包发送成功
[01:47:52 INF] 【直播间】23357926 的第 62 个心跳包发送成功
[01:47:53 INF] 【直播间】407149 的第 62 个心跳包发送成功
[01:47:55 INF] 【直播间】23040372 的第 62 个心跳包发送成功
[01:48:59 INF] 【直播间】23357926 的第 63 个心跳包发送成功
[01:49:00 INF] 【直播间】407149 的第 63 个心跳包发送成功
[01:49:01 INF] 【直播间】23040372 的第 63 个心跳包发送成功
[01:50:05 INF] 【直播间】23357926 的第 64 个心跳包发送成功
[01:50:06 INF] 【直播间】407149 的第 64 个心跳包发送成功
[01:50:08 INF] 【直播间】23040372 的第 64 个心跳包发送成功
[01:51:12 INF] 【直播间】23357926 的第 65 个心跳包发送成功
[01:51:13 INF] 【直播间】407149 的第 65 个心跳包发送成功
[01:51:14 INF] 【直播间】23040372 的第 65 个心跳包发送成功
[01:52:18 INF] 【直播间】23357926 的第 66 个心跳包发送成功
[01:52:19 INF] 【直播间】407149 的第 66 个心跳包发送成功
[01:52:21 INF] 【直播间】23040372 的第 66 个心跳包发送成功
[01:53:24 INF] 【直播间】23357926 的第 67 个心跳包发送成功
[01:53:26 INF] 【直播间】407149 的第 67 个心跳包发送成功
[01:53:27 INF] 【直播间】23040372 的第 67 个心跳包发送成功
[01:54:31 INF] 【直播间】23357926 的第 68 个心跳包发送成功
[01:54:32 INF] 【直播间】407149 的第 68 个心跳包发送成功
[01:54:33 INF] 【直播间】23040372 的第 68 个心跳包发送成功
[01:55:38 INF] 【直播间】23357926 的第 69 个心跳包发送成功
[01:55:39 ERR] 【心跳包】直播间 407149 发送失败
[01:55:39 ERR] 【原因】time check failed
[01:55:40 INF] 【直播间】23040372 的第 69 个心跳包发送成功
[01:56:44 ERR] 【心跳包】直播间 23357926 发送失败
[01:56:44 ERR] 【原因】time check failed
[01:56:45 INF] 【直播间】407149 的第 69 个心跳包发送成功
[01:56:46 ERR] 【心跳包】直播间 23040372 发送失败
[01:56:46 ERR] 【原因】time check failed
[01:57:50 INF] 【直播间】23357926 的第 70 个心跳包发送成功
[01:57:51 INF] 【直播间】407149 的第 70 个心跳包发送成功
[01:57:53 INF] 【直播间】23040372 的第 70 个心跳包发送成功
[01:57:53 INF] 【直播观看时长】完成情况：3/3 
[01:57:53 INF] ---------结束---------

[01:57:53 INF] ==========结束==========

[01:57:53 INF] ######### 账号 2 #########

[01:57:53 INF] =====开始 直播间互动 =====

[01:57:53 INF] ---开始 发送弹幕 ---
[01:57:53 INF] 检测到直播 Cookie 未正确配置，尝试自动配置中...
[01:57:59 INF] 直播 Cookie 配置成功！
[01:57:59 INF] 【获取直播列表】获取拥有粉丝牌的直播列表
[01:58:07 INF] 【主播】Mark陌枫 
[01:58:22 INF] 【主播】苏打baka 
[01:58:38 INF] 【主播】特别中二的q3君 
[01:58:54 INF] 【主播】陈抱一 
[01:59:11 INF] 【主播】贪玩的小毅 
[01:59:28 INF] 【主播】KL_qiqi_ 
[01:59:46 INF] 【主播】FoFTG 
[02:00:02 INF] 【主播】悠悠球琛总 
[02:00:19 INF] 【主播】记录生活的蛋黄派 
[02:00:31 INF] 【主播】新石器公园 
[02:00:45 INF] 【主播】脏小豆 
[02:01:06 INF] 【主播】李船长笔记 
[02:01:26 INF] 【直播间】Mark陌枫
[02:01:26 INF] 【粉丝牌】馬楓
[02:01:26 INF] 正在发送弹幕...
[02:01:30 INF] 【直播间】苏打baka
[02:01:30 INF] 【粉丝牌】碳酸钠
[02:01:30 INF] 正在发送弹幕...
[02:01:34 INF] 【直播间】特别中二的q3君
[02:01:34 INF] 【粉丝牌】q3GG
[02:01:34 INF] 正在发送弹幕...
[02:01:38 INF] 【直播间】陈抱一
[02:01:38 INF] 【粉丝牌】陈抱一
[02:01:38 INF] 正在发送弹幕...
[02:01:41 INF] 【弹幕发送】成功~，你和主播 Mark陌枫 的亲密值增加了100！
[02:01:43 INF] 【直播间】贪玩的小毅
[02:01:43 INF] 【粉丝牌】大大毅
[02:01:43 INF] 正在发送弹幕...
[02:01:47 INF] 【弹幕发送】成功~，你和主播 特别中二的q3君 的亲密值增加了100！
[02:01:47 INF] 【直播间】KL_qiqi_
[02:01:47 INF] 【粉丝牌】qiqisb
[02:01:47 INF] 正在发送弹幕...
[02:01:47 ERR] 【弹幕发送】失败
[02:01:47 ERR] 【原因】您发送弹幕的频率过快
[02:01:50 INF] 【弹幕发送】成功~，你和主播 陈抱一 的亲密值增加了100！
[02:01:52 INF] 【直播间】FoFTG
[02:01:52 INF] 【粉丝牌】FOFTG
[02:01:52 INF] 正在发送弹幕...
[02:01:57 INF] 【直播间】悠悠球琛总
[02:01:57 INF] 【粉丝牌】i琛
[02:01:57 INF] 正在发送弹幕...
[02:01:59 INF] 【弹幕发送】成功~，你和主播 贪玩的小毅 的亲密值增加了100！
[02:02:03 INF] 【弹幕发送】成功~，你和主播 KL_qiqi_ 的亲密值增加了100！
[02:02:04 INF] 【直播间】记录生活的蛋黄派
[02:02:04 INF] 【粉丝牌】派派派
[02:02:04 INF] 正在发送弹幕...
[02:02:04 INF] 【弹幕发送】成功~，你和主播 FoFTG 的亲密值增加了100！
[02:02:07 INF] 【直播间】新石器公园
[02:02:07 INF] 【粉丝牌】东园主
[02:02:07 INF] 正在发送弹幕...
[02:02:12 INF] 【直播间】脏小豆
[02:02:12 INF] 【粉丝牌】豆豆浆
[02:02:12 INF] 正在发送弹幕...
[02:02:19 INF] 【弹幕发送】成功~，你和主播 悠悠球琛总 的亲密值增加了100！
[02:02:19 INF] 【直播间】李船长笔记
[02:02:19 INF] 【粉丝牌】航海仕
[02:02:19 INF] 正在发送弹幕...
[02:02:20 INF] 【弹幕发送】成功~，你和主播 记录生活的蛋黄派 的亲密值增加了100！
[02:02:23 INF] 【弹幕发送】成功~，你和主播 新石器公园 的亲密值增加了100！
[02:02:25 INF] -------结束-------

[02:02:25 INF] ---开始 点赞直播间 ---
[02:02:25 INF] 【获取直播列表】获取拥有粉丝牌的直播列表
[02:02:29 INF] 【弹幕发送】成功~，你和主播 脏小豆 的亲密值增加了100！
[02:02:33 INF] 【主播】Mark陌枫 
[02:02:39 INF] 【弹幕发送】成功~，你和主播 李船长笔记 的亲密值增加了100！
[02:02:48 INF] 【主播】苏打baka 
[02:03:05 INF] 【主播】特别中二的q3君 
[02:03:22 INF] 【主播】陈抱一 
[02:03:40 INF] 【主播】贪玩的小毅 
[02:03:57 INF] 【主播】KL_qiqi_ 
[02:04:14 INF] 【主播】FoFTG 
[02:04:29 INF] 【主播】悠悠球琛总 
[02:04:44 INF] 【主播】记录生活的蛋黄派 
[02:04:59 INF] 【主播】新石器公园 
[02:05:15 INF] 【主播】脏小豆 
[02:05:31 INF] 【主播】李船长笔记 
[02:05:57 INF] 【点赞直播间】23357926 完成
[02:06:02 INF] 【点赞直播间】23040372 完成
[02:06:06 INF] 【点赞直播间】31494 完成
[02:06:11 INF] 【点赞直播间】4015781 完成
[02:06:18 INF] 【点赞直播间】9619073 完成
[02:06:23 INF] 【点赞直播间】407149 完成
[02:06:29 INF] 【点赞直播间】91164 完成
[02:06:36 INF] 【点赞直播间】7184632 完成
[02:06:39 INF] 【点赞直播间】11732699 完成
[02:06:45 INF] 【点赞直播间】23447660 完成
[02:06:52 INF] 【点赞直播间】929670 完成
[02:06:58 INF] --------结束--------

[02:06:58 INF] ---开始 直播时长挂机 ---
[02:06:58 INF] 【获取直播列表】获取拥有粉丝牌的直播列表
[02:06:58 INF] 【点赞直播间】22764265 完成
[02:07:05 INF] 【主播】Mark陌枫 
[02:07:23 INF] 【主播】苏打baka 
[02:07:44 INF] 【主播】特别中二的q3君 
[02:08:00 INF] 【主播】陈抱一 
[02:08:14 INF] 【主播】贪玩的小毅 
[02:08:30 INF] 【主播】KL_qiqi_ 
[02:08:44 INF] 【主播】FoFTG 
[02:08:58 INF] 【主播】悠悠球琛总 
[02:09:18 INF] 【主播】记录生活的蛋黄派 
[02:09:39 INF] 【主播】新石器公园 
[02:09:55 INF] 【主播】脏小豆 
[02:10:17 INF] 【主播】李船长笔记 
[02:10:36 INF] 【直播间】23357926 的第 1 个心跳包发送成功
[02:10:37 INF] 【直播间】23040372 的第 1 个心跳包发送成功
[02:10:38 INF] 【直播间】31494 的第 1 个心跳包发送成功
[02:10:40 INF] 【直播间】4015781 的第 1 个心跳包发送成功
[02:10:41 INF] 【直播间】9619073 的第 1 个心跳包发送成功
[02:10:42 INF] 【直播间】407149 的第 1 个心跳包发送成功
[02:10:43 INF] 【直播间】91164 的第 1 个心跳包发送成功
[02:10:44 INF] 【直播间】7184632 的第 1 个心跳包发送成功
[02:10:46 INF] 【直播间】11732699 的第 1 个心跳包发送成功
[02:10:47 INF] 【直播间】23447660 的第 1 个心跳包发送成功
[02:10:48 INF] 【直播间】929670 的第 1 个心跳包发送成功
[02:10:50 INF] 【直播间】22764265 的第 1 个心跳包发送成功
[02:11:42 INF] 【直播间】23357926 的第 2 个心跳包发送成功
[02:11:44 INF] 【直播间】23040372 的第 2 个心跳包发送成功
[02:11:45 INF] 【直播间】31494 的第 2 个心跳包发送成功
[02:11:46 INF] 【直播间】4015781 的第 2 个心跳包发送成功
[02:11:47 INF] 【直播间】9619073 的第 2 个心跳包发送成功
[02:11:49 INF] 【直播间】407149 的第 2 个心跳包发送成功
[02:11:50 INF] 【直播间】91164 的第 2 个心跳包发送成功
[02:11:51 INF] 【直播间】7184632 的第 2 个心跳包发送成功
[02:11:52 INF] 【直播间】11732699 的第 2 个心跳包发送成功
[02:11:54 INF] 【直播间】23447660 的第 2 个心跳包发送成功
[02:11:55 INF] 【直播间】929670 的第 2 个心跳包发送成功
[02:11:56 INF] 【直播间】22764265 的第 2 个心跳包发送成功
[02:12:49 INF] 【直播间】23357926 的第 3 个心跳包发送成功
[02:12:50 INF] 【直播间】23040372 的第 3 个心跳包发送成功
[02:12:51 INF] 【直播间】31494 的第 3 个心跳包发送成功
[02:12:52 INF] 【直播间】4015781 的第 3 个心跳包发送成功
[02:12:54 INF] 【直播间】9619073 的第 3 个心跳包发送成功
[02:12:55 INF] 【直播间】407149 的第 3 个心跳包发送成功
[02:12:56 INF] 【直播间】91164 的第 3 个心跳包发送成功
[02:12:57 INF] 【直播间】7184632 的第 3 个心跳包发送成功
[02:12:59 INF] 【直播间】11732699 的第 3 个心跳包发送成功
[02:13:00 INF] 【直播间】23447660 的第 3 个心跳包发送成功
[02:13:01 INF] 【直播间】929670 的第 3 个心跳包发送成功
[02:13:02 INF] 【直播间】22764265 的第 3 个心跳包发送成功
[02:13:55 INF] 【直播间】23357926 的第 4 个心跳包发送成功
[02:13:56 INF] 【直播间】23040372 的第 4 个心跳包发送成功
[02:13:58 INF] 【直播间】31494 的第 4 个心跳包发送成功
[02:13:59 INF] 【直播间】4015781 的第 4 个心跳包发送成功
[02:14:00 INF] 【直播间】9619073 的第 4 个心跳包发送成功
[02:14:01 INF] 【直播间】407149 的第 4 个心跳包发送成功
[02:14:03 INF] 【直播间】91164 的第 4 个心跳包发送成功
[02:14:04 INF] 【直播间】7184632 的第 4 个心跳包发送成功
[02:14:05 INF] 【直播间】11732699 的第 4 个心跳包发送成功
[02:14:06 INF] 【直播间】23447660 的第 4 个心跳包发送成功
[02:14:08 INF] 【直播间】929670 的第 4 个心跳包发送成功
[02:14:09 INF] 【直播间】22764265 的第 4 个心跳包发送成功
[02:15:02 INF] 【直播间】23357926 的第 5 个心跳包发送成功
[02:15:03 INF] 【直播间】23040372 的第 5 个心跳包发送成功
[02:15:04 INF] 【直播间】31494 的第 5 个心跳包发送成功
[02:15:05 INF] 【直播间】4015781 的第 5 个心跳包发送成功
[02:15:07 INF] 【直播间】9619073 的第 5 个心跳包发送成功
[02:15:08 INF] 【直播间】407149 的第 5 个心跳包发送成功
[02:15:09 INF] 【直播间】91164 的第 5 个心跳包发送成功
[02:15:11 INF] 【直播间】7184632 的第 5 个心跳包发送成功
[02:15:12 INF] 【直播间】11732699 的第 5 个心跳包发送成功
[02:15:13 INF] 【直播间】23447660 的第 5 个心跳包发送成功
[02:15:14 INF] 【直播间】929670 的第 5 个心跳包发送成功
[02:15:15 INF] 【直播间】22764265 的第 5 个心跳包发送成功
[02:16:08 INF] 【直播间】23357926 的第 6 个心跳包发送成功
[02:16:09 INF] 【直播间】23040372 的第 6 个心跳包发送成功
[02:16:11 INF] 【直播间】31494 的第 6 个心跳包发送成功
[02:16:12 INF] 【直播间】4015781 的第 6 个心跳包发送成功
[02:16:13 INF] 【直播间】9619073 的第 6 个心跳包发送成功
[02:16:14 INF] 【直播间】407149 的第 6 个心跳包发送成功
[02:16:16 INF] 【直播间】91164 的第 6 个心跳包发送成功
[02:16:17 INF] 【直播间】7184632 的第 6 个心跳包发送成功
[02:16:18 INF] 【直播间】11732699 的第 6 个心跳包发送成功
[02:16:19 INF] 【直播间】23447660 的第 6 个心跳包发送成功
[02:16:20 INF] 【直播间】929670 的第 6 个心跳包发送成功
[02:16:22 INF] 【直播间】22764265 的第 6 个心跳包发送成功
[02:17:15 INF] 【直播间】23357926 的第 7 个心跳包发送成功
[02:17:16 INF] 【直播间】23040372 的第 7 个心跳包发送成功
[02:17:17 INF] 【直播间】31494 的第 7 个心跳包发送成功
[02:17:19 INF] 【直播间】4015781 的第 7 个心跳包发送成功
[02:17:20 INF] 【直播间】9619073 的第 7 个心跳包发送成功
[02:17:21 INF] 【直播间】407149 的第 7 个心跳包发送成功
[02:17:22 INF] 【直播间】91164 的第 7 个心跳包发送成功
[02:17:24 INF] 【直播间】7184632 的第 7 个心跳包发送成功
[02:17:25 INF] 【直播间】11732699 的第 7 个心跳包发送成功
[02:17:26 INF] 【直播间】23447660 的第 7 个心跳包发送成功
[02:17:27 INF] 【直播间】929670 的第 7 个心跳包发送成功
[02:17:28 INF] 【直播间】22764265 的第 7 个心跳包发送成功
[02:18:21 INF] 【直播间】23357926 的第 8 个心跳包发送成功
[02:18:23 INF] 【直播间】23040372 的第 8 个心跳包发送成功
[02:18:24 INF] 【直播间】31494 的第 8 个心跳包发送成功
[02:18:25 INF] 【直播间】4015781 的第 8 个心跳包发送成功
[02:18:26 INF] 【直播间】9619073 的第 8 个心跳包发送成功
[02:18:27 INF] 【直播间】407149 的第 8 个心跳包发送成功
[02:18:29 INF] 【直播间】91164 的第 8 个心跳包发送成功
[02:18:30 INF] 【直播间】7184632 的第 8 个心跳包发送成功
[02:18:31 INF] 【直播间】11732699 的第 8 个心跳包发送成功
[02:18:32 INF] 【直播间】23447660 的第 8 个心跳包发送成功
[02:18:34 INF] 【直播间】929670 的第 8 个心跳包发送成功
[02:18:35 INF] 【直播间】22764265 的第 8 个心跳包发送成功
[02:19:28 INF] 【直播间】23357926 的第 9 个心跳包发送成功
[02:19:29 INF] 【直播间】23040372 的第 9 个心跳包发送成功
[02:19:30 INF] 【直播间】31494 的第 9 个心跳包发送成功
[02:19:32 INF] 【直播间】4015781 的第 9 个心跳包发送成功
[02:19:33 INF] 【直播间】9619073 的第 9 个心跳包发送成功
[02:19:34 INF] 【直播间】407149 的第 9 个心跳包发送成功
[02:19:35 INF] 【直播间】91164 的第 9 个心跳包发送成功
[02:19:37 INF] 【直播间】7184632 的第 9 个心跳包发送成功
[02:19:38 INF] 【直播间】11732699 的第 9 个心跳包发送成功
[02:19:39 INF] 【直播间】23447660 的第 9 个心跳包发送成功
[02:19:40 INF] 【直播间】929670 的第 9 个心跳包发送成功
[02:19:42 INF] 【直播间】22764265 的第 9 个心跳包发送成功
[02:20:35 INF] 【直播间】23357926 的第 10 个心跳包发送成功
[02:20:36 INF] 【直播间】23040372 的第 10 个心跳包发送成功
[02:20:37 INF] 【直播间】31494 的第 10 个心跳包发送成功
[02:20:38 INF] 【直播间】4015781 的第 10 个心跳包发送成功
[02:20:40 INF] 【直播间】9619073 的第 10 个心跳包发送成功
[02:20:41 INF] 【直播间】407149 的第 10 个心跳包发送成功
[02:20:42 INF] 【直播间】91164 的第 10 个心跳包发送成功
[02:20:44 INF] 【直播间】7184632 的第 10 个心跳包发送成功
[02:20:45 INF] 【直播间】11732699 的第 10 个心跳包发送成功
[02:20:46 INF] 【直播间】23447660 的第 10 个心跳包发送成功
[02:20:47 INF] 【直播间】929670 的第 10 个心跳包发送成功
[02:20:49 INF] 【直播间】22764265 的第 10 个心跳包发送成功
[02:21:41 INF] 【直播间】23357926 的第 11 个心跳包发送成功
[02:21:42 INF] 【直播间】23040372 的第 11 个心跳包发送成功
[02:21:44 INF] 【直播间】31494 的第 11 个心跳包发送成功
[02:21:45 INF] 【直播间】4015781 的第 11 个心跳包发送成功
[02:21:46 INF] 【直播间】9619073 的第 11 个心跳包发送成功
[02:21:47 INF] 【直播间】407149 的第 11 个心跳包发送成功
[02:21:48 INF] 【直播间】91164 的第 11 个心跳包发送成功
[02:21:50 INF] 【直播间】7184632 的第 11 个心跳包发送成功
[02:21:51 INF] 【直播间】11732699 的第 11 个心跳包发送成功
[02:21:52 INF] 【直播间】23447660 的第 11 个心跳包发送成功
[02:21:54 INF] 【直播间】929670 的第 11 个心跳包发送成功
[02:21:55 INF] 【直播间】22764265 的第 11 个心跳包发送成功
[02:22:48 INF] 【直播间】23357926 的第 12 个心跳包发送成功
[02:22:49 INF] 【直播间】23040372 的第 12 个心跳包发送成功
[02:22:50 INF] 【直播间】31494 的第 12 个心跳包发送成功
[02:22:51 INF] 【直播间】4015781 的第 12 个心跳包发送成功
[02:22:53 INF] 【直播间】9619073 的第 12 个心跳包发送成功
[02:22:54 INF] 【直播间】407149 的第 12 个心跳包发送成功
[02:22:55 INF] 【直播间】91164 的第 12 个心跳包发送成功
[02:22:57 INF] 【直播间】7184632 的第 12 个心跳包发送成功
[02:22:58 INF] 【直播间】11732699 的第 12 个心跳包发送成功
[02:22:59 INF] 【直播间】23447660 的第 12 个心跳包发送成功
[02:23:00 INF] 【直播间】929670 的第 12 个心跳包发送成功
[02:23:01 INF] 【直播间】22764265 的第 12 个心跳包发送成功
[02:23:54 INF] 【直播间】23357926 的第 13 个心跳包发送成功
[02:23:55 INF] 【直播间】23040372 的第 13 个心跳包发送成功
[02:23:57 INF] 【直播间】31494 的第 13 个心跳包发送成功
[02:23:58 INF] 【直播间】4015781 的第 13 个心跳包发送成功
[02:23:59 INF] 【直播间】9619073 的第 13 个心跳包发送成功
[02:24:00 INF] 【直播间】407149 的第 13 个心跳包发送成功
[02:24:02 INF] 【直播间】91164 的第 13 个心跳包发送成功
[02:24:03 INF] 【直播间】7184632 的第 13 个心跳包发送成功
[02:24:04 INF] 【直播间】11732699 的第 13 个心跳包发送成功
[02:24:05 INF] 【直播间】23447660 的第 13 个心跳包发送成功
[02:24:06 INF] 【直播间】929670 的第 13 个心跳包发送成功
[02:24:08 INF] 【直播间】22764265 的第 13 个心跳包发送成功
[02:25:00 INF] 【直播间】23357926 的第 14 个心跳包发送成功
[02:25:02 INF] 【直播间】23040372 的第 14 个心跳包发送成功
[02:25:03 INF] 【直播间】31494 的第 14 个心跳包发送成功
[02:25:04 INF] 【直播间】4015781 的第 14 个心跳包发送成功
[02:25:05 INF] 【直播间】9619073 的第 14 个心跳包发送成功
[02:25:07 INF] 【直播间】407149 的第 14 个心跳包发送成功
[02:25:08 INF] 【直播间】91164 的第 14 个心跳包发送成功
[02:25:09 INF] 【直播间】7184632 的第 14 个心跳包发送成功
[02:25:10 INF] 【直播间】11732699 的第 14 个心跳包发送成功
[02:25:12 INF] 【直播间】23447660 的第 14 个心跳包发送成功
[02:25:13 INF] 【直播间】929670 的第 14 个心跳包发送成功
[02:25:14 INF] 【直播间】22764265 的第 14 个心跳包发送成功
[02:26:07 ERR] 【心跳包】直播间 23357926 发送失败
[02:26:07 ERR] 【原因】time check failed
[02:26:08 ERR] 【心跳包】直播间 23040372 发送失败
[02:26:08 ERR] 【原因】time check failed
[02:26:09 ERR] 【心跳包】直播间 31494 发送失败
[02:26:09 ERR] 【原因】time check failed
[02:26:11 ERR] 【心跳包】直播间 4015781 发送失败
[02:26:11 ERR] 【原因】time check failed
[02:26:12 ERR] 【心跳包】直播间 9619073 发送失败
[02:26:12 ERR] 【原因】time check failed
[02:26:13 ERR] 【心跳包】直播间 407149 发送失败
[02:26:13 ERR] 【原因】time check failed
[02:26:15 ERR] 【心跳包】直播间 91164 发送失败
[02:26:15 ERR] 【原因】time check failed
[02:26:16 ERR] 【心跳包】直播间 7184632 发送失败
[02:26:16 ERR] 【原因】time check failed
[02:26:17 ERR] 【心跳包】直播间 11732699 发送失败
[02:26:17 ERR] 【原因】time check failed
[02:26:18 ERR] 【心跳包】直播间 23447660 发送失败
[02:26:18 ERR] 【原因】time check failed
[02:26:19 ERR] 【心跳包】直播间 929670 发送失败
[02:26:19 ERR] 【原因】time check failed
[02:26:21 ERR] 【心跳包】直播间 22764265 发送失败
[02:26:21 ERR] 【原因】time check failed
[02:27:13 INF] 【直播间】23357926 的第 15 个心跳包发送成功
[02:27:15 INF] 【直播间】23040372 的第 15 个心跳包发送成功
[02:27:16 INF] 【直播间】31494 的第 15 个心跳包发送成功
[02:27:17 INF] 【直播间】4015781 的第 15 个心跳包发送成功
[02:27:19 INF] 【直播间】9619073 的第 15 个心跳包发送成功
[02:27:20 INF] 【直播间】407149 的第 15 个心跳包发送成功
[02:27:21 INF] 【直播间】91164 的第 15 个心跳包发送成功
[02:27:22 INF] 【直播间】7184632 的第 15 个心跳包发送成功
[02:27:23 INF] 【直播间】11732699 的第 15 个心跳包发送成功
[02:27:25 INF] 【直播间】23447660 的第 15 个心跳包发送成功
[02:27:26 INF] 【直播间】929670 的第 15 个心跳包发送成功
[02:27:27 INF] 【直播间】22764265 的第 15 个心跳包发送成功
[02:28:20 INF] 【直播间】23357926 的第 16 个心跳包发送成功
[02:28:21 INF] 【直播间】23040372 的第 16 个心跳包发送成功
[02:28:23 INF] 【直播间】31494 的第 16 个心跳包发送成功
[02:28:24 INF] 【直播间】4015781 的第 16 个心跳包发送成功
[02:28:25 INF] 【直播间】9619073 的第 16 个心跳包发送成功
[02:28:26 INF] 【直播间】407149 的第 16 个心跳包发送成功
[02:28:28 INF] 【直播间】91164 的第 16 个心跳包发送成功
[02:28:29 INF] 【直播间】7184632 的第 16 个心跳包发送成功
[02:28:30 INF] 【直播间】11732699 的第 16 个心跳包发送成功
[02:28:31 INF] 【直播间】23447660 的第 16 个心跳包发送成功
[02:28:33 INF] 【直播间】929670 的第 16 个心跳包发送成功
[02:28:34 INF] 【直播间】22764265 的第 16 个心跳包发送成功
[02:29:26 INF] 【直播间】23357926 的第 17 个心跳包发送成功
[02:29:28 INF] 【直播间】23040372 的第 17 个心跳包发送成功
[02:29:29 INF] 【直播间】31494 的第 17 个心跳包发送成功
[02:29:30 INF] 【直播间】4015781 的第 17 个心跳包发送成功
[02:29:32 INF] 【直播间】9619073 的第 17 个心跳包发送成功
[02:29:33 INF] 【直播间】407149 的第 17 个心跳包发送成功
[02:29:34 INF] 【直播间】91164 的第 17 个心跳包发送成功
[02:29:36 INF] 【直播间】7184632 的第 17 个心跳包发送成功
[02:29:37 INF] 【直播间】11732699 的第 17 个心跳包发送成功
[02:29:38 INF] 【直播间】23447660 的第 17 个心跳包发送成功
[02:29:39 INF] 【直播间】929670 的第 17 个心跳包发送成功
[02:29:40 INF] 【直播间】22764265 的第 17 个心跳包发送成功
[02:30:33 INF] 【直播间】23357926 的第 18 个心跳包发送成功
[02:30:34 INF] 【直播间】23040372 的第 18 个心跳包发送成功
[02:30:35 INF] 【直播间】31494 的第 18 个心跳包发送成功
[02:30:37 INF] 【直播间】4015781 的第 18 个心跳包发送成功
[02:30:38 INF] 【直播间】9619073 的第 18 个心跳包发送成功
[02:30:39 INF] 【直播间】407149 的第 18 个心跳包发送成功
[02:30:40 INF] 【直播间】91164 的第 18 个心跳包发送成功
[02:30:42 INF] 【直播间】7184632 的第 18 个心跳包发送成功
[02:30:43 INF] 【直播间】11732699 的第 18 个心跳包发送成功
[02:30:44 INF] 【直播间】23447660 的第 18 个心跳包发送成功
[02:30:46 INF] 【直播间】929670 的第 18 个心跳包发送成功
[02:30:47 INF] 【直播间】22764265 的第 18 个心跳包发送成功
[02:31:39 INF] 【直播间】23357926 的第 19 个心跳包发送成功
[02:31:41 INF] 【直播间】23040372 的第 19 个心跳包发送成功
[02:31:42 INF] 【直播间】31494 的第 19 个心跳包发送成功
[02:31:43 INF] 【直播间】4015781 的第 19 个心跳包发送成功
[02:31:44 INF] 【直播间】9619073 的第 19 个心跳包发送成功
[02:31:46 INF] 【直播间】407149 的第 19 个心跳包发送成功
[02:31:47 INF] 【直播间】91164 的第 19 个心跳包发送成功
[02:31:48 INF] 【直播间】7184632 的第 19 个心跳包发送成功
[02:31:49 INF] 【直播间】11732699 的第 19 个心跳包发送成功
[02:31:51 INF] 【直播间】23447660 的第 19 个心跳包发送成功
[02:31:52 INF] 【直播间】929670 的第 19 个心跳包发送成功
[02:31:53 INF] 【直播间】22764265 的第 19 个心跳包发送成功
[02:32:46 INF] 【直播间】23357926 的第 20 个心跳包发送成功
[02:32:47 INF] 【直播间】23040372 的第 20 个心跳包发送成功
[02:32:48 INF] 【直播间】31494 的第 20 个心跳包发送成功
[02:32:50 INF] 【直播间】4015781 的第 20 个心跳包发送成功
[02:32:51 INF] 【直播间】9619073 的第 20 个心跳包发送成功
[02:32:52 INF] 【直播间】407149 的第 20 个心跳包发送成功
[02:32:53 INF] 【直播间】91164 的第 20 个心跳包发送成功
[02:32:55 INF] 【直播间】7184632 的第 20 个心跳包发送成功
[02:32:56 INF] 【直播间】11732699 的第 20 个心跳包发送成功
[02:32:57 INF] 【直播间】23447660 的第 20 个心跳包发送成功
[02:32:58 INF] 【直播间】929670 的第 20 个心跳包发送成功
[02:32:59 INF] 【直播间】22764265 的第 20 个心跳包发送成功
[02:33:53 INF] 【直播间】23357926 的第 21 个心跳包发送成功
[02:33:54 INF] 【直播间】23040372 的第 21 个心跳包发送成功
[02:33:55 INF] 【直播间】31494 的第 21 个心跳包发送成功
[02:33:56 INF] 【直播间】4015781 的第 21 个心跳包发送成功
[02:33:58 INF] 【直播间】9619073 的第 21 个心跳包发送成功
[02:33:59 INF] 【直播间】407149 的第 21 个心跳包发送成功
[02:34:00 INF] 【直播间】91164 的第 21 个心跳包发送成功
[02:34:01 INF] 【直播间】7184632 的第 21 个心跳包发送成功
[02:34:03 INF] 【直播间】11732699 的第 21 个心跳包发送成功
[02:34:04 INF] 【直播间】23447660 的第 21 个心跳包发送成功
[02:34:05 INF] 【直播间】929670 的第 21 个心跳包发送成功
[02:34:06 INF] 【直播间】22764265 的第 21 个心跳包发送成功
[02:34:59 INF] 【直播间】23357926 的第 22 个心跳包发送成功
[02:35:00 INF] 【直播间】23040372 的第 22 个心跳包发送成功
[02:35:02 INF] 【直播间】31494 的第 22 个心跳包发送成功
[02:35:03 INF] 【直播间】4015781 的第 22 个心跳包发送成功
[02:35:04 INF] 【直播间】9619073 的第 22 个心跳包发送成功
[02:35:05 INF] 【直播间】407149 的第 22 个心跳包发送成功
[02:35:06 INF] 【直播间】91164 的第 22 个心跳包发送成功
[02:35:08 INF] 【直播间】7184632 的第 22 个心跳包发送成功
[02:35:09 INF] 【直播间】11732699 的第 22 个心跳包发送成功
[02:35:10 INF] 【直播间】23447660 的第 22 个心跳包发送成功
[02:35:11 INF] 【直播间】929670 的第 22 个心跳包发送成功
[02:35:13 INF] 【直播间】22764265 的第 22 个心跳包发送成功
[02:36:05 INF] 【直播间】23357926 的第 23 个心跳包发送成功
[02:36:07 INF] 【直播间】23040372 的第 23 个心跳包发送成功
[02:36:08 INF] 【直播间】31494 的第 23 个心跳包发送成功
[02:36:09 INF] 【直播间】4015781 的第 23 个心跳包发送成功
[02:36:10 INF] 【直播间】9619073 的第 23 个心跳包发送成功
[02:36:12 INF] 【直播间】407149 的第 23 个心跳包发送成功
[02:36:13 INF] 【直播间】91164 的第 23 个心跳包发送成功
[02:36:14 INF] 【直播间】7184632 的第 23 个心跳包发送成功
[02:36:15 INF] 【直播间】11732699 的第 23 个心跳包发送成功
[02:36:17 INF] 【直播间】23447660 的第 23 个心跳包发送成功
[02:36:18 INF] 【直播间】929670 的第 23 个心跳包发送成功
[02:36:19 INF] 【直播间】22764265 的第 23 个心跳包发送成功
[02:37:12 INF] 【直播间】23357926 的第 24 个心跳包发送成功
[02:37:13 INF] 【直播间】23040372 的第 24 个心跳包发送成功
[02:37:14 INF] 【直播间】31494 的第 24 个心跳包发送成功
[02:37:15 INF] 【直播间】4015781 的第 24 个心跳包发送成功
[02:37:17 INF] 【直播间】9619073 的第 24 个心跳包发送成功
[02:37:18 INF] 【直播间】407149 的第 24 个心跳包发送成功
[02:37:19 INF] 【直播间】91164 的第 24 个心跳包发送成功
[02:37:20 INF] 【直播间】7184632 的第 24 个心跳包发送成功
[02:37:22 INF] 【直播间】11732699 的第 24 个心跳包发送成功
[02:37:23 INF] 【直播间】23447660 的第 24 个心跳包发送成功
[02:37:24 INF] 【直播间】929670 的第 24 个心跳包发送成功
[02:37:25 INF] 【直播间】22764265 的第 24 个心跳包发送成功
[02:38:18 INF] 【直播间】23357926 的第 25 个心跳包发送成功
[02:38:19 INF] 【直播间】23040372 的第 25 个心跳包发送成功
[02:38:20 INF] 【直播间】31494 的第 25 个心跳包发送成功
[02:38:22 INF] 【直播间】4015781 的第 25 个心跳包发送成功
[02:38:23 INF] 【直播间】9619073 的第 25 个心跳包发送成功
[02:38:24 INF] 【直播间】407149 的第 25 个心跳包发送成功
[02:38:26 INF] 【直播间】91164 的第 25 个心跳包发送成功
[02:38:27 INF] 【直播间】7184632 的第 25 个心跳包发送成功
[02:38:28 INF] 【直播间】11732699 的第 25 个心跳包发送成功
[02:38:29 INF] 【直播间】23447660 的第 25 个心跳包发送成功
[02:38:31 INF] 【直播间】929670 的第 25 个心跳包发送成功
[02:38:32 INF] 【直播间】22764265 的第 25 个心跳包发送成功
[02:39:25 INF] 【直播间】23357926 的第 26 个心跳包发送成功
[02:39:26 INF] 【直播间】23040372 的第 26 个心跳包发送成功
[02:39:27 INF] 【直播间】31494 的第 26 个心跳包发送成功
[02:39:28 INF] 【直播间】4015781 的第 26 个心跳包发送成功
[02:39:30 INF] 【直播间】9619073 的第 26 个心跳包发送成功
[02:39:31 INF] 【直播间】407149 的第 26 个心跳包发送成功
[02:39:32 INF] 【直播间】91164 的第 26 个心跳包发送成功
[02:39:33 INF] 【直播间】7184632 的第 26 个心跳包发送成功
[02:39:35 INF] 【直播间】11732699 的第 26 个心跳包发送成功
[02:39:36 INF] 【直播间】23447660 的第 26 个心跳包发送成功
[02:39:37 INF] 【直播间】929670 的第 26 个心跳包发送成功
[02:39:38 INF] 【直播间】22764265 的第 26 个心跳包发送成功
[02:40:31 INF] 【直播间】23357926 的第 27 个心跳包发送成功
[02:40:32 INF] 【直播间】23040372 的第 27 个心跳包发送成功
[02:40:33 INF] 【直播间】31494 的第 27 个心跳包发送成功
[02:40:35 INF] 【直播间】4015781 的第 27 个心跳包发送成功
[02:40:36 INF] 【直播间】9619073 的第 27 个心跳包发送成功
[02:40:37 INF] 【直播间】407149 的第 27 个心跳包发送成功
[02:40:38 INF] 【直播间】91164 的第 27 个心跳包发送成功
[02:40:40 INF] 【直播间】7184632 的第 27 个心跳包发送成功
[02:40:41 INF] 【直播间】11732699 的第 27 个心跳包发送成功
[02:40:42 INF] 【直播间】23447660 的第 27 个心跳包发送成功
[02:40:44 INF] 【直播间】929670 的第 27 个心跳包发送成功
[02:40:45 INF] 【直播间】22764265 的第 27 个心跳包发送成功
[02:41:37 INF] 【直播间】23357926 的第 28 个心跳包发送成功
[02:41:39 ERR] 【心跳包】直播间 23040372 发送失败
[02:41:39 ERR] 【原因】time check failed
[02:41:40 ERR] 【心跳包】直播间 31494 发送失败
[02:41:40 ERR] 【原因】time check failed
[02:41:41 INF] 【直播间】4015781 的第 28 个心跳包发送成功
[02:41:42 INF] 【直播间】9619073 的第 28 个心跳包发送成功
[02:41:44 ERR] 【心跳包】直播间 407149 发送失败
[02:41:44 ERR] 【原因】time check failed
[02:41:45 ERR] 【心跳包】直播间 91164 发送失败
[02:41:45 ERR] 【原因】time check failed
[02:41:46 INF] 【直播间】7184632 的第 28 个心跳包发送成功
[02:41:47 INF] 【直播间】11732699 的第 28 个心跳包发送成功
[02:41:49 INF] 【直播间】23447660 的第 28 个心跳包发送成功
[02:41:50 ERR] 【心跳包】直播间 929670 发送失败
[02:41:50 ERR] 【原因】time check failed
[02:41:51 INF] 【直播间】22764265 的第 28 个心跳包发送成功
[02:42:44 ERR] 【心跳包】直播间 23357926 发送失败
[02:42:44 ERR] 【原因】time check failed
[02:42:45 INF] 【直播间】23040372 的第 28 个心跳包发送成功
[02:42:46 INF] 【直播间】31494 的第 28 个心跳包发送成功
[02:42:47 ERR] 【心跳包】直播间 4015781 发送失败
[02:42:47 ERR] 【原因】time check failed
[02:42:49 ERR] 【心跳包】直播间 9619073 发送失败
[02:42:49 ERR] 【原因】time check failed
[02:42:50 INF] 【直播间】407149 的第 28 个心跳包发送成功
[02:42:51 INF] 【直播间】91164 的第 28 个心跳包发送成功
[02:42:52 ERR] 【心跳包】直播间 7184632 发送失败
[02:42:52 ERR] 【原因】time check failed
[02:42:54 ERR] 【心跳包】直播间 11732699 发送失败
[02:42:54 ERR] 【原因】time check failed
[02:42:55 ERR] 【心跳包】直播间 23447660 发送失败
[02:42:55 ERR] 【原因】time check failed
[02:42:56 INF] 【直播间】929670 的第 28 个心跳包发送成功
[02:42:57 ERR] 【心跳包】直播间 22764265 发送失败
[02:42:57 ERR] 【原因】time check failed
[02:43:50 INF] 【直播间】23357926 的第 29 个心跳包发送成功
[02:43:52 INF] 【直播间】23040372 的第 29 个心跳包发送成功
[02:43:53 INF] 【直播间】31494 的第 29 个心跳包发送成功
[02:43:54 INF] 【直播间】4015781 的第 29 个心跳包发送成功
[02:43:55 INF] 【直播间】9619073 的第 29 个心跳包发送成功
[02:43:56 INF] 【直播间】407149 的第 29 个心跳包发送成功
[02:43:58 INF] 【直播间】91164 的第 29 个心跳包发送成功
[02:43:59 INF] 【直播间】7184632 的第 29 个心跳包发送成功
[02:44:00 INF] 【直播间】11732699 的第 29 个心跳包发送成功
[02:44:01 INF] 【直播间】23447660 的第 29 个心跳包发送成功
[02:44:03 INF] 【直播间】929670 的第 29 个心跳包发送成功
[02:44:04 INF] 【直播间】22764265 的第 29 个心跳包发送成功
[02:44:57 INF] 【直播间】23357926 的第 30 个心跳包发送成功
[02:44:58 INF] 【直播间】23040372 的第 30 个心跳包发送成功
[02:44:59 INF] 【直播间】31494 的第 30 个心跳包发送成功
[02:45:01 INF] 【直播间】4015781 的第 30 个心跳包发送成功
[02:45:02 INF] 【直播间】9619073 的第 30 个心跳包发送成功
[02:45:03 INF] 【直播间】407149 的第 30 个心跳包发送成功
[02:45:04 INF] 【直播间】91164 的第 30 个心跳包发送成功
[02:45:05 INF] 【直播间】7184632 的第 30 个心跳包发送成功
[02:45:07 INF] 【直播间】11732699 的第 30 个心跳包发送成功
[02:45:08 INF] 【直播间】23447660 的第 30 个心跳包发送成功
[02:45:09 INF] 【直播间】929670 的第 30 个心跳包发送成功
[02:45:10 INF] 【直播间】22764265 的第 30 个心跳包发送成功
[02:46:03 INF] 【直播间】23357926 的第 31 个心跳包发送成功
[02:46:05 INF] 【直播间】23040372 的第 31 个心跳包发送成功
[02:46:06 INF] 【直播间】31494 的第 31 个心跳包发送成功
[02:46:07 INF] 【直播间】4015781 的第 31 个心跳包发送成功
[02:46:08 INF] 【直播间】9619073 的第 31 个心跳包发送成功
[02:46:09 INF] 【直播间】407149 的第 31 个心跳包发送成功
[02:46:11 INF] 【直播间】91164 的第 31 个心跳包发送成功
[02:46:12 INF] 【直播间】7184632 的第 31 个心跳包发送成功
[02:46:13 INF] 【直播间】11732699 的第 31 个心跳包发送成功
[02:46:14 INF] 【直播间】23447660 的第 31 个心跳包发送成功
[02:46:16 INF] 【直播间】929670 的第 31 个心跳包发送成功
[02:46:17 INF] 【直播间】22764265 的第 31 个心跳包发送成功
[02:47:10 INF] 【直播间】23357926 的第 32 个心跳包发送成功
[02:47:11 INF] 【直播间】23040372 的第 32 个心跳包发送成功
[02:47:12 INF] 【直播间】31494 的第 32 个心跳包发送成功
[02:47:13 INF] 【直播间】4015781 的第 32 个心跳包发送成功
[02:47:15 INF] 【直播间】9619073 的第 32 个心跳包发送成功
[02:47:16 INF] 【直播间】407149 的第 32 个心跳包发送成功
[02:47:17 INF] 【直播间】91164 的第 32 个心跳包发送成功
[02:47:18 INF] 【直播间】7184632 的第 32 个心跳包发送成功
[02:47:20 INF] 【直播间】11732699 的第 32 个心跳包发送成功
[02:47:21 INF] 【直播间】23447660 的第 32 个心跳包发送成功
[02:47:22 INF] 【直播间】929670 的第 32 个心跳包发送成功
[02:47:23 INF] 【直播间】22764265 的第 32 个心跳包发送成功
[02:48:16 INF] 【直播间】23357926 的第 33 个心跳包发送成功
[02:48:17 INF] 【直播间】23040372 的第 33 个心跳包发送成功
[02:48:18 INF] 【直播间】31494 的第 33 个心跳包发送成功
[02:48:20 INF] 【直播间】4015781 的第 33 个心跳包发送成功
[02:48:21 INF] 【直播间】9619073 的第 33 个心跳包发送成功
[02:48:22 INF] 【直播间】407149 的第 33 个心跳包发送成功
[02:48:23 INF] 【直播间】91164 的第 33 个心跳包发送成功
[02:48:25 INF] 【直播间】7184632 的第 33 个心跳包发送成功
[02:48:26 INF] 【直播间】11732699 的第 33 个心跳包发送成功
[02:48:27 INF] 【直播间】23447660 的第 33 个心跳包发送成功
[02:48:28 INF] 【直播间】929670 的第 33 个心跳包发送成功
[02:48:29 INF] 【直播间】22764265 的第 33 个心跳包发送成功
[02:49:22 INF] 【直播间】23357926 的第 34 个心跳包发送成功
[02:49:24 INF] 【直播间】23040372 的第 34 个心跳包发送成功
[02:49:25 INF] 【直播间】31494 的第 34 个心跳包发送成功
[02:49:26 INF] 【直播间】4015781 的第 34 个心跳包发送成功
[02:49:27 INF] 【直播间】9619073 的第 34 个心跳包发送成功
[02:49:28 INF] 【直播间】407149 的第 34 个心跳包发送成功
[02:49:30 INF] 【直播间】91164 的第 34 个心跳包发送成功
[02:49:31 INF] 【直播间】7184632 的第 34 个心跳包发送成功
[02:49:32 INF] 【直播间】11732699 的第 34 个心跳包发送成功
[02:49:33 INF] 【直播间】23447660 的第 34 个心跳包发送成功
[02:49:35 INF] 【直播间】929670 的第 34 个心跳包发送成功
[02:49:36 INF] 【直播间】22764265 的第 34 个心跳包发送成功
[02:50:29 INF] 【直播间】23357926 的第 35 个心跳包发送成功
[02:50:30 INF] 【直播间】23040372 的第 35 个心跳包发送成功
[02:50:31 INF] 【直播间】31494 的第 35 个心跳包发送成功
[02:50:33 INF] 【直播间】4015781 的第 35 个心跳包发送成功
[02:50:34 INF] 【直播间】9619073 的第 35 个心跳包发送成功
[02:50:35 INF] 【直播间】407149 的第 35 个心跳包发送成功
[02:50:36 INF] 【直播间】91164 的第 35 个心跳包发送成功
[02:50:38 INF] 【直播间】7184632 的第 35 个心跳包发送成功
[02:50:39 INF] 【直播间】11732699 的第 35 个心跳包发送成功
[02:50:40 INF] 【直播间】23447660 的第 35 个心跳包发送成功
[02:50:41 INF] 【直播间】929670 的第 35 个心跳包发送成功
[02:50:43 INF] 【直播间】22764265 的第 35 个心跳包发送成功
[02:51:35 INF] 【直播间】23357926 的第 36 个心跳包发送成功
[02:51:37 INF] 【直播间】23040372 的第 36 个心跳包发送成功
[02:51:38 INF] 【直播间】31494 的第 36 个心跳包发送成功
[02:51:39 INF] 【直播间】4015781 的第 36 个心跳包发送成功
[02:51:40 INF] 【直播间】9619073 的第 36 个心跳包发送成功
[02:51:42 INF] 【直播间】407149 的第 36 个心跳包发送成功
[02:51:43 INF] 【直播间】91164 的第 36 个心跳包发送成功
[02:51:44 INF] 【直播间】7184632 的第 36 个心跳包发送成功
[02:51:45 INF] 【直播间】11732699 的第 36 个心跳包发送成功
[02:51:47 INF] 【直播间】23447660 的第 36 个心跳包发送成功
[02:51:48 INF] 【直播间】929670 的第 36 个心跳包发送成功
[02:51:49 INF] 【直播间】22764265 的第 36 个心跳包发送成功
[02:52:42 INF] 【直播间】23357926 的第 37 个心跳包发送成功
[02:52:43 INF] 【直播间】23040372 的第 37 个心跳包发送成功
[02:52:44 INF] 【直播间】31494 的第 37 个心跳包发送成功
[02:52:46 INF] 【直播间】4015781 的第 37 个心跳包发送成功
[02:52:47 INF] 【直播间】9619073 的第 37 个心跳包发送成功
[02:52:48 INF] 【直播间】407149 的第 37 个心跳包发送成功
[02:52:49 INF] 【直播间】91164 的第 37 个心跳包发送成功
[02:52:50 INF] 【直播间】7184632 的第 37 个心跳包发送成功
[02:52:52 INF] 【直播间】11732699 的第 37 个心跳包发送成功
[02:52:53 INF] 【直播间】23447660 的第 37 个心跳包发送成功
[02:52:54 INF] 【直播间】929670 的第 37 个心跳包发送成功
[02:52:55 INF] 【直播间】22764265 的第 37 个心跳包发送成功
[02:53:48 INF] 【直播间】23357926 的第 38 个心跳包发送成功
[02:53:49 INF] 【直播间】23040372 的第 38 个心跳包发送成功
[02:53:51 INF] 【直播间】31494 的第 38 个心跳包发送成功
[02:53:52 INF] 【直播间】4015781 的第 38 个心跳包发送成功
[02:53:53 INF] 【直播间】9619073 的第 38 个心跳包发送成功
[02:53:54 INF] 【直播间】407149 的第 38 个心跳包发送成功
[02:53:56 INF] 【直播间】91164 的第 38 个心跳包发送成功
[02:53:57 INF] 【直播间】7184632 的第 38 个心跳包发送成功
[02:53:58 INF] 【直播间】11732699 的第 38 个心跳包发送成功
[02:53:59 INF] 【直播间】23447660 的第 38 个心跳包发送成功
[02:54:01 INF] 【直播间】929670 的第 38 个心跳包发送成功
[02:54:02 INF] 【直播间】22764265 的第 38 个心跳包发送成功
[02:54:55 INF] 【直播间】23357926 的第 39 个心跳包发送成功
[02:54:56 INF] 【直播间】23040372 的第 39 个心跳包发送成功
[02:54:57 INF] 【直播间】31494 的第 39 个心跳包发送成功
[02:54:58 INF] 【直播间】4015781 的第 39 个心跳包发送成功
[02:55:00 INF] 【直播间】9619073 的第 39 个心跳包发送成功
[02:55:01 INF] 【直播间】407149 的第 39 个心跳包发送成功
[02:55:02 INF] 【直播间】91164 的第 39 个心跳包发送成功
[02:55:03 INF] 【直播间】7184632 的第 39 个心跳包发送成功
[02:55:04 INF] 【直播间】11732699 的第 39 个心跳包发送成功
[02:55:06 INF] 【直播间】23447660 的第 39 个心跳包发送成功
[02:55:07 INF] 【直播间】929670 的第 39 个心跳包发送成功
[02:55:08 INF] 【直播间】22764265 的第 39 个心跳包发送成功
[02:56:01 INF] 【直播间】23357926 的第 40 个心跳包发送成功
[02:56:03 INF] 【直播间】23040372 的第 40 个心跳包发送成功
[02:56:04 INF] 【直播间】31494 的第 40 个心跳包发送成功
[02:56:05 INF] 【直播间】4015781 的第 40 个心跳包发送成功
[02:56:06 INF] 【直播间】9619073 的第 40 个心跳包发送成功
[02:56:08 INF] 【直播间】407149 的第 40 个心跳包发送成功
[02:56:09 INF] 【直播间】91164 的第 40 个心跳包发送成功
[02:56:10 INF] 【直播间】7184632 的第 40 个心跳包发送成功
[02:56:11 INF] 【直播间】11732699 的第 40 个心跳包发送成功
[02:56:12 INF] 【直播间】23447660 的第 40 个心跳包发送成功
[02:56:14 INF] 【直播间】929670 的第 40 个心跳包发送成功
[02:56:15 INF] 【直播间】22764265 的第 40 个心跳包发送成功
[02:57:08 INF] 【直播间】23357926 的第 41 个心跳包发送成功
[02:57:09 INF] 【直播间】23040372 的第 41 个心跳包发送成功
[02:57:10 INF] 【直播间】31494 的第 41 个心跳包发送成功
[02:57:11 INF] 【直播间】4015781 的第 41 个心跳包发送成功
[02:57:13 INF] 【直播间】9619073 的第 41 个心跳包发送成功
[02:57:14 INF] 【直播间】407149 的第 41 个心跳包发送成功
[02:57:15 INF] 【直播间】91164 的第 41 个心跳包发送成功
[02:57:16 INF] 【直播间】7184632 的第 41 个心跳包发送成功
[02:57:18 INF] 【直播间】11732699 的第 41 个心跳包发送成功
[02:57:19 INF] 【直播间】23447660 的第 41 个心跳包发送成功
[02:57:20 INF] 【直播间】929670 的第 41 个心跳包发送成功
[02:57:21 INF] 【直播间】22764265 的第 41 个心跳包发送成功
[02:58:14 INF] 【直播间】23357926 的第 42 个心跳包发送成功
[02:58:16 ERR] 【心跳包】直播间 23040372 发送失败
[02:58:16 ERR] 【原因】time check failed
[02:58:17 ERR] 【心跳包】直播间 31494 发送失败
[02:58:17 ERR] 【原因】time check failed
[02:58:18 ERR] 【心跳包】直播间 4015781 发送失败
[02:58:18 ERR] 【原因】time check failed
[02:58:19 INF] 【直播间】9619073 的第 42 个心跳包发送成功
[02:58:20 ERR] 【心跳包】直播间 407149 发送失败
[02:58:20 ERR] 【原因】time check failed
[02:58:22 ERR] 【心跳包】直播间 91164 发送失败
[02:58:22 ERR] 【原因】time check failed
[02:58:23 ERR] 【心跳包】直播间 7184632 发送失败
[02:58:23 ERR] 【原因】time check failed
[02:58:24 INF] 【直播间】11732699 的第 42 个心跳包发送成功
[02:58:25 INF] 【直播间】23447660 的第 42 个心跳包发送成功
[02:58:27 ERR] 【心跳包】直播间 929670 发送失败
[02:58:27 ERR] 【原因】time check failed
[02:58:28 ERR] 【心跳包】直播间 22764265 发送失败
[02:58:28 ERR] 【原因】time check failed
[02:59:20 ERR] 【心跳包】直播间 23357926 发送失败
[02:59:20 ERR] 【原因】time check failed
[02:59:22 INF] 【直播间】23040372 的第 42 个心跳包发送成功
[02:59:23 INF] 【直播间】31494 的第 42 个心跳包发送成功
[02:59:24 INF] 【直播间】4015781 的第 42 个心跳包发送成功
[02:59:25 ERR] 【心跳包】直播间 9619073 发送失败
[02:59:25 ERR] 【原因】time check failed
[02:59:27 INF] 【直播间】407149 的第 42 个心跳包发送成功
[02:59:28 INF] 【直播间】91164 的第 42 个心跳包发送成功
[02:59:29 INF] 【直播间】7184632 的第 42 个心跳包发送成功
[02:59:31 ERR] 【心跳包】直播间 11732699 发送失败
[02:59:31 ERR] 【原因】time check failed
[02:59:32 ERR] 【心跳包】直播间 23447660 发送失败
[02:59:32 ERR] 【原因】time check failed
[02:59:33 INF] 【直播间】929670 的第 42 个心跳包发送成功
[02:59:34 INF] 【直播间】22764265 的第 42 个心跳包发送成功
[03:00:27 INF] 【直播间】23357926 的第 43 个心跳包发送成功
[03:00:28 INF] 【直播间】23040372 的第 43 个心跳包发送成功
[03:00:29 INF] 【直播间】31494 的第 43 个心跳包发送成功
[03:00:31 INF] 【直播间】4015781 的第 43 个心跳包发送成功
[03:00:32 INF] 【直播间】9619073 的第 43 个心跳包发送成功
[03:00:33 INF] 【直播间】407149 的第 43 个心跳包发送成功
[03:00:34 INF] 【直播间】91164 的第 43 个心跳包发送成功
[03:00:36 INF] 【直播间】7184632 的第 43 个心跳包发送成功
[03:00:37 INF] 【直播间】11732699 的第 43 个心跳包发送成功
[03:00:38 INF] 【直播间】23447660 的第 43 个心跳包发送成功
[03:00:39 INF] 【直播间】929670 的第 43 个心跳包发送成功
[03:00:41 INF] 【直播间】22764265 的第 43 个心跳包发送成功
[03:01:34 INF] 【直播间】23357926 的第 44 个心跳包发送成功
[03:01:35 INF] 【直播间】23040372 的第 44 个心跳包发送成功
[03:01:36 INF] 【直播间】31494 的第 44 个心跳包发送成功
[03:01:37 INF] 【直播间】4015781 的第 44 个心跳包发送成功
[03:01:39 INF] 【直播间】9619073 的第 44 个心跳包发送成功
[03:01:40 INF] 【直播间】407149 的第 44 个心跳包发送成功
[03:01:41 INF] 【直播间】91164 的第 44 个心跳包发送成功
[03:01:42 INF] 【直播间】7184632 的第 44 个心跳包发送成功
[03:01:44 INF] 【直播间】11732699 的第 44 个心跳包发送成功
[03:01:45 INF] 【直播间】23447660 的第 44 个心跳包发送成功
[03:01:46 INF] 【直播间】929670 的第 44 个心跳包发送成功
[03:01:47 INF] 【直播间】22764265 的第 44 个心跳包发送成功
[03:02:40 INF] 【直播间】23357926 的第 45 个心跳包发送成功
[03:02:41 INF] 【直播间】23040372 的第 45 个心跳包发送成功
[03:02:43 INF] 【直播间】31494 的第 45 个心跳包发送成功
[03:02:44 INF] 【直播间】4015781 的第 45 个心跳包发送成功
[03:02:45 INF] 【直播间】9619073 的第 45 个心跳包发送成功
[03:02:46 INF] 【直播间】407149 的第 45 个心跳包发送成功
[03:02:48 INF] 【直播间】91164 的第 45 个心跳包发送成功
[03:02:49 INF] 【直播间】7184632 的第 45 个心跳包发送成功
[03:02:50 INF] 【直播间】11732699 的第 45 个心跳包发送成功
[03:02:51 INF] 【直播间】23447660 的第 45 个心跳包发送成功
[03:02:53 INF] 【直播间】929670 的第 45 个心跳包发送成功
[03:02:54 INF] 【直播间】22764265 的第 45 个心跳包发送成功
[03:03:47 INF] 【直播间】23357926 的第 46 个心跳包发送成功
[03:03:48 INF] 【直播间】23040372 的第 46 个心跳包发送成功
[03:03:49 INF] 【直播间】31494 的第 46 个心跳包发送成功
[03:03:50 INF] 【直播间】4015781 的第 46 个心跳包发送成功
[03:03:52 INF] 【直播间】9619073 的第 46 个心跳包发送成功
[03:03:53 INF] 【直播间】407149 的第 46 个心跳包发送成功
[03:03:54 INF] 【直播间】91164 的第 46 个心跳包发送成功
[03:03:55 INF] 【直播间】7184632 的第 46 个心跳包发送成功
[03:03:57 INF] 【直播间】11732699 的第 46 个心跳包发送成功
[03:03:58 INF] 【直播间】23447660 的第 46 个心跳包发送成功
[03:03:59 INF] 【直播间】929670 的第 46 个心跳包发送成功
[03:04:00 INF] 【直播间】22764265 的第 46 个心跳包发送成功
[03:04:53 INF] 【直播间】23357926 的第 47 个心跳包发送成功
[03:04:54 INF] 【直播间】23040372 的第 47 个心跳包发送成功
[03:04:56 INF] 【直播间】31494 的第 47 个心跳包发送成功
[03:04:57 INF] 【直播间】4015781 的第 47 个心跳包发送成功
[03:04:58 INF] 【直播间】9619073 的第 47 个心跳包发送成功
[03:04:59 INF] 【直播间】407149 的第 47 个心跳包发送成功
[03:05:01 INF] 【直播间】91164 的第 47 个心跳包发送成功
[03:05:02 INF] 【直播间】7184632 的第 47 个心跳包发送成功
[03:05:03 INF] 【直播间】11732699 的第 47 个心跳包发送成功
[03:05:04 INF] 【直播间】23447660 的第 47 个心跳包发送成功
[03:05:06 INF] 【直播间】929670 的第 47 个心跳包发送成功
[03:05:07 INF] 【直播间】22764265 的第 47 个心跳包发送成功
[03:05:59 INF] 【直播间】23357926 的第 48 个心跳包发送成功
[03:06:01 INF] 【直播间】23040372 的第 48 个心跳包发送成功
[03:06:02 INF] 【直播间】31494 的第 48 个心跳包发送成功
[03:06:03 INF] 【直播间】4015781 的第 48 个心跳包发送成功
[03:06:04 INF] 【直播间】9619073 的第 48 个心跳包发送成功
[03:06:06 INF] 【直播间】407149 的第 48 个心跳包发送成功
[03:06:07 INF] 【直播间】91164 的第 48 个心跳包发送成功
[03:06:08 INF] 【直播间】7184632 的第 48 个心跳包发送成功
[03:06:09 INF] 【直播间】11732699 的第 48 个心跳包发送成功
[03:06:11 INF] 【直播间】23447660 的第 48 个心跳包发送成功
[03:06:12 INF] 【直播间】929670 的第 48 个心跳包发送成功
[03:06:13 INF] 【直播间】22764265 的第 48 个心跳包发送成功
[03:07:06 INF] 【直播间】23357926 的第 49 个心跳包发送成功
[03:07:07 INF] 【直播间】23040372 的第 49 个心跳包发送成功
[03:07:09 INF] 【直播间】31494 的第 49 个心跳包发送成功
[03:07:10 INF] 【直播间】4015781 的第 49 个心跳包发送成功
[03:07:11 INF] 【直播间】9619073 的第 49 个心跳包发送成功
[03:07:13 INF] 【直播间】407149 的第 49 个心跳包发送成功
[03:07:14 INF] 【直播间】91164 的第 49 个心跳包发送成功
[03:07:15 INF] 【直播间】7184632 的第 49 个心跳包发送成功
[03:07:16 INF] 【直播间】11732699 的第 49 个心跳包发送成功
[03:07:17 INF] 【直播间】23447660 的第 49 个心跳包发送成功
[03:07:19 INF] 【直播间】929670 的第 49 个心跳包发送成功
[03:07:20 INF] 【直播间】22764265 的第 49 个心跳包发送成功
[03:08:13 INF] 【直播间】23357926 的第 50 个心跳包发送成功
[03:08:14 INF] 【直播间】23040372 的第 50 个心跳包发送成功
[03:08:15 INF] 【直播间】31494 的第 50 个心跳包发送成功
[03:08:16 INF] 【直播间】4015781 的第 50 个心跳包发送成功
[03:08:17 INF] 【直播间】9619073 的第 50 个心跳包发送成功
[03:08:19 INF] 【直播间】407149 的第 50 个心跳包发送成功
[03:08:20 INF] 【直播间】91164 的第 50 个心跳包发送成功
[03:08:21 INF] 【直播间】7184632 的第 50 个心跳包发送成功
[03:08:22 INF] 【直播间】11732699 的第 50 个心跳包发送成功
[03:08:24 INF] 【直播间】23447660 的第 50 个心跳包发送成功
[03:08:25 INF] 【直播间】929670 的第 50 个心跳包发送成功
[03:08:26 INF] 【直播间】22764265 的第 50 个心跳包发送成功
[03:09:19 INF] 【直播间】23357926 的第 51 个心跳包发送成功
[03:09:21 INF] 【直播间】23040372 的第 51 个心跳包发送成功
[03:09:22 INF] 【直播间】31494 的第 51 个心跳包发送成功
[03:09:23 INF] 【直播间】4015781 的第 51 个心跳包发送成功
[03:09:24 INF] 【直播间】9619073 的第 51 个心跳包发送成功
[03:09:25 INF] 【直播间】407149 的第 51 个心跳包发送成功
[03:09:27 INF] 【直播间】91164 的第 51 个心跳包发送成功
[03:09:28 INF] 【直播间】7184632 的第 51 个心跳包发送成功
[03:09:30 INF] 【直播间】11732699 的第 51 个心跳包发送成功
[03:09:31 INF] 【直播间】23447660 的第 51 个心跳包发送成功
[03:09:32 INF] 【直播间】929670 的第 51 个心跳包发送成功
[03:09:33 INF] 【直播间】22764265 的第 51 个心跳包发送成功
[03:10:25 INF] 【直播间】23357926 的第 52 个心跳包发送成功
[03:10:27 INF] 【直播间】23040372 的第 52 个心跳包发送成功
[03:10:28 INF] 【直播间】31494 的第 52 个心跳包发送成功
[03:10:29 INF] 【直播间】4015781 的第 52 个心跳包发送成功
[03:10:30 INF] 【直播间】9619073 的第 52 个心跳包发送成功
[03:10:32 INF] 【直播间】407149 的第 52 个心跳包发送成功
[03:10:33 INF] 【直播间】91164 的第 52 个心跳包发送成功
[03:10:34 INF] 【直播间】7184632 的第 52 个心跳包发送成功
[03:10:36 INF] 【直播间】11732699 的第 52 个心跳包发送成功
[03:10:37 INF] 【直播间】23447660 的第 52 个心跳包发送成功
[03:10:38 INF] 【直播间】929670 的第 52 个心跳包发送成功
[03:10:40 INF] 【直播间】22764265 的第 52 个心跳包发送成功
[03:11:32 INF] 【直播间】23357926 的第 53 个心跳包发送成功
[03:11:33 INF] 【直播间】23040372 的第 53 个心跳包发送成功
[03:11:34 INF] 【直播间】31494 的第 53 个心跳包发送成功
[03:11:35 INF] 【直播间】4015781 的第 53 个心跳包发送成功
[03:11:37 INF] 【直播间】9619073 的第 53 个心跳包发送成功
[03:11:38 INF] 【直播间】407149 的第 53 个心跳包发送成功
[03:11:39 INF] 【直播间】91164 的第 53 个心跳包发送成功
[03:11:41 INF] 【直播间】7184632 的第 53 个心跳包发送成功
[03:11:42 INF] 【直播间】11732699 的第 53 个心跳包发送成功
[03:11:43 INF] 【直播间】23447660 的第 53 个心跳包发送成功
[03:11:45 INF] 【直播间】929670 的第 53 个心跳包发送成功
[03:11:46 INF] 【直播间】22764265 的第 53 个心跳包发送成功
[03:12:38 INF] 【直播间】23357926 的第 54 个心跳包发送成功
[03:12:40 INF] 【直播间】23040372 的第 54 个心跳包发送成功
[03:12:41 INF] 【直播间】31494 的第 54 个心跳包发送成功
[03:12:42 INF] 【直播间】4015781 的第 54 个心跳包发送成功
[03:12:43 INF] 【直播间】9619073 的第 54 个心跳包发送成功
[03:12:45 INF] 【直播间】407149 的第 54 个心跳包发送成功
[03:12:46 INF] 【直播间】91164 的第 54 个心跳包发送成功
[03:12:47 INF] 【直播间】7184632 的第 54 个心跳包发送成功
[03:12:48 INF] 【直播间】11732699 的第 54 个心跳包发送成功
[03:12:49 INF] 【直播间】23447660 的第 54 个心跳包发送成功
[03:12:51 INF] 【直播间】929670 的第 54 个心跳包发送成功
[03:12:52 INF] 【直播间】22764265 的第 54 个心跳包发送成功
[03:13:45 INF] 【直播间】23357926 的第 55 个心跳包发送成功
[03:13:46 ERR] 【心跳包】直播间 23040372 发送失败
[03:13:46 ERR] 【原因】time check failed
[03:13:47 INF] 【直播间】31494 的第 55 个心跳包发送成功
[03:13:48 INF] 【直播间】4015781 的第 55 个心跳包发送成功
[03:13:50 INF] 【直播间】9619073 的第 55 个心跳包发送成功
[03:13:51 ERR] 【心跳包】直播间 407149 发送失败
[03:13:51 ERR] 【原因】time check failed
[03:13:52 ERR] 【心跳包】直播间 91164 发送失败
[03:13:52 ERR] 【原因】time check failed
[03:13:54 INF] 【直播间】7184632 的第 55 个心跳包发送成功
[03:13:55 INF] 【直播间】11732699 的第 55 个心跳包发送成功
[03:13:56 INF] 【直播间】23447660 的第 55 个心跳包发送成功
[03:13:57 INF] 【直播间】929670 的第 55 个心跳包发送成功
[03:13:58 INF] 【直播间】22764265 的第 55 个心跳包发送成功
[03:14:51 ERR] 【心跳包】直播间 23357926 发送失败
[03:14:51 ERR] 【原因】time check failed
[03:14:53 INF] 【直播间】23040372 的第 55 个心跳包发送成功
[03:14:54 ERR] 【心跳包】直播间 31494 发送失败
[03:14:54 ERR] 【原因】time check failed
[03:14:55 ERR] 【心跳包】直播间 4015781 发送失败
[03:14:55 ERR] 【原因】time check failed
[03:14:56 ERR] 【心跳包】直播间 9619073 发送失败
[03:14:56 ERR] 【原因】time check failed
[03:14:58 INF] 【直播间】407149 的第 55 个心跳包发送成功
[03:14:59 INF] 【直播间】91164 的第 55 个心跳包发送成功
[03:15:00 ERR] 【心跳包】直播间 7184632 发送失败
[03:15:00 ERR] 【原因】time check failed
[03:15:01 INF] 【直播间】11732699 的第 56 个心跳包发送成功
[03:15:03 ERR] 【心跳包】直播间 23447660 发送失败
[03:15:03 ERR] 【原因】time check failed
[03:15:04 ERR] 【心跳包】直播间 929670 发送失败
[03:15:04 ERR] 【原因】time check failed
[03:15:05 ERR] 【心跳包】直播间 22764265 发送失败
[03:15:05 ERR] 【原因】time check failed
[03:15:58 INF] 【直播间】23357926 的第 56 个心跳包发送成功
[03:15:59 INF] 【直播间】23040372 的第 56 个心跳包发送成功
[03:16:00 INF] 【直播间】31494 的第 56 个心跳包发送成功
[03:16:02 INF] 【直播间】4015781 的第 56 个心跳包发送成功
[03:16:03 INF] 【直播间】9619073 的第 56 个心跳包发送成功
[03:16:04 INF] 【直播间】407149 的第 56 个心跳包发送成功
[03:16:05 INF] 【直播间】91164 的第 56 个心跳包发送成功
[03:16:07 INF] 【直播间】7184632 的第 56 个心跳包发送成功
[03:16:08 ERR] 【心跳包】直播间 11732699 发送失败
[03:16:08 ERR] 【原因】time check failed
[03:16:09 INF] 【直播间】23447660 的第 56 个心跳包发送成功
[03:16:10 INF] 【直播间】929670 的第 56 个心跳包发送成功
[03:16:12 INF] 【直播间】22764265 的第 56 个心跳包发送成功
[03:17:04 INF] 【直播间】23357926 的第 57 个心跳包发送成功
[03:17:06 INF] 【直播间】23040372 的第 57 个心跳包发送成功
[03:17:07 INF] 【直播间】31494 的第 57 个心跳包发送成功
[03:17:08 INF] 【直播间】4015781 的第 57 个心跳包发送成功
[03:17:09 INF] 【直播间】9619073 的第 57 个心跳包发送成功
[03:17:11 INF] 【直播间】407149 的第 57 个心跳包发送成功
[03:17:12 INF] 【直播间】91164 的第 57 个心跳包发送成功
[03:17:13 INF] 【直播间】7184632 的第 57 个心跳包发送成功
[03:17:14 INF] 【直播间】11732699 的第 57 个心跳包发送成功
[03:17:16 INF] 【直播间】23447660 的第 57 个心跳包发送成功
[03:17:17 INF] 【直播间】929670 的第 57 个心跳包发送成功
[03:17:18 INF] 【直播间】22764265 的第 57 个心跳包发送成功
[03:18:11 INF] 【直播间】23357926 的第 58 个心跳包发送成功
[03:18:12 INF] 【直播间】23040372 的第 58 个心跳包发送成功
[03:18:13 INF] 【直播间】31494 的第 58 个心跳包发送成功
[03:18:15 INF] 【直播间】4015781 的第 58 个心跳包发送成功
[03:18:16 INF] 【直播间】9619073 的第 58 个心跳包发送成功
[03:18:17 INF] 【直播间】407149 的第 58 个心跳包发送成功
[03:18:18 INF] 【直播间】91164 的第 58 个心跳包发送成功
[03:18:20 INF] 【直播间】7184632 的第 58 个心跳包发送成功
[03:18:21 INF] 【直播间】11732699 的第 58 个心跳包发送成功
[03:18:22 INF] 【直播间】23447660 的第 58 个心跳包发送成功
[03:18:23 INF] 【直播间】929670 的第 58 个心跳包发送成功
[03:18:25 INF] 【直播间】22764265 的第 58 个心跳包发送成功
[03:19:17 INF] 【直播间】23357926 的第 59 个心跳包发送成功
[03:19:18 INF] 【直播间】23040372 的第 59 个心跳包发送成功
[03:19:20 INF] 【直播间】31494 的第 59 个心跳包发送成功
[03:19:21 INF] 【直播间】4015781 的第 59 个心跳包发送成功
[03:19:22 INF] 【直播间】9619073 的第 59 个心跳包发送成功
[03:19:24 INF] 【直播间】407149 的第 59 个心跳包发送成功
[03:19:25 INF] 【直播间】91164 的第 59 个心跳包发送成功
[03:19:26 INF] 【直播间】7184632 的第 59 个心跳包发送成功
[03:19:27 INF] 【直播间】11732699 的第 59 个心跳包发送成功
[03:19:28 INF] 【直播间】23447660 的第 59 个心跳包发送成功
[03:19:30 INF] 【直播间】929670 的第 59 个心跳包发送成功
[03:19:31 INF] 【直播间】22764265 的第 59 个心跳包发送成功
[03:20:24 INF] 【直播间】23357926 的第 60 个心跳包发送成功
[03:20:25 INF] 【直播间】23040372 的第 60 个心跳包发送成功
[03:20:26 INF] 【直播间】31494 的第 60 个心跳包发送成功
[03:20:28 INF] 【直播间】4015781 的第 60 个心跳包发送成功
[03:20:29 INF] 【直播间】9619073 的第 60 个心跳包发送成功
[03:20:30 INF] 【直播间】407149 的第 60 个心跳包发送成功
[03:20:31 INF] 【直播间】91164 的第 60 个心跳包发送成功
[03:20:33 INF] 【直播间】7184632 的第 60 个心跳包发送成功
[03:20:34 INF] 【直播间】11732699 的第 60 个心跳包发送成功
[03:20:35 INF] 【直播间】23447660 的第 60 个心跳包发送成功
[03:20:36 INF] 【直播间】929670 的第 60 个心跳包发送成功
[03:20:37 INF] 【直播间】22764265 的第 60 个心跳包发送成功
[03:21:30 INF] 【直播间】23357926 的第 61 个心跳包发送成功
[03:21:31 INF] 【直播间】23040372 的第 61 个心跳包发送成功
[03:21:33 INF] 【直播间】31494 的第 61 个心跳包发送成功
[03:21:34 INF] 【直播间】4015781 的第 61 个心跳包发送成功
[03:21:35 INF] 【直播间】9619073 的第 61 个心跳包发送成功
[03:21:36 INF] 【直播间】407149 的第 61 个心跳包发送成功
[03:21:38 INF] 【直播间】91164 的第 61 个心跳包发送成功
[03:21:39 INF] 【直播间】7184632 的第 61 个心跳包发送成功
[03:21:40 INF] 【直播间】11732699 的第 61 个心跳包发送成功
[03:21:41 INF] 【直播间】23447660 的第 61 个心跳包发送成功
[03:21:42 INF] 【直播间】929670 的第 61 个心跳包发送成功
[03:21:44 INF] 【直播间】22764265 的第 61 个心跳包发送成功
[03:22:36 INF] 【直播间】23357926 的第 62 个心跳包发送成功
[03:22:38 INF] 【直播间】23040372 的第 62 个心跳包发送成功
[03:22:39 INF] 【直播间】31494 的第 62 个心跳包发送成功
[03:22:40 INF] 【直播间】4015781 的第 62 个心跳包发送成功
[03:22:41 INF] 【直播间】9619073 的第 62 个心跳包发送成功
[03:22:43 INF] 【直播间】407149 的第 62 个心跳包发送成功
[03:22:44 INF] 【直播间】91164 的第 62 个心跳包发送成功
[03:22:45 INF] 【直播间】7184632 的第 62 个心跳包发送成功
[03:22:46 INF] 【直播间】11732699 的第 62 个心跳包发送成功
[03:22:48 INF] 【直播间】23447660 的第 62 个心跳包发送成功
[03:22:49 INF] 【直播间】929670 的第 62 个心跳包发送成功
[03:22:50 INF] 【直播间】22764265 的第 62 个心跳包发送成功
[03:23:43 INF] 【直播间】23357926 的第 63 个心跳包发送成功
[03:23:44 INF] 【直播间】23040372 的第 63 个心跳包发送成功
[03:23:46 INF] 【直播间】31494 的第 63 个心跳包发送成功
[03:23:47 INF] 【直播间】4015781 的第 63 个心跳包发送成功
[03:23:48 INF] 【直播间】9619073 的第 63 个心跳包发送成功
[03:23:49 INF] 【直播间】407149 的第 63 个心跳包发送成功
[03:23:51 INF] 【直播间】91164 的第 63 个心跳包发送成功
[03:23:52 INF] 【直播间】7184632 的第 63 个心跳包发送成功
[03:23:53 INF] 【直播间】11732699 的第 63 个心跳包发送成功
[03:23:54 INF] 【直播间】23447660 的第 63 个心跳包发送成功
[03:23:56 INF] 【直播间】929670 的第 63 个心跳包发送成功
[03:23:57 INF] 【直播间】22764265 的第 63 个心跳包发送成功
[03:24:49 INF] 【直播间】23357926 的第 64 个心跳包发送成功
[03:24:51 INF] 【直播间】23040372 的第 64 个心跳包发送成功
[03:24:52 INF] 【直播间】31494 的第 64 个心跳包发送成功
[03:24:53 INF] 【直播间】4015781 的第 64 个心跳包发送成功
[03:24:54 INF] 【直播间】9619073 的第 64 个心跳包发送成功
[03:24:56 INF] 【直播间】407149 的第 64 个心跳包发送成功
[03:24:57 INF] 【直播间】91164 的第 64 个心跳包发送成功
[03:24:58 INF] 【直播间】7184632 的第 64 个心跳包发送成功
[03:24:59 INF] 【直播间】11732699 的第 64 个心跳包发送成功
[03:25:01 INF] 【直播间】23447660 的第 64 个心跳包发送成功
[03:25:02 INF] 【直播间】929670 的第 64 个心跳包发送成功
[03:25:03 INF] 【直播间】22764265 的第 64 个心跳包发送成功
[03:25:56 INF] 【直播间】23357926 的第 65 个心跳包发送成功
[03:25:57 INF] 【直播间】23040372 的第 65 个心跳包发送成功
[03:25:59 INF] 【直播间】31494 的第 65 个心跳包发送成功
[03:26:00 INF] 【直播间】4015781 的第 65 个心跳包发送成功
[03:26:01 INF] 【直播间】9619073 的第 65 个心跳包发送成功
[03:26:02 INF] 【直播间】407149 的第 65 个心跳包发送成功
[03:26:03 INF] 【直播间】91164 的第 65 个心跳包发送成功
[03:26:05 INF] 【直播间】7184632 的第 65 个心跳包发送成功
[03:26:06 INF] 【直播间】11732699 的第 65 个心跳包发送成功
[03:26:07 INF] 【直播间】23447660 的第 65 个心跳包发送成功
[03:26:08 INF] 【直播间】929670 的第 65 个心跳包发送成功
[03:26:09 INF] 【直播间】22764265 的第 65 个心跳包发送成功
[03:27:03 INF] 【直播间】23357926 的第 66 个心跳包发送成功
[03:27:04 INF] 【直播间】23040372 的第 66 个心跳包发送成功
[03:27:05 INF] 【直播间】31494 的第 66 个心跳包发送成功
[03:27:06 INF] 【直播间】4015781 的第 66 个心跳包发送成功
[03:27:07 INF] 【直播间】9619073 的第 66 个心跳包发送成功
[03:27:09 INF] 【直播间】407149 的第 66 个心跳包发送成功
[03:27:10 INF] 【直播间】91164 的第 66 个心跳包发送成功
[03:27:11 INF] 【直播间】7184632 的第 66 个心跳包发送成功
[03:27:12 INF] 【直播间】11732699 的第 66 个心跳包发送成功
[03:27:14 INF] 【直播间】23447660 的第 66 个心跳包发送成功
[03:27:15 INF] 【直播间】929670 的第 66 个心跳包发送成功
[03:27:16 INF] 【直播间】22764265 的第 66 个心跳包发送成功
[03:28:09 INF] 【直播间】23357926 的第 67 个心跳包发送成功
[03:28:10 INF] 【直播间】23040372 的第 67 个心跳包发送成功
[03:28:11 INF] 【直播间】31494 的第 67 个心跳包发送成功
[03:28:13 INF] 【直播间】4015781 的第 67 个心跳包发送成功
[03:28:14 INF] 【直播间】9619073 的第 67 个心跳包发送成功
[03:28:15 INF] 【直播间】407149 的第 67 个心跳包发送成功
[03:28:17 INF] 【直播间】91164 的第 67 个心跳包发送成功
[03:28:18 INF] 【直播间】7184632 的第 67 个心跳包发送成功
[03:28:19 INF] 【直播间】11732699 的第 67 个心跳包发送成功
[03:28:20 INF] 【直播间】23447660 的第 67 个心跳包发送成功
[03:28:22 INF] 【直播间】929670 的第 67 个心跳包发送成功
[03:28:23 INF] 【直播间】22764265 的第 67 个心跳包发送成功
[03:29:16 INF] 【直播间】23357926 的第 68 个心跳包发送成功
[03:29:17 ERR] 【心跳包】直播间 23040372 发送失败
[03:29:17 ERR] 【原因】time check failed
[03:29:18 INF] 【直播间】31494 的第 68 个心跳包发送成功
[03:29:19 INF] 【直播间】4015781 的第 68 个心跳包发送成功
[03:29:20 INF] 【直播间】9619073 的第 68 个心跳包发送成功
[03:29:22 ERR] 【心跳包】直播间 407149 发送失败
[03:29:22 ERR] 【原因】time check failed
[03:29:23 ERR] 【心跳包】直播间 91164 发送失败
[03:29:23 ERR] 【原因】time check failed
[03:29:24 INF] 【直播间】7184632 的第 68 个心跳包发送成功
[03:29:26 INF] 【直播间】11732699 的第 68 个心跳包发送成功
[03:29:27 INF] 【直播间】23447660 的第 68 个心跳包发送成功
[03:29:28 INF] 【直播间】929670 的第 68 个心跳包发送成功
[03:29:29 INF] 【直播间】22764265 的第 68 个心跳包发送成功
[03:30:22 ERR] 【心跳包】直播间 23357926 发送失败
[03:30:22 ERR] 【原因】time check failed
[03:30:23 INF] 【直播间】23040372 的第 68 个心跳包发送成功
[03:30:24 INF] 【直播间】31494 的第 69 个心跳包发送成功
[03:30:26 INF] 【直播间】4015781 的第 69 个心跳包发送成功
[03:30:27 ERR] 【心跳包】直播间 9619073 发送失败
[03:30:27 ERR] 【原因】time check failed
[03:30:28 INF] 【直播间】407149 的第 68 个心跳包发送成功
[03:30:30 INF] 【直播间】91164 的第 68 个心跳包发送成功
[03:30:31 ERR] 【心跳包】直播间 7184632 发送失败
[03:30:31 ERR] 【原因】time check failed
[03:30:32 INF] 【直播间】11732699 的第 69 个心跳包发送成功
[03:30:33 INF] 【直播间】23447660 的第 69 个心跳包发送成功
[03:30:34 INF] 【直播间】929670 的第 69 个心跳包发送成功
[03:30:36 ERR] 【心跳包】直播间 22764265 发送失败
[03:30:36 ERR] 【原因】time check failed
[03:31:28 INF] 【直播间】23357926 的第 69 个心跳包发送成功
[03:31:30 INF] 【直播间】23040372 的第 69 个心跳包发送成功
[03:31:31 ERR] 【心跳包】直播间 31494 发送失败
[03:31:31 ERR] 【原因】time check failed
[03:31:32 ERR] 【心跳包】直播间 4015781 发送失败
[03:31:32 ERR] 【原因】time check failed
[03:31:33 INF] 【直播间】9619073 的第 69 个心跳包发送成功
[03:31:35 INF] 【直播间】407149 的第 69 个心跳包发送成功
[03:31:36 INF] 【直播间】91164 的第 69 个心跳包发送成功
[03:31:37 INF] 【直播间】7184632 的第 69 个心跳包发送成功
[03:31:38 INF] 【直播间】11732699 的第 70 个心跳包发送成功
[03:31:40 ERR] 【心跳包】直播间 23447660 发送失败
[03:31:40 ERR] 【原因】time check failed
[03:31:41 ERR] 【心跳包】直播间 929670 发送失败
[03:31:41 ERR] 【原因】time check failed
[03:31:42 INF] 【直播间】22764265 的第 69 个心跳包发送成功
[03:32:35 INF] 【直播间】23357926 的第 70 个心跳包发送成功
[03:32:36 INF] 【直播间】23040372 的第 70 个心跳包发送成功
[03:32:37 INF] 【直播间】31494 的第 70 个心跳包发送成功
[03:32:39 INF] 【直播间】4015781 的第 70 个心跳包发送成功
[03:32:40 INF] 【直播间】9619073 的第 70 个心跳包发送成功
[03:32:41 INF] 【直播间】407149 的第 70 个心跳包发送成功
[03:32:42 INF] 【直播间】91164 的第 70 个心跳包发送成功
[03:32:44 INF] 【直播间】7184632 的第 70 个心跳包发送成功
[03:32:45 ERR] 【心跳包】直播间 11732699 发送失败
[03:32:45 ERR] 【原因】time check failed
[03:32:46 INF] 【直播间】23447660 的第 70 个心跳包发送成功
[03:32:47 INF] 【直播间】929670 的第 70 个心跳包发送成功
[03:32:48 INF] 【直播间】22764265 的第 70 个心跳包发送成功
[03:32:48 INF] 【直播观看时长】完成情况：12/12 
[03:32:48 INF] ---------结束---------

[03:32:48 INF] ==========结束==========

[03:32:48 INF] ######### 账号 3 #########

[03:32:48 INF] =====开始 直播间互动 =====

[03:32:48 INF] ---开始 发送弹幕 ---
[03:32:48 INF] 检测到直播 Cookie 未正确配置，尝试自动配置中...
[03:32:54 INF] 直播 Cookie 配置成功！
[03:32:54 INF] 【获取直播列表】获取拥有粉丝牌的直播列表
[03:32:57 INF] 【主播】苏打baka 
[03:33:13 INF] 【直播间】苏打baka
[03:33:13 INF] 【粉丝牌】碳酸钠
[03:33:13 INF] 正在发送弹幕...
[03:33:17 INF] -------结束-------

[03:33:17 INF] ---开始 点赞直播间 ---
[03:33:17 INF] 【获取直播列表】获取拥有粉丝牌的直播列表
[03:33:24 INF] 【主播】苏打baka 
[03:33:29 INF] 【弹幕发送】成功~，你和主播 苏打baka 的亲密值增加了100！
[03:33:47 INF] --------结束--------

[03:33:47 INF] ---开始 直播时长挂机 ---
[03:33:47 INF] 【获取直播列表】获取拥有粉丝牌的直播列表
[03:33:47 INF] 【点赞直播间】23040372 完成
[03:33:52 INF] 【主播】苏打baka 
[03:34:08 INF] 【直播间】23040372 的第 1 个心跳包发送成功
[03:35:14 INF] 【直播间】23040372 的第 2 个心跳包发送成功
[03:36:21 INF] 【直播间】23040372 的第 3 个心跳包发送成功
[03:37:27 INF] 【直播间】23040372 的第 4 个心跳包发送成功
[03:38:34 INF] 【直播间】23040372 的第 5 个心跳包发送成功
[03:39:40 INF] 【直播间】23040372 的第 6 个心跳包发送成功
[03:40:47 INF] 【直播间】23040372 的第 7 个心跳包发送成功
[03:41:53 INF] 【直播间】23040372 的第 8 个心跳包发送成功
[03:43:00 INF] 【直播间】23040372 的第 9 个心跳包发送成功
[03:44:06 INF] 【直播间】23040372 的第 10 个心跳包发送成功
[03:45:13 INF] 【直播间】23040372 的第 11 个心跳包发送成功
[03:46:19 INF] 【直播间】23040372 的第 12 个心跳包发送成功
[03:47:26 INF] 【直播间】23040372 的第 13 个心跳包发送成功
[03:48:32 INF] 【直播间】23040372 的第 14 个心跳包发送成功
[03:49:39 INF] 【直播间】23040372 的第 15 个心跳包发送成功
[03:50:45 ERR] 【心跳包】直播间 23040372 发送失败
[03:50:45 ERR] 【原因】time check failed
[03:51:52 INF] 【直播间】23040372 的第 16 个心跳包发送成功
[03:52:58 INF] 【直播间】23040372 的第 17 个心跳包发送成功
[03:54:04 INF] 【直播间】23040372 的第 18 个心跳包发送成功
[03:55:11 INF] 【直播间】23040372 的第 19 个心跳包发送成功
[03:56:17 INF] 【直播间】23040372 的第 20 个心跳包发送成功
[03:57:24 INF] 【直播间】23040372 的第 21 个心跳包发送成功
[03:58:30 INF] 【直播间】23040372 的第 22 个心跳包发送成功
[03:59:37 INF] 【直播间】23040372 的第 23 个心跳包发送成功
[04:00:43 INF] 【直播间】23040372 的第 24 个心跳包发送成功
[04:01:50 INF] 【直播间】23040372 的第 25 个心跳包发送成功
[04:02:57 INF] 【直播间】23040372 的第 26 个心跳包发送成功
[04:04:03 INF] 【直播间】23040372 的第 27 个心跳包发送成功
[04:05:10 INF] 【直播间】23040372 的第 28 个心跳包发送成功
[04:06:16 ERR] 【心跳包】直播间 23040372 发送失败
[04:06:16 ERR] 【原因】time check failed
[04:07:22 INF] 【直播间】23040372 的第 29 个心跳包发送成功
[04:08:29 INF] 【直播间】23040372 的第 30 个心跳包发送成功
[04:09:35 INF] 【直播间】23040372 的第 31 个心跳包发送成功
[04:10:42 INF] 【直播间】23040372 的第 32 个心跳包发送成功
[04:11:48 INF] 【直播间】23040372 的第 33 个心跳包发送成功
[04:12:54 INF] 【直播间】23040372 的第 34 个心跳包发送成功
[04:14:01 INF] 【直播间】23040372 的第 35 个心跳包发送成功
[04:15:07 INF] 【直播间】23040372 的第 36 个心跳包发送成功
[04:16:14 INF] 【直播间】23040372 的第 37 个心跳包发送成功
[04:17:20 INF] 【直播间】23040372 的第 38 个心跳包发送成功
[04:18:27 INF] 【直播间】23040372 的第 39 个心跳包发送成功
[04:19:33 INF] 【直播间】23040372 的第 40 个心跳包发送成功
[04:20:40 INF] 【直播间】23040372 的第 41 个心跳包发送成功
[04:21:46 INF] 【直播间】23040372 的第 42 个心跳包发送成功
[04:22:53 ERR] 【心跳包】直播间 23040372 发送失败
[04:22:53 ERR] 【原因】time check failed
[04:23:59 INF] 【直播间】23040372 的第 43 个心跳包发送成功
[04:25:06 INF] 【直播间】23040372 的第 44 个心跳包发送成功
[04:26:12 INF] 【直播间】23040372 的第 45 个心跳包发送成功
[04:27:19 INF] 【直播间】23040372 的第 46 个心跳包发送成功
[04:28:25 INF] 【直播间】23040372 的第 47 个心跳包发送成功
[04:29:31 INF] 【直播间】23040372 的第 48 个心跳包发送成功
[04:30:38 INF] 【直播间】23040372 的第 49 个心跳包发送成功
[04:31:45 INF] 【直播间】23040372 的第 50 个心跳包发送成功
[04:32:51 INF] 【直播间】23040372 的第 51 个心跳包发送成功
[04:33:57 INF] 【直播间】23040372 的第 52 个心跳包发送成功
[04:35:04 INF] 【直播间】23040372 的第 53 个心跳包发送成功
[04:36:10 INF] 【直播间】23040372 的第 54 个心跳包发送成功
[04:37:17 INF] 【直播间】23040372 的第 55 个心跳包发送成功
[04:38:23 ERR] 【心跳包】直播间 23040372 发送失败
[04:38:23 ERR] 【原因】time check failed
[04:39:30 INF] 【直播间】23040372 的第 56 个心跳包发送成功
[04:40:36 INF] 【直播间】23040372 的第 57 个心跳包发送成功
[04:41:43 INF] 【直播间】23040372 的第 58 个心跳包发送成功
[04:42:49 INF] 【直播间】23040372 的第 59 个心跳包发送成功
[04:43:56 INF] 【直播间】23040372 的第 60 个心跳包发送成功
[04:45:02 INF] 【直播间】23040372 的第 61 个心跳包发送成功
[04:46:09 INF] 【直播间】23040372 的第 62 个心跳包发送成功
[04:47:15 INF] 【直播间】23040372 的第 63 个心跳包发送成功
[04:48:22 INF] 【直播间】23040372 的第 64 个心跳包发送成功
[04:49:28 INF] 【直播间】23040372 的第 65 个心跳包发送成功
[04:50:35 INF] 【直播间】23040372 的第 66 个心跳包发送成功
[04:51:41 INF] 【直播间】23040372 的第 67 个心跳包发送成功
[04:52:48 INF] 【直播间】23040372 的第 68 个心跳包发送成功
[04:53:54 ERR] 【心跳包】直播间 23040372 发送失败
[04:53:54 ERR] 【原因】time check failed
[04:55:00 INF] 【直播间】23040372 的第 69 个心跳包发送成功
[04:56:07 INF] 【直播间】23040372 的第 70 个心跳包发送成功
[04:56:07 INF] 【直播观看时长】完成情况：1/1 
[04:56:07 INF] ---------结束---------

[04:56:07 INF] ==========结束==========

[04:56:07 INF] 

========================

 v2.0.1 开源 by https://github.com/RayWangQvQ/BiliBiliToolPro

[04:56:07 INF] ·开始推送·LiveFansMedal任务·
2023-08-09T20:56:07.4096372Z 开始推送到:PushPlus
2023-08-09T20:56:08.3303366Z Response status: OK.
2023-08-09T20:56:08.3303790Z Response content: {"code":999,"msg":"发送内容过大，不能超过2万字","data":null}.

[04:56:08 INF] 运行环境：Development
[04:56:08 INF] 应用目录：/home/runner/work/BiliBiliToolPro/BiliBiliToolPro/src/Ray.BiliBiliTool.Console/bin/Debug/net6.0/

[04:56:08 INF] 运行结束
