----------- ip 信息 ---------
{
  "ip": "20.55.46.112",
  "city": "Ashburn",
  "region": "Virginia",
  "country": "US",
  "loc": "39.0437,-77.4875",
  "org": "AS8075 Microsoft Corporation",
  "postal": "20147",
  "timezone": "America/New_York",
  "readme": "https://ipinfo.io/missingauth"
} ---------- end ------------
  ____               ____    _   _____           _  
 |  _ \ __ _ _   _  | __ ) _| |_|_   _|__   ___ | | 
 | |_) / _` | | | | |  _ \(_) (_) | |/ _ \ / _ \| | 
 |  _ < (_| | |_| | | |_) | | | | | | (_) | (_) | | 
 |_| \_\__,_|\__, | |____/|_|_|_| |_|\___/ \___/|_| 
             |___/                                  

[00:26:21 INF] BiliBiliToolPro 开始运行...

[00:26:21 INF] 【账号个数】3个

[00:26:21 INF] 随机休眠2分钟

[00:28:21 INF] 【目标任务】LiveFansMedal
[00:28:21 INF] ######### 账号 1 #########

[00:28:21 INF] =====开始 直播间互动 =====

[00:28:21 INF] ---开始 发送弹幕 ---
[00:28:21 INF] 检测到直播 Cookie 未正确配置，尝试自动配置中...
[00:28:28 INF] 直播 Cookie 配置成功！
[00:28:28 INF] 【获取直播列表】获取拥有粉丝牌的直播列表
[00:28:34 INF] 【主播】KL_qiqi_ 
[00:28:48 INF] 【主播】Mark陌枫 
[00:29:08 INF] 【主播】苏打baka 
[00:29:29 INF] 【直播间】KL_qiqi_
[00:29:29 INF] 【粉丝牌】qiqisb
[00:29:29 INF] 正在发送弹幕...
[00:29:32 INF] 【直播间】Mark陌枫
[00:29:32 INF] 【粉丝牌】馬楓
[00:29:32 INF] 正在发送弹幕...
[00:29:35 INF] 【直播间】苏打baka
[00:29:35 INF] 【粉丝牌】碳酸钠
[00:29:35 INF] 正在发送弹幕...
[00:29:39 INF] 【弹幕发送】成功~，你和主播 KL_qiqi_ 的亲密值增加了100！
[00:29:40 INF] -------结束-------

[00:29:40 INF] ---开始 点赞直播间 ---
[00:29:40 INF] 【获取直播列表】获取拥有粉丝牌的直播列表
[00:29:42 INF] 【弹幕发送】成功~，你和主播 Mark陌枫 的亲密值增加了100！
[00:29:46 INF] 【主播】KL_qiqi_ 
[00:29:51 INF] 【弹幕发送】成功~，你和主播 苏打baka 的亲密值增加了100！
[00:30:03 INF] 【主播】Mark陌枫 
[00:30:18 INF] 【主播】苏打baka 
[00:30:41 INF] 【点赞直播间】407149 完成
[00:30:48 INF] 【点赞直播间】23357926 完成
[00:30:54 INF] --------结束--------

[00:30:54 INF] ---开始 直播时长挂机 ---
[00:30:54 INF] 【获取直播列表】获取拥有粉丝牌的直播列表
[00:30:55 INF] 【点赞直播间】23040372 完成
[00:30:59 INF] 【主播】KL_qiqi_ 
[00:31:17 INF] 【主播】Mark陌枫 
[00:31:32 INF] 【主播】苏打baka 
[00:31:55 INF] 【直播间】407149 的第 1 个心跳包发送成功
[00:31:56 INF] 【直播间】23357926 的第 1 个心跳包发送成功
[00:31:57 INF] 【直播间】23040372 的第 1 个心跳包发送成功
[00:33:01 INF] 【直播间】407149 的第 2 个心跳包发送成功
[00:33:03 INF] 【直播间】23357926 的第 2 个心跳包发送成功
[00:33:04 INF] 【直播间】23040372 的第 2 个心跳包发送成功
[00:34:08 INF] 【直播间】407149 的第 3 个心跳包发送成功
[00:34:09 INF] 【直播间】23357926 的第 3 个心跳包发送成功
[00:34:10 INF] 【直播间】23040372 的第 3 个心跳包发送成功
[00:35:15 INF] 【直播间】407149 的第 4 个心跳包发送成功
[00:35:16 INF] 【直播间】23357926 的第 4 个心跳包发送成功
[00:35:17 INF] 【直播间】23040372 的第 4 个心跳包发送成功
[00:36:21 INF] 【直播间】407149 的第 5 个心跳包发送成功
[00:36:22 INF] 【直播间】23357926 的第 5 个心跳包发送成功
[00:36:24 INF] 【直播间】23040372 的第 5 个心跳包发送成功
[00:37:28 INF] 【直播间】407149 的第 6 个心跳包发送成功
[00:37:29 INF] 【直播间】23357926 的第 6 个心跳包发送成功
[00:37:30 INF] 【直播间】23040372 的第 6 个心跳包发送成功
[00:38:34 INF] 【直播间】407149 的第 7 个心跳包发送成功
[00:38:36 INF] 【直播间】23357926 的第 7 个心跳包发送成功
[00:38:37 INF] 【直播间】23040372 的第 7 个心跳包发送成功
[00:39:41 INF] 【直播间】407149 的第 8 个心跳包发送成功
[00:39:42 INF] 【直播间】23357926 的第 8 个心跳包发送成功
[00:39:44 INF] 【直播间】23040372 的第 8 个心跳包发送成功
[00:40:48 INF] 【直播间】407149 的第 9 个心跳包发送成功
[00:40:49 INF] 【直播间】23357926 的第 9 个心跳包发送成功
[00:40:50 INF] 【直播间】23040372 的第 9 个心跳包发送成功
[00:41:54 INF] 【直播间】407149 的第 10 个心跳包发送成功
[00:41:56 INF] 【直播间】23357926 的第 10 个心跳包发送成功
[00:41:57 INF] 【直播间】23040372 的第 10 个心跳包发送成功
[00:43:01 INF] 【直播间】407149 的第 11 个心跳包发送成功
[00:43:02 INF] 【直播间】23357926 的第 11 个心跳包发送成功
[00:43:04 INF] 【直播间】23040372 的第 11 个心跳包发送成功
[00:44:08 INF] 【直播间】407149 的第 12 个心跳包发送成功
[00:44:09 INF] 【直播间】23357926 的第 12 个心跳包发送成功
[00:44:10 INF] 【直播间】23040372 的第 12 个心跳包发送成功
[00:45:15 INF] 【直播间】407149 的第 13 个心跳包发送成功
[00:45:16 INF] 【直播间】23357926 的第 13 个心跳包发送成功
[00:45:17 INF] 【直播间】23040372 的第 13 个心跳包发送成功
[00:46:21 INF] 【直播间】407149 的第 14 个心跳包发送成功
[00:46:22 INF] 【直播间】23357926 的第 14 个心跳包发送成功
[00:46:24 INF] 【直播间】23040372 的第 14 个心跳包发送成功
[00:47:28 ERR] 【心跳包】直播间 407149 发送失败
[00:47:28 ERR] 【原因】time check failed
[00:47:29 ERR] 【心跳包】直播间 23357926 发送失败
[00:47:29 ERR] 【原因】time check failed
[00:47:30 ERR] 【心跳包】直播间 23040372 发送失败
[00:47:30 ERR] 【原因】time check failed
[00:48:34 INF] 【直播间】407149 的第 15 个心跳包发送成功
[00:48:36 INF] 【直播间】23357926 的第 15 个心跳包发送成功
[00:48:37 INF] 【直播间】23040372 的第 15 个心跳包发送成功
[00:49:41 INF] 【直播间】407149 的第 16 个心跳包发送成功
[00:49:42 INF] 【直播间】23357926 的第 16 个心跳包发送成功
[00:49:44 INF] 【直播间】23040372 的第 16 个心跳包发送成功
[00:50:48 INF] 【直播间】407149 的第 17 个心跳包发送成功
[00:50:49 INF] 【直播间】23357926 的第 17 个心跳包发送成功
[00:50:50 INF] 【直播间】23040372 的第 17 个心跳包发送成功
[00:51:54 INF] 【直播间】407149 的第 18 个心跳包发送成功
[00:51:56 INF] 【直播间】23357926 的第 18 个心跳包发送成功
[00:51:57 INF] 【直播间】23040372 的第 18 个心跳包发送成功
[00:53:01 INF] 【直播间】407149 的第 19 个心跳包发送成功
[00:53:02 INF] 【直播间】23357926 的第 19 个心跳包发送成功
[00:53:03 INF] 【直播间】23040372 的第 19 个心跳包发送成功
[00:54:08 INF] 【直播间】407149 的第 20 个心跳包发送成功
[00:54:09 INF] 【直播间】23357926 的第 20 个心跳包发送成功
[00:54:10 INF] 【直播间】23040372 的第 20 个心跳包发送成功
[00:55:14 INF] 【直播间】407149 的第 21 个心跳包发送成功
[00:55:15 INF] 【直播间】23357926 的第 21 个心跳包发送成功
[00:55:17 INF] 【直播间】23040372 的第 21 个心跳包发送成功
[00:56:21 INF] 【直播间】407149 的第 22 个心跳包发送成功
[00:56:22 INF] 【直播间】23357926 的第 22 个心跳包发送成功
[00:56:23 INF] 【直播间】23040372 的第 22 个心跳包发送成功
[00:57:28 INF] 【直播间】407149 的第 23 个心跳包发送成功
[00:57:29 INF] 【直播间】23357926 的第 23 个心跳包发送成功
[00:57:30 INF] 【直播间】23040372 的第 23 个心跳包发送成功
[00:58:34 INF] 【直播间】407149 的第 24 个心跳包发送成功
[00:58:36 INF] 【直播间】23357926 的第 24 个心跳包发送成功
[00:58:37 INF] 【直播间】23040372 的第 24 个心跳包发送成功
[00:59:41 INF] 【直播间】407149 的第 25 个心跳包发送成功
[00:59:42 INF] 【直播间】23357926 的第 25 个心跳包发送成功
[00:59:43 INF] 【直播间】23040372 的第 25 个心跳包发送成功
[01:00:47 INF] 【直播间】407149 的第 26 个心跳包发送成功
[01:00:48 INF] 【直播间】23357926 的第 26 个心跳包发送成功
[01:00:50 INF] 【直播间】23040372 的第 26 个心跳包发送成功
[01:01:54 INF] 【直播间】407149 的第 27 个心跳包发送成功
[01:01:55 INF] 【直播间】23357926 的第 27 个心跳包发送成功
[01:01:56 INF] 【直播间】23040372 的第 27 个心跳包发送成功
[01:03:00 ERR] 【心跳包】直播间 407149 发送失败
[01:03:00 ERR] 【原因】time check failed
[01:03:02 ERR] 【心跳包】直播间 23357926 发送失败
[01:03:02 ERR] 【原因】time check failed
[01:03:03 ERR] 【心跳包】直播间 23040372 发送失败
[01:03:03 ERR] 【原因】time check failed
[01:04:07 INF] 【直播间】407149 的第 28 个心跳包发送成功
[01:04:08 INF] 【直播间】23357926 的第 28 个心跳包发送成功
[01:04:09 INF] 【直播间】23040372 的第 28 个心跳包发送成功
[01:05:14 INF] 【直播间】407149 的第 29 个心跳包发送成功
[01:05:15 INF] 【直播间】23357926 的第 29 个心跳包发送成功
[01:05:16 INF] 【直播间】23040372 的第 29 个心跳包发送成功
[01:06:20 INF] 【直播间】407149 的第 30 个心跳包发送成功
[01:06:21 INF] 【直播间】23357926 的第 30 个心跳包发送成功
[01:06:23 INF] 【直播间】23040372 的第 30 个心跳包发送成功
[01:07:27 INF] 【直播间】407149 的第 31 个心跳包发送成功
[01:07:28 INF] 【直播间】23357926 的第 31 个心跳包发送成功
[01:07:29 INF] 【直播间】23040372 的第 31 个心跳包发送成功
[01:08:33 INF] 【直播间】407149 的第 32 个心跳包发送成功
[01:08:35 INF] 【直播间】23357926 的第 32 个心跳包发送成功
[01:08:36 INF] 【直播间】23040372 的第 32 个心跳包发送成功
[01:09:40 INF] 【直播间】407149 的第 33 个心跳包发送成功
[01:09:41 INF] 【直播间】23357926 的第 33 个心跳包发送成功
[01:09:42 INF] 【直播间】23040372 的第 33 个心跳包发送成功
[01:10:47 INF] 【直播间】407149 的第 34 个心跳包发送成功
[01:10:48 INF] 【直播间】23357926 的第 34 个心跳包发送成功
[01:10:49 INF] 【直播间】23040372 的第 34 个心跳包发送成功
[01:11:53 INF] 【直播间】407149 的第 35 个心跳包发送成功
[01:11:55 INF] 【直播间】23357926 的第 35 个心跳包发送成功
[01:11:56 INF] 【直播间】23040372 的第 35 个心跳包发送成功
[01:13:00 INF] 【直播间】407149 的第 36 个心跳包发送成功
[01:13:01 INF] 【直播间】23357926 的第 36 个心跳包发送成功
[01:13:03 INF] 【直播间】23040372 的第 36 个心跳包发送成功
[01:14:07 INF] 【直播间】407149 的第 37 个心跳包发送成功
[01:14:08 INF] 【直播间】23357926 的第 37 个心跳包发送成功
[01:14:09 INF] 【直播间】23040372 的第 37 个心跳包发送成功
[01:15:13 INF] 【直播间】407149 的第 38 个心跳包发送成功
[01:15:14 INF] 【直播间】23357926 的第 38 个心跳包发送成功
[01:15:16 INF] 【直播间】23040372 的第 38 个心跳包发送成功
[01:16:20 INF] 【直播间】407149 的第 39 个心跳包发送成功
[01:16:21 INF] 【直播间】23357926 的第 39 个心跳包发送成功
[01:16:23 INF] 【直播间】23040372 的第 39 个心跳包发送成功
[01:17:26 INF] 【直播间】407149 的第 40 个心跳包发送成功
[01:17:28 INF] 【直播间】23357926 的第 40 个心跳包发送成功
[01:17:29 INF] 【直播间】23040372 的第 40 个心跳包发送成功
[01:18:33 ERR] 【心跳包】直播间 407149 发送失败
[01:18:33 ERR] 【原因】time check failed
[01:18:34 ERR] 【心跳包】直播间 23357926 发送失败
[01:18:34 ERR] 【原因】time check failed
[01:18:35 ERR] 【心跳包】直播间 23040372 发送失败
[01:18:35 ERR] 【原因】time check failed
[01:19:40 INF] 【直播间】407149 的第 41 个心跳包发送成功
[01:19:41 INF] 【直播间】23357926 的第 41 个心跳包发送成功
[01:19:42 INF] 【直播间】23040372 的第 41 个心跳包发送成功
[01:20:46 INF] 【直播间】407149 的第 42 个心跳包发送成功
[01:20:47 INF] 【直播间】23357926 的第 42 个心跳包发送成功
[01:20:49 INF] 【直播间】23040372 的第 42 个心跳包发送成功
[01:21:53 INF] 【直播间】407149 的第 43 个心跳包发送成功
[01:21:54 INF] 【直播间】23357926 的第 43 个心跳包发送成功
[01:21:55 INF] 【直播间】23040372 的第 43 个心跳包发送成功
[01:22:59 INF] 【直播间】407149 的第 44 个心跳包发送成功
[01:23:00 INF] 【直播间】23357926 的第 44 个心跳包发送成功
[01:23:02 INF] 【直播间】23040372 的第 44 个心跳包发送成功
[01:24:06 INF] 【直播间】407149 的第 45 个心跳包发送成功
[01:24:07 INF] 【直播间】23357926 的第 45 个心跳包发送成功
[01:24:08 INF] 【直播间】23040372 的第 45 个心跳包发送成功
[01:25:12 INF] 【直播间】407149 的第 46 个心跳包发送成功
[01:25:14 INF] 【直播间】23357926 的第 46 个心跳包发送成功
[01:25:15 INF] 【直播间】23040372 的第 46 个心跳包发送成功
[01:26:19 INF] 【直播间】407149 的第 47 个心跳包发送成功
[01:26:20 INF] 【直播间】23357926 的第 47 个心跳包发送成功
[01:26:22 INF] 【直播间】23040372 的第 47 个心跳包发送成功
[01:27:26 INF] 【直播间】407149 的第 48 个心跳包发送成功
[01:27:27 INF] 【直播间】23357926 的第 48 个心跳包发送成功
[01:27:28 INF] 【直播间】23040372 的第 48 个心跳包发送成功
[01:28:32 INF] 【直播间】407149 的第 49 个心跳包发送成功
[01:28:34 INF] 【直播间】23357926 的第 49 个心跳包发送成功
[01:28:35 INF] 【直播间】23040372 的第 49 个心跳包发送成功
[01:29:39 INF] 【直播间】407149 的第 50 个心跳包发送成功
[01:29:40 INF] 【直播间】23357926 的第 50 个心跳包发送成功
[01:29:42 INF] 【直播间】23040372 的第 50 个心跳包发送成功
[01:30:46 INF] 【直播间】407149 的第 51 个心跳包发送成功
[01:30:47 INF] 【直播间】23357926 的第 51 个心跳包发送成功
[01:30:48 INF] 【直播间】23040372 的第 51 个心跳包发送成功
[01:31:52 INF] 【直播间】407149 的第 52 个心跳包发送成功
[01:31:53 INF] 【直播间】23357926 的第 52 个心跳包发送成功
[01:31:55 INF] 【直播间】23040372 的第 52 个心跳包发送成功
[01:32:59 INF] 【直播间】407149 的第 53 个心跳包发送成功
[01:33:00 INF] 【直播间】23357926 的第 53 个心跳包发送成功
[01:33:01 INF] 【直播间】23040372 的第 53 个心跳包发送成功
[01:34:05 ERR] 【心跳包】直播间 407149 发送失败
[01:34:05 ERR] 【原因】time check failed
[01:34:07 ERR] 【心跳包】直播间 23357926 发送失败
[01:34:07 ERR] 【原因】time check failed
[01:34:08 ERR] 【心跳包】直播间 23040372 发送失败
[01:34:08 ERR] 【原因】time check failed
[01:35:12 INF] 【直播间】407149 的第 54 个心跳包发送成功
[01:35:13 INF] 【直播间】23357926 的第 54 个心跳包发送成功
[01:35:15 INF] 【直播间】23040372 的第 54 个心跳包发送成功
[01:36:19 INF] 【直播间】407149 的第 55 个心跳包发送成功
[01:36:20 INF] 【直播间】23357926 的第 55 个心跳包发送成功
[01:36:21 INF] 【直播间】23040372 的第 55 个心跳包发送成功
[01:37:26 INF] 【直播间】407149 的第 56 个心跳包发送成功
[01:37:27 INF] 【直播间】23357926 的第 56 个心跳包发送成功
[01:37:28 INF] 【直播间】23040372 的第 56 个心跳包发送成功
[01:38:32 INF] 【直播间】407149 的第 57 个心跳包发送成功
[01:38:33 INF] 【直播间】23357926 的第 57 个心跳包发送成功
[01:38:35 INF] 【直播间】23040372 的第 57 个心跳包发送成功
[01:39:39 INF] 【直播间】407149 的第 58 个心跳包发送成功
[01:39:40 INF] 【直播间】23357926 的第 58 个心跳包发送成功
[01:39:41 INF] 【直播间】23040372 的第 58 个心跳包发送成功
[01:40:45 INF] 【直播间】407149 的第 59 个心跳包发送成功
[01:40:47 INF] 【直播间】23357926 的第 59 个心跳包发送成功
[01:40:48 INF] 【直播间】23040372 的第 59 个心跳包发送成功
[01:41:52 INF] 【直播间】407149 的第 60 个心跳包发送成功
[01:41:53 INF] 【直播间】23357926 的第 60 个心跳包发送成功
[01:41:54 INF] 【直播间】23040372 的第 60 个心跳包发送成功
[01:42:59 INF] 【直播间】407149 的第 61 个心跳包发送成功
[01:43:00 INF] 【直播间】23357926 的第 61 个心跳包发送成功
[01:43:01 INF] 【直播间】23040372 的第 61 个心跳包发送成功
[01:44:05 INF] 【直播间】407149 的第 62 个心跳包发送成功
[01:44:06 INF] 【直播间】23357926 的第 62 个心跳包发送成功
[01:44:08 INF] 【直播间】23040372 的第 62 个心跳包发送成功
[01:45:12 INF] 【直播间】407149 的第 63 个心跳包发送成功
[01:45:13 INF] 【直播间】23357926 的第 63 个心跳包发送成功
[01:45:14 INF] 【直播间】23040372 的第 63 个心跳包发送成功
[01:46:19 INF] 【直播间】407149 的第 64 个心跳包发送成功
[01:46:20 INF] 【直播间】23357926 的第 64 个心跳包发送成功
[01:46:21 INF] 【直播间】23040372 的第 64 个心跳包发送成功
[01:47:25 INF] 【直播间】407149 的第 65 个心跳包发送成功
[01:47:26 INF] 【直播间】23357926 的第 65 个心跳包发送成功
[01:47:28 INF] 【直播间】23040372 的第 65 个心跳包发送成功
[01:48:32 INF] 【直播间】407149 的第 66 个心跳包发送成功
[01:48:33 INF] 【直播间】23357926 的第 66 个心跳包发送成功
[01:48:35 INF] 【直播间】23040372 的第 66 个心跳包发送成功
[01:49:39 ERR] 【心跳包】直播间 407149 发送失败
[01:49:39 ERR] 【原因】time check failed
[01:49:40 ERR] 【心跳包】直播间 23357926 发送失败
[01:49:40 ERR] 【原因】time check failed
[01:49:41 ERR] 【心跳包】直播间 23040372 发送失败
[01:49:41 ERR] 【原因】time check failed
[01:50:45 INF] 【直播间】407149 的第 67 个心跳包发送成功
[01:50:47 INF] 【直播间】23357926 的第 67 个心跳包发送成功
[01:50:48 INF] 【直播间】23040372 的第 67 个心跳包发送成功
[01:51:52 INF] 【直播间】407149 的第 68 个心跳包发送成功
[01:51:53 INF] 【直播间】23357926 的第 68 个心跳包发送成功
[01:51:54 INF] 【直播间】23040372 的第 68 个心跳包发送成功
[01:52:58 INF] 【直播间】407149 的第 69 个心跳包发送成功
[01:53:00 INF] 【直播间】23357926 的第 69 个心跳包发送成功
[01:53:01 INF] 【直播间】23040372 的第 69 个心跳包发送成功
[01:54:05 INF] 【直播间】407149 的第 70 个心跳包发送成功
[01:54:07 INF] 【直播间】23357926 的第 70 个心跳包发送成功
[01:54:08 INF] 【直播间】23040372 的第 70 个心跳包发送成功
[01:54:08 INF] 【直播观看时长】完成情况：3/3 
[01:54:08 INF] ---------结束---------

[01:54:08 INF] ==========结束==========

[01:54:08 INF] ######### 账号 2 #########

[01:54:08 INF] =====开始 直播间互动 =====

[01:54:08 INF] ---开始 发送弹幕 ---
[01:54:08 INF] 检测到直播 Cookie 未正确配置，尝试自动配置中...
[01:54:15 INF] 直播 Cookie 配置成功！
[01:54:15 INF] 【获取直播列表】获取拥有粉丝牌的直播列表
[01:54:21 ERR] 【获取直播列表】失败
[01:54:21 ERR] 【原因】账号未登录
[01:54:21 ERR] 发送弹幕失败，继续其他任务。失败信息:Object reference not set to an instance of an object.

[01:54:21 INF] -------结束-------

[01:54:21 INF] ---开始 点赞直播间 ---
[01:54:21 INF] 【获取直播列表】获取拥有粉丝牌的直播列表
[01:54:29 ERR] 【获取直播列表】失败
[01:54:29 ERR] 【原因】账号未登录
[01:54:29 ERR] 点赞直播间失败，继续其他任务。失败信息:Object reference not set to an instance of an object.

[01:54:29 INF] --------结束--------

[01:54:29 INF] ---开始 直播时长挂机 ---
[01:54:29 INF] 【获取直播列表】获取拥有粉丝牌的直播列表
[01:54:33 ERR] 【获取直播列表】失败
[01:54:33 ERR] 【原因】账号未登录
[01:54:33 ERR] 直播时长挂机失败，继续其他任务。失败信息:Object reference not set to an instance of an object.

[01:54:33 INF] ---------结束---------

[01:54:33 INF] ==========结束==========

[01:54:33 INF] ######### 账号 3 #########

[01:54:33 INF] =====开始 直播间互动 =====

[01:54:33 INF] ---开始 发送弹幕 ---
[01:54:33 INF] 检测到直播 Cookie 未正确配置，尝试自动配置中...
[01:54:38 ERR] 【配置直播Cookie】失败，放弃执行后续任务...
[01:54:38 ERR] 【原因】Value cannot be null. (Parameter 'source')
[01:54:38 INF] -------结束-------

[01:54:38 INF] ---开始 点赞直播间 ---
[01:54:38 INF] 检测到直播 Cookie 未正确配置，尝试自动配置中...
[01:54:42 ERR] 【配置直播Cookie】失败，放弃执行后续任务...
[01:54:42 ERR] 【原因】Value cannot be null. (Parameter 'source')
[01:54:42 INF] --------结束--------

[01:54:42 INF] ---开始 直播时长挂机 ---
[01:54:42 INF] 检测到直播 Cookie 未正确配置，尝试自动配置中...
[01:54:47 ERR] 【配置直播Cookie】失败，放弃执行后续任务...
[01:54:47 ERR] 【原因】Value cannot be null. (Parameter 'source')
[01:54:47 INF] ---------结束---------

[01:54:47 INF] ==========结束==========

[01:54:47 INF] 

========================

 v2.0.2 开源 by https://github.com/RayWangQvQ/BiliBiliToolPro

[01:54:47 INF] ·开始推送·LiveFansMedal任务·
2024-01-27T17:54:47.5327518Z 开始推送到:PushPlus
2024-01-27T17:54:48.8920687Z Response status: OK.
2024-01-27T17:54:48.8921052Z Response content: {"code":200,"msg":"请求成功","data":"118b4165f65c4a27b2d81efd5a646081","count":null}.

[01:54:48 INF] 运行环境：Development
[01:54:48 INF] 应用目录：/home/runner/work/BiliBiliToolPro/BiliBiliToolPro/src/Ray.BiliBiliTool.Console/bin/Debug/net6.0/

[01:54:48 INF] 运行结束
