----------- ip 信息 ---------
{
  "ip": "40.83.3.156",
  "city": "Des Moines",
  "region": "Iowa",
  "country": "US",
  "loc": "41.6005,-93.6091",
  "org": "AS8075 Microsoft Corporation",
  "postal": "50307",
  "timezone": "America/Chicago",
  "readme": "https://ipinfo.io/missingauth"
} ---------- end ------------
  ____               ____    _   _____           _  
 |  _ \ __ _ _   _  | __ ) _| |_|_   _|__   ___ | | 
 | |_) / _` | | | | |  _ \(_) (_) | |/ _ \ / _ \| | 
 |  _ < (_| | |_| | | |_) | | | | | | (_) | (_) | | 
 |_| \_\__,_|\__, | |____/|_|_|_| |_|\___/ \___/|_| 
             |___/                                  

[00:26:59 INF] BiliBiliToolPro 开始运行...

[00:26:59 INF] 【账号个数】3个

[00:26:59 INF] 随机休眠3分钟

[00:29:59 INF] 【目标任务】LiveFansMedal
[00:29:59 INF] ######### 账号 1 #########

[00:29:59 INF] =====开始 直播间互动 =====

[00:29:59 INF] ---开始 发送弹幕 ---
[00:29:59 INF] 检测到直播 Cookie 未正确配置，尝试自动配置中...
[00:30:03 INF] 直播 Cookie 配置成功！
[00:30:03 INF] 【获取直播列表】获取拥有粉丝牌的直播列表
[00:30:11 INF] 【主播】Mark陌枫 
[00:30:29 INF] 【主播】KL_qiqi_ 
[00:30:50 INF] 【主播】苏打baka 
[00:31:04 INF] 【直播间】Mark陌枫
[00:31:04 INF] 【粉丝牌】馬楓
[00:31:04 INF] 正在发送弹幕...
[00:31:11 INF] 【直播间】KL_qiqi_
[00:31:11 INF] 【粉丝牌】qiqisb
[00:31:11 INF] 正在发送弹幕...
[00:31:16 INF] 【直播间】苏打baka
[00:31:16 INF] 【粉丝牌】碳酸钠
[00:31:16 INF] 正在发送弹幕...
[00:31:22 INF] -------结束-------

[00:31:22 INF] ---开始 点赞直播间 ---
[00:31:22 INF] 【获取直播列表】获取拥有粉丝牌的直播列表
[00:31:24 INF] 【弹幕发送】成功~，你和主播 Mark陌枫 的亲密值增加了100！
[00:31:27 INF] 【主播】Mark陌枫 
[00:31:29 INF] 【弹幕发送】成功~，你和主播 苏打baka 的亲密值增加了100！
[00:31:30 INF] 【弹幕发送】成功~，你和主播 KL_qiqi_ 的亲密值增加了100！
[00:31:47 INF] 【主播】KL_qiqi_ 
[00:32:08 INF] 【主播】苏打baka 
[00:32:27 INF] 【点赞直播间】23357926 完成
[00:32:31 INF] 【点赞直播间】407149 完成
[00:32:34 INF] --------结束--------

[00:32:34 INF] ---开始 直播时长挂机 ---
[00:32:34 INF] 【获取直播列表】获取拥有粉丝牌的直播列表
[00:32:34 INF] 【点赞直播间】23040372 完成
[00:32:37 INF] 【主播】Mark陌枫 
[00:32:48 INF] 【主播】KL_qiqi_ 
[00:33:03 INF] 【主播】苏打baka 
[00:33:21 INF] 【直播间】23357926 的第 1 个心跳包发送成功
[00:33:22 INF] 【直播间】407149 的第 1 个心跳包发送成功
[00:33:23 INF] 【直播间】23040372 的第 1 个心跳包发送成功
[00:34:27 INF] 【直播间】23357926 的第 2 个心跳包发送成功
[00:34:29 INF] 【直播间】407149 的第 2 个心跳包发送成功
[00:34:30 INF] 【直播间】23040372 的第 2 个心跳包发送成功
[00:35:34 INF] 【直播间】23357926 的第 3 个心跳包发送成功
[00:35:35 INF] 【直播间】407149 的第 3 个心跳包发送成功
[00:35:37 INF] 【直播间】23040372 的第 3 个心跳包发送成功
[00:36:41 INF] 【直播间】23357926 的第 4 个心跳包发送成功
[00:36:42 INF] 【直播间】407149 的第 4 个心跳包发送成功
[00:36:43 INF] 【直播间】23040372 的第 4 个心跳包发送成功
[00:37:47 INF] 【直播间】23357926 的第 5 个心跳包发送成功
[00:37:48 INF] 【直播间】407149 的第 5 个心跳包发送成功
[00:37:50 INF] 【直播间】23040372 的第 5 个心跳包发送成功
[00:38:54 INF] 【直播间】23357926 的第 6 个心跳包发送成功
[00:38:55 INF] 【直播间】407149 的第 6 个心跳包发送成功
[00:38:56 INF] 【直播间】23040372 的第 6 个心跳包发送成功
[00:40:00 INF] 【直播间】23357926 的第 7 个心跳包发送成功
[00:40:02 INF] 【直播间】407149 的第 7 个心跳包发送成功
[00:40:03 INF] 【直播间】23040372 的第 7 个心跳包发送成功
[00:41:07 INF] 【直播间】23357926 的第 8 个心跳包发送成功
[00:41:08 INF] 【直播间】407149 的第 8 个心跳包发送成功
[00:41:10 INF] 【直播间】23040372 的第 8 个心跳包发送成功
[00:42:14 INF] 【直播间】23357926 的第 9 个心跳包发送成功
[00:42:15 INF] 【直播间】407149 的第 9 个心跳包发送成功
[00:42:16 INF] 【直播间】23040372 的第 9 个心跳包发送成功
[00:43:20 INF] 【直播间】23357926 的第 10 个心跳包发送成功
[00:43:21 INF] 【直播间】407149 的第 10 个心跳包发送成功
[00:43:23 INF] 【直播间】23040372 的第 10 个心跳包发送成功
[00:44:27 INF] 【直播间】23357926 的第 11 个心跳包发送成功
[00:44:28 INF] 【直播间】407149 的第 11 个心跳包发送成功
[00:44:29 INF] 【直播间】23040372 的第 11 个心跳包发送成功
[00:45:33 INF] 【直播间】23357926 的第 12 个心跳包发送成功
[00:45:35 INF] 【直播间】407149 的第 12 个心跳包发送成功
[00:45:36 INF] 【直播间】23040372 的第 12 个心跳包发送成功
[00:46:40 INF] 【直播间】23357926 的第 13 个心跳包发送成功
[00:46:41 INF] 【直播间】407149 的第 13 个心跳包发送成功
[00:46:43 INF] 【直播间】23040372 的第 13 个心跳包发送成功
[00:47:47 INF] 【直播间】23357926 的第 14 个心跳包发送成功
[00:47:48 INF] 【直播间】407149 的第 14 个心跳包发送成功
[00:47:49 INF] 【直播间】23040372 的第 14 个心跳包发送成功
[00:48:53 ERR] 【心跳包】直播间 23357926 发送失败
[00:48:53 ERR] 【原因】time check failed
[00:48:55 ERR] 【心跳包】直播间 407149 发送失败
[00:48:55 ERR] 【原因】time check failed
[00:48:56 ERR] 【心跳包】直播间 23040372 发送失败
[00:48:56 ERR] 【原因】time check failed
[00:50:00 INF] 【直播间】23357926 的第 15 个心跳包发送成功
[00:50:01 INF] 【直播间】407149 的第 15 个心跳包发送成功
[00:50:02 INF] 【直播间】23040372 的第 15 个心跳包发送成功
[00:51:06 INF] 【直播间】23357926 的第 16 个心跳包发送成功
[00:51:07 INF] 【直播间】407149 的第 16 个心跳包发送成功
[00:51:09 INF] 【直播间】23040372 的第 16 个心跳包发送成功
[00:52:13 INF] 【直播间】23357926 的第 17 个心跳包发送成功
[00:52:14 INF] 【直播间】407149 的第 17 个心跳包发送成功
[00:52:15 INF] 【直播间】23040372 的第 17 个心跳包发送成功
[00:53:19 INF] 【直播间】23357926 的第 18 个心跳包发送成功
[00:53:20 INF] 【直播间】407149 的第 18 个心跳包发送成功
[00:53:22 INF] 【直播间】23040372 的第 18 个心跳包发送成功
[00:54:26 INF] 【直播间】23357926 的第 19 个心跳包发送成功
[00:54:27 INF] 【直播间】407149 的第 19 个心跳包发送成功
[00:54:29 INF] 【直播间】23040372 的第 19 个心跳包发送成功
[00:55:33 INF] 【直播间】23357926 的第 20 个心跳包发送成功
[00:55:34 INF] 【直播间】407149 的第 20 个心跳包发送成功
[00:55:35 INF] 【直播间】23040372 的第 20 个心跳包发送成功
[00:56:39 INF] 【直播间】23357926 的第 21 个心跳包发送成功
[00:56:41 INF] 【直播间】407149 的第 21 个心跳包发送成功
[00:56:42 INF] 【直播间】23040372 的第 21 个心跳包发送成功
[00:57:46 INF] 【直播间】23357926 的第 22 个心跳包发送成功
[00:57:47 INF] 【直播间】407149 的第 22 个心跳包发送成功
[00:57:48 INF] 【直播间】23040372 的第 22 个心跳包发送成功
[00:58:52 INF] 【直播间】23357926 的第 23 个心跳包发送成功
[00:58:54 INF] 【直播间】407149 的第 23 个心跳包发送成功
[00:58:55 INF] 【直播间】23040372 的第 23 个心跳包发送成功
[00:59:59 INF] 【直播间】23357926 的第 24 个心跳包发送成功
[01:00:00 INF] 【直播间】407149 的第 24 个心跳包发送成功
[01:00:01 INF] 【直播间】23040372 的第 24 个心跳包发送成功
[01:01:05 INF] 【直播间】23357926 的第 25 个心跳包发送成功
[01:01:07 INF] 【直播间】407149 的第 25 个心跳包发送成功
[01:01:08 INF] 【直播间】23040372 的第 25 个心跳包发送成功
[01:02:12 INF] 【直播间】23357926 的第 26 个心跳包发送成功
[01:02:13 INF] 【直播间】407149 的第 26 个心跳包发送成功
[01:02:14 INF] 【直播间】23040372 的第 26 个心跳包发送成功
[01:03:18 INF] 【直播间】23357926 的第 27 个心跳包发送成功
[01:03:20 INF] 【直播间】407149 的第 27 个心跳包发送成功
[01:03:21 INF] 【直播间】23040372 的第 27 个心跳包发送成功
[01:04:25 ERR] 【心跳包】直播间 23357926 发送失败
[01:04:25 ERR] 【原因】time check failed
[01:04:26 ERR] 【心跳包】直播间 407149 发送失败
[01:04:26 ERR] 【原因】time check failed
[01:04:28 ERR] 【心跳包】直播间 23040372 发送失败
[01:04:28 ERR] 【原因】time check failed
[01:05:32 INF] 【直播间】23357926 的第 28 个心跳包发送成功
[01:05:33 INF] 【直播间】407149 的第 28 个心跳包发送成功
[01:05:34 INF] 【直播间】23040372 的第 28 个心跳包发送成功
[01:06:38 INF] 【直播间】23357926 的第 29 个心跳包发送成功
[01:06:39 INF] 【直播间】407149 的第 29 个心跳包发送成功
[01:06:41 INF] 【直播间】23040372 的第 29 个心跳包发送成功
[01:07:45 INF] 【直播间】23357926 的第 30 个心跳包发送成功
[01:07:46 INF] 【直播间】407149 的第 30 个心跳包发送成功
[01:07:47 INF] 【直播间】23040372 的第 30 个心跳包发送成功
[01:08:51 INF] 【直播间】23357926 的第 31 个心跳包发送成功
[01:08:53 INF] 【直播间】407149 的第 31 个心跳包发送成功
[01:08:54 INF] 【直播间】23040372 的第 31 个心跳包发送成功
[01:09:58 INF] 【直播间】23357926 的第 32 个心跳包发送成功
[01:09:59 INF] 【直播间】407149 的第 32 个心跳包发送成功
[01:10:00 INF] 【直播间】23040372 的第 32 个心跳包发送成功
[01:11:04 INF] 【直播间】23357926 的第 33 个心跳包发送成功
[01:11:06 INF] 【直播间】407149 的第 33 个心跳包发送成功
[01:11:07 INF] 【直播间】23040372 的第 33 个心跳包发送成功
[01:12:11 INF] 【直播间】23357926 的第 34 个心跳包发送成功
[01:12:12 INF] 【直播间】407149 的第 34 个心跳包发送成功
[01:12:14 INF] 【直播间】23040372 的第 34 个心跳包发送成功
[01:13:18 INF] 【直播间】23357926 的第 35 个心跳包发送成功
[01:13:19 INF] 【直播间】407149 的第 35 个心跳包发送成功
[01:13:20 INF] 【直播间】23040372 的第 35 个心跳包发送成功
[01:14:24 INF] 【直播间】23357926 的第 36 个心跳包发送成功
[01:14:26 INF] 【直播间】407149 的第 36 个心跳包发送成功
[01:14:27 INF] 【直播间】23040372 的第 36 个心跳包发送成功
[01:15:31 INF] 【直播间】23357926 的第 37 个心跳包发送成功
[01:15:32 INF] 【直播间】407149 的第 37 个心跳包发送成功
[01:15:33 INF] 【直播间】23040372 的第 37 个心跳包发送成功
[01:16:37 INF] 【直播间】23357926 的第 38 个心跳包发送成功
[01:16:38 INF] 【直播间】407149 的第 38 个心跳包发送成功
[01:16:40 INF] 【直播间】23040372 的第 38 个心跳包发送成功
[01:17:44 INF] 【直播间】23357926 的第 39 个心跳包发送成功
[01:17:45 INF] 【直播间】407149 的第 39 个心跳包发送成功
[01:17:47 INF] 【直播间】23040372 的第 39 个心跳包发送成功
[01:18:50 INF] 【直播间】23357926 的第 40 个心跳包发送成功
[01:18:52 INF] 【直播间】407149 的第 40 个心跳包发送成功
[01:18:53 INF] 【直播间】23040372 的第 40 个心跳包发送成功
[01:19:57 ERR] 【心跳包】直播间 23357926 发送失败
[01:19:57 ERR] 【原因】time check failed
[01:19:58 ERR] 【心跳包】直播间 407149 发送失败
[01:19:58 ERR] 【原因】time check failed
[01:19:59 ERR] 【心跳包】直播间 23040372 发送失败
[01:19:59 ERR] 【原因】time check failed
[01:21:03 INF] 【直播间】23357926 的第 41 个心跳包发送成功
[01:21:05 INF] 【直播间】407149 的第 41 个心跳包发送成功
[01:21:06 INF] 【直播间】23040372 的第 41 个心跳包发送成功
[01:22:10 INF] 【直播间】23357926 的第 42 个心跳包发送成功
[01:22:11 INF] 【直播间】407149 的第 42 个心跳包发送成功
[01:22:12 INF] 【直播间】23040372 的第 42 个心跳包发送成功
[01:23:17 INF] 【直播间】23357926 的第 43 个心跳包发送成功
[01:23:18 INF] 【直播间】407149 的第 43 个心跳包发送成功
[01:23:19 INF] 【直播间】23040372 的第 43 个心跳包发送成功
[01:24:23 INF] 【直播间】23357926 的第 44 个心跳包发送成功
[01:24:24 INF] 【直播间】407149 的第 44 个心跳包发送成功
[01:24:25 INF] 【直播间】23040372 的第 44 个心跳包发送成功
[01:25:30 INF] 【直播间】23357926 的第 45 个心跳包发送成功
[01:25:31 INF] 【直播间】407149 的第 45 个心跳包发送成功
[01:25:32 INF] 【直播间】23040372 的第 45 个心跳包发送成功
[01:26:36 INF] 【直播间】23357926 的第 46 个心跳包发送成功
[01:26:37 INF] 【直播间】407149 的第 46 个心跳包发送成功
[01:26:39 INF] 【直播间】23040372 的第 46 个心跳包发送成功
[01:27:43 INF] 【直播间】23357926 的第 47 个心跳包发送成功
[01:27:44 INF] 【直播间】407149 的第 47 个心跳包发送成功
[01:27:45 INF] 【直播间】23040372 的第 47 个心跳包发送成功
[01:28:49 INF] 【直播间】23357926 的第 48 个心跳包发送成功
[01:28:51 INF] 【直播间】407149 的第 48 个心跳包发送成功
[01:28:52 INF] 【直播间】23040372 的第 48 个心跳包发送成功
[01:29:56 INF] 【直播间】23357926 的第 49 个心跳包发送成功
[01:29:57 INF] 【直播间】407149 的第 49 个心跳包发送成功
[01:29:58 INF] 【直播间】23040372 的第 49 个心跳包发送成功
[01:31:02 INF] 【直播间】23357926 的第 50 个心跳包发送成功
[01:31:04 INF] 【直播间】407149 的第 50 个心跳包发送成功
[01:31:05 INF] 【直播间】23040372 的第 50 个心跳包发送成功
[01:32:09 INF] 【直播间】23357926 的第 51 个心跳包发送成功
[01:32:10 INF] 【直播间】407149 的第 51 个心跳包发送成功
[01:32:11 INF] 【直播间】23040372 的第 51 个心跳包发送成功
[01:33:15 INF] 【直播间】23357926 的第 52 个心跳包发送成功
[01:33:16 INF] 【直播间】407149 的第 52 个心跳包发送成功
[01:33:18 INF] 【直播间】23040372 的第 52 个心跳包发送成功
[01:34:22 INF] 【直播间】23357926 的第 53 个心跳包发送成功
[01:34:23 INF] 【直播间】407149 的第 53 个心跳包发送成功
[01:34:24 INF] 【直播间】23040372 的第 53 个心跳包发送成功
[01:35:28 ERR] 【心跳包】直播间 23357926 发送失败
[01:35:28 ERR] 【原因】time check failed
[01:35:29 ERR] 【心跳包】直播间 407149 发送失败
[01:35:29 ERR] 【原因】time check failed
[01:35:31 ERR] 【心跳包】直播间 23040372 发送失败
[01:35:31 ERR] 【原因】time check failed
[01:36:35 INF] 【直播间】23357926 的第 54 个心跳包发送成功
[01:36:36 INF] 【直播间】407149 的第 54 个心跳包发送成功
[01:36:38 INF] 【直播间】23040372 的第 54 个心跳包发送成功
[01:37:42 INF] 【直播间】23357926 的第 55 个心跳包发送成功
[01:37:43 INF] 【直播间】407149 的第 55 个心跳包发送成功
[01:37:44 INF] 【直播间】23040372 的第 55 个心跳包发送成功
[01:38:48 INF] 【直播间】23357926 的第 56 个心跳包发送成功
[01:38:49 INF] 【直播间】407149 的第 56 个心跳包发送成功
[01:38:51 INF] 【直播间】23040372 的第 56 个心跳包发送成功
[01:39:55 INF] 【直播间】23357926 的第 57 个心跳包发送成功
[01:39:56 INF] 【直播间】407149 的第 57 个心跳包发送成功
[01:39:57 INF] 【直播间】23040372 的第 57 个心跳包发送成功
[01:41:01 INF] 【直播间】23357926 的第 58 个心跳包发送成功
[01:41:02 INF] 【直播间】407149 的第 58 个心跳包发送成功
[01:41:04 INF] 【直播间】23040372 的第 58 个心跳包发送成功
[01:42:08 INF] 【直播间】23357926 的第 59 个心跳包发送成功
[01:42:09 INF] 【直播间】407149 的第 59 个心跳包发送成功
[01:42:10 INF] 【直播间】23040372 的第 59 个心跳包发送成功
[01:43:14 INF] 【直播间】23357926 的第 60 个心跳包发送成功
[01:43:16 INF] 【直播间】407149 的第 60 个心跳包发送成功
[01:43:17 INF] 【直播间】23040372 的第 60 个心跳包发送成功
[01:44:21 INF] 【直播间】23357926 的第 61 个心跳包发送成功
[01:44:22 INF] 【直播间】407149 的第 61 个心跳包发送成功
[01:44:23 INF] 【直播间】23040372 的第 61 个心跳包发送成功
[01:45:27 INF] 【直播间】23357926 的第 62 个心跳包发送成功
[01:45:29 INF] 【直播间】407149 的第 62 个心跳包发送成功
[01:45:30 INF] 【直播间】23040372 的第 62 个心跳包发送成功
[01:46:34 INF] 【直播间】23357926 的第 63 个心跳包发送成功
[01:46:35 INF] 【直播间】407149 的第 63 个心跳包发送成功
[01:46:36 INF] 【直播间】23040372 的第 63 个心跳包发送成功
[01:47:41 INF] 【直播间】23357926 的第 64 个心跳包发送成功
[01:47:42 INF] 【直播间】407149 的第 64 个心跳包发送成功
[01:47:43 INF] 【直播间】23040372 的第 64 个心跳包发送成功
[01:48:47 INF] 【直播间】23357926 的第 65 个心跳包发送成功
[01:48:48 INF] 【直播间】407149 的第 65 个心跳包发送成功
[01:48:49 INF] 【直播间】23040372 的第 65 个心跳包发送成功
[01:49:53 INF] 【直播间】23357926 的第 66 个心跳包发送成功
[01:49:55 INF] 【直播间】407149 的第 66 个心跳包发送成功
[01:49:56 INF] 【直播间】23040372 的第 66 个心跳包发送成功
[01:51:00 ERR] 【心跳包】直播间 23357926 发送失败
[01:51:00 ERR] 【原因】time check failed
[01:51:01 ERR] 【心跳包】直播间 407149 发送失败
[01:51:01 ERR] 【原因】time check failed
[01:51:02 ERR] 【心跳包】直播间 23040372 发送失败
[01:51:02 ERR] 【原因】time check failed
[01:52:06 INF] 【直播间】23357926 的第 67 个心跳包发送成功
[01:52:08 INF] 【直播间】407149 的第 67 个心跳包发送成功
[01:52:09 INF] 【直播间】23040372 的第 67 个心跳包发送成功
[01:53:13 INF] 【直播间】23357926 的第 68 个心跳包发送成功
[01:53:14 INF] 【直播间】407149 的第 68 个心跳包发送成功
[01:53:16 INF] 【直播间】23040372 的第 68 个心跳包发送成功
[01:54:20 INF] 【直播间】23357926 的第 69 个心跳包发送成功
[01:54:21 INF] 【直播间】407149 的第 69 个心跳包发送成功
[01:54:22 INF] 【直播间】23040372 的第 69 个心跳包发送成功
[01:55:26 INF] 【直播间】23357926 的第 70 个心跳包发送成功
[01:55:27 INF] 【直播间】407149 的第 70 个心跳包发送成功
[01:55:28 INF] 【直播间】23040372 的第 70 个心跳包发送成功
[01:55:28 INF] 【直播观看时长】完成情况：3/3 
[01:55:28 INF] ---------结束---------

[01:55:28 INF] ==========结束==========

[01:55:28 INF] ######### 账号 2 #########

[01:55:28 INF] =====开始 直播间互动 =====

[01:55:28 INF] ---开始 发送弹幕 ---
[01:55:28 INF] 检测到直播 Cookie 未正确配置，尝试自动配置中...
[01:55:32 INF] 直播 Cookie 配置成功！
[01:55:32 INF] 【获取直播列表】获取拥有粉丝牌的直播列表
[01:55:35 INF] 【主播】Mark陌枫 
[01:55:53 INF] 【主播】苏打baka 
[01:56:09 INF] 【主播】特别中二的q3君 
[01:56:29 INF] 【主播】陈抱一 
[01:56:46 INF] 【主播】贪玩的小毅 
[01:57:01 INF] 【主播】KL_qiqi_ 
[01:57:17 INF] 【主播】记录生活的蛋黄派 
[01:57:28 INF] 【主播】FoFTG 
[01:57:43 INF] 【主播】悠悠球琛总 
[01:57:57 INF] 【主播】新石器公园 
[01:58:11 INF] 【主播】脏小豆 
[01:58:29 INF] 【主播】李船长笔记 
[01:58:45 INF] 【直播间】Mark陌枫
[01:58:45 INF] 【粉丝牌】馬楓
[01:58:45 INF] 正在发送弹幕...
[01:58:51 INF] 【直播间】苏打baka
[01:58:51 INF] 【粉丝牌】碳酸钠
[01:58:51 INF] 正在发送弹幕...
[01:58:55 INF] 【直播间】特别中二的q3君
[01:58:55 INF] 【粉丝牌】q3GG
[01:58:55 INF] 正在发送弹幕...
[01:58:59 INF] 【直播间】陈抱一
[01:58:59 INF] 【粉丝牌】陈抱一
[01:58:59 INF] 正在发送弹幕...
[01:59:06 INF] 【弹幕发送】成功~，你和主播 Mark陌枫 的亲密值增加了100！
[01:59:06 INF] 【直播间】贪玩的小毅
[01:59:06 INF] 【粉丝牌】大大毅
[01:59:06 INF] 正在发送弹幕...
[01:59:08 INF] 【弹幕发送】成功~，你和主播 特别中二的q3君 的亲密值增加了100！
[01:59:08 ERR] 【弹幕发送】失败
[01:59:08 ERR] 【原因】您发送弹幕的频率过快
[01:59:11 INF] 【直播间】KL_qiqi_
[01:59:11 INF] 【粉丝牌】qiqisb
[01:59:11 INF] 正在发送弹幕...
[01:59:18 INF] 【直播间】记录生活的蛋黄派
[01:59:18 INF] 【粉丝牌】派派派
[01:59:18 INF] 正在发送弹幕...
[01:59:19 INF] 【弹幕发送】成功~，你和主播 陈抱一 的亲密值增加了100！
[01:59:24 INF] 【弹幕发送】成功~，你和主播 贪玩的小毅 的亲密值增加了100！
[01:59:25 INF] 【直播间】FoFTG
[01:59:25 INF] 【粉丝牌】FOFTG
[01:59:25 INF] 正在发送弹幕...
[01:59:27 INF] 【弹幕发送】成功~，你和主播 KL_qiqi_ 的亲密值增加了100！
[01:59:31 INF] 【直播间】悠悠球琛总
[01:59:31 INF] 【粉丝牌】i琛
[01:59:31 INF] 正在发送弹幕...
[01:59:37 INF] 【弹幕发送】成功~，你和主播 记录生活的蛋黄派 的亲密值增加了100！
[01:59:38 INF] 【直播间】新石器公园
[01:59:38 INF] 【粉丝牌】东园主
[01:59:38 INF] 正在发送弹幕...
[01:59:39 INF] 【弹幕发送】成功~，你和主播 FoFTG 的亲密值增加了100！
[01:59:42 INF] 【直播间】脏小豆
[01:59:42 INF] 【粉丝牌】豆豆浆
[01:59:42 INF] 正在发送弹幕...
[01:59:46 INF] 【直播间】李船长笔记
[01:59:46 INF] 【粉丝牌】航海仕
[01:59:46 INF] 正在发送弹幕...
[01:59:47 INF] 【弹幕发送】成功~，你和主播 悠悠球琛总 的亲密值增加了100！
[01:59:49 INF] -------结束-------

[01:59:49 INF] ---开始 点赞直播间 ---
[01:59:49 INF] 【获取直播列表】获取拥有粉丝牌的直播列表
[01:59:53 INF] 【主播】Mark陌枫 
[01:59:54 INF] 【弹幕发送】成功~，你和主播 新石器公园 的亲密值增加了100！
[01:59:56 INF] 【弹幕发送】成功~，你和主播 脏小豆 的亲密值增加了100！
[02:00:02 INF] 【弹幕发送】成功~，你和主播 李船长笔记 的亲密值增加了100！
[02:00:09 INF] 【主播】苏打baka 
[02:00:26 INF] 【主播】特别中二的q3君 
[02:00:41 INF] 【主播】陈抱一 
[02:00:56 INF] 【主播】贪玩的小毅 
[02:01:15 INF] 【主播】KL_qiqi_ 
[02:01:31 INF] 【主播】记录生活的蛋黄派 
[02:01:45 INF] 【主播】FoFTG 
[02:02:02 INF] 【主播】悠悠球琛总 
[02:02:16 INF] 【主播】新石器公园 
[02:02:32 INF] 【主播】脏小豆 
[02:02:44 INF] 【主播】李船长笔记 
[02:03:01 INF] 【点赞直播间】23357926 完成
[02:03:07 INF] 【点赞直播间】23040372 完成
[02:03:12 INF] 【点赞直播间】31494 完成
[02:03:15 INF] 【点赞直播间】4015781 完成
[02:03:19 INF] 【点赞直播间】9619073 完成
[02:03:25 INF] 【点赞直播间】407149 完成
[02:03:32 INF] 【点赞直播间】11732699 完成
[02:03:38 INF] 【点赞直播间】91164 完成
[02:03:45 INF] 【点赞直播间】7184632 完成
[02:03:50 INF] 【点赞直播间】23447660 完成
[02:03:55 INF] 【点赞直播间】929670 完成
[02:03:58 INF] --------结束--------

[02:03:58 INF] ---开始 直播时长挂机 ---
[02:03:58 INF] 【获取直播列表】获取拥有粉丝牌的直播列表
[02:03:58 INF] 【点赞直播间】22764265 完成
[02:04:02 INF] 【主播】Mark陌枫 
[02:04:18 INF] 【主播】苏打baka 
[02:04:35 INF] 【主播】特别中二的q3君 
[02:04:50 INF] 【主播】陈抱一 
[02:05:04 INF] 【主播】贪玩的小毅 
[02:05:21 INF] 【主播】KL_qiqi_ 
[02:05:36 INF] 【主播】记录生活的蛋黄派 
[02:05:53 INF] 【主播】FoFTG 
[02:06:07 INF] 【主播】悠悠球琛总 
[02:06:24 INF] 【主播】新石器公园 
[02:06:43 INF] 【主播】脏小豆 
[02:07:00 INF] 【主播】李船长笔记 
[02:07:17 INF] 【直播间】23357926 的第 1 个心跳包发送成功
[02:07:19 INF] 【直播间】23040372 的第 1 个心跳包发送成功
[02:07:20 INF] 【直播间】31494 的第 1 个心跳包发送成功
[02:07:21 INF] 【直播间】4015781 的第 1 个心跳包发送成功
[02:07:22 INF] 【直播间】9619073 的第 1 个心跳包发送成功
[02:07:24 INF] 【直播间】407149 的第 1 个心跳包发送成功
[02:07:25 INF] 【直播间】11732699 的第 1 个心跳包发送成功
[02:07:26 INF] 【直播间】91164 的第 1 个心跳包发送成功
[02:07:27 INF] 【直播间】7184632 的第 1 个心跳包发送成功
[02:07:29 INF] 【直播间】23447660 的第 1 个心跳包发送成功
[02:07:30 INF] 【直播间】929670 的第 1 个心跳包发送成功
[02:07:31 INF] 【直播间】22764265 的第 1 个心跳包发送成功
[02:08:24 INF] 【直播间】23357926 的第 2 个心跳包发送成功
[02:08:25 INF] 【直播间】23040372 的第 2 个心跳包发送成功
[02:08:26 INF] 【直播间】31494 的第 2 个心跳包发送成功
[02:08:28 INF] 【直播间】4015781 的第 2 个心跳包发送成功
[02:08:29 INF] 【直播间】9619073 的第 2 个心跳包发送成功
[02:08:30 INF] 【直播间】407149 的第 2 个心跳包发送成功
[02:08:31 INF] 【直播间】11732699 的第 2 个心跳包发送成功
[02:08:32 INF] 【直播间】91164 的第 2 个心跳包发送成功
[02:08:34 INF] 【直播间】7184632 的第 2 个心跳包发送成功
[02:08:35 INF] 【直播间】23447660 的第 2 个心跳包发送成功
[02:08:36 INF] 【直播间】929670 的第 2 个心跳包发送成功
[02:08:37 INF] 【直播间】22764265 的第 2 个心跳包发送成功
[02:09:31 INF] 【直播间】23357926 的第 3 个心跳包发送成功
[02:09:32 INF] 【直播间】23040372 的第 3 个心跳包发送成功
[02:09:33 INF] 【直播间】31494 的第 3 个心跳包发送成功
[02:09:35 INF] 【直播间】4015781 的第 3 个心跳包发送成功
[02:09:36 INF] 【直播间】9619073 的第 3 个心跳包发送成功
[02:09:37 INF] 【直播间】407149 的第 3 个心跳包发送成功
[02:09:38 INF] 【直播间】11732699 的第 3 个心跳包发送成功
[02:09:40 INF] 【直播间】91164 的第 3 个心跳包发送成功
[02:09:41 INF] 【直播间】7184632 的第 3 个心跳包发送成功
[02:09:42 INF] 【直播间】23447660 的第 3 个心跳包发送成功
[02:09:43 INF] 【直播间】929670 的第 3 个心跳包发送成功
[02:09:44 INF] 【直播间】22764265 的第 3 个心跳包发送成功
[02:10:37 INF] 【直播间】23357926 的第 4 个心跳包发送成功
[02:10:38 INF] 【直播间】23040372 的第 4 个心跳包发送成功
[02:10:40 INF] 【直播间】31494 的第 4 个心跳包发送成功
[02:10:41 INF] 【直播间】4015781 的第 4 个心跳包发送成功
[02:10:42 INF] 【直播间】9619073 的第 4 个心跳包发送成功
[02:10:43 INF] 【直播间】407149 的第 4 个心跳包发送成功
[02:10:45 INF] 【直播间】11732699 的第 4 个心跳包发送成功
[02:10:46 INF] 【直播间】91164 的第 4 个心跳包发送成功
[02:10:47 INF] 【直播间】7184632 的第 4 个心跳包发送成功
[02:10:48 INF] 【直播间】23447660 的第 4 个心跳包发送成功
[02:10:50 INF] 【直播间】929670 的第 4 个心跳包发送成功
[02:10:51 INF] 【直播间】22764265 的第 4 个心跳包发送成功
[02:11:44 INF] 【直播间】23357926 的第 5 个心跳包发送成功
[02:11:45 INF] 【直播间】23040372 的第 5 个心跳包发送成功
[02:11:46 INF] 【直播间】31494 的第 5 个心跳包发送成功
[02:11:47 INF] 【直播间】4015781 的第 5 个心跳包发送成功
[02:11:49 INF] 【直播间】9619073 的第 5 个心跳包发送成功
[02:11:50 INF] 【直播间】407149 的第 5 个心跳包发送成功
[02:11:51 INF] 【直播间】11732699 的第 5 个心跳包发送成功
[02:11:52 INF] 【直播间】91164 的第 5 个心跳包发送成功
[02:11:54 INF] 【直播间】7184632 的第 5 个心跳包发送成功
[02:11:55 INF] 【直播间】23447660 的第 5 个心跳包发送成功
[02:11:56 INF] 【直播间】929670 的第 5 个心跳包发送成功
[02:11:57 INF] 【直播间】22764265 的第 5 个心跳包发送成功
[02:12:50 INF] 【直播间】23357926 的第 6 个心跳包发送成功
[02:12:51 INF] 【直播间】23040372 的第 6 个心跳包发送成功
[02:12:53 INF] 【直播间】31494 的第 6 个心跳包发送成功
[02:12:54 INF] 【直播间】4015781 的第 6 个心跳包发送成功
[02:12:55 INF] 【直播间】9619073 的第 6 个心跳包发送成功
[02:12:56 INF] 【直播间】407149 的第 6 个心跳包发送成功
[02:12:58 INF] 【直播间】11732699 的第 6 个心跳包发送成功
[02:12:59 INF] 【直播间】91164 的第 6 个心跳包发送成功
[02:13:00 INF] 【直播间】7184632 的第 6 个心跳包发送成功
[02:13:02 INF] 【直播间】23447660 的第 6 个心跳包发送成功
[02:13:03 INF] 【直播间】929670 的第 6 个心跳包发送成功
[02:13:04 INF] 【直播间】22764265 的第 6 个心跳包发送成功
[02:13:57 INF] 【直播间】23357926 的第 7 个心跳包发送成功
[02:13:58 INF] 【直播间】23040372 的第 7 个心跳包发送成功
[02:13:59 INF] 【直播间】31494 的第 7 个心跳包发送成功
[02:14:00 INF] 【直播间】4015781 的第 7 个心跳包发送成功
[02:14:02 INF] 【直播间】9619073 的第 7 个心跳包发送成功
[02:14:03 INF] 【直播间】407149 的第 7 个心跳包发送成功
[02:14:04 INF] 【直播间】11732699 的第 7 个心跳包发送成功
[02:14:05 INF] 【直播间】91164 的第 7 个心跳包发送成功
[02:14:07 INF] 【直播间】7184632 的第 7 个心跳包发送成功
[02:14:08 INF] 【直播间】23447660 的第 7 个心跳包发送成功
[02:14:09 INF] 【直播间】929670 的第 7 个心跳包发送成功
[02:14:11 INF] 【直播间】22764265 的第 7 个心跳包发送成功
[02:15:03 INF] 【直播间】23357926 的第 8 个心跳包发送成功
[02:15:05 INF] 【直播间】23040372 的第 8 个心跳包发送成功
[02:15:06 INF] 【直播间】31494 的第 8 个心跳包发送成功
[02:15:07 INF] 【直播间】4015781 的第 8 个心跳包发送成功
[02:15:08 INF] 【直播间】9619073 的第 8 个心跳包发送成功
[02:15:09 INF] 【直播间】407149 的第 8 个心跳包发送成功
[02:15:11 INF] 【直播间】11732699 的第 8 个心跳包发送成功
[02:15:12 INF] 【直播间】91164 的第 8 个心跳包发送成功
[02:15:13 INF] 【直播间】7184632 的第 8 个心跳包发送成功
[02:15:14 INF] 【直播间】23447660 的第 8 个心跳包发送成功
[02:15:16 INF] 【直播间】929670 的第 8 个心跳包发送成功
[02:15:17 INF] 【直播间】22764265 的第 8 个心跳包发送成功
[02:16:10 INF] 【直播间】23357926 的第 9 个心跳包发送成功
[02:16:11 INF] 【直播间】23040372 的第 9 个心跳包发送成功
[02:16:12 INF] 【直播间】31494 的第 9 个心跳包发送成功
[02:16:13 INF] 【直播间】4015781 的第 9 个心跳包发送成功
[02:16:15 INF] 【直播间】9619073 的第 9 个心跳包发送成功
[02:16:16 INF] 【直播间】407149 的第 9 个心跳包发送成功
[02:16:17 INF] 【直播间】11732699 的第 9 个心跳包发送成功
[02:16:18 INF] 【直播间】91164 的第 9 个心跳包发送成功
[02:16:20 INF] 【直播间】7184632 的第 9 个心跳包发送成功
[02:16:21 INF] 【直播间】23447660 的第 9 个心跳包发送成功
[02:16:22 INF] 【直播间】929670 的第 9 个心跳包发送成功
[02:16:23 INF] 【直播间】22764265 的第 9 个心跳包发送成功
[02:17:16 INF] 【直播间】23357926 的第 10 个心跳包发送成功
[02:17:17 INF] 【直播间】23040372 的第 10 个心跳包发送成功
[02:17:19 INF] 【直播间】31494 的第 10 个心跳包发送成功
[02:17:20 INF] 【直播间】4015781 的第 10 个心跳包发送成功
[02:17:21 INF] 【直播间】9619073 的第 10 个心跳包发送成功
[02:17:23 INF] 【直播间】407149 的第 10 个心跳包发送成功
[02:17:24 INF] 【直播间】11732699 的第 10 个心跳包发送成功
[02:17:25 INF] 【直播间】91164 的第 10 个心跳包发送成功
[02:17:26 INF] 【直播间】7184632 的第 10 个心跳包发送成功
[02:17:28 INF] 【直播间】23447660 的第 10 个心跳包发送成功
[02:17:29 INF] 【直播间】929670 的第 10 个心跳包发送成功
[02:17:30 INF] 【直播间】22764265 的第 10 个心跳包发送成功
[02:18:23 INF] 【直播间】23357926 的第 11 个心跳包发送成功
[02:18:24 INF] 【直播间】23040372 的第 11 个心跳包发送成功
[02:18:25 INF] 【直播间】31494 的第 11 个心跳包发送成功
[02:18:27 INF] 【直播间】4015781 的第 11 个心跳包发送成功
[02:18:28 INF] 【直播间】9619073 的第 11 个心跳包发送成功
[02:18:29 INF] 【直播间】407149 的第 11 个心跳包发送成功
[02:18:30 INF] 【直播间】11732699 的第 11 个心跳包发送成功
[02:18:32 INF] 【直播间】91164 的第 11 个心跳包发送成功
[02:18:33 INF] 【直播间】7184632 的第 11 个心跳包发送成功
[02:18:34 INF] 【直播间】23447660 的第 11 个心跳包发送成功
[02:18:35 INF] 【直播间】929670 的第 11 个心跳包发送成功
[02:18:37 INF] 【直播间】22764265 的第 11 个心跳包发送成功
[02:19:29 INF] 【直播间】23357926 的第 12 个心跳包发送成功
[02:19:31 INF] 【直播间】23040372 的第 12 个心跳包发送成功
[02:19:32 INF] 【直播间】31494 的第 12 个心跳包发送成功
[02:19:33 INF] 【直播间】4015781 的第 12 个心跳包发送成功
[02:19:34 INF] 【直播间】9619073 的第 12 个心跳包发送成功
[02:19:36 INF] 【直播间】407149 的第 12 个心跳包发送成功
[02:19:37 INF] 【直播间】11732699 的第 12 个心跳包发送成功
[02:19:38 INF] 【直播间】91164 的第 12 个心跳包发送成功
[02:19:39 INF] 【直播间】7184632 的第 12 个心跳包发送成功
[02:19:41 INF] 【直播间】23447660 的第 12 个心跳包发送成功
[02:19:42 INF] 【直播间】929670 的第 12 个心跳包发送成功
[02:19:43 INF] 【直播间】22764265 的第 12 个心跳包发送成功
[02:20:36 INF] 【直播间】23357926 的第 13 个心跳包发送成功
[02:20:38 INF] 【直播间】23040372 的第 13 个心跳包发送成功
[02:20:39 INF] 【直播间】31494 的第 13 个心跳包发送成功
[02:20:40 INF] 【直播间】4015781 的第 13 个心跳包发送成功
[02:20:41 INF] 【直播间】9619073 的第 13 个心跳包发送成功
[02:20:43 INF] 【直播间】407149 的第 13 个心跳包发送成功
[02:20:44 INF] 【直播间】11732699 的第 13 个心跳包发送成功
[02:20:45 INF] 【直播间】91164 的第 13 个心跳包发送成功
[02:20:46 INF] 【直播间】7184632 的第 13 个心跳包发送成功
[02:20:48 INF] 【直播间】23447660 的第 13 个心跳包发送成功
[02:20:49 INF] 【直播间】929670 的第 13 个心跳包发送成功
[02:20:50 INF] 【直播间】22764265 的第 13 个心跳包发送成功
[02:21:43 INF] 【直播间】23357926 的第 14 个心跳包发送成功
[02:21:44 INF] 【直播间】23040372 的第 14 个心跳包发送成功
[02:21:45 INF] 【直播间】31494 的第 14 个心跳包发送成功
[02:21:47 INF] 【直播间】4015781 的第 14 个心跳包发送成功
[02:21:48 INF] 【直播间】9619073 的第 14 个心跳包发送成功
[02:21:49 INF] 【直播间】407149 的第 14 个心跳包发送成功
[02:21:50 INF] 【直播间】11732699 的第 14 个心跳包发送成功
[02:21:52 INF] 【直播间】91164 的第 14 个心跳包发送成功
[02:21:53 INF] 【直播间】7184632 的第 14 个心跳包发送成功
[02:21:54 INF] 【直播间】23447660 的第 14 个心跳包发送成功
[02:21:55 INF] 【直播间】929670 的第 14 个心跳包发送成功
[02:21:57 INF] 【直播间】22764265 的第 14 个心跳包发送成功
[02:22:49 ERR] 【心跳包】直播间 23357926 发送失败
[02:22:49 ERR] 【原因】time check failed
[02:22:51 ERR] 【心跳包】直播间 23040372 发送失败
[02:22:51 ERR] 【原因】time check failed
[02:22:52 ERR] 【心跳包】直播间 31494 发送失败
[02:22:52 ERR] 【原因】time check failed
[02:22:53 ERR] 【心跳包】直播间 4015781 发送失败
[02:22:53 ERR] 【原因】time check failed
[02:22:55 ERR] 【心跳包】直播间 9619073 发送失败
[02:22:55 ERR] 【原因】time check failed
[02:22:56 ERR] 【心跳包】直播间 407149 发送失败
[02:22:56 ERR] 【原因】time check failed
[02:22:57 ERR] 【心跳包】直播间 11732699 发送失败
[02:22:57 ERR] 【原因】time check failed
[02:22:58 ERR] 【心跳包】直播间 91164 发送失败
[02:22:58 ERR] 【原因】time check failed
[02:23:00 ERR] 【心跳包】直播间 7184632 发送失败
[02:23:00 ERR] 【原因】time check failed
[02:23:01 ERR] 【心跳包】直播间 23447660 发送失败
[02:23:01 ERR] 【原因】time check failed
[02:23:02 ERR] 【心跳包】直播间 929670 发送失败
[02:23:02 ERR] 【原因】time check failed
[02:23:03 ERR] 【心跳包】直播间 22764265 发送失败
[02:23:03 ERR] 【原因】time check failed
[02:23:56 INF] 【直播间】23357926 的第 15 个心跳包发送成功
[02:23:57 INF] 【直播间】23040372 的第 15 个心跳包发送成功
[02:23:59 INF] 【直播间】31494 的第 15 个心跳包发送成功
[02:24:00 INF] 【直播间】4015781 的第 15 个心跳包发送成功
[02:24:01 INF] 【直播间】9619073 的第 15 个心跳包发送成功
[02:24:02 INF] 【直播间】407149 的第 15 个心跳包发送成功
[02:24:04 INF] 【直播间】11732699 的第 15 个心跳包发送成功
[02:24:05 INF] 【直播间】91164 的第 15 个心跳包发送成功
[02:24:06 INF] 【直播间】7184632 的第 15 个心跳包发送成功
[02:24:08 INF] 【直播间】23447660 的第 15 个心跳包发送成功
[02:24:09 INF] 【直播间】929670 的第 15 个心跳包发送成功
[02:24:10 INF] 【直播间】22764265 的第 15 个心跳包发送成功
[02:25:02 INF] 【直播间】23357926 的第 16 个心跳包发送成功
[02:25:04 INF] 【直播间】23040372 的第 16 个心跳包发送成功
[02:25:05 INF] 【直播间】31494 的第 16 个心跳包发送成功
[02:25:06 INF] 【直播间】4015781 的第 16 个心跳包发送成功
[02:25:08 INF] 【直播间】9619073 的第 16 个心跳包发送成功
[02:25:09 INF] 【直播间】407149 的第 16 个心跳包发送成功
[02:25:10 INF] 【直播间】11732699 的第 16 个心跳包发送成功
[02:25:11 INF] 【直播间】91164 的第 16 个心跳包发送成功
[02:25:13 INF] 【直播间】7184632 的第 16 个心跳包发送成功
[02:25:14 INF] 【直播间】23447660 的第 16 个心跳包发送成功
[02:25:15 INF] 【直播间】929670 的第 16 个心跳包发送成功
[02:25:16 INF] 【直播间】22764265 的第 16 个心跳包发送成功
[02:26:09 INF] 【直播间】23357926 的第 17 个心跳包发送成功
[02:26:10 INF] 【直播间】23040372 的第 17 个心跳包发送成功
[02:26:12 INF] 【直播间】31494 的第 17 个心跳包发送成功
[02:26:13 INF] 【直播间】4015781 的第 17 个心跳包发送成功
[02:26:14 INF] 【直播间】9619073 的第 17 个心跳包发送成功
[02:26:15 INF] 【直播间】407149 的第 17 个心跳包发送成功
[02:26:17 INF] 【直播间】11732699 的第 17 个心跳包发送成功
[02:26:18 INF] 【直播间】91164 的第 17 个心跳包发送成功
[02:26:19 INF] 【直播间】7184632 的第 17 个心跳包发送成功
[02:26:20 INF] 【直播间】23447660 的第 17 个心跳包发送成功
[02:26:21 INF] 【直播间】929670 的第 17 个心跳包发送成功
[02:26:23 INF] 【直播间】22764265 的第 17 个心跳包发送成功
[02:27:16 INF] 【直播间】23357926 的第 18 个心跳包发送成功
[02:27:17 INF] 【直播间】23040372 的第 18 个心跳包发送成功
[02:27:18 INF] 【直播间】31494 的第 18 个心跳包发送成功
[02:27:19 INF] 【直播间】4015781 的第 18 个心跳包发送成功
[02:27:21 INF] 【直播间】9619073 的第 18 个心跳包发送成功
[02:27:22 INF] 【直播间】407149 的第 18 个心跳包发送成功
[02:27:23 INF] 【直播间】11732699 的第 18 个心跳包发送成功
[02:27:24 INF] 【直播间】91164 的第 18 个心跳包发送成功
[02:27:25 INF] 【直播间】7184632 的第 18 个心跳包发送成功
[02:27:27 INF] 【直播间】23447660 的第 18 个心跳包发送成功
[02:27:28 INF] 【直播间】929670 的第 18 个心跳包发送成功
[02:27:29 INF] 【直播间】22764265 的第 18 个心跳包发送成功
[02:28:22 INF] 【直播间】23357926 的第 19 个心跳包发送成功
[02:28:23 INF] 【直播间】23040372 的第 19 个心跳包发送成功
[02:28:25 INF] 【直播间】31494 的第 19 个心跳包发送成功
[02:28:26 INF] 【直播间】4015781 的第 19 个心跳包发送成功
[02:28:27 INF] 【直播间】9619073 的第 19 个心跳包发送成功
[02:28:28 INF] 【直播间】407149 的第 19 个心跳包发送成功
[02:28:29 INF] 【直播间】11732699 的第 19 个心跳包发送成功
[02:28:31 INF] 【直播间】91164 的第 19 个心跳包发送成功
[02:28:32 INF] 【直播间】7184632 的第 19 个心跳包发送成功
[02:28:33 INF] 【直播间】23447660 的第 19 个心跳包发送成功
[02:28:34 INF] 【直播间】929670 的第 19 个心跳包发送成功
[02:28:36 INF] 【直播间】22764265 的第 19 个心跳包发送成功
[02:29:28 INF] 【直播间】23357926 的第 20 个心跳包发送成功
[02:29:30 INF] 【直播间】23040372 的第 20 个心跳包发送成功
[02:29:31 INF] 【直播间】31494 的第 20 个心跳包发送成功
[02:29:32 INF] 【直播间】4015781 的第 20 个心跳包发送成功
[02:29:34 INF] 【直播间】9619073 的第 20 个心跳包发送成功
[02:29:35 INF] 【直播间】407149 的第 20 个心跳包发送成功
[02:29:36 INF] 【直播间】11732699 的第 20 个心跳包发送成功
[02:29:37 INF] 【直播间】91164 的第 20 个心跳包发送成功
[02:29:39 INF] 【直播间】7184632 的第 20 个心跳包发送成功
[02:29:40 INF] 【直播间】23447660 的第 20 个心跳包发送成功
[02:29:41 INF] 【直播间】929670 的第 20 个心跳包发送成功
[02:29:42 INF] 【直播间】22764265 的第 20 个心跳包发送成功
[02:30:35 INF] 【直播间】23357926 的第 21 个心跳包发送成功
[02:30:36 INF] 【直播间】23040372 的第 21 个心跳包发送成功
[02:30:37 INF] 【直播间】31494 的第 21 个心跳包发送成功
[02:30:39 INF] 【直播间】4015781 的第 21 个心跳包发送成功
[02:30:40 INF] 【直播间】9619073 的第 21 个心跳包发送成功
[02:30:41 INF] 【直播间】407149 的第 21 个心跳包发送成功
[02:30:42 INF] 【直播间】11732699 的第 21 个心跳包发送成功
[02:30:44 INF] 【直播间】91164 的第 21 个心跳包发送成功
[02:30:45 INF] 【直播间】7184632 的第 21 个心跳包发送成功
[02:30:46 INF] 【直播间】23447660 的第 21 个心跳包发送成功
[02:30:47 INF] 【直播间】929670 的第 21 个心跳包发送成功
[02:30:49 INF] 【直播间】22764265 的第 21 个心跳包发送成功
[02:31:42 INF] 【直播间】23357926 的第 22 个心跳包发送成功
[02:31:43 INF] 【直播间】23040372 的第 22 个心跳包发送成功
[02:31:44 INF] 【直播间】31494 的第 22 个心跳包发送成功
[02:31:45 INF] 【直播间】4015781 的第 22 个心跳包发送成功
[02:31:47 INF] 【直播间】9619073 的第 22 个心跳包发送成功
[02:31:48 INF] 【直播间】407149 的第 22 个心跳包发送成功
[02:31:49 INF] 【直播间】11732699 的第 22 个心跳包发送成功
[02:31:50 INF] 【直播间】91164 的第 22 个心跳包发送成功
[02:31:52 INF] 【直播间】7184632 的第 22 个心跳包发送成功
[02:31:53 INF] 【直播间】23447660 的第 22 个心跳包发送成功
[02:31:54 INF] 【直播间】929670 的第 22 个心跳包发送成功
[02:31:55 INF] 【直播间】22764265 的第 22 个心跳包发送成功
[02:32:48 INF] 【直播间】23357926 的第 23 个心跳包发送成功
[02:32:49 INF] 【直播间】23040372 的第 23 个心跳包发送成功
[02:32:51 INF] 【直播间】31494 的第 23 个心跳包发送成功
[02:32:52 INF] 【直播间】4015781 的第 23 个心跳包发送成功
[02:32:53 INF] 【直播间】9619073 的第 23 个心跳包发送成功
[02:32:54 INF] 【直播间】407149 的第 23 个心跳包发送成功
[02:32:56 INF] 【直播间】11732699 的第 23 个心跳包发送成功
[02:32:57 INF] 【直播间】91164 的第 23 个心跳包发送成功
[02:32:58 INF] 【直播间】7184632 的第 23 个心跳包发送成功
[02:32:59 INF] 【直播间】23447660 的第 23 个心跳包发送成功
[02:33:01 INF] 【直播间】929670 的第 23 个心跳包发送成功
[02:33:02 INF] 【直播间】22764265 的第 23 个心跳包发送成功
[02:33:55 INF] 【直播间】23357926 的第 24 个心跳包发送成功
[02:33:56 INF] 【直播间】23040372 的第 24 个心跳包发送成功
[02:33:57 INF] 【直播间】31494 的第 24 个心跳包发送成功
[02:33:58 INF] 【直播间】4015781 的第 24 个心跳包发送成功
[02:34:00 INF] 【直播间】9619073 的第 24 个心跳包发送成功
[02:34:01 INF] 【直播间】407149 的第 24 个心跳包发送成功
[02:34:02 INF] 【直播间】11732699 的第 24 个心跳包发送成功
[02:34:03 INF] 【直播间】91164 的第 24 个心跳包发送成功
[02:34:05 INF] 【直播间】7184632 的第 24 个心跳包发送成功
[02:34:06 INF] 【直播间】23447660 的第 24 个心跳包发送成功
[02:34:07 INF] 【直播间】929670 的第 24 个心跳包发送成功
[02:34:08 INF] 【直播间】22764265 的第 24 个心跳包发送成功
[02:35:01 INF] 【直播间】23357926 的第 25 个心跳包发送成功
[02:35:02 INF] 【直播间】23040372 的第 25 个心跳包发送成功
[02:35:04 INF] 【直播间】31494 的第 25 个心跳包发送成功
[02:35:05 INF] 【直播间】4015781 的第 25 个心跳包发送成功
[02:35:06 INF] 【直播间】9619073 的第 25 个心跳包发送成功
[02:35:07 INF] 【直播间】407149 的第 25 个心跳包发送成功
[02:35:08 INF] 【直播间】11732699 的第 25 个心跳包发送成功
[02:35:10 INF] 【直播间】91164 的第 25 个心跳包发送成功
[02:35:11 INF] 【直播间】7184632 的第 25 个心跳包发送成功
[02:35:12 INF] 【直播间】23447660 的第 25 个心跳包发送成功
[02:35:14 INF] 【直播间】929670 的第 25 个心跳包发送成功
[02:35:15 INF] 【直播间】22764265 的第 25 个心跳包发送成功
[02:36:07 INF] 【直播间】23357926 的第 26 个心跳包发送成功
[02:36:09 INF] 【直播间】23040372 的第 26 个心跳包发送成功
[02:36:10 INF] 【直播间】31494 的第 26 个心跳包发送成功
[02:36:11 INF] 【直播间】4015781 的第 26 个心跳包发送成功
[02:36:12 INF] 【直播间】9619073 的第 26 个心跳包发送成功
[02:36:14 INF] 【直播间】407149 的第 26 个心跳包发送成功
[02:36:15 INF] 【直播间】11732699 的第 26 个心跳包发送成功
[02:36:16 INF] 【直播间】91164 的第 26 个心跳包发送成功
[02:36:17 INF] 【直播间】7184632 的第 26 个心跳包发送成功
[02:36:19 INF] 【直播间】23447660 的第 26 个心跳包发送成功
[02:36:20 INF] 【直播间】929670 的第 26 个心跳包发送成功
[02:36:21 INF] 【直播间】22764265 的第 26 个心跳包发送成功
[02:37:14 INF] 【直播间】23357926 的第 27 个心跳包发送成功
[02:37:15 INF] 【直播间】23040372 的第 27 个心跳包发送成功
[02:37:17 INF] 【直播间】31494 的第 27 个心跳包发送成功
[02:37:18 INF] 【直播间】4015781 的第 27 个心跳包发送成功
[02:37:19 INF] 【直播间】9619073 的第 27 个心跳包发送成功
[02:37:21 INF] 【直播间】407149 的第 27 个心跳包发送成功
[02:37:22 INF] 【直播间】11732699 的第 27 个心跳包发送成功
[02:37:23 INF] 【直播间】91164 的第 27 个心跳包发送成功
[02:37:24 INF] 【直播间】7184632 的第 27 个心跳包发送成功
[02:37:26 INF] 【直播间】23447660 的第 27 个心跳包发送成功
[02:37:27 INF] 【直播间】929670 的第 27 个心跳包发送成功
[02:37:28 INF] 【直播间】22764265 的第 27 个心跳包发送成功
[02:38:21 ERR] 【心跳包】直播间 23357926 发送失败
[02:38:21 ERR] 【原因】time check failed
[02:38:22 ERR] 【心跳包】直播间 23040372 发送失败
[02:38:22 ERR] 【原因】time check failed
[02:38:23 ERR] 【心跳包】直播间 31494 发送失败
[02:38:23 ERR] 【原因】time check failed
[02:38:24 ERR] 【心跳包】直播间 4015781 发送失败
[02:38:24 ERR] 【原因】time check failed
[02:38:26 ERR] 【心跳包】直播间 9619073 发送失败
[02:38:26 ERR] 【原因】time check failed
[02:38:27 ERR] 【心跳包】直播间 407149 发送失败
[02:38:27 ERR] 【原因】time check failed
[02:38:28 ERR] 【心跳包】直播间 11732699 发送失败
[02:38:28 ERR] 【原因】time check failed
[02:38:29 ERR] 【心跳包】直播间 91164 发送失败
[02:38:29 ERR] 【原因】time check failed
[02:38:31 ERR] 【心跳包】直播间 7184632 发送失败
[02:38:31 ERR] 【原因】time check failed
[02:38:32 ERR] 【心跳包】直播间 23447660 发送失败
[02:38:32 ERR] 【原因】time check failed
[02:38:33 ERR] 【心跳包】直播间 929670 发送失败
[02:38:33 ERR] 【原因】time check failed
[02:38:34 ERR] 【心跳包】直播间 22764265 发送失败
[02:38:34 ERR] 【原因】time check failed
[02:39:27 INF] 【直播间】23357926 的第 28 个心跳包发送成功
[02:39:28 INF] 【直播间】23040372 的第 28 个心跳包发送成功
[02:39:30 INF] 【直播间】31494 的第 28 个心跳包发送成功
[02:39:31 INF] 【直播间】4015781 的第 28 个心跳包发送成功
[02:39:32 INF] 【直播间】9619073 的第 28 个心跳包发送成功
[02:39:33 INF] 【直播间】407149 的第 28 个心跳包发送成功
[02:39:35 INF] 【直播间】11732699 的第 28 个心跳包发送成功
[02:39:36 INF] 【直播间】91164 的第 28 个心跳包发送成功
[02:39:37 INF] 【直播间】7184632 的第 28 个心跳包发送成功
[02:39:39 INF] 【直播间】23447660 的第 28 个心跳包发送成功
[02:39:40 INF] 【直播间】929670 的第 28 个心跳包发送成功
[02:39:41 INF] 【直播间】22764265 的第 28 个心跳包发送成功
[02:40:34 INF] 【直播间】23357926 的第 29 个心跳包发送成功
[02:40:35 INF] 【直播间】23040372 的第 29 个心跳包发送成功
[02:40:36 INF] 【直播间】31494 的第 29 个心跳包发送成功
[02:40:38 INF] 【直播间】4015781 的第 29 个心跳包发送成功
[02:40:39 INF] 【直播间】9619073 的第 29 个心跳包发送成功
[02:40:40 INF] 【直播间】407149 的第 29 个心跳包发送成功
[02:40:41 INF] 【直播间】11732699 的第 29 个心跳包发送成功
[02:40:43 INF] 【直播间】91164 的第 29 个心跳包发送成功
[02:40:44 INF] 【直播间】7184632 的第 29 个心跳包发送成功
[02:40:45 INF] 【直播间】23447660 的第 29 个心跳包发送成功
[02:40:46 INF] 【直播间】929670 的第 29 个心跳包发送成功
[02:40:47 INF] 【直播间】22764265 的第 29 个心跳包发送成功
[02:41:40 INF] 【直播间】23357926 的第 30 个心跳包发送成功
[02:41:42 INF] 【直播间】23040372 的第 30 个心跳包发送成功
[02:41:43 INF] 【直播间】31494 的第 30 个心跳包发送成功
[02:41:44 INF] 【直播间】4015781 的第 30 个心跳包发送成功
[02:41:45 INF] 【直播间】9619073 的第 30 个心跳包发送成功
[02:41:47 INF] 【直播间】407149 的第 30 个心跳包发送成功
[02:41:48 INF] 【直播间】11732699 的第 30 个心跳包发送成功
[02:41:49 INF] 【直播间】91164 的第 30 个心跳包发送成功
[02:41:50 INF] 【直播间】7184632 的第 30 个心跳包发送成功
[02:41:52 INF] 【直播间】23447660 的第 30 个心跳包发送成功
[02:41:53 INF] 【直播间】929670 的第 30 个心跳包发送成功
[02:41:54 INF] 【直播间】22764265 的第 30 个心跳包发送成功
[02:42:47 INF] 【直播间】23357926 的第 31 个心跳包发送成功
[02:42:48 INF] 【直播间】23040372 的第 31 个心跳包发送成功
[02:42:49 INF] 【直播间】31494 的第 31 个心跳包发送成功
[02:42:50 INF] 【直播间】4015781 的第 31 个心跳包发送成功
[02:42:52 INF] 【直播间】9619073 的第 31 个心跳包发送成功
[02:42:53 INF] 【直播间】407149 的第 31 个心跳包发送成功
[02:42:54 INF] 【直播间】11732699 的第 31 个心跳包发送成功
[02:42:56 INF] 【直播间】91164 的第 31 个心跳包发送成功
[02:42:57 INF] 【直播间】7184632 的第 31 个心跳包发送成功
[02:42:58 INF] 【直播间】23447660 的第 31 个心跳包发送成功
[02:42:59 INF] 【直播间】929670 的第 31 个心跳包发送成功
[02:43:01 INF] 【直播间】22764265 的第 31 个心跳包发送成功
[02:43:53 INF] 【直播间】23357926 的第 32 个心跳包发送成功
[02:43:54 INF] 【直播间】23040372 的第 32 个心跳包发送成功
[02:43:56 INF] 【直播间】31494 的第 32 个心跳包发送成功
[02:43:57 INF] 【直播间】4015781 的第 32 个心跳包发送成功
[02:43:58 INF] 【直播间】9619073 的第 32 个心跳包发送成功
[02:43:59 INF] 【直播间】407149 的第 32 个心跳包发送成功
[02:44:01 INF] 【直播间】11732699 的第 32 个心跳包发送成功
[02:44:02 INF] 【直播间】91164 的第 32 个心跳包发送成功
[02:44:03 INF] 【直播间】7184632 的第 32 个心跳包发送成功
[02:44:05 INF] 【直播间】23447660 的第 32 个心跳包发送成功
[02:44:06 INF] 【直播间】929670 的第 32 个心跳包发送成功
[02:44:07 INF] 【直播间】22764265 的第 32 个心跳包发送成功
[02:45:00 INF] 【直播间】23357926 的第 33 个心跳包发送成功
[02:45:01 INF] 【直播间】23040372 的第 33 个心跳包发送成功
[02:45:02 INF] 【直播间】31494 的第 33 个心跳包发送成功
[02:45:03 INF] 【直播间】4015781 的第 33 个心跳包发送成功
[02:45:05 INF] 【直播间】9619073 的第 33 个心跳包发送成功
[02:45:06 INF] 【直播间】407149 的第 33 个心跳包发送成功
[02:45:07 INF] 【直播间】11732699 的第 33 个心跳包发送成功
[02:45:09 INF] 【直播间】91164 的第 33 个心跳包发送成功
[02:45:10 INF] 【直播间】7184632 的第 33 个心跳包发送成功
[02:45:11 INF] 【直播间】23447660 的第 33 个心跳包发送成功
[02:45:12 INF] 【直播间】929670 的第 33 个心跳包发送成功
[02:45:13 INF] 【直播间】22764265 的第 33 个心跳包发送成功
[02:46:06 INF] 【直播间】23357926 的第 34 个心跳包发送成功
[02:46:08 INF] 【直播间】23040372 的第 34 个心跳包发送成功
[02:46:09 INF] 【直播间】31494 的第 34 个心跳包发送成功
[02:46:10 INF] 【直播间】4015781 的第 34 个心跳包发送成功
[02:46:11 INF] 【直播间】9619073 的第 34 个心跳包发送成功
[02:46:12 INF] 【直播间】407149 的第 34 个心跳包发送成功
[02:46:14 INF] 【直播间】11732699 的第 34 个心跳包发送成功
[02:46:15 INF] 【直播间】91164 的第 34 个心跳包发送成功
[02:46:16 INF] 【直播间】7184632 的第 34 个心跳包发送成功
[02:46:17 INF] 【直播间】23447660 的第 34 个心跳包发送成功
[02:46:19 INF] 【直播间】929670 的第 34 个心跳包发送成功
[02:46:20 INF] 【直播间】22764265 的第 34 个心跳包发送成功
[02:47:13 INF] 【直播间】23357926 的第 35 个心跳包发送成功
[02:47:14 INF] 【直播间】23040372 的第 35 个心跳包发送成功
[02:47:15 INF] 【直播间】31494 的第 35 个心跳包发送成功
[02:47:17 INF] 【直播间】4015781 的第 35 个心跳包发送成功
[02:47:18 INF] 【直播间】9619073 的第 35 个心跳包发送成功
[02:47:19 INF] 【直播间】407149 的第 35 个心跳包发送成功
[02:47:20 INF] 【直播间】11732699 的第 35 个心跳包发送成功
[02:47:22 INF] 【直播间】91164 的第 35 个心跳包发送成功
[02:47:23 INF] 【直播间】7184632 的第 35 个心跳包发送成功
[02:47:24 INF] 【直播间】23447660 的第 35 个心跳包发送成功
[02:47:25 INF] 【直播间】929670 的第 35 个心跳包发送成功
[02:47:27 INF] 【直播间】22764265 的第 35 个心跳包发送成功
[02:48:19 INF] 【直播间】23357926 的第 36 个心跳包发送成功
[02:48:21 INF] 【直播间】23040372 的第 36 个心跳包发送成功
[02:48:22 INF] 【直播间】31494 的第 36 个心跳包发送成功
[02:48:23 INF] 【直播间】4015781 的第 36 个心跳包发送成功
[02:48:24 INF] 【直播间】9619073 的第 36 个心跳包发送成功
[02:48:26 INF] 【直播间】407149 的第 36 个心跳包发送成功
[02:48:27 INF] 【直播间】11732699 的第 36 个心跳包发送成功
[02:48:28 INF] 【直播间】91164 的第 36 个心跳包发送成功
[02:48:29 INF] 【直播间】7184632 的第 36 个心跳包发送成功
[02:48:31 INF] 【直播间】23447660 的第 36 个心跳包发送成功
[02:48:32 INF] 【直播间】929670 的第 36 个心跳包发送成功
[02:48:33 INF] 【直播间】22764265 的第 36 个心跳包发送成功
[02:49:26 INF] 【直播间】23357926 的第 37 个心跳包发送成功
[02:49:27 INF] 【直播间】23040372 的第 37 个心跳包发送成功
[02:49:28 INF] 【直播间】31494 的第 37 个心跳包发送成功
[02:49:30 INF] 【直播间】4015781 的第 37 个心跳包发送成功
[02:49:31 INF] 【直播间】9619073 的第 37 个心跳包发送成功
[02:49:32 INF] 【直播间】407149 的第 37 个心跳包发送成功
[02:49:33 INF] 【直播间】11732699 的第 37 个心跳包发送成功
[02:49:35 INF] 【直播间】91164 的第 37 个心跳包发送成功
[02:49:36 INF] 【直播间】7184632 的第 37 个心跳包发送成功
[02:49:37 INF] 【直播间】23447660 的第 37 个心跳包发送成功
[02:49:38 INF] 【直播间】929670 的第 37 个心跳包发送成功
[02:49:40 INF] 【直播间】22764265 的第 37 个心跳包发送成功
[02:50:32 INF] 【直播间】23357926 的第 38 个心跳包发送成功
[02:50:34 INF] 【直播间】23040372 的第 38 个心跳包发送成功
[02:50:35 INF] 【直播间】31494 的第 38 个心跳包发送成功
[02:50:36 INF] 【直播间】4015781 的第 38 个心跳包发送成功
[02:50:37 INF] 【直播间】9619073 的第 38 个心跳包发送成功
[02:50:39 INF] 【直播间】407149 的第 38 个心跳包发送成功
[02:50:40 INF] 【直播间】11732699 的第 38 个心跳包发送成功
[02:50:41 INF] 【直播间】91164 的第 38 个心跳包发送成功
[02:50:42 INF] 【直播间】7184632 的第 38 个心跳包发送成功
[02:50:44 INF] 【直播间】23447660 的第 38 个心跳包发送成功
[02:50:45 INF] 【直播间】929670 的第 38 个心跳包发送成功
[02:50:46 INF] 【直播间】22764265 的第 38 个心跳包发送成功
[02:51:39 INF] 【直播间】23357926 的第 39 个心跳包发送成功
[02:51:40 INF] 【直播间】23040372 的第 39 个心跳包发送成功
[02:51:41 INF] 【直播间】31494 的第 39 个心跳包发送成功
[02:51:43 INF] 【直播间】4015781 的第 39 个心跳包发送成功
[02:51:44 INF] 【直播间】9619073 的第 39 个心跳包发送成功
[02:51:45 INF] 【直播间】407149 的第 39 个心跳包发送成功
[02:51:46 INF] 【直播间】11732699 的第 39 个心跳包发送成功
[02:51:48 INF] 【直播间】91164 的第 39 个心跳包发送成功
[02:51:49 INF] 【直播间】7184632 的第 39 个心跳包发送成功
[02:51:50 INF] 【直播间】23447660 的第 39 个心跳包发送成功
[02:51:51 INF] 【直播间】929670 的第 39 个心跳包发送成功
[02:51:53 INF] 【直播间】22764265 的第 39 个心跳包发送成功
[02:52:45 INF] 【直播间】23357926 的第 40 个心跳包发送成功
[02:52:47 INF] 【直播间】23040372 的第 40 个心跳包发送成功
[02:52:48 INF] 【直播间】31494 的第 40 个心跳包发送成功
[02:52:49 INF] 【直播间】4015781 的第 40 个心跳包发送成功
[02:52:50 INF] 【直播间】9619073 的第 40 个心跳包发送成功
[02:52:52 INF] 【直播间】407149 的第 40 个心跳包发送成功
[02:52:53 INF] 【直播间】11732699 的第 40 个心跳包发送成功
[02:52:54 INF] 【直播间】91164 的第 40 个心跳包发送成功
[02:52:56 INF] 【直播间】7184632 的第 40 个心跳包发送成功
[02:52:57 INF] 【直播间】23447660 的第 40 个心跳包发送成功
[02:52:58 INF] 【直播间】929670 的第 40 个心跳包发送成功
[02:52:59 INF] 【直播间】22764265 的第 40 个心跳包发送成功
[02:53:52 ERR] 【心跳包】直播间 23357926 发送失败
[02:53:52 ERR] 【原因】time check failed
[02:53:53 ERR] 【心跳包】直播间 23040372 发送失败
[02:53:53 ERR] 【原因】time check failed
[02:53:54 ERR] 【心跳包】直播间 31494 发送失败
[02:53:54 ERR] 【原因】time check failed
[02:53:56 ERR] 【心跳包】直播间 4015781 发送失败
[02:53:56 ERR] 【原因】time check failed
[02:53:57 ERR] 【心跳包】直播间 9619073 发送失败
[02:53:57 ERR] 【原因】time check failed
[02:53:58 ERR] 【心跳包】直播间 407149 发送失败
[02:53:58 ERR] 【原因】time check failed
[02:53:59 ERR] 【心跳包】直播间 11732699 发送失败
[02:53:59 ERR] 【原因】time check failed
[02:54:01 ERR] 【心跳包】直播间 91164 发送失败
[02:54:01 ERR] 【原因】time check failed
[02:54:02 ERR] 【心跳包】直播间 7184632 发送失败
[02:54:02 ERR] 【原因】time check failed
[02:54:03 ERR] 【心跳包】直播间 23447660 发送失败
[02:54:03 ERR] 【原因】time check failed
[02:54:04 ERR] 【心跳包】直播间 929670 发送失败
[02:54:04 ERR] 【原因】time check failed
[02:54:06 ERR] 【心跳包】直播间 22764265 发送失败
[02:54:06 ERR] 【原因】time check failed
[02:54:59 INF] 【直播间】23357926 的第 41 个心跳包发送成功
[02:55:00 INF] 【直播间】23040372 的第 41 个心跳包发送成功
[02:55:01 INF] 【直播间】31494 的第 41 个心跳包发送成功
[02:55:02 INF] 【直播间】4015781 的第 41 个心跳包发送成功
[02:55:04 INF] 【直播间】9619073 的第 41 个心跳包发送成功
[02:55:05 INF] 【直播间】407149 的第 41 个心跳包发送成功
[02:55:06 INF] 【直播间】11732699 的第 41 个心跳包发送成功
[02:55:07 INF] 【直播间】91164 的第 41 个心跳包发送成功
[02:55:09 INF] 【直播间】7184632 的第 41 个心跳包发送成功
[02:55:10 INF] 【直播间】23447660 的第 41 个心跳包发送成功
[02:55:11 INF] 【直播间】929670 的第 41 个心跳包发送成功
[02:55:12 INF] 【直播间】22764265 的第 41 个心跳包发送成功
[02:56:05 INF] 【直播间】23357926 的第 42 个心跳包发送成功
[02:56:06 INF] 【直播间】23040372 的第 42 个心跳包发送成功
[02:56:08 INF] 【直播间】31494 的第 42 个心跳包发送成功
[02:56:09 INF] 【直播间】4015781 的第 42 个心跳包发送成功
[02:56:10 INF] 【直播间】9619073 的第 42 个心跳包发送成功
[02:56:11 INF] 【直播间】407149 的第 42 个心跳包发送成功
[02:56:13 INF] 【直播间】11732699 的第 42 个心跳包发送成功
[02:56:14 INF] 【直播间】91164 的第 42 个心跳包发送成功
[02:56:15 INF] 【直播间】7184632 的第 42 个心跳包发送成功
[02:56:16 INF] 【直播间】23447660 的第 42 个心跳包发送成功
[02:56:17 INF] 【直播间】929670 的第 42 个心跳包发送成功
[02:56:19 INF] 【直播间】22764265 的第 42 个心跳包发送成功
[02:57:12 INF] 【直播间】23357926 的第 43 个心跳包发送成功
[02:57:13 INF] 【直播间】23040372 的第 43 个心跳包发送成功
[02:57:14 INF] 【直播间】31494 的第 43 个心跳包发送成功
[02:57:15 INF] 【直播间】4015781 的第 43 个心跳包发送成功
[02:57:17 INF] 【直播间】9619073 的第 43 个心跳包发送成功
[02:57:18 INF] 【直播间】407149 的第 43 个心跳包发送成功
[02:57:19 INF] 【直播间】11732699 的第 43 个心跳包发送成功
[02:57:20 INF] 【直播间】91164 的第 43 个心跳包发送成功
[02:57:22 INF] 【直播间】7184632 的第 43 个心跳包发送成功
[02:57:23 INF] 【直播间】23447660 的第 43 个心跳包发送成功
[02:57:24 INF] 【直播间】929670 的第 43 个心跳包发送成功
[02:57:25 INF] 【直播间】22764265 的第 43 个心跳包发送成功
[02:58:18 INF] 【直播间】23357926 的第 44 个心跳包发送成功
[02:58:19 INF] 【直播间】23040372 的第 44 个心跳包发送成功
[02:58:21 INF] 【直播间】31494 的第 44 个心跳包发送成功
[02:58:22 INF] 【直播间】4015781 的第 44 个心跳包发送成功
[02:58:23 INF] 【直播间】9619073 的第 44 个心跳包发送成功
[02:58:24 INF] 【直播间】407149 的第 44 个心跳包发送成功
[02:58:26 INF] 【直播间】11732699 的第 44 个心跳包发送成功
[02:58:27 INF] 【直播间】91164 的第 44 个心跳包发送成功
[02:58:28 INF] 【直播间】7184632 的第 44 个心跳包发送成功
[02:58:29 INF] 【直播间】23447660 的第 44 个心跳包发送成功
[02:58:30 INF] 【直播间】929670 的第 44 个心跳包发送成功
[02:58:32 INF] 【直播间】22764265 的第 44 个心跳包发送成功
[02:59:25 INF] 【直播间】23357926 的第 45 个心跳包发送成功
[02:59:26 INF] 【直播间】23040372 的第 45 个心跳包发送成功
[02:59:27 INF] 【直播间】31494 的第 45 个心跳包发送成功
[02:59:29 INF] 【直播间】4015781 的第 45 个心跳包发送成功
[02:59:30 INF] 【直播间】9619073 的第 45 个心跳包发送成功
[02:59:31 INF] 【直播间】407149 的第 45 个心跳包发送成功
[02:59:32 INF] 【直播间】11732699 的第 45 个心跳包发送成功
[02:59:34 INF] 【直播间】91164 的第 45 个心跳包发送成功
[02:59:35 INF] 【直播间】7184632 的第 45 个心跳包发送成功
[02:59:36 INF] 【直播间】23447660 的第 45 个心跳包发送成功
[02:59:37 INF] 【直播间】929670 的第 45 个心跳包发送成功
[02:59:38 INF] 【直播间】22764265 的第 45 个心跳包发送成功
[03:00:32 INF] 【直播间】23357926 的第 46 个心跳包发送成功
[03:00:33 INF] 【直播间】23040372 的第 46 个心跳包发送成功
[03:00:34 INF] 【直播间】31494 的第 46 个心跳包发送成功
[03:00:35 INF] 【直播间】4015781 的第 46 个心跳包发送成功
[03:00:36 INF] 【直播间】9619073 的第 46 个心跳包发送成功
[03:00:38 INF] 【直播间】407149 的第 46 个心跳包发送成功
[03:00:39 INF] 【直播间】11732699 的第 46 个心跳包发送成功
[03:00:40 INF] 【直播间】91164 的第 46 个心跳包发送成功
[03:00:41 INF] 【直播间】7184632 的第 46 个心跳包发送成功
[03:00:43 INF] 【直播间】23447660 的第 46 个心跳包发送成功
[03:00:44 INF] 【直播间】929670 的第 46 个心跳包发送成功
[03:00:45 INF] 【直播间】22764265 的第 46 个心跳包发送成功
[03:01:38 INF] 【直播间】23357926 的第 47 个心跳包发送成功
[03:01:39 INF] 【直播间】23040372 的第 47 个心跳包发送成功
[03:01:41 INF] 【直播间】31494 的第 47 个心跳包发送成功
[03:01:42 INF] 【直播间】4015781 的第 47 个心跳包发送成功
[03:01:43 INF] 【直播间】9619073 的第 47 个心跳包发送成功
[03:01:45 INF] 【直播间】407149 的第 47 个心跳包发送成功
[03:01:46 INF] 【直播间】11732699 的第 47 个心跳包发送成功
[03:01:47 INF] 【直播间】91164 的第 47 个心跳包发送成功
[03:01:49 INF] 【直播间】7184632 的第 47 个心跳包发送成功
[03:01:50 INF] 【直播间】23447660 的第 47 个心跳包发送成功
[03:01:51 INF] 【直播间】929670 的第 47 个心跳包发送成功
[03:01:52 INF] 【直播间】22764265 的第 47 个心跳包发送成功
[03:02:45 INF] 【直播间】23357926 的第 48 个心跳包发送成功
[03:02:46 INF] 【直播间】23040372 的第 48 个心跳包发送成功
[03:02:47 INF] 【直播间】31494 的第 48 个心跳包发送成功
[03:02:48 INF] 【直播间】4015781 的第 48 个心跳包发送成功
[03:02:49 INF] 【直播间】9619073 的第 48 个心跳包发送成功
[03:02:51 INF] 【直播间】407149 的第 48 个心跳包发送成功
[03:02:52 INF] 【直播间】11732699 的第 48 个心跳包发送成功
[03:02:54 INF] 【直播间】91164 的第 48 个心跳包发送成功
[03:02:55 INF] 【直播间】7184632 的第 48 个心跳包发送成功
[03:02:56 INF] 【直播间】23447660 的第 48 个心跳包发送成功
[03:02:57 INF] 【直播间】929670 的第 48 个心跳包发送成功
[03:02:58 INF] 【直播间】22764265 的第 48 个心跳包发送成功
[03:03:51 INF] 【直播间】23357926 的第 49 个心跳包发送成功
[03:03:52 INF] 【直播间】23040372 的第 49 个心跳包发送成功
[03:03:54 INF] 【直播间】31494 的第 49 个心跳包发送成功
[03:03:55 INF] 【直播间】4015781 的第 49 个心跳包发送成功
[03:03:56 INF] 【直播间】9619073 的第 49 个心跳包发送成功
[03:03:57 INF] 【直播间】407149 的第 49 个心跳包发送成功
[03:03:59 INF] 【直播间】11732699 的第 49 个心跳包发送成功
[03:04:00 INF] 【直播间】91164 的第 49 个心跳包发送成功
[03:04:01 INF] 【直播间】7184632 的第 49 个心跳包发送成功
[03:04:02 INF] 【直播间】23447660 的第 49 个心跳包发送成功
[03:04:04 INF] 【直播间】929670 的第 49 个心跳包发送成功
[03:04:05 INF] 【直播间】22764265 的第 49 个心跳包发送成功
[03:04:58 INF] 【直播间】23357926 的第 50 个心跳包发送成功
[03:04:59 INF] 【直播间】23040372 的第 50 个心跳包发送成功
[03:05:00 INF] 【直播间】31494 的第 50 个心跳包发送成功
[03:05:01 INF] 【直播间】4015781 的第 50 个心跳包发送成功
[03:05:03 INF] 【直播间】9619073 的第 50 个心跳包发送成功
[03:05:04 INF] 【直播间】407149 的第 50 个心跳包发送成功
[03:05:05 INF] 【直播间】11732699 的第 50 个心跳包发送成功
[03:05:07 INF] 【直播间】91164 的第 50 个心跳包发送成功
[03:05:08 INF] 【直播间】7184632 的第 50 个心跳包发送成功
[03:05:09 INF] 【直播间】23447660 的第 50 个心跳包发送成功
[03:05:10 INF] 【直播间】929670 的第 50 个心跳包发送成功
[03:05:12 INF] 【直播间】22764265 的第 50 个心跳包发送成功
[03:06:04 INF] 【直播间】23357926 的第 51 个心跳包发送成功
[03:06:05 INF] 【直播间】23040372 的第 51 个心跳包发送成功
[03:06:07 INF] 【直播间】31494 的第 51 个心跳包发送成功
[03:06:08 INF] 【直播间】4015781 的第 51 个心跳包发送成功
[03:06:09 INF] 【直播间】9619073 的第 51 个心跳包发送成功
[03:06:10 INF] 【直播间】407149 的第 51 个心跳包发送成功
[03:06:12 INF] 【直播间】11732699 的第 51 个心跳包发送成功
[03:06:13 INF] 【直播间】91164 的第 51 个心跳包发送成功
[03:06:14 INF] 【直播间】7184632 的第 51 个心跳包发送成功
[03:06:15 INF] 【直播间】23447660 的第 51 个心跳包发送成功
[03:06:17 INF] 【直播间】929670 的第 51 个心跳包发送成功
[03:06:18 INF] 【直播间】22764265 的第 51 个心跳包发送成功
[03:07:11 INF] 【直播间】23357926 的第 52 个心跳包发送成功
[03:07:12 INF] 【直播间】23040372 的第 52 个心跳包发送成功
[03:07:13 INF] 【直播间】31494 的第 52 个心跳包发送成功
[03:07:14 INF] 【直播间】4015781 的第 52 个心跳包发送成功
[03:07:16 INF] 【直播间】9619073 的第 52 个心跳包发送成功
[03:07:17 INF] 【直播间】407149 的第 52 个心跳包发送成功
[03:07:18 INF] 【直播间】11732699 的第 52 个心跳包发送成功
[03:07:19 INF] 【直播间】91164 的第 52 个心跳包发送成功
[03:07:21 INF] 【直播间】7184632 的第 52 个心跳包发送成功
[03:07:22 INF] 【直播间】23447660 的第 52 个心跳包发送成功
[03:07:23 INF] 【直播间】929670 的第 52 个心跳包发送成功
[03:07:24 INF] 【直播间】22764265 的第 52 个心跳包发送成功
[03:08:17 INF] 【直播间】23357926 的第 53 个心跳包发送成功
[03:08:18 INF] 【直播间】23040372 的第 53 个心跳包发送成功
[03:08:20 INF] 【直播间】31494 的第 53 个心跳包发送成功
[03:08:21 INF] 【直播间】4015781 的第 53 个心跳包发送成功
[03:08:22 INF] 【直播间】9619073 的第 53 个心跳包发送成功
[03:08:24 INF] 【直播间】407149 的第 53 个心跳包发送成功
[03:08:25 INF] 【直播间】11732699 的第 53 个心跳包发送成功
[03:08:26 INF] 【直播间】91164 的第 53 个心跳包发送成功
[03:08:27 INF] 【直播间】7184632 的第 53 个心跳包发送成功
[03:08:29 INF] 【直播间】23447660 的第 53 个心跳包发送成功
[03:08:30 INF] 【直播间】929670 的第 53 个心跳包发送成功
[03:08:31 INF] 【直播间】22764265 的第 53 个心跳包发送成功
[03:09:24 ERR] 【心跳包】直播间 23357926 发送失败
[03:09:24 ERR] 【原因】time check failed
[03:09:25 ERR] 【心跳包】直播间 23040372 发送失败
[03:09:25 ERR] 【原因】time check failed
[03:09:26 ERR] 【心跳包】直播间 31494 发送失败
[03:09:26 ERR] 【原因】time check failed
[03:09:27 ERR] 【心跳包】直播间 4015781 发送失败
[03:09:27 ERR] 【原因】time check failed
[03:09:29 ERR] 【心跳包】直播间 9619073 发送失败
[03:09:29 ERR] 【原因】time check failed
[03:09:30 ERR] 【心跳包】直播间 407149 发送失败
[03:09:30 ERR] 【原因】time check failed
[03:09:31 ERR] 【心跳包】直播间 11732699 发送失败
[03:09:31 ERR] 【原因】time check failed
[03:09:33 ERR] 【心跳包】直播间 91164 发送失败
[03:09:33 ERR] 【原因】time check failed
[03:09:34 ERR] 【心跳包】直播间 7184632 发送失败
[03:09:34 ERR] 【原因】time check failed
[03:09:35 ERR] 【心跳包】直播间 23447660 发送失败
[03:09:35 ERR] 【原因】time check failed
[03:09:36 ERR] 【心跳包】直播间 929670 发送失败
[03:09:36 ERR] 【原因】time check failed
[03:09:37 ERR] 【心跳包】直播间 22764265 发送失败
[03:09:37 ERR] 【原因】time check failed
[03:10:31 INF] 【直播间】23357926 的第 54 个心跳包发送成功
[03:10:32 INF] 【直播间】23040372 的第 54 个心跳包发送成功
[03:10:33 INF] 【直播间】31494 的第 54 个心跳包发送成功
[03:10:34 INF] 【直播间】4015781 的第 54 个心跳包发送成功
[03:10:36 INF] 【直播间】9619073 的第 54 个心跳包发送成功
[03:10:37 INF] 【直播间】407149 的第 54 个心跳包发送成功
[03:10:38 INF] 【直播间】11732699 的第 54 个心跳包发送成功
[03:10:39 INF] 【直播间】91164 的第 54 个心跳包发送成功
[03:10:41 INF] 【直播间】7184632 的第 54 个心跳包发送成功
[03:10:42 INF] 【直播间】23447660 的第 54 个心跳包发送成功
[03:10:43 INF] 【直播间】929670 的第 54 个心跳包发送成功
[03:10:44 INF] 【直播间】22764265 的第 54 个心跳包发送成功
[03:11:37 INF] 【直播间】23357926 的第 55 个心跳包发送成功
[03:11:38 INF] 【直播间】23040372 的第 55 个心跳包发送成功
[03:11:40 INF] 【直播间】31494 的第 55 个心跳包发送成功
[03:11:41 INF] 【直播间】4015781 的第 55 个心跳包发送成功
[03:11:42 INF] 【直播间】9619073 的第 55 个心跳包发送成功
[03:11:43 INF] 【直播间】407149 的第 55 个心跳包发送成功
[03:11:45 INF] 【直播间】11732699 的第 55 个心跳包发送成功
[03:11:46 INF] 【直播间】91164 的第 55 个心跳包发送成功
[03:11:47 INF] 【直播间】7184632 的第 55 个心跳包发送成功
[03:11:48 INF] 【直播间】23447660 的第 55 个心跳包发送成功
[03:11:50 INF] 【直播间】929670 的第 55 个心跳包发送成功
[03:11:51 INF] 【直播间】22764265 的第 55 个心跳包发送成功
[03:12:44 INF] 【直播间】23357926 的第 56 个心跳包发送成功
[03:12:45 INF] 【直播间】23040372 的第 56 个心跳包发送成功
[03:12:46 INF] 【直播间】31494 的第 56 个心跳包发送成功
[03:12:47 INF] 【直播间】4015781 的第 56 个心跳包发送成功
[03:12:49 INF] 【直播间】9619073 的第 56 个心跳包发送成功
[03:12:50 INF] 【直播间】407149 的第 56 个心跳包发送成功
[03:12:51 INF] 【直播间】11732699 的第 56 个心跳包发送成功
[03:12:52 INF] 【直播间】91164 的第 56 个心跳包发送成功
[03:12:54 INF] 【直播间】7184632 的第 56 个心跳包发送成功
[03:12:55 INF] 【直播间】23447660 的第 56 个心跳包发送成功
[03:12:56 INF] 【直播间】929670 的第 56 个心跳包发送成功
[03:12:57 INF] 【直播间】22764265 的第 56 个心跳包发送成功
[03:13:50 INF] 【直播间】23357926 的第 57 个心跳包发送成功
[03:13:52 INF] 【直播间】23040372 的第 57 个心跳包发送成功
[03:13:53 INF] 【直播间】31494 的第 57 个心跳包发送成功
[03:13:54 INF] 【直播间】4015781 的第 57 个心跳包发送成功
[03:13:55 INF] 【直播间】9619073 的第 57 个心跳包发送成功
[03:13:57 INF] 【直播间】407149 的第 57 个心跳包发送成功
[03:13:58 INF] 【直播间】11732699 的第 57 个心跳包发送成功
[03:13:59 INF] 【直播间】91164 的第 57 个心跳包发送成功
[03:14:00 INF] 【直播间】7184632 的第 57 个心跳包发送成功
[03:14:02 INF] 【直播间】23447660 的第 57 个心跳包发送成功
[03:14:03 INF] 【直播间】929670 的第 57 个心跳包发送成功
[03:14:04 INF] 【直播间】22764265 的第 57 个心跳包发送成功
[03:14:57 INF] 【直播间】23357926 的第 58 个心跳包发送成功
[03:14:58 INF] 【直播间】23040372 的第 58 个心跳包发送成功
[03:14:59 INF] 【直播间】31494 的第 58 个心跳包发送成功
[03:15:01 INF] 【直播间】4015781 的第 58 个心跳包发送成功
[03:15:02 INF] 【直播间】9619073 的第 58 个心跳包发送成功
[03:15:03 INF] 【直播间】407149 的第 58 个心跳包发送成功
[03:15:04 INF] 【直播间】11732699 的第 58 个心跳包发送成功
[03:15:06 INF] 【直播间】91164 的第 58 个心跳包发送成功
[03:15:07 INF] 【直播间】7184632 的第 58 个心跳包发送成功
[03:15:08 INF] 【直播间】23447660 的第 58 个心跳包发送成功
[03:15:09 INF] 【直播间】929670 的第 58 个心跳包发送成功
[03:15:11 INF] 【直播间】22764265 的第 58 个心跳包发送成功
[03:16:04 INF] 【直播间】23357926 的第 59 个心跳包发送成功
[03:16:05 INF] 【直播间】23040372 的第 59 个心跳包发送成功
[03:16:06 INF] 【直播间】31494 的第 59 个心跳包发送成功
[03:16:07 INF] 【直播间】4015781 的第 59 个心跳包发送成功
[03:16:09 INF] 【直播间】9619073 的第 59 个心跳包发送成功
[03:16:10 INF] 【直播间】407149 的第 59 个心跳包发送成功
[03:16:11 INF] 【直播间】11732699 的第 59 个心跳包发送成功
[03:16:12 INF] 【直播间】91164 的第 59 个心跳包发送成功
[03:16:14 INF] 【直播间】7184632 的第 59 个心跳包发送成功
[03:16:15 INF] 【直播间】23447660 的第 59 个心跳包发送成功
[03:16:16 INF] 【直播间】929670 的第 59 个心跳包发送成功
[03:16:17 INF] 【直播间】22764265 的第 59 个心跳包发送成功
[03:17:10 INF] 【直播间】23357926 的第 60 个心跳包发送成功
[03:17:11 INF] 【直播间】23040372 的第 60 个心跳包发送成功
[03:17:13 INF] 【直播间】31494 的第 60 个心跳包发送成功
[03:17:14 INF] 【直播间】4015781 的第 60 个心跳包发送成功
[03:17:15 INF] 【直播间】9619073 的第 60 个心跳包发送成功
[03:17:16 INF] 【直播间】407149 的第 60 个心跳包发送成功
[03:17:17 INF] 【直播间】11732699 的第 60 个心跳包发送成功
[03:17:19 INF] 【直播间】91164 的第 60 个心跳包发送成功
[03:17:20 INF] 【直播间】7184632 的第 60 个心跳包发送成功
[03:17:21 INF] 【直播间】23447660 的第 60 个心跳包发送成功
[03:17:22 INF] 【直播间】929670 的第 60 个心跳包发送成功
[03:17:24 INF] 【直播间】22764265 的第 60 个心跳包发送成功
[03:18:17 INF] 【直播间】23357926 的第 61 个心跳包发送成功
[03:18:18 INF] 【直播间】23040372 的第 61 个心跳包发送成功
[03:18:19 INF] 【直播间】31494 的第 61 个心跳包发送成功
[03:18:20 INF] 【直播间】4015781 的第 61 个心跳包发送成功
[03:18:21 INF] 【直播间】9619073 的第 61 个心跳包发送成功
[03:18:23 INF] 【直播间】407149 的第 61 个心跳包发送成功
[03:18:24 INF] 【直播间】11732699 的第 61 个心跳包发送成功
[03:18:25 INF] 【直播间】91164 的第 61 个心跳包发送成功
[03:18:26 INF] 【直播间】7184632 的第 61 个心跳包发送成功
[03:18:28 INF] 【直播间】23447660 的第 61 个心跳包发送成功
[03:18:29 INF] 【直播间】929670 的第 61 个心跳包发送成功
[03:18:30 INF] 【直播间】22764265 的第 61 个心跳包发送成功
[03:19:23 INF] 【直播间】23357926 的第 62 个心跳包发送成功
[03:19:24 INF] 【直播间】23040372 的第 62 个心跳包发送成功
[03:19:25 INF] 【直播间】31494 的第 62 个心跳包发送成功
[03:19:27 INF] 【直播间】4015781 的第 62 个心跳包发送成功
[03:19:28 INF] 【直播间】9619073 的第 62 个心跳包发送成功
[03:19:29 INF] 【直播间】407149 的第 62 个心跳包发送成功
[03:19:30 INF] 【直播间】11732699 的第 62 个心跳包发送成功
[03:19:32 INF] 【直播间】91164 的第 62 个心跳包发送成功
[03:19:33 INF] 【直播间】7184632 的第 62 个心跳包发送成功
[03:19:34 INF] 【直播间】23447660 的第 62 个心跳包发送成功
[03:19:35 INF] 【直播间】929670 的第 62 个心跳包发送成功
[03:19:37 INF] 【直播间】22764265 的第 62 个心跳包发送成功
[03:20:29 INF] 【直播间】23357926 的第 63 个心跳包发送成功
[03:20:31 INF] 【直播间】23040372 的第 63 个心跳包发送成功
[03:20:32 INF] 【直播间】31494 的第 63 个心跳包发送成功
[03:20:33 INF] 【直播间】4015781 的第 63 个心跳包发送成功
[03:20:34 INF] 【直播间】9619073 的第 63 个心跳包发送成功
[03:20:36 INF] 【直播间】407149 的第 63 个心跳包发送成功
[03:20:37 INF] 【直播间】11732699 的第 63 个心跳包发送成功
[03:20:38 INF] 【直播间】91164 的第 63 个心跳包发送成功
[03:20:39 INF] 【直播间】7184632 的第 63 个心跳包发送成功
[03:20:41 INF] 【直播间】23447660 的第 63 个心跳包发送成功
[03:20:42 INF] 【直播间】929670 的第 63 个心跳包发送成功
[03:20:43 INF] 【直播间】22764265 的第 63 个心跳包发送成功
[03:21:36 INF] 【直播间】23357926 的第 64 个心跳包发送成功
[03:21:38 INF] 【直播间】23040372 的第 64 个心跳包发送成功
[03:21:39 INF] 【直播间】31494 的第 64 个心跳包发送成功
[03:21:40 INF] 【直播间】4015781 的第 64 个心跳包发送成功
[03:21:41 INF] 【直播间】9619073 的第 64 个心跳包发送成功
[03:21:43 INF] 【直播间】407149 的第 64 个心跳包发送成功
[03:21:44 INF] 【直播间】11732699 的第 64 个心跳包发送成功
[03:21:45 INF] 【直播间】91164 的第 64 个心跳包发送成功
[03:21:46 INF] 【直播间】7184632 的第 64 个心跳包发送成功
[03:21:48 INF] 【直播间】23447660 的第 64 个心跳包发送成功
[03:21:49 INF] 【直播间】929670 的第 64 个心跳包发送成功
[03:21:50 INF] 【直播间】22764265 的第 64 个心跳包发送成功
[03:22:43 INF] 【直播间】23357926 的第 65 个心跳包发送成功
[03:22:44 INF] 【直播间】23040372 的第 65 个心跳包发送成功
[03:22:45 INF] 【直播间】31494 的第 65 个心跳包发送成功
[03:22:46 INF] 【直播间】4015781 的第 65 个心跳包发送成功
[03:22:48 INF] 【直播间】9619073 的第 65 个心跳包发送成功
[03:22:49 INF] 【直播间】407149 的第 65 个心跳包发送成功
[03:22:50 INF] 【直播间】11732699 的第 65 个心跳包发送成功
[03:22:51 INF] 【直播间】91164 的第 65 个心跳包发送成功
[03:22:53 INF] 【直播间】7184632 的第 65 个心跳包发送成功
[03:22:54 INF] 【直播间】23447660 的第 65 个心跳包发送成功
[03:22:55 INF] 【直播间】929670 的第 65 个心跳包发送成功
[03:22:56 INF] 【直播间】22764265 的第 65 个心跳包发送成功
[03:23:49 INF] 【直播间】23357926 的第 66 个心跳包发送成功
[03:23:50 INF] 【直播间】23040372 的第 66 个心跳包发送成功
[03:23:52 INF] 【直播间】31494 的第 66 个心跳包发送成功
[03:23:53 INF] 【直播间】4015781 的第 66 个心跳包发送成功
[03:23:54 INF] 【直播间】9619073 的第 66 个心跳包发送成功
[03:23:55 INF] 【直播间】407149 的第 66 个心跳包发送成功
[03:23:57 INF] 【直播间】11732699 的第 66 个心跳包发送成功
[03:23:58 INF] 【直播间】91164 的第 66 个心跳包发送成功
[03:23:59 INF] 【直播间】7184632 的第 66 个心跳包发送成功
[03:24:00 INF] 【直播间】23447660 的第 66 个心跳包发送成功
[03:24:01 INF] 【直播间】929670 的第 66 个心跳包发送成功
[03:24:03 INF] 【直播间】22764265 的第 66 个心跳包发送成功
[03:24:56 ERR] 【心跳包】直播间 23357926 发送失败
[03:24:56 ERR] 【原因】time check failed
[03:24:57 ERR] 【心跳包】直播间 23040372 发送失败
[03:24:57 ERR] 【原因】time check failed
[03:24:58 ERR] 【心跳包】直播间 31494 发送失败
[03:24:58 ERR] 【原因】time check failed
[03:25:00 ERR] 【心跳包】直播间 4015781 发送失败
[03:25:00 ERR] 【原因】time check failed
[03:25:01 ERR] 【心跳包】直播间 9619073 发送失败
[03:25:01 ERR] 【原因】time check failed
[03:25:02 ERR] 【心跳包】直播间 407149 发送失败
[03:25:02 ERR] 【原因】time check failed
[03:25:03 ERR] 【心跳包】直播间 11732699 发送失败
[03:25:03 ERR] 【原因】time check failed
[03:25:05 ERR] 【心跳包】直播间 91164 发送失败
[03:25:05 ERR] 【原因】time check failed
[03:25:06 ERR] 【心跳包】直播间 7184632 发送失败
[03:25:06 ERR] 【原因】time check failed
[03:25:07 ERR] 【心跳包】直播间 23447660 发送失败
[03:25:07 ERR] 【原因】time check failed
[03:25:09 ERR] 【心跳包】直播间 929670 发送失败
[03:25:09 ERR] 【原因】time check failed
[03:25:10 ERR] 【心跳包】直播间 22764265 发送失败
[03:25:10 ERR] 【原因】time check failed
[03:26:02 INF] 【直播间】23357926 的第 67 个心跳包发送成功
[03:26:04 INF] 【直播间】23040372 的第 67 个心跳包发送成功
[03:26:05 INF] 【直播间】31494 的第 67 个心跳包发送成功
[03:26:06 INF] 【直播间】4015781 的第 67 个心跳包发送成功
[03:26:07 INF] 【直播间】9619073 的第 67 个心跳包发送成功
[03:26:09 INF] 【直播间】407149 的第 67 个心跳包发送成功
[03:26:10 INF] 【直播间】11732699 的第 67 个心跳包发送成功
[03:26:11 INF] 【直播间】91164 的第 67 个心跳包发送成功
[03:26:12 INF] 【直播间】7184632 的第 67 个心跳包发送成功
[03:26:14 INF] 【直播间】23447660 的第 67 个心跳包发送成功
[03:26:15 INF] 【直播间】929670 的第 67 个心跳包发送成功
[03:26:16 INF] 【直播间】22764265 的第 67 个心跳包发送成功
[03:27:09 INF] 【直播间】23357926 的第 68 个心跳包发送成功
[03:27:11 INF] 【直播间】23040372 的第 68 个心跳包发送成功
[03:27:12 INF] 【直播间】31494 的第 68 个心跳包发送成功
[03:27:13 INF] 【直播间】4015781 的第 68 个心跳包发送成功
[03:27:14 INF] 【直播间】9619073 的第 68 个心跳包发送成功
[03:27:16 INF] 【直播间】407149 的第 68 个心跳包发送成功
[03:27:17 INF] 【直播间】11732699 的第 68 个心跳包发送成功
[03:27:18 INF] 【直播间】91164 的第 68 个心跳包发送成功
[03:27:19 INF] 【直播间】7184632 的第 68 个心跳包发送成功
[03:27:21 INF] 【直播间】23447660 的第 68 个心跳包发送成功
[03:27:22 INF] 【直播间】929670 的第 68 个心跳包发送成功
[03:27:23 INF] 【直播间】22764265 的第 68 个心跳包发送成功
[03:28:16 INF] 【直播间】23357926 的第 69 个心跳包发送成功
[03:28:17 INF] 【直播间】23040372 的第 69 个心跳包发送成功
[03:28:18 INF] 【直播间】31494 的第 69 个心跳包发送成功
[03:28:19 INF] 【直播间】4015781 的第 69 个心跳包发送成功
[03:28:21 INF] 【直播间】9619073 的第 69 个心跳包发送成功
[03:28:22 INF] 【直播间】407149 的第 69 个心跳包发送成功
[03:28:23 INF] 【直播间】11732699 的第 69 个心跳包发送成功
[03:28:24 INF] 【直播间】91164 的第 69 个心跳包发送成功
[03:28:26 INF] 【直播间】7184632 的第 69 个心跳包发送成功
[03:28:27 INF] 【直播间】23447660 的第 69 个心跳包发送成功
[03:28:28 INF] 【直播间】929670 的第 69 个心跳包发送成功
[03:28:30 INF] 【直播间】22764265 的第 69 个心跳包发送成功
[03:29:22 INF] 【直播间】23357926 的第 70 个心跳包发送成功
[03:29:23 INF] 【直播间】23040372 的第 70 个心跳包发送成功
[03:29:25 INF] 【直播间】31494 的第 70 个心跳包发送成功
[03:29:26 INF] 【直播间】4015781 的第 70 个心跳包发送成功
[03:29:27 INF] 【直播间】9619073 的第 70 个心跳包发送成功
[03:29:29 INF] 【直播间】407149 的第 70 个心跳包发送成功
[03:29:30 INF] 【直播间】11732699 的第 70 个心跳包发送成功
[03:29:31 INF] 【直播间】91164 的第 70 个心跳包发送成功
[03:29:32 INF] 【直播间】7184632 的第 70 个心跳包发送成功
[03:29:34 INF] 【直播间】23447660 的第 70 个心跳包发送成功
[03:29:35 INF] 【直播间】929670 的第 70 个心跳包发送成功
[03:29:36 INF] 【直播间】22764265 的第 70 个心跳包发送成功
[03:29:36 INF] 【直播观看时长】完成情况：12/12 
[03:29:36 INF] ---------结束---------

[03:29:36 INF] ==========结束==========

[03:29:36 INF] ######### 账号 3 #########

[03:29:36 INF] =====开始 直播间互动 =====

[03:29:36 INF] ---开始 发送弹幕 ---
[03:29:36 INF] 检测到直播 Cookie 未正确配置，尝试自动配置中...
[03:29:41 INF] 直播 Cookie 配置成功！
[03:29:41 INF] 【获取直播列表】获取拥有粉丝牌的直播列表
[03:29:46 ERR] 【获取直播列表】失败
[03:29:46 ERR] 【原因】账号未登录
[03:29:46 ERR] 发送弹幕失败，继续其他任务。失败信息:Object reference not set to an instance of an object.

[03:29:46 INF] -------结束-------

[03:29:46 INF] ---开始 点赞直播间 ---
[03:29:46 INF] 【获取直播列表】获取拥有粉丝牌的直播列表
[03:29:52 ERR] 【获取直播列表】失败
[03:29:52 ERR] 【原因】账号未登录
[03:29:52 ERR] 点赞直播间失败，继续其他任务。失败信息:Object reference not set to an instance of an object.

[03:29:52 INF] --------结束--------

[03:29:52 INF] ---开始 直播时长挂机 ---
[03:29:52 INF] 【获取直播列表】获取拥有粉丝牌的直播列表
[03:29:58 ERR] 【获取直播列表】失败
[03:29:58 ERR] 【原因】账号未登录
[03:29:58 ERR] 直播时长挂机失败，继续其他任务。失败信息:Object reference not set to an instance of an object.

[03:29:58 INF] ---------结束---------

[03:29:58 INF] ==========结束==========

[03:29:58 INF] 

========================

 v2.0.1 开源 by https://github.com/RayWangQvQ/BiliBiliToolPro

[03:29:58 INF] ·开始推送·LiveFansMedal任务·
2023-08-28T19:29:58.3081701Z 开始推送到:PushPlus
2023-08-28T19:29:59.4195717Z Response status: OK.
2023-08-28T19:29:59.4196117Z Response content: {"code":999,"msg":"发送内容过大，不能超过2万字","data":null}.

[03:29:59 INF] 运行环境：Development
[03:29:59 INF] 应用目录：/home/runner/work/BiliBiliToolPro/BiliBiliToolPro/src/Ray.BiliBiliTool.Console/bin/Debug/net6.0/

[03:29:59 INF] 运行结束
