----------- ip 信息 ---------
{
  "ip": "13.91.68.163",
  "city": "San Jose",
  "region": "California",
  "country": "US",
  "loc": "37.3394,-121.8950",
  "org": "AS8075 Microsoft Corporation",
  "postal": "95103",
  "timezone": "America/Los_Angeles",
  "readme": "https://ipinfo.io/missingauth"
} ---------- end ------------
  ____               ____    _   _____           _  
 |  _ \ __ _ _   _  | __ ) _| |_|_   _|__   ___ | | 
 | |_) / _` | | | | |  _ \(_) (_) | |/ _ \ / _ \| | 
 |  _ < (_| | |_| | | |_) | | | | | | (_) | (_) | | 
 |_| \_\__,_|\__, | |____/|_|_|_| |_|\___/ \___/|_| 
             |___/                                  

[00:29:01 INF] BiliBiliToolPro 开始运行...

[00:29:01 INF] 【账号个数】3个

[00:29:01 INF] 随机休眠4分钟

[00:33:01 INF] 【目标任务】LiveFansMedal
[00:33:01 INF] ######### 账号 1 #########

[00:33:01 INF] =====开始 直播间互动 =====

[00:33:01 INF] ---开始 发送弹幕 ---
[00:33:01 INF] 检测到直播 Cookie 未正确配置，尝试自动配置中...
[00:33:07 INF] 直播 Cookie 配置成功！
[00:33:07 INF] 【获取直播列表】获取拥有粉丝牌的直播列表
[00:33:15 INF] 【主播】Mark陌枫 
[00:33:28 INF] 【主播】KL_qiqi_ 
[00:33:44 INF] 【主播】苏打baka 
[00:33:57 INF] 【直播间】Mark陌枫
[00:33:57 INF] 【粉丝牌】馬楓
[00:33:57 INF] 正在发送弹幕...
[00:34:01 INF] 【直播间】KL_qiqi_
[00:34:01 INF] 【粉丝牌】qiqisb
[00:34:01 INF] 正在发送弹幕...
[00:34:06 INF] 【直播间】苏打baka
[00:34:06 INF] 【粉丝牌】碳酸钠
[00:34:06 INF] 正在发送弹幕...
[00:34:09 INF] 【弹幕发送】成功~，你和主播 Mark陌枫 的亲密值增加了100！
[00:34:11 INF] -------结束-------

[00:34:11 INF] ---开始 点赞直播间 ---
[00:34:11 INF] 【获取直播列表】获取拥有粉丝牌的直播列表
[00:34:14 INF] 【弹幕发送】成功~，你和主播 KL_qiqi_ 的亲密值增加了100！
[00:34:18 INF] 【主播】Mark陌枫 
[00:34:19 INF] 【弹幕发送】成功~，你和主播 苏打baka 的亲密值增加了100！
[00:34:37 INF] 【主播】KL_qiqi_ 
[00:34:55 INF] 【主播】苏打baka 
[00:35:17 INF] 【点赞直播间】23357926 完成
[00:35:22 INF] 【点赞直播间】407149 完成
[00:35:24 INF] --------结束--------

[00:35:24 INF] ---开始 直播时长挂机 ---
[00:35:24 INF] 【获取直播列表】获取拥有粉丝牌的直播列表
[00:35:25 INF] 【点赞直播间】23040372 完成
[00:35:31 INF] 【主播】Mark陌枫 
[00:35:48 INF] 【主播】KL_qiqi_ 
[00:36:07 INF] 【主播】苏打baka 
[00:36:23 INF] 【直播间】23357926 的第 1 个心跳包发送成功
[00:36:24 INF] 【直播间】407149 的第 1 个心跳包发送成功
[00:36:26 INF] 【直播间】23040372 的第 1 个心跳包发送成功
[00:37:29 INF] 【直播间】23357926 的第 2 个心跳包发送成功
[00:37:31 INF] 【直播间】407149 的第 2 个心跳包发送成功
[00:37:32 INF] 【直播间】23040372 的第 2 个心跳包发送成功
[00:38:36 INF] 【直播间】23357926 的第 3 个心跳包发送成功
[00:38:37 INF] 【直播间】407149 的第 3 个心跳包发送成功
[00:38:38 INF] 【直播间】23040372 的第 3 个心跳包发送成功
[00:39:42 INF] 【直播间】23357926 的第 4 个心跳包发送成功
[00:39:44 INF] 【直播间】407149 的第 4 个心跳包发送成功
[00:39:45 INF] 【直播间】23040372 的第 4 个心跳包发送成功
[00:40:49 INF] 【直播间】23357926 的第 5 个心跳包发送成功
[00:40:50 INF] 【直播间】407149 的第 5 个心跳包发送成功
[00:40:51 INF] 【直播间】23040372 的第 5 个心跳包发送成功
[00:41:55 INF] 【直播间】23357926 的第 6 个心跳包发送成功
[00:41:56 INF] 【直播间】407149 的第 6 个心跳包发送成功
[00:41:58 INF] 【直播间】23040372 的第 6 个心跳包发送成功
[00:43:01 INF] 【直播间】23357926 的第 7 个心跳包发送成功
[00:43:02 INF] 【直播间】407149 的第 7 个心跳包发送成功
[00:43:04 INF] 【直播间】23040372 的第 7 个心跳包发送成功
[00:44:07 INF] 【直播间】23357926 的第 8 个心跳包发送成功
[00:44:09 INF] 【直播间】407149 的第 8 个心跳包发送成功
[00:44:10 INF] 【直播间】23040372 的第 8 个心跳包发送成功
[00:45:14 INF] 【直播间】23357926 的第 9 个心跳包发送成功
[00:45:15 INF] 【直播间】407149 的第 9 个心跳包发送成功
[00:45:16 INF] 【直播间】23040372 的第 9 个心跳包发送成功
[00:46:20 INF] 【直播间】23357926 的第 10 个心跳包发送成功
[00:46:21 INF] 【直播间】407149 的第 10 个心跳包发送成功
[00:46:23 INF] 【直播间】23040372 的第 10 个心跳包发送成功
[00:47:26 INF] 【直播间】23357926 的第 11 个心跳包发送成功
[00:47:28 INF] 【直播间】407149 的第 11 个心跳包发送成功
[00:47:29 INF] 【直播间】23040372 的第 11 个心跳包发送成功
[00:48:33 INF] 【直播间】23357926 的第 12 个心跳包发送成功
[00:48:34 INF] 【直播间】407149 的第 12 个心跳包发送成功
[00:48:35 INF] 【直播间】23040372 的第 12 个心跳包发送成功
[00:49:39 INF] 【直播间】23357926 的第 13 个心跳包发送成功
[00:49:40 INF] 【直播间】407149 的第 13 个心跳包发送成功
[00:49:42 INF] 【直播间】23040372 的第 13 个心跳包发送成功
[00:50:46 INF] 【直播间】23357926 的第 14 个心跳包发送成功
[00:50:47 INF] 【直播间】407149 的第 14 个心跳包发送成功
[00:50:48 INF] 【直播间】23040372 的第 14 个心跳包发送成功
[00:51:52 INF] 【直播间】23357926 的第 15 个心跳包发送成功
[00:51:53 INF] 【直播间】407149 的第 15 个心跳包发送成功
[00:51:55 INF] 【直播间】23040372 的第 15 个心跳包发送成功
[00:52:58 ERR] 【心跳包】直播间 23357926 发送失败
[00:52:58 ERR] 【原因】time check failed
[00:53:00 ERR] 【心跳包】直播间 407149 发送失败
[00:53:00 ERR] 【原因】time check failed
[00:53:01 ERR] 【心跳包】直播间 23040372 发送失败
[00:53:01 ERR] 【原因】time check failed
[00:54:04 INF] 【直播间】23357926 的第 16 个心跳包发送成功
[00:54:06 INF] 【直播间】407149 的第 16 个心跳包发送成功
[00:54:07 INF] 【直播间】23040372 的第 16 个心跳包发送成功
[00:55:11 INF] 【直播间】23357926 的第 17 个心跳包发送成功
[00:55:12 INF] 【直播间】407149 的第 17 个心跳包发送成功
[00:55:13 INF] 【直播间】23040372 的第 17 个心跳包发送成功
[00:56:17 INF] 【直播间】23357926 的第 18 个心跳包发送成功
[00:56:18 INF] 【直播间】407149 的第 18 个心跳包发送成功
[00:56:20 INF] 【直播间】23040372 的第 18 个心跳包发送成功
[00:57:23 INF] 【直播间】23357926 的第 19 个心跳包发送成功
[00:57:25 INF] 【直播间】407149 的第 19 个心跳包发送成功
[00:57:26 INF] 【直播间】23040372 的第 19 个心跳包发送成功
[00:58:30 INF] 【直播间】23357926 的第 20 个心跳包发送成功
[00:58:31 INF] 【直播间】407149 的第 20 个心跳包发送成功
[00:58:32 INF] 【直播间】23040372 的第 20 个心跳包发送成功
[00:59:36 INF] 【直播间】23357926 的第 21 个心跳包发送成功
[00:59:37 INF] 【直播间】407149 的第 21 个心跳包发送成功
[00:59:38 INF] 【直播间】23040372 的第 21 个心跳包发送成功
[01:00:42 INF] 【直播间】23357926 的第 22 个心跳包发送成功
[01:00:44 INF] 【直播间】407149 的第 22 个心跳包发送成功
[01:00:45 INF] 【直播间】23040372 的第 22 个心跳包发送成功
[01:01:49 INF] 【直播间】23357926 的第 23 个心跳包发送成功
[01:01:50 INF] 【直播间】407149 的第 23 个心跳包发送成功
[01:01:51 INF] 【直播间】23040372 的第 23 个心跳包发送成功
[01:02:55 INF] 【直播间】23357926 的第 24 个心跳包发送成功
[01:02:56 INF] 【直播间】407149 的第 24 个心跳包发送成功
[01:02:58 INF] 【直播间】23040372 的第 24 个心跳包发送成功
[01:04:01 INF] 【直播间】23357926 的第 25 个心跳包发送成功
[01:04:03 INF] 【直播间】407149 的第 25 个心跳包发送成功
[01:04:04 INF] 【直播间】23040372 的第 25 个心跳包发送成功
[01:05:08 INF] 【直播间】23357926 的第 26 个心跳包发送成功
[01:05:09 INF] 【直播间】407149 的第 26 个心跳包发送成功
[01:05:10 INF] 【直播间】23040372 的第 26 个心跳包发送成功
[01:06:14 INF] 【直播间】23357926 的第 27 个心跳包发送成功
[01:06:16 INF] 【直播间】407149 的第 27 个心跳包发送成功
[01:06:17 INF] 【直播间】23040372 的第 27 个心跳包发送成功
[01:07:21 INF] 【直播间】23357926 的第 28 个心跳包发送成功
[01:07:22 INF] 【直播间】407149 的第 28 个心跳包发送成功
[01:07:23 INF] 【直播间】23040372 的第 28 个心跳包发送成功
[01:08:27 INF] 【直播间】23357926 的第 29 个心跳包发送成功
[01:08:28 INF] 【直播间】407149 的第 29 个心跳包发送成功
[01:08:29 INF] 【直播间】23040372 的第 29 个心跳包发送成功
[01:09:33 ERR] 【心跳包】直播间 23357926 发送失败
[01:09:33 ERR] 【原因】time check failed
[01:09:35 ERR] 【心跳包】直播间 407149 发送失败
[01:09:35 ERR] 【原因】time check failed
[01:09:36 ERR] 【心跳包】直播间 23040372 发送失败
[01:09:36 ERR] 【原因】time check failed
[01:10:40 INF] 【直播间】23357926 的第 30 个心跳包发送成功
[01:10:41 INF] 【直播间】407149 的第 30 个心跳包发送成功
[01:10:42 INF] 【直播间】23040372 的第 30 个心跳包发送成功
[01:11:46 INF] 【直播间】23357926 的第 31 个心跳包发送成功
[01:11:48 INF] 【直播间】407149 的第 31 个心跳包发送成功
[01:11:49 INF] 【直播间】23040372 的第 31 个心跳包发送成功
[01:12:53 INF] 【直播间】23357926 的第 32 个心跳包发送成功
[01:12:54 INF] 【直播间】407149 的第 32 个心跳包发送成功
[01:12:55 INF] 【直播间】23040372 的第 32 个心跳包发送成功
[01:13:59 INF] 【直播间】23357926 的第 33 个心跳包发送成功
[01:14:00 INF] 【直播间】407149 的第 33 个心跳包发送成功
[01:14:01 INF] 【直播间】23040372 的第 33 个心跳包发送成功
[01:15:05 INF] 【直播间】23357926 的第 34 个心跳包发送成功
[01:15:06 INF] 【直播间】407149 的第 34 个心跳包发送成功
[01:15:08 INF] 【直播间】23040372 的第 34 个心跳包发送成功
[01:16:11 INF] 【直播间】23357926 的第 35 个心跳包发送成功
[01:16:13 INF] 【直播间】407149 的第 35 个心跳包发送成功
[01:16:14 INF] 【直播间】23040372 的第 35 个心跳包发送成功
[01:17:18 INF] 【直播间】23357926 的第 36 个心跳包发送成功
[01:17:19 INF] 【直播间】407149 的第 36 个心跳包发送成功
[01:17:20 INF] 【直播间】23040372 的第 36 个心跳包发送成功
[01:18:24 INF] 【直播间】23357926 的第 37 个心跳包发送成功
[01:18:25 INF] 【直播间】407149 的第 37 个心跳包发送成功
[01:18:27 INF] 【直播间】23040372 的第 37 个心跳包发送成功
[01:19:30 INF] 【直播间】23357926 的第 38 个心跳包发送成功
[01:19:32 INF] 【直播间】407149 的第 38 个心跳包发送成功
[01:19:33 INF] 【直播间】23040372 的第 38 个心跳包发送成功
[01:20:37 INF] 【直播间】23357926 的第 39 个心跳包发送成功
[01:20:38 INF] 【直播间】407149 的第 39 个心跳包发送成功
[01:20:39 INF] 【直播间】23040372 的第 39 个心跳包发送成功
[01:21:43 INF] 【直播间】23357926 的第 40 个心跳包发送成功
[01:21:44 INF] 【直播间】407149 的第 40 个心跳包发送成功
[01:21:45 INF] 【直播间】23040372 的第 40 个心跳包发送成功
[01:22:49 INF] 【直播间】23357926 的第 41 个心跳包发送成功
[01:22:51 INF] 【直播间】407149 的第 41 个心跳包发送成功
[01:22:52 INF] 【直播间】23040372 的第 41 个心跳包发送成功
[01:23:56 INF] 【直播间】23357926 的第 42 个心跳包发送成功
[01:23:57 INF] 【直播间】407149 的第 42 个心跳包发送成功
[01:23:58 INF] 【直播间】23040372 的第 42 个心跳包发送成功
[01:25:02 INF] 【直播间】23357926 的第 43 个心跳包发送成功
[01:25:03 INF] 【直播间】407149 的第 43 个心跳包发送成功
[01:25:04 INF] 【直播间】23040372 的第 43 个心跳包发送成功
[01:26:08 ERR] 【心跳包】直播间 23357926 发送失败
[01:26:08 ERR] 【原因】time check failed
[01:26:09 ERR] 【心跳包】直播间 407149 发送失败
[01:26:09 ERR] 【原因】time check failed
[01:26:11 ERR] 【心跳包】直播间 23040372 发送失败
[01:26:11 ERR] 【原因】time check failed
[01:27:14 INF] 【直播间】23357926 的第 44 个心跳包发送成功
[01:27:16 INF] 【直播间】407149 的第 44 个心跳包发送成功
[01:27:17 INF] 【直播间】23040372 的第 44 个心跳包发送成功
[01:28:21 INF] 【直播间】23357926 的第 45 个心跳包发送成功
[01:28:23 INF] 【直播间】407149 的第 45 个心跳包发送成功
[01:28:24 INF] 【直播间】23040372 的第 45 个心跳包发送成功
[01:29:27 INF] 【直播间】23357926 的第 46 个心跳包发送成功
[01:29:29 INF] 【直播间】407149 的第 46 个心跳包发送成功
[01:29:30 INF] 【直播间】23040372 的第 46 个心跳包发送成功
[01:30:34 INF] 【直播间】23357926 的第 47 个心跳包发送成功
[01:30:35 INF] 【直播间】407149 的第 47 个心跳包发送成功
[01:30:36 INF] 【直播间】23040372 的第 47 个心跳包发送成功
[01:31:40 INF] 【直播间】23357926 的第 48 个心跳包发送成功
[01:31:41 INF] 【直播间】407149 的第 48 个心跳包发送成功
[01:31:43 INF] 【直播间】23040372 的第 48 个心跳包发送成功
[01:32:46 INF] 【直播间】23357926 的第 49 个心跳包发送成功
[01:32:48 INF] 【直播间】407149 的第 49 个心跳包发送成功
[01:32:49 INF] 【直播间】23040372 的第 49 个心跳包发送成功
[01:33:53 INF] 【直播间】23357926 的第 50 个心跳包发送成功
[01:33:54 INF] 【直播间】407149 的第 50 个心跳包发送成功
[01:33:55 INF] 【直播间】23040372 的第 50 个心跳包发送成功
[01:34:59 INF] 【直播间】23357926 的第 51 个心跳包发送成功
[01:35:00 INF] 【直播间】407149 的第 51 个心跳包发送成功
[01:35:02 INF] 【直播间】23040372 的第 51 个心跳包发送成功
[01:36:05 INF] 【直播间】23357926 的第 52 个心跳包发送成功
[01:36:07 INF] 【直播间】407149 的第 52 个心跳包发送成功
[01:36:08 INF] 【直播间】23040372 的第 52 个心跳包发送成功
[01:37:12 INF] 【直播间】23357926 的第 53 个心跳包发送成功
[01:37:13 INF] 【直播间】407149 的第 53 个心跳包发送成功
[01:37:14 INF] 【直播间】23040372 的第 53 个心跳包发送成功
[01:38:18 INF] 【直播间】23357926 的第 54 个心跳包发送成功
[01:38:19 INF] 【直播间】407149 的第 54 个心跳包发送成功
[01:38:20 INF] 【直播间】23040372 的第 54 个心跳包发送成功
[01:39:24 INF] 【直播间】23357926 的第 55 个心跳包发送成功
[01:39:26 INF] 【直播间】407149 的第 55 个心跳包发送成功
[01:39:27 INF] 【直播间】23040372 的第 55 个心跳包发送成功
[01:40:31 INF] 【直播间】23357926 的第 56 个心跳包发送成功
[01:40:32 INF] 【直播间】407149 的第 56 个心跳包发送成功
[01:40:33 INF] 【直播间】23040372 的第 56 个心跳包发送成功
[01:41:37 INF] 【直播间】23357926 的第 57 个心跳包发送成功
[01:41:38 INF] 【直播间】407149 的第 57 个心跳包发送成功
[01:41:39 INF] 【直播间】23040372 的第 57 个心跳包发送成功
[01:42:43 ERR] 【心跳包】直播间 23357926 发送失败
[01:42:43 ERR] 【原因】time check failed
[01:42:44 ERR] 【心跳包】直播间 407149 发送失败
[01:42:44 ERR] 【原因】time check failed
[01:42:46 ERR] 【心跳包】直播间 23040372 发送失败
[01:42:46 ERR] 【原因】time check failed
[01:43:49 INF] 【直播间】23357926 的第 58 个心跳包发送成功
[01:43:51 INF] 【直播间】407149 的第 58 个心跳包发送成功
[01:43:52 INF] 【直播间】23040372 的第 58 个心跳包发送成功
[01:44:56 INF] 【直播间】23357926 的第 59 个心跳包发送成功
[01:44:57 INF] 【直播间】407149 的第 59 个心跳包发送成功
[01:44:58 INF] 【直播间】23040372 的第 59 个心跳包发送成功
[01:46:02 INF] 【直播间】23357926 的第 60 个心跳包发送成功
[01:46:03 INF] 【直播间】407149 的第 60 个心跳包发送成功
[01:46:05 INF] 【直播间】23040372 的第 60 个心跳包发送成功
[01:47:09 INF] 【直播间】23357926 的第 61 个心跳包发送成功
[01:47:10 INF] 【直播间】407149 的第 61 个心跳包发送成功
[01:47:11 INF] 【直播间】23040372 的第 61 个心跳包发送成功
[01:48:15 INF] 【直播间】23357926 的第 62 个心跳包发送成功
[01:48:16 INF] 【直播间】407149 的第 62 个心跳包发送成功
[01:48:17 INF] 【直播间】23040372 的第 62 个心跳包发送成功
[01:49:21 INF] 【直播间】23357926 的第 63 个心跳包发送成功
[01:49:22 INF] 【直播间】407149 的第 63 个心跳包发送成功
[01:49:24 INF] 【直播间】23040372 的第 63 个心跳包发送成功
[01:50:27 INF] 【直播间】23357926 的第 64 个心跳包发送成功
[01:50:29 INF] 【直播间】407149 的第 64 个心跳包发送成功
[01:50:30 INF] 【直播间】23040372 的第 64 个心跳包发送成功
[01:51:34 INF] 【直播间】23357926 的第 65 个心跳包发送成功
[01:51:35 INF] 【直播间】407149 的第 65 个心跳包发送成功
[01:51:36 INF] 【直播间】23040372 的第 65 个心跳包发送成功
[01:52:40 INF] 【直播间】23357926 的第 66 个心跳包发送成功
[01:52:41 INF] 【直播间】407149 的第 66 个心跳包发送成功
[01:52:43 INF] 【直播间】23040372 的第 66 个心跳包发送成功
[01:53:47 INF] 【直播间】23357926 的第 67 个心跳包发送成功
[01:53:48 INF] 【直播间】407149 的第 67 个心跳包发送成功
[01:53:49 INF] 【直播间】23040372 的第 67 个心跳包发送成功
[01:54:53 INF] 【直播间】23357926 的第 68 个心跳包发送成功
[01:54:54 INF] 【直播间】407149 的第 68 个心跳包发送成功
[01:54:55 INF] 【直播间】23040372 的第 68 个心跳包发送成功
[01:55:59 INF] 【直播间】23357926 的第 69 个心跳包发送成功
[01:56:01 INF] 【直播间】407149 的第 69 个心跳包发送成功
[01:56:02 INF] 【直播间】23040372 的第 69 个心跳包发送成功
[01:57:06 INF] 【直播间】23357926 的第 70 个心跳包发送成功
[01:57:07 INF] 【直播间】407149 的第 70 个心跳包发送成功
[01:57:08 INF] 【直播间】23040372 的第 70 个心跳包发送成功
[01:57:08 INF] 【直播观看时长】完成情况：3/3 
[01:57:08 INF] ---------结束---------

[01:57:08 INF] ==========结束==========

[01:57:08 INF] ######### 账号 2 #########

[01:57:08 INF] =====开始 直播间互动 =====

[01:57:08 INF] ---开始 发送弹幕 ---
[01:57:08 INF] 检测到直播 Cookie 未正确配置，尝试自动配置中...
[01:57:11 INF] 直播 Cookie 配置成功！
[01:57:11 INF] 【获取直播列表】获取拥有粉丝牌的直播列表
[01:57:15 INF] 【主播】Mark陌枫 
[01:57:31 INF] 【主播】苏打baka 
[01:57:43 INF] 【主播】特别中二的q3君 
[01:57:59 INF] 【主播】陈抱一 
[01:58:13 INF] 【主播】贪玩的小毅 
[01:58:28 INF] 【主播】KL_qiqi_ 
[01:58:45 INF] 【主播】记录生活的蛋黄派 
[01:59:00 INF] 【主播】悠悠球琛总 
[01:59:17 INF] 【主播】新石器公园 
[01:59:33 INF] 【主播】脏小豆 
[01:59:55 INF] 【主播】FoFTG 
[02:00:16 INF] 【主播】李船长笔记 
[02:00:37 INF] 【直播间】Mark陌枫
[02:00:37 INF] 【粉丝牌】馬楓
[02:00:37 INF] 正在发送弹幕...
[02:00:42 INF] 【直播间】苏打baka
[02:00:42 INF] 【粉丝牌】碳酸钠
[02:00:42 INF] 正在发送弹幕...
[02:00:47 INF] 【直播间】特别中二的q3君
[02:00:47 INF] 【粉丝牌】q3GG
[02:00:47 INF] 正在发送弹幕...
[02:00:50 INF] 【直播间】陈抱一
[02:00:50 INF] 【粉丝牌】陈抱一
[02:00:50 INF] 正在发送弹幕...
[02:00:51 INF] 【弹幕发送】成功~，你和主播 Mark陌枫 的亲密值增加了100！
[02:00:55 INF] 【弹幕发送】成功~，你和主播 苏打baka 的亲密值增加了100！
[02:00:56 INF] 【直播间】贪玩的小毅
[02:00:56 INF] 【粉丝牌】大大毅
[02:00:56 INF] 正在发送弹幕...
[02:01:00 INF] 【弹幕发送】成功~，你和主播 特别中二的q3君 的亲密值增加了100！
[02:01:02 INF] 【直播间】KL_qiqi_
[02:01:02 INF] 【粉丝牌】qiqisb
[02:01:02 INF] 正在发送弹幕...
[02:01:04 INF] 【弹幕发送】成功~，你和主播 陈抱一 的亲密值增加了100！
[02:01:08 INF] 【直播间】记录生活的蛋黄派
[02:01:08 INF] 【粉丝牌】派派派
[02:01:08 INF] 正在发送弹幕...
[02:01:09 INF] 【弹幕发送】成功~，你和主播 贪玩的小毅 的亲密值增加了100！
[02:01:14 INF] 【直播间】悠悠球琛总
[02:01:14 INF] 【粉丝牌】i琛
[02:01:14 INF] 正在发送弹幕...
[02:01:19 INF] 【直播间】新石器公园
[02:01:19 INF] 【粉丝牌】东园主
[02:01:19 INF] 正在发送弹幕...
[02:01:19 INF] 【弹幕发送】成功~，你和主播 KL_qiqi_ 的亲密值增加了100！
[02:01:22 INF] 【直播间】脏小豆
[02:01:22 INF] 【粉丝牌】豆豆浆
[02:01:22 INF] 正在发送弹幕...
[02:01:26 INF] 【直播间】FoFTG
[02:01:26 INF] 【粉丝牌】FOFTG
[02:01:26 INF] 正在发送弹幕...
[02:01:26 INF] 【弹幕发送】成功~，你和主播 记录生活的蛋黄派 的亲密值增加了100！
[02:01:30 INF] 【弹幕发送】成功~，你和主播 悠悠球琛总 的亲密值增加了100！
[02:01:31 INF] 【直播间】李船长笔记
[02:01:31 INF] 【粉丝牌】航海仕
[02:01:31 INF] 正在发送弹幕...
[02:01:31 INF] 【弹幕发送】成功~，你和主播 新石器公园 的亲密值增加了100！
[02:01:34 INF] -------结束-------

[02:01:34 INF] ---开始 点赞直播间 ---
[02:01:34 INF] 【获取直播列表】获取拥有粉丝牌的直播列表
[02:01:38 INF] 【弹幕发送】成功~，你和主播 脏小豆 的亲密值增加了100！
[02:01:41 INF] 【主播】Mark陌枫 
[02:01:41 INF] 【弹幕发送】成功~，你和主播 FoFTG 的亲密值增加了100！
[02:01:43 INF] 【弹幕发送】成功~，你和主播 李船长笔记 的亲密值增加了100！
[02:01:58 INF] 【主播】苏打baka 
[02:02:16 INF] 【主播】特别中二的q3君 
[02:02:31 INF] 【主播】陈抱一 
[02:02:52 INF] 【主播】贪玩的小毅 
[02:03:07 INF] 【主播】KL_qiqi_ 
[02:03:24 INF] 【主播】记录生活的蛋黄派 
[02:03:41 INF] 【主播】悠悠球琛总 
[02:03:54 INF] 【主播】新石器公园 
[02:04:08 INF] 【主播】脏小豆 
[02:04:25 INF] 【主播】FoFTG 
[02:04:42 INF] 【主播】李船长笔记 
[02:05:06 INF] 【点赞直播间】23357926 完成
[02:05:09 INF] 【点赞直播间】23040372 完成
[02:05:16 INF] 【点赞直播间】31494 完成
[02:05:23 INF] 【点赞直播间】4015781 完成
[02:05:27 INF] 【点赞直播间】9619073 完成
[02:05:33 INF] 【点赞直播间】407149 完成
[02:05:38 INF] 【点赞直播间】11732699 完成
[02:05:45 INF] 【点赞直播间】7184632 完成
[02:05:49 INF] 【点赞直播间】23447660 完成
[02:05:52 INF] 【点赞直播间】929670 完成
[02:05:59 INF] 【点赞直播间】91164 完成
[02:06:06 INF] --------结束--------

[02:06:06 INF] ---开始 直播时长挂机 ---
[02:06:06 INF] 【获取直播列表】获取拥有粉丝牌的直播列表
[02:06:06 INF] 【点赞直播间】22764265 完成
[02:06:09 INF] 【主播】Mark陌枫 
[02:06:21 INF] 【主播】苏打baka 
[02:06:37 INF] 【主播】特别中二的q3君 
[02:06:50 INF] 【主播】陈抱一 
[02:07:07 INF] 【主播】贪玩的小毅 
[02:07:22 INF] 【主播】KL_qiqi_ 
[02:07:35 INF] 【主播】记录生活的蛋黄派 
[02:07:49 INF] 【主播】悠悠球琛总 
[02:08:08 INF] 【主播】新石器公园 
[02:08:18 INF] 【主播】脏小豆 
[02:08:39 INF] 【主播】FoFTG 
[02:08:55 INF] 【主播】李船长笔记 
[02:09:11 INF] 【直播间】23357926 的第 1 个心跳包发送成功
[02:09:13 INF] 【直播间】23040372 的第 1 个心跳包发送成功
[02:09:14 INF] 【直播间】31494 的第 1 个心跳包发送成功
[02:09:15 INF] 【直播间】4015781 的第 1 个心跳包发送成功
[02:09:16 INF] 【直播间】9619073 的第 1 个心跳包发送成功
[02:09:18 INF] 【直播间】407149 的第 1 个心跳包发送成功
[02:09:19 INF] 【直播间】11732699 的第 1 个心跳包发送成功
[02:09:20 INF] 【直播间】7184632 的第 1 个心跳包发送成功
[02:09:21 INF] 【直播间】23447660 的第 1 个心跳包发送成功
[02:09:22 INF] 【直播间】929670 的第 1 个心跳包发送成功
[02:09:24 INF] 【直播间】91164 的第 1 个心跳包发送成功
[02:09:25 INF] 【直播间】22764265 的第 1 个心跳包发送成功
[02:10:18 INF] 【直播间】23357926 的第 2 个心跳包发送成功
[02:10:19 INF] 【直播间】23040372 的第 2 个心跳包发送成功
[02:10:20 INF] 【直播间】31494 的第 2 个心跳包发送成功
[02:10:22 INF] 【直播间】4015781 的第 2 个心跳包发送成功
[02:10:23 INF] 【直播间】9619073 的第 2 个心跳包发送成功
[02:10:24 INF] 【直播间】407149 的第 2 个心跳包发送成功
[02:10:25 INF] 【直播间】11732699 的第 2 个心跳包发送成功
[02:10:26 INF] 【直播间】7184632 的第 2 个心跳包发送成功
[02:10:28 INF] 【直播间】23447660 的第 2 个心跳包发送成功
[02:10:29 INF] 【直播间】929670 的第 2 个心跳包发送成功
[02:10:30 INF] 【直播间】91164 的第 2 个心跳包发送成功
[02:10:31 INF] 【直播间】22764265 的第 2 个心跳包发送成功
[02:11:24 INF] 【直播间】23357926 的第 3 个心跳包发送成功
[02:11:25 INF] 【直播间】23040372 的第 3 个心跳包发送成功
[02:11:27 INF] 【直播间】31494 的第 3 个心跳包发送成功
[02:11:28 INF] 【直播间】4015781 的第 3 个心跳包发送成功
[02:11:29 INF] 【直播间】9619073 的第 3 个心跳包发送成功
[02:11:30 INF] 【直播间】407149 的第 3 个心跳包发送成功
[02:11:31 INF] 【直播间】11732699 的第 3 个心跳包发送成功
[02:11:33 INF] 【直播间】7184632 的第 3 个心跳包发送成功
[02:11:34 INF] 【直播间】23447660 的第 3 个心跳包发送成功
[02:11:35 INF] 【直播间】929670 的第 3 个心跳包发送成功
[02:11:37 INF] 【直播间】91164 的第 3 个心跳包发送成功
[02:11:38 INF] 【直播间】22764265 的第 3 个心跳包发送成功
[02:12:30 INF] 【直播间】23357926 的第 4 个心跳包发送成功
[02:12:32 INF] 【直播间】23040372 的第 4 个心跳包发送成功
[02:12:33 INF] 【直播间】31494 的第 4 个心跳包发送成功
[02:12:34 INF] 【直播间】4015781 的第 4 个心跳包发送成功
[02:12:35 INF] 【直播间】9619073 的第 4 个心跳包发送成功
[02:12:37 INF] 【直播间】407149 的第 4 个心跳包发送成功
[02:12:38 INF] 【直播间】11732699 的第 4 个心跳包发送成功
[02:12:39 INF] 【直播间】7184632 的第 4 个心跳包发送成功
[02:12:40 INF] 【直播间】23447660 的第 4 个心跳包发送成功
[02:12:41 INF] 【直播间】929670 的第 4 个心跳包发送成功
[02:12:43 INF] 【直播间】91164 的第 4 个心跳包发送成功
[02:12:44 INF] 【直播间】22764265 的第 4 个心跳包发送成功
[02:13:37 INF] 【直播间】23357926 的第 5 个心跳包发送成功
[02:13:38 INF] 【直播间】23040372 的第 5 个心跳包发送成功
[02:13:39 INF] 【直播间】31494 的第 5 个心跳包发送成功
[02:13:40 INF] 【直播间】4015781 的第 5 个心跳包发送成功
[02:13:42 INF] 【直播间】9619073 的第 5 个心跳包发送成功
[02:13:43 INF] 【直播间】407149 的第 5 个心跳包发送成功
[02:13:44 INF] 【直播间】11732699 的第 5 个心跳包发送成功
[02:13:46 INF] 【直播间】7184632 的第 5 个心跳包发送成功
[02:13:47 INF] 【直播间】23447660 的第 5 个心跳包发送成功
[02:13:48 INF] 【直播间】929670 的第 5 个心跳包发送成功
[02:13:49 INF] 【直播间】91164 的第 5 个心跳包发送成功
[02:13:51 INF] 【直播间】22764265 的第 5 个心跳包发送成功
[02:14:43 INF] 【直播间】23357926 的第 6 个心跳包发送成功
[02:14:44 INF] 【直播间】23040372 的第 6 个心跳包发送成功
[02:14:45 INF] 【直播间】31494 的第 6 个心跳包发送成功
[02:14:47 INF] 【直播间】4015781 的第 6 个心跳包发送成功
[02:14:48 INF] 【直播间】9619073 的第 6 个心跳包发送成功
[02:14:49 INF] 【直播间】407149 的第 6 个心跳包发送成功
[02:14:51 INF] 【直播间】11732699 的第 6 个心跳包发送成功
[02:14:52 INF] 【直播间】7184632 的第 6 个心跳包发送成功
[02:14:53 INF] 【直播间】23447660 的第 6 个心跳包发送成功
[02:14:54 INF] 【直播间】929670 的第 6 个心跳包发送成功
[02:14:56 INF] 【直播间】91164 的第 6 个心跳包发送成功
[02:14:57 INF] 【直播间】22764265 的第 6 个心跳包发送成功
[02:15:49 INF] 【直播间】23357926 的第 7 个心跳包发送成功
[02:15:50 INF] 【直播间】23040372 的第 7 个心跳包发送成功
[02:15:52 INF] 【直播间】31494 的第 7 个心跳包发送成功
[02:15:53 INF] 【直播间】4015781 的第 7 个心跳包发送成功
[02:15:54 INF] 【直播间】9619073 的第 7 个心跳包发送成功
[02:15:56 INF] 【直播间】407149 的第 7 个心跳包发送成功
[02:15:57 INF] 【直播间】11732699 的第 7 个心跳包发送成功
[02:15:58 INF] 【直播间】7184632 的第 7 个心跳包发送成功
[02:15:59 INF] 【直播间】23447660 的第 7 个心跳包发送成功
[02:16:01 INF] 【直播间】929670 的第 7 个心跳包发送成功
[02:16:02 INF] 【直播间】91164 的第 7 个心跳包发送成功
[02:16:03 INF] 【直播间】22764265 的第 7 个心跳包发送成功
[02:16:56 INF] 【直播间】23357926 的第 8 个心跳包发送成功
[02:16:57 INF] 【直播间】23040372 的第 8 个心跳包发送成功
[02:16:58 INF] 【直播间】31494 的第 8 个心跳包发送成功
[02:16:59 INF] 【直播间】4015781 的第 8 个心跳包发送成功
[02:17:00 INF] 【直播间】9619073 的第 8 个心跳包发送成功
[02:17:02 INF] 【直播间】407149 的第 8 个心跳包发送成功
[02:17:03 INF] 【直播间】11732699 的第 8 个心跳包发送成功
[02:17:04 INF] 【直播间】7184632 的第 8 个心跳包发送成功
[02:17:06 INF] 【直播间】23447660 的第 8 个心跳包发送成功
[02:17:07 INF] 【直播间】929670 的第 8 个心跳包发送成功
[02:17:08 INF] 【直播间】91164 的第 8 个心跳包发送成功
[02:17:09 INF] 【直播间】22764265 的第 8 个心跳包发送成功
[02:18:02 INF] 【直播间】23357926 的第 9 个心跳包发送成功
[02:18:03 INF] 【直播间】23040372 的第 9 个心跳包发送成功
[02:18:04 INF] 【直播间】31494 的第 9 个心跳包发送成功
[02:18:06 INF] 【直播间】4015781 的第 9 个心跳包发送成功
[02:18:07 INF] 【直播间】9619073 的第 9 个心跳包发送成功
[02:18:08 INF] 【直播间】407149 的第 9 个心跳包发送成功
[02:18:09 INF] 【直播间】11732699 的第 9 个心跳包发送成功
[02:18:11 INF] 【直播间】7184632 的第 9 个心跳包发送成功
[02:18:12 INF] 【直播间】23447660 的第 9 个心跳包发送成功
[02:18:13 INF] 【直播间】929670 的第 9 个心跳包发送成功
[02:18:14 INF] 【直播间】91164 的第 9 个心跳包发送成功
[02:18:16 INF] 【直播间】22764265 的第 9 个心跳包发送成功
[02:19:08 INF] 【直播间】23357926 的第 10 个心跳包发送成功
[02:19:09 INF] 【直播间】23040372 的第 10 个心跳包发送成功
[02:19:11 INF] 【直播间】31494 的第 10 个心跳包发送成功
[02:19:12 INF] 【直播间】4015781 的第 10 个心跳包发送成功
[02:19:13 INF] 【直播间】9619073 的第 10 个心跳包发送成功
[02:19:14 INF] 【直播间】407149 的第 10 个心跳包发送成功
[02:19:16 INF] 【直播间】11732699 的第 10 个心跳包发送成功
[02:19:17 INF] 【直播间】7184632 的第 10 个心跳包发送成功
[02:19:18 INF] 【直播间】23447660 的第 10 个心跳包发送成功
[02:19:19 INF] 【直播间】929670 的第 10 个心跳包发送成功
[02:19:21 INF] 【直播间】91164 的第 10 个心跳包发送成功
[02:19:22 INF] 【直播间】22764265 的第 10 个心跳包发送成功
[02:20:15 INF] 【直播间】23357926 的第 11 个心跳包发送成功
[02:20:16 INF] 【直播间】23040372 的第 11 个心跳包发送成功
[02:20:17 INF] 【直播间】31494 的第 11 个心跳包发送成功
[02:20:18 INF] 【直播间】4015781 的第 11 个心跳包发送成功
[02:20:19 INF] 【直播间】9619073 的第 11 个心跳包发送成功
[02:20:21 INF] 【直播间】407149 的第 11 个心跳包发送成功
[02:20:22 INF] 【直播间】11732699 的第 11 个心跳包发送成功
[02:20:23 INF] 【直播间】7184632 的第 11 个心跳包发送成功
[02:20:25 INF] 【直播间】23447660 的第 11 个心跳包发送成功
[02:20:26 INF] 【直播间】929670 的第 11 个心跳包发送成功
[02:20:27 INF] 【直播间】91164 的第 11 个心跳包发送成功
[02:20:28 INF] 【直播间】22764265 的第 11 个心跳包发送成功
[02:21:21 INF] 【直播间】23357926 的第 12 个心跳包发送成功
[02:21:22 INF] 【直播间】23040372 的第 12 个心跳包发送成功
[02:21:23 INF] 【直播间】31494 的第 12 个心跳包发送成功
[02:21:25 INF] 【直播间】4015781 的第 12 个心跳包发送成功
[02:21:26 INF] 【直播间】9619073 的第 12 个心跳包发送成功
[02:21:27 INF] 【直播间】407149 的第 12 个心跳包发送成功
[02:21:28 INF] 【直播间】11732699 的第 12 个心跳包发送成功
[02:21:30 INF] 【直播间】7184632 的第 12 个心跳包发送成功
[02:21:31 INF] 【直播间】23447660 的第 12 个心跳包发送成功
[02:21:32 INF] 【直播间】929670 的第 12 个心跳包发送成功
[02:21:33 INF] 【直播间】91164 的第 12 个心跳包发送成功
[02:21:34 INF] 【直播间】22764265 的第 12 个心跳包发送成功
[02:22:27 INF] 【直播间】23357926 的第 13 个心跳包发送成功
[02:22:29 INF] 【直播间】23040372 的第 13 个心跳包发送成功
[02:22:30 INF] 【直播间】31494 的第 13 个心跳包发送成功
[02:22:31 INF] 【直播间】4015781 的第 13 个心跳包发送成功
[02:22:32 INF] 【直播间】9619073 的第 13 个心跳包发送成功
[02:22:33 INF] 【直播间】407149 的第 13 个心跳包发送成功
[02:22:35 INF] 【直播间】11732699 的第 13 个心跳包发送成功
[02:22:36 INF] 【直播间】7184632 的第 13 个心跳包发送成功
[02:22:37 INF] 【直播间】23447660 的第 13 个心跳包发送成功
[02:22:38 INF] 【直播间】929670 的第 13 个心跳包发送成功
[02:22:40 INF] 【直播间】91164 的第 13 个心跳包发送成功
[02:22:41 INF] 【直播间】22764265 的第 13 个心跳包发送成功
[02:23:34 INF] 【直播间】23357926 的第 14 个心跳包发送成功
[02:23:35 INF] 【直播间】23040372 的第 14 个心跳包发送成功
[02:23:36 INF] 【直播间】31494 的第 14 个心跳包发送成功
[02:23:37 INF] 【直播间】4015781 的第 14 个心跳包发送成功
[02:23:39 INF] 【直播间】9619073 的第 14 个心跳包发送成功
[02:23:40 INF] 【直播间】407149 的第 14 个心跳包发送成功
[02:23:41 INF] 【直播间】11732699 的第 14 个心跳包发送成功
[02:23:42 INF] 【直播间】7184632 的第 14 个心跳包发送成功
[02:23:43 INF] 【直播间】23447660 的第 14 个心跳包发送成功
[02:23:45 INF] 【直播间】929670 的第 14 个心跳包发送成功
[02:23:46 INF] 【直播间】91164 的第 14 个心跳包发送成功
[02:23:47 INF] 【直播间】22764265 的第 14 个心跳包发送成功
[02:24:40 INF] 【直播间】23357926 的第 15 个心跳包发送成功
[02:24:41 INF] 【直播间】23040372 的第 15 个心跳包发送成功
[02:24:42 INF] 【直播间】31494 的第 15 个心跳包发送成功
[02:24:44 INF] 【直播间】4015781 的第 15 个心跳包发送成功
[02:24:45 INF] 【直播间】9619073 的第 15 个心跳包发送成功
[02:24:46 INF] 【直播间】407149 的第 15 个心跳包发送成功
[02:24:47 INF] 【直播间】11732699 的第 15 个心跳包发送成功
[02:24:49 INF] 【直播间】7184632 的第 15 个心跳包发送成功
[02:24:50 INF] 【直播间】23447660 的第 15 个心跳包发送成功
[02:24:51 INF] 【直播间】929670 的第 15 个心跳包发送成功
[02:24:52 INF] 【直播间】91164 的第 15 个心跳包发送成功
[02:24:54 INF] 【直播间】22764265 的第 15 个心跳包发送成功
[02:25:46 ERR] 【心跳包】直播间 23357926 发送失败
[02:25:46 ERR] 【原因】time check failed
[02:25:48 ERR] 【心跳包】直播间 23040372 发送失败
[02:25:48 ERR] 【原因】time check failed
[02:25:49 ERR] 【心跳包】直播间 31494 发送失败
[02:25:49 ERR] 【原因】time check failed
[02:25:50 ERR] 【心跳包】直播间 4015781 发送失败
[02:25:50 ERR] 【原因】time check failed
[02:25:51 ERR] 【心跳包】直播间 9619073 发送失败
[02:25:51 ERR] 【原因】time check failed
[02:25:52 ERR] 【心跳包】直播间 407149 发送失败
[02:25:52 ERR] 【原因】time check failed
[02:25:54 ERR] 【心跳包】直播间 11732699 发送失败
[02:25:54 ERR] 【原因】time check failed
[02:25:55 ERR] 【心跳包】直播间 7184632 发送失败
[02:25:55 ERR] 【原因】time check failed
[02:25:56 ERR] 【心跳包】直播间 23447660 发送失败
[02:25:56 ERR] 【原因】time check failed
[02:25:57 ERR] 【心跳包】直播间 929670 发送失败
[02:25:57 ERR] 【原因】time check failed
[02:25:59 ERR] 【心跳包】直播间 91164 发送失败
[02:25:59 ERR] 【原因】time check failed
[02:26:00 ERR] 【心跳包】直播间 22764265 发送失败
[02:26:00 ERR] 【原因】time check failed
[02:26:53 INF] 【直播间】23357926 的第 16 个心跳包发送成功
[02:26:54 INF] 【直播间】23040372 的第 16 个心跳包发送成功
[02:26:55 INF] 【直播间】31494 的第 16 个心跳包发送成功
[02:26:56 INF] 【直播间】4015781 的第 16 个心跳包发送成功
[02:26:58 INF] 【直播间】9619073 的第 16 个心跳包发送成功
[02:26:59 INF] 【直播间】407149 的第 16 个心跳包发送成功
[02:27:00 INF] 【直播间】11732699 的第 16 个心跳包发送成功
[02:27:01 INF] 【直播间】7184632 的第 16 个心跳包发送成功
[02:27:02 INF] 【直播间】23447660 的第 16 个心跳包发送成功
[02:27:04 INF] 【直播间】929670 的第 16 个心跳包发送成功
[02:27:05 INF] 【直播间】91164 的第 16 个心跳包发送成功
[02:27:06 INF] 【直播间】22764265 的第 16 个心跳包发送成功
[02:27:59 INF] 【直播间】23357926 的第 17 个心跳包发送成功
[02:28:00 INF] 【直播间】23040372 的第 17 个心跳包发送成功
[02:28:01 INF] 【直播间】31494 的第 17 个心跳包发送成功
[02:28:03 INF] 【直播间】4015781 的第 17 个心跳包发送成功
[02:28:04 INF] 【直播间】9619073 的第 17 个心跳包发送成功
[02:28:05 INF] 【直播间】407149 的第 17 个心跳包发送成功
[02:28:06 INF] 【直播间】11732699 的第 17 个心跳包发送成功
[02:28:08 INF] 【直播间】7184632 的第 17 个心跳包发送成功
[02:28:09 INF] 【直播间】23447660 的第 17 个心跳包发送成功
[02:28:10 INF] 【直播间】929670 的第 17 个心跳包发送成功
[02:28:11 INF] 【直播间】91164 的第 17 个心跳包发送成功
[02:28:13 INF] 【直播间】22764265 的第 17 个心跳包发送成功
[02:29:05 INF] 【直播间】23357926 的第 18 个心跳包发送成功
[02:29:06 INF] 【直播间】23040372 的第 18 个心跳包发送成功
[02:29:08 INF] 【直播间】31494 的第 18 个心跳包发送成功
[02:29:09 INF] 【直播间】4015781 的第 18 个心跳包发送成功
[02:29:10 INF] 【直播间】9619073 的第 18 个心跳包发送成功
[02:29:11 INF] 【直播间】407149 的第 18 个心跳包发送成功
[02:29:12 INF] 【直播间】11732699 的第 18 个心跳包发送成功
[02:29:14 INF] 【直播间】7184632 的第 18 个心跳包发送成功
[02:29:15 INF] 【直播间】23447660 的第 18 个心跳包发送成功
[02:29:16 INF] 【直播间】929670 的第 18 个心跳包发送成功
[02:29:18 INF] 【直播间】91164 的第 18 个心跳包发送成功
[02:29:19 INF] 【直播间】22764265 的第 18 个心跳包发送成功
[02:30:12 INF] 【直播间】23357926 的第 19 个心跳包发送成功
[02:30:13 INF] 【直播间】23040372 的第 19 个心跳包发送成功
[02:30:14 INF] 【直播间】31494 的第 19 个心跳包发送成功
[02:30:15 INF] 【直播间】4015781 的第 19 个心跳包发送成功
[02:30:16 INF] 【直播间】9619073 的第 19 个心跳包发送成功
[02:30:18 INF] 【直播间】407149 的第 19 个心跳包发送成功
[02:30:19 INF] 【直播间】11732699 的第 19 个心跳包发送成功
[02:30:20 INF] 【直播间】7184632 的第 19 个心跳包发送成功
[02:30:21 INF] 【直播间】23447660 的第 19 个心跳包发送成功
[02:30:23 INF] 【直播间】929670 的第 19 个心跳包发送成功
[02:30:24 INF] 【直播间】91164 的第 19 个心跳包发送成功
[02:30:25 INF] 【直播间】22764265 的第 19 个心跳包发送成功
[02:31:18 INF] 【直播间】23357926 的第 20 个心跳包发送成功
[02:31:19 INF] 【直播间】23040372 的第 20 个心跳包发送成功
[02:31:20 INF] 【直播间】31494 的第 20 个心跳包发送成功
[02:31:21 INF] 【直播间】4015781 的第 20 个心跳包发送成功
[02:31:23 INF] 【直播间】9619073 的第 20 个心跳包发送成功
[02:31:24 INF] 【直播间】407149 的第 20 个心跳包发送成功
[02:31:25 INF] 【直播间】11732699 的第 20 个心跳包发送成功
[02:31:27 INF] 【直播间】7184632 的第 20 个心跳包发送成功
[02:31:28 INF] 【直播间】23447660 的第 20 个心跳包发送成功
[02:31:29 INF] 【直播间】929670 的第 20 个心跳包发送成功
[02:31:30 INF] 【直播间】91164 的第 20 个心跳包发送成功
[02:31:31 INF] 【直播间】22764265 的第 20 个心跳包发送成功
[02:32:24 INF] 【直播间】23357926 的第 21 个心跳包发送成功
[02:32:25 INF] 【直播间】23040372 的第 21 个心跳包发送成功
[02:32:27 INF] 【直播间】31494 的第 21 个心跳包发送成功
[02:32:28 INF] 【直播间】4015781 的第 21 个心跳包发送成功
[02:32:29 INF] 【直播间】9619073 的第 21 个心跳包发送成功
[02:32:30 INF] 【直播间】407149 的第 21 个心跳包发送成功
[02:32:32 INF] 【直播间】11732699 的第 21 个心跳包发送成功
[02:32:33 INF] 【直播间】7184632 的第 21 个心跳包发送成功
[02:32:34 INF] 【直播间】23447660 的第 21 个心跳包发送成功
[02:32:35 INF] 【直播间】929670 的第 21 个心跳包发送成功
[02:32:37 INF] 【直播间】91164 的第 21 个心跳包发送成功
[02:32:38 INF] 【直播间】22764265 的第 21 个心跳包发送成功
[02:33:31 INF] 【直播间】23357926 的第 22 个心跳包发送成功
[02:33:32 INF] 【直播间】23040372 的第 22 个心跳包发送成功
[02:33:33 INF] 【直播间】31494 的第 22 个心跳包发送成功
[02:33:34 INF] 【直播间】4015781 的第 22 个心跳包发送成功
[02:33:36 INF] 【直播间】9619073 的第 22 个心跳包发送成功
[02:33:37 INF] 【直播间】407149 的第 22 个心跳包发送成功
[02:33:38 INF] 【直播间】11732699 的第 22 个心跳包发送成功
[02:33:39 INF] 【直播间】7184632 的第 22 个心跳包发送成功
[02:33:40 INF] 【直播间】23447660 的第 22 个心跳包发送成功
[02:33:42 INF] 【直播间】929670 的第 22 个心跳包发送成功
[02:33:43 INF] 【直播间】91164 的第 22 个心跳包发送成功
[02:33:44 INF] 【直播间】22764265 的第 22 个心跳包发送成功
[02:34:37 INF] 【直播间】23357926 的第 23 个心跳包发送成功
[02:34:38 INF] 【直播间】23040372 的第 23 个心跳包发送成功
[02:34:40 INF] 【直播间】31494 的第 23 个心跳包发送成功
[02:34:41 INF] 【直播间】4015781 的第 23 个心跳包发送成功
[02:34:42 INF] 【直播间】9619073 的第 23 个心跳包发送成功
[02:34:43 INF] 【直播间】407149 的第 23 个心跳包发送成功
[02:34:45 INF] 【直播间】11732699 的第 23 个心跳包发送成功
[02:34:46 INF] 【直播间】7184632 的第 23 个心跳包发送成功
[02:34:47 INF] 【直播间】23447660 的第 23 个心跳包发送成功
[02:34:48 INF] 【直播间】929670 的第 23 个心跳包发送成功
[02:34:49 INF] 【直播间】91164 的第 23 个心跳包发送成功
[02:34:51 INF] 【直播间】22764265 的第 23 个心跳包发送成功
[02:35:43 INF] 【直播间】23357926 的第 24 个心跳包发送成功
[02:35:45 INF] 【直播间】23040372 的第 24 个心跳包发送成功
[02:35:46 INF] 【直播间】31494 的第 24 个心跳包发送成功
[02:35:47 INF] 【直播间】4015781 的第 24 个心跳包发送成功
[02:35:48 INF] 【直播间】9619073 的第 24 个心跳包发送成功
[02:35:50 INF] 【直播间】407149 的第 24 个心跳包发送成功
[02:35:51 INF] 【直播间】11732699 的第 24 个心跳包发送成功
[02:35:52 INF] 【直播间】7184632 的第 24 个心跳包发送成功
[02:35:53 INF] 【直播间】23447660 的第 24 个心跳包发送成功
[02:35:54 INF] 【直播间】929670 的第 24 个心跳包发送成功
[02:35:56 INF] 【直播间】91164 的第 24 个心跳包发送成功
[02:35:57 INF] 【直播间】22764265 的第 24 个心跳包发送成功
[02:36:50 INF] 【直播间】23357926 的第 25 个心跳包发送成功
[02:36:51 INF] 【直播间】23040372 的第 25 个心跳包发送成功
[02:36:52 INF] 【直播间】31494 的第 25 个心跳包发送成功
[02:36:54 INF] 【直播间】4015781 的第 25 个心跳包发送成功
[02:36:55 INF] 【直播间】9619073 的第 25 个心跳包发送成功
[02:36:56 INF] 【直播间】407149 的第 25 个心跳包发送成功
[02:36:57 INF] 【直播间】11732699 的第 25 个心跳包发送成功
[02:36:59 INF] 【直播间】7184632 的第 25 个心跳包发送成功
[02:37:00 INF] 【直播间】23447660 的第 25 个心跳包发送成功
[02:37:01 INF] 【直播间】929670 的第 25 个心跳包发送成功
[02:37:02 INF] 【直播间】91164 的第 25 个心跳包发送成功
[02:37:03 INF] 【直播间】22764265 的第 25 个心跳包发送成功
[02:37:56 INF] 【直播间】23357926 的第 26 个心跳包发送成功
[02:37:57 INF] 【直播间】23040372 的第 26 个心跳包发送成功
[02:37:59 INF] 【直播间】31494 的第 26 个心跳包发送成功
[02:38:00 INF] 【直播间】4015781 的第 26 个心跳包发送成功
[02:38:01 INF] 【直播间】9619073 的第 26 个心跳包发送成功
[02:38:02 INF] 【直播间】407149 的第 26 个心跳包发送成功
[02:38:04 INF] 【直播间】11732699 的第 26 个心跳包发送成功
[02:38:05 INF] 【直播间】7184632 的第 26 个心跳包发送成功
[02:38:06 INF] 【直播间】23447660 的第 26 个心跳包发送成功
[02:38:07 INF] 【直播间】929670 的第 26 个心跳包发送成功
[02:38:09 INF] 【直播间】91164 的第 26 个心跳包发送成功
[02:38:10 INF] 【直播间】22764265 的第 26 个心跳包发送成功
[02:39:03 INF] 【直播间】23357926 的第 27 个心跳包发送成功
[02:39:04 INF] 【直播间】23040372 的第 27 个心跳包发送成功
[02:39:05 INF] 【直播间】31494 的第 27 个心跳包发送成功
[02:39:06 INF] 【直播间】4015781 的第 27 个心跳包发送成功
[02:39:07 INF] 【直播间】9619073 的第 27 个心跳包发送成功
[02:39:09 INF] 【直播间】407149 的第 27 个心跳包发送成功
[02:39:10 INF] 【直播间】11732699 的第 27 个心跳包发送成功
[02:39:11 INF] 【直播间】7184632 的第 27 个心跳包发送成功
[02:39:13 INF] 【直播间】23447660 的第 27 个心跳包发送成功
[02:39:14 INF] 【直播间】929670 的第 27 个心跳包发送成功
[02:39:15 INF] 【直播间】91164 的第 27 个心跳包发送成功
[02:39:16 INF] 【直播间】22764265 的第 27 个心跳包发送成功
[02:40:09 INF] 【直播间】23357926 的第 28 个心跳包发送成功
[02:40:10 INF] 【直播间】23040372 的第 28 个心跳包发送成功
[02:40:11 INF] 【直播间】31494 的第 28 个心跳包发送成功
[02:40:12 INF] 【直播间】4015781 的第 28 个心跳包发送成功
[02:40:14 INF] 【直播间】9619073 的第 28 个心跳包发送成功
[02:40:15 INF] 【直播间】407149 的第 28 个心跳包发送成功
[02:40:16 INF] 【直播间】11732699 的第 28 个心跳包发送成功
[02:40:17 INF] 【直播间】7184632 的第 28 个心跳包发送成功
[02:40:19 INF] 【直播间】23447660 的第 28 个心跳包发送成功
[02:40:20 INF] 【直播间】929670 的第 28 个心跳包发送成功
[02:40:21 INF] 【直播间】91164 的第 28 个心跳包发送成功
[02:40:23 INF] 【直播间】22764265 的第 28 个心跳包发送成功
[02:41:15 INF] 【直播间】23357926 的第 29 个心跳包发送成功
[02:41:16 INF] 【直播间】23040372 的第 29 个心跳包发送成功
[02:41:17 INF] 【直播间】31494 的第 29 个心跳包发送成功
[02:41:19 INF] 【直播间】4015781 的第 29 个心跳包发送成功
[02:41:20 INF] 【直播间】9619073 的第 29 个心跳包发送成功
[02:41:21 INF] 【直播间】407149 的第 29 个心跳包发送成功
[02:41:22 INF] 【直播间】11732699 的第 29 个心跳包发送成功
[02:41:24 INF] 【直播间】7184632 的第 29 个心跳包发送成功
[02:41:25 INF] 【直播间】23447660 的第 29 个心跳包发送成功
[02:41:26 INF] 【直播间】929670 的第 29 个心跳包发送成功
[02:41:27 INF] 【直播间】91164 的第 29 个心跳包发送成功
[02:41:29 INF] 【直播间】22764265 的第 29 个心跳包发送成功
[02:42:22 ERR] 【心跳包】直播间 23357926 发送失败
[02:42:22 ERR] 【原因】time check failed
[02:42:23 ERR] 【心跳包】直播间 23040372 发送失败
[02:42:23 ERR] 【原因】time check failed
[02:42:24 ERR] 【心跳包】直播间 31494 发送失败
[02:42:24 ERR] 【原因】time check failed
[02:42:25 ERR] 【心跳包】直播间 4015781 发送失败
[02:42:25 ERR] 【原因】time check failed
[02:42:26 ERR] 【心跳包】直播间 9619073 发送失败
[02:42:26 ERR] 【原因】time check failed
[02:42:28 ERR] 【心跳包】直播间 407149 发送失败
[02:42:28 ERR] 【原因】time check failed
[02:42:29 ERR] 【心跳包】直播间 11732699 发送失败
[02:42:29 ERR] 【原因】time check failed
[02:42:30 ERR] 【心跳包】直播间 7184632 发送失败
[02:42:30 ERR] 【原因】time check failed
[02:42:31 ERR] 【心跳包】直播间 23447660 发送失败
[02:42:31 ERR] 【原因】time check failed
[02:42:32 ERR] 【心跳包】直播间 929670 发送失败
[02:42:32 ERR] 【原因】time check failed
[02:42:34 ERR] 【心跳包】直播间 91164 发送失败
[02:42:34 ERR] 【原因】time check failed
[02:42:35 ERR] 【心跳包】直播间 22764265 发送失败
[02:42:35 ERR] 【原因】time check failed
[02:43:28 INF] 【直播间】23357926 的第 30 个心跳包发送成功
[02:43:29 INF] 【直播间】23040372 的第 30 个心跳包发送成功
[02:43:30 INF] 【直播间】31494 的第 30 个心跳包发送成功
[02:43:32 INF] 【直播间】4015781 的第 30 个心跳包发送成功
[02:43:33 INF] 【直播间】9619073 的第 30 个心跳包发送成功
[02:43:34 INF] 【直播间】407149 的第 30 个心跳包发送成功
[02:43:35 INF] 【直播间】11732699 的第 30 个心跳包发送成功
[02:43:37 INF] 【直播间】7184632 的第 30 个心跳包发送成功
[02:43:38 INF] 【直播间】23447660 的第 30 个心跳包发送成功
[02:43:39 INF] 【直播间】929670 的第 30 个心跳包发送成功
[02:43:40 INF] 【直播间】91164 的第 30 个心跳包发送成功
[02:43:41 INF] 【直播间】22764265 的第 30 个心跳包发送成功
[02:44:34 INF] 【直播间】23357926 的第 31 个心跳包发送成功
[02:44:35 INF] 【直播间】23040372 的第 31 个心跳包发送成功
[02:44:37 INF] 【直播间】31494 的第 31 个心跳包发送成功
[02:44:38 INF] 【直播间】4015781 的第 31 个心跳包发送成功
[02:44:39 INF] 【直播间】9619073 的第 31 个心跳包发送成功
[02:44:40 INF] 【直播间】407149 的第 31 个心跳包发送成功
[02:44:42 INF] 【直播间】11732699 的第 31 个心跳包发送成功
[02:44:43 INF] 【直播间】7184632 的第 31 个心跳包发送成功
[02:44:44 INF] 【直播间】23447660 的第 31 个心跳包发送成功
[02:44:45 INF] 【直播间】929670 的第 31 个心跳包发送成功
[02:44:47 INF] 【直播间】91164 的第 31 个心跳包发送成功
[02:44:48 INF] 【直播间】22764265 的第 31 个心跳包发送成功
[02:45:40 INF] 【直播间】23357926 的第 32 个心跳包发送成功
[02:45:42 INF] 【直播间】23040372 的第 32 个心跳包发送成功
[02:45:43 INF] 【直播间】31494 的第 32 个心跳包发送成功
[02:45:44 INF] 【直播间】4015781 的第 32 个心跳包发送成功
[02:45:45 INF] 【直播间】9619073 的第 32 个心跳包发送成功
[02:45:46 INF] 【直播间】407149 的第 32 个心跳包发送成功
[02:45:48 INF] 【直播间】11732699 的第 32 个心跳包发送成功
[02:45:49 INF] 【直播间】7184632 的第 32 个心跳包发送成功
[02:45:50 INF] 【直播间】23447660 的第 32 个心跳包发送成功
[02:45:51 INF] 【直播间】929670 的第 32 个心跳包发送成功
[02:45:53 INF] 【直播间】91164 的第 32 个心跳包发送成功
[02:45:54 INF] 【直播间】22764265 的第 32 个心跳包发送成功
[02:46:47 INF] 【直播间】23357926 的第 33 个心跳包发送成功
[02:46:48 INF] 【直播间】23040372 的第 33 个心跳包发送成功
[02:46:49 INF] 【直播间】31494 的第 33 个心跳包发送成功
[02:46:50 INF] 【直播间】4015781 的第 33 个心跳包发送成功
[02:46:52 INF] 【直播间】9619073 的第 33 个心跳包发送成功
[02:46:53 INF] 【直播间】407149 的第 33 个心跳包发送成功
[02:46:54 INF] 【直播间】11732699 的第 33 个心跳包发送成功
[02:46:55 INF] 【直播间】7184632 的第 33 个心跳包发送成功
[02:46:56 INF] 【直播间】23447660 的第 33 个心跳包发送成功
[02:46:58 INF] 【直播间】929670 的第 33 个心跳包发送成功
[02:46:59 INF] 【直播间】91164 的第 33 个心跳包发送成功
[02:47:00 INF] 【直播间】22764265 的第 33 个心跳包发送成功
[02:47:53 INF] 【直播间】23357926 的第 34 个心跳包发送成功
[02:47:54 INF] 【直播间】23040372 的第 34 个心跳包发送成功
[02:47:55 INF] 【直播间】31494 的第 34 个心跳包发送成功
[02:47:57 INF] 【直播间】4015781 的第 34 个心跳包发送成功
[02:47:58 INF] 【直播间】9619073 的第 34 个心跳包发送成功
[02:47:59 INF] 【直播间】407149 的第 34 个心跳包发送成功
[02:48:00 INF] 【直播间】11732699 的第 34 个心跳包发送成功
[02:48:02 INF] 【直播间】7184632 的第 34 个心跳包发送成功
[02:48:03 INF] 【直播间】23447660 的第 34 个心跳包发送成功
[02:48:04 INF] 【直播间】929670 的第 34 个心跳包发送成功
[02:48:05 INF] 【直播间】91164 的第 34 个心跳包发送成功
[02:48:07 INF] 【直播间】22764265 的第 34 个心跳包发送成功
[02:48:59 INF] 【直播间】23357926 的第 35 个心跳包发送成功
[02:49:00 INF] 【直播间】23040372 的第 35 个心跳包发送成功
[02:49:02 INF] 【直播间】31494 的第 35 个心跳包发送成功
[02:49:03 INF] 【直播间】4015781 的第 35 个心跳包发送成功
[02:49:04 INF] 【直播间】9619073 的第 35 个心跳包发送成功
[02:49:05 INF] 【直播间】407149 的第 35 个心跳包发送成功
[02:49:07 INF] 【直播间】11732699 的第 35 个心跳包发送成功
[02:49:08 INF] 【直播间】7184632 的第 35 个心跳包发送成功
[02:49:09 INF] 【直播间】23447660 的第 35 个心跳包发送成功
[02:49:10 INF] 【直播间】929670 的第 35 个心跳包发送成功
[02:49:12 INF] 【直播间】91164 的第 35 个心跳包发送成功
[02:49:13 INF] 【直播间】22764265 的第 35 个心跳包发送成功
[02:50:06 INF] 【直播间】23357926 的第 36 个心跳包发送成功
[02:50:07 INF] 【直播间】23040372 的第 36 个心跳包发送成功
[02:50:08 INF] 【直播间】31494 的第 36 个心跳包发送成功
[02:50:09 INF] 【直播间】4015781 的第 36 个心跳包发送成功
[02:50:10 INF] 【直播间】9619073 的第 36 个心跳包发送成功
[02:50:12 INF] 【直播间】407149 的第 36 个心跳包发送成功
[02:50:13 INF] 【直播间】11732699 的第 36 个心跳包发送成功
[02:50:14 INF] 【直播间】7184632 的第 36 个心跳包发送成功
[02:50:15 INF] 【直播间】23447660 的第 36 个心跳包发送成功
[02:50:17 INF] 【直播间】929670 的第 36 个心跳包发送成功
[02:50:18 INF] 【直播间】91164 的第 36 个心跳包发送成功
[02:50:19 INF] 【直播间】22764265 的第 36 个心跳包发送成功
[02:51:12 INF] 【直播间】23357926 的第 37 个心跳包发送成功
[02:51:13 INF] 【直播间】23040372 的第 37 个心跳包发送成功
[02:51:15 INF] 【直播间】31494 的第 37 个心跳包发送成功
[02:51:16 INF] 【直播间】4015781 的第 37 个心跳包发送成功
[02:51:17 INF] 【直播间】9619073 的第 37 个心跳包发送成功
[02:51:18 INF] 【直播间】407149 的第 37 个心跳包发送成功
[02:51:20 INF] 【直播间】11732699 的第 37 个心跳包发送成功
[02:51:21 INF] 【直播间】7184632 的第 37 个心跳包发送成功
[02:51:22 INF] 【直播间】23447660 的第 37 个心跳包发送成功
[02:51:23 INF] 【直播间】929670 的第 37 个心跳包发送成功
[02:51:25 INF] 【直播间】91164 的第 37 个心跳包发送成功
[02:51:26 INF] 【直播间】22764265 的第 37 个心跳包发送成功
[02:52:19 INF] 【直播间】23357926 的第 38 个心跳包发送成功
[02:52:20 INF] 【直播间】23040372 的第 38 个心跳包发送成功
[02:52:21 INF] 【直播间】31494 的第 38 个心跳包发送成功
[02:52:22 INF] 【直播间】4015781 的第 38 个心跳包发送成功
[02:52:23 INF] 【直播间】9619073 的第 38 个心跳包发送成功
[02:52:25 INF] 【直播间】407149 的第 38 个心跳包发送成功
[02:52:26 INF] 【直播间】11732699 的第 38 个心跳包发送成功
[02:52:27 INF] 【直播间】7184632 的第 38 个心跳包发送成功
[02:52:29 INF] 【直播间】23447660 的第 38 个心跳包发送成功
[02:52:30 INF] 【直播间】929670 的第 38 个心跳包发送成功
[02:52:31 INF] 【直播间】91164 的第 38 个心跳包发送成功
[02:52:32 INF] 【直播间】22764265 的第 38 个心跳包发送成功
[02:53:25 INF] 【直播间】23357926 的第 39 个心跳包发送成功
[02:53:26 INF] 【直播间】23040372 的第 39 个心跳包发送成功
[02:53:27 INF] 【直播间】31494 的第 39 个心跳包发送成功
[02:53:28 INF] 【直播间】4015781 的第 39 个心跳包发送成功
[02:53:30 INF] 【直播间】9619073 的第 39 个心跳包发送成功
[02:53:31 INF] 【直播间】407149 的第 39 个心跳包发送成功
[02:53:32 INF] 【直播间】11732699 的第 39 个心跳包发送成功
[02:53:34 INF] 【直播间】7184632 的第 39 个心跳包发送成功
[02:53:35 INF] 【直播间】23447660 的第 39 个心跳包发送成功
[02:53:36 INF] 【直播间】929670 的第 39 个心跳包发送成功
[02:53:37 INF] 【直播间】91164 的第 39 个心跳包发送成功
[02:53:38 INF] 【直播间】22764265 的第 39 个心跳包发送成功
[02:54:31 INF] 【直播间】23357926 的第 40 个心跳包发送成功
[02:54:32 INF] 【直播间】23040372 的第 40 个心跳包发送成功
[02:54:34 INF] 【直播间】31494 的第 40 个心跳包发送成功
[02:54:35 INF] 【直播间】4015781 的第 40 个心跳包发送成功
[02:54:37 INF] 【直播间】9619073 的第 40 个心跳包发送成功
[02:54:38 INF] 【直播间】407149 的第 40 个心跳包发送成功
[02:54:39 INF] 【直播间】11732699 的第 40 个心跳包发送成功
[02:54:40 INF] 【直播间】7184632 的第 40 个心跳包发送成功
[02:54:41 INF] 【直播间】23447660 的第 40 个心跳包发送成功
[02:54:43 INF] 【直播间】929670 的第 40 个心跳包发送成功
[02:54:44 INF] 【直播间】91164 的第 40 个心跳包发送成功
[02:54:45 INF] 【直播间】22764265 的第 40 个心跳包发送成功
[02:55:37 INF] 【直播间】23357926 的第 41 个心跳包发送成功
[02:55:39 INF] 【直播间】23040372 的第 41 个心跳包发送成功
[02:55:40 INF] 【直播间】31494 的第 41 个心跳包发送成功
[02:55:41 INF] 【直播间】4015781 的第 41 个心跳包发送成功
[02:55:43 INF] 【直播间】9619073 的第 41 个心跳包发送成功
[02:55:44 INF] 【直播间】407149 的第 41 个心跳包发送成功
[02:55:46 INF] 【直播间】11732699 的第 41 个心跳包发送成功
[02:55:47 INF] 【直播间】7184632 的第 41 个心跳包发送成功
[02:55:48 INF] 【直播间】23447660 的第 41 个心跳包发送成功
[02:55:49 INF] 【直播间】929670 的第 41 个心跳包发送成功
[02:55:50 INF] 【直播间】91164 的第 41 个心跳包发送成功
[02:55:52 INF] 【直播间】22764265 的第 41 个心跳包发送成功
[02:56:44 INF] 【直播间】23357926 的第 42 个心跳包发送成功
[02:56:45 INF] 【直播间】23040372 的第 42 个心跳包发送成功
[02:56:46 INF] 【直播间】31494 的第 42 个心跳包发送成功
[02:56:48 INF] 【直播间】4015781 的第 42 个心跳包发送成功
[02:56:49 INF] 【直播间】9619073 的第 42 个心跳包发送成功
[02:56:51 INF] 【直播间】407149 的第 42 个心跳包发送成功
[02:56:52 INF] 【直播间】11732699 的第 42 个心跳包发送成功
[02:56:53 INF] 【直播间】7184632 的第 42 个心跳包发送成功
[02:56:54 INF] 【直播间】23447660 的第 42 个心跳包发送成功
[02:56:55 INF] 【直播间】929670 的第 42 个心跳包发送成功
[02:56:57 INF] 【直播间】91164 的第 42 个心跳包发送成功
[02:56:58 INF] 【直播间】22764265 的第 42 个心跳包发送成功
[02:57:50 INF] 【直播间】23357926 的第 43 个心跳包发送成功
[02:57:51 INF] 【直播间】23040372 的第 43 个心跳包发送成功
[02:57:53 INF] 【直播间】31494 的第 43 个心跳包发送成功
[02:57:54 INF] 【直播间】4015781 的第 43 个心跳包发送成功
[02:57:55 INF] 【直播间】9619073 的第 43 个心跳包发送成功
[02:57:57 INF] 【直播间】407149 的第 43 个心跳包发送成功
[02:57:58 INF] 【直播间】11732699 的第 43 个心跳包发送成功
[02:57:59 INF] 【直播间】7184632 的第 43 个心跳包发送成功
[02:58:01 INF] 【直播间】23447660 的第 43 个心跳包发送成功
[02:58:02 INF] 【直播间】929670 的第 43 个心跳包发送成功
[02:58:03 INF] 【直播间】91164 的第 43 个心跳包发送成功
[02:58:04 INF] 【直播间】22764265 的第 43 个心跳包发送成功
[02:58:57 ERR] 【心跳包】直播间 23357926 发送失败
[02:58:57 ERR] 【原因】time check failed
[02:58:58 ERR] 【心跳包】直播间 23040372 发送失败
[02:58:58 ERR] 【原因】time check failed
[02:58:59 ERR] 【心跳包】直播间 31494 发送失败
[02:58:59 ERR] 【原因】time check failed
[02:59:00 ERR] 【心跳包】直播间 4015781 发送失败
[02:59:00 ERR] 【原因】time check failed
[02:59:02 ERR] 【心跳包】直播间 9619073 发送失败
[02:59:02 ERR] 【原因】time check failed
[02:59:03 ERR] 【心跳包】直播间 407149 发送失败
[02:59:03 ERR] 【原因】time check failed
[02:59:04 ERR] 【心跳包】直播间 11732699 发送失败
[02:59:04 ERR] 【原因】time check failed
[02:59:06 ERR] 【心跳包】直播间 7184632 发送失败
[02:59:06 ERR] 【原因】time check failed
[02:59:07 ERR] 【心跳包】直播间 23447660 发送失败
[02:59:07 ERR] 【原因】time check failed
[02:59:08 ERR] 【心跳包】直播间 929670 发送失败
[02:59:08 ERR] 【原因】time check failed
[02:59:09 ERR] 【心跳包】直播间 91164 发送失败
[02:59:09 ERR] 【原因】time check failed
[02:59:11 ERR] 【心跳包】直播间 22764265 发送失败
[02:59:11 ERR] 【原因】time check failed
[03:00:03 INF] 【直播间】23357926 的第 44 个心跳包发送成功
[03:00:04 INF] 【直播间】23040372 的第 44 个心跳包发送成功
[03:00:05 INF] 【直播间】31494 的第 44 个心跳包发送成功
[03:00:07 INF] 【直播间】4015781 的第 44 个心跳包发送成功
[03:00:08 INF] 【直播间】9619073 的第 44 个心跳包发送成功
[03:00:09 INF] 【直播间】407149 的第 44 个心跳包发送成功
[03:00:11 INF] 【直播间】11732699 的第 44 个心跳包发送成功
[03:00:12 INF] 【直播间】7184632 的第 44 个心跳包发送成功
[03:00:13 INF] 【直播间】23447660 的第 44 个心跳包发送成功
[03:00:15 INF] 【直播间】929670 的第 44 个心跳包发送成功
[03:00:16 INF] 【直播间】91164 的第 44 个心跳包发送成功
[03:00:17 INF] 【直播间】22764265 的第 44 个心跳包发送成功
[03:01:09 INF] 【直播间】23357926 的第 45 个心跳包发送成功
[03:01:11 INF] 【直播间】23040372 的第 45 个心跳包发送成功
[03:01:12 INF] 【直播间】31494 的第 45 个心跳包发送成功
[03:01:13 INF] 【直播间】4015781 的第 45 个心跳包发送成功
[03:01:14 INF] 【直播间】9619073 的第 45 个心跳包发送成功
[03:01:16 INF] 【直播间】407149 的第 45 个心跳包发送成功
[03:01:17 INF] 【直播间】11732699 的第 45 个心跳包发送成功
[03:01:18 INF] 【直播间】7184632 的第 45 个心跳包发送成功
[03:01:20 INF] 【直播间】23447660 的第 45 个心跳包发送成功
[03:01:21 INF] 【直播间】929670 的第 45 个心跳包发送成功
[03:01:22 INF] 【直播间】91164 的第 45 个心跳包发送成功
[03:01:23 INF] 【直播间】22764265 的第 45 个心跳包发送成功
[03:02:16 INF] 【直播间】23357926 的第 46 个心跳包发送成功
[03:02:17 INF] 【直播间】23040372 的第 46 个心跳包发送成功
[03:02:18 INF] 【直播间】31494 的第 46 个心跳包发送成功
[03:02:19 INF] 【直播间】4015781 的第 46 个心跳包发送成功
[03:02:21 INF] 【直播间】9619073 的第 46 个心跳包发送成功
[03:02:22 INF] 【直播间】407149 的第 46 个心跳包发送成功
[03:02:23 INF] 【直播间】11732699 的第 46 个心跳包发送成功
[03:02:24 INF] 【直播间】7184632 的第 46 个心跳包发送成功
[03:02:26 INF] 【直播间】23447660 的第 46 个心跳包发送成功
[03:02:27 INF] 【直播间】929670 的第 46 个心跳包发送成功
[03:02:28 INF] 【直播间】91164 的第 46 个心跳包发送成功
[03:02:30 INF] 【直播间】22764265 的第 46 个心跳包发送成功
[03:03:22 INF] 【直播间】23357926 的第 47 个心跳包发送成功
[03:03:23 INF] 【直播间】23040372 的第 47 个心跳包发送成功
[03:03:25 INF] 【直播间】31494 的第 47 个心跳包发送成功
[03:03:26 INF] 【直播间】4015781 的第 47 个心跳包发送成功
[03:03:27 INF] 【直播间】9619073 的第 47 个心跳包发送成功
[03:03:28 INF] 【直播间】407149 的第 47 个心跳包发送成功
[03:03:30 INF] 【直播间】11732699 的第 47 个心跳包发送成功
[03:03:31 INF] 【直播间】7184632 的第 47 个心跳包发送成功
[03:03:32 INF] 【直播间】23447660 的第 47 个心跳包发送成功
[03:03:33 INF] 【直播间】929670 的第 47 个心跳包发送成功
[03:03:35 INF] 【直播间】91164 的第 47 个心跳包发送成功
[03:03:36 INF] 【直播间】22764265 的第 47 个心跳包发送成功
[03:04:28 INF] 【直播间】23357926 的第 48 个心跳包发送成功
[03:04:30 INF] 【直播间】23040372 的第 48 个心跳包发送成功
[03:04:31 INF] 【直播间】31494 的第 48 个心跳包发送成功
[03:04:32 INF] 【直播间】4015781 的第 48 个心跳包发送成功
[03:04:33 INF] 【直播间】9619073 的第 48 个心跳包发送成功
[03:04:35 INF] 【直播间】407149 的第 48 个心跳包发送成功
[03:04:36 INF] 【直播间】11732699 的第 48 个心跳包发送成功
[03:04:37 INF] 【直播间】7184632 的第 48 个心跳包发送成功
[03:04:38 INF] 【直播间】23447660 的第 48 个心跳包发送成功
[03:04:40 INF] 【直播间】929670 的第 48 个心跳包发送成功
[03:04:41 INF] 【直播间】91164 的第 48 个心跳包发送成功
[03:04:42 INF] 【直播间】22764265 的第 48 个心跳包发送成功
[03:05:35 INF] 【直播间】23357926 的第 49 个心跳包发送成功
[03:05:36 INF] 【直播间】23040372 的第 49 个心跳包发送成功
[03:05:37 INF] 【直播间】31494 的第 49 个心跳包发送成功
[03:05:39 INF] 【直播间】4015781 的第 49 个心跳包发送成功
[03:05:40 INF] 【直播间】9619073 的第 49 个心跳包发送成功
[03:05:41 INF] 【直播间】407149 的第 49 个心跳包发送成功
[03:05:42 INF] 【直播间】11732699 的第 49 个心跳包发送成功
[03:05:44 INF] 【直播间】7184632 的第 49 个心跳包发送成功
[03:05:45 INF] 【直播间】23447660 的第 49 个心跳包发送成功
[03:05:46 INF] 【直播间】929670 的第 49 个心跳包发送成功
[03:05:47 INF] 【直播间】91164 的第 49 个心跳包发送成功
[03:05:49 INF] 【直播间】22764265 的第 49 个心跳包发送成功
[03:06:41 INF] 【直播间】23357926 的第 50 个心跳包发送成功
[03:06:42 INF] 【直播间】23040372 的第 50 个心跳包发送成功
[03:06:44 INF] 【直播间】31494 的第 50 个心跳包发送成功
[03:06:45 INF] 【直播间】4015781 的第 50 个心跳包发送成功
[03:06:46 INF] 【直播间】9619073 的第 50 个心跳包发送成功
[03:06:48 INF] 【直播间】407149 的第 50 个心跳包发送成功
[03:06:49 INF] 【直播间】11732699 的第 50 个心跳包发送成功
[03:06:50 INF] 【直播间】7184632 的第 50 个心跳包发送成功
[03:06:51 INF] 【直播间】23447660 的第 50 个心跳包发送成功
[03:06:52 INF] 【直播间】929670 的第 50 个心跳包发送成功
[03:06:54 INF] 【直播间】91164 的第 50 个心跳包发送成功
[03:06:55 INF] 【直播间】22764265 的第 50 个心跳包发送成功
[03:07:48 INF] 【直播间】23357926 的第 51 个心跳包发送成功
[03:07:49 INF] 【直播间】23040372 的第 51 个心跳包发送成功
[03:07:50 INF] 【直播间】31494 的第 51 个心跳包发送成功
[03:07:51 INF] 【直播间】4015781 的第 51 个心跳包发送成功
[03:07:52 INF] 【直播间】9619073 的第 51 个心跳包发送成功
[03:07:54 INF] 【直播间】407149 的第 51 个心跳包发送成功
[03:07:55 INF] 【直播间】11732699 的第 51 个心跳包发送成功
[03:07:56 INF] 【直播间】7184632 的第 51 个心跳包发送成功
[03:07:57 INF] 【直播间】23447660 的第 51 个心跳包发送成功
[03:07:59 INF] 【直播间】929670 的第 51 个心跳包发送成功
[03:08:00 INF] 【直播间】91164 的第 51 个心跳包发送成功
[03:08:01 INF] 【直播间】22764265 的第 51 个心跳包发送成功
[03:08:54 INF] 【直播间】23357926 的第 52 个心跳包发送成功
[03:08:55 INF] 【直播间】23040372 的第 52 个心跳包发送成功
[03:08:57 INF] 【直播间】31494 的第 52 个心跳包发送成功
[03:08:58 INF] 【直播间】4015781 的第 52 个心跳包发送成功
[03:08:59 INF] 【直播间】9619073 的第 52 个心跳包发送成功
[03:09:00 INF] 【直播间】407149 的第 52 个心跳包发送成功
[03:09:01 INF] 【直播间】11732699 的第 52 个心跳包发送成功
[03:09:03 INF] 【直播间】7184632 的第 52 个心跳包发送成功
[03:09:04 INF] 【直播间】23447660 的第 52 个心跳包发送成功
[03:09:05 INF] 【直播间】929670 的第 52 个心跳包发送成功
[03:09:06 INF] 【直播间】91164 的第 52 个心跳包发送成功
[03:09:08 INF] 【直播间】22764265 的第 52 个心跳包发送成功
[03:10:01 INF] 【直播间】23357926 的第 53 个心跳包发送成功
[03:10:02 INF] 【直播间】23040372 的第 53 个心跳包发送成功
[03:10:03 INF] 【直播间】31494 的第 53 个心跳包发送成功
[03:10:04 INF] 【直播间】4015781 的第 53 个心跳包发送成功
[03:10:06 INF] 【直播间】9619073 的第 53 个心跳包发送成功
[03:10:07 INF] 【直播间】407149 的第 53 个心跳包发送成功
[03:10:08 INF] 【直播间】11732699 的第 53 个心跳包发送成功
[03:10:09 INF] 【直播间】7184632 的第 53 个心跳包发送成功
[03:10:10 INF] 【直播间】23447660 的第 53 个心跳包发送成功
[03:10:12 INF] 【直播间】929670 的第 53 个心跳包发送成功
[03:10:13 INF] 【直播间】91164 的第 53 个心跳包发送成功
[03:10:14 INF] 【直播间】22764265 的第 53 个心跳包发送成功
[03:11:07 INF] 【直播间】23357926 的第 54 个心跳包发送成功
[03:11:08 INF] 【直播间】23040372 的第 54 个心跳包发送成功
[03:11:09 INF] 【直播间】31494 的第 54 个心跳包发送成功
[03:11:11 INF] 【直播间】4015781 的第 54 个心跳包发送成功
[03:11:12 INF] 【直播间】9619073 的第 54 个心跳包发送成功
[03:11:13 INF] 【直播间】407149 的第 54 个心跳包发送成功
[03:11:14 INF] 【直播间】11732699 的第 54 个心跳包发送成功
[03:11:16 INF] 【直播间】7184632 的第 54 个心跳包发送成功
[03:11:17 INF] 【直播间】23447660 的第 54 个心跳包发送成功
[03:11:18 INF] 【直播间】929670 的第 54 个心跳包发送成功
[03:11:19 INF] 【直播间】91164 的第 54 个心跳包发送成功
[03:11:20 INF] 【直播间】22764265 的第 54 个心跳包发送成功
[03:12:13 INF] 【直播间】23357926 的第 55 个心跳包发送成功
[03:12:15 INF] 【直播间】23040372 的第 55 个心跳包发送成功
[03:12:16 INF] 【直播间】31494 的第 55 个心跳包发送成功
[03:12:17 INF] 【直播间】4015781 的第 55 个心跳包发送成功
[03:12:18 INF] 【直播间】9619073 的第 55 个心跳包发送成功
[03:12:19 INF] 【直播间】407149 的第 55 个心跳包发送成功
[03:12:21 INF] 【直播间】11732699 的第 55 个心跳包发送成功
[03:12:22 INF] 【直播间】7184632 的第 55 个心跳包发送成功
[03:12:23 INF] 【直播间】23447660 的第 55 个心跳包发送成功
[03:12:24 INF] 【直播间】929670 的第 55 个心跳包发送成功
[03:12:26 INF] 【直播间】91164 的第 55 个心跳包发送成功
[03:12:27 INF] 【直播间】22764265 的第 55 个心跳包发送成功
[03:13:20 INF] 【直播间】23357926 的第 56 个心跳包发送成功
[03:13:21 INF] 【直播间】23040372 的第 56 个心跳包发送成功
[03:13:22 INF] 【直播间】31494 的第 56 个心跳包发送成功
[03:13:23 INF] 【直播间】4015781 的第 56 个心跳包发送成功
[03:13:25 INF] 【直播间】9619073 的第 56 个心跳包发送成功
[03:13:26 INF] 【直播间】407149 的第 56 个心跳包发送成功
[03:13:27 INF] 【直播间】11732699 的第 56 个心跳包发送成功
[03:13:28 INF] 【直播间】7184632 的第 56 个心跳包发送成功
[03:13:29 INF] 【直播间】23447660 的第 56 个心跳包发送成功
[03:13:31 INF] 【直播间】929670 的第 56 个心跳包发送成功
[03:13:32 INF] 【直播间】91164 的第 56 个心跳包发送成功
[03:13:33 INF] 【直播间】22764265 的第 56 个心跳包发送成功
[03:14:26 INF] 【直播间】23357926 的第 57 个心跳包发送成功
[03:14:27 INF] 【直播间】23040372 的第 57 个心跳包发送成功
[03:14:28 INF] 【直播间】31494 的第 57 个心跳包发送成功
[03:14:30 INF] 【直播间】4015781 的第 57 个心跳包发送成功
[03:14:31 INF] 【直播间】9619073 的第 57 个心跳包发送成功
[03:14:32 INF] 【直播间】407149 的第 57 个心跳包发送成功
[03:14:33 INF] 【直播间】11732699 的第 57 个心跳包发送成功
[03:14:34 INF] 【直播间】7184632 的第 57 个心跳包发送成功
[03:14:36 INF] 【直播间】23447660 的第 57 个心跳包发送成功
[03:14:37 INF] 【直播间】929670 的第 57 个心跳包发送成功
[03:14:38 INF] 【直播间】91164 的第 57 个心跳包发送成功
[03:14:39 INF] 【直播间】22764265 的第 57 个心跳包发送成功
[03:15:32 ERR] 【心跳包】直播间 23357926 发送失败
[03:15:32 ERR] 【原因】time check failed
[03:15:33 ERR] 【心跳包】直播间 23040372 发送失败
[03:15:33 ERR] 【原因】time check failed
[03:15:35 ERR] 【心跳包】直播间 31494 发送失败
[03:15:35 ERR] 【原因】time check failed
[03:15:36 ERR] 【心跳包】直播间 4015781 发送失败
[03:15:36 ERR] 【原因】time check failed
[03:15:37 ERR] 【心跳包】直播间 9619073 发送失败
[03:15:37 ERR] 【原因】time check failed
[03:15:38 ERR] 【心跳包】直播间 407149 发送失败
[03:15:38 ERR] 【原因】time check failed
[03:15:39 ERR] 【心跳包】直播间 11732699 发送失败
[03:15:39 ERR] 【原因】time check failed
[03:15:41 ERR] 【心跳包】直播间 7184632 发送失败
[03:15:41 ERR] 【原因】time check failed
[03:15:42 ERR] 【心跳包】直播间 23447660 发送失败
[03:15:42 ERR] 【原因】time check failed
[03:15:43 ERR] 【心跳包】直播间 929670 发送失败
[03:15:43 ERR] 【原因】time check failed
[03:15:44 ERR] 【心跳包】直播间 91164 发送失败
[03:15:44 ERR] 【原因】time check failed
[03:15:46 ERR] 【心跳包】直播间 22764265 发送失败
[03:15:46 ERR] 【原因】time check failed
[03:16:38 INF] 【直播间】23357926 的第 58 个心跳包发送成功
[03:16:40 INF] 【直播间】23040372 的第 58 个心跳包发送成功
[03:16:41 INF] 【直播间】31494 的第 58 个心跳包发送成功
[03:16:42 INF] 【直播间】4015781 的第 58 个心跳包发送成功
[03:16:43 INF] 【直播间】9619073 的第 58 个心跳包发送成功
[03:16:45 INF] 【直播间】407149 的第 58 个心跳包发送成功
[03:16:46 INF] 【直播间】11732699 的第 58 个心跳包发送成功
[03:16:47 INF] 【直播间】7184632 的第 58 个心跳包发送成功
[03:16:48 INF] 【直播间】23447660 的第 58 个心跳包发送成功
[03:16:50 INF] 【直播间】929670 的第 58 个心跳包发送成功
[03:16:51 INF] 【直播间】91164 的第 58 个心跳包发送成功
[03:16:52 INF] 【直播间】22764265 的第 58 个心跳包发送成功
[03:17:45 INF] 【直播间】23357926 的第 59 个心跳包发送成功
[03:17:46 INF] 【直播间】23040372 的第 59 个心跳包发送成功
[03:17:47 INF] 【直播间】31494 的第 59 个心跳包发送成功
[03:17:48 INF] 【直播间】4015781 的第 59 个心跳包发送成功
[03:17:50 INF] 【直播间】9619073 的第 59 个心跳包发送成功
[03:17:51 INF] 【直播间】407149 的第 59 个心跳包发送成功
[03:17:52 INF] 【直播间】11732699 的第 59 个心跳包发送成功
[03:17:53 INF] 【直播间】7184632 的第 59 个心跳包发送成功
[03:17:54 INF] 【直播间】23447660 的第 59 个心跳包发送成功
[03:17:56 INF] 【直播间】929670 的第 59 个心跳包发送成功
[03:17:57 INF] 【直播间】91164 的第 59 个心跳包发送成功
[03:17:58 INF] 【直播间】22764265 的第 59 个心跳包发送成功
[03:18:51 INF] 【直播间】23357926 的第 60 个心跳包发送成功
[03:18:52 INF] 【直播间】23040372 的第 60 个心跳包发送成功
[03:18:53 INF] 【直播间】31494 的第 60 个心跳包发送成功
[03:18:55 INF] 【直播间】4015781 的第 60 个心跳包发送成功
[03:18:56 INF] 【直播间】9619073 的第 60 个心跳包发送成功
[03:18:57 INF] 【直播间】407149 的第 60 个心跳包发送成功
[03:18:58 INF] 【直播间】11732699 的第 60 个心跳包发送成功
[03:18:59 INF] 【直播间】7184632 的第 60 个心跳包发送成功
[03:19:01 INF] 【直播间】23447660 的第 60 个心跳包发送成功
[03:19:02 INF] 【直播间】929670 的第 60 个心跳包发送成功
[03:19:03 INF] 【直播间】91164 的第 60 个心跳包发送成功
[03:19:05 INF] 【直播间】22764265 的第 60 个心跳包发送成功
[03:19:57 INF] 【直播间】23357926 的第 61 个心跳包发送成功
[03:19:59 INF] 【直播间】23040372 的第 61 个心跳包发送成功
[03:20:00 INF] 【直播间】31494 的第 61 个心跳包发送成功
[03:20:01 INF] 【直播间】4015781 的第 61 个心跳包发送成功
[03:20:02 INF] 【直播间】9619073 的第 61 个心跳包发送成功
[03:20:04 INF] 【直播间】407149 的第 61 个心跳包发送成功
[03:20:05 INF] 【直播间】11732699 的第 61 个心跳包发送成功
[03:20:06 INF] 【直播间】7184632 的第 61 个心跳包发送成功
[03:20:07 INF] 【直播间】23447660 的第 61 个心跳包发送成功
[03:20:08 INF] 【直播间】929670 的第 61 个心跳包发送成功
[03:20:10 INF] 【直播间】91164 的第 61 个心跳包发送成功
[03:20:11 INF] 【直播间】22764265 的第 61 个心跳包发送成功
[03:21:04 INF] 【直播间】23357926 的第 62 个心跳包发送成功
[03:21:05 INF] 【直播间】23040372 的第 62 个心跳包发送成功
[03:21:06 INF] 【直播间】31494 的第 62 个心跳包发送成功
[03:21:08 INF] 【直播间】4015781 的第 62 个心跳包发送成功
[03:21:09 INF] 【直播间】9619073 的第 62 个心跳包发送成功
[03:21:10 INF] 【直播间】407149 的第 62 个心跳包发送成功
[03:21:11 INF] 【直播间】11732699 的第 62 个心跳包发送成功
[03:21:12 INF] 【直播间】7184632 的第 62 个心跳包发送成功
[03:21:14 INF] 【直播间】23447660 的第 62 个心跳包发送成功
[03:21:15 INF] 【直播间】929670 的第 62 个心跳包发送成功
[03:21:16 INF] 【直播间】91164 的第 62 个心跳包发送成功
[03:21:17 INF] 【直播间】22764265 的第 62 个心跳包发送成功
[03:22:10 INF] 【直播间】23357926 的第 63 个心跳包发送成功
[03:22:11 INF] 【直播间】23040372 的第 63 个心跳包发送成功
[03:22:13 INF] 【直播间】31494 的第 63 个心跳包发送成功
[03:22:14 INF] 【直播间】4015781 的第 63 个心跳包发送成功
[03:22:15 INF] 【直播间】9619073 的第 63 个心跳包发送成功
[03:22:16 INF] 【直播间】407149 的第 63 个心跳包发送成功
[03:22:18 INF] 【直播间】11732699 的第 63 个心跳包发送成功
[03:22:19 INF] 【直播间】7184632 的第 63 个心跳包发送成功
[03:22:20 INF] 【直播间】23447660 的第 63 个心跳包发送成功
[03:22:21 INF] 【直播间】929670 的第 63 个心跳包发送成功
[03:22:23 INF] 【直播间】91164 的第 63 个心跳包发送成功
[03:22:24 INF] 【直播间】22764265 的第 63 个心跳包发送成功
[03:23:17 INF] 【直播间】23357926 的第 64 个心跳包发送成功
[03:23:18 INF] 【直播间】23040372 的第 64 个心跳包发送成功
[03:23:19 INF] 【直播间】31494 的第 64 个心跳包发送成功
[03:23:20 INF] 【直播间】4015781 的第 64 个心跳包发送成功
[03:23:22 INF] 【直播间】9619073 的第 64 个心跳包发送成功
[03:23:23 INF] 【直播间】407149 的第 64 个心跳包发送成功
[03:23:24 INF] 【直播间】11732699 的第 64 个心跳包发送成功
[03:23:25 INF] 【直播间】7184632 的第 64 个心跳包发送成功
[03:23:27 INF] 【直播间】23447660 的第 64 个心跳包发送成功
[03:23:28 INF] 【直播间】929670 的第 64 个心跳包发送成功
[03:23:29 INF] 【直播间】91164 的第 64 个心跳包发送成功
[03:23:30 INF] 【直播间】22764265 的第 64 个心跳包发送成功
[03:24:23 INF] 【直播间】23357926 的第 65 个心跳包发送成功
[03:24:24 INF] 【直播间】23040372 的第 65 个心跳包发送成功
[03:24:25 INF] 【直播间】31494 的第 65 个心跳包发送成功
[03:24:26 INF] 【直播间】4015781 的第 65 个心跳包发送成功
[03:24:28 INF] 【直播间】9619073 的第 65 个心跳包发送成功
[03:24:29 INF] 【直播间】407149 的第 65 个心跳包发送成功
[03:24:30 INF] 【直播间】11732699 的第 65 个心跳包发送成功
[03:24:32 INF] 【直播间】7184632 的第 65 个心跳包发送成功
[03:24:33 INF] 【直播间】23447660 的第 65 个心跳包发送成功
[03:24:34 INF] 【直播间】929670 的第 65 个心跳包发送成功
[03:24:35 INF] 【直播间】91164 的第 65 个心跳包发送成功
[03:24:37 INF] 【直播间】22764265 的第 65 个心跳包发送成功
[03:25:29 INF] 【直播间】23357926 的第 66 个心跳包发送成功
[03:25:31 INF] 【直播间】23040372 的第 66 个心跳包发送成功
[03:25:32 INF] 【直播间】31494 的第 66 个心跳包发送成功
[03:25:33 INF] 【直播间】4015781 的第 66 个心跳包发送成功
[03:25:34 INF] 【直播间】9619073 的第 66 个心跳包发送成功
[03:25:35 INF] 【直播间】407149 的第 66 个心跳包发送成功
[03:25:37 INF] 【直播间】11732699 的第 66 个心跳包发送成功
[03:25:38 INF] 【直播间】7184632 的第 66 个心跳包发送成功
[03:25:39 INF] 【直播间】23447660 的第 66 个心跳包发送成功
[03:25:41 INF] 【直播间】929670 的第 66 个心跳包发送成功
[03:25:42 INF] 【直播间】91164 的第 66 个心跳包发送成功
[03:25:43 INF] 【直播间】22764265 的第 66 个心跳包发送成功
[03:26:36 INF] 【直播间】23357926 的第 67 个心跳包发送成功
[03:26:37 INF] 【直播间】23040372 的第 67 个心跳包发送成功
[03:26:38 INF] 【直播间】31494 的第 67 个心跳包发送成功
[03:26:39 INF] 【直播间】4015781 的第 67 个心跳包发送成功
[03:26:40 INF] 【直播间】9619073 的第 67 个心跳包发送成功
[03:26:42 INF] 【直播间】407149 的第 67 个心跳包发送成功
[03:26:43 INF] 【直播间】11732699 的第 67 个心跳包发送成功
[03:26:44 INF] 【直播间】7184632 的第 67 个心跳包发送成功
[03:26:46 INF] 【直播间】23447660 的第 67 个心跳包发送成功
[03:26:47 INF] 【直播间】929670 的第 67 个心跳包发送成功
[03:26:48 INF] 【直播间】91164 的第 67 个心跳包发送成功
[03:26:49 INF] 【直播间】22764265 的第 67 个心跳包发送成功
[03:27:42 INF] 【直播间】23357926 的第 68 个心跳包发送成功
[03:27:43 INF] 【直播间】23040372 的第 68 个心跳包发送成功
[03:27:44 INF] 【直播间】31494 的第 68 个心跳包发送成功
[03:27:45 INF] 【直播间】4015781 的第 68 个心跳包发送成功
[03:27:47 INF] 【直播间】9619073 的第 68 个心跳包发送成功
[03:27:48 INF] 【直播间】407149 的第 68 个心跳包发送成功
[03:27:49 INF] 【直播间】11732699 的第 68 个心跳包发送成功
[03:27:50 INF] 【直播间】7184632 的第 68 个心跳包发送成功
[03:27:52 INF] 【直播间】23447660 的第 68 个心跳包发送成功
[03:27:53 INF] 【直播间】929670 的第 68 个心跳包发送成功
[03:27:54 INF] 【直播间】91164 的第 68 个心跳包发送成功
[03:27:55 INF] 【直播间】22764265 的第 68 个心跳包发送成功
[03:28:48 INF] 【直播间】23357926 的第 69 个心跳包发送成功
[03:28:50 INF] 【直播间】23040372 的第 69 个心跳包发送成功
[03:28:51 INF] 【直播间】31494 的第 69 个心跳包发送成功
[03:28:52 INF] 【直播间】4015781 的第 69 个心跳包发送成功
[03:28:53 INF] 【直播间】9619073 的第 69 个心跳包发送成功
[03:28:55 INF] 【直播间】407149 的第 69 个心跳包发送成功
[03:28:56 INF] 【直播间】11732699 的第 69 个心跳包发送成功
[03:28:57 INF] 【直播间】7184632 的第 69 个心跳包发送成功
[03:28:58 INF] 【直播间】23447660 的第 69 个心跳包发送成功
[03:29:00 INF] 【直播间】929670 的第 69 个心跳包发送成功
[03:29:01 INF] 【直播间】91164 的第 69 个心跳包发送成功
[03:29:02 INF] 【直播间】22764265 的第 69 个心跳包发送成功
[03:29:55 INF] 【直播间】23357926 的第 70 个心跳包发送成功
[03:29:56 INF] 【直播间】23040372 的第 70 个心跳包发送成功
[03:29:57 INF] 【直播间】31494 的第 70 个心跳包发送成功
[03:29:58 INF] 【直播间】4015781 的第 70 个心跳包发送成功
[03:30:00 INF] 【直播间】9619073 的第 70 个心跳包发送成功
[03:30:01 INF] 【直播间】407149 的第 70 个心跳包发送成功
[03:30:02 INF] 【直播间】11732699 的第 70 个心跳包发送成功
[03:30:03 INF] 【直播间】7184632 的第 70 个心跳包发送成功
[03:30:04 INF] 【直播间】23447660 的第 70 个心跳包发送成功
[03:30:06 INF] 【直播间】929670 的第 70 个心跳包发送成功
[03:30:07 INF] 【直播间】91164 的第 70 个心跳包发送成功
[03:30:08 INF] 【直播间】22764265 的第 70 个心跳包发送成功
[03:30:08 INF] 【直播观看时长】完成情况：12/12 
[03:30:08 INF] ---------结束---------

[03:30:08 INF] ==========结束==========

[03:30:08 INF] ######### 账号 3 #########

[03:30:08 INF] =====开始 直播间互动 =====

[03:30:08 INF] ---开始 发送弹幕 ---
[03:30:08 INF] 检测到直播 Cookie 未正确配置，尝试自动配置中...
[03:30:13 INF] 直播 Cookie 配置成功！
[03:30:13 INF] 【获取直播列表】获取拥有粉丝牌的直播列表
[03:30:20 ERR] 【获取直播列表】失败
[03:30:20 ERR] 【原因】账号未登录
[03:30:20 ERR] 发送弹幕失败，继续其他任务。失败信息:Object reference not set to an instance of an object.

[03:30:20 INF] -------结束-------

[03:30:20 INF] ---开始 点赞直播间 ---
[03:30:20 INF] 【获取直播列表】获取拥有粉丝牌的直播列表
[03:30:28 ERR] 【获取直播列表】失败
[03:30:28 ERR] 【原因】账号未登录
[03:30:28 ERR] 点赞直播间失败，继续其他任务。失败信息:Object reference not set to an instance of an object.

[03:30:28 INF] --------结束--------

[03:30:28 INF] ---开始 直播时长挂机 ---
[03:30:28 INF] 【获取直播列表】获取拥有粉丝牌的直播列表
[03:30:33 ERR] 【获取直播列表】失败
[03:30:33 ERR] 【原因】账号未登录
[03:30:33 ERR] 直播时长挂机失败，继续其他任务。失败信息:Object reference not set to an instance of an object.

[03:30:33 INF] ---------结束---------

[03:30:33 INF] ==========结束==========

[03:30:33 INF] 

========================

 v2.0.1 开源 by https://github.com/RayWangQvQ/BiliBiliToolPro

[03:30:33 INF] ·开始推送·LiveFansMedal任务·
2023-12-17T19:30:33.8733187Z 开始推送到:PushPlus
2023-12-17T19:30:34.9920196Z Response status: OK.
2023-12-17T19:30:34.9920595Z Response content: {"code":999,"msg":"发送内容过大，不能超过2万字","data":null}.

[03:30:34 INF] 运行环境：Development
[03:30:34 INF] 应用目录：/home/runner/work/BiliBiliToolPro/BiliBiliToolPro/src/Ray.BiliBiliTool.Console/bin/Debug/net6.0/

[03:30:34 INF] 运行结束
