----------- ip 信息 ---------
{
  "ip": "20.102.199.97",
  "city": "Chicago",
  "region": "Illinois",
  "country": "US",
  "loc": "41.8500,-87.6500",
  "org": "AS8075 Microsoft Corporation",
  "postal": "60666",
  "timezone": "America/Chicago",
  "readme": "https://ipinfo.io/missingauth"
} ---------- end ------------
  ____               ____    _   _____           _  
 |  _ \ __ _ _   _  | __ ) _| |_|_   _|__   ___ | | 
 | |_) / _` | | | | |  _ \(_) (_) | |/ _ \ / _ \| | 
 |  _ < (_| | |_| | | |_) | | | | | | (_) | (_) | | 
 |_| \_\__,_|\__, | |____/|_|_|_| |_|\___/ \___/|_| 
             |___/                                  

[00:27:23 INF] BiliBiliToolPro 开始运行...

[00:27:23 INF] 【账号个数】3个

[00:27:23 INF] 随机休眠5分钟

[00:32:23 INF] 【目标任务】LiveFansMedal
[00:32:23 INF] ######### 账号 1 #########

[00:32:23 INF] =====开始 直播间互动 =====

[00:32:23 INF] ---开始 发送弹幕 ---
[00:32:23 INF] 检测到直播 Cookie 未正确配置，尝试自动配置中...
[00:32:27 INF] 直播 Cookie 配置成功！
[00:32:27 INF] 【获取直播列表】获取拥有粉丝牌的直播列表
[00:32:35 ERR] 【获取直播列表】失败
[00:32:35 ERR] 【原因】账号未登录
[00:32:35 ERR] 发送弹幕失败，继续其他任务。失败信息:Object reference not set to an instance of an object.

[00:32:35 INF] -------结束-------

[00:32:35 INF] ---开始 点赞直播间 ---
[00:32:35 INF] 【获取直播列表】获取拥有粉丝牌的直播列表
[00:32:42 ERR] 【获取直播列表】失败
[00:32:42 ERR] 【原因】账号未登录
[00:32:42 ERR] 点赞直播间失败，继续其他任务。失败信息:Object reference not set to an instance of an object.

[00:32:42 INF] --------结束--------

[00:32:42 INF] ---开始 直播时长挂机 ---
[00:32:42 INF] 【获取直播列表】获取拥有粉丝牌的直播列表
[00:32:47 ERR] 【获取直播列表】失败
[00:32:47 ERR] 【原因】账号未登录
[00:32:47 ERR] 直播时长挂机失败，继续其他任务。失败信息:Object reference not set to an instance of an object.

[00:32:47 INF] ---------结束---------

[00:32:47 INF] ==========结束==========

[00:32:47 INF] ######### 账号 2 #########

[00:32:47 INF] =====开始 直播间互动 =====

[00:32:47 INF] ---开始 发送弹幕 ---
[00:32:47 INF] 检测到直播 Cookie 未正确配置，尝试自动配置中...
[00:32:52 ERR] 【配置直播Cookie】失败，放弃执行后续任务...
[00:32:52 ERR] 【原因】Value cannot be null. (Parameter 'source')
[00:32:52 INF] -------结束-------

[00:32:52 INF] ---开始 点赞直播间 ---
[00:32:52 INF] 检测到直播 Cookie 未正确配置，尝试自动配置中...
[00:32:57 ERR] 【配置直播Cookie】失败，放弃执行后续任务...
[00:32:57 ERR] 【原因】Value cannot be null. (Parameter 'source')
[00:32:57 INF] --------结束--------

[00:32:57 INF] ---开始 直播时长挂机 ---
[00:32:57 INF] 检测到直播 Cookie 未正确配置，尝试自动配置中...
[00:33:03 ERR] 【配置直播Cookie】失败，放弃执行后续任务...
[00:33:03 ERR] 【原因】Value cannot be null. (Parameter 'source')
[00:33:03 INF] ---------结束---------

[00:33:03 INF] ==========结束==========

[00:33:03 INF] ######### 账号 3 #########

[00:33:03 INF] =====开始 直播间互动 =====

[00:33:03 INF] ---开始 发送弹幕 ---
[00:33:03 INF] 检测到直播 Cookie 未正确配置，尝试自动配置中...
[00:33:10 ERR] 【配置直播Cookie】失败，放弃执行后续任务...
[00:33:10 ERR] 【原因】Value cannot be null. (Parameter 'source')
[00:33:10 INF] -------结束-------

[00:33:10 INF] ---开始 点赞直播间 ---
[00:33:10 INF] 检测到直播 Cookie 未正确配置，尝试自动配置中...
[00:33:18 ERR] 【配置直播Cookie】失败，放弃执行后续任务...
[00:33:18 ERR] 【原因】Value cannot be null. (Parameter 'source')
[00:33:18 INF] --------结束--------

[00:33:18 INF] ---开始 直播时长挂机 ---
[00:33:18 INF] 检测到直播 Cookie 未正确配置，尝试自动配置中...
[00:33:24 ERR] 【配置直播Cookie】失败，放弃执行后续任务...
[00:33:24 ERR] 【原因】Value cannot be null. (Parameter 'source')
[00:33:24 INF] ---------结束---------

[00:33:24 INF] ==========结束==========

[00:33:24 INF] 

========================

 v2.0.2 开源 by https://github.com/RayWangQvQ/BiliBiliToolPro

[00:33:24 INF] ·开始推送·LiveFansMedal任务·
2024-01-30T16:33:24.7837283Z 开始推送到:PushPlus
2024-01-30T16:33:25.5943892Z Response status: OK.
2024-01-30T16:33:25.5944472Z Response content: {"code":200,"msg":"请求成功","data":"7a3a854c0b474a24a624968e87530e27","count":null}.

[00:33:25 INF] 运行环境：Development
[00:33:25 INF] 应用目录：/home/runner/work/BiliBiliToolPro/BiliBiliToolPro/src/Ray.BiliBiliTool.Console/bin/Debug/net6.0/

[00:33:25 INF] 运行结束
