----------- ip 信息 ---------
{
  "ip": "13.88.99.134",
  "city": "San Jose",
  "region": "California",
  "country": "US",
  "loc": "37.3394,-121.8950",
  "org": "AS8075 Microsoft Corporation",
  "postal": "95103",
  "timezone": "America/Los_Angeles",
  "readme": "https://ipinfo.io/missingauth"
} ---------- end ------------
  ____               ____    _   _____           _  
 |  _ \ __ _ _   _  | __ ) _| |_|_   _|__   ___ | | 
 | |_) / _` | | | | |  _ \(_) (_) | |/ _ \ / _ \| | 
 |  _ < (_| | |_| | | |_) | | | | | | (_) | (_) | | 
 |_| \_\__,_|\__, | |____/|_|_|_| |_|\___/ \___/|_| 
             |___/                                  

[00:26:23 INF] BiliBiliToolPro 开始运行...

[00:26:23 INF] 【账号个数】3个

[00:26:23 INF] 随机休眠1分钟

[00:27:23 INF] 【目标任务】LiveFansMedal
[00:27:23 INF] ######### 账号 1 #########

[00:27:23 INF] =====开始 直播间互动 =====

[00:27:23 INF] ---开始 发送弹幕 ---
[00:27:23 INF] 检测到直播 Cookie 未正确配置，尝试自动配置中...
[00:27:30 INF] 直播 Cookie 配置成功！
[00:27:30 INF] 【获取直播列表】获取拥有粉丝牌的直播列表
[00:27:35 ERR] 【获取直播列表】失败
[00:27:35 ERR] 【原因】账号未登录
[00:27:35 ERR] 发送弹幕失败，继续其他任务。失败信息:Object reference not set to an instance of an object.

[00:27:35 INF] -------结束-------

[00:27:35 INF] ---开始 点赞直播间 ---
[00:27:35 INF] 【获取直播列表】获取拥有粉丝牌的直播列表
[00:27:43 ERR] 【获取直播列表】失败
[00:27:43 ERR] 【原因】账号未登录
[00:27:43 ERR] 点赞直播间失败，继续其他任务。失败信息:Object reference not set to an instance of an object.

[00:27:43 INF] --------结束--------

[00:27:43 INF] ---开始 直播时长挂机 ---
[00:27:43 INF] 【获取直播列表】获取拥有粉丝牌的直播列表
[00:27:48 ERR] 【获取直播列表】失败
[00:27:48 ERR] 【原因】账号未登录
[00:27:48 ERR] 直播时长挂机失败，继续其他任务。失败信息:Object reference not set to an instance of an object.

[00:27:48 INF] ---------结束---------

[00:27:48 INF] ==========结束==========

[00:27:48 INF] ######### 账号 2 #########

[00:27:48 INF] =====开始 直播间互动 =====

[00:27:48 INF] ---开始 发送弹幕 ---
[00:27:48 INF] 检测到直播 Cookie 未正确配置，尝试自动配置中...
[00:27:52 ERR] 【配置直播Cookie】失败，放弃执行后续任务...
[00:27:52 ERR] 【原因】Value cannot be null. (Parameter 'source')
[00:27:52 INF] -------结束-------

[00:27:52 INF] ---开始 点赞直播间 ---
[00:27:52 INF] 检测到直播 Cookie 未正确配置，尝试自动配置中...
[00:27:56 ERR] 【配置直播Cookie】失败，放弃执行后续任务...
[00:27:56 ERR] 【原因】Value cannot be null. (Parameter 'source')
[00:27:56 INF] --------结束--------

[00:27:56 INF] ---开始 直播时长挂机 ---
[00:27:56 INF] 检测到直播 Cookie 未正确配置，尝试自动配置中...
[00:28:01 ERR] 【配置直播Cookie】失败，放弃执行后续任务...
[00:28:01 ERR] 【原因】Value cannot be null. (Parameter 'source')
[00:28:01 INF] ---------结束---------

[00:28:01 INF] ==========结束==========

[00:28:01 INF] ######### 账号 3 #########

[00:28:01 INF] =====开始 直播间互动 =====

[00:28:01 INF] ---开始 发送弹幕 ---
[00:28:01 INF] 检测到直播 Cookie 未正确配置，尝试自动配置中...
[00:28:05 ERR] 【配置直播Cookie】失败，放弃执行后续任务...
[00:28:05 ERR] 【原因】Value cannot be null. (Parameter 'source')
[00:28:05 INF] -------结束-------

[00:28:05 INF] ---开始 点赞直播间 ---
[00:28:05 INF] 检测到直播 Cookie 未正确配置，尝试自动配置中...
[00:28:08 ERR] 【配置直播Cookie】失败，放弃执行后续任务...
[00:28:08 ERR] 【原因】Value cannot be null. (Parameter 'source')
[00:28:08 INF] --------结束--------

[00:28:08 INF] ---开始 直播时长挂机 ---
[00:28:08 INF] 检测到直播 Cookie 未正确配置，尝试自动配置中...
[00:28:15 ERR] 【配置直播Cookie】失败，放弃执行后续任务...
[00:28:15 ERR] 【原因】Value cannot be null. (Parameter 'source')
[00:28:15 INF] ---------结束---------

[00:28:15 INF] ==========结束==========

[00:28:15 INF] 

========================

 v2.0.2 开源 by https://github.com/RayWangQvQ/BiliBiliToolPro

[00:28:15 INF] ·开始推送·LiveFansMedal任务·
2024-02-02T16:28:15.7623290Z 开始推送到:PushPlus
2024-02-02T16:28:16.3503141Z Response status: OK.
2024-02-02T16:28:16.3503808Z Response content: {"code":200,"msg":"请求成功","data":"1a7a06281cc54c418029696c74387676","count":null}.

[00:28:16 INF] 运行环境：Development
[00:28:16 INF] 应用目录：/home/runner/work/BiliBiliToolPro/BiliBiliToolPro/src/Ray.BiliBiliTool.Console/bin/Debug/net6.0/

[00:28:16 INF] 运行结束
