----------- ip 信息 ---------
{
  "ip": "104.28.232.106",
  "city": "San Antonio",
  "region": "Texas",
  "country": "US",
  "loc": "29.4241,-98.4936",
  "org": "AS13335 Cloudflare, Inc.",
  "postal": "78205",
  "timezone": "America/Chicago",
  "readme": "https://ipinfo.io/missingauth"
} ---------- end ------------
  ____               ____    _   _____           _  
 |  _ \ __ _ _   _  | __ ) _| |_|_   _|__   ___ | | 
 | |_) / _` | | | | |  _ \(_) (_) | |/ _ \ / _ \| | 
 |  _ < (_| | |_| | | |_) | | | | | | (_) | (_) | | 
 |_| \_\__,_|\__, | |____/|_|_|_| |_|\___/ \___/|_| 
             |___/                                  

[00:30:53 INF] BiliBiliToolPro 开始运行...

[00:30:53 INF] 【账号个数】3个

[00:30:53 INF] 随机休眠1分钟

[00:31:53 INF] 【目标任务】LiveFansMedal
[00:31:53 INF] ######### 账号 1 #########

[00:31:53 INF] =====开始 直播间互动 =====

[00:31:53 INF] ---开始 发送弹幕 ---
[00:31:53 INF] 检测到直播 Cookie 未正确配置，尝试自动配置中...
[00:31:59 INF] 直播 Cookie 配置成功！
[00:31:59 INF] 【获取直播列表】获取拥有粉丝牌的直播列表
[00:32:03 INF] 【主播】Mark陌枫 
[00:32:10 ERR] 【获取空间信息】失败
[00:32:10 ERR] 【原因】访问权限不足
[00:32:10 INF] 【主播】KL_qiqi_ 
[00:32:17 ERR] 【获取空间信息】失败
[00:32:17 ERR] 【原因】访问权限不足
[00:32:17 INF] 【主播】苏打baka 
[00:32:23 ERR] 【获取空间信息】失败
[00:32:23 ERR] 【原因】访问权限不足
[00:32:23 INF] -------结束-------

[00:32:23 INF] ---开始 点赞直播间 ---
[00:32:23 INF] 【获取直播列表】获取拥有粉丝牌的直播列表
[00:32:29 INF] 【主播】Mark陌枫 
[00:32:32 ERR] 【获取空间信息】失败
[00:32:32 ERR] 【原因】访问权限不足
[00:32:32 INF] 【主播】KL_qiqi_ 
[00:32:36 ERR] 【获取空间信息】失败
[00:32:36 ERR] 【原因】访问权限不足
[00:32:36 INF] 【主播】苏打baka 
[00:32:44 ERR] 【获取空间信息】失败
[00:32:44 ERR] 【原因】访问权限不足
[00:32:44 INF] --------结束--------

[00:32:44 INF] ---开始 直播时长挂机 ---
[00:32:44 INF] 【获取直播列表】获取拥有粉丝牌的直播列表
[00:32:50 INF] 【主播】Mark陌枫 
[00:32:54 ERR] 【获取空间信息】失败
[00:32:54 ERR] 【原因】访问权限不足
[00:32:54 INF] 【主播】KL_qiqi_ 
[00:32:59 ERR] 【获取空间信息】失败
[00:32:59 ERR] 【原因】访问权限不足
[00:32:59 INF] 【主播】苏打baka 
[00:33:05 ERR] 【获取空间信息】失败
[00:33:05 ERR] 【原因】访问权限不足
[00:33:05 INF] 【直播观看时长】跳过，未检测到符合条件的主播
[00:33:05 INF] ---------结束---------

[00:33:05 INF] ==========结束==========

[00:33:05 INF] ######### 账号 2 #########

[00:33:05 INF] =====开始 直播间互动 =====

[00:33:05 INF] ---开始 发送弹幕 ---
[00:33:05 INF] 检测到直播 Cookie 未正确配置，尝试自动配置中...
[00:33:12 ERR] 【配置直播Cookie】失败，放弃执行后续任务...
[00:33:12 ERR] 【原因】Value cannot be null. (Parameter 'source')
[00:33:12 INF] -------结束-------

[00:33:12 INF] ---开始 点赞直播间 ---
[00:33:12 INF] 检测到直播 Cookie 未正确配置，尝试自动配置中...
[00:33:18 ERR] 【配置直播Cookie】失败，放弃执行后续任务...
[00:33:18 ERR] 【原因】Value cannot be null. (Parameter 'source')
[00:33:18 INF] --------结束--------

[00:33:18 INF] ---开始 直播时长挂机 ---
[00:33:18 INF] 检测到直播 Cookie 未正确配置，尝试自动配置中...
[00:33:24 ERR] 【配置直播Cookie】失败，放弃执行后续任务...
[00:33:24 ERR] 【原因】Value cannot be null. (Parameter 'source')
[00:33:24 INF] ---------结束---------

[00:33:24 INF] ==========结束==========

[00:33:24 INF] ######### 账号 3 #########

[00:33:24 INF] =====开始 直播间互动 =====

[00:33:24 INF] ---开始 发送弹幕 ---
[00:33:24 INF] 检测到直播 Cookie 未正确配置，尝试自动配置中...
[00:33:28 ERR] 【配置直播Cookie】失败，放弃执行后续任务...
[00:33:28 ERR] 【原因】Value cannot be null. (Parameter 'source')
[00:33:28 INF] -------结束-------

[00:33:28 INF] ---开始 点赞直播间 ---
[00:33:28 INF] 检测到直播 Cookie 未正确配置，尝试自动配置中...
[00:33:34 ERR] 【配置直播Cookie】失败，放弃执行后续任务...
[00:33:34 ERR] 【原因】Value cannot be null. (Parameter 'source')
[00:33:34 INF] --------结束--------

[00:33:34 INF] ---开始 直播时长挂机 ---
[00:33:34 INF] 检测到直播 Cookie 未正确配置，尝试自动配置中...
[00:33:40 ERR] 【配置直播Cookie】失败，放弃执行后续任务...
[00:33:40 ERR] 【原因】Value cannot be null. (Parameter 'source')
[00:33:40 INF] ---------结束---------

[00:33:40 INF] ==========结束==========

[00:33:40 INF] 

========================

 v1.0.3 开源 by https://github.com/RayWangQvQ/BiliBiliToolPro

[00:33:40 INF] ·开始推送·LiveFansMedal任务·
2023-05-23T16:33:40.5161582Z 开始推送到:自定义
2023-05-23T16:33:45.4385793Z Response status: OK.
2023-05-23T16:33:45.4386477Z Response content: {"message":"","success":true,"uuid":"5f74f5a0a0924fd2b45fa02d792d1c30"}.

[00:33:45 INF] 运行环境：Development
[00:33:45 INF] 应用目录：/home/runner/work/BiliBiliToolPro/BiliBiliToolPro/src/Ray.BiliBiliTool.Console/bin/Debug/net6.0/

[00:33:45 INF] 运行结束
