----------- ip 信息 ---------
{
  "ip": "104.28.204.213",
  "city": "Richmond",
  "region": "Virginia",
  "country": "US",
  "loc": "37.5538,-77.4603",
  "org": "AS13335 Cloudflare, Inc.",
  "postal": "23173",
  "timezone": "America/New_York",
  "readme": "https://ipinfo.io/missingauth"
} ---------- end ------------
  ____               ____    _   _____           _  
 |  _ \ __ _ _   _  | __ ) _| |_|_   _|__   ___ | | 
 | |_) / _` | | | | |  _ \(_) (_) | |/ _ \ / _ \| | 
 |  _ < (_| | |_| | | |_) | | | | | | (_) | (_) | | 
 |_| \_\__,_|\__, | |____/|_|_|_| |_|\___/ \___/|_| 
             |___/                                  

[00:30:09 INF] BiliBiliToolPro 开始运行...

[00:30:10 INF] 【账号个数】3个

[00:30:10 INF] 随机休眠2分钟

[00:32:10 INF] 【目标任务】LiveFansMedal
[00:32:10 INF] ######### 账号 1 #########

[00:32:10 INF] =====开始 直播间互动 =====

[00:32:10 INF] ---开始 发送弹幕 ---
[00:32:10 INF] 检测到直播 Cookie 未正确配置，尝试自动配置中...
[00:32:16 INF] 直播 Cookie 配置成功！
[00:32:16 INF] 【获取直播列表】获取拥有粉丝牌的直播列表
[00:32:24 INF] 【主播】Mark陌枫 
[00:32:28 ERR] 【获取空间信息】失败
[00:32:28 ERR] 【原因】访问权限不足
[00:32:28 INF] 【主播】KL_qiqi_ 
[00:32:32 ERR] 【获取空间信息】失败
[00:32:32 ERR] 【原因】访问权限不足
[00:32:32 INF] 【主播】苏打baka 
[00:32:40 ERR] 【获取空间信息】失败
[00:32:40 ERR] 【原因】访问权限不足
[00:32:40 INF] -------结束-------

[00:32:40 INF] ---开始 点赞直播间 ---
[00:32:40 INF] 【获取直播列表】获取拥有粉丝牌的直播列表
[00:32:45 INF] 【主播】Mark陌枫 
[00:32:52 ERR] 【获取空间信息】失败
[00:32:52 ERR] 【原因】访问权限不足
[00:32:52 INF] 【主播】KL_qiqi_ 
[00:32:57 ERR] 【获取空间信息】失败
[00:32:58 ERR] 【原因】访问权限不足
[00:32:58 INF] 【主播】苏打baka 
[00:33:04 ERR] 【获取空间信息】失败
[00:33:04 ERR] 【原因】访问权限不足
[00:33:04 INF] --------结束--------

[00:33:04 INF] ---开始 直播时长挂机 ---
[00:33:04 INF] 【获取直播列表】获取拥有粉丝牌的直播列表
[00:33:11 INF] 【主播】Mark陌枫 
[00:33:18 ERR] 【获取空间信息】失败
[00:33:18 ERR] 【原因】访问权限不足
[00:33:18 INF] 【主播】KL_qiqi_ 
[00:33:24 ERR] 【获取空间信息】失败
[00:33:24 ERR] 【原因】访问权限不足
[00:33:24 INF] 【主播】苏打baka 
[00:33:28 ERR] 【获取空间信息】失败
[00:33:28 ERR] 【原因】访问权限不足
[00:33:28 INF] 【直播观看时长】跳过，未检测到符合条件的主播
[00:33:28 INF] ---------结束---------

[00:33:28 INF] ==========结束==========

[00:33:28 INF] ######### 账号 2 #########

[00:33:28 INF] =====开始 直播间互动 =====

[00:33:28 INF] ---开始 发送弹幕 ---
[00:33:28 INF] 检测到直播 Cookie 未正确配置，尝试自动配置中...
[00:33:34 ERR] 【配置直播Cookie】失败，放弃执行后续任务...
[00:33:34 ERR] 【原因】Value cannot be null. (Parameter 'source')
[00:33:34 INF] -------结束-------

[00:33:34 INF] ---开始 点赞直播间 ---
[00:33:34 INF] 检测到直播 Cookie 未正确配置，尝试自动配置中...
[00:33:40 ERR] 【配置直播Cookie】失败，放弃执行后续任务...
[00:33:40 ERR] 【原因】Value cannot be null. (Parameter 'source')
[00:33:40 INF] --------结束--------

[00:33:40 INF] ---开始 直播时长挂机 ---
[00:33:40 INF] 检测到直播 Cookie 未正确配置，尝试自动配置中...
[00:33:44 ERR] 【配置直播Cookie】失败，放弃执行后续任务...
[00:33:44 ERR] 【原因】Value cannot be null. (Parameter 'source')
[00:33:44 INF] ---------结束---------

[00:33:44 INF] ==========结束==========

[00:33:44 INF] ######### 账号 3 #########

[00:33:44 INF] =====开始 直播间互动 =====

[00:33:44 INF] ---开始 发送弹幕 ---
[00:33:44 INF] 检测到直播 Cookie 未正确配置，尝试自动配置中...
[00:33:50 ERR] 【配置直播Cookie】失败，放弃执行后续任务...
[00:33:50 ERR] 【原因】Value cannot be null. (Parameter 'source')
[00:33:50 INF] -------结束-------

[00:33:50 INF] ---开始 点赞直播间 ---
[00:33:50 INF] 检测到直播 Cookie 未正确配置，尝试自动配置中...
[00:33:57 ERR] 【配置直播Cookie】失败，放弃执行后续任务...
[00:33:57 ERR] 【原因】Value cannot be null. (Parameter 'source')
[00:33:57 INF] --------结束--------

[00:33:57 INF] ---开始 直播时长挂机 ---
[00:33:57 INF] 检测到直播 Cookie 未正确配置，尝试自动配置中...
[00:34:05 ERR] 【配置直播Cookie】失败，放弃执行后续任务...
[00:34:05 ERR] 【原因】Value cannot be null. (Parameter 'source')
[00:34:05 INF] ---------结束---------

[00:34:05 INF] ==========结束==========

[00:34:05 INF] 

========================

 v1.0.3 开源 by https://github.com/RayWangQvQ/BiliBiliToolPro

[00:34:05 INF] ·开始推送·LiveFansMedal任务·
2023-05-25T16:34:05.4449069Z 开始推送到:自定义
2023-05-25T16:34:12.8617830Z Response status: OK.
2023-05-25T16:34:12.8618651Z Response content: {"message":"","success":true,"uuid":"f895ed91d30a4e0d86d6c9232dc406c8"}.

[00:34:12 INF] 运行环境：Development
[00:34:12 INF] 应用目录：/home/runner/work/BiliBiliToolPro/BiliBiliToolPro/src/Ray.BiliBiliTool.Console/bin/Debug/net6.0/

[00:34:12 INF] 运行结束
