----------- ip 信息 ---------
{
  "ip": "40.84.171.30",
  "city": "San Antonio",
  "region": "Texas",
  "country": "US",
  "loc": "29.4241,-98.4936",
  "org": "AS8075 Microsoft Corporation",
  "postal": "78205",
  "timezone": "America/Chicago",
  "readme": "https://ipinfo.io/missingauth"
} ---------- end ------------
  ____               ____    _   _____           _  
 |  _ \ __ _ _   _  | __ ) _| |_|_   _|__   ___ | | 
 | |_) / _` | | | | |  _ \(_) (_) | |/ _ \ / _ \| | 
 |  _ < (_| | |_| | | |_) | | | | | | (_) | (_) | | 
 |_| \_\__,_|\__, | |____/|_|_|_| |_|\___/ \___/|_| 
             |___/                                  

[00:28:06 INF] BiliBiliToolPro 开始运行...

[00:28:06 INF] 【账号个数】3个

[00:28:06 INF] 随机休眠2分钟

[00:30:06 INF] 【目标任务】LiveFansMedal
[00:30:06 INF] ######### 账号 1 #########

[00:30:06 INF] =====开始 直播间互动 =====

[00:30:06 INF] ---开始 发送弹幕 ---
[00:30:06 INF] 检测到直播 Cookie 未正确配置，尝试自动配置中...
[00:30:15 INF] 直播 Cookie 配置成功！
[00:30:15 INF] 【获取直播列表】获取拥有粉丝牌的直播列表
[00:30:21 INF] 【主播】Mark陌枫 
[00:30:39 INF] 【主播】KL_qiqi_ 
[00:30:54 INF] 【主播】苏打baka 
[00:31:08 INF] 【直播间】Mark陌枫
[00:31:08 INF] 【粉丝牌】馬楓
[00:31:08 INF] 正在发送弹幕...
[00:31:13 INF] 【直播间】KL_qiqi_
[00:31:13 INF] 【粉丝牌】qiqisb
[00:31:13 INF] 正在发送弹幕...
[00:31:16 INF] 【直播间】苏打baka
[00:31:16 INF] 【粉丝牌】碳酸钠
[00:31:16 INF] 正在发送弹幕...
[00:31:19 INF] -------结束-------

[00:31:19 INF] ---开始 点赞直播间 ---
[00:31:19 INF] 【获取直播列表】获取拥有粉丝牌的直播列表
[00:31:21 INF] 【弹幕发送】成功~，你和主播 Mark陌枫 的亲密值增加了100！
[00:31:25 INF] 【主播】Mark陌枫 
[00:31:28 INF] 【弹幕发送】成功~，你和主播 苏打baka 的亲密值增加了100！
[00:31:29 INF] 【弹幕发送】成功~，你和主播 KL_qiqi_ 的亲密值增加了100！
[00:31:38 INF] 【主播】KL_qiqi_ 
[00:31:53 INF] 【主播】苏打baka 
[00:32:18 INF] 【点赞直播间】23357926 完成
[00:32:25 INF] 【点赞直播间】407149 完成
[00:32:32 INF] --------结束--------

[00:32:32 INF] ---开始 直播时长挂机 ---
[00:32:32 INF] 【获取直播列表】获取拥有粉丝牌的直播列表
[00:32:32 INF] 【点赞直播间】23040372 完成
[00:32:35 INF] 【主播】Mark陌枫 
[00:32:49 INF] 【主播】KL_qiqi_ 
[00:33:00 INF] 【主播】苏打baka 
[00:33:20 INF] 【直播间】23357926 的第 1 个心跳包发送成功
[00:33:21 INF] 【直播间】407149 的第 1 个心跳包发送成功
[00:33:22 INF] 【直播间】23040372 的第 1 个心跳包发送成功
[00:34:26 INF] 【直播间】23357926 的第 2 个心跳包发送成功
[00:34:27 INF] 【直播间】407149 的第 2 个心跳包发送成功
[00:34:28 INF] 【直播间】23040372 的第 2 个心跳包发送成功
[00:35:33 INF] 【直播间】23357926 的第 3 个心跳包发送成功
[00:35:34 INF] 【直播间】407149 的第 3 个心跳包发送成功
[00:35:35 INF] 【直播间】23040372 的第 3 个心跳包发送成功
[00:36:39 INF] 【直播间】23357926 的第 4 个心跳包发送成功
[00:36:40 INF] 【直播间】407149 的第 4 个心跳包发送成功
[00:36:42 INF] 【直播间】23040372 的第 4 个心跳包发送成功
[00:37:46 INF] 【直播间】23357926 的第 5 个心跳包发送成功
[00:37:47 INF] 【直播间】407149 的第 5 个心跳包发送成功
[00:37:48 INF] 【直播间】23040372 的第 5 个心跳包发送成功
[00:38:52 INF] 【直播间】23357926 的第 6 个心跳包发送成功
[00:38:53 INF] 【直播间】407149 的第 6 个心跳包发送成功
[00:38:54 INF] 【直播间】23040372 的第 6 个心跳包发送成功
[00:39:59 INF] 【直播间】23357926 的第 7 个心跳包发送成功
[00:40:00 INF] 【直播间】407149 的第 7 个心跳包发送成功
[00:40:01 INF] 【直播间】23040372 的第 7 个心跳包发送成功
[00:41:05 INF] 【直播间】23357926 的第 8 个心跳包发送成功
[00:41:06 INF] 【直播间】407149 的第 8 个心跳包发送成功
[00:41:08 INF] 【直播间】23040372 的第 8 个心跳包发送成功
[00:42:12 INF] 【直播间】23357926 的第 9 个心跳包发送成功
[00:42:13 INF] 【直播间】407149 的第 9 个心跳包发送成功
[00:42:14 INF] 【直播间】23040372 的第 9 个心跳包发送成功
[00:43:18 INF] 【直播间】23357926 的第 10 个心跳包发送成功
[00:43:19 INF] 【直播间】407149 的第 10 个心跳包发送成功
[00:43:21 INF] 【直播间】23040372 的第 10 个心跳包发送成功
[00:44:24 INF] 【直播间】23357926 的第 11 个心跳包发送成功
[00:44:26 INF] 【直播间】407149 的第 11 个心跳包发送成功
[00:44:27 INF] 【直播间】23040372 的第 11 个心跳包发送成功
[00:45:31 INF] 【直播间】23357926 的第 12 个心跳包发送成功
[00:45:32 INF] 【直播间】407149 的第 12 个心跳包发送成功
[00:45:33 INF] 【直播间】23040372 的第 12 个心跳包发送成功
[00:46:38 INF] 【直播间】23357926 的第 13 个心跳包发送成功
[00:46:39 INF] 【直播间】407149 的第 13 个心跳包发送成功
[00:46:40 INF] 【直播间】23040372 的第 13 个心跳包发送成功
[00:47:44 INF] 【直播间】23357926 的第 14 个心跳包发送成功
[00:47:45 INF] 【直播间】407149 的第 14 个心跳包发送成功
[00:47:47 INF] 【直播间】23040372 的第 14 个心跳包发送成功
[00:48:51 ERR] 【心跳包】直播间 23357926 发送失败
[00:48:51 ERR] 【原因】time check failed
[00:48:52 ERR] 【心跳包】直播间 407149 发送失败
[00:48:52 ERR] 【原因】time check failed
[00:48:53 ERR] 【心跳包】直播间 23040372 发送失败
[00:48:53 ERR] 【原因】time check failed
[00:49:57 INF] 【直播间】23357926 的第 15 个心跳包发送成功
[00:49:58 INF] 【直播间】407149 的第 15 个心跳包发送成功
[00:50:00 INF] 【直播间】23040372 的第 15 个心跳包发送成功
[00:51:03 INF] 【直播间】23357926 的第 16 个心跳包发送成功
[00:51:05 INF] 【直播间】407149 的第 16 个心跳包发送成功
[00:51:06 INF] 【直播间】23040372 的第 16 个心跳包发送成功
[00:52:10 INF] 【直播间】23357926 的第 17 个心跳包发送成功
[00:52:11 INF] 【直播间】407149 的第 17 个心跳包发送成功
[00:52:13 INF] 【直播间】23040372 的第 17 个心跳包发送成功
[00:53:17 INF] 【直播间】23357926 的第 18 个心跳包发送成功
[00:53:18 INF] 【直播间】407149 的第 18 个心跳包发送成功
[00:53:19 INF] 【直播间】23040372 的第 18 个心跳包发送成功
[00:54:23 INF] 【直播间】23357926 的第 19 个心跳包发送成功
[00:54:24 INF] 【直播间】407149 的第 19 个心跳包发送成功
[00:54:25 INF] 【直播间】23040372 的第 19 个心跳包发送成功
[00:55:29 INF] 【直播间】23357926 的第 20 个心跳包发送成功
[00:55:31 INF] 【直播间】407149 的第 20 个心跳包发送成功
[00:55:32 INF] 【直播间】23040372 的第 20 个心跳包发送成功
[00:56:36 INF] 【直播间】23357926 的第 21 个心跳包发送成功
[00:56:37 INF] 【直播间】407149 的第 21 个心跳包发送成功
[00:56:38 INF] 【直播间】23040372 的第 21 个心跳包发送成功
[00:57:42 INF] 【直播间】23357926 的第 22 个心跳包发送成功
[00:57:44 INF] 【直播间】407149 的第 22 个心跳包发送成功
[00:57:45 INF] 【直播间】23040372 的第 22 个心跳包发送成功
[00:58:49 INF] 【直播间】23357926 的第 23 个心跳包发送成功
[00:58:50 INF] 【直播间】407149 的第 23 个心跳包发送成功
[00:58:52 INF] 【直播间】23040372 的第 23 个心跳包发送成功
[00:59:55 INF] 【直播间】23357926 的第 24 个心跳包发送成功
[00:59:57 INF] 【直播间】407149 的第 24 个心跳包发送成功
[00:59:58 INF] 【直播间】23040372 的第 24 个心跳包发送成功
[01:01:02 INF] 【直播间】23357926 的第 25 个心跳包发送成功
[01:01:03 INF] 【直播间】407149 的第 25 个心跳包发送成功
[01:01:04 INF] 【直播间】23040372 的第 25 个心跳包发送成功
[01:02:08 INF] 【直播间】23357926 的第 26 个心跳包发送成功
[01:02:09 INF] 【直播间】407149 的第 26 个心跳包发送成功
[01:02:11 INF] 【直播间】23040372 的第 26 个心跳包发送成功
[01:03:15 INF] 【直播间】23357926 的第 27 个心跳包发送成功
[01:03:16 INF] 【直播间】407149 的第 27 个心跳包发送成功
[01:03:17 INF] 【直播间】23040372 的第 27 个心跳包发送成功
[01:04:21 INF] 【直播间】23357926 的第 28 个心跳包发送成功
[01:04:22 INF] 【直播间】407149 的第 28 个心跳包发送成功
[01:04:24 ERR] 【心跳包】直播间 23040372 发送失败
[01:04:24 ERR] 【原因】time check failed
[01:05:28 ERR] 【心跳包】直播间 23357926 发送失败
[01:05:28 ERR] 【原因】time check failed
[01:05:29 ERR] 【心跳包】直播间 407149 发送失败
[01:05:29 ERR] 【原因】time check failed
[01:05:30 INF] 【直播间】23040372 的第 28 个心跳包发送成功
[01:06:34 INF] 【直播间】23357926 的第 29 个心跳包发送成功
[01:06:35 INF] 【直播间】407149 的第 29 个心跳包发送成功
[01:06:36 INF] 【直播间】23040372 的第 29 个心跳包发送成功
[01:07:40 INF] 【直播间】23357926 的第 30 个心跳包发送成功
[01:07:42 INF] 【直播间】407149 的第 30 个心跳包发送成功
[01:07:43 INF] 【直播间】23040372 的第 30 个心跳包发送成功
[01:08:47 INF] 【直播间】23357926 的第 31 个心跳包发送成功
[01:08:48 INF] 【直播间】407149 的第 31 个心跳包发送成功
[01:08:50 INF] 【直播间】23040372 的第 31 个心跳包发送成功
[01:09:54 INF] 【直播间】23357926 的第 32 个心跳包发送成功
[01:09:55 INF] 【直播间】407149 的第 32 个心跳包发送成功
[01:09:56 INF] 【直播间】23040372 的第 32 个心跳包发送成功
[01:11:00 INF] 【直播间】23357926 的第 33 个心跳包发送成功
[01:11:02 INF] 【直播间】407149 的第 33 个心跳包发送成功
[01:11:03 INF] 【直播间】23040372 的第 33 个心跳包发送成功
[01:12:07 INF] 【直播间】23357926 的第 34 个心跳包发送成功
[01:12:08 INF] 【直播间】407149 的第 34 个心跳包发送成功
[01:12:09 INF] 【直播间】23040372 的第 34 个心跳包发送成功
[01:13:13 INF] 【直播间】23357926 的第 35 个心跳包发送成功
[01:13:15 INF] 【直播间】407149 的第 35 个心跳包发送成功
[01:13:16 INF] 【直播间】23040372 的第 35 个心跳包发送成功
[01:14:20 INF] 【直播间】23357926 的第 36 个心跳包发送成功
[01:14:21 INF] 【直播间】407149 的第 36 个心跳包发送成功
[01:14:22 INF] 【直播间】23040372 的第 36 个心跳包发送成功
[01:15:27 INF] 【直播间】23357926 的第 37 个心跳包发送成功
[01:15:28 INF] 【直播间】407149 的第 37 个心跳包发送成功
[01:15:29 INF] 【直播间】23040372 的第 37 个心跳包发送成功
[01:16:33 INF] 【直播间】23357926 的第 38 个心跳包发送成功
[01:16:34 INF] 【直播间】407149 的第 38 个心跳包发送成功
[01:16:35 INF] 【直播间】23040372 的第 38 个心跳包发送成功
[01:17:40 INF] 【直播间】23357926 的第 39 个心跳包发送成功
[01:17:41 INF] 【直播间】407149 的第 39 个心跳包发送成功
[01:17:42 INF] 【直播间】23040372 的第 39 个心跳包发送成功
[01:18:46 INF] 【直播间】23357926 的第 40 个心跳包发送成功
[01:18:47 INF] 【直播间】407149 的第 40 个心跳包发送成功
[01:18:48 INF] 【直播间】23040372 的第 40 个心跳包发送成功
[01:19:53 INF] 【直播间】23357926 的第 41 个心跳包发送成功
[01:19:54 INF] 【直播间】407149 的第 41 个心跳包发送成功
[01:19:55 ERR] 【心跳包】直播间 23040372 发送失败
[01:19:55 ERR] 【原因】time check failed
[01:20:59 ERR] 【心跳包】直播间 23357926 发送失败
[01:20:59 ERR] 【原因】time check failed
[01:21:00 ERR] 【心跳包】直播间 407149 发送失败
[01:21:00 ERR] 【原因】time check failed
[01:21:02 INF] 【直播间】23040372 的第 41 个心跳包发送成功
[01:22:05 INF] 【直播间】23357926 的第 42 个心跳包发送成功
[01:22:07 INF] 【直播间】407149 的第 42 个心跳包发送成功
[01:22:08 INF] 【直播间】23040372 的第 42 个心跳包发送成功
[01:23:12 INF] 【直播间】23357926 的第 43 个心跳包发送成功
[01:23:13 INF] 【直播间】407149 的第 43 个心跳包发送成功
[01:23:14 INF] 【直播间】23040372 的第 43 个心跳包发送成功
[01:24:18 INF] 【直播间】23357926 的第 44 个心跳包发送成功
[01:24:19 INF] 【直播间】407149 的第 44 个心跳包发送成功
[01:24:21 INF] 【直播间】23040372 的第 44 个心跳包发送成功
[01:25:25 INF] 【直播间】23357926 的第 45 个心跳包发送成功
[01:25:26 INF] 【直播间】407149 的第 45 个心跳包发送成功
[01:25:27 INF] 【直播间】23040372 的第 45 个心跳包发送成功
[01:26:31 INF] 【直播间】23357926 的第 46 个心跳包发送成功
[01:26:33 INF] 【直播间】407149 的第 46 个心跳包发送成功
[01:26:34 INF] 【直播间】23040372 的第 46 个心跳包发送成功
[01:27:38 INF] 【直播间】23357926 的第 47 个心跳包发送成功
[01:27:39 INF] 【直播间】407149 的第 47 个心跳包发送成功
[01:27:40 INF] 【直播间】23040372 的第 47 个心跳包发送成功
[01:28:44 INF] 【直播间】23357926 的第 48 个心跳包发送成功
[01:28:45 INF] 【直播间】407149 的第 48 个心跳包发送成功
[01:28:47 INF] 【直播间】23040372 的第 48 个心跳包发送成功
[01:29:51 INF] 【直播间】23357926 的第 49 个心跳包发送成功
[01:29:52 INF] 【直播间】407149 的第 49 个心跳包发送成功
[01:29:53 INF] 【直播间】23040372 的第 49 个心跳包发送成功
[01:30:58 INF] 【直播间】23357926 的第 50 个心跳包发送成功
[01:30:59 INF] 【直播间】407149 的第 50 个心跳包发送成功
[01:31:00 INF] 【直播间】23040372 的第 50 个心跳包发送成功
[01:32:04 INF] 【直播间】23357926 的第 51 个心跳包发送成功
[01:32:05 INF] 【直播间】407149 的第 51 个心跳包发送成功
[01:32:07 INF] 【直播间】23040372 的第 51 个心跳包发送成功
[01:33:10 INF] 【直播间】23357926 的第 52 个心跳包发送成功
[01:33:12 INF] 【直播间】407149 的第 52 个心跳包发送成功
[01:33:13 INF] 【直播间】23040372 的第 52 个心跳包发送成功
[01:34:17 INF] 【直播间】23357926 的第 53 个心跳包发送成功
[01:34:18 INF] 【直播间】407149 的第 53 个心跳包发送成功
[01:34:19 INF] 【直播间】23040372 的第 53 个心跳包发送成功
[01:35:23 INF] 【直播间】23357926 的第 54 个心跳包发送成功
[01:35:25 INF] 【直播间】407149 的第 54 个心跳包发送成功
[01:35:26 ERR] 【心跳包】直播间 23040372 发送失败
[01:35:26 ERR] 【原因】time check failed
[01:36:30 ERR] 【心跳包】直播间 23357926 发送失败
[01:36:30 ERR] 【原因】time check failed
[01:36:31 ERR] 【心跳包】直播间 407149 发送失败
[01:36:31 ERR] 【原因】time check failed
[01:36:33 INF] 【直播间】23040372 的第 54 个心跳包发送成功
[01:37:36 INF] 【直播间】23357926 的第 55 个心跳包发送成功
[01:37:38 INF] 【直播间】407149 的第 55 个心跳包发送成功
[01:37:39 INF] 【直播间】23040372 的第 55 个心跳包发送成功
[01:38:43 INF] 【直播间】23357926 的第 56 个心跳包发送成功
[01:38:44 INF] 【直播间】407149 的第 56 个心跳包发送成功
[01:38:45 INF] 【直播间】23040372 的第 56 个心跳包发送成功
[01:39:49 INF] 【直播间】23357926 的第 57 个心跳包发送成功
[01:39:51 INF] 【直播间】407149 的第 57 个心跳包发送成功
[01:39:52 INF] 【直播间】23040372 的第 57 个心跳包发送成功
[01:40:56 INF] 【直播间】23357926 的第 58 个心跳包发送成功
[01:40:57 INF] 【直播间】407149 的第 58 个心跳包发送成功
[01:40:58 INF] 【直播间】23040372 的第 58 个心跳包发送成功
[01:42:02 INF] 【直播间】23357926 的第 59 个心跳包发送成功
[01:42:04 INF] 【直播间】407149 的第 59 个心跳包发送成功
[01:42:05 INF] 【直播间】23040372 的第 59 个心跳包发送成功
[01:43:09 INF] 【直播间】23357926 的第 60 个心跳包发送成功
[01:43:10 INF] 【直播间】407149 的第 60 个心跳包发送成功
[01:43:11 INF] 【直播间】23040372 的第 60 个心跳包发送成功
[01:44:15 INF] 【直播间】23357926 的第 61 个心跳包发送成功
[01:44:17 INF] 【直播间】407149 的第 61 个心跳包发送成功
[01:44:18 INF] 【直播间】23040372 的第 61 个心跳包发送成功
[01:45:22 INF] 【直播间】23357926 的第 62 个心跳包发送成功
[01:45:23 INF] 【直播间】407149 的第 62 个心跳包发送成功
[01:45:24 INF] 【直播间】23040372 的第 62 个心跳包发送成功
[01:46:28 INF] 【直播间】23357926 的第 63 个心跳包发送成功
[01:46:29 INF] 【直播间】407149 的第 63 个心跳包发送成功
[01:46:31 INF] 【直播间】23040372 的第 63 个心跳包发送成功
[01:47:35 INF] 【直播间】23357926 的第 64 个心跳包发送成功
[01:47:36 INF] 【直播间】407149 的第 64 个心跳包发送成功
[01:47:37 INF] 【直播间】23040372 的第 64 个心跳包发送成功
[01:48:41 INF] 【直播间】23357926 的第 65 个心跳包发送成功
[01:48:42 INF] 【直播间】407149 的第 65 个心跳包发送成功
[01:48:44 INF] 【直播间】23040372 的第 65 个心跳包发送成功
[01:49:48 INF] 【直播间】23357926 的第 66 个心跳包发送成功
[01:49:49 INF] 【直播间】407149 的第 66 个心跳包发送成功
[01:49:50 INF] 【直播间】23040372 的第 66 个心跳包发送成功
[01:50:54 INF] 【直播间】23357926 的第 67 个心跳包发送成功
[01:50:55 INF] 【直播间】407149 的第 67 个心跳包发送成功
[01:50:57 ERR] 【心跳包】直播间 23040372 发送失败
[01:50:57 ERR] 【原因】time check failed
[01:52:01 INF] 【直播间】23357926 的第 68 个心跳包发送成功
[01:52:02 ERR] 【心跳包】直播间 407149 发送失败
[01:52:02 ERR] 【原因】time check failed
[01:52:03 INF] 【直播间】23040372 的第 67 个心跳包发送成功
[01:53:07 ERR] 【心跳包】直播间 23357926 发送失败
[01:53:07 ERR] 【原因】time check failed
[01:53:09 INF] 【直播间】407149 的第 68 个心跳包发送成功
[01:53:10 INF] 【直播间】23040372 的第 68 个心跳包发送成功
[01:54:14 INF] 【直播间】23357926 的第 69 个心跳包发送成功
[01:54:15 INF] 【直播间】407149 的第 69 个心跳包发送成功
[01:54:16 INF] 【直播间】23040372 的第 69 个心跳包发送成功
[01:55:20 INF] 【直播间】23357926 的第 70 个心跳包发送成功
[01:55:22 INF] 【直播间】407149 的第 70 个心跳包发送成功
[01:55:23 INF] 【直播间】23040372 的第 70 个心跳包发送成功
[01:55:23 INF] 【直播观看时长】完成情况：3/3 
[01:55:23 INF] ---------结束---------

[01:55:23 INF] ==========结束==========

[01:55:23 INF] ######### 账号 2 #########

[01:55:23 INF] =====开始 直播间互动 =====

[01:55:23 INF] ---开始 发送弹幕 ---
[01:55:23 INF] 检测到直播 Cookie 未正确配置，尝试自动配置中...
[01:55:29 INF] 直播 Cookie 配置成功！
[01:55:29 INF] 【获取直播列表】获取拥有粉丝牌的直播列表
[01:55:36 INF] 【主播】Mark陌枫 
[01:55:53 INF] 【主播】苏打baka 
[01:56:08 INF] 【主播】特别中二的q3君 
[01:56:20 INF] 【主播】陈抱一 
[01:56:40 INF] 【主播】贪玩的小毅 
[01:57:00 INF] 【主播】KL_qiqi_ 
[01:57:18 INF] 【主播】记录生活的蛋黄派 
[01:57:33 INF] 【主播】FoFTG 
[01:57:51 INF] 【主播】悠悠球琛总 
[01:58:08 INF] 【主播】新石器公园 
[01:58:28 INF] 【主播】脏小豆 
[01:58:46 INF] 【主播】李船长笔记 
[01:59:03 INF] 【直播间】Mark陌枫
[01:59:03 INF] 【粉丝牌】馬楓
[01:59:03 INF] 正在发送弹幕...
[01:59:08 INF] 【直播间】苏打baka
[01:59:08 INF] 【粉丝牌】碳酸钠
[01:59:08 INF] 正在发送弹幕...
[01:59:12 INF] 【直播间】特别中二的q3君
[01:59:12 INF] 【粉丝牌】q3GG
[01:59:12 INF] 正在发送弹幕...
[01:59:18 INF] 【直播间】陈抱一
[01:59:18 INF] 【粉丝牌】陈抱一
[01:59:18 INF] 正在发送弹幕...
[01:59:19 INF] 【弹幕发送】成功~，你和主播 Mark陌枫 的亲密值增加了100！
[01:59:21 INF] 【直播间】贪玩的小毅
[01:59:21 INF] 【粉丝牌】大大毅
[01:59:21 INF] 正在发送弹幕...
[01:59:22 INF] 【弹幕发送】成功~，你和主播 苏打baka 的亲密值增加了100！
[01:59:28 INF] 【直播间】KL_qiqi_
[01:59:28 INF] 【粉丝牌】qiqisb
[01:59:28 INF] 正在发送弹幕...
[01:59:31 INF] 【弹幕发送】成功~，你和主播 陈抱一 的亲密值增加了100！
[01:59:31 ERR] 【弹幕发送】失败
[01:59:31 ERR] 【原因】您发送弹幕的频率过快
[01:59:34 INF] 【直播间】记录生活的蛋黄派
[01:59:34 INF] 【粉丝牌】派派派
[01:59:34 INF] 正在发送弹幕...
[01:59:40 INF] 【直播间】FoFTG
[01:59:40 INF] 【粉丝牌】FOFTG
[01:59:40 INF] 正在发送弹幕...
[01:59:42 INF] 【弹幕发送】成功~，你和主播 贪玩的小毅 的亲密值增加了100！
[01:59:47 INF] 【弹幕发送】成功~，你和主播 KL_qiqi_ 的亲密值增加了100！
[01:59:47 INF] 【直播间】悠悠球琛总
[01:59:47 INF] 【粉丝牌】i琛
[01:59:47 INF] 正在发送弹幕...
[01:59:51 INF] 【弹幕发送】成功~，你和主播 记录生活的蛋黄派 的亲密值增加了100！
[01:59:53 INF] 【直播间】新石器公园
[01:59:53 INF] 【粉丝牌】东园主
[01:59:53 INF] 正在发送弹幕...
[01:59:59 INF] 【直播间】脏小豆
[01:59:59 INF] 【粉丝牌】豆豆浆
[01:59:59 INF] 正在发送弹幕...
[01:59:59 INF] 【弹幕发送】成功~，你和主播 FoFTG 的亲密值增加了100！
[02:00:04 INF] 【直播间】李船长笔记
[02:00:04 INF] 【粉丝牌】航海仕
[02:00:04 INF] 正在发送弹幕...
[02:00:04 INF] 【弹幕发送】成功~，你和主播 悠悠球琛总 的亲密值增加了100！
[02:00:10 INF] -------结束-------

[02:00:10 INF] ---开始 点赞直播间 ---
[02:00:10 INF] 【获取直播列表】获取拥有粉丝牌的直播列表
[02:00:12 INF] 【弹幕发送】成功~，你和主播 新石器公园 的亲密值增加了100！
[02:00:13 INF] 【弹幕发送】成功~，你和主播 脏小豆 的亲密值增加了100！
[02:00:17 INF] 【主播】Mark陌枫 
[02:00:23 INF] 【弹幕发送】成功~，你和主播 李船长笔记 的亲密值增加了100！
[02:00:34 INF] 【主播】苏打baka 
[02:00:48 INF] 【主播】特别中二的q3君 
[02:01:01 INF] 【主播】陈抱一 
[02:01:20 INF] 【主播】贪玩的小毅 
[02:01:34 INF] 【主播】KL_qiqi_ 
[02:01:49 INF] 【主播】记录生活的蛋黄派 
[02:02:08 INF] 【主播】FoFTG 
[02:02:30 INF] 【主播】悠悠球琛总 
[02:02:51 INF] 【主播】新石器公园 
[02:03:03 INF] 【主播】脏小豆 
[02:03:20 INF] 【主播】李船长笔记 
[02:03:40 INF] 【点赞直播间】23357926 完成
[02:03:46 INF] 【点赞直播间】23040372 完成
[02:03:50 INF] 【点赞直播间】31494 完成
[02:03:56 INF] 【点赞直播间】4015781 完成
[02:04:00 INF] 【点赞直播间】9619073 完成
[02:04:05 INF] 【点赞直播间】407149 完成
[02:04:11 INF] 【点赞直播间】11732699 完成
[02:04:16 INF] 【点赞直播间】91164 完成
[02:04:23 INF] 【点赞直播间】7184632 完成
[02:04:28 INF] 【点赞直播间】23447660 完成
[02:04:31 INF] 【点赞直播间】929670 完成
[02:04:36 INF] --------结束--------

[02:04:36 INF] ---开始 直播时长挂机 ---
[02:04:36 INF] 【获取直播列表】获取拥有粉丝牌的直播列表
[02:04:36 INF] 【点赞直播间】22764265 完成
[02:04:43 INF] 【主播】Mark陌枫 
[02:04:56 INF] 【主播】苏打baka 
[02:05:09 INF] 【主播】特别中二的q3君 
[02:05:24 INF] 【主播】陈抱一 
[02:05:40 INF] 【主播】贪玩的小毅 
[02:06:00 INF] 【主播】KL_qiqi_ 
[02:06:19 INF] 【主播】记录生活的蛋黄派 
[02:06:32 INF] 【主播】FoFTG 
[02:06:48 INF] 【主播】悠悠球琛总 
[02:07:03 INF] 【主播】新石器公园 
[02:07:19 INF] 【主播】脏小豆 
[02:07:34 INF] 【主播】李船长笔记 
[02:07:50 INF] 【直播间】23357926 的第 1 个心跳包发送成功
[02:07:51 INF] 【直播间】23040372 的第 1 个心跳包发送成功
[02:07:52 INF] 【直播间】31494 的第 1 个心跳包发送成功
[02:07:53 INF] 【直播间】4015781 的第 1 个心跳包发送成功
[02:07:55 INF] 【直播间】9619073 的第 1 个心跳包发送成功
[02:07:56 INF] 【直播间】407149 的第 1 个心跳包发送成功
[02:07:57 INF] 【直播间】11732699 的第 1 个心跳包发送成功
[02:07:59 INF] 【直播间】91164 的第 1 个心跳包发送成功
[02:08:00 INF] 【直播间】7184632 的第 1 个心跳包发送成功
[02:08:01 INF] 【直播间】23447660 的第 1 个心跳包发送成功
[02:08:02 INF] 【直播间】929670 的第 1 个心跳包发送成功
[02:08:04 INF] 【直播间】22764265 的第 1 个心跳包发送成功
[02:08:56 INF] 【直播间】23357926 的第 2 个心跳包发送成功
[02:08:58 INF] 【直播间】23040372 的第 2 个心跳包发送成功
[02:08:59 INF] 【直播间】31494 的第 2 个心跳包发送成功
[02:09:00 INF] 【直播间】4015781 的第 2 个心跳包发送成功
[02:09:01 INF] 【直播间】9619073 的第 2 个心跳包发送成功
[02:09:03 INF] 【直播间】407149 的第 2 个心跳包发送成功
[02:09:04 INF] 【直播间】11732699 的第 2 个心跳包发送成功
[02:09:05 INF] 【直播间】91164 的第 2 个心跳包发送成功
[02:09:06 INF] 【直播间】7184632 的第 2 个心跳包发送成功
[02:09:08 INF] 【直播间】23447660 的第 2 个心跳包发送成功
[02:09:09 INF] 【直播间】929670 的第 2 个心跳包发送成功
[02:09:10 INF] 【直播间】22764265 的第 2 个心跳包发送成功
[02:10:03 INF] 【直播间】23357926 的第 3 个心跳包发送成功
[02:10:04 INF] 【直播间】23040372 的第 3 个心跳包发送成功
[02:10:05 INF] 【直播间】31494 的第 3 个心跳包发送成功
[02:10:07 INF] 【直播间】4015781 的第 3 个心跳包发送成功
[02:10:08 INF] 【直播间】9619073 的第 3 个心跳包发送成功
[02:10:09 INF] 【直播间】407149 的第 3 个心跳包发送成功
[02:10:10 INF] 【直播间】11732699 的第 3 个心跳包发送成功
[02:10:12 INF] 【直播间】91164 的第 3 个心跳包发送成功
[02:10:13 INF] 【直播间】7184632 的第 3 个心跳包发送成功
[02:10:14 INF] 【直播间】23447660 的第 3 个心跳包发送成功
[02:10:15 INF] 【直播间】929670 的第 3 个心跳包发送成功
[02:10:17 INF] 【直播间】22764265 的第 3 个心跳包发送成功
[02:11:09 INF] 【直播间】23357926 的第 4 个心跳包发送成功
[02:11:11 INF] 【直播间】23040372 的第 4 个心跳包发送成功
[02:11:12 INF] 【直播间】31494 的第 4 个心跳包发送成功
[02:11:13 INF] 【直播间】4015781 的第 4 个心跳包发送成功
[02:11:14 INF] 【直播间】9619073 的第 4 个心跳包发送成功
[02:11:16 INF] 【直播间】407149 的第 4 个心跳包发送成功
[02:11:17 INF] 【直播间】11732699 的第 4 个心跳包发送成功
[02:11:18 INF] 【直播间】91164 的第 4 个心跳包发送成功
[02:11:20 INF] 【直播间】7184632 的第 4 个心跳包发送成功
[02:11:21 INF] 【直播间】23447660 的第 4 个心跳包发送成功
[02:11:22 INF] 【直播间】929670 的第 4 个心跳包发送成功
[02:11:23 INF] 【直播间】22764265 的第 4 个心跳包发送成功
[02:12:16 INF] 【直播间】23357926 的第 5 个心跳包发送成功
[02:12:17 INF] 【直播间】23040372 的第 5 个心跳包发送成功
[02:12:18 INF] 【直播间】31494 的第 5 个心跳包发送成功
[02:12:20 INF] 【直播间】4015781 的第 5 个心跳包发送成功
[02:12:21 INF] 【直播间】9619073 的第 5 个心跳包发送成功
[02:12:22 INF] 【直播间】407149 的第 5 个心跳包发送成功
[02:12:23 INF] 【直播间】11732699 的第 5 个心跳包发送成功
[02:12:25 INF] 【直播间】91164 的第 5 个心跳包发送成功
[02:12:26 INF] 【直播间】7184632 的第 5 个心跳包发送成功
[02:12:27 INF] 【直播间】23447660 的第 5 个心跳包发送成功
[02:12:28 INF] 【直播间】929670 的第 5 个心跳包发送成功
[02:12:30 INF] 【直播间】22764265 的第 5 个心跳包发送成功
[02:13:22 INF] 【直播间】23357926 的第 6 个心跳包发送成功
[02:13:23 INF] 【直播间】23040372 的第 6 个心跳包发送成功
[02:13:25 INF] 【直播间】31494 的第 6 个心跳包发送成功
[02:13:26 INF] 【直播间】4015781 的第 6 个心跳包发送成功
[02:13:27 INF] 【直播间】9619073 的第 6 个心跳包发送成功
[02:13:29 INF] 【直播间】407149 的第 6 个心跳包发送成功
[02:13:30 INF] 【直播间】11732699 的第 6 个心跳包发送成功
[02:13:31 INF] 【直播间】91164 的第 6 个心跳包发送成功
[02:13:32 INF] 【直播间】7184632 的第 6 个心跳包发送成功
[02:13:33 INF] 【直播间】23447660 的第 6 个心跳包发送成功
[02:13:35 INF] 【直播间】929670 的第 6 个心跳包发送成功
[02:13:36 INF] 【直播间】22764265 的第 6 个心跳包发送成功
[02:14:29 INF] 【直播间】23357926 的第 7 个心跳包发送成功
[02:14:30 INF] 【直播间】23040372 的第 7 个心跳包发送成功
[02:14:31 INF] 【直播间】31494 的第 7 个心跳包发送成功
[02:14:33 INF] 【直播间】4015781 的第 7 个心跳包发送成功
[02:14:34 INF] 【直播间】9619073 的第 7 个心跳包发送成功
[02:14:35 INF] 【直播间】407149 的第 7 个心跳包发送成功
[02:14:36 INF] 【直播间】11732699 的第 7 个心跳包发送成功
[02:14:38 INF] 【直播间】91164 的第 7 个心跳包发送成功
[02:14:39 INF] 【直播间】7184632 的第 7 个心跳包发送成功
[02:14:40 INF] 【直播间】23447660 的第 7 个心跳包发送成功
[02:14:41 INF] 【直播间】929670 的第 7 个心跳包发送成功
[02:14:43 INF] 【直播间】22764265 的第 7 个心跳包发送成功
[02:15:35 INF] 【直播间】23357926 的第 8 个心跳包发送成功
[02:15:36 INF] 【直播间】23040372 的第 8 个心跳包发送成功
[02:15:38 INF] 【直播间】31494 的第 8 个心跳包发送成功
[02:15:39 INF] 【直播间】4015781 的第 8 个心跳包发送成功
[02:15:40 INF] 【直播间】9619073 的第 8 个心跳包发送成功
[02:15:42 INF] 【直播间】407149 的第 8 个心跳包发送成功
[02:15:43 INF] 【直播间】11732699 的第 8 个心跳包发送成功
[02:15:44 INF] 【直播间】91164 的第 8 个心跳包发送成功
[02:15:45 INF] 【直播间】7184632 的第 8 个心跳包发送成功
[02:15:47 INF] 【直播间】23447660 的第 8 个心跳包发送成功
[02:15:48 INF] 【直播间】929670 的第 8 个心跳包发送成功
[02:15:49 INF] 【直播间】22764265 的第 8 个心跳包发送成功
[02:16:42 INF] 【直播间】23357926 的第 9 个心跳包发送成功
[02:16:43 INF] 【直播间】23040372 的第 9 个心跳包发送成功
[02:16:44 INF] 【直播间】31494 的第 9 个心跳包发送成功
[02:16:45 INF] 【直播间】4015781 的第 9 个心跳包发送成功
[02:16:47 INF] 【直播间】9619073 的第 9 个心跳包发送成功
[02:16:48 INF] 【直播间】407149 的第 9 个心跳包发送成功
[02:16:49 INF] 【直播间】11732699 的第 9 个心跳包发送成功
[02:16:50 INF] 【直播间】91164 的第 9 个心跳包发送成功
[02:16:51 INF] 【直播间】7184632 的第 9 个心跳包发送成功
[02:16:53 INF] 【直播间】23447660 的第 9 个心跳包发送成功
[02:16:54 INF] 【直播间】929670 的第 9 个心跳包发送成功
[02:16:56 INF] 【直播间】22764265 的第 9 个心跳包发送成功
[02:17:48 INF] 【直播间】23357926 的第 10 个心跳包发送成功
[02:17:49 INF] 【直播间】23040372 的第 10 个心跳包发送成功
[02:17:50 INF] 【直播间】31494 的第 10 个心跳包发送成功
[02:17:52 INF] 【直播间】4015781 的第 10 个心跳包发送成功
[02:17:53 INF] 【直播间】9619073 的第 10 个心跳包发送成功
[02:17:54 INF] 【直播间】407149 的第 10 个心跳包发送成功
[02:17:55 INF] 【直播间】11732699 的第 10 个心跳包发送成功
[02:17:57 INF] 【直播间】91164 的第 10 个心跳包发送成功
[02:17:58 INF] 【直播间】7184632 的第 10 个心跳包发送成功
[02:17:59 INF] 【直播间】23447660 的第 10 个心跳包发送成功
[02:18:01 INF] 【直播间】929670 的第 10 个心跳包发送成功
[02:18:02 INF] 【直播间】22764265 的第 10 个心跳包发送成功
[02:18:54 INF] 【直播间】23357926 的第 11 个心跳包发送成功
[02:18:56 INF] 【直播间】23040372 的第 11 个心跳包发送成功
[02:18:57 INF] 【直播间】31494 的第 11 个心跳包发送成功
[02:18:58 INF] 【直播间】4015781 的第 11 个心跳包发送成功
[02:18:59 INF] 【直播间】9619073 的第 11 个心跳包发送成功
[02:19:01 INF] 【直播间】407149 的第 11 个心跳包发送成功
[02:19:02 INF] 【直播间】11732699 的第 11 个心跳包发送成功
[02:19:03 INF] 【直播间】91164 的第 11 个心跳包发送成功
[02:19:04 INF] 【直播间】7184632 的第 11 个心跳包发送成功
[02:19:06 INF] 【直播间】23447660 的第 11 个心跳包发送成功
[02:19:07 INF] 【直播间】929670 的第 11 个心跳包发送成功
[02:19:08 INF] 【直播间】22764265 的第 11 个心跳包发送成功
[02:20:01 INF] 【直播间】23357926 的第 12 个心跳包发送成功
[02:20:02 INF] 【直播间】23040372 的第 12 个心跳包发送成功
[02:20:04 INF] 【直播间】31494 的第 12 个心跳包发送成功
[02:20:05 INF] 【直播间】4015781 的第 12 个心跳包发送成功
[02:20:06 INF] 【直播间】9619073 的第 12 个心跳包发送成功
[02:20:07 INF] 【直播间】407149 的第 12 个心跳包发送成功
[02:20:09 INF] 【直播间】11732699 的第 12 个心跳包发送成功
[02:20:10 INF] 【直播间】91164 的第 12 个心跳包发送成功
[02:20:11 INF] 【直播间】7184632 的第 12 个心跳包发送成功
[02:20:13 INF] 【直播间】23447660 的第 12 个心跳包发送成功
[02:20:14 INF] 【直播间】929670 的第 12 个心跳包发送成功
[02:20:15 INF] 【直播间】22764265 的第 12 个心跳包发送成功
[02:21:08 INF] 【直播间】23357926 的第 13 个心跳包发送成功
[02:21:09 INF] 【直播间】23040372 的第 13 个心跳包发送成功
[02:21:10 INF] 【直播间】31494 的第 13 个心跳包发送成功
[02:21:12 INF] 【直播间】4015781 的第 13 个心跳包发送成功
[02:21:13 INF] 【直播间】9619073 的第 13 个心跳包发送成功
[02:21:14 INF] 【直播间】407149 的第 13 个心跳包发送成功
[02:21:15 INF] 【直播间】11732699 的第 13 个心跳包发送成功
[02:21:17 INF] 【直播间】91164 的第 13 个心跳包发送成功
[02:21:18 INF] 【直播间】7184632 的第 13 个心跳包发送成功
[02:21:19 INF] 【直播间】23447660 的第 13 个心跳包发送成功
[02:21:20 INF] 【直播间】929670 的第 13 个心跳包发送成功
[02:21:22 INF] 【直播间】22764265 的第 13 个心跳包发送成功
[02:22:14 INF] 【直播间】23357926 的第 14 个心跳包发送成功
[02:22:16 INF] 【直播间】23040372 的第 14 个心跳包发送成功
[02:22:17 INF] 【直播间】31494 的第 14 个心跳包发送成功
[02:22:18 INF] 【直播间】4015781 的第 14 个心跳包发送成功
[02:22:20 INF] 【直播间】9619073 的第 14 个心跳包发送成功
[02:22:21 INF] 【直播间】407149 的第 14 个心跳包发送成功
[02:22:22 INF] 【直播间】11732699 的第 14 个心跳包发送成功
[02:22:23 INF] 【直播间】91164 的第 14 个心跳包发送成功
[02:22:25 INF] 【直播间】7184632 的第 14 个心跳包发送成功
[02:22:26 INF] 【直播间】23447660 的第 14 个心跳包发送成功
[02:22:27 INF] 【直播间】929670 的第 14 个心跳包发送成功
[02:22:29 INF] 【直播间】22764265 的第 14 个心跳包发送成功
[02:23:21 INF] 【直播间】23357926 的第 15 个心跳包发送成功
[02:23:22 ERR] 【心跳包】直播间 23040372 发送失败
[02:23:22 ERR] 【原因】time check failed
[02:23:23 ERR] 【心跳包】直播间 31494 发送失败
[02:23:23 ERR] 【原因】time check failed
[02:23:24 ERR] 【心跳包】直播间 4015781 发送失败
[02:23:24 ERR] 【原因】time check failed
[02:23:26 ERR] 【心跳包】直播间 9619073 发送失败
[02:23:26 ERR] 【原因】time check failed
[02:23:27 ERR] 【心跳包】直播间 407149 发送失败
[02:23:27 ERR] 【原因】time check failed
[02:23:28 ERR] 【心跳包】直播间 11732699 发送失败
[02:23:28 ERR] 【原因】time check failed
[02:23:30 ERR] 【心跳包】直播间 91164 发送失败
[02:23:30 ERR] 【原因】time check failed
[02:23:31 ERR] 【心跳包】直播间 7184632 发送失败
[02:23:31 ERR] 【原因】time check failed
[02:23:32 ERR] 【心跳包】直播间 23447660 发送失败
[02:23:32 ERR] 【原因】time check failed
[02:23:34 ERR] 【心跳包】直播间 929670 发送失败
[02:23:34 ERR] 【原因】time check failed
[02:23:35 ERR] 【心跳包】直播间 22764265 发送失败
[02:23:35 ERR] 【原因】time check failed
[02:24:27 ERR] 【心跳包】直播间 23357926 发送失败
[02:24:27 ERR] 【原因】time check failed
[02:24:28 INF] 【直播间】23040372 的第 15 个心跳包发送成功
[02:24:29 INF] 【直播间】31494 的第 15 个心跳包发送成功
[02:24:31 INF] 【直播间】4015781 的第 15 个心跳包发送成功
[02:24:32 INF] 【直播间】9619073 的第 15 个心跳包发送成功
[02:24:34 INF] 【直播间】407149 的第 15 个心跳包发送成功
[02:24:35 INF] 【直播间】11732699 的第 15 个心跳包发送成功
[02:24:36 INF] 【直播间】91164 的第 15 个心跳包发送成功
[02:24:37 INF] 【直播间】7184632 的第 15 个心跳包发送成功
[02:24:39 INF] 【直播间】23447660 的第 15 个心跳包发送成功
[02:24:40 INF] 【直播间】929670 的第 15 个心跳包发送成功
[02:24:41 INF] 【直播间】22764265 的第 15 个心跳包发送成功
[02:25:34 INF] 【直播间】23357926 的第 16 个心跳包发送成功
[02:25:35 INF] 【直播间】23040372 的第 16 个心跳包发送成功
[02:25:36 INF] 【直播间】31494 的第 16 个心跳包发送成功
[02:25:37 INF] 【直播间】4015781 的第 16 个心跳包发送成功
[02:25:39 INF] 【直播间】9619073 的第 16 个心跳包发送成功
[02:25:40 INF] 【直播间】407149 的第 16 个心跳包发送成功
[02:25:41 INF] 【直播间】11732699 的第 16 个心跳包发送成功
[02:25:42 INF] 【直播间】91164 的第 16 个心跳包发送成功
[02:25:44 INF] 【直播间】7184632 的第 16 个心跳包发送成功
[02:25:45 INF] 【直播间】23447660 的第 16 个心跳包发送成功
[02:25:46 INF] 【直播间】929670 的第 16 个心跳包发送成功
[02:25:47 INF] 【直播间】22764265 的第 16 个心跳包发送成功
[02:26:40 INF] 【直播间】23357926 的第 17 个心跳包发送成功
[02:26:42 INF] 【直播间】23040372 的第 17 个心跳包发送成功
[02:26:43 INF] 【直播间】31494 的第 17 个心跳包发送成功
[02:26:44 INF] 【直播间】4015781 的第 17 个心跳包发送成功
[02:26:45 INF] 【直播间】9619073 的第 17 个心跳包发送成功
[02:26:47 INF] 【直播间】407149 的第 17 个心跳包发送成功
[02:26:48 INF] 【直播间】11732699 的第 17 个心跳包发送成功
[02:26:49 INF] 【直播间】91164 的第 17 个心跳包发送成功
[02:26:50 INF] 【直播间】7184632 的第 17 个心跳包发送成功
[02:26:52 INF] 【直播间】23447660 的第 17 个心跳包发送成功
[02:26:53 INF] 【直播间】929670 的第 17 个心跳包发送成功
[02:26:54 INF] 【直播间】22764265 的第 17 个心跳包发送成功
[02:27:47 INF] 【直播间】23357926 的第 18 个心跳包发送成功
[02:27:48 INF] 【直播间】23040372 的第 18 个心跳包发送成功
[02:27:49 INF] 【直播间】31494 的第 18 个心跳包发送成功
[02:27:51 INF] 【直播间】4015781 的第 18 个心跳包发送成功
[02:27:52 INF] 【直播间】9619073 的第 18 个心跳包发送成功
[02:27:53 INF] 【直播间】407149 的第 18 个心跳包发送成功
[02:27:54 INF] 【直播间】11732699 的第 18 个心跳包发送成功
[02:27:56 INF] 【直播间】91164 的第 18 个心跳包发送成功
[02:27:57 INF] 【直播间】7184632 的第 18 个心跳包发送成功
[02:27:58 INF] 【直播间】23447660 的第 18 个心跳包发送成功
[02:27:59 INF] 【直播间】929670 的第 18 个心跳包发送成功
[02:28:00 INF] 【直播间】22764265 的第 18 个心跳包发送成功
[02:28:53 INF] 【直播间】23357926 的第 19 个心跳包发送成功
[02:28:55 INF] 【直播间】23040372 的第 19 个心跳包发送成功
[02:28:56 INF] 【直播间】31494 的第 19 个心跳包发送成功
[02:28:57 INF] 【直播间】4015781 的第 19 个心跳包发送成功
[02:28:58 INF] 【直播间】9619073 的第 19 个心跳包发送成功
[02:28:59 INF] 【直播间】407149 的第 19 个心跳包发送成功
[02:29:01 INF] 【直播间】11732699 的第 19 个心跳包发送成功
[02:29:02 INF] 【直播间】91164 的第 19 个心跳包发送成功
[02:29:03 INF] 【直播间】7184632 的第 19 个心跳包发送成功
[02:29:04 INF] 【直播间】23447660 的第 19 个心跳包发送成功
[02:29:06 INF] 【直播间】929670 的第 19 个心跳包发送成功
[02:29:07 INF] 【直播间】22764265 的第 19 个心跳包发送成功
[02:30:00 INF] 【直播间】23357926 的第 20 个心跳包发送成功
[02:30:01 INF] 【直播间】23040372 的第 20 个心跳包发送成功
[02:30:02 INF] 【直播间】31494 的第 20 个心跳包发送成功
[02:30:04 INF] 【直播间】4015781 的第 20 个心跳包发送成功
[02:30:05 INF] 【直播间】9619073 的第 20 个心跳包发送成功
[02:30:06 INF] 【直播间】407149 的第 20 个心跳包发送成功
[02:30:07 INF] 【直播间】11732699 的第 20 个心跳包发送成功
[02:30:08 INF] 【直播间】91164 的第 20 个心跳包发送成功
[02:30:10 INF] 【直播间】7184632 的第 20 个心跳包发送成功
[02:30:11 INF] 【直播间】23447660 的第 20 个心跳包发送成功
[02:30:12 INF] 【直播间】929670 的第 20 个心跳包发送成功
[02:30:13 INF] 【直播间】22764265 的第 20 个心跳包发送成功
[02:31:07 INF] 【直播间】23357926 的第 21 个心跳包发送成功
[02:31:08 INF] 【直播间】23040372 的第 21 个心跳包发送成功
[02:31:09 INF] 【直播间】31494 的第 21 个心跳包发送成功
[02:31:10 INF] 【直播间】4015781 的第 21 个心跳包发送成功
[02:31:11 INF] 【直播间】9619073 的第 21 个心跳包发送成功
[02:31:13 INF] 【直播间】407149 的第 21 个心跳包发送成功
[02:31:14 INF] 【直播间】11732699 的第 21 个心跳包发送成功
[02:31:15 INF] 【直播间】91164 的第 21 个心跳包发送成功
[02:31:17 INF] 【直播间】7184632 的第 21 个心跳包发送成功
[02:31:18 INF] 【直播间】23447660 的第 21 个心跳包发送成功
[02:31:19 INF] 【直播间】929670 的第 21 个心跳包发送成功
[02:31:20 INF] 【直播间】22764265 的第 21 个心跳包发送成功
[02:32:13 INF] 【直播间】23357926 的第 22 个心跳包发送成功
[02:32:14 INF] 【直播间】23040372 的第 22 个心跳包发送成功
[02:32:16 INF] 【直播间】31494 的第 22 个心跳包发送成功
[02:32:17 INF] 【直播间】4015781 的第 22 个心跳包发送成功
[02:32:18 INF] 【直播间】9619073 的第 22 个心跳包发送成功
[02:32:19 INF] 【直播间】407149 的第 22 个心跳包发送成功
[02:32:21 INF] 【直播间】11732699 的第 22 个心跳包发送成功
[02:32:22 INF] 【直播间】91164 的第 22 个心跳包发送成功
[02:32:23 INF] 【直播间】7184632 的第 22 个心跳包发送成功
[02:32:24 INF] 【直播间】23447660 的第 22 个心跳包发送成功
[02:32:26 INF] 【直播间】929670 的第 22 个心跳包发送成功
[02:32:27 INF] 【直播间】22764265 的第 22 个心跳包发送成功
[02:33:20 INF] 【直播间】23357926 的第 23 个心跳包发送成功
[02:33:21 INF] 【直播间】23040372 的第 23 个心跳包发送成功
[02:33:22 INF] 【直播间】31494 的第 23 个心跳包发送成功
[02:33:23 INF] 【直播间】4015781 的第 23 个心跳包发送成功
[02:33:24 INF] 【直播间】9619073 的第 23 个心跳包发送成功
[02:33:26 INF] 【直播间】407149 的第 23 个心跳包发送成功
[02:33:27 INF] 【直播间】11732699 的第 23 个心跳包发送成功
[02:33:28 INF] 【直播间】91164 的第 23 个心跳包发送成功
[02:33:29 INF] 【直播间】7184632 的第 23 个心跳包发送成功
[02:33:31 INF] 【直播间】23447660 的第 23 个心跳包发送成功
[02:33:32 INF] 【直播间】929670 的第 23 个心跳包发送成功
[02:33:33 INF] 【直播间】22764265 的第 23 个心跳包发送成功
[02:34:26 INF] 【直播间】23357926 的第 24 个心跳包发送成功
[02:34:27 INF] 【直播间】23040372 的第 24 个心跳包发送成功
[02:34:28 INF] 【直播间】31494 的第 24 个心跳包发送成功
[02:34:30 INF] 【直播间】4015781 的第 24 个心跳包发送成功
[02:34:31 INF] 【直播间】9619073 的第 24 个心跳包发送成功
[02:34:32 INF] 【直播间】407149 的第 24 个心跳包发送成功
[02:34:34 INF] 【直播间】11732699 的第 24 个心跳包发送成功
[02:34:35 INF] 【直播间】91164 的第 24 个心跳包发送成功
[02:34:36 INF] 【直播间】7184632 的第 24 个心跳包发送成功
[02:34:37 INF] 【直播间】23447660 的第 24 个心跳包发送成功
[02:34:39 INF] 【直播间】929670 的第 24 个心跳包发送成功
[02:34:40 INF] 【直播间】22764265 的第 24 个心跳包发送成功
[02:35:32 INF] 【直播间】23357926 的第 25 个心跳包发送成功
[02:35:34 INF] 【直播间】23040372 的第 25 个心跳包发送成功
[02:35:35 INF] 【直播间】31494 的第 25 个心跳包发送成功
[02:35:36 INF] 【直播间】4015781 的第 25 个心跳包发送成功
[02:35:37 INF] 【直播间】9619073 的第 25 个心跳包发送成功
[02:35:39 INF] 【直播间】407149 的第 25 个心跳包发送成功
[02:35:40 INF] 【直播间】11732699 的第 25 个心跳包发送成功
[02:35:41 INF] 【直播间】91164 的第 25 个心跳包发送成功
[02:35:42 INF] 【直播间】7184632 的第 25 个心跳包发送成功
[02:35:44 INF] 【直播间】23447660 的第 25 个心跳包发送成功
[02:35:45 INF] 【直播间】929670 的第 25 个心跳包发送成功
[02:35:46 INF] 【直播间】22764265 的第 25 个心跳包发送成功
[02:36:39 INF] 【直播间】23357926 的第 26 个心跳包发送成功
[02:36:40 INF] 【直播间】23040372 的第 26 个心跳包发送成功
[02:36:42 INF] 【直播间】31494 的第 26 个心跳包发送成功
[02:36:43 INF] 【直播间】4015781 的第 26 个心跳包发送成功
[02:36:44 INF] 【直播间】9619073 的第 26 个心跳包发送成功
[02:36:45 INF] 【直播间】407149 的第 26 个心跳包发送成功
[02:36:46 INF] 【直播间】11732699 的第 26 个心跳包发送成功
[02:36:48 INF] 【直播间】91164 的第 26 个心跳包发送成功
[02:36:49 INF] 【直播间】7184632 的第 26 个心跳包发送成功
[02:36:50 INF] 【直播间】23447660 的第 26 个心跳包发送成功
[02:36:52 INF] 【直播间】929670 的第 26 个心跳包发送成功
[02:36:53 INF] 【直播间】22764265 的第 26 个心跳包发送成功
[02:37:45 INF] 【直播间】23357926 的第 27 个心跳包发送成功
[02:37:47 INF] 【直播间】23040372 的第 27 个心跳包发送成功
[02:37:48 INF] 【直播间】31494 的第 27 个心跳包发送成功
[02:37:49 INF] 【直播间】4015781 的第 27 个心跳包发送成功
[02:37:51 INF] 【直播间】9619073 的第 27 个心跳包发送成功
[02:37:52 INF] 【直播间】407149 的第 27 个心跳包发送成功
[02:37:53 INF] 【直播间】11732699 的第 27 个心跳包发送成功
[02:37:54 INF] 【直播间】91164 的第 27 个心跳包发送成功
[02:37:55 INF] 【直播间】7184632 的第 27 个心跳包发送成功
[02:37:57 INF] 【直播间】23447660 的第 27 个心跳包发送成功
[02:37:58 INF] 【直播间】929670 的第 27 个心跳包发送成功
[02:37:59 INF] 【直播间】22764265 的第 27 个心跳包发送成功
[02:38:52 INF] 【直播间】23357926 的第 28 个心跳包发送成功
[02:38:53 ERR] 【心跳包】直播间 23040372 发送失败
[02:38:53 ERR] 【原因】time check failed
[02:38:55 ERR] 【心跳包】直播间 31494 发送失败
[02:38:55 ERR] 【原因】time check failed
[02:38:56 ERR] 【心跳包】直播间 4015781 发送失败
[02:38:56 ERR] 【原因】time check failed
[02:38:57 ERR] 【心跳包】直播间 9619073 发送失败
[02:38:57 ERR] 【原因】time check failed
[02:38:58 ERR] 【心跳包】直播间 407149 发送失败
[02:38:58 ERR] 【原因】time check failed
[02:39:00 ERR] 【心跳包】直播间 11732699 发送失败
[02:39:00 ERR] 【原因】time check failed
[02:39:01 ERR] 【心跳包】直播间 91164 发送失败
[02:39:01 ERR] 【原因】time check failed
[02:39:02 ERR] 【心跳包】直播间 7184632 发送失败
[02:39:02 ERR] 【原因】time check failed
[02:39:03 ERR] 【心跳包】直播间 23447660 发送失败
[02:39:03 ERR] 【原因】time check failed
[02:39:05 ERR] 【心跳包】直播间 929670 发送失败
[02:39:05 ERR] 【原因】time check failed
[02:39:06 ERR] 【心跳包】直播间 22764265 发送失败
[02:39:06 ERR] 【原因】time check failed
[02:39:58 ERR] 【心跳包】直播间 23357926 发送失败
[02:39:58 ERR] 【原因】time check failed
[02:39:59 INF] 【直播间】23040372 的第 28 个心跳包发送成功
[02:40:01 INF] 【直播间】31494 的第 28 个心跳包发送成功
[02:40:02 INF] 【直播间】4015781 的第 28 个心跳包发送成功
[02:40:04 INF] 【直播间】9619073 的第 28 个心跳包发送成功
[02:40:05 INF] 【直播间】407149 的第 28 个心跳包发送成功
[02:40:06 INF] 【直播间】11732699 的第 28 个心跳包发送成功
[02:40:07 INF] 【直播间】91164 的第 28 个心跳包发送成功
[02:40:09 INF] 【直播间】7184632 的第 28 个心跳包发送成功
[02:40:10 INF] 【直播间】23447660 的第 28 个心跳包发送成功
[02:40:11 INF] 【直播间】929670 的第 28 个心跳包发送成功
[02:40:12 INF] 【直播间】22764265 的第 28 个心跳包发送成功
[02:41:05 INF] 【直播间】23357926 的第 29 个心跳包发送成功
[02:41:06 INF] 【直播间】23040372 的第 29 个心跳包发送成功
[02:41:07 INF] 【直播间】31494 的第 29 个心跳包发送成功
[02:41:09 INF] 【直播间】4015781 的第 29 个心跳包发送成功
[02:41:10 INF] 【直播间】9619073 的第 29 个心跳包发送成功
[02:41:11 INF] 【直播间】407149 的第 29 个心跳包发送成功
[02:41:12 INF] 【直播间】11732699 的第 29 个心跳包发送成功
[02:41:14 INF] 【直播间】91164 的第 29 个心跳包发送成功
[02:41:15 INF] 【直播间】7184632 的第 29 个心跳包发送成功
[02:41:16 INF] 【直播间】23447660 的第 29 个心跳包发送成功
[02:41:17 INF] 【直播间】929670 的第 29 个心跳包发送成功
[02:41:19 INF] 【直播间】22764265 的第 29 个心跳包发送成功
[02:42:11 INF] 【直播间】23357926 的第 30 个心跳包发送成功
[02:42:13 INF] 【直播间】23040372 的第 30 个心跳包发送成功
[02:42:14 INF] 【直播间】31494 的第 30 个心跳包发送成功
[02:42:15 INF] 【直播间】4015781 的第 30 个心跳包发送成功
[02:42:16 INF] 【直播间】9619073 的第 30 个心跳包发送成功
[02:42:18 INF] 【直播间】407149 的第 30 个心跳包发送成功
[02:42:19 INF] 【直播间】11732699 的第 30 个心跳包发送成功
[02:42:20 INF] 【直播间】91164 的第 30 个心跳包发送成功
[02:42:21 INF] 【直播间】7184632 的第 30 个心跳包发送成功
[02:42:23 INF] 【直播间】23447660 的第 30 个心跳包发送成功
[02:42:24 INF] 【直播间】929670 的第 30 个心跳包发送成功
[02:42:25 INF] 【直播间】22764265 的第 30 个心跳包发送成功
[02:43:18 INF] 【直播间】23357926 的第 31 个心跳包发送成功
[02:43:19 INF] 【直播间】23040372 的第 31 个心跳包发送成功
[02:43:20 INF] 【直播间】31494 的第 31 个心跳包发送成功
[02:43:21 INF] 【直播间】4015781 的第 31 个心跳包发送成功
[02:43:23 INF] 【直播间】9619073 的第 31 个心跳包发送成功
[02:43:24 INF] 【直播间】407149 的第 31 个心跳包发送成功
[02:43:25 INF] 【直播间】11732699 的第 31 个心跳包发送成功
[02:43:27 INF] 【直播间】91164 的第 31 个心跳包发送成功
[02:43:28 INF] 【直播间】7184632 的第 31 个心跳包发送成功
[02:43:29 INF] 【直播间】23447660 的第 31 个心跳包发送成功
[02:43:30 INF] 【直播间】929670 的第 31 个心跳包发送成功
[02:43:32 INF] 【直播间】22764265 的第 31 个心跳包发送成功
[02:44:24 INF] 【直播间】23357926 的第 32 个心跳包发送成功
[02:44:25 INF] 【直播间】23040372 的第 32 个心跳包发送成功
[02:44:27 INF] 【直播间】31494 的第 32 个心跳包发送成功
[02:44:28 INF] 【直播间】4015781 的第 32 个心跳包发送成功
[02:44:29 INF] 【直播间】9619073 的第 32 个心跳包发送成功
[02:44:31 INF] 【直播间】407149 的第 32 个心跳包发送成功
[02:44:32 INF] 【直播间】11732699 的第 32 个心跳包发送成功
[02:44:33 INF] 【直播间】91164 的第 32 个心跳包发送成功
[02:44:34 INF] 【直播间】7184632 的第 32 个心跳包发送成功
[02:44:36 INF] 【直播间】23447660 的第 32 个心跳包发送成功
[02:44:37 INF] 【直播间】929670 的第 32 个心跳包发送成功
[02:44:38 INF] 【直播间】22764265 的第 32 个心跳包发送成功
[02:45:31 INF] 【直播间】23357926 的第 33 个心跳包发送成功
[02:45:32 INF] 【直播间】23040372 的第 33 个心跳包发送成功
[02:45:33 INF] 【直播间】31494 的第 33 个心跳包发送成功
[02:45:34 INF] 【直播间】4015781 的第 33 个心跳包发送成功
[02:45:36 INF] 【直播间】9619073 的第 33 个心跳包发送成功
[02:45:37 INF] 【直播间】407149 的第 33 个心跳包发送成功
[02:45:38 INF] 【直播间】11732699 的第 33 个心跳包发送成功
[02:45:39 INF] 【直播间】91164 的第 33 个心跳包发送成功
[02:45:41 INF] 【直播间】7184632 的第 33 个心跳包发送成功
[02:45:42 INF] 【直播间】23447660 的第 33 个心跳包发送成功
[02:45:43 INF] 【直播间】929670 的第 33 个心跳包发送成功
[02:45:44 INF] 【直播间】22764265 的第 33 个心跳包发送成功
[02:46:37 INF] 【直播间】23357926 的第 34 个心跳包发送成功
[02:46:38 INF] 【直播间】23040372 的第 34 个心跳包发送成功
[02:46:40 INF] 【直播间】31494 的第 34 个心跳包发送成功
[02:46:41 INF] 【直播间】4015781 的第 34 个心跳包发送成功
[02:46:42 INF] 【直播间】9619073 的第 34 个心跳包发送成功
[02:46:44 INF] 【直播间】407149 的第 34 个心跳包发送成功
[02:46:45 INF] 【直播间】11732699 的第 34 个心跳包发送成功
[02:46:46 INF] 【直播间】91164 的第 34 个心跳包发送成功
[02:46:47 INF] 【直播间】7184632 的第 34 个心跳包发送成功
[02:46:49 INF] 【直播间】23447660 的第 34 个心跳包发送成功
[02:46:50 INF] 【直播间】929670 的第 34 个心跳包发送成功
[02:46:51 INF] 【直播间】22764265 的第 34 个心跳包发送成功
[02:47:44 INF] 【直播间】23357926 的第 35 个心跳包发送成功
[02:47:45 INF] 【直播间】23040372 的第 35 个心跳包发送成功
[02:47:46 INF] 【直播间】31494 的第 35 个心跳包发送成功
[02:47:47 INF] 【直播间】4015781 的第 35 个心跳包发送成功
[02:47:49 INF] 【直播间】9619073 的第 35 个心跳包发送成功
[02:47:50 INF] 【直播间】407149 的第 35 个心跳包发送成功
[02:47:51 INF] 【直播间】11732699 的第 35 个心跳包发送成功
[02:47:52 INF] 【直播间】91164 的第 35 个心跳包发送成功
[02:47:54 INF] 【直播间】7184632 的第 35 个心跳包发送成功
[02:47:55 INF] 【直播间】23447660 的第 35 个心跳包发送成功
[02:47:56 INF] 【直播间】929670 的第 35 个心跳包发送成功
[02:47:57 INF] 【直播间】22764265 的第 35 个心跳包发送成功
[02:48:50 INF] 【直播间】23357926 的第 36 个心跳包发送成功
[02:48:51 INF] 【直播间】23040372 的第 36 个心跳包发送成功
[02:48:53 INF] 【直播间】31494 的第 36 个心跳包发送成功
[02:48:54 INF] 【直播间】4015781 的第 36 个心跳包发送成功
[02:48:55 INF] 【直播间】9619073 的第 36 个心跳包发送成功
[02:48:56 INF] 【直播间】407149 的第 36 个心跳包发送成功
[02:48:58 INF] 【直播间】11732699 的第 36 个心跳包发送成功
[02:48:59 INF] 【直播间】91164 的第 36 个心跳包发送成功
[02:49:00 INF] 【直播间】7184632 的第 36 个心跳包发送成功
[02:49:01 INF] 【直播间】23447660 的第 36 个心跳包发送成功
[02:49:03 INF] 【直播间】929670 的第 36 个心跳包发送成功
[02:49:04 INF] 【直播间】22764265 的第 36 个心跳包发送成功
[02:49:57 INF] 【直播间】23357926 的第 37 个心跳包发送成功
[02:49:58 INF] 【直播间】23040372 的第 37 个心跳包发送成功
[02:49:59 INF] 【直播间】31494 的第 37 个心跳包发送成功
[02:50:00 INF] 【直播间】4015781 的第 37 个心跳包发送成功
[02:50:02 INF] 【直播间】9619073 的第 37 个心跳包发送成功
[02:50:03 INF] 【直播间】407149 的第 37 个心跳包发送成功
[02:50:04 INF] 【直播间】11732699 的第 37 个心跳包发送成功
[02:50:05 INF] 【直播间】91164 的第 37 个心跳包发送成功
[02:50:07 INF] 【直播间】7184632 的第 37 个心跳包发送成功
[02:50:08 INF] 【直播间】23447660 的第 37 个心跳包发送成功
[02:50:09 INF] 【直播间】929670 的第 37 个心跳包发送成功
[02:50:10 INF] 【直播间】22764265 的第 37 个心跳包发送成功
[02:51:03 INF] 【直播间】23357926 的第 38 个心跳包发送成功
[02:51:04 INF] 【直播间】23040372 的第 38 个心跳包发送成功
[02:51:05 INF] 【直播间】31494 的第 38 个心跳包发送成功
[02:51:07 INF] 【直播间】4015781 的第 38 个心跳包发送成功
[02:51:08 INF] 【直播间】9619073 的第 38 个心跳包发送成功
[02:51:09 INF] 【直播间】407149 的第 38 个心跳包发送成功
[02:51:11 INF] 【直播间】11732699 的第 38 个心跳包发送成功
[02:51:12 INF] 【直播间】91164 的第 38 个心跳包发送成功
[02:51:13 INF] 【直播间】7184632 的第 38 个心跳包发送成功
[02:51:14 INF] 【直播间】23447660 的第 38 个心跳包发送成功
[02:51:16 INF] 【直播间】929670 的第 38 个心跳包发送成功
[02:51:17 INF] 【直播间】22764265 的第 38 个心跳包发送成功
[02:52:09 INF] 【直播间】23357926 的第 39 个心跳包发送成功
[02:52:11 INF] 【直播间】23040372 的第 39 个心跳包发送成功
[02:52:12 INF] 【直播间】31494 的第 39 个心跳包发送成功
[02:52:13 INF] 【直播间】4015781 的第 39 个心跳包发送成功
[02:52:14 INF] 【直播间】9619073 的第 39 个心跳包发送成功
[02:52:16 INF] 【直播间】407149 的第 39 个心跳包发送成功
[02:52:17 INF] 【直播间】11732699 的第 39 个心跳包发送成功
[02:52:18 INF] 【直播间】91164 的第 39 个心跳包发送成功
[02:52:19 INF] 【直播间】7184632 的第 39 个心跳包发送成功
[02:52:21 INF] 【直播间】23447660 的第 39 个心跳包发送成功
[02:52:22 INF] 【直播间】929670 的第 39 个心跳包发送成功
[02:52:23 INF] 【直播间】22764265 的第 39 个心跳包发送成功
[02:53:16 INF] 【直播间】23357926 的第 40 个心跳包发送成功
[02:53:17 INF] 【直播间】23040372 的第 40 个心跳包发送成功
[02:53:19 INF] 【直播间】31494 的第 40 个心跳包发送成功
[02:53:20 INF] 【直播间】4015781 的第 40 个心跳包发送成功
[02:53:21 INF] 【直播间】9619073 的第 40 个心跳包发送成功
[02:53:22 INF] 【直播间】407149 的第 40 个心跳包发送成功
[02:53:24 INF] 【直播间】11732699 的第 40 个心跳包发送成功
[02:53:25 INF] 【直播间】91164 的第 40 个心跳包发送成功
[02:53:26 INF] 【直播间】7184632 的第 40 个心跳包发送成功
[02:53:27 INF] 【直播间】23447660 的第 40 个心跳包发送成功
[02:53:29 INF] 【直播间】929670 的第 40 个心跳包发送成功
[02:53:30 INF] 【直播间】22764265 的第 40 个心跳包发送成功
[02:54:23 INF] 【直播间】23357926 的第 41 个心跳包发送成功
[02:54:24 ERR] 【心跳包】直播间 23040372 发送失败
[02:54:24 ERR] 【原因】time check failed
[02:54:25 INF] 【直播间】31494 的第 41 个心跳包发送成功
[02:54:26 INF] 【直播间】4015781 的第 41 个心跳包发送成功
[02:54:27 INF] 【直播间】9619073 的第 41 个心跳包发送成功
[02:54:29 ERR] 【心跳包】直播间 407149 发送失败
[02:54:29 ERR] 【原因】time check failed
[02:54:30 INF] 【直播间】11732699 的第 41 个心跳包发送成功
[02:54:31 INF] 【直播间】91164 的第 41 个心跳包发送成功
[02:54:33 INF] 【直播间】7184632 的第 41 个心跳包发送成功
[02:54:34 ERR] 【心跳包】直播间 23447660 发送失败
[02:54:34 ERR] 【原因】time check failed
[02:54:35 ERR] 【心跳包】直播间 929670 发送失败
[02:54:35 ERR] 【原因】time check failed
[02:54:36 INF] 【直播间】22764265 的第 41 个心跳包发送成功
[02:55:29 ERR] 【心跳包】直播间 23357926 发送失败
[02:55:29 ERR] 【原因】time check failed
[02:55:30 INF] 【直播间】23040372 的第 41 个心跳包发送成功
[02:55:31 ERR] 【心跳包】直播间 31494 发送失败
[02:55:31 ERR] 【原因】time check failed
[02:55:33 ERR] 【心跳包】直播间 4015781 发送失败
[02:55:33 ERR] 【原因】time check failed
[02:55:34 ERR] 【心跳包】直播间 9619073 发送失败
[02:55:34 ERR] 【原因】time check failed
[02:55:35 INF] 【直播间】407149 的第 41 个心跳包发送成功
[02:55:36 ERR] 【心跳包】直播间 11732699 发送失败
[02:55:36 ERR] 【原因】time check failed
[02:55:38 ERR] 【心跳包】直播间 91164 发送失败
[02:55:38 ERR] 【原因】time check failed
[02:55:39 ERR] 【心跳包】直播间 7184632 发送失败
[02:55:39 ERR] 【原因】time check failed
[02:55:40 INF] 【直播间】23447660 的第 41 个心跳包发送成功
[02:55:41 INF] 【直播间】929670 的第 41 个心跳包发送成功
[02:55:43 ERR] 【心跳包】直播间 22764265 发送失败
[02:55:43 ERR] 【原因】time check failed
[02:56:35 INF] 【直播间】23357926 的第 42 个心跳包发送成功
[02:56:36 INF] 【直播间】23040372 的第 42 个心跳包发送成功
[02:56:38 INF] 【直播间】31494 的第 42 个心跳包发送成功
[02:56:39 INF] 【直播间】4015781 的第 42 个心跳包发送成功
[02:56:40 INF] 【直播间】9619073 的第 42 个心跳包发送成功
[02:56:41 INF] 【直播间】407149 的第 42 个心跳包发送成功
[02:56:43 INF] 【直播间】11732699 的第 42 个心跳包发送成功
[02:56:44 INF] 【直播间】91164 的第 42 个心跳包发送成功
[02:56:45 INF] 【直播间】7184632 的第 42 个心跳包发送成功
[02:56:46 INF] 【直播间】23447660 的第 42 个心跳包发送成功
[02:56:48 INF] 【直播间】929670 的第 42 个心跳包发送成功
[02:56:49 INF] 【直播间】22764265 的第 42 个心跳包发送成功
[02:57:42 INF] 【直播间】23357926 的第 43 个心跳包发送成功
[02:57:43 INF] 【直播间】23040372 的第 43 个心跳包发送成功
[02:57:44 INF] 【直播间】31494 的第 43 个心跳包发送成功
[02:57:45 INF] 【直播间】4015781 的第 43 个心跳包发送成功
[02:57:47 INF] 【直播间】9619073 的第 43 个心跳包发送成功
[02:57:48 INF] 【直播间】407149 的第 43 个心跳包发送成功
[02:57:49 INF] 【直播间】11732699 的第 43 个心跳包发送成功
[02:57:51 INF] 【直播间】91164 的第 43 个心跳包发送成功
[02:57:52 INF] 【直播间】7184632 的第 43 个心跳包发送成功
[02:57:53 INF] 【直播间】23447660 的第 43 个心跳包发送成功
[02:57:54 INF] 【直播间】929670 的第 43 个心跳包发送成功
[02:57:56 INF] 【直播间】22764265 的第 43 个心跳包发送成功
[02:58:48 INF] 【直播间】23357926 的第 44 个心跳包发送成功
[02:58:50 INF] 【直播间】23040372 的第 44 个心跳包发送成功
[02:58:51 INF] 【直播间】31494 的第 44 个心跳包发送成功
[02:58:52 INF] 【直播间】4015781 的第 44 个心跳包发送成功
[02:58:53 INF] 【直播间】9619073 的第 44 个心跳包发送成功
[02:58:55 INF] 【直播间】407149 的第 44 个心跳包发送成功
[02:58:56 INF] 【直播间】11732699 的第 44 个心跳包发送成功
[02:58:57 INF] 【直播间】91164 的第 44 个心跳包发送成功
[02:58:58 INF] 【直播间】7184632 的第 44 个心跳包发送成功
[02:59:00 INF] 【直播间】23447660 的第 44 个心跳包发送成功
[02:59:01 INF] 【直播间】929670 的第 44 个心跳包发送成功
[02:59:02 INF] 【直播间】22764265 的第 44 个心跳包发送成功
[02:59:55 INF] 【直播间】23357926 的第 45 个心跳包发送成功
[02:59:56 INF] 【直播间】23040372 的第 45 个心跳包发送成功
[02:59:57 INF] 【直播间】31494 的第 45 个心跳包发送成功
[02:59:59 INF] 【直播间】4015781 的第 45 个心跳包发送成功
[03:00:00 INF] 【直播间】9619073 的第 45 个心跳包发送成功
[03:00:01 INF] 【直播间】407149 的第 45 个心跳包发送成功
[03:00:03 INF] 【直播间】11732699 的第 45 个心跳包发送成功
[03:00:04 INF] 【直播间】91164 的第 45 个心跳包发送成功
[03:00:05 INF] 【直播间】7184632 的第 45 个心跳包发送成功
[03:00:06 INF] 【直播间】23447660 的第 45 个心跳包发送成功
[03:00:08 INF] 【直播间】929670 的第 45 个心跳包发送成功
[03:00:09 INF] 【直播间】22764265 的第 45 个心跳包发送成功
[03:01:01 INF] 【直播间】23357926 的第 46 个心跳包发送成功
[03:01:03 INF] 【直播间】23040372 的第 46 个心跳包发送成功
[03:01:04 INF] 【直播间】31494 的第 46 个心跳包发送成功
[03:01:05 INF] 【直播间】4015781 的第 46 个心跳包发送成功
[03:01:06 INF] 【直播间】9619073 的第 46 个心跳包发送成功
[03:01:08 INF] 【直播间】407149 的第 46 个心跳包发送成功
[03:01:09 INF] 【直播间】11732699 的第 46 个心跳包发送成功
[03:01:10 INF] 【直播间】91164 的第 46 个心跳包发送成功
[03:01:11 INF] 【直播间】7184632 的第 46 个心跳包发送成功
[03:01:13 INF] 【直播间】23447660 的第 46 个心跳包发送成功
[03:01:14 INF] 【直播间】929670 的第 46 个心跳包发送成功
[03:01:15 INF] 【直播间】22764265 的第 46 个心跳包发送成功
[03:02:08 INF] 【直播间】23357926 的第 47 个心跳包发送成功
[03:02:09 INF] 【直播间】23040372 的第 47 个心跳包发送成功
[03:02:10 INF] 【直播间】31494 的第 47 个心跳包发送成功
[03:02:12 INF] 【直播间】4015781 的第 47 个心跳包发送成功
[03:02:13 INF] 【直播间】9619073 的第 47 个心跳包发送成功
[03:02:14 INF] 【直播间】407149 的第 47 个心跳包发送成功
[03:02:15 INF] 【直播间】11732699 的第 47 个心跳包发送成功
[03:02:17 INF] 【直播间】91164 的第 47 个心跳包发送成功
[03:02:18 INF] 【直播间】7184632 的第 47 个心跳包发送成功
[03:02:19 INF] 【直播间】23447660 的第 47 个心跳包发送成功
[03:02:20 INF] 【直播间】929670 的第 47 个心跳包发送成功
[03:02:22 INF] 【直播间】22764265 的第 47 个心跳包发送成功
[03:03:14 INF] 【直播间】23357926 的第 48 个心跳包发送成功
[03:03:15 INF] 【直播间】23040372 的第 48 个心跳包发送成功
[03:03:17 INF] 【直播间】31494 的第 48 个心跳包发送成功
[03:03:18 INF] 【直播间】4015781 的第 48 个心跳包发送成功
[03:03:19 INF] 【直播间】9619073 的第 48 个心跳包发送成功
[03:03:21 INF] 【直播间】407149 的第 48 个心跳包发送成功
[03:03:22 INF] 【直播间】11732699 的第 48 个心跳包发送成功
[03:03:23 INF] 【直播间】91164 的第 48 个心跳包发送成功
[03:03:24 INF] 【直播间】7184632 的第 48 个心跳包发送成功
[03:03:26 INF] 【直播间】23447660 的第 48 个心跳包发送成功
[03:03:27 INF] 【直播间】929670 的第 48 个心跳包发送成功
[03:03:28 INF] 【直播间】22764265 的第 48 个心跳包发送成功
[03:04:21 INF] 【直播间】23357926 的第 49 个心跳包发送成功
[03:04:22 INF] 【直播间】23040372 的第 49 个心跳包发送成功
[03:04:23 INF] 【直播间】31494 的第 49 个心跳包发送成功
[03:04:25 INF] 【直播间】4015781 的第 49 个心跳包发送成功
[03:04:26 INF] 【直播间】9619073 的第 49 个心跳包发送成功
[03:04:27 INF] 【直播间】407149 的第 49 个心跳包发送成功
[03:04:28 INF] 【直播间】11732699 的第 49 个心跳包发送成功
[03:04:30 INF] 【直播间】91164 的第 49 个心跳包发送成功
[03:04:31 INF] 【直播间】7184632 的第 49 个心跳包发送成功
[03:04:32 INF] 【直播间】23447660 的第 49 个心跳包发送成功
[03:04:33 INF] 【直播间】929670 的第 49 个心跳包发送成功
[03:04:35 INF] 【直播间】22764265 的第 49 个心跳包发送成功
[03:05:28 INF] 【直播间】23357926 的第 50 个心跳包发送成功
[03:05:29 INF] 【直播间】23040372 的第 50 个心跳包发送成功
[03:05:30 INF] 【直播间】31494 的第 50 个心跳包发送成功
[03:05:31 INF] 【直播间】4015781 的第 50 个心跳包发送成功
[03:05:32 INF] 【直播间】9619073 的第 50 个心跳包发送成功
[03:05:34 INF] 【直播间】407149 的第 50 个心跳包发送成功
[03:05:35 INF] 【直播间】11732699 的第 50 个心跳包发送成功
[03:05:36 INF] 【直播间】91164 的第 50 个心跳包发送成功
[03:05:38 INF] 【直播间】7184632 的第 50 个心跳包发送成功
[03:05:39 INF] 【直播间】23447660 的第 50 个心跳包发送成功
[03:05:40 INF] 【直播间】929670 的第 50 个心跳包发送成功
[03:05:41 INF] 【直播间】22764265 的第 50 个心跳包发送成功
[03:06:34 INF] 【直播间】23357926 的第 51 个心跳包发送成功
[03:06:35 INF] 【直播间】23040372 的第 51 个心跳包发送成功
[03:06:36 INF] 【直播间】31494 的第 51 个心跳包发送成功
[03:06:38 INF] 【直播间】4015781 的第 51 个心跳包发送成功
[03:06:39 INF] 【直播间】9619073 的第 51 个心跳包发送成功
[03:06:40 INF] 【直播间】407149 的第 51 个心跳包发送成功
[03:06:41 INF] 【直播间】11732699 的第 51 个心跳包发送成功
[03:06:43 INF] 【直播间】91164 的第 51 个心跳包发送成功
[03:06:44 INF] 【直播间】7184632 的第 51 个心跳包发送成功
[03:06:45 INF] 【直播间】23447660 的第 51 个心跳包发送成功
[03:06:47 INF] 【直播间】929670 的第 51 个心跳包发送成功
[03:06:48 INF] 【直播间】22764265 的第 51 个心跳包发送成功
[03:07:40 INF] 【直播间】23357926 的第 52 个心跳包发送成功
[03:07:42 INF] 【直播间】23040372 的第 52 个心跳包发送成功
[03:07:43 INF] 【直播间】31494 的第 52 个心跳包发送成功
[03:07:44 INF] 【直播间】4015781 的第 52 个心跳包发送成功
[03:07:45 INF] 【直播间】9619073 的第 52 个心跳包发送成功
[03:07:47 INF] 【直播间】407149 的第 52 个心跳包发送成功
[03:07:48 INF] 【直播间】11732699 的第 52 个心跳包发送成功
[03:07:49 INF] 【直播间】91164 的第 52 个心跳包发送成功
[03:07:50 INF] 【直播间】7184632 的第 52 个心跳包发送成功
[03:07:52 INF] 【直播间】23447660 的第 52 个心跳包发送成功
[03:07:53 INF] 【直播间】929670 的第 52 个心跳包发送成功
[03:07:54 INF] 【直播间】22764265 的第 52 个心跳包发送成功
[03:08:47 INF] 【直播间】23357926 的第 53 个心跳包发送成功
[03:08:48 INF] 【直播间】23040372 的第 53 个心跳包发送成功
[03:08:49 INF] 【直播间】31494 的第 53 个心跳包发送成功
[03:08:51 INF] 【直播间】4015781 的第 53 个心跳包发送成功
[03:08:52 INF] 【直播间】9619073 的第 53 个心跳包发送成功
[03:08:53 INF] 【直播间】407149 的第 53 个心跳包发送成功
[03:08:54 INF] 【直播间】11732699 的第 53 个心跳包发送成功
[03:08:56 INF] 【直播间】91164 的第 53 个心跳包发送成功
[03:08:57 INF] 【直播间】7184632 的第 53 个心跳包发送成功
[03:08:58 INF] 【直播间】23447660 的第 53 个心跳包发送成功
[03:09:00 INF] 【直播间】929670 的第 53 个心跳包发送成功
[03:09:01 INF] 【直播间】22764265 的第 53 个心跳包发送成功
[03:09:54 INF] 【直播间】23357926 的第 54 个心跳包发送成功
[03:09:55 ERR] 【心跳包】直播间 23040372 发送失败
[03:09:55 ERR] 【原因】time check failed
[03:09:56 INF] 【直播间】31494 的第 54 个心跳包发送成功
[03:09:57 INF] 【直播间】4015781 的第 54 个心跳包发送成功
[03:09:59 INF] 【直播间】9619073 的第 54 个心跳包发送成功
[03:10:00 ERR] 【心跳包】直播间 407149 发送失败
[03:10:00 ERR] 【原因】time check failed
[03:10:01 INF] 【直播间】11732699 的第 54 个心跳包发送成功
[03:10:03 INF] 【直播间】91164 的第 54 个心跳包发送成功
[03:10:04 INF] 【直播间】7184632 的第 54 个心跳包发送成功
[03:10:05 ERR] 【心跳包】直播间 23447660 发送失败
[03:10:05 ERR] 【原因】time check failed
[03:10:06 ERR] 【心跳包】直播间 929670 发送失败
[03:10:06 ERR] 【原因】time check failed
[03:10:07 INF] 【直播间】22764265 的第 54 个心跳包发送成功
[03:11:00 ERR] 【心跳包】直播间 23357926 发送失败
[03:11:00 ERR] 【原因】time check failed
[03:11:01 INF] 【直播间】23040372 的第 54 个心跳包发送成功
[03:11:03 ERR] 【心跳包】直播间 31494 发送失败
[03:11:03 ERR] 【原因】time check failed
[03:11:04 ERR] 【心跳包】直播间 4015781 发送失败
[03:11:04 ERR] 【原因】time check failed
[03:11:05 ERR] 【心跳包】直播间 9619073 发送失败
[03:11:05 ERR] 【原因】time check failed
[03:11:07 INF] 【直播间】407149 的第 54 个心跳包发送成功
[03:11:08 ERR] 【心跳包】直播间 11732699 发送失败
[03:11:08 ERR] 【原因】time check failed
[03:11:09 ERR] 【心跳包】直播间 91164 发送失败
[03:11:09 ERR] 【原因】time check failed
[03:11:10 ERR] 【心跳包】直播间 7184632 发送失败
[03:11:10 ERR] 【原因】time check failed
[03:11:12 INF] 【直播间】23447660 的第 54 个心跳包发送成功
[03:11:13 INF] 【直播间】929670 的第 54 个心跳包发送成功
[03:11:14 ERR] 【心跳包】直播间 22764265 发送失败
[03:11:14 ERR] 【原因】time check failed
[03:12:07 INF] 【直播间】23357926 的第 55 个心跳包发送成功
[03:12:08 INF] 【直播间】23040372 的第 55 个心跳包发送成功
[03:12:09 INF] 【直播间】31494 的第 55 个心跳包发送成功
[03:12:10 INF] 【直播间】4015781 的第 55 个心跳包发送成功
[03:12:12 INF] 【直播间】9619073 的第 55 个心跳包发送成功
[03:12:13 INF] 【直播间】407149 的第 55 个心跳包发送成功
[03:12:14 INF] 【直播间】11732699 的第 55 个心跳包发送成功
[03:12:15 INF] 【直播间】91164 的第 55 个心跳包发送成功
[03:12:17 INF] 【直播间】7184632 的第 55 个心跳包发送成功
[03:12:18 INF] 【直播间】23447660 的第 55 个心跳包发送成功
[03:12:19 INF] 【直播间】929670 的第 55 个心跳包发送成功
[03:12:20 INF] 【直播间】22764265 的第 55 个心跳包发送成功
[03:13:13 INF] 【直播间】23357926 的第 56 个心跳包发送成功
[03:13:14 INF] 【直播间】23040372 的第 56 个心跳包发送成功
[03:13:15 INF] 【直播间】31494 的第 56 个心跳包发送成功
[03:13:17 INF] 【直播间】4015781 的第 56 个心跳包发送成功
[03:13:18 INF] 【直播间】9619073 的第 56 个心跳包发送成功
[03:13:19 INF] 【直播间】407149 的第 56 个心跳包发送成功
[03:13:20 INF] 【直播间】11732699 的第 56 个心跳包发送成功
[03:13:22 INF] 【直播间】91164 的第 56 个心跳包发送成功
[03:13:23 INF] 【直播间】7184632 的第 56 个心跳包发送成功
[03:13:24 INF] 【直播间】23447660 的第 56 个心跳包发送成功
[03:13:26 INF] 【直播间】929670 的第 56 个心跳包发送成功
[03:13:27 INF] 【直播间】22764265 的第 56 个心跳包发送成功
[03:14:19 INF] 【直播间】23357926 的第 57 个心跳包发送成功
[03:14:21 INF] 【直播间】23040372 的第 57 个心跳包发送成功
[03:14:22 INF] 【直播间】31494 的第 57 个心跳包发送成功
[03:14:23 INF] 【直播间】4015781 的第 57 个心跳包发送成功
[03:14:25 INF] 【直播间】9619073 的第 57 个心跳包发送成功
[03:14:26 INF] 【直播间】407149 的第 57 个心跳包发送成功
[03:14:27 INF] 【直播间】11732699 的第 57 个心跳包发送成功
[03:14:28 INF] 【直播间】91164 的第 57 个心跳包发送成功
[03:14:30 INF] 【直播间】7184632 的第 57 个心跳包发送成功
[03:14:31 INF] 【直播间】23447660 的第 57 个心跳包发送成功
[03:14:33 INF] 【直播间】929670 的第 57 个心跳包发送成功
[03:14:34 INF] 【直播间】22764265 的第 57 个心跳包发送成功
[03:15:26 INF] 【直播间】23357926 的第 58 个心跳包发送成功
[03:15:27 INF] 【直播间】23040372 的第 58 个心跳包发送成功
[03:15:29 INF] 【直播间】31494 的第 58 个心跳包发送成功
[03:15:30 INF] 【直播间】4015781 的第 58 个心跳包发送成功
[03:15:31 INF] 【直播间】9619073 的第 58 个心跳包发送成功
[03:15:32 INF] 【直播间】407149 的第 58 个心跳包发送成功
[03:15:34 INF] 【直播间】11732699 的第 58 个心跳包发送成功
[03:15:35 INF] 【直播间】91164 的第 58 个心跳包发送成功
[03:15:36 INF] 【直播间】7184632 的第 58 个心跳包发送成功
[03:15:37 INF] 【直播间】23447660 的第 58 个心跳包发送成功
[03:15:39 INF] 【直播间】929670 的第 58 个心跳包发送成功
[03:15:40 INF] 【直播间】22764265 的第 58 个心跳包发送成功
[03:16:33 INF] 【直播间】23357926 的第 59 个心跳包发送成功
[03:16:34 INF] 【直播间】23040372 的第 59 个心跳包发送成功
[03:16:35 INF] 【直播间】31494 的第 59 个心跳包发送成功
[03:16:36 INF] 【直播间】4015781 的第 59 个心跳包发送成功
[03:16:38 INF] 【直播间】9619073 的第 59 个心跳包发送成功
[03:16:39 INF] 【直播间】407149 的第 59 个心跳包发送成功
[03:16:40 INF] 【直播间】11732699 的第 59 个心跳包发送成功
[03:16:42 INF] 【直播间】91164 的第 59 个心跳包发送成功
[03:16:43 INF] 【直播间】7184632 的第 59 个心跳包发送成功
[03:16:44 INF] 【直播间】23447660 的第 59 个心跳包发送成功
[03:16:45 INF] 【直播间】929670 的第 59 个心跳包发送成功
[03:16:47 INF] 【直播间】22764265 的第 59 个心跳包发送成功
[03:17:39 INF] 【直播间】23357926 的第 60 个心跳包发送成功
[03:17:40 INF] 【直播间】23040372 的第 60 个心跳包发送成功
[03:17:42 INF] 【直播间】31494 的第 60 个心跳包发送成功
[03:17:43 INF] 【直播间】4015781 的第 60 个心跳包发送成功
[03:17:44 INF] 【直播间】9619073 的第 60 个心跳包发送成功
[03:17:45 INF] 【直播间】407149 的第 60 个心跳包发送成功
[03:17:47 INF] 【直播间】11732699 的第 60 个心跳包发送成功
[03:17:48 INF] 【直播间】91164 的第 60 个心跳包发送成功
[03:17:49 INF] 【直播间】7184632 的第 60 个心跳包发送成功
[03:17:51 INF] 【直播间】23447660 的第 60 个心跳包发送成功
[03:17:52 INF] 【直播间】929670 的第 60 个心跳包发送成功
[03:17:53 INF] 【直播间】22764265 的第 60 个心跳包发送成功
[03:18:46 INF] 【直播间】23357926 的第 61 个心跳包发送成功
[03:18:47 INF] 【直播间】23040372 的第 61 个心跳包发送成功
[03:18:48 INF] 【直播间】31494 的第 61 个心跳包发送成功
[03:18:49 INF] 【直播间】4015781 的第 61 个心跳包发送成功
[03:18:51 INF] 【直播间】9619073 的第 61 个心跳包发送成功
[03:18:52 INF] 【直播间】407149 的第 61 个心跳包发送成功
[03:18:53 INF] 【直播间】11732699 的第 61 个心跳包发送成功
[03:18:54 INF] 【直播间】91164 的第 61 个心跳包发送成功
[03:18:56 INF] 【直播间】7184632 的第 61 个心跳包发送成功
[03:18:57 INF] 【直播间】23447660 的第 61 个心跳包发送成功
[03:18:58 INF] 【直播间】929670 的第 61 个心跳包发送成功
[03:18:59 INF] 【直播间】22764265 的第 61 个心跳包发送成功
[03:19:52 INF] 【直播间】23357926 的第 62 个心跳包发送成功
[03:19:53 INF] 【直播间】23040372 的第 62 个心跳包发送成功
[03:19:54 INF] 【直播间】31494 的第 62 个心跳包发送成功
[03:19:56 INF] 【直播间】4015781 的第 62 个心跳包发送成功
[03:19:57 INF] 【直播间】9619073 的第 62 个心跳包发送成功
[03:19:58 INF] 【直播间】407149 的第 62 个心跳包发送成功
[03:19:59 INF] 【直播间】11732699 的第 62 个心跳包发送成功
[03:20:01 INF] 【直播间】91164 的第 62 个心跳包发送成功
[03:20:02 INF] 【直播间】7184632 的第 62 个心跳包发送成功
[03:20:03 INF] 【直播间】23447660 的第 62 个心跳包发送成功
[03:20:05 INF] 【直播间】929670 的第 62 个心跳包发送成功
[03:20:06 INF] 【直播间】22764265 的第 62 个心跳包发送成功
[03:20:59 INF] 【直播间】23357926 的第 63 个心跳包发送成功
[03:21:00 INF] 【直播间】23040372 的第 63 个心跳包发送成功
[03:21:01 INF] 【直播间】31494 的第 63 个心跳包发送成功
[03:21:03 INF] 【直播间】4015781 的第 63 个心跳包发送成功
[03:21:04 INF] 【直播间】9619073 的第 63 个心跳包发送成功
[03:21:05 INF] 【直播间】407149 的第 63 个心跳包发送成功
[03:21:06 INF] 【直播间】11732699 的第 63 个心跳包发送成功
[03:21:08 INF] 【直播间】91164 的第 63 个心跳包发送成功
[03:21:09 INF] 【直播间】7184632 的第 63 个心跳包发送成功
[03:21:10 INF] 【直播间】23447660 的第 63 个心跳包发送成功
[03:21:11 INF] 【直播间】929670 的第 63 个心跳包发送成功
[03:21:13 INF] 【直播间】22764265 的第 63 个心跳包发送成功
[03:22:05 INF] 【直播间】23357926 的第 64 个心跳包发送成功
[03:22:06 INF] 【直播间】23040372 的第 64 个心跳包发送成功
[03:22:08 INF] 【直播间】31494 的第 64 个心跳包发送成功
[03:22:09 INF] 【直播间】4015781 的第 64 个心跳包发送成功
[03:22:10 INF] 【直播间】9619073 的第 64 个心跳包发送成功
[03:22:12 INF] 【直播间】407149 的第 64 个心跳包发送成功
[03:22:13 INF] 【直播间】11732699 的第 64 个心跳包发送成功
[03:22:14 INF] 【直播间】91164 的第 64 个心跳包发送成功
[03:22:15 INF] 【直播间】7184632 的第 64 个心跳包发送成功
[03:22:16 INF] 【直播间】23447660 的第 64 个心跳包发送成功
[03:22:18 INF] 【直播间】929670 的第 64 个心跳包发送成功
[03:22:19 INF] 【直播间】22764265 的第 64 个心跳包发送成功
[03:23:12 INF] 【直播间】23357926 的第 65 个心跳包发送成功
[03:23:13 INF] 【直播间】23040372 的第 65 个心跳包发送成功
[03:23:14 INF] 【直播间】31494 的第 65 个心跳包发送成功
[03:23:16 INF] 【直播间】4015781 的第 65 个心跳包发送成功
[03:23:17 INF] 【直播间】9619073 的第 65 个心跳包发送成功
[03:23:18 INF] 【直播间】407149 的第 65 个心跳包发送成功
[03:23:19 INF] 【直播间】11732699 的第 65 个心跳包发送成功
[03:23:21 INF] 【直播间】91164 的第 65 个心跳包发送成功
[03:23:22 INF] 【直播间】7184632 的第 65 个心跳包发送成功
[03:23:23 INF] 【直播间】23447660 的第 65 个心跳包发送成功
[03:23:24 INF] 【直播间】929670 的第 65 个心跳包发送成功
[03:23:26 INF] 【直播间】22764265 的第 65 个心跳包发送成功
[03:24:18 INF] 【直播间】23357926 的第 66 个心跳包发送成功
[03:24:20 INF] 【直播间】23040372 的第 66 个心跳包发送成功
[03:24:21 INF] 【直播间】31494 的第 66 个心跳包发送成功
[03:24:22 INF] 【直播间】4015781 的第 66 个心跳包发送成功
[03:24:23 INF] 【直播间】9619073 的第 66 个心跳包发送成功
[03:24:24 INF] 【直播间】407149 的第 66 个心跳包发送成功
[03:24:26 INF] 【直播间】11732699 的第 66 个心跳包发送成功
[03:24:27 INF] 【直播间】91164 的第 66 个心跳包发送成功
[03:24:28 INF] 【直播间】7184632 的第 66 个心跳包发送成功
[03:24:29 INF] 【直播间】23447660 的第 66 个心跳包发送成功
[03:24:31 INF] 【直播间】929670 的第 66 个心跳包发送成功
[03:24:32 INF] 【直播间】22764265 的第 66 个心跳包发送成功
[03:25:25 INF] 【直播间】23357926 的第 67 个心跳包发送成功
[03:25:26 ERR] 【心跳包】直播间 23040372 发送失败
[03:25:26 ERR] 【原因】time check failed
[03:25:27 INF] 【直播间】31494 的第 67 个心跳包发送成功
[03:25:28 INF] 【直播间】4015781 的第 67 个心跳包发送成功
[03:25:30 INF] 【直播间】9619073 的第 67 个心跳包发送成功
[03:25:31 ERR] 【心跳包】直播间 407149 发送失败
[03:25:31 ERR] 【原因】time check failed
[03:25:32 INF] 【直播间】11732699 的第 67 个心跳包发送成功
[03:25:33 INF] 【直播间】91164 的第 67 个心跳包发送成功
[03:25:34 INF] 【直播间】7184632 的第 67 个心跳包发送成功
[03:25:36 ERR] 【心跳包】直播间 23447660 发送失败
[03:25:36 ERR] 【原因】time check failed
[03:25:37 ERR] 【心跳包】直播间 929670 发送失败
[03:25:37 ERR] 【原因】time check failed
[03:25:38 INF] 【直播间】22764265 的第 67 个心跳包发送成功
[03:26:31 ERR] 【心跳包】直播间 23357926 发送失败
[03:26:31 ERR] 【原因】time check failed
[03:26:32 INF] 【直播间】23040372 的第 67 个心跳包发送成功
[03:26:34 ERR] 【心跳包】直播间 31494 发送失败
[03:26:34 ERR] 【原因】time check failed
[03:26:35 ERR] 【心跳包】直播间 4015781 发送失败
[03:26:35 ERR] 【原因】time check failed
[03:26:36 ERR] 【心跳包】直播间 9619073 发送失败
[03:26:36 ERR] 【原因】time check failed
[03:26:37 INF] 【直播间】407149 的第 67 个心跳包发送成功
[03:26:39 ERR] 【心跳包】直播间 11732699 发送失败
[03:26:39 ERR] 【原因】time check failed
[03:26:40 ERR] 【心跳包】直播间 91164 发送失败
[03:26:40 ERR] 【原因】time check failed
[03:26:41 ERR] 【心跳包】直播间 7184632 发送失败
[03:26:41 ERR] 【原因】time check failed
[03:26:42 INF] 【直播间】23447660 的第 67 个心跳包发送成功
[03:26:44 INF] 【直播间】929670 的第 67 个心跳包发送成功
[03:26:45 ERR] 【心跳包】直播间 22764265 发送失败
[03:26:45 ERR] 【原因】time check failed
[03:27:38 INF] 【直播间】23357926 的第 68 个心跳包发送成功
[03:27:39 INF] 【直播间】23040372 的第 68 个心跳包发送成功
[03:27:40 INF] 【直播间】31494 的第 68 个心跳包发送成功
[03:27:42 INF] 【直播间】4015781 的第 68 个心跳包发送成功
[03:27:43 INF] 【直播间】9619073 的第 68 个心跳包发送成功
[03:27:44 INF] 【直播间】407149 的第 68 个心跳包发送成功
[03:27:45 INF] 【直播间】11732699 的第 68 个心跳包发送成功
[03:27:46 INF] 【直播间】91164 的第 68 个心跳包发送成功
[03:27:48 INF] 【直播间】7184632 的第 68 个心跳包发送成功
[03:27:49 INF] 【直播间】23447660 的第 68 个心跳包发送成功
[03:27:50 INF] 【直播间】929670 的第 68 个心跳包发送成功
[03:27:51 INF] 【直播间】22764265 的第 68 个心跳包发送成功
[03:28:44 INF] 【直播间】23357926 的第 69 个心跳包发送成功
[03:28:45 INF] 【直播间】23040372 的第 69 个心跳包发送成功
[03:28:47 INF] 【直播间】31494 的第 69 个心跳包发送成功
[03:28:48 INF] 【直播间】4015781 的第 69 个心跳包发送成功
[03:28:49 INF] 【直播间】9619073 的第 69 个心跳包发送成功
[03:28:50 INF] 【直播间】407149 的第 69 个心跳包发送成功
[03:28:52 INF] 【直播间】11732699 的第 69 个心跳包发送成功
[03:28:53 INF] 【直播间】91164 的第 69 个心跳包发送成功
[03:28:54 INF] 【直播间】7184632 的第 69 个心跳包发送成功
[03:28:55 INF] 【直播间】23447660 的第 69 个心跳包发送成功
[03:28:57 INF] 【直播间】929670 的第 69 个心跳包发送成功
[03:28:58 INF] 【直播间】22764265 的第 69 个心跳包发送成功
[03:29:51 INF] 【直播间】23357926 的第 70 个心跳包发送成功
[03:29:52 INF] 【直播间】23040372 的第 70 个心跳包发送成功
[03:29:53 INF] 【直播间】31494 的第 70 个心跳包发送成功
[03:29:54 INF] 【直播间】4015781 的第 70 个心跳包发送成功
[03:29:56 INF] 【直播间】9619073 的第 70 个心跳包发送成功
[03:29:57 INF] 【直播间】407149 的第 70 个心跳包发送成功
[03:29:58 INF] 【直播间】11732699 的第 70 个心跳包发送成功
[03:29:59 INF] 【直播间】91164 的第 70 个心跳包发送成功
[03:30:00 INF] 【直播间】7184632 的第 70 个心跳包发送成功
[03:30:02 INF] 【直播间】23447660 的第 70 个心跳包发送成功
[03:30:03 INF] 【直播间】929670 的第 70 个心跳包发送成功
[03:30:04 INF] 【直播间】22764265 的第 70 个心跳包发送成功
[03:30:04 INF] 【直播观看时长】完成情况：12/12 
[03:30:04 INF] ---------结束---------

[03:30:04 INF] ==========结束==========

[03:30:04 INF] ######### 账号 3 #########

[03:30:04 INF] =====开始 直播间互动 =====

[03:30:04 INF] ---开始 发送弹幕 ---
[03:30:04 INF] 检测到直播 Cookie 未正确配置，尝试自动配置中...
[03:30:08 INF] 直播 Cookie 配置成功！
[03:30:08 INF] 【获取直播列表】获取拥有粉丝牌的直播列表
[03:30:14 ERR] 【获取直播列表】失败
[03:30:14 ERR] 【原因】账号未登录
[03:30:14 ERR] 发送弹幕失败，继续其他任务。失败信息:Object reference not set to an instance of an object.

[03:30:14 INF] -------结束-------

[03:30:14 INF] ---开始 点赞直播间 ---
[03:30:14 INF] 【获取直播列表】获取拥有粉丝牌的直播列表
[03:30:17 ERR] 【获取直播列表】失败
[03:30:17 ERR] 【原因】账号未登录
[03:30:17 ERR] 点赞直播间失败，继续其他任务。失败信息:Object reference not set to an instance of an object.

[03:30:17 INF] --------结束--------

[03:30:17 INF] ---开始 直播时长挂机 ---
[03:30:17 INF] 【获取直播列表】获取拥有粉丝牌的直播列表
[03:30:24 ERR] 【获取直播列表】失败
[03:30:24 ERR] 【原因】账号未登录
[03:30:24 ERR] 直播时长挂机失败，继续其他任务。失败信息:Object reference not set to an instance of an object.

[03:30:24 INF] ---------结束---------

[03:30:24 INF] ==========结束==========

[03:30:24 INF] 

========================

 v2.0.1 开源 by https://github.com/RayWangQvQ/BiliBiliToolPro

[03:30:24 INF] ·开始推送·LiveFansMedal任务·
2023-10-14T19:30:24.2598513Z 开始推送到:PushPlus
2023-10-14T19:30:25.8506147Z Response status: OK.
2023-10-14T19:30:25.8506606Z Response content: {"code":999,"msg":"发送内容过大，不能超过2万字","data":null}.

[03:30:25 INF] 运行环境：Development
[03:30:25 INF] 应用目录：/home/runner/work/BiliBiliToolPro/BiliBiliToolPro/src/Ray.BiliBiliTool.Console/bin/Debug/net6.0/

[03:30:25 INF] 运行结束
