----------- ip 信息 ---------
{
  "ip": "20.97.191.35",
  "city": "Boydton",
  "region": "Virginia",
  "country": "US",
  "loc": "36.6676,-78.3875",
  "org": "AS8075 Microsoft Corporation",
  "postal": "23917",
  "timezone": "America/New_York",
  "readme": "https://ipinfo.io/missingauth"
} ---------- end ------------
  ____               ____    _   _____           _  
 |  _ \ __ _ _   _  | __ ) _| |_|_   _|__   ___ | | 
 | |_) / _` | | | | |  _ \(_) (_) | |/ _ \ / _ \| | 
 |  _ < (_| | |_| | | |_) | | | | | | (_) | (_) | | 
 |_| \_\__,_|\__, | |____/|_|_|_| |_|\___/ \___/|_| 
             |___/                                  

[00:27:55 INF] BiliBiliToolPro 开始运行...

[00:27:55 INF] 【账号个数】3个

[00:27:55 INF] 随机休眠5分钟

[00:32:55 INF] 【目标任务】LiveFansMedal
[00:32:55 INF] ######### 账号 1 #########

[00:32:55 INF] =====开始 直播间互动 =====

[00:32:55 INF] ---开始 发送弹幕 ---
[00:32:55 INF] 检测到直播 Cookie 未正确配置，尝试自动配置中...
[00:32:59 INF] 直播 Cookie 配置成功！
[00:32:59 INF] 【获取直播列表】获取拥有粉丝牌的直播列表
[00:33:03 INF] 【主播】Mark陌枫 
[00:33:17 INF] 【主播】KL_qiqi_ 
[00:33:37 INF] 【主播】苏打baka 
[00:33:57 INF] 【直播间】Mark陌枫
[00:33:57 INF] 【粉丝牌】馬楓
[00:33:57 INF] 正在发送弹幕...
[00:34:03 INF] 【直播间】KL_qiqi_
[00:34:03 INF] 【粉丝牌】qiqisb
[00:34:03 INF] 正在发送弹幕...
[00:34:07 INF] 【直播间】苏打baka
[00:34:07 INF] 【粉丝牌】碳酸钠
[00:34:07 INF] 正在发送弹幕...
[00:34:10 INF] -------结束-------

[00:34:10 INF] ---开始 点赞直播间 ---
[00:34:10 INF] 【获取直播列表】获取拥有粉丝牌的直播列表
[00:34:15 INF] 【弹幕发送】成功~，你和主播 KL_qiqi_ 的亲密值增加了100！
[00:34:17 INF] 【弹幕发送】成功~，你和主播 Mark陌枫 的亲密值增加了100！
[00:34:17 INF] 【主播】Mark陌枫 
[00:34:25 INF] 【弹幕发送】成功~，你和主播 苏打baka 的亲密值增加了100！
[00:34:35 INF] 【主播】KL_qiqi_ 
[00:34:53 INF] 【主播】苏打baka 
[00:35:15 INF] 【点赞直播间】23357926 完成
[00:35:18 INF] 【点赞直播间】407149 完成
[00:35:25 INF] --------结束--------

[00:35:25 INF] ---开始 直播时长挂机 ---
[00:35:25 INF] 【获取直播列表】获取拥有粉丝牌的直播列表
[00:35:25 INF] 【点赞直播间】23040372 完成
[00:35:29 INF] 【主播】Mark陌枫 
[00:35:43 INF] 【主播】KL_qiqi_ 
[00:36:02 INF] 【主播】苏打baka 
[00:36:21 INF] 【直播间】23357926 的第 1 个心跳包发送成功
[00:36:22 INF] 【直播间】407149 的第 1 个心跳包发送成功
[00:36:24 INF] 【直播间】23040372 的第 1 个心跳包发送成功
[00:37:28 INF] 【直播间】23357926 的第 2 个心跳包发送成功
[00:37:29 INF] 【直播间】407149 的第 2 个心跳包发送成功
[00:37:30 INF] 【直播间】23040372 的第 2 个心跳包发送成功
[00:38:34 INF] 【直播间】23357926 的第 3 个心跳包发送成功
[00:38:36 INF] 【直播间】407149 的第 3 个心跳包发送成功
[00:38:37 INF] 【直播间】23040372 的第 3 个心跳包发送成功
[00:39:41 INF] 【直播间】23357926 的第 4 个心跳包发送成功
[00:39:42 INF] 【直播间】407149 的第 4 个心跳包发送成功
[00:39:43 INF] 【直播间】23040372 的第 4 个心跳包发送成功
[00:40:47 INF] 【直播间】23357926 的第 5 个心跳包发送成功
[00:40:49 INF] 【直播间】407149 的第 5 个心跳包发送成功
[00:40:50 INF] 【直播间】23040372 的第 5 个心跳包发送成功
[00:41:54 INF] 【直播间】23357926 的第 6 个心跳包发送成功
[00:41:55 INF] 【直播间】407149 的第 6 个心跳包发送成功
[00:41:57 INF] 【直播间】23040372 的第 6 个心跳包发送成功
[00:43:01 INF] 【直播间】23357926 的第 7 个心跳包发送成功
[00:43:02 INF] 【直播间】407149 的第 7 个心跳包发送成功
[00:43:03 INF] 【直播间】23040372 的第 7 个心跳包发送成功
[00:44:07 INF] 【直播间】23357926 的第 8 个心跳包发送成功
[00:44:09 INF] 【直播间】407149 的第 8 个心跳包发送成功
[00:44:10 INF] 【直播间】23040372 的第 8 个心跳包发送成功
[00:45:14 INF] 【直播间】23357926 的第 9 个心跳包发送成功
[00:45:15 INF] 【直播间】407149 的第 9 个心跳包发送成功
[00:45:17 INF] 【直播间】23040372 的第 9 个心跳包发送成功
[00:46:21 INF] 【直播间】23357926 的第 10 个心跳包发送成功
[00:46:22 INF] 【直播间】407149 的第 10 个心跳包发送成功
[00:46:23 INF] 【直播间】23040372 的第 10 个心跳包发送成功
[00:47:28 INF] 【直播间】23357926 的第 11 个心跳包发送成功
[00:47:29 INF] 【直播间】407149 的第 11 个心跳包发送成功
[00:47:30 INF] 【直播间】23040372 的第 11 个心跳包发送成功
[00:48:34 INF] 【直播间】23357926 的第 12 个心跳包发送成功
[00:48:35 INF] 【直播间】407149 的第 12 个心跳包发送成功
[00:48:37 INF] 【直播间】23040372 的第 12 个心跳包发送成功
[00:49:41 INF] 【直播间】23357926 的第 13 个心跳包发送成功
[00:49:42 INF] 【直播间】407149 的第 13 个心跳包发送成功
[00:49:43 INF] 【直播间】23040372 的第 13 个心跳包发送成功
[00:50:48 INF] 【直播间】23357926 的第 14 个心跳包发送成功
[00:50:49 INF] 【直播间】407149 的第 14 个心跳包发送成功
[00:50:50 INF] 【直播间】23040372 的第 14 个心跳包发送成功
[00:51:54 ERR] 【心跳包】直播间 23357926 发送失败
[00:51:54 ERR] 【原因】time check failed
[00:51:55 ERR] 【心跳包】直播间 407149 发送失败
[00:51:55 ERR] 【原因】time check failed
[00:51:57 ERR] 【心跳包】直播间 23040372 发送失败
[00:51:57 ERR] 【原因】time check failed
[00:53:00 INF] 【直播间】23357926 的第 15 个心跳包发送成功
[00:53:02 INF] 【直播间】407149 的第 15 个心跳包发送成功
[00:53:03 INF] 【直播间】23040372 的第 15 个心跳包发送成功
[00:54:07 INF] 【直播间】23357926 的第 16 个心跳包发送成功
[00:54:08 INF] 【直播间】407149 的第 16 个心跳包发送成功
[00:54:09 INF] 【直播间】23040372 的第 16 个心跳包发送成功
[00:55:14 INF] 【直播间】23357926 的第 17 个心跳包发送成功
[00:55:15 INF] 【直播间】407149 的第 17 个心跳包发送成功
[00:55:16 INF] 【直播间】23040372 的第 17 个心跳包发送成功
[00:56:20 INF] 【直播间】23357926 的第 18 个心跳包发送成功
[00:56:22 INF] 【直播间】407149 的第 18 个心跳包发送成功
[00:56:23 INF] 【直播间】23040372 的第 18 个心跳包发送成功
[00:57:27 INF] 【直播间】23357926 的第 19 个心跳包发送成功
[00:57:28 INF] 【直播间】407149 的第 19 个心跳包发送成功
[00:57:29 INF] 【直播间】23040372 的第 19 个心跳包发送成功
[00:58:33 INF] 【直播间】23357926 的第 20 个心跳包发送成功
[00:58:35 INF] 【直播间】407149 的第 20 个心跳包发送成功
[00:58:36 INF] 【直播间】23040372 的第 20 个心跳包发送成功
[00:59:40 INF] 【直播间】23357926 的第 21 个心跳包发送成功
[00:59:41 INF] 【直播间】407149 的第 21 个心跳包发送成功
[00:59:43 INF] 【直播间】23040372 的第 21 个心跳包发送成功
[01:00:47 INF] 【直播间】23357926 的第 22 个心跳包发送成功
[01:00:48 INF] 【直播间】407149 的第 22 个心跳包发送成功
[01:00:49 INF] 【直播间】23040372 的第 22 个心跳包发送成功
[01:01:53 INF] 【直播间】23357926 的第 23 个心跳包发送成功
[01:01:55 INF] 【直播间】407149 的第 23 个心跳包发送成功
[01:01:56 INF] 【直播间】23040372 的第 23 个心跳包发送成功
[01:03:00 INF] 【直播间】23357926 的第 24 个心跳包发送成功
[01:03:01 INF] 【直播间】407149 的第 24 个心跳包发送成功
[01:03:02 INF] 【直播间】23040372 的第 24 个心跳包发送成功
[01:04:06 INF] 【直播间】23357926 的第 25 个心跳包发送成功
[01:04:08 INF] 【直播间】407149 的第 25 个心跳包发送成功
[01:04:09 INF] 【直播间】23040372 的第 25 个心跳包发送成功
[01:05:13 INF] 【直播间】23357926 的第 26 个心跳包发送成功
[01:05:14 INF] 【直播间】407149 的第 26 个心跳包发送成功
[01:05:15 INF] 【直播间】23040372 的第 26 个心跳包发送成功
[01:06:20 INF] 【直播间】23357926 的第 27 个心跳包发送成功
[01:06:21 INF] 【直播间】407149 的第 27 个心跳包发送成功
[01:06:22 INF] 【直播间】23040372 的第 27 个心跳包发送成功
[01:07:27 ERR] 【心跳包】直播间 23357926 发送失败
[01:07:27 ERR] 【原因】time check failed
[01:07:28 ERR] 【心跳包】直播间 407149 发送失败
[01:07:28 ERR] 【原因】time check failed
[01:07:29 ERR] 【心跳包】直播间 23040372 发送失败
[01:07:29 ERR] 【原因】time check failed
[01:08:33 INF] 【直播间】23357926 的第 28 个心跳包发送成功
[01:08:34 INF] 【直播间】407149 的第 28 个心跳包发送成功
[01:08:36 INF] 【直播间】23040372 的第 28 个心跳包发送成功
[01:09:40 INF] 【直播间】23357926 的第 29 个心跳包发送成功
[01:09:41 INF] 【直播间】407149 的第 29 个心跳包发送成功
[01:09:42 INF] 【直播间】23040372 的第 29 个心跳包发送成功
[01:10:46 INF] 【直播间】23357926 的第 30 个心跳包发送成功
[01:10:48 INF] 【直播间】407149 的第 30 个心跳包发送成功
[01:10:49 INF] 【直播间】23040372 的第 30 个心跳包发送成功
[01:11:53 INF] 【直播间】23357926 的第 31 个心跳包发送成功
[01:11:54 INF] 【直播间】407149 的第 31 个心跳包发送成功
[01:11:56 INF] 【直播间】23040372 的第 31 个心跳包发送成功
[01:13:00 INF] 【直播间】23357926 的第 32 个心跳包发送成功
[01:13:01 INF] 【直播间】407149 的第 32 个心跳包发送成功
[01:13:02 INF] 【直播间】23040372 的第 32 个心跳包发送成功
[01:14:06 INF] 【直播间】23357926 的第 33 个心跳包发送成功
[01:14:07 INF] 【直播间】407149 的第 33 个心跳包发送成功
[01:14:09 INF] 【直播间】23040372 的第 33 个心跳包发送成功
[01:15:13 INF] 【直播间】23357926 的第 34 个心跳包发送成功
[01:15:14 INF] 【直播间】407149 的第 34 个心跳包发送成功
[01:15:15 INF] 【直播间】23040372 的第 34 个心跳包发送成功
[01:16:19 INF] 【直播间】23357926 的第 35 个心跳包发送成功
[01:16:21 INF] 【直播间】407149 的第 35 个心跳包发送成功
[01:16:22 INF] 【直播间】23040372 的第 35 个心跳包发送成功
[01:17:26 INF] 【直播间】23357926 的第 36 个心跳包发送成功
[01:17:27 INF] 【直播间】407149 的第 36 个心跳包发送成功
[01:17:29 INF] 【直播间】23040372 的第 36 个心跳包发送成功
[01:18:33 INF] 【直播间】23357926 的第 37 个心跳包发送成功
[01:18:34 INF] 【直播间】407149 的第 37 个心跳包发送成功
[01:18:35 INF] 【直播间】23040372 的第 37 个心跳包发送成功
[01:19:39 INF] 【直播间】23357926 的第 38 个心跳包发送成功
[01:19:41 INF] 【直播间】407149 的第 38 个心跳包发送成功
[01:19:42 INF] 【直播间】23040372 的第 38 个心跳包发送成功
[01:20:46 INF] 【直播间】23357926 的第 39 个心跳包发送成功
[01:20:47 INF] 【直播间】407149 的第 39 个心跳包发送成功
[01:20:49 INF] 【直播间】23040372 的第 39 个心跳包发送成功
[01:21:53 INF] 【直播间】23357926 的第 40 个心跳包发送成功
[01:21:54 INF] 【直播间】407149 的第 40 个心跳包发送成功
[01:21:55 INF] 【直播间】23040372 的第 40 个心跳包发送成功
[01:22:59 ERR] 【心跳包】直播间 23357926 发送失败
[01:22:59 ERR] 【原因】time check failed
[01:23:00 ERR] 【心跳包】直播间 407149 发送失败
[01:23:00 ERR] 【原因】time check failed
[01:23:02 ERR] 【心跳包】直播间 23040372 发送失败
[01:23:02 ERR] 【原因】time check failed
[01:24:06 INF] 【直播间】23357926 的第 41 个心跳包发送成功
[01:24:07 INF] 【直播间】407149 的第 41 个心跳包发送成功
[01:24:08 INF] 【直播间】23040372 的第 41 个心跳包发送成功
[01:25:12 INF] 【直播间】23357926 的第 42 个心跳包发送成功
[01:25:13 INF] 【直播间】407149 的第 42 个心跳包发送成功
[01:25:15 INF] 【直播间】23040372 的第 42 个心跳包发送成功
[01:26:19 INF] 【直播间】23357926 的第 43 个心跳包发送成功
[01:26:20 INF] 【直播间】407149 的第 43 个心跳包发送成功
[01:26:21 INF] 【直播间】23040372 的第 43 个心跳包发送成功
[01:27:25 INF] 【直播间】23357926 的第 44 个心跳包发送成功
[01:27:26 INF] 【直播间】407149 的第 44 个心跳包发送成功
[01:27:28 INF] 【直播间】23040372 的第 44 个心跳包发送成功
[01:28:32 INF] 【直播间】23357926 的第 45 个心跳包发送成功
[01:28:33 INF] 【直播间】407149 的第 45 个心跳包发送成功
[01:28:35 INF] 【直播间】23040372 的第 45 个心跳包发送成功
[01:29:39 INF] 【直播间】23357926 的第 46 个心跳包发送成功
[01:29:40 INF] 【直播间】407149 的第 46 个心跳包发送成功
[01:29:41 INF] 【直播间】23040372 的第 46 个心跳包发送成功
[01:30:45 INF] 【直播间】23357926 的第 47 个心跳包发送成功
[01:30:46 INF] 【直播间】407149 的第 47 个心跳包发送成功
[01:30:48 INF] 【直播间】23040372 的第 47 个心跳包发送成功
[01:31:52 INF] 【直播间】23357926 的第 48 个心跳包发送成功
[01:31:53 INF] 【直播间】407149 的第 48 个心跳包发送成功
[01:31:54 INF] 【直播间】23040372 的第 48 个心跳包发送成功
[01:32:58 INF] 【直播间】23357926 的第 49 个心跳包发送成功
[01:32:59 INF] 【直播间】407149 的第 49 个心跳包发送成功
[01:33:01 INF] 【直播间】23040372 的第 49 个心跳包发送成功
[01:34:05 INF] 【直播间】23357926 的第 50 个心跳包发送成功
[01:34:06 INF] 【直播间】407149 的第 50 个心跳包发送成功
[01:34:08 INF] 【直播间】23040372 的第 50 个心跳包发送成功
[01:35:12 INF] 【直播间】23357926 的第 51 个心跳包发送成功
[01:35:13 INF] 【直播间】407149 的第 51 个心跳包发送成功
[01:35:14 INF] 【直播间】23040372 的第 51 个心跳包发送成功
[01:36:18 INF] 【直播间】23357926 的第 52 个心跳包发送成功
[01:36:19 INF] 【直播间】407149 的第 52 个心跳包发送成功
[01:36:21 INF] 【直播间】23040372 的第 52 个心跳包发送成功
[01:37:25 INF] 【直播间】23357926 的第 53 个心跳包发送成功
[01:37:26 INF] 【直播间】407149 的第 53 个心跳包发送成功
[01:37:27 INF] 【直播间】23040372 的第 53 个心跳包发送成功
[01:38:31 ERR] 【心跳包】直播间 23357926 发送失败
[01:38:31 ERR] 【原因】time check failed
[01:38:32 ERR] 【心跳包】直播间 407149 发送失败
[01:38:32 ERR] 【原因】time check failed
[01:38:34 ERR] 【心跳包】直播间 23040372 发送失败
[01:38:34 ERR] 【原因】time check failed
[01:39:38 INF] 【直播间】23357926 的第 54 个心跳包发送成功
[01:39:39 INF] 【直播间】407149 的第 54 个心跳包发送成功
[01:39:40 INF] 【直播间】23040372 的第 54 个心跳包发送成功
[01:40:45 INF] 【直播间】23357926 的第 55 个心跳包发送成功
[01:40:46 INF] 【直播间】407149 的第 55 个心跳包发送成功
[01:40:47 INF] 【直播间】23040372 的第 55 个心跳包发送成功
[01:41:51 INF] 【直播间】23357926 的第 56 个心跳包发送成功
[01:41:52 INF] 【直播间】407149 的第 56 个心跳包发送成功
[01:41:54 INF] 【直播间】23040372 的第 56 个心跳包发送成功
[01:42:58 INF] 【直播间】23357926 的第 57 个心跳包发送成功
[01:42:59 INF] 【直播间】407149 的第 57 个心跳包发送成功
[01:43:00 INF] 【直播间】23040372 的第 57 个心跳包发送成功
[01:44:04 INF] 【直播间】23357926 的第 58 个心跳包发送成功
[01:44:06 INF] 【直播间】407149 的第 58 个心跳包发送成功
[01:44:07 INF] 【直播间】23040372 的第 58 个心跳包发送成功
[01:45:11 INF] 【直播间】23357926 的第 59 个心跳包发送成功
[01:45:12 INF] 【直播间】407149 的第 59 个心跳包发送成功
[01:45:14 INF] 【直播间】23040372 的第 59 个心跳包发送成功
[01:46:18 INF] 【直播间】23357926 的第 60 个心跳包发送成功
[01:46:19 INF] 【直播间】407149 的第 60 个心跳包发送成功
[01:46:20 INF] 【直播间】23040372 的第 60 个心跳包发送成功
[01:47:24 INF] 【直播间】23357926 的第 61 个心跳包发送成功
[01:47:26 INF] 【直播间】407149 的第 61 个心跳包发送成功
[01:47:27 INF] 【直播间】23040372 的第 61 个心跳包发送成功
[01:48:31 INF] 【直播间】23357926 的第 62 个心跳包发送成功
[01:48:32 INF] 【直播间】407149 的第 62 个心跳包发送成功
[01:48:33 INF] 【直播间】23040372 的第 62 个心跳包发送成功
[01:49:38 INF] 【直播间】23357926 的第 63 个心跳包发送成功
[01:49:39 INF] 【直播间】407149 的第 63 个心跳包发送成功
[01:49:40 INF] 【直播间】23040372 的第 63 个心跳包发送成功
[01:50:44 INF] 【直播间】23357926 的第 64 个心跳包发送成功
[01:50:46 INF] 【直播间】407149 的第 64 个心跳包发送成功
[01:50:47 INF] 【直播间】23040372 的第 64 个心跳包发送成功
[01:51:51 INF] 【直播间】23357926 的第 65 个心跳包发送成功
[01:51:52 INF] 【直播间】407149 的第 65 个心跳包发送成功
[01:51:53 INF] 【直播间】23040372 的第 65 个心跳包发送成功
[01:52:57 INF] 【直播间】23357926 的第 66 个心跳包发送成功
[01:52:59 INF] 【直播间】407149 的第 66 个心跳包发送成功
[01:53:00 INF] 【直播间】23040372 的第 66 个心跳包发送成功
[01:54:04 ERR] 【心跳包】直播间 23357926 发送失败
[01:54:04 ERR] 【原因】time check failed
[01:54:05 ERR] 【心跳包】直播间 407149 发送失败
[01:54:05 ERR] 【原因】time check failed
[01:54:06 ERR] 【心跳包】直播间 23040372 发送失败
[01:54:06 ERR] 【原因】time check failed
[01:55:10 INF] 【直播间】23357926 的第 67 个心跳包发送成功
[01:55:12 INF] 【直播间】407149 的第 67 个心跳包发送成功
[01:55:13 INF] 【直播间】23040372 的第 67 个心跳包发送成功
[01:56:17 INF] 【直播间】23357926 的第 68 个心跳包发送成功
[01:56:18 INF] 【直播间】407149 的第 68 个心跳包发送成功
[01:56:20 INF] 【直播间】23040372 的第 68 个心跳包发送成功
[01:57:24 INF] 【直播间】23357926 的第 69 个心跳包发送成功
[01:57:25 INF] 【直播间】407149 的第 69 个心跳包发送成功
[01:57:26 INF] 【直播间】23040372 的第 69 个心跳包发送成功
[01:58:30 INF] 【直播间】23357926 的第 70 个心跳包发送成功
[01:58:31 INF] 【直播间】407149 的第 70 个心跳包发送成功
[01:58:33 INF] 【直播间】23040372 的第 70 个心跳包发送成功
[01:58:33 INF] 【直播观看时长】完成情况：3/3 
[01:58:33 INF] ---------结束---------

[01:58:33 INF] ==========结束==========

[01:58:33 INF] ######### 账号 2 #########

[01:58:33 INF] =====开始 直播间互动 =====

[01:58:33 INF] ---开始 发送弹幕 ---
[01:58:33 INF] 检测到直播 Cookie 未正确配置，尝试自动配置中...
[01:58:36 INF] 直播 Cookie 配置成功！
[01:58:36 INF] 【获取直播列表】获取拥有粉丝牌的直播列表
[01:58:40 INF] 【主播】Mark陌枫 
[01:59:01 INF] 【主播】苏打baka 
[01:59:19 INF] 【主播】特别中二的q3君 
[01:59:37 INF] 【主播】陈抱一 
[01:59:53 INF] 【主播】贪玩的小毅 
[02:00:11 INF] 【主播】KL_qiqi_ 
[02:00:27 INF] 【主播】悠悠球琛总 
[02:00:43 INF] 【主播】新石器公园 
[02:00:59 INF] 【主播】脏小豆 
[02:01:16 INF] 【主播】记录生活的蛋黄派 
[02:01:35 INF] 【主播】FoFTG 
[02:01:56 INF] 【主播】李船长笔记 
[02:02:14 INF] 【直播间】Mark陌枫
[02:02:14 INF] 【粉丝牌】馬楓
[02:02:14 INF] 正在发送弹幕...
[02:02:20 INF] 【直播间】苏打baka
[02:02:20 INF] 【粉丝牌】碳酸钠
[02:02:20 INF] 正在发送弹幕...
[02:02:24 INF] 【直播间】特别中二的q3君
[02:02:24 INF] 【粉丝牌】q3GG
[02:02:24 INF] 正在发送弹幕...
[02:02:29 INF] 【弹幕发送】成功~，你和主播 Mark陌枫 的亲密值增加了100！
[02:02:31 INF] 【直播间】陈抱一
[02:02:31 INF] 【粉丝牌】陈抱一
[02:02:31 INF] 正在发送弹幕...
[02:02:34 INF] 【直播间】贪玩的小毅
[02:02:34 INF] 【粉丝牌】大大毅
[02:02:34 INF] 正在发送弹幕...
[02:02:34 INF] 【弹幕发送】成功~，你和主播 苏打baka 的亲密值增加了100！
[02:02:39 INF] 【直播间】KL_qiqi_
[02:02:39 INF] 【粉丝牌】qiqisb
[02:02:39 INF] 正在发送弹幕...
[02:02:40 INF] 【弹幕发送】成功~，你和主播 特别中二的q3君 的亲密值增加了100！
[02:02:42 INF] 【直播间】悠悠球琛总
[02:02:42 INF] 【粉丝牌】i琛
[02:02:42 INF] 正在发送弹幕...
[02:02:44 INF] 【弹幕发送】成功~，你和主播 陈抱一 的亲密值增加了100！
[02:02:45 INF] 【直播间】新石器公园
[02:02:45 INF] 【粉丝牌】东园主
[02:02:45 INF] 正在发送弹幕...
[02:02:49 INF] 【弹幕发送】成功~，你和主播 贪玩的小毅 的亲密值增加了100！
[02:02:51 INF] 【直播间】脏小豆
[02:02:51 INF] 【粉丝牌】豆豆浆
[02:02:51 INF] 正在发送弹幕...
[02:02:53 INF] 【弹幕发送】成功~，你和主播 KL_qiqi_ 的亲密值增加了100！
[02:02:57 INF] 【直播间】记录生活的蛋黄派
[02:02:57 INF] 【粉丝牌】派派派
[02:02:57 INF] 正在发送弹幕...
[02:02:58 INF] 【弹幕发送】成功~，你和主播 新石器公园 的亲密值增加了100！
[02:02:58 ERR] 【弹幕发送】失败
[02:02:58 ERR] 【原因】您发送弹幕的频率过快
[02:03:04 INF] 【直播间】FoFTG
[02:03:04 INF] 【粉丝牌】FOFTG
[02:03:04 INF] 正在发送弹幕...
[02:03:07 INF] 【直播间】李船长笔记
[02:03:07 INF] 【粉丝牌】航海仕
[02:03:07 INF] 正在发送弹幕...
[02:03:12 INF] -------结束-------

[02:03:12 INF] ---开始 点赞直播间 ---
[02:03:12 INF] 【获取直播列表】获取拥有粉丝牌的直播列表
[02:03:12 INF] 【弹幕发送】成功~，你和主播 脏小豆 的亲密值增加了100！
[02:03:14 INF] 【弹幕发送】成功~，你和主播 记录生活的蛋黄派 的亲密值增加了100！
[02:03:16 INF] 【弹幕发送】成功~，你和主播 FoFTG 的亲密值增加了100！
[02:03:18 INF] 【主播】Mark陌枫 
[02:03:23 INF] 【弹幕发送】成功~，你和主播 李船长笔记 的亲密值增加了100！
[02:03:33 INF] 【主播】苏打baka 
[02:03:48 INF] 【主播】特别中二的q3君 
[02:04:09 INF] 【主播】陈抱一 
[02:04:22 INF] 【主播】贪玩的小毅 
[02:04:41 INF] 【主播】KL_qiqi_ 
[02:04:59 INF] 【主播】新石器公园 
[02:05:14 INF] 【主播】脏小豆 
[02:05:28 INF] 【主播】悠悠球琛总 
[02:05:44 INF] 【主播】记录生活的蛋黄派 
[02:06:03 INF] 【主播】FoFTG 
[02:06:21 INF] 【主播】李船长笔记 
[02:06:42 INF] 【点赞直播间】23357926 完成
[02:06:47 INF] 【点赞直播间】23040372 完成
[02:06:54 INF] 【点赞直播间】31494 完成
[02:07:00 INF] 【点赞直播间】4015781 完成
[02:07:07 INF] 【点赞直播间】9619073 完成
[02:07:12 INF] 【点赞直播间】407149 完成
[02:07:17 INF] 【点赞直播间】23447660 完成
[02:07:22 INF] 【点赞直播间】929670 完成
[02:07:27 INF] 【点赞直播间】7184632 完成
[02:07:31 INF] 【点赞直播间】11732699 完成
[02:07:38 INF] 【点赞直播间】91164 完成
[02:07:42 INF] --------结束--------

[02:07:42 INF] ---开始 直播时长挂机 ---
[02:07:42 INF] 【获取直播列表】获取拥有粉丝牌的直播列表
[02:07:42 INF] 【点赞直播间】22764265 完成
[02:07:49 INF] 【主播】Mark陌枫 
[02:08:05 INF] 【主播】苏打baka 
[02:08:20 INF] 【主播】特别中二的q3君 
[02:08:35 INF] 【主播】陈抱一 
[02:08:49 INF] 【主播】贪玩的小毅 
[02:09:07 INF] 【主播】KL_qiqi_ 
[02:09:23 INF] 【主播】新石器公园 
[02:09:37 INF] 【主播】脏小豆 
[02:09:52 INF] 【主播】悠悠球琛总 
[02:10:03 INF] 【主播】记录生活的蛋黄派 
[02:10:21 INF] 【主播】FoFTG 
[02:10:36 INF] 【主播】李船长笔记 
[02:10:57 INF] 【直播间】23357926 的第 1 个心跳包发送成功
[02:10:58 INF] 【直播间】23040372 的第 1 个心跳包发送成功
[02:10:59 INF] 【直播间】31494 的第 1 个心跳包发送成功
[02:11:00 INF] 【直播间】4015781 的第 1 个心跳包发送成功
[02:11:02 INF] 【直播间】9619073 的第 1 个心跳包发送成功
[02:11:03 INF] 【直播间】407149 的第 1 个心跳包发送成功
[02:11:04 INF] 【直播间】23447660 的第 1 个心跳包发送成功
[02:11:06 INF] 【直播间】929670 的第 1 个心跳包发送成功
[02:11:07 INF] 【直播间】7184632 的第 1 个心跳包发送成功
[02:11:08 INF] 【直播间】11732699 的第 1 个心跳包发送成功
[02:11:10 INF] 【直播间】91164 的第 1 个心跳包发送成功
[02:11:11 INF] 【直播间】22764265 的第 1 个心跳包发送成功
[02:12:03 INF] 【直播间】23357926 的第 2 个心跳包发送成功
[02:12:05 INF] 【直播间】23040372 的第 2 个心跳包发送成功
[02:12:06 INF] 【直播间】31494 的第 2 个心跳包发送成功
[02:12:07 INF] 【直播间】4015781 的第 2 个心跳包发送成功
[02:12:08 INF] 【直播间】9619073 的第 2 个心跳包发送成功
[02:12:10 INF] 【直播间】407149 的第 2 个心跳包发送成功
[02:12:11 INF] 【直播间】23447660 的第 2 个心跳包发送成功
[02:12:12 INF] 【直播间】929670 的第 2 个心跳包发送成功
[02:12:13 INF] 【直播间】7184632 的第 2 个心跳包发送成功
[02:12:15 INF] 【直播间】11732699 的第 2 个心跳包发送成功
[02:12:16 INF] 【直播间】91164 的第 2 个心跳包发送成功
[02:12:17 INF] 【直播间】22764265 的第 2 个心跳包发送成功
[02:13:10 INF] 【直播间】23357926 的第 3 个心跳包发送成功
[02:13:11 INF] 【直播间】23040372 的第 3 个心跳包发送成功
[02:13:12 INF] 【直播间】31494 的第 3 个心跳包发送成功
[02:13:13 INF] 【直播间】4015781 的第 3 个心跳包发送成功
[02:13:15 INF] 【直播间】9619073 的第 3 个心跳包发送成功
[02:13:16 INF] 【直播间】407149 的第 3 个心跳包发送成功
[02:13:17 INF] 【直播间】23447660 的第 3 个心跳包发送成功
[02:13:18 INF] 【直播间】929670 的第 3 个心跳包发送成功
[02:13:20 INF] 【直播间】7184632 的第 3 个心跳包发送成功
[02:13:21 INF] 【直播间】11732699 的第 3 个心跳包发送成功
[02:13:22 INF] 【直播间】91164 的第 3 个心跳包发送成功
[02:13:23 INF] 【直播间】22764265 的第 3 个心跳包发送成功
[02:14:16 INF] 【直播间】23357926 的第 4 个心跳包发送成功
[02:14:18 INF] 【直播间】23040372 的第 4 个心跳包发送成功
[02:14:19 INF] 【直播间】31494 的第 4 个心跳包发送成功
[02:14:20 INF] 【直播间】4015781 的第 4 个心跳包发送成功
[02:14:21 INF] 【直播间】9619073 的第 4 个心跳包发送成功
[02:14:23 INF] 【直播间】407149 的第 4 个心跳包发送成功
[02:14:24 INF] 【直播间】23447660 的第 4 个心跳包发送成功
[02:14:25 INF] 【直播间】929670 的第 4 个心跳包发送成功
[02:14:27 INF] 【直播间】7184632 的第 4 个心跳包发送成功
[02:14:28 INF] 【直播间】11732699 的第 4 个心跳包发送成功
[02:14:29 INF] 【直播间】91164 的第 4 个心跳包发送成功
[02:14:31 INF] 【直播间】22764265 的第 4 个心跳包发送成功
[02:15:23 INF] 【直播间】23357926 的第 5 个心跳包发送成功
[02:15:24 INF] 【直播间】23040372 的第 5 个心跳包发送成功
[02:15:26 INF] 【直播间】31494 的第 5 个心跳包发送成功
[02:15:27 INF] 【直播间】4015781 的第 5 个心跳包发送成功
[02:15:28 INF] 【直播间】9619073 的第 5 个心跳包发送成功
[02:15:29 INF] 【直播间】407149 的第 5 个心跳包发送成功
[02:15:31 INF] 【直播间】23447660 的第 5 个心跳包发送成功
[02:15:32 INF] 【直播间】929670 的第 5 个心跳包发送成功
[02:15:33 INF] 【直播间】7184632 的第 5 个心跳包发送成功
[02:15:34 INF] 【直播间】11732699 的第 5 个心跳包发送成功
[02:15:36 INF] 【直播间】91164 的第 5 个心跳包发送成功
[02:15:37 INF] 【直播间】22764265 的第 5 个心跳包发送成功
[02:16:30 INF] 【直播间】23357926 的第 6 个心跳包发送成功
[02:16:31 INF] 【直播间】23040372 的第 6 个心跳包发送成功
[02:16:32 INF] 【直播间】31494 的第 6 个心跳包发送成功
[02:16:33 INF] 【直播间】4015781 的第 6 个心跳包发送成功
[02:16:35 INF] 【直播间】9619073 的第 6 个心跳包发送成功
[02:16:36 INF] 【直播间】407149 的第 6 个心跳包发送成功
[02:16:37 INF] 【直播间】23447660 的第 6 个心跳包发送成功
[02:16:38 INF] 【直播间】929670 的第 6 个心跳包发送成功
[02:16:40 INF] 【直播间】7184632 的第 6 个心跳包发送成功
[02:16:41 INF] 【直播间】11732699 的第 6 个心跳包发送成功
[02:16:42 INF] 【直播间】91164 的第 6 个心跳包发送成功
[02:16:43 INF] 【直播间】22764265 的第 6 个心跳包发送成功
[02:17:36 INF] 【直播间】23357926 的第 7 个心跳包发送成功
[02:17:37 INF] 【直播间】23040372 的第 7 个心跳包发送成功
[02:17:39 INF] 【直播间】31494 的第 7 个心跳包发送成功
[02:17:40 INF] 【直播间】4015781 的第 7 个心跳包发送成功
[02:17:41 INF] 【直播间】9619073 的第 7 个心跳包发送成功
[02:17:43 INF] 【直播间】407149 的第 7 个心跳包发送成功
[02:17:44 INF] 【直播间】23447660 的第 7 个心跳包发送成功
[02:17:45 INF] 【直播间】929670 的第 7 个心跳包发送成功
[02:17:46 INF] 【直播间】7184632 的第 7 个心跳包发送成功
[02:17:48 INF] 【直播间】11732699 的第 7 个心跳包发送成功
[02:17:49 INF] 【直播间】91164 的第 7 个心跳包发送成功
[02:17:50 INF] 【直播间】22764265 的第 7 个心跳包发送成功
[02:18:43 INF] 【直播间】23357926 的第 8 个心跳包发送成功
[02:18:44 INF] 【直播间】23040372 的第 8 个心跳包发送成功
[02:18:45 INF] 【直播间】31494 的第 8 个心跳包发送成功
[02:18:46 INF] 【直播间】4015781 的第 8 个心跳包发送成功
[02:18:48 INF] 【直播间】9619073 的第 8 个心跳包发送成功
[02:18:49 INF] 【直播间】407149 的第 8 个心跳包发送成功
[02:18:50 INF] 【直播间】23447660 的第 8 个心跳包发送成功
[02:18:52 INF] 【直播间】929670 的第 8 个心跳包发送成功
[02:18:53 INF] 【直播间】7184632 的第 8 个心跳包发送成功
[02:18:54 INF] 【直播间】11732699 的第 8 个心跳包发送成功
[02:18:55 INF] 【直播间】91164 的第 8 个心跳包发送成功
[02:18:57 INF] 【直播间】22764265 的第 8 个心跳包发送成功
[02:19:49 INF] 【直播间】23357926 的第 9 个心跳包发送成功
[02:19:50 INF] 【直播间】23040372 的第 9 个心跳包发送成功
[02:19:52 INF] 【直播间】31494 的第 9 个心跳包发送成功
[02:19:53 INF] 【直播间】4015781 的第 9 个心跳包发送成功
[02:19:54 INF] 【直播间】9619073 的第 9 个心跳包发送成功
[02:19:55 INF] 【直播间】407149 的第 9 个心跳包发送成功
[02:19:57 INF] 【直播间】23447660 的第 9 个心跳包发送成功
[02:19:58 INF] 【直播间】929670 的第 9 个心跳包发送成功
[02:19:59 INF] 【直播间】7184632 的第 9 个心跳包发送成功
[02:20:00 INF] 【直播间】11732699 的第 9 个心跳包发送成功
[02:20:02 INF] 【直播间】91164 的第 9 个心跳包发送成功
[02:20:03 INF] 【直播间】22764265 的第 9 个心跳包发送成功
[02:20:56 INF] 【直播间】23357926 的第 10 个心跳包发送成功
[02:20:57 INF] 【直播间】23040372 的第 10 个心跳包发送成功
[02:20:58 INF] 【直播间】31494 的第 10 个心跳包发送成功
[02:20:59 INF] 【直播间】4015781 的第 10 个心跳包发送成功
[02:21:01 INF] 【直播间】9619073 的第 10 个心跳包发送成功
[02:21:02 INF] 【直播间】407149 的第 10 个心跳包发送成功
[02:21:03 INF] 【直播间】23447660 的第 10 个心跳包发送成功
[02:21:04 INF] 【直播间】929670 的第 10 个心跳包发送成功
[02:21:06 INF] 【直播间】7184632 的第 10 个心跳包发送成功
[02:21:07 INF] 【直播间】11732699 的第 10 个心跳包发送成功
[02:21:08 INF] 【直播间】91164 的第 10 个心跳包发送成功
[02:21:10 INF] 【直播间】22764265 的第 10 个心跳包发送成功
[02:22:02 INF] 【直播间】23357926 的第 11 个心跳包发送成功
[02:22:04 INF] 【直播间】23040372 的第 11 个心跳包发送成功
[02:22:05 INF] 【直播间】31494 的第 11 个心跳包发送成功
[02:22:06 INF] 【直播间】4015781 的第 11 个心跳包发送成功
[02:22:07 INF] 【直播间】9619073 的第 11 个心跳包发送成功
[02:22:09 INF] 【直播间】407149 的第 11 个心跳包发送成功
[02:22:10 INF] 【直播间】23447660 的第 11 个心跳包发送成功
[02:22:11 INF] 【直播间】929670 的第 11 个心跳包发送成功
[02:22:12 INF] 【直播间】7184632 的第 11 个心跳包发送成功
[02:22:13 INF] 【直播间】11732699 的第 11 个心跳包发送成功
[02:22:15 INF] 【直播间】91164 的第 11 个心跳包发送成功
[02:22:16 INF] 【直播间】22764265 的第 11 个心跳包发送成功
[02:23:09 INF] 【直播间】23357926 的第 12 个心跳包发送成功
[02:23:10 INF] 【直播间】23040372 的第 12 个心跳包发送成功
[02:23:11 INF] 【直播间】31494 的第 12 个心跳包发送成功
[02:23:13 INF] 【直播间】4015781 的第 12 个心跳包发送成功
[02:23:14 INF] 【直播间】9619073 的第 12 个心跳包发送成功
[02:23:15 INF] 【直播间】407149 的第 12 个心跳包发送成功
[02:23:16 INF] 【直播间】23447660 的第 12 个心跳包发送成功
[02:23:18 INF] 【直播间】929670 的第 12 个心跳包发送成功
[02:23:19 INF] 【直播间】7184632 的第 12 个心跳包发送成功
[02:23:20 INF] 【直播间】11732699 的第 12 个心跳包发送成功
[02:23:21 INF] 【直播间】91164 的第 12 个心跳包发送成功
[02:23:23 INF] 【直播间】22764265 的第 12 个心跳包发送成功
[02:24:15 INF] 【直播间】23357926 的第 13 个心跳包发送成功
[02:24:17 INF] 【直播间】23040372 的第 13 个心跳包发送成功
[02:24:18 INF] 【直播间】31494 的第 13 个心跳包发送成功
[02:24:19 INF] 【直播间】4015781 的第 13 个心跳包发送成功
[02:24:20 INF] 【直播间】9619073 的第 13 个心跳包发送成功
[02:24:22 INF] 【直播间】407149 的第 13 个心跳包发送成功
[02:24:23 INF] 【直播间】23447660 的第 13 个心跳包发送成功
[02:24:24 INF] 【直播间】929670 的第 13 个心跳包发送成功
[02:24:25 INF] 【直播间】7184632 的第 13 个心跳包发送成功
[02:24:27 INF] 【直播间】11732699 的第 13 个心跳包发送成功
[02:24:28 INF] 【直播间】91164 的第 13 个心跳包发送成功
[02:24:29 INF] 【直播间】22764265 的第 13 个心跳包发送成功
[02:25:22 INF] 【直播间】23357926 的第 14 个心跳包发送成功
[02:25:23 INF] 【直播间】23040372 的第 14 个心跳包发送成功
[02:25:25 INF] 【直播间】31494 的第 14 个心跳包发送成功
[02:25:26 INF] 【直播间】4015781 的第 14 个心跳包发送成功
[02:25:27 INF] 【直播间】9619073 的第 14 个心跳包发送成功
[02:25:29 INF] 【直播间】407149 的第 14 个心跳包发送成功
[02:25:30 INF] 【直播间】23447660 的第 14 个心跳包发送成功
[02:25:31 INF] 【直播间】929670 的第 14 个心跳包发送成功
[02:25:32 INF] 【直播间】7184632 的第 14 个心跳包发送成功
[02:25:34 INF] 【直播间】11732699 的第 14 个心跳包发送成功
[02:25:35 INF] 【直播间】91164 的第 14 个心跳包发送成功
[02:25:36 INF] 【直播间】22764265 的第 14 个心跳包发送成功
[02:26:28 ERR] 【心跳包】直播间 23357926 发送失败
[02:26:28 ERR] 【原因】time check failed
[02:26:30 ERR] 【心跳包】直播间 23040372 发送失败
[02:26:30 ERR] 【原因】time check failed
[02:26:31 ERR] 【心跳包】直播间 31494 发送失败
[02:26:31 ERR] 【原因】time check failed
[02:26:32 ERR] 【心跳包】直播间 4015781 发送失败
[02:26:32 ERR] 【原因】time check failed
[02:26:34 ERR] 【心跳包】直播间 9619073 发送失败
[02:26:34 ERR] 【原因】time check failed
[02:26:35 ERR] 【心跳包】直播间 407149 发送失败
[02:26:35 ERR] 【原因】time check failed
[02:26:36 ERR] 【心跳包】直播间 23447660 发送失败
[02:26:36 ERR] 【原因】time check failed
[02:26:37 ERR] 【心跳包】直播间 929670 发送失败
[02:26:37 ERR] 【原因】time check failed
[02:26:39 ERR] 【心跳包】直播间 7184632 发送失败
[02:26:39 ERR] 【原因】time check failed
[02:26:40 ERR] 【心跳包】直播间 11732699 发送失败
[02:26:40 ERR] 【原因】time check failed
[02:26:41 ERR] 【心跳包】直播间 91164 发送失败
[02:26:41 ERR] 【原因】time check failed
[02:26:42 ERR] 【心跳包】直播间 22764265 发送失败
[02:26:42 ERR] 【原因】time check failed
[02:27:35 INF] 【直播间】23357926 的第 15 个心跳包发送成功
[02:27:36 INF] 【直播间】23040372 的第 15 个心跳包发送成功
[02:27:37 INF] 【直播间】31494 的第 15 个心跳包发送成功
[02:27:39 INF] 【直播间】4015781 的第 15 个心跳包发送成功
[02:27:40 INF] 【直播间】9619073 的第 15 个心跳包发送成功
[02:27:41 INF] 【直播间】407149 的第 15 个心跳包发送成功
[02:27:42 INF] 【直播间】23447660 的第 15 个心跳包发送成功
[02:27:44 INF] 【直播间】929670 的第 15 个心跳包发送成功
[02:27:45 INF] 【直播间】7184632 的第 15 个心跳包发送成功
[02:27:46 INF] 【直播间】11732699 的第 15 个心跳包发送成功
[02:27:47 INF] 【直播间】91164 的第 15 个心跳包发送成功
[02:27:49 INF] 【直播间】22764265 的第 15 个心跳包发送成功
[02:28:42 INF] 【直播间】23357926 的第 16 个心跳包发送成功
[02:28:43 INF] 【直播间】23040372 的第 16 个心跳包发送成功
[02:28:44 INF] 【直播间】31494 的第 16 个心跳包发送成功
[02:28:45 INF] 【直播间】4015781 的第 16 个心跳包发送成功
[02:28:47 INF] 【直播间】9619073 的第 16 个心跳包发送成功
[02:28:48 INF] 【直播间】407149 的第 16 个心跳包发送成功
[02:28:49 INF] 【直播间】23447660 的第 16 个心跳包发送成功
[02:28:50 INF] 【直播间】929670 的第 16 个心跳包发送成功
[02:28:52 INF] 【直播间】7184632 的第 16 个心跳包发送成功
[02:28:53 INF] 【直播间】11732699 的第 16 个心跳包发送成功
[02:28:54 INF] 【直播间】91164 的第 16 个心跳包发送成功
[02:28:55 INF] 【直播间】22764265 的第 16 个心跳包发送成功
[02:29:48 INF] 【直播间】23357926 的第 17 个心跳包发送成功
[02:29:49 INF] 【直播间】23040372 的第 17 个心跳包发送成功
[02:29:51 INF] 【直播间】31494 的第 17 个心跳包发送成功
[02:29:52 INF] 【直播间】4015781 的第 17 个心跳包发送成功
[02:29:53 INF] 【直播间】9619073 的第 17 个心跳包发送成功
[02:29:55 INF] 【直播间】407149 的第 17 个心跳包发送成功
[02:29:56 INF] 【直播间】23447660 的第 17 个心跳包发送成功
[02:29:57 INF] 【直播间】929670 的第 17 个心跳包发送成功
[02:29:58 INF] 【直播间】7184632 的第 17 个心跳包发送成功
[02:30:00 INF] 【直播间】11732699 的第 17 个心跳包发送成功
[02:30:01 INF] 【直播间】91164 的第 17 个心跳包发送成功
[02:30:02 INF] 【直播间】22764265 的第 17 个心跳包发送成功
[02:30:55 INF] 【直播间】23357926 的第 18 个心跳包发送成功
[02:30:56 INF] 【直播间】23040372 的第 18 个心跳包发送成功
[02:30:57 INF] 【直播间】31494 的第 18 个心跳包发送成功
[02:30:58 INF] 【直播间】4015781 的第 18 个心跳包发送成功
[02:31:00 INF] 【直播间】9619073 的第 18 个心跳包发送成功
[02:31:01 INF] 【直播间】407149 的第 18 个心跳包发送成功
[02:31:02 INF] 【直播间】23447660 的第 18 个心跳包发送成功
[02:31:03 INF] 【直播间】929670 的第 18 个心跳包发送成功
[02:31:05 INF] 【直播间】7184632 的第 18 个心跳包发送成功
[02:31:06 INF] 【直播间】11732699 的第 18 个心跳包发送成功
[02:31:07 INF] 【直播间】91164 的第 18 个心跳包发送成功
[02:31:08 INF] 【直播间】22764265 的第 18 个心跳包发送成功
[02:32:01 INF] 【直播间】23357926 的第 19 个心跳包发送成功
[02:32:02 INF] 【直播间】23040372 的第 19 个心跳包发送成功
[02:32:04 INF] 【直播间】31494 的第 19 个心跳包发送成功
[02:32:05 INF] 【直播间】4015781 的第 19 个心跳包发送成功
[02:32:06 INF] 【直播间】9619073 的第 19 个心跳包发送成功
[02:32:07 INF] 【直播间】407149 的第 19 个心跳包发送成功
[02:32:09 INF] 【直播间】23447660 的第 19 个心跳包发送成功
[02:32:10 INF] 【直播间】929670 的第 19 个心跳包发送成功
[02:32:11 INF] 【直播间】7184632 的第 19 个心跳包发送成功
[02:32:13 INF] 【直播间】11732699 的第 19 个心跳包发送成功
[02:32:14 INF] 【直播间】91164 的第 19 个心跳包发送成功
[02:32:15 INF] 【直播间】22764265 的第 19 个心跳包发送成功
[02:33:08 INF] 【直播间】23357926 的第 20 个心跳包发送成功
[02:33:09 INF] 【直播间】23040372 的第 20 个心跳包发送成功
[02:33:11 INF] 【直播间】31494 的第 20 个心跳包发送成功
[02:33:12 INF] 【直播间】4015781 的第 20 个心跳包发送成功
[02:33:13 INF] 【直播间】9619073 的第 20 个心跳包发送成功
[02:33:14 INF] 【直播间】407149 的第 20 个心跳包发送成功
[02:33:16 INF] 【直播间】23447660 的第 20 个心跳包发送成功
[02:33:17 INF] 【直播间】929670 的第 20 个心跳包发送成功
[02:33:18 INF] 【直播间】7184632 的第 20 个心跳包发送成功
[02:33:19 INF] 【直播间】11732699 的第 20 个心跳包发送成功
[02:33:21 INF] 【直播间】91164 的第 20 个心跳包发送成功
[02:33:22 INF] 【直播间】22764265 的第 20 个心跳包发送成功
[02:34:15 INF] 【直播间】23357926 的第 21 个心跳包发送成功
[02:34:16 INF] 【直播间】23040372 的第 21 个心跳包发送成功
[02:34:17 INF] 【直播间】31494 的第 21 个心跳包发送成功
[02:34:19 INF] 【直播间】4015781 的第 21 个心跳包发送成功
[02:34:20 INF] 【直播间】9619073 的第 21 个心跳包发送成功
[02:34:21 INF] 【直播间】407149 的第 21 个心跳包发送成功
[02:34:23 INF] 【直播间】23447660 的第 21 个心跳包发送成功
[02:34:24 INF] 【直播间】929670 的第 21 个心跳包发送成功
[02:34:25 INF] 【直播间】7184632 的第 21 个心跳包发送成功
[02:34:26 INF] 【直播间】11732699 的第 21 个心跳包发送成功
[02:34:28 INF] 【直播间】91164 的第 21 个心跳包发送成功
[02:34:29 INF] 【直播间】22764265 的第 21 个心跳包发送成功
[02:35:21 INF] 【直播间】23357926 的第 22 个心跳包发送成功
[02:35:22 INF] 【直播间】23040372 的第 22 个心跳包发送成功
[02:35:24 INF] 【直播间】31494 的第 22 个心跳包发送成功
[02:35:25 INF] 【直播间】4015781 的第 22 个心跳包发送成功
[02:35:26 INF] 【直播间】9619073 的第 22 个心跳包发送成功
[02:35:27 INF] 【直播间】407149 的第 22 个心跳包发送成功
[02:35:29 INF] 【直播间】23447660 的第 22 个心跳包发送成功
[02:35:30 INF] 【直播间】929670 的第 22 个心跳包发送成功
[02:35:31 INF] 【直播间】7184632 的第 22 个心跳包发送成功
[02:35:33 INF] 【直播间】11732699 的第 22 个心跳包发送成功
[02:35:34 INF] 【直播间】91164 的第 22 个心跳包发送成功
[02:35:36 INF] 【直播间】22764265 的第 22 个心跳包发送成功
[02:36:28 INF] 【直播间】23357926 的第 23 个心跳包发送成功
[02:36:29 INF] 【直播间】23040372 的第 23 个心跳包发送成功
[02:36:30 INF] 【直播间】31494 的第 23 个心跳包发送成功
[02:36:32 INF] 【直播间】4015781 的第 23 个心跳包发送成功
[02:36:33 INF] 【直播间】9619073 的第 23 个心跳包发送成功
[02:36:34 INF] 【直播间】407149 的第 23 个心跳包发送成功
[02:36:35 INF] 【直播间】23447660 的第 23 个心跳包发送成功
[02:36:37 INF] 【直播间】929670 的第 23 个心跳包发送成功
[02:36:38 INF] 【直播间】7184632 的第 23 个心跳包发送成功
[02:36:39 INF] 【直播间】11732699 的第 23 个心跳包发送成功
[02:36:40 INF] 【直播间】91164 的第 23 个心跳包发送成功
[02:36:42 INF] 【直播间】22764265 的第 23 个心跳包发送成功
[02:37:34 INF] 【直播间】23357926 的第 24 个心跳包发送成功
[02:37:35 INF] 【直播间】23040372 的第 24 个心跳包发送成功
[02:37:37 INF] 【直播间】31494 的第 24 个心跳包发送成功
[02:37:38 INF] 【直播间】4015781 的第 24 个心跳包发送成功
[02:37:39 INF] 【直播间】9619073 的第 24 个心跳包发送成功
[02:37:40 INF] 【直播间】407149 的第 24 个心跳包发送成功
[02:37:42 INF] 【直播间】23447660 的第 24 个心跳包发送成功
[02:37:43 INF] 【直播间】929670 的第 24 个心跳包发送成功
[02:37:44 INF] 【直播间】7184632 的第 24 个心跳包发送成功
[02:37:46 INF] 【直播间】11732699 的第 24 个心跳包发送成功
[02:37:47 INF] 【直播间】91164 的第 24 个心跳包发送成功
[02:37:48 INF] 【直播间】22764265 的第 24 个心跳包发送成功
[02:38:41 INF] 【直播间】23357926 的第 25 个心跳包发送成功
[02:38:42 INF] 【直播间】23040372 的第 25 个心跳包发送成功
[02:38:43 INF] 【直播间】31494 的第 25 个心跳包发送成功
[02:38:44 INF] 【直播间】4015781 的第 25 个心跳包发送成功
[02:38:46 INF] 【直播间】9619073 的第 25 个心跳包发送成功
[02:38:47 INF] 【直播间】407149 的第 25 个心跳包发送成功
[02:38:48 INF] 【直播间】23447660 的第 25 个心跳包发送成功
[02:38:50 INF] 【直播间】929670 的第 25 个心跳包发送成功
[02:38:51 INF] 【直播间】7184632 的第 25 个心跳包发送成功
[02:38:52 INF] 【直播间】11732699 的第 25 个心跳包发送成功
[02:38:53 INF] 【直播间】91164 的第 25 个心跳包发送成功
[02:38:55 INF] 【直播间】22764265 的第 25 个心跳包发送成功
[02:39:48 INF] 【直播间】23357926 的第 26 个心跳包发送成功
[02:39:49 INF] 【直播间】23040372 的第 26 个心跳包发送成功
[02:39:50 INF] 【直播间】31494 的第 26 个心跳包发送成功
[02:39:51 INF] 【直播间】4015781 的第 26 个心跳包发送成功
[02:39:53 INF] 【直播间】9619073 的第 26 个心跳包发送成功
[02:39:54 INF] 【直播间】407149 的第 26 个心跳包发送成功
[02:39:55 INF] 【直播间】23447660 的第 26 个心跳包发送成功
[02:39:56 INF] 【直播间】929670 的第 26 个心跳包发送成功
[02:39:58 INF] 【直播间】7184632 的第 26 个心跳包发送成功
[02:39:59 INF] 【直播间】11732699 的第 26 个心跳包发送成功
[02:40:00 INF] 【直播间】91164 的第 26 个心跳包发送成功
[02:40:02 INF] 【直播间】22764265 的第 26 个心跳包发送成功
[02:40:54 INF] 【直播间】23357926 的第 27 个心跳包发送成功
[02:40:56 INF] 【直播间】23040372 的第 27 个心跳包发送成功
[02:40:57 INF] 【直播间】31494 的第 27 个心跳包发送成功
[02:40:58 INF] 【直播间】4015781 的第 27 个心跳包发送成功
[02:40:59 INF] 【直播间】9619073 的第 27 个心跳包发送成功
[02:41:01 INF] 【直播间】407149 的第 27 个心跳包发送成功
[02:41:02 INF] 【直播间】23447660 的第 27 个心跳包发送成功
[02:41:03 INF] 【直播间】929670 的第 27 个心跳包发送成功
[02:41:05 INF] 【直播间】7184632 的第 27 个心跳包发送成功
[02:41:06 INF] 【直播间】11732699 的第 27 个心跳包发送成功
[02:41:07 INF] 【直播间】91164 的第 27 个心跳包发送成功
[02:41:08 INF] 【直播间】22764265 的第 27 个心跳包发送成功
[02:42:01 ERR] 【心跳包】直播间 23357926 发送失败
[02:42:01 ERR] 【原因】time check failed
[02:42:02 ERR] 【心跳包】直播间 23040372 发送失败
[02:42:02 ERR] 【原因】time check failed
[02:42:03 ERR] 【心跳包】直播间 31494 发送失败
[02:42:03 ERR] 【原因】time check failed
[02:42:04 ERR] 【心跳包】直播间 4015781 发送失败
[02:42:04 ERR] 【原因】time check failed
[02:42:06 ERR] 【心跳包】直播间 9619073 发送失败
[02:42:06 ERR] 【原因】time check failed
[02:42:07 ERR] 【心跳包】直播间 407149 发送失败
[02:42:07 ERR] 【原因】time check failed
[02:42:08 ERR] 【心跳包】直播间 23447660 发送失败
[02:42:08 ERR] 【原因】time check failed
[02:42:10 ERR] 【心跳包】直播间 929670 发送失败
[02:42:10 ERR] 【原因】time check failed
[02:42:11 ERR] 【心跳包】直播间 7184632 发送失败
[02:42:11 ERR] 【原因】time check failed
[02:42:12 ERR] 【心跳包】直播间 11732699 发送失败
[02:42:12 ERR] 【原因】time check failed
[02:42:13 ERR] 【心跳包】直播间 91164 发送失败
[02:42:13 ERR] 【原因】time check failed
[02:42:15 ERR] 【心跳包】直播间 22764265 发送失败
[02:42:15 ERR] 【原因】time check failed
[02:43:07 INF] 【直播间】23357926 的第 28 个心跳包发送成功
[02:43:08 INF] 【直播间】23040372 的第 28 个心跳包发送成功
[02:43:10 INF] 【直播间】31494 的第 28 个心跳包发送成功
[02:43:11 INF] 【直播间】4015781 的第 28 个心跳包发送成功
[02:43:12 INF] 【直播间】9619073 的第 28 个心跳包发送成功
[02:43:13 INF] 【直播间】407149 的第 28 个心跳包发送成功
[02:43:15 INF] 【直播间】23447660 的第 28 个心跳包发送成功
[02:43:16 INF] 【直播间】929670 的第 28 个心跳包发送成功
[02:43:17 INF] 【直播间】7184632 的第 28 个心跳包发送成功
[02:43:19 INF] 【直播间】11732699 的第 28 个心跳包发送成功
[02:43:20 INF] 【直播间】91164 的第 28 个心跳包发送成功
[02:43:21 INF] 【直播间】22764265 的第 28 个心跳包发送成功
[02:44:14 INF] 【直播间】23357926 的第 29 个心跳包发送成功
[02:44:15 INF] 【直播间】23040372 的第 29 个心跳包发送成功
[02:44:16 INF] 【直播间】31494 的第 29 个心跳包发送成功
[02:44:18 INF] 【直播间】4015781 的第 29 个心跳包发送成功
[02:44:19 INF] 【直播间】9619073 的第 29 个心跳包发送成功
[02:44:20 INF] 【直播间】407149 的第 29 个心跳包发送成功
[02:44:21 INF] 【直播间】23447660 的第 29 个心跳包发送成功
[02:44:23 INF] 【直播间】929670 的第 29 个心跳包发送成功
[02:44:24 INF] 【直播间】7184632 的第 29 个心跳包发送成功
[02:44:25 INF] 【直播间】11732699 的第 29 个心跳包发送成功
[02:44:26 INF] 【直播间】91164 的第 29 个心跳包发送成功
[02:44:28 INF] 【直播间】22764265 的第 29 个心跳包发送成功
[02:45:21 INF] 【直播间】23357926 的第 30 个心跳包发送成功
[02:45:22 INF] 【直播间】23040372 的第 30 个心跳包发送成功
[02:45:23 INF] 【直播间】31494 的第 30 个心跳包发送成功
[02:45:24 INF] 【直播间】4015781 的第 30 个心跳包发送成功
[02:45:26 INF] 【直播间】9619073 的第 30 个心跳包发送成功
[02:45:27 INF] 【直播间】407149 的第 30 个心跳包发送成功
[02:45:28 INF] 【直播间】23447660 的第 30 个心跳包发送成功
[02:45:29 INF] 【直播间】929670 的第 30 个心跳包发送成功
[02:45:31 INF] 【直播间】7184632 的第 30 个心跳包发送成功
[02:45:32 INF] 【直播间】11732699 的第 30 个心跳包发送成功
[02:45:33 INF] 【直播间】91164 的第 30 个心跳包发送成功
[02:45:35 INF] 【直播间】22764265 的第 30 个心跳包发送成功
[02:46:27 INF] 【直播间】23357926 的第 31 个心跳包发送成功
[02:46:28 INF] 【直播间】23040372 的第 31 个心跳包发送成功
[02:46:30 INF] 【直播间】31494 的第 31 个心跳包发送成功
[02:46:31 INF] 【直播间】4015781 的第 31 个心跳包发送成功
[02:46:32 INF] 【直播间】9619073 的第 31 个心跳包发送成功
[02:46:34 INF] 【直播间】407149 的第 31 个心跳包发送成功
[02:46:35 INF] 【直播间】23447660 的第 31 个心跳包发送成功
[02:46:36 INF] 【直播间】929670 的第 31 个心跳包发送成功
[02:46:37 INF] 【直播间】7184632 的第 31 个心跳包发送成功
[02:46:39 INF] 【直播间】11732699 的第 31 个心跳包发送成功
[02:46:40 INF] 【直播间】91164 的第 31 个心跳包发送成功
[02:46:41 INF] 【直播间】22764265 的第 31 个心跳包发送成功
[02:47:34 INF] 【直播间】23357926 的第 32 个心跳包发送成功
[02:47:35 INF] 【直播间】23040372 的第 32 个心跳包发送成功
[02:47:36 INF] 【直播间】31494 的第 32 个心跳包发送成功
[02:47:37 INF] 【直播间】4015781 的第 32 个心跳包发送成功
[02:47:39 INF] 【直播间】9619073 的第 32 个心跳包发送成功
[02:47:40 INF] 【直播间】407149 的第 32 个心跳包发送成功
[02:47:41 INF] 【直播间】23447660 的第 32 个心跳包发送成功
[02:47:42 INF] 【直播间】929670 的第 32 个心跳包发送成功
[02:47:44 INF] 【直播间】7184632 的第 32 个心跳包发送成功
[02:47:45 INF] 【直播间】11732699 的第 32 个心跳包发送成功
[02:47:46 INF] 【直播间】91164 的第 32 个心跳包发送成功
[02:47:47 INF] 【直播间】22764265 的第 32 个心跳包发送成功
[02:48:40 INF] 【直播间】23357926 的第 33 个心跳包发送成功
[02:48:41 INF] 【直播间】23040372 的第 33 个心跳包发送成功
[02:48:43 INF] 【直播间】31494 的第 33 个心跳包发送成功
[02:48:44 INF] 【直播间】4015781 的第 33 个心跳包发送成功
[02:48:45 INF] 【直播间】9619073 的第 33 个心跳包发送成功
[02:48:46 INF] 【直播间】407149 的第 33 个心跳包发送成功
[02:48:48 INF] 【直播间】23447660 的第 33 个心跳包发送成功
[02:48:49 INF] 【直播间】929670 的第 33 个心跳包发送成功
[02:48:50 INF] 【直播间】7184632 的第 33 个心跳包发送成功
[02:48:51 INF] 【直播间】11732699 的第 33 个心跳包发送成功
[02:48:53 INF] 【直播间】91164 的第 33 个心跳包发送成功
[02:48:54 INF] 【直播间】22764265 的第 33 个心跳包发送成功
[02:49:47 INF] 【直播间】23357926 的第 34 个心跳包发送成功
[02:49:48 INF] 【直播间】23040372 的第 34 个心跳包发送成功
[02:49:49 INF] 【直播间】31494 的第 34 个心跳包发送成功
[02:49:51 INF] 【直播间】4015781 的第 34 个心跳包发送成功
[02:49:52 INF] 【直播间】9619073 的第 34 个心跳包发送成功
[02:49:53 INF] 【直播间】407149 的第 34 个心跳包发送成功
[02:49:55 INF] 【直播间】23447660 的第 34 个心跳包发送成功
[02:49:56 INF] 【直播间】929670 的第 34 个心跳包发送成功
[02:49:57 INF] 【直播间】7184632 的第 34 个心跳包发送成功
[02:49:58 INF] 【直播间】11732699 的第 34 个心跳包发送成功
[02:50:00 INF] 【直播间】91164 的第 34 个心跳包发送成功
[02:50:01 INF] 【直播间】22764265 的第 34 个心跳包发送成功
[02:50:54 INF] 【直播间】23357926 的第 35 个心跳包发送成功
[02:50:55 INF] 【直播间】23040372 的第 35 个心跳包发送成功
[02:50:56 INF] 【直播间】31494 的第 35 个心跳包发送成功
[02:50:58 INF] 【直播间】4015781 的第 35 个心跳包发送成功
[02:50:59 INF] 【直播间】9619073 的第 35 个心跳包发送成功
[02:51:00 INF] 【直播间】407149 的第 35 个心跳包发送成功
[02:51:01 INF] 【直播间】23447660 的第 35 个心跳包发送成功
[02:51:03 INF] 【直播间】929670 的第 35 个心跳包发送成功
[02:51:04 INF] 【直播间】7184632 的第 35 个心跳包发送成功
[02:51:05 INF] 【直播间】11732699 的第 35 个心跳包发送成功
[02:51:06 INF] 【直播间】91164 的第 35 个心跳包发送成功
[02:51:08 INF] 【直播间】22764265 的第 35 个心跳包发送成功
[02:52:00 INF] 【直播间】23357926 的第 36 个心跳包发送成功
[02:52:01 INF] 【直播间】23040372 的第 36 个心跳包发送成功
[02:52:03 INF] 【直播间】31494 的第 36 个心跳包发送成功
[02:52:04 INF] 【直播间】4015781 的第 36 个心跳包发送成功
[02:52:05 INF] 【直播间】9619073 的第 36 个心跳包发送成功
[02:52:06 INF] 【直播间】407149 的第 36 个心跳包发送成功
[02:52:08 INF] 【直播间】23447660 的第 36 个心跳包发送成功
[02:52:09 INF] 【直播间】929670 的第 36 个心跳包发送成功
[02:52:10 INF] 【直播间】7184632 的第 36 个心跳包发送成功
[02:52:12 INF] 【直播间】11732699 的第 36 个心跳包发送成功
[02:52:13 INF] 【直播间】91164 的第 36 个心跳包发送成功
[02:52:14 INF] 【直播间】22764265 的第 36 个心跳包发送成功
[02:53:07 INF] 【直播间】23357926 的第 37 个心跳包发送成功
[02:53:08 INF] 【直播间】23040372 的第 37 个心跳包发送成功
[02:53:09 INF] 【直播间】31494 的第 37 个心跳包发送成功
[02:53:11 INF] 【直播间】4015781 的第 37 个心跳包发送成功
[02:53:12 INF] 【直播间】9619073 的第 37 个心跳包发送成功
[02:53:13 INF] 【直播间】407149 的第 37 个心跳包发送成功
[02:53:14 INF] 【直播间】23447660 的第 37 个心跳包发送成功
[02:53:16 INF] 【直播间】929670 的第 37 个心跳包发送成功
[02:53:17 INF] 【直播间】7184632 的第 37 个心跳包发送成功
[02:53:18 INF] 【直播间】11732699 的第 37 个心跳包发送成功
[02:53:19 INF] 【直播间】91164 的第 37 个心跳包发送成功
[02:53:21 INF] 【直播间】22764265 的第 37 个心跳包发送成功
[02:54:13 INF] 【直播间】23357926 的第 38 个心跳包发送成功
[02:54:14 INF] 【直播间】23040372 的第 38 个心跳包发送成功
[02:54:16 INF] 【直播间】31494 的第 38 个心跳包发送成功
[02:54:17 INF] 【直播间】4015781 的第 38 个心跳包发送成功
[02:54:18 INF] 【直播间】9619073 的第 38 个心跳包发送成功
[02:54:20 INF] 【直播间】407149 的第 38 个心跳包发送成功
[02:54:21 INF] 【直播间】23447660 的第 38 个心跳包发送成功
[02:54:22 INF] 【直播间】929670 的第 38 个心跳包发送成功
[02:54:23 INF] 【直播间】7184632 的第 38 个心跳包发送成功
[02:54:25 INF] 【直播间】11732699 的第 38 个心跳包发送成功
[02:54:26 INF] 【直播间】91164 的第 38 个心跳包发送成功
[02:54:27 INF] 【直播间】22764265 的第 38 个心跳包发送成功
[02:55:20 INF] 【直播间】23357926 的第 39 个心跳包发送成功
[02:55:21 INF] 【直播间】23040372 的第 39 个心跳包发送成功
[02:55:22 INF] 【直播间】31494 的第 39 个心跳包发送成功
[02:55:24 INF] 【直播间】4015781 的第 39 个心跳包发送成功
[02:55:25 INF] 【直播间】9619073 的第 39 个心跳包发送成功
[02:55:26 INF] 【直播间】407149 的第 39 个心跳包发送成功
[02:55:27 INF] 【直播间】23447660 的第 39 个心跳包发送成功
[02:55:29 INF] 【直播间】929670 的第 39 个心跳包发送成功
[02:55:30 INF] 【直播间】7184632 的第 39 个心跳包发送成功
[02:55:31 INF] 【直播间】11732699 的第 39 个心跳包发送成功
[02:55:33 INF] 【直播间】91164 的第 39 个心跳包发送成功
[02:55:34 INF] 【直播间】22764265 的第 39 个心跳包发送成功
[02:56:27 INF] 【直播间】23357926 的第 40 个心跳包发送成功
[02:56:28 INF] 【直播间】23040372 的第 40 个心跳包发送成功
[02:56:29 INF] 【直播间】31494 的第 40 个心跳包发送成功
[02:56:30 INF] 【直播间】4015781 的第 40 个心跳包发送成功
[02:56:32 INF] 【直播间】9619073 的第 40 个心跳包发送成功
[02:56:33 INF] 【直播间】407149 的第 40 个心跳包发送成功
[02:56:34 INF] 【直播间】23447660 的第 40 个心跳包发送成功
[02:56:36 INF] 【直播间】929670 的第 40 个心跳包发送成功
[02:56:37 INF] 【直播间】7184632 的第 40 个心跳包发送成功
[02:56:38 INF] 【直播间】11732699 的第 40 个心跳包发送成功
[02:56:39 INF] 【直播间】91164 的第 40 个心跳包发送成功
[02:56:41 INF] 【直播间】22764265 的第 40 个心跳包发送成功
[02:57:33 ERR] 【心跳包】直播间 23357926 发送失败
[02:57:33 ERR] 【原因】time check failed
[02:57:34 ERR] 【心跳包】直播间 23040372 发送失败
[02:57:34 ERR] 【原因】time check failed
[02:57:36 ERR] 【心跳包】直播间 31494 发送失败
[02:57:36 ERR] 【原因】time check failed
[02:57:37 ERR] 【心跳包】直播间 4015781 发送失败
[02:57:37 ERR] 【原因】time check failed
[02:57:38 ERR] 【心跳包】直播间 9619073 发送失败
[02:57:38 ERR] 【原因】time check failed
[02:57:39 ERR] 【心跳包】直播间 407149 发送失败
[02:57:39 ERR] 【原因】time check failed
[02:57:41 ERR] 【心跳包】直播间 23447660 发送失败
[02:57:41 ERR] 【原因】time check failed
[02:57:42 ERR] 【心跳包】直播间 929670 发送失败
[02:57:42 ERR] 【原因】time check failed
[02:57:43 ERR] 【心跳包】直播间 7184632 发送失败
[02:57:43 ERR] 【原因】time check failed
[02:57:44 ERR] 【心跳包】直播间 11732699 发送失败
[02:57:44 ERR] 【原因】time check failed
[02:57:46 ERR] 【心跳包】直播间 91164 发送失败
[02:57:46 ERR] 【原因】time check failed
[02:57:47 ERR] 【心跳包】直播间 22764265 发送失败
[02:57:47 ERR] 【原因】time check failed
[02:58:40 INF] 【直播间】23357926 的第 41 个心跳包发送成功
[02:58:41 INF] 【直播间】23040372 的第 41 个心跳包发送成功
[02:58:42 INF] 【直播间】31494 的第 41 个心跳包发送成功
[02:58:43 INF] 【直播间】4015781 的第 41 个心跳包发送成功
[02:58:45 INF] 【直播间】9619073 的第 41 个心跳包发送成功
[02:58:46 INF] 【直播间】407149 的第 41 个心跳包发送成功
[02:58:47 INF] 【直播间】23447660 的第 41 个心跳包发送成功
[02:58:48 INF] 【直播间】929670 的第 41 个心跳包发送成功
[02:58:50 INF] 【直播间】7184632 的第 41 个心跳包发送成功
[02:58:51 INF] 【直播间】11732699 的第 41 个心跳包发送成功
[02:58:52 INF] 【直播间】91164 的第 41 个心跳包发送成功
[02:58:53 INF] 【直播间】22764265 的第 41 个心跳包发送成功
[02:59:46 INF] 【直播间】23357926 的第 42 个心跳包发送成功
[02:59:47 INF] 【直播间】23040372 的第 42 个心跳包发送成功
[02:59:49 INF] 【直播间】31494 的第 42 个心跳包发送成功
[02:59:50 INF] 【直播间】4015781 的第 42 个心跳包发送成功
[02:59:51 INF] 【直播间】9619073 的第 42 个心跳包发送成功
[02:59:52 INF] 【直播间】407149 的第 42 个心跳包发送成功
[02:59:54 INF] 【直播间】23447660 的第 42 个心跳包发送成功
[02:59:55 INF] 【直播间】929670 的第 42 个心跳包发送成功
[02:59:56 INF] 【直播间】7184632 的第 42 个心跳包发送成功
[02:59:57 INF] 【直播间】11732699 的第 42 个心跳包发送成功
[02:59:59 INF] 【直播间】91164 的第 42 个心跳包发送成功
[03:00:00 INF] 【直播间】22764265 的第 42 个心跳包发送成功
[03:00:53 INF] 【直播间】23357926 的第 43 个心跳包发送成功
[03:00:54 INF] 【直播间】23040372 的第 43 个心跳包发送成功
[03:00:55 INF] 【直播间】31494 的第 43 个心跳包发送成功
[03:00:56 INF] 【直播间】4015781 的第 43 个心跳包发送成功
[03:00:58 INF] 【直播间】9619073 的第 43 个心跳包发送成功
[03:00:59 INF] 【直播间】407149 的第 43 个心跳包发送成功
[03:01:00 INF] 【直播间】23447660 的第 43 个心跳包发送成功
[03:01:01 INF] 【直播间】929670 的第 43 个心跳包发送成功
[03:01:03 INF] 【直播间】7184632 的第 43 个心跳包发送成功
[03:01:04 INF] 【直播间】11732699 的第 43 个心跳包发送成功
[03:01:05 INF] 【直播间】91164 的第 43 个心跳包发送成功
[03:01:07 INF] 【直播间】22764265 的第 43 个心跳包发送成功
[03:01:59 INF] 【直播间】23357926 的第 44 个心跳包发送成功
[03:02:01 INF] 【直播间】23040372 的第 44 个心跳包发送成功
[03:02:02 INF] 【直播间】31494 的第 44 个心跳包发送成功
[03:02:03 INF] 【直播间】4015781 的第 44 个心跳包发送成功
[03:02:04 INF] 【直播间】9619073 的第 44 个心跳包发送成功
[03:02:06 INF] 【直播间】407149 的第 44 个心跳包发送成功
[03:02:07 INF] 【直播间】23447660 的第 44 个心跳包发送成功
[03:02:08 INF] 【直播间】929670 的第 44 个心跳包发送成功
[03:02:09 INF] 【直播间】7184632 的第 44 个心跳包发送成功
[03:02:11 INF] 【直播间】11732699 的第 44 个心跳包发送成功
[03:02:12 INF] 【直播间】91164 的第 44 个心跳包发送成功
[03:02:13 INF] 【直播间】22764265 的第 44 个心跳包发送成功
[03:03:06 INF] 【直播间】23357926 的第 45 个心跳包发送成功
[03:03:07 INF] 【直播间】23040372 的第 45 个心跳包发送成功
[03:03:08 INF] 【直播间】31494 的第 45 个心跳包发送成功
[03:03:10 INF] 【直播间】4015781 的第 45 个心跳包发送成功
[03:03:11 INF] 【直播间】9619073 的第 45 个心跳包发送成功
[03:03:12 INF] 【直播间】407149 的第 45 个心跳包发送成功
[03:03:13 INF] 【直播间】23447660 的第 45 个心跳包发送成功
[03:03:15 INF] 【直播间】929670 的第 45 个心跳包发送成功
[03:03:16 INF] 【直播间】7184632 的第 45 个心跳包发送成功
[03:03:17 INF] 【直播间】11732699 的第 45 个心跳包发送成功
[03:03:19 INF] 【直播间】91164 的第 45 个心跳包发送成功
[03:03:20 INF] 【直播间】22764265 的第 45 个心跳包发送成功
[03:04:12 INF] 【直播间】23357926 的第 46 个心跳包发送成功
[03:04:14 INF] 【直播间】23040372 的第 46 个心跳包发送成功
[03:04:15 INF] 【直播间】31494 的第 46 个心跳包发送成功
[03:04:16 INF] 【直播间】4015781 的第 46 个心跳包发送成功
[03:04:17 INF] 【直播间】9619073 的第 46 个心跳包发送成功
[03:04:19 INF] 【直播间】407149 的第 46 个心跳包发送成功
[03:04:20 INF] 【直播间】23447660 的第 46 个心跳包发送成功
[03:04:21 INF] 【直播间】929670 的第 46 个心跳包发送成功
[03:04:22 INF] 【直播间】7184632 的第 46 个心跳包发送成功
[03:04:24 INF] 【直播间】11732699 的第 46 个心跳包发送成功
[03:04:25 INF] 【直播间】91164 的第 46 个心跳包发送成功
[03:04:26 INF] 【直播间】22764265 的第 46 个心跳包发送成功
[03:05:19 INF] 【直播间】23357926 的第 47 个心跳包发送成功
[03:05:20 INF] 【直播间】23040372 的第 47 个心跳包发送成功
[03:05:21 INF] 【直播间】31494 的第 47 个心跳包发送成功
[03:05:23 INF] 【直播间】4015781 的第 47 个心跳包发送成功
[03:05:24 INF] 【直播间】9619073 的第 47 个心跳包发送成功
[03:05:25 INF] 【直播间】407149 的第 47 个心跳包发送成功
[03:05:27 INF] 【直播间】23447660 的第 47 个心跳包发送成功
[03:05:28 INF] 【直播间】929670 的第 47 个心跳包发送成功
[03:05:29 INF] 【直播间】7184632 的第 47 个心跳包发送成功
[03:05:30 INF] 【直播间】11732699 的第 47 个心跳包发送成功
[03:05:32 INF] 【直播间】91164 的第 47 个心跳包发送成功
[03:05:33 INF] 【直播间】22764265 的第 47 个心跳包发送成功
[03:06:25 INF] 【直播间】23357926 的第 48 个心跳包发送成功
[03:06:27 INF] 【直播间】23040372 的第 48 个心跳包发送成功
[03:06:28 INF] 【直播间】31494 的第 48 个心跳包发送成功
[03:06:29 INF] 【直播间】4015781 的第 48 个心跳包发送成功
[03:06:30 INF] 【直播间】9619073 的第 48 个心跳包发送成功
[03:06:32 INF] 【直播间】407149 的第 48 个心跳包发送成功
[03:06:33 INF] 【直播间】23447660 的第 48 个心跳包发送成功
[03:06:34 INF] 【直播间】929670 的第 48 个心跳包发送成功
[03:06:35 INF] 【直播间】7184632 的第 48 个心跳包发送成功
[03:06:37 INF] 【直播间】11732699 的第 48 个心跳包发送成功
[03:06:38 INF] 【直播间】91164 的第 48 个心跳包发送成功
[03:06:39 INF] 【直播间】22764265 的第 48 个心跳包发送成功
[03:07:32 INF] 【直播间】23357926 的第 49 个心跳包发送成功
[03:07:34 INF] 【直播间】23040372 的第 49 个心跳包发送成功
[03:07:35 INF] 【直播间】31494 的第 49 个心跳包发送成功
[03:07:36 INF] 【直播间】4015781 的第 49 个心跳包发送成功
[03:07:37 INF] 【直播间】9619073 的第 49 个心跳包发送成功
[03:07:39 INF] 【直播间】407149 的第 49 个心跳包发送成功
[03:07:40 INF] 【直播间】23447660 的第 49 个心跳包发送成功
[03:07:41 INF] 【直播间】929670 的第 49 个心跳包发送成功
[03:07:42 INF] 【直播间】7184632 的第 49 个心跳包发送成功
[03:07:44 INF] 【直播间】11732699 的第 49 个心跳包发送成功
[03:07:45 INF] 【直播间】91164 的第 49 个心跳包发送成功
[03:07:46 INF] 【直播间】22764265 的第 49 个心跳包发送成功
[03:08:39 INF] 【直播间】23357926 的第 50 个心跳包发送成功
[03:08:40 INF] 【直播间】23040372 的第 50 个心跳包发送成功
[03:08:41 INF] 【直播间】31494 的第 50 个心跳包发送成功
[03:08:43 INF] 【直播间】4015781 的第 50 个心跳包发送成功
[03:08:44 INF] 【直播间】9619073 的第 50 个心跳包发送成功
[03:08:45 INF] 【直播间】407149 的第 50 个心跳包发送成功
[03:08:47 INF] 【直播间】23447660 的第 50 个心跳包发送成功
[03:08:48 INF] 【直播间】929670 的第 50 个心跳包发送成功
[03:08:49 INF] 【直播间】7184632 的第 50 个心跳包发送成功
[03:08:50 INF] 【直播间】11732699 的第 50 个心跳包发送成功
[03:08:52 INF] 【直播间】91164 的第 50 个心跳包发送成功
[03:08:53 INF] 【直播间】22764265 的第 50 个心跳包发送成功
[03:09:45 INF] 【直播间】23357926 的第 51 个心跳包发送成功
[03:09:47 INF] 【直播间】23040372 的第 51 个心跳包发送成功
[03:09:48 INF] 【直播间】31494 的第 51 个心跳包发送成功
[03:09:49 INF] 【直播间】4015781 的第 51 个心跳包发送成功
[03:09:50 INF] 【直播间】9619073 的第 51 个心跳包发送成功
[03:09:52 INF] 【直播间】407149 的第 51 个心跳包发送成功
[03:09:53 INF] 【直播间】23447660 的第 51 个心跳包发送成功
[03:09:54 INF] 【直播间】929670 的第 51 个心跳包发送成功
[03:09:55 INF] 【直播间】7184632 的第 51 个心跳包发送成功
[03:09:57 INF] 【直播间】11732699 的第 51 个心跳包发送成功
[03:09:58 INF] 【直播间】91164 的第 51 个心跳包发送成功
[03:09:59 INF] 【直播间】22764265 的第 51 个心跳包发送成功
[03:10:52 INF] 【直播间】23357926 的第 52 个心跳包发送成功
[03:10:53 INF] 【直播间】23040372 的第 52 个心跳包发送成功
[03:10:54 INF] 【直播间】31494 的第 52 个心跳包发送成功
[03:10:56 INF] 【直播间】4015781 的第 52 个心跳包发送成功
[03:10:57 INF] 【直播间】9619073 的第 52 个心跳包发送成功
[03:10:58 INF] 【直播间】407149 的第 52 个心跳包发送成功
[03:10:59 INF] 【直播间】23447660 的第 52 个心跳包发送成功
[03:11:01 INF] 【直播间】929670 的第 52 个心跳包发送成功
[03:11:02 INF] 【直播间】7184632 的第 52 个心跳包发送成功
[03:11:03 INF] 【直播间】11732699 的第 52 个心跳包发送成功
[03:11:04 INF] 【直播间】91164 的第 52 个心跳包发送成功
[03:11:06 INF] 【直播间】22764265 的第 52 个心跳包发送成功
[03:11:58 INF] 【直播间】23357926 的第 53 个心跳包发送成功
[03:12:00 INF] 【直播间】23040372 的第 53 个心跳包发送成功
[03:12:01 INF] 【直播间】31494 的第 53 个心跳包发送成功
[03:12:02 INF] 【直播间】4015781 的第 53 个心跳包发送成功
[03:12:03 INF] 【直播间】9619073 的第 53 个心跳包发送成功
[03:12:05 INF] 【直播间】407149 的第 53 个心跳包发送成功
[03:12:06 INF] 【直播间】23447660 的第 53 个心跳包发送成功
[03:12:07 INF] 【直播间】929670 的第 53 个心跳包发送成功
[03:12:08 INF] 【直播间】7184632 的第 53 个心跳包发送成功
[03:12:10 INF] 【直播间】11732699 的第 53 个心跳包发送成功
[03:12:11 INF] 【直播间】91164 的第 53 个心跳包发送成功
[03:12:12 INF] 【直播间】22764265 的第 53 个心跳包发送成功
[03:13:05 ERR] 【心跳包】直播间 23357926 发送失败
[03:13:05 ERR] 【原因】time check failed
[03:13:06 ERR] 【心跳包】直播间 23040372 发送失败
[03:13:06 ERR] 【原因】time check failed
[03:13:08 ERR] 【心跳包】直播间 31494 发送失败
[03:13:08 ERR] 【原因】time check failed
[03:13:09 ERR] 【心跳包】直播间 4015781 发送失败
[03:13:09 ERR] 【原因】time check failed
[03:13:10 ERR] 【心跳包】直播间 9619073 发送失败
[03:13:10 ERR] 【原因】time check failed
[03:13:11 ERR] 【心跳包】直播间 407149 发送失败
[03:13:11 ERR] 【原因】time check failed
[03:13:13 ERR] 【心跳包】直播间 23447660 发送失败
[03:13:13 ERR] 【原因】time check failed
[03:13:14 ERR] 【心跳包】直播间 929670 发送失败
[03:13:14 ERR] 【原因】time check failed
[03:13:15 ERR] 【心跳包】直播间 7184632 发送失败
[03:13:15 ERR] 【原因】time check failed
[03:13:16 ERR] 【心跳包】直播间 11732699 发送失败
[03:13:16 ERR] 【原因】time check failed
[03:13:18 ERR] 【心跳包】直播间 91164 发送失败
[03:13:18 ERR] 【原因】time check failed
[03:13:19 ERR] 【心跳包】直播间 22764265 发送失败
[03:13:19 ERR] 【原因】time check failed
[03:14:12 INF] 【直播间】23357926 的第 54 个心跳包发送成功
[03:14:13 INF] 【直播间】23040372 的第 54 个心跳包发送成功
[03:14:14 INF] 【直播间】31494 的第 54 个心跳包发送成功
[03:14:15 INF] 【直播间】4015781 的第 54 个心跳包发送成功
[03:14:17 INF] 【直播间】9619073 的第 54 个心跳包发送成功
[03:14:18 INF] 【直播间】407149 的第 54 个心跳包发送成功
[03:14:19 INF] 【直播间】23447660 的第 54 个心跳包发送成功
[03:14:21 INF] 【直播间】929670 的第 54 个心跳包发送成功
[03:14:22 INF] 【直播间】7184632 的第 54 个心跳包发送成功
[03:14:23 INF] 【直播间】11732699 的第 54 个心跳包发送成功
[03:14:24 INF] 【直播间】91164 的第 54 个心跳包发送成功
[03:14:26 INF] 【直播间】22764265 的第 54 个心跳包发送成功
[03:15:19 INF] 【直播间】23357926 的第 55 个心跳包发送成功
[03:15:20 INF] 【直播间】23040372 的第 55 个心跳包发送成功
[03:15:21 INF] 【直播间】31494 的第 55 个心跳包发送成功
[03:15:22 INF] 【直播间】4015781 的第 55 个心跳包发送成功
[03:15:24 INF] 【直播间】9619073 的第 55 个心跳包发送成功
[03:15:25 INF] 【直播间】407149 的第 55 个心跳包发送成功
[03:15:26 INF] 【直播间】23447660 的第 55 个心跳包发送成功
[03:15:27 INF] 【直播间】929670 的第 55 个心跳包发送成功
[03:15:29 INF] 【直播间】7184632 的第 55 个心跳包发送成功
[03:15:30 INF] 【直播间】11732699 的第 55 个心跳包发送成功
[03:15:31 INF] 【直播间】91164 的第 55 个心跳包发送成功
[03:15:33 INF] 【直播间】22764265 的第 55 个心跳包发送成功
[03:16:25 INF] 【直播间】23357926 的第 56 个心跳包发送成功
[03:16:26 INF] 【直播间】23040372 的第 56 个心跳包发送成功
[03:16:28 INF] 【直播间】31494 的第 56 个心跳包发送成功
[03:16:29 INF] 【直播间】4015781 的第 56 个心跳包发送成功
[03:16:30 INF] 【直播间】9619073 的第 56 个心跳包发送成功
[03:16:31 INF] 【直播间】407149 的第 56 个心跳包发送成功
[03:16:33 INF] 【直播间】23447660 的第 56 个心跳包发送成功
[03:16:34 INF] 【直播间】929670 的第 56 个心跳包发送成功
[03:16:35 INF] 【直播间】7184632 的第 56 个心跳包发送成功
[03:16:37 INF] 【直播间】11732699 的第 56 个心跳包发送成功
[03:16:38 INF] 【直播间】91164 的第 56 个心跳包发送成功
[03:16:39 INF] 【直播间】22764265 的第 56 个心跳包发送成功
[03:17:32 INF] 【直播间】23357926 的第 57 个心跳包发送成功
[03:17:33 INF] 【直播间】23040372 的第 57 个心跳包发送成功
[03:17:34 INF] 【直播间】31494 的第 57 个心跳包发送成功
[03:17:36 INF] 【直播间】4015781 的第 57 个心跳包发送成功
[03:17:37 INF] 【直播间】9619073 的第 57 个心跳包发送成功
[03:17:38 INF] 【直播间】407149 的第 57 个心跳包发送成功
[03:17:40 INF] 【直播间】23447660 的第 57 个心跳包发送成功
[03:17:41 INF] 【直播间】929670 的第 57 个心跳包发送成功
[03:17:42 INF] 【直播间】7184632 的第 57 个心跳包发送成功
[03:17:43 INF] 【直播间】11732699 的第 57 个心跳包发送成功
[03:17:45 INF] 【直播间】91164 的第 57 个心跳包发送成功
[03:17:46 INF] 【直播间】22764265 的第 57 个心跳包发送成功
[03:18:39 INF] 【直播间】23357926 的第 58 个心跳包发送成功
[03:18:40 INF] 【直播间】23040372 的第 58 个心跳包发送成功
[03:18:41 INF] 【直播间】31494 的第 58 个心跳包发送成功
[03:18:42 INF] 【直播间】4015781 的第 58 个心跳包发送成功
[03:18:44 INF] 【直播间】9619073 的第 58 个心跳包发送成功
[03:18:45 INF] 【直播间】407149 的第 58 个心跳包发送成功
[03:18:46 INF] 【直播间】23447660 的第 58 个心跳包发送成功
[03:18:47 INF] 【直播间】929670 的第 58 个心跳包发送成功
[03:18:49 INF] 【直播间】7184632 的第 58 个心跳包发送成功
[03:18:50 INF] 【直播间】11732699 的第 58 个心跳包发送成功
[03:18:51 INF] 【直播间】91164 的第 58 个心跳包发送成功
[03:18:53 INF] 【直播间】22764265 的第 58 个心跳包发送成功
[03:19:45 INF] 【直播间】23357926 的第 59 个心跳包发送成功
[03:19:46 INF] 【直播间】23040372 的第 59 个心跳包发送成功
[03:19:48 INF] 【直播间】31494 的第 59 个心跳包发送成功
[03:19:49 INF] 【直播间】4015781 的第 59 个心跳包发送成功
[03:19:50 INF] 【直播间】9619073 的第 59 个心跳包发送成功
[03:19:51 INF] 【直播间】407149 的第 59 个心跳包发送成功
[03:19:53 INF] 【直播间】23447660 的第 59 个心跳包发送成功
[03:19:54 INF] 【直播间】929670 的第 59 个心跳包发送成功
[03:19:55 INF] 【直播间】7184632 的第 59 个心跳包发送成功
[03:19:56 INF] 【直播间】11732699 的第 59 个心跳包发送成功
[03:19:58 INF] 【直播间】91164 的第 59 个心跳包发送成功
[03:19:59 INF] 【直播间】22764265 的第 59 个心跳包发送成功
[03:20:52 INF] 【直播间】23357926 的第 60 个心跳包发送成功
[03:20:53 INF] 【直播间】23040372 的第 60 个心跳包发送成功
[03:20:54 INF] 【直播间】31494 的第 60 个心跳包发送成功
[03:20:56 INF] 【直播间】4015781 的第 60 个心跳包发送成功
[03:20:57 INF] 【直播间】9619073 的第 60 个心跳包发送成功
[03:20:58 INF] 【直播间】407149 的第 60 个心跳包发送成功
[03:20:59 INF] 【直播间】23447660 的第 60 个心跳包发送成功
[03:21:01 INF] 【直播间】929670 的第 60 个心跳包发送成功
[03:21:02 INF] 【直播间】7184632 的第 60 个心跳包发送成功
[03:21:03 INF] 【直播间】11732699 的第 60 个心跳包发送成功
[03:21:05 INF] 【直播间】91164 的第 60 个心跳包发送成功
[03:21:06 INF] 【直播间】22764265 的第 60 个心跳包发送成功
[03:21:58 INF] 【直播间】23357926 的第 61 个心跳包发送成功
[03:22:00 INF] 【直播间】23040372 的第 61 个心跳包发送成功
[03:22:01 INF] 【直播间】31494 的第 61 个心跳包发送成功
[03:22:02 INF] 【直播间】4015781 的第 61 个心跳包发送成功
[03:22:03 INF] 【直播间】9619073 的第 61 个心跳包发送成功
[03:22:05 INF] 【直播间】407149 的第 61 个心跳包发送成功
[03:22:06 INF] 【直播间】23447660 的第 61 个心跳包发送成功
[03:22:07 INF] 【直播间】929670 的第 61 个心跳包发送成功
[03:22:08 INF] 【直播间】7184632 的第 61 个心跳包发送成功
[03:22:10 INF] 【直播间】11732699 的第 61 个心跳包发送成功
[03:22:11 INF] 【直播间】91164 的第 61 个心跳包发送成功
[03:22:12 INF] 【直播间】22764265 的第 61 个心跳包发送成功
[03:23:05 INF] 【直播间】23357926 的第 62 个心跳包发送成功
[03:23:06 INF] 【直播间】23040372 的第 62 个心跳包发送成功
[03:23:07 INF] 【直播间】31494 的第 62 个心跳包发送成功
[03:23:08 INF] 【直播间】4015781 的第 62 个心跳包发送成功
[03:23:10 INF] 【直播间】9619073 的第 62 个心跳包发送成功
[03:23:11 INF] 【直播间】407149 的第 62 个心跳包发送成功
[03:23:12 INF] 【直播间】23447660 的第 62 个心跳包发送成功
[03:23:14 INF] 【直播间】929670 的第 62 个心跳包发送成功
[03:23:15 INF] 【直播间】7184632 的第 62 个心跳包发送成功
[03:23:16 INF] 【直播间】11732699 的第 62 个心跳包发送成功
[03:23:17 INF] 【直播间】91164 的第 62 个心跳包发送成功
[03:23:19 INF] 【直播间】22764265 的第 62 个心跳包发送成功
[03:24:11 INF] 【直播间】23357926 的第 63 个心跳包发送成功
[03:24:13 INF] 【直播间】23040372 的第 63 个心跳包发送成功
[03:24:14 INF] 【直播间】31494 的第 63 个心跳包发送成功
[03:24:15 INF] 【直播间】4015781 的第 63 个心跳包发送成功
[03:24:16 INF] 【直播间】9619073 的第 63 个心跳包发送成功
[03:24:18 INF] 【直播间】407149 的第 63 个心跳包发送成功
[03:24:19 INF] 【直播间】23447660 的第 63 个心跳包发送成功
[03:24:20 INF] 【直播间】929670 的第 63 个心跳包发送成功
[03:24:22 INF] 【直播间】7184632 的第 63 个心跳包发送成功
[03:24:23 INF] 【直播间】11732699 的第 63 个心跳包发送成功
[03:24:24 INF] 【直播间】91164 的第 63 个心跳包发送成功
[03:24:25 INF] 【直播间】22764265 的第 63 个心跳包发送成功
[03:25:18 INF] 【直播间】23357926 的第 64 个心跳包发送成功
[03:25:19 INF] 【直播间】23040372 的第 64 个心跳包发送成功
[03:25:20 INF] 【直播间】31494 的第 64 个心跳包发送成功
[03:25:22 INF] 【直播间】4015781 的第 64 个心跳包发送成功
[03:25:23 INF] 【直播间】9619073 的第 64 个心跳包发送成功
[03:25:24 INF] 【直播间】407149 的第 64 个心跳包发送成功
[03:25:25 INF] 【直播间】23447660 的第 64 个心跳包发送成功
[03:25:27 INF] 【直播间】929670 的第 64 个心跳包发送成功
[03:25:28 INF] 【直播间】7184632 的第 64 个心跳包发送成功
[03:25:29 INF] 【直播间】11732699 的第 64 个心跳包发送成功
[03:25:31 INF] 【直播间】91164 的第 64 个心跳包发送成功
[03:25:32 INF] 【直播间】22764265 的第 64 个心跳包发送成功
[03:26:25 INF] 【直播间】23357926 的第 65 个心跳包发送成功
[03:26:26 INF] 【直播间】23040372 的第 65 个心跳包发送成功
[03:26:27 INF] 【直播间】31494 的第 65 个心跳包发送成功
[03:26:28 INF] 【直播间】4015781 的第 65 个心跳包发送成功
[03:26:30 INF] 【直播间】9619073 的第 65 个心跳包发送成功
[03:26:31 INF] 【直播间】407149 的第 65 个心跳包发送成功
[03:26:32 INF] 【直播间】23447660 的第 65 个心跳包发送成功
[03:26:33 INF] 【直播间】929670 的第 65 个心跳包发送成功
[03:26:35 INF] 【直播间】7184632 的第 65 个心跳包发送成功
[03:26:36 INF] 【直播间】11732699 的第 65 个心跳包发送成功
[03:26:37 INF] 【直播间】91164 的第 65 个心跳包发送成功
[03:26:38 INF] 【直播间】22764265 的第 65 个心跳包发送成功
[03:27:31 INF] 【直播间】23357926 的第 66 个心跳包发送成功
[03:27:33 INF] 【直播间】23040372 的第 66 个心跳包发送成功
[03:27:34 INF] 【直播间】31494 的第 66 个心跳包发送成功
[03:27:35 INF] 【直播间】4015781 的第 66 个心跳包发送成功
[03:27:37 INF] 【直播间】9619073 的第 66 个心跳包发送成功
[03:27:38 INF] 【直播间】407149 的第 66 个心跳包发送成功
[03:27:39 INF] 【直播间】23447660 的第 66 个心跳包发送成功
[03:27:40 INF] 【直播间】929670 的第 66 个心跳包发送成功
[03:27:42 INF] 【直播间】7184632 的第 66 个心跳包发送成功
[03:27:43 INF] 【直播间】11732699 的第 66 个心跳包发送成功
[03:27:44 INF] 【直播间】91164 的第 66 个心跳包发送成功
[03:27:45 INF] 【直播间】22764265 的第 66 个心跳包发送成功
[03:28:38 ERR] 【心跳包】直播间 23357926 发送失败
[03:28:38 ERR] 【原因】time check failed
[03:28:39 ERR] 【心跳包】直播间 23040372 发送失败
[03:28:39 ERR] 【原因】time check failed
[03:28:40 ERR] 【心跳包】直播间 31494 发送失败
[03:28:40 ERR] 【原因】time check failed
[03:28:42 ERR] 【心跳包】直播间 4015781 发送失败
[03:28:42 ERR] 【原因】time check failed
[03:28:43 ERR] 【心跳包】直播间 9619073 发送失败
[03:28:43 ERR] 【原因】time check failed
[03:28:44 ERR] 【心跳包】直播间 407149 发送失败
[03:28:44 ERR] 【原因】time check failed
[03:28:45 ERR] 【心跳包】直播间 23447660 发送失败
[03:28:45 ERR] 【原因】time check failed
[03:28:47 ERR] 【心跳包】直播间 929670 发送失败
[03:28:47 ERR] 【原因】time check failed
[03:28:48 ERR] 【心跳包】直播间 7184632 发送失败
[03:28:48 ERR] 【原因】time check failed
[03:28:49 ERR] 【心跳包】直播间 11732699 发送失败
[03:28:49 ERR] 【原因】time check failed
[03:28:50 ERR] 【心跳包】直播间 91164 发送失败
[03:28:50 ERR] 【原因】time check failed
[03:28:52 ERR] 【心跳包】直播间 22764265 发送失败
[03:28:52 ERR] 【原因】time check failed
[03:29:44 INF] 【直播间】23357926 的第 67 个心跳包发送成功
[03:29:46 INF] 【直播间】23040372 的第 67 个心跳包发送成功
[03:29:47 INF] 【直播间】31494 的第 67 个心跳包发送成功
[03:29:48 INF] 【直播间】4015781 的第 67 个心跳包发送成功
[03:29:50 INF] 【直播间】9619073 的第 67 个心跳包发送成功
[03:29:51 INF] 【直播间】407149 的第 67 个心跳包发送成功
[03:29:52 INF] 【直播间】23447660 的第 67 个心跳包发送成功
[03:29:54 INF] 【直播间】929670 的第 67 个心跳包发送成功
[03:29:55 INF] 【直播间】7184632 的第 67 个心跳包发送成功
[03:29:56 INF] 【直播间】11732699 的第 67 个心跳包发送成功
[03:29:57 INF] 【直播间】91164 的第 67 个心跳包发送成功
[03:29:59 INF] 【直播间】22764265 的第 67 个心跳包发送成功
[03:30:51 INF] 【直播间】23357926 的第 68 个心跳包发送成功
[03:30:52 INF] 【直播间】23040372 的第 68 个心跳包发送成功
[03:30:53 INF] 【直播间】31494 的第 68 个心跳包发送成功
[03:30:55 INF] 【直播间】4015781 的第 68 个心跳包发送成功
[03:30:56 INF] 【直播间】9619073 的第 68 个心跳包发送成功
[03:30:57 INF] 【直播间】407149 的第 68 个心跳包发送成功
[03:30:59 INF] 【直播间】23447660 的第 68 个心跳包发送成功
[03:31:00 INF] 【直播间】929670 的第 68 个心跳包发送成功
[03:31:01 INF] 【直播间】7184632 的第 68 个心跳包发送成功
[03:31:02 INF] 【直播间】11732699 的第 68 个心跳包发送成功
[03:31:04 INF] 【直播间】91164 的第 68 个心跳包发送成功
[03:31:05 INF] 【直播间】22764265 的第 68 个心跳包发送成功
[03:31:58 INF] 【直播间】23357926 的第 69 个心跳包发送成功
[03:31:59 INF] 【直播间】23040372 的第 69 个心跳包发送成功
[03:32:00 INF] 【直播间】31494 的第 69 个心跳包发送成功
[03:32:01 INF] 【直播间】4015781 的第 69 个心跳包发送成功
[03:32:03 INF] 【直播间】9619073 的第 69 个心跳包发送成功
[03:32:04 INF] 【直播间】407149 的第 69 个心跳包发送成功
[03:32:05 INF] 【直播间】23447660 的第 69 个心跳包发送成功
[03:32:06 INF] 【直播间】929670 的第 69 个心跳包发送成功
[03:32:08 INF] 【直播间】7184632 的第 69 个心跳包发送成功
[03:32:09 INF] 【直播间】11732699 的第 69 个心跳包发送成功
[03:32:10 INF] 【直播间】91164 的第 69 个心跳包发送成功
[03:32:11 INF] 【直播间】22764265 的第 69 个心跳包发送成功
[03:33:04 INF] 【直播间】23357926 的第 70 个心跳包发送成功
[03:33:05 INF] 【直播间】23040372 的第 70 个心跳包发送成功
[03:33:07 INF] 【直播间】31494 的第 70 个心跳包发送成功
[03:33:08 INF] 【直播间】4015781 的第 70 个心跳包发送成功
[03:33:09 INF] 【直播间】9619073 的第 70 个心跳包发送成功
[03:33:11 INF] 【直播间】407149 的第 70 个心跳包发送成功
[03:33:12 INF] 【直播间】23447660 的第 70 个心跳包发送成功
[03:33:13 INF] 【直播间】929670 的第 70 个心跳包发送成功
[03:33:15 INF] 【直播间】7184632 的第 70 个心跳包发送成功
[03:33:16 INF] 【直播间】11732699 的第 70 个心跳包发送成功
[03:33:17 INF] 【直播间】91164 的第 70 个心跳包发送成功
[03:33:18 INF] 【直播间】22764265 的第 70 个心跳包发送成功
[03:33:18 INF] 【直播观看时长】完成情况：12/12 
[03:33:18 INF] ---------结束---------

[03:33:18 INF] ==========结束==========

[03:33:18 INF] ######### 账号 3 #########

[03:33:18 INF] =====开始 直播间互动 =====

[03:33:18 INF] ---开始 发送弹幕 ---
[03:33:18 INF] 检测到直播 Cookie 未正确配置，尝试自动配置中...
[03:33:26 INF] 直播 Cookie 配置成功！
[03:33:26 INF] 【获取直播列表】获取拥有粉丝牌的直播列表
[03:33:32 ERR] 【获取直播列表】失败
[03:33:32 ERR] 【原因】账号未登录
[03:33:32 ERR] 发送弹幕失败，继续其他任务。失败信息:Object reference not set to an instance of an object.

[03:33:32 INF] -------结束-------

[03:33:32 INF] ---开始 点赞直播间 ---
[03:33:32 INF] 【获取直播列表】获取拥有粉丝牌的直播列表
[03:33:37 ERR] 【获取直播列表】失败
[03:33:37 ERR] 【原因】账号未登录
[03:33:37 ERR] 点赞直播间失败，继续其他任务。失败信息:Object reference not set to an instance of an object.

[03:33:37 INF] --------结束--------

[03:33:37 INF] ---开始 直播时长挂机 ---
[03:33:37 INF] 【获取直播列表】获取拥有粉丝牌的直播列表
[03:33:44 ERR] 【获取直播列表】失败
[03:33:44 ERR] 【原因】账号未登录
[03:33:44 ERR] 直播时长挂机失败，继续其他任务。失败信息:Object reference not set to an instance of an object.

[03:33:44 INF] ---------结束---------

[03:33:44 INF] ==========结束==========

[03:33:44 INF] 

========================

 v2.0.2 开源 by https://github.com/RayWangQvQ/BiliBiliToolPro

[03:33:44 INF] ·开始推送·LiveFansMedal任务·
2024-04-30T19:33:44.2316390Z 开始推送到:PushPlus
2024-04-30T19:33:45.4691736Z Response status: OK.
2024-04-30T19:33:45.4692073Z Response content: {"code":999,"msg":"发送内容过大，不能超过2万字","data":null}.

[03:33:45 INF] 运行环境：Development
[03:33:45 INF] 应用目录：/home/runner/work/BiliBiliToolPro/BiliBiliToolPro/src/Ray.BiliBiliTool.Console/bin/Debug/net6.0/

[03:33:45 INF] 运行结束
