----------- ip 信息 ---------
{
  "ip": "104.28.200.114",
  "city": "San Antonio",
  "region": "Texas",
  "country": "US",
  "loc": "29.4241,-98.4936",
  "org": "AS13335 Cloudflare, Inc.",
  "postal": "78205",
  "timezone": "America/Chicago",
  "readme": "https://ipinfo.io/missingauth"
} ---------- end ------------
  ____               ____    _   _____           _  
 |  _ \ __ _ _   _  | __ ) _| |_|_   _|__   ___ | | 
 | |_) / _` | | | | |  _ \(_) (_) | |/ _ \ / _ \| | 
 |  _ < (_| | |_| | | |_) | | | | | | (_) | (_) | | 
 |_| \_\__,_|\__, | |____/|_|_|_| |_|\___/ \___/|_| 
             |___/                                  

[00:28:47 INF] BiliBiliToolPro 开始运行...

[00:28:47 INF] 【账号个数】3个

[00:28:47 INF] 随机休眠1分钟

[00:29:47 INF] 【目标任务】LiveFansMedal
[00:29:47 INF] ######### 账号 1 #########

[00:29:47 INF] =====开始 直播间互动 =====

[00:29:47 INF] ---开始 发送弹幕 ---
[00:29:47 INF] 检测到直播 Cookie 未正确配置，尝试自动配置中...
[00:29:54 INF] 直播 Cookie 配置成功！
[00:29:54 INF] 【获取直播列表】获取拥有粉丝牌的直播列表
[00:29:59 INF] 【主播】Mark陌枫 
[00:30:15 INF] 【主播】KL_qiqi_ 
[00:30:33 INF] 【主播】苏打baka 
[00:30:48 INF] 【直播间】Mark陌枫
[00:30:48 INF] 【粉丝牌】馬楓
[00:30:48 INF] 正在发送弹幕...
[00:30:52 INF] 【直播间】KL_qiqi_
[00:30:52 INF] 【粉丝牌】qiqisb
[00:30:52 INF] 正在发送弹幕...
[00:30:56 INF] 【直播间】苏打baka
[00:30:56 INF] 【粉丝牌】碳酸钠
[00:30:56 INF] 正在发送弹幕...
[00:31:03 INF] -------结束-------

[00:31:03 INF] ---开始 点赞直播间 ---
[00:31:03 INF] 【获取直播列表】获取拥有粉丝牌的直播列表
[00:31:04 INF] 【弹幕发送】成功~，你和主播 Mark陌枫 的亲密值增加了100！
[00:31:07 INF] 【弹幕发送】成功~，你和主播 KL_qiqi_ 的亲密值增加了100！
[00:31:10 INF] 【主播】Mark陌枫 
[00:31:16 INF] 【弹幕发送】成功~，你和主播 苏打baka 的亲密值增加了100！
[00:31:28 INF] 【主播】KL_qiqi_ 
[00:31:47 INF] 【主播】苏打baka 
[00:32:10 INF] 【点赞直播间】23357926 完成
[00:32:14 INF] 【点赞直播间】407149 完成
[00:32:18 INF] --------结束--------

[00:32:18 INF] ---开始 直播时长挂机 ---
[00:32:18 INF] 【获取直播列表】获取拥有粉丝牌的直播列表
[00:32:19 INF] 【点赞直播间】23040372 完成
[00:32:26 INF] 【主播】Mark陌枫 
[00:32:39 INF] 【主播】KL_qiqi_ 
[00:32:57 INF] 【主播】苏打baka 
[00:33:16 INF] 【直播间】23357926 的第 1 个心跳包发送成功
[00:33:18 INF] 【直播间】407149 的第 1 个心跳包发送成功
[00:33:19 INF] 【直播间】23040372 的第 1 个心跳包发送成功
[00:34:23 INF] 【直播间】23357926 的第 2 个心跳包发送成功
[00:34:25 INF] 【直播间】407149 的第 2 个心跳包发送成功
[00:34:26 INF] 【直播间】23040372 的第 2 个心跳包发送成功
[00:35:30 INF] 【直播间】23357926 的第 3 个心跳包发送成功
[00:35:31 INF] 【直播间】407149 的第 3 个心跳包发送成功
[00:35:33 INF] 【直播间】23040372 的第 3 个心跳包发送成功
[00:36:37 INF] 【直播间】23357926 的第 4 个心跳包发送成功
[00:36:38 INF] 【直播间】407149 的第 4 个心跳包发送成功
[00:36:39 INF] 【直播间】23040372 的第 4 个心跳包发送成功
[00:37:43 INF] 【直播间】23357926 的第 5 个心跳包发送成功
[00:37:45 INF] 【直播间】407149 的第 5 个心跳包发送成功
[00:37:46 INF] 【直播间】23040372 的第 5 个心跳包发送成功
[00:38:50 INF] 【直播间】23357926 的第 6 个心跳包发送成功
[00:38:51 INF] 【直播间】407149 的第 6 个心跳包发送成功
[00:38:52 INF] 【直播间】23040372 的第 6 个心跳包发送成功
[00:39:56 INF] 【直播间】23357926 的第 7 个心跳包发送成功
[00:39:58 INF] 【直播间】407149 的第 7 个心跳包发送成功
[00:39:59 INF] 【直播间】23040372 的第 7 个心跳包发送成功
[00:41:03 INF] 【直播间】23357926 的第 8 个心跳包发送成功
[00:41:04 INF] 【直播间】407149 的第 8 个心跳包发送成功
[00:41:06 INF] 【直播间】23040372 的第 8 个心跳包发送成功
[00:42:10 INF] 【直播间】23357926 的第 9 个心跳包发送成功
[00:42:11 INF] 【直播间】407149 的第 9 个心跳包发送成功
[00:42:12 INF] 【直播间】23040372 的第 9 个心跳包发送成功
[00:43:16 INF] 【直播间】23357926 的第 10 个心跳包发送成功
[00:43:18 INF] 【直播间】407149 的第 10 个心跳包发送成功
[00:43:19 INF] 【直播间】23040372 的第 10 个心跳包发送成功
[00:44:23 INF] 【直播间】23357926 的第 11 个心跳包发送成功
[00:44:24 INF] 【直播间】407149 的第 11 个心跳包发送成功
[00:44:26 INF] 【直播间】23040372 的第 11 个心跳包发送成功
[00:45:30 INF] 【直播间】23357926 的第 12 个心跳包发送成功
[00:45:31 INF] 【直播间】407149 的第 12 个心跳包发送成功
[00:45:32 INF] 【直播间】23040372 的第 12 个心跳包发送成功
[00:46:37 INF] 【直播间】23357926 的第 13 个心跳包发送成功
[00:46:38 INF] 【直播间】407149 的第 13 个心跳包发送成功
[00:46:39 INF] 【直播间】23040372 的第 13 个心跳包发送成功
[00:47:43 INF] 【直播间】23357926 的第 14 个心跳包发送成功
[00:47:44 INF] 【直播间】407149 的第 14 个心跳包发送成功
[00:47:46 INF] 【直播间】23040372 的第 14 个心跳包发送成功
[00:48:50 ERR] 【心跳包】直播间 23357926 发送失败
[00:48:50 ERR] 【原因】time check failed
[00:48:51 ERR] 【心跳包】直播间 407149 发送失败
[00:48:51 ERR] 【原因】time check failed
[00:48:52 ERR] 【心跳包】直播间 23040372 发送失败
[00:48:52 ERR] 【原因】time check failed
[00:49:56 INF] 【直播间】23357926 的第 15 个心跳包发送成功
[00:49:58 INF] 【直播间】407149 的第 15 个心跳包发送成功
[00:49:59 INF] 【直播间】23040372 的第 15 个心跳包发送成功
[00:51:03 INF] 【直播间】23357926 的第 16 个心跳包发送成功
[00:51:04 INF] 【直播间】407149 的第 16 个心跳包发送成功
[00:51:05 INF] 【直播间】23040372 的第 16 个心跳包发送成功
[00:52:10 INF] 【直播间】23357926 的第 17 个心跳包发送成功
[00:52:11 INF] 【直播间】407149 的第 17 个心跳包发送成功
[00:52:13 INF] 【直播间】23040372 的第 17 个心跳包发送成功
[00:53:17 INF] 【直播间】23357926 的第 18 个心跳包发送成功
[00:53:18 INF] 【直播间】407149 的第 18 个心跳包发送成功
[00:53:19 INF] 【直播间】23040372 的第 18 个心跳包发送成功
[00:54:24 INF] 【直播间】23357926 的第 19 个心跳包发送成功
[00:54:25 INF] 【直播间】407149 的第 19 个心跳包发送成功
[00:54:26 INF] 【直播间】23040372 的第 19 个心跳包发送成功
[00:55:30 INF] 【直播间】23357926 的第 20 个心跳包发送成功
[00:55:32 INF] 【直播间】407149 的第 20 个心跳包发送成功
[00:55:33 INF] 【直播间】23040372 的第 20 个心跳包发送成功
[00:56:37 INF] 【直播间】23357926 的第 21 个心跳包发送成功
[00:56:38 INF] 【直播间】407149 的第 21 个心跳包发送成功
[00:56:40 INF] 【直播间】23040372 的第 21 个心跳包发送成功
[00:57:44 INF] 【直播间】23357926 的第 22 个心跳包发送成功
[00:57:45 INF] 【直播间】407149 的第 22 个心跳包发送成功
[00:57:46 INF] 【直播间】23040372 的第 22 个心跳包发送成功
[00:58:50 INF] 【直播间】23357926 的第 23 个心跳包发送成功
[00:58:52 INF] 【直播间】407149 的第 23 个心跳包发送成功
[00:58:53 INF] 【直播间】23040372 的第 23 个心跳包发送成功
[00:59:57 INF] 【直播间】23357926 的第 24 个心跳包发送成功
[00:59:58 INF] 【直播间】407149 的第 24 个心跳包发送成功
[00:59:59 INF] 【直播间】23040372 的第 24 个心跳包发送成功
[01:01:03 INF] 【直播间】23357926 的第 25 个心跳包发送成功
[01:01:05 INF] 【直播间】407149 的第 25 个心跳包发送成功
[01:01:06 INF] 【直播间】23040372 的第 25 个心跳包发送成功
[01:02:10 INF] 【直播间】23357926 的第 26 个心跳包发送成功
[01:02:11 INF] 【直播间】407149 的第 26 个心跳包发送成功
[01:02:13 INF] 【直播间】23040372 的第 26 个心跳包发送成功
[01:03:17 INF] 【直播间】23357926 的第 27 个心跳包发送成功
[01:03:18 INF] 【直播间】407149 的第 27 个心跳包发送成功
[01:03:20 INF] 【直播间】23040372 的第 27 个心跳包发送成功
[01:04:24 ERR] 【心跳包】直播间 23357926 发送失败
[01:04:24 ERR] 【原因】time check failed
[01:04:25 ERR] 【心跳包】直播间 407149 发送失败
[01:04:25 ERR] 【原因】time check failed
[01:04:27 ERR] 【心跳包】直播间 23040372 发送失败
[01:04:27 ERR] 【原因】time check failed
[01:05:31 INF] 【直播间】23357926 的第 28 个心跳包发送成功
[01:05:32 INF] 【直播间】407149 的第 28 个心跳包发送成功
[01:05:33 INF] 【直播间】23040372 的第 28 个心跳包发送成功
[01:06:37 INF] 【直播间】23357926 的第 29 个心跳包发送成功
[01:06:38 INF] 【直播间】407149 的第 29 个心跳包发送成功
[01:06:40 INF] 【直播间】23040372 的第 29 个心跳包发送成功
[01:07:44 INF] 【直播间】23357926 的第 30 个心跳包发送成功
[01:07:45 INF] 【直播间】407149 的第 30 个心跳包发送成功
[01:07:46 INF] 【直播间】23040372 的第 30 个心跳包发送成功
[01:08:51 INF] 【直播间】23357926 的第 31 个心跳包发送成功
[01:08:52 INF] 【直播间】407149 的第 31 个心跳包发送成功
[01:08:53 INF] 【直播间】23040372 的第 31 个心跳包发送成功
[01:09:57 INF] 【直播间】23357926 的第 32 个心跳包发送成功
[01:09:58 INF] 【直播间】407149 的第 32 个心跳包发送成功
[01:10:00 INF] 【直播间】23040372 的第 32 个心跳包发送成功
[01:11:04 INF] 【直播间】23357926 的第 33 个心跳包发送成功
[01:11:05 INF] 【直播间】407149 的第 33 个心跳包发送成功
[01:11:06 INF] 【直播间】23040372 的第 33 个心跳包发送成功
[01:12:10 INF] 【直播间】23357926 的第 34 个心跳包发送成功
[01:12:12 INF] 【直播间】407149 的第 34 个心跳包发送成功
[01:12:13 INF] 【直播间】23040372 的第 34 个心跳包发送成功
[01:13:17 INF] 【直播间】23357926 的第 35 个心跳包发送成功
[01:13:19 INF] 【直播间】407149 的第 35 个心跳包发送成功
[01:13:20 INF] 【直播间】23040372 的第 35 个心跳包发送成功
[01:14:24 INF] 【直播间】23357926 的第 36 个心跳包发送成功
[01:14:25 INF] 【直播间】407149 的第 36 个心跳包发送成功
[01:14:27 INF] 【直播间】23040372 的第 36 个心跳包发送成功
[01:15:31 INF] 【直播间】23357926 的第 37 个心跳包发送成功
[01:15:32 INF] 【直播间】407149 的第 37 个心跳包发送成功
[01:15:33 INF] 【直播间】23040372 的第 37 个心跳包发送成功
[01:16:37 INF] 【直播间】23357926 的第 38 个心跳包发送成功
[01:16:38 INF] 【直播间】407149 的第 38 个心跳包发送成功
[01:16:40 INF] 【直播间】23040372 的第 38 个心跳包发送成功
[01:17:44 INF] 【直播间】23357926 的第 39 个心跳包发送成功
[01:17:45 INF] 【直播间】407149 的第 39 个心跳包发送成功
[01:17:47 INF] 【直播间】23040372 的第 39 个心跳包发送成功
[01:18:51 INF] 【直播间】23357926 的第 40 个心跳包发送成功
[01:18:52 INF] 【直播间】407149 的第 40 个心跳包发送成功
[01:18:53 INF] 【直播间】23040372 的第 40 个心跳包发送成功
[01:19:58 ERR] 【心跳包】直播间 23357926 发送失败
[01:19:58 ERR] 【原因】time check failed
[01:19:59 ERR] 【心跳包】直播间 407149 发送失败
[01:19:59 ERR] 【原因】time check failed
[01:20:00 ERR] 【心跳包】直播间 23040372 发送失败
[01:20:00 ERR] 【原因】time check failed
[01:21:04 INF] 【直播间】23357926 的第 41 个心跳包发送成功
[01:21:06 INF] 【直播间】407149 的第 41 个心跳包发送成功
[01:21:07 INF] 【直播间】23040372 的第 41 个心跳包发送成功
[01:22:11 INF] 【直播间】23357926 的第 42 个心跳包发送成功
[01:22:13 INF] 【直播间】407149 的第 42 个心跳包发送成功
[01:22:14 INF] 【直播间】23040372 的第 42 个心跳包发送成功
[01:23:18 INF] 【直播间】23357926 的第 43 个心跳包发送成功
[01:23:20 INF] 【直播间】407149 的第 43 个心跳包发送成功
[01:23:21 INF] 【直播间】23040372 的第 43 个心跳包发送成功
[01:24:25 INF] 【直播间】23357926 的第 44 个心跳包发送成功
[01:24:26 INF] 【直播间】407149 的第 44 个心跳包发送成功
[01:24:28 INF] 【直播间】23040372 的第 44 个心跳包发送成功
[01:25:32 INF] 【直播间】23357926 的第 45 个心跳包发送成功
[01:25:33 INF] 【直播间】407149 的第 45 个心跳包发送成功
[01:25:34 INF] 【直播间】23040372 的第 45 个心跳包发送成功
[01:26:39 INF] 【直播间】23357926 的第 46 个心跳包发送成功
[01:26:40 INF] 【直播间】407149 的第 46 个心跳包发送成功
[01:26:41 INF] 【直播间】23040372 的第 46 个心跳包发送成功
[01:27:45 INF] 【直播间】23357926 的第 47 个心跳包发送成功
[01:27:47 INF] 【直播间】407149 的第 47 个心跳包发送成功
[01:27:48 INF] 【直播间】23040372 的第 47 个心跳包发送成功
[01:28:52 INF] 【直播间】23357926 的第 48 个心跳包发送成功
[01:28:53 INF] 【直播间】407149 的第 48 个心跳包发送成功
[01:28:54 INF] 【直播间】23040372 的第 48 个心跳包发送成功
[01:29:59 INF] 【直播间】23357926 的第 49 个心跳包发送成功
[01:30:00 INF] 【直播间】407149 的第 49 个心跳包发送成功
[01:30:01 INF] 【直播间】23040372 的第 49 个心跳包发送成功
[01:31:05 INF] 【直播间】23357926 的第 50 个心跳包发送成功
[01:31:07 INF] 【直播间】407149 的第 50 个心跳包发送成功
[01:31:08 INF] 【直播间】23040372 的第 50 个心跳包发送成功
[01:32:12 INF] 【直播间】23357926 的第 51 个心跳包发送成功
[01:32:13 INF] 【直播间】407149 的第 51 个心跳包发送成功
[01:32:14 INF] 【直播间】23040372 的第 51 个心跳包发送成功
[01:33:18 INF] 【直播间】23357926 的第 52 个心跳包发送成功
[01:33:20 INF] 【直播间】407149 的第 52 个心跳包发送成功
[01:33:21 INF] 【直播间】23040372 的第 52 个心跳包发送成功
[01:34:25 INF] 【直播间】23357926 的第 53 个心跳包发送成功
[01:34:26 INF] 【直播间】407149 的第 53 个心跳包发送成功
[01:34:28 INF] 【直播间】23040372 的第 53 个心跳包发送成功
[01:35:32 ERR] 【心跳包】直播间 23357926 发送失败
[01:35:32 ERR] 【原因】time check failed
[01:35:33 ERR] 【心跳包】直播间 407149 发送失败
[01:35:33 ERR] 【原因】time check failed
[01:35:35 ERR] 【心跳包】直播间 23040372 发送失败
[01:35:35 ERR] 【原因】time check failed
[01:36:39 INF] 【直播间】23357926 的第 54 个心跳包发送成功
[01:36:40 INF] 【直播间】407149 的第 54 个心跳包发送成功
[01:36:42 INF] 【直播间】23040372 的第 54 个心跳包发送成功
[01:37:46 INF] 【直播间】23357926 的第 55 个心跳包发送成功
[01:37:47 INF] 【直播间】407149 的第 55 个心跳包发送成功
[01:37:49 INF] 【直播间】23040372 的第 55 个心跳包发送成功
[01:38:53 INF] 【直播间】23357926 的第 56 个心跳包发送成功
[01:38:54 INF] 【直播间】407149 的第 56 个心跳包发送成功
[01:38:55 INF] 【直播间】23040372 的第 56 个心跳包发送成功
[01:39:59 INF] 【直播间】23357926 的第 57 个心跳包发送成功
[01:40:01 INF] 【直播间】407149 的第 57 个心跳包发送成功
[01:40:02 INF] 【直播间】23040372 的第 57 个心跳包发送成功
[01:41:06 INF] 【直播间】23357926 的第 58 个心跳包发送成功
[01:41:07 INF] 【直播间】407149 的第 58 个心跳包发送成功
[01:41:08 INF] 【直播间】23040372 的第 58 个心跳包发送成功
[01:42:13 INF] 【直播间】23357926 的第 59 个心跳包发送成功
[01:42:14 INF] 【直播间】407149 的第 59 个心跳包发送成功
[01:42:15 INF] 【直播间】23040372 的第 59 个心跳包发送成功
[01:43:19 INF] 【直播间】23357926 的第 60 个心跳包发送成功
[01:43:21 INF] 【直播间】407149 的第 60 个心跳包发送成功
[01:43:22 INF] 【直播间】23040372 的第 60 个心跳包发送成功
[01:44:26 INF] 【直播间】23357926 的第 61 个心跳包发送成功
[01:44:27 INF] 【直播间】407149 的第 61 个心跳包发送成功
[01:44:29 INF] 【直播间】23040372 的第 61 个心跳包发送成功
[01:45:33 INF] 【直播间】23357926 的第 62 个心跳包发送成功
[01:45:34 INF] 【直播间】407149 的第 62 个心跳包发送成功
[01:45:35 INF] 【直播间】23040372 的第 62 个心跳包发送成功
[01:46:39 INF] 【直播间】23357926 的第 63 个心跳包发送成功
[01:46:41 INF] 【直播间】407149 的第 63 个心跳包发送成功
[01:46:42 INF] 【直播间】23040372 的第 63 个心跳包发送成功
[01:47:46 INF] 【直播间】23357926 的第 64 个心跳包发送成功
[01:47:47 INF] 【直播间】407149 的第 64 个心跳包发送成功
[01:47:49 INF] 【直播间】23040372 的第 64 个心跳包发送成功
[01:48:53 INF] 【直播间】23357926 的第 65 个心跳包发送成功
[01:48:54 INF] 【直播间】407149 的第 65 个心跳包发送成功
[01:48:56 INF] 【直播间】23040372 的第 65 个心跳包发送成功
[01:49:59 INF] 【直播间】23357926 的第 66 个心跳包发送成功
[01:50:01 INF] 【直播间】407149 的第 66 个心跳包发送成功
[01:50:02 INF] 【直播间】23040372 的第 66 个心跳包发送成功
[01:51:06 ERR] 【心跳包】直播间 23357926 发送失败
[01:51:06 ERR] 【原因】time check failed
[01:51:07 ERR] 【心跳包】直播间 407149 发送失败
[01:51:07 ERR] 【原因】time check failed
[01:51:09 ERR] 【心跳包】直播间 23040372 发送失败
[01:51:09 ERR] 【原因】time check failed
[01:52:13 INF] 【直播间】23357926 的第 67 个心跳包发送成功
[01:52:14 INF] 【直播间】407149 的第 67 个心跳包发送成功
[01:52:15 INF] 【直播间】23040372 的第 67 个心跳包发送成功
[01:53:20 INF] 【直播间】23357926 的第 68 个心跳包发送成功
[01:53:21 INF] 【直播间】407149 的第 68 个心跳包发送成功
[01:53:22 INF] 【直播间】23040372 的第 68 个心跳包发送成功
[01:54:26 INF] 【直播间】23357926 的第 69 个心跳包发送成功
[01:54:27 INF] 【直播间】407149 的第 69 个心跳包发送成功
[01:54:29 INF] 【直播间】23040372 的第 69 个心跳包发送成功
[01:55:33 INF] 【直播间】23357926 的第 70 个心跳包发送成功
[01:55:34 INF] 【直播间】407149 的第 70 个心跳包发送成功
[01:55:35 INF] 【直播间】23040372 的第 70 个心跳包发送成功
[01:55:35 INF] 【直播观看时长】完成情况：3/3 
[01:55:35 INF] ---------结束---------

[01:55:35 INF] ==========结束==========

[01:55:35 INF] ######### 账号 2 #########

[01:55:35 INF] =====开始 直播间互动 =====

[01:55:35 INF] ---开始 发送弹幕 ---
[01:55:35 INF] 检测到直播 Cookie 未正确配置，尝试自动配置中...
[01:55:43 INF] 直播 Cookie 配置成功！
[01:55:43 INF] 【获取直播列表】获取拥有粉丝牌的直播列表
[01:55:46 INF] 【主播】Mark陌枫 
[01:56:04 INF] 【主播】苏打baka 
[01:56:18 INF] 【主播】特别中二的q3君 
[01:56:36 INF] 【主播】陈抱一 
[01:56:50 INF] 【主播】KL_qiqi_ 
[01:57:02 INF] 【主播】贪玩的小毅 
[01:57:22 INF] 【直播间】Mark陌枫
[01:57:22 INF] 【粉丝牌】馬楓
[01:57:22 INF] 正在发送弹幕...
[01:57:26 INF] 【直播间】苏打baka
[01:57:26 INF] 【粉丝牌】碳酸钠
[01:57:26 INF] 正在发送弹幕...
[01:57:31 INF] 【直播间】特别中二的q3君
[01:57:31 INF] 【粉丝牌】q3GG
[01:57:31 INF] 正在发送弹幕...
[01:57:35 INF] 【直播间】陈抱一
[01:57:35 INF] 【粉丝牌】陈抱一
[01:57:35 INF] 正在发送弹幕...
[01:57:38 INF] 【弹幕发送】成功~，你和主播 Mark陌枫 的亲密值增加了100！
[01:57:38 INF] 【直播间】KL_qiqi_
[01:57:38 INF] 【粉丝牌】qiqisb
[01:57:38 INF] 正在发送弹幕...
[01:57:45 INF] 【弹幕发送】成功~，你和主播 特别中二的q3君 的亲密值增加了100！
[01:57:45 INF] 【直播间】贪玩的小毅
[01:57:45 INF] 【粉丝牌】大大毅
[01:57:45 INF] 正在发送弹幕...
[01:57:45 INF] 【弹幕发送】成功~，你和主播 苏打baka 的亲密值增加了100！
[01:57:48 INF] -------结束-------

[01:57:48 INF] ---开始 点赞直播间 ---
[01:57:48 INF] 【获取直播列表】获取拥有粉丝牌的直播列表
[01:57:50 INF] 【弹幕发送】成功~，你和主播 陈抱一 的亲密值增加了100！
[01:57:51 INF] 【主播】Mark陌枫 
[01:58:01 INF] 【弹幕发送】成功~，你和主播 KL_qiqi_ 的亲密值增加了100！
[01:58:03 INF] 【弹幕发送】成功~，你和主播 贪玩的小毅 的亲密值增加了100！
[01:58:10 INF] 【主播】苏打baka 
[01:58:31 INF] 【主播】特别中二的q3君 
[01:58:51 INF] 【主播】陈抱一 
[01:59:07 INF] 【主播】KL_qiqi_ 
[01:59:26 INF] 【主播】贪玩的小毅 
[01:59:52 INF] 【点赞直播间】23357926 完成
[01:59:58 INF] 【点赞直播间】23040372 完成
[02:00:05 INF] 【点赞直播间】31494 完成
[02:00:08 INF] 【点赞直播间】4015781 完成
[02:00:14 INF] 【点赞直播间】407149 完成
[02:00:19 INF] --------结束--------

[02:00:19 INF] ---开始 直播时长挂机 ---
[02:00:19 INF] 【获取直播列表】获取拥有粉丝牌的直播列表
[02:00:20 INF] 【点赞直播间】9619073 完成
[02:00:24 INF] 【主播】Mark陌枫 
[02:00:39 INF] 【主播】苏打baka 
[02:00:56 INF] 【主播】特别中二的q3君 
[02:01:16 INF] 【主播】陈抱一 
[02:01:31 INF] 【主播】KL_qiqi_ 
[02:01:48 INF] 【主播】贪玩的小毅 
[02:02:03 INF] 【直播间】23357926 的第 1 个心跳包发送成功
[02:02:04 INF] 【直播间】23040372 的第 1 个心跳包发送成功
[02:02:05 INF] 【直播间】31494 的第 1 个心跳包发送成功
[02:02:06 INF] 【直播间】4015781 的第 1 个心跳包发送成功
[02:02:08 INF] 【直播间】407149 的第 1 个心跳包发送成功
[02:02:09 INF] 【直播间】9619073 的第 1 个心跳包发送成功
[02:03:09 INF] 【直播间】23357926 的第 2 个心跳包发送成功
[02:03:10 INF] 【直播间】23040372 的第 2 个心跳包发送成功
[02:03:12 INF] 【直播间】31494 的第 2 个心跳包发送成功
[02:03:13 INF] 【直播间】4015781 的第 2 个心跳包发送成功
[02:03:14 INF] 【直播间】407149 的第 2 个心跳包发送成功
[02:03:15 INF] 【直播间】9619073 的第 2 个心跳包发送成功
[02:04:16 INF] 【直播间】23357926 的第 3 个心跳包发送成功
[02:04:17 INF] 【直播间】23040372 的第 3 个心跳包发送成功
[02:04:19 INF] 【直播间】31494 的第 3 个心跳包发送成功
[02:04:20 INF] 【直播间】4015781 的第 3 个心跳包发送成功
[02:04:21 INF] 【直播间】407149 的第 3 个心跳包发送成功
[02:04:22 INF] 【直播间】9619073 的第 3 个心跳包发送成功
[02:05:23 INF] 【直播间】23357926 的第 4 个心跳包发送成功
[02:05:24 INF] 【直播间】23040372 的第 4 个心跳包发送成功
[02:05:25 INF] 【直播间】31494 的第 4 个心跳包发送成功
[02:05:27 INF] 【直播间】4015781 的第 4 个心跳包发送成功
[02:05:28 INF] 【直播间】407149 的第 4 个心跳包发送成功
[02:05:29 INF] 【直播间】9619073 的第 4 个心跳包发送成功
[02:06:29 INF] 【直播间】23357926 的第 5 个心跳包发送成功
[02:06:30 INF] 【直播间】23040372 的第 5 个心跳包发送成功
[02:06:32 INF] 【直播间】31494 的第 5 个心跳包发送成功
[02:06:33 INF] 【直播间】4015781 的第 5 个心跳包发送成功
[02:06:34 INF] 【直播间】407149 的第 5 个心跳包发送成功
[02:06:35 INF] 【直播间】9619073 的第 5 个心跳包发送成功
[02:07:36 INF] 【直播间】23357926 的第 6 个心跳包发送成功
[02:07:37 INF] 【直播间】23040372 的第 6 个心跳包发送成功
[02:07:39 INF] 【直播间】31494 的第 6 个心跳包发送成功
[02:07:40 INF] 【直播间】4015781 的第 6 个心跳包发送成功
[02:07:41 INF] 【直播间】407149 的第 6 个心跳包发送成功
[02:07:42 INF] 【直播间】9619073 的第 6 个心跳包发送成功
[02:08:42 INF] 【直播间】23357926 的第 7 个心跳包发送成功
[02:08:44 INF] 【直播间】23040372 的第 7 个心跳包发送成功
[02:08:45 INF] 【直播间】31494 的第 7 个心跳包发送成功
[02:08:46 INF] 【直播间】4015781 的第 7 个心跳包发送成功
[02:08:47 INF] 【直播间】407149 的第 7 个心跳包发送成功
[02:08:49 INF] 【直播间】9619073 的第 7 个心跳包发送成功
[02:09:49 INF] 【直播间】23357926 的第 8 个心跳包发送成功
[02:09:50 INF] 【直播间】23040372 的第 8 个心跳包发送成功
[02:09:52 INF] 【直播间】31494 的第 8 个心跳包发送成功
[02:09:53 INF] 【直播间】4015781 的第 8 个心跳包发送成功
[02:09:54 INF] 【直播间】407149 的第 8 个心跳包发送成功
[02:09:55 INF] 【直播间】9619073 的第 8 个心跳包发送成功
[02:10:56 INF] 【直播间】23357926 的第 9 个心跳包发送成功
[02:10:57 INF] 【直播间】23040372 的第 9 个心跳包发送成功
[02:10:58 INF] 【直播间】31494 的第 9 个心跳包发送成功
[02:10:59 INF] 【直播间】4015781 的第 9 个心跳包发送成功
[02:11:00 INF] 【直播间】407149 的第 9 个心跳包发送成功
[02:11:02 INF] 【直播间】9619073 的第 9 个心跳包发送成功
[02:12:02 INF] 【直播间】23357926 的第 10 个心跳包发送成功
[02:12:03 INF] 【直播间】23040372 的第 10 个心跳包发送成功
[02:12:05 INF] 【直播间】31494 的第 10 个心跳包发送成功
[02:12:06 INF] 【直播间】4015781 的第 10 个心跳包发送成功
[02:12:07 INF] 【直播间】407149 的第 10 个心跳包发送成功
[02:12:08 INF] 【直播间】9619073 的第 10 个心跳包发送成功
[02:13:09 INF] 【直播间】23357926 的第 11 个心跳包发送成功
[02:13:10 INF] 【直播间】23040372 的第 11 个心跳包发送成功
[02:13:12 INF] 【直播间】31494 的第 11 个心跳包发送成功
[02:13:13 INF] 【直播间】4015781 的第 11 个心跳包发送成功
[02:13:14 INF] 【直播间】407149 的第 11 个心跳包发送成功
[02:13:15 INF] 【直播间】9619073 的第 11 个心跳包发送成功
[02:14:15 INF] 【直播间】23357926 的第 12 个心跳包发送成功
[02:14:17 INF] 【直播间】23040372 的第 12 个心跳包发送成功
[02:14:18 INF] 【直播间】31494 的第 12 个心跳包发送成功
[02:14:19 INF] 【直播间】4015781 的第 12 个心跳包发送成功
[02:14:20 INF] 【直播间】407149 的第 12 个心跳包发送成功
[02:14:22 INF] 【直播间】9619073 的第 12 个心跳包发送成功
[02:15:22 INF] 【直播间】23357926 的第 13 个心跳包发送成功
[02:15:23 INF] 【直播间】23040372 的第 13 个心跳包发送成功
[02:15:25 INF] 【直播间】31494 的第 13 个心跳包发送成功
[02:15:26 INF] 【直播间】4015781 的第 13 个心跳包发送成功
[02:15:27 INF] 【直播间】407149 的第 13 个心跳包发送成功
[02:15:29 INF] 【直播间】9619073 的第 13 个心跳包发送成功
[02:16:29 INF] 【直播间】23357926 的第 14 个心跳包发送成功
[02:16:30 INF] 【直播间】23040372 的第 14 个心跳包发送成功
[02:16:31 INF] 【直播间】31494 的第 14 个心跳包发送成功
[02:16:33 INF] 【直播间】4015781 的第 14 个心跳包发送成功
[02:16:34 INF] 【直播间】407149 的第 14 个心跳包发送成功
[02:16:35 INF] 【直播间】9619073 的第 14 个心跳包发送成功
[02:17:35 ERR] 【心跳包】直播间 23357926 发送失败
[02:17:35 ERR] 【原因】time check failed
[02:17:37 ERR] 【心跳包】直播间 23040372 发送失败
[02:17:37 ERR] 【原因】time check failed
[02:17:38 ERR] 【心跳包】直播间 31494 发送失败
[02:17:38 ERR] 【原因】time check failed
[02:17:39 ERR] 【心跳包】直播间 4015781 发送失败
[02:17:39 ERR] 【原因】time check failed
[02:17:40 ERR] 【心跳包】直播间 407149 发送失败
[02:17:40 ERR] 【原因】time check failed
[02:17:42 ERR] 【心跳包】直播间 9619073 发送失败
[02:17:42 ERR] 【原因】time check failed
[02:18:42 INF] 【直播间】23357926 的第 15 个心跳包发送成功
[02:18:43 INF] 【直播间】23040372 的第 15 个心跳包发送成功
[02:18:45 INF] 【直播间】31494 的第 15 个心跳包发送成功
[02:18:46 INF] 【直播间】4015781 的第 15 个心跳包发送成功
[02:18:47 INF] 【直播间】407149 的第 15 个心跳包发送成功
[02:18:48 INF] 【直播间】9619073 的第 15 个心跳包发送成功
[02:19:49 INF] 【直播间】23357926 的第 16 个心跳包发送成功
[02:19:50 INF] 【直播间】23040372 的第 16 个心跳包发送成功
[02:19:51 INF] 【直播间】31494 的第 16 个心跳包发送成功
[02:19:52 INF] 【直播间】4015781 的第 16 个心跳包发送成功
[02:19:54 INF] 【直播间】407149 的第 16 个心跳包发送成功
[02:19:55 INF] 【直播间】9619073 的第 16 个心跳包发送成功
[02:20:56 INF] 【直播间】23357926 的第 17 个心跳包发送成功
[02:20:57 INF] 【直播间】23040372 的第 17 个心跳包发送成功
[02:20:58 INF] 【直播间】31494 的第 17 个心跳包发送成功
[02:21:00 INF] 【直播间】4015781 的第 17 个心跳包发送成功
[02:21:01 INF] 【直播间】407149 的第 17 个心跳包发送成功
[02:21:02 INF] 【直播间】9619073 的第 17 个心跳包发送成功
[02:22:02 INF] 【直播间】23357926 的第 18 个心跳包发送成功
[02:22:03 INF] 【直播间】23040372 的第 18 个心跳包发送成功
[02:22:05 INF] 【直播间】31494 的第 18 个心跳包发送成功
[02:22:06 INF] 【直播间】4015781 的第 18 个心跳包发送成功
[02:22:07 INF] 【直播间】407149 的第 18 个心跳包发送成功
[02:22:08 INF] 【直播间】9619073 的第 18 个心跳包发送成功
[02:23:09 INF] 【直播间】23357926 的第 19 个心跳包发送成功
[02:23:10 INF] 【直播间】23040372 的第 19 个心跳包发送成功
[02:23:11 INF] 【直播间】31494 的第 19 个心跳包发送成功
[02:23:13 INF] 【直播间】4015781 的第 19 个心跳包发送成功
[02:23:14 INF] 【直播间】407149 的第 19 个心跳包发送成功
[02:23:15 INF] 【直播间】9619073 的第 19 个心跳包发送成功
[02:24:15 INF] 【直播间】23357926 的第 20 个心跳包发送成功
[02:24:17 INF] 【直播间】23040372 的第 20 个心跳包发送成功
[02:24:18 INF] 【直播间】31494 的第 20 个心跳包发送成功
[02:24:19 INF] 【直播间】4015781 的第 20 个心跳包发送成功
[02:24:20 INF] 【直播间】407149 的第 20 个心跳包发送成功
[02:24:22 INF] 【直播间】9619073 的第 20 个心跳包发送成功
[02:25:22 INF] 【直播间】23357926 的第 21 个心跳包发送成功
[02:25:23 INF] 【直播间】23040372 的第 21 个心跳包发送成功
[02:25:24 INF] 【直播间】31494 的第 21 个心跳包发送成功
[02:25:26 INF] 【直播间】4015781 的第 21 个心跳包发送成功
[02:25:27 INF] 【直播间】407149 的第 21 个心跳包发送成功
[02:25:28 INF] 【直播间】9619073 的第 21 个心跳包发送成功
[02:26:29 INF] 【直播间】23357926 的第 22 个心跳包发送成功
[02:26:30 INF] 【直播间】23040372 的第 22 个心跳包发送成功
[02:26:31 INF] 【直播间】31494 的第 22 个心跳包发送成功
[02:26:32 INF] 【直播间】4015781 的第 22 个心跳包发送成功
[02:26:34 INF] 【直播间】407149 的第 22 个心跳包发送成功
[02:26:35 INF] 【直播间】9619073 的第 22 个心跳包发送成功
[02:27:36 INF] 【直播间】23357926 的第 23 个心跳包发送成功
[02:27:37 INF] 【直播间】23040372 的第 23 个心跳包发送成功
[02:27:38 INF] 【直播间】31494 的第 23 个心跳包发送成功
[02:27:39 INF] 【直播间】4015781 的第 23 个心跳包发送成功
[02:27:41 INF] 【直播间】407149 的第 23 个心跳包发送成功
[02:27:42 INF] 【直播间】9619073 的第 23 个心跳包发送成功
[02:28:42 INF] 【直播间】23357926 的第 24 个心跳包发送成功
[02:28:43 INF] 【直播间】23040372 的第 24 个心跳包发送成功
[02:28:45 INF] 【直播间】31494 的第 24 个心跳包发送成功
[02:28:46 INF] 【直播间】4015781 的第 24 个心跳包发送成功
[02:28:47 INF] 【直播间】407149 的第 24 个心跳包发送成功
[02:28:48 INF] 【直播间】9619073 的第 24 个心跳包发送成功
[02:29:49 INF] 【直播间】23357926 的第 25 个心跳包发送成功
[02:29:50 INF] 【直播间】23040372 的第 25 个心跳包发送成功
[02:29:51 INF] 【直播间】31494 的第 25 个心跳包发送成功
[02:29:53 INF] 【直播间】4015781 的第 25 个心跳包发送成功
[02:29:54 INF] 【直播间】407149 的第 25 个心跳包发送成功
[02:29:55 INF] 【直播间】9619073 的第 25 个心跳包发送成功
[02:30:55 INF] 【直播间】23357926 的第 26 个心跳包发送成功
[02:30:57 INF] 【直播间】23040372 的第 26 个心跳包发送成功
[02:30:58 INF] 【直播间】31494 的第 26 个心跳包发送成功
[02:30:59 INF] 【直播间】4015781 的第 26 个心跳包发送成功
[02:31:01 INF] 【直播间】407149 的第 26 个心跳包发送成功
[02:31:02 INF] 【直播间】9619073 的第 26 个心跳包发送成功
[02:32:02 INF] 【直播间】23357926 的第 27 个心跳包发送成功
[02:32:03 INF] 【直播间】23040372 的第 27 个心跳包发送成功
[02:32:05 INF] 【直播间】31494 的第 27 个心跳包发送成功
[02:32:06 INF] 【直播间】4015781 的第 27 个心跳包发送成功
[02:32:07 INF] 【直播间】407149 的第 27 个心跳包发送成功
[02:32:09 INF] 【直播间】9619073 的第 27 个心跳包发送成功
[02:33:09 ERR] 【心跳包】直播间 23357926 发送失败
[02:33:09 ERR] 【原因】time check failed
[02:33:10 ERR] 【心跳包】直播间 23040372 发送失败
[02:33:10 ERR] 【原因】time check failed
[02:33:12 ERR] 【心跳包】直播间 31494 发送失败
[02:33:12 ERR] 【原因】time check failed
[02:33:13 ERR] 【心跳包】直播间 4015781 发送失败
[02:33:13 ERR] 【原因】time check failed
[02:33:14 ERR] 【心跳包】直播间 407149 发送失败
[02:33:14 ERR] 【原因】time check failed
[02:33:15 ERR] 【心跳包】直播间 9619073 发送失败
[02:33:15 ERR] 【原因】time check failed
[02:34:16 INF] 【直播间】23357926 的第 28 个心跳包发送成功
[02:34:17 INF] 【直播间】23040372 的第 28 个心跳包发送成功
[02:34:18 INF] 【直播间】31494 的第 28 个心跳包发送成功
[02:34:20 INF] 【直播间】4015781 的第 28 个心跳包发送成功
[02:34:21 INF] 【直播间】407149 的第 28 个心跳包发送成功
[02:34:22 INF] 【直播间】9619073 的第 28 个心跳包发送成功
[02:35:23 INF] 【直播间】23357926 的第 29 个心跳包发送成功
[02:35:24 INF] 【直播间】23040372 的第 29 个心跳包发送成功
[02:35:25 INF] 【直播间】31494 的第 29 个心跳包发送成功
[02:35:26 INF] 【直播间】4015781 的第 29 个心跳包发送成功
[02:35:28 INF] 【直播间】407149 的第 29 个心跳包发送成功
[02:35:29 INF] 【直播间】9619073 的第 29 个心跳包发送成功
[02:36:29 INF] 【直播间】23357926 的第 30 个心跳包发送成功
[02:36:30 INF] 【直播间】23040372 的第 30 个心跳包发送成功
[02:36:32 INF] 【直播间】31494 的第 30 个心跳包发送成功
[02:36:33 INF] 【直播间】4015781 的第 30 个心跳包发送成功
[02:36:34 INF] 【直播间】407149 的第 30 个心跳包发送成功
[02:36:35 INF] 【直播间】9619073 的第 30 个心跳包发送成功
[02:37:36 INF] 【直播间】23357926 的第 31 个心跳包发送成功
[02:37:37 INF] 【直播间】23040372 的第 31 个心跳包发送成功
[02:37:38 INF] 【直播间】31494 的第 31 个心跳包发送成功
[02:37:40 INF] 【直播间】4015781 的第 31 个心跳包发送成功
[02:37:41 INF] 【直播间】407149 的第 31 个心跳包发送成功
[02:37:42 INF] 【直播间】9619073 的第 31 个心跳包发送成功
[02:38:42 INF] 【直播间】23357926 的第 32 个心跳包发送成功
[02:38:44 INF] 【直播间】23040372 的第 32 个心跳包发送成功
[02:38:45 INF] 【直播间】31494 的第 32 个心跳包发送成功
[02:38:46 INF] 【直播间】4015781 的第 32 个心跳包发送成功
[02:38:47 INF] 【直播间】407149 的第 32 个心跳包发送成功
[02:38:49 INF] 【直播间】9619073 的第 32 个心跳包发送成功
[02:39:49 INF] 【直播间】23357926 的第 33 个心跳包发送成功
[02:39:50 INF] 【直播间】23040372 的第 33 个心跳包发送成功
[02:39:52 INF] 【直播间】31494 的第 33 个心跳包发送成功
[02:39:53 INF] 【直播间】4015781 的第 33 个心跳包发送成功
[02:39:54 INF] 【直播间】407149 的第 33 个心跳包发送成功
[02:39:56 INF] 【直播间】9619073 的第 33 个心跳包发送成功
[02:40:56 INF] 【直播间】23357926 的第 34 个心跳包发送成功
[02:40:57 INF] 【直播间】23040372 的第 34 个心跳包发送成功
[02:40:58 INF] 【直播间】31494 的第 34 个心跳包发送成功
[02:40:59 INF] 【直播间】4015781 的第 34 个心跳包发送成功
[02:41:01 INF] 【直播间】407149 的第 34 个心跳包发送成功
[02:41:02 INF] 【直播间】9619073 的第 34 个心跳包发送成功
[02:42:02 INF] 【直播间】23357926 的第 35 个心跳包发送成功
[02:42:04 INF] 【直播间】23040372 的第 35 个心跳包发送成功
[02:42:05 INF] 【直播间】31494 的第 35 个心跳包发送成功
[02:42:06 INF] 【直播间】4015781 的第 35 个心跳包发送成功
[02:42:07 INF] 【直播间】407149 的第 35 个心跳包发送成功
[02:42:09 INF] 【直播间】9619073 的第 35 个心跳包发送成功
[02:43:09 INF] 【直播间】23357926 的第 36 个心跳包发送成功
[02:43:10 INF] 【直播间】23040372 的第 36 个心跳包发送成功
[02:43:11 INF] 【直播间】31494 的第 36 个心跳包发送成功
[02:43:13 INF] 【直播间】4015781 的第 36 个心跳包发送成功
[02:43:14 INF] 【直播间】407149 的第 36 个心跳包发送成功
[02:43:15 INF] 【直播间】9619073 的第 36 个心跳包发送成功
[02:44:15 INF] 【直播间】23357926 的第 37 个心跳包发送成功
[02:44:17 INF] 【直播间】23040372 的第 37 个心跳包发送成功
[02:44:18 INF] 【直播间】31494 的第 37 个心跳包发送成功
[02:44:19 INF] 【直播间】4015781 的第 37 个心跳包发送成功
[02:44:20 INF] 【直播间】407149 的第 37 个心跳包发送成功
[02:44:22 INF] 【直播间】9619073 的第 37 个心跳包发送成功
[02:45:22 INF] 【直播间】23357926 的第 38 个心跳包发送成功
[02:45:23 INF] 【直播间】23040372 的第 38 个心跳包发送成功
[02:45:25 INF] 【直播间】31494 的第 38 个心跳包发送成功
[02:45:26 INF] 【直播间】4015781 的第 38 个心跳包发送成功
[02:45:27 INF] 【直播间】407149 的第 38 个心跳包发送成功
[02:45:28 INF] 【直播间】9619073 的第 38 个心跳包发送成功
[02:46:29 INF] 【直播间】23357926 的第 39 个心跳包发送成功
[02:46:30 INF] 【直播间】23040372 的第 39 个心跳包发送成功
[02:46:31 INF] 【直播间】31494 的第 39 个心跳包发送成功
[02:46:32 INF] 【直播间】4015781 的第 39 个心跳包发送成功
[02:46:34 INF] 【直播间】407149 的第 39 个心跳包发送成功
[02:46:35 INF] 【直播间】9619073 的第 39 个心跳包发送成功
[02:47:35 INF] 【直播间】23357926 的第 40 个心跳包发送成功
[02:47:37 INF] 【直播间】23040372 的第 40 个心跳包发送成功
[02:47:38 INF] 【直播间】31494 的第 40 个心跳包发送成功
[02:47:39 INF] 【直播间】4015781 的第 40 个心跳包发送成功
[02:47:40 INF] 【直播间】407149 的第 40 个心跳包发送成功
[02:47:42 INF] 【直播间】9619073 的第 40 个心跳包发送成功
[02:48:42 ERR] 【心跳包】直播间 23357926 发送失败
[02:48:42 ERR] 【原因】time check failed
[02:48:44 ERR] 【心跳包】直播间 23040372 发送失败
[02:48:44 ERR] 【原因】time check failed
[02:48:45 ERR] 【心跳包】直播间 31494 发送失败
[02:48:45 ERR] 【原因】time check failed
[02:48:46 ERR] 【心跳包】直播间 4015781 发送失败
[02:48:46 ERR] 【原因】time check failed
[02:48:47 ERR] 【心跳包】直播间 407149 发送失败
[02:48:47 ERR] 【原因】time check failed
[02:48:48 ERR] 【心跳包】直播间 9619073 发送失败
[02:48:48 ERR] 【原因】time check failed
[02:49:49 INF] 【直播间】23357926 的第 41 个心跳包发送成功
[02:49:50 INF] 【直播间】23040372 的第 41 个心跳包发送成功
[02:49:51 INF] 【直播间】31494 的第 41 个心跳包发送成功
[02:49:52 INF] 【直播间】4015781 的第 41 个心跳包发送成功
[02:49:54 INF] 【直播间】407149 的第 41 个心跳包发送成功
[02:49:55 INF] 【直播间】9619073 的第 41 个心跳包发送成功
[02:50:55 INF] 【直播间】23357926 的第 42 个心跳包发送成功
[02:50:57 INF] 【直播间】23040372 的第 42 个心跳包发送成功
[02:50:58 INF] 【直播间】31494 的第 42 个心跳包发送成功
[02:50:59 INF] 【直播间】4015781 的第 42 个心跳包发送成功
[02:51:00 INF] 【直播间】407149 的第 42 个心跳包发送成功
[02:51:02 INF] 【直播间】9619073 的第 42 个心跳包发送成功
[02:52:02 INF] 【直播间】23357926 的第 43 个心跳包发送成功
[02:52:03 INF] 【直播间】23040372 的第 43 个心跳包发送成功
[02:52:05 INF] 【直播间】31494 的第 43 个心跳包发送成功
[02:52:06 INF] 【直播间】4015781 的第 43 个心跳包发送成功
[02:52:07 INF] 【直播间】407149 的第 43 个心跳包发送成功
[02:52:08 INF] 【直播间】9619073 的第 43 个心跳包发送成功
[02:53:09 INF] 【直播间】23357926 的第 44 个心跳包发送成功
[02:53:10 INF] 【直播间】23040372 的第 44 个心跳包发送成功
[02:53:11 INF] 【直播间】31494 的第 44 个心跳包发送成功
[02:53:13 INF] 【直播间】4015781 的第 44 个心跳包发送成功
[02:53:14 INF] 【直播间】407149 的第 44 个心跳包发送成功
[02:53:15 INF] 【直播间】9619073 的第 44 个心跳包发送成功
[02:54:16 INF] 【直播间】23357926 的第 45 个心跳包发送成功
[02:54:17 INF] 【直播间】23040372 的第 45 个心跳包发送成功
[02:54:18 INF] 【直播间】31494 的第 45 个心跳包发送成功
[02:54:19 INF] 【直播间】4015781 的第 45 个心跳包发送成功
[02:54:21 INF] 【直播间】407149 的第 45 个心跳包发送成功
[02:54:22 INF] 【直播间】9619073 的第 45 个心跳包发送成功
[02:55:22 INF] 【直播间】23357926 的第 46 个心跳包发送成功
[02:55:24 INF] 【直播间】23040372 的第 46 个心跳包发送成功
[02:55:25 INF] 【直播间】31494 的第 46 个心跳包发送成功
[02:55:26 INF] 【直播间】4015781 的第 46 个心跳包发送成功
[02:55:27 INF] 【直播间】407149 的第 46 个心跳包发送成功
[02:55:29 INF] 【直播间】9619073 的第 46 个心跳包发送成功
[02:56:29 INF] 【直播间】23357926 的第 47 个心跳包发送成功
[02:56:30 INF] 【直播间】23040372 的第 47 个心跳包发送成功
[02:56:32 INF] 【直播间】31494 的第 47 个心跳包发送成功
[02:56:33 INF] 【直播间】4015781 的第 47 个心跳包发送成功
[02:56:34 INF] 【直播间】407149 的第 47 个心跳包发送成功
[02:56:35 INF] 【直播间】9619073 的第 47 个心跳包发送成功
[02:57:36 INF] 【直播间】23357926 的第 48 个心跳包发送成功
[02:57:37 INF] 【直播间】23040372 的第 48 个心跳包发送成功
[02:57:38 INF] 【直播间】31494 的第 48 个心跳包发送成功
[02:57:39 INF] 【直播间】4015781 的第 48 个心跳包发送成功
[02:57:41 INF] 【直播间】407149 的第 48 个心跳包发送成功
[02:57:42 INF] 【直播间】9619073 的第 48 个心跳包发送成功
[02:58:43 INF] 【直播间】23357926 的第 49 个心跳包发送成功
[02:58:44 INF] 【直播间】23040372 的第 49 个心跳包发送成功
[02:58:45 INF] 【直播间】31494 的第 49 个心跳包发送成功
[02:58:46 INF] 【直播间】4015781 的第 49 个心跳包发送成功
[02:58:48 INF] 【直播间】407149 的第 49 个心跳包发送成功
[02:58:49 INF] 【直播间】9619073 的第 49 个心跳包发送成功
[02:59:49 INF] 【直播间】23357926 的第 50 个心跳包发送成功
[02:59:51 INF] 【直播间】23040372 的第 50 个心跳包发送成功
[02:59:52 INF] 【直播间】31494 的第 50 个心跳包发送成功
[02:59:53 INF] 【直播间】4015781 的第 50 个心跳包发送成功
[02:59:54 INF] 【直播间】407149 的第 50 个心跳包发送成功
[02:59:56 INF] 【直播间】9619073 的第 50 个心跳包发送成功
[03:00:56 INF] 【直播间】23357926 的第 51 个心跳包发送成功
[03:00:57 INF] 【直播间】23040372 的第 51 个心跳包发送成功
[03:00:58 INF] 【直播间】31494 的第 51 个心跳包发送成功
[03:01:00 INF] 【直播间】4015781 的第 51 个心跳包发送成功
[03:01:01 INF] 【直播间】407149 的第 51 个心跳包发送成功
[03:01:02 INF] 【直播间】9619073 的第 51 个心跳包发送成功
[03:02:03 INF] 【直播间】23357926 的第 52 个心跳包发送成功
[03:02:04 INF] 【直播间】23040372 的第 52 个心跳包发送成功
[03:02:05 INF] 【直播间】31494 的第 52 个心跳包发送成功
[03:02:06 INF] 【直播间】4015781 的第 52 个心跳包发送成功
[03:02:08 INF] 【直播间】407149 的第 52 个心跳包发送成功
[03:02:09 INF] 【直播间】9619073 的第 52 个心跳包发送成功
[03:03:09 INF] 【直播间】23357926 的第 53 个心跳包发送成功
[03:03:10 INF] 【直播间】23040372 的第 53 个心跳包发送成功
[03:03:12 INF] 【直播间】31494 的第 53 个心跳包发送成功
[03:03:13 INF] 【直播间】4015781 的第 53 个心跳包发送成功
[03:03:14 INF] 【直播间】407149 的第 53 个心跳包发送成功
[03:03:15 INF] 【直播间】9619073 的第 53 个心跳包发送成功
[03:04:16 ERR] 【心跳包】直播间 23357926 发送失败
[03:04:16 ERR] 【原因】time check failed
[03:04:17 ERR] 【心跳包】直播间 23040372 发送失败
[03:04:17 ERR] 【原因】time check failed
[03:04:18 ERR] 【心跳包】直播间 31494 发送失败
[03:04:18 ERR] 【原因】time check failed
[03:04:20 ERR] 【心跳包】直播间 4015781 发送失败
[03:04:20 ERR] 【原因】time check failed
[03:04:21 ERR] 【心跳包】直播间 407149 发送失败
[03:04:21 ERR] 【原因】time check failed
[03:04:22 ERR] 【心跳包】直播间 9619073 发送失败
[03:04:22 ERR] 【原因】time check failed
[03:05:23 INF] 【直播间】23357926 的第 54 个心跳包发送成功
[03:05:24 INF] 【直播间】23040372 的第 54 个心跳包发送成功
[03:05:25 INF] 【直播间】31494 的第 54 个心跳包发送成功
[03:05:26 INF] 【直播间】4015781 的第 54 个心跳包发送成功
[03:05:28 INF] 【直播间】407149 的第 54 个心跳包发送成功
[03:05:29 INF] 【直播间】9619073 的第 54 个心跳包发送成功
[03:06:29 INF] 【直播间】23357926 的第 55 个心跳包发送成功
[03:06:30 INF] 【直播间】23040372 的第 55 个心跳包发送成功
[03:06:32 INF] 【直播间】31494 的第 55 个心跳包发送成功
[03:06:33 INF] 【直播间】4015781 的第 55 个心跳包发送成功
[03:06:34 INF] 【直播间】407149 的第 55 个心跳包发送成功
[03:06:35 INF] 【直播间】9619073 的第 55 个心跳包发送成功
[03:07:36 INF] 【直播间】23357926 的第 56 个心跳包发送成功
[03:07:37 INF] 【直播间】23040372 的第 56 个心跳包发送成功
[03:07:39 INF] 【直播间】31494 的第 56 个心跳包发送成功
[03:07:40 INF] 【直播间】4015781 的第 56 个心跳包发送成功
[03:07:41 INF] 【直播间】407149 的第 56 个心跳包发送成功
[03:07:43 INF] 【直播间】9619073 的第 56 个心跳包发送成功
[03:08:43 INF] 【直播间】23357926 的第 57 个心跳包发送成功
[03:08:44 INF] 【直播间】23040372 的第 57 个心跳包发送成功
[03:08:45 INF] 【直播间】31494 的第 57 个心跳包发送成功
[03:08:46 INF] 【直播间】4015781 的第 57 个心跳包发送成功
[03:08:48 INF] 【直播间】407149 的第 57 个心跳包发送成功
[03:08:49 INF] 【直播间】9619073 的第 57 个心跳包发送成功
[03:09:49 INF] 【直播间】23357926 的第 58 个心跳包发送成功
[03:09:50 INF] 【直播间】23040372 的第 58 个心跳包发送成功
[03:09:52 INF] 【直播间】31494 的第 58 个心跳包发送成功
[03:09:53 INF] 【直播间】4015781 的第 58 个心跳包发送成功
[03:09:54 INF] 【直播间】407149 的第 58 个心跳包发送成功
[03:09:55 INF] 【直播间】9619073 的第 58 个心跳包发送成功
[03:10:56 INF] 【直播间】23357926 的第 59 个心跳包发送成功
[03:10:57 INF] 【直播间】23040372 的第 59 个心跳包发送成功
[03:10:58 INF] 【直播间】31494 的第 59 个心跳包发送成功
[03:11:00 INF] 【直播间】4015781 的第 59 个心跳包发送成功
[03:11:01 INF] 【直播间】407149 的第 59 个心跳包发送成功
[03:11:02 INF] 【直播间】9619073 的第 59 个心跳包发送成功
[03:12:03 INF] 【直播间】23357926 的第 60 个心跳包发送成功
[03:12:04 INF] 【直播间】23040372 的第 60 个心跳包发送成功
[03:12:05 INF] 【直播间】31494 的第 60 个心跳包发送成功
[03:12:06 INF] 【直播间】4015781 的第 60 个心跳包发送成功
[03:12:08 INF] 【直播间】407149 的第 60 个心跳包发送成功
[03:12:09 INF] 【直播间】9619073 的第 60 个心跳包发送成功
[03:13:09 INF] 【直播间】23357926 的第 61 个心跳包发送成功
[03:13:10 INF] 【直播间】23040372 的第 61 个心跳包发送成功
[03:13:12 INF] 【直播间】31494 的第 61 个心跳包发送成功
[03:13:13 INF] 【直播间】4015781 的第 61 个心跳包发送成功
[03:13:14 INF] 【直播间】407149 的第 61 个心跳包发送成功
[03:13:16 INF] 【直播间】9619073 的第 61 个心跳包发送成功
[03:14:16 INF] 【直播间】23357926 的第 62 个心跳包发送成功
[03:14:17 INF] 【直播间】23040372 的第 62 个心跳包发送成功
[03:14:19 INF] 【直播间】31494 的第 62 个心跳包发送成功
[03:14:20 INF] 【直播间】4015781 的第 62 个心跳包发送成功
[03:14:21 INF] 【直播间】407149 的第 62 个心跳包发送成功
[03:14:23 INF] 【直播间】9619073 的第 62 个心跳包发送成功
[03:15:23 INF] 【直播间】23357926 的第 63 个心跳包发送成功
[03:15:24 INF] 【直播间】23040372 的第 63 个心跳包发送成功
[03:15:25 INF] 【直播间】31494 的第 63 个心跳包发送成功
[03:15:26 INF] 【直播间】4015781 的第 63 个心跳包发送成功
[03:15:28 INF] 【直播间】407149 的第 63 个心跳包发送成功
[03:15:29 INF] 【直播间】9619073 的第 63 个心跳包发送成功
[03:16:30 INF] 【直播间】23357926 的第 64 个心跳包发送成功
[03:16:31 INF] 【直播间】23040372 的第 64 个心跳包发送成功
[03:16:32 INF] 【直播间】31494 的第 64 个心跳包发送成功
[03:16:33 INF] 【直播间】4015781 的第 64 个心跳包发送成功
[03:16:35 INF] 【直播间】407149 的第 64 个心跳包发送成功
[03:16:36 INF] 【直播间】9619073 的第 64 个心跳包发送成功
[03:17:36 INF] 【直播间】23357926 的第 65 个心跳包发送成功
[03:17:37 INF] 【直播间】23040372 的第 65 个心跳包发送成功
[03:17:39 INF] 【直播间】31494 的第 65 个心跳包发送成功
[03:17:40 INF] 【直播间】4015781 的第 65 个心跳包发送成功
[03:17:41 INF] 【直播间】407149 的第 65 个心跳包发送成功
[03:17:43 INF] 【直播间】9619073 的第 65 个心跳包发送成功
[03:18:43 INF] 【直播间】23357926 的第 66 个心跳包发送成功
[03:18:44 INF] 【直播间】23040372 的第 66 个心跳包发送成功
[03:18:45 INF] 【直播间】31494 的第 66 个心跳包发送成功
[03:18:46 INF] 【直播间】4015781 的第 66 个心跳包发送成功
[03:18:48 INF] 【直播间】407149 的第 66 个心跳包发送成功
[03:18:49 INF] 【直播间】9619073 的第 66 个心跳包发送成功
[03:19:49 ERR] 【心跳包】直播间 23357926 发送失败
[03:19:49 ERR] 【原因】time check failed
[03:19:51 ERR] 【心跳包】直播间 23040372 发送失败
[03:19:51 ERR] 【原因】time check failed
[03:19:52 ERR] 【心跳包】直播间 31494 发送失败
[03:19:52 ERR] 【原因】time check failed
[03:19:53 ERR] 【心跳包】直播间 4015781 发送失败
[03:19:53 ERR] 【原因】time check failed
[03:19:54 ERR] 【心跳包】直播间 407149 发送失败
[03:19:54 ERR] 【原因】time check failed
[03:19:56 ERR] 【心跳包】直播间 9619073 发送失败
[03:19:56 ERR] 【原因】time check failed
[03:20:56 INF] 【直播间】23357926 的第 67 个心跳包发送成功
[03:20:57 INF] 【直播间】23040372 的第 67 个心跳包发送成功
[03:20:58 INF] 【直播间】31494 的第 67 个心跳包发送成功
[03:21:00 INF] 【直播间】4015781 的第 67 个心跳包发送成功
[03:21:01 INF] 【直播间】407149 的第 67 个心跳包发送成功
[03:21:02 INF] 【直播间】9619073 的第 67 个心跳包发送成功
[03:22:03 INF] 【直播间】23357926 的第 68 个心跳包发送成功
[03:22:04 INF] 【直播间】23040372 的第 68 个心跳包发送成功
[03:22:05 INF] 【直播间】31494 的第 68 个心跳包发送成功
[03:22:07 INF] 【直播间】4015781 的第 68 个心跳包发送成功
[03:22:08 INF] 【直播间】407149 的第 68 个心跳包发送成功
[03:22:09 INF] 【直播间】9619073 的第 68 个心跳包发送成功
[03:23:09 INF] 【直播间】23357926 的第 69 个心跳包发送成功
[03:23:11 INF] 【直播间】23040372 的第 69 个心跳包发送成功
[03:23:12 INF] 【直播间】31494 的第 69 个心跳包发送成功
[03:23:13 INF] 【直播间】4015781 的第 69 个心跳包发送成功
[03:23:15 INF] 【直播间】407149 的第 69 个心跳包发送成功
[03:23:16 INF] 【直播间】9619073 的第 69 个心跳包发送成功
[03:24:16 INF] 【直播间】23357926 的第 70 个心跳包发送成功
[03:24:17 INF] 【直播间】23040372 的第 70 个心跳包发送成功
[03:24:18 INF] 【直播间】31494 的第 70 个心跳包发送成功
[03:24:20 INF] 【直播间】4015781 的第 70 个心跳包发送成功
[03:24:21 INF] 【直播间】407149 的第 70 个心跳包发送成功
[03:24:22 INF] 【直播间】9619073 的第 70 个心跳包发送成功
[03:24:22 INF] 【直播观看时长】完成情况：6/6 
[03:24:22 INF] ---------结束---------

[03:24:22 INF] ==========结束==========

[03:24:22 INF] ######### 账号 3 #########

[03:24:22 INF] =====开始 直播间互动 =====

[03:24:22 INF] ---开始 发送弹幕 ---
[03:24:22 INF] 检测到直播 Cookie 未正确配置，尝试自动配置中...
[03:24:28 INF] 直播 Cookie 配置成功！
[03:24:28 INF] 【获取直播列表】获取拥有粉丝牌的直播列表
[03:24:33 INF] 【主播】苏打baka 
[03:24:52 INF] 【直播间】苏打baka
[03:24:52 INF] 【粉丝牌】碳酸钠
[03:24:52 INF] 正在发送弹幕...
[03:24:57 INF] -------结束-------

[03:24:57 INF] ---开始 点赞直播间 ---
[03:24:57 INF] 【获取直播列表】获取拥有粉丝牌的直播列表
[03:25:05 INF] 【主播】苏打baka 
[03:25:07 INF] 【弹幕发送】成功~，你和主播 苏打baka 的亲密值增加了100！
[03:25:28 INF] --------结束--------

[03:25:28 INF] ---开始 直播时长挂机 ---
[03:25:28 INF] 【获取直播列表】获取拥有粉丝牌的直播列表
[03:25:29 INF] 【点赞直播间】23040372 完成
[03:25:35 INF] 【主播】苏打baka 
[03:25:51 INF] 【直播间】23040372 的第 1 个心跳包发送成功
[03:26:58 INF] 【直播间】23040372 的第 2 个心跳包发送成功
[03:28:05 INF] 【直播间】23040372 的第 3 个心跳包发送成功
[03:29:11 INF] 【直播间】23040372 的第 4 个心跳包发送成功
[03:30:18 INF] 【直播间】23040372 的第 5 个心跳包发送成功
[03:31:24 INF] 【直播间】23040372 的第 6 个心跳包发送成功
[03:32:31 INF] 【直播间】23040372 的第 7 个心跳包发送成功
[03:33:37 INF] 【直播间】23040372 的第 8 个心跳包发送成功
[03:34:44 INF] 【直播间】23040372 的第 9 个心跳包发送成功
[03:35:51 INF] 【直播间】23040372 的第 10 个心跳包发送成功
[03:36:57 INF] 【直播间】23040372 的第 11 个心跳包发送成功
[03:38:04 INF] 【直播间】23040372 的第 12 个心跳包发送成功
[03:39:11 INF] 【直播间】23040372 的第 13 个心跳包发送成功
[03:40:18 INF] 【直播间】23040372 的第 14 个心跳包发送成功
[03:41:24 ERR] 【心跳包】直播间 23040372 发送失败
[03:41:24 ERR] 【原因】time check failed
[03:42:31 INF] 【直播间】23040372 的第 15 个心跳包发送成功
[03:43:38 INF] 【直播间】23040372 的第 16 个心跳包发送成功
[03:44:44 INF] 【直播间】23040372 的第 17 个心跳包发送成功
[03:45:51 INF] 【直播间】23040372 的第 18 个心跳包发送成功
[03:46:58 INF] 【直播间】23040372 的第 19 个心跳包发送成功
[03:48:04 INF] 【直播间】23040372 的第 20 个心跳包发送成功
[03:49:11 INF] 【直播间】23040372 的第 21 个心跳包发送成功
[03:50:18 INF] 【直播间】23040372 的第 22 个心跳包发送成功
[03:51:24 INF] 【直播间】23040372 的第 23 个心跳包发送成功
[03:52:30 INF] 【直播间】23040372 的第 24 个心跳包发送成功
[03:53:37 INF] 【直播间】23040372 的第 25 个心跳包发送成功
[03:54:44 INF] 【直播间】23040372 的第 26 个心跳包发送成功
[03:55:50 INF] 【直播间】23040372 的第 27 个心跳包发送成功
[03:56:57 ERR] 【心跳包】直播间 23040372 发送失败
[03:56:57 ERR] 【原因】time check failed
[03:58:04 INF] 【直播间】23040372 的第 28 个心跳包发送成功
[03:59:10 INF] 【直播间】23040372 的第 29 个心跳包发送成功
[04:00:17 INF] 【直播间】23040372 的第 30 个心跳包发送成功
[04:01:24 INF] 【直播间】23040372 的第 31 个心跳包发送成功
[04:02:30 INF] 【直播间】23040372 的第 32 个心跳包发送成功
[04:03:37 INF] 【直播间】23040372 的第 33 个心跳包发送成功
[04:04:43 INF] 【直播间】23040372 的第 34 个心跳包发送成功
[04:05:50 INF] 【直播间】23040372 的第 35 个心跳包发送成功
[04:06:57 INF] 【直播间】23040372 的第 36 个心跳包发送成功
[04:08:03 INF] 【直播间】23040372 的第 37 个心跳包发送成功
[04:09:10 INF] 【直播间】23040372 的第 38 个心跳包发送成功
[04:10:17 INF] 【直播间】23040372 的第 39 个心跳包发送成功
[04:11:23 INF] 【直播间】23040372 的第 40 个心跳包发送成功
[04:12:30 ERR] 【心跳包】直播间 23040372 发送失败
[04:12:30 ERR] 【原因】time check failed
[04:13:37 INF] 【直播间】23040372 的第 41 个心跳包发送成功
[04:14:43 INF] 【直播间】23040372 的第 42 个心跳包发送成功
[04:15:50 INF] 【直播间】23040372 的第 43 个心跳包发送成功
[04:16:57 INF] 【直播间】23040372 的第 44 个心跳包发送成功
[04:18:04 INF] 【直播间】23040372 的第 45 个心跳包发送成功
[04:19:10 INF] 【直播间】23040372 的第 46 个心跳包发送成功
[04:20:17 INF] 【直播间】23040372 的第 47 个心跳包发送成功
[04:21:23 INF] 【直播间】23040372 的第 48 个心跳包发送成功
[04:22:30 INF] 【直播间】23040372 的第 49 个心跳包发送成功
[04:23:37 INF] 【直播间】23040372 的第 50 个心跳包发送成功
[04:24:43 INF] 【直播间】23040372 的第 51 个心跳包发送成功
[04:25:50 INF] 【直播间】23040372 的第 52 个心跳包发送成功
[04:26:57 INF] 【直播间】23040372 的第 53 个心跳包发送成功
[04:28:03 ERR] 【心跳包】直播间 23040372 发送失败
[04:28:03 ERR] 【原因】time check failed
[04:29:10 INF] 【直播间】23040372 的第 54 个心跳包发送成功
[04:30:17 INF] 【直播间】23040372 的第 55 个心跳包发送成功
[04:31:24 INF] 【直播间】23040372 的第 56 个心跳包发送成功
[04:32:30 INF] 【直播间】23040372 的第 57 个心跳包发送成功
[04:33:37 INF] 【直播间】23040372 的第 58 个心跳包发送成功
[04:34:44 INF] 【直播间】23040372 的第 59 个心跳包发送成功
[04:35:50 INF] 【直播间】23040372 的第 60 个心跳包发送成功
[04:36:57 INF] 【直播间】23040372 的第 61 个心跳包发送成功
[04:38:04 INF] 【直播间】23040372 的第 62 个心跳包发送成功
[04:39:11 INF] 【直播间】23040372 的第 63 个心跳包发送成功
[04:40:17 INF] 【直播间】23040372 的第 64 个心跳包发送成功
[04:41:24 INF] 【直播间】23040372 的第 65 个心跳包发送成功
[04:42:31 INF] 【直播间】23040372 的第 66 个心跳包发送成功
[04:43:37 ERR] 【心跳包】直播间 23040372 发送失败
[04:43:37 ERR] 【原因】time check failed
[04:44:44 INF] 【直播间】23040372 的第 67 个心跳包发送成功
[04:45:51 INF] 【直播间】23040372 的第 68 个心跳包发送成功
[04:46:57 INF] 【直播间】23040372 的第 69 个心跳包发送成功
[04:48:04 INF] 【直播间】23040372 的第 70 个心跳包发送成功
[04:48:04 INF] 【直播观看时长】完成情况：1/1 
[04:48:04 INF] ---------结束---------

[04:48:04 INF] ==========结束==========

[04:48:04 INF] 

========================

 v2.0.1 开源 by https://github.com/RayWangQvQ/BiliBiliToolPro

[04:48:04 INF] ·开始推送·LiveFansMedal任务·
2023-06-12T20:48:04.7996719Z 开始推送到:自定义
2023-06-12T20:48:13.7710345Z Response status: OK.
2023-06-12T20:48:13.7710780Z Response content: {"message":"","success":true,"uuid":"4e184f1f82514f8abe40d8425a0c10bd"}.

[04:48:13 INF] 运行环境：Development
[04:48:13 INF] 应用目录：/home/runner/work/BiliBiliToolPro/BiliBiliToolPro/src/Ray.BiliBiliTool.Console/bin/Debug/net6.0/

[04:48:13 INF] 运行结束
