----------- ip 信息 ---------
{
  "ip": "40.83.51.12",
  "city": "Des Moines",
  "region": "Iowa",
  "country": "US",
  "loc": "41.6005,-93.6091",
  "org": "AS8075 Microsoft Corporation",
  "postal": "50307",
  "timezone": "America/Chicago",
  "readme": "https://ipinfo.io/missingauth"
} ---------- end ------------
  ____               ____    _   _____           _  
 |  _ \ __ _ _   _  | __ ) _| |_|_   _|__   ___ | | 
 | |_) / _` | | | | |  _ \(_) (_) | |/ _ \ / _ \| | 
 |  _ < (_| | |_| | | |_) | | | | | | (_) | (_) | | 
 |_| \_\__,_|\__, | |____/|_|_|_| |_|\___/ \___/|_| 
             |___/                                  

[00:28:48 INF] BiliBiliToolPro 开始运行...

[00:28:48 INF] 【账号个数】3个

[00:28:48 INF] 随机休眠3分钟

[00:31:48 INF] 【目标任务】LiveFansMedal
[00:31:48 INF] ######### 账号 1 #########

[00:31:48 INF] =====开始 直播间互动 =====

[00:31:48 INF] ---开始 发送弹幕 ---
[00:31:48 INF] 检测到直播 Cookie 未正确配置，尝试自动配置中...
[00:31:55 INF] 直播 Cookie 配置成功！
[00:31:55 INF] 【获取直播列表】获取拥有粉丝牌的直播列表
[00:32:02 INF] 【主播】Mark陌枫 
[00:32:17 INF] 【主播】KL_qiqi_ 
[00:32:37 INF] 【主播】苏打baka 
[00:32:55 INF] 【直播间】Mark陌枫
[00:32:55 INF] 【粉丝牌】馬楓
[00:32:55 INF] 正在发送弹幕...
[00:32:58 INF] 【直播间】KL_qiqi_
[00:32:58 INF] 【粉丝牌】qiqisb
[00:32:58 INF] 正在发送弹幕...
[00:33:03 INF] 【直播间】苏打baka
[00:33:03 INF] 【粉丝牌】碳酸钠
[00:33:03 INF] 正在发送弹幕...
[00:33:08 INF] -------结束-------

[00:33:08 INF] ---开始 点赞直播间 ---
[00:33:08 INF] 【获取直播列表】获取拥有粉丝牌的直播列表
[00:33:10 INF] 【弹幕发送】成功~，你和主播 Mark陌枫 的亲密值增加了100！
[00:33:13 INF] 【弹幕发送】成功~，你和主播 KL_qiqi_ 的亲密值增加了100！
[00:33:15 INF] 【主播】Mark陌枫 
[00:33:21 INF] 【弹幕发送】成功~，你和主播 苏打baka 的亲密值增加了100！
[00:33:34 INF] 【主播】KL_qiqi_ 
[00:33:49 INF] 【主播】苏打baka 
[00:34:15 INF] 【点赞直播间】23357926 完成
[00:34:21 INF] 【点赞直播间】407149 完成
[00:34:27 INF] --------结束--------

[00:34:27 INF] ---开始 直播时长挂机 ---
[00:34:27 INF] 【获取直播列表】获取拥有粉丝牌的直播列表
[00:34:27 INF] 【点赞直播间】23040372 完成
[00:34:33 INF] 【主播】Mark陌枫 
[00:34:50 INF] 【主播】KL_qiqi_ 
[00:35:06 INF] 【主播】苏打baka 
[00:35:24 INF] 【直播间】23357926 的第 1 个心跳包发送成功
[00:35:25 INF] 【直播间】407149 的第 1 个心跳包发送成功
[00:35:26 INF] 【直播间】23040372 的第 1 个心跳包发送成功
[00:36:30 INF] 【直播间】23357926 的第 2 个心跳包发送成功
[00:36:32 INF] 【直播间】407149 的第 2 个心跳包发送成功
[00:36:33 INF] 【直播间】23040372 的第 2 个心跳包发送成功
[00:37:37 INF] 【直播间】23357926 的第 3 个心跳包发送成功
[00:37:38 INF] 【直播间】407149 的第 3 个心跳包发送成功
[00:37:40 INF] 【直播间】23040372 的第 3 个心跳包发送成功
[00:38:44 INF] 【直播间】23357926 的第 4 个心跳包发送成功
[00:38:45 INF] 【直播间】407149 的第 4 个心跳包发送成功
[00:38:46 INF] 【直播间】23040372 的第 4 个心跳包发送成功
[00:39:50 INF] 【直播间】23357926 的第 5 个心跳包发送成功
[00:39:51 INF] 【直播间】407149 的第 5 个心跳包发送成功
[00:39:53 INF] 【直播间】23040372 的第 5 个心跳包发送成功
[00:40:56 INF] 【直播间】23357926 的第 6 个心跳包发送成功
[00:40:58 INF] 【直播间】407149 的第 6 个心跳包发送成功
[00:40:59 INF] 【直播间】23040372 的第 6 个心跳包发送成功
[00:42:03 INF] 【直播间】23357926 的第 7 个心跳包发送成功
[00:42:04 INF] 【直播间】407149 的第 7 个心跳包发送成功
[00:42:06 INF] 【直播间】23040372 的第 7 个心跳包发送成功
[00:43:10 INF] 【直播间】23357926 的第 8 个心跳包发送成功
[00:43:11 INF] 【直播间】407149 的第 8 个心跳包发送成功
[00:43:12 INF] 【直播间】23040372 的第 8 个心跳包发送成功
[00:44:16 INF] 【直播间】23357926 的第 9 个心跳包发送成功
[00:44:18 INF] 【直播间】407149 的第 9 个心跳包发送成功
[00:44:19 INF] 【直播间】23040372 的第 9 个心跳包发送成功
[00:45:23 INF] 【直播间】23357926 的第 10 个心跳包发送成功
[00:45:24 INF] 【直播间】407149 的第 10 个心跳包发送成功
[00:45:25 INF] 【直播间】23040372 的第 10 个心跳包发送成功
[00:46:29 INF] 【直播间】23357926 的第 11 个心跳包发送成功
[00:46:30 INF] 【直播间】407149 的第 11 个心跳包发送成功
[00:46:32 INF] 【直播间】23040372 的第 11 个心跳包发送成功
[00:47:36 INF] 【直播间】23357926 的第 12 个心跳包发送成功
[00:47:37 INF] 【直播间】407149 的第 12 个心跳包发送成功
[00:47:38 INF] 【直播间】23040372 的第 12 个心跳包发送成功
[00:48:43 INF] 【直播间】23357926 的第 13 个心跳包发送成功
[00:48:44 INF] 【直播间】407149 的第 13 个心跳包发送成功
[00:48:45 INF] 【直播间】23040372 的第 13 个心跳包发送成功
[00:49:49 INF] 【直播间】23357926 的第 14 个心跳包发送成功
[00:49:50 INF] 【直播间】407149 的第 14 个心跳包发送成功
[00:49:52 INF] 【直播间】23040372 的第 14 个心跳包发送成功
[00:50:56 ERR] 【心跳包】直播间 23357926 发送失败
[00:50:56 ERR] 【原因】time check failed
[00:50:57 ERR] 【心跳包】直播间 407149 发送失败
[00:50:57 ERR] 【原因】time check failed
[00:50:58 ERR] 【心跳包】直播间 23040372 发送失败
[00:50:58 ERR] 【原因】time check failed
[00:52:02 INF] 【直播间】23357926 的第 15 个心跳包发送成功
[00:52:03 INF] 【直播间】407149 的第 15 个心跳包发送成功
[00:52:05 INF] 【直播间】23040372 的第 15 个心跳包发送成功
[00:53:09 INF] 【直播间】23357926 的第 16 个心跳包发送成功
[00:53:10 INF] 【直播间】407149 的第 16 个心跳包发送成功
[00:53:11 INF] 【直播间】23040372 的第 16 个心跳包发送成功
[00:54:15 INF] 【直播间】23357926 的第 17 个心跳包发送成功
[00:54:16 INF] 【直播间】407149 的第 17 个心跳包发送成功
[00:54:18 INF] 【直播间】23040372 的第 17 个心跳包发送成功
[00:55:22 INF] 【直播间】23357926 的第 18 个心跳包发送成功
[00:55:23 INF] 【直播间】407149 的第 18 个心跳包发送成功
[00:55:24 INF] 【直播间】23040372 的第 18 个心跳包发送成功
[00:56:28 INF] 【直播间】23357926 的第 19 个心跳包发送成功
[00:56:30 INF] 【直播间】407149 的第 19 个心跳包发送成功
[00:56:31 INF] 【直播间】23040372 的第 19 个心跳包发送成功
[00:57:35 INF] 【直播间】23357926 的第 20 个心跳包发送成功
[00:57:36 INF] 【直播间】407149 的第 20 个心跳包发送成功
[00:57:37 INF] 【直播间】23040372 的第 20 个心跳包发送成功
[00:58:41 INF] 【直播间】23357926 的第 21 个心跳包发送成功
[00:58:43 INF] 【直播间】407149 的第 21 个心跳包发送成功
[00:58:44 INF] 【直播间】23040372 的第 21 个心跳包发送成功
[00:59:48 INF] 【直播间】23357926 的第 22 个心跳包发送成功
[00:59:49 INF] 【直播间】407149 的第 22 个心跳包发送成功
[00:59:51 INF] 【直播间】23040372 的第 22 个心跳包发送成功
[01:00:55 INF] 【直播间】23357926 的第 23 个心跳包发送成功
[01:00:56 INF] 【直播间】407149 的第 23 个心跳包发送成功
[01:00:57 INF] 【直播间】23040372 的第 23 个心跳包发送成功
[01:02:01 INF] 【直播间】23357926 的第 24 个心跳包发送成功
[01:02:02 INF] 【直播间】407149 的第 24 个心跳包发送成功
[01:02:03 INF] 【直播间】23040372 的第 24 个心跳包发送成功
[01:03:07 INF] 【直播间】23357926 的第 25 个心跳包发送成功
[01:03:09 INF] 【直播间】407149 的第 25 个心跳包发送成功
[01:03:10 INF] 【直播间】23040372 的第 25 个心跳包发送成功
[01:04:14 INF] 【直播间】23357926 的第 26 个心跳包发送成功
[01:04:15 INF] 【直播间】407149 的第 26 个心跳包发送成功
[01:04:17 INF] 【直播间】23040372 的第 26 个心跳包发送成功
[01:05:21 INF] 【直播间】23357926 的第 27 个心跳包发送成功
[01:05:22 INF] 【直播间】407149 的第 27 个心跳包发送成功
[01:05:24 INF] 【直播间】23040372 的第 27 个心跳包发送成功
[01:06:27 ERR] 【心跳包】直播间 23357926 发送失败
[01:06:27 ERR] 【原因】time check failed
[01:06:29 ERR] 【心跳包】直播间 407149 发送失败
[01:06:29 ERR] 【原因】time check failed
[01:06:30 ERR] 【心跳包】直播间 23040372 发送失败
[01:06:30 ERR] 【原因】time check failed
[01:07:34 INF] 【直播间】23357926 的第 28 个心跳包发送成功
[01:07:35 INF] 【直播间】407149 的第 28 个心跳包发送成功
[01:07:36 INF] 【直播间】23040372 的第 28 个心跳包发送成功
[01:08:40 INF] 【直播间】23357926 的第 29 个心跳包发送成功
[01:08:42 INF] 【直播间】407149 的第 29 个心跳包发送成功
[01:08:43 INF] 【直播间】23040372 的第 29 个心跳包发送成功
[01:09:47 INF] 【直播间】23357926 的第 30 个心跳包发送成功
[01:09:49 INF] 【直播间】407149 的第 30 个心跳包发送成功
[01:09:50 INF] 【直播间】23040372 的第 30 个心跳包发送成功
[01:10:54 INF] 【直播间】23357926 的第 31 个心跳包发送成功
[01:10:55 INF] 【直播间】407149 的第 31 个心跳包发送成功
[01:10:56 INF] 【直播间】23040372 的第 31 个心跳包发送成功
[01:12:00 INF] 【直播间】23357926 的第 32 个心跳包发送成功
[01:12:02 INF] 【直播间】407149 的第 32 个心跳包发送成功
[01:12:03 INF] 【直播间】23040372 的第 32 个心跳包发送成功
[01:13:07 INF] 【直播间】23357926 的第 33 个心跳包发送成功
[01:13:08 INF] 【直播间】407149 的第 33 个心跳包发送成功
[01:13:10 INF] 【直播间】23040372 的第 33 个心跳包发送成功
[01:14:14 INF] 【直播间】23357926 的第 34 个心跳包发送成功
[01:14:15 INF] 【直播间】407149 的第 34 个心跳包发送成功
[01:14:16 INF] 【直播间】23040372 的第 34 个心跳包发送成功
[01:15:20 INF] 【直播间】23357926 的第 35 个心跳包发送成功
[01:15:22 INF] 【直播间】407149 的第 35 个心跳包发送成功
[01:15:23 INF] 【直播间】23040372 的第 35 个心跳包发送成功
[01:16:27 INF] 【直播间】23357926 的第 36 个心跳包发送成功
[01:16:28 INF] 【直播间】407149 的第 36 个心跳包发送成功
[01:16:30 INF] 【直播间】23040372 的第 36 个心跳包发送成功
[01:17:34 INF] 【直播间】23357926 的第 37 个心跳包发送成功
[01:17:35 INF] 【直播间】407149 的第 37 个心跳包发送成功
[01:17:36 INF] 【直播间】23040372 的第 37 个心跳包发送成功
[01:18:40 INF] 【直播间】23357926 的第 38 个心跳包发送成功
[01:18:41 INF] 【直播间】407149 的第 38 个心跳包发送成功
[01:18:43 INF] 【直播间】23040372 的第 38 个心跳包发送成功
[01:19:47 INF] 【直播间】23357926 的第 39 个心跳包发送成功
[01:19:48 INF] 【直播间】407149 的第 39 个心跳包发送成功
[01:19:50 INF] 【直播间】23040372 的第 39 个心跳包发送成功
[01:20:53 INF] 【直播间】23357926 的第 40 个心跳包发送成功
[01:20:55 INF] 【直播间】407149 的第 40 个心跳包发送成功
[01:20:56 INF] 【直播间】23040372 的第 40 个心跳包发送成功
[01:22:00 ERR] 【心跳包】直播间 23357926 发送失败
[01:22:00 ERR] 【原因】time check failed
[01:22:02 ERR] 【心跳包】直播间 407149 发送失败
[01:22:02 ERR] 【原因】time check failed
[01:22:03 ERR] 【心跳包】直播间 23040372 发送失败
[01:22:03 ERR] 【原因】time check failed
[01:23:07 INF] 【直播间】23357926 的第 41 个心跳包发送成功
[01:23:08 INF] 【直播间】407149 的第 41 个心跳包发送成功
[01:23:09 INF] 【直播间】23040372 的第 41 个心跳包发送成功
[01:24:13 INF] 【直播间】23357926 的第 42 个心跳包发送成功
[01:24:14 INF] 【直播间】407149 的第 42 个心跳包发送成功
[01:24:16 INF] 【直播间】23040372 的第 42 个心跳包发送成功
[01:25:20 INF] 【直播间】23357926 的第 43 个心跳包发送成功
[01:25:21 INF] 【直播间】407149 的第 43 个心跳包发送成功
[01:25:22 INF] 【直播间】23040372 的第 43 个心跳包发送成功
[01:26:26 INF] 【直播间】23357926 的第 44 个心跳包发送成功
[01:26:28 INF] 【直播间】407149 的第 44 个心跳包发送成功
[01:26:29 INF] 【直播间】23040372 的第 44 个心跳包发送成功
[01:27:33 INF] 【直播间】23357926 的第 45 个心跳包发送成功
[01:27:34 INF] 【直播间】407149 的第 45 个心跳包发送成功
[01:27:36 INF] 【直播间】23040372 的第 45 个心跳包发送成功
[01:28:40 INF] 【直播间】23357926 的第 46 个心跳包发送成功
[01:28:41 INF] 【直播间】407149 的第 46 个心跳包发送成功
[01:28:42 INF] 【直播间】23040372 的第 46 个心跳包发送成功
[01:29:46 INF] 【直播间】23357926 的第 47 个心跳包发送成功
[01:29:47 INF] 【直播间】407149 的第 47 个心跳包发送成功
[01:29:48 INF] 【直播间】23040372 的第 47 个心跳包发送成功
[01:30:52 INF] 【直播间】23357926 的第 48 个心跳包发送成功
[01:30:54 INF] 【直播间】407149 的第 48 个心跳包发送成功
[01:30:55 INF] 【直播间】23040372 的第 48 个心跳包发送成功
[01:31:59 INF] 【直播间】23357926 的第 49 个心跳包发送成功
[01:32:00 INF] 【直播间】407149 的第 49 个心跳包发送成功
[01:32:01 INF] 【直播间】23040372 的第 49 个心跳包发送成功
[01:33:06 INF] 【直播间】23357926 的第 50 个心跳包发送成功
[01:33:07 INF] 【直播间】407149 的第 50 个心跳包发送成功
[01:33:08 INF] 【直播间】23040372 的第 50 个心跳包发送成功
[01:34:12 INF] 【直播间】23357926 的第 51 个心跳包发送成功
[01:34:13 INF] 【直播间】407149 的第 51 个心跳包发送成功
[01:34:15 INF] 【直播间】23040372 的第 51 个心跳包发送成功
[01:35:19 INF] 【直播间】23357926 的第 52 个心跳包发送成功
[01:35:20 INF] 【直播间】407149 的第 52 个心跳包发送成功
[01:35:21 INF] 【直播间】23040372 的第 52 个心跳包发送成功
[01:36:25 INF] 【直播间】23357926 的第 53 个心跳包发送成功
[01:36:26 INF] 【直播间】407149 的第 53 个心跳包发送成功
[01:36:28 INF] 【直播间】23040372 的第 53 个心跳包发送成功
[01:37:31 ERR] 【心跳包】直播间 23357926 发送失败
[01:37:31 ERR] 【原因】time check failed
[01:37:33 ERR] 【心跳包】直播间 407149 发送失败
[01:37:33 ERR] 【原因】time check failed
[01:37:34 ERR] 【心跳包】直播间 23040372 发送失败
[01:37:34 ERR] 【原因】time check failed
[01:38:38 INF] 【直播间】23357926 的第 54 个心跳包发送成功
[01:38:39 INF] 【直播间】407149 的第 54 个心跳包发送成功
[01:38:41 INF] 【直播间】23040372 的第 54 个心跳包发送成功
[01:39:45 INF] 【直播间】23357926 的第 55 个心跳包发送成功
[01:39:46 INF] 【直播间】407149 的第 55 个心跳包发送成功
[01:39:47 INF] 【直播间】23040372 的第 55 个心跳包发送成功
[01:40:51 INF] 【直播间】23357926 的第 56 个心跳包发送成功
[01:40:52 INF] 【直播间】407149 的第 56 个心跳包发送成功
[01:40:54 INF] 【直播间】23040372 的第 56 个心跳包发送成功
[01:41:58 INF] 【直播间】23357926 的第 57 个心跳包发送成功
[01:41:59 INF] 【直播间】407149 的第 57 个心跳包发送成功
[01:42:00 INF] 【直播间】23040372 的第 57 个心跳包发送成功
[01:43:04 INF] 【直播间】23357926 的第 58 个心跳包发送成功
[01:43:05 INF] 【直播间】407149 的第 58 个心跳包发送成功
[01:43:07 INF] 【直播间】23040372 的第 58 个心跳包发送成功
[01:44:11 INF] 【直播间】23357926 的第 59 个心跳包发送成功
[01:44:12 INF] 【直播间】407149 的第 59 个心跳包发送成功
[01:44:13 INF] 【直播间】23040372 的第 59 个心跳包发送成功
[01:45:18 INF] 【直播间】23357926 的第 60 个心跳包发送成功
[01:45:19 INF] 【直播间】407149 的第 60 个心跳包发送成功
[01:45:20 INF] 【直播间】23040372 的第 60 个心跳包发送成功
[01:46:24 INF] 【直播间】23357926 的第 61 个心跳包发送成功
[01:46:25 INF] 【直播间】407149 的第 61 个心跳包发送成功
[01:46:26 INF] 【直播间】23040372 的第 61 个心跳包发送成功
[01:47:30 INF] 【直播间】23357926 的第 62 个心跳包发送成功
[01:47:32 INF] 【直播间】407149 的第 62 个心跳包发送成功
[01:47:33 INF] 【直播间】23040372 的第 62 个心跳包发送成功
[01:48:37 INF] 【直播间】23357926 的第 63 个心跳包发送成功
[01:48:38 INF] 【直播间】407149 的第 63 个心跳包发送成功
[01:48:39 INF] 【直播间】23040372 的第 63 个心跳包发送成功
[01:49:44 INF] 【直播间】23357926 的第 64 个心跳包发送成功
[01:49:45 INF] 【直播间】407149 的第 64 个心跳包发送成功
[01:49:46 INF] 【直播间】23040372 的第 64 个心跳包发送成功
[01:50:50 INF] 【直播间】23357926 的第 65 个心跳包发送成功
[01:50:52 INF] 【直播间】407149 的第 65 个心跳包发送成功
[01:50:53 INF] 【直播间】23040372 的第 65 个心跳包发送成功
[01:51:57 INF] 【直播间】23357926 的第 66 个心跳包发送成功
[01:51:58 INF] 【直播间】407149 的第 66 个心跳包发送成功
[01:51:59 INF] 【直播间】23040372 的第 66 个心跳包发送成功
[01:53:03 ERR] 【心跳包】直播间 23357926 发送失败
[01:53:03 ERR] 【原因】time check failed
[01:53:04 ERR] 【心跳包】直播间 407149 发送失败
[01:53:04 ERR] 【原因】time check failed
[01:53:06 ERR] 【心跳包】直播间 23040372 发送失败
[01:53:06 ERR] 【原因】time check failed
[01:54:10 INF] 【直播间】23357926 的第 67 个心跳包发送成功
[01:54:11 INF] 【直播间】407149 的第 67 个心跳包发送成功
[01:54:12 INF] 【直播间】23040372 的第 67 个心跳包发送成功
[01:55:17 INF] 【直播间】23357926 的第 68 个心跳包发送成功
[01:55:18 INF] 【直播间】407149 的第 68 个心跳包发送成功
[01:55:19 INF] 【直播间】23040372 的第 68 个心跳包发送成功
[01:56:23 INF] 【直播间】23357926 的第 69 个心跳包发送成功
[01:56:25 INF] 【直播间】407149 的第 69 个心跳包发送成功
[01:56:26 INF] 【直播间】23040372 的第 69 个心跳包发送成功
[01:57:30 INF] 【直播间】23357926 的第 70 个心跳包发送成功
[01:57:31 INF] 【直播间】407149 的第 70 个心跳包发送成功
[01:57:32 INF] 【直播间】23040372 的第 70 个心跳包发送成功
[01:57:32 INF] 【直播观看时长】完成情况：3/3 
[01:57:32 INF] ---------结束---------

[01:57:32 INF] ==========结束==========

[01:57:32 INF] ######### 账号 2 #########

[01:57:32 INF] =====开始 直播间互动 =====

[01:57:32 INF] ---开始 发送弹幕 ---
[01:57:32 INF] 检测到直播 Cookie 未正确配置，尝试自动配置中...
[01:57:39 INF] 直播 Cookie 配置成功！
[01:57:39 INF] 【获取直播列表】获取拥有粉丝牌的直播列表
[01:57:42 INF] 【主播】Mark陌枫 
[01:58:00 INF] 【主播】苏打baka 
[01:58:19 INF] 【主播】特别中二的q3君 
[01:58:34 INF] 【主播】陈抱一 
[01:58:55 INF] 【主播】贪玩的小毅 
[01:59:07 INF] 【主播】KL_qiqi_ 
[01:59:23 INF] 【主播】记录生活的蛋黄派 
[01:59:44 INF] 【主播】悠悠球琛总 
[01:59:59 INF] 【主播】脏小豆 
[02:00:14 INF] 【主播】FoFTG 
[02:00:28 INF] 【主播】新石器公园 
[02:00:47 INF] 【主播】李船长笔记 
[02:01:02 INF] 【直播间】Mark陌枫
[02:01:02 INF] 【粉丝牌】馬楓
[02:01:02 INF] 正在发送弹幕...
[02:01:07 INF] 【直播间】苏打baka
[02:01:07 INF] 【粉丝牌】碳酸钠
[02:01:07 INF] 正在发送弹幕...
[02:01:13 INF] 【直播间】特别中二的q3君
[02:01:13 INF] 【粉丝牌】q3GG
[02:01:13 INF] 正在发送弹幕...
[02:01:18 INF] 【弹幕发送】成功~，你和主播 Mark陌枫 的亲密值增加了100！
[02:01:20 INF] 【直播间】陈抱一
[02:01:20 INF] 【粉丝牌】陈抱一
[02:01:20 INF] 正在发送弹幕...
[02:01:22 INF] 【弹幕发送】成功~，你和主播 苏打baka 的亲密值增加了100！
[02:01:23 INF] 【直播间】贪玩的小毅
[02:01:23 INF] 【粉丝牌】大大毅
[02:01:23 INF] 正在发送弹幕...
[02:01:26 INF] 【直播间】KL_qiqi_
[02:01:26 INF] 【粉丝牌】qiqisb
[02:01:26 INF] 正在发送弹幕...
[02:01:29 INF] 【弹幕发送】成功~，你和主播 特别中二的q3君 的亲密值增加了100！
[02:01:31 INF] 【直播间】记录生活的蛋黄派
[02:01:31 INF] 【粉丝牌】派派派
[02:01:31 INF] 正在发送弹幕...
[02:01:35 INF] 【直播间】悠悠球琛总
[02:01:35 INF] 【粉丝牌】i琛
[02:01:35 INF] 正在发送弹幕...
[02:01:38 INF] 【直播间】脏小豆
[02:01:38 INF] 【粉丝牌】豆豆浆
[02:01:38 INF] 正在发送弹幕...
[02:01:38 ERR] 【弹幕发送】失败
[02:01:38 ERR] 【原因】您发送弹幕的频率过快
[02:01:38 INF] 【弹幕发送】成功~，你和主播 陈抱一 的亲密值增加了100！
[02:01:43 INF] 【弹幕发送】成功~，你和主播 记录生活的蛋黄派 的亲密值增加了100！
[02:01:45 INF] 【直播间】FoFTG
[02:01:45 INF] 【粉丝牌】FOFTG
[02:01:45 INF] 正在发送弹幕...
[02:01:45 INF] 【弹幕发送】成功~，你和主播 KL_qiqi_ 的亲密值增加了100！
[02:01:45 ERR] 【弹幕发送】失败
[02:01:45 ERR] 【原因】您发送弹幕的频率过快
[02:01:51 INF] 【直播间】新石器公园
[02:01:51 INF] 【粉丝牌】东园主
[02:01:51 INF] 正在发送弹幕...
[02:01:57 INF] 【弹幕发送】成功~，你和主播 脏小豆 的亲密值增加了100！
[02:01:58 INF] 【直播间】李船长笔记
[02:01:58 INF] 【粉丝牌】航海仕
[02:01:58 INF] 正在发送弹幕...
[02:02:02 INF] 【弹幕发送】成功~，你和主播 FoFTG 的亲密值增加了100！
[02:02:04 INF] -------结束-------

[02:02:04 INF] ---开始 点赞直播间 ---
[02:02:04 INF] 【获取直播列表】获取拥有粉丝牌的直播列表
[02:02:06 INF] 【弹幕发送】成功~，你和主播 新石器公园 的亲密值增加了100！
[02:02:09 INF] 【主播】Mark陌枫 
[02:02:15 INF] 【弹幕发送】成功~，你和主播 李船长笔记 的亲密值增加了100！
[02:02:29 INF] 【主播】苏打baka 
[02:02:44 INF] 【主播】特别中二的q3君 
[02:03:01 INF] 【主播】陈抱一 
[02:03:13 INF] 【主播】贪玩的小毅 
[02:03:27 INF] 【主播】KL_qiqi_ 
[02:03:46 INF] 【主播】记录生活的蛋黄派 
[02:03:57 INF] 【主播】脏小豆 
[02:04:12 INF] 【主播】FoFTG 
[02:04:23 INF] 【主播】悠悠球琛总 
[02:04:41 INF] 【主播】新石器公园 
[02:05:01 INF] 【主播】李船长笔记 
[02:05:26 INF] 【点赞直播间】23357926 完成
[02:05:28 INF] 【点赞直播间】23040372 完成
[02:05:32 INF] 【点赞直播间】31494 完成
[02:05:35 INF] 【点赞直播间】4015781 完成
[02:05:42 INF] 【点赞直播间】9619073 完成
[02:05:45 INF] 【点赞直播间】407149 完成
[02:05:49 INF] 【点赞直播间】11732699 完成
[02:05:55 INF] 【点赞直播间】929670 完成
[02:06:02 INF] 【点赞直播间】91164 完成
[02:06:05 INF] 【点赞直播间】7184632 完成
[02:06:09 INF] 【点赞直播间】23447660 完成
[02:06:14 INF] --------结束--------

[02:06:14 INF] ---开始 直播时长挂机 ---
[02:06:14 INF] 【获取直播列表】获取拥有粉丝牌的直播列表
[02:06:14 INF] 【点赞直播间】22764265 完成
[02:06:22 INF] 【主播】Mark陌枫 
[02:06:36 INF] 【主播】苏打baka 
[02:06:56 INF] 【主播】特别中二的q3君 
[02:07:10 INF] 【主播】陈抱一 
[02:07:26 INF] 【主播】贪玩的小毅 
[02:07:45 INF] 【主播】KL_qiqi_ 
[02:08:03 INF] 【主播】记录生活的蛋黄派 
[02:08:16 INF] 【主播】脏小豆 
[02:08:33 INF] 【主播】FoFTG 
[02:08:49 INF] 【主播】悠悠球琛总 
[02:09:06 INF] 【主播】新石器公园 
[02:09:19 INF] 【主播】李船长笔记 
[02:09:42 INF] 【直播间】23357926 的第 1 个心跳包发送成功
[02:09:44 INF] 【直播间】23040372 的第 1 个心跳包发送成功
[02:09:45 INF] 【直播间】31494 的第 1 个心跳包发送成功
[02:09:46 INF] 【直播间】4015781 的第 1 个心跳包发送成功
[02:09:47 INF] 【直播间】9619073 的第 1 个心跳包发送成功
[02:09:49 INF] 【直播间】407149 的第 1 个心跳包发送成功
[02:09:50 INF] 【直播间】11732699 的第 1 个心跳包发送成功
[02:09:51 INF] 【直播间】929670 的第 1 个心跳包发送成功
[02:09:52 INF] 【直播间】91164 的第 1 个心跳包发送成功
[02:09:54 INF] 【直播间】7184632 的第 1 个心跳包发送成功
[02:09:55 INF] 【直播间】23447660 的第 1 个心跳包发送成功
[02:09:56 INF] 【直播间】22764265 的第 1 个心跳包发送成功
[02:10:49 INF] 【直播间】23357926 的第 2 个心跳包发送成功
[02:10:50 INF] 【直播间】23040372 的第 2 个心跳包发送成功
[02:10:52 INF] 【直播间】31494 的第 2 个心跳包发送成功
[02:10:53 INF] 【直播间】4015781 的第 2 个心跳包发送成功
[02:10:54 INF] 【直播间】9619073 的第 2 个心跳包发送成功
[02:10:55 INF] 【直播间】407149 的第 2 个心跳包发送成功
[02:10:57 INF] 【直播间】11732699 的第 2 个心跳包发送成功
[02:10:58 INF] 【直播间】929670 的第 2 个心跳包发送成功
[02:10:59 INF] 【直播间】91164 的第 2 个心跳包发送成功
[02:11:01 INF] 【直播间】7184632 的第 2 个心跳包发送成功
[02:11:02 INF] 【直播间】23447660 的第 2 个心跳包发送成功
[02:11:03 INF] 【直播间】22764265 的第 2 个心跳包发送成功
[02:11:55 INF] 【直播间】23357926 的第 3 个心跳包发送成功
[02:11:57 INF] 【直播间】23040372 的第 3 个心跳包发送成功
[02:11:58 INF] 【直播间】31494 的第 3 个心跳包发送成功
[02:11:59 INF] 【直播间】4015781 的第 3 个心跳包发送成功
[02:12:01 INF] 【直播间】9619073 的第 3 个心跳包发送成功
[02:12:02 INF] 【直播间】407149 的第 3 个心跳包发送成功
[02:12:03 INF] 【直播间】11732699 的第 3 个心跳包发送成功
[02:12:05 INF] 【直播间】929670 的第 3 个心跳包发送成功
[02:12:06 INF] 【直播间】91164 的第 3 个心跳包发送成功
[02:12:07 INF] 【直播间】7184632 的第 3 个心跳包发送成功
[02:12:08 INF] 【直播间】23447660 的第 3 个心跳包发送成功
[02:12:10 INF] 【直播间】22764265 的第 3 个心跳包发送成功
[02:13:02 INF] 【直播间】23357926 的第 4 个心跳包发送成功
[02:13:03 INF] 【直播间】23040372 的第 4 个心跳包发送成功
[02:13:04 INF] 【直播间】31494 的第 4 个心跳包发送成功
[02:13:06 INF] 【直播间】4015781 的第 4 个心跳包发送成功
[02:13:07 INF] 【直播间】9619073 的第 4 个心跳包发送成功
[02:13:08 INF] 【直播间】407149 的第 4 个心跳包发送成功
[02:13:10 INF] 【直播间】11732699 的第 4 个心跳包发送成功
[02:13:11 INF] 【直播间】929670 的第 4 个心跳包发送成功
[02:13:12 INF] 【直播间】91164 的第 4 个心跳包发送成功
[02:13:13 INF] 【直播间】7184632 的第 4 个心跳包发送成功
[02:13:15 INF] 【直播间】23447660 的第 4 个心跳包发送成功
[02:13:16 INF] 【直播间】22764265 的第 4 个心跳包发送成功
[02:14:08 INF] 【直播间】23357926 的第 5 个心跳包发送成功
[02:14:10 INF] 【直播间】23040372 的第 5 个心跳包发送成功
[02:14:11 INF] 【直播间】31494 的第 5 个心跳包发送成功
[02:14:12 INF] 【直播间】4015781 的第 5 个心跳包发送成功
[02:14:13 INF] 【直播间】9619073 的第 5 个心跳包发送成功
[02:14:15 INF] 【直播间】407149 的第 5 个心跳包发送成功
[02:14:16 INF] 【直播间】11732699 的第 5 个心跳包发送成功
[02:14:17 INF] 【直播间】929670 的第 5 个心跳包发送成功
[02:14:18 INF] 【直播间】91164 的第 5 个心跳包发送成功
[02:14:20 INF] 【直播间】7184632 的第 5 个心跳包发送成功
[02:14:21 INF] 【直播间】23447660 的第 5 个心跳包发送成功
[02:14:22 INF] 【直播间】22764265 的第 5 个心跳包发送成功
[02:15:15 INF] 【直播间】23357926 的第 6 个心跳包发送成功
[02:15:16 INF] 【直播间】23040372 的第 6 个心跳包发送成功
[02:15:17 INF] 【直播间】31494 的第 6 个心跳包发送成功
[02:15:19 INF] 【直播间】4015781 的第 6 个心跳包发送成功
[02:15:20 INF] 【直播间】9619073 的第 6 个心跳包发送成功
[02:15:21 INF] 【直播间】407149 的第 6 个心跳包发送成功
[02:15:22 INF] 【直播间】11732699 的第 6 个心跳包发送成功
[02:15:24 INF] 【直播间】929670 的第 6 个心跳包发送成功
[02:15:25 INF] 【直播间】91164 的第 6 个心跳包发送成功
[02:15:26 INF] 【直播间】7184632 的第 6 个心跳包发送成功
[02:15:27 INF] 【直播间】23447660 的第 6 个心跳包发送成功
[02:15:29 INF] 【直播间】22764265 的第 6 个心跳包发送成功
[02:16:22 INF] 【直播间】23357926 的第 7 个心跳包发送成功
[02:16:23 INF] 【直播间】23040372 的第 7 个心跳包发送成功
[02:16:24 INF] 【直播间】31494 的第 7 个心跳包发送成功
[02:16:25 INF] 【直播间】4015781 的第 7 个心跳包发送成功
[02:16:26 INF] 【直播间】9619073 的第 7 个心跳包发送成功
[02:16:28 INF] 【直播间】407149 的第 7 个心跳包发送成功
[02:16:29 INF] 【直播间】11732699 的第 7 个心跳包发送成功
[02:16:30 INF] 【直播间】929670 的第 7 个心跳包发送成功
[02:16:31 INF] 【直播间】91164 的第 7 个心跳包发送成功
[02:16:33 INF] 【直播间】7184632 的第 7 个心跳包发送成功
[02:16:34 INF] 【直播间】23447660 的第 7 个心跳包发送成功
[02:16:35 INF] 【直播间】22764265 的第 7 个心跳包发送成功
[02:17:28 INF] 【直播间】23357926 的第 8 个心跳包发送成功
[02:17:29 INF] 【直播间】23040372 的第 8 个心跳包发送成功
[02:17:30 INF] 【直播间】31494 的第 8 个心跳包发送成功
[02:17:32 INF] 【直播间】4015781 的第 8 个心跳包发送成功
[02:17:33 INF] 【直播间】9619073 的第 8 个心跳包发送成功
[02:17:34 INF] 【直播间】407149 的第 8 个心跳包发送成功
[02:17:35 INF] 【直播间】11732699 的第 8 个心跳包发送成功
[02:17:37 INF] 【直播间】929670 的第 8 个心跳包发送成功
[02:17:38 INF] 【直播间】91164 的第 8 个心跳包发送成功
[02:17:39 INF] 【直播间】7184632 的第 8 个心跳包发送成功
[02:17:40 INF] 【直播间】23447660 的第 8 个心跳包发送成功
[02:17:41 INF] 【直播间】22764265 的第 8 个心跳包发送成功
[02:18:34 INF] 【直播间】23357926 的第 9 个心跳包发送成功
[02:18:36 INF] 【直播间】23040372 的第 9 个心跳包发送成功
[02:18:37 INF] 【直播间】31494 的第 9 个心跳包发送成功
[02:18:38 INF] 【直播间】4015781 的第 9 个心跳包发送成功
[02:18:39 INF] 【直播间】9619073 的第 9 个心跳包发送成功
[02:18:41 INF] 【直播间】407149 的第 9 个心跳包发送成功
[02:18:42 INF] 【直播间】11732699 的第 9 个心跳包发送成功
[02:18:43 INF] 【直播间】929670 的第 9 个心跳包发送成功
[02:18:44 INF] 【直播间】91164 的第 9 个心跳包发送成功
[02:18:46 INF] 【直播间】7184632 的第 9 个心跳包发送成功
[02:18:47 INF] 【直播间】23447660 的第 9 个心跳包发送成功
[02:18:48 INF] 【直播间】22764265 的第 9 个心跳包发送成功
[02:19:41 INF] 【直播间】23357926 的第 10 个心跳包发送成功
[02:19:42 INF] 【直播间】23040372 的第 10 个心跳包发送成功
[02:19:43 INF] 【直播间】31494 的第 10 个心跳包发送成功
[02:19:45 INF] 【直播间】4015781 的第 10 个心跳包发送成功
[02:19:46 INF] 【直播间】9619073 的第 10 个心跳包发送成功
[02:19:47 INF] 【直播间】407149 的第 10 个心跳包发送成功
[02:19:48 INF] 【直播间】11732699 的第 10 个心跳包发送成功
[02:19:50 INF] 【直播间】929670 的第 10 个心跳包发送成功
[02:19:51 INF] 【直播间】91164 的第 10 个心跳包发送成功
[02:19:52 INF] 【直播间】7184632 的第 10 个心跳包发送成功
[02:19:53 INF] 【直播间】23447660 的第 10 个心跳包发送成功
[02:19:55 INF] 【直播间】22764265 的第 10 个心跳包发送成功
[02:20:47 INF] 【直播间】23357926 的第 11 个心跳包发送成功
[02:20:49 INF] 【直播间】23040372 的第 11 个心跳包发送成功
[02:20:50 INF] 【直播间】31494 的第 11 个心跳包发送成功
[02:20:51 INF] 【直播间】4015781 的第 11 个心跳包发送成功
[02:20:53 INF] 【直播间】9619073 的第 11 个心跳包发送成功
[02:20:54 INF] 【直播间】407149 的第 11 个心跳包发送成功
[02:20:55 INF] 【直播间】11732699 的第 11 个心跳包发送成功
[02:20:56 INF] 【直播间】929670 的第 11 个心跳包发送成功
[02:20:58 INF] 【直播间】91164 的第 11 个心跳包发送成功
[02:20:59 INF] 【直播间】7184632 的第 11 个心跳包发送成功
[02:21:00 INF] 【直播间】23447660 的第 11 个心跳包发送成功
[02:21:02 INF] 【直播间】22764265 的第 11 个心跳包发送成功
[02:21:54 INF] 【直播间】23357926 的第 12 个心跳包发送成功
[02:21:55 INF] 【直播间】23040372 的第 12 个心跳包发送成功
[02:21:56 INF] 【直播间】31494 的第 12 个心跳包发送成功
[02:21:58 INF] 【直播间】4015781 的第 12 个心跳包发送成功
[02:21:59 INF] 【直播间】9619073 的第 12 个心跳包发送成功
[02:22:00 INF] 【直播间】407149 的第 12 个心跳包发送成功
[02:22:02 INF] 【直播间】11732699 的第 12 个心跳包发送成功
[02:22:03 INF] 【直播间】929670 的第 12 个心跳包发送成功
[02:22:04 INF] 【直播间】91164 的第 12 个心跳包发送成功
[02:22:05 INF] 【直播间】7184632 的第 12 个心跳包发送成功
[02:22:07 INF] 【直播间】23447660 的第 12 个心跳包发送成功
[02:22:08 INF] 【直播间】22764265 的第 12 个心跳包发送成功
[02:23:00 INF] 【直播间】23357926 的第 13 个心跳包发送成功
[02:23:02 INF] 【直播间】23040372 的第 13 个心跳包发送成功
[02:23:03 INF] 【直播间】31494 的第 13 个心跳包发送成功
[02:23:04 INF] 【直播间】4015781 的第 13 个心跳包发送成功
[02:23:05 INF] 【直播间】9619073 的第 13 个心跳包发送成功
[02:23:07 INF] 【直播间】407149 的第 13 个心跳包发送成功
[02:23:08 INF] 【直播间】11732699 的第 13 个心跳包发送成功
[02:23:09 INF] 【直播间】929670 的第 13 个心跳包发送成功
[02:23:11 INF] 【直播间】91164 的第 13 个心跳包发送成功
[02:23:12 INF] 【直播间】7184632 的第 13 个心跳包发送成功
[02:23:13 INF] 【直播间】23447660 的第 13 个心跳包发送成功
[02:23:14 INF] 【直播间】22764265 的第 13 个心跳包发送成功
[02:24:07 INF] 【直播间】23357926 的第 14 个心跳包发送成功
[02:24:08 INF] 【直播间】23040372 的第 14 个心跳包发送成功
[02:24:09 INF] 【直播间】31494 的第 14 个心跳包发送成功
[02:24:11 INF] 【直播间】4015781 的第 14 个心跳包发送成功
[02:24:12 INF] 【直播间】9619073 的第 14 个心跳包发送成功
[02:24:13 INF] 【直播间】407149 的第 14 个心跳包发送成功
[02:24:14 INF] 【直播间】11732699 的第 14 个心跳包发送成功
[02:24:16 INF] 【直播间】929670 的第 14 个心跳包发送成功
[02:24:17 INF] 【直播间】91164 的第 14 个心跳包发送成功
[02:24:18 INF] 【直播间】7184632 的第 14 个心跳包发送成功
[02:24:19 INF] 【直播间】23447660 的第 14 个心跳包发送成功
[02:24:21 INF] 【直播间】22764265 的第 14 个心跳包发送成功
[02:25:13 ERR] 【心跳包】直播间 23357926 发送失败
[02:25:13 ERR] 【原因】time check failed
[02:25:15 INF] 【直播间】23040372 的第 15 个心跳包发送成功
[02:25:16 ERR] 【心跳包】直播间 31494 发送失败
[02:25:16 ERR] 【原因】time check failed
[02:25:17 ERR] 【心跳包】直播间 4015781 发送失败
[02:25:17 ERR] 【原因】time check failed
[02:25:18 ERR] 【心跳包】直播间 9619073 发送失败
[02:25:18 ERR] 【原因】time check failed
[02:25:20 ERR] 【心跳包】直播间 407149 发送失败
[02:25:20 ERR] 【原因】time check failed
[02:25:21 ERR] 【心跳包】直播间 11732699 发送失败
[02:25:21 ERR] 【原因】time check failed
[02:25:22 ERR] 【心跳包】直播间 929670 发送失败
[02:25:22 ERR] 【原因】time check failed
[02:25:23 ERR] 【心跳包】直播间 91164 发送失败
[02:25:23 ERR] 【原因】time check failed
[02:25:24 ERR] 【心跳包】直播间 7184632 发送失败
[02:25:24 ERR] 【原因】time check failed
[02:25:26 ERR] 【心跳包】直播间 23447660 发送失败
[02:25:26 ERR] 【原因】time check failed
[02:25:27 ERR] 【心跳包】直播间 22764265 发送失败
[02:25:27 ERR] 【原因】time check failed
[02:26:20 INF] 【直播间】23357926 的第 15 个心跳包发送成功
[02:26:21 ERR] 【心跳包】直播间 23040372 发送失败
[02:26:21 ERR] 【原因】time check failed
[02:26:22 INF] 【直播间】31494 的第 15 个心跳包发送成功
[02:26:24 INF] 【直播间】4015781 的第 15 个心跳包发送成功
[02:26:25 INF] 【直播间】9619073 的第 15 个心跳包发送成功
[02:26:26 INF] 【直播间】407149 的第 15 个心跳包发送成功
[02:26:27 INF] 【直播间】11732699 的第 15 个心跳包发送成功
[02:26:29 INF] 【直播间】929670 的第 15 个心跳包发送成功
[02:26:30 INF] 【直播间】91164 的第 15 个心跳包发送成功
[02:26:31 INF] 【直播间】7184632 的第 15 个心跳包发送成功
[02:26:32 INF] 【直播间】23447660 的第 15 个心跳包发送成功
[02:26:34 INF] 【直播间】22764265 的第 15 个心跳包发送成功
[02:27:27 INF] 【直播间】23357926 的第 16 个心跳包发送成功
[02:27:28 INF] 【直播间】23040372 的第 16 个心跳包发送成功
[02:27:29 INF] 【直播间】31494 的第 16 个心跳包发送成功
[02:27:30 INF] 【直播间】4015781 的第 16 个心跳包发送成功
[02:27:32 INF] 【直播间】9619073 的第 16 个心跳包发送成功
[02:27:33 INF] 【直播间】407149 的第 16 个心跳包发送成功
[02:27:34 INF] 【直播间】11732699 的第 16 个心跳包发送成功
[02:27:35 INF] 【直播间】929670 的第 16 个心跳包发送成功
[02:27:37 INF] 【直播间】91164 的第 16 个心跳包发送成功
[02:27:38 INF] 【直播间】7184632 的第 16 个心跳包发送成功
[02:27:39 INF] 【直播间】23447660 的第 16 个心跳包发送成功
[02:27:40 INF] 【直播间】22764265 的第 16 个心跳包发送成功
[02:28:33 INF] 【直播间】23357926 的第 17 个心跳包发送成功
[02:28:34 INF] 【直播间】23040372 的第 17 个心跳包发送成功
[02:28:36 INF] 【直播间】31494 的第 17 个心跳包发送成功
[02:28:37 INF] 【直播间】4015781 的第 17 个心跳包发送成功
[02:28:38 INF] 【直播间】9619073 的第 17 个心跳包发送成功
[02:28:40 INF] 【直播间】407149 的第 17 个心跳包发送成功
[02:28:41 INF] 【直播间】11732699 的第 17 个心跳包发送成功
[02:28:42 INF] 【直播间】929670 的第 17 个心跳包发送成功
[02:28:43 INF] 【直播间】91164 的第 17 个心跳包发送成功
[02:28:45 INF] 【直播间】7184632 的第 17 个心跳包发送成功
[02:28:46 INF] 【直播间】23447660 的第 17 个心跳包发送成功
[02:28:47 INF] 【直播间】22764265 的第 17 个心跳包发送成功
[02:29:40 INF] 【直播间】23357926 的第 18 个心跳包发送成功
[02:29:41 INF] 【直播间】23040372 的第 18 个心跳包发送成功
[02:29:42 INF] 【直播间】31494 的第 18 个心跳包发送成功
[02:29:43 INF] 【直播间】4015781 的第 18 个心跳包发送成功
[02:29:45 INF] 【直播间】9619073 的第 18 个心跳包发送成功
[02:29:46 INF] 【直播间】407149 的第 18 个心跳包发送成功
[02:29:47 INF] 【直播间】11732699 的第 18 个心跳包发送成功
[02:29:48 INF] 【直播间】929670 的第 18 个心跳包发送成功
[02:29:50 INF] 【直播间】91164 的第 18 个心跳包发送成功
[02:29:51 INF] 【直播间】7184632 的第 18 个心跳包发送成功
[02:29:52 INF] 【直播间】23447660 的第 18 个心跳包发送成功
[02:29:54 INF] 【直播间】22764265 的第 18 个心跳包发送成功
[02:30:46 INF] 【直播间】23357926 的第 19 个心跳包发送成功
[02:30:47 INF] 【直播间】23040372 的第 19 个心跳包发送成功
[02:30:49 INF] 【直播间】31494 的第 19 个心跳包发送成功
[02:30:50 INF] 【直播间】4015781 的第 19 个心跳包发送成功
[02:30:51 INF] 【直播间】9619073 的第 19 个心跳包发送成功
[02:30:53 INF] 【直播间】407149 的第 19 个心跳包发送成功
[02:30:54 INF] 【直播间】11732699 的第 19 个心跳包发送成功
[02:30:55 INF] 【直播间】929670 的第 19 个心跳包发送成功
[02:30:57 INF] 【直播间】91164 的第 19 个心跳包发送成功
[02:30:58 INF] 【直播间】7184632 的第 19 个心跳包发送成功
[02:30:59 INF] 【直播间】23447660 的第 19 个心跳包发送成功
[02:31:00 INF] 【直播间】22764265 的第 19 个心跳包发送成功
[02:31:53 INF] 【直播间】23357926 的第 20 个心跳包发送成功
[02:31:54 INF] 【直播间】23040372 的第 20 个心跳包发送成功
[02:31:55 INF] 【直播间】31494 的第 20 个心跳包发送成功
[02:31:56 INF] 【直播间】4015781 的第 20 个心跳包发送成功
[02:31:58 INF] 【直播间】9619073 的第 20 个心跳包发送成功
[02:31:59 INF] 【直播间】407149 的第 20 个心跳包发送成功
[02:32:00 INF] 【直播间】11732699 的第 20 个心跳包发送成功
[02:32:02 INF] 【直播间】929670 的第 20 个心跳包发送成功
[02:32:03 INF] 【直播间】91164 的第 20 个心跳包发送成功
[02:32:04 INF] 【直播间】7184632 的第 20 个心跳包发送成功
[02:32:06 INF] 【直播间】23447660 的第 20 个心跳包发送成功
[02:32:07 INF] 【直播间】22764265 的第 20 个心跳包发送成功
[02:33:00 INF] 【直播间】23357926 的第 21 个心跳包发送成功
[02:33:01 INF] 【直播间】23040372 的第 21 个心跳包发送成功
[02:33:02 INF] 【直播间】31494 的第 21 个心跳包发送成功
[02:33:03 INF] 【直播间】4015781 的第 21 个心跳包发送成功
[02:33:04 INF] 【直播间】9619073 的第 21 个心跳包发送成功
[02:33:06 INF] 【直播间】407149 的第 21 个心跳包发送成功
[02:33:07 INF] 【直播间】11732699 的第 21 个心跳包发送成功
[02:33:08 INF] 【直播间】929670 的第 21 个心跳包发送成功
[02:33:10 INF] 【直播间】91164 的第 21 个心跳包发送成功
[02:33:11 INF] 【直播间】7184632 的第 21 个心跳包发送成功
[02:33:12 INF] 【直播间】23447660 的第 21 个心跳包发送成功
[02:33:14 INF] 【直播间】22764265 的第 21 个心跳包发送成功
[02:34:06 INF] 【直播间】23357926 的第 22 个心跳包发送成功
[02:34:07 INF] 【直播间】23040372 的第 22 个心跳包发送成功
[02:34:09 INF] 【直播间】31494 的第 22 个心跳包发送成功
[02:34:10 INF] 【直播间】4015781 的第 22 个心跳包发送成功
[02:34:11 INF] 【直播间】9619073 的第 22 个心跳包发送成功
[02:34:13 INF] 【直播间】407149 的第 22 个心跳包发送成功
[02:34:14 INF] 【直播间】11732699 的第 22 个心跳包发送成功
[02:34:15 INF] 【直播间】929670 的第 22 个心跳包发送成功
[02:34:16 INF] 【直播间】91164 的第 22 个心跳包发送成功
[02:34:18 INF] 【直播间】7184632 的第 22 个心跳包发送成功
[02:34:19 INF] 【直播间】23447660 的第 22 个心跳包发送成功
[02:34:20 INF] 【直播间】22764265 的第 22 个心跳包发送成功
[02:35:13 INF] 【直播间】23357926 的第 23 个心跳包发送成功
[02:35:14 INF] 【直播间】23040372 的第 23 个心跳包发送成功
[02:35:15 INF] 【直播间】31494 的第 23 个心跳包发送成功
[02:35:16 INF] 【直播间】4015781 的第 23 个心跳包发送成功
[02:35:18 INF] 【直播间】9619073 的第 23 个心跳包发送成功
[02:35:19 INF] 【直播间】407149 的第 23 个心跳包发送成功
[02:35:20 INF] 【直播间】11732699 的第 23 个心跳包发送成功
[02:35:21 INF] 【直播间】929670 的第 23 个心跳包发送成功
[02:35:23 INF] 【直播间】91164 的第 23 个心跳包发送成功
[02:35:24 INF] 【直播间】7184632 的第 23 个心跳包发送成功
[02:35:25 INF] 【直播间】23447660 的第 23 个心跳包发送成功
[02:35:27 INF] 【直播间】22764265 的第 23 个心跳包发送成功
[02:36:19 INF] 【直播间】23357926 的第 24 个心跳包发送成功
[02:36:20 INF] 【直播间】23040372 的第 24 个心跳包发送成功
[02:36:22 INF] 【直播间】31494 的第 24 个心跳包发送成功
[02:36:23 INF] 【直播间】4015781 的第 24 个心跳包发送成功
[02:36:24 INF] 【直播间】9619073 的第 24 个心跳包发送成功
[02:36:25 INF] 【直播间】407149 的第 24 个心跳包发送成功
[02:36:27 INF] 【直播间】11732699 的第 24 个心跳包发送成功
[02:36:28 INF] 【直播间】929670 的第 24 个心跳包发送成功
[02:36:29 INF] 【直播间】91164 的第 24 个心跳包发送成功
[02:36:30 INF] 【直播间】7184632 的第 24 个心跳包发送成功
[02:36:32 INF] 【直播间】23447660 的第 24 个心跳包发送成功
[02:36:33 INF] 【直播间】22764265 的第 24 个心跳包发送成功
[02:37:26 INF] 【直播间】23357926 的第 25 个心跳包发送成功
[02:37:27 INF] 【直播间】23040372 的第 25 个心跳包发送成功
[02:37:28 INF] 【直播间】31494 的第 25 个心跳包发送成功
[02:37:29 INF] 【直播间】4015781 的第 25 个心跳包发送成功
[02:37:31 INF] 【直播间】9619073 的第 25 个心跳包发送成功
[02:37:32 INF] 【直播间】407149 的第 25 个心跳包发送成功
[02:37:33 INF] 【直播间】11732699 的第 25 个心跳包发送成功
[02:37:34 INF] 【直播间】929670 的第 25 个心跳包发送成功
[02:37:36 INF] 【直播间】91164 的第 25 个心跳包发送成功
[02:37:37 INF] 【直播间】7184632 的第 25 个心跳包发送成功
[02:37:38 INF] 【直播间】23447660 的第 25 个心跳包发送成功
[02:37:39 INF] 【直播间】22764265 的第 25 个心跳包发送成功
[02:38:32 INF] 【直播间】23357926 的第 26 个心跳包发送成功
[02:38:33 INF] 【直播间】23040372 的第 26 个心跳包发送成功
[02:38:35 INF] 【直播间】31494 的第 26 个心跳包发送成功
[02:38:36 INF] 【直播间】4015781 的第 26 个心跳包发送成功
[02:38:37 INF] 【直播间】9619073 的第 26 个心跳包发送成功
[02:38:39 INF] 【直播间】407149 的第 26 个心跳包发送成功
[02:38:40 INF] 【直播间】11732699 的第 26 个心跳包发送成功
[02:38:41 INF] 【直播间】929670 的第 26 个心跳包发送成功
[02:38:42 INF] 【直播间】91164 的第 26 个心跳包发送成功
[02:38:44 INF] 【直播间】7184632 的第 26 个心跳包发送成功
[02:38:45 INF] 【直播间】23447660 的第 26 个心跳包发送成功
[02:38:46 INF] 【直播间】22764265 的第 26 个心跳包发送成功
[02:39:39 INF] 【直播间】23357926 的第 27 个心跳包发送成功
[02:39:40 INF] 【直播间】23040372 的第 27 个心跳包发送成功
[02:39:41 INF] 【直播间】31494 的第 27 个心跳包发送成功
[02:39:42 INF] 【直播间】4015781 的第 27 个心跳包发送成功
[02:39:44 INF] 【直播间】9619073 的第 27 个心跳包发送成功
[02:39:45 INF] 【直播间】407149 的第 27 个心跳包发送成功
[02:39:46 INF] 【直播间】11732699 的第 27 个心跳包发送成功
[02:39:47 INF] 【直播间】929670 的第 27 个心跳包发送成功
[02:39:49 INF] 【直播间】91164 的第 27 个心跳包发送成功
[02:39:50 INF] 【直播间】7184632 的第 27 个心跳包发送成功
[02:39:51 INF] 【直播间】23447660 的第 27 个心跳包发送成功
[02:39:52 INF] 【直播间】22764265 的第 27 个心跳包发送成功
[02:40:45 ERR] 【心跳包】直播间 23357926 发送失败
[02:40:45 ERR] 【原因】time check failed
[02:40:46 INF] 【直播间】23040372 的第 28 个心跳包发送成功
[02:40:48 ERR] 【心跳包】直播间 31494 发送失败
[02:40:48 ERR] 【原因】time check failed
[02:40:49 ERR] 【心跳包】直播间 4015781 发送失败
[02:40:49 ERR] 【原因】time check failed
[02:40:50 ERR] 【心跳包】直播间 9619073 发送失败
[02:40:50 ERR] 【原因】time check failed
[02:40:51 ERR] 【心跳包】直播间 407149 发送失败
[02:40:51 ERR] 【原因】time check failed
[02:40:52 ERR] 【心跳包】直播间 11732699 发送失败
[02:40:52 ERR] 【原因】time check failed
[02:40:54 ERR] 【心跳包】直播间 929670 发送失败
[02:40:54 ERR] 【原因】time check failed
[02:40:55 ERR] 【心跳包】直播间 91164 发送失败
[02:40:55 ERR] 【原因】time check failed
[02:40:56 ERR] 【心跳包】直播间 7184632 发送失败
[02:40:56 ERR] 【原因】time check failed
[02:40:57 ERR] 【心跳包】直播间 23447660 发送失败
[02:40:57 ERR] 【原因】time check failed
[02:40:59 ERR] 【心跳包】直播间 22764265 发送失败
[02:40:59 ERR] 【原因】time check failed
[02:41:52 INF] 【直播间】23357926 的第 28 个心跳包发送成功
[02:41:53 ERR] 【心跳包】直播间 23040372 发送失败
[02:41:53 ERR] 【原因】time check failed
[02:41:54 INF] 【直播间】31494 的第 28 个心跳包发送成功
[02:41:55 INF] 【直播间】4015781 的第 28 个心跳包发送成功
[02:41:57 INF] 【直播间】9619073 的第 28 个心跳包发送成功
[02:41:58 INF] 【直播间】407149 的第 28 个心跳包发送成功
[02:41:59 INF] 【直播间】11732699 的第 28 个心跳包发送成功
[02:42:00 INF] 【直播间】929670 的第 28 个心跳包发送成功
[02:42:02 INF] 【直播间】91164 的第 28 个心跳包发送成功
[02:42:03 INF] 【直播间】7184632 的第 28 个心跳包发送成功
[02:42:04 INF] 【直播间】23447660 的第 28 个心跳包发送成功
[02:42:05 INF] 【直播间】22764265 的第 28 个心跳包发送成功
[02:42:58 INF] 【直播间】23357926 的第 29 个心跳包发送成功
[02:42:59 INF] 【直播间】23040372 的第 29 个心跳包发送成功
[02:43:00 INF] 【直播间】31494 的第 29 个心跳包发送成功
[02:43:02 INF] 【直播间】4015781 的第 29 个心跳包发送成功
[02:43:03 INF] 【直播间】9619073 的第 29 个心跳包发送成功
[02:43:04 INF] 【直播间】407149 的第 29 个心跳包发送成功
[02:43:05 INF] 【直播间】11732699 的第 29 个心跳包发送成功
[02:43:07 INF] 【直播间】929670 的第 29 个心跳包发送成功
[02:43:08 INF] 【直播间】91164 的第 29 个心跳包发送成功
[02:43:09 INF] 【直播间】7184632 的第 29 个心跳包发送成功
[02:43:11 INF] 【直播间】23447660 的第 29 个心跳包发送成功
[02:43:12 INF] 【直播间】22764265 的第 29 个心跳包发送成功
[02:44:05 INF] 【直播间】23357926 的第 30 个心跳包发送成功
[02:44:06 INF] 【直播间】23040372 的第 30 个心跳包发送成功
[02:44:07 INF] 【直播间】31494 的第 30 个心跳包发送成功
[02:44:08 INF] 【直播间】4015781 的第 30 个心跳包发送成功
[02:44:10 INF] 【直播间】9619073 的第 30 个心跳包发送成功
[02:44:11 INF] 【直播间】407149 的第 30 个心跳包发送成功
[02:44:12 INF] 【直播间】11732699 的第 30 个心跳包发送成功
[02:44:13 INF] 【直播间】929670 的第 30 个心跳包发送成功
[02:44:15 INF] 【直播间】91164 的第 30 个心跳包发送成功
[02:44:16 INF] 【直播间】7184632 的第 30 个心跳包发送成功
[02:44:17 INF] 【直播间】23447660 的第 30 个心跳包发送成功
[02:44:19 INF] 【直播间】22764265 的第 30 个心跳包发送成功
[02:45:11 INF] 【直播间】23357926 的第 31 个心跳包发送成功
[02:45:13 INF] 【直播间】23040372 的第 31 个心跳包发送成功
[02:45:14 INF] 【直播间】31494 的第 31 个心跳包发送成功
[02:45:15 INF] 【直播间】4015781 的第 31 个心跳包发送成功
[02:45:16 INF] 【直播间】9619073 的第 31 个心跳包发送成功
[02:45:18 INF] 【直播间】407149 的第 31 个心跳包发送成功
[02:45:19 INF] 【直播间】11732699 的第 31 个心跳包发送成功
[02:45:20 INF] 【直播间】929670 的第 31 个心跳包发送成功
[02:45:21 INF] 【直播间】91164 的第 31 个心跳包发送成功
[02:45:23 INF] 【直播间】7184632 的第 31 个心跳包发送成功
[02:45:24 INF] 【直播间】23447660 的第 31 个心跳包发送成功
[02:45:25 INF] 【直播间】22764265 的第 31 个心跳包发送成功
[02:46:18 INF] 【直播间】23357926 的第 32 个心跳包发送成功
[02:46:19 INF] 【直播间】23040372 的第 32 个心跳包发送成功
[02:46:20 INF] 【直播间】31494 的第 32 个心跳包发送成功
[02:46:22 INF] 【直播间】4015781 的第 32 个心跳包发送成功
[02:46:23 INF] 【直播间】9619073 的第 32 个心跳包发送成功
[02:46:24 INF] 【直播间】407149 的第 32 个心跳包发送成功
[02:46:25 INF] 【直播间】11732699 的第 32 个心跳包发送成功
[02:46:26 INF] 【直播间】929670 的第 32 个心跳包发送成功
[02:46:28 INF] 【直播间】91164 的第 32 个心跳包发送成功
[02:46:29 INF] 【直播间】7184632 的第 32 个心跳包发送成功
[02:46:30 INF] 【直播间】23447660 的第 32 个心跳包发送成功
[02:46:32 INF] 【直播间】22764265 的第 32 个心跳包发送成功
[02:47:24 INF] 【直播间】23357926 的第 33 个心跳包发送成功
[02:47:25 INF] 【直播间】23040372 的第 33 个心跳包发送成功
[02:47:27 INF] 【直播间】31494 的第 33 个心跳包发送成功
[02:47:28 INF] 【直播间】4015781 的第 33 个心跳包发送成功
[02:47:29 INF] 【直播间】9619073 的第 33 个心跳包发送成功
[02:47:30 INF] 【直播间】407149 的第 33 个心跳包发送成功
[02:47:32 INF] 【直播间】11732699 的第 33 个心跳包发送成功
[02:47:33 INF] 【直播间】929670 的第 33 个心跳包发送成功
[02:47:34 INF] 【直播间】91164 的第 33 个心跳包发送成功
[02:47:36 INF] 【直播间】7184632 的第 33 个心跳包发送成功
[02:47:37 INF] 【直播间】23447660 的第 33 个心跳包发送成功
[02:47:38 INF] 【直播间】22764265 的第 33 个心跳包发送成功
[02:48:31 INF] 【直播间】23357926 的第 34 个心跳包发送成功
[02:48:32 INF] 【直播间】23040372 的第 34 个心跳包发送成功
[02:48:33 INF] 【直播间】31494 的第 34 个心跳包发送成功
[02:48:34 INF] 【直播间】4015781 的第 34 个心跳包发送成功
[02:48:36 INF] 【直播间】9619073 的第 34 个心跳包发送成功
[02:48:37 INF] 【直播间】407149 的第 34 个心跳包发送成功
[02:48:38 INF] 【直播间】11732699 的第 34 个心跳包发送成功
[02:48:39 INF] 【直播间】929670 的第 34 个心跳包发送成功
[02:48:41 INF] 【直播间】91164 的第 34 个心跳包发送成功
[02:48:42 INF] 【直播间】7184632 的第 34 个心跳包发送成功
[02:48:43 INF] 【直播间】23447660 的第 34 个心跳包发送成功
[02:48:44 INF] 【直播间】22764265 的第 34 个心跳包发送成功
[02:49:37 INF] 【直播间】23357926 的第 35 个心跳包发送成功
[02:49:39 INF] 【直播间】23040372 的第 35 个心跳包发送成功
[02:49:40 INF] 【直播间】31494 的第 35 个心跳包发送成功
[02:49:41 INF] 【直播间】4015781 的第 35 个心跳包发送成功
[02:49:42 INF] 【直播间】9619073 的第 35 个心跳包发送成功
[02:49:44 INF] 【直播间】407149 的第 35 个心跳包发送成功
[02:49:45 INF] 【直播间】11732699 的第 35 个心跳包发送成功
[02:49:46 INF] 【直播间】929670 的第 35 个心跳包发送成功
[02:49:47 INF] 【直播间】91164 的第 35 个心跳包发送成功
[02:49:49 INF] 【直播间】7184632 的第 35 个心跳包发送成功
[02:49:50 INF] 【直播间】23447660 的第 35 个心跳包发送成功
[02:49:51 INF] 【直播间】22764265 的第 35 个心跳包发送成功
[02:50:44 INF] 【直播间】23357926 的第 36 个心跳包发送成功
[02:50:45 INF] 【直播间】23040372 的第 36 个心跳包发送成功
[02:50:47 INF] 【直播间】31494 的第 36 个心跳包发送成功
[02:50:48 INF] 【直播间】4015781 的第 36 个心跳包发送成功
[02:50:49 INF] 【直播间】9619073 的第 36 个心跳包发送成功
[02:50:50 INF] 【直播间】407149 的第 36 个心跳包发送成功
[02:50:51 INF] 【直播间】11732699 的第 36 个心跳包发送成功
[02:50:53 INF] 【直播间】929670 的第 36 个心跳包发送成功
[02:50:54 INF] 【直播间】91164 的第 36 个心跳包发送成功
[02:50:55 INF] 【直播间】7184632 的第 36 个心跳包发送成功
[02:50:56 INF] 【直播间】23447660 的第 36 个心跳包发送成功
[02:50:58 INF] 【直播间】22764265 的第 36 个心跳包发送成功
[02:51:50 INF] 【直播间】23357926 的第 37 个心跳包发送成功
[02:51:52 INF] 【直播间】23040372 的第 37 个心跳包发送成功
[02:51:53 INF] 【直播间】31494 的第 37 个心跳包发送成功
[02:51:54 INF] 【直播间】4015781 的第 37 个心跳包发送成功
[02:51:56 INF] 【直播间】9619073 的第 37 个心跳包发送成功
[02:51:57 INF] 【直播间】407149 的第 37 个心跳包发送成功
[02:51:58 INF] 【直播间】11732699 的第 37 个心跳包发送成功
[02:51:59 INF] 【直播间】929670 的第 37 个心跳包发送成功
[02:52:01 INF] 【直播间】91164 的第 37 个心跳包发送成功
[02:52:02 INF] 【直播间】7184632 的第 37 个心跳包发送成功
[02:52:03 INF] 【直播间】23447660 的第 37 个心跳包发送成功
[02:52:04 INF] 【直播间】22764265 的第 37 个心跳包发送成功
[02:52:57 INF] 【直播间】23357926 的第 38 个心跳包发送成功
[02:52:58 INF] 【直播间】23040372 的第 38 个心跳包发送成功
[02:53:00 INF] 【直播间】31494 的第 38 个心跳包发送成功
[02:53:01 INF] 【直播间】4015781 的第 38 个心跳包发送成功
[02:53:02 INF] 【直播间】9619073 的第 38 个心跳包发送成功
[02:53:03 INF] 【直播间】407149 的第 38 个心跳包发送成功
[02:53:05 INF] 【直播间】11732699 的第 38 个心跳包发送成功
[02:53:06 INF] 【直播间】929670 的第 38 个心跳包发送成功
[02:53:07 INF] 【直播间】91164 的第 38 个心跳包发送成功
[02:53:08 INF] 【直播间】7184632 的第 38 个心跳包发送成功
[02:53:10 INF] 【直播间】23447660 的第 38 个心跳包发送成功
[02:53:11 INF] 【直播间】22764265 的第 38 个心跳包发送成功
[02:54:03 INF] 【直播间】23357926 的第 39 个心跳包发送成功
[02:54:05 INF] 【直播间】23040372 的第 39 个心跳包发送成功
[02:54:06 INF] 【直播间】31494 的第 39 个心跳包发送成功
[02:54:07 INF] 【直播间】4015781 的第 39 个心跳包发送成功
[02:54:08 INF] 【直播间】9619073 的第 39 个心跳包发送成功
[02:54:10 INF] 【直播间】407149 的第 39 个心跳包发送成功
[02:54:11 INF] 【直播间】11732699 的第 39 个心跳包发送成功
[02:54:12 INF] 【直播间】929670 的第 39 个心跳包发送成功
[02:54:13 INF] 【直播间】91164 的第 39 个心跳包发送成功
[02:54:15 INF] 【直播间】7184632 的第 39 个心跳包发送成功
[02:54:16 INF] 【直播间】23447660 的第 39 个心跳包发送成功
[02:54:17 INF] 【直播间】22764265 的第 39 个心跳包发送成功
[02:55:10 INF] 【直播间】23357926 的第 40 个心跳包发送成功
[02:55:11 INF] 【直播间】23040372 的第 40 个心跳包发送成功
[02:55:12 INF] 【直播间】31494 的第 40 个心跳包发送成功
[02:55:14 INF] 【直播间】4015781 的第 40 个心跳包发送成功
[02:55:15 INF] 【直播间】9619073 的第 40 个心跳包发送成功
[02:55:16 INF] 【直播间】407149 的第 40 个心跳包发送成功
[02:55:17 INF] 【直播间】11732699 的第 40 个心跳包发送成功
[02:55:19 INF] 【直播间】929670 的第 40 个心跳包发送成功
[02:55:20 INF] 【直播间】91164 的第 40 个心跳包发送成功
[02:55:21 INF] 【直播间】7184632 的第 40 个心跳包发送成功
[02:55:23 INF] 【直播间】23447660 的第 40 个心跳包发送成功
[02:55:24 INF] 【直播间】22764265 的第 40 个心跳包发送成功
[02:56:17 ERR] 【心跳包】直播间 23357926 发送失败
[02:56:17 ERR] 【原因】time check failed
[02:56:18 INF] 【直播间】23040372 的第 41 个心跳包发送成功
[02:56:19 ERR] 【心跳包】直播间 31494 发送失败
[02:56:19 ERR] 【原因】time check failed
[02:56:20 ERR] 【心跳包】直播间 4015781 发送失败
[02:56:20 ERR] 【原因】time check failed
[02:56:22 ERR] 【心跳包】直播间 9619073 发送失败
[02:56:22 ERR] 【原因】time check failed
[02:56:23 ERR] 【心跳包】直播间 407149 发送失败
[02:56:23 ERR] 【原因】time check failed
[02:56:24 ERR] 【心跳包】直播间 11732699 发送失败
[02:56:24 ERR] 【原因】time check failed
[02:56:25 ERR] 【心跳包】直播间 929670 发送失败
[02:56:25 ERR] 【原因】time check failed
[02:56:27 ERR] 【心跳包】直播间 91164 发送失败
[02:56:27 ERR] 【原因】time check failed
[02:56:28 ERR] 【心跳包】直播间 7184632 发送失败
[02:56:28 ERR] 【原因】time check failed
[02:56:29 ERR] 【心跳包】直播间 23447660 发送失败
[02:56:29 ERR] 【原因】time check failed
[02:56:31 ERR] 【心跳包】直播间 22764265 发送失败
[02:56:31 ERR] 【原因】time check failed
[02:57:23 INF] 【直播间】23357926 的第 41 个心跳包发送成功
[02:57:24 ERR] 【心跳包】直播间 23040372 发送失败
[02:57:24 ERR] 【原因】time check failed
[02:57:26 INF] 【直播间】31494 的第 41 个心跳包发送成功
[02:57:27 INF] 【直播间】4015781 的第 41 个心跳包发送成功
[02:57:28 INF] 【直播间】9619073 的第 41 个心跳包发送成功
[02:57:29 INF] 【直播间】407149 的第 41 个心跳包发送成功
[02:57:31 INF] 【直播间】11732699 的第 41 个心跳包发送成功
[02:57:32 INF] 【直播间】929670 的第 41 个心跳包发送成功
[02:57:33 INF] 【直播间】91164 的第 41 个心跳包发送成功
[02:57:34 INF] 【直播间】7184632 的第 41 个心跳包发送成功
[02:57:36 INF] 【直播间】23447660 的第 41 个心跳包发送成功
[02:57:37 INF] 【直播间】22764265 的第 41 个心跳包发送成功
[02:58:30 INF] 【直播间】23357926 的第 42 个心跳包发送成功
[02:58:31 INF] 【直播间】23040372 的第 42 个心跳包发送成功
[02:58:32 INF] 【直播间】31494 的第 42 个心跳包发送成功
[02:58:33 INF] 【直播间】4015781 的第 42 个心跳包发送成功
[02:58:35 INF] 【直播间】9619073 的第 42 个心跳包发送成功
[02:58:36 INF] 【直播间】407149 的第 42 个心跳包发送成功
[02:58:37 INF] 【直播间】11732699 的第 42 个心跳包发送成功
[02:58:38 INF] 【直播间】929670 的第 42 个心跳包发送成功
[02:58:40 INF] 【直播间】91164 的第 42 个心跳包发送成功
[02:58:41 INF] 【直播间】7184632 的第 42 个心跳包发送成功
[02:58:42 INF] 【直播间】23447660 的第 42 个心跳包发送成功
[02:58:44 INF] 【直播间】22764265 的第 42 个心跳包发送成功
[02:59:36 INF] 【直播间】23357926 的第 43 个心跳包发送成功
[02:59:37 INF] 【直播间】23040372 的第 43 个心跳包发送成功
[02:59:39 INF] 【直播间】31494 的第 43 个心跳包发送成功
[02:59:40 INF] 【直播间】4015781 的第 43 个心跳包发送成功
[02:59:41 INF] 【直播间】9619073 的第 43 个心跳包发送成功
[02:59:42 INF] 【直播间】407149 的第 43 个心跳包发送成功
[02:59:44 INF] 【直播间】11732699 的第 43 个心跳包发送成功
[02:59:45 INF] 【直播间】929670 的第 43 个心跳包发送成功
[02:59:46 INF] 【直播间】91164 的第 43 个心跳包发送成功
[02:59:47 INF] 【直播间】7184632 的第 43 个心跳包发送成功
[02:59:49 INF] 【直播间】23447660 的第 43 个心跳包发送成功
[02:59:50 INF] 【直播间】22764265 的第 43 个心跳包发送成功
[03:00:43 INF] 【直播间】23357926 的第 44 个心跳包发送成功
[03:00:44 INF] 【直播间】23040372 的第 44 个心跳包发送成功
[03:00:45 INF] 【直播间】31494 的第 44 个心跳包发送成功
[03:00:47 INF] 【直播间】4015781 的第 44 个心跳包发送成功
[03:00:48 INF] 【直播间】9619073 的第 44 个心跳包发送成功
[03:00:49 INF] 【直播间】407149 的第 44 个心跳包发送成功
[03:00:50 INF] 【直播间】11732699 的第 44 个心跳包发送成功
[03:00:52 INF] 【直播间】929670 的第 44 个心跳包发送成功
[03:00:53 INF] 【直播间】91164 的第 44 个心跳包发送成功
[03:00:54 INF] 【直播间】7184632 的第 44 个心跳包发送成功
[03:00:55 INF] 【直播间】23447660 的第 44 个心跳包发送成功
[03:00:57 INF] 【直播间】22764265 的第 44 个心跳包发送成功
[03:01:50 INF] 【直播间】23357926 的第 45 个心跳包发送成功
[03:01:51 INF] 【直播间】23040372 的第 45 个心跳包发送成功
[03:01:52 INF] 【直播间】31494 的第 45 个心跳包发送成功
[03:01:54 INF] 【直播间】4015781 的第 45 个心跳包发送成功
[03:01:55 INF] 【直播间】9619073 的第 45 个心跳包发送成功
[03:01:56 INF] 【直播间】407149 的第 45 个心跳包发送成功
[03:01:57 INF] 【直播间】11732699 的第 45 个心跳包发送成功
[03:01:59 INF] 【直播间】929670 的第 45 个心跳包发送成功
[03:02:00 INF] 【直播间】91164 的第 45 个心跳包发送成功
[03:02:01 INF] 【直播间】7184632 的第 45 个心跳包发送成功
[03:02:02 INF] 【直播间】23447660 的第 45 个心跳包发送成功
[03:02:04 INF] 【直播间】22764265 的第 45 个心跳包发送成功
[03:02:56 INF] 【直播间】23357926 的第 46 个心跳包发送成功
[03:02:58 INF] 【直播间】23040372 的第 46 个心跳包发送成功
[03:02:59 INF] 【直播间】31494 的第 46 个心跳包发送成功
[03:03:00 INF] 【直播间】4015781 的第 46 个心跳包发送成功
[03:03:01 INF] 【直播间】9619073 的第 46 个心跳包发送成功
[03:03:03 INF] 【直播间】407149 的第 46 个心跳包发送成功
[03:03:04 INF] 【直播间】11732699 的第 46 个心跳包发送成功
[03:03:05 INF] 【直播间】929670 的第 46 个心跳包发送成功
[03:03:06 INF] 【直播间】91164 的第 46 个心跳包发送成功
[03:03:08 INF] 【直播间】7184632 的第 46 个心跳包发送成功
[03:03:09 INF] 【直播间】23447660 的第 46 个心跳包发送成功
[03:03:10 INF] 【直播间】22764265 的第 46 个心跳包发送成功
[03:04:03 INF] 【直播间】23357926 的第 47 个心跳包发送成功
[03:04:04 INF] 【直播间】23040372 的第 47 个心跳包发送成功
[03:04:05 INF] 【直播间】31494 的第 47 个心跳包发送成功
[03:04:06 INF] 【直播间】4015781 的第 47 个心跳包发送成功
[03:04:08 INF] 【直播间】9619073 的第 47 个心跳包发送成功
[03:04:09 INF] 【直播间】407149 的第 47 个心跳包发送成功
[03:04:11 INF] 【直播间】11732699 的第 47 个心跳包发送成功
[03:04:12 INF] 【直播间】929670 的第 47 个心跳包发送成功
[03:04:13 INF] 【直播间】91164 的第 47 个心跳包发送成功
[03:04:14 INF] 【直播间】7184632 的第 47 个心跳包发送成功
[03:04:16 INF] 【直播间】23447660 的第 47 个心跳包发送成功
[03:04:17 INF] 【直播间】22764265 的第 47 个心跳包发送成功
[03:05:09 INF] 【直播间】23357926 的第 48 个心跳包发送成功
[03:05:11 INF] 【直播间】23040372 的第 48 个心跳包发送成功
[03:05:12 INF] 【直播间】31494 的第 48 个心跳包发送成功
[03:05:13 INF] 【直播间】4015781 的第 48 个心跳包发送成功
[03:05:14 INF] 【直播间】9619073 的第 48 个心跳包发送成功
[03:05:16 INF] 【直播间】407149 的第 48 个心跳包发送成功
[03:05:17 INF] 【直播间】11732699 的第 48 个心跳包发送成功
[03:05:18 INF] 【直播间】929670 的第 48 个心跳包发送成功
[03:05:19 INF] 【直播间】91164 的第 48 个心跳包发送成功
[03:05:21 INF] 【直播间】7184632 的第 48 个心跳包发送成功
[03:05:22 INF] 【直播间】23447660 的第 48 个心跳包发送成功
[03:05:23 INF] 【直播间】22764265 的第 48 个心跳包发送成功
[03:06:16 INF] 【直播间】23357926 的第 49 个心跳包发送成功
[03:06:17 INF] 【直播间】23040372 的第 49 个心跳包发送成功
[03:06:19 INF] 【直播间】31494 的第 49 个心跳包发送成功
[03:06:20 INF] 【直播间】4015781 的第 49 个心跳包发送成功
[03:06:21 INF] 【直播间】9619073 的第 49 个心跳包发送成功
[03:06:22 INF] 【直播间】407149 的第 49 个心跳包发送成功
[03:06:24 INF] 【直播间】11732699 的第 49 个心跳包发送成功
[03:06:25 INF] 【直播间】929670 的第 49 个心跳包发送成功
[03:06:26 INF] 【直播间】91164 的第 49 个心跳包发送成功
[03:06:27 INF] 【直播间】7184632 的第 49 个心跳包发送成功
[03:06:29 INF] 【直播间】23447660 的第 49 个心跳包发送成功
[03:06:30 INF] 【直播间】22764265 的第 49 个心跳包发送成功
[03:07:23 INF] 【直播间】23357926 的第 50 个心跳包发送成功
[03:07:24 INF] 【直播间】23040372 的第 50 个心跳包发送成功
[03:07:25 INF] 【直播间】31494 的第 50 个心跳包发送成功
[03:07:27 INF] 【直播间】4015781 的第 50 个心跳包发送成功
[03:07:28 INF] 【直播间】9619073 的第 50 个心跳包发送成功
[03:07:29 INF] 【直播间】407149 的第 50 个心跳包发送成功
[03:07:31 INF] 【直播间】11732699 的第 50 个心跳包发送成功
[03:07:32 INF] 【直播间】929670 的第 50 个心跳包发送成功
[03:07:33 INF] 【直播间】91164 的第 50 个心跳包发送成功
[03:07:34 INF] 【直播间】7184632 的第 50 个心跳包发送成功
[03:07:36 INF] 【直播间】23447660 的第 50 个心跳包发送成功
[03:07:37 INF] 【直播间】22764265 的第 50 个心跳包发送成功
[03:08:29 INF] 【直播间】23357926 的第 51 个心跳包发送成功
[03:08:30 INF] 【直播间】23040372 的第 51 个心跳包发送成功
[03:08:32 INF] 【直播间】31494 的第 51 个心跳包发送成功
[03:08:33 INF] 【直播间】4015781 的第 51 个心跳包发送成功
[03:08:34 INF] 【直播间】9619073 的第 51 个心跳包发送成功
[03:08:36 INF] 【直播间】407149 的第 51 个心跳包发送成功
[03:08:37 INF] 【直播间】11732699 的第 51 个心跳包发送成功
[03:08:38 INF] 【直播间】929670 的第 51 个心跳包发送成功
[03:08:39 INF] 【直播间】91164 的第 51 个心跳包发送成功
[03:08:41 INF] 【直播间】7184632 的第 51 个心跳包发送成功
[03:08:42 INF] 【直播间】23447660 的第 51 个心跳包发送成功
[03:08:43 INF] 【直播间】22764265 的第 51 个心跳包发送成功
[03:09:36 INF] 【直播间】23357926 的第 52 个心跳包发送成功
[03:09:37 INF] 【直播间】23040372 的第 52 个心跳包发送成功
[03:09:38 INF] 【直播间】31494 的第 52 个心跳包发送成功
[03:09:39 INF] 【直播间】4015781 的第 52 个心跳包发送成功
[03:09:41 INF] 【直播间】9619073 的第 52 个心跳包发送成功
[03:09:42 INF] 【直播间】407149 的第 52 个心跳包发送成功
[03:09:43 INF] 【直播间】11732699 的第 52 个心跳包发送成功
[03:09:44 INF] 【直播间】929670 的第 52 个心跳包发送成功
[03:09:46 INF] 【直播间】91164 的第 52 个心跳包发送成功
[03:09:47 INF] 【直播间】7184632 的第 52 个心跳包发送成功
[03:09:48 INF] 【直播间】23447660 的第 52 个心跳包发送成功
[03:09:50 INF] 【直播间】22764265 的第 52 个心跳包发送成功
[03:10:42 INF] 【直播间】23357926 的第 53 个心跳包发送成功
[03:10:43 INF] 【直播间】23040372 的第 53 个心跳包发送成功
[03:10:45 INF] 【直播间】31494 的第 53 个心跳包发送成功
[03:10:46 INF] 【直播间】4015781 的第 53 个心跳包发送成功
[03:10:47 INF] 【直播间】9619073 的第 53 个心跳包发送成功
[03:10:48 INF] 【直播间】407149 的第 53 个心跳包发送成功
[03:10:50 INF] 【直播间】11732699 的第 53 个心跳包发送成功
[03:10:51 INF] 【直播间】929670 的第 53 个心跳包发送成功
[03:10:52 INF] 【直播间】91164 的第 53 个心跳包发送成功
[03:10:53 INF] 【直播间】7184632 的第 53 个心跳包发送成功
[03:10:55 INF] 【直播间】23447660 的第 53 个心跳包发送成功
[03:10:56 INF] 【直播间】22764265 的第 53 个心跳包发送成功
[03:11:49 ERR] 【心跳包】直播间 23357926 发送失败
[03:11:49 ERR] 【原因】time check failed
[03:11:50 INF] 【直播间】23040372 的第 54 个心跳包发送成功
[03:11:51 ERR] 【心跳包】直播间 31494 发送失败
[03:11:51 ERR] 【原因】time check failed
[03:11:52 ERR] 【心跳包】直播间 4015781 发送失败
[03:11:52 ERR] 【原因】time check failed
[03:11:54 ERR] 【心跳包】直播间 9619073 发送失败
[03:11:54 ERR] 【原因】time check failed
[03:11:55 ERR] 【心跳包】直播间 407149 发送失败
[03:11:55 ERR] 【原因】time check failed
[03:11:56 ERR] 【心跳包】直播间 11732699 发送失败
[03:11:56 ERR] 【原因】time check failed
[03:11:57 ERR] 【心跳包】直播间 929670 发送失败
[03:11:57 ERR] 【原因】time check failed
[03:11:59 ERR] 【心跳包】直播间 91164 发送失败
[03:11:59 ERR] 【原因】time check failed
[03:12:00 ERR] 【心跳包】直播间 7184632 发送失败
[03:12:00 ERR] 【原因】time check failed
[03:12:01 ERR] 【心跳包】直播间 23447660 发送失败
[03:12:01 ERR] 【原因】time check failed
[03:12:02 ERR] 【心跳包】直播间 22764265 发送失败
[03:12:02 ERR] 【原因】time check failed
[03:12:55 INF] 【直播间】23357926 的第 54 个心跳包发送成功
[03:12:56 ERR] 【心跳包】直播间 23040372 发送失败
[03:12:56 ERR] 【原因】time check failed
[03:12:58 INF] 【直播间】31494 的第 54 个心跳包发送成功
[03:12:59 INF] 【直播间】4015781 的第 54 个心跳包发送成功
[03:13:00 INF] 【直播间】9619073 的第 54 个心跳包发送成功
[03:13:02 INF] 【直播间】407149 的第 54 个心跳包发送成功
[03:13:03 INF] 【直播间】11732699 的第 54 个心跳包发送成功
[03:13:04 INF] 【直播间】929670 的第 54 个心跳包发送成功
[03:13:06 INF] 【直播间】91164 的第 54 个心跳包发送成功
[03:13:07 INF] 【直播间】7184632 的第 54 个心跳包发送成功
[03:13:08 INF] 【直播间】23447660 的第 54 个心跳包发送成功
[03:13:09 INF] 【直播间】22764265 的第 54 个心跳包发送成功
[03:14:02 INF] 【直播间】23357926 的第 55 个心跳包发送成功
[03:14:03 INF] 【直播间】23040372 的第 55 个心跳包发送成功
[03:14:04 INF] 【直播间】31494 的第 55 个心跳包发送成功
[03:14:05 INF] 【直播间】4015781 的第 55 个心跳包发送成功
[03:14:07 INF] 【直播间】9619073 的第 55 个心跳包发送成功
[03:14:08 INF] 【直播间】407149 的第 55 个心跳包发送成功
[03:14:09 INF] 【直播间】11732699 的第 55 个心跳包发送成功
[03:14:11 INF] 【直播间】929670 的第 55 个心跳包发送成功
[03:14:12 INF] 【直播间】91164 的第 55 个心跳包发送成功
[03:14:13 INF] 【直播间】7184632 的第 55 个心跳包发送成功
[03:14:15 INF] 【直播间】23447660 的第 55 个心跳包发送成功
[03:14:16 INF] 【直播间】22764265 的第 55 个心跳包发送成功
[03:15:08 INF] 【直播间】23357926 的第 56 个心跳包发送成功
[03:15:09 INF] 【直播间】23040372 的第 56 个心跳包发送成功
[03:15:11 INF] 【直播间】31494 的第 56 个心跳包发送成功
[03:15:12 INF] 【直播间】4015781 的第 56 个心跳包发送成功
[03:15:13 INF] 【直播间】9619073 的第 56 个心跳包发送成功
[03:15:15 INF] 【直播间】407149 的第 56 个心跳包发送成功
[03:15:16 INF] 【直播间】11732699 的第 56 个心跳包发送成功
[03:15:17 INF] 【直播间】929670 的第 56 个心跳包发送成功
[03:15:18 INF] 【直播间】91164 的第 56 个心跳包发送成功
[03:15:20 INF] 【直播间】7184632 的第 56 个心跳包发送成功
[03:15:21 INF] 【直播间】23447660 的第 56 个心跳包发送成功
[03:15:22 INF] 【直播间】22764265 的第 56 个心跳包发送成功
[03:16:15 INF] 【直播间】23357926 的第 57 个心跳包发送成功
[03:16:16 INF] 【直播间】23040372 的第 57 个心跳包发送成功
[03:16:17 INF] 【直播间】31494 的第 57 个心跳包发送成功
[03:16:18 INF] 【直播间】4015781 的第 57 个心跳包发送成功
[03:16:20 INF] 【直播间】9619073 的第 57 个心跳包发送成功
[03:16:21 INF] 【直播间】407149 的第 57 个心跳包发送成功
[03:16:22 INF] 【直播间】11732699 的第 57 个心跳包发送成功
[03:16:23 INF] 【直播间】929670 的第 57 个心跳包发送成功
[03:16:25 INF] 【直播间】91164 的第 57 个心跳包发送成功
[03:16:26 INF] 【直播间】7184632 的第 57 个心跳包发送成功
[03:16:27 INF] 【直播间】23447660 的第 57 个心跳包发送成功
[03:16:28 INF] 【直播间】22764265 的第 57 个心跳包发送成功
[03:17:21 INF] 【直播间】23357926 的第 58 个心跳包发送成功
[03:17:23 INF] 【直播间】23040372 的第 58 个心跳包发送成功
[03:17:24 INF] 【直播间】31494 的第 58 个心跳包发送成功
[03:17:25 INF] 【直播间】4015781 的第 58 个心跳包发送成功
[03:17:26 INF] 【直播间】9619073 的第 58 个心跳包发送成功
[03:17:28 INF] 【直播间】407149 的第 58 个心跳包发送成功
[03:17:29 INF] 【直播间】11732699 的第 58 个心跳包发送成功
[03:17:30 INF] 【直播间】929670 的第 58 个心跳包发送成功
[03:17:31 INF] 【直播间】91164 的第 58 个心跳包发送成功
[03:17:33 INF] 【直播间】7184632 的第 58 个心跳包发送成功
[03:17:34 INF] 【直播间】23447660 的第 58 个心跳包发送成功
[03:17:35 INF] 【直播间】22764265 的第 58 个心跳包发送成功
[03:18:28 INF] 【直播间】23357926 的第 59 个心跳包发送成功
[03:18:29 INF] 【直播间】23040372 的第 59 个心跳包发送成功
[03:18:31 INF] 【直播间】31494 的第 59 个心跳包发送成功
[03:18:32 INF] 【直播间】4015781 的第 59 个心跳包发送成功
[03:18:33 INF] 【直播间】9619073 的第 59 个心跳包发送成功
[03:18:34 INF] 【直播间】407149 的第 59 个心跳包发送成功
[03:18:36 INF] 【直播间】11732699 的第 59 个心跳包发送成功
[03:18:37 INF] 【直播间】929670 的第 59 个心跳包发送成功
[03:18:38 INF] 【直播间】91164 的第 59 个心跳包发送成功
[03:18:39 INF] 【直播间】7184632 的第 59 个心跳包发送成功
[03:18:41 INF] 【直播间】23447660 的第 59 个心跳包发送成功
[03:18:42 INF] 【直播间】22764265 的第 59 个心跳包发送成功
[03:19:35 INF] 【直播间】23357926 的第 60 个心跳包发送成功
[03:19:36 INF] 【直播间】23040372 的第 60 个心跳包发送成功
[03:19:37 INF] 【直播间】31494 的第 60 个心跳包发送成功
[03:19:38 INF] 【直播间】4015781 的第 60 个心跳包发送成功
[03:19:40 INF] 【直播间】9619073 的第 60 个心跳包发送成功
[03:19:41 INF] 【直播间】407149 的第 60 个心跳包发送成功
[03:19:42 INF] 【直播间】11732699 的第 60 个心跳包发送成功
[03:19:43 INF] 【直播间】929670 的第 60 个心跳包发送成功
[03:19:44 INF] 【直播间】91164 的第 60 个心跳包发送成功
[03:19:46 INF] 【直播间】7184632 的第 60 个心跳包发送成功
[03:19:47 INF] 【直播间】23447660 的第 60 个心跳包发送成功
[03:19:48 INF] 【直播间】22764265 的第 60 个心跳包发送成功
[03:20:41 INF] 【直播间】23357926 的第 61 个心跳包发送成功
[03:20:43 INF] 【直播间】23040372 的第 61 个心跳包发送成功
[03:20:44 INF] 【直播间】31494 的第 61 个心跳包发送成功
[03:20:45 INF] 【直播间】4015781 的第 61 个心跳包发送成功
[03:20:46 INF] 【直播间】9619073 的第 61 个心跳包发送成功
[03:20:48 INF] 【直播间】407149 的第 61 个心跳包发送成功
[03:20:49 INF] 【直播间】11732699 的第 61 个心跳包发送成功
[03:20:50 INF] 【直播间】929670 的第 61 个心跳包发送成功
[03:20:51 INF] 【直播间】91164 的第 61 个心跳包发送成功
[03:20:53 INF] 【直播间】7184632 的第 61 个心跳包发送成功
[03:20:54 INF] 【直播间】23447660 的第 61 个心跳包发送成功
[03:20:55 INF] 【直播间】22764265 的第 61 个心跳包发送成功
[03:21:48 INF] 【直播间】23357926 的第 62 个心跳包发送成功
[03:21:49 INF] 【直播间】23040372 的第 62 个心跳包发送成功
[03:21:50 INF] 【直播间】31494 的第 62 个心跳包发送成功
[03:21:51 INF] 【直播间】4015781 的第 62 个心跳包发送成功
[03:21:53 INF] 【直播间】9619073 的第 62 个心跳包发送成功
[03:21:54 INF] 【直播间】407149 的第 62 个心跳包发送成功
[03:21:55 INF] 【直播间】11732699 的第 62 个心跳包发送成功
[03:21:56 INF] 【直播间】929670 的第 62 个心跳包发送成功
[03:21:58 INF] 【直播间】91164 的第 62 个心跳包发送成功
[03:21:59 INF] 【直播间】7184632 的第 62 个心跳包发送成功
[03:22:00 INF] 【直播间】23447660 的第 62 个心跳包发送成功
[03:22:01 INF] 【直播间】22764265 的第 62 个心跳包发送成功
[03:22:54 INF] 【直播间】23357926 的第 63 个心跳包发送成功
[03:22:56 INF] 【直播间】23040372 的第 63 个心跳包发送成功
[03:22:57 INF] 【直播间】31494 的第 63 个心跳包发送成功
[03:22:58 INF] 【直播间】4015781 的第 63 个心跳包发送成功
[03:22:59 INF] 【直播间】9619073 的第 63 个心跳包发送成功
[03:23:01 INF] 【直播间】407149 的第 63 个心跳包发送成功
[03:23:02 INF] 【直播间】11732699 的第 63 个心跳包发送成功
[03:23:03 INF] 【直播间】929670 的第 63 个心跳包发送成功
[03:23:04 INF] 【直播间】91164 的第 63 个心跳包发送成功
[03:23:06 INF] 【直播间】7184632 的第 63 个心跳包发送成功
[03:23:07 INF] 【直播间】23447660 的第 63 个心跳包发送成功
[03:23:08 INF] 【直播间】22764265 的第 63 个心跳包发送成功
[03:24:01 INF] 【直播间】23357926 的第 64 个心跳包发送成功
[03:24:02 INF] 【直播间】23040372 的第 64 个心跳包发送成功
[03:24:03 INF] 【直播间】31494 的第 64 个心跳包发送成功
[03:24:05 INF] 【直播间】4015781 的第 64 个心跳包发送成功
[03:24:06 INF] 【直播间】9619073 的第 64 个心跳包发送成功
[03:24:07 INF] 【直播间】407149 的第 64 个心跳包发送成功
[03:24:08 INF] 【直播间】11732699 的第 64 个心跳包发送成功
[03:24:10 INF] 【直播间】929670 的第 64 个心跳包发送成功
[03:24:11 INF] 【直播间】91164 的第 64 个心跳包发送成功
[03:24:12 INF] 【直播间】7184632 的第 64 个心跳包发送成功
[03:24:13 INF] 【直播间】23447660 的第 64 个心跳包发送成功
[03:24:15 INF] 【直播间】22764265 的第 64 个心跳包发送成功
[03:25:07 INF] 【直播间】23357926 的第 65 个心跳包发送成功
[03:25:09 INF] 【直播间】23040372 的第 65 个心跳包发送成功
[03:25:10 INF] 【直播间】31494 的第 65 个心跳包发送成功
[03:25:11 INF] 【直播间】4015781 的第 65 个心跳包发送成功
[03:25:12 INF] 【直播间】9619073 的第 65 个心跳包发送成功
[03:25:14 INF] 【直播间】407149 的第 65 个心跳包发送成功
[03:25:15 INF] 【直播间】11732699 的第 65 个心跳包发送成功
[03:25:16 INF] 【直播间】929670 的第 65 个心跳包发送成功
[03:25:17 INF] 【直播间】91164 的第 65 个心跳包发送成功
[03:25:18 INF] 【直播间】7184632 的第 65 个心跳包发送成功
[03:25:20 INF] 【直播间】23447660 的第 65 个心跳包发送成功
[03:25:21 INF] 【直播间】22764265 的第 65 个心跳包发送成功
[03:26:14 INF] 【直播间】23357926 的第 66 个心跳包发送成功
[03:26:15 INF] 【直播间】23040372 的第 66 个心跳包发送成功
[03:26:16 INF] 【直播间】31494 的第 66 个心跳包发送成功
[03:26:18 INF] 【直播间】4015781 的第 66 个心跳包发送成功
[03:26:19 INF] 【直播间】9619073 的第 66 个心跳包发送成功
[03:26:20 INF] 【直播间】407149 的第 66 个心跳包发送成功
[03:26:21 INF] 【直播间】11732699 的第 66 个心跳包发送成功
[03:26:23 INF] 【直播间】929670 的第 66 个心跳包发送成功
[03:26:24 INF] 【直播间】91164 的第 66 个心跳包发送成功
[03:26:25 INF] 【直播间】7184632 的第 66 个心跳包发送成功
[03:26:26 INF] 【直播间】23447660 的第 66 个心跳包发送成功
[03:26:28 INF] 【直播间】22764265 的第 66 个心跳包发送成功
[03:27:21 ERR] 【心跳包】直播间 23357926 发送失败
[03:27:21 ERR] 【原因】time check failed
[03:27:22 INF] 【直播间】23040372 的第 67 个心跳包发送成功
[03:27:23 ERR] 【心跳包】直播间 31494 发送失败
[03:27:23 ERR] 【原因】time check failed
[03:27:24 ERR] 【心跳包】直播间 4015781 发送失败
[03:27:24 ERR] 【原因】time check failed
[03:27:26 ERR] 【心跳包】直播间 9619073 发送失败
[03:27:26 ERR] 【原因】time check failed
[03:27:27 ERR] 【心跳包】直播间 407149 发送失败
[03:27:27 ERR] 【原因】time check failed
[03:27:28 ERR] 【心跳包】直播间 11732699 发送失败
[03:27:28 ERR] 【原因】time check failed
[03:27:29 ERR] 【心跳包】直播间 929670 发送失败
[03:27:29 ERR] 【原因】time check failed
[03:27:30 ERR] 【心跳包】直播间 91164 发送失败
[03:27:30 ERR] 【原因】time check failed
[03:27:32 ERR] 【心跳包】直播间 7184632 发送失败
[03:27:32 ERR] 【原因】time check failed
[03:27:33 ERR] 【心跳包】直播间 23447660 发送失败
[03:27:33 ERR] 【原因】time check failed
[03:27:34 ERR] 【心跳包】直播间 22764265 发送失败
[03:27:34 ERR] 【原因】time check failed
[03:28:27 INF] 【直播间】23357926 的第 67 个心跳包发送成功
[03:28:29 ERR] 【心跳包】直播间 23040372 发送失败
[03:28:29 ERR] 【原因】time check failed
[03:28:30 INF] 【直播间】31494 的第 67 个心跳包发送成功
[03:28:31 INF] 【直播间】4015781 的第 67 个心跳包发送成功
[03:28:32 INF] 【直播间】9619073 的第 67 个心跳包发送成功
[03:28:34 INF] 【直播间】407149 的第 67 个心跳包发送成功
[03:28:35 INF] 【直播间】11732699 的第 67 个心跳包发送成功
[03:28:36 INF] 【直播间】929670 的第 67 个心跳包发送成功
[03:28:37 INF] 【直播间】91164 的第 67 个心跳包发送成功
[03:28:39 INF] 【直播间】7184632 的第 67 个心跳包发送成功
[03:28:40 INF] 【直播间】23447660 的第 67 个心跳包发送成功
[03:28:41 INF] 【直播间】22764265 的第 67 个心跳包发送成功
[03:29:34 INF] 【直播间】23357926 的第 68 个心跳包发送成功
[03:29:35 INF] 【直播间】23040372 的第 68 个心跳包发送成功
[03:29:36 INF] 【直播间】31494 的第 68 个心跳包发送成功
[03:29:37 INF] 【直播间】4015781 的第 68 个心跳包发送成功
[03:29:39 INF] 【直播间】9619073 的第 68 个心跳包发送成功
[03:29:40 INF] 【直播间】407149 的第 68 个心跳包发送成功
[03:29:41 INF] 【直播间】11732699 的第 68 个心跳包发送成功
[03:29:43 INF] 【直播间】929670 的第 68 个心跳包发送成功
[03:29:44 INF] 【直播间】91164 的第 68 个心跳包发送成功
[03:29:45 INF] 【直播间】7184632 的第 68 个心跳包发送成功
[03:29:46 INF] 【直播间】23447660 的第 68 个心跳包发送成功
[03:29:48 INF] 【直播间】22764265 的第 68 个心跳包发送成功
[03:30:40 INF] 【直播间】23357926 的第 69 个心跳包发送成功
[03:30:41 INF] 【直播间】23040372 的第 69 个心跳包发送成功
[03:30:43 INF] 【直播间】31494 的第 69 个心跳包发送成功
[03:30:44 INF] 【直播间】4015781 的第 69 个心跳包发送成功
[03:30:45 INF] 【直播间】9619073 的第 69 个心跳包发送成功
[03:30:46 INF] 【直播间】407149 的第 69 个心跳包发送成功
[03:30:48 INF] 【直播间】11732699 的第 69 个心跳包发送成功
[03:30:49 INF] 【直播间】929670 的第 69 个心跳包发送成功
[03:30:50 INF] 【直播间】91164 的第 69 个心跳包发送成功
[03:30:51 INF] 【直播间】7184632 的第 69 个心跳包发送成功
[03:30:53 INF] 【直播间】23447660 的第 69 个心跳包发送成功
[03:30:54 INF] 【直播间】22764265 的第 69 个心跳包发送成功
[03:31:47 INF] 【直播间】23357926 的第 70 个心跳包发送成功
[03:31:48 INF] 【直播间】23040372 的第 70 个心跳包发送成功
[03:31:49 INF] 【直播间】31494 的第 70 个心跳包发送成功
[03:31:51 INF] 【直播间】4015781 的第 70 个心跳包发送成功
[03:31:52 INF] 【直播间】9619073 的第 70 个心跳包发送成功
[03:31:53 INF] 【直播间】407149 的第 70 个心跳包发送成功
[03:31:55 INF] 【直播间】11732699 的第 70 个心跳包发送成功
[03:31:56 INF] 【直播间】929670 的第 70 个心跳包发送成功
[03:31:57 INF] 【直播间】91164 的第 70 个心跳包发送成功
[03:31:58 INF] 【直播间】7184632 的第 70 个心跳包发送成功
[03:32:00 INF] 【直播间】23447660 的第 70 个心跳包发送成功
[03:32:01 INF] 【直播间】22764265 的第 70 个心跳包发送成功
[03:32:01 INF] 【直播观看时长】完成情况：12/12 
[03:32:01 INF] ---------结束---------

[03:32:01 INF] ==========结束==========

[03:32:01 INF] ######### 账号 3 #########

[03:32:01 INF] =====开始 直播间互动 =====

[03:32:01 INF] ---开始 发送弹幕 ---
[03:32:01 INF] 检测到直播 Cookie 未正确配置，尝试自动配置中...
[03:32:09 INF] 直播 Cookie 配置成功！
[03:32:09 INF] 【获取直播列表】获取拥有粉丝牌的直播列表
[03:32:15 ERR] 【获取直播列表】失败
[03:32:15 ERR] 【原因】账号未登录
[03:32:15 ERR] 发送弹幕失败，继续其他任务。失败信息:Object reference not set to an instance of an object.

[03:32:15 INF] -------结束-------

[03:32:15 INF] ---开始 点赞直播间 ---
[03:32:15 INF] 【获取直播列表】获取拥有粉丝牌的直播列表
[03:32:20 ERR] 【获取直播列表】失败
[03:32:20 ERR] 【原因】账号未登录
[03:32:20 ERR] 点赞直播间失败，继续其他任务。失败信息:Object reference not set to an instance of an object.

[03:32:20 INF] --------结束--------

[03:32:20 INF] ---开始 直播时长挂机 ---
[03:32:20 INF] 【获取直播列表】获取拥有粉丝牌的直播列表
[03:32:27 ERR] 【获取直播列表】失败
[03:32:27 ERR] 【原因】账号未登录
[03:32:27 ERR] 直播时长挂机失败，继续其他任务。失败信息:Object reference not set to an instance of an object.

[03:32:27 INF] ---------结束---------

[03:32:27 INF] ==========结束==========

[03:32:27 INF] 

========================

 v2.0.1 开源 by https://github.com/RayWangQvQ/BiliBiliToolPro

[03:32:27 INF] ·开始推送·LiveFansMedal任务·
2023-09-18T19:32:27.2309036Z 开始推送到:PushPlus
2023-09-18T19:32:28.4021907Z Response status: OK.
2023-09-18T19:32:28.4022506Z Response content: {"code":999,"msg":"发送内容过大，不能超过2万字","data":null}.

[03:32:28 INF] 运行环境：Development
[03:32:28 INF] 应用目录：/home/runner/work/BiliBiliToolPro/BiliBiliToolPro/src/Ray.BiliBiliTool.Console/bin/Debug/net6.0/

[03:32:28 INF] 运行结束
