----------- ip 信息 ---------
{
  "ip": "104.28.233.73",
  "city": "San Jose",
  "region": "California",
  "country": "US",
  "loc": "37.3394,-121.8950",
  "org": "AS13335 Cloudflare, Inc.",
  "postal": "95103",
  "timezone": "America/Los_Angeles",
  "readme": "https://ipinfo.io/missingauth"
} ---------- end ------------
  ____               ____    _   _____           _  
 |  _ \ __ _ _   _  | __ ) _| |_|_   _|__   ___ | | 
 | |_) / _` | | | | |  _ \(_) (_) | |/ _ \ / _ \| | 
 |  _ < (_| | |_| | | |_) | | | | | | (_) | (_) | | 
 |_| \_\__,_|\__, | |____/|_|_|_| |_|\___/ \___/|_| 
             |___/                                  

[00:29:08 INF] BiliBiliToolPro 开始运行...

[00:29:08 INF] 【账号个数】3个

[00:29:08 INF] 随机休眠2分钟

[00:31:08 INF] 【目标任务】LiveFansMedal
[00:31:08 INF] ######### 账号 1 #########

[00:31:08 INF] =====开始 直播间互动 =====

[00:31:08 INF] ---开始 发送弹幕 ---
[00:31:08 INF] 检测到直播 Cookie 未正确配置，尝试自动配置中...
[00:31:12 INF] 直播 Cookie 配置成功！
[00:31:12 INF] 【获取直播列表】获取拥有粉丝牌的直播列表
[00:31:19 INF] 【主播】Mark陌枫 
[00:31:33 INF] 【主播】KL_qiqi_ 
[00:31:44 INF] 【主播】苏打baka 
[00:31:52 INF] 【直播间】Mark陌枫
[00:31:52 INF] 【粉丝牌】馬楓
[00:31:52 INF] 正在发送弹幕...
[00:31:57 INF] 【直播间】KL_qiqi_
[00:31:57 INF] 【粉丝牌】qiqisb
[00:31:57 INF] 正在发送弹幕...
[00:32:01 INF] 【弹幕发送】成功~，你和主播 Mark陌枫 的亲密值增加了100！
[00:32:03 INF] 【直播间】苏打baka
[00:32:03 INF] 【粉丝牌】碳酸钠
[00:32:03 INF] 正在发送弹幕...
[00:32:06 INF] -------结束-------

[00:32:06 INF] ---开始 点赞直播间 ---
[00:32:06 INF] 【获取直播列表】获取拥有粉丝牌的直播列表
[00:32:10 INF] 【弹幕发送】成功~，你和主播 苏打baka 的亲密值增加了100！
[00:32:10 INF] 【弹幕发送】成功~，你和主播 KL_qiqi_ 的亲密值增加了100！
[00:32:13 INF] 【主播】Mark陌枫 
[00:32:28 INF] 【主播】KL_qiqi_ 
[00:32:43 INF] 【主播】苏打baka 
[00:32:59 INF] 【点赞直播间】23357926 完成
[00:33:06 INF] 【点赞直播间】407149 完成
[00:33:09 INF] --------结束--------

[00:33:09 INF] ---开始 直播时长挂机 ---
[00:33:09 INF] 【获取直播列表】获取拥有粉丝牌的直播列表
[00:33:09 INF] 【点赞直播间】23040372 完成
[00:33:14 INF] 【主播】Mark陌枫 
[00:33:23 INF] 【主播】KL_qiqi_ 
[00:33:31 INF] 【主播】苏打baka 
[00:33:43 INF] 【直播间】23357926 的第 1 个心跳包发送成功
[00:33:45 INF] 【直播间】407149 的第 1 个心跳包发送成功
[00:33:46 INF] 【直播间】23040372 的第 1 个心跳包发送成功
[00:34:50 INF] 【直播间】23357926 的第 2 个心跳包发送成功
[00:34:51 INF] 【直播间】407149 的第 2 个心跳包发送成功
[00:34:52 INF] 【直播间】23040372 的第 2 个心跳包发送成功
[00:35:56 INF] 【直播间】23357926 的第 3 个心跳包发送成功
[00:35:57 INF] 【直播间】407149 的第 3 个心跳包发送成功
[00:35:59 INF] 【直播间】23040372 的第 3 个心跳包发送成功
[00:37:03 INF] 【直播间】23357926 的第 4 个心跳包发送成功
[00:37:04 INF] 【直播间】407149 的第 4 个心跳包发送成功
[00:37:05 INF] 【直播间】23040372 的第 4 个心跳包发送成功
[00:38:09 INF] 【直播间】23357926 的第 5 个心跳包发送成功
[00:38:10 INF] 【直播间】407149 的第 5 个心跳包发送成功
[00:38:12 INF] 【直播间】23040372 的第 5 个心跳包发送成功
[00:39:16 INF] 【直播间】23357926 的第 6 个心跳包发送成功
[00:39:17 INF] 【直播间】407149 的第 6 个心跳包发送成功
[00:39:18 INF] 【直播间】23040372 的第 6 个心跳包发送成功
[00:40:22 INF] 【直播间】23357926 的第 7 个心跳包发送成功
[00:40:23 INF] 【直播间】407149 的第 7 个心跳包发送成功
[00:40:24 INF] 【直播间】23040372 的第 7 个心跳包发送成功
[00:41:28 INF] 【直播间】23357926 的第 8 个心跳包发送成功
[00:41:29 INF] 【直播间】407149 的第 8 个心跳包发送成功
[00:41:31 INF] 【直播间】23040372 的第 8 个心跳包发送成功
[00:42:35 INF] 【直播间】23357926 的第 9 个心跳包发送成功
[00:42:36 INF] 【直播间】407149 的第 9 个心跳包发送成功
[00:42:37 INF] 【直播间】23040372 的第 9 个心跳包发送成功
[00:43:41 INF] 【直播间】23357926 的第 10 个心跳包发送成功
[00:43:42 INF] 【直播间】407149 的第 10 个心跳包发送成功
[00:43:44 INF] 【直播间】23040372 的第 10 个心跳包发送成功
[00:44:47 INF] 【直播间】23357926 的第 11 个心跳包发送成功
[00:44:49 INF] 【直播间】407149 的第 11 个心跳包发送成功
[00:44:50 INF] 【直播间】23040372 的第 11 个心跳包发送成功
[00:45:54 INF] 【直播间】23357926 的第 12 个心跳包发送成功
[00:45:55 INF] 【直播间】407149 的第 12 个心跳包发送成功
[00:45:56 INF] 【直播间】23040372 的第 12 个心跳包发送成功
[00:47:00 INF] 【直播间】23357926 的第 13 个心跳包发送成功
[00:47:01 INF] 【直播间】407149 的第 13 个心跳包发送成功
[00:47:02 INF] 【直播间】23040372 的第 13 个心跳包发送成功
[00:48:06 INF] 【直播间】23357926 的第 14 个心跳包发送成功
[00:48:08 INF] 【直播间】407149 的第 14 个心跳包发送成功
[00:48:09 INF] 【直播间】23040372 的第 14 个心跳包发送成功
[00:49:13 INF] 【直播间】23357926 的第 15 个心跳包发送成功
[00:49:14 INF] 【直播间】407149 的第 15 个心跳包发送成功
[00:49:15 INF] 【直播间】23040372 的第 15 个心跳包发送成功
[00:50:19 ERR] 【心跳包】直播间 23357926 发送失败
[00:50:19 ERR] 【原因】time check failed
[00:50:20 ERR] 【心跳包】直播间 407149 发送失败
[00:50:20 ERR] 【原因】time check failed
[00:50:21 ERR] 【心跳包】直播间 23040372 发送失败
[00:50:21 ERR] 【原因】time check failed
[00:51:25 INF] 【直播间】23357926 的第 16 个心跳包发送成功
[00:51:27 INF] 【直播间】407149 的第 16 个心跳包发送成功
[00:51:28 INF] 【直播间】23040372 的第 16 个心跳包发送成功
[00:52:31 INF] 【直播间】23357926 的第 17 个心跳包发送成功
[00:52:33 INF] 【直播间】407149 的第 17 个心跳包发送成功
[00:52:34 INF] 【直播间】23040372 的第 17 个心跳包发送成功
[00:53:38 INF] 【直播间】23357926 的第 18 个心跳包发送成功
[00:53:39 INF] 【直播间】407149 的第 18 个心跳包发送成功
[00:53:41 INF] 【直播间】23040372 的第 18 个心跳包发送成功
[00:54:44 INF] 【直播间】23357926 的第 19 个心跳包发送成功
[00:54:46 INF] 【直播间】407149 的第 19 个心跳包发送成功
[00:54:47 INF] 【直播间】23040372 的第 19 个心跳包发送成功
[00:55:51 INF] 【直播间】23357926 的第 20 个心跳包发送成功
[00:55:52 INF] 【直播间】407149 的第 20 个心跳包发送成功
[00:55:53 INF] 【直播间】23040372 的第 20 个心跳包发送成功
[00:56:57 INF] 【直播间】23357926 的第 21 个心跳包发送成功
[00:56:58 INF] 【直播间】407149 的第 21 个心跳包发送成功
[00:56:59 INF] 【直播间】23040372 的第 21 个心跳包发送成功
[00:58:03 INF] 【直播间】23357926 的第 22 个心跳包发送成功
[00:58:04 INF] 【直播间】407149 的第 22 个心跳包发送成功
[00:58:06 INF] 【直播间】23040372 的第 22 个心跳包发送成功
[00:59:10 INF] 【直播间】23357926 的第 23 个心跳包发送成功
[00:59:11 INF] 【直播间】407149 的第 23 个心跳包发送成功
[00:59:12 INF] 【直播间】23040372 的第 23 个心跳包发送成功
[01:00:16 INF] 【直播间】23357926 的第 24 个心跳包发送成功
[01:00:17 INF] 【直播间】407149 的第 24 个心跳包发送成功
[01:00:19 INF] 【直播间】23040372 的第 24 个心跳包发送成功
[01:01:22 INF] 【直播间】23357926 的第 25 个心跳包发送成功
[01:01:24 INF] 【直播间】407149 的第 25 个心跳包发送成功
[01:01:25 INF] 【直播间】23040372 的第 25 个心跳包发送成功
[01:02:29 INF] 【直播间】23357926 的第 26 个心跳包发送成功
[01:02:30 INF] 【直播间】407149 的第 26 个心跳包发送成功
[01:02:31 INF] 【直播间】23040372 的第 26 个心跳包发送成功
[01:03:35 INF] 【直播间】23357926 的第 27 个心跳包发送成功
[01:03:36 INF] 【直播间】407149 的第 27 个心跳包发送成功
[01:03:37 INF] 【直播间】23040372 的第 27 个心跳包发送成功
[01:04:41 INF] 【直播间】23357926 的第 28 个心跳包发送成功
[01:04:43 INF] 【直播间】407149 的第 28 个心跳包发送成功
[01:04:44 INF] 【直播间】23040372 的第 28 个心跳包发送成功
[01:05:48 INF] 【直播间】23357926 的第 29 个心跳包发送成功
[01:05:49 INF] 【直播间】407149 的第 29 个心跳包发送成功
[01:05:50 INF] 【直播间】23040372 的第 29 个心跳包发送成功
[01:06:54 ERR] 【心跳包】直播间 23357926 发送失败
[01:06:54 ERR] 【原因】time check failed
[01:06:55 ERR] 【心跳包】直播间 407149 发送失败
[01:06:55 ERR] 【原因】time check failed
[01:06:57 ERR] 【心跳包】直播间 23040372 发送失败
[01:06:57 ERR] 【原因】time check failed
[01:08:00 INF] 【直播间】23357926 的第 30 个心跳包发送成功
[01:08:01 INF] 【直播间】407149 的第 30 个心跳包发送成功
[01:08:03 INF] 【直播间】23040372 的第 30 个心跳包发送成功
[01:09:07 INF] 【直播间】23357926 的第 31 个心跳包发送成功
[01:09:08 INF] 【直播间】407149 的第 31 个心跳包发送成功
[01:09:09 INF] 【直播间】23040372 的第 31 个心跳包发送成功
[01:10:13 INF] 【直播间】23357926 的第 32 个心跳包发送成功
[01:10:14 INF] 【直播间】407149 的第 32 个心跳包发送成功
[01:10:15 INF] 【直播间】23040372 的第 32 个心跳包发送成功
[01:11:19 INF] 【直播间】23357926 的第 33 个心跳包发送成功
[01:11:21 INF] 【直播间】407149 的第 33 个心跳包发送成功
[01:11:22 INF] 【直播间】23040372 的第 33 个心跳包发送成功
[01:12:26 INF] 【直播间】23357926 的第 34 个心跳包发送成功
[01:12:27 INF] 【直播间】407149 的第 34 个心跳包发送成功
[01:12:28 INF] 【直播间】23040372 的第 34 个心跳包发送成功
[01:13:32 INF] 【直播间】23357926 的第 35 个心跳包发送成功
[01:13:33 INF] 【直播间】407149 的第 35 个心跳包发送成功
[01:13:34 INF] 【直播间】23040372 的第 35 个心跳包发送成功
[01:14:38 INF] 【直播间】23357926 的第 36 个心跳包发送成功
[01:14:39 INF] 【直播间】407149 的第 36 个心跳包发送成功
[01:14:41 INF] 【直播间】23040372 的第 36 个心跳包发送成功
[01:15:45 INF] 【直播间】23357926 的第 37 个心跳包发送成功
[01:15:46 INF] 【直播间】407149 的第 37 个心跳包发送成功
[01:15:47 INF] 【直播间】23040372 的第 37 个心跳包发送成功
[01:16:51 INF] 【直播间】23357926 的第 38 个心跳包发送成功
[01:16:52 INF] 【直播间】407149 的第 38 个心跳包发送成功
[01:16:53 INF] 【直播间】23040372 的第 38 个心跳包发送成功
[01:17:57 INF] 【直播间】23357926 的第 39 个心跳包发送成功
[01:17:58 INF] 【直播间】407149 的第 39 个心跳包发送成功
[01:18:00 INF] 【直播间】23040372 的第 39 个心跳包发送成功
[01:19:04 INF] 【直播间】23357926 的第 40 个心跳包发送成功
[01:19:05 INF] 【直播间】407149 的第 40 个心跳包发送成功
[01:19:06 INF] 【直播间】23040372 的第 40 个心跳包发送成功
[01:20:10 INF] 【直播间】23357926 的第 41 个心跳包发送成功
[01:20:11 INF] 【直播间】407149 的第 41 个心跳包发送成功
[01:20:12 INF] 【直播间】23040372 的第 41 个心跳包发送成功
[01:21:16 INF] 【直播间】23357926 的第 42 个心跳包发送成功
[01:21:18 INF] 【直播间】407149 的第 42 个心跳包发送成功
[01:21:19 INF] 【直播间】23040372 的第 42 个心跳包发送成功
[01:22:23 INF] 【直播间】23357926 的第 43 个心跳包发送成功
[01:22:24 INF] 【直播间】407149 的第 43 个心跳包发送成功
[01:22:25 INF] 【直播间】23040372 的第 43 个心跳包发送成功
[01:23:29 ERR] 【心跳包】直播间 23357926 发送失败
[01:23:29 ERR] 【原因】time check failed
[01:23:30 ERR] 【心跳包】直播间 407149 发送失败
[01:23:30 ERR] 【原因】time check failed
[01:23:31 ERR] 【心跳包】直播间 23040372 发送失败
[01:23:31 ERR] 【原因】time check failed
[01:24:35 INF] 【直播间】23357926 的第 44 个心跳包发送成功
[01:24:36 INF] 【直播间】407149 的第 44 个心跳包发送成功
[01:24:38 INF] 【直播间】23040372 的第 44 个心跳包发送成功
[01:25:41 INF] 【直播间】23357926 的第 45 个心跳包发送成功
[01:25:43 INF] 【直播间】407149 的第 45 个心跳包发送成功
[01:25:44 INF] 【直播间】23040372 的第 45 个心跳包发送成功
[01:26:48 INF] 【直播间】23357926 的第 46 个心跳包发送成功
[01:26:49 INF] 【直播间】407149 的第 46 个心跳包发送成功
[01:26:51 INF] 【直播间】23040372 的第 46 个心跳包发送成功
[01:27:54 INF] 【直播间】23357926 的第 47 个心跳包发送成功
[01:27:56 INF] 【直播间】407149 的第 47 个心跳包发送成功
[01:27:57 INF] 【直播间】23040372 的第 47 个心跳包发送成功
[01:29:01 INF] 【直播间】23357926 的第 48 个心跳包发送成功
[01:29:02 INF] 【直播间】407149 的第 48 个心跳包发送成功
[01:29:03 INF] 【直播间】23040372 的第 48 个心跳包发送成功
[01:30:07 INF] 【直播间】23357926 的第 49 个心跳包发送成功
[01:30:08 INF] 【直播间】407149 的第 49 个心跳包发送成功
[01:30:09 INF] 【直播间】23040372 的第 49 个心跳包发送成功
[01:31:13 INF] 【直播间】23357926 的第 50 个心跳包发送成功
[01:31:14 INF] 【直播间】407149 的第 50 个心跳包发送成功
[01:31:16 INF] 【直播间】23040372 的第 50 个心跳包发送成功
[01:32:20 INF] 【直播间】23357926 的第 51 个心跳包发送成功
[01:32:21 INF] 【直播间】407149 的第 51 个心跳包发送成功
[01:32:22 INF] 【直播间】23040372 的第 51 个心跳包发送成功
[01:33:26 INF] 【直播间】23357926 的第 52 个心跳包发送成功
[01:33:27 INF] 【直播间】407149 的第 52 个心跳包发送成功
[01:33:28 INF] 【直播间】23040372 的第 52 个心跳包发送成功
[01:34:32 INF] 【直播间】23357926 的第 53 个心跳包发送成功
[01:34:34 INF] 【直播间】407149 的第 53 个心跳包发送成功
[01:34:35 INF] 【直播间】23040372 的第 53 个心跳包发送成功
[01:35:39 INF] 【直播间】23357926 的第 54 个心跳包发送成功
[01:35:40 INF] 【直播间】407149 的第 54 个心跳包发送成功
[01:35:41 INF] 【直播间】23040372 的第 54 个心跳包发送成功
[01:36:45 INF] 【直播间】23357926 的第 55 个心跳包发送成功
[01:36:46 INF] 【直播间】407149 的第 55 个心跳包发送成功
[01:36:47 INF] 【直播间】23040372 的第 55 个心跳包发送成功
[01:37:51 INF] 【直播间】23357926 的第 56 个心跳包发送成功
[01:37:53 INF] 【直播间】407149 的第 56 个心跳包发送成功
[01:37:54 INF] 【直播间】23040372 的第 56 个心跳包发送成功
[01:38:58 INF] 【直播间】23357926 的第 57 个心跳包发送成功
[01:38:59 INF] 【直播间】407149 的第 57 个心跳包发送成功
[01:39:00 INF] 【直播间】23040372 的第 57 个心跳包发送成功
[01:40:04 ERR] 【心跳包】直播间 23357926 发送失败
[01:40:04 ERR] 【原因】time check failed
[01:40:05 ERR] 【心跳包】直播间 407149 发送失败
[01:40:05 ERR] 【原因】time check failed
[01:40:07 ERR] 【心跳包】直播间 23040372 发送失败
[01:40:07 ERR] 【原因】time check failed
[01:41:10 INF] 【直播间】23357926 的第 58 个心跳包发送成功
[01:41:11 INF] 【直播间】407149 的第 58 个心跳包发送成功
[01:41:13 INF] 【直播间】23040372 的第 58 个心跳包发送成功
[01:42:17 INF] 【直播间】23357926 的第 59 个心跳包发送成功
[01:42:18 INF] 【直播间】407149 的第 59 个心跳包发送成功
[01:42:19 INF] 【直播间】23040372 的第 59 个心跳包发送成功
[01:43:23 INF] 【直播间】23357926 的第 60 个心跳包发送成功
[01:43:24 INF] 【直播间】407149 的第 60 个心跳包发送成功
[01:43:25 INF] 【直播间】23040372 的第 60 个心跳包发送成功
[01:44:29 INF] 【直播间】23357926 的第 61 个心跳包发送成功
[01:44:31 INF] 【直播间】407149 的第 61 个心跳包发送成功
[01:44:32 INF] 【直播间】23040372 的第 61 个心跳包发送成功
[01:45:36 INF] 【直播间】23357926 的第 62 个心跳包发送成功
[01:45:37 INF] 【直播间】407149 的第 62 个心跳包发送成功
[01:45:38 INF] 【直播间】23040372 的第 62 个心跳包发送成功
[01:46:42 INF] 【直播间】23357926 的第 63 个心跳包发送成功
[01:46:43 INF] 【直播间】407149 的第 63 个心跳包发送成功
[01:46:45 INF] 【直播间】23040372 的第 63 个心跳包发送成功
[01:47:48 INF] 【直播间】23357926 的第 64 个心跳包发送成功
[01:47:50 INF] 【直播间】407149 的第 64 个心跳包发送成功
[01:47:51 INF] 【直播间】23040372 的第 64 个心跳包发送成功
[01:48:55 INF] 【直播间】23357926 的第 65 个心跳包发送成功
[01:48:56 INF] 【直播间】407149 的第 65 个心跳包发送成功
[01:48:57 INF] 【直播间】23040372 的第 65 个心跳包发送成功
[01:50:01 INF] 【直播间】23357926 的第 66 个心跳包发送成功
[01:50:02 INF] 【直播间】407149 的第 66 个心跳包发送成功
[01:50:04 INF] 【直播间】23040372 的第 66 个心跳包发送成功
[01:51:08 INF] 【直播间】23357926 的第 67 个心跳包发送成功
[01:51:09 INF] 【直播间】407149 的第 67 个心跳包发送成功
[01:51:10 INF] 【直播间】23040372 的第 67 个心跳包发送成功
[01:52:14 INF] 【直播间】23357926 的第 68 个心跳包发送成功
[01:52:15 INF] 【直播间】407149 的第 68 个心跳包发送成功
[01:52:16 INF] 【直播间】23040372 的第 68 个心跳包发送成功
[01:53:20 INF] 【直播间】23357926 的第 69 个心跳包发送成功
[01:53:21 INF] 【直播间】407149 的第 69 个心跳包发送成功
[01:53:23 INF] 【直播间】23040372 的第 69 个心跳包发送成功
[01:54:27 INF] 【直播间】23357926 的第 70 个心跳包发送成功
[01:54:28 INF] 【直播间】407149 的第 70 个心跳包发送成功
[01:54:29 INF] 【直播间】23040372 的第 70 个心跳包发送成功
[01:54:29 INF] 【直播观看时长】完成情况：3/3 
[01:54:29 INF] ---------结束---------

[01:54:29 INF] ==========结束==========

[01:54:29 INF] ######### 账号 2 #########

[01:54:29 INF] =====开始 直播间互动 =====

[01:54:29 INF] ---开始 发送弹幕 ---
[01:54:29 INF] 检测到直播 Cookie 未正确配置，尝试自动配置中...
[01:54:35 INF] 直播 Cookie 配置成功！
[01:54:35 INF] 【获取直播列表】获取拥有粉丝牌的直播列表
[01:54:43 INF] 【主播】Mark陌枫 
[01:54:55 INF] 【主播】苏打baka 
[01:55:04 INF] 【直播间】Mark陌枫
[01:55:04 INF] 【粉丝牌】馬楓
[01:55:04 INF] 正在发送弹幕...
[01:55:08 INF] 【直播间】苏打baka
[01:55:08 INF] 【粉丝牌】碳酸钠
[01:55:08 INF] 正在发送弹幕...
[01:55:12 INF] -------结束-------

[01:55:12 INF] ---开始 点赞直播间 ---
[01:55:12 INF] 【获取直播列表】获取拥有粉丝牌的直播列表
[01:55:14 INF] 【弹幕发送】成功~，你和主播 Mark陌枫 的亲密值增加了100！
[01:55:16 INF] 【主播】Mark陌枫 
[01:55:20 INF] 【弹幕发送】成功~，你和主播 苏打baka 的亲密值增加了100！
[01:55:29 INF] 【主播】苏打baka 
[01:55:47 INF] 【点赞直播间】23357926 完成
[01:55:50 INF] --------结束--------

[01:55:50 INF] ---开始 直播时长挂机 ---
[01:55:50 INF] 【获取直播列表】获取拥有粉丝牌的直播列表
[01:55:50 INF] 【点赞直播间】23040372 完成
[01:55:53 INF] 【主播】Mark陌枫 
[01:56:05 INF] 【主播】苏打baka 
[01:56:14 INF] 【直播间】23357926 的第 1 个心跳包发送成功
[01:56:16 INF] 【直播间】23040372 的第 1 个心跳包发送成功
[01:57:21 INF] 【直播间】23357926 的第 2 个心跳包发送成功
[01:57:22 INF] 【直播间】23040372 的第 2 个心跳包发送成功
[01:58:27 INF] 【直播间】23357926 的第 3 个心跳包发送成功
[01:58:28 INF] 【直播间】23040372 的第 3 个心跳包发送成功
[01:59:33 INF] 【直播间】23357926 的第 4 个心跳包发送成功
[01:59:35 INF] 【直播间】23040372 的第 4 个心跳包发送成功
[02:00:40 INF] 【直播间】23357926 的第 5 个心跳包发送成功
[02:00:41 INF] 【直播间】23040372 的第 5 个心跳包发送成功
[02:01:46 INF] 【直播间】23357926 的第 6 个心跳包发送成功
[02:01:47 INF] 【直播间】23040372 的第 6 个心跳包发送成功
[02:02:52 INF] 【直播间】23357926 的第 7 个心跳包发送成功
[02:02:53 INF] 【直播间】23040372 的第 7 个心跳包发送成功
[02:03:59 INF] 【直播间】23357926 的第 8 个心跳包发送成功
[02:04:00 INF] 【直播间】23040372 的第 8 个心跳包发送成功
[02:05:05 INF] 【直播间】23357926 的第 9 个心跳包发送成功
[02:05:06 INF] 【直播间】23040372 的第 9 个心跳包发送成功
[02:06:11 INF] 【直播间】23357926 的第 10 个心跳包发送成功
[02:06:12 INF] 【直播间】23040372 的第 10 个心跳包发送成功
[02:07:18 INF] 【直播间】23357926 的第 11 个心跳包发送成功
[02:07:19 INF] 【直播间】23040372 的第 11 个心跳包发送成功
[02:08:24 INF] 【直播间】23357926 的第 12 个心跳包发送成功
[02:08:25 INF] 【直播间】23040372 的第 12 个心跳包发送成功
[02:09:30 INF] 【直播间】23357926 的第 13 个心跳包发送成功
[02:09:31 INF] 【直播间】23040372 的第 13 个心跳包发送成功
[02:10:37 INF] 【直播间】23357926 的第 14 个心跳包发送成功
[02:10:38 INF] 【直播间】23040372 的第 14 个心跳包发送成功
[02:11:43 INF] 【直播间】23357926 的第 15 个心跳包发送成功
[02:11:44 INF] 【直播间】23040372 的第 15 个心跳包发送成功
[02:12:49 ERR] 【心跳包】直播间 23357926 发送失败
[02:12:49 ERR] 【原因】time check failed
[02:12:50 ERR] 【心跳包】直播间 23040372 发送失败
[02:12:50 ERR] 【原因】time check failed
[02:13:56 INF] 【直播间】23357926 的第 16 个心跳包发送成功
[02:13:57 INF] 【直播间】23040372 的第 16 个心跳包发送成功
[02:15:02 INF] 【直播间】23357926 的第 17 个心跳包发送成功
[02:15:03 INF] 【直播间】23040372 的第 17 个心跳包发送成功
[02:16:08 INF] 【直播间】23357926 的第 18 个心跳包发送成功
[02:16:10 INF] 【直播间】23040372 的第 18 个心跳包发送成功
[02:17:15 INF] 【直播间】23357926 的第 19 个心跳包发送成功
[02:17:16 INF] 【直播间】23040372 的第 19 个心跳包发送成功
[02:18:21 INF] 【直播间】23357926 的第 20 个心跳包发送成功
[02:18:22 INF] 【直播间】23040372 的第 20 个心跳包发送成功
[02:19:27 INF] 【直播间】23357926 的第 21 个心跳包发送成功
[02:19:28 INF] 【直播间】23040372 的第 21 个心跳包发送成功
[02:20:34 INF] 【直播间】23357926 的第 22 个心跳包发送成功
[02:20:35 INF] 【直播间】23040372 的第 22 个心跳包发送成功
[02:21:40 INF] 【直播间】23357926 的第 23 个心跳包发送成功
[02:21:42 INF] 【直播间】23040372 的第 23 个心跳包发送成功
[02:22:47 INF] 【直播间】23357926 的第 24 个心跳包发送成功
[02:22:48 INF] 【直播间】23040372 的第 24 个心跳包发送成功
[02:23:53 INF] 【直播间】23357926 的第 25 个心跳包发送成功
[02:23:54 INF] 【直播间】23040372 的第 25 个心跳包发送成功
[02:24:59 INF] 【直播间】23357926 的第 26 个心跳包发送成功
[02:25:00 INF] 【直播间】23040372 的第 26 个心跳包发送成功
[02:26:06 INF] 【直播间】23357926 的第 27 个心跳包发送成功
[02:26:07 INF] 【直播间】23040372 的第 27 个心跳包发送成功
[02:27:12 INF] 【直播间】23357926 的第 28 个心跳包发送成功
[02:27:13 INF] 【直播间】23040372 的第 28 个心跳包发送成功
[02:28:18 INF] 【直播间】23357926 的第 29 个心跳包发送成功
[02:28:19 INF] 【直播间】23040372 的第 29 个心跳包发送成功
[02:29:25 ERR] 【心跳包】直播间 23357926 发送失败
[02:29:25 ERR] 【原因】time check failed
[02:29:26 ERR] 【心跳包】直播间 23040372 发送失败
[02:29:26 ERR] 【原因】time check failed
[02:30:31 INF] 【直播间】23357926 的第 30 个心跳包发送成功
[02:30:32 INF] 【直播间】23040372 的第 30 个心跳包发送成功
[02:31:37 INF] 【直播间】23357926 的第 31 个心跳包发送成功
[02:31:38 INF] 【直播间】23040372 的第 31 个心跳包发送成功
[02:32:44 INF] 【直播间】23357926 的第 32 个心跳包发送成功
[02:32:45 INF] 【直播间】23040372 的第 32 个心跳包发送成功
[02:33:50 INF] 【直播间】23357926 的第 33 个心跳包发送成功
[02:33:51 INF] 【直播间】23040372 的第 33 个心跳包发送成功
[02:34:57 INF] 【直播间】23357926 的第 34 个心跳包发送成功
[02:34:58 INF] 【直播间】23040372 的第 34 个心跳包发送成功
[02:36:03 INF] 【直播间】23357926 的第 35 个心跳包发送成功
[02:36:04 INF] 【直播间】23040372 的第 35 个心跳包发送成功
[02:37:09 INF] 【直播间】23357926 的第 36 个心跳包发送成功
[02:37:10 INF] 【直播间】23040372 的第 36 个心跳包发送成功
[02:38:16 INF] 【直播间】23357926 的第 37 个心跳包发送成功
[02:38:17 INF] 【直播间】23040372 的第 37 个心跳包发送成功
[02:39:22 INF] 【直播间】23357926 的第 38 个心跳包发送成功
[02:39:23 INF] 【直播间】23040372 的第 38 个心跳包发送成功
[02:40:28 INF] 【直播间】23357926 的第 39 个心跳包发送成功
[02:40:30 INF] 【直播间】23040372 的第 39 个心跳包发送成功
[02:41:35 INF] 【直播间】23357926 的第 40 个心跳包发送成功
[02:41:36 INF] 【直播间】23040372 的第 40 个心跳包发送成功
[02:42:41 INF] 【直播间】23357926 的第 41 个心跳包发送成功
[02:42:42 INF] 【直播间】23040372 的第 41 个心跳包发送成功
[02:43:47 INF] 【直播间】23357926 的第 42 个心跳包发送成功
[02:43:49 INF] 【直播间】23040372 的第 42 个心跳包发送成功
[02:44:54 INF] 【直播间】23357926 的第 43 个心跳包发送成功
[02:44:55 INF] 【直播间】23040372 的第 43 个心跳包发送成功
[02:46:00 ERR] 【心跳包】直播间 23357926 发送失败
[02:46:00 ERR] 【原因】time check failed
[02:46:01 ERR] 【心跳包】直播间 23040372 发送失败
[02:46:01 ERR] 【原因】time check failed
[02:47:06 INF] 【直播间】23357926 的第 44 个心跳包发送成功
[02:47:07 INF] 【直播间】23040372 的第 44 个心跳包发送成功
[02:48:12 INF] 【直播间】23357926 的第 45 个心跳包发送成功
[02:48:14 INF] 【直播间】23040372 的第 45 个心跳包发送成功
[02:49:19 INF] 【直播间】23357926 的第 46 个心跳包发送成功
[02:49:20 INF] 【直播间】23040372 的第 46 个心跳包发送成功
[02:50:25 INF] 【直播间】23357926 的第 47 个心跳包发送成功
[02:50:26 INF] 【直播间】23040372 的第 47 个心跳包发送成功
[02:51:31 INF] 【直播间】23357926 的第 48 个心跳包发送成功
[02:51:33 INF] 【直播间】23040372 的第 48 个心跳包发送成功
[02:52:38 INF] 【直播间】23357926 的第 49 个心跳包发送成功
[02:52:39 INF] 【直播间】23040372 的第 49 个心跳包发送成功
[02:53:44 INF] 【直播间】23357926 的第 50 个心跳包发送成功
[02:53:45 INF] 【直播间】23040372 的第 50 个心跳包发送成功
[02:54:50 INF] 【直播间】23357926 的第 51 个心跳包发送成功
[02:54:52 INF] 【直播间】23040372 的第 51 个心跳包发送成功
[02:55:57 INF] 【直播间】23357926 的第 52 个心跳包发送成功
[02:55:58 INF] 【直播间】23040372 的第 52 个心跳包发送成功
[02:57:03 INF] 【直播间】23357926 的第 53 个心跳包发送成功
[02:57:04 INF] 【直播间】23040372 的第 53 个心跳包发送成功
[02:58:09 INF] 【直播间】23357926 的第 54 个心跳包发送成功
[02:58:11 INF] 【直播间】23040372 的第 54 个心跳包发送成功
[02:59:16 INF] 【直播间】23357926 的第 55 个心跳包发送成功
[02:59:17 INF] 【直播间】23040372 的第 55 个心跳包发送成功
[03:00:22 INF] 【直播间】23357926 的第 56 个心跳包发送成功
[03:00:24 INF] 【直播间】23040372 的第 56 个心跳包发送成功
[03:01:28 INF] 【直播间】23357926 的第 57 个心跳包发送成功
[03:01:30 INF] 【直播间】23040372 的第 57 个心跳包发送成功
[03:02:35 ERR] 【心跳包】直播间 23357926 发送失败
[03:02:35 ERR] 【原因】time check failed
[03:02:36 ERR] 【心跳包】直播间 23040372 发送失败
[03:02:36 ERR] 【原因】time check failed
[03:03:41 INF] 【直播间】23357926 的第 58 个心跳包发送成功
[03:03:43 INF] 【直播间】23040372 的第 58 个心跳包发送成功
[03:04:47 INF] 【直播间】23357926 的第 59 个心跳包发送成功
[03:04:49 INF] 【直播间】23040372 的第 59 个心跳包发送成功
[03:05:54 INF] 【直播间】23357926 的第 60 个心跳包发送成功
[03:05:55 INF] 【直播间】23040372 的第 60 个心跳包发送成功
[03:07:00 INF] 【直播间】23357926 的第 61 个心跳包发送成功
[03:07:01 INF] 【直播间】23040372 的第 61 个心跳包发送成功
[03:08:06 INF] 【直播间】23357926 的第 62 个心跳包发送成功
[03:08:08 INF] 【直播间】23040372 的第 62 个心跳包发送成功
[03:09:12 INF] 【直播间】23357926 的第 63 个心跳包发送成功
[03:09:14 INF] 【直播间】23040372 的第 63 个心跳包发送成功
[03:10:19 INF] 【直播间】23357926 的第 64 个心跳包发送成功
[03:10:20 INF] 【直播间】23040372 的第 64 个心跳包发送成功
[03:11:25 INF] 【直播间】23357926 的第 65 个心跳包发送成功
[03:11:26 INF] 【直播间】23040372 的第 65 个心跳包发送成功
[03:12:32 INF] 【直播间】23357926 的第 66 个心跳包发送成功
[03:12:33 INF] 【直播间】23040372 的第 66 个心跳包发送成功
[03:13:38 INF] 【直播间】23357926 的第 67 个心跳包发送成功
[03:13:39 INF] 【直播间】23040372 的第 67 个心跳包发送成功
[03:14:44 INF] 【直播间】23357926 的第 68 个心跳包发送成功
[03:14:45 INF] 【直播间】23040372 的第 68 个心跳包发送成功
[03:15:50 INF] 【直播间】23357926 的第 69 个心跳包发送成功
[03:15:52 INF] 【直播间】23040372 的第 69 个心跳包发送成功
[03:16:57 INF] 【直播间】23357926 的第 70 个心跳包发送成功
[03:16:58 INF] 【直播间】23040372 的第 70 个心跳包发送成功
[03:16:58 INF] 【直播观看时长】完成情况：2/2 
[03:16:58 INF] ---------结束---------

[03:16:58 INF] ==========结束==========

[03:16:58 INF] ######### 账号 3 #########

[03:16:58 INF] =====开始 直播间互动 =====

[03:16:58 INF] ---开始 发送弹幕 ---
[03:16:58 INF] 检测到直播 Cookie 未正确配置，尝试自动配置中...
[03:17:02 INF] 直播 Cookie 配置成功！
[03:17:02 INF] 【获取直播列表】获取拥有粉丝牌的直播列表
[03:17:06 INF] 【主播】苏打baka 
[03:17:17 INF] 【直播间】苏打baka
[03:17:17 INF] 【粉丝牌】碳酸钠
[03:17:17 INF] 正在发送弹幕...
[03:17:22 INF] -------结束-------

[03:17:22 INF] ---开始 点赞直播间 ---
[03:17:22 INF] 【获取直播列表】获取拥有粉丝牌的直播列表
[03:17:26 INF] 【弹幕发送】成功~，你和主播 苏打baka 的亲密值增加了100！
[03:17:27 INF] 【主播】苏打baka 
[03:17:42 INF] --------结束--------

[03:17:42 INF] ---开始 直播时长挂机 ---
[03:17:42 INF] 【获取直播列表】获取拥有粉丝牌的直播列表
[03:17:42 INF] 【点赞直播间】23040372 完成
[03:17:48 INF] 【主播】苏打baka 
[03:18:05 INF] 【直播间】23040372 的第 1 个心跳包发送成功
[03:19:11 INF] 【直播间】23040372 的第 2 个心跳包发送成功
[03:20:17 INF] 【直播间】23040372 的第 3 个心跳包发送成功
[03:21:24 INF] 【直播间】23040372 的第 4 个心跳包发送成功
[03:22:30 INF] 【直播间】23040372 的第 5 个心跳包发送成功
[03:23:36 INF] 【直播间】23040372 的第 6 个心跳包发送成功
[03:24:43 INF] 【直播间】23040372 的第 7 个心跳包发送成功
[03:25:49 INF] 【直播间】23040372 的第 8 个心跳包发送成功
[03:26:55 INF] 【直播间】23040372 的第 9 个心跳包发送成功
[03:28:02 INF] 【直播间】23040372 的第 10 个心跳包发送成功
[03:29:08 INF] 【直播间】23040372 的第 11 个心跳包发送成功
[03:30:14 INF] 【直播间】23040372 的第 12 个心跳包发送成功
[03:31:21 INF] 【直播间】23040372 的第 13 个心跳包发送成功
[03:32:27 INF] 【直播间】23040372 的第 14 个心跳包发送成功
[03:33:34 INF] 【直播间】23040372 的第 15 个心跳包发送成功
[03:34:40 ERR] 【心跳包】直播间 23040372 发送失败
[03:34:40 ERR] 【原因】time check failed
[03:35:46 INF] 【直播间】23040372 的第 16 个心跳包发送成功
[03:36:53 INF] 【直播间】23040372 的第 17 个心跳包发送成功
[03:37:59 INF] 【直播间】23040372 的第 18 个心跳包发送成功
[03:39:05 INF] 【直播间】23040372 的第 19 个心跳包发送成功
[03:40:12 INF] 【直播间】23040372 的第 20 个心跳包发送成功
[03:41:18 INF] 【直播间】23040372 的第 21 个心跳包发送成功
[03:42:24 INF] 【直播间】23040372 的第 22 个心跳包发送成功
[03:43:31 INF] 【直播间】23040372 的第 23 个心跳包发送成功
[03:44:37 INF] 【直播间】23040372 的第 24 个心跳包发送成功
[03:45:43 INF] 【直播间】23040372 的第 25 个心跳包发送成功
[03:46:50 INF] 【直播间】23040372 的第 26 个心跳包发送成功
[03:47:56 INF] 【直播间】23040372 的第 27 个心跳包发送成功
[03:49:03 INF] 【直播间】23040372 的第 28 个心跳包发送成功
[03:50:09 INF] 【直播间】23040372 的第 29 个心跳包发送成功
[03:51:15 ERR] 【心跳包】直播间 23040372 发送失败
[03:51:15 ERR] 【原因】time check failed
[03:52:22 INF] 【直播间】23040372 的第 30 个心跳包发送成功
[03:53:28 INF] 【直播间】23040372 的第 31 个心跳包发送成功
[03:54:34 INF] 【直播间】23040372 的第 32 个心跳包发送成功
[03:55:41 INF] 【直播间】23040372 的第 33 个心跳包发送成功
[03:56:47 INF] 【直播间】23040372 的第 34 个心跳包发送成功
[03:57:53 INF] 【直播间】23040372 的第 35 个心跳包发送成功
[03:59:00 INF] 【直播间】23040372 的第 36 个心跳包发送成功
[04:00:06 INF] 【直播间】23040372 的第 37 个心跳包发送成功
[04:01:13 INF] 【直播间】23040372 的第 38 个心跳包发送成功
[04:02:19 INF] 【直播间】23040372 的第 39 个心跳包发送成功
[04:03:25 INF] 【直播间】23040372 的第 40 个心跳包发送成功
[04:04:31 INF] 【直播间】23040372 的第 41 个心跳包发送成功
[04:05:38 INF] 【直播间】23040372 的第 42 个心跳包发送成功
[04:06:44 INF] 【直播间】23040372 的第 43 个心跳包发送成功
[04:07:50 ERR] 【心跳包】直播间 23040372 发送失败
[04:07:50 ERR] 【原因】time check failed
[04:08:57 INF] 【直播间】23040372 的第 44 个心跳包发送成功
[04:10:03 INF] 【直播间】23040372 的第 45 个心跳包发送成功
[04:11:09 INF] 【直播间】23040372 的第 46 个心跳包发送成功
[04:12:16 INF] 【直播间】23040372 的第 47 个心跳包发送成功
[04:13:22 INF] 【直播间】23040372 的第 48 个心跳包发送成功
[04:14:28 INF] 【直播间】23040372 的第 49 个心跳包发送成功
[04:15:35 INF] 【直播间】23040372 的第 50 个心跳包发送成功
[04:16:41 INF] 【直播间】23040372 的第 51 个心跳包发送成功
[04:17:47 INF] 【直播间】23040372 的第 52 个心跳包发送成功
[04:18:54 INF] 【直播间】23040372 的第 53 个心跳包发送成功
[04:20:00 INF] 【直播间】23040372 的第 54 个心跳包发送成功
[04:21:06 INF] 【直播间】23040372 的第 55 个心跳包发送成功
[04:22:13 INF] 【直播间】23040372 的第 56 个心跳包发送成功
[04:23:19 INF] 【直播间】23040372 的第 57 个心跳包发送成功
[04:24:25 ERR] 【心跳包】直播间 23040372 发送失败
[04:24:25 ERR] 【原因】time check failed
[04:25:32 INF] 【直播间】23040372 的第 58 个心跳包发送成功
[04:26:38 INF] 【直播间】23040372 的第 59 个心跳包发送成功
[04:27:44 INF] 【直播间】23040372 的第 60 个心跳包发送成功
[04:28:51 INF] 【直播间】23040372 的第 61 个心跳包发送成功
[04:29:57 INF] 【直播间】23040372 的第 62 个心跳包发送成功
[04:31:04 INF] 【直播间】23040372 的第 63 个心跳包发送成功
[04:32:10 INF] 【直播间】23040372 的第 64 个心跳包发送成功
[04:33:16 INF] 【直播间】23040372 的第 65 个心跳包发送成功
[04:34:23 INF] 【直播间】23040372 的第 66 个心跳包发送成功
[04:35:29 INF] 【直播间】23040372 的第 67 个心跳包发送成功
[04:36:35 INF] 【直播间】23040372 的第 68 个心跳包发送成功
[04:37:42 INF] 【直播间】23040372 的第 69 个心跳包发送成功
[04:38:48 INF] 【直播间】23040372 的第 70 个心跳包发送成功
[04:38:48 INF] 【直播观看时长】完成情况：1/1 
[04:38:48 INF] ---------结束---------

[04:38:48 INF] ==========结束==========

[04:38:48 INF] 

========================

 v1.0.3 开源 by https://github.com/RayWangQvQ/BiliBiliToolPro

[04:38:48 INF] ·开始推送·LiveFansMedal任务·
2023-04-28T20:38:48.2883065Z 开始推送到:PushPlus
2023-04-28T20:39:04.1658425Z Response status: OK.
2023-04-28T20:39:04.1658942Z Response content: {"code":200,"msg":"请求成功","data":"33a55e0f995f4325a0edc761b97f01e2","count":null}.

[04:39:04 INF] 运行环境：Development
[04:39:04 INF] 应用目录：/home/runner/work/BiliBiliToolPro/BiliBiliToolPro/src/Ray.BiliBiliTool.Console/bin/Debug/net6.0/

[04:39:04 INF] 运行结束
