----------- ip 信息 ---------
{
  "ip": "172.183.39.69",
  "city": "Chicago",
  "region": "Illinois",
  "country": "US",
  "loc": "41.8500,-87.6500",
  "org": "AS8075 Microsoft Corporation",
  "postal": "60666",
  "timezone": "America/Chicago",
  "readme": "https://ipinfo.io/missingauth"
} ---------- end ------------
  ____               ____    _   _____           _  
 |  _ \ __ _ _   _  | __ ) _| |_|_   _|__   ___ | | 
 | |_) / _` | | | | |  _ \(_) (_) | |/ _ \ / _ \| | 
 |  _ < (_| | |_| | | |_) | | | | | | (_) | (_) | | 
 |_| \_\__,_|\__, | |____/|_|_|_| |_|\___/ \___/|_| 
             |___/                                  

[00:31:52 INF] BiliBiliToolPro 开始运行...

[00:31:52 INF] 【账号个数】3个

[00:31:52 INF] 随机休眠5分钟

[00:36:52 INF] 【目标任务】LiveFansMedal
[00:36:52 INF] ######### 账号 1 #########

[00:36:52 INF] =====开始 直播间互动 =====

[00:36:52 INF] ---开始 发送弹幕 ---
[00:36:52 INF] 检测到直播 Cookie 未正确配置，尝试自动配置中...
[00:36:56 INF] 直播 Cookie 配置成功！
[00:36:56 INF] 【获取直播列表】获取拥有粉丝牌的直播列表
[00:37:00 INF] 【主播】Mark陌枫 
[00:37:17 INF] 【主播】KL_qiqi_ 
[00:37:32 INF] 【主播】苏打baka 
[00:37:50 INF] 【直播间】Mark陌枫
[00:37:50 INF] 【粉丝牌】馬楓
[00:37:50 INF] 正在发送弹幕...
[00:37:57 INF] 【直播间】KL_qiqi_
[00:37:57 INF] 【粉丝牌】qiqisb
[00:37:57 INF] 正在发送弹幕...
[00:38:00 INF] 【直播间】苏打baka
[00:38:00 INF] 【粉丝牌】碳酸钠
[00:38:00 INF] 正在发送弹幕...
[00:38:04 INF] -------结束-------

[00:38:04 INF] ---开始 点赞直播间 ---
[00:38:04 INF] 【获取直播列表】获取拥有粉丝牌的直播列表
[00:38:06 INF] 【弹幕发送】成功~，你和主播 Mark陌枫 的亲密值增加了100！
[00:38:10 INF] 【主播】Mark陌枫 
[00:38:11 INF] 【弹幕发送】成功~，你和主播 KL_qiqi_ 的亲密值增加了100！
[00:38:16 INF] 【弹幕发送】成功~，你和主播 苏打baka 的亲密值增加了100！
[00:38:32 INF] 【主播】KL_qiqi_ 
[00:38:51 INF] 【主播】苏打baka 
[00:39:12 INF] 【点赞直播间】23357926 完成
[00:39:17 INF] 【点赞直播间】407149 完成
[00:39:24 INF] --------结束--------

[00:39:24 INF] ---开始 直播时长挂机 ---
[00:39:24 INF] 【获取直播列表】获取拥有粉丝牌的直播列表
[00:39:24 INF] 【点赞直播间】23040372 完成
[00:39:30 INF] 【主播】Mark陌枫 
[00:39:41 INF] 【主播】KL_qiqi_ 
[00:39:58 INF] 【主播】苏打baka 
[00:40:17 INF] 【直播间】23357926 的第 1 个心跳包发送成功
[00:40:18 INF] 【直播间】407149 的第 1 个心跳包发送成功
[00:40:19 INF] 【直播间】23040372 的第 1 个心跳包发送成功
[00:41:23 INF] 【直播间】23357926 的第 2 个心跳包发送成功
[00:41:25 INF] 【直播间】407149 的第 2 个心跳包发送成功
[00:41:26 INF] 【直播间】23040372 的第 2 个心跳包发送成功
[00:42:30 INF] 【直播间】23357926 的第 3 个心跳包发送成功
[00:42:31 INF] 【直播间】407149 的第 3 个心跳包发送成功
[00:42:33 INF] 【直播间】23040372 的第 3 个心跳包发送成功
[00:43:37 INF] 【直播间】23357926 的第 4 个心跳包发送成功
[00:43:38 INF] 【直播间】407149 的第 4 个心跳包发送成功
[00:43:39 INF] 【直播间】23040372 的第 4 个心跳包发送成功
[00:44:43 INF] 【直播间】23357926 的第 5 个心跳包发送成功
[00:44:45 INF] 【直播间】407149 的第 5 个心跳包发送成功
[00:44:46 INF] 【直播间】23040372 的第 5 个心跳包发送成功
[00:45:50 INF] 【直播间】23357926 的第 6 个心跳包发送成功
[00:45:51 INF] 【直播间】407149 的第 6 个心跳包发送成功
[00:45:52 INF] 【直播间】23040372 的第 6 个心跳包发送成功
[00:46:56 INF] 【直播间】23357926 的第 7 个心跳包发送成功
[00:46:58 INF] 【直播间】407149 的第 7 个心跳包发送成功
[00:46:59 INF] 【直播间】23040372 的第 7 个心跳包发送成功
[00:48:03 INF] 【直播间】23357926 的第 8 个心跳包发送成功
[00:48:04 INF] 【直播间】407149 的第 8 个心跳包发送成功
[00:48:05 INF] 【直播间】23040372 的第 8 个心跳包发送成功
[00:49:09 INF] 【直播间】23357926 的第 9 个心跳包发送成功
[00:49:11 INF] 【直播间】407149 的第 9 个心跳包发送成功
[00:49:12 INF] 【直播间】23040372 的第 9 个心跳包发送成功
[00:50:16 INF] 【直播间】23357926 的第 10 个心跳包发送成功
[00:50:17 INF] 【直播间】407149 的第 10 个心跳包发送成功
[00:50:19 INF] 【直播间】23040372 的第 10 个心跳包发送成功
[00:51:23 INF] 【直播间】23357926 的第 11 个心跳包发送成功
[00:51:24 INF] 【直播间】407149 的第 11 个心跳包发送成功
[00:51:25 INF] 【直播间】23040372 的第 11 个心跳包发送成功
[00:52:29 INF] 【直播间】23357926 的第 12 个心跳包发送成功
[00:52:30 INF] 【直播间】407149 的第 12 个心跳包发送成功
[00:52:32 INF] 【直播间】23040372 的第 12 个心跳包发送成功
[00:53:36 INF] 【直播间】23357926 的第 13 个心跳包发送成功
[00:53:37 INF] 【直播间】407149 的第 13 个心跳包发送成功
[00:53:38 INF] 【直播间】23040372 的第 13 个心跳包发送成功
[00:54:42 INF] 【直播间】23357926 的第 14 个心跳包发送成功
[00:54:44 INF] 【直播间】407149 的第 14 个心跳包发送成功
[00:54:45 INF] 【直播间】23040372 的第 14 个心跳包发送成功
[00:55:49 ERR] 【心跳包】直播间 23357926 发送失败
[00:55:49 ERR] 【原因】time check failed
[00:55:50 ERR] 【心跳包】直播间 407149 发送失败
[00:55:50 ERR] 【原因】time check failed
[00:55:51 ERR] 【心跳包】直播间 23040372 发送失败
[00:55:51 ERR] 【原因】time check failed
[00:56:55 INF] 【直播间】23357926 的第 15 个心跳包发送成功
[00:56:57 INF] 【直播间】407149 的第 15 个心跳包发送成功
[00:56:58 INF] 【直播间】23040372 的第 15 个心跳包发送成功
[00:58:02 INF] 【直播间】23357926 的第 16 个心跳包发送成功
[00:58:03 INF] 【直播间】407149 的第 16 个心跳包发送成功
[00:58:04 INF] 【直播间】23040372 的第 16 个心跳包发送成功
[00:59:08 INF] 【直播间】23357926 的第 17 个心跳包发送成功
[00:59:10 INF] 【直播间】407149 的第 17 个心跳包发送成功
[00:59:11 INF] 【直播间】23040372 的第 17 个心跳包发送成功
[01:00:15 INF] 【直播间】23357926 的第 18 个心跳包发送成功
[01:00:16 INF] 【直播间】407149 的第 18 个心跳包发送成功
[01:00:17 INF] 【直播间】23040372 的第 18 个心跳包发送成功
[01:01:21 INF] 【直播间】23357926 的第 19 个心跳包发送成功
[01:01:23 INF] 【直播间】407149 的第 19 个心跳包发送成功
[01:01:24 INF] 【直播间】23040372 的第 19 个心跳包发送成功
[01:02:28 INF] 【直播间】23357926 的第 20 个心跳包发送成功
[01:02:29 INF] 【直播间】407149 的第 20 个心跳包发送成功
[01:02:31 INF] 【直播间】23040372 的第 20 个心跳包发送成功
[01:03:35 INF] 【直播间】23357926 的第 21 个心跳包发送成功
[01:03:36 INF] 【直播间】407149 的第 21 个心跳包发送成功
[01:03:37 INF] 【直播间】23040372 的第 21 个心跳包发送成功
[01:04:42 INF] 【直播间】23357926 的第 22 个心跳包发送成功
[01:04:43 INF] 【直播间】407149 的第 22 个心跳包发送成功
[01:04:44 INF] 【直播间】23040372 的第 22 个心跳包发送成功
[01:05:48 INF] 【直播间】23357926 的第 23 个心跳包发送成功
[01:05:49 INF] 【直播间】407149 的第 23 个心跳包发送成功
[01:05:51 INF] 【直播间】23040372 的第 23 个心跳包发送成功
[01:06:54 INF] 【直播间】23357926 的第 24 个心跳包发送成功
[01:06:56 INF] 【直播间】407149 的第 24 个心跳包发送成功
[01:06:57 INF] 【直播间】23040372 的第 24 个心跳包发送成功
[01:08:01 INF] 【直播间】23357926 的第 25 个心跳包发送成功
[01:08:02 INF] 【直播间】407149 的第 25 个心跳包发送成功
[01:08:04 INF] 【直播间】23040372 的第 25 个心跳包发送成功
[01:09:08 INF] 【直播间】23357926 的第 26 个心跳包发送成功
[01:09:09 INF] 【直播间】407149 的第 26 个心跳包发送成功
[01:09:10 INF] 【直播间】23040372 的第 26 个心跳包发送成功
[01:10:14 INF] 【直播间】23357926 的第 27 个心跳包发送成功
[01:10:15 INF] 【直播间】407149 的第 27 个心跳包发送成功
[01:10:17 INF] 【直播间】23040372 的第 27 个心跳包发送成功
[01:11:21 ERR] 【心跳包】直播间 23357926 发送失败
[01:11:21 ERR] 【原因】time check failed
[01:11:22 ERR] 【心跳包】直播间 407149 发送失败
[01:11:22 ERR] 【原因】time check failed
[01:11:23 ERR] 【心跳包】直播间 23040372 发送失败
[01:11:23 ERR] 【原因】time check failed
[01:12:27 INF] 【直播间】23357926 的第 28 个心跳包发送成功
[01:12:28 INF] 【直播间】407149 的第 28 个心跳包发送成功
[01:12:30 INF] 【直播间】23040372 的第 28 个心跳包发送成功
[01:13:34 INF] 【直播间】23357926 的第 29 个心跳包发送成功
[01:13:35 INF] 【直播间】407149 的第 29 个心跳包发送成功
[01:13:36 INF] 【直播间】23040372 的第 29 个心跳包发送成功
[01:14:40 INF] 【直播间】23357926 的第 30 个心跳包发送成功
[01:14:42 INF] 【直播间】407149 的第 30 个心跳包发送成功
[01:14:43 INF] 【直播间】23040372 的第 30 个心跳包发送成功
[01:15:47 INF] 【直播间】23357926 的第 31 个心跳包发送成功
[01:15:48 INF] 【直播间】407149 的第 31 个心跳包发送成功
[01:15:49 INF] 【直播间】23040372 的第 31 个心跳包发送成功
[01:16:54 INF] 【直播间】23357926 的第 32 个心跳包发送成功
[01:16:55 INF] 【直播间】407149 的第 32 个心跳包发送成功
[01:16:56 INF] 【直播间】23040372 的第 32 个心跳包发送成功
[01:18:00 INF] 【直播间】23357926 的第 33 个心跳包发送成功
[01:18:01 INF] 【直播间】407149 的第 33 个心跳包发送成功
[01:18:03 INF] 【直播间】23040372 的第 33 个心跳包发送成功
[01:19:07 INF] 【直播间】23357926 的第 34 个心跳包发送成功
[01:19:08 INF] 【直播间】407149 的第 34 个心跳包发送成功
[01:19:09 INF] 【直播间】23040372 的第 34 个心跳包发送成功
[01:20:13 INF] 【直播间】23357926 的第 35 个心跳包发送成功
[01:20:14 INF] 【直播间】407149 的第 35 个心跳包发送成功
[01:20:16 INF] 【直播间】23040372 的第 35 个心跳包发送成功
[01:21:20 INF] 【直播间】23357926 的第 36 个心跳包发送成功
[01:21:21 INF] 【直播间】407149 的第 36 个心跳包发送成功
[01:21:22 INF] 【直播间】23040372 的第 36 个心跳包发送成功
[01:22:26 INF] 【直播间】23357926 的第 37 个心跳包发送成功
[01:22:28 INF] 【直播间】407149 的第 37 个心跳包发送成功
[01:22:29 INF] 【直播间】23040372 的第 37 个心跳包发送成功
[01:23:33 INF] 【直播间】23357926 的第 38 个心跳包发送成功
[01:23:34 INF] 【直播间】407149 的第 38 个心跳包发送成功
[01:23:35 INF] 【直播间】23040372 的第 38 个心跳包发送成功
[01:24:39 INF] 【直播间】23357926 的第 39 个心跳包发送成功
[01:24:41 INF] 【直播间】407149 的第 39 个心跳包发送成功
[01:24:42 INF] 【直播间】23040372 的第 39 个心跳包发送成功
[01:25:46 INF] 【直播间】23357926 的第 40 个心跳包发送成功
[01:25:47 INF] 【直播间】407149 的第 40 个心跳包发送成功
[01:25:48 INF] 【直播间】23040372 的第 40 个心跳包发送成功
[01:26:52 ERR] 【心跳包】直播间 23357926 发送失败
[01:26:52 ERR] 【原因】time check failed
[01:26:53 ERR] 【心跳包】直播间 407149 发送失败
[01:26:53 ERR] 【原因】time check failed
[01:26:55 ERR] 【心跳包】直播间 23040372 发送失败
[01:26:55 ERR] 【原因】time check failed
[01:27:59 INF] 【直播间】23357926 的第 41 个心跳包发送成功
[01:28:00 INF] 【直播间】407149 的第 41 个心跳包发送成功
[01:28:01 INF] 【直播间】23040372 的第 41 个心跳包发送成功
[01:29:05 INF] 【直播间】23357926 的第 42 个心跳包发送成功
[01:29:07 INF] 【直播间】407149 的第 42 个心跳包发送成功
[01:29:08 INF] 【直播间】23040372 的第 42 个心跳包发送成功
[01:30:12 INF] 【直播间】23357926 的第 43 个心跳包发送成功
[01:30:13 INF] 【直播间】407149 的第 43 个心跳包发送成功
[01:30:14 INF] 【直播间】23040372 的第 43 个心跳包发送成功
[01:31:18 INF] 【直播间】23357926 的第 44 个心跳包发送成功
[01:31:20 INF] 【直播间】407149 的第 44 个心跳包发送成功
[01:31:21 INF] 【直播间】23040372 的第 44 个心跳包发送成功
[01:32:25 INF] 【直播间】23357926 的第 45 个心跳包发送成功
[01:32:26 INF] 【直播间】407149 的第 45 个心跳包发送成功
[01:32:28 INF] 【直播间】23040372 的第 45 个心跳包发送成功
[01:33:32 INF] 【直播间】23357926 的第 46 个心跳包发送成功
[01:33:33 INF] 【直播间】407149 的第 46 个心跳包发送成功
[01:33:34 INF] 【直播间】23040372 的第 46 个心跳包发送成功
[01:34:38 INF] 【直播间】23357926 的第 47 个心跳包发送成功
[01:34:39 INF] 【直播间】407149 的第 47 个心跳包发送成功
[01:34:40 INF] 【直播间】23040372 的第 47 个心跳包发送成功
[01:35:44 INF] 【直播间】23357926 的第 48 个心跳包发送成功
[01:35:46 INF] 【直播间】407149 的第 48 个心跳包发送成功
[01:35:47 INF] 【直播间】23040372 的第 48 个心跳包发送成功
[01:36:51 INF] 【直播间】23357926 的第 49 个心跳包发送成功
[01:36:52 INF] 【直播间】407149 的第 49 个心跳包发送成功
[01:36:54 INF] 【直播间】23040372 的第 49 个心跳包发送成功
[01:37:58 INF] 【直播间】23357926 的第 50 个心跳包发送成功
[01:37:59 INF] 【直播间】407149 的第 50 个心跳包发送成功
[01:38:00 INF] 【直播间】23040372 的第 50 个心跳包发送成功
[01:39:04 INF] 【直播间】23357926 的第 51 个心跳包发送成功
[01:39:06 INF] 【直播间】407149 的第 51 个心跳包发送成功
[01:39:07 INF] 【直播间】23040372 的第 51 个心跳包发送成功
[01:40:11 INF] 【直播间】23357926 的第 52 个心跳包发送成功
[01:40:12 INF] 【直播间】407149 的第 52 个心跳包发送成功
[01:40:13 INF] 【直播间】23040372 的第 52 个心跳包发送成功
[01:41:17 INF] 【直播间】23357926 的第 53 个心跳包发送成功
[01:41:19 INF] 【直播间】407149 的第 53 个心跳包发送成功
[01:41:20 INF] 【直播间】23040372 的第 53 个心跳包发送成功
[01:42:24 ERR] 【心跳包】直播间 23357926 发送失败
[01:42:24 ERR] 【原因】time check failed
[01:42:25 ERR] 【心跳包】直播间 407149 发送失败
[01:42:25 ERR] 【原因】time check failed
[01:42:26 ERR] 【心跳包】直播间 23040372 发送失败
[01:42:26 ERR] 【原因】time check failed
[01:43:30 INF] 【直播间】23357926 的第 54 个心跳包发送成功
[01:43:32 INF] 【直播间】407149 的第 54 个心跳包发送成功
[01:43:33 INF] 【直播间】23040372 的第 54 个心跳包发送成功
[01:44:37 INF] 【直播间】23357926 的第 55 个心跳包发送成功
[01:44:38 INF] 【直播间】407149 的第 55 个心跳包发送成功
[01:44:40 INF] 【直播间】23040372 的第 55 个心跳包发送成功
[01:45:44 INF] 【直播间】23357926 的第 56 个心跳包发送成功
[01:45:45 INF] 【直播间】407149 的第 56 个心跳包发送成功
[01:45:46 INF] 【直播间】23040372 的第 56 个心跳包发送成功
[01:46:50 INF] 【直播间】23357926 的第 57 个心跳包发送成功
[01:46:51 INF] 【直播间】407149 的第 57 个心跳包发送成功
[01:46:53 INF] 【直播间】23040372 的第 57 个心跳包发送成功
[01:47:57 INF] 【直播间】23357926 的第 58 个心跳包发送成功
[01:47:58 INF] 【直播间】407149 的第 58 个心跳包发送成功
[01:47:59 INF] 【直播间】23040372 的第 58 个心跳包发送成功
[01:49:03 INF] 【直播间】23357926 的第 59 个心跳包发送成功
[01:49:05 INF] 【直播间】407149 的第 59 个心跳包发送成功
[01:49:06 INF] 【直播间】23040372 的第 59 个心跳包发送成功
[01:50:10 INF] 【直播间】23357926 的第 60 个心跳包发送成功
[01:50:11 INF] 【直播间】407149 的第 60 个心跳包发送成功
[01:50:13 INF] 【直播间】23040372 的第 60 个心跳包发送成功
[01:51:16 INF] 【直播间】23357926 的第 61 个心跳包发送成功
[01:51:18 INF] 【直播间】407149 的第 61 个心跳包发送成功
[01:51:19 INF] 【直播间】23040372 的第 61 个心跳包发送成功
[01:52:23 INF] 【直播间】23357926 的第 62 个心跳包发送成功
[01:52:24 INF] 【直播间】407149 的第 62 个心跳包发送成功
[01:52:26 INF] 【直播间】23040372 的第 62 个心跳包发送成功
[01:53:30 INF] 【直播间】23357926 的第 63 个心跳包发送成功
[01:53:31 INF] 【直播间】407149 的第 63 个心跳包发送成功
[01:53:32 INF] 【直播间】23040372 的第 63 个心跳包发送成功
[01:54:36 INF] 【直播间】23357926 的第 64 个心跳包发送成功
[01:54:38 INF] 【直播间】407149 的第 64 个心跳包发送成功
[01:54:39 INF] 【直播间】23040372 的第 64 个心跳包发送成功
[01:55:43 INF] 【直播间】23357926 的第 65 个心跳包发送成功
[01:55:44 INF] 【直播间】407149 的第 65 个心跳包发送成功
[01:55:45 INF] 【直播间】23040372 的第 65 个心跳包发送成功
[01:56:50 INF] 【直播间】23357926 的第 66 个心跳包发送成功
[01:56:51 INF] 【直播间】407149 的第 66 个心跳包发送成功
[01:56:52 INF] 【直播间】23040372 的第 66 个心跳包发送成功
[01:57:56 ERR] 【心跳包】直播间 23357926 发送失败
[01:57:56 ERR] 【原因】time check failed
[01:57:57 ERR] 【心跳包】直播间 407149 发送失败
[01:57:57 ERR] 【原因】time check failed
[01:57:58 ERR] 【心跳包】直播间 23040372 发送失败
[01:57:58 ERR] 【原因】time check failed
[01:59:02 INF] 【直播间】23357926 的第 67 个心跳包发送成功
[01:59:04 INF] 【直播间】407149 的第 67 个心跳包发送成功
[01:59:05 INF] 【直播间】23040372 的第 67 个心跳包发送成功
[02:00:09 INF] 【直播间】23357926 的第 68 个心跳包发送成功
[02:00:11 INF] 【直播间】407149 的第 68 个心跳包发送成功
[02:00:12 INF] 【直播间】23040372 的第 68 个心跳包发送成功
[02:01:16 INF] 【直播间】23357926 的第 69 个心跳包发送成功
[02:01:17 INF] 【直播间】407149 的第 69 个心跳包发送成功
[02:01:19 INF] 【直播间】23040372 的第 69 个心跳包发送成功
[02:02:22 INF] 【直播间】23357926 的第 70 个心跳包发送成功
[02:02:24 INF] 【直播间】407149 的第 70 个心跳包发送成功
[02:02:25 INF] 【直播间】23040372 的第 70 个心跳包发送成功
[02:02:25 INF] 【直播观看时长】完成情况：3/3 
[02:02:25 INF] ---------结束---------

[02:02:25 INF] ==========结束==========

[02:02:25 INF] ######### 账号 2 #########

[02:02:25 INF] =====开始 直播间互动 =====

[02:02:25 INF] ---开始 发送弹幕 ---
[02:02:25 INF] 检测到直播 Cookie 未正确配置，尝试自动配置中...
[02:02:30 INF] 直播 Cookie 配置成功！
[02:02:30 INF] 【获取直播列表】获取拥有粉丝牌的直播列表
[02:02:35 INF] 【主播】Mark陌枫 
[02:02:56 INF] 【主播】苏打baka 
[02:03:15 INF] 【主播】特别中二的q3君 
[02:03:33 INF] 【主播】陈抱一 
[02:03:48 INF] 【主播】贪玩的小毅 
[02:04:06 INF] 【主播】KL_qiqi_ 
[02:04:21 INF] 【主播】记录生活的蛋黄派 
[02:04:38 INF] 【主播】悠悠球琛总 
[02:04:53 INF] 【主播】FoFTG 
[02:05:12 INF] 【主播】新石器公园 
[02:05:30 INF] 【主播】脏小豆 
[02:05:45 INF] 【主播】李船长笔记 
[02:06:04 INF] 【直播间】Mark陌枫
[02:06:04 INF] 【粉丝牌】馬楓
[02:06:04 INF] 正在发送弹幕...
[02:06:07 INF] 【直播间】苏打baka
[02:06:07 INF] 【粉丝牌】碳酸钠
[02:06:07 INF] 正在发送弹幕...
[02:06:11 INF] 【直播间】特别中二的q3君
[02:06:11 INF] 【粉丝牌】q3GG
[02:06:11 INF] 正在发送弹幕...
[02:06:14 INF] 【弹幕发送】成功~，你和主播 Mark陌枫 的亲密值增加了100！
[02:06:17 INF] 【直播间】陈抱一
[02:06:17 INF] 【粉丝牌】陈抱一
[02:06:17 INF] 正在发送弹幕...
[02:06:21 INF] 【弹幕发送】成功~，你和主播 苏打baka 的亲密值增加了100！
[02:06:22 INF] 【直播间】贪玩的小毅
[02:06:22 INF] 【粉丝牌】大大毅
[02:06:22 INF] 正在发送弹幕...
[02:06:29 INF] 【直播间】KL_qiqi_
[02:06:29 INF] 【粉丝牌】qiqisb
[02:06:29 INF] 正在发送弹幕...
[02:06:31 INF] 【弹幕发送】成功~，你和主播 特别中二的q3君 的亲密值增加了100！
[02:06:32 INF] 【弹幕发送】成功~，你和主播 陈抱一 的亲密值增加了100！
[02:06:34 INF] 【直播间】记录生活的蛋黄派
[02:06:34 INF] 【粉丝牌】派派派
[02:06:34 INF] 正在发送弹幕...
[02:06:39 INF] 【直播间】悠悠球琛总
[02:06:39 INF] 【粉丝牌】i琛
[02:06:39 INF] 正在发送弹幕...
[02:06:39 INF] 【弹幕发送】成功~，你和主播 贪玩的小毅 的亲密值增加了100！
[02:06:42 INF] 【直播间】FoFTG
[02:06:42 INF] 【粉丝牌】FOFTG
[02:06:42 INF] 正在发送弹幕...
[02:06:44 INF] 【弹幕发送】成功~，你和主播 KL_qiqi_ 的亲密值增加了100！
[02:06:47 INF] 【直播间】新石器公园
[02:06:47 INF] 【粉丝牌】东园主
[02:06:47 INF] 正在发送弹幕...
[02:06:50 INF] 【直播间】脏小豆
[02:06:50 INF] 【粉丝牌】豆豆浆
[02:06:50 INF] 正在发送弹幕...
[02:06:51 INF] 【弹幕发送】成功~，你和主播 记录生活的蛋黄派 的亲密值增加了100！
[02:06:53 INF] 【弹幕发送】成功~，你和主播 悠悠球琛总 的亲密值增加了100！
[02:06:57 INF] 【直播间】李船长笔记
[02:06:57 INF] 【粉丝牌】航海仕
[02:06:57 INF] 正在发送弹幕...
[02:06:58 INF] 【弹幕发送】成功~，你和主播 FoFTG 的亲密值增加了100！
[02:06:59 INF] 【弹幕发送】成功~，你和主播 新石器公园 的亲密值增加了100！
[02:07:00 INF] -------结束-------

[02:07:00 INF] ---开始 点赞直播间 ---
[02:07:00 INF] 【获取直播列表】获取拥有粉丝牌的直播列表
[02:07:06 INF] 【弹幕发送】成功~，你和主播 脏小豆 的亲密值增加了100！
[02:07:07 INF] 【主播】Mark陌枫 
[02:07:13 INF] 【弹幕发送】成功~，你和主播 李船长笔记 的亲密值增加了100！
[02:07:17 INF] 【主播】苏打baka 
[02:07:30 INF] 【主播】特别中二的q3君 
[02:07:46 INF] 【主播】陈抱一 
[02:08:05 INF] 【主播】贪玩的小毅 
[02:08:24 INF] 【主播】KL_qiqi_ 
[02:08:42 INF] 【主播】记录生活的蛋黄派 
[02:08:58 INF] 【主播】悠悠球琛总 
[02:09:19 INF] 【主播】FoFTG 
[02:09:34 INF] 【主播】新石器公园 
[02:09:52 INF] 【主播】脏小豆 
[02:10:09 INF] 【主播】李船长笔记 
[02:10:37 INF] 【点赞直播间】23357926 完成
[02:10:41 INF] 【点赞直播间】23040372 完成
[02:10:48 INF] 【点赞直播间】31494 完成
[02:10:51 INF] 【点赞直播间】4015781 完成
[02:10:58 INF] 【点赞直播间】9619073 完成
[02:11:04 INF] 【点赞直播间】407149 完成
[02:11:10 INF] 【点赞直播间】11732699 完成
[02:11:13 INF] 【点赞直播间】7184632 完成
[02:11:17 INF] 【点赞直播间】91164 完成
[02:11:20 INF] 【点赞直播间】23447660 完成
[02:11:27 INF] 【点赞直播间】929670 完成
[02:11:32 INF] --------结束--------

[02:11:32 INF] ---开始 直播时长挂机 ---
[02:11:32 INF] 【获取直播列表】获取拥有粉丝牌的直播列表
[02:11:33 INF] 【点赞直播间】22764265 完成
[02:11:36 INF] 【主播】Mark陌枫 
[02:11:53 INF] 【主播】苏打baka 
[02:12:08 INF] 【主播】特别中二的q3君 
[02:12:26 INF] 【主播】陈抱一 
[02:12:48 INF] 【主播】贪玩的小毅 
[02:13:03 INF] 【主播】KL_qiqi_ 
[02:13:17 INF] 【主播】记录生活的蛋黄派 
[02:13:33 INF] 【主播】悠悠球琛总 
[02:13:46 INF] 【主播】FoFTG 
[02:14:02 INF] 【主播】新石器公园 
[02:14:15 INF] 【主播】脏小豆 
[02:14:30 INF] 【主播】李船长笔记 
[02:14:41 INF] 【直播间】23357926 的第 1 个心跳包发送成功
[02:14:43 INF] 【直播间】23040372 的第 1 个心跳包发送成功
[02:14:44 INF] 【直播间】31494 的第 1 个心跳包发送成功
[02:14:45 INF] 【直播间】4015781 的第 1 个心跳包发送成功
[02:14:46 INF] 【直播间】9619073 的第 1 个心跳包发送成功
[02:14:48 INF] 【直播间】407149 的第 1 个心跳包发送成功
[02:14:49 INF] 【直播间】11732699 的第 1 个心跳包发送成功
[02:14:50 INF] 【直播间】7184632 的第 1 个心跳包发送成功
[02:14:52 INF] 【直播间】91164 的第 1 个心跳包发送成功
[02:14:53 INF] 【直播间】23447660 的第 1 个心跳包发送成功
[02:14:54 INF] 【直播间】929670 的第 1 个心跳包发送成功
[02:14:55 INF] 【直播间】22764265 的第 1 个心跳包发送成功
[02:15:53 INF] 【直播间】23357926 的第 2 个心跳包发送成功
[02:15:54 INF] 【直播间】23040372 的第 2 个心跳包发送成功
[02:15:55 INF] 【直播间】31494 的第 2 个心跳包发送成功
[02:15:57 INF] 【直播间】4015781 的第 2 个心跳包发送成功
[02:15:58 INF] 【直播间】9619073 的第 2 个心跳包发送成功
[02:15:59 INF] 【直播间】407149 的第 2 个心跳包发送成功
[02:16:00 INF] 【直播间】11732699 的第 2 个心跳包发送成功
[02:16:02 INF] 【直播间】7184632 的第 2 个心跳包发送成功
[02:16:03 INF] 【直播间】91164 的第 2 个心跳包发送成功
[02:16:04 INF] 【直播间】23447660 的第 2 个心跳包发送成功
[02:16:06 INF] 【直播间】929670 的第 2 个心跳包发送成功
[02:16:07 INF] 【直播间】22764265 的第 2 个心跳包发送成功
[02:16:59 INF] 【直播间】23357926 的第 3 个心跳包发送成功
[02:17:01 INF] 【直播间】23040372 的第 3 个心跳包发送成功
[02:17:02 INF] 【直播间】31494 的第 3 个心跳包发送成功
[02:17:03 INF] 【直播间】4015781 的第 3 个心跳包发送成功
[02:17:05 INF] 【直播间】9619073 的第 3 个心跳包发送成功
[02:17:06 INF] 【直播间】407149 的第 3 个心跳包发送成功
[02:17:08 INF] 【直播间】11732699 的第 3 个心跳包发送成功
[02:17:09 INF] 【直播间】7184632 的第 3 个心跳包发送成功
[02:17:10 INF] 【直播间】91164 的第 3 个心跳包发送成功
[02:17:11 INF] 【直播间】23447660 的第 3 个心跳包发送成功
[02:17:13 INF] 【直播间】929670 的第 3 个心跳包发送成功
[02:17:14 INF] 【直播间】22764265 的第 3 个心跳包发送成功
[02:18:06 INF] 【直播间】23357926 的第 4 个心跳包发送成功
[02:18:07 INF] 【直播间】23040372 的第 4 个心跳包发送成功
[02:18:09 INF] 【直播间】31494 的第 4 个心跳包发送成功
[02:18:10 INF] 【直播间】4015781 的第 4 个心跳包发送成功
[02:18:11 INF] 【直播间】9619073 的第 4 个心跳包发送成功
[02:18:12 INF] 【直播间】407149 的第 4 个心跳包发送成功
[02:18:14 INF] 【直播间】11732699 的第 4 个心跳包发送成功
[02:18:15 INF] 【直播间】7184632 的第 4 个心跳包发送成功
[02:18:16 INF] 【直播间】91164 的第 4 个心跳包发送成功
[02:18:18 INF] 【直播间】23447660 的第 4 个心跳包发送成功
[02:18:19 INF] 【直播间】929670 的第 4 个心跳包发送成功
[02:18:20 INF] 【直播间】22764265 的第 4 个心跳包发送成功
[02:19:13 INF] 【直播间】23357926 的第 5 个心跳包发送成功
[02:19:14 INF] 【直播间】23040372 的第 5 个心跳包发送成功
[02:19:15 INF] 【直播间】31494 的第 5 个心跳包发送成功
[02:19:17 INF] 【直播间】4015781 的第 5 个心跳包发送成功
[02:19:18 INF] 【直播间】9619073 的第 5 个心跳包发送成功
[02:19:19 INF] 【直播间】407149 的第 5 个心跳包发送成功
[02:19:21 INF] 【直播间】11732699 的第 5 个心跳包发送成功
[02:19:22 INF] 【直播间】7184632 的第 5 个心跳包发送成功
[02:19:23 INF] 【直播间】91164 的第 5 个心跳包发送成功
[02:19:24 INF] 【直播间】23447660 的第 5 个心跳包发送成功
[02:19:26 INF] 【直播间】929670 的第 5 个心跳包发送成功
[02:19:27 INF] 【直播间】22764265 的第 5 个心跳包发送成功
[02:20:20 INF] 【直播间】23357926 的第 6 个心跳包发送成功
[02:20:21 INF] 【直播间】23040372 的第 6 个心跳包发送成功
[02:20:23 INF] 【直播间】31494 的第 6 个心跳包发送成功
[02:20:24 INF] 【直播间】4015781 的第 6 个心跳包发送成功
[02:20:25 INF] 【直播间】9619073 的第 6 个心跳包发送成功
[02:20:26 INF] 【直播间】407149 的第 6 个心跳包发送成功
[02:20:28 INF] 【直播间】11732699 的第 6 个心跳包发送成功
[02:20:29 INF] 【直播间】7184632 的第 6 个心跳包发送成功
[02:20:30 INF] 【直播间】91164 的第 6 个心跳包发送成功
[02:20:31 INF] 【直播间】23447660 的第 6 个心跳包发送成功
[02:20:33 INF] 【直播间】929670 的第 6 个心跳包发送成功
[02:20:34 INF] 【直播间】22764265 的第 6 个心跳包发送成功
[02:21:26 INF] 【直播间】23357926 的第 7 个心跳包发送成功
[02:21:27 INF] 【直播间】23040372 的第 7 个心跳包发送成功
[02:21:29 INF] 【直播间】31494 的第 7 个心跳包发送成功
[02:21:30 INF] 【直播间】4015781 的第 7 个心跳包发送成功
[02:21:31 INF] 【直播间】9619073 的第 7 个心跳包发送成功
[02:21:33 INF] 【直播间】407149 的第 7 个心跳包发送成功
[02:21:34 INF] 【直播间】11732699 的第 7 个心跳包发送成功
[02:21:35 INF] 【直播间】7184632 的第 7 个心跳包发送成功
[02:21:36 INF] 【直播间】91164 的第 7 个心跳包发送成功
[02:21:38 INF] 【直播间】23447660 的第 7 个心跳包发送成功
[02:21:39 INF] 【直播间】929670 的第 7 个心跳包发送成功
[02:21:40 INF] 【直播间】22764265 的第 7 个心跳包发送成功
[02:22:33 INF] 【直播间】23357926 的第 8 个心跳包发送成功
[02:22:34 INF] 【直播间】23040372 的第 8 个心跳包发送成功
[02:22:35 INF] 【直播间】31494 的第 8 个心跳包发送成功
[02:22:36 INF] 【直播间】4015781 的第 8 个心跳包发送成功
[02:22:38 INF] 【直播间】9619073 的第 8 个心跳包发送成功
[02:22:39 INF] 【直播间】407149 的第 8 个心跳包发送成功
[02:22:40 INF] 【直播间】11732699 的第 8 个心跳包发送成功
[02:22:41 INF] 【直播间】7184632 的第 8 个心跳包发送成功
[02:22:43 INF] 【直播间】91164 的第 8 个心跳包发送成功
[02:22:44 INF] 【直播间】23447660 的第 8 个心跳包发送成功
[02:22:45 INF] 【直播间】929670 的第 8 个心跳包发送成功
[02:22:46 INF] 【直播间】22764265 的第 8 个心跳包发送成功
[02:23:39 INF] 【直播间】23357926 的第 9 个心跳包发送成功
[02:23:40 INF] 【直播间】23040372 的第 9 个心跳包发送成功
[02:23:41 INF] 【直播间】31494 的第 9 个心跳包发送成功
[02:23:43 INF] 【直播间】4015781 的第 9 个心跳包发送成功
[02:23:44 INF] 【直播间】9619073 的第 9 个心跳包发送成功
[02:23:45 INF] 【直播间】407149 的第 9 个心跳包发送成功
[02:23:46 INF] 【直播间】11732699 的第 9 个心跳包发送成功
[02:23:48 INF] 【直播间】7184632 的第 9 个心跳包发送成功
[02:23:49 INF] 【直播间】91164 的第 9 个心跳包发送成功
[02:23:50 INF] 【直播间】23447660 的第 9 个心跳包发送成功
[02:23:52 INF] 【直播间】929670 的第 9 个心跳包发送成功
[02:23:53 INF] 【直播间】22764265 的第 9 个心跳包发送成功
[02:24:45 INF] 【直播间】23357926 的第 10 个心跳包发送成功
[02:24:47 INF] 【直播间】23040372 的第 10 个心跳包发送成功
[02:24:48 INF] 【直播间】31494 的第 10 个心跳包发送成功
[02:24:49 INF] 【直播间】4015781 的第 10 个心跳包发送成功
[02:24:51 INF] 【直播间】9619073 的第 10 个心跳包发送成功
[02:24:52 INF] 【直播间】407149 的第 10 个心跳包发送成功
[02:24:53 INF] 【直播间】11732699 的第 10 个心跳包发送成功
[02:24:54 INF] 【直播间】7184632 的第 10 个心跳包发送成功
[02:24:56 INF] 【直播间】91164 的第 10 个心跳包发送成功
[02:24:57 INF] 【直播间】23447660 的第 10 个心跳包发送成功
[02:24:58 INF] 【直播间】929670 的第 10 个心跳包发送成功
[02:24:59 INF] 【直播间】22764265 的第 10 个心跳包发送成功
[02:25:52 INF] 【直播间】23357926 的第 11 个心跳包发送成功
[02:25:53 INF] 【直播间】23040372 的第 11 个心跳包发送成功
[02:25:55 INF] 【直播间】31494 的第 11 个心跳包发送成功
[02:25:56 INF] 【直播间】4015781 的第 11 个心跳包发送成功
[02:25:57 INF] 【直播间】9619073 的第 11 个心跳包发送成功
[02:25:58 INF] 【直播间】407149 的第 11 个心跳包发送成功
[02:26:00 INF] 【直播间】11732699 的第 11 个心跳包发送成功
[02:26:01 INF] 【直播间】7184632 的第 11 个心跳包发送成功
[02:26:02 INF] 【直播间】91164 的第 11 个心跳包发送成功
[02:26:03 INF] 【直播间】23447660 的第 11 个心跳包发送成功
[02:26:05 INF] 【直播间】929670 的第 11 个心跳包发送成功
[02:26:06 INF] 【直播间】22764265 的第 11 个心跳包发送成功
[02:26:59 INF] 【直播间】23357926 的第 12 个心跳包发送成功
[02:27:00 INF] 【直播间】23040372 的第 12 个心跳包发送成功
[02:27:01 INF] 【直播间】31494 的第 12 个心跳包发送成功
[02:27:03 INF] 【直播间】4015781 的第 12 个心跳包发送成功
[02:27:04 INF] 【直播间】9619073 的第 12 个心跳包发送成功
[02:27:05 INF] 【直播间】407149 的第 12 个心跳包发送成功
[02:27:06 INF] 【直播间】11732699 的第 12 个心跳包发送成功
[02:27:08 INF] 【直播间】7184632 的第 12 个心跳包发送成功
[02:27:09 INF] 【直播间】91164 的第 12 个心跳包发送成功
[02:27:10 INF] 【直播间】23447660 的第 12 个心跳包发送成功
[02:27:11 INF] 【直播间】929670 的第 12 个心跳包发送成功
[02:27:13 INF] 【直播间】22764265 的第 12 个心跳包发送成功
[02:28:05 INF] 【直播间】23357926 的第 13 个心跳包发送成功
[02:28:07 INF] 【直播间】23040372 的第 13 个心跳包发送成功
[02:28:08 INF] 【直播间】31494 的第 13 个心跳包发送成功
[02:28:09 INF] 【直播间】4015781 的第 13 个心跳包发送成功
[02:28:11 INF] 【直播间】9619073 的第 13 个心跳包发送成功
[02:28:12 INF] 【直播间】407149 的第 13 个心跳包发送成功
[02:28:13 INF] 【直播间】11732699 的第 13 个心跳包发送成功
[02:28:14 INF] 【直播间】7184632 的第 13 个心跳包发送成功
[02:28:16 INF] 【直播间】91164 的第 13 个心跳包发送成功
[02:28:17 INF] 【直播间】23447660 的第 13 个心跳包发送成功
[02:28:18 INF] 【直播间】929670 的第 13 个心跳包发送成功
[02:28:19 INF] 【直播间】22764265 的第 13 个心跳包发送成功
[02:29:12 ERR] 【心跳包】直播间 23357926 发送失败
[02:29:12 ERR] 【原因】time check failed
[02:29:13 INF] 【直播间】23040372 的第 14 个心跳包发送成功
[02:29:14 INF] 【直播间】31494 的第 14 个心跳包发送成功
[02:29:16 INF] 【直播间】4015781 的第 14 个心跳包发送成功
[02:29:17 ERR] 【心跳包】直播间 9619073 发送失败
[02:29:17 ERR] 【原因】time check failed
[02:29:18 INF] 【直播间】407149 的第 14 个心跳包发送成功
[02:29:19 INF] 【直播间】11732699 的第 14 个心跳包发送成功
[02:29:21 INF] 【直播间】7184632 的第 14 个心跳包发送成功
[02:29:22 INF] 【直播间】91164 的第 14 个心跳包发送成功
[02:29:23 INF] 【直播间】23447660 的第 14 个心跳包发送成功
[02:29:25 INF] 【直播间】929670 的第 14 个心跳包发送成功
[02:29:26 ERR] 【心跳包】直播间 22764265 发送失败
[02:29:26 ERR] 【原因】time check failed
[02:30:18 INF] 【直播间】23357926 的第 14 个心跳包发送成功
[02:30:20 ERR] 【心跳包】直播间 23040372 发送失败
[02:30:20 ERR] 【原因】time check failed
[02:30:21 ERR] 【心跳包】直播间 31494 发送失败
[02:30:21 ERR] 【原因】time check failed
[02:30:22 ERR] 【心跳包】直播间 4015781 发送失败
[02:30:22 ERR] 【原因】time check failed
[02:30:23 INF] 【直播间】9619073 的第 14 个心跳包发送成功
[02:30:25 ERR] 【心跳包】直播间 407149 发送失败
[02:30:25 ERR] 【原因】time check failed
[02:30:26 ERR] 【心跳包】直播间 11732699 发送失败
[02:30:26 ERR] 【原因】time check failed
[02:30:27 ERR] 【心跳包】直播间 7184632 发送失败
[02:30:27 ERR] 【原因】time check failed
[02:30:28 ERR] 【心跳包】直播间 91164 发送失败
[02:30:28 ERR] 【原因】time check failed
[02:30:30 ERR] 【心跳包】直播间 23447660 发送失败
[02:30:30 ERR] 【原因】time check failed
[02:30:31 ERR] 【心跳包】直播间 929670 发送失败
[02:30:31 ERR] 【原因】time check failed
[02:30:32 INF] 【直播间】22764265 的第 14 个心跳包发送成功
[02:31:25 INF] 【直播间】23357926 的第 15 个心跳包发送成功
[02:31:26 INF] 【直播间】23040372 的第 15 个心跳包发送成功
[02:31:28 INF] 【直播间】31494 的第 15 个心跳包发送成功
[02:31:29 INF] 【直播间】4015781 的第 15 个心跳包发送成功
[02:31:30 INF] 【直播间】9619073 的第 15 个心跳包发送成功
[02:31:31 INF] 【直播间】407149 的第 15 个心跳包发送成功
[02:31:33 INF] 【直播间】11732699 的第 15 个心跳包发送成功
[02:31:34 INF] 【直播间】7184632 的第 15 个心跳包发送成功
[02:31:35 INF] 【直播间】91164 的第 15 个心跳包发送成功
[02:31:36 INF] 【直播间】23447660 的第 15 个心跳包发送成功
[02:31:38 INF] 【直播间】929670 的第 15 个心跳包发送成功
[02:31:39 INF] 【直播间】22764265 的第 15 个心跳包发送成功
[02:32:32 INF] 【直播间】23357926 的第 16 个心跳包发送成功
[02:32:33 INF] 【直播间】23040372 的第 16 个心跳包发送成功
[02:32:34 INF] 【直播间】31494 的第 16 个心跳包发送成功
[02:32:36 INF] 【直播间】4015781 的第 16 个心跳包发送成功
[02:32:37 INF] 【直播间】9619073 的第 16 个心跳包发送成功
[02:32:38 INF] 【直播间】407149 的第 16 个心跳包发送成功
[02:32:40 INF] 【直播间】11732699 的第 16 个心跳包发送成功
[02:32:41 INF] 【直播间】7184632 的第 16 个心跳包发送成功
[02:32:42 INF] 【直播间】91164 的第 16 个心跳包发送成功
[02:32:43 INF] 【直播间】23447660 的第 16 个心跳包发送成功
[02:32:45 INF] 【直播间】929670 的第 16 个心跳包发送成功
[02:32:46 INF] 【直播间】22764265 的第 16 个心跳包发送成功
[02:33:38 INF] 【直播间】23357926 的第 17 个心跳包发送成功
[02:33:39 INF] 【直播间】23040372 的第 17 个心跳包发送成功
[02:33:41 INF] 【直播间】31494 的第 17 个心跳包发送成功
[02:33:42 INF] 【直播间】4015781 的第 17 个心跳包发送成功
[02:33:43 INF] 【直播间】9619073 的第 17 个心跳包发送成功
[02:33:45 INF] 【直播间】407149 的第 17 个心跳包发送成功
[02:33:46 INF] 【直播间】11732699 的第 17 个心跳包发送成功
[02:33:47 INF] 【直播间】7184632 的第 17 个心跳包发送成功
[02:33:48 INF] 【直播间】91164 的第 17 个心跳包发送成功
[02:33:50 INF] 【直播间】23447660 的第 17 个心跳包发送成功
[02:33:51 INF] 【直播间】929670 的第 17 个心跳包发送成功
[02:33:52 INF] 【直播间】22764265 的第 17 个心跳包发送成功
[02:34:45 INF] 【直播间】23357926 的第 18 个心跳包发送成功
[02:34:46 INF] 【直播间】23040372 的第 18 个心跳包发送成功
[02:34:47 INF] 【直播间】31494 的第 18 个心跳包发送成功
[02:34:48 INF] 【直播间】4015781 的第 18 个心跳包发送成功
[02:34:50 INF] 【直播间】9619073 的第 18 个心跳包发送成功
[02:34:51 INF] 【直播间】407149 的第 18 个心跳包发送成功
[02:34:52 INF] 【直播间】11732699 的第 18 个心跳包发送成功
[02:34:53 INF] 【直播间】7184632 的第 18 个心跳包发送成功
[02:34:55 INF] 【直播间】91164 的第 18 个心跳包发送成功
[02:34:56 INF] 【直播间】23447660 的第 18 个心跳包发送成功
[02:34:57 INF] 【直播间】929670 的第 18 个心跳包发送成功
[02:34:59 INF] 【直播间】22764265 的第 18 个心跳包发送成功
[02:35:51 INF] 【直播间】23357926 的第 19 个心跳包发送成功
[02:35:52 INF] 【直播间】23040372 的第 19 个心跳包发送成功
[02:35:54 INF] 【直播间】31494 的第 19 个心跳包发送成功
[02:35:55 INF] 【直播间】4015781 的第 19 个心跳包发送成功
[02:35:56 INF] 【直播间】9619073 的第 19 个心跳包发送成功
[02:35:58 INF] 【直播间】407149 的第 19 个心跳包发送成功
[02:35:59 INF] 【直播间】11732699 的第 19 个心跳包发送成功
[02:36:00 INF] 【直播间】7184632 的第 19 个心跳包发送成功
[02:36:01 INF] 【直播间】91164 的第 19 个心跳包发送成功
[02:36:03 INF] 【直播间】23447660 的第 19 个心跳包发送成功
[02:36:04 INF] 【直播间】929670 的第 19 个心跳包发送成功
[02:36:05 INF] 【直播间】22764265 的第 19 个心跳包发送成功
[02:36:58 INF] 【直播间】23357926 的第 20 个心跳包发送成功
[02:36:59 INF] 【直播间】23040372 的第 20 个心跳包发送成功
[02:37:01 INF] 【直播间】31494 的第 20 个心跳包发送成功
[02:37:02 INF] 【直播间】4015781 的第 20 个心跳包发送成功
[02:37:03 INF] 【直播间】9619073 的第 20 个心跳包发送成功
[02:37:04 INF] 【直播间】407149 的第 20 个心跳包发送成功
[02:37:06 INF] 【直播间】11732699 的第 20 个心跳包发送成功
[02:37:07 INF] 【直播间】7184632 的第 20 个心跳包发送成功
[02:37:08 INF] 【直播间】91164 的第 20 个心跳包发送成功
[02:37:09 INF] 【直播间】23447660 的第 20 个心跳包发送成功
[02:37:11 INF] 【直播间】929670 的第 20 个心跳包发送成功
[02:37:12 INF] 【直播间】22764265 的第 20 个心跳包发送成功
[02:38:05 INF] 【直播间】23357926 的第 21 个心跳包发送成功
[02:38:06 INF] 【直播间】23040372 的第 21 个心跳包发送成功
[02:38:07 INF] 【直播间】31494 的第 21 个心跳包发送成功
[02:38:08 INF] 【直播间】4015781 的第 21 个心跳包发送成功
[02:38:10 INF] 【直播间】9619073 的第 21 个心跳包发送成功
[02:38:11 INF] 【直播间】407149 的第 21 个心跳包发送成功
[02:38:12 INF] 【直播间】11732699 的第 21 个心跳包发送成功
[02:38:13 INF] 【直播间】7184632 的第 21 个心跳包发送成功
[02:38:15 INF] 【直播间】91164 的第 21 个心跳包发送成功
[02:38:16 INF] 【直播间】23447660 的第 21 个心跳包发送成功
[02:38:17 INF] 【直播间】929670 的第 21 个心跳包发送成功
[02:38:18 INF] 【直播间】22764265 的第 21 个心跳包发送成功
[02:39:11 INF] 【直播间】23357926 的第 22 个心跳包发送成功
[02:39:13 INF] 【直播间】23040372 的第 22 个心跳包发送成功
[02:39:14 INF] 【直播间】31494 的第 22 个心跳包发送成功
[02:39:15 INF] 【直播间】4015781 的第 22 个心跳包发送成功
[02:39:16 INF] 【直播间】9619073 的第 22 个心跳包发送成功
[02:39:18 INF] 【直播间】407149 的第 22 个心跳包发送成功
[02:39:19 INF] 【直播间】11732699 的第 22 个心跳包发送成功
[02:39:20 INF] 【直播间】7184632 的第 22 个心跳包发送成功
[02:39:22 INF] 【直播间】91164 的第 22 个心跳包发送成功
[02:39:23 INF] 【直播间】23447660 的第 22 个心跳包发送成功
[02:39:24 INF] 【直播间】929670 的第 22 个心跳包发送成功
[02:39:25 INF] 【直播间】22764265 的第 22 个心跳包发送成功
[02:40:18 INF] 【直播间】23357926 的第 23 个心跳包发送成功
[02:40:19 INF] 【直播间】23040372 的第 23 个心跳包发送成功
[02:40:20 INF] 【直播间】31494 的第 23 个心跳包发送成功
[02:40:22 INF] 【直播间】4015781 的第 23 个心跳包发送成功
[02:40:23 INF] 【直播间】9619073 的第 23 个心跳包发送成功
[02:40:24 INF] 【直播间】407149 的第 23 个心跳包发送成功
[02:40:25 INF] 【直播间】11732699 的第 23 个心跳包发送成功
[02:40:27 INF] 【直播间】7184632 的第 23 个心跳包发送成功
[02:40:28 INF] 【直播间】91164 的第 23 个心跳包发送成功
[02:40:29 INF] 【直播间】23447660 的第 23 个心跳包发送成功
[02:40:30 INF] 【直播间】929670 的第 23 个心跳包发送成功
[02:40:32 INF] 【直播间】22764265 的第 23 个心跳包发送成功
[02:41:25 INF] 【直播间】23357926 的第 24 个心跳包发送成功
[02:41:26 INF] 【直播间】23040372 的第 24 个心跳包发送成功
[02:41:27 INF] 【直播间】31494 的第 24 个心跳包发送成功
[02:41:28 INF] 【直播间】4015781 的第 24 个心跳包发送成功
[02:41:30 INF] 【直播间】9619073 的第 24 个心跳包发送成功
[02:41:31 INF] 【直播间】407149 的第 24 个心跳包发送成功
[02:41:33 INF] 【直播间】11732699 的第 24 个心跳包发送成功
[02:41:34 INF] 【直播间】7184632 的第 24 个心跳包发送成功
[02:41:35 INF] 【直播间】91164 的第 24 个心跳包发送成功
[02:41:36 INF] 【直播间】23447660 的第 24 个心跳包发送成功
[02:41:38 INF] 【直播间】929670 的第 24 个心跳包发送成功
[02:41:39 INF] 【直播间】22764265 的第 24 个心跳包发送成功
[02:42:31 INF] 【直播间】23357926 的第 25 个心跳包发送成功
[02:42:32 INF] 【直播间】23040372 的第 25 个心跳包发送成功
[02:42:34 INF] 【直播间】31494 的第 25 个心跳包发送成功
[02:42:35 INF] 【直播间】4015781 的第 25 个心跳包发送成功
[02:42:36 INF] 【直播间】9619073 的第 25 个心跳包发送成功
[02:42:38 INF] 【直播间】407149 的第 25 个心跳包发送成功
[02:42:39 INF] 【直播间】11732699 的第 25 个心跳包发送成功
[02:42:40 INF] 【直播间】7184632 的第 25 个心跳包发送成功
[02:42:41 INF] 【直播间】91164 的第 25 个心跳包发送成功
[02:42:43 INF] 【直播间】23447660 的第 25 个心跳包发送成功
[02:42:44 INF] 【直播间】929670 的第 25 个心跳包发送成功
[02:42:45 INF] 【直播间】22764265 的第 25 个心跳包发送成功
[02:43:38 INF] 【直播间】23357926 的第 26 个心跳包发送成功
[02:43:39 INF] 【直播间】23040372 的第 26 个心跳包发送成功
[02:43:40 INF] 【直播间】31494 的第 26 个心跳包发送成功
[02:43:41 INF] 【直播间】4015781 的第 26 个心跳包发送成功
[02:43:43 INF] 【直播间】9619073 的第 26 个心跳包发送成功
[02:43:44 INF] 【直播间】407149 的第 26 个心跳包发送成功
[02:43:45 INF] 【直播间】11732699 的第 26 个心跳包发送成功
[02:43:46 INF] 【直播间】7184632 的第 26 个心跳包发送成功
[02:43:48 INF] 【直播间】91164 的第 26 个心跳包发送成功
[02:43:49 INF] 【直播间】23447660 的第 26 个心跳包发送成功
[02:43:50 INF] 【直播间】929670 的第 26 个心跳包发送成功
[02:43:51 INF] 【直播间】22764265 的第 26 个心跳包发送成功
[02:44:44 ERR] 【心跳包】直播间 23357926 发送失败
[02:44:44 ERR] 【原因】time check failed
[02:44:45 INF] 【直播间】23040372 的第 27 个心跳包发送成功
[02:44:46 INF] 【直播间】31494 的第 27 个心跳包发送成功
[02:44:48 INF] 【直播间】4015781 的第 27 个心跳包发送成功
[02:44:49 ERR] 【心跳包】直播间 9619073 发送失败
[02:44:49 ERR] 【原因】time check failed
[02:44:50 INF] 【直播间】407149 的第 27 个心跳包发送成功
[02:44:51 INF] 【直播间】11732699 的第 27 个心跳包发送成功
[02:44:53 INF] 【直播间】7184632 的第 27 个心跳包发送成功
[02:44:54 INF] 【直播间】91164 的第 27 个心跳包发送成功
[02:44:55 INF] 【直播间】23447660 的第 27 个心跳包发送成功
[02:44:56 INF] 【直播间】929670 的第 27 个心跳包发送成功
[02:44:58 ERR] 【心跳包】直播间 22764265 发送失败
[02:44:58 ERR] 【原因】time check failed
[02:45:50 INF] 【直播间】23357926 的第 27 个心跳包发送成功
[02:45:52 ERR] 【心跳包】直播间 23040372 发送失败
[02:45:52 ERR] 【原因】time check failed
[02:45:53 ERR] 【心跳包】直播间 31494 发送失败
[02:45:53 ERR] 【原因】time check failed
[02:45:54 ERR] 【心跳包】直播间 4015781 发送失败
[02:45:54 ERR] 【原因】time check failed
[02:45:55 INF] 【直播间】9619073 的第 27 个心跳包发送成功
[02:45:57 ERR] 【心跳包】直播间 407149 发送失败
[02:45:57 ERR] 【原因】time check failed
[02:45:58 ERR] 【心跳包】直播间 11732699 发送失败
[02:45:58 ERR] 【原因】time check failed
[02:45:59 ERR] 【心跳包】直播间 7184632 发送失败
[02:45:59 ERR] 【原因】time check failed
[02:46:00 ERR] 【心跳包】直播间 91164 发送失败
[02:46:00 ERR] 【原因】time check failed
[02:46:01 ERR] 【心跳包】直播间 23447660 发送失败
[02:46:01 ERR] 【原因】time check failed
[02:46:03 ERR] 【心跳包】直播间 929670 发送失败
[02:46:03 ERR] 【原因】time check failed
[02:46:04 INF] 【直播间】22764265 的第 27 个心跳包发送成功
[02:46:57 INF] 【直播间】23357926 的第 28 个心跳包发送成功
[02:46:58 INF] 【直播间】23040372 的第 28 个心跳包发送成功
[02:47:00 INF] 【直播间】31494 的第 28 个心跳包发送成功
[02:47:01 INF] 【直播间】4015781 的第 28 个心跳包发送成功
[02:47:02 INF] 【直播间】9619073 的第 28 个心跳包发送成功
[02:47:03 INF] 【直播间】407149 的第 28 个心跳包发送成功
[02:47:05 INF] 【直播间】11732699 的第 28 个心跳包发送成功
[02:47:06 INF] 【直播间】7184632 的第 28 个心跳包发送成功
[02:47:07 INF] 【直播间】91164 的第 28 个心跳包发送成功
[02:47:08 INF] 【直播间】23447660 的第 28 个心跳包发送成功
[02:47:10 INF] 【直播间】929670 的第 28 个心跳包发送成功
[02:47:11 INF] 【直播间】22764265 的第 28 个心跳包发送成功
[02:48:04 INF] 【直播间】23357926 的第 29 个心跳包发送成功
[02:48:05 INF] 【直播间】23040372 的第 29 个心跳包发送成功
[02:48:06 INF] 【直播间】31494 的第 29 个心跳包发送成功
[02:48:08 INF] 【直播间】4015781 的第 29 个心跳包发送成功
[02:48:09 INF] 【直播间】9619073 的第 29 个心跳包发送成功
[02:48:10 INF] 【直播间】407149 的第 29 个心跳包发送成功
[02:48:11 INF] 【直播间】11732699 的第 29 个心跳包发送成功
[02:48:13 INF] 【直播间】7184632 的第 29 个心跳包发送成功
[02:48:14 INF] 【直播间】91164 的第 29 个心跳包发送成功
[02:48:15 INF] 【直播间】23447660 的第 29 个心跳包发送成功
[02:48:17 INF] 【直播间】929670 的第 29 个心跳包发送成功
[02:48:18 INF] 【直播间】22764265 的第 29 个心跳包发送成功
[02:49:10 INF] 【直播间】23357926 的第 30 个心跳包发送成功
[02:49:12 INF] 【直播间】23040372 的第 30 个心跳包发送成功
[02:49:13 INF] 【直播间】31494 的第 30 个心跳包发送成功
[02:49:14 INF] 【直播间】4015781 的第 30 个心跳包发送成功
[02:49:15 INF] 【直播间】9619073 的第 30 个心跳包发送成功
[02:49:17 INF] 【直播间】407149 的第 30 个心跳包发送成功
[02:49:18 INF] 【直播间】11732699 的第 30 个心跳包发送成功
[02:49:19 INF] 【直播间】7184632 的第 30 个心跳包发送成功
[02:49:20 INF] 【直播间】91164 的第 30 个心跳包发送成功
[02:49:22 INF] 【直播间】23447660 的第 30 个心跳包发送成功
[02:49:23 INF] 【直播间】929670 的第 30 个心跳包发送成功
[02:49:24 INF] 【直播间】22764265 的第 30 个心跳包发送成功
[02:50:17 INF] 【直播间】23357926 的第 31 个心跳包发送成功
[02:50:18 INF] 【直播间】23040372 的第 31 个心跳包发送成功
[02:50:19 INF] 【直播间】31494 的第 31 个心跳包发送成功
[02:50:20 INF] 【直播间】4015781 的第 31 个心跳包发送成功
[02:50:22 INF] 【直播间】9619073 的第 31 个心跳包发送成功
[02:50:23 INF] 【直播间】407149 的第 31 个心跳包发送成功
[02:50:24 INF] 【直播间】11732699 的第 31 个心跳包发送成功
[02:50:25 INF] 【直播间】7184632 的第 31 个心跳包发送成功
[02:50:27 INF] 【直播间】91164 的第 31 个心跳包发送成功
[02:50:28 INF] 【直播间】23447660 的第 31 个心跳包发送成功
[02:50:29 INF] 【直播间】929670 的第 31 个心跳包发送成功
[02:50:30 INF] 【直播间】22764265 的第 31 个心跳包发送成功
[02:51:23 INF] 【直播间】23357926 的第 32 个心跳包发送成功
[02:51:25 INF] 【直播间】23040372 的第 32 个心跳包发送成功
[02:51:26 INF] 【直播间】31494 的第 32 个心跳包发送成功
[02:51:27 INF] 【直播间】4015781 的第 32 个心跳包发送成功
[02:51:28 INF] 【直播间】9619073 的第 32 个心跳包发送成功
[02:51:30 INF] 【直播间】407149 的第 32 个心跳包发送成功
[02:51:31 INF] 【直播间】11732699 的第 32 个心跳包发送成功
[02:51:32 INF] 【直播间】7184632 的第 32 个心跳包发送成功
[02:51:34 INF] 【直播间】91164 的第 32 个心跳包发送成功
[02:51:35 INF] 【直播间】23447660 的第 32 个心跳包发送成功
[02:51:36 INF] 【直播间】929670 的第 32 个心跳包发送成功
[02:51:37 INF] 【直播间】22764265 的第 32 个心跳包发送成功
[02:52:30 INF] 【直播间】23357926 的第 33 个心跳包发送成功
[02:52:31 INF] 【直播间】23040372 的第 33 个心跳包发送成功
[02:52:32 INF] 【直播间】31494 的第 33 个心跳包发送成功
[02:52:34 INF] 【直播间】4015781 的第 33 个心跳包发送成功
[02:52:35 INF] 【直播间】9619073 的第 33 个心跳包发送成功
[02:52:36 INF] 【直播间】407149 的第 33 个心跳包发送成功
[02:52:37 INF] 【直播间】11732699 的第 33 个心跳包发送成功
[02:52:39 INF] 【直播间】7184632 的第 33 个心跳包发送成功
[02:52:40 INF] 【直播间】91164 的第 33 个心跳包发送成功
[02:52:41 INF] 【直播间】23447660 的第 33 个心跳包发送成功
[02:52:42 INF] 【直播间】929670 的第 33 个心跳包发送成功
[02:52:44 INF] 【直播间】22764265 的第 33 个心跳包发送成功
[02:53:36 INF] 【直播间】23357926 的第 34 个心跳包发送成功
[02:53:38 INF] 【直播间】23040372 的第 34 个心跳包发送成功
[02:53:39 INF] 【直播间】31494 的第 34 个心跳包发送成功
[02:53:40 INF] 【直播间】4015781 的第 34 个心跳包发送成功
[02:53:42 INF] 【直播间】9619073 的第 34 个心跳包发送成功
[02:53:43 INF] 【直播间】407149 的第 34 个心跳包发送成功
[02:53:44 INF] 【直播间】11732699 的第 34 个心跳包发送成功
[02:53:45 INF] 【直播间】7184632 的第 34 个心跳包发送成功
[02:53:47 INF] 【直播间】91164 的第 34 个心跳包发送成功
[02:53:48 INF] 【直播间】23447660 的第 34 个心跳包发送成功
[02:53:49 INF] 【直播间】929670 的第 34 个心跳包发送成功
[02:53:50 INF] 【直播间】22764265 的第 34 个心跳包发送成功
[02:54:43 INF] 【直播间】23357926 的第 35 个心跳包发送成功
[02:54:44 INF] 【直播间】23040372 的第 35 个心跳包发送成功
[02:54:46 INF] 【直播间】31494 的第 35 个心跳包发送成功
[02:54:47 INF] 【直播间】4015781 的第 35 个心跳包发送成功
[02:54:49 INF] 【直播间】9619073 的第 35 个心跳包发送成功
[02:54:50 INF] 【直播间】407149 的第 35 个心跳包发送成功
[02:54:51 INF] 【直播间】11732699 的第 35 个心跳包发送成功
[02:54:52 INF] 【直播间】7184632 的第 35 个心跳包发送成功
[02:54:54 INF] 【直播间】91164 的第 35 个心跳包发送成功
[02:54:55 INF] 【直播间】23447660 的第 35 个心跳包发送成功
[02:54:56 INF] 【直播间】929670 的第 35 个心跳包发送成功
[02:54:58 INF] 【直播间】22764265 的第 35 个心跳包发送成功
[02:55:50 INF] 【直播间】23357926 的第 36 个心跳包发送成功
[02:55:51 INF] 【直播间】23040372 的第 36 个心跳包发送成功
[02:55:52 INF] 【直播间】31494 的第 36 个心跳包发送成功
[02:55:53 INF] 【直播间】4015781 的第 36 个心跳包发送成功
[02:55:55 INF] 【直播间】9619073 的第 36 个心跳包发送成功
[02:55:56 INF] 【直播间】407149 的第 36 个心跳包发送成功
[02:55:57 INF] 【直播间】11732699 的第 36 个心跳包发送成功
[02:55:59 INF] 【直播间】7184632 的第 36 个心跳包发送成功
[02:56:00 INF] 【直播间】91164 的第 36 个心跳包发送成功
[02:56:01 INF] 【直播间】23447660 的第 36 个心跳包发送成功
[02:56:03 INF] 【直播间】929670 的第 36 个心跳包发送成功
[02:56:04 INF] 【直播间】22764265 的第 36 个心跳包发送成功
[02:56:56 INF] 【直播间】23357926 的第 37 个心跳包发送成功
[02:56:57 INF] 【直播间】23040372 的第 37 个心跳包发送成功
[02:56:59 INF] 【直播间】31494 的第 37 个心跳包发送成功
[02:57:00 INF] 【直播间】4015781 的第 37 个心跳包发送成功
[02:57:01 INF] 【直播间】9619073 的第 37 个心跳包发送成功
[02:57:02 INF] 【直播间】407149 的第 37 个心跳包发送成功
[02:57:04 INF] 【直播间】11732699 的第 37 个心跳包发送成功
[02:57:05 INF] 【直播间】7184632 的第 37 个心跳包发送成功
[02:57:06 INF] 【直播间】91164 的第 37 个心跳包发送成功
[02:57:08 INF] 【直播间】23447660 的第 37 个心跳包发送成功
[02:57:09 INF] 【直播间】929670 的第 37 个心跳包发送成功
[02:57:10 INF] 【直播间】22764265 的第 37 个心跳包发送成功
[02:58:03 INF] 【直播间】23357926 的第 38 个心跳包发送成功
[02:58:04 INF] 【直播间】23040372 的第 38 个心跳包发送成功
[02:58:05 INF] 【直播间】31494 的第 38 个心跳包发送成功
[02:58:06 INF] 【直播间】4015781 的第 38 个心跳包发送成功
[02:58:08 INF] 【直播间】9619073 的第 38 个心跳包发送成功
[02:58:09 INF] 【直播间】407149 的第 38 个心跳包发送成功
[02:58:10 INF] 【直播间】11732699 的第 38 个心跳包发送成功
[02:58:12 INF] 【直播间】7184632 的第 38 个心跳包发送成功
[02:58:13 INF] 【直播间】91164 的第 38 个心跳包发送成功
[02:58:14 INF] 【直播间】23447660 的第 38 个心跳包发送成功
[02:58:15 INF] 【直播间】929670 的第 38 个心跳包发送成功
[02:58:17 INF] 【直播间】22764265 的第 38 个心跳包发送成功
[02:59:09 INF] 【直播间】23357926 的第 39 个心跳包发送成功
[02:59:10 INF] 【直播间】23040372 的第 39 个心跳包发送成功
[02:59:12 INF] 【直播间】31494 的第 39 个心跳包发送成功
[02:59:13 INF] 【直播间】4015781 的第 39 个心跳包发送成功
[02:59:14 INF] 【直播间】9619073 的第 39 个心跳包发送成功
[02:59:15 INF] 【直播间】407149 的第 39 个心跳包发送成功
[02:59:17 INF] 【直播间】11732699 的第 39 个心跳包发送成功
[02:59:18 INF] 【直播间】7184632 的第 39 个心跳包发送成功
[02:59:19 INF] 【直播间】91164 的第 39 个心跳包发送成功
[02:59:20 INF] 【直播间】23447660 的第 39 个心跳包发送成功
[02:59:22 INF] 【直播间】929670 的第 39 个心跳包发送成功
[02:59:23 INF] 【直播间】22764265 的第 39 个心跳包发送成功
[03:00:16 ERR] 【心跳包】直播间 23357926 发送失败
[03:00:16 ERR] 【原因】time check failed
[03:00:17 INF] 【直播间】23040372 的第 40 个心跳包发送成功
[03:00:18 INF] 【直播间】31494 的第 40 个心跳包发送成功
[03:00:20 INF] 【直播间】4015781 的第 40 个心跳包发送成功
[03:00:21 ERR] 【心跳包】直播间 9619073 发送失败
[03:00:21 ERR] 【原因】time check failed
[03:00:22 INF] 【直播间】407149 的第 40 个心跳包发送成功
[03:00:23 INF] 【直播间】11732699 的第 40 个心跳包发送成功
[03:00:25 INF] 【直播间】7184632 的第 40 个心跳包发送成功
[03:00:26 INF] 【直播间】91164 的第 40 个心跳包发送成功
[03:00:27 INF] 【直播间】23447660 的第 40 个心跳包发送成功
[03:00:28 INF] 【直播间】929670 的第 40 个心跳包发送成功
[03:00:30 ERR] 【心跳包】直播间 22764265 发送失败
[03:00:30 ERR] 【原因】time check failed
[03:01:22 INF] 【直播间】23357926 的第 40 个心跳包发送成功
[03:01:24 ERR] 【心跳包】直播间 23040372 发送失败
[03:01:24 ERR] 【原因】time check failed
[03:01:25 ERR] 【心跳包】直播间 31494 发送失败
[03:01:25 ERR] 【原因】time check failed
[03:01:26 ERR] 【心跳包】直播间 4015781 发送失败
[03:01:26 ERR] 【原因】time check failed
[03:01:28 INF] 【直播间】9619073 的第 40 个心跳包发送成功
[03:01:29 ERR] 【心跳包】直播间 407149 发送失败
[03:01:29 ERR] 【原因】time check failed
[03:01:30 ERR] 【心跳包】直播间 11732699 发送失败
[03:01:30 ERR] 【原因】time check failed
[03:01:31 ERR] 【心跳包】直播间 7184632 发送失败
[03:01:31 ERR] 【原因】time check failed
[03:01:33 ERR] 【心跳包】直播间 91164 发送失败
[03:01:33 ERR] 【原因】time check failed
[03:01:34 ERR] 【心跳包】直播间 23447660 发送失败
[03:01:34 ERR] 【原因】time check failed
[03:01:35 ERR] 【心跳包】直播间 929670 发送失败
[03:01:35 ERR] 【原因】time check failed
[03:01:36 INF] 【直播间】22764265 的第 40 个心跳包发送成功
[03:02:29 INF] 【直播间】23357926 的第 41 个心跳包发送成功
[03:02:30 INF] 【直播间】23040372 的第 41 个心跳包发送成功
[03:02:31 INF] 【直播间】31494 的第 41 个心跳包发送成功
[03:02:33 INF] 【直播间】4015781 的第 41 个心跳包发送成功
[03:02:34 INF] 【直播间】9619073 的第 41 个心跳包发送成功
[03:02:35 INF] 【直播间】407149 的第 41 个心跳包发送成功
[03:02:36 INF] 【直播间】11732699 的第 41 个心跳包发送成功
[03:02:38 INF] 【直播间】7184632 的第 41 个心跳包发送成功
[03:02:39 INF] 【直播间】91164 的第 41 个心跳包发送成功
[03:02:40 INF] 【直播间】23447660 的第 41 个心跳包发送成功
[03:02:41 INF] 【直播间】929670 的第 41 个心跳包发送成功
[03:02:43 INF] 【直播间】22764265 的第 41 个心跳包发送成功
[03:03:36 INF] 【直播间】23357926 的第 42 个心跳包发送成功
[03:03:37 INF] 【直播间】23040372 的第 42 个心跳包发送成功
[03:03:38 INF] 【直播间】31494 的第 42 个心跳包发送成功
[03:03:40 INF] 【直播间】4015781 的第 42 个心跳包发送成功
[03:03:41 INF] 【直播间】9619073 的第 42 个心跳包发送成功
[03:03:42 INF] 【直播间】407149 的第 42 个心跳包发送成功
[03:03:44 INF] 【直播间】11732699 的第 42 个心跳包发送成功
[03:03:45 INF] 【直播间】7184632 的第 42 个心跳包发送成功
[03:03:46 INF] 【直播间】91164 的第 42 个心跳包发送成功
[03:03:48 INF] 【直播间】23447660 的第 42 个心跳包发送成功
[03:03:49 INF] 【直播间】929670 的第 42 个心跳包发送成功
[03:03:50 INF] 【直播间】22764265 的第 42 个心跳包发送成功
[03:04:42 INF] 【直播间】23357926 的第 43 个心跳包发送成功
[03:04:43 INF] 【直播间】23040372 的第 43 个心跳包发送成功
[03:04:45 INF] 【直播间】31494 的第 43 个心跳包发送成功
[03:04:46 INF] 【直播间】4015781 的第 43 个心跳包发送成功
[03:04:47 INF] 【直播间】9619073 的第 43 个心跳包发送成功
[03:04:49 INF] 【直播间】407149 的第 43 个心跳包发送成功
[03:04:50 INF] 【直播间】11732699 的第 43 个心跳包发送成功
[03:04:52 INF] 【直播间】7184632 的第 43 个心跳包发送成功
[03:04:53 INF] 【直播间】91164 的第 43 个心跳包发送成功
[03:04:54 INF] 【直播间】23447660 的第 43 个心跳包发送成功
[03:04:55 INF] 【直播间】929670 的第 43 个心跳包发送成功
[03:04:57 INF] 【直播间】22764265 的第 43 个心跳包发送成功
[03:05:49 INF] 【直播间】23357926 的第 44 个心跳包发送成功
[03:05:50 INF] 【直播间】23040372 的第 44 个心跳包发送成功
[03:05:52 INF] 【直播间】31494 的第 44 个心跳包发送成功
[03:05:53 INF] 【直播间】4015781 的第 44 个心跳包发送成功
[03:05:54 INF] 【直播间】9619073 的第 44 个心跳包发送成功
[03:05:55 INF] 【直播间】407149 的第 44 个心跳包发送成功
[03:05:57 INF] 【直播间】11732699 的第 44 个心跳包发送成功
[03:05:58 INF] 【直播间】7184632 的第 44 个心跳包发送成功
[03:05:59 INF] 【直播间】91164 的第 44 个心跳包发送成功
[03:06:01 INF] 【直播间】23447660 的第 44 个心跳包发送成功
[03:06:02 INF] 【直播间】929670 的第 44 个心跳包发送成功
[03:06:03 INF] 【直播间】22764265 的第 44 个心跳包发送成功
[03:06:56 INF] 【直播间】23357926 的第 45 个心跳包发送成功
[03:06:57 INF] 【直播间】23040372 的第 45 个心跳包发送成功
[03:06:58 INF] 【直播间】31494 的第 45 个心跳包发送成功
[03:06:59 INF] 【直播间】4015781 的第 45 个心跳包发送成功
[03:07:01 INF] 【直播间】9619073 的第 45 个心跳包发送成功
[03:07:02 INF] 【直播间】407149 的第 45 个心跳包发送成功
[03:07:03 INF] 【直播间】11732699 的第 45 个心跳包发送成功
[03:07:04 INF] 【直播间】7184632 的第 45 个心跳包发送成功
[03:07:06 INF] 【直播间】91164 的第 45 个心跳包发送成功
[03:07:07 INF] 【直播间】23447660 的第 45 个心跳包发送成功
[03:07:08 INF] 【直播间】929670 的第 45 个心跳包发送成功
[03:07:10 INF] 【直播间】22764265 的第 45 个心跳包发送成功
[03:08:02 INF] 【直播间】23357926 的第 46 个心跳包发送成功
[03:08:03 INF] 【直播间】23040372 的第 46 个心跳包发送成功
[03:08:05 INF] 【直播间】31494 的第 46 个心跳包发送成功
[03:08:06 INF] 【直播间】4015781 的第 46 个心跳包发送成功
[03:08:07 INF] 【直播间】9619073 的第 46 个心跳包发送成功
[03:08:08 INF] 【直播间】407149 的第 46 个心跳包发送成功
[03:08:10 INF] 【直播间】11732699 的第 46 个心跳包发送成功
[03:08:11 INF] 【直播间】7184632 的第 46 个心跳包发送成功
[03:08:12 INF] 【直播间】91164 的第 46 个心跳包发送成功
[03:08:14 INF] 【直播间】23447660 的第 46 个心跳包发送成功
[03:08:15 INF] 【直播间】929670 的第 46 个心跳包发送成功
[03:08:16 INF] 【直播间】22764265 的第 46 个心跳包发送成功
[03:09:09 INF] 【直播间】23357926 的第 47 个心跳包发送成功
[03:09:10 INF] 【直播间】23040372 的第 47 个心跳包发送成功
[03:09:11 INF] 【直播间】31494 的第 47 个心跳包发送成功
[03:09:12 INF] 【直播间】4015781 的第 47 个心跳包发送成功
[03:09:14 INF] 【直播间】9619073 的第 47 个心跳包发送成功
[03:09:15 INF] 【直播间】407149 的第 47 个心跳包发送成功
[03:09:16 INF] 【直播间】11732699 的第 47 个心跳包发送成功
[03:09:17 INF] 【直播间】7184632 的第 47 个心跳包发送成功
[03:09:19 INF] 【直播间】91164 的第 47 个心跳包发送成功
[03:09:20 INF] 【直播间】23447660 的第 47 个心跳包发送成功
[03:09:21 INF] 【直播间】929670 的第 47 个心跳包发送成功
[03:09:22 INF] 【直播间】22764265 的第 47 个心跳包发送成功
[03:10:15 INF] 【直播间】23357926 的第 48 个心跳包发送成功
[03:10:16 INF] 【直播间】23040372 的第 48 个心跳包发送成功
[03:10:17 INF] 【直播间】31494 的第 48 个心跳包发送成功
[03:10:19 INF] 【直播间】4015781 的第 48 个心跳包发送成功
[03:10:20 INF] 【直播间】9619073 的第 48 个心跳包发送成功
[03:10:21 INF] 【直播间】407149 的第 48 个心跳包发送成功
[03:10:22 INF] 【直播间】11732699 的第 48 个心跳包发送成功
[03:10:24 INF] 【直播间】7184632 的第 48 个心跳包发送成功
[03:10:25 INF] 【直播间】91164 的第 48 个心跳包发送成功
[03:10:26 INF] 【直播间】23447660 的第 48 个心跳包发送成功
[03:10:27 INF] 【直播间】929670 的第 48 个心跳包发送成功
[03:10:29 INF] 【直播间】22764265 的第 48 个心跳包发送成功
[03:11:22 INF] 【直播间】23357926 的第 49 个心跳包发送成功
[03:11:23 INF] 【直播间】23040372 的第 49 个心跳包发送成功
[03:11:24 INF] 【直播间】31494 的第 49 个心跳包发送成功
[03:11:26 INF] 【直播间】4015781 的第 49 个心跳包发送成功
[03:11:27 INF] 【直播间】9619073 的第 49 个心跳包发送成功
[03:11:28 INF] 【直播间】407149 的第 49 个心跳包发送成功
[03:11:29 INF] 【直播间】11732699 的第 49 个心跳包发送成功
[03:11:31 INF] 【直播间】7184632 的第 49 个心跳包发送成功
[03:11:32 INF] 【直播间】91164 的第 49 个心跳包发送成功
[03:11:33 INF] 【直播间】23447660 的第 49 个心跳包发送成功
[03:11:34 INF] 【直播间】929670 的第 49 个心跳包发送成功
[03:11:36 INF] 【直播间】22764265 的第 49 个心跳包发送成功
[03:12:29 INF] 【直播间】23357926 的第 50 个心跳包发送成功
[03:12:30 INF] 【直播间】23040372 的第 50 个心跳包发送成功
[03:12:31 INF] 【直播间】31494 的第 50 个心跳包发送成功
[03:12:32 INF] 【直播间】4015781 的第 50 个心跳包发送成功
[03:12:34 INF] 【直播间】9619073 的第 50 个心跳包发送成功
[03:12:35 INF] 【直播间】407149 的第 50 个心跳包发送成功
[03:12:36 INF] 【直播间】11732699 的第 50 个心跳包发送成功
[03:12:38 INF] 【直播间】7184632 的第 50 个心跳包发送成功
[03:12:39 INF] 【直播间】91164 的第 50 个心跳包发送成功
[03:12:40 INF] 【直播间】23447660 的第 50 个心跳包发送成功
[03:12:41 INF] 【直播间】929670 的第 50 个心跳包发送成功
[03:12:43 INF] 【直播间】22764265 的第 50 个心跳包发送成功
[03:13:35 INF] 【直播间】23357926 的第 51 个心跳包发送成功
[03:13:36 INF] 【直播间】23040372 的第 51 个心跳包发送成功
[03:13:38 INF] 【直播间】31494 的第 51 个心跳包发送成功
[03:13:39 INF] 【直播间】4015781 的第 51 个心跳包发送成功
[03:13:40 INF] 【直播间】9619073 的第 51 个心跳包发送成功
[03:13:41 INF] 【直播间】407149 的第 51 个心跳包发送成功
[03:13:43 INF] 【直播间】11732699 的第 51 个心跳包发送成功
[03:13:44 INF] 【直播间】7184632 的第 51 个心跳包发送成功
[03:13:45 INF] 【直播间】91164 的第 51 个心跳包发送成功
[03:13:46 INF] 【直播间】23447660 的第 51 个心跳包发送成功
[03:13:48 INF] 【直播间】929670 的第 51 个心跳包发送成功
[03:13:49 INF] 【直播间】22764265 的第 51 个心跳包发送成功
[03:14:42 INF] 【直播间】23357926 的第 52 个心跳包发送成功
[03:14:43 INF] 【直播间】23040372 的第 52 个心跳包发送成功
[03:14:44 INF] 【直播间】31494 的第 52 个心跳包发送成功
[03:14:45 INF] 【直播间】4015781 的第 52 个心跳包发送成功
[03:14:47 INF] 【直播间】9619073 的第 52 个心跳包发送成功
[03:14:48 INF] 【直播间】407149 的第 52 个心跳包发送成功
[03:14:49 INF] 【直播间】11732699 的第 52 个心跳包发送成功
[03:14:51 INF] 【直播间】7184632 的第 52 个心跳包发送成功
[03:14:52 INF] 【直播间】91164 的第 52 个心跳包发送成功
[03:14:53 INF] 【直播间】23447660 的第 52 个心跳包发送成功
[03:14:55 INF] 【直播间】929670 的第 52 个心跳包发送成功
[03:14:56 INF] 【直播间】22764265 的第 52 个心跳包发送成功
[03:15:48 ERR] 【心跳包】直播间 23357926 发送失败
[03:15:48 ERR] 【原因】time check failed
[03:15:49 INF] 【直播间】23040372 的第 53 个心跳包发送成功
[03:15:51 INF] 【直播间】31494 的第 53 个心跳包发送成功
[03:15:52 INF] 【直播间】4015781 的第 53 个心跳包发送成功
[03:15:53 ERR] 【心跳包】直播间 9619073 发送失败
[03:15:53 ERR] 【原因】time check failed
[03:15:54 INF] 【直播间】407149 的第 53 个心跳包发送成功
[03:15:56 INF] 【直播间】11732699 的第 53 个心跳包发送成功
[03:15:57 INF] 【直播间】7184632 的第 53 个心跳包发送成功
[03:15:58 INF] 【直播间】91164 的第 53 个心跳包发送成功
[03:16:00 INF] 【直播间】23447660 的第 53 个心跳包发送成功
[03:16:01 INF] 【直播间】929670 的第 53 个心跳包发送成功
[03:16:02 ERR] 【心跳包】直播间 22764265 发送失败
[03:16:02 ERR] 【原因】time check failed
[03:16:55 INF] 【直播间】23357926 的第 53 个心跳包发送成功
[03:16:56 ERR] 【心跳包】直播间 23040372 发送失败
[03:16:56 ERR] 【原因】time check failed
[03:16:57 ERR] 【心跳包】直播间 31494 发送失败
[03:16:57 ERR] 【原因】time check failed
[03:16:59 ERR] 【心跳包】直播间 4015781 发送失败
[03:16:59 ERR] 【原因】time check failed
[03:17:00 INF] 【直播间】9619073 的第 53 个心跳包发送成功
[03:17:01 ERR] 【心跳包】直播间 407149 发送失败
[03:17:01 ERR] 【原因】time check failed
[03:17:02 ERR] 【心跳包】直播间 11732699 发送失败
[03:17:02 ERR] 【原因】time check failed
[03:17:04 ERR] 【心跳包】直播间 7184632 发送失败
[03:17:04 ERR] 【原因】time check failed
[03:17:05 ERR] 【心跳包】直播间 91164 发送失败
[03:17:05 ERR] 【原因】time check failed
[03:17:06 ERR] 【心跳包】直播间 23447660 发送失败
[03:17:06 ERR] 【原因】time check failed
[03:17:07 ERR] 【心跳包】直播间 929670 发送失败
[03:17:07 ERR] 【原因】time check failed
[03:17:09 INF] 【直播间】22764265 的第 53 个心跳包发送成功
[03:18:01 INF] 【直播间】23357926 的第 54 个心跳包发送成功
[03:18:03 INF] 【直播间】23040372 的第 54 个心跳包发送成功
[03:18:04 INF] 【直播间】31494 的第 54 个心跳包发送成功
[03:18:05 INF] 【直播间】4015781 的第 54 个心跳包发送成功
[03:18:06 INF] 【直播间】9619073 的第 54 个心跳包发送成功
[03:18:08 INF] 【直播间】407149 的第 54 个心跳包发送成功
[03:18:09 INF] 【直播间】11732699 的第 54 个心跳包发送成功
[03:18:10 INF] 【直播间】7184632 的第 54 个心跳包发送成功
[03:18:12 INF] 【直播间】91164 的第 54 个心跳包发送成功
[03:18:13 INF] 【直播间】23447660 的第 54 个心跳包发送成功
[03:18:14 INF] 【直播间】929670 的第 54 个心跳包发送成功
[03:18:15 INF] 【直播间】22764265 的第 54 个心跳包发送成功
[03:19:08 INF] 【直播间】23357926 的第 55 个心跳包发送成功
[03:19:09 INF] 【直播间】23040372 的第 55 个心跳包发送成功
[03:19:10 INF] 【直播间】31494 的第 55 个心跳包发送成功
[03:19:12 INF] 【直播间】4015781 的第 55 个心跳包发送成功
[03:19:13 INF] 【直播间】9619073 的第 55 个心跳包发送成功
[03:19:14 INF] 【直播间】407149 的第 55 个心跳包发送成功
[03:19:15 INF] 【直播间】11732699 的第 55 个心跳包发送成功
[03:19:17 INF] 【直播间】7184632 的第 55 个心跳包发送成功
[03:19:18 INF] 【直播间】91164 的第 55 个心跳包发送成功
[03:19:19 INF] 【直播间】23447660 的第 55 个心跳包发送成功
[03:19:20 INF] 【直播间】929670 的第 55 个心跳包发送成功
[03:19:22 INF] 【直播间】22764265 的第 55 个心跳包发送成功
[03:20:14 INF] 【直播间】23357926 的第 56 个心跳包发送成功
[03:20:16 INF] 【直播间】23040372 的第 56 个心跳包发送成功
[03:20:17 INF] 【直播间】31494 的第 56 个心跳包发送成功
[03:20:18 INF] 【直播间】4015781 的第 56 个心跳包发送成功
[03:20:19 INF] 【直播间】9619073 的第 56 个心跳包发送成功
[03:20:21 INF] 【直播间】407149 的第 56 个心跳包发送成功
[03:20:22 INF] 【直播间】11732699 的第 56 个心跳包发送成功
[03:20:23 INF] 【直播间】7184632 的第 56 个心跳包发送成功
[03:20:24 INF] 【直播间】91164 的第 56 个心跳包发送成功
[03:20:26 INF] 【直播间】23447660 的第 56 个心跳包发送成功
[03:20:27 INF] 【直播间】929670 的第 56 个心跳包发送成功
[03:20:28 INF] 【直播间】22764265 的第 56 个心跳包发送成功
[03:21:21 INF] 【直播间】23357926 的第 57 个心跳包发送成功
[03:21:22 INF] 【直播间】23040372 的第 57 个心跳包发送成功
[03:21:23 INF] 【直播间】31494 的第 57 个心跳包发送成功
[03:21:25 INF] 【直播间】4015781 的第 57 个心跳包发送成功
[03:21:26 INF] 【直播间】9619073 的第 57 个心跳包发送成功
[03:21:27 INF] 【直播间】407149 的第 57 个心跳包发送成功
[03:21:28 INF] 【直播间】11732699 的第 57 个心跳包发送成功
[03:21:30 INF] 【直播间】7184632 的第 57 个心跳包发送成功
[03:21:31 INF] 【直播间】91164 的第 57 个心跳包发送成功
[03:21:32 INF] 【直播间】23447660 的第 57 个心跳包发送成功
[03:21:33 INF] 【直播间】929670 的第 57 个心跳包发送成功
[03:21:35 INF] 【直播间】22764265 的第 57 个心跳包发送成功
[03:22:28 INF] 【直播间】23357926 的第 58 个心跳包发送成功
[03:22:29 INF] 【直播间】23040372 的第 58 个心跳包发送成功
[03:22:30 INF] 【直播间】31494 的第 58 个心跳包发送成功
[03:22:31 INF] 【直播间】4015781 的第 58 个心跳包发送成功
[03:22:33 INF] 【直播间】9619073 的第 58 个心跳包发送成功
[03:22:34 INF] 【直播间】407149 的第 58 个心跳包发送成功
[03:22:35 INF] 【直播间】11732699 的第 58 个心跳包发送成功
[03:22:37 INF] 【直播间】7184632 的第 58 个心跳包发送成功
[03:22:38 INF] 【直播间】91164 的第 58 个心跳包发送成功
[03:22:39 INF] 【直播间】23447660 的第 58 个心跳包发送成功
[03:22:40 INF] 【直播间】929670 的第 58 个心跳包发送成功
[03:22:42 INF] 【直播间】22764265 的第 58 个心跳包发送成功
[03:23:34 INF] 【直播间】23357926 的第 59 个心跳包发送成功
[03:23:36 INF] 【直播间】23040372 的第 59 个心跳包发送成功
[03:23:37 INF] 【直播间】31494 的第 59 个心跳包发送成功
[03:23:38 INF] 【直播间】4015781 的第 59 个心跳包发送成功
[03:23:39 INF] 【直播间】9619073 的第 59 个心跳包发送成功
[03:23:41 INF] 【直播间】407149 的第 59 个心跳包发送成功
[03:23:42 INF] 【直播间】11732699 的第 59 个心跳包发送成功
[03:23:43 INF] 【直播间】7184632 的第 59 个心跳包发送成功
[03:23:44 INF] 【直播间】91164 的第 59 个心跳包发送成功
[03:23:46 INF] 【直播间】23447660 的第 59 个心跳包发送成功
[03:23:47 INF] 【直播间】929670 的第 59 个心跳包发送成功
[03:23:48 INF] 【直播间】22764265 的第 59 个心跳包发送成功
[03:24:41 INF] 【直播间】23357926 的第 60 个心跳包发送成功
[03:24:42 INF] 【直播间】23040372 的第 60 个心跳包发送成功
[03:24:43 INF] 【直播间】31494 的第 60 个心跳包发送成功
[03:24:45 INF] 【直播间】4015781 的第 60 个心跳包发送成功
[03:24:46 INF] 【直播间】9619073 的第 60 个心跳包发送成功
[03:24:47 INF] 【直播间】407149 的第 60 个心跳包发送成功
[03:24:48 INF] 【直播间】11732699 的第 60 个心跳包发送成功
[03:24:50 INF] 【直播间】7184632 的第 60 个心跳包发送成功
[03:24:51 INF] 【直播间】91164 的第 60 个心跳包发送成功
[03:24:52 INF] 【直播间】23447660 的第 60 个心跳包发送成功
[03:24:54 INF] 【直播间】929670 的第 60 个心跳包发送成功
[03:24:55 INF] 【直播间】22764265 的第 60 个心跳包发送成功
[03:25:47 INF] 【直播间】23357926 的第 61 个心跳包发送成功
[03:25:49 INF] 【直播间】23040372 的第 61 个心跳包发送成功
[03:25:50 INF] 【直播间】31494 的第 61 个心跳包发送成功
[03:25:51 INF] 【直播间】4015781 的第 61 个心跳包发送成功
[03:25:52 INF] 【直播间】9619073 的第 61 个心跳包发送成功
[03:25:54 INF] 【直播间】407149 的第 61 个心跳包发送成功
[03:25:55 INF] 【直播间】11732699 的第 61 个心跳包发送成功
[03:25:56 INF] 【直播间】7184632 的第 61 个心跳包发送成功
[03:25:57 INF] 【直播间】91164 的第 61 个心跳包发送成功
[03:25:59 INF] 【直播间】23447660 的第 61 个心跳包发送成功
[03:26:00 INF] 【直播间】929670 的第 61 个心跳包发送成功
[03:26:01 INF] 【直播间】22764265 的第 61 个心跳包发送成功
[03:26:54 INF] 【直播间】23357926 的第 62 个心跳包发送成功
[03:26:55 INF] 【直播间】23040372 的第 62 个心跳包发送成功
[03:26:56 INF] 【直播间】31494 的第 62 个心跳包发送成功
[03:26:58 INF] 【直播间】4015781 的第 62 个心跳包发送成功
[03:26:59 INF] 【直播间】9619073 的第 62 个心跳包发送成功
[03:27:00 INF] 【直播间】407149 的第 62 个心跳包发送成功
[03:27:01 INF] 【直播间】11732699 的第 62 个心跳包发送成功
[03:27:03 INF] 【直播间】7184632 的第 62 个心跳包发送成功
[03:27:04 INF] 【直播间】91164 的第 62 个心跳包发送成功
[03:27:05 INF] 【直播间】23447660 的第 62 个心跳包发送成功
[03:27:06 INF] 【直播间】929670 的第 62 个心跳包发送成功
[03:27:08 INF] 【直播间】22764265 的第 62 个心跳包发送成功
[03:28:01 INF] 【直播间】23357926 的第 63 个心跳包发送成功
[03:28:02 INF] 【直播间】23040372 的第 63 个心跳包发送成功
[03:28:03 INF] 【直播间】31494 的第 63 个心跳包发送成功
[03:28:04 INF] 【直播间】4015781 的第 63 个心跳包发送成功
[03:28:06 INF] 【直播间】9619073 的第 63 个心跳包发送成功
[03:28:07 INF] 【直播间】407149 的第 63 个心跳包发送成功
[03:28:08 INF] 【直播间】11732699 的第 63 个心跳包发送成功
[03:28:09 INF] 【直播间】7184632 的第 63 个心跳包发送成功
[03:28:11 INF] 【直播间】91164 的第 63 个心跳包发送成功
[03:28:12 INF] 【直播间】23447660 的第 63 个心跳包发送成功
[03:28:13 INF] 【直播间】929670 的第 63 个心跳包发送成功
[03:28:14 INF] 【直播间】22764265 的第 63 个心跳包发送成功
[03:29:07 INF] 【直播间】23357926 的第 64 个心跳包发送成功
[03:29:08 INF] 【直播间】23040372 的第 64 个心跳包发送成功
[03:29:10 INF] 【直播间】31494 的第 64 个心跳包发送成功
[03:29:11 INF] 【直播间】4015781 的第 64 个心跳包发送成功
[03:29:12 INF] 【直播间】9619073 的第 64 个心跳包发送成功
[03:29:13 INF] 【直播间】407149 的第 64 个心跳包发送成功
[03:29:15 INF] 【直播间】11732699 的第 64 个心跳包发送成功
[03:29:16 INF] 【直播间】7184632 的第 64 个心跳包发送成功
[03:29:17 INF] 【直播间】91164 的第 64 个心跳包发送成功
[03:29:18 INF] 【直播间】23447660 的第 64 个心跳包发送成功
[03:29:20 INF] 【直播间】929670 的第 64 个心跳包发送成功
[03:29:21 INF] 【直播间】22764265 的第 64 个心跳包发送成功
[03:30:14 INF] 【直播间】23357926 的第 65 个心跳包发送成功
[03:30:15 INF] 【直播间】23040372 的第 65 个心跳包发送成功
[03:30:16 INF] 【直播间】31494 的第 65 个心跳包发送成功
[03:30:18 INF] 【直播间】4015781 的第 65 个心跳包发送成功
[03:30:19 INF] 【直播间】9619073 的第 65 个心跳包发送成功
[03:30:20 INF] 【直播间】407149 的第 65 个心跳包发送成功
[03:30:21 INF] 【直播间】11732699 的第 65 个心跳包发送成功
[03:30:23 INF] 【直播间】7184632 的第 65 个心跳包发送成功
[03:30:24 INF] 【直播间】91164 的第 65 个心跳包发送成功
[03:30:25 INF] 【直播间】23447660 的第 65 个心跳包发送成功
[03:30:26 INF] 【直播间】929670 的第 65 个心跳包发送成功
[03:30:27 INF] 【直播间】22764265 的第 65 个心跳包发送成功
[03:31:20 ERR] 【心跳包】直播间 23357926 发送失败
[03:31:20 ERR] 【原因】time check failed
[03:31:21 INF] 【直播间】23040372 的第 66 个心跳包发送成功
[03:31:23 INF] 【直播间】31494 的第 66 个心跳包发送成功
[03:31:24 INF] 【直播间】4015781 的第 66 个心跳包发送成功
[03:31:25 ERR] 【心跳包】直播间 9619073 发送失败
[03:31:25 ERR] 【原因】time check failed
[03:31:27 INF] 【直播间】407149 的第 66 个心跳包发送成功
[03:31:28 INF] 【直播间】11732699 的第 66 个心跳包发送成功
[03:31:29 INF] 【直播间】7184632 的第 66 个心跳包发送成功
[03:31:30 INF] 【直播间】91164 的第 66 个心跳包发送成功
[03:31:32 INF] 【直播间】23447660 的第 66 个心跳包发送成功
[03:31:33 INF] 【直播间】929670 的第 66 个心跳包发送成功
[03:31:34 ERR] 【心跳包】直播间 22764265 发送失败
[03:31:34 ERR] 【原因】time check failed
[03:32:27 INF] 【直播间】23357926 的第 66 个心跳包发送成功
[03:32:28 ERR] 【心跳包】直播间 23040372 发送失败
[03:32:28 ERR] 【原因】time check failed
[03:32:29 ERR] 【心跳包】直播间 31494 发送失败
[03:32:29 ERR] 【原因】time check failed
[03:32:31 ERR] 【心跳包】直播间 4015781 发送失败
[03:32:31 ERR] 【原因】time check failed
[03:32:32 INF] 【直播间】9619073 的第 66 个心跳包发送成功
[03:32:33 ERR] 【心跳包】直播间 407149 发送失败
[03:32:33 ERR] 【原因】time check failed
[03:32:34 ERR] 【心跳包】直播间 11732699 发送失败
[03:32:34 ERR] 【原因】time check failed
[03:32:36 ERR] 【心跳包】直播间 7184632 发送失败
[03:32:36 ERR] 【原因】time check failed
[03:32:37 ERR] 【心跳包】直播间 91164 发送失败
[03:32:37 ERR] 【原因】time check failed
[03:32:38 ERR] 【心跳包】直播间 23447660 发送失败
[03:32:38 ERR] 【原因】time check failed
[03:32:39 ERR] 【心跳包】直播间 929670 发送失败
[03:32:39 ERR] 【原因】time check failed
[03:32:41 INF] 【直播间】22764265 的第 66 个心跳包发送成功
[03:33:34 INF] 【直播间】23357926 的第 67 个心跳包发送成功
[03:33:35 INF] 【直播间】23040372 的第 67 个心跳包发送成功
[03:33:36 INF] 【直播间】31494 的第 67 个心跳包发送成功
[03:33:38 INF] 【直播间】4015781 的第 67 个心跳包发送成功
[03:33:39 INF] 【直播间】9619073 的第 67 个心跳包发送成功
[03:33:40 INF] 【直播间】407149 的第 67 个心跳包发送成功
[03:33:41 INF] 【直播间】11732699 的第 67 个心跳包发送成功
[03:33:43 INF] 【直播间】7184632 的第 67 个心跳包发送成功
[03:33:44 INF] 【直播间】91164 的第 67 个心跳包发送成功
[03:33:45 INF] 【直播间】23447660 的第 67 个心跳包发送成功
[03:33:46 INF] 【直播间】929670 的第 67 个心跳包发送成功
[03:33:48 INF] 【直播间】22764265 的第 67 个心跳包发送成功
[03:34:40 INF] 【直播间】23357926 的第 68 个心跳包发送成功
[03:34:41 INF] 【直播间】23040372 的第 68 个心跳包发送成功
[03:34:43 INF] 【直播间】31494 的第 68 个心跳包发送成功
[03:34:44 INF] 【直播间】4015781 的第 68 个心跳包发送成功
[03:34:45 INF] 【直播间】9619073 的第 68 个心跳包发送成功
[03:34:46 INF] 【直播间】407149 的第 68 个心跳包发送成功
[03:34:48 INF] 【直播间】11732699 的第 68 个心跳包发送成功
[03:34:49 INF] 【直播间】7184632 的第 68 个心跳包发送成功
[03:34:50 INF] 【直播间】91164 的第 68 个心跳包发送成功
[03:34:52 INF] 【直播间】23447660 的第 68 个心跳包发送成功
[03:34:53 INF] 【直播间】929670 的第 68 个心跳包发送成功
[03:34:54 INF] 【直播间】22764265 的第 68 个心跳包发送成功
[03:35:47 INF] 【直播间】23357926 的第 69 个心跳包发送成功
[03:35:48 INF] 【直播间】23040372 的第 69 个心跳包发送成功
[03:35:49 INF] 【直播间】31494 的第 69 个心跳包发送成功
[03:35:50 INF] 【直播间】4015781 的第 69 个心跳包发送成功
[03:35:52 INF] 【直播间】9619073 的第 69 个心跳包发送成功
[03:35:53 INF] 【直播间】407149 的第 69 个心跳包发送成功
[03:35:54 INF] 【直播间】11732699 的第 69 个心跳包发送成功
[03:35:55 INF] 【直播间】7184632 的第 69 个心跳包发送成功
[03:35:57 INF] 【直播间】91164 的第 69 个心跳包发送成功
[03:35:58 INF] 【直播间】23447660 的第 69 个心跳包发送成功
[03:35:59 INF] 【直播间】929670 的第 69 个心跳包发送成功
[03:36:01 INF] 【直播间】22764265 的第 69 个心跳包发送成功
[03:36:53 INF] 【直播间】23357926 的第 70 个心跳包发送成功
[03:36:54 INF] 【直播间】23040372 的第 70 个心跳包发送成功
[03:36:56 INF] 【直播间】31494 的第 70 个心跳包发送成功
[03:36:57 INF] 【直播间】4015781 的第 70 个心跳包发送成功
[03:36:58 INF] 【直播间】9619073 的第 70 个心跳包发送成功
[03:37:00 INF] 【直播间】407149 的第 70 个心跳包发送成功
[03:37:01 INF] 【直播间】11732699 的第 70 个心跳包发送成功
[03:37:02 INF] 【直播间】7184632 的第 70 个心跳包发送成功
[03:37:03 INF] 【直播间】91164 的第 70 个心跳包发送成功
[03:37:05 INF] 【直播间】23447660 的第 70 个心跳包发送成功
[03:37:06 INF] 【直播间】929670 的第 70 个心跳包发送成功
[03:37:07 INF] 【直播间】22764265 的第 70 个心跳包发送成功
[03:37:07 INF] 【直播观看时长】完成情况：12/12 
[03:37:07 INF] ---------结束---------

[03:37:07 INF] ==========结束==========

[03:37:07 INF] ######### 账号 3 #########

[03:37:07 INF] =====开始 直播间互动 =====

[03:37:07 INF] ---开始 发送弹幕 ---
[03:37:07 INF] 检测到直播 Cookie 未正确配置，尝试自动配置中...
[03:37:13 INF] 直播 Cookie 配置成功！
[03:37:13 INF] 【获取直播列表】获取拥有粉丝牌的直播列表
[03:37:19 ERR] 【获取直播列表】失败
[03:37:19 ERR] 【原因】账号未登录
[03:37:19 ERR] 发送弹幕失败，继续其他任务。失败信息:Object reference not set to an instance of an object.

[03:37:19 INF] -------结束-------

[03:37:19 INF] ---开始 点赞直播间 ---
[03:37:19 INF] 【获取直播列表】获取拥有粉丝牌的直播列表
[03:37:25 ERR] 【获取直播列表】失败
[03:37:25 ERR] 【原因】账号未登录
[03:37:25 ERR] 点赞直播间失败，继续其他任务。失败信息:Object reference not set to an instance of an object.

[03:37:25 INF] --------结束--------

[03:37:25 INF] ---开始 直播时长挂机 ---
[03:37:25 INF] 【获取直播列表】获取拥有粉丝牌的直播列表
[03:37:30 ERR] 【获取直播列表】失败
[03:37:30 ERR] 【原因】账号未登录
[03:37:30 ERR] 直播时长挂机失败，继续其他任务。失败信息:Object reference not set to an instance of an object.

[03:37:30 INF] ---------结束---------

[03:37:30 INF] ==========结束==========

[03:37:30 INF] 

========================

 v2.0.1 开源 by https://github.com/RayWangQvQ/BiliBiliToolPro

[03:37:30 INF] ·开始推送·LiveFansMedal任务·
2023-11-22T19:37:30.8714063Z 开始推送到:PushPlus
2023-11-22T19:37:32.3925098Z Response status: OK.
2023-11-22T19:37:32.3925507Z Response content: {"code":999,"msg":"发送内容过大，不能超过2万字","data":null}.

[03:37:32 INF] 运行环境：Development
[03:37:32 INF] 应用目录：/home/runner/work/BiliBiliToolPro/BiliBiliToolPro/src/Ray.BiliBiliTool.Console/bin/Debug/net6.0/

[03:37:32 INF] 运行结束
