----------- ip 信息 ---------
{
  "ip": "104.28.210.135",
  "city": "Durham",
  "region": "North Carolina",
  "country": "US",
  "loc": "35.9940,-78.8986",
  "org": "AS13335 Cloudflare, Inc.",
  "postal": "27701",
  "timezone": "America/New_York",
  "readme": "https://ipinfo.io/missingauth"
} ---------- end ------------
  ____               ____    _   _____           _  
 |  _ \ __ _ _   _  | __ ) _| |_|_   _|__   ___ | | 
 | |_) / _` | | | | |  _ \(_) (_) | |/ _ \ / _ \| | 
 |  _ < (_| | |_| | | |_) | | | | | | (_) | (_) | | 
 |_| \_\__,_|\__, | |____/|_|_|_| |_|\___/ \___/|_| 
             |___/                                  

[00:26:51 INF] BiliBiliToolPro 开始运行...

[00:26:51 INF] 【账号个数】3个

[00:26:51 INF] 随机休眠3分钟

[00:29:51 INF] 【目标任务】LiveFansMedal
[00:29:51 INF] ######### 账号 1 #########

[00:29:51 INF] =====开始 直播间互动 =====

[00:29:51 INF] ---开始 发送弹幕 ---
[00:29:51 INF] 检测到直播 Cookie 未正确配置，尝试自动配置中...
[00:29:56 INF] 直播 Cookie 配置成功！
[00:29:56 INF] 【获取直播列表】获取拥有粉丝牌的直播列表
[00:30:00 INF] 【主播】Mark陌枫 
[00:30:18 INF] 【主播】KL_qiqi_ 
[00:30:32 INF] 【主播】苏打baka 
[00:30:51 INF] 【直播间】Mark陌枫
[00:30:51 INF] 【粉丝牌】馬楓
[00:30:51 INF] 正在发送弹幕...
[00:30:58 INF] 【直播间】KL_qiqi_
[00:30:58 INF] 【粉丝牌】qiqisb
[00:30:58 INF] 正在发送弹幕...
[00:31:01 INF] 【直播间】苏打baka
[00:31:01 INF] 【粉丝牌】碳酸钠
[00:31:01 INF] 正在发送弹幕...
[00:31:08 INF] -------结束-------

[00:31:08 INF] ---开始 点赞直播间 ---
[00:31:08 INF] 【获取直播列表】获取拥有粉丝牌的直播列表
[00:31:12 INF] 【弹幕发送】成功~，你和主播 Mark陌枫 的亲密值增加了100！
[00:31:12 ERR] 【弹幕发送】失败
[00:31:12 ERR] 【原因】您发送弹幕的频率过快
[00:31:15 INF] 【主播】Mark陌枫 
[00:31:21 INF] 【弹幕发送】成功~，你和主播 苏打baka 的亲密值增加了100！
[00:31:31 INF] 【主播】KL_qiqi_ 
[00:31:52 INF] 【主播】苏打baka 
[00:32:09 INF] 【点赞直播间】23357926 完成
[00:32:12 INF] 【点赞直播间】407149 完成
[00:32:18 INF] --------结束--------

[00:32:18 INF] ---开始 直播时长挂机 ---
[00:32:18 INF] 【获取直播列表】获取拥有粉丝牌的直播列表
[00:32:18 INF] 【点赞直播间】23040372 完成
[00:32:26 INF] 【主播】Mark陌枫 
[00:32:42 INF] 【主播】KL_qiqi_ 
[00:32:59 INF] 【主播】苏打baka 
[00:33:16 INF] 【直播间】23357926 的第 1 个心跳包发送成功
[00:33:18 INF] 【直播间】407149 的第 1 个心跳包发送成功
[00:33:19 INF] 【直播间】23040372 的第 1 个心跳包发送成功
[00:34:23 INF] 【直播间】23357926 的第 2 个心跳包发送成功
[00:34:24 INF] 【直播间】407149 的第 2 个心跳包发送成功
[00:34:26 INF] 【直播间】23040372 的第 2 个心跳包发送成功
[00:35:30 INF] 【直播间】23357926 的第 3 个心跳包发送成功
[00:35:31 INF] 【直播间】407149 的第 3 个心跳包发送成功
[00:35:32 INF] 【直播间】23040372 的第 3 个心跳包发送成功
[00:36:36 INF] 【直播间】23357926 的第 4 个心跳包发送成功
[00:36:38 INF] 【直播间】407149 的第 4 个心跳包发送成功
[00:36:39 INF] 【直播间】23040372 的第 4 个心跳包发送成功
[00:37:43 INF] 【直播间】23357926 的第 5 个心跳包发送成功
[00:37:44 INF] 【直播间】407149 的第 5 个心跳包发送成功
[00:37:46 INF] 【直播间】23040372 的第 5 个心跳包发送成功
[00:38:50 INF] 【直播间】23357926 的第 6 个心跳包发送成功
[00:38:52 INF] 【直播间】407149 的第 6 个心跳包发送成功
[00:38:53 INF] 【直播间】23040372 的第 6 个心跳包发送成功
[00:39:57 INF] 【直播间】23357926 的第 7 个心跳包发送成功
[00:39:58 INF] 【直播间】407149 的第 7 个心跳包发送成功
[00:39:59 INF] 【直播间】23040372 的第 7 个心跳包发送成功
[00:41:04 INF] 【直播间】23357926 的第 8 个心跳包发送成功
[00:41:05 INF] 【直播间】407149 的第 8 个心跳包发送成功
[00:41:06 INF] 【直播间】23040372 的第 8 个心跳包发送成功
[00:42:10 INF] 【直播间】23357926 的第 9 个心跳包发送成功
[00:42:12 INF] 【直播间】407149 的第 9 个心跳包发送成功
[00:42:13 INF] 【直播间】23040372 的第 9 个心跳包发送成功
[00:43:17 INF] 【直播间】23357926 的第 10 个心跳包发送成功
[00:43:19 INF] 【直播间】407149 的第 10 个心跳包发送成功
[00:43:20 INF] 【直播间】23040372 的第 10 个心跳包发送成功
[00:44:25 INF] 【直播间】23357926 的第 11 个心跳包发送成功
[00:44:26 INF] 【直播间】407149 的第 11 个心跳包发送成功
[00:44:27 INF] 【直播间】23040372 的第 11 个心跳包发送成功
[00:45:31 INF] 【直播间】23357926 的第 12 个心跳包发送成功
[00:45:32 INF] 【直播间】407149 的第 12 个心跳包发送成功
[00:45:34 INF] 【直播间】23040372 的第 12 个心跳包发送成功
[00:46:38 INF] 【直播间】23357926 的第 13 个心跳包发送成功
[00:46:39 INF] 【直播间】407149 的第 13 个心跳包发送成功
[00:46:40 INF] 【直播间】23040372 的第 13 个心跳包发送成功
[00:47:45 INF] 【直播间】23357926 的第 14 个心跳包发送成功
[00:47:46 INF] 【直播间】407149 的第 14 个心跳包发送成功
[00:47:47 INF] 【直播间】23040372 的第 14 个心跳包发送成功
[00:48:52 ERR] 【心跳包】直播间 23357926 发送失败
[00:48:52 ERR] 【原因】time check failed
[00:48:53 ERR] 【心跳包】直播间 407149 发送失败
[00:48:53 ERR] 【原因】time check failed
[00:48:54 ERR] 【心跳包】直播间 23040372 发送失败
[00:48:54 ERR] 【原因】time check failed
[00:49:59 INF] 【直播间】23357926 的第 15 个心跳包发送成功
[00:50:00 INF] 【直播间】407149 的第 15 个心跳包发送成功
[00:50:02 INF] 【直播间】23040372 的第 15 个心跳包发送成功
[00:51:06 INF] 【直播间】23357926 的第 16 个心跳包发送成功
[00:51:07 INF] 【直播间】407149 的第 16 个心跳包发送成功
[00:51:08 INF] 【直播间】23040372 的第 16 个心跳包发送成功
[00:52:13 INF] 【直播间】23357926 的第 17 个心跳包发送成功
[00:52:14 INF] 【直播间】407149 的第 17 个心跳包发送成功
[00:52:15 INF] 【直播间】23040372 的第 17 个心跳包发送成功
[00:53:19 INF] 【直播间】23357926 的第 18 个心跳包发送成功
[00:53:21 INF] 【直播间】407149 的第 18 个心跳包发送成功
[00:53:22 INF] 【直播间】23040372 的第 18 个心跳包发送成功
[00:54:26 INF] 【直播间】23357926 的第 19 个心跳包发送成功
[00:54:27 INF] 【直播间】407149 的第 19 个心跳包发送成功
[00:54:29 INF] 【直播间】23040372 的第 19 个心跳包发送成功
[00:55:34 INF] 【直播间】23357926 的第 20 个心跳包发送成功
[00:55:35 INF] 【直播间】407149 的第 20 个心跳包发送成功
[00:55:36 INF] 【直播间】23040372 的第 20 个心跳包发送成功
[00:56:40 INF] 【直播间】23357926 的第 21 个心跳包发送成功
[00:56:41 INF] 【直播间】407149 的第 21 个心跳包发送成功
[00:56:43 INF] 【直播间】23040372 的第 21 个心跳包发送成功
[00:57:47 INF] 【直播间】23357926 的第 22 个心跳包发送成功
[00:57:48 INF] 【直播间】407149 的第 22 个心跳包发送成功
[00:57:50 INF] 【直播间】23040372 的第 22 个心跳包发送成功
[00:58:54 INF] 【直播间】23357926 的第 23 个心跳包发送成功
[00:58:55 INF] 【直播间】407149 的第 23 个心跳包发送成功
[00:58:56 INF] 【直播间】23040372 的第 23 个心跳包发送成功
[01:00:01 INF] 【直播间】23357926 的第 24 个心跳包发送成功
[01:00:02 INF] 【直播间】407149 的第 24 个心跳包发送成功
[01:00:03 INF] 【直播间】23040372 的第 24 个心跳包发送成功
[01:01:08 INF] 【直播间】23357926 的第 25 个心跳包发送成功
[01:01:09 INF] 【直播间】407149 的第 25 个心跳包发送成功
[01:01:10 INF] 【直播间】23040372 的第 25 个心跳包发送成功
[01:02:14 INF] 【直播间】23357926 的第 26 个心跳包发送成功
[01:02:16 INF] 【直播间】407149 的第 26 个心跳包发送成功
[01:02:17 INF] 【直播间】23040372 的第 26 个心跳包发送成功
[01:03:22 INF] 【直播间】23357926 的第 27 个心跳包发送成功
[01:03:23 INF] 【直播间】407149 的第 27 个心跳包发送成功
[01:03:24 INF] 【直播间】23040372 的第 27 个心跳包发送成功
[01:04:29 ERR] 【心跳包】直播间 23357926 发送失败
[01:04:29 ERR] 【原因】time check failed
[01:04:30 ERR] 【心跳包】直播间 407149 发送失败
[01:04:30 ERR] 【原因】time check failed
[01:04:31 ERR] 【心跳包】直播间 23040372 发送失败
[01:04:31 ERR] 【原因】time check failed
[01:05:35 INF] 【直播间】23357926 的第 28 个心跳包发送成功
[01:05:37 INF] 【直播间】407149 的第 28 个心跳包发送成功
[01:05:38 INF] 【直播间】23040372 的第 28 个心跳包发送成功
[01:06:43 INF] 【直播间】23357926 的第 29 个心跳包发送成功
[01:06:44 INF] 【直播间】407149 的第 29 个心跳包发送成功
[01:06:45 INF] 【直播间】23040372 的第 29 个心跳包发送成功
[01:07:49 INF] 【直播间】23357926 的第 30 个心跳包发送成功
[01:07:51 INF] 【直播间】407149 的第 30 个心跳包发送成功
[01:07:52 INF] 【直播间】23040372 的第 30 个心跳包发送成功
[01:08:56 INF] 【直播间】23357926 的第 31 个心跳包发送成功
[01:08:58 INF] 【直播间】407149 的第 31 个心跳包发送成功
[01:08:59 INF] 【直播间】23040372 的第 31 个心跳包发送成功
[01:10:03 INF] 【直播间】23357926 的第 32 个心跳包发送成功
[01:10:04 INF] 【直播间】407149 的第 32 个心跳包发送成功
[01:10:06 INF] 【直播间】23040372 的第 32 个心跳包发送成功
[01:11:10 INF] 【直播间】23357926 的第 33 个心跳包发送成功
[01:11:11 INF] 【直播间】407149 的第 33 个心跳包发送成功
[01:11:12 INF] 【直播间】23040372 的第 33 个心跳包发送成功
[01:12:17 INF] 【直播间】23357926 的第 34 个心跳包发送成功
[01:12:18 INF] 【直播间】407149 的第 34 个心跳包发送成功
[01:12:19 INF] 【直播间】23040372 的第 34 个心跳包发送成功
[01:13:24 INF] 【直播间】23357926 的第 35 个心跳包发送成功
[01:13:25 INF] 【直播间】407149 的第 35 个心跳包发送成功
[01:13:26 INF] 【直播间】23040372 的第 35 个心跳包发送成功
[01:14:31 INF] 【直播间】23357926 的第 36 个心跳包发送成功
[01:14:32 INF] 【直播间】407149 的第 36 个心跳包发送成功
[01:14:33 INF] 【直播间】23040372 的第 36 个心跳包发送成功
[01:15:37 INF] 【直播间】23357926 的第 37 个心跳包发送成功
[01:15:38 INF] 【直播间】407149 的第 37 个心跳包发送成功
[01:15:40 INF] 【直播间】23040372 的第 37 个心跳包发送成功
[01:16:44 INF] 【直播间】23357926 的第 38 个心跳包发送成功
[01:16:45 INF] 【直播间】407149 的第 38 个心跳包发送成功
[01:16:46 INF] 【直播间】23040372 的第 38 个心跳包发送成功
[01:17:51 INF] 【直播间】23357926 的第 39 个心跳包发送成功
[01:17:52 INF] 【直播间】407149 的第 39 个心跳包发送成功
[01:17:54 INF] 【直播间】23040372 的第 39 个心跳包发送成功
[01:18:58 INF] 【直播间】23357926 的第 40 个心跳包发送成功
[01:18:59 INF] 【直播间】407149 的第 40 个心跳包发送成功
[01:19:01 INF] 【直播间】23040372 的第 40 个心跳包发送成功
[01:20:05 ERR] 【心跳包】直播间 23357926 发送失败
[01:20:05 ERR] 【原因】time check failed
[01:20:06 ERR] 【心跳包】直播间 407149 发送失败
[01:20:06 ERR] 【原因】time check failed
[01:20:08 ERR] 【心跳包】直播间 23040372 发送失败
[01:20:08 ERR] 【原因】time check failed
[01:21:12 INF] 【直播间】23357926 的第 41 个心跳包发送成功
[01:21:13 INF] 【直播间】407149 的第 41 个心跳包发送成功
[01:21:14 INF] 【直播间】23040372 的第 41 个心跳包发送成功
[01:22:19 INF] 【直播间】23357926 的第 42 个心跳包发送成功
[01:22:20 INF] 【直播间】407149 的第 42 个心跳包发送成功
[01:22:21 INF] 【直播间】23040372 的第 42 个心跳包发送成功
[01:23:25 INF] 【直播间】23357926 的第 43 个心跳包发送成功
[01:23:27 INF] 【直播间】407149 的第 43 个心跳包发送成功
[01:23:28 INF] 【直播间】23040372 的第 43 个心跳包发送成功
[01:24:32 INF] 【直播间】23357926 的第 44 个心跳包发送成功
[01:24:33 INF] 【直播间】407149 的第 44 个心跳包发送成功
[01:24:35 INF] 【直播间】23040372 的第 44 个心跳包发送成功
[01:25:40 INF] 【直播间】23357926 的第 45 个心跳包发送成功
[01:25:41 INF] 【直播间】407149 的第 45 个心跳包发送成功
[01:25:42 INF] 【直播间】23040372 的第 45 个心跳包发送成功
[01:26:46 INF] 【直播间】23357926 的第 46 个心跳包发送成功
[01:26:47 INF] 【直播间】407149 的第 46 个心跳包发送成功
[01:26:49 INF] 【直播间】23040372 的第 46 个心跳包发送成功
[01:27:53 INF] 【直播间】23357926 的第 47 个心跳包发送成功
[01:27:54 INF] 【直播间】407149 的第 47 个心跳包发送成功
[01:27:55 INF] 【直播间】23040372 的第 47 个心跳包发送成功
[01:29:00 INF] 【直播间】23357926 的第 48 个心跳包发送成功
[01:29:01 INF] 【直播间】407149 的第 48 个心跳包发送成功
[01:29:03 INF] 【直播间】23040372 的第 48 个心跳包发送成功
[01:30:07 INF] 【直播间】23357926 的第 49 个心跳包发送成功
[01:30:08 INF] 【直播间】407149 的第 49 个心跳包发送成功
[01:30:09 INF] 【直播间】23040372 的第 49 个心跳包发送成功
[01:31:14 INF] 【直播间】23357926 的第 50 个心跳包发送成功
[01:31:15 INF] 【直播间】407149 的第 50 个心跳包发送成功
[01:31:16 INF] 【直播间】23040372 的第 50 个心跳包发送成功
[01:32:20 INF] 【直播间】23357926 的第 51 个心跳包发送成功
[01:32:21 INF] 【直播间】407149 的第 51 个心跳包发送成功
[01:32:23 INF] 【直播间】23040372 的第 51 个心跳包发送成功
[01:33:27 INF] 【直播间】23357926 的第 52 个心跳包发送成功
[01:33:28 INF] 【直播间】407149 的第 52 个心跳包发送成功
[01:33:30 INF] 【直播间】23040372 的第 52 个心跳包发送成功
[01:34:34 INF] 【直播间】23357926 的第 53 个心跳包发送成功
[01:34:35 INF] 【直播间】407149 的第 53 个心跳包发送成功
[01:34:37 INF] 【直播间】23040372 的第 53 个心跳包发送成功
[01:35:41 ERR] 【心跳包】直播间 23357926 发送失败
[01:35:41 ERR] 【原因】time check failed
[01:35:42 ERR] 【心跳包】直播间 407149 发送失败
[01:35:42 ERR] 【原因】time check failed
[01:35:43 ERR] 【心跳包】直播间 23040372 发送失败
[01:35:43 ERR] 【原因】time check failed
[01:36:48 INF] 【直播间】23357926 的第 54 个心跳包发送成功
[01:36:50 INF] 【直播间】407149 的第 54 个心跳包发送成功
[01:36:51 INF] 【直播间】23040372 的第 54 个心跳包发送成功
[01:37:55 INF] 【直播间】23357926 的第 55 个心跳包发送成功
[01:37:56 INF] 【直播间】407149 的第 55 个心跳包发送成功
[01:37:57 INF] 【直播间】23040372 的第 55 个心跳包发送成功
[01:39:02 INF] 【直播间】23357926 的第 56 个心跳包发送成功
[01:39:03 INF] 【直播间】407149 的第 56 个心跳包发送成功
[01:39:04 INF] 【直播间】23040372 的第 56 个心跳包发送成功
[01:40:09 INF] 【直播间】23357926 的第 57 个心跳包发送成功
[01:40:10 INF] 【直播间】407149 的第 57 个心跳包发送成功
[01:40:11 INF] 【直播间】23040372 的第 57 个心跳包发送成功
[01:41:15 INF] 【直播间】23357926 的第 58 个心跳包发送成功
[01:41:17 INF] 【直播间】407149 的第 58 个心跳包发送成功
[01:41:18 INF] 【直播间】23040372 的第 58 个心跳包发送成功
[01:42:23 INF] 【直播间】23357926 的第 59 个心跳包发送成功
[01:42:24 INF] 【直播间】407149 的第 59 个心跳包发送成功
[01:42:25 INF] 【直播间】23040372 的第 59 个心跳包发送成功
[01:43:29 INF] 【直播间】23357926 的第 60 个心跳包发送成功
[01:43:31 INF] 【直播间】407149 的第 60 个心跳包发送成功
[01:43:32 INF] 【直播间】23040372 的第 60 个心跳包发送成功
[01:44:36 INF] 【直播间】23357926 的第 61 个心跳包发送成功
[01:44:37 INF] 【直播间】407149 的第 61 个心跳包发送成功
[01:44:38 INF] 【直播间】23040372 的第 61 个心跳包发送成功
[01:45:43 INF] 【直播间】23357926 的第 62 个心跳包发送成功
[01:45:44 INF] 【直播间】407149 的第 62 个心跳包发送成功
[01:45:45 INF] 【直播间】23040372 的第 62 个心跳包发送成功
[01:46:50 INF] 【直播间】23357926 的第 63 个心跳包发送成功
[01:46:51 INF] 【直播间】407149 的第 63 个心跳包发送成功
[01:46:52 INF] 【直播间】23040372 的第 63 个心跳包发送成功
[01:47:57 INF] 【直播间】23357926 的第 64 个心跳包发送成功
[01:47:58 INF] 【直播间】407149 的第 64 个心跳包发送成功
[01:48:00 INF] 【直播间】23040372 的第 64 个心跳包发送成功
[01:49:04 INF] 【直播间】23357926 的第 65 个心跳包发送成功
[01:49:05 INF] 【直播间】407149 的第 65 个心跳包发送成功
[01:49:06 INF] 【直播间】23040372 的第 65 个心跳包发送成功
[01:50:10 INF] 【直播间】23357926 的第 66 个心跳包发送成功
[01:50:12 INF] 【直播间】407149 的第 66 个心跳包发送成功
[01:50:13 INF] 【直播间】23040372 的第 66 个心跳包发送成功
[01:51:17 ERR] 【心跳包】直播间 23357926 发送失败
[01:51:17 ERR] 【原因】time check failed
[01:51:19 ERR] 【心跳包】直播间 407149 发送失败
[01:51:19 ERR] 【原因】time check failed
[01:51:20 ERR] 【心跳包】直播间 23040372 发送失败
[01:51:20 ERR] 【原因】time check failed
[01:52:24 INF] 【直播间】23357926 的第 67 个心跳包发送成功
[01:52:25 INF] 【直播间】407149 的第 67 个心跳包发送成功
[01:52:26 INF] 【直播间】23040372 的第 67 个心跳包发送成功
[01:53:31 INF] 【直播间】23357926 的第 68 个心跳包发送成功
[01:53:33 INF] 【直播间】407149 的第 68 个心跳包发送成功
[01:53:34 INF] 【直播间】23040372 的第 68 个心跳包发送成功
[01:54:38 INF] 【直播间】23357926 的第 69 个心跳包发送成功
[01:54:39 INF] 【直播间】407149 的第 69 个心跳包发送成功
[01:54:40 INF] 【直播间】23040372 的第 69 个心跳包发送成功
[01:55:44 INF] 【直播间】23357926 的第 70 个心跳包发送成功
[01:55:46 INF] 【直播间】407149 的第 70 个心跳包发送成功
[01:55:47 INF] 【直播间】23040372 的第 70 个心跳包发送成功
[01:55:47 INF] 【直播观看时长】完成情况：3/3 
[01:55:47 INF] ---------结束---------

[01:55:47 INF] ==========结束==========

[01:55:47 INF] ######### 账号 2 #########

[01:55:47 INF] =====开始 直播间互动 =====

[01:55:47 INF] ---开始 发送弹幕 ---
[01:55:47 INF] 检测到直播 Cookie 未正确配置，尝试自动配置中...
[01:55:52 INF] 直播 Cookie 配置成功！
[01:55:52 INF] 【获取直播列表】获取拥有粉丝牌的直播列表
[01:55:59 INF] 【主播】Mark陌枫 
[01:56:13 INF] 【主播】苏打baka 
[01:56:34 INF] 【主播】特别中二的q3君 
[01:56:55 INF] 【主播】陈抱一 
[01:57:17 INF] 【主播】KL_qiqi_ 
[01:57:35 INF] 【主播】贪玩的小毅 
[01:57:50 INF] 【直播间】Mark陌枫
[01:57:50 INF] 【粉丝牌】馬楓
[01:57:50 INF] 正在发送弹幕...
[01:57:53 INF] 【直播间】苏打baka
[01:57:53 INF] 【粉丝牌】碳酸钠
[01:57:53 INF] 正在发送弹幕...
[01:57:57 INF] 【直播间】特别中二的q3君
[01:57:57 INF] 【粉丝牌】q3GG
[01:57:57 INF] 正在发送弹幕...
[01:58:03 INF] 【直播间】陈抱一
[01:58:03 INF] 【粉丝牌】陈抱一
[01:58:03 INF] 正在发送弹幕...
[01:58:05 INF] 【弹幕发送】成功~，你和主播 苏打baka 的亲密值增加了100！
[01:58:07 INF] 【弹幕发送】成功~，你和主播 Mark陌枫 的亲密值增加了100！
[01:58:08 INF] 【直播间】KL_qiqi_
[01:58:08 INF] 【粉丝牌】qiqisb
[01:58:08 INF] 正在发送弹幕...
[01:58:12 INF] 【弹幕发送】成功~，你和主播 特别中二的q3君 的亲密值增加了100！
[01:58:13 INF] 【直播间】贪玩的小毅
[01:58:13 INF] 【粉丝牌】大大毅
[01:58:13 INF] 正在发送弹幕...
[01:58:17 INF] -------结束-------

[01:58:17 INF] ---开始 点赞直播间 ---
[01:58:17 INF] 【获取直播列表】获取拥有粉丝牌的直播列表
[01:58:19 INF] 【弹幕发送】成功~，你和主播 陈抱一 的亲密值增加了100！
[01:58:23 INF] 【主播】Mark陌枫 
[01:58:26 INF] 【弹幕发送】成功~，你和主播 KL_qiqi_ 的亲密值增加了100！
[01:58:30 INF] 【弹幕发送】成功~，你和主播 贪玩的小毅 的亲密值增加了100！
[01:58:39 INF] 【主播】苏打baka 
[01:58:57 INF] 【主播】特别中二的q3君 
[01:59:12 INF] 【主播】陈抱一 
[01:59:29 INF] 【主播】KL_qiqi_ 
[01:59:45 INF] 【主播】贪玩的小毅 
[02:00:06 INF] 【点赞直播间】23357926 完成
[02:00:13 INF] 【点赞直播间】23040372 完成
[02:00:19 INF] 【点赞直播间】31494 完成
[02:00:23 INF] 【点赞直播间】4015781 完成
[02:00:31 INF] 【点赞直播间】407149 完成
[02:00:33 INF] --------结束--------

[02:00:33 INF] ---开始 直播时长挂机 ---
[02:00:33 INF] 【获取直播列表】获取拥有粉丝牌的直播列表
[02:00:34 INF] 【点赞直播间】9619073 完成
[02:00:36 INF] 【主播】Mark陌枫 
[02:00:54 INF] 【主播】苏打baka 
[02:01:05 INF] 【主播】特别中二的q3君 
[02:01:18 INF] 【主播】陈抱一 
[02:01:32 INF] 【主播】KL_qiqi_ 
[02:01:50 INF] 【主播】贪玩的小毅 
[02:02:11 INF] 【直播间】23357926 的第 1 个心跳包发送成功
[02:02:12 INF] 【直播间】23040372 的第 1 个心跳包发送成功
[02:02:13 INF] 【直播间】31494 的第 1 个心跳包发送成功
[02:02:15 INF] 【直播间】4015781 的第 1 个心跳包发送成功
[02:02:16 INF] 【直播间】407149 的第 1 个心跳包发送成功
[02:02:17 INF] 【直播间】9619073 的第 1 个心跳包发送成功
[02:03:17 INF] 【直播间】23357926 的第 2 个心跳包发送成功
[02:03:19 INF] 【直播间】23040372 的第 2 个心跳包发送成功
[02:03:20 INF] 【直播间】31494 的第 2 个心跳包发送成功
[02:03:21 INF] 【直播间】4015781 的第 2 个心跳包发送成功
[02:03:22 INF] 【直播间】407149 的第 2 个心跳包发送成功
[02:03:24 INF] 【直播间】9619073 的第 2 个心跳包发送成功
[02:04:24 INF] 【直播间】23357926 的第 3 个心跳包发送成功
[02:04:26 INF] 【直播间】23040372 的第 3 个心跳包发送成功
[02:04:27 INF] 【直播间】31494 的第 3 个心跳包发送成功
[02:04:28 INF] 【直播间】4015781 的第 3 个心跳包发送成功
[02:04:30 INF] 【直播间】407149 的第 3 个心跳包发送成功
[02:04:31 INF] 【直播间】9619073 的第 3 个心跳包发送成功
[02:05:31 INF] 【直播间】23357926 的第 4 个心跳包发送成功
[02:05:33 INF] 【直播间】23040372 的第 4 个心跳包发送成功
[02:05:34 INF] 【直播间】31494 的第 4 个心跳包发送成功
[02:05:35 INF] 【直播间】4015781 的第 4 个心跳包发送成功
[02:05:37 INF] 【直播间】407149 的第 4 个心跳包发送成功
[02:05:38 INF] 【直播间】9619073 的第 4 个心跳包发送成功
[02:06:38 INF] 【直播间】23357926 的第 5 个心跳包发送成功
[02:06:40 INF] 【直播间】23040372 的第 5 个心跳包发送成功
[02:06:41 INF] 【直播间】31494 的第 5 个心跳包发送成功
[02:06:42 INF] 【直播间】4015781 的第 5 个心跳包发送成功
[02:06:43 INF] 【直播间】407149 的第 5 个心跳包发送成功
[02:06:45 INF] 【直播间】9619073 的第 5 个心跳包发送成功
[02:07:45 INF] 【直播间】23357926 的第 6 个心跳包发送成功
[02:07:46 INF] 【直播间】23040372 的第 6 个心跳包发送成功
[02:07:48 INF] 【直播间】31494 的第 6 个心跳包发送成功
[02:07:49 INF] 【直播间】4015781 的第 6 个心跳包发送成功
[02:07:50 INF] 【直播间】407149 的第 6 个心跳包发送成功
[02:07:51 INF] 【直播间】9619073 的第 6 个心跳包发送成功
[02:08:52 INF] 【直播间】23357926 的第 7 个心跳包发送成功
[02:08:53 INF] 【直播间】23040372 的第 7 个心跳包发送成功
[02:08:54 INF] 【直播间】31494 的第 7 个心跳包发送成功
[02:08:55 INF] 【直播间】4015781 的第 7 个心跳包发送成功
[02:08:57 INF] 【直播间】407149 的第 7 个心跳包发送成功
[02:08:58 INF] 【直播间】9619073 的第 7 个心跳包发送成功
[02:09:59 INF] 【直播间】23357926 的第 8 个心跳包发送成功
[02:10:00 INF] 【直播间】23040372 的第 8 个心跳包发送成功
[02:10:01 INF] 【直播间】31494 的第 8 个心跳包发送成功
[02:10:02 INF] 【直播间】4015781 的第 8 个心跳包发送成功
[02:10:04 INF] 【直播间】407149 的第 8 个心跳包发送成功
[02:10:05 INF] 【直播间】9619073 的第 8 个心跳包发送成功
[02:11:05 INF] 【直播间】23357926 的第 9 个心跳包发送成功
[02:11:06 INF] 【直播间】23040372 的第 9 个心跳包发送成功
[02:11:08 INF] 【直播间】31494 的第 9 个心跳包发送成功
[02:11:09 INF] 【直播间】4015781 的第 9 个心跳包发送成功
[02:11:10 INF] 【直播间】407149 的第 9 个心跳包发送成功
[02:11:12 INF] 【直播间】9619073 的第 9 个心跳包发送成功
[02:12:12 INF] 【直播间】23357926 的第 10 个心跳包发送成功
[02:12:14 INF] 【直播间】23040372 的第 10 个心跳包发送成功
[02:12:15 INF] 【直播间】31494 的第 10 个心跳包发送成功
[02:12:16 INF] 【直播间】4015781 的第 10 个心跳包发送成功
[02:12:17 INF] 【直播间】407149 的第 10 个心跳包发送成功
[02:12:19 INF] 【直播间】9619073 的第 10 个心跳包发送成功
[02:13:19 INF] 【直播间】23357926 的第 11 个心跳包发送成功
[02:13:21 INF] 【直播间】23040372 的第 11 个心跳包发送成功
[02:13:22 INF] 【直播间】31494 的第 11 个心跳包发送成功
[02:13:23 INF] 【直播间】4015781 的第 11 个心跳包发送成功
[02:13:24 INF] 【直播间】407149 的第 11 个心跳包发送成功
[02:13:26 INF] 【直播间】9619073 的第 11 个心跳包发送成功
[02:14:26 INF] 【直播间】23357926 的第 12 个心跳包发送成功
[02:14:27 INF] 【直播间】23040372 的第 12 个心跳包发送成功
[02:14:29 INF] 【直播间】31494 的第 12 个心跳包发送成功
[02:14:30 INF] 【直播间】4015781 的第 12 个心跳包发送成功
[02:14:31 INF] 【直播间】407149 的第 12 个心跳包发送成功
[02:14:33 INF] 【直播间】9619073 的第 12 个心跳包发送成功
[02:15:33 INF] 【直播间】23357926 的第 13 个心跳包发送成功
[02:15:34 INF] 【直播间】23040372 的第 13 个心跳包发送成功
[02:15:36 INF] 【直播间】31494 的第 13 个心跳包发送成功
[02:15:37 INF] 【直播间】4015781 的第 13 个心跳包发送成功
[02:15:38 INF] 【直播间】407149 的第 13 个心跳包发送成功
[02:15:39 INF] 【直播间】9619073 的第 13 个心跳包发送成功
[02:16:40 INF] 【直播间】23357926 的第 14 个心跳包发送成功
[02:16:41 INF] 【直播间】23040372 的第 14 个心跳包发送成功
[02:16:42 INF] 【直播间】31494 的第 14 个心跳包发送成功
[02:16:44 INF] 【直播间】4015781 的第 14 个心跳包发送成功
[02:16:45 INF] 【直播间】407149 的第 14 个心跳包发送成功
[02:16:46 INF] 【直播间】9619073 的第 14 个心跳包发送成功
[02:17:47 ERR] 【心跳包】直播间 23357926 发送失败
[02:17:47 ERR] 【原因】time check failed
[02:17:48 ERR] 【心跳包】直播间 23040372 发送失败
[02:17:48 ERR] 【原因】time check failed
[02:17:49 ERR] 【心跳包】直播间 31494 发送失败
[02:17:49 ERR] 【原因】time check failed
[02:17:51 ERR] 【心跳包】直播间 4015781 发送失败
[02:17:51 ERR] 【原因】time check failed
[02:17:52 ERR] 【心跳包】直播间 407149 发送失败
[02:17:52 ERR] 【原因】time check failed
[02:17:53 ERR] 【心跳包】直播间 9619073 发送失败
[02:17:53 ERR] 【原因】time check failed
[02:18:54 INF] 【直播间】23357926 的第 15 个心跳包发送成功
[02:18:55 INF] 【直播间】23040372 的第 15 个心跳包发送成功
[02:18:56 INF] 【直播间】31494 的第 15 个心跳包发送成功
[02:18:58 INF] 【直播间】4015781 的第 15 个心跳包发送成功
[02:18:59 INF] 【直播间】407149 的第 15 个心跳包发送成功
[02:19:00 INF] 【直播间】9619073 的第 15 个心跳包发送成功
[02:20:00 INF] 【直播间】23357926 的第 16 个心跳包发送成功
[02:20:02 INF] 【直播间】23040372 的第 16 个心跳包发送成功
[02:20:03 INF] 【直播间】31494 的第 16 个心跳包发送成功
[02:20:05 INF] 【直播间】4015781 的第 16 个心跳包发送成功
[02:20:06 INF] 【直播间】407149 的第 16 个心跳包发送成功
[02:20:07 INF] 【直播间】9619073 的第 16 个心跳包发送成功
[02:21:07 INF] 【直播间】23357926 的第 17 个心跳包发送成功
[02:21:09 INF] 【直播间】23040372 的第 17 个心跳包发送成功
[02:21:10 INF] 【直播间】31494 的第 17 个心跳包发送成功
[02:21:11 INF] 【直播间】4015781 的第 17 个心跳包发送成功
[02:21:12 INF] 【直播间】407149 的第 17 个心跳包发送成功
[02:21:14 INF] 【直播间】9619073 的第 17 个心跳包发送成功
[02:22:14 INF] 【直播间】23357926 的第 18 个心跳包发送成功
[02:22:15 INF] 【直播间】23040372 的第 18 个心跳包发送成功
[02:22:17 INF] 【直播间】31494 的第 18 个心跳包发送成功
[02:22:18 INF] 【直播间】4015781 的第 18 个心跳包发送成功
[02:22:19 INF] 【直播间】407149 的第 18 个心跳包发送成功
[02:22:20 INF] 【直播间】9619073 的第 18 个心跳包发送成功
[02:23:21 INF] 【直播间】23357926 的第 19 个心跳包发送成功
[02:23:23 INF] 【直播间】23040372 的第 19 个心跳包发送成功
[02:23:24 INF] 【直播间】31494 的第 19 个心跳包发送成功
[02:23:25 INF] 【直播间】4015781 的第 19 个心跳包发送成功
[02:23:27 INF] 【直播间】407149 的第 19 个心跳包发送成功
[02:23:28 INF] 【直播间】9619073 的第 19 个心跳包发送成功
[02:24:29 INF] 【直播间】23357926 的第 20 个心跳包发送成功
[02:24:30 INF] 【直播间】23040372 的第 20 个心跳包发送成功
[02:24:31 INF] 【直播间】31494 的第 20 个心跳包发送成功
[02:24:33 INF] 【直播间】4015781 的第 20 个心跳包发送成功
[02:24:34 INF] 【直播间】407149 的第 20 个心跳包发送成功
[02:24:35 INF] 【直播间】9619073 的第 20 个心跳包发送成功
[02:25:35 INF] 【直播间】23357926 的第 21 个心跳包发送成功
[02:25:36 INF] 【直播间】23040372 的第 21 个心跳包发送成功
[02:25:38 INF] 【直播间】31494 的第 21 个心跳包发送成功
[02:25:39 INF] 【直播间】4015781 的第 21 个心跳包发送成功
[02:25:40 INF] 【直播间】407149 的第 21 个心跳包发送成功
[02:25:41 INF] 【直播间】9619073 的第 21 个心跳包发送成功
[02:26:42 INF] 【直播间】23357926 的第 22 个心跳包发送成功
[02:26:43 INF] 【直播间】23040372 的第 22 个心跳包发送成功
[02:26:45 INF] 【直播间】31494 的第 22 个心跳包发送成功
[02:26:46 INF] 【直播间】4015781 的第 22 个心跳包发送成功
[02:26:47 INF] 【直播间】407149 的第 22 个心跳包发送成功
[02:26:48 INF] 【直播间】9619073 的第 22 个心跳包发送成功
[02:27:49 INF] 【直播间】23357926 的第 23 个心跳包发送成功
[02:27:50 INF] 【直播间】23040372 的第 23 个心跳包发送成功
[02:27:51 INF] 【直播间】31494 的第 23 个心跳包发送成功
[02:27:53 INF] 【直播间】4015781 的第 23 个心跳包发送成功
[02:27:54 INF] 【直播间】407149 的第 23 个心跳包发送成功
[02:27:55 INF] 【直播间】9619073 的第 23 个心跳包发送成功
[02:28:56 INF] 【直播间】23357926 的第 24 个心跳包发送成功
[02:28:57 INF] 【直播间】23040372 的第 24 个心跳包发送成功
[02:28:59 INF] 【直播间】31494 的第 24 个心跳包发送成功
[02:29:00 INF] 【直播间】4015781 的第 24 个心跳包发送成功
[02:29:01 INF] 【直播间】407149 的第 24 个心跳包发送成功
[02:29:02 INF] 【直播间】9619073 的第 24 个心跳包发送成功
[02:30:03 INF] 【直播间】23357926 的第 25 个心跳包发送成功
[02:30:04 INF] 【直播间】23040372 的第 25 个心跳包发送成功
[02:30:06 INF] 【直播间】31494 的第 25 个心跳包发送成功
[02:30:07 INF] 【直播间】4015781 的第 25 个心跳包发送成功
[02:30:08 INF] 【直播间】407149 的第 25 个心跳包发送成功
[02:30:09 INF] 【直播间】9619073 的第 25 个心跳包发送成功
[02:31:10 INF] 【直播间】23357926 的第 26 个心跳包发送成功
[02:31:11 INF] 【直播间】23040372 的第 26 个心跳包发送成功
[02:31:12 INF] 【直播间】31494 的第 26 个心跳包发送成功
[02:31:13 INF] 【直播间】4015781 的第 26 个心跳包发送成功
[02:31:14 INF] 【直播间】407149 的第 26 个心跳包发送成功
[02:31:16 INF] 【直播间】9619073 的第 26 个心跳包发送成功
[02:32:16 INF] 【直播间】23357926 的第 27 个心跳包发送成功
[02:32:18 INF] 【直播间】23040372 的第 27 个心跳包发送成功
[02:32:19 INF] 【直播间】31494 的第 27 个心跳包发送成功
[02:32:20 INF] 【直播间】4015781 的第 27 个心跳包发送成功
[02:32:22 INF] 【直播间】407149 的第 27 个心跳包发送成功
[02:32:23 INF] 【直播间】9619073 的第 27 个心跳包发送成功
[02:33:23 ERR] 【心跳包】直播间 23357926 发送失败
[02:33:23 ERR] 【原因】time check failed
[02:33:24 ERR] 【心跳包】直播间 23040372 发送失败
[02:33:24 ERR] 【原因】time check failed
[02:33:25 ERR] 【心跳包】直播间 31494 发送失败
[02:33:25 ERR] 【原因】time check failed
[02:33:27 ERR] 【心跳包】直播间 4015781 发送失败
[02:33:27 ERR] 【原因】time check failed
[02:33:28 ERR] 【心跳包】直播间 407149 发送失败
[02:33:28 ERR] 【原因】time check failed
[02:33:29 ERR] 【心跳包】直播间 9619073 发送失败
[02:33:29 ERR] 【原因】time check failed
[02:34:30 INF] 【直播间】23357926 的第 28 个心跳包发送成功
[02:34:31 INF] 【直播间】23040372 的第 28 个心跳包发送成功
[02:34:33 INF] 【直播间】31494 的第 28 个心跳包发送成功
[02:34:34 INF] 【直播间】4015781 的第 28 个心跳包发送成功
[02:34:35 INF] 【直播间】407149 的第 28 个心跳包发送成功
[02:34:37 INF] 【直播间】9619073 的第 28 个心跳包发送成功
[02:35:37 INF] 【直播间】23357926 的第 29 个心跳包发送成功
[02:35:39 INF] 【直播间】23040372 的第 29 个心跳包发送成功
[02:35:40 INF] 【直播间】31494 的第 29 个心跳包发送成功
[02:35:41 INF] 【直播间】4015781 的第 29 个心跳包发送成功
[02:35:42 INF] 【直播间】407149 的第 29 个心跳包发送成功
[02:35:44 INF] 【直播间】9619073 的第 29 个心跳包发送成功
[02:36:44 INF] 【直播间】23357926 的第 30 个心跳包发送成功
[02:36:45 INF] 【直播间】23040372 的第 30 个心跳包发送成功
[02:36:46 INF] 【直播间】31494 的第 30 个心跳包发送成功
[02:36:48 INF] 【直播间】4015781 的第 30 个心跳包发送成功
[02:36:49 INF] 【直播间】407149 的第 30 个心跳包发送成功
[02:36:50 INF] 【直播间】9619073 的第 30 个心跳包发送成功
[02:37:51 INF] 【直播间】23357926 的第 31 个心跳包发送成功
[02:37:52 INF] 【直播间】23040372 的第 31 个心跳包发送成功
[02:37:54 INF] 【直播间】31494 的第 31 个心跳包发送成功
[02:37:55 INF] 【直播间】4015781 的第 31 个心跳包发送成功
[02:37:56 INF] 【直播间】407149 的第 31 个心跳包发送成功
[02:37:58 INF] 【直播间】9619073 的第 31 个心跳包发送成功
[02:38:58 INF] 【直播间】23357926 的第 32 个心跳包发送成功
[02:38:59 INF] 【直播间】23040372 的第 32 个心跳包发送成功
[02:39:00 INF] 【直播间】31494 的第 32 个心跳包发送成功
[02:39:02 INF] 【直播间】4015781 的第 32 个心跳包发送成功
[02:39:03 INF] 【直播间】407149 的第 32 个心跳包发送成功
[02:39:04 INF] 【直播间】9619073 的第 32 个心跳包发送成功
[02:40:05 INF] 【直播间】23357926 的第 33 个心跳包发送成功
[02:40:06 INF] 【直播间】23040372 的第 33 个心跳包发送成功
[02:40:08 INF] 【直播间】31494 的第 33 个心跳包发送成功
[02:40:09 INF] 【直播间】4015781 的第 33 个心跳包发送成功
[02:40:10 INF] 【直播间】407149 的第 33 个心跳包发送成功
[02:40:11 INF] 【直播间】9619073 的第 33 个心跳包发送成功
[02:41:12 INF] 【直播间】23357926 的第 34 个心跳包发送成功
[02:41:13 INF] 【直播间】23040372 的第 34 个心跳包发送成功
[02:41:15 INF] 【直播间】31494 的第 34 个心跳包发送成功
[02:41:16 INF] 【直播间】4015781 的第 34 个心跳包发送成功
[02:41:17 INF] 【直播间】407149 的第 34 个心跳包发送成功
[02:41:18 INF] 【直播间】9619073 的第 34 个心跳包发送成功
[02:42:19 INF] 【直播间】23357926 的第 35 个心跳包发送成功
[02:42:20 INF] 【直播间】23040372 的第 35 个心跳包发送成功
[02:42:21 INF] 【直播间】31494 的第 35 个心跳包发送成功
[02:42:22 INF] 【直播间】4015781 的第 35 个心跳包发送成功
[02:42:24 INF] 【直播间】407149 的第 35 个心跳包发送成功
[02:42:25 INF] 【直播间】9619073 的第 35 个心跳包发送成功
[02:43:26 INF] 【直播间】23357926 的第 36 个心跳包发送成功
[02:43:27 INF] 【直播间】23040372 的第 36 个心跳包发送成功
[02:43:29 INF] 【直播间】31494 的第 36 个心跳包发送成功
[02:43:30 INF] 【直播间】4015781 的第 36 个心跳包发送成功
[02:43:31 INF] 【直播间】407149 的第 36 个心跳包发送成功
[02:43:32 INF] 【直播间】9619073 的第 36 个心跳包发送成功
[02:44:33 INF] 【直播间】23357926 的第 37 个心跳包发送成功
[02:44:34 INF] 【直播间】23040372 的第 37 个心跳包发送成功
[02:44:35 INF] 【直播间】31494 的第 37 个心跳包发送成功
[02:44:36 INF] 【直播间】4015781 的第 37 个心跳包发送成功
[02:44:38 INF] 【直播间】407149 的第 37 个心跳包发送成功
[02:44:39 INF] 【直播间】9619073 的第 37 个心跳包发送成功
[02:45:40 INF] 【直播间】23357926 的第 38 个心跳包发送成功
[02:45:41 INF] 【直播间】23040372 的第 38 个心跳包发送成功
[02:45:43 INF] 【直播间】31494 的第 38 个心跳包发送成功
[02:45:44 INF] 【直播间】4015781 的第 38 个心跳包发送成功
[02:45:45 INF] 【直播间】407149 的第 38 个心跳包发送成功
[02:45:46 INF] 【直播间】9619073 的第 38 个心跳包发送成功
[02:46:48 INF] 【直播间】23357926 的第 39 个心跳包发送成功
[02:46:49 INF] 【直播间】23040372 的第 39 个心跳包发送成功
[02:46:50 INF] 【直播间】31494 的第 39 个心跳包发送成功
[02:46:51 INF] 【直播间】4015781 的第 39 个心跳包发送成功
[02:46:53 INF] 【直播间】407149 的第 39 个心跳包发送成功
[02:46:54 INF] 【直播间】9619073 的第 39 个心跳包发送成功
[02:47:54 ERR] 【心跳包】直播间 23357926 发送失败
[02:47:54 ERR] 【原因】time check failed
[02:47:55 ERR] 【心跳包】直播间 23040372 发送失败
[02:47:55 ERR] 【原因】time check failed
[02:47:57 ERR] 【心跳包】直播间 31494 发送失败
[02:47:57 ERR] 【原因】time check failed
[02:47:58 ERR] 【心跳包】直播间 4015781 发送失败
[02:47:58 ERR] 【原因】time check failed
[02:47:59 ERR] 【心跳包】直播间 407149 发送失败
[02:47:59 ERR] 【原因】time check failed
[02:48:00 ERR] 【心跳包】直播间 9619073 发送失败
[02:48:00 ERR] 【原因】time check failed
[02:49:01 INF] 【直播间】23357926 的第 40 个心跳包发送成功
[02:49:02 INF] 【直播间】23040372 的第 40 个心跳包发送成功
[02:49:03 INF] 【直播间】31494 的第 40 个心跳包发送成功
[02:49:05 INF] 【直播间】4015781 的第 40 个心跳包发送成功
[02:49:06 INF] 【直播间】407149 的第 40 个心跳包发送成功
[02:49:07 INF] 【直播间】9619073 的第 40 个心跳包发送成功
[02:50:08 INF] 【直播间】23357926 的第 41 个心跳包发送成功
[02:50:09 INF] 【直播间】23040372 的第 41 个心跳包发送成功
[02:50:10 INF] 【直播间】31494 的第 41 个心跳包发送成功
[02:50:12 INF] 【直播间】4015781 的第 41 个心跳包发送成功
[02:50:13 INF] 【直播间】407149 的第 41 个心跳包发送成功
[02:50:14 INF] 【直播间】9619073 的第 41 个心跳包发送成功
[02:51:15 INF] 【直播间】23357926 的第 42 个心跳包发送成功
[02:51:16 INF] 【直播间】23040372 的第 42 个心跳包发送成功
[02:51:17 INF] 【直播间】31494 的第 42 个心跳包发送成功
[02:51:18 INF] 【直播间】4015781 的第 42 个心跳包发送成功
[02:51:20 INF] 【直播间】407149 的第 42 个心跳包发送成功
[02:51:21 INF] 【直播间】9619073 的第 42 个心跳包发送成功
[02:52:21 INF] 【直播间】23357926 的第 43 个心跳包发送成功
[02:52:22 INF] 【直播间】23040372 的第 43 个心跳包发送成功
[02:52:24 INF] 【直播间】31494 的第 43 个心跳包发送成功
[02:52:25 INF] 【直播间】4015781 的第 43 个心跳包发送成功
[02:52:26 INF] 【直播间】407149 的第 43 个心跳包发送成功
[02:52:27 INF] 【直播间】9619073 的第 43 个心跳包发送成功
[02:53:28 INF] 【直播间】23357926 的第 44 个心跳包发送成功
[02:53:29 INF] 【直播间】23040372 的第 44 个心跳包发送成功
[02:53:31 INF] 【直播间】31494 的第 44 个心跳包发送成功
[02:53:32 INF] 【直播间】4015781 的第 44 个心跳包发送成功
[02:53:33 INF] 【直播间】407149 的第 44 个心跳包发送成功
[02:53:34 INF] 【直播间】9619073 的第 44 个心跳包发送成功
[02:54:35 INF] 【直播间】23357926 的第 45 个心跳包发送成功
[02:54:37 INF] 【直播间】23040372 的第 45 个心跳包发送成功
[02:54:38 INF] 【直播间】31494 的第 45 个心跳包发送成功
[02:54:39 INF] 【直播间】4015781 的第 45 个心跳包发送成功
[02:54:40 INF] 【直播间】407149 的第 45 个心跳包发送成功
[02:54:42 INF] 【直播间】9619073 的第 45 个心跳包发送成功
[02:55:42 INF] 【直播间】23357926 的第 46 个心跳包发送成功
[02:55:43 INF] 【直播间】23040372 的第 46 个心跳包发送成功
[02:55:44 INF] 【直播间】31494 的第 46 个心跳包发送成功
[02:55:45 INF] 【直播间】4015781 的第 46 个心跳包发送成功
[02:55:47 INF] 【直播间】407149 的第 46 个心跳包发送成功
[02:55:48 INF] 【直播间】9619073 的第 46 个心跳包发送成功
[02:56:49 INF] 【直播间】23357926 的第 47 个心跳包发送成功
[02:56:50 INF] 【直播间】23040372 的第 47 个心跳包发送成功
[02:56:51 INF] 【直播间】31494 的第 47 个心跳包发送成功
[02:56:53 INF] 【直播间】4015781 的第 47 个心跳包发送成功
[02:56:54 INF] 【直播间】407149 的第 47 个心跳包发送成功
[02:56:55 INF] 【直播间】9619073 的第 47 个心跳包发送成功
[02:57:55 INF] 【直播间】23357926 的第 48 个心跳包发送成功
[02:57:57 INF] 【直播间】23040372 的第 48 个心跳包发送成功
[02:57:58 INF] 【直播间】31494 的第 48 个心跳包发送成功
[02:57:59 INF] 【直播间】4015781 的第 48 个心跳包发送成功
[02:58:00 INF] 【直播间】407149 的第 48 个心跳包发送成功
[02:58:02 INF] 【直播间】9619073 的第 48 个心跳包发送成功
[02:59:03 INF] 【直播间】23357926 的第 49 个心跳包发送成功
[02:59:04 INF] 【直播间】23040372 的第 49 个心跳包发送成功
[02:59:05 INF] 【直播间】31494 的第 49 个心跳包发送成功
[02:59:06 INF] 【直播间】4015781 的第 49 个心跳包发送成功
[02:59:08 INF] 【直播间】407149 的第 49 个心跳包发送成功
[02:59:09 INF] 【直播间】9619073 的第 49 个心跳包发送成功
[03:00:10 INF] 【直播间】23357926 的第 50 个心跳包发送成功
[03:00:11 INF] 【直播间】23040372 的第 50 个心跳包发送成功
[03:00:12 INF] 【直播间】31494 的第 50 个心跳包发送成功
[03:00:13 INF] 【直播间】4015781 的第 50 个心跳包发送成功
[03:00:15 INF] 【直播间】407149 的第 50 个心跳包发送成功
[03:00:16 INF] 【直播间】9619073 的第 50 个心跳包发送成功
[03:01:16 INF] 【直播间】23357926 的第 51 个心跳包发送成功
[03:01:17 INF] 【直播间】23040372 的第 51 个心跳包发送成功
[03:01:19 INF] 【直播间】31494 的第 51 个心跳包发送成功
[03:01:20 INF] 【直播间】4015781 的第 51 个心跳包发送成功
[03:01:22 INF] 【直播间】407149 的第 51 个心跳包发送成功
[03:01:23 INF] 【直播间】9619073 的第 51 个心跳包发送成功
[03:02:23 INF] 【直播间】23357926 的第 52 个心跳包发送成功
[03:02:24 INF] 【直播间】23040372 的第 52 个心跳包发送成功
[03:02:26 INF] 【直播间】31494 的第 52 个心跳包发送成功
[03:02:27 INF] 【直播间】4015781 的第 52 个心跳包发送成功
[03:02:29 INF] 【直播间】407149 的第 52 个心跳包发送成功
[03:02:30 INF] 【直播间】9619073 的第 52 个心跳包发送成功
[03:03:30 ERR] 【心跳包】直播间 23357926 发送失败
[03:03:30 ERR] 【原因】time check failed
[03:03:32 ERR] 【心跳包】直播间 23040372 发送失败
[03:03:32 ERR] 【原因】time check failed
[03:03:33 ERR] 【心跳包】直播间 31494 发送失败
[03:03:33 ERR] 【原因】time check failed
[03:03:34 ERR] 【心跳包】直播间 4015781 发送失败
[03:03:34 ERR] 【原因】time check failed
[03:03:35 ERR] 【心跳包】直播间 407149 发送失败
[03:03:35 ERR] 【原因】time check failed
[03:03:36 ERR] 【心跳包】直播间 9619073 发送失败
[03:03:36 ERR] 【原因】time check failed
[03:04:37 INF] 【直播间】23357926 的第 53 个心跳包发送成功
[03:04:38 INF] 【直播间】23040372 的第 53 个心跳包发送成功
[03:04:39 INF] 【直播间】31494 的第 53 个心跳包发送成功
[03:04:41 INF] 【直播间】4015781 的第 53 个心跳包发送成功
[03:04:42 INF] 【直播间】407149 的第 53 个心跳包发送成功
[03:04:43 INF] 【直播间】9619073 的第 53 个心跳包发送成功
[03:05:44 INF] 【直播间】23357926 的第 54 个心跳包发送成功
[03:05:45 INF] 【直播间】23040372 的第 54 个心跳包发送成功
[03:05:46 INF] 【直播间】31494 的第 54 个心跳包发送成功
[03:05:48 INF] 【直播间】4015781 的第 54 个心跳包发送成功
[03:05:49 INF] 【直播间】407149 的第 54 个心跳包发送成功
[03:05:50 INF] 【直播间】9619073 的第 54 个心跳包发送成功
[03:06:50 INF] 【直播间】23357926 的第 55 个心跳包发送成功
[03:06:51 INF] 【直播间】23040372 的第 55 个心跳包发送成功
[03:06:53 INF] 【直播间】31494 的第 55 个心跳包发送成功
[03:06:54 INF] 【直播间】4015781 的第 55 个心跳包发送成功
[03:06:55 INF] 【直播间】407149 的第 55 个心跳包发送成功
[03:06:57 INF] 【直播间】9619073 的第 55 个心跳包发送成功
[03:07:58 INF] 【直播间】23357926 的第 56 个心跳包发送成功
[03:07:59 INF] 【直播间】23040372 的第 56 个心跳包发送成功
[03:08:00 INF] 【直播间】31494 的第 56 个心跳包发送成功
[03:08:01 INF] 【直播间】4015781 的第 56 个心跳包发送成功
[03:08:03 INF] 【直播间】407149 的第 56 个心跳包发送成功
[03:08:04 INF] 【直播间】9619073 的第 56 个心跳包发送成功
[03:09:04 INF] 【直播间】23357926 的第 57 个心跳包发送成功
[03:09:06 INF] 【直播间】23040372 的第 57 个心跳包发送成功
[03:09:07 INF] 【直播间】31494 的第 57 个心跳包发送成功
[03:09:08 INF] 【直播间】4015781 的第 57 个心跳包发送成功
[03:09:09 INF] 【直播间】407149 的第 57 个心跳包发送成功
[03:09:11 INF] 【直播间】9619073 的第 57 个心跳包发送成功
[03:10:11 INF] 【直播间】23357926 的第 58 个心跳包发送成功
[03:10:12 INF] 【直播间】23040372 的第 58 个心跳包发送成功
[03:10:14 INF] 【直播间】31494 的第 58 个心跳包发送成功
[03:10:15 INF] 【直播间】4015781 的第 58 个心跳包发送成功
[03:10:16 INF] 【直播间】407149 的第 58 个心跳包发送成功
[03:10:18 INF] 【直播间】9619073 的第 58 个心跳包发送成功
[03:11:19 INF] 【直播间】23357926 的第 59 个心跳包发送成功
[03:11:20 INF] 【直播间】23040372 的第 59 个心跳包发送成功
[03:11:21 INF] 【直播间】31494 的第 59 个心跳包发送成功
[03:11:22 INF] 【直播间】4015781 的第 59 个心跳包发送成功
[03:11:24 INF] 【直播间】407149 的第 59 个心跳包发送成功
[03:11:25 INF] 【直播间】9619073 的第 59 个心跳包发送成功
[03:12:26 INF] 【直播间】23357926 的第 60 个心跳包发送成功
[03:12:27 INF] 【直播间】23040372 的第 60 个心跳包发送成功
[03:12:28 INF] 【直播间】31494 的第 60 个心跳包发送成功
[03:12:30 INF] 【直播间】4015781 的第 60 个心跳包发送成功
[03:12:31 INF] 【直播间】407149 的第 60 个心跳包发送成功
[03:12:32 INF] 【直播间】9619073 的第 60 个心跳包发送成功
[03:13:33 INF] 【直播间】23357926 的第 61 个心跳包发送成功
[03:13:34 INF] 【直播间】23040372 的第 61 个心跳包发送成功
[03:13:36 INF] 【直播间】31494 的第 61 个心跳包发送成功
[03:13:37 INF] 【直播间】4015781 的第 61 个心跳包发送成功
[03:13:38 INF] 【直播间】407149 的第 61 个心跳包发送成功
[03:13:40 INF] 【直播间】9619073 的第 61 个心跳包发送成功
[03:14:39 INF] 【直播间】23357926 的第 62 个心跳包发送成功
[03:14:41 INF] 【直播间】23040372 的第 62 个心跳包发送成功
[03:14:42 INF] 【直播间】31494 的第 62 个心跳包发送成功
[03:14:43 INF] 【直播间】4015781 的第 62 个心跳包发送成功
[03:14:45 INF] 【直播间】407149 的第 62 个心跳包发送成功
[03:14:46 INF] 【直播间】9619073 的第 62 个心跳包发送成功
[03:15:46 INF] 【直播间】23357926 的第 63 个心跳包发送成功
[03:15:47 INF] 【直播间】23040372 的第 63 个心跳包发送成功
[03:15:49 INF] 【直播间】31494 的第 63 个心跳包发送成功
[03:15:50 INF] 【直播间】4015781 的第 63 个心跳包发送成功
[03:15:51 INF] 【直播间】407149 的第 63 个心跳包发送成功
[03:15:52 INF] 【直播间】9619073 的第 63 个心跳包发送成功
[03:16:54 INF] 【直播间】23357926 的第 64 个心跳包发送成功
[03:16:55 INF] 【直播间】23040372 的第 64 个心跳包发送成功
[03:16:56 INF] 【直播间】31494 的第 64 个心跳包发送成功
[03:16:57 INF] 【直播间】4015781 的第 64 个心跳包发送成功
[03:16:58 INF] 【直播间】407149 的第 64 个心跳包发送成功
[03:17:00 INF] 【直播间】9619073 的第 64 个心跳包发送成功
[03:18:01 ERR] 【心跳包】直播间 23357926 发送失败
[03:18:01 ERR] 【原因】time check failed
[03:18:03 ERR] 【心跳包】直播间 23040372 发送失败
[03:18:03 ERR] 【原因】time check failed
[03:18:04 ERR] 【心跳包】直播间 31494 发送失败
[03:18:04 ERR] 【原因】time check failed
[03:18:05 ERR] 【心跳包】直播间 4015781 发送失败
[03:18:05 ERR] 【原因】time check failed
[03:18:06 ERR] 【心跳包】直播间 407149 发送失败
[03:18:06 ERR] 【原因】time check failed
[03:18:08 ERR] 【心跳包】直播间 9619073 发送失败
[03:18:08 ERR] 【原因】time check failed
[03:19:08 INF] 【直播间】23357926 的第 65 个心跳包发送成功
[03:19:09 INF] 【直播间】23040372 的第 65 个心跳包发送成功
[03:19:11 INF] 【直播间】31494 的第 65 个心跳包发送成功
[03:19:12 INF] 【直播间】4015781 的第 65 个心跳包发送成功
[03:19:13 INF] 【直播间】407149 的第 65 个心跳包发送成功
[03:19:15 INF] 【直播间】9619073 的第 65 个心跳包发送成功
[03:20:15 INF] 【直播间】23357926 的第 66 个心跳包发送成功
[03:20:16 INF] 【直播间】23040372 的第 66 个心跳包发送成功
[03:20:17 INF] 【直播间】31494 的第 66 个心跳包发送成功
[03:20:18 INF] 【直播间】4015781 的第 66 个心跳包发送成功
[03:20:20 INF] 【直播间】407149 的第 66 个心跳包发送成功
[03:20:21 INF] 【直播间】9619073 的第 66 个心跳包发送成功
[03:21:22 INF] 【直播间】23357926 的第 67 个心跳包发送成功
[03:21:23 INF] 【直播间】23040372 的第 67 个心跳包发送成功
[03:21:24 INF] 【直播间】31494 的第 67 个心跳包发送成功
[03:21:26 INF] 【直播间】4015781 的第 67 个心跳包发送成功
[03:21:27 INF] 【直播间】407149 的第 67 个心跳包发送成功
[03:21:28 INF] 【直播间】9619073 的第 67 个心跳包发送成功
[03:22:29 INF] 【直播间】23357926 的第 68 个心跳包发送成功
[03:22:30 INF] 【直播间】23040372 的第 68 个心跳包发送成功
[03:22:32 INF] 【直播间】31494 的第 68 个心跳包发送成功
[03:22:33 INF] 【直播间】4015781 的第 68 个心跳包发送成功
[03:22:34 INF] 【直播间】407149 的第 68 个心跳包发送成功
[03:22:35 INF] 【直播间】9619073 的第 68 个心跳包发送成功
[03:23:36 INF] 【直播间】23357926 的第 69 个心跳包发送成功
[03:23:37 INF] 【直播间】23040372 的第 69 个心跳包发送成功
[03:23:39 INF] 【直播间】31494 的第 69 个心跳包发送成功
[03:23:40 INF] 【直播间】4015781 的第 69 个心跳包发送成功
[03:23:41 INF] 【直播间】407149 的第 69 个心跳包发送成功
[03:23:43 INF] 【直播间】9619073 的第 69 个心跳包发送成功
[03:24:43 INF] 【直播间】23357926 的第 70 个心跳包发送成功
[03:24:44 INF] 【直播间】23040372 的第 70 个心跳包发送成功
[03:24:45 INF] 【直播间】31494 的第 70 个心跳包发送成功
[03:24:47 INF] 【直播间】4015781 的第 70 个心跳包发送成功
[03:24:48 INF] 【直播间】407149 的第 70 个心跳包发送成功
[03:24:49 INF] 【直播间】9619073 的第 70 个心跳包发送成功
[03:24:49 INF] 【直播观看时长】完成情况：6/6 
[03:24:49 INF] ---------结束---------

[03:24:49 INF] ==========结束==========

[03:24:49 INF] ######### 账号 3 #########

[03:24:49 INF] =====开始 直播间互动 =====

[03:24:49 INF] ---开始 发送弹幕 ---
[03:24:49 INF] 检测到直播 Cookie 未正确配置，尝试自动配置中...
[03:24:58 INF] 直播 Cookie 配置成功！
[03:24:58 INF] 【获取直播列表】获取拥有粉丝牌的直播列表
[03:25:05 INF] 【主播】苏打baka 
[03:25:19 INF] 【直播间】苏打baka
[03:25:19 INF] 【粉丝牌】碳酸钠
[03:25:19 INF] 正在发送弹幕...
[03:25:24 INF] -------结束-------

[03:25:24 INF] ---开始 点赞直播间 ---
[03:25:24 INF] 【获取直播列表】获取拥有粉丝牌的直播列表
[03:25:30 INF] 【主播】苏打baka 
[03:25:38 INF] 【弹幕发送】成功~，你和主播 苏打baka 的亲密值增加了100！
[03:25:56 INF] --------结束--------

[03:25:56 INF] ---开始 直播时长挂机 ---
[03:25:56 INF] 【获取直播列表】获取拥有粉丝牌的直播列表
[03:25:57 INF] 【点赞直播间】23040372 完成
[03:26:00 INF] 【主播】苏打baka 
[03:26:17 INF] 【直播间】23040372 的第 1 个心跳包发送成功
[03:27:24 INF] 【直播间】23040372 的第 2 个心跳包发送成功
[03:28:31 INF] 【直播间】23040372 的第 3 个心跳包发送成功
[03:29:38 INF] 【直播间】23040372 的第 4 个心跳包发送成功
[03:30:46 INF] 【直播间】23040372 的第 5 个心跳包发送成功
[03:31:52 INF] 【直播间】23040372 的第 6 个心跳包发送成功
[03:32:59 INF] 【直播间】23040372 的第 7 个心跳包发送成功
[03:34:07 INF] 【直播间】23040372 的第 8 个心跳包发送成功
[03:35:13 INF] 【直播间】23040372 的第 9 个心跳包发送成功
[03:36:20 INF] 【直播间】23040372 的第 10 个心跳包发送成功
[03:37:27 INF] 【直播间】23040372 的第 11 个心跳包发送成功
[03:38:34 INF] 【直播间】23040372 的第 12 个心跳包发送成功
[03:39:41 INF] 【直播间】23040372 的第 13 个心跳包发送成功
[03:40:48 ERR] 【心跳包】直播间 23040372 发送失败
[03:40:48 ERR] 【原因】time check failed
[03:41:56 INF] 【直播间】23040372 的第 14 个心跳包发送成功
[03:43:03 INF] 【直播间】23040372 的第 15 个心跳包发送成功
[03:44:10 INF] 【直播间】23040372 的第 16 个心跳包发送成功
[03:45:17 INF] 【直播间】23040372 的第 17 个心跳包发送成功
[03:46:24 INF] 【直播间】23040372 的第 18 个心跳包发送成功
[03:47:31 INF] 【直播间】23040372 的第 19 个心跳包发送成功
[03:48:38 INF] 【直播间】23040372 的第 20 个心跳包发送成功
[03:49:45 INF] 【直播间】23040372 的第 21 个心跳包发送成功
[03:50:52 INF] 【直播间】23040372 的第 22 个心跳包发送成功
[03:51:58 INF] 【直播间】23040372 的第 23 个心跳包发送成功
[03:53:06 INF] 【直播间】23040372 的第 24 个心跳包发送成功
[03:54:12 INF] 【直播间】23040372 的第 25 个心跳包发送成功
[03:55:20 ERR] 【心跳包】直播间 23040372 发送失败
[03:55:20 ERR] 【原因】time check failed
[03:56:26 INF] 【直播间】23040372 的第 26 个心跳包发送成功
[03:57:33 INF] 【直播间】23040372 的第 27 个心跳包发送成功
[03:58:40 INF] 【直播间】23040372 的第 28 个心跳包发送成功
[03:59:46 INF] 【直播间】23040372 的第 29 个心跳包发送成功
[04:00:54 INF] 【直播间】23040372 的第 30 个心跳包发送成功
[04:02:00 INF] 【直播间】23040372 的第 31 个心跳包发送成功
[04:03:08 INF] 【直播间】23040372 的第 32 个心跳包发送成功
[04:04:14 INF] 【直播间】23040372 的第 33 个心跳包发送成功
[04:05:21 INF] 【直播间】23040372 的第 34 个心跳包发送成功
[04:06:28 INF] 【直播间】23040372 的第 35 个心跳包发送成功
[04:07:35 INF] 【直播间】23040372 的第 36 个心跳包发送成功
[04:08:42 INF] 【直播间】23040372 的第 37 个心跳包发送成功
[04:09:49 INF] 【直播间】23040372 的第 38 个心跳包发送成功
[04:10:55 ERR] 【心跳包】直播间 23040372 发送失败
[04:10:55 ERR] 【原因】time check failed
[04:12:02 INF] 【直播间】23040372 的第 39 个心跳包发送成功
[04:13:09 INF] 【直播间】23040372 的第 40 个心跳包发送成功
[04:14:16 INF] 【直播间】23040372 的第 41 个心跳包发送成功
[04:15:23 INF] 【直播间】23040372 的第 42 个心跳包发送成功
[04:16:30 INF] 【直播间】23040372 的第 43 个心跳包发送成功
[04:17:37 INF] 【直播间】23040372 的第 44 个心跳包发送成功
[04:18:44 INF] 【直播间】23040372 的第 45 个心跳包发送成功
[04:19:51 INF] 【直播间】23040372 的第 46 个心跳包发送成功
[04:20:58 INF] 【直播间】23040372 的第 47 个心跳包发送成功
[04:22:04 INF] 【直播间】23040372 的第 48 个心跳包发送成功
[04:23:12 INF] 【直播间】23040372 的第 49 个心跳包发送成功
[04:24:18 INF] 【直播间】23040372 的第 50 个心跳包发送成功
[04:25:26 INF] 【直播间】23040372 的第 51 个心跳包发送成功
[04:26:32 ERR] 【心跳包】直播间 23040372 发送失败
[04:26:32 ERR] 【原因】time check failed
[04:27:39 INF] 【直播间】23040372 的第 52 个心跳包发送成功
[04:28:46 INF] 【直播间】23040372 的第 53 个心跳包发送成功
[04:29:53 INF] 【直播间】23040372 的第 54 个心跳包发送成功
[04:31:00 INF] 【直播间】23040372 的第 55 个心跳包发送成功
[04:32:22 INF] 【直播间】23040372 的第 56 个心跳包发送成功
[04:33:29 INF] 【直播间】23040372 的第 57 个心跳包发送成功
[04:34:36 INF] 【直播间】23040372 的第 58 个心跳包发送成功
[04:35:43 INF] 【直播间】23040372 的第 59 个心跳包发送成功
[04:36:50 INF] 【直播间】23040372 的第 60 个心跳包发送成功
[04:37:56 INF] 【直播间】23040372 的第 61 个心跳包发送成功
[04:39:03 ERR] 【心跳包】直播间 23040372 发送失败
[04:39:03 ERR] 【原因】time check failed
[04:40:10 INF] 【直播间】23040372 的第 62 个心跳包发送成功
[04:41:17 INF] 【直播间】23040372 的第 63 个心跳包发送成功
[04:42:24 INF] 【直播间】23040372 的第 64 个心跳包发送成功
[04:43:30 INF] 【直播间】23040372 的第 65 个心跳包发送成功
[04:44:38 INF] 【直播间】23040372 的第 66 个心跳包发送成功
[04:45:44 INF] 【直播间】23040372 的第 67 个心跳包发送成功
[04:46:52 INF] 【直播间】23040372 的第 68 个心跳包发送成功
[04:47:58 INF] 【直播间】23040372 的第 69 个心跳包发送成功
[04:49:05 INF] 【直播间】23040372 的第 70 个心跳包发送成功
[04:49:05 INF] 【直播观看时长】完成情况：1/1 
[04:49:05 INF] ---------结束---------

[04:49:05 INF] ==========结束==========

[04:49:05 INF] 

========================

 v2.0.1 开源 by https://github.com/RayWangQvQ/BiliBiliToolPro

[04:49:05 INF] ·开始推送·LiveFansMedal任务·
2023-06-11T20:49:05.6149277Z 开始推送到:自定义
2023-06-11T20:49:14.6040972Z Response status: OK.
2023-06-11T20:49:14.6041314Z Response content: {"message":"","success":true,"uuid":"34e83d953be943509d0504b65abbd434"}.

[04:49:14 INF] 运行环境：Development
[04:49:14 INF] 应用目录：/home/runner/work/BiliBiliToolPro/BiliBiliToolPro/src/Ray.BiliBiliTool.Console/bin/Debug/net6.0/

[04:49:14 INF] 运行结束
