----------- ip 信息 ---------
{
  "ip": "104.28.233.73",
  "city": "San Jose",
  "region": "California",
  "country": "US",
  "loc": "37.3394,-121.8950",
  "org": "AS13335 Cloudflare, Inc.",
  "postal": "95103",
  "timezone": "America/Los_Angeles",
  "readme": "https://ipinfo.io/missingauth"
} ---------- end ------------
  ____               ____    _   _____           _  
 |  _ \ __ _ _   _  | __ ) _| |_|_   _|__   ___ | | 
 | |_) / _` | | | | |  _ \(_) (_) | |/ _ \ / _ \| | 
 |  _ < (_| | |_| | | |_) | | | | | | (_) | (_) | | 
 |_| \_\__,_|\__, | |____/|_|_|_| |_|\___/ \___/|_| 
             |___/                                  

[00:30:02 INF] BiliBiliToolPro 开始运行...

[00:30:02 INF] 【账号个数】3个

[00:30:02 INF] 随机休眠5分钟

[00:35:02 INF] 【目标任务】LiveFansMedal
[00:35:02 INF] ######### 账号 1 #########

[00:35:02 INF] =====开始 直播间互动 =====

[00:35:02 INF] ---开始 发送弹幕 ---
[00:35:02 INF] 检测到直播 Cookie 未正确配置，尝试自动配置中...
[00:35:06 INF] 直播 Cookie 配置成功！
[00:35:06 INF] 【获取直播列表】获取拥有粉丝牌的直播列表
[00:35:10 INF] 【主播】Mark陌枫 
[00:35:19 INF] 【主播】KL_qiqi_ 
[00:35:32 INF] 【主播】苏打baka 
[00:35:43 INF] 【直播间】Mark陌枫
[00:35:43 INF] 【粉丝牌】馬楓
[00:35:43 INF] 正在发送弹幕...
[00:35:47 INF] 【直播间】KL_qiqi_
[00:35:47 INF] 【粉丝牌】qiqisb
[00:35:47 INF] 正在发送弹幕...
[00:35:50 INF] 【直播间】苏打baka
[00:35:50 INF] 【粉丝牌】碳酸钠
[00:35:50 INF] 正在发送弹幕...
[00:35:51 INF] 【弹幕发送】成功~，你和主播 Mark陌枫 的亲密值增加了100！
[00:35:56 INF] -------结束-------

[00:35:56 INF] ---开始 点赞直播间 ---
[00:35:56 INF] 【获取直播列表】获取拥有粉丝牌的直播列表
[00:35:58 INF] 【弹幕发送】成功~，你和主播 KL_qiqi_ 的亲密值增加了100！
[00:36:00 INF] 【主播】Mark陌枫 
[00:36:04 INF] 【弹幕发送】成功~，你和主播 苏打baka 的亲密值增加了100！
[00:36:07 INF] 【主播】KL_qiqi_ 
[00:36:18 INF] 【主播】苏打baka 
[00:36:36 INF] 【点赞直播间】23357926 完成
[00:36:40 INF] 【点赞直播间】407149 完成
[00:36:44 INF] --------结束--------

[00:36:44 INF] ---开始 直播时长挂机 ---
[00:36:44 INF] 【获取直播列表】获取拥有粉丝牌的直播列表
[00:36:44 INF] 【点赞直播间】23040372 完成
[00:36:47 INF] 【主播】Mark陌枫 
[00:36:55 INF] 【主播】KL_qiqi_ 
[00:37:07 INF] 【主播】苏打baka 
[00:37:19 INF] 【直播间】23357926 的第 1 个心跳包发送成功
[00:37:20 INF] 【直播间】407149 的第 1 个心跳包发送成功
[00:37:22 INF] 【直播间】23040372 的第 1 个心跳包发送成功
[00:38:26 INF] 【直播间】23357926 的第 2 个心跳包发送成功
[00:38:27 INF] 【直播间】407149 的第 2 个心跳包发送成功
[00:38:28 INF] 【直播间】23040372 的第 2 个心跳包发送成功
[00:39:32 INF] 【直播间】23357926 的第 3 个心跳包发送成功
[00:39:33 INF] 【直播间】407149 的第 3 个心跳包发送成功
[00:39:34 INF] 【直播间】23040372 的第 3 个心跳包发送成功
[00:40:38 INF] 【直播间】23357926 的第 4 个心跳包发送成功
[00:40:39 INF] 【直播间】407149 的第 4 个心跳包发送成功
[00:40:41 INF] 【直播间】23040372 的第 4 个心跳包发送成功
[00:41:45 INF] 【直播间】23357926 的第 5 个心跳包发送成功
[00:41:46 INF] 【直播间】407149 的第 5 个心跳包发送成功
[00:41:47 INF] 【直播间】23040372 的第 5 个心跳包发送成功
[00:42:51 INF] 【直播间】23357926 的第 6 个心跳包发送成功
[00:42:52 INF] 【直播间】407149 的第 6 个心跳包发送成功
[00:42:53 INF] 【直播间】23040372 的第 6 个心跳包发送成功
[00:43:57 INF] 【直播间】23357926 的第 7 个心跳包发送成功
[00:43:58 INF] 【直播间】407149 的第 7 个心跳包发送成功
[00:44:00 INF] 【直播间】23040372 的第 7 个心跳包发送成功
[00:45:03 INF] 【直播间】23357926 的第 8 个心跳包发送成功
[00:45:05 INF] 【直播间】407149 的第 8 个心跳包发送成功
[00:45:06 INF] 【直播间】23040372 的第 8 个心跳包发送成功
[00:46:10 INF] 【直播间】23357926 的第 9 个心跳包发送成功
[00:46:11 INF] 【直播间】407149 的第 9 个心跳包发送成功
[00:46:12 INF] 【直播间】23040372 的第 9 个心跳包发送成功
[00:47:16 INF] 【直播间】23357926 的第 10 个心跳包发送成功
[00:47:17 INF] 【直播间】407149 的第 10 个心跳包发送成功
[00:47:19 INF] 【直播间】23040372 的第 10 个心跳包发送成功
[00:48:23 INF] 【直播间】23357926 的第 11 个心跳包发送成功
[00:48:24 INF] 【直播间】407149 的第 11 个心跳包发送成功
[00:48:25 INF] 【直播间】23040372 的第 11 个心跳包发送成功
[00:49:29 INF] 【直播间】23357926 的第 12 个心跳包发送成功
[00:49:30 INF] 【直播间】407149 的第 12 个心跳包发送成功
[00:49:31 INF] 【直播间】23040372 的第 12 个心跳包发送成功
[00:50:35 INF] 【直播间】23357926 的第 13 个心跳包发送成功
[00:50:36 INF] 【直播间】407149 的第 13 个心跳包发送成功
[00:50:38 INF] 【直播间】23040372 的第 13 个心跳包发送成功
[00:51:42 INF] 【直播间】23357926 的第 14 个心跳包发送成功
[00:51:43 INF] 【直播间】407149 的第 14 个心跳包发送成功
[00:51:44 INF] 【直播间】23040372 的第 14 个心跳包发送成功
[00:52:48 INF] 【直播间】23357926 的第 15 个心跳包发送成功
[00:52:49 INF] 【直播间】407149 的第 15 个心跳包发送成功
[00:52:51 INF] 【直播间】23040372 的第 15 个心跳包发送成功
[00:53:54 ERR] 【心跳包】直播间 23357926 发送失败
[00:53:54 ERR] 【原因】time check failed
[00:53:55 ERR] 【心跳包】直播间 407149 发送失败
[00:53:55 ERR] 【原因】time check failed
[00:53:57 ERR] 【心跳包】直播间 23040372 发送失败
[00:53:57 ERR] 【原因】time check failed
[00:55:01 INF] 【直播间】23357926 的第 16 个心跳包发送成功
[00:55:02 INF] 【直播间】407149 的第 16 个心跳包发送成功
[00:55:03 INF] 【直播间】23040372 的第 16 个心跳包发送成功
[00:56:07 INF] 【直播间】23357926 的第 17 个心跳包发送成功
[00:56:08 INF] 【直播间】407149 的第 17 个心跳包发送成功
[00:56:09 INF] 【直播间】23040372 的第 17 个心跳包发送成功
[00:57:14 INF] 【直播间】23357926 的第 18 个心跳包发送成功
[00:57:15 INF] 【直播间】407149 的第 18 个心跳包发送成功
[00:57:16 INF] 【直播间】23040372 的第 18 个心跳包发送成功
[00:58:20 INF] 【直播间】23357926 的第 19 个心跳包发送成功
[00:58:21 INF] 【直播间】407149 的第 19 个心跳包发送成功
[00:58:22 INF] 【直播间】23040372 的第 19 个心跳包发送成功
[00:59:26 INF] 【直播间】23357926 的第 20 个心跳包发送成功
[00:59:27 INF] 【直播间】407149 的第 20 个心跳包发送成功
[00:59:29 INF] 【直播间】23040372 的第 20 个心跳包发送成功
[01:00:32 INF] 【直播间】23357926 的第 21 个心跳包发送成功
[01:00:34 INF] 【直播间】407149 的第 21 个心跳包发送成功
[01:00:35 INF] 【直播间】23040372 的第 21 个心跳包发送成功
[01:01:39 INF] 【直播间】23357926 的第 22 个心跳包发送成功
[01:01:40 INF] 【直播间】407149 的第 22 个心跳包发送成功
[01:01:41 INF] 【直播间】23040372 的第 22 个心跳包发送成功
[01:02:45 INF] 【直播间】23357926 的第 23 个心跳包发送成功
[01:02:46 INF] 【直播间】407149 的第 23 个心跳包发送成功
[01:02:48 INF] 【直播间】23040372 的第 23 个心跳包发送成功
[01:03:51 INF] 【直播间】23357926 的第 24 个心跳包发送成功
[01:03:53 INF] 【直播间】407149 的第 24 个心跳包发送成功
[01:03:54 INF] 【直播间】23040372 的第 24 个心跳包发送成功
[01:04:58 INF] 【直播间】23357926 的第 25 个心跳包发送成功
[01:04:59 INF] 【直播间】407149 的第 25 个心跳包发送成功
[01:05:00 INF] 【直播间】23040372 的第 25 个心跳包发送成功
[01:06:04 INF] 【直播间】23357926 的第 26 个心跳包发送成功
[01:06:05 INF] 【直播间】407149 的第 26 个心跳包发送成功
[01:06:07 INF] 【直播间】23040372 的第 26 个心跳包发送成功
[01:07:10 INF] 【直播间】23357926 的第 27 个心跳包发送成功
[01:07:12 INF] 【直播间】407149 的第 27 个心跳包发送成功
[01:07:13 INF] 【直播间】23040372 的第 27 个心跳包发送成功
[01:08:17 INF] 【直播间】23357926 的第 28 个心跳包发送成功
[01:08:18 INF] 【直播间】407149 的第 28 个心跳包发送成功
[01:08:20 INF] 【直播间】23040372 的第 28 个心跳包发送成功
[01:09:23 INF] 【直播间】23357926 的第 29 个心跳包发送成功
[01:09:25 INF] 【直播间】407149 的第 29 个心跳包发送成功
[01:09:26 INF] 【直播间】23040372 的第 29 个心跳包发送成功
[01:10:29 ERR] 【心跳包】直播间 23357926 发送失败
[01:10:29 ERR] 【原因】time check failed
[01:10:31 ERR] 【心跳包】直播间 407149 发送失败
[01:10:31 ERR] 【原因】time check failed
[01:10:32 ERR] 【心跳包】直播间 23040372 发送失败
[01:10:32 ERR] 【原因】time check failed
[01:11:36 INF] 【直播间】23357926 的第 30 个心跳包发送成功
[01:11:37 INF] 【直播间】407149 的第 30 个心跳包发送成功
[01:11:38 INF] 【直播间】23040372 的第 30 个心跳包发送成功
[01:12:42 INF] 【直播间】23357926 的第 31 个心跳包发送成功
[01:12:43 INF] 【直播间】407149 的第 31 个心跳包发送成功
[01:12:44 INF] 【直播间】23040372 的第 31 个心跳包发送成功
[01:13:49 INF] 【直播间】23357926 的第 32 个心跳包发送成功
[01:13:50 INF] 【直播间】407149 的第 32 个心跳包发送成功
[01:13:51 INF] 【直播间】23040372 的第 32 个心跳包发送成功
[01:14:55 INF] 【直播间】23357926 的第 33 个心跳包发送成功
[01:14:56 INF] 【直播间】407149 的第 33 个心跳包发送成功
[01:14:57 INF] 【直播间】23040372 的第 33 个心跳包发送成功
[01:16:01 INF] 【直播间】23357926 的第 34 个心跳包发送成功
[01:16:02 INF] 【直播间】407149 的第 34 个心跳包发送成功
[01:16:04 INF] 【直播间】23040372 的第 34 个心跳包发送成功
[01:17:07 INF] 【直播间】23357926 的第 35 个心跳包发送成功
[01:17:09 INF] 【直播间】407149 的第 35 个心跳包发送成功
[01:17:10 INF] 【直播间】23040372 的第 35 个心跳包发送成功
[01:18:14 INF] 【直播间】23357926 的第 36 个心跳包发送成功
[01:18:15 INF] 【直播间】407149 的第 36 个心跳包发送成功
[01:18:16 INF] 【直播间】23040372 的第 36 个心跳包发送成功
[01:19:20 INF] 【直播间】23357926 的第 37 个心跳包发送成功
[01:19:21 INF] 【直播间】407149 的第 37 个心跳包发送成功
[01:19:22 INF] 【直播间】23040372 的第 37 个心跳包发送成功
[01:20:26 INF] 【直播间】23357926 的第 38 个心跳包发送成功
[01:20:28 INF] 【直播间】407149 的第 38 个心跳包发送成功
[01:20:29 INF] 【直播间】23040372 的第 38 个心跳包发送成功
[01:21:33 INF] 【直播间】23357926 的第 39 个心跳包发送成功
[01:21:34 INF] 【直播间】407149 的第 39 个心跳包发送成功
[01:21:35 INF] 【直播间】23040372 的第 39 个心跳包发送成功
[01:22:39 INF] 【直播间】23357926 的第 40 个心跳包发送成功
[01:22:40 INF] 【直播间】407149 的第 40 个心跳包发送成功
[01:22:41 INF] 【直播间】23040372 的第 40 个心跳包发送成功
[01:23:45 INF] 【直播间】23357926 的第 41 个心跳包发送成功
[01:23:46 INF] 【直播间】407149 的第 41 个心跳包发送成功
[01:23:48 INF] 【直播间】23040372 的第 41 个心跳包发送成功
[01:24:52 INF] 【直播间】23357926 的第 42 个心跳包发送成功
[01:24:53 INF] 【直播间】407149 的第 42 个心跳包发送成功
[01:24:54 INF] 【直播间】23040372 的第 42 个心跳包发送成功
[01:25:58 INF] 【直播间】23357926 的第 43 个心跳包发送成功
[01:25:59 INF] 【直播间】407149 的第 43 个心跳包发送成功
[01:26:01 INF] 【直播间】23040372 的第 43 个心跳包发送成功
[01:27:05 ERR] 【心跳包】直播间 23357926 发送失败
[01:27:05 ERR] 【原因】time check failed
[01:27:06 ERR] 【心跳包】直播间 407149 发送失败
[01:27:06 ERR] 【原因】time check failed
[01:27:07 ERR] 【心跳包】直播间 23040372 发送失败
[01:27:07 ERR] 【原因】time check failed
[01:28:11 INF] 【直播间】23357926 的第 44 个心跳包发送成功
[01:28:12 INF] 【直播间】407149 的第 44 个心跳包发送成功
[01:28:13 INF] 【直播间】23040372 的第 44 个心跳包发送成功
[01:29:17 INF] 【直播间】23357926 的第 45 个心跳包发送成功
[01:29:18 INF] 【直播间】407149 的第 45 个心跳包发送成功
[01:29:19 INF] 【直播间】23040372 的第 45 个心跳包发送成功
[01:30:24 INF] 【直播间】23357926 的第 46 个心跳包发送成功
[01:30:25 INF] 【直播间】407149 的第 46 个心跳包发送成功
[01:30:26 INF] 【直播间】23040372 的第 46 个心跳包发送成功
[01:31:30 INF] 【直播间】23357926 的第 47 个心跳包发送成功
[01:31:31 INF] 【直播间】407149 的第 47 个心跳包发送成功
[01:31:32 INF] 【直播间】23040372 的第 47 个心跳包发送成功
[01:32:36 INF] 【直播间】23357926 的第 48 个心跳包发送成功
[01:32:37 INF] 【直播间】407149 的第 48 个心跳包发送成功
[01:32:39 INF] 【直播间】23040372 的第 48 个心跳包发送成功
[01:33:42 INF] 【直播间】23357926 的第 49 个心跳包发送成功
[01:33:44 INF] 【直播间】407149 的第 49 个心跳包发送成功
[01:33:45 INF] 【直播间】23040372 的第 49 个心跳包发送成功
[01:34:49 INF] 【直播间】23357926 的第 50 个心跳包发送成功
[01:34:50 INF] 【直播间】407149 的第 50 个心跳包发送成功
[01:34:51 INF] 【直播间】23040372 的第 50 个心跳包发送成功
[01:35:55 INF] 【直播间】23357926 的第 51 个心跳包发送成功
[01:35:57 INF] 【直播间】407149 的第 51 个心跳包发送成功
[01:35:58 INF] 【直播间】23040372 的第 51 个心跳包发送成功
[01:37:02 INF] 【直播间】23357926 的第 52 个心跳包发送成功
[01:37:03 INF] 【直播间】407149 的第 52 个心跳包发送成功
[01:37:04 INF] 【直播间】23040372 的第 52 个心跳包发送成功
[01:38:08 INF] 【直播间】23357926 的第 53 个心跳包发送成功
[01:38:09 INF] 【直播间】407149 的第 53 个心跳包发送成功
[01:38:10 INF] 【直播间】23040372 的第 53 个心跳包发送成功
[01:39:14 INF] 【直播间】23357926 的第 54 个心跳包发送成功
[01:39:15 INF] 【直播间】407149 的第 54 个心跳包发送成功
[01:39:17 INF] 【直播间】23040372 的第 54 个心跳包发送成功
[01:40:20 INF] 【直播间】23357926 的第 55 个心跳包发送成功
[01:40:22 INF] 【直播间】407149 的第 55 个心跳包发送成功
[01:40:23 INF] 【直播间】23040372 的第 55 个心跳包发送成功
[01:41:27 INF] 【直播间】23357926 的第 56 个心跳包发送成功
[01:41:28 INF] 【直播间】407149 的第 56 个心跳包发送成功
[01:41:29 INF] 【直播间】23040372 的第 56 个心跳包发送成功
[01:42:34 INF] 【直播间】23357926 的第 57 个心跳包发送成功
[01:42:35 INF] 【直播间】407149 的第 57 个心跳包发送成功
[01:42:36 INF] 【直播间】23040372 的第 57 个心跳包发送成功
[01:43:40 ERR] 【心跳包】直播间 23357926 发送失败
[01:43:40 ERR] 【原因】time check failed
[01:43:41 ERR] 【心跳包】直播间 407149 发送失败
[01:43:41 ERR] 【原因】time check failed
[01:43:42 ERR] 【心跳包】直播间 23040372 发送失败
[01:43:42 ERR] 【原因】time check failed
[01:44:46 INF] 【直播间】23357926 的第 58 个心跳包发送成功
[01:44:47 INF] 【直播间】407149 的第 58 个心跳包发送成功
[01:44:49 INF] 【直播间】23040372 的第 58 个心跳包发送成功
[01:45:53 INF] 【直播间】23357926 的第 59 个心跳包发送成功
[01:45:54 INF] 【直播间】407149 的第 59 个心跳包发送成功
[01:45:55 INF] 【直播间】23040372 的第 59 个心跳包发送成功
[01:46:59 INF] 【直播间】23357926 的第 60 个心跳包发送成功
[01:47:00 INF] 【直播间】407149 的第 60 个心跳包发送成功
[01:47:02 INF] 【直播间】23040372 的第 60 个心跳包发送成功
[01:48:05 INF] 【直播间】23357926 的第 61 个心跳包发送成功
[01:48:07 INF] 【直播间】407149 的第 61 个心跳包发送成功
[01:48:08 INF] 【直播间】23040372 的第 61 个心跳包发送成功
[01:49:12 INF] 【直播间】23357926 的第 62 个心跳包发送成功
[01:49:13 INF] 【直播间】407149 的第 62 个心跳包发送成功
[01:49:14 INF] 【直播间】23040372 的第 62 个心跳包发送成功
[01:50:18 INF] 【直播间】23357926 的第 63 个心跳包发送成功
[01:50:19 INF] 【直播间】407149 的第 63 个心跳包发送成功
[01:50:20 INF] 【直播间】23040372 的第 63 个心跳包发送成功
[01:51:24 INF] 【直播间】23357926 的第 64 个心跳包发送成功
[01:51:26 INF] 【直播间】407149 的第 64 个心跳包发送成功
[01:51:27 INF] 【直播间】23040372 的第 64 个心跳包发送成功
[01:52:31 INF] 【直播间】23357926 的第 65 个心跳包发送成功
[01:52:32 INF] 【直播间】407149 的第 65 个心跳包发送成功
[01:52:33 INF] 【直播间】23040372 的第 65 个心跳包发送成功
[01:53:37 INF] 【直播间】23357926 的第 66 个心跳包发送成功
[01:53:38 INF] 【直播间】407149 的第 66 个心跳包发送成功
[01:53:40 INF] 【直播间】23040372 的第 66 个心跳包发送成功
[01:54:43 INF] 【直播间】23357926 的第 67 个心跳包发送成功
[01:54:45 INF] 【直播间】407149 的第 67 个心跳包发送成功
[01:54:46 INF] 【直播间】23040372 的第 67 个心跳包发送成功
[01:55:50 INF] 【直播间】23357926 的第 68 个心跳包发送成功
[01:55:51 INF] 【直播间】407149 的第 68 个心跳包发送成功
[01:55:52 INF] 【直播间】23040372 的第 68 个心跳包发送成功
[01:56:56 INF] 【直播间】23357926 的第 69 个心跳包发送成功
[01:56:57 INF] 【直播间】407149 的第 69 个心跳包发送成功
[01:56:59 INF] 【直播间】23040372 的第 69 个心跳包发送成功
[01:58:03 INF] 【直播间】23357926 的第 70 个心跳包发送成功
[01:58:04 INF] 【直播间】407149 的第 70 个心跳包发送成功
[01:58:05 INF] 【直播间】23040372 的第 70 个心跳包发送成功
[01:58:05 INF] 【直播观看时长】完成情况：3/3 
[01:58:05 INF] ---------结束---------

[01:58:05 INF] ==========结束==========

[01:58:05 INF] ######### 账号 2 #########

[01:58:05 INF] =====开始 直播间互动 =====

[01:58:05 INF] ---开始 发送弹幕 ---
[01:58:05 INF] 检测到直播 Cookie 未正确配置，尝试自动配置中...
[01:58:11 INF] 直播 Cookie 配置成功！
[01:58:11 INF] 【获取直播列表】获取拥有粉丝牌的直播列表
[01:58:17 INF] 【主播】Mark陌枫 
[01:58:30 INF] 【主播】苏打baka 
[01:58:39 INF] 【主播】贪玩的小毅 
[01:58:48 INF] 【主播】陈抱一 
[01:58:57 INF] 【主播】特别中二的q3君 
[01:59:09 INF] 【主播】KL_qiqi_ 
[01:59:17 INF] 【直播间】Mark陌枫
[01:59:17 INF] 【粉丝牌】馬楓
[01:59:17 INF] 正在发送弹幕...
[01:59:20 INF] 【直播间】苏打baka
[01:59:20 INF] 【粉丝牌】碳酸钠
[01:59:20 INF] 正在发送弹幕...
[01:59:24 INF] 【直播间】贪玩的小毅
[01:59:24 INF] 【粉丝牌】大大毅
[01:59:24 INF] 正在发送弹幕...
[01:59:27 INF] 【弹幕发送】成功~，你和主播 Mark陌枫 的亲密值增加了100！
[01:59:29 INF] 【弹幕发送】成功~，你和主播 苏打baka 的亲密值增加了100！
[01:59:30 INF] 【直播间】陈抱一
[01:59:30 INF] 【粉丝牌】陈抱一
[01:59:30 INF] 正在发送弹幕...
[01:59:37 INF] 【弹幕发送】成功~，你和主播 贪玩的小毅 的亲密值增加了100！
[01:59:37 INF] 【直播间】特别中二的q3君
[01:59:37 INF] 【粉丝牌】q3GG
[01:59:37 INF] 正在发送弹幕...
[01:59:40 INF] 【直播间】KL_qiqi_
[01:59:40 INF] 【粉丝牌】qiqisb
[01:59:40 INF] 正在发送弹幕...
[01:59:42 INF] 【弹幕发送】成功~，你和主播 陈抱一 的亲密值增加了100！
[01:59:45 INF] -------结束-------

[01:59:45 INF] ---开始 点赞直播间 ---
[01:59:45 INF] 【获取直播列表】获取拥有粉丝牌的直播列表
[01:59:46 INF] 【弹幕发送】成功~，你和主播 特别中二的q3君 的亲密值增加了100！
[01:59:50 INF] 【弹幕发送】成功~，你和主播 KL_qiqi_ 的亲密值增加了100！
[01:59:51 INF] 【主播】Mark陌枫 
[01:59:58 INF] 【主播】苏打baka 
[02:00:11 INF] 【主播】贪玩的小毅 
[02:00:20 INF] 【主播】陈抱一 
[02:00:28 INF] 【主播】特别中二的q3君 
[02:00:42 INF] 【主播】KL_qiqi_ 
[02:00:53 INF] 【点赞直播间】23357926 完成
[02:00:56 INF] 【点赞直播间】23040372 完成
[02:01:01 INF] 【点赞直播间】9619073 完成
[02:01:08 INF] 【点赞直播间】4015781 完成
[02:01:15 INF] 【点赞直播间】31494 完成
[02:01:20 INF] --------结束--------

[02:01:20 INF] ---开始 直播时长挂机 ---
[02:01:20 INF] 【获取直播列表】获取拥有粉丝牌的直播列表
[02:01:20 INF] 【点赞直播间】407149 完成
[02:01:27 INF] 【主播】Mark陌枫 
[02:01:36 INF] 【主播】苏打baka 
[02:01:46 INF] 【主播】贪玩的小毅 
[02:01:55 INF] 【主播】陈抱一 
[02:02:08 INF] 【主播】特别中二的q3君 
[02:02:15 INF] 【主播】KL_qiqi_ 
[02:02:26 INF] 【直播间】23357926 的第 1 个心跳包发送成功
[02:02:27 INF] 【直播间】23040372 的第 1 个心跳包发送成功
[02:02:29 INF] 【直播间】9619073 的第 1 个心跳包发送成功
[02:02:30 INF] 【直播间】4015781 的第 1 个心跳包发送成功
[02:02:31 INF] 【直播间】31494 的第 1 个心跳包发送成功
[02:02:32 INF] 【直播间】407149 的第 1 个心跳包发送成功
[02:03:33 INF] 【直播间】23357926 的第 2 个心跳包发送成功
[02:03:34 INF] 【直播间】23040372 的第 2 个心跳包发送成功
[02:03:35 INF] 【直播间】9619073 的第 2 个心跳包发送成功
[02:03:37 INF] 【直播间】4015781 的第 2 个心跳包发送成功
[02:03:38 INF] 【直播间】31494 的第 2 个心跳包发送成功
[02:03:39 INF] 【直播间】407149 的第 2 个心跳包发送成功
[02:04:39 INF] 【直播间】23357926 的第 3 个心跳包发送成功
[02:04:40 INF] 【直播间】23040372 的第 3 个心跳包发送成功
[02:04:42 INF] 【直播间】9619073 的第 3 个心跳包发送成功
[02:04:43 INF] 【直播间】4015781 的第 3 个心跳包发送成功
[02:04:44 INF] 【直播间】31494 的第 3 个心跳包发送成功
[02:04:46 INF] 【直播间】407149 的第 3 个心跳包发送成功
[02:05:45 INF] 【直播间】23357926 的第 4 个心跳包发送成功
[02:05:47 INF] 【直播间】23040372 的第 4 个心跳包发送成功
[02:05:48 INF] 【直播间】9619073 的第 4 个心跳包发送成功
[02:05:49 INF] 【直播间】4015781 的第 4 个心跳包发送成功
[02:05:50 INF] 【直播间】31494 的第 4 个心跳包发送成功
[02:05:52 INF] 【直播间】407149 的第 4 个心跳包发送成功
[02:06:52 INF] 【直播间】23357926 的第 5 个心跳包发送成功
[02:06:53 INF] 【直播间】23040372 的第 5 个心跳包发送成功
[02:06:54 INF] 【直播间】9619073 的第 5 个心跳包发送成功
[02:06:56 INF] 【直播间】4015781 的第 5 个心跳包发送成功
[02:06:57 INF] 【直播间】31494 的第 5 个心跳包发送成功
[02:06:58 INF] 【直播间】407149 的第 5 个心跳包发送成功
[02:07:58 INF] 【直播间】23357926 的第 6 个心跳包发送成功
[02:07:59 INF] 【直播间】23040372 的第 6 个心跳包发送成功
[02:08:01 INF] 【直播间】9619073 的第 6 个心跳包发送成功
[02:08:02 INF] 【直播间】4015781 的第 6 个心跳包发送成功
[02:08:03 INF] 【直播间】31494 的第 6 个心跳包发送成功
[02:08:04 INF] 【直播间】407149 的第 6 个心跳包发送成功
[02:09:05 INF] 【直播间】23357926 的第 7 个心跳包发送成功
[02:09:06 INF] 【直播间】23040372 的第 7 个心跳包发送成功
[02:09:07 INF] 【直播间】9619073 的第 7 个心跳包发送成功
[02:09:08 INF] 【直播间】4015781 的第 7 个心跳包发送成功
[02:09:10 INF] 【直播间】31494 的第 7 个心跳包发送成功
[02:09:11 INF] 【直播间】407149 的第 7 个心跳包发送成功
[02:10:11 INF] 【直播间】23357926 的第 8 个心跳包发送成功
[02:10:12 INF] 【直播间】23040372 的第 8 个心跳包发送成功
[02:10:13 INF] 【直播间】9619073 的第 8 个心跳包发送成功
[02:10:15 INF] 【直播间】4015781 的第 8 个心跳包发送成功
[02:10:16 INF] 【直播间】31494 的第 8 个心跳包发送成功
[02:10:17 INF] 【直播间】407149 的第 8 个心跳包发送成功
[02:11:17 INF] 【直播间】23357926 的第 9 个心跳包发送成功
[02:11:18 INF] 【直播间】23040372 的第 9 个心跳包发送成功
[02:11:19 INF] 【直播间】9619073 的第 9 个心跳包发送成功
[02:11:21 INF] 【直播间】4015781 的第 9 个心跳包发送成功
[02:11:22 INF] 【直播间】31494 的第 9 个心跳包发送成功
[02:11:23 INF] 【直播间】407149 的第 9 个心跳包发送成功
[02:12:23 INF] 【直播间】23357926 的第 10 个心跳包发送成功
[02:12:25 INF] 【直播间】23040372 的第 10 个心跳包发送成功
[02:12:26 INF] 【直播间】9619073 的第 10 个心跳包发送成功
[02:12:27 INF] 【直播间】4015781 的第 10 个心跳包发送成功
[02:12:28 INF] 【直播间】31494 的第 10 个心跳包发送成功
[02:12:29 INF] 【直播间】407149 的第 10 个心跳包发送成功
[02:13:30 INF] 【直播间】23357926 的第 11 个心跳包发送成功
[02:13:31 INF] 【直播间】23040372 的第 11 个心跳包发送成功
[02:13:32 INF] 【直播间】9619073 的第 11 个心跳包发送成功
[02:13:33 INF] 【直播间】4015781 的第 11 个心跳包发送成功
[02:13:34 INF] 【直播间】31494 的第 11 个心跳包发送成功
[02:13:36 INF] 【直播间】407149 的第 11 个心跳包发送成功
[02:14:36 INF] 【直播间】23357926 的第 12 个心跳包发送成功
[02:14:37 INF] 【直播间】23040372 的第 12 个心跳包发送成功
[02:14:38 INF] 【直播间】9619073 的第 12 个心跳包发送成功
[02:14:40 INF] 【直播间】4015781 的第 12 个心跳包发送成功
[02:14:41 INF] 【直播间】31494 的第 12 个心跳包发送成功
[02:14:42 INF] 【直播间】407149 的第 12 个心跳包发送成功
[02:15:42 INF] 【直播间】23357926 的第 13 个心跳包发送成功
[02:15:44 INF] 【直播间】23040372 的第 13 个心跳包发送成功
[02:15:45 INF] 【直播间】9619073 的第 13 个心跳包发送成功
[02:15:46 INF] 【直播间】4015781 的第 13 个心跳包发送成功
[02:15:47 INF] 【直播间】31494 的第 13 个心跳包发送成功
[02:15:48 INF] 【直播间】407149 的第 13 个心跳包发送成功
[02:16:49 INF] 【直播间】23357926 的第 14 个心跳包发送成功
[02:16:50 INF] 【直播间】23040372 的第 14 个心跳包发送成功
[02:16:51 INF] 【直播间】9619073 的第 14 个心跳包发送成功
[02:16:52 INF] 【直播间】4015781 的第 14 个心跳包发送成功
[02:16:54 INF] 【直播间】31494 的第 14 个心跳包发送成功
[02:16:55 INF] 【直播间】407149 的第 14 个心跳包发送成功
[02:17:55 INF] 【直播间】23357926 的第 15 个心跳包发送成功
[02:17:56 INF] 【直播间】23040372 的第 15 个心跳包发送成功
[02:17:57 INF] 【直播间】9619073 的第 15 个心跳包发送成功
[02:17:59 INF] 【直播间】4015781 的第 15 个心跳包发送成功
[02:18:00 INF] 【直播间】31494 的第 15 个心跳包发送成功
[02:18:01 INF] 【直播间】407149 的第 15 个心跳包发送成功
[02:19:01 ERR] 【心跳包】直播间 23357926 发送失败
[02:19:01 ERR] 【原因】time check failed
[02:19:02 ERR] 【心跳包】直播间 23040372 发送失败
[02:19:02 ERR] 【原因】time check failed
[02:19:04 ERR] 【心跳包】直播间 9619073 发送失败
[02:19:04 ERR] 【原因】time check failed
[02:19:05 ERR] 【心跳包】直播间 4015781 发送失败
[02:19:05 ERR] 【原因】time check failed
[02:19:06 ERR] 【心跳包】直播间 31494 发送失败
[02:19:06 ERR] 【原因】time check failed
[02:19:07 ERR] 【心跳包】直播间 407149 发送失败
[02:19:07 ERR] 【原因】time check failed
[02:20:08 INF] 【直播间】23357926 的第 16 个心跳包发送成功
[02:20:09 INF] 【直播间】23040372 的第 16 个心跳包发送成功
[02:20:10 INF] 【直播间】9619073 的第 16 个心跳包发送成功
[02:20:11 INF] 【直播间】4015781 的第 16 个心跳包发送成功
[02:20:13 INF] 【直播间】31494 的第 16 个心跳包发送成功
[02:20:14 INF] 【直播间】407149 的第 16 个心跳包发送成功
[02:21:14 INF] 【直播间】23357926 的第 17 个心跳包发送成功
[02:21:15 INF] 【直播间】23040372 的第 17 个心跳包发送成功
[02:21:17 INF] 【直播间】9619073 的第 17 个心跳包发送成功
[02:21:18 INF] 【直播间】4015781 的第 17 个心跳包发送成功
[02:21:19 INF] 【直播间】31494 的第 17 个心跳包发送成功
[02:21:20 INF] 【直播间】407149 的第 17 个心跳包发送成功
[02:22:20 INF] 【直播间】23357926 的第 18 个心跳包发送成功
[02:22:21 INF] 【直播间】23040372 的第 18 个心跳包发送成功
[02:22:23 INF] 【直播间】9619073 的第 18 个心跳包发送成功
[02:22:24 INF] 【直播间】4015781 的第 18 个心跳包发送成功
[02:22:25 INF] 【直播间】31494 的第 18 个心跳包发送成功
[02:22:26 INF] 【直播间】407149 的第 18 个心跳包发送成功
[02:23:27 INF] 【直播间】23357926 的第 19 个心跳包发送成功
[02:23:28 INF] 【直播间】23040372 的第 19 个心跳包发送成功
[02:23:29 INF] 【直播间】9619073 的第 19 个心跳包发送成功
[02:23:30 INF] 【直播间】4015781 的第 19 个心跳包发送成功
[02:23:32 INF] 【直播间】31494 的第 19 个心跳包发送成功
[02:23:33 INF] 【直播间】407149 的第 19 个心跳包发送成功
[02:24:33 INF] 【直播间】23357926 的第 20 个心跳包发送成功
[02:24:34 INF] 【直播间】23040372 的第 20 个心跳包发送成功
[02:24:35 INF] 【直播间】9619073 的第 20 个心跳包发送成功
[02:24:37 INF] 【直播间】4015781 的第 20 个心跳包发送成功
[02:24:38 INF] 【直播间】31494 的第 20 个心跳包发送成功
[02:24:39 INF] 【直播间】407149 的第 20 个心跳包发送成功
[02:25:39 INF] 【直播间】23357926 的第 21 个心跳包发送成功
[02:25:41 INF] 【直播间】23040372 的第 21 个心跳包发送成功
[02:25:42 INF] 【直播间】9619073 的第 21 个心跳包发送成功
[02:25:43 INF] 【直播间】4015781 的第 21 个心跳包发送成功
[02:25:44 INF] 【直播间】31494 的第 21 个心跳包发送成功
[02:25:45 INF] 【直播间】407149 的第 21 个心跳包发送成功
[02:26:46 INF] 【直播间】23357926 的第 22 个心跳包发送成功
[02:26:47 INF] 【直播间】23040372 的第 22 个心跳包发送成功
[02:26:48 INF] 【直播间】9619073 的第 22 个心跳包发送成功
[02:26:50 INF] 【直播间】4015781 的第 22 个心跳包发送成功
[02:26:51 INF] 【直播间】31494 的第 22 个心跳包发送成功
[02:26:52 INF] 【直播间】407149 的第 22 个心跳包发送成功
[02:27:52 INF] 【直播间】23357926 的第 23 个心跳包发送成功
[02:27:53 INF] 【直播间】23040372 的第 23 个心跳包发送成功
[02:27:55 INF] 【直播间】9619073 的第 23 个心跳包发送成功
[02:27:56 INF] 【直播间】4015781 的第 23 个心跳包发送成功
[02:27:57 INF] 【直播间】31494 的第 23 个心跳包发送成功
[02:27:58 INF] 【直播间】407149 的第 23 个心跳包发送成功
[02:28:58 INF] 【直播间】23357926 的第 24 个心跳包发送成功
[02:28:59 INF] 【直播间】23040372 的第 24 个心跳包发送成功
[02:29:01 INF] 【直播间】9619073 的第 24 个心跳包发送成功
[02:29:02 INF] 【直播间】4015781 的第 24 个心跳包发送成功
[02:29:03 INF] 【直播间】31494 的第 24 个心跳包发送成功
[02:29:04 INF] 【直播间】407149 的第 24 个心跳包发送成功
[02:30:04 INF] 【直播间】23357926 的第 25 个心跳包发送成功
[02:30:06 INF] 【直播间】23040372 的第 25 个心跳包发送成功
[02:30:07 INF] 【直播间】9619073 的第 25 个心跳包发送成功
[02:30:08 INF] 【直播间】4015781 的第 25 个心跳包发送成功
[02:30:09 INF] 【直播间】31494 的第 25 个心跳包发送成功
[02:30:11 INF] 【直播间】407149 的第 25 个心跳包发送成功
[02:31:11 INF] 【直播间】23357926 的第 26 个心跳包发送成功
[02:31:12 INF] 【直播间】23040372 的第 26 个心跳包发送成功
[02:31:13 INF] 【直播间】9619073 的第 26 个心跳包发送成功
[02:31:15 INF] 【直播间】4015781 的第 26 个心跳包发送成功
[02:31:16 INF] 【直播间】31494 的第 26 个心跳包发送成功
[02:31:17 INF] 【直播间】407149 的第 26 个心跳包发送成功
[02:32:18 INF] 【直播间】23357926 的第 27 个心跳包发送成功
[02:32:19 INF] 【直播间】23040372 的第 27 个心跳包发送成功
[02:32:20 INF] 【直播间】9619073 的第 27 个心跳包发送成功
[02:32:21 INF] 【直播间】4015781 的第 27 个心跳包发送成功
[02:32:22 INF] 【直播间】31494 的第 27 个心跳包发送成功
[02:32:24 INF] 【直播间】407149 的第 27 个心跳包发送成功
[02:33:24 INF] 【直播间】23357926 的第 28 个心跳包发送成功
[02:33:25 INF] 【直播间】23040372 的第 28 个心跳包发送成功
[02:33:26 INF] 【直播间】9619073 的第 28 个心跳包发送成功
[02:33:27 INF] 【直播间】4015781 的第 28 个心跳包发送成功
[02:33:29 INF] 【直播间】31494 的第 28 个心跳包发送成功
[02:33:30 INF] 【直播间】407149 的第 28 个心跳包发送成功
[02:34:30 INF] 【直播间】23357926 的第 29 个心跳包发送成功
[02:34:31 INF] 【直播间】23040372 的第 29 个心跳包发送成功
[02:34:33 INF] 【直播间】9619073 的第 29 个心跳包发送成功
[02:34:34 INF] 【直播间】4015781 的第 29 个心跳包发送成功
[02:34:35 INF] 【直播间】31494 的第 29 个心跳包发送成功
[02:34:36 INF] 【直播间】407149 的第 29 个心跳包发送成功
[02:35:36 ERR] 【心跳包】直播间 23357926 发送失败
[02:35:36 ERR] 【原因】time check failed
[02:35:37 ERR] 【心跳包】直播间 23040372 发送失败
[02:35:37 ERR] 【原因】time check failed
[02:35:39 ERR] 【心跳包】直播间 9619073 发送失败
[02:35:39 ERR] 【原因】time check failed
[02:35:40 ERR] 【心跳包】直播间 4015781 发送失败
[02:35:40 ERR] 【原因】time check failed
[02:35:41 ERR] 【心跳包】直播间 31494 发送失败
[02:35:41 ERR] 【原因】time check failed
[02:35:43 ERR] 【心跳包】直播间 407149 发送失败
[02:35:43 ERR] 【原因】time check failed
[02:36:43 INF] 【直播间】23357926 的第 30 个心跳包发送成功
[02:36:44 INF] 【直播间】23040372 的第 30 个心跳包发送成功
[02:36:45 INF] 【直播间】9619073 的第 30 个心跳包发送成功
[02:36:46 INF] 【直播间】4015781 的第 30 个心跳包发送成功
[02:36:48 INF] 【直播间】31494 的第 30 个心跳包发送成功
[02:36:49 INF] 【直播间】407149 的第 30 个心跳包发送成功
[02:37:49 INF] 【直播间】23357926 的第 31 个心跳包发送成功
[02:37:50 INF] 【直播间】23040372 的第 31 个心跳包发送成功
[02:37:51 INF] 【直播间】9619073 的第 31 个心跳包发送成功
[02:37:53 INF] 【直播间】4015781 的第 31 个心跳包发送成功
[02:37:54 INF] 【直播间】31494 的第 31 个心跳包发送成功
[02:37:55 INF] 【直播间】407149 的第 31 个心跳包发送成功
[02:38:55 INF] 【直播间】23357926 的第 32 个心跳包发送成功
[02:38:57 INF] 【直播间】23040372 的第 32 个心跳包发送成功
[02:38:58 INF] 【直播间】9619073 的第 32 个心跳包发送成功
[02:38:59 INF] 【直播间】4015781 的第 32 个心跳包发送成功
[02:39:00 INF] 【直播间】31494 的第 32 个心跳包发送成功
[02:39:01 INF] 【直播间】407149 的第 32 个心跳包发送成功
[02:40:02 INF] 【直播间】23357926 的第 33 个心跳包发送成功
[02:40:03 INF] 【直播间】23040372 的第 33 个心跳包发送成功
[02:40:04 INF] 【直播间】9619073 的第 33 个心跳包发送成功
[02:40:05 INF] 【直播间】4015781 的第 33 个心跳包发送成功
[02:40:06 INF] 【直播间】31494 的第 33 个心跳包发送成功
[02:40:08 INF] 【直播间】407149 的第 33 个心跳包发送成功
[02:41:08 INF] 【直播间】23357926 的第 34 个心跳包发送成功
[02:41:09 INF] 【直播间】23040372 的第 34 个心跳包发送成功
[02:41:10 INF] 【直播间】9619073 的第 34 个心跳包发送成功
[02:41:11 INF] 【直播间】4015781 的第 34 个心跳包发送成功
[02:41:13 INF] 【直播间】31494 的第 34 个心跳包发送成功
[02:41:14 INF] 【直播间】407149 的第 34 个心跳包发送成功
[02:42:14 INF] 【直播间】23357926 的第 35 个心跳包发送成功
[02:42:16 INF] 【直播间】23040372 的第 35 个心跳包发送成功
[02:42:17 INF] 【直播间】9619073 的第 35 个心跳包发送成功
[02:42:18 INF] 【直播间】4015781 的第 35 个心跳包发送成功
[02:42:19 INF] 【直播间】31494 的第 35 个心跳包发送成功
[02:42:20 INF] 【直播间】407149 的第 35 个心跳包发送成功
[02:43:21 INF] 【直播间】23357926 的第 36 个心跳包发送成功
[02:43:22 INF] 【直播间】23040372 的第 36 个心跳包发送成功
[02:43:23 INF] 【直播间】9619073 的第 36 个心跳包发送成功
[02:43:24 INF] 【直播间】4015781 的第 36 个心跳包发送成功
[02:43:26 INF] 【直播间】31494 的第 36 个心跳包发送成功
[02:43:27 INF] 【直播间】407149 的第 36 个心跳包发送成功
[02:44:27 INF] 【直播间】23357926 的第 37 个心跳包发送成功
[02:44:28 INF] 【直播间】23040372 的第 37 个心跳包发送成功
[02:44:29 INF] 【直播间】9619073 的第 37 个心跳包发送成功
[02:44:31 INF] 【直播间】4015781 的第 37 个心跳包发送成功
[02:44:32 INF] 【直播间】31494 的第 37 个心跳包发送成功
[02:44:33 INF] 【直播间】407149 的第 37 个心跳包发送成功
[02:45:33 INF] 【直播间】23357926 的第 38 个心跳包发送成功
[02:45:35 INF] 【直播间】23040372 的第 38 个心跳包发送成功
[02:45:36 INF] 【直播间】9619073 的第 38 个心跳包发送成功
[02:45:37 INF] 【直播间】4015781 的第 38 个心跳包发送成功
[02:45:38 INF] 【直播间】31494 的第 38 个心跳包发送成功
[02:45:39 INF] 【直播间】407149 的第 38 个心跳包发送成功
[02:46:39 INF] 【直播间】23357926 的第 39 个心跳包发送成功
[02:46:41 INF] 【直播间】23040372 的第 39 个心跳包发送成功
[02:46:42 INF] 【直播间】9619073 的第 39 个心跳包发送成功
[02:46:43 INF] 【直播间】4015781 的第 39 个心跳包发送成功
[02:46:44 INF] 【直播间】31494 的第 39 个心跳包发送成功
[02:46:46 INF] 【直播间】407149 的第 39 个心跳包发送成功
[02:47:46 INF] 【直播间】23357926 的第 40 个心跳包发送成功
[02:47:47 INF] 【直播间】23040372 的第 40 个心跳包发送成功
[02:47:48 INF] 【直播间】9619073 的第 40 个心跳包发送成功
[02:47:50 INF] 【直播间】4015781 的第 40 个心跳包发送成功
[02:47:51 INF] 【直播间】31494 的第 40 个心跳包发送成功
[02:47:52 INF] 【直播间】407149 的第 40 个心跳包发送成功
[02:48:52 INF] 【直播间】23357926 的第 41 个心跳包发送成功
[02:48:53 INF] 【直播间】23040372 的第 41 个心跳包发送成功
[02:48:55 INF] 【直播间】9619073 的第 41 个心跳包发送成功
[02:48:56 INF] 【直播间】4015781 的第 41 个心跳包发送成功
[02:48:57 INF] 【直播间】31494 的第 41 个心跳包发送成功
[02:48:58 INF] 【直播间】407149 的第 41 个心跳包发送成功
[02:49:58 INF] 【直播间】23357926 的第 42 个心跳包发送成功
[02:50:00 INF] 【直播间】23040372 的第 42 个心跳包发送成功
[02:50:01 INF] 【直播间】9619073 的第 42 个心跳包发送成功
[02:50:02 INF] 【直播间】4015781 的第 42 个心跳包发送成功
[02:50:03 INF] 【直播间】31494 的第 42 个心跳包发送成功
[02:50:04 INF] 【直播间】407149 的第 42 个心跳包发送成功
[02:51:05 INF] 【直播间】23357926 的第 43 个心跳包发送成功
[02:51:06 INF] 【直播间】23040372 的第 43 个心跳包发送成功
[02:51:07 INF] 【直播间】9619073 的第 43 个心跳包发送成功
[02:51:08 INF] 【直播间】4015781 的第 43 个心跳包发送成功
[02:51:09 INF] 【直播间】31494 的第 43 个心跳包发送成功
[02:51:11 INF] 【直播间】407149 的第 43 个心跳包发送成功
[02:52:11 ERR] 【心跳包】直播间 23357926 发送失败
[02:52:11 ERR] 【原因】time check failed
[02:52:12 ERR] 【心跳包】直播间 23040372 发送失败
[02:52:12 ERR] 【原因】time check failed
[02:52:13 ERR] 【心跳包】直播间 9619073 发送失败
[02:52:13 ERR] 【原因】time check failed
[02:52:14 ERR] 【心跳包】直播间 4015781 发送失败
[02:52:14 ERR] 【原因】time check failed
[02:52:16 ERR] 【心跳包】直播间 31494 发送失败
[02:52:16 ERR] 【原因】time check failed
[02:52:17 ERR] 【心跳包】直播间 407149 发送失败
[02:52:17 ERR] 【原因】time check failed
[02:53:17 INF] 【直播间】23357926 的第 44 个心跳包发送成功
[02:53:19 INF] 【直播间】23040372 的第 44 个心跳包发送成功
[02:53:20 INF] 【直播间】9619073 的第 44 个心跳包发送成功
[02:53:21 INF] 【直播间】4015781 的第 44 个心跳包发送成功
[02:53:23 INF] 【直播间】31494 的第 44 个心跳包发送成功
[02:53:24 INF] 【直播间】407149 的第 44 个心跳包发送成功
[02:54:24 INF] 【直播间】23357926 的第 45 个心跳包发送成功
[02:54:25 INF] 【直播间】23040372 的第 45 个心跳包发送成功
[02:54:26 INF] 【直播间】9619073 的第 45 个心跳包发送成功
[02:54:28 INF] 【直播间】4015781 的第 45 个心跳包发送成功
[02:54:29 INF] 【直播间】31494 的第 45 个心跳包发送成功
[02:54:30 INF] 【直播间】407149 的第 45 个心跳包发送成功
[02:55:30 INF] 【直播间】23357926 的第 46 个心跳包发送成功
[02:55:31 INF] 【直播间】23040372 的第 46 个心跳包发送成功
[02:55:33 INF] 【直播间】9619073 的第 46 个心跳包发送成功
[02:55:34 INF] 【直播间】4015781 的第 46 个心跳包发送成功
[02:55:35 INF] 【直播间】31494 的第 46 个心跳包发送成功
[02:55:36 INF] 【直播间】407149 的第 46 个心跳包发送成功
[02:56:37 INF] 【直播间】23357926 的第 47 个心跳包发送成功
[02:56:38 INF] 【直播间】23040372 的第 47 个心跳包发送成功
[02:56:39 INF] 【直播间】9619073 的第 47 个心跳包发送成功
[02:56:40 INF] 【直播间】4015781 的第 47 个心跳包发送成功
[02:56:42 INF] 【直播间】31494 的第 47 个心跳包发送成功
[02:56:43 INF] 【直播间】407149 的第 47 个心跳包发送成功
[02:57:43 INF] 【直播间】23357926 的第 48 个心跳包发送成功
[02:57:44 INF] 【直播间】23040372 的第 48 个心跳包发送成功
[02:57:45 INF] 【直播间】9619073 的第 48 个心跳包发送成功
[02:57:47 INF] 【直播间】4015781 的第 48 个心跳包发送成功
[02:57:48 INF] 【直播间】31494 的第 48 个心跳包发送成功
[02:57:49 INF] 【直播间】407149 的第 48 个心跳包发送成功
[02:58:49 INF] 【直播间】23357926 的第 49 个心跳包发送成功
[02:58:51 INF] 【直播间】23040372 的第 49 个心跳包发送成功
[02:58:52 INF] 【直播间】9619073 的第 49 个心跳包发送成功
[02:58:53 INF] 【直播间】4015781 的第 49 个心跳包发送成功
[02:58:54 INF] 【直播间】31494 的第 49 个心跳包发送成功
[02:58:56 INF] 【直播间】407149 的第 49 个心跳包发送成功
[02:59:56 INF] 【直播间】23357926 的第 50 个心跳包发送成功
[02:59:57 INF] 【直播间】23040372 的第 50 个心跳包发送成功
[02:59:58 INF] 【直播间】9619073 的第 50 个心跳包发送成功
[02:59:59 INF] 【直播间】4015781 的第 50 个心跳包发送成功
[03:00:01 INF] 【直播间】31494 的第 50 个心跳包发送成功
[03:00:02 INF] 【直播间】407149 的第 50 个心跳包发送成功
[03:01:02 INF] 【直播间】23357926 的第 51 个心跳包发送成功
[03:01:03 INF] 【直播间】23040372 的第 51 个心跳包发送成功
[03:01:04 INF] 【直播间】9619073 的第 51 个心跳包发送成功
[03:01:06 INF] 【直播间】4015781 的第 51 个心跳包发送成功
[03:01:07 INF] 【直播间】31494 的第 51 个心跳包发送成功
[03:01:08 INF] 【直播间】407149 的第 51 个心跳包发送成功
[03:02:08 INF] 【直播间】23357926 的第 52 个心跳包发送成功
[03:02:10 INF] 【直播间】23040372 的第 52 个心跳包发送成功
[03:02:11 INF] 【直播间】9619073 的第 52 个心跳包发送成功
[03:02:12 INF] 【直播间】4015781 的第 52 个心跳包发送成功
[03:02:13 INF] 【直播间】31494 的第 52 个心跳包发送成功
[03:02:14 INF] 【直播间】407149 的第 52 个心跳包发送成功
[03:03:15 INF] 【直播间】23357926 的第 53 个心跳包发送成功
[03:03:16 INF] 【直播间】23040372 的第 53 个心跳包发送成功
[03:03:17 INF] 【直播间】9619073 的第 53 个心跳包发送成功
[03:03:18 INF] 【直播间】4015781 的第 53 个心跳包发送成功
[03:03:20 INF] 【直播间】31494 的第 53 个心跳包发送成功
[03:03:21 INF] 【直播间】407149 的第 53 个心跳包发送成功
[03:04:21 INF] 【直播间】23357926 的第 54 个心跳包发送成功
[03:04:22 INF] 【直播间】23040372 的第 54 个心跳包发送成功
[03:04:23 INF] 【直播间】9619073 的第 54 个心跳包发送成功
[03:04:25 INF] 【直播间】4015781 的第 54 个心跳包发送成功
[03:04:26 INF] 【直播间】31494 的第 54 个心跳包发送成功
[03:04:27 INF] 【直播间】407149 的第 54 个心跳包发送成功
[03:05:27 INF] 【直播间】23357926 的第 55 个心跳包发送成功
[03:05:29 INF] 【直播间】23040372 的第 55 个心跳包发送成功
[03:05:30 INF] 【直播间】9619073 的第 55 个心跳包发送成功
[03:05:31 INF] 【直播间】4015781 的第 55 个心跳包发送成功
[03:05:32 INF] 【直播间】31494 的第 55 个心跳包发送成功
[03:05:33 INF] 【直播间】407149 的第 55 个心跳包发送成功
[03:06:34 INF] 【直播间】23357926 的第 56 个心跳包发送成功
[03:06:35 INF] 【直播间】23040372 的第 56 个心跳包发送成功
[03:06:36 INF] 【直播间】9619073 的第 56 个心跳包发送成功
[03:06:37 INF] 【直播间】4015781 的第 56 个心跳包发送成功
[03:06:38 INF] 【直播间】31494 的第 56 个心跳包发送成功
[03:06:40 INF] 【直播间】407149 的第 56 个心跳包发送成功
[03:07:40 INF] 【直播间】23357926 的第 57 个心跳包发送成功
[03:07:41 INF] 【直播间】23040372 的第 57 个心跳包发送成功
[03:07:42 INF] 【直播间】9619073 的第 57 个心跳包发送成功
[03:07:43 INF] 【直播间】4015781 的第 57 个心跳包发送成功
[03:07:45 INF] 【直播间】31494 的第 57 个心跳包发送成功
[03:07:46 INF] 【直播间】407149 的第 57 个心跳包发送成功
[03:08:46 ERR] 【心跳包】直播间 23357926 发送失败
[03:08:46 ERR] 【原因】time check failed
[03:08:47 ERR] 【心跳包】直播间 23040372 发送失败
[03:08:47 ERR] 【原因】time check failed
[03:08:48 ERR] 【心跳包】直播间 9619073 发送失败
[03:08:48 ERR] 【原因】time check failed
[03:08:50 ERR] 【心跳包】直播间 4015781 发送失败
[03:08:50 ERR] 【原因】time check failed
[03:08:51 ERR] 【心跳包】直播间 31494 发送失败
[03:08:51 ERR] 【原因】time check failed
[03:08:52 ERR] 【心跳包】直播间 407149 发送失败
[03:08:52 ERR] 【原因】time check failed
[03:09:53 INF] 【直播间】23357926 的第 58 个心跳包发送成功
[03:09:54 INF] 【直播间】23040372 的第 58 个心跳包发送成功
[03:09:55 INF] 【直播间】9619073 的第 58 个心跳包发送成功
[03:09:56 INF] 【直播间】4015781 的第 58 个心跳包发送成功
[03:09:58 INF] 【直播间】31494 的第 58 个心跳包发送成功
[03:09:59 INF] 【直播间】407149 的第 58 个心跳包发送成功
[03:10:59 INF] 【直播间】23357926 的第 59 个心跳包发送成功
[03:11:00 INF] 【直播间】23040372 的第 59 个心跳包发送成功
[03:11:01 INF] 【直播间】9619073 的第 59 个心跳包发送成功
[03:11:03 INF] 【直播间】4015781 的第 59 个心跳包发送成功
[03:11:04 INF] 【直播间】31494 的第 59 个心跳包发送成功
[03:11:05 INF] 【直播间】407149 的第 59 个心跳包发送成功
[03:12:05 INF] 【直播间】23357926 的第 60 个心跳包发送成功
[03:12:06 INF] 【直播间】23040372 的第 60 个心跳包发送成功
[03:12:08 INF] 【直播间】9619073 的第 60 个心跳包发送成功
[03:12:09 INF] 【直播间】4015781 的第 60 个心跳包发送成功
[03:12:10 INF] 【直播间】31494 的第 60 个心跳包发送成功
[03:12:11 INF] 【直播间】407149 的第 60 个心跳包发送成功
[03:13:11 INF] 【直播间】23357926 的第 61 个心跳包发送成功
[03:13:13 INF] 【直播间】23040372 的第 61 个心跳包发送成功
[03:13:14 INF] 【直播间】9619073 的第 61 个心跳包发送成功
[03:13:15 INF] 【直播间】4015781 的第 61 个心跳包发送成功
[03:13:16 INF] 【直播间】31494 的第 61 个心跳包发送成功
[03:13:18 INF] 【直播间】407149 的第 61 个心跳包发送成功
[03:14:18 INF] 【直播间】23357926 的第 62 个心跳包发送成功
[03:14:19 INF] 【直播间】23040372 的第 62 个心跳包发送成功
[03:14:20 INF] 【直播间】9619073 的第 62 个心跳包发送成功
[03:14:21 INF] 【直播间】4015781 的第 62 个心跳包发送成功
[03:14:23 INF] 【直播间】31494 的第 62 个心跳包发送成功
[03:14:24 INF] 【直播间】407149 的第 62 个心跳包发送成功
[03:15:24 INF] 【直播间】23357926 的第 63 个心跳包发送成功
[03:15:25 INF] 【直播间】23040372 的第 63 个心跳包发送成功
[03:15:27 INF] 【直播间】9619073 的第 63 个心跳包发送成功
[03:15:28 INF] 【直播间】4015781 的第 63 个心跳包发送成功
[03:15:29 INF] 【直播间】31494 的第 63 个心跳包发送成功
[03:15:30 INF] 【直播间】407149 的第 63 个心跳包发送成功
[03:16:30 INF] 【直播间】23357926 的第 64 个心跳包发送成功
[03:16:32 INF] 【直播间】23040372 的第 64 个心跳包发送成功
[03:16:33 INF] 【直播间】9619073 的第 64 个心跳包发送成功
[03:16:34 INF] 【直播间】4015781 的第 64 个心跳包发送成功
[03:16:35 INF] 【直播间】31494 的第 64 个心跳包发送成功
[03:16:36 INF] 【直播间】407149 的第 64 个心跳包发送成功
[03:17:37 INF] 【直播间】23357926 的第 65 个心跳包发送成功
[03:17:38 INF] 【直播间】23040372 的第 65 个心跳包发送成功
[03:17:39 INF] 【直播间】9619073 的第 65 个心跳包发送成功
[03:17:40 INF] 【直播间】4015781 的第 65 个心跳包发送成功
[03:17:41 INF] 【直播间】31494 的第 65 个心跳包发送成功
[03:17:43 INF] 【直播间】407149 的第 65 个心跳包发送成功
[03:18:43 INF] 【直播间】23357926 的第 66 个心跳包发送成功
[03:18:44 INF] 【直播间】23040372 的第 66 个心跳包发送成功
[03:18:46 INF] 【直播间】9619073 的第 66 个心跳包发送成功
[03:18:47 INF] 【直播间】4015781 的第 66 个心跳包发送成功
[03:18:48 INF] 【直播间】31494 的第 66 个心跳包发送成功
[03:18:49 INF] 【直播间】407149 的第 66 个心跳包发送成功
[03:19:49 INF] 【直播间】23357926 的第 67 个心跳包发送成功
[03:19:51 INF] 【直播间】23040372 的第 67 个心跳包发送成功
[03:19:52 INF] 【直播间】9619073 的第 67 个心跳包发送成功
[03:19:53 INF] 【直播间】4015781 的第 67 个心跳包发送成功
[03:19:54 INF] 【直播间】31494 的第 67 个心跳包发送成功
[03:19:56 INF] 【直播间】407149 的第 67 个心跳包发送成功
[03:20:56 INF] 【直播间】23357926 的第 68 个心跳包发送成功
[03:20:57 INF] 【直播间】23040372 的第 68 个心跳包发送成功
[03:20:58 INF] 【直播间】9619073 的第 68 个心跳包发送成功
[03:21:00 INF] 【直播间】4015781 的第 68 个心跳包发送成功
[03:21:01 INF] 【直播间】31494 的第 68 个心跳包发送成功
[03:21:02 INF] 【直播间】407149 的第 68 个心跳包发送成功
[03:22:02 INF] 【直播间】23357926 的第 69 个心跳包发送成功
[03:22:03 INF] 【直播间】23040372 的第 69 个心跳包发送成功
[03:22:05 INF] 【直播间】9619073 的第 69 个心跳包发送成功
[03:22:06 INF] 【直播间】4015781 的第 69 个心跳包发送成功
[03:22:07 INF] 【直播间】31494 的第 69 个心跳包发送成功
[03:22:08 INF] 【直播间】407149 的第 69 个心跳包发送成功
[03:23:08 INF] 【直播间】23357926 的第 70 个心跳包发送成功
[03:23:10 INF] 【直播间】23040372 的第 70 个心跳包发送成功
[03:23:11 INF] 【直播间】9619073 的第 70 个心跳包发送成功
[03:23:12 INF] 【直播间】4015781 的第 70 个心跳包发送成功
[03:23:13 INF] 【直播间】31494 的第 70 个心跳包发送成功
[03:23:15 INF] 【直播间】407149 的第 70 个心跳包发送成功
[03:23:15 INF] 【直播观看时长】完成情况：6/6 
[03:23:15 INF] ---------结束---------

[03:23:15 INF] ==========结束==========

[03:23:15 INF] ######### 账号 3 #########

[03:23:15 INF] =====开始 直播间互动 =====

[03:23:15 INF] ---开始 发送弹幕 ---
[03:23:15 INF] 检测到直播 Cookie 未正确配置，尝试自动配置中...
[03:23:21 INF] 直播 Cookie 配置成功！
[03:23:21 INF] 【获取直播列表】获取拥有粉丝牌的直播列表
[03:23:24 INF] 【主播】苏打baka 
[03:23:34 INF] 【直播间】苏打baka
[03:23:34 INF] 【粉丝牌】碳酸钠
[03:23:34 INF] 正在发送弹幕...
[03:23:37 INF] -------结束-------

[03:23:37 INF] ---开始 点赞直播间 ---
[03:23:37 INF] 【获取直播列表】获取拥有粉丝牌的直播列表
[03:23:43 INF] 【主播】苏打baka 
[03:23:43 INF] 【弹幕发送】成功~，你和主播 苏打baka 的亲密值增加了100！
[03:23:58 INF] --------结束--------

[03:23:58 INF] ---开始 直播时长挂机 ---
[03:23:58 INF] 【获取直播列表】获取拥有粉丝牌的直播列表
[03:23:58 INF] 【点赞直播间】23040372 完成
[03:24:01 INF] 【主播】苏打baka 
[03:24:11 INF] 【直播间】23040372 的第 1 个心跳包发送成功
[03:25:17 INF] 【直播间】23040372 的第 2 个心跳包发送成功
[03:26:24 INF] 【直播间】23040372 的第 3 个心跳包发送成功
[03:27:30 INF] 【直播间】23040372 的第 4 个心跳包发送成功
[03:28:36 INF] 【直播间】23040372 的第 5 个心跳包发送成功
[03:29:43 INF] 【直播间】23040372 的第 6 个心跳包发送成功
[03:30:49 INF] 【直播间】23040372 的第 7 个心跳包发送成功
[03:31:56 INF] 【直播间】23040372 的第 8 个心跳包发送成功
[03:33:02 INF] 【直播间】23040372 的第 9 个心跳包发送成功
[03:34:08 INF] 【直播间】23040372 的第 10 个心跳包发送成功
[03:35:14 INF] 【直播间】23040372 的第 11 个心跳包发送成功
[03:36:21 INF] 【直播间】23040372 的第 12 个心跳包发送成功
[03:37:27 INF] 【直播间】23040372 的第 13 个心跳包发送成功
[03:38:33 INF] 【直播间】23040372 的第 14 个心跳包发送成功
[03:39:40 INF] 【直播间】23040372 的第 15 个心跳包发送成功
[03:40:46 ERR] 【心跳包】直播间 23040372 发送失败
[03:40:46 ERR] 【原因】time check failed
[03:41:52 INF] 【直播间】23040372 的第 16 个心跳包发送成功
[03:42:59 INF] 【直播间】23040372 的第 17 个心跳包发送成功
[03:44:05 INF] 【直播间】23040372 的第 18 个心跳包发送成功
[03:45:11 INF] 【直播间】23040372 的第 19 个心跳包发送成功
[03:46:17 INF] 【直播间】23040372 的第 20 个心跳包发送成功
[03:47:24 INF] 【直播间】23040372 的第 21 个心跳包发送成功
[03:48:30 INF] 【直播间】23040372 的第 22 个心跳包发送成功
[03:49:37 INF] 【直播间】23040372 的第 23 个心跳包发送成功
[03:50:43 INF] 【直播间】23040372 的第 24 个心跳包发送成功
[03:51:49 INF] 【直播间】23040372 的第 25 个心跳包发送成功
[03:52:56 INF] 【直播间】23040372 的第 26 个心跳包发送成功
[03:54:02 INF] 【直播间】23040372 的第 27 个心跳包发送成功
[03:55:09 INF] 【直播间】23040372 的第 28 个心跳包发送成功
[03:56:15 INF] 【直播间】23040372 的第 29 个心跳包发送成功
[03:57:21 ERR] 【心跳包】直播间 23040372 发送失败
[03:57:21 ERR] 【原因】time check failed
[03:58:28 INF] 【直播间】23040372 的第 30 个心跳包发送成功
[03:59:34 INF] 【直播间】23040372 的第 31 个心跳包发送成功
[04:00:41 INF] 【直播间】23040372 的第 32 个心跳包发送成功
[04:01:47 INF] 【直播间】23040372 的第 33 个心跳包发送成功
[04:02:53 INF] 【直播间】23040372 的第 34 个心跳包发送成功
[04:03:59 INF] 【直播间】23040372 的第 35 个心跳包发送成功
[04:05:06 INF] 【直播间】23040372 的第 36 个心跳包发送成功
[04:06:12 INF] 【直播间】23040372 的第 37 个心跳包发送成功
[04:07:18 INF] 【直播间】23040372 的第 38 个心跳包发送成功
[04:08:25 INF] 【直播间】23040372 的第 39 个心跳包发送成功
[04:09:31 INF] 【直播间】23040372 的第 40 个心跳包发送成功
[04:10:38 INF] 【直播间】23040372 的第 41 个心跳包发送成功
[04:11:44 INF] 【直播间】23040372 的第 42 个心跳包发送成功
[04:12:51 INF] 【直播间】23040372 的第 43 个心跳包发送成功
[04:13:57 ERR] 【心跳包】直播间 23040372 发送失败
[04:13:57 ERR] 【原因】time check failed
[04:15:03 INF] 【直播间】23040372 的第 44 个心跳包发送成功
[04:16:10 INF] 【直播间】23040372 的第 45 个心跳包发送成功
[04:17:16 INF] 【直播间】23040372 的第 46 个心跳包发送成功
[04:18:22 INF] 【直播间】23040372 的第 47 个心跳包发送成功
[04:19:28 INF] 【直播间】23040372 的第 48 个心跳包发送成功
[04:20:35 INF] 【直播间】23040372 的第 49 个心跳包发送成功
[04:21:41 INF] 【直播间】23040372 的第 50 个心跳包发送成功
[04:22:48 INF] 【直播间】23040372 的第 51 个心跳包发送成功
[04:23:54 INF] 【直播间】23040372 的第 52 个心跳包发送成功
[04:25:00 INF] 【直播间】23040372 的第 53 个心跳包发送成功
[04:26:06 INF] 【直播间】23040372 的第 54 个心跳包发送成功
[04:27:13 INF] 【直播间】23040372 的第 55 个心跳包发送成功
[04:28:19 INF] 【直播间】23040372 的第 56 个心跳包发送成功
[04:29:25 INF] 【直播间】23040372 的第 57 个心跳包发送成功
[04:30:32 ERR] 【心跳包】直播间 23040372 发送失败
[04:30:32 ERR] 【原因】time check failed
[04:31:38 INF] 【直播间】23040372 的第 58 个心跳包发送成功
[04:32:45 INF] 【直播间】23040372 的第 59 个心跳包发送成功
[04:33:51 INF] 【直播间】23040372 的第 60 个心跳包发送成功
[04:34:57 INF] 【直播间】23040372 的第 61 个心跳包发送成功
[04:36:03 INF] 【直播间】23040372 的第 62 个心跳包发送成功
[04:37:10 INF] 【直播间】23040372 的第 63 个心跳包发送成功
[04:38:16 INF] 【直播间】23040372 的第 64 个心跳包发送成功
[04:39:23 INF] 【直播间】23040372 的第 65 个心跳包发送成功
[04:40:29 INF] 【直播间】23040372 的第 66 个心跳包发送成功
[04:41:35 INF] 【直播间】23040372 的第 67 个心跳包发送成功
[04:42:41 INF] 【直播间】23040372 的第 68 个心跳包发送成功
[04:43:48 INF] 【直播间】23040372 的第 69 个心跳包发送成功
[04:44:54 INF] 【直播间】23040372 的第 70 个心跳包发送成功
[04:44:54 INF] 【直播观看时长】完成情况：1/1 
[04:44:54 INF] ---------结束---------

[04:44:54 INF] ==========结束==========

[04:44:54 INF] 

========================

 v1.0.3 开源 by https://github.com/RayWangQvQ/BiliBiliToolPro

[04:44:54 INF] ·开始推送·LiveFansMedal任务·
2023-05-12T20:44:54.7010412Z 开始推送到:自定义
2023-05-12T20:45:02.5984184Z Response status: OK.
2023-05-12T20:45:02.5984571Z Response content: {"message":"","success":true,"uuid":"dfb80fb78e4148c09e6432f45e1218bd"}.

[04:45:02 INF] 运行环境：Development
[04:45:02 INF] 应用目录：/home/runner/work/BiliBiliToolPro/BiliBiliToolPro/src/Ray.BiliBiliTool.Console/bin/Debug/net6.0/

[04:45:02 INF] 运行结束
