----------- ip 信息 ---------
{
  "ip": "104.28.200.105",
  "city": "San Antonio",
  "region": "Texas",
  "country": "US",
  "loc": "29.4241,-98.4936",
  "org": "AS13335 Cloudflare, Inc.",
  "postal": "78205",
  "timezone": "America/Chicago",
  "readme": "https://ipinfo.io/missingauth"
} ---------- end ------------
  ____               ____    _   _____           _  
 |  _ \ __ _ _   _  | __ ) _| |_|_   _|__   ___ | | 
 | |_) / _` | | | | |  _ \(_) (_) | |/ _ \ / _ \| | 
 |  _ < (_| | |_| | | |_) | | | | | | (_) | (_) | | 
 |_| \_\__,_|\__, | |____/|_|_|_| |_|\___/ \___/|_| 
             |___/                                  

[00:34:22 INF] BiliBiliToolPro 开始运行...

[00:34:22 INF] 【账号个数】3个

[00:34:22 INF] 随机休眠4分钟

[00:38:22 INF] 【目标任务】LiveFansMedal
[00:38:22 INF] ######### 账号 1 #########

[00:38:22 INF] =====开始 直播间互动 =====

[00:38:22 INF] ---开始 发送弹幕 ---
[00:38:22 INF] 检测到直播 Cookie 未正确配置，尝试自动配置中...
[00:38:29 INF] 直播 Cookie 配置成功！
[00:38:29 INF] 【获取直播列表】获取拥有粉丝牌的直播列表
[00:38:34 INF] 【主播】Mark陌枫 
[00:38:45 INF] 【主播】KL_qiqi_ 
[00:38:56 INF] 【主播】苏打baka 
[00:39:08 INF] 【直播间】Mark陌枫
[00:39:08 INF] 【粉丝牌】馬楓
[00:39:08 INF] 正在发送弹幕...
[00:39:12 INF] 【直播间】KL_qiqi_
[00:39:12 INF] 【粉丝牌】qiqisb
[00:39:12 INF] 正在发送弹幕...
[00:39:15 INF] 【直播间】苏打baka
[00:39:15 INF] 【粉丝牌】碳酸钠
[00:39:15 INF] 正在发送弹幕...
[00:39:16 INF] 【弹幕发送】成功~，你和主播 Mark陌枫 的亲密值增加了100！
[00:39:19 INF] -------结束-------

[00:39:19 INF] ---开始 点赞直播间 ---
[00:39:19 INF] 【获取直播列表】获取拥有粉丝牌的直播列表
[00:39:22 INF] 【弹幕发送】成功~，你和主播 KL_qiqi_ 的亲密值增加了100！
[00:39:23 INF] 【主播】Mark陌枫 
[00:39:27 INF] 【弹幕发送】成功~，你和主播 苏打baka 的亲密值增加了100！
[00:39:30 INF] 【主播】KL_qiqi_ 
[00:39:42 INF] 【主播】苏打baka 
[00:40:00 INF] 【点赞直播间】23357926 完成
[00:40:06 INF] 【点赞直播间】407149 完成
[00:40:08 INF] --------结束--------

[00:40:08 INF] ---开始 直播时长挂机 ---
[00:40:08 INF] 【获取直播列表】获取拥有粉丝牌的直播列表
[00:40:09 INF] 【点赞直播间】23040372 完成
[00:40:14 INF] 【主播】Mark陌枫 
[00:40:23 INF] 【主播】KL_qiqi_ 
[00:40:35 INF] 【主播】苏打baka 
[00:40:44 INF] 【直播间】23357926 的第 1 个心跳包发送成功
[00:40:45 INF] 【直播间】407149 的第 1 个心跳包发送成功
[00:40:47 INF] 【直播间】23040372 的第 1 个心跳包发送成功
[00:41:51 INF] 【直播间】23357926 的第 2 个心跳包发送成功
[00:41:52 INF] 【直播间】407149 的第 2 个心跳包发送成功
[00:41:53 INF] 【直播间】23040372 的第 2 个心跳包发送成功
[00:42:57 INF] 【直播间】23357926 的第 3 个心跳包发送成功
[00:42:58 INF] 【直播间】407149 的第 3 个心跳包发送成功
[00:43:00 INF] 【直播间】23040372 的第 3 个心跳包发送成功
[00:44:04 INF] 【直播间】23357926 的第 4 个心跳包发送成功
[00:44:05 INF] 【直播间】407149 的第 4 个心跳包发送成功
[00:44:06 INF] 【直播间】23040372 的第 4 个心跳包发送成功
[00:45:10 INF] 【直播间】23357926 的第 5 个心跳包发送成功
[00:45:12 INF] 【直播间】407149 的第 5 个心跳包发送成功
[00:45:13 INF] 【直播间】23040372 的第 5 个心跳包发送成功
[00:46:17 INF] 【直播间】23357926 的第 6 个心跳包发送成功
[00:46:18 INF] 【直播间】407149 的第 6 个心跳包发送成功
[00:46:19 INF] 【直播间】23040372 的第 6 个心跳包发送成功
[00:47:23 INF] 【直播间】23357926 的第 7 个心跳包发送成功
[00:47:25 INF] 【直播间】407149 的第 7 个心跳包发送成功
[00:47:26 INF] 【直播间】23040372 的第 7 个心跳包发送成功
[00:48:30 INF] 【直播间】23357926 的第 8 个心跳包发送成功
[00:48:31 INF] 【直播间】407149 的第 8 个心跳包发送成功
[00:48:32 INF] 【直播间】23040372 的第 8 个心跳包发送成功
[00:49:36 INF] 【直播间】23357926 的第 9 个心跳包发送成功
[00:49:38 INF] 【直播间】407149 的第 9 个心跳包发送成功
[00:49:39 INF] 【直播间】23040372 的第 9 个心跳包发送成功
[00:50:43 INF] 【直播间】23357926 的第 10 个心跳包发送成功
[00:50:44 INF] 【直播间】407149 的第 10 个心跳包发送成功
[00:50:45 INF] 【直播间】23040372 的第 10 个心跳包发送成功
[00:51:49 INF] 【直播间】23357926 的第 11 个心跳包发送成功
[00:51:51 INF] 【直播间】407149 的第 11 个心跳包发送成功
[00:51:52 INF] 【直播间】23040372 的第 11 个心跳包发送成功
[00:52:56 INF] 【直播间】23357926 的第 12 个心跳包发送成功
[00:52:57 INF] 【直播间】407149 的第 12 个心跳包发送成功
[00:52:58 INF] 【直播间】23040372 的第 12 个心跳包发送成功
[00:54:02 INF] 【直播间】23357926 的第 13 个心跳包发送成功
[00:54:04 INF] 【直播间】407149 的第 13 个心跳包发送成功
[00:54:05 INF] 【直播间】23040372 的第 13 个心跳包发送成功
[00:55:09 INF] 【直播间】23357926 的第 14 个心跳包发送成功
[00:55:10 INF] 【直播间】407149 的第 14 个心跳包发送成功
[00:55:12 INF] 【直播间】23040372 的第 14 个心跳包发送成功
[00:56:15 ERR] 【心跳包】直播间 23357926 发送失败
[00:56:15 ERR] 【原因】time check failed
[00:56:17 ERR] 【心跳包】直播间 407149 发送失败
[00:56:17 ERR] 【原因】time check failed
[00:56:18 ERR] 【心跳包】直播间 23040372 发送失败
[00:56:18 ERR] 【原因】time check failed
[00:57:22 INF] 【直播间】23357926 的第 15 个心跳包发送成功
[00:57:24 INF] 【直播间】407149 的第 15 个心跳包发送成功
[00:57:25 INF] 【直播间】23040372 的第 15 个心跳包发送成功
[00:58:29 INF] 【直播间】23357926 的第 16 个心跳包发送成功
[00:58:30 INF] 【直播间】407149 的第 16 个心跳包发送成功
[00:58:31 INF] 【直播间】23040372 的第 16 个心跳包发送成功
[00:59:35 INF] 【直播间】23357926 的第 17 个心跳包发送成功
[00:59:36 INF] 【直播间】407149 的第 17 个心跳包发送成功
[00:59:38 INF] 【直播间】23040372 的第 17 个心跳包发送成功
[01:00:42 INF] 【直播间】23357926 的第 18 个心跳包发送成功
[01:00:43 INF] 【直播间】407149 的第 18 个心跳包发送成功
[01:00:44 INF] 【直播间】23040372 的第 18 个心跳包发送成功
[01:01:48 INF] 【直播间】23357926 的第 19 个心跳包发送成功
[01:01:49 INF] 【直播间】407149 的第 19 个心跳包发送成功
[01:01:51 INF] 【直播间】23040372 的第 19 个心跳包发送成功
[01:02:55 INF] 【直播间】23357926 的第 20 个心跳包发送成功
[01:02:56 INF] 【直播间】407149 的第 20 个心跳包发送成功
[01:02:57 INF] 【直播间】23040372 的第 20 个心跳包发送成功
[01:04:01 INF] 【直播间】23357926 的第 21 个心跳包发送成功
[01:04:02 INF] 【直播间】407149 的第 21 个心跳包发送成功
[01:04:04 INF] 【直播间】23040372 的第 21 个心跳包发送成功
[01:05:08 INF] 【直播间】23357926 的第 22 个心跳包发送成功
[01:05:09 INF] 【直播间】407149 的第 22 个心跳包发送成功
[01:05:10 INF] 【直播间】23040372 的第 22 个心跳包发送成功
[01:06:14 INF] 【直播间】23357926 的第 23 个心跳包发送成功
[01:06:16 INF] 【直播间】407149 的第 23 个心跳包发送成功
[01:06:17 INF] 【直播间】23040372 的第 23 个心跳包发送成功
[01:07:21 INF] 【直播间】23357926 的第 24 个心跳包发送成功
[01:07:22 INF] 【直播间】407149 的第 24 个心跳包发送成功
[01:07:23 INF] 【直播间】23040372 的第 24 个心跳包发送成功
[01:08:28 INF] 【直播间】23357926 的第 25 个心跳包发送成功
[01:08:29 INF] 【直播间】407149 的第 25 个心跳包发送成功
[01:08:30 INF] 【直播间】23040372 的第 25 个心跳包发送成功
[01:09:34 INF] 【直播间】23357926 的第 26 个心跳包发送成功
[01:09:35 INF] 【直播间】407149 的第 26 个心跳包发送成功
[01:09:37 INF] 【直播间】23040372 的第 26 个心跳包发送成功
[01:10:40 INF] 【直播间】23357926 的第 27 个心跳包发送成功
[01:10:42 INF] 【直播间】407149 的第 27 个心跳包发送成功
[01:10:43 INF] 【直播间】23040372 的第 27 个心跳包发送成功
[01:11:47 ERR] 【心跳包】直播间 23357926 发送失败
[01:11:47 ERR] 【原因】time check failed
[01:11:48 ERR] 【心跳包】直播间 407149 发送失败
[01:11:48 ERR] 【原因】time check failed
[01:11:50 ERR] 【心跳包】直播间 23040372 发送失败
[01:11:50 ERR] 【原因】time check failed
[01:12:54 INF] 【直播间】23357926 的第 28 个心跳包发送成功
[01:12:55 INF] 【直播间】407149 的第 28 个心跳包发送成功
[01:12:56 INF] 【直播间】23040372 的第 28 个心跳包发送成功
[01:14:00 INF] 【直播间】23357926 的第 29 个心跳包发送成功
[01:14:02 INF] 【直播间】407149 的第 29 个心跳包发送成功
[01:14:03 INF] 【直播间】23040372 的第 29 个心跳包发送成功
[01:15:07 INF] 【直播间】23357926 的第 30 个心跳包发送成功
[01:15:08 INF] 【直播间】407149 的第 30 个心跳包发送成功
[01:15:09 INF] 【直播间】23040372 的第 30 个心跳包发送成功
[01:16:13 INF] 【直播间】23357926 的第 31 个心跳包发送成功
[01:16:15 INF] 【直播间】407149 的第 31 个心跳包发送成功
[01:16:16 INF] 【直播间】23040372 的第 31 个心跳包发送成功
[01:17:20 INF] 【直播间】23357926 的第 32 个心跳包发送成功
[01:17:21 INF] 【直播间】407149 的第 32 个心跳包发送成功
[01:17:23 INF] 【直播间】23040372 的第 32 个心跳包发送成功
[01:18:27 INF] 【直播间】23357926 的第 33 个心跳包发送成功
[01:18:28 INF] 【直播间】407149 的第 33 个心跳包发送成功
[01:18:29 INF] 【直播间】23040372 的第 33 个心跳包发送成功
[01:19:33 INF] 【直播间】23357926 的第 34 个心跳包发送成功
[01:19:35 INF] 【直播间】407149 的第 34 个心跳包发送成功
[01:19:36 INF] 【直播间】23040372 的第 34 个心跳包发送成功
[01:20:40 INF] 【直播间】23357926 的第 35 个心跳包发送成功
[01:20:41 INF] 【直播间】407149 的第 35 个心跳包发送成功
[01:20:42 INF] 【直播间】23040372 的第 35 个心跳包发送成功
[01:21:46 INF] 【直播间】23357926 的第 36 个心跳包发送成功
[01:21:48 INF] 【直播间】407149 的第 36 个心跳包发送成功
[01:21:49 INF] 【直播间】23040372 的第 36 个心跳包发送成功
[01:22:53 INF] 【直播间】23357926 的第 37 个心跳包发送成功
[01:22:54 INF] 【直播间】407149 的第 37 个心跳包发送成功
[01:22:56 INF] 【直播间】23040372 的第 37 个心跳包发送成功
[01:24:00 INF] 【直播间】23357926 的第 38 个心跳包发送成功
[01:24:01 INF] 【直播间】407149 的第 38 个心跳包发送成功
[01:24:02 INF] 【直播间】23040372 的第 38 个心跳包发送成功
[01:25:06 INF] 【直播间】23357926 的第 39 个心跳包发送成功
[01:25:08 INF] 【直播间】407149 的第 39 个心跳包发送成功
[01:25:09 INF] 【直播间】23040372 的第 39 个心跳包发送成功
[01:26:13 INF] 【直播间】23357926 的第 40 个心跳包发送成功
[01:26:14 INF] 【直播间】407149 的第 40 个心跳包发送成功
[01:26:15 INF] 【直播间】23040372 的第 40 个心跳包发送成功
[01:27:19 ERR] 【心跳包】直播间 23357926 发送失败
[01:27:19 ERR] 【原因】time check failed
[01:27:21 ERR] 【心跳包】直播间 407149 发送失败
[01:27:21 ERR] 【原因】time check failed
[01:27:22 ERR] 【心跳包】直播间 23040372 发送失败
[01:27:22 ERR] 【原因】time check failed
[01:28:26 INF] 【直播间】23357926 的第 41 个心跳包发送成功
[01:28:27 INF] 【直播间】407149 的第 41 个心跳包发送成功
[01:28:28 INF] 【直播间】23040372 的第 41 个心跳包发送成功
[01:29:32 INF] 【直播间】23357926 的第 42 个心跳包发送成功
[01:29:34 INF] 【直播间】407149 的第 42 个心跳包发送成功
[01:29:35 INF] 【直播间】23040372 的第 42 个心跳包发送成功
[01:30:39 INF] 【直播间】23357926 的第 43 个心跳包发送成功
[01:30:40 INF] 【直播间】407149 的第 43 个心跳包发送成功
[01:30:41 INF] 【直播间】23040372 的第 43 个心跳包发送成功
[01:31:45 INF] 【直播间】23357926 的第 44 个心跳包发送成功
[01:31:47 INF] 【直播间】407149 的第 44 个心跳包发送成功
[01:31:48 INF] 【直播间】23040372 的第 44 个心跳包发送成功
[01:32:52 INF] 【直播间】23357926 的第 45 个心跳包发送成功
[01:32:53 INF] 【直播间】407149 的第 45 个心跳包发送成功
[01:32:54 INF] 【直播间】23040372 的第 45 个心跳包发送成功
[01:33:59 INF] 【直播间】23357926 的第 46 个心跳包发送成功
[01:34:00 INF] 【直播间】407149 的第 46 个心跳包发送成功
[01:34:01 INF] 【直播间】23040372 的第 46 个心跳包发送成功
[01:35:05 INF] 【直播间】23357926 的第 47 个心跳包发送成功
[01:35:06 INF] 【直播间】407149 的第 47 个心跳包发送成功
[01:35:08 INF] 【直播间】23040372 的第 47 个心跳包发送成功
[01:36:12 INF] 【直播间】23357926 的第 48 个心跳包发送成功
[01:36:13 INF] 【直播间】407149 的第 48 个心跳包发送成功
[01:36:14 INF] 【直播间】23040372 的第 48 个心跳包发送成功
[01:37:18 INF] 【直播间】23357926 的第 49 个心跳包发送成功
[01:37:20 INF] 【直播间】407149 的第 49 个心跳包发送成功
[01:37:21 INF] 【直播间】23040372 的第 49 个心跳包发送成功
[01:38:25 INF] 【直播间】23357926 的第 50 个心跳包发送成功
[01:38:26 INF] 【直播间】407149 的第 50 个心跳包发送成功
[01:38:27 INF] 【直播间】23040372 的第 50 个心跳包发送成功
[01:39:32 INF] 【直播间】23357926 的第 51 个心跳包发送成功
[01:39:33 INF] 【直播间】407149 的第 51 个心跳包发送成功
[01:39:34 INF] 【直播间】23040372 的第 51 个心跳包发送成功
[01:40:38 INF] 【直播间】23357926 的第 52 个心跳包发送成功
[01:40:40 INF] 【直播间】407149 的第 52 个心跳包发送成功
[01:40:41 INF] 【直播间】23040372 的第 52 个心跳包发送成功
[01:41:45 INF] 【直播间】23357926 的第 53 个心跳包发送成功
[01:41:46 INF] 【直播间】407149 的第 53 个心跳包发送成功
[01:41:47 INF] 【直播间】23040372 的第 53 个心跳包发送成功
[01:42:51 ERR] 【心跳包】直播间 23357926 发送失败
[01:42:51 ERR] 【原因】time check failed
[01:42:53 ERR] 【心跳包】直播间 407149 发送失败
[01:42:53 ERR] 【原因】time check failed
[01:42:54 ERR] 【心跳包】直播间 23040372 发送失败
[01:42:54 ERR] 【原因】time check failed
[01:43:58 INF] 【直播间】23357926 的第 54 个心跳包发送成功
[01:43:59 INF] 【直播间】407149 的第 54 个心跳包发送成功
[01:44:00 INF] 【直播间】23040372 的第 54 个心跳包发送成功
[01:45:05 INF] 【直播间】23357926 的第 55 个心跳包发送成功
[01:45:06 INF] 【直播间】407149 的第 55 个心跳包发送成功
[01:45:07 INF] 【直播间】23040372 的第 55 个心跳包发送成功
[01:46:11 INF] 【直播间】23357926 的第 56 个心跳包发送成功
[01:46:12 INF] 【直播间】407149 的第 56 个心跳包发送成功
[01:46:14 INF] 【直播间】23040372 的第 56 个心跳包发送成功
[01:47:18 INF] 【直播间】23357926 的第 57 个心跳包发送成功
[01:47:19 INF] 【直播间】407149 的第 57 个心跳包发送成功
[01:47:20 INF] 【直播间】23040372 的第 57 个心跳包发送成功
[01:48:24 INF] 【直播间】23357926 的第 58 个心跳包发送成功
[01:48:25 INF] 【直播间】407149 的第 58 个心跳包发送成功
[01:48:27 INF] 【直播间】23040372 的第 58 个心跳包发送成功
[01:49:31 INF] 【直播间】23357926 的第 59 个心跳包发送成功
[01:49:32 INF] 【直播间】407149 的第 59 个心跳包发送成功
[01:49:33 INF] 【直播间】23040372 的第 59 个心跳包发送成功
[01:50:37 INF] 【直播间】23357926 的第 60 个心跳包发送成功
[01:50:39 INF] 【直播间】407149 的第 60 个心跳包发送成功
[01:50:40 INF] 【直播间】23040372 的第 60 个心跳包发送成功
[01:51:44 INF] 【直播间】23357926 的第 61 个心跳包发送成功
[01:51:45 INF] 【直播间】407149 的第 61 个心跳包发送成功
[01:51:46 INF] 【直播间】23040372 的第 61 个心跳包发送成功
[01:52:51 INF] 【直播间】23357926 的第 62 个心跳包发送成功
[01:52:52 INF] 【直播间】407149 的第 62 个心跳包发送成功
[01:52:53 INF] 【直播间】23040372 的第 62 个心跳包发送成功
[01:53:57 INF] 【直播间】23357926 的第 63 个心跳包发送成功
[01:53:58 INF] 【直播间】407149 的第 63 个心跳包发送成功
[01:54:00 INF] 【直播间】23040372 的第 63 个心跳包发送成功
[01:55:03 INF] 【直播间】23357926 的第 64 个心跳包发送成功
[01:55:05 INF] 【直播间】407149 的第 64 个心跳包发送成功
[01:55:06 INF] 【直播间】23040372 的第 64 个心跳包发送成功
[01:56:10 INF] 【直播间】23357926 的第 65 个心跳包发送成功
[01:56:11 INF] 【直播间】407149 的第 65 个心跳包发送成功
[01:56:12 INF] 【直播间】23040372 的第 65 个心跳包发送成功
[01:57:16 INF] 【直播间】23357926 的第 66 个心跳包发送成功
[01:57:18 INF] 【直播间】407149 的第 66 个心跳包发送成功
[01:57:19 INF] 【直播间】23040372 的第 66 个心跳包发送成功
[01:58:23 ERR] 【心跳包】直播间 23357926 发送失败
[01:58:23 ERR] 【原因】time check failed
[01:58:25 ERR] 【心跳包】直播间 407149 发送失败
[01:58:25 ERR] 【原因】time check failed
[01:58:26 ERR] 【心跳包】直播间 23040372 发送失败
[01:58:26 ERR] 【原因】time check failed
[01:59:30 INF] 【直播间】23357926 的第 67 个心跳包发送成功
[01:59:31 INF] 【直播间】407149 的第 67 个心跳包发送成功
[01:59:32 INF] 【直播间】23040372 的第 67 个心跳包发送成功
[02:00:36 INF] 【直播间】23357926 的第 68 个心跳包发送成功
[02:00:37 INF] 【直播间】407149 的第 68 个心跳包发送成功
[02:00:39 INF] 【直播间】23040372 的第 68 个心跳包发送成功
[02:01:43 INF] 【直播间】23357926 的第 69 个心跳包发送成功
[02:01:44 INF] 【直播间】407149 的第 69 个心跳包发送成功
[02:01:45 INF] 【直播间】23040372 的第 69 个心跳包发送成功
[02:02:50 INF] 【直播间】23357926 的第 70 个心跳包发送成功
[02:02:51 INF] 【直播间】407149 的第 70 个心跳包发送成功
[02:02:52 INF] 【直播间】23040372 的第 70 个心跳包发送成功
[02:02:52 INF] 【直播观看时长】完成情况：3/3 
[02:02:52 INF] ---------结束---------

[02:02:52 INF] ==========结束==========

[02:02:52 INF] ######### 账号 2 #########

[02:02:52 INF] =====开始 直播间互动 =====

[02:02:52 INF] ---开始 发送弹幕 ---
[02:02:52 INF] 检测到直播 Cookie 未正确配置，尝试自动配置中...
[02:02:59 INF] 直播 Cookie 配置成功！
[02:02:59 INF] 【获取直播列表】获取拥有粉丝牌的直播列表
[02:03:05 INF] 【主播】Mark陌枫 
[02:03:16 INF] 【主播】苏打baka 
[02:03:27 INF] 【直播间】Mark陌枫
[02:03:27 INF] 【粉丝牌】馬楓
[02:03:27 INF] 正在发送弹幕...
[02:03:34 INF] 【直播间】苏打baka
[02:03:34 INF] 【粉丝牌】碳酸钠
[02:03:34 INF] 正在发送弹幕...
[02:03:38 INF] -------结束-------

[02:03:38 INF] ---开始 点赞直播间 ---
[02:03:38 INF] 【获取直播列表】获取拥有粉丝牌的直播列表
[02:03:42 INF] 【弹幕发送】成功~，你和主播 Mark陌枫 的亲密值增加了100！
[02:03:43 INF] 【主播】Mark陌枫 
[02:03:43 ERR] 【弹幕发送】失败
[02:03:43 ERR] 【原因】您发送弹幕的频率过快
[02:03:56 INF] 【主播】苏打baka 
[02:04:13 INF] 【点赞直播间】23357926 完成
[02:04:16 INF] --------结束--------

[02:04:16 INF] ---开始 直播时长挂机 ---
[02:04:16 INF] 【获取直播列表】获取拥有粉丝牌的直播列表
[02:04:16 INF] 【点赞直播间】23040372 完成
[02:04:22 INF] 【主播】Mark陌枫 
[02:04:34 INF] 【主播】苏打baka 
[02:04:50 INF] 【直播间】23357926 的第 1 个心跳包发送成功
[02:04:52 INF] 【直播间】23040372 的第 1 个心跳包发送成功
[02:05:57 INF] 【直播间】23357926 的第 2 个心跳包发送成功
[02:05:58 INF] 【直播间】23040372 的第 2 个心跳包发送成功
[02:07:04 INF] 【直播间】23357926 的第 3 个心跳包发送成功
[02:07:05 INF] 【直播间】23040372 的第 3 个心跳包发送成功
[02:08:10 INF] 【直播间】23357926 的第 4 个心跳包发送成功
[02:08:12 INF] 【直播间】23040372 的第 4 个心跳包发送成功
[02:09:17 INF] 【直播间】23357926 的第 5 个心跳包发送成功
[02:09:18 INF] 【直播间】23040372 的第 5 个心跳包发送成功
[02:10:24 INF] 【直播间】23357926 的第 6 个心跳包发送成功
[02:10:25 INF] 【直播间】23040372 的第 6 个心跳包发送成功
[02:11:30 INF] 【直播间】23357926 的第 7 个心跳包发送成功
[02:11:31 INF] 【直播间】23040372 的第 7 个心跳包发送成功
[02:12:37 INF] 【直播间】23357926 的第 8 个心跳包发送成功
[02:12:38 INF] 【直播间】23040372 的第 8 个心跳包发送成功
[02:13:43 INF] 【直播间】23357926 的第 9 个心跳包发送成功
[02:13:44 INF] 【直播间】23040372 的第 9 个心跳包发送成功
[02:14:50 INF] 【直播间】23357926 的第 10 个心跳包发送成功
[02:14:51 INF] 【直播间】23040372 的第 10 个心跳包发送成功
[02:15:56 INF] 【直播间】23357926 的第 11 个心跳包发送成功
[02:15:58 INF] 【直播间】23040372 的第 11 个心跳包发送成功
[02:17:03 INF] 【直播间】23357926 的第 12 个心跳包发送成功
[02:17:04 INF] 【直播间】23040372 的第 12 个心跳包发送成功
[02:18:09 INF] 【直播间】23357926 的第 13 个心跳包发送成功
[02:18:11 INF] 【直播间】23040372 的第 13 个心跳包发送成功
[02:19:16 INF] 【直播间】23357926 的第 14 个心跳包发送成功
[02:19:17 INF] 【直播间】23040372 的第 14 个心跳包发送成功
[02:20:22 ERR] 【心跳包】直播间 23357926 发送失败
[02:20:22 ERR] 【原因】time check failed
[02:20:24 ERR] 【心跳包】直播间 23040372 发送失败
[02:20:24 ERR] 【原因】time check failed
[02:21:29 INF] 【直播间】23357926 的第 15 个心跳包发送成功
[02:21:30 INF] 【直播间】23040372 的第 15 个心跳包发送成功
[02:22:35 INF] 【直播间】23357926 的第 16 个心跳包发送成功
[02:22:36 INF] 【直播间】23040372 的第 16 个心跳包发送成功
[02:23:42 INF] 【直播间】23357926 的第 17 个心跳包发送成功
[02:23:43 INF] 【直播间】23040372 的第 17 个心跳包发送成功
[02:24:48 INF] 【直播间】23357926 的第 18 个心跳包发送成功
[02:24:50 INF] 【直播间】23040372 的第 18 个心跳包发送成功
[02:25:55 INF] 【直播间】23357926 的第 19 个心跳包发送成功
[02:25:56 INF] 【直播间】23040372 的第 19 个心跳包发送成功
[02:27:02 INF] 【直播间】23357926 的第 20 个心跳包发送成功
[02:27:03 INF] 【直播间】23040372 的第 20 个心跳包发送成功
[02:28:08 INF] 【直播间】23357926 的第 21 个心跳包发送成功
[02:28:09 INF] 【直播间】23040372 的第 21 个心跳包发送成功
[02:29:15 INF] 【直播间】23357926 的第 22 个心跳包发送成功
[02:29:16 INF] 【直播间】23040372 的第 22 个心跳包发送成功
[02:30:21 INF] 【直播间】23357926 的第 23 个心跳包发送成功
[02:30:23 INF] 【直播间】23040372 的第 23 个心跳包发送成功
[02:31:28 INF] 【直播间】23357926 的第 24 个心跳包发送成功
[02:31:29 INF] 【直播间】23040372 的第 24 个心跳包发送成功
[02:32:34 INF] 【直播间】23357926 的第 25 个心跳包发送成功
[02:32:36 INF] 【直播间】23040372 的第 25 个心跳包发送成功
[02:33:41 INF] 【直播间】23357926 的第 26 个心跳包发送成功
[02:33:42 INF] 【直播间】23040372 的第 26 个心跳包发送成功
[02:34:48 INF] 【直播间】23357926 的第 27 个心跳包发送成功
[02:34:49 INF] 【直播间】23040372 的第 27 个心跳包发送成功
[02:35:54 ERR] 【心跳包】直播间 23357926 发送失败
[02:35:54 ERR] 【原因】time check failed
[02:35:55 ERR] 【心跳包】直播间 23040372 发送失败
[02:35:55 ERR] 【原因】time check failed
[02:37:01 INF] 【直播间】23357926 的第 28 个心跳包发送成功
[02:37:02 INF] 【直播间】23040372 的第 28 个心跳包发送成功
[02:38:07 INF] 【直播间】23357926 的第 29 个心跳包发送成功
[02:38:08 INF] 【直播间】23040372 的第 29 个心跳包发送成功
[02:39:14 INF] 【直播间】23357926 的第 30 个心跳包发送成功
[02:39:15 INF] 【直播间】23040372 的第 30 个心跳包发送成功
[02:40:20 INF] 【直播间】23357926 的第 31 个心跳包发送成功
[02:40:21 INF] 【直播间】23040372 的第 31 个心跳包发送成功
[02:41:27 INF] 【直播间】23357926 的第 32 个心跳包发送成功
[02:41:28 INF] 【直播间】23040372 的第 32 个心跳包发送成功
[02:42:33 INF] 【直播间】23357926 的第 33 个心跳包发送成功
[02:42:35 INF] 【直播间】23040372 的第 33 个心跳包发送成功
[02:43:40 INF] 【直播间】23357926 的第 34 个心跳包发送成功
[02:43:41 INF] 【直播间】23040372 的第 34 个心跳包发送成功
[02:44:46 INF] 【直播间】23357926 的第 35 个心跳包发送成功
[02:44:48 INF] 【直播间】23040372 的第 35 个心跳包发送成功
[02:45:53 INF] 【直播间】23357926 的第 36 个心跳包发送成功
[02:45:55 INF] 【直播间】23040372 的第 36 个心跳包发送成功
[02:47:00 INF] 【直播间】23357926 的第 37 个心跳包发送成功
[02:47:01 INF] 【直播间】23040372 的第 37 个心跳包发送成功
[02:48:07 INF] 【直播间】23357926 的第 38 个心跳包发送成功
[02:48:08 INF] 【直播间】23040372 的第 38 个心跳包发送成功
[02:49:13 INF] 【直播间】23357926 的第 39 个心跳包发送成功
[02:49:14 INF] 【直播间】23040372 的第 39 个心跳包发送成功
[02:50:19 INF] 【直播间】23357926 的第 40 个心跳包发送成功
[02:50:21 INF] 【直播间】23040372 的第 40 个心跳包发送成功
[02:51:26 ERR] 【心跳包】直播间 23357926 发送失败
[02:51:26 ERR] 【原因】time check failed
[02:51:28 ERR] 【心跳包】直播间 23040372 发送失败
[02:51:28 ERR] 【原因】time check failed
[02:52:33 INF] 【直播间】23357926 的第 41 个心跳包发送成功
[02:52:34 INF] 【直播间】23040372 的第 41 个心跳包发送成功
[02:53:39 INF] 【直播间】23357926 的第 42 个心跳包发送成功
[02:53:41 INF] 【直播间】23040372 的第 42 个心跳包发送成功
[02:54:46 INF] 【直播间】23357926 的第 43 个心跳包发送成功
[02:54:47 INF] 【直播间】23040372 的第 43 个心跳包发送成功
[02:55:52 INF] 【直播间】23357926 的第 44 个心跳包发送成功
[02:55:53 INF] 【直播间】23040372 的第 44 个心跳包发送成功
[02:56:59 INF] 【直播间】23357926 的第 45 个心跳包发送成功
[02:57:00 INF] 【直播间】23040372 的第 45 个心跳包发送成功
[02:58:05 INF] 【直播间】23357926 的第 46 个心跳包发送成功
[02:58:07 INF] 【直播间】23040372 的第 46 个心跳包发送成功
[02:59:12 INF] 【直播间】23357926 的第 47 个心跳包发送成功
[02:59:13 INF] 【直播间】23040372 的第 47 个心跳包发送成功
[03:00:18 INF] 【直播间】23357926 的第 48 个心跳包发送成功
[03:00:20 INF] 【直播间】23040372 的第 48 个心跳包发送成功
[03:01:25 INF] 【直播间】23357926 的第 49 个心跳包发送成功
[03:01:26 INF] 【直播间】23040372 的第 49 个心跳包发送成功
[03:02:31 INF] 【直播间】23357926 的第 50 个心跳包发送成功
[03:02:33 INF] 【直播间】23040372 的第 50 个心跳包发送成功
[03:03:38 INF] 【直播间】23357926 的第 51 个心跳包发送成功
[03:03:39 INF] 【直播间】23040372 的第 51 个心跳包发送成功
[03:04:44 INF] 【直播间】23357926 的第 52 个心跳包发送成功
[03:04:46 INF] 【直播间】23040372 的第 52 个心跳包发送成功
[03:05:51 INF] 【直播间】23357926 的第 53 个心跳包发送成功
[03:05:52 INF] 【直播间】23040372 的第 53 个心跳包发送成功
[03:06:57 ERR] 【心跳包】直播间 23357926 发送失败
[03:06:57 ERR] 【原因】time check failed
[03:06:59 ERR] 【心跳包】直播间 23040372 发送失败
[03:06:59 ERR] 【原因】time check failed
[03:08:04 INF] 【直播间】23357926 的第 54 个心跳包发送成功
[03:08:05 INF] 【直播间】23040372 的第 54 个心跳包发送成功
[03:09:11 INF] 【直播间】23357926 的第 55 个心跳包发送成功
[03:09:12 INF] 【直播间】23040372 的第 55 个心跳包发送成功
[03:10:17 INF] 【直播间】23357926 的第 56 个心跳包发送成功
[03:10:18 INF] 【直播间】23040372 的第 56 个心跳包发送成功
[03:11:24 INF] 【直播间】23357926 的第 57 个心跳包发送成功
[03:11:25 INF] 【直播间】23040372 的第 57 个心跳包发送成功
[03:12:30 INF] 【直播间】23357926 的第 58 个心跳包发送成功
[03:12:31 INF] 【直播间】23040372 的第 58 个心跳包发送成功
[03:13:37 INF] 【直播间】23357926 的第 59 个心跳包发送成功
[03:13:38 INF] 【直播间】23040372 的第 59 个心跳包发送成功
[03:14:43 INF] 【直播间】23357926 的第 60 个心跳包发送成功
[03:14:44 INF] 【直播间】23040372 的第 60 个心跳包发送成功
[03:15:50 INF] 【直播间】23357926 的第 61 个心跳包发送成功
[03:15:51 INF] 【直播间】23040372 的第 61 个心跳包发送成功
[03:16:56 INF] 【直播间】23357926 的第 62 个心跳包发送成功
[03:16:57 INF] 【直播间】23040372 的第 62 个心跳包发送成功
[03:18:03 INF] 【直播间】23357926 的第 63 个心跳包发送成功
[03:18:04 INF] 【直播间】23040372 的第 63 个心跳包发送成功
[03:19:10 INF] 【直播间】23357926 的第 64 个心跳包发送成功
[03:19:11 INF] 【直播间】23040372 的第 64 个心跳包发送成功
[03:20:16 INF] 【直播间】23357926 的第 65 个心跳包发送成功
[03:20:17 INF] 【直播间】23040372 的第 65 个心跳包发送成功
[03:21:23 INF] 【直播间】23357926 的第 66 个心跳包发送成功
[03:21:24 INF] 【直播间】23040372 的第 66 个心跳包发送成功
[03:22:29 ERR] 【心跳包】直播间 23357926 发送失败
[03:22:29 ERR] 【原因】time check failed
[03:22:30 ERR] 【心跳包】直播间 23040372 发送失败
[03:22:30 ERR] 【原因】time check failed
[03:23:36 INF] 【直播间】23357926 的第 67 个心跳包发送成功
[03:23:37 INF] 【直播间】23040372 的第 67 个心跳包发送成功
[03:24:42 INF] 【直播间】23357926 的第 68 个心跳包发送成功
[03:24:43 INF] 【直播间】23040372 的第 68 个心跳包发送成功
[03:25:49 INF] 【直播间】23357926 的第 69 个心跳包发送成功
[03:25:50 INF] 【直播间】23040372 的第 69 个心跳包发送成功
[03:26:55 INF] 【直播间】23357926 的第 70 个心跳包发送成功
[03:26:56 INF] 【直播间】23040372 的第 70 个心跳包发送成功
[03:26:56 INF] 【直播观看时长】完成情况：2/2 
[03:26:56 INF] ---------结束---------

[03:26:56 INF] ==========结束==========

[03:26:56 INF] ######### 账号 3 #########

[03:26:56 INF] =====开始 直播间互动 =====

[03:26:56 INF] ---开始 发送弹幕 ---
[03:26:56 INF] 检测到直播 Cookie 未正确配置，尝试自动配置中...
[03:27:02 INF] 直播 Cookie 配置成功！
[03:27:02 INF] 【获取直播列表】获取拥有粉丝牌的直播列表
[03:27:07 INF] 【主播】苏打baka 
[03:27:19 INF] 【直播间】苏打baka
[03:27:19 INF] 【粉丝牌】碳酸钠
[03:27:19 INF] 正在发送弹幕...
[03:27:24 INF] -------结束-------

[03:27:24 INF] ---开始 点赞直播间 ---
[03:27:24 INF] 【获取直播列表】获取拥有粉丝牌的直播列表
[03:27:29 INF] 【主播】苏打baka 
[03:27:32 INF] 【弹幕发送】成功~，你和主播 苏打baka 的亲密值增加了100！
[03:27:41 INF] --------结束--------

[03:27:41 INF] ---开始 直播时长挂机 ---
[03:27:41 INF] 【获取直播列表】获取拥有粉丝牌的直播列表
[03:27:41 INF] 【点赞直播间】23040372 完成
[03:27:45 INF] 【主播】苏打baka 
[03:27:54 INF] 【直播间】23040372 的第 1 个心跳包发送成功
[03:29:01 INF] 【直播间】23040372 的第 2 个心跳包发送成功
[03:30:07 INF] 【直播间】23040372 的第 3 个心跳包发送成功
[03:31:14 INF] 【直播间】23040372 的第 4 个心跳包发送成功
[03:32:20 INF] 【直播间】23040372 的第 5 个心跳包发送成功
[03:33:27 INF] 【直播间】23040372 的第 6 个心跳包发送成功
[03:34:33 INF] 【直播间】23040372 的第 7 个心跳包发送成功
[03:35:40 INF] 【直播间】23040372 的第 8 个心跳包发送成功
[03:36:47 INF] 【直播间】23040372 的第 9 个心跳包发送成功
[03:37:53 INF] 【直播间】23040372 的第 10 个心跳包发送成功
[03:39:00 INF] 【直播间】23040372 的第 11 个心跳包发送成功
[03:40:06 INF] 【直播间】23040372 的第 12 个心跳包发送成功
[03:41:13 INF] 【直播间】23040372 的第 13 个心跳包发送成功
[03:42:19 INF] 【直播间】23040372 的第 14 个心跳包发送成功
[03:43:26 ERR] 【心跳包】直播间 23040372 发送失败
[03:43:26 ERR] 【原因】time check failed
[03:44:32 INF] 【直播间】23040372 的第 15 个心跳包发送成功
[03:45:39 INF] 【直播间】23040372 的第 16 个心跳包发送成功
[03:46:45 INF] 【直播间】23040372 的第 17 个心跳包发送成功
[03:47:52 INF] 【直播间】23040372 的第 18 个心跳包发送成功
[03:48:59 INF] 【直播间】23040372 的第 19 个心跳包发送成功
[03:50:05 INF] 【直播间】23040372 的第 20 个心跳包发送成功
[03:51:12 INF] 【直播间】23040372 的第 21 个心跳包发送成功
[03:52:18 INF] 【直播间】23040372 的第 22 个心跳包发送成功
[03:53:25 INF] 【直播间】23040372 的第 23 个心跳包发送成功
[03:54:31 INF] 【直播间】23040372 的第 24 个心跳包发送成功
[03:55:38 INF] 【直播间】23040372 的第 25 个心跳包发送成功
[03:56:44 INF] 【直播间】23040372 的第 26 个心跳包发送成功
[03:57:51 INF] 【直播间】23040372 的第 27 个心跳包发送成功
[03:58:57 ERR] 【心跳包】直播间 23040372 发送失败
[03:58:57 ERR] 【原因】time check failed
[04:00:04 INF] 【直播间】23040372 的第 28 个心跳包发送成功
[04:01:10 INF] 【直播间】23040372 的第 29 个心跳包发送成功
[04:02:17 INF] 【直播间】23040372 的第 30 个心跳包发送成功
[04:03:23 INF] 【直播间】23040372 的第 31 个心跳包发送成功
[04:04:30 INF] 【直播间】23040372 的第 32 个心跳包发送成功
[04:05:37 INF] 【直播间】23040372 的第 33 个心跳包发送成功
[04:06:43 INF] 【直播间】23040372 的第 34 个心跳包发送成功
[04:07:50 INF] 【直播间】23040372 的第 35 个心跳包发送成功
[04:08:57 INF] 【直播间】23040372 的第 36 个心跳包发送成功
[04:10:03 INF] 【直播间】23040372 的第 37 个心跳包发送成功
[04:11:10 INF] 【直播间】23040372 的第 38 个心跳包发送成功
[04:12:16 INF] 【直播间】23040372 的第 39 个心跳包发送成功
[04:13:23 INF] 【直播间】23040372 的第 40 个心跳包发送成功
[04:14:29 ERR] 【心跳包】直播间 23040372 发送失败
[04:14:29 ERR] 【原因】time check failed
[04:15:36 INF] 【直播间】23040372 的第 41 个心跳包发送成功
[04:16:43 INF] 【直播间】23040372 的第 42 个心跳包发送成功
[04:17:49 INF] 【直播间】23040372 的第 43 个心跳包发送成功
[04:18:55 INF] 【直播间】23040372 的第 44 个心跳包发送成功
[04:20:02 INF] 【直播间】23040372 的第 45 个心跳包发送成功
[04:21:08 INF] 【直播间】23040372 的第 46 个心跳包发送成功
[04:22:15 INF] 【直播间】23040372 的第 47 个心跳包发送成功
[04:23:21 INF] 【直播间】23040372 的第 48 个心跳包发送成功
[04:24:28 INF] 【直播间】23040372 的第 49 个心跳包发送成功
[04:25:35 INF] 【直播间】23040372 的第 50 个心跳包发送成功
[04:26:41 INF] 【直播间】23040372 的第 51 个心跳包发送成功
[04:27:48 INF] 【直播间】23040372 的第 52 个心跳包发送成功
[04:28:54 INF] 【直播间】23040372 的第 53 个心跳包发送成功
[04:30:01 ERR] 【心跳包】直播间 23040372 发送失败
[04:30:01 ERR] 【原因】time check failed
[04:31:08 INF] 【直播间】23040372 的第 54 个心跳包发送成功
[04:32:14 INF] 【直播间】23040372 的第 55 个心跳包发送成功
[04:33:21 INF] 【直播间】23040372 的第 56 个心跳包发送成功
[04:34:27 INF] 【直播间】23040372 的第 57 个心跳包发送成功
[04:35:34 INF] 【直播间】23040372 的第 58 个心跳包发送成功
[04:36:40 INF] 【直播间】23040372 的第 59 个心跳包发送成功
[04:37:47 INF] 【直播间】23040372 的第 60 个心跳包发送成功
[04:38:54 INF] 【直播间】23040372 的第 61 个心跳包发送成功
[04:40:00 INF] 【直播间】23040372 的第 62 个心跳包发送成功
[04:41:07 INF] 【直播间】23040372 的第 63 个心跳包发送成功
[04:42:13 INF] 【直播间】23040372 的第 64 个心跳包发送成功
[04:43:20 INF] 【直播间】23040372 的第 65 个心跳包发送成功
[04:44:26 INF] 【直播间】23040372 的第 66 个心跳包发送成功
[04:45:33 ERR] 【心跳包】直播间 23040372 发送失败
[04:45:33 ERR] 【原因】time check failed
[04:46:39 INF] 【直播间】23040372 的第 67 个心跳包发送成功
[04:47:46 INF] 【直播间】23040372 的第 68 个心跳包发送成功
[04:48:52 INF] 【直播间】23040372 的第 69 个心跳包发送成功
[04:49:59 INF] 【直播间】23040372 的第 70 个心跳包发送成功
[04:49:59 INF] 【直播观看时长】完成情况：1/1 
[04:49:59 INF] ---------结束---------

[04:49:59 INF] ==========结束==========

[04:49:59 INF] 

========================

 v1.0.3 开源 by https://github.com/RayWangQvQ/BiliBiliToolPro

[04:49:59 INF] ·开始推送·LiveFansMedal任务·
2023-05-10T20:49:59.4572874Z 开始推送到:自定义
2023-05-10T20:50:00.2724566Z Response status: OK.
2023-05-10T20:50:00.2730246Z Response content: {"message":"发送群组消息失败：Bad Request: message is too long","success":false}.

[04:50:00 INF] 运行环境：Development
[04:50:00 INF] 应用目录：/home/runner/work/BiliBiliToolPro/BiliBiliToolPro/src/Ray.BiliBiliTool.Console/bin/Debug/net6.0/

[04:50:00 INF] 运行结束
