----------- ip 信息 ---------
{
  "ip": "40.84.169.5",
  "city": "San Antonio",
  "region": "Texas",
  "country": "US",
  "loc": "29.4241,-98.4936",
  "org": "AS8075 Microsoft Corporation",
  "postal": "78205",
  "timezone": "America/Chicago",
  "readme": "https://ipinfo.io/missingauth"
} ---------- end ------------
  ____               ____    _   _____           _  
 |  _ \ __ _ _   _  | __ ) _| |_|_   _|__   ___ | | 
 | |_) / _` | | | | |  _ \(_) (_) | |/ _ \ / _ \| | 
 |  _ < (_| | |_| | | |_) | | | | | | (_) | (_) | | 
 |_| \_\__,_|\__, | |____/|_|_|_| |_|\___/ \___/|_| 
             |___/                                  

[00:30:20 INF] BiliBiliToolPro 开始运行...

[00:30:20 INF] 【账号个数】3个

[00:30:20 INF] 随机休眠1分钟

[00:31:20 INF] 【目标任务】LiveFansMedal
[00:31:20 INF] ######### 账号 1 #########

[00:31:20 INF] =====开始 直播间互动 =====

[00:31:20 INF] ---开始 发送弹幕 ---
[00:31:20 INF] 检测到直播 Cookie 未正确配置，尝试自动配置中...
[00:31:25 INF] 直播 Cookie 配置成功！
[00:31:25 INF] 【获取直播列表】获取拥有粉丝牌的直播列表
[00:31:32 INF] 【主播】Mark陌枫 
[00:31:47 INF] 【主播】KL_qiqi_ 
[00:32:06 INF] 【主播】苏打baka 
[00:32:22 INF] 【直播间】Mark陌枫
[00:32:22 INF] 【粉丝牌】馬楓
[00:32:22 INF] 正在发送弹幕...
[00:32:27 INF] 【直播间】KL_qiqi_
[00:32:27 INF] 【粉丝牌】qiqisb
[00:32:27 INF] 正在发送弹幕...
[00:32:31 INF] 【直播间】苏打baka
[00:32:31 INF] 【粉丝牌】碳酸钠
[00:32:31 INF] 正在发送弹幕...
[00:32:36 INF] -------结束-------

[00:32:36 INF] ---开始 点赞直播间 ---
[00:32:36 INF] 【获取直播列表】获取拥有粉丝牌的直播列表
[00:32:37 INF] 【弹幕发送】成功~，你和主播 Mark陌枫 的亲密值增加了100！
[00:32:41 INF] 【弹幕发送】成功~，你和主播 KL_qiqi_ 的亲密值增加了100！
[00:32:42 INF] 【主播】Mark陌枫 
[00:32:47 INF] 【弹幕发送】成功~，你和主播 苏打baka 的亲密值增加了100！
[00:32:57 INF] 【主播】KL_qiqi_ 
[00:33:15 INF] 【主播】苏打baka 
[00:33:37 INF] 【点赞直播间】23357926 完成
[00:33:44 INF] 【点赞直播间】407149 完成
[00:33:51 INF] --------结束--------

[00:33:51 INF] ---开始 直播时长挂机 ---
[00:33:51 INF] 【获取直播列表】获取拥有粉丝牌的直播列表
[00:33:51 INF] 【点赞直播间】23040372 完成
[00:33:57 INF] 【主播】Mark陌枫 
[00:34:14 INF] 【主播】KL_qiqi_ 
[00:34:26 INF] 【主播】苏打baka 
[00:34:45 INF] 【直播间】23357926 的第 1 个心跳包发送成功
[00:34:46 INF] 【直播间】407149 的第 1 个心跳包发送成功
[00:34:48 INF] 【直播间】23040372 的第 1 个心跳包发送成功
[00:35:51 INF] 【直播间】23357926 的第 2 个心跳包发送成功
[00:35:53 INF] 【直播间】407149 的第 2 个心跳包发送成功
[00:35:54 INF] 【直播间】23040372 的第 2 个心跳包发送成功
[00:36:58 INF] 【直播间】23357926 的第 3 个心跳包发送成功
[00:36:59 INF] 【直播间】407149 的第 3 个心跳包发送成功
[00:37:01 INF] 【直播间】23040372 的第 3 个心跳包发送成功
[00:38:04 INF] 【直播间】23357926 的第 4 个心跳包发送成功
[00:38:06 INF] 【直播间】407149 的第 4 个心跳包发送成功
[00:38:07 INF] 【直播间】23040372 的第 4 个心跳包发送成功
[00:39:11 INF] 【直播间】23357926 的第 5 个心跳包发送成功
[00:39:12 INF] 【直播间】407149 的第 5 个心跳包发送成功
[00:39:13 INF] 【直播间】23040372 的第 5 个心跳包发送成功
[00:40:17 INF] 【直播间】23357926 的第 6 个心跳包发送成功
[00:40:18 INF] 【直播间】407149 的第 6 个心跳包发送成功
[00:40:20 INF] 【直播间】23040372 的第 6 个心跳包发送成功
[00:41:24 INF] 【直播间】23357926 的第 7 个心跳包发送成功
[00:41:25 INF] 【直播间】407149 的第 7 个心跳包发送成功
[00:41:26 INF] 【直播间】23040372 的第 7 个心跳包发送成功
[00:42:30 INF] 【直播间】23357926 的第 8 个心跳包发送成功
[00:42:32 INF] 【直播间】407149 的第 8 个心跳包发送成功
[00:42:33 INF] 【直播间】23040372 的第 8 个心跳包发送成功
[00:43:37 INF] 【直播间】23357926 的第 9 个心跳包发送成功
[00:43:38 INF] 【直播间】407149 的第 9 个心跳包发送成功
[00:43:39 INF] 【直播间】23040372 的第 9 个心跳包发送成功
[00:44:43 INF] 【直播间】23357926 的第 10 个心跳包发送成功
[00:44:44 INF] 【直播间】407149 的第 10 个心跳包发送成功
[00:44:46 INF] 【直播间】23040372 的第 10 个心跳包发送成功
[00:45:50 INF] 【直播间】23357926 的第 11 个心跳包发送成功
[00:45:51 INF] 【直播间】407149 的第 11 个心跳包发送成功
[00:45:52 INF] 【直播间】23040372 的第 11 个心跳包发送成功
[00:46:56 INF] 【直播间】23357926 的第 12 个心跳包发送成功
[00:46:57 INF] 【直播间】407149 的第 12 个心跳包发送成功
[00:46:59 INF] 【直播间】23040372 的第 12 个心跳包发送成功
[00:48:03 INF] 【直播间】23357926 的第 13 个心跳包发送成功
[00:48:04 INF] 【直播间】407149 的第 13 个心跳包发送成功
[00:48:05 INF] 【直播间】23040372 的第 13 个心跳包发送成功
[00:49:09 INF] 【直播间】23357926 的第 14 个心跳包发送成功
[00:49:10 INF] 【直播间】407149 的第 14 个心跳包发送成功
[00:49:12 INF] 【直播间】23040372 的第 14 个心跳包发送成功
[00:50:16 INF] 【直播间】23357926 的第 15 个心跳包发送成功
[00:50:17 ERR] 【心跳包】直播间 407149 发送失败
[00:50:17 ERR] 【原因】time check failed
[00:50:18 ERR] 【心跳包】直播间 23040372 发送失败
[00:50:18 ERR] 【原因】time check failed
[00:51:22 ERR] 【心跳包】直播间 23357926 发送失败
[00:51:22 ERR] 【原因】time check failed
[00:51:23 INF] 【直播间】407149 的第 15 个心跳包发送成功
[00:51:24 INF] 【直播间】23040372 的第 15 个心跳包发送成功
[00:52:28 INF] 【直播间】23357926 的第 16 个心跳包发送成功
[00:52:30 INF] 【直播间】407149 的第 16 个心跳包发送成功
[00:52:31 INF] 【直播间】23040372 的第 16 个心跳包发送成功
[00:53:35 INF] 【直播间】23357926 的第 17 个心跳包发送成功
[00:53:36 INF] 【直播间】407149 的第 17 个心跳包发送成功
[00:53:37 INF] 【直播间】23040372 的第 17 个心跳包发送成功
[00:54:41 INF] 【直播间】23357926 的第 18 个心跳包发送成功
[00:54:43 INF] 【直播间】407149 的第 18 个心跳包发送成功
[00:54:44 INF] 【直播间】23040372 的第 18 个心跳包发送成功
[00:55:48 INF] 【直播间】23357926 的第 19 个心跳包发送成功
[00:55:49 INF] 【直播间】407149 的第 19 个心跳包发送成功
[00:55:50 INF] 【直播间】23040372 的第 19 个心跳包发送成功
[00:56:54 INF] 【直播间】23357926 的第 20 个心跳包发送成功
[00:56:55 INF] 【直播间】407149 的第 20 个心跳包发送成功
[00:56:57 INF] 【直播间】23040372 的第 20 个心跳包发送成功
[00:58:00 INF] 【直播间】23357926 的第 21 个心跳包发送成功
[00:58:02 INF] 【直播间】407149 的第 21 个心跳包发送成功
[00:58:03 INF] 【直播间】23040372 的第 21 个心跳包发送成功
[00:59:07 INF] 【直播间】23357926 的第 22 个心跳包发送成功
[00:59:08 INF] 【直播间】407149 的第 22 个心跳包发送成功
[00:59:10 INF] 【直播间】23040372 的第 22 个心跳包发送成功
[01:00:14 INF] 【直播间】23357926 的第 23 个心跳包发送成功
[01:00:15 INF] 【直播间】407149 的第 23 个心跳包发送成功
[01:00:16 INF] 【直播间】23040372 的第 23 个心跳包发送成功
[01:01:20 INF] 【直播间】23357926 的第 24 个心跳包发送成功
[01:01:21 INF] 【直播间】407149 的第 24 个心跳包发送成功
[01:01:22 INF] 【直播间】23040372 的第 24 个心跳包发送成功
[01:02:26 INF] 【直播间】23357926 的第 25 个心跳包发送成功
[01:02:28 INF] 【直播间】407149 的第 25 个心跳包发送成功
[01:02:29 INF] 【直播间】23040372 的第 25 个心跳包发送成功
[01:03:33 INF] 【直播间】23357926 的第 26 个心跳包发送成功
[01:03:34 INF] 【直播间】407149 的第 26 个心跳包发送成功
[01:03:35 INF] 【直播间】23040372 的第 26 个心跳包发送成功
[01:04:39 INF] 【直播间】23357926 的第 27 个心跳包发送成功
[01:04:41 INF] 【直播间】407149 的第 27 个心跳包发送成功
[01:04:42 INF] 【直播间】23040372 的第 27 个心跳包发送成功
[01:05:46 INF] 【直播间】23357926 的第 28 个心跳包发送成功
[01:05:47 INF] 【直播间】407149 的第 28 个心跳包发送成功
[01:05:48 INF] 【直播间】23040372 的第 28 个心跳包发送成功
[01:06:52 INF] 【直播间】23357926 的第 29 个心跳包发送成功
[01:06:53 ERR] 【心跳包】直播间 407149 发送失败
[01:06:53 ERR] 【原因】time check failed
[01:06:55 ERR] 【心跳包】直播间 23040372 发送失败
[01:06:55 ERR] 【原因】time check failed
[01:07:59 ERR] 【心跳包】直播间 23357926 发送失败
[01:07:59 ERR] 【原因】time check failed
[01:08:00 INF] 【直播间】407149 的第 29 个心跳包发送成功
[01:08:01 INF] 【直播间】23040372 的第 29 个心跳包发送成功
[01:09:05 INF] 【直播间】23357926 的第 30 个心跳包发送成功
[01:09:06 INF] 【直播间】407149 的第 30 个心跳包发送成功
[01:09:07 INF] 【直播间】23040372 的第 30 个心跳包发送成功
[01:10:12 INF] 【直播间】23357926 的第 31 个心跳包发送成功
[01:10:13 INF] 【直播间】407149 的第 31 个心跳包发送成功
[01:10:14 INF] 【直播间】23040372 的第 31 个心跳包发送成功
[01:11:18 INF] 【直播间】23357926 的第 32 个心跳包发送成功
[01:11:19 INF] 【直播间】407149 的第 32 个心跳包发送成功
[01:11:21 INF] 【直播间】23040372 的第 32 个心跳包发送成功
[01:12:24 INF] 【直播间】23357926 的第 33 个心跳包发送成功
[01:12:26 INF] 【直播间】407149 的第 33 个心跳包发送成功
[01:12:27 INF] 【直播间】23040372 的第 33 个心跳包发送成功
[01:13:31 INF] 【直播间】23357926 的第 34 个心跳包发送成功
[01:13:32 INF] 【直播间】407149 的第 34 个心跳包发送成功
[01:13:33 INF] 【直播间】23040372 的第 34 个心跳包发送成功
[01:14:37 INF] 【直播间】23357926 的第 35 个心跳包发送成功
[01:14:39 INF] 【直播间】407149 的第 35 个心跳包发送成功
[01:14:40 INF] 【直播间】23040372 的第 35 个心跳包发送成功
[01:15:44 INF] 【直播间】23357926 的第 36 个心跳包发送成功
[01:15:45 INF] 【直播间】407149 的第 36 个心跳包发送成功
[01:15:46 INF] 【直播间】23040372 的第 36 个心跳包发送成功
[01:16:50 INF] 【直播间】23357926 的第 37 个心跳包发送成功
[01:16:52 INF] 【直播间】407149 的第 37 个心跳包发送成功
[01:16:53 INF] 【直播间】23040372 的第 37 个心跳包发送成功
[01:17:57 INF] 【直播间】23357926 的第 38 个心跳包发送成功
[01:17:58 INF] 【直播间】407149 的第 38 个心跳包发送成功
[01:17:59 INF] 【直播间】23040372 的第 38 个心跳包发送成功
[01:19:03 INF] 【直播间】23357926 的第 39 个心跳包发送成功
[01:19:04 INF] 【直播间】407149 的第 39 个心跳包发送成功
[01:19:06 INF] 【直播间】23040372 的第 39 个心跳包发送成功
[01:20:10 INF] 【直播间】23357926 的第 40 个心跳包发送成功
[01:20:11 INF] 【直播间】407149 的第 40 个心跳包发送成功
[01:20:12 INF] 【直播间】23040372 的第 40 个心跳包发送成功
[01:21:16 INF] 【直播间】23357926 的第 41 个心跳包发送成功
[01:21:18 INF] 【直播间】407149 的第 41 个心跳包发送成功
[01:21:19 INF] 【直播间】23040372 的第 41 个心跳包发送成功
[01:22:23 INF] 【直播间】23357926 的第 42 个心跳包发送成功
[01:22:24 ERR] 【心跳包】直播间 407149 发送失败
[01:22:24 ERR] 【原因】time check failed
[01:22:25 INF] 【直播间】23040372 的第 42 个心跳包发送成功
[01:23:29 INF] 【直播间】23357926 的第 43 个心跳包发送成功
[01:23:31 INF] 【直播间】407149 的第 42 个心跳包发送成功
[01:23:32 ERR] 【心跳包】直播间 23040372 发送失败
[01:23:32 ERR] 【原因】time check failed
[01:24:36 ERR] 【心跳包】直播间 23357926 发送失败
[01:24:36 ERR] 【原因】time check failed
[01:24:37 INF] 【直播间】407149 的第 43 个心跳包发送成功
[01:24:38 INF] 【直播间】23040372 的第 43 个心跳包发送成功
[01:25:42 INF] 【直播间】23357926 的第 44 个心跳包发送成功
[01:25:43 INF] 【直播间】407149 的第 44 个心跳包发送成功
[01:25:45 INF] 【直播间】23040372 的第 44 个心跳包发送成功
[01:26:49 INF] 【直播间】23357926 的第 45 个心跳包发送成功
[01:26:50 INF] 【直播间】407149 的第 45 个心跳包发送成功
[01:26:51 INF] 【直播间】23040372 的第 45 个心跳包发送成功
[01:27:55 INF] 【直播间】23357926 的第 46 个心跳包发送成功
[01:27:56 INF] 【直播间】407149 的第 46 个心跳包发送成功
[01:27:58 INF] 【直播间】23040372 的第 46 个心跳包发送成功
[01:29:02 INF] 【直播间】23357926 的第 47 个心跳包发送成功
[01:29:03 INF] 【直播间】407149 的第 47 个心跳包发送成功
[01:29:04 INF] 【直播间】23040372 的第 47 个心跳包发送成功
[01:30:08 INF] 【直播间】23357926 的第 48 个心跳包发送成功
[01:30:09 INF] 【直播间】407149 的第 48 个心跳包发送成功
[01:30:10 INF] 【直播间】23040372 的第 48 个心跳包发送成功
[01:31:14 INF] 【直播间】23357926 的第 49 个心跳包发送成功
[01:31:16 INF] 【直播间】407149 的第 49 个心跳包发送成功
[01:31:17 INF] 【直播间】23040372 的第 49 个心跳包发送成功
[01:32:21 INF] 【直播间】23357926 的第 50 个心跳包发送成功
[01:32:22 INF] 【直播间】407149 的第 50 个心跳包发送成功
[01:32:23 INF] 【直播间】23040372 的第 50 个心跳包发送成功
[01:33:27 INF] 【直播间】23357926 的第 51 个心跳包发送成功
[01:33:29 INF] 【直播间】407149 的第 51 个心跳包发送成功
[01:33:30 INF] 【直播间】23040372 的第 51 个心跳包发送成功
[01:34:34 INF] 【直播间】23357926 的第 52 个心跳包发送成功
[01:34:35 INF] 【直播间】407149 的第 52 个心跳包发送成功
[01:34:36 INF] 【直播间】23040372 的第 52 个心跳包发送成功
[01:35:40 INF] 【直播间】23357926 的第 53 个心跳包发送成功
[01:35:41 INF] 【直播间】407149 的第 53 个心跳包发送成功
[01:35:43 INF] 【直播间】23040372 的第 53 个心跳包发送成功
[01:36:47 INF] 【直播间】23357926 的第 54 个心跳包发送成功
[01:36:48 INF] 【直播间】407149 的第 54 个心跳包发送成功
[01:36:49 INF] 【直播间】23040372 的第 54 个心跳包发送成功
[01:37:53 INF] 【直播间】23357926 的第 55 个心跳包发送成功
[01:37:55 INF] 【直播间】407149 的第 55 个心跳包发送成功
[01:37:56 INF] 【直播间】23040372 的第 55 个心跳包发送成功
[01:39:00 INF] 【直播间】23357926 的第 56 个心跳包发送成功
[01:39:01 ERR] 【心跳包】直播间 407149 发送失败
[01:39:01 ERR] 【原因】time check failed
[01:39:02 INF] 【直播间】23040372 的第 56 个心跳包发送成功
[01:40:06 INF] 【直播间】23357926 的第 57 个心跳包发送成功
[01:40:07 INF] 【直播间】407149 的第 56 个心跳包发送成功
[01:40:09 ERR] 【心跳包】直播间 23040372 发送失败
[01:40:09 ERR] 【原因】time check failed
[01:41:13 ERR] 【心跳包】直播间 23357926 发送失败
[01:41:13 ERR] 【原因】time check failed
[01:41:14 INF] 【直播间】407149 的第 57 个心跳包发送成功
[01:41:15 INF] 【直播间】23040372 的第 57 个心跳包发送成功
[01:42:19 INF] 【直播间】23357926 的第 58 个心跳包发送成功
[01:42:21 INF] 【直播间】407149 的第 58 个心跳包发送成功
[01:42:22 INF] 【直播间】23040372 的第 58 个心跳包发送成功
[01:43:26 INF] 【直播间】23357926 的第 59 个心跳包发送成功
[01:43:27 INF] 【直播间】407149 的第 59 个心跳包发送成功
[01:43:29 INF] 【直播间】23040372 的第 59 个心跳包发送成功
[01:44:32 INF] 【直播间】23357926 的第 60 个心跳包发送成功
[01:44:34 INF] 【直播间】407149 的第 60 个心跳包发送成功
[01:44:35 INF] 【直播间】23040372 的第 60 个心跳包发送成功
[01:45:39 INF] 【直播间】23357926 的第 61 个心跳包发送成功
[01:45:40 INF] 【直播间】407149 的第 61 个心跳包发送成功
[01:45:41 INF] 【直播间】23040372 的第 61 个心跳包发送成功
[01:46:45 INF] 【直播间】23357926 的第 62 个心跳包发送成功
[01:46:47 INF] 【直播间】407149 的第 62 个心跳包发送成功
[01:46:48 INF] 【直播间】23040372 的第 62 个心跳包发送成功
[01:47:52 INF] 【直播间】23357926 的第 63 个心跳包发送成功
[01:47:53 INF] 【直播间】407149 的第 63 个心跳包发送成功
[01:47:54 INF] 【直播间】23040372 的第 63 个心跳包发送成功
[01:48:58 INF] 【直播间】23357926 的第 64 个心跳包发送成功
[01:49:00 INF] 【直播间】407149 的第 64 个心跳包发送成功
[01:49:01 INF] 【直播间】23040372 的第 64 个心跳包发送成功
[01:50:05 INF] 【直播间】23357926 的第 65 个心跳包发送成功
[01:50:06 INF] 【直播间】407149 的第 65 个心跳包发送成功
[01:50:07 INF] 【直播间】23040372 的第 65 个心跳包发送成功
[01:51:11 INF] 【直播间】23357926 的第 66 个心跳包发送成功
[01:51:12 INF] 【直播间】407149 的第 66 个心跳包发送成功
[01:51:14 INF] 【直播间】23040372 的第 66 个心跳包发送成功
[01:52:18 INF] 【直播间】23357926 的第 67 个心跳包发送成功
[01:52:19 INF] 【直播间】407149 的第 67 个心跳包发送成功
[01:52:20 INF] 【直播间】23040372 的第 67 个心跳包发送成功
[01:53:24 INF] 【直播间】23357926 的第 68 个心跳包发送成功
[01:53:25 INF] 【直播间】407149 的第 68 个心跳包发送成功
[01:53:26 INF] 【直播间】23040372 的第 68 个心跳包发送成功
[01:54:31 INF] 【直播间】23357926 的第 69 个心跳包发送成功
[01:54:32 ERR] 【心跳包】直播间 407149 发送失败
[01:54:32 ERR] 【原因】time check failed
[01:54:33 INF] 【直播间】23040372 的第 69 个心跳包发送成功
[01:55:37 INF] 【直播间】23357926 的第 70 个心跳包发送成功
[01:55:38 INF] 【直播间】407149 的第 69 个心跳包发送成功
[01:55:40 ERR] 【心跳包】直播间 23040372 发送失败
[01:55:40 ERR] 【原因】time check failed
[01:56:44 INF] 【直播间】23357926 的第 71 个心跳包发送成功
[01:56:45 INF] 【直播间】407149 的第 70 个心跳包发送成功
[01:56:46 INF] 【直播间】23040372 的第 70 个心跳包发送成功
[01:56:46 INF] 【直播观看时长】完成情况：3/3 
[01:56:46 INF] ---------结束---------

[01:56:46 INF] ==========结束==========

[01:56:46 INF] ######### 账号 2 #########

[01:56:46 INF] =====开始 直播间互动 =====

[01:56:46 INF] ---开始 发送弹幕 ---
[01:56:46 INF] 检测到直播 Cookie 未正确配置，尝试自动配置中...
[01:56:52 INF] 直播 Cookie 配置成功！
[01:56:52 INF] 【获取直播列表】获取拥有粉丝牌的直播列表
[01:56:57 INF] 【主播】Mark陌枫 
[01:57:13 INF] 【主播】苏打baka 
[01:57:31 INF] 【主播】特别中二的q3君 
[01:57:45 INF] 【主播】陈抱一 
[01:58:04 INF] 【主播】贪玩的小毅 
[01:58:20 INF] 【主播】KL_qiqi_ 
[01:58:39 INF] 【主播】记录生活的蛋黄派 
[01:59:00 INF] 【主播】FoFTG 
[01:59:16 INF] 【主播】悠悠球琛总 
[01:59:29 INF] 【主播】新石器公园 
[01:59:47 INF] 【主播】脏小豆 
[02:00:03 INF] 【主播】李船长笔记 
[02:00:15 INF] 【直播间】Mark陌枫
[02:00:15 INF] 【粉丝牌】馬楓
[02:00:15 INF] 正在发送弹幕...
[02:00:20 INF] 【直播间】苏打baka
[02:00:20 INF] 【粉丝牌】碳酸钠
[02:00:20 INF] 正在发送弹幕...
[02:00:25 INF] 【直播间】特别中二的q3君
[02:00:25 INF] 【粉丝牌】q3GG
[02:00:25 INF] 正在发送弹幕...
[02:00:31 INF] 【直播间】陈抱一
[02:00:31 INF] 【粉丝牌】陈抱一
[02:00:31 INF] 正在发送弹幕...
[02:00:33 INF] 【弹幕发送】成功~，你和主播 Mark陌枫 的亲密值增加了100！
[02:00:34 INF] 【直播间】贪玩的小毅
[02:00:34 INF] 【粉丝牌】大大毅
[02:00:34 INF] 正在发送弹幕...
[02:00:38 INF] 【弹幕发送】成功~，你和主播 苏打baka 的亲密值增加了100！
[02:00:39 INF] 【直播间】KL_qiqi_
[02:00:39 INF] 【粉丝牌】qiqisb
[02:00:39 INF] 正在发送弹幕...
[02:00:39 INF] 【弹幕发送】成功~，你和主播 特别中二的q3君 的亲密值增加了100！
[02:00:42 INF] 【直播间】记录生活的蛋黄派
[02:00:42 INF] 【粉丝牌】派派派
[02:00:42 INF] 正在发送弹幕...
[02:00:45 INF] 【直播间】FoFTG
[02:00:45 INF] 【粉丝牌】FOFTG
[02:00:45 INF] 正在发送弹幕...
[02:00:47 INF] 【弹幕发送】成功~，你和主播 陈抱一 的亲密值增加了100！
[02:00:51 INF] 【直播间】悠悠球琛总
[02:00:51 INF] 【粉丝牌】i琛
[02:00:51 INF] 正在发送弹幕...
[02:00:53 INF] 【弹幕发送】成功~，你和主播 贪玩的小毅 的亲密值增加了100！
[02:00:56 INF] 【弹幕发送】成功~，你和主播 记录生活的蛋黄派 的亲密值增加了100！
[02:00:57 INF] 【弹幕发送】成功~，你和主播 KL_qiqi_ 的亲密值增加了100！
[02:00:58 INF] 【直播间】新石器公园
[02:00:58 INF] 【粉丝牌】东园主
[02:00:58 INF] 正在发送弹幕...
[02:01:00 INF] 【弹幕发送】成功~，你和主播 FoFTG 的亲密值增加了100！
[02:01:02 INF] 【直播间】脏小豆
[02:01:02 INF] 【粉丝牌】豆豆浆
[02:01:02 INF] 正在发送弹幕...
[02:01:07 INF] 【弹幕发送】成功~，你和主播 悠悠球琛总 的亲密值增加了100！
[02:01:08 INF] 【直播间】李船长笔记
[02:01:08 INF] 【粉丝牌】航海仕
[02:01:08 INF] 正在发送弹幕...
[02:01:11 INF] -------结束-------

[02:01:11 INF] ---开始 点赞直播间 ---
[02:01:11 INF] 【获取直播列表】获取拥有粉丝牌的直播列表
[02:01:15 INF] 【弹幕发送】成功~，你和主播 新石器公园 的亲密值增加了100！
[02:01:16 INF] 【弹幕发送】成功~，你和主播 脏小豆 的亲密值增加了100！
[02:01:18 INF] 【主播】Mark陌枫 
[02:01:21 INF] 【弹幕发送】成功~，你和主播 李船长笔记 的亲密值增加了100！
[02:01:38 INF] 【主播】苏打baka 
[02:01:53 INF] 【主播】特别中二的q3君 
[02:02:10 INF] 【主播】陈抱一 
[02:02:26 INF] 【主播】贪玩的小毅 
[02:02:45 INF] 【主播】KL_qiqi_ 
[02:02:59 INF] 【主播】记录生活的蛋黄派 
[02:03:16 INF] 【主播】FoFTG 
[02:03:30 INF] 【主播】悠悠球琛总 
[02:03:45 INF] 【主播】新石器公园 
[02:03:59 INF] 【主播】脏小豆 
[02:04:18 INF] 【主播】李船长笔记 
[02:04:38 INF] 【点赞直播间】23357926 完成
[02:04:42 INF] 【点赞直播间】23040372 完成
[02:04:45 INF] 【点赞直播间】31494 完成
[02:04:51 INF] 【点赞直播间】4015781 完成
[02:04:57 INF] 【点赞直播间】9619073 完成
[02:05:02 INF] 【点赞直播间】407149 完成
[02:05:06 INF] 【点赞直播间】11732699 完成
[02:05:11 INF] 【点赞直播间】91164 完成
[02:05:18 INF] 【点赞直播间】7184632 完成
[02:05:22 INF] 【点赞直播间】23447660 完成
[02:05:29 INF] 【点赞直播间】929670 完成
[02:05:34 INF] --------结束--------

[02:05:34 INF] ---开始 直播时长挂机 ---
[02:05:34 INF] 【获取直播列表】获取拥有粉丝牌的直播列表
[02:05:34 INF] 【点赞直播间】22764265 完成
[02:05:40 INF] 【主播】Mark陌枫 
[02:05:59 INF] 【主播】苏打baka 
[02:06:17 INF] 【主播】特别中二的q3君 
[02:06:30 INF] 【主播】陈抱一 
[02:06:41 INF] 【主播】贪玩的小毅 
[02:06:59 INF] 【主播】KL_qiqi_ 
[02:07:10 INF] 【主播】记录生活的蛋黄派 
[02:07:27 INF] 【主播】FoFTG 
[02:07:44 INF] 【主播】悠悠球琛总 
[02:08:01 INF] 【主播】新石器公园 
[02:08:16 INF] 【主播】脏小豆 
[02:08:34 INF] 【主播】李船长笔记 
[02:08:50 INF] 【直播间】23357926 的第 1 个心跳包发送成功
[02:08:51 INF] 【直播间】23040372 的第 1 个心跳包发送成功
[02:08:52 INF] 【直播间】31494 的第 1 个心跳包发送成功
[02:08:54 INF] 【直播间】4015781 的第 1 个心跳包发送成功
[02:08:55 INF] 【直播间】9619073 的第 1 个心跳包发送成功
[02:08:56 INF] 【直播间】407149 的第 1 个心跳包发送成功
[02:08:57 INF] 【直播间】11732699 的第 1 个心跳包发送成功
[02:08:59 INF] 【直播间】91164 的第 1 个心跳包发送成功
[02:09:00 INF] 【直播间】7184632 的第 1 个心跳包发送成功
[02:09:01 INF] 【直播间】23447660 的第 1 个心跳包发送成功
[02:09:02 INF] 【直播间】929670 的第 1 个心跳包发送成功
[02:09:04 INF] 【直播间】22764265 的第 1 个心跳包发送成功
[02:09:57 INF] 【直播间】23357926 的第 2 个心跳包发送成功
[02:09:58 INF] 【直播间】23040372 的第 2 个心跳包发送成功
[02:09:59 INF] 【直播间】31494 的第 2 个心跳包发送成功
[02:10:00 INF] 【直播间】4015781 的第 2 个心跳包发送成功
[02:10:02 INF] 【直播间】9619073 的第 2 个心跳包发送成功
[02:10:03 INF] 【直播间】407149 的第 2 个心跳包发送成功
[02:10:04 INF] 【直播间】11732699 的第 2 个心跳包发送成功
[02:10:06 INF] 【直播间】91164 的第 2 个心跳包发送成功
[02:10:07 INF] 【直播间】7184632 的第 2 个心跳包发送成功
[02:10:08 INF] 【直播间】23447660 的第 2 个心跳包发送成功
[02:10:09 INF] 【直播间】929670 的第 2 个心跳包发送成功
[02:10:11 INF] 【直播间】22764265 的第 2 个心跳包发送成功
[02:11:03 INF] 【直播间】23357926 的第 3 个心跳包发送成功
[02:11:04 INF] 【直播间】23040372 的第 3 个心跳包发送成功
[02:11:06 INF] 【直播间】31494 的第 3 个心跳包发送成功
[02:11:07 INF] 【直播间】4015781 的第 3 个心跳包发送成功
[02:11:08 INF] 【直播间】9619073 的第 3 个心跳包发送成功
[02:11:09 INF] 【直播间】407149 的第 3 个心跳包发送成功
[02:11:11 INF] 【直播间】11732699 的第 3 个心跳包发送成功
[02:11:12 INF] 【直播间】91164 的第 3 个心跳包发送成功
[02:11:13 INF] 【直播间】7184632 的第 3 个心跳包发送成功
[02:11:14 INF] 【直播间】23447660 的第 3 个心跳包发送成功
[02:11:16 INF] 【直播间】929670 的第 3 个心跳包发送成功
[02:11:17 INF] 【直播间】22764265 的第 3 个心跳包发送成功
[02:12:10 INF] 【直播间】23357926 的第 4 个心跳包发送成功
[02:12:11 INF] 【直播间】23040372 的第 4 个心跳包发送成功
[02:12:12 INF] 【直播间】31494 的第 4 个心跳包发送成功
[02:12:13 INF] 【直播间】4015781 的第 4 个心跳包发送成功
[02:12:14 INF] 【直播间】9619073 的第 4 个心跳包发送成功
[02:12:16 INF] 【直播间】407149 的第 4 个心跳包发送成功
[02:12:17 INF] 【直播间】11732699 的第 4 个心跳包发送成功
[02:12:18 INF] 【直播间】91164 的第 4 个心跳包发送成功
[02:12:19 INF] 【直播间】7184632 的第 4 个心跳包发送成功
[02:12:21 INF] 【直播间】23447660 的第 4 个心跳包发送成功
[02:12:22 INF] 【直播间】929670 的第 4 个心跳包发送成功
[02:12:23 INF] 【直播间】22764265 的第 4 个心跳包发送成功
[02:13:16 INF] 【直播间】23357926 的第 5 个心跳包发送成功
[02:13:17 INF] 【直播间】23040372 的第 5 个心跳包发送成功
[02:13:19 INF] 【直播间】31494 的第 5 个心跳包发送成功
[02:13:20 INF] 【直播间】4015781 的第 5 个心跳包发送成功
[02:13:21 INF] 【直播间】9619073 的第 5 个心跳包发送成功
[02:13:22 INF] 【直播间】407149 的第 5 个心跳包发送成功
[02:13:23 INF] 【直播间】11732699 的第 5 个心跳包发送成功
[02:13:25 INF] 【直播间】91164 的第 5 个心跳包发送成功
[02:13:26 INF] 【直播间】7184632 的第 5 个心跳包发送成功
[02:13:27 INF] 【直播间】23447660 的第 5 个心跳包发送成功
[02:13:28 INF] 【直播间】929670 的第 5 个心跳包发送成功
[02:13:30 INF] 【直播间】22764265 的第 5 个心跳包发送成功
[02:14:23 INF] 【直播间】23357926 的第 6 个心跳包发送成功
[02:14:24 INF] 【直播间】23040372 的第 6 个心跳包发送成功
[02:14:25 INF] 【直播间】31494 的第 6 个心跳包发送成功
[02:14:26 INF] 【直播间】4015781 的第 6 个心跳包发送成功
[02:14:27 INF] 【直播间】9619073 的第 6 个心跳包发送成功
[02:14:29 INF] 【直播间】407149 的第 6 个心跳包发送成功
[02:14:30 INF] 【直播间】11732699 的第 6 个心跳包发送成功
[02:14:31 INF] 【直播间】91164 的第 6 个心跳包发送成功
[02:14:32 INF] 【直播间】7184632 的第 6 个心跳包发送成功
[02:14:34 INF] 【直播间】23447660 的第 6 个心跳包发送成功
[02:14:35 INF] 【直播间】929670 的第 6 个心跳包发送成功
[02:14:36 INF] 【直播间】22764265 的第 6 个心跳包发送成功
[02:15:29 INF] 【直播间】23357926 的第 7 个心跳包发送成功
[02:15:30 INF] 【直播间】23040372 的第 7 个心跳包发送成功
[02:15:32 INF] 【直播间】31494 的第 7 个心跳包发送成功
[02:15:33 INF] 【直播间】4015781 的第 7 个心跳包发送成功
[02:15:34 INF] 【直播间】9619073 的第 7 个心跳包发送成功
[02:15:35 INF] 【直播间】407149 的第 7 个心跳包发送成功
[02:15:37 INF] 【直播间】11732699 的第 7 个心跳包发送成功
[02:15:38 INF] 【直播间】91164 的第 7 个心跳包发送成功
[02:15:39 INF] 【直播间】7184632 的第 7 个心跳包发送成功
[02:15:40 INF] 【直播间】23447660 的第 7 个心跳包发送成功
[02:15:41 INF] 【直播间】929670 的第 7 个心跳包发送成功
[02:15:43 INF] 【直播间】22764265 的第 7 个心跳包发送成功
[02:16:36 INF] 【直播间】23357926 的第 8 个心跳包发送成功
[02:16:37 INF] 【直播间】23040372 的第 8 个心跳包发送成功
[02:16:38 INF] 【直播间】31494 的第 8 个心跳包发送成功
[02:16:39 INF] 【直播间】4015781 的第 8 个心跳包发送成功
[02:16:41 INF] 【直播间】9619073 的第 8 个心跳包发送成功
[02:16:42 INF] 【直播间】407149 的第 8 个心跳包发送成功
[02:16:43 INF] 【直播间】11732699 的第 8 个心跳包发送成功
[02:16:44 INF] 【直播间】91164 的第 8 个心跳包发送成功
[02:16:46 INF] 【直播间】7184632 的第 8 个心跳包发送成功
[02:16:47 INF] 【直播间】23447660 的第 8 个心跳包发送成功
[02:16:48 INF] 【直播间】929670 的第 8 个心跳包发送成功
[02:16:49 INF] 【直播间】22764265 的第 8 个心跳包发送成功
[02:17:42 INF] 【直播间】23357926 的第 9 个心跳包发送成功
[02:17:43 INF] 【直播间】23040372 的第 9 个心跳包发送成功
[02:17:44 INF] 【直播间】31494 的第 9 个心跳包发送成功
[02:17:46 INF] 【直播间】4015781 的第 9 个心跳包发送成功
[02:17:47 INF] 【直播间】9619073 的第 9 个心跳包发送成功
[02:17:48 INF] 【直播间】407149 的第 9 个心跳包发送成功
[02:17:50 INF] 【直播间】11732699 的第 9 个心跳包发送成功
[02:17:51 INF] 【直播间】91164 的第 9 个心跳包发送成功
[02:17:52 INF] 【直播间】7184632 的第 9 个心跳包发送成功
[02:17:53 INF] 【直播间】23447660 的第 9 个心跳包发送成功
[02:17:54 INF] 【直播间】929670 的第 9 个心跳包发送成功
[02:17:56 INF] 【直播间】22764265 的第 9 个心跳包发送成功
[02:18:48 INF] 【直播间】23357926 的第 10 个心跳包发送成功
[02:18:50 INF] 【直播间】23040372 的第 10 个心跳包发送成功
[02:18:51 INF] 【直播间】31494 的第 10 个心跳包发送成功
[02:18:52 INF] 【直播间】4015781 的第 10 个心跳包发送成功
[02:18:53 INF] 【直播间】9619073 的第 10 个心跳包发送成功
[02:18:55 INF] 【直播间】407149 的第 10 个心跳包发送成功
[02:18:56 INF] 【直播间】11732699 的第 10 个心跳包发送成功
[02:18:57 INF] 【直播间】91164 的第 10 个心跳包发送成功
[02:18:58 INF] 【直播间】7184632 的第 10 个心跳包发送成功
[02:18:59 INF] 【直播间】23447660 的第 10 个心跳包发送成功
[02:19:01 INF] 【直播间】929670 的第 10 个心跳包发送成功
[02:19:02 INF] 【直播间】22764265 的第 10 个心跳包发送成功
[02:19:55 INF] 【直播间】23357926 的第 11 个心跳包发送成功
[02:19:56 INF] 【直播间】23040372 的第 11 个心跳包发送成功
[02:19:57 INF] 【直播间】31494 的第 11 个心跳包发送成功
[02:19:58 INF] 【直播间】4015781 的第 11 个心跳包发送成功
[02:20:00 INF] 【直播间】9619073 的第 11 个心跳包发送成功
[02:20:01 INF] 【直播间】407149 的第 11 个心跳包发送成功
[02:20:02 INF] 【直播间】11732699 的第 11 个心跳包发送成功
[02:20:03 INF] 【直播间】91164 的第 11 个心跳包发送成功
[02:20:05 INF] 【直播间】7184632 的第 11 个心跳包发送成功
[02:20:06 INF] 【直播间】23447660 的第 11 个心跳包发送成功
[02:20:07 INF] 【直播间】929670 的第 11 个心跳包发送成功
[02:20:08 INF] 【直播间】22764265 的第 11 个心跳包发送成功
[02:21:01 INF] 【直播间】23357926 的第 12 个心跳包发送成功
[02:21:03 INF] 【直播间】23040372 的第 12 个心跳包发送成功
[02:21:04 INF] 【直播间】31494 的第 12 个心跳包发送成功
[02:21:05 INF] 【直播间】4015781 的第 12 个心跳包发送成功
[02:21:07 INF] 【直播间】9619073 的第 12 个心跳包发送成功
[02:21:08 INF] 【直播间】407149 的第 12 个心跳包发送成功
[02:21:09 INF] 【直播间】11732699 的第 12 个心跳包发送成功
[02:21:10 INF] 【直播间】91164 的第 12 个心跳包发送成功
[02:21:11 INF] 【直播间】7184632 的第 12 个心跳包发送成功
[02:21:13 INF] 【直播间】23447660 的第 12 个心跳包发送成功
[02:21:14 INF] 【直播间】929670 的第 12 个心跳包发送成功
[02:21:15 INF] 【直播间】22764265 的第 12 个心跳包发送成功
[02:22:08 INF] 【直播间】23357926 的第 13 个心跳包发送成功
[02:22:09 INF] 【直播间】23040372 的第 13 个心跳包发送成功
[02:22:10 INF] 【直播间】31494 的第 13 个心跳包发送成功
[02:22:12 INF] 【直播间】4015781 的第 13 个心跳包发送成功
[02:22:13 INF] 【直播间】9619073 的第 13 个心跳包发送成功
[02:22:14 INF] 【直播间】407149 的第 13 个心跳包发送成功
[02:22:15 INF] 【直播间】11732699 的第 13 个心跳包发送成功
[02:22:17 INF] 【直播间】91164 的第 13 个心跳包发送成功
[02:22:18 INF] 【直播间】7184632 的第 13 个心跳包发送成功
[02:22:19 INF] 【直播间】23447660 的第 13 个心跳包发送成功
[02:22:21 INF] 【直播间】929670 的第 13 个心跳包发送成功
[02:22:22 INF] 【直播间】22764265 的第 13 个心跳包发送成功
[02:23:14 INF] 【直播间】23357926 的第 14 个心跳包发送成功
[02:23:16 INF] 【直播间】23040372 的第 14 个心跳包发送成功
[02:23:17 INF] 【直播间】31494 的第 14 个心跳包发送成功
[02:23:18 INF] 【直播间】4015781 的第 14 个心跳包发送成功
[02:23:19 INF] 【直播间】9619073 的第 14 个心跳包发送成功
[02:23:21 INF] 【直播间】407149 的第 14 个心跳包发送成功
[02:23:22 INF] 【直播间】11732699 的第 14 个心跳包发送成功
[02:23:23 INF] 【直播间】91164 的第 14 个心跳包发送成功
[02:23:24 INF] 【直播间】7184632 的第 14 个心跳包发送成功
[02:23:26 INF] 【直播间】23447660 的第 14 个心跳包发送成功
[02:23:27 INF] 【直播间】929670 的第 14 个心跳包发送成功
[02:23:28 INF] 【直播间】22764265 的第 14 个心跳包发送成功
[02:24:21 ERR] 【心跳包】直播间 23357926 发送失败
[02:24:21 ERR] 【原因】time check failed
[02:24:22 ERR] 【心跳包】直播间 23040372 发送失败
[02:24:22 ERR] 【原因】time check failed
[02:24:23 ERR] 【心跳包】直播间 31494 发送失败
[02:24:23 ERR] 【原因】time check failed
[02:24:25 INF] 【直播间】4015781 的第 15 个心跳包发送成功
[02:24:26 ERR] 【心跳包】直播间 9619073 发送失败
[02:24:26 ERR] 【原因】time check failed
[02:24:27 ERR] 【心跳包】直播间 407149 发送失败
[02:24:27 ERR] 【原因】time check failed
[02:24:28 ERR] 【心跳包】直播间 11732699 发送失败
[02:24:28 ERR] 【原因】time check failed
[02:24:29 INF] 【直播间】91164 的第 15 个心跳包发送成功
[02:24:31 ERR] 【心跳包】直播间 7184632 发送失败
[02:24:31 ERR] 【原因】time check failed
[02:24:32 ERR] 【心跳包】直播间 23447660 发送失败
[02:24:32 ERR] 【原因】time check failed
[02:24:33 ERR] 【心跳包】直播间 929670 发送失败
[02:24:33 ERR] 【原因】time check failed
[02:24:34 INF] 【直播间】22764265 的第 15 个心跳包发送成功
[02:25:27 INF] 【直播间】23357926 的第 15 个心跳包发送成功
[02:25:28 INF] 【直播间】23040372 的第 15 个心跳包发送成功
[02:25:30 INF] 【直播间】31494 的第 15 个心跳包发送成功
[02:25:31 ERR] 【心跳包】直播间 4015781 发送失败
[02:25:31 ERR] 【原因】time check failed
[02:25:32 INF] 【直播间】9619073 的第 15 个心跳包发送成功
[02:25:33 INF] 【直播间】407149 的第 15 个心跳包发送成功
[02:25:35 INF] 【直播间】11732699 的第 15 个心跳包发送成功
[02:25:36 ERR] 【心跳包】直播间 91164 发送失败
[02:25:36 ERR] 【原因】time check failed
[02:25:37 INF] 【直播间】7184632 的第 15 个心跳包发送成功
[02:25:38 INF] 【直播间】23447660 的第 15 个心跳包发送成功
[02:25:40 INF] 【直播间】929670 的第 15 个心跳包发送成功
[02:25:41 ERR] 【心跳包】直播间 22764265 发送失败
[02:25:41 ERR] 【原因】time check failed
[02:26:34 INF] 【直播间】23357926 的第 16 个心跳包发送成功
[02:26:35 INF] 【直播间】23040372 的第 16 个心跳包发送成功
[02:26:36 INF] 【直播间】31494 的第 16 个心跳包发送成功
[02:26:37 INF] 【直播间】4015781 的第 16 个心跳包发送成功
[02:26:39 INF] 【直播间】9619073 的第 16 个心跳包发送成功
[02:26:40 INF] 【直播间】407149 的第 16 个心跳包发送成功
[02:26:41 INF] 【直播间】11732699 的第 16 个心跳包发送成功
[02:26:42 INF] 【直播间】91164 的第 16 个心跳包发送成功
[02:26:44 INF] 【直播间】7184632 的第 16 个心跳包发送成功
[02:26:45 INF] 【直播间】23447660 的第 16 个心跳包发送成功
[02:26:46 INF] 【直播间】929670 的第 16 个心跳包发送成功
[02:26:47 INF] 【直播间】22764265 的第 16 个心跳包发送成功
[02:27:40 INF] 【直播间】23357926 的第 17 个心跳包发送成功
[02:27:42 INF] 【直播间】23040372 的第 17 个心跳包发送成功
[02:27:43 INF] 【直播间】31494 的第 17 个心跳包发送成功
[02:27:44 INF] 【直播间】4015781 的第 17 个心跳包发送成功
[02:27:45 INF] 【直播间】9619073 的第 17 个心跳包发送成功
[02:27:46 INF] 【直播间】407149 的第 17 个心跳包发送成功
[02:27:48 INF] 【直播间】11732699 的第 17 个心跳包发送成功
[02:27:49 INF] 【直播间】91164 的第 17 个心跳包发送成功
[02:27:50 INF] 【直播间】7184632 的第 17 个心跳包发送成功
[02:27:52 INF] 【直播间】23447660 的第 17 个心跳包发送成功
[02:27:53 INF] 【直播间】929670 的第 17 个心跳包发送成功
[02:27:54 INF] 【直播间】22764265 的第 17 个心跳包发送成功
[02:28:47 INF] 【直播间】23357926 的第 18 个心跳包发送成功
[02:28:48 INF] 【直播间】23040372 的第 18 个心跳包发送成功
[02:28:49 INF] 【直播间】31494 的第 18 个心跳包发送成功
[02:28:50 INF] 【直播间】4015781 的第 18 个心跳包发送成功
[02:28:51 INF] 【直播间】9619073 的第 18 个心跳包发送成功
[02:28:53 INF] 【直播间】407149 的第 18 个心跳包发送成功
[02:28:54 INF] 【直播间】11732699 的第 18 个心跳包发送成功
[02:28:55 INF] 【直播间】91164 的第 18 个心跳包发送成功
[02:28:57 INF] 【直播间】7184632 的第 18 个心跳包发送成功
[02:28:58 INF] 【直播间】23447660 的第 18 个心跳包发送成功
[02:28:59 INF] 【直播间】929670 的第 18 个心跳包发送成功
[02:29:00 INF] 【直播间】22764265 的第 18 个心跳包发送成功
[02:29:53 INF] 【直播间】23357926 的第 19 个心跳包发送成功
[02:29:54 INF] 【直播间】23040372 的第 19 个心跳包发送成功
[02:29:56 INF] 【直播间】31494 的第 19 个心跳包发送成功
[02:29:57 INF] 【直播间】4015781 的第 19 个心跳包发送成功
[02:29:58 INF] 【直播间】9619073 的第 19 个心跳包发送成功
[02:29:59 INF] 【直播间】407149 的第 19 个心跳包发送成功
[02:30:01 INF] 【直播间】11732699 的第 19 个心跳包发送成功
[02:30:02 INF] 【直播间】91164 的第 19 个心跳包发送成功
[02:30:03 INF] 【直播间】7184632 的第 19 个心跳包发送成功
[02:30:04 INF] 【直播间】23447660 的第 19 个心跳包发送成功
[02:30:06 INF] 【直播间】929670 的第 19 个心跳包发送成功
[02:30:07 INF] 【直播间】22764265 的第 19 个心跳包发送成功
[02:30:59 INF] 【直播间】23357926 的第 20 个心跳包发送成功
[02:31:01 INF] 【直播间】23040372 的第 20 个心跳包发送成功
[02:31:02 INF] 【直播间】31494 的第 20 个心跳包发送成功
[02:31:03 INF] 【直播间】4015781 的第 20 个心跳包发送成功
[02:31:04 INF] 【直播间】9619073 的第 20 个心跳包发送成功
[02:31:06 INF] 【直播间】407149 的第 20 个心跳包发送成功
[02:31:07 INF] 【直播间】11732699 的第 20 个心跳包发送成功
[02:31:08 INF] 【直播间】91164 的第 20 个心跳包发送成功
[02:31:09 INF] 【直播间】7184632 的第 20 个心跳包发送成功
[02:31:11 INF] 【直播间】23447660 的第 20 个心跳包发送成功
[02:31:12 INF] 【直播间】929670 的第 20 个心跳包发送成功
[02:31:13 INF] 【直播间】22764265 的第 20 个心跳包发送成功
[02:32:06 INF] 【直播间】23357926 的第 21 个心跳包发送成功
[02:32:07 INF] 【直播间】23040372 的第 21 个心跳包发送成功
[02:32:09 INF] 【直播间】31494 的第 21 个心跳包发送成功
[02:32:10 INF] 【直播间】4015781 的第 21 个心跳包发送成功
[02:32:11 INF] 【直播间】9619073 的第 21 个心跳包发送成功
[02:32:12 INF] 【直播间】407149 的第 21 个心跳包发送成功
[02:32:13 INF] 【直播间】11732699 的第 21 个心跳包发送成功
[02:32:15 INF] 【直播间】91164 的第 21 个心跳包发送成功
[02:32:16 INF] 【直播间】7184632 的第 21 个心跳包发送成功
[02:32:17 INF] 【直播间】23447660 的第 21 个心跳包发送成功
[02:32:18 INF] 【直播间】929670 的第 21 个心跳包发送成功
[02:32:20 INF] 【直播间】22764265 的第 21 个心跳包发送成功
[02:33:13 INF] 【直播间】23357926 的第 22 个心跳包发送成功
[02:33:14 INF] 【直播间】23040372 的第 22 个心跳包发送成功
[02:33:15 INF] 【直播间】31494 的第 22 个心跳包发送成功
[02:33:16 INF] 【直播间】4015781 的第 22 个心跳包发送成功
[02:33:17 INF] 【直播间】9619073 的第 22 个心跳包发送成功
[02:33:19 INF] 【直播间】407149 的第 22 个心跳包发送成功
[02:33:20 INF] 【直播间】11732699 的第 22 个心跳包发送成功
[02:33:21 INF] 【直播间】91164 的第 22 个心跳包发送成功
[02:33:22 INF] 【直播间】7184632 的第 22 个心跳包发送成功
[02:33:24 INF] 【直播间】23447660 的第 22 个心跳包发送成功
[02:33:25 INF] 【直播间】929670 的第 22 个心跳包发送成功
[02:33:26 INF] 【直播间】22764265 的第 22 个心跳包发送成功
[02:34:19 INF] 【直播间】23357926 的第 23 个心跳包发送成功
[02:34:20 INF] 【直播间】23040372 的第 23 个心跳包发送成功
[02:34:21 INF] 【直播间】31494 的第 23 个心跳包发送成功
[02:34:23 INF] 【直播间】4015781 的第 23 个心跳包发送成功
[02:34:24 INF] 【直播间】9619073 的第 23 个心跳包发送成功
[02:34:25 INF] 【直播间】407149 的第 23 个心跳包发送成功
[02:34:26 INF] 【直播间】11732699 的第 23 个心跳包发送成功
[02:34:28 INF] 【直播间】91164 的第 23 个心跳包发送成功
[02:34:29 INF] 【直播间】7184632 的第 23 个心跳包发送成功
[02:34:30 INF] 【直播间】23447660 的第 23 个心跳包发送成功
[02:34:31 INF] 【直播间】929670 的第 23 个心跳包发送成功
[02:34:33 INF] 【直播间】22764265 的第 23 个心跳包发送成功
[02:35:25 INF] 【直播间】23357926 的第 24 个心跳包发送成功
[02:35:27 INF] 【直播间】23040372 的第 24 个心跳包发送成功
[02:35:28 INF] 【直播间】31494 的第 24 个心跳包发送成功
[02:35:29 INF] 【直播间】4015781 的第 24 个心跳包发送成功
[02:35:30 INF] 【直播间】9619073 的第 24 个心跳包发送成功
[02:35:32 INF] 【直播间】407149 的第 24 个心跳包发送成功
[02:35:33 INF] 【直播间】11732699 的第 24 个心跳包发送成功
[02:35:34 INF] 【直播间】91164 的第 24 个心跳包发送成功
[02:35:35 INF] 【直播间】7184632 的第 24 个心跳包发送成功
[02:35:37 INF] 【直播间】23447660 的第 24 个心跳包发送成功
[02:35:38 INF] 【直播间】929670 的第 24 个心跳包发送成功
[02:35:39 INF] 【直播间】22764265 的第 24 个心跳包发送成功
[02:36:32 INF] 【直播间】23357926 的第 25 个心跳包发送成功
[02:36:33 INF] 【直播间】23040372 的第 25 个心跳包发送成功
[02:36:34 INF] 【直播间】31494 的第 25 个心跳包发送成功
[02:36:35 INF] 【直播间】4015781 的第 25 个心跳包发送成功
[02:36:37 INF] 【直播间】9619073 的第 25 个心跳包发送成功
[02:36:38 INF] 【直播间】407149 的第 25 个心跳包发送成功
[02:36:39 INF] 【直播间】11732699 的第 25 个心跳包发送成功
[02:36:40 INF] 【直播间】91164 的第 25 个心跳包发送成功
[02:36:42 INF] 【直播间】7184632 的第 25 个心跳包发送成功
[02:36:43 INF] 【直播间】23447660 的第 25 个心跳包发送成功
[02:36:44 INF] 【直播间】929670 的第 25 个心跳包发送成功
[02:36:45 INF] 【直播间】22764265 的第 25 个心跳包发送成功
[02:37:38 INF] 【直播间】23357926 的第 26 个心跳包发送成功
[02:37:40 INF] 【直播间】23040372 的第 26 个心跳包发送成功
[02:37:41 INF] 【直播间】31494 的第 26 个心跳包发送成功
[02:37:42 INF] 【直播间】4015781 的第 26 个心跳包发送成功
[02:37:43 INF] 【直播间】9619073 的第 26 个心跳包发送成功
[02:37:44 INF] 【直播间】407149 的第 26 个心跳包发送成功
[02:37:46 INF] 【直播间】11732699 的第 26 个心跳包发送成功
[02:37:47 INF] 【直播间】91164 的第 26 个心跳包发送成功
[02:37:48 INF] 【直播间】7184632 的第 26 个心跳包发送成功
[02:37:49 INF] 【直播间】23447660 的第 26 个心跳包发送成功
[02:37:51 INF] 【直播间】929670 的第 26 个心跳包发送成功
[02:37:52 INF] 【直播间】22764265 的第 26 个心跳包发送成功
[02:38:45 INF] 【直播间】23357926 的第 27 个心跳包发送成功
[02:38:46 INF] 【直播间】23040372 的第 27 个心跳包发送成功
[02:38:47 INF] 【直播间】31494 的第 27 个心跳包发送成功
[02:38:48 INF] 【直播间】4015781 的第 27 个心跳包发送成功
[02:38:50 INF] 【直播间】9619073 的第 27 个心跳包发送成功
[02:38:51 INF] 【直播间】407149 的第 27 个心跳包发送成功
[02:38:52 INF] 【直播间】11732699 的第 27 个心跳包发送成功
[02:38:53 INF] 【直播间】91164 的第 27 个心跳包发送成功
[02:38:55 INF] 【直播间】7184632 的第 27 个心跳包发送成功
[02:38:56 INF] 【直播间】23447660 的第 27 个心跳包发送成功
[02:38:57 INF] 【直播间】929670 的第 27 个心跳包发送成功
[02:38:58 INF] 【直播间】22764265 的第 27 个心跳包发送成功
[02:39:51 INF] 【直播间】23357926 的第 28 个心跳包发送成功
[02:39:52 INF] 【直播间】23040372 的第 28 个心跳包发送成功
[02:39:54 ERR] 【心跳包】直播间 31494 发送失败
[02:39:54 ERR] 【原因】time check failed
[02:39:55 INF] 【直播间】4015781 的第 28 个心跳包发送成功
[02:39:56 INF] 【直播间】9619073 的第 28 个心跳包发送成功
[02:39:58 ERR] 【心跳包】直播间 407149 发送失败
[02:39:58 ERR] 【原因】time check failed
[02:39:59 ERR] 【心跳包】直播间 11732699 发送失败
[02:39:59 ERR] 【原因】time check failed
[02:40:00 INF] 【直播间】91164 的第 28 个心跳包发送成功
[02:40:01 INF] 【直播间】7184632 的第 28 个心跳包发送成功
[02:40:03 INF] 【直播间】23447660 的第 28 个心跳包发送成功
[02:40:04 ERR] 【心跳包】直播间 929670 发送失败
[02:40:04 ERR] 【原因】time check failed
[02:40:05 INF] 【直播间】22764265 的第 28 个心跳包发送成功
[02:40:58 ERR] 【心跳包】直播间 23357926 发送失败
[02:40:58 ERR] 【原因】time check failed
[02:40:59 ERR] 【心跳包】直播间 23040372 发送失败
[02:40:59 ERR] 【原因】time check failed
[02:41:00 INF] 【直播间】31494 的第 28 个心跳包发送成功
[02:41:01 INF] 【直播间】4015781 的第 29 个心跳包发送成功
[02:41:02 ERR] 【心跳包】直播间 9619073 发送失败
[02:41:02 ERR] 【原因】time check failed
[02:41:04 INF] 【直播间】407149 的第 28 个心跳包发送成功
[02:41:05 INF] 【直播间】11732699 的第 28 个心跳包发送成功
[02:41:06 INF] 【直播间】91164 的第 29 个心跳包发送成功
[02:41:08 ERR] 【心跳包】直播间 7184632 发送失败
[02:41:08 ERR] 【原因】time check failed
[02:41:09 ERR] 【心跳包】直播间 23447660 发送失败
[02:41:09 ERR] 【原因】time check failed
[02:41:10 INF] 【直播间】929670 的第 28 个心跳包发送成功
[02:41:11 INF] 【直播间】22764265 的第 29 个心跳包发送成功
[02:42:04 INF] 【直播间】23357926 的第 29 个心跳包发送成功
[02:42:05 INF] 【直播间】23040372 的第 29 个心跳包发送成功
[02:42:06 INF] 【直播间】31494 的第 29 个心跳包发送成功
[02:42:08 ERR] 【心跳包】直播间 4015781 发送失败
[02:42:08 ERR] 【原因】time check failed
[02:42:09 INF] 【直播间】9619073 的第 29 个心跳包发送成功
[02:42:10 INF] 【直播间】407149 的第 29 个心跳包发送成功
[02:42:11 INF] 【直播间】11732699 的第 29 个心跳包发送成功
[02:42:13 ERR] 【心跳包】直播间 91164 发送失败
[02:42:13 ERR] 【原因】time check failed
[02:42:14 INF] 【直播间】7184632 的第 29 个心跳包发送成功
[02:42:15 INF] 【直播间】23447660 的第 29 个心跳包发送成功
[02:42:16 INF] 【直播间】929670 的第 29 个心跳包发送成功
[02:42:18 ERR] 【心跳包】直播间 22764265 发送失败
[02:42:18 ERR] 【原因】time check failed
[02:43:11 INF] 【直播间】23357926 的第 30 个心跳包发送成功
[02:43:12 INF] 【直播间】23040372 的第 30 个心跳包发送成功
[02:43:13 INF] 【直播间】31494 的第 30 个心跳包发送成功
[02:43:14 INF] 【直播间】4015781 的第 30 个心跳包发送成功
[02:43:15 INF] 【直播间】9619073 的第 30 个心跳包发送成功
[02:43:17 INF] 【直播间】407149 的第 30 个心跳包发送成功
[02:43:18 INF] 【直播间】11732699 的第 30 个心跳包发送成功
[02:43:19 INF] 【直播间】91164 的第 30 个心跳包发送成功
[02:43:20 INF] 【直播间】7184632 的第 30 个心跳包发送成功
[02:43:22 INF] 【直播间】23447660 的第 30 个心跳包发送成功
[02:43:23 INF] 【直播间】929670 的第 30 个心跳包发送成功
[02:43:24 INF] 【直播间】22764265 的第 30 个心跳包发送成功
[02:44:17 INF] 【直播间】23357926 的第 31 个心跳包发送成功
[02:44:18 INF] 【直播间】23040372 的第 31 个心跳包发送成功
[02:44:20 INF] 【直播间】31494 的第 31 个心跳包发送成功
[02:44:21 INF] 【直播间】4015781 的第 31 个心跳包发送成功
[02:44:22 INF] 【直播间】9619073 的第 31 个心跳包发送成功
[02:44:23 INF] 【直播间】407149 的第 31 个心跳包发送成功
[02:44:25 INF] 【直播间】11732699 的第 31 个心跳包发送成功
[02:44:26 INF] 【直播间】91164 的第 31 个心跳包发送成功
[02:44:27 INF] 【直播间】7184632 的第 31 个心跳包发送成功
[02:44:29 INF] 【直播间】23447660 的第 31 个心跳包发送成功
[02:44:30 INF] 【直播间】929670 的第 31 个心跳包发送成功
[02:44:31 INF] 【直播间】22764265 的第 31 个心跳包发送成功
[02:45:24 INF] 【直播间】23357926 的第 32 个心跳包发送成功
[02:45:25 INF] 【直播间】23040372 的第 32 个心跳包发送成功
[02:45:26 INF] 【直播间】31494 的第 32 个心跳包发送成功
[02:45:27 INF] 【直播间】4015781 的第 32 个心跳包发送成功
[02:45:28 INF] 【直播间】9619073 的第 32 个心跳包发送成功
[02:45:30 INF] 【直播间】407149 的第 32 个心跳包发送成功
[02:45:31 INF] 【直播间】11732699 的第 32 个心跳包发送成功
[02:45:32 INF] 【直播间】91164 的第 32 个心跳包发送成功
[02:45:34 INF] 【直播间】7184632 的第 32 个心跳包发送成功
[02:45:35 INF] 【直播间】23447660 的第 32 个心跳包发送成功
[02:45:36 INF] 【直播间】929670 的第 32 个心跳包发送成功
[02:45:37 INF] 【直播间】22764265 的第 32 个心跳包发送成功
[02:46:30 INF] 【直播间】23357926 的第 33 个心跳包发送成功
[02:46:31 INF] 【直播间】23040372 的第 33 个心跳包发送成功
[02:46:33 INF] 【直播间】31494 的第 33 个心跳包发送成功
[02:46:34 INF] 【直播间】4015781 的第 33 个心跳包发送成功
[02:46:35 INF] 【直播间】9619073 的第 33 个心跳包发送成功
[02:46:36 INF] 【直播间】407149 的第 33 个心跳包发送成功
[02:46:37 INF] 【直播间】11732699 的第 33 个心跳包发送成功
[02:46:39 INF] 【直播间】91164 的第 33 个心跳包发送成功
[02:46:40 INF] 【直播间】7184632 的第 33 个心跳包发送成功
[02:46:41 INF] 【直播间】23447660 的第 33 个心跳包发送成功
[02:46:42 INF] 【直播间】929670 的第 33 个心跳包发送成功
[02:46:44 INF] 【直播间】22764265 的第 33 个心跳包发送成功
[02:47:37 INF] 【直播间】23357926 的第 34 个心跳包发送成功
[02:47:38 INF] 【直播间】23040372 的第 34 个心跳包发送成功
[02:47:39 INF] 【直播间】31494 的第 34 个心跳包发送成功
[02:47:40 INF] 【直播间】4015781 的第 34 个心跳包发送成功
[02:47:41 INF] 【直播间】9619073 的第 34 个心跳包发送成功
[02:47:43 INF] 【直播间】407149 的第 34 个心跳包发送成功
[02:47:44 INF] 【直播间】11732699 的第 34 个心跳包发送成功
[02:47:45 INF] 【直播间】91164 的第 34 个心跳包发送成功
[02:47:46 INF] 【直播间】7184632 的第 34 个心跳包发送成功
[02:47:48 INF] 【直播间】23447660 的第 34 个心跳包发送成功
[02:47:49 INF] 【直播间】929670 的第 34 个心跳包发送成功
[02:47:50 INF] 【直播间】22764265 的第 34 个心跳包发送成功
[02:48:43 INF] 【直播间】23357926 的第 35 个心跳包发送成功
[02:48:44 INF] 【直播间】23040372 的第 35 个心跳包发送成功
[02:48:46 INF] 【直播间】31494 的第 35 个心跳包发送成功
[02:48:47 INF] 【直播间】4015781 的第 35 个心跳包发送成功
[02:48:48 INF] 【直播间】9619073 的第 35 个心跳包发送成功
[02:48:49 INF] 【直播间】407149 的第 35 个心跳包发送成功
[02:48:50 INF] 【直播间】11732699 的第 35 个心跳包发送成功
[02:48:52 INF] 【直播间】91164 的第 35 个心跳包发送成功
[02:48:53 INF] 【直播间】7184632 的第 35 个心跳包发送成功
[02:48:54 INF] 【直播间】23447660 的第 35 个心跳包发送成功
[02:48:55 INF] 【直播间】929670 的第 35 个心跳包发送成功
[02:48:57 INF] 【直播间】22764265 的第 35 个心跳包发送成功
[02:49:50 INF] 【直播间】23357926 的第 36 个心跳包发送成功
[02:49:51 INF] 【直播间】23040372 的第 36 个心跳包发送成功
[02:49:52 INF] 【直播间】31494 的第 36 个心跳包发送成功
[02:49:53 INF] 【直播间】4015781 的第 36 个心跳包发送成功
[02:49:54 INF] 【直播间】9619073 的第 36 个心跳包发送成功
[02:49:56 INF] 【直播间】407149 的第 36 个心跳包发送成功
[02:49:57 INF] 【直播间】11732699 的第 36 个心跳包发送成功
[02:49:58 INF] 【直播间】91164 的第 36 个心跳包发送成功
[02:49:59 INF] 【直播间】7184632 的第 36 个心跳包发送成功
[02:50:01 INF] 【直播间】23447660 的第 36 个心跳包发送成功
[02:50:02 INF] 【直播间】929670 的第 36 个心跳包发送成功
[02:50:03 INF] 【直播间】22764265 的第 36 个心跳包发送成功
[02:50:56 INF] 【直播间】23357926 的第 37 个心跳包发送成功
[02:50:57 INF] 【直播间】23040372 的第 37 个心跳包发送成功
[02:50:58 INF] 【直播间】31494 的第 37 个心跳包发送成功
[02:51:00 INF] 【直播间】4015781 的第 37 个心跳包发送成功
[02:51:01 INF] 【直播间】9619073 的第 37 个心跳包发送成功
[02:51:02 INF] 【直播间】407149 的第 37 个心跳包发送成功
[02:51:03 INF] 【直播间】11732699 的第 37 个心跳包发送成功
[02:51:05 INF] 【直播间】91164 的第 37 个心跳包发送成功
[02:51:06 INF] 【直播间】7184632 的第 37 个心跳包发送成功
[02:51:07 INF] 【直播间】23447660 的第 37 个心跳包发送成功
[02:51:08 INF] 【直播间】929670 的第 37 个心跳包发送成功
[02:51:10 INF] 【直播间】22764265 的第 37 个心跳包发送成功
[02:52:02 INF] 【直播间】23357926 的第 38 个心跳包发送成功
[02:52:04 INF] 【直播间】23040372 的第 38 个心跳包发送成功
[02:52:05 INF] 【直播间】31494 的第 38 个心跳包发送成功
[02:52:06 INF] 【直播间】4015781 的第 38 个心跳包发送成功
[02:52:08 INF] 【直播间】9619073 的第 38 个心跳包发送成功
[02:52:09 INF] 【直播间】407149 的第 38 个心跳包发送成功
[02:52:10 INF] 【直播间】11732699 的第 38 个心跳包发送成功
[02:52:11 INF] 【直播间】91164 的第 38 个心跳包发送成功
[02:52:13 INF] 【直播间】7184632 的第 38 个心跳包发送成功
[02:52:14 INF] 【直播间】23447660 的第 38 个心跳包发送成功
[02:52:15 INF] 【直播间】929670 的第 38 个心跳包发送成功
[02:52:16 INF] 【直播间】22764265 的第 38 个心跳包发送成功
[02:53:09 INF] 【直播间】23357926 的第 39 个心跳包发送成功
[02:53:10 INF] 【直播间】23040372 的第 39 个心跳包发送成功
[02:53:11 INF] 【直播间】31494 的第 39 个心跳包发送成功
[02:53:13 INF] 【直播间】4015781 的第 39 个心跳包发送成功
[02:53:14 INF] 【直播间】9619073 的第 39 个心跳包发送成功
[02:53:15 INF] 【直播间】407149 的第 39 个心跳包发送成功
[02:53:17 INF] 【直播间】11732699 的第 39 个心跳包发送成功
[02:53:18 INF] 【直播间】91164 的第 39 个心跳包发送成功
[02:53:19 INF] 【直播间】7184632 的第 39 个心跳包发送成功
[02:53:20 INF] 【直播间】23447660 的第 39 个心跳包发送成功
[02:53:22 INF] 【直播间】929670 的第 39 个心跳包发送成功
[02:53:23 INF] 【直播间】22764265 的第 39 个心跳包发送成功
[02:54:15 INF] 【直播间】23357926 的第 40 个心跳包发送成功
[02:54:17 INF] 【直播间】23040372 的第 40 个心跳包发送成功
[02:54:18 INF] 【直播间】31494 的第 40 个心跳包发送成功
[02:54:19 INF] 【直播间】4015781 的第 40 个心跳包发送成功
[02:54:20 INF] 【直播间】9619073 的第 40 个心跳包发送成功
[02:54:22 INF] 【直播间】407149 的第 40 个心跳包发送成功
[02:54:23 INF] 【直播间】11732699 的第 40 个心跳包发送成功
[02:54:24 INF] 【直播间】91164 的第 40 个心跳包发送成功
[02:54:25 INF] 【直播间】7184632 的第 40 个心跳包发送成功
[02:54:27 INF] 【直播间】23447660 的第 40 个心跳包发送成功
[02:54:28 INF] 【直播间】929670 的第 40 个心跳包发送成功
[02:54:29 INF] 【直播间】22764265 的第 40 个心跳包发送成功
[02:55:22 INF] 【直播间】23357926 的第 41 个心跳包发送成功
[02:55:23 INF] 【直播间】23040372 的第 41 个心跳包发送成功
[02:55:24 INF] 【直播间】31494 的第 41 个心跳包发送成功
[02:55:25 INF] 【直播间】4015781 的第 41 个心跳包发送成功
[02:55:27 INF] 【直播间】9619073 的第 41 个心跳包发送成功
[02:55:28 INF] 【直播间】407149 的第 41 个心跳包发送成功
[02:55:29 INF] 【直播间】11732699 的第 41 个心跳包发送成功
[02:55:30 INF] 【直播间】91164 的第 41 个心跳包发送成功
[02:55:32 INF] 【直播间】7184632 的第 41 个心跳包发送成功
[02:55:33 INF] 【直播间】23447660 的第 41 个心跳包发送成功
[02:55:34 INF] 【直播间】929670 的第 41 个心跳包发送成功
[02:55:35 INF] 【直播间】22764265 的第 41 个心跳包发送成功
[02:56:28 ERR] 【心跳包】直播间 23357926 发送失败
[02:56:28 ERR] 【原因】time check failed
[02:56:29 INF] 【直播间】23040372 的第 42 个心跳包发送成功
[02:56:31 ERR] 【心跳包】直播间 31494 发送失败
[02:56:31 ERR] 【原因】time check failed
[02:56:32 INF] 【直播间】4015781 的第 42 个心跳包发送成功
[02:56:33 ERR] 【心跳包】直播间 9619073 发送失败
[02:56:33 ERR] 【原因】time check failed
[02:56:34 ERR] 【心跳包】直播间 407149 发送失败
[02:56:34 ERR] 【原因】time check failed
[02:56:36 ERR] 【心跳包】直播间 11732699 发送失败
[02:56:36 ERR] 【原因】time check failed
[02:56:37 INF] 【直播间】91164 的第 42 个心跳包发送成功
[02:56:38 ERR] 【心跳包】直播间 7184632 发送失败
[02:56:38 ERR] 【原因】time check failed
[02:56:39 INF] 【直播间】23447660 的第 42 个心跳包发送成功
[02:56:41 ERR] 【心跳包】直播间 929670 发送失败
[02:56:41 ERR] 【原因】time check failed
[02:56:42 INF] 【直播间】22764265 的第 42 个心跳包发送成功
[02:57:35 INF] 【直播间】23357926 的第 42 个心跳包发送成功
[02:57:36 ERR] 【心跳包】直播间 23040372 发送失败
[02:57:36 ERR] 【原因】time check failed
[02:57:37 INF] 【直播间】31494 的第 42 个心跳包发送成功
[02:57:38 ERR] 【心跳包】直播间 4015781 发送失败
[02:57:38 ERR] 【原因】time check failed
[02:57:40 INF] 【直播间】9619073 的第 42 个心跳包发送成功
[02:57:41 INF] 【直播间】407149 的第 42 个心跳包发送成功
[02:57:42 INF] 【直播间】11732699 的第 42 个心跳包发送成功
[02:57:43 ERR] 【心跳包】直播间 91164 发送失败
[02:57:43 ERR] 【原因】time check failed
[02:57:44 INF] 【直播间】7184632 的第 42 个心跳包发送成功
[02:57:46 ERR] 【心跳包】直播间 23447660 发送失败
[02:57:46 ERR] 【原因】time check failed
[02:57:47 INF] 【直播间】929670 的第 42 个心跳包发送成功
[02:57:48 INF] 【直播间】22764265 的第 43 个心跳包发送成功
[02:58:41 INF] 【直播间】23357926 的第 43 个心跳包发送成功
[02:58:42 INF] 【直播间】23040372 的第 43 个心跳包发送成功
[02:58:43 INF] 【直播间】31494 的第 43 个心跳包发送成功
[02:58:45 INF] 【直播间】4015781 的第 43 个心跳包发送成功
[02:58:46 INF] 【直播间】9619073 的第 43 个心跳包发送成功
[02:58:47 INF] 【直播间】407149 的第 43 个心跳包发送成功
[02:58:48 INF] 【直播间】11732699 的第 43 个心跳包发送成功
[02:58:50 INF] 【直播间】91164 的第 43 个心跳包发送成功
[02:58:51 INF] 【直播间】7184632 的第 43 个心跳包发送成功
[02:58:52 INF] 【直播间】23447660 的第 43 个心跳包发送成功
[02:58:53 INF] 【直播间】929670 的第 43 个心跳包发送成功
[02:58:55 ERR] 【心跳包】直播间 22764265 发送失败
[02:58:55 ERR] 【原因】time check failed
[02:59:48 INF] 【直播间】23357926 的第 44 个心跳包发送成功
[02:59:49 INF] 【直播间】23040372 的第 44 个心跳包发送成功
[02:59:50 INF] 【直播间】31494 的第 44 个心跳包发送成功
[02:59:51 INF] 【直播间】4015781 的第 44 个心跳包发送成功
[02:59:53 INF] 【直播间】9619073 的第 44 个心跳包发送成功
[02:59:54 INF] 【直播间】407149 的第 44 个心跳包发送成功
[02:59:55 INF] 【直播间】11732699 的第 44 个心跳包发送成功
[02:59:56 INF] 【直播间】91164 的第 44 个心跳包发送成功
[02:59:58 INF] 【直播间】7184632 的第 44 个心跳包发送成功
[02:59:59 INF] 【直播间】23447660 的第 44 个心跳包发送成功
[03:00:00 INF] 【直播间】929670 的第 44 个心跳包发送成功
[03:00:01 INF] 【直播间】22764265 的第 44 个心跳包发送成功
[03:00:54 INF] 【直播间】23357926 的第 45 个心跳包发送成功
[03:00:55 INF] 【直播间】23040372 的第 45 个心跳包发送成功
[03:00:57 INF] 【直播间】31494 的第 45 个心跳包发送成功
[03:00:58 INF] 【直播间】4015781 的第 45 个心跳包发送成功
[03:00:59 INF] 【直播间】9619073 的第 45 个心跳包发送成功
[03:01:01 INF] 【直播间】407149 的第 45 个心跳包发送成功
[03:01:02 INF] 【直播间】11732699 的第 45 个心跳包发送成功
[03:01:03 INF] 【直播间】91164 的第 45 个心跳包发送成功
[03:01:04 INF] 【直播间】7184632 的第 45 个心跳包发送成功
[03:01:05 INF] 【直播间】23447660 的第 45 个心跳包发送成功
[03:01:07 INF] 【直播间】929670 的第 45 个心跳包发送成功
[03:01:08 INF] 【直播间】22764265 的第 45 个心跳包发送成功
[03:02:00 INF] 【直播间】23357926 的第 46 个心跳包发送成功
[03:02:02 INF] 【直播间】23040372 的第 46 个心跳包发送成功
[03:02:03 INF] 【直播间】31494 的第 46 个心跳包发送成功
[03:02:04 INF] 【直播间】4015781 的第 46 个心跳包发送成功
[03:02:05 INF] 【直播间】9619073 的第 46 个心跳包发送成功
[03:02:07 INF] 【直播间】407149 的第 46 个心跳包发送成功
[03:02:08 INF] 【直播间】11732699 的第 46 个心跳包发送成功
[03:02:09 INF] 【直播间】91164 的第 46 个心跳包发送成功
[03:02:11 INF] 【直播间】7184632 的第 46 个心跳包发送成功
[03:02:12 INF] 【直播间】23447660 的第 46 个心跳包发送成功
[03:02:13 INF] 【直播间】929670 的第 46 个心跳包发送成功
[03:02:14 INF] 【直播间】22764265 的第 46 个心跳包发送成功
[03:03:07 INF] 【直播间】23357926 的第 47 个心跳包发送成功
[03:03:08 INF] 【直播间】23040372 的第 47 个心跳包发送成功
[03:03:09 INF] 【直播间】31494 的第 47 个心跳包发送成功
[03:03:10 INF] 【直播间】4015781 的第 47 个心跳包发送成功
[03:03:12 INF] 【直播间】9619073 的第 47 个心跳包发送成功
[03:03:13 INF] 【直播间】407149 的第 47 个心跳包发送成功
[03:03:14 INF] 【直播间】11732699 的第 47 个心跳包发送成功
[03:03:16 INF] 【直播间】91164 的第 47 个心跳包发送成功
[03:03:17 INF] 【直播间】7184632 的第 47 个心跳包发送成功
[03:03:18 INF] 【直播间】23447660 的第 47 个心跳包发送成功
[03:03:19 INF] 【直播间】929670 的第 47 个心跳包发送成功
[03:03:21 INF] 【直播间】22764265 的第 47 个心跳包发送成功
[03:04:13 INF] 【直播间】23357926 的第 48 个心跳包发送成功
[03:04:14 INF] 【直播间】23040372 的第 48 个心跳包发送成功
[03:04:16 INF] 【直播间】31494 的第 48 个心跳包发送成功
[03:04:17 INF] 【直播间】4015781 的第 48 个心跳包发送成功
[03:04:18 INF] 【直播间】9619073 的第 48 个心跳包发送成功
[03:04:19 INF] 【直播间】407149 的第 48 个心跳包发送成功
[03:04:21 INF] 【直播间】11732699 的第 48 个心跳包发送成功
[03:04:22 INF] 【直播间】91164 的第 48 个心跳包发送成功
[03:04:23 INF] 【直播间】7184632 的第 48 个心跳包发送成功
[03:04:25 INF] 【直播间】23447660 的第 48 个心跳包发送成功
[03:04:26 INF] 【直播间】929670 的第 48 个心跳包发送成功
[03:04:27 INF] 【直播间】22764265 的第 48 个心跳包发送成功
[03:05:20 INF] 【直播间】23357926 的第 49 个心跳包发送成功
[03:05:21 INF] 【直播间】23040372 的第 49 个心跳包发送成功
[03:05:22 INF] 【直播间】31494 的第 49 个心跳包发送成功
[03:05:24 INF] 【直播间】4015781 的第 49 个心跳包发送成功
[03:05:25 INF] 【直播间】9619073 的第 49 个心跳包发送成功
[03:05:26 INF] 【直播间】407149 的第 49 个心跳包发送成功
[03:05:27 INF] 【直播间】11732699 的第 49 个心跳包发送成功
[03:05:28 INF] 【直播间】91164 的第 49 个心跳包发送成功
[03:05:30 INF] 【直播间】7184632 的第 49 个心跳包发送成功
[03:05:31 INF] 【直播间】23447660 的第 49 个心跳包发送成功
[03:05:32 INF] 【直播间】929670 的第 49 个心跳包发送成功
[03:05:33 INF] 【直播间】22764265 的第 49 个心跳包发送成功
[03:06:26 INF] 【直播间】23357926 的第 50 个心跳包发送成功
[03:06:27 INF] 【直播间】23040372 的第 50 个心跳包发送成功
[03:06:29 INF] 【直播间】31494 的第 50 个心跳包发送成功
[03:06:30 INF] 【直播间】4015781 的第 50 个心跳包发送成功
[03:06:31 INF] 【直播间】9619073 的第 50 个心跳包发送成功
[03:06:33 INF] 【直播间】407149 的第 50 个心跳包发送成功
[03:06:34 INF] 【直播间】11732699 的第 50 个心跳包发送成功
[03:06:35 INF] 【直播间】91164 的第 50 个心跳包发送成功
[03:06:36 INF] 【直播间】7184632 的第 50 个心跳包发送成功
[03:06:38 INF] 【直播间】23447660 的第 50 个心跳包发送成功
[03:06:39 INF] 【直播间】929670 的第 50 个心跳包发送成功
[03:06:40 INF] 【直播间】22764265 的第 50 个心跳包发送成功
[03:07:33 INF] 【直播间】23357926 的第 51 个心跳包发送成功
[03:07:34 INF] 【直播间】23040372 的第 51 个心跳包发送成功
[03:07:36 INF] 【直播间】31494 的第 51 个心跳包发送成功
[03:07:37 INF] 【直播间】4015781 的第 51 个心跳包发送成功
[03:07:38 INF] 【直播间】9619073 的第 51 个心跳包发送成功
[03:07:39 INF] 【直播间】407149 的第 51 个心跳包发送成功
[03:07:41 INF] 【直播间】11732699 的第 51 个心跳包发送成功
[03:07:42 INF] 【直播间】91164 的第 51 个心跳包发送成功
[03:07:43 INF] 【直播间】7184632 的第 51 个心跳包发送成功
[03:07:44 INF] 【直播间】23447660 的第 51 个心跳包发送成功
[03:07:46 INF] 【直播间】929670 的第 51 个心跳包发送成功
[03:07:47 INF] 【直播间】22764265 的第 51 个心跳包发送成功
[03:08:39 INF] 【直播间】23357926 的第 52 个心跳包发送成功
[03:08:40 INF] 【直播间】23040372 的第 52 个心跳包发送成功
[03:08:42 INF] 【直播间】31494 的第 52 个心跳包发送成功
[03:08:43 INF] 【直播间】4015781 的第 52 个心跳包发送成功
[03:08:44 INF] 【直播间】9619073 的第 52 个心跳包发送成功
[03:08:46 INF] 【直播间】407149 的第 52 个心跳包发送成功
[03:08:47 INF] 【直播间】11732699 的第 52 个心跳包发送成功
[03:08:48 INF] 【直播间】91164 的第 52 个心跳包发送成功
[03:08:49 INF] 【直播间】7184632 的第 52 个心跳包发送成功
[03:08:51 INF] 【直播间】23447660 的第 52 个心跳包发送成功
[03:08:52 INF] 【直播间】929670 的第 52 个心跳包发送成功
[03:08:53 INF] 【直播间】22764265 的第 52 个心跳包发送成功
[03:09:46 INF] 【直播间】23357926 的第 53 个心跳包发送成功
[03:09:47 INF] 【直播间】23040372 的第 53 个心跳包发送成功
[03:09:48 INF] 【直播间】31494 的第 53 个心跳包发送成功
[03:09:49 INF] 【直播间】4015781 的第 53 个心跳包发送成功
[03:09:51 INF] 【直播间】9619073 的第 53 个心跳包发送成功
[03:09:52 INF] 【直播间】407149 的第 53 个心跳包发送成功
[03:09:53 INF] 【直播间】11732699 的第 53 个心跳包发送成功
[03:09:54 INF] 【直播间】91164 的第 53 个心跳包发送成功
[03:09:56 INF] 【直播间】7184632 的第 53 个心跳包发送成功
[03:09:57 INF] 【直播间】23447660 的第 53 个心跳包发送成功
[03:09:58 INF] 【直播间】929670 的第 53 个心跳包发送成功
[03:09:59 INF] 【直播间】22764265 的第 53 个心跳包发送成功
[03:10:52 INF] 【直播间】23357926 的第 54 个心跳包发送成功
[03:10:53 INF] 【直播间】23040372 的第 54 个心跳包发送成功
[03:10:55 INF] 【直播间】31494 的第 54 个心跳包发送成功
[03:10:56 INF] 【直播间】4015781 的第 54 个心跳包发送成功
[03:10:57 INF] 【直播间】9619073 的第 54 个心跳包发送成功
[03:10:58 INF] 【直播间】407149 的第 54 个心跳包发送成功
[03:11:00 INF] 【直播间】11732699 的第 54 个心跳包发送成功
[03:11:01 INF] 【直播间】91164 的第 54 个心跳包发送成功
[03:11:02 INF] 【直播间】7184632 的第 54 个心跳包发送成功
[03:11:03 INF] 【直播间】23447660 的第 54 个心跳包发送成功
[03:11:05 INF] 【直播间】929670 的第 54 个心跳包发送成功
[03:11:06 INF] 【直播间】22764265 的第 54 个心跳包发送成功
[03:11:58 INF] 【直播间】23357926 的第 55 个心跳包发送成功
[03:12:00 INF] 【直播间】23040372 的第 55 个心跳包发送成功
[03:12:01 ERR] 【心跳包】直播间 31494 发送失败
[03:12:01 ERR] 【原因】time check failed
[03:12:02 INF] 【直播间】4015781 的第 55 个心跳包发送成功
[03:12:04 ERR] 【心跳包】直播间 9619073 发送失败
[03:12:04 ERR] 【原因】time check failed
[03:12:05 ERR] 【心跳包】直播间 407149 发送失败
[03:12:05 ERR] 【原因】time check failed
[03:12:06 INF] 【直播间】11732699 的第 55 个心跳包发送成功
[03:12:07 INF] 【直播间】91164 的第 55 个心跳包发送成功
[03:12:09 ERR] 【心跳包】直播间 7184632 发送失败
[03:12:09 ERR] 【原因】time check failed
[03:12:10 INF] 【直播间】23447660 的第 55 个心跳包发送成功
[03:12:11 ERR] 【心跳包】直播间 929670 发送失败
[03:12:11 ERR] 【原因】time check failed
[03:12:12 INF] 【直播间】22764265 的第 55 个心跳包发送成功
[03:13:05 ERR] 【心跳包】直播间 23357926 发送失败
[03:13:05 ERR] 【原因】time check failed
[03:13:06 INF] 【直播间】23040372 的第 56 个心跳包发送成功
[03:13:07 INF] 【直播间】31494 的第 55 个心跳包发送成功
[03:13:09 ERR] 【心跳包】直播间 4015781 发送失败
[03:13:09 ERR] 【原因】time check failed
[03:13:10 INF] 【直播间】9619073 的第 55 个心跳包发送成功
[03:13:11 INF] 【直播间】407149 的第 55 个心跳包发送成功
[03:13:12 ERR] 【心跳包】直播间 11732699 发送失败
[03:13:12 ERR] 【原因】time check failed
[03:13:14 ERR] 【心跳包】直播间 91164 发送失败
[03:13:14 ERR] 【原因】time check failed
[03:13:15 INF] 【直播间】7184632 的第 55 个心跳包发送成功
[03:13:16 INF] 【直播间】23447660 的第 56 个心跳包发送成功
[03:13:17 INF] 【直播间】929670 的第 55 个心跳包发送成功
[03:13:19 INF] 【直播间】22764265 的第 56 个心跳包发送成功
[03:14:11 INF] 【直播间】23357926 的第 56 个心跳包发送成功
[03:14:13 ERR] 【心跳包】直播间 23040372 发送失败
[03:14:13 ERR] 【原因】time check failed
[03:14:14 INF] 【直播间】31494 的第 56 个心跳包发送成功
[03:14:15 INF] 【直播间】4015781 的第 56 个心跳包发送成功
[03:14:16 INF] 【直播间】9619073 的第 56 个心跳包发送成功
[03:14:17 INF] 【直播间】407149 的第 56 个心跳包发送成功
[03:14:19 INF] 【直播间】11732699 的第 56 个心跳包发送成功
[03:14:20 INF] 【直播间】91164 的第 56 个心跳包发送成功
[03:14:21 INF] 【直播间】7184632 的第 56 个心跳包发送成功
[03:14:22 ERR] 【心跳包】直播间 23447660 发送失败
[03:14:22 ERR] 【原因】time check failed
[03:14:24 INF] 【直播间】929670 的第 56 个心跳包发送成功
[03:14:25 ERR] 【心跳包】直播间 22764265 发送失败
[03:14:25 ERR] 【原因】time check failed
[03:15:18 INF] 【直播间】23357926 的第 57 个心跳包发送成功
[03:15:19 INF] 【直播间】23040372 的第 57 个心跳包发送成功
[03:15:20 INF] 【直播间】31494 的第 57 个心跳包发送成功
[03:15:21 INF] 【直播间】4015781 的第 57 个心跳包发送成功
[03:15:23 INF] 【直播间】9619073 的第 57 个心跳包发送成功
[03:15:24 INF] 【直播间】407149 的第 57 个心跳包发送成功
[03:15:25 INF] 【直播间】11732699 的第 57 个心跳包发送成功
[03:15:26 INF] 【直播间】91164 的第 57 个心跳包发送成功
[03:15:28 INF] 【直播间】7184632 的第 57 个心跳包发送成功
[03:15:29 INF] 【直播间】23447660 的第 57 个心跳包发送成功
[03:15:30 INF] 【直播间】929670 的第 57 个心跳包发送成功
[03:15:31 INF] 【直播间】22764265 的第 57 个心跳包发送成功
[03:16:24 INF] 【直播间】23357926 的第 58 个心跳包发送成功
[03:16:26 INF] 【直播间】23040372 的第 58 个心跳包发送成功
[03:16:27 INF] 【直播间】31494 的第 58 个心跳包发送成功
[03:16:28 INF] 【直播间】4015781 的第 58 个心跳包发送成功
[03:16:30 INF] 【直播间】9619073 的第 58 个心跳包发送成功
[03:16:31 INF] 【直播间】407149 的第 58 个心跳包发送成功
[03:16:32 INF] 【直播间】11732699 的第 58 个心跳包发送成功
[03:16:33 INF] 【直播间】91164 的第 58 个心跳包发送成功
[03:16:34 INF] 【直播间】7184632 的第 58 个心跳包发送成功
[03:16:36 INF] 【直播间】23447660 的第 58 个心跳包发送成功
[03:16:37 INF] 【直播间】929670 的第 58 个心跳包发送成功
[03:16:38 INF] 【直播间】22764265 的第 58 个心跳包发送成功
[03:17:31 INF] 【直播间】23357926 的第 59 个心跳包发送成功
[03:17:32 INF] 【直播间】23040372 的第 59 个心跳包发送成功
[03:17:33 INF] 【直播间】31494 的第 59 个心跳包发送成功
[03:17:35 INF] 【直播间】4015781 的第 59 个心跳包发送成功
[03:17:36 INF] 【直播间】9619073 的第 59 个心跳包发送成功
[03:17:37 INF] 【直播间】407149 的第 59 个心跳包发送成功
[03:17:38 INF] 【直播间】11732699 的第 59 个心跳包发送成功
[03:17:39 INF] 【直播间】91164 的第 59 个心跳包发送成功
[03:17:41 INF] 【直播间】7184632 的第 59 个心跳包发送成功
[03:17:42 INF] 【直播间】23447660 的第 59 个心跳包发送成功
[03:17:43 INF] 【直播间】929670 的第 59 个心跳包发送成功
[03:17:45 INF] 【直播间】22764265 的第 59 个心跳包发送成功
[03:18:37 INF] 【直播间】23357926 的第 60 个心跳包发送成功
[03:18:38 INF] 【直播间】23040372 的第 60 个心跳包发送成功
[03:18:40 INF] 【直播间】31494 的第 60 个心跳包发送成功
[03:18:41 INF] 【直播间】4015781 的第 60 个心跳包发送成功
[03:18:42 INF] 【直播间】9619073 的第 60 个心跳包发送成功
[03:18:43 INF] 【直播间】407149 的第 60 个心跳包发送成功
[03:18:45 INF] 【直播间】11732699 的第 60 个心跳包发送成功
[03:18:46 INF] 【直播间】91164 的第 60 个心跳包发送成功
[03:18:47 INF] 【直播间】7184632 的第 60 个心跳包发送成功
[03:18:48 INF] 【直播间】23447660 的第 60 个心跳包发送成功
[03:18:50 INF] 【直播间】929670 的第 60 个心跳包发送成功
[03:18:51 INF] 【直播间】22764265 的第 60 个心跳包发送成功
[03:19:44 INF] 【直播间】23357926 的第 61 个心跳包发送成功
[03:19:45 INF] 【直播间】23040372 的第 61 个心跳包发送成功
[03:19:46 INF] 【直播间】31494 的第 61 个心跳包发送成功
[03:19:47 INF] 【直播间】4015781 的第 61 个心跳包发送成功
[03:19:48 INF] 【直播间】9619073 的第 61 个心跳包发送成功
[03:19:50 INF] 【直播间】407149 的第 61 个心跳包发送成功
[03:19:51 INF] 【直播间】11732699 的第 61 个心跳包发送成功
[03:19:52 INF] 【直播间】91164 的第 61 个心跳包发送成功
[03:19:53 INF] 【直播间】7184632 的第 61 个心跳包发送成功
[03:19:55 INF] 【直播间】23447660 的第 61 个心跳包发送成功
[03:19:56 INF] 【直播间】929670 的第 61 个心跳包发送成功
[03:19:57 INF] 【直播间】22764265 的第 61 个心跳包发送成功
[03:20:50 INF] 【直播间】23357926 的第 62 个心跳包发送成功
[03:20:51 INF] 【直播间】23040372 的第 62 个心跳包发送成功
[03:20:52 INF] 【直播间】31494 的第 62 个心跳包发送成功
[03:20:54 INF] 【直播间】4015781 的第 62 个心跳包发送成功
[03:20:55 INF] 【直播间】9619073 的第 62 个心跳包发送成功
[03:20:56 INF] 【直播间】407149 的第 62 个心跳包发送成功
[03:20:58 INF] 【直播间】11732699 的第 62 个心跳包发送成功
[03:20:59 INF] 【直播间】91164 的第 62 个心跳包发送成功
[03:21:00 INF] 【直播间】7184632 的第 62 个心跳包发送成功
[03:21:01 INF] 【直播间】23447660 的第 62 个心跳包发送成功
[03:21:03 INF] 【直播间】929670 的第 62 个心跳包发送成功
[03:21:04 INF] 【直播间】22764265 的第 62 个心跳包发送成功
[03:21:57 INF] 【直播间】23357926 的第 63 个心跳包发送成功
[03:21:58 INF] 【直播间】23040372 的第 63 个心跳包发送成功
[03:21:59 INF] 【直播间】31494 的第 63 个心跳包发送成功
[03:22:01 INF] 【直播间】4015781 的第 63 个心跳包发送成功
[03:22:02 INF] 【直播间】9619073 的第 63 个心跳包发送成功
[03:22:03 INF] 【直播间】407149 的第 63 个心跳包发送成功
[03:22:04 INF] 【直播间】11732699 的第 63 个心跳包发送成功
[03:22:05 INF] 【直播间】91164 的第 63 个心跳包发送成功
[03:22:07 INF] 【直播间】7184632 的第 63 个心跳包发送成功
[03:22:08 INF] 【直播间】23447660 的第 63 个心跳包发送成功
[03:22:09 INF] 【直播间】929670 的第 63 个心跳包发送成功
[03:22:11 INF] 【直播间】22764265 的第 63 个心跳包发送成功
[03:23:03 INF] 【直播间】23357926 的第 64 个心跳包发送成功
[03:23:04 INF] 【直播间】23040372 的第 64 个心跳包发送成功
[03:23:06 INF] 【直播间】31494 的第 64 个心跳包发送成功
[03:23:07 INF] 【直播间】4015781 的第 64 个心跳包发送成功
[03:23:08 INF] 【直播间】9619073 的第 64 个心跳包发送成功
[03:23:09 INF] 【直播间】407149 的第 64 个心跳包发送成功
[03:23:11 INF] 【直播间】11732699 的第 64 个心跳包发送成功
[03:23:12 INF] 【直播间】91164 的第 64 个心跳包发送成功
[03:23:13 INF] 【直播间】7184632 的第 64 个心跳包发送成功
[03:23:15 INF] 【直播间】23447660 的第 64 个心跳包发送成功
[03:23:16 INF] 【直播间】929670 的第 64 个心跳包发送成功
[03:23:17 INF] 【直播间】22764265 的第 64 个心跳包发送成功
[03:24:09 INF] 【直播间】23357926 的第 65 个心跳包发送成功
[03:24:11 INF] 【直播间】23040372 的第 65 个心跳包发送成功
[03:24:12 INF] 【直播间】31494 的第 65 个心跳包发送成功
[03:24:13 INF] 【直播间】4015781 的第 65 个心跳包发送成功
[03:24:14 INF] 【直播间】9619073 的第 65 个心跳包发送成功
[03:24:16 INF] 【直播间】407149 的第 65 个心跳包发送成功
[03:24:17 INF] 【直播间】11732699 的第 65 个心跳包发送成功
[03:24:18 INF] 【直播间】91164 的第 65 个心跳包发送成功
[03:24:20 INF] 【直播间】7184632 的第 65 个心跳包发送成功
[03:24:21 INF] 【直播间】23447660 的第 65 个心跳包发送成功
[03:24:22 INF] 【直播间】929670 的第 65 个心跳包发送成功
[03:24:23 INF] 【直播间】22764265 的第 65 个心跳包发送成功
[03:25:16 INF] 【直播间】23357926 的第 66 个心跳包发送成功
[03:25:17 INF] 【直播间】23040372 的第 66 个心跳包发送成功
[03:25:18 INF] 【直播间】31494 的第 66 个心跳包发送成功
[03:25:20 INF] 【直播间】4015781 的第 66 个心跳包发送成功
[03:25:21 INF] 【直播间】9619073 的第 66 个心跳包发送成功
[03:25:22 INF] 【直播间】407149 的第 66 个心跳包发送成功
[03:25:23 INF] 【直播间】11732699 的第 66 个心跳包发送成功
[03:25:24 INF] 【直播间】91164 的第 66 个心跳包发送成功
[03:25:26 INF] 【直播间】7184632 的第 66 个心跳包发送成功
[03:25:27 INF] 【直播间】23447660 的第 66 个心跳包发送成功
[03:25:29 INF] 【直播间】929670 的第 66 个心跳包发送成功
[03:25:30 INF] 【直播间】22764265 的第 66 个心跳包发送成功
[03:26:22 INF] 【直播间】23357926 的第 67 个心跳包发送成功
[03:26:23 INF] 【直播间】23040372 的第 67 个心跳包发送成功
[03:26:25 INF] 【直播间】31494 的第 67 个心跳包发送成功
[03:26:26 INF] 【直播间】4015781 的第 67 个心跳包发送成功
[03:26:27 INF] 【直播间】9619073 的第 67 个心跳包发送成功
[03:26:28 INF] 【直播间】407149 的第 67 个心跳包发送成功
[03:26:30 INF] 【直播间】11732699 的第 67 个心跳包发送成功
[03:26:31 INF] 【直播间】91164 的第 67 个心跳包发送成功
[03:26:32 INF] 【直播间】7184632 的第 67 个心跳包发送成功
[03:26:33 INF] 【直播间】23447660 的第 67 个心跳包发送成功
[03:26:35 INF] 【直播间】929670 的第 67 个心跳包发送成功
[03:26:36 INF] 【直播间】22764265 的第 67 个心跳包发送成功
[03:27:29 INF] 【直播间】23357926 的第 68 个心跳包发送成功
[03:27:30 INF] 【直播间】23040372 的第 68 个心跳包发送成功
[03:27:32 INF] 【直播间】31494 的第 68 个心跳包发送成功
[03:27:33 INF] 【直播间】4015781 的第 68 个心跳包发送成功
[03:27:34 INF] 【直播间】9619073 的第 68 个心跳包发送成功
[03:27:35 INF] 【直播间】407149 的第 68 个心跳包发送成功
[03:27:37 INF] 【直播间】11732699 的第 68 个心跳包发送成功
[03:27:38 INF] 【直播间】91164 的第 68 个心跳包发送成功
[03:27:39 INF] 【直播间】7184632 的第 68 个心跳包发送成功
[03:27:40 INF] 【直播间】23447660 的第 68 个心跳包发送成功
[03:27:42 INF] 【直播间】929670 的第 68 个心跳包发送成功
[03:27:43 INF] 【直播间】22764265 的第 68 个心跳包发送成功
[03:28:35 INF] 【直播间】23357926 的第 69 个心跳包发送成功
[03:28:37 INF] 【直播间】23040372 的第 69 个心跳包发送成功
[03:28:38 ERR] 【心跳包】直播间 31494 发送失败
[03:28:38 ERR] 【原因】time check failed
[03:28:39 INF] 【直播间】4015781 的第 69 个心跳包发送成功
[03:28:40 ERR] 【心跳包】直播间 9619073 发送失败
[03:28:40 ERR] 【原因】time check failed
[03:28:41 ERR] 【心跳包】直播间 407149 发送失败
[03:28:41 ERR] 【原因】time check failed
[03:28:43 ERR] 【心跳包】直播间 11732699 发送失败
[03:28:43 ERR] 【原因】time check failed
[03:28:44 INF] 【直播间】91164 的第 69 个心跳包发送成功
[03:28:45 ERR] 【心跳包】直播间 7184632 发送失败
[03:28:45 ERR] 【原因】time check failed
[03:28:47 INF] 【直播间】23447660 的第 69 个心跳包发送成功
[03:28:48 ERR] 【心跳包】直播间 929670 发送失败
[03:28:48 ERR] 【原因】time check failed
[03:28:49 INF] 【直播间】22764265 的第 69 个心跳包发送成功
[03:29:42 ERR] 【心跳包】直播间 23357926 发送失败
[03:29:42 ERR] 【原因】time check failed
[03:29:43 INF] 【直播间】23040372 的第 70 个心跳包发送成功
[03:29:44 INF] 【直播间】31494 的第 69 个心跳包发送成功
[03:29:45 ERR] 【心跳包】直播间 4015781 发送失败
[03:29:45 ERR] 【原因】time check failed
[03:29:47 INF] 【直播间】9619073 的第 69 个心跳包发送成功
[03:29:48 INF] 【直播间】407149 的第 69 个心跳包发送成功
[03:29:49 INF] 【直播间】11732699 的第 69 个心跳包发送成功
[03:29:50 ERR] 【心跳包】直播间 91164 发送失败
[03:29:50 ERR] 【原因】time check failed
[03:29:52 INF] 【直播间】7184632 的第 69 个心跳包发送成功
[03:29:53 ERR] 【心跳包】直播间 23447660 发送失败
[03:29:53 ERR] 【原因】time check failed
[03:29:54 INF] 【直播间】929670 的第 69 个心跳包发送成功
[03:29:55 INF] 【直播间】22764265 的第 70 个心跳包发送成功
[03:30:48 INF] 【直播间】23357926 的第 70 个心跳包发送成功
[03:30:49 ERR] 【心跳包】直播间 23040372 发送失败
[03:30:49 ERR] 【原因】time check failed
[03:30:51 INF] 【直播间】31494 的第 70 个心跳包发送成功
[03:30:52 INF] 【直播间】4015781 的第 70 个心跳包发送成功
[03:30:53 INF] 【直播间】9619073 的第 70 个心跳包发送成功
[03:30:54 INF] 【直播间】407149 的第 70 个心跳包发送成功
[03:30:55 INF] 【直播间】11732699 的第 70 个心跳包发送成功
[03:30:57 INF] 【直播间】91164 的第 70 个心跳包发送成功
[03:30:58 INF] 【直播间】7184632 的第 70 个心跳包发送成功
[03:30:59 INF] 【直播间】23447660 的第 70 个心跳包发送成功
[03:31:00 INF] 【直播间】929670 的第 70 个心跳包发送成功
[03:31:02 ERR] 【心跳包】直播间 22764265 发送失败
[03:31:02 ERR] 【原因】time check failed
[03:31:02 INF] 【直播观看时长】完成情况：12/12 
[03:31:02 INF] ---------结束---------

[03:31:02 INF] ==========结束==========

[03:31:02 INF] ######### 账号 3 #########

[03:31:02 INF] =====开始 直播间互动 =====

[03:31:02 INF] ---开始 发送弹幕 ---
[03:31:02 INF] 检测到直播 Cookie 未正确配置，尝试自动配置中...
[03:31:07 INF] 直播 Cookie 配置成功！
[03:31:07 INF] 【获取直播列表】获取拥有粉丝牌的直播列表
[03:31:13 ERR] 【获取直播列表】失败
[03:31:13 ERR] 【原因】账号未登录
[03:31:13 ERR] 发送弹幕失败，继续其他任务。失败信息:Object reference not set to an instance of an object.

[03:31:13 INF] -------结束-------

[03:31:13 INF] ---开始 点赞直播间 ---
[03:31:13 INF] 【获取直播列表】获取拥有粉丝牌的直播列表
[03:31:19 ERR] 【获取直播列表】失败
[03:31:19 ERR] 【原因】账号未登录
[03:31:19 ERR] 点赞直播间失败，继续其他任务。失败信息:Object reference not set to an instance of an object.

[03:31:19 INF] --------结束--------

[03:31:19 INF] ---开始 直播时长挂机 ---
[03:31:19 INF] 【获取直播列表】获取拥有粉丝牌的直播列表
[03:31:23 ERR] 【获取直播列表】失败
[03:31:23 ERR] 【原因】账号未登录
[03:31:23 ERR] 直播时长挂机失败，继续其他任务。失败信息:Object reference not set to an instance of an object.

[03:31:23 INF] ---------结束---------

[03:31:23 INF] ==========结束==========

[03:31:23 INF] 

========================

 v2.0.1 开源 by https://github.com/RayWangQvQ/BiliBiliToolPro

[03:31:23 INF] ·开始推送·LiveFansMedal任务·
2023-10-20T19:31:23.5839968Z 开始推送到:PushPlus
2023-10-20T19:31:24.8107932Z Response status: OK.
2023-10-20T19:31:24.8108392Z Response content: {"code":999,"msg":"发送内容过大，不能超过2万字","data":null}.

[03:31:24 INF] 运行环境：Development
[03:31:24 INF] 应用目录：/home/runner/work/BiliBiliToolPro/BiliBiliToolPro/src/Ray.BiliBiliTool.Console/bin/Debug/net6.0/

[03:31:24 INF] 运行结束
