----------- ip 信息 ---------
{
  "ip": "40.77.125.160",
  "city": "Des Moines",
  "region": "Iowa",
  "country": "US",
  "loc": "41.6005,-93.6091",
  "org": "AS8075 Microsoft Corporation",
  "postal": "50307",
  "timezone": "America/Chicago",
  "readme": "https://ipinfo.io/missingauth"
} ---------- end ------------
  ____               ____    _   _____           _  
 |  _ \ __ _ _   _  | __ ) _| |_|_   _|__   ___ | | 
 | |_) / _` | | | | |  _ \(_) (_) | |/ _ \ / _ \| | 
 |  _ < (_| | |_| | | |_) | | | | | | (_) | (_) | | 
 |_| \_\__,_|\__, | |____/|_|_|_| |_|\___/ \___/|_| 
             |___/                                  

[00:25:32 INF] BiliBiliToolPro 开始运行...

[00:25:32 INF] 【账号个数】3个

[00:25:32 INF] 随机休眠2分钟

[00:27:32 INF] 【目标任务】LiveFansMedal
[00:27:32 INF] ######### 账号 1 #########

[00:27:33 INF] =====开始 直播间互动 =====

[00:27:33 INF] ---开始 发送弹幕 ---
[00:27:33 INF] 检测到直播 Cookie 未正确配置，尝试自动配置中...
[00:27:39 INF] 直播 Cookie 配置成功！
[00:27:39 INF] 【获取直播列表】获取拥有粉丝牌的直播列表
[00:27:44 INF] 【主播】Mark陌枫 
[00:28:03 INF] 【主播】KL_qiqi_ 
[00:28:18 INF] 【主播】苏打baka 
[00:28:34 INF] 【直播间】Mark陌枫
[00:28:34 INF] 【粉丝牌】馬楓
[00:28:34 INF] 正在发送弹幕...
[00:28:40 INF] 【直播间】KL_qiqi_
[00:28:40 INF] 【粉丝牌】qiqisb
[00:28:40 INF] 正在发送弹幕...
[00:28:44 INF] 【直播间】苏打baka
[00:28:44 INF] 【粉丝牌】碳酸钠
[00:28:44 INF] 正在发送弹幕...
[00:28:50 INF] -------结束-------

[00:28:50 INF] ---开始 点赞直播间 ---
[00:28:50 INF] 【获取直播列表】获取拥有粉丝牌的直播列表
[00:28:51 INF] 【弹幕发送】成功~，你和主播 Mark陌枫 的亲密值增加了100！
[00:28:52 ERR] 【弹幕发送】失败
[00:28:52 ERR] 【原因】您发送弹幕的频率过快
[00:28:56 INF] 【主播】Mark陌枫 
[00:28:59 INF] 【弹幕发送】成功~，你和主播 苏打baka 的亲密值增加了100！
[00:29:13 INF] 【主播】KL_qiqi_ 
[00:29:31 INF] 【主播】苏打baka 
[00:29:55 INF] 【点赞直播间】23357926 完成
[00:30:02 INF] 【点赞直播间】407149 完成
[00:30:05 INF] --------结束--------

[00:30:05 INF] ---开始 直播时长挂机 ---
[00:30:05 INF] 【获取直播列表】获取拥有粉丝牌的直播列表
[00:30:05 INF] 【点赞直播间】23040372 完成
[00:30:13 INF] 【主播】Mark陌枫 
[00:30:30 INF] 【主播】KL_qiqi_ 
[00:30:44 INF] 【主播】苏打baka 
[00:31:02 INF] 【直播间】23357926 的第 1 个心跳包发送成功
[00:31:04 INF] 【直播间】407149 的第 1 个心跳包发送成功
[00:31:05 INF] 【直播间】23040372 的第 1 个心跳包发送成功
[00:32:09 INF] 【直播间】23357926 的第 2 个心跳包发送成功
[00:32:10 INF] 【直播间】407149 的第 2 个心跳包发送成功
[00:32:11 INF] 【直播间】23040372 的第 2 个心跳包发送成功
[00:33:16 INF] 【直播间】23357926 的第 3 个心跳包发送成功
[00:33:17 INF] 【直播间】407149 的第 3 个心跳包发送成功
[00:33:18 INF] 【直播间】23040372 的第 3 个心跳包发送成功
[00:34:23 INF] 【直播间】23357926 的第 4 个心跳包发送成功
[00:34:24 INF] 【直播间】407149 的第 4 个心跳包发送成功
[00:34:25 INF] 【直播间】23040372 的第 4 个心跳包发送成功
[00:35:29 INF] 【直播间】23357926 的第 5 个心跳包发送成功
[00:35:31 INF] 【直播间】407149 的第 5 个心跳包发送成功
[00:35:32 INF] 【直播间】23040372 的第 5 个心跳包发送成功
[00:36:36 INF] 【直播间】23357926 的第 6 个心跳包发送成功
[00:36:37 INF] 【直播间】407149 的第 6 个心跳包发送成功
[00:36:38 INF] 【直播间】23040372 的第 6 个心跳包发送成功
[00:37:42 INF] 【直播间】23357926 的第 7 个心跳包发送成功
[00:37:44 INF] 【直播间】407149 的第 7 个心跳包发送成功
[00:37:45 INF] 【直播间】23040372 的第 7 个心跳包发送成功
[00:38:49 INF] 【直播间】23357926 的第 8 个心跳包发送成功
[00:38:50 INF] 【直播间】407149 的第 8 个心跳包发送成功
[00:38:51 INF] 【直播间】23040372 的第 8 个心跳包发送成功
[00:39:55 INF] 【直播间】23357926 的第 9 个心跳包发送成功
[00:39:57 INF] 【直播间】407149 的第 9 个心跳包发送成功
[00:39:58 INF] 【直播间】23040372 的第 9 个心跳包发送成功
[00:41:02 INF] 【直播间】23357926 的第 10 个心跳包发送成功
[00:41:04 INF] 【直播间】407149 的第 10 个心跳包发送成功
[00:41:05 INF] 【直播间】23040372 的第 10 个心跳包发送成功
[00:42:09 INF] 【直播间】23357926 的第 11 个心跳包发送成功
[00:42:10 INF] 【直播间】407149 的第 11 个心跳包发送成功
[00:42:11 INF] 【直播间】23040372 的第 11 个心跳包发送成功
[00:43:15 INF] 【直播间】23357926 的第 12 个心跳包发送成功
[00:43:17 INF] 【直播间】407149 的第 12 个心跳包发送成功
[00:43:18 INF] 【直播间】23040372 的第 12 个心跳包发送成功
[00:44:22 INF] 【直播间】23357926 的第 13 个心跳包发送成功
[00:44:23 INF] 【直播间】407149 的第 13 个心跳包发送成功
[00:44:24 INF] 【直播间】23040372 的第 13 个心跳包发送成功
[00:45:28 INF] 【直播间】23357926 的第 14 个心跳包发送成功
[00:45:30 INF] 【直播间】407149 的第 14 个心跳包发送成功
[00:45:31 INF] 【直播间】23040372 的第 14 个心跳包发送成功
[00:46:35 ERR] 【心跳包】直播间 23357926 发送失败
[00:46:35 ERR] 【原因】time check failed
[00:46:36 ERR] 【心跳包】直播间 407149 发送失败
[00:46:36 ERR] 【原因】time check failed
[00:46:38 ERR] 【心跳包】直播间 23040372 发送失败
[00:46:38 ERR] 【原因】time check failed
[00:47:42 INF] 【直播间】23357926 的第 15 个心跳包发送成功
[00:47:43 INF] 【直播间】407149 的第 15 个心跳包发送成功
[00:47:44 INF] 【直播间】23040372 的第 15 个心跳包发送成功
[00:48:48 INF] 【直播间】23357926 的第 16 个心跳包发送成功
[00:48:49 INF] 【直播间】407149 的第 16 个心跳包发送成功
[00:48:51 INF] 【直播间】23040372 的第 16 个心跳包发送成功
[00:49:55 INF] 【直播间】23357926 的第 17 个心跳包发送成功
[00:49:56 INF] 【直播间】407149 的第 17 个心跳包发送成功
[00:49:58 INF] 【直播间】23040372 的第 17 个心跳包发送成功
[00:51:02 INF] 【直播间】23357926 的第 18 个心跳包发送成功
[00:51:03 INF] 【直播间】407149 的第 18 个心跳包发送成功
[00:51:04 INF] 【直播间】23040372 的第 18 个心跳包发送成功
[00:52:08 INF] 【直播间】23357926 的第 19 个心跳包发送成功
[00:52:09 INF] 【直播间】407149 的第 19 个心跳包发送成功
[00:52:11 INF] 【直播间】23040372 的第 19 个心跳包发送成功
[00:53:15 INF] 【直播间】23357926 的第 20 个心跳包发送成功
[00:53:16 INF] 【直播间】407149 的第 20 个心跳包发送成功
[00:53:17 INF] 【直播间】23040372 的第 20 个心跳包发送成功
[00:54:21 INF] 【直播间】23357926 的第 21 个心跳包发送成功
[00:54:22 INF] 【直播间】407149 的第 21 个心跳包发送成功
[00:54:24 INF] 【直播间】23040372 的第 21 个心跳包发送成功
[00:55:28 INF] 【直播间】23357926 的第 22 个心跳包发送成功
[00:55:29 INF] 【直播间】407149 的第 22 个心跳包发送成功
[00:55:31 INF] 【直播间】23040372 的第 22 个心跳包发送成功
[00:56:35 INF] 【直播间】23357926 的第 23 个心跳包发送成功
[00:56:36 INF] 【直播间】407149 的第 23 个心跳包发送成功
[00:56:37 INF] 【直播间】23040372 的第 23 个心跳包发送成功
[00:57:41 INF] 【直播间】23357926 的第 24 个心跳包发送成功
[00:57:43 INF] 【直播间】407149 的第 24 个心跳包发送成功
[00:57:44 INF] 【直播间】23040372 的第 24 个心跳包发送成功
[00:58:48 INF] 【直播间】23357926 的第 25 个心跳包发送成功
[00:58:49 INF] 【直播间】407149 的第 25 个心跳包发送成功
[00:58:50 INF] 【直播间】23040372 的第 25 个心跳包发送成功
[00:59:54 INF] 【直播间】23357926 的第 26 个心跳包发送成功
[00:59:56 INF] 【直播间】407149 的第 26 个心跳包发送成功
[00:59:57 INF] 【直播间】23040372 的第 26 个心跳包发送成功
[01:01:01 INF] 【直播间】23357926 的第 27 个心跳包发送成功
[01:01:02 INF] 【直播间】407149 的第 27 个心跳包发送成功
[01:01:04 INF] 【直播间】23040372 的第 27 个心跳包发送成功
[01:02:08 ERR] 【心跳包】直播间 23357926 发送失败
[01:02:08 ERR] 【原因】time check failed
[01:02:09 ERR] 【心跳包】直播间 407149 发送失败
[01:02:09 ERR] 【原因】time check failed
[01:02:10 ERR] 【心跳包】直播间 23040372 发送失败
[01:02:10 ERR] 【原因】time check failed
[01:03:15 INF] 【直播间】23357926 的第 28 个心跳包发送成功
[01:03:16 INF] 【直播间】407149 的第 28 个心跳包发送成功
[01:03:17 INF] 【直播间】23040372 的第 28 个心跳包发送成功
[01:04:21 INF] 【直播间】23357926 的第 29 个心跳包发送成功
[01:04:22 INF] 【直播间】407149 的第 29 个心跳包发送成功
[01:04:23 INF] 【直播间】23040372 的第 29 个心跳包发送成功
[01:05:27 INF] 【直播间】23357926 的第 30 个心跳包发送成功
[01:05:29 INF] 【直播间】407149 的第 30 个心跳包发送成功
[01:05:30 INF] 【直播间】23040372 的第 30 个心跳包发送成功
[01:06:34 INF] 【直播间】23357926 的第 31 个心跳包发送成功
[01:06:35 INF] 【直播间】407149 的第 31 个心跳包发送成功
[01:06:37 INF] 【直播间】23040372 的第 31 个心跳包发送成功
[01:07:41 INF] 【直播间】23357926 的第 32 个心跳包发送成功
[01:07:42 INF] 【直播间】407149 的第 32 个心跳包发送成功
[01:07:43 INF] 【直播间】23040372 的第 32 个心跳包发送成功
[01:08:47 INF] 【直播间】23357926 的第 33 个心跳包发送成功
[01:08:49 INF] 【直播间】407149 的第 33 个心跳包发送成功
[01:08:50 INF] 【直播间】23040372 的第 33 个心跳包发送成功
[01:09:54 INF] 【直播间】23357926 的第 34 个心跳包发送成功
[01:09:55 INF] 【直播间】407149 的第 34 个心跳包发送成功
[01:09:56 INF] 【直播间】23040372 的第 34 个心跳包发送成功
[01:11:00 INF] 【直播间】23357926 的第 35 个心跳包发送成功
[01:11:01 INF] 【直播间】407149 的第 35 个心跳包发送成功
[01:11:02 INF] 【直播间】23040372 的第 35 个心跳包发送成功
[01:12:07 INF] 【直播间】23357926 的第 36 个心跳包发送成功
[01:12:08 INF] 【直播间】407149 的第 36 个心跳包发送成功
[01:12:09 INF] 【直播间】23040372 的第 36 个心跳包发送成功
[01:13:13 INF] 【直播间】23357926 的第 37 个心跳包发送成功
[01:13:15 INF] 【直播间】407149 的第 37 个心跳包发送成功
[01:13:16 INF] 【直播间】23040372 的第 37 个心跳包发送成功
[01:14:20 INF] 【直播间】23357926 的第 38 个心跳包发送成功
[01:14:21 INF] 【直播间】407149 的第 38 个心跳包发送成功
[01:14:22 INF] 【直播间】23040372 的第 38 个心跳包发送成功
[01:15:26 INF] 【直播间】23357926 的第 39 个心跳包发送成功
[01:15:28 INF] 【直播间】407149 的第 39 个心跳包发送成功
[01:15:29 INF] 【直播间】23040372 的第 39 个心跳包发送成功
[01:16:33 INF] 【直播间】23357926 的第 40 个心跳包发送成功
[01:16:34 INF] 【直播间】407149 的第 40 个心跳包发送成功
[01:16:36 INF] 【直播间】23040372 的第 40 个心跳包发送成功
[01:17:40 ERR] 【心跳包】直播间 23357926 发送失败
[01:17:40 ERR] 【原因】time check failed
[01:17:41 ERR] 【心跳包】直播间 407149 发送失败
[01:17:41 ERR] 【原因】time check failed
[01:17:42 ERR] 【心跳包】直播间 23040372 发送失败
[01:17:42 ERR] 【原因】time check failed
[01:18:46 INF] 【直播间】23357926 的第 41 个心跳包发送成功
[01:18:48 INF] 【直播间】407149 的第 41 个心跳包发送成功
[01:18:49 INF] 【直播间】23040372 的第 41 个心跳包发送成功
[01:19:53 INF] 【直播间】23357926 的第 42 个心跳包发送成功
[01:19:54 INF] 【直播间】407149 的第 42 个心跳包发送成功
[01:19:55 INF] 【直播间】23040372 的第 42 个心跳包发送成功
[01:20:59 INF] 【直播间】23357926 的第 43 个心跳包发送成功
[01:21:01 INF] 【直播间】407149 的第 43 个心跳包发送成功
[01:21:02 INF] 【直播间】23040372 的第 43 个心跳包发送成功
[01:22:06 INF] 【直播间】23357926 的第 44 个心跳包发送成功
[01:22:07 INF] 【直播间】407149 的第 44 个心跳包发送成功
[01:22:08 INF] 【直播间】23040372 的第 44 个心跳包发送成功
[01:23:13 INF] 【直播间】23357926 的第 45 个心跳包发送成功
[01:23:14 INF] 【直播间】407149 的第 45 个心跳包发送成功
[01:23:15 INF] 【直播间】23040372 的第 45 个心跳包发送成功
[01:24:19 INF] 【直播间】23357926 的第 46 个心跳包发送成功
[01:24:20 INF] 【直播间】407149 的第 46 个心跳包发送成功
[01:24:22 INF] 【直播间】23040372 的第 46 个心跳包发送成功
[01:25:26 INF] 【直播间】23357926 的第 47 个心跳包发送成功
[01:25:27 INF] 【直播间】407149 的第 47 个心跳包发送成功
[01:25:29 INF] 【直播间】23040372 的第 47 个心跳包发送成功
[01:26:33 INF] 【直播间】23357926 的第 48 个心跳包发送成功
[01:26:34 INF] 【直播间】407149 的第 48 个心跳包发送成功
[01:26:35 INF] 【直播间】23040372 的第 48 个心跳包发送成功
[01:27:39 INF] 【直播间】23357926 的第 49 个心跳包发送成功
[01:27:40 INF] 【直播间】407149 的第 49 个心跳包发送成功
[01:27:41 INF] 【直播间】23040372 的第 49 个心跳包发送成功
[01:28:46 INF] 【直播间】23357926 的第 50 个心跳包发送成功
[01:28:47 INF] 【直播间】407149 的第 50 个心跳包发送成功
[01:28:48 INF] 【直播间】23040372 的第 50 个心跳包发送成功
[01:29:52 INF] 【直播间】23357926 的第 51 个心跳包发送成功
[01:29:53 INF] 【直播间】407149 的第 51 个心跳包发送成功
[01:29:55 INF] 【直播间】23040372 的第 51 个心跳包发送成功
[01:30:59 INF] 【直播间】23357926 的第 52 个心跳包发送成功
[01:31:00 INF] 【直播间】407149 的第 52 个心跳包发送成功
[01:31:01 INF] 【直播间】23040372 的第 52 个心跳包发送成功
[01:32:05 INF] 【直播间】23357926 的第 53 个心跳包发送成功
[01:32:07 INF] 【直播间】407149 的第 53 个心跳包发送成功
[01:32:08 INF] 【直播间】23040372 的第 53 个心跳包发送成功
[01:33:12 ERR] 【心跳包】直播间 23357926 发送失败
[01:33:12 ERR] 【原因】time check failed
[01:33:13 ERR] 【心跳包】直播间 407149 发送失败
[01:33:13 ERR] 【原因】time check failed
[01:33:14 ERR] 【心跳包】直播间 23040372 发送失败
[01:33:14 ERR] 【原因】time check failed
[01:34:19 INF] 【直播间】23357926 的第 54 个心跳包发送成功
[01:34:20 INF] 【直播间】407149 的第 54 个心跳包发送成功
[01:34:21 INF] 【直播间】23040372 的第 54 个心跳包发送成功
[01:35:25 INF] 【直播间】23357926 的第 55 个心跳包发送成功
[01:35:27 INF] 【直播间】407149 的第 55 个心跳包发送成功
[01:35:28 INF] 【直播间】23040372 的第 55 个心跳包发送成功
[01:36:32 INF] 【直播间】23357926 的第 56 个心跳包发送成功
[01:36:33 INF] 【直播间】407149 的第 56 个心跳包发送成功
[01:36:34 INF] 【直播间】23040372 的第 56 个心跳包发送成功
[01:37:39 INF] 【直播间】23357926 的第 57 个心跳包发送成功
[01:37:40 INF] 【直播间】407149 的第 57 个心跳包发送成功
[01:37:41 INF] 【直播间】23040372 的第 57 个心跳包发送成功
[01:38:45 INF] 【直播间】23357926 的第 58 个心跳包发送成功
[01:38:46 INF] 【直播间】407149 的第 58 个心跳包发送成功
[01:38:48 INF] 【直播间】23040372 的第 58 个心跳包发送成功
[01:39:52 INF] 【直播间】23357926 的第 59 个心跳包发送成功
[01:39:53 INF] 【直播间】407149 的第 59 个心跳包发送成功
[01:39:54 INF] 【直播间】23040372 的第 59 个心跳包发送成功
[01:40:58 INF] 【直播间】23357926 的第 60 个心跳包发送成功
[01:41:00 INF] 【直播间】407149 的第 60 个心跳包发送成功
[01:41:02 INF] 【直播间】23040372 的第 60 个心跳包发送成功
[01:42:05 INF] 【直播间】23357926 的第 61 个心跳包发送成功
[01:42:07 INF] 【直播间】407149 的第 61 个心跳包发送成功
[01:42:08 INF] 【直播间】23040372 的第 61 个心跳包发送成功
[01:43:12 INF] 【直播间】23357926 的第 62 个心跳包发送成功
[01:43:13 INF] 【直播间】407149 的第 62 个心跳包发送成功
[01:43:14 INF] 【直播间】23040372 的第 62 个心跳包发送成功
[01:44:18 INF] 【直播间】23357926 的第 63 个心跳包发送成功
[01:44:19 INF] 【直播间】407149 的第 63 个心跳包发送成功
[01:44:21 INF] 【直播间】23040372 的第 63 个心跳包发送成功
[01:45:25 INF] 【直播间】23357926 的第 64 个心跳包发送成功
[01:45:26 INF] 【直播间】407149 的第 64 个心跳包发送成功
[01:45:27 INF] 【直播间】23040372 的第 64 个心跳包发送成功
[01:46:31 INF] 【直播间】23357926 的第 65 个心跳包发送成功
[01:46:33 INF] 【直播间】407149 的第 65 个心跳包发送成功
[01:46:34 INF] 【直播间】23040372 的第 65 个心跳包发送成功
[01:47:38 INF] 【直播间】23357926 的第 66 个心跳包发送成功
[01:47:39 INF] 【直播间】407149 的第 66 个心跳包发送成功
[01:47:40 INF] 【直播间】23040372 的第 66 个心跳包发送成功
[01:48:44 ERR] 【心跳包】直播间 23357926 发送失败
[01:48:44 ERR] 【原因】time check failed
[01:48:45 ERR] 【心跳包】直播间 407149 发送失败
[01:48:45 ERR] 【原因】time check failed
[01:48:47 ERR] 【心跳包】直播间 23040372 发送失败
[01:48:47 ERR] 【原因】time check failed
[01:49:51 INF] 【直播间】23357926 的第 67 个心跳包发送成功
[01:49:52 INF] 【直播间】407149 的第 67 个心跳包发送成功
[01:49:53 INF] 【直播间】23040372 的第 67 个心跳包发送成功
[01:50:58 INF] 【直播间】23357926 的第 68 个心跳包发送成功
[01:50:59 INF] 【直播间】407149 的第 68 个心跳包发送成功
[01:51:00 INF] 【直播间】23040372 的第 68 个心跳包发送成功
[01:52:04 INF] 【直播间】23357926 的第 69 个心跳包发送成功
[01:52:05 INF] 【直播间】407149 的第 69 个心跳包发送成功
[01:52:07 INF] 【直播间】23040372 的第 69 个心跳包发送成功
[01:53:11 INF] 【直播间】23357926 的第 70 个心跳包发送成功
[01:53:12 INF] 【直播间】407149 的第 70 个心跳包发送成功
[01:53:13 INF] 【直播间】23040372 的第 70 个心跳包发送成功
[01:53:13 INF] 【直播观看时长】完成情况：3/3 
[01:53:13 INF] ---------结束---------

[01:53:13 INF] ==========结束==========

[01:53:13 INF] ######### 账号 2 #########

[01:53:13 INF] =====开始 直播间互动 =====

[01:53:13 INF] ---开始 发送弹幕 ---
[01:53:13 INF] 检测到直播 Cookie 未正确配置，尝试自动配置中...
[01:53:21 INF] 直播 Cookie 配置成功！
[01:53:21 INF] 【获取直播列表】获取拥有粉丝牌的直播列表
[01:53:28 INF] 【主播】Mark陌枫 
[01:53:39 INF] 【主播】苏打baka 
[01:53:53 INF] 【主播】特别中二的q3君 
[01:54:07 INF] 【主播】陈抱一 
[01:54:23 INF] 【主播】贪玩的小毅 
[01:54:38 INF] 【主播】KL_qiqi_ 
[01:54:55 INF] 【主播】FoFTG 
[01:55:15 INF] 【主播】悠悠球琛总 
[01:55:32 INF] 【主播】记录生活的蛋黄派 
[01:55:51 INF] 【主播】新石器公园 
[01:56:10 INF] 【主播】脏小豆 
[01:56:27 INF] 【主播】李船长笔记 
[01:56:40 INF] 【直播间】Mark陌枫
[01:56:40 INF] 【粉丝牌】馬楓
[01:56:40 INF] 正在发送弹幕...
[01:56:43 INF] 【直播间】苏打baka
[01:56:43 INF] 【粉丝牌】碳酸钠
[01:56:43 INF] 正在发送弹幕...
[01:56:47 INF] 【直播间】特别中二的q3君
[01:56:47 INF] 【粉丝牌】q3GG
[01:56:47 INF] 正在发送弹幕...
[01:56:52 INF] 【直播间】陈抱一
[01:56:52 INF] 【粉丝牌】陈抱一
[01:56:52 INF] 正在发送弹幕...
[01:56:55 INF] 【弹幕发送】成功~，你和主播 Mark陌枫 的亲密值增加了100！
[01:56:56 INF] 【直播间】贪玩的小毅
[01:56:56 INF] 【粉丝牌】大大毅
[01:56:56 INF] 正在发送弹幕...
[01:56:56 INF] 【弹幕发送】成功~，你和主播 苏打baka 的亲密值增加了100！
[01:56:59 INF] 【直播间】KL_qiqi_
[01:56:59 INF] 【粉丝牌】qiqisb
[01:56:59 INF] 正在发送弹幕...
[01:57:02 INF] 【直播间】FoFTG
[01:57:02 INF] 【粉丝牌】FOFTG
[01:57:02 INF] 正在发送弹幕...
[01:57:05 INF] 【弹幕发送】成功~，你和主播 特别中二的q3君 的亲密值增加了100！
[01:57:08 INF] 【直播间】悠悠球琛总
[01:57:08 INF] 【粉丝牌】i琛
[01:57:08 INF] 正在发送弹幕...
[01:57:09 INF] 【弹幕发送】成功~，你和主播 贪玩的小毅 的亲密值增加了100！
[01:57:10 ERR] 【弹幕发送】失败
[01:57:10 ERR] 【原因】您发送弹幕的频率过快
[01:57:11 INF] 【直播间】记录生活的蛋黄派
[01:57:11 INF] 【粉丝牌】派派派
[01:57:11 INF] 正在发送弹幕...
[01:57:16 INF] 【直播间】新石器公园
[01:57:16 INF] 【粉丝牌】东园主
[01:57:16 INF] 正在发送弹幕...
[01:57:16 INF] 【弹幕发送】成功~，你和主播 KL_qiqi_ 的亲密值增加了100！
[01:57:20 INF] 【直播间】脏小豆
[01:57:20 INF] 【粉丝牌】豆豆浆
[01:57:20 INF] 正在发送弹幕...
[01:57:20 INF] 【弹幕发送】成功~，你和主播 FoFTG 的亲密值增加了100！
[01:57:21 INF] 【弹幕发送】成功~，你和主播 悠悠球琛总 的亲密值增加了100！
[01:57:24 INF] 【直播间】李船长笔记
[01:57:24 INF] 【粉丝牌】航海仕
[01:57:24 INF] 正在发送弹幕...
[01:57:26 INF] 【弹幕发送】成功~，你和主播 记录生活的蛋黄派 的亲密值增加了100！
[01:57:29 INF] -------结束-------

[01:57:29 INF] ---开始 点赞直播间 ---
[01:57:29 INF] 【获取直播列表】获取拥有粉丝牌的直播列表
[01:57:31 INF] 【弹幕发送】成功~，你和主播 新石器公园 的亲密值增加了100！
[01:57:33 INF] 【主播】Mark陌枫 
[01:57:36 INF] 【弹幕发送】成功~，你和主播 脏小豆 的亲密值增加了100！
[01:57:42 INF] 【弹幕发送】成功~，你和主播 李船长笔记 的亲密值增加了100！
[01:57:51 INF] 【主播】苏打baka 
[01:58:09 INF] 【主播】特别中二的q3君 
[01:58:22 INF] 【主播】陈抱一 
[01:58:40 INF] 【主播】贪玩的小毅 
[01:58:59 INF] 【主播】KL_qiqi_ 
[01:59:15 INF] 【主播】FoFTG 
[01:59:33 INF] 【主播】悠悠球琛总 
[01:59:50 INF] 【主播】记录生活的蛋黄派 
[02:00:01 INF] 【主播】新石器公园 
[02:00:17 INF] 【主播】脏小豆 
[02:00:37 INF] 【主播】李船长笔记 
[02:00:55 INF] 【点赞直播间】23357926 完成
[02:00:59 INF] 【点赞直播间】23040372 完成
[02:01:02 INF] 【点赞直播间】31494 完成
[02:01:10 INF] 【点赞直播间】4015781 完成
[02:01:12 INF] 【点赞直播间】9619073 完成
[02:01:15 INF] 【点赞直播间】407149 完成
[02:01:22 INF] 【点赞直播间】91164 完成
[02:01:29 INF] 【点赞直播间】7184632 完成
[02:01:37 INF] 【点赞直播间】11732699 完成
[02:01:39 INF] 【点赞直播间】23447660 完成
[02:01:43 INF] 【点赞直播间】929670 完成
[02:01:49 INF] --------结束--------

[02:01:49 INF] ---开始 直播时长挂机 ---
[02:01:49 INF] 【获取直播列表】获取拥有粉丝牌的直播列表
[02:01:49 INF] 【点赞直播间】22764265 完成
[02:01:52 INF] 【主播】Mark陌枫 
[02:02:08 INF] 【主播】苏打baka 
[02:02:26 INF] 【主播】特别中二的q3君 
[02:02:43 INF] 【主播】陈抱一 
[02:03:00 INF] 【主播】贪玩的小毅 
[02:03:12 INF] 【主播】KL_qiqi_ 
[02:03:30 INF] 【主播】FoFTG 
[02:03:43 INF] 【主播】悠悠球琛总 
[02:03:56 INF] 【主播】记录生活的蛋黄派 
[02:04:10 INF] 【主播】新石器公园 
[02:04:25 INF] 【主播】脏小豆 
[02:04:42 INF] 【主播】李船长笔记 
[02:04:58 INF] 【直播间】23357926 的第 1 个心跳包发送成功
[02:04:59 INF] 【直播间】23040372 的第 1 个心跳包发送成功
[02:05:00 INF] 【直播间】31494 的第 1 个心跳包发送成功
[02:05:02 INF] 【直播间】4015781 的第 1 个心跳包发送成功
[02:05:03 INF] 【直播间】9619073 的第 1 个心跳包发送成功
[02:05:04 INF] 【直播间】407149 的第 1 个心跳包发送成功
[02:05:05 INF] 【直播间】91164 的第 1 个心跳包发送成功
[02:05:06 INF] 【直播间】7184632 的第 1 个心跳包发送成功
[02:05:08 INF] 【直播间】11732699 的第 1 个心跳包发送成功
[02:05:09 INF] 【直播间】23447660 的第 1 个心跳包发送成功
[02:05:10 INF] 【直播间】929670 的第 1 个心跳包发送成功
[02:05:11 INF] 【直播间】22764265 的第 1 个心跳包发送成功
[02:06:04 INF] 【直播间】23357926 的第 2 个心跳包发送成功
[02:06:06 INF] 【直播间】23040372 的第 2 个心跳包发送成功
[02:06:07 INF] 【直播间】31494 的第 2 个心跳包发送成功
[02:06:08 INF] 【直播间】4015781 的第 2 个心跳包发送成功
[02:06:10 INF] 【直播间】9619073 的第 2 个心跳包发送成功
[02:06:11 INF] 【直播间】407149 的第 2 个心跳包发送成功
[02:06:12 INF] 【直播间】91164 的第 2 个心跳包发送成功
[02:06:13 INF] 【直播间】7184632 的第 2 个心跳包发送成功
[02:06:15 INF] 【直播间】11732699 的第 2 个心跳包发送成功
[02:06:16 INF] 【直播间】23447660 的第 2 个心跳包发送成功
[02:06:17 INF] 【直播间】929670 的第 2 个心跳包发送成功
[02:06:18 INF] 【直播间】22764265 的第 2 个心跳包发送成功
[02:07:11 INF] 【直播间】23357926 的第 3 个心跳包发送成功
[02:07:12 INF] 【直播间】23040372 的第 3 个心跳包发送成功
[02:07:14 INF] 【直播间】31494 的第 3 个心跳包发送成功
[02:07:15 INF] 【直播间】4015781 的第 3 个心跳包发送成功
[02:07:16 INF] 【直播间】9619073 的第 3 个心跳包发送成功
[02:07:18 INF] 【直播间】407149 的第 3 个心跳包发送成功
[02:07:19 INF] 【直播间】91164 的第 3 个心跳包发送成功
[02:07:20 INF] 【直播间】7184632 的第 3 个心跳包发送成功
[02:07:21 INF] 【直播间】11732699 的第 3 个心跳包发送成功
[02:07:22 INF] 【直播间】23447660 的第 3 个心跳包发送成功
[02:07:24 INF] 【直播间】929670 的第 3 个心跳包发送成功
[02:07:25 INF] 【直播间】22764265 的第 3 个心跳包发送成功
[02:08:18 INF] 【直播间】23357926 的第 4 个心跳包发送成功
[02:08:19 INF] 【直播间】23040372 的第 4 个心跳包发送成功
[02:08:20 INF] 【直播间】31494 的第 4 个心跳包发送成功
[02:08:21 INF] 【直播间】4015781 的第 4 个心跳包发送成功
[02:08:23 INF] 【直播间】9619073 的第 4 个心跳包发送成功
[02:08:24 INF] 【直播间】407149 的第 4 个心跳包发送成功
[02:08:25 INF] 【直播间】91164 的第 4 个心跳包发送成功
[02:08:27 INF] 【直播间】7184632 的第 4 个心跳包发送成功
[02:08:28 INF] 【直播间】11732699 的第 4 个心跳包发送成功
[02:08:29 INF] 【直播间】23447660 的第 4 个心跳包发送成功
[02:08:31 INF] 【直播间】929670 的第 4 个心跳包发送成功
[02:08:32 INF] 【直播间】22764265 的第 4 个心跳包发送成功
[02:09:24 INF] 【直播间】23357926 的第 5 个心跳包发送成功
[02:09:26 INF] 【直播间】23040372 的第 5 个心跳包发送成功
[02:09:27 INF] 【直播间】31494 的第 5 个心跳包发送成功
[02:09:28 INF] 【直播间】4015781 的第 5 个心跳包发送成功
[02:09:29 INF] 【直播间】9619073 的第 5 个心跳包发送成功
[02:09:31 INF] 【直播间】407149 的第 5 个心跳包发送成功
[02:09:32 INF] 【直播间】91164 的第 5 个心跳包发送成功
[02:09:33 INF] 【直播间】7184632 的第 5 个心跳包发送成功
[02:09:35 INF] 【直播间】11732699 的第 5 个心跳包发送成功
[02:09:36 INF] 【直播间】23447660 的第 5 个心跳包发送成功
[02:09:37 INF] 【直播间】929670 的第 5 个心跳包发送成功
[02:09:38 INF] 【直播间】22764265 的第 5 个心跳包发送成功
[02:10:31 INF] 【直播间】23357926 的第 6 个心跳包发送成功
[02:10:32 INF] 【直播间】23040372 的第 6 个心跳包发送成功
[02:10:33 INF] 【直播间】31494 的第 6 个心跳包发送成功
[02:10:35 INF] 【直播间】4015781 的第 6 个心跳包发送成功
[02:10:36 INF] 【直播间】9619073 的第 6 个心跳包发送成功
[02:10:37 INF] 【直播间】407149 的第 6 个心跳包发送成功
[02:10:38 INF] 【直播间】91164 的第 6 个心跳包发送成功
[02:10:40 INF] 【直播间】7184632 的第 6 个心跳包发送成功
[02:10:41 INF] 【直播间】11732699 的第 6 个心跳包发送成功
[02:10:43 INF] 【直播间】23447660 的第 6 个心跳包发送成功
[02:10:44 INF] 【直播间】929670 的第 6 个心跳包发送成功
[02:10:45 INF] 【直播间】22764265 的第 6 个心跳包发送成功
[02:11:37 INF] 【直播间】23357926 的第 7 个心跳包发送成功
[02:11:39 INF] 【直播间】23040372 的第 7 个心跳包发送成功
[02:11:40 INF] 【直播间】31494 的第 7 个心跳包发送成功
[02:11:41 INF] 【直播间】4015781 的第 7 个心跳包发送成功
[02:11:42 INF] 【直播间】9619073 的第 7 个心跳包发送成功
[02:11:44 INF] 【直播间】407149 的第 7 个心跳包发送成功
[02:11:45 INF] 【直播间】91164 的第 7 个心跳包发送成功
[02:11:46 INF] 【直播间】7184632 的第 7 个心跳包发送成功
[02:11:48 INF] 【直播间】11732699 的第 7 个心跳包发送成功
[02:11:49 INF] 【直播间】23447660 的第 7 个心跳包发送成功
[02:11:50 INF] 【直播间】929670 的第 7 个心跳包发送成功
[02:11:51 INF] 【直播间】22764265 的第 7 个心跳包发送成功
[02:12:44 INF] 【直播间】23357926 的第 8 个心跳包发送成功
[02:12:45 INF] 【直播间】23040372 的第 8 个心跳包发送成功
[02:12:47 INF] 【直播间】31494 的第 8 个心跳包发送成功
[02:12:48 INF] 【直播间】4015781 的第 8 个心跳包发送成功
[02:12:49 INF] 【直播间】9619073 的第 8 个心跳包发送成功
[02:12:50 INF] 【直播间】407149 的第 8 个心跳包发送成功
[02:12:51 INF] 【直播间】91164 的第 8 个心跳包发送成功
[02:12:53 INF] 【直播间】7184632 的第 8 个心跳包发送成功
[02:12:54 INF] 【直播间】11732699 的第 8 个心跳包发送成功
[02:12:55 INF] 【直播间】23447660 的第 8 个心跳包发送成功
[02:12:56 INF] 【直播间】929670 的第 8 个心跳包发送成功
[02:12:58 INF] 【直播间】22764265 的第 8 个心跳包发送成功
[02:13:51 INF] 【直播间】23357926 的第 9 个心跳包发送成功
[02:13:52 INF] 【直播间】23040372 的第 9 个心跳包发送成功
[02:13:53 INF] 【直播间】31494 的第 9 个心跳包发送成功
[02:13:54 INF] 【直播间】4015781 的第 9 个心跳包发送成功
[02:13:56 INF] 【直播间】9619073 的第 9 个心跳包发送成功
[02:13:57 INF] 【直播间】407149 的第 9 个心跳包发送成功
[02:13:58 INF] 【直播间】91164 的第 9 个心跳包发送成功
[02:13:59 INF] 【直播间】7184632 的第 9 个心跳包发送成功
[02:14:01 INF] 【直播间】11732699 的第 9 个心跳包发送成功
[02:14:02 INF] 【直播间】23447660 的第 9 个心跳包发送成功
[02:14:03 INF] 【直播间】929670 的第 9 个心跳包发送成功
[02:14:04 INF] 【直播间】22764265 的第 9 个心跳包发送成功
[02:14:57 INF] 【直播间】23357926 的第 10 个心跳包发送成功
[02:14:59 INF] 【直播间】23040372 的第 10 个心跳包发送成功
[02:15:00 INF] 【直播间】31494 的第 10 个心跳包发送成功
[02:15:01 INF] 【直播间】4015781 的第 10 个心跳包发送成功
[02:15:02 INF] 【直播间】9619073 的第 10 个心跳包发送成功
[02:15:04 INF] 【直播间】407149 的第 10 个心跳包发送成功
[02:15:05 INF] 【直播间】91164 的第 10 个心跳包发送成功
[02:15:06 INF] 【直播间】7184632 的第 10 个心跳包发送成功
[02:15:08 INF] 【直播间】11732699 的第 10 个心跳包发送成功
[02:15:09 INF] 【直播间】23447660 的第 10 个心跳包发送成功
[02:15:10 INF] 【直播间】929670 的第 10 个心跳包发送成功
[02:15:11 INF] 【直播间】22764265 的第 10 个心跳包发送成功
[02:16:04 INF] 【直播间】23357926 的第 11 个心跳包发送成功
[02:16:05 INF] 【直播间】23040372 的第 11 个心跳包发送成功
[02:16:06 INF] 【直播间】31494 的第 11 个心跳包发送成功
[02:16:08 INF] 【直播间】4015781 的第 11 个心跳包发送成功
[02:16:09 INF] 【直播间】9619073 的第 11 个心跳包发送成功
[02:16:10 INF] 【直播间】407149 的第 11 个心跳包发送成功
[02:16:11 INF] 【直播间】91164 的第 11 个心跳包发送成功
[02:16:13 INF] 【直播间】7184632 的第 11 个心跳包发送成功
[02:16:14 INF] 【直播间】11732699 的第 11 个心跳包发送成功
[02:16:15 INF] 【直播间】23447660 的第 11 个心跳包发送成功
[02:16:17 INF] 【直播间】929670 的第 11 个心跳包发送成功
[02:16:18 INF] 【直播间】22764265 的第 11 个心跳包发送成功
[02:17:10 INF] 【直播间】23357926 的第 12 个心跳包发送成功
[02:17:12 INF] 【直播间】23040372 的第 12 个心跳包发送成功
[02:17:13 INF] 【直播间】31494 的第 12 个心跳包发送成功
[02:17:14 INF] 【直播间】4015781 的第 12 个心跳包发送成功
[02:17:15 INF] 【直播间】9619073 的第 12 个心跳包发送成功
[02:17:17 INF] 【直播间】407149 的第 12 个心跳包发送成功
[02:17:18 INF] 【直播间】91164 的第 12 个心跳包发送成功
[02:17:19 INF] 【直播间】7184632 的第 12 个心跳包发送成功
[02:17:20 INF] 【直播间】11732699 的第 12 个心跳包发送成功
[02:17:22 INF] 【直播间】23447660 的第 12 个心跳包发送成功
[02:17:23 INF] 【直播间】929670 的第 12 个心跳包发送成功
[02:17:24 INF] 【直播间】22764265 的第 12 个心跳包发送成功
[02:18:17 INF] 【直播间】23357926 的第 13 个心跳包发送成功
[02:18:18 INF] 【直播间】23040372 的第 13 个心跳包发送成功
[02:18:20 INF] 【直播间】31494 的第 13 个心跳包发送成功
[02:18:21 INF] 【直播间】4015781 的第 13 个心跳包发送成功
[02:18:22 INF] 【直播间】9619073 的第 13 个心跳包发送成功
[02:18:23 INF] 【直播间】407149 的第 13 个心跳包发送成功
[02:18:25 INF] 【直播间】91164 的第 13 个心跳包发送成功
[02:18:26 INF] 【直播间】7184632 的第 13 个心跳包发送成功
[02:18:27 INF] 【直播间】11732699 的第 13 个心跳包发送成功
[02:18:28 INF] 【直播间】23447660 的第 13 个心跳包发送成功
[02:18:30 INF] 【直播间】929670 的第 13 个心跳包发送成功
[02:18:31 INF] 【直播间】22764265 的第 13 个心跳包发送成功
[02:19:24 INF] 【直播间】23357926 的第 14 个心跳包发送成功
[02:19:25 INF] 【直播间】23040372 的第 14 个心跳包发送成功
[02:19:26 INF] 【直播间】31494 的第 14 个心跳包发送成功
[02:19:27 INF] 【直播间】4015781 的第 14 个心跳包发送成功
[02:19:29 INF] 【直播间】9619073 的第 14 个心跳包发送成功
[02:19:30 INF] 【直播间】407149 的第 14 个心跳包发送成功
[02:19:31 INF] 【直播间】91164 的第 14 个心跳包发送成功
[02:19:32 INF] 【直播间】7184632 的第 14 个心跳包发送成功
[02:19:34 INF] 【直播间】11732699 的第 14 个心跳包发送成功
[02:19:35 INF] 【直播间】23447660 的第 14 个心跳包发送成功
[02:19:36 INF] 【直播间】929670 的第 14 个心跳包发送成功
[02:19:38 INF] 【直播间】22764265 的第 14 个心跳包发送成功
[02:20:30 ERR] 【心跳包】直播间 23357926 发送失败
[02:20:30 ERR] 【原因】time check failed
[02:20:32 ERR] 【心跳包】直播间 23040372 发送失败
[02:20:32 ERR] 【原因】time check failed
[02:20:33 ERR] 【心跳包】直播间 31494 发送失败
[02:20:33 ERR] 【原因】time check failed
[02:20:34 ERR] 【心跳包】直播间 4015781 发送失败
[02:20:34 ERR] 【原因】time check failed
[02:20:35 ERR] 【心跳包】直播间 9619073 发送失败
[02:20:35 ERR] 【原因】time check failed
[02:20:37 ERR] 【心跳包】直播间 407149 发送失败
[02:20:37 ERR] 【原因】time check failed
[02:20:38 ERR] 【心跳包】直播间 91164 发送失败
[02:20:38 ERR] 【原因】time check failed
[02:20:39 ERR] 【心跳包】直播间 7184632 发送失败
[02:20:39 ERR] 【原因】time check failed
[02:20:40 ERR] 【心跳包】直播间 11732699 发送失败
[02:20:40 ERR] 【原因】time check failed
[02:20:41 ERR] 【心跳包】直播间 23447660 发送失败
[02:20:41 ERR] 【原因】time check failed
[02:20:43 ERR] 【心跳包】直播间 929670 发送失败
[02:20:43 ERR] 【原因】time check failed
[02:20:44 ERR] 【心跳包】直播间 22764265 发送失败
[02:20:44 ERR] 【原因】time check failed
[02:21:37 INF] 【直播间】23357926 的第 15 个心跳包发送成功
[02:21:38 INF] 【直播间】23040372 的第 15 个心跳包发送成功
[02:21:39 INF] 【直播间】31494 的第 15 个心跳包发送成功
[02:21:41 INF] 【直播间】4015781 的第 15 个心跳包发送成功
[02:21:42 INF] 【直播间】9619073 的第 15 个心跳包发送成功
[02:21:43 INF] 【直播间】407149 的第 15 个心跳包发送成功
[02:21:44 INF] 【直播间】91164 的第 15 个心跳包发送成功
[02:21:46 INF] 【直播间】7184632 的第 15 个心跳包发送成功
[02:21:47 INF] 【直播间】11732699 的第 15 个心跳包发送成功
[02:21:48 INF] 【直播间】23447660 的第 15 个心跳包发送成功
[02:21:49 INF] 【直播间】929670 的第 15 个心跳包发送成功
[02:21:51 INF] 【直播间】22764265 的第 15 个心跳包发送成功
[02:22:43 INF] 【直播间】23357926 的第 16 个心跳包发送成功
[02:22:44 INF] 【直播间】23040372 的第 16 个心跳包发送成功
[02:22:46 INF] 【直播间】31494 的第 16 个心跳包发送成功
[02:22:47 INF] 【直播间】4015781 的第 16 个心跳包发送成功
[02:22:48 INF] 【直播间】9619073 的第 16 个心跳包发送成功
[02:22:49 INF] 【直播间】407149 的第 16 个心跳包发送成功
[02:22:51 INF] 【直播间】91164 的第 16 个心跳包发送成功
[02:22:52 INF] 【直播间】7184632 的第 16 个心跳包发送成功
[02:22:53 INF] 【直播间】11732699 的第 16 个心跳包发送成功
[02:22:54 INF] 【直播间】23447660 的第 16 个心跳包发送成功
[02:22:56 INF] 【直播间】929670 的第 16 个心跳包发送成功
[02:22:57 INF] 【直播间】22764265 的第 16 个心跳包发送成功
[02:23:50 INF] 【直播间】23357926 的第 17 个心跳包发送成功
[02:23:51 INF] 【直播间】23040372 的第 17 个心跳包发送成功
[02:23:53 INF] 【直播间】31494 的第 17 个心跳包发送成功
[02:23:54 INF] 【直播间】4015781 的第 17 个心跳包发送成功
[02:23:55 INF] 【直播间】9619073 的第 17 个心跳包发送成功
[02:23:56 INF] 【直播间】407149 的第 17 个心跳包发送成功
[02:23:57 INF] 【直播间】91164 的第 17 个心跳包发送成功
[02:23:59 INF] 【直播间】7184632 的第 17 个心跳包发送成功
[02:24:00 INF] 【直播间】11732699 的第 17 个心跳包发送成功
[02:24:01 INF] 【直播间】23447660 的第 17 个心跳包发送成功
[02:24:02 INF] 【直播间】929670 的第 17 个心跳包发送成功
[02:24:04 INF] 【直播间】22764265 的第 17 个心跳包发送成功
[02:24:57 INF] 【直播间】23357926 的第 18 个心跳包发送成功
[02:24:58 INF] 【直播间】23040372 的第 18 个心跳包发送成功
[02:24:59 INF] 【直播间】31494 的第 18 个心跳包发送成功
[02:25:00 INF] 【直播间】4015781 的第 18 个心跳包发送成功
[02:25:02 INF] 【直播间】9619073 的第 18 个心跳包发送成功
[02:25:03 INF] 【直播间】407149 的第 18 个心跳包发送成功
[02:25:04 INF] 【直播间】91164 的第 18 个心跳包发送成功
[02:25:05 INF] 【直播间】7184632 的第 18 个心跳包发送成功
[02:25:07 INF] 【直播间】11732699 的第 18 个心跳包发送成功
[02:25:08 INF] 【直播间】23447660 的第 18 个心跳包发送成功
[02:25:09 INF] 【直播间】929670 的第 18 个心跳包发送成功
[02:25:10 INF] 【直播间】22764265 的第 18 个心跳包发送成功
[02:26:03 INF] 【直播间】23357926 的第 19 个心跳包发送成功
[02:26:04 INF] 【直播间】23040372 的第 19 个心跳包发送成功
[02:26:06 INF] 【直播间】31494 的第 19 个心跳包发送成功
[02:26:07 INF] 【直播间】4015781 的第 19 个心跳包发送成功
[02:26:08 INF] 【直播间】9619073 的第 19 个心跳包发送成功
[02:26:09 INF] 【直播间】407149 的第 19 个心跳包发送成功
[02:26:11 INF] 【直播间】91164 的第 19 个心跳包发送成功
[02:26:12 INF] 【直播间】7184632 的第 19 个心跳包发送成功
[02:26:13 INF] 【直播间】11732699 的第 19 个心跳包发送成功
[02:26:15 INF] 【直播间】23447660 的第 19 个心跳包发送成功
[02:26:16 INF] 【直播间】929670 的第 19 个心跳包发送成功
[02:26:17 INF] 【直播间】22764265 的第 19 个心跳包发送成功
[02:27:10 INF] 【直播间】23357926 的第 20 个心跳包发送成功
[02:27:11 INF] 【直播间】23040372 的第 20 个心跳包发送成功
[02:27:12 INF] 【直播间】31494 的第 20 个心跳包发送成功
[02:27:13 INF] 【直播间】4015781 的第 20 个心跳包发送成功
[02:27:15 INF] 【直播间】9619073 的第 20 个心跳包发送成功
[02:27:16 INF] 【直播间】407149 的第 20 个心跳包发送成功
[02:27:17 INF] 【直播间】91164 的第 20 个心跳包发送成功
[02:27:18 INF] 【直播间】7184632 的第 20 个心跳包发送成功
[02:27:20 INF] 【直播间】11732699 的第 20 个心跳包发送成功
[02:27:21 INF] 【直播间】23447660 的第 20 个心跳包发送成功
[02:27:22 INF] 【直播间】929670 的第 20 个心跳包发送成功
[02:27:24 INF] 【直播间】22764265 的第 20 个心跳包发送成功
[02:28:16 INF] 【直播间】23357926 的第 21 个心跳包发送成功
[02:28:18 INF] 【直播间】23040372 的第 21 个心跳包发送成功
[02:28:19 INF] 【直播间】31494 的第 21 个心跳包发送成功
[02:28:20 INF] 【直播间】4015781 的第 21 个心跳包发送成功
[02:28:22 INF] 【直播间】9619073 的第 21 个心跳包发送成功
[02:28:23 INF] 【直播间】407149 的第 21 个心跳包发送成功
[02:28:25 INF] 【直播间】91164 的第 21 个心跳包发送成功
[02:28:26 INF] 【直播间】7184632 的第 21 个心跳包发送成功
[02:28:27 INF] 【直播间】11732699 的第 21 个心跳包发送成功
[02:28:28 INF] 【直播间】23447660 的第 21 个心跳包发送成功
[02:28:29 INF] 【直播间】929670 的第 21 个心跳包发送成功
[02:28:31 INF] 【直播间】22764265 的第 21 个心跳包发送成功
[02:29:23 INF] 【直播间】23357926 的第 22 个心跳包发送成功
[02:29:24 INF] 【直播间】23040372 的第 22 个心跳包发送成功
[02:29:26 INF] 【直播间】31494 的第 22 个心跳包发送成功
[02:29:27 INF] 【直播间】4015781 的第 22 个心跳包发送成功
[02:29:28 INF] 【直播间】9619073 的第 22 个心跳包发送成功
[02:29:30 INF] 【直播间】407149 的第 22 个心跳包发送成功
[02:29:31 INF] 【直播间】91164 的第 22 个心跳包发送成功
[02:29:32 INF] 【直播间】7184632 的第 22 个心跳包发送成功
[02:29:33 INF] 【直播间】11732699 的第 22 个心跳包发送成功
[02:29:35 INF] 【直播间】23447660 的第 22 个心跳包发送成功
[02:29:36 INF] 【直播间】929670 的第 22 个心跳包发送成功
[02:29:37 INF] 【直播间】22764265 的第 22 个心跳包发送成功
[02:30:30 INF] 【直播间】23357926 的第 23 个心跳包发送成功
[02:30:31 INF] 【直播间】23040372 的第 23 个心跳包发送成功
[02:30:32 INF] 【直播间】31494 的第 23 个心跳包发送成功
[02:30:33 INF] 【直播间】4015781 的第 23 个心跳包发送成功
[02:30:35 INF] 【直播间】9619073 的第 23 个心跳包发送成功
[02:30:36 INF] 【直播间】407149 的第 23 个心跳包发送成功
[02:30:37 INF] 【直播间】91164 的第 23 个心跳包发送成功
[02:30:38 INF] 【直播间】7184632 的第 23 个心跳包发送成功
[02:30:40 INF] 【直播间】11732699 的第 23 个心跳包发送成功
[02:30:41 INF] 【直播间】23447660 的第 23 个心跳包发送成功
[02:30:42 INF] 【直播间】929670 的第 23 个心跳包发送成功
[02:30:44 INF] 【直播间】22764265 的第 23 个心跳包发送成功
[02:31:37 INF] 【直播间】23357926 的第 24 个心跳包发送成功
[02:31:38 INF] 【直播间】23040372 的第 24 个心跳包发送成功
[02:31:39 INF] 【直播间】31494 的第 24 个心跳包发送成功
[02:31:41 INF] 【直播间】4015781 的第 24 个心跳包发送成功
[02:31:42 INF] 【直播间】9619073 的第 24 个心跳包发送成功
[02:31:43 INF] 【直播间】407149 的第 24 个心跳包发送成功
[02:31:45 INF] 【直播间】91164 的第 24 个心跳包发送成功
[02:31:46 INF] 【直播间】7184632 的第 24 个心跳包发送成功
[02:31:47 INF] 【直播间】11732699 的第 24 个心跳包发送成功
[02:31:48 INF] 【直播间】23447660 的第 24 个心跳包发送成功
[02:31:49 INF] 【直播间】929670 的第 24 个心跳包发送成功
[02:31:51 INF] 【直播间】22764265 的第 24 个心跳包发送成功
[02:32:43 INF] 【直播间】23357926 的第 25 个心跳包发送成功
[02:32:44 INF] 【直播间】23040372 的第 25 个心跳包发送成功
[02:32:46 INF] 【直播间】31494 的第 25 个心跳包发送成功
[02:32:47 INF] 【直播间】4015781 的第 25 个心跳包发送成功
[02:32:48 INF] 【直播间】9619073 的第 25 个心跳包发送成功
[02:32:49 INF] 【直播间】407149 的第 25 个心跳包发送成功
[02:32:51 INF] 【直播间】91164 的第 25 个心跳包发送成功
[02:32:52 INF] 【直播间】7184632 的第 25 个心跳包发送成功
[02:32:53 INF] 【直播间】11732699 的第 25 个心跳包发送成功
[02:32:54 INF] 【直播间】23447660 的第 25 个心跳包发送成功
[02:32:56 INF] 【直播间】929670 的第 25 个心跳包发送成功
[02:32:57 INF] 【直播间】22764265 的第 25 个心跳包发送成功
[02:33:50 INF] 【直播间】23357926 的第 26 个心跳包发送成功
[02:33:51 INF] 【直播间】23040372 的第 26 个心跳包发送成功
[02:33:52 INF] 【直播间】31494 的第 26 个心跳包发送成功
[02:33:53 INF] 【直播间】4015781 的第 26 个心跳包发送成功
[02:33:55 INF] 【直播间】9619073 的第 26 个心跳包发送成功
[02:33:56 INF] 【直播间】407149 的第 26 个心跳包发送成功
[02:33:57 INF] 【直播间】91164 的第 26 个心跳包发送成功
[02:33:58 INF] 【直播间】7184632 的第 26 个心跳包发送成功
[02:34:00 INF] 【直播间】11732699 的第 26 个心跳包发送成功
[02:34:01 INF] 【直播间】23447660 的第 26 个心跳包发送成功
[02:34:02 INF] 【直播间】929670 的第 26 个心跳包发送成功
[02:34:03 INF] 【直播间】22764265 的第 26 个心跳包发送成功
[02:34:56 INF] 【直播间】23357926 的第 27 个心跳包发送成功
[02:34:58 INF] 【直播间】23040372 的第 27 个心跳包发送成功
[02:34:59 INF] 【直播间】31494 的第 27 个心跳包发送成功
[02:35:00 INF] 【直播间】4015781 的第 27 个心跳包发送成功
[02:35:01 INF] 【直播间】9619073 的第 27 个心跳包发送成功
[02:35:03 INF] 【直播间】407149 的第 27 个心跳包发送成功
[02:35:04 INF] 【直播间】91164 的第 27 个心跳包发送成功
[02:35:05 INF] 【直播间】7184632 的第 27 个心跳包发送成功
[02:35:06 INF] 【直播间】11732699 的第 27 个心跳包发送成功
[02:35:08 INF] 【直播间】23447660 的第 27 个心跳包发送成功
[02:35:09 INF] 【直播间】929670 的第 27 个心跳包发送成功
[02:35:10 INF] 【直播间】22764265 的第 27 个心跳包发送成功
[02:36:03 ERR] 【心跳包】直播间 23357926 发送失败
[02:36:03 ERR] 【原因】time check failed
[02:36:04 ERR] 【心跳包】直播间 23040372 发送失败
[02:36:04 ERR] 【原因】time check failed
[02:36:05 ERR] 【心跳包】直播间 31494 发送失败
[02:36:05 ERR] 【原因】time check failed
[02:36:06 ERR] 【心跳包】直播间 4015781 发送失败
[02:36:06 ERR] 【原因】time check failed
[02:36:08 ERR] 【心跳包】直播间 9619073 发送失败
[02:36:08 ERR] 【原因】time check failed
[02:36:09 ERR] 【心跳包】直播间 407149 发送失败
[02:36:09 ERR] 【原因】time check failed
[02:36:10 ERR] 【心跳包】直播间 91164 发送失败
[02:36:10 ERR] 【原因】time check failed
[02:36:11 ERR] 【心跳包】直播间 7184632 发送失败
[02:36:11 ERR] 【原因】time check failed
[02:36:13 ERR] 【心跳包】直播间 11732699 发送失败
[02:36:13 ERR] 【原因】time check failed
[02:36:14 ERR] 【心跳包】直播间 23447660 发送失败
[02:36:14 ERR] 【原因】time check failed
[02:36:15 ERR] 【心跳包】直播间 929670 发送失败
[02:36:15 ERR] 【原因】time check failed
[02:36:16 ERR] 【心跳包】直播间 22764265 发送失败
[02:36:16 ERR] 【原因】time check failed
[02:37:09 INF] 【直播间】23357926 的第 28 个心跳包发送成功
[02:37:11 INF] 【直播间】23040372 的第 28 个心跳包发送成功
[02:37:12 INF] 【直播间】31494 的第 28 个心跳包发送成功
[02:37:13 INF] 【直播间】4015781 的第 28 个心跳包发送成功
[02:37:14 INF] 【直播间】9619073 的第 28 个心跳包发送成功
[02:37:16 INF] 【直播间】407149 的第 28 个心跳包发送成功
[02:37:17 INF] 【直播间】91164 的第 28 个心跳包发送成功
[02:37:18 INF] 【直播间】7184632 的第 28 个心跳包发送成功
[02:37:19 INF] 【直播间】11732699 的第 28 个心跳包发送成功
[02:37:21 INF] 【直播间】23447660 的第 28 个心跳包发送成功
[02:37:22 INF] 【直播间】929670 的第 28 个心跳包发送成功
[02:37:23 INF] 【直播间】22764265 的第 28 个心跳包发送成功
[02:38:16 INF] 【直播间】23357926 的第 29 个心跳包发送成功
[02:38:17 INF] 【直播间】23040372 的第 29 个心跳包发送成功
[02:38:18 INF] 【直播间】31494 的第 29 个心跳包发送成功
[02:38:20 INF] 【直播间】4015781 的第 29 个心跳包发送成功
[02:38:21 INF] 【直播间】9619073 的第 29 个心跳包发送成功
[02:38:22 INF] 【直播间】407149 的第 29 个心跳包发送成功
[02:38:23 INF] 【直播间】91164 的第 29 个心跳包发送成功
[02:38:25 INF] 【直播间】7184632 的第 29 个心跳包发送成功
[02:38:26 INF] 【直播间】11732699 的第 29 个心跳包发送成功
[02:38:27 INF] 【直播间】23447660 的第 29 个心跳包发送成功
[02:38:28 INF] 【直播间】929670 的第 29 个心跳包发送成功
[02:38:30 INF] 【直播间】22764265 的第 29 个心跳包发送成功
[02:39:23 INF] 【直播间】23357926 的第 30 个心跳包发送成功
[02:39:24 INF] 【直播间】23040372 的第 30 个心跳包发送成功
[02:39:25 INF] 【直播间】31494 的第 30 个心跳包发送成功
[02:39:26 INF] 【直播间】4015781 的第 30 个心跳包发送成功
[02:39:27 INF] 【直播间】9619073 的第 30 个心跳包发送成功
[02:39:29 INF] 【直播间】407149 的第 30 个心跳包发送成功
[02:39:30 INF] 【直播间】91164 的第 30 个心跳包发送成功
[02:39:31 INF] 【直播间】7184632 的第 30 个心跳包发送成功
[02:39:32 INF] 【直播间】11732699 的第 30 个心跳包发送成功
[02:39:34 INF] 【直播间】23447660 的第 30 个心跳包发送成功
[02:39:35 INF] 【直播间】929670 的第 30 个心跳包发送成功
[02:39:36 INF] 【直播间】22764265 的第 30 个心跳包发送成功
[02:40:29 INF] 【直播间】23357926 的第 31 个心跳包发送成功
[02:40:30 INF] 【直播间】23040372 的第 31 个心跳包发送成功
[02:40:32 INF] 【直播间】31494 的第 31 个心跳包发送成功
[02:40:33 INF] 【直播间】4015781 的第 31 个心跳包发送成功
[02:40:34 INF] 【直播间】9619073 的第 31 个心跳包发送成功
[02:40:35 INF] 【直播间】407149 的第 31 个心跳包发送成功
[02:40:37 INF] 【直播间】91164 的第 31 个心跳包发送成功
[02:40:38 INF] 【直播间】7184632 的第 31 个心跳包发送成功
[02:40:39 INF] 【直播间】11732699 的第 31 个心跳包发送成功
[02:40:40 INF] 【直播间】23447660 的第 31 个心跳包发送成功
[02:40:41 INF] 【直播间】929670 的第 31 个心跳包发送成功
[02:40:43 INF] 【直播间】22764265 的第 31 个心跳包发送成功
[02:41:36 INF] 【直播间】23357926 的第 32 个心跳包发送成功
[02:41:37 INF] 【直播间】23040372 的第 32 个心跳包发送成功
[02:41:38 INF] 【直播间】31494 的第 32 个心跳包发送成功
[02:41:40 INF] 【直播间】4015781 的第 32 个心跳包发送成功
[02:41:41 INF] 【直播间】9619073 的第 32 个心跳包发送成功
[02:41:42 INF] 【直播间】407149 的第 32 个心跳包发送成功
[02:41:43 INF] 【直播间】91164 的第 32 个心跳包发送成功
[02:41:44 INF] 【直播间】7184632 的第 32 个心跳包发送成功
[02:41:46 INF] 【直播间】11732699 的第 32 个心跳包发送成功
[02:41:47 INF] 【直播间】23447660 的第 32 个心跳包发送成功
[02:41:48 INF] 【直播间】929670 的第 32 个心跳包发送成功
[02:41:49 INF] 【直播间】22764265 的第 32 个心跳包发送成功
[02:42:42 INF] 【直播间】23357926 的第 33 个心跳包发送成功
[02:42:44 INF] 【直播间】23040372 的第 33 个心跳包发送成功
[02:42:45 INF] 【直播间】31494 的第 33 个心跳包发送成功
[02:42:46 INF] 【直播间】4015781 的第 33 个心跳包发送成功
[02:42:47 INF] 【直播间】9619073 的第 33 个心跳包发送成功
[02:42:49 INF] 【直播间】407149 的第 33 个心跳包发送成功
[02:42:50 INF] 【直播间】91164 的第 33 个心跳包发送成功
[02:42:51 INF] 【直播间】7184632 的第 33 个心跳包发送成功
[02:42:52 INF] 【直播间】11732699 的第 33 个心跳包发送成功
[02:42:54 INF] 【直播间】23447660 的第 33 个心跳包发送成功
[02:42:55 INF] 【直播间】929670 的第 33 个心跳包发送成功
[02:42:56 INF] 【直播间】22764265 的第 33 个心跳包发送成功
[02:43:49 INF] 【直播间】23357926 的第 34 个心跳包发送成功
[02:43:50 INF] 【直播间】23040372 的第 34 个心跳包发送成功
[02:43:51 INF] 【直播间】31494 的第 34 个心跳包发送成功
[02:43:53 INF] 【直播间】4015781 的第 34 个心跳包发送成功
[02:43:54 INF] 【直播间】9619073 的第 34 个心跳包发送成功
[02:43:55 INF] 【直播间】407149 的第 34 个心跳包发送成功
[02:43:56 INF] 【直播间】91164 的第 34 个心跳包发送成功
[02:43:58 INF] 【直播间】7184632 的第 34 个心跳包发送成功
[02:43:59 INF] 【直播间】11732699 的第 34 个心跳包发送成功
[02:44:00 INF] 【直播间】23447660 的第 34 个心跳包发送成功
[02:44:01 INF] 【直播间】929670 的第 34 个心跳包发送成功
[02:44:03 INF] 【直播间】22764265 的第 34 个心跳包发送成功
[02:44:55 INF] 【直播间】23357926 的第 35 个心跳包发送成功
[02:44:57 INF] 【直播间】23040372 的第 35 个心跳包发送成功
[02:44:58 INF] 【直播间】31494 的第 35 个心跳包发送成功
[02:44:59 INF] 【直播间】4015781 的第 35 个心跳包发送成功
[02:45:01 INF] 【直播间】9619073 的第 35 个心跳包发送成功
[02:45:02 INF] 【直播间】407149 的第 35 个心跳包发送成功
[02:45:03 INF] 【直播间】91164 的第 35 个心跳包发送成功
[02:45:04 INF] 【直播间】7184632 的第 35 个心跳包发送成功
[02:45:06 INF] 【直播间】11732699 的第 35 个心跳包发送成功
[02:45:07 INF] 【直播间】23447660 的第 35 个心跳包发送成功
[02:45:08 INF] 【直播间】929670 的第 35 个心跳包发送成功
[02:45:09 INF] 【直播间】22764265 的第 35 个心跳包发送成功
[02:46:02 INF] 【直播间】23357926 的第 36 个心跳包发送成功
[02:46:03 INF] 【直播间】23040372 的第 36 个心跳包发送成功
[02:46:05 INF] 【直播间】31494 的第 36 个心跳包发送成功
[02:46:06 INF] 【直播间】4015781 的第 36 个心跳包发送成功
[02:46:07 INF] 【直播间】9619073 的第 36 个心跳包发送成功
[02:46:08 INF] 【直播间】407149 的第 36 个心跳包发送成功
[02:46:10 INF] 【直播间】91164 的第 36 个心跳包发送成功
[02:46:11 INF] 【直播间】7184632 的第 36 个心跳包发送成功
[02:46:12 INF] 【直播间】11732699 的第 36 个心跳包发送成功
[02:46:14 INF] 【直播间】23447660 的第 36 个心跳包发送成功
[02:46:15 INF] 【直播间】929670 的第 36 个心跳包发送成功
[02:46:16 INF] 【直播间】22764265 的第 36 个心跳包发送成功
[02:47:09 INF] 【直播间】23357926 的第 37 个心跳包发送成功
[02:47:10 INF] 【直播间】23040372 的第 37 个心跳包发送成功
[02:47:11 INF] 【直播间】31494 的第 37 个心跳包发送成功
[02:47:13 INF] 【直播间】4015781 的第 37 个心跳包发送成功
[02:47:14 INF] 【直播间】9619073 的第 37 个心跳包发送成功
[02:47:15 INF] 【直播间】407149 的第 37 个心跳包发送成功
[02:47:16 INF] 【直播间】91164 的第 37 个心跳包发送成功
[02:47:18 INF] 【直播间】7184632 的第 37 个心跳包发送成功
[02:47:19 INF] 【直播间】11732699 的第 37 个心跳包发送成功
[02:47:20 INF] 【直播间】23447660 的第 37 个心跳包发送成功
[02:47:21 INF] 【直播间】929670 的第 37 个心跳包发送成功
[02:47:23 INF] 【直播间】22764265 的第 37 个心跳包发送成功
[02:48:15 INF] 【直播间】23357926 的第 38 个心跳包发送成功
[02:48:17 INF] 【直播间】23040372 的第 38 个心跳包发送成功
[02:48:18 INF] 【直播间】31494 的第 38 个心跳包发送成功
[02:48:19 INF] 【直播间】4015781 的第 38 个心跳包发送成功
[02:48:20 INF] 【直播间】9619073 的第 38 个心跳包发送成功
[02:48:22 INF] 【直播间】407149 的第 38 个心跳包发送成功
[02:48:23 INF] 【直播间】91164 的第 38 个心跳包发送成功
[02:48:24 INF] 【直播间】7184632 的第 38 个心跳包发送成功
[02:48:25 INF] 【直播间】11732699 的第 38 个心跳包发送成功
[02:48:27 INF] 【直播间】23447660 的第 38 个心跳包发送成功
[02:48:28 INF] 【直播间】929670 的第 38 个心跳包发送成功
[02:48:29 INF] 【直播间】22764265 的第 38 个心跳包发送成功
[02:49:22 INF] 【直播间】23357926 的第 39 个心跳包发送成功
[02:49:23 INF] 【直播间】23040372 的第 39 个心跳包发送成功
[02:49:25 INF] 【直播间】31494 的第 39 个心跳包发送成功
[02:49:26 INF] 【直播间】4015781 的第 39 个心跳包发送成功
[02:49:27 INF] 【直播间】9619073 的第 39 个心跳包发送成功
[02:49:28 INF] 【直播间】407149 的第 39 个心跳包发送成功
[02:49:29 INF] 【直播间】91164 的第 39 个心跳包发送成功
[02:49:31 INF] 【直播间】7184632 的第 39 个心跳包发送成功
[02:49:32 INF] 【直播间】11732699 的第 39 个心跳包发送成功
[02:49:33 INF] 【直播间】23447660 的第 39 个心跳包发送成功
[02:49:34 INF] 【直播间】929670 的第 39 个心跳包发送成功
[02:49:36 INF] 【直播间】22764265 的第 39 个心跳包发送成功
[02:50:29 INF] 【直播间】23357926 的第 40 个心跳包发送成功
[02:50:30 INF] 【直播间】23040372 的第 40 个心跳包发送成功
[02:50:31 INF] 【直播间】31494 的第 40 个心跳包发送成功
[02:50:32 INF] 【直播间】4015781 的第 40 个心跳包发送成功
[02:50:33 INF] 【直播间】9619073 的第 40 个心跳包发送成功
[02:50:35 INF] 【直播间】407149 的第 40 个心跳包发送成功
[02:50:36 INF] 【直播间】91164 的第 40 个心跳包发送成功
[02:50:37 INF] 【直播间】7184632 的第 40 个心跳包发送成功
[02:50:38 INF] 【直播间】11732699 的第 40 个心跳包发送成功
[02:50:40 INF] 【直播间】23447660 的第 40 个心跳包发送成功
[02:50:41 INF] 【直播间】929670 的第 40 个心跳包发送成功
[02:50:42 INF] 【直播间】22764265 的第 40 个心跳包发送成功
[02:51:35 ERR] 【心跳包】直播间 23357926 发送失败
[02:51:35 ERR] 【原因】time check failed
[02:51:37 ERR] 【心跳包】直播间 23040372 发送失败
[02:51:37 ERR] 【原因】time check failed
[02:51:38 ERR] 【心跳包】直播间 31494 发送失败
[02:51:38 ERR] 【原因】time check failed
[02:51:39 ERR] 【心跳包】直播间 4015781 发送失败
[02:51:39 ERR] 【原因】time check failed
[02:51:40 ERR] 【心跳包】直播间 9619073 发送失败
[02:51:40 ERR] 【原因】time check failed
[02:51:41 ERR] 【心跳包】直播间 407149 发送失败
[02:51:41 ERR] 【原因】time check failed
[02:51:43 ERR] 【心跳包】直播间 91164 发送失败
[02:51:43 ERR] 【原因】time check failed
[02:51:44 ERR] 【心跳包】直播间 7184632 发送失败
[02:51:44 ERR] 【原因】time check failed
[02:51:45 ERR] 【心跳包】直播间 11732699 发送失败
[02:51:45 ERR] 【原因】time check failed
[02:51:46 ERR] 【心跳包】直播间 23447660 发送失败
[02:51:46 ERR] 【原因】time check failed
[02:51:48 ERR] 【心跳包】直播间 929670 发送失败
[02:51:48 ERR] 【原因】time check failed
[02:51:49 ERR] 【心跳包】直播间 22764265 发送失败
[02:51:49 ERR] 【原因】time check failed
[02:52:42 INF] 【直播间】23357926 的第 41 个心跳包发送成功
[02:52:43 INF] 【直播间】23040372 的第 41 个心跳包发送成功
[02:52:44 INF] 【直播间】31494 的第 41 个心跳包发送成功
[02:52:46 INF] 【直播间】4015781 的第 41 个心跳包发送成功
[02:52:47 INF] 【直播间】9619073 的第 41 个心跳包发送成功
[02:52:48 INF] 【直播间】407149 的第 41 个心跳包发送成功
[02:52:49 INF] 【直播间】91164 的第 41 个心跳包发送成功
[02:52:51 INF] 【直播间】7184632 的第 41 个心跳包发送成功
[02:52:52 INF] 【直播间】11732699 的第 41 个心跳包发送成功
[02:52:53 INF] 【直播间】23447660 的第 41 个心跳包发送成功
[02:52:54 INF] 【直播间】929670 的第 41 个心跳包发送成功
[02:52:56 INF] 【直播间】22764265 的第 41 个心跳包发送成功
[02:53:48 INF] 【直播间】23357926 的第 42 个心跳包发送成功
[02:53:49 INF] 【直播间】23040372 的第 42 个心跳包发送成功
[02:53:51 INF] 【直播间】31494 的第 42 个心跳包发送成功
[02:53:52 INF] 【直播间】4015781 的第 42 个心跳包发送成功
[02:53:53 INF] 【直播间】9619073 的第 42 个心跳包发送成功
[02:53:55 INF] 【直播间】407149 的第 42 个心跳包发送成功
[02:53:56 INF] 【直播间】91164 的第 42 个心跳包发送成功
[02:53:57 INF] 【直播间】7184632 的第 42 个心跳包发送成功
[02:53:58 INF] 【直播间】11732699 的第 42 个心跳包发送成功
[02:54:00 INF] 【直播间】23447660 的第 42 个心跳包发送成功
[02:54:01 INF] 【直播间】929670 的第 42 个心跳包发送成功
[02:54:02 INF] 【直播间】22764265 的第 42 个心跳包发送成功
[02:54:55 INF] 【直播间】23357926 的第 43 个心跳包发送成功
[02:54:56 INF] 【直播间】23040372 的第 43 个心跳包发送成功
[02:54:58 INF] 【直播间】31494 的第 43 个心跳包发送成功
[02:54:59 INF] 【直播间】4015781 的第 43 个心跳包发送成功
[02:55:00 INF] 【直播间】9619073 的第 43 个心跳包发送成功
[02:55:01 INF] 【直播间】407149 的第 43 个心跳包发送成功
[02:55:02 INF] 【直播间】91164 的第 43 个心跳包发送成功
[02:55:04 INF] 【直播间】7184632 的第 43 个心跳包发送成功
[02:55:05 INF] 【直播间】11732699 的第 43 个心跳包发送成功
[02:55:06 INF] 【直播间】23447660 的第 43 个心跳包发送成功
[02:55:08 INF] 【直播间】929670 的第 43 个心跳包发送成功
[02:55:09 INF] 【直播间】22764265 的第 43 个心跳包发送成功
[02:56:02 INF] 【直播间】23357926 的第 44 个心跳包发送成功
[02:56:03 INF] 【直播间】23040372 的第 44 个心跳包发送成功
[02:56:04 INF] 【直播间】31494 的第 44 个心跳包发送成功
[02:56:05 INF] 【直播间】4015781 的第 44 个心跳包发送成功
[02:56:07 INF] 【直播间】9619073 的第 44 个心跳包发送成功
[02:56:08 INF] 【直播间】407149 的第 44 个心跳包发送成功
[02:56:09 INF] 【直播间】91164 的第 44 个心跳包发送成功
[02:56:10 INF] 【直播间】7184632 的第 44 个心跳包发送成功
[02:56:12 INF] 【直播间】11732699 的第 44 个心跳包发送成功
[02:56:13 INF] 【直播间】23447660 的第 44 个心跳包发送成功
[02:56:14 INF] 【直播间】929670 的第 44 个心跳包发送成功
[02:56:15 INF] 【直播间】22764265 的第 44 个心跳包发送成功
[02:57:08 INF] 【直播间】23357926 的第 45 个心跳包发送成功
[02:57:10 INF] 【直播间】23040372 的第 45 个心跳包发送成功
[02:57:11 INF] 【直播间】31494 的第 45 个心跳包发送成功
[02:57:12 INF] 【直播间】4015781 的第 45 个心跳包发送成功
[02:57:13 INF] 【直播间】9619073 的第 45 个心跳包发送成功
[02:57:14 INF] 【直播间】407149 的第 45 个心跳包发送成功
[02:57:16 INF] 【直播间】91164 的第 45 个心跳包发送成功
[02:57:17 INF] 【直播间】7184632 的第 45 个心跳包发送成功
[02:57:18 INF] 【直播间】11732699 的第 45 个心跳包发送成功
[02:57:20 INF] 【直播间】23447660 的第 45 个心跳包发送成功
[02:57:21 INF] 【直播间】929670 的第 45 个心跳包发送成功
[02:57:22 INF] 【直播间】22764265 的第 45 个心跳包发送成功
[02:58:15 INF] 【直播间】23357926 的第 46 个心跳包发送成功
[02:58:16 INF] 【直播间】23040372 的第 46 个心跳包发送成功
[02:58:17 INF] 【直播间】31494 的第 46 个心跳包发送成功
[02:58:19 INF] 【直播间】4015781 的第 46 个心跳包发送成功
[02:58:20 INF] 【直播间】9619073 的第 46 个心跳包发送成功
[02:58:21 INF] 【直播间】407149 的第 46 个心跳包发送成功
[02:58:22 INF] 【直播间】91164 的第 46 个心跳包发送成功
[02:58:24 INF] 【直播间】7184632 的第 46 个心跳包发送成功
[02:58:25 INF] 【直播间】11732699 的第 46 个心跳包发送成功
[02:58:26 INF] 【直播间】23447660 的第 46 个心跳包发送成功
[02:58:27 INF] 【直播间】929670 的第 46 个心跳包发送成功
[02:58:29 INF] 【直播间】22764265 的第 46 个心跳包发送成功
[02:59:21 INF] 【直播间】23357926 的第 47 个心跳包发送成功
[02:59:22 INF] 【直播间】23040372 的第 47 个心跳包发送成功
[02:59:24 INF] 【直播间】31494 的第 47 个心跳包发送成功
[02:59:25 INF] 【直播间】4015781 的第 47 个心跳包发送成功
[02:59:26 INF] 【直播间】9619073 的第 47 个心跳包发送成功
[02:59:27 INF] 【直播间】407149 的第 47 个心跳包发送成功
[02:59:29 INF] 【直播间】91164 的第 47 个心跳包发送成功
[02:59:30 INF] 【直播间】7184632 的第 47 个心跳包发送成功
[02:59:31 INF] 【直播间】11732699 的第 47 个心跳包发送成功
[02:59:33 INF] 【直播间】23447660 的第 47 个心跳包发送成功
[02:59:34 INF] 【直播间】929670 的第 47 个心跳包发送成功
[02:59:35 INF] 【直播间】22764265 的第 47 个心跳包发送成功
[03:00:28 INF] 【直播间】23357926 的第 48 个心跳包发送成功
[03:00:29 INF] 【直播间】23040372 的第 48 个心跳包发送成功
[03:00:30 INF] 【直播间】31494 的第 48 个心跳包发送成功
[03:00:31 INF] 【直播间】4015781 的第 48 个心跳包发送成功
[03:00:33 INF] 【直播间】9619073 的第 48 个心跳包发送成功
[03:00:34 INF] 【直播间】407149 的第 48 个心跳包发送成功
[03:00:35 INF] 【直播间】91164 的第 48 个心跳包发送成功
[03:00:37 INF] 【直播间】7184632 的第 48 个心跳包发送成功
[03:00:38 INF] 【直播间】11732699 的第 48 个心跳包发送成功
[03:00:39 INF] 【直播间】23447660 的第 48 个心跳包发送成功
[03:00:40 INF] 【直播间】929670 的第 48 个心跳包发送成功
[03:00:41 INF] 【直播间】22764265 的第 48 个心跳包发送成功
[03:01:34 INF] 【直播间】23357926 的第 49 个心跳包发送成功
[03:01:36 INF] 【直播间】23040372 的第 49 个心跳包发送成功
[03:01:37 INF] 【直播间】31494 的第 49 个心跳包发送成功
[03:01:38 INF] 【直播间】4015781 的第 49 个心跳包发送成功
[03:01:39 INF] 【直播间】9619073 的第 49 个心跳包发送成功
[03:01:41 INF] 【直播间】407149 的第 49 个心跳包发送成功
[03:01:42 INF] 【直播间】91164 的第 49 个心跳包发送成功
[03:01:43 INF] 【直播间】7184632 的第 49 个心跳包发送成功
[03:01:44 INF] 【直播间】11732699 的第 49 个心跳包发送成功
[03:01:46 INF] 【直播间】23447660 的第 49 个心跳包发送成功
[03:01:47 INF] 【直播间】929670 的第 49 个心跳包发送成功
[03:01:48 INF] 【直播间】22764265 的第 49 个心跳包发送成功
[03:02:41 INF] 【直播间】23357926 的第 50 个心跳包发送成功
[03:02:42 INF] 【直播间】23040372 的第 50 个心跳包发送成功
[03:02:44 INF] 【直播间】31494 的第 50 个心跳包发送成功
[03:02:45 INF] 【直播间】4015781 的第 50 个心跳包发送成功
[03:02:46 INF] 【直播间】9619073 的第 50 个心跳包发送成功
[03:02:47 INF] 【直播间】407149 的第 50 个心跳包发送成功
[03:02:48 INF] 【直播间】91164 的第 50 个心跳包发送成功
[03:02:50 INF] 【直播间】7184632 的第 50 个心跳包发送成功
[03:02:51 INF] 【直播间】11732699 的第 50 个心跳包发送成功
[03:02:52 INF] 【直播间】23447660 的第 50 个心跳包发送成功
[03:02:53 INF] 【直播间】929670 的第 50 个心跳包发送成功
[03:02:55 INF] 【直播间】22764265 的第 50 个心跳包发送成功
[03:03:48 INF] 【直播间】23357926 的第 51 个心跳包发送成功
[03:03:49 INF] 【直播间】23040372 的第 51 个心跳包发送成功
[03:03:50 INF] 【直播间】31494 的第 51 个心跳包发送成功
[03:03:51 INF] 【直播间】4015781 的第 51 个心跳包发送成功
[03:03:52 INF] 【直播间】9619073 的第 51 个心跳包发送成功
[03:03:54 INF] 【直播间】407149 的第 51 个心跳包发送成功
[03:03:55 INF] 【直播间】91164 的第 51 个心跳包发送成功
[03:03:56 INF] 【直播间】7184632 的第 51 个心跳包发送成功
[03:03:57 INF] 【直播间】11732699 的第 51 个心跳包发送成功
[03:03:59 INF] 【直播间】23447660 的第 51 个心跳包发送成功
[03:04:00 INF] 【直播间】929670 的第 51 个心跳包发送成功
[03:04:01 INF] 【直播间】22764265 的第 51 个心跳包发送成功
[03:04:54 INF] 【直播间】23357926 的第 52 个心跳包发送成功
[03:04:55 INF] 【直播间】23040372 的第 52 个心跳包发送成功
[03:04:57 INF] 【直播间】31494 的第 52 个心跳包发送成功
[03:04:58 INF] 【直播间】4015781 的第 52 个心跳包发送成功
[03:04:59 INF] 【直播间】9619073 的第 52 个心跳包发送成功
[03:05:01 INF] 【直播间】407149 的第 52 个心跳包发送成功
[03:05:02 INF] 【直播间】91164 的第 52 个心跳包发送成功
[03:05:03 INF] 【直播间】7184632 的第 52 个心跳包发送成功
[03:05:04 INF] 【直播间】11732699 的第 52 个心跳包发送成功
[03:05:06 INF] 【直播间】23447660 的第 52 个心跳包发送成功
[03:05:07 INF] 【直播间】929670 的第 52 个心跳包发送成功
[03:05:08 INF] 【直播间】22764265 的第 52 个心跳包发送成功
[03:06:01 INF] 【直播间】23357926 的第 53 个心跳包发送成功
[03:06:02 INF] 【直播间】23040372 的第 53 个心跳包发送成功
[03:06:04 INF] 【直播间】31494 的第 53 个心跳包发送成功
[03:06:05 INF] 【直播间】4015781 的第 53 个心跳包发送成功
[03:06:06 INF] 【直播间】9619073 的第 53 个心跳包发送成功
[03:06:07 INF] 【直播间】407149 的第 53 个心跳包发送成功
[03:06:09 INF] 【直播间】91164 的第 53 个心跳包发送成功
[03:06:10 INF] 【直播间】7184632 的第 53 个心跳包发送成功
[03:06:11 INF] 【直播间】11732699 的第 53 个心跳包发送成功
[03:06:12 INF] 【直播间】23447660 的第 53 个心跳包发送成功
[03:06:14 INF] 【直播间】929670 的第 53 个心跳包发送成功
[03:06:15 INF] 【直播间】22764265 的第 53 个心跳包发送成功
[03:07:07 ERR] 【心跳包】直播间 23357926 发送失败
[03:07:07 ERR] 【原因】time check failed
[03:07:09 ERR] 【心跳包】直播间 23040372 发送失败
[03:07:09 ERR] 【原因】time check failed
[03:07:10 ERR] 【心跳包】直播间 31494 发送失败
[03:07:10 ERR] 【原因】time check failed
[03:07:11 ERR] 【心跳包】直播间 4015781 发送失败
[03:07:11 ERR] 【原因】time check failed
[03:07:12 ERR] 【心跳包】直播间 9619073 发送失败
[03:07:12 ERR] 【原因】time check failed
[03:07:14 ERR] 【心跳包】直播间 407149 发送失败
[03:07:14 ERR] 【原因】time check failed
[03:07:15 ERR] 【心跳包】直播间 91164 发送失败
[03:07:15 ERR] 【原因】time check failed
[03:07:16 ERR] 【心跳包】直播间 7184632 发送失败
[03:07:16 ERR] 【原因】time check failed
[03:07:17 ERR] 【心跳包】直播间 11732699 发送失败
[03:07:17 ERR] 【原因】time check failed
[03:07:19 ERR] 【心跳包】直播间 23447660 发送失败
[03:07:19 ERR] 【原因】time check failed
[03:07:20 ERR] 【心跳包】直播间 929670 发送失败
[03:07:20 ERR] 【原因】time check failed
[03:07:21 ERR] 【心跳包】直播间 22764265 发送失败
[03:07:21 ERR] 【原因】time check failed
[03:08:14 INF] 【直播间】23357926 的第 54 个心跳包发送成功
[03:08:15 INF] 【直播间】23040372 的第 54 个心跳包发送成功
[03:08:17 INF] 【直播间】31494 的第 54 个心跳包发送成功
[03:08:18 INF] 【直播间】4015781 的第 54 个心跳包发送成功
[03:08:19 INF] 【直播间】9619073 的第 54 个心跳包发送成功
[03:08:21 INF] 【直播间】407149 的第 54 个心跳包发送成功
[03:08:22 INF] 【直播间】91164 的第 54 个心跳包发送成功
[03:08:23 INF] 【直播间】7184632 的第 54 个心跳包发送成功
[03:08:25 INF] 【直播间】11732699 的第 54 个心跳包发送成功
[03:08:26 INF] 【直播间】23447660 的第 54 个心跳包发送成功
[03:08:27 INF] 【直播间】929670 的第 54 个心跳包发送成功
[03:08:28 INF] 【直播间】22764265 的第 54 个心跳包发送成功
[03:09:21 INF] 【直播间】23357926 的第 55 个心跳包发送成功
[03:09:22 INF] 【直播间】23040372 的第 55 个心跳包发送成功
[03:09:23 INF] 【直播间】31494 的第 55 个心跳包发送成功
[03:09:24 INF] 【直播间】4015781 的第 55 个心跳包发送成功
[03:09:26 INF] 【直播间】9619073 的第 55 个心跳包发送成功
[03:09:27 INF] 【直播间】407149 的第 55 个心跳包发送成功
[03:09:28 INF] 【直播间】91164 的第 55 个心跳包发送成功
[03:09:30 INF] 【直播间】7184632 的第 55 个心跳包发送成功
[03:09:31 INF] 【直播间】11732699 的第 55 个心跳包发送成功
[03:09:32 INF] 【直播间】23447660 的第 55 个心跳包发送成功
[03:09:33 INF] 【直播间】929670 的第 55 个心跳包发送成功
[03:09:35 INF] 【直播间】22764265 的第 55 个心跳包发送成功
[03:10:27 INF] 【直播间】23357926 的第 56 个心跳包发送成功
[03:10:28 INF] 【直播间】23040372 的第 56 个心跳包发送成功
[03:10:30 INF] 【直播间】31494 的第 56 个心跳包发送成功
[03:10:31 INF] 【直播间】4015781 的第 56 个心跳包发送成功
[03:10:32 INF] 【直播间】9619073 的第 56 个心跳包发送成功
[03:10:33 INF] 【直播间】407149 的第 56 个心跳包发送成功
[03:10:35 INF] 【直播间】91164 的第 56 个心跳包发送成功
[03:10:36 INF] 【直播间】7184632 的第 56 个心跳包发送成功
[03:10:37 INF] 【直播间】11732699 的第 56 个心跳包发送成功
[03:10:38 INF] 【直播间】23447660 的第 56 个心跳包发送成功
[03:10:40 INF] 【直播间】929670 的第 56 个心跳包发送成功
[03:10:41 INF] 【直播间】22764265 的第 56 个心跳包发送成功
[03:11:34 INF] 【直播间】23357926 的第 57 个心跳包发送成功
[03:11:36 INF] 【直播间】23040372 的第 57 个心跳包发送成功
[03:11:37 INF] 【直播间】31494 的第 57 个心跳包发送成功
[03:11:38 INF] 【直播间】4015781 的第 57 个心跳包发送成功
[03:11:39 INF] 【直播间】9619073 的第 57 个心跳包发送成功
[03:11:41 INF] 【直播间】407149 的第 57 个心跳包发送成功
[03:11:42 INF] 【直播间】91164 的第 57 个心跳包发送成功
[03:11:43 INF] 【直播间】7184632 的第 57 个心跳包发送成功
[03:11:44 INF] 【直播间】11732699 的第 57 个心跳包发送成功
[03:11:45 INF] 【直播间】23447660 的第 57 个心跳包发送成功
[03:11:47 INF] 【直播间】929670 的第 57 个心跳包发送成功
[03:11:48 INF] 【直播间】22764265 的第 57 个心跳包发送成功
[03:12:41 INF] 【直播间】23357926 的第 58 个心跳包发送成功
[03:12:42 INF] 【直播间】23040372 的第 58 个心跳包发送成功
[03:12:43 INF] 【直播间】31494 的第 58 个心跳包发送成功
[03:12:44 INF] 【直播间】4015781 的第 58 个心跳包发送成功
[03:12:46 INF] 【直播间】9619073 的第 58 个心跳包发送成功
[03:12:47 INF] 【直播间】407149 的第 58 个心跳包发送成功
[03:12:48 INF] 【直播间】91164 的第 58 个心跳包发送成功
[03:12:49 INF] 【直播间】7184632 的第 58 个心跳包发送成功
[03:12:51 INF] 【直播间】11732699 的第 58 个心跳包发送成功
[03:12:52 INF] 【直播间】23447660 的第 58 个心跳包发送成功
[03:12:53 INF] 【直播间】929670 的第 58 个心跳包发送成功
[03:12:54 INF] 【直播间】22764265 的第 58 个心跳包发送成功
[03:13:47 INF] 【直播间】23357926 的第 59 个心跳包发送成功
[03:13:49 INF] 【直播间】23040372 的第 59 个心跳包发送成功
[03:13:50 INF] 【直播间】31494 的第 59 个心跳包发送成功
[03:13:51 INF] 【直播间】4015781 的第 59 个心跳包发送成功
[03:13:53 INF] 【直播间】9619073 的第 59 个心跳包发送成功
[03:13:54 INF] 【直播间】407149 的第 59 个心跳包发送成功
[03:13:55 INF] 【直播间】91164 的第 59 个心跳包发送成功
[03:13:56 INF] 【直播间】7184632 的第 59 个心跳包发送成功
[03:13:58 INF] 【直播间】11732699 的第 59 个心跳包发送成功
[03:13:59 INF] 【直播间】23447660 的第 59 个心跳包发送成功
[03:14:00 INF] 【直播间】929670 的第 59 个心跳包发送成功
[03:14:02 INF] 【直播间】22764265 的第 59 个心跳包发送成功
[03:14:54 INF] 【直播间】23357926 的第 60 个心跳包发送成功
[03:14:55 INF] 【直播间】23040372 的第 60 个心跳包发送成功
[03:14:56 INF] 【直播间】31494 的第 60 个心跳包发送成功
[03:14:58 INF] 【直播间】4015781 的第 60 个心跳包发送成功
[03:14:59 INF] 【直播间】9619073 的第 60 个心跳包发送成功
[03:15:00 INF] 【直播间】407149 的第 60 个心跳包发送成功
[03:15:01 INF] 【直播间】91164 的第 60 个心跳包发送成功
[03:15:03 INF] 【直播间】7184632 的第 60 个心跳包发送成功
[03:15:04 INF] 【直播间】11732699 的第 60 个心跳包发送成功
[03:15:05 INF] 【直播间】23447660 的第 60 个心跳包发送成功
[03:15:07 INF] 【直播间】929670 的第 60 个心跳包发送成功
[03:15:08 INF] 【直播间】22764265 的第 60 个心跳包发送成功
[03:16:00 INF] 【直播间】23357926 的第 61 个心跳包发送成功
[03:16:01 INF] 【直播间】23040372 的第 61 个心跳包发送成功
[03:16:03 INF] 【直播间】31494 的第 61 个心跳包发送成功
[03:16:04 INF] 【直播间】4015781 的第 61 个心跳包发送成功
[03:16:05 INF] 【直播间】9619073 的第 61 个心跳包发送成功
[03:16:06 INF] 【直播间】407149 的第 61 个心跳包发送成功
[03:16:08 INF] 【直播间】91164 的第 61 个心跳包发送成功
[03:16:09 INF] 【直播间】7184632 的第 61 个心跳包发送成功
[03:16:10 INF] 【直播间】11732699 的第 61 个心跳包发送成功
[03:16:12 INF] 【直播间】23447660 的第 61 个心跳包发送成功
[03:16:13 INF] 【直播间】929670 的第 61 个心跳包发送成功
[03:16:14 INF] 【直播间】22764265 的第 61 个心跳包发送成功
[03:17:07 INF] 【直播间】23357926 的第 62 个心跳包发送成功
[03:17:08 INF] 【直播间】23040372 的第 62 个心跳包发送成功
[03:17:09 INF] 【直播间】31494 的第 62 个心跳包发送成功
[03:17:11 INF] 【直播间】4015781 的第 62 个心跳包发送成功
[03:17:12 INF] 【直播间】9619073 的第 62 个心跳包发送成功
[03:17:13 INF] 【直播间】407149 的第 62 个心跳包发送成功
[03:17:14 INF] 【直播间】91164 的第 62 个心跳包发送成功
[03:17:16 INF] 【直播间】7184632 的第 62 个心跳包发送成功
[03:17:17 INF] 【直播间】11732699 的第 62 个心跳包发送成功
[03:17:18 INF] 【直播间】23447660 的第 62 个心跳包发送成功
[03:17:19 INF] 【直播间】929670 的第 62 个心跳包发送成功
[03:17:21 INF] 【直播间】22764265 的第 62 个心跳包发送成功
[03:18:13 INF] 【直播间】23357926 的第 63 个心跳包发送成功
[03:18:15 INF] 【直播间】23040372 的第 63 个心跳包发送成功
[03:18:16 INF] 【直播间】31494 的第 63 个心跳包发送成功
[03:18:17 INF] 【直播间】4015781 的第 63 个心跳包发送成功
[03:18:18 INF] 【直播间】9619073 的第 63 个心跳包发送成功
[03:18:19 INF] 【直播间】407149 的第 63 个心跳包发送成功
[03:18:21 INF] 【直播间】91164 的第 63 个心跳包发送成功
[03:18:22 INF] 【直播间】7184632 的第 63 个心跳包发送成功
[03:18:23 INF] 【直播间】11732699 的第 63 个心跳包发送成功
[03:18:25 INF] 【直播间】23447660 的第 63 个心跳包发送成功
[03:18:26 INF] 【直播间】929670 的第 63 个心跳包发送成功
[03:18:27 INF] 【直播间】22764265 的第 63 个心跳包发送成功
[03:19:20 INF] 【直播间】23357926 的第 64 个心跳包发送成功
[03:19:22 INF] 【直播间】23040372 的第 64 个心跳包发送成功
[03:19:23 INF] 【直播间】31494 的第 64 个心跳包发送成功
[03:19:24 INF] 【直播间】4015781 的第 64 个心跳包发送成功
[03:19:25 INF] 【直播间】9619073 的第 64 个心跳包发送成功
[03:19:27 INF] 【直播间】407149 的第 64 个心跳包发送成功
[03:19:28 INF] 【直播间】91164 的第 64 个心跳包发送成功
[03:19:29 INF] 【直播间】7184632 的第 64 个心跳包发送成功
[03:19:30 INF] 【直播间】11732699 的第 64 个心跳包发送成功
[03:19:32 INF] 【直播间】23447660 的第 64 个心跳包发送成功
[03:19:33 INF] 【直播间】929670 的第 64 个心跳包发送成功
[03:19:34 INF] 【直播间】22764265 的第 64 个心跳包发送成功
[03:20:27 INF] 【直播间】23357926 的第 65 个心跳包发送成功
[03:20:28 INF] 【直播间】23040372 的第 65 个心跳包发送成功
[03:20:29 INF] 【直播间】31494 的第 65 个心跳包发送成功
[03:20:31 INF] 【直播间】4015781 的第 65 个心跳包发送成功
[03:20:32 INF] 【直播间】9619073 的第 65 个心跳包发送成功
[03:20:33 INF] 【直播间】407149 的第 65 个心跳包发送成功
[03:20:35 INF] 【直播间】91164 的第 65 个心跳包发送成功
[03:20:36 INF] 【直播间】7184632 的第 65 个心跳包发送成功
[03:20:37 INF] 【直播间】11732699 的第 65 个心跳包发送成功
[03:20:38 INF] 【直播间】23447660 的第 65 个心跳包发送成功
[03:20:40 INF] 【直播间】929670 的第 65 个心跳包发送成功
[03:20:41 INF] 【直播间】22764265 的第 65 个心跳包发送成功
[03:21:33 INF] 【直播间】23357926 的第 66 个心跳包发送成功
[03:21:35 INF] 【直播间】23040372 的第 66 个心跳包发送成功
[03:21:36 INF] 【直播间】31494 的第 66 个心跳包发送成功
[03:21:37 INF] 【直播间】4015781 的第 66 个心跳包发送成功
[03:21:38 INF] 【直播间】9619073 的第 66 个心跳包发送成功
[03:21:40 INF] 【直播间】407149 的第 66 个心跳包发送成功
[03:21:41 INF] 【直播间】91164 的第 66 个心跳包发送成功
[03:21:42 INF] 【直播间】7184632 的第 66 个心跳包发送成功
[03:21:43 INF] 【直播间】11732699 的第 66 个心跳包发送成功
[03:21:45 INF] 【直播间】23447660 的第 66 个心跳包发送成功
[03:21:46 INF] 【直播间】929670 的第 66 个心跳包发送成功
[03:21:47 INF] 【直播间】22764265 的第 66 个心跳包发送成功
[03:22:40 ERR] 【心跳包】直播间 23357926 发送失败
[03:22:40 ERR] 【原因】time check failed
[03:22:41 ERR] 【心跳包】直播间 23040372 发送失败
[03:22:41 ERR] 【原因】time check failed
[03:22:42 ERR] 【心跳包】直播间 31494 发送失败
[03:22:42 ERR] 【原因】time check failed
[03:22:43 ERR] 【心跳包】直播间 4015781 发送失败
[03:22:43 ERR] 【原因】time check failed
[03:22:45 ERR] 【心跳包】直播间 9619073 发送失败
[03:22:45 ERR] 【原因】time check failed
[03:22:46 ERR] 【心跳包】直播间 407149 发送失败
[03:22:46 ERR] 【原因】time check failed
[03:22:47 ERR] 【心跳包】直播间 91164 发送失败
[03:22:47 ERR] 【原因】time check failed
[03:22:48 ERR] 【心跳包】直播间 7184632 发送失败
[03:22:48 ERR] 【原因】time check failed
[03:22:50 ERR] 【心跳包】直播间 11732699 发送失败
[03:22:50 ERR] 【原因】time check failed
[03:22:51 ERR] 【心跳包】直播间 23447660 发送失败
[03:22:51 ERR] 【原因】time check failed
[03:22:52 ERR] 【心跳包】直播间 929670 发送失败
[03:22:52 ERR] 【原因】time check failed
[03:22:53 ERR] 【心跳包】直播间 22764265 发送失败
[03:22:53 ERR] 【原因】time check failed
[03:23:46 INF] 【直播间】23357926 的第 67 个心跳包发送成功
[03:23:47 INF] 【直播间】23040372 的第 67 个心跳包发送成功
[03:23:49 INF] 【直播间】31494 的第 67 个心跳包发送成功
[03:23:50 INF] 【直播间】4015781 的第 67 个心跳包发送成功
[03:23:51 INF] 【直播间】9619073 的第 67 个心跳包发送成功
[03:23:52 INF] 【直播间】407149 的第 67 个心跳包发送成功
[03:23:54 INF] 【直播间】91164 的第 67 个心跳包发送成功
[03:23:55 INF] 【直播间】7184632 的第 67 个心跳包发送成功
[03:23:56 INF] 【直播间】11732699 的第 67 个心跳包发送成功
[03:23:58 INF] 【直播间】23447660 的第 67 个心跳包发送成功
[03:23:59 INF] 【直播间】929670 的第 67 个心跳包发送成功
[03:24:00 INF] 【直播间】22764265 的第 67 个心跳包发送成功
[03:24:53 INF] 【直播间】23357926 的第 68 个心跳包发送成功
[03:24:55 INF] 【直播间】23040372 的第 68 个心跳包发送成功
[03:24:56 INF] 【直播间】31494 的第 68 个心跳包发送成功
[03:24:57 INF] 【直播间】4015781 的第 68 个心跳包发送成功
[03:24:58 INF] 【直播间】9619073 的第 68 个心跳包发送成功
[03:25:00 INF] 【直播间】407149 的第 68 个心跳包发送成功
[03:25:01 INF] 【直播间】91164 的第 68 个心跳包发送成功
[03:25:02 INF] 【直播间】7184632 的第 68 个心跳包发送成功
[03:25:03 INF] 【直播间】11732699 的第 68 个心跳包发送成功
[03:25:05 INF] 【直播间】23447660 的第 68 个心跳包发送成功
[03:25:06 INF] 【直播间】929670 的第 68 个心跳包发送成功
[03:25:07 INF] 【直播间】22764265 的第 68 个心跳包发送成功
[03:26:00 INF] 【直播间】23357926 的第 69 个心跳包发送成功
[03:26:01 INF] 【直播间】23040372 的第 69 个心跳包发送成功
[03:26:02 INF] 【直播间】31494 的第 69 个心跳包发送成功
[03:26:03 INF] 【直播间】4015781 的第 69 个心跳包发送成功
[03:26:05 INF] 【直播间】9619073 的第 69 个心跳包发送成功
[03:26:06 INF] 【直播间】407149 的第 69 个心跳包发送成功
[03:26:07 INF] 【直播间】91164 的第 69 个心跳包发送成功
[03:26:08 INF] 【直播间】7184632 的第 69 个心跳包发送成功
[03:26:10 INF] 【直播间】11732699 的第 69 个心跳包发送成功
[03:26:11 INF] 【直播间】23447660 的第 69 个心跳包发送成功
[03:26:12 INF] 【直播间】929670 的第 69 个心跳包发送成功
[03:26:14 INF] 【直播间】22764265 的第 69 个心跳包发送成功
[03:27:06 INF] 【直播间】23357926 的第 70 个心跳包发送成功
[03:27:07 INF] 【直播间】23040372 的第 70 个心跳包发送成功
[03:27:09 INF] 【直播间】31494 的第 70 个心跳包发送成功
[03:27:10 INF] 【直播间】4015781 的第 70 个心跳包发送成功
[03:27:11 INF] 【直播间】9619073 的第 70 个心跳包发送成功
[03:27:12 INF] 【直播间】407149 的第 70 个心跳包发送成功
[03:27:14 INF] 【直播间】91164 的第 70 个心跳包发送成功
[03:27:15 INF] 【直播间】7184632 的第 70 个心跳包发送成功
[03:27:16 INF] 【直播间】11732699 的第 70 个心跳包发送成功
[03:27:17 INF] 【直播间】23447660 的第 70 个心跳包发送成功
[03:27:19 INF] 【直播间】929670 的第 70 个心跳包发送成功
[03:27:20 INF] 【直播间】22764265 的第 70 个心跳包发送成功
[03:27:20 INF] 【直播观看时长】完成情况：12/12 
[03:27:20 INF] ---------结束---------

[03:27:20 INF] ==========结束==========

[03:27:20 INF] ######### 账号 3 #########

[03:27:20 INF] =====开始 直播间互动 =====

[03:27:20 INF] ---开始 发送弹幕 ---
[03:27:20 INF] 检测到直播 Cookie 未正确配置，尝试自动配置中...
[03:27:28 INF] 直播 Cookie 配置成功！
[03:27:28 INF] 【获取直播列表】获取拥有粉丝牌的直播列表
[03:27:33 INF] 【主播】苏打baka 
[03:27:51 INF] 【直播间】苏打baka
[03:27:51 INF] 【粉丝牌】碳酸钠
[03:27:51 INF] 正在发送弹幕...
[03:27:58 INF] -------结束-------

[03:27:58 INF] ---开始 点赞直播间 ---
[03:27:58 INF] 【获取直播列表】获取拥有粉丝牌的直播列表
[03:28:04 INF] 【主播】苏打baka 
[03:28:05 INF] 【弹幕发送】成功~，你和主播 苏打baka 的亲密值增加了100！
[03:28:32 INF] --------结束--------

[03:28:32 INF] ---开始 直播时长挂机 ---
[03:28:32 INF] 【获取直播列表】获取拥有粉丝牌的直播列表
[03:28:32 INF] 【点赞直播间】23040372 完成
[03:28:36 INF] 【主播】苏打baka 
[03:28:54 INF] 【直播间】23040372 的第 1 个心跳包发送成功
[03:30:00 INF] 【直播间】23040372 的第 2 个心跳包发送成功
[03:31:07 INF] 【直播间】23040372 的第 3 个心跳包发送成功
[03:32:13 INF] 【直播间】23040372 的第 4 个心跳包发送成功
[03:33:20 INF] 【直播间】23040372 的第 5 个心跳包发送成功
[03:34:26 INF] 【直播间】23040372 的第 6 个心跳包发送成功
[03:35:33 INF] 【直播间】23040372 的第 7 个心跳包发送成功
[03:36:40 INF] 【直播间】23040372 的第 8 个心跳包发送成功
[03:37:46 INF] 【直播间】23040372 的第 9 个心跳包发送成功
[03:38:53 INF] 【直播间】23040372 的第 10 个心跳包发送成功
[03:39:59 INF] 【直播间】23040372 的第 11 个心跳包发送成功
[03:41:06 INF] 【直播间】23040372 的第 12 个心跳包发送成功
[03:42:13 INF] 【直播间】23040372 的第 13 个心跳包发送成功
[03:43:19 INF] 【直播间】23040372 的第 14 个心跳包发送成功
[03:44:26 ERR] 【心跳包】直播间 23040372 发送失败
[03:44:26 ERR] 【原因】time check failed
[03:45:32 INF] 【直播间】23040372 的第 15 个心跳包发送成功
[03:46:39 INF] 【直播间】23040372 的第 16 个心跳包发送成功
[03:47:46 INF] 【直播间】23040372 的第 17 个心跳包发送成功
[03:48:52 INF] 【直播间】23040372 的第 18 个心跳包发送成功
[03:49:59 INF] 【直播间】23040372 的第 19 个心跳包发送成功
[03:51:05 INF] 【直播间】23040372 的第 20 个心跳包发送成功
[03:52:12 INF] 【直播间】23040372 的第 21 个心跳包发送成功
[03:53:18 INF] 【直播间】23040372 的第 22 个心跳包发送成功
[03:54:25 INF] 【直播间】23040372 的第 23 个心跳包发送成功
[03:55:31 INF] 【直播间】23040372 的第 24 个心跳包发送成功
[03:56:38 INF] 【直播间】23040372 的第 25 个心跳包发送成功
[03:57:44 INF] 【直播间】23040372 的第 26 个心跳包发送成功
[03:58:51 INF] 【直播间】23040372 的第 27 个心跳包发送成功
[03:59:58 ERR] 【心跳包】直播间 23040372 发送失败
[03:59:58 ERR] 【原因】time check failed
[04:01:04 INF] 【直播间】23040372 的第 28 个心跳包发送成功
[04:02:11 INF] 【直播间】23040372 的第 29 个心跳包发送成功
[04:03:18 INF] 【直播间】23040372 的第 30 个心跳包发送成功
[04:04:24 INF] 【直播间】23040372 的第 31 个心跳包发送成功
[04:05:31 INF] 【直播间】23040372 的第 32 个心跳包发送成功
[04:06:37 INF] 【直播间】23040372 的第 33 个心跳包发送成功
[04:07:44 INF] 【直播间】23040372 的第 34 个心跳包发送成功
[04:08:50 INF] 【直播间】23040372 的第 35 个心跳包发送成功
[04:09:57 INF] 【直播间】23040372 的第 36 个心跳包发送成功
[04:11:03 INF] 【直播间】23040372 的第 37 个心跳包发送成功
[04:12:10 INF] 【直播间】23040372 的第 38 个心跳包发送成功
[04:13:17 INF] 【直播间】23040372 的第 39 个心跳包发送成功
[04:14:23 INF] 【直播间】23040372 的第 40 个心跳包发送成功
[04:15:30 ERR] 【心跳包】直播间 23040372 发送失败
[04:15:30 ERR] 【原因】time check failed
[04:16:37 INF] 【直播间】23040372 的第 41 个心跳包发送成功
[04:17:43 INF] 【直播间】23040372 的第 42 个心跳包发送成功
[04:18:50 INF] 【直播间】23040372 的第 43 个心跳包发送成功
[04:19:56 INF] 【直播间】23040372 的第 44 个心跳包发送成功
[04:21:03 INF] 【直播间】23040372 的第 45 个心跳包发送成功
[04:22:09 INF] 【直播间】23040372 的第 46 个心跳包发送成功
[04:23:16 INF] 【直播间】23040372 的第 47 个心跳包发送成功
[04:24:23 INF] 【直播间】23040372 的第 48 个心跳包发送成功
[04:25:29 INF] 【直播间】23040372 的第 49 个心跳包发送成功
[04:26:36 INF] 【直播间】23040372 的第 50 个心跳包发送成功
[04:27:42 INF] 【直播间】23040372 的第 51 个心跳包发送成功
[04:28:49 INF] 【直播间】23040372 的第 52 个心跳包发送成功
[04:29:56 INF] 【直播间】23040372 的第 53 个心跳包发送成功
[04:31:02 ERR] 【心跳包】直播间 23040372 发送失败
[04:31:02 ERR] 【原因】time check failed
[04:32:09 INF] 【直播间】23040372 的第 54 个心跳包发送成功
[04:33:15 INF] 【直播间】23040372 的第 55 个心跳包发送成功
[04:34:22 INF] 【直播间】23040372 的第 56 个心跳包发送成功
[04:35:29 INF] 【直播间】23040372 的第 57 个心跳包发送成功
[04:36:36 INF] 【直播间】23040372 的第 58 个心跳包发送成功
[04:37:42 INF] 【直播间】23040372 的第 59 个心跳包发送成功
[04:38:48 INF] 【直播间】23040372 的第 60 个心跳包发送成功
[04:39:55 INF] 【直播间】23040372 的第 61 个心跳包发送成功
[04:41:02 INF] 【直播间】23040372 的第 62 个心跳包发送成功
[04:42:09 INF] 【直播间】23040372 的第 63 个心跳包发送成功
[04:43:15 INF] 【直播间】23040372 的第 64 个心跳包发送成功
[04:44:21 INF] 【直播间】23040372 的第 65 个心跳包发送成功
[04:45:28 INF] 【直播间】23040372 的第 66 个心跳包发送成功
[04:46:34 ERR] 【心跳包】直播间 23040372 发送失败
[04:46:34 ERR] 【原因】time check failed
[04:47:42 INF] 【直播间】23040372 的第 67 个心跳包发送成功
[04:48:48 INF] 【直播间】23040372 的第 68 个心跳包发送成功
[04:49:55 INF] 【直播间】23040372 的第 69 个心跳包发送成功
[04:51:01 INF] 【直播间】23040372 的第 70 个心跳包发送成功
[04:51:01 INF] 【直播观看时长】完成情况：1/1 
[04:51:01 INF] ---------结束---------

[04:51:01 INF] ==========结束==========

[04:51:01 INF] 

========================

 v2.0.1 开源 by https://github.com/RayWangQvQ/BiliBiliToolPro

[04:51:01 INF] ·开始推送·LiveFansMedal任务·
2023-08-14T20:51:01.4979553Z 开始推送到:PushPlus
2023-08-14T20:51:02.4670909Z Response status: OK.
2023-08-14T20:51:02.4671709Z Response content: {"code":999,"msg":"发送内容过大，不能超过2万字","data":null}.

[04:51:02 INF] 运行环境：Development
[04:51:02 INF] 应用目录：/home/runner/work/BiliBiliToolPro/BiliBiliToolPro/src/Ray.BiliBiliTool.Console/bin/Debug/net6.0/

[04:51:02 INF] 运行结束
