----------- ip 信息 ---------
{
  "ip": "20.172.43.96",
  "city": "Phoenix",
  "region": "Arizona",
  "country": "US",
  "loc": "33.4484,-112.0740",
  "org": "AS8075 Microsoft Corporation",
  "postal": "85001",
  "timezone": "America/Phoenix",
  "readme": "https://ipinfo.io/missingauth"
} ---------- end ------------
  ____               ____    _   _____           _  
 |  _ \ __ _ _   _  | __ ) _| |_|_   _|__   ___ | | 
 | |_) / _` | | | | |  _ \(_) (_) | |/ _ \ / _ \| | 
 |  _ < (_| | |_| | | |_) | | | | | | (_) | (_) | | 
 |_| \_\__,_|\__, | |____/|_|_|_| |_|\___/ \___/|_| 
             |___/                                  

[00:29:37 INF] BiliBiliToolPro 开始运行...

[00:29:37 INF] 【账号个数】3个

[00:29:37 INF] 随机休眠4分钟

[00:33:37 INF] 【目标任务】LiveFansMedal
[00:33:37 INF] ######### 账号 1 #########

[00:33:37 INF] =====开始 直播间互动 =====

[00:33:37 INF] ---开始 发送弹幕 ---
[00:33:37 INF] 检测到直播 Cookie 未正确配置，尝试自动配置中...
[00:33:41 INF] 直播 Cookie 配置成功！
[00:33:41 INF] 【获取直播列表】获取拥有粉丝牌的直播列表
[00:33:46 INF] 【主播】Mark陌枫 
[00:33:59 INF] 【主播】KL_qiqi_ 
[00:34:14 INF] 【主播】苏打baka 
[00:34:32 INF] 【直播间】Mark陌枫
[00:34:32 INF] 【粉丝牌】馬楓
[00:34:32 INF] 正在发送弹幕...
[00:34:35 INF] 【直播间】KL_qiqi_
[00:34:35 INF] 【粉丝牌】qiqisb
[00:34:35 INF] 正在发送弹幕...
[00:34:41 INF] 【直播间】苏打baka
[00:34:41 INF] 【粉丝牌】碳酸钠
[00:34:41 INF] 正在发送弹幕...
[00:34:47 INF] -------结束-------

[00:34:47 INF] ---开始 点赞直播间 ---
[00:34:47 INF] 【获取直播列表】获取拥有粉丝牌的直播列表
[00:34:49 INF] 【弹幕发送】成功~，你和主播 Mark陌枫 的亲密值增加了100！
[00:34:53 INF] 【弹幕发送】成功~，你和主播 KL_qiqi_ 的亲密值增加了100！
[00:34:54 INF] 【主播】Mark陌枫 
[00:34:59 INF] 【弹幕发送】成功~，你和主播 苏打baka 的亲密值增加了100！
[00:35:07 INF] 【主播】KL_qiqi_ 
[00:35:25 INF] 【主播】苏打baka 
[00:35:42 INF] 【点赞直播间】23357926 完成
[00:35:46 INF] 【点赞直播间】407149 完成
[00:35:51 INF] --------结束--------

[00:35:51 INF] ---开始 直播时长挂机 ---
[00:35:51 INF] 【获取直播列表】获取拥有粉丝牌的直播列表
[00:35:51 INF] 【点赞直播间】23040372 完成
[00:35:58 INF] 【主播】Mark陌枫 
[00:36:15 INF] 【主播】KL_qiqi_ 
[00:36:34 INF] 【主播】苏打baka 
[00:36:50 INF] 【直播间】23357926 的第 1 个心跳包发送成功
[00:36:51 INF] 【直播间】407149 的第 1 个心跳包发送成功
[00:36:53 INF] 【直播间】23040372 的第 1 个心跳包发送成功
[00:37:56 INF] 【直播间】23357926 的第 2 个心跳包发送成功
[00:37:57 INF] 【直播间】407149 的第 2 个心跳包发送成功
[00:37:59 INF] 【直播间】23040372 的第 2 个心跳包发送成功
[00:39:03 INF] 【直播间】23357926 的第 3 个心跳包发送成功
[00:39:04 INF] 【直播间】407149 的第 3 个心跳包发送成功
[00:39:05 INF] 【直播间】23040372 的第 3 个心跳包发送成功
[00:40:09 INF] 【直播间】23357926 的第 4 个心跳包发送成功
[00:40:10 INF] 【直播间】407149 的第 4 个心跳包发送成功
[00:40:11 INF] 【直播间】23040372 的第 4 个心跳包发送成功
[00:41:15 INF] 【直播间】23357926 的第 5 个心跳包发送成功
[00:41:17 INF] 【直播间】407149 的第 5 个心跳包发送成功
[00:41:18 INF] 【直播间】23040372 的第 5 个心跳包发送成功
[00:42:22 INF] 【直播间】23357926 的第 6 个心跳包发送成功
[00:42:23 INF] 【直播间】407149 的第 6 个心跳包发送成功
[00:42:24 INF] 【直播间】23040372 的第 6 个心跳包发送成功
[00:43:28 INF] 【直播间】23357926 的第 7 个心跳包发送成功
[00:43:29 INF] 【直播间】407149 的第 7 个心跳包发送成功
[00:43:30 INF] 【直播间】23040372 的第 7 个心跳包发送成功
[00:44:34 INF] 【直播间】23357926 的第 8 个心跳包发送成功
[00:44:36 INF] 【直播间】407149 的第 8 个心跳包发送成功
[00:44:37 INF] 【直播间】23040372 的第 8 个心跳包发送成功
[00:45:41 INF] 【直播间】23357926 的第 9 个心跳包发送成功
[00:45:42 INF] 【直播间】407149 的第 9 个心跳包发送成功
[00:45:43 INF] 【直播间】23040372 的第 9 个心跳包发送成功
[00:46:47 INF] 【直播间】23357926 的第 10 个心跳包发送成功
[00:46:48 INF] 【直播间】407149 的第 10 个心跳包发送成功
[00:46:49 INF] 【直播间】23040372 的第 10 个心跳包发送成功
[00:47:53 INF] 【直播间】23357926 的第 11 个心跳包发送成功
[00:47:54 INF] 【直播间】407149 的第 11 个心跳包发送成功
[00:47:56 INF] 【直播间】23040372 的第 11 个心跳包发送成功
[00:48:59 INF] 【直播间】23357926 的第 12 个心跳包发送成功
[00:49:01 INF] 【直播间】407149 的第 12 个心跳包发送成功
[00:49:02 INF] 【直播间】23040372 的第 12 个心跳包发送成功
[00:50:06 INF] 【直播间】23357926 的第 13 个心跳包发送成功
[00:50:07 INF] 【直播间】407149 的第 13 个心跳包发送成功
[00:50:08 INF] 【直播间】23040372 的第 13 个心跳包发送成功
[00:51:12 INF] 【直播间】23357926 的第 14 个心跳包发送成功
[00:51:13 INF] 【直播间】407149 的第 14 个心跳包发送成功
[00:51:14 INF] 【直播间】23040372 的第 14 个心跳包发送成功
[00:52:18 INF] 【直播间】23357926 的第 15 个心跳包发送成功
[00:52:20 INF] 【直播间】407149 的第 15 个心跳包发送成功
[00:52:21 INF] 【直播间】23040372 的第 15 个心跳包发送成功
[00:53:25 ERR] 【心跳包】直播间 23357926 发送失败
[00:53:25 ERR] 【原因】time check failed
[00:53:26 ERR] 【心跳包】直播间 407149 发送失败
[00:53:26 ERR] 【原因】time check failed
[00:53:27 ERR] 【心跳包】直播间 23040372 发送失败
[00:53:27 ERR] 【原因】time check failed
[00:54:31 INF] 【直播间】23357926 的第 16 个心跳包发送成功
[00:54:32 INF] 【直播间】407149 的第 16 个心跳包发送成功
[00:54:33 INF] 【直播间】23040372 的第 16 个心跳包发送成功
[00:55:37 INF] 【直播间】23357926 的第 17 个心跳包发送成功
[00:55:39 INF] 【直播间】407149 的第 17 个心跳包发送成功
[00:55:40 INF] 【直播间】23040372 的第 17 个心跳包发送成功
[00:56:44 INF] 【直播间】23357926 的第 18 个心跳包发送成功
[00:56:45 INF] 【直播间】407149 的第 18 个心跳包发送成功
[00:56:46 INF] 【直播间】23040372 的第 18 个心跳包发送成功
[00:57:50 INF] 【直播间】23357926 的第 19 个心跳包发送成功
[00:57:51 INF] 【直播间】407149 的第 19 个心跳包发送成功
[00:57:52 INF] 【直播间】23040372 的第 19 个心跳包发送成功
[00:58:56 INF] 【直播间】23357926 的第 20 个心跳包发送成功
[00:58:58 INF] 【直播间】407149 的第 20 个心跳包发送成功
[00:58:59 INF] 【直播间】23040372 的第 20 个心跳包发送成功
[01:00:03 INF] 【直播间】23357926 的第 21 个心跳包发送成功
[01:00:04 INF] 【直播间】407149 的第 21 个心跳包发送成功
[01:00:05 INF] 【直播间】23040372 的第 21 个心跳包发送成功
[01:01:09 INF] 【直播间】23357926 的第 22 个心跳包发送成功
[01:01:10 INF] 【直播间】407149 的第 22 个心跳包发送成功
[01:01:11 INF] 【直播间】23040372 的第 22 个心跳包发送成功
[01:02:15 INF] 【直播间】23357926 的第 23 个心跳包发送成功
[01:02:16 INF] 【直播间】407149 的第 23 个心跳包发送成功
[01:02:18 INF] 【直播间】23040372 的第 23 个心跳包发送成功
[01:03:21 INF] 【直播间】23357926 的第 24 个心跳包发送成功
[01:03:23 INF] 【直播间】407149 的第 24 个心跳包发送成功
[01:03:24 INF] 【直播间】23040372 的第 24 个心跳包发送成功
[01:04:28 INF] 【直播间】23357926 的第 25 个心跳包发送成功
[01:04:29 INF] 【直播间】407149 的第 25 个心跳包发送成功
[01:04:30 INF] 【直播间】23040372 的第 25 个心跳包发送成功
[01:05:34 INF] 【直播间】23357926 的第 26 个心跳包发送成功
[01:05:35 INF] 【直播间】407149 的第 26 个心跳包发送成功
[01:05:37 INF] 【直播间】23040372 的第 26 个心跳包发送成功
[01:06:41 INF] 【直播间】23357926 的第 27 个心跳包发送成功
[01:06:42 INF] 【直播间】407149 的第 27 个心跳包发送成功
[01:06:43 INF] 【直播间】23040372 的第 27 个心跳包发送成功
[01:07:47 INF] 【直播间】23357926 的第 28 个心跳包发送成功
[01:07:48 INF] 【直播间】407149 的第 28 个心跳包发送成功
[01:07:49 INF] 【直播间】23040372 的第 28 个心跳包发送成功
[01:08:53 INF] 【直播间】23357926 的第 29 个心跳包发送成功
[01:08:54 INF] 【直播间】407149 的第 29 个心跳包发送成功
[01:08:56 INF] 【直播间】23040372 的第 29 个心跳包发送成功
[01:09:59 ERR] 【心跳包】直播间 23357926 发送失败
[01:09:59 ERR] 【原因】time check failed
[01:10:01 ERR] 【心跳包】直播间 407149 发送失败
[01:10:01 ERR] 【原因】time check failed
[01:10:02 ERR] 【心跳包】直播间 23040372 发送失败
[01:10:02 ERR] 【原因】time check failed
[01:11:06 INF] 【直播间】23357926 的第 30 个心跳包发送成功
[01:11:07 INF] 【直播间】407149 的第 30 个心跳包发送成功
[01:11:08 INF] 【直播间】23040372 的第 30 个心跳包发送成功
[01:12:12 INF] 【直播间】23357926 的第 31 个心跳包发送成功
[01:12:13 INF] 【直播间】407149 的第 31 个心跳包发送成功
[01:12:14 INF] 【直播间】23040372 的第 31 个心跳包发送成功
[01:13:18 INF] 【直播间】23357926 的第 32 个心跳包发送成功
[01:13:19 INF] 【直播间】407149 的第 32 个心跳包发送成功
[01:13:21 INF] 【直播间】23040372 的第 32 个心跳包发送成功
[01:14:25 INF] 【直播间】23357926 的第 33 个心跳包发送成功
[01:14:26 INF] 【直播间】407149 的第 33 个心跳包发送成功
[01:14:27 INF] 【直播间】23040372 的第 33 个心跳包发送成功
[01:15:31 INF] 【直播间】23357926 的第 34 个心跳包发送成功
[01:15:32 INF] 【直播间】407149 的第 34 个心跳包发送成功
[01:15:33 INF] 【直播间】23040372 的第 34 个心跳包发送成功
[01:16:37 INF] 【直播间】23357926 的第 35 个心跳包发送成功
[01:16:38 INF] 【直播间】407149 的第 35 个心跳包发送成功
[01:16:40 INF] 【直播间】23040372 的第 35 个心跳包发送成功
[01:17:44 INF] 【直播间】23357926 的第 36 个心跳包发送成功
[01:17:45 INF] 【直播间】407149 的第 36 个心跳包发送成功
[01:17:46 INF] 【直播间】23040372 的第 36 个心跳包发送成功
[01:18:50 INF] 【直播间】23357926 的第 37 个心跳包发送成功
[01:18:51 INF] 【直播间】407149 的第 37 个心跳包发送成功
[01:18:52 INF] 【直播间】23040372 的第 37 个心跳包发送成功
[01:19:56 INF] 【直播间】23357926 的第 38 个心跳包发送成功
[01:19:57 INF] 【直播间】407149 的第 38 个心跳包发送成功
[01:19:59 INF] 【直播间】23040372 的第 38 个心跳包发送成功
[01:21:02 INF] 【直播间】23357926 的第 39 个心跳包发送成功
[01:21:04 INF] 【直播间】407149 的第 39 个心跳包发送成功
[01:21:05 INF] 【直播间】23040372 的第 39 个心跳包发送成功
[01:22:09 INF] 【直播间】23357926 的第 40 个心跳包发送成功
[01:22:10 INF] 【直播间】407149 的第 40 个心跳包发送成功
[01:22:11 INF] 【直播间】23040372 的第 40 个心跳包发送成功
[01:23:15 INF] 【直播间】23357926 的第 41 个心跳包发送成功
[01:23:16 INF] 【直播间】407149 的第 41 个心跳包发送成功
[01:23:17 INF] 【直播间】23040372 的第 41 个心跳包发送成功
[01:24:21 INF] 【直播间】23357926 的第 42 个心跳包发送成功
[01:24:22 INF] 【直播间】407149 的第 42 个心跳包发送成功
[01:24:24 INF] 【直播间】23040372 的第 42 个心跳包发送成功
[01:25:28 INF] 【直播间】23357926 的第 43 个心跳包发送成功
[01:25:29 INF] 【直播间】407149 的第 43 个心跳包发送成功
[01:25:30 INF] 【直播间】23040372 的第 43 个心跳包发送成功
[01:26:34 ERR] 【心跳包】直播间 23357926 发送失败
[01:26:34 ERR] 【原因】time check failed
[01:26:35 ERR] 【心跳包】直播间 407149 发送失败
[01:26:35 ERR] 【原因】time check failed
[01:26:36 ERR] 【心跳包】直播间 23040372 发送失败
[01:26:36 ERR] 【原因】time check failed
[01:27:40 INF] 【直播间】23357926 的第 44 个心跳包发送成功
[01:27:41 INF] 【直播间】407149 的第 44 个心跳包发送成功
[01:27:42 INF] 【直播间】23040372 的第 44 个心跳包发送成功
[01:28:47 INF] 【直播间】23357926 的第 45 个心跳包发送成功
[01:28:48 INF] 【直播间】407149 的第 45 个心跳包发送成功
[01:28:49 INF] 【直播间】23040372 的第 45 个心跳包发送成功
[01:29:53 INF] 【直播间】23357926 的第 46 个心跳包发送成功
[01:29:54 INF] 【直播间】407149 的第 46 个心跳包发送成功
[01:29:55 INF] 【直播间】23040372 的第 46 个心跳包发送成功
[01:30:59 INF] 【直播间】23357926 的第 47 个心跳包发送成功
[01:31:01 INF] 【直播间】407149 的第 47 个心跳包发送成功
[01:31:02 INF] 【直播间】23040372 的第 47 个心跳包发送成功
[01:32:06 INF] 【直播间】23357926 的第 48 个心跳包发送成功
[01:32:07 INF] 【直播间】407149 的第 48 个心跳包发送成功
[01:32:08 INF] 【直播间】23040372 的第 48 个心跳包发送成功
[01:33:12 INF] 【直播间】23357926 的第 49 个心跳包发送成功
[01:33:13 INF] 【直播间】407149 的第 49 个心跳包发送成功
[01:33:15 INF] 【直播间】23040372 的第 49 个心跳包发送成功
[01:34:18 INF] 【直播间】23357926 的第 50 个心跳包发送成功
[01:34:20 INF] 【直播间】407149 的第 50 个心跳包发送成功
[01:34:21 INF] 【直播间】23040372 的第 50 个心跳包发送成功
[01:35:25 INF] 【直播间】23357926 的第 51 个心跳包发送成功
[01:35:26 INF] 【直播间】407149 的第 51 个心跳包发送成功
[01:35:27 INF] 【直播间】23040372 的第 51 个心跳包发送成功
[01:36:31 INF] 【直播间】23357926 的第 52 个心跳包发送成功
[01:36:32 INF] 【直播间】407149 的第 52 个心跳包发送成功
[01:36:33 INF] 【直播间】23040372 的第 52 个心跳包发送成功
[01:37:37 INF] 【直播间】23357926 的第 53 个心跳包发送成功
[01:37:38 INF] 【直播间】407149 的第 53 个心跳包发送成功
[01:37:40 INF] 【直播间】23040372 的第 53 个心跳包发送成功
[01:38:44 INF] 【直播间】23357926 的第 54 个心跳包发送成功
[01:38:45 INF] 【直播间】407149 的第 54 个心跳包发送成功
[01:38:46 INF] 【直播间】23040372 的第 54 个心跳包发送成功
[01:39:50 INF] 【直播间】23357926 的第 55 个心跳包发送成功
[01:39:51 INF] 【直播间】407149 的第 55 个心跳包发送成功
[01:39:52 INF] 【直播间】23040372 的第 55 个心跳包发送成功
[01:40:56 INF] 【直播间】23357926 的第 56 个心跳包发送成功
[01:40:57 INF] 【直播间】407149 的第 56 个心跳包发送成功
[01:40:59 INF] 【直播间】23040372 的第 56 个心跳包发送成功
[01:42:02 INF] 【直播间】23357926 的第 57 个心跳包发送成功
[01:42:04 INF] 【直播间】407149 的第 57 个心跳包发送成功
[01:42:05 INF] 【直播间】23040372 的第 57 个心跳包发送成功
[01:43:09 ERR] 【心跳包】直播间 23357926 发送失败
[01:43:09 ERR] 【原因】time check failed
[01:43:10 ERR] 【心跳包】直播间 407149 发送失败
[01:43:10 ERR] 【原因】time check failed
[01:43:11 ERR] 【心跳包】直播间 23040372 发送失败
[01:43:11 ERR] 【原因】time check failed
[01:44:15 INF] 【直播间】23357926 的第 58 个心跳包发送成功
[01:44:16 INF] 【直播间】407149 的第 58 个心跳包发送成功
[01:44:18 INF] 【直播间】23040372 的第 58 个心跳包发送成功
[01:45:21 INF] 【直播间】23357926 的第 59 个心跳包发送成功
[01:45:23 INF] 【直播间】407149 的第 59 个心跳包发送成功
[01:45:24 INF] 【直播间】23040372 的第 59 个心跳包发送成功
[01:46:28 INF] 【直播间】23357926 的第 60 个心跳包发送成功
[01:46:29 INF] 【直播间】407149 的第 60 个心跳包发送成功
[01:46:30 INF] 【直播间】23040372 的第 60 个心跳包发送成功
[01:47:34 INF] 【直播间】23357926 的第 61 个心跳包发送成功
[01:47:35 INF] 【直播间】407149 的第 61 个心跳包发送成功
[01:47:36 INF] 【直播间】23040372 的第 61 个心跳包发送成功
[01:48:41 INF] 【直播间】23357926 的第 62 个心跳包发送成功
[01:48:42 INF] 【直播间】407149 的第 62 个心跳包发送成功
[01:48:43 INF] 【直播间】23040372 的第 62 个心跳包发送成功
[01:49:47 INF] 【直播间】23357926 的第 63 个心跳包发送成功
[01:49:48 INF] 【直播间】407149 的第 63 个心跳包发送成功
[01:49:49 INF] 【直播间】23040372 的第 63 个心跳包发送成功
[01:50:53 INF] 【直播间】23357926 的第 64 个心跳包发送成功
[01:50:54 INF] 【直播间】407149 的第 64 个心跳包发送成功
[01:50:55 INF] 【直播间】23040372 的第 64 个心跳包发送成功
[01:51:59 INF] 【直播间】23357926 的第 65 个心跳包发送成功
[01:52:01 INF] 【直播间】407149 的第 65 个心跳包发送成功
[01:52:02 INF] 【直播间】23040372 的第 65 个心跳包发送成功
[01:53:06 INF] 【直播间】23357926 的第 66 个心跳包发送成功
[01:53:07 INF] 【直播间】407149 的第 66 个心跳包发送成功
[01:53:08 INF] 【直播间】23040372 的第 66 个心跳包发送成功
[01:54:12 INF] 【直播间】23357926 的第 67 个心跳包发送成功
[01:54:13 INF] 【直播间】407149 的第 67 个心跳包发送成功
[01:54:14 INF] 【直播间】23040372 的第 67 个心跳包发送成功
[01:55:18 INF] 【直播间】23357926 的第 68 个心跳包发送成功
[01:55:19 INF] 【直播间】407149 的第 68 个心跳包发送成功
[01:55:21 INF] 【直播间】23040372 的第 68 个心跳包发送成功
[01:56:25 INF] 【直播间】23357926 的第 69 个心跳包发送成功
[01:56:26 INF] 【直播间】407149 的第 69 个心跳包发送成功
[01:56:27 INF] 【直播间】23040372 的第 69 个心跳包发送成功
[01:57:31 INF] 【直播间】23357926 的第 70 个心跳包发送成功
[01:57:32 INF] 【直播间】407149 的第 70 个心跳包发送成功
[01:57:33 INF] 【直播间】23040372 的第 70 个心跳包发送成功
[01:57:33 INF] 【直播观看时长】完成情况：3/3 
[01:57:33 INF] ---------结束---------

[01:57:33 INF] ==========结束==========

[01:57:33 INF] ######### 账号 2 #########

[01:57:33 INF] =====开始 直播间互动 =====

[01:57:33 INF] ---开始 发送弹幕 ---
[01:57:33 INF] 检测到直播 Cookie 未正确配置，尝试自动配置中...
[01:57:37 INF] 直播 Cookie 配置成功！
[01:57:37 INF] 【获取直播列表】获取拥有粉丝牌的直播列表
[01:57:44 INF] 【主播】Mark陌枫 
[01:58:01 INF] 【主播】苏打baka 
[01:58:14 INF] 【主播】特别中二的q3君 
[01:58:32 INF] 【主播】陈抱一 
[01:58:50 INF] 【主播】贪玩的小毅 
[01:59:07 INF] 【主播】KL_qiqi_ 
[01:59:24 INF] 【主播】悠悠球琛总 
[01:59:41 INF] 【主播】记录生活的蛋黄派 
[01:59:55 INF] 【主播】脏小豆 
[02:00:10 INF] 【主播】新石器公园 
[02:00:23 INF] 【主播】FoFTG 
[02:00:40 INF] 【主播】李船长笔记 
[02:00:57 INF] 【直播间】Mark陌枫
[02:00:57 INF] 【粉丝牌】馬楓
[02:00:57 INF] 正在发送弹幕...
[02:01:00 INF] 【直播间】苏打baka
[02:01:00 INF] 【粉丝牌】碳酸钠
[02:01:00 INF] 正在发送弹幕...
[02:01:07 INF] 【直播间】特别中二的q3君
[02:01:07 INF] 【粉丝牌】q3GG
[02:01:07 INF] 正在发送弹幕...
[02:01:10 INF] 【弹幕发送】成功~，你和主播 Mark陌枫 的亲密值增加了100！
[02:01:10 INF] 【直播间】陈抱一
[02:01:10 INF] 【粉丝牌】陈抱一
[02:01:10 INF] 正在发送弹幕...
[02:01:15 INF] 【直播间】贪玩的小毅
[02:01:15 INF] 【粉丝牌】大大毅
[02:01:15 INF] 正在发送弹幕...
[02:01:18 INF] 【弹幕发送】成功~，你和主播 苏打baka 的亲密值增加了100！
[02:01:18 INF] 【直播间】KL_qiqi_
[02:01:18 INF] 【粉丝牌】qiqisb
[02:01:18 INF] 正在发送弹幕...
[02:01:21 INF] 【直播间】悠悠球琛总
[02:01:21 INF] 【粉丝牌】i琛
[02:01:21 INF] 正在发送弹幕...
[02:01:23 INF] 【弹幕发送】成功~，你和主播 特别中二的q3君 的亲密值增加了100！
[02:01:25 INF] 【弹幕发送】成功~，你和主播 贪玩的小毅 的亲密值增加了100！
[02:01:27 INF] 【直播间】记录生活的蛋黄派
[02:01:27 INF] 【粉丝牌】派派派
[02:01:27 INF] 正在发送弹幕...
[02:01:28 INF] 【弹幕发送】成功~，你和主播 陈抱一 的亲密值增加了100！
[02:01:30 INF] 【直播间】脏小豆
[02:01:30 INF] 【粉丝牌】豆豆浆
[02:01:30 INF] 正在发送弹幕...
[02:01:34 INF] 【直播间】新石器公园
[02:01:34 INF] 【粉丝牌】东园主
[02:01:34 INF] 正在发送弹幕...
[02:01:35 INF] 【弹幕发送】成功~，你和主播 KL_qiqi_ 的亲密值增加了100！
[02:01:38 INF] 【直播间】FoFTG
[02:01:38 INF] 【粉丝牌】FOFTG
[02:01:38 INF] 正在发送弹幕...
[02:01:40 INF] 【弹幕发送】成功~，你和主播 悠悠球琛总 的亲密值增加了100！
[02:01:40 ERR] 【弹幕发送】失败
[02:01:40 ERR] 【原因】您发送弹幕的频率过快
[02:01:45 INF] 【弹幕发送】成功~，你和主播 脏小豆 的亲密值增加了100！
[02:01:45 INF] 【直播间】李船长笔记
[02:01:45 INF] 【粉丝牌】航海仕
[02:01:45 INF] 正在发送弹幕...
[02:01:49 INF] 【弹幕发送】成功~，你和主播 新石器公园 的亲密值增加了100！
[02:01:50 INF] -------结束-------

[02:01:50 INF] ---开始 点赞直播间 ---
[02:01:50 INF] 【获取直播列表】获取拥有粉丝牌的直播列表
[02:01:55 INF] 【主播】Mark陌枫 
[02:01:56 INF] 【弹幕发送】成功~，你和主播 FoFTG 的亲密值增加了100！
[02:02:00 INF] 【弹幕发送】成功~，你和主播 李船长笔记 的亲密值增加了100！
[02:02:12 INF] 【主播】苏打baka 
[02:02:31 INF] 【主播】特别中二的q3君 
[02:02:48 INF] 【主播】陈抱一 
[02:03:00 INF] 【主播】贪玩的小毅 
[02:03:19 INF] 【主播】KL_qiqi_ 
[02:03:37 INF] 【主播】悠悠球琛总 
[02:03:55 INF] 【主播】脏小豆 
[02:04:11 INF] 【主播】记录生活的蛋黄派 
[02:04:31 INF] 【主播】新石器公园 
[02:04:45 INF] 【主播】FoFTG 
[02:05:01 INF] 【主播】李船长笔记 
[02:05:25 INF] 【点赞直播间】23357926 完成
[02:05:29 INF] 【点赞直播间】23040372 完成
[02:05:33 INF] 【点赞直播间】31494 完成
[02:05:39 INF] 【点赞直播间】4015781 完成
[02:05:43 INF] 【点赞直播间】9619073 完成
[02:05:49 INF] 【点赞直播间】407149 完成
[02:05:52 INF] 【点赞直播间】7184632 完成
[02:05:58 INF] 【点赞直播间】929670 完成
[02:06:05 INF] 【点赞直播间】11732699 完成
[02:06:11 INF] 【点赞直播间】23447660 完成
[02:06:17 INF] 【点赞直播间】91164 完成
[02:06:21 INF] --------结束--------

[02:06:21 INF] ---开始 直播时长挂机 ---
[02:06:21 INF] 【获取直播列表】获取拥有粉丝牌的直播列表
[02:06:21 INF] 【点赞直播间】22764265 完成
[02:06:25 INF] 【主播】Mark陌枫 
[02:06:37 INF] 【主播】苏打baka 
[02:06:50 INF] 【主播】特别中二的q3君 
[02:07:03 INF] 【主播】陈抱一 
[02:07:19 INF] 【主播】贪玩的小毅 
[02:07:34 INF] 【主播】KL_qiqi_ 
[02:07:50 INF] 【主播】悠悠球琛总 
[02:08:05 INF] 【主播】脏小豆 
[02:08:19 INF] 【主播】记录生活的蛋黄派 
[02:08:36 INF] 【主播】新石器公园 
[02:08:49 INF] 【主播】FoFTG 
[02:08:59 INF] 【主播】李船长笔记 
[02:09:16 INF] 【直播间】23357926 的第 1 个心跳包发送成功
[02:09:18 INF] 【直播间】23040372 的第 1 个心跳包发送成功
[02:09:19 INF] 【直播间】31494 的第 1 个心跳包发送成功
[02:09:20 INF] 【直播间】4015781 的第 1 个心跳包发送成功
[02:09:21 INF] 【直播间】9619073 的第 1 个心跳包发送成功
[02:09:23 INF] 【直播间】407149 的第 1 个心跳包发送成功
[02:09:24 INF] 【直播间】7184632 的第 1 个心跳包发送成功
[02:09:25 INF] 【直播间】929670 的第 1 个心跳包发送成功
[02:09:26 INF] 【直播间】11732699 的第 1 个心跳包发送成功
[02:09:28 INF] 【直播间】23447660 的第 1 个心跳包发送成功
[02:09:29 INF] 【直播间】91164 的第 1 个心跳包发送成功
[02:09:30 INF] 【直播间】22764265 的第 1 个心跳包发送成功
[02:10:23 INF] 【直播间】23357926 的第 2 个心跳包发送成功
[02:10:24 INF] 【直播间】23040372 的第 2 个心跳包发送成功
[02:10:25 INF] 【直播间】31494 的第 2 个心跳包发送成功
[02:10:26 INF] 【直播间】4015781 的第 2 个心跳包发送成功
[02:10:28 INF] 【直播间】9619073 的第 2 个心跳包发送成功
[02:10:29 INF] 【直播间】407149 的第 2 个心跳包发送成功
[02:10:30 INF] 【直播间】7184632 的第 2 个心跳包发送成功
[02:10:31 INF] 【直播间】929670 的第 2 个心跳包发送成功
[02:10:33 INF] 【直播间】11732699 的第 2 个心跳包发送成功
[02:10:34 INF] 【直播间】23447660 的第 2 个心跳包发送成功
[02:10:35 INF] 【直播间】91164 的第 2 个心跳包发送成功
[02:10:36 INF] 【直播间】22764265 的第 2 个心跳包发送成功
[02:11:29 INF] 【直播间】23357926 的第 3 个心跳包发送成功
[02:11:30 INF] 【直播间】23040372 的第 3 个心跳包发送成功
[02:11:32 INF] 【直播间】31494 的第 3 个心跳包发送成功
[02:11:33 INF] 【直播间】4015781 的第 3 个心跳包发送成功
[02:11:34 INF] 【直播间】9619073 的第 3 个心跳包发送成功
[02:11:35 INF] 【直播间】407149 的第 3 个心跳包发送成功
[02:11:37 INF] 【直播间】7184632 的第 3 个心跳包发送成功
[02:11:38 INF] 【直播间】929670 的第 3 个心跳包发送成功
[02:11:39 INF] 【直播间】11732699 的第 3 个心跳包发送成功
[02:11:40 INF] 【直播间】23447660 的第 3 个心跳包发送成功
[02:11:42 INF] 【直播间】91164 的第 3 个心跳包发送成功
[02:11:43 INF] 【直播间】22764265 的第 3 个心跳包发送成功
[02:12:36 INF] 【直播间】23357926 的第 4 个心跳包发送成功
[02:12:37 INF] 【直播间】23040372 的第 4 个心跳包发送成功
[02:12:38 INF] 【直播间】31494 的第 4 个心跳包发送成功
[02:12:39 INF] 【直播间】4015781 的第 4 个心跳包发送成功
[02:12:40 INF] 【直播间】9619073 的第 4 个心跳包发送成功
[02:12:42 INF] 【直播间】407149 的第 4 个心跳包发送成功
[02:12:43 INF] 【直播间】7184632 的第 4 个心跳包发送成功
[02:12:44 INF] 【直播间】929670 的第 4 个心跳包发送成功
[02:12:45 INF] 【直播间】11732699 的第 4 个心跳包发送成功
[02:12:47 INF] 【直播间】23447660 的第 4 个心跳包发送成功
[02:12:48 INF] 【直播间】91164 的第 4 个心跳包发送成功
[02:12:49 INF] 【直播间】22764265 的第 4 个心跳包发送成功
[02:13:42 INF] 【直播间】23357926 的第 5 个心跳包发送成功
[02:13:43 INF] 【直播间】23040372 的第 5 个心跳包发送成功
[02:13:44 INF] 【直播间】31494 的第 5 个心跳包发送成功
[02:13:46 INF] 【直播间】4015781 的第 5 个心跳包发送成功
[02:13:47 INF] 【直播间】9619073 的第 5 个心跳包发送成功
[02:13:48 INF] 【直播间】407149 的第 5 个心跳包发送成功
[02:13:49 INF] 【直播间】7184632 的第 5 个心跳包发送成功
[02:13:50 INF] 【直播间】929670 的第 5 个心跳包发送成功
[02:13:52 INF] 【直播间】11732699 的第 5 个心跳包发送成功
[02:13:53 INF] 【直播间】23447660 的第 5 个心跳包发送成功
[02:13:54 INF] 【直播间】91164 的第 5 个心跳包发送成功
[02:13:55 INF] 【直播间】22764265 的第 5 个心跳包发送成功
[02:14:48 INF] 【直播间】23357926 的第 6 个心跳包发送成功
[02:14:49 INF] 【直播间】23040372 的第 6 个心跳包发送成功
[02:14:51 INF] 【直播间】31494 的第 6 个心跳包发送成功
[02:14:52 INF] 【直播间】4015781 的第 6 个心跳包发送成功
[02:14:53 INF] 【直播间】9619073 的第 6 个心跳包发送成功
[02:14:54 INF] 【直播间】407149 的第 6 个心跳包发送成功
[02:14:55 INF] 【直播间】7184632 的第 6 个心跳包发送成功
[02:14:57 INF] 【直播间】929670 的第 6 个心跳包发送成功
[02:14:58 INF] 【直播间】11732699 的第 6 个心跳包发送成功
[02:14:59 INF] 【直播间】23447660 的第 6 个心跳包发送成功
[02:15:01 INF] 【直播间】91164 的第 6 个心跳包发送成功
[02:15:02 INF] 【直播间】22764265 的第 6 个心跳包发送成功
[02:15:54 INF] 【直播间】23357926 的第 7 个心跳包发送成功
[02:15:56 INF] 【直播间】23040372 的第 7 个心跳包发送成功
[02:15:57 INF] 【直播间】31494 的第 7 个心跳包发送成功
[02:15:58 INF] 【直播间】4015781 的第 7 个心跳包发送成功
[02:15:59 INF] 【直播间】9619073 的第 7 个心跳包发送成功
[02:16:01 INF] 【直播间】407149 的第 7 个心跳包发送成功
[02:16:02 INF] 【直播间】7184632 的第 7 个心跳包发送成功
[02:16:03 INF] 【直播间】929670 的第 7 个心跳包发送成功
[02:16:04 INF] 【直播间】11732699 的第 7 个心跳包发送成功
[02:16:05 INF] 【直播间】23447660 的第 7 个心跳包发送成功
[02:16:07 INF] 【直播间】91164 的第 7 个心跳包发送成功
[02:16:08 INF] 【直播间】22764265 的第 7 个心跳包发送成功
[02:17:01 INF] 【直播间】23357926 的第 8 个心跳包发送成功
[02:17:02 INF] 【直播间】23040372 的第 8 个心跳包发送成功
[02:17:03 INF] 【直播间】31494 的第 8 个心跳包发送成功
[02:17:04 INF] 【直播间】4015781 的第 8 个心跳包发送成功
[02:17:06 INF] 【直播间】9619073 的第 8 个心跳包发送成功
[02:17:07 INF] 【直播间】407149 的第 8 个心跳包发送成功
[02:17:08 INF] 【直播间】7184632 的第 8 个心跳包发送成功
[02:17:09 INF] 【直播间】929670 的第 8 个心跳包发送成功
[02:17:10 INF] 【直播间】11732699 的第 8 个心跳包发送成功
[02:17:11 INF] 【直播间】23447660 的第 8 个心跳包发送成功
[02:17:13 INF] 【直播间】91164 的第 8 个心跳包发送成功
[02:17:14 INF] 【直播间】22764265 的第 8 个心跳包发送成功
[02:18:07 INF] 【直播间】23357926 的第 9 个心跳包发送成功
[02:18:08 INF] 【直播间】23040372 的第 9 个心跳包发送成功
[02:18:09 INF] 【直播间】31494 的第 9 个心跳包发送成功
[02:18:11 INF] 【直播间】4015781 的第 9 个心跳包发送成功
[02:18:12 INF] 【直播间】9619073 的第 9 个心跳包发送成功
[02:18:13 INF] 【直播间】407149 的第 9 个心跳包发送成功
[02:18:14 INF] 【直播间】7184632 的第 9 个心跳包发送成功
[02:18:15 INF] 【直播间】929670 的第 9 个心跳包发送成功
[02:18:17 INF] 【直播间】11732699 的第 9 个心跳包发送成功
[02:18:18 INF] 【直播间】23447660 的第 9 个心跳包发送成功
[02:18:19 INF] 【直播间】91164 的第 9 个心跳包发送成功
[02:18:20 INF] 【直播间】22764265 的第 9 个心跳包发送成功
[02:19:13 INF] 【直播间】23357926 的第 10 个心跳包发送成功
[02:19:15 INF] 【直播间】23040372 的第 10 个心跳包发送成功
[02:19:16 INF] 【直播间】31494 的第 10 个心跳包发送成功
[02:19:17 INF] 【直播间】4015781 的第 10 个心跳包发送成功
[02:19:18 INF] 【直播间】9619073 的第 10 个心跳包发送成功
[02:19:19 INF] 【直播间】407149 的第 10 个心跳包发送成功
[02:19:21 INF] 【直播间】7184632 的第 10 个心跳包发送成功
[02:19:22 INF] 【直播间】929670 的第 10 个心跳包发送成功
[02:19:23 INF] 【直播间】11732699 的第 10 个心跳包发送成功
[02:19:24 INF] 【直播间】23447660 的第 10 个心跳包发送成功
[02:19:25 INF] 【直播间】91164 的第 10 个心跳包发送成功
[02:19:27 INF] 【直播间】22764265 的第 10 个心跳包发送成功
[02:20:20 INF] 【直播间】23357926 的第 11 个心跳包发送成功
[02:20:21 INF] 【直播间】23040372 的第 11 个心跳包发送成功
[02:20:22 INF] 【直播间】31494 的第 11 个心跳包发送成功
[02:20:23 INF] 【直播间】4015781 的第 11 个心跳包发送成功
[02:20:24 INF] 【直播间】9619073 的第 11 个心跳包发送成功
[02:20:26 INF] 【直播间】407149 的第 11 个心跳包发送成功
[02:20:27 INF] 【直播间】7184632 的第 11 个心跳包发送成功
[02:20:28 INF] 【直播间】929670 的第 11 个心跳包发送成功
[02:20:29 INF] 【直播间】11732699 的第 11 个心跳包发送成功
[02:20:31 INF] 【直播间】23447660 的第 11 个心跳包发送成功
[02:20:32 INF] 【直播间】91164 的第 11 个心跳包发送成功
[02:20:33 INF] 【直播间】22764265 的第 11 个心跳包发送成功
[02:21:26 INF] 【直播间】23357926 的第 12 个心跳包发送成功
[02:21:27 INF] 【直播间】23040372 的第 12 个心跳包发送成功
[02:21:28 INF] 【直播间】31494 的第 12 个心跳包发送成功
[02:21:30 INF] 【直播间】4015781 的第 12 个心跳包发送成功
[02:21:31 INF] 【直播间】9619073 的第 12 个心跳包发送成功
[02:21:32 INF] 【直播间】407149 的第 12 个心跳包发送成功
[02:21:34 INF] 【直播间】7184632 的第 12 个心跳包发送成功
[02:21:35 INF] 【直播间】929670 的第 12 个心跳包发送成功
[02:21:36 INF] 【直播间】11732699 的第 12 个心跳包发送成功
[02:21:37 INF] 【直播间】23447660 的第 12 个心跳包发送成功
[02:21:39 INF] 【直播间】91164 的第 12 个心跳包发送成功
[02:21:40 INF] 【直播间】22764265 的第 12 个心跳包发送成功
[02:22:32 INF] 【直播间】23357926 的第 13 个心跳包发送成功
[02:22:34 INF] 【直播间】23040372 的第 13 个心跳包发送成功
[02:22:35 INF] 【直播间】31494 的第 13 个心跳包发送成功
[02:22:36 INF] 【直播间】4015781 的第 13 个心跳包发送成功
[02:22:37 INF] 【直播间】9619073 的第 13 个心跳包发送成功
[02:22:39 INF] 【直播间】407149 的第 13 个心跳包发送成功
[02:22:40 INF] 【直播间】7184632 的第 13 个心跳包发送成功
[02:22:41 INF] 【直播间】929670 的第 13 个心跳包发送成功
[02:22:42 INF] 【直播间】11732699 的第 13 个心跳包发送成功
[02:22:44 INF] 【直播间】23447660 的第 13 个心跳包发送成功
[02:22:45 INF] 【直播间】91164 的第 13 个心跳包发送成功
[02:22:46 INF] 【直播间】22764265 的第 13 个心跳包发送成功
[02:23:39 INF] 【直播间】23357926 的第 14 个心跳包发送成功
[02:23:40 INF] 【直播间】23040372 的第 14 个心跳包发送成功
[02:23:41 INF] 【直播间】31494 的第 14 个心跳包发送成功
[02:23:42 INF] 【直播间】4015781 的第 14 个心跳包发送成功
[02:23:44 INF] 【直播间】9619073 的第 14 个心跳包发送成功
[02:23:45 INF] 【直播间】407149 的第 14 个心跳包发送成功
[02:23:46 INF] 【直播间】7184632 的第 14 个心跳包发送成功
[02:23:47 INF] 【直播间】929670 的第 14 个心跳包发送成功
[02:23:49 INF] 【直播间】11732699 的第 14 个心跳包发送成功
[02:23:50 INF] 【直播间】23447660 的第 14 个心跳包发送成功
[02:23:51 INF] 【直播间】91164 的第 14 个心跳包发送成功
[02:23:52 INF] 【直播间】22764265 的第 14 个心跳包发送成功
[02:24:45 INF] 【直播间】23357926 的第 15 个心跳包发送成功
[02:24:46 INF] 【直播间】23040372 的第 15 个心跳包发送成功
[02:24:47 INF] 【直播间】31494 的第 15 个心跳包发送成功
[02:24:49 INF] 【直播间】4015781 的第 15 个心跳包发送成功
[02:24:50 INF] 【直播间】9619073 的第 15 个心跳包发送成功
[02:24:51 INF] 【直播间】407149 的第 15 个心跳包发送成功
[02:24:53 INF] 【直播间】7184632 的第 15 个心跳包发送成功
[02:24:54 INF] 【直播间】929670 的第 15 个心跳包发送成功
[02:24:55 INF] 【直播间】11732699 的第 15 个心跳包发送成功
[02:24:56 INF] 【直播间】23447660 的第 15 个心跳包发送成功
[02:24:57 INF] 【直播间】91164 的第 15 个心跳包发送成功
[02:24:59 INF] 【直播间】22764265 的第 15 个心跳包发送成功
[02:25:51 ERR] 【心跳包】直播间 23357926 发送失败
[02:25:51 ERR] 【原因】time check failed
[02:25:52 ERR] 【心跳包】直播间 23040372 发送失败
[02:25:52 ERR] 【原因】time check failed
[02:25:54 ERR] 【心跳包】直播间 31494 发送失败
[02:25:54 ERR] 【原因】time check failed
[02:25:55 ERR] 【心跳包】直播间 4015781 发送失败
[02:25:55 ERR] 【原因】time check failed
[02:25:56 ERR] 【心跳包】直播间 9619073 发送失败
[02:25:56 ERR] 【原因】time check failed
[02:25:57 ERR] 【心跳包】直播间 407149 发送失败
[02:25:57 ERR] 【原因】time check failed
[02:25:59 ERR] 【心跳包】直播间 7184632 发送失败
[02:25:59 ERR] 【原因】time check failed
[02:26:00 ERR] 【心跳包】直播间 929670 发送失败
[02:26:00 ERR] 【原因】time check failed
[02:26:01 ERR] 【心跳包】直播间 11732699 发送失败
[02:26:01 ERR] 【原因】time check failed
[02:26:02 ERR] 【心跳包】直播间 23447660 发送失败
[02:26:02 ERR] 【原因】time check failed
[02:26:04 ERR] 【心跳包】直播间 91164 发送失败
[02:26:04 ERR] 【原因】time check failed
[02:26:05 ERR] 【心跳包】直播间 22764265 发送失败
[02:26:05 ERR] 【原因】time check failed
[02:26:58 INF] 【直播间】23357926 的第 16 个心跳包发送成功
[02:26:59 INF] 【直播间】23040372 的第 16 个心跳包发送成功
[02:27:00 INF] 【直播间】31494 的第 16 个心跳包发送成功
[02:27:01 INF] 【直播间】4015781 的第 16 个心跳包发送成功
[02:27:02 INF] 【直播间】9619073 的第 16 个心跳包发送成功
[02:27:04 INF] 【直播间】407149 的第 16 个心跳包发送成功
[02:27:05 INF] 【直播间】7184632 的第 16 个心跳包发送成功
[02:27:06 INF] 【直播间】929670 的第 16 个心跳包发送成功
[02:27:07 INF] 【直播间】11732699 的第 16 个心跳包发送成功
[02:27:09 INF] 【直播间】23447660 的第 16 个心跳包发送成功
[02:27:10 INF] 【直播间】91164 的第 16 个心跳包发送成功
[02:27:11 INF] 【直播间】22764265 的第 16 个心跳包发送成功
[02:28:04 INF] 【直播间】23357926 的第 17 个心跳包发送成功
[02:28:05 INF] 【直播间】23040372 的第 17 个心跳包发送成功
[02:28:06 INF] 【直播间】31494 的第 17 个心跳包发送成功
[02:28:07 INF] 【直播间】4015781 的第 17 个心跳包发送成功
[02:28:09 INF] 【直播间】9619073 的第 17 个心跳包发送成功
[02:28:10 INF] 【直播间】407149 的第 17 个心跳包发送成功
[02:28:11 INF] 【直播间】7184632 的第 17 个心跳包发送成功
[02:28:13 INF] 【直播间】929670 的第 17 个心跳包发送成功
[02:28:14 INF] 【直播间】11732699 的第 17 个心跳包发送成功
[02:28:15 INF] 【直播间】23447660 的第 17 个心跳包发送成功
[02:28:16 INF] 【直播间】91164 的第 17 个心跳包发送成功
[02:28:17 INF] 【直播间】22764265 的第 17 个心跳包发送成功
[02:29:10 INF] 【直播间】23357926 的第 18 个心跳包发送成功
[02:29:11 INF] 【直播间】23040372 的第 18 个心跳包发送成功
[02:29:12 INF] 【直播间】31494 的第 18 个心跳包发送成功
[02:29:14 INF] 【直播间】4015781 的第 18 个心跳包发送成功
[02:29:15 INF] 【直播间】9619073 的第 18 个心跳包发送成功
[02:29:16 INF] 【直播间】407149 的第 18 个心跳包发送成功
[02:29:17 INF] 【直播间】7184632 的第 18 个心跳包发送成功
[02:29:19 INF] 【直播间】929670 的第 18 个心跳包发送成功
[02:29:20 INF] 【直播间】11732699 的第 18 个心跳包发送成功
[02:29:21 INF] 【直播间】23447660 的第 18 个心跳包发送成功
[02:29:22 INF] 【直播间】91164 的第 18 个心跳包发送成功
[02:29:24 INF] 【直播间】22764265 的第 18 个心跳包发送成功
[02:30:16 INF] 【直播间】23357926 的第 19 个心跳包发送成功
[02:30:18 INF] 【直播间】23040372 的第 19 个心跳包发送成功
[02:30:19 INF] 【直播间】31494 的第 19 个心跳包发送成功
[02:30:20 INF] 【直播间】4015781 的第 19 个心跳包发送成功
[02:30:21 INF] 【直播间】9619073 的第 19 个心跳包发送成功
[02:30:23 INF] 【直播间】407149 的第 19 个心跳包发送成功
[02:30:24 INF] 【直播间】7184632 的第 19 个心跳包发送成功
[02:30:25 INF] 【直播间】929670 的第 19 个心跳包发送成功
[02:30:26 INF] 【直播间】11732699 的第 19 个心跳包发送成功
[02:30:27 INF] 【直播间】23447660 的第 19 个心跳包发送成功
[02:30:29 INF] 【直播间】91164 的第 19 个心跳包发送成功
[02:30:30 INF] 【直播间】22764265 的第 19 个心跳包发送成功
[02:31:23 INF] 【直播间】23357926 的第 20 个心跳包发送成功
[02:31:24 INF] 【直播间】23040372 的第 20 个心跳包发送成功
[02:31:25 INF] 【直播间】31494 的第 20 个心跳包发送成功
[02:31:26 INF] 【直播间】4015781 的第 20 个心跳包发送成功
[02:31:28 INF] 【直播间】9619073 的第 20 个心跳包发送成功
[02:31:29 INF] 【直播间】407149 的第 20 个心跳包发送成功
[02:31:30 INF] 【直播间】7184632 的第 20 个心跳包发送成功
[02:31:32 INF] 【直播间】929670 的第 20 个心跳包发送成功
[02:31:33 INF] 【直播间】11732699 的第 20 个心跳包发送成功
[02:31:34 INF] 【直播间】23447660 的第 20 个心跳包发送成功
[02:31:35 INF] 【直播间】91164 的第 20 个心跳包发送成功
[02:31:36 INF] 【直播间】22764265 的第 20 个心跳包发送成功
[02:32:29 INF] 【直播间】23357926 的第 21 个心跳包发送成功
[02:32:30 INF] 【直播间】23040372 的第 21 个心跳包发送成功
[02:32:32 INF] 【直播间】31494 的第 21 个心跳包发送成功
[02:32:33 INF] 【直播间】4015781 的第 21 个心跳包发送成功
[02:32:34 INF] 【直播间】9619073 的第 21 个心跳包发送成功
[02:32:35 INF] 【直播间】407149 的第 21 个心跳包发送成功
[02:32:37 INF] 【直播间】7184632 的第 21 个心跳包发送成功
[02:32:38 INF] 【直播间】929670 的第 21 个心跳包发送成功
[02:32:39 INF] 【直播间】11732699 的第 21 个心跳包发送成功
[02:32:40 INF] 【直播间】23447660 的第 21 个心跳包发送成功
[02:32:42 INF] 【直播间】91164 的第 21 个心跳包发送成功
[02:32:43 INF] 【直播间】22764265 的第 21 个心跳包发送成功
[02:33:36 INF] 【直播间】23357926 的第 22 个心跳包发送成功
[02:33:37 INF] 【直播间】23040372 的第 22 个心跳包发送成功
[02:33:38 INF] 【直播间】31494 的第 22 个心跳包发送成功
[02:33:39 INF] 【直播间】4015781 的第 22 个心跳包发送成功
[02:33:40 INF] 【直播间】9619073 的第 22 个心跳包发送成功
[02:33:42 INF] 【直播间】407149 的第 22 个心跳包发送成功
[02:33:43 INF] 【直播间】7184632 的第 22 个心跳包发送成功
[02:33:44 INF] 【直播间】929670 的第 22 个心跳包发送成功
[02:33:45 INF] 【直播间】11732699 的第 22 个心跳包发送成功
[02:33:47 INF] 【直播间】23447660 的第 22 个心跳包发送成功
[02:33:48 INF] 【直播间】91164 的第 22 个心跳包发送成功
[02:33:49 INF] 【直播间】22764265 的第 22 个心跳包发送成功
[02:34:42 INF] 【直播间】23357926 的第 23 个心跳包发送成功
[02:34:43 INF] 【直播间】23040372 的第 23 个心跳包发送成功
[02:34:44 INF] 【直播间】31494 的第 23 个心跳包发送成功
[02:34:46 INF] 【直播间】4015781 的第 23 个心跳包发送成功
[02:34:47 INF] 【直播间】9619073 的第 23 个心跳包发送成功
[02:34:48 INF] 【直播间】407149 的第 23 个心跳包发送成功
[02:34:49 INF] 【直播间】7184632 的第 23 个心跳包发送成功
[02:34:51 INF] 【直播间】929670 的第 23 个心跳包发送成功
[02:34:52 INF] 【直播间】11732699 的第 23 个心跳包发送成功
[02:34:53 INF] 【直播间】23447660 的第 23 个心跳包发送成功
[02:34:54 INF] 【直播间】91164 的第 23 个心跳包发送成功
[02:34:55 INF] 【直播间】22764265 的第 23 个心跳包发送成功
[02:35:48 INF] 【直播间】23357926 的第 24 个心跳包发送成功
[02:35:50 INF] 【直播间】23040372 的第 24 个心跳包发送成功
[02:35:51 INF] 【直播间】31494 的第 24 个心跳包发送成功
[02:35:52 INF] 【直播间】4015781 的第 24 个心跳包发送成功
[02:35:53 INF] 【直播间】9619073 的第 24 个心跳包发送成功
[02:35:54 INF] 【直播间】407149 的第 24 个心跳包发送成功
[02:35:56 INF] 【直播间】7184632 的第 24 个心跳包发送成功
[02:35:57 INF] 【直播间】929670 的第 24 个心跳包发送成功
[02:35:58 INF] 【直播间】11732699 的第 24 个心跳包发送成功
[02:35:59 INF] 【直播间】23447660 的第 24 个心跳包发送成功
[02:36:00 INF] 【直播间】91164 的第 24 个心跳包发送成功
[02:36:02 INF] 【直播间】22764265 的第 24 个心跳包发送成功
[02:36:55 INF] 【直播间】23357926 的第 25 个心跳包发送成功
[02:36:56 INF] 【直播间】23040372 的第 25 个心跳包发送成功
[02:36:57 INF] 【直播间】31494 的第 25 个心跳包发送成功
[02:36:58 INF] 【直播间】4015781 的第 25 个心跳包发送成功
[02:36:59 INF] 【直播间】9619073 的第 25 个心跳包发送成功
[02:37:01 INF] 【直播间】407149 的第 25 个心跳包发送成功
[02:37:02 INF] 【直播间】7184632 的第 25 个心跳包发送成功
[02:37:03 INF] 【直播间】929670 的第 25 个心跳包发送成功
[02:37:04 INF] 【直播间】11732699 的第 25 个心跳包发送成功
[02:37:05 INF] 【直播间】23447660 的第 25 个心跳包发送成功
[02:37:07 INF] 【直播间】91164 的第 25 个心跳包发送成功
[02:37:08 INF] 【直播间】22764265 的第 25 个心跳包发送成功
[02:38:01 INF] 【直播间】23357926 的第 26 个心跳包发送成功
[02:38:02 INF] 【直播间】23040372 的第 26 个心跳包发送成功
[02:38:03 INF] 【直播间】31494 的第 26 个心跳包发送成功
[02:38:04 INF] 【直播间】4015781 的第 26 个心跳包发送成功
[02:38:06 INF] 【直播间】9619073 的第 26 个心跳包发送成功
[02:38:07 INF] 【直播间】407149 的第 26 个心跳包发送成功
[02:38:08 INF] 【直播间】7184632 的第 26 个心跳包发送成功
[02:38:09 INF] 【直播间】929670 的第 26 个心跳包发送成功
[02:38:11 INF] 【直播间】11732699 的第 26 个心跳包发送成功
[02:38:12 INF] 【直播间】23447660 的第 26 个心跳包发送成功
[02:38:13 INF] 【直播间】91164 的第 26 个心跳包发送成功
[02:38:14 INF] 【直播间】22764265 的第 26 个心跳包发送成功
[02:39:07 INF] 【直播间】23357926 的第 27 个心跳包发送成功
[02:39:08 INF] 【直播间】23040372 的第 27 个心跳包发送成功
[02:39:09 INF] 【直播间】31494 的第 27 个心跳包发送成功
[02:39:11 INF] 【直播间】4015781 的第 27 个心跳包发送成功
[02:39:12 INF] 【直播间】9619073 的第 27 个心跳包发送成功
[02:39:13 INF] 【直播间】407149 的第 27 个心跳包发送成功
[02:39:14 INF] 【直播间】7184632 的第 27 个心跳包发送成功
[02:39:16 INF] 【直播间】929670 的第 27 个心跳包发送成功
[02:39:17 INF] 【直播间】11732699 的第 27 个心跳包发送成功
[02:39:18 INF] 【直播间】23447660 的第 27 个心跳包发送成功
[02:39:19 INF] 【直播间】91164 的第 27 个心跳包发送成功
[02:39:20 INF] 【直播间】22764265 的第 27 个心跳包发送成功
[02:40:13 INF] 【直播间】23357926 的第 28 个心跳包发送成功
[02:40:15 INF] 【直播间】23040372 的第 28 个心跳包发送成功
[02:40:16 INF] 【直播间】31494 的第 28 个心跳包发送成功
[02:40:17 INF] 【直播间】4015781 的第 28 个心跳包发送成功
[02:40:18 INF] 【直播间】9619073 的第 28 个心跳包发送成功
[02:40:19 INF] 【直播间】407149 的第 28 个心跳包发送成功
[02:40:21 INF] 【直播间】7184632 的第 28 个心跳包发送成功
[02:40:22 INF] 【直播间】929670 的第 28 个心跳包发送成功
[02:40:23 INF] 【直播间】11732699 的第 28 个心跳包发送成功
[02:40:24 INF] 【直播间】23447660 的第 28 个心跳包发送成功
[02:40:25 INF] 【直播间】91164 的第 28 个心跳包发送成功
[02:40:26 INF] 【直播间】22764265 的第 28 个心跳包发送成功
[02:41:20 INF] 【直播间】23357926 的第 29 个心跳包发送成功
[02:41:21 INF] 【直播间】23040372 的第 29 个心跳包发送成功
[02:41:22 INF] 【直播间】31494 的第 29 个心跳包发送成功
[02:41:24 INF] 【直播间】4015781 的第 29 个心跳包发送成功
[02:41:25 INF] 【直播间】9619073 的第 29 个心跳包发送成功
[02:41:26 INF] 【直播间】407149 的第 29 个心跳包发送成功
[02:41:27 INF] 【直播间】7184632 的第 29 个心跳包发送成功
[02:41:28 INF] 【直播间】929670 的第 29 个心跳包发送成功
[02:41:30 INF] 【直播间】11732699 的第 29 个心跳包发送成功
[02:41:31 INF] 【直播间】23447660 的第 29 个心跳包发送成功
[02:41:32 INF] 【直播间】91164 的第 29 个心跳包发送成功
[02:41:33 INF] 【直播间】22764265 的第 29 个心跳包发送成功
[02:42:26 ERR] 【心跳包】直播间 23357926 发送失败
[02:42:26 ERR] 【原因】time check failed
[02:42:27 ERR] 【心跳包】直播间 23040372 发送失败
[02:42:27 ERR] 【原因】time check failed
[02:42:29 ERR] 【心跳包】直播间 31494 发送失败
[02:42:29 ERR] 【原因】time check failed
[02:42:30 ERR] 【心跳包】直播间 4015781 发送失败
[02:42:30 ERR] 【原因】time check failed
[02:42:31 ERR] 【心跳包】直播间 9619073 发送失败
[02:42:31 ERR] 【原因】time check failed
[02:42:32 ERR] 【心跳包】直播间 407149 发送失败
[02:42:32 ERR] 【原因】time check failed
[02:42:33 ERR] 【心跳包】直播间 7184632 发送失败
[02:42:33 ERR] 【原因】time check failed
[02:42:35 ERR] 【心跳包】直播间 929670 发送失败
[02:42:35 ERR] 【原因】time check failed
[02:42:36 ERR] 【心跳包】直播间 11732699 发送失败
[02:42:36 ERR] 【原因】time check failed
[02:42:37 ERR] 【心跳包】直播间 23447660 发送失败
[02:42:37 ERR] 【原因】time check failed
[02:42:38 ERR] 【心跳包】直播间 91164 发送失败
[02:42:38 ERR] 【原因】time check failed
[02:42:40 ERR] 【心跳包】直播间 22764265 发送失败
[02:42:40 ERR] 【原因】time check failed
[02:43:32 INF] 【直播间】23357926 的第 30 个心跳包发送成功
[02:43:34 INF] 【直播间】23040372 的第 30 个心跳包发送成功
[02:43:35 INF] 【直播间】31494 的第 30 个心跳包发送成功
[02:43:36 INF] 【直播间】4015781 的第 30 个心跳包发送成功
[02:43:37 INF] 【直播间】9619073 的第 30 个心跳包发送成功
[02:43:38 INF] 【直播间】407149 的第 30 个心跳包发送成功
[02:43:40 INF] 【直播间】7184632 的第 30 个心跳包发送成功
[02:43:41 INF] 【直播间】929670 的第 30 个心跳包发送成功
[02:43:42 INF] 【直播间】11732699 的第 30 个心跳包发送成功
[02:43:43 INF] 【直播间】23447660 的第 30 个心跳包发送成功
[02:43:45 INF] 【直播间】91164 的第 30 个心跳包发送成功
[02:43:46 INF] 【直播间】22764265 的第 30 个心跳包发送成功
[02:44:39 INF] 【直播间】23357926 的第 31 个心跳包发送成功
[02:44:40 INF] 【直播间】23040372 的第 31 个心跳包发送成功
[02:44:41 INF] 【直播间】31494 的第 31 个心跳包发送成功
[02:44:42 INF] 【直播间】4015781 的第 31 个心跳包发送成功
[02:44:43 INF] 【直播间】9619073 的第 31 个心跳包发送成功
[02:44:44 INF] 【直播间】407149 的第 31 个心跳包发送成功
[02:44:46 INF] 【直播间】7184632 的第 31 个心跳包发送成功
[02:44:47 INF] 【直播间】929670 的第 31 个心跳包发送成功
[02:44:48 INF] 【直播间】11732699 的第 31 个心跳包发送成功
[02:44:50 INF] 【直播间】23447660 的第 31 个心跳包发送成功
[02:44:51 INF] 【直播间】91164 的第 31 个心跳包发送成功
[02:44:52 INF] 【直播间】22764265 的第 31 个心跳包发送成功
[02:45:45 INF] 【直播间】23357926 的第 32 个心跳包发送成功
[02:45:46 INF] 【直播间】23040372 的第 32 个心跳包发送成功
[02:45:47 INF] 【直播间】31494 的第 32 个心跳包发送成功
[02:45:48 INF] 【直播间】4015781 的第 32 个心跳包发送成功
[02:45:50 INF] 【直播间】9619073 的第 32 个心跳包发送成功
[02:45:51 INF] 【直播间】407149 的第 32 个心跳包发送成功
[02:45:52 INF] 【直播间】7184632 的第 32 个心跳包发送成功
[02:45:54 INF] 【直播间】929670 的第 32 个心跳包发送成功
[02:45:55 INF] 【直播间】11732699 的第 32 个心跳包发送成功
[02:45:56 INF] 【直播间】23447660 的第 32 个心跳包发送成功
[02:45:57 INF] 【直播间】91164 的第 32 个心跳包发送成功
[02:45:58 INF] 【直播间】22764265 的第 32 个心跳包发送成功
[02:46:51 INF] 【直播间】23357926 的第 33 个心跳包发送成功
[02:46:52 INF] 【直播间】23040372 的第 33 个心跳包发送成功
[02:46:54 INF] 【直播间】31494 的第 33 个心跳包发送成功
[02:46:55 INF] 【直播间】4015781 的第 33 个心跳包发送成功
[02:46:56 INF] 【直播间】9619073 的第 33 个心跳包发送成功
[02:46:57 INF] 【直播间】407149 的第 33 个心跳包发送成功
[02:46:58 INF] 【直播间】7184632 的第 33 个心跳包发送成功
[02:47:00 INF] 【直播间】929670 的第 33 个心跳包发送成功
[02:47:01 INF] 【直播间】11732699 的第 33 个心跳包发送成功
[02:47:02 INF] 【直播间】23447660 的第 33 个心跳包发送成功
[02:47:03 INF] 【直播间】91164 的第 33 个心跳包发送成功
[02:47:05 INF] 【直播间】22764265 的第 33 个心跳包发送成功
[02:47:58 INF] 【直播间】23357926 的第 34 个心跳包发送成功
[02:47:59 INF] 【直播间】23040372 的第 34 个心跳包发送成功
[02:48:00 INF] 【直播间】31494 的第 34 个心跳包发送成功
[02:48:01 INF] 【直播间】4015781 的第 34 个心跳包发送成功
[02:48:03 INF] 【直播间】9619073 的第 34 个心跳包发送成功
[02:48:04 INF] 【直播间】407149 的第 34 个心跳包发送成功
[02:48:05 INF] 【直播间】7184632 的第 34 个心跳包发送成功
[02:48:06 INF] 【直播间】929670 的第 34 个心跳包发送成功
[02:48:08 INF] 【直播间】11732699 的第 34 个心跳包发送成功
[02:48:09 INF] 【直播间】23447660 的第 34 个心跳包发送成功
[02:48:10 INF] 【直播间】91164 的第 34 个心跳包发送成功
[02:48:11 INF] 【直播间】22764265 的第 34 个心跳包发送成功
[02:49:04 INF] 【直播间】23357926 的第 35 个心跳包发送成功
[02:49:05 INF] 【直播间】23040372 的第 35 个心跳包发送成功
[02:49:06 INF] 【直播间】31494 的第 35 个心跳包发送成功
[02:49:08 INF] 【直播间】4015781 的第 35 个心跳包发送成功
[02:49:09 INF] 【直播间】9619073 的第 35 个心跳包发送成功
[02:49:10 INF] 【直播间】407149 的第 35 个心跳包发送成功
[02:49:11 INF] 【直播间】7184632 的第 35 个心跳包发送成功
[02:49:13 INF] 【直播间】929670 的第 35 个心跳包发送成功
[02:49:14 INF] 【直播间】11732699 的第 35 个心跳包发送成功
[02:49:15 INF] 【直播间】23447660 的第 35 个心跳包发送成功
[02:49:16 INF] 【直播间】91164 的第 35 个心跳包发送成功
[02:49:18 INF] 【直播间】22764265 的第 35 个心跳包发送成功
[02:50:10 INF] 【直播间】23357926 的第 36 个心跳包发送成功
[02:50:11 INF] 【直播间】23040372 的第 36 个心跳包发送成功
[02:50:13 INF] 【直播间】31494 的第 36 个心跳包发送成功
[02:50:14 INF] 【直播间】4015781 的第 36 个心跳包发送成功
[02:50:15 INF] 【直播间】9619073 的第 36 个心跳包发送成功
[02:50:16 INF] 【直播间】407149 的第 36 个心跳包发送成功
[02:50:18 INF] 【直播间】7184632 的第 36 个心跳包发送成功
[02:50:19 INF] 【直播间】929670 的第 36 个心跳包发送成功
[02:50:20 INF] 【直播间】11732699 的第 36 个心跳包发送成功
[02:50:21 INF] 【直播间】23447660 的第 36 个心跳包发送成功
[02:50:23 INF] 【直播间】91164 的第 36 个心跳包发送成功
[02:50:24 INF] 【直播间】22764265 的第 36 个心跳包发送成功
[02:51:17 INF] 【直播间】23357926 的第 37 个心跳包发送成功
[02:51:18 INF] 【直播间】23040372 的第 37 个心跳包发送成功
[02:51:19 INF] 【直播间】31494 的第 37 个心跳包发送成功
[02:51:20 INF] 【直播间】4015781 的第 37 个心跳包发送成功
[02:51:21 INF] 【直播间】9619073 的第 37 个心跳包发送成功
[02:51:23 INF] 【直播间】407149 的第 37 个心跳包发送成功
[02:51:24 INF] 【直播间】7184632 的第 37 个心跳包发送成功
[02:51:25 INF] 【直播间】929670 的第 37 个心跳包发送成功
[02:51:26 INF] 【直播间】11732699 的第 37 个心跳包发送成功
[02:51:28 INF] 【直播间】23447660 的第 37 个心跳包发送成功
[02:51:29 INF] 【直播间】91164 的第 37 个心跳包发送成功
[02:51:30 INF] 【直播间】22764265 的第 37 个心跳包发送成功
[02:52:23 INF] 【直播间】23357926 的第 38 个心跳包发送成功
[02:52:24 INF] 【直播间】23040372 的第 38 个心跳包发送成功
[02:52:25 INF] 【直播间】31494 的第 38 个心跳包发送成功
[02:52:27 INF] 【直播间】4015781 的第 38 个心跳包发送成功
[02:52:28 INF] 【直播间】9619073 的第 38 个心跳包发送成功
[02:52:29 INF] 【直播间】407149 的第 38 个心跳包发送成功
[02:52:30 INF] 【直播间】7184632 的第 38 个心跳包发送成功
[02:52:31 INF] 【直播间】929670 的第 38 个心跳包发送成功
[02:52:33 INF] 【直播间】11732699 的第 38 个心跳包发送成功
[02:52:34 INF] 【直播间】23447660 的第 38 个心跳包发送成功
[02:52:35 INF] 【直播间】91164 的第 38 个心跳包发送成功
[02:52:36 INF] 【直播间】22764265 的第 38 个心跳包发送成功
[02:53:29 INF] 【直播间】23357926 的第 39 个心跳包发送成功
[02:53:30 INF] 【直播间】23040372 的第 39 个心跳包发送成功
[02:53:32 INF] 【直播间】31494 的第 39 个心跳包发送成功
[02:53:33 INF] 【直播间】4015781 的第 39 个心跳包发送成功
[02:53:34 INF] 【直播间】9619073 的第 39 个心跳包发送成功
[02:53:35 INF] 【直播间】407149 的第 39 个心跳包发送成功
[02:53:36 INF] 【直播间】7184632 的第 39 个心跳包发送成功
[02:53:38 INF] 【直播间】929670 的第 39 个心跳包发送成功
[02:53:39 INF] 【直播间】11732699 的第 39 个心跳包发送成功
[02:53:40 INF] 【直播间】23447660 的第 39 个心跳包发送成功
[02:53:41 INF] 【直播间】91164 的第 39 个心跳包发送成功
[02:53:42 INF] 【直播间】22764265 的第 39 个心跳包发送成功
[02:54:36 INF] 【直播间】23357926 的第 40 个心跳包发送成功
[02:54:37 INF] 【直播间】23040372 的第 40 个心跳包发送成功
[02:54:38 INF] 【直播间】31494 的第 40 个心跳包发送成功
[02:54:39 INF] 【直播间】4015781 的第 40 个心跳包发送成功
[02:54:40 INF] 【直播间】9619073 的第 40 个心跳包发送成功
[02:54:42 INF] 【直播间】407149 的第 40 个心跳包发送成功
[02:54:43 INF] 【直播间】7184632 的第 40 个心跳包发送成功
[02:54:44 INF] 【直播间】929670 的第 40 个心跳包发送成功
[02:54:45 INF] 【直播间】11732699 的第 40 个心跳包发送成功
[02:54:46 INF] 【直播间】23447660 的第 40 个心跳包发送成功
[02:54:48 INF] 【直播间】91164 的第 40 个心跳包发送成功
[02:54:49 INF] 【直播间】22764265 的第 40 个心跳包发送成功
[02:55:42 INF] 【直播间】23357926 的第 41 个心跳包发送成功
[02:55:43 INF] 【直播间】23040372 的第 41 个心跳包发送成功
[02:55:44 INF] 【直播间】31494 的第 41 个心跳包发送成功
[02:55:45 INF] 【直播间】4015781 的第 41 个心跳包发送成功
[02:55:47 INF] 【直播间】9619073 的第 41 个心跳包发送成功
[02:55:48 INF] 【直播间】407149 的第 41 个心跳包发送成功
[02:55:49 INF] 【直播间】7184632 的第 41 个心跳包发送成功
[02:55:50 INF] 【直播间】929670 的第 41 个心跳包发送成功
[02:55:51 INF] 【直播间】11732699 的第 41 个心跳包发送成功
[02:55:53 INF] 【直播间】23447660 的第 41 个心跳包发送成功
[02:55:54 INF] 【直播间】91164 的第 41 个心跳包发送成功
[02:55:55 INF] 【直播间】22764265 的第 41 个心跳包发送成功
[02:56:48 INF] 【直播间】23357926 的第 42 个心跳包发送成功
[02:56:49 INF] 【直播间】23040372 的第 42 个心跳包发送成功
[02:56:51 INF] 【直播间】31494 的第 42 个心跳包发送成功
[02:56:52 INF] 【直播间】4015781 的第 42 个心跳包发送成功
[02:56:53 INF] 【直播间】9619073 的第 42 个心跳包发送成功
[02:56:54 INF] 【直播间】407149 的第 42 个心跳包发送成功
[02:56:56 INF] 【直播间】7184632 的第 42 个心跳包发送成功
[02:56:57 INF] 【直播间】929670 的第 42 个心跳包发送成功
[02:56:58 INF] 【直播间】11732699 的第 42 个心跳包发送成功
[02:56:59 INF] 【直播间】23447660 的第 42 个心跳包发送成功
[02:57:01 INF] 【直播间】91164 的第 42 个心跳包发送成功
[02:57:02 INF] 【直播间】22764265 的第 42 个心跳包发送成功
[02:57:55 INF] 【直播间】23357926 的第 43 个心跳包发送成功
[02:57:56 INF] 【直播间】23040372 的第 43 个心跳包发送成功
[02:57:57 INF] 【直播间】31494 的第 43 个心跳包发送成功
[02:57:58 INF] 【直播间】4015781 的第 43 个心跳包发送成功
[02:57:59 INF] 【直播间】9619073 的第 43 个心跳包发送成功
[02:58:01 INF] 【直播间】407149 的第 43 个心跳包发送成功
[02:58:02 INF] 【直播间】7184632 的第 43 个心跳包发送成功
[02:58:03 INF] 【直播间】929670 的第 43 个心跳包发送成功
[02:58:04 INF] 【直播间】11732699 的第 43 个心跳包发送成功
[02:58:05 INF] 【直播间】23447660 的第 43 个心跳包发送成功
[02:58:07 INF] 【直播间】91164 的第 43 个心跳包发送成功
[02:58:08 INF] 【直播间】22764265 的第 43 个心跳包发送成功
[02:59:01 ERR] 【心跳包】直播间 23357926 发送失败
[02:59:01 ERR] 【原因】time check failed
[02:59:02 ERR] 【心跳包】直播间 23040372 发送失败
[02:59:02 ERR] 【原因】time check failed
[02:59:03 ERR] 【心跳包】直播间 31494 发送失败
[02:59:03 ERR] 【原因】time check failed
[02:59:05 ERR] 【心跳包】直播间 4015781 发送失败
[02:59:05 ERR] 【原因】time check failed
[02:59:06 ERR] 【心跳包】直播间 9619073 发送失败
[02:59:06 ERR] 【原因】time check failed
[02:59:07 ERR] 【心跳包】直播间 407149 发送失败
[02:59:07 ERR] 【原因】time check failed
[02:59:08 ERR] 【心跳包】直播间 7184632 发送失败
[02:59:08 ERR] 【原因】time check failed
[02:59:09 ERR] 【心跳包】直播间 929670 发送失败
[02:59:09 ERR] 【原因】time check failed
[02:59:11 ERR] 【心跳包】直播间 11732699 发送失败
[02:59:11 ERR] 【原因】time check failed
[02:59:12 ERR] 【心跳包】直播间 23447660 发送失败
[02:59:12 ERR] 【原因】time check failed
[02:59:13 ERR] 【心跳包】直播间 91164 发送失败
[02:59:13 ERR] 【原因】time check failed
[02:59:14 ERR] 【心跳包】直播间 22764265 发送失败
[02:59:14 ERR] 【原因】time check failed
[03:00:07 INF] 【直播间】23357926 的第 44 个心跳包发送成功
[03:00:08 INF] 【直播间】23040372 的第 44 个心跳包发送成功
[03:00:10 INF] 【直播间】31494 的第 44 个心跳包发送成功
[03:00:11 INF] 【直播间】4015781 的第 44 个心跳包发送成功
[03:00:12 INF] 【直播间】9619073 的第 44 个心跳包发送成功
[03:00:13 INF] 【直播间】407149 的第 44 个心跳包发送成功
[03:00:14 INF] 【直播间】7184632 的第 44 个心跳包发送成功
[03:00:16 INF] 【直播间】929670 的第 44 个心跳包发送成功
[03:00:17 INF] 【直播间】11732699 的第 44 个心跳包发送成功
[03:00:18 INF] 【直播间】23447660 的第 44 个心跳包发送成功
[03:00:19 INF] 【直播间】91164 的第 44 个心跳包发送成功
[03:00:20 INF] 【直播间】22764265 的第 44 个心跳包发送成功
[03:01:13 INF] 【直播间】23357926 的第 45 个心跳包发送成功
[03:01:15 INF] 【直播间】23040372 的第 45 个心跳包发送成功
[03:01:16 INF] 【直播间】31494 的第 45 个心跳包发送成功
[03:01:17 INF] 【直播间】4015781 的第 45 个心跳包发送成功
[03:01:18 INF] 【直播间】9619073 的第 45 个心跳包发送成功
[03:01:19 INF] 【直播间】407149 的第 45 个心跳包发送成功
[03:01:21 INF] 【直播间】7184632 的第 45 个心跳包发送成功
[03:01:22 INF] 【直播间】929670 的第 45 个心跳包发送成功
[03:01:23 INF] 【直播间】11732699 的第 45 个心跳包发送成功
[03:01:24 INF] 【直播间】23447660 的第 45 个心跳包发送成功
[03:01:25 INF] 【直播间】91164 的第 45 个心跳包发送成功
[03:01:27 INF] 【直播间】22764265 的第 45 个心跳包发送成功
[03:02:20 INF] 【直播间】23357926 的第 46 个心跳包发送成功
[03:02:21 INF] 【直播间】23040372 的第 46 个心跳包发送成功
[03:02:22 INF] 【直播间】31494 的第 46 个心跳包发送成功
[03:02:24 INF] 【直播间】4015781 的第 46 个心跳包发送成功
[03:02:25 INF] 【直播间】9619073 的第 46 个心跳包发送成功
[03:02:26 INF] 【直播间】407149 的第 46 个心跳包发送成功
[03:02:27 INF] 【直播间】7184632 的第 46 个心跳包发送成功
[03:02:29 INF] 【直播间】929670 的第 46 个心跳包发送成功
[03:02:30 INF] 【直播间】11732699 的第 46 个心跳包发送成功
[03:02:31 INF] 【直播间】23447660 的第 46 个心跳包发送成功
[03:02:32 INF] 【直播间】91164 的第 46 个心跳包发送成功
[03:02:33 INF] 【直播间】22764265 的第 46 个心跳包发送成功
[03:03:26 INF] 【直播间】23357926 的第 47 个心跳包发送成功
[03:03:27 INF] 【直播间】23040372 的第 47 个心跳包发送成功
[03:03:29 INF] 【直播间】31494 的第 47 个心跳包发送成功
[03:03:30 INF] 【直播间】4015781 的第 47 个心跳包发送成功
[03:03:31 INF] 【直播间】9619073 的第 47 个心跳包发送成功
[03:03:32 INF] 【直播间】407149 的第 47 个心跳包发送成功
[03:03:34 INF] 【直播间】7184632 的第 47 个心跳包发送成功
[03:03:35 INF] 【直播间】929670 的第 47 个心跳包发送成功
[03:03:36 INF] 【直播间】11732699 的第 47 个心跳包发送成功
[03:03:37 INF] 【直播间】23447660 的第 47 个心跳包发送成功
[03:03:38 INF] 【直播间】91164 的第 47 个心跳包发送成功
[03:03:40 INF] 【直播间】22764265 的第 47 个心跳包发送成功
[03:04:33 INF] 【直播间】23357926 的第 48 个心跳包发送成功
[03:04:34 INF] 【直播间】23040372 的第 48 个心跳包发送成功
[03:04:35 INF] 【直播间】31494 的第 48 个心跳包发送成功
[03:04:36 INF] 【直播间】4015781 的第 48 个心跳包发送成功
[03:04:37 INF] 【直播间】9619073 的第 48 个心跳包发送成功
[03:04:39 INF] 【直播间】407149 的第 48 个心跳包发送成功
[03:04:40 INF] 【直播间】7184632 的第 48 个心跳包发送成功
[03:04:41 INF] 【直播间】929670 的第 48 个心跳包发送成功
[03:04:42 INF] 【直播间】11732699 的第 48 个心跳包发送成功
[03:04:44 INF] 【直播间】23447660 的第 48 个心跳包发送成功
[03:04:45 INF] 【直播间】91164 的第 48 个心跳包发送成功
[03:04:46 INF] 【直播间】22764265 的第 48 个心跳包发送成功
[03:05:39 INF] 【直播间】23357926 的第 49 个心跳包发送成功
[03:05:40 INF] 【直播间】23040372 的第 49 个心跳包发送成功
[03:05:41 INF] 【直播间】31494 的第 49 个心跳包发送成功
[03:05:43 INF] 【直播间】4015781 的第 49 个心跳包发送成功
[03:05:44 INF] 【直播间】9619073 的第 49 个心跳包发送成功
[03:05:45 INF] 【直播间】407149 的第 49 个心跳包发送成功
[03:05:46 INF] 【直播间】7184632 的第 49 个心跳包发送成功
[03:05:48 INF] 【直播间】929670 的第 49 个心跳包发送成功
[03:05:49 INF] 【直播间】11732699 的第 49 个心跳包发送成功
[03:05:50 INF] 【直播间】23447660 的第 49 个心跳包发送成功
[03:05:51 INF] 【直播间】91164 的第 49 个心跳包发送成功
[03:05:53 INF] 【直播间】22764265 的第 49 个心跳包发送成功
[03:06:45 INF] 【直播间】23357926 的第 50 个心跳包发送成功
[03:06:46 INF] 【直播间】23040372 的第 50 个心跳包发送成功
[03:06:48 INF] 【直播间】31494 的第 50 个心跳包发送成功
[03:06:49 INF] 【直播间】4015781 的第 50 个心跳包发送成功
[03:06:50 INF] 【直播间】9619073 的第 50 个心跳包发送成功
[03:06:51 INF] 【直播间】407149 的第 50 个心跳包发送成功
[03:06:53 INF] 【直播间】7184632 的第 50 个心跳包发送成功
[03:06:54 INF] 【直播间】929670 的第 50 个心跳包发送成功
[03:06:55 INF] 【直播间】11732699 的第 50 个心跳包发送成功
[03:06:56 INF] 【直播间】23447660 的第 50 个心跳包发送成功
[03:06:58 INF] 【直播间】91164 的第 50 个心跳包发送成功
[03:06:59 INF] 【直播间】22764265 的第 50 个心跳包发送成功
[03:07:52 INF] 【直播间】23357926 的第 51 个心跳包发送成功
[03:07:53 INF] 【直播间】23040372 的第 51 个心跳包发送成功
[03:07:54 INF] 【直播间】31494 的第 51 个心跳包发送成功
[03:07:55 INF] 【直播间】4015781 的第 51 个心跳包发送成功
[03:07:56 INF] 【直播间】9619073 的第 51 个心跳包发送成功
[03:07:58 INF] 【直播间】407149 的第 51 个心跳包发送成功
[03:07:59 INF] 【直播间】7184632 的第 51 个心跳包发送成功
[03:08:00 INF] 【直播间】929670 的第 51 个心跳包发送成功
[03:08:01 INF] 【直播间】11732699 的第 51 个心跳包发送成功
[03:08:03 INF] 【直播间】23447660 的第 51 个心跳包发送成功
[03:08:04 INF] 【直播间】91164 的第 51 个心跳包发送成功
[03:08:05 INF] 【直播间】22764265 的第 51 个心跳包发送成功
[03:08:58 INF] 【直播间】23357926 的第 52 个心跳包发送成功
[03:08:59 INF] 【直播间】23040372 的第 52 个心跳包发送成功
[03:09:00 INF] 【直播间】31494 的第 52 个心跳包发送成功
[03:09:02 INF] 【直播间】4015781 的第 52 个心跳包发送成功
[03:09:03 INF] 【直播间】9619073 的第 52 个心跳包发送成功
[03:09:04 INF] 【直播间】407149 的第 52 个心跳包发送成功
[03:09:05 INF] 【直播间】7184632 的第 52 个心跳包发送成功
[03:09:07 INF] 【直播间】929670 的第 52 个心跳包发送成功
[03:09:08 INF] 【直播间】11732699 的第 52 个心跳包发送成功
[03:09:09 INF] 【直播间】23447660 的第 52 个心跳包发送成功
[03:09:10 INF] 【直播间】91164 的第 52 个心跳包发送成功
[03:09:11 INF] 【直播间】22764265 的第 52 个心跳包发送成功
[03:10:04 INF] 【直播间】23357926 的第 53 个心跳包发送成功
[03:10:06 INF] 【直播间】23040372 的第 53 个心跳包发送成功
[03:10:07 INF] 【直播间】31494 的第 53 个心跳包发送成功
[03:10:08 INF] 【直播间】4015781 的第 53 个心跳包发送成功
[03:10:09 INF] 【直播间】9619073 的第 53 个心跳包发送成功
[03:10:11 INF] 【直播间】407149 的第 53 个心跳包发送成功
[03:10:12 INF] 【直播间】7184632 的第 53 个心跳包发送成功
[03:10:13 INF] 【直播间】929670 的第 53 个心跳包发送成功
[03:10:14 INF] 【直播间】11732699 的第 53 个心跳包发送成功
[03:10:16 INF] 【直播间】23447660 的第 53 个心跳包发送成功
[03:10:17 INF] 【直播间】91164 的第 53 个心跳包发送成功
[03:10:18 INF] 【直播间】22764265 的第 53 个心跳包发送成功
[03:11:11 INF] 【直播间】23357926 的第 54 个心跳包发送成功
[03:11:12 INF] 【直播间】23040372 的第 54 个心跳包发送成功
[03:11:13 INF] 【直播间】31494 的第 54 个心跳包发送成功
[03:11:14 INF] 【直播间】4015781 的第 54 个心跳包发送成功
[03:11:16 INF] 【直播间】9619073 的第 54 个心跳包发送成功
[03:11:17 INF] 【直播间】407149 的第 54 个心跳包发送成功
[03:11:18 INF] 【直播间】7184632 的第 54 个心跳包发送成功
[03:11:19 INF] 【直播间】929670 的第 54 个心跳包发送成功
[03:11:21 INF] 【直播间】11732699 的第 54 个心跳包发送成功
[03:11:22 INF] 【直播间】23447660 的第 54 个心跳包发送成功
[03:11:23 INF] 【直播间】91164 的第 54 个心跳包发送成功
[03:11:25 INF] 【直播间】22764265 的第 54 个心跳包发送成功
[03:12:17 INF] 【直播间】23357926 的第 55 个心跳包发送成功
[03:12:18 INF] 【直播间】23040372 的第 55 个心跳包发送成功
[03:12:19 INF] 【直播间】31494 的第 55 个心跳包发送成功
[03:12:21 INF] 【直播间】4015781 的第 55 个心跳包发送成功
[03:12:22 INF] 【直播间】9619073 的第 55 个心跳包发送成功
[03:12:23 INF] 【直播间】407149 的第 55 个心跳包发送成功
[03:12:24 INF] 【直播间】7184632 的第 55 个心跳包发送成功
[03:12:26 INF] 【直播间】929670 的第 55 个心跳包发送成功
[03:12:27 INF] 【直播间】11732699 的第 55 个心跳包发送成功
[03:12:28 INF] 【直播间】23447660 的第 55 个心跳包发送成功
[03:12:30 INF] 【直播间】91164 的第 55 个心跳包发送成功
[03:12:31 INF] 【直播间】22764265 的第 55 个心跳包发送成功
[03:13:23 INF] 【直播间】23357926 的第 56 个心跳包发送成功
[03:13:25 INF] 【直播间】23040372 的第 56 个心跳包发送成功
[03:13:26 INF] 【直播间】31494 的第 56 个心跳包发送成功
[03:13:27 INF] 【直播间】4015781 的第 56 个心跳包发送成功
[03:13:28 INF] 【直播间】9619073 的第 56 个心跳包发送成功
[03:13:29 INF] 【直播间】407149 的第 56 个心跳包发送成功
[03:13:31 INF] 【直播间】7184632 的第 56 个心跳包发送成功
[03:13:32 INF] 【直播间】929670 的第 56 个心跳包发送成功
[03:13:33 INF] 【直播间】11732699 的第 56 个心跳包发送成功
[03:13:34 INF] 【直播间】23447660 的第 56 个心跳包发送成功
[03:13:36 INF] 【直播间】91164 的第 56 个心跳包发送成功
[03:13:37 INF] 【直播间】22764265 的第 56 个心跳包发送成功
[03:14:30 INF] 【直播间】23357926 的第 57 个心跳包发送成功
[03:14:31 INF] 【直播间】23040372 的第 57 个心跳包发送成功
[03:14:32 INF] 【直播间】31494 的第 57 个心跳包发送成功
[03:14:33 INF] 【直播间】4015781 的第 57 个心跳包发送成功
[03:14:34 INF] 【直播间】9619073 的第 57 个心跳包发送成功
[03:14:36 INF] 【直播间】407149 的第 57 个心跳包发送成功
[03:14:37 INF] 【直播间】7184632 的第 57 个心跳包发送成功
[03:14:38 INF] 【直播间】929670 的第 57 个心跳包发送成功
[03:14:39 INF] 【直播间】11732699 的第 57 个心跳包发送成功
[03:14:41 INF] 【直播间】23447660 的第 57 个心跳包发送成功
[03:14:42 INF] 【直播间】91164 的第 57 个心跳包发送成功
[03:14:43 INF] 【直播间】22764265 的第 57 个心跳包发送成功
[03:15:36 ERR] 【心跳包】直播间 23357926 发送失败
[03:15:36 ERR] 【原因】time check failed
[03:15:37 ERR] 【心跳包】直播间 23040372 发送失败
[03:15:37 ERR] 【原因】time check failed
[03:15:38 ERR] 【心跳包】直播间 31494 发送失败
[03:15:38 ERR] 【原因】time check failed
[03:15:39 ERR] 【心跳包】直播间 4015781 发送失败
[03:15:39 ERR] 【原因】time check failed
[03:15:41 ERR] 【心跳包】直播间 9619073 发送失败
[03:15:41 ERR] 【原因】time check failed
[03:15:42 ERR] 【心跳包】直播间 407149 发送失败
[03:15:42 ERR] 【原因】time check failed
[03:15:43 ERR] 【心跳包】直播间 7184632 发送失败
[03:15:43 ERR] 【原因】time check failed
[03:15:44 ERR] 【心跳包】直播间 929670 发送失败
[03:15:44 ERR] 【原因】time check failed
[03:15:45 ERR] 【心跳包】直播间 11732699 发送失败
[03:15:45 ERR] 【原因】time check failed
[03:15:47 ERR] 【心跳包】直播间 23447660 发送失败
[03:15:47 ERR] 【原因】time check failed
[03:15:48 ERR] 【心跳包】直播间 91164 发送失败
[03:15:48 ERR] 【原因】time check failed
[03:15:49 ERR] 【心跳包】直播间 22764265 发送失败
[03:15:49 ERR] 【原因】time check failed
[03:16:42 INF] 【直播间】23357926 的第 58 个心跳包发送成功
[03:16:43 INF] 【直播间】23040372 的第 58 个心跳包发送成功
[03:16:45 INF] 【直播间】31494 的第 58 个心跳包发送成功
[03:16:46 INF] 【直播间】4015781 的第 58 个心跳包发送成功
[03:16:47 INF] 【直播间】9619073 的第 58 个心跳包发送成功
[03:16:48 INF] 【直播间】407149 的第 58 个心跳包发送成功
[03:16:50 INF] 【直播间】7184632 的第 58 个心跳包发送成功
[03:16:51 INF] 【直播间】929670 的第 58 个心跳包发送成功
[03:16:52 INF] 【直播间】11732699 的第 58 个心跳包发送成功
[03:16:54 INF] 【直播间】23447660 的第 58 个心跳包发送成功
[03:16:55 INF] 【直播间】91164 的第 58 个心跳包发送成功
[03:16:56 INF] 【直播间】22764265 的第 58 个心跳包发送成功
[03:17:49 INF] 【直播间】23357926 的第 59 个心跳包发送成功
[03:17:50 INF] 【直播间】23040372 的第 59 个心跳包发送成功
[03:17:51 INF] 【直播间】31494 的第 59 个心跳包发送成功
[03:17:52 INF] 【直播间】4015781 的第 59 个心跳包发送成功
[03:17:54 INF] 【直播间】9619073 的第 59 个心跳包发送成功
[03:17:55 INF] 【直播间】407149 的第 59 个心跳包发送成功
[03:17:56 INF] 【直播间】7184632 的第 59 个心跳包发送成功
[03:17:57 INF] 【直播间】929670 的第 59 个心跳包发送成功
[03:17:58 INF] 【直播间】11732699 的第 59 个心跳包发送成功
[03:18:00 INF] 【直播间】23447660 的第 59 个心跳包发送成功
[03:18:01 INF] 【直播间】91164 的第 59 个心跳包发送成功
[03:18:02 INF] 【直播间】22764265 的第 59 个心跳包发送成功
[03:18:55 INF] 【直播间】23357926 的第 60 个心跳包发送成功
[03:18:56 INF] 【直播间】23040372 的第 60 个心跳包发送成功
[03:18:57 INF] 【直播间】31494 的第 60 个心跳包发送成功
[03:18:59 INF] 【直播间】4015781 的第 60 个心跳包发送成功
[03:19:00 INF] 【直播间】9619073 的第 60 个心跳包发送成功
[03:19:01 INF] 【直播间】407149 的第 60 个心跳包发送成功
[03:19:02 INF] 【直播间】7184632 的第 60 个心跳包发送成功
[03:19:04 INF] 【直播间】929670 的第 60 个心跳包发送成功
[03:19:05 INF] 【直播间】11732699 的第 60 个心跳包发送成功
[03:19:06 INF] 【直播间】23447660 的第 60 个心跳包发送成功
[03:19:07 INF] 【直播间】91164 的第 60 个心跳包发送成功
[03:19:08 INF] 【直播间】22764265 的第 60 个心跳包发送成功
[03:20:01 INF] 【直播间】23357926 的第 61 个心跳包发送成功
[03:20:03 INF] 【直播间】23040372 的第 61 个心跳包发送成功
[03:20:04 INF] 【直播间】31494 的第 61 个心跳包发送成功
[03:20:05 INF] 【直播间】4015781 的第 61 个心跳包发送成功
[03:20:06 INF] 【直播间】9619073 的第 61 个心跳包发送成功
[03:20:08 INF] 【直播间】407149 的第 61 个心跳包发送成功
[03:20:09 INF] 【直播间】7184632 的第 61 个心跳包发送成功
[03:20:10 INF] 【直播间】929670 的第 61 个心跳包发送成功
[03:20:11 INF] 【直播间】11732699 的第 61 个心跳包发送成功
[03:20:12 INF] 【直播间】23447660 的第 61 个心跳包发送成功
[03:20:14 INF] 【直播间】91164 的第 61 个心跳包发送成功
[03:20:15 INF] 【直播间】22764265 的第 61 个心跳包发送成功
[03:21:08 INF] 【直播间】23357926 的第 62 个心跳包发送成功
[03:21:09 INF] 【直播间】23040372 的第 62 个心跳包发送成功
[03:21:10 INF] 【直播间】31494 的第 62 个心跳包发送成功
[03:21:11 INF] 【直播间】4015781 的第 62 个心跳包发送成功
[03:21:13 INF] 【直播间】9619073 的第 62 个心跳包发送成功
[03:21:14 INF] 【直播间】407149 的第 62 个心跳包发送成功
[03:21:15 INF] 【直播间】7184632 的第 62 个心跳包发送成功
[03:21:16 INF] 【直播间】929670 的第 62 个心跳包发送成功
[03:21:18 INF] 【直播间】11732699 的第 62 个心跳包发送成功
[03:21:19 INF] 【直播间】23447660 的第 62 个心跳包发送成功
[03:21:20 INF] 【直播间】91164 的第 62 个心跳包发送成功
[03:21:21 INF] 【直播间】22764265 的第 62 个心跳包发送成功
[03:22:14 INF] 【直播间】23357926 的第 63 个心跳包发送成功
[03:22:15 INF] 【直播间】23040372 的第 63 个心跳包发送成功
[03:22:16 INF] 【直播间】31494 的第 63 个心跳包发送成功
[03:22:18 INF] 【直播间】4015781 的第 63 个心跳包发送成功
[03:22:19 INF] 【直播间】9619073 的第 63 个心跳包发送成功
[03:22:20 INF] 【直播间】407149 的第 63 个心跳包发送成功
[03:22:21 INF] 【直播间】7184632 的第 63 个心跳包发送成功
[03:22:23 INF] 【直播间】929670 的第 63 个心跳包发送成功
[03:22:24 INF] 【直播间】11732699 的第 63 个心跳包发送成功
[03:22:25 INF] 【直播间】23447660 的第 63 个心跳包发送成功
[03:22:26 INF] 【直播间】91164 的第 63 个心跳包发送成功
[03:22:28 INF] 【直播间】22764265 的第 63 个心跳包发送成功
[03:23:20 INF] 【直播间】23357926 的第 64 个心跳包发送成功
[03:23:21 INF] 【直播间】23040372 的第 64 个心跳包发送成功
[03:23:23 INF] 【直播间】31494 的第 64 个心跳包发送成功
[03:23:24 INF] 【直播间】4015781 的第 64 个心跳包发送成功
[03:23:25 INF] 【直播间】9619073 的第 64 个心跳包发送成功
[03:23:26 INF] 【直播间】407149 的第 64 个心跳包发送成功
[03:23:28 INF] 【直播间】7184632 的第 64 个心跳包发送成功
[03:23:29 INF] 【直播间】929670 的第 64 个心跳包发送成功
[03:23:30 INF] 【直播间】11732699 的第 64 个心跳包发送成功
[03:23:32 INF] 【直播间】23447660 的第 64 个心跳包发送成功
[03:23:33 INF] 【直播间】91164 的第 64 个心跳包发送成功
[03:23:34 INF] 【直播间】22764265 的第 64 个心跳包发送成功
[03:24:27 INF] 【直播间】23357926 的第 65 个心跳包发送成功
[03:24:28 INF] 【直播间】23040372 的第 65 个心跳包发送成功
[03:24:29 INF] 【直播间】31494 的第 65 个心跳包发送成功
[03:24:30 INF] 【直播间】4015781 的第 65 个心跳包发送成功
[03:24:32 INF] 【直播间】9619073 的第 65 个心跳包发送成功
[03:24:33 INF] 【直播间】407149 的第 65 个心跳包发送成功
[03:24:34 INF] 【直播间】7184632 的第 65 个心跳包发送成功
[03:24:35 INF] 【直播间】929670 的第 65 个心跳包发送成功
[03:24:37 INF] 【直播间】11732699 的第 65 个心跳包发送成功
[03:24:38 INF] 【直播间】23447660 的第 65 个心跳包发送成功
[03:24:39 INF] 【直播间】91164 的第 65 个心跳包发送成功
[03:24:40 INF] 【直播间】22764265 的第 65 个心跳包发送成功
[03:25:33 INF] 【直播间】23357926 的第 66 个心跳包发送成功
[03:25:34 INF] 【直播间】23040372 的第 66 个心跳包发送成功
[03:25:35 INF] 【直播间】31494 的第 66 个心跳包发送成功
[03:25:37 INF] 【直播间】4015781 的第 66 个心跳包发送成功
[03:25:38 INF] 【直播间】9619073 的第 66 个心跳包发送成功
[03:25:39 INF] 【直播间】407149 的第 66 个心跳包发送成功
[03:25:40 INF] 【直播间】7184632 的第 66 个心跳包发送成功
[03:25:41 INF] 【直播间】929670 的第 66 个心跳包发送成功
[03:25:43 INF] 【直播间】11732699 的第 66 个心跳包发送成功
[03:25:44 INF] 【直播间】23447660 的第 66 个心跳包发送成功
[03:25:45 INF] 【直播间】91164 的第 66 个心跳包发送成功
[03:25:46 INF] 【直播间】22764265 的第 66 个心跳包发送成功
[03:26:39 INF] 【直播间】23357926 的第 67 个心跳包发送成功
[03:26:41 INF] 【直播间】23040372 的第 67 个心跳包发送成功
[03:26:42 INF] 【直播间】31494 的第 67 个心跳包发送成功
[03:26:43 INF] 【直播间】4015781 的第 67 个心跳包发送成功
[03:26:45 INF] 【直播间】9619073 的第 67 个心跳包发送成功
[03:26:46 INF] 【直播间】407149 的第 67 个心跳包发送成功
[03:26:47 INF] 【直播间】7184632 的第 67 个心跳包发送成功
[03:26:48 INF] 【直播间】929670 的第 67 个心跳包发送成功
[03:26:49 INF] 【直播间】11732699 的第 67 个心跳包发送成功
[03:26:51 INF] 【直播间】23447660 的第 67 个心跳包发送成功
[03:26:52 INF] 【直播间】91164 的第 67 个心跳包发送成功
[03:26:53 INF] 【直播间】22764265 的第 67 个心跳包发送成功
[03:27:46 INF] 【直播间】23357926 的第 68 个心跳包发送成功
[03:27:47 INF] 【直播间】23040372 的第 68 个心跳包发送成功
[03:27:48 INF] 【直播间】31494 的第 68 个心跳包发送成功
[03:27:49 INF] 【直播间】4015781 的第 68 个心跳包发送成功
[03:27:51 INF] 【直播间】9619073 的第 68 个心跳包发送成功
[03:27:52 INF] 【直播间】407149 的第 68 个心跳包发送成功
[03:27:53 INF] 【直播间】7184632 的第 68 个心跳包发送成功
[03:27:54 INF] 【直播间】929670 的第 68 个心跳包发送成功
[03:27:56 INF] 【直播间】11732699 的第 68 个心跳包发送成功
[03:27:57 INF] 【直播间】23447660 的第 68 个心跳包发送成功
[03:27:58 INF] 【直播间】91164 的第 68 个心跳包发送成功
[03:27:59 INF] 【直播间】22764265 的第 68 个心跳包发送成功
[03:28:52 INF] 【直播间】23357926 的第 69 个心跳包发送成功
[03:28:53 INF] 【直播间】23040372 的第 69 个心跳包发送成功
[03:28:54 INF] 【直播间】31494 的第 69 个心跳包发送成功
[03:28:55 INF] 【直播间】4015781 的第 69 个心跳包发送成功
[03:28:57 INF] 【直播间】9619073 的第 69 个心跳包发送成功
[03:28:58 INF] 【直播间】407149 的第 69 个心跳包发送成功
[03:28:59 INF] 【直播间】7184632 的第 69 个心跳包发送成功
[03:29:01 INF] 【直播间】929670 的第 69 个心跳包发送成功
[03:29:02 INF] 【直播间】11732699 的第 69 个心跳包发送成功
[03:29:03 INF] 【直播间】23447660 的第 69 个心跳包发送成功
[03:29:04 INF] 【直播间】91164 的第 69 个心跳包发送成功
[03:29:06 INF] 【直播间】22764265 的第 69 个心跳包发送成功
[03:29:58 INF] 【直播间】23357926 的第 70 个心跳包发送成功
[03:30:00 INF] 【直播间】23040372 的第 70 个心跳包发送成功
[03:30:01 INF] 【直播间】31494 的第 70 个心跳包发送成功
[03:30:02 INF] 【直播间】4015781 的第 70 个心跳包发送成功
[03:30:03 INF] 【直播间】9619073 的第 70 个心跳包发送成功
[03:30:04 INF] 【直播间】407149 的第 70 个心跳包发送成功
[03:30:06 INF] 【直播间】7184632 的第 70 个心跳包发送成功
[03:30:07 INF] 【直播间】929670 的第 70 个心跳包发送成功
[03:30:08 INF] 【直播间】11732699 的第 70 个心跳包发送成功
[03:30:09 INF] 【直播间】23447660 的第 70 个心跳包发送成功
[03:30:10 INF] 【直播间】91164 的第 70 个心跳包发送成功
[03:30:12 INF] 【直播间】22764265 的第 70 个心跳包发送成功
[03:30:12 INF] 【直播观看时长】完成情况：12/12 
[03:30:12 INF] ---------结束---------

[03:30:12 INF] ==========结束==========

[03:30:12 INF] ######### 账号 3 #########

[03:30:12 INF] =====开始 直播间互动 =====

[03:30:12 INF] ---开始 发送弹幕 ---
[03:30:12 INF] 检测到直播 Cookie 未正确配置，尝试自动配置中...
[03:30:15 INF] 直播 Cookie 配置成功！
[03:30:15 INF] 【获取直播列表】获取拥有粉丝牌的直播列表
[03:30:20 ERR] 【获取直播列表】失败
[03:30:20 ERR] 【原因】账号未登录
[03:30:20 ERR] 发送弹幕失败，继续其他任务。失败信息:Object reference not set to an instance of an object.

[03:30:20 INF] -------结束-------

[03:30:20 INF] ---开始 点赞直播间 ---
[03:30:20 INF] 【获取直播列表】获取拥有粉丝牌的直播列表
[03:30:26 ERR] 【获取直播列表】失败
[03:30:26 ERR] 【原因】账号未登录
[03:30:26 ERR] 点赞直播间失败，继续其他任务。失败信息:Object reference not set to an instance of an object.

[03:30:26 INF] --------结束--------

[03:30:26 INF] ---开始 直播时长挂机 ---
[03:30:26 INF] 【获取直播列表】获取拥有粉丝牌的直播列表
[03:30:32 ERR] 【获取直播列表】失败
[03:30:32 ERR] 【原因】账号未登录
[03:30:32 ERR] 直播时长挂机失败，继续其他任务。失败信息:Object reference not set to an instance of an object.

[03:30:32 INF] ---------结束---------

[03:30:32 INF] ==========结束==========

[03:30:32 INF] 

========================

 v2.0.2 开源 by https://github.com/RayWangQvQ/BiliBiliToolPro

[03:30:32 INF] ·开始推送·LiveFansMedal任务·
2024-02-19T19:30:32.1931807Z 开始推送到:PushPlus
2024-02-19T19:30:33.5086676Z Response status: OK.
2024-02-19T19:30:33.5087024Z Response content: {"code":999,"msg":"发送内容过大，不能超过2万字","data":null}.

[03:30:33 INF] 运行环境：Development
[03:30:33 INF] 应用目录：/home/runner/work/BiliBiliToolPro/BiliBiliToolPro/src/Ray.BiliBiliTool.Console/bin/Debug/net6.0/

[03:30:33 INF] 运行结束
