----------- ip 信息 ---------
{
  "ip": "104.28.204.214",
  "city": "Richmond",
  "region": "Virginia",
  "country": "US",
  "loc": "37.5538,-77.4603",
  "org": "AS13335 Cloudflare, Inc.",
  "postal": "23173",
  "timezone": "America/New_York",
  "readme": "https://ipinfo.io/missingauth"
} ---------- end ------------
  ____               ____    _   _____           _  
 |  _ \ __ _ _   _  | __ ) _| |_|_   _|__   ___ | | 
 | |_) / _` | | | | |  _ \(_) (_) | |/ _ \ / _ \| | 
 |  _ < (_| | |_| | | |_) | | | | | | (_) | (_) | | 
 |_| \_\__,_|\__, | |____/|_|_|_| |_|\___/ \___/|_| 
             |___/                                  

[00:24:30 INF] BiliBiliToolPro 开始运行...

[00:24:30 INF] 【账号个数】3个

[00:24:30 INF] 随机休眠2分钟

[00:26:30 INF] 【目标任务】LiveFansMedal
[00:26:30 INF] ######### 账号 1 #########

[00:26:30 INF] =====开始 直播间互动 =====

[00:26:30 INF] ---开始 发送弹幕 ---
[00:26:30 INF] 检测到直播 Cookie 未正确配置，尝试自动配置中...
[00:26:38 INF] 直播 Cookie 配置成功！
[00:26:38 INF] 【获取直播列表】获取拥有粉丝牌的直播列表
[00:26:44 INF] 【主播】Mark陌枫 
[00:26:50 ERR] 【获取空间信息】失败
[00:26:50 ERR] 【原因】访问权限不足
[00:26:50 INF] 【主播】KL_qiqi_ 
[00:26:56 ERR] 【获取空间信息】失败
[00:26:56 ERR] 【原因】访问权限不足
[00:26:56 INF] 【主播】苏打baka 
[00:26:59 ERR] 【获取空间信息】失败
[00:26:59 ERR] 【原因】访问权限不足
[00:26:59 INF] -------结束-------

[00:26:59 INF] ---开始 点赞直播间 ---
[00:26:59 INF] 【获取直播列表】获取拥有粉丝牌的直播列表
[00:27:05 INF] 【主播】Mark陌枫 
[00:27:13 ERR] 【获取空间信息】失败
[00:27:13 ERR] 【原因】访问权限不足
[00:27:13 INF] 【主播】KL_qiqi_ 
[00:27:18 ERR] 【获取空间信息】失败
[00:27:18 ERR] 【原因】访问权限不足
[00:27:18 INF] 【主播】苏打baka 
[00:27:23 ERR] 【获取空间信息】失败
[00:27:23 ERR] 【原因】访问权限不足
[00:27:23 INF] --------结束--------

[00:27:23 INF] ---开始 直播时长挂机 ---
[00:27:23 INF] 【获取直播列表】获取拥有粉丝牌的直播列表
[00:27:26 INF] 【主播】Mark陌枫 
[00:27:30 ERR] 【获取空间信息】失败
[00:27:30 ERR] 【原因】访问权限不足
[00:27:30 INF] 【主播】KL_qiqi_ 
[00:27:33 ERR] 【获取空间信息】失败
[00:27:33 ERR] 【原因】访问权限不足
[00:27:33 INF] 【主播】苏打baka 
[00:27:39 ERR] 【获取空间信息】失败
[00:27:39 ERR] 【原因】访问权限不足
[00:27:39 INF] 【直播观看时长】跳过，未检测到符合条件的主播
[00:27:39 INF] ---------结束---------

[00:27:39 INF] ==========结束==========

[00:27:39 INF] ######### 账号 2 #########

[00:27:39 INF] =====开始 直播间互动 =====

[00:27:39 INF] ---开始 发送弹幕 ---
[00:27:39 INF] 检测到直播 Cookie 未正确配置，尝试自动配置中...
[00:27:45 ERR] 【配置直播Cookie】失败，放弃执行后续任务...
[00:27:45 ERR] 【原因】Value cannot be null. (Parameter 'source')
[00:27:45 INF] -------结束-------

[00:27:45 INF] ---开始 点赞直播间 ---
[00:27:45 INF] 检测到直播 Cookie 未正确配置，尝试自动配置中...
[00:27:49 ERR] 【配置直播Cookie】失败，放弃执行后续任务...
[00:27:49 ERR] 【原因】Value cannot be null. (Parameter 'source')
[00:27:49 INF] --------结束--------

[00:27:49 INF] ---开始 直播时长挂机 ---
[00:27:49 INF] 检测到直播 Cookie 未正确配置，尝试自动配置中...
[00:27:55 ERR] 【配置直播Cookie】失败，放弃执行后续任务...
[00:27:55 ERR] 【原因】Value cannot be null. (Parameter 'source')
[00:27:55 INF] ---------结束---------

[00:27:55 INF] ==========结束==========

[00:27:55 INF] ######### 账号 3 #########

[00:27:55 INF] =====开始 直播间互动 =====

[00:27:55 INF] ---开始 发送弹幕 ---
[00:27:55 INF] 检测到直播 Cookie 未正确配置，尝试自动配置中...
[00:28:02 ERR] 【配置直播Cookie】失败，放弃执行后续任务...
[00:28:02 ERR] 【原因】Value cannot be null. (Parameter 'source')
[00:28:02 INF] -------结束-------

[00:28:02 INF] ---开始 点赞直播间 ---
[00:28:02 INF] 检测到直播 Cookie 未正确配置，尝试自动配置中...
[00:28:09 ERR] 【配置直播Cookie】失败，放弃执行后续任务...
[00:28:09 ERR] 【原因】Value cannot be null. (Parameter 'source')
[00:28:09 INF] --------结束--------

[00:28:09 INF] ---开始 直播时长挂机 ---
[00:28:09 INF] 检测到直播 Cookie 未正确配置，尝试自动配置中...
[00:28:14 ERR] 【配置直播Cookie】失败，放弃执行后续任务...
[00:28:14 ERR] 【原因】Value cannot be null. (Parameter 'source')
[00:28:14 INF] ---------结束---------

[00:28:14 INF] ==========结束==========

[00:28:14 INF] 

========================

 v2.0.0 开源 by https://github.com/RayWangQvQ/BiliBiliToolPro

[00:28:14 INF] ·开始推送·LiveFansMedal任务·
2023-05-30T16:28:14.8656460Z 开始推送到:自定义
2023-05-30T16:28:19.5288843Z Response status: OK.
2023-05-30T16:28:19.5289543Z Response content: {"message":"","success":true,"uuid":"d8391437f9b2418eb29dd5917d74da2e"}.

[00:28:19 INF] 运行环境：Development
[00:28:19 INF] 应用目录：/home/runner/work/BiliBiliToolPro/BiliBiliToolPro/src/Ray.BiliBiliTool.Console/bin/Debug/net6.0/

[00:28:19 INF] 运行结束
