----------- ip 信息 ---------
{
  "ip": "104.28.210.135",
  "city": "Durham",
  "region": "North Carolina",
  "country": "US",
  "loc": "35.9940,-78.8986",
  "org": "AS13335 Cloudflare, Inc.",
  "postal": "27701",
  "timezone": "America/New_York",
  "readme": "https://ipinfo.io/missingauth"
} ---------- end ------------
  ____               ____    _   _____           _  
 |  _ \ __ _ _   _  | __ ) _| |_|_   _|__   ___ | | 
 | |_) / _` | | | | |  _ \(_) (_) | |/ _ \ / _ \| | 
 |  _ < (_| | |_| | | |_) | | | | | | (_) | (_) | | 
 |_| \_\__,_|\__, | |____/|_|_|_| |_|\___/ \___/|_| 
             |___/                                  

[00:27:55 INF] BiliBiliToolPro 开始运行...

[00:27:55 INF] 【账号个数】3个

[00:27:55 INF] 随机休眠3分钟

[00:30:55 INF] 【目标任务】LiveFansMedal
[00:30:55 INF] ######### 账号 1 #########

[00:30:55 INF] =====开始 直播间互动 =====

[00:30:55 INF] ---开始 发送弹幕 ---
[00:30:55 INF] 检测到直播 Cookie 未正确配置，尝试自动配置中...
[00:31:03 INF] 直播 Cookie 配置成功！
[00:31:03 INF] 【获取直播列表】获取拥有粉丝牌的直播列表
[00:31:10 INF] 【主播】Mark陌枫 
[00:31:23 INF] 【主播】KL_qiqi_ 
[00:31:41 INF] 【主播】苏打baka 
[00:31:57 INF] 【直播间】Mark陌枫
[00:31:57 INF] 【粉丝牌】馬楓
[00:31:57 INF] 正在发送弹幕...
[00:32:00 INF] 【直播间】KL_qiqi_
[00:32:00 INF] 【粉丝牌】qiqisb
[00:32:00 INF] 正在发送弹幕...
[00:32:04 INF] 【直播间】苏打baka
[00:32:04 INF] 【粉丝牌】碳酸钠
[00:32:04 INF] 正在发送弹幕...
[00:32:09 INF] 【弹幕发送】成功~，你和主播 Mark陌枫 的亲密值增加了100！
[00:32:09 INF] -------结束-------

[00:32:09 INF] ---开始 点赞直播间 ---
[00:32:09 INF] 【获取直播列表】获取拥有粉丝牌的直播列表
[00:32:13 INF] 【弹幕发送】成功~，你和主播 KL_qiqi_ 的亲密值增加了100！
[00:32:14 INF] 【主播】Mark陌枫 
[00:32:18 INF] 【弹幕发送】成功~，你和主播 苏打baka 的亲密值增加了100！
[00:32:35 INF] 【主播】KL_qiqi_ 
[00:32:49 INF] 【主播】苏打baka 
[00:33:12 INF] 【点赞直播间】23357926 完成
[00:33:15 INF] 【点赞直播间】407149 完成
[00:33:19 INF] --------结束--------

[00:33:19 INF] ---开始 直播时长挂机 ---
[00:33:19 INF] 【获取直播列表】获取拥有粉丝牌的直播列表
[00:33:19 INF] 【点赞直播间】23040372 完成
[00:33:23 INF] 【主播】Mark陌枫 
[00:33:36 INF] 【主播】KL_qiqi_ 
[00:33:51 INF] 【主播】苏打baka 
[00:34:05 INF] 【直播间】23357926 的第 1 个心跳包发送成功
[00:34:06 INF] 【直播间】407149 的第 1 个心跳包发送成功
[00:34:07 INF] 【直播间】23040372 的第 1 个心跳包发送成功
[00:35:12 INF] 【直播间】23357926 的第 2 个心跳包发送成功
[00:35:13 INF] 【直播间】407149 的第 2 个心跳包发送成功
[00:35:14 INF] 【直播间】23040372 的第 2 个心跳包发送成功
[00:36:18 INF] 【直播间】23357926 的第 3 个心跳包发送成功
[00:36:20 INF] 【直播间】407149 的第 3 个心跳包发送成功
[00:36:21 INF] 【直播间】23040372 的第 3 个心跳包发送成功
[00:37:25 INF] 【直播间】23357926 的第 4 个心跳包发送成功
[00:37:27 INF] 【直播间】407149 的第 4 个心跳包发送成功
[00:37:28 INF] 【直播间】23040372 的第 4 个心跳包发送成功
[00:38:32 INF] 【直播间】23357926 的第 5 个心跳包发送成功
[00:38:33 INF] 【直播间】407149 的第 5 个心跳包发送成功
[00:38:35 INF] 【直播间】23040372 的第 5 个心跳包发送成功
[00:39:39 INF] 【直播间】23357926 的第 6 个心跳包发送成功
[00:39:41 INF] 【直播间】407149 的第 6 个心跳包发送成功
[00:39:42 INF] 【直播间】23040372 的第 6 个心跳包发送成功
[00:40:46 INF] 【直播间】23357926 的第 7 个心跳包发送成功
[00:40:47 INF] 【直播间】407149 的第 7 个心跳包发送成功
[00:40:49 INF] 【直播间】23040372 的第 7 个心跳包发送成功
[00:41:53 INF] 【直播间】23357926 的第 8 个心跳包发送成功
[00:41:54 INF] 【直播间】407149 的第 8 个心跳包发送成功
[00:41:56 INF] 【直播间】23040372 的第 8 个心跳包发送成功
[00:43:00 INF] 【直播间】23357926 的第 9 个心跳包发送成功
[00:43:01 INF] 【直播间】407149 的第 9 个心跳包发送成功
[00:43:02 INF] 【直播间】23040372 的第 9 个心跳包发送成功
[00:44:07 INF] 【直播间】23357926 的第 10 个心跳包发送成功
[00:44:08 INF] 【直播间】407149 的第 10 个心跳包发送成功
[00:44:09 INF] 【直播间】23040372 的第 10 个心跳包发送成功
[00:45:14 INF] 【直播间】23357926 的第 11 个心跳包发送成功
[00:45:15 INF] 【直播间】407149 的第 11 个心跳包发送成功
[00:45:17 INF] 【直播间】23040372 的第 11 个心跳包发送成功
[00:46:21 INF] 【直播间】23357926 的第 12 个心跳包发送成功
[00:46:22 INF] 【直播间】407149 的第 12 个心跳包发送成功
[00:46:23 INF] 【直播间】23040372 的第 12 个心跳包发送成功
[00:47:27 INF] 【直播间】23357926 的第 13 个心跳包发送成功
[00:47:29 INF] 【直播间】407149 的第 13 个心跳包发送成功
[00:47:30 INF] 【直播间】23040372 的第 13 个心跳包发送成功
[00:48:34 INF] 【直播间】23357926 的第 14 个心跳包发送成功
[00:48:36 INF] 【直播间】407149 的第 14 个心跳包发送成功
[00:48:37 INF] 【直播间】23040372 的第 14 个心跳包发送成功
[00:49:41 ERR] 【心跳包】直播间 23357926 发送失败
[00:49:41 ERR] 【原因】time check failed
[00:49:42 ERR] 【心跳包】直播间 407149 发送失败
[00:49:42 ERR] 【原因】time check failed
[00:49:43 ERR] 【心跳包】直播间 23040372 发送失败
[00:49:43 ERR] 【原因】time check failed
[00:50:48 INF] 【直播间】23357926 的第 15 个心跳包发送成功
[00:50:49 INF] 【直播间】407149 的第 15 个心跳包发送成功
[00:50:50 INF] 【直播间】23040372 的第 15 个心跳包发送成功
[00:51:54 INF] 【直播间】23357926 的第 16 个心跳包发送成功
[00:51:56 INF] 【直播间】407149 的第 16 个心跳包发送成功
[00:51:57 INF] 【直播间】23040372 的第 16 个心跳包发送成功
[00:53:01 INF] 【直播间】23357926 的第 17 个心跳包发送成功
[00:53:03 INF] 【直播间】407149 的第 17 个心跳包发送成功
[00:53:04 INF] 【直播间】23040372 的第 17 个心跳包发送成功
[00:54:08 INF] 【直播间】23357926 的第 18 个心跳包发送成功
[00:54:09 INF] 【直播间】407149 的第 18 个心跳包发送成功
[00:54:11 INF] 【直播间】23040372 的第 18 个心跳包发送成功
[00:55:15 INF] 【直播间】23357926 的第 19 个心跳包发送成功
[00:55:16 INF] 【直播间】407149 的第 19 个心跳包发送成功
[00:55:18 INF] 【直播间】23040372 的第 19 个心跳包发送成功
[00:56:22 INF] 【直播间】23357926 的第 20 个心跳包发送成功
[00:56:24 INF] 【直播间】407149 的第 20 个心跳包发送成功
[00:56:25 INF] 【直播间】23040372 的第 20 个心跳包发送成功
[00:57:29 INF] 【直播间】23357926 的第 21 个心跳包发送成功
[00:57:30 INF] 【直播间】407149 的第 21 个心跳包发送成功
[00:57:31 INF] 【直播间】23040372 的第 21 个心跳包发送成功
[00:58:36 INF] 【直播间】23357926 的第 22 个心跳包发送成功
[00:58:37 INF] 【直播间】407149 的第 22 个心跳包发送成功
[00:58:39 INF] 【直播间】23040372 的第 22 个心跳包发送成功
[00:59:43 INF] 【直播间】23357926 的第 23 个心跳包发送成功
[00:59:44 INF] 【直播间】407149 的第 23 个心跳包发送成功
[00:59:45 INF] 【直播间】23040372 的第 23 个心跳包发送成功
[01:00:49 INF] 【直播间】23357926 的第 24 个心跳包发送成功
[01:00:51 INF] 【直播间】407149 的第 24 个心跳包发送成功
[01:00:52 INF] 【直播间】23040372 的第 24 个心跳包发送成功
[01:01:56 INF] 【直播间】23357926 的第 25 个心跳包发送成功
[01:01:58 INF] 【直播间】407149 的第 25 个心跳包发送成功
[01:01:59 INF] 【直播间】23040372 的第 25 个心跳包发送成功
[01:03:03 INF] 【直播间】23357926 的第 26 个心跳包发送成功
[01:03:05 INF] 【直播间】407149 的第 26 个心跳包发送成功
[01:03:06 INF] 【直播间】23040372 的第 26 个心跳包发送成功
[01:04:10 INF] 【直播间】23357926 的第 27 个心跳包发送成功
[01:04:11 INF] 【直播间】407149 的第 27 个心跳包发送成功
[01:04:13 INF] 【直播间】23040372 的第 27 个心跳包发送成功
[01:05:17 ERR] 【心跳包】直播间 23357926 发送失败
[01:05:17 ERR] 【原因】time check failed
[01:05:18 ERR] 【心跳包】直播间 407149 发送失败
[01:05:18 ERR] 【原因】time check failed
[01:05:19 ERR] 【心跳包】直播间 23040372 发送失败
[01:05:19 ERR] 【原因】time check failed
[01:06:23 INF] 【直播间】23357926 的第 28 个心跳包发送成功
[01:06:25 INF] 【直播间】407149 的第 28 个心跳包发送成功
[01:06:26 INF] 【直播间】23040372 的第 28 个心跳包发送成功
[01:07:31 INF] 【直播间】23357926 的第 29 个心跳包发送成功
[01:07:32 INF] 【直播间】407149 的第 29 个心跳包发送成功
[01:07:33 INF] 【直播间】23040372 的第 29 个心跳包发送成功
[01:08:37 INF] 【直播间】23357926 的第 30 个心跳包发送成功
[01:08:38 INF] 【直播间】407149 的第 30 个心跳包发送成功
[01:08:40 INF] 【直播间】23040372 的第 30 个心跳包发送成功
[01:09:44 INF] 【直播间】23357926 的第 31 个心跳包发送成功
[01:09:46 INF] 【直播间】407149 的第 31 个心跳包发送成功
[01:09:47 INF] 【直播间】23040372 的第 31 个心跳包发送成功
[01:10:51 INF] 【直播间】23357926 的第 32 个心跳包发送成功
[01:10:52 INF] 【直播间】407149 的第 32 个心跳包发送成功
[01:10:54 INF] 【直播间】23040372 的第 32 个心跳包发送成功
[01:11:58 INF] 【直播间】23357926 的第 33 个心跳包发送成功
[01:11:59 INF] 【直播间】407149 的第 33 个心跳包发送成功
[01:12:01 INF] 【直播间】23040372 的第 33 个心跳包发送成功
[01:13:05 INF] 【直播间】23357926 的第 34 个心跳包发送成功
[01:13:06 INF] 【直播间】407149 的第 34 个心跳包发送成功
[01:13:08 INF] 【直播间】23040372 的第 34 个心跳包发送成功
[01:14:12 INF] 【直播间】23357926 的第 35 个心跳包发送成功
[01:14:13 INF] 【直播间】407149 的第 35 个心跳包发送成功
[01:14:14 INF] 【直播间】23040372 的第 35 个心跳包发送成功
[01:15:18 INF] 【直播间】23357926 的第 36 个心跳包发送成功
[01:15:20 INF] 【直播间】407149 的第 36 个心跳包发送成功
[01:15:21 INF] 【直播间】23040372 的第 36 个心跳包发送成功
[01:16:25 INF] 【直播间】23357926 的第 37 个心跳包发送成功
[01:16:26 INF] 【直播间】407149 的第 37 个心跳包发送成功
[01:16:28 INF] 【直播间】23040372 的第 37 个心跳包发送成功
[01:17:32 INF] 【直播间】23357926 的第 38 个心跳包发送成功
[01:17:33 INF] 【直播间】407149 的第 38 个心跳包发送成功
[01:17:35 INF] 【直播间】23040372 的第 38 个心跳包发送成功
[01:18:39 INF] 【直播间】23357926 的第 39 个心跳包发送成功
[01:18:41 INF] 【直播间】407149 的第 39 个心跳包发送成功
[01:18:42 INF] 【直播间】23040372 的第 39 个心跳包发送成功
[01:19:46 INF] 【直播间】23357926 的第 40 个心跳包发送成功
[01:19:47 INF] 【直播间】407149 的第 40 个心跳包发送成功
[01:19:48 INF] 【直播间】23040372 的第 40 个心跳包发送成功
[01:20:53 ERR] 【心跳包】直播间 23357926 发送失败
[01:20:53 ERR] 【原因】time check failed
[01:20:54 ERR] 【心跳包】直播间 407149 发送失败
[01:20:54 ERR] 【原因】time check failed
[01:20:55 ERR] 【心跳包】直播间 23040372 发送失败
[01:20:55 ERR] 【原因】time check failed
[01:21:59 INF] 【直播间】23357926 的第 41 个心跳包发送成功
[01:22:01 INF] 【直播间】407149 的第 41 个心跳包发送成功
[01:22:02 INF] 【直播间】23040372 的第 41 个心跳包发送成功
[01:23:06 INF] 【直播间】23357926 的第 42 个心跳包发送成功
[01:23:07 INF] 【直播间】407149 的第 42 个心跳包发送成功
[01:23:08 INF] 【直播间】23040372 的第 42 个心跳包发送成功
[01:24:13 INF] 【直播间】23357926 的第 43 个心跳包发送成功
[01:24:14 INF] 【直播间】407149 的第 43 个心跳包发送成功
[01:24:16 INF] 【直播间】23040372 的第 43 个心跳包发送成功
[01:25:20 INF] 【直播间】23357926 的第 44 个心跳包发送成功
[01:25:21 INF] 【直播间】407149 的第 44 个心跳包发送成功
[01:25:22 INF] 【直播间】23040372 的第 44 个心跳包发送成功
[01:26:26 INF] 【直播间】23357926 的第 45 个心跳包发送成功
[01:26:28 INF] 【直播间】407149 的第 45 个心跳包发送成功
[01:26:29 INF] 【直播间】23040372 的第 45 个心跳包发送成功
[01:27:34 INF] 【直播间】23357926 的第 46 个心跳包发送成功
[01:27:35 INF] 【直播间】407149 的第 46 个心跳包发送成功
[01:27:36 INF] 【直播间】23040372 的第 46 个心跳包发送成功
[01:28:40 INF] 【直播间】23357926 的第 47 个心跳包发送成功
[01:28:41 INF] 【直播间】407149 的第 47 个心跳包发送成功
[01:28:43 INF] 【直播间】23040372 的第 47 个心跳包发送成功
[01:29:47 INF] 【直播间】23357926 的第 48 个心跳包发送成功
[01:29:49 INF] 【直播间】407149 的第 48 个心跳包发送成功
[01:29:50 INF] 【直播间】23040372 的第 48 个心跳包发送成功
[01:30:54 INF] 【直播间】23357926 的第 49 个心跳包发送成功
[01:30:56 INF] 【直播间】407149 的第 49 个心跳包发送成功
[01:30:57 INF] 【直播间】23040372 的第 49 个心跳包发送成功
[01:32:01 INF] 【直播间】23357926 的第 50 个心跳包发送成功
[01:32:02 INF] 【直播间】407149 的第 50 个心跳包发送成功
[01:32:04 INF] 【直播间】23040372 的第 50 个心跳包发送成功
[01:33:08 INF] 【直播间】23357926 的第 51 个心跳包发送成功
[01:33:10 INF] 【直播间】407149 的第 51 个心跳包发送成功
[01:33:11 INF] 【直播间】23040372 的第 51 个心跳包发送成功
[01:34:15 INF] 【直播间】23357926 的第 52 个心跳包发送成功
[01:34:16 INF] 【直播间】407149 的第 52 个心跳包发送成功
[01:34:18 INF] 【直播间】23040372 的第 52 个心跳包发送成功
[01:35:22 INF] 【直播间】23357926 的第 53 个心跳包发送成功
[01:35:24 INF] 【直播间】407149 的第 53 个心跳包发送成功
[01:35:25 INF] 【直播间】23040372 的第 53 个心跳包发送成功
[01:36:29 ERR] 【心跳包】直播间 23357926 发送失败
[01:36:29 ERR] 【原因】time check failed
[01:36:30 ERR] 【心跳包】直播间 407149 发送失败
[01:36:30 ERR] 【原因】time check failed
[01:36:31 ERR] 【心跳包】直播间 23040372 发送失败
[01:36:31 ERR] 【原因】time check failed
[01:37:36 INF] 【直播间】23357926 的第 54 个心跳包发送成功
[01:37:37 INF] 【直播间】407149 的第 54 个心跳包发送成功
[01:37:38 INF] 【直播间】23040372 的第 54 个心跳包发送成功
[01:38:42 INF] 【直播间】23357926 的第 55 个心跳包发送成功
[01:38:44 INF] 【直播间】407149 的第 55 个心跳包发送成功
[01:38:45 INF] 【直播间】23040372 的第 55 个心跳包发送成功
[01:39:49 INF] 【直播间】23357926 的第 56 个心跳包发送成功
[01:39:50 INF] 【直播间】407149 的第 56 个心跳包发送成功
[01:39:52 INF] 【直播间】23040372 的第 56 个心跳包发送成功
[01:40:57 INF] 【直播间】23357926 的第 57 个心跳包发送成功
[01:40:58 INF] 【直播间】407149 的第 57 个心跳包发送成功
[01:40:59 INF] 【直播间】23040372 的第 57 个心跳包发送成功
[01:42:03 INF] 【直播间】23357926 的第 58 个心跳包发送成功
[01:42:05 INF] 【直播间】407149 的第 58 个心跳包发送成功
[01:42:06 INF] 【直播间】23040372 的第 58 个心跳包发送成功
[01:43:10 INF] 【直播间】23357926 的第 59 个心跳包发送成功
[01:43:11 INF] 【直播间】407149 的第 59 个心跳包发送成功
[01:43:13 INF] 【直播间】23040372 的第 59 个心跳包发送成功
[01:44:17 INF] 【直播间】23357926 的第 60 个心跳包发送成功
[01:44:18 INF] 【直播间】407149 的第 60 个心跳包发送成功
[01:44:19 INF] 【直播间】23040372 的第 60 个心跳包发送成功
[01:45:23 INF] 【直播间】23357926 的第 61 个心跳包发送成功
[01:45:25 INF] 【直播间】407149 的第 61 个心跳包发送成功
[01:45:26 INF] 【直播间】23040372 的第 61 个心跳包发送成功
[01:46:31 INF] 【直播间】23357926 的第 62 个心跳包发送成功
[01:46:32 INF] 【直播间】407149 的第 62 个心跳包发送成功
[01:46:33 INF] 【直播间】23040372 的第 62 个心跳包发送成功
[01:47:37 INF] 【直播间】23357926 的第 63 个心跳包发送成功
[01:47:38 INF] 【直播间】407149 的第 63 个心跳包发送成功
[01:47:40 INF] 【直播间】23040372 的第 63 个心跳包发送成功
[01:48:45 INF] 【直播间】23357926 的第 64 个心跳包发送成功
[01:48:46 INF] 【直播间】407149 的第 64 个心跳包发送成功
[01:48:47 INF] 【直播间】23040372 的第 64 个心跳包发送成功
[01:49:51 INF] 【直播间】23357926 的第 65 个心跳包发送成功
[01:49:53 INF] 【直播间】407149 的第 65 个心跳包发送成功
[01:49:54 INF] 【直播间】23040372 的第 65 个心跳包发送成功
[01:50:58 INF] 【直播间】23357926 的第 66 个心跳包发送成功
[01:50:59 INF] 【直播间】407149 的第 66 个心跳包发送成功
[01:51:01 INF] 【直播间】23040372 的第 66 个心跳包发送成功
[01:52:05 ERR] 【心跳包】直播间 23357926 发送失败
[01:52:05 ERR] 【原因】time check failed
[01:52:07 ERR] 【心跳包】直播间 407149 发送失败
[01:52:07 ERR] 【原因】time check failed
[01:52:08 ERR] 【心跳包】直播间 23040372 发送失败
[01:52:08 ERR] 【原因】time check failed
[01:53:12 INF] 【直播间】23357926 的第 67 个心跳包发送成功
[01:53:13 INF] 【直播间】407149 的第 67 个心跳包发送成功
[01:53:15 INF] 【直播间】23040372 的第 67 个心跳包发送成功
[01:54:19 INF] 【直播间】23357926 的第 68 个心跳包发送成功
[01:54:21 INF] 【直播间】407149 的第 68 个心跳包发送成功
[01:54:22 INF] 【直播间】23040372 的第 68 个心跳包发送成功
[01:55:26 INF] 【直播间】23357926 的第 69 个心跳包发送成功
[01:55:27 INF] 【直播间】407149 的第 69 个心跳包发送成功
[01:55:29 INF] 【直播间】23040372 的第 69 个心跳包发送成功
[01:56:33 INF] 【直播间】23357926 的第 70 个心跳包发送成功
[01:56:34 INF] 【直播间】407149 的第 70 个心跳包发送成功
[01:56:35 INF] 【直播间】23040372 的第 70 个心跳包发送成功
[01:56:35 INF] 【直播观看时长】完成情况：3/3 
[01:56:35 INF] ---------结束---------

[01:56:35 INF] ==========结束==========

[01:56:35 INF] ######### 账号 2 #########

[01:56:35 INF] =====开始 直播间互动 =====

[01:56:35 INF] ---开始 发送弹幕 ---
[01:56:35 INF] 检测到直播 Cookie 未正确配置，尝试自动配置中...
[01:56:41 INF] 直播 Cookie 配置成功！
[01:56:41 INF] 【获取直播列表】获取拥有粉丝牌的直播列表
[01:56:48 INF] 【主播】Mark陌枫 
[01:57:02 INF] 【主播】苏打baka 
[01:57:15 INF] 【主播】特别中二的q3君 
[01:57:29 INF] 【主播】陈抱一 
[01:57:46 INF] 【主播】KL_qiqi_ 
[01:57:59 INF] 【主播】贪玩的小毅 
[01:58:14 INF] 【直播间】Mark陌枫
[01:58:14 INF] 【粉丝牌】馬楓
[01:58:14 INF] 正在发送弹幕...
[01:58:18 INF] 【直播间】苏打baka
[01:58:18 INF] 【粉丝牌】碳酸钠
[01:58:18 INF] 正在发送弹幕...
[01:58:24 INF] 【直播间】特别中二的q3君
[01:58:24 INF] 【粉丝牌】q3GG
[01:58:24 INF] 正在发送弹幕...
[01:58:27 INF] 【直播间】陈抱一
[01:58:27 INF] 【粉丝牌】陈抱一
[01:58:27 INF] 正在发送弹幕...
[01:58:28 INF] 【弹幕发送】成功~，你和主播 Mark陌枫 的亲密值增加了100！
[01:58:33 INF] 【直播间】KL_qiqi_
[01:58:33 INF] 【粉丝牌】qiqisb
[01:58:33 INF] 正在发送弹幕...
[01:58:36 INF] 【弹幕发送】成功~，你和主播 特别中二的q3君 的亲密值增加了100！
[01:58:37 ERR] 【弹幕发送】失败
[01:58:37 ERR] 【原因】您发送弹幕的频率过快
[01:58:40 INF] 【直播间】贪玩的小毅
[01:58:40 INF] 【粉丝牌】大大毅
[01:58:40 INF] 正在发送弹幕...
[01:58:45 INF] -------结束-------

[01:58:45 INF] ---开始 点赞直播间 ---
[01:58:45 INF] 【获取直播列表】获取拥有粉丝牌的直播列表
[01:58:45 INF] 【弹幕发送】成功~，你和主播 陈抱一 的亲密值增加了100！
[01:58:49 INF] 【主播】Mark陌枫 
[01:58:55 INF] 【弹幕发送】成功~，你和主播 KL_qiqi_ 的亲密值增加了100！
[01:58:58 INF] 【弹幕发送】成功~，你和主播 贪玩的小毅 的亲密值增加了100！
[01:59:03 INF] 【主播】苏打baka 
[01:59:22 INF] 【主播】特别中二的q3君 
[01:59:42 INF] 【主播】陈抱一 
[02:00:00 INF] 【主播】KL_qiqi_ 
[02:00:21 INF] 【主播】贪玩的小毅 
[02:00:46 INF] 【点赞直播间】23357926 完成
[02:00:51 INF] 【点赞直播间】23040372 完成
[02:00:57 INF] 【点赞直播间】31494 完成
[02:01:05 INF] 【点赞直播间】4015781 完成
[02:01:08 INF] 【点赞直播间】407149 完成
[02:01:11 INF] --------结束--------

[02:01:11 INF] ---开始 直播时长挂机 ---
[02:01:11 INF] 【获取直播列表】获取拥有粉丝牌的直播列表
[02:01:12 INF] 【点赞直播间】9619073 完成
[02:01:19 INF] 【主播】Mark陌枫 
[02:01:38 INF] 【主播】苏打baka 
[02:01:49 INF] 【主播】特别中二的q3君 
[02:02:04 INF] 【主播】陈抱一 
[02:02:19 INF] 【主播】KL_qiqi_ 
[02:02:38 INF] 【主播】贪玩的小毅 
[02:02:55 INF] 【直播间】23357926 的第 1 个心跳包发送成功
[02:02:57 INF] 【直播间】23040372 的第 1 个心跳包发送成功
[02:02:58 INF] 【直播间】31494 的第 1 个心跳包发送成功
[02:02:59 INF] 【直播间】4015781 的第 1 个心跳包发送成功
[02:03:00 INF] 【直播间】407149 的第 1 个心跳包发送成功
[02:03:02 INF] 【直播间】9619073 的第 1 个心跳包发送成功
[02:04:02 INF] 【直播间】23357926 的第 2 个心跳包发送成功
[02:04:03 INF] 【直播间】23040372 的第 2 个心跳包发送成功
[02:04:04 INF] 【直播间】31494 的第 2 个心跳包发送成功
[02:04:06 INF] 【直播间】4015781 的第 2 个心跳包发送成功
[02:04:07 INF] 【直播间】407149 的第 2 个心跳包发送成功
[02:04:08 INF] 【直播间】9619073 的第 2 个心跳包发送成功
[02:05:09 INF] 【直播间】23357926 的第 3 个心跳包发送成功
[02:05:10 INF] 【直播间】23040372 的第 3 个心跳包发送成功
[02:05:11 INF] 【直播间】31494 的第 3 个心跳包发送成功
[02:05:13 INF] 【直播间】4015781 的第 3 个心跳包发送成功
[02:05:14 INF] 【直播间】407149 的第 3 个心跳包发送成功
[02:05:15 INF] 【直播间】9619073 的第 3 个心跳包发送成功
[02:06:16 INF] 【直播间】23357926 的第 4 个心跳包发送成功
[02:06:17 INF] 【直播间】23040372 的第 4 个心跳包发送成功
[02:06:18 INF] 【直播间】31494 的第 4 个心跳包发送成功
[02:06:19 INF] 【直播间】4015781 的第 4 个心跳包发送成功
[02:06:21 INF] 【直播间】407149 的第 4 个心跳包发送成功
[02:06:22 INF] 【直播间】9619073 的第 4 个心跳包发送成功
[02:07:22 INF] 【直播间】23357926 的第 5 个心跳包发送成功
[02:07:24 INF] 【直播间】23040372 的第 5 个心跳包发送成功
[02:07:25 INF] 【直播间】31494 的第 5 个心跳包发送成功
[02:07:26 INF] 【直播间】4015781 的第 5 个心跳包发送成功
[02:07:28 INF] 【直播间】407149 的第 5 个心跳包发送成功
[02:07:29 INF] 【直播间】9619073 的第 5 个心跳包发送成功
[02:08:29 INF] 【直播间】23357926 的第 6 个心跳包发送成功
[02:08:31 INF] 【直播间】23040372 的第 6 个心跳包发送成功
[02:08:32 INF] 【直播间】31494 的第 6 个心跳包发送成功
[02:08:33 INF] 【直播间】4015781 的第 6 个心跳包发送成功
[02:08:34 INF] 【直播间】407149 的第 6 个心跳包发送成功
[02:08:36 INF] 【直播间】9619073 的第 6 个心跳包发送成功
[02:09:36 INF] 【直播间】23357926 的第 7 个心跳包发送成功
[02:09:37 INF] 【直播间】23040372 的第 7 个心跳包发送成功
[02:09:39 INF] 【直播间】31494 的第 7 个心跳包发送成功
[02:09:40 INF] 【直播间】4015781 的第 7 个心跳包发送成功
[02:09:41 INF] 【直播间】407149 的第 7 个心跳包发送成功
[02:09:42 INF] 【直播间】9619073 的第 7 个心跳包发送成功
[02:10:43 INF] 【直播间】23357926 的第 8 个心跳包发送成功
[02:10:44 INF] 【直播间】23040372 的第 8 个心跳包发送成功
[02:10:46 INF] 【直播间】31494 的第 8 个心跳包发送成功
[02:10:47 INF] 【直播间】4015781 的第 8 个心跳包发送成功
[02:10:48 INF] 【直播间】407149 的第 8 个心跳包发送成功
[02:10:49 INF] 【直播间】9619073 的第 8 个心跳包发送成功
[02:11:50 INF] 【直播间】23357926 的第 9 个心跳包发送成功
[02:11:51 INF] 【直播间】23040372 的第 9 个心跳包发送成功
[02:11:52 INF] 【直播间】31494 的第 9 个心跳包发送成功
[02:11:54 INF] 【直播间】4015781 的第 9 个心跳包发送成功
[02:11:55 INF] 【直播间】407149 的第 9 个心跳包发送成功
[02:11:56 INF] 【直播间】9619073 的第 9 个心跳包发送成功
[02:12:57 INF] 【直播间】23357926 的第 10 个心跳包发送成功
[02:12:58 INF] 【直播间】23040372 的第 10 个心跳包发送成功
[02:12:59 INF] 【直播间】31494 的第 10 个心跳包发送成功
[02:13:00 INF] 【直播间】4015781 的第 10 个心跳包发送成功
[02:13:02 INF] 【直播间】407149 的第 10 个心跳包发送成功
[02:13:03 INF] 【直播间】9619073 的第 10 个心跳包发送成功
[02:14:04 INF] 【直播间】23357926 的第 11 个心跳包发送成功
[02:14:05 INF] 【直播间】23040372 的第 11 个心跳包发送成功
[02:14:07 INF] 【直播间】31494 的第 11 个心跳包发送成功
[02:14:08 INF] 【直播间】4015781 的第 11 个心跳包发送成功
[02:14:09 INF] 【直播间】407149 的第 11 个心跳包发送成功
[02:14:11 INF] 【直播间】9619073 的第 11 个心跳包发送成功
[02:15:11 INF] 【直播间】23357926 的第 12 个心跳包发送成功
[02:15:12 INF] 【直播间】23040372 的第 12 个心跳包发送成功
[02:15:13 INF] 【直播间】31494 的第 12 个心跳包发送成功
[02:15:14 INF] 【直播间】4015781 的第 12 个心跳包发送成功
[02:15:16 INF] 【直播间】407149 的第 12 个心跳包发送成功
[02:15:17 INF] 【直播间】9619073 的第 12 个心跳包发送成功
[02:16:18 INF] 【直播间】23357926 的第 13 个心跳包发送成功
[02:16:19 INF] 【直播间】23040372 的第 13 个心跳包发送成功
[02:16:20 INF] 【直播间】31494 的第 13 个心跳包发送成功
[02:16:21 INF] 【直播间】4015781 的第 13 个心跳包发送成功
[02:16:23 INF] 【直播间】407149 的第 13 个心跳包发送成功
[02:16:24 INF] 【直播间】9619073 的第 13 个心跳包发送成功
[02:17:25 INF] 【直播间】23357926 的第 14 个心跳包发送成功
[02:17:26 INF] 【直播间】23040372 的第 14 个心跳包发送成功
[02:17:27 INF] 【直播间】31494 的第 14 个心跳包发送成功
[02:17:28 INF] 【直播间】4015781 的第 14 个心跳包发送成功
[02:17:30 INF] 【直播间】407149 的第 14 个心跳包发送成功
[02:17:31 INF] 【直播间】9619073 的第 14 个心跳包发送成功
[02:18:31 ERR] 【心跳包】直播间 23357926 发送失败
[02:18:31 ERR] 【原因】time check failed
[02:18:33 ERR] 【心跳包】直播间 23040372 发送失败
[02:18:33 ERR] 【原因】time check failed
[02:18:34 ERR] 【心跳包】直播间 31494 发送失败
[02:18:34 ERR] 【原因】time check failed
[02:18:35 ERR] 【心跳包】直播间 4015781 发送失败
[02:18:35 ERR] 【原因】time check failed
[02:18:37 ERR] 【心跳包】直播间 407149 发送失败
[02:18:37 ERR] 【原因】time check failed
[02:18:38 ERR] 【心跳包】直播间 9619073 发送失败
[02:18:38 ERR] 【原因】time check failed
[02:19:38 INF] 【直播间】23357926 的第 15 个心跳包发送成功
[02:19:40 INF] 【直播间】23040372 的第 15 个心跳包发送成功
[02:19:41 INF] 【直播间】31494 的第 15 个心跳包发送成功
[02:19:42 INF] 【直播间】4015781 的第 15 个心跳包发送成功
[02:19:44 INF] 【直播间】407149 的第 15 个心跳包发送成功
[02:19:45 INF] 【直播间】9619073 的第 15 个心跳包发送成功
[02:20:45 INF] 【直播间】23357926 的第 16 个心跳包发送成功
[02:20:46 INF] 【直播间】23040372 的第 16 个心跳包发送成功
[02:20:48 INF] 【直播间】31494 的第 16 个心跳包发送成功
[02:20:49 INF] 【直播间】4015781 的第 16 个心跳包发送成功
[02:20:50 INF] 【直播间】407149 的第 16 个心跳包发送成功
[02:20:51 INF] 【直播间】9619073 的第 16 个心跳包发送成功
[02:21:52 INF] 【直播间】23357926 的第 17 个心跳包发送成功
[02:21:53 INF] 【直播间】23040372 的第 17 个心跳包发送成功
[02:21:55 INF] 【直播间】31494 的第 17 个心跳包发送成功
[02:21:56 INF] 【直播间】4015781 的第 17 个心跳包发送成功
[02:21:57 INF] 【直播间】407149 的第 17 个心跳包发送成功
[02:21:58 INF] 【直播间】9619073 的第 17 个心跳包发送成功
[02:22:59 INF] 【直播间】23357926 的第 18 个心跳包发送成功
[02:23:00 INF] 【直播间】23040372 的第 18 个心跳包发送成功
[02:23:01 INF] 【直播间】31494 的第 18 个心跳包发送成功
[02:23:03 INF] 【直播间】4015781 的第 18 个心跳包发送成功
[02:23:04 INF] 【直播间】407149 的第 18 个心跳包发送成功
[02:23:05 INF] 【直播间】9619073 的第 18 个心跳包发送成功
[02:24:06 INF] 【直播间】23357926 的第 19 个心跳包发送成功
[02:24:07 INF] 【直播间】23040372 的第 19 个心跳包发送成功
[02:24:08 INF] 【直播间】31494 的第 19 个心跳包发送成功
[02:24:09 INF] 【直播间】4015781 的第 19 个心跳包发送成功
[02:24:11 INF] 【直播间】407149 的第 19 个心跳包发送成功
[02:24:12 INF] 【直播间】9619073 的第 19 个心跳包发送成功
[02:25:13 INF] 【直播间】23357926 的第 20 个心跳包发送成功
[02:25:14 INF] 【直播间】23040372 的第 20 个心跳包发送成功
[02:25:16 INF] 【直播间】31494 的第 20 个心跳包发送成功
[02:25:17 INF] 【直播间】4015781 的第 20 个心跳包发送成功
[02:25:18 INF] 【直播间】407149 的第 20 个心跳包发送成功
[02:25:20 INF] 【直播间】9619073 的第 20 个心跳包发送成功
[02:26:19 INF] 【直播间】23357926 的第 21 个心跳包发送成功
[02:26:21 INF] 【直播间】23040372 的第 21 个心跳包发送成功
[02:26:22 INF] 【直播间】31494 的第 21 个心跳包发送成功
[02:26:23 INF] 【直播间】4015781 的第 21 个心跳包发送成功
[02:26:25 INF] 【直播间】407149 的第 21 个心跳包发送成功
[02:26:26 INF] 【直播间】9619073 的第 21 个心跳包发送成功
[02:27:26 INF] 【直播间】23357926 的第 22 个心跳包发送成功
[02:27:28 INF] 【直播间】23040372 的第 22 个心跳包发送成功
[02:27:29 INF] 【直播间】31494 的第 22 个心跳包发送成功
[02:27:30 INF] 【直播间】4015781 的第 22 个心跳包发送成功
[02:27:31 INF] 【直播间】407149 的第 22 个心跳包发送成功
[02:27:33 INF] 【直播间】9619073 的第 22 个心跳包发送成功
[02:28:33 INF] 【直播间】23357926 的第 23 个心跳包发送成功
[02:28:35 INF] 【直播间】23040372 的第 23 个心跳包发送成功
[02:28:36 INF] 【直播间】31494 的第 23 个心跳包发送成功
[02:28:37 INF] 【直播间】4015781 的第 23 个心跳包发送成功
[02:28:39 INF] 【直播间】407149 的第 23 个心跳包发送成功
[02:28:40 INF] 【直播间】9619073 的第 23 个心跳包发送成功
[02:29:40 INF] 【直播间】23357926 的第 24 个心跳包发送成功
[02:29:41 INF] 【直播间】23040372 的第 24 个心跳包发送成功
[02:29:43 INF] 【直播间】31494 的第 24 个心跳包发送成功
[02:29:44 INF] 【直播间】4015781 的第 24 个心跳包发送成功
[02:29:45 INF] 【直播间】407149 的第 24 个心跳包发送成功
[02:29:47 INF] 【直播间】9619073 的第 24 个心跳包发送成功
[02:30:48 INF] 【直播间】23357926 的第 25 个心跳包发送成功
[02:30:49 INF] 【直播间】23040372 的第 25 个心跳包发送成功
[02:30:50 INF] 【直播间】31494 的第 25 个心跳包发送成功
[02:30:52 INF] 【直播间】4015781 的第 25 个心跳包发送成功
[02:30:53 INF] 【直播间】407149 的第 25 个心跳包发送成功
[02:30:54 INF] 【直播间】9619073 的第 25 个心跳包发送成功
[02:31:54 INF] 【直播间】23357926 的第 26 个心跳包发送成功
[02:31:55 INF] 【直播间】23040372 的第 26 个心跳包发送成功
[02:31:57 INF] 【直播间】31494 的第 26 个心跳包发送成功
[02:31:58 INF] 【直播间】4015781 的第 26 个心跳包发送成功
[02:31:59 INF] 【直播间】407149 的第 26 个心跳包发送成功
[02:32:00 INF] 【直播间】9619073 的第 26 个心跳包发送成功
[02:33:01 INF] 【直播间】23357926 的第 27 个心跳包发送成功
[02:33:02 INF] 【直播间】23040372 的第 27 个心跳包发送成功
[02:33:04 INF] 【直播间】31494 的第 27 个心跳包发送成功
[02:33:05 INF] 【直播间】4015781 的第 27 个心跳包发送成功
[02:33:06 INF] 【直播间】407149 的第 27 个心跳包发送成功
[02:33:08 INF] 【直播间】9619073 的第 27 个心跳包发送成功
[02:34:08 ERR] 【心跳包】直播间 23357926 发送失败
[02:34:08 ERR] 【原因】time check failed
[02:34:09 ERR] 【心跳包】直播间 23040372 发送失败
[02:34:09 ERR] 【原因】time check failed
[02:34:10 ERR] 【心跳包】直播间 31494 发送失败
[02:34:10 ERR] 【原因】time check failed
[02:34:12 ERR] 【心跳包】直播间 4015781 发送失败
[02:34:12 ERR] 【原因】time check failed
[02:34:13 ERR] 【心跳包】直播间 407149 发送失败
[02:34:13 ERR] 【原因】time check failed
[02:34:14 ERR] 【心跳包】直播间 9619073 发送失败
[02:34:14 ERR] 【原因】time check failed
[02:35:15 INF] 【直播间】23357926 的第 28 个心跳包发送成功
[02:35:16 INF] 【直播间】23040372 的第 28 个心跳包发送成功
[02:35:17 INF] 【直播间】31494 的第 28 个心跳包发送成功
[02:35:18 INF] 【直播间】4015781 的第 28 个心跳包发送成功
[02:35:20 INF] 【直播间】407149 的第 28 个心跳包发送成功
[02:35:21 INF] 【直播间】9619073 的第 28 个心跳包发送成功
[02:36:22 INF] 【直播间】23357926 的第 29 个心跳包发送成功
[02:36:24 INF] 【直播间】23040372 的第 29 个心跳包发送成功
[02:36:25 INF] 【直播间】31494 的第 29 个心跳包发送成功
[02:36:26 INF] 【直播间】4015781 的第 29 个心跳包发送成功
[02:36:27 INF] 【直播间】407149 的第 29 个心跳包发送成功
[02:36:29 INF] 【直播间】9619073 的第 29 个心跳包发送成功
[02:37:29 INF] 【直播间】23357926 的第 30 个心跳包发送成功
[02:37:30 INF] 【直播间】23040372 的第 30 个心跳包发送成功
[02:37:32 INF] 【直播间】31494 的第 30 个心跳包发送成功
[02:37:33 INF] 【直播间】4015781 的第 30 个心跳包发送成功
[02:37:34 INF] 【直播间】407149 的第 30 个心跳包发送成功
[02:37:35 INF] 【直播间】9619073 的第 30 个心跳包发送成功
[02:38:36 INF] 【直播间】23357926 的第 31 个心跳包发送成功
[02:38:37 INF] 【直播间】23040372 的第 31 个心跳包发送成功
[02:38:38 INF] 【直播间】31494 的第 31 个心跳包发送成功
[02:38:39 INF] 【直播间】4015781 的第 31 个心跳包发送成功
[02:38:41 INF] 【直播间】407149 的第 31 个心跳包发送成功
[02:38:42 INF] 【直播间】9619073 的第 31 个心跳包发送成功
[02:39:42 INF] 【直播间】23357926 的第 32 个心跳包发送成功
[02:39:44 INF] 【直播间】23040372 的第 32 个心跳包发送成功
[02:39:45 INF] 【直播间】31494 的第 32 个心跳包发送成功
[02:39:46 INF] 【直播间】4015781 的第 32 个心跳包发送成功
[02:39:48 INF] 【直播间】407149 的第 32 个心跳包发送成功
[02:39:49 INF] 【直播间】9619073 的第 32 个心跳包发送成功
[02:40:49 INF] 【直播间】23357926 的第 33 个心跳包发送成功
[02:40:50 INF] 【直播间】23040372 的第 33 个心跳包发送成功
[02:40:52 INF] 【直播间】31494 的第 33 个心跳包发送成功
[02:40:53 INF] 【直播间】4015781 的第 33 个心跳包发送成功
[02:40:54 INF] 【直播间】407149 的第 33 个心跳包发送成功
[02:40:55 INF] 【直播间】9619073 的第 33 个心跳包发送成功
[02:41:56 INF] 【直播间】23357926 的第 34 个心跳包发送成功
[02:41:58 INF] 【直播间】23040372 的第 34 个心跳包发送成功
[02:41:59 INF] 【直播间】31494 的第 34 个心跳包发送成功
[02:42:00 INF] 【直播间】4015781 的第 34 个心跳包发送成功
[02:42:02 INF] 【直播间】407149 的第 34 个心跳包发送成功
[02:42:03 INF] 【直播间】9619073 的第 34 个心跳包发送成功
[02:43:03 INF] 【直播间】23357926 的第 35 个心跳包发送成功
[02:43:04 INF] 【直播间】23040372 的第 35 个心跳包发送成功
[02:43:05 INF] 【直播间】31494 的第 35 个心跳包发送成功
[02:43:07 INF] 【直播间】4015781 的第 35 个心跳包发送成功
[02:43:08 INF] 【直播间】407149 的第 35 个心跳包发送成功
[02:43:09 INF] 【直播间】9619073 的第 35 个心跳包发送成功
[02:44:10 INF] 【直播间】23357926 的第 36 个心跳包发送成功
[02:44:11 INF] 【直播间】23040372 的第 36 个心跳包发送成功
[02:44:12 INF] 【直播间】31494 的第 36 个心跳包发送成功
[02:44:14 INF] 【直播间】4015781 的第 36 个心跳包发送成功
[02:44:15 INF] 【直播间】407149 的第 36 个心跳包发送成功
[02:44:16 INF] 【直播间】9619073 的第 36 个心跳包发送成功
[02:45:17 INF] 【直播间】23357926 的第 37 个心跳包发送成功
[02:45:18 INF] 【直播间】23040372 的第 37 个心跳包发送成功
[02:45:19 INF] 【直播间】31494 的第 37 个心跳包发送成功
[02:45:21 INF] 【直播间】4015781 的第 37 个心跳包发送成功
[02:45:22 INF] 【直播间】407149 的第 37 个心跳包发送成功
[02:45:23 INF] 【直播间】9619073 的第 37 个心跳包发送成功
[02:46:23 INF] 【直播间】23357926 的第 38 个心跳包发送成功
[02:46:24 INF] 【直播间】23040372 的第 38 个心跳包发送成功
[02:46:26 INF] 【直播间】31494 的第 38 个心跳包发送成功
[02:46:27 INF] 【直播间】4015781 的第 38 个心跳包发送成功
[02:46:28 INF] 【直播间】407149 的第 38 个心跳包发送成功
[02:46:30 INF] 【直播间】9619073 的第 38 个心跳包发送成功
[02:47:31 INF] 【直播间】23357926 的第 39 个心跳包发送成功
[02:47:32 INF] 【直播间】23040372 的第 39 个心跳包发送成功
[02:47:33 INF] 【直播间】31494 的第 39 个心跳包发送成功
[02:47:34 INF] 【直播间】4015781 的第 39 个心跳包发送成功
[02:47:36 INF] 【直播间】407149 的第 39 个心跳包发送成功
[02:47:37 INF] 【直播间】9619073 的第 39 个心跳包发送成功
[02:48:37 INF] 【直播间】23357926 的第 40 个心跳包发送成功
[02:48:38 INF] 【直播间】23040372 的第 40 个心跳包发送成功
[02:48:40 INF] 【直播间】31494 的第 40 个心跳包发送成功
[02:48:41 INF] 【直播间】4015781 的第 40 个心跳包发送成功
[02:48:42 INF] 【直播间】407149 的第 40 个心跳包发送成功
[02:48:43 INF] 【直播间】9619073 的第 40 个心跳包发送成功
[02:49:44 ERR] 【心跳包】直播间 23357926 发送失败
[02:49:44 ERR] 【原因】time check failed
[02:49:46 ERR] 【心跳包】直播间 23040372 发送失败
[02:49:46 ERR] 【原因】time check failed
[02:49:47 ERR] 【心跳包】直播间 31494 发送失败
[02:49:47 ERR] 【原因】time check failed
[02:49:48 ERR] 【心跳包】直播间 4015781 发送失败
[02:49:48 ERR] 【原因】time check failed
[02:49:49 ERR] 【心跳包】直播间 407149 发送失败
[02:49:49 ERR] 【原因】time check failed
[02:49:51 ERR] 【心跳包】直播间 9619073 发送失败
[02:49:51 ERR] 【原因】time check failed
[02:50:51 INF] 【直播间】23357926 的第 41 个心跳包发送成功
[02:50:53 INF] 【直播间】23040372 的第 41 个心跳包发送成功
[02:50:54 INF] 【直播间】31494 的第 41 个心跳包发送成功
[02:50:55 INF] 【直播间】4015781 的第 41 个心跳包发送成功
[02:50:57 INF] 【直播间】407149 的第 41 个心跳包发送成功
[02:50:58 INF] 【直播间】9619073 的第 41 个心跳包发送成功
[02:51:58 INF] 【直播间】23357926 的第 42 个心跳包发送成功
[02:51:59 INF] 【直播间】23040372 的第 42 个心跳包发送成功
[02:52:01 INF] 【直播间】31494 的第 42 个心跳包发送成功
[02:52:02 INF] 【直播间】4015781 的第 42 个心跳包发送成功
[02:52:03 INF] 【直播间】407149 的第 42 个心跳包发送成功
[02:52:05 INF] 【直播间】9619073 的第 42 个心跳包发送成功
[02:53:05 INF] 【直播间】23357926 的第 43 个心跳包发送成功
[02:53:07 INF] 【直播间】23040372 的第 43 个心跳包发送成功
[02:53:08 INF] 【直播间】31494 的第 43 个心跳包发送成功
[02:53:09 INF] 【直播间】4015781 的第 43 个心跳包发送成功
[02:53:10 INF] 【直播间】407149 的第 43 个心跳包发送成功
[02:53:12 INF] 【直播间】9619073 的第 43 个心跳包发送成功
[02:54:12 INF] 【直播间】23357926 的第 44 个心跳包发送成功
[02:54:13 INF] 【直播间】23040372 的第 44 个心跳包发送成功
[02:54:15 INF] 【直播间】31494 的第 44 个心跳包发送成功
[02:54:16 INF] 【直播间】4015781 的第 44 个心跳包发送成功
[02:54:17 INF] 【直播间】407149 的第 44 个心跳包发送成功
[02:54:18 INF] 【直播间】9619073 的第 44 个心跳包发送成功
[02:55:19 INF] 【直播间】23357926 的第 45 个心跳包发送成功
[02:55:20 INF] 【直播间】23040372 的第 45 个心跳包发送成功
[02:55:22 INF] 【直播间】31494 的第 45 个心跳包发送成功
[02:55:23 INF] 【直播间】4015781 的第 45 个心跳包发送成功
[02:55:24 INF] 【直播间】407149 的第 45 个心跳包发送成功
[02:55:25 INF] 【直播间】9619073 的第 45 个心跳包发送成功
[02:56:26 INF] 【直播间】23357926 的第 46 个心跳包发送成功
[02:56:27 INF] 【直播间】23040372 的第 46 个心跳包发送成功
[02:56:28 INF] 【直播间】31494 的第 46 个心跳包发送成功
[02:56:30 INF] 【直播间】4015781 的第 46 个心跳包发送成功
[02:56:31 INF] 【直播间】407149 的第 46 个心跳包发送成功
[02:56:32 INF] 【直播间】9619073 的第 46 个心跳包发送成功
[02:57:33 INF] 【直播间】23357926 的第 47 个心跳包发送成功
[02:57:34 INF] 【直播间】23040372 的第 47 个心跳包发送成功
[02:57:36 INF] 【直播间】31494 的第 47 个心跳包发送成功
[02:57:37 INF] 【直播间】4015781 的第 47 个心跳包发送成功
[02:57:38 INF] 【直播间】407149 的第 47 个心跳包发送成功
[02:57:39 INF] 【直播间】9619073 的第 47 个心跳包发送成功
[02:58:41 INF] 【直播间】23357926 的第 48 个心跳包发送成功
[02:58:42 INF] 【直播间】23040372 的第 48 个心跳包发送成功
[02:58:43 INF] 【直播间】31494 的第 48 个心跳包发送成功
[02:58:44 INF] 【直播间】4015781 的第 48 个心跳包发送成功
[02:58:46 INF] 【直播间】407149 的第 48 个心跳包发送成功
[02:58:47 INF] 【直播间】9619073 的第 48 个心跳包发送成功
[02:59:47 INF] 【直播间】23357926 的第 49 个心跳包发送成功
[02:59:48 INF] 【直播间】23040372 的第 49 个心跳包发送成功
[02:59:50 INF] 【直播间】31494 的第 49 个心跳包发送成功
[02:59:51 INF] 【直播间】4015781 的第 49 个心跳包发送成功
[02:59:52 INF] 【直播间】407149 的第 49 个心跳包发送成功
[02:59:54 INF] 【直播间】9619073 的第 49 个心跳包发送成功
[03:00:54 INF] 【直播间】23357926 的第 50 个心跳包发送成功
[03:00:55 INF] 【直播间】23040372 的第 50 个心跳包发送成功
[03:00:57 INF] 【直播间】31494 的第 50 个心跳包发送成功
[03:00:58 INF] 【直播间】4015781 的第 50 个心跳包发送成功
[03:00:59 INF] 【直播间】407149 的第 50 个心跳包发送成功
[03:01:00 INF] 【直播间】9619073 的第 50 个心跳包发送成功
[03:02:01 INF] 【直播间】23357926 的第 51 个心跳包发送成功
[03:02:02 INF] 【直播间】23040372 的第 51 个心跳包发送成功
[03:02:04 INF] 【直播间】31494 的第 51 个心跳包发送成功
[03:02:05 INF] 【直播间】4015781 的第 51 个心跳包发送成功
[03:02:06 INF] 【直播间】407149 的第 51 个心跳包发送成功
[03:02:07 INF] 【直播间】9619073 的第 51 个心跳包发送成功
[03:03:08 INF] 【直播间】23357926 的第 52 个心跳包发送成功
[03:03:09 INF] 【直播间】23040372 的第 52 个心跳包发送成功
[03:03:10 INF] 【直播间】31494 的第 52 个心跳包发送成功
[03:03:12 INF] 【直播间】4015781 的第 52 个心跳包发送成功
[03:03:13 INF] 【直播间】407149 的第 52 个心跳包发送成功
[03:03:14 INF] 【直播间】9619073 的第 52 个心跳包发送成功
[03:04:15 ERR] 【心跳包】直播间 23357926 发送失败
[03:04:15 ERR] 【原因】time check failed
[03:04:16 ERR] 【心跳包】直播间 23040372 发送失败
[03:04:16 ERR] 【原因】time check failed
[03:04:18 ERR] 【心跳包】直播间 31494 发送失败
[03:04:18 ERR] 【原因】time check failed
[03:04:19 ERR] 【心跳包】直播间 4015781 发送失败
[03:04:19 ERR] 【原因】time check failed
[03:04:20 ERR] 【心跳包】直播间 407149 发送失败
[03:04:20 ERR] 【原因】time check failed
[03:04:21 ERR] 【心跳包】直播间 9619073 发送失败
[03:04:21 ERR] 【原因】time check failed
[03:05:22 INF] 【直播间】23357926 的第 53 个心跳包发送成功
[03:05:23 INF] 【直播间】23040372 的第 53 个心跳包发送成功
[03:05:24 INF] 【直播间】31494 的第 53 个心跳包发送成功
[03:05:25 INF] 【直播间】4015781 的第 53 个心跳包发送成功
[03:05:27 INF] 【直播间】407149 的第 53 个心跳包发送成功
[03:05:28 INF] 【直播间】9619073 的第 53 个心跳包发送成功
[03:06:29 INF] 【直播间】23357926 的第 54 个心跳包发送成功
[03:06:30 INF] 【直播间】23040372 的第 54 个心跳包发送成功
[03:06:31 INF] 【直播间】31494 的第 54 个心跳包发送成功
[03:06:32 INF] 【直播间】4015781 的第 54 个心跳包发送成功
[03:06:34 INF] 【直播间】407149 的第 54 个心跳包发送成功
[03:06:35 INF] 【直播间】9619073 的第 54 个心跳包发送成功
[03:07:35 INF] 【直播间】23357926 的第 55 个心跳包发送成功
[03:07:37 INF] 【直播间】23040372 的第 55 个心跳包发送成功
[03:07:38 INF] 【直播间】31494 的第 55 个心跳包发送成功
[03:07:39 INF] 【直播间】4015781 的第 55 个心跳包发送成功
[03:07:40 INF] 【直播间】407149 的第 55 个心跳包发送成功
[03:07:42 INF] 【直播间】9619073 的第 55 个心跳包发送成功
[03:08:42 INF] 【直播间】23357926 的第 56 个心跳包发送成功
[03:08:43 INF] 【直播间】23040372 的第 56 个心跳包发送成功
[03:08:44 INF] 【直播间】31494 的第 56 个心跳包发送成功
[03:08:46 INF] 【直播间】4015781 的第 56 个心跳包发送成功
[03:08:47 INF] 【直播间】407149 的第 56 个心跳包发送成功
[03:08:49 INF] 【直播间】9619073 的第 56 个心跳包发送成功
[03:09:49 INF] 【直播间】23357926 的第 57 个心跳包发送成功
[03:09:51 INF] 【直播间】23040372 的第 57 个心跳包发送成功
[03:09:52 INF] 【直播间】31494 的第 57 个心跳包发送成功
[03:09:53 INF] 【直播间】4015781 的第 57 个心跳包发送成功
[03:09:54 INF] 【直播间】407149 的第 57 个心跳包发送成功
[03:09:56 INF] 【直播间】9619073 的第 57 个心跳包发送成功
[03:10:56 INF] 【直播间】23357926 的第 58 个心跳包发送成功
[03:10:57 INF] 【直播间】23040372 的第 58 个心跳包发送成功
[03:10:58 INF] 【直播间】31494 的第 58 个心跳包发送成功
[03:10:59 INF] 【直播间】4015781 的第 58 个心跳包发送成功
[03:11:01 INF] 【直播间】407149 的第 58 个心跳包发送成功
[03:11:02 INF] 【直播间】9619073 的第 58 个心跳包发送成功
[03:12:03 INF] 【直播间】23357926 的第 59 个心跳包发送成功
[03:12:04 INF] 【直播间】23040372 的第 59 个心跳包发送成功
[03:12:05 INF] 【直播间】31494 的第 59 个心跳包发送成功
[03:12:06 INF] 【直播间】4015781 的第 59 个心跳包发送成功
[03:12:08 INF] 【直播间】407149 的第 59 个心跳包发送成功
[03:12:09 INF] 【直播间】9619073 的第 59 个心跳包发送成功
[03:13:10 INF] 【直播间】23357926 的第 60 个心跳包发送成功
[03:13:11 INF] 【直播间】23040372 的第 60 个心跳包发送成功
[03:13:12 INF] 【直播间】31494 的第 60 个心跳包发送成功
[03:13:13 INF] 【直播间】4015781 的第 60 个心跳包发送成功
[03:13:15 INF] 【直播间】407149 的第 60 个心跳包发送成功
[03:13:16 INF] 【直播间】9619073 的第 60 个心跳包发送成功
[03:14:17 INF] 【直播间】23357926 的第 61 个心跳包发送成功
[03:14:18 INF] 【直播间】23040372 的第 61 个心跳包发送成功
[03:14:19 INF] 【直播间】31494 的第 61 个心跳包发送成功
[03:14:21 INF] 【直播间】4015781 的第 61 个心跳包发送成功
[03:14:22 INF] 【直播间】407149 的第 61 个心跳包发送成功
[03:14:23 INF] 【直播间】9619073 的第 61 个心跳包发送成功
[03:15:24 INF] 【直播间】23357926 的第 62 个心跳包发送成功
[03:15:25 INF] 【直播间】23040372 的第 62 个心跳包发送成功
[03:15:26 INF] 【直播间】31494 的第 62 个心跳包发送成功
[03:15:28 INF] 【直播间】4015781 的第 62 个心跳包发送成功
[03:15:29 INF] 【直播间】407149 的第 62 个心跳包发送成功
[03:15:30 INF] 【直播间】9619073 的第 62 个心跳包发送成功
[03:16:30 INF] 【直播间】23357926 的第 63 个心跳包发送成功
[03:16:32 INF] 【直播间】23040372 的第 63 个心跳包发送成功
[03:16:33 INF] 【直播间】31494 的第 63 个心跳包发送成功
[03:16:34 INF] 【直播间】4015781 的第 63 个心跳包发送成功
[03:16:36 INF] 【直播间】407149 的第 63 个心跳包发送成功
[03:16:37 INF] 【直播间】9619073 的第 63 个心跳包发送成功
[03:17:37 INF] 【直播间】23357926 的第 64 个心跳包发送成功
[03:17:38 INF] 【直播间】23040372 的第 64 个心跳包发送成功
[03:17:40 INF] 【直播间】31494 的第 64 个心跳包发送成功
[03:17:41 INF] 【直播间】4015781 的第 64 个心跳包发送成功
[03:17:42 INF] 【直播间】407149 的第 64 个心跳包发送成功
[03:17:44 INF] 【直播间】9619073 的第 64 个心跳包发送成功
[03:18:44 INF] 【直播间】23357926 的第 65 个心跳包发送成功
[03:18:46 INF] 【直播间】23040372 的第 65 个心跳包发送成功
[03:18:47 INF] 【直播间】31494 的第 65 个心跳包发送成功
[03:18:48 INF] 【直播间】4015781 的第 65 个心跳包发送成功
[03:18:49 INF] 【直播间】407149 的第 65 个心跳包发送成功
[03:18:51 INF] 【直播间】9619073 的第 65 个心跳包发送成功
[03:19:51 ERR] 【心跳包】直播间 23357926 发送失败
[03:19:51 ERR] 【原因】time check failed
[03:19:52 ERR] 【心跳包】直播间 23040372 发送失败
[03:19:52 ERR] 【原因】time check failed
[03:19:54 ERR] 【心跳包】直播间 31494 发送失败
[03:19:54 ERR] 【原因】time check failed
[03:19:55 ERR] 【心跳包】直播间 4015781 发送失败
[03:19:55 ERR] 【原因】time check failed
[03:19:56 ERR] 【心跳包】直播间 407149 发送失败
[03:19:56 ERR] 【原因】time check failed
[03:19:57 ERR] 【心跳包】直播间 9619073 发送失败
[03:19:57 ERR] 【原因】time check failed
[03:20:58 INF] 【直播间】23357926 的第 66 个心跳包发送成功
[03:20:59 INF] 【直播间】23040372 的第 66 个心跳包发送成功
[03:21:01 INF] 【直播间】31494 的第 66 个心跳包发送成功
[03:21:02 INF] 【直播间】4015781 的第 66 个心跳包发送成功
[03:21:03 INF] 【直播间】407149 的第 66 个心跳包发送成功
[03:21:05 INF] 【直播间】9619073 的第 66 个心跳包发送成功
[03:22:05 INF] 【直播间】23357926 的第 67 个心跳包发送成功
[03:22:06 INF] 【直播间】23040372 的第 67 个心跳包发送成功
[03:22:07 INF] 【直播间】31494 的第 67 个心跳包发送成功
[03:22:08 INF] 【直播间】4015781 的第 67 个心跳包发送成功
[03:22:10 INF] 【直播间】407149 的第 67 个心跳包发送成功
[03:22:11 INF] 【直播间】9619073 的第 67 个心跳包发送成功
[03:23:12 INF] 【直播间】23357926 的第 68 个心跳包发送成功
[03:23:13 INF] 【直播间】23040372 的第 68 个心跳包发送成功
[03:23:14 INF] 【直播间】31494 的第 68 个心跳包发送成功
[03:23:16 INF] 【直播间】4015781 的第 68 个心跳包发送成功
[03:23:17 INF] 【直播间】407149 的第 68 个心跳包发送成功
[03:23:18 INF] 【直播间】9619073 的第 68 个心跳包发送成功
[03:24:19 INF] 【直播间】23357926 的第 69 个心跳包发送成功
[03:24:20 INF] 【直播间】23040372 的第 69 个心跳包发送成功
[03:24:21 INF] 【直播间】31494 的第 69 个心跳包发送成功
[03:24:22 INF] 【直播间】4015781 的第 69 个心跳包发送成功
[03:24:24 INF] 【直播间】407149 的第 69 个心跳包发送成功
[03:24:25 INF] 【直播间】9619073 的第 69 个心跳包发送成功
[03:25:26 INF] 【直播间】23357926 的第 70 个心跳包发送成功
[03:25:27 INF] 【直播间】23040372 的第 70 个心跳包发送成功
[03:25:28 INF] 【直播间】31494 的第 70 个心跳包发送成功
[03:25:30 INF] 【直播间】4015781 的第 70 个心跳包发送成功
[03:25:31 INF] 【直播间】407149 的第 70 个心跳包发送成功
[03:25:32 INF] 【直播间】9619073 的第 70 个心跳包发送成功
[03:25:32 INF] 【直播观看时长】完成情况：6/6 
[03:25:32 INF] ---------结束---------

[03:25:32 INF] ==========结束==========

[03:25:32 INF] ######### 账号 3 #########

[03:25:32 INF] =====开始 直播间互动 =====

[03:25:32 INF] ---开始 发送弹幕 ---
[03:25:32 INF] 检测到直播 Cookie 未正确配置，尝试自动配置中...
[03:25:41 INF] 直播 Cookie 配置成功！
[03:25:41 INF] 【获取直播列表】获取拥有粉丝牌的直播列表
[03:25:47 INF] 【主播】苏打baka 
[03:26:05 INF] 【直播间】苏打baka
[03:26:05 INF] 【粉丝牌】碳酸钠
[03:26:05 INF] 正在发送弹幕...
[03:26:12 INF] -------结束-------

[03:26:12 INF] ---开始 点赞直播间 ---
[03:26:12 INF] 【获取直播列表】获取拥有粉丝牌的直播列表
[03:26:15 INF] 【主播】苏打baka 
[03:26:27 INF] 【弹幕发送】成功~，你和主播 苏打baka 的亲密值增加了100！
[03:26:36 INF] --------结束--------

[03:26:36 INF] ---开始 直播时长挂机 ---
[03:26:36 INF] 【获取直播列表】获取拥有粉丝牌的直播列表
[03:26:36 INF] 【点赞直播间】23040372 完成
[03:26:43 INF] 【主播】苏打baka 
[03:26:57 INF] 【直播间】23040372 的第 1 个心跳包发送成功
[03:28:03 INF] 【直播间】23040372 的第 2 个心跳包发送成功
[03:29:10 INF] 【直播间】23040372 的第 3 个心跳包发送成功
[03:30:17 INF] 【直播间】23040372 的第 4 个心跳包发送成功
[03:31:24 INF] 【直播间】23040372 的第 5 个心跳包发送成功
[03:32:31 INF] 【直播间】23040372 的第 6 个心跳包发送成功
[03:33:38 INF] 【直播间】23040372 的第 7 个心跳包发送成功
[03:34:45 INF] 【直播间】23040372 的第 8 个心跳包发送成功
[03:35:52 INF] 【直播间】23040372 的第 9 个心跳包发送成功
[03:36:59 INF] 【直播间】23040372 的第 10 个心跳包发送成功
[03:38:06 INF] 【直播间】23040372 的第 11 个心跳包发送成功
[03:39:13 INF] 【直播间】23040372 的第 12 个心跳包发送成功
[03:40:20 INF] 【直播间】23040372 的第 13 个心跳包发送成功
[03:41:26 INF] 【直播间】23040372 的第 14 个心跳包发送成功
[03:42:34 ERR] 【心跳包】直播间 23040372 发送失败
[03:42:34 ERR] 【原因】time check failed
[03:43:41 INF] 【直播间】23040372 的第 15 个心跳包发送成功
[03:44:47 INF] 【直播间】23040372 的第 16 个心跳包发送成功
[03:45:55 INF] 【直播间】23040372 的第 17 个心跳包发送成功
[03:47:01 INF] 【直播间】23040372 的第 18 个心跳包发送成功
[03:48:08 INF] 【直播间】23040372 的第 19 个心跳包发送成功
[03:49:16 INF] 【直播间】23040372 的第 20 个心跳包发送成功
[03:50:23 INF] 【直播间】23040372 的第 21 个心跳包发送成功
[03:51:29 INF] 【直播间】23040372 的第 22 个心跳包发送成功
[03:52:36 INF] 【直播间】23040372 的第 23 个心跳包发送成功
[03:53:43 INF] 【直播间】23040372 的第 24 个心跳包发送成功
[03:54:50 INF] 【直播间】23040372 的第 25 个心跳包发送成功
[03:55:57 INF] 【直播间】23040372 的第 26 个心跳包发送成功
[03:57:04 INF] 【直播间】23040372 的第 27 个心跳包发送成功
[03:58:10 ERR] 【心跳包】直播间 23040372 发送失败
[03:58:10 ERR] 【原因】time check failed
[03:59:17 INF] 【直播间】23040372 的第 28 个心跳包发送成功
[04:00:24 INF] 【直播间】23040372 的第 29 个心跳包发送成功
[04:01:31 INF] 【直播间】23040372 的第 30 个心跳包发送成功
[04:02:38 INF] 【直播间】23040372 的第 31 个心跳包发送成功
[04:03:45 INF] 【直播间】23040372 的第 32 个心跳包发送成功
[04:04:52 INF] 【直播间】23040372 的第 33 个心跳包发送成功
[04:05:59 INF] 【直播间】23040372 的第 34 个心跳包发送成功
[04:07:06 INF] 【直播间】23040372 的第 35 个心跳包发送成功
[04:08:13 INF] 【直播间】23040372 的第 36 个心跳包发送成功
[04:09:19 INF] 【直播间】23040372 的第 37 个心跳包发送成功
[04:10:26 INF] 【直播间】23040372 的第 38 个心跳包发送成功
[04:11:34 INF] 【直播间】23040372 的第 39 个心跳包发送成功
[04:12:40 INF] 【直播间】23040372 的第 40 个心跳包发送成功
[04:13:47 ERR] 【心跳包】直播间 23040372 发送失败
[04:13:47 ERR] 【原因】time check failed
[04:14:54 INF] 【直播间】23040372 的第 41 个心跳包发送成功
[04:16:01 INF] 【直播间】23040372 的第 42 个心跳包发送成功
[04:17:08 INF] 【直播间】23040372 的第 43 个心跳包发送成功
[04:18:15 INF] 【直播间】23040372 的第 44 个心跳包发送成功
[04:19:22 INF] 【直播间】23040372 的第 45 个心跳包发送成功
[04:20:28 INF] 【直播间】23040372 的第 46 个心跳包发送成功
[04:21:35 INF] 【直播间】23040372 的第 47 个心跳包发送成功
[04:22:43 INF] 【直播间】23040372 的第 48 个心跳包发送成功
[04:23:49 INF] 【直播间】23040372 的第 49 个心跳包发送成功
[04:24:56 INF] 【直播间】23040372 的第 50 个心跳包发送成功
[04:26:03 INF] 【直播间】23040372 的第 51 个心跳包发送成功
[04:27:10 INF] 【直播间】23040372 的第 52 个心跳包发送成功
[04:28:17 INF] 【直播间】23040372 的第 53 个心跳包发送成功
[04:29:23 ERR] 【心跳包】直播间 23040372 发送失败
[04:29:23 ERR] 【原因】time check failed
[04:30:30 INF] 【直播间】23040372 的第 54 个心跳包发送成功
[04:31:37 INF] 【直播间】23040372 的第 55 个心跳包发送成功
[04:32:44 INF] 【直播间】23040372 的第 56 个心跳包发送成功
[04:33:51 INF] 【直播间】23040372 的第 57 个心跳包发送成功
[04:34:58 INF] 【直播间】23040372 的第 58 个心跳包发送成功
[04:36:05 INF] 【直播间】23040372 的第 59 个心跳包发送成功
[04:37:12 INF] 【直播间】23040372 的第 60 个心跳包发送成功
[04:38:19 INF] 【直播间】23040372 的第 61 个心跳包发送成功
[04:39:26 INF] 【直播间】23040372 的第 62 个心跳包发送成功
[04:40:33 INF] 【直播间】23040372 的第 63 个心跳包发送成功
[04:41:40 INF] 【直播间】23040372 的第 64 个心跳包发送成功
[04:42:46 INF] 【直播间】23040372 的第 65 个心跳包发送成功
[04:43:53 INF] 【直播间】23040372 的第 66 个心跳包发送成功
[04:45:01 ERR] 【心跳包】直播间 23040372 发送失败
[04:45:01 ERR] 【原因】time check failed
[04:46:07 INF] 【直播间】23040372 的第 67 个心跳包发送成功
[04:47:14 INF] 【直播间】23040372 的第 68 个心跳包发送成功
[04:48:21 INF] 【直播间】23040372 的第 69 个心跳包发送成功
[04:49:28 INF] 【直播间】23040372 的第 70 个心跳包发送成功
[04:49:28 INF] 【直播观看时长】完成情况：1/1 
[04:49:28 INF] ---------结束---------

[04:49:28 INF] ==========结束==========

[04:49:28 INF] 

========================

 v2.0.1 开源 by https://github.com/RayWangQvQ/BiliBiliToolPro

[04:49:28 INF] ·开始推送·LiveFansMedal任务·
2023-06-09T20:49:28.7971768Z 开始推送到:自定义
2023-06-09T20:49:47.3867568Z Response status: OK.
2023-06-09T20:49:47.3868061Z Response content: {"message":"发送群组消息子通道 pushplus 失败：Post \"https://www.pushplus.plus/send\": net/http: TLS handshake timeout\n","success":false}.

[04:49:47 INF] 运行环境：Development
[04:49:47 INF] 应用目录：/home/runner/work/BiliBiliToolPro/BiliBiliToolPro/src/Ray.BiliBiliTool.Console/bin/Debug/net6.0/

[04:49:47 INF] 运行结束
