----------- ip 信息 ---------
{
  "ip": "40.76.117.193",
  "city": "Washington",
  "region": "Virginia",
  "country": "US",
  "loc": "38.7135,-78.1594",
  "org": "AS8075 Microsoft Corporation",
  "postal": "22747",
  "timezone": "America/New_York",
  "readme": "https://ipinfo.io/missingauth"
} ---------- end ------------
  ____               ____    _   _____           _  
 |  _ \ __ _ _   _  | __ ) _| |_|_   _|__   ___ | | 
 | |_) / _` | | | | |  _ \(_) (_) | |/ _ \ / _ \| | 
 |  _ < (_| | |_| | | |_) | | | | | | (_) | (_) | | 
 |_| \_\__,_|\__, | |____/|_|_|_| |_|\___/ \___/|_| 
             |___/                                  

[00:25:44 INF] BiliBiliToolPro 开始运行...

[00:25:44 INF] 【账号个数】3个

[00:25:44 INF] 随机休眠1分钟

[00:26:44 INF] 【目标任务】LiveFansMedal
[00:26:44 INF] ######### 账号 1 #########

[00:26:44 INF] =====开始 直播间互动 =====

[00:26:44 INF] ---开始 发送弹幕 ---
[00:26:44 INF] 检测到直播 Cookie 未正确配置，尝试自动配置中...
[00:26:52 INF] 直播 Cookie 配置成功！
[00:26:52 INF] 【获取直播列表】获取拥有粉丝牌的直播列表
[00:27:00 INF] 【主播】Mark陌枫 
[00:27:16 INF] 【主播】KL_qiqi_ 
[00:27:35 INF] 【主播】苏打baka 
[00:27:47 INF] 【直播间】Mark陌枫
[00:27:47 INF] 【粉丝牌】馬楓
[00:27:47 INF] 正在发送弹幕...
[00:27:54 INF] 【直播间】KL_qiqi_
[00:27:54 INF] 【粉丝牌】qiqisb
[00:27:54 INF] 正在发送弹幕...
[00:27:57 INF] 【直播间】苏打baka
[00:27:57 INF] 【粉丝牌】碳酸钠
[00:27:57 INF] 正在发送弹幕...
[00:28:04 INF] -------结束-------

[00:28:04 INF] ---开始 点赞直播间 ---
[00:28:04 INF] 【获取直播列表】获取拥有粉丝牌的直播列表
[00:28:08 INF] 【弹幕发送】成功~，你和主播 Mark陌枫 的亲密值增加了100！
[00:28:08 INF] 【主播】Mark陌枫 
[00:28:08 INF] 【弹幕发送】成功~，你和主播 KL_qiqi_ 的亲密值增加了100！
[00:28:18 INF] 【弹幕发送】成功~，你和主播 苏打baka 的亲密值增加了100！
[00:28:26 INF] 【主播】KL_qiqi_ 
[00:28:44 INF] 【主播】苏打baka 
[00:29:04 INF] 【点赞直播间】23357926 完成
[00:29:07 INF] 【点赞直播间】407149 完成
[00:29:13 INF] --------结束--------

[00:29:13 INF] ---开始 直播时长挂机 ---
[00:29:13 INF] 【获取直播列表】获取拥有粉丝牌的直播列表
[00:29:14 INF] 【点赞直播间】23040372 完成
[00:29:18 INF] 【主播】Mark陌枫 
[00:29:38 INF] 【主播】KL_qiqi_ 
[00:29:59 INF] 【主播】苏打baka 
[00:30:20 INF] 【直播间】23357926 的第 1 个心跳包发送成功
[00:30:21 INF] 【直播间】407149 的第 1 个心跳包发送成功
[00:30:23 INF] 【直播间】23040372 的第 1 个心跳包发送成功
[00:31:27 INF] 【直播间】23357926 的第 2 个心跳包发送成功
[00:31:28 INF] 【直播间】407149 的第 2 个心跳包发送成功
[00:31:29 INF] 【直播间】23040372 的第 2 个心跳包发送成功
[00:32:33 INF] 【直播间】23357926 的第 3 个心跳包发送成功
[00:32:35 INF] 【直播间】407149 的第 3 个心跳包发送成功
[00:32:36 INF] 【直播间】23040372 的第 3 个心跳包发送成功
[00:33:40 INF] 【直播间】23357926 的第 4 个心跳包发送成功
[00:33:41 INF] 【直播间】407149 的第 4 个心跳包发送成功
[00:33:42 INF] 【直播间】23040372 的第 4 个心跳包发送成功
[00:34:46 INF] 【直播间】23357926 的第 5 个心跳包发送成功
[00:34:47 INF] 【直播间】407149 的第 5 个心跳包发送成功
[00:34:49 INF] 【直播间】23040372 的第 5 个心跳包发送成功
[00:35:53 INF] 【直播间】23357926 的第 6 个心跳包发送成功
[00:35:54 INF] 【直播间】407149 的第 6 个心跳包发送成功
[00:35:55 INF] 【直播间】23040372 的第 6 个心跳包发送成功
[00:36:59 INF] 【直播间】23357926 的第 7 个心跳包发送成功
[00:37:01 INF] 【直播间】407149 的第 7 个心跳包发送成功
[00:37:02 INF] 【直播间】23040372 的第 7 个心跳包发送成功
[00:38:06 INF] 【直播间】23357926 的第 8 个心跳包发送成功
[00:38:07 INF] 【直播间】407149 的第 8 个心跳包发送成功
[00:38:08 INF] 【直播间】23040372 的第 8 个心跳包发送成功
[00:39:13 INF] 【直播间】23357926 的第 9 个心跳包发送成功
[00:39:14 INF] 【直播间】407149 的第 9 个心跳包发送成功
[00:39:15 INF] 【直播间】23040372 的第 9 个心跳包发送成功
[00:40:19 INF] 【直播间】23357926 的第 10 个心跳包发送成功
[00:40:20 INF] 【直播间】407149 的第 10 个心跳包发送成功
[00:40:22 INF] 【直播间】23040372 的第 10 个心跳包发送成功
[00:41:26 INF] 【直播间】23357926 的第 11 个心跳包发送成功
[00:41:27 INF] 【直播间】407149 的第 11 个心跳包发送成功
[00:41:28 INF] 【直播间】23040372 的第 11 个心跳包发送成功
[00:42:32 INF] 【直播间】23357926 的第 12 个心跳包发送成功
[00:42:33 INF] 【直播间】407149 的第 12 个心跳包发送成功
[00:42:35 INF] 【直播间】23040372 的第 12 个心跳包发送成功
[00:43:39 INF] 【直播间】23357926 的第 13 个心跳包发送成功
[00:43:40 INF] 【直播间】407149 的第 13 个心跳包发送成功
[00:43:41 INF] 【直播间】23040372 的第 13 个心跳包发送成功
[00:44:45 INF] 【直播间】23357926 的第 14 个心跳包发送成功
[00:44:47 INF] 【直播间】407149 的第 14 个心跳包发送成功
[00:44:48 INF] 【直播间】23040372 的第 14 个心跳包发送成功
[00:45:52 ERR] 【心跳包】直播间 23357926 发送失败
[00:45:52 ERR] 【原因】time check failed
[00:45:53 ERR] 【心跳包】直播间 407149 发送失败
[00:45:53 ERR] 【原因】time check failed
[00:45:54 ERR] 【心跳包】直播间 23040372 发送失败
[00:45:54 ERR] 【原因】time check failed
[00:46:58 INF] 【直播间】23357926 的第 15 个心跳包发送成功
[00:47:00 INF] 【直播间】407149 的第 15 个心跳包发送成功
[00:47:01 INF] 【直播间】23040372 的第 15 个心跳包发送成功
[00:48:05 INF] 【直播间】23357926 的第 16 个心跳包发送成功
[00:48:06 INF] 【直播间】407149 的第 16 个心跳包发送成功
[00:48:07 INF] 【直播间】23040372 的第 16 个心跳包发送成功
[00:49:12 INF] 【直播间】23357926 的第 17 个心跳包发送成功
[00:49:13 INF] 【直播间】407149 的第 17 个心跳包发送成功
[00:49:14 INF] 【直播间】23040372 的第 17 个心跳包发送成功
[00:50:18 INF] 【直播间】23357926 的第 18 个心跳包发送成功
[00:50:19 INF] 【直播间】407149 的第 18 个心跳包发送成功
[00:50:21 INF] 【直播间】23040372 的第 18 个心跳包发送成功
[00:51:25 INF] 【直播间】23357926 的第 19 个心跳包发送成功
[00:51:26 INF] 【直播间】407149 的第 19 个心跳包发送成功
[00:51:27 INF] 【直播间】23040372 的第 19 个心跳包发送成功
[00:52:31 INF] 【直播间】23357926 的第 20 个心跳包发送成功
[00:52:32 INF] 【直播间】407149 的第 20 个心跳包发送成功
[00:52:34 INF] 【直播间】23040372 的第 20 个心跳包发送成功
[00:53:38 INF] 【直播间】23357926 的第 21 个心跳包发送成功
[00:53:39 INF] 【直播间】407149 的第 21 个心跳包发送成功
[00:53:40 INF] 【直播间】23040372 的第 21 个心跳包发送成功
[00:54:44 INF] 【直播间】23357926 的第 22 个心跳包发送成功
[00:54:46 INF] 【直播间】407149 的第 22 个心跳包发送成功
[00:54:47 INF] 【直播间】23040372 的第 22 个心跳包发送成功
[00:55:51 INF] 【直播间】23357926 的第 23 个心跳包发送成功
[00:55:52 INF] 【直播间】407149 的第 23 个心跳包发送成功
[00:55:54 INF] 【直播间】23040372 的第 23 个心跳包发送成功
[00:56:58 INF] 【直播间】23357926 的第 24 个心跳包发送成功
[00:56:59 INF] 【直播间】407149 的第 24 个心跳包发送成功
[00:57:00 INF] 【直播间】23040372 的第 24 个心跳包发送成功
[00:58:04 INF] 【直播间】23357926 的第 25 个心跳包发送成功
[00:58:06 INF] 【直播间】407149 的第 25 个心跳包发送成功
[00:58:07 INF] 【直播间】23040372 的第 25 个心跳包发送成功
[00:59:11 INF] 【直播间】23357926 的第 26 个心跳包发送成功
[00:59:12 INF] 【直播间】407149 的第 26 个心跳包发送成功
[00:59:13 INF] 【直播间】23040372 的第 26 个心跳包发送成功
[01:00:18 INF] 【直播间】23357926 的第 27 个心跳包发送成功
[01:00:19 INF] 【直播间】407149 的第 27 个心跳包发送成功
[01:00:20 INF] 【直播间】23040372 的第 27 个心跳包发送成功
[01:01:24 ERR] 【心跳包】直播间 23357926 发送失败
[01:01:24 ERR] 【原因】time check failed
[01:01:26 ERR] 【心跳包】直播间 407149 发送失败
[01:01:26 ERR] 【原因】time check failed
[01:01:27 ERR] 【心跳包】直播间 23040372 发送失败
[01:01:27 ERR] 【原因】time check failed
[01:02:31 INF] 【直播间】23357926 的第 28 个心跳包发送成功
[01:02:32 INF] 【直播间】407149 的第 28 个心跳包发送成功
[01:02:33 INF] 【直播间】23040372 的第 28 个心跳包发送成功
[01:03:37 INF] 【直播间】23357926 的第 29 个心跳包发送成功
[01:03:39 INF] 【直播间】407149 的第 29 个心跳包发送成功
[01:03:40 INF] 【直播间】23040372 的第 29 个心跳包发送成功
[01:04:44 INF] 【直播间】23357926 的第 30 个心跳包发送成功
[01:04:45 INF] 【直播间】407149 的第 30 个心跳包发送成功
[01:04:46 INF] 【直播间】23040372 的第 30 个心跳包发送成功
[01:05:51 INF] 【直播间】23357926 的第 31 个心跳包发送成功
[01:05:52 INF] 【直播间】407149 的第 31 个心跳包发送成功
[01:05:53 INF] 【直播间】23040372 的第 31 个心跳包发送成功
[01:06:57 INF] 【直播间】23357926 的第 32 个心跳包发送成功
[01:06:58 INF] 【直播间】407149 的第 32 个心跳包发送成功
[01:07:00 INF] 【直播间】23040372 的第 32 个心跳包发送成功
[01:08:04 INF] 【直播间】23357926 的第 33 个心跳包发送成功
[01:08:05 INF] 【直播间】407149 的第 33 个心跳包发送成功
[01:08:06 INF] 【直播间】23040372 的第 33 个心跳包发送成功
[01:09:10 INF] 【直播间】23357926 的第 34 个心跳包发送成功
[01:09:12 INF] 【直播间】407149 的第 34 个心跳包发送成功
[01:09:13 INF] 【直播间】23040372 的第 34 个心跳包发送成功
[01:10:17 INF] 【直播间】23357926 的第 35 个心跳包发送成功
[01:10:18 INF] 【直播间】407149 的第 35 个心跳包发送成功
[01:10:20 INF] 【直播间】23040372 的第 35 个心跳包发送成功
[01:11:23 INF] 【直播间】23357926 的第 36 个心跳包发送成功
[01:11:25 INF] 【直播间】407149 的第 36 个心跳包发送成功
[01:11:26 INF] 【直播间】23040372 的第 36 个心跳包发送成功
[01:12:30 INF] 【直播间】23357926 的第 37 个心跳包发送成功
[01:12:31 INF] 【直播间】407149 的第 37 个心跳包发送成功
[01:12:33 INF] 【直播间】23040372 的第 37 个心跳包发送成功
[01:13:37 INF] 【直播间】23357926 的第 38 个心跳包发送成功
[01:13:38 INF] 【直播间】407149 的第 38 个心跳包发送成功
[01:13:39 INF] 【直播间】23040372 的第 38 个心跳包发送成功
[01:14:43 INF] 【直播间】23357926 的第 39 个心跳包发送成功
[01:14:45 INF] 【直播间】407149 的第 39 个心跳包发送成功
[01:14:46 INF] 【直播间】23040372 的第 39 个心跳包发送成功
[01:15:50 INF] 【直播间】23357926 的第 40 个心跳包发送成功
[01:15:51 INF] 【直播间】407149 的第 40 个心跳包发送成功
[01:15:53 INF] 【直播间】23040372 的第 40 个心跳包发送成功
[01:16:56 ERR] 【心跳包】直播间 23357926 发送失败
[01:16:56 ERR] 【原因】time check failed
[01:16:58 ERR] 【心跳包】直播间 407149 发送失败
[01:16:58 ERR] 【原因】time check failed
[01:16:59 ERR] 【心跳包】直播间 23040372 发送失败
[01:16:59 ERR] 【原因】time check failed
[01:18:03 INF] 【直播间】23357926 的第 41 个心跳包发送成功
[01:18:04 INF] 【直播间】407149 的第 41 个心跳包发送成功
[01:18:06 INF] 【直播间】23040372 的第 41 个心跳包发送成功
[01:19:10 INF] 【直播间】23357926 的第 42 个心跳包发送成功
[01:19:11 INF] 【直播间】407149 的第 42 个心跳包发送成功
[01:19:12 INF] 【直播间】23040372 的第 42 个心跳包发送成功
[01:20:17 INF] 【直播间】23357926 的第 43 个心跳包发送成功
[01:20:18 INF] 【直播间】407149 的第 43 个心跳包发送成功
[01:20:19 INF] 【直播间】23040372 的第 43 个心跳包发送成功
[01:21:23 INF] 【直播间】23357926 的第 44 个心跳包发送成功
[01:21:24 INF] 【直播间】407149 的第 44 个心跳包发送成功
[01:21:26 INF] 【直播间】23040372 的第 44 个心跳包发送成功
[01:22:30 INF] 【直播间】23357926 的第 45 个心跳包发送成功
[01:22:31 INF] 【直播间】407149 的第 45 个心跳包发送成功
[01:22:32 INF] 【直播间】23040372 的第 45 个心跳包发送成功
[01:23:36 INF] 【直播间】23357926 的第 46 个心跳包发送成功
[01:23:37 INF] 【直播间】407149 的第 46 个心跳包发送成功
[01:23:39 INF] 【直播间】23040372 的第 46 个心跳包发送成功
[01:24:43 INF] 【直播间】23357926 的第 47 个心跳包发送成功
[01:24:44 INF] 【直播间】407149 的第 47 个心跳包发送成功
[01:24:45 INF] 【直播间】23040372 的第 47 个心跳包发送成功
[01:25:49 INF] 【直播间】23357926 的第 48 个心跳包发送成功
[01:25:51 INF] 【直播间】407149 的第 48 个心跳包发送成功
[01:25:52 INF] 【直播间】23040372 的第 48 个心跳包发送成功
[01:26:56 INF] 【直播间】23357926 的第 49 个心跳包发送成功
[01:26:57 INF] 【直播间】407149 的第 49 个心跳包发送成功
[01:26:58 INF] 【直播间】23040372 的第 49 个心跳包发送成功
[01:28:03 INF] 【直播间】23357926 的第 50 个心跳包发送成功
[01:28:04 INF] 【直播间】407149 的第 50 个心跳包发送成功
[01:28:05 INF] 【直播间】23040372 的第 50 个心跳包发送成功
[01:29:09 INF] 【直播间】23357926 的第 51 个心跳包发送成功
[01:29:11 INF] 【直播间】407149 的第 51 个心跳包发送成功
[01:29:12 INF] 【直播间】23040372 的第 51 个心跳包发送成功
[01:30:16 INF] 【直播间】23357926 的第 52 个心跳包发送成功
[01:30:17 INF] 【直播间】407149 的第 52 个心跳包发送成功
[01:30:18 INF] 【直播间】23040372 的第 52 个心跳包发送成功
[01:31:23 INF] 【直播间】23357926 的第 53 个心跳包发送成功
[01:31:24 INF] 【直播间】407149 的第 53 个心跳包发送成功
[01:31:25 INF] 【直播间】23040372 的第 53 个心跳包发送成功
[01:32:29 ERR] 【心跳包】直播间 23357926 发送失败
[01:32:29 ERR] 【原因】time check failed
[01:32:30 ERR] 【心跳包】直播间 407149 发送失败
[01:32:30 ERR] 【原因】time check failed
[01:32:32 ERR] 【心跳包】直播间 23040372 发送失败
[01:32:32 ERR] 【原因】time check failed
[01:33:36 INF] 【直播间】23357926 的第 54 个心跳包发送成功
[01:33:37 INF] 【直播间】407149 的第 54 个心跳包发送成功
[01:33:38 INF] 【直播间】23040372 的第 54 个心跳包发送成功
[01:34:42 INF] 【直播间】23357926 的第 55 个心跳包发送成功
[01:34:43 INF] 【直播间】407149 的第 55 个心跳包发送成功
[01:34:45 INF] 【直播间】23040372 的第 55 个心跳包发送成功
[01:35:49 INF] 【直播间】23357926 的第 56 个心跳包发送成功
[01:35:50 INF] 【直播间】407149 的第 56 个心跳包发送成功
[01:35:51 INF] 【直播间】23040372 的第 56 个心跳包发送成功
[01:36:56 INF] 【直播间】23357926 的第 57 个心跳包发送成功
[01:36:57 INF] 【直播间】407149 的第 57 个心跳包发送成功
[01:36:58 INF] 【直播间】23040372 的第 57 个心跳包发送成功
[01:38:02 INF] 【直播间】23357926 的第 58 个心跳包发送成功
[01:38:04 INF] 【直播间】407149 的第 58 个心跳包发送成功
[01:38:05 INF] 【直播间】23040372 的第 58 个心跳包发送成功
[01:39:09 INF] 【直播间】23357926 的第 59 个心跳包发送成功
[01:39:10 INF] 【直播间】407149 的第 59 个心跳包发送成功
[01:39:11 INF] 【直播间】23040372 的第 59 个心跳包发送成功
[01:40:15 INF] 【直播间】23357926 的第 60 个心跳包发送成功
[01:40:17 INF] 【直播间】407149 的第 60 个心跳包发送成功
[01:40:18 INF] 【直播间】23040372 的第 60 个心跳包发送成功
[01:41:22 INF] 【直播间】23357926 的第 61 个心跳包发送成功
[01:41:23 INF] 【直播间】407149 的第 61 个心跳包发送成功
[01:41:25 INF] 【直播间】23040372 的第 61 个心跳包发送成功
[01:42:29 INF] 【直播间】23357926 的第 62 个心跳包发送成功
[01:42:30 INF] 【直播间】407149 的第 62 个心跳包发送成功
[01:42:31 INF] 【直播间】23040372 的第 62 个心跳包发送成功
[01:43:36 INF] 【直播间】23357926 的第 63 个心跳包发送成功
[01:43:37 INF] 【直播间】407149 的第 63 个心跳包发送成功
[01:43:38 INF] 【直播间】23040372 的第 63 个心跳包发送成功
[01:44:42 INF] 【直播间】23357926 的第 64 个心跳包发送成功
[01:44:43 INF] 【直播间】407149 的第 64 个心跳包发送成功
[01:44:45 INF] 【直播间】23040372 的第 64 个心跳包发送成功
[01:45:49 INF] 【直播间】23357926 的第 65 个心跳包发送成功
[01:45:50 INF] 【直播间】407149 的第 65 个心跳包发送成功
[01:45:51 INF] 【直播间】23040372 的第 65 个心跳包发送成功
[01:46:55 INF] 【直播间】23357926 的第 66 个心跳包发送成功
[01:46:56 INF] 【直播间】407149 的第 66 个心跳包发送成功
[01:46:58 INF] 【直播间】23040372 的第 66 个心跳包发送成功
[01:48:02 ERR] 【心跳包】直播间 23357926 发送失败
[01:48:02 ERR] 【原因】time check failed
[01:48:03 ERR] 【心跳包】直播间 407149 发送失败
[01:48:03 ERR] 【原因】time check failed
[01:48:04 ERR] 【心跳包】直播间 23040372 发送失败
[01:48:04 ERR] 【原因】time check failed
[01:49:09 INF] 【直播间】23357926 的第 67 个心跳包发送成功
[01:49:10 INF] 【直播间】407149 的第 67 个心跳包发送成功
[01:49:11 INF] 【直播间】23040372 的第 67 个心跳包发送成功
[01:50:15 INF] 【直播间】23357926 的第 68 个心跳包发送成功
[01:50:17 INF] 【直播间】407149 的第 68 个心跳包发送成功
[01:50:18 INF] 【直播间】23040372 的第 68 个心跳包发送成功
[01:51:22 INF] 【直播间】23357926 的第 69 个心跳包发送成功
[01:51:23 INF] 【直播间】407149 的第 69 个心跳包发送成功
[01:51:24 INF] 【直播间】23040372 的第 69 个心跳包发送成功
[01:52:28 INF] 【直播间】23357926 的第 70 个心跳包发送成功
[01:52:30 INF] 【直播间】407149 的第 70 个心跳包发送成功
[01:52:31 INF] 【直播间】23040372 的第 70 个心跳包发送成功
[01:52:31 INF] 【直播观看时长】完成情况：3/3 
[01:52:31 INF] ---------结束---------

[01:52:31 INF] ==========结束==========

[01:52:31 INF] ######### 账号 2 #########

[01:52:31 INF] =====开始 直播间互动 =====

[01:52:31 INF] ---开始 发送弹幕 ---
[01:52:31 INF] 检测到直播 Cookie 未正确配置，尝试自动配置中...
[01:52:38 INF] 直播 Cookie 配置成功！
[01:52:38 INF] 【获取直播列表】获取拥有粉丝牌的直播列表
[01:52:44 INF] 【主播】Mark陌枫 
[01:53:01 INF] 【主播】苏打baka 
[01:53:17 INF] 【主播】特别中二的q3君 
[01:53:32 INF] 【主播】陈抱一 
[01:53:47 INF] 【主播】贪玩的小毅 
[01:54:02 INF] 【主播】KL_qiqi_ 
[01:54:21 INF] 【主播】悠悠球琛总 
[01:54:40 INF] 【主播】新石器公园 
[01:54:59 INF] 【主播】脏小豆 
[01:55:21 INF] 【主播】记录生活的蛋黄派 
[01:55:39 INF] 【主播】FoFTG 
[01:55:57 INF] 【主播】李船长笔记 
[01:56:15 INF] 【直播间】Mark陌枫
[01:56:15 INF] 【粉丝牌】馬楓
[01:56:15 INF] 正在发送弹幕...
[01:56:21 INF] 【直播间】苏打baka
[01:56:21 INF] 【粉丝牌】碳酸钠
[01:56:21 INF] 正在发送弹幕...
[01:56:26 INF] 【直播间】特别中二的q3君
[01:56:26 INF] 【粉丝牌】q3GG
[01:56:26 INF] 正在发送弹幕...
[01:56:30 INF] 【直播间】陈抱一
[01:56:30 INF] 【粉丝牌】陈抱一
[01:56:30 INF] 正在发送弹幕...
[01:56:32 INF] 【弹幕发送】成功~，你和主播 Mark陌枫 的亲密值增加了100！
[01:56:37 INF] 【直播间】贪玩的小毅
[01:56:37 INF] 【粉丝牌】大大毅
[01:56:37 INF] 正在发送弹幕...
[01:56:41 INF] 【弹幕发送】成功~，你和主播 苏打baka 的亲密值增加了100！
[01:56:42 INF] 【直播间】KL_qiqi_
[01:56:42 INF] 【粉丝牌】qiqisb
[01:56:42 INF] 正在发送弹幕...
[01:56:43 INF] 【弹幕发送】成功~，你和主播 特别中二的q3君 的亲密值增加了100！
[01:56:48 INF] 【直播间】悠悠球琛总
[01:56:48 INF] 【粉丝牌】i琛
[01:56:48 INF] 正在发送弹幕...
[01:56:52 INF] 【弹幕发送】成功~，你和主播 贪玩的小毅 的亲密值增加了100！
[01:56:53 INF] 【弹幕发送】成功~，你和主播 陈抱一 的亲密值增加了100！
[01:56:55 INF] 【直播间】新石器公园
[01:56:55 INF] 【粉丝牌】东园主
[01:56:55 INF] 正在发送弹幕...
[01:57:01 INF] 【直播间】脏小豆
[01:57:01 INF] 【粉丝牌】豆豆浆
[01:57:01 INF] 正在发送弹幕...
[01:57:02 INF] 【弹幕发送】成功~，你和主播 KL_qiqi_ 的亲密值增加了100！
[01:57:04 INF] 【弹幕发送】成功~，你和主播 悠悠球琛总 的亲密值增加了100！
[01:57:08 INF] 【直播间】记录生活的蛋黄派
[01:57:08 INF] 【粉丝牌】派派派
[01:57:08 INF] 正在发送弹幕...
[01:57:12 INF] 【直播间】FoFTG
[01:57:12 INF] 【粉丝牌】FOFTG
[01:57:12 INF] 正在发送弹幕...
[01:57:13 INF] 【弹幕发送】成功~，你和主播 新石器公园 的亲密值增加了100！
[01:57:18 INF] 【直播间】李船长笔记
[01:57:18 INF] 【粉丝牌】航海仕
[01:57:18 INF] 正在发送弹幕...
[01:57:21 INF] 【弹幕发送】成功~，你和主播 记录生活的蛋黄派 的亲密值增加了100！
[01:57:22 INF] 【弹幕发送】成功~，你和主播 脏小豆 的亲密值增加了100！
[01:57:24 INF] -------结束-------

[01:57:24 INF] ---开始 点赞直播间 ---
[01:57:24 INF] 【获取直播列表】获取拥有粉丝牌的直播列表
[01:57:29 INF] 【主播】Mark陌枫 
[01:57:34 INF] 【弹幕发送】成功~，你和主播 FoFTG 的亲密值增加了100！
[01:57:38 INF] 【弹幕发送】成功~，你和主播 李船长笔记 的亲密值增加了100！
[01:57:46 INF] 【主播】苏打baka 
[01:58:03 INF] 【主播】特别中二的q3君 
[01:58:15 INF] 【主播】陈抱一 
[01:58:31 INF] 【主播】贪玩的小毅 
[01:58:50 INF] 【主播】KL_qiqi_ 
[01:59:04 INF] 【主播】悠悠球琛总 
[01:59:21 INF] 【主播】新石器公园 
[01:59:35 INF] 【主播】脏小豆 
[01:59:54 INF] 【主播】记录生活的蛋黄派 
[02:00:11 INF] 【主播】FoFTG 
[02:00:28 INF] 【主播】李船长笔记 
[02:00:49 INF] 【点赞直播间】23357926 完成
[02:00:56 INF] 【点赞直播间】23040372 完成
[02:01:03 INF] 【点赞直播间】31494 完成
[02:01:07 INF] 【点赞直播间】4015781 完成
[02:01:11 INF] 【点赞直播间】9619073 完成
[02:01:14 INF] 【点赞直播间】407149 完成
[02:01:18 INF] 【点赞直播间】7184632 完成
[02:01:23 INF] 【点赞直播间】23447660 完成
[02:01:26 INF] 【点赞直播间】929670 完成
[02:01:32 INF] 【点赞直播间】11732699 完成
[02:01:36 INF] 【点赞直播间】91164 完成
[02:01:42 INF] --------结束--------

[02:01:42 INF] ---开始 直播时长挂机 ---
[02:01:42 INF] 【获取直播列表】获取拥有粉丝牌的直播列表
[02:01:42 INF] 【点赞直播间】22764265 完成
[02:01:46 INF] 【主播】Mark陌枫 
[02:02:00 INF] 【主播】苏打baka 
[02:02:14 INF] 【主播】特别中二的q3君 
[02:02:28 INF] 【主播】陈抱一 
[02:02:47 INF] 【主播】贪玩的小毅 
[02:03:01 INF] 【主播】KL_qiqi_ 
[02:03:16 INF] 【主播】悠悠球琛总 
[02:03:34 INF] 【主播】新石器公园 
[02:03:50 INF] 【主播】脏小豆 
[02:04:08 INF] 【主播】记录生活的蛋黄派 
[02:04:26 INF] 【主播】FoFTG 
[02:04:39 INF] 【主播】李船长笔记 
[02:04:56 INF] 【直播间】23357926 的第 1 个心跳包发送成功
[02:04:57 INF] 【直播间】23040372 的第 1 个心跳包发送成功
[02:04:59 INF] 【直播间】31494 的第 1 个心跳包发送成功
[02:05:00 INF] 【直播间】4015781 的第 1 个心跳包发送成功
[02:05:01 INF] 【直播间】9619073 的第 1 个心跳包发送成功
[02:05:03 INF] 【直播间】407149 的第 1 个心跳包发送成功
[02:05:04 INF] 【直播间】7184632 的第 1 个心跳包发送成功
[02:05:05 INF] 【直播间】23447660 的第 1 个心跳包发送成功
[02:05:06 INF] 【直播间】929670 的第 1 个心跳包发送成功
[02:05:08 INF] 【直播间】11732699 的第 1 个心跳包发送成功
[02:05:09 INF] 【直播间】91164 的第 1 个心跳包发送成功
[02:05:10 INF] 【直播间】22764265 的第 1 个心跳包发送成功
[02:06:03 INF] 【直播间】23357926 的第 2 个心跳包发送成功
[02:06:04 INF] 【直播间】23040372 的第 2 个心跳包发送成功
[02:06:05 INF] 【直播间】31494 的第 2 个心跳包发送成功
[02:06:07 INF] 【直播间】4015781 的第 2 个心跳包发送成功
[02:06:08 INF] 【直播间】9619073 的第 2 个心跳包发送成功
[02:06:09 INF] 【直播间】407149 的第 2 个心跳包发送成功
[02:06:10 INF] 【直播间】7184632 的第 2 个心跳包发送成功
[02:06:11 INF] 【直播间】23447660 的第 2 个心跳包发送成功
[02:06:13 INF] 【直播间】929670 的第 2 个心跳包发送成功
[02:06:14 INF] 【直播间】11732699 的第 2 个心跳包发送成功
[02:06:15 INF] 【直播间】91164 的第 2 个心跳包发送成功
[02:06:17 INF] 【直播间】22764265 的第 2 个心跳包发送成功
[02:07:09 INF] 【直播间】23357926 的第 3 个心跳包发送成功
[02:07:11 INF] 【直播间】23040372 的第 3 个心跳包发送成功
[02:07:12 INF] 【直播间】31494 的第 3 个心跳包发送成功
[02:07:13 INF] 【直播间】4015781 的第 3 个心跳包发送成功
[02:07:15 INF] 【直播间】9619073 的第 3 个心跳包发送成功
[02:07:16 INF] 【直播间】407149 的第 3 个心跳包发送成功
[02:07:17 INF] 【直播间】7184632 的第 3 个心跳包发送成功
[02:07:18 INF] 【直播间】23447660 的第 3 个心跳包发送成功
[02:07:19 INF] 【直播间】929670 的第 3 个心跳包发送成功
[02:07:21 INF] 【直播间】11732699 的第 3 个心跳包发送成功
[02:07:22 INF] 【直播间】91164 的第 3 个心跳包发送成功
[02:07:23 INF] 【直播间】22764265 的第 3 个心跳包发送成功
[02:08:16 INF] 【直播间】23357926 的第 4 个心跳包发送成功
[02:08:17 INF] 【直播间】23040372 的第 4 个心跳包发送成功
[02:08:18 INF] 【直播间】31494 的第 4 个心跳包发送成功
[02:08:20 INF] 【直播间】4015781 的第 4 个心跳包发送成功
[02:08:21 INF] 【直播间】9619073 的第 4 个心跳包发送成功
[02:08:22 INF] 【直播间】407149 的第 4 个心跳包发送成功
[02:08:23 INF] 【直播间】7184632 的第 4 个心跳包发送成功
[02:08:25 INF] 【直播间】23447660 的第 4 个心跳包发送成功
[02:08:26 INF] 【直播间】929670 的第 4 个心跳包发送成功
[02:08:27 INF] 【直播间】11732699 的第 4 个心跳包发送成功
[02:08:28 INF] 【直播间】91164 的第 4 个心跳包发送成功
[02:08:29 INF] 【直播间】22764265 的第 4 个心跳包发送成功
[02:09:22 INF] 【直播间】23357926 的第 5 个心跳包发送成功
[02:09:24 INF] 【直播间】23040372 的第 5 个心跳包发送成功
[02:09:25 INF] 【直播间】31494 的第 5 个心跳包发送成功
[02:09:26 INF] 【直播间】4015781 的第 5 个心跳包发送成功
[02:09:27 INF] 【直播间】9619073 的第 5 个心跳包发送成功
[02:09:29 INF] 【直播间】407149 的第 5 个心跳包发送成功
[02:09:30 INF] 【直播间】7184632 的第 5 个心跳包发送成功
[02:09:31 INF] 【直播间】23447660 的第 5 个心跳包发送成功
[02:09:32 INF] 【直播间】929670 的第 5 个心跳包发送成功
[02:09:34 INF] 【直播间】11732699 的第 5 个心跳包发送成功
[02:09:35 INF] 【直播间】91164 的第 5 个心跳包发送成功
[02:09:36 INF] 【直播间】22764265 的第 5 个心跳包发送成功
[02:10:29 INF] 【直播间】23357926 的第 6 个心跳包发送成功
[02:10:30 INF] 【直播间】23040372 的第 6 个心跳包发送成功
[02:10:31 INF] 【直播间】31494 的第 6 个心跳包发送成功
[02:10:33 INF] 【直播间】4015781 的第 6 个心跳包发送成功
[02:10:34 INF] 【直播间】9619073 的第 6 个心跳包发送成功
[02:10:35 INF] 【直播间】407149 的第 6 个心跳包发送成功
[02:10:36 INF] 【直播间】7184632 的第 6 个心跳包发送成功
[02:10:37 INF] 【直播间】23447660 的第 6 个心跳包发送成功
[02:10:39 INF] 【直播间】929670 的第 6 个心跳包发送成功
[02:10:40 INF] 【直播间】11732699 的第 6 个心跳包发送成功
[02:10:41 INF] 【直播间】91164 的第 6 个心跳包发送成功
[02:10:42 INF] 【直播间】22764265 的第 6 个心跳包发送成功
[02:11:35 INF] 【直播间】23357926 的第 7 个心跳包发送成功
[02:11:37 INF] 【直播间】23040372 的第 7 个心跳包发送成功
[02:11:38 INF] 【直播间】31494 的第 7 个心跳包发送成功
[02:11:39 INF] 【直播间】4015781 的第 7 个心跳包发送成功
[02:11:40 INF] 【直播间】9619073 的第 7 个心跳包发送成功
[02:11:42 INF] 【直播间】407149 的第 7 个心跳包发送成功
[02:11:43 INF] 【直播间】7184632 的第 7 个心跳包发送成功
[02:11:44 INF] 【直播间】23447660 的第 7 个心跳包发送成功
[02:11:45 INF] 【直播间】929670 的第 7 个心跳包发送成功
[02:11:47 INF] 【直播间】11732699 的第 7 个心跳包发送成功
[02:11:48 INF] 【直播间】91164 的第 7 个心跳包发送成功
[02:11:49 INF] 【直播间】22764265 的第 7 个心跳包发送成功
[02:12:42 INF] 【直播间】23357926 的第 8 个心跳包发送成功
[02:12:44 INF] 【直播间】23040372 的第 8 个心跳包发送成功
[02:12:45 INF] 【直播间】31494 的第 8 个心跳包发送成功
[02:12:46 INF] 【直播间】4015781 的第 8 个心跳包发送成功
[02:12:47 INF] 【直播间】9619073 的第 8 个心跳包发送成功
[02:12:49 INF] 【直播间】407149 的第 8 个心跳包发送成功
[02:12:50 INF] 【直播间】7184632 的第 8 个心跳包发送成功
[02:12:51 INF] 【直播间】23447660 的第 8 个心跳包发送成功
[02:12:52 INF] 【直播间】929670 的第 8 个心跳包发送成功
[02:12:54 INF] 【直播间】11732699 的第 8 个心跳包发送成功
[02:12:55 INF] 【直播间】91164 的第 8 个心跳包发送成功
[02:12:56 INF] 【直播间】22764265 的第 8 个心跳包发送成功
[02:13:49 INF] 【直播间】23357926 的第 9 个心跳包发送成功
[02:13:50 INF] 【直播间】23040372 的第 9 个心跳包发送成功
[02:13:51 INF] 【直播间】31494 的第 9 个心跳包发送成功
[02:13:52 INF] 【直播间】4015781 的第 9 个心跳包发送成功
[02:13:54 INF] 【直播间】9619073 的第 9 个心跳包发送成功
[02:13:55 INF] 【直播间】407149 的第 9 个心跳包发送成功
[02:13:56 INF] 【直播间】7184632 的第 9 个心跳包发送成功
[02:13:57 INF] 【直播间】23447660 的第 9 个心跳包发送成功
[02:13:59 INF] 【直播间】929670 的第 9 个心跳包发送成功
[02:14:00 INF] 【直播间】11732699 的第 9 个心跳包发送成功
[02:14:01 INF] 【直播间】91164 的第 9 个心跳包发送成功
[02:14:02 INF] 【直播间】22764265 的第 9 个心跳包发送成功
[02:14:55 INF] 【直播间】23357926 的第 10 个心跳包发送成功
[02:14:57 INF] 【直播间】23040372 的第 10 个心跳包发送成功
[02:14:58 INF] 【直播间】31494 的第 10 个心跳包发送成功
[02:14:59 INF] 【直播间】4015781 的第 10 个心跳包发送成功
[02:15:00 INF] 【直播间】9619073 的第 10 个心跳包发送成功
[02:15:02 INF] 【直播间】407149 的第 10 个心跳包发送成功
[02:15:03 INF] 【直播间】7184632 的第 10 个心跳包发送成功
[02:15:04 INF] 【直播间】23447660 的第 10 个心跳包发送成功
[02:15:06 INF] 【直播间】929670 的第 10 个心跳包发送成功
[02:15:07 INF] 【直播间】11732699 的第 10 个心跳包发送成功
[02:15:08 INF] 【直播间】91164 的第 10 个心跳包发送成功
[02:15:09 INF] 【直播间】22764265 的第 10 个心跳包发送成功
[02:16:02 INF] 【直播间】23357926 的第 11 个心跳包发送成功
[02:16:03 INF] 【直播间】23040372 的第 11 个心跳包发送成功
[02:16:04 INF] 【直播间】31494 的第 11 个心跳包发送成功
[02:16:06 INF] 【直播间】4015781 的第 11 个心跳包发送成功
[02:16:07 INF] 【直播间】9619073 的第 11 个心跳包发送成功
[02:16:08 INF] 【直播间】407149 的第 11 个心跳包发送成功
[02:16:09 INF] 【直播间】7184632 的第 11 个心跳包发送成功
[02:16:11 INF] 【直播间】23447660 的第 11 个心跳包发送成功
[02:16:12 INF] 【直播间】929670 的第 11 个心跳包发送成功
[02:16:13 INF] 【直播间】11732699 的第 11 个心跳包发送成功
[02:16:15 INF] 【直播间】91164 的第 11 个心跳包发送成功
[02:16:16 INF] 【直播间】22764265 的第 11 个心跳包发送成功
[02:17:08 INF] 【直播间】23357926 的第 12 个心跳包发送成功
[02:17:10 INF] 【直播间】23040372 的第 12 个心跳包发送成功
[02:17:11 INF] 【直播间】31494 的第 12 个心跳包发送成功
[02:17:12 INF] 【直播间】4015781 的第 12 个心跳包发送成功
[02:17:13 INF] 【直播间】9619073 的第 12 个心跳包发送成功
[02:17:15 INF] 【直播间】407149 的第 12 个心跳包发送成功
[02:17:16 INF] 【直播间】7184632 的第 12 个心跳包发送成功
[02:17:17 INF] 【直播间】23447660 的第 12 个心跳包发送成功
[02:17:18 INF] 【直播间】929670 的第 12 个心跳包发送成功
[02:17:20 INF] 【直播间】11732699 的第 12 个心跳包发送成功
[02:17:21 INF] 【直播间】91164 的第 12 个心跳包发送成功
[02:17:22 INF] 【直播间】22764265 的第 12 个心跳包发送成功
[02:18:15 INF] 【直播间】23357926 的第 13 个心跳包发送成功
[02:18:17 INF] 【直播间】23040372 的第 13 个心跳包发送成功
[02:18:18 INF] 【直播间】31494 的第 13 个心跳包发送成功
[02:18:19 INF] 【直播间】4015781 的第 13 个心跳包发送成功
[02:18:20 INF] 【直播间】9619073 的第 13 个心跳包发送成功
[02:18:22 INF] 【直播间】407149 的第 13 个心跳包发送成功
[02:18:23 INF] 【直播间】7184632 的第 13 个心跳包发送成功
[02:18:24 INF] 【直播间】23447660 的第 13 个心跳包发送成功
[02:18:25 INF] 【直播间】929670 的第 13 个心跳包发送成功
[02:18:27 INF] 【直播间】11732699 的第 13 个心跳包发送成功
[02:18:28 INF] 【直播间】91164 的第 13 个心跳包发送成功
[02:18:29 INF] 【直播间】22764265 的第 13 个心跳包发送成功
[02:19:22 INF] 【直播间】23357926 的第 14 个心跳包发送成功
[02:19:23 INF] 【直播间】23040372 的第 14 个心跳包发送成功
[02:19:24 INF] 【直播间】31494 的第 14 个心跳包发送成功
[02:19:26 INF] 【直播间】4015781 的第 14 个心跳包发送成功
[02:19:27 INF] 【直播间】9619073 的第 14 个心跳包发送成功
[02:19:28 INF] 【直播间】407149 的第 14 个心跳包发送成功
[02:19:29 INF] 【直播间】7184632 的第 14 个心跳包发送成功
[02:19:31 INF] 【直播间】23447660 的第 14 个心跳包发送成功
[02:19:32 INF] 【直播间】929670 的第 14 个心跳包发送成功
[02:19:33 INF] 【直播间】11732699 的第 14 个心跳包发送成功
[02:19:34 INF] 【直播间】91164 的第 14 个心跳包发送成功
[02:19:36 INF] 【直播间】22764265 的第 14 个心跳包发送成功
[02:20:28 ERR] 【心跳包】直播间 23357926 发送失败
[02:20:28 ERR] 【原因】time check failed
[02:20:30 ERR] 【心跳包】直播间 23040372 发送失败
[02:20:30 ERR] 【原因】time check failed
[02:20:31 ERR] 【心跳包】直播间 31494 发送失败
[02:20:31 ERR] 【原因】time check failed
[02:20:32 ERR] 【心跳包】直播间 4015781 发送失败
[02:20:32 ERR] 【原因】time check failed
[02:20:33 ERR] 【心跳包】直播间 9619073 发送失败
[02:20:33 ERR] 【原因】time check failed
[02:20:35 ERR] 【心跳包】直播间 407149 发送失败
[02:20:35 ERR] 【原因】time check failed
[02:20:36 ERR] 【心跳包】直播间 7184632 发送失败
[02:20:36 ERR] 【原因】time check failed
[02:20:37 ERR] 【心跳包】直播间 23447660 发送失败
[02:20:37 ERR] 【原因】time check failed
[02:20:38 ERR] 【心跳包】直播间 929670 发送失败
[02:20:38 ERR] 【原因】time check failed
[02:20:40 ERR] 【心跳包】直播间 11732699 发送失败
[02:20:40 ERR] 【原因】time check failed
[02:20:41 ERR] 【心跳包】直播间 91164 发送失败
[02:20:41 ERR] 【原因】time check failed
[02:20:42 ERR] 【心跳包】直播间 22764265 发送失败
[02:20:42 ERR] 【原因】time check failed
[02:21:35 INF] 【直播间】23357926 的第 15 个心跳包发送成功
[02:21:36 INF] 【直播间】23040372 的第 15 个心跳包发送成功
[02:21:37 INF] 【直播间】31494 的第 15 个心跳包发送成功
[02:21:39 INF] 【直播间】4015781 的第 15 个心跳包发送成功
[02:21:40 INF] 【直播间】9619073 的第 15 个心跳包发送成功
[02:21:41 INF] 【直播间】407149 的第 15 个心跳包发送成功
[02:21:42 INF] 【直播间】7184632 的第 15 个心跳包发送成功
[02:21:44 INF] 【直播间】23447660 的第 15 个心跳包发送成功
[02:21:45 INF] 【直播间】929670 的第 15 个心跳包发送成功
[02:21:46 INF] 【直播间】11732699 的第 15 个心跳包发送成功
[02:21:48 INF] 【直播间】91164 的第 15 个心跳包发送成功
[02:21:49 INF] 【直播间】22764265 的第 15 个心跳包发送成功
[02:22:41 INF] 【直播间】23357926 的第 16 个心跳包发送成功
[02:22:43 INF] 【直播间】23040372 的第 16 个心跳包发送成功
[02:22:44 INF] 【直播间】31494 的第 16 个心跳包发送成功
[02:22:45 INF] 【直播间】4015781 的第 16 个心跳包发送成功
[02:22:46 INF] 【直播间】9619073 的第 16 个心跳包发送成功
[02:22:48 INF] 【直播间】407149 的第 16 个心跳包发送成功
[02:22:49 INF] 【直播间】7184632 的第 16 个心跳包发送成功
[02:22:50 INF] 【直播间】23447660 的第 16 个心跳包发送成功
[02:22:52 INF] 【直播间】929670 的第 16 个心跳包发送成功
[02:22:53 INF] 【直播间】11732699 的第 16 个心跳包发送成功
[02:22:54 INF] 【直播间】91164 的第 16 个心跳包发送成功
[02:22:55 INF] 【直播间】22764265 的第 16 个心跳包发送成功
[02:23:48 INF] 【直播间】23357926 的第 17 个心跳包发送成功
[02:23:50 INF] 【直播间】23040372 的第 17 个心跳包发送成功
[02:23:51 INF] 【直播间】31494 的第 17 个心跳包发送成功
[02:23:52 INF] 【直播间】4015781 的第 17 个心跳包发送成功
[02:23:53 INF] 【直播间】9619073 的第 17 个心跳包发送成功
[02:23:55 INF] 【直播间】407149 的第 17 个心跳包发送成功
[02:23:56 INF] 【直播间】7184632 的第 17 个心跳包发送成功
[02:23:57 INF] 【直播间】23447660 的第 17 个心跳包发送成功
[02:23:58 INF] 【直播间】929670 的第 17 个心跳包发送成功
[02:24:00 INF] 【直播间】11732699 的第 17 个心跳包发送成功
[02:24:01 INF] 【直播间】91164 的第 17 个心跳包发送成功
[02:24:02 INF] 【直播间】22764265 的第 17 个心跳包发送成功
[02:24:55 INF] 【直播间】23357926 的第 18 个心跳包发送成功
[02:24:56 INF] 【直播间】23040372 的第 18 个心跳包发送成功
[02:24:57 INF] 【直播间】31494 的第 18 个心跳包发送成功
[02:24:59 INF] 【直播间】4015781 的第 18 个心跳包发送成功
[02:25:00 INF] 【直播间】9619073 的第 18 个心跳包发送成功
[02:25:01 INF] 【直播间】407149 的第 18 个心跳包发送成功
[02:25:02 INF] 【直播间】7184632 的第 18 个心跳包发送成功
[02:25:04 INF] 【直播间】23447660 的第 18 个心跳包发送成功
[02:25:05 INF] 【直播间】929670 的第 18 个心跳包发送成功
[02:25:06 INF] 【直播间】11732699 的第 18 个心跳包发送成功
[02:25:07 INF] 【直播间】91164 的第 18 个心跳包发送成功
[02:25:09 INF] 【直播间】22764265 的第 18 个心跳包发送成功
[02:26:01 INF] 【直播间】23357926 的第 19 个心跳包发送成功
[02:26:03 INF] 【直播间】23040372 的第 19 个心跳包发送成功
[02:26:04 INF] 【直播间】31494 的第 19 个心跳包发送成功
[02:26:05 INF] 【直播间】4015781 的第 19 个心跳包发送成功
[02:26:06 INF] 【直播间】9619073 的第 19 个心跳包发送成功
[02:26:08 INF] 【直播间】407149 的第 19 个心跳包发送成功
[02:26:09 INF] 【直播间】7184632 的第 19 个心跳包发送成功
[02:26:10 INF] 【直播间】23447660 的第 19 个心跳包发送成功
[02:26:11 INF] 【直播间】929670 的第 19 个心跳包发送成功
[02:26:12 INF] 【直播间】11732699 的第 19 个心跳包发送成功
[02:26:14 INF] 【直播间】91164 的第 19 个心跳包发送成功
[02:26:15 INF] 【直播间】22764265 的第 19 个心跳包发送成功
[02:27:08 INF] 【直播间】23357926 的第 20 个心跳包发送成功
[02:27:09 INF] 【直播间】23040372 的第 20 个心跳包发送成功
[02:27:11 INF] 【直播间】31494 的第 20 个心跳包发送成功
[02:27:12 INF] 【直播间】4015781 的第 20 个心跳包发送成功
[02:27:13 INF] 【直播间】9619073 的第 20 个心跳包发送成功
[02:27:14 INF] 【直播间】407149 的第 20 个心跳包发送成功
[02:27:15 INF] 【直播间】7184632 的第 20 个心跳包发送成功
[02:27:17 INF] 【直播间】23447660 的第 20 个心跳包发送成功
[02:27:18 INF] 【直播间】929670 的第 20 个心跳包发送成功
[02:27:19 INF] 【直播间】11732699 的第 20 个心跳包发送成功
[02:27:21 INF] 【直播间】91164 的第 20 个心跳包发送成功
[02:27:22 INF] 【直播间】22764265 的第 20 个心跳包发送成功
[02:28:15 INF] 【直播间】23357926 的第 21 个心跳包发送成功
[02:28:16 INF] 【直播间】23040372 的第 21 个心跳包发送成功
[02:28:17 INF] 【直播间】31494 的第 21 个心跳包发送成功
[02:28:18 INF] 【直播间】4015781 的第 21 个心跳包发送成功
[02:28:19 INF] 【直播间】9619073 的第 21 个心跳包发送成功
[02:28:21 INF] 【直播间】407149 的第 21 个心跳包发送成功
[02:28:22 INF] 【直播间】7184632 的第 21 个心跳包发送成功
[02:28:23 INF] 【直播间】23447660 的第 21 个心跳包发送成功
[02:28:25 INF] 【直播间】929670 的第 21 个心跳包发送成功
[02:28:26 INF] 【直播间】11732699 的第 21 个心跳包发送成功
[02:28:27 INF] 【直播间】91164 的第 21 个心跳包发送成功
[02:28:28 INF] 【直播间】22764265 的第 21 个心跳包发送成功
[02:29:21 INF] 【直播间】23357926 的第 22 个心跳包发送成功
[02:29:22 INF] 【直播间】23040372 的第 22 个心跳包发送成功
[02:29:24 INF] 【直播间】31494 的第 22 个心跳包发送成功
[02:29:25 INF] 【直播间】4015781 的第 22 个心跳包发送成功
[02:29:26 INF] 【直播间】9619073 的第 22 个心跳包发送成功
[02:29:27 INF] 【直播间】407149 的第 22 个心跳包发送成功
[02:29:29 INF] 【直播间】7184632 的第 22 个心跳包发送成功
[02:29:30 INF] 【直播间】23447660 的第 22 个心跳包发送成功
[02:29:31 INF] 【直播间】929670 的第 22 个心跳包发送成功
[02:29:32 INF] 【直播间】11732699 的第 22 个心跳包发送成功
[02:29:34 INF] 【直播间】91164 的第 22 个心跳包发送成功
[02:29:35 INF] 【直播间】22764265 的第 22 个心跳包发送成功
[02:30:28 INF] 【直播间】23357926 的第 23 个心跳包发送成功
[02:30:29 INF] 【直播间】23040372 的第 23 个心跳包发送成功
[02:30:30 INF] 【直播间】31494 的第 23 个心跳包发送成功
[02:30:31 INF] 【直播间】4015781 的第 23 个心跳包发送成功
[02:30:33 INF] 【直播间】9619073 的第 23 个心跳包发送成功
[02:30:34 INF] 【直播间】407149 的第 23 个心跳包发送成功
[02:30:35 INF] 【直播间】7184632 的第 23 个心跳包发送成功
[02:30:36 INF] 【直播间】23447660 的第 23 个心跳包发送成功
[02:30:38 INF] 【直播间】929670 的第 23 个心跳包发送成功
[02:30:39 INF] 【直播间】11732699 的第 23 个心跳包发送成功
[02:30:40 INF] 【直播间】91164 的第 23 个心跳包发送成功
[02:30:41 INF] 【直播间】22764265 的第 23 个心跳包发送成功
[02:31:34 INF] 【直播间】23357926 的第 24 个心跳包发送成功
[02:31:35 INF] 【直播间】23040372 的第 24 个心跳包发送成功
[02:31:37 INF] 【直播间】31494 的第 24 个心跳包发送成功
[02:31:38 INF] 【直播间】4015781 的第 24 个心跳包发送成功
[02:31:39 INF] 【直播间】9619073 的第 24 个心跳包发送成功
[02:31:40 INF] 【直播间】407149 的第 24 个心跳包发送成功
[02:31:41 INF] 【直播间】7184632 的第 24 个心跳包发送成功
[02:31:43 INF] 【直播间】23447660 的第 24 个心跳包发送成功
[02:31:44 INF] 【直播间】929670 的第 24 个心跳包发送成功
[02:31:45 INF] 【直播间】11732699 的第 24 个心跳包发送成功
[02:31:46 INF] 【直播间】91164 的第 24 个心跳包发送成功
[02:31:48 INF] 【直播间】22764265 的第 24 个心跳包发送成功
[02:32:41 INF] 【直播间】23357926 的第 25 个心跳包发送成功
[02:32:42 INF] 【直播间】23040372 的第 25 个心跳包发送成功
[02:32:43 INF] 【直播间】31494 的第 25 个心跳包发送成功
[02:32:44 INF] 【直播间】4015781 的第 25 个心跳包发送成功
[02:32:45 INF] 【直播间】9619073 的第 25 个心跳包发送成功
[02:32:47 INF] 【直播间】407149 的第 25 个心跳包发送成功
[02:32:48 INF] 【直播间】7184632 的第 25 个心跳包发送成功
[02:32:49 INF] 【直播间】23447660 的第 25 个心跳包发送成功
[02:32:50 INF] 【直播间】929670 的第 25 个心跳包发送成功
[02:32:52 INF] 【直播间】11732699 的第 25 个心跳包发送成功
[02:32:53 INF] 【直播间】91164 的第 25 个心跳包发送成功
[02:32:54 INF] 【直播间】22764265 的第 25 个心跳包发送成功
[02:33:47 INF] 【直播间】23357926 的第 26 个心跳包发送成功
[02:33:48 INF] 【直播间】23040372 的第 26 个心跳包发送成功
[02:33:50 INF] 【直播间】31494 的第 26 个心跳包发送成功
[02:33:51 INF] 【直播间】4015781 的第 26 个心跳包发送成功
[02:33:52 INF] 【直播间】9619073 的第 26 个心跳包发送成功
[02:33:53 INF] 【直播间】407149 的第 26 个心跳包发送成功
[02:33:55 INF] 【直播间】7184632 的第 26 个心跳包发送成功
[02:33:56 INF] 【直播间】23447660 的第 26 个心跳包发送成功
[02:33:57 INF] 【直播间】929670 的第 26 个心跳包发送成功
[02:33:58 INF] 【直播间】11732699 的第 26 个心跳包发送成功
[02:34:00 INF] 【直播间】91164 的第 26 个心跳包发送成功
[02:34:01 INF] 【直播间】22764265 的第 26 个心跳包发送成功
[02:34:54 INF] 【直播间】23357926 的第 27 个心跳包发送成功
[02:34:55 INF] 【直播间】23040372 的第 27 个心跳包发送成功
[02:34:56 INF] 【直播间】31494 的第 27 个心跳包发送成功
[02:34:58 INF] 【直播间】4015781 的第 27 个心跳包发送成功
[02:34:59 INF] 【直播间】9619073 的第 27 个心跳包发送成功
[02:35:00 INF] 【直播间】407149 的第 27 个心跳包发送成功
[02:35:01 INF] 【直播间】7184632 的第 27 个心跳包发送成功
[02:35:03 INF] 【直播间】23447660 的第 27 个心跳包发送成功
[02:35:04 INF] 【直播间】929670 的第 27 个心跳包发送成功
[02:35:05 INF] 【直播间】11732699 的第 27 个心跳包发送成功
[02:35:06 INF] 【直播间】91164 的第 27 个心跳包发送成功
[02:35:08 INF] 【直播间】22764265 的第 27 个心跳包发送成功
[02:36:01 ERR] 【心跳包】直播间 23357926 发送失败
[02:36:01 ERR] 【原因】time check failed
[02:36:02 ERR] 【心跳包】直播间 23040372 发送失败
[02:36:02 ERR] 【原因】time check failed
[02:36:03 ERR] 【心跳包】直播间 31494 发送失败
[02:36:03 ERR] 【原因】time check failed
[02:36:04 ERR] 【心跳包】直播间 4015781 发送失败
[02:36:04 ERR] 【原因】time check failed
[02:36:06 ERR] 【心跳包】直播间 9619073 发送失败
[02:36:06 ERR] 【原因】time check failed
[02:36:07 ERR] 【心跳包】直播间 407149 发送失败
[02:36:07 ERR] 【原因】time check failed
[02:36:08 ERR] 【心跳包】直播间 7184632 发送失败
[02:36:08 ERR] 【原因】time check failed
[02:36:09 ERR] 【心跳包】直播间 23447660 发送失败
[02:36:09 ERR] 【原因】time check failed
[02:36:11 ERR] 【心跳包】直播间 929670 发送失败
[02:36:11 ERR] 【原因】time check failed
[02:36:12 ERR] 【心跳包】直播间 11732699 发送失败
[02:36:12 ERR] 【原因】time check failed
[02:36:13 ERR] 【心跳包】直播间 91164 发送失败
[02:36:13 ERR] 【原因】time check failed
[02:36:14 ERR] 【心跳包】直播间 22764265 发送失败
[02:36:14 ERR] 【原因】time check failed
[02:37:07 INF] 【直播间】23357926 的第 28 个心跳包发送成功
[02:37:08 INF] 【直播间】23040372 的第 28 个心跳包发送成功
[02:37:10 INF] 【直播间】31494 的第 28 个心跳包发送成功
[02:37:11 INF] 【直播间】4015781 的第 28 个心跳包发送成功
[02:37:12 INF] 【直播间】9619073 的第 28 个心跳包发送成功
[02:37:13 INF] 【直播间】407149 的第 28 个心跳包发送成功
[02:37:15 INF] 【直播间】7184632 的第 28 个心跳包发送成功
[02:37:16 INF] 【直播间】23447660 的第 28 个心跳包发送成功
[02:37:17 INF] 【直播间】929670 的第 28 个心跳包发送成功
[02:37:18 INF] 【直播间】11732699 的第 28 个心跳包发送成功
[02:37:20 INF] 【直播间】91164 的第 28 个心跳包发送成功
[02:37:21 INF] 【直播间】22764265 的第 28 个心跳包发送成功
[02:38:14 INF] 【直播间】23357926 的第 29 个心跳包发送成功
[02:38:15 INF] 【直播间】23040372 的第 29 个心跳包发送成功
[02:38:16 INF] 【直播间】31494 的第 29 个心跳包发送成功
[02:38:18 INF] 【直播间】4015781 的第 29 个心跳包发送成功
[02:38:19 INF] 【直播间】9619073 的第 29 个心跳包发送成功
[02:38:20 INF] 【直播间】407149 的第 29 个心跳包发送成功
[02:38:21 INF] 【直播间】7184632 的第 29 个心跳包发送成功
[02:38:23 INF] 【直播间】23447660 的第 29 个心跳包发送成功
[02:38:24 INF] 【直播间】929670 的第 29 个心跳包发送成功
[02:38:25 INF] 【直播间】11732699 的第 29 个心跳包发送成功
[02:38:26 INF] 【直播间】91164 的第 29 个心跳包发送成功
[02:38:28 INF] 【直播间】22764265 的第 29 个心跳包发送成功
[02:39:20 INF] 【直播间】23357926 的第 30 个心跳包发送成功
[02:39:21 INF] 【直播间】23040372 的第 30 个心跳包发送成功
[02:39:23 INF] 【直播间】31494 的第 30 个心跳包发送成功
[02:39:24 INF] 【直播间】4015781 的第 30 个心跳包发送成功
[02:39:25 INF] 【直播间】9619073 的第 30 个心跳包发送成功
[02:39:27 INF] 【直播间】407149 的第 30 个心跳包发送成功
[02:39:28 INF] 【直播间】7184632 的第 30 个心跳包发送成功
[02:39:29 INF] 【直播间】23447660 的第 30 个心跳包发送成功
[02:39:30 INF] 【直播间】929670 的第 30 个心跳包发送成功
[02:39:32 INF] 【直播间】11732699 的第 30 个心跳包发送成功
[02:39:33 INF] 【直播间】91164 的第 30 个心跳包发送成功
[02:39:34 INF] 【直播间】22764265 的第 30 个心跳包发送成功
[02:40:27 INF] 【直播间】23357926 的第 31 个心跳包发送成功
[02:40:28 INF] 【直播间】23040372 的第 31 个心跳包发送成功
[02:40:30 INF] 【直播间】31494 的第 31 个心跳包发送成功
[02:40:31 INF] 【直播间】4015781 的第 31 个心跳包发送成功
[02:40:32 INF] 【直播间】9619073 的第 31 个心跳包发送成功
[02:40:33 INF] 【直播间】407149 的第 31 个心跳包发送成功
[02:40:34 INF] 【直播间】7184632 的第 31 个心跳包发送成功
[02:40:36 INF] 【直播间】23447660 的第 31 个心跳包发送成功
[02:40:37 INF] 【直播间】929670 的第 31 个心跳包发送成功
[02:40:38 INF] 【直播间】11732699 的第 31 个心跳包发送成功
[02:40:39 INF] 【直播间】91164 的第 31 个心跳包发送成功
[02:40:41 INF] 【直播间】22764265 的第 31 个心跳包发送成功
[02:41:33 INF] 【直播间】23357926 的第 32 个心跳包发送成功
[02:41:35 INF] 【直播间】23040372 的第 32 个心跳包发送成功
[02:41:36 INF] 【直播间】31494 的第 32 个心跳包发送成功
[02:41:37 INF] 【直播间】4015781 的第 32 个心跳包发送成功
[02:41:38 INF] 【直播间】9619073 的第 32 个心跳包发送成功
[02:41:40 INF] 【直播间】407149 的第 32 个心跳包发送成功
[02:41:41 INF] 【直播间】7184632 的第 32 个心跳包发送成功
[02:41:42 INF] 【直播间】23447660 的第 32 个心跳包发送成功
[02:41:43 INF] 【直播间】929670 的第 32 个心跳包发送成功
[02:41:45 INF] 【直播间】11732699 的第 32 个心跳包发送成功
[02:41:46 INF] 【直播间】91164 的第 32 个心跳包发送成功
[02:41:47 INF] 【直播间】22764265 的第 32 个心跳包发送成功
[02:42:40 INF] 【直播间】23357926 的第 33 个心跳包发送成功
[02:42:41 INF] 【直播间】23040372 的第 33 个心跳包发送成功
[02:42:43 INF] 【直播间】31494 的第 33 个心跳包发送成功
[02:42:44 INF] 【直播间】4015781 的第 33 个心跳包发送成功
[02:42:45 INF] 【直播间】9619073 的第 33 个心跳包发送成功
[02:42:46 INF] 【直播间】407149 的第 33 个心跳包发送成功
[02:42:48 INF] 【直播间】7184632 的第 33 个心跳包发送成功
[02:42:49 INF] 【直播间】23447660 的第 33 个心跳包发送成功
[02:42:50 INF] 【直播间】929670 的第 33 个心跳包发送成功
[02:42:51 INF] 【直播间】11732699 的第 33 个心跳包发送成功
[02:42:53 INF] 【直播间】91164 的第 33 个心跳包发送成功
[02:42:54 INF] 【直播间】22764265 的第 33 个心跳包发送成功
[02:43:46 INF] 【直播间】23357926 的第 34 个心跳包发送成功
[02:43:48 INF] 【直播间】23040372 的第 34 个心跳包发送成功
[02:43:49 INF] 【直播间】31494 的第 34 个心跳包发送成功
[02:43:50 INF] 【直播间】4015781 的第 34 个心跳包发送成功
[02:43:52 INF] 【直播间】9619073 的第 34 个心跳包发送成功
[02:43:53 INF] 【直播间】407149 的第 34 个心跳包发送成功
[02:43:54 INF] 【直播间】7184632 的第 34 个心跳包发送成功
[02:43:55 INF] 【直播间】23447660 的第 34 个心跳包发送成功
[02:43:56 INF] 【直播间】929670 的第 34 个心跳包发送成功
[02:43:58 INF] 【直播间】11732699 的第 34 个心跳包发送成功
[02:43:59 INF] 【直播间】91164 的第 34 个心跳包发送成功
[02:44:00 INF] 【直播间】22764265 的第 34 个心跳包发送成功
[02:44:53 INF] 【直播间】23357926 的第 35 个心跳包发送成功
[02:44:54 INF] 【直播间】23040372 的第 35 个心跳包发送成功
[02:44:55 INF] 【直播间】31494 的第 35 个心跳包发送成功
[02:44:57 INF] 【直播间】4015781 的第 35 个心跳包发送成功
[02:44:58 INF] 【直播间】9619073 的第 35 个心跳包发送成功
[02:44:59 INF] 【直播间】407149 的第 35 个心跳包发送成功
[02:45:00 INF] 【直播间】7184632 的第 35 个心跳包发送成功
[02:45:02 INF] 【直播间】23447660 的第 35 个心跳包发送成功
[02:45:03 INF] 【直播间】929670 的第 35 个心跳包发送成功
[02:45:04 INF] 【直播间】11732699 的第 35 个心跳包发送成功
[02:45:05 INF] 【直播间】91164 的第 35 个心跳包发送成功
[02:45:07 INF] 【直播间】22764265 的第 35 个心跳包发送成功
[02:46:00 INF] 【直播间】23357926 的第 36 个心跳包发送成功
[02:46:01 INF] 【直播间】23040372 的第 36 个心跳包发送成功
[02:46:02 INF] 【直播间】31494 的第 36 个心跳包发送成功
[02:46:04 INF] 【直播间】4015781 的第 36 个心跳包发送成功
[02:46:05 INF] 【直播间】9619073 的第 36 个心跳包发送成功
[02:46:06 INF] 【直播间】407149 的第 36 个心跳包发送成功
[02:46:07 INF] 【直播间】7184632 的第 36 个心跳包发送成功
[02:46:08 INF] 【直播间】23447660 的第 36 个心跳包发送成功
[02:46:10 INF] 【直播间】929670 的第 36 个心跳包发送成功
[02:46:11 INF] 【直播间】11732699 的第 36 个心跳包发送成功
[02:46:12 INF] 【直播间】91164 的第 36 个心跳包发送成功
[02:46:14 INF] 【直播间】22764265 的第 36 个心跳包发送成功
[02:47:06 INF] 【直播间】23357926 的第 37 个心跳包发送成功
[02:47:08 INF] 【直播间】23040372 的第 37 个心跳包发送成功
[02:47:09 INF] 【直播间】31494 的第 37 个心跳包发送成功
[02:47:10 INF] 【直播间】4015781 的第 37 个心跳包发送成功
[02:47:11 INF] 【直播间】9619073 的第 37 个心跳包发送成功
[02:47:12 INF] 【直播间】407149 的第 37 个心跳包发送成功
[02:47:14 INF] 【直播间】7184632 的第 37 个心跳包发送成功
[02:47:15 INF] 【直播间】23447660 的第 37 个心跳包发送成功
[02:47:16 INF] 【直播间】929670 的第 37 个心跳包发送成功
[02:47:18 INF] 【直播间】11732699 的第 37 个心跳包发送成功
[02:47:19 INF] 【直播间】91164 的第 37 个心跳包发送成功
[02:47:20 INF] 【直播间】22764265 的第 37 个心跳包发送成功
[02:48:13 INF] 【直播间】23357926 的第 38 个心跳包发送成功
[02:48:14 INF] 【直播间】23040372 的第 38 个心跳包发送成功
[02:48:15 INF] 【直播间】31494 的第 38 个心跳包发送成功
[02:48:17 INF] 【直播间】4015781 的第 38 个心跳包发送成功
[02:48:18 INF] 【直播间】9619073 的第 38 个心跳包发送成功
[02:48:19 INF] 【直播间】407149 的第 38 个心跳包发送成功
[02:48:20 INF] 【直播间】7184632 的第 38 个心跳包发送成功
[02:48:22 INF] 【直播间】23447660 的第 38 个心跳包发送成功
[02:48:23 INF] 【直播间】929670 的第 38 个心跳包发送成功
[02:48:24 INF] 【直播间】11732699 的第 38 个心跳包发送成功
[02:48:25 INF] 【直播间】91164 的第 38 个心跳包发送成功
[02:48:27 INF] 【直播间】22764265 的第 38 个心跳包发送成功
[02:49:19 INF] 【直播间】23357926 的第 39 个心跳包发送成功
[02:49:21 INF] 【直播间】23040372 的第 39 个心跳包发送成功
[02:49:22 INF] 【直播间】31494 的第 39 个心跳包发送成功
[02:49:23 INF] 【直播间】4015781 的第 39 个心跳包发送成功
[02:49:24 INF] 【直播间】9619073 的第 39 个心跳包发送成功
[02:49:26 INF] 【直播间】407149 的第 39 个心跳包发送成功
[02:49:27 INF] 【直播间】7184632 的第 39 个心跳包发送成功
[02:49:28 INF] 【直播间】23447660 的第 39 个心跳包发送成功
[02:49:30 INF] 【直播间】929670 的第 39 个心跳包发送成功
[02:49:31 INF] 【直播间】11732699 的第 39 个心跳包发送成功
[02:49:32 INF] 【直播间】91164 的第 39 个心跳包发送成功
[02:49:33 INF] 【直播间】22764265 的第 39 个心跳包发送成功
[02:50:26 INF] 【直播间】23357926 的第 40 个心跳包发送成功
[02:50:27 INF] 【直播间】23040372 的第 40 个心跳包发送成功
[02:50:29 INF] 【直播间】31494 的第 40 个心跳包发送成功
[02:50:30 INF] 【直播间】4015781 的第 40 个心跳包发送成功
[02:50:31 INF] 【直播间】9619073 的第 40 个心跳包发送成功
[02:50:32 INF] 【直播间】407149 的第 40 个心跳包发送成功
[02:50:33 INF] 【直播间】7184632 的第 40 个心跳包发送成功
[02:50:35 INF] 【直播间】23447660 的第 40 个心跳包发送成功
[02:50:36 INF] 【直播间】929670 的第 40 个心跳包发送成功
[02:50:37 INF] 【直播间】11732699 的第 40 个心跳包发送成功
[02:50:38 INF] 【直播间】91164 的第 40 个心跳包发送成功
[02:50:40 INF] 【直播间】22764265 的第 40 个心跳包发送成功
[02:51:33 ERR] 【心跳包】直播间 23357926 发送失败
[02:51:33 ERR] 【原因】time check failed
[02:51:34 ERR] 【心跳包】直播间 23040372 发送失败
[02:51:34 ERR] 【原因】time check failed
[02:51:35 ERR] 【心跳包】直播间 31494 发送失败
[02:51:35 ERR] 【原因】time check failed
[02:51:36 ERR] 【心跳包】直播间 4015781 发送失败
[02:51:36 ERR] 【原因】time check failed
[02:51:38 ERR] 【心跳包】直播间 9619073 发送失败
[02:51:38 ERR] 【原因】time check failed
[02:51:39 ERR] 【心跳包】直播间 407149 发送失败
[02:51:39 ERR] 【原因】time check failed
[02:51:40 ERR] 【心跳包】直播间 7184632 发送失败
[02:51:40 ERR] 【原因】time check failed
[02:51:41 ERR] 【心跳包】直播间 23447660 发送失败
[02:51:41 ERR] 【原因】time check failed
[02:51:43 ERR] 【心跳包】直播间 929670 发送失败
[02:51:43 ERR] 【原因】time check failed
[02:51:44 ERR] 【心跳包】直播间 11732699 发送失败
[02:51:44 ERR] 【原因】time check failed
[02:51:45 ERR] 【心跳包】直播间 91164 发送失败
[02:51:45 ERR] 【原因】time check failed
[02:51:46 ERR] 【心跳包】直播间 22764265 发送失败
[02:51:46 ERR] 【原因】time check failed
[02:52:39 INF] 【直播间】23357926 的第 41 个心跳包发送成功
[02:52:40 INF] 【直播间】23040372 的第 41 个心跳包发送成功
[02:52:42 INF] 【直播间】31494 的第 41 个心跳包发送成功
[02:52:43 INF] 【直播间】4015781 的第 41 个心跳包发送成功
[02:52:44 INF] 【直播间】9619073 的第 41 个心跳包发送成功
[02:52:46 INF] 【直播间】407149 的第 41 个心跳包发送成功
[02:52:47 INF] 【直播间】7184632 的第 41 个心跳包发送成功
[02:52:48 INF] 【直播间】23447660 的第 41 个心跳包发送成功
[02:52:49 INF] 【直播间】929670 的第 41 个心跳包发送成功
[02:52:50 INF] 【直播间】11732699 的第 41 个心跳包发送成功
[02:52:52 INF] 【直播间】91164 的第 41 个心跳包发送成功
[02:52:53 INF] 【直播间】22764265 的第 41 个心跳包发送成功
[02:53:46 INF] 【直播间】23357926 的第 42 个心跳包发送成功
[02:53:47 INF] 【直播间】23040372 的第 42 个心跳包发送成功
[02:53:48 INF] 【直播间】31494 的第 42 个心跳包发送成功
[02:53:50 INF] 【直播间】4015781 的第 42 个心跳包发送成功
[02:53:51 INF] 【直播间】9619073 的第 42 个心跳包发送成功
[02:53:52 INF] 【直播间】407149 的第 42 个心跳包发送成功
[02:53:53 INF] 【直播间】7184632 的第 42 个心跳包发送成功
[02:53:55 INF] 【直播间】23447660 的第 42 个心跳包发送成功
[02:53:56 INF] 【直播间】929670 的第 42 个心跳包发送成功
[02:53:57 INF] 【直播间】11732699 的第 42 个心跳包发送成功
[02:53:58 INF] 【直播间】91164 的第 42 个心跳包发送成功
[02:54:00 INF] 【直播间】22764265 的第 42 个心跳包发送成功
[02:54:52 INF] 【直播间】23357926 的第 43 个心跳包发送成功
[02:54:54 INF] 【直播间】23040372 的第 43 个心跳包发送成功
[02:54:55 INF] 【直播间】31494 的第 43 个心跳包发送成功
[02:54:56 INF] 【直播间】4015781 的第 43 个心跳包发送成功
[02:54:58 INF] 【直播间】9619073 的第 43 个心跳包发送成功
[02:54:59 INF] 【直播间】407149 的第 43 个心跳包发送成功
[02:55:00 INF] 【直播间】7184632 的第 43 个心跳包发送成功
[02:55:01 INF] 【直播间】23447660 的第 43 个心跳包发送成功
[02:55:03 INF] 【直播间】929670 的第 43 个心跳包发送成功
[02:55:04 INF] 【直播间】11732699 的第 43 个心跳包发送成功
[02:55:05 INF] 【直播间】91164 的第 43 个心跳包发送成功
[02:55:06 INF] 【直播间】22764265 的第 43 个心跳包发送成功
[02:55:59 INF] 【直播间】23357926 的第 44 个心跳包发送成功
[02:56:00 INF] 【直播间】23040372 的第 44 个心跳包发送成功
[02:56:02 INF] 【直播间】31494 的第 44 个心跳包发送成功
[02:56:03 INF] 【直播间】4015781 的第 44 个心跳包发送成功
[02:56:04 INF] 【直播间】9619073 的第 44 个心跳包发送成功
[02:56:05 INF] 【直播间】407149 的第 44 个心跳包发送成功
[02:56:07 INF] 【直播间】7184632 的第 44 个心跳包发送成功
[02:56:08 INF] 【直播间】23447660 的第 44 个心跳包发送成功
[02:56:09 INF] 【直播间】929670 的第 44 个心跳包发送成功
[02:56:10 INF] 【直播间】11732699 的第 44 个心跳包发送成功
[02:56:12 INF] 【直播间】91164 的第 44 个心跳包发送成功
[02:56:13 INF] 【直播间】22764265 的第 44 个心跳包发送成功
[02:57:06 INF] 【直播间】23357926 的第 45 个心跳包发送成功
[02:57:07 INF] 【直播间】23040372 的第 45 个心跳包发送成功
[02:57:08 INF] 【直播间】31494 的第 45 个心跳包发送成功
[02:57:09 INF] 【直播间】4015781 的第 45 个心跳包发送成功
[02:57:10 INF] 【直播间】9619073 的第 45 个心跳包发送成功
[02:57:12 INF] 【直播间】407149 的第 45 个心跳包发送成功
[02:57:13 INF] 【直播间】7184632 的第 45 个心跳包发送成功
[02:57:14 INF] 【直播间】23447660 的第 45 个心跳包发送成功
[02:57:16 INF] 【直播间】929670 的第 45 个心跳包发送成功
[02:57:17 INF] 【直播间】11732699 的第 45 个心跳包发送成功
[02:57:18 INF] 【直播间】91164 的第 45 个心跳包发送成功
[02:57:20 INF] 【直播间】22764265 的第 45 个心跳包发送成功
[02:58:12 INF] 【直播间】23357926 的第 46 个心跳包发送成功
[02:58:13 INF] 【直播间】23040372 的第 46 个心跳包发送成功
[02:58:15 INF] 【直播间】31494 的第 46 个心跳包发送成功
[02:58:16 INF] 【直播间】4015781 的第 46 个心跳包发送成功
[02:58:17 INF] 【直播间】9619073 的第 46 个心跳包发送成功
[02:58:18 INF] 【直播间】407149 的第 46 个心跳包发送成功
[02:58:19 INF] 【直播间】7184632 的第 46 个心跳包发送成功
[02:58:21 INF] 【直播间】23447660 的第 46 个心跳包发送成功
[02:58:22 INF] 【直播间】929670 的第 46 个心跳包发送成功
[02:58:23 INF] 【直播间】11732699 的第 46 个心跳包发送成功
[02:58:25 INF] 【直播间】91164 的第 46 个心跳包发送成功
[02:58:26 INF] 【直播间】22764265 的第 46 个心跳包发送成功
[02:59:19 INF] 【直播间】23357926 的第 47 个心跳包发送成功
[02:59:20 INF] 【直播间】23040372 的第 47 个心跳包发送成功
[02:59:21 INF] 【直播间】31494 的第 47 个心跳包发送成功
[02:59:23 INF] 【直播间】4015781 的第 47 个心跳包发送成功
[02:59:24 INF] 【直播间】9619073 的第 47 个心跳包发送成功
[02:59:25 INF] 【直播间】407149 的第 47 个心跳包发送成功
[02:59:26 INF] 【直播间】7184632 的第 47 个心跳包发送成功
[02:59:27 INF] 【直播间】23447660 的第 47 个心跳包发送成功
[02:59:29 INF] 【直播间】929670 的第 47 个心跳包发送成功
[02:59:30 INF] 【直播间】11732699 的第 47 个心跳包发送成功
[02:59:31 INF] 【直播间】91164 的第 47 个心跳包发送成功
[02:59:32 INF] 【直播间】22764265 的第 47 个心跳包发送成功
[03:00:25 INF] 【直播间】23357926 的第 48 个心跳包发送成功
[03:00:27 INF] 【直播间】23040372 的第 48 个心跳包发送成功
[03:00:28 INF] 【直播间】31494 的第 48 个心跳包发送成功
[03:00:29 INF] 【直播间】4015781 的第 48 个心跳包发送成功
[03:00:30 INF] 【直播间】9619073 的第 48 个心跳包发送成功
[03:00:31 INF] 【直播间】407149 的第 48 个心跳包发送成功
[03:00:33 INF] 【直播间】7184632 的第 48 个心跳包发送成功
[03:00:34 INF] 【直播间】23447660 的第 48 个心跳包发送成功
[03:00:35 INF] 【直播间】929670 的第 48 个心跳包发送成功
[03:00:36 INF] 【直播间】11732699 的第 48 个心跳包发送成功
[03:00:38 INF] 【直播间】91164 的第 48 个心跳包发送成功
[03:00:39 INF] 【直播间】22764265 的第 48 个心跳包发送成功
[03:01:32 INF] 【直播间】23357926 的第 49 个心跳包发送成功
[03:01:33 INF] 【直播间】23040372 的第 49 个心跳包发送成功
[03:01:34 INF] 【直播间】31494 的第 49 个心跳包发送成功
[03:01:36 INF] 【直播间】4015781 的第 49 个心跳包发送成功
[03:01:37 INF] 【直播间】9619073 的第 49 个心跳包发送成功
[03:01:38 INF] 【直播间】407149 的第 49 个心跳包发送成功
[03:01:40 INF] 【直播间】7184632 的第 49 个心跳包发送成功
[03:01:41 INF] 【直播间】23447660 的第 49 个心跳包发送成功
[03:01:42 INF] 【直播间】929670 的第 49 个心跳包发送成功
[03:01:43 INF] 【直播间】11732699 的第 49 个心跳包发送成功
[03:01:45 INF] 【直播间】91164 的第 49 个心跳包发送成功
[03:01:46 INF] 【直播间】22764265 的第 49 个心跳包发送成功
[03:02:38 INF] 【直播间】23357926 的第 50 个心跳包发送成功
[03:02:40 INF] 【直播间】23040372 的第 50 个心跳包发送成功
[03:02:41 INF] 【直播间】31494 的第 50 个心跳包发送成功
[03:02:42 INF] 【直播间】4015781 的第 50 个心跳包发送成功
[03:02:43 INF] 【直播间】9619073 的第 50 个心跳包发送成功
[03:02:45 INF] 【直播间】407149 的第 50 个心跳包发送成功
[03:02:46 INF] 【直播间】7184632 的第 50 个心跳包发送成功
[03:02:47 INF] 【直播间】23447660 的第 50 个心跳包发送成功
[03:02:49 INF] 【直播间】929670 的第 50 个心跳包发送成功
[03:02:50 INF] 【直播间】11732699 的第 50 个心跳包发送成功
[03:02:51 INF] 【直播间】91164 的第 50 个心跳包发送成功
[03:02:53 INF] 【直播间】22764265 的第 50 个心跳包发送成功
[03:03:45 INF] 【直播间】23357926 的第 51 个心跳包发送成功
[03:03:46 INF] 【直播间】23040372 的第 51 个心跳包发送成功
[03:03:47 INF] 【直播间】31494 的第 51 个心跳包发送成功
[03:03:49 INF] 【直播间】4015781 的第 51 个心跳包发送成功
[03:03:50 INF] 【直播间】9619073 的第 51 个心跳包发送成功
[03:03:52 INF] 【直播间】407149 的第 51 个心跳包发送成功
[03:03:53 INF] 【直播间】7184632 的第 51 个心跳包发送成功
[03:03:54 INF] 【直播间】23447660 的第 51 个心跳包发送成功
[03:03:56 INF] 【直播间】929670 的第 51 个心跳包发送成功
[03:03:57 INF] 【直播间】11732699 的第 51 个心跳包发送成功
[03:03:58 INF] 【直播间】91164 的第 51 个心跳包发送成功
[03:03:59 INF] 【直播间】22764265 的第 51 个心跳包发送成功
[03:04:52 INF] 【直播间】23357926 的第 52 个心跳包发送成功
[03:04:53 INF] 【直播间】23040372 的第 52 个心跳包发送成功
[03:04:54 INF] 【直播间】31494 的第 52 个心跳包发送成功
[03:04:56 INF] 【直播间】4015781 的第 52 个心跳包发送成功
[03:04:57 INF] 【直播间】9619073 的第 52 个心跳包发送成功
[03:04:58 INF] 【直播间】407149 的第 52 个心跳包发送成功
[03:04:59 INF] 【直播间】7184632 的第 52 个心跳包发送成功
[03:05:01 INF] 【直播间】23447660 的第 52 个心跳包发送成功
[03:05:02 INF] 【直播间】929670 的第 52 个心跳包发送成功
[03:05:03 INF] 【直播间】11732699 的第 52 个心跳包发送成功
[03:05:04 INF] 【直播间】91164 的第 52 个心跳包发送成功
[03:05:05 INF] 【直播间】22764265 的第 52 个心跳包发送成功
[03:05:58 INF] 【直播间】23357926 的第 53 个心跳包发送成功
[03:05:59 INF] 【直播间】23040372 的第 53 个心跳包发送成功
[03:06:01 INF] 【直播间】31494 的第 53 个心跳包发送成功
[03:06:02 INF] 【直播间】4015781 的第 53 个心跳包发送成功
[03:06:03 INF] 【直播间】9619073 的第 53 个心跳包发送成功
[03:06:04 INF] 【直播间】407149 的第 53 个心跳包发送成功
[03:06:06 INF] 【直播间】7184632 的第 53 个心跳包发送成功
[03:06:07 INF] 【直播间】23447660 的第 53 个心跳包发送成功
[03:06:08 INF] 【直播间】929670 的第 53 个心跳包发送成功
[03:06:09 INF] 【直播间】11732699 的第 53 个心跳包发送成功
[03:06:11 INF] 【直播间】91164 的第 53 个心跳包发送成功
[03:06:12 INF] 【直播间】22764265 的第 53 个心跳包发送成功
[03:07:05 ERR] 【心跳包】直播间 23357926 发送失败
[03:07:05 ERR] 【原因】time check failed
[03:07:06 ERR] 【心跳包】直播间 23040372 发送失败
[03:07:06 ERR] 【原因】time check failed
[03:07:07 ERR] 【心跳包】直播间 31494 发送失败
[03:07:07 ERR] 【原因】time check failed
[03:07:09 ERR] 【心跳包】直播间 4015781 发送失败
[03:07:09 ERR] 【原因】time check failed
[03:07:10 ERR] 【心跳包】直播间 9619073 发送失败
[03:07:10 ERR] 【原因】time check failed
[03:07:11 ERR] 【心跳包】直播间 407149 发送失败
[03:07:11 ERR] 【原因】time check failed
[03:07:12 ERR] 【心跳包】直播间 7184632 发送失败
[03:07:12 ERR] 【原因】time check failed
[03:07:14 ERR] 【心跳包】直播间 23447660 发送失败
[03:07:14 ERR] 【原因】time check failed
[03:07:15 ERR] 【心跳包】直播间 929670 发送失败
[03:07:15 ERR] 【原因】time check failed
[03:07:16 ERR] 【心跳包】直播间 11732699 发送失败
[03:07:16 ERR] 【原因】time check failed
[03:07:17 ERR] 【心跳包】直播间 91164 发送失败
[03:07:17 ERR] 【原因】time check failed
[03:07:19 ERR] 【心跳包】直播间 22764265 发送失败
[03:07:19 ERR] 【原因】time check failed
[03:08:11 INF] 【直播间】23357926 的第 54 个心跳包发送成功
[03:08:13 INF] 【直播间】23040372 的第 54 个心跳包发送成功
[03:08:14 INF] 【直播间】31494 的第 54 个心跳包发送成功
[03:08:15 INF] 【直播间】4015781 的第 54 个心跳包发送成功
[03:08:16 INF] 【直播间】9619073 的第 54 个心跳包发送成功
[03:08:18 INF] 【直播间】407149 的第 54 个心跳包发送成功
[03:08:19 INF] 【直播间】7184632 的第 54 个心跳包发送成功
[03:08:20 INF] 【直播间】23447660 的第 54 个心跳包发送成功
[03:08:21 INF] 【直播间】929670 的第 54 个心跳包发送成功
[03:08:23 INF] 【直播间】11732699 的第 54 个心跳包发送成功
[03:08:24 INF] 【直播间】91164 的第 54 个心跳包发送成功
[03:08:25 INF] 【直播间】22764265 的第 54 个心跳包发送成功
[03:09:18 INF] 【直播间】23357926 的第 55 个心跳包发送成功
[03:09:19 INF] 【直播间】23040372 的第 55 个心跳包发送成功
[03:09:20 INF] 【直播间】31494 的第 55 个心跳包发送成功
[03:09:22 INF] 【直播间】4015781 的第 55 个心跳包发送成功
[03:09:23 INF] 【直播间】9619073 的第 55 个心跳包发送成功
[03:09:24 INF] 【直播间】407149 的第 55 个心跳包发送成功
[03:09:25 INF] 【直播间】7184632 的第 55 个心跳包发送成功
[03:09:27 INF] 【直播间】23447660 的第 55 个心跳包发送成功
[03:09:28 INF] 【直播间】929670 的第 55 个心跳包发送成功
[03:09:29 INF] 【直播间】11732699 的第 55 个心跳包发送成功
[03:09:30 INF] 【直播间】91164 的第 55 个心跳包发送成功
[03:09:32 INF] 【直播间】22764265 的第 55 个心跳包发送成功
[03:10:25 INF] 【直播间】23357926 的第 56 个心跳包发送成功
[03:10:26 INF] 【直播间】23040372 的第 56 个心跳包发送成功
[03:10:27 INF] 【直播间】31494 的第 56 个心跳包发送成功
[03:10:28 INF] 【直播间】4015781 的第 56 个心跳包发送成功
[03:10:30 INF] 【直播间】9619073 的第 56 个心跳包发送成功
[03:10:31 INF] 【直播间】407149 的第 56 个心跳包发送成功
[03:10:32 INF] 【直播间】7184632 的第 56 个心跳包发送成功
[03:10:33 INF] 【直播间】23447660 的第 56 个心跳包发送成功
[03:10:35 INF] 【直播间】929670 的第 56 个心跳包发送成功
[03:10:36 INF] 【直播间】11732699 的第 56 个心跳包发送成功
[03:10:37 INF] 【直播间】91164 的第 56 个心跳包发送成功
[03:10:38 INF] 【直播间】22764265 的第 56 个心跳包发送成功
[03:11:31 INF] 【直播间】23357926 的第 57 个心跳包发送成功
[03:11:33 INF] 【直播间】23040372 的第 57 个心跳包发送成功
[03:11:34 INF] 【直播间】31494 的第 57 个心跳包发送成功
[03:11:35 INF] 【直播间】4015781 的第 57 个心跳包发送成功
[03:11:36 INF] 【直播间】9619073 的第 57 个心跳包发送成功
[03:11:37 INF] 【直播间】407149 的第 57 个心跳包发送成功
[03:11:39 INF] 【直播间】7184632 的第 57 个心跳包发送成功
[03:11:40 INF] 【直播间】23447660 的第 57 个心跳包发送成功
[03:11:41 INF] 【直播间】929670 的第 57 个心跳包发送成功
[03:11:42 INF] 【直播间】11732699 的第 57 个心跳包发送成功
[03:11:44 INF] 【直播间】91164 的第 57 个心跳包发送成功
[03:11:45 INF] 【直播间】22764265 的第 57 个心跳包发送成功
[03:12:38 INF] 【直播间】23357926 的第 58 个心跳包发送成功
[03:12:39 INF] 【直播间】23040372 的第 58 个心跳包发送成功
[03:12:41 INF] 【直播间】31494 的第 58 个心跳包发送成功
[03:12:42 INF] 【直播间】4015781 的第 58 个心跳包发送成功
[03:12:43 INF] 【直播间】9619073 的第 58 个心跳包发送成功
[03:12:44 INF] 【直播间】407149 的第 58 个心跳包发送成功
[03:12:46 INF] 【直播间】7184632 的第 58 个心跳包发送成功
[03:12:47 INF] 【直播间】23447660 的第 58 个心跳包发送成功
[03:12:48 INF] 【直播间】929670 的第 58 个心跳包发送成功
[03:12:50 INF] 【直播间】11732699 的第 58 个心跳包发送成功
[03:12:51 INF] 【直播间】91164 的第 58 个心跳包发送成功
[03:12:52 INF] 【直播间】22764265 的第 58 个心跳包发送成功
[03:13:45 INF] 【直播间】23357926 的第 59 个心跳包发送成功
[03:13:46 INF] 【直播间】23040372 的第 59 个心跳包发送成功
[03:13:47 INF] 【直播间】31494 的第 59 个心跳包发送成功
[03:13:48 INF] 【直播间】4015781 的第 59 个心跳包发送成功
[03:13:50 INF] 【直播间】9619073 的第 59 个心跳包发送成功
[03:13:51 INF] 【直播间】407149 的第 59 个心跳包发送成功
[03:13:52 INF] 【直播间】7184632 的第 59 个心跳包发送成功
[03:13:53 INF] 【直播间】23447660 的第 59 个心跳包发送成功
[03:13:55 INF] 【直播间】929670 的第 59 个心跳包发送成功
[03:13:56 INF] 【直播间】11732699 的第 59 个心跳包发送成功
[03:13:57 INF] 【直播间】91164 的第 59 个心跳包发送成功
[03:13:58 INF] 【直播间】22764265 的第 59 个心跳包发送成功
[03:14:51 INF] 【直播间】23357926 的第 60 个心跳包发送成功
[03:14:53 INF] 【直播间】23040372 的第 60 个心跳包发送成功
[03:14:54 INF] 【直播间】31494 的第 60 个心跳包发送成功
[03:14:55 INF] 【直播间】4015781 的第 60 个心跳包发送成功
[03:14:56 INF] 【直播间】9619073 的第 60 个心跳包发送成功
[03:14:58 INF] 【直播间】407149 的第 60 个心跳包发送成功
[03:14:59 INF] 【直播间】7184632 的第 60 个心跳包发送成功
[03:15:00 INF] 【直播间】23447660 的第 60 个心跳包发送成功
[03:15:01 INF] 【直播间】929670 的第 60 个心跳包发送成功
[03:15:03 INF] 【直播间】11732699 的第 60 个心跳包发送成功
[03:15:04 INF] 【直播间】91164 的第 60 个心跳包发送成功
[03:15:05 INF] 【直播间】22764265 的第 60 个心跳包发送成功
[03:15:58 INF] 【直播间】23357926 的第 61 个心跳包发送成功
[03:15:59 INF] 【直播间】23040372 的第 61 个心跳包发送成功
[03:16:01 INF] 【直播间】31494 的第 61 个心跳包发送成功
[03:16:02 INF] 【直播间】4015781 的第 61 个心跳包发送成功
[03:16:03 INF] 【直播间】9619073 的第 61 个心跳包发送成功
[03:16:04 INF] 【直播间】407149 的第 61 个心跳包发送成功
[03:16:06 INF] 【直播间】7184632 的第 61 个心跳包发送成功
[03:16:07 INF] 【直播间】23447660 的第 61 个心跳包发送成功
[03:16:08 INF] 【直播间】929670 的第 61 个心跳包发送成功
[03:16:09 INF] 【直播间】11732699 的第 61 个心跳包发送成功
[03:16:11 INF] 【直播间】91164 的第 61 个心跳包发送成功
[03:16:12 INF] 【直播间】22764265 的第 61 个心跳包发送成功
[03:17:05 INF] 【直播间】23357926 的第 62 个心跳包发送成功
[03:17:06 INF] 【直播间】23040372 的第 62 个心跳包发送成功
[03:17:07 INF] 【直播间】31494 的第 62 个心跳包发送成功
[03:17:08 INF] 【直播间】4015781 的第 62 个心跳包发送成功
[03:17:10 INF] 【直播间】9619073 的第 62 个心跳包发送成功
[03:17:11 INF] 【直播间】407149 的第 62 个心跳包发送成功
[03:17:12 INF] 【直播间】7184632 的第 62 个心跳包发送成功
[03:17:13 INF] 【直播间】23447660 的第 62 个心跳包发送成功
[03:17:15 INF] 【直播间】929670 的第 62 个心跳包发送成功
[03:17:16 INF] 【直播间】11732699 的第 62 个心跳包发送成功
[03:17:17 INF] 【直播间】91164 的第 62 个心跳包发送成功
[03:17:18 INF] 【直播间】22764265 的第 62 个心跳包发送成功
[03:18:11 INF] 【直播间】23357926 的第 63 个心跳包发送成功
[03:18:12 INF] 【直播间】23040372 的第 63 个心跳包发送成功
[03:18:14 INF] 【直播间】31494 的第 63 个心跳包发送成功
[03:18:15 INF] 【直播间】4015781 的第 63 个心跳包发送成功
[03:18:16 INF] 【直播间】9619073 的第 63 个心跳包发送成功
[03:18:18 INF] 【直播间】407149 的第 63 个心跳包发送成功
[03:18:19 INF] 【直播间】7184632 的第 63 个心跳包发送成功
[03:18:20 INF] 【直播间】23447660 的第 63 个心跳包发送成功
[03:18:21 INF] 【直播间】929670 的第 63 个心跳包发送成功
[03:18:23 INF] 【直播间】11732699 的第 63 个心跳包发送成功
[03:18:24 INF] 【直播间】91164 的第 63 个心跳包发送成功
[03:18:25 INF] 【直播间】22764265 的第 63 个心跳包发送成功
[03:19:18 INF] 【直播间】23357926 的第 64 个心跳包发送成功
[03:19:19 INF] 【直播间】23040372 的第 64 个心跳包发送成功
[03:19:20 INF] 【直播间】31494 的第 64 个心跳包发送成功
[03:19:22 INF] 【直播间】4015781 的第 64 个心跳包发送成功
[03:19:23 INF] 【直播间】9619073 的第 64 个心跳包发送成功
[03:19:24 INF] 【直播间】407149 的第 64 个心跳包发送成功
[03:19:26 INF] 【直播间】7184632 的第 64 个心跳包发送成功
[03:19:27 INF] 【直播间】23447660 的第 64 个心跳包发送成功
[03:19:28 INF] 【直播间】929670 的第 64 个心跳包发送成功
[03:19:29 INF] 【直播间】11732699 的第 64 个心跳包发送成功
[03:19:31 INF] 【直播间】91164 的第 64 个心跳包发送成功
[03:19:32 INF] 【直播间】22764265 的第 64 个心跳包发送成功
[03:20:24 INF] 【直播间】23357926 的第 65 个心跳包发送成功
[03:20:25 INF] 【直播间】23040372 的第 65 个心跳包发送成功
[03:20:27 INF] 【直播间】31494 的第 65 个心跳包发送成功
[03:20:28 INF] 【直播间】4015781 的第 65 个心跳包发送成功
[03:20:29 INF] 【直播间】9619073 的第 65 个心跳包发送成功
[03:20:30 INF] 【直播间】407149 的第 65 个心跳包发送成功
[03:20:32 INF] 【直播间】7184632 的第 65 个心跳包发送成功
[03:20:33 INF] 【直播间】23447660 的第 65 个心跳包发送成功
[03:20:34 INF] 【直播间】929670 的第 65 个心跳包发送成功
[03:20:36 INF] 【直播间】11732699 的第 65 个心跳包发送成功
[03:20:37 INF] 【直播间】91164 的第 65 个心跳包发送成功
[03:20:38 INF] 【直播间】22764265 的第 65 个心跳包发送成功
[03:21:31 INF] 【直播间】23357926 的第 66 个心跳包发送成功
[03:21:32 INF] 【直播间】23040372 的第 66 个心跳包发送成功
[03:21:34 INF] 【直播间】31494 的第 66 个心跳包发送成功
[03:21:35 INF] 【直播间】4015781 的第 66 个心跳包发送成功
[03:21:36 INF] 【直播间】9619073 的第 66 个心跳包发送成功
[03:21:38 INF] 【直播间】407149 的第 66 个心跳包发送成功
[03:21:39 INF] 【直播间】7184632 的第 66 个心跳包发送成功
[03:21:40 INF] 【直播间】23447660 的第 66 个心跳包发送成功
[03:21:41 INF] 【直播间】929670 的第 66 个心跳包发送成功
[03:21:42 INF] 【直播间】11732699 的第 66 个心跳包发送成功
[03:21:44 INF] 【直播间】91164 的第 66 个心跳包发送成功
[03:21:45 INF] 【直播间】22764265 的第 66 个心跳包发送成功
[03:22:38 ERR] 【心跳包】直播间 23357926 发送失败
[03:22:38 ERR] 【原因】time check failed
[03:22:39 ERR] 【心跳包】直播间 23040372 发送失败
[03:22:39 ERR] 【原因】time check failed
[03:22:40 ERR] 【心跳包】直播间 31494 发送失败
[03:22:40 ERR] 【原因】time check failed
[03:22:41 ERR] 【心跳包】直播间 4015781 发送失败
[03:22:41 ERR] 【原因】time check failed
[03:22:43 ERR] 【心跳包】直播间 9619073 发送失败
[03:22:43 ERR] 【原因】time check failed
[03:22:44 ERR] 【心跳包】直播间 407149 发送失败
[03:22:44 ERR] 【原因】time check failed
[03:22:45 ERR] 【心跳包】直播间 7184632 发送失败
[03:22:45 ERR] 【原因】time check failed
[03:22:47 ERR] 【心跳包】直播间 23447660 发送失败
[03:22:47 ERR] 【原因】time check failed
[03:22:48 ERR] 【心跳包】直播间 929670 发送失败
[03:22:48 ERR] 【原因】time check failed
[03:22:49 ERR] 【心跳包】直播间 11732699 发送失败
[03:22:49 ERR] 【原因】time check failed
[03:22:50 ERR] 【心跳包】直播间 91164 发送失败
[03:22:50 ERR] 【原因】time check failed
[03:22:52 ERR] 【心跳包】直播间 22764265 发送失败
[03:22:52 ERR] 【原因】time check failed
[03:23:44 INF] 【直播间】23357926 的第 67 个心跳包发送成功
[03:23:45 INF] 【直播间】23040372 的第 67 个心跳包发送成功
[03:23:47 INF] 【直播间】31494 的第 67 个心跳包发送成功
[03:23:48 INF] 【直播间】4015781 的第 67 个心跳包发送成功
[03:23:49 INF] 【直播间】9619073 的第 67 个心跳包发送成功
[03:23:50 INF] 【直播间】407149 的第 67 个心跳包发送成功
[03:23:52 INF] 【直播间】7184632 的第 67 个心跳包发送成功
[03:23:53 INF] 【直播间】23447660 的第 67 个心跳包发送成功
[03:23:54 INF] 【直播间】929670 的第 67 个心跳包发送成功
[03:23:55 INF] 【直播间】11732699 的第 67 个心跳包发送成功
[03:23:57 INF] 【直播间】91164 的第 67 个心跳包发送成功
[03:23:58 INF] 【直播间】22764265 的第 67 个心跳包发送成功
[03:24:51 INF] 【直播间】23357926 的第 68 个心跳包发送成功
[03:24:52 INF] 【直播间】23040372 的第 68 个心跳包发送成功
[03:24:53 INF] 【直播间】31494 的第 68 个心跳包发送成功
[03:24:54 INF] 【直播间】4015781 的第 68 个心跳包发送成功
[03:24:56 INF] 【直播间】9619073 的第 68 个心跳包发送成功
[03:24:57 INF] 【直播间】407149 的第 68 个心跳包发送成功
[03:24:58 INF] 【直播间】7184632 的第 68 个心跳包发送成功
[03:24:59 INF] 【直播间】23447660 的第 68 个心跳包发送成功
[03:25:00 INF] 【直播间】929670 的第 68 个心跳包发送成功
[03:25:02 INF] 【直播间】11732699 的第 68 个心跳包发送成功
[03:25:03 INF] 【直播间】91164 的第 68 个心跳包发送成功
[03:25:04 INF] 【直播间】22764265 的第 68 个心跳包发送成功
[03:25:57 INF] 【直播间】23357926 的第 69 个心跳包发送成功
[03:25:58 INF] 【直播间】23040372 的第 69 个心跳包发送成功
[03:26:00 INF] 【直播间】31494 的第 69 个心跳包发送成功
[03:26:01 INF] 【直播间】4015781 的第 69 个心跳包发送成功
[03:26:02 INF] 【直播间】9619073 的第 69 个心跳包发送成功
[03:26:03 INF] 【直播间】407149 的第 69 个心跳包发送成功
[03:26:05 INF] 【直播间】7184632 的第 69 个心跳包发送成功
[03:26:06 INF] 【直播间】23447660 的第 69 个心跳包发送成功
[03:26:07 INF] 【直播间】929670 的第 69 个心跳包发送成功
[03:26:08 INF] 【直播间】11732699 的第 69 个心跳包发送成功
[03:26:10 INF] 【直播间】91164 的第 69 个心跳包发送成功
[03:26:11 INF] 【直播间】22764265 的第 69 个心跳包发送成功
[03:27:04 INF] 【直播间】23357926 的第 70 个心跳包发送成功
[03:27:05 INF] 【直播间】23040372 的第 70 个心跳包发送成功
[03:27:06 INF] 【直播间】31494 的第 70 个心跳包发送成功
[03:27:08 INF] 【直播间】4015781 的第 70 个心跳包发送成功
[03:27:09 INF] 【直播间】9619073 的第 70 个心跳包发送成功
[03:27:10 INF] 【直播间】407149 的第 70 个心跳包发送成功
[03:27:12 INF] 【直播间】7184632 的第 70 个心跳包发送成功
[03:27:13 INF] 【直播间】23447660 的第 70 个心跳包发送成功
[03:27:14 INF] 【直播间】929670 的第 70 个心跳包发送成功
[03:27:15 INF] 【直播间】11732699 的第 70 个心跳包发送成功
[03:27:17 INF] 【直播间】91164 的第 70 个心跳包发送成功
[03:27:18 INF] 【直播间】22764265 的第 70 个心跳包发送成功
[03:27:18 INF] 【直播观看时长】完成情况：12/12 
[03:27:18 INF] ---------结束---------

[03:27:18 INF] ==========结束==========

[03:27:18 INF] ######### 账号 3 #########

[03:27:18 INF] =====开始 直播间互动 =====

[03:27:18 INF] ---开始 发送弹幕 ---
[03:27:18 INF] 检测到直播 Cookie 未正确配置，尝试自动配置中...
[03:27:25 INF] 直播 Cookie 配置成功！
[03:27:25 INF] 【获取直播列表】获取拥有粉丝牌的直播列表
[03:27:28 ERR] 【获取直播列表】失败
[03:27:28 ERR] 【原因】账号未登录
[03:27:28 ERR] 发送弹幕失败，继续其他任务。失败信息:Object reference not set to an instance of an object.

[03:27:28 INF] -------结束-------

[03:27:28 INF] ---开始 点赞直播间 ---
[03:27:28 INF] 【获取直播列表】获取拥有粉丝牌的直播列表
[03:27:35 ERR] 【获取直播列表】失败
[03:27:35 ERR] 【原因】账号未登录
[03:27:35 ERR] 点赞直播间失败，继续其他任务。失败信息:Object reference not set to an instance of an object.

[03:27:35 INF] --------结束--------

[03:27:35 INF] ---开始 直播时长挂机 ---
[03:27:35 INF] 【获取直播列表】获取拥有粉丝牌的直播列表
[03:27:42 ERR] 【获取直播列表】失败
[03:27:42 ERR] 【原因】账号未登录
[03:27:42 ERR] 直播时长挂机失败，继续其他任务。失败信息:Object reference not set to an instance of an object.

[03:27:42 INF] ---------结束---------

[03:27:42 INF] ==========结束==========

[03:27:42 INF] 

========================

 v2.0.2 开源 by https://github.com/RayWangQvQ/BiliBiliToolPro

[03:27:42 INF] ·开始推送·LiveFansMedal任务·
2024-03-03T19:27:42.3725736Z 开始推送到:PushPlus
2024-03-03T19:27:43.7577422Z Response status: OK.
2024-03-03T19:27:43.7577806Z Response content: {"code":999,"msg":"发送内容过大，不能超过2万字","data":null}.

[03:27:43 INF] 运行环境：Development
[03:27:43 INF] 应用目录：/home/runner/work/BiliBiliToolPro/BiliBiliToolPro/src/Ray.BiliBiliTool.Console/bin/Debug/net6.0/

[03:27:43 INF] 运行结束
