----------- ip 信息 ---------
{
  "ip": "52.186.148.18",
  "city": "Washington",
  "region": "Virginia",
  "country": "US",
  "loc": "38.7135,-78.1594",
  "org": "AS8075 Microsoft Corporation",
  "postal": "22747",
  "timezone": "America/New_York",
  "readme": "https://ipinfo.io/missingauth"
} ---------- end ------------
  ____               ____    _   _____           _  
 |  _ \ __ _ _   _  | __ ) _| |_|_   _|__   ___ | | 
 | |_) / _` | | | | |  _ \(_) (_) | |/ _ \ / _ \| | 
 |  _ < (_| | |_| | | |_) | | | | | | (_) | (_) | | 
 |_| \_\__,_|\__, | |____/|_|_|_| |_|\___/ \___/|_| 
             |___/                                  

[00:27:49 INF] BiliBiliToolPro 开始运行...

[00:27:49 INF] 【账号个数】3个

[00:27:49 INF] 随机休眠1分钟

[00:28:49 INF] 【目标任务】LiveFansMedal
[00:28:49 INF] ######### 账号 1 #########

[00:28:49 INF] =====开始 直播间互动 =====

[00:28:49 INF] ---开始 发送弹幕 ---
[00:28:49 INF] 检测到直播 Cookie 未正确配置，尝试自动配置中...
[00:28:55 INF] 直播 Cookie 配置成功！
[00:28:55 INF] 【获取直播列表】获取拥有粉丝牌的直播列表
[00:29:00 INF] 【主播】Mark陌枫 
[00:29:15 INF] 【主播】KL_qiqi_ 
[00:29:29 INF] 【主播】苏打baka 
[00:29:41 INF] 【直播间】Mark陌枫
[00:29:41 INF] 【粉丝牌】馬楓
[00:29:41 INF] 正在发送弹幕...
[00:29:46 INF] 【直播间】KL_qiqi_
[00:29:46 INF] 【粉丝牌】qiqisb
[00:29:46 INF] 正在发送弹幕...
[00:29:52 INF] 【直播间】苏打baka
[00:29:52 INF] 【粉丝牌】碳酸钠
[00:29:52 INF] 正在发送弹幕...
[00:29:55 INF] 【弹幕发送】成功~，你和主播 Mark陌枫 的亲密值增加了100！
[00:29:59 INF] -------结束-------

[00:29:59 INF] ---开始 点赞直播间 ---
[00:29:59 INF] 【获取直播列表】获取拥有粉丝牌的直播列表
[00:30:03 INF] 【弹幕发送】成功~，你和主播 KL_qiqi_ 的亲密值增加了100！
[00:30:06 INF] 【主播】Mark陌枫 
[00:30:08 INF] 【弹幕发送】成功~，你和主播 苏打baka 的亲密值增加了100！
[00:30:26 INF] 【主播】KL_qiqi_ 
[00:30:43 INF] 【主播】苏打baka 
[00:31:06 INF] 【点赞直播间】23357926 完成
[00:31:11 INF] 【点赞直播间】407149 完成
[00:31:15 INF] --------结束--------

[00:31:15 INF] ---开始 直播时长挂机 ---
[00:31:15 INF] 【获取直播列表】获取拥有粉丝牌的直播列表
[00:31:16 INF] 【点赞直播间】23040372 完成
[00:31:23 INF] 【主播】Mark陌枫 
[00:31:45 INF] 【主播】KL_qiqi_ 
[00:32:00 INF] 【主播】苏打baka 
[00:32:15 INF] 【直播间】23357926 的第 1 个心跳包发送成功
[00:32:17 INF] 【直播间】407149 的第 1 个心跳包发送成功
[00:32:18 INF] 【直播间】23040372 的第 1 个心跳包发送成功
[00:33:22 INF] 【直播间】23357926 的第 2 个心跳包发送成功
[00:33:23 INF] 【直播间】407149 的第 2 个心跳包发送成功
[00:33:24 INF] 【直播间】23040372 的第 2 个心跳包发送成功
[00:34:29 INF] 【直播间】23357926 的第 3 个心跳包发送成功
[00:34:30 INF] 【直播间】407149 的第 3 个心跳包发送成功
[00:34:31 INF] 【直播间】23040372 的第 3 个心跳包发送成功
[00:35:35 INF] 【直播间】23357926 的第 4 个心跳包发送成功
[00:35:36 INF] 【直播间】407149 的第 4 个心跳包发送成功
[00:35:38 INF] 【直播间】23040372 的第 4 个心跳包发送成功
[00:36:42 INF] 【直播间】23357926 的第 5 个心跳包发送成功
[00:36:43 INF] 【直播间】407149 的第 5 个心跳包发送成功
[00:36:44 INF] 【直播间】23040372 的第 5 个心跳包发送成功
[00:37:48 INF] 【直播间】23357926 的第 6 个心跳包发送成功
[00:37:49 INF] 【直播间】407149 的第 6 个心跳包发送成功
[00:37:51 INF] 【直播间】23040372 的第 6 个心跳包发送成功
[00:38:55 INF] 【直播间】23357926 的第 7 个心跳包发送成功
[00:38:56 INF] 【直播间】407149 的第 7 个心跳包发送成功
[00:38:57 INF] 【直播间】23040372 的第 7 个心跳包发送成功
[00:40:01 INF] 【直播间】23357926 的第 8 个心跳包发送成功
[00:40:03 INF] 【直播间】407149 的第 8 个心跳包发送成功
[00:40:04 INF] 【直播间】23040372 的第 8 个心跳包发送成功
[00:41:08 INF] 【直播间】23357926 的第 9 个心跳包发送成功
[00:41:09 INF] 【直播间】407149 的第 9 个心跳包发送成功
[00:41:11 INF] 【直播间】23040372 的第 9 个心跳包发送成功
[00:42:15 INF] 【直播间】23357926 的第 10 个心跳包发送成功
[00:42:16 INF] 【直播间】407149 的第 10 个心跳包发送成功
[00:42:17 INF] 【直播间】23040372 的第 10 个心跳包发送成功
[00:43:21 INF] 【直播间】23357926 的第 11 个心跳包发送成功
[00:43:23 INF] 【直播间】407149 的第 11 个心跳包发送成功
[00:43:24 INF] 【直播间】23040372 的第 11 个心跳包发送成功
[00:44:28 INF] 【直播间】23357926 的第 12 个心跳包发送成功
[00:44:29 INF] 【直播间】407149 的第 12 个心跳包发送成功
[00:44:30 INF] 【直播间】23040372 的第 12 个心跳包发送成功
[00:45:35 INF] 【直播间】23357926 的第 13 个心跳包发送成功
[00:45:36 INF] 【直播间】407149 的第 13 个心跳包发送成功
[00:45:37 INF] 【直播间】23040372 的第 13 个心跳包发送成功
[00:46:41 INF] 【直播间】23357926 的第 14 个心跳包发送成功
[00:46:42 INF] 【直播间】407149 的第 14 个心跳包发送成功
[00:46:44 INF] 【直播间】23040372 的第 14 个心跳包发送成功
[00:47:48 ERR] 【心跳包】直播间 23357926 发送失败
[00:47:48 ERR] 【原因】time check failed
[00:47:49 ERR] 【心跳包】直播间 407149 发送失败
[00:47:49 ERR] 【原因】time check failed
[00:47:51 ERR] 【心跳包】直播间 23040372 发送失败
[00:47:51 ERR] 【原因】time check failed
[00:48:55 INF] 【直播间】23357926 的第 15 个心跳包发送成功
[00:48:56 INF] 【直播间】407149 的第 15 个心跳包发送成功
[00:48:57 INF] 【直播间】23040372 的第 15 个心跳包发送成功
[00:50:01 INF] 【直播间】23357926 的第 16 个心跳包发送成功
[00:50:02 INF] 【直播间】407149 的第 16 个心跳包发送成功
[00:50:04 INF] 【直播间】23040372 的第 16 个心跳包发送成功
[00:51:08 INF] 【直播间】23357926 的第 17 个心跳包发送成功
[00:51:09 INF] 【直播间】407149 的第 17 个心跳包发送成功
[00:51:10 INF] 【直播间】23040372 的第 17 个心跳包发送成功
[00:52:15 INF] 【直播间】23357926 的第 18 个心跳包发送成功
[00:52:16 INF] 【直播间】407149 的第 18 个心跳包发送成功
[00:52:17 INF] 【直播间】23040372 的第 18 个心跳包发送成功
[00:53:21 INF] 【直播间】23357926 的第 19 个心跳包发送成功
[00:53:22 INF] 【直播间】407149 的第 19 个心跳包发送成功
[00:53:24 INF] 【直播间】23040372 的第 19 个心跳包发送成功
[00:54:28 INF] 【直播间】23357926 的第 20 个心跳包发送成功
[00:54:29 INF] 【直播间】407149 的第 20 个心跳包发送成功
[00:54:30 INF] 【直播间】23040372 的第 20 个心跳包发送成功
[00:55:35 INF] 【直播间】23357926 的第 21 个心跳包发送成功
[00:55:36 INF] 【直播间】407149 的第 21 个心跳包发送成功
[00:55:37 INF] 【直播间】23040372 的第 21 个心跳包发送成功
[00:56:42 INF] 【直播间】23357926 的第 22 个心跳包发送成功
[00:56:43 INF] 【直播间】407149 的第 22 个心跳包发送成功
[00:56:44 INF] 【直播间】23040372 的第 22 个心跳包发送成功
[00:57:48 INF] 【直播间】23357926 的第 23 个心跳包发送成功
[00:57:50 INF] 【直播间】407149 的第 23 个心跳包发送成功
[00:57:51 INF] 【直播间】23040372 的第 23 个心跳包发送成功
[00:58:55 INF] 【直播间】23357926 的第 24 个心跳包发送成功
[00:58:56 INF] 【直播间】407149 的第 24 个心跳包发送成功
[00:58:58 INF] 【直播间】23040372 的第 24 个心跳包发送成功
[01:00:02 INF] 【直播间】23357926 的第 25 个心跳包发送成功
[01:00:03 INF] 【直播间】407149 的第 25 个心跳包发送成功
[01:00:04 INF] 【直播间】23040372 的第 25 个心跳包发送成功
[01:01:08 INF] 【直播间】23357926 的第 26 个心跳包发送成功
[01:01:10 INF] 【直播间】407149 的第 26 个心跳包发送成功
[01:01:11 INF] 【直播间】23040372 的第 26 个心跳包发送成功
[01:02:15 INF] 【直播间】23357926 的第 27 个心跳包发送成功
[01:02:17 INF] 【直播间】407149 的第 27 个心跳包发送成功
[01:02:18 INF] 【直播间】23040372 的第 27 个心跳包发送成功
[01:03:22 ERR] 【心跳包】直播间 23357926 发送失败
[01:03:22 ERR] 【原因】time check failed
[01:03:23 ERR] 【心跳包】直播间 407149 发送失败
[01:03:23 ERR] 【原因】time check failed
[01:03:24 ERR] 【心跳包】直播间 23040372 发送失败
[01:03:24 ERR] 【原因】time check failed
[01:04:28 INF] 【直播间】23357926 的第 28 个心跳包发送成功
[01:04:29 INF] 【直播间】407149 的第 28 个心跳包发送成功
[01:04:31 INF] 【直播间】23040372 的第 28 个心跳包发送成功
[01:05:35 INF] 【直播间】23357926 的第 29 个心跳包发送成功
[01:05:36 INF] 【直播间】407149 的第 29 个心跳包发送成功
[01:05:37 INF] 【直播间】23040372 的第 29 个心跳包发送成功
[01:06:41 INF] 【直播间】23357926 的第 30 个心跳包发送成功
[01:06:42 INF] 【直播间】407149 的第 30 个心跳包发送成功
[01:06:44 INF] 【直播间】23040372 的第 30 个心跳包发送成功
[01:07:48 INF] 【直播间】23357926 的第 31 个心跳包发送成功
[01:07:49 INF] 【直播间】407149 的第 31 个心跳包发送成功
[01:07:50 INF] 【直播间】23040372 的第 31 个心跳包发送成功
[01:08:55 INF] 【直播间】23357926 的第 32 个心跳包发送成功
[01:08:56 INF] 【直播间】407149 的第 32 个心跳包发送成功
[01:08:57 INF] 【直播间】23040372 的第 32 个心跳包发送成功
[01:10:01 INF] 【直播间】23357926 的第 33 个心跳包发送成功
[01:10:03 INF] 【直播间】407149 的第 33 个心跳包发送成功
[01:10:04 INF] 【直播间】23040372 的第 33 个心跳包发送成功
[01:11:08 INF] 【直播间】23357926 的第 34 个心跳包发送成功
[01:11:09 INF] 【直播间】407149 的第 34 个心跳包发送成功
[01:11:10 INF] 【直播间】23040372 的第 34 个心跳包发送成功
[01:12:14 INF] 【直播间】23357926 的第 35 个心跳包发送成功
[01:12:16 INF] 【直播间】407149 的第 35 个心跳包发送成功
[01:12:17 INF] 【直播间】23040372 的第 35 个心跳包发送成功
[01:13:21 INF] 【直播间】23357926 的第 36 个心跳包发送成功
[01:13:22 INF] 【直播间】407149 的第 36 个心跳包发送成功
[01:13:24 INF] 【直播间】23040372 的第 36 个心跳包发送成功
[01:14:28 INF] 【直播间】23357926 的第 37 个心跳包发送成功
[01:14:29 INF] 【直播间】407149 的第 37 个心跳包发送成功
[01:14:30 INF] 【直播间】23040372 的第 37 个心跳包发送成功
[01:15:34 INF] 【直播间】23357926 的第 38 个心跳包发送成功
[01:15:36 INF] 【直播间】407149 的第 38 个心跳包发送成功
[01:15:37 INF] 【直播间】23040372 的第 38 个心跳包发送成功
[01:16:41 INF] 【直播间】23357926 的第 39 个心跳包发送成功
[01:16:42 INF] 【直播间】407149 的第 39 个心跳包发送成功
[01:16:43 INF] 【直播间】23040372 的第 39 个心跳包发送成功
[01:17:47 INF] 【直播间】23357926 的第 40 个心跳包发送成功
[01:17:49 INF] 【直播间】407149 的第 40 个心跳包发送成功
[01:17:50 INF] 【直播间】23040372 的第 40 个心跳包发送成功
[01:18:54 ERR] 【心跳包】直播间 23357926 发送失败
[01:18:54 ERR] 【原因】time check failed
[01:18:55 ERR] 【心跳包】直播间 407149 发送失败
[01:18:55 ERR] 【原因】time check failed
[01:18:57 ERR] 【心跳包】直播间 23040372 发送失败
[01:18:57 ERR] 【原因】time check failed
[01:20:01 INF] 【直播间】23357926 的第 41 个心跳包发送成功
[01:20:02 INF] 【直播间】407149 的第 41 个心跳包发送成功
[01:20:04 INF] 【直播间】23040372 的第 41 个心跳包发送成功
[01:21:07 INF] 【直播间】23357926 的第 42 个心跳包发送成功
[01:21:09 INF] 【直播间】407149 的第 42 个心跳包发送成功
[01:21:10 INF] 【直播间】23040372 的第 42 个心跳包发送成功
[01:22:14 INF] 【直播间】23357926 的第 43 个心跳包发送成功
[01:22:15 INF] 【直播间】407149 的第 43 个心跳包发送成功
[01:22:16 INF] 【直播间】23040372 的第 43 个心跳包发送成功
[01:23:20 INF] 【直播间】23357926 的第 44 个心跳包发送成功
[01:23:22 INF] 【直播间】407149 的第 44 个心跳包发送成功
[01:23:23 INF] 【直播间】23040372 的第 44 个心跳包发送成功
[01:24:27 INF] 【直播间】23357926 的第 45 个心跳包发送成功
[01:24:29 INF] 【直播间】407149 的第 45 个心跳包发送成功
[01:24:30 INF] 【直播间】23040372 的第 45 个心跳包发送成功
[01:25:34 INF] 【直播间】23357926 的第 46 个心跳包发送成功
[01:25:35 INF] 【直播间】407149 的第 46 个心跳包发送成功
[01:25:36 INF] 【直播间】23040372 的第 46 个心跳包发送成功
[01:26:40 INF] 【直播间】23357926 的第 47 个心跳包发送成功
[01:26:42 INF] 【直播间】407149 的第 47 个心跳包发送成功
[01:26:43 INF] 【直播间】23040372 的第 47 个心跳包发送成功
[01:27:47 INF] 【直播间】23357926 的第 48 个心跳包发送成功
[01:27:48 INF] 【直播间】407149 的第 48 个心跳包发送成功
[01:27:49 INF] 【直播间】23040372 的第 48 个心跳包发送成功
[01:28:53 INF] 【直播间】23357926 的第 49 个心跳包发送成功
[01:28:55 INF] 【直播间】407149 的第 49 个心跳包发送成功
[01:28:56 INF] 【直播间】23040372 的第 49 个心跳包发送成功
[01:30:00 INF] 【直播间】23357926 的第 50 个心跳包发送成功
[01:30:02 INF] 【直播间】407149 的第 50 个心跳包发送成功
[01:30:03 INF] 【直播间】23040372 的第 50 个心跳包发送成功
[01:31:07 INF] 【直播间】23357926 的第 51 个心跳包发送成功
[01:31:08 INF] 【直播间】407149 的第 51 个心跳包发送成功
[01:31:10 INF] 【直播间】23040372 的第 51 个心跳包发送成功
[01:32:14 INF] 【直播间】23357926 的第 52 个心跳包发送成功
[01:32:15 INF] 【直播间】407149 的第 52 个心跳包发送成功
[01:32:16 INF] 【直播间】23040372 的第 52 个心跳包发送成功
[01:33:20 INF] 【直播间】23357926 的第 53 个心跳包发送成功
[01:33:22 INF] 【直播间】407149 的第 53 个心跳包发送成功
[01:33:23 INF] 【直播间】23040372 的第 53 个心跳包发送成功
[01:34:27 ERR] 【心跳包】直播间 23357926 发送失败
[01:34:27 ERR] 【原因】time check failed
[01:34:28 ERR] 【心跳包】直播间 407149 发送失败
[01:34:28 ERR] 【原因】time check failed
[01:34:29 ERR] 【心跳包】直播间 23040372 发送失败
[01:34:29 ERR] 【原因】time check failed
[01:35:34 INF] 【直播间】23357926 的第 54 个心跳包发送成功
[01:35:35 INF] 【直播间】407149 的第 54 个心跳包发送成功
[01:35:36 INF] 【直播间】23040372 的第 54 个心跳包发送成功
[01:36:40 INF] 【直播间】23357926 的第 55 个心跳包发送成功
[01:36:41 INF] 【直播间】407149 的第 55 个心跳包发送成功
[01:36:43 INF] 【直播间】23040372 的第 55 个心跳包发送成功
[01:37:47 INF] 【直播间】23357926 的第 56 个心跳包发送成功
[01:37:48 INF] 【直播间】407149 的第 56 个心跳包发送成功
[01:37:49 INF] 【直播间】23040372 的第 56 个心跳包发送成功
[01:38:54 INF] 【直播间】23357926 的第 57 个心跳包发送成功
[01:38:55 INF] 【直播间】407149 的第 57 个心跳包发送成功
[01:38:56 INF] 【直播间】23040372 的第 57 个心跳包发送成功
[01:40:00 INF] 【直播间】23357926 的第 58 个心跳包发送成功
[01:40:02 INF] 【直播间】407149 的第 58 个心跳包发送成功
[01:40:03 INF] 【直播间】23040372 的第 58 个心跳包发送成功
[01:41:07 INF] 【直播间】23357926 的第 59 个心跳包发送成功
[01:41:08 INF] 【直播间】407149 的第 59 个心跳包发送成功
[01:41:09 INF] 【直播间】23040372 的第 59 个心跳包发送成功
[01:42:13 INF] 【直播间】23357926 的第 60 个心跳包发送成功
[01:42:15 INF] 【直播间】407149 的第 60 个心跳包发送成功
[01:42:16 INF] 【直播间】23040372 的第 60 个心跳包发送成功
[01:43:20 INF] 【直播间】23357926 的第 61 个心跳包发送成功
[01:43:21 INF] 【直播间】407149 的第 61 个心跳包发送成功
[01:43:22 INF] 【直播间】23040372 的第 61 个心跳包发送成功
[01:44:27 INF] 【直播间】23357926 的第 62 个心跳包发送成功
[01:44:28 INF] 【直播间】407149 的第 62 个心跳包发送成功
[01:44:29 INF] 【直播间】23040372 的第 62 个心跳包发送成功
[01:45:33 INF] 【直播间】23357926 的第 63 个心跳包发送成功
[01:45:34 INF] 【直播间】407149 的第 63 个心跳包发送成功
[01:45:36 INF] 【直播间】23040372 的第 63 个心跳包发送成功
[01:46:40 INF] 【直播间】23357926 的第 64 个心跳包发送成功
[01:46:41 INF] 【直播间】407149 的第 64 个心跳包发送成功
[01:46:42 INF] 【直播间】23040372 的第 64 个心跳包发送成功
[01:47:47 INF] 【直播间】23357926 的第 65 个心跳包发送成功
[01:47:48 INF] 【直播间】407149 的第 65 个心跳包发送成功
[01:47:49 INF] 【直播间】23040372 的第 65 个心跳包发送成功
[01:48:53 INF] 【直播间】23357926 的第 66 个心跳包发送成功
[01:48:54 INF] 【直播间】407149 的第 66 个心跳包发送成功
[01:48:56 INF] 【直播间】23040372 的第 66 个心跳包发送成功
[01:50:00 ERR] 【心跳包】直播间 23357926 发送失败
[01:50:00 ERR] 【原因】time check failed
[01:50:01 ERR] 【心跳包】直播间 407149 发送失败
[01:50:01 ERR] 【原因】time check failed
[01:50:02 ERR] 【心跳包】直播间 23040372 发送失败
[01:50:02 ERR] 【原因】time check failed
[01:51:06 INF] 【直播间】23357926 的第 67 个心跳包发送成功
[01:51:08 INF] 【直播间】407149 的第 67 个心跳包发送成功
[01:51:09 INF] 【直播间】23040372 的第 67 个心跳包发送成功
[01:52:13 INF] 【直播间】23357926 的第 68 个心跳包发送成功
[01:52:14 INF] 【直播间】407149 的第 68 个心跳包发送成功
[01:52:16 INF] 【直播间】23040372 的第 68 个心跳包发送成功
[01:53:20 INF] 【直播间】23357926 的第 69 个心跳包发送成功
[01:53:21 INF] 【直播间】407149 的第 69 个心跳包发送成功
[01:53:22 INF] 【直播间】23040372 的第 69 个心跳包发送成功
[01:54:26 INF] 【直播间】23357926 的第 70 个心跳包发送成功
[01:54:27 INF] 【直播间】407149 的第 70 个心跳包发送成功
[01:54:29 INF] 【直播间】23040372 的第 70 个心跳包发送成功
[01:54:29 INF] 【直播观看时长】完成情况：3/3 
[01:54:29 INF] ---------结束---------

[01:54:29 INF] ==========结束==========

[01:54:29 INF] ######### 账号 2 #########

[01:54:29 INF] =====开始 直播间互动 =====

[01:54:29 INF] ---开始 发送弹幕 ---
[01:54:29 INF] 检测到直播 Cookie 未正确配置，尝试自动配置中...
[01:54:35 INF] 直播 Cookie 配置成功！
[01:54:35 INF] 【获取直播列表】获取拥有粉丝牌的直播列表
[01:54:43 INF] 【主播】Mark陌枫 
[01:55:03 INF] 【主播】苏打baka 
[01:55:20 INF] 【主播】特别中二的q3君 
[01:55:39 INF] 【主播】陈抱一 
[01:55:54 INF] 【主播】KL_qiqi_ 
[01:56:07 INF] 【主播】贪玩的小毅 
[01:56:24 INF] 【直播间】Mark陌枫
[01:56:24 INF] 【粉丝牌】馬楓
[01:56:24 INF] 正在发送弹幕...
[01:56:30 INF] 【直播间】苏打baka
[01:56:30 INF] 【粉丝牌】碳酸钠
[01:56:30 INF] 正在发送弹幕...
[01:56:37 INF] 【直播间】特别中二的q3君
[01:56:37 INF] 【粉丝牌】q3GG
[01:56:37 INF] 正在发送弹幕...
[01:56:43 INF] 【直播间】陈抱一
[01:56:43 INF] 【粉丝牌】陈抱一
[01:56:43 INF] 正在发送弹幕...
[01:56:45 INF] 【弹幕发送】成功~，你和主播 Mark陌枫 的亲密值增加了100！
[01:56:46 INF] 【直播间】KL_qiqi_
[01:56:46 INF] 【粉丝牌】qiqisb
[01:56:46 INF] 正在发送弹幕...
[01:56:48 INF] 【弹幕发送】成功~，你和主播 苏打baka 的亲密值增加了100！
[01:56:50 INF] 【弹幕发送】成功~，你和主播 特别中二的q3君 的亲密值增加了100！
[01:56:51 INF] 【直播间】贪玩的小毅
[01:56:51 INF] 【粉丝牌】大大毅
[01:56:51 INF] 正在发送弹幕...
[01:56:54 INF] -------结束-------

[01:56:54 INF] ---开始 点赞直播间 ---
[01:56:54 INF] 【获取直播列表】获取拥有粉丝牌的直播列表
[01:56:57 INF] 【主播】Mark陌枫 
[01:56:58 INF] 【弹幕发送】成功~，你和主播 陈抱一 的亲密值增加了100！
[01:57:03 INF] 【弹幕发送】成功~，你和主播 贪玩的小毅 的亲密值增加了100！
[01:57:04 INF] 【弹幕发送】成功~，你和主播 KL_qiqi_ 的亲密值增加了100！
[01:57:14 INF] 【主播】苏打baka 
[01:57:30 INF] 【主播】特别中二的q3君 
[01:57:44 INF] 【主播】陈抱一 
[01:57:59 INF] 【主播】KL_qiqi_ 
[01:58:13 INF] 【主播】贪玩的小毅 
[01:58:39 INF] 【点赞直播间】23357926 完成
[01:58:43 INF] 【点赞直播间】23040372 完成
[01:58:49 INF] 【点赞直播间】31494 完成
[01:58:56 INF] 【点赞直播间】4015781 完成
[01:58:59 INF] 【点赞直播间】407149 完成
[01:59:03 INF] --------结束--------

[01:59:03 INF] ---开始 直播时长挂机 ---
[01:59:03 INF] 【获取直播列表】获取拥有粉丝牌的直播列表
[01:59:04 INF] 【点赞直播间】9619073 完成
[01:59:10 INF] 【主播】Mark陌枫 
[01:59:25 INF] 【主播】苏打baka 
[01:59:43 INF] 【主播】特别中二的q3君 
[02:00:01 INF] 【主播】陈抱一 
[02:00:16 INF] 【主播】贪玩的小毅 
[02:00:28 INF] 【主播】KL_qiqi_ 
[02:00:42 INF] 【直播间】23357926 的第 1 个心跳包发送成功
[02:00:43 INF] 【直播间】23040372 的第 1 个心跳包发送成功
[02:00:44 INF] 【直播间】31494 的第 1 个心跳包发送成功
[02:00:46 INF] 【直播间】4015781 的第 1 个心跳包发送成功
[02:00:47 INF] 【直播间】9619073 的第 1 个心跳包发送成功
[02:00:48 INF] 【直播间】407149 的第 1 个心跳包发送成功
[02:01:48 INF] 【直播间】23357926 的第 2 个心跳包发送成功
[02:01:50 INF] 【直播间】23040372 的第 2 个心跳包发送成功
[02:01:51 INF] 【直播间】31494 的第 2 个心跳包发送成功
[02:01:52 INF] 【直播间】4015781 的第 2 个心跳包发送成功
[02:01:53 INF] 【直播间】9619073 的第 2 个心跳包发送成功
[02:01:55 INF] 【直播间】407149 的第 2 个心跳包发送成功
[02:02:55 INF] 【直播间】23357926 的第 3 个心跳包发送成功
[02:02:57 INF] 【直播间】23040372 的第 3 个心跳包发送成功
[02:02:58 INF] 【直播间】31494 的第 3 个心跳包发送成功
[02:02:59 INF] 【直播间】4015781 的第 3 个心跳包发送成功
[02:03:00 INF] 【直播间】9619073 的第 3 个心跳包发送成功
[02:03:02 INF] 【直播间】407149 的第 3 个心跳包发送成功
[02:04:02 INF] 【直播间】23357926 的第 4 个心跳包发送成功
[02:04:03 INF] 【直播间】23040372 的第 4 个心跳包发送成功
[02:04:04 INF] 【直播间】31494 的第 4 个心跳包发送成功
[02:04:06 INF] 【直播间】4015781 的第 4 个心跳包发送成功
[02:04:07 INF] 【直播间】9619073 的第 4 个心跳包发送成功
[02:04:08 INF] 【直播间】407149 的第 4 个心跳包发送成功
[02:05:08 INF] 【直播间】23357926 的第 5 个心跳包发送成功
[02:05:10 INF] 【直播间】23040372 的第 5 个心跳包发送成功
[02:05:11 INF] 【直播间】31494 的第 5 个心跳包发送成功
[02:05:12 INF] 【直播间】4015781 的第 5 个心跳包发送成功
[02:05:13 INF] 【直播间】9619073 的第 5 个心跳包发送成功
[02:05:15 INF] 【直播间】407149 的第 5 个心跳包发送成功
[02:06:15 INF] 【直播间】23357926 的第 6 个心跳包发送成功
[02:06:16 INF] 【直播间】23040372 的第 6 个心跳包发送成功
[02:06:17 INF] 【直播间】31494 的第 6 个心跳包发送成功
[02:06:19 INF] 【直播间】4015781 的第 6 个心跳包发送成功
[02:06:20 INF] 【直播间】9619073 的第 6 个心跳包发送成功
[02:06:21 INF] 【直播间】407149 的第 6 个心跳包发送成功
[02:07:21 INF] 【直播间】23357926 的第 7 个心跳包发送成功
[02:07:23 INF] 【直播间】23040372 的第 7 个心跳包发送成功
[02:07:24 INF] 【直播间】31494 的第 7 个心跳包发送成功
[02:07:25 INF] 【直播间】4015781 的第 7 个心跳包发送成功
[02:07:26 INF] 【直播间】9619073 的第 7 个心跳包发送成功
[02:07:28 INF] 【直播间】407149 的第 7 个心跳包发送成功
[02:08:28 INF] 【直播间】23357926 的第 8 个心跳包发送成功
[02:08:30 INF] 【直播间】23040372 的第 8 个心跳包发送成功
[02:08:31 INF] 【直播间】31494 的第 8 个心跳包发送成功
[02:08:32 INF] 【直播间】4015781 的第 8 个心跳包发送成功
[02:08:33 INF] 【直播间】9619073 的第 8 个心跳包发送成功
[02:08:35 INF] 【直播间】407149 的第 8 个心跳包发送成功
[02:09:35 INF] 【直播间】23357926 的第 9 个心跳包发送成功
[02:09:36 INF] 【直播间】23040372 的第 9 个心跳包发送成功
[02:09:37 INF] 【直播间】31494 的第 9 个心跳包发送成功
[02:09:38 INF] 【直播间】4015781 的第 9 个心跳包发送成功
[02:09:40 INF] 【直播间】9619073 的第 9 个心跳包发送成功
[02:09:41 INF] 【直播间】407149 的第 9 个心跳包发送成功
[02:10:41 INF] 【直播间】23357926 的第 10 个心跳包发送成功
[02:10:42 INF] 【直播间】23040372 的第 10 个心跳包发送成功
[02:10:44 INF] 【直播间】31494 的第 10 个心跳包发送成功
[02:10:45 INF] 【直播间】4015781 的第 10 个心跳包发送成功
[02:10:46 INF] 【直播间】9619073 的第 10 个心跳包发送成功
[02:10:47 INF] 【直播间】407149 的第 10 个心跳包发送成功
[02:11:48 INF] 【直播间】23357926 的第 11 个心跳包发送成功
[02:11:49 INF] 【直播间】23040372 的第 11 个心跳包发送成功
[02:11:50 INF] 【直播间】31494 的第 11 个心跳包发送成功
[02:11:52 INF] 【直播间】4015781 的第 11 个心跳包发送成功
[02:11:53 INF] 【直播间】9619073 的第 11 个心跳包发送成功
[02:11:54 INF] 【直播间】407149 的第 11 个心跳包发送成功
[02:12:54 INF] 【直播间】23357926 的第 12 个心跳包发送成功
[02:12:56 INF] 【直播间】23040372 的第 12 个心跳包发送成功
[02:12:57 INF] 【直播间】31494 的第 12 个心跳包发送成功
[02:12:59 INF] 【直播间】4015781 的第 12 个心跳包发送成功
[02:13:00 INF] 【直播间】9619073 的第 12 个心跳包发送成功
[02:13:01 INF] 【直播间】407149 的第 12 个心跳包发送成功
[02:14:01 INF] 【直播间】23357926 的第 13 个心跳包发送成功
[02:14:03 INF] 【直播间】23040372 的第 13 个心跳包发送成功
[02:14:04 INF] 【直播间】31494 的第 13 个心跳包发送成功
[02:14:05 INF] 【直播间】4015781 的第 13 个心跳包发送成功
[02:14:07 INF] 【直播间】9619073 的第 13 个心跳包发送成功
[02:14:08 INF] 【直播间】407149 的第 13 个心跳包发送成功
[02:15:08 INF] 【直播间】23357926 的第 14 个心跳包发送成功
[02:15:09 INF] 【直播间】23040372 的第 14 个心跳包发送成功
[02:15:11 INF] 【直播间】31494 的第 14 个心跳包发送成功
[02:15:12 INF] 【直播间】4015781 的第 14 个心跳包发送成功
[02:15:13 INF] 【直播间】9619073 的第 14 个心跳包发送成功
[02:15:14 INF] 【直播间】407149 的第 14 个心跳包发送成功
[02:16:15 ERR] 【心跳包】直播间 23357926 发送失败
[02:16:15 ERR] 【原因】time check failed
[02:16:16 ERR] 【心跳包】直播间 23040372 发送失败
[02:16:16 ERR] 【原因】time check failed
[02:16:17 ERR] 【心跳包】直播间 31494 发送失败
[02:16:17 ERR] 【原因】time check failed
[02:16:18 ERR] 【心跳包】直播间 4015781 发送失败
[02:16:18 ERR] 【原因】time check failed
[02:16:20 ERR] 【心跳包】直播间 9619073 发送失败
[02:16:20 ERR] 【原因】time check failed
[02:16:21 ERR] 【心跳包】直播间 407149 发送失败
[02:16:21 ERR] 【原因】time check failed
[02:17:21 INF] 【直播间】23357926 的第 15 个心跳包发送成功
[02:17:22 INF] 【直播间】23040372 的第 15 个心跳包发送成功
[02:17:24 INF] 【直播间】31494 的第 15 个心跳包发送成功
[02:17:25 INF] 【直播间】4015781 的第 15 个心跳包发送成功
[02:17:26 INF] 【直播间】9619073 的第 15 个心跳包发送成功
[02:17:27 INF] 【直播间】407149 的第 15 个心跳包发送成功
[02:18:28 INF] 【直播间】23357926 的第 16 个心跳包发送成功
[02:18:29 INF] 【直播间】23040372 的第 16 个心跳包发送成功
[02:18:30 INF] 【直播间】31494 的第 16 个心跳包发送成功
[02:18:31 INF] 【直播间】4015781 的第 16 个心跳包发送成功
[02:18:32 INF] 【直播间】9619073 的第 16 个心跳包发送成功
[02:18:34 INF] 【直播间】407149 的第 16 个心跳包发送成功
[02:19:35 INF] 【直播间】23357926 的第 17 个心跳包发送成功
[02:19:36 INF] 【直播间】23040372 的第 17 个心跳包发送成功
[02:19:37 INF] 【直播间】31494 的第 17 个心跳包发送成功
[02:19:38 INF] 【直播间】4015781 的第 17 个心跳包发送成功
[02:19:40 INF] 【直播间】9619073 的第 17 个心跳包发送成功
[02:19:41 INF] 【直播间】407149 的第 17 个心跳包发送成功
[02:20:41 INF] 【直播间】23357926 的第 18 个心跳包发送成功
[02:20:42 INF] 【直播间】23040372 的第 18 个心跳包发送成功
[02:20:44 INF] 【直播间】31494 的第 18 个心跳包发送成功
[02:20:45 INF] 【直播间】4015781 的第 18 个心跳包发送成功
[02:20:46 INF] 【直播间】9619073 的第 18 个心跳包发送成功
[02:20:48 INF] 【直播间】407149 的第 18 个心跳包发送成功
[02:21:48 INF] 【直播间】23357926 的第 19 个心跳包发送成功
[02:21:49 INF] 【直播间】23040372 的第 19 个心跳包发送成功
[02:21:50 INF] 【直播间】31494 的第 19 个心跳包发送成功
[02:21:51 INF] 【直播间】4015781 的第 19 个心跳包发送成功
[02:21:53 INF] 【直播间】9619073 的第 19 个心跳包发送成功
[02:21:54 INF] 【直播间】407149 的第 19 个心跳包发送成功
[02:22:54 INF] 【直播间】23357926 的第 20 个心跳包发送成功
[02:22:55 INF] 【直播间】23040372 的第 20 个心跳包发送成功
[02:22:57 INF] 【直播间】31494 的第 20 个心跳包发送成功
[02:22:58 INF] 【直播间】4015781 的第 20 个心跳包发送成功
[02:22:59 INF] 【直播间】9619073 的第 20 个心跳包发送成功
[02:23:00 INF] 【直播间】407149 的第 20 个心跳包发送成功
[02:24:01 INF] 【直播间】23357926 的第 21 个心跳包发送成功
[02:24:02 INF] 【直播间】23040372 的第 21 个心跳包发送成功
[02:24:03 INF] 【直播间】31494 的第 21 个心跳包发送成功
[02:24:05 INF] 【直播间】4015781 的第 21 个心跳包发送成功
[02:24:06 INF] 【直播间】9619073 的第 21 个心跳包发送成功
[02:24:07 INF] 【直播间】407149 的第 21 个心跳包发送成功
[02:25:08 INF] 【直播间】23357926 的第 22 个心跳包发送成功
[02:25:09 INF] 【直播间】23040372 的第 22 个心跳包发送成功
[02:25:10 INF] 【直播间】31494 的第 22 个心跳包发送成功
[02:25:12 INF] 【直播间】4015781 的第 22 个心跳包发送成功
[02:25:13 INF] 【直播间】9619073 的第 22 个心跳包发送成功
[02:25:14 INF] 【直播间】407149 的第 22 个心跳包发送成功
[02:26:14 INF] 【直播间】23357926 的第 23 个心跳包发送成功
[02:26:16 INF] 【直播间】23040372 的第 23 个心跳包发送成功
[02:26:17 INF] 【直播间】31494 的第 23 个心跳包发送成功
[02:26:18 INF] 【直播间】4015781 的第 23 个心跳包发送成功
[02:26:19 INF] 【直播间】9619073 的第 23 个心跳包发送成功
[02:26:21 INF] 【直播间】407149 的第 23 个心跳包发送成功
[02:27:21 INF] 【直播间】23357926 的第 24 个心跳包发送成功
[02:27:22 INF] 【直播间】23040372 的第 24 个心跳包发送成功
[02:27:24 INF] 【直播间】31494 的第 24 个心跳包发送成功
[02:27:25 INF] 【直播间】4015781 的第 24 个心跳包发送成功
[02:27:26 INF] 【直播间】9619073 的第 24 个心跳包发送成功
[02:27:27 INF] 【直播间】407149 的第 24 个心跳包发送成功
[02:28:28 INF] 【直播间】23357926 的第 25 个心跳包发送成功
[02:28:29 INF] 【直播间】23040372 的第 25 个心跳包发送成功
[02:28:30 INF] 【直播间】31494 的第 25 个心跳包发送成功
[02:28:31 INF] 【直播间】4015781 的第 25 个心跳包发送成功
[02:28:33 INF] 【直播间】9619073 的第 25 个心跳包发送成功
[02:28:34 INF] 【直播间】407149 的第 25 个心跳包发送成功
[02:29:34 INF] 【直播间】23357926 的第 26 个心跳包发送成功
[02:29:35 INF] 【直播间】23040372 的第 26 个心跳包发送成功
[02:29:37 INF] 【直播间】31494 的第 26 个心跳包发送成功
[02:29:38 INF] 【直播间】4015781 的第 26 个心跳包发送成功
[02:29:39 INF] 【直播间】9619073 的第 26 个心跳包发送成功
[02:29:41 INF] 【直播间】407149 的第 26 个心跳包发送成功
[02:30:41 INF] 【直播间】23357926 的第 27 个心跳包发送成功
[02:30:42 INF] 【直播间】23040372 的第 27 个心跳包发送成功
[02:30:43 INF] 【直播间】31494 的第 27 个心跳包发送成功
[02:30:45 INF] 【直播间】4015781 的第 27 个心跳包发送成功
[02:30:46 INF] 【直播间】9619073 的第 27 个心跳包发送成功
[02:30:47 INF] 【直播间】407149 的第 27 个心跳包发送成功
[02:31:47 ERR] 【心跳包】直播间 23357926 发送失败
[02:31:47 ERR] 【原因】time check failed
[02:31:49 ERR] 【心跳包】直播间 23040372 发送失败
[02:31:49 ERR] 【原因】time check failed
[02:31:50 ERR] 【心跳包】直播间 31494 发送失败
[02:31:50 ERR] 【原因】time check failed
[02:31:51 ERR] 【心跳包】直播间 4015781 发送失败
[02:31:51 ERR] 【原因】time check failed
[02:31:52 ERR] 【心跳包】直播间 9619073 发送失败
[02:31:52 ERR] 【原因】time check failed
[02:31:54 ERR] 【心跳包】直播间 407149 发送失败
[02:31:54 ERR] 【原因】time check failed
[02:32:54 INF] 【直播间】23357926 的第 28 个心跳包发送成功
[02:32:55 INF] 【直播间】23040372 的第 28 个心跳包发送成功
[02:32:57 INF] 【直播间】31494 的第 28 个心跳包发送成功
[02:32:58 INF] 【直播间】4015781 的第 28 个心跳包发送成功
[02:32:59 INF] 【直播间】9619073 的第 28 个心跳包发送成功
[02:33:01 INF] 【直播间】407149 的第 28 个心跳包发送成功
[02:34:01 INF] 【直播间】23357926 的第 29 个心跳包发送成功
[02:34:02 INF] 【直播间】23040372 的第 29 个心跳包发送成功
[02:34:03 INF] 【直播间】31494 的第 29 个心跳包发送成功
[02:34:05 INF] 【直播间】4015781 的第 29 个心跳包发送成功
[02:34:06 INF] 【直播间】9619073 的第 29 个心跳包发送成功
[02:34:07 INF] 【直播间】407149 的第 29 个心跳包发送成功
[02:35:07 INF] 【直播间】23357926 的第 30 个心跳包发送成功
[02:35:08 INF] 【直播间】23040372 的第 30 个心跳包发送成功
[02:35:10 INF] 【直播间】31494 的第 30 个心跳包发送成功
[02:35:11 INF] 【直播间】4015781 的第 30 个心跳包发送成功
[02:35:12 INF] 【直播间】9619073 的第 30 个心跳包发送成功
[02:35:14 INF] 【直播间】407149 的第 30 个心跳包发送成功
[02:36:14 INF] 【直播间】23357926 的第 31 个心跳包发送成功
[02:36:15 INF] 【直播间】23040372 的第 31 个心跳包发送成功
[02:36:16 INF] 【直播间】31494 的第 31 个心跳包发送成功
[02:36:18 INF] 【直播间】4015781 的第 31 个心跳包发送成功
[02:36:19 INF] 【直播间】9619073 的第 31 个心跳包发送成功
[02:36:20 INF] 【直播间】407149 的第 31 个心跳包发送成功
[02:37:20 INF] 【直播间】23357926 的第 32 个心跳包发送成功
[02:37:22 INF] 【直播间】23040372 的第 32 个心跳包发送成功
[02:37:23 INF] 【直播间】31494 的第 32 个心跳包发送成功
[02:37:24 INF] 【直播间】4015781 的第 32 个心跳包发送成功
[02:37:26 INF] 【直播间】9619073 的第 32 个心跳包发送成功
[02:37:27 INF] 【直播间】407149 的第 32 个心跳包发送成功
[02:38:27 INF] 【直播间】23357926 的第 33 个心跳包发送成功
[02:38:29 INF] 【直播间】23040372 的第 33 个心跳包发送成功
[02:38:30 INF] 【直播间】31494 的第 33 个心跳包发送成功
[02:38:31 INF] 【直播间】4015781 的第 33 个心跳包发送成功
[02:38:32 INF] 【直播间】9619073 的第 33 个心跳包发送成功
[02:38:33 INF] 【直播间】407149 的第 33 个心跳包发送成功
[02:39:34 INF] 【直播间】23357926 的第 34 个心跳包发送成功
[02:39:35 INF] 【直播间】23040372 的第 34 个心跳包发送成功
[02:39:36 INF] 【直播间】31494 的第 34 个心跳包发送成功
[02:39:38 INF] 【直播间】4015781 的第 34 个心跳包发送成功
[02:39:39 INF] 【直播间】9619073 的第 34 个心跳包发送成功
[02:39:40 INF] 【直播间】407149 的第 34 个心跳包发送成功
[02:40:40 INF] 【直播间】23357926 的第 35 个心跳包发送成功
[02:40:42 INF] 【直播间】23040372 的第 35 个心跳包发送成功
[02:40:43 INF] 【直播间】31494 的第 35 个心跳包发送成功
[02:40:44 INF] 【直播间】4015781 的第 35 个心跳包发送成功
[02:40:45 INF] 【直播间】9619073 的第 35 个心跳包发送成功
[02:40:47 INF] 【直播间】407149 的第 35 个心跳包发送成功
[02:41:47 INF] 【直播间】23357926 的第 36 个心跳包发送成功
[02:41:48 INF] 【直播间】23040372 的第 36 个心跳包发送成功
[02:41:50 INF] 【直播间】31494 的第 36 个心跳包发送成功
[02:41:51 INF] 【直播间】4015781 的第 36 个心跳包发送成功
[02:41:52 INF] 【直播间】9619073 的第 36 个心跳包发送成功
[02:41:53 INF] 【直播间】407149 的第 36 个心跳包发送成功
[02:42:54 INF] 【直播间】23357926 的第 37 个心跳包发送成功
[02:42:55 INF] 【直播间】23040372 的第 37 个心跳包发送成功
[02:42:56 INF] 【直播间】31494 的第 37 个心跳包发送成功
[02:42:57 INF] 【直播间】4015781 的第 37 个心跳包发送成功
[02:42:59 INF] 【直播间】9619073 的第 37 个心跳包发送成功
[02:43:00 INF] 【直播间】407149 的第 37 个心跳包发送成功
[02:44:01 INF] 【直播间】23357926 的第 38 个心跳包发送成功
[02:44:02 INF] 【直播间】23040372 的第 38 个心跳包发送成功
[02:44:03 INF] 【直播间】31494 的第 38 个心跳包发送成功
[02:44:04 INF] 【直播间】4015781 的第 38 个心跳包发送成功
[02:44:06 INF] 【直播间】9619073 的第 38 个心跳包发送成功
[02:44:07 INF] 【直播间】407149 的第 38 个心跳包发送成功
[02:45:07 INF] 【直播间】23357926 的第 39 个心跳包发送成功
[02:45:08 INF] 【直播间】23040372 的第 39 个心跳包发送成功
[02:45:10 INF] 【直播间】31494 的第 39 个心跳包发送成功
[02:45:11 INF] 【直播间】4015781 的第 39 个心跳包发送成功
[02:45:12 INF] 【直播间】9619073 的第 39 个心跳包发送成功
[02:45:13 INF] 【直播间】407149 的第 39 个心跳包发送成功
[02:46:14 INF] 【直播间】23357926 的第 40 个心跳包发送成功
[02:46:15 INF] 【直播间】23040372 的第 40 个心跳包发送成功
[02:46:16 INF] 【直播间】31494 的第 40 个心跳包发送成功
[02:46:17 INF] 【直播间】4015781 的第 40 个心跳包发送成功
[02:46:19 INF] 【直播间】9619073 的第 40 个心跳包发送成功
[02:46:20 INF] 【直播间】407149 的第 40 个心跳包发送成功
[02:47:20 ERR] 【心跳包】直播间 23357926 发送失败
[02:47:20 ERR] 【原因】time check failed
[02:47:22 ERR] 【心跳包】直播间 23040372 发送失败
[02:47:22 ERR] 【原因】time check failed
[02:47:23 ERR] 【心跳包】直播间 31494 发送失败
[02:47:23 ERR] 【原因】time check failed
[02:47:24 ERR] 【心跳包】直播间 4015781 发送失败
[02:47:24 ERR] 【原因】time check failed
[02:47:25 ERR] 【心跳包】直播间 9619073 发送失败
[02:47:25 ERR] 【原因】time check failed
[02:47:27 ERR] 【心跳包】直播间 407149 发送失败
[02:47:27 ERR] 【原因】time check failed
[02:48:27 INF] 【直播间】23357926 的第 41 个心跳包发送成功
[02:48:28 INF] 【直播间】23040372 的第 41 个心跳包发送成功
[02:48:29 INF] 【直播间】31494 的第 41 个心跳包发送成功
[02:48:31 INF] 【直播间】4015781 的第 41 个心跳包发送成功
[02:48:32 INF] 【直播间】9619073 的第 41 个心跳包发送成功
[02:48:33 INF] 【直播间】407149 的第 41 个心跳包发送成功
[02:49:34 INF] 【直播间】23357926 的第 42 个心跳包发送成功
[02:49:35 INF] 【直播间】23040372 的第 42 个心跳包发送成功
[02:49:36 INF] 【直播间】31494 的第 42 个心跳包发送成功
[02:49:38 INF] 【直播间】4015781 的第 42 个心跳包发送成功
[02:49:39 INF] 【直播间】9619073 的第 42 个心跳包发送成功
[02:49:40 INF] 【直播间】407149 的第 42 个心跳包发送成功
[02:50:40 INF] 【直播间】23357926 的第 43 个心跳包发送成功
[02:50:41 INF] 【直播间】23040372 的第 43 个心跳包发送成功
[02:50:43 INF] 【直播间】31494 的第 43 个心跳包发送成功
[02:50:44 INF] 【直播间】4015781 的第 43 个心跳包发送成功
[02:50:45 INF] 【直播间】9619073 的第 43 个心跳包发送成功
[02:50:46 INF] 【直播间】407149 的第 43 个心跳包发送成功
[02:51:47 INF] 【直播间】23357926 的第 44 个心跳包发送成功
[02:51:48 INF] 【直播间】23040372 的第 44 个心跳包发送成功
[02:51:49 INF] 【直播间】31494 的第 44 个心跳包发送成功
[02:51:50 INF] 【直播间】4015781 的第 44 个心跳包发送成功
[02:51:52 INF] 【直播间】9619073 的第 44 个心跳包发送成功
[02:51:53 INF] 【直播间】407149 的第 44 个心跳包发送成功
[02:52:53 INF] 【直播间】23357926 的第 45 个心跳包发送成功
[02:52:55 INF] 【直播间】23040372 的第 45 个心跳包发送成功
[02:52:56 INF] 【直播间】31494 的第 45 个心跳包发送成功
[02:52:57 INF] 【直播间】4015781 的第 45 个心跳包发送成功
[02:52:59 INF] 【直播间】9619073 的第 45 个心跳包发送成功
[02:53:00 INF] 【直播间】407149 的第 45 个心跳包发送成功
[02:54:00 INF] 【直播间】23357926 的第 46 个心跳包发送成功
[02:54:01 INF] 【直播间】23040372 的第 46 个心跳包发送成功
[02:54:03 INF] 【直播间】31494 的第 46 个心跳包发送成功
[02:54:04 INF] 【直播间】4015781 的第 46 个心跳包发送成功
[02:54:05 INF] 【直播间】9619073 的第 46 个心跳包发送成功
[02:54:06 INF] 【直播间】407149 的第 46 个心跳包发送成功
[02:55:07 INF] 【直播间】23357926 的第 47 个心跳包发送成功
[02:55:08 INF] 【直播间】23040372 的第 47 个心跳包发送成功
[02:55:09 INF] 【直播间】31494 的第 47 个心跳包发送成功
[02:55:10 INF] 【直播间】4015781 的第 47 个心跳包发送成功
[02:55:12 INF] 【直播间】9619073 的第 47 个心跳包发送成功
[02:55:13 INF] 【直播间】407149 的第 47 个心跳包发送成功
[02:56:13 INF] 【直播间】23357926 的第 48 个心跳包发送成功
[02:56:14 INF] 【直播间】23040372 的第 48 个心跳包发送成功
[02:56:16 INF] 【直播间】31494 的第 48 个心跳包发送成功
[02:56:17 INF] 【直播间】4015781 的第 48 个心跳包发送成功
[02:56:18 INF] 【直播间】9619073 的第 48 个心跳包发送成功
[02:56:20 INF] 【直播间】407149 的第 48 个心跳包发送成功
[02:57:20 INF] 【直播间】23357926 的第 49 个心跳包发送成功
[02:57:21 INF] 【直播间】23040372 的第 49 个心跳包发送成功
[02:57:22 INF] 【直播间】31494 的第 49 个心跳包发送成功
[02:57:23 INF] 【直播间】4015781 的第 49 个心跳包发送成功
[02:57:25 INF] 【直播间】9619073 的第 49 个心跳包发送成功
[02:57:26 INF] 【直播间】407149 的第 49 个心跳包发送成功
[02:58:26 INF] 【直播间】23357926 的第 50 个心跳包发送成功
[02:58:28 INF] 【直播间】23040372 的第 50 个心跳包发送成功
[02:58:29 INF] 【直播间】31494 的第 50 个心跳包发送成功
[02:58:30 INF] 【直播间】4015781 的第 50 个心跳包发送成功
[02:58:31 INF] 【直播间】9619073 的第 50 个心跳包发送成功
[02:58:33 INF] 【直播间】407149 的第 50 个心跳包发送成功
[02:59:33 INF] 【直播间】23357926 的第 51 个心跳包发送成功
[02:59:34 INF] 【直播间】23040372 的第 51 个心跳包发送成功
[02:59:36 INF] 【直播间】31494 的第 51 个心跳包发送成功
[02:59:37 INF] 【直播间】4015781 的第 51 个心跳包发送成功
[02:59:38 INF] 【直播间】9619073 的第 51 个心跳包发送成功
[02:59:39 INF] 【直播间】407149 的第 51 个心跳包发送成功
[03:00:40 INF] 【直播间】23357926 的第 52 个心跳包发送成功
[03:00:41 INF] 【直播间】23040372 的第 52 个心跳包发送成功
[03:00:42 INF] 【直播间】31494 的第 52 个心跳包发送成功
[03:00:43 INF] 【直播间】4015781 的第 52 个心跳包发送成功
[03:00:44 INF] 【直播间】9619073 的第 52 个心跳包发送成功
[03:00:46 INF] 【直播间】407149 的第 52 个心跳包发送成功
[03:01:46 INF] 【直播间】23357926 的第 53 个心跳包发送成功
[03:01:47 INF] 【直播间】23040372 的第 53 个心跳包发送成功
[03:01:49 INF] 【直播间】31494 的第 53 个心跳包发送成功
[03:01:50 INF] 【直播间】4015781 的第 53 个心跳包发送成功
[03:01:51 INF] 【直播间】9619073 的第 53 个心跳包发送成功
[03:01:53 INF] 【直播间】407149 的第 53 个心跳包发送成功
[03:02:53 ERR] 【心跳包】直播间 23357926 发送失败
[03:02:53 ERR] 【原因】time check failed
[03:02:54 ERR] 【心跳包】直播间 23040372 发送失败
[03:02:54 ERR] 【原因】time check failed
[03:02:55 ERR] 【心跳包】直播间 31494 发送失败
[03:02:55 ERR] 【原因】time check failed
[03:02:56 ERR] 【心跳包】直播间 4015781 发送失败
[03:02:56 ERR] 【原因】time check failed
[03:02:58 ERR] 【心跳包】直播间 9619073 发送失败
[03:02:58 ERR] 【原因】time check failed
[03:02:59 ERR] 【心跳包】直播间 407149 发送失败
[03:02:59 ERR] 【原因】time check failed
[03:03:59 INF] 【直播间】23357926 的第 54 个心跳包发送成功
[03:04:01 INF] 【直播间】23040372 的第 54 个心跳包发送成功
[03:04:02 INF] 【直播间】31494 的第 54 个心跳包发送成功
[03:04:03 INF] 【直播间】4015781 的第 54 个心跳包发送成功
[03:04:04 INF] 【直播间】9619073 的第 54 个心跳包发送成功
[03:04:06 INF] 【直播间】407149 的第 54 个心跳包发送成功
[03:05:06 INF] 【直播间】23357926 的第 55 个心跳包发送成功
[03:05:07 INF] 【直播间】23040372 的第 55 个心跳包发送成功
[03:05:08 INF] 【直播间】31494 的第 55 个心跳包发送成功
[03:05:10 INF] 【直播间】4015781 的第 55 个心跳包发送成功
[03:05:11 INF] 【直播间】9619073 的第 55 个心跳包发送成功
[03:05:12 INF] 【直播间】407149 的第 55 个心跳包发送成功
[03:06:13 INF] 【直播间】23357926 的第 56 个心跳包发送成功
[03:06:14 INF] 【直播间】23040372 的第 56 个心跳包发送成功
[03:06:15 INF] 【直播间】31494 的第 56 个心跳包发送成功
[03:06:16 INF] 【直播间】4015781 的第 56 个心跳包发送成功
[03:06:18 INF] 【直播间】9619073 的第 56 个心跳包发送成功
[03:06:19 INF] 【直播间】407149 的第 56 个心跳包发送成功
[03:07:19 INF] 【直播间】23357926 的第 57 个心跳包发送成功
[03:07:20 INF] 【直播间】23040372 的第 57 个心跳包发送成功
[03:07:22 INF] 【直播间】31494 的第 57 个心跳包发送成功
[03:07:23 INF] 【直播间】4015781 的第 57 个心跳包发送成功
[03:07:24 INF] 【直播间】9619073 的第 57 个心跳包发送成功
[03:07:25 INF] 【直播间】407149 的第 57 个心跳包发送成功
[03:08:26 INF] 【直播间】23357926 的第 58 个心跳包发送成功
[03:08:27 INF] 【直播间】23040372 的第 58 个心跳包发送成功
[03:08:28 INF] 【直播间】31494 的第 58 个心跳包发送成功
[03:08:29 INF] 【直播间】4015781 的第 58 个心跳包发送成功
[03:08:31 INF] 【直播间】9619073 的第 58 个心跳包发送成功
[03:08:32 INF] 【直播间】407149 的第 58 个心跳包发送成功
[03:09:33 INF] 【直播间】23357926 的第 59 个心跳包发送成功
[03:09:34 INF] 【直播间】23040372 的第 59 个心跳包发送成功
[03:09:35 INF] 【直播间】31494 的第 59 个心跳包发送成功
[03:09:36 INF] 【直播间】4015781 的第 59 个心跳包发送成功
[03:09:38 INF] 【直播间】9619073 的第 59 个心跳包发送成功
[03:09:39 INF] 【直播间】407149 的第 59 个心跳包发送成功
[03:10:39 INF] 【直播间】23357926 的第 60 个心跳包发送成功
[03:10:40 INF] 【直播间】23040372 的第 60 个心跳包发送成功
[03:10:42 INF] 【直播间】31494 的第 60 个心跳包发送成功
[03:10:43 INF] 【直播间】4015781 的第 60 个心跳包发送成功
[03:10:44 INF] 【直播间】9619073 的第 60 个心跳包发送成功
[03:10:45 INF] 【直播间】407149 的第 60 个心跳包发送成功
[03:11:46 INF] 【直播间】23357926 的第 61 个心跳包发送成功
[03:11:47 INF] 【直播间】23040372 的第 61 个心跳包发送成功
[03:11:48 INF] 【直播间】31494 的第 61 个心跳包发送成功
[03:11:50 INF] 【直播间】4015781 的第 61 个心跳包发送成功
[03:11:51 INF] 【直播间】9619073 的第 61 个心跳包发送成功
[03:11:52 INF] 【直播间】407149 的第 61 个心跳包发送成功
[03:12:52 INF] 【直播间】23357926 的第 62 个心跳包发送成功
[03:12:54 INF] 【直播间】23040372 的第 62 个心跳包发送成功
[03:12:55 INF] 【直播间】31494 的第 62 个心跳包发送成功
[03:12:56 INF] 【直播间】4015781 的第 62 个心跳包发送成功
[03:12:57 INF] 【直播间】9619073 的第 62 个心跳包发送成功
[03:12:59 INF] 【直播间】407149 的第 62 个心跳包发送成功
[03:13:59 INF] 【直播间】23357926 的第 63 个心跳包发送成功
[03:14:00 INF] 【直播间】23040372 的第 63 个心跳包发送成功
[03:14:02 INF] 【直播间】31494 的第 63 个心跳包发送成功
[03:14:03 INF] 【直播间】4015781 的第 63 个心跳包发送成功
[03:14:04 INF] 【直播间】9619073 的第 63 个心跳包发送成功
[03:14:06 INF] 【直播间】407149 的第 63 个心跳包发送成功
[03:15:06 INF] 【直播间】23357926 的第 64 个心跳包发送成功
[03:15:07 INF] 【直播间】23040372 的第 64 个心跳包发送成功
[03:15:08 INF] 【直播间】31494 的第 64 个心跳包发送成功
[03:15:10 INF] 【直播间】4015781 的第 64 个心跳包发送成功
[03:15:11 INF] 【直播间】9619073 的第 64 个心跳包发送成功
[03:15:12 INF] 【直播间】407149 的第 64 个心跳包发送成功
[03:16:12 INF] 【直播间】23357926 的第 65 个心跳包发送成功
[03:16:14 INF] 【直播间】23040372 的第 65 个心跳包发送成功
[03:16:15 INF] 【直播间】31494 的第 65 个心跳包发送成功
[03:16:16 INF] 【直播间】4015781 的第 65 个心跳包发送成功
[03:16:17 INF] 【直播间】9619073 的第 65 个心跳包发送成功
[03:16:19 INF] 【直播间】407149 的第 65 个心跳包发送成功
[03:17:19 INF] 【直播间】23357926 的第 66 个心跳包发送成功
[03:17:20 INF] 【直播间】23040372 的第 66 个心跳包发送成功
[03:17:21 INF] 【直播间】31494 的第 66 个心跳包发送成功
[03:17:23 INF] 【直播间】4015781 的第 66 个心跳包发送成功
[03:17:24 INF] 【直播间】9619073 的第 66 个心跳包发送成功
[03:17:25 INF] 【直播间】407149 的第 66 个心跳包发送成功
[03:18:25 ERR] 【心跳包】直播间 23357926 发送失败
[03:18:25 ERR] 【原因】time check failed
[03:18:27 ERR] 【心跳包】直播间 23040372 发送失败
[03:18:27 ERR] 【原因】time check failed
[03:18:28 ERR] 【心跳包】直播间 31494 发送失败
[03:18:28 ERR] 【原因】time check failed
[03:18:29 ERR] 【心跳包】直播间 4015781 发送失败
[03:18:29 ERR] 【原因】time check failed
[03:18:30 ERR] 【心跳包】直播间 9619073 发送失败
[03:18:30 ERR] 【原因】time check failed
[03:18:31 ERR] 【心跳包】直播间 407149 发送失败
[03:18:31 ERR] 【原因】time check failed
[03:19:32 INF] 【直播间】23357926 的第 67 个心跳包发送成功
[03:19:33 INF] 【直播间】23040372 的第 67 个心跳包发送成功
[03:19:34 INF] 【直播间】31494 的第 67 个心跳包发送成功
[03:19:36 INF] 【直播间】4015781 的第 67 个心跳包发送成功
[03:19:37 INF] 【直播间】9619073 的第 67 个心跳包发送成功
[03:19:38 INF] 【直播间】407149 的第 67 个心跳包发送成功
[03:20:39 INF] 【直播间】23357926 的第 68 个心跳包发送成功
[03:20:40 INF] 【直播间】23040372 的第 68 个心跳包发送成功
[03:20:41 INF] 【直播间】31494 的第 68 个心跳包发送成功
[03:20:42 INF] 【直播间】4015781 的第 68 个心跳包发送成功
[03:20:44 INF] 【直播间】9619073 的第 68 个心跳包发送成功
[03:20:45 INF] 【直播间】407149 的第 68 个心跳包发送成功
[03:21:46 INF] 【直播间】23357926 的第 69 个心跳包发送成功
[03:21:47 INF] 【直播间】23040372 的第 69 个心跳包发送成功
[03:21:48 INF] 【直播间】31494 的第 69 个心跳包发送成功
[03:21:49 INF] 【直播间】4015781 的第 69 个心跳包发送成功
[03:21:50 INF] 【直播间】9619073 的第 69 个心跳包发送成功
[03:21:52 INF] 【直播间】407149 的第 69 个心跳包发送成功
[03:22:52 INF] 【直播间】23357926 的第 70 个心跳包发送成功
[03:22:53 INF] 【直播间】23040372 的第 70 个心跳包发送成功
[03:22:54 INF] 【直播间】31494 的第 70 个心跳包发送成功
[03:22:56 INF] 【直播间】4015781 的第 70 个心跳包发送成功
[03:22:57 INF] 【直播间】9619073 的第 70 个心跳包发送成功
[03:22:58 INF] 【直播间】407149 的第 70 个心跳包发送成功
[03:22:58 INF] 【直播观看时长】完成情况：6/6 
[03:22:58 INF] ---------结束---------

[03:22:58 INF] ==========结束==========

[03:22:58 INF] ######### 账号 3 #########

[03:22:58 INF] =====开始 直播间互动 =====

[03:22:58 INF] ---开始 发送弹幕 ---
[03:22:58 INF] 检测到直播 Cookie 未正确配置，尝试自动配置中...
[03:23:03 INF] 直播 Cookie 配置成功！
[03:23:03 INF] 【获取直播列表】获取拥有粉丝牌的直播列表
[03:23:11 INF] 【主播】苏打baka 
[03:23:25 INF] 【直播间】苏打baka
[03:23:25 INF] 【粉丝牌】碳酸钠
[03:23:25 INF] 正在发送弹幕...
[03:23:28 INF] -------结束-------

[03:23:28 INF] ---开始 点赞直播间 ---
[03:23:28 INF] 【获取直播列表】获取拥有粉丝牌的直播列表
[03:23:34 INF] 【主播】苏打baka 
[03:23:41 INF] 【弹幕发送】成功~，你和主播 苏打baka 的亲密值增加了100！
[03:23:56 INF] --------结束--------

[03:23:56 INF] ---开始 直播时长挂机 ---
[03:23:56 INF] 【获取直播列表】获取拥有粉丝牌的直播列表
[03:23:57 INF] 【点赞直播间】23040372 完成
[03:24:03 INF] 【主播】苏打baka 
[03:24:22 INF] 【直播间】23040372 的第 1 个心跳包发送成功
[03:25:28 INF] 【直播间】23040372 的第 2 个心跳包发送成功
[03:26:35 INF] 【直播间】23040372 的第 3 个心跳包发送成功
[03:27:42 INF] 【直播间】23040372 的第 4 个心跳包发送成功
[03:28:48 INF] 【直播间】23040372 的第 5 个心跳包发送成功
[03:29:55 INF] 【直播间】23040372 的第 6 个心跳包发送成功
[03:31:02 INF] 【直播间】23040372 的第 7 个心跳包发送成功
[03:32:08 INF] 【直播间】23040372 的第 8 个心跳包发送成功
[03:33:15 INF] 【直播间】23040372 的第 9 个心跳包发送成功
[03:34:22 INF] 【直播间】23040372 的第 10 个心跳包发送成功
[03:35:28 INF] 【直播间】23040372 的第 11 个心跳包发送成功
[03:36:35 INF] 【直播间】23040372 的第 12 个心跳包发送成功
[03:37:42 INF] 【直播间】23040372 的第 13 个心跳包发送成功
[03:38:48 INF] 【直播间】23040372 的第 14 个心跳包发送成功
[03:39:55 ERR] 【心跳包】直播间 23040372 发送失败
[03:39:55 ERR] 【原因】time check failed
[03:41:01 INF] 【直播间】23040372 的第 15 个心跳包发送成功
[03:42:08 INF] 【直播间】23040372 的第 16 个心跳包发送成功
[03:43:15 INF] 【直播间】23040372 的第 17 个心跳包发送成功
[03:44:21 INF] 【直播间】23040372 的第 18 个心跳包发送成功
[03:45:28 INF] 【直播间】23040372 的第 19 个心跳包发送成功
[03:46:35 INF] 【直播间】23040372 的第 20 个心跳包发送成功
[03:47:41 INF] 【直播间】23040372 的第 21 个心跳包发送成功
[03:48:48 INF] 【直播间】23040372 的第 22 个心跳包发送成功
[03:49:55 INF] 【直播间】23040372 的第 23 个心跳包发送成功
[03:51:01 INF] 【直播间】23040372 的第 24 个心跳包发送成功
[03:52:08 INF] 【直播间】23040372 的第 25 个心跳包发送成功
[03:53:14 INF] 【直播间】23040372 的第 26 个心跳包发送成功
[03:54:21 INF] 【直播间】23040372 的第 27 个心跳包发送成功
[03:55:28 ERR] 【心跳包】直播间 23040372 发送失败
[03:55:28 ERR] 【原因】time check failed
[03:56:35 INF] 【直播间】23040372 的第 28 个心跳包发送成功
[03:57:41 INF] 【直播间】23040372 的第 29 个心跳包发送成功
[03:58:48 INF] 【直播间】23040372 的第 30 个心跳包发送成功
[03:59:55 INF] 【直播间】23040372 的第 31 个心跳包发送成功
[04:01:01 INF] 【直播间】23040372 的第 32 个心跳包发送成功
[04:02:08 INF] 【直播间】23040372 的第 33 个心跳包发送成功
[04:03:14 INF] 【直播间】23040372 的第 34 个心跳包发送成功
[04:04:21 INF] 【直播间】23040372 的第 35 个心跳包发送成功
[04:05:28 INF] 【直播间】23040372 的第 36 个心跳包发送成功
[04:06:34 INF] 【直播间】23040372 的第 37 个心跳包发送成功
[04:07:41 INF] 【直播间】23040372 的第 38 个心跳包发送成功
[04:08:48 INF] 【直播间】23040372 的第 39 个心跳包发送成功
[04:09:54 INF] 【直播间】23040372 的第 40 个心跳包发送成功
[04:11:01 ERR] 【心跳包】直播间 23040372 发送失败
[04:11:01 ERR] 【原因】time check failed
[04:12:08 INF] 【直播间】23040372 的第 41 个心跳包发送成功
[04:13:14 INF] 【直播间】23040372 的第 42 个心跳包发送成功
[04:14:21 INF] 【直播间】23040372 的第 43 个心跳包发送成功
[04:15:27 INF] 【直播间】23040372 的第 44 个心跳包发送成功
[04:16:34 INF] 【直播间】23040372 的第 45 个心跳包发送成功
[04:17:41 INF] 【直播间】23040372 的第 46 个心跳包发送成功
[04:18:47 INF] 【直播间】23040372 的第 47 个心跳包发送成功
[04:19:54 INF] 【直播间】23040372 的第 48 个心跳包发送成功
[04:21:00 INF] 【直播间】23040372 的第 49 个心跳包发送成功
[04:22:07 INF] 【直播间】23040372 的第 50 个心跳包发送成功
[04:23:14 INF] 【直播间】23040372 的第 51 个心跳包发送成功
[04:24:20 INF] 【直播间】23040372 的第 52 个心跳包发送成功
[04:25:27 INF] 【直播间】23040372 的第 53 个心跳包发送成功
[04:26:34 ERR] 【心跳包】直播间 23040372 发送失败
[04:26:34 ERR] 【原因】time check failed
[04:27:40 INF] 【直播间】23040372 的第 54 个心跳包发送成功
[04:28:47 INF] 【直播间】23040372 的第 55 个心跳包发送成功
[04:29:54 INF] 【直播间】23040372 的第 56 个心跳包发送成功
[04:31:00 INF] 【直播间】23040372 的第 57 个心跳包发送成功
[04:32:07 INF] 【直播间】23040372 的第 58 个心跳包发送成功
[04:33:14 INF] 【直播间】23040372 的第 59 个心跳包发送成功
[04:34:21 INF] 【直播间】23040372 的第 60 个心跳包发送成功
[04:35:27 INF] 【直播间】23040372 的第 61 个心跳包发送成功
[04:36:34 INF] 【直播间】23040372 的第 62 个心跳包发送成功
[04:37:40 INF] 【直播间】23040372 的第 63 个心跳包发送成功
[04:38:47 INF] 【直播间】23040372 的第 64 个心跳包发送成功
[04:39:54 INF] 【直播间】23040372 的第 65 个心跳包发送成功
[04:41:00 INF] 【直播间】23040372 的第 66 个心跳包发送成功
[04:42:07 ERR] 【心跳包】直播间 23040372 发送失败
[04:42:07 ERR] 【原因】time check failed
[04:43:13 INF] 【直播间】23040372 的第 67 个心跳包发送成功
[04:44:21 INF] 【直播间】23040372 的第 68 个心跳包发送成功
[04:45:27 INF] 【直播间】23040372 的第 69 个心跳包发送成功
[04:46:34 INF] 【直播间】23040372 的第 70 个心跳包发送成功
[04:46:34 INF] 【直播观看时长】完成情况：1/1 
[04:46:34 INF] ---------结束---------

[04:46:34 INF] ==========结束==========

[04:46:34 INF] 

========================

 v2.0.1 开源 by https://github.com/RayWangQvQ/BiliBiliToolPro

[04:46:34 INF] ·开始推送·LiveFansMedal任务·
2023-06-20T20:46:34.1225490Z 开始推送到:自定义
2023-06-20T20:46:43.0003078Z Response status: OK.
2023-06-20T20:46:43.0003514Z Response content: {"message":"","success":true,"uuid":"df8cf500a8c54123a7ba862ed26e10fa"}.

[04:46:43 INF] 运行环境：Development
[04:46:43 INF] 应用目录：/home/runner/work/BiliBiliToolPro/BiliBiliToolPro/src/Ray.BiliBiliTool.Console/bin/Debug/net6.0/

[04:46:43 INF] 运行结束
