----------- ip 信息 ---------
{
  "ip": "52.225.76.16",
  "city": "San Jose",
  "region": "California",
  "country": "US",
  "loc": "37.3394,-121.8950",
  "org": "AS8075 Microsoft Corporation",
  "postal": "95103",
  "timezone": "America/Los_Angeles",
  "readme": "https://ipinfo.io/missingauth"
} ---------- end ------------
  ____               ____    _   _____           _  
 |  _ \ __ _ _   _  | __ ) _| |_|_   _|__   ___ | | 
 | |_) / _` | | | | |  _ \(_) (_) | |/ _ \ / _ \| | 
 |  _ < (_| | |_| | | |_) | | | | | | (_) | (_) | | 
 |_| \_\__,_|\__, | |____/|_|_|_| |_|\___/ \___/|_| 
             |___/                                  

[00:32:23 INF] BiliBiliToolPro 开始运行...

[00:32:23 INF] 【账号个数】3个

[00:32:23 INF] 随机休眠1分钟

[00:33:23 INF] 【目标任务】LiveFansMedal
[00:33:23 INF] ######### 账号 1 #########

[00:33:23 INF] =====开始 直播间互动 =====

[00:33:23 INF] ---开始 发送弹幕 ---
[00:33:23 INF] 检测到直播 Cookie 未正确配置，尝试自动配置中...
[00:33:29 INF] 直播 Cookie 配置成功！
[00:33:29 INF] 【获取直播列表】获取拥有粉丝牌的直播列表
[00:33:37 INF] 【主播】Mark陌枫 
[00:33:53 INF] 【主播】KL_qiqi_ 
[00:34:09 INF] 【主播】苏打baka 
[00:34:21 INF] 【直播间】Mark陌枫
[00:34:21 INF] 【粉丝牌】馬楓
[00:34:21 INF] 正在发送弹幕...
[00:34:27 INF] 【直播间】KL_qiqi_
[00:34:27 INF] 【粉丝牌】qiqisb
[00:34:27 INF] 正在发送弹幕...
[00:34:33 INF] 【直播间】苏打baka
[00:34:33 INF] 【粉丝牌】碳酸钠
[00:34:33 INF] 正在发送弹幕...
[00:34:39 INF] 【弹幕发送】成功~，你和主播 Mark陌枫 的亲密值增加了100！
[00:34:40 INF] -------结束-------

[00:34:40 INF] ---开始 点赞直播间 ---
[00:34:40 INF] 【获取直播列表】获取拥有粉丝牌的直播列表
[00:34:43 INF] 【弹幕发送】成功~，你和主播 KL_qiqi_ 的亲密值增加了100！
[00:34:47 INF] 【主播】Mark陌枫 
[00:34:52 INF] 【弹幕发送】成功~，你和主播 苏打baka 的亲密值增加了100！
[00:35:04 INF] 【主播】KL_qiqi_ 
[00:35:20 INF] 【主播】苏打baka 
[00:35:46 INF] 【点赞直播间】23357926 完成
[00:35:50 INF] 【点赞直播间】407149 完成
[00:35:53 INF] --------结束--------

[00:35:53 INF] ---开始 直播时长挂机 ---
[00:35:53 INF] 【获取直播列表】获取拥有粉丝牌的直播列表
[00:35:53 INF] 【点赞直播间】23040372 完成
[00:35:59 INF] 【主播】Mark陌枫 
[00:36:17 INF] 【主播】KL_qiqi_ 
[00:36:34 INF] 【主播】苏打baka 
[00:36:54 INF] 【直播间】23357926 的第 1 个心跳包发送成功
[00:36:55 INF] 【直播间】407149 的第 1 个心跳包发送成功
[00:36:56 INF] 【直播间】23040372 的第 1 个心跳包发送成功
[00:38:00 INF] 【直播间】23357926 的第 2 个心跳包发送成功
[00:38:02 INF] 【直播间】407149 的第 2 个心跳包发送成功
[00:38:03 INF] 【直播间】23040372 的第 2 个心跳包发送成功
[00:39:07 INF] 【直播间】23357926 的第 3 个心跳包发送成功
[00:39:08 INF] 【直播间】407149 的第 3 个心跳包发送成功
[00:39:09 INF] 【直播间】23040372 的第 3 个心跳包发送成功
[00:40:13 INF] 【直播间】23357926 的第 4 个心跳包发送成功
[00:40:14 INF] 【直播间】407149 的第 4 个心跳包发送成功
[00:40:16 INF] 【直播间】23040372 的第 4 个心跳包发送成功
[00:41:19 INF] 【直播间】23357926 的第 5 个心跳包发送成功
[00:41:21 INF] 【直播间】407149 的第 5 个心跳包发送成功
[00:41:22 INF] 【直播间】23040372 的第 5 个心跳包发送成功
[00:42:26 INF] 【直播间】23357926 的第 6 个心跳包发送成功
[00:42:27 INF] 【直播间】407149 的第 6 个心跳包发送成功
[00:42:29 INF] 【直播间】23040372 的第 6 个心跳包发送成功
[00:43:32 INF] 【直播间】23357926 的第 7 个心跳包发送成功
[00:43:33 INF] 【直播间】407149 的第 7 个心跳包发送成功
[00:43:35 INF] 【直播间】23040372 的第 7 个心跳包发送成功
[00:44:39 INF] 【直播间】23357926 的第 8 个心跳包发送成功
[00:44:40 INF] 【直播间】407149 的第 8 个心跳包发送成功
[00:44:41 INF] 【直播间】23040372 的第 8 个心跳包发送成功
[00:45:45 INF] 【直播间】23357926 的第 9 个心跳包发送成功
[00:45:46 INF] 【直播间】407149 的第 9 个心跳包发送成功
[00:45:47 INF] 【直播间】23040372 的第 9 个心跳包发送成功
[00:46:51 INF] 【直播间】23357926 的第 10 个心跳包发送成功
[00:46:53 INF] 【直播间】407149 的第 10 个心跳包发送成功
[00:46:54 INF] 【直播间】23040372 的第 10 个心跳包发送成功
[00:47:58 INF] 【直播间】23357926 的第 11 个心跳包发送成功
[00:47:59 INF] 【直播间】407149 的第 11 个心跳包发送成功
[00:48:00 INF] 【直播间】23040372 的第 11 个心跳包发送成功
[00:49:04 INF] 【直播间】23357926 的第 12 个心跳包发送成功
[00:49:05 INF] 【直播间】407149 的第 12 个心跳包发送成功
[00:49:06 INF] 【直播间】23040372 的第 12 个心跳包发送成功
[00:50:11 INF] 【直播间】23357926 的第 13 个心跳包发送成功
[00:50:12 INF] 【直播间】407149 的第 13 个心跳包发送成功
[00:50:13 INF] 【直播间】23040372 的第 13 个心跳包发送成功
[00:51:17 INF] 【直播间】23357926 的第 14 个心跳包发送成功
[00:51:18 INF] 【直播间】407149 的第 14 个心跳包发送成功
[00:51:19 INF] 【直播间】23040372 的第 14 个心跳包发送成功
[00:52:23 INF] 【直播间】23357926 的第 15 个心跳包发送成功
[00:52:24 INF] 【直播间】407149 的第 15 个心跳包发送成功
[00:52:26 INF] 【直播间】23040372 的第 15 个心跳包发送成功
[00:53:30 ERR] 【心跳包】直播间 23357926 发送失败
[00:53:30 ERR] 【原因】time check failed
[00:53:31 ERR] 【心跳包】直播间 407149 发送失败
[00:53:31 ERR] 【原因】time check failed
[00:53:32 ERR] 【心跳包】直播间 23040372 发送失败
[00:53:32 ERR] 【原因】time check failed
[00:54:36 INF] 【直播间】23357926 的第 16 个心跳包发送成功
[00:54:37 INF] 【直播间】407149 的第 16 个心跳包发送成功
[00:54:38 INF] 【直播间】23040372 的第 16 个心跳包发送成功
[00:55:42 INF] 【直播间】23357926 的第 17 个心跳包发送成功
[00:55:44 INF] 【直播间】407149 的第 17 个心跳包发送成功
[00:55:45 INF] 【直播间】23040372 的第 17 个心跳包发送成功
[00:56:49 INF] 【直播间】23357926 的第 18 个心跳包发送成功
[00:56:50 INF] 【直播间】407149 的第 18 个心跳包发送成功
[00:56:51 INF] 【直播间】23040372 的第 18 个心跳包发送成功
[00:57:55 INF] 【直播间】23357926 的第 19 个心跳包发送成功
[00:57:56 INF] 【直播间】407149 的第 19 个心跳包发送成功
[00:57:57 INF] 【直播间】23040372 的第 19 个心跳包发送成功
[00:59:01 INF] 【直播间】23357926 的第 20 个心跳包发送成功
[00:59:03 INF] 【直播间】407149 的第 20 个心跳包发送成功
[00:59:04 INF] 【直播间】23040372 的第 20 个心跳包发送成功
[01:00:08 INF] 【直播间】23357926 的第 21 个心跳包发送成功
[01:00:09 INF] 【直播间】407149 的第 21 个心跳包发送成功
[01:00:10 INF] 【直播间】23040372 的第 21 个心跳包发送成功
[01:01:14 INF] 【直播间】23357926 的第 22 个心跳包发送成功
[01:01:15 INF] 【直播间】407149 的第 22 个心跳包发送成功
[01:01:16 INF] 【直播间】23040372 的第 22 个心跳包发送成功
[01:02:20 INF] 【直播间】23357926 的第 23 个心跳包发送成功
[01:02:22 INF] 【直播间】407149 的第 23 个心跳包发送成功
[01:02:23 INF] 【直播间】23040372 的第 23 个心跳包发送成功
[01:03:27 INF] 【直播间】23357926 的第 24 个心跳包发送成功
[01:03:28 INF] 【直播间】407149 的第 24 个心跳包发送成功
[01:03:29 INF] 【直播间】23040372 的第 24 个心跳包发送成功
[01:04:33 INF] 【直播间】23357926 的第 25 个心跳包发送成功
[01:04:34 INF] 【直播间】407149 的第 25 个心跳包发送成功
[01:04:35 INF] 【直播间】23040372 的第 25 个心跳包发送成功
[01:05:39 INF] 【直播间】23357926 的第 26 个心跳包发送成功
[01:05:40 INF] 【直播间】407149 的第 26 个心跳包发送成功
[01:05:42 INF] 【直播间】23040372 的第 26 个心跳包发送成功
[01:06:46 INF] 【直播间】23357926 的第 27 个心跳包发送成功
[01:06:47 INF] 【直播间】407149 的第 27 个心跳包发送成功
[01:06:48 INF] 【直播间】23040372 的第 27 个心跳包发送成功
[01:07:52 INF] 【直播间】23357926 的第 28 个心跳包发送成功
[01:07:53 INF] 【直播间】407149 的第 28 个心跳包发送成功
[01:07:54 INF] 【直播间】23040372 的第 28 个心跳包发送成功
[01:08:58 INF] 【直播间】23357926 的第 29 个心跳包发送成功
[01:09:00 INF] 【直播间】407149 的第 29 个心跳包发送成功
[01:09:01 INF] 【直播间】23040372 的第 29 个心跳包发送成功
[01:10:05 ERR] 【心跳包】直播间 23357926 发送失败
[01:10:05 ERR] 【原因】time check failed
[01:10:06 ERR] 【心跳包】直播间 407149 发送失败
[01:10:06 ERR] 【原因】time check failed
[01:10:07 ERR] 【心跳包】直播间 23040372 发送失败
[01:10:07 ERR] 【原因】time check failed
[01:11:11 INF] 【直播间】23357926 的第 30 个心跳包发送成功
[01:11:12 INF] 【直播间】407149 的第 30 个心跳包发送成功
[01:11:13 INF] 【直播间】23040372 的第 30 个心跳包发送成功
[01:12:17 INF] 【直播间】23357926 的第 31 个心跳包发送成功
[01:12:18 INF] 【直播间】407149 的第 31 个心跳包发送成功
[01:12:20 INF] 【直播间】23040372 的第 31 个心跳包发送成功
[01:13:24 INF] 【直播间】23357926 的第 32 个心跳包发送成功
[01:13:25 INF] 【直播间】407149 的第 32 个心跳包发送成功
[01:13:26 INF] 【直播间】23040372 的第 32 个心跳包发送成功
[01:14:30 INF] 【直播间】23357926 的第 33 个心跳包发送成功
[01:14:31 INF] 【直播间】407149 的第 33 个心跳包发送成功
[01:14:32 INF] 【直播间】23040372 的第 33 个心跳包发送成功
[01:15:36 INF] 【直播间】23357926 的第 34 个心跳包发送成功
[01:15:37 INF] 【直播间】407149 的第 34 个心跳包发送成功
[01:15:39 INF] 【直播间】23040372 的第 34 个心跳包发送成功
[01:16:43 INF] 【直播间】23357926 的第 35 个心跳包发送成功
[01:16:44 INF] 【直播间】407149 的第 35 个心跳包发送成功
[01:16:45 INF] 【直播间】23040372 的第 35 个心跳包发送成功
[01:17:49 INF] 【直播间】23357926 的第 36 个心跳包发送成功
[01:17:50 INF] 【直播间】407149 的第 36 个心跳包发送成功
[01:17:51 INF] 【直播间】23040372 的第 36 个心跳包发送成功
[01:18:55 INF] 【直播间】23357926 的第 37 个心跳包发送成功
[01:18:56 INF] 【直播间】407149 的第 37 个心跳包发送成功
[01:18:58 INF] 【直播间】23040372 的第 37 个心跳包发送成功
[01:20:01 INF] 【直播间】23357926 的第 38 个心跳包发送成功
[01:20:03 INF] 【直播间】407149 的第 38 个心跳包发送成功
[01:20:04 INF] 【直播间】23040372 的第 38 个心跳包发送成功
[01:21:08 INF] 【直播间】23357926 的第 39 个心跳包发送成功
[01:21:09 INF] 【直播间】407149 的第 39 个心跳包发送成功
[01:21:10 INF] 【直播间】23040372 的第 39 个心跳包发送成功
[01:22:14 INF] 【直播间】23357926 的第 40 个心跳包发送成功
[01:22:15 INF] 【直播间】407149 的第 40 个心跳包发送成功
[01:22:17 INF] 【直播间】23040372 的第 40 个心跳包发送成功
[01:23:21 INF] 【直播间】23357926 的第 41 个心跳包发送成功
[01:23:22 INF] 【直播间】407149 的第 41 个心跳包发送成功
[01:23:23 INF] 【直播间】23040372 的第 41 个心跳包发送成功
[01:24:27 INF] 【直播间】23357926 的第 42 个心跳包发送成功
[01:24:28 INF] 【直播间】407149 的第 42 个心跳包发送成功
[01:24:29 INF] 【直播间】23040372 的第 42 个心跳包发送成功
[01:25:33 INF] 【直播间】23357926 的第 43 个心跳包发送成功
[01:25:35 INF] 【直播间】407149 的第 43 个心跳包发送成功
[01:25:36 INF] 【直播间】23040372 的第 43 个心跳包发送成功
[01:26:40 ERR] 【心跳包】直播间 23357926 发送失败
[01:26:40 ERR] 【原因】time check failed
[01:26:41 ERR] 【心跳包】直播间 407149 发送失败
[01:26:41 ERR] 【原因】time check failed
[01:26:42 ERR] 【心跳包】直播间 23040372 发送失败
[01:26:42 ERR] 【原因】time check failed
[01:27:46 INF] 【直播间】23357926 的第 44 个心跳包发送成功
[01:27:47 INF] 【直播间】407149 的第 44 个心跳包发送成功
[01:27:48 INF] 【直播间】23040372 的第 44 个心跳包发送成功
[01:28:52 INF] 【直播间】23357926 的第 45 个心跳包发送成功
[01:28:53 INF] 【直播间】407149 的第 45 个心跳包发送成功
[01:28:55 INF] 【直播间】23040372 的第 45 个心跳包发送成功
[01:29:59 INF] 【直播间】23357926 的第 46 个心跳包发送成功
[01:30:00 INF] 【直播间】407149 的第 46 个心跳包发送成功
[01:30:01 INF] 【直播间】23040372 的第 46 个心跳包发送成功
[01:31:05 INF] 【直播间】23357926 的第 47 个心跳包发送成功
[01:31:06 INF] 【直播间】407149 的第 47 个心跳包发送成功
[01:31:07 INF] 【直播间】23040372 的第 47 个心跳包发送成功
[01:32:11 INF] 【直播间】23357926 的第 48 个心跳包发送成功
[01:32:12 INF] 【直播间】407149 的第 48 个心跳包发送成功
[01:32:14 INF] 【直播间】23040372 的第 48 个心跳包发送成功
[01:33:17 INF] 【直播间】23357926 的第 49 个心跳包发送成功
[01:33:19 INF] 【直播间】407149 的第 49 个心跳包发送成功
[01:33:20 INF] 【直播间】23040372 的第 49 个心跳包发送成功
[01:34:24 INF] 【直播间】23357926 的第 50 个心跳包发送成功
[01:34:25 INF] 【直播间】407149 的第 50 个心跳包发送成功
[01:34:26 INF] 【直播间】23040372 的第 50 个心跳包发送成功
[01:35:30 INF] 【直播间】23357926 的第 51 个心跳包发送成功
[01:35:32 INF] 【直播间】407149 的第 51 个心跳包发送成功
[01:35:33 INF] 【直播间】23040372 的第 51 个心跳包发送成功
[01:36:37 INF] 【直播间】23357926 的第 52 个心跳包发送成功
[01:36:38 INF] 【直播间】407149 的第 52 个心跳包发送成功
[01:36:39 INF] 【直播间】23040372 的第 52 个心跳包发送成功
[01:37:43 INF] 【直播间】23357926 的第 53 个心跳包发送成功
[01:37:44 INF] 【直播间】407149 的第 53 个心跳包发送成功
[01:37:45 INF] 【直播间】23040372 的第 53 个心跳包发送成功
[01:38:49 INF] 【直播间】23357926 的第 54 个心跳包发送成功
[01:38:50 INF] 【直播间】407149 的第 54 个心跳包发送成功
[01:38:52 INF] 【直播间】23040372 的第 54 个心跳包发送成功
[01:39:56 INF] 【直播间】23357926 的第 55 个心跳包发送成功
[01:39:57 INF] 【直播间】407149 的第 55 个心跳包发送成功
[01:39:58 INF] 【直播间】23040372 的第 55 个心跳包发送成功
[01:41:02 INF] 【直播间】23357926 的第 56 个心跳包发送成功
[01:41:03 INF] 【直播间】407149 的第 56 个心跳包发送成功
[01:41:04 INF] 【直播间】23040372 的第 56 个心跳包发送成功
[01:42:08 INF] 【直播间】23357926 的第 57 个心跳包发送成功
[01:42:09 INF] 【直播间】407149 的第 57 个心跳包发送成功
[01:42:11 INF] 【直播间】23040372 的第 57 个心跳包发送成功
[01:43:15 ERR] 【心跳包】直播间 23357926 发送失败
[01:43:15 ERR] 【原因】time check failed
[01:43:16 ERR] 【心跳包】直播间 407149 发送失败
[01:43:16 ERR] 【原因】time check failed
[01:43:17 ERR] 【心跳包】直播间 23040372 发送失败
[01:43:17 ERR] 【原因】time check failed
[01:44:21 INF] 【直播间】23357926 的第 58 个心跳包发送成功
[01:44:22 INF] 【直播间】407149 的第 58 个心跳包发送成功
[01:44:23 INF] 【直播间】23040372 的第 58 个心跳包发送成功
[01:45:27 INF] 【直播间】23357926 的第 59 个心跳包发送成功
[01:45:28 INF] 【直播间】407149 的第 59 个心跳包发送成功
[01:45:30 INF] 【直播间】23040372 的第 59 个心跳包发送成功
[01:46:34 INF] 【直播间】23357926 的第 60 个心跳包发送成功
[01:46:35 INF] 【直播间】407149 的第 60 个心跳包发送成功
[01:46:36 INF] 【直播间】23040372 的第 60 个心跳包发送成功
[01:47:40 INF] 【直播间】23357926 的第 61 个心跳包发送成功
[01:47:41 INF] 【直播间】407149 的第 61 个心跳包发送成功
[01:47:42 INF] 【直播间】23040372 的第 61 个心跳包发送成功
[01:48:46 INF] 【直播间】23357926 的第 62 个心跳包发送成功
[01:48:48 INF] 【直播间】407149 的第 62 个心跳包发送成功
[01:48:49 INF] 【直播间】23040372 的第 62 个心跳包发送成功
[01:49:53 INF] 【直播间】23357926 的第 63 个心跳包发送成功
[01:49:54 INF] 【直播间】407149 的第 63 个心跳包发送成功
[01:49:55 INF] 【直播间】23040372 的第 63 个心跳包发送成功
[01:50:59 INF] 【直播间】23357926 的第 64 个心跳包发送成功
[01:51:00 INF] 【直播间】407149 的第 64 个心跳包发送成功
[01:51:02 INF] 【直播间】23040372 的第 64 个心跳包发送成功
[01:52:06 INF] 【直播间】23357926 的第 65 个心跳包发送成功
[01:52:07 INF] 【直播间】407149 的第 65 个心跳包发送成功
[01:52:08 INF] 【直播间】23040372 的第 65 个心跳包发送成功
[01:53:12 INF] 【直播间】23357926 的第 66 个心跳包发送成功
[01:53:13 INF] 【直播间】407149 的第 66 个心跳包发送成功
[01:53:14 INF] 【直播间】23040372 的第 66 个心跳包发送成功
[01:54:18 INF] 【直播间】23357926 的第 67 个心跳包发送成功
[01:54:20 INF] 【直播间】407149 的第 67 个心跳包发送成功
[01:54:21 INF] 【直播间】23040372 的第 67 个心跳包发送成功
[01:55:25 INF] 【直播间】23357926 的第 68 个心跳包发送成功
[01:55:26 INF] 【直播间】407149 的第 68 个心跳包发送成功
[01:55:27 INF] 【直播间】23040372 的第 68 个心跳包发送成功
[01:56:31 INF] 【直播间】23357926 的第 69 个心跳包发送成功
[01:56:32 INF] 【直播间】407149 的第 69 个心跳包发送成功
[01:56:34 INF] 【直播间】23040372 的第 69 个心跳包发送成功
[01:57:37 INF] 【直播间】23357926 的第 70 个心跳包发送成功
[01:57:39 INF] 【直播间】407149 的第 70 个心跳包发送成功
[01:57:40 INF] 【直播间】23040372 的第 70 个心跳包发送成功
[01:57:40 INF] 【直播观看时长】完成情况：3/3 
[01:57:40 INF] ---------结束---------

[01:57:40 INF] ==========结束==========

[01:57:40 INF] ######### 账号 2 #########

[01:57:40 INF] =====开始 直播间互动 =====

[01:57:40 INF] ---开始 发送弹幕 ---
[01:57:40 INF] 检测到直播 Cookie 未正确配置，尝试自动配置中...
[01:57:47 INF] 直播 Cookie 配置成功！
[01:57:47 INF] 【获取直播列表】获取拥有粉丝牌的直播列表
[01:57:54 INF] 【主播】Mark陌枫 
[01:58:10 INF] 【主播】苏打baka 
[01:58:25 INF] 【主播】特别中二的q3君 
[01:58:40 INF] 【主播】陈抱一 
[01:58:53 INF] 【主播】贪玩的小毅 
[01:59:08 INF] 【主播】KL_qiqi_ 
[01:59:25 INF] 【主播】记录生活的蛋黄派 
[01:59:44 INF] 【主播】悠悠球琛总 
[02:00:04 INF] 【主播】FoFTG 
[02:00:19 INF] 【主播】新石器公园 
[02:00:37 INF] 【主播】脏小豆 
[02:00:52 INF] 【主播】李船长笔记 
[02:01:09 INF] 【直播间】Mark陌枫
[02:01:09 INF] 【粉丝牌】馬楓
[02:01:09 INF] 正在发送弹幕...
[02:01:15 INF] 【直播间】苏打baka
[02:01:15 INF] 【粉丝牌】碳酸钠
[02:01:15 INF] 正在发送弹幕...
[02:01:18 INF] 【直播间】特别中二的q3君
[02:01:18 INF] 【粉丝牌】q3GG
[02:01:18 INF] 正在发送弹幕...
[02:01:21 INF] 【直播间】陈抱一
[02:01:21 INF] 【粉丝牌】陈抱一
[02:01:21 INF] 正在发送弹幕...
[02:01:24 INF] 【直播间】贪玩的小毅
[02:01:24 INF] 【粉丝牌】大大毅
[02:01:24 INF] 正在发送弹幕...
[02:01:28 INF] 【弹幕发送】成功~，你和主播 特别中二的q3君 的亲密值增加了100！
[02:01:29 INF] 【弹幕发送】成功~，你和主播 苏打baka 的亲密值增加了100！
[02:01:29 ERR] 【弹幕发送】失败
[02:01:29 ERR] 【原因】您发送弹幕的频率过快
[02:01:31 INF] 【直播间】KL_qiqi_
[02:01:31 INF] 【粉丝牌】qiqisb
[02:01:31 INF] 正在发送弹幕...
[02:01:35 INF] 【弹幕发送】成功~，你和主播 陈抱一 的亲密值增加了100！
[02:01:36 INF] 【直播间】记录生活的蛋黄派
[02:01:36 INF] 【粉丝牌】派派派
[02:01:36 INF] 正在发送弹幕...
[02:01:41 INF] 【直播间】悠悠球琛总
[02:01:41 INF] 【粉丝牌】i琛
[02:01:41 INF] 正在发送弹幕...
[02:01:43 INF] 【弹幕发送】成功~，你和主播 贪玩的小毅 的亲密值增加了100！
[02:01:45 INF] 【弹幕发送】成功~，你和主播 KL_qiqi_ 的亲密值增加了100！
[02:01:45 INF] 【直播间】FoFTG
[02:01:45 INF] 【粉丝牌】FOFTG
[02:01:45 INF] 正在发送弹幕...
[02:01:48 INF] 【直播间】新石器公园
[02:01:48 INF] 【粉丝牌】东园主
[02:01:48 INF] 正在发送弹幕...
[02:01:51 INF] 【弹幕发送】成功~，你和主播 记录生活的蛋黄派 的亲密值增加了100！
[02:01:54 INF] 【直播间】脏小豆
[02:01:54 INF] 【粉丝牌】豆豆浆
[02:01:54 INF] 正在发送弹幕...
[02:01:56 INF] 【弹幕发送】成功~，你和主播 悠悠球琛总 的亲密值增加了100！
[02:02:00 INF] 【直播间】李船长笔记
[02:02:00 INF] 【粉丝牌】航海仕
[02:02:00 INF] 正在发送弹幕...
[02:02:01 INF] 【弹幕发送】成功~，你和主播 FoFTG 的亲密值增加了100！
[02:02:05 INF] 【弹幕发送】成功~，你和主播 新石器公园 的亲密值增加了100！
[02:02:06 INF] -------结束-------

[02:02:06 INF] ---开始 点赞直播间 ---
[02:02:06 INF] 【获取直播列表】获取拥有粉丝牌的直播列表
[02:02:13 INF] 【弹幕发送】成功~，你和主播 脏小豆 的亲密值增加了100！
[02:02:14 INF] 【主播】Mark陌枫 
[02:02:18 INF] 【弹幕发送】成功~，你和主播 李船长笔记 的亲密值增加了100！
[02:02:36 INF] 【主播】苏打baka 
[02:02:50 INF] 【主播】特别中二的q3君 
[02:03:08 INF] 【主播】陈抱一 
[02:03:26 INF] 【主播】贪玩的小毅 
[02:03:45 INF] 【主播】KL_qiqi_ 
[02:04:02 INF] 【主播】记录生活的蛋黄派 
[02:04:16 INF] 【主播】悠悠球琛总 
[02:04:30 INF] 【主播】FoFTG 
[02:04:46 INF] 【主播】新石器公园 
[02:04:59 INF] 【主播】脏小豆 
[02:05:14 INF] 【主播】李船长笔记 
[02:05:35 INF] 【点赞直播间】23357926 完成
[02:05:41 INF] 【点赞直播间】23040372 完成
[02:05:45 INF] 【点赞直播间】31494 完成
[02:05:52 INF] 【点赞直播间】4015781 完成
[02:05:59 INF] 【点赞直播间】9619073 完成
[02:06:03 INF] 【点赞直播间】407149 完成
[02:06:07 INF] 【点赞直播间】11732699 完成
[02:06:14 INF] 【点赞直播间】7184632 完成
[02:06:18 INF] 【点赞直播间】91164 完成
[02:06:25 INF] 【点赞直播间】23447660 完成
[02:06:28 INF] 【点赞直播间】929670 完成
[02:06:34 INF] --------结束--------

[02:06:34 INF] ---开始 直播时长挂机 ---
[02:06:34 INF] 【获取直播列表】获取拥有粉丝牌的直播列表
[02:06:35 INF] 【点赞直播间】22764265 完成
[02:06:38 INF] 【主播】Mark陌枫 
[02:06:52 INF] 【主播】苏打baka 
[02:07:09 INF] 【主播】特别中二的q3君 
[02:07:25 INF] 【主播】陈抱一 
[02:07:42 INF] 【主播】贪玩的小毅 
[02:07:59 INF] 【主播】KL_qiqi_ 
[02:08:17 INF] 【主播】记录生活的蛋黄派 
[02:08:37 INF] 【主播】悠悠球琛总 
[02:08:51 INF] 【主播】FoFTG 
[02:09:05 INF] 【主播】新石器公园 
[02:09:23 INF] 【主播】脏小豆 
[02:09:40 INF] 【主播】李船长笔记 
[02:09:56 INF] 【直播间】23357926 的第 1 个心跳包发送成功
[02:09:57 INF] 【直播间】23040372 的第 1 个心跳包发送成功
[02:09:59 INF] 【直播间】31494 的第 1 个心跳包发送成功
[02:10:00 INF] 【直播间】4015781 的第 1 个心跳包发送成功
[02:10:01 INF] 【直播间】9619073 的第 1 个心跳包发送成功
[02:10:02 INF] 【直播间】407149 的第 1 个心跳包发送成功
[02:10:03 INF] 【直播间】11732699 的第 1 个心跳包发送成功
[02:10:05 INF] 【直播间】7184632 的第 1 个心跳包发送成功
[02:10:06 INF] 【直播间】91164 的第 1 个心跳包发送成功
[02:10:07 INF] 【直播间】23447660 的第 1 个心跳包发送成功
[02:10:08 INF] 【直播间】929670 的第 1 个心跳包发送成功
[02:10:09 INF] 【直播间】22764265 的第 1 个心跳包发送成功
[02:11:02 INF] 【直播间】23357926 的第 2 个心跳包发送成功
[02:11:04 INF] 【直播间】23040372 的第 2 个心跳包发送成功
[02:11:05 INF] 【直播间】31494 的第 2 个心跳包发送成功
[02:11:06 INF] 【直播间】4015781 的第 2 个心跳包发送成功
[02:11:08 INF] 【直播间】9619073 的第 2 个心跳包发送成功
[02:11:09 INF] 【直播间】407149 的第 2 个心跳包发送成功
[02:11:10 INF] 【直播间】11732699 的第 2 个心跳包发送成功
[02:11:11 INF] 【直播间】7184632 的第 2 个心跳包发送成功
[02:11:12 INF] 【直播间】91164 的第 2 个心跳包发送成功
[02:11:14 INF] 【直播间】23447660 的第 2 个心跳包发送成功
[02:11:15 INF] 【直播间】929670 的第 2 个心跳包发送成功
[02:11:16 INF] 【直播间】22764265 的第 2 个心跳包发送成功
[02:12:09 INF] 【直播间】23357926 的第 3 个心跳包发送成功
[02:12:10 INF] 【直播间】23040372 的第 3 个心跳包发送成功
[02:12:11 INF] 【直播间】31494 的第 3 个心跳包发送成功
[02:12:13 INF] 【直播间】4015781 的第 3 个心跳包发送成功
[02:12:14 INF] 【直播间】9619073 的第 3 个心跳包发送成功
[02:12:15 INF] 【直播间】407149 的第 3 个心跳包发送成功
[02:12:16 INF] 【直播间】11732699 的第 3 个心跳包发送成功
[02:12:17 INF] 【直播间】7184632 的第 3 个心跳包发送成功
[02:12:19 INF] 【直播间】91164 的第 3 个心跳包发送成功
[02:12:20 INF] 【直播间】23447660 的第 3 个心跳包发送成功
[02:12:21 INF] 【直播间】929670 的第 3 个心跳包发送成功
[02:12:22 INF] 【直播间】22764265 的第 3 个心跳包发送成功
[02:13:15 INF] 【直播间】23357926 的第 4 个心跳包发送成功
[02:13:16 INF] 【直播间】23040372 的第 4 个心跳包发送成功
[02:13:18 INF] 【直播间】31494 的第 4 个心跳包发送成功
[02:13:19 INF] 【直播间】4015781 的第 4 个心跳包发送成功
[02:13:20 INF] 【直播间】9619073 的第 4 个心跳包发送成功
[02:13:21 INF] 【直播间】407149 的第 4 个心跳包发送成功
[02:13:22 INF] 【直播间】11732699 的第 4 个心跳包发送成功
[02:13:24 INF] 【直播间】7184632 的第 4 个心跳包发送成功
[02:13:25 INF] 【直播间】91164 的第 4 个心跳包发送成功
[02:13:26 INF] 【直播间】23447660 的第 4 个心跳包发送成功
[02:13:27 INF] 【直播间】929670 的第 4 个心跳包发送成功
[02:13:29 INF] 【直播间】22764265 的第 4 个心跳包发送成功
[02:14:21 INF] 【直播间】23357926 的第 5 个心跳包发送成功
[02:14:23 INF] 【直播间】23040372 的第 5 个心跳包发送成功
[02:14:24 INF] 【直播间】31494 的第 5 个心跳包发送成功
[02:14:25 INF] 【直播间】4015781 的第 5 个心跳包发送成功
[02:14:26 INF] 【直播间】9619073 的第 5 个心跳包发送成功
[02:14:27 INF] 【直播间】407149 的第 5 个心跳包发送成功
[02:14:29 INF] 【直播间】11732699 的第 5 个心跳包发送成功
[02:14:30 INF] 【直播间】7184632 的第 5 个心跳包发送成功
[02:14:31 INF] 【直播间】91164 的第 5 个心跳包发送成功
[02:14:32 INF] 【直播间】23447660 的第 5 个心跳包发送成功
[02:14:34 INF] 【直播间】929670 的第 5 个心跳包发送成功
[02:14:35 INF] 【直播间】22764265 的第 5 个心跳包发送成功
[02:15:28 INF] 【直播间】23357926 的第 6 个心跳包发送成功
[02:15:29 INF] 【直播间】23040372 的第 6 个心跳包发送成功
[02:15:30 INF] 【直播间】31494 的第 6 个心跳包发送成功
[02:15:31 INF] 【直播间】4015781 的第 6 个心跳包发送成功
[02:15:33 INF] 【直播间】9619073 的第 6 个心跳包发送成功
[02:15:34 INF] 【直播间】407149 的第 6 个心跳包发送成功
[02:15:35 INF] 【直播间】11732699 的第 6 个心跳包发送成功
[02:15:36 INF] 【直播间】7184632 的第 6 个心跳包发送成功
[02:15:38 INF] 【直播间】91164 的第 6 个心跳包发送成功
[02:15:39 INF] 【直播间】23447660 的第 6 个心跳包发送成功
[02:15:40 INF] 【直播间】929670 的第 6 个心跳包发送成功
[02:15:41 INF] 【直播间】22764265 的第 6 个心跳包发送成功
[02:16:34 INF] 【直播间】23357926 的第 7 个心跳包发送成功
[02:16:35 INF] 【直播间】23040372 的第 7 个心跳包发送成功
[02:16:37 INF] 【直播间】31494 的第 7 个心跳包发送成功
[02:16:38 INF] 【直播间】4015781 的第 7 个心跳包发送成功
[02:16:39 INF] 【直播间】9619073 的第 7 个心跳包发送成功
[02:16:40 INF] 【直播间】407149 的第 7 个心跳包发送成功
[02:16:41 INF] 【直播间】11732699 的第 7 个心跳包发送成功
[02:16:43 INF] 【直播间】7184632 的第 7 个心跳包发送成功
[02:16:44 INF] 【直播间】91164 的第 7 个心跳包发送成功
[02:16:45 INF] 【直播间】23447660 的第 7 个心跳包发送成功
[02:16:46 INF] 【直播间】929670 的第 7 个心跳包发送成功
[02:16:48 INF] 【直播间】22764265 的第 7 个心跳包发送成功
[02:17:41 INF] 【直播间】23357926 的第 8 个心跳包发送成功
[02:17:42 INF] 【直播间】23040372 的第 8 个心跳包发送成功
[02:17:43 INF] 【直播间】31494 的第 8 个心跳包发送成功
[02:17:44 INF] 【直播间】4015781 的第 8 个心跳包发送成功
[02:17:45 INF] 【直播间】9619073 的第 8 个心跳包发送成功
[02:17:47 INF] 【直播间】407149 的第 8 个心跳包发送成功
[02:17:48 INF] 【直播间】11732699 的第 8 个心跳包发送成功
[02:17:49 INF] 【直播间】7184632 的第 8 个心跳包发送成功
[02:17:51 INF] 【直播间】91164 的第 8 个心跳包发送成功
[02:17:52 INF] 【直播间】23447660 的第 8 个心跳包发送成功
[02:17:53 INF] 【直播间】929670 的第 8 个心跳包发送成功
[02:17:54 INF] 【直播间】22764265 的第 8 个心跳包发送成功
[02:18:47 INF] 【直播间】23357926 的第 9 个心跳包发送成功
[02:18:48 INF] 【直播间】23040372 的第 9 个心跳包发送成功
[02:18:49 INF] 【直播间】31494 的第 9 个心跳包发送成功
[02:18:51 INF] 【直播间】4015781 的第 9 个心跳包发送成功
[02:18:52 INF] 【直播间】9619073 的第 9 个心跳包发送成功
[02:18:53 INF] 【直播间】407149 的第 9 个心跳包发送成功
[02:18:54 INF] 【直播间】11732699 的第 9 个心跳包发送成功
[02:18:56 INF] 【直播间】7184632 的第 9 个心跳包发送成功
[02:18:57 INF] 【直播间】91164 的第 9 个心跳包发送成功
[02:18:58 INF] 【直播间】23447660 的第 9 个心跳包发送成功
[02:18:59 INF] 【直播间】929670 的第 9 个心跳包发送成功
[02:19:00 INF] 【直播间】22764265 的第 9 个心跳包发送成功
[02:19:53 INF] 【直播间】23357926 的第 10 个心跳包发送成功
[02:19:54 INF] 【直播间】23040372 的第 10 个心跳包发送成功
[02:19:56 INF] 【直播间】31494 的第 10 个心跳包发送成功
[02:19:57 INF] 【直播间】4015781 的第 10 个心跳包发送成功
[02:19:58 INF] 【直播间】9619073 的第 10 个心跳包发送成功
[02:19:59 INF] 【直播间】407149 的第 10 个心跳包发送成功
[02:20:01 INF] 【直播间】11732699 的第 10 个心跳包发送成功
[02:20:02 INF] 【直播间】7184632 的第 10 个心跳包发送成功
[02:20:03 INF] 【直播间】91164 的第 10 个心跳包发送成功
[02:20:04 INF] 【直播间】23447660 的第 10 个心跳包发送成功
[02:20:05 INF] 【直播间】929670 的第 10 个心跳包发送成功
[02:20:07 INF] 【直播间】22764265 的第 10 个心跳包发送成功
[02:20:59 INF] 【直播间】23357926 的第 11 个心跳包发送成功
[02:21:01 INF] 【直播间】23040372 的第 11 个心跳包发送成功
[02:21:02 INF] 【直播间】31494 的第 11 个心跳包发送成功
[02:21:03 INF] 【直播间】4015781 的第 11 个心跳包发送成功
[02:21:04 INF] 【直播间】9619073 的第 11 个心跳包发送成功
[02:21:05 INF] 【直播间】407149 的第 11 个心跳包发送成功
[02:21:07 INF] 【直播间】11732699 的第 11 个心跳包发送成功
[02:21:08 INF] 【直播间】7184632 的第 11 个心跳包发送成功
[02:21:09 INF] 【直播间】91164 的第 11 个心跳包发送成功
[02:21:10 INF] 【直播间】23447660 的第 11 个心跳包发送成功
[02:21:12 INF] 【直播间】929670 的第 11 个心跳包发送成功
[02:21:13 INF] 【直播间】22764265 的第 11 个心跳包发送成功
[02:22:06 INF] 【直播间】23357926 的第 12 个心跳包发送成功
[02:22:07 INF] 【直播间】23040372 的第 12 个心跳包发送成功
[02:22:08 INF] 【直播间】31494 的第 12 个心跳包发送成功
[02:22:09 INF] 【直播间】4015781 的第 12 个心跳包发送成功
[02:22:11 INF] 【直播间】9619073 的第 12 个心跳包发送成功
[02:22:12 INF] 【直播间】407149 的第 12 个心跳包发送成功
[02:22:13 INF] 【直播间】11732699 的第 12 个心跳包发送成功
[02:22:14 INF] 【直播间】7184632 的第 12 个心跳包发送成功
[02:22:16 INF] 【直播间】91164 的第 12 个心跳包发送成功
[02:22:17 INF] 【直播间】23447660 的第 12 个心跳包发送成功
[02:22:18 INF] 【直播间】929670 的第 12 个心跳包发送成功
[02:22:19 INF] 【直播间】22764265 的第 12 个心跳包发送成功
[02:23:12 INF] 【直播间】23357926 的第 13 个心跳包发送成功
[02:23:13 INF] 【直播间】23040372 的第 13 个心跳包发送成功
[02:23:15 INF] 【直播间】31494 的第 13 个心跳包发送成功
[02:23:16 INF] 【直播间】4015781 的第 13 个心跳包发送成功
[02:23:17 INF] 【直播间】9619073 的第 13 个心跳包发送成功
[02:23:18 INF] 【直播间】407149 的第 13 个心跳包发送成功
[02:23:20 INF] 【直播间】11732699 的第 13 个心跳包发送成功
[02:23:21 INF] 【直播间】7184632 的第 13 个心跳包发送成功
[02:23:22 INF] 【直播间】91164 的第 13 个心跳包发送成功
[02:23:23 INF] 【直播间】23447660 的第 13 个心跳包发送成功
[02:23:24 INF] 【直播间】929670 的第 13 个心跳包发送成功
[02:23:26 INF] 【直播间】22764265 的第 13 个心跳包发送成功
[02:24:18 INF] 【直播间】23357926 的第 14 个心跳包发送成功
[02:24:20 INF] 【直播间】23040372 的第 14 个心跳包发送成功
[02:24:21 INF] 【直播间】31494 的第 14 个心跳包发送成功
[02:24:22 INF] 【直播间】4015781 的第 14 个心跳包发送成功
[02:24:24 INF] 【直播间】9619073 的第 14 个心跳包发送成功
[02:24:25 INF] 【直播间】407149 的第 14 个心跳包发送成功
[02:24:26 INF] 【直播间】11732699 的第 14 个心跳包发送成功
[02:24:27 INF] 【直播间】7184632 的第 14 个心跳包发送成功
[02:24:28 INF] 【直播间】91164 的第 14 个心跳包发送成功
[02:24:30 INF] 【直播间】23447660 的第 14 个心跳包发送成功
[02:24:31 INF] 【直播间】929670 的第 14 个心跳包发送成功
[02:24:32 INF] 【直播间】22764265 的第 14 个心跳包发送成功
[02:25:25 INF] 【直播间】23357926 的第 15 个心跳包发送成功
[02:25:26 INF] 【直播间】23040372 的第 15 个心跳包发送成功
[02:25:27 INF] 【直播间】31494 的第 15 个心跳包发送成功
[02:25:29 INF] 【直播间】4015781 的第 15 个心跳包发送成功
[02:25:30 INF] 【直播间】9619073 的第 15 个心跳包发送成功
[02:25:31 INF] 【直播间】407149 的第 15 个心跳包发送成功
[02:25:32 INF] 【直播间】11732699 的第 15 个心跳包发送成功
[02:25:34 INF] 【直播间】7184632 的第 15 个心跳包发送成功
[02:25:35 INF] 【直播间】91164 的第 15 个心跳包发送成功
[02:25:36 INF] 【直播间】23447660 的第 15 个心跳包发送成功
[02:25:37 INF] 【直播间】929670 的第 15 个心跳包发送成功
[02:25:39 INF] 【直播间】22764265 的第 15 个心跳包发送成功
[02:26:31 ERR] 【心跳包】直播间 23357926 发送失败
[02:26:31 ERR] 【原因】time check failed
[02:26:32 ERR] 【心跳包】直播间 23040372 发送失败
[02:26:32 ERR] 【原因】time check failed
[02:26:33 ERR] 【心跳包】直播间 31494 发送失败
[02:26:33 ERR] 【原因】time check failed
[02:26:35 ERR] 【心跳包】直播间 4015781 发送失败
[02:26:35 ERR] 【原因】time check failed
[02:26:36 ERR] 【心跳包】直播间 9619073 发送失败
[02:26:36 ERR] 【原因】time check failed
[02:26:37 ERR] 【心跳包】直播间 407149 发送失败
[02:26:37 ERR] 【原因】time check failed
[02:26:39 ERR] 【心跳包】直播间 11732699 发送失败
[02:26:39 ERR] 【原因】time check failed
[02:26:40 ERR] 【心跳包】直播间 7184632 发送失败
[02:26:40 ERR] 【原因】time check failed
[02:26:41 ERR] 【心跳包】直播间 91164 发送失败
[02:26:41 ERR] 【原因】time check failed
[02:26:43 ERR] 【心跳包】直播间 23447660 发送失败
[02:26:43 ERR] 【原因】time check failed
[02:26:44 ERR] 【心跳包】直播间 929670 发送失败
[02:26:44 ERR] 【原因】time check failed
[02:26:45 ERR] 【心跳包】直播间 22764265 发送失败
[02:26:45 ERR] 【原因】time check failed
[02:27:37 INF] 【直播间】23357926 的第 16 个心跳包发送成功
[02:27:39 INF] 【直播间】23040372 的第 16 个心跳包发送成功
[02:27:40 INF] 【直播间】31494 的第 16 个心跳包发送成功
[02:27:41 INF] 【直播间】4015781 的第 16 个心跳包发送成功
[02:27:42 INF] 【直播间】9619073 的第 16 个心跳包发送成功
[02:27:44 INF] 【直播间】407149 的第 16 个心跳包发送成功
[02:27:45 INF] 【直播间】11732699 的第 16 个心跳包发送成功
[02:27:46 INF] 【直播间】7184632 的第 16 个心跳包发送成功
[02:27:48 INF] 【直播间】91164 的第 16 个心跳包发送成功
[02:27:49 INF] 【直播间】23447660 的第 16 个心跳包发送成功
[02:27:50 INF] 【直播间】929670 的第 16 个心跳包发送成功
[02:27:51 INF] 【直播间】22764265 的第 16 个心跳包发送成功
[02:28:44 INF] 【直播间】23357926 的第 17 个心跳包发送成功
[02:28:45 INF] 【直播间】23040372 的第 17 个心跳包发送成功
[02:28:46 INF] 【直播间】31494 的第 17 个心跳包发送成功
[02:28:47 INF] 【直播间】4015781 的第 17 个心跳包发送成功
[02:28:49 INF] 【直播间】9619073 的第 17 个心跳包发送成功
[02:28:50 INF] 【直播间】407149 的第 17 个心跳包发送成功
[02:28:51 INF] 【直播间】11732699 的第 17 个心跳包发送成功
[02:28:53 INF] 【直播间】7184632 的第 17 个心跳包发送成功
[02:28:54 INF] 【直播间】91164 的第 17 个心跳包发送成功
[02:28:55 INF] 【直播间】23447660 的第 17 个心跳包发送成功
[02:28:56 INF] 【直播间】929670 的第 17 个心跳包发送成功
[02:28:57 INF] 【直播间】22764265 的第 17 个心跳包发送成功
[02:29:50 INF] 【直播间】23357926 的第 18 个心跳包发送成功
[02:29:51 INF] 【直播间】23040372 的第 18 个心跳包发送成功
[02:29:53 INF] 【直播间】31494 的第 18 个心跳包发送成功
[02:29:54 INF] 【直播间】4015781 的第 18 个心跳包发送成功
[02:29:55 INF] 【直播间】9619073 的第 18 个心跳包发送成功
[02:29:56 INF] 【直播间】407149 的第 18 个心跳包发送成功
[02:29:58 INF] 【直播间】11732699 的第 18 个心跳包发送成功
[02:29:59 INF] 【直播间】7184632 的第 18 个心跳包发送成功
[02:30:00 INF] 【直播间】91164 的第 18 个心跳包发送成功
[02:30:01 INF] 【直播间】23447660 的第 18 个心跳包发送成功
[02:30:02 INF] 【直播间】929670 的第 18 个心跳包发送成功
[02:30:04 INF] 【直播间】22764265 的第 18 个心跳包发送成功
[02:30:56 INF] 【直播间】23357926 的第 19 个心跳包发送成功
[02:30:58 INF] 【直播间】23040372 的第 19 个心跳包发送成功
[02:30:59 INF] 【直播间】31494 的第 19 个心跳包发送成功
[02:31:00 INF] 【直播间】4015781 的第 19 个心跳包发送成功
[02:31:01 INF] 【直播间】9619073 的第 19 个心跳包发送成功
[02:31:03 INF] 【直播间】407149 的第 19 个心跳包发送成功
[02:31:04 INF] 【直播间】11732699 的第 19 个心跳包发送成功
[02:31:05 INF] 【直播间】7184632 的第 19 个心跳包发送成功
[02:31:06 INF] 【直播间】91164 的第 19 个心跳包发送成功
[02:31:07 INF] 【直播间】23447660 的第 19 个心跳包发送成功
[02:31:09 INF] 【直播间】929670 的第 19 个心跳包发送成功
[02:31:10 INF] 【直播间】22764265 的第 19 个心跳包发送成功
[02:32:03 INF] 【直播间】23357926 的第 20 个心跳包发送成功
[02:32:04 INF] 【直播间】23040372 的第 20 个心跳包发送成功
[02:32:05 INF] 【直播间】31494 的第 20 个心跳包发送成功
[02:32:06 INF] 【直播间】4015781 的第 20 个心跳包发送成功
[02:32:08 INF] 【直播间】9619073 的第 20 个心跳包发送成功
[02:32:09 INF] 【直播间】407149 的第 20 个心跳包发送成功
[02:32:10 INF] 【直播间】11732699 的第 20 个心跳包发送成功
[02:32:11 INF] 【直播间】7184632 的第 20 个心跳包发送成功
[02:32:12 INF] 【直播间】91164 的第 20 个心跳包发送成功
[02:32:14 INF] 【直播间】23447660 的第 20 个心跳包发送成功
[02:32:15 INF] 【直播间】929670 的第 20 个心跳包发送成功
[02:32:16 INF] 【直播间】22764265 的第 20 个心跳包发送成功
[02:33:09 INF] 【直播间】23357926 的第 21 个心跳包发送成功
[02:33:10 INF] 【直播间】23040372 的第 21 个心跳包发送成功
[02:33:12 INF] 【直播间】31494 的第 21 个心跳包发送成功
[02:33:13 INF] 【直播间】4015781 的第 21 个心跳包发送成功
[02:33:14 INF] 【直播间】9619073 的第 21 个心跳包发送成功
[02:33:15 INF] 【直播间】407149 的第 21 个心跳包发送成功
[02:33:17 INF] 【直播间】11732699 的第 21 个心跳包发送成功
[02:33:18 INF] 【直播间】7184632 的第 21 个心跳包发送成功
[02:33:19 INF] 【直播间】91164 的第 21 个心跳包发送成功
[02:33:20 INF] 【直播间】23447660 的第 21 个心跳包发送成功
[02:33:21 INF] 【直播间】929670 的第 21 个心跳包发送成功
[02:33:23 INF] 【直播间】22764265 的第 21 个心跳包发送成功
[02:34:15 INF] 【直播间】23357926 的第 22 个心跳包发送成功
[02:34:17 INF] 【直播间】23040372 的第 22 个心跳包发送成功
[02:34:18 INF] 【直播间】31494 的第 22 个心跳包发送成功
[02:34:19 INF] 【直播间】4015781 的第 22 个心跳包发送成功
[02:34:21 INF] 【直播间】9619073 的第 22 个心跳包发送成功
[02:34:22 INF] 【直播间】407149 的第 22 个心跳包发送成功
[02:34:23 INF] 【直播间】11732699 的第 22 个心跳包发送成功
[02:34:24 INF] 【直播间】7184632 的第 22 个心跳包发送成功
[02:34:26 INF] 【直播间】91164 的第 22 个心跳包发送成功
[02:34:27 INF] 【直播间】23447660 的第 22 个心跳包发送成功
[02:34:28 INF] 【直播间】929670 的第 22 个心跳包发送成功
[02:34:29 INF] 【直播间】22764265 的第 22 个心跳包发送成功
[02:35:22 INF] 【直播间】23357926 的第 23 个心跳包发送成功
[02:35:23 INF] 【直播间】23040372 的第 23 个心跳包发送成功
[02:35:24 INF] 【直播间】31494 的第 23 个心跳包发送成功
[02:35:26 INF] 【直播间】4015781 的第 23 个心跳包发送成功
[02:35:27 INF] 【直播间】9619073 的第 23 个心跳包发送成功
[02:35:28 INF] 【直播间】407149 的第 23 个心跳包发送成功
[02:35:29 INF] 【直播间】11732699 的第 23 个心跳包发送成功
[02:35:31 INF] 【直播间】7184632 的第 23 个心跳包发送成功
[02:35:32 INF] 【直播间】91164 的第 23 个心跳包发送成功
[02:35:33 INF] 【直播间】23447660 的第 23 个心跳包发送成功
[02:35:34 INF] 【直播间】929670 的第 23 个心跳包发送成功
[02:35:36 INF] 【直播间】22764265 的第 23 个心跳包发送成功
[02:36:28 INF] 【直播间】23357926 的第 24 个心跳包发送成功
[02:36:29 INF] 【直播间】23040372 的第 24 个心跳包发送成功
[02:36:31 INF] 【直播间】31494 的第 24 个心跳包发送成功
[02:36:32 INF] 【直播间】4015781 的第 24 个心跳包发送成功
[02:36:33 INF] 【直播间】9619073 的第 24 个心跳包发送成功
[02:36:34 INF] 【直播间】407149 的第 24 个心跳包发送成功
[02:36:35 INF] 【直播间】11732699 的第 24 个心跳包发送成功
[02:36:37 INF] 【直播间】7184632 的第 24 个心跳包发送成功
[02:36:38 INF] 【直播间】91164 的第 24 个心跳包发送成功
[02:36:40 INF] 【直播间】23447660 的第 24 个心跳包发送成功
[02:36:41 INF] 【直播间】929670 的第 24 个心跳包发送成功
[02:36:42 INF] 【直播间】22764265 的第 24 个心跳包发送成功
[02:37:34 INF] 【直播间】23357926 的第 25 个心跳包发送成功
[02:37:36 INF] 【直播间】23040372 的第 25 个心跳包发送成功
[02:37:37 INF] 【直播间】31494 的第 25 个心跳包发送成功
[02:37:38 INF] 【直播间】4015781 的第 25 个心跳包发送成功
[02:37:39 INF] 【直播间】9619073 的第 25 个心跳包发送成功
[02:37:40 INF] 【直播间】407149 的第 25 个心跳包发送成功
[02:37:42 INF] 【直播间】11732699 的第 25 个心跳包发送成功
[02:37:43 INF] 【直播间】7184632 的第 25 个心跳包发送成功
[02:37:45 INF] 【直播间】91164 的第 25 个心跳包发送成功
[02:37:46 INF] 【直播间】23447660 的第 25 个心跳包发送成功
[02:37:47 INF] 【直播间】929670 的第 25 个心跳包发送成功
[02:37:49 INF] 【直播间】22764265 的第 25 个心跳包发送成功
[02:38:41 INF] 【直播间】23357926 的第 26 个心跳包发送成功
[02:38:42 INF] 【直播间】23040372 的第 26 个心跳包发送成功
[02:38:43 INF] 【直播间】31494 的第 26 个心跳包发送成功
[02:38:44 INF] 【直播间】4015781 的第 26 个心跳包发送成功
[02:38:46 INF] 【直播间】9619073 的第 26 个心跳包发送成功
[02:38:47 INF] 【直播间】407149 的第 26 个心跳包发送成功
[02:38:48 INF] 【直播间】11732699 的第 26 个心跳包发送成功
[02:38:50 INF] 【直播间】7184632 的第 26 个心跳包发送成功
[02:38:51 INF] 【直播间】91164 的第 26 个心跳包发送成功
[02:38:52 INF] 【直播间】23447660 的第 26 个心跳包发送成功
[02:38:54 INF] 【直播间】929670 的第 26 个心跳包发送成功
[02:38:55 INF] 【直播间】22764265 的第 26 个心跳包发送成功
[02:39:47 INF] 【直播间】23357926 的第 27 个心跳包发送成功
[02:39:48 INF] 【直播间】23040372 的第 27 个心跳包发送成功
[02:39:50 INF] 【直播间】31494 的第 27 个心跳包发送成功
[02:39:51 INF] 【直播间】4015781 的第 27 个心跳包发送成功
[02:39:52 INF] 【直播间】9619073 的第 27 个心跳包发送成功
[02:39:53 INF] 【直播间】407149 的第 27 个心跳包发送成功
[02:39:55 INF] 【直播间】11732699 的第 27 个心跳包发送成功
[02:39:56 INF] 【直播间】7184632 的第 27 个心跳包发送成功
[02:39:57 INF] 【直播间】91164 的第 27 个心跳包发送成功
[02:39:58 INF] 【直播间】23447660 的第 27 个心跳包发送成功
[02:40:00 INF] 【直播间】929670 的第 27 个心跳包发送成功
[02:40:01 INF] 【直播间】22764265 的第 27 个心跳包发送成功
[02:40:53 INF] 【直播间】23357926 的第 28 个心跳包发送成功
[02:40:55 INF] 【直播间】23040372 的第 28 个心跳包发送成功
[02:40:56 INF] 【直播间】31494 的第 28 个心跳包发送成功
[02:40:57 INF] 【直播间】4015781 的第 28 个心跳包发送成功
[02:40:59 INF] 【直播间】9619073 的第 28 个心跳包发送成功
[02:41:00 INF] 【直播间】407149 的第 28 个心跳包发送成功
[02:41:01 INF] 【直播间】11732699 的第 28 个心跳包发送成功
[02:41:02 INF] 【直播间】7184632 的第 28 个心跳包发送成功
[02:41:04 INF] 【直播间】91164 的第 28 个心跳包发送成功
[02:41:05 INF] 【直播间】23447660 的第 28 个心跳包发送成功
[02:41:06 INF] 【直播间】929670 的第 28 个心跳包发送成功
[02:41:07 INF] 【直播间】22764265 的第 28 个心跳包发送成功
[02:42:00 INF] 【直播间】23357926 的第 29 个心跳包发送成功
[02:42:01 INF] 【直播间】23040372 的第 29 个心跳包发送成功
[02:42:02 INF] 【直播间】31494 的第 29 个心跳包发送成功
[02:42:03 INF] 【直播间】4015781 的第 29 个心跳包发送成功
[02:42:05 INF] 【直播间】9619073 的第 29 个心跳包发送成功
[02:42:06 INF] 【直播间】407149 的第 29 个心跳包发送成功
[02:42:07 INF] 【直播间】11732699 的第 29 个心跳包发送成功
[02:42:09 INF] 【直播间】7184632 的第 29 个心跳包发送成功
[02:42:10 INF] 【直播间】91164 的第 29 个心跳包发送成功
[02:42:11 INF] 【直播间】23447660 的第 29 个心跳包发送成功
[02:42:12 INF] 【直播间】929670 的第 29 个心跳包发送成功
[02:42:13 INF] 【直播间】22764265 的第 29 个心跳包发送成功
[02:43:06 ERR] 【心跳包】直播间 23357926 发送失败
[02:43:06 ERR] 【原因】time check failed
[02:43:07 ERR] 【心跳包】直播间 23040372 发送失败
[02:43:07 ERR] 【原因】time check failed
[02:43:08 ERR] 【心跳包】直播间 31494 发送失败
[02:43:08 ERR] 【原因】time check failed
[02:43:10 ERR] 【心跳包】直播间 4015781 发送失败
[02:43:10 ERR] 【原因】time check failed
[02:43:11 ERR] 【心跳包】直播间 9619073 发送失败
[02:43:11 ERR] 【原因】time check failed
[02:43:12 ERR] 【心跳包】直播间 407149 发送失败
[02:43:12 ERR] 【原因】time check failed
[02:43:13 ERR] 【心跳包】直播间 11732699 发送失败
[02:43:13 ERR] 【原因】time check failed
[02:43:15 ERR] 【心跳包】直播间 7184632 发送失败
[02:43:15 ERR] 【原因】time check failed
[02:43:16 ERR] 【心跳包】直播间 91164 发送失败
[02:43:16 ERR] 【原因】time check failed
[02:43:18 ERR] 【心跳包】直播间 23447660 发送失败
[02:43:18 ERR] 【原因】time check failed
[02:43:19 ERR] 【心跳包】直播间 929670 发送失败
[02:43:19 ERR] 【原因】time check failed
[02:43:20 ERR] 【心跳包】直播间 22764265 发送失败
[02:43:20 ERR] 【原因】time check failed
[02:44:12 INF] 【直播间】23357926 的第 30 个心跳包发送成功
[02:44:14 INF] 【直播间】23040372 的第 30 个心跳包发送成功
[02:44:15 INF] 【直播间】31494 的第 30 个心跳包发送成功
[02:44:16 INF] 【直播间】4015781 的第 30 个心跳包发送成功
[02:44:17 INF] 【直播间】9619073 的第 30 个心跳包发送成功
[02:44:19 INF] 【直播间】407149 的第 30 个心跳包发送成功
[02:44:20 INF] 【直播间】11732699 的第 30 个心跳包发送成功
[02:44:21 INF] 【直播间】7184632 的第 30 个心跳包发送成功
[02:44:23 INF] 【直播间】91164 的第 30 个心跳包发送成功
[02:44:24 INF] 【直播间】23447660 的第 30 个心跳包发送成功
[02:44:25 INF] 【直播间】929670 的第 30 个心跳包发送成功
[02:44:26 INF] 【直播间】22764265 的第 30 个心跳包发送成功
[02:45:19 INF] 【直播间】23357926 的第 31 个心跳包发送成功
[02:45:20 INF] 【直播间】23040372 的第 31 个心跳包发送成功
[02:45:22 INF] 【直播间】31494 的第 31 个心跳包发送成功
[02:45:23 INF] 【直播间】4015781 的第 31 个心跳包发送成功
[02:45:24 INF] 【直播间】9619073 的第 31 个心跳包发送成功
[02:45:25 INF] 【直播间】407149 的第 31 个心跳包发送成功
[02:45:27 INF] 【直播间】11732699 的第 31 个心跳包发送成功
[02:45:28 INF] 【直播间】7184632 的第 31 个心跳包发送成功
[02:45:29 INF] 【直播间】91164 的第 31 个心跳包发送成功
[02:45:30 INF] 【直播间】23447660 的第 31 个心跳包发送成功
[02:45:32 INF] 【直播间】929670 的第 31 个心跳包发送成功
[02:45:33 INF] 【直播间】22764265 的第 31 个心跳包发送成功
[02:46:25 INF] 【直播间】23357926 的第 32 个心跳包发送成功
[02:46:27 INF] 【直播间】23040372 的第 32 个心跳包发送成功
[02:46:28 INF] 【直播间】31494 的第 32 个心跳包发送成功
[02:46:29 INF] 【直播间】4015781 的第 32 个心跳包发送成功
[02:46:30 INF] 【直播间】9619073 的第 32 个心跳包发送成功
[02:46:31 INF] 【直播间】407149 的第 32 个心跳包发送成功
[02:46:33 INF] 【直播间】11732699 的第 32 个心跳包发送成功
[02:46:34 INF] 【直播间】7184632 的第 32 个心跳包发送成功
[02:46:35 INF] 【直播间】91164 的第 32 个心跳包发送成功
[02:46:37 INF] 【直播间】23447660 的第 32 个心跳包发送成功
[02:46:38 INF] 【直播间】929670 的第 32 个心跳包发送成功
[02:46:39 INF] 【直播间】22764265 的第 32 个心跳包发送成功
[02:47:32 INF] 【直播间】23357926 的第 33 个心跳包发送成功
[02:47:33 INF] 【直播间】23040372 的第 33 个心跳包发送成功
[02:47:34 INF] 【直播间】31494 的第 33 个心跳包发送成功
[02:47:35 INF] 【直播间】4015781 的第 33 个心跳包发送成功
[02:47:37 INF] 【直播间】9619073 的第 33 个心跳包发送成功
[02:47:38 INF] 【直播间】407149 的第 33 个心跳包发送成功
[02:47:39 INF] 【直播间】11732699 的第 33 个心跳包发送成功
[02:47:40 INF] 【直播间】7184632 的第 33 个心跳包发送成功
[02:47:42 INF] 【直播间】91164 的第 33 个心跳包发送成功
[02:47:43 INF] 【直播间】23447660 的第 33 个心跳包发送成功
[02:47:44 INF] 【直播间】929670 的第 33 个心跳包发送成功
[02:47:45 INF] 【直播间】22764265 的第 33 个心跳包发送成功
[02:48:38 INF] 【直播间】23357926 的第 34 个心跳包发送成功
[02:48:39 INF] 【直播间】23040372 的第 34 个心跳包发送成功
[02:48:41 INF] 【直播间】31494 的第 34 个心跳包发送成功
[02:48:42 INF] 【直播间】4015781 的第 34 个心跳包发送成功
[02:48:43 INF] 【直播间】9619073 的第 34 个心跳包发送成功
[02:48:45 INF] 【直播间】407149 的第 34 个心跳包发送成功
[02:48:46 INF] 【直播间】11732699 的第 34 个心跳包发送成功
[02:48:47 INF] 【直播间】7184632 的第 34 个心跳包发送成功
[02:48:49 INF] 【直播间】91164 的第 34 个心跳包发送成功
[02:48:50 INF] 【直播间】23447660 的第 34 个心跳包发送成功
[02:48:51 INF] 【直播间】929670 的第 34 个心跳包发送成功
[02:48:52 INF] 【直播间】22764265 的第 34 个心跳包发送成功
[02:49:45 INF] 【直播间】23357926 的第 35 个心跳包发送成功
[02:49:46 INF] 【直播间】23040372 的第 35 个心跳包发送成功
[02:49:47 INF] 【直播间】31494 的第 35 个心跳包发送成功
[02:49:48 INF] 【直播间】4015781 的第 35 个心跳包发送成功
[02:49:50 INF] 【直播间】9619073 的第 35 个心跳包发送成功
[02:49:51 INF] 【直播间】407149 的第 35 个心跳包发送成功
[02:49:52 INF] 【直播间】11732699 的第 35 个心跳包发送成功
[02:49:53 INF] 【直播间】7184632 的第 35 个心跳包发送成功
[02:49:55 INF] 【直播间】91164 的第 35 个心跳包发送成功
[02:49:56 INF] 【直播间】23447660 的第 35 个心跳包发送成功
[02:49:57 INF] 【直播间】929670 的第 35 个心跳包发送成功
[02:49:58 INF] 【直播间】22764265 的第 35 个心跳包发送成功
[02:50:51 INF] 【直播间】23357926 的第 36 个心跳包发送成功
[02:50:52 INF] 【直播间】23040372 的第 36 个心跳包发送成功
[02:50:54 INF] 【直播间】31494 的第 36 个心跳包发送成功
[02:50:55 INF] 【直播间】4015781 的第 36 个心跳包发送成功
[02:50:56 INF] 【直播间】9619073 的第 36 个心跳包发送成功
[02:50:57 INF] 【直播间】407149 的第 36 个心跳包发送成功
[02:50:58 INF] 【直播间】11732699 的第 36 个心跳包发送成功
[02:51:00 INF] 【直播间】7184632 的第 36 个心跳包发送成功
[02:51:01 INF] 【直播间】91164 的第 36 个心跳包发送成功
[02:51:02 INF] 【直播间】23447660 的第 36 个心跳包发送成功
[02:51:04 INF] 【直播间】929670 的第 36 个心跳包发送成功
[02:51:05 INF] 【直播间】22764265 的第 36 个心跳包发送成功
[02:51:57 INF] 【直播间】23357926 的第 37 个心跳包发送成功
[02:51:59 INF] 【直播间】23040372 的第 37 个心跳包发送成功
[02:52:00 INF] 【直播间】31494 的第 37 个心跳包发送成功
[02:52:01 INF] 【直播间】4015781 的第 37 个心跳包发送成功
[02:52:02 INF] 【直播间】9619073 的第 37 个心跳包发送成功
[02:52:04 INF] 【直播间】407149 的第 37 个心跳包发送成功
[02:52:05 INF] 【直播间】11732699 的第 37 个心跳包发送成功
[02:52:06 INF] 【直播间】7184632 的第 37 个心跳包发送成功
[02:52:07 INF] 【直播间】91164 的第 37 个心跳包发送成功
[02:52:09 INF] 【直播间】23447660 的第 37 个心跳包发送成功
[02:52:10 INF] 【直播间】929670 的第 37 个心跳包发送成功
[02:52:11 INF] 【直播间】22764265 的第 37 个心跳包发送成功
[02:53:04 INF] 【直播间】23357926 的第 38 个心跳包发送成功
[02:53:05 INF] 【直播间】23040372 的第 38 个心跳包发送成功
[02:53:06 INF] 【直播间】31494 的第 38 个心跳包发送成功
[02:53:08 INF] 【直播间】4015781 的第 38 个心跳包发送成功
[02:53:09 INF] 【直播间】9619073 的第 38 个心跳包发送成功
[02:53:10 INF] 【直播间】407149 的第 38 个心跳包发送成功
[02:53:11 INF] 【直播间】11732699 的第 38 个心跳包发送成功
[02:53:13 INF] 【直播间】7184632 的第 38 个心跳包发送成功
[02:53:14 INF] 【直播间】91164 的第 38 个心跳包发送成功
[02:53:15 INF] 【直播间】23447660 的第 38 个心跳包发送成功
[02:53:16 INF] 【直播间】929670 的第 38 个心跳包发送成功
[02:53:17 INF] 【直播间】22764265 的第 38 个心跳包发送成功
[02:54:10 INF] 【直播间】23357926 的第 39 个心跳包发送成功
[02:54:11 INF] 【直播间】23040372 的第 39 个心跳包发送成功
[02:54:13 INF] 【直播间】31494 的第 39 个心跳包发送成功
[02:54:14 INF] 【直播间】4015781 的第 39 个心跳包发送成功
[02:54:15 INF] 【直播间】9619073 的第 39 个心跳包发送成功
[02:54:16 INF] 【直播间】407149 的第 39 个心跳包发送成功
[02:54:18 INF] 【直播间】11732699 的第 39 个心跳包发送成功
[02:54:19 INF] 【直播间】7184632 的第 39 个心跳包发送成功
[02:54:20 INF] 【直播间】91164 的第 39 个心跳包发送成功
[02:54:21 INF] 【直播间】23447660 的第 39 个心跳包发送成功
[02:54:23 INF] 【直播间】929670 的第 39 个心跳包发送成功
[02:54:24 INF] 【直播间】22764265 的第 39 个心跳包发送成功
[02:55:17 INF] 【直播间】23357926 的第 40 个心跳包发送成功
[02:55:18 INF] 【直播间】23040372 的第 40 个心跳包发送成功
[02:55:19 INF] 【直播间】31494 的第 40 个心跳包发送成功
[02:55:20 INF] 【直播间】4015781 的第 40 个心跳包发送成功
[02:55:22 INF] 【直播间】9619073 的第 40 个心跳包发送成功
[02:55:23 INF] 【直播间】407149 的第 40 个心跳包发送成功
[02:55:24 INF] 【直播间】11732699 的第 40 个心跳包发送成功
[02:55:25 INF] 【直播间】7184632 的第 40 个心跳包发送成功
[02:55:27 INF] 【直播间】91164 的第 40 个心跳包发送成功
[02:55:28 INF] 【直播间】23447660 的第 40 个心跳包发送成功
[02:55:29 INF] 【直播间】929670 的第 40 个心跳包发送成功
[02:55:30 INF] 【直播间】22764265 的第 40 个心跳包发送成功
[02:56:23 INF] 【直播间】23357926 的第 41 个心跳包发送成功
[02:56:24 INF] 【直播间】23040372 的第 41 个心跳包发送成功
[02:56:25 INF] 【直播间】31494 的第 41 个心跳包发送成功
[02:56:27 INF] 【直播间】4015781 的第 41 个心跳包发送成功
[02:56:28 INF] 【直播间】9619073 的第 41 个心跳包发送成功
[02:56:29 INF] 【直播间】407149 的第 41 个心跳包发送成功
[02:56:30 INF] 【直播间】11732699 的第 41 个心跳包发送成功
[02:56:32 INF] 【直播间】7184632 的第 41 个心跳包发送成功
[02:56:33 INF] 【直播间】91164 的第 41 个心跳包发送成功
[02:56:34 INF] 【直播间】23447660 的第 41 个心跳包发送成功
[02:56:35 INF] 【直播间】929670 的第 41 个心跳包发送成功
[02:56:37 INF] 【直播间】22764265 的第 41 个心跳包发送成功
[02:57:29 INF] 【直播间】23357926 的第 42 个心跳包发送成功
[02:57:31 INF] 【直播间】23040372 的第 42 个心跳包发送成功
[02:57:32 INF] 【直播间】31494 的第 42 个心跳包发送成功
[02:57:33 INF] 【直播间】4015781 的第 42 个心跳包发送成功
[02:57:34 INF] 【直播间】9619073 的第 42 个心跳包发送成功
[02:57:36 INF] 【直播间】407149 的第 42 个心跳包发送成功
[02:57:37 INF] 【直播间】11732699 的第 42 个心跳包发送成功
[02:57:38 INF] 【直播间】7184632 的第 42 个心跳包发送成功
[02:57:39 INF] 【直播间】91164 的第 42 个心跳包发送成功
[02:57:40 INF] 【直播间】23447660 的第 42 个心跳包发送成功
[02:57:42 INF] 【直播间】929670 的第 42 个心跳包发送成功
[02:57:43 INF] 【直播间】22764265 的第 42 个心跳包发送成功
[02:58:36 INF] 【直播间】23357926 的第 43 个心跳包发送成功
[02:58:37 INF] 【直播间】23040372 的第 43 个心跳包发送成功
[02:58:38 INF] 【直播间】31494 的第 43 个心跳包发送成功
[02:58:39 INF] 【直播间】4015781 的第 43 个心跳包发送成功
[02:58:41 INF] 【直播间】9619073 的第 43 个心跳包发送成功
[02:58:42 INF] 【直播间】407149 的第 43 个心跳包发送成功
[02:58:43 INF] 【直播间】11732699 的第 43 个心跳包发送成功
[02:58:44 INF] 【直播间】7184632 的第 43 个心跳包发送成功
[02:58:45 INF] 【直播间】91164 的第 43 个心跳包发送成功
[02:58:47 INF] 【直播间】23447660 的第 43 个心跳包发送成功
[02:58:48 INF] 【直播间】929670 的第 43 个心跳包发送成功
[02:58:49 INF] 【直播间】22764265 的第 43 个心跳包发送成功
[02:59:42 ERR] 【心跳包】直播间 23357926 发送失败
[02:59:42 ERR] 【原因】time check failed
[02:59:43 ERR] 【心跳包】直播间 23040372 发送失败
[02:59:43 ERR] 【原因】time check failed
[02:59:44 ERR] 【心跳包】直播间 31494 发送失败
[02:59:44 ERR] 【原因】time check failed
[02:59:46 ERR] 【心跳包】直播间 4015781 发送失败
[02:59:46 ERR] 【原因】time check failed
[02:59:47 ERR] 【心跳包】直播间 9619073 发送失败
[02:59:47 ERR] 【原因】time check failed
[02:59:48 ERR] 【心跳包】直播间 407149 发送失败
[02:59:48 ERR] 【原因】time check failed
[02:59:49 ERR] 【心跳包】直播间 11732699 发送失败
[02:59:49 ERR] 【原因】time check failed
[02:59:50 ERR] 【心跳包】直播间 7184632 发送失败
[02:59:50 ERR] 【原因】time check failed
[02:59:52 ERR] 【心跳包】直播间 91164 发送失败
[02:59:52 ERR] 【原因】time check failed
[02:59:53 ERR] 【心跳包】直播间 23447660 发送失败
[02:59:53 ERR] 【原因】time check failed
[02:59:54 ERR] 【心跳包】直播间 929670 发送失败
[02:59:54 ERR] 【原因】time check failed
[02:59:55 ERR] 【心跳包】直播间 22764265 发送失败
[02:59:55 ERR] 【原因】time check failed
[03:00:48 INF] 【直播间】23357926 的第 44 个心跳包发送成功
[03:00:50 INF] 【直播间】23040372 的第 44 个心跳包发送成功
[03:00:51 INF] 【直播间】31494 的第 44 个心跳包发送成功
[03:00:52 INF] 【直播间】4015781 的第 44 个心跳包发送成功
[03:00:54 INF] 【直播间】9619073 的第 44 个心跳包发送成功
[03:00:55 INF] 【直播间】407149 的第 44 个心跳包发送成功
[03:00:56 INF] 【直播间】11732699 的第 44 个心跳包发送成功
[03:00:57 INF] 【直播间】7184632 的第 44 个心跳包发送成功
[03:00:59 INF] 【直播间】91164 的第 44 个心跳包发送成功
[03:01:00 INF] 【直播间】23447660 的第 44 个心跳包发送成功
[03:01:01 INF] 【直播间】929670 的第 44 个心跳包发送成功
[03:01:02 INF] 【直播间】22764265 的第 44 个心跳包发送成功
[03:01:55 INF] 【直播间】23357926 的第 45 个心跳包发送成功
[03:01:56 INF] 【直播间】23040372 的第 45 个心跳包发送成功
[03:01:58 INF] 【直播间】31494 的第 45 个心跳包发送成功
[03:01:59 INF] 【直播间】4015781 的第 45 个心跳包发送成功
[03:02:00 INF] 【直播间】9619073 的第 45 个心跳包发送成功
[03:02:01 INF] 【直播间】407149 的第 45 个心跳包发送成功
[03:02:02 INF] 【直播间】11732699 的第 45 个心跳包发送成功
[03:02:04 INF] 【直播间】7184632 的第 45 个心跳包发送成功
[03:02:05 INF] 【直播间】91164 的第 45 个心跳包发送成功
[03:02:06 INF] 【直播间】23447660 的第 45 个心跳包发送成功
[03:02:07 INF] 【直播间】929670 的第 45 个心跳包发送成功
[03:02:09 INF] 【直播间】22764265 的第 45 个心跳包发送成功
[03:03:01 INF] 【直播间】23357926 的第 46 个心跳包发送成功
[03:03:02 INF] 【直播间】23040372 的第 46 个心跳包发送成功
[03:03:04 INF] 【直播间】31494 的第 46 个心跳包发送成功
[03:03:05 INF] 【直播间】4015781 的第 46 个心跳包发送成功
[03:03:06 INF] 【直播间】9619073 的第 46 个心跳包发送成功
[03:03:07 INF] 【直播间】407149 的第 46 个心跳包发送成功
[03:03:09 INF] 【直播间】11732699 的第 46 个心跳包发送成功
[03:03:10 INF] 【直播间】7184632 的第 46 个心跳包发送成功
[03:03:11 INF] 【直播间】91164 的第 46 个心跳包发送成功
[03:03:13 INF] 【直播间】23447660 的第 46 个心跳包发送成功
[03:03:14 INF] 【直播间】929670 的第 46 个心跳包发送成功
[03:03:15 INF] 【直播间】22764265 的第 46 个心跳包发送成功
[03:04:08 INF] 【直播间】23357926 的第 47 个心跳包发送成功
[03:04:09 INF] 【直播间】23040372 的第 47 个心跳包发送成功
[03:04:10 INF] 【直播间】31494 的第 47 个心跳包发送成功
[03:04:11 INF] 【直播间】4015781 的第 47 个心跳包发送成功
[03:04:13 INF] 【直播间】9619073 的第 47 个心跳包发送成功
[03:04:14 INF] 【直播间】407149 的第 47 个心跳包发送成功
[03:04:15 INF] 【直播间】11732699 的第 47 个心跳包发送成功
[03:04:16 INF] 【直播间】7184632 的第 47 个心跳包发送成功
[03:04:18 INF] 【直播间】91164 的第 47 个心跳包发送成功
[03:04:19 INF] 【直播间】23447660 的第 47 个心跳包发送成功
[03:04:20 INF] 【直播间】929670 的第 47 个心跳包发送成功
[03:04:21 INF] 【直播间】22764265 的第 47 个心跳包发送成功
[03:05:14 INF] 【直播间】23357926 的第 48 个心跳包发送成功
[03:05:15 INF] 【直播间】23040372 的第 48 个心跳包发送成功
[03:05:16 INF] 【直播间】31494 的第 48 个心跳包发送成功
[03:05:18 INF] 【直播间】4015781 的第 48 个心跳包发送成功
[03:05:19 INF] 【直播间】9619073 的第 48 个心跳包发送成功
[03:05:20 INF] 【直播间】407149 的第 48 个心跳包发送成功
[03:05:21 INF] 【直播间】11732699 的第 48 个心跳包发送成功
[03:05:23 INF] 【直播间】7184632 的第 48 个心跳包发送成功
[03:05:24 INF] 【直播间】91164 的第 48 个心跳包发送成功
[03:05:25 INF] 【直播间】23447660 的第 48 个心跳包发送成功
[03:05:26 INF] 【直播间】929670 的第 48 个心跳包发送成功
[03:05:28 INF] 【直播间】22764265 的第 48 个心跳包发送成功
[03:06:20 INF] 【直播间】23357926 的第 49 个心跳包发送成功
[03:06:22 INF] 【直播间】23040372 的第 49 个心跳包发送成功
[03:06:23 INF] 【直播间】31494 的第 49 个心跳包发送成功
[03:06:24 INF] 【直播间】4015781 的第 49 个心跳包发送成功
[03:06:25 INF] 【直播间】9619073 的第 49 个心跳包发送成功
[03:06:27 INF] 【直播间】407149 的第 49 个心跳包发送成功
[03:06:28 INF] 【直播间】11732699 的第 49 个心跳包发送成功
[03:06:29 INF] 【直播间】7184632 的第 49 个心跳包发送成功
[03:06:30 INF] 【直播间】91164 的第 49 个心跳包发送成功
[03:06:31 INF] 【直播间】23447660 的第 49 个心跳包发送成功
[03:06:33 INF] 【直播间】929670 的第 49 个心跳包发送成功
[03:06:34 INF] 【直播间】22764265 的第 49 个心跳包发送成功
[03:07:27 INF] 【直播间】23357926 的第 50 个心跳包发送成功
[03:07:28 INF] 【直播间】23040372 的第 50 个心跳包发送成功
[03:07:29 INF] 【直播间】31494 的第 50 个心跳包发送成功
[03:07:30 INF] 【直播间】4015781 的第 50 个心跳包发送成功
[03:07:32 INF] 【直播间】9619073 的第 50 个心跳包发送成功
[03:07:33 INF] 【直播间】407149 的第 50 个心跳包发送成功
[03:07:34 INF] 【直播间】11732699 的第 50 个心跳包发送成功
[03:07:35 INF] 【直播间】7184632 的第 50 个心跳包发送成功
[03:07:37 INF] 【直播间】91164 的第 50 个心跳包发送成功
[03:07:38 INF] 【直播间】23447660 的第 50 个心跳包发送成功
[03:07:39 INF] 【直播间】929670 的第 50 个心跳包发送成功
[03:07:40 INF] 【直播间】22764265 的第 50 个心跳包发送成功
[03:08:33 INF] 【直播间】23357926 的第 51 个心跳包发送成功
[03:08:34 INF] 【直播间】23040372 的第 51 个心跳包发送成功
[03:08:35 INF] 【直播间】31494 的第 51 个心跳包发送成功
[03:08:37 INF] 【直播间】4015781 的第 51 个心跳包发送成功
[03:08:38 INF] 【直播间】9619073 的第 51 个心跳包发送成功
[03:08:39 INF] 【直播间】407149 的第 51 个心跳包发送成功
[03:08:41 INF] 【直播间】11732699 的第 51 个心跳包发送成功
[03:08:42 INF] 【直播间】7184632 的第 51 个心跳包发送成功
[03:08:43 INF] 【直播间】91164 的第 51 个心跳包发送成功
[03:08:44 INF] 【直播间】23447660 的第 51 个心跳包发送成功
[03:08:45 INF] 【直播间】929670 的第 51 个心跳包发送成功
[03:08:47 INF] 【直播间】22764265 的第 51 个心跳包发送成功
[03:09:39 INF] 【直播间】23357926 的第 52 个心跳包发送成功
[03:09:41 INF] 【直播间】23040372 的第 52 个心跳包发送成功
[03:09:42 INF] 【直播间】31494 的第 52 个心跳包发送成功
[03:09:43 INF] 【直播间】4015781 的第 52 个心跳包发送成功
[03:09:44 INF] 【直播间】9619073 的第 52 个心跳包发送成功
[03:09:46 INF] 【直播间】407149 的第 52 个心跳包发送成功
[03:09:47 INF] 【直播间】11732699 的第 52 个心跳包发送成功
[03:09:48 INF] 【直播间】7184632 的第 52 个心跳包发送成功
[03:09:49 INF] 【直播间】91164 的第 52 个心跳包发送成功
[03:09:51 INF] 【直播间】23447660 的第 52 个心跳包发送成功
[03:09:52 INF] 【直播间】929670 的第 52 个心跳包发送成功
[03:09:53 INF] 【直播间】22764265 的第 52 个心跳包发送成功
[03:10:46 INF] 【直播间】23357926 的第 53 个心跳包发送成功
[03:10:47 INF] 【直播间】23040372 的第 53 个心跳包发送成功
[03:10:48 INF] 【直播间】31494 的第 53 个心跳包发送成功
[03:10:49 INF] 【直播间】4015781 的第 53 个心跳包发送成功
[03:10:51 INF] 【直播间】9619073 的第 53 个心跳包发送成功
[03:10:52 INF] 【直播间】407149 的第 53 个心跳包发送成功
[03:10:53 INF] 【直播间】11732699 的第 53 个心跳包发送成功
[03:10:54 INF] 【直播间】7184632 的第 53 个心跳包发送成功
[03:10:56 INF] 【直播间】91164 的第 53 个心跳包发送成功
[03:10:57 INF] 【直播间】23447660 的第 53 个心跳包发送成功
[03:10:58 INF] 【直播间】929670 的第 53 个心跳包发送成功
[03:10:59 INF] 【直播间】22764265 的第 53 个心跳包发送成功
[03:11:52 INF] 【直播间】23357926 的第 54 个心跳包发送成功
[03:11:53 INF] 【直播间】23040372 的第 54 个心跳包发送成功
[03:11:55 INF] 【直播间】31494 的第 54 个心跳包发送成功
[03:11:56 INF] 【直播间】4015781 的第 54 个心跳包发送成功
[03:11:57 INF] 【直播间】9619073 的第 54 个心跳包发送成功
[03:11:58 INF] 【直播间】407149 的第 54 个心跳包发送成功
[03:11:59 INF] 【直播间】11732699 的第 54 个心跳包发送成功
[03:12:01 INF] 【直播间】7184632 的第 54 个心跳包发送成功
[03:12:02 INF] 【直播间】91164 的第 54 个心跳包发送成功
[03:12:03 INF] 【直播间】23447660 的第 54 个心跳包发送成功
[03:12:04 INF] 【直播间】929670 的第 54 个心跳包发送成功
[03:12:06 INF] 【直播间】22764265 的第 54 个心跳包发送成功
[03:12:58 INF] 【直播间】23357926 的第 55 个心跳包发送成功
[03:13:00 INF] 【直播间】23040372 的第 55 个心跳包发送成功
[03:13:01 INF] 【直播间】31494 的第 55 个心跳包发送成功
[03:13:02 INF] 【直播间】4015781 的第 55 个心跳包发送成功
[03:13:03 INF] 【直播间】9619073 的第 55 个心跳包发送成功
[03:13:05 INF] 【直播间】407149 的第 55 个心跳包发送成功
[03:13:06 INF] 【直播间】11732699 的第 55 个心跳包发送成功
[03:13:07 INF] 【直播间】7184632 的第 55 个心跳包发送成功
[03:13:08 INF] 【直播间】91164 的第 55 个心跳包发送成功
[03:13:09 INF] 【直播间】23447660 的第 55 个心跳包发送成功
[03:13:11 INF] 【直播间】929670 的第 55 个心跳包发送成功
[03:13:12 INF] 【直播间】22764265 的第 55 个心跳包发送成功
[03:14:05 INF] 【直播间】23357926 的第 56 个心跳包发送成功
[03:14:06 INF] 【直播间】23040372 的第 56 个心跳包发送成功
[03:14:07 INF] 【直播间】31494 的第 56 个心跳包发送成功
[03:14:08 INF] 【直播间】4015781 的第 56 个心跳包发送成功
[03:14:10 INF] 【直播间】9619073 的第 56 个心跳包发送成功
[03:14:11 INF] 【直播间】407149 的第 56 个心跳包发送成功
[03:14:12 INF] 【直播间】11732699 的第 56 个心跳包发送成功
[03:14:13 INF] 【直播间】7184632 的第 56 个心跳包发送成功
[03:14:14 INF] 【直播间】91164 的第 56 个心跳包发送成功
[03:14:16 INF] 【直播间】23447660 的第 56 个心跳包发送成功
[03:14:17 INF] 【直播间】929670 的第 56 个心跳包发送成功
[03:14:18 INF] 【直播间】22764265 的第 56 个心跳包发送成功
[03:15:11 INF] 【直播间】23357926 的第 57 个心跳包发送成功
[03:15:12 INF] 【直播间】23040372 的第 57 个心跳包发送成功
[03:15:13 INF] 【直播间】31494 的第 57 个心跳包发送成功
[03:15:15 INF] 【直播间】4015781 的第 57 个心跳包发送成功
[03:15:16 INF] 【直播间】9619073 的第 57 个心跳包发送成功
[03:15:17 INF] 【直播间】407149 的第 57 个心跳包发送成功
[03:15:18 INF] 【直播间】11732699 的第 57 个心跳包发送成功
[03:15:20 INF] 【直播间】7184632 的第 57 个心跳包发送成功
[03:15:21 INF] 【直播间】91164 的第 57 个心跳包发送成功
[03:15:22 INF] 【直播间】23447660 的第 57 个心跳包发送成功
[03:15:23 INF] 【直播间】929670 的第 57 个心跳包发送成功
[03:15:24 INF] 【直播间】22764265 的第 57 个心跳包发送成功
[03:16:17 ERR] 【心跳包】直播间 23357926 发送失败
[03:16:17 ERR] 【原因】time check failed
[03:16:18 ERR] 【心跳包】直播间 23040372 发送失败
[03:16:18 ERR] 【原因】time check failed
[03:16:20 ERR] 【心跳包】直播间 31494 发送失败
[03:16:20 ERR] 【原因】time check failed
[03:16:21 ERR] 【心跳包】直播间 4015781 发送失败
[03:16:21 ERR] 【原因】time check failed
[03:16:22 ERR] 【心跳包】直播间 9619073 发送失败
[03:16:22 ERR] 【原因】time check failed
[03:16:23 ERR] 【心跳包】直播间 407149 发送失败
[03:16:23 ERR] 【原因】time check failed
[03:16:25 ERR] 【心跳包】直播间 11732699 发送失败
[03:16:25 ERR] 【原因】time check failed
[03:16:26 ERR] 【心跳包】直播间 7184632 发送失败
[03:16:26 ERR] 【原因】time check failed
[03:16:27 ERR] 【心跳包】直播间 91164 发送失败
[03:16:27 ERR] 【原因】time check failed
[03:16:28 ERR] 【心跳包】直播间 23447660 发送失败
[03:16:28 ERR] 【原因】time check failed
[03:16:29 ERR] 【心跳包】直播间 929670 发送失败
[03:16:29 ERR] 【原因】time check failed
[03:16:31 ERR] 【心跳包】直播间 22764265 发送失败
[03:16:31 ERR] 【原因】time check failed
[03:17:24 INF] 【直播间】23357926 的第 58 个心跳包发送成功
[03:17:25 INF] 【直播间】23040372 的第 58 个心跳包发送成功
[03:17:26 INF] 【直播间】31494 的第 58 个心跳包发送成功
[03:17:27 INF] 【直播间】4015781 的第 58 个心跳包发送成功
[03:17:28 INF] 【直播间】9619073 的第 58 个心跳包发送成功
[03:17:30 INF] 【直播间】407149 的第 58 个心跳包发送成功
[03:17:31 INF] 【直播间】11732699 的第 58 个心跳包发送成功
[03:17:32 INF] 【直播间】7184632 的第 58 个心跳包发送成功
[03:17:33 INF] 【直播间】91164 的第 58 个心跳包发送成功
[03:17:34 INF] 【直播间】23447660 的第 58 个心跳包发送成功
[03:17:36 INF] 【直播间】929670 的第 58 个心跳包发送成功
[03:17:37 INF] 【直播间】22764265 的第 58 个心跳包发送成功
[03:18:30 INF] 【直播间】23357926 的第 59 个心跳包发送成功
[03:18:31 INF] 【直播间】23040372 的第 59 个心跳包发送成功
[03:18:32 INF] 【直播间】31494 的第 59 个心跳包发送成功
[03:18:33 INF] 【直播间】4015781 的第 59 个心跳包发送成功
[03:18:35 INF] 【直播间】9619073 的第 59 个心跳包发送成功
[03:18:36 INF] 【直播间】407149 的第 59 个心跳包发送成功
[03:18:37 INF] 【直播间】11732699 的第 59 个心跳包发送成功
[03:18:38 INF] 【直播间】7184632 的第 59 个心跳包发送成功
[03:18:40 INF] 【直播间】91164 的第 59 个心跳包发送成功
[03:18:41 INF] 【直播间】23447660 的第 59 个心跳包发送成功
[03:18:42 INF] 【直播间】929670 的第 59 个心跳包发送成功
[03:18:43 INF] 【直播间】22764265 的第 59 个心跳包发送成功
[03:19:36 INF] 【直播间】23357926 的第 60 个心跳包发送成功
[03:19:38 INF] 【直播间】23040372 的第 60 个心跳包发送成功
[03:19:39 INF] 【直播间】31494 的第 60 个心跳包发送成功
[03:19:40 INF] 【直播间】4015781 的第 60 个心跳包发送成功
[03:19:41 INF] 【直播间】9619073 的第 60 个心跳包发送成功
[03:19:43 INF] 【直播间】407149 的第 60 个心跳包发送成功
[03:19:44 INF] 【直播间】11732699 的第 60 个心跳包发送成功
[03:19:45 INF] 【直播间】7184632 的第 60 个心跳包发送成功
[03:19:46 INF] 【直播间】91164 的第 60 个心跳包发送成功
[03:19:48 INF] 【直播间】23447660 的第 60 个心跳包发送成功
[03:19:49 INF] 【直播间】929670 的第 60 个心跳包发送成功
[03:19:50 INF] 【直播间】22764265 的第 60 个心跳包发送成功
[03:20:43 INF] 【直播间】23357926 的第 61 个心跳包发送成功
[03:20:44 INF] 【直播间】23040372 的第 61 个心跳包发送成功
[03:20:45 INF] 【直播间】31494 的第 61 个心跳包发送成功
[03:20:47 INF] 【直播间】4015781 的第 61 个心跳包发送成功
[03:20:48 INF] 【直播间】9619073 的第 61 个心跳包发送成功
[03:20:49 INF] 【直播间】407149 的第 61 个心跳包发送成功
[03:20:50 INF] 【直播间】11732699 的第 61 个心跳包发送成功
[03:20:52 INF] 【直播间】7184632 的第 61 个心跳包发送成功
[03:20:53 INF] 【直播间】91164 的第 61 个心跳包发送成功
[03:20:54 INF] 【直播间】23447660 的第 61 个心跳包发送成功
[03:20:55 INF] 【直播间】929670 的第 61 个心跳包发送成功
[03:20:57 INF] 【直播间】22764265 的第 61 个心跳包发送成功
[03:21:49 INF] 【直播间】23357926 的第 62 个心跳包发送成功
[03:21:50 INF] 【直播间】23040372 的第 62 个心跳包发送成功
[03:21:52 INF] 【直播间】31494 的第 62 个心跳包发送成功
[03:21:53 INF] 【直播间】4015781 的第 62 个心跳包发送成功
[03:21:54 INF] 【直播间】9619073 的第 62 个心跳包发送成功
[03:21:55 INF] 【直播间】407149 的第 62 个心跳包发送成功
[03:21:56 INF] 【直播间】11732699 的第 62 个心跳包发送成功
[03:21:58 INF] 【直播间】7184632 的第 62 个心跳包发送成功
[03:21:59 INF] 【直播间】91164 的第 62 个心跳包发送成功
[03:22:00 INF] 【直播间】23447660 的第 62 个心跳包发送成功
[03:22:02 INF] 【直播间】929670 的第 62 个心跳包发送成功
[03:22:03 INF] 【直播间】22764265 的第 62 个心跳包发送成功
[03:22:55 INF] 【直播间】23357926 的第 63 个心跳包发送成功
[03:22:57 INF] 【直播间】23040372 的第 63 个心跳包发送成功
[03:22:58 INF] 【直播间】31494 的第 63 个心跳包发送成功
[03:22:59 INF] 【直播间】4015781 的第 63 个心跳包发送成功
[03:23:00 INF] 【直播间】9619073 的第 63 个心跳包发送成功
[03:23:02 INF] 【直播间】407149 的第 63 个心跳包发送成功
[03:23:03 INF] 【直播间】11732699 的第 63 个心跳包发送成功
[03:23:04 INF] 【直播间】7184632 的第 63 个心跳包发送成功
[03:23:05 INF] 【直播间】91164 的第 63 个心跳包发送成功
[03:23:07 INF] 【直播间】23447660 的第 63 个心跳包发送成功
[03:23:08 INF] 【直播间】929670 的第 63 个心跳包发送成功
[03:23:09 INF] 【直播间】22764265 的第 63 个心跳包发送成功
[03:24:02 INF] 【直播间】23357926 的第 64 个心跳包发送成功
[03:24:03 INF] 【直播间】23040372 的第 64 个心跳包发送成功
[03:24:04 INF] 【直播间】31494 的第 64 个心跳包发送成功
[03:24:05 INF] 【直播间】4015781 的第 64 个心跳包发送成功
[03:24:07 INF] 【直播间】9619073 的第 64 个心跳包发送成功
[03:24:08 INF] 【直播间】407149 的第 64 个心跳包发送成功
[03:24:09 INF] 【直播间】11732699 的第 64 个心跳包发送成功
[03:24:10 INF] 【直播间】7184632 的第 64 个心跳包发送成功
[03:24:12 INF] 【直播间】91164 的第 64 个心跳包发送成功
[03:24:13 INF] 【直播间】23447660 的第 64 个心跳包发送成功
[03:24:14 INF] 【直播间】929670 的第 64 个心跳包发送成功
[03:24:15 INF] 【直播间】22764265 的第 64 个心跳包发送成功
[03:25:08 INF] 【直播间】23357926 的第 65 个心跳包发送成功
[03:25:09 INF] 【直播间】23040372 的第 65 个心跳包发送成功
[03:25:10 INF] 【直播间】31494 的第 65 个心跳包发送成功
[03:25:12 INF] 【直播间】4015781 的第 65 个心跳包发送成功
[03:25:13 INF] 【直播间】9619073 的第 65 个心跳包发送成功
[03:25:14 INF] 【直播间】407149 的第 65 个心跳包发送成功
[03:25:15 INF] 【直播间】11732699 的第 65 个心跳包发送成功
[03:25:17 INF] 【直播间】7184632 的第 65 个心跳包发送成功
[03:25:18 INF] 【直播间】91164 的第 65 个心跳包发送成功
[03:25:19 INF] 【直播间】23447660 的第 65 个心跳包发送成功
[03:25:20 INF] 【直播间】929670 的第 65 个心跳包发送成功
[03:25:22 INF] 【直播间】22764265 的第 65 个心跳包发送成功
[03:26:14 INF] 【直播间】23357926 的第 66 个心跳包发送成功
[03:26:15 INF] 【直播间】23040372 的第 66 个心跳包发送成功
[03:26:17 INF] 【直播间】31494 的第 66 个心跳包发送成功
[03:26:18 INF] 【直播间】4015781 的第 66 个心跳包发送成功
[03:26:19 INF] 【直播间】9619073 的第 66 个心跳包发送成功
[03:26:20 INF] 【直播间】407149 的第 66 个心跳包发送成功
[03:26:21 INF] 【直播间】11732699 的第 66 个心跳包发送成功
[03:26:23 INF] 【直播间】7184632 的第 66 个心跳包发送成功
[03:26:24 INF] 【直播间】91164 的第 66 个心跳包发送成功
[03:26:25 INF] 【直播间】23447660 的第 66 个心跳包发送成功
[03:26:27 INF] 【直播间】929670 的第 66 个心跳包发送成功
[03:26:28 INF] 【直播间】22764265 的第 66 个心跳包发送成功
[03:27:20 INF] 【直播间】23357926 的第 67 个心跳包发送成功
[03:27:22 INF] 【直播间】23040372 的第 67 个心跳包发送成功
[03:27:23 INF] 【直播间】31494 的第 67 个心跳包发送成功
[03:27:24 INF] 【直播间】4015781 的第 67 个心跳包发送成功
[03:27:25 INF] 【直播间】9619073 的第 67 个心跳包发送成功
[03:27:27 INF] 【直播间】407149 的第 67 个心跳包发送成功
[03:27:28 INF] 【直播间】11732699 的第 67 个心跳包发送成功
[03:27:29 INF] 【直播间】7184632 的第 67 个心跳包发送成功
[03:27:30 INF] 【直播间】91164 的第 67 个心跳包发送成功
[03:27:32 INF] 【直播间】23447660 的第 67 个心跳包发送成功
[03:27:33 INF] 【直播间】929670 的第 67 个心跳包发送成功
[03:27:34 INF] 【直播间】22764265 的第 67 个心跳包发送成功
[03:28:27 INF] 【直播间】23357926 的第 68 个心跳包发送成功
[03:28:28 INF] 【直播间】23040372 的第 68 个心跳包发送成功
[03:28:29 INF] 【直播间】31494 的第 68 个心跳包发送成功
[03:28:30 INF] 【直播间】4015781 的第 68 个心跳包发送成功
[03:28:32 INF] 【直播间】9619073 的第 68 个心跳包发送成功
[03:28:33 INF] 【直播间】407149 的第 68 个心跳包发送成功
[03:28:34 INF] 【直播间】11732699 的第 68 个心跳包发送成功
[03:28:35 INF] 【直播间】7184632 的第 68 个心跳包发送成功
[03:28:37 INF] 【直播间】91164 的第 68 个心跳包发送成功
[03:28:38 INF] 【直播间】23447660 的第 68 个心跳包发送成功
[03:28:39 INF] 【直播间】929670 的第 68 个心跳包发送成功
[03:28:41 INF] 【直播间】22764265 的第 68 个心跳包发送成功
[03:29:33 INF] 【直播间】23357926 的第 69 个心跳包发送成功
[03:29:34 INF] 【直播间】23040372 的第 69 个心跳包发送成功
[03:29:35 INF] 【直播间】31494 的第 69 个心跳包发送成功
[03:29:37 INF] 【直播间】4015781 的第 69 个心跳包发送成功
[03:29:38 INF] 【直播间】9619073 的第 69 个心跳包发送成功
[03:29:39 INF] 【直播间】407149 的第 69 个心跳包发送成功
[03:29:40 INF] 【直播间】11732699 的第 69 个心跳包发送成功
[03:29:42 INF] 【直播间】7184632 的第 69 个心跳包发送成功
[03:29:43 INF] 【直播间】91164 的第 69 个心跳包发送成功
[03:29:44 INF] 【直播间】23447660 的第 69 个心跳包发送成功
[03:29:46 INF] 【直播间】929670 的第 69 个心跳包发送成功
[03:29:47 INF] 【直播间】22764265 的第 69 个心跳包发送成功
[03:30:39 INF] 【直播间】23357926 的第 70 个心跳包发送成功
[03:30:40 INF] 【直播间】23040372 的第 70 个心跳包发送成功
[03:30:42 INF] 【直播间】31494 的第 70 个心跳包发送成功
[03:30:43 INF] 【直播间】4015781 的第 70 个心跳包发送成功
[03:30:44 INF] 【直播间】9619073 的第 70 个心跳包发送成功
[03:30:45 INF] 【直播间】407149 的第 70 个心跳包发送成功
[03:30:47 INF] 【直播间】11732699 的第 70 个心跳包发送成功
[03:30:48 INF] 【直播间】7184632 的第 70 个心跳包发送成功
[03:30:49 INF] 【直播间】91164 的第 70 个心跳包发送成功
[03:30:51 INF] 【直播间】23447660 的第 70 个心跳包发送成功
[03:30:52 INF] 【直播间】929670 的第 70 个心跳包发送成功
[03:30:53 INF] 【直播间】22764265 的第 70 个心跳包发送成功
[03:30:53 INF] 【直播观看时长】完成情况：12/12 
[03:30:53 INF] ---------结束---------

[03:30:53 INF] ==========结束==========

[03:30:53 INF] ######### 账号 3 #########

[03:30:53 INF] =====开始 直播间互动 =====

[03:30:53 INF] ---开始 发送弹幕 ---
[03:30:53 INF] 检测到直播 Cookie 未正确配置，尝试自动配置中...
[03:30:58 INF] 直播 Cookie 配置成功！
[03:30:58 INF] 【获取直播列表】获取拥有粉丝牌的直播列表
[03:31:05 ERR] 【获取直播列表】失败
[03:31:05 ERR] 【原因】账号未登录
[03:31:05 ERR] 发送弹幕失败，继续其他任务。失败信息:Object reference not set to an instance of an object.

[03:31:05 INF] -------结束-------

[03:31:05 INF] ---开始 点赞直播间 ---
[03:31:05 INF] 【获取直播列表】获取拥有粉丝牌的直播列表
[03:31:11 ERR] 【获取直播列表】失败
[03:31:11 ERR] 【原因】账号未登录
[03:31:11 ERR] 点赞直播间失败，继续其他任务。失败信息:Object reference not set to an instance of an object.

[03:31:11 INF] --------结束--------

[03:31:11 INF] ---开始 直播时长挂机 ---
[03:31:11 INF] 【获取直播列表】获取拥有粉丝牌的直播列表
[03:31:15 ERR] 【获取直播列表】失败
[03:31:15 ERR] 【原因】账号未登录
[03:31:15 ERR] 直播时长挂机失败，继续其他任务。失败信息:Object reference not set to an instance of an object.

[03:31:15 INF] ---------结束---------

[03:31:15 INF] ==========结束==========

[03:31:15 INF] 

========================

 v2.0.1 开源 by https://github.com/RayWangQvQ/BiliBiliToolPro

[03:31:15 INF] ·开始推送·LiveFansMedal任务·
2023-11-27T19:31:15.6866595Z 开始推送到:PushPlus
2023-11-27T19:31:16.7760333Z Response status: OK.
2023-11-27T19:31:16.7760681Z Response content: {"code":999,"msg":"发送内容过大，不能超过2万字","data":null}.

[03:31:16 INF] 运行环境：Development
[03:31:16 INF] 应用目录：/home/runner/work/BiliBiliToolPro/BiliBiliToolPro/src/Ray.BiliBiliTool.Console/bin/Debug/net6.0/

[03:31:16 INF] 运行结束
