----------- ip 信息 ---------
{
  "ip": "13.91.68.221",
  "city": "San Jose",
  "region": "California",
  "country": "US",
  "loc": "37.3394,-121.8950",
  "org": "AS8075 Microsoft Corporation",
  "postal": "95103",
  "timezone": "America/Los_Angeles",
  "readme": "https://ipinfo.io/missingauth"
} ---------- end ------------
  ____               ____    _   _____           _  
 |  _ \ __ _ _   _  | __ ) _| |_|_   _|__   ___ | | 
 | |_) / _` | | | | |  _ \(_) (_) | |/ _ \ / _ \| | 
 |  _ < (_| | |_| | | |_) | | | | | | (_) | (_) | | 
 |_| \_\__,_|\__, | |____/|_|_|_| |_|\___/ \___/|_| 
             |___/                                  

[00:31:29 INF] BiliBiliToolPro 开始运行...

[00:31:30 INF] 【账号个数】3个

[00:31:30 INF] 随机休眠2分钟

[00:33:30 INF] 【目标任务】LiveFansMedal
[00:33:30 INF] ######### 账号 1 #########

[00:33:30 INF] =====开始 直播间互动 =====

[00:33:30 INF] ---开始 发送弹幕 ---
[00:33:30 INF] 检测到直播 Cookie 未正确配置，尝试自动配置中...
[00:33:34 INF] 直播 Cookie 配置成功！
[00:33:34 INF] 【获取直播列表】获取拥有粉丝牌的直播列表
[00:33:42 INF] 【主播】KL_qiqi_ 
[00:33:52 INF] 【主播】Mark陌枫 
[00:34:07 INF] 【主播】苏打baka 
[00:34:21 INF] 【直播间】KL_qiqi_
[00:34:21 INF] 【粉丝牌】qiqisb
[00:34:21 INF] 正在发送弹幕...
[00:34:26 INF] 【直播间】Mark陌枫
[00:34:26 INF] 【粉丝牌】馬楓
[00:34:26 INF] 正在发送弹幕...
[00:34:31 INF] 【直播间】苏打baka
[00:34:31 INF] 【粉丝牌】碳酸钠
[00:34:31 INF] 正在发送弹幕...
[00:34:34 INF] 【弹幕发送】成功~，你和主播 KL_qiqi_ 的亲密值增加了100！
[00:34:36 INF] -------结束-------

[00:34:36 INF] ---开始 点赞直播间 ---
[00:34:36 INF] 【获取直播列表】获取拥有粉丝牌的直播列表
[00:34:39 INF] 【主播】KL_qiqi_ 
[00:34:46 INF] 【弹幕发送】成功~，你和主播 Mark陌枫 的亲密值增加了100！
[00:34:47 INF] 【弹幕发送】成功~，你和主播 苏打baka 的亲密值增加了100！
[00:34:57 INF] 【主播】Mark陌枫 
[00:35:11 INF] 【主播】苏打baka 
[00:35:28 INF] 【点赞直播间】407149 完成
[00:35:32 INF] 【点赞直播间】23357926 完成
[00:35:36 INF] --------结束--------

[00:35:36 INF] ---开始 直播时长挂机 ---
[00:35:36 INF] 【获取直播列表】获取拥有粉丝牌的直播列表
[00:35:36 INF] 【点赞直播间】23040372 完成
[00:35:41 INF] 【主播】KL_qiqi_ 
[00:35:55 INF] 【主播】Mark陌枫 
[00:36:09 INF] 【主播】苏打baka 
[00:36:22 INF] 【直播间】407149 的第 1 个心跳包发送成功
[00:36:23 INF] 【直播间】23357926 的第 1 个心跳包发送成功
[00:36:25 INF] 【直播间】23040372 的第 1 个心跳包发送成功
[00:37:28 INF] 【直播间】407149 的第 2 个心跳包发送成功
[00:37:29 INF] 【直播间】23357926 的第 2 个心跳包发送成功
[00:37:31 INF] 【直播间】23040372 的第 2 个心跳包发送成功
[00:38:35 INF] 【直播间】407149 的第 3 个心跳包发送成功
[00:38:36 INF] 【直播间】23357926 的第 3 个心跳包发送成功
[00:38:37 INF] 【直播间】23040372 的第 3 个心跳包发送成功
[00:39:41 INF] 【直播间】407149 的第 4 个心跳包发送成功
[00:39:42 INF] 【直播间】23357926 的第 4 个心跳包发送成功
[00:39:44 INF] 【直播间】23040372 的第 4 个心跳包发送成功
[00:40:47 INF] 【直播间】407149 的第 5 个心跳包发送成功
[00:40:49 INF] 【直播间】23357926 的第 5 个心跳包发送成功
[00:40:50 INF] 【直播间】23040372 的第 5 个心跳包发送成功
[00:41:53 INF] 【直播间】407149 的第 6 个心跳包发送成功
[00:41:55 INF] 【直播间】23357926 的第 6 个心跳包发送成功
[00:41:56 INF] 【直播间】23040372 的第 6 个心跳包发送成功
[00:43:00 INF] 【直播间】407149 的第 7 个心跳包发送成功
[00:43:01 INF] 【直播间】23357926 的第 7 个心跳包发送成功
[00:43:02 INF] 【直播间】23040372 的第 7 个心跳包发送成功
[00:44:06 INF] 【直播间】407149 的第 8 个心跳包发送成功
[00:44:07 INF] 【直播间】23357926 的第 8 个心跳包发送成功
[00:44:09 INF] 【直播间】23040372 的第 8 个心跳包发送成功
[00:45:12 INF] 【直播间】407149 的第 9 个心跳包发送成功
[00:45:14 INF] 【直播间】23357926 的第 9 个心跳包发送成功
[00:45:15 INF] 【直播间】23040372 的第 9 个心跳包发送成功
[00:46:19 INF] 【直播间】407149 的第 10 个心跳包发送成功
[00:46:20 INF] 【直播间】23357926 的第 10 个心跳包发送成功
[00:46:21 INF] 【直播间】23040372 的第 10 个心跳包发送成功
[00:47:25 INF] 【直播间】407149 的第 11 个心跳包发送成功
[00:47:26 INF] 【直播间】23357926 的第 11 个心跳包发送成功
[00:47:28 INF] 【直播间】23040372 的第 11 个心跳包发送成功
[00:48:31 INF] 【直播间】407149 的第 12 个心跳包发送成功
[00:48:33 INF] 【直播间】23357926 的第 12 个心跳包发送成功
[00:48:34 INF] 【直播间】23040372 的第 12 个心跳包发送成功
[00:49:38 INF] 【直播间】407149 的第 13 个心跳包发送成功
[00:49:39 INF] 【直播间】23357926 的第 13 个心跳包发送成功
[00:49:40 INF] 【直播间】23040372 的第 13 个心跳包发送成功
[00:50:44 INF] 【直播间】407149 的第 14 个心跳包发送成功
[00:50:45 INF] 【直播间】23357926 的第 14 个心跳包发送成功
[00:50:46 INF] 【直播间】23040372 的第 14 个心跳包发送成功
[00:51:50 INF] 【直播间】407149 的第 15 个心跳包发送成功
[00:51:51 INF] 【直播间】23357926 的第 15 个心跳包发送成功
[00:51:53 INF] 【直播间】23040372 的第 15 个心跳包发送成功
[00:52:57 ERR] 【心跳包】直播间 407149 发送失败
[00:52:57 ERR] 【原因】time check failed
[00:52:58 ERR] 【心跳包】直播间 23357926 发送失败
[00:52:58 ERR] 【原因】time check failed
[00:52:59 ERR] 【心跳包】直播间 23040372 发送失败
[00:52:59 ERR] 【原因】time check failed
[00:54:03 INF] 【直播间】407149 的第 16 个心跳包发送成功
[00:54:04 INF] 【直播间】23357926 的第 16 个心跳包发送成功
[00:54:05 INF] 【直播间】23040372 的第 16 个心跳包发送成功
[00:55:09 INF] 【直播间】407149 的第 17 个心跳包发送成功
[00:55:11 INF] 【直播间】23357926 的第 17 个心跳包发送成功
[00:55:12 INF] 【直播间】23040372 的第 17 个心跳包发送成功
[00:56:16 INF] 【直播间】407149 的第 18 个心跳包发送成功
[00:56:17 INF] 【直播间】23357926 的第 18 个心跳包发送成功
[00:56:18 INF] 【直播间】23040372 的第 18 个心跳包发送成功
[00:57:22 INF] 【直播间】407149 的第 19 个心跳包发送成功
[00:57:23 INF] 【直播间】23357926 的第 19 个心跳包发送成功
[00:57:25 INF] 【直播间】23040372 的第 19 个心跳包发送成功
[00:58:29 INF] 【直播间】407149 的第 20 个心跳包发送成功
[00:58:30 INF] 【直播间】23357926 的第 20 个心跳包发送成功
[00:58:31 INF] 【直播间】23040372 的第 20 个心跳包发送成功
[00:59:35 INF] 【直播间】407149 的第 21 个心跳包发送成功
[00:59:36 INF] 【直播间】23357926 的第 21 个心跳包发送成功
[00:59:37 INF] 【直播间】23040372 的第 21 个心跳包发送成功
[01:00:41 INF] 【直播间】407149 的第 22 个心跳包发送成功
[01:00:42 INF] 【直播间】23357926 的第 22 个心跳包发送成功
[01:00:44 INF] 【直播间】23040372 的第 22 个心跳包发送成功
[01:01:47 INF] 【直播间】407149 的第 23 个心跳包发送成功
[01:01:49 INF] 【直播间】23357926 的第 23 个心跳包发送成功
[01:01:50 INF] 【直播间】23040372 的第 23 个心跳包发送成功
[01:02:54 INF] 【直播间】407149 的第 24 个心跳包发送成功
[01:02:55 INF] 【直播间】23357926 的第 24 个心跳包发送成功
[01:02:56 INF] 【直播间】23040372 的第 24 个心跳包发送成功
[01:04:00 INF] 【直播间】407149 的第 25 个心跳包发送成功
[01:04:01 INF] 【直播间】23357926 的第 25 个心跳包发送成功
[01:04:03 INF] 【直播间】23040372 的第 25 个心跳包发送成功
[01:05:07 INF] 【直播间】407149 的第 26 个心跳包发送成功
[01:05:08 INF] 【直播间】23357926 的第 26 个心跳包发送成功
[01:05:09 INF] 【直播间】23040372 的第 26 个心跳包发送成功
[01:06:13 INF] 【直播间】407149 的第 27 个心跳包发送成功
[01:06:14 INF] 【直播间】23357926 的第 27 个心跳包发送成功
[01:06:15 INF] 【直播间】23040372 的第 27 个心跳包发送成功
[01:07:19 INF] 【直播间】407149 的第 28 个心跳包发送成功
[01:07:21 INF] 【直播间】23357926 的第 28 个心跳包发送成功
[01:07:22 INF] 【直播间】23040372 的第 28 个心跳包发送成功
[01:08:26 INF] 【直播间】407149 的第 29 个心跳包发送成功
[01:08:27 INF] 【直播间】23357926 的第 29 个心跳包发送成功
[01:08:28 INF] 【直播间】23040372 的第 29 个心跳包发送成功
[01:09:32 ERR] 【心跳包】直播间 407149 发送失败
[01:09:32 ERR] 【原因】time check failed
[01:09:33 ERR] 【心跳包】直播间 23357926 发送失败
[01:09:33 ERR] 【原因】time check failed
[01:09:34 ERR] 【心跳包】直播间 23040372 发送失败
[01:09:34 ERR] 【原因】time check failed
[01:10:38 INF] 【直播间】407149 的第 30 个心跳包发送成功
[01:10:39 INF] 【直播间】23357926 的第 30 个心跳包发送成功
[01:10:41 INF] 【直播间】23040372 的第 30 个心跳包发送成功
[01:11:44 INF] 【直播间】407149 的第 31 个心跳包发送成功
[01:11:46 INF] 【直播间】23357926 的第 31 个心跳包发送成功
[01:11:47 INF] 【直播间】23040372 的第 31 个心跳包发送成功
[01:12:51 INF] 【直播间】407149 的第 32 个心跳包发送成功
[01:12:52 INF] 【直播间】23357926 的第 32 个心跳包发送成功
[01:12:53 INF] 【直播间】23040372 的第 32 个心跳包发送成功
[01:13:57 INF] 【直播间】407149 的第 33 个心跳包发送成功
[01:13:58 INF] 【直播间】23357926 的第 33 个心跳包发送成功
[01:13:59 INF] 【直播间】23040372 的第 33 个心跳包发送成功
[01:15:03 INF] 【直播间】407149 的第 34 个心跳包发送成功
[01:15:05 INF] 【直播间】23357926 的第 34 个心跳包发送成功
[01:15:06 INF] 【直播间】23040372 的第 34 个心跳包发送成功
[01:16:10 INF] 【直播间】407149 的第 35 个心跳包发送成功
[01:16:11 INF] 【直播间】23357926 的第 35 个心跳包发送成功
[01:16:12 INF] 【直播间】23040372 的第 35 个心跳包发送成功
[01:17:16 INF] 【直播间】407149 的第 36 个心跳包发送成功
[01:17:17 INF] 【直播间】23357926 的第 36 个心跳包发送成功
[01:17:18 INF] 【直播间】23040372 的第 36 个心跳包发送成功
[01:18:22 INF] 【直播间】407149 的第 37 个心跳包发送成功
[01:18:23 INF] 【直播间】23357926 的第 37 个心跳包发送成功
[01:18:25 INF] 【直播间】23040372 的第 37 个心跳包发送成功
[01:19:29 INF] 【直播间】407149 的第 38 个心跳包发送成功
[01:19:30 INF] 【直播间】23357926 的第 38 个心跳包发送成功
[01:19:31 INF] 【直播间】23040372 的第 38 个心跳包发送成功
[01:20:35 INF] 【直播间】407149 的第 39 个心跳包发送成功
[01:20:36 INF] 【直播间】23357926 的第 39 个心跳包发送成功
[01:20:37 INF] 【直播间】23040372 的第 39 个心跳包发送成功
[01:21:41 INF] 【直播间】407149 的第 40 个心跳包发送成功
[01:21:43 INF] 【直播间】23357926 的第 40 个心跳包发送成功
[01:21:44 INF] 【直播间】23040372 的第 40 个心跳包发送成功
[01:22:48 INF] 【直播间】407149 的第 41 个心跳包发送成功
[01:22:49 INF] 【直播间】23357926 的第 41 个心跳包发送成功
[01:22:50 INF] 【直播间】23040372 的第 41 个心跳包发送成功
[01:23:54 INF] 【直播间】407149 的第 42 个心跳包发送成功
[01:23:55 INF] 【直播间】23357926 的第 42 个心跳包发送成功
[01:23:56 INF] 【直播间】23040372 的第 42 个心跳包发送成功
[01:25:00 INF] 【直播间】407149 的第 43 个心跳包发送成功
[01:25:01 INF] 【直播间】23357926 的第 43 个心跳包发送成功
[01:25:03 INF] 【直播间】23040372 的第 43 个心跳包发送成功
[01:26:07 ERR] 【心跳包】直播间 407149 发送失败
[01:26:07 ERR] 【原因】time check failed
[01:26:08 ERR] 【心跳包】直播间 23357926 发送失败
[01:26:08 ERR] 【原因】time check failed
[01:26:09 ERR] 【心跳包】直播间 23040372 发送失败
[01:26:09 ERR] 【原因】time check failed
[01:27:13 INF] 【直播间】407149 的第 44 个心跳包发送成功
[01:27:14 INF] 【直播间】23357926 的第 44 个心跳包发送成功
[01:27:15 INF] 【直播间】23040372 的第 44 个心跳包发送成功
[01:28:19 INF] 【直播间】407149 的第 45 个心跳包发送成功
[01:28:20 INF] 【直播间】23357926 的第 45 个心跳包发送成功
[01:28:21 INF] 【直播间】23040372 的第 45 个心跳包发送成功
[01:29:25 INF] 【直播间】407149 的第 46 个心跳包发送成功
[01:29:27 INF] 【直播间】23357926 的第 46 个心跳包发送成功
[01:29:28 INF] 【直播间】23040372 的第 46 个心跳包发送成功
[01:30:32 INF] 【直播间】407149 的第 47 个心跳包发送成功
[01:30:33 INF] 【直播间】23357926 的第 47 个心跳包发送成功
[01:30:34 INF] 【直播间】23040372 的第 47 个心跳包发送成功
[01:31:38 INF] 【直播间】407149 的第 48 个心跳包发送成功
[01:31:39 INF] 【直播间】23357926 的第 48 个心跳包发送成功
[01:31:40 INF] 【直播间】23040372 的第 48 个心跳包发送成功
[01:32:44 INF] 【直播间】407149 的第 49 个心跳包发送成功
[01:32:45 INF] 【直播间】23357926 的第 49 个心跳包发送成功
[01:32:47 INF] 【直播间】23040372 的第 49 个心跳包发送成功
[01:33:51 INF] 【直播间】407149 的第 50 个心跳包发送成功
[01:33:52 INF] 【直播间】23357926 的第 50 个心跳包发送成功
[01:33:53 INF] 【直播间】23040372 的第 50 个心跳包发送成功
[01:34:57 INF] 【直播间】407149 的第 51 个心跳包发送成功
[01:34:58 INF] 【直播间】23357926 的第 51 个心跳包发送成功
[01:34:59 INF] 【直播间】23040372 的第 51 个心跳包发送成功
[01:36:03 INF] 【直播间】407149 的第 52 个心跳包发送成功
[01:36:04 INF] 【直播间】23357926 的第 52 个心跳包发送成功
[01:36:06 INF] 【直播间】23040372 的第 52 个心跳包发送成功
[01:37:09 INF] 【直播间】407149 的第 53 个心跳包发送成功
[01:37:11 INF] 【直播间】23357926 的第 53 个心跳包发送成功
[01:37:12 INF] 【直播间】23040372 的第 53 个心跳包发送成功
[01:38:16 INF] 【直播间】407149 的第 54 个心跳包发送成功
[01:38:17 INF] 【直播间】23357926 的第 54 个心跳包发送成功
[01:38:18 INF] 【直播间】23040372 的第 54 个心跳包发送成功
[01:39:22 INF] 【直播间】407149 的第 55 个心跳包发送成功
[01:39:23 INF] 【直播间】23357926 的第 55 个心跳包发送成功
[01:39:25 INF] 【直播间】23040372 的第 55 个心跳包发送成功
[01:40:28 INF] 【直播间】407149 的第 56 个心跳包发送成功
[01:40:30 INF] 【直播间】23357926 的第 56 个心跳包发送成功
[01:40:31 INF] 【直播间】23040372 的第 56 个心跳包发送成功
[01:41:35 INF] 【直播间】407149 的第 57 个心跳包发送成功
[01:41:36 INF] 【直播间】23357926 的第 57 个心跳包发送成功
[01:41:37 INF] 【直播间】23040372 的第 57 个心跳包发送成功
[01:42:41 ERR] 【心跳包】直播间 407149 发送失败
[01:42:41 ERR] 【原因】time check failed
[01:42:42 ERR] 【心跳包】直播间 23357926 发送失败
[01:42:42 ERR] 【原因】time check failed
[01:42:43 ERR] 【心跳包】直播间 23040372 发送失败
[01:42:43 ERR] 【原因】time check failed
[01:43:47 INF] 【直播间】407149 的第 58 个心跳包发送成功
[01:43:48 INF] 【直播间】23357926 的第 58 个心跳包发送成功
[01:43:50 INF] 【直播间】23040372 的第 58 个心跳包发送成功
[01:44:54 INF] 【直播间】407149 的第 59 个心跳包发送成功
[01:44:55 INF] 【直播间】23357926 的第 59 个心跳包发送成功
[01:44:56 INF] 【直播间】23040372 的第 59 个心跳包发送成功
[01:46:00 INF] 【直播间】407149 的第 60 个心跳包发送成功
[01:46:01 INF] 【直播间】23357926 的第 60 个心跳包发送成功
[01:46:03 INF] 【直播间】23040372 的第 60 个心跳包发送成功
[01:47:06 INF] 【直播间】407149 的第 61 个心跳包发送成功
[01:47:08 INF] 【直播间】23357926 的第 61 个心跳包发送成功
[01:47:09 INF] 【直播间】23040372 的第 61 个心跳包发送成功
[01:48:13 INF] 【直播间】407149 的第 62 个心跳包发送成功
[01:48:14 INF] 【直播间】23357926 的第 62 个心跳包发送成功
[01:48:15 INF] 【直播间】23040372 的第 62 个心跳包发送成功
[01:49:19 INF] 【直播间】407149 的第 63 个心跳包发送成功
[01:49:20 INF] 【直播间】23357926 的第 63 个心跳包发送成功
[01:49:22 INF] 【直播间】23040372 的第 63 个心跳包发送成功
[01:50:26 INF] 【直播间】407149 的第 64 个心跳包发送成功
[01:50:27 INF] 【直播间】23357926 的第 64 个心跳包发送成功
[01:50:28 INF] 【直播间】23040372 的第 64 个心跳包发送成功
[01:51:32 INF] 【直播间】407149 的第 65 个心跳包发送成功
[01:51:33 INF] 【直播间】23357926 的第 65 个心跳包发送成功
[01:51:34 INF] 【直播间】23040372 的第 65 个心跳包发送成功
[01:52:38 INF] 【直播间】407149 的第 66 个心跳包发送成功
[01:52:40 INF] 【直播间】23357926 的第 66 个心跳包发送成功
[01:52:41 INF] 【直播间】23040372 的第 66 个心跳包发送成功
[01:53:45 INF] 【直播间】407149 的第 67 个心跳包发送成功
[01:53:46 INF] 【直播间】23357926 的第 67 个心跳包发送成功
[01:53:47 INF] 【直播间】23040372 的第 67 个心跳包发送成功
[01:54:51 INF] 【直播间】407149 的第 68 个心跳包发送成功
[01:54:52 INF] 【直播间】23357926 的第 68 个心跳包发送成功
[01:54:53 INF] 【直播间】23040372 的第 68 个心跳包发送成功
[01:55:57 INF] 【直播间】407149 的第 69 个心跳包发送成功
[01:55:59 INF] 【直播间】23357926 的第 69 个心跳包发送成功
[01:56:00 INF] 【直播间】23040372 的第 69 个心跳包发送成功
[01:57:04 INF] 【直播间】407149 的第 70 个心跳包发送成功
[01:57:05 INF] 【直播间】23357926 的第 70 个心跳包发送成功
[01:57:06 INF] 【直播间】23040372 的第 70 个心跳包发送成功
[01:57:06 INF] 【直播观看时长】完成情况：3/3 
[01:57:06 INF] ---------结束---------

[01:57:06 INF] ==========结束==========

[01:57:06 INF] ######### 账号 2 #########

[01:57:06 INF] =====开始 直播间互动 =====

[01:57:06 INF] ---开始 发送弹幕 ---
[01:57:06 INF] 检测到直播 Cookie 未正确配置，尝试自动配置中...
[01:57:13 INF] 直播 Cookie 配置成功！
[01:57:13 INF] 【获取直播列表】获取拥有粉丝牌的直播列表
[01:57:19 INF] 【主播】Mark陌枫 
[01:57:35 INF] 【主播】苏打baka 
[01:57:51 INF] 【主播】特别中二的q3君 
[01:58:08 INF] 【主播】陈抱一 
[01:58:24 INF] 【主播】贪玩的小毅 
[01:58:37 INF] 【主播】KL_qiqi_ 
[01:58:53 INF] 【主播】悠悠球琛总 
[01:59:09 INF] 【主播】记录生活的蛋黄派 
[01:59:26 INF] 【主播】脏小豆 
[01:59:43 INF] 【主播】新石器公园 
[02:00:01 INF] 【主播】FoFTG 
[02:00:16 INF] 【主播】李船长笔记 
[02:00:31 INF] 【直播间】Mark陌枫
[02:00:31 INF] 【粉丝牌】馬楓
[02:00:31 INF] 正在发送弹幕...
[02:00:36 INF] 【直播间】苏打baka
[02:00:36 INF] 【粉丝牌】碳酸钠
[02:00:36 INF] 正在发送弹幕...
[02:00:39 INF] 【直播间】特别中二的q3君
[02:00:39 INF] 【粉丝牌】q3GG
[02:00:39 INF] 正在发送弹幕...
[02:00:42 INF] 【直播间】陈抱一
[02:00:42 INF] 【粉丝牌】陈抱一
[02:00:42 INF] 正在发送弹幕...
[02:00:46 INF] 【弹幕发送】成功~，你和主播 Mark陌枫 的亲密值增加了100！
[02:00:47 INF] 【直播间】贪玩的小毅
[02:00:47 INF] 【粉丝牌】大大毅
[02:00:47 INF] 正在发送弹幕...
[02:00:49 INF] 【弹幕发送】成功~，你和主播 特别中二的q3君 的亲密值增加了100！
[02:00:52 INF] 【弹幕发送】成功~，你和主播 苏打baka 的亲密值增加了100！
[02:00:52 INF] 【直播间】KL_qiqi_
[02:00:52 INF] 【粉丝牌】qiqisb
[02:00:52 INF] 正在发送弹幕...
[02:00:57 INF] 【直播间】悠悠球琛总
[02:00:57 INF] 【粉丝牌】i琛
[02:00:57 INF] 正在发送弹幕...
[02:01:01 INF] 【直播间】记录生活的蛋黄派
[02:01:01 INF] 【粉丝牌】派派派
[02:01:01 INF] 正在发送弹幕...
[02:01:02 INF] 【弹幕发送】成功~，你和主播 陈抱一 的亲密值增加了100！
[02:01:04 INF] 【弹幕发送】成功~，你和主播 贪玩的小毅 的亲密值增加了100！
[02:01:08 INF] 【直播间】脏小豆
[02:01:08 INF] 【粉丝牌】豆豆浆
[02:01:08 INF] 正在发送弹幕...
[02:01:10 INF] 【弹幕发送】成功~，你和主播 KL_qiqi_ 的亲密值增加了100！
[02:01:12 INF] 【直播间】新石器公园
[02:01:12 INF] 【粉丝牌】东园主
[02:01:12 INF] 正在发送弹幕...
[02:01:14 INF] 【弹幕发送】成功~，你和主播 悠悠球琛总 的亲密值增加了100！
[02:01:16 INF] 【弹幕发送】成功~，你和主播 记录生活的蛋黄派 的亲密值增加了100！
[02:01:19 INF] 【直播间】FoFTG
[02:01:19 INF] 【粉丝牌】FOFTG
[02:01:19 INF] 正在发送弹幕...
[02:01:21 INF] 【弹幕发送】成功~，你和主播 脏小豆 的亲密值增加了100！
[02:01:24 INF] 【直播间】李船长笔记
[02:01:24 INF] 【粉丝牌】航海仕
[02:01:24 INF] 正在发送弹幕...
[02:01:29 INF] -------结束-------

[02:01:29 INF] ---开始 点赞直播间 ---
[02:01:29 INF] 【获取直播列表】获取拥有粉丝牌的直播列表
[02:01:31 INF] 【弹幕发送】成功~，你和主播 新石器公园 的亲密值增加了100！
[02:01:33 INF] 【主播】Mark陌枫 
[02:01:39 INF] 【弹幕发送】成功~，你和主播 FoFTG 的亲密值增加了100！
[02:01:43 INF] 【弹幕发送】成功~，你和主播 李船长笔记 的亲密值增加了100！
[02:01:51 INF] 【主播】苏打baka 
[02:02:06 INF] 【主播】特别中二的q3君 
[02:02:23 INF] 【主播】陈抱一 
[02:02:40 INF] 【主播】贪玩的小毅 
[02:02:58 INF] 【主播】KL_qiqi_ 
[02:03:14 INF] 【主播】悠悠球琛总 
[02:03:28 INF] 【主播】记录生活的蛋黄派 
[02:03:45 INF] 【主播】脏小豆 
[02:04:01 INF] 【主播】新石器公园 
[02:04:16 INF] 【主播】FoFTG 
[02:04:33 INF] 【主播】李船长笔记 
[02:04:54 INF] 【点赞直播间】23357926 完成
[02:05:00 INF] 【点赞直播间】23040372 完成
[02:05:06 INF] 【点赞直播间】31494 完成
[02:05:11 INF] 【点赞直播间】4015781 完成
[02:05:16 INF] 【点赞直播间】9619073 完成
[02:05:20 INF] 【点赞直播间】407149 完成
[02:05:27 INF] 【点赞直播间】7184632 完成
[02:05:33 INF] 【点赞直播间】11732699 完成
[02:05:36 INF] 【点赞直播间】929670 完成
[02:05:41 INF] 【点赞直播间】23447660 完成
[02:05:48 INF] 【点赞直播间】91164 完成
[02:05:53 INF] --------结束--------

[02:05:53 INF] ---开始 直播时长挂机 ---
[02:05:53 INF] 【获取直播列表】获取拥有粉丝牌的直播列表
[02:05:53 INF] 【点赞直播间】22764265 完成
[02:05:58 INF] 【主播】Mark陌枫 
[02:06:14 INF] 【主播】苏打baka 
[02:06:32 INF] 【主播】特别中二的q3君 
[02:06:51 INF] 【主播】陈抱一 
[02:07:05 INF] 【主播】贪玩的小毅 
[02:07:24 INF] 【主播】KL_qiqi_ 
[02:07:41 INF] 【主播】悠悠球琛总 
[02:07:56 INF] 【主播】记录生活的蛋黄派 
[02:08:11 INF] 【主播】脏小豆 
[02:08:30 INF] 【主播】新石器公园 
[02:08:44 INF] 【主播】FoFTG 
[02:09:03 INF] 【主播】李船长笔记 
[02:09:23 INF] 【直播间】23357926 的第 1 个心跳包发送成功
[02:09:24 INF] 【直播间】23040372 的第 1 个心跳包发送成功
[02:09:25 INF] 【直播间】31494 的第 1 个心跳包发送成功
[02:09:27 INF] 【直播间】4015781 的第 1 个心跳包发送成功
[02:09:28 INF] 【直播间】9619073 的第 1 个心跳包发送成功
[02:09:29 INF] 【直播间】407149 的第 1 个心跳包发送成功
[02:09:30 INF] 【直播间】7184632 的第 1 个心跳包发送成功
[02:09:31 INF] 【直播间】11732699 的第 1 个心跳包发送成功
[02:09:33 INF] 【直播间】929670 的第 1 个心跳包发送成功
[02:09:34 INF] 【直播间】23447660 的第 1 个心跳包发送成功
[02:09:35 INF] 【直播间】91164 的第 1 个心跳包发送成功
[02:09:36 INF] 【直播间】22764265 的第 1 个心跳包发送成功
[02:10:29 INF] 【直播间】23357926 的第 2 个心跳包发送成功
[02:10:30 INF] 【直播间】23040372 的第 2 个心跳包发送成功
[02:10:32 INF] 【直播间】31494 的第 2 个心跳包发送成功
[02:10:33 INF] 【直播间】4015781 的第 2 个心跳包发送成功
[02:10:34 INF] 【直播间】9619073 的第 2 个心跳包发送成功
[02:10:35 INF] 【直播间】407149 的第 2 个心跳包发送成功
[02:10:36 INF] 【直播间】7184632 的第 2 个心跳包发送成功
[02:10:38 INF] 【直播间】11732699 的第 2 个心跳包发送成功
[02:10:39 INF] 【直播间】929670 的第 2 个心跳包发送成功
[02:10:40 INF] 【直播间】23447660 的第 2 个心跳包发送成功
[02:10:41 INF] 【直播间】91164 的第 2 个心跳包发送成功
[02:10:43 INF] 【直播间】22764265 的第 2 个心跳包发送成功
[02:11:36 INF] 【直播间】23357926 的第 3 个心跳包发送成功
[02:11:37 INF] 【直播间】23040372 的第 3 个心跳包发送成功
[02:11:38 INF] 【直播间】31494 的第 3 个心跳包发送成功
[02:11:39 INF] 【直播间】4015781 的第 3 个心跳包发送成功
[02:11:41 INF] 【直播间】9619073 的第 3 个心跳包发送成功
[02:11:42 INF] 【直播间】407149 的第 3 个心跳包发送成功
[02:11:43 INF] 【直播间】7184632 的第 3 个心跳包发送成功
[02:11:44 INF] 【直播间】11732699 的第 3 个心跳包发送成功
[02:11:46 INF] 【直播间】929670 的第 3 个心跳包发送成功
[02:11:47 INF] 【直播间】23447660 的第 3 个心跳包发送成功
[02:11:48 INF] 【直播间】91164 的第 3 个心跳包发送成功
[02:11:49 INF] 【直播间】22764265 的第 3 个心跳包发送成功
[02:12:42 INF] 【直播间】23357926 的第 4 个心跳包发送成功
[02:12:43 INF] 【直播间】23040372 的第 4 个心跳包发送成功
[02:12:45 INF] 【直播间】31494 的第 4 个心跳包发送成功
[02:12:46 INF] 【直播间】4015781 的第 4 个心跳包发送成功
[02:12:47 INF] 【直播间】9619073 的第 4 个心跳包发送成功
[02:12:48 INF] 【直播间】407149 的第 4 个心跳包发送成功
[02:12:50 INF] 【直播间】7184632 的第 4 个心跳包发送成功
[02:12:51 INF] 【直播间】11732699 的第 4 个心跳包发送成功
[02:12:52 INF] 【直播间】929670 的第 4 个心跳包发送成功
[02:12:53 INF] 【直播间】23447660 的第 4 个心跳包发送成功
[02:12:55 INF] 【直播间】91164 的第 4 个心跳包发送成功
[02:12:56 INF] 【直播间】22764265 的第 4 个心跳包发送成功
[02:13:48 INF] 【直播间】23357926 的第 5 个心跳包发送成功
[02:13:50 INF] 【直播间】23040372 的第 5 个心跳包发送成功
[02:13:51 INF] 【直播间】31494 的第 5 个心跳包发送成功
[02:13:52 INF] 【直播间】4015781 的第 5 个心跳包发送成功
[02:13:53 INF] 【直播间】9619073 的第 5 个心跳包发送成功
[02:13:55 INF] 【直播间】407149 的第 5 个心跳包发送成功
[02:13:56 INF] 【直播间】7184632 的第 5 个心跳包发送成功
[02:13:57 INF] 【直播间】11732699 的第 5 个心跳包发送成功
[02:13:58 INF] 【直播间】929670 的第 5 个心跳包发送成功
[02:14:00 INF] 【直播间】23447660 的第 5 个心跳包发送成功
[02:14:01 INF] 【直播间】91164 的第 5 个心跳包发送成功
[02:14:02 INF] 【直播间】22764265 的第 5 个心跳包发送成功
[02:14:55 INF] 【直播间】23357926 的第 6 个心跳包发送成功
[02:14:56 INF] 【直播间】23040372 的第 6 个心跳包发送成功
[02:14:57 INF] 【直播间】31494 的第 6 个心跳包发送成功
[02:14:58 INF] 【直播间】4015781 的第 6 个心跳包发送成功
[02:14:59 INF] 【直播间】9619073 的第 6 个心跳包发送成功
[02:15:01 INF] 【直播间】407149 的第 6 个心跳包发送成功
[02:15:02 INF] 【直播间】7184632 的第 6 个心跳包发送成功
[02:15:03 INF] 【直播间】11732699 的第 6 个心跳包发送成功
[02:15:05 INF] 【直播间】929670 的第 6 个心跳包发送成功
[02:15:06 INF] 【直播间】23447660 的第 6 个心跳包发送成功
[02:15:07 INF] 【直播间】91164 的第 6 个心跳包发送成功
[02:15:08 INF] 【直播间】22764265 的第 6 个心跳包发送成功
[02:16:01 INF] 【直播间】23357926 的第 7 个心跳包发送成功
[02:16:02 INF] 【直播间】23040372 的第 7 个心跳包发送成功
[02:16:03 INF] 【直播间】31494 的第 7 个心跳包发送成功
[02:16:04 INF] 【直播间】4015781 的第 7 个心跳包发送成功
[02:16:06 INF] 【直播间】9619073 的第 7 个心跳包发送成功
[02:16:07 INF] 【直播间】407149 的第 7 个心跳包发送成功
[02:16:08 INF] 【直播间】7184632 的第 7 个心跳包发送成功
[02:16:10 INF] 【直播间】11732699 的第 7 个心跳包发送成功
[02:16:11 INF] 【直播间】929670 的第 7 个心跳包发送成功
[02:16:12 INF] 【直播间】23447660 的第 7 个心跳包发送成功
[02:16:13 INF] 【直播间】91164 的第 7 个心跳包发送成功
[02:16:14 INF] 【直播间】22764265 的第 7 个心跳包发送成功
[02:17:07 INF] 【直播间】23357926 的第 8 个心跳包发送成功
[02:17:08 INF] 【直播间】23040372 的第 8 个心跳包发送成功
[02:17:10 INF] 【直播间】31494 的第 8 个心跳包发送成功
[02:17:11 INF] 【直播间】4015781 的第 8 个心跳包发送成功
[02:17:12 INF] 【直播间】9619073 的第 8 个心跳包发送成功
[02:17:13 INF] 【直播间】407149 的第 8 个心跳包发送成功
[02:17:15 INF] 【直播间】7184632 的第 8 个心跳包发送成功
[02:17:16 INF] 【直播间】11732699 的第 8 个心跳包发送成功
[02:17:17 INF] 【直播间】929670 的第 8 个心跳包发送成功
[02:17:18 INF] 【直播间】23447660 的第 8 个心跳包发送成功
[02:17:19 INF] 【直播间】91164 的第 8 个心跳包发送成功
[02:17:21 INF] 【直播间】22764265 的第 8 个心跳包发送成功
[02:18:13 INF] 【直播间】23357926 的第 9 个心跳包发送成功
[02:18:15 INF] 【直播间】23040372 的第 9 个心跳包发送成功
[02:18:16 INF] 【直播间】31494 的第 9 个心跳包发送成功
[02:18:17 INF] 【直播间】4015781 的第 9 个心跳包发送成功
[02:18:18 INF] 【直播间】9619073 的第 9 个心跳包发送成功
[02:18:19 INF] 【直播间】407149 的第 9 个心跳包发送成功
[02:18:21 INF] 【直播间】7184632 的第 9 个心跳包发送成功
[02:18:22 INF] 【直播间】11732699 的第 9 个心跳包发送成功
[02:18:23 INF] 【直播间】929670 的第 9 个心跳包发送成功
[02:18:24 INF] 【直播间】23447660 的第 9 个心跳包发送成功
[02:18:26 INF] 【直播间】91164 的第 9 个心跳包发送成功
[02:18:27 INF] 【直播间】22764265 的第 9 个心跳包发送成功
[02:19:20 INF] 【直播间】23357926 的第 10 个心跳包发送成功
[02:19:21 INF] 【直播间】23040372 的第 10 个心跳包发送成功
[02:19:22 INF] 【直播间】31494 的第 10 个心跳包发送成功
[02:19:23 INF] 【直播间】4015781 的第 10 个心跳包发送成功
[02:19:25 INF] 【直播间】9619073 的第 10 个心跳包发送成功
[02:19:26 INF] 【直播间】407149 的第 10 个心跳包发送成功
[02:19:27 INF] 【直播间】7184632 的第 10 个心跳包发送成功
[02:19:28 INF] 【直播间】11732699 的第 10 个心跳包发送成功
[02:19:30 INF] 【直播间】929670 的第 10 个心跳包发送成功
[02:19:31 INF] 【直播间】23447660 的第 10 个心跳包发送成功
[02:19:32 INF] 【直播间】91164 的第 10 个心跳包发送成功
[02:19:33 INF] 【直播间】22764265 的第 10 个心跳包发送成功
[02:20:26 INF] 【直播间】23357926 的第 11 个心跳包发送成功
[02:20:27 INF] 【直播间】23040372 的第 11 个心跳包发送成功
[02:20:28 INF] 【直播间】31494 的第 11 个心跳包发送成功
[02:20:30 INF] 【直播间】4015781 的第 11 个心跳包发送成功
[02:20:31 INF] 【直播间】9619073 的第 11 个心跳包发送成功
[02:20:32 INF] 【直播间】407149 的第 11 个心跳包发送成功
[02:20:34 INF] 【直播间】7184632 的第 11 个心跳包发送成功
[02:20:35 INF] 【直播间】11732699 的第 11 个心跳包发送成功
[02:20:36 INF] 【直播间】929670 的第 11 个心跳包发送成功
[02:20:37 INF] 【直播间】23447660 的第 11 个心跳包发送成功
[02:20:38 INF] 【直播间】91164 的第 11 个心跳包发送成功
[02:20:39 INF] 【直播间】22764265 的第 11 个心跳包发送成功
[02:21:32 INF] 【直播间】23357926 的第 12 个心跳包发送成功
[02:21:33 INF] 【直播间】23040372 的第 12 个心跳包发送成功
[02:21:35 INF] 【直播间】31494 的第 12 个心跳包发送成功
[02:21:36 INF] 【直播间】4015781 的第 12 个心跳包发送成功
[02:21:37 INF] 【直播间】9619073 的第 12 个心跳包发送成功
[02:21:39 INF] 【直播间】407149 的第 12 个心跳包发送成功
[02:21:40 INF] 【直播间】7184632 的第 12 个心跳包发送成功
[02:21:41 INF] 【直播间】11732699 的第 12 个心跳包发送成功
[02:21:42 INF] 【直播间】929670 的第 12 个心跳包发送成功
[02:21:43 INF] 【直播间】23447660 的第 12 个心跳包发送成功
[02:21:45 INF] 【直播间】91164 的第 12 个心跳包发送成功
[02:21:46 INF] 【直播间】22764265 的第 12 个心跳包发送成功
[02:22:39 INF] 【直播间】23357926 的第 13 个心跳包发送成功
[02:22:40 INF] 【直播间】23040372 的第 13 个心跳包发送成功
[02:22:41 INF] 【直播间】31494 的第 13 个心跳包发送成功
[02:22:42 INF] 【直播间】4015781 的第 13 个心跳包发送成功
[02:22:44 INF] 【直播间】9619073 的第 13 个心跳包发送成功
[02:22:45 INF] 【直播间】407149 的第 13 个心跳包发送成功
[02:22:46 INF] 【直播间】7184632 的第 13 个心跳包发送成功
[02:22:47 INF] 【直播间】11732699 的第 13 个心跳包发送成功
[02:22:48 INF] 【直播间】929670 的第 13 个心跳包发送成功
[02:22:50 INF] 【直播间】23447660 的第 13 个心跳包发送成功
[02:22:51 INF] 【直播间】91164 的第 13 个心跳包发送成功
[02:22:52 INF] 【直播间】22764265 的第 13 个心跳包发送成功
[02:23:45 INF] 【直播间】23357926 的第 14 个心跳包发送成功
[02:23:46 INF] 【直播间】23040372 的第 14 个心跳包发送成功
[02:23:47 INF] 【直播间】31494 的第 14 个心跳包发送成功
[02:23:49 INF] 【直播间】4015781 的第 14 个心跳包发送成功
[02:23:50 INF] 【直播间】9619073 的第 14 个心跳包发送成功
[02:23:51 INF] 【直播间】407149 的第 14 个心跳包发送成功
[02:23:52 INF] 【直播间】7184632 的第 14 个心跳包发送成功
[02:23:54 INF] 【直播间】11732699 的第 14 个心跳包发送成功
[02:23:55 INF] 【直播间】929670 的第 14 个心跳包发送成功
[02:23:56 INF] 【直播间】23447660 的第 14 个心跳包发送成功
[02:23:57 INF] 【直播间】91164 的第 14 个心跳包发送成功
[02:23:58 INF] 【直播间】22764265 的第 14 个心跳包发送成功
[02:24:51 INF] 【直播间】23357926 的第 15 个心跳包发送成功
[02:24:52 INF] 【直播间】23040372 的第 15 个心跳包发送成功
[02:24:54 INF] 【直播间】31494 的第 15 个心跳包发送成功
[02:24:55 INF] 【直播间】4015781 的第 15 个心跳包发送成功
[02:24:56 INF] 【直播间】9619073 的第 15 个心跳包发送成功
[02:24:57 INF] 【直播间】407149 的第 15 个心跳包发送成功
[02:24:58 INF] 【直播间】7184632 的第 15 个心跳包发送成功
[02:25:00 INF] 【直播间】11732699 的第 15 个心跳包发送成功
[02:25:01 INF] 【直播间】929670 的第 15 个心跳包发送成功
[02:25:02 INF] 【直播间】23447660 的第 15 个心跳包发送成功
[02:25:04 INF] 【直播间】91164 的第 15 个心跳包发送成功
[02:25:05 INF] 【直播间】22764265 的第 15 个心跳包发送成功
[02:25:57 ERR] 【心跳包】直播间 23357926 发送失败
[02:25:57 ERR] 【原因】time check failed
[02:25:59 ERR] 【心跳包】直播间 23040372 发送失败
[02:25:59 ERR] 【原因】time check failed
[02:26:00 ERR] 【心跳包】直播间 31494 发送失败
[02:26:00 ERR] 【原因】time check failed
[02:26:01 ERR] 【心跳包】直播间 4015781 发送失败
[02:26:01 ERR] 【原因】time check failed
[02:26:02 ERR] 【心跳包】直播间 9619073 发送失败
[02:26:02 ERR] 【原因】time check failed
[02:26:04 ERR] 【心跳包】直播间 407149 发送失败
[02:26:04 ERR] 【原因】time check failed
[02:26:05 ERR] 【心跳包】直播间 7184632 发送失败
[02:26:05 ERR] 【原因】time check failed
[02:26:06 ERR] 【心跳包】直播间 11732699 发送失败
[02:26:06 ERR] 【原因】time check failed
[02:26:07 ERR] 【心跳包】直播间 929670 发送失败
[02:26:07 ERR] 【原因】time check failed
[02:26:08 ERR] 【心跳包】直播间 23447660 发送失败
[02:26:08 ERR] 【原因】time check failed
[02:26:10 ERR] 【心跳包】直播间 91164 发送失败
[02:26:10 ERR] 【原因】time check failed
[02:26:11 ERR] 【心跳包】直播间 22764265 发送失败
[02:26:11 ERR] 【原因】time check failed
[02:27:04 INF] 【直播间】23357926 的第 16 个心跳包发送成功
[02:27:05 INF] 【直播间】23040372 的第 16 个心跳包发送成功
[02:27:06 INF] 【直播间】31494 的第 16 个心跳包发送成功
[02:27:07 INF] 【直播间】4015781 的第 16 个心跳包发送成功
[02:27:09 INF] 【直播间】9619073 的第 16 个心跳包发送成功
[02:27:10 INF] 【直播间】407149 的第 16 个心跳包发送成功
[02:27:11 INF] 【直播间】7184632 的第 16 个心跳包发送成功
[02:27:12 INF] 【直播间】11732699 的第 16 个心跳包发送成功
[02:27:13 INF] 【直播间】929670 的第 16 个心跳包发送成功
[02:27:15 INF] 【直播间】23447660 的第 16 个心跳包发送成功
[02:27:16 INF] 【直播间】91164 的第 16 个心跳包发送成功
[02:27:17 INF] 【直播间】22764265 的第 16 个心跳包发送成功
[02:28:10 INF] 【直播间】23357926 的第 17 个心跳包发送成功
[02:28:11 INF] 【直播间】23040372 的第 17 个心跳包发送成功
[02:28:12 INF] 【直播间】31494 的第 17 个心跳包发送成功
[02:28:14 INF] 【直播间】4015781 的第 17 个心跳包发送成功
[02:28:15 INF] 【直播间】9619073 的第 17 个心跳包发送成功
[02:28:16 INF] 【直播间】407149 的第 17 个心跳包发送成功
[02:28:17 INF] 【直播间】7184632 的第 17 个心跳包发送成功
[02:28:19 INF] 【直播间】11732699 的第 17 个心跳包发送成功
[02:28:20 INF] 【直播间】929670 的第 17 个心跳包发送成功
[02:28:21 INF] 【直播间】23447660 的第 17 个心跳包发送成功
[02:28:22 INF] 【直播间】91164 的第 17 个心跳包发送成功
[02:28:24 INF] 【直播间】22764265 的第 17 个心跳包发送成功
[02:29:16 INF] 【直播间】23357926 的第 18 个心跳包发送成功
[02:29:17 INF] 【直播间】23040372 的第 18 个心跳包发送成功
[02:29:19 INF] 【直播间】31494 的第 18 个心跳包发送成功
[02:29:20 INF] 【直播间】4015781 的第 18 个心跳包发送成功
[02:29:21 INF] 【直播间】9619073 的第 18 个心跳包发送成功
[02:29:22 INF] 【直播间】407149 的第 18 个心跳包发送成功
[02:29:24 INF] 【直播间】7184632 的第 18 个心跳包发送成功
[02:29:25 INF] 【直播间】11732699 的第 18 个心跳包发送成功
[02:29:26 INF] 【直播间】929670 的第 18 个心跳包发送成功
[02:29:27 INF] 【直播间】23447660 的第 18 个心跳包发送成功
[02:29:28 INF] 【直播间】91164 的第 18 个心跳包发送成功
[02:29:30 INF] 【直播间】22764265 的第 18 个心跳包发送成功
[02:30:22 INF] 【直播间】23357926 的第 19 个心跳包发送成功
[02:30:24 INF] 【直播间】23040372 的第 19 个心跳包发送成功
[02:30:25 INF] 【直播间】31494 的第 19 个心跳包发送成功
[02:30:26 INF] 【直播间】4015781 的第 19 个心跳包发送成功
[02:30:28 INF] 【直播间】9619073 的第 19 个心跳包发送成功
[02:30:29 INF] 【直播间】407149 的第 19 个心跳包发送成功
[02:30:30 INF] 【直播间】7184632 的第 19 个心跳包发送成功
[02:30:31 INF] 【直播间】11732699 的第 19 个心跳包发送成功
[02:30:32 INF] 【直播间】929670 的第 19 个心跳包发送成功
[02:30:34 INF] 【直播间】23447660 的第 19 个心跳包发送成功
[02:30:35 INF] 【直播间】91164 的第 19 个心跳包发送成功
[02:30:36 INF] 【直播间】22764265 的第 19 个心跳包发送成功
[02:31:29 INF] 【直播间】23357926 的第 20 个心跳包发送成功
[02:31:30 INF] 【直播间】23040372 的第 20 个心跳包发送成功
[02:31:31 INF] 【直播间】31494 的第 20 个心跳包发送成功
[02:31:33 INF] 【直播间】4015781 的第 20 个心跳包发送成功
[02:31:34 INF] 【直播间】9619073 的第 20 个心跳包发送成功
[02:31:35 INF] 【直播间】407149 的第 20 个心跳包发送成功
[02:31:36 INF] 【直播间】7184632 的第 20 个心跳包发送成功
[02:31:37 INF] 【直播间】11732699 的第 20 个心跳包发送成功
[02:31:39 INF] 【直播间】929670 的第 20 个心跳包发送成功
[02:31:40 INF] 【直播间】23447660 的第 20 个心跳包发送成功
[02:31:41 INF] 【直播间】91164 的第 20 个心跳包发送成功
[02:31:42 INF] 【直播间】22764265 的第 20 个心跳包发送成功
[02:32:35 INF] 【直播间】23357926 的第 21 个心跳包发送成功
[02:32:37 INF] 【直播间】23040372 的第 21 个心跳包发送成功
[02:32:38 INF] 【直播间】31494 的第 21 个心跳包发送成功
[02:32:39 INF] 【直播间】4015781 的第 21 个心跳包发送成功
[02:32:40 INF] 【直播间】9619073 的第 21 个心跳包发送成功
[02:32:41 INF] 【直播间】407149 的第 21 个心跳包发送成功
[02:32:43 INF] 【直播间】7184632 的第 21 个心跳包发送成功
[02:32:44 INF] 【直播间】11732699 的第 21 个心跳包发送成功
[02:32:45 INF] 【直播间】929670 的第 21 个心跳包发送成功
[02:32:46 INF] 【直播间】23447660 的第 21 个心跳包发送成功
[02:32:47 INF] 【直播间】91164 的第 21 个心跳包发送成功
[02:32:49 INF] 【直播间】22764265 的第 21 个心跳包发送成功
[02:33:42 INF] 【直播间】23357926 的第 22 个心跳包发送成功
[02:33:43 INF] 【直播间】23040372 的第 22 个心跳包发送成功
[02:33:44 INF] 【直播间】31494 的第 22 个心跳包发送成功
[02:33:46 INF] 【直播间】4015781 的第 22 个心跳包发送成功
[02:33:47 INF] 【直播间】9619073 的第 22 个心跳包发送成功
[02:33:48 INF] 【直播间】407149 的第 22 个心跳包发送成功
[02:33:49 INF] 【直播间】7184632 的第 22 个心跳包发送成功
[02:33:50 INF] 【直播间】11732699 的第 22 个心跳包发送成功
[02:33:52 INF] 【直播间】929670 的第 22 个心跳包发送成功
[02:33:53 INF] 【直播间】23447660 的第 22 个心跳包发送成功
[02:33:54 INF] 【直播间】91164 的第 22 个心跳包发送成功
[02:33:55 INF] 【直播间】22764265 的第 22 个心跳包发送成功
[02:34:48 INF] 【直播间】23357926 的第 23 个心跳包发送成功
[02:34:49 INF] 【直播间】23040372 的第 23 个心跳包发送成功
[02:34:51 INF] 【直播间】31494 的第 23 个心跳包发送成功
[02:34:52 INF] 【直播间】4015781 的第 23 个心跳包发送成功
[02:34:53 INF] 【直播间】9619073 的第 23 个心跳包发送成功
[02:34:54 INF] 【直播间】407149 的第 23 个心跳包发送成功
[02:34:56 INF] 【直播间】7184632 的第 23 个心跳包发送成功
[02:34:57 INF] 【直播间】11732699 的第 23 个心跳包发送成功
[02:34:58 INF] 【直播间】929670 的第 23 个心跳包发送成功
[02:34:59 INF] 【直播间】23447660 的第 23 个心跳包发送成功
[02:35:01 INF] 【直播间】91164 的第 23 个心跳包发送成功
[02:35:02 INF] 【直播间】22764265 的第 23 个心跳包发送成功
[02:35:55 INF] 【直播间】23357926 的第 24 个心跳包发送成功
[02:35:56 INF] 【直播间】23040372 的第 24 个心跳包发送成功
[02:35:57 INF] 【直播间】31494 的第 24 个心跳包发送成功
[02:35:58 INF] 【直播间】4015781 的第 24 个心跳包发送成功
[02:36:00 INF] 【直播间】9619073 的第 24 个心跳包发送成功
[02:36:01 INF] 【直播间】407149 的第 24 个心跳包发送成功
[02:36:02 INF] 【直播间】7184632 的第 24 个心跳包发送成功
[02:36:03 INF] 【直播间】11732699 的第 24 个心跳包发送成功
[02:36:05 INF] 【直播间】929670 的第 24 个心跳包发送成功
[02:36:06 INF] 【直播间】23447660 的第 24 个心跳包发送成功
[02:36:07 INF] 【直播间】91164 的第 24 个心跳包发送成功
[02:36:08 INF] 【直播间】22764265 的第 24 个心跳包发送成功
[02:37:01 INF] 【直播间】23357926 的第 25 个心跳包发送成功
[02:37:02 INF] 【直播间】23040372 的第 25 个心跳包发送成功
[02:37:03 INF] 【直播间】31494 的第 25 个心跳包发送成功
[02:37:05 INF] 【直播间】4015781 的第 25 个心跳包发送成功
[02:37:06 INF] 【直播间】9619073 的第 25 个心跳包发送成功
[02:37:07 INF] 【直播间】407149 的第 25 个心跳包发送成功
[02:37:08 INF] 【直播间】7184632 的第 25 个心跳包发送成功
[02:37:09 INF] 【直播间】11732699 的第 25 个心跳包发送成功
[02:37:11 INF] 【直播间】929670 的第 25 个心跳包发送成功
[02:37:12 INF] 【直播间】23447660 的第 25 个心跳包发送成功
[02:37:13 INF] 【直播间】91164 的第 25 个心跳包发送成功
[02:37:15 INF] 【直播间】22764265 的第 25 个心跳包发送成功
[02:38:07 INF] 【直播间】23357926 的第 26 个心跳包发送成功
[02:38:09 INF] 【直播间】23040372 的第 26 个心跳包发送成功
[02:38:10 INF] 【直播间】31494 的第 26 个心跳包发送成功
[02:38:11 INF] 【直播间】4015781 的第 26 个心跳包发送成功
[02:38:12 INF] 【直播间】9619073 的第 26 个心跳包发送成功
[02:38:13 INF] 【直播间】407149 的第 26 个心跳包发送成功
[02:38:15 INF] 【直播间】7184632 的第 26 个心跳包发送成功
[02:38:16 INF] 【直播间】11732699 的第 26 个心跳包发送成功
[02:38:17 INF] 【直播间】929670 的第 26 个心跳包发送成功
[02:38:18 INF] 【直播间】23447660 的第 26 个心跳包发送成功
[02:38:20 INF] 【直播间】91164 的第 26 个心跳包发送成功
[02:38:21 INF] 【直播间】22764265 的第 26 个心跳包发送成功
[02:39:14 INF] 【直播间】23357926 的第 27 个心跳包发送成功
[02:39:15 INF] 【直播间】23040372 的第 27 个心跳包发送成功
[02:39:16 INF] 【直播间】31494 的第 27 个心跳包发送成功
[02:39:17 INF] 【直播间】4015781 的第 27 个心跳包发送成功
[02:39:19 INF] 【直播间】9619073 的第 27 个心跳包发送成功
[02:39:20 INF] 【直播间】407149 的第 27 个心跳包发送成功
[02:39:21 INF] 【直播间】7184632 的第 27 个心跳包发送成功
[02:39:22 INF] 【直播间】11732699 的第 27 个心跳包发送成功
[02:39:23 INF] 【直播间】929670 的第 27 个心跳包发送成功
[02:39:25 INF] 【直播间】23447660 的第 27 个心跳包发送成功
[02:39:26 INF] 【直播间】91164 的第 27 个心跳包发送成功
[02:39:27 INF] 【直播间】22764265 的第 27 个心跳包发送成功
[02:40:20 INF] 【直播间】23357926 的第 28 个心跳包发送成功
[02:40:21 INF] 【直播间】23040372 的第 28 个心跳包发送成功
[02:40:22 INF] 【直播间】31494 的第 28 个心跳包发送成功
[02:40:24 INF] 【直播间】4015781 的第 28 个心跳包发送成功
[02:40:25 INF] 【直播间】9619073 的第 28 个心跳包发送成功
[02:40:26 INF] 【直播间】407149 的第 28 个心跳包发送成功
[02:40:27 INF] 【直播间】7184632 的第 28 个心跳包发送成功
[02:40:28 INF] 【直播间】11732699 的第 28 个心跳包发送成功
[02:40:30 INF] 【直播间】929670 的第 28 个心跳包发送成功
[02:40:31 INF] 【直播间】23447660 的第 28 个心跳包发送成功
[02:40:32 INF] 【直播间】91164 的第 28 个心跳包发送成功
[02:40:33 INF] 【直播间】22764265 的第 28 个心跳包发送成功
[02:41:26 INF] 【直播间】23357926 的第 29 个心跳包发送成功
[02:41:27 INF] 【直播间】23040372 的第 29 个心跳包发送成功
[02:41:29 INF] 【直播间】31494 的第 29 个心跳包发送成功
[02:41:30 INF] 【直播间】4015781 的第 29 个心跳包发送成功
[02:41:31 INF] 【直播间】9619073 的第 29 个心跳包发送成功
[02:41:32 INF] 【直播间】407149 的第 29 个心跳包发送成功
[02:41:34 INF] 【直播间】7184632 的第 29 个心跳包发送成功
[02:41:35 INF] 【直播间】11732699 的第 29 个心跳包发送成功
[02:41:36 INF] 【直播间】929670 的第 29 个心跳包发送成功
[02:41:37 INF] 【直播间】23447660 的第 29 个心跳包发送成功
[02:41:38 INF] 【直播间】91164 的第 29 个心跳包发送成功
[02:41:40 INF] 【直播间】22764265 的第 29 个心跳包发送成功
[02:42:32 ERR] 【心跳包】直播间 23357926 发送失败
[02:42:32 ERR] 【原因】time check failed
[02:42:34 ERR] 【心跳包】直播间 23040372 发送失败
[02:42:34 ERR] 【原因】time check failed
[02:42:35 ERR] 【心跳包】直播间 31494 发送失败
[02:42:35 ERR] 【原因】time check failed
[02:42:36 ERR] 【心跳包】直播间 4015781 发送失败
[02:42:36 ERR] 【原因】time check failed
[02:42:37 ERR] 【心跳包】直播间 9619073 发送失败
[02:42:37 ERR] 【原因】time check failed
[02:42:38 ERR] 【心跳包】直播间 407149 发送失败
[02:42:38 ERR] 【原因】time check failed
[02:42:40 ERR] 【心跳包】直播间 7184632 发送失败
[02:42:40 ERR] 【原因】time check failed
[02:42:41 ERR] 【心跳包】直播间 11732699 发送失败
[02:42:41 ERR] 【原因】time check failed
[02:42:42 ERR] 【心跳包】直播间 929670 发送失败
[02:42:42 ERR] 【原因】time check failed
[02:42:43 ERR] 【心跳包】直播间 23447660 发送失败
[02:42:43 ERR] 【原因】time check failed
[02:42:45 ERR] 【心跳包】直播间 91164 发送失败
[02:42:45 ERR] 【原因】time check failed
[02:42:46 ERR] 【心跳包】直播间 22764265 发送失败
[02:42:46 ERR] 【原因】time check failed
[02:43:39 INF] 【直播间】23357926 的第 30 个心跳包发送成功
[02:43:40 INF] 【直播间】23040372 的第 30 个心跳包发送成功
[02:43:41 INF] 【直播间】31494 的第 30 个心跳包发送成功
[02:43:42 INF] 【直播间】4015781 的第 30 个心跳包发送成功
[02:43:44 INF] 【直播间】9619073 的第 30 个心跳包发送成功
[02:43:45 INF] 【直播间】407149 的第 30 个心跳包发送成功
[02:43:46 INF] 【直播间】7184632 的第 30 个心跳包发送成功
[02:43:47 INF] 【直播间】11732699 的第 30 个心跳包发送成功
[02:43:49 INF] 【直播间】929670 的第 30 个心跳包发送成功
[02:43:50 INF] 【直播间】23447660 的第 30 个心跳包发送成功
[02:43:51 INF] 【直播间】91164 的第 30 个心跳包发送成功
[02:43:52 INF] 【直播间】22764265 的第 30 个心跳包发送成功
[02:44:45 INF] 【直播间】23357926 的第 31 个心跳包发送成功
[02:44:46 INF] 【直播间】23040372 的第 31 个心跳包发送成功
[02:44:48 INF] 【直播间】31494 的第 31 个心跳包发送成功
[02:44:49 INF] 【直播间】4015781 的第 31 个心跳包发送成功
[02:44:50 INF] 【直播间】9619073 的第 31 个心跳包发送成功
[02:44:51 INF] 【直播间】407149 的第 31 个心跳包发送成功
[02:44:53 INF] 【直播间】7184632 的第 31 个心跳包发送成功
[02:44:54 INF] 【直播间】11732699 的第 31 个心跳包发送成功
[02:44:55 INF] 【直播间】929670 的第 31 个心跳包发送成功
[02:44:56 INF] 【直播间】23447660 的第 31 个心跳包发送成功
[02:44:57 INF] 【直播间】91164 的第 31 个心跳包发送成功
[02:44:59 INF] 【直播间】22764265 的第 31 个心跳包发送成功
[02:45:51 INF] 【直播间】23357926 的第 32 个心跳包发送成功
[02:45:53 INF] 【直播间】23040372 的第 32 个心跳包发送成功
[02:45:54 INF] 【直播间】31494 的第 32 个心跳包发送成功
[02:45:55 INF] 【直播间】4015781 的第 32 个心跳包发送成功
[02:45:56 INF] 【直播间】9619073 的第 32 个心跳包发送成功
[02:45:58 INF] 【直播间】407149 的第 32 个心跳包发送成功
[02:45:59 INF] 【直播间】7184632 的第 32 个心跳包发送成功
[02:46:00 INF] 【直播间】11732699 的第 32 个心跳包发送成功
[02:46:01 INF] 【直播间】929670 的第 32 个心跳包发送成功
[02:46:03 INF] 【直播间】23447660 的第 32 个心跳包发送成功
[02:46:04 INF] 【直播间】91164 的第 32 个心跳包发送成功
[02:46:05 INF] 【直播间】22764265 的第 32 个心跳包发送成功
[02:46:58 INF] 【直播间】23357926 的第 33 个心跳包发送成功
[02:46:59 INF] 【直播间】23040372 的第 33 个心跳包发送成功
[02:47:00 INF] 【直播间】31494 的第 33 个心跳包发送成功
[02:47:02 INF] 【直播间】4015781 的第 33 个心跳包发送成功
[02:47:03 INF] 【直播间】9619073 的第 33 个心跳包发送成功
[02:47:04 INF] 【直播间】407149 的第 33 个心跳包发送成功
[02:47:05 INF] 【直播间】7184632 的第 33 个心跳包发送成功
[02:47:07 INF] 【直播间】11732699 的第 33 个心跳包发送成功
[02:47:08 INF] 【直播间】929670 的第 33 个心跳包发送成功
[02:47:09 INF] 【直播间】23447660 的第 33 个心跳包发送成功
[02:47:10 INF] 【直播间】91164 的第 33 个心跳包发送成功
[02:47:12 INF] 【直播间】22764265 的第 33 个心跳包发送成功
[02:48:04 INF] 【直播间】23357926 的第 34 个心跳包发送成功
[02:48:05 INF] 【直播间】23040372 的第 34 个心跳包发送成功
[02:48:07 INF] 【直播间】31494 的第 34 个心跳包发送成功
[02:48:08 INF] 【直播间】4015781 的第 34 个心跳包发送成功
[02:48:09 INF] 【直播间】9619073 的第 34 个心跳包发送成功
[02:48:10 INF] 【直播间】407149 的第 34 个心跳包发送成功
[02:48:12 INF] 【直播间】7184632 的第 34 个心跳包发送成功
[02:48:13 INF] 【直播间】11732699 的第 34 个心跳包发送成功
[02:48:14 INF] 【直播间】929670 的第 34 个心跳包发送成功
[02:48:15 INF] 【直播间】23447660 的第 34 个心跳包发送成功
[02:48:17 INF] 【直播间】91164 的第 34 个心跳包发送成功
[02:48:18 INF] 【直播间】22764265 的第 34 个心跳包发送成功
[02:49:11 INF] 【直播间】23357926 的第 35 个心跳包发送成功
[02:49:12 INF] 【直播间】23040372 的第 35 个心跳包发送成功
[02:49:13 INF] 【直播间】31494 的第 35 个心跳包发送成功
[02:49:14 INF] 【直播间】4015781 的第 35 个心跳包发送成功
[02:49:16 INF] 【直播间】9619073 的第 35 个心跳包发送成功
[02:49:17 INF] 【直播间】407149 的第 35 个心跳包发送成功
[02:49:18 INF] 【直播间】7184632 的第 35 个心跳包发送成功
[02:49:19 INF] 【直播间】11732699 的第 35 个心跳包发送成功
[02:49:21 INF] 【直播间】929670 的第 35 个心跳包发送成功
[02:49:22 INF] 【直播间】23447660 的第 35 个心跳包发送成功
[02:49:23 INF] 【直播间】91164 的第 35 个心跳包发送成功
[02:49:24 INF] 【直播间】22764265 的第 35 个心跳包发送成功
[02:50:17 INF] 【直播间】23357926 的第 36 个心跳包发送成功
[02:50:18 INF] 【直播间】23040372 的第 36 个心跳包发送成功
[02:50:20 INF] 【直播间】31494 的第 36 个心跳包发送成功
[02:50:21 INF] 【直播间】4015781 的第 36 个心跳包发送成功
[02:50:22 INF] 【直播间】9619073 的第 36 个心跳包发送成功
[02:50:23 INF] 【直播间】407149 的第 36 个心跳包发送成功
[02:50:25 INF] 【直播间】7184632 的第 36 个心跳包发送成功
[02:50:26 INF] 【直播间】11732699 的第 36 个心跳包发送成功
[02:50:27 INF] 【直播间】929670 的第 36 个心跳包发送成功
[02:50:28 INF] 【直播间】23447660 的第 36 个心跳包发送成功
[02:50:30 INF] 【直播间】91164 的第 36 个心跳包发送成功
[02:50:31 INF] 【直播间】22764265 的第 36 个心跳包发送成功
[02:51:23 INF] 【直播间】23357926 的第 37 个心跳包发送成功
[02:51:25 INF] 【直播间】23040372 的第 37 个心跳包发送成功
[02:51:26 INF] 【直播间】31494 的第 37 个心跳包发送成功
[02:51:27 INF] 【直播间】4015781 的第 37 个心跳包发送成功
[02:51:28 INF] 【直播间】9619073 的第 37 个心跳包发送成功
[02:51:30 INF] 【直播间】407149 的第 37 个心跳包发送成功
[02:51:31 INF] 【直播间】7184632 的第 37 个心跳包发送成功
[02:51:32 INF] 【直播间】11732699 的第 37 个心跳包发送成功
[02:51:33 INF] 【直播间】929670 的第 37 个心跳包发送成功
[02:51:35 INF] 【直播间】23447660 的第 37 个心跳包发送成功
[02:51:36 INF] 【直播间】91164 的第 37 个心跳包发送成功
[02:51:37 INF] 【直播间】22764265 的第 37 个心跳包发送成功
[02:52:30 INF] 【直播间】23357926 的第 38 个心跳包发送成功
[02:52:31 INF] 【直播间】23040372 的第 38 个心跳包发送成功
[02:52:32 INF] 【直播间】31494 的第 38 个心跳包发送成功
[02:52:33 INF] 【直播间】4015781 的第 38 个心跳包发送成功
[02:52:34 INF] 【直播间】9619073 的第 38 个心跳包发送成功
[02:52:36 INF] 【直播间】407149 的第 38 个心跳包发送成功
[02:52:37 INF] 【直播间】7184632 的第 38 个心跳包发送成功
[02:52:38 INF] 【直播间】11732699 的第 38 个心跳包发送成功
[02:52:39 INF] 【直播间】929670 的第 38 个心跳包发送成功
[02:52:41 INF] 【直播间】23447660 的第 38 个心跳包发送成功
[02:52:42 INF] 【直播间】91164 的第 38 个心跳包发送成功
[02:52:43 INF] 【直播间】22764265 的第 38 个心跳包发送成功
[02:53:36 INF] 【直播间】23357926 的第 39 个心跳包发送成功
[02:53:37 INF] 【直播间】23040372 的第 39 个心跳包发送成功
[02:53:38 INF] 【直播间】31494 的第 39 个心跳包发送成功
[02:53:40 INF] 【直播间】4015781 的第 39 个心跳包发送成功
[02:53:41 INF] 【直播间】9619073 的第 39 个心跳包发送成功
[02:53:42 INF] 【直播间】407149 的第 39 个心跳包发送成功
[02:53:43 INF] 【直播间】7184632 的第 39 个心跳包发送成功
[02:53:44 INF] 【直播间】11732699 的第 39 个心跳包发送成功
[02:53:46 INF] 【直播间】929670 的第 39 个心跳包发送成功
[02:53:47 INF] 【直播间】23447660 的第 39 个心跳包发送成功
[02:53:48 INF] 【直播间】91164 的第 39 个心跳包发送成功
[02:53:50 INF] 【直播间】22764265 的第 39 个心跳包发送成功
[02:54:42 INF] 【直播间】23357926 的第 40 个心跳包发送成功
[02:54:44 INF] 【直播间】23040372 的第 40 个心跳包发送成功
[02:54:45 INF] 【直播间】31494 的第 40 个心跳包发送成功
[02:54:46 INF] 【直播间】4015781 的第 40 个心跳包发送成功
[02:54:47 INF] 【直播间】9619073 的第 40 个心跳包发送成功
[02:54:49 INF] 【直播间】407149 的第 40 个心跳包发送成功
[02:54:50 INF] 【直播间】7184632 的第 40 个心跳包发送成功
[02:54:51 INF] 【直播间】11732699 的第 40 个心跳包发送成功
[02:54:52 INF] 【直播间】929670 的第 40 个心跳包发送成功
[02:54:53 INF] 【直播间】23447660 的第 40 个心跳包发送成功
[02:54:55 INF] 【直播间】91164 的第 40 个心跳包发送成功
[02:54:56 INF] 【直播间】22764265 的第 40 个心跳包发送成功
[02:55:49 INF] 【直播间】23357926 的第 41 个心跳包发送成功
[02:55:50 INF] 【直播间】23040372 的第 41 个心跳包发送成功
[02:55:51 INF] 【直播间】31494 的第 41 个心跳包发送成功
[02:55:52 INF] 【直播间】4015781 的第 41 个心跳包发送成功
[02:55:54 INF] 【直播间】9619073 的第 41 个心跳包发送成功
[02:55:55 INF] 【直播间】407149 的第 41 个心跳包发送成功
[02:55:56 INF] 【直播间】7184632 的第 41 个心跳包发送成功
[02:55:57 INF] 【直播间】11732699 的第 41 个心跳包发送成功
[02:55:58 INF] 【直播间】929670 的第 41 个心跳包发送成功
[02:56:00 INF] 【直播间】23447660 的第 41 个心跳包发送成功
[02:56:01 INF] 【直播间】91164 的第 41 个心跳包发送成功
[02:56:02 INF] 【直播间】22764265 的第 41 个心跳包发送成功
[02:56:55 INF] 【直播间】23357926 的第 42 个心跳包发送成功
[02:56:56 INF] 【直播间】23040372 的第 42 个心跳包发送成功
[02:56:57 INF] 【直播间】31494 的第 42 个心跳包发送成功
[02:56:59 INF] 【直播间】4015781 的第 42 个心跳包发送成功
[02:57:00 INF] 【直播间】9619073 的第 42 个心跳包发送成功
[02:57:01 INF] 【直播间】407149 的第 42 个心跳包发送成功
[02:57:02 INF] 【直播间】7184632 的第 42 个心跳包发送成功
[02:57:03 INF] 【直播间】11732699 的第 42 个心跳包发送成功
[02:57:05 INF] 【直播间】929670 的第 42 个心跳包发送成功
[02:57:06 INF] 【直播间】23447660 的第 42 个心跳包发送成功
[02:57:07 INF] 【直播间】91164 的第 42 个心跳包发送成功
[02:57:08 INF] 【直播间】22764265 的第 42 个心跳包发送成功
[02:58:01 INF] 【直播间】23357926 的第 43 个心跳包发送成功
[02:58:03 INF] 【直播间】23040372 的第 43 个心跳包发送成功
[02:58:04 INF] 【直播间】31494 的第 43 个心跳包发送成功
[02:58:05 INF] 【直播间】4015781 的第 43 个心跳包发送成功
[02:58:06 INF] 【直播间】9619073 的第 43 个心跳包发送成功
[02:58:08 INF] 【直播间】407149 的第 43 个心跳包发送成功
[02:58:09 INF] 【直播间】7184632 的第 43 个心跳包发送成功
[02:58:10 INF] 【直播间】11732699 的第 43 个心跳包发送成功
[02:58:11 INF] 【直播间】929670 的第 43 个心跳包发送成功
[02:58:13 INF] 【直播间】23447660 的第 43 个心跳包发送成功
[02:58:14 INF] 【直播间】91164 的第 43 个心跳包发送成功
[02:58:15 INF] 【直播间】22764265 的第 43 个心跳包发送成功
[02:59:08 ERR] 【心跳包】直播间 23357926 发送失败
[02:59:08 ERR] 【原因】time check failed
[02:59:09 ERR] 【心跳包】直播间 23040372 发送失败
[02:59:09 ERR] 【原因】time check failed
[02:59:10 ERR] 【心跳包】直播间 31494 发送失败
[02:59:10 ERR] 【原因】time check failed
[02:59:11 ERR] 【心跳包】直播间 4015781 发送失败
[02:59:11 ERR] 【原因】time check failed
[02:59:13 ERR] 【心跳包】直播间 9619073 发送失败
[02:59:13 ERR] 【原因】time check failed
[02:59:14 ERR] 【心跳包】直播间 407149 发送失败
[02:59:14 ERR] 【原因】time check failed
[02:59:15 ERR] 【心跳包】直播间 7184632 发送失败
[02:59:15 ERR] 【原因】time check failed
[02:59:16 ERR] 【心跳包】直播间 11732699 发送失败
[02:59:16 ERR] 【原因】time check failed
[02:59:18 ERR] 【心跳包】直播间 929670 发送失败
[02:59:18 ERR] 【原因】time check failed
[02:59:19 ERR] 【心跳包】直播间 23447660 发送失败
[02:59:19 ERR] 【原因】time check failed
[02:59:20 ERR] 【心跳包】直播间 91164 发送失败
[02:59:20 ERR] 【原因】time check failed
[02:59:21 ERR] 【心跳包】直播间 22764265 发送失败
[02:59:21 ERR] 【原因】time check failed
[03:00:14 INF] 【直播间】23357926 的第 44 个心跳包发送成功
[03:00:15 INF] 【直播间】23040372 的第 44 个心跳包发送成功
[03:00:16 INF] 【直播间】31494 的第 44 个心跳包发送成功
[03:00:18 INF] 【直播间】4015781 的第 44 个心跳包发送成功
[03:00:19 INF] 【直播间】9619073 的第 44 个心跳包发送成功
[03:00:20 INF] 【直播间】407149 的第 44 个心跳包发送成功
[03:00:22 INF] 【直播间】7184632 的第 44 个心跳包发送成功
[03:00:23 INF] 【直播间】11732699 的第 44 个心跳包发送成功
[03:00:24 INF] 【直播间】929670 的第 44 个心跳包发送成功
[03:00:25 INF] 【直播间】23447660 的第 44 个心跳包发送成功
[03:00:26 INF] 【直播间】91164 的第 44 个心跳包发送成功
[03:00:28 INF] 【直播间】22764265 的第 44 个心跳包发送成功
[03:01:20 INF] 【直播间】23357926 的第 45 个心跳包发送成功
[03:01:22 INF] 【直播间】23040372 的第 45 个心跳包发送成功
[03:01:23 INF] 【直播间】31494 的第 45 个心跳包发送成功
[03:01:24 INF] 【直播间】4015781 的第 45 个心跳包发送成功
[03:01:25 INF] 【直播间】9619073 的第 45 个心跳包发送成功
[03:01:26 INF] 【直播间】407149 的第 45 个心跳包发送成功
[03:01:28 INF] 【直播间】7184632 的第 45 个心跳包发送成功
[03:01:29 INF] 【直播间】11732699 的第 45 个心跳包发送成功
[03:01:30 INF] 【直播间】929670 的第 45 个心跳包发送成功
[03:01:31 INF] 【直播间】23447660 的第 45 个心跳包发送成功
[03:01:33 INF] 【直播间】91164 的第 45 个心跳包发送成功
[03:01:34 INF] 【直播间】22764265 的第 45 个心跳包发送成功
[03:02:27 INF] 【直播间】23357926 的第 46 个心跳包发送成功
[03:02:28 INF] 【直播间】23040372 的第 46 个心跳包发送成功
[03:02:29 INF] 【直播间】31494 的第 46 个心跳包发送成功
[03:02:31 INF] 【直播间】4015781 的第 46 个心跳包发送成功
[03:02:32 INF] 【直播间】9619073 的第 46 个心跳包发送成功
[03:02:33 INF] 【直播间】407149 的第 46 个心跳包发送成功
[03:02:34 INF] 【直播间】7184632 的第 46 个心跳包发送成功
[03:02:36 INF] 【直播间】11732699 的第 46 个心跳包发送成功
[03:02:37 INF] 【直播间】929670 的第 46 个心跳包发送成功
[03:02:38 INF] 【直播间】23447660 的第 46 个心跳包发送成功
[03:02:39 INF] 【直播间】91164 的第 46 个心跳包发送成功
[03:02:41 INF] 【直播间】22764265 的第 46 个心跳包发送成功
[03:03:33 INF] 【直播间】23357926 的第 47 个心跳包发送成功
[03:03:34 INF] 【直播间】23040372 的第 47 个心跳包发送成功
[03:03:36 INF] 【直播间】31494 的第 47 个心跳包发送成功
[03:03:37 INF] 【直播间】4015781 的第 47 个心跳包发送成功
[03:03:38 INF] 【直播间】9619073 的第 47 个心跳包发送成功
[03:03:39 INF] 【直播间】407149 的第 47 个心跳包发送成功
[03:03:41 INF] 【直播间】7184632 的第 47 个心跳包发送成功
[03:03:42 INF] 【直播间】11732699 的第 47 个心跳包发送成功
[03:03:43 INF] 【直播间】929670 的第 47 个心跳包发送成功
[03:03:44 INF] 【直播间】23447660 的第 47 个心跳包发送成功
[03:03:46 INF] 【直播间】91164 的第 47 个心跳包发送成功
[03:03:47 INF] 【直播间】22764265 的第 47 个心跳包发送成功
[03:04:39 INF] 【直播间】23357926 的第 48 个心跳包发送成功
[03:04:41 INF] 【直播间】23040372 的第 48 个心跳包发送成功
[03:04:42 INF] 【直播间】31494 的第 48 个心跳包发送成功
[03:04:43 INF] 【直播间】4015781 的第 48 个心跳包发送成功
[03:04:45 INF] 【直播间】9619073 的第 48 个心跳包发送成功
[03:04:46 INF] 【直播间】407149 的第 48 个心跳包发送成功
[03:04:47 INF] 【直播间】7184632 的第 48 个心跳包发送成功
[03:04:48 INF] 【直播间】11732699 的第 48 个心跳包发送成功
[03:04:49 INF] 【直播间】929670 的第 48 个心跳包发送成功
[03:04:51 INF] 【直播间】23447660 的第 48 个心跳包发送成功
[03:04:52 INF] 【直播间】91164 的第 48 个心跳包发送成功
[03:04:53 INF] 【直播间】22764265 的第 48 个心跳包发送成功
[03:05:46 INF] 【直播间】23357926 的第 49 个心跳包发送成功
[03:05:47 INF] 【直播间】23040372 的第 49 个心跳包发送成功
[03:05:48 INF] 【直播间】31494 的第 49 个心跳包发送成功
[03:05:50 INF] 【直播间】4015781 的第 49 个心跳包发送成功
[03:05:51 INF] 【直播间】9619073 的第 49 个心跳包发送成功
[03:05:52 INF] 【直播间】407149 的第 49 个心跳包发送成功
[03:05:53 INF] 【直播间】7184632 的第 49 个心跳包发送成功
[03:05:54 INF] 【直播间】11732699 的第 49 个心跳包发送成功
[03:05:56 INF] 【直播间】929670 的第 49 个心跳包发送成功
[03:05:57 INF] 【直播间】23447660 的第 49 个心跳包发送成功
[03:05:58 INF] 【直播间】91164 的第 49 个心跳包发送成功
[03:05:59 INF] 【直播间】22764265 的第 49 个心跳包发送成功
[03:06:52 INF] 【直播间】23357926 的第 50 个心跳包发送成功
[03:06:53 INF] 【直播间】23040372 的第 50 个心跳包发送成功
[03:06:54 INF] 【直播间】31494 的第 50 个心跳包发送成功
[03:06:56 INF] 【直播间】4015781 的第 50 个心跳包发送成功
[03:06:57 INF] 【直播间】9619073 的第 50 个心跳包发送成功
[03:06:58 INF] 【直播间】407149 的第 50 个心跳包发送成功
[03:06:59 INF] 【直播间】7184632 的第 50 个心跳包发送成功
[03:07:01 INF] 【直播间】11732699 的第 50 个心跳包发送成功
[03:07:02 INF] 【直播间】929670 的第 50 个心跳包发送成功
[03:07:03 INF] 【直播间】23447660 的第 50 个心跳包发送成功
[03:07:04 INF] 【直播间】91164 的第 50 个心跳包发送成功
[03:07:06 INF] 【直播间】22764265 的第 50 个心跳包发送成功
[03:07:58 INF] 【直播间】23357926 的第 51 个心跳包发送成功
[03:08:00 INF] 【直播间】23040372 的第 51 个心跳包发送成功
[03:08:01 INF] 【直播间】31494 的第 51 个心跳包发送成功
[03:08:02 INF] 【直播间】4015781 的第 51 个心跳包发送成功
[03:08:03 INF] 【直播间】9619073 的第 51 个心跳包发送成功
[03:08:05 INF] 【直播间】407149 的第 51 个心跳包发送成功
[03:08:06 INF] 【直播间】7184632 的第 51 个心跳包发送成功
[03:08:07 INF] 【直播间】11732699 的第 51 个心跳包发送成功
[03:08:08 INF] 【直播间】929670 的第 51 个心跳包发送成功
[03:08:09 INF] 【直播间】23447660 的第 51 个心跳包发送成功
[03:08:11 INF] 【直播间】91164 的第 51 个心跳包发送成功
[03:08:12 INF] 【直播间】22764265 的第 51 个心跳包发送成功
[03:09:05 INF] 【直播间】23357926 的第 52 个心跳包发送成功
[03:09:06 INF] 【直播间】23040372 的第 52 个心跳包发送成功
[03:09:07 INF] 【直播间】31494 的第 52 个心跳包发送成功
[03:09:08 INF] 【直播间】4015781 的第 52 个心跳包发送成功
[03:09:09 INF] 【直播间】9619073 的第 52 个心跳包发送成功
[03:09:11 INF] 【直播间】407149 的第 52 个心跳包发送成功
[03:09:12 INF] 【直播间】7184632 的第 52 个心跳包发送成功
[03:09:13 INF] 【直播间】11732699 的第 52 个心跳包发送成功
[03:09:15 INF] 【直播间】929670 的第 52 个心跳包发送成功
[03:09:16 INF] 【直播间】23447660 的第 52 个心跳包发送成功
[03:09:17 INF] 【直播间】91164 的第 52 个心跳包发送成功
[03:09:18 INF] 【直播间】22764265 的第 52 个心跳包发送成功
[03:10:11 INF] 【直播间】23357926 的第 53 个心跳包发送成功
[03:10:12 INF] 【直播间】23040372 的第 53 个心跳包发送成功
[03:10:13 INF] 【直播间】31494 的第 53 个心跳包发送成功
[03:10:15 INF] 【直播间】4015781 的第 53 个心跳包发送成功
[03:10:16 INF] 【直播间】9619073 的第 53 个心跳包发送成功
[03:10:17 INF] 【直播间】407149 的第 53 个心跳包发送成功
[03:10:18 INF] 【直播间】7184632 的第 53 个心跳包发送成功
[03:10:20 INF] 【直播间】11732699 的第 53 个心跳包发送成功
[03:10:21 INF] 【直播间】929670 的第 53 个心跳包发送成功
[03:10:22 INF] 【直播间】23447660 的第 53 个心跳包发送成功
[03:10:23 INF] 【直播间】91164 的第 53 个心跳包发送成功
[03:10:25 INF] 【直播间】22764265 的第 53 个心跳包发送成功
[03:11:17 INF] 【直播间】23357926 的第 54 个心跳包发送成功
[03:11:19 INF] 【直播间】23040372 的第 54 个心跳包发送成功
[03:11:20 INF] 【直播间】31494 的第 54 个心跳包发送成功
[03:11:21 INF] 【直播间】4015781 的第 54 个心跳包发送成功
[03:11:22 INF] 【直播间】9619073 的第 54 个心跳包发送成功
[03:11:23 INF] 【直播间】407149 的第 54 个心跳包发送成功
[03:11:25 INF] 【直播间】7184632 的第 54 个心跳包发送成功
[03:11:26 INF] 【直播间】11732699 的第 54 个心跳包发送成功
[03:11:27 INF] 【直播间】929670 的第 54 个心跳包发送成功
[03:11:28 INF] 【直播间】23447660 的第 54 个心跳包发送成功
[03:11:30 INF] 【直播间】91164 的第 54 个心跳包发送成功
[03:11:31 INF] 【直播间】22764265 的第 54 个心跳包发送成功
[03:12:24 INF] 【直播间】23357926 的第 55 个心跳包发送成功
[03:12:25 INF] 【直播间】23040372 的第 55 个心跳包发送成功
[03:12:26 INF] 【直播间】31494 的第 55 个心跳包发送成功
[03:12:27 INF] 【直播间】4015781 的第 55 个心跳包发送成功
[03:12:29 INF] 【直播间】9619073 的第 55 个心跳包发送成功
[03:12:30 INF] 【直播间】407149 的第 55 个心跳包发送成功
[03:12:31 INF] 【直播间】7184632 的第 55 个心跳包发送成功
[03:12:32 INF] 【直播间】11732699 的第 55 个心跳包发送成功
[03:12:34 INF] 【直播间】929670 的第 55 个心跳包发送成功
[03:12:35 INF] 【直播间】23447660 的第 55 个心跳包发送成功
[03:12:36 INF] 【直播间】91164 的第 55 个心跳包发送成功
[03:12:37 INF] 【直播间】22764265 的第 55 个心跳包发送成功
[03:13:30 INF] 【直播间】23357926 的第 56 个心跳包发送成功
[03:13:31 INF] 【直播间】23040372 的第 56 个心跳包发送成功
[03:13:33 INF] 【直播间】31494 的第 56 个心跳包发送成功
[03:13:34 INF] 【直播间】4015781 的第 56 个心跳包发送成功
[03:13:35 INF] 【直播间】9619073 的第 56 个心跳包发送成功
[03:13:36 INF] 【直播间】407149 的第 56 个心跳包发送成功
[03:13:37 INF] 【直播间】7184632 的第 56 个心跳包发送成功
[03:13:39 INF] 【直播间】11732699 的第 56 个心跳包发送成功
[03:13:40 INF] 【直播间】929670 的第 56 个心跳包发送成功
[03:13:41 INF] 【直播间】23447660 的第 56 个心跳包发送成功
[03:13:42 INF] 【直播间】91164 的第 56 个心跳包发送成功
[03:13:44 INF] 【直播间】22764265 的第 56 个心跳包发送成功
[03:14:36 INF] 【直播间】23357926 的第 57 个心跳包发送成功
[03:14:38 INF] 【直播间】23040372 的第 57 个心跳包发送成功
[03:14:39 INF] 【直播间】31494 的第 57 个心跳包发送成功
[03:14:40 INF] 【直播间】4015781 的第 57 个心跳包发送成功
[03:14:41 INF] 【直播间】9619073 的第 57 个心跳包发送成功
[03:14:43 INF] 【直播间】407149 的第 57 个心跳包发送成功
[03:14:44 INF] 【直播间】7184632 的第 57 个心跳包发送成功
[03:14:45 INF] 【直播间】11732699 的第 57 个心跳包发送成功
[03:14:46 INF] 【直播间】929670 的第 57 个心跳包发送成功
[03:14:47 INF] 【直播间】23447660 的第 57 个心跳包发送成功
[03:14:49 INF] 【直播间】91164 的第 57 个心跳包发送成功
[03:14:50 INF] 【直播间】22764265 的第 57 个心跳包发送成功
[03:15:43 ERR] 【心跳包】直播间 23357926 发送失败
[03:15:43 ERR] 【原因】time check failed
[03:15:44 ERR] 【心跳包】直播间 23040372 发送失败
[03:15:44 ERR] 【原因】time check failed
[03:15:45 ERR] 【心跳包】直播间 31494 发送失败
[03:15:45 ERR] 【原因】time check failed
[03:15:46 ERR] 【心跳包】直播间 4015781 发送失败
[03:15:46 ERR] 【原因】time check failed
[03:15:48 ERR] 【心跳包】直播间 9619073 发送失败
[03:15:48 ERR] 【原因】time check failed
[03:15:49 ERR] 【心跳包】直播间 407149 发送失败
[03:15:49 ERR] 【原因】time check failed
[03:15:50 ERR] 【心跳包】直播间 7184632 发送失败
[03:15:50 ERR] 【原因】time check failed
[03:15:51 ERR] 【心跳包】直播间 11732699 发送失败
[03:15:51 ERR] 【原因】time check failed
[03:15:52 ERR] 【心跳包】直播间 929670 发送失败
[03:15:52 ERR] 【原因】time check failed
[03:15:54 ERR] 【心跳包】直播间 23447660 发送失败
[03:15:54 ERR] 【原因】time check failed
[03:15:55 ERR] 【心跳包】直播间 91164 发送失败
[03:15:55 ERR] 【原因】time check failed
[03:15:56 ERR] 【心跳包】直播间 22764265 发送失败
[03:15:56 ERR] 【原因】time check failed
[03:16:49 INF] 【直播间】23357926 的第 58 个心跳包发送成功
[03:16:50 INF] 【直播间】23040372 的第 58 个心跳包发送成功
[03:16:51 INF] 【直播间】31494 的第 58 个心跳包发送成功
[03:16:52 INF] 【直播间】4015781 的第 58 个心跳包发送成功
[03:16:54 INF] 【直播间】9619073 的第 58 个心跳包发送成功
[03:16:55 INF] 【直播间】407149 的第 58 个心跳包发送成功
[03:16:56 INF] 【直播间】7184632 的第 58 个心跳包发送成功
[03:16:57 INF] 【直播间】11732699 的第 58 个心跳包发送成功
[03:16:59 INF] 【直播间】929670 的第 58 个心跳包发送成功
[03:17:00 INF] 【直播间】23447660 的第 58 个心跳包发送成功
[03:17:01 INF] 【直播间】91164 的第 58 个心跳包发送成功
[03:17:02 INF] 【直播间】22764265 的第 58 个心跳包发送成功
[03:17:55 INF] 【直播间】23357926 的第 59 个心跳包发送成功
[03:17:56 INF] 【直播间】23040372 的第 59 个心跳包发送成功
[03:17:58 INF] 【直播间】31494 的第 59 个心跳包发送成功
[03:17:59 INF] 【直播间】4015781 的第 59 个心跳包发送成功
[03:18:00 INF] 【直播间】9619073 的第 59 个心跳包发送成功
[03:18:01 INF] 【直播间】407149 的第 59 个心跳包发送成功
[03:18:02 INF] 【直播间】7184632 的第 59 个心跳包发送成功
[03:18:04 INF] 【直播间】11732699 的第 59 个心跳包发送成功
[03:18:05 INF] 【直播间】929670 的第 59 个心跳包发送成功
[03:18:06 INF] 【直播间】23447660 的第 59 个心跳包发送成功
[03:18:07 INF] 【直播间】91164 的第 59 个心跳包发送成功
[03:18:09 INF] 【直播间】22764265 的第 59 个心跳包发送成功
[03:19:01 INF] 【直播间】23357926 的第 60 个心跳包发送成功
[03:19:03 INF] 【直播间】23040372 的第 60 个心跳包发送成功
[03:19:04 INF] 【直播间】31494 的第 60 个心跳包发送成功
[03:19:05 INF] 【直播间】4015781 的第 60 个心跳包发送成功
[03:19:06 INF] 【直播间】9619073 的第 60 个心跳包发送成功
[03:19:07 INF] 【直播间】407149 的第 60 个心跳包发送成功
[03:19:09 INF] 【直播间】7184632 的第 60 个心跳包发送成功
[03:19:10 INF] 【直播间】11732699 的第 60 个心跳包发送成功
[03:19:11 INF] 【直播间】929670 的第 60 个心跳包发送成功
[03:19:12 INF] 【直播间】23447660 的第 60 个心跳包发送成功
[03:19:14 INF] 【直播间】91164 的第 60 个心跳包发送成功
[03:19:15 INF] 【直播间】22764265 的第 60 个心跳包发送成功
[03:20:08 INF] 【直播间】23357926 的第 61 个心跳包发送成功
[03:20:09 INF] 【直播间】23040372 的第 61 个心跳包发送成功
[03:20:10 INF] 【直播间】31494 的第 61 个心跳包发送成功
[03:20:11 INF] 【直播间】4015781 的第 61 个心跳包发送成功
[03:20:12 INF] 【直播间】9619073 的第 61 个心跳包发送成功
[03:20:14 INF] 【直播间】407149 的第 61 个心跳包发送成功
[03:20:15 INF] 【直播间】7184632 的第 61 个心跳包发送成功
[03:20:16 INF] 【直播间】11732699 的第 61 个心跳包发送成功
[03:20:17 INF] 【直播间】929670 的第 61 个心跳包发送成功
[03:20:19 INF] 【直播间】23447660 的第 61 个心跳包发送成功
[03:20:20 INF] 【直播间】91164 的第 61 个心跳包发送成功
[03:20:21 INF] 【直播间】22764265 的第 61 个心跳包发送成功
[03:21:14 INF] 【直播间】23357926 的第 62 个心跳包发送成功
[03:21:15 INF] 【直播间】23040372 的第 62 个心跳包发送成功
[03:21:16 INF] 【直播间】31494 的第 62 个心跳包发送成功
[03:21:18 INF] 【直播间】4015781 的第 62 个心跳包发送成功
[03:21:19 INF] 【直播间】9619073 的第 62 个心跳包发送成功
[03:21:20 INF] 【直播间】407149 的第 62 个心跳包发送成功
[03:21:21 INF] 【直播间】7184632 的第 62 个心跳包发送成功
[03:21:22 INF] 【直播间】11732699 的第 62 个心跳包发送成功
[03:21:24 INF] 【直播间】929670 的第 62 个心跳包发送成功
[03:21:25 INF] 【直播间】23447660 的第 62 个心跳包发送成功
[03:21:26 INF] 【直播间】91164 的第 62 个心跳包发送成功
[03:21:27 INF] 【直播间】22764265 的第 62 个心跳包发送成功
[03:22:20 INF] 【直播间】23357926 的第 63 个心跳包发送成功
[03:22:21 INF] 【直播间】23040372 的第 63 个心跳包发送成功
[03:22:23 INF] 【直播间】31494 的第 63 个心跳包发送成功
[03:22:24 INF] 【直播间】4015781 的第 63 个心跳包发送成功
[03:22:25 INF] 【直播间】9619073 的第 63 个心跳包发送成功
[03:22:26 INF] 【直播间】407149 的第 63 个心跳包发送成功
[03:22:27 INF] 【直播间】7184632 的第 63 个心跳包发送成功
[03:22:29 INF] 【直播间】11732699 的第 63 个心跳包发送成功
[03:22:30 INF] 【直播间】929670 的第 63 个心跳包发送成功
[03:22:31 INF] 【直播间】23447660 的第 63 个心跳包发送成功
[03:22:32 INF] 【直播间】91164 的第 63 个心跳包发送成功
[03:22:33 INF] 【直播间】22764265 的第 63 个心跳包发送成功
[03:23:27 INF] 【直播间】23357926 的第 64 个心跳包发送成功
[03:23:28 INF] 【直播间】23040372 的第 64 个心跳包发送成功
[03:23:29 INF] 【直播间】31494 的第 64 个心跳包发送成功
[03:23:30 INF] 【直播间】4015781 的第 64 个心跳包发送成功
[03:23:31 INF] 【直播间】9619073 的第 64 个心跳包发送成功
[03:23:33 INF] 【直播间】407149 的第 64 个心跳包发送成功
[03:23:34 INF] 【直播间】7184632 的第 64 个心跳包发送成功
[03:23:35 INF] 【直播间】11732699 的第 64 个心跳包发送成功
[03:23:36 INF] 【直播间】929670 的第 64 个心跳包发送成功
[03:23:37 INF] 【直播间】23447660 的第 64 个心跳包发送成功
[03:23:39 INF] 【直播间】91164 的第 64 个心跳包发送成功
[03:23:40 INF] 【直播间】22764265 的第 64 个心跳包发送成功
[03:24:33 INF] 【直播间】23357926 的第 65 个心跳包发送成功
[03:24:34 INF] 【直播间】23040372 的第 65 个心跳包发送成功
[03:24:35 INF] 【直播间】31494 的第 65 个心跳包发送成功
[03:24:36 INF] 【直播间】4015781 的第 65 个心跳包发送成功
[03:24:38 INF] 【直播间】9619073 的第 65 个心跳包发送成功
[03:24:39 INF] 【直播间】407149 的第 65 个心跳包发送成功
[03:24:40 INF] 【直播间】7184632 的第 65 个心跳包发送成功
[03:24:41 INF] 【直播间】11732699 的第 65 个心跳包发送成功
[03:24:42 INF] 【直播间】929670 的第 65 个心跳包发送成功
[03:24:44 INF] 【直播间】23447660 的第 65 个心跳包发送成功
[03:24:45 INF] 【直播间】91164 的第 65 个心跳包发送成功
[03:24:46 INF] 【直播间】22764265 的第 65 个心跳包发送成功
[03:25:39 INF] 【直播间】23357926 的第 66 个心跳包发送成功
[03:25:40 INF] 【直播间】23040372 的第 66 个心跳包发送成功
[03:25:41 INF] 【直播间】31494 的第 66 个心跳包发送成功
[03:25:43 INF] 【直播间】4015781 的第 66 个心跳包发送成功
[03:25:44 INF] 【直播间】9619073 的第 66 个心跳包发送成功
[03:25:45 INF] 【直播间】407149 的第 66 个心跳包发送成功
[03:25:46 INF] 【直播间】7184632 的第 66 个心跳包发送成功
[03:25:48 INF] 【直播间】11732699 的第 66 个心跳包发送成功
[03:25:49 INF] 【直播间】929670 的第 66 个心跳包发送成功
[03:25:50 INF] 【直播间】23447660 的第 66 个心跳包发送成功
[03:25:51 INF] 【直播间】91164 的第 66 个心跳包发送成功
[03:25:52 INF] 【直播间】22764265 的第 66 个心跳包发送成功
[03:26:45 INF] 【直播间】23357926 的第 67 个心跳包发送成功
[03:26:47 INF] 【直播间】23040372 的第 67 个心跳包发送成功
[03:26:48 INF] 【直播间】31494 的第 67 个心跳包发送成功
[03:26:49 INF] 【直播间】4015781 的第 67 个心跳包发送成功
[03:26:50 INF] 【直播间】9619073 的第 67 个心跳包发送成功
[03:26:51 INF] 【直播间】407149 的第 67 个心跳包发送成功
[03:26:53 INF] 【直播间】7184632 的第 67 个心跳包发送成功
[03:26:54 INF] 【直播间】11732699 的第 67 个心跳包发送成功
[03:26:55 INF] 【直播间】929670 的第 67 个心跳包发送成功
[03:26:56 INF] 【直播间】23447660 的第 67 个心跳包发送成功
[03:26:57 INF] 【直播间】91164 的第 67 个心跳包发送成功
[03:26:59 INF] 【直播间】22764265 的第 67 个心跳包发送成功
[03:27:52 INF] 【直播间】23357926 的第 68 个心跳包发送成功
[03:27:53 INF] 【直播间】23040372 的第 68 个心跳包发送成功
[03:27:54 INF] 【直播间】31494 的第 68 个心跳包发送成功
[03:27:55 INF] 【直播间】4015781 的第 68 个心跳包发送成功
[03:27:56 INF] 【直播间】9619073 的第 68 个心跳包发送成功
[03:27:58 INF] 【直播间】407149 的第 68 个心跳包发送成功
[03:27:59 INF] 【直播间】7184632 的第 68 个心跳包发送成功
[03:28:00 INF] 【直播间】11732699 的第 68 个心跳包发送成功
[03:28:01 INF] 【直播间】929670 的第 68 个心跳包发送成功
[03:28:02 INF] 【直播间】23447660 的第 68 个心跳包发送成功
[03:28:04 INF] 【直播间】91164 的第 68 个心跳包发送成功
[03:28:05 INF] 【直播间】22764265 的第 68 个心跳包发送成功
[03:28:58 INF] 【直播间】23357926 的第 69 个心跳包发送成功
[03:28:59 INF] 【直播间】23040372 的第 69 个心跳包发送成功
[03:29:00 INF] 【直播间】31494 的第 69 个心跳包发送成功
[03:29:02 INF] 【直播间】4015781 的第 69 个心跳包发送成功
[03:29:03 INF] 【直播间】9619073 的第 69 个心跳包发送成功
[03:29:04 INF] 【直播间】407149 的第 69 个心跳包发送成功
[03:29:05 INF] 【直播间】7184632 的第 69 个心跳包发送成功
[03:29:06 INF] 【直播间】11732699 的第 69 个心跳包发送成功
[03:29:08 INF] 【直播间】929670 的第 69 个心跳包发送成功
[03:29:09 INF] 【直播间】23447660 的第 69 个心跳包发送成功
[03:29:10 INF] 【直播间】91164 的第 69 个心跳包发送成功
[03:29:11 INF] 【直播间】22764265 的第 69 个心跳包发送成功
[03:30:04 INF] 【直播间】23357926 的第 70 个心跳包发送成功
[03:30:06 INF] 【直播间】23040372 的第 70 个心跳包发送成功
[03:30:07 INF] 【直播间】31494 的第 70 个心跳包发送成功
[03:30:08 INF] 【直播间】4015781 的第 70 个心跳包发送成功
[03:30:09 INF] 【直播间】9619073 的第 70 个心跳包发送成功
[03:30:10 INF] 【直播间】407149 的第 70 个心跳包发送成功
[03:30:12 INF] 【直播间】7184632 的第 70 个心跳包发送成功
[03:30:13 INF] 【直播间】11732699 的第 70 个心跳包发送成功
[03:30:14 INF] 【直播间】929670 的第 70 个心跳包发送成功
[03:30:15 INF] 【直播间】23447660 的第 70 个心跳包发送成功
[03:30:16 INF] 【直播间】91164 的第 70 个心跳包发送成功
[03:30:18 INF] 【直播间】22764265 的第 70 个心跳包发送成功
[03:30:18 INF] 【直播观看时长】完成情况：12/12 
[03:30:18 INF] ---------结束---------

[03:30:18 INF] ==========结束==========

[03:30:18 INF] ######### 账号 3 #########

[03:30:18 INF] =====开始 直播间互动 =====

[03:30:18 INF] ---开始 发送弹幕 ---
[03:30:18 INF] 检测到直播 Cookie 未正确配置，尝试自动配置中...
[03:30:21 INF] 直播 Cookie 配置成功！
[03:30:21 INF] 【获取直播列表】获取拥有粉丝牌的直播列表
[03:30:27 ERR] 【获取直播列表】失败
[03:30:27 ERR] 【原因】账号未登录
[03:30:27 ERR] 发送弹幕失败，继续其他任务。失败信息:Object reference not set to an instance of an object.

[03:30:27 INF] -------结束-------

[03:30:27 INF] ---开始 点赞直播间 ---
[03:30:27 INF] 【获取直播列表】获取拥有粉丝牌的直播列表
[03:30:30 ERR] 【获取直播列表】失败
[03:30:30 ERR] 【原因】账号未登录
[03:30:30 ERR] 点赞直播间失败，继续其他任务。失败信息:Object reference not set to an instance of an object.

[03:30:30 INF] --------结束--------

[03:30:30 INF] ---开始 直播时长挂机 ---
[03:30:30 INF] 【获取直播列表】获取拥有粉丝牌的直播列表
[03:30:34 ERR] 【获取直播列表】失败
[03:30:34 ERR] 【原因】账号未登录
[03:30:34 ERR] 直播时长挂机失败，继续其他任务。失败信息:Object reference not set to an instance of an object.

[03:30:34 INF] ---------结束---------

[03:30:34 INF] ==========结束==========

[03:30:34 INF] 

========================

 v2.0.2 开源 by https://github.com/RayWangQvQ/BiliBiliToolPro

[03:30:34 INF] ·开始推送·LiveFansMedal任务·
2024-01-18T19:30:34.1556943Z 开始推送到:PushPlus
2024-01-18T19:30:35.3525002Z Response status: OK.
2024-01-18T19:30:35.3525356Z Response content: {"code":999,"msg":"发送内容过大，不能超过2万字","data":null}.

[03:30:35 INF] 运行环境：Development
[03:30:35 INF] 应用目录：/home/runner/work/BiliBiliToolPro/BiliBiliToolPro/src/Ray.BiliBiliTool.Console/bin/Debug/net6.0/

[03:30:35 INF] 运行结束
