----------- ip 信息 ---------
{
  "ip": "20.51.206.241",
  "city": "Ashburn",
  "region": "Virginia",
  "country": "US",
  "loc": "39.0437,-77.4875",
  "org": "AS8075 Microsoft Corporation",
  "postal": "20147",
  "timezone": "America/New_York",
  "readme": "https://ipinfo.io/missingauth"
} ---------- end ------------
  ____               ____    _   _____           _  
 |  _ \ __ _ _   _  | __ ) _| |_|_   _|__   ___ | | 
 | |_) / _` | | | | |  _ \(_) (_) | |/ _ \ / _ \| | 
 |  _ < (_| | |_| | | |_) | | | | | | (_) | (_) | | 
 |_| \_\__,_|\__, | |____/|_|_|_| |_|\___/ \___/|_| 
             |___/                                  

[00:28:18 INF] BiliBiliToolPro 开始运行...

[00:28:18 INF] 【账号个数】3个

[00:28:18 INF] 随机休眠2分钟

[00:30:18 INF] 【目标任务】LiveFansMedal
[00:30:18 INF] ######### 账号 1 #########

[00:30:18 INF] =====开始 直播间互动 =====

[00:30:18 INF] ---开始 发送弹幕 ---
[00:30:18 INF] 检测到直播 Cookie 未正确配置，尝试自动配置中...
[00:30:23 INF] 直播 Cookie 配置成功！
[00:30:23 INF] 【获取直播列表】获取拥有粉丝牌的直播列表
[00:30:30 INF] 【主播】Mark陌枫 
[00:30:52 INF] 【主播】KL_qiqi_ 
[00:31:04 INF] 【主播】苏打baka 
[00:31:25 INF] 【直播间】Mark陌枫
[00:31:25 INF] 【粉丝牌】馬楓
[00:31:25 INF] 正在发送弹幕...
[00:31:28 INF] 【直播间】KL_qiqi_
[00:31:28 INF] 【粉丝牌】qiqisb
[00:31:28 INF] 正在发送弹幕...
[00:31:35 INF] 【直播间】苏打baka
[00:31:35 INF] 【粉丝牌】碳酸钠
[00:31:35 INF] 正在发送弹幕...
[00:31:41 INF] 【弹幕发送】成功~，你和主播 Mark陌枫 的亲密值增加了100！
[00:31:41 INF] -------结束-------

[00:31:41 INF] ---开始 点赞直播间 ---
[00:31:41 INF] 【获取直播列表】获取拥有粉丝牌的直播列表
[00:31:46 INF] 【主播】Mark陌枫 
[00:31:46 INF] 【弹幕发送】成功~，你和主播 KL_qiqi_ 的亲密值增加了100！
[00:31:51 INF] 【弹幕发送】成功~，你和主播 苏打baka 的亲密值增加了100！
[00:32:01 INF] 【主播】KL_qiqi_ 
[00:32:15 INF] 【主播】苏打baka 
[00:32:36 INF] 【点赞直播间】23357926 完成
[00:32:40 INF] 【点赞直播间】407149 完成
[00:32:47 INF] --------结束--------

[00:32:47 INF] ---开始 直播时长挂机 ---
[00:32:47 INF] 【获取直播列表】获取拥有粉丝牌的直播列表
[00:32:47 INF] 【点赞直播间】23040372 完成
[00:32:51 INF] 【主播】Mark陌枫 
[00:33:06 INF] 【主播】KL_qiqi_ 
[00:33:26 INF] 【主播】苏打baka 
[00:33:43 INF] 【直播间】23357926 的第 1 个心跳包发送成功
[00:33:45 INF] 【直播间】407149 的第 1 个心跳包发送成功
[00:33:46 INF] 【直播间】23040372 的第 1 个心跳包发送成功
[00:34:50 INF] 【直播间】23357926 的第 2 个心跳包发送成功
[00:34:51 INF] 【直播间】407149 的第 2 个心跳包发送成功
[00:34:53 INF] 【直播间】23040372 的第 2 个心跳包发送成功
[00:35:57 INF] 【直播间】23357926 的第 3 个心跳包发送成功
[00:35:58 INF] 【直播间】407149 的第 3 个心跳包发送成功
[00:35:59 INF] 【直播间】23040372 的第 3 个心跳包发送成功
[00:37:03 INF] 【直播间】23357926 的第 4 个心跳包发送成功
[00:37:04 INF] 【直播间】407149 的第 4 个心跳包发送成功
[00:37:06 INF] 【直播间】23040372 的第 4 个心跳包发送成功
[00:38:10 INF] 【直播间】23357926 的第 5 个心跳包发送成功
[00:38:11 INF] 【直播间】407149 的第 5 个心跳包发送成功
[00:38:12 INF] 【直播间】23040372 的第 5 个心跳包发送成功
[00:39:16 INF] 【直播间】23357926 的第 6 个心跳包发送成功
[00:39:18 INF] 【直播间】407149 的第 6 个心跳包发送成功
[00:39:19 INF] 【直播间】23040372 的第 6 个心跳包发送成功
[00:40:23 INF] 【直播间】23357926 的第 7 个心跳包发送成功
[00:40:24 INF] 【直播间】407149 的第 7 个心跳包发送成功
[00:40:25 INF] 【直播间】23040372 的第 7 个心跳包发送成功
[00:41:30 INF] 【直播间】23357926 的第 8 个心跳包发送成功
[00:41:31 INF] 【直播间】407149 的第 8 个心跳包发送成功
[00:41:32 INF] 【直播间】23040372 的第 8 个心跳包发送成功
[00:42:36 INF] 【直播间】23357926 的第 9 个心跳包发送成功
[00:42:38 INF] 【直播间】407149 的第 9 个心跳包发送成功
[00:42:39 INF] 【直播间】23040372 的第 9 个心跳包发送成功
[00:43:43 INF] 【直播间】23357926 的第 10 个心跳包发送成功
[00:43:45 INF] 【直播间】407149 的第 10 个心跳包发送成功
[00:43:46 INF] 【直播间】23040372 的第 10 个心跳包发送成功
[00:44:50 INF] 【直播间】23357926 的第 11 个心跳包发送成功
[00:44:51 INF] 【直播间】407149 的第 11 个心跳包发送成功
[00:44:53 INF] 【直播间】23040372 的第 11 个心跳包发送成功
[00:45:57 INF] 【直播间】23357926 的第 12 个心跳包发送成功
[00:45:58 INF] 【直播间】407149 的第 12 个心跳包发送成功
[00:45:59 INF] 【直播间】23040372 的第 12 个心跳包发送成功
[00:47:03 INF] 【直播间】23357926 的第 13 个心跳包发送成功
[00:47:05 INF] 【直播间】407149 的第 13 个心跳包发送成功
[00:47:06 INF] 【直播间】23040372 的第 13 个心跳包发送成功
[00:48:10 INF] 【直播间】23357926 的第 14 个心跳包发送成功
[00:48:11 INF] 【直播间】407149 的第 14 个心跳包发送成功
[00:48:13 INF] 【直播间】23040372 的第 14 个心跳包发送成功
[00:49:17 ERR] 【心跳包】直播间 23357926 发送失败
[00:49:17 ERR] 【原因】time check failed
[00:49:18 ERR] 【心跳包】直播间 407149 发送失败
[00:49:18 ERR] 【原因】time check failed
[00:49:19 ERR] 【心跳包】直播间 23040372 发送失败
[00:49:19 ERR] 【原因】time check failed
[00:50:24 INF] 【直播间】23357926 的第 15 个心跳包发送成功
[00:50:25 INF] 【直播间】407149 的第 15 个心跳包发送成功
[00:50:26 INF] 【直播间】23040372 的第 15 个心跳包发送成功
[00:51:30 INF] 【直播间】23357926 的第 16 个心跳包发送成功
[00:51:31 INF] 【直播间】407149 的第 16 个心跳包发送成功
[00:51:33 INF] 【直播间】23040372 的第 16 个心跳包发送成功
[00:52:37 INF] 【直播间】23357926 的第 17 个心跳包发送成功
[00:52:38 INF] 【直播间】407149 的第 17 个心跳包发送成功
[00:52:39 INF] 【直播间】23040372 的第 17 个心跳包发送成功
[00:53:43 INF] 【直播间】23357926 的第 18 个心跳包发送成功
[00:53:44 INF] 【直播间】407149 的第 18 个心跳包发送成功
[00:53:46 INF] 【直播间】23040372 的第 18 个心跳包发送成功
[00:54:50 INF] 【直播间】23357926 的第 19 个心跳包发送成功
[00:54:51 INF] 【直播间】407149 的第 19 个心跳包发送成功
[00:54:52 INF] 【直播间】23040372 的第 19 个心跳包发送成功
[00:55:56 INF] 【直播间】23357926 的第 20 个心跳包发送成功
[00:55:58 INF] 【直播间】407149 的第 20 个心跳包发送成功
[00:55:59 INF] 【直播间】23040372 的第 20 个心跳包发送成功
[00:57:03 INF] 【直播间】23357926 的第 21 个心跳包发送成功
[00:57:04 INF] 【直播间】407149 的第 21 个心跳包发送成功
[00:57:06 INF] 【直播间】23040372 的第 21 个心跳包发送成功
[00:58:10 INF] 【直播间】23357926 的第 22 个心跳包发送成功
[00:58:11 INF] 【直播间】407149 的第 22 个心跳包发送成功
[00:58:12 INF] 【直播间】23040372 的第 22 个心跳包发送成功
[00:59:16 INF] 【直播间】23357926 的第 23 个心跳包发送成功
[00:59:18 INF] 【直播间】407149 的第 23 个心跳包发送成功
[00:59:19 INF] 【直播间】23040372 的第 23 个心跳包发送成功
[01:00:23 INF] 【直播间】23357926 的第 24 个心跳包发送成功
[01:00:24 INF] 【直播间】407149 的第 24 个心跳包发送成功
[01:00:25 INF] 【直播间】23040372 的第 24 个心跳包发送成功
[01:01:29 INF] 【直播间】23357926 的第 25 个心跳包发送成功
[01:01:31 INF] 【直播间】407149 的第 25 个心跳包发送成功
[01:01:32 INF] 【直播间】23040372 的第 25 个心跳包发送成功
[01:02:36 INF] 【直播间】23357926 的第 26 个心跳包发送成功
[01:02:37 INF] 【直播间】407149 的第 26 个心跳包发送成功
[01:02:39 INF] 【直播间】23040372 的第 26 个心跳包发送成功
[01:03:43 INF] 【直播间】23357926 的第 27 个心跳包发送成功
[01:03:44 INF] 【直播间】407149 的第 27 个心跳包发送成功
[01:03:45 INF] 【直播间】23040372 的第 27 个心跳包发送成功
[01:04:49 ERR] 【心跳包】直播间 23357926 发送失败
[01:04:49 ERR] 【原因】time check failed
[01:04:50 ERR] 【心跳包】直播间 407149 发送失败
[01:04:50 ERR] 【原因】time check failed
[01:04:52 ERR] 【心跳包】直播间 23040372 发送失败
[01:04:52 ERR] 【原因】time check failed
[01:05:56 INF] 【直播间】23357926 的第 28 个心跳包发送成功
[01:05:57 INF] 【直播间】407149 的第 28 个心跳包发送成功
[01:05:58 INF] 【直播间】23040372 的第 28 个心跳包发送成功
[01:07:02 INF] 【直播间】23357926 的第 29 个心跳包发送成功
[01:07:03 INF] 【直播间】407149 的第 29 个心跳包发送成功
[01:07:05 INF] 【直播间】23040372 的第 29 个心跳包发送成功
[01:08:09 INF] 【直播间】23357926 的第 30 个心跳包发送成功
[01:08:10 INF] 【直播间】407149 的第 30 个心跳包发送成功
[01:08:11 INF] 【直播间】23040372 的第 30 个心跳包发送成功
[01:09:16 INF] 【直播间】23357926 的第 31 个心跳包发送成功
[01:09:17 INF] 【直播间】407149 的第 31 个心跳包发送成功
[01:09:18 INF] 【直播间】23040372 的第 31 个心跳包发送成功
[01:10:22 INF] 【直播间】23357926 的第 32 个心跳包发送成功
[01:10:23 INF] 【直播间】407149 的第 32 个心跳包发送成功
[01:10:25 INF] 【直播间】23040372 的第 32 个心跳包发送成功
[01:11:29 INF] 【直播间】23357926 的第 33 个心跳包发送成功
[01:11:30 INF] 【直播间】407149 的第 33 个心跳包发送成功
[01:11:31 INF] 【直播间】23040372 的第 33 个心跳包发送成功
[01:12:35 INF] 【直播间】23357926 的第 34 个心跳包发送成功
[01:12:37 INF] 【直播间】407149 的第 34 个心跳包发送成功
[01:12:38 INF] 【直播间】23040372 的第 34 个心跳包发送成功
[01:13:42 INF] 【直播间】23357926 的第 35 个心跳包发送成功
[01:13:43 INF] 【直播间】407149 的第 35 个心跳包发送成功
[01:13:44 INF] 【直播间】23040372 的第 35 个心跳包发送成功
[01:14:49 INF] 【直播间】23357926 的第 36 个心跳包发送成功
[01:14:50 INF] 【直播间】407149 的第 36 个心跳包发送成功
[01:14:51 INF] 【直播间】23040372 的第 36 个心跳包发送成功
[01:15:55 INF] 【直播间】23357926 的第 37 个心跳包发送成功
[01:15:56 INF] 【直播间】407149 的第 37 个心跳包发送成功
[01:15:58 INF] 【直播间】23040372 的第 37 个心跳包发送成功
[01:17:02 INF] 【直播间】23357926 的第 38 个心跳包发送成功
[01:17:03 INF] 【直播间】407149 的第 38 个心跳包发送成功
[01:17:04 INF] 【直播间】23040372 的第 38 个心跳包发送成功
[01:18:08 INF] 【直播间】23357926 的第 39 个心跳包发送成功
[01:18:10 INF] 【直播间】407149 的第 39 个心跳包发送成功
[01:18:11 INF] 【直播间】23040372 的第 39 个心跳包发送成功
[01:19:15 INF] 【直播间】23357926 的第 40 个心跳包发送成功
[01:19:16 INF] 【直播间】407149 的第 40 个心跳包发送成功
[01:19:18 INF] 【直播间】23040372 的第 40 个心跳包发送成功
[01:20:22 ERR] 【心跳包】直播间 23357926 发送失败
[01:20:22 ERR] 【原因】time check failed
[01:20:23 ERR] 【心跳包】直播间 407149 发送失败
[01:20:23 ERR] 【原因】time check failed
[01:20:24 ERR] 【心跳包】直播间 23040372 发送失败
[01:20:24 ERR] 【原因】time check failed
[01:21:28 INF] 【直播间】23357926 的第 41 个心跳包发送成功
[01:21:30 INF] 【直播间】407149 的第 41 个心跳包发送成功
[01:21:31 INF] 【直播间】23040372 的第 41 个心跳包发送成功
[01:22:35 INF] 【直播间】23357926 的第 42 个心跳包发送成功
[01:22:36 INF] 【直播间】407149 的第 42 个心跳包发送成功
[01:22:37 INF] 【直播间】23040372 的第 42 个心跳包发送成功
[01:23:41 INF] 【直播间】23357926 的第 43 个心跳包发送成功
[01:23:43 INF] 【直播间】407149 的第 43 个心跳包发送成功
[01:23:44 INF] 【直播间】23040372 的第 43 个心跳包发送成功
[01:24:48 INF] 【直播间】23357926 的第 44 个心跳包发送成功
[01:24:50 INF] 【直播间】407149 的第 44 个心跳包发送成功
[01:24:51 INF] 【直播间】23040372 的第 44 个心跳包发送成功
[01:25:55 INF] 【直播间】23357926 的第 45 个心跳包发送成功
[01:25:57 INF] 【直播间】407149 的第 45 个心跳包发送成功
[01:25:58 INF] 【直播间】23040372 的第 45 个心跳包发送成功
[01:27:02 INF] 【直播间】23357926 的第 46 个心跳包发送成功
[01:27:03 INF] 【直播间】407149 的第 46 个心跳包发送成功
[01:27:05 INF] 【直播间】23040372 的第 46 个心跳包发送成功
[01:28:09 INF] 【直播间】23357926 的第 47 个心跳包发送成功
[01:28:10 INF] 【直播间】407149 的第 47 个心跳包发送成功
[01:28:11 INF] 【直播间】23040372 的第 47 个心跳包发送成功
[01:29:15 INF] 【直播间】23357926 的第 48 个心跳包发送成功
[01:29:16 INF] 【直播间】407149 的第 48 个心跳包发送成功
[01:29:18 INF] 【直播间】23040372 的第 48 个心跳包发送成功
[01:30:22 INF] 【直播间】23357926 的第 49 个心跳包发送成功
[01:30:23 INF] 【直播间】407149 的第 49 个心跳包发送成功
[01:30:25 INF] 【直播间】23040372 的第 49 个心跳包发送成功
[01:31:28 INF] 【直播间】23357926 的第 50 个心跳包发送成功
[01:31:30 INF] 【直播间】407149 的第 50 个心跳包发送成功
[01:31:31 INF] 【直播间】23040372 的第 50 个心跳包发送成功
[01:32:35 INF] 【直播间】23357926 的第 51 个心跳包发送成功
[01:32:36 INF] 【直播间】407149 的第 51 个心跳包发送成功
[01:32:38 INF] 【直播间】23040372 的第 51 个心跳包发送成功
[01:33:42 INF] 【直播间】23357926 的第 52 个心跳包发送成功
[01:33:43 INF] 【直播间】407149 的第 52 个心跳包发送成功
[01:33:44 INF] 【直播间】23040372 的第 52 个心跳包发送成功
[01:34:48 INF] 【直播间】23357926 的第 53 个心跳包发送成功
[01:34:50 INF] 【直播间】407149 的第 53 个心跳包发送成功
[01:34:51 INF] 【直播间】23040372 的第 53 个心跳包发送成功
[01:35:55 ERR] 【心跳包】直播间 23357926 发送失败
[01:35:55 ERR] 【原因】time check failed
[01:35:56 ERR] 【心跳包】直播间 407149 发送失败
[01:35:56 ERR] 【原因】time check failed
[01:35:58 ERR] 【心跳包】直播间 23040372 发送失败
[01:35:58 ERR] 【原因】time check failed
[01:37:02 INF] 【直播间】23357926 的第 54 个心跳包发送成功
[01:37:03 INF] 【直播间】407149 的第 54 个心跳包发送成功
[01:37:04 INF] 【直播间】23040372 的第 54 个心跳包发送成功
[01:38:08 INF] 【直播间】23357926 的第 55 个心跳包发送成功
[01:38:10 INF] 【直播间】407149 的第 55 个心跳包发送成功
[01:38:11 INF] 【直播间】23040372 的第 55 个心跳包发送成功
[01:39:15 INF] 【直播间】23357926 的第 56 个心跳包发送成功
[01:39:16 INF] 【直播间】407149 的第 56 个心跳包发送成功
[01:39:18 INF] 【直播间】23040372 的第 56 个心跳包发送成功
[01:40:22 INF] 【直播间】23357926 的第 57 个心跳包发送成功
[01:40:23 INF] 【直播间】407149 的第 57 个心跳包发送成功
[01:40:24 INF] 【直播间】23040372 的第 57 个心跳包发送成功
[01:41:28 INF] 【直播间】23357926 的第 58 个心跳包发送成功
[01:41:29 INF] 【直播间】407149 的第 58 个心跳包发送成功
[01:41:31 INF] 【直播间】23040372 的第 58 个心跳包发送成功
[01:42:35 INF] 【直播间】23357926 的第 59 个心跳包发送成功
[01:42:36 INF] 【直播间】407149 的第 59 个心跳包发送成功
[01:42:37 INF] 【直播间】23040372 的第 59 个心跳包发送成功
[01:43:41 INF] 【直播间】23357926 的第 60 个心跳包发送成功
[01:43:43 INF] 【直播间】407149 的第 60 个心跳包发送成功
[01:43:44 INF] 【直播间】23040372 的第 60 个心跳包发送成功
[01:44:48 INF] 【直播间】23357926 的第 61 个心跳包发送成功
[01:44:49 INF] 【直播间】407149 的第 61 个心跳包发送成功
[01:44:50 INF] 【直播间】23040372 的第 61 个心跳包发送成功
[01:45:54 INF] 【直播间】23357926 的第 62 个心跳包发送成功
[01:45:56 INF] 【直播间】407149 的第 62 个心跳包发送成功
[01:45:57 INF] 【直播间】23040372 的第 62 个心跳包发送成功
[01:47:01 INF] 【直播间】23357926 的第 63 个心跳包发送成功
[01:47:02 INF] 【直播间】407149 的第 63 个心跳包发送成功
[01:47:04 INF] 【直播间】23040372 的第 63 个心跳包发送成功
[01:48:08 INF] 【直播间】23357926 的第 64 个心跳包发送成功
[01:48:09 INF] 【直播间】407149 的第 64 个心跳包发送成功
[01:48:10 INF] 【直播间】23040372 的第 64 个心跳包发送成功
[01:49:14 INF] 【直播间】23357926 的第 65 个心跳包发送成功
[01:49:16 INF] 【直播间】407149 的第 65 个心跳包发送成功
[01:49:17 INF] 【直播间】23040372 的第 65 个心跳包发送成功
[01:50:21 INF] 【直播间】23357926 的第 66 个心跳包发送成功
[01:50:22 INF] 【直播间】407149 的第 66 个心跳包发送成功
[01:50:23 INF] 【直播间】23040372 的第 66 个心跳包发送成功
[01:51:28 ERR] 【心跳包】直播间 23357926 发送失败
[01:51:28 ERR] 【原因】time check failed
[01:51:29 ERR] 【心跳包】直播间 407149 发送失败
[01:51:29 ERR] 【原因】time check failed
[01:51:30 ERR] 【心跳包】直播间 23040372 发送失败
[01:51:30 ERR] 【原因】time check failed
[01:52:34 INF] 【直播间】23357926 的第 67 个心跳包发送成功
[01:52:36 INF] 【直播间】407149 的第 67 个心跳包发送成功
[01:52:37 INF] 【直播间】23040372 的第 67 个心跳包发送成功
[01:53:41 INF] 【直播间】23357926 的第 68 个心跳包发送成功
[01:53:42 INF] 【直播间】407149 的第 68 个心跳包发送成功
[01:53:43 INF] 【直播间】23040372 的第 68 个心跳包发送成功
[01:54:47 INF] 【直播间】23357926 的第 69 个心跳包发送成功
[01:54:49 INF] 【直播间】407149 的第 69 个心跳包发送成功
[01:54:50 INF] 【直播间】23040372 的第 69 个心跳包发送成功
[01:55:54 INF] 【直播间】23357926 的第 70 个心跳包发送成功
[01:55:55 INF] 【直播间】407149 的第 70 个心跳包发送成功
[01:55:57 INF] 【直播间】23040372 的第 70 个心跳包发送成功
[01:55:57 INF] 【直播观看时长】完成情况：3/3 
[01:55:57 INF] ---------结束---------

[01:55:57 INF] ==========结束==========

[01:55:57 INF] ######### 账号 2 #########

[01:55:57 INF] =====开始 直播间互动 =====

[01:55:57 INF] ---开始 发送弹幕 ---
[01:55:57 INF] 检测到直播 Cookie 未正确配置，尝试自动配置中...
[01:56:01 INF] 直播 Cookie 配置成功！
[01:56:01 INF] 【获取直播列表】获取拥有粉丝牌的直播列表
[01:56:09 INF] 【主播】Mark陌枫 
[01:56:23 INF] 【主播】苏打baka 
[01:56:41 INF] 【主播】特别中二的q3君 
[01:56:57 INF] 【主播】陈抱一 
[01:57:14 INF] 【主播】贪玩的小毅 
[01:57:32 INF] 【主播】KL_qiqi_ 
[01:57:45 INF] 【主播】悠悠球琛总 
[01:57:58 INF] 【主播】新石器公园 
[01:58:16 INF] 【主播】脏小豆 
[01:58:35 INF] 【主播】记录生活的蛋黄派 
[01:58:55 INF] 【主播】FoFTG 
[01:59:13 INF] 【主播】李船长笔记 
[01:59:29 INF] 【直播间】Mark陌枫
[01:59:29 INF] 【粉丝牌】馬楓
[01:59:29 INF] 正在发送弹幕...
[01:59:33 INF] 【直播间】苏打baka
[01:59:33 INF] 【粉丝牌】碳酸钠
[01:59:33 INF] 正在发送弹幕...
[01:59:37 INF] 【直播间】特别中二的q3君
[01:59:37 INF] 【粉丝牌】q3GG
[01:59:37 INF] 正在发送弹幕...
[01:59:43 INF] 【直播间】陈抱一
[01:59:43 INF] 【粉丝牌】陈抱一
[01:59:43 INF] 正在发送弹幕...
[01:59:46 INF] 【弹幕发送】成功~，你和主播 Mark陌枫 的亲密值增加了100！
[01:59:46 INF] 【直播间】贪玩的小毅
[01:59:46 INF] 【粉丝牌】大大毅
[01:59:46 INF] 正在发送弹幕...
[01:59:48 INF] 【弹幕发送】成功~，你和主播 苏打baka 的亲密值增加了100！
[01:59:49 INF] 【直播间】KL_qiqi_
[01:59:49 INF] 【粉丝牌】qiqisb
[01:59:49 INF] 正在发送弹幕...
[01:59:54 INF] 【直播间】悠悠球琛总
[01:59:54 INF] 【粉丝牌】i琛
[01:59:54 INF] 正在发送弹幕...
[01:59:55 INF] 【弹幕发送】成功~，你和主播 特别中二的q3君 的亲密值增加了100！
[01:59:57 INF] 【直播间】新石器公园
[01:59:57 INF] 【粉丝牌】东园主
[01:59:57 INF] 正在发送弹幕...
[02:00:01 INF] 【弹幕发送】成功~，你和主播 陈抱一 的亲密值增加了100！
[02:00:01 ERR] 【弹幕发送】失败
[02:00:01 ERR] 【原因】您发送弹幕的频率过快
[02:00:03 INF] 【直播间】脏小豆
[02:00:03 INF] 【粉丝牌】豆豆浆
[02:00:03 INF] 正在发送弹幕...
[02:00:06 INF] 【弹幕发送】成功~，你和主播 KL_qiqi_ 的亲密值增加了100！
[02:00:07 INF] 【弹幕发送】成功~，你和主播 悠悠球琛总 的亲密值增加了100！
[02:00:09 INF] 【直播间】记录生活的蛋黄派
[02:00:09 INF] 【粉丝牌】派派派
[02:00:09 INF] 正在发送弹幕...
[02:00:13 INF] 【直播间】FoFTG
[02:00:13 INF] 【粉丝牌】FOFTG
[02:00:13 INF] 正在发送弹幕...
[02:00:13 INF] 【弹幕发送】成功~，你和主播 新石器公园 的亲密值增加了100！
[02:00:16 INF] 【直播间】李船长笔记
[02:00:16 INF] 【粉丝牌】航海仕
[02:00:16 INF] 正在发送弹幕...
[02:00:19 INF] -------结束-------

[02:00:19 INF] ---开始 点赞直播间 ---
[02:00:19 INF] 【获取直播列表】获取拥有粉丝牌的直播列表
[02:00:22 INF] 【弹幕发送】成功~，你和主播 脏小豆 的亲密值增加了100！
[02:00:24 INF] 【弹幕发送】成功~，你和主播 记录生活的蛋黄派 的亲密值增加了100！
[02:00:25 INF] 【主播】Mark陌枫 
[02:00:27 INF] 【弹幕发送】成功~，你和主播 FoFTG 的亲密值增加了100！
[02:00:29 INF] 【弹幕发送】成功~，你和主播 李船长笔记 的亲密值增加了100！
[02:00:46 INF] 【主播】苏打baka 
[02:01:04 INF] 【主播】特别中二的q3君 
[02:01:25 INF] 【主播】陈抱一 
[02:01:46 INF] 【主播】贪玩的小毅 
[02:02:02 INF] 【主播】KL_qiqi_ 
[02:02:20 INF] 【主播】悠悠球琛总 
[02:02:39 INF] 【主播】新石器公园 
[02:02:55 INF] 【主播】脏小豆 
[02:03:13 INF] 【主播】记录生活的蛋黄派 
[02:03:31 INF] 【主播】FoFTG 
[02:03:47 INF] 【主播】李船长笔记 
[02:04:09 INF] 【点赞直播间】23357926 完成
[02:04:13 INF] 【点赞直播间】23040372 完成
[02:04:20 INF] 【点赞直播间】31494 完成
[02:04:24 INF] 【点赞直播间】4015781 完成
[02:04:31 INF] 【点赞直播间】9619073 完成
[02:04:34 INF] 【点赞直播间】407149 完成
[02:04:39 INF] 【点赞直播间】7184632 完成
[02:04:45 INF] 【点赞直播间】23447660 完成
[02:04:50 INF] 【点赞直播间】929670 完成
[02:04:57 INF] 【点赞直播间】11732699 完成
[02:05:00 INF] 【点赞直播间】91164 完成
[02:05:05 INF] --------结束--------

[02:05:05 INF] ---开始 直播时长挂机 ---
[02:05:05 INF] 【获取直播列表】获取拥有粉丝牌的直播列表
[02:05:05 INF] 【点赞直播间】22764265 完成
[02:05:12 INF] 【主播】Mark陌枫 
[02:05:29 INF] 【主播】苏打baka 
[02:05:45 INF] 【主播】特别中二的q3君 
[02:06:04 INF] 【主播】陈抱一 
[02:06:26 INF] 【主播】贪玩的小毅 
[02:06:44 INF] 【主播】KL_qiqi_ 
[02:07:03 INF] 【主播】悠悠球琛总 
[02:07:21 INF] 【主播】新石器公园 
[02:07:35 INF] 【主播】脏小豆 
[02:07:48 INF] 【主播】记录生活的蛋黄派 
[02:08:04 INF] 【主播】FoFTG 
[02:08:22 INF] 【主播】李船长笔记 
[02:08:37 INF] 【直播间】23357926 的第 1 个心跳包发送成功
[02:08:39 INF] 【直播间】23040372 的第 1 个心跳包发送成功
[02:08:40 INF] 【直播间】31494 的第 1 个心跳包发送成功
[02:08:41 INF] 【直播间】4015781 的第 1 个心跳包发送成功
[02:08:42 INF] 【直播间】9619073 的第 1 个心跳包发送成功
[02:08:44 INF] 【直播间】407149 的第 1 个心跳包发送成功
[02:08:45 INF] 【直播间】7184632 的第 1 个心跳包发送成功
[02:08:46 INF] 【直播间】23447660 的第 1 个心跳包发送成功
[02:08:48 INF] 【直播间】929670 的第 1 个心跳包发送成功
[02:08:49 INF] 【直播间】11732699 的第 1 个心跳包发送成功
[02:08:50 INF] 【直播间】91164 的第 1 个心跳包发送成功
[02:08:51 INF] 【直播间】22764265 的第 1 个心跳包发送成功
[02:09:44 INF] 【直播间】23357926 的第 2 个心跳包发送成功
[02:09:45 INF] 【直播间】23040372 的第 2 个心跳包发送成功
[02:09:47 INF] 【直播间】31494 的第 2 个心跳包发送成功
[02:09:48 INF] 【直播间】4015781 的第 2 个心跳包发送成功
[02:09:49 INF] 【直播间】9619073 的第 2 个心跳包发送成功
[02:09:50 INF] 【直播间】407149 的第 2 个心跳包发送成功
[02:09:52 INF] 【直播间】7184632 的第 2 个心跳包发送成功
[02:09:53 INF] 【直播间】23447660 的第 2 个心跳包发送成功
[02:09:54 INF] 【直播间】929670 的第 2 个心跳包发送成功
[02:09:55 INF] 【直播间】11732699 的第 2 个心跳包发送成功
[02:09:57 INF] 【直播间】91164 的第 2 个心跳包发送成功
[02:09:58 INF] 【直播间】22764265 的第 2 个心跳包发送成功
[02:10:51 INF] 【直播间】23357926 的第 3 个心跳包发送成功
[02:10:52 INF] 【直播间】23040372 的第 3 个心跳包发送成功
[02:10:53 INF] 【直播间】31494 的第 3 个心跳包发送成功
[02:10:54 INF] 【直播间】4015781 的第 3 个心跳包发送成功
[02:10:56 INF] 【直播间】9619073 的第 3 个心跳包发送成功
[02:10:57 INF] 【直播间】407149 的第 3 个心跳包发送成功
[02:10:58 INF] 【直播间】7184632 的第 3 个心跳包发送成功
[02:11:00 INF] 【直播间】23447660 的第 3 个心跳包发送成功
[02:11:01 INF] 【直播间】929670 的第 3 个心跳包发送成功
[02:11:02 INF] 【直播间】11732699 的第 3 个心跳包发送成功
[02:11:04 INF] 【直播间】91164 的第 3 个心跳包发送成功
[02:11:05 INF] 【直播间】22764265 的第 3 个心跳包发送成功
[02:11:57 INF] 【直播间】23357926 的第 4 个心跳包发送成功
[02:11:58 INF] 【直播间】23040372 的第 4 个心跳包发送成功
[02:12:00 INF] 【直播间】31494 的第 4 个心跳包发送成功
[02:12:01 INF] 【直播间】4015781 的第 4 个心跳包发送成功
[02:12:02 INF] 【直播间】9619073 的第 4 个心跳包发送成功
[02:12:03 INF] 【直播间】407149 的第 4 个心跳包发送成功
[02:12:05 INF] 【直播间】7184632 的第 4 个心跳包发送成功
[02:12:06 INF] 【直播间】23447660 的第 4 个心跳包发送成功
[02:12:07 INF] 【直播间】929670 的第 4 个心跳包发送成功
[02:12:08 INF] 【直播间】11732699 的第 4 个心跳包发送成功
[02:12:10 INF] 【直播间】91164 的第 4 个心跳包发送成功
[02:12:11 INF] 【直播间】22764265 的第 4 个心跳包发送成功
[02:13:04 INF] 【直播间】23357926 的第 5 个心跳包发送成功
[02:13:05 INF] 【直播间】23040372 的第 5 个心跳包发送成功
[02:13:06 INF] 【直播间】31494 的第 5 个心跳包发送成功
[02:13:07 INF] 【直播间】4015781 的第 5 个心跳包发送成功
[02:13:09 INF] 【直播间】9619073 的第 5 个心跳包发送成功
[02:13:10 INF] 【直播间】407149 的第 5 个心跳包发送成功
[02:13:11 INF] 【直播间】7184632 的第 5 个心跳包发送成功
[02:13:12 INF] 【直播间】23447660 的第 5 个心跳包发送成功
[02:13:14 INF] 【直播间】929670 的第 5 个心跳包发送成功
[02:13:15 INF] 【直播间】11732699 的第 5 个心跳包发送成功
[02:13:16 INF] 【直播间】91164 的第 5 个心跳包发送成功
[02:13:18 INF] 【直播间】22764265 的第 5 个心跳包发送成功
[02:14:10 INF] 【直播间】23357926 的第 6 个心跳包发送成功
[02:14:12 INF] 【直播间】23040372 的第 6 个心跳包发送成功
[02:14:13 INF] 【直播间】31494 的第 6 个心跳包发送成功
[02:14:14 INF] 【直播间】4015781 的第 6 个心跳包发送成功
[02:14:16 INF] 【直播间】9619073 的第 6 个心跳包发送成功
[02:14:17 INF] 【直播间】407149 的第 6 个心跳包发送成功
[02:14:18 INF] 【直播间】7184632 的第 6 个心跳包发送成功
[02:14:19 INF] 【直播间】23447660 的第 6 个心跳包发送成功
[02:14:21 INF] 【直播间】929670 的第 6 个心跳包发送成功
[02:14:22 INF] 【直播间】11732699 的第 6 个心跳包发送成功
[02:14:23 INF] 【直播间】91164 的第 6 个心跳包发送成功
[02:14:24 INF] 【直播间】22764265 的第 6 个心跳包发送成功
[02:15:17 INF] 【直播间】23357926 的第 7 个心跳包发送成功
[02:15:18 INF] 【直播间】23040372 的第 7 个心跳包发送成功
[02:15:20 INF] 【直播间】31494 的第 7 个心跳包发送成功
[02:15:21 INF] 【直播间】4015781 的第 7 个心跳包发送成功
[02:15:22 INF] 【直播间】9619073 的第 7 个心跳包发送成功
[02:15:23 INF] 【直播间】407149 的第 7 个心跳包发送成功
[02:15:25 INF] 【直播间】7184632 的第 7 个心跳包发送成功
[02:15:26 INF] 【直播间】23447660 的第 7 个心跳包发送成功
[02:15:27 INF] 【直播间】929670 的第 7 个心跳包发送成功
[02:15:29 INF] 【直播间】11732699 的第 7 个心跳包发送成功
[02:15:30 INF] 【直播间】91164 的第 7 个心跳包发送成功
[02:15:31 INF] 【直播间】22764265 的第 7 个心跳包发送成功
[02:16:24 INF] 【直播间】23357926 的第 8 个心跳包发送成功
[02:16:25 INF] 【直播间】23040372 的第 8 个心跳包发送成功
[02:16:26 INF] 【直播间】31494 的第 8 个心跳包发送成功
[02:16:27 INF] 【直播间】4015781 的第 8 个心跳包发送成功
[02:16:29 INF] 【直播间】9619073 的第 8 个心跳包发送成功
[02:16:30 INF] 【直播间】407149 的第 8 个心跳包发送成功
[02:16:31 INF] 【直播间】7184632 的第 8 个心跳包发送成功
[02:16:32 INF] 【直播间】23447660 的第 8 个心跳包发送成功
[02:16:34 INF] 【直播间】929670 的第 8 个心跳包发送成功
[02:16:35 INF] 【直播间】11732699 的第 8 个心跳包发送成功
[02:16:36 INF] 【直播间】91164 的第 8 个心跳包发送成功
[02:16:38 INF] 【直播间】22764265 的第 8 个心跳包发送成功
[02:17:30 INF] 【直播间】23357926 的第 9 个心跳包发送成功
[02:17:31 INF] 【直播间】23040372 的第 9 个心跳包发送成功
[02:17:33 INF] 【直播间】31494 的第 9 个心跳包发送成功
[02:17:34 INF] 【直播间】4015781 的第 9 个心跳包发送成功
[02:17:35 INF] 【直播间】9619073 的第 9 个心跳包发送成功
[02:17:37 INF] 【直播间】407149 的第 9 个心跳包发送成功
[02:17:38 INF] 【直播间】7184632 的第 9 个心跳包发送成功
[02:17:39 INF] 【直播间】23447660 的第 9 个心跳包发送成功
[02:17:40 INF] 【直播间】929670 的第 9 个心跳包发送成功
[02:17:42 INF] 【直播间】11732699 的第 9 个心跳包发送成功
[02:17:43 INF] 【直播间】91164 的第 9 个心跳包发送成功
[02:17:44 INF] 【直播间】22764265 的第 9 个心跳包发送成功
[02:18:37 INF] 【直播间】23357926 的第 10 个心跳包发送成功
[02:18:38 INF] 【直播间】23040372 的第 10 个心跳包发送成功
[02:18:39 INF] 【直播间】31494 的第 10 个心跳包发送成功
[02:18:40 INF] 【直播间】4015781 的第 10 个心跳包发送成功
[02:18:42 INF] 【直播间】9619073 的第 10 个心跳包发送成功
[02:18:43 INF] 【直播间】407149 的第 10 个心跳包发送成功
[02:18:44 INF] 【直播间】7184632 的第 10 个心跳包发送成功
[02:18:46 INF] 【直播间】23447660 的第 10 个心跳包发送成功
[02:18:47 INF] 【直播间】929670 的第 10 个心跳包发送成功
[02:18:48 INF] 【直播间】11732699 的第 10 个心跳包发送成功
[02:18:49 INF] 【直播间】91164 的第 10 个心跳包发送成功
[02:18:51 INF] 【直播间】22764265 的第 10 个心跳包发送成功
[02:19:43 INF] 【直播间】23357926 的第 11 个心跳包发送成功
[02:19:45 INF] 【直播间】23040372 的第 11 个心跳包发送成功
[02:19:46 INF] 【直播间】31494 的第 11 个心跳包发送成功
[02:19:47 INF] 【直播间】4015781 的第 11 个心跳包发送成功
[02:19:49 INF] 【直播间】9619073 的第 11 个心跳包发送成功
[02:19:50 INF] 【直播间】407149 的第 11 个心跳包发送成功
[02:19:51 INF] 【直播间】7184632 的第 11 个心跳包发送成功
[02:19:53 INF] 【直播间】23447660 的第 11 个心跳包发送成功
[02:19:54 INF] 【直播间】929670 的第 11 个心跳包发送成功
[02:19:55 INF] 【直播间】11732699 的第 11 个心跳包发送成功
[02:19:57 INF] 【直播间】91164 的第 11 个心跳包发送成功
[02:19:58 INF] 【直播间】22764265 的第 11 个心跳包发送成功
[02:20:50 INF] 【直播间】23357926 的第 12 个心跳包发送成功
[02:20:52 INF] 【直播间】23040372 的第 12 个心跳包发送成功
[02:20:53 INF] 【直播间】31494 的第 12 个心跳包发送成功
[02:20:54 INF] 【直播间】4015781 的第 12 个心跳包发送成功
[02:20:55 INF] 【直播间】9619073 的第 12 个心跳包发送成功
[02:20:57 INF] 【直播间】407149 的第 12 个心跳包发送成功
[02:20:58 INF] 【直播间】7184632 的第 12 个心跳包发送成功
[02:20:59 INF] 【直播间】23447660 的第 12 个心跳包发送成功
[02:21:01 INF] 【直播间】929670 的第 12 个心跳包发送成功
[02:21:02 INF] 【直播间】11732699 的第 12 个心跳包发送成功
[02:21:03 INF] 【直播间】91164 的第 12 个心跳包发送成功
[02:21:05 INF] 【直播间】22764265 的第 12 个心跳包发送成功
[02:21:57 INF] 【直播间】23357926 的第 13 个心跳包发送成功
[02:21:58 INF] 【直播间】23040372 的第 13 个心跳包发送成功
[02:22:00 INF] 【直播间】31494 的第 13 个心跳包发送成功
[02:22:01 INF] 【直播间】4015781 的第 13 个心跳包发送成功
[02:22:02 INF] 【直播间】9619073 的第 13 个心跳包发送成功
[02:22:03 INF] 【直播间】407149 的第 13 个心跳包发送成功
[02:22:05 INF] 【直播间】7184632 的第 13 个心跳包发送成功
[02:22:06 INF] 【直播间】23447660 的第 13 个心跳包发送成功
[02:22:07 INF] 【直播间】929670 的第 13 个心跳包发送成功
[02:22:09 INF] 【直播间】11732699 的第 13 个心跳包发送成功
[02:22:10 INF] 【直播间】91164 的第 13 个心跳包发送成功
[02:22:11 INF] 【直播间】22764265 的第 13 个心跳包发送成功
[02:23:03 INF] 【直播间】23357926 的第 14 个心跳包发送成功
[02:23:05 INF] 【直播间】23040372 的第 14 个心跳包发送成功
[02:23:06 INF] 【直播间】31494 的第 14 个心跳包发送成功
[02:23:07 INF] 【直播间】4015781 的第 14 个心跳包发送成功
[02:23:09 INF] 【直播间】9619073 的第 14 个心跳包发送成功
[02:23:10 INF] 【直播间】407149 的第 14 个心跳包发送成功
[02:23:11 INF] 【直播间】7184632 的第 14 个心跳包发送成功
[02:23:13 INF] 【直播间】23447660 的第 14 个心跳包发送成功
[02:23:14 INF] 【直播间】929670 的第 14 个心跳包发送成功
[02:23:15 INF] 【直播间】11732699 的第 14 个心跳包发送成功
[02:23:17 INF] 【直播间】91164 的第 14 个心跳包发送成功
[02:23:18 INF] 【直播间】22764265 的第 14 个心跳包发送成功
[02:24:10 ERR] 【心跳包】直播间 23357926 发送失败
[02:24:10 ERR] 【原因】time check failed
[02:24:11 ERR] 【心跳包】直播间 23040372 发送失败
[02:24:11 ERR] 【原因】time check failed
[02:24:12 ERR] 【心跳包】直播间 31494 发送失败
[02:24:12 ERR] 【原因】time check failed
[02:24:14 ERR] 【心跳包】直播间 4015781 发送失败
[02:24:14 ERR] 【原因】time check failed
[02:24:15 ERR] 【心跳包】直播间 9619073 发送失败
[02:24:15 ERR] 【原因】time check failed
[02:24:16 ERR] 【心跳包】直播间 407149 发送失败
[02:24:16 ERR] 【原因】time check failed
[02:24:18 ERR] 【心跳包】直播间 7184632 发送失败
[02:24:18 ERR] 【原因】time check failed
[02:24:19 ERR] 【心跳包】直播间 23447660 发送失败
[02:24:19 ERR] 【原因】time check failed
[02:24:21 ERR] 【心跳包】直播间 929670 发送失败
[02:24:21 ERR] 【原因】time check failed
[02:24:22 ERR] 【心跳包】直播间 11732699 发送失败
[02:24:22 ERR] 【原因】time check failed
[02:24:23 ERR] 【心跳包】直播间 91164 发送失败
[02:24:23 ERR] 【原因】time check failed
[02:24:24 ERR] 【心跳包】直播间 22764265 发送失败
[02:24:24 ERR] 【原因】time check failed
[02:25:16 INF] 【直播间】23357926 的第 15 个心跳包发送成功
[02:25:18 INF] 【直播间】23040372 的第 15 个心跳包发送成功
[02:25:19 INF] 【直播间】31494 的第 15 个心跳包发送成功
[02:25:20 INF] 【直播间】4015781 的第 15 个心跳包发送成功
[02:25:22 INF] 【直播间】9619073 的第 15 个心跳包发送成功
[02:25:23 INF] 【直播间】407149 的第 15 个心跳包发送成功
[02:25:24 INF] 【直播间】7184632 的第 15 个心跳包发送成功
[02:25:26 INF] 【直播间】23447660 的第 15 个心跳包发送成功
[02:25:27 INF] 【直播间】929670 的第 15 个心跳包发送成功
[02:25:28 INF] 【直播间】11732699 的第 15 个心跳包发送成功
[02:25:29 INF] 【直播间】91164 的第 15 个心跳包发送成功
[02:25:31 INF] 【直播间】22764265 的第 15 个心跳包发送成功
[02:26:23 INF] 【直播间】23357926 的第 16 个心跳包发送成功
[02:26:24 INF] 【直播间】23040372 的第 16 个心跳包发送成功
[02:26:26 INF] 【直播间】31494 的第 16 个心跳包发送成功
[02:26:27 INF] 【直播间】4015781 的第 16 个心跳包发送成功
[02:26:28 INF] 【直播间】9619073 的第 16 个心跳包发送成功
[02:26:29 INF] 【直播间】407149 的第 16 个心跳包发送成功
[02:26:31 INF] 【直播间】7184632 的第 16 个心跳包发送成功
[02:26:32 INF] 【直播间】23447660 的第 16 个心跳包发送成功
[02:26:33 INF] 【直播间】929670 的第 16 个心跳包发送成功
[02:26:34 INF] 【直播间】11732699 的第 16 个心跳包发送成功
[02:26:36 INF] 【直播间】91164 的第 16 个心跳包发送成功
[02:26:37 INF] 【直播间】22764265 的第 16 个心跳包发送成功
[02:27:30 INF] 【直播间】23357926 的第 17 个心跳包发送成功
[02:27:31 INF] 【直播间】23040372 的第 17 个心跳包发送成功
[02:27:32 INF] 【直播间】31494 的第 17 个心跳包发送成功
[02:27:34 INF] 【直播间】4015781 的第 17 个心跳包发送成功
[02:27:35 INF] 【直播间】9619073 的第 17 个心跳包发送成功
[02:27:36 INF] 【直播间】407149 的第 17 个心跳包发送成功
[02:27:38 INF] 【直播间】7184632 的第 17 个心跳包发送成功
[02:27:39 INF] 【直播间】23447660 的第 17 个心跳包发送成功
[02:27:40 INF] 【直播间】929670 的第 17 个心跳包发送成功
[02:27:41 INF] 【直播间】11732699 的第 17 个心跳包发送成功
[02:27:43 INF] 【直播间】91164 的第 17 个心跳包发送成功
[02:27:44 INF] 【直播间】22764265 的第 17 个心跳包发送成功
[02:28:36 INF] 【直播间】23357926 的第 18 个心跳包发送成功
[02:28:38 INF] 【直播间】23040372 的第 18 个心跳包发送成功
[02:28:39 INF] 【直播间】31494 的第 18 个心跳包发送成功
[02:28:40 INF] 【直播间】4015781 的第 18 个心跳包发送成功
[02:28:42 INF] 【直播间】9619073 的第 18 个心跳包发送成功
[02:28:43 INF] 【直播间】407149 的第 18 个心跳包发送成功
[02:28:44 INF] 【直播间】7184632 的第 18 个心跳包发送成功
[02:28:45 INF] 【直播间】23447660 的第 18 个心跳包发送成功
[02:28:47 INF] 【直播间】929670 的第 18 个心跳包发送成功
[02:28:48 INF] 【直播间】11732699 的第 18 个心跳包发送成功
[02:28:49 INF] 【直播间】91164 的第 18 个心跳包发送成功
[02:28:50 INF] 【直播间】22764265 的第 18 个心跳包发送成功
[02:29:43 INF] 【直播间】23357926 的第 19 个心跳包发送成功
[02:29:44 INF] 【直播间】23040372 的第 19 个心跳包发送成功
[02:29:45 INF] 【直播间】31494 的第 19 个心跳包发送成功
[02:29:47 INF] 【直播间】4015781 的第 19 个心跳包发送成功
[02:29:48 INF] 【直播间】9619073 的第 19 个心跳包发送成功
[02:29:49 INF] 【直播间】407149 的第 19 个心跳包发送成功
[02:29:51 INF] 【直播间】7184632 的第 19 个心跳包发送成功
[02:29:52 INF] 【直播间】23447660 的第 19 个心跳包发送成功
[02:29:53 INF] 【直播间】929670 的第 19 个心跳包发送成功
[02:29:54 INF] 【直播间】11732699 的第 19 个心跳包发送成功
[02:29:56 INF] 【直播间】91164 的第 19 个心跳包发送成功
[02:29:57 INF] 【直播间】22764265 的第 19 个心跳包发送成功
[02:30:50 INF] 【直播间】23357926 的第 20 个心跳包发送成功
[02:30:51 INF] 【直播间】23040372 的第 20 个心跳包发送成功
[02:30:52 INF] 【直播间】31494 的第 20 个心跳包发送成功
[02:30:53 INF] 【直播间】4015781 的第 20 个心跳包发送成功
[02:30:55 INF] 【直播间】9619073 的第 20 个心跳包发送成功
[02:30:56 INF] 【直播间】407149 的第 20 个心跳包发送成功
[02:30:57 INF] 【直播间】7184632 的第 20 个心跳包发送成功
[02:30:58 INF] 【直播间】23447660 的第 20 个心跳包发送成功
[02:31:00 INF] 【直播间】929670 的第 20 个心跳包发送成功
[02:31:01 INF] 【直播间】11732699 的第 20 个心跳包发送成功
[02:31:02 INF] 【直播间】91164 的第 20 个心跳包发送成功
[02:31:04 INF] 【直播间】22764265 的第 20 个心跳包发送成功
[02:31:56 INF] 【直播间】23357926 的第 21 个心跳包发送成功
[02:31:57 INF] 【直播间】23040372 的第 21 个心跳包发送成功
[02:31:59 INF] 【直播间】31494 的第 21 个心跳包发送成功
[02:32:00 INF] 【直播间】4015781 的第 21 个心跳包发送成功
[02:32:01 INF] 【直播间】9619073 的第 21 个心跳包发送成功
[02:32:02 INF] 【直播间】407149 的第 21 个心跳包发送成功
[02:32:04 INF] 【直播间】7184632 的第 21 个心跳包发送成功
[02:32:05 INF] 【直播间】23447660 的第 21 个心跳包发送成功
[02:32:06 INF] 【直播间】929670 的第 21 个心跳包发送成功
[02:32:08 INF] 【直播间】11732699 的第 21 个心跳包发送成功
[02:32:09 INF] 【直播间】91164 的第 21 个心跳包发送成功
[02:32:10 INF] 【直播间】22764265 的第 21 个心跳包发送成功
[02:33:03 INF] 【直播间】23357926 的第 22 个心跳包发送成功
[02:33:04 INF] 【直播间】23040372 的第 22 个心跳包发送成功
[02:33:05 INF] 【直播间】31494 的第 22 个心跳包发送成功
[02:33:07 INF] 【直播间】4015781 的第 22 个心跳包发送成功
[02:33:08 INF] 【直播间】9619073 的第 22 个心跳包发送成功
[02:33:09 INF] 【直播间】407149 的第 22 个心跳包发送成功
[02:33:10 INF] 【直播间】7184632 的第 22 个心跳包发送成功
[02:33:12 INF] 【直播间】23447660 的第 22 个心跳包发送成功
[02:33:13 INF] 【直播间】929670 的第 22 个心跳包发送成功
[02:33:14 INF] 【直播间】11732699 的第 22 个心跳包发送成功
[02:33:16 INF] 【直播间】91164 的第 22 个心跳包发送成功
[02:33:17 INF] 【直播间】22764265 的第 22 个心跳包发送成功
[02:34:09 INF] 【直播间】23357926 的第 23 个心跳包发送成功
[02:34:11 INF] 【直播间】23040372 的第 23 个心跳包发送成功
[02:34:12 INF] 【直播间】31494 的第 23 个心跳包发送成功
[02:34:13 INF] 【直播间】4015781 的第 23 个心跳包发送成功
[02:34:14 INF] 【直播间】9619073 的第 23 个心跳包发送成功
[02:34:16 INF] 【直播间】407149 的第 23 个心跳包发送成功
[02:34:17 INF] 【直播间】7184632 的第 23 个心跳包发送成功
[02:34:18 INF] 【直播间】23447660 的第 23 个心跳包发送成功
[02:34:20 INF] 【直播间】929670 的第 23 个心跳包发送成功
[02:34:21 INF] 【直播间】11732699 的第 23 个心跳包发送成功
[02:34:22 INF] 【直播间】91164 的第 23 个心跳包发送成功
[02:34:23 INF] 【直播间】22764265 的第 23 个心跳包发送成功
[02:35:16 INF] 【直播间】23357926 的第 24 个心跳包发送成功
[02:35:17 INF] 【直播间】23040372 的第 24 个心跳包发送成功
[02:35:18 INF] 【直播间】31494 的第 24 个心跳包发送成功
[02:35:20 INF] 【直播间】4015781 的第 24 个心跳包发送成功
[02:35:21 INF] 【直播间】9619073 的第 24 个心跳包发送成功
[02:35:22 INF] 【直播间】407149 的第 24 个心跳包发送成功
[02:35:24 INF] 【直播间】7184632 的第 24 个心跳包发送成功
[02:35:25 INF] 【直播间】23447660 的第 24 个心跳包发送成功
[02:35:26 INF] 【直播间】929670 的第 24 个心跳包发送成功
[02:35:27 INF] 【直播间】11732699 的第 24 个心跳包发送成功
[02:35:29 INF] 【直播间】91164 的第 24 个心跳包发送成功
[02:35:30 INF] 【直播间】22764265 的第 24 个心跳包发送成功
[02:36:23 INF] 【直播间】23357926 的第 25 个心跳包发送成功
[02:36:24 INF] 【直播间】23040372 的第 25 个心跳包发送成功
[02:36:25 INF] 【直播间】31494 的第 25 个心跳包发送成功
[02:36:26 INF] 【直播间】4015781 的第 25 个心跳包发送成功
[02:36:28 INF] 【直播间】9619073 的第 25 个心跳包发送成功
[02:36:29 INF] 【直播间】407149 的第 25 个心跳包发送成功
[02:36:30 INF] 【直播间】7184632 的第 25 个心跳包发送成功
[02:36:31 INF] 【直播间】23447660 的第 25 个心跳包发送成功
[02:36:33 INF] 【直播间】929670 的第 25 个心跳包发送成功
[02:36:34 INF] 【直播间】11732699 的第 25 个心跳包发送成功
[02:36:35 INF] 【直播间】91164 的第 25 个心跳包发送成功
[02:36:37 INF] 【直播间】22764265 的第 25 个心跳包发送成功
[02:37:29 INF] 【直播间】23357926 的第 26 个心跳包发送成功
[02:37:30 INF] 【直播间】23040372 的第 26 个心跳包发送成功
[02:37:32 INF] 【直播间】31494 的第 26 个心跳包发送成功
[02:37:33 INF] 【直播间】4015781 的第 26 个心跳包发送成功
[02:37:34 INF] 【直播间】9619073 的第 26 个心跳包发送成功
[02:37:35 INF] 【直播间】407149 的第 26 个心跳包发送成功
[02:37:37 INF] 【直播间】7184632 的第 26 个心跳包发送成功
[02:37:38 INF] 【直播间】23447660 的第 26 个心跳包发送成功
[02:37:39 INF] 【直播间】929670 的第 26 个心跳包发送成功
[02:37:40 INF] 【直播间】11732699 的第 26 个心跳包发送成功
[02:37:42 INF] 【直播间】91164 的第 26 个心跳包发送成功
[02:37:43 INF] 【直播间】22764265 的第 26 个心跳包发送成功
[02:38:36 INF] 【直播间】23357926 的第 27 个心跳包发送成功
[02:38:37 INF] 【直播间】23040372 的第 27 个心跳包发送成功
[02:38:38 INF] 【直播间】31494 的第 27 个心跳包发送成功
[02:38:40 INF] 【直播间】4015781 的第 27 个心跳包发送成功
[02:38:41 INF] 【直播间】9619073 的第 27 个心跳包发送成功
[02:38:42 INF] 【直播间】407149 的第 27 个心跳包发送成功
[02:38:44 INF] 【直播间】7184632 的第 27 个心跳包发送成功
[02:38:45 INF] 【直播间】23447660 的第 27 个心跳包发送成功
[02:38:46 INF] 【直播间】929670 的第 27 个心跳包发送成功
[02:38:47 INF] 【直播间】11732699 的第 27 个心跳包发送成功
[02:38:49 INF] 【直播间】91164 的第 27 个心跳包发送成功
[02:38:50 INF] 【直播间】22764265 的第 27 个心跳包发送成功
[02:39:42 ERR] 【心跳包】直播间 23357926 发送失败
[02:39:42 ERR] 【原因】time check failed
[02:39:44 ERR] 【心跳包】直播间 23040372 发送失败
[02:39:44 ERR] 【原因】time check failed
[02:39:45 ERR] 【心跳包】直播间 31494 发送失败
[02:39:45 ERR] 【原因】time check failed
[02:39:46 ERR] 【心跳包】直播间 4015781 发送失败
[02:39:46 ERR] 【原因】time check failed
[02:39:47 ERR] 【心跳包】直播间 9619073 发送失败
[02:39:47 ERR] 【原因】time check failed
[02:39:49 ERR] 【心跳包】直播间 407149 发送失败
[02:39:49 ERR] 【原因】time check failed
[02:39:50 ERR] 【心跳包】直播间 7184632 发送失败
[02:39:50 ERR] 【原因】time check failed
[02:39:51 ERR] 【心跳包】直播间 23447660 发送失败
[02:39:51 ERR] 【原因】time check failed
[02:39:52 ERR] 【心跳包】直播间 929670 发送失败
[02:39:52 ERR] 【原因】time check failed
[02:39:54 ERR] 【心跳包】直播间 11732699 发送失败
[02:39:54 ERR] 【原因】time check failed
[02:39:55 ERR] 【心跳包】直播间 91164 发送失败
[02:39:55 ERR] 【原因】time check failed
[02:39:56 ERR] 【心跳包】直播间 22764265 发送失败
[02:39:56 ERR] 【原因】time check failed
[02:40:49 INF] 【直播间】23357926 的第 28 个心跳包发送成功
[02:40:50 INF] 【直播间】23040372 的第 28 个心跳包发送成功
[02:40:52 INF] 【直播间】31494 的第 28 个心跳包发送成功
[02:40:53 INF] 【直播间】4015781 的第 28 个心跳包发送成功
[02:40:54 INF] 【直播间】9619073 的第 28 个心跳包发送成功
[02:40:55 INF] 【直播间】407149 的第 28 个心跳包发送成功
[02:40:57 INF] 【直播间】7184632 的第 28 个心跳包发送成功
[02:40:58 INF] 【直播间】23447660 的第 28 个心跳包发送成功
[02:40:59 INF] 【直播间】929670 的第 28 个心跳包发送成功
[02:41:00 INF] 【直播间】11732699 的第 28 个心跳包发送成功
[02:41:02 INF] 【直播间】91164 的第 28 个心跳包发送成功
[02:41:03 INF] 【直播间】22764265 的第 28 个心跳包发送成功
[02:41:56 INF] 【直播间】23357926 的第 29 个心跳包发送成功
[02:41:57 INF] 【直播间】23040372 的第 29 个心跳包发送成功
[02:41:58 INF] 【直播间】31494 的第 29 个心跳包发送成功
[02:41:59 INF] 【直播间】4015781 的第 29 个心跳包发送成功
[02:42:01 INF] 【直播间】9619073 的第 29 个心跳包发送成功
[02:42:02 INF] 【直播间】407149 的第 29 个心跳包发送成功
[02:42:03 INF] 【直播间】7184632 的第 29 个心跳包发送成功
[02:42:04 INF] 【直播间】23447660 的第 29 个心跳包发送成功
[02:42:06 INF] 【直播间】929670 的第 29 个心跳包发送成功
[02:42:07 INF] 【直播间】11732699 的第 29 个心跳包发送成功
[02:42:08 INF] 【直播间】91164 的第 29 个心跳包发送成功
[02:42:09 INF] 【直播间】22764265 的第 29 个心跳包发送成功
[02:43:02 INF] 【直播间】23357926 的第 30 个心跳包发送成功
[02:43:04 INF] 【直播间】23040372 的第 30 个心跳包发送成功
[02:43:05 INF] 【直播间】31494 的第 30 个心跳包发送成功
[02:43:06 INF] 【直播间】4015781 的第 30 个心跳包发送成功
[02:43:07 INF] 【直播间】9619073 的第 30 个心跳包发送成功
[02:43:09 INF] 【直播间】407149 的第 30 个心跳包发送成功
[02:43:10 INF] 【直播间】7184632 的第 30 个心跳包发送成功
[02:43:11 INF] 【直播间】23447660 的第 30 个心跳包发送成功
[02:43:12 INF] 【直播间】929670 的第 30 个心跳包发送成功
[02:43:14 INF] 【直播间】11732699 的第 30 个心跳包发送成功
[02:43:15 INF] 【直播间】91164 的第 30 个心跳包发送成功
[02:43:16 INF] 【直播间】22764265 的第 30 个心跳包发送成功
[02:44:09 INF] 【直播间】23357926 的第 31 个心跳包发送成功
[02:44:10 INF] 【直播间】23040372 的第 31 个心跳包发送成功
[02:44:11 INF] 【直播间】31494 的第 31 个心跳包发送成功
[02:44:13 INF] 【直播间】4015781 的第 31 个心跳包发送成功
[02:44:14 INF] 【直播间】9619073 的第 31 个心跳包发送成功
[02:44:15 INF] 【直播间】407149 的第 31 个心跳包发送成功
[02:44:17 INF] 【直播间】7184632 的第 31 个心跳包发送成功
[02:44:18 INF] 【直播间】23447660 的第 31 个心跳包发送成功
[02:44:19 INF] 【直播间】929670 的第 31 个心跳包发送成功
[02:44:21 INF] 【直播间】11732699 的第 31 个心跳包发送成功
[02:44:22 INF] 【直播间】91164 的第 31 个心跳包发送成功
[02:44:23 INF] 【直播间】22764265 的第 31 个心跳包发送成功
[02:45:15 INF] 【直播间】23357926 的第 32 个心跳包发送成功
[02:45:17 INF] 【直播间】23040372 的第 32 个心跳包发送成功
[02:45:18 INF] 【直播间】31494 的第 32 个心跳包发送成功
[02:45:19 INF] 【直播间】4015781 的第 32 个心跳包发送成功
[02:45:20 INF] 【直播间】9619073 的第 32 个心跳包发送成功
[02:45:22 INF] 【直播间】407149 的第 32 个心跳包发送成功
[02:45:23 INF] 【直播间】7184632 的第 32 个心跳包发送成功
[02:45:24 INF] 【直播间】23447660 的第 32 个心跳包发送成功
[02:45:26 INF] 【直播间】929670 的第 32 个心跳包发送成功
[02:45:27 INF] 【直播间】11732699 的第 32 个心跳包发送成功
[02:45:28 INF] 【直播间】91164 的第 32 个心跳包发送成功
[02:45:29 INF] 【直播间】22764265 的第 32 个心跳包发送成功
[02:46:22 INF] 【直播间】23357926 的第 33 个心跳包发送成功
[02:46:23 INF] 【直播间】23040372 的第 33 个心跳包发送成功
[02:46:25 INF] 【直播间】31494 的第 33 个心跳包发送成功
[02:46:26 INF] 【直播间】4015781 的第 33 个心跳包发送成功
[02:46:27 INF] 【直播间】9619073 的第 33 个心跳包发送成功
[02:46:28 INF] 【直播间】407149 的第 33 个心跳包发送成功
[02:46:30 INF] 【直播间】7184632 的第 33 个心跳包发送成功
[02:46:31 INF] 【直播间】23447660 的第 33 个心跳包发送成功
[02:46:32 INF] 【直播间】929670 的第 33 个心跳包发送成功
[02:46:34 INF] 【直播间】11732699 的第 33 个心跳包发送成功
[02:46:35 INF] 【直播间】91164 的第 33 个心跳包发送成功
[02:46:36 INF] 【直播间】22764265 的第 33 个心跳包发送成功
[02:47:29 INF] 【直播间】23357926 的第 34 个心跳包发送成功
[02:47:30 INF] 【直播间】23040372 的第 34 个心跳包发送成功
[02:47:31 INF] 【直播间】31494 的第 34 个心跳包发送成功
[02:47:32 INF] 【直播间】4015781 的第 34 个心跳包发送成功
[02:47:34 INF] 【直播间】9619073 的第 34 个心跳包发送成功
[02:47:35 INF] 【直播间】407149 的第 34 个心跳包发送成功
[02:47:37 INF] 【直播间】7184632 的第 34 个心跳包发送成功
[02:47:38 INF] 【直播间】23447660 的第 34 个心跳包发送成功
[02:47:39 INF] 【直播间】929670 的第 34 个心跳包发送成功
[02:47:40 INF] 【直播间】11732699 的第 34 个心跳包发送成功
[02:47:42 INF] 【直播间】91164 的第 34 个心跳包发送成功
[02:47:43 INF] 【直播间】22764265 的第 34 个心跳包发送成功
[02:48:35 INF] 【直播间】23357926 的第 35 个心跳包发送成功
[02:48:37 INF] 【直播间】23040372 的第 35 个心跳包发送成功
[02:48:38 INF] 【直播间】31494 的第 35 个心跳包发送成功
[02:48:39 INF] 【直播间】4015781 的第 35 个心跳包发送成功
[02:48:41 INF] 【直播间】9619073 的第 35 个心跳包发送成功
[02:48:42 INF] 【直播间】407149 的第 35 个心跳包发送成功
[02:48:43 INF] 【直播间】7184632 的第 35 个心跳包发送成功
[02:48:44 INF] 【直播间】23447660 的第 35 个心跳包发送成功
[02:48:46 INF] 【直播间】929670 的第 35 个心跳包发送成功
[02:48:47 INF] 【直播间】11732699 的第 35 个心跳包发送成功
[02:48:48 INF] 【直播间】91164 的第 35 个心跳包发送成功
[02:48:50 INF] 【直播间】22764265 的第 35 个心跳包发送成功
[02:49:42 INF] 【直播间】23357926 的第 36 个心跳包发送成功
[02:49:43 INF] 【直播间】23040372 的第 36 个心跳包发送成功
[02:49:44 INF] 【直播间】31494 的第 36 个心跳包发送成功
[02:49:46 INF] 【直播间】4015781 的第 36 个心跳包发送成功
[02:49:47 INF] 【直播间】9619073 的第 36 个心跳包发送成功
[02:49:48 INF] 【直播间】407149 的第 36 个心跳包发送成功
[02:49:50 INF] 【直播间】7184632 的第 36 个心跳包发送成功
[02:49:51 INF] 【直播间】23447660 的第 36 个心跳包发送成功
[02:49:52 INF] 【直播间】929670 的第 36 个心跳包发送成功
[02:49:53 INF] 【直播间】11732699 的第 36 个心跳包发送成功
[02:49:55 INF] 【直播间】91164 的第 36 个心跳包发送成功
[02:49:56 INF] 【直播间】22764265 的第 36 个心跳包发送成功
[02:50:48 INF] 【直播间】23357926 的第 37 个心跳包发送成功
[02:50:50 INF] 【直播间】23040372 的第 37 个心跳包发送成功
[02:50:51 INF] 【直播间】31494 的第 37 个心跳包发送成功
[02:50:52 INF] 【直播间】4015781 的第 37 个心跳包发送成功
[02:50:54 INF] 【直播间】9619073 的第 37 个心跳包发送成功
[02:50:55 INF] 【直播间】407149 的第 37 个心跳包发送成功
[02:50:56 INF] 【直播间】7184632 的第 37 个心跳包发送成功
[02:50:57 INF] 【直播间】23447660 的第 37 个心跳包发送成功
[02:50:59 INF] 【直播间】929670 的第 37 个心跳包发送成功
[02:51:00 INF] 【直播间】11732699 的第 37 个心跳包发送成功
[02:51:01 INF] 【直播间】91164 的第 37 个心跳包发送成功
[02:51:02 INF] 【直播间】22764265 的第 37 个心跳包发送成功
[02:51:55 INF] 【直播间】23357926 的第 38 个心跳包发送成功
[02:51:56 INF] 【直播间】23040372 的第 38 个心跳包发送成功
[02:51:58 INF] 【直播间】31494 的第 38 个心跳包发送成功
[02:51:59 INF] 【直播间】4015781 的第 38 个心跳包发送成功
[02:52:00 INF] 【直播间】9619073 的第 38 个心跳包发送成功
[02:52:01 INF] 【直播间】407149 的第 38 个心跳包发送成功
[02:52:02 INF] 【直播间】7184632 的第 38 个心跳包发送成功
[02:52:04 INF] 【直播间】23447660 的第 38 个心跳包发送成功
[02:52:05 INF] 【直播间】929670 的第 38 个心跳包发送成功
[02:52:07 INF] 【直播间】11732699 的第 38 个心跳包发送成功
[02:52:08 INF] 【直播间】91164 的第 38 个心跳包发送成功
[02:52:09 INF] 【直播间】22764265 的第 38 个心跳包发送成功
[02:53:01 INF] 【直播间】23357926 的第 39 个心跳包发送成功
[02:53:03 INF] 【直播间】23040372 的第 39 个心跳包发送成功
[02:53:04 INF] 【直播间】31494 的第 39 个心跳包发送成功
[02:53:05 INF] 【直播间】4015781 的第 39 个心跳包发送成功
[02:53:07 INF] 【直播间】9619073 的第 39 个心跳包发送成功
[02:53:08 INF] 【直播间】407149 的第 39 个心跳包发送成功
[02:53:09 INF] 【直播间】7184632 的第 39 个心跳包发送成功
[02:53:10 INF] 【直播间】23447660 的第 39 个心跳包发送成功
[02:53:12 INF] 【直播间】929670 的第 39 个心跳包发送成功
[02:53:13 INF] 【直播间】11732699 的第 39 个心跳包发送成功
[02:53:14 INF] 【直播间】91164 的第 39 个心跳包发送成功
[02:53:15 INF] 【直播间】22764265 的第 39 个心跳包发送成功
[02:54:08 INF] 【直播间】23357926 的第 40 个心跳包发送成功
[02:54:09 INF] 【直播间】23040372 的第 40 个心跳包发送成功
[02:54:11 INF] 【直播间】31494 的第 40 个心跳包发送成功
[02:54:12 INF] 【直播间】4015781 的第 40 个心跳包发送成功
[02:54:13 INF] 【直播间】9619073 的第 40 个心跳包发送成功
[02:54:14 INF] 【直播间】407149 的第 40 个心跳包发送成功
[02:54:16 INF] 【直播间】7184632 的第 40 个心跳包发送成功
[02:54:17 INF] 【直播间】23447660 的第 40 个心跳包发送成功
[02:54:18 INF] 【直播间】929670 的第 40 个心跳包发送成功
[02:54:19 INF] 【直播间】11732699 的第 40 个心跳包发送成功
[02:54:21 INF] 【直播间】91164 的第 40 个心跳包发送成功
[02:54:22 INF] 【直播间】22764265 的第 40 个心跳包发送成功
[02:55:15 ERR] 【心跳包】直播间 23357926 发送失败
[02:55:15 ERR] 【原因】time check failed
[02:55:16 ERR] 【心跳包】直播间 23040372 发送失败
[02:55:16 ERR] 【原因】time check failed
[02:55:17 ERR] 【心跳包】直播间 31494 发送失败
[02:55:17 ERR] 【原因】time check failed
[02:55:19 ERR] 【心跳包】直播间 4015781 发送失败
[02:55:19 ERR] 【原因】time check failed
[02:55:20 ERR] 【心跳包】直播间 9619073 发送失败
[02:55:20 ERR] 【原因】time check failed
[02:55:21 ERR] 【心跳包】直播间 407149 发送失败
[02:55:21 ERR] 【原因】time check failed
[02:55:22 ERR] 【心跳包】直播间 7184632 发送失败
[02:55:22 ERR] 【原因】time check failed
[02:55:24 ERR] 【心跳包】直播间 23447660 发送失败
[02:55:24 ERR] 【原因】time check failed
[02:55:25 ERR] 【心跳包】直播间 929670 发送失败
[02:55:25 ERR] 【原因】time check failed
[02:55:26 ERR] 【心跳包】直播间 11732699 发送失败
[02:55:26 ERR] 【原因】time check failed
[02:55:28 ERR] 【心跳包】直播间 91164 发送失败
[02:55:28 ERR] 【原因】time check failed
[02:55:29 ERR] 【心跳包】直播间 22764265 发送失败
[02:55:29 ERR] 【原因】time check failed
[02:56:21 INF] 【直播间】23357926 的第 41 个心跳包发送成功
[02:56:23 INF] 【直播间】23040372 的第 41 个心跳包发送成功
[02:56:24 INF] 【直播间】31494 的第 41 个心跳包发送成功
[02:56:25 INF] 【直播间】4015781 的第 41 个心跳包发送成功
[02:56:27 INF] 【直播间】9619073 的第 41 个心跳包发送成功
[02:56:28 INF] 【直播间】407149 的第 41 个心跳包发送成功
[02:56:29 INF] 【直播间】7184632 的第 41 个心跳包发送成功
[02:56:30 INF] 【直播间】23447660 的第 41 个心跳包发送成功
[02:56:32 INF] 【直播间】929670 的第 41 个心跳包发送成功
[02:56:33 INF] 【直播间】11732699 的第 41 个心跳包发送成功
[02:56:34 INF] 【直播间】91164 的第 41 个心跳包发送成功
[02:56:36 INF] 【直播间】22764265 的第 41 个心跳包发送成功
[02:57:28 INF] 【直播间】23357926 的第 42 个心跳包发送成功
[02:57:29 INF] 【直播间】23040372 的第 42 个心跳包发送成功
[02:57:31 INF] 【直播间】31494 的第 42 个心跳包发送成功
[02:57:32 INF] 【直播间】4015781 的第 42 个心跳包发送成功
[02:57:33 INF] 【直播间】9619073 的第 42 个心跳包发送成功
[02:57:34 INF] 【直播间】407149 的第 42 个心跳包发送成功
[02:57:36 INF] 【直播间】7184632 的第 42 个心跳包发送成功
[02:57:37 INF] 【直播间】23447660 的第 42 个心跳包发送成功
[02:57:38 INF] 【直播间】929670 的第 42 个心跳包发送成功
[02:57:40 INF] 【直播间】11732699 的第 42 个心跳包发送成功
[02:57:41 INF] 【直播间】91164 的第 42 个心跳包发送成功
[02:57:42 INF] 【直播间】22764265 的第 42 个心跳包发送成功
[02:58:35 INF] 【直播间】23357926 的第 43 个心跳包发送成功
[02:58:36 INF] 【直播间】23040372 的第 43 个心跳包发送成功
[02:58:37 INF] 【直播间】31494 的第 43 个心跳包发送成功
[02:58:39 INF] 【直播间】4015781 的第 43 个心跳包发送成功
[02:58:40 INF] 【直播间】9619073 的第 43 个心跳包发送成功
[02:58:41 INF] 【直播间】407149 的第 43 个心跳包发送成功
[02:58:42 INF] 【直播间】7184632 的第 43 个心跳包发送成功
[02:58:44 INF] 【直播间】23447660 的第 43 个心跳包发送成功
[02:58:45 INF] 【直播间】929670 的第 43 个心跳包发送成功
[02:58:46 INF] 【直播间】11732699 的第 43 个心跳包发送成功
[02:58:48 INF] 【直播间】91164 的第 43 个心跳包发送成功
[02:58:49 INF] 【直播间】22764265 的第 43 个心跳包发送成功
[02:59:41 INF] 【直播间】23357926 的第 44 个心跳包发送成功
[02:59:43 INF] 【直播间】23040372 的第 44 个心跳包发送成功
[02:59:44 INF] 【直播间】31494 的第 44 个心跳包发送成功
[02:59:45 INF] 【直播间】4015781 的第 44 个心跳包发送成功
[02:59:46 INF] 【直播间】9619073 的第 44 个心跳包发送成功
[02:59:48 INF] 【直播间】407149 的第 44 个心跳包发送成功
[02:59:49 INF] 【直播间】7184632 的第 44 个心跳包发送成功
[02:59:50 INF] 【直播间】23447660 的第 44 个心跳包发送成功
[02:59:51 INF] 【直播间】929670 的第 44 个心跳包发送成功
[02:59:53 INF] 【直播间】11732699 的第 44 个心跳包发送成功
[02:59:54 INF] 【直播间】91164 的第 44 个心跳包发送成功
[02:59:55 INF] 【直播间】22764265 的第 44 个心跳包发送成功
[03:00:48 INF] 【直播间】23357926 的第 45 个心跳包发送成功
[03:00:49 INF] 【直播间】23040372 的第 45 个心跳包发送成功
[03:00:50 INF] 【直播间】31494 的第 45 个心跳包发送成功
[03:00:52 INF] 【直播间】4015781 的第 45 个心跳包发送成功
[03:00:53 INF] 【直播间】9619073 的第 45 个心跳包发送成功
[03:00:54 INF] 【直播间】407149 的第 45 个心跳包发送成功
[03:00:55 INF] 【直播间】7184632 的第 45 个心跳包发送成功
[03:00:57 INF] 【直播间】23447660 的第 45 个心跳包发送成功
[03:00:58 INF] 【直播间】929670 的第 45 个心跳包发送成功
[03:00:59 INF] 【直播间】11732699 的第 45 个心跳包发送成功
[03:01:01 INF] 【直播间】91164 的第 45 个心跳包发送成功
[03:01:02 INF] 【直播间】22764265 的第 45 个心跳包发送成功
[03:01:54 INF] 【直播间】23357926 的第 46 个心跳包发送成功
[03:01:56 INF] 【直播间】23040372 的第 46 个心跳包发送成功
[03:01:57 INF] 【直播间】31494 的第 46 个心跳包发送成功
[03:01:58 INF] 【直播间】4015781 的第 46 个心跳包发送成功
[03:01:59 INF] 【直播间】9619073 的第 46 个心跳包发送成功
[03:02:01 INF] 【直播间】407149 的第 46 个心跳包发送成功
[03:02:02 INF] 【直播间】7184632 的第 46 个心跳包发送成功
[03:02:03 INF] 【直播间】23447660 的第 46 个心跳包发送成功
[03:02:05 INF] 【直播间】929670 的第 46 个心跳包发送成功
[03:02:06 INF] 【直播间】11732699 的第 46 个心跳包发送成功
[03:02:07 INF] 【直播间】91164 的第 46 个心跳包发送成功
[03:02:08 INF] 【直播间】22764265 的第 46 个心跳包发送成功
[03:03:01 INF] 【直播间】23357926 的第 47 个心跳包发送成功
[03:03:02 INF] 【直播间】23040372 的第 47 个心跳包发送成功
[03:03:04 INF] 【直播间】31494 的第 47 个心跳包发送成功
[03:03:05 INF] 【直播间】4015781 的第 47 个心跳包发送成功
[03:03:06 INF] 【直播间】9619073 的第 47 个心跳包发送成功
[03:03:07 INF] 【直播间】407149 的第 47 个心跳包发送成功
[03:03:09 INF] 【直播间】7184632 的第 47 个心跳包发送成功
[03:03:10 INF] 【直播间】23447660 的第 47 个心跳包发送成功
[03:03:11 INF] 【直播间】929670 的第 47 个心跳包发送成功
[03:03:13 INF] 【直播间】11732699 的第 47 个心跳包发送成功
[03:03:14 INF] 【直播间】91164 的第 47 个心跳包发送成功
[03:03:15 INF] 【直播间】22764265 的第 47 个心跳包发送成功
[03:04:08 INF] 【直播间】23357926 的第 48 个心跳包发送成功
[03:04:09 INF] 【直播间】23040372 的第 48 个心跳包发送成功
[03:04:10 INF] 【直播间】31494 的第 48 个心跳包发送成功
[03:04:12 INF] 【直播间】4015781 的第 48 个心跳包发送成功
[03:04:13 INF] 【直播间】9619073 的第 48 个心跳包发送成功
[03:04:14 INF] 【直播间】407149 的第 48 个心跳包发送成功
[03:04:15 INF] 【直播间】7184632 的第 48 个心跳包发送成功
[03:04:17 INF] 【直播间】23447660 的第 48 个心跳包发送成功
[03:04:18 INF] 【直播间】929670 的第 48 个心跳包发送成功
[03:04:19 INF] 【直播间】11732699 的第 48 个心跳包发送成功
[03:04:21 INF] 【直播间】91164 的第 48 个心跳包发送成功
[03:04:22 INF] 【直播间】22764265 的第 48 个心跳包发送成功
[03:05:14 INF] 【直播间】23357926 的第 49 个心跳包发送成功
[03:05:16 INF] 【直播间】23040372 的第 49 个心跳包发送成功
[03:05:17 INF] 【直播间】31494 的第 49 个心跳包发送成功
[03:05:18 INF] 【直播间】4015781 的第 49 个心跳包发送成功
[03:05:19 INF] 【直播间】9619073 的第 49 个心跳包发送成功
[03:05:21 INF] 【直播间】407149 的第 49 个心跳包发送成功
[03:05:22 INF] 【直播间】7184632 的第 49 个心跳包发送成功
[03:05:23 INF] 【直播间】23447660 的第 49 个心跳包发送成功
[03:05:24 INF] 【直播间】929670 的第 49 个心跳包发送成功
[03:05:26 INF] 【直播间】11732699 的第 49 个心跳包发送成功
[03:05:27 INF] 【直播间】91164 的第 49 个心跳包发送成功
[03:05:28 INF] 【直播间】22764265 的第 49 个心跳包发送成功
[03:06:21 INF] 【直播间】23357926 的第 50 个心跳包发送成功
[03:06:22 INF] 【直播间】23040372 的第 50 个心跳包发送成功
[03:06:23 INF] 【直播间】31494 的第 50 个心跳包发送成功
[03:06:25 INF] 【直播间】4015781 的第 50 个心跳包发送成功
[03:06:26 INF] 【直播间】9619073 的第 50 个心跳包发送成功
[03:06:27 INF] 【直播间】407149 的第 50 个心跳包发送成功
[03:06:29 INF] 【直播间】7184632 的第 50 个心跳包发送成功
[03:06:30 INF] 【直播间】23447660 的第 50 个心跳包发送成功
[03:06:31 INF] 【直播间】929670 的第 50 个心跳包发送成功
[03:06:33 INF] 【直播间】11732699 的第 50 个心跳包发送成功
[03:06:34 INF] 【直播间】91164 的第 50 个心跳包发送成功
[03:06:35 INF] 【直播间】22764265 的第 50 个心跳包发送成功
[03:07:27 INF] 【直播间】23357926 的第 51 个心跳包发送成功
[03:07:29 INF] 【直播间】23040372 的第 51 个心跳包发送成功
[03:07:30 INF] 【直播间】31494 的第 51 个心跳包发送成功
[03:07:31 INF] 【直播间】4015781 的第 51 个心跳包发送成功
[03:07:32 INF] 【直播间】9619073 的第 51 个心跳包发送成功
[03:07:34 INF] 【直播间】407149 的第 51 个心跳包发送成功
[03:07:35 INF] 【直播间】7184632 的第 51 个心跳包发送成功
[03:07:36 INF] 【直播间】23447660 的第 51 个心跳包发送成功
[03:07:38 INF] 【直播间】929670 的第 51 个心跳包发送成功
[03:07:39 INF] 【直播间】11732699 的第 51 个心跳包发送成功
[03:07:40 INF] 【直播间】91164 的第 51 个心跳包发送成功
[03:07:42 INF] 【直播间】22764265 的第 51 个心跳包发送成功
[03:08:34 INF] 【直播间】23357926 的第 52 个心跳包发送成功
[03:08:35 INF] 【直播间】23040372 的第 52 个心跳包发送成功
[03:08:37 INF] 【直播间】31494 的第 52 个心跳包发送成功
[03:08:38 INF] 【直播间】4015781 的第 52 个心跳包发送成功
[03:08:39 INF] 【直播间】9619073 的第 52 个心跳包发送成功
[03:08:40 INF] 【直播间】407149 的第 52 个心跳包发送成功
[03:08:42 INF] 【直播间】7184632 的第 52 个心跳包发送成功
[03:08:43 INF] 【直播间】23447660 的第 52 个心跳包发送成功
[03:08:44 INF] 【直播间】929670 的第 52 个心跳包发送成功
[03:08:45 INF] 【直播间】11732699 的第 52 个心跳包发送成功
[03:08:47 INF] 【直播间】91164 的第 52 个心跳包发送成功
[03:08:48 INF] 【直播间】22764265 的第 52 个心跳包发送成功
[03:09:41 INF] 【直播间】23357926 的第 53 个心跳包发送成功
[03:09:42 INF] 【直播间】23040372 的第 53 个心跳包发送成功
[03:09:43 INF] 【直播间】31494 的第 53 个心跳包发送成功
[03:09:44 INF] 【直播间】4015781 的第 53 个心跳包发送成功
[03:09:46 INF] 【直播间】9619073 的第 53 个心跳包发送成功
[03:09:47 INF] 【直播间】407149 的第 53 个心跳包发送成功
[03:09:48 INF] 【直播间】7184632 的第 53 个心跳包发送成功
[03:09:49 INF] 【直播间】23447660 的第 53 个心跳包发送成功
[03:09:51 INF] 【直播间】929670 的第 53 个心跳包发送成功
[03:09:52 INF] 【直播间】11732699 的第 53 个心跳包发送成功
[03:09:53 INF] 【直播间】91164 的第 53 个心跳包发送成功
[03:09:54 INF] 【直播间】22764265 的第 53 个心跳包发送成功
[03:10:47 ERR] 【心跳包】直播间 23357926 发送失败
[03:10:47 ERR] 【原因】time check failed
[03:10:48 ERR] 【心跳包】直播间 23040372 发送失败
[03:10:48 ERR] 【原因】time check failed
[03:10:50 ERR] 【心跳包】直播间 31494 发送失败
[03:10:50 ERR] 【原因】time check failed
[03:10:51 ERR] 【心跳包】直播间 4015781 发送失败
[03:10:51 ERR] 【原因】time check failed
[03:10:52 ERR] 【心跳包】直播间 9619073 发送失败
[03:10:52 ERR] 【原因】time check failed
[03:10:53 ERR] 【心跳包】直播间 407149 发送失败
[03:10:53 ERR] 【原因】time check failed
[03:10:55 ERR] 【心跳包】直播间 7184632 发送失败
[03:10:55 ERR] 【原因】time check failed
[03:10:56 ERR] 【心跳包】直播间 23447660 发送失败
[03:10:56 ERR] 【原因】time check failed
[03:10:57 ERR] 【心跳包】直播间 929670 发送失败
[03:10:57 ERR] 【原因】time check failed
[03:10:59 ERR] 【心跳包】直播间 11732699 发送失败
[03:10:59 ERR] 【原因】time check failed
[03:11:00 ERR] 【心跳包】直播间 91164 发送失败
[03:11:00 ERR] 【原因】time check failed
[03:11:01 ERR] 【心跳包】直播间 22764265 发送失败
[03:11:01 ERR] 【原因】time check failed
[03:11:54 INF] 【直播间】23357926 的第 54 个心跳包发送成功
[03:11:55 INF] 【直播间】23040372 的第 54 个心跳包发送成功
[03:11:56 INF] 【直播间】31494 的第 54 个心跳包发送成功
[03:11:57 INF] 【直播间】4015781 的第 54 个心跳包发送成功
[03:11:59 INF] 【直播间】9619073 的第 54 个心跳包发送成功
[03:12:00 INF] 【直播间】407149 的第 54 个心跳包发送成功
[03:12:01 INF] 【直播间】7184632 的第 54 个心跳包发送成功
[03:12:03 INF] 【直播间】23447660 的第 54 个心跳包发送成功
[03:12:04 INF] 【直播间】929670 的第 54 个心跳包发送成功
[03:12:05 INF] 【直播间】11732699 的第 54 个心跳包发送成功
[03:12:06 INF] 【直播间】91164 的第 54 个心跳包发送成功
[03:12:08 INF] 【直播间】22764265 的第 54 个心跳包发送成功
[03:13:01 INF] 【直播间】23357926 的第 55 个心跳包发送成功
[03:13:02 INF] 【直播间】23040372 的第 55 个心跳包发送成功
[03:13:03 INF] 【直播间】31494 的第 55 个心跳包发送成功
[03:13:04 INF] 【直播间】4015781 的第 55 个心跳包发送成功
[03:13:06 INF] 【直播间】9619073 的第 55 个心跳包发送成功
[03:13:07 INF] 【直播间】407149 的第 55 个心跳包发送成功
[03:13:08 INF] 【直播间】7184632 的第 55 个心跳包发送成功
[03:13:09 INF] 【直播间】23447660 的第 55 个心跳包发送成功
[03:13:11 INF] 【直播间】929670 的第 55 个心跳包发送成功
[03:13:12 INF] 【直播间】11732699 的第 55 个心跳包发送成功
[03:13:13 INF] 【直播间】91164 的第 55 个心跳包发送成功
[03:13:14 INF] 【直播间】22764265 的第 55 个心跳包发送成功
[03:14:07 INF] 【直播间】23357926 的第 56 个心跳包发送成功
[03:14:08 INF] 【直播间】23040372 的第 56 个心跳包发送成功
[03:14:10 INF] 【直播间】31494 的第 56 个心跳包发送成功
[03:14:11 INF] 【直播间】4015781 的第 56 个心跳包发送成功
[03:14:12 INF] 【直播间】9619073 的第 56 个心跳包发送成功
[03:14:14 INF] 【直播间】407149 的第 56 个心跳包发送成功
[03:14:15 INF] 【直播间】7184632 的第 56 个心跳包发送成功
[03:14:16 INF] 【直播间】23447660 的第 56 个心跳包发送成功
[03:14:17 INF] 【直播间】929670 的第 56 个心跳包发送成功
[03:14:19 INF] 【直播间】11732699 的第 56 个心跳包发送成功
[03:14:20 INF] 【直播间】91164 的第 56 个心跳包发送成功
[03:14:21 INF] 【直播间】22764265 的第 56 个心跳包发送成功
[03:15:14 INF] 【直播间】23357926 的第 57 个心跳包发送成功
[03:15:15 INF] 【直播间】23040372 的第 57 个心跳包发送成功
[03:15:16 INF] 【直播间】31494 的第 57 个心跳包发送成功
[03:15:17 INF] 【直播间】4015781 的第 57 个心跳包发送成功
[03:15:19 INF] 【直播间】9619073 的第 57 个心跳包发送成功
[03:15:20 INF] 【直播间】407149 的第 57 个心跳包发送成功
[03:15:21 INF] 【直播间】7184632 的第 57 个心跳包发送成功
[03:15:23 INF] 【直播间】23447660 的第 57 个心跳包发送成功
[03:15:24 INF] 【直播间】929670 的第 57 个心跳包发送成功
[03:15:25 INF] 【直播间】11732699 的第 57 个心跳包发送成功
[03:15:27 INF] 【直播间】91164 的第 57 个心跳包发送成功
[03:15:28 INF] 【直播间】22764265 的第 57 个心跳包发送成功
[03:16:20 INF] 【直播间】23357926 的第 58 个心跳包发送成功
[03:16:21 INF] 【直播间】23040372 的第 58 个心跳包发送成功
[03:16:23 INF] 【直播间】31494 的第 58 个心跳包发送成功
[03:16:24 INF] 【直播间】4015781 的第 58 个心跳包发送成功
[03:16:25 INF] 【直播间】9619073 的第 58 个心跳包发送成功
[03:16:26 INF] 【直播间】407149 的第 58 个心跳包发送成功
[03:16:28 INF] 【直播间】7184632 的第 58 个心跳包发送成功
[03:16:29 INF] 【直播间】23447660 的第 58 个心跳包发送成功
[03:16:30 INF] 【直播间】929670 的第 58 个心跳包发送成功
[03:16:32 INF] 【直播间】11732699 的第 58 个心跳包发送成功
[03:16:33 INF] 【直播间】91164 的第 58 个心跳包发送成功
[03:16:34 INF] 【直播间】22764265 的第 58 个心跳包发送成功
[03:17:27 INF] 【直播间】23357926 的第 59 个心跳包发送成功
[03:17:28 INF] 【直播间】23040372 的第 59 个心跳包发送成功
[03:17:29 INF] 【直播间】31494 的第 59 个心跳包发送成功
[03:17:31 INF] 【直播间】4015781 的第 59 个心跳包发送成功
[03:17:32 INF] 【直播间】9619073 的第 59 个心跳包发送成功
[03:17:33 INF] 【直播间】407149 的第 59 个心跳包发送成功
[03:17:34 INF] 【直播间】7184632 的第 59 个心跳包发送成功
[03:17:36 INF] 【直播间】23447660 的第 59 个心跳包发送成功
[03:17:37 INF] 【直播间】929670 的第 59 个心跳包发送成功
[03:17:38 INF] 【直播间】11732699 的第 59 个心跳包发送成功
[03:17:39 INF] 【直播间】91164 的第 59 个心跳包发送成功
[03:17:41 INF] 【直播间】22764265 的第 59 个心跳包发送成功
[03:18:34 INF] 【直播间】23357926 的第 60 个心跳包发送成功
[03:18:35 INF] 【直播间】23040372 的第 60 个心跳包发送成功
[03:18:36 INF] 【直播间】31494 的第 60 个心跳包发送成功
[03:18:37 INF] 【直播间】4015781 的第 60 个心跳包发送成功
[03:18:39 INF] 【直播间】9619073 的第 60 个心跳包发送成功
[03:18:40 INF] 【直播间】407149 的第 60 个心跳包发送成功
[03:18:41 INF] 【直播间】7184632 的第 60 个心跳包发送成功
[03:18:42 INF] 【直播间】23447660 的第 60 个心跳包发送成功
[03:18:44 INF] 【直播间】929670 的第 60 个心跳包发送成功
[03:18:45 INF] 【直播间】11732699 的第 60 个心跳包发送成功
[03:18:46 INF] 【直播间】91164 的第 60 个心跳包发送成功
[03:18:48 INF] 【直播间】22764265 的第 60 个心跳包发送成功
[03:19:40 INF] 【直播间】23357926 的第 61 个心跳包发送成功
[03:19:41 INF] 【直播间】23040372 的第 61 个心跳包发送成功
[03:19:43 INF] 【直播间】31494 的第 61 个心跳包发送成功
[03:19:44 INF] 【直播间】4015781 的第 61 个心跳包发送成功
[03:19:45 INF] 【直播间】9619073 的第 61 个心跳包发送成功
[03:19:47 INF] 【直播间】407149 的第 61 个心跳包发送成功
[03:19:48 INF] 【直播间】7184632 的第 61 个心跳包发送成功
[03:19:49 INF] 【直播间】23447660 的第 61 个心跳包发送成功
[03:19:51 INF] 【直播间】929670 的第 61 个心跳包发送成功
[03:19:52 INF] 【直播间】11732699 的第 61 个心跳包发送成功
[03:19:53 INF] 【直播间】91164 的第 61 个心跳包发送成功
[03:19:55 INF] 【直播间】22764265 的第 61 个心跳包发送成功
[03:20:47 INF] 【直播间】23357926 的第 62 个心跳包发送成功
[03:20:48 INF] 【直播间】23040372 的第 62 个心跳包发送成功
[03:20:49 INF] 【直播间】31494 的第 62 个心跳包发送成功
[03:20:51 INF] 【直播间】4015781 的第 62 个心跳包发送成功
[03:20:52 INF] 【直播间】9619073 的第 62 个心跳包发送成功
[03:20:53 INF] 【直播间】407149 的第 62 个心跳包发送成功
[03:20:55 INF] 【直播间】7184632 的第 62 个心跳包发送成功
[03:20:56 INF] 【直播间】23447660 的第 62 个心跳包发送成功
[03:20:57 INF] 【直播间】929670 的第 62 个心跳包发送成功
[03:20:58 INF] 【直播间】11732699 的第 62 个心跳包发送成功
[03:21:00 INF] 【直播间】91164 的第 62 个心跳包发送成功
[03:21:01 INF] 【直播间】22764265 的第 62 个心跳包发送成功
[03:21:54 INF] 【直播间】23357926 的第 63 个心跳包发送成功
[03:21:55 INF] 【直播间】23040372 的第 63 个心跳包发送成功
[03:21:56 INF] 【直播间】31494 的第 63 个心跳包发送成功
[03:21:58 INF] 【直播间】4015781 的第 63 个心跳包发送成功
[03:21:59 INF] 【直播间】9619073 的第 63 个心跳包发送成功
[03:22:00 INF] 【直播间】407149 的第 63 个心跳包发送成功
[03:22:01 INF] 【直播间】7184632 的第 63 个心跳包发送成功
[03:22:03 INF] 【直播间】23447660 的第 63 个心跳包发送成功
[03:22:04 INF] 【直播间】929670 的第 63 个心跳包发送成功
[03:22:05 INF] 【直播间】11732699 的第 63 个心跳包发送成功
[03:22:07 INF] 【直播间】91164 的第 63 个心跳包发送成功
[03:22:08 INF] 【直播间】22764265 的第 63 个心跳包发送成功
[03:23:00 INF] 【直播间】23357926 的第 64 个心跳包发送成功
[03:23:01 INF] 【直播间】23040372 的第 64 个心跳包发送成功
[03:23:03 INF] 【直播间】31494 的第 64 个心跳包发送成功
[03:23:04 INF] 【直播间】4015781 的第 64 个心跳包发送成功
[03:23:05 INF] 【直播间】9619073 的第 64 个心跳包发送成功
[03:23:06 INF] 【直播间】407149 的第 64 个心跳包发送成功
[03:23:08 INF] 【直播间】7184632 的第 64 个心跳包发送成功
[03:23:09 INF] 【直播间】23447660 的第 64 个心跳包发送成功
[03:23:10 INF] 【直播间】929670 的第 64 个心跳包发送成功
[03:23:11 INF] 【直播间】11732699 的第 64 个心跳包发送成功
[03:23:13 INF] 【直播间】91164 的第 64 个心跳包发送成功
[03:23:14 INF] 【直播间】22764265 的第 64 个心跳包发送成功
[03:24:07 INF] 【直播间】23357926 的第 65 个心跳包发送成功
[03:24:08 INF] 【直播间】23040372 的第 65 个心跳包发送成功
[03:24:09 INF] 【直播间】31494 的第 65 个心跳包发送成功
[03:24:11 INF] 【直播间】4015781 的第 65 个心跳包发送成功
[03:24:12 INF] 【直播间】9619073 的第 65 个心跳包发送成功
[03:24:13 INF] 【直播间】407149 的第 65 个心跳包发送成功
[03:24:14 INF] 【直播间】7184632 的第 65 个心跳包发送成功
[03:24:16 INF] 【直播间】23447660 的第 65 个心跳包发送成功
[03:24:17 INF] 【直播间】929670 的第 65 个心跳包发送成功
[03:24:18 INF] 【直播间】11732699 的第 65 个心跳包发送成功
[03:24:19 INF] 【直播间】91164 的第 65 个心跳包发送成功
[03:24:21 INF] 【直播间】22764265 的第 65 个心跳包发送成功
[03:25:13 INF] 【直播间】23357926 的第 66 个心跳包发送成功
[03:25:14 INF] 【直播间】23040372 的第 66 个心跳包发送成功
[03:25:16 INF] 【直播间】31494 的第 66 个心跳包发送成功
[03:25:17 INF] 【直播间】4015781 的第 66 个心跳包发送成功
[03:25:18 INF] 【直播间】9619073 的第 66 个心跳包发送成功
[03:25:19 INF] 【直播间】407149 的第 66 个心跳包发送成功
[03:25:21 INF] 【直播间】7184632 的第 66 个心跳包发送成功
[03:25:22 INF] 【直播间】23447660 的第 66 个心跳包发送成功
[03:25:23 INF] 【直播间】929670 的第 66 个心跳包发送成功
[03:25:25 INF] 【直播间】11732699 的第 66 个心跳包发送成功
[03:25:26 INF] 【直播间】91164 的第 66 个心跳包发送成功
[03:25:27 INF] 【直播间】22764265 的第 66 个心跳包发送成功
[03:26:20 ERR] 【心跳包】直播间 23357926 发送失败
[03:26:20 ERR] 【原因】time check failed
[03:26:21 ERR] 【心跳包】直播间 23040372 发送失败
[03:26:21 ERR] 【原因】time check failed
[03:26:23 ERR] 【心跳包】直播间 31494 发送失败
[03:26:23 ERR] 【原因】time check failed
[03:26:24 ERR] 【心跳包】直播间 4015781 发送失败
[03:26:24 ERR] 【原因】time check failed
[03:26:25 ERR] 【心跳包】直播间 9619073 发送失败
[03:26:25 ERR] 【原因】time check failed
[03:26:26 ERR] 【心跳包】直播间 407149 发送失败
[03:26:26 ERR] 【原因】time check failed
[03:26:28 ERR] 【心跳包】直播间 7184632 发送失败
[03:26:28 ERR] 【原因】time check failed
[03:26:29 ERR] 【心跳包】直播间 23447660 发送失败
[03:26:29 ERR] 【原因】time check failed
[03:26:30 ERR] 【心跳包】直播间 929670 发送失败
[03:26:30 ERR] 【原因】time check failed
[03:26:31 ERR] 【心跳包】直播间 11732699 发送失败
[03:26:31 ERR] 【原因】time check failed
[03:26:33 ERR] 【心跳包】直播间 91164 发送失败
[03:26:33 ERR] 【原因】time check failed
[03:26:34 ERR] 【心跳包】直播间 22764265 发送失败
[03:26:34 ERR] 【原因】time check failed
[03:27:27 INF] 【直播间】23357926 的第 67 个心跳包发送成功
[03:27:28 INF] 【直播间】23040372 的第 67 个心跳包发送成功
[03:27:29 INF] 【直播间】31494 的第 67 个心跳包发送成功
[03:27:31 INF] 【直播间】4015781 的第 67 个心跳包发送成功
[03:27:32 INF] 【直播间】9619073 的第 67 个心跳包发送成功
[03:27:33 INF] 【直播间】407149 的第 67 个心跳包发送成功
[03:27:34 INF] 【直播间】7184632 的第 67 个心跳包发送成功
[03:27:36 INF] 【直播间】23447660 的第 67 个心跳包发送成功
[03:27:37 INF] 【直播间】929670 的第 67 个心跳包发送成功
[03:27:38 INF] 【直播间】11732699 的第 67 个心跳包发送成功
[03:27:39 INF] 【直播间】91164 的第 67 个心跳包发送成功
[03:27:41 INF] 【直播间】22764265 的第 67 个心跳包发送成功
[03:28:33 INF] 【直播间】23357926 的第 68 个心跳包发送成功
[03:28:35 INF] 【直播间】23040372 的第 68 个心跳包发送成功
[03:28:36 INF] 【直播间】31494 的第 68 个心跳包发送成功
[03:28:37 INF] 【直播间】4015781 的第 68 个心跳包发送成功
[03:28:39 INF] 【直播间】9619073 的第 68 个心跳包发送成功
[03:28:40 INF] 【直播间】407149 的第 68 个心跳包发送成功
[03:28:41 INF] 【直播间】7184632 的第 68 个心跳包发送成功
[03:28:43 INF] 【直播间】23447660 的第 68 个心跳包发送成功
[03:28:44 INF] 【直播间】929670 的第 68 个心跳包发送成功
[03:28:45 INF] 【直播间】11732699 的第 68 个心跳包发送成功
[03:28:47 INF] 【直播间】91164 的第 68 个心跳包发送成功
[03:28:48 INF] 【直播间】22764265 的第 68 个心跳包发送成功
[03:29:40 INF] 【直播间】23357926 的第 69 个心跳包发送成功
[03:29:41 INF] 【直播间】23040372 的第 69 个心跳包发送成功
[03:29:42 INF] 【直播间】31494 的第 69 个心跳包发送成功
[03:29:44 INF] 【直播间】4015781 的第 69 个心跳包发送成功
[03:29:45 INF] 【直播间】9619073 的第 69 个心跳包发送成功
[03:29:46 INF] 【直播间】407149 的第 69 个心跳包发送成功
[03:29:48 INF] 【直播间】7184632 的第 69 个心跳包发送成功
[03:29:49 INF] 【直播间】23447660 的第 69 个心跳包发送成功
[03:29:50 INF] 【直播间】929670 的第 69 个心跳包发送成功
[03:29:52 INF] 【直播间】11732699 的第 69 个心跳包发送成功
[03:29:53 INF] 【直播间】91164 的第 69 个心跳包发送成功
[03:29:54 INF] 【直播间】22764265 的第 69 个心跳包发送成功
[03:30:46 INF] 【直播间】23357926 的第 70 个心跳包发送成功
[03:30:48 INF] 【直播间】23040372 的第 70 个心跳包发送成功
[03:30:49 INF] 【直播间】31494 的第 70 个心跳包发送成功
[03:30:50 INF] 【直播间】4015781 的第 70 个心跳包发送成功
[03:30:52 INF] 【直播间】9619073 的第 70 个心跳包发送成功
[03:30:53 INF] 【直播间】407149 的第 70 个心跳包发送成功
[03:30:54 INF] 【直播间】7184632 的第 70 个心跳包发送成功
[03:30:55 INF] 【直播间】23447660 的第 70 个心跳包发送成功
[03:30:57 INF] 【直播间】929670 的第 70 个心跳包发送成功
[03:30:58 INF] 【直播间】11732699 的第 70 个心跳包发送成功
[03:30:59 INF] 【直播间】91164 的第 70 个心跳包发送成功
[03:31:01 INF] 【直播间】22764265 的第 70 个心跳包发送成功
[03:31:01 INF] 【直播观看时长】完成情况：12/12 
[03:31:01 INF] ---------结束---------

[03:31:01 INF] ==========结束==========

[03:31:01 INF] ######### 账号 3 #########

[03:31:01 INF] =====开始 直播间互动 =====

[03:31:01 INF] ---开始 发送弹幕 ---
[03:31:01 INF] 检测到直播 Cookie 未正确配置，尝试自动配置中...
[03:31:08 INF] 直播 Cookie 配置成功！
[03:31:08 INF] 【获取直播列表】获取拥有粉丝牌的直播列表
[03:31:16 ERR] 【获取直播列表】失败
[03:31:16 ERR] 【原因】账号未登录
[03:31:16 ERR] 发送弹幕失败，继续其他任务。失败信息:Object reference not set to an instance of an object.

[03:31:16 INF] -------结束-------

[03:31:16 INF] ---开始 点赞直播间 ---
[03:31:16 INF] 【获取直播列表】获取拥有粉丝牌的直播列表
[03:31:23 ERR] 【获取直播列表】失败
[03:31:23 ERR] 【原因】账号未登录
[03:31:23 ERR] 点赞直播间失败，继续其他任务。失败信息:Object reference not set to an instance of an object.

[03:31:23 INF] --------结束--------

[03:31:23 INF] ---开始 直播时长挂机 ---
[03:31:23 INF] 【获取直播列表】获取拥有粉丝牌的直播列表
[03:31:29 ERR] 【获取直播列表】失败
[03:31:29 ERR] 【原因】账号未登录
[03:31:29 ERR] 直播时长挂机失败，继续其他任务。失败信息:Object reference not set to an instance of an object.

[03:31:29 INF] ---------结束---------

[03:31:29 INF] ==========结束==========

[03:31:29 INF] 

========================

 v2.0.2 开源 by https://github.com/RayWangQvQ/BiliBiliToolPro

[03:31:29 INF] ·开始推送·LiveFansMedal任务·
2024-04-26T19:31:29.4434840Z 开始推送到:PushPlus
2024-04-26T19:31:30.9520312Z Response status: OK.
2024-04-26T19:31:30.9520672Z Response content: {"code":999,"msg":"发送内容过大，不能超过2万字","data":null}.

[03:31:30 INF] 运行环境：Development
[03:31:30 INF] 应用目录：/home/runner/work/BiliBiliToolPro/BiliBiliToolPro/src/Ray.BiliBiliTool.Console/bin/Debug/net6.0/

[03:31:30 INF] 运行结束
