----------- ip 信息 ---------
{
  "ip": "52.225.76.20",
  "city": "San Jose",
  "region": "California",
  "country": "US",
  "loc": "37.3394,-121.8950",
  "org": "AS8075 Microsoft Corporation",
  "postal": "95103",
  "timezone": "America/Los_Angeles",
  "readme": "https://ipinfo.io/missingauth"
} ---------- end ------------
  ____               ____    _   _____           _  
 |  _ \ __ _ _   _  | __ ) _| |_|_   _|__   ___ | | 
 | |_) / _` | | | | |  _ \(_) (_) | |/ _ \ / _ \| | 
 |  _ < (_| | |_| | | |_) | | | | | | (_) | (_) | | 
 |_| \_\__,_|\__, | |____/|_|_|_| |_|\___/ \___/|_| 
             |___/                                  

[00:27:27 INF] BiliBiliToolPro 开始运行...

[00:27:27 INF] 【账号个数】3个

[00:27:27 INF] 随机休眠4分钟

[00:31:27 INF] 【目标任务】LiveFansMedal
[00:31:27 INF] ######### 账号 1 #########

[00:31:28 INF] =====开始 直播间互动 =====

[00:31:28 INF] ---开始 发送弹幕 ---
[00:31:28 INF] 检测到直播 Cookie 未正确配置，尝试自动配置中...
[00:31:32 INF] 直播 Cookie 配置成功！
[00:31:32 INF] 【获取直播列表】获取拥有粉丝牌的直播列表
[00:31:38 INF] 【主播】Mark陌枫 
[00:31:56 INF] 【主播】KL_qiqi_ 
[00:32:10 INF] 【主播】苏打baka 
[00:32:30 INF] 【直播间】Mark陌枫
[00:32:30 INF] 【粉丝牌】馬楓
[00:32:30 INF] 正在发送弹幕...
[00:32:34 INF] 【直播间】KL_qiqi_
[00:32:34 INF] 【粉丝牌】qiqisb
[00:32:34 INF] 正在发送弹幕...
[00:32:40 INF] 【直播间】苏打baka
[00:32:40 INF] 【粉丝牌】碳酸钠
[00:32:40 INF] 正在发送弹幕...
[00:32:43 INF] -------结束-------

[00:32:43 INF] ---开始 点赞直播间 ---
[00:32:43 INF] 【获取直播列表】获取拥有粉丝牌的直播列表
[00:32:45 INF] 【弹幕发送】成功~，你和主播 Mark陌枫 的亲密值增加了100！
[00:32:49 INF] 【主播】Mark陌枫 
[00:32:54 INF] 【弹幕发送】成功~，你和主播 KL_qiqi_ 的亲密值增加了100！
[00:32:55 INF] 【弹幕发送】成功~，你和主播 苏打baka 的亲密值增加了100！
[00:33:04 INF] 【主播】KL_qiqi_ 
[00:33:17 INF] 【主播】苏打baka 
[00:33:38 INF] 【点赞直播间】23357926 完成
[00:33:45 INF] 【点赞直播间】407149 完成
[00:33:50 INF] --------结束--------

[00:33:50 INF] ---开始 直播时长挂机 ---
[00:33:50 INF] 【获取直播列表】获取拥有粉丝牌的直播列表
[00:33:50 INF] 【点赞直播间】23040372 完成
[00:33:53 INF] 【主播】Mark陌枫 
[00:34:11 INF] 【主播】KL_qiqi_ 
[00:34:27 INF] 【主播】苏打baka 
[00:34:49 INF] 【直播间】23357926 的第 1 个心跳包发送成功
[00:34:50 INF] 【直播间】407149 的第 1 个心跳包发送成功
[00:34:51 INF] 【直播间】23040372 的第 1 个心跳包发送成功
[00:35:55 INF] 【直播间】23357926 的第 2 个心跳包发送成功
[00:35:57 INF] 【直播间】407149 的第 2 个心跳包发送成功
[00:35:58 INF] 【直播间】23040372 的第 2 个心跳包发送成功
[00:37:02 INF] 【直播间】23357926 的第 3 个心跳包发送成功
[00:37:03 INF] 【直播间】407149 的第 3 个心跳包发送成功
[00:37:05 INF] 【直播间】23040372 的第 3 个心跳包发送成功
[00:38:09 INF] 【直播间】23357926 的第 4 个心跳包发送成功
[00:38:10 INF] 【直播间】407149 的第 4 个心跳包发送成功
[00:38:11 INF] 【直播间】23040372 的第 4 个心跳包发送成功
[00:39:15 INF] 【直播间】23357926 的第 5 个心跳包发送成功
[00:39:16 INF] 【直播间】407149 的第 5 个心跳包发送成功
[00:39:17 INF] 【直播间】23040372 的第 5 个心跳包发送成功
[00:40:21 INF] 【直播间】23357926 的第 6 个心跳包发送成功
[00:40:23 INF] 【直播间】407149 的第 6 个心跳包发送成功
[00:40:24 INF] 【直播间】23040372 的第 6 个心跳包发送成功
[00:41:28 INF] 【直播间】23357926 的第 7 个心跳包发送成功
[00:41:29 INF] 【直播间】407149 的第 7 个心跳包发送成功
[00:41:30 INF] 【直播间】23040372 的第 7 个心跳包发送成功
[00:42:34 INF] 【直播间】23357926 的第 8 个心跳包发送成功
[00:42:35 INF] 【直播间】407149 的第 8 个心跳包发送成功
[00:42:36 INF] 【直播间】23040372 的第 8 个心跳包发送成功
[00:43:40 INF] 【直播间】23357926 的第 9 个心跳包发送成功
[00:43:41 INF] 【直播间】407149 的第 9 个心跳包发送成功
[00:43:43 INF] 【直播间】23040372 的第 9 个心跳包发送成功
[00:44:46 INF] 【直播间】23357926 的第 10 个心跳包发送成功
[00:44:48 INF] 【直播间】407149 的第 10 个心跳包发送成功
[00:44:49 INF] 【直播间】23040372 的第 10 个心跳包发送成功
[00:45:53 INF] 【直播间】23357926 的第 11 个心跳包发送成功
[00:45:54 INF] 【直播间】407149 的第 11 个心跳包发送成功
[00:45:55 INF] 【直播间】23040372 的第 11 个心跳包发送成功
[00:46:59 INF] 【直播间】23357926 的第 12 个心跳包发送成功
[00:47:00 INF] 【直播间】407149 的第 12 个心跳包发送成功
[00:47:01 INF] 【直播间】23040372 的第 12 个心跳包发送成功
[00:48:05 INF] 【直播间】23357926 的第 13 个心跳包发送成功
[00:48:07 INF] 【直播间】407149 的第 13 个心跳包发送成功
[00:48:08 INF] 【直播间】23040372 的第 13 个心跳包发送成功
[00:49:12 INF] 【直播间】23357926 的第 14 个心跳包发送成功
[00:49:13 INF] 【直播间】407149 的第 14 个心跳包发送成功
[00:49:14 INF] 【直播间】23040372 的第 14 个心跳包发送成功
[00:50:18 INF] 【直播间】23357926 的第 15 个心跳包发送成功
[00:50:19 INF] 【直播间】407149 的第 15 个心跳包发送成功
[00:50:20 INF] 【直播间】23040372 的第 15 个心跳包发送成功
[00:51:24 ERR] 【心跳包】直播间 23357926 发送失败
[00:51:24 ERR] 【原因】time check failed
[00:51:25 ERR] 【心跳包】直播间 407149 发送失败
[00:51:25 ERR] 【原因】time check failed
[00:51:27 ERR] 【心跳包】直播间 23040372 发送失败
[00:51:27 ERR] 【原因】time check failed
[00:52:31 INF] 【直播间】23357926 的第 16 个心跳包发送成功
[00:52:32 INF] 【直播间】407149 的第 16 个心跳包发送成功
[00:52:33 INF] 【直播间】23040372 的第 16 个心跳包发送成功
[00:53:37 INF] 【直播间】23357926 的第 17 个心跳包发送成功
[00:53:38 INF] 【直播间】407149 的第 17 个心跳包发送成功
[00:53:39 INF] 【直播间】23040372 的第 17 个心跳包发送成功
[00:54:43 INF] 【直播间】23357926 的第 18 个心跳包发送成功
[00:54:44 INF] 【直播间】407149 的第 18 个心跳包发送成功
[00:54:46 INF] 【直播间】23040372 的第 18 个心跳包发送成功
[00:55:49 INF] 【直播间】23357926 的第 19 个心跳包发送成功
[00:55:51 INF] 【直播间】407149 的第 19 个心跳包发送成功
[00:55:52 INF] 【直播间】23040372 的第 19 个心跳包发送成功
[00:56:56 INF] 【直播间】23357926 的第 20 个心跳包发送成功
[00:56:57 INF] 【直播间】407149 的第 20 个心跳包发送成功
[00:56:58 INF] 【直播间】23040372 的第 20 个心跳包发送成功
[00:58:02 INF] 【直播间】23357926 的第 21 个心跳包发送成功
[00:58:03 INF] 【直播间】407149 的第 21 个心跳包发送成功
[00:58:05 INF] 【直播间】23040372 的第 21 个心跳包发送成功
[00:59:09 INF] 【直播间】23357926 的第 22 个心跳包发送成功
[00:59:10 INF] 【直播间】407149 的第 22 个心跳包发送成功
[00:59:11 INF] 【直播间】23040372 的第 22 个心跳包发送成功
[01:00:15 INF] 【直播间】23357926 的第 23 个心跳包发送成功
[01:00:16 INF] 【直播间】407149 的第 23 个心跳包发送成功
[01:00:18 INF] 【直播间】23040372 的第 23 个心跳包发送成功
[01:01:21 INF] 【直播间】23357926 的第 24 个心跳包发送成功
[01:01:23 INF] 【直播间】407149 的第 24 个心跳包发送成功
[01:01:24 INF] 【直播间】23040372 的第 24 个心跳包发送成功
[01:02:28 INF] 【直播间】23357926 的第 25 个心跳包发送成功
[01:02:29 INF] 【直播间】407149 的第 25 个心跳包发送成功
[01:02:30 INF] 【直播间】23040372 的第 25 个心跳包发送成功
[01:03:34 INF] 【直播间】23357926 的第 26 个心跳包发送成功
[01:03:35 INF] 【直播间】407149 的第 26 个心跳包发送成功
[01:03:37 INF] 【直播间】23040372 的第 26 个心跳包发送成功
[01:04:41 INF] 【直播间】23357926 的第 27 个心跳包发送成功
[01:04:42 INF] 【直播间】407149 的第 27 个心跳包发送成功
[01:04:43 INF] 【直播间】23040372 的第 27 个心跳包发送成功
[01:05:47 INF] 【直播间】23357926 的第 28 个心跳包发送成功
[01:05:48 INF] 【直播间】407149 的第 28 个心跳包发送成功
[01:05:49 INF] 【直播间】23040372 的第 28 个心跳包发送成功
[01:06:53 INF] 【直播间】23357926 的第 29 个心跳包发送成功
[01:06:54 INF] 【直播间】407149 的第 29 个心跳包发送成功
[01:06:56 INF] 【直播间】23040372 的第 29 个心跳包发送成功
[01:08:00 ERR] 【心跳包】直播间 23357926 发送失败
[01:08:00 ERR] 【原因】time check failed
[01:08:01 ERR] 【心跳包】直播间 407149 发送失败
[01:08:01 ERR] 【原因】time check failed
[01:08:02 ERR] 【心跳包】直播间 23040372 发送失败
[01:08:02 ERR] 【原因】time check failed
[01:09:06 INF] 【直播间】23357926 的第 30 个心跳包发送成功
[01:09:07 INF] 【直播间】407149 的第 30 个心跳包发送成功
[01:09:08 INF] 【直播间】23040372 的第 30 个心跳包发送成功
[01:10:13 INF] 【直播间】23357926 的第 31 个心跳包发送成功
[01:10:14 INF] 【直播间】407149 的第 31 个心跳包发送成功
[01:10:15 INF] 【直播间】23040372 的第 31 个心跳包发送成功
[01:11:19 INF] 【直播间】23357926 的第 32 个心跳包发送成功
[01:11:20 INF] 【直播间】407149 的第 32 个心跳包发送成功
[01:11:21 INF] 【直播间】23040372 的第 32 个心跳包发送成功
[01:12:25 INF] 【直播间】23357926 的第 33 个心跳包发送成功
[01:12:26 INF] 【直播间】407149 的第 33 个心跳包发送成功
[01:12:27 INF] 【直播间】23040372 的第 33 个心跳包发送成功
[01:13:31 INF] 【直播间】23357926 的第 34 个心跳包发送成功
[01:13:33 INF] 【直播间】407149 的第 34 个心跳包发送成功
[01:13:34 INF] 【直播间】23040372 的第 34 个心跳包发送成功
[01:14:38 INF] 【直播间】23357926 的第 35 个心跳包发送成功
[01:14:39 INF] 【直播间】407149 的第 35 个心跳包发送成功
[01:14:40 INF] 【直播间】23040372 的第 35 个心跳包发送成功
[01:15:44 INF] 【直播间】23357926 的第 36 个心跳包发送成功
[01:15:46 INF] 【直播间】407149 的第 36 个心跳包发送成功
[01:15:47 INF] 【直播间】23040372 的第 36 个心跳包发送成功
[01:16:51 INF] 【直播间】23357926 的第 37 个心跳包发送成功
[01:16:52 INF] 【直播间】407149 的第 37 个心跳包发送成功
[01:16:53 INF] 【直播间】23040372 的第 37 个心跳包发送成功
[01:17:57 INF] 【直播间】23357926 的第 38 个心跳包发送成功
[01:17:58 INF] 【直播间】407149 的第 38 个心跳包发送成功
[01:17:59 INF] 【直播间】23040372 的第 38 个心跳包发送成功
[01:19:03 INF] 【直播间】23357926 的第 39 个心跳包发送成功
[01:19:04 INF] 【直播间】407149 的第 39 个心跳包发送成功
[01:19:06 INF] 【直播间】23040372 的第 39 个心跳包发送成功
[01:20:10 INF] 【直播间】23357926 的第 40 个心跳包发送成功
[01:20:11 INF] 【直播间】407149 的第 40 个心跳包发送成功
[01:20:12 INF] 【直播间】23040372 的第 40 个心跳包发送成功
[01:21:16 INF] 【直播间】23357926 的第 41 个心跳包发送成功
[01:21:17 INF] 【直播间】407149 的第 41 个心跳包发送成功
[01:21:18 INF] 【直播间】23040372 的第 41 个心跳包发送成功
[01:22:22 INF] 【直播间】23357926 的第 42 个心跳包发送成功
[01:22:24 INF] 【直播间】407149 的第 42 个心跳包发送成功
[01:22:25 INF] 【直播间】23040372 的第 42 个心跳包发送成功
[01:23:29 INF] 【直播间】23357926 的第 43 个心跳包发送成功
[01:23:30 INF] 【直播间】407149 的第 43 个心跳包发送成功
[01:23:31 INF] 【直播间】23040372 的第 43 个心跳包发送成功
[01:24:35 ERR] 【心跳包】直播间 23357926 发送失败
[01:24:35 ERR] 【原因】time check failed
[01:24:36 ERR] 【心跳包】直播间 407149 发送失败
[01:24:36 ERR] 【原因】time check failed
[01:24:38 ERR] 【心跳包】直播间 23040372 发送失败
[01:24:38 ERR] 【原因】time check failed
[01:25:42 INF] 【直播间】23357926 的第 44 个心跳包发送成功
[01:25:43 INF] 【直播间】407149 的第 44 个心跳包发送成功
[01:25:44 INF] 【直播间】23040372 的第 44 个心跳包发送成功
[01:26:48 INF] 【直播间】23357926 的第 45 个心跳包发送成功
[01:26:49 INF] 【直播间】407149 的第 45 个心跳包发送成功
[01:26:50 INF] 【直播间】23040372 的第 45 个心跳包发送成功
[01:27:54 INF] 【直播间】23357926 的第 46 个心跳包发送成功
[01:27:55 INF] 【直播间】407149 的第 46 个心跳包发送成功
[01:27:57 INF] 【直播间】23040372 的第 46 个心跳包发送成功
[01:29:00 INF] 【直播间】23357926 的第 47 个心跳包发送成功
[01:29:02 INF] 【直播间】407149 的第 47 个心跳包发送成功
[01:29:03 INF] 【直播间】23040372 的第 47 个心跳包发送成功
[01:30:07 INF] 【直播间】23357926 的第 48 个心跳包发送成功
[01:30:08 INF] 【直播间】407149 的第 48 个心跳包发送成功
[01:30:09 INF] 【直播间】23040372 的第 48 个心跳包发送成功
[01:31:13 INF] 【直播间】23357926 的第 49 个心跳包发送成功
[01:31:14 INF] 【直播间】407149 的第 49 个心跳包发送成功
[01:31:16 INF] 【直播间】23040372 的第 49 个心跳包发送成功
[01:32:20 INF] 【直播间】23357926 的第 50 个心跳包发送成功
[01:32:21 INF] 【直播间】407149 的第 50 个心跳包发送成功
[01:32:22 INF] 【直播间】23040372 的第 50 个心跳包发送成功
[01:33:26 INF] 【直播间】23357926 的第 51 个心跳包发送成功
[01:33:27 INF] 【直播间】407149 的第 51 个心跳包发送成功
[01:33:29 INF] 【直播间】23040372 的第 51 个心跳包发送成功
[01:34:32 INF] 【直播间】23357926 的第 52 个心跳包发送成功
[01:34:33 INF] 【直播间】407149 的第 52 个心跳包发送成功
[01:34:35 INF] 【直播间】23040372 的第 52 个心跳包发送成功
[01:35:39 INF] 【直播间】23357926 的第 53 个心跳包发送成功
[01:35:40 INF] 【直播间】407149 的第 53 个心跳包发送成功
[01:35:41 INF] 【直播间】23040372 的第 53 个心跳包发送成功
[01:36:45 INF] 【直播间】23357926 的第 54 个心跳包发送成功
[01:36:46 INF] 【直播间】407149 的第 54 个心跳包发送成功
[01:36:47 INF] 【直播间】23040372 的第 54 个心跳包发送成功
[01:37:51 INF] 【直播间】23357926 的第 55 个心跳包发送成功
[01:37:52 INF] 【直播间】407149 的第 55 个心跳包发送成功
[01:37:54 INF] 【直播间】23040372 的第 55 个心跳包发送成功
[01:38:58 INF] 【直播间】23357926 的第 56 个心跳包发送成功
[01:38:59 INF] 【直播间】407149 的第 56 个心跳包发送成功
[01:39:00 INF] 【直播间】23040372 的第 56 个心跳包发送成功
[01:40:04 INF] 【直播间】23357926 的第 57 个心跳包发送成功
[01:40:05 INF] 【直播间】407149 的第 57 个心跳包发送成功
[01:40:07 INF] 【直播间】23040372 的第 57 个心跳包发送成功
[01:41:11 ERR] 【心跳包】直播间 23357926 发送失败
[01:41:11 ERR] 【原因】time check failed
[01:41:12 ERR] 【心跳包】直播间 407149 发送失败
[01:41:12 ERR] 【原因】time check failed
[01:41:13 ERR] 【心跳包】直播间 23040372 发送失败
[01:41:13 ERR] 【原因】time check failed
[01:42:17 INF] 【直播间】23357926 的第 58 个心跳包发送成功
[01:42:18 INF] 【直播间】407149 的第 58 个心跳包发送成功
[01:42:19 INF] 【直播间】23040372 的第 58 个心跳包发送成功
[01:43:23 INF] 【直播间】23357926 的第 59 个心跳包发送成功
[01:43:24 INF] 【直播间】407149 的第 59 个心跳包发送成功
[01:43:26 INF] 【直播间】23040372 的第 59 个心跳包发送成功
[01:44:30 INF] 【直播间】23357926 的第 60 个心跳包发送成功
[01:44:31 INF] 【直播间】407149 的第 60 个心跳包发送成功
[01:44:32 INF] 【直播间】23040372 的第 60 个心跳包发送成功
[01:45:36 INF] 【直播间】23357926 的第 61 个心跳包发送成功
[01:45:37 INF] 【直播间】407149 的第 61 个心跳包发送成功
[01:45:39 INF] 【直播间】23040372 的第 61 个心跳包发送成功
[01:46:43 INF] 【直播间】23357926 的第 62 个心跳包发送成功
[01:46:44 INF] 【直播间】407149 的第 62 个心跳包发送成功
[01:46:45 INF] 【直播间】23040372 的第 62 个心跳包发送成功
[01:47:49 INF] 【直播间】23357926 的第 63 个心跳包发送成功
[01:47:50 INF] 【直播间】407149 的第 63 个心跳包发送成功
[01:47:51 INF] 【直播间】23040372 的第 63 个心跳包发送成功
[01:49:00 INF] 【直播间】23357926 的第 64 个心跳包发送成功
[01:49:02 INF] 【直播间】407149 的第 64 个心跳包发送成功
[01:49:03 INF] 【直播间】23040372 的第 64 个心跳包发送成功
[01:50:07 INF] 【直播间】23357926 的第 65 个心跳包发送成功
[01:50:08 INF] 【直播间】407149 的第 65 个心跳包发送成功
[01:50:09 INF] 【直播间】23040372 的第 65 个心跳包发送成功
[01:51:13 INF] 【直播间】23357926 的第 66 个心跳包发送成功
[01:51:14 INF] 【直播间】407149 的第 66 个心跳包发送成功
[01:51:15 INF] 【直播间】23040372 的第 66 个心跳包发送成功
[01:52:20 INF] 【直播间】23357926 的第 67 个心跳包发送成功
[01:52:21 INF] 【直播间】407149 的第 67 个心跳包发送成功
[01:52:22 INF] 【直播间】23040372 的第 67 个心跳包发送成功
[01:53:26 INF] 【直播间】23357926 的第 68 个心跳包发送成功
[01:53:27 INF] 【直播间】407149 的第 68 个心跳包发送成功
[01:53:29 INF] 【直播间】23040372 的第 68 个心跳包发送成功
[01:54:32 INF] 【直播间】23357926 的第 69 个心跳包发送成功
[01:54:34 INF] 【直播间】407149 的第 69 个心跳包发送成功
[01:54:35 INF] 【直播间】23040372 的第 69 个心跳包发送成功
[01:55:39 INF] 【直播间】23357926 的第 70 个心跳包发送成功
[01:55:40 INF] 【直播间】407149 的第 70 个心跳包发送成功
[01:55:41 INF] 【直播间】23040372 的第 70 个心跳包发送成功
[01:55:41 INF] 【直播观看时长】完成情况：3/3 
[01:55:41 INF] ---------结束---------

[01:55:41 INF] ==========结束==========

[01:55:41 INF] ######### 账号 2 #########

[01:55:41 INF] =====开始 直播间互动 =====

[01:55:41 INF] ---开始 发送弹幕 ---
[01:55:41 INF] 检测到直播 Cookie 未正确配置，尝试自动配置中...
[01:55:44 INF] 直播 Cookie 配置成功！
[01:55:44 INF] 【获取直播列表】获取拥有粉丝牌的直播列表
[01:55:48 INF] 【主播】Mark陌枫 
[01:56:08 INF] 【主播】苏打baka 
[01:56:20 INF] 【主播】特别中二的q3君 
[01:56:32 INF] 【主播】陈抱一 
[01:56:48 INF] 【主播】贪玩的小毅 
[01:57:00 INF] 【主播】KL_qiqi_ 
[01:57:18 INF] 【主播】悠悠球琛总 
[01:57:31 INF] 【主播】新石器公园 
[01:57:47 INF] 【主播】脏小豆 
[01:58:00 INF] 【主播】记录生活的蛋黄派 
[01:58:18 INF] 【主播】FoFTG 
[01:58:33 INF] 【主播】李船长笔记 
[01:58:52 INF] 【直播间】Mark陌枫
[01:58:52 INF] 【粉丝牌】馬楓
[01:58:52 INF] 正在发送弹幕...
[01:58:59 INF] 【直播间】苏打baka
[01:58:59 INF] 【粉丝牌】碳酸钠
[01:58:59 INF] 正在发送弹幕...
[01:59:03 INF] 【直播间】特别中二的q3君
[01:59:03 INF] 【粉丝牌】q3GG
[01:59:03 INF] 正在发送弹幕...
[01:59:08 INF] 【直播间】陈抱一
[01:59:08 INF] 【粉丝牌】陈抱一
[01:59:08 INF] 正在发送弹幕...
[01:59:09 INF] 【弹幕发送】成功~，你和主播 Mark陌枫 的亲密值增加了100！
[01:59:13 INF] 【直播间】贪玩的小毅
[01:59:13 INF] 【粉丝牌】大大毅
[01:59:13 INF] 正在发送弹幕...
[01:59:16 INF] 【弹幕发送】成功~，你和主播 苏打baka 的亲密值增加了100！
[01:59:19 INF] 【直播间】KL_qiqi_
[01:59:19 INF] 【粉丝牌】qiqisb
[01:59:19 INF] 正在发送弹幕...
[01:59:20 INF] 【弹幕发送】成功~，你和主播 特别中二的q3君 的亲密值增加了100！
[01:59:23 INF] 【直播间】悠悠球琛总
[01:59:23 INF] 【粉丝牌】i琛
[01:59:23 INF] 正在发送弹幕...
[01:59:26 INF] 【弹幕发送】成功~，你和主播 陈抱一 的亲密值增加了100！
[01:59:27 INF] 【直播间】新石器公园
[01:59:27 INF] 【粉丝牌】东园主
[01:59:27 INF] 正在发送弹幕...
[01:59:28 INF] 【弹幕发送】成功~，你和主播 贪玩的小毅 的亲密值增加了100！
[01:59:30 INF] 【直播间】脏小豆
[01:59:30 INF] 【粉丝牌】豆豆浆
[01:59:30 INF] 正在发送弹幕...
[01:59:32 INF] 【弹幕发送】成功~，你和主播 KL_qiqi_ 的亲密值增加了100！
[01:59:34 INF] 【直播间】记录生活的蛋黄派
[01:59:34 INF] 【粉丝牌】派派派
[01:59:34 INF] 正在发送弹幕...
[01:59:38 INF] 【弹幕发送】成功~，你和主播 悠悠球琛总 的亲密值增加了100！
[01:59:40 INF] 【直播间】FoFTG
[01:59:40 INF] 【粉丝牌】FOFTG
[01:59:40 INF] 正在发送弹幕...
[01:59:41 INF] 【弹幕发送】成功~，你和主播 新石器公园 的亲密值增加了100！
[01:59:43 INF] 【弹幕发送】成功~，你和主播 脏小豆 的亲密值增加了100！
[01:59:44 INF] 【直播间】李船长笔记
[01:59:44 INF] 【粉丝牌】航海仕
[01:59:44 INF] 正在发送弹幕...
[01:59:51 INF] -------结束-------

[01:59:51 INF] ---开始 点赞直播间 ---
[01:59:51 INF] 【获取直播列表】获取拥有粉丝牌的直播列表
[01:59:52 INF] 【弹幕发送】成功~，你和主播 记录生活的蛋黄派 的亲密值增加了100！
[01:59:55 INF] 【弹幕发送】成功~，你和主播 FoFTG 的亲密值增加了100！
[01:59:56 INF] 【主播】Mark陌枫 
[02:00:04 INF] 【弹幕发送】成功~，你和主播 李船长笔记 的亲密值增加了100！
[02:00:07 INF] 【主播】苏打baka 
[02:00:25 INF] 【主播】特别中二的q3君 
[02:00:39 INF] 【主播】陈抱一 
[02:00:56 INF] 【主播】贪玩的小毅 
[02:01:13 INF] 【主播】KL_qiqi_ 
[02:01:29 INF] 【主播】悠悠球琛总 
[02:01:47 INF] 【主播】新石器公园 
[02:02:00 INF] 【主播】脏小豆 
[02:02:18 INF] 【主播】记录生活的蛋黄派 
[02:02:37 INF] 【主播】FoFTG 
[02:02:58 INF] 【主播】李船长笔记 
[02:03:22 INF] 【点赞直播间】23357926 完成
[02:03:26 INF] 【点赞直播间】23040372 完成
[02:03:29 INF] 【点赞直播间】31494 完成
[02:03:35 INF] 【点赞直播间】4015781 完成
[02:03:41 INF] 【点赞直播间】9619073 完成
[02:03:46 INF] 【点赞直播间】407149 完成
[02:03:53 INF] 【点赞直播间】7184632 完成
[02:04:00 INF] 【点赞直播间】23447660 完成
[02:04:04 INF] 【点赞直播间】929670 完成
[02:04:08 INF] 【点赞直播间】11732699 完成
[02:04:13 INF] 【点赞直播间】91164 完成
[02:04:20 INF] --------结束--------

[02:04:20 INF] ---开始 直播时长挂机 ---
[02:04:20 INF] 【获取直播列表】获取拥有粉丝牌的直播列表
[02:04:20 INF] 【点赞直播间】22764265 完成
[02:04:24 INF] 【主播】Mark陌枫 
[02:04:39 INF] 【主播】苏打baka 
[02:04:58 INF] 【主播】特别中二的q3君 
[02:05:14 INF] 【主播】陈抱一 
[02:05:26 INF] 【主播】贪玩的小毅 
[02:05:43 INF] 【主播】KL_qiqi_ 
[02:05:59 INF] 【主播】悠悠球琛总 
[02:06:18 INF] 【主播】新石器公园 
[02:06:31 INF] 【主播】脏小豆 
[02:06:43 INF] 【主播】记录生活的蛋黄派 
[02:06:58 INF] 【主播】FoFTG 
[02:07:13 INF] 【主播】李船长笔记 
[02:07:31 INF] 【直播间】23357926 的第 1 个心跳包发送成功
[02:07:32 INF] 【直播间】23040372 的第 1 个心跳包发送成功
[02:07:33 INF] 【直播间】31494 的第 1 个心跳包发送成功
[02:07:34 INF] 【直播间】4015781 的第 1 个心跳包发送成功
[02:07:35 INF] 【直播间】9619073 的第 1 个心跳包发送成功
[02:07:37 INF] 【直播间】407149 的第 1 个心跳包发送成功
[02:07:38 INF] 【直播间】7184632 的第 1 个心跳包发送成功
[02:07:39 INF] 【直播间】23447660 的第 1 个心跳包发送成功
[02:07:40 INF] 【直播间】929670 的第 1 个心跳包发送成功
[02:07:41 INF] 【直播间】11732699 的第 1 个心跳包发送成功
[02:07:43 INF] 【直播间】91164 的第 1 个心跳包发送成功
[02:07:44 INF] 【直播间】22764265 的第 1 个心跳包发送成功
[02:08:37 INF] 【直播间】23357926 的第 2 个心跳包发送成功
[02:08:38 INF] 【直播间】23040372 的第 2 个心跳包发送成功
[02:08:40 INF] 【直播间】31494 的第 2 个心跳包发送成功
[02:08:41 INF] 【直播间】4015781 的第 2 个心跳包发送成功
[02:08:42 INF] 【直播间】9619073 的第 2 个心跳包发送成功
[02:08:43 INF] 【直播间】407149 的第 2 个心跳包发送成功
[02:08:44 INF] 【直播间】7184632 的第 2 个心跳包发送成功
[02:08:46 INF] 【直播间】23447660 的第 2 个心跳包发送成功
[02:08:47 INF] 【直播间】929670 的第 2 个心跳包发送成功
[02:08:48 INF] 【直播间】11732699 的第 2 个心跳包发送成功
[02:08:49 INF] 【直播间】91164 的第 2 个心跳包发送成功
[02:08:50 INF] 【直播间】22764265 的第 2 个心跳包发送成功
[02:09:44 INF] 【直播间】23357926 的第 3 个心跳包发送成功
[02:09:45 INF] 【直播间】23040372 的第 3 个心跳包发送成功
[02:09:46 INF] 【直播间】31494 的第 3 个心跳包发送成功
[02:09:47 INF] 【直播间】4015781 的第 3 个心跳包发送成功
[02:09:48 INF] 【直播间】9619073 的第 3 个心跳包发送成功
[02:09:50 INF] 【直播间】407149 的第 3 个心跳包发送成功
[02:09:51 INF] 【直播间】7184632 的第 3 个心跳包发送成功
[02:09:52 INF] 【直播间】23447660 的第 3 个心跳包发送成功
[02:09:53 INF] 【直播间】929670 的第 3 个心跳包发送成功
[02:09:54 INF] 【直播间】11732699 的第 3 个心跳包发送成功
[02:09:56 INF] 【直播间】91164 的第 3 个心跳包发送成功
[02:09:57 INF] 【直播间】22764265 的第 3 个心跳包发送成功
[02:10:50 INF] 【直播间】23357926 的第 4 个心跳包发送成功
[02:10:51 INF] 【直播间】23040372 的第 4 个心跳包发送成功
[02:10:52 INF] 【直播间】31494 的第 4 个心跳包发送成功
[02:10:53 INF] 【直播间】4015781 的第 4 个心跳包发送成功
[02:10:55 INF] 【直播间】9619073 的第 4 个心跳包发送成功
[02:10:56 INF] 【直播间】407149 的第 4 个心跳包发送成功
[02:10:57 INF] 【直播间】7184632 的第 4 个心跳包发送成功
[02:10:58 INF] 【直播间】23447660 的第 4 个心跳包发送成功
[02:10:59 INF] 【直播间】929670 的第 4 个心跳包发送成功
[02:11:01 INF] 【直播间】11732699 的第 4 个心跳包发送成功
[02:11:02 INF] 【直播间】91164 的第 4 个心跳包发送成功
[02:11:03 INF] 【直播间】22764265 的第 4 个心跳包发送成功
[02:11:56 INF] 【直播间】23357926 的第 5 个心跳包发送成功
[02:11:57 INF] 【直播间】23040372 的第 5 个心跳包发送成功
[02:11:59 INF] 【直播间】31494 的第 5 个心跳包发送成功
[02:12:00 INF] 【直播间】4015781 的第 5 个心跳包发送成功
[02:12:01 INF] 【直播间】9619073 的第 5 个心跳包发送成功
[02:12:02 INF] 【直播间】407149 的第 5 个心跳包发送成功
[02:12:03 INF] 【直播间】7184632 的第 5 个心跳包发送成功
[02:12:05 INF] 【直播间】23447660 的第 5 个心跳包发送成功
[02:12:06 INF] 【直播间】929670 的第 5 个心跳包发送成功
[02:12:07 INF] 【直播间】11732699 的第 5 个心跳包发送成功
[02:12:08 INF] 【直播间】91164 的第 5 个心跳包发送成功
[02:12:10 INF] 【直播间】22764265 的第 5 个心跳包发送成功
[02:13:02 INF] 【直播间】23357926 的第 6 个心跳包发送成功
[02:13:04 INF] 【直播间】23040372 的第 6 个心跳包发送成功
[02:13:05 INF] 【直播间】31494 的第 6 个心跳包发送成功
[02:13:06 INF] 【直播间】4015781 的第 6 个心跳包发送成功
[02:13:07 INF] 【直播间】9619073 的第 6 个心跳包发送成功
[02:13:09 INF] 【直播间】407149 的第 6 个心跳包发送成功
[02:13:10 INF] 【直播间】7184632 的第 6 个心跳包发送成功
[02:13:11 INF] 【直播间】23447660 的第 6 个心跳包发送成功
[02:13:12 INF] 【直播间】929670 的第 6 个心跳包发送成功
[02:13:13 INF] 【直播间】11732699 的第 6 个心跳包发送成功
[02:13:15 INF] 【直播间】91164 的第 6 个心跳包发送成功
[02:13:16 INF] 【直播间】22764265 的第 6 个心跳包发送成功
[02:14:09 INF] 【直播间】23357926 的第 7 个心跳包发送成功
[02:14:10 INF] 【直播间】23040372 的第 7 个心跳包发送成功
[02:14:11 INF] 【直播间】31494 的第 7 个心跳包发送成功
[02:14:12 INF] 【直播间】4015781 的第 7 个心跳包发送成功
[02:14:14 INF] 【直播间】9619073 的第 7 个心跳包发送成功
[02:14:15 INF] 【直播间】407149 的第 7 个心跳包发送成功
[02:14:16 INF] 【直播间】7184632 的第 7 个心跳包发送成功
[02:14:17 INF] 【直播间】23447660 的第 7 个心跳包发送成功
[02:14:18 INF] 【直播间】929670 的第 7 个心跳包发送成功
[02:14:20 INF] 【直播间】11732699 的第 7 个心跳包发送成功
[02:14:21 INF] 【直播间】91164 的第 7 个心跳包发送成功
[02:14:22 INF] 【直播间】22764265 的第 7 个心跳包发送成功
[02:15:15 INF] 【直播间】23357926 的第 8 个心跳包发送成功
[02:15:16 INF] 【直播间】23040372 的第 8 个心跳包发送成功
[02:15:18 INF] 【直播间】31494 的第 8 个心跳包发送成功
[02:15:19 INF] 【直播间】4015781 的第 8 个心跳包发送成功
[02:15:20 INF] 【直播间】9619073 的第 8 个心跳包发送成功
[02:15:21 INF] 【直播间】407149 的第 8 个心跳包发送成功
[02:15:22 INF] 【直播间】7184632 的第 8 个心跳包发送成功
[02:15:24 INF] 【直播间】23447660 的第 8 个心跳包发送成功
[02:15:25 INF] 【直播间】929670 的第 8 个心跳包发送成功
[02:15:26 INF] 【直播间】11732699 的第 8 个心跳包发送成功
[02:15:27 INF] 【直播间】91164 的第 8 个心跳包发送成功
[02:15:28 INF] 【直播间】22764265 的第 8 个心跳包发送成功
[02:16:22 INF] 【直播间】23357926 的第 9 个心跳包发送成功
[02:16:23 INF] 【直播间】23040372 的第 9 个心跳包发送成功
[02:16:24 INF] 【直播间】31494 的第 9 个心跳包发送成功
[02:16:25 INF] 【直播间】4015781 的第 9 个心跳包发送成功
[02:16:26 INF] 【直播间】9619073 的第 9 个心跳包发送成功
[02:16:28 INF] 【直播间】407149 的第 9 个心跳包发送成功
[02:16:29 INF] 【直播间】7184632 的第 9 个心跳包发送成功
[02:16:30 INF] 【直播间】23447660 的第 9 个心跳包发送成功
[02:16:31 INF] 【直播间】929670 的第 9 个心跳包发送成功
[02:16:32 INF] 【直播间】11732699 的第 9 个心跳包发送成功
[02:16:34 INF] 【直播间】91164 的第 9 个心跳包发送成功
[02:16:35 INF] 【直播间】22764265 的第 9 个心跳包发送成功
[02:17:28 INF] 【直播间】23357926 的第 10 个心跳包发送成功
[02:17:29 INF] 【直播间】23040372 的第 10 个心跳包发送成功
[02:17:30 INF] 【直播间】31494 的第 10 个心跳包发送成功
[02:17:32 INF] 【直播间】4015781 的第 10 个心跳包发送成功
[02:17:33 INF] 【直播间】9619073 的第 10 个心跳包发送成功
[02:17:34 INF] 【直播间】407149 的第 10 个心跳包发送成功
[02:17:35 INF] 【直播间】7184632 的第 10 个心跳包发送成功
[02:17:36 INF] 【直播间】23447660 的第 10 个心跳包发送成功
[02:17:37 INF] 【直播间】929670 的第 10 个心跳包发送成功
[02:17:39 INF] 【直播间】11732699 的第 10 个心跳包发送成功
[02:17:40 INF] 【直播间】91164 的第 10 个心跳包发送成功
[02:17:41 INF] 【直播间】22764265 的第 10 个心跳包发送成功
[02:18:34 INF] 【直播间】23357926 的第 11 个心跳包发送成功
[02:18:35 INF] 【直播间】23040372 的第 11 个心跳包发送成功
[02:18:37 INF] 【直播间】31494 的第 11 个心跳包发送成功
[02:18:38 INF] 【直播间】4015781 的第 11 个心跳包发送成功
[02:18:39 INF] 【直播间】9619073 的第 11 个心跳包发送成功
[02:18:40 INF] 【直播间】407149 的第 11 个心跳包发送成功
[02:18:41 INF] 【直播间】7184632 的第 11 个心跳包发送成功
[02:18:43 INF] 【直播间】23447660 的第 11 个心跳包发送成功
[02:18:44 INF] 【直播间】929670 的第 11 个心跳包发送成功
[02:18:45 INF] 【直播间】11732699 的第 11 个心跳包发送成功
[02:18:46 INF] 【直播间】91164 的第 11 个心跳包发送成功
[02:18:47 INF] 【直播间】22764265 的第 11 个心跳包发送成功
[02:19:40 INF] 【直播间】23357926 的第 12 个心跳包发送成功
[02:19:42 INF] 【直播间】23040372 的第 12 个心跳包发送成功
[02:19:43 INF] 【直播间】31494 的第 12 个心跳包发送成功
[02:19:44 INF] 【直播间】4015781 的第 12 个心跳包发送成功
[02:19:45 INF] 【直播间】9619073 的第 12 个心跳包发送成功
[02:19:47 INF] 【直播间】407149 的第 12 个心跳包发送成功
[02:19:48 INF] 【直播间】7184632 的第 12 个心跳包发送成功
[02:19:49 INF] 【直播间】23447660 的第 12 个心跳包发送成功
[02:19:51 INF] 【直播间】929670 的第 12 个心跳包发送成功
[02:19:52 INF] 【直播间】11732699 的第 12 个心跳包发送成功
[02:19:53 INF] 【直播间】91164 的第 12 个心跳包发送成功
[02:19:54 INF] 【直播间】22764265 的第 12 个心跳包发送成功
[02:20:47 INF] 【直播间】23357926 的第 13 个心跳包发送成功
[02:20:48 INF] 【直播间】23040372 的第 13 个心跳包发送成功
[02:20:50 INF] 【直播间】31494 的第 13 个心跳包发送成功
[02:20:51 INF] 【直播间】4015781 的第 13 个心跳包发送成功
[02:20:52 INF] 【直播间】9619073 的第 13 个心跳包发送成功
[02:20:53 INF] 【直播间】407149 的第 13 个心跳包发送成功
[02:20:55 INF] 【直播间】7184632 的第 13 个心跳包发送成功
[02:20:56 INF] 【直播间】23447660 的第 13 个心跳包发送成功
[02:20:57 INF] 【直播间】929670 的第 13 个心跳包发送成功
[02:20:58 INF] 【直播间】11732699 的第 13 个心跳包发送成功
[02:21:00 INF] 【直播间】91164 的第 13 个心跳包发送成功
[02:21:01 INF] 【直播间】22764265 的第 13 个心跳包发送成功
[02:21:54 INF] 【直播间】23357926 的第 14 个心跳包发送成功
[02:21:55 INF] 【直播间】23040372 的第 14 个心跳包发送成功
[02:21:56 INF] 【直播间】31494 的第 14 个心跳包发送成功
[02:21:57 INF] 【直播间】4015781 的第 14 个心跳包发送成功
[02:21:59 INF] 【直播间】9619073 的第 14 个心跳包发送成功
[02:22:00 INF] 【直播间】407149 的第 14 个心跳包发送成功
[02:22:01 INF] 【直播间】7184632 的第 14 个心跳包发送成功
[02:22:02 INF] 【直播间】23447660 的第 14 个心跳包发送成功
[02:22:04 INF] 【直播间】929670 的第 14 个心跳包发送成功
[02:22:05 INF] 【直播间】11732699 的第 14 个心跳包发送成功
[02:22:06 INF] 【直播间】91164 的第 14 个心跳包发送成功
[02:22:07 INF] 【直播间】22764265 的第 14 个心跳包发送成功
[02:23:00 INF] 【直播间】23357926 的第 15 个心跳包发送成功
[02:23:01 INF] 【直播间】23040372 的第 15 个心跳包发送成功
[02:23:02 INF] 【直播间】31494 的第 15 个心跳包发送成功
[02:23:04 INF] 【直播间】4015781 的第 15 个心跳包发送成功
[02:23:05 INF] 【直播间】9619073 的第 15 个心跳包发送成功
[02:23:06 INF] 【直播间】407149 的第 15 个心跳包发送成功
[02:23:07 INF] 【直播间】7184632 的第 15 个心跳包发送成功
[02:23:09 INF] 【直播间】23447660 的第 15 个心跳包发送成功
[02:23:10 INF] 【直播间】929670 的第 15 个心跳包发送成功
[02:23:11 INF] 【直播间】11732699 的第 15 个心跳包发送成功
[02:23:12 INF] 【直播间】91164 的第 15 个心跳包发送成功
[02:23:14 INF] 【直播间】22764265 的第 15 个心跳包发送成功
[02:24:06 ERR] 【心跳包】直播间 23357926 发送失败
[02:24:06 ERR] 【原因】time check failed
[02:24:07 ERR] 【心跳包】直播间 23040372 发送失败
[02:24:07 ERR] 【原因】time check failed
[02:24:09 ERR] 【心跳包】直播间 31494 发送失败
[02:24:09 ERR] 【原因】time check failed
[02:24:10 ERR] 【心跳包】直播间 4015781 发送失败
[02:24:10 ERR] 【原因】time check failed
[02:24:11 ERR] 【心跳包】直播间 9619073 发送失败
[02:24:11 ERR] 【原因】time check failed
[02:24:12 ERR] 【心跳包】直播间 407149 发送失败
[02:24:12 ERR] 【原因】time check failed
[02:24:14 ERR] 【心跳包】直播间 7184632 发送失败
[02:24:14 ERR] 【原因】time check failed
[02:24:15 ERR] 【心跳包】直播间 23447660 发送失败
[02:24:15 ERR] 【原因】time check failed
[02:24:16 ERR] 【心跳包】直播间 929670 发送失败
[02:24:16 ERR] 【原因】time check failed
[02:24:17 ERR] 【心跳包】直播间 11732699 发送失败
[02:24:17 ERR] 【原因】time check failed
[02:24:19 ERR] 【心跳包】直播间 91164 发送失败
[02:24:19 ERR] 【原因】time check failed
[02:24:20 ERR] 【心跳包】直播间 22764265 发送失败
[02:24:20 ERR] 【原因】time check failed
[02:25:13 INF] 【直播间】23357926 的第 16 个心跳包发送成功
[02:25:14 INF] 【直播间】23040372 的第 16 个心跳包发送成功
[02:25:15 INF] 【直播间】31494 的第 16 个心跳包发送成功
[02:25:16 INF] 【直播间】4015781 的第 16 个心跳包发送成功
[02:25:17 INF] 【直播间】9619073 的第 16 个心跳包发送成功
[02:25:19 INF] 【直播间】407149 的第 16 个心跳包发送成功
[02:25:20 INF] 【直播间】7184632 的第 16 个心跳包发送成功
[02:25:21 INF] 【直播间】23447660 的第 16 个心跳包发送成功
[02:25:22 INF] 【直播间】929670 的第 16 个心跳包发送成功
[02:25:23 INF] 【直播间】11732699 的第 16 个心跳包发送成功
[02:25:25 INF] 【直播间】91164 的第 16 个心跳包发送成功
[02:25:26 INF] 【直播间】22764265 的第 16 个心跳包发送成功
[02:26:19 INF] 【直播间】23357926 的第 17 个心跳包发送成功
[02:26:20 INF] 【直播间】23040372 的第 17 个心跳包发送成功
[02:26:21 INF] 【直播间】31494 的第 17 个心跳包发送成功
[02:26:23 INF] 【直播间】4015781 的第 17 个心跳包发送成功
[02:26:24 INF] 【直播间】9619073 的第 17 个心跳包发送成功
[02:26:25 INF] 【直播间】407149 的第 17 个心跳包发送成功
[02:26:26 INF] 【直播间】7184632 的第 17 个心跳包发送成功
[02:26:27 INF] 【直播间】23447660 的第 17 个心跳包发送成功
[02:26:29 INF] 【直播间】929670 的第 17 个心跳包发送成功
[02:26:30 INF] 【直播间】11732699 的第 17 个心跳包发送成功
[02:26:31 INF] 【直播间】91164 的第 17 个心跳包发送成功
[02:26:32 INF] 【直播间】22764265 的第 17 个心跳包发送成功
[02:27:26 INF] 【直播间】23357926 的第 18 个心跳包发送成功
[02:27:27 INF] 【直播间】23040372 的第 18 个心跳包发送成功
[02:27:28 INF] 【直播间】31494 的第 18 个心跳包发送成功
[02:27:29 INF] 【直播间】4015781 的第 18 个心跳包发送成功
[02:27:31 INF] 【直播间】9619073 的第 18 个心跳包发送成功
[02:27:32 INF] 【直播间】407149 的第 18 个心跳包发送成功
[02:27:33 INF] 【直播间】7184632 的第 18 个心跳包发送成功
[02:27:34 INF] 【直播间】23447660 的第 18 个心跳包发送成功
[02:27:35 INF] 【直播间】929670 的第 18 个心跳包发送成功
[02:27:37 INF] 【直播间】11732699 的第 18 个心跳包发送成功
[02:27:38 INF] 【直播间】91164 的第 18 个心跳包发送成功
[02:27:39 INF] 【直播间】22764265 的第 18 个心跳包发送成功
[02:28:32 INF] 【直播间】23357926 的第 19 个心跳包发送成功
[02:28:33 INF] 【直播间】23040372 的第 19 个心跳包发送成功
[02:28:34 INF] 【直播间】31494 的第 19 个心跳包发送成功
[02:28:36 INF] 【直播间】4015781 的第 19 个心跳包发送成功
[02:28:37 INF] 【直播间】9619073 的第 19 个心跳包发送成功
[02:28:38 INF] 【直播间】407149 的第 19 个心跳包发送成功
[02:28:39 INF] 【直播间】7184632 的第 19 个心跳包发送成功
[02:28:41 INF] 【直播间】23447660 的第 19 个心跳包发送成功
[02:28:42 INF] 【直播间】929670 的第 19 个心跳包发送成功
[02:28:43 INF] 【直播间】11732699 的第 19 个心跳包发送成功
[02:28:44 INF] 【直播间】91164 的第 19 个心跳包发送成功
[02:28:46 INF] 【直播间】22764265 的第 19 个心跳包发送成功
[02:29:38 INF] 【直播间】23357926 的第 20 个心跳包发送成功
[02:29:39 INF] 【直播间】23040372 的第 20 个心跳包发送成功
[02:29:41 INF] 【直播间】31494 的第 20 个心跳包发送成功
[02:29:42 INF] 【直播间】4015781 的第 20 个心跳包发送成功
[02:29:43 INF] 【直播间】9619073 的第 20 个心跳包发送成功
[02:29:44 INF] 【直播间】407149 的第 20 个心跳包发送成功
[02:29:46 INF] 【直播间】7184632 的第 20 个心跳包发送成功
[02:29:47 INF] 【直播间】23447660 的第 20 个心跳包发送成功
[02:29:48 INF] 【直播间】929670 的第 20 个心跳包发送成功
[02:29:50 INF] 【直播间】11732699 的第 20 个心跳包发送成功
[02:29:51 INF] 【直播间】91164 的第 20 个心跳包发送成功
[02:29:52 INF] 【直播间】22764265 的第 20 个心跳包发送成功
[02:30:45 INF] 【直播间】23357926 的第 21 个心跳包发送成功
[02:30:46 INF] 【直播间】23040372 的第 21 个心跳包发送成功
[02:30:47 INF] 【直播间】31494 的第 21 个心跳包发送成功
[02:30:48 INF] 【直播间】4015781 的第 21 个心跳包发送成功
[02:30:50 INF] 【直播间】9619073 的第 21 个心跳包发送成功
[02:30:51 INF] 【直播间】407149 的第 21 个心跳包发送成功
[02:30:52 INF] 【直播间】7184632 的第 21 个心跳包发送成功
[02:30:53 INF] 【直播间】23447660 的第 21 个心跳包发送成功
[02:30:54 INF] 【直播间】929670 的第 21 个心跳包发送成功
[02:30:56 INF] 【直播间】11732699 的第 21 个心跳包发送成功
[02:30:57 INF] 【直播间】91164 的第 21 个心跳包发送成功
[02:30:58 INF] 【直播间】22764265 的第 21 个心跳包发送成功
[02:31:51 INF] 【直播间】23357926 的第 22 个心跳包发送成功
[02:31:52 INF] 【直播间】23040372 的第 22 个心跳包发送成功
[02:31:53 INF] 【直播间】31494 的第 22 个心跳包发送成功
[02:31:55 INF] 【直播间】4015781 的第 22 个心跳包发送成功
[02:31:56 INF] 【直播间】9619073 的第 22 个心跳包发送成功
[02:31:57 INF] 【直播间】407149 的第 22 个心跳包发送成功
[02:31:58 INF] 【直播间】7184632 的第 22 个心跳包发送成功
[02:31:59 INF] 【直播间】23447660 的第 22 个心跳包发送成功
[02:32:01 INF] 【直播间】929670 的第 22 个心跳包发送成功
[02:32:02 INF] 【直播间】11732699 的第 22 个心跳包发送成功
[02:32:03 INF] 【直播间】91164 的第 22 个心跳包发送成功
[02:32:05 INF] 【直播间】22764265 的第 22 个心跳包发送成功
[02:32:57 INF] 【直播间】23357926 的第 23 个心跳包发送成功
[02:32:59 INF] 【直播间】23040372 的第 23 个心跳包发送成功
[02:33:00 INF] 【直播间】31494 的第 23 个心跳包发送成功
[02:33:01 INF] 【直播间】4015781 的第 23 个心跳包发送成功
[02:33:02 INF] 【直播间】9619073 的第 23 个心跳包发送成功
[02:33:03 INF] 【直播间】407149 的第 23 个心跳包发送成功
[02:33:05 INF] 【直播间】7184632 的第 23 个心跳包发送成功
[02:33:06 INF] 【直播间】23447660 的第 23 个心跳包发送成功
[02:33:07 INF] 【直播间】929670 的第 23 个心跳包发送成功
[02:33:08 INF] 【直播间】11732699 的第 23 个心跳包发送成功
[02:33:09 INF] 【直播间】91164 的第 23 个心跳包发送成功
[02:33:11 INF] 【直播间】22764265 的第 23 个心跳包发送成功
[02:34:04 INF] 【直播间】23357926 的第 24 个心跳包发送成功
[02:34:05 INF] 【直播间】23040372 的第 24 个心跳包发送成功
[02:34:06 INF] 【直播间】31494 的第 24 个心跳包发送成功
[02:34:07 INF] 【直播间】4015781 的第 24 个心跳包发送成功
[02:34:08 INF] 【直播间】9619073 的第 24 个心跳包发送成功
[02:34:10 INF] 【直播间】407149 的第 24 个心跳包发送成功
[02:34:11 INF] 【直播间】7184632 的第 24 个心跳包发送成功
[02:34:12 INF] 【直播间】23447660 的第 24 个心跳包发送成功
[02:34:13 INF] 【直播间】929670 的第 24 个心跳包发送成功
[02:34:14 INF] 【直播间】11732699 的第 24 个心跳包发送成功
[02:34:16 INF] 【直播间】91164 的第 24 个心跳包发送成功
[02:34:17 INF] 【直播间】22764265 的第 24 个心跳包发送成功
[02:35:10 INF] 【直播间】23357926 的第 25 个心跳包发送成功
[02:35:11 INF] 【直播间】23040372 的第 25 个心跳包发送成功
[02:35:12 INF] 【直播间】31494 的第 25 个心跳包发送成功
[02:35:13 INF] 【直播间】4015781 的第 25 个心跳包发送成功
[02:35:15 INF] 【直播间】9619073 的第 25 个心跳包发送成功
[02:35:16 INF] 【直播间】407149 的第 25 个心跳包发送成功
[02:35:17 INF] 【直播间】7184632 的第 25 个心跳包发送成功
[02:35:18 INF] 【直播间】23447660 的第 25 个心跳包发送成功
[02:35:20 INF] 【直播间】929670 的第 25 个心跳包发送成功
[02:35:21 INF] 【直播间】11732699 的第 25 个心跳包发送成功
[02:35:22 INF] 【直播间】91164 的第 25 个心跳包发送成功
[02:35:23 INF] 【直播间】22764265 的第 25 个心跳包发送成功
[02:36:16 INF] 【直播间】23357926 的第 26 个心跳包发送成功
[02:36:18 INF] 【直播间】23040372 的第 26 个心跳包发送成功
[02:36:19 INF] 【直播间】31494 的第 26 个心跳包发送成功
[02:36:20 INF] 【直播间】4015781 的第 26 个心跳包发送成功
[02:36:21 INF] 【直播间】9619073 的第 26 个心跳包发送成功
[02:36:22 INF] 【直播间】407149 的第 26 个心跳包发送成功
[02:36:23 INF] 【直播间】7184632 的第 26 个心跳包发送成功
[02:36:25 INF] 【直播间】23447660 的第 26 个心跳包发送成功
[02:36:26 INF] 【直播间】929670 的第 26 个心跳包发送成功
[02:36:27 INF] 【直播间】11732699 的第 26 个心跳包发送成功
[02:36:28 INF] 【直播间】91164 的第 26 个心跳包发送成功
[02:36:29 INF] 【直播间】22764265 的第 26 个心跳包发送成功
[02:37:23 INF] 【直播间】23357926 的第 27 个心跳包发送成功
[02:37:24 INF] 【直播间】23040372 的第 27 个心跳包发送成功
[02:37:25 INF] 【直播间】31494 的第 27 个心跳包发送成功
[02:37:26 INF] 【直播间】4015781 的第 27 个心跳包发送成功
[02:37:28 INF] 【直播间】9619073 的第 27 个心跳包发送成功
[02:37:29 INF] 【直播间】407149 的第 27 个心跳包发送成功
[02:37:30 INF] 【直播间】7184632 的第 27 个心跳包发送成功
[02:37:31 INF] 【直播间】23447660 的第 27 个心跳包发送成功
[02:37:32 INF] 【直播间】929670 的第 27 个心跳包发送成功
[02:37:34 INF] 【直播间】11732699 的第 27 个心跳包发送成功
[02:37:35 INF] 【直播间】91164 的第 27 个心跳包发送成功
[02:37:36 INF] 【直播间】22764265 的第 27 个心跳包发送成功
[02:38:29 INF] 【直播间】23357926 的第 28 个心跳包发送成功
[02:38:30 INF] 【直播间】23040372 的第 28 个心跳包发送成功
[02:38:31 INF] 【直播间】31494 的第 28 个心跳包发送成功
[02:38:33 INF] 【直播间】4015781 的第 28 个心跳包发送成功
[02:38:34 INF] 【直播间】9619073 的第 28 个心跳包发送成功
[02:38:35 INF] 【直播间】407149 的第 28 个心跳包发送成功
[02:38:36 INF] 【直播间】7184632 的第 28 个心跳包发送成功
[02:38:37 INF] 【直播间】23447660 的第 28 个心跳包发送成功
[02:38:39 INF] 【直播间】929670 的第 28 个心跳包发送成功
[02:38:40 INF] 【直播间】11732699 的第 28 个心跳包发送成功
[02:38:41 INF] 【直播间】91164 的第 28 个心跳包发送成功
[02:38:42 INF] 【直播间】22764265 的第 28 个心跳包发送成功
[02:39:35 INF] 【直播间】23357926 的第 29 个心跳包发送成功
[02:39:36 INF] 【直播间】23040372 的第 29 个心跳包发送成功
[02:39:38 INF] 【直播间】31494 的第 29 个心跳包发送成功
[02:39:39 INF] 【直播间】4015781 的第 29 个心跳包发送成功
[02:39:40 INF] 【直播间】9619073 的第 29 个心跳包发送成功
[02:39:41 INF] 【直播间】407149 的第 29 个心跳包发送成功
[02:39:43 INF] 【直播间】7184632 的第 29 个心跳包发送成功
[02:39:44 INF] 【直播间】23447660 的第 29 个心跳包发送成功
[02:39:45 INF] 【直播间】929670 的第 29 个心跳包发送成功
[02:39:46 INF] 【直播间】11732699 的第 29 个心跳包发送成功
[02:39:47 INF] 【直播间】91164 的第 29 个心跳包发送成功
[02:39:49 INF] 【直播间】22764265 的第 29 个心跳包发送成功
[02:40:41 ERR] 【心跳包】直播间 23357926 发送失败
[02:40:41 ERR] 【原因】time check failed
[02:40:43 ERR] 【心跳包】直播间 23040372 发送失败
[02:40:43 ERR] 【原因】time check failed
[02:40:44 ERR] 【心跳包】直播间 31494 发送失败
[02:40:44 ERR] 【原因】time check failed
[02:40:45 ERR] 【心跳包】直播间 4015781 发送失败
[02:40:45 ERR] 【原因】time check failed
[02:40:46 ERR] 【心跳包】直播间 9619073 发送失败
[02:40:46 ERR] 【原因】time check failed
[02:40:48 ERR] 【心跳包】直播间 407149 发送失败
[02:40:48 ERR] 【原因】time check failed
[02:40:49 ERR] 【心跳包】直播间 7184632 发送失败
[02:40:49 ERR] 【原因】time check failed
[02:40:50 ERR] 【心跳包】直播间 23447660 发送失败
[02:40:50 ERR] 【原因】time check failed
[02:40:51 ERR] 【心跳包】直播间 929670 发送失败
[02:40:51 ERR] 【原因】time check failed
[02:40:53 ERR] 【心跳包】直播间 11732699 发送失败
[02:40:53 ERR] 【原因】time check failed
[02:40:54 ERR] 【心跳包】直播间 91164 发送失败
[02:40:54 ERR] 【原因】time check failed
[02:40:55 ERR] 【心跳包】直播间 22764265 发送失败
[02:40:55 ERR] 【原因】time check failed
[02:41:48 INF] 【直播间】23357926 的第 30 个心跳包发送成功
[02:41:49 INF] 【直播间】23040372 的第 30 个心跳包发送成功
[02:41:50 INF] 【直播间】31494 的第 30 个心跳包发送成功
[02:41:52 INF] 【直播间】4015781 的第 30 个心跳包发送成功
[02:41:53 INF] 【直播间】9619073 的第 30 个心跳包发送成功
[02:41:54 INF] 【直播间】407149 的第 30 个心跳包发送成功
[02:41:55 INF] 【直播间】7184632 的第 30 个心跳包发送成功
[02:41:56 INF] 【直播间】23447660 的第 30 个心跳包发送成功
[02:41:58 INF] 【直播间】929670 的第 30 个心跳包发送成功
[02:41:59 INF] 【直播间】11732699 的第 30 个心跳包发送成功
[02:42:00 INF] 【直播间】91164 的第 30 个心跳包发送成功
[02:42:01 INF] 【直播间】22764265 的第 30 个心跳包发送成功
[02:42:54 INF] 【直播间】23357926 的第 31 个心跳包发送成功
[02:42:56 INF] 【直播间】23040372 的第 31 个心跳包发送成功
[02:42:57 INF] 【直播间】31494 的第 31 个心跳包发送成功
[02:42:58 INF] 【直播间】4015781 的第 31 个心跳包发送成功
[02:42:59 INF] 【直播间】9619073 的第 31 个心跳包发送成功
[02:43:00 INF] 【直播间】407149 的第 31 个心跳包发送成功
[02:43:02 INF] 【直播间】7184632 的第 31 个心跳包发送成功
[02:43:03 INF] 【直播间】23447660 的第 31 个心跳包发送成功
[02:43:04 INF] 【直播间】929670 的第 31 个心跳包发送成功
[02:43:05 INF] 【直播间】11732699 的第 31 个心跳包发送成功
[02:43:07 INF] 【直播间】91164 的第 31 个心跳包发送成功
[02:43:08 INF] 【直播间】22764265 的第 31 个心跳包发送成功
[02:44:01 INF] 【直播间】23357926 的第 32 个心跳包发送成功
[02:44:02 INF] 【直播间】23040372 的第 32 个心跳包发送成功
[02:44:03 INF] 【直播间】31494 的第 32 个心跳包发送成功
[02:44:04 INF] 【直播间】4015781 的第 32 个心跳包发送成功
[02:44:05 INF] 【直播间】9619073 的第 32 个心跳包发送成功
[02:44:07 INF] 【直播间】407149 的第 32 个心跳包发送成功
[02:44:08 INF] 【直播间】7184632 的第 32 个心跳包发送成功
[02:44:09 INF] 【直播间】23447660 的第 32 个心跳包发送成功
[02:44:10 INF] 【直播间】929670 的第 32 个心跳包发送成功
[02:44:12 INF] 【直播间】11732699 的第 32 个心跳包发送成功
[02:44:13 INF] 【直播间】91164 的第 32 个心跳包发送成功
[02:44:14 INF] 【直播间】22764265 的第 32 个心跳包发送成功
[02:45:07 INF] 【直播间】23357926 的第 33 个心跳包发送成功
[02:45:08 INF] 【直播间】23040372 的第 33 个心跳包发送成功
[02:45:10 INF] 【直播间】31494 的第 33 个心跳包发送成功
[02:45:11 INF] 【直播间】4015781 的第 33 个心跳包发送成功
[02:45:12 INF] 【直播间】9619073 的第 33 个心跳包发送成功
[02:45:13 INF] 【直播间】407149 的第 33 个心跳包发送成功
[02:45:15 INF] 【直播间】7184632 的第 33 个心跳包发送成功
[02:45:16 INF] 【直播间】23447660 的第 33 个心跳包发送成功
[02:45:17 INF] 【直播间】929670 的第 33 个心跳包发送成功
[02:45:18 INF] 【直播间】11732699 的第 33 个心跳包发送成功
[02:45:20 INF] 【直播间】91164 的第 33 个心跳包发送成功
[02:45:21 INF] 【直播间】22764265 的第 33 个心跳包发送成功
[02:46:13 INF] 【直播间】23357926 的第 34 个心跳包发送成功
[02:46:15 INF] 【直播间】23040372 的第 34 个心跳包发送成功
[02:46:16 INF] 【直播间】31494 的第 34 个心跳包发送成功
[02:46:17 INF] 【直播间】4015781 的第 34 个心跳包发送成功
[02:46:18 INF] 【直播间】9619073 的第 34 个心跳包发送成功
[02:46:20 INF] 【直播间】407149 的第 34 个心跳包发送成功
[02:46:21 INF] 【直播间】7184632 的第 34 个心跳包发送成功
[02:46:22 INF] 【直播间】23447660 的第 34 个心跳包发送成功
[02:46:23 INF] 【直播间】929670 的第 34 个心跳包发送成功
[02:46:25 INF] 【直播间】11732699 的第 34 个心跳包发送成功
[02:46:26 INF] 【直播间】91164 的第 34 个心跳包发送成功
[02:46:27 INF] 【直播间】22764265 的第 34 个心跳包发送成功
[02:47:20 INF] 【直播间】23357926 的第 35 个心跳包发送成功
[02:47:21 INF] 【直播间】23040372 的第 35 个心跳包发送成功
[02:47:22 INF] 【直播间】31494 的第 35 个心跳包发送成功
[02:47:23 INF] 【直播间】4015781 的第 35 个心跳包发送成功
[02:47:25 INF] 【直播间】9619073 的第 35 个心跳包发送成功
[02:47:26 INF] 【直播间】407149 的第 35 个心跳包发送成功
[02:47:27 INF] 【直播间】7184632 的第 35 个心跳包发送成功
[02:47:28 INF] 【直播间】23447660 的第 35 个心跳包发送成功
[02:47:30 INF] 【直播间】929670 的第 35 个心跳包发送成功
[02:47:31 INF] 【直播间】11732699 的第 35 个心跳包发送成功
[02:47:32 INF] 【直播间】91164 的第 35 个心跳包发送成功
[02:47:33 INF] 【直播间】22764265 的第 35 个心跳包发送成功
[02:48:26 INF] 【直播间】23357926 的第 36 个心跳包发送成功
[02:48:27 INF] 【直播间】23040372 的第 36 个心跳包发送成功
[02:48:29 INF] 【直播间】31494 的第 36 个心跳包发送成功
[02:48:30 INF] 【直播间】4015781 的第 36 个心跳包发送成功
[02:48:31 INF] 【直播间】9619073 的第 36 个心跳包发送成功
[02:48:32 INF] 【直播间】407149 的第 36 个心跳包发送成功
[02:48:33 INF] 【直播间】7184632 的第 36 个心跳包发送成功
[02:48:35 INF] 【直播间】23447660 的第 36 个心跳包发送成功
[02:48:36 INF] 【直播间】929670 的第 36 个心跳包发送成功
[02:48:37 INF] 【直播间】11732699 的第 36 个心跳包发送成功
[02:48:38 INF] 【直播间】91164 的第 36 个心跳包发送成功
[02:48:40 INF] 【直播间】22764265 的第 36 个心跳包发送成功
[02:49:32 INF] 【直播间】23357926 的第 37 个心跳包发送成功
[02:49:34 INF] 【直播间】23040372 的第 37 个心跳包发送成功
[02:49:35 INF] 【直播间】31494 的第 37 个心跳包发送成功
[02:49:36 INF] 【直播间】4015781 的第 37 个心跳包发送成功
[02:49:37 INF] 【直播间】9619073 的第 37 个心跳包发送成功
[02:49:38 INF] 【直播间】407149 的第 37 个心跳包发送成功
[02:49:40 INF] 【直播间】7184632 的第 37 个心跳包发送成功
[02:49:41 INF] 【直播间】23447660 的第 37 个心跳包发送成功
[02:49:42 INF] 【直播间】929670 的第 37 个心跳包发送成功
[02:49:43 INF] 【直播间】11732699 的第 37 个心跳包发送成功
[02:49:44 INF] 【直播间】91164 的第 37 个心跳包发送成功
[02:49:46 INF] 【直播间】22764265 的第 37 个心跳包发送成功
[02:50:39 INF] 【直播间】23357926 的第 38 个心跳包发送成功
[02:50:40 INF] 【直播间】23040372 的第 38 个心跳包发送成功
[02:50:41 INF] 【直播间】31494 的第 38 个心跳包发送成功
[02:50:42 INF] 【直播间】4015781 的第 38 个心跳包发送成功
[02:50:43 INF] 【直播间】9619073 的第 38 个心跳包发送成功
[02:50:45 INF] 【直播间】407149 的第 38 个心跳包发送成功
[02:50:46 INF] 【直播间】7184632 的第 38 个心跳包发送成功
[02:50:47 INF] 【直播间】23447660 的第 38 个心跳包发送成功
[02:50:48 INF] 【直播间】929670 的第 38 个心跳包发送成功
[02:50:49 INF] 【直播间】11732699 的第 38 个心跳包发送成功
[02:50:51 INF] 【直播间】91164 的第 38 个心跳包发送成功
[02:50:52 INF] 【直播间】22764265 的第 38 个心跳包发送成功
[02:51:45 INF] 【直播间】23357926 的第 39 个心跳包发送成功
[02:51:46 INF] 【直播间】23040372 的第 39 个心跳包发送成功
[02:51:48 INF] 【直播间】31494 的第 39 个心跳包发送成功
[02:51:49 INF] 【直播间】4015781 的第 39 个心跳包发送成功
[02:51:50 INF] 【直播间】9619073 的第 39 个心跳包发送成功
[02:51:52 INF] 【直播间】407149 的第 39 个心跳包发送成功
[02:51:53 INF] 【直播间】7184632 的第 39 个心跳包发送成功
[02:51:54 INF] 【直播间】23447660 的第 39 个心跳包发送成功
[02:51:55 INF] 【直播间】929670 的第 39 个心跳包发送成功
[02:51:56 INF] 【直播间】11732699 的第 39 个心跳包发送成功
[02:51:57 INF] 【直播间】91164 的第 39 个心跳包发送成功
[02:51:59 INF] 【直播间】22764265 的第 39 个心跳包发送成功
[02:52:51 INF] 【直播间】23357926 的第 40 个心跳包发送成功
[02:52:53 INF] 【直播间】23040372 的第 40 个心跳包发送成功
[02:52:54 INF] 【直播间】31494 的第 40 个心跳包发送成功
[02:52:55 INF] 【直播间】4015781 的第 40 个心跳包发送成功
[02:52:56 INF] 【直播间】9619073 的第 40 个心跳包发送成功
[02:52:58 INF] 【直播间】407149 的第 40 个心跳包发送成功
[02:52:59 INF] 【直播间】7184632 的第 40 个心跳包发送成功
[02:53:00 INF] 【直播间】23447660 的第 40 个心跳包发送成功
[02:53:01 INF] 【直播间】929670 的第 40 个心跳包发送成功
[02:53:03 INF] 【直播间】11732699 的第 40 个心跳包发送成功
[02:53:04 INF] 【直播间】91164 的第 40 个心跳包发送成功
[02:53:05 INF] 【直播间】22764265 的第 40 个心跳包发送成功
[02:53:58 INF] 【直播间】23357926 的第 41 个心跳包发送成功
[02:53:59 INF] 【直播间】23040372 的第 41 个心跳包发送成功
[02:54:00 INF] 【直播间】31494 的第 41 个心跳包发送成功
[02:54:02 INF] 【直播间】4015781 的第 41 个心跳包发送成功
[02:54:03 INF] 【直播间】9619073 的第 41 个心跳包发送成功
[02:54:04 INF] 【直播间】407149 的第 41 个心跳包发送成功
[02:54:05 INF] 【直播间】7184632 的第 41 个心跳包发送成功
[02:54:06 INF] 【直播间】23447660 的第 41 个心跳包发送成功
[02:54:08 INF] 【直播间】929670 的第 41 个心跳包发送成功
[02:54:09 INF] 【直播间】11732699 的第 41 个心跳包发送成功
[02:54:10 INF] 【直播间】91164 的第 41 个心跳包发送成功
[02:54:11 INF] 【直播间】22764265 的第 41 个心跳包发送成功
[02:55:04 INF] 【直播间】23357926 的第 42 个心跳包发送成功
[02:55:05 INF] 【直播间】23040372 的第 42 个心跳包发送成功
[02:55:07 INF] 【直播间】31494 的第 42 个心跳包发送成功
[02:55:08 INF] 【直播间】4015781 的第 42 个心跳包发送成功
[02:55:09 INF] 【直播间】9619073 的第 42 个心跳包发送成功
[02:55:10 INF] 【直播间】407149 的第 42 个心跳包发送成功
[02:55:11 INF] 【直播间】7184632 的第 42 个心跳包发送成功
[02:55:13 INF] 【直播间】23447660 的第 42 个心跳包发送成功
[02:55:14 INF] 【直播间】929670 的第 42 个心跳包发送成功
[02:55:15 INF] 【直播间】11732699 的第 42 个心跳包发送成功
[02:55:16 INF] 【直播间】91164 的第 42 个心跳包发送成功
[02:55:18 INF] 【直播间】22764265 的第 42 个心跳包发送成功
[02:56:11 INF] 【直播间】23357926 的第 43 个心跳包发送成功
[02:56:12 INF] 【直播间】23040372 的第 43 个心跳包发送成功
[02:56:13 INF] 【直播间】31494 的第 43 个心跳包发送成功
[02:56:14 INF] 【直播间】4015781 的第 43 个心跳包发送成功
[02:56:15 INF] 【直播间】9619073 的第 43 个心跳包发送成功
[02:56:17 INF] 【直播间】407149 的第 43 个心跳包发送成功
[02:56:18 INF] 【直播间】7184632 的第 43 个心跳包发送成功
[02:56:19 INF] 【直播间】23447660 的第 43 个心跳包发送成功
[02:56:20 INF] 【直播间】929670 的第 43 个心跳包发送成功
[02:56:22 INF] 【直播间】11732699 的第 43 个心跳包发送成功
[02:56:23 INF] 【直播间】91164 的第 43 个心跳包发送成功
[02:56:24 INF] 【直播间】22764265 的第 43 个心跳包发送成功
[02:57:17 ERR] 【心跳包】直播间 23357926 发送失败
[02:57:17 ERR] 【原因】time check failed
[02:57:18 ERR] 【心跳包】直播间 23040372 发送失败
[02:57:18 ERR] 【原因】time check failed
[02:57:19 ERR] 【心跳包】直播间 31494 发送失败
[02:57:19 ERR] 【原因】time check failed
[02:57:20 ERR] 【心跳包】直播间 4015781 发送失败
[02:57:20 ERR] 【原因】time check failed
[02:57:22 ERR] 【心跳包】直播间 9619073 发送失败
[02:57:22 ERR] 【原因】time check failed
[02:57:23 ERR] 【心跳包】直播间 407149 发送失败
[02:57:23 ERR] 【原因】time check failed
[02:57:24 ERR] 【心跳包】直播间 7184632 发送失败
[02:57:24 ERR] 【原因】time check failed
[02:57:25 ERR] 【心跳包】直播间 23447660 发送失败
[02:57:25 ERR] 【原因】time check failed
[02:57:27 ERR] 【心跳包】直播间 929670 发送失败
[02:57:27 ERR] 【原因】time check failed
[02:57:28 ERR] 【心跳包】直播间 11732699 发送失败
[02:57:28 ERR] 【原因】time check failed
[02:57:29 ERR] 【心跳包】直播间 91164 发送失败
[02:57:29 ERR] 【原因】time check failed
[02:57:31 ERR] 【心跳包】直播间 22764265 发送失败
[02:57:31 ERR] 【原因】time check failed
[02:58:23 INF] 【直播间】23357926 的第 44 个心跳包发送成功
[02:58:24 INF] 【直播间】23040372 的第 44 个心跳包发送成功
[02:58:26 INF] 【直播间】31494 的第 44 个心跳包发送成功
[02:58:27 INF] 【直播间】4015781 的第 44 个心跳包发送成功
[02:58:28 INF] 【直播间】9619073 的第 44 个心跳包发送成功
[02:58:29 INF] 【直播间】407149 的第 44 个心跳包发送成功
[02:58:30 INF] 【直播间】7184632 的第 44 个心跳包发送成功
[02:58:32 INF] 【直播间】23447660 的第 44 个心跳包发送成功
[02:58:33 INF] 【直播间】929670 的第 44 个心跳包发送成功
[02:58:34 INF] 【直播间】11732699 的第 44 个心跳包发送成功
[02:58:35 INF] 【直播间】91164 的第 44 个心跳包发送成功
[02:58:37 INF] 【直播间】22764265 的第 44 个心跳包发送成功
[02:59:30 INF] 【直播间】23357926 的第 45 个心跳包发送成功
[02:59:31 INF] 【直播间】23040372 的第 45 个心跳包发送成功
[02:59:32 INF] 【直播间】31494 的第 45 个心跳包发送成功
[02:59:33 INF] 【直播间】4015781 的第 45 个心跳包发送成功
[02:59:34 INF] 【直播间】9619073 的第 45 个心跳包发送成功
[02:59:36 INF] 【直播间】407149 的第 45 个心跳包发送成功
[02:59:37 INF] 【直播间】7184632 的第 45 个心跳包发送成功
[02:59:38 INF] 【直播间】23447660 的第 45 个心跳包发送成功
[02:59:39 INF] 【直播间】929670 的第 45 个心跳包发送成功
[02:59:40 INF] 【直播间】11732699 的第 45 个心跳包发送成功
[02:59:42 INF] 【直播间】91164 的第 45 个心跳包发送成功
[02:59:43 INF] 【直播间】22764265 的第 45 个心跳包发送成功
[03:00:36 INF] 【直播间】23357926 的第 46 个心跳包发送成功
[03:00:37 INF] 【直播间】23040372 的第 46 个心跳包发送成功
[03:00:38 INF] 【直播间】31494 的第 46 个心跳包发送成功
[03:00:40 INF] 【直播间】4015781 的第 46 个心跳包发送成功
[03:00:41 INF] 【直播间】9619073 的第 46 个心跳包发送成功
[03:00:42 INF] 【直播间】407149 的第 46 个心跳包发送成功
[03:00:43 INF] 【直播间】7184632 的第 46 个心跳包发送成功
[03:00:44 INF] 【直播间】23447660 的第 46 个心跳包发送成功
[03:00:46 INF] 【直播间】929670 的第 46 个心跳包发送成功
[03:00:47 INF] 【直播间】11732699 的第 46 个心跳包发送成功
[03:00:48 INF] 【直播间】91164 的第 46 个心跳包发送成功
[03:00:49 INF] 【直播间】22764265 的第 46 个心跳包发送成功
[03:01:42 INF] 【直播间】23357926 的第 47 个心跳包发送成功
[03:01:43 INF] 【直播间】23040372 的第 47 个心跳包发送成功
[03:01:45 INF] 【直播间】31494 的第 47 个心跳包发送成功
[03:01:46 INF] 【直播间】4015781 的第 47 个心跳包发送成功
[03:01:47 INF] 【直播间】9619073 的第 47 个心跳包发送成功
[03:01:48 INF] 【直播间】407149 的第 47 个心跳包发送成功
[03:01:49 INF] 【直播间】7184632 的第 47 个心跳包发送成功
[03:01:51 INF] 【直播间】23447660 的第 47 个心跳包发送成功
[03:01:52 INF] 【直播间】929670 的第 47 个心跳包发送成功
[03:01:53 INF] 【直播间】11732699 的第 47 个心跳包发送成功
[03:01:54 INF] 【直播间】91164 的第 47 个心跳包发送成功
[03:01:56 INF] 【直播间】22764265 的第 47 个心跳包发送成功
[03:02:49 INF] 【直播间】23357926 的第 48 个心跳包发送成功
[03:02:50 INF] 【直播间】23040372 的第 48 个心跳包发送成功
[03:02:51 INF] 【直播间】31494 的第 48 个心跳包发送成功
[03:02:53 INF] 【直播间】4015781 的第 48 个心跳包发送成功
[03:02:54 INF] 【直播间】9619073 的第 48 个心跳包发送成功
[03:02:55 INF] 【直播间】407149 的第 48 个心跳包发送成功
[03:02:56 INF] 【直播间】7184632 的第 48 个心跳包发送成功
[03:02:57 INF] 【直播间】23447660 的第 48 个心跳包发送成功
[03:02:59 INF] 【直播间】929670 的第 48 个心跳包发送成功
[03:03:00 INF] 【直播间】11732699 的第 48 个心跳包发送成功
[03:03:01 INF] 【直播间】91164 的第 48 个心跳包发送成功
[03:03:02 INF] 【直播间】22764265 的第 48 个心跳包发送成功
[03:03:55 INF] 【直播间】23357926 的第 49 个心跳包发送成功
[03:03:56 INF] 【直播间】23040372 的第 49 个心跳包发送成功
[03:03:58 INF] 【直播间】31494 的第 49 个心跳包发送成功
[03:03:59 INF] 【直播间】4015781 的第 49 个心跳包发送成功
[03:04:00 INF] 【直播间】9619073 的第 49 个心跳包发送成功
[03:04:01 INF] 【直播间】407149 的第 49 个心跳包发送成功
[03:04:03 INF] 【直播间】7184632 的第 49 个心跳包发送成功
[03:04:04 INF] 【直播间】23447660 的第 49 个心跳包发送成功
[03:04:05 INF] 【直播间】929670 的第 49 个心跳包发送成功
[03:04:06 INF] 【直播间】11732699 的第 49 个心跳包发送成功
[03:04:08 INF] 【直播间】91164 的第 49 个心跳包发送成功
[03:04:09 INF] 【直播间】22764265 的第 49 个心跳包发送成功
[03:05:02 INF] 【直播间】23357926 的第 50 个心跳包发送成功
[03:05:03 INF] 【直播间】23040372 的第 50 个心跳包发送成功
[03:05:04 INF] 【直播间】31494 的第 50 个心跳包发送成功
[03:05:05 INF] 【直播间】4015781 的第 50 个心跳包发送成功
[03:05:07 INF] 【直播间】9619073 的第 50 个心跳包发送成功
[03:05:08 INF] 【直播间】407149 的第 50 个心跳包发送成功
[03:05:09 INF] 【直播间】7184632 的第 50 个心跳包发送成功
[03:05:10 INF] 【直播间】23447660 的第 50 个心跳包发送成功
[03:05:11 INF] 【直播间】929670 的第 50 个心跳包发送成功
[03:05:13 INF] 【直播间】11732699 的第 50 个心跳包发送成功
[03:05:14 INF] 【直播间】91164 的第 50 个心跳包发送成功
[03:05:15 INF] 【直播间】22764265 的第 50 个心跳包发送成功
[03:06:08 INF] 【直播间】23357926 的第 51 个心跳包发送成功
[03:06:09 INF] 【直播间】23040372 的第 51 个心跳包发送成功
[03:06:10 INF] 【直播间】31494 的第 51 个心跳包发送成功
[03:06:11 INF] 【直播间】4015781 的第 51 个心跳包发送成功
[03:06:13 INF] 【直播间】9619073 的第 51 个心跳包发送成功
[03:06:14 INF] 【直播间】407149 的第 51 个心跳包发送成功
[03:06:15 INF] 【直播间】7184632 的第 51 个心跳包发送成功
[03:06:16 INF] 【直播间】23447660 的第 51 个心跳包发送成功
[03:06:18 INF] 【直播间】929670 的第 51 个心跳包发送成功
[03:06:19 INF] 【直播间】11732699 的第 51 个心跳包发送成功
[03:06:20 INF] 【直播间】91164 的第 51 个心跳包发送成功
[03:06:21 INF] 【直播间】22764265 的第 51 个心跳包发送成功
[03:07:14 INF] 【直播间】23357926 的第 52 个心跳包发送成功
[03:07:16 INF] 【直播间】23040372 的第 52 个心跳包发送成功
[03:07:17 INF] 【直播间】31494 的第 52 个心跳包发送成功
[03:07:18 INF] 【直播间】4015781 的第 52 个心跳包发送成功
[03:07:19 INF] 【直播间】9619073 的第 52 个心跳包发送成功
[03:07:20 INF] 【直播间】407149 的第 52 个心跳包发送成功
[03:07:22 INF] 【直播间】7184632 的第 52 个心跳包发送成功
[03:07:23 INF] 【直播间】23447660 的第 52 个心跳包发送成功
[03:07:24 INF] 【直播间】929670 的第 52 个心跳包发送成功
[03:07:26 INF] 【直播间】11732699 的第 52 个心跳包发送成功
[03:07:27 INF] 【直播间】91164 的第 52 个心跳包发送成功
[03:07:29 INF] 【直播间】22764265 的第 52 个心跳包发送成功
[03:08:21 INF] 【直播间】23357926 的第 53 个心跳包发送成功
[03:08:22 INF] 【直播间】23040372 的第 53 个心跳包发送成功
[03:08:23 INF] 【直播间】31494 的第 53 个心跳包发送成功
[03:08:24 INF] 【直播间】4015781 的第 53 个心跳包发送成功
[03:08:26 INF] 【直播间】9619073 的第 53 个心跳包发送成功
[03:08:27 INF] 【直播间】407149 的第 53 个心跳包发送成功
[03:08:28 INF] 【直播间】7184632 的第 53 个心跳包发送成功
[03:08:30 INF] 【直播间】23447660 的第 53 个心跳包发送成功
[03:08:31 INF] 【直播间】929670 的第 53 个心跳包发送成功
[03:08:32 INF] 【直播间】11732699 的第 53 个心跳包发送成功
[03:08:33 INF] 【直播间】91164 的第 53 个心跳包发送成功
[03:08:35 INF] 【直播间】22764265 的第 53 个心跳包发送成功
[03:09:27 INF] 【直播间】23357926 的第 54 个心跳包发送成功
[03:09:28 INF] 【直播间】23040372 的第 54 个心跳包发送成功
[03:09:29 INF] 【直播间】31494 的第 54 个心跳包发送成功
[03:09:31 INF] 【直播间】4015781 的第 54 个心跳包发送成功
[03:09:32 INF] 【直播间】9619073 的第 54 个心跳包发送成功
[03:09:33 INF] 【直播间】407149 的第 54 个心跳包发送成功
[03:09:34 INF] 【直播间】7184632 的第 54 个心跳包发送成功
[03:09:36 INF] 【直播间】23447660 的第 54 个心跳包发送成功
[03:09:37 INF] 【直播间】929670 的第 54 个心跳包发送成功
[03:09:38 INF] 【直播间】11732699 的第 54 个心跳包发送成功
[03:09:39 INF] 【直播间】91164 的第 54 个心跳包发送成功
[03:09:41 INF] 【直播间】22764265 的第 54 个心跳包发送成功
[03:10:33 INF] 【直播间】23357926 的第 55 个心跳包发送成功
[03:10:35 INF] 【直播间】23040372 的第 55 个心跳包发送成功
[03:10:36 INF] 【直播间】31494 的第 55 个心跳包发送成功
[03:10:37 INF] 【直播间】4015781 的第 55 个心跳包发送成功
[03:10:38 INF] 【直播间】9619073 的第 55 个心跳包发送成功
[03:10:39 INF] 【直播间】407149 的第 55 个心跳包发送成功
[03:10:41 INF] 【直播间】7184632 的第 55 个心跳包发送成功
[03:10:42 INF] 【直播间】23447660 的第 55 个心跳包发送成功
[03:10:43 INF] 【直播间】929670 的第 55 个心跳包发送成功
[03:10:45 INF] 【直播间】11732699 的第 55 个心跳包发送成功
[03:10:46 INF] 【直播间】91164 的第 55 个心跳包发送成功
[03:10:47 INF] 【直播间】22764265 的第 55 个心跳包发送成功
[03:11:40 INF] 【直播间】23357926 的第 56 个心跳包发送成功
[03:11:41 INF] 【直播间】23040372 的第 56 个心跳包发送成功
[03:11:42 INF] 【直播间】31494 的第 56 个心跳包发送成功
[03:11:43 INF] 【直播间】4015781 的第 56 个心跳包发送成功
[03:11:45 INF] 【直播间】9619073 的第 56 个心跳包发送成功
[03:11:46 INF] 【直播间】407149 的第 56 个心跳包发送成功
[03:11:47 INF] 【直播间】7184632 的第 56 个心跳包发送成功
[03:11:48 INF] 【直播间】23447660 的第 56 个心跳包发送成功
[03:11:50 INF] 【直播间】929670 的第 56 个心跳包发送成功
[03:11:51 INF] 【直播间】11732699 的第 56 个心跳包发送成功
[03:11:52 INF] 【直播间】91164 的第 56 个心跳包发送成功
[03:11:53 INF] 【直播间】22764265 的第 56 个心跳包发送成功
[03:12:46 INF] 【直播间】23357926 的第 57 个心跳包发送成功
[03:12:47 INF] 【直播间】23040372 的第 57 个心跳包发送成功
[03:12:48 INF] 【直播间】31494 的第 57 个心跳包发送成功
[03:12:50 INF] 【直播间】4015781 的第 57 个心跳包发送成功
[03:12:51 INF] 【直播间】9619073 的第 57 个心跳包发送成功
[03:12:52 INF] 【直播间】407149 的第 57 个心跳包发送成功
[03:12:53 INF] 【直播间】7184632 的第 57 个心跳包发送成功
[03:12:55 INF] 【直播间】23447660 的第 57 个心跳包发送成功
[03:12:56 INF] 【直播间】929670 的第 57 个心跳包发送成功
[03:12:57 INF] 【直播间】11732699 的第 57 个心跳包发送成功
[03:12:58 INF] 【直播间】91164 的第 57 个心跳包发送成功
[03:13:00 INF] 【直播间】22764265 的第 57 个心跳包发送成功
[03:13:52 ERR] 【心跳包】直播间 23357926 发送失败
[03:13:52 ERR] 【原因】time check failed
[03:13:54 ERR] 【心跳包】直播间 23040372 发送失败
[03:13:54 ERR] 【原因】time check failed
[03:13:55 ERR] 【心跳包】直播间 31494 发送失败
[03:13:55 ERR] 【原因】time check failed
[03:13:56 ERR] 【心跳包】直播间 4015781 发送失败
[03:13:56 ERR] 【原因】time check failed
[03:13:57 ERR] 【心跳包】直播间 9619073 发送失败
[03:13:57 ERR] 【原因】time check failed
[03:13:59 ERR] 【心跳包】直播间 407149 发送失败
[03:13:59 ERR] 【原因】time check failed
[03:14:00 ERR] 【心跳包】直播间 7184632 发送失败
[03:14:00 ERR] 【原因】time check failed
[03:14:01 ERR] 【心跳包】直播间 23447660 发送失败
[03:14:01 ERR] 【原因】time check failed
[03:14:02 ERR] 【心跳包】直播间 929670 发送失败
[03:14:02 ERR] 【原因】time check failed
[03:14:04 ERR] 【心跳包】直播间 11732699 发送失败
[03:14:04 ERR] 【原因】time check failed
[03:14:05 ERR] 【心跳包】直播间 91164 发送失败
[03:14:05 ERR] 【原因】time check failed
[03:14:06 ERR] 【心跳包】直播间 22764265 发送失败
[03:14:06 ERR] 【原因】time check failed
[03:14:59 INF] 【直播间】23357926 的第 58 个心跳包发送成功
[03:15:00 INF] 【直播间】23040372 的第 58 个心跳包发送成功
[03:15:01 INF] 【直播间】31494 的第 58 个心跳包发送成功
[03:15:02 INF] 【直播间】4015781 的第 58 个心跳包发送成功
[03:15:04 INF] 【直播间】9619073 的第 58 个心跳包发送成功
[03:15:05 INF] 【直播间】407149 的第 58 个心跳包发送成功
[03:15:06 INF] 【直播间】7184632 的第 58 个心跳包发送成功
[03:15:07 INF] 【直播间】23447660 的第 58 个心跳包发送成功
[03:15:09 INF] 【直播间】929670 的第 58 个心跳包发送成功
[03:15:10 INF] 【直播间】11732699 的第 58 个心跳包发送成功
[03:15:11 INF] 【直播间】91164 的第 58 个心跳包发送成功
[03:15:12 INF] 【直播间】22764265 的第 58 个心跳包发送成功
[03:16:05 INF] 【直播间】23357926 的第 59 个心跳包发送成功
[03:16:06 INF] 【直播间】23040372 的第 59 个心跳包发送成功
[03:16:08 INF] 【直播间】31494 的第 59 个心跳包发送成功
[03:16:09 INF] 【直播间】4015781 的第 59 个心跳包发送成功
[03:16:10 INF] 【直播间】9619073 的第 59 个心跳包发送成功
[03:16:11 INF] 【直播间】407149 的第 59 个心跳包发送成功
[03:16:12 INF] 【直播间】7184632 的第 59 个心跳包发送成功
[03:16:14 INF] 【直播间】23447660 的第 59 个心跳包发送成功
[03:16:15 INF] 【直播间】929670 的第 59 个心跳包发送成功
[03:16:16 INF] 【直播间】11732699 的第 59 个心跳包发送成功
[03:16:17 INF] 【直播间】91164 的第 59 个心跳包发送成功
[03:16:18 INF] 【直播间】22764265 的第 59 个心跳包发送成功
[03:17:11 INF] 【直播间】23357926 的第 60 个心跳包发送成功
[03:17:13 INF] 【直播间】23040372 的第 60 个心跳包发送成功
[03:17:14 INF] 【直播间】31494 的第 60 个心跳包发送成功
[03:17:15 INF] 【直播间】4015781 的第 60 个心跳包发送成功
[03:17:16 INF] 【直播间】9619073 的第 60 个心跳包发送成功
[03:17:17 INF] 【直播间】407149 的第 60 个心跳包发送成功
[03:17:19 INF] 【直播间】7184632 的第 60 个心跳包发送成功
[03:17:20 INF] 【直播间】23447660 的第 60 个心跳包发送成功
[03:17:21 INF] 【直播间】929670 的第 60 个心跳包发送成功
[03:17:22 INF] 【直播间】11732699 的第 60 个心跳包发送成功
[03:17:23 INF] 【直播间】91164 的第 60 个心跳包发送成功
[03:17:25 INF] 【直播间】22764265 的第 60 个心跳包发送成功
[03:18:18 INF] 【直播间】23357926 的第 61 个心跳包发送成功
[03:18:19 INF] 【直播间】23040372 的第 61 个心跳包发送成功
[03:18:20 INF] 【直播间】31494 的第 61 个心跳包发送成功
[03:18:21 INF] 【直播间】4015781 的第 61 个心跳包发送成功
[03:18:23 INF] 【直播间】9619073 的第 61 个心跳包发送成功
[03:18:24 INF] 【直播间】407149 的第 61 个心跳包发送成功
[03:18:25 INF] 【直播间】7184632 的第 61 个心跳包发送成功
[03:18:27 INF] 【直播间】23447660 的第 61 个心跳包发送成功
[03:18:28 INF] 【直播间】929670 的第 61 个心跳包发送成功
[03:18:29 INF] 【直播间】11732699 的第 61 个心跳包发送成功
[03:18:30 INF] 【直播间】91164 的第 61 个心跳包发送成功
[03:18:32 INF] 【直播间】22764265 的第 61 个心跳包发送成功
[03:19:24 INF] 【直播间】23357926 的第 62 个心跳包发送成功
[03:19:25 INF] 【直播间】23040372 的第 62 个心跳包发送成功
[03:19:27 INF] 【直播间】31494 的第 62 个心跳包发送成功
[03:19:28 INF] 【直播间】4015781 的第 62 个心跳包发送成功
[03:19:29 INF] 【直播间】9619073 的第 62 个心跳包发送成功
[03:19:30 INF] 【直播间】407149 的第 62 个心跳包发送成功
[03:19:32 INF] 【直播间】7184632 的第 62 个心跳包发送成功
[03:19:33 INF] 【直播间】23447660 的第 62 个心跳包发送成功
[03:19:34 INF] 【直播间】929670 的第 62 个心跳包发送成功
[03:19:35 INF] 【直播间】11732699 的第 62 个心跳包发送成功
[03:19:37 INF] 【直播间】91164 的第 62 个心跳包发送成功
[03:19:38 INF] 【直播间】22764265 的第 62 个心跳包发送成功
[03:20:30 INF] 【直播间】23357926 的第 63 个心跳包发送成功
[03:20:32 INF] 【直播间】23040372 的第 63 个心跳包发送成功
[03:20:33 INF] 【直播间】31494 的第 63 个心跳包发送成功
[03:20:34 INF] 【直播间】4015781 的第 63 个心跳包发送成功
[03:20:35 INF] 【直播间】9619073 的第 63 个心跳包发送成功
[03:20:37 INF] 【直播间】407149 的第 63 个心跳包发送成功
[03:20:38 INF] 【直播间】7184632 的第 63 个心跳包发送成功
[03:20:39 INF] 【直播间】23447660 的第 63 个心跳包发送成功
[03:20:40 INF] 【直播间】929670 的第 63 个心跳包发送成功
[03:20:42 INF] 【直播间】11732699 的第 63 个心跳包发送成功
[03:20:43 INF] 【直播间】91164 的第 63 个心跳包发送成功
[03:20:44 INF] 【直播间】22764265 的第 63 个心跳包发送成功
[03:21:37 INF] 【直播间】23357926 的第 64 个心跳包发送成功
[03:21:38 INF] 【直播间】23040372 的第 64 个心跳包发送成功
[03:21:39 INF] 【直播间】31494 的第 64 个心跳包发送成功
[03:21:41 INF] 【直播间】4015781 的第 64 个心跳包发送成功
[03:21:42 INF] 【直播间】9619073 的第 64 个心跳包发送成功
[03:21:43 INF] 【直播间】407149 的第 64 个心跳包发送成功
[03:21:44 INF] 【直播间】7184632 的第 64 个心跳包发送成功
[03:21:46 INF] 【直播间】23447660 的第 64 个心跳包发送成功
[03:21:47 INF] 【直播间】929670 的第 64 个心跳包发送成功
[03:21:48 INF] 【直播间】11732699 的第 64 个心跳包发送成功
[03:21:49 INF] 【直播间】91164 的第 64 个心跳包发送成功
[03:21:50 INF] 【直播间】22764265 的第 64 个心跳包发送成功
[03:22:43 INF] 【直播间】23357926 的第 65 个心跳包发送成功
[03:22:44 INF] 【直播间】23040372 的第 65 个心跳包发送成功
[03:22:46 INF] 【直播间】31494 的第 65 个心跳包发送成功
[03:22:47 INF] 【直播间】4015781 的第 65 个心跳包发送成功
[03:22:48 INF] 【直播间】9619073 的第 65 个心跳包发送成功
[03:22:49 INF] 【直播间】407149 的第 65 个心跳包发送成功
[03:22:51 INF] 【直播间】7184632 的第 65 个心跳包发送成功
[03:22:52 INF] 【直播间】23447660 的第 65 个心跳包发送成功
[03:22:53 INF] 【直播间】929670 的第 65 个心跳包发送成功
[03:22:54 INF] 【直播间】11732699 的第 65 个心跳包发送成功
[03:22:56 INF] 【直播间】91164 的第 65 个心跳包发送成功
[03:22:57 INF] 【直播间】22764265 的第 65 个心跳包发送成功
[03:23:49 INF] 【直播间】23357926 的第 66 个心跳包发送成功
[03:23:51 INF] 【直播间】23040372 的第 66 个心跳包发送成功
[03:23:52 INF] 【直播间】31494 的第 66 个心跳包发送成功
[03:23:53 INF] 【直播间】4015781 的第 66 个心跳包发送成功
[03:23:54 INF] 【直播间】9619073 的第 66 个心跳包发送成功
[03:23:56 INF] 【直播间】407149 的第 66 个心跳包发送成功
[03:23:57 INF] 【直播间】7184632 的第 66 个心跳包发送成功
[03:23:58 INF] 【直播间】23447660 的第 66 个心跳包发送成功
[03:23:59 INF] 【直播间】929670 的第 66 个心跳包发送成功
[03:24:01 INF] 【直播间】11732699 的第 66 个心跳包发送成功
[03:24:02 INF] 【直播间】91164 的第 66 个心跳包发送成功
[03:24:03 INF] 【直播间】22764265 的第 66 个心跳包发送成功
[03:24:56 INF] 【直播间】23357926 的第 67 个心跳包发送成功
[03:24:57 INF] 【直播间】23040372 的第 67 个心跳包发送成功
[03:24:58 INF] 【直播间】31494 的第 67 个心跳包发送成功
[03:24:59 INF] 【直播间】4015781 的第 67 个心跳包发送成功
[03:25:01 INF] 【直播间】9619073 的第 67 个心跳包发送成功
[03:25:02 INF] 【直播间】407149 的第 67 个心跳包发送成功
[03:25:03 INF] 【直播间】7184632 的第 67 个心跳包发送成功
[03:25:04 INF] 【直播间】23447660 的第 67 个心跳包发送成功
[03:25:06 INF] 【直播间】929670 的第 67 个心跳包发送成功
[03:25:07 INF] 【直播间】11732699 的第 67 个心跳包发送成功
[03:25:08 INF] 【直播间】91164 的第 67 个心跳包发送成功
[03:25:09 INF] 【直播间】22764265 的第 67 个心跳包发送成功
[03:26:02 INF] 【直播间】23357926 的第 68 个心跳包发送成功
[03:26:03 INF] 【直播间】23040372 的第 68 个心跳包发送成功
[03:26:04 INF] 【直播间】31494 的第 68 个心跳包发送成功
[03:26:06 INF] 【直播间】4015781 的第 68 个心跳包发送成功
[03:26:07 INF] 【直播间】9619073 的第 68 个心跳包发送成功
[03:26:08 INF] 【直播间】407149 的第 68 个心跳包发送成功
[03:26:09 INF] 【直播间】7184632 的第 68 个心跳包发送成功
[03:26:11 INF] 【直播间】23447660 的第 68 个心跳包发送成功
[03:26:12 INF] 【直播间】929670 的第 68 个心跳包发送成功
[03:26:13 INF] 【直播间】11732699 的第 68 个心跳包发送成功
[03:26:14 INF] 【直播间】91164 的第 68 个心跳包发送成功
[03:26:16 INF] 【直播间】22764265 的第 68 个心跳包发送成功
[03:27:09 INF] 【直播间】23357926 的第 69 个心跳包发送成功
[03:27:10 INF] 【直播间】23040372 的第 69 个心跳包发送成功
[03:27:11 INF] 【直播间】31494 的第 69 个心跳包发送成功
[03:27:12 INF] 【直播间】4015781 的第 69 个心跳包发送成功
[03:27:13 INF] 【直播间】9619073 的第 69 个心跳包发送成功
[03:27:15 INF] 【直播间】407149 的第 69 个心跳包发送成功
[03:27:16 INF] 【直播间】7184632 的第 69 个心跳包发送成功
[03:27:17 INF] 【直播间】23447660 的第 69 个心跳包发送成功
[03:27:18 INF] 【直播间】929670 的第 69 个心跳包发送成功
[03:27:19 INF] 【直播间】11732699 的第 69 个心跳包发送成功
[03:27:21 INF] 【直播间】91164 的第 69 个心跳包发送成功
[03:27:22 INF] 【直播间】22764265 的第 69 个心跳包发送成功
[03:28:15 INF] 【直播间】23357926 的第 70 个心跳包发送成功
[03:28:16 INF] 【直播间】23040372 的第 70 个心跳包发送成功
[03:28:17 INF] 【直播间】31494 的第 70 个心跳包发送成功
[03:28:18 INF] 【直播间】4015781 的第 70 个心跳包发送成功
[03:28:20 INF] 【直播间】9619073 的第 70 个心跳包发送成功
[03:28:21 INF] 【直播间】407149 的第 70 个心跳包发送成功
[03:28:22 INF] 【直播间】7184632 的第 70 个心跳包发送成功
[03:28:23 INF] 【直播间】23447660 的第 70 个心跳包发送成功
[03:28:24 INF] 【直播间】929670 的第 70 个心跳包发送成功
[03:28:26 INF] 【直播间】11732699 的第 70 个心跳包发送成功
[03:28:27 INF] 【直播间】91164 的第 70 个心跳包发送成功
[03:28:28 INF] 【直播间】22764265 的第 70 个心跳包发送成功
[03:28:28 INF] 【直播观看时长】完成情况：12/12 
[03:28:28 INF] ---------结束---------

[03:28:28 INF] ==========结束==========

[03:28:28 INF] ######### 账号 3 #########

[03:28:28 INF] =====开始 直播间互动 =====

[03:28:28 INF] ---开始 发送弹幕 ---
[03:28:28 INF] 检测到直播 Cookie 未正确配置，尝试自动配置中...
[03:28:34 INF] 直播 Cookie 配置成功！
[03:28:34 INF] 【获取直播列表】获取拥有粉丝牌的直播列表
[03:28:39 ERR] 【获取直播列表】失败
[03:28:39 ERR] 【原因】账号未登录
[03:28:39 ERR] 发送弹幕失败，继续其他任务。失败信息:Object reference not set to an instance of an object.

[03:28:39 INF] -------结束-------

[03:28:39 INF] ---开始 点赞直播间 ---
[03:28:39 INF] 【获取直播列表】获取拥有粉丝牌的直播列表
[03:28:43 ERR] 【获取直播列表】失败
[03:28:43 ERR] 【原因】账号未登录
[03:28:43 ERR] 点赞直播间失败，继续其他任务。失败信息:Object reference not set to an instance of an object.

[03:28:43 INF] --------结束--------

[03:28:43 INF] ---开始 直播时长挂机 ---
[03:28:43 INF] 【获取直播列表】获取拥有粉丝牌的直播列表
[03:28:48 ERR] 【获取直播列表】失败
[03:28:48 ERR] 【原因】账号未登录
[03:28:48 ERR] 直播时长挂机失败，继续其他任务。失败信息:Object reference not set to an instance of an object.

[03:28:48 INF] ---------结束---------

[03:28:48 INF] ==========结束==========

[03:28:48 INF] 

========================

 v2.0.2 开源 by https://github.com/RayWangQvQ/BiliBiliToolPro

[03:28:48 INF] ·开始推送·LiveFansMedal任务·
2024-04-16T19:28:48.6203929Z 开始推送到:PushPlus
2024-04-16T19:28:49.7223320Z Response status: OK.
2024-04-16T19:28:49.7223675Z Response content: {"code":999,"msg":"发送内容过大，不能超过2万字","data":null}.

[03:28:49 INF] 运行环境：Development
[03:28:49 INF] 应用目录：/home/runner/work/BiliBiliToolPro/BiliBiliToolPro/src/Ray.BiliBiliTool.Console/bin/Debug/net6.0/

[03:28:49 INF] 运行结束
