  ____               ____    _   _____           _  
 |  _ \ __ _ _   _  | __ ) _| |_|_   _|__   ___ | | 
 | |_) / _` | | | | |  _ \(_) (_) | |/ _ \ / _ \| | 
 |  _ < (_| | |_| | | |_) | | | | | | (_) | (_) | | 
 |_| \_\__,_|\__, | |____/|_|_|_| |_|\___/ \___/|_| 
             |___/                                  

[00:31:57 INF] BiliBiliToolPro 开始运行...

[00:31:57 INF] 【账号个数】3个

[00:31:57 INF] 随机休眠5分钟

[00:36:58 INF] 【目标任务】LiveFansMedal
[00:36:58 INF] ######### 账号 1 #########

[00:36:58 INF] =====开始 直播间互动 =====

[00:36:58 INF] ---开始 发送弹幕 ---
[00:36:58 INF] 检测到直播 Cookie 未正确配置，尝试自动配置中...
[00:37:04 INF] 直播 Cookie 配置成功！
[00:37:04 INF] 【获取直播列表】获取拥有粉丝牌的直播列表
[00:37:12 INF] 【主播】Mark陌枫 
[00:37:21 INF] 【主播】KL_qiqi_ 
[00:37:31 INF] 【主播】苏打baka 
[00:37:43 INF] 【直播间】Mark陌枫
[00:37:43 INF] 【粉丝牌】馬楓
[00:37:43 INF] 正在发送弹幕...
[00:37:46 INF] 【直播间】KL_qiqi_
[00:37:46 INF] 【粉丝牌】qiqisb
[00:37:46 INF] 正在发送弹幕...
[00:37:53 INF] 【直播间】苏打baka
[00:37:53 INF] 【粉丝牌】碳酸钠
[00:37:53 INF] 正在发送弹幕...
[00:37:54 INF] 【弹幕发送】成功~，你和主播 Mark陌枫 的亲密值增加了100！
[00:37:58 INF] 【弹幕发送】成功~，你和主播 KL_qiqi_ 的亲密值增加了100！
[00:38:00 INF] -------结束-------

[00:38:00 INF] ---开始 点赞直播间 ---
[00:38:00 INF] 【获取直播列表】获取拥有粉丝牌的直播列表
[00:38:06 INF] 【弹幕发送】成功~，你和主播 苏打baka 的亲密值增加了100！
[00:38:07 INF] 【主播】Mark陌枫 
[00:38:21 INF] 【主播】KL_qiqi_ 
[00:38:32 INF] 【主播】苏打baka 
[00:38:46 INF] 【点赞直播间】23357926 完成
[00:38:53 INF] 【点赞直播间】407149 完成
[00:39:00 INF] --------结束--------

[00:39:00 INF] ---开始 直播时长挂机 ---
[00:39:00 INF] 【获取直播列表】获取拥有粉丝牌的直播列表
[00:39:00 INF] 【点赞直播间】23040372 完成
[00:39:03 INF] 【主播】Mark陌枫 
[00:39:14 INF] 【主播】KL_qiqi_ 
[00:39:26 INF] 【主播】苏打baka 
[00:39:40 INF] 【直播间】23357926 的第 1 个心跳包发送成功
[00:39:42 INF] 【直播间】407149 的第 1 个心跳包发送成功
[00:39:43 INF] 【直播间】23040372 的第 1 个心跳包发送成功
[00:40:47 INF] 【直播间】23357926 的第 2 个心跳包发送成功
[00:40:48 INF] 【直播间】407149 的第 2 个心跳包发送成功
[00:40:50 INF] 【直播间】23040372 的第 2 个心跳包发送成功
[00:41:53 INF] 【直播间】23357926 的第 3 个心跳包发送成功
[00:41:55 INF] 【直播间】407149 的第 3 个心跳包发送成功
[00:41:56 INF] 【直播间】23040372 的第 3 个心跳包发送成功
[00:43:00 INF] 【直播间】23357926 的第 4 个心跳包发送成功
[00:43:01 INF] 【直播间】407149 的第 4 个心跳包发送成功
[00:43:03 INF] 【直播间】23040372 的第 4 个心跳包发送成功
[00:44:07 INF] 【直播间】23357926 的第 5 个心跳包发送成功
[00:44:08 INF] 【直播间】407149 的第 5 个心跳包发送成功
[00:44:09 INF] 【直播间】23040372 的第 5 个心跳包发送成功
[00:45:13 INF] 【直播间】23357926 的第 6 个心跳包发送成功
[00:45:15 INF] 【直播间】407149 的第 6 个心跳包发送成功
[00:45:16 INF] 【直播间】23040372 的第 6 个心跳包发送成功
[00:46:20 INF] 【直播间】23357926 的第 7 个心跳包发送成功
[00:46:21 INF] 【直播间】407149 的第 7 个心跳包发送成功
[00:46:22 INF] 【直播间】23040372 的第 7 个心跳包发送成功
[00:47:26 INF] 【直播间】23357926 的第 8 个心跳包发送成功
[00:47:27 INF] 【直播间】407149 的第 8 个心跳包发送成功
[00:47:29 INF] 【直播间】23040372 的第 8 个心跳包发送成功
[00:48:33 INF] 【直播间】23357926 的第 9 个心跳包发送成功
[00:48:34 INF] 【直播间】407149 的第 9 个心跳包发送成功
[00:48:36 INF] 【直播间】23040372 的第 9 个心跳包发送成功
[00:49:40 INF] 【直播间】23357926 的第 10 个心跳包发送成功
[00:49:41 INF] 【直播间】407149 的第 10 个心跳包发送成功
[00:49:43 INF] 【直播间】23040372 的第 10 个心跳包发送成功
[00:50:46 INF] 【直播间】23357926 的第 11 个心跳包发送成功
[00:50:48 INF] 【直播间】407149 的第 11 个心跳包发送成功
[00:50:49 INF] 【直播间】23040372 的第 11 个心跳包发送成功
[00:51:53 INF] 【直播间】23357926 的第 12 个心跳包发送成功
[00:51:54 INF] 【直播间】407149 的第 12 个心跳包发送成功
[00:51:56 INF] 【直播间】23040372 的第 12 个心跳包发送成功
[00:53:00 INF] 【直播间】23357926 的第 13 个心跳包发送成功
[00:53:01 INF] 【直播间】407149 的第 13 个心跳包发送成功
[00:53:02 INF] 【直播间】23040372 的第 13 个心跳包发送成功
[00:54:06 INF] 【直播间】23357926 的第 14 个心跳包发送成功
[00:54:08 INF] 【直播间】407149 的第 14 个心跳包发送成功
[00:54:09 INF] 【直播间】23040372 的第 14 个心跳包发送成功
[00:55:13 ERR] 【心跳包】直播间 23357926 发送失败
[00:55:13 ERR] 【原因】time check failed
[00:55:14 ERR] 【心跳包】直播间 407149 发送失败
[00:55:14 ERR] 【原因】time check failed
[00:55:15 ERR] 【心跳包】直播间 23040372 发送失败
[00:55:15 ERR] 【原因】time check failed
[00:56:20 INF] 【直播间】23357926 的第 15 个心跳包发送成功
[00:56:21 INF] 【直播间】407149 的第 15 个心跳包发送成功
[00:56:22 INF] 【直播间】23040372 的第 15 个心跳包发送成功
[00:57:26 INF] 【直播间】23357926 的第 16 个心跳包发送成功
[00:57:27 INF] 【直播间】407149 的第 16 个心跳包发送成功
[00:57:29 INF] 【直播间】23040372 的第 16 个心跳包发送成功
[00:58:33 INF] 【直播间】23357926 的第 17 个心跳包发送成功
[00:58:34 INF] 【直播间】407149 的第 17 个心跳包发送成功
[00:58:35 INF] 【直播间】23040372 的第 17 个心跳包发送成功
[00:59:39 INF] 【直播间】23357926 的第 18 个心跳包发送成功
[00:59:41 INF] 【直播间】407149 的第 18 个心跳包发送成功
[00:59:42 INF] 【直播间】23040372 的第 18 个心跳包发送成功
[01:00:46 INF] 【直播间】23357926 的第 19 个心跳包发送成功
[01:00:47 INF] 【直播间】407149 的第 19 个心跳包发送成功
[01:00:49 INF] 【直播间】23040372 的第 19 个心跳包发送成功
[01:01:53 INF] 【直播间】23357926 的第 20 个心跳包发送成功
[01:01:54 INF] 【直播间】407149 的第 20 个心跳包发送成功
[01:01:55 INF] 【直播间】23040372 的第 20 个心跳包发送成功
[01:02:59 INF] 【直播间】23357926 的第 21 个心跳包发送成功
[01:03:01 INF] 【直播间】407149 的第 21 个心跳包发送成功
[01:03:02 INF] 【直播间】23040372 的第 21 个心跳包发送成功
[01:04:06 INF] 【直播间】23357926 的第 22 个心跳包发送成功
[01:04:07 INF] 【直播间】407149 的第 22 个心跳包发送成功
[01:04:09 INF] 【直播间】23040372 的第 22 个心跳包发送成功
[01:05:13 INF] 【直播间】23357926 的第 23 个心跳包发送成功
[01:05:14 INF] 【直播间】407149 的第 23 个心跳包发送成功
[01:05:15 INF] 【直播间】23040372 的第 23 个心跳包发送成功
[01:06:19 INF] 【直播间】23357926 的第 24 个心跳包发送成功
[01:06:21 INF] 【直播间】407149 的第 24 个心跳包发送成功
[01:06:22 INF] 【直播间】23040372 的第 24 个心跳包发送成功
[01:07:26 INF] 【直播间】23357926 的第 25 个心跳包发送成功
[01:07:27 INF] 【直播间】407149 的第 25 个心跳包发送成功
[01:07:28 INF] 【直播间】23040372 的第 25 个心跳包发送成功
[01:08:32 INF] 【直播间】23357926 的第 26 个心跳包发送成功
[01:08:34 INF] 【直播间】407149 的第 26 个心跳包发送成功
[01:08:35 INF] 【直播间】23040372 的第 26 个心跳包发送成功
[01:09:39 INF] 【直播间】23357926 的第 27 个心跳包发送成功
[01:09:40 INF] 【直播间】407149 的第 27 个心跳包发送成功
[01:09:41 INF] 【直播间】23040372 的第 27 个心跳包发送成功
[01:10:46 ERR] 【心跳包】直播间 23357926 发送失败
[01:10:46 ERR] 【原因】time check failed
[01:10:47 ERR] 【心跳包】直播间 407149 发送失败
[01:10:47 ERR] 【原因】time check failed
[01:10:48 ERR] 【心跳包】直播间 23040372 发送失败
[01:10:48 ERR] 【原因】time check failed
[01:11:52 INF] 【直播间】23357926 的第 28 个心跳包发送成功
[01:11:54 INF] 【直播间】407149 的第 28 个心跳包发送成功
[01:11:55 INF] 【直播间】23040372 的第 28 个心跳包发送成功
[01:12:59 INF] 【直播间】23357926 的第 29 个心跳包发送成功
[01:13:00 INF] 【直播间】407149 的第 29 个心跳包发送成功
[01:13:01 INF] 【直播间】23040372 的第 29 个心跳包发送成功
[01:14:05 INF] 【直播间】23357926 的第 30 个心跳包发送成功
[01:14:07 INF] 【直播间】407149 的第 30 个心跳包发送成功
[01:14:08 INF] 【直播间】23040372 的第 30 个心跳包发送成功
[01:15:12 INF] 【直播间】23357926 的第 31 个心跳包发送成功
[01:15:13 INF] 【直播间】407149 的第 31 个心跳包发送成功
[01:15:15 INF] 【直播间】23040372 的第 31 个心跳包发送成功
[01:16:19 INF] 【直播间】23357926 的第 32 个心跳包发送成功
[01:16:20 INF] 【直播间】407149 的第 32 个心跳包发送成功
[01:16:21 INF] 【直播间】23040372 的第 32 个心跳包发送成功
[01:17:25 INF] 【直播间】23357926 的第 33 个心跳包发送成功
[01:17:27 INF] 【直播间】407149 的第 33 个心跳包发送成功
[01:17:28 INF] 【直播间】23040372 的第 33 个心跳包发送成功
[01:18:32 INF] 【直播间】23357926 的第 34 个心跳包发送成功
[01:18:33 INF] 【直播间】407149 的第 34 个心跳包发送成功
[01:18:34 INF] 【直播间】23040372 的第 34 个心跳包发送成功
[01:19:39 INF] 【直播间】23357926 的第 35 个心跳包发送成功
[01:19:40 INF] 【直播间】407149 的第 35 个心跳包发送成功
[01:19:41 INF] 【直播间】23040372 的第 35 个心跳包发送成功
[01:20:45 INF] 【直播间】23357926 的第 36 个心跳包发送成功
[01:20:46 INF] 【直播间】407149 的第 36 个心跳包发送成功
[01:20:48 INF] 【直播间】23040372 的第 36 个心跳包发送成功
[01:21:52 INF] 【直播间】23357926 的第 37 个心跳包发送成功
[01:21:53 INF] 【直播间】407149 的第 37 个心跳包发送成功
[01:21:55 INF] 【直播间】23040372 的第 37 个心跳包发送成功
[01:22:59 INF] 【直播间】23357926 的第 38 个心跳包发送成功
[01:23:00 INF] 【直播间】407149 的第 38 个心跳包发送成功
[01:23:01 INF] 【直播间】23040372 的第 38 个心跳包发送成功
[01:24:05 INF] 【直播间】23357926 的第 39 个心跳包发送成功
[01:24:07 INF] 【直播间】407149 的第 39 个心跳包发送成功
[01:24:08 INF] 【直播间】23040372 的第 39 个心跳包发送成功
[01:25:12 INF] 【直播间】23357926 的第 40 个心跳包发送成功
[01:25:13 INF] 【直播间】407149 的第 40 个心跳包发送成功
[01:25:14 INF] 【直播间】23040372 的第 40 个心跳包发送成功
[01:26:18 ERR] 【心跳包】直播间 23357926 发送失败
[01:26:18 ERR] 【原因】time check failed
[01:26:20 ERR] 【心跳包】直播间 407149 发送失败
[01:26:20 ERR] 【原因】time check failed
[01:26:21 ERR] 【心跳包】直播间 23040372 发送失败
[01:26:21 ERR] 【原因】time check failed
[01:27:25 INF] 【直播间】23357926 的第 41 个心跳包发送成功
[01:27:26 INF] 【直播间】407149 的第 41 个心跳包发送成功
[01:27:28 INF] 【直播间】23040372 的第 41 个心跳包发送成功
[01:28:32 INF] 【直播间】23357926 的第 42 个心跳包发送成功
[01:28:33 INF] 【直播间】407149 的第 42 个心跳包发送成功
[01:28:35 INF] 【直播间】23040372 的第 42 个心跳包发送成功
[01:29:38 INF] 【直播间】23357926 的第 43 个心跳包发送成功
[01:29:40 INF] 【直播间】407149 的第 43 个心跳包发送成功
[01:29:41 INF] 【直播间】23040372 的第 43 个心跳包发送成功
[01:30:45 INF] 【直播间】23357926 的第 44 个心跳包发送成功
[01:30:46 INF] 【直播间】407149 的第 44 个心跳包发送成功
[01:30:48 INF] 【直播间】23040372 的第 44 个心跳包发送成功
[01:31:52 INF] 【直播间】23357926 的第 45 个心跳包发送成功
[01:31:53 INF] 【直播间】407149 的第 45 个心跳包发送成功
[01:31:54 INF] 【直播间】23040372 的第 45 个心跳包发送成功
[01:32:58 INF] 【直播间】23357926 的第 46 个心跳包发送成功
[01:33:00 INF] 【直播间】407149 的第 46 个心跳包发送成功
[01:33:01 INF] 【直播间】23040372 的第 46 个心跳包发送成功
[01:34:05 INF] 【直播间】23357926 的第 47 个心跳包发送成功
[01:34:06 INF] 【直播间】407149 的第 47 个心跳包发送成功
[01:34:07 INF] 【直播间】23040372 的第 47 个心跳包发送成功
[01:35:12 INF] 【直播间】23357926 的第 48 个心跳包发送成功
[01:35:13 INF] 【直播间】407149 的第 48 个心跳包发送成功
[01:35:14 INF] 【直播间】23040372 的第 48 个心跳包发送成功
[01:36:18 INF] 【直播间】23357926 的第 49 个心跳包发送成功
[01:36:20 INF] 【直播间】407149 的第 49 个心跳包发送成功
[01:36:21 INF] 【直播间】23040372 的第 49 个心跳包发送成功
[01:37:25 INF] 【直播间】23357926 的第 50 个心跳包发送成功
[01:37:26 INF] 【直播间】407149 的第 50 个心跳包发送成功
[01:37:27 INF] 【直播间】23040372 的第 50 个心跳包发送成功
[01:38:32 INF] 【直播间】23357926 的第 51 个心跳包发送成功
[01:38:33 INF] 【直播间】407149 的第 51 个心跳包发送成功
[01:38:34 INF] 【直播间】23040372 的第 51 个心跳包发送成功
[01:39:38 INF] 【直播间】23357926 的第 52 个心跳包发送成功
[01:39:40 INF] 【直播间】407149 的第 52 个心跳包发送成功
[01:39:41 INF] 【直播间】23040372 的第 52 个心跳包发送成功
[01:40:45 INF] 【直播间】23357926 的第 53 个心跳包发送成功
[01:40:46 INF] 【直播间】407149 的第 53 个心跳包发送成功
[01:40:47 INF] 【直播间】23040372 的第 53 个心跳包发送成功
[01:41:51 ERR] 【心跳包】直播间 23357926 发送失败
[01:41:51 ERR] 【原因】time check failed
[01:41:53 ERR] 【心跳包】直播间 407149 发送失败
[01:41:53 ERR] 【原因】time check failed
[01:41:54 ERR] 【心跳包】直播间 23040372 发送失败
[01:41:54 ERR] 【原因】time check failed
[01:42:58 INF] 【直播间】23357926 的第 54 个心跳包发送成功
[01:42:59 INF] 【直播间】407149 的第 54 个心跳包发送成功
[01:43:00 INF] 【直播间】23040372 的第 54 个心跳包发送成功
[01:44:05 INF] 【直播间】23357926 的第 55 个心跳包发送成功
[01:44:06 INF] 【直播间】407149 的第 55 个心跳包发送成功
[01:44:07 INF] 【直播间】23040372 的第 55 个心跳包发送成功
[01:45:11 INF] 【直播间】23357926 的第 56 个心跳包发送成功
[01:45:12 INF] 【直播间】407149 的第 56 个心跳包发送成功
[01:45:14 INF] 【直播间】23040372 的第 56 个心跳包发送成功
[01:46:18 INF] 【直播间】23357926 的第 57 个心跳包发送成功
[01:46:19 INF] 【直播间】407149 的第 57 个心跳包发送成功
[01:46:20 INF] 【直播间】23040372 的第 57 个心跳包发送成功
[01:47:24 INF] 【直播间】23357926 的第 58 个心跳包发送成功
[01:47:26 INF] 【直播间】407149 的第 58 个心跳包发送成功
[01:47:27 INF] 【直播间】23040372 的第 58 个心跳包发送成功
[01:48:31 INF] 【直播间】23357926 的第 59 个心跳包发送成功
[01:48:32 INF] 【直播间】407149 的第 59 个心跳包发送成功
[01:48:33 INF] 【直播间】23040372 的第 59 个心跳包发送成功
[01:49:38 INF] 【直播间】23357926 的第 60 个心跳包发送成功
[01:49:39 INF] 【直播间】407149 的第 60 个心跳包发送成功
[01:49:40 INF] 【直播间】23040372 的第 60 个心跳包发送成功
[01:50:44 INF] 【直播间】23357926 的第 61 个心跳包发送成功
[01:50:45 INF] 【直播间】407149 的第 61 个心跳包发送成功
[01:50:47 INF] 【直播间】23040372 的第 61 个心跳包发送成功
[01:51:51 INF] 【直播间】23357926 的第 62 个心跳包发送成功
[01:51:52 INF] 【直播间】407149 的第 62 个心跳包发送成功
[01:51:53 INF] 【直播间】23040372 的第 62 个心跳包发送成功
[01:52:57 INF] 【直播间】23357926 的第 63 个心跳包发送成功
[01:52:59 INF] 【直播间】407149 的第 63 个心跳包发送成功
[01:53:00 INF] 【直播间】23040372 的第 63 个心跳包发送成功
[01:54:04 INF] 【直播间】23357926 的第 64 个心跳包发送成功
[01:54:05 INF] 【直播间】407149 的第 64 个心跳包发送成功
[01:54:06 INF] 【直播间】23040372 的第 64 个心跳包发送成功
[01:55:11 INF] 【直播间】23357926 的第 65 个心跳包发送成功
[01:55:12 INF] 【直播间】407149 的第 65 个心跳包发送成功
[01:55:13 INF] 【直播间】23040372 的第 65 个心跳包发送成功
[01:56:17 INF] 【直播间】23357926 的第 66 个心跳包发送成功
[01:56:19 INF] 【直播间】407149 的第 66 个心跳包发送成功
[01:56:20 INF] 【直播间】23040372 的第 66 个心跳包发送成功
[01:57:24 ERR] 【心跳包】直播间 23357926 发送失败
[01:57:24 ERR] 【原因】time check failed
[01:57:25 ERR] 【心跳包】直播间 407149 发送失败
[01:57:25 ERR] 【原因】time check failed
[01:57:27 ERR] 【心跳包】直播间 23040372 发送失败
[01:57:27 ERR] 【原因】time check failed
[01:58:31 INF] 【直播间】23357926 的第 67 个心跳包发送成功
[01:58:32 INF] 【直播间】407149 的第 67 个心跳包发送成功
[01:58:33 INF] 【直播间】23040372 的第 67 个心跳包发送成功
[01:59:37 INF] 【直播间】23357926 的第 68 个心跳包发送成功
[01:59:39 INF] 【直播间】407149 的第 68 个心跳包发送成功
[01:59:40 INF] 【直播间】23040372 的第 68 个心跳包发送成功
[02:00:44 INF] 【直播间】23357926 的第 69 个心跳包发送成功
[02:00:45 INF] 【直播间】407149 的第 69 个心跳包发送成功
[02:00:47 INF] 【直播间】23040372 的第 69 个心跳包发送成功
[02:01:51 INF] 【直播间】23357926 的第 70 个心跳包发送成功
[02:01:52 INF] 【直播间】407149 的第 70 个心跳包发送成功
[02:01:53 INF] 【直播间】23040372 的第 70 个心跳包发送成功
[02:01:53 INF] 【直播观看时长】完成情况：3/3 
[02:01:53 INF] ---------结束---------

[02:01:53 INF] ==========结束==========

[02:01:53 INF] ######### 账号 2 #########

[02:01:53 INF] =====开始 直播间互动 =====

[02:01:53 INF] ---开始 发送弹幕 ---
[02:01:53 INF] 检测到直播 Cookie 未正确配置，尝试自动配置中...
[02:01:59 INF] 直播 Cookie 配置成功！
[02:01:59 INF] 【获取直播列表】获取拥有粉丝牌的直播列表
[02:02:06 INF] 【主播】Mark陌枫 
[02:02:22 INF] 【主播】苏打baka 
[02:02:33 INF] 【直播间】Mark陌枫
[02:02:33 INF] 【粉丝牌】馬楓
[02:02:33 INF] 正在发送弹幕...
[02:02:36 INF] 【直播间】苏打baka
[02:02:36 INF] 【粉丝牌】碳酸钠
[02:02:36 INF] 正在发送弹幕...
[02:02:41 INF] 【弹幕发送】成功~，你和主播 Mark陌枫 的亲密值增加了100！
[02:02:42 INF] -------结束-------

[02:02:42 INF] ---开始 点赞直播间 ---
[02:02:42 INF] 【获取直播列表】获取拥有粉丝牌的直播列表
[02:02:45 INF] 【主播】Mark陌枫 
[02:02:46 INF] 【弹幕发送】成功~，你和主播 苏打baka 的亲密值增加了100！
[02:02:58 INF] 【主播】苏打baka 
[02:03:14 INF] 【点赞直播间】23357926 完成
[02:03:19 INF] --------结束--------

[02:03:19 INF] ---开始 直播时长挂机 ---
[02:03:19 INF] 【获取直播列表】获取拥有粉丝牌的直播列表
[02:03:20 INF] 【点赞直播间】23040372 完成
[02:03:27 INF] 【主播】Mark陌枫 
[02:03:35 INF] 【主播】苏打baka 
[02:03:49 INF] 【直播间】23357926 的第 1 个心跳包发送成功
[02:03:50 INF] 【直播间】23040372 的第 1 个心跳包发送成功
[02:04:56 INF] 【直播间】23357926 的第 2 个心跳包发送成功
[02:04:57 INF] 【直播间】23040372 的第 2 个心跳包发送成功
[02:06:02 INF] 【直播间】23357926 的第 3 个心跳包发送成功
[02:06:04 INF] 【直播间】23040372 的第 3 个心跳包发送成功
[02:07:09 INF] 【直播间】23357926 的第 4 个心跳包发送成功
[02:07:10 INF] 【直播间】23040372 的第 4 个心跳包发送成功
[02:08:16 INF] 【直播间】23357926 的第 5 个心跳包发送成功
[02:08:17 INF] 【直播间】23040372 的第 5 个心跳包发送成功
[02:09:22 INF] 【直播间】23357926 的第 6 个心跳包发送成功
[02:09:23 INF] 【直播间】23040372 的第 6 个心跳包发送成功
[02:10:28 INF] 【直播间】23357926 的第 7 个心跳包发送成功
[02:10:30 INF] 【直播间】23040372 的第 7 个心跳包发送成功
[02:11:35 INF] 【直播间】23357926 的第 8 个心跳包发送成功
[02:11:37 INF] 【直播间】23040372 的第 8 个心跳包发送成功
[02:12:42 INF] 【直播间】23357926 的第 9 个心跳包发送成功
[02:12:43 INF] 【直播间】23040372 的第 9 个心跳包发送成功
[02:13:48 INF] 【直播间】23357926 的第 10 个心跳包发送成功
[02:13:50 INF] 【直播间】23040372 的第 10 个心跳包发送成功
[02:14:55 INF] 【直播间】23357926 的第 11 个心跳包发送成功
[02:14:56 INF] 【直播间】23040372 的第 11 个心跳包发送成功
[02:16:02 INF] 【直播间】23357926 的第 12 个心跳包发送成功
[02:16:03 INF] 【直播间】23040372 的第 12 个心跳包发送成功
[02:17:08 INF] 【直播间】23357926 的第 13 个心跳包发送成功
[02:17:10 INF] 【直播间】23040372 的第 13 个心跳包发送成功
[02:18:15 INF] 【直播间】23357926 的第 14 个心跳包发送成功
[02:18:16 INF] 【直播间】23040372 的第 14 个心跳包发送成功
[02:19:21 ERR] 【心跳包】直播间 23357926 发送失败
[02:19:21 ERR] 【原因】time check failed
[02:19:23 ERR] 【心跳包】直播间 23040372 发送失败
[02:19:23 ERR] 【原因】time check failed
[02:20:28 INF] 【直播间】23357926 的第 15 个心跳包发送成功
[02:20:29 INF] 【直播间】23040372 的第 15 个心跳包发送成功
[02:21:35 INF] 【直播间】23357926 的第 16 个心跳包发送成功
[02:21:36 INF] 【直播间】23040372 的第 16 个心跳包发送成功
[02:22:41 INF] 【直播间】23357926 的第 17 个心跳包发送成功
[02:22:43 INF] 【直播间】23040372 的第 17 个心跳包发送成功
[02:23:48 INF] 【直播间】23357926 的第 18 个心跳包发送成功
[02:23:49 INF] 【直播间】23040372 的第 18 个心跳包发送成功
[02:24:55 INF] 【直播间】23357926 的第 19 个心跳包发送成功
[02:24:56 INF] 【直播间】23040372 的第 19 个心跳包发送成功
[02:26:01 INF] 【直播间】23357926 的第 20 个心跳包发送成功
[02:26:02 INF] 【直播间】23040372 的第 20 个心跳包发送成功
[02:27:08 INF] 【直播间】23357926 的第 21 个心跳包发送成功
[02:27:09 INF] 【直播间】23040372 的第 21 个心跳包发送成功
[02:28:14 INF] 【直播间】23357926 的第 22 个心跳包发送成功
[02:28:16 INF] 【直播间】23040372 的第 22 个心跳包发送成功
[02:29:21 INF] 【直播间】23357926 的第 23 个心跳包发送成功
[02:29:22 INF] 【直播间】23040372 的第 23 个心跳包发送成功
[02:30:27 INF] 【直播间】23357926 的第 24 个心跳包发送成功
[02:30:29 INF] 【直播间】23040372 的第 24 个心跳包发送成功
[02:31:34 INF] 【直播间】23357926 的第 25 个心跳包发送成功
[02:31:35 INF] 【直播间】23040372 的第 25 个心跳包发送成功
[02:32:41 INF] 【直播间】23357926 的第 26 个心跳包发送成功
[02:32:42 INF] 【直播间】23040372 的第 26 个心跳包发送成功
[02:33:47 INF] 【直播间】23357926 的第 27 个心跳包发送成功
[02:33:49 INF] 【直播间】23040372 的第 27 个心跳包发送成功
[02:34:54 ERR] 【心跳包】直播间 23357926 发送失败
[02:34:54 ERR] 【原因】time check failed
[02:34:55 ERR] 【心跳包】直播间 23040372 发送失败
[02:34:55 ERR] 【原因】time check failed
[02:36:00 INF] 【直播间】23357926 的第 28 个心跳包发送成功
[02:36:02 INF] 【直播间】23040372 的第 28 个心跳包发送成功
[02:37:07 INF] 【直播间】23357926 的第 29 个心跳包发送成功
[02:37:08 INF] 【直播间】23040372 的第 29 个心跳包发送成功
[02:38:14 INF] 【直播间】23357926 的第 30 个心跳包发送成功
[02:38:15 INF] 【直播间】23040372 的第 30 个心跳包发送成功
[02:39:20 INF] 【直播间】23357926 的第 31 个心跳包发送成功
[02:39:22 INF] 【直播间】23040372 的第 31 个心跳包发送成功
[02:40:27 INF] 【直播间】23357926 的第 32 个心跳包发送成功
[02:40:28 INF] 【直播间】23040372 的第 32 个心跳包发送成功
[02:41:34 INF] 【直播间】23357926 的第 33 个心跳包发送成功
[02:41:35 INF] 【直播间】23040372 的第 33 个心跳包发送成功
[02:42:40 INF] 【直播间】23357926 的第 34 个心跳包发送成功
[02:42:41 INF] 【直播间】23040372 的第 34 个心跳包发送成功
[02:43:47 INF] 【直播间】23357926 的第 35 个心跳包发送成功
[02:43:48 INF] 【直播间】23040372 的第 35 个心跳包发送成功
[02:44:53 INF] 【直播间】23357926 的第 36 个心跳包发送成功
[02:44:55 INF] 【直播间】23040372 的第 36 个心跳包发送成功
[02:46:00 INF] 【直播间】23357926 的第 37 个心跳包发送成功
[02:46:01 INF] 【直播间】23040372 的第 37 个心跳包发送成功
[02:47:07 INF] 【直播间】23357926 的第 38 个心跳包发送成功
[02:47:08 INF] 【直播间】23040372 的第 38 个心跳包发送成功
[02:48:13 INF] 【直播间】23357926 的第 39 个心跳包发送成功
[02:48:14 INF] 【直播间】23040372 的第 39 个心跳包发送成功
[02:49:20 INF] 【直播间】23357926 的第 40 个心跳包发送成功
[02:49:21 INF] 【直播间】23040372 的第 40 个心跳包发送成功
[02:50:26 ERR] 【心跳包】直播间 23357926 发送失败
[02:50:26 ERR] 【原因】time check failed
[02:50:28 ERR] 【心跳包】直播间 23040372 发送失败
[02:50:28 ERR] 【原因】time check failed
[02:51:33 INF] 【直播间】23357926 的第 41 个心跳包发送成功
[02:51:34 INF] 【直播间】23040372 的第 41 个心跳包发送成功
[02:52:39 INF] 【直播间】23357926 的第 42 个心跳包发送成功
[02:52:41 INF] 【直播间】23040372 的第 42 个心跳包发送成功
[02:53:46 INF] 【直播间】23357926 的第 43 个心跳包发送成功
[02:53:47 INF] 【直播间】23040372 的第 43 个心跳包发送成功
[02:54:53 INF] 【直播间】23357926 的第 44 个心跳包发送成功
[02:54:54 INF] 【直播间】23040372 的第 44 个心跳包发送成功
[02:56:00 INF] 【直播间】23357926 的第 45 个心跳包发送成功
[02:56:01 INF] 【直播间】23040372 的第 45 个心跳包发送成功
[02:57:06 INF] 【直播间】23357926 的第 46 个心跳包发送成功
[02:57:07 INF] 【直播间】23040372 的第 46 个心跳包发送成功
[02:58:13 INF] 【直播间】23357926 的第 47 个心跳包发送成功
[02:58:14 INF] 【直播间】23040372 的第 47 个心跳包发送成功
[02:59:19 INF] 【直播间】23357926 的第 48 个心跳包发送成功
[02:59:20 INF] 【直播间】23040372 的第 48 个心跳包发送成功
[03:00:26 INF] 【直播间】23357926 的第 49 个心跳包发送成功
[03:00:27 INF] 【直播间】23040372 的第 49 个心跳包发送成功
[03:01:33 INF] 【直播间】23357926 的第 50 个心跳包发送成功
[03:01:34 INF] 【直播间】23040372 的第 50 个心跳包发送成功
[03:02:39 INF] 【直播间】23357926 的第 51 个心跳包发送成功
[03:02:40 INF] 【直播间】23040372 的第 51 个心跳包发送成功
[03:03:45 INF] 【直播间】23357926 的第 52 个心跳包发送成功
[03:03:47 INF] 【直播间】23040372 的第 52 个心跳包发送成功
[03:04:52 INF] 【直播间】23357926 的第 53 个心跳包发送成功
[03:04:53 INF] 【直播间】23040372 的第 53 个心跳包发送成功
[03:05:59 ERR] 【心跳包】直播间 23357926 发送失败
[03:05:59 ERR] 【原因】time check failed
[03:06:00 ERR] 【心跳包】直播间 23040372 发送失败
[03:06:00 ERR] 【原因】time check failed
[03:07:06 INF] 【直播间】23357926 的第 54 个心跳包发送成功
[03:07:07 INF] 【直播间】23040372 的第 54 个心跳包发送成功
[03:08:12 INF] 【直播间】23357926 的第 55 个心跳包发送成功
[03:08:13 INF] 【直播间】23040372 的第 55 个心跳包发送成功
[03:09:19 INF] 【直播间】23357926 的第 56 个心跳包发送成功
[03:09:20 INF] 【直播间】23040372 的第 56 个心跳包发送成功
[03:10:25 INF] 【直播间】23357926 的第 57 个心跳包发送成功
[03:10:27 INF] 【直播间】23040372 的第 57 个心跳包发送成功
[03:11:32 INF] 【直播间】23357926 的第 58 个心跳包发送成功
[03:11:33 INF] 【直播间】23040372 的第 58 个心跳包发送成功
[03:12:39 INF] 【直播间】23357926 的第 59 个心跳包发送成功
[03:12:40 INF] 【直播间】23040372 的第 59 个心跳包发送成功
[03:13:45 INF] 【直播间】23357926 的第 60 个心跳包发送成功
[03:13:47 INF] 【直播间】23040372 的第 60 个心跳包发送成功
[03:14:52 INF] 【直播间】23357926 的第 61 个心跳包发送成功
[03:14:53 INF] 【直播间】23040372 的第 61 个心跳包发送成功
[03:15:58 INF] 【直播间】23357926 的第 62 个心跳包发送成功
[03:16:00 INF] 【直播间】23040372 的第 62 个心跳包发送成功
[03:17:05 INF] 【直播间】23357926 的第 63 个心跳包发送成功
[03:17:06 INF] 【直播间】23040372 的第 63 个心跳包发送成功
[03:18:12 INF] 【直播间】23357926 的第 64 个心跳包发送成功
[03:18:13 INF] 【直播间】23040372 的第 64 个心跳包发送成功
[03:19:18 INF] 【直播间】23357926 的第 65 个心跳包发送成功
[03:19:19 INF] 【直播间】23040372 的第 65 个心跳包发送成功
[03:20:25 INF] 【直播间】23357926 的第 66 个心跳包发送成功
[03:20:26 INF] 【直播间】23040372 的第 66 个心跳包发送成功
[03:21:31 ERR] 【心跳包】直播间 23357926 发送失败
[03:21:31 ERR] 【原因】time check failed
[03:21:32 ERR] 【心跳包】直播间 23040372 发送失败
[03:21:32 ERR] 【原因】time check failed
[03:22:38 INF] 【直播间】23357926 的第 67 个心跳包发送成功
[03:22:39 INF] 【直播间】23040372 的第 67 个心跳包发送成功
[03:23:44 INF] 【直播间】23357926 的第 68 个心跳包发送成功
[03:23:46 INF] 【直播间】23040372 的第 68 个心跳包发送成功
[03:24:51 INF] 【直播间】23357926 的第 69 个心跳包发送成功
[03:24:52 INF] 【直播间】23040372 的第 69 个心跳包发送成功
[03:25:57 INF] 【直播间】23357926 的第 70 个心跳包发送成功
[03:25:59 INF] 【直播间】23040372 的第 70 个心跳包发送成功
[03:25:59 INF] 【直播观看时长】完成情况：2/2 
[03:25:59 INF] ---------结束---------

[03:25:59 INF] ==========结束==========

[03:25:59 INF] ######### 账号 3 #########

[03:25:59 INF] =====开始 直播间互动 =====

[03:25:59 INF] ---开始 发送弹幕 ---
[03:25:59 INF] 检测到直播 Cookie 未正确配置，尝试自动配置中...
[03:26:04 INF] 直播 Cookie 配置成功！
[03:26:04 INF] 【获取直播列表】获取拥有粉丝牌的直播列表
[03:26:11 INF] 【主播】苏打baka 
[03:26:21 INF] 【直播间】苏打baka
[03:26:21 INF] 【粉丝牌】碳酸钠
[03:26:21 INF] 正在发送弹幕...
[03:26:28 INF] -------结束-------

[03:26:28 INF] ---开始 点赞直播间 ---
[03:26:28 INF] 【获取直播列表】获取拥有粉丝牌的直播列表
[03:26:31 INF] 【主播】苏打baka 
[03:26:32 INF] 【弹幕发送】成功~，你和主播 苏打baka 的亲密值增加了100！
[03:26:49 INF] --------结束--------

[03:26:49 INF] ---开始 直播时长挂机 ---
[03:26:49 INF] 【获取直播列表】获取拥有粉丝牌的直播列表
[03:26:50 INF] 【点赞直播间】23040372 完成
[03:26:55 INF] 【主播】苏打baka 
[03:27:09 INF] 【直播间】23040372 的第 1 个心跳包发送成功
[03:28:16 INF] 【直播间】23040372 的第 2 个心跳包发送成功
[03:29:23 INF] 【直播间】23040372 的第 3 个心跳包发送成功
[03:30:29 INF] 【直播间】23040372 的第 4 个心跳包发送成功
[03:31:36 INF] 【直播间】23040372 的第 5 个心跳包发送成功
[03:32:43 INF] 【直播间】23040372 的第 6 个心跳包发送成功
[03:33:49 INF] 【直播间】23040372 的第 7 个心跳包发送成功
[03:34:56 INF] 【直播间】23040372 的第 8 个心跳包发送成功
[03:36:03 INF] 【直播间】23040372 的第 9 个心跳包发送成功
[03:37:09 INF] 【直播间】23040372 的第 10 个心跳包发送成功
[03:38:16 INF] 【直播间】23040372 的第 11 个心跳包发送成功
[03:39:22 INF] 【直播间】23040372 的第 12 个心跳包发送成功
[03:40:29 INF] 【直播间】23040372 的第 13 个心跳包发送成功
[03:41:36 INF] 【直播间】23040372 的第 14 个心跳包发送成功
[03:42:42 ERR] 【心跳包】直播间 23040372 发送失败
[03:42:42 ERR] 【原因】time check failed
[03:43:49 INF] 【直播间】23040372 的第 15 个心跳包发送成功
[03:44:56 INF] 【直播间】23040372 的第 16 个心跳包发送成功
[03:46:02 INF] 【直播间】23040372 的第 17 个心跳包发送成功
[03:47:09 INF] 【直播间】23040372 的第 18 个心跳包发送成功
[03:48:15 INF] 【直播间】23040372 的第 19 个心跳包发送成功
[03:49:22 INF] 【直播间】23040372 的第 20 个心跳包发送成功
[03:50:29 INF] 【直播间】23040372 的第 21 个心跳包发送成功
[03:51:35 INF] 【直播间】23040372 的第 22 个心跳包发送成功
[03:52:42 INF] 【直播间】23040372 的第 23 个心跳包发送成功
[03:53:48 INF] 【直播间】23040372 的第 24 个心跳包发送成功
[03:54:55 INF] 【直播间】23040372 的第 25 个心跳包发送成功
[03:56:01 INF] 【直播间】23040372 的第 26 个心跳包发送成功
[03:57:08 INF] 【直播间】23040372 的第 27 个心跳包发送成功
[03:58:15 ERR] 【心跳包】直播间 23040372 发送失败
[03:58:15 ERR] 【原因】time check failed
[03:59:21 INF] 【直播间】23040372 的第 28 个心跳包发送成功
[04:00:28 INF] 【直播间】23040372 的第 29 个心跳包发送成功
[04:01:34 INF] 【直播间】23040372 的第 30 个心跳包发送成功
[04:02:41 INF] 【直播间】23040372 的第 31 个心跳包发送成功
[04:03:48 INF] 【直播间】23040372 的第 32 个心跳包发送成功
[04:04:54 INF] 【直播间】23040372 的第 33 个心跳包发送成功
[04:06:01 INF] 【直播间】23040372 的第 34 个心跳包发送成功
[04:07:07 INF] 【直播间】23040372 的第 35 个心跳包发送成功
[04:08:14 INF] 【直播间】23040372 的第 36 个心跳包发送成功
[04:09:21 INF] 【直播间】23040372 的第 37 个心跳包发送成功
[04:10:27 INF] 【直播间】23040372 的第 38 个心跳包发送成功
[04:11:34 INF] 【直播间】23040372 的第 39 个心跳包发送成功
[04:12:40 INF] 【直播间】23040372 的第 40 个心跳包发送成功
[04:13:47 ERR] 【心跳包】直播间 23040372 发送失败
[04:13:47 ERR] 【原因】time check failed
[04:14:53 INF] 【直播间】23040372 的第 41 个心跳包发送成功
[04:16:00 INF] 【直播间】23040372 的第 42 个心跳包发送成功
[04:17:07 INF] 【直播间】23040372 的第 43 个心跳包发送成功
[04:18:13 INF] 【直播间】23040372 的第 44 个心跳包发送成功
[04:19:20 INF] 【直播间】23040372 的第 45 个心跳包发送成功
[04:20:27 INF] 【直播间】23040372 的第 46 个心跳包发送成功
[04:21:33 INF] 【直播间】23040372 的第 47 个心跳包发送成功
[04:22:40 INF] 【直播间】23040372 的第 48 个心跳包发送成功
[04:23:46 INF] 【直播间】23040372 的第 49 个心跳包发送成功
[04:24:53 INF] 【直播间】23040372 的第 50 个心跳包发送成功
[04:26:00 INF] 【直播间】23040372 的第 51 个心跳包发送成功
[04:27:06 INF] 【直播间】23040372 的第 52 个心跳包发送成功
[04:28:13 INF] 【直播间】23040372 的第 53 个心跳包发送成功
[04:29:19 ERR] 【心跳包】直播间 23040372 发送失败
[04:29:19 ERR] 【原因】time check failed
[04:30:26 INF] 【直播间】23040372 的第 54 个心跳包发送成功
[04:31:33 INF] 【直播间】23040372 的第 55 个心跳包发送成功
[04:32:39 INF] 【直播间】23040372 的第 56 个心跳包发送成功
[04:33:46 INF] 【直播间】23040372 的第 57 个心跳包发送成功
[04:34:53 INF] 【直播间】23040372 的第 58 个心跳包发送成功
[04:35:59 INF] 【直播间】23040372 的第 59 个心跳包发送成功
[04:37:06 INF] 【直播间】23040372 的第 60 个心跳包发送成功
[04:38:12 INF] 【直播间】23040372 的第 61 个心跳包发送成功
[04:39:19 INF] 【直播间】23040372 的第 62 个心跳包发送成功
[04:40:26 INF] 【直播间】23040372 的第 63 个心跳包发送成功
[04:41:32 INF] 【直播间】23040372 的第 64 个心跳包发送成功
[04:42:39 INF] 【直播间】23040372 的第 65 个心跳包发送成功
[04:43:46 INF] 【直播间】23040372 的第 66 个心跳包发送成功
[04:44:52 ERR] 【心跳包】直播间 23040372 发送失败
[04:44:52 ERR] 【原因】time check failed
[04:45:59 INF] 【直播间】23040372 的第 67 个心跳包发送成功
[04:47:05 INF] 【直播间】23040372 的第 68 个心跳包发送成功
[04:48:12 INF] 【直播间】23040372 的第 69 个心跳包发送成功
[04:49:18 INF] 【直播间】23040372 的第 70 个心跳包发送成功
[04:49:18 INF] 【直播观看时长】完成情况：1/1 
[04:49:18 INF] ---------结束---------

[04:49:18 INF] ==========结束==========

[04:49:18 INF] 

========================

 v1.0.3 开源 by https://github.com/RayWangQvQ/BiliBiliToolPro

[04:49:18 INF] ·开始推送·LiveFansMedal任务·
2023-04-17T20:49:18.9550602Z 开始推送到:PushPlus
2023-04-17T20:49:19.9761641Z Response status: OK.
2023-04-17T20:49:19.9762146Z Response content: {"code":200,"msg":"请求成功","data":"500e67270ce04130836ee9ce3a1906b2","count":null}.

[04:49:19 INF] 运行环境：Development
[04:49:19 INF] 应用目录：/home/runner/work/BiliBiliToolPro/BiliBiliToolPro/src/Ray.BiliBiliTool.Console/bin/Debug/net6.0/

[04:49:19 INF] 运行结束
