----------- ip 信息 ---------
{
  "ip": "20.185.158.92",
  "city": "Washington",
  "region": "Virginia",
  "country": "US",
  "loc": "38.7135,-78.1594",
  "org": "AS8075 Microsoft Corporation",
  "postal": "22747",
  "timezone": "America/New_York",
  "readme": "https://ipinfo.io/missingauth"
} ---------- end ------------
  ____               ____    _   _____           _  
 |  _ \ __ _ _   _  | __ ) _| |_|_   _|__   ___ | | 
 | |_) / _` | | | | |  _ \(_) (_) | |/ _ \ / _ \| | 
 |  _ < (_| | |_| | | |_) | | | | | | (_) | (_) | | 
 |_| \_\__,_|\__, | |____/|_|_|_| |_|\___/ \___/|_| 
             |___/                                  

[00:30:00 INF] BiliBiliToolPro 开始运行...

[00:30:01 INF] 【账号个数】3个

[00:30:01 INF] 随机休眠2分钟

[00:32:01 INF] 【目标任务】LiveFansMedal
[00:32:01 INF] ######### 账号 1 #########

[00:32:01 INF] =====开始 直播间互动 =====

[00:32:01 INF] ---开始 发送弹幕 ---
[00:32:01 INF] 检测到直播 Cookie 未正确配置，尝试自动配置中...
[00:32:07 INF] 直播 Cookie 配置成功！
[00:32:07 INF] 【获取直播列表】获取拥有粉丝牌的直播列表
[00:32:13 INF] 【主播】Mark陌枫 
[00:32:28 INF] 【主播】KL_qiqi_ 
[00:32:42 INF] 【主播】苏打baka 
[00:32:55 INF] 【直播间】Mark陌枫
[00:32:55 INF] 【粉丝牌】馬楓
[00:32:55 INF] 正在发送弹幕...
[00:32:59 INF] 【直播间】KL_qiqi_
[00:32:59 INF] 【粉丝牌】qiqisb
[00:32:59 INF] 正在发送弹幕...
[00:33:03 INF] 【直播间】苏打baka
[00:33:03 INF] 【粉丝牌】碳酸钠
[00:33:03 INF] 正在发送弹幕...
[00:33:08 INF] -------结束-------

[00:33:08 INF] ---开始 点赞直播间 ---
[00:33:08 INF] 【获取直播列表】获取拥有粉丝牌的直播列表
[00:33:14 INF] 【弹幕发送】成功~，你和主播 Mark陌枫 的亲密值增加了100！
[00:33:16 INF] 【主播】Mark陌枫 
[00:33:17 INF] 【弹幕发送】成功~，你和主播 KL_qiqi_ 的亲密值增加了100！
[00:33:18 INF] 【弹幕发送】成功~，你和主播 苏打baka 的亲密值增加了100！
[00:33:33 INF] 【主播】KL_qiqi_ 
[00:33:50 INF] 【主播】苏打baka 
[00:34:10 INF] 【点赞直播间】23357926 完成
[00:34:16 INF] 【点赞直播间】407149 完成
[00:34:21 INF] --------结束--------

[00:34:21 INF] ---开始 直播时长挂机 ---
[00:34:21 INF] 【获取直播列表】获取拥有粉丝牌的直播列表
[00:34:21 INF] 【点赞直播间】23040372 完成
[00:34:24 INF] 【主播】Mark陌枫 
[00:34:40 INF] 【主播】KL_qiqi_ 
[00:34:56 INF] 【主播】苏打baka 
[00:35:18 INF] 【直播间】23357926 的第 1 个心跳包发送成功
[00:35:19 INF] 【直播间】407149 的第 1 个心跳包发送成功
[00:35:20 INF] 【直播间】23040372 的第 1 个心跳包发送成功
[00:36:24 INF] 【直播间】23357926 的第 2 个心跳包发送成功
[00:36:25 INF] 【直播间】407149 的第 2 个心跳包发送成功
[00:36:27 INF] 【直播间】23040372 的第 2 个心跳包发送成功
[00:37:31 INF] 【直播间】23357926 的第 3 个心跳包发送成功
[00:37:32 INF] 【直播间】407149 的第 3 个心跳包发送成功
[00:37:34 INF] 【直播间】23040372 的第 3 个心跳包发送成功
[00:38:38 INF] 【直播间】23357926 的第 4 个心跳包发送成功
[00:38:39 INF] 【直播间】407149 的第 4 个心跳包发送成功
[00:38:40 INF] 【直播间】23040372 的第 4 个心跳包发送成功
[00:39:44 INF] 【直播间】23357926 的第 5 个心跳包发送成功
[00:39:45 INF] 【直播间】407149 的第 5 个心跳包发送成功
[00:39:47 INF] 【直播间】23040372 的第 5 个心跳包发送成功
[00:40:51 INF] 【直播间】23357926 的第 6 个心跳包发送成功
[00:40:52 INF] 【直播间】407149 的第 6 个心跳包发送成功
[00:40:53 INF] 【直播间】23040372 的第 6 个心跳包发送成功
[00:41:57 INF] 【直播间】23357926 的第 7 个心跳包发送成功
[00:41:59 INF] 【直播间】407149 的第 7 个心跳包发送成功
[00:42:00 INF] 【直播间】23040372 的第 7 个心跳包发送成功
[00:43:04 INF] 【直播间】23357926 的第 8 个心跳包发送成功
[00:43:06 INF] 【直播间】407149 的第 8 个心跳包发送成功
[00:43:07 INF] 【直播间】23040372 的第 8 个心跳包发送成功
[00:44:11 INF] 【直播间】23357926 的第 9 个心跳包发送成功
[00:44:12 INF] 【直播间】407149 的第 9 个心跳包发送成功
[00:44:13 INF] 【直播间】23040372 的第 9 个心跳包发送成功
[00:45:17 INF] 【直播间】23357926 的第 10 个心跳包发送成功
[00:45:19 INF] 【直播间】407149 的第 10 个心跳包发送成功
[00:45:20 INF] 【直播间】23040372 的第 10 个心跳包发送成功
[00:46:24 INF] 【直播间】23357926 的第 11 个心跳包发送成功
[00:46:25 INF] 【直播间】407149 的第 11 个心跳包发送成功
[00:46:26 INF] 【直播间】23040372 的第 11 个心跳包发送成功
[00:47:31 INF] 【直播间】23357926 的第 12 个心跳包发送成功
[00:47:32 INF] 【直播间】407149 的第 12 个心跳包发送成功
[00:47:33 INF] 【直播间】23040372 的第 12 个心跳包发送成功
[00:48:37 INF] 【直播间】23357926 的第 13 个心跳包发送成功
[00:48:39 INF] 【直播间】407149 的第 13 个心跳包发送成功
[00:48:40 INF] 【直播间】23040372 的第 13 个心跳包发送成功
[00:49:44 INF] 【直播间】23357926 的第 14 个心跳包发送成功
[00:49:45 INF] 【直播间】407149 的第 14 个心跳包发送成功
[00:49:46 INF] 【直播间】23040372 的第 14 个心跳包发送成功
[00:50:50 ERR] 【心跳包】直播间 23357926 发送失败
[00:50:50 ERR] 【原因】time check failed
[00:50:52 ERR] 【心跳包】直播间 407149 发送失败
[00:50:52 ERR] 【原因】time check failed
[00:50:53 ERR] 【心跳包】直播间 23040372 发送失败
[00:50:53 ERR] 【原因】time check failed
[00:51:57 INF] 【直播间】23357926 的第 15 个心跳包发送成功
[00:51:58 INF] 【直播间】407149 的第 15 个心跳包发送成功
[00:52:00 INF] 【直播间】23040372 的第 15 个心跳包发送成功
[00:53:04 INF] 【直播间】23357926 的第 16 个心跳包发送成功
[00:53:05 INF] 【直播间】407149 的第 16 个心跳包发送成功
[00:53:06 INF] 【直播间】23040372 的第 16 个心跳包发送成功
[00:54:10 INF] 【直播间】23357926 的第 17 个心跳包发送成功
[00:54:12 INF] 【直播间】407149 的第 17 个心跳包发送成功
[00:54:13 INF] 【直播间】23040372 的第 17 个心跳包发送成功
[00:55:17 INF] 【直播间】23357926 的第 18 个心跳包发送成功
[00:55:18 INF] 【直播间】407149 的第 18 个心跳包发送成功
[00:55:19 INF] 【直播间】23040372 的第 18 个心跳包发送成功
[00:56:24 INF] 【直播间】23357926 的第 19 个心跳包发送成功
[00:56:25 INF] 【直播间】407149 的第 19 个心跳包发送成功
[00:56:26 INF] 【直播间】23040372 的第 19 个心跳包发送成功
[00:57:30 INF] 【直播间】23357926 的第 20 个心跳包发送成功
[00:57:31 INF] 【直播间】407149 的第 20 个心跳包发送成功
[00:57:33 INF] 【直播间】23040372 的第 20 个心跳包发送成功
[00:58:37 INF] 【直播间】23357926 的第 21 个心跳包发送成功
[00:58:38 INF] 【直播间】407149 的第 21 个心跳包发送成功
[00:58:40 INF] 【直播间】23040372 的第 21 个心跳包发送成功
[00:59:44 INF] 【直播间】23357926 的第 22 个心跳包发送成功
[00:59:45 INF] 【直播间】407149 的第 22 个心跳包发送成功
[00:59:46 INF] 【直播间】23040372 的第 22 个心跳包发送成功
[01:00:51 INF] 【直播间】23357926 的第 23 个心跳包发送成功
[01:00:52 INF] 【直播间】407149 的第 23 个心跳包发送成功
[01:00:53 INF] 【直播间】23040372 的第 23 个心跳包发送成功
[01:01:57 INF] 【直播间】23357926 的第 24 个心跳包发送成功
[01:01:58 INF] 【直播间】407149 的第 24 个心跳包发送成功
[01:02:00 INF] 【直播间】23040372 的第 24 个心跳包发送成功
[01:03:04 INF] 【直播间】23357926 的第 25 个心跳包发送成功
[01:03:05 INF] 【直播间】407149 的第 25 个心跳包发送成功
[01:03:06 INF] 【直播间】23040372 的第 25 个心跳包发送成功
[01:04:10 INF] 【直播间】23357926 的第 26 个心跳包发送成功
[01:04:11 INF] 【直播间】407149 的第 26 个心跳包发送成功
[01:04:13 INF] 【直播间】23040372 的第 26 个心跳包发送成功
[01:05:17 INF] 【直播间】23357926 的第 27 个心跳包发送成功
[01:05:18 INF] 【直播间】407149 的第 27 个心跳包发送成功
[01:05:20 INF] 【直播间】23040372 的第 27 个心跳包发送成功
[01:06:24 ERR] 【心跳包】直播间 23357926 发送失败
[01:06:24 ERR] 【原因】time check failed
[01:06:25 ERR] 【心跳包】直播间 407149 发送失败
[01:06:25 ERR] 【原因】time check failed
[01:06:27 ERR] 【心跳包】直播间 23040372 发送失败
[01:06:27 ERR] 【原因】time check failed
[01:07:30 INF] 【直播间】23357926 的第 28 个心跳包发送成功
[01:07:32 INF] 【直播间】407149 的第 28 个心跳包发送成功
[01:07:33 INF] 【直播间】23040372 的第 28 个心跳包发送成功
[01:08:37 INF] 【直播间】23357926 的第 29 个心跳包发送成功
[01:08:38 INF] 【直播间】407149 的第 29 个心跳包发送成功
[01:08:40 INF] 【直播间】23040372 的第 29 个心跳包发送成功
[01:09:44 INF] 【直播间】23357926 的第 30 个心跳包发送成功
[01:09:45 INF] 【直播间】407149 的第 30 个心跳包发送成功
[01:09:46 INF] 【直播间】23040372 的第 30 个心跳包发送成功
[01:10:51 INF] 【直播间】23357926 的第 31 个心跳包发送成功
[01:10:52 INF] 【直播间】407149 的第 31 个心跳包发送成功
[01:10:53 INF] 【直播间】23040372 的第 31 个心跳包发送成功
[01:11:57 INF] 【直播间】23357926 的第 32 个心跳包发送成功
[01:11:59 INF] 【直播间】407149 的第 32 个心跳包发送成功
[01:12:00 INF] 【直播间】23040372 的第 32 个心跳包发送成功
[01:13:04 INF] 【直播间】23357926 的第 33 个心跳包发送成功
[01:13:05 INF] 【直播间】407149 的第 33 个心跳包发送成功
[01:13:06 INF] 【直播间】23040372 的第 33 个心跳包发送成功
[01:14:10 INF] 【直播间】23357926 的第 34 个心跳包发送成功
[01:14:12 INF] 【直播间】407149 的第 34 个心跳包发送成功
[01:14:13 INF] 【直播间】23040372 的第 34 个心跳包发送成功
[01:15:17 INF] 【直播间】23357926 的第 35 个心跳包发送成功
[01:15:18 INF] 【直播间】407149 的第 35 个心跳包发送成功
[01:15:19 INF] 【直播间】23040372 的第 35 个心跳包发送成功
[01:16:24 INF] 【直播间】23357926 的第 36 个心跳包发送成功
[01:16:25 INF] 【直播间】407149 的第 36 个心跳包发送成功
[01:16:27 INF] 【直播间】23040372 的第 36 个心跳包发送成功
[01:17:31 INF] 【直播间】23357926 的第 37 个心跳包发送成功
[01:17:32 INF] 【直播间】407149 的第 37 个心跳包发送成功
[01:17:33 INF] 【直播间】23040372 的第 37 个心跳包发送成功
[01:18:38 INF] 【直播间】23357926 的第 38 个心跳包发送成功
[01:18:39 INF] 【直播间】407149 的第 38 个心跳包发送成功
[01:18:40 INF] 【直播间】23040372 的第 38 个心跳包发送成功
[01:19:44 INF] 【直播间】23357926 的第 39 个心跳包发送成功
[01:19:45 INF] 【直播间】407149 的第 39 个心跳包发送成功
[01:19:47 INF] 【直播间】23040372 的第 39 个心跳包发送成功
[01:20:51 INF] 【直播间】23357926 的第 40 个心跳包发送成功
[01:20:52 INF] 【直播间】407149 的第 40 个心跳包发送成功
[01:20:53 INF] 【直播间】23040372 的第 40 个心跳包发送成功
[01:21:57 ERR] 【心跳包】直播间 23357926 发送失败
[01:21:57 ERR] 【原因】time check failed
[01:21:59 ERR] 【心跳包】直播间 407149 发送失败
[01:21:59 ERR] 【原因】time check failed
[01:22:00 ERR] 【心跳包】直播间 23040372 发送失败
[01:22:00 ERR] 【原因】time check failed
[01:23:04 INF] 【直播间】23357926 的第 41 个心跳包发送成功
[01:23:05 INF] 【直播间】407149 的第 41 个心跳包发送成功
[01:23:06 INF] 【直播间】23040372 的第 41 个心跳包发送成功
[01:24:10 INF] 【直播间】23357926 的第 42 个心跳包发送成功
[01:24:12 INF] 【直播间】407149 的第 42 个心跳包发送成功
[01:24:13 INF] 【直播间】23040372 的第 42 个心跳包发送成功
[01:25:17 INF] 【直播间】23357926 的第 43 个心跳包发送成功
[01:25:18 INF] 【直播间】407149 的第 43 个心跳包发送成功
[01:25:20 INF] 【直播间】23040372 的第 43 个心跳包发送成功
[01:26:24 INF] 【直播间】23357926 的第 44 个心跳包发送成功
[01:26:25 INF] 【直播间】407149 的第 44 个心跳包发送成功
[01:26:26 INF] 【直播间】23040372 的第 44 个心跳包发送成功
[01:27:31 INF] 【直播间】23357926 的第 45 个心跳包发送成功
[01:27:32 INF] 【直播间】407149 的第 45 个心跳包发送成功
[01:27:33 INF] 【直播间】23040372 的第 45 个心跳包发送成功
[01:28:37 INF] 【直播间】23357926 的第 46 个心跳包发送成功
[01:28:39 INF] 【直播间】407149 的第 46 个心跳包发送成功
[01:28:40 INF] 【直播间】23040372 的第 46 个心跳包发送成功
[01:29:44 INF] 【直播间】23357926 的第 47 个心跳包发送成功
[01:29:45 INF] 【直播间】407149 的第 47 个心跳包发送成功
[01:29:46 INF] 【直播间】23040372 的第 47 个心跳包发送成功
[01:30:50 INF] 【直播间】23357926 的第 48 个心跳包发送成功
[01:30:51 INF] 【直播间】407149 的第 48 个心跳包发送成功
[01:30:53 INF] 【直播间】23040372 的第 48 个心跳包发送成功
[01:31:57 INF] 【直播间】23357926 的第 49 个心跳包发送成功
[01:31:58 INF] 【直播间】407149 的第 49 个心跳包发送成功
[01:31:59 INF] 【直播间】23040372 的第 49 个心跳包发送成功
[01:33:04 INF] 【直播间】23357926 的第 50 个心跳包发送成功
[01:33:05 INF] 【直播间】407149 的第 50 个心跳包发送成功
[01:33:06 INF] 【直播间】23040372 的第 50 个心跳包发送成功
[01:34:10 INF] 【直播间】23357926 的第 51 个心跳包发送成功
[01:34:12 INF] 【直播间】407149 的第 51 个心跳包发送成功
[01:34:13 INF] 【直播间】23040372 的第 51 个心跳包发送成功
[01:35:17 INF] 【直播间】23357926 的第 52 个心跳包发送成功
[01:35:18 INF] 【直播间】407149 的第 52 个心跳包发送成功
[01:35:19 INF] 【直播间】23040372 的第 52 个心跳包发送成功
[01:36:23 INF] 【直播间】23357926 的第 53 个心跳包发送成功
[01:36:25 INF] 【直播间】407149 的第 53 个心跳包发送成功
[01:36:26 INF] 【直播间】23040372 的第 53 个心跳包发送成功
[01:37:30 ERR] 【心跳包】直播间 23357926 发送失败
[01:37:30 ERR] 【原因】time check failed
[01:37:31 ERR] 【心跳包】直播间 407149 发送失败
[01:37:31 ERR] 【原因】time check failed
[01:37:32 ERR] 【心跳包】直播间 23040372 发送失败
[01:37:32 ERR] 【原因】time check failed
[01:38:37 INF] 【直播间】23357926 的第 54 个心跳包发送成功
[01:38:38 INF] 【直播间】407149 的第 54 个心跳包发送成功
[01:38:39 INF] 【直播间】23040372 的第 54 个心跳包发送成功
[01:39:44 INF] 【直播间】23357926 的第 55 个心跳包发送成功
[01:39:45 INF] 【直播间】407149 的第 55 个心跳包发送成功
[01:39:46 INF] 【直播间】23040372 的第 55 个心跳包发送成功
[01:40:50 INF] 【直播间】23357926 的第 56 个心跳包发送成功
[01:40:51 INF] 【直播间】407149 的第 56 个心跳包发送成功
[01:40:53 INF] 【直播间】23040372 的第 56 个心跳包发送成功
[01:41:57 INF] 【直播间】23357926 的第 57 个心跳包发送成功
[01:41:58 INF] 【直播间】407149 的第 57 个心跳包发送成功
[01:41:59 INF] 【直播间】23040372 的第 57 个心跳包发送成功
[01:43:03 INF] 【直播间】23357926 的第 58 个心跳包发送成功
[01:43:05 INF] 【直播间】407149 的第 58 个心跳包发送成功
[01:43:06 INF] 【直播间】23040372 的第 58 个心跳包发送成功
[01:44:10 INF] 【直播间】23357926 的第 59 个心跳包发送成功
[01:44:11 INF] 【直播间】407149 的第 59 个心跳包发送成功
[01:44:12 INF] 【直播间】23040372 的第 59 个心跳包发送成功
[01:45:17 INF] 【直播间】23357926 的第 60 个心跳包发送成功
[01:45:18 INF] 【直播间】407149 的第 60 个心跳包发送成功
[01:45:19 INF] 【直播间】23040372 的第 60 个心跳包发送成功
[01:46:23 INF] 【直播间】23357926 的第 61 个心跳包发送成功
[01:46:25 INF] 【直播间】407149 的第 61 个心跳包发送成功
[01:46:26 INF] 【直播间】23040372 的第 61 个心跳包发送成功
[01:47:30 INF] 【直播间】23357926 的第 62 个心跳包发送成功
[01:47:31 INF] 【直播间】407149 的第 62 个心跳包发送成功
[01:47:33 INF] 【直播间】23040372 的第 62 个心跳包发送成功
[01:48:37 INF] 【直播间】23357926 的第 63 个心跳包发送成功
[01:48:38 INF] 【直播间】407149 的第 63 个心跳包发送成功
[01:48:39 INF] 【直播间】23040372 的第 63 个心跳包发送成功
[01:49:43 INF] 【直播间】23357926 的第 64 个心跳包发送成功
[01:49:45 INF] 【直播间】407149 的第 64 个心跳包发送成功
[01:49:46 INF] 【直播间】23040372 的第 64 个心跳包发送成功
[01:50:50 INF] 【直播间】23357926 的第 65 个心跳包发送成功
[01:50:51 INF] 【直播间】407149 的第 65 个心跳包发送成功
[01:50:52 INF] 【直播间】23040372 的第 65 个心跳包发送成功
[01:51:57 INF] 【直播间】23357926 的第 66 个心跳包发送成功
[01:51:58 INF] 【直播间】407149 的第 66 个心跳包发送成功
[01:51:59 INF] 【直播间】23040372 的第 66 个心跳包发送成功
[01:53:03 ERR] 【心跳包】直播间 23357926 发送失败
[01:53:03 ERR] 【原因】time check failed
[01:53:04 ERR] 【心跳包】直播间 407149 发送失败
[01:53:04 ERR] 【原因】time check failed
[01:53:06 ERR] 【心跳包】直播间 23040372 发送失败
[01:53:06 ERR] 【原因】time check failed
[01:54:10 INF] 【直播间】23357926 的第 67 个心跳包发送成功
[01:54:11 INF] 【直播间】407149 的第 67 个心跳包发送成功
[01:54:12 INF] 【直播间】23040372 的第 67 个心跳包发送成功
[01:55:17 INF] 【直播间】23357926 的第 68 个心跳包发送成功
[01:55:18 INF] 【直播间】407149 的第 68 个心跳包发送成功
[01:55:19 INF] 【直播间】23040372 的第 68 个心跳包发送成功
[01:56:23 INF] 【直播间】23357926 的第 69 个心跳包发送成功
[01:56:24 INF] 【直播间】407149 的第 69 个心跳包发送成功
[01:56:26 INF] 【直播间】23040372 的第 69 个心跳包发送成功
[01:57:30 INF] 【直播间】23357926 的第 70 个心跳包发送成功
[01:57:31 INF] 【直播间】407149 的第 70 个心跳包发送成功
[01:57:32 INF] 【直播间】23040372 的第 70 个心跳包发送成功
[01:57:32 INF] 【直播观看时长】完成情况：3/3 
[01:57:32 INF] ---------结束---------

[01:57:32 INF] ==========结束==========

[01:57:32 INF] ######### 账号 2 #########

[01:57:32 INF] =====开始 直播间互动 =====

[01:57:32 INF] ---开始 发送弹幕 ---
[01:57:32 INF] 检测到直播 Cookie 未正确配置，尝试自动配置中...
[01:57:40 INF] 直播 Cookie 配置成功！
[01:57:40 INF] 【获取直播列表】获取拥有粉丝牌的直播列表
[01:57:44 INF] 【主播】Mark陌枫 
[01:58:03 INF] 【主播】苏打baka 
[01:58:21 INF] 【主播】特别中二的q3君 
[01:58:38 INF] 【主播】陈抱一 
[01:58:55 INF] 【主播】贪玩的小毅 
[01:59:11 INF] 【主播】KL_qiqi_ 
[01:59:30 INF] 【主播】记录生活的蛋黄派 
[01:59:48 INF] 【主播】FoFTG 
[02:00:07 INF] 【主播】悠悠球琛总 
[02:00:25 INF] 【主播】新石器公园 
[02:00:39 INF] 【主播】脏小豆 
[02:00:52 INF] 【主播】李船长笔记 
[02:01:07 INF] 【直播间】Mark陌枫
[02:01:07 INF] 【粉丝牌】馬楓
[02:01:07 INF] 正在发送弹幕...
[02:01:14 INF] 【直播间】苏打baka
[02:01:14 INF] 【粉丝牌】碳酸钠
[02:01:14 INF] 正在发送弹幕...
[02:01:20 INF] 【直播间】特别中二的q3君
[02:01:20 INF] 【粉丝牌】q3GG
[02:01:20 INF] 正在发送弹幕...
[02:01:23 INF] 【直播间】陈抱一
[02:01:23 INF] 【粉丝牌】陈抱一
[02:01:23 INF] 正在发送弹幕...
[02:01:24 INF] 【弹幕发送】成功~，你和主播 Mark陌枫 的亲密值增加了100！
[02:01:30 INF] 【直播间】贪玩的小毅
[02:01:30 INF] 【粉丝牌】大大毅
[02:01:30 INF] 正在发送弹幕...
[02:01:32 INF] 【弹幕发送】成功~，你和主播 苏打baka 的亲密值增加了100！
[02:01:33 ERR] 【弹幕发送】失败
[02:01:33 ERR] 【原因】您发送弹幕的频率过快
[02:01:36 INF] 【直播间】KL_qiqi_
[02:01:36 INF] 【粉丝牌】qiqisb
[02:01:36 INF] 正在发送弹幕...
[02:01:41 INF] 【弹幕发送】成功~，你和主播 陈抱一 的亲密值增加了100！
[02:01:43 INF] 【直播间】记录生活的蛋黄派
[02:01:43 INF] 【粉丝牌】派派派
[02:01:43 INF] 正在发送弹幕...
[02:01:45 INF] 【弹幕发送】成功~，你和主播 贪玩的小毅 的亲密值增加了100！
[02:01:49 INF] 【直播间】FoFTG
[02:01:49 INF] 【粉丝牌】FOFTG
[02:01:49 INF] 正在发送弹幕...
[02:01:54 INF] 【直播间】悠悠球琛总
[02:01:54 INF] 【粉丝牌】i琛
[02:01:54 INF] 正在发送弹幕...
[02:01:55 INF] 【弹幕发送】成功~，你和主播 KL_qiqi_ 的亲密值增加了100！
[02:01:59 INF] 【直播间】新石器公园
[02:01:59 INF] 【粉丝牌】东园主
[02:01:59 INF] 正在发送弹幕...
[02:02:04 INF] 【弹幕发送】成功~，你和主播 记录生活的蛋黄派 的亲密值增加了100！
[02:02:06 INF] 【直播间】脏小豆
[02:02:06 INF] 【粉丝牌】豆豆浆
[02:02:06 INF] 正在发送弹幕...
[02:02:09 INF] 【弹幕发送】成功~，你和主播 FoFTG 的亲密值增加了100！
[02:02:12 INF] 【弹幕发送】成功~，你和主播 悠悠球琛总 的亲密值增加了100！
[02:02:12 INF] 【直播间】李船长笔记
[02:02:12 INF] 【粉丝牌】航海仕
[02:02:12 INF] 正在发送弹幕...
[02:02:15 INF] -------结束-------

[02:02:15 INF] ---开始 点赞直播间 ---
[02:02:15 INF] 【获取直播列表】获取拥有粉丝牌的直播列表
[02:02:18 INF] 【弹幕发送】成功~，你和主播 新石器公园 的亲密值增加了100！
[02:02:23 INF] 【弹幕发送】成功~，你和主播 脏小豆 的亲密值增加了100！
[02:02:23 INF] 【主播】Mark陌枫 
[02:02:26 INF] 【弹幕发送】成功~，你和主播 李船长笔记 的亲密值增加了100！
[02:02:37 INF] 【主播】苏打baka 
[02:02:54 INF] 【主播】特别中二的q3君 
[02:03:09 INF] 【主播】陈抱一 
[02:03:25 INF] 【主播】贪玩的小毅 
[02:03:40 INF] 【主播】KL_qiqi_ 
[02:03:56 INF] 【主播】记录生活的蛋黄派 
[02:04:14 INF] 【主播】FoFTG 
[02:04:33 INF] 【主播】悠悠球琛总 
[02:04:50 INF] 【主播】新石器公园 
[02:05:06 INF] 【主播】脏小豆 
[02:05:22 INF] 【主播】李船长笔记 
[02:05:49 INF] 【点赞直播间】23357926 完成
[02:05:52 INF] 【点赞直播间】23040372 完成
[02:05:56 INF] 【点赞直播间】31494 完成
[02:06:01 INF] 【点赞直播间】4015781 完成
[02:06:08 INF] 【点赞直播间】9619073 完成
[02:06:12 INF] 【点赞直播间】407149 完成
[02:06:19 INF] 【点赞直播间】11732699 完成
[02:06:26 INF] 【点赞直播间】91164 完成
[02:06:32 INF] 【点赞直播间】7184632 完成
[02:06:35 INF] 【点赞直播间】23447660 完成
[02:06:41 INF] 【点赞直播间】929670 完成
[02:06:44 INF] --------结束--------

[02:06:44 INF] ---开始 直播时长挂机 ---
[02:06:44 INF] 【获取直播列表】获取拥有粉丝牌的直播列表
[02:06:44 INF] 【点赞直播间】22764265 完成
[02:06:50 INF] 【主播】Mark陌枫 
[02:07:09 INF] 【主播】苏打baka 
[02:07:32 INF] 【主播】特别中二的q3君 
[02:07:47 INF] 【主播】陈抱一 
[02:08:00 INF] 【主播】贪玩的小毅 
[02:08:18 INF] 【主播】KL_qiqi_ 
[02:08:35 INF] 【主播】记录生活的蛋黄派 
[02:08:50 INF] 【主播】FoFTG 
[02:09:10 INF] 【主播】悠悠球琛总 
[02:09:27 INF] 【主播】新石器公园 
[02:09:38 INF] 【主播】脏小豆 
[02:09:52 INF] 【主播】李船长笔记 
[02:10:11 INF] 【直播间】23357926 的第 1 个心跳包发送成功
[02:10:12 INF] 【直播间】23040372 的第 1 个心跳包发送成功
[02:10:13 INF] 【直播间】31494 的第 1 个心跳包发送成功
[02:10:15 INF] 【直播间】4015781 的第 1 个心跳包发送成功
[02:10:16 INF] 【直播间】9619073 的第 1 个心跳包发送成功
[02:10:17 INF] 【直播间】407149 的第 1 个心跳包发送成功
[02:10:18 INF] 【直播间】11732699 的第 1 个心跳包发送成功
[02:10:20 INF] 【直播间】91164 的第 1 个心跳包发送成功
[02:10:21 INF] 【直播间】7184632 的第 1 个心跳包发送成功
[02:10:22 INF] 【直播间】23447660 的第 1 个心跳包发送成功
[02:10:23 INF] 【直播间】929670 的第 1 个心跳包发送成功
[02:10:25 INF] 【直播间】22764265 的第 1 个心跳包发送成功
[02:11:18 INF] 【直播间】23357926 的第 2 个心跳包发送成功
[02:11:19 INF] 【直播间】23040372 的第 2 个心跳包发送成功
[02:11:20 INF] 【直播间】31494 的第 2 个心跳包发送成功
[02:11:22 INF] 【直播间】4015781 的第 2 个心跳包发送成功
[02:11:23 INF] 【直播间】9619073 的第 2 个心跳包发送成功
[02:11:24 INF] 【直播间】407149 的第 2 个心跳包发送成功
[02:11:25 INF] 【直播间】11732699 的第 2 个心跳包发送成功
[02:11:27 INF] 【直播间】91164 的第 2 个心跳包发送成功
[02:11:28 INF] 【直播间】7184632 的第 2 个心跳包发送成功
[02:11:29 INF] 【直播间】23447660 的第 2 个心跳包发送成功
[02:11:31 INF] 【直播间】929670 的第 2 个心跳包发送成功
[02:11:32 INF] 【直播间】22764265 的第 2 个心跳包发送成功
[02:12:24 INF] 【直播间】23357926 的第 3 个心跳包发送成功
[02:12:26 INF] 【直播间】23040372 的第 3 个心跳包发送成功
[02:12:27 INF] 【直播间】31494 的第 3 个心跳包发送成功
[02:12:28 INF] 【直播间】4015781 的第 3 个心跳包发送成功
[02:12:29 INF] 【直播间】9619073 的第 3 个心跳包发送成功
[02:12:31 INF] 【直播间】407149 的第 3 个心跳包发送成功
[02:12:32 INF] 【直播间】11732699 的第 3 个心跳包发送成功
[02:12:33 INF] 【直播间】91164 的第 3 个心跳包发送成功
[02:12:34 INF] 【直播间】7184632 的第 3 个心跳包发送成功
[02:12:36 INF] 【直播间】23447660 的第 3 个心跳包发送成功
[02:12:37 INF] 【直播间】929670 的第 3 个心跳包发送成功
[02:12:38 INF] 【直播间】22764265 的第 3 个心跳包发送成功
[02:13:31 INF] 【直播间】23357926 的第 4 个心跳包发送成功
[02:13:32 INF] 【直播间】23040372 的第 4 个心跳包发送成功
[02:13:34 INF] 【直播间】31494 的第 4 个心跳包发送成功
[02:13:35 INF] 【直播间】4015781 的第 4 个心跳包发送成功
[02:13:36 INF] 【直播间】9619073 的第 4 个心跳包发送成功
[02:13:38 INF] 【直播间】407149 的第 4 个心跳包发送成功
[02:13:39 INF] 【直播间】11732699 的第 4 个心跳包发送成功
[02:13:40 INF] 【直播间】91164 的第 4 个心跳包发送成功
[02:13:41 INF] 【直播间】7184632 的第 4 个心跳包发送成功
[02:13:43 INF] 【直播间】23447660 的第 4 个心跳包发送成功
[02:13:44 INF] 【直播间】929670 的第 4 个心跳包发送成功
[02:13:45 INF] 【直播间】22764265 的第 4 个心跳包发送成功
[02:14:38 INF] 【直播间】23357926 的第 5 个心跳包发送成功
[02:14:39 INF] 【直播间】23040372 的第 5 个心跳包发送成功
[02:14:40 INF] 【直播间】31494 的第 5 个心跳包发送成功
[02:14:42 INF] 【直播间】4015781 的第 5 个心跳包发送成功
[02:14:43 INF] 【直播间】9619073 的第 5 个心跳包发送成功
[02:14:44 INF] 【直播间】407149 的第 5 个心跳包发送成功
[02:14:46 INF] 【直播间】11732699 的第 5 个心跳包发送成功
[02:14:47 INF] 【直播间】91164 的第 5 个心跳包发送成功
[02:14:48 INF] 【直播间】7184632 的第 5 个心跳包发送成功
[02:14:49 INF] 【直播间】23447660 的第 5 个心跳包发送成功
[02:14:51 INF] 【直播间】929670 的第 5 个心跳包发送成功
[02:14:52 INF] 【直播间】22764265 的第 5 个心跳包发送成功
[02:15:44 INF] 【直播间】23357926 的第 6 个心跳包发送成功
[02:15:46 INF] 【直播间】23040372 的第 6 个心跳包发送成功
[02:15:47 INF] 【直播间】31494 的第 6 个心跳包发送成功
[02:15:48 INF] 【直播间】4015781 的第 6 个心跳包发送成功
[02:15:49 INF] 【直播间】9619073 的第 6 个心跳包发送成功
[02:15:51 INF] 【直播间】407149 的第 6 个心跳包发送成功
[02:15:52 INF] 【直播间】11732699 的第 6 个心跳包发送成功
[02:15:53 INF] 【直播间】91164 的第 6 个心跳包发送成功
[02:15:55 INF] 【直播间】7184632 的第 6 个心跳包发送成功
[02:15:56 INF] 【直播间】23447660 的第 6 个心跳包发送成功
[02:15:57 INF] 【直播间】929670 的第 6 个心跳包发送成功
[02:15:58 INF] 【直播间】22764265 的第 6 个心跳包发送成功
[02:16:51 INF] 【直播间】23357926 的第 7 个心跳包发送成功
[02:16:52 INF] 【直播间】23040372 的第 7 个心跳包发送成功
[02:16:53 INF] 【直播间】31494 的第 7 个心跳包发送成功
[02:16:55 INF] 【直播间】4015781 的第 7 个心跳包发送成功
[02:16:56 INF] 【直播间】9619073 的第 7 个心跳包发送成功
[02:16:57 INF] 【直播间】407149 的第 7 个心跳包发送成功
[02:16:58 INF] 【直播间】11732699 的第 7 个心跳包发送成功
[02:17:00 INF] 【直播间】91164 的第 7 个心跳包发送成功
[02:17:01 INF] 【直播间】7184632 的第 7 个心跳包发送成功
[02:17:02 INF] 【直播间】23447660 的第 7 个心跳包发送成功
[02:17:03 INF] 【直播间】929670 的第 7 个心跳包发送成功
[02:17:05 INF] 【直播间】22764265 的第 7 个心跳包发送成功
[02:17:58 INF] 【直播间】23357926 的第 8 个心跳包发送成功
[02:17:59 INF] 【直播间】23040372 的第 8 个心跳包发送成功
[02:18:00 INF] 【直播间】31494 的第 8 个心跳包发送成功
[02:18:01 INF] 【直播间】4015781 的第 8 个心跳包发送成功
[02:18:03 INF] 【直播间】9619073 的第 8 个心跳包发送成功
[02:18:04 INF] 【直播间】407149 的第 8 个心跳包发送成功
[02:18:05 INF] 【直播间】11732699 的第 8 个心跳包发送成功
[02:18:07 INF] 【直播间】91164 的第 8 个心跳包发送成功
[02:18:08 INF] 【直播间】7184632 的第 8 个心跳包发送成功
[02:18:09 INF] 【直播间】23447660 的第 8 个心跳包发送成功
[02:18:10 INF] 【直播间】929670 的第 8 个心跳包发送成功
[02:18:12 INF] 【直播间】22764265 的第 8 个心跳包发送成功
[02:19:04 INF] 【直播间】23357926 的第 9 个心跳包发送成功
[02:19:05 INF] 【直播间】23040372 的第 9 个心跳包发送成功
[02:19:07 INF] 【直播间】31494 的第 9 个心跳包发送成功
[02:19:08 INF] 【直播间】4015781 的第 9 个心跳包发送成功
[02:19:09 INF] 【直播间】9619073 的第 9 个心跳包发送成功
[02:19:10 INF] 【直播间】407149 的第 9 个心跳包发送成功
[02:19:12 INF] 【直播间】11732699 的第 9 个心跳包发送成功
[02:19:13 INF] 【直播间】91164 的第 9 个心跳包发送成功
[02:19:14 INF] 【直播间】7184632 的第 9 个心跳包发送成功
[02:19:16 INF] 【直播间】23447660 的第 9 个心跳包发送成功
[02:19:17 INF] 【直播间】929670 的第 9 个心跳包发送成功
[02:19:18 INF] 【直播间】22764265 的第 9 个心跳包发送成功
[02:20:11 INF] 【直播间】23357926 的第 10 个心跳包发送成功
[02:20:12 INF] 【直播间】23040372 的第 10 个心跳包发送成功
[02:20:13 INF] 【直播间】31494 的第 10 个心跳包发送成功
[02:20:15 INF] 【直播间】4015781 的第 10 个心跳包发送成功
[02:20:16 INF] 【直播间】9619073 的第 10 个心跳包发送成功
[02:20:17 INF] 【直播间】407149 的第 10 个心跳包发送成功
[02:20:19 INF] 【直播间】11732699 的第 10 个心跳包发送成功
[02:20:20 INF] 【直播间】91164 的第 10 个心跳包发送成功
[02:20:21 INF] 【直播间】7184632 的第 10 个心跳包发送成功
[02:20:22 INF] 【直播间】23447660 的第 10 个心跳包发送成功
[02:20:24 INF] 【直播间】929670 的第 10 个心跳包发送成功
[02:20:25 INF] 【直播间】22764265 的第 10 个心跳包发送成功
[02:21:17 INF] 【直播间】23357926 的第 11 个心跳包发送成功
[02:21:18 INF] 【直播间】23040372 的第 11 个心跳包发送成功
[02:21:20 INF] 【直播间】31494 的第 11 个心跳包发送成功
[02:21:21 INF] 【直播间】4015781 的第 11 个心跳包发送成功
[02:21:22 INF] 【直播间】9619073 的第 11 个心跳包发送成功
[02:21:24 INF] 【直播间】407149 的第 11 个心跳包发送成功
[02:21:25 INF] 【直播间】11732699 的第 11 个心跳包发送成功
[02:21:26 INF] 【直播间】91164 的第 11 个心跳包发送成功
[02:21:27 INF] 【直播间】7184632 的第 11 个心跳包发送成功
[02:21:29 INF] 【直播间】23447660 的第 11 个心跳包发送成功
[02:21:30 INF] 【直播间】929670 的第 11 个心跳包发送成功
[02:21:31 INF] 【直播间】22764265 的第 11 个心跳包发送成功
[02:22:24 INF] 【直播间】23357926 的第 12 个心跳包发送成功
[02:22:25 INF] 【直播间】23040372 的第 12 个心跳包发送成功
[02:22:26 INF] 【直播间】31494 的第 12 个心跳包发送成功
[02:22:28 INF] 【直播间】4015781 的第 12 个心跳包发送成功
[02:22:29 INF] 【直播间】9619073 的第 12 个心跳包发送成功
[02:22:30 INF] 【直播间】407149 的第 12 个心跳包发送成功
[02:22:31 INF] 【直播间】11732699 的第 12 个心跳包发送成功
[02:22:33 INF] 【直播间】91164 的第 12 个心跳包发送成功
[02:22:34 INF] 【直播间】7184632 的第 12 个心跳包发送成功
[02:22:35 INF] 【直播间】23447660 的第 12 个心跳包发送成功
[02:22:36 INF] 【直播间】929670 的第 12 个心跳包发送成功
[02:22:38 INF] 【直播间】22764265 的第 12 个心跳包发送成功
[02:23:31 INF] 【直播间】23357926 的第 13 个心跳包发送成功
[02:23:32 INF] 【直播间】23040372 的第 13 个心跳包发送成功
[02:23:33 INF] 【直播间】31494 的第 13 个心跳包发送成功
[02:23:34 INF] 【直播间】4015781 的第 13 个心跳包发送成功
[02:23:36 INF] 【直播间】9619073 的第 13 个心跳包发送成功
[02:23:37 INF] 【直播间】407149 的第 13 个心跳包发送成功
[02:23:38 INF] 【直播间】11732699 的第 13 个心跳包发送成功
[02:23:39 INF] 【直播间】91164 的第 13 个心跳包发送成功
[02:23:41 INF] 【直播间】7184632 的第 13 个心跳包发送成功
[02:23:42 INF] 【直播间】23447660 的第 13 个心跳包发送成功
[02:23:43 INF] 【直播间】929670 的第 13 个心跳包发送成功
[02:23:45 INF] 【直播间】22764265 的第 13 个心跳包发送成功
[02:24:37 INF] 【直播间】23357926 的第 14 个心跳包发送成功
[02:24:38 INF] 【直播间】23040372 的第 14 个心跳包发送成功
[02:24:40 INF] 【直播间】31494 的第 14 个心跳包发送成功
[02:24:41 INF] 【直播间】4015781 的第 14 个心跳包发送成功
[02:24:42 INF] 【直播间】9619073 的第 14 个心跳包发送成功
[02:24:44 INF] 【直播间】407149 的第 14 个心跳包发送成功
[02:24:45 INF] 【直播间】11732699 的第 14 个心跳包发送成功
[02:24:46 INF] 【直播间】91164 的第 14 个心跳包发送成功
[02:24:47 INF] 【直播间】7184632 的第 14 个心跳包发送成功
[02:24:49 INF] 【直播间】23447660 的第 14 个心跳包发送成功
[02:24:50 INF] 【直播间】929670 的第 14 个心跳包发送成功
[02:24:51 INF] 【直播间】22764265 的第 14 个心跳包发送成功
[02:25:44 ERR] 【心跳包】直播间 23357926 发送失败
[02:25:44 ERR] 【原因】time check failed
[02:25:45 ERR] 【心跳包】直播间 23040372 发送失败
[02:25:45 ERR] 【原因】time check failed
[02:25:46 ERR] 【心跳包】直播间 31494 发送失败
[02:25:46 ERR] 【原因】time check failed
[02:25:47 ERR] 【心跳包】直播间 4015781 发送失败
[02:25:47 ERR] 【原因】time check failed
[02:25:49 ERR] 【心跳包】直播间 9619073 发送失败
[02:25:49 ERR] 【原因】time check failed
[02:25:50 ERR] 【心跳包】直播间 407149 发送失败
[02:25:50 ERR] 【原因】time check failed
[02:25:51 ERR] 【心跳包】直播间 11732699 发送失败
[02:25:51 ERR] 【原因】time check failed
[02:25:52 ERR] 【心跳包】直播间 91164 发送失败
[02:25:52 ERR] 【原因】time check failed
[02:25:54 ERR] 【心跳包】直播间 7184632 发送失败
[02:25:54 ERR] 【原因】time check failed
[02:25:55 ERR] 【心跳包】直播间 23447660 发送失败
[02:25:55 ERR] 【原因】time check failed
[02:25:56 ERR] 【心跳包】直播间 929670 发送失败
[02:25:56 ERR] 【原因】time check failed
[02:25:57 ERR] 【心跳包】直播间 22764265 发送失败
[02:25:57 ERR] 【原因】time check failed
[02:26:50 INF] 【直播间】23357926 的第 15 个心跳包发送成功
[02:26:51 INF] 【直播间】23040372 的第 15 个心跳包发送成功
[02:26:53 INF] 【直播间】31494 的第 15 个心跳包发送成功
[02:26:54 INF] 【直播间】4015781 的第 15 个心跳包发送成功
[02:26:55 INF] 【直播间】9619073 的第 15 个心跳包发送成功
[02:26:57 INF] 【直播间】407149 的第 15 个心跳包发送成功
[02:26:58 INF] 【直播间】11732699 的第 15 个心跳包发送成功
[02:26:59 INF] 【直播间】91164 的第 15 个心跳包发送成功
[02:27:01 INF] 【直播间】7184632 的第 15 个心跳包发送成功
[02:27:02 INF] 【直播间】23447660 的第 15 个心跳包发送成功
[02:27:03 INF] 【直播间】929670 的第 15 个心跳包发送成功
[02:27:04 INF] 【直播间】22764265 的第 15 个心跳包发送成功
[02:27:57 INF] 【直播间】23357926 的第 16 个心跳包发送成功
[02:27:58 INF] 【直播间】23040372 的第 16 个心跳包发送成功
[02:28:00 INF] 【直播间】31494 的第 16 个心跳包发送成功
[02:28:01 INF] 【直播间】4015781 的第 16 个心跳包发送成功
[02:28:02 INF] 【直播间】9619073 的第 16 个心跳包发送成功
[02:28:03 INF] 【直播间】407149 的第 16 个心跳包发送成功
[02:28:05 INF] 【直播间】11732699 的第 16 个心跳包发送成功
[02:28:06 INF] 【直播间】91164 的第 16 个心跳包发送成功
[02:28:07 INF] 【直播间】7184632 的第 16 个心跳包发送成功
[02:28:08 INF] 【直播间】23447660 的第 16 个心跳包发送成功
[02:28:10 INF] 【直播间】929670 的第 16 个心跳包发送成功
[02:28:11 INF] 【直播间】22764265 的第 16 个心跳包发送成功
[02:29:04 INF] 【直播间】23357926 的第 17 个心跳包发送成功
[02:29:05 INF] 【直播间】23040372 的第 17 个心跳包发送成功
[02:29:06 INF] 【直播间】31494 的第 17 个心跳包发送成功
[02:29:07 INF] 【直播间】4015781 的第 17 个心跳包发送成功
[02:29:09 INF] 【直播间】9619073 的第 17 个心跳包发送成功
[02:29:10 INF] 【直播间】407149 的第 17 个心跳包发送成功
[02:29:11 INF] 【直播间】11732699 的第 17 个心跳包发送成功
[02:29:12 INF] 【直播间】91164 的第 17 个心跳包发送成功
[02:29:14 INF] 【直播间】7184632 的第 17 个心跳包发送成功
[02:29:15 INF] 【直播间】23447660 的第 17 个心跳包发送成功
[02:29:16 INF] 【直播间】929670 的第 17 个心跳包发送成功
[02:29:18 INF] 【直播间】22764265 的第 17 个心跳包发送成功
[02:30:10 INF] 【直播间】23357926 的第 18 个心跳包发送成功
[02:30:11 INF] 【直播间】23040372 的第 18 个心跳包发送成功
[02:30:13 INF] 【直播间】31494 的第 18 个心跳包发送成功
[02:30:14 INF] 【直播间】4015781 的第 18 个心跳包发送成功
[02:30:15 INF] 【直播间】9619073 的第 18 个心跳包发送成功
[02:30:17 INF] 【直播间】407149 的第 18 个心跳包发送成功
[02:30:18 INF] 【直播间】11732699 的第 18 个心跳包发送成功
[02:30:19 INF] 【直播间】91164 的第 18 个心跳包发送成功
[02:30:20 INF] 【直播间】7184632 的第 18 个心跳包发送成功
[02:30:22 INF] 【直播间】23447660 的第 18 个心跳包发送成功
[02:30:23 INF] 【直播间】929670 的第 18 个心跳包发送成功
[02:30:24 INF] 【直播间】22764265 的第 18 个心跳包发送成功
[02:31:17 INF] 【直播间】23357926 的第 19 个心跳包发送成功
[02:31:18 INF] 【直播间】23040372 的第 19 个心跳包发送成功
[02:31:19 INF] 【直播间】31494 的第 19 个心跳包发送成功
[02:31:21 INF] 【直播间】4015781 的第 19 个心跳包发送成功
[02:31:22 INF] 【直播间】9619073 的第 19 个心跳包发送成功
[02:31:23 INF] 【直播间】407149 的第 19 个心跳包发送成功
[02:31:24 INF] 【直播间】11732699 的第 19 个心跳包发送成功
[02:31:26 INF] 【直播间】91164 的第 19 个心跳包发送成功
[02:31:27 INF] 【直播间】7184632 的第 19 个心跳包发送成功
[02:31:28 INF] 【直播间】23447660 的第 19 个心跳包发送成功
[02:31:30 INF] 【直播间】929670 的第 19 个心跳包发送成功
[02:31:31 INF] 【直播间】22764265 的第 19 个心跳包发送成功
[02:32:24 INF] 【直播间】23357926 的第 20 个心跳包发送成功
[02:32:25 INF] 【直播间】23040372 的第 20 个心跳包发送成功
[02:32:26 INF] 【直播间】31494 的第 20 个心跳包发送成功
[02:32:28 INF] 【直播间】4015781 的第 20 个心跳包发送成功
[02:32:29 INF] 【直播间】9619073 的第 20 个心跳包发送成功
[02:32:30 INF] 【直播间】407149 的第 20 个心跳包发送成功
[02:32:31 INF] 【直播间】11732699 的第 20 个心跳包发送成功
[02:32:33 INF] 【直播间】91164 的第 20 个心跳包发送成功
[02:32:34 INF] 【直播间】7184632 的第 20 个心跳包发送成功
[02:32:35 INF] 【直播间】23447660 的第 20 个心跳包发送成功
[02:32:36 INF] 【直播间】929670 的第 20 个心跳包发送成功
[02:32:38 INF] 【直播间】22764265 的第 20 个心跳包发送成功
[02:33:30 INF] 【直播间】23357926 的第 21 个心跳包发送成功
[02:33:32 INF] 【直播间】23040372 的第 21 个心跳包发送成功
[02:33:33 INF] 【直播间】31494 的第 21 个心跳包发送成功
[02:33:34 INF] 【直播间】4015781 的第 21 个心跳包发送成功
[02:33:35 INF] 【直播间】9619073 的第 21 个心跳包发送成功
[02:33:37 INF] 【直播间】407149 的第 21 个心跳包发送成功
[02:33:38 INF] 【直播间】11732699 的第 21 个心跳包发送成功
[02:33:39 INF] 【直播间】91164 的第 21 个心跳包发送成功
[02:33:40 INF] 【直播间】7184632 的第 21 个心跳包发送成功
[02:33:42 INF] 【直播间】23447660 的第 21 个心跳包发送成功
[02:33:43 INF] 【直播间】929670 的第 21 个心跳包发送成功
[02:33:44 INF] 【直播间】22764265 的第 21 个心跳包发送成功
[02:34:37 INF] 【直播间】23357926 的第 22 个心跳包发送成功
[02:34:38 INF] 【直播间】23040372 的第 22 个心跳包发送成功
[02:34:39 INF] 【直播间】31494 的第 22 个心跳包发送成功
[02:34:41 INF] 【直播间】4015781 的第 22 个心跳包发送成功
[02:34:42 INF] 【直播间】9619073 的第 22 个心跳包发送成功
[02:34:43 INF] 【直播间】407149 的第 22 个心跳包发送成功
[02:34:44 INF] 【直播间】11732699 的第 22 个心跳包发送成功
[02:34:46 INF] 【直播间】91164 的第 22 个心跳包发送成功
[02:34:47 INF] 【直播间】7184632 的第 22 个心跳包发送成功
[02:34:48 INF] 【直播间】23447660 的第 22 个心跳包发送成功
[02:34:50 INF] 【直播间】929670 的第 22 个心跳包发送成功
[02:34:51 INF] 【直播间】22764265 的第 22 个心跳包发送成功
[02:35:43 INF] 【直播间】23357926 的第 23 个心跳包发送成功
[02:35:45 INF] 【直播间】23040372 的第 23 个心跳包发送成功
[02:35:46 INF] 【直播间】31494 的第 23 个心跳包发送成功
[02:35:47 INF] 【直播间】4015781 的第 23 个心跳包发送成功
[02:35:49 INF] 【直播间】9619073 的第 23 个心跳包发送成功
[02:35:50 INF] 【直播间】407149 的第 23 个心跳包发送成功
[02:35:51 INF] 【直播间】11732699 的第 23 个心跳包发送成功
[02:35:52 INF] 【直播间】91164 的第 23 个心跳包发送成功
[02:35:54 INF] 【直播间】7184632 的第 23 个心跳包发送成功
[02:35:55 INF] 【直播间】23447660 的第 23 个心跳包发送成功
[02:35:56 INF] 【直播间】929670 的第 23 个心跳包发送成功
[02:35:58 INF] 【直播间】22764265 的第 23 个心跳包发送成功
[02:36:50 INF] 【直播间】23357926 的第 24 个心跳包发送成功
[02:36:52 INF] 【直播间】23040372 的第 24 个心跳包发送成功
[02:36:53 INF] 【直播间】31494 的第 24 个心跳包发送成功
[02:36:54 INF] 【直播间】4015781 的第 24 个心跳包发送成功
[02:36:56 INF] 【直播间】9619073 的第 24 个心跳包发送成功
[02:36:57 INF] 【直播间】407149 的第 24 个心跳包发送成功
[02:36:58 INF] 【直播间】11732699 的第 24 个心跳包发送成功
[02:36:59 INF] 【直播间】91164 的第 24 个心跳包发送成功
[02:37:01 INF] 【直播间】7184632 的第 24 个心跳包发送成功
[02:37:02 INF] 【直播间】23447660 的第 24 个心跳包发送成功
[02:37:03 INF] 【直播间】929670 的第 24 个心跳包发送成功
[02:37:04 INF] 【直播间】22764265 的第 24 个心跳包发送成功
[02:37:57 INF] 【直播间】23357926 的第 25 个心跳包发送成功
[02:37:58 INF] 【直播间】23040372 的第 25 个心跳包发送成功
[02:37:59 INF] 【直播间】31494 的第 25 个心跳包发送成功
[02:38:01 INF] 【直播间】4015781 的第 25 个心跳包发送成功
[02:38:02 INF] 【直播间】9619073 的第 25 个心跳包发送成功
[02:38:03 INF] 【直播间】407149 的第 25 个心跳包发送成功
[02:38:05 INF] 【直播间】11732699 的第 25 个心跳包发送成功
[02:38:06 INF] 【直播间】91164 的第 25 个心跳包发送成功
[02:38:07 INF] 【直播间】7184632 的第 25 个心跳包发送成功
[02:38:08 INF] 【直播间】23447660 的第 25 个心跳包发送成功
[02:38:10 INF] 【直播间】929670 的第 25 个心跳包发送成功
[02:38:11 INF] 【直播间】22764265 的第 25 个心跳包发送成功
[02:39:04 INF] 【直播间】23357926 的第 26 个心跳包发送成功
[02:39:05 INF] 【直播间】23040372 的第 26 个心跳包发送成功
[02:39:06 INF] 【直播间】31494 的第 26 个心跳包发送成功
[02:39:07 INF] 【直播间】4015781 的第 26 个心跳包发送成功
[02:39:09 INF] 【直播间】9619073 的第 26 个心跳包发送成功
[02:39:10 INF] 【直播间】407149 的第 26 个心跳包发送成功
[02:39:11 INF] 【直播间】11732699 的第 26 个心跳包发送成功
[02:39:13 INF] 【直播间】91164 的第 26 个心跳包发送成功
[02:39:14 INF] 【直播间】7184632 的第 26 个心跳包发送成功
[02:39:15 INF] 【直播间】23447660 的第 26 个心跳包发送成功
[02:39:16 INF] 【直播间】929670 的第 26 个心跳包发送成功
[02:39:18 INF] 【直播间】22764265 的第 26 个心跳包发送成功
[02:40:10 INF] 【直播间】23357926 的第 27 个心跳包发送成功
[02:40:12 INF] 【直播间】23040372 的第 27 个心跳包发送成功
[02:40:13 INF] 【直播间】31494 的第 27 个心跳包发送成功
[02:40:14 INF] 【直播间】4015781 的第 27 个心跳包发送成功
[02:40:15 INF] 【直播间】9619073 的第 27 个心跳包发送成功
[02:40:17 INF] 【直播间】407149 的第 27 个心跳包发送成功
[02:40:18 INF] 【直播间】11732699 的第 27 个心跳包发送成功
[02:40:19 INF] 【直播间】91164 的第 27 个心跳包发送成功
[02:40:20 INF] 【直播间】7184632 的第 27 个心跳包发送成功
[02:40:22 INF] 【直播间】23447660 的第 27 个心跳包发送成功
[02:40:23 INF] 【直播间】929670 的第 27 个心跳包发送成功
[02:40:24 INF] 【直播间】22764265 的第 27 个心跳包发送成功
[02:41:17 ERR] 【心跳包】直播间 23357926 发送失败
[02:41:17 ERR] 【原因】time check failed
[02:41:18 ERR] 【心跳包】直播间 23040372 发送失败
[02:41:18 ERR] 【原因】time check failed
[02:41:19 ERR] 【心跳包】直播间 31494 发送失败
[02:41:19 ERR] 【原因】time check failed
[02:41:21 ERR] 【心跳包】直播间 4015781 发送失败
[02:41:21 ERR] 【原因】time check failed
[02:41:22 ERR] 【心跳包】直播间 9619073 发送失败
[02:41:22 ERR] 【原因】time check failed
[02:41:23 ERR] 【心跳包】直播间 407149 发送失败
[02:41:23 ERR] 【原因】time check failed
[02:41:25 ERR] 【心跳包】直播间 11732699 发送失败
[02:41:25 ERR] 【原因】time check failed
[02:41:26 ERR] 【心跳包】直播间 91164 发送失败
[02:41:26 ERR] 【原因】time check failed
[02:41:27 ERR] 【心跳包】直播间 7184632 发送失败
[02:41:27 ERR] 【原因】time check failed
[02:41:28 ERR] 【心跳包】直播间 23447660 发送失败
[02:41:28 ERR] 【原因】time check failed
[02:41:30 ERR] 【心跳包】直播间 929670 发送失败
[02:41:30 ERR] 【原因】time check failed
[02:41:31 ERR] 【心跳包】直播间 22764265 发送失败
[02:41:31 ERR] 【原因】time check failed
[02:42:24 INF] 【直播间】23357926 的第 28 个心跳包发送成功
[02:42:25 INF] 【直播间】23040372 的第 28 个心跳包发送成功
[02:42:26 INF] 【直播间】31494 的第 28 个心跳包发送成功
[02:42:27 INF] 【直播间】4015781 的第 28 个心跳包发送成功
[02:42:29 INF] 【直播间】9619073 的第 28 个心跳包发送成功
[02:42:30 INF] 【直播间】407149 的第 28 个心跳包发送成功
[02:42:31 INF] 【直播间】11732699 的第 28 个心跳包发送成功
[02:42:33 INF] 【直播间】91164 的第 28 个心跳包发送成功
[02:42:34 INF] 【直播间】7184632 的第 28 个心跳包发送成功
[02:42:35 INF] 【直播间】23447660 的第 28 个心跳包发送成功
[02:42:37 INF] 【直播间】929670 的第 28 个心跳包发送成功
[02:42:38 INF] 【直播间】22764265 的第 28 个心跳包发送成功
[02:43:30 INF] 【直播间】23357926 的第 29 个心跳包发送成功
[02:43:31 INF] 【直播间】23040372 的第 29 个心跳包发送成功
[02:43:33 INF] 【直播间】31494 的第 29 个心跳包发送成功
[02:43:34 INF] 【直播间】4015781 的第 29 个心跳包发送成功
[02:43:35 INF] 【直播间】9619073 的第 29 个心跳包发送成功
[02:43:36 INF] 【直播间】407149 的第 29 个心跳包发送成功
[02:43:38 INF] 【直播间】11732699 的第 29 个心跳包发送成功
[02:43:39 INF] 【直播间】91164 的第 29 个心跳包发送成功
[02:43:40 INF] 【直播间】7184632 的第 29 个心跳包发送成功
[02:43:42 INF] 【直播间】23447660 的第 29 个心跳包发送成功
[02:43:43 INF] 【直播间】929670 的第 29 个心跳包发送成功
[02:43:44 INF] 【直播间】22764265 的第 29 个心跳包发送成功
[02:44:37 INF] 【直播间】23357926 的第 30 个心跳包发送成功
[02:44:38 INF] 【直播间】23040372 的第 30 个心跳包发送成功
[02:44:40 INF] 【直播间】31494 的第 30 个心跳包发送成功
[02:44:41 INF] 【直播间】4015781 的第 30 个心跳包发送成功
[02:44:42 INF] 【直播间】9619073 的第 30 个心跳包发送成功
[02:44:43 INF] 【直播间】407149 的第 30 个心跳包发送成功
[02:44:45 INF] 【直播间】11732699 的第 30 个心跳包发送成功
[02:44:46 INF] 【直播间】91164 的第 30 个心跳包发送成功
[02:44:47 INF] 【直播间】7184632 的第 30 个心跳包发送成功
[02:44:48 INF] 【直播间】23447660 的第 30 个心跳包发送成功
[02:44:50 INF] 【直播间】929670 的第 30 个心跳包发送成功
[02:44:51 INF] 【直播间】22764265 的第 30 个心跳包发送成功
[02:45:44 INF] 【直播间】23357926 的第 31 个心跳包发送成功
[02:45:45 INF] 【直播间】23040372 的第 31 个心跳包发送成功
[02:45:46 INF] 【直播间】31494 的第 31 个心跳包发送成功
[02:45:47 INF] 【直播间】4015781 的第 31 个心跳包发送成功
[02:45:49 INF] 【直播间】9619073 的第 31 个心跳包发送成功
[02:45:50 INF] 【直播间】407149 的第 31 个心跳包发送成功
[02:45:51 INF] 【直播间】11732699 的第 31 个心跳包发送成功
[02:45:52 INF] 【直播间】91164 的第 31 个心跳包发送成功
[02:45:54 INF] 【直播间】7184632 的第 31 个心跳包发送成功
[02:45:55 INF] 【直播间】23447660 的第 31 个心跳包发送成功
[02:45:56 INF] 【直播间】929670 的第 31 个心跳包发送成功
[02:45:57 INF] 【直播间】22764265 的第 31 个心跳包发送成功
[02:46:50 INF] 【直播间】23357926 的第 32 个心跳包发送成功
[02:46:52 INF] 【直播间】23040372 的第 32 个心跳包发送成功
[02:46:53 INF] 【直播间】31494 的第 32 个心跳包发送成功
[02:46:54 INF] 【直播间】4015781 的第 32 个心跳包发送成功
[02:46:55 INF] 【直播间】9619073 的第 32 个心跳包发送成功
[02:46:57 INF] 【直播间】407149 的第 32 个心跳包发送成功
[02:46:58 INF] 【直播间】11732699 的第 32 个心跳包发送成功
[02:46:59 INF] 【直播间】91164 的第 32 个心跳包发送成功
[02:47:00 INF] 【直播间】7184632 的第 32 个心跳包发送成功
[02:47:02 INF] 【直播间】23447660 的第 32 个心跳包发送成功
[02:47:03 INF] 【直播间】929670 的第 32 个心跳包发送成功
[02:47:04 INF] 【直播间】22764265 的第 32 个心跳包发送成功
[02:47:57 INF] 【直播间】23357926 的第 33 个心跳包发送成功
[02:47:58 INF] 【直播间】23040372 的第 33 个心跳包发送成功
[02:47:59 INF] 【直播间】31494 的第 33 个心跳包发送成功
[02:48:01 INF] 【直播间】4015781 的第 33 个心跳包发送成功
[02:48:02 INF] 【直播间】9619073 的第 33 个心跳包发送成功
[02:48:03 INF] 【直播间】407149 的第 33 个心跳包发送成功
[02:48:05 INF] 【直播间】11732699 的第 33 个心跳包发送成功
[02:48:06 INF] 【直播间】91164 的第 33 个心跳包发送成功
[02:48:07 INF] 【直播间】7184632 的第 33 个心跳包发送成功
[02:48:08 INF] 【直播间】23447660 的第 33 个心跳包发送成功
[02:48:10 INF] 【直播间】929670 的第 33 个心跳包发送成功
[02:48:11 INF] 【直播间】22764265 的第 33 个心跳包发送成功
[02:49:03 INF] 【直播间】23357926 的第 34 个心跳包发送成功
[02:49:05 INF] 【直播间】23040372 的第 34 个心跳包发送成功
[02:49:06 INF] 【直播间】31494 的第 34 个心跳包发送成功
[02:49:07 INF] 【直播间】4015781 的第 34 个心跳包发送成功
[02:49:08 INF] 【直播间】9619073 的第 34 个心跳包发送成功
[02:49:10 INF] 【直播间】407149 的第 34 个心跳包发送成功
[02:49:11 INF] 【直播间】11732699 的第 34 个心跳包发送成功
[02:49:12 INF] 【直播间】91164 的第 34 个心跳包发送成功
[02:49:14 INF] 【直播间】7184632 的第 34 个心跳包发送成功
[02:49:15 INF] 【直播间】23447660 的第 34 个心跳包发送成功
[02:49:16 INF] 【直播间】929670 的第 34 个心跳包发送成功
[02:49:18 INF] 【直播间】22764265 的第 34 个心跳包发送成功
[02:50:10 INF] 【直播间】23357926 的第 35 个心跳包发送成功
[02:50:12 INF] 【直播间】23040372 的第 35 个心跳包发送成功
[02:50:13 INF] 【直播间】31494 的第 35 个心跳包发送成功
[02:50:14 INF] 【直播间】4015781 的第 35 个心跳包发送成功
[02:50:15 INF] 【直播间】9619073 的第 35 个心跳包发送成功
[02:50:17 INF] 【直播间】407149 的第 35 个心跳包发送成功
[02:50:18 INF] 【直播间】11732699 的第 35 个心跳包发送成功
[02:50:19 INF] 【直播间】91164 的第 35 个心跳包发送成功
[02:50:20 INF] 【直播间】7184632 的第 35 个心跳包发送成功
[02:50:22 INF] 【直播间】23447660 的第 35 个心跳包发送成功
[02:50:23 INF] 【直播间】929670 的第 35 个心跳包发送成功
[02:50:24 INF] 【直播间】22764265 的第 35 个心跳包发送成功
[02:51:17 INF] 【直播间】23357926 的第 36 个心跳包发送成功
[02:51:18 INF] 【直播间】23040372 的第 36 个心跳包发送成功
[02:51:20 INF] 【直播间】31494 的第 36 个心跳包发送成功
[02:51:21 INF] 【直播间】4015781 的第 36 个心跳包发送成功
[02:51:22 INF] 【直播间】9619073 的第 36 个心跳包发送成功
[02:51:24 INF] 【直播间】407149 的第 36 个心跳包发送成功
[02:51:25 INF] 【直播间】11732699 的第 36 个心跳包发送成功
[02:51:26 INF] 【直播间】91164 的第 36 个心跳包发送成功
[02:51:27 INF] 【直播间】7184632 的第 36 个心跳包发送成功
[02:51:29 INF] 【直播间】23447660 的第 36 个心跳包发送成功
[02:51:30 INF] 【直播间】929670 的第 36 个心跳包发送成功
[02:51:31 INF] 【直播间】22764265 的第 36 个心跳包发送成功
[02:52:23 INF] 【直播间】23357926 的第 37 个心跳包发送成功
[02:52:25 INF] 【直播间】23040372 的第 37 个心跳包发送成功
[02:52:26 INF] 【直播间】31494 的第 37 个心跳包发送成功
[02:52:27 INF] 【直播间】4015781 的第 37 个心跳包发送成功
[02:52:28 INF] 【直播间】9619073 的第 37 个心跳包发送成功
[02:52:30 INF] 【直播间】407149 的第 37 个心跳包发送成功
[02:52:31 INF] 【直播间】11732699 的第 37 个心跳包发送成功
[02:52:32 INF] 【直播间】91164 的第 37 个心跳包发送成功
[02:52:34 INF] 【直播间】7184632 的第 37 个心跳包发送成功
[02:52:35 INF] 【直播间】23447660 的第 37 个心跳包发送成功
[02:52:36 INF] 【直播间】929670 的第 37 个心跳包发送成功
[02:52:38 INF] 【直播间】22764265 的第 37 个心跳包发送成功
[02:53:30 INF] 【直播间】23357926 的第 38 个心跳包发送成功
[02:53:31 INF] 【直播间】23040372 的第 38 个心跳包发送成功
[02:53:32 INF] 【直播间】31494 的第 38 个心跳包发送成功
[02:53:34 INF] 【直播间】4015781 的第 38 个心跳包发送成功
[02:53:35 INF] 【直播间】9619073 的第 38 个心跳包发送成功
[02:53:36 INF] 【直播间】407149 的第 38 个心跳包发送成功
[02:53:37 INF] 【直播间】11732699 的第 38 个心跳包发送成功
[02:53:39 INF] 【直播间】91164 的第 38 个心跳包发送成功
[02:53:40 INF] 【直播间】7184632 的第 38 个心跳包发送成功
[02:53:41 INF] 【直播间】23447660 的第 38 个心跳包发送成功
[02:53:43 INF] 【直播间】929670 的第 38 个心跳包发送成功
[02:53:44 INF] 【直播间】22764265 的第 38 个心跳包发送成功
[02:54:37 INF] 【直播间】23357926 的第 39 个心跳包发送成功
[02:54:38 INF] 【直播间】23040372 的第 39 个心跳包发送成功
[02:54:39 INF] 【直播间】31494 的第 39 个心跳包发送成功
[02:54:40 INF] 【直播间】4015781 的第 39 个心跳包发送成功
[02:54:42 INF] 【直播间】9619073 的第 39 个心跳包发送成功
[02:54:43 INF] 【直播间】407149 的第 39 个心跳包发送成功
[02:54:45 INF] 【直播间】11732699 的第 39 个心跳包发送成功
[02:54:46 INF] 【直播间】91164 的第 39 个心跳包发送成功
[02:54:47 INF] 【直播间】7184632 的第 39 个心跳包发送成功
[02:54:48 INF] 【直播间】23447660 的第 39 个心跳包发送成功
[02:54:50 INF] 【直播间】929670 的第 39 个心跳包发送成功
[02:54:51 INF] 【直播间】22764265 的第 39 个心跳包发送成功
[02:55:44 INF] 【直播间】23357926 的第 40 个心跳包发送成功
[02:55:45 INF] 【直播间】23040372 的第 40 个心跳包发送成功
[02:55:46 INF] 【直播间】31494 的第 40 个心跳包发送成功
[02:55:47 INF] 【直播间】4015781 的第 40 个心跳包发送成功
[02:55:49 INF] 【直播间】9619073 的第 40 个心跳包发送成功
[02:55:50 INF] 【直播间】407149 的第 40 个心跳包发送成功
[02:55:51 INF] 【直播间】11732699 的第 40 个心跳包发送成功
[02:55:53 INF] 【直播间】91164 的第 40 个心跳包发送成功
[02:55:54 INF] 【直播间】7184632 的第 40 个心跳包发送成功
[02:55:55 INF] 【直播间】23447660 的第 40 个心跳包发送成功
[02:55:56 INF] 【直播间】929670 的第 40 个心跳包发送成功
[02:55:58 INF] 【直播间】22764265 的第 40 个心跳包发送成功
[02:56:50 ERR] 【心跳包】直播间 23357926 发送失败
[02:56:50 ERR] 【原因】time check failed
[02:56:51 ERR] 【心跳包】直播间 23040372 发送失败
[02:56:51 ERR] 【原因】time check failed
[02:56:53 ERR] 【心跳包】直播间 31494 发送失败
[02:56:53 ERR] 【原因】time check failed
[02:56:54 ERR] 【心跳包】直播间 4015781 发送失败
[02:56:54 ERR] 【原因】time check failed
[02:56:55 ERR] 【心跳包】直播间 9619073 发送失败
[02:56:55 ERR] 【原因】time check failed
[02:56:56 ERR] 【心跳包】直播间 407149 发送失败
[02:56:56 ERR] 【原因】time check failed
[02:56:58 ERR] 【心跳包】直播间 11732699 发送失败
[02:56:58 ERR] 【原因】time check failed
[02:56:59 ERR] 【心跳包】直播间 91164 发送失败
[02:56:59 ERR] 【原因】time check failed
[02:57:00 ERR] 【心跳包】直播间 7184632 发送失败
[02:57:00 ERR] 【原因】time check failed
[02:57:02 ERR] 【心跳包】直播间 23447660 发送失败
[02:57:02 ERR] 【原因】time check failed
[02:57:03 ERR] 【心跳包】直播间 929670 发送失败
[02:57:03 ERR] 【原因】time check failed
[02:57:04 ERR] 【心跳包】直播间 22764265 发送失败
[02:57:04 ERR] 【原因】time check failed
[02:57:57 INF] 【直播间】23357926 的第 41 个心跳包发送成功
[02:57:58 INF] 【直播间】23040372 的第 41 个心跳包发送成功
[02:57:59 INF] 【直播间】31494 的第 41 个心跳包发送成功
[02:58:01 INF] 【直播间】4015781 的第 41 个心跳包发送成功
[02:58:02 INF] 【直播间】9619073 的第 41 个心跳包发送成功
[02:58:03 INF] 【直播间】407149 的第 41 个心跳包发送成功
[02:58:05 INF] 【直播间】11732699 的第 41 个心跳包发送成功
[02:58:06 INF] 【直播间】91164 的第 41 个心跳包发送成功
[02:58:08 INF] 【直播间】7184632 的第 41 个心跳包发送成功
[02:58:09 INF] 【直播间】23447660 的第 41 个心跳包发送成功
[02:58:10 INF] 【直播间】929670 的第 41 个心跳包发送成功
[02:58:11 INF] 【直播间】22764265 的第 41 个心跳包发送成功
[02:59:03 INF] 【直播间】23357926 的第 42 个心跳包发送成功
[02:59:05 INF] 【直播间】23040372 的第 42 个心跳包发送成功
[02:59:06 INF] 【直播间】31494 的第 42 个心跳包发送成功
[02:59:07 INF] 【直播间】4015781 的第 42 个心跳包发送成功
[02:59:09 INF] 【直播间】9619073 的第 42 个心跳包发送成功
[02:59:10 INF] 【直播间】407149 的第 42 个心跳包发送成功
[02:59:11 INF] 【直播间】11732699 的第 42 个心跳包发送成功
[02:59:13 INF] 【直播间】91164 的第 42 个心跳包发送成功
[02:59:14 INF] 【直播间】7184632 的第 42 个心跳包发送成功
[02:59:15 INF] 【直播间】23447660 的第 42 个心跳包发送成功
[02:59:16 INF] 【直播间】929670 的第 42 个心跳包发送成功
[02:59:18 INF] 【直播间】22764265 的第 42 个心跳包发送成功
[03:00:10 INF] 【直播间】23357926 的第 43 个心跳包发送成功
[03:00:11 INF] 【直播间】23040372 的第 43 个心跳包发送成功
[03:00:12 INF] 【直播间】31494 的第 43 个心跳包发送成功
[03:00:14 INF] 【直播间】4015781 的第 43 个心跳包发送成功
[03:00:15 INF] 【直播间】9619073 的第 43 个心跳包发送成功
[03:00:16 INF] 【直播间】407149 的第 43 个心跳包发送成功
[03:00:17 INF] 【直播间】11732699 的第 43 个心跳包发送成功
[03:00:19 INF] 【直播间】91164 的第 43 个心跳包发送成功
[03:00:20 INF] 【直播间】7184632 的第 43 个心跳包发送成功
[03:00:21 INF] 【直播间】23447660 的第 43 个心跳包发送成功
[03:00:23 INF] 【直播间】929670 的第 43 个心跳包发送成功
[03:00:24 INF] 【直播间】22764265 的第 43 个心跳包发送成功
[03:01:17 INF] 【直播间】23357926 的第 44 个心跳包发送成功
[03:01:18 INF] 【直播间】23040372 的第 44 个心跳包发送成功
[03:01:19 INF] 【直播间】31494 的第 44 个心跳包发送成功
[03:01:21 INF] 【直播间】4015781 的第 44 个心跳包发送成功
[03:01:22 INF] 【直播间】9619073 的第 44 个心跳包发送成功
[03:01:23 INF] 【直播间】407149 的第 44 个心跳包发送成功
[03:01:24 INF] 【直播间】11732699 的第 44 个心跳包发送成功
[03:01:26 INF] 【直播间】91164 的第 44 个心跳包发送成功
[03:01:27 INF] 【直播间】7184632 的第 44 个心跳包发送成功
[03:01:28 INF] 【直播间】23447660 的第 44 个心跳包发送成功
[03:01:30 INF] 【直播间】929670 的第 44 个心跳包发送成功
[03:01:31 INF] 【直播间】22764265 的第 44 个心跳包发送成功
[03:02:23 INF] 【直播间】23357926 的第 45 个心跳包发送成功
[03:02:25 INF] 【直播间】23040372 的第 45 个心跳包发送成功
[03:02:26 INF] 【直播间】31494 的第 45 个心跳包发送成功
[03:02:27 INF] 【直播间】4015781 的第 45 个心跳包发送成功
[03:02:28 INF] 【直播间】9619073 的第 45 个心跳包发送成功
[03:02:30 INF] 【直播间】407149 的第 45 个心跳包发送成功
[03:02:31 INF] 【直播间】11732699 的第 45 个心跳包发送成功
[03:02:32 INF] 【直播间】91164 的第 45 个心跳包发送成功
[03:02:33 INF] 【直播间】7184632 的第 45 个心跳包发送成功
[03:02:35 INF] 【直播间】23447660 的第 45 个心跳包发送成功
[03:02:36 INF] 【直播间】929670 的第 45 个心跳包发送成功
[03:02:37 INF] 【直播间】22764265 的第 45 个心跳包发送成功
[03:03:30 INF] 【直播间】23357926 的第 46 个心跳包发送成功
[03:03:31 INF] 【直播间】23040372 的第 46 个心跳包发送成功
[03:03:32 INF] 【直播间】31494 的第 46 个心跳包发送成功
[03:03:34 INF] 【直播间】4015781 的第 46 个心跳包发送成功
[03:03:35 INF] 【直播间】9619073 的第 46 个心跳包发送成功
[03:03:36 INF] 【直播间】407149 的第 46 个心跳包发送成功
[03:03:38 INF] 【直播间】11732699 的第 46 个心跳包发送成功
[03:03:39 INF] 【直播间】91164 的第 46 个心跳包发送成功
[03:03:40 INF] 【直播间】7184632 的第 46 个心跳包发送成功
[03:03:41 INF] 【直播间】23447660 的第 46 个心跳包发送成功
[03:03:43 INF] 【直播间】929670 的第 46 个心跳包发送成功
[03:03:44 INF] 【直播间】22764265 的第 46 个心跳包发送成功
[03:04:36 INF] 【直播间】23357926 的第 47 个心跳包发送成功
[03:04:38 INF] 【直播间】23040372 的第 47 个心跳包发送成功
[03:04:39 INF] 【直播间】31494 的第 47 个心跳包发送成功
[03:04:40 INF] 【直播间】4015781 的第 47 个心跳包发送成功
[03:04:42 INF] 【直播间】9619073 的第 47 个心跳包发送成功
[03:04:43 INF] 【直播间】407149 的第 47 个心跳包发送成功
[03:04:44 INF] 【直播间】11732699 的第 47 个心跳包发送成功
[03:04:45 INF] 【直播间】91164 的第 47 个心跳包发送成功
[03:04:47 INF] 【直播间】7184632 的第 47 个心跳包发送成功
[03:04:48 INF] 【直播间】23447660 的第 47 个心跳包发送成功
[03:04:49 INF] 【直播间】929670 的第 47 个心跳包发送成功
[03:04:50 INF] 【直播间】22764265 的第 47 个心跳包发送成功
[03:05:43 INF] 【直播间】23357926 的第 48 个心跳包发送成功
[03:05:44 INF] 【直播间】23040372 的第 48 个心跳包发送成功
[03:05:46 INF] 【直播间】31494 的第 48 个心跳包发送成功
[03:05:47 INF] 【直播间】4015781 的第 48 个心跳包发送成功
[03:05:48 INF] 【直播间】9619073 的第 48 个心跳包发送成功
[03:05:49 INF] 【直播间】407149 的第 48 个心跳包发送成功
[03:05:51 INF] 【直播间】11732699 的第 48 个心跳包发送成功
[03:05:52 INF] 【直播间】91164 的第 48 个心跳包发送成功
[03:05:53 INF] 【直播间】7184632 的第 48 个心跳包发送成功
[03:05:55 INF] 【直播间】23447660 的第 48 个心跳包发送成功
[03:05:56 INF] 【直播间】929670 的第 48 个心跳包发送成功
[03:05:57 INF] 【直播间】22764265 的第 48 个心跳包发送成功
[03:06:50 INF] 【直播间】23357926 的第 49 个心跳包发送成功
[03:06:51 INF] 【直播间】23040372 的第 49 个心跳包发送成功
[03:06:53 INF] 【直播间】31494 的第 49 个心跳包发送成功
[03:06:54 INF] 【直播间】4015781 的第 49 个心跳包发送成功
[03:06:55 INF] 【直播间】9619073 的第 49 个心跳包发送成功
[03:06:56 INF] 【直播间】407149 的第 49 个心跳包发送成功
[03:06:58 INF] 【直播间】11732699 的第 49 个心跳包发送成功
[03:06:59 INF] 【直播间】91164 的第 49 个心跳包发送成功
[03:07:00 INF] 【直播间】7184632 的第 49 个心跳包发送成功
[03:07:02 INF] 【直播间】23447660 的第 49 个心跳包发送成功
[03:07:03 INF] 【直播间】929670 的第 49 个心跳包发送成功
[03:07:04 INF] 【直播间】22764265 的第 49 个心跳包发送成功
[03:07:56 INF] 【直播间】23357926 的第 50 个心跳包发送成功
[03:07:58 INF] 【直播间】23040372 的第 50 个心跳包发送成功
[03:07:59 INF] 【直播间】31494 的第 50 个心跳包发送成功
[03:08:00 INF] 【直播间】4015781 的第 50 个心跳包发送成功
[03:08:02 INF] 【直播间】9619073 的第 50 个心跳包发送成功
[03:08:03 INF] 【直播间】407149 的第 50 个心跳包发送成功
[03:08:04 INF] 【直播间】11732699 的第 50 个心跳包发送成功
[03:08:05 INF] 【直播间】91164 的第 50 个心跳包发送成功
[03:08:07 INF] 【直播间】7184632 的第 50 个心跳包发送成功
[03:08:08 INF] 【直播间】23447660 的第 50 个心跳包发送成功
[03:08:09 INF] 【直播间】929670 的第 50 个心跳包发送成功
[03:08:11 INF] 【直播间】22764265 的第 50 个心跳包发送成功
[03:09:03 INF] 【直播间】23357926 的第 51 个心跳包发送成功
[03:09:04 INF] 【直播间】23040372 的第 51 个心跳包发送成功
[03:09:06 INF] 【直播间】31494 的第 51 个心跳包发送成功
[03:09:07 INF] 【直播间】4015781 的第 51 个心跳包发送成功
[03:09:08 INF] 【直播间】9619073 的第 51 个心跳包发送成功
[03:09:09 INF] 【直播间】407149 的第 51 个心跳包发送成功
[03:09:11 INF] 【直播间】11732699 的第 51 个心跳包发送成功
[03:09:12 INF] 【直播间】91164 的第 51 个心跳包发送成功
[03:09:13 INF] 【直播间】7184632 的第 51 个心跳包发送成功
[03:09:14 INF] 【直播间】23447660 的第 51 个心跳包发送成功
[03:09:16 INF] 【直播间】929670 的第 51 个心跳包发送成功
[03:09:17 INF] 【直播间】22764265 的第 51 个心跳包发送成功
[03:10:09 INF] 【直播间】23357926 的第 52 个心跳包发送成功
[03:10:11 INF] 【直播间】23040372 的第 52 个心跳包发送成功
[03:10:12 INF] 【直播间】31494 的第 52 个心跳包发送成功
[03:10:13 INF] 【直播间】4015781 的第 52 个心跳包发送成功
[03:10:15 INF] 【直播间】9619073 的第 52 个心跳包发送成功
[03:10:16 INF] 【直播间】407149 的第 52 个心跳包发送成功
[03:10:17 INF] 【直播间】11732699 的第 52 个心跳包发送成功
[03:10:18 INF] 【直播间】91164 的第 52 个心跳包发送成功
[03:10:20 INF] 【直播间】7184632 的第 52 个心跳包发送成功
[03:10:21 INF] 【直播间】23447660 的第 52 个心跳包发送成功
[03:10:22 INF] 【直播间】929670 的第 52 个心跳包发送成功
[03:10:23 INF] 【直播间】22764265 的第 52 个心跳包发送成功
[03:11:16 INF] 【直播间】23357926 的第 53 个心跳包发送成功
[03:11:17 INF] 【直播间】23040372 的第 53 个心跳包发送成功
[03:11:18 INF] 【直播间】31494 的第 53 个心跳包发送成功
[03:11:20 INF] 【直播间】4015781 的第 53 个心跳包发送成功
[03:11:21 INF] 【直播间】9619073 的第 53 个心跳包发送成功
[03:11:22 INF] 【直播间】407149 的第 53 个心跳包发送成功
[03:11:24 INF] 【直播间】11732699 的第 53 个心跳包发送成功
[03:11:25 INF] 【直播间】91164 的第 53 个心跳包发送成功
[03:11:26 INF] 【直播间】7184632 的第 53 个心跳包发送成功
[03:11:27 INF] 【直播间】23447660 的第 53 个心跳包发送成功
[03:11:29 INF] 【直播间】929670 的第 53 个心跳包发送成功
[03:11:30 INF] 【直播间】22764265 的第 53 个心跳包发送成功
[03:12:23 ERR] 【心跳包】直播间 23357926 发送失败
[03:12:23 ERR] 【原因】time check failed
[03:12:24 ERR] 【心跳包】直播间 23040372 发送失败
[03:12:24 ERR] 【原因】time check failed
[03:12:25 ERR] 【心跳包】直播间 31494 发送失败
[03:12:25 ERR] 【原因】time check failed
[03:12:27 ERR] 【心跳包】直播间 4015781 发送失败
[03:12:27 ERR] 【原因】time check failed
[03:12:28 ERR] 【心跳包】直播间 9619073 发送失败
[03:12:28 ERR] 【原因】time check failed
[03:12:29 ERR] 【心跳包】直播间 407149 发送失败
[03:12:29 ERR] 【原因】time check failed
[03:12:30 ERR] 【心跳包】直播间 11732699 发送失败
[03:12:30 ERR] 【原因】time check failed
[03:12:32 ERR] 【心跳包】直播间 91164 发送失败
[03:12:32 ERR] 【原因】time check failed
[03:12:33 ERR] 【心跳包】直播间 7184632 发送失败
[03:12:33 ERR] 【原因】time check failed
[03:12:34 ERR] 【心跳包】直播间 23447660 发送失败
[03:12:34 ERR] 【原因】time check failed
[03:12:36 ERR] 【心跳包】直播间 929670 发送失败
[03:12:36 ERR] 【原因】time check failed
[03:12:37 ERR] 【心跳包】直播间 22764265 发送失败
[03:12:37 ERR] 【原因】time check failed
[03:13:29 INF] 【直播间】23357926 的第 54 个心跳包发送成功
[03:13:31 INF] 【直播间】23040372 的第 54 个心跳包发送成功
[03:13:32 INF] 【直播间】31494 的第 54 个心跳包发送成功
[03:13:33 INF] 【直播间】4015781 的第 54 个心跳包发送成功
[03:13:34 INF] 【直播间】9619073 的第 54 个心跳包发送成功
[03:13:36 INF] 【直播间】407149 的第 54 个心跳包发送成功
[03:13:37 INF] 【直播间】11732699 的第 54 个心跳包发送成功
[03:13:38 INF] 【直播间】91164 的第 54 个心跳包发送成功
[03:13:40 INF] 【直播间】7184632 的第 54 个心跳包发送成功
[03:13:41 INF] 【直播间】23447660 的第 54 个心跳包发送成功
[03:13:42 INF] 【直播间】929670 的第 54 个心跳包发送成功
[03:13:43 INF] 【直播间】22764265 的第 54 个心跳包发送成功
[03:14:36 INF] 【直播间】23357926 的第 55 个心跳包发送成功
[03:14:37 INF] 【直播间】23040372 的第 55 个心跳包发送成功
[03:14:39 INF] 【直播间】31494 的第 55 个心跳包发送成功
[03:14:40 INF] 【直播间】4015781 的第 55 个心跳包发送成功
[03:14:41 INF] 【直播间】9619073 的第 55 个心跳包发送成功
[03:14:42 INF] 【直播间】407149 的第 55 个心跳包发送成功
[03:14:44 INF] 【直播间】11732699 的第 55 个心跳包发送成功
[03:14:45 INF] 【直播间】91164 的第 55 个心跳包发送成功
[03:14:46 INF] 【直播间】7184632 的第 55 个心跳包发送成功
[03:14:47 INF] 【直播间】23447660 的第 55 个心跳包发送成功
[03:14:49 INF] 【直播间】929670 的第 55 个心跳包发送成功
[03:14:50 INF] 【直播间】22764265 的第 55 个心跳包发送成功
[03:15:42 INF] 【直播间】23357926 的第 56 个心跳包发送成功
[03:15:44 INF] 【直播间】23040372 的第 56 个心跳包发送成功
[03:15:45 INF] 【直播间】31494 的第 56 个心跳包发送成功
[03:15:46 INF] 【直播间】4015781 的第 56 个心跳包发送成功
[03:15:47 INF] 【直播间】9619073 的第 56 个心跳包发送成功
[03:15:49 INF] 【直播间】407149 的第 56 个心跳包发送成功
[03:15:50 INF] 【直播间】11732699 的第 56 个心跳包发送成功
[03:15:51 INF] 【直播间】91164 的第 56 个心跳包发送成功
[03:15:53 INF] 【直播间】7184632 的第 56 个心跳包发送成功
[03:15:54 INF] 【直播间】23447660 的第 56 个心跳包发送成功
[03:15:55 INF] 【直播间】929670 的第 56 个心跳包发送成功
[03:15:56 INF] 【直播间】22764265 的第 56 个心跳包发送成功
[03:16:49 INF] 【直播间】23357926 的第 57 个心跳包发送成功
[03:16:50 INF] 【直播间】23040372 的第 57 个心跳包发送成功
[03:16:52 INF] 【直播间】31494 的第 57 个心跳包发送成功
[03:16:53 INF] 【直播间】4015781 的第 57 个心跳包发送成功
[03:16:54 INF] 【直播间】9619073 的第 57 个心跳包发送成功
[03:16:55 INF] 【直播间】407149 的第 57 个心跳包发送成功
[03:16:57 INF] 【直播间】11732699 的第 57 个心跳包发送成功
[03:16:58 INF] 【直播间】91164 的第 57 个心跳包发送成功
[03:16:59 INF] 【直播间】7184632 的第 57 个心跳包发送成功
[03:17:01 INF] 【直播间】23447660 的第 57 个心跳包发送成功
[03:17:02 INF] 【直播间】929670 的第 57 个心跳包发送成功
[03:17:03 INF] 【直播间】22764265 的第 57 个心跳包发送成功
[03:17:56 INF] 【直播间】23357926 的第 58 个心跳包发送成功
[03:17:57 INF] 【直播间】23040372 的第 58 个心跳包发送成功
[03:17:58 INF] 【直播间】31494 的第 58 个心跳包发送成功
[03:18:00 INF] 【直播间】4015781 的第 58 个心跳包发送成功
[03:18:01 INF] 【直播间】9619073 的第 58 个心跳包发送成功
[03:18:02 INF] 【直播间】407149 的第 58 个心跳包发送成功
[03:18:03 INF] 【直播间】11732699 的第 58 个心跳包发送成功
[03:18:05 INF] 【直播间】91164 的第 58 个心跳包发送成功
[03:18:06 INF] 【直播间】7184632 的第 58 个心跳包发送成功
[03:18:07 INF] 【直播间】23447660 的第 58 个心跳包发送成功
[03:18:09 INF] 【直播间】929670 的第 58 个心跳包发送成功
[03:18:10 INF] 【直播间】22764265 的第 58 个心跳包发送成功
[03:19:03 INF] 【直播间】23357926 的第 59 个心跳包发送成功
[03:19:04 INF] 【直播间】23040372 的第 59 个心跳包发送成功
[03:19:05 INF] 【直播间】31494 的第 59 个心跳包发送成功
[03:19:06 INF] 【直播间】4015781 的第 59 个心跳包发送成功
[03:19:08 INF] 【直播间】9619073 的第 59 个心跳包发送成功
[03:19:09 INF] 【直播间】407149 的第 59 个心跳包发送成功
[03:19:10 INF] 【直播间】11732699 的第 59 个心跳包发送成功
[03:19:12 INF] 【直播间】91164 的第 59 个心跳包发送成功
[03:19:13 INF] 【直播间】7184632 的第 59 个心跳包发送成功
[03:19:14 INF] 【直播间】23447660 的第 59 个心跳包发送成功
[03:19:16 INF] 【直播间】929670 的第 59 个心跳包发送成功
[03:19:17 INF] 【直播间】22764265 的第 59 个心跳包发送成功
[03:20:09 INF] 【直播间】23357926 的第 60 个心跳包发送成功
[03:20:10 INF] 【直播间】23040372 的第 60 个心跳包发送成功
[03:20:12 INF] 【直播间】31494 的第 60 个心跳包发送成功
[03:20:13 INF] 【直播间】4015781 的第 60 个心跳包发送成功
[03:20:14 INF] 【直播间】9619073 的第 60 个心跳包发送成功
[03:20:15 INF] 【直播间】407149 的第 60 个心跳包发送成功
[03:20:17 INF] 【直播间】11732699 的第 60 个心跳包发送成功
[03:20:18 INF] 【直播间】91164 的第 60 个心跳包发送成功
[03:20:19 INF] 【直播间】7184632 的第 60 个心跳包发送成功
[03:20:21 INF] 【直播间】23447660 的第 60 个心跳包发送成功
[03:20:22 INF] 【直播间】929670 的第 60 个心跳包发送成功
[03:20:23 INF] 【直播间】22764265 的第 60 个心跳包发送成功
[03:21:16 INF] 【直播间】23357926 的第 61 个心跳包发送成功
[03:21:17 INF] 【直播间】23040372 的第 61 个心跳包发送成功
[03:21:18 INF] 【直播间】31494 的第 61 个心跳包发送成功
[03:21:19 INF] 【直播间】4015781 的第 61 个心跳包发送成功
[03:21:21 INF] 【直播间】9619073 的第 61 个心跳包发送成功
[03:21:22 INF] 【直播间】407149 的第 61 个心跳包发送成功
[03:21:23 INF] 【直播间】11732699 的第 61 个心跳包发送成功
[03:21:24 INF] 【直播间】91164 的第 61 个心跳包发送成功
[03:21:26 INF] 【直播间】7184632 的第 61 个心跳包发送成功
[03:21:27 INF] 【直播间】23447660 的第 61 个心跳包发送成功
[03:21:28 INF] 【直播间】929670 的第 61 个心跳包发送成功
[03:21:29 INF] 【直播间】22764265 的第 61 个心跳包发送成功
[03:22:22 INF] 【直播间】23357926 的第 62 个心跳包发送成功
[03:22:24 INF] 【直播间】23040372 的第 62 个心跳包发送成功
[03:22:25 INF] 【直播间】31494 的第 62 个心跳包发送成功
[03:22:26 INF] 【直播间】4015781 的第 62 个心跳包发送成功
[03:22:27 INF] 【直播间】9619073 的第 62 个心跳包发送成功
[03:22:29 INF] 【直播间】407149 的第 62 个心跳包发送成功
[03:22:30 INF] 【直播间】11732699 的第 62 个心跳包发送成功
[03:22:31 INF] 【直播间】91164 的第 62 个心跳包发送成功
[03:22:32 INF] 【直播间】7184632 的第 62 个心跳包发送成功
[03:22:34 INF] 【直播间】23447660 的第 62 个心跳包发送成功
[03:22:35 INF] 【直播间】929670 的第 62 个心跳包发送成功
[03:22:36 INF] 【直播间】22764265 的第 62 个心跳包发送成功
[03:23:29 INF] 【直播间】23357926 的第 63 个心跳包发送成功
[03:23:30 INF] 【直播间】23040372 的第 63 个心跳包发送成功
[03:23:31 INF] 【直播间】31494 的第 63 个心跳包发送成功
[03:23:33 INF] 【直播间】4015781 的第 63 个心跳包发送成功
[03:23:34 INF] 【直播间】9619073 的第 63 个心跳包发送成功
[03:23:35 INF] 【直播间】407149 的第 63 个心跳包发送成功
[03:23:36 INF] 【直播间】11732699 的第 63 个心跳包发送成功
[03:23:38 INF] 【直播间】91164 的第 63 个心跳包发送成功
[03:23:39 INF] 【直播间】7184632 的第 63 个心跳包发送成功
[03:23:40 INF] 【直播间】23447660 的第 63 个心跳包发送成功
[03:23:41 INF] 【直播间】929670 的第 63 个心跳包发送成功
[03:23:43 INF] 【直播间】22764265 的第 63 个心跳包发送成功
[03:24:36 INF] 【直播间】23357926 的第 64 个心跳包发送成功
[03:24:37 INF] 【直播间】23040372 的第 64 个心跳包发送成功
[03:24:38 INF] 【直播间】31494 的第 64 个心跳包发送成功
[03:24:39 INF] 【直播间】4015781 的第 64 个心跳包发送成功
[03:24:41 INF] 【直播间】9619073 的第 64 个心跳包发送成功
[03:24:42 INF] 【直播间】407149 的第 64 个心跳包发送成功
[03:24:43 INF] 【直播间】11732699 的第 64 个心跳包发送成功
[03:24:44 INF] 【直播间】91164 的第 64 个心跳包发送成功
[03:24:46 INF] 【直播间】7184632 的第 64 个心跳包发送成功
[03:24:47 INF] 【直播间】23447660 的第 64 个心跳包发送成功
[03:24:48 INF] 【直播间】929670 的第 64 个心跳包发送成功
[03:24:50 INF] 【直播间】22764265 的第 64 个心跳包发送成功
[03:25:42 INF] 【直播间】23357926 的第 65 个心跳包发送成功
[03:25:43 INF] 【直播间】23040372 的第 65 个心跳包发送成功
[03:25:45 INF] 【直播间】31494 的第 65 个心跳包发送成功
[03:25:46 INF] 【直播间】4015781 的第 65 个心跳包发送成功
[03:25:47 INF] 【直播间】9619073 的第 65 个心跳包发送成功
[03:25:48 INF] 【直播间】407149 的第 65 个心跳包发送成功
[03:25:50 INF] 【直播间】11732699 的第 65 个心跳包发送成功
[03:25:51 INF] 【直播间】91164 的第 65 个心跳包发送成功
[03:25:52 INF] 【直播间】7184632 的第 65 个心跳包发送成功
[03:25:54 INF] 【直播间】23447660 的第 65 个心跳包发送成功
[03:25:55 INF] 【直播间】929670 的第 65 个心跳包发送成功
[03:25:56 INF] 【直播间】22764265 的第 65 个心跳包发送成功
[03:26:49 INF] 【直播间】23357926 的第 66 个心跳包发送成功
[03:26:50 INF] 【直播间】23040372 的第 66 个心跳包发送成功
[03:26:51 INF] 【直播间】31494 的第 66 个心跳包发送成功
[03:26:53 INF] 【直播间】4015781 的第 66 个心跳包发送成功
[03:26:54 INF] 【直播间】9619073 的第 66 个心跳包发送成功
[03:26:55 INF] 【直播间】407149 的第 66 个心跳包发送成功
[03:26:57 INF] 【直播间】11732699 的第 66 个心跳包发送成功
[03:26:58 INF] 【直播间】91164 的第 66 个心跳包发送成功
[03:26:59 INF] 【直播间】7184632 的第 66 个心跳包发送成功
[03:27:00 INF] 【直播间】23447660 的第 66 个心跳包发送成功
[03:27:02 INF] 【直播间】929670 的第 66 个心跳包发送成功
[03:27:03 INF] 【直播间】22764265 的第 66 个心跳包发送成功
[03:27:55 ERR] 【心跳包】直播间 23357926 发送失败
[03:27:55 ERR] 【原因】time check failed
[03:27:57 ERR] 【心跳包】直播间 23040372 发送失败
[03:27:57 ERR] 【原因】time check failed
[03:27:58 ERR] 【心跳包】直播间 31494 发送失败
[03:27:58 ERR] 【原因】time check failed
[03:27:59 ERR] 【心跳包】直播间 4015781 发送失败
[03:27:59 ERR] 【原因】time check failed
[03:28:00 ERR] 【心跳包】直播间 9619073 发送失败
[03:28:00 ERR] 【原因】time check failed
[03:28:02 ERR] 【心跳包】直播间 407149 发送失败
[03:28:02 ERR] 【原因】time check failed
[03:28:03 ERR] 【心跳包】直播间 11732699 发送失败
[03:28:03 ERR] 【原因】time check failed
[03:28:04 ERR] 【心跳包】直播间 91164 发送失败
[03:28:04 ERR] 【原因】time check failed
[03:28:05 ERR] 【心跳包】直播间 7184632 发送失败
[03:28:05 ERR] 【原因】time check failed
[03:28:07 ERR] 【心跳包】直播间 23447660 发送失败
[03:28:07 ERR] 【原因】time check failed
[03:28:08 ERR] 【心跳包】直播间 929670 发送失败
[03:28:08 ERR] 【原因】time check failed
[03:28:09 ERR] 【心跳包】直播间 22764265 发送失败
[03:28:09 ERR] 【原因】time check failed
[03:29:02 INF] 【直播间】23357926 的第 67 个心跳包发送成功
[03:29:03 INF] 【直播间】23040372 的第 67 个心跳包发送成功
[03:29:05 INF] 【直播间】31494 的第 67 个心跳包发送成功
[03:29:06 INF] 【直播间】4015781 的第 67 个心跳包发送成功
[03:29:07 INF] 【直播间】9619073 的第 67 个心跳包发送成功
[03:29:08 INF] 【直播间】407149 的第 67 个心跳包发送成功
[03:29:10 INF] 【直播间】11732699 的第 67 个心跳包发送成功
[03:29:11 INF] 【直播间】91164 的第 67 个心跳包发送成功
[03:29:12 INF] 【直播间】7184632 的第 67 个心跳包发送成功
[03:29:13 INF] 【直播间】23447660 的第 67 个心跳包发送成功
[03:29:15 INF] 【直播间】929670 的第 67 个心跳包发送成功
[03:29:16 INF] 【直播间】22764265 的第 67 个心跳包发送成功
[03:30:09 INF] 【直播间】23357926 的第 68 个心跳包发送成功
[03:30:10 INF] 【直播间】23040372 的第 68 个心跳包发送成功
[03:30:12 INF] 【直播间】31494 的第 68 个心跳包发送成功
[03:30:13 INF] 【直播间】4015781 的第 68 个心跳包发送成功
[03:30:14 INF] 【直播间】9619073 的第 68 个心跳包发送成功
[03:30:15 INF] 【直播间】407149 的第 68 个心跳包发送成功
[03:30:17 INF] 【直播间】11732699 的第 68 个心跳包发送成功
[03:30:18 INF] 【直播间】91164 的第 68 个心跳包发送成功
[03:30:19 INF] 【直播间】7184632 的第 68 个心跳包发送成功
[03:30:20 INF] 【直播间】23447660 的第 68 个心跳包发送成功
[03:30:22 INF] 【直播间】929670 的第 68 个心跳包发送成功
[03:30:23 INF] 【直播间】22764265 的第 68 个心跳包发送成功
[03:31:15 INF] 【直播间】23357926 的第 69 个心跳包发送成功
[03:31:17 INF] 【直播间】23040372 的第 69 个心跳包发送成功
[03:31:18 INF] 【直播间】31494 的第 69 个心跳包发送成功
[03:31:19 INF] 【直播间】4015781 的第 69 个心跳包发送成功
[03:31:21 INF] 【直播间】9619073 的第 69 个心跳包发送成功
[03:31:22 INF] 【直播间】407149 的第 69 个心跳包发送成功
[03:31:23 INF] 【直播间】11732699 的第 69 个心跳包发送成功
[03:31:24 INF] 【直播间】91164 的第 69 个心跳包发送成功
[03:31:26 INF] 【直播间】7184632 的第 69 个心跳包发送成功
[03:31:27 INF] 【直播间】23447660 的第 69 个心跳包发送成功
[03:31:28 INF] 【直播间】929670 的第 69 个心跳包发送成功
[03:31:29 INF] 【直播间】22764265 的第 69 个心跳包发送成功
[03:32:22 INF] 【直播间】23357926 的第 70 个心跳包发送成功
[03:32:23 INF] 【直播间】23040372 的第 70 个心跳包发送成功
[03:32:25 INF] 【直播间】31494 的第 70 个心跳包发送成功
[03:32:26 INF] 【直播间】4015781 的第 70 个心跳包发送成功
[03:32:27 INF] 【直播间】9619073 的第 70 个心跳包发送成功
[03:32:28 INF] 【直播间】407149 的第 70 个心跳包发送成功
[03:32:30 INF] 【直播间】11732699 的第 70 个心跳包发送成功
[03:32:31 INF] 【直播间】91164 的第 70 个心跳包发送成功
[03:32:32 INF] 【直播间】7184632 的第 70 个心跳包发送成功
[03:32:33 INF] 【直播间】23447660 的第 70 个心跳包发送成功
[03:32:35 INF] 【直播间】929670 的第 70 个心跳包发送成功
[03:32:36 INF] 【直播间】22764265 的第 70 个心跳包发送成功
[03:32:36 INF] 【直播观看时长】完成情况：12/12 
[03:32:36 INF] ---------结束---------

[03:32:36 INF] ==========结束==========

[03:32:36 INF] ######### 账号 3 #########

[03:32:36 INF] =====开始 直播间互动 =====

[03:32:36 INF] ---开始 发送弹幕 ---
[03:32:36 INF] 检测到直播 Cookie 未正确配置，尝试自动配置中...
[03:32:39 INF] 直播 Cookie 配置成功！
[03:32:39 INF] 【获取直播列表】获取拥有粉丝牌的直播列表
[03:32:43 ERR] 【获取直播列表】失败
[03:32:43 ERR] 【原因】账号未登录
[03:32:43 ERR] 发送弹幕失败，继续其他任务。失败信息:Object reference not set to an instance of an object.

[03:32:43 INF] -------结束-------

[03:32:43 INF] ---开始 点赞直播间 ---
[03:32:43 INF] 【获取直播列表】获取拥有粉丝牌的直播列表
[03:32:47 ERR] 【获取直播列表】失败
[03:32:47 ERR] 【原因】账号未登录
[03:32:47 ERR] 点赞直播间失败，继续其他任务。失败信息:Object reference not set to an instance of an object.

[03:32:47 INF] --------结束--------

[03:32:47 INF] ---开始 直播时长挂机 ---
[03:32:47 INF] 【获取直播列表】获取拥有粉丝牌的直播列表
[03:32:52 ERR] 【获取直播列表】失败
[03:32:52 ERR] 【原因】账号未登录
[03:32:52 ERR] 直播时长挂机失败，继续其他任务。失败信息:Object reference not set to an instance of an object.

[03:32:52 INF] ---------结束---------

[03:32:52 INF] ==========结束==========

[03:32:52 INF] 

========================

 v2.0.1 开源 by https://github.com/RayWangQvQ/BiliBiliToolPro

[03:32:52 INF] ·开始推送·LiveFansMedal任务·
2023-10-24T19:32:52.9034499Z 开始推送到:PushPlus
2023-10-24T19:32:54.0248620Z Response status: OK.
2023-10-24T19:32:54.0249063Z Response content: {"code":999,"msg":"发送内容过大，不能超过2万字","data":null}.

[03:32:54 INF] 运行环境：Development
[03:32:54 INF] 应用目录：/home/runner/work/BiliBiliToolPro/BiliBiliToolPro/src/Ray.BiliBiliTool.Console/bin/Debug/net6.0/

[03:32:54 INF] 运行结束
