----------- ip 信息 ---------
{
  "ip": "40.122.242.102",
  "city": "Des Moines",
  "region": "Iowa",
  "country": "US",
  "loc": "41.6005,-93.6091",
  "org": "AS8075 Microsoft Corporation",
  "postal": "50307",
  "timezone": "America/Chicago",
  "readme": "https://ipinfo.io/missingauth"
} ---------- end ------------
  ____               ____    _   _____           _  
 |  _ \ __ _ _   _  | __ ) _| |_|_   _|__   ___ | | 
 | |_) / _` | | | | |  _ \(_) (_) | |/ _ \ / _ \| | 
 |  _ < (_| | |_| | | |_) | | | | | | (_) | (_) | | 
 |_| \_\__,_|\__, | |____/|_|_|_| |_|\___/ \___/|_| 
             |___/                                  

[00:30:44 INF] BiliBiliToolPro 开始运行...

[00:30:45 INF] 【账号个数】3个

[00:30:45 INF] 随机休眠1分钟

[00:31:45 INF] 【目标任务】LiveFansMedal
[00:31:45 INF] ######### 账号 1 #########

[00:31:45 INF] =====开始 直播间互动 =====

[00:31:45 INF] ---开始 发送弹幕 ---
[00:31:45 INF] 检测到直播 Cookie 未正确配置，尝试自动配置中...
[00:31:50 INF] 直播 Cookie 配置成功！
[00:31:50 INF] 【获取直播列表】获取拥有粉丝牌的直播列表
[00:31:56 INF] 【主播】Mark陌枫 
[00:32:12 INF] 【主播】KL_qiqi_ 
[00:32:31 INF] 【主播】苏打baka 
[00:32:47 INF] 【直播间】Mark陌枫
[00:32:47 INF] 【粉丝牌】馬楓
[00:32:47 INF] 正在发送弹幕...
[00:32:52 INF] 【直播间】KL_qiqi_
[00:32:52 INF] 【粉丝牌】qiqisb
[00:32:52 INF] 正在发送弹幕...
[00:32:56 INF] 【直播间】苏打baka
[00:32:56 INF] 【粉丝牌】碳酸钠
[00:32:56 INF] 正在发送弹幕...
[00:33:01 INF] -------结束-------

[00:33:01 INF] ---开始 点赞直播间 ---
[00:33:01 INF] 【获取直播列表】获取拥有粉丝牌的直播列表
[00:33:04 INF] 【弹幕发送】成功~，你和主播 Mark陌枫 的亲密值增加了100！
[00:33:07 INF] 【主播】Mark陌枫 
[00:33:10 INF] 【弹幕发送】成功~，你和主播 KL_qiqi_ 的亲密值增加了100！
[00:33:11 INF] 【弹幕发送】成功~，你和主播 苏打baka 的亲密值增加了100！
[00:33:19 INF] 【主播】KL_qiqi_ 
[00:33:35 INF] 【主播】苏打baka 
[00:33:56 INF] 【点赞直播间】23357926 完成
[00:34:00 INF] 【点赞直播间】407149 完成
[00:34:02 INF] --------结束--------

[00:34:02 INF] ---开始 直播时长挂机 ---
[00:34:02 INF] 【获取直播列表】获取拥有粉丝牌的直播列表
[00:34:03 INF] 【点赞直播间】23040372 完成
[00:34:10 INF] 【主播】Mark陌枫 
[00:34:25 INF] 【主播】KL_qiqi_ 
[00:34:41 INF] 【主播】苏打baka 
[00:34:56 INF] 【直播间】23357926 的第 1 个心跳包发送成功
[00:34:57 INF] 【直播间】407149 的第 1 个心跳包发送成功
[00:34:58 INF] 【直播间】23040372 的第 1 个心跳包发送成功
[00:36:02 INF] 【直播间】23357926 的第 2 个心跳包发送成功
[00:36:04 INF] 【直播间】407149 的第 2 个心跳包发送成功
[00:36:05 INF] 【直播间】23040372 的第 2 个心跳包发送成功
[00:37:09 INF] 【直播间】23357926 的第 3 个心跳包发送成功
[00:37:10 INF] 【直播间】407149 的第 3 个心跳包发送成功
[00:37:11 INF] 【直播间】23040372 的第 3 个心跳包发送成功
[00:38:15 INF] 【直播间】23357926 的第 4 个心跳包发送成功
[00:38:17 INF] 【直播间】407149 的第 4 个心跳包发送成功
[00:38:18 INF] 【直播间】23040372 的第 4 个心跳包发送成功
[00:39:22 INF] 【直播间】23357926 的第 5 个心跳包发送成功
[00:39:23 INF] 【直播间】407149 的第 5 个心跳包发送成功
[00:39:24 INF] 【直播间】23040372 的第 5 个心跳包发送成功
[00:40:29 INF] 【直播间】23357926 的第 6 个心跳包发送成功
[00:40:30 INF] 【直播间】407149 的第 6 个心跳包发送成功
[00:40:31 INF] 【直播间】23040372 的第 6 个心跳包发送成功
[00:41:35 INF] 【直播间】23357926 的第 7 个心跳包发送成功
[00:41:36 INF] 【直播间】407149 的第 7 个心跳包发送成功
[00:41:38 INF] 【直播间】23040372 的第 7 个心跳包发送成功
[00:42:42 INF] 【直播间】23357926 的第 8 个心跳包发送成功
[00:42:43 INF] 【直播间】407149 的第 8 个心跳包发送成功
[00:42:44 INF] 【直播间】23040372 的第 8 个心跳包发送成功
[00:43:48 INF] 【直播间】23357926 的第 9 个心跳包发送成功
[00:43:49 INF] 【直播间】407149 的第 9 个心跳包发送成功
[00:43:50 INF] 【直播间】23040372 的第 9 个心跳包发送成功
[00:44:54 INF] 【直播间】23357926 的第 10 个心跳包发送成功
[00:44:56 INF] 【直播间】407149 的第 10 个心跳包发送成功
[00:44:57 INF] 【直播间】23040372 的第 10 个心跳包发送成功
[00:46:01 INF] 【直播间】23357926 的第 11 个心跳包发送成功
[00:46:02 INF] 【直播间】407149 的第 11 个心跳包发送成功
[00:46:04 INF] 【直播间】23040372 的第 11 个心跳包发送成功
[00:47:08 INF] 【直播间】23357926 的第 12 个心跳包发送成功
[00:47:09 INF] 【直播间】407149 的第 12 个心跳包发送成功
[00:47:10 INF] 【直播间】23040372 的第 12 个心跳包发送成功
[00:48:14 INF] 【直播间】23357926 的第 13 个心跳包发送成功
[00:48:16 INF] 【直播间】407149 的第 13 个心跳包发送成功
[00:48:17 INF] 【直播间】23040372 的第 13 个心跳包发送成功
[00:49:21 INF] 【直播间】23357926 的第 14 个心跳包发送成功
[00:49:22 INF] 【直播间】407149 的第 14 个心跳包发送成功
[00:49:23 INF] 【直播间】23040372 的第 14 个心跳包发送成功
[00:50:27 ERR] 【心跳包】直播间 23357926 发送失败
[00:50:27 ERR] 【原因】time check failed
[00:50:29 ERR] 【心跳包】直播间 407149 发送失败
[00:50:29 ERR] 【原因】time check failed
[00:50:30 ERR] 【心跳包】直播间 23040372 发送失败
[00:50:30 ERR] 【原因】time check failed
[00:51:34 INF] 【直播间】23357926 的第 15 个心跳包发送成功
[00:51:35 INF] 【直播间】407149 的第 15 个心跳包发送成功
[00:51:36 INF] 【直播间】23040372 的第 15 个心跳包发送成功
[00:52:40 INF] 【直播间】23357926 的第 16 个心跳包发送成功
[00:52:41 INF] 【直播间】407149 的第 16 个心跳包发送成功
[00:52:43 INF] 【直播间】23040372 的第 16 个心跳包发送成功
[00:53:47 INF] 【直播间】23357926 的第 17 个心跳包发送成功
[00:53:48 INF] 【直播间】407149 的第 17 个心跳包发送成功
[00:53:49 INF] 【直播间】23040372 的第 17 个心跳包发送成功
[00:54:53 INF] 【直播间】23357926 的第 18 个心跳包发送成功
[00:54:55 INF] 【直播间】407149 的第 18 个心跳包发送成功
[00:54:56 INF] 【直播间】23040372 的第 18 个心跳包发送成功
[00:56:00 INF] 【直播间】23357926 的第 19 个心跳包发送成功
[00:56:01 INF] 【直播间】407149 的第 19 个心跳包发送成功
[00:56:02 INF] 【直播间】23040372 的第 19 个心跳包发送成功
[00:57:06 INF] 【直播间】23357926 的第 20 个心跳包发送成功
[00:57:07 INF] 【直播间】407149 的第 20 个心跳包发送成功
[00:57:08 INF] 【直播间】23040372 的第 20 个心跳包发送成功
[00:58:12 INF] 【直播间】23357926 的第 21 个心跳包发送成功
[00:58:14 INF] 【直播间】407149 的第 21 个心跳包发送成功
[00:58:15 INF] 【直播间】23040372 的第 21 个心跳包发送成功
[00:59:19 INF] 【直播间】23357926 的第 22 个心跳包发送成功
[00:59:20 INF] 【直播间】407149 的第 22 个心跳包发送成功
[00:59:22 INF] 【直播间】23040372 的第 22 个心跳包发送成功
[01:00:26 INF] 【直播间】23357926 的第 23 个心跳包发送成功
[01:00:27 INF] 【直播间】407149 的第 23 个心跳包发送成功
[01:00:28 INF] 【直播间】23040372 的第 23 个心跳包发送成功
[01:01:32 INF] 【直播间】23357926 的第 24 个心跳包发送成功
[01:01:33 INF] 【直播间】407149 的第 24 个心跳包发送成功
[01:01:35 INF] 【直播间】23040372 的第 24 个心跳包发送成功
[01:02:39 INF] 【直播间】23357926 的第 25 个心跳包发送成功
[01:02:40 INF] 【直播间】407149 的第 25 个心跳包发送成功
[01:02:42 INF] 【直播间】23040372 的第 25 个心跳包发送成功
[01:03:46 INF] 【直播间】23357926 的第 26 个心跳包发送成功
[01:03:47 INF] 【直播间】407149 的第 26 个心跳包发送成功
[01:03:48 INF] 【直播间】23040372 的第 26 个心跳包发送成功
[01:04:52 INF] 【直播间】23357926 的第 27 个心跳包发送成功
[01:04:54 INF] 【直播间】407149 的第 27 个心跳包发送成功
[01:04:55 INF] 【直播间】23040372 的第 27 个心跳包发送成功
[01:05:59 ERR] 【心跳包】直播间 23357926 发送失败
[01:05:59 ERR] 【原因】time check failed
[01:06:00 ERR] 【心跳包】直播间 407149 发送失败
[01:06:00 ERR] 【原因】time check failed
[01:06:02 ERR] 【心跳包】直播间 23040372 发送失败
[01:06:02 ERR] 【原因】time check failed
[01:07:05 INF] 【直播间】23357926 的第 28 个心跳包发送成功
[01:07:07 INF] 【直播间】407149 的第 28 个心跳包发送成功
[01:07:08 INF] 【直播间】23040372 的第 28 个心跳包发送成功
[01:08:12 INF] 【直播间】23357926 的第 29 个心跳包发送成功
[01:08:13 INF] 【直播间】407149 的第 29 个心跳包发送成功
[01:08:14 INF] 【直播间】23040372 的第 29 个心跳包发送成功
[01:09:18 INF] 【直播间】23357926 的第 30 个心跳包发送成功
[01:09:20 INF] 【直播间】407149 的第 30 个心跳包发送成功
[01:09:21 INF] 【直播间】23040372 的第 30 个心跳包发送成功
[01:10:25 INF] 【直播间】23357926 的第 31 个心跳包发送成功
[01:10:26 INF] 【直播间】407149 的第 31 个心跳包发送成功
[01:10:27 INF] 【直播间】23040372 的第 31 个心跳包发送成功
[01:11:32 INF] 【直播间】23357926 的第 32 个心跳包发送成功
[01:11:33 INF] 【直播间】407149 的第 32 个心跳包发送成功
[01:11:35 INF] 【直播间】23040372 的第 32 个心跳包发送成功
[01:12:39 INF] 【直播间】23357926 的第 33 个心跳包发送成功
[01:12:40 INF] 【直播间】407149 的第 33 个心跳包发送成功
[01:12:41 INF] 【直播间】23040372 的第 33 个心跳包发送成功
[01:13:46 INF] 【直播间】23357926 的第 34 个心跳包发送成功
[01:13:47 INF] 【直播间】407149 的第 34 个心跳包发送成功
[01:13:48 INF] 【直播间】23040372 的第 34 个心跳包发送成功
[01:14:52 INF] 【直播间】23357926 的第 35 个心跳包发送成功
[01:14:53 INF] 【直播间】407149 的第 35 个心跳包发送成功
[01:14:54 INF] 【直播间】23040372 的第 35 个心跳包发送成功
[01:15:59 INF] 【直播间】23357926 的第 36 个心跳包发送成功
[01:16:00 INF] 【直播间】407149 的第 36 个心跳包发送成功
[01:16:01 INF] 【直播间】23040372 的第 36 个心跳包发送成功
[01:17:05 INF] 【直播间】23357926 的第 37 个心跳包发送成功
[01:17:07 INF] 【直播间】407149 的第 37 个心跳包发送成功
[01:17:08 INF] 【直播间】23040372 的第 37 个心跳包发送成功
[01:18:12 INF] 【直播间】23357926 的第 38 个心跳包发送成功
[01:18:13 INF] 【直播间】407149 的第 38 个心跳包发送成功
[01:18:14 INF] 【直播间】23040372 的第 38 个心跳包发送成功
[01:19:19 INF] 【直播间】23357926 的第 39 个心跳包发送成功
[01:19:20 INF] 【直播间】407149 的第 39 个心跳包发送成功
[01:19:21 INF] 【直播间】23040372 的第 39 个心跳包发送成功
[01:20:25 INF] 【直播间】23357926 的第 40 个心跳包发送成功
[01:20:26 INF] 【直播间】407149 的第 40 个心跳包发送成功
[01:20:28 INF] 【直播间】23040372 的第 40 个心跳包发送成功
[01:21:32 ERR] 【心跳包】直播间 23357926 发送失败
[01:21:32 ERR] 【原因】time check failed
[01:21:33 ERR] 【心跳包】直播间 407149 发送失败
[01:21:33 ERR] 【原因】time check failed
[01:21:34 ERR] 【心跳包】直播间 23040372 发送失败
[01:21:34 ERR] 【原因】time check failed
[01:22:38 INF] 【直播间】23357926 的第 41 个心跳包发送成功
[01:22:39 INF] 【直播间】407149 的第 41 个心跳包发送成功
[01:22:40 INF] 【直播间】23040372 的第 41 个心跳包发送成功
[01:23:44 INF] 【直播间】23357926 的第 42 个心跳包发送成功
[01:23:46 INF] 【直播间】407149 的第 42 个心跳包发送成功
[01:23:47 INF] 【直播间】23040372 的第 42 个心跳包发送成功
[01:24:51 INF] 【直播间】23357926 的第 43 个心跳包发送成功
[01:24:52 INF] 【直播间】407149 的第 43 个心跳包发送成功
[01:24:53 INF] 【直播间】23040372 的第 43 个心跳包发送成功
[01:25:57 INF] 【直播间】23357926 的第 44 个心跳包发送成功
[01:25:59 INF] 【直播间】407149 的第 44 个心跳包发送成功
[01:26:00 INF] 【直播间】23040372 的第 44 个心跳包发送成功
[01:27:04 INF] 【直播间】23357926 的第 45 个心跳包发送成功
[01:27:05 INF] 【直播间】407149 的第 45 个心跳包发送成功
[01:27:06 INF] 【直播间】23040372 的第 45 个心跳包发送成功
[01:28:10 INF] 【直播间】23357926 的第 46 个心跳包发送成功
[01:28:12 INF] 【直播间】407149 的第 46 个心跳包发送成功
[01:28:13 INF] 【直播间】23040372 的第 46 个心跳包发送成功
[01:29:17 INF] 【直播间】23357926 的第 47 个心跳包发送成功
[01:29:18 INF] 【直播间】407149 的第 47 个心跳包发送成功
[01:29:19 INF] 【直播间】23040372 的第 47 个心跳包发送成功
[01:30:23 INF] 【直播间】23357926 的第 48 个心跳包发送成功
[01:30:25 INF] 【直播间】407149 的第 48 个心跳包发送成功
[01:30:26 INF] 【直播间】23040372 的第 48 个心跳包发送成功
[01:31:30 INF] 【直播间】23357926 的第 49 个心跳包发送成功
[01:31:31 INF] 【直播间】407149 的第 49 个心跳包发送成功
[01:31:32 INF] 【直播间】23040372 的第 49 个心跳包发送成功
[01:32:36 INF] 【直播间】23357926 的第 50 个心跳包发送成功
[01:32:38 INF] 【直播间】407149 的第 50 个心跳包发送成功
[01:32:39 INF] 【直播间】23040372 的第 50 个心跳包发送成功
[01:33:43 INF] 【直播间】23357926 的第 51 个心跳包发送成功
[01:33:44 INF] 【直播间】407149 的第 51 个心跳包发送成功
[01:33:45 INF] 【直播间】23040372 的第 51 个心跳包发送成功
[01:34:49 INF] 【直播间】23357926 的第 52 个心跳包发送成功
[01:34:51 INF] 【直播间】407149 的第 52 个心跳包发送成功
[01:34:52 INF] 【直播间】23040372 的第 52 个心跳包发送成功
[01:35:56 INF] 【直播间】23357926 的第 53 个心跳包发送成功
[01:35:57 INF] 【直播间】407149 的第 53 个心跳包发送成功
[01:35:58 INF] 【直播间】23040372 的第 53 个心跳包发送成功
[01:37:02 INF] 【直播间】23357926 的第 54 个心跳包发送成功
[01:37:04 INF] 【直播间】407149 的第 54 个心跳包发送成功
[01:37:05 ERR] 【心跳包】直播间 23040372 发送失败
[01:37:05 ERR] 【原因】time check failed
[01:38:09 ERR] 【心跳包】直播间 23357926 发送失败
[01:38:09 ERR] 【原因】time check failed
[01:38:10 ERR] 【心跳包】直播间 407149 发送失败
[01:38:10 ERR] 【原因】time check failed
[01:38:11 INF] 【直播间】23040372 的第 54 个心跳包发送成功
[01:39:15 INF] 【直播间】23357926 的第 55 个心跳包发送成功
[01:39:17 INF] 【直播间】407149 的第 55 个心跳包发送成功
[01:39:18 INF] 【直播间】23040372 的第 55 个心跳包发送成功
[01:40:22 INF] 【直播间】23357926 的第 56 个心跳包发送成功
[01:40:23 INF] 【直播间】407149 的第 56 个心跳包发送成功
[01:40:24 INF] 【直播间】23040372 的第 56 个心跳包发送成功
[01:41:28 INF] 【直播间】23357926 的第 57 个心跳包发送成功
[01:41:30 INF] 【直播间】407149 的第 57 个心跳包发送成功
[01:41:31 INF] 【直播间】23040372 的第 57 个心跳包发送成功
[01:42:35 INF] 【直播间】23357926 的第 58 个心跳包发送成功
[01:42:36 INF] 【直播间】407149 的第 58 个心跳包发送成功
[01:42:37 INF] 【直播间】23040372 的第 58 个心跳包发送成功
[01:43:42 INF] 【直播间】23357926 的第 59 个心跳包发送成功
[01:43:43 INF] 【直播间】407149 的第 59 个心跳包发送成功
[01:43:44 INF] 【直播间】23040372 的第 59 个心跳包发送成功
[01:44:48 INF] 【直播间】23357926 的第 60 个心跳包发送成功
[01:44:49 INF] 【直播间】407149 的第 60 个心跳包发送成功
[01:44:51 INF] 【直播间】23040372 的第 60 个心跳包发送成功
[01:45:55 INF] 【直播间】23357926 的第 61 个心跳包发送成功
[01:45:56 INF] 【直播间】407149 的第 61 个心跳包发送成功
[01:45:57 INF] 【直播间】23040372 的第 61 个心跳包发送成功
[01:47:01 INF] 【直播间】23357926 的第 62 个心跳包发送成功
[01:47:03 INF] 【直播间】407149 的第 62 个心跳包发送成功
[01:47:04 INF] 【直播间】23040372 的第 62 个心跳包发送成功
[01:48:08 INF] 【直播间】23357926 的第 63 个心跳包发送成功
[01:48:09 INF] 【直播间】407149 的第 63 个心跳包发送成功
[01:48:10 INF] 【直播间】23040372 的第 63 个心跳包发送成功
[01:49:14 INF] 【直播间】23357926 的第 64 个心跳包发送成功
[01:49:16 INF] 【直播间】407149 的第 64 个心跳包发送成功
[01:49:17 INF] 【直播间】23040372 的第 64 个心跳包发送成功
[01:50:21 INF] 【直播间】23357926 的第 65 个心跳包发送成功
[01:50:22 INF] 【直播间】407149 的第 65 个心跳包发送成功
[01:50:23 INF] 【直播间】23040372 的第 65 个心跳包发送成功
[01:51:27 INF] 【直播间】23357926 的第 66 个心跳包发送成功
[01:51:28 INF] 【直播间】407149 的第 66 个心跳包发送成功
[01:51:30 INF] 【直播间】23040372 的第 66 个心跳包发送成功
[01:52:34 INF] 【直播间】23357926 的第 67 个心跳包发送成功
[01:52:35 INF] 【直播间】407149 的第 67 个心跳包发送成功
[01:52:36 ERR] 【心跳包】直播间 23040372 发送失败
[01:52:36 ERR] 【原因】time check failed
[01:53:40 ERR] 【心跳包】直播间 23357926 发送失败
[01:53:40 ERR] 【原因】time check failed
[01:53:42 ERR] 【心跳包】直播间 407149 发送失败
[01:53:42 ERR] 【原因】time check failed
[01:53:43 INF] 【直播间】23040372 的第 67 个心跳包发送成功
[01:54:47 INF] 【直播间】23357926 的第 68 个心跳包发送成功
[01:54:48 INF] 【直播间】407149 的第 68 个心跳包发送成功
[01:54:49 INF] 【直播间】23040372 的第 68 个心跳包发送成功
[01:55:53 INF] 【直播间】23357926 的第 69 个心跳包发送成功
[01:55:55 INF] 【直播间】407149 的第 69 个心跳包发送成功
[01:55:56 INF] 【直播间】23040372 的第 69 个心跳包发送成功
[01:57:00 INF] 【直播间】23357926 的第 70 个心跳包发送成功
[01:57:01 INF] 【直播间】407149 的第 70 个心跳包发送成功
[01:57:02 INF] 【直播间】23040372 的第 70 个心跳包发送成功
[01:57:02 INF] 【直播观看时长】完成情况：3/3 
[01:57:02 INF] ---------结束---------

[01:57:02 INF] ==========结束==========

[01:57:02 INF] ######### 账号 2 #########

[01:57:02 INF] =====开始 直播间互动 =====

[01:57:02 INF] ---开始 发送弹幕 ---
[01:57:02 INF] 检测到直播 Cookie 未正确配置，尝试自动配置中...
[01:57:08 INF] 直播 Cookie 配置成功！
[01:57:08 INF] 【获取直播列表】获取拥有粉丝牌的直播列表
[01:57:13 INF] 【主播】Mark陌枫 
[01:57:33 INF] 【主播】苏打baka 
[01:57:46 INF] 【主播】特别中二的q3君 
[01:58:01 INF] 【主播】陈抱一 
[01:58:22 INF] 【主播】贪玩的小毅 
[01:58:40 INF] 【主播】KL_qiqi_ 
[01:58:54 INF] 【直播间】Mark陌枫
[01:58:54 INF] 【粉丝牌】馬楓
[01:58:54 INF] 正在发送弹幕...
[01:59:00 INF] 【直播间】苏打baka
[01:59:00 INF] 【粉丝牌】碳酸钠
[01:59:00 INF] 正在发送弹幕...
[01:59:06 INF] 【直播间】特别中二的q3君
[01:59:06 INF] 【粉丝牌】q3GG
[01:59:06 INF] 正在发送弹幕...
[01:59:11 INF] 【弹幕发送】成功~，你和主播 Mark陌枫 的亲密值增加了100！
[01:59:11 INF] 【直播间】陈抱一
[01:59:11 INF] 【粉丝牌】陈抱一
[01:59:11 INF] 正在发送弹幕...
[01:59:14 INF] 【直播间】贪玩的小毅
[01:59:14 INF] 【粉丝牌】大大毅
[01:59:14 INF] 正在发送弹幕...
[01:59:17 INF] 【直播间】KL_qiqi_
[01:59:17 INF] 【粉丝牌】qiqisb
[01:59:17 INF] 正在发送弹幕...
[01:59:19 INF] 【弹幕发送】成功~，你和主播 苏打baka 的亲密值增加了100！
[01:59:20 INF] -------结束-------

[01:59:20 INF] ---开始 点赞直播间 ---
[01:59:20 INF] 【获取直播列表】获取拥有粉丝牌的直播列表
[01:59:22 INF] 【弹幕发送】成功~，你和主播 特别中二的q3君 的亲密值增加了100！
[01:59:23 INF] 【弹幕发送】成功~，你和主播 陈抱一 的亲密值增加了100！
[01:59:28 INF] 【主播】Mark陌枫 
[01:59:30 INF] 【弹幕发送】成功~，你和主播 KL_qiqi_ 的亲密值增加了100！
[01:59:31 INF] 【弹幕发送】成功~，你和主播 贪玩的小毅 的亲密值增加了100！
[01:59:46 INF] 【主播】苏打baka 
[01:59:58 INF] 【主播】特别中二的q3君 
[02:00:10 INF] 【主播】陈抱一 
[02:00:24 INF] 【主播】贪玩的小毅 
[02:00:38 INF] 【主播】KL_qiqi_ 
[02:00:58 INF] 【点赞直播间】23357926 完成
[02:01:02 INF] 【点赞直播间】23040372 完成
[02:01:09 INF] 【点赞直播间】31494 完成
[02:01:13 INF] 【点赞直播间】4015781 完成
[02:01:19 INF] 【点赞直播间】9619073 完成
[02:01:21 INF] --------结束--------

[02:01:21 INF] ---开始 直播时长挂机 ---
[02:01:21 INF] 【获取直播列表】获取拥有粉丝牌的直播列表
[02:01:22 INF] 【点赞直播间】407149 完成
[02:01:28 INF] 【主播】Mark陌枫 
[02:01:47 INF] 【主播】苏打baka 
[02:02:05 INF] 【主播】特别中二的q3君 
[02:02:22 INF] 【主播】陈抱一 
[02:02:38 INF] 【主播】贪玩的小毅 
[02:02:53 INF] 【主播】KL_qiqi_ 
[02:03:10 INF] 【直播间】23357926 的第 1 个心跳包发送成功
[02:03:11 INF] 【直播间】23040372 的第 1 个心跳包发送成功
[02:03:12 INF] 【直播间】31494 的第 1 个心跳包发送成功
[02:03:48 INF] 【直播间】4015781 的第 1 个心跳包发送成功
[02:03:50 INF] 【直播间】9619073 的第 1 个心跳包发送成功
[02:03:51 INF] 【直播间】407149 的第 1 个心跳包发送成功
[02:04:16 INF] 【直播间】23357926 的第 2 个心跳包发送成功
[02:04:18 INF] 【直播间】23040372 的第 2 个心跳包发送成功
[02:04:19 INF] 【直播间】31494 的第 2 个心跳包发送成功
[02:04:55 INF] 【直播间】4015781 的第 2 个心跳包发送成功
[02:04:56 INF] 【直播间】9619073 的第 2 个心跳包发送成功
[02:04:58 INF] 【直播间】407149 的第 2 个心跳包发送成功
[02:05:23 INF] 【直播间】23357926 的第 3 个心跳包发送成功
[02:05:24 INF] 【直播间】23040372 的第 3 个心跳包发送成功
[02:05:25 INF] 【直播间】31494 的第 3 个心跳包发送成功
[02:06:02 INF] 【直播间】4015781 的第 3 个心跳包发送成功
[02:06:03 INF] 【直播间】9619073 的第 3 个心跳包发送成功
[02:06:04 INF] 【直播间】407149 的第 3 个心跳包发送成功
[02:06:29 INF] 【直播间】23357926 的第 4 个心跳包发送成功
[02:06:31 INF] 【直播间】23040372 的第 4 个心跳包发送成功
[02:06:32 INF] 【直播间】31494 的第 4 个心跳包发送成功
[02:07:08 INF] 【直播间】4015781 的第 4 个心跳包发送成功
[02:07:09 INF] 【直播间】9619073 的第 4 个心跳包发送成功
[02:07:11 INF] 【直播间】407149 的第 4 个心跳包发送成功
[02:07:36 INF] 【直播间】23357926 的第 5 个心跳包发送成功
[02:07:37 INF] 【直播间】23040372 的第 5 个心跳包发送成功
[02:07:38 INF] 【直播间】31494 的第 5 个心跳包发送成功
[02:08:14 INF] 【直播间】4015781 的第 5 个心跳包发送成功
[02:08:16 INF] 【直播间】9619073 的第 5 个心跳包发送成功
[02:08:17 INF] 【直播间】407149 的第 5 个心跳包发送成功
[02:08:42 INF] 【直播间】23357926 的第 6 个心跳包发送成功
[02:08:44 INF] 【直播间】23040372 的第 6 个心跳包发送成功
[02:08:45 INF] 【直播间】31494 的第 6 个心跳包发送成功
[02:09:21 INF] 【直播间】4015781 的第 6 个心跳包发送成功
[02:09:22 INF] 【直播间】9619073 的第 6 个心跳包发送成功
[02:09:23 INF] 【直播间】407149 的第 6 个心跳包发送成功
[02:09:49 INF] 【直播间】23357926 的第 7 个心跳包发送成功
[02:09:50 INF] 【直播间】23040372 的第 7 个心跳包发送成功
[02:09:51 INF] 【直播间】31494 的第 7 个心跳包发送成功
[02:10:28 INF] 【直播间】4015781 的第 7 个心跳包发送成功
[02:10:29 INF] 【直播间】9619073 的第 7 个心跳包发送成功
[02:10:30 INF] 【直播间】407149 的第 7 个心跳包发送成功
[02:10:55 INF] 【直播间】23357926 的第 8 个心跳包发送成功
[02:10:56 INF] 【直播间】23040372 的第 8 个心跳包发送成功
[02:10:58 INF] 【直播间】31494 的第 8 个心跳包发送成功
[02:11:34 INF] 【直播间】4015781 的第 8 个心跳包发送成功
[02:11:35 INF] 【直播间】9619073 的第 8 个心跳包发送成功
[02:11:37 INF] 【直播间】407149 的第 8 个心跳包发送成功
[02:12:02 INF] 【直播间】23357926 的第 9 个心跳包发送成功
[02:12:03 INF] 【直播间】23040372 的第 9 个心跳包发送成功
[02:12:04 INF] 【直播间】31494 的第 9 个心跳包发送成功
[02:12:41 INF] 【直播间】4015781 的第 9 个心跳包发送成功
[02:12:42 INF] 【直播间】9619073 的第 9 个心跳包发送成功
[02:12:43 INF] 【直播间】407149 的第 9 个心跳包发送成功
[02:13:08 INF] 【直播间】23357926 的第 10 个心跳包发送成功
[02:13:09 INF] 【直播间】23040372 的第 10 个心跳包发送成功
[02:13:11 INF] 【直播间】31494 的第 10 个心跳包发送成功
[02:13:47 INF] 【直播间】4015781 的第 10 个心跳包发送成功
[02:13:48 INF] 【直播间】9619073 的第 10 个心跳包发送成功
[02:13:49 INF] 【直播间】407149 的第 10 个心跳包发送成功
[02:14:15 INF] 【直播间】23357926 的第 11 个心跳包发送成功
[02:14:16 INF] 【直播间】23040372 的第 11 个心跳包发送成功
[02:14:17 INF] 【直播间】31494 的第 11 个心跳包发送成功
[02:14:54 INF] 【直播间】4015781 的第 11 个心跳包发送成功
[02:14:55 INF] 【直播间】9619073 的第 11 个心跳包发送成功
[02:14:56 INF] 【直播间】407149 的第 11 个心跳包发送成功
[02:15:21 INF] 【直播间】23357926 的第 12 个心跳包发送成功
[02:15:22 INF] 【直播间】23040372 的第 12 个心跳包发送成功
[02:15:23 INF] 【直播间】31494 的第 12 个心跳包发送成功
[02:16:00 INF] 【直播间】4015781 的第 12 个心跳包发送成功
[02:16:02 INF] 【直播间】9619073 的第 12 个心跳包发送成功
[02:16:03 INF] 【直播间】407149 的第 12 个心跳包发送成功
[02:16:27 INF] 【直播间】23357926 的第 13 个心跳包发送成功
[02:16:29 INF] 【直播间】23040372 的第 13 个心跳包发送成功
[02:16:30 INF] 【直播间】31494 的第 13 个心跳包发送成功
[02:17:07 INF] 【直播间】4015781 的第 13 个心跳包发送成功
[02:17:08 INF] 【直播间】9619073 的第 13 个心跳包发送成功
[02:17:09 INF] 【直播间】407149 的第 13 个心跳包发送成功
[02:17:34 INF] 【直播间】23357926 的第 14 个心跳包发送成功
[02:17:35 INF] 【直播间】23040372 的第 14 个心跳包发送成功
[02:17:36 INF] 【直播间】31494 的第 14 个心跳包发送成功
[02:18:13 INF] 【直播间】4015781 的第 14 个心跳包发送成功
[02:18:14 INF] 【直播间】9619073 的第 14 个心跳包发送成功
[02:18:16 INF] 【直播间】407149 的第 14 个心跳包发送成功
[02:18:40 INF] 【直播间】23357926 的第 15 个心跳包发送成功
[02:18:41 INF] 【直播间】23040372 的第 15 个心跳包发送成功
[02:18:43 INF] 【直播间】31494 的第 15 个心跳包发送成功
[02:19:20 ERR] 【心跳包】直播间 4015781 发送失败
[02:19:20 ERR] 【原因】time check failed
[02:19:21 ERR] 【心跳包】直播间 9619073 发送失败
[02:19:21 ERR] 【原因】time check failed
[02:19:22 ERR] 【心跳包】直播间 407149 发送失败
[02:19:22 ERR] 【原因】time check failed
[02:19:46 ERR] 【心跳包】直播间 23357926 发送失败
[02:19:46 ERR] 【原因】time check failed
[02:19:48 ERR] 【心跳包】直播间 23040372 发送失败
[02:19:48 ERR] 【原因】time check failed
[02:19:49 ERR] 【心跳包】直播间 31494 发送失败
[02:19:49 ERR] 【原因】time check failed
[02:20:26 INF] 【直播间】4015781 的第 15 个心跳包发送成功
[02:20:28 INF] 【直播间】9619073 的第 15 个心跳包发送成功
[02:20:29 INF] 【直播间】407149 的第 15 个心跳包发送成功
[02:20:53 INF] 【直播间】23357926 的第 16 个心跳包发送成功
[02:20:54 INF] 【直播间】23040372 的第 16 个心跳包发送成功
[02:20:55 INF] 【直播间】31494 的第 16 个心跳包发送成功
[02:21:33 INF] 【直播间】4015781 的第 16 个心跳包发送成功
[02:21:34 INF] 【直播间】9619073 的第 16 个心跳包发送成功
[02:21:35 INF] 【直播间】407149 的第 16 个心跳包发送成功
[02:21:59 INF] 【直播间】23357926 的第 17 个心跳包发送成功
[02:22:01 INF] 【直播间】23040372 的第 17 个心跳包发送成功
[02:22:02 INF] 【直播间】31494 的第 17 个心跳包发送成功
[02:22:40 INF] 【直播间】4015781 的第 17 个心跳包发送成功
[02:22:41 INF] 【直播间】9619073 的第 17 个心跳包发送成功
[02:22:42 INF] 【直播间】407149 的第 17 个心跳包发送成功
[02:23:06 INF] 【直播间】23357926 的第 18 个心跳包发送成功
[02:23:07 INF] 【直播间】23040372 的第 18 个心跳包发送成功
[02:23:08 INF] 【直播间】31494 的第 18 个心跳包发送成功
[02:23:46 INF] 【直播间】4015781 的第 18 个心跳包发送成功
[02:23:47 INF] 【直播间】9619073 的第 18 个心跳包发送成功
[02:23:48 INF] 【直播间】407149 的第 18 个心跳包发送成功
[02:24:13 INF] 【直播间】23357926 的第 19 个心跳包发送成功
[02:24:14 INF] 【直播间】23040372 的第 19 个心跳包发送成功
[02:24:15 INF] 【直播间】31494 的第 19 个心跳包发送成功
[02:24:52 INF] 【直播间】4015781 的第 19 个心跳包发送成功
[02:24:54 INF] 【直播间】9619073 的第 19 个心跳包发送成功
[02:24:55 INF] 【直播间】407149 的第 19 个心跳包发送成功
[02:25:19 INF] 【直播间】23357926 的第 20 个心跳包发送成功
[02:25:20 INF] 【直播间】23040372 的第 20 个心跳包发送成功
[02:25:21 INF] 【直播间】31494 的第 20 个心跳包发送成功
[02:25:59 INF] 【直播间】4015781 的第 20 个心跳包发送成功
[02:26:00 INF] 【直播间】9619073 的第 20 个心跳包发送成功
[02:26:01 INF] 【直播间】407149 的第 20 个心跳包发送成功
[02:26:25 INF] 【直播间】23357926 的第 21 个心跳包发送成功
[02:26:27 INF] 【直播间】23040372 的第 21 个心跳包发送成功
[02:26:28 INF] 【直播间】31494 的第 21 个心跳包发送成功
[02:27:05 INF] 【直播间】4015781 的第 21 个心跳包发送成功
[02:27:07 INF] 【直播间】9619073 的第 21 个心跳包发送成功
[02:27:08 INF] 【直播间】407149 的第 21 个心跳包发送成功
[02:27:32 INF] 【直播间】23357926 的第 22 个心跳包发送成功
[02:27:33 INF] 【直播间】23040372 的第 22 个心跳包发送成功
[02:27:34 INF] 【直播间】31494 的第 22 个心跳包发送成功
[02:28:12 INF] 【直播间】4015781 的第 22 个心跳包发送成功
[02:28:13 INF] 【直播间】9619073 的第 22 个心跳包发送成功
[02:28:14 INF] 【直播间】407149 的第 22 个心跳包发送成功
[02:28:38 INF] 【直播间】23357926 的第 23 个心跳包发送成功
[02:28:40 INF] 【直播间】23040372 的第 23 个心跳包发送成功
[02:28:41 INF] 【直播间】31494 的第 23 个心跳包发送成功
[02:29:18 INF] 【直播间】4015781 的第 23 个心跳包发送成功
[02:29:20 INF] 【直播间】9619073 的第 23 个心跳包发送成功
[02:29:21 INF] 【直播间】407149 的第 23 个心跳包发送成功
[02:29:45 INF] 【直播间】23357926 的第 24 个心跳包发送成功
[02:29:46 INF] 【直播间】23040372 的第 24 个心跳包发送成功
[02:29:48 INF] 【直播间】31494 的第 24 个心跳包发送成功
[02:30:25 INF] 【直播间】4015781 的第 24 个心跳包发送成功
[02:30:26 INF] 【直播间】9619073 的第 24 个心跳包发送成功
[02:30:27 INF] 【直播间】407149 的第 24 个心跳包发送成功
[02:30:51 INF] 【直播间】23357926 的第 25 个心跳包发送成功
[02:30:53 INF] 【直播间】23040372 的第 25 个心跳包发送成功
[02:30:54 INF] 【直播间】31494 的第 25 个心跳包发送成功
[02:31:31 INF] 【直播间】4015781 的第 25 个心跳包发送成功
[02:31:33 INF] 【直播间】9619073 的第 25 个心跳包发送成功
[02:31:34 INF] 【直播间】407149 的第 25 个心跳包发送成功
[02:31:58 INF] 【直播间】23357926 的第 26 个心跳包发送成功
[02:31:59 INF] 【直播间】23040372 的第 26 个心跳包发送成功
[02:32:00 INF] 【直播间】31494 的第 26 个心跳包发送成功
[02:32:38 INF] 【直播间】4015781 的第 26 个心跳包发送成功
[02:32:39 INF] 【直播间】9619073 的第 26 个心跳包发送成功
[02:32:40 INF] 【直播间】407149 的第 26 个心跳包发送成功
[02:33:04 INF] 【直播间】23357926 的第 27 个心跳包发送成功
[02:33:05 INF] 【直播间】23040372 的第 27 个心跳包发送成功
[02:33:07 INF] 【直播间】31494 的第 27 个心跳包发送成功
[02:33:44 INF] 【直播间】4015781 的第 27 个心跳包发送成功
[02:33:46 INF] 【直播间】9619073 的第 27 个心跳包发送成功
[02:33:47 INF] 【直播间】407149 的第 27 个心跳包发送成功
[02:34:10 INF] 【直播间】23357926 的第 28 个心跳包发送成功
[02:34:12 INF] 【直播间】23040372 的第 28 个心跳包发送成功
[02:34:13 INF] 【直播间】31494 的第 28 个心跳包发送成功
[02:34:51 ERR] 【心跳包】直播间 4015781 发送失败
[02:34:51 ERR] 【原因】time check failed
[02:34:52 ERR] 【心跳包】直播间 9619073 发送失败
[02:34:52 ERR] 【原因】time check failed
[02:34:53 ERR] 【心跳包】直播间 407149 发送失败
[02:34:53 ERR] 【原因】time check failed
[02:35:17 ERR] 【心跳包】直播间 23357926 发送失败
[02:35:17 ERR] 【原因】time check failed
[02:35:18 INF] 【直播间】23040372 的第 29 个心跳包发送成功
[02:35:20 INF] 【直播间】31494 的第 29 个心跳包发送成功
[02:35:57 INF] 【直播间】4015781 的第 28 个心跳包发送成功
[02:35:59 INF] 【直播间】9619073 的第 28 个心跳包发送成功
[02:36:00 INF] 【直播间】407149 的第 28 个心跳包发送成功
[02:36:24 INF] 【直播间】23357926 的第 29 个心跳包发送成功
[02:36:25 ERR] 【心跳包】直播间 23040372 发送失败
[02:36:25 ERR] 【原因】time check failed
[02:36:26 ERR] 【心跳包】直播间 31494 发送失败
[02:36:26 ERR] 【原因】time check failed
[02:37:04 INF] 【直播间】4015781 的第 29 个心跳包发送成功
[02:37:05 INF] 【直播间】9619073 的第 29 个心跳包发送成功
[02:37:06 INF] 【直播间】407149 的第 29 个心跳包发送成功
[02:37:30 INF] 【直播间】23357926 的第 30 个心跳包发送成功
[02:37:31 INF] 【直播间】23040372 的第 30 个心跳包发送成功
[02:37:32 INF] 【直播间】31494 的第 30 个心跳包发送成功
[02:38:11 INF] 【直播间】4015781 的第 30 个心跳包发送成功
[02:38:12 INF] 【直播间】9619073 的第 30 个心跳包发送成功
[02:38:13 INF] 【直播间】407149 的第 30 个心跳包发送成功
[02:38:36 INF] 【直播间】23357926 的第 31 个心跳包发送成功
[02:38:38 INF] 【直播间】23040372 的第 31 个心跳包发送成功
[02:38:39 INF] 【直播间】31494 的第 31 个心跳包发送成功
[02:39:17 INF] 【直播间】4015781 的第 31 个心跳包发送成功
[02:39:18 INF] 【直播间】9619073 的第 31 个心跳包发送成功
[02:39:19 INF] 【直播间】407149 的第 31 个心跳包发送成功
[02:39:43 INF] 【直播间】23357926 的第 32 个心跳包发送成功
[02:39:44 INF] 【直播间】23040372 的第 32 个心跳包发送成功
[02:39:45 INF] 【直播间】31494 的第 32 个心跳包发送成功
[02:40:23 INF] 【直播间】4015781 的第 32 个心跳包发送成功
[02:40:24 INF] 【直播间】9619073 的第 32 个心跳包发送成功
[02:40:26 INF] 【直播间】407149 的第 32 个心跳包发送成功
[02:40:49 INF] 【直播间】23357926 的第 33 个心跳包发送成功
[02:40:50 INF] 【直播间】23040372 的第 33 个心跳包发送成功
[02:40:52 INF] 【直播间】31494 的第 33 个心跳包发送成功
[02:41:30 INF] 【直播间】4015781 的第 33 个心跳包发送成功
[02:41:31 INF] 【直播间】9619073 的第 33 个心跳包发送成功
[02:41:32 INF] 【直播间】407149 的第 33 个心跳包发送成功
[02:41:56 INF] 【直播间】23357926 的第 34 个心跳包发送成功
[02:41:57 INF] 【直播间】23040372 的第 34 个心跳包发送成功
[02:41:58 INF] 【直播间】31494 的第 34 个心跳包发送成功
[02:42:36 INF] 【直播间】4015781 的第 34 个心跳包发送成功
[02:42:37 INF] 【直播间】9619073 的第 34 个心跳包发送成功
[02:42:39 INF] 【直播间】407149 的第 34 个心跳包发送成功
[02:43:02 INF] 【直播间】23357926 的第 35 个心跳包发送成功
[02:43:03 INF] 【直播间】23040372 的第 35 个心跳包发送成功
[02:43:04 INF] 【直播间】31494 的第 35 个心跳包发送成功
[02:43:43 INF] 【直播间】4015781 的第 35 个心跳包发送成功
[02:43:44 INF] 【直播间】9619073 的第 35 个心跳包发送成功
[02:43:45 INF] 【直播间】407149 的第 35 个心跳包发送成功
[02:44:08 INF] 【直播间】23357926 的第 36 个心跳包发送成功
[02:44:10 INF] 【直播间】23040372 的第 36 个心跳包发送成功
[02:44:11 INF] 【直播间】31494 的第 36 个心跳包发送成功
[02:44:49 INF] 【直播间】4015781 的第 36 个心跳包发送成功
[02:44:50 INF] 【直播间】9619073 的第 36 个心跳包发送成功
[02:44:52 INF] 【直播间】407149 的第 36 个心跳包发送成功
[02:45:15 INF] 【直播间】23357926 的第 37 个心跳包发送成功
[02:45:16 INF] 【直播间】23040372 的第 37 个心跳包发送成功
[02:45:17 INF] 【直播间】31494 的第 37 个心跳包发送成功
[02:45:56 INF] 【直播间】4015781 的第 37 个心跳包发送成功
[02:45:57 INF] 【直播间】9619073 的第 37 个心跳包发送成功
[02:45:58 INF] 【直播间】407149 的第 37 个心跳包发送成功
[02:46:21 INF] 【直播间】23357926 的第 38 个心跳包发送成功
[02:46:22 INF] 【直播间】23040372 的第 38 个心跳包发送成功
[02:46:24 INF] 【直播间】31494 的第 38 个心跳包发送成功
[02:47:02 INF] 【直播间】4015781 的第 38 个心跳包发送成功
[02:47:03 INF] 【直播间】9619073 的第 38 个心跳包发送成功
[02:47:05 INF] 【直播间】407149 的第 38 个心跳包发送成功
[02:47:28 INF] 【直播间】23357926 的第 39 个心跳包发送成功
[02:47:29 INF] 【直播间】23040372 的第 39 个心跳包发送成功
[02:47:30 INF] 【直播间】31494 的第 39 个心跳包发送成功
[02:48:09 INF] 【直播间】4015781 的第 39 个心跳包发送成功
[02:48:10 INF] 【直播间】9619073 的第 39 个心跳包发送成功
[02:48:11 INF] 【直播间】407149 的第 39 个心跳包发送成功
[02:48:34 INF] 【直播间】23357926 的第 40 个心跳包发送成功
[02:48:35 INF] 【直播间】23040372 的第 40 个心跳包发送成功
[02:48:37 INF] 【直播间】31494 的第 40 个心跳包发送成功
[02:49:15 INF] 【直播间】4015781 的第 40 个心跳包发送成功
[02:49:16 INF] 【直播间】9619073 的第 40 个心跳包发送成功
[02:49:18 INF] 【直播间】407149 的第 40 个心跳包发送成功
[02:49:41 INF] 【直播间】23357926 的第 41 个心跳包发送成功
[02:49:42 INF] 【直播间】23040372 的第 41 个心跳包发送成功
[02:49:43 INF] 【直播间】31494 的第 41 个心跳包发送成功
[02:50:22 INF] 【直播间】4015781 的第 41 个心跳包发送成功
[02:50:23 ERR] 【心跳包】直播间 9619073 发送失败
[02:50:23 ERR] 【原因】time check failed
[02:50:24 ERR] 【心跳包】直播间 407149 发送失败
[02:50:24 ERR] 【原因】time check failed
[02:50:47 INF] 【直播间】23357926 的第 42 个心跳包发送成功
[02:50:48 INF] 【直播间】23040372 的第 42 个心跳包发送成功
[02:50:50 INF] 【直播间】31494 的第 42 个心跳包发送成功
[02:51:28 ERR] 【心跳包】直播间 4015781 发送失败
[02:51:28 ERR] 【原因】time check failed
[02:51:29 INF] 【直播间】9619073 的第 41 个心跳包发送成功
[02:51:30 INF] 【直播间】407149 的第 41 个心跳包发送成功
[02:51:53 ERR] 【心跳包】直播间 23357926 发送失败
[02:51:53 ERR] 【原因】time check failed
[02:51:55 INF] 【直播间】23040372 的第 43 个心跳包发送成功
[02:51:56 INF] 【直播间】31494 的第 43 个心跳包发送成功
[02:52:34 INF] 【直播间】4015781 的第 42 个心跳包发送成功
[02:52:36 INF] 【直播间】9619073 的第 42 个心跳包发送成功
[02:52:37 INF] 【直播间】407149 的第 42 个心跳包发送成功
[02:53:00 INF] 【直播间】23357926 的第 43 个心跳包发送成功
[02:53:01 ERR] 【心跳包】直播间 23040372 发送失败
[02:53:01 ERR] 【原因】time check failed
[02:53:02 ERR] 【心跳包】直播间 31494 发送失败
[02:53:02 ERR] 【原因】time check failed
[02:53:41 INF] 【直播间】4015781 的第 43 个心跳包发送成功
[02:53:42 INF] 【直播间】9619073 的第 43 个心跳包发送成功
[02:53:44 INF] 【直播间】407149 的第 43 个心跳包发送成功
[02:54:06 INF] 【直播间】23357926 的第 44 个心跳包发送成功
[02:54:07 INF] 【直播间】23040372 的第 44 个心跳包发送成功
[02:54:09 INF] 【直播间】31494 的第 44 个心跳包发送成功
[02:54:48 INF] 【直播间】4015781 的第 44 个心跳包发送成功
[02:54:49 INF] 【直播间】9619073 的第 44 个心跳包发送成功
[02:54:50 INF] 【直播间】407149 的第 44 个心跳包发送成功
[02:55:13 INF] 【直播间】23357926 的第 45 个心跳包发送成功
[02:55:14 INF] 【直播间】23040372 的第 45 个心跳包发送成功
[02:55:15 INF] 【直播间】31494 的第 45 个心跳包发送成功
[02:55:54 INF] 【直播间】4015781 的第 45 个心跳包发送成功
[02:55:55 INF] 【直播间】9619073 的第 45 个心跳包发送成功
[02:55:57 INF] 【直播间】407149 的第 45 个心跳包发送成功
[02:56:19 INF] 【直播间】23357926 的第 46 个心跳包发送成功
[02:56:20 INF] 【直播间】23040372 的第 46 个心跳包发送成功
[02:56:22 INF] 【直播间】31494 的第 46 个心跳包发送成功
[02:57:01 INF] 【直播间】4015781 的第 46 个心跳包发送成功
[02:57:02 INF] 【直播间】9619073 的第 46 个心跳包发送成功
[02:57:03 INF] 【直播间】407149 的第 46 个心跳包发送成功
[02:57:26 INF] 【直播间】23357926 的第 47 个心跳包发送成功
[02:57:27 INF] 【直播间】23040372 的第 47 个心跳包发送成功
[02:57:28 INF] 【直播间】31494 的第 47 个心跳包发送成功
[02:58:07 INF] 【直播间】4015781 的第 47 个心跳包发送成功
[02:58:08 INF] 【直播间】9619073 的第 47 个心跳包发送成功
[02:58:09 INF] 【直播间】407149 的第 47 个心跳包发送成功
[02:58:32 INF] 【直播间】23357926 的第 48 个心跳包发送成功
[02:58:33 INF] 【直播间】23040372 的第 48 个心跳包发送成功
[02:58:34 INF] 【直播间】31494 的第 48 个心跳包发送成功
[02:59:14 INF] 【直播间】4015781 的第 48 个心跳包发送成功
[02:59:15 INF] 【直播间】9619073 的第 48 个心跳包发送成功
[02:59:16 INF] 【直播间】407149 的第 48 个心跳包发送成功
[02:59:38 INF] 【直播间】23357926 的第 49 个心跳包发送成功
[02:59:40 INF] 【直播间】23040372 的第 49 个心跳包发送成功
[02:59:41 INF] 【直播间】31494 的第 49 个心跳包发送成功
[03:00:20 INF] 【直播间】4015781 的第 49 个心跳包发送成功
[03:00:22 INF] 【直播间】9619073 的第 49 个心跳包发送成功
[03:00:23 INF] 【直播间】407149 的第 49 个心跳包发送成功
[03:00:45 INF] 【直播间】23357926 的第 50 个心跳包发送成功
[03:00:46 INF] 【直播间】23040372 的第 50 个心跳包发送成功
[03:00:47 INF] 【直播间】31494 的第 50 个心跳包发送成功
[03:01:27 INF] 【直播间】4015781 的第 50 个心跳包发送成功
[03:01:28 INF] 【直播间】9619073 的第 50 个心跳包发送成功
[03:01:29 INF] 【直播间】407149 的第 50 个心跳包发送成功
[03:01:51 INF] 【直播间】23357926 的第 51 个心跳包发送成功
[03:01:52 INF] 【直播间】23040372 的第 51 个心跳包发送成功
[03:01:54 INF] 【直播间】31494 的第 51 个心跳包发送成功
[03:02:33 INF] 【直播间】4015781 的第 51 个心跳包发送成功
[03:02:34 INF] 【直播间】9619073 的第 51 个心跳包发送成功
[03:02:36 INF] 【直播间】407149 的第 51 个心跳包发送成功
[03:02:57 INF] 【直播间】23357926 的第 52 个心跳包发送成功
[03:02:59 INF] 【直播间】23040372 的第 52 个心跳包发送成功
[03:03:00 INF] 【直播间】31494 的第 52 个心跳包发送成功
[03:03:40 INF] 【直播间】4015781 的第 52 个心跳包发送成功
[03:03:41 INF] 【直播间】9619073 的第 52 个心跳包发送成功
[03:03:42 INF] 【直播间】407149 的第 52 个心跳包发送成功
[03:04:04 INF] 【直播间】23357926 的第 53 个心跳包发送成功
[03:04:05 INF] 【直播间】23040372 的第 53 个心跳包发送成功
[03:04:06 INF] 【直播间】31494 的第 53 个心跳包发送成功
[03:04:46 INF] 【直播间】4015781 的第 53 个心跳包发送成功
[03:04:47 INF] 【直播间】9619073 的第 53 个心跳包发送成功
[03:04:49 INF] 【直播间】407149 的第 53 个心跳包发送成功
[03:05:10 INF] 【直播间】23357926 的第 54 个心跳包发送成功
[03:05:11 INF] 【直播间】23040372 的第 54 个心跳包发送成功
[03:05:13 INF] 【直播间】31494 的第 54 个心跳包发送成功
[03:05:53 INF] 【直播间】4015781 的第 54 个心跳包发送成功
[03:05:54 ERR] 【心跳包】直播间 9619073 发送失败
[03:05:54 ERR] 【原因】time check failed
[03:05:55 ERR] 【心跳包】直播间 407149 发送失败
[03:05:55 ERR] 【原因】time check failed
[03:06:17 INF] 【直播间】23357926 的第 55 个心跳包发送成功
[03:06:18 INF] 【直播间】23040372 的第 55 个心跳包发送成功
[03:06:19 INF] 【直播间】31494 的第 55 个心跳包发送成功
[03:06:59 ERR] 【心跳包】直播间 4015781 发送失败
[03:06:59 ERR] 【原因】time check failed
[03:07:01 INF] 【直播间】9619073 的第 54 个心跳包发送成功
[03:07:02 INF] 【直播间】407149 的第 54 个心跳包发送成功
[03:07:23 INF] 【直播间】23357926 的第 56 个心跳包发送成功
[03:07:24 INF] 【直播间】23040372 的第 56 个心跳包发送成功
[03:07:25 INF] 【直播间】31494 的第 56 个心跳包发送成功
[03:08:06 INF] 【直播间】4015781 的第 55 个心跳包发送成功
[03:08:07 INF] 【直播间】9619073 的第 55 个心跳包发送成功
[03:08:08 INF] 【直播间】407149 的第 55 个心跳包发送成功
[03:08:30 ERR] 【心跳包】直播间 23357926 发送失败
[03:08:30 ERR] 【原因】time check failed
[03:08:31 INF] 【直播间】23040372 的第 57 个心跳包发送成功
[03:08:32 INF] 【直播间】31494 的第 57 个心跳包发送成功
[03:09:12 INF] 【直播间】4015781 的第 56 个心跳包发送成功
[03:09:13 INF] 【直播间】9619073 的第 56 个心跳包发送成功
[03:09:15 INF] 【直播间】407149 的第 56 个心跳包发送成功
[03:09:36 INF] 【直播间】23357926 的第 57 个心跳包发送成功
[03:09:37 ERR] 【心跳包】直播间 23040372 发送失败
[03:09:37 ERR] 【原因】time check failed
[03:09:38 ERR] 【心跳包】直播间 31494 发送失败
[03:09:38 ERR] 【原因】time check failed
[03:10:19 INF] 【直播间】4015781 的第 57 个心跳包发送成功
[03:10:20 INF] 【直播间】9619073 的第 57 个心跳包发送成功
[03:10:21 INF] 【直播间】407149 的第 57 个心跳包发送成功
[03:10:42 INF] 【直播间】23357926 的第 58 个心跳包发送成功
[03:10:44 INF] 【直播间】23040372 的第 58 个心跳包发送成功
[03:10:45 INF] 【直播间】31494 的第 58 个心跳包发送成功
[03:11:25 INF] 【直播间】4015781 的第 58 个心跳包发送成功
[03:11:27 INF] 【直播间】9619073 的第 58 个心跳包发送成功
[03:11:28 INF] 【直播间】407149 的第 58 个心跳包发送成功
[03:11:49 INF] 【直播间】23357926 的第 59 个心跳包发送成功
[03:11:50 INF] 【直播间】23040372 的第 59 个心跳包发送成功
[03:11:51 INF] 【直播间】31494 的第 59 个心跳包发送成功
[03:12:32 INF] 【直播间】4015781 的第 59 个心跳包发送成功
[03:12:33 INF] 【直播间】9619073 的第 59 个心跳包发送成功
[03:12:34 INF] 【直播间】407149 的第 59 个心跳包发送成功
[03:12:56 INF] 【直播间】23357926 的第 60 个心跳包发送成功
[03:12:57 INF] 【直播间】23040372 的第 60 个心跳包发送成功
[03:12:58 INF] 【直播间】31494 的第 60 个心跳包发送成功
[03:13:38 INF] 【直播间】4015781 的第 60 个心跳包发送成功
[03:13:39 INF] 【直播间】9619073 的第 60 个心跳包发送成功
[03:13:40 INF] 【直播间】407149 的第 60 个心跳包发送成功
[03:14:02 INF] 【直播间】23357926 的第 61 个心跳包发送成功
[03:14:03 INF] 【直播间】23040372 的第 61 个心跳包发送成功
[03:14:04 INF] 【直播间】31494 的第 61 个心跳包发送成功
[03:14:44 INF] 【直播间】4015781 的第 61 个心跳包发送成功
[03:14:46 INF] 【直播间】9619073 的第 61 个心跳包发送成功
[03:14:47 INF] 【直播间】407149 的第 61 个心跳包发送成功
[03:15:08 INF] 【直播间】23357926 的第 62 个心跳包发送成功
[03:15:10 INF] 【直播间】23040372 的第 62 个心跳包发送成功
[03:15:11 INF] 【直播间】31494 的第 62 个心跳包发送成功
[03:15:51 INF] 【直播间】4015781 的第 62 个心跳包发送成功
[03:15:52 INF] 【直播间】9619073 的第 62 个心跳包发送成功
[03:15:53 INF] 【直播间】407149 的第 62 个心跳包发送成功
[03:16:15 INF] 【直播间】23357926 的第 63 个心跳包发送成功
[03:16:16 INF] 【直播间】23040372 的第 63 个心跳包发送成功
[03:16:18 INF] 【直播间】31494 的第 63 个心跳包发送成功
[03:16:57 INF] 【直播间】4015781 的第 63 个心跳包发送成功
[03:16:59 INF] 【直播间】9619073 的第 63 个心跳包发送成功
[03:17:00 INF] 【直播间】407149 的第 63 个心跳包发送成功
[03:17:21 INF] 【直播间】23357926 的第 64 个心跳包发送成功
[03:17:23 INF] 【直播间】23040372 的第 64 个心跳包发送成功
[03:17:24 INF] 【直播间】31494 的第 64 个心跳包发送成功
[03:18:04 INF] 【直播间】4015781 的第 64 个心跳包发送成功
[03:18:05 INF] 【直播间】9619073 的第 64 个心跳包发送成功
[03:18:06 INF] 【直播间】407149 的第 64 个心跳包发送成功
[03:18:28 INF] 【直播间】23357926 的第 65 个心跳包发送成功
[03:18:29 INF] 【直播间】23040372 的第 65 个心跳包发送成功
[03:18:30 INF] 【直播间】31494 的第 65 个心跳包发送成功
[03:19:10 INF] 【直播间】4015781 的第 65 个心跳包发送成功
[03:19:12 INF] 【直播间】9619073 的第 65 个心跳包发送成功
[03:19:13 INF] 【直播间】407149 的第 65 个心跳包发送成功
[03:19:34 INF] 【直播间】23357926 的第 66 个心跳包发送成功
[03:19:36 INF] 【直播间】23040372 的第 66 个心跳包发送成功
[03:19:37 INF] 【直播间】31494 的第 66 个心跳包发送成功
[03:20:17 INF] 【直播间】4015781 的第 66 个心跳包发送成功
[03:20:18 INF] 【直播间】9619073 的第 66 个心跳包发送成功
[03:20:19 INF] 【直播间】407149 的第 66 个心跳包发送成功
[03:20:41 INF] 【直播间】23357926 的第 67 个心跳包发送成功
[03:20:42 INF] 【直播间】23040372 的第 67 个心跳包发送成功
[03:20:43 INF] 【直播间】31494 的第 67 个心跳包发送成功
[03:21:23 INF] 【直播间】4015781 的第 67 个心跳包发送成功
[03:21:25 INF] 【直播间】9619073 的第 67 个心跳包发送成功
[03:21:26 ERR] 【心跳包】直播间 407149 发送失败
[03:21:26 ERR] 【原因】time check failed
[03:21:47 INF] 【直播间】23357926 的第 68 个心跳包发送成功
[03:21:49 INF] 【直播间】23040372 的第 68 个心跳包发送成功
[03:21:50 INF] 【直播间】31494 的第 68 个心跳包发送成功
[03:22:30 ERR] 【心跳包】直播间 4015781 发送失败
[03:22:30 ERR] 【原因】time check failed
[03:22:31 ERR] 【心跳包】直播间 9619073 发送失败
[03:22:31 ERR] 【原因】time check failed
[03:22:32 INF] 【直播间】407149 的第 67 个心跳包发送成功
[03:22:54 INF] 【直播间】23357926 的第 69 个心跳包发送成功
[03:22:55 INF] 【直播间】23040372 的第 69 个心跳包发送成功
[03:22:56 INF] 【直播间】31494 的第 69 个心跳包发送成功
[03:23:36 INF] 【直播间】4015781 的第 68 个心跳包发送成功
[03:23:38 INF] 【直播间】9619073 的第 68 个心跳包发送成功
[03:23:39 INF] 【直播间】407149 的第 68 个心跳包发送成功
[03:24:00 INF] 【直播间】23357926 的第 70 个心跳包发送成功
[03:24:02 INF] 【直播间】23040372 的第 70 个心跳包发送成功
[03:24:03 INF] 【直播间】31494 的第 70 个心跳包发送成功
[03:24:43 INF] 【直播间】4015781 的第 69 个心跳包发送成功
[03:24:44 INF] 【直播间】9619073 的第 69 个心跳包发送成功
[03:24:45 INF] 【直播间】407149 的第 69 个心跳包发送成功
[03:25:07 ERR] 【心跳包】直播间 23357926 发送失败
[03:25:07 ERR] 【原因】time check failed
[03:25:08 ERR] 【心跳包】直播间 23040372 发送失败
[03:25:08 ERR] 【原因】time check failed
[03:25:09 ERR] 【心跳包】直播间 31494 发送失败
[03:25:09 ERR] 【原因】time check failed
[03:25:49 INF] 【直播间】4015781 的第 70 个心跳包发送成功
[03:25:50 INF] 【直播间】9619073 的第 70 个心跳包发送成功
[03:25:52 INF] 【直播间】407149 的第 70 个心跳包发送成功
[03:25:52 INF] 【直播观看时长】完成情况：6/6 
[03:25:52 INF] ---------结束---------

[03:25:52 INF] ==========结束==========

[03:25:52 INF] ######### 账号 3 #########

[03:25:52 INF] =====开始 直播间互动 =====

[03:25:52 INF] ---开始 发送弹幕 ---
[03:25:52 INF] 检测到直播 Cookie 未正确配置，尝试自动配置中...
[03:25:56 INF] 直播 Cookie 配置成功！
[03:25:56 INF] 【获取直播列表】获取拥有粉丝牌的直播列表
[03:26:04 INF] 【主播】苏打baka 
[03:26:19 INF] 【直播间】苏打baka
[03:26:19 INF] 【粉丝牌】碳酸钠
[03:26:19 INF] 正在发送弹幕...
[03:26:22 INF] -------结束-------

[03:26:22 INF] ---开始 点赞直播间 ---
[03:26:22 INF] 【获取直播列表】获取拥有粉丝牌的直播列表
[03:26:29 INF] 【主播】苏打baka 
[03:26:33 INF] 【弹幕发送】成功~，你和主播 苏打baka 的亲密值增加了100！
[03:26:48 INF] --------结束--------

[03:26:48 INF] ---开始 直播时长挂机 ---
[03:26:48 INF] 【获取直播列表】获取拥有粉丝牌的直播列表
[03:26:48 INF] 【点赞直播间】23040372 完成
[03:26:51 INF] 【主播】苏打baka 
[03:27:11 INF] 【直播间】23040372 的第 1 个心跳包发送成功
[03:28:18 INF] 【直播间】23040372 的第 2 个心跳包发送成功
[03:29:24 INF] 【直播间】23040372 的第 3 个心跳包发送成功
[03:30:31 INF] 【直播间】23040372 的第 4 个心跳包发送成功
[03:31:37 INF] 【直播间】23040372 的第 5 个心跳包发送成功
[03:32:43 INF] 【直播间】23040372 的第 6 个心跳包发送成功
[03:33:50 INF] 【直播间】23040372 的第 7 个心跳包发送成功
[03:34:57 INF] 【直播间】23040372 的第 8 个心跳包发送成功
[03:36:03 INF] 【直播间】23040372 的第 9 个心跳包发送成功
[03:37:10 INF] 【直播间】23040372 的第 10 个心跳包发送成功
[03:38:16 INF] 【直播间】23040372 的第 11 个心跳包发送成功
[03:39:23 INF] 【直播间】23040372 的第 12 个心跳包发送成功
[03:40:30 INF] 【直播间】23040372 的第 13 个心跳包发送成功
[03:41:36 INF] 【直播间】23040372 的第 14 个心跳包发送成功
[03:42:42 ERR] 【心跳包】直播间 23040372 发送失败
[03:42:42 ERR] 【原因】time check failed
[03:43:49 INF] 【直播间】23040372 的第 15 个心跳包发送成功
[03:44:55 INF] 【直播间】23040372 的第 16 个心跳包发送成功
[03:46:02 INF] 【直播间】23040372 的第 17 个心跳包发送成功
[03:47:08 INF] 【直播间】23040372 的第 18 个心跳包发送成功
[03:48:15 INF] 【直播间】23040372 的第 19 个心跳包发送成功
[03:49:21 INF] 【直播间】23040372 的第 20 个心跳包发送成功
[03:50:28 INF] 【直播间】23040372 的第 21 个心跳包发送成功
[03:51:35 INF] 【直播间】23040372 的第 22 个心跳包发送成功
[03:52:41 INF] 【直播间】23040372 的第 23 个心跳包发送成功
[03:53:48 INF] 【直播间】23040372 的第 24 个心跳包发送成功
[03:54:54 INF] 【直播间】23040372 的第 25 个心跳包发送成功
[03:56:01 INF] 【直播间】23040372 的第 26 个心跳包发送成功
[03:57:07 INF] 【直播间】23040372 的第 27 个心跳包发送成功
[03:58:14 ERR] 【心跳包】直播间 23040372 发送失败
[03:58:14 ERR] 【原因】time check failed
[03:59:20 INF] 【直播间】23040372 的第 28 个心跳包发送成功
[04:00:27 INF] 【直播间】23040372 的第 29 个心跳包发送成功
[04:01:33 INF] 【直播间】23040372 的第 30 个心跳包发送成功
[04:02:40 INF] 【直播间】23040372 的第 31 个心跳包发送成功
[04:03:46 INF] 【直播间】23040372 的第 32 个心跳包发送成功
[04:04:53 INF] 【直播间】23040372 的第 33 个心跳包发送成功
[04:05:59 INF] 【直播间】23040372 的第 34 个心跳包发送成功
[04:07:06 INF] 【直播间】23040372 的第 35 个心跳包发送成功
[04:08:13 INF] 【直播间】23040372 的第 36 个心跳包发送成功
[04:09:19 INF] 【直播间】23040372 的第 37 个心跳包发送成功
[04:10:26 INF] 【直播间】23040372 的第 38 个心跳包发送成功
[04:11:32 INF] 【直播间】23040372 的第 39 个心跳包发送成功
[04:12:39 INF] 【直播间】23040372 的第 40 个心跳包发送成功
[04:13:45 ERR] 【心跳包】直播间 23040372 发送失败
[04:13:45 ERR] 【原因】time check failed
[04:14:52 INF] 【直播间】23040372 的第 41 个心跳包发送成功
[04:15:59 INF] 【直播间】23040372 的第 42 个心跳包发送成功
[04:17:05 INF] 【直播间】23040372 的第 43 个心跳包发送成功
[04:18:12 INF] 【直播间】23040372 的第 44 个心跳包发送成功
[04:19:19 INF] 【直播间】23040372 的第 45 个心跳包发送成功
[04:20:25 INF] 【直播间】23040372 的第 46 个心跳包发送成功
[04:21:31 INF] 【直播间】23040372 的第 47 个心跳包发送成功
[04:22:38 INF] 【直播间】23040372 的第 48 个心跳包发送成功
[04:23:45 INF] 【直播间】23040372 的第 49 个心跳包发送成功
[04:24:51 INF] 【直播间】23040372 的第 50 个心跳包发送成功
[04:25:58 INF] 【直播间】23040372 的第 51 个心跳包发送成功
[04:27:04 INF] 【直播间】23040372 的第 52 个心跳包发送成功
[04:28:11 INF] 【直播间】23040372 的第 53 个心跳包发送成功
[04:29:18 ERR] 【心跳包】直播间 23040372 发送失败
[04:29:18 ERR] 【原因】time check failed
[04:30:24 INF] 【直播间】23040372 的第 54 个心跳包发送成功
[04:31:30 INF] 【直播间】23040372 的第 55 个心跳包发送成功
[04:32:37 INF] 【直播间】23040372 的第 56 个心跳包发送成功
[04:33:43 INF] 【直播间】23040372 的第 57 个心跳包发送成功
[04:34:50 INF] 【直播间】23040372 的第 58 个心跳包发送成功
[04:35:57 INF] 【直播间】23040372 的第 59 个心跳包发送成功
[04:37:03 INF] 【直播间】23040372 的第 60 个心跳包发送成功
[04:38:10 INF] 【直播间】23040372 的第 61 个心跳包发送成功
[04:39:16 INF] 【直播间】23040372 的第 62 个心跳包发送成功
[04:40:23 INF] 【直播间】23040372 的第 63 个心跳包发送成功
[04:41:29 INF] 【直播间】23040372 的第 64 个心跳包发送成功
[04:42:36 INF] 【直播间】23040372 的第 65 个心跳包发送成功
[04:43:42 INF] 【直播间】23040372 的第 66 个心跳包发送成功
[04:44:49 ERR] 【心跳包】直播间 23040372 发送失败
[04:44:49 ERR] 【原因】time check failed
[04:45:55 INF] 【直播间】23040372 的第 67 个心跳包发送成功
[04:47:02 INF] 【直播间】23040372 的第 68 个心跳包发送成功
[04:48:08 INF] 【直播间】23040372 的第 69 个心跳包发送成功
[04:49:15 INF] 【直播间】23040372 的第 70 个心跳包发送成功
[04:49:15 INF] 【直播观看时长】完成情况：1/1 
[04:49:15 INF] ---------结束---------

[04:49:15 INF] ==========结束==========

[04:49:15 INF] 

========================

 v2.0.1 开源 by https://github.com/RayWangQvQ/BiliBiliToolPro

[04:49:15 INF] ·开始推送·LiveFansMedal任务·
2023-06-24T20:49:15.0578009Z 开始推送到:自定义
2023-06-24T20:49:25.0571179Z Response status: OK.
2023-06-24T20:49:25.0571524Z Response content: {"message":"","success":true,"uuid":"f28bb86284ec4b0c86ebe2ae7e6b9331"}.

[04:49:25 INF] 运行环境：Development
[04:49:25 INF] 应用目录：/home/runner/work/BiliBiliToolPro/BiliBiliToolPro/src/Ray.BiliBiliTool.Console/bin/Debug/net6.0/

[04:49:25 INF] 运行结束
