----------- ip 信息 ---------
{
  "ip": "52.157.4.88",
  "city": "San Jose",
  "region": "California",
  "country": "US",
  "loc": "37.3394,-121.8950",
  "org": "AS8075 Microsoft Corporation",
  "postal": "95103",
  "timezone": "America/Los_Angeles",
  "readme": "https://ipinfo.io/missingauth"
} ---------- end ------------
  ____               ____    _   _____           _  
 |  _ \ __ _ _   _  | __ ) _| |_|_   _|__   ___ | | 
 | |_) / _` | | | | |  _ \(_) (_) | |/ _ \ / _ \| | 
 |  _ < (_| | |_| | | |_) | | | | | | (_) | (_) | | 
 |_| \_\__,_|\__, | |____/|_|_|_| |_|\___/ \___/|_| 
             |___/                                  

[00:32:35 INF] BiliBiliToolPro 开始运行...

[00:32:35 INF] 【账号个数】3个

[00:32:35 INF] 随机休眠2分钟

[00:34:35 INF] 【目标任务】LiveFansMedal
[00:34:35 INF] ######### 账号 1 #########

[00:34:35 INF] =====开始 直播间互动 =====

[00:34:35 INF] ---开始 发送弹幕 ---
[00:34:35 INF] 检测到直播 Cookie 未正确配置，尝试自动配置中...
[00:34:42 INF] 直播 Cookie 配置成功！
[00:34:42 INF] 【获取直播列表】获取拥有粉丝牌的直播列表
[00:34:49 INF] 【主播】Mark陌枫 
[00:35:05 INF] 【主播】KL_qiqi_ 
[00:35:21 INF] 【主播】苏打baka 
[00:35:35 INF] 【直播间】Mark陌枫
[00:35:35 INF] 【粉丝牌】馬楓
[00:35:35 INF] 正在发送弹幕...
[00:35:39 INF] 【直播间】KL_qiqi_
[00:35:39 INF] 【粉丝牌】qiqisb
[00:35:39 INF] 正在发送弹幕...
[00:35:44 INF] 【直播间】苏打baka
[00:35:44 INF] 【粉丝牌】碳酸钠
[00:35:44 INF] 正在发送弹幕...
[00:35:48 INF] -------结束-------

[00:35:48 INF] ---开始 点赞直播间 ---
[00:35:48 INF] 【获取直播列表】获取拥有粉丝牌的直播列表
[00:35:52 INF] 【主播】Mark陌枫 
[00:35:52 INF] 【弹幕发送】成功~，你和主播 KL_qiqi_ 的亲密值增加了100！
[00:35:54 INF] 【弹幕发送】成功~，你和主播 Mark陌枫 的亲密值增加了100！
[00:36:02 INF] 【弹幕发送】成功~，你和主播 苏打baka 的亲密值增加了100！
[00:36:03 INF] 【主播】KL_qiqi_ 
[00:36:20 INF] 【主播】苏打baka 
[00:36:41 INF] 【点赞直播间】23357926 完成
[00:36:44 INF] 【点赞直播间】407149 完成
[00:36:50 INF] --------结束--------

[00:36:50 INF] ---开始 直播时长挂机 ---
[00:36:50 INF] 【获取直播列表】获取拥有粉丝牌的直播列表
[00:36:50 INF] 【点赞直播间】23040372 完成
[00:36:53 INF] 【主播】Mark陌枫 
[00:37:11 INF] 【主播】KL_qiqi_ 
[00:37:30 INF] 【主播】苏打baka 
[00:37:47 INF] 【直播间】23357926 的第 1 个心跳包发送成功
[00:37:49 INF] 【直播间】407149 的第 1 个心跳包发送成功
[00:37:50 INF] 【直播间】23040372 的第 1 个心跳包发送成功
[00:38:54 INF] 【直播间】23357926 的第 2 个心跳包发送成功
[00:38:55 INF] 【直播间】407149 的第 2 个心跳包发送成功
[00:38:56 INF] 【直播间】23040372 的第 2 个心跳包发送成功
[00:40:01 INF] 【直播间】23357926 的第 3 个心跳包发送成功
[00:40:02 INF] 【直播间】407149 的第 3 个心跳包发送成功
[00:40:03 INF] 【直播间】23040372 的第 3 个心跳包发送成功
[00:41:07 INF] 【直播间】23357926 的第 4 个心跳包发送成功
[00:41:08 INF] 【直播间】407149 的第 4 个心跳包发送成功
[00:41:09 INF] 【直播间】23040372 的第 4 个心跳包发送成功
[00:42:13 INF] 【直播间】23357926 的第 5 个心跳包发送成功
[00:42:14 INF] 【直播间】407149 的第 5 个心跳包发送成功
[00:42:16 INF] 【直播间】23040372 的第 5 个心跳包发送成功
[00:43:19 INF] 【直播间】23357926 的第 6 个心跳包发送成功
[00:43:21 INF] 【直播间】407149 的第 6 个心跳包发送成功
[00:43:22 INF] 【直播间】23040372 的第 6 个心跳包发送成功
[00:44:26 INF] 【直播间】23357926 的第 7 个心跳包发送成功
[00:44:27 INF] 【直播间】407149 的第 7 个心跳包发送成功
[00:44:28 INF] 【直播间】23040372 的第 7 个心跳包发送成功
[00:45:32 INF] 【直播间】23357926 的第 8 个心跳包发送成功
[00:45:33 INF] 【直播间】407149 的第 8 个心跳包发送成功
[00:45:35 INF] 【直播间】23040372 的第 8 个心跳包发送成功
[00:46:38 INF] 【直播间】23357926 的第 9 个心跳包发送成功
[00:46:40 INF] 【直播间】407149 的第 9 个心跳包发送成功
[00:46:41 INF] 【直播间】23040372 的第 9 个心跳包发送成功
[00:47:45 INF] 【直播间】23357926 的第 10 个心跳包发送成功
[00:47:46 INF] 【直播间】407149 的第 10 个心跳包发送成功
[00:47:47 INF] 【直播间】23040372 的第 10 个心跳包发送成功
[00:48:51 INF] 【直播间】23357926 的第 11 个心跳包发送成功
[00:48:52 INF] 【直播间】407149 的第 11 个心跳包发送成功
[00:48:54 INF] 【直播间】23040372 的第 11 个心跳包发送成功
[00:49:57 INF] 【直播间】23357926 的第 12 个心跳包发送成功
[00:49:59 INF] 【直播间】407149 的第 12 个心跳包发送成功
[00:50:00 INF] 【直播间】23040372 的第 12 个心跳包发送成功
[00:51:04 INF] 【直播间】23357926 的第 13 个心跳包发送成功
[00:51:05 INF] 【直播间】407149 的第 13 个心跳包发送成功
[00:51:07 INF] 【直播间】23040372 的第 13 个心跳包发送成功
[00:52:10 INF] 【直播间】23357926 的第 14 个心跳包发送成功
[00:52:12 INF] 【直播间】407149 的第 14 个心跳包发送成功
[00:52:13 INF] 【直播间】23040372 的第 14 个心跳包发送成功
[00:53:16 INF] 【直播间】23357926 的第 15 个心跳包发送成功
[00:53:18 INF] 【直播间】407149 的第 15 个心跳包发送成功
[00:53:19 INF] 【直播间】23040372 的第 15 个心跳包发送成功
[00:54:23 ERR] 【心跳包】直播间 23357926 发送失败
[00:54:23 ERR] 【原因】time check failed
[00:54:24 ERR] 【心跳包】直播间 407149 发送失败
[00:54:24 ERR] 【原因】time check failed
[00:54:25 ERR] 【心跳包】直播间 23040372 发送失败
[00:54:25 ERR] 【原因】time check failed
[00:55:29 INF] 【直播间】23357926 的第 16 个心跳包发送成功
[00:55:30 INF] 【直播间】407149 的第 16 个心跳包发送成功
[00:55:32 INF] 【直播间】23040372 的第 16 个心跳包发送成功
[00:56:36 INF] 【直播间】23357926 的第 17 个心跳包发送成功
[00:56:37 INF] 【直播间】407149 的第 17 个心跳包发送成功
[00:56:38 INF] 【直播间】23040372 的第 17 个心跳包发送成功
[00:57:42 INF] 【直播间】23357926 的第 18 个心跳包发送成功
[00:57:43 INF] 【直播间】407149 的第 18 个心跳包发送成功
[00:57:45 INF] 【直播间】23040372 的第 18 个心跳包发送成功
[00:58:49 INF] 【直播间】23357926 的第 19 个心跳包发送成功
[00:58:50 INF] 【直播间】407149 的第 19 个心跳包发送成功
[00:58:51 INF] 【直播间】23040372 的第 19 个心跳包发送成功
[00:59:55 INF] 【直播间】23357926 的第 20 个心跳包发送成功
[00:59:56 INF] 【直播间】407149 的第 20 个心跳包发送成功
[00:59:58 INF] 【直播间】23040372 的第 20 个心跳包发送成功
[01:01:01 INF] 【直播间】23357926 的第 21 个心跳包发送成功
[01:01:02 INF] 【直播间】407149 的第 21 个心跳包发送成功
[01:01:04 INF] 【直播间】23040372 的第 21 个心跳包发送成功
[01:02:08 INF] 【直播间】23357926 的第 22 个心跳包发送成功
[01:02:09 INF] 【直播间】407149 的第 22 个心跳包发送成功
[01:02:10 INF] 【直播间】23040372 的第 22 个心跳包发送成功
[01:03:14 INF] 【直播间】23357926 的第 23 个心跳包发送成功
[01:03:15 INF] 【直播间】407149 的第 23 个心跳包发送成功
[01:03:16 INF] 【直播间】23040372 的第 23 个心跳包发送成功
[01:04:20 INF] 【直播间】23357926 的第 24 个心跳包发送成功
[01:04:21 INF] 【直播间】407149 的第 24 个心跳包发送成功
[01:04:23 INF] 【直播间】23040372 的第 24 个心跳包发送成功
[01:05:27 INF] 【直播间】23357926 的第 25 个心跳包发送成功
[01:05:28 INF] 【直播间】407149 的第 25 个心跳包发送成功
[01:05:29 INF] 【直播间】23040372 的第 25 个心跳包发送成功
[01:06:33 INF] 【直播间】23357926 的第 26 个心跳包发送成功
[01:06:34 INF] 【直播间】407149 的第 26 个心跳包发送成功
[01:06:35 INF] 【直播间】23040372 的第 26 个心跳包发送成功
[01:07:39 INF] 【直播间】23357926 的第 27 个心跳包发送成功
[01:07:41 INF] 【直播间】407149 的第 27 个心跳包发送成功
[01:07:42 INF] 【直播间】23040372 的第 27 个心跳包发送成功
[01:08:46 INF] 【直播间】23357926 的第 28 个心跳包发送成功
[01:08:47 INF] 【直播间】407149 的第 28 个心跳包发送成功
[01:08:48 INF] 【直播间】23040372 的第 28 个心跳包发送成功
[01:09:52 INF] 【直播间】23357926 的第 29 个心跳包发送成功
[01:09:53 INF] 【直播间】407149 的第 29 个心跳包发送成功
[01:09:54 INF] 【直播间】23040372 的第 29 个心跳包发送成功
[01:10:58 ERR] 【心跳包】直播间 23357926 发送失败
[01:10:58 ERR] 【原因】time check failed
[01:10:59 ERR] 【心跳包】直播间 407149 发送失败
[01:10:59 ERR] 【原因】time check failed
[01:11:01 ERR] 【心跳包】直播间 23040372 发送失败
[01:11:01 ERR] 【原因】time check failed
[01:12:05 INF] 【直播间】23357926 的第 30 个心跳包发送成功
[01:12:06 INF] 【直播间】407149 的第 30 个心跳包发送成功
[01:12:07 INF] 【直播间】23040372 的第 30 个心跳包发送成功
[01:13:11 INF] 【直播间】23357926 的第 31 个心跳包发送成功
[01:13:12 INF] 【直播间】407149 的第 31 个心跳包发送成功
[01:13:14 INF] 【直播间】23040372 的第 31 个心跳包发送成功
[01:14:17 INF] 【直播间】23357926 的第 32 个心跳包发送成功
[01:14:19 INF] 【直播间】407149 的第 32 个心跳包发送成功
[01:14:20 INF] 【直播间】23040372 的第 32 个心跳包发送成功
[01:15:24 INF] 【直播间】23357926 的第 33 个心跳包发送成功
[01:15:25 INF] 【直播间】407149 的第 33 个心跳包发送成功
[01:15:26 INF] 【直播间】23040372 的第 33 个心跳包发送成功
[01:16:30 INF] 【直播间】23357926 的第 34 个心跳包发送成功
[01:16:31 INF] 【直播间】407149 的第 34 个心跳包发送成功
[01:16:33 INF] 【直播间】23040372 的第 34 个心跳包发送成功
[01:17:37 INF] 【直播间】23357926 的第 35 个心跳包发送成功
[01:17:38 INF] 【直播间】407149 的第 35 个心跳包发送成功
[01:17:39 INF] 【直播间】23040372 的第 35 个心跳包发送成功
[01:18:43 INF] 【直播间】23357926 的第 36 个心跳包发送成功
[01:18:44 INF] 【直播间】407149 的第 36 个心跳包发送成功
[01:18:46 INF] 【直播间】23040372 的第 36 个心跳包发送成功
[01:19:49 INF] 【直播间】23357926 的第 37 个心跳包发送成功
[01:19:51 INF] 【直播间】407149 的第 37 个心跳包发送成功
[01:19:52 INF] 【直播间】23040372 的第 37 个心跳包发送成功
[01:20:56 INF] 【直播间】23357926 的第 38 个心跳包发送成功
[01:20:57 INF] 【直播间】407149 的第 38 个心跳包发送成功
[01:20:58 INF] 【直播间】23040372 的第 38 个心跳包发送成功
[01:22:02 INF] 【直播间】23357926 的第 39 个心跳包发送成功
[01:22:03 INF] 【直播间】407149 的第 39 个心跳包发送成功
[01:22:05 INF] 【直播间】23040372 的第 39 个心跳包发送成功
[01:23:09 INF] 【直播间】23357926 的第 40 个心跳包发送成功
[01:23:10 INF] 【直播间】407149 的第 40 个心跳包发送成功
[01:23:11 INF] 【直播间】23040372 的第 40 个心跳包发送成功
[01:24:15 INF] 【直播间】23357926 的第 41 个心跳包发送成功
[01:24:16 INF] 【直播间】407149 的第 41 个心跳包发送成功
[01:24:17 INF] 【直播间】23040372 的第 41 个心跳包发送成功
[01:25:21 INF] 【直播间】23357926 的第 42 个心跳包发送成功
[01:25:22 INF] 【直播间】407149 的第 42 个心跳包发送成功
[01:25:24 INF] 【直播间】23040372 的第 42 个心跳包发送成功
[01:26:28 INF] 【直播间】23357926 的第 43 个心跳包发送成功
[01:26:29 INF] 【直播间】407149 的第 43 个心跳包发送成功
[01:26:30 INF] 【直播间】23040372 的第 43 个心跳包发送成功
[01:27:34 ERR] 【心跳包】直播间 23357926 发送失败
[01:27:34 ERR] 【原因】time check failed
[01:27:35 ERR] 【心跳包】直播间 407149 发送失败
[01:27:35 ERR] 【原因】time check failed
[01:27:36 ERR] 【心跳包】直播间 23040372 发送失败
[01:27:36 ERR] 【原因】time check failed
[01:28:40 INF] 【直播间】23357926 的第 44 个心跳包发送成功
[01:28:41 INF] 【直播间】407149 的第 44 个心跳包发送成功
[01:28:43 INF] 【直播间】23040372 的第 44 个心跳包发送成功
[01:29:47 INF] 【直播间】23357926 的第 45 个心跳包发送成功
[01:29:48 INF] 【直播间】407149 的第 45 个心跳包发送成功
[01:29:49 INF] 【直播间】23040372 的第 45 个心跳包发送成功
[01:30:53 INF] 【直播间】23357926 的第 46 个心跳包发送成功
[01:30:54 INF] 【直播间】407149 的第 46 个心跳包发送成功
[01:30:55 INF] 【直播间】23040372 的第 46 个心跳包发送成功
[01:31:59 INF] 【直播间】23357926 的第 47 个心跳包发送成功
[01:32:00 INF] 【直播间】407149 的第 47 个心跳包发送成功
[01:32:02 INF] 【直播间】23040372 的第 47 个心跳包发送成功
[01:33:05 INF] 【直播间】23357926 的第 48 个心跳包发送成功
[01:33:07 INF] 【直播间】407149 的第 48 个心跳包发送成功
[01:33:08 INF] 【直播间】23040372 的第 48 个心跳包发送成功
[01:34:12 INF] 【直播间】23357926 的第 49 个心跳包发送成功
[01:34:13 INF] 【直播间】407149 的第 49 个心跳包发送成功
[01:34:14 INF] 【直播间】23040372 的第 49 个心跳包发送成功
[01:35:18 INF] 【直播间】23357926 的第 50 个心跳包发送成功
[01:35:19 INF] 【直播间】407149 的第 50 个心跳包发送成功
[01:35:21 INF] 【直播间】23040372 的第 50 个心跳包发送成功
[01:36:24 INF] 【直播间】23357926 的第 51 个心跳包发送成功
[01:36:26 INF] 【直播间】407149 的第 51 个心跳包发送成功
[01:36:27 INF] 【直播间】23040372 的第 51 个心跳包发送成功
[01:37:31 INF] 【直播间】23357926 的第 52 个心跳包发送成功
[01:37:32 INF] 【直播间】407149 的第 52 个心跳包发送成功
[01:37:33 INF] 【直播间】23040372 的第 52 个心跳包发送成功
[01:38:37 INF] 【直播间】23357926 的第 53 个心跳包发送成功
[01:38:38 INF] 【直播间】407149 的第 53 个心跳包发送成功
[01:38:40 INF] 【直播间】23040372 的第 53 个心跳包发送成功
[01:39:43 INF] 【直播间】23357926 的第 54 个心跳包发送成功
[01:39:44 INF] 【直播间】407149 的第 54 个心跳包发送成功
[01:39:46 INF] 【直播间】23040372 的第 54 个心跳包发送成功
[01:40:50 INF] 【直播间】23357926 的第 55 个心跳包发送成功
[01:40:51 INF] 【直播间】407149 的第 55 个心跳包发送成功
[01:40:52 INF] 【直播间】23040372 的第 55 个心跳包发送成功
[01:41:56 INF] 【直播间】23357926 的第 56 个心跳包发送成功
[01:41:57 INF] 【直播间】407149 的第 56 个心跳包发送成功
[01:41:58 INF] 【直播间】23040372 的第 56 个心跳包发送成功
[01:43:02 INF] 【直播间】23357926 的第 57 个心跳包发送成功
[01:43:03 INF] 【直播间】407149 的第 57 个心跳包发送成功
[01:43:05 INF] 【直播间】23040372 的第 57 个心跳包发送成功
[01:44:08 ERR] 【心跳包】直播间 23357926 发送失败
[01:44:08 ERR] 【原因】time check failed
[01:44:10 ERR] 【心跳包】直播间 407149 发送失败
[01:44:10 ERR] 【原因】time check failed
[01:44:11 ERR] 【心跳包】直播间 23040372 发送失败
[01:44:11 ERR] 【原因】time check failed
[01:45:15 INF] 【直播间】23357926 的第 58 个心跳包发送成功
[01:45:16 INF] 【直播间】407149 的第 58 个心跳包发送成功
[01:45:17 INF] 【直播间】23040372 的第 58 个心跳包发送成功
[01:46:21 INF] 【直播间】23357926 的第 59 个心跳包发送成功
[01:46:22 INF] 【直播间】407149 的第 59 个心跳包发送成功
[01:46:23 INF] 【直播间】23040372 的第 59 个心跳包发送成功
[01:47:27 INF] 【直播间】23357926 的第 60 个心跳包发送成功
[01:47:29 INF] 【直播间】407149 的第 60 个心跳包发送成功
[01:47:30 INF] 【直播间】23040372 的第 60 个心跳包发送成功
[01:48:34 INF] 【直播间】23357926 的第 61 个心跳包发送成功
[01:48:35 INF] 【直播间】407149 的第 61 个心跳包发送成功
[01:48:36 INF] 【直播间】23040372 的第 61 个心跳包发送成功
[01:49:40 INF] 【直播间】23357926 的第 62 个心跳包发送成功
[01:49:41 INF] 【直播间】407149 的第 62 个心跳包发送成功
[01:49:42 INF] 【直播间】23040372 的第 62 个心跳包发送成功
[01:50:46 INF] 【直播间】23357926 的第 63 个心跳包发送成功
[01:50:48 INF] 【直播间】407149 的第 63 个心跳包发送成功
[01:50:49 INF] 【直播间】23040372 的第 63 个心跳包发送成功
[01:51:53 INF] 【直播间】23357926 的第 64 个心跳包发送成功
[01:51:54 INF] 【直播间】407149 的第 64 个心跳包发送成功
[01:51:55 INF] 【直播间】23040372 的第 64 个心跳包发送成功
[01:52:59 INF] 【直播间】23357926 的第 65 个心跳包发送成功
[01:53:00 INF] 【直播间】407149 的第 65 个心跳包发送成功
[01:53:01 INF] 【直播间】23040372 的第 65 个心跳包发送成功
[01:54:05 INF] 【直播间】23357926 的第 66 个心跳包发送成功
[01:54:06 INF] 【直播间】407149 的第 66 个心跳包发送成功
[01:54:08 INF] 【直播间】23040372 的第 66 个心跳包发送成功
[01:55:11 INF] 【直播间】23357926 的第 67 个心跳包发送成功
[01:55:13 INF] 【直播间】407149 的第 67 个心跳包发送成功
[01:55:14 INF] 【直播间】23040372 的第 67 个心跳包发送成功
[01:56:18 INF] 【直播间】23357926 的第 68 个心跳包发送成功
[01:56:19 INF] 【直播间】407149 的第 68 个心跳包发送成功
[01:56:20 INF] 【直播间】23040372 的第 68 个心跳包发送成功
[01:57:24 INF] 【直播间】23357926 的第 69 个心跳包发送成功
[01:57:25 INF] 【直播间】407149 的第 69 个心跳包发送成功
[01:57:27 INF] 【直播间】23040372 的第 69 个心跳包发送成功
[01:58:31 INF] 【直播间】23357926 的第 70 个心跳包发送成功
[01:58:32 INF] 【直播间】407149 的第 70 个心跳包发送成功
[01:58:33 INF] 【直播间】23040372 的第 70 个心跳包发送成功
[01:58:33 INF] 【直播观看时长】完成情况：3/3 
[01:58:33 INF] ---------结束---------

[01:58:33 INF] ==========结束==========

[01:58:33 INF] ######### 账号 2 #########

[01:58:33 INF] =====开始 直播间互动 =====

[01:58:33 INF] ---开始 发送弹幕 ---
[01:58:33 INF] 检测到直播 Cookie 未正确配置，尝试自动配置中...
[01:58:37 INF] 直播 Cookie 配置成功！
[01:58:37 INF] 【获取直播列表】获取拥有粉丝牌的直播列表
[01:58:45 INF] 【主播】Mark陌枫 
[01:59:06 INF] 【主播】苏打baka 
[01:59:21 INF] 【主播】特别中二的q3君 
[01:59:39 INF] 【主播】陈抱一 
[01:59:58 INF] 【主播】贪玩的小毅 
[02:00:14 INF] 【主播】KL_qiqi_ 
[02:00:32 INF] 【主播】记录生活的蛋黄派 
[02:00:46 INF] 【主播】悠悠球琛总 
[02:01:02 INF] 【主播】FoFTG 
[02:01:13 INF] 【主播】新石器公园 
[02:01:29 INF] 【主播】脏小豆 
[02:01:43 INF] 【主播】李船长笔记 
[02:01:56 INF] 【直播间】Mark陌枫
[02:01:56 INF] 【粉丝牌】馬楓
[02:01:56 INF] 正在发送弹幕...
[02:01:59 INF] 【直播间】苏打baka
[02:01:59 INF] 【粉丝牌】碳酸钠
[02:01:59 INF] 正在发送弹幕...
[02:02:04 INF] 【直播间】特别中二的q3君
[02:02:04 INF] 【粉丝牌】q3GG
[02:02:04 INF] 正在发送弹幕...
[02:02:09 INF] 【直播间】陈抱一
[02:02:09 INF] 【粉丝牌】陈抱一
[02:02:09 INF] 正在发送弹幕...
[02:02:12 INF] 【弹幕发送】成功~，你和主播 Mark陌枫 的亲密值增加了100！
[02:02:13 INF] 【弹幕发送】成功~，你和主播 苏打baka 的亲密值增加了100！
[02:02:16 INF] 【直播间】贪玩的小毅
[02:02:16 INF] 【粉丝牌】大大毅
[02:02:16 INF] 正在发送弹幕...
[02:02:16 INF] 【弹幕发送】成功~，你和主播 特别中二的q3君 的亲密值增加了100！
[02:02:20 INF] 【直播间】KL_qiqi_
[02:02:20 INF] 【粉丝牌】qiqisb
[02:02:20 INF] 正在发送弹幕...
[02:02:25 INF] 【直播间】记录生活的蛋黄派
[02:02:25 INF] 【粉丝牌】派派派
[02:02:25 INF] 正在发送弹幕...
[02:02:26 INF] 【弹幕发送】成功~，你和主播 陈抱一 的亲密值增加了100！
[02:02:30 INF] 【直播间】悠悠球琛总
[02:02:30 INF] 【粉丝牌】i琛
[02:02:30 INF] 正在发送弹幕...
[02:02:30 INF] 【弹幕发送】成功~，你和主播 贪玩的小毅 的亲密值增加了100！
[02:02:33 INF] 【直播间】FoFTG
[02:02:33 INF] 【粉丝牌】FOFTG
[02:02:33 INF] 正在发送弹幕...
[02:02:35 INF] 【弹幕发送】成功~，你和主播 KL_qiqi_ 的亲密值增加了100！
[02:02:37 INF] 【直播间】新石器公园
[02:02:37 INF] 【粉丝牌】东园主
[02:02:37 INF] 正在发送弹幕...
[02:02:41 INF] 【弹幕发送】成功~，你和主播 悠悠球琛总 的亲密值增加了100！
[02:02:43 INF] 【直播间】脏小豆
[02:02:43 INF] 【粉丝牌】豆豆浆
[02:02:43 INF] 正在发送弹幕...
[02:02:44 INF] 【弹幕发送】成功~，你和主播 记录生活的蛋黄派 的亲密值增加了100！
[02:02:45 ERR] 【弹幕发送】失败
[02:02:45 ERR] 【原因】您发送弹幕的频率过快
[02:02:48 INF] 【直播间】李船长笔记
[02:02:48 INF] 【粉丝牌】航海仕
[02:02:48 INF] 正在发送弹幕...
[02:02:53 INF] -------结束-------

[02:02:53 INF] ---开始 点赞直播间 ---
[02:02:53 INF] 【获取直播列表】获取拥有粉丝牌的直播列表
[02:02:53 INF] 【弹幕发送】成功~，你和主播 新石器公园 的亲密值增加了100！
[02:02:58 INF] 【弹幕发送】成功~，你和主播 脏小豆 的亲密值增加了100！
[02:02:58 INF] 【主播】Mark陌枫 
[02:03:05 INF] 【弹幕发送】成功~，你和主播 李船长笔记 的亲密值增加了100！
[02:03:13 INF] 【主播】苏打baka 
[02:03:32 INF] 【主播】特别中二的q3君 
[02:03:44 INF] 【主播】陈抱一 
[02:03:59 INF] 【主播】贪玩的小毅 
[02:04:13 INF] 【主播】KL_qiqi_ 
[02:04:24 INF] 【主播】记录生活的蛋黄派 
[02:04:40 INF] 【主播】悠悠球琛总 
[02:04:56 INF] 【主播】新石器公园 
[02:05:11 INF] 【主播】FoFTG 
[02:05:25 INF] 【主播】脏小豆 
[02:05:40 INF] 【主播】李船长笔记 
[02:06:04 INF] 【点赞直播间】23357926 完成
[02:06:08 INF] 【点赞直播间】23040372 完成
[02:06:11 INF] 【点赞直播间】31494 完成
[02:06:15 INF] 【点赞直播间】4015781 完成
[02:06:20 INF] 【点赞直播间】9619073 完成
[02:06:27 INF] 【点赞直播间】407149 完成
[02:06:32 INF] 【点赞直播间】11732699 完成
[02:06:37 INF] 【点赞直播间】7184632 完成
[02:06:40 INF] 【点赞直播间】23447660 完成
[02:06:46 INF] 【点赞直播间】91164 完成
[02:06:50 INF] 【点赞直播间】929670 完成
[02:06:53 INF] --------结束--------

[02:06:53 INF] ---开始 直播时长挂机 ---
[02:06:53 INF] 【获取直播列表】获取拥有粉丝牌的直播列表
[02:06:53 INF] 【点赞直播间】22764265 完成
[02:06:56 INF] 【主播】Mark陌枫 
[02:07:13 INF] 【主播】苏打baka 
[02:07:27 INF] 【主播】特别中二的q3君 
[02:07:46 INF] 【主播】陈抱一 
[02:08:04 INF] 【主播】贪玩的小毅 
[02:08:21 INF] 【主播】KL_qiqi_ 
[02:08:35 INF] 【主播】记录生活的蛋黄派 
[02:08:56 INF] 【主播】悠悠球琛总 
[02:09:10 INF] 【主播】新石器公园 
[02:09:28 INF] 【主播】脏小豆 
[02:09:48 INF] 【主播】FoFTG 
[02:10:03 INF] 【主播】李船长笔记 
[02:10:18 INF] 【直播间】23357926 的第 1 个心跳包发送成功
[02:10:20 INF] 【直播间】23040372 的第 1 个心跳包发送成功
[02:10:21 INF] 【直播间】31494 的第 1 个心跳包发送成功
[02:10:22 INF] 【直播间】4015781 的第 1 个心跳包发送成功
[02:10:23 INF] 【直播间】9619073 的第 1 个心跳包发送成功
[02:10:24 INF] 【直播间】407149 的第 1 个心跳包发送成功
[02:10:26 INF] 【直播间】11732699 的第 1 个心跳包发送成功
[02:10:27 INF] 【直播间】7184632 的第 1 个心跳包发送成功
[02:10:28 INF] 【直播间】23447660 的第 1 个心跳包发送成功
[02:10:29 INF] 【直播间】929670 的第 1 个心跳包发送成功
[02:10:30 INF] 【直播间】91164 的第 1 个心跳包发送成功
[02:10:32 INF] 【直播间】22764265 的第 1 个心跳包发送成功
[02:11:25 INF] 【直播间】23357926 的第 2 个心跳包发送成功
[02:11:26 INF] 【直播间】23040372 的第 2 个心跳包发送成功
[02:11:27 INF] 【直播间】31494 的第 2 个心跳包发送成功
[02:11:28 INF] 【直播间】4015781 的第 2 个心跳包发送成功
[02:11:30 INF] 【直播间】9619073 的第 2 个心跳包发送成功
[02:11:31 INF] 【直播间】407149 的第 2 个心跳包发送成功
[02:11:32 INF] 【直播间】11732699 的第 2 个心跳包发送成功
[02:11:33 INF] 【直播间】7184632 的第 2 个心跳包发送成功
[02:11:34 INF] 【直播间】23447660 的第 2 个心跳包发送成功
[02:11:36 INF] 【直播间】929670 的第 2 个心跳包发送成功
[02:11:37 INF] 【直播间】91164 的第 2 个心跳包发送成功
[02:11:38 INF] 【直播间】22764265 的第 2 个心跳包发送成功
[02:12:31 INF] 【直播间】23357926 的第 3 个心跳包发送成功
[02:12:32 INF] 【直播间】23040372 的第 3 个心跳包发送成功
[02:12:34 INF] 【直播间】31494 的第 3 个心跳包发送成功
[02:12:35 INF] 【直播间】4015781 的第 3 个心跳包发送成功
[02:12:36 INF] 【直播间】9619073 的第 3 个心跳包发送成功
[02:12:38 INF] 【直播间】407149 的第 3 个心跳包发送成功
[02:12:39 INF] 【直播间】11732699 的第 3 个心跳包发送成功
[02:12:40 INF] 【直播间】7184632 的第 3 个心跳包发送成功
[02:12:41 INF] 【直播间】23447660 的第 3 个心跳包发送成功
[02:12:43 INF] 【直播间】929670 的第 3 个心跳包发送成功
[02:12:44 INF] 【直播间】91164 的第 3 个心跳包发送成功
[02:12:45 INF] 【直播间】22764265 的第 3 个心跳包发送成功
[02:13:37 INF] 【直播间】23357926 的第 4 个心跳包发送成功
[02:13:39 INF] 【直播间】23040372 的第 4 个心跳包发送成功
[02:13:40 INF] 【直播间】31494 的第 4 个心跳包发送成功
[02:13:41 INF] 【直播间】4015781 的第 4 个心跳包发送成功
[02:13:42 INF] 【直播间】9619073 的第 4 个心跳包发送成功
[02:13:44 INF] 【直播间】407149 的第 4 个心跳包发送成功
[02:13:45 INF] 【直播间】11732699 的第 4 个心跳包发送成功
[02:13:46 INF] 【直播间】7184632 的第 4 个心跳包发送成功
[02:13:48 INF] 【直播间】23447660 的第 4 个心跳包发送成功
[02:13:49 INF] 【直播间】929670 的第 4 个心跳包发送成功
[02:13:50 INF] 【直播间】91164 的第 4 个心跳包发送成功
[02:13:51 INF] 【直播间】22764265 的第 4 个心跳包发送成功
[02:14:44 INF] 【直播间】23357926 的第 5 个心跳包发送成功
[02:14:45 INF] 【直播间】23040372 的第 5 个心跳包发送成功
[02:14:46 INF] 【直播间】31494 的第 5 个心跳包发送成功
[02:14:47 INF] 【直播间】4015781 的第 5 个心跳包发送成功
[02:14:49 INF] 【直播间】9619073 的第 5 个心跳包发送成功
[02:14:50 INF] 【直播间】407149 的第 5 个心跳包发送成功
[02:14:51 INF] 【直播间】11732699 的第 5 个心跳包发送成功
[02:14:52 INF] 【直播间】7184632 的第 5 个心跳包发送成功
[02:14:54 INF] 【直播间】23447660 的第 5 个心跳包发送成功
[02:14:55 INF] 【直播间】929670 的第 5 个心跳包发送成功
[02:14:56 INF] 【直播间】91164 的第 5 个心跳包发送成功
[02:14:58 INF] 【直播间】22764265 的第 5 个心跳包发送成功
[02:15:50 INF] 【直播间】23357926 的第 6 个心跳包发送成功
[02:15:51 INF] 【直播间】23040372 的第 6 个心跳包发送成功
[02:15:52 INF] 【直播间】31494 的第 6 个心跳包发送成功
[02:15:54 INF] 【直播间】4015781 的第 6 个心跳包发送成功
[02:15:55 INF] 【直播间】9619073 的第 6 个心跳包发送成功
[02:15:56 INF] 【直播间】407149 的第 6 个心跳包发送成功
[02:15:58 INF] 【直播间】11732699 的第 6 个心跳包发送成功
[02:15:59 INF] 【直播间】7184632 的第 6 个心跳包发送成功
[02:16:00 INF] 【直播间】23447660 的第 6 个心跳包发送成功
[02:16:02 INF] 【直播间】929670 的第 6 个心跳包发送成功
[02:16:03 INF] 【直播间】91164 的第 6 个心跳包发送成功
[02:16:04 INF] 【直播间】22764265 的第 6 个心跳包发送成功
[02:16:56 INF] 【直播间】23357926 的第 7 个心跳包发送成功
[02:16:57 INF] 【直播间】23040372 的第 7 个心跳包发送成功
[02:16:59 INF] 【直播间】31494 的第 7 个心跳包发送成功
[02:17:00 INF] 【直播间】4015781 的第 7 个心跳包发送成功
[02:17:01 INF] 【直播间】9619073 的第 7 个心跳包发送成功
[02:17:03 INF] 【直播间】407149 的第 7 个心跳包发送成功
[02:17:04 INF] 【直播间】11732699 的第 7 个心跳包发送成功
[02:17:05 INF] 【直播间】7184632 的第 7 个心跳包发送成功
[02:17:06 INF] 【直播间】23447660 的第 7 个心跳包发送成功
[02:17:08 INF] 【直播间】929670 的第 7 个心跳包发送成功
[02:17:09 INF] 【直播间】91164 的第 7 个心跳包发送成功
[02:17:11 INF] 【直播间】22764265 的第 7 个心跳包发送成功
[02:18:03 INF] 【直播间】23357926 的第 8 个心跳包发送成功
[02:18:04 INF] 【直播间】23040372 的第 8 个心跳包发送成功
[02:18:05 INF] 【直播间】31494 的第 8 个心跳包发送成功
[02:18:06 INF] 【直播间】4015781 的第 8 个心跳包发送成功
[02:18:08 INF] 【直播间】9619073 的第 8 个心跳包发送成功
[02:18:09 INF] 【直播间】407149 的第 8 个心跳包发送成功
[02:18:10 INF] 【直播间】11732699 的第 8 个心跳包发送成功
[02:18:11 INF] 【直播间】7184632 的第 8 个心跳包发送成功
[02:18:13 INF] 【直播间】23447660 的第 8 个心跳包发送成功
[02:18:14 INF] 【直播间】929670 的第 8 个心跳包发送成功
[02:18:16 INF] 【直播间】91164 的第 8 个心跳包发送成功
[02:18:17 INF] 【直播间】22764265 的第 8 个心跳包发送成功
[02:19:09 INF] 【直播间】23357926 的第 9 个心跳包发送成功
[02:19:10 INF] 【直播间】23040372 的第 9 个心跳包发送成功
[02:19:11 INF] 【直播间】31494 的第 9 个心跳包发送成功
[02:19:13 INF] 【直播间】4015781 的第 9 个心跳包发送成功
[02:19:14 INF] 【直播间】9619073 的第 9 个心跳包发送成功
[02:19:15 INF] 【直播间】407149 的第 9 个心跳包发送成功
[02:19:16 INF] 【直播间】11732699 的第 9 个心跳包发送成功
[02:19:18 INF] 【直播间】7184632 的第 9 个心跳包发送成功
[02:19:19 INF] 【直播间】23447660 的第 9 个心跳包发送成功
[02:19:20 INF] 【直播间】929670 的第 9 个心跳包发送成功
[02:19:22 INF] 【直播间】91164 的第 9 个心跳包发送成功
[02:19:23 INF] 【直播间】22764265 的第 9 个心跳包发送成功
[02:20:15 INF] 【直播间】23357926 的第 10 个心跳包发送成功
[02:20:16 INF] 【直播间】23040372 的第 10 个心跳包发送成功
[02:20:18 INF] 【直播间】31494 的第 10 个心跳包发送成功
[02:20:19 INF] 【直播间】4015781 的第 10 个心跳包发送成功
[02:20:20 INF] 【直播间】9619073 的第 10 个心跳包发送成功
[02:20:22 INF] 【直播间】407149 的第 10 个心跳包发送成功
[02:20:23 INF] 【直播间】11732699 的第 10 个心跳包发送成功
[02:20:24 INF] 【直播间】7184632 的第 10 个心跳包发送成功
[02:20:25 INF] 【直播间】23447660 的第 10 个心跳包发送成功
[02:20:27 INF] 【直播间】929670 的第 10 个心跳包发送成功
[02:20:28 INF] 【直播间】91164 的第 10 个心跳包发送成功
[02:20:29 INF] 【直播间】22764265 的第 10 个心跳包发送成功
[02:21:21 INF] 【直播间】23357926 的第 11 个心跳包发送成功
[02:21:23 INF] 【直播间】23040372 的第 11 个心跳包发送成功
[02:21:24 INF] 【直播间】31494 的第 11 个心跳包发送成功
[02:21:25 INF] 【直播间】4015781 的第 11 个心跳包发送成功
[02:21:27 INF] 【直播间】9619073 的第 11 个心跳包发送成功
[02:21:28 INF] 【直播间】407149 的第 11 个心跳包发送成功
[02:21:29 INF] 【直播间】11732699 的第 11 个心跳包发送成功
[02:21:30 INF] 【直播间】7184632 的第 11 个心跳包发送成功
[02:21:31 INF] 【直播间】23447660 的第 11 个心跳包发送成功
[02:21:33 INF] 【直播间】929670 的第 11 个心跳包发送成功
[02:21:34 INF] 【直播间】91164 的第 11 个心跳包发送成功
[02:21:36 INF] 【直播间】22764265 的第 11 个心跳包发送成功
[02:22:28 INF] 【直播间】23357926 的第 12 个心跳包发送成功
[02:22:29 INF] 【直播间】23040372 的第 12 个心跳包发送成功
[02:22:30 INF] 【直播间】31494 的第 12 个心跳包发送成功
[02:22:31 INF] 【直播间】4015781 的第 12 个心跳包发送成功
[02:22:33 INF] 【直播间】9619073 的第 12 个心跳包发送成功
[02:22:34 INF] 【直播间】407149 的第 12 个心跳包发送成功
[02:22:35 INF] 【直播间】11732699 的第 12 个心跳包发送成功
[02:22:37 INF] 【直播间】7184632 的第 12 个心跳包发送成功
[02:22:38 INF] 【直播间】23447660 的第 12 个心跳包发送成功
[02:22:39 INF] 【直播间】929670 的第 12 个心跳包发送成功
[02:22:41 INF] 【直播间】91164 的第 12 个心跳包发送成功
[02:22:42 INF] 【直播间】22764265 的第 12 个心跳包发送成功
[02:23:34 INF] 【直播间】23357926 的第 13 个心跳包发送成功
[02:23:35 INF] 【直播间】23040372 的第 13 个心跳包发送成功
[02:23:36 INF] 【直播间】31494 的第 13 个心跳包发送成功
[02:23:38 INF] 【直播间】4015781 的第 13 个心跳包发送成功
[02:23:39 INF] 【直播间】9619073 的第 13 个心跳包发送成功
[02:23:40 INF] 【直播间】407149 的第 13 个心跳包发送成功
[02:23:41 INF] 【直播间】11732699 的第 13 个心跳包发送成功
[02:23:43 INF] 【直播间】7184632 的第 13 个心跳包发送成功
[02:23:44 INF] 【直播间】23447660 的第 13 个心跳包发送成功
[02:23:45 INF] 【直播间】929670 的第 13 个心跳包发送成功
[02:23:47 INF] 【直播间】91164 的第 13 个心跳包发送成功
[02:23:48 INF] 【直播间】22764265 的第 13 个心跳包发送成功
[02:24:40 INF] 【直播间】23357926 的第 14 个心跳包发送成功
[02:24:41 INF] 【直播间】23040372 的第 14 个心跳包发送成功
[02:24:43 INF] 【直播间】31494 的第 14 个心跳包发送成功
[02:24:44 INF] 【直播间】4015781 的第 14 个心跳包发送成功
[02:24:45 INF] 【直播间】9619073 的第 14 个心跳包发送成功
[02:24:46 INF] 【直播间】407149 的第 14 个心跳包发送成功
[02:24:48 INF] 【直播间】11732699 的第 14 个心跳包发送成功
[02:24:49 INF] 【直播间】7184632 的第 14 个心跳包发送成功
[02:24:50 INF] 【直播间】23447660 的第 14 个心跳包发送成功
[02:24:52 INF] 【直播间】929670 的第 14 个心跳包发送成功
[02:24:53 INF] 【直播间】91164 的第 14 个心跳包发送成功
[02:24:54 INF] 【直播间】22764265 的第 14 个心跳包发送成功
[02:25:47 INF] 【直播间】23357926 的第 15 个心跳包发送成功
[02:25:48 INF] 【直播间】23040372 的第 15 个心跳包发送成功
[02:25:49 INF] 【直播间】31494 的第 15 个心跳包发送成功
[02:25:50 INF] 【直播间】4015781 的第 15 个心跳包发送成功
[02:25:51 INF] 【直播间】9619073 的第 15 个心跳包发送成功
[02:25:53 INF] 【直播间】407149 的第 15 个心跳包发送成功
[02:25:54 INF] 【直播间】11732699 的第 15 个心跳包发送成功
[02:25:56 INF] 【直播间】7184632 的第 15 个心跳包发送成功
[02:25:57 INF] 【直播间】23447660 的第 15 个心跳包发送成功
[02:25:58 INF] 【直播间】929670 的第 15 个心跳包发送成功
[02:25:59 INF] 【直播间】91164 的第 15 个心跳包发送成功
[02:26:01 INF] 【直播间】22764265 的第 15 个心跳包发送成功
[02:26:53 ERR] 【心跳包】直播间 23357926 发送失败
[02:26:53 ERR] 【原因】time check failed
[02:26:54 ERR] 【心跳包】直播间 23040372 发送失败
[02:26:54 ERR] 【原因】time check failed
[02:26:55 ERR] 【心跳包】直播间 31494 发送失败
[02:26:55 ERR] 【原因】time check failed
[02:26:57 ERR] 【心跳包】直播间 4015781 发送失败
[02:26:57 ERR] 【原因】time check failed
[02:26:58 ERR] 【心跳包】直播间 9619073 发送失败
[02:26:58 ERR] 【原因】time check failed
[02:26:59 ERR] 【心跳包】直播间 407149 发送失败
[02:26:59 ERR] 【原因】time check failed
[02:27:00 ERR] 【心跳包】直播间 11732699 发送失败
[02:27:00 ERR] 【原因】time check failed
[02:27:02 ERR] 【心跳包】直播间 7184632 发送失败
[02:27:02 ERR] 【原因】time check failed
[02:27:03 ERR] 【心跳包】直播间 23447660 发送失败
[02:27:03 ERR] 【原因】time check failed
[02:27:04 ERR] 【心跳包】直播间 929670 发送失败
[02:27:04 ERR] 【原因】time check failed
[02:27:06 ERR] 【心跳包】直播间 91164 发送失败
[02:27:06 ERR] 【原因】time check failed
[02:27:07 ERR] 【心跳包】直播间 22764265 发送失败
[02:27:07 ERR] 【原因】time check failed
[02:27:59 INF] 【直播间】23357926 的第 16 个心跳包发送成功
[02:28:00 INF] 【直播间】23040372 的第 16 个心跳包发送成功
[02:28:02 INF] 【直播间】31494 的第 16 个心跳包发送成功
[02:28:03 INF] 【直播间】4015781 的第 16 个心跳包发送成功
[02:28:04 INF] 【直播间】9619073 的第 16 个心跳包发送成功
[02:28:05 INF] 【直播间】407149 的第 16 个心跳包发送成功
[02:28:07 INF] 【直播间】11732699 的第 16 个心跳包发送成功
[02:28:08 INF] 【直播间】7184632 的第 16 个心跳包发送成功
[02:28:09 INF] 【直播间】23447660 的第 16 个心跳包发送成功
[02:28:11 INF] 【直播间】929670 的第 16 个心跳包发送成功
[02:28:12 INF] 【直播间】91164 的第 16 个心跳包发送成功
[02:28:13 INF] 【直播间】22764265 的第 16 个心跳包发送成功
[02:29:05 INF] 【直播间】23357926 的第 17 个心跳包发送成功
[02:29:07 INF] 【直播间】23040372 的第 17 个心跳包发送成功
[02:29:08 INF] 【直播间】31494 的第 17 个心跳包发送成功
[02:29:09 INF] 【直播间】4015781 的第 17 个心跳包发送成功
[02:29:10 INF] 【直播间】9619073 的第 17 个心跳包发送成功
[02:29:12 INF] 【直播间】407149 的第 17 个心跳包发送成功
[02:29:13 INF] 【直播间】11732699 的第 17 个心跳包发送成功
[02:29:15 INF] 【直播间】7184632 的第 17 个心跳包发送成功
[02:29:16 INF] 【直播间】23447660 的第 17 个心跳包发送成功
[02:29:17 INF] 【直播间】929670 的第 17 个心跳包发送成功
[02:29:18 INF] 【直播间】91164 的第 17 个心跳包发送成功
[02:29:20 INF] 【直播间】22764265 的第 17 个心跳包发送成功
[02:30:12 INF] 【直播间】23357926 的第 18 个心跳包发送成功
[02:30:13 INF] 【直播间】23040372 的第 18 个心跳包发送成功
[02:30:14 INF] 【直播间】31494 的第 18 个心跳包发送成功
[02:30:15 INF] 【直播间】4015781 的第 18 个心跳包发送成功
[02:30:17 INF] 【直播间】9619073 的第 18 个心跳包发送成功
[02:30:18 INF] 【直播间】407149 的第 18 个心跳包发送成功
[02:30:19 INF] 【直播间】11732699 的第 18 个心跳包发送成功
[02:30:21 INF] 【直播间】7184632 的第 18 个心跳包发送成功
[02:30:22 INF] 【直播间】23447660 的第 18 个心跳包发送成功
[02:30:23 INF] 【直播间】929670 的第 18 个心跳包发送成功
[02:30:25 INF] 【直播间】91164 的第 18 个心跳包发送成功
[02:30:26 INF] 【直播间】22764265 的第 18 个心跳包发送成功
[02:31:18 INF] 【直播间】23357926 的第 19 个心跳包发送成功
[02:31:19 INF] 【直播间】23040372 的第 19 个心跳包发送成功
[02:31:21 INF] 【直播间】31494 的第 19 个心跳包发送成功
[02:31:22 INF] 【直播间】4015781 的第 19 个心跳包发送成功
[02:31:23 INF] 【直播间】9619073 的第 19 个心跳包发送成功
[02:31:24 INF] 【直播间】407149 的第 19 个心跳包发送成功
[02:31:26 INF] 【直播间】11732699 的第 19 个心跳包发送成功
[02:31:27 INF] 【直播间】7184632 的第 19 个心跳包发送成功
[02:31:28 INF] 【直播间】23447660 的第 19 个心跳包发送成功
[02:31:30 INF] 【直播间】929670 的第 19 个心跳包发送成功
[02:31:31 INF] 【直播间】91164 的第 19 个心跳包发送成功
[02:31:32 INF] 【直播间】22764265 的第 19 个心跳包发送成功
[02:32:25 INF] 【直播间】23357926 的第 20 个心跳包发送成功
[02:32:26 INF] 【直播间】23040372 的第 20 个心跳包发送成功
[02:32:27 INF] 【直播间】31494 的第 20 个心跳包发送成功
[02:32:28 INF] 【直播间】4015781 的第 20 个心跳包发送成功
[02:32:30 INF] 【直播间】9619073 的第 20 个心跳包发送成功
[02:32:31 INF] 【直播间】407149 的第 20 个心跳包发送成功
[02:32:32 INF] 【直播间】11732699 的第 20 个心跳包发送成功
[02:32:33 INF] 【直播间】7184632 的第 20 个心跳包发送成功
[02:32:35 INF] 【直播间】23447660 的第 20 个心跳包发送成功
[02:32:36 INF] 【直播间】929670 的第 20 个心跳包发送成功
[02:32:37 INF] 【直播间】91164 的第 20 个心跳包发送成功
[02:32:38 INF] 【直播间】22764265 的第 20 个心跳包发送成功
[02:33:31 INF] 【直播间】23357926 的第 21 个心跳包发送成功
[02:33:32 INF] 【直播间】23040372 的第 21 个心跳包发送成功
[02:33:33 INF] 【直播间】31494 的第 21 个心跳包发送成功
[02:33:35 INF] 【直播间】4015781 的第 21 个心跳包发送成功
[02:33:36 INF] 【直播间】9619073 的第 21 个心跳包发送成功
[02:33:37 INF] 【直播间】407149 的第 21 个心跳包发送成功
[02:33:38 INF] 【直播间】11732699 的第 21 个心跳包发送成功
[02:33:40 INF] 【直播间】7184632 的第 21 个心跳包发送成功
[02:33:41 INF] 【直播间】23447660 的第 21 个心跳包发送成功
[02:33:42 INF] 【直播间】929670 的第 21 个心跳包发送成功
[02:33:43 INF] 【直播间】91164 的第 21 个心跳包发送成功
[02:33:44 INF] 【直播间】22764265 的第 21 个心跳包发送成功
[02:34:37 INF] 【直播间】23357926 的第 22 个心跳包发送成功
[02:34:39 INF] 【直播间】23040372 的第 22 个心跳包发送成功
[02:34:40 INF] 【直播间】31494 的第 22 个心跳包发送成功
[02:34:41 INF] 【直播间】4015781 的第 22 个心跳包发送成功
[02:34:42 INF] 【直播间】9619073 的第 22 个心跳包发送成功
[02:34:43 INF] 【直播间】407149 的第 22 个心跳包发送成功
[02:34:45 INF] 【直播间】11732699 的第 22 个心跳包发送成功
[02:34:46 INF] 【直播间】7184632 的第 22 个心跳包发送成功
[02:34:47 INF] 【直播间】23447660 的第 22 个心跳包发送成功
[02:34:48 INF] 【直播间】929670 的第 22 个心跳包发送成功
[02:34:50 INF] 【直播间】91164 的第 22 个心跳包发送成功
[02:34:51 INF] 【直播间】22764265 的第 22 个心跳包发送成功
[02:35:44 INF] 【直播间】23357926 的第 23 个心跳包发送成功
[02:35:45 INF] 【直播间】23040372 的第 23 个心跳包发送成功
[02:35:46 INF] 【直播间】31494 的第 23 个心跳包发送成功
[02:35:48 INF] 【直播间】4015781 的第 23 个心跳包发送成功
[02:35:49 INF] 【直播间】9619073 的第 23 个心跳包发送成功
[02:35:50 INF] 【直播间】407149 的第 23 个心跳包发送成功
[02:35:51 INF] 【直播间】11732699 的第 23 个心跳包发送成功
[02:35:52 INF] 【直播间】7184632 的第 23 个心跳包发送成功
[02:35:54 INF] 【直播间】23447660 的第 23 个心跳包发送成功
[02:35:55 INF] 【直播间】929670 的第 23 个心跳包发送成功
[02:35:56 INF] 【直播间】91164 的第 23 个心跳包发送成功
[02:35:57 INF] 【直播间】22764265 的第 23 个心跳包发送成功
[02:36:50 INF] 【直播间】23357926 的第 24 个心跳包发送成功
[02:36:51 INF] 【直播间】23040372 的第 24 个心跳包发送成功
[02:36:53 INF] 【直播间】31494 的第 24 个心跳包发送成功
[02:36:54 INF] 【直播间】4015781 的第 24 个心跳包发送成功
[02:36:55 INF] 【直播间】9619073 的第 24 个心跳包发送成功
[02:36:56 INF] 【直播间】407149 的第 24 个心跳包发送成功
[02:36:58 INF] 【直播间】11732699 的第 24 个心跳包发送成功
[02:36:59 INF] 【直播间】7184632 的第 24 个心跳包发送成功
[02:37:00 INF] 【直播间】23447660 的第 24 个心跳包发送成功
[02:37:01 INF] 【直播间】929670 的第 24 个心跳包发送成功
[02:37:03 INF] 【直播间】91164 的第 24 个心跳包发送成功
[02:37:04 INF] 【直播间】22764265 的第 24 个心跳包发送成功
[02:37:57 INF] 【直播间】23357926 的第 25 个心跳包发送成功
[02:37:58 INF] 【直播间】23040372 的第 25 个心跳包发送成功
[02:37:59 INF] 【直播间】31494 的第 25 个心跳包发送成功
[02:38:01 INF] 【直播间】4015781 的第 25 个心跳包发送成功
[02:38:02 INF] 【直播间】9619073 的第 25 个心跳包发送成功
[02:38:03 INF] 【直播间】407149 的第 25 个心跳包发送成功
[02:38:04 INF] 【直播间】11732699 的第 25 个心跳包发送成功
[02:38:06 INF] 【直播间】7184632 的第 25 个心跳包发送成功
[02:38:07 INF] 【直播间】23447660 的第 25 个心跳包发送成功
[02:38:08 INF] 【直播间】929670 的第 25 个心跳包发送成功
[02:38:09 INF] 【直播间】91164 的第 25 个心跳包发送成功
[02:38:11 INF] 【直播间】22764265 的第 25 个心跳包发送成功
[02:39:03 INF] 【直播间】23357926 的第 26 个心跳包发送成功
[02:39:04 INF] 【直播间】23040372 的第 26 个心跳包发送成功
[02:39:06 INF] 【直播间】31494 的第 26 个心跳包发送成功
[02:39:07 INF] 【直播间】4015781 的第 26 个心跳包发送成功
[02:39:08 INF] 【直播间】9619073 的第 26 个心跳包发送成功
[02:39:09 INF] 【直播间】407149 的第 26 个心跳包发送成功
[02:39:11 INF] 【直播间】11732699 的第 26 个心跳包发送成功
[02:39:12 INF] 【直播间】7184632 的第 26 个心跳包发送成功
[02:39:13 INF] 【直播间】23447660 的第 26 个心跳包发送成功
[02:39:14 INF] 【直播间】929670 的第 26 个心跳包发送成功
[02:39:16 INF] 【直播间】91164 的第 26 个心跳包发送成功
[02:39:17 INF] 【直播间】22764265 的第 26 个心跳包发送成功
[02:40:10 INF] 【直播间】23357926 的第 27 个心跳包发送成功
[02:40:11 INF] 【直播间】23040372 的第 27 个心跳包发送成功
[02:40:12 INF] 【直播间】31494 的第 27 个心跳包发送成功
[02:40:13 INF] 【直播间】4015781 的第 27 个心跳包发送成功
[02:40:15 INF] 【直播间】9619073 的第 27 个心跳包发送成功
[02:40:16 INF] 【直播间】407149 的第 27 个心跳包发送成功
[02:40:17 INF] 【直播间】11732699 的第 27 个心跳包发送成功
[02:40:18 INF] 【直播间】7184632 的第 27 个心跳包发送成功
[02:40:19 INF] 【直播间】23447660 的第 27 个心跳包发送成功
[02:40:21 INF] 【直播间】929670 的第 27 个心跳包发送成功
[02:40:22 INF] 【直播间】91164 的第 27 个心跳包发送成功
[02:40:23 INF] 【直播间】22764265 的第 27 个心跳包发送成功
[02:41:16 INF] 【直播间】23357926 的第 28 个心跳包发送成功
[02:41:17 INF] 【直播间】23040372 的第 28 个心跳包发送成功
[02:41:18 INF] 【直播间】31494 的第 28 个心跳包发送成功
[02:41:20 INF] 【直播间】4015781 的第 28 个心跳包发送成功
[02:41:21 INF] 【直播间】9619073 的第 28 个心跳包发送成功
[02:41:22 INF] 【直播间】407149 的第 28 个心跳包发送成功
[02:41:23 INF] 【直播间】11732699 的第 28 个心跳包发送成功
[02:41:24 INF] 【直播间】7184632 的第 28 个心跳包发送成功
[02:41:26 INF] 【直播间】23447660 的第 28 个心跳包发送成功
[02:41:27 INF] 【直播间】929670 的第 28 个心跳包发送成功
[02:41:28 INF] 【直播间】91164 的第 28 个心跳包发送成功
[02:41:29 INF] 【直播间】22764265 的第 28 个心跳包发送成功
[02:42:22 INF] 【直播间】23357926 的第 29 个心跳包发送成功
[02:42:23 INF] 【直播间】23040372 的第 29 个心跳包发送成功
[02:42:25 INF] 【直播间】31494 的第 29 个心跳包发送成功
[02:42:26 INF] 【直播间】4015781 的第 29 个心跳包发送成功
[02:42:27 INF] 【直播间】9619073 的第 29 个心跳包发送成功
[02:42:28 INF] 【直播间】407149 的第 29 个心跳包发送成功
[02:42:30 INF] 【直播间】11732699 的第 29 个心跳包发送成功
[02:42:31 INF] 【直播间】7184632 的第 29 个心跳包发送成功
[02:42:32 INF] 【直播间】23447660 的第 29 个心跳包发送成功
[02:42:33 INF] 【直播间】929670 的第 29 个心跳包发送成功
[02:42:35 INF] 【直播间】91164 的第 29 个心跳包发送成功
[02:42:36 INF] 【直播间】22764265 的第 29 个心跳包发送成功
[02:43:29 ERR] 【心跳包】直播间 23357926 发送失败
[02:43:29 ERR] 【原因】time check failed
[02:43:30 ERR] 【心跳包】直播间 23040372 发送失败
[02:43:30 ERR] 【原因】time check failed
[02:43:31 ERR] 【心跳包】直播间 31494 发送失败
[02:43:31 ERR] 【原因】time check failed
[02:43:32 ERR] 【心跳包】直播间 4015781 发送失败
[02:43:32 ERR] 【原因】time check failed
[02:43:33 ERR] 【心跳包】直播间 9619073 发送失败
[02:43:33 ERR] 【原因】time check failed
[02:43:35 ERR] 【心跳包】直播间 407149 发送失败
[02:43:35 ERR] 【原因】time check failed
[02:43:36 ERR] 【心跳包】直播间 11732699 发送失败
[02:43:36 ERR] 【原因】time check failed
[02:43:37 ERR] 【心跳包】直播间 7184632 发送失败
[02:43:37 ERR] 【原因】time check failed
[02:43:38 ERR] 【心跳包】直播间 23447660 发送失败
[02:43:38 ERR] 【原因】time check failed
[02:43:40 ERR] 【心跳包】直播间 929670 发送失败
[02:43:40 ERR] 【原因】time check failed
[02:43:41 ERR] 【心跳包】直播间 91164 发送失败
[02:43:41 ERR] 【原因】time check failed
[02:43:42 ERR] 【心跳包】直播间 22764265 发送失败
[02:43:42 ERR] 【原因】time check failed
[02:44:35 INF] 【直播间】23357926 的第 30 个心跳包发送成功
[02:44:36 INF] 【直播间】23040372 的第 30 个心跳包发送成功
[02:44:37 INF] 【直播间】31494 的第 30 个心跳包发送成功
[02:44:38 INF] 【直播间】4015781 的第 30 个心跳包发送成功
[02:44:40 INF] 【直播间】9619073 的第 30 个心跳包发送成功
[02:44:41 INF] 【直播间】407149 的第 30 个心跳包发送成功
[02:44:42 INF] 【直播间】11732699 的第 30 个心跳包发送成功
[02:44:43 INF] 【直播间】7184632 的第 30 个心跳包发送成功
[02:44:45 INF] 【直播间】23447660 的第 30 个心跳包发送成功
[02:44:46 INF] 【直播间】929670 的第 30 个心跳包发送成功
[02:44:47 INF] 【直播间】91164 的第 30 个心跳包发送成功
[02:44:48 INF] 【直播间】22764265 的第 30 个心跳包发送成功
[02:45:41 INF] 【直播间】23357926 的第 31 个心跳包发送成功
[02:45:43 INF] 【直播间】23040372 的第 31 个心跳包发送成功
[02:45:44 INF] 【直播间】31494 的第 31 个心跳包发送成功
[02:45:45 INF] 【直播间】4015781 的第 31 个心跳包发送成功
[02:45:46 INF] 【直播间】9619073 的第 31 个心跳包发送成功
[02:45:48 INF] 【直播间】407149 的第 31 个心跳包发送成功
[02:45:49 INF] 【直播间】11732699 的第 31 个心跳包发送成功
[02:45:50 INF] 【直播间】7184632 的第 31 个心跳包发送成功
[02:45:51 INF] 【直播间】23447660 的第 31 个心跳包发送成功
[02:45:53 INF] 【直播间】929670 的第 31 个心跳包发送成功
[02:45:54 INF] 【直播间】91164 的第 31 个心跳包发送成功
[02:45:55 INF] 【直播间】22764265 的第 31 个心跳包发送成功
[02:46:48 INF] 【直播间】23357926 的第 32 个心跳包发送成功
[02:46:49 INF] 【直播间】23040372 的第 32 个心跳包发送成功
[02:46:50 INF] 【直播间】31494 的第 32 个心跳包发送成功
[02:46:51 INF] 【直播间】4015781 的第 32 个心跳包发送成功
[02:46:53 INF] 【直播间】9619073 的第 32 个心跳包发送成功
[02:46:54 INF] 【直播间】407149 的第 32 个心跳包发送成功
[02:46:55 INF] 【直播间】11732699 的第 32 个心跳包发送成功
[02:46:56 INF] 【直播间】7184632 的第 32 个心跳包发送成功
[02:46:58 INF] 【直播间】23447660 的第 32 个心跳包发送成功
[02:46:59 INF] 【直播间】929670 的第 32 个心跳包发送成功
[02:47:00 INF] 【直播间】91164 的第 32 个心跳包发送成功
[02:47:01 INF] 【直播间】22764265 的第 32 个心跳包发送成功
[02:47:54 INF] 【直播间】23357926 的第 33 个心跳包发送成功
[02:47:55 INF] 【直播间】23040372 的第 33 个心跳包发送成功
[02:47:56 INF] 【直播间】31494 的第 33 个心跳包发送成功
[02:47:58 INF] 【直播间】4015781 的第 33 个心跳包发送成功
[02:47:59 INF] 【直播间】9619073 的第 33 个心跳包发送成功
[02:48:00 INF] 【直播间】407149 的第 33 个心跳包发送成功
[02:48:01 INF] 【直播间】11732699 的第 33 个心跳包发送成功
[02:48:03 INF] 【直播间】7184632 的第 33 个心跳包发送成功
[02:48:04 INF] 【直播间】23447660 的第 33 个心跳包发送成功
[02:48:05 INF] 【直播间】929670 的第 33 个心跳包发送成功
[02:48:06 INF] 【直播间】91164 的第 33 个心跳包发送成功
[02:48:08 INF] 【直播间】22764265 的第 33 个心跳包发送成功
[02:49:00 INF] 【直播间】23357926 的第 34 个心跳包发送成功
[02:49:01 INF] 【直播间】23040372 的第 34 个心跳包发送成功
[02:49:03 INF] 【直播间】31494 的第 34 个心跳包发送成功
[02:49:04 INF] 【直播间】4015781 的第 34 个心跳包发送成功
[02:49:06 INF] 【直播间】9619073 的第 34 个心跳包发送成功
[02:49:07 INF] 【直播间】407149 的第 34 个心跳包发送成功
[02:49:08 INF] 【直播间】11732699 的第 34 个心跳包发送成功
[02:49:09 INF] 【直播间】7184632 的第 34 个心跳包发送成功
[02:49:10 INF] 【直播间】23447660 的第 34 个心跳包发送成功
[02:49:12 INF] 【直播间】929670 的第 34 个心跳包发送成功
[02:49:13 INF] 【直播间】91164 的第 34 个心跳包发送成功
[02:49:14 INF] 【直播间】22764265 的第 34 个心跳包发送成功
[02:50:06 INF] 【直播间】23357926 的第 35 个心跳包发送成功
[02:50:08 INF] 【直播间】23040372 的第 35 个心跳包发送成功
[02:50:09 INF] 【直播间】31494 的第 35 个心跳包发送成功
[02:50:11 INF] 【直播间】4015781 的第 35 个心跳包发送成功
[02:50:12 INF] 【直播间】9619073 的第 35 个心跳包发送成功
[02:50:13 INF] 【直播间】407149 的第 35 个心跳包发送成功
[02:50:14 INF] 【直播间】11732699 的第 35 个心跳包发送成功
[02:50:15 INF] 【直播间】7184632 的第 35 个心跳包发送成功
[02:50:17 INF] 【直播间】23447660 的第 35 个心跳包发送成功
[02:50:18 INF] 【直播间】929670 的第 35 个心跳包发送成功
[02:50:19 INF] 【直播间】91164 的第 35 个心跳包发送成功
[02:50:20 INF] 【直播间】22764265 的第 35 个心跳包发送成功
[02:51:13 INF] 【直播间】23357926 的第 36 个心跳包发送成功
[02:51:14 INF] 【直播间】23040372 的第 36 个心跳包发送成功
[02:51:16 INF] 【直播间】31494 的第 36 个心跳包发送成功
[02:51:17 INF] 【直播间】4015781 的第 36 个心跳包发送成功
[02:51:18 INF] 【直播间】9619073 的第 36 个心跳包发送成功
[02:51:19 INF] 【直播间】407149 的第 36 个心跳包发送成功
[02:51:20 INF] 【直播间】11732699 的第 36 个心跳包发送成功
[02:51:22 INF] 【直播间】7184632 的第 36 个心跳包发送成功
[02:51:23 INF] 【直播间】23447660 的第 36 个心跳包发送成功
[02:51:24 INF] 【直播间】929670 的第 36 个心跳包发送成功
[02:51:25 INF] 【直播间】91164 的第 36 个心跳包发送成功
[02:51:27 INF] 【直播间】22764265 的第 36 个心跳包发送成功
[02:52:19 INF] 【直播间】23357926 的第 37 个心跳包发送成功
[02:52:21 INF] 【直播间】23040372 的第 37 个心跳包发送成功
[02:52:22 INF] 【直播间】31494 的第 37 个心跳包发送成功
[02:52:23 INF] 【直播间】4015781 的第 37 个心跳包发送成功
[02:52:24 INF] 【直播间】9619073 的第 37 个心跳包发送成功
[02:52:26 INF] 【直播间】407149 的第 37 个心跳包发送成功
[02:52:27 INF] 【直播间】11732699 的第 37 个心跳包发送成功
[02:52:28 INF] 【直播间】7184632 的第 37 个心跳包发送成功
[02:52:29 INF] 【直播间】23447660 的第 37 个心跳包发送成功
[02:52:31 INF] 【直播间】929670 的第 37 个心跳包发送成功
[02:52:32 INF] 【直播间】91164 的第 37 个心跳包发送成功
[02:52:33 INF] 【直播间】22764265 的第 37 个心跳包发送成功
[02:53:26 INF] 【直播间】23357926 的第 38 个心跳包发送成功
[02:53:27 INF] 【直播间】23040372 的第 38 个心跳包发送成功
[02:53:28 INF] 【直播间】31494 的第 38 个心跳包发送成功
[02:53:30 INF] 【直播间】4015781 的第 38 个心跳包发送成功
[02:53:31 INF] 【直播间】9619073 的第 38 个心跳包发送成功
[02:53:32 INF] 【直播间】407149 的第 38 个心跳包发送成功
[02:53:33 INF] 【直播间】11732699 的第 38 个心跳包发送成功
[02:53:34 INF] 【直播间】7184632 的第 38 个心跳包发送成功
[02:53:36 INF] 【直播间】23447660 的第 38 个心跳包发送成功
[02:53:37 INF] 【直播间】929670 的第 38 个心跳包发送成功
[02:53:38 INF] 【直播间】91164 的第 38 个心跳包发送成功
[02:53:39 INF] 【直播间】22764265 的第 38 个心跳包发送成功
[02:54:32 INF] 【直播间】23357926 的第 39 个心跳包发送成功
[02:54:33 INF] 【直播间】23040372 的第 39 个心跳包发送成功
[02:54:34 INF] 【直播间】31494 的第 39 个心跳包发送成功
[02:54:36 INF] 【直播间】4015781 的第 39 个心跳包发送成功
[02:54:37 INF] 【直播间】9619073 的第 39 个心跳包发送成功
[02:54:38 INF] 【直播间】407149 的第 39 个心跳包发送成功
[02:54:39 INF] 【直播间】11732699 的第 39 个心跳包发送成功
[02:54:41 INF] 【直播间】7184632 的第 39 个心跳包发送成功
[02:54:42 INF] 【直播间】23447660 的第 39 个心跳包发送成功
[02:54:43 INF] 【直播间】929670 的第 39 个心跳包发送成功
[02:54:44 INF] 【直播间】91164 的第 39 个心跳包发送成功
[02:54:46 INF] 【直播间】22764265 的第 39 个心跳包发送成功
[02:55:38 INF] 【直播间】23357926 的第 40 个心跳包发送成功
[02:55:40 INF] 【直播间】23040372 的第 40 个心跳包发送成功
[02:55:41 INF] 【直播间】31494 的第 40 个心跳包发送成功
[02:55:42 INF] 【直播间】4015781 的第 40 个心跳包发送成功
[02:55:43 INF] 【直播间】9619073 的第 40 个心跳包发送成功
[02:55:44 INF] 【直播间】407149 的第 40 个心跳包发送成功
[02:55:46 INF] 【直播间】11732699 的第 40 个心跳包发送成功
[02:55:47 INF] 【直播间】7184632 的第 40 个心跳包发送成功
[02:55:48 INF] 【直播间】23447660 的第 40 个心跳包发送成功
[02:55:50 INF] 【直播间】929670 的第 40 个心跳包发送成功
[02:55:51 INF] 【直播间】91164 的第 40 个心跳包发送成功
[02:55:52 INF] 【直播间】22764265 的第 40 个心跳包发送成功
[02:56:45 INF] 【直播间】23357926 的第 41 个心跳包发送成功
[02:56:46 INF] 【直播间】23040372 的第 41 个心跳包发送成功
[02:56:47 INF] 【直播间】31494 的第 41 个心跳包发送成功
[02:56:49 INF] 【直播间】4015781 的第 41 个心跳包发送成功
[02:56:50 INF] 【直播间】9619073 的第 41 个心跳包发送成功
[02:56:51 INF] 【直播间】407149 的第 41 个心跳包发送成功
[02:56:52 INF] 【直播间】11732699 的第 41 个心跳包发送成功
[02:56:54 INF] 【直播间】7184632 的第 41 个心跳包发送成功
[02:56:55 INF] 【直播间】23447660 的第 41 个心跳包发送成功
[02:56:56 INF] 【直播间】929670 的第 41 个心跳包发送成功
[02:56:57 INF] 【直播间】91164 的第 41 个心跳包发送成功
[02:56:58 INF] 【直播间】22764265 的第 41 个心跳包发送成功
[02:57:51 INF] 【直播间】23357926 的第 42 个心跳包发送成功
[02:57:53 INF] 【直播间】23040372 的第 42 个心跳包发送成功
[02:57:54 INF] 【直播间】31494 的第 42 个心跳包发送成功
[02:57:55 INF] 【直播间】4015781 的第 42 个心跳包发送成功
[02:57:56 INF] 【直播间】9619073 的第 42 个心跳包发送成功
[02:57:58 INF] 【直播间】407149 的第 42 个心跳包发送成功
[02:57:59 INF] 【直播间】11732699 的第 42 个心跳包发送成功
[02:58:00 INF] 【直播间】7184632 的第 42 个心跳包发送成功
[02:58:01 INF] 【直播间】23447660 的第 42 个心跳包发送成功
[02:58:03 INF] 【直播间】929670 的第 42 个心跳包发送成功
[02:58:04 INF] 【直播间】91164 的第 42 个心跳包发送成功
[02:58:05 INF] 【直播间】22764265 的第 42 个心跳包发送成功
[02:58:58 INF] 【直播间】23357926 的第 43 个心跳包发送成功
[02:58:59 INF] 【直播间】23040372 的第 43 个心跳包发送成功
[02:59:00 INF] 【直播间】31494 的第 43 个心跳包发送成功
[02:59:01 INF] 【直播间】4015781 的第 43 个心跳包发送成功
[02:59:03 INF] 【直播间】9619073 的第 43 个心跳包发送成功
[02:59:04 INF] 【直播间】407149 的第 43 个心跳包发送成功
[02:59:05 INF] 【直播间】11732699 的第 43 个心跳包发送成功
[02:59:06 INF] 【直播间】7184632 的第 43 个心跳包发送成功
[02:59:08 INF] 【直播间】23447660 的第 43 个心跳包发送成功
[02:59:09 INF] 【直播间】929670 的第 43 个心跳包发送成功
[02:59:10 INF] 【直播间】91164 的第 43 个心跳包发送成功
[02:59:11 INF] 【直播间】22764265 的第 43 个心跳包发送成功
[03:00:04 ERR] 【心跳包】直播间 23357926 发送失败
[03:00:04 ERR] 【原因】time check failed
[03:00:05 ERR] 【心跳包】直播间 23040372 发送失败
[03:00:05 ERR] 【原因】time check failed
[03:00:06 ERR] 【心跳包】直播间 31494 发送失败
[03:00:06 ERR] 【原因】time check failed
[03:00:08 ERR] 【心跳包】直播间 4015781 发送失败
[03:00:08 ERR] 【原因】time check failed
[03:00:09 ERR] 【心跳包】直播间 9619073 发送失败
[03:00:09 ERR] 【原因】time check failed
[03:00:10 ERR] 【心跳包】直播间 407149 发送失败
[03:00:10 ERR] 【原因】time check failed
[03:00:11 ERR] 【心跳包】直播间 11732699 发送失败
[03:00:11 ERR] 【原因】time check failed
[03:00:13 ERR] 【心跳包】直播间 7184632 发送失败
[03:00:13 ERR] 【原因】time check failed
[03:00:14 ERR] 【心跳包】直播间 23447660 发送失败
[03:00:14 ERR] 【原因】time check failed
[03:00:15 ERR] 【心跳包】直播间 929670 发送失败
[03:00:15 ERR] 【原因】time check failed
[03:00:17 ERR] 【心跳包】直播间 91164 发送失败
[03:00:17 ERR] 【原因】time check failed
[03:00:18 ERR] 【心跳包】直播间 22764265 发送失败
[03:00:18 ERR] 【原因】time check failed
[03:01:10 INF] 【直播间】23357926 的第 44 个心跳包发送成功
[03:01:11 INF] 【直播间】23040372 的第 44 个心跳包发送成功
[03:01:13 INF] 【直播间】31494 的第 44 个心跳包发送成功
[03:01:14 INF] 【直播间】4015781 的第 44 个心跳包发送成功
[03:01:15 INF] 【直播间】9619073 的第 44 个心跳包发送成功
[03:01:16 INF] 【直播间】407149 的第 44 个心跳包发送成功
[03:01:18 INF] 【直播间】11732699 的第 44 个心跳包发送成功
[03:01:19 INF] 【直播间】7184632 的第 44 个心跳包发送成功
[03:01:20 INF] 【直播间】23447660 的第 44 个心跳包发送成功
[03:01:22 INF] 【直播间】929670 的第 44 个心跳包发送成功
[03:01:23 INF] 【直播间】91164 的第 44 个心跳包发送成功
[03:01:24 INF] 【直播间】22764265 的第 44 个心跳包发送成功
[03:02:17 INF] 【直播间】23357926 的第 45 个心跳包发送成功
[03:02:18 INF] 【直播间】23040372 的第 45 个心跳包发送成功
[03:02:19 INF] 【直播间】31494 的第 45 个心跳包发送成功
[03:02:20 INF] 【直播间】4015781 的第 45 个心跳包发送成功
[03:02:22 INF] 【直播间】9619073 的第 45 个心跳包发送成功
[03:02:23 INF] 【直播间】407149 的第 45 个心跳包发送成功
[03:02:24 INF] 【直播间】11732699 的第 45 个心跳包发送成功
[03:02:25 INF] 【直播间】7184632 的第 45 个心跳包发送成功
[03:02:27 INF] 【直播间】23447660 的第 45 个心跳包发送成功
[03:02:28 INF] 【直播间】929670 的第 45 个心跳包发送成功
[03:02:29 INF] 【直播间】91164 的第 45 个心跳包发送成功
[03:02:30 INF] 【直播间】22764265 的第 45 个心跳包发送成功
[03:03:23 INF] 【直播间】23357926 的第 46 个心跳包发送成功
[03:03:24 INF] 【直播间】23040372 的第 46 个心跳包发送成功
[03:03:26 INF] 【直播间】31494 的第 46 个心跳包发送成功
[03:03:27 INF] 【直播间】4015781 的第 46 个心跳包发送成功
[03:03:28 INF] 【直播间】9619073 的第 46 个心跳包发送成功
[03:03:29 INF] 【直播间】407149 的第 46 个心跳包发送成功
[03:03:30 INF] 【直播间】11732699 的第 46 个心跳包发送成功
[03:03:32 INF] 【直播间】7184632 的第 46 个心跳包发送成功
[03:03:33 INF] 【直播间】23447660 的第 46 个心跳包发送成功
[03:03:34 INF] 【直播间】929670 的第 46 个心跳包发送成功
[03:03:35 INF] 【直播间】91164 的第 46 个心跳包发送成功
[03:03:37 INF] 【直播间】22764265 的第 46 个心跳包发送成功
[03:04:30 INF] 【直播间】23357926 的第 47 个心跳包发送成功
[03:04:31 INF] 【直播间】23040372 的第 47 个心跳包发送成功
[03:04:32 INF] 【直播间】31494 的第 47 个心跳包发送成功
[03:04:33 INF] 【直播间】4015781 的第 47 个心跳包发送成功
[03:04:35 INF] 【直播间】9619073 的第 47 个心跳包发送成功
[03:04:36 INF] 【直播间】407149 的第 47 个心跳包发送成功
[03:04:37 INF] 【直播间】11732699 的第 47 个心跳包发送成功
[03:04:38 INF] 【直播间】7184632 的第 47 个心跳包发送成功
[03:04:40 INF] 【直播间】23447660 的第 47 个心跳包发送成功
[03:04:41 INF] 【直播间】929670 的第 47 个心跳包发送成功
[03:04:42 INF] 【直播间】91164 的第 47 个心跳包发送成功
[03:04:44 INF] 【直播间】22764265 的第 47 个心跳包发送成功
[03:05:36 INF] 【直播间】23357926 的第 48 个心跳包发送成功
[03:05:37 INF] 【直播间】23040372 的第 48 个心跳包发送成功
[03:05:39 INF] 【直播间】31494 的第 48 个心跳包发送成功
[03:05:40 INF] 【直播间】4015781 的第 48 个心跳包发送成功
[03:05:41 INF] 【直播间】9619073 的第 48 个心跳包发送成功
[03:05:42 INF] 【直播间】407149 的第 48 个心跳包发送成功
[03:05:44 INF] 【直播间】11732699 的第 48 个心跳包发送成功
[03:05:45 INF] 【直播间】7184632 的第 48 个心跳包发送成功
[03:05:46 INF] 【直播间】23447660 的第 48 个心跳包发送成功
[03:05:47 INF] 【直播间】929670 的第 48 个心跳包发送成功
[03:05:49 INF] 【直播间】91164 的第 48 个心跳包发送成功
[03:05:50 INF] 【直播间】22764265 的第 48 个心跳包发送成功
[03:06:43 INF] 【直播间】23357926 的第 49 个心跳包发送成功
[03:06:44 INF] 【直播间】23040372 的第 49 个心跳包发送成功
[03:06:45 INF] 【直播间】31494 的第 49 个心跳包发送成功
[03:06:46 INF] 【直播间】4015781 的第 49 个心跳包发送成功
[03:06:47 INF] 【直播间】9619073 的第 49 个心跳包发送成功
[03:06:49 INF] 【直播间】407149 的第 49 个心跳包发送成功
[03:06:50 INF] 【直播间】11732699 的第 49 个心跳包发送成功
[03:06:51 INF] 【直播间】7184632 的第 49 个心跳包发送成功
[03:06:52 INF] 【直播间】23447660 的第 49 个心跳包发送成功
[03:06:54 INF] 【直播间】929670 的第 49 个心跳包发送成功
[03:06:55 INF] 【直播间】91164 的第 49 个心跳包发送成功
[03:06:56 INF] 【直播间】22764265 的第 49 个心跳包发送成功
[03:07:49 INF] 【直播间】23357926 的第 50 个心跳包发送成功
[03:07:50 INF] 【直播间】23040372 的第 50 个心跳包发送成功
[03:07:51 INF] 【直播间】31494 的第 50 个心跳包发送成功
[03:07:53 INF] 【直播间】4015781 的第 50 个心跳包发送成功
[03:07:54 INF] 【直播间】9619073 的第 50 个心跳包发送成功
[03:07:55 INF] 【直播间】407149 的第 50 个心跳包发送成功
[03:07:56 INF] 【直播间】11732699 的第 50 个心跳包发送成功
[03:07:58 INF] 【直播间】7184632 的第 50 个心跳包发送成功
[03:07:59 INF] 【直播间】23447660 的第 50 个心跳包发送成功
[03:08:00 INF] 【直播间】929670 的第 50 个心跳包发送成功
[03:08:01 INF] 【直播间】91164 的第 50 个心跳包发送成功
[03:08:02 INF] 【直播间】22764265 的第 50 个心跳包发送成功
[03:08:55 INF] 【直播间】23357926 的第 51 个心跳包发送成功
[03:08:56 INF] 【直播间】23040372 的第 51 个心跳包发送成功
[03:08:58 INF] 【直播间】31494 的第 51 个心跳包发送成功
[03:08:59 INF] 【直播间】4015781 的第 51 个心跳包发送成功
[03:09:00 INF] 【直播间】9619073 的第 51 个心跳包发送成功
[03:09:01 INF] 【直播间】407149 的第 51 个心跳包发送成功
[03:09:03 INF] 【直播间】11732699 的第 51 个心跳包发送成功
[03:09:04 INF] 【直播间】7184632 的第 51 个心跳包发送成功
[03:09:05 INF] 【直播间】23447660 的第 51 个心跳包发送成功
[03:09:07 INF] 【直播间】929670 的第 51 个心跳包发送成功
[03:09:08 INF] 【直播间】91164 的第 51 个心跳包发送成功
[03:09:09 INF] 【直播间】22764265 的第 51 个心跳包发送成功
[03:10:02 INF] 【直播间】23357926 的第 52 个心跳包发送成功
[03:10:03 INF] 【直播间】23040372 的第 52 个心跳包发送成功
[03:10:04 INF] 【直播间】31494 的第 52 个心跳包发送成功
[03:10:05 INF] 【直播间】4015781 的第 52 个心跳包发送成功
[03:10:07 INF] 【直播间】9619073 的第 52 个心跳包发送成功
[03:10:08 INF] 【直播间】407149 的第 52 个心跳包发送成功
[03:10:09 INF] 【直播间】11732699 的第 52 个心跳包发送成功
[03:10:10 INF] 【直播间】7184632 的第 52 个心跳包发送成功
[03:10:12 INF] 【直播间】23447660 的第 52 个心跳包发送成功
[03:10:13 INF] 【直播间】929670 的第 52 个心跳包发送成功
[03:10:14 INF] 【直播间】91164 的第 52 个心跳包发送成功
[03:10:15 INF] 【直播间】22764265 的第 52 个心跳包发送成功
[03:11:08 INF] 【直播间】23357926 的第 53 个心跳包发送成功
[03:11:09 INF] 【直播间】23040372 的第 53 个心跳包发送成功
[03:11:11 INF] 【直播间】31494 的第 53 个心跳包发送成功
[03:11:12 INF] 【直播间】4015781 的第 53 个心跳包发送成功
[03:11:13 INF] 【直播间】9619073 的第 53 个心跳包发送成功
[03:11:14 INF] 【直播间】407149 的第 53 个心跳包发送成功
[03:11:16 INF] 【直播间】11732699 的第 53 个心跳包发送成功
[03:11:17 INF] 【直播间】7184632 的第 53 个心跳包发送成功
[03:11:18 INF] 【直播间】23447660 的第 53 个心跳包发送成功
[03:11:19 INF] 【直播间】929670 的第 53 个心跳包发送成功
[03:11:21 INF] 【直播间】91164 的第 53 个心跳包发送成功
[03:11:22 INF] 【直播间】22764265 的第 53 个心跳包发送成功
[03:12:14 INF] 【直播间】23357926 的第 54 个心跳包发送成功
[03:12:16 INF] 【直播间】23040372 的第 54 个心跳包发送成功
[03:12:17 INF] 【直播间】31494 的第 54 个心跳包发送成功
[03:12:18 INF] 【直播间】4015781 的第 54 个心跳包发送成功
[03:12:19 INF] 【直播间】9619073 的第 54 个心跳包发送成功
[03:12:21 INF] 【直播间】407149 的第 54 个心跳包发送成功
[03:12:22 INF] 【直播间】11732699 的第 54 个心跳包发送成功
[03:12:23 INF] 【直播间】7184632 的第 54 个心跳包发送成功
[03:12:25 INF] 【直播间】23447660 的第 54 个心跳包发送成功
[03:12:26 INF] 【直播间】929670 的第 54 个心跳包发送成功
[03:12:27 INF] 【直播间】91164 的第 54 个心跳包发送成功
[03:12:28 INF] 【直播间】22764265 的第 54 个心跳包发送成功
[03:13:21 INF] 【直播间】23357926 的第 55 个心跳包发送成功
[03:13:22 INF] 【直播间】23040372 的第 55 个心跳包发送成功
[03:13:23 INF] 【直播间】31494 的第 55 个心跳包发送成功
[03:13:25 INF] 【直播间】4015781 的第 55 个心跳包发送成功
[03:13:26 INF] 【直播间】9619073 的第 55 个心跳包发送成功
[03:13:27 INF] 【直播间】407149 的第 55 个心跳包发送成功
[03:13:28 INF] 【直播间】11732699 的第 55 个心跳包发送成功
[03:13:30 INF] 【直播间】7184632 的第 55 个心跳包发送成功
[03:13:31 INF] 【直播间】23447660 的第 55 个心跳包发送成功
[03:13:32 INF] 【直播间】929670 的第 55 个心跳包发送成功
[03:13:33 INF] 【直播间】91164 的第 55 个心跳包发送成功
[03:13:34 INF] 【直播间】22764265 的第 55 个心跳包发送成功
[03:14:27 INF] 【直播间】23357926 的第 56 个心跳包发送成功
[03:14:28 INF] 【直播间】23040372 的第 56 个心跳包发送成功
[03:14:30 INF] 【直播间】31494 的第 56 个心跳包发送成功
[03:14:31 INF] 【直播间】4015781 的第 56 个心跳包发送成功
[03:14:32 INF] 【直播间】9619073 的第 56 个心跳包发送成功
[03:14:33 INF] 【直播间】407149 的第 56 个心跳包发送成功
[03:14:35 INF] 【直播间】11732699 的第 56 个心跳包发送成功
[03:14:36 INF] 【直播间】7184632 的第 56 个心跳包发送成功
[03:14:37 INF] 【直播间】23447660 的第 56 个心跳包发送成功
[03:14:38 INF] 【直播间】929670 的第 56 个心跳包发送成功
[03:14:40 INF] 【直播间】91164 的第 56 个心跳包发送成功
[03:14:41 INF] 【直播间】22764265 的第 56 个心跳包发送成功
[03:15:34 INF] 【直播间】23357926 的第 57 个心跳包发送成功
[03:15:35 INF] 【直播间】23040372 的第 57 个心跳包发送成功
[03:15:36 INF] 【直播间】31494 的第 57 个心跳包发送成功
[03:15:37 INF] 【直播间】4015781 的第 57 个心跳包发送成功
[03:15:39 INF] 【直播间】9619073 的第 57 个心跳包发送成功
[03:15:40 INF] 【直播间】407149 的第 57 个心跳包发送成功
[03:15:41 INF] 【直播间】11732699 的第 57 个心跳包发送成功
[03:15:42 INF] 【直播间】7184632 的第 57 个心跳包发送成功
[03:15:43 INF] 【直播间】23447660 的第 57 个心跳包发送成功
[03:15:45 INF] 【直播间】929670 的第 57 个心跳包发送成功
[03:15:46 INF] 【直播间】91164 的第 57 个心跳包发送成功
[03:15:47 INF] 【直播间】22764265 的第 57 个心跳包发送成功
[03:16:40 ERR] 【心跳包】直播间 23357926 发送失败
[03:16:40 ERR] 【原因】time check failed
[03:16:41 ERR] 【心跳包】直播间 23040372 发送失败
[03:16:41 ERR] 【原因】time check failed
[03:16:42 ERR] 【心跳包】直播间 31494 发送失败
[03:16:42 ERR] 【原因】time check failed
[03:16:44 ERR] 【心跳包】直播间 4015781 发送失败
[03:16:44 ERR] 【原因】time check failed
[03:16:45 ERR] 【心跳包】直播间 9619073 发送失败
[03:16:45 ERR] 【原因】time check failed
[03:16:46 ERR] 【心跳包】直播间 407149 发送失败
[03:16:46 ERR] 【原因】time check failed
[03:16:47 ERR] 【心跳包】直播间 11732699 发送失败
[03:16:47 ERR] 【原因】time check failed
[03:16:48 ERR] 【心跳包】直播间 7184632 发送失败
[03:16:48 ERR] 【原因】time check failed
[03:16:50 ERR] 【心跳包】直播间 23447660 发送失败
[03:16:50 ERR] 【原因】time check failed
[03:16:51 ERR] 【心跳包】直播间 929670 发送失败
[03:16:51 ERR] 【原因】time check failed
[03:16:52 ERR] 【心跳包】直播间 91164 发送失败
[03:16:52 ERR] 【原因】time check failed
[03:16:54 ERR] 【心跳包】直播间 22764265 发送失败
[03:16:54 ERR] 【原因】time check failed
[03:17:46 INF] 【直播间】23357926 的第 58 个心跳包发送成功
[03:17:47 INF] 【直播间】23040372 的第 58 个心跳包发送成功
[03:17:49 INF] 【直播间】31494 的第 58 个心跳包发送成功
[03:17:50 INF] 【直播间】4015781 的第 58 个心跳包发送成功
[03:17:51 INF] 【直播间】9619073 的第 58 个心跳包发送成功
[03:17:52 INF] 【直播间】407149 的第 58 个心跳包发送成功
[03:17:53 INF] 【直播间】11732699 的第 58 个心跳包发送成功
[03:17:55 INF] 【直播间】7184632 的第 58 个心跳包发送成功
[03:17:56 INF] 【直播间】23447660 的第 58 个心跳包发送成功
[03:17:57 INF] 【直播间】929670 的第 58 个心跳包发送成功
[03:17:59 INF] 【直播间】91164 的第 58 个心跳包发送成功
[03:18:00 INF] 【直播间】22764265 的第 58 个心跳包发送成功
[03:18:53 INF] 【直播间】23357926 的第 59 个心跳包发送成功
[03:18:54 INF] 【直播间】23040372 的第 59 个心跳包发送成功
[03:18:55 INF] 【直播间】31494 的第 59 个心跳包发送成功
[03:18:56 INF] 【直播间】4015781 的第 59 个心跳包发送成功
[03:18:57 INF] 【直播间】9619073 的第 59 个心跳包发送成功
[03:18:59 INF] 【直播间】407149 的第 59 个心跳包发送成功
[03:19:00 INF] 【直播间】11732699 的第 59 个心跳包发送成功
[03:19:01 INF] 【直播间】7184632 的第 59 个心跳包发送成功
[03:19:03 INF] 【直播间】23447660 的第 59 个心跳包发送成功
[03:19:04 INF] 【直播间】929670 的第 59 个心跳包发送成功
[03:19:05 INF] 【直播间】91164 的第 59 个心跳包发送成功
[03:19:06 INF] 【直播间】22764265 的第 59 个心跳包发送成功
[03:19:59 INF] 【直播间】23357926 的第 60 个心跳包发送成功
[03:20:00 INF] 【直播间】23040372 的第 60 个心跳包发送成功
[03:20:01 INF] 【直播间】31494 的第 60 个心跳包发送成功
[03:20:03 INF] 【直播间】4015781 的第 60 个心跳包发送成功
[03:20:04 INF] 【直播间】9619073 的第 60 个心跳包发送成功
[03:20:05 INF] 【直播间】407149 的第 60 个心跳包发送成功
[03:20:06 INF] 【直播间】11732699 的第 60 个心跳包发送成功
[03:20:08 INF] 【直播间】7184632 的第 60 个心跳包发送成功
[03:20:09 INF] 【直播间】23447660 的第 60 个心跳包发送成功
[03:20:10 INF] 【直播间】929670 的第 60 个心跳包发送成功
[03:20:12 INF] 【直播间】91164 的第 60 个心跳包发送成功
[03:20:13 INF] 【直播间】22764265 的第 60 个心跳包发送成功
[03:21:05 INF] 【直播间】23357926 的第 61 个心跳包发送成功
[03:21:06 INF] 【直播间】23040372 的第 61 个心跳包发送成功
[03:21:08 INF] 【直播间】31494 的第 61 个心跳包发送成功
[03:21:09 INF] 【直播间】4015781 的第 61 个心跳包发送成功
[03:21:10 INF] 【直播间】9619073 的第 61 个心跳包发送成功
[03:21:11 INF] 【直播间】407149 的第 61 个心跳包发送成功
[03:21:13 INF] 【直播间】11732699 的第 61 个心跳包发送成功
[03:21:14 INF] 【直播间】7184632 的第 61 个心跳包发送成功
[03:21:15 INF] 【直播间】23447660 的第 61 个心跳包发送成功
[03:21:17 INF] 【直播间】929670 的第 61 个心跳包发送成功
[03:21:18 INF] 【直播间】91164 的第 61 个心跳包发送成功
[03:21:19 INF] 【直播间】22764265 的第 61 个心跳包发送成功
[03:22:12 INF] 【直播间】23357926 的第 62 个心跳包发送成功
[03:22:13 INF] 【直播间】23040372 的第 62 个心跳包发送成功
[03:22:14 INF] 【直播间】31494 的第 62 个心跳包发送成功
[03:22:15 INF] 【直播间】4015781 的第 62 个心跳包发送成功
[03:22:17 INF] 【直播间】9619073 的第 62 个心跳包发送成功
[03:22:18 INF] 【直播间】407149 的第 62 个心跳包发送成功
[03:22:19 INF] 【直播间】11732699 的第 62 个心跳包发送成功
[03:22:21 INF] 【直播间】7184632 的第 62 个心跳包发送成功
[03:22:22 INF] 【直播间】23447660 的第 62 个心跳包发送成功
[03:22:23 INF] 【直播间】929670 的第 62 个心跳包发送成功
[03:22:24 INF] 【直播间】91164 的第 62 个心跳包发送成功
[03:22:26 INF] 【直播间】22764265 的第 62 个心跳包发送成功
[03:23:18 INF] 【直播间】23357926 的第 63 个心跳包发送成功
[03:23:19 INF] 【直播间】23040372 的第 63 个心跳包发送成功
[03:23:21 INF] 【直播间】31494 的第 63 个心跳包发送成功
[03:23:22 INF] 【直播间】4015781 的第 63 个心跳包发送成功
[03:23:23 INF] 【直播间】9619073 的第 63 个心跳包发送成功
[03:23:24 INF] 【直播间】407149 的第 63 个心跳包发送成功
[03:23:26 INF] 【直播间】11732699 的第 63 个心跳包发送成功
[03:23:27 INF] 【直播间】7184632 的第 63 个心跳包发送成功
[03:23:28 INF] 【直播间】23447660 的第 63 个心跳包发送成功
[03:23:29 INF] 【直播间】929670 的第 63 个心跳包发送成功
[03:23:31 INF] 【直播间】91164 的第 63 个心跳包发送成功
[03:23:32 INF] 【直播间】22764265 的第 63 个心跳包发送成功
[03:24:24 INF] 【直播间】23357926 的第 64 个心跳包发送成功
[03:24:26 INF] 【直播间】23040372 的第 64 个心跳包发送成功
[03:24:27 INF] 【直播间】31494 的第 64 个心跳包发送成功
[03:24:28 INF] 【直播间】4015781 的第 64 个心跳包发送成功
[03:24:29 INF] 【直播间】9619073 的第 64 个心跳包发送成功
[03:24:31 INF] 【直播间】407149 的第 64 个心跳包发送成功
[03:24:32 INF] 【直播间】11732699 的第 64 个心跳包发送成功
[03:24:33 INF] 【直播间】7184632 的第 64 个心跳包发送成功
[03:24:34 INF] 【直播间】23447660 的第 64 个心跳包发送成功
[03:24:36 INF] 【直播间】929670 的第 64 个心跳包发送成功
[03:24:37 INF] 【直播间】91164 的第 64 个心跳包发送成功
[03:24:38 INF] 【直播间】22764265 的第 64 个心跳包发送成功
[03:25:31 INF] 【直播间】23357926 的第 65 个心跳包发送成功
[03:25:32 INF] 【直播间】23040372 的第 65 个心跳包发送成功
[03:25:33 INF] 【直播间】31494 的第 65 个心跳包发送成功
[03:25:34 INF] 【直播间】4015781 的第 65 个心跳包发送成功
[03:25:36 INF] 【直播间】9619073 的第 65 个心跳包发送成功
[03:25:37 INF] 【直播间】407149 的第 65 个心跳包发送成功
[03:25:38 INF] 【直播间】11732699 的第 65 个心跳包发送成功
[03:25:39 INF] 【直播间】7184632 的第 65 个心跳包发送成功
[03:25:41 INF] 【直播间】23447660 的第 65 个心跳包发送成功
[03:25:42 INF] 【直播间】929670 的第 65 个心跳包发送成功
[03:25:43 INF] 【直播间】91164 的第 65 个心跳包发送成功
[03:25:44 INF] 【直播间】22764265 的第 65 个心跳包发送成功
[03:26:37 INF] 【直播间】23357926 的第 66 个心跳包发送成功
[03:26:39 INF] 【直播间】23040372 的第 66 个心跳包发送成功
[03:26:40 INF] 【直播间】31494 的第 66 个心跳包发送成功
[03:26:41 INF] 【直播间】4015781 的第 66 个心跳包发送成功
[03:26:42 INF] 【直播间】9619073 的第 66 个心跳包发送成功
[03:26:44 INF] 【直播间】407149 的第 66 个心跳包发送成功
[03:26:45 INF] 【直播间】11732699 的第 66 个心跳包发送成功
[03:26:46 INF] 【直播间】7184632 的第 66 个心跳包发送成功
[03:26:47 INF] 【直播间】23447660 的第 66 个心跳包发送成功
[03:26:49 INF] 【直播间】929670 的第 66 个心跳包发送成功
[03:26:50 INF] 【直播间】91164 的第 66 个心跳包发送成功
[03:26:51 INF] 【直播间】22764265 的第 66 个心跳包发送成功
[03:27:44 INF] 【直播间】23357926 的第 67 个心跳包发送成功
[03:27:45 INF] 【直播间】23040372 的第 67 个心跳包发送成功
[03:27:46 INF] 【直播间】31494 的第 67 个心跳包发送成功
[03:27:47 INF] 【直播间】4015781 的第 67 个心跳包发送成功
[03:27:49 INF] 【直播间】9619073 的第 67 个心跳包发送成功
[03:27:50 INF] 【直播间】407149 的第 67 个心跳包发送成功
[03:27:51 INF] 【直播间】11732699 的第 67 个心跳包发送成功
[03:27:53 INF] 【直播间】7184632 的第 67 个心跳包发送成功
[03:27:54 INF] 【直播间】23447660 的第 67 个心跳包发送成功
[03:27:55 INF] 【直播间】929670 的第 67 个心跳包发送成功
[03:27:56 INF] 【直播间】91164 的第 67 个心跳包发送成功
[03:27:57 INF] 【直播间】22764265 的第 67 个心跳包发送成功
[03:28:50 INF] 【直播间】23357926 的第 68 个心跳包发送成功
[03:28:51 INF] 【直播间】23040372 的第 68 个心跳包发送成功
[03:28:52 INF] 【直播间】31494 的第 68 个心跳包发送成功
[03:28:54 INF] 【直播间】4015781 的第 68 个心跳包发送成功
[03:28:55 INF] 【直播间】9619073 的第 68 个心跳包发送成功
[03:28:56 INF] 【直播间】407149 的第 68 个心跳包发送成功
[03:28:58 INF] 【直播间】11732699 的第 68 个心跳包发送成功
[03:28:59 INF] 【直播间】7184632 的第 68 个心跳包发送成功
[03:29:00 INF] 【直播间】23447660 的第 68 个心跳包发送成功
[03:29:01 INF] 【直播间】929670 的第 68 个心跳包发送成功
[03:29:03 INF] 【直播间】91164 的第 68 个心跳包发送成功
[03:29:04 INF] 【直播间】22764265 的第 68 个心跳包发送成功
[03:29:56 INF] 【直播间】23357926 的第 69 个心跳包发送成功
[03:29:58 INF] 【直播间】23040372 的第 69 个心跳包发送成功
[03:29:59 INF] 【直播间】31494 的第 69 个心跳包发送成功
[03:30:00 INF] 【直播间】4015781 的第 69 个心跳包发送成功
[03:30:01 INF] 【直播间】9619073 的第 69 个心跳包发送成功
[03:30:03 INF] 【直播间】407149 的第 69 个心跳包发送成功
[03:30:04 INF] 【直播间】11732699 的第 69 个心跳包发送成功
[03:30:06 INF] 【直播间】7184632 的第 69 个心跳包发送成功
[03:30:07 INF] 【直播间】23447660 的第 69 个心跳包发送成功
[03:30:08 INF] 【直播间】929670 的第 69 个心跳包发送成功
[03:30:09 INF] 【直播间】91164 的第 69 个心跳包发送成功
[03:30:10 INF] 【直播间】22764265 的第 69 个心跳包发送成功
[03:31:03 INF] 【直播间】23357926 的第 70 个心跳包发送成功
[03:31:04 INF] 【直播间】23040372 的第 70 个心跳包发送成功
[03:31:05 INF] 【直播间】31494 的第 70 个心跳包发送成功
[03:31:07 INF] 【直播间】4015781 的第 70 个心跳包发送成功
[03:31:08 INF] 【直播间】9619073 的第 70 个心跳包发送成功
[03:31:09 INF] 【直播间】407149 的第 70 个心跳包发送成功
[03:31:10 INF] 【直播间】11732699 的第 70 个心跳包发送成功
[03:31:12 INF] 【直播间】7184632 的第 70 个心跳包发送成功
[03:31:13 INF] 【直播间】23447660 的第 70 个心跳包发送成功
[03:31:14 INF] 【直播间】929670 的第 70 个心跳包发送成功
[03:31:16 INF] 【直播间】91164 的第 70 个心跳包发送成功
[03:31:17 INF] 【直播间】22764265 的第 70 个心跳包发送成功
[03:31:17 INF] 【直播观看时长】完成情况：12/12 
[03:31:17 INF] ---------结束---------

[03:31:17 INF] ==========结束==========

[03:31:17 INF] ######### 账号 3 #########

[03:31:17 INF] =====开始 直播间互动 =====

[03:31:17 INF] ---开始 发送弹幕 ---
[03:31:17 INF] 检测到直播 Cookie 未正确配置，尝试自动配置中...
[03:31:24 INF] 直播 Cookie 配置成功！
[03:31:24 INF] 【获取直播列表】获取拥有粉丝牌的直播列表
[03:31:31 ERR] 【获取直播列表】失败
[03:31:31 ERR] 【原因】账号未登录
[03:31:31 ERR] 发送弹幕失败，继续其他任务。失败信息:Object reference not set to an instance of an object.

[03:31:31 INF] -------结束-------

[03:31:31 INF] ---开始 点赞直播间 ---
[03:31:31 INF] 【获取直播列表】获取拥有粉丝牌的直播列表
[03:31:39 ERR] 【获取直播列表】失败
[03:31:39 ERR] 【原因】账号未登录
[03:31:39 ERR] 点赞直播间失败，继续其他任务。失败信息:Object reference not set to an instance of an object.

[03:31:39 INF] --------结束--------

[03:31:39 INF] ---开始 直播时长挂机 ---
[03:31:39 INF] 【获取直播列表】获取拥有粉丝牌的直播列表
[03:31:42 ERR] 【获取直播列表】失败
[03:31:42 ERR] 【原因】账号未登录
[03:31:42 ERR] 直播时长挂机失败，继续其他任务。失败信息:Object reference not set to an instance of an object.

[03:31:42 INF] ---------结束---------

[03:31:42 INF] ==========结束==========

[03:31:42 INF] 

========================

 v2.0.1 开源 by https://github.com/RayWangQvQ/BiliBiliToolPro

[03:31:42 INF] ·开始推送·LiveFansMedal任务·
2023-11-16T19:31:42.2959726Z 开始推送到:PushPlus
2023-11-16T19:31:43.4662126Z Response status: OK.
2023-11-16T19:31:43.4662544Z Response content: {"code":999,"msg":"发送内容过大，不能超过2万字","data":null}.

[03:31:43 INF] 运行环境：Development
[03:31:43 INF] 应用目录：/home/runner/work/BiliBiliToolPro/BiliBiliToolPro/src/Ray.BiliBiliTool.Console/bin/Debug/net6.0/

[03:31:43 INF] 运行结束
