----------- ip 信息 ---------
{
  "ip": "20.97.189.16",
  "city": "Boydton",
  "region": "Virginia",
  "country": "US",
  "loc": "36.6676,-78.3875",
  "org": "AS8075 Microsoft Corporation",
  "postal": "23917",
  "timezone": "America/New_York",
  "readme": "https://ipinfo.io/missingauth"
} ---------- end ------------
  ____               ____    _   _____           _  
 |  _ \ __ _ _   _  | __ ) _| |_|_   _|__   ___ | | 
 | |_) / _` | | | | |  _ \(_) (_) | |/ _ \ / _ \| | 
 |  _ < (_| | |_| | | |_) | | | | | | (_) | (_) | | 
 |_| \_\__,_|\__, | |____/|_|_|_| |_|\___/ \___/|_| 
             |___/                                  

[00:27:51 INF] BiliBiliToolPro 开始运行...

[00:27:51 INF] 【账号个数】3个

[00:27:51 INF] 随机休眠2分钟

[00:29:51 INF] 【目标任务】LiveFansMedal
[00:29:51 INF] ######### 账号 1 #########

[00:29:51 INF] =====开始 直播间互动 =====

[00:29:51 INF] ---开始 发送弹幕 ---
[00:29:51 INF] 检测到直播 Cookie 未正确配置，尝试自动配置中...
[00:29:55 INF] 直播 Cookie 配置成功！
[00:29:55 INF] 【获取直播列表】获取拥有粉丝牌的直播列表
[00:30:01 INF] 【主播】Mark陌枫 
[00:30:18 INF] 【主播】KL_qiqi_ 
[00:30:33 INF] 【主播】苏打baka 
[00:30:47 INF] 【直播间】Mark陌枫
[00:30:47 INF] 【粉丝牌】馬楓
[00:30:47 INF] 正在发送弹幕...
[00:30:50 INF] 【直播间】KL_qiqi_
[00:30:50 INF] 【粉丝牌】qiqisb
[00:30:50 INF] 正在发送弹幕...
[00:30:55 INF] 【直播间】苏打baka
[00:30:55 INF] 【粉丝牌】碳酸钠
[00:30:55 INF] 正在发送弹幕...
[00:31:01 INF] -------结束-------

[00:31:01 INF] ---开始 点赞直播间 ---
[00:31:01 INF] 【获取直播列表】获取拥有粉丝牌的直播列表
[00:31:03 INF] 【弹幕发送】成功~，你和主播 Mark陌枫 的亲密值增加了100！
[00:31:06 INF] 【主播】Mark陌枫 
[00:31:10 INF] 【弹幕发送】成功~，你和主播 KL_qiqi_ 的亲密值增加了100！
[00:31:14 INF] 【弹幕发送】成功~，你和主播 苏打baka 的亲密值增加了100！
[00:31:24 INF] 【主播】KL_qiqi_ 
[00:31:42 INF] 【主播】苏打baka 
[00:31:58 INF] 【点赞直播间】23357926 完成
[00:32:03 INF] 【点赞直播间】407149 完成
[00:32:07 INF] --------结束--------

[00:32:07 INF] ---开始 直播时长挂机 ---
[00:32:07 INF] 【获取直播列表】获取拥有粉丝牌的直播列表
[00:32:07 INF] 【点赞直播间】23040372 完成
[00:32:15 INF] 【主播】Mark陌枫 
[00:32:31 INF] 【主播】KL_qiqi_ 
[00:32:44 INF] 【主播】苏打baka 
[00:33:06 INF] 【直播间】23357926 的第 1 个心跳包发送成功
[00:33:07 INF] 【直播间】407149 的第 1 个心跳包发送成功
[00:33:09 INF] 【直播间】23040372 的第 1 个心跳包发送成功
[00:34:13 INF] 【直播间】23357926 的第 2 个心跳包发送成功
[00:34:14 INF] 【直播间】407149 的第 2 个心跳包发送成功
[00:34:15 INF] 【直播间】23040372 的第 2 个心跳包发送成功
[00:35:20 INF] 【直播间】23357926 的第 3 个心跳包发送成功
[00:35:21 INF] 【直播间】407149 的第 3 个心跳包发送成功
[00:35:22 INF] 【直播间】23040372 的第 3 个心跳包发送成功
[00:36:26 INF] 【直播间】23357926 的第 4 个心跳包发送成功
[00:36:28 INF] 【直播间】407149 的第 4 个心跳包发送成功
[00:36:29 INF] 【直播间】23040372 的第 4 个心跳包发送成功
[00:37:33 INF] 【直播间】23357926 的第 5 个心跳包发送成功
[00:37:34 INF] 【直播间】407149 的第 5 个心跳包发送成功
[00:37:35 INF] 【直播间】23040372 的第 5 个心跳包发送成功
[00:38:39 INF] 【直播间】23357926 的第 6 个心跳包发送成功
[00:38:41 INF] 【直播间】407149 的第 6 个心跳包发送成功
[00:38:42 INF] 【直播间】23040372 的第 6 个心跳包发送成功
[00:39:46 INF] 【直播间】23357926 的第 7 个心跳包发送成功
[00:39:47 INF] 【直播间】407149 的第 7 个心跳包发送成功
[00:39:48 INF] 【直播间】23040372 的第 7 个心跳包发送成功
[00:40:53 INF] 【直播间】23357926 的第 8 个心跳包发送成功
[00:40:54 INF] 【直播间】407149 的第 8 个心跳包发送成功
[00:40:55 INF] 【直播间】23040372 的第 8 个心跳包发送成功
[00:41:59 INF] 【直播间】23357926 的第 9 个心跳包发送成功
[00:42:01 INF] 【直播间】407149 的第 9 个心跳包发送成功
[00:42:02 INF] 【直播间】23040372 的第 9 个心跳包发送成功
[00:43:06 INF] 【直播间】23357926 的第 10 个心跳包发送成功
[00:43:07 INF] 【直播间】407149 的第 10 个心跳包发送成功
[00:43:08 INF] 【直播间】23040372 的第 10 个心跳包发送成功
[00:44:12 INF] 【直播间】23357926 的第 11 个心跳包发送成功
[00:44:14 INF] 【直播间】407149 的第 11 个心跳包发送成功
[00:44:15 INF] 【直播间】23040372 的第 11 个心跳包发送成功
[00:45:19 INF] 【直播间】23357926 的第 12 个心跳包发送成功
[00:45:20 INF] 【直播间】407149 的第 12 个心跳包发送成功
[00:45:21 INF] 【直播间】23040372 的第 12 个心跳包发送成功
[00:46:26 INF] 【直播间】23357926 的第 13 个心跳包发送成功
[00:46:27 INF] 【直播间】407149 的第 13 个心跳包发送成功
[00:46:28 INF] 【直播间】23040372 的第 13 个心跳包发送成功
[00:47:32 INF] 【直播间】23357926 的第 14 个心跳包发送成功
[00:47:33 INF] 【直播间】407149 的第 14 个心跳包发送成功
[00:47:35 INF] 【直播间】23040372 的第 14 个心跳包发送成功
[00:48:39 ERR] 【心跳包】直播间 23357926 发送失败
[00:48:39 ERR] 【原因】time check failed
[00:48:40 ERR] 【心跳包】直播间 407149 发送失败
[00:48:40 ERR] 【原因】time check failed
[00:48:41 ERR] 【心跳包】直播间 23040372 发送失败
[00:48:41 ERR] 【原因】time check failed
[00:49:45 INF] 【直播间】23357926 的第 15 个心跳包发送成功
[00:49:47 INF] 【直播间】407149 的第 15 个心跳包发送成功
[00:49:48 INF] 【直播间】23040372 的第 15 个心跳包发送成功
[00:50:52 INF] 【直播间】23357926 的第 16 个心跳包发送成功
[00:50:53 INF] 【直播间】407149 的第 16 个心跳包发送成功
[00:50:54 INF] 【直播间】23040372 的第 16 个心跳包发送成功
[00:51:59 INF] 【直播间】23357926 的第 17 个心跳包发送成功
[00:52:00 INF] 【直播间】407149 的第 17 个心跳包发送成功
[00:52:01 INF] 【直播间】23040372 的第 17 个心跳包发送成功
[00:53:05 INF] 【直播间】23357926 的第 18 个心跳包发送成功
[00:53:06 INF] 【直播间】407149 的第 18 个心跳包发送成功
[00:53:08 INF] 【直播间】23040372 的第 18 个心跳包发送成功
[00:54:12 INF] 【直播间】23357926 的第 19 个心跳包发送成功
[00:54:13 INF] 【直播间】407149 的第 19 个心跳包发送成功
[00:54:14 INF] 【直播间】23040372 的第 19 个心跳包发送成功
[00:55:18 INF] 【直播间】23357926 的第 20 个心跳包发送成功
[00:55:19 INF] 【直播间】407149 的第 20 个心跳包发送成功
[00:55:21 INF] 【直播间】23040372 的第 20 个心跳包发送成功
[00:56:25 INF] 【直播间】23357926 的第 21 个心跳包发送成功
[00:56:26 INF] 【直播间】407149 的第 21 个心跳包发送成功
[00:56:27 INF] 【直播间】23040372 的第 21 个心跳包发送成功
[00:57:31 INF] 【直播间】23357926 的第 22 个心跳包发送成功
[00:57:33 INF] 【直播间】407149 的第 22 个心跳包发送成功
[00:57:34 INF] 【直播间】23040372 的第 22 个心跳包发送成功
[00:58:38 INF] 【直播间】23357926 的第 23 个心跳包发送成功
[00:58:39 INF] 【直播间】407149 的第 23 个心跳包发送成功
[00:58:40 INF] 【直播间】23040372 的第 23 个心跳包发送成功
[00:59:45 INF] 【直播间】23357926 的第 24 个心跳包发送成功
[00:59:46 INF] 【直播间】407149 的第 24 个心跳包发送成功
[00:59:47 INF] 【直播间】23040372 的第 24 个心跳包发送成功
[01:00:51 INF] 【直播间】23357926 的第 25 个心跳包发送成功
[01:00:52 INF] 【直播间】407149 的第 25 个心跳包发送成功
[01:00:54 INF] 【直播间】23040372 的第 25 个心跳包发送成功
[01:01:58 INF] 【直播间】23357926 的第 26 个心跳包发送成功
[01:01:59 INF] 【直播间】407149 的第 26 个心跳包发送成功
[01:02:00 INF] 【直播间】23040372 的第 26 个心跳包发送成功
[01:03:05 INF] 【直播间】23357926 的第 27 个心跳包发送成功
[01:03:06 INF] 【直播间】407149 的第 27 个心跳包发送成功
[01:03:07 INF] 【直播间】23040372 的第 27 个心跳包发送成功
[01:04:11 ERR] 【心跳包】直播间 23357926 发送失败
[01:04:11 ERR] 【原因】time check failed
[01:04:12 ERR] 【心跳包】直播间 407149 发送失败
[01:04:12 ERR] 【原因】time check failed
[01:04:14 ERR] 【心跳包】直播间 23040372 发送失败
[01:04:14 ERR] 【原因】time check failed
[01:05:18 INF] 【直播间】23357926 的第 28 个心跳包发送成功
[01:05:19 INF] 【直播间】407149 的第 28 个心跳包发送成功
[01:05:20 INF] 【直播间】23040372 的第 28 个心跳包发送成功
[01:06:24 INF] 【直播间】23357926 的第 29 个心跳包发送成功
[01:06:26 INF] 【直播间】407149 的第 29 个心跳包发送成功
[01:06:27 INF] 【直播间】23040372 的第 29 个心跳包发送成功
[01:07:31 INF] 【直播间】23357926 的第 30 个心跳包发送成功
[01:07:32 INF] 【直播间】407149 的第 30 个心跳包发送成功
[01:07:33 INF] 【直播间】23040372 的第 30 个心跳包发送成功
[01:08:38 INF] 【直播间】23357926 的第 31 个心跳包发送成功
[01:08:39 INF] 【直播间】407149 的第 31 个心跳包发送成功
[01:08:40 INF] 【直播间】23040372 的第 31 个心跳包发送成功
[01:09:44 INF] 【直播间】23357926 的第 32 个心跳包发送成功
[01:09:46 INF] 【直播间】407149 的第 32 个心跳包发送成功
[01:09:47 INF] 【直播间】23040372 的第 32 个心跳包发送成功
[01:10:51 INF] 【直播间】23357926 的第 33 个心跳包发送成功
[01:10:52 INF] 【直播间】407149 的第 33 个心跳包发送成功
[01:10:54 INF] 【直播间】23040372 的第 33 个心跳包发送成功
[01:11:58 INF] 【直播间】23357926 的第 34 个心跳包发送成功
[01:11:59 INF] 【直播间】407149 的第 34 个心跳包发送成功
[01:12:00 INF] 【直播间】23040372 的第 34 个心跳包发送成功
[01:13:04 INF] 【直播间】23357926 的第 35 个心跳包发送成功
[01:13:05 INF] 【直播间】407149 的第 35 个心跳包发送成功
[01:13:07 INF] 【直播间】23040372 的第 35 个心跳包发送成功
[01:14:11 INF] 【直播间】23357926 的第 36 个心跳包发送成功
[01:14:12 INF] 【直播间】407149 的第 36 个心跳包发送成功
[01:14:14 INF] 【直播间】23040372 的第 36 个心跳包发送成功
[01:15:18 INF] 【直播间】23357926 的第 37 个心跳包发送成功
[01:15:19 INF] 【直播间】407149 的第 37 个心跳包发送成功
[01:15:20 INF] 【直播间】23040372 的第 37 个心跳包发送成功
[01:16:24 INF] 【直播间】23357926 的第 38 个心跳包发送成功
[01:16:26 INF] 【直播间】407149 的第 38 个心跳包发送成功
[01:16:27 INF] 【直播间】23040372 的第 38 个心跳包发送成功
[01:17:31 INF] 【直播间】23357926 的第 39 个心跳包发送成功
[01:17:32 INF] 【直播间】407149 的第 39 个心跳包发送成功
[01:17:33 INF] 【直播间】23040372 的第 39 个心跳包发送成功
[01:18:37 INF] 【直播间】23357926 的第 40 个心跳包发送成功
[01:18:39 INF] 【直播间】407149 的第 40 个心跳包发送成功
[01:18:40 INF] 【直播间】23040372 的第 40 个心跳包发送成功
[01:19:44 ERR] 【心跳包】直播间 23357926 发送失败
[01:19:44 ERR] 【原因】time check failed
[01:19:45 ERR] 【心跳包】直播间 407149 发送失败
[01:19:45 ERR] 【原因】time check failed
[01:19:46 ERR] 【心跳包】直播间 23040372 发送失败
[01:19:46 ERR] 【原因】time check failed
[01:20:50 INF] 【直播间】23357926 的第 41 个心跳包发送成功
[01:20:52 INF] 【直播间】407149 的第 41 个心跳包发送成功
[01:20:53 INF] 【直播间】23040372 的第 41 个心跳包发送成功
[01:21:57 INF] 【直播间】23357926 的第 42 个心跳包发送成功
[01:21:58 INF] 【直播间】407149 的第 42 个心跳包发送成功
[01:22:00 INF] 【直播间】23040372 的第 42 个心跳包发送成功
[01:23:04 INF] 【直播间】23357926 的第 43 个心跳包发送成功
[01:23:05 INF] 【直播间】407149 的第 43 个心跳包发送成功
[01:23:06 INF] 【直播间】23040372 的第 43 个心跳包发送成功
[01:24:10 INF] 【直播间】23357926 的第 44 个心跳包发送成功
[01:24:11 INF] 【直播间】407149 的第 44 个心跳包发送成功
[01:24:13 INF] 【直播间】23040372 的第 44 个心跳包发送成功
[01:25:17 INF] 【直播间】23357926 的第 45 个心跳包发送成功
[01:25:18 INF] 【直播间】407149 的第 45 个心跳包发送成功
[01:25:19 INF] 【直播间】23040372 的第 45 个心跳包发送成功
[01:26:23 INF] 【直播间】23357926 的第 46 个心跳包发送成功
[01:26:25 INF] 【直播间】407149 的第 46 个心跳包发送成功
[01:26:26 INF] 【直播间】23040372 的第 46 个心跳包发送成功
[01:27:30 INF] 【直播间】23357926 的第 47 个心跳包发送成功
[01:27:31 INF] 【直播间】407149 的第 47 个心跳包发送成功
[01:27:33 INF] 【直播间】23040372 的第 47 个心跳包发送成功
[01:28:37 INF] 【直播间】23357926 的第 48 个心跳包发送成功
[01:28:38 INF] 【直播间】407149 的第 48 个心跳包发送成功
[01:28:39 INF] 【直播间】23040372 的第 48 个心跳包发送成功
[01:29:43 INF] 【直播间】23357926 的第 49 个心跳包发送成功
[01:29:44 INF] 【直播间】407149 的第 49 个心跳包发送成功
[01:29:46 INF] 【直播间】23040372 的第 49 个心跳包发送成功
[01:30:50 INF] 【直播间】23357926 的第 50 个心跳包发送成功
[01:30:51 INF] 【直播间】407149 的第 50 个心跳包发送成功
[01:30:53 INF] 【直播间】23040372 的第 50 个心跳包发送成功
[01:31:57 INF] 【直播间】23357926 的第 51 个心跳包发送成功
[01:31:58 INF] 【直播间】407149 的第 51 个心跳包发送成功
[01:31:59 INF] 【直播间】23040372 的第 51 个心跳包发送成功
[01:33:03 INF] 【直播间】23357926 的第 52 个心跳包发送成功
[01:33:05 INF] 【直播间】407149 的第 52 个心跳包发送成功
[01:33:06 INF] 【直播间】23040372 的第 52 个心跳包发送成功
[01:34:10 INF] 【直播间】23357926 的第 53 个心跳包发送成功
[01:34:11 INF] 【直播间】407149 的第 53 个心跳包发送成功
[01:34:12 INF] 【直播间】23040372 的第 53 个心跳包发送成功
[01:35:16 ERR] 【心跳包】直播间 23357926 发送失败
[01:35:16 ERR] 【原因】time check failed
[01:35:18 ERR] 【心跳包】直播间 407149 发送失败
[01:35:18 ERR] 【原因】time check failed
[01:35:19 ERR] 【心跳包】直播间 23040372 发送失败
[01:35:19 ERR] 【原因】time check failed
[01:36:23 INF] 【直播间】23357926 的第 54 个心跳包发送成功
[01:36:24 INF] 【直播间】407149 的第 54 个心跳包发送成功
[01:36:26 INF] 【直播间】23040372 的第 54 个心跳包发送成功
[01:37:30 INF] 【直播间】23357926 的第 55 个心跳包发送成功
[01:37:31 INF] 【直播间】407149 的第 55 个心跳包发送成功
[01:37:32 INF] 【直播间】23040372 的第 55 个心跳包发送成功
[01:38:36 INF] 【直播间】23357926 的第 56 个心跳包发送成功
[01:38:37 INF] 【直播间】407149 的第 56 个心跳包发送成功
[01:38:39 INF] 【直播间】23040372 的第 56 个心跳包发送成功
[01:39:43 INF] 【直播间】23357926 的第 57 个心跳包发送成功
[01:39:44 INF] 【直播间】407149 的第 57 个心跳包发送成功
[01:39:45 INF] 【直播间】23040372 的第 57 个心跳包发送成功
[01:40:49 INF] 【直播间】23357926 的第 58 个心跳包发送成功
[01:40:51 INF] 【直播间】407149 的第 58 个心跳包发送成功
[01:40:52 INF] 【直播间】23040372 的第 58 个心跳包发送成功
[01:41:56 INF] 【直播间】23357926 的第 59 个心跳包发送成功
[01:41:57 INF] 【直播间】407149 的第 59 个心跳包发送成功
[01:41:59 INF] 【直播间】23040372 的第 59 个心跳包发送成功
[01:43:03 INF] 【直播间】23357926 的第 60 个心跳包发送成功
[01:43:04 INF] 【直播间】407149 的第 60 个心跳包发送成功
[01:43:05 INF] 【直播间】23040372 的第 60 个心跳包发送成功
[01:44:09 INF] 【直播间】23357926 的第 61 个心跳包发送成功
[01:44:11 INF] 【直播间】407149 的第 61 个心跳包发送成功
[01:44:12 INF] 【直播间】23040372 的第 61 个心跳包发送成功
[01:45:16 INF] 【直播间】23357926 的第 62 个心跳包发送成功
[01:45:17 INF] 【直播间】407149 的第 62 个心跳包发送成功
[01:45:18 INF] 【直播间】23040372 的第 62 个心跳包发送成功
[01:46:22 INF] 【直播间】23357926 的第 63 个心跳包发送成功
[01:46:24 INF] 【直播间】407149 的第 63 个心跳包发送成功
[01:46:25 INF] 【直播间】23040372 的第 63 个心跳包发送成功
[01:47:29 INF] 【直播间】23357926 的第 64 个心跳包发送成功
[01:47:31 INF] 【直播间】407149 的第 64 个心跳包发送成功
[01:47:32 INF] 【直播间】23040372 的第 64 个心跳包发送成功
[01:48:36 INF] 【直播间】23357926 的第 65 个心跳包发送成功
[01:48:37 INF] 【直播间】407149 的第 65 个心跳包发送成功
[01:48:39 INF] 【直播间】23040372 的第 65 个心跳包发送成功
[01:49:43 INF] 【直播间】23357926 的第 66 个心跳包发送成功
[01:49:44 INF] 【直播间】407149 的第 66 个心跳包发送成功
[01:49:45 INF] 【直播间】23040372 的第 66 个心跳包发送成功
[01:50:49 ERR] 【心跳包】直播间 23357926 发送失败
[01:50:49 ERR] 【原因】time check failed
[01:50:50 ERR] 【心跳包】直播间 407149 发送失败
[01:50:50 ERR] 【原因】time check failed
[01:50:52 ERR] 【心跳包】直播间 23040372 发送失败
[01:50:52 ERR] 【原因】time check failed
[01:51:56 INF] 【直播间】23357926 的第 67 个心跳包发送成功
[01:51:57 INF] 【直播间】407149 的第 67 个心跳包发送成功
[01:51:58 INF] 【直播间】23040372 的第 67 个心跳包发送成功
[01:53:02 INF] 【直播间】23357926 的第 68 个心跳包发送成功
[01:53:04 INF] 【直播间】407149 的第 68 个心跳包发送成功
[01:53:05 INF] 【直播间】23040372 的第 68 个心跳包发送成功
[01:54:09 INF] 【直播间】23357926 的第 69 个心跳包发送成功
[01:54:10 INF] 【直播间】407149 的第 69 个心跳包发送成功
[01:54:11 INF] 【直播间】23040372 的第 69 个心跳包发送成功
[01:55:15 INF] 【直播间】23357926 的第 70 个心跳包发送成功
[01:55:17 INF] 【直播间】407149 的第 70 个心跳包发送成功
[01:55:18 INF] 【直播间】23040372 的第 70 个心跳包发送成功
[01:55:18 INF] 【直播观看时长】完成情况：3/3 
[01:55:18 INF] ---------结束---------

[01:55:18 INF] ==========结束==========

[01:55:18 INF] ######### 账号 2 #########

[01:55:18 INF] =====开始 直播间互动 =====

[01:55:18 INF] ---开始 发送弹幕 ---
[01:55:18 INF] 检测到直播 Cookie 未正确配置，尝试自动配置中...
[01:55:25 INF] 直播 Cookie 配置成功！
[01:55:25 INF] 【获取直播列表】获取拥有粉丝牌的直播列表
[01:55:32 INF] 【主播】Mark陌枫 
[01:55:48 INF] 【主播】苏打baka 
[01:56:06 INF] 【主播】特别中二的q3君 
[01:56:20 INF] 【主播】陈抱一 
[01:56:39 INF] 【主播】贪玩的小毅 
[01:56:57 INF] 【主播】KL_qiqi_ 
[01:57:12 INF] 【主播】悠悠球琛总 
[01:57:34 INF] 【主播】记录生活的蛋黄派 
[01:57:51 INF] 【主播】脏小豆 
[01:58:08 INF] 【主播】新石器公园 
[01:58:24 INF] 【主播】FoFTG 
[01:58:38 INF] 【主播】李船长笔记 
[01:58:55 INF] 【直播间】Mark陌枫
[01:58:55 INF] 【粉丝牌】馬楓
[01:58:55 INF] 正在发送弹幕...
[01:59:02 INF] 【直播间】苏打baka
[01:59:02 INF] 【粉丝牌】碳酸钠
[01:59:02 INF] 正在发送弹幕...
[01:59:06 INF] 【直播间】特别中二的q3君
[01:59:06 INF] 【粉丝牌】q3GG
[01:59:06 INF] 正在发送弹幕...
[01:59:11 INF] 【直播间】陈抱一
[01:59:11 INF] 【粉丝牌】陈抱一
[01:59:11 INF] 正在发送弹幕...
[01:59:15 INF] 【弹幕发送】成功~，你和主播 Mark陌枫 的亲密值增加了100！
[01:59:16 INF] 【直播间】贪玩的小毅
[01:59:16 INF] 【粉丝牌】大大毅
[01:59:16 INF] 正在发送弹幕...
[01:59:18 INF] 【弹幕发送】成功~，你和主播 苏打baka 的亲密值增加了100！
[01:59:20 INF] 【直播间】KL_qiqi_
[01:59:20 INF] 【粉丝牌】qiqisb
[01:59:20 INF] 正在发送弹幕...
[01:59:23 INF] 【直播间】悠悠球琛总
[01:59:23 INF] 【粉丝牌】i琛
[01:59:23 INF] 正在发送弹幕...
[01:59:25 INF] 【弹幕发送】成功~，你和主播 特别中二的q3君 的亲密值增加了100！
[01:59:29 INF] 【弹幕发送】成功~，你和主播 陈抱一 的亲密值增加了100！
[01:59:30 INF] 【直播间】记录生活的蛋黄派
[01:59:30 INF] 【粉丝牌】派派派
[01:59:30 INF] 正在发送弹幕...
[01:59:31 INF] 【弹幕发送】成功~，你和主播 贪玩的小毅 的亲密值增加了100！
[01:59:34 INF] 【直播间】脏小豆
[01:59:34 INF] 【粉丝牌】豆豆浆
[01:59:34 INF] 正在发送弹幕...
[01:59:37 INF] 【弹幕发送】成功~，你和主播 KL_qiqi_ 的亲密值增加了100！
[01:59:40 INF] 【直播间】新石器公园
[01:59:40 INF] 【粉丝牌】东园主
[01:59:40 INF] 正在发送弹幕...
[01:59:41 INF] 【弹幕发送】成功~，你和主播 悠悠球琛总 的亲密值增加了100！
[01:59:46 INF] 【弹幕发送】成功~，你和主播 记录生活的蛋黄派 的亲密值增加了100！
[01:59:46 INF] 【直播间】FoFTG
[01:59:46 INF] 【粉丝牌】FOFTG
[01:59:46 INF] 正在发送弹幕...
[01:59:51 INF] 【直播间】李船长笔记
[01:59:51 INF] 【粉丝牌】航海仕
[01:59:51 INF] 正在发送弹幕...
[01:59:52 INF] 【弹幕发送】成功~，你和主播 脏小豆 的亲密值增加了100！
[01:59:54 INF] -------结束-------

[01:59:54 INF] ---开始 点赞直播间 ---
[01:59:54 INF] 【获取直播列表】获取拥有粉丝牌的直播列表
[01:59:55 INF] 【弹幕发送】成功~，你和主播 新石器公园 的亲密值增加了100！
[01:59:57 INF] 【主播】Mark陌枫 
[01:59:58 INF] 【弹幕发送】成功~，你和主播 FoFTG 的亲密值增加了100！
[02:00:04 INF] 【弹幕发送】成功~，你和主播 李船长笔记 的亲密值增加了100！
[02:00:15 INF] 【主播】苏打baka 
[02:00:31 INF] 【主播】特别中二的q3君 
[02:00:48 INF] 【主播】陈抱一 
[02:01:03 INF] 【主播】贪玩的小毅 
[02:01:17 INF] 【主播】KL_qiqi_ 
[02:01:33 INF] 【主播】悠悠球琛总 
[02:01:53 INF] 【主播】记录生活的蛋黄派 
[02:02:14 INF] 【主播】脏小豆 
[02:02:32 INF] 【主播】新石器公园 
[02:02:49 INF] 【主播】FoFTG 
[02:03:07 INF] 【主播】李船长笔记 
[02:03:28 INF] 【点赞直播间】23357926 完成
[02:03:32 INF] 【点赞直播间】23040372 完成
[02:03:36 INF] 【点赞直播间】31494 完成
[02:03:44 INF] 【点赞直播间】4015781 完成
[02:03:46 INF] 【点赞直播间】9619073 完成
[02:03:51 INF] 【点赞直播间】407149 完成
[02:03:59 INF] 【点赞直播间】7184632 完成
[02:04:02 INF] 【点赞直播间】11732699 完成
[02:04:07 INF] 【点赞直播间】929670 完成
[02:04:14 INF] 【点赞直播间】23447660 完成
[02:04:20 INF] 【点赞直播间】91164 完成
[02:04:25 INF] --------结束--------

[02:04:25 INF] ---开始 直播时长挂机 ---
[02:04:25 INF] 【获取直播列表】获取拥有粉丝牌的直播列表
[02:04:25 INF] 【点赞直播间】22764265 完成
[02:04:29 INF] 【主播】Mark陌枫 
[02:04:42 INF] 【主播】苏打baka 
[02:04:59 INF] 【主播】特别中二的q3君 
[02:05:18 INF] 【主播】陈抱一 
[02:05:39 INF] 【主播】贪玩的小毅 
[02:05:52 INF] 【主播】KL_qiqi_ 
[02:06:02 INF] 【主播】悠悠球琛总 
[02:06:22 INF] 【主播】记录生活的蛋黄派 
[02:06:36 INF] 【主播】脏小豆 
[02:06:56 INF] 【主播】新石器公园 
[02:07:12 INF] 【主播】FoFTG 
[02:07:31 INF] 【主播】李船长笔记 
[02:07:53 INF] 【直播间】23357926 的第 1 个心跳包发送成功
[02:07:55 INF] 【直播间】23040372 的第 1 个心跳包发送成功
[02:07:56 INF] 【直播间】31494 的第 1 个心跳包发送成功
[02:07:57 INF] 【直播间】4015781 的第 1 个心跳包发送成功
[02:07:58 INF] 【直播间】9619073 的第 1 个心跳包发送成功
[02:07:59 INF] 【直播间】407149 的第 1 个心跳包发送成功
[02:08:01 INF] 【直播间】7184632 的第 1 个心跳包发送成功
[02:08:02 INF] 【直播间】11732699 的第 1 个心跳包发送成功
[02:08:03 INF] 【直播间】929670 的第 1 个心跳包发送成功
[02:08:05 INF] 【直播间】23447660 的第 1 个心跳包发送成功
[02:08:06 INF] 【直播间】91164 的第 1 个心跳包发送成功
[02:08:07 INF] 【直播间】22764265 的第 1 个心跳包发送成功
[02:09:00 INF] 【直播间】23357926 的第 2 个心跳包发送成功
[02:09:01 INF] 【直播间】23040372 的第 2 个心跳包发送成功
[02:09:02 INF] 【直播间】31494 的第 2 个心跳包发送成功
[02:09:04 INF] 【直播间】4015781 的第 2 个心跳包发送成功
[02:09:05 INF] 【直播间】9619073 的第 2 个心跳包发送成功
[02:09:06 INF] 【直播间】407149 的第 2 个心跳包发送成功
[02:09:08 INF] 【直播间】7184632 的第 2 个心跳包发送成功
[02:09:09 INF] 【直播间】11732699 的第 2 个心跳包发送成功
[02:09:10 INF] 【直播间】929670 的第 2 个心跳包发送成功
[02:09:11 INF] 【直播间】23447660 的第 2 个心跳包发送成功
[02:09:13 INF] 【直播间】91164 的第 2 个心跳包发送成功
[02:09:14 INF] 【直播间】22764265 的第 2 个心跳包发送成功
[02:10:06 INF] 【直播间】23357926 的第 3 个心跳包发送成功
[02:10:08 INF] 【直播间】23040372 的第 3 个心跳包发送成功
[02:10:09 INF] 【直播间】31494 的第 3 个心跳包发送成功
[02:10:10 INF] 【直播间】4015781 的第 3 个心跳包发送成功
[02:10:12 INF] 【直播间】9619073 的第 3 个心跳包发送成功
[02:10:13 INF] 【直播间】407149 的第 3 个心跳包发送成功
[02:10:14 INF] 【直播间】7184632 的第 3 个心跳包发送成功
[02:10:15 INF] 【直播间】11732699 的第 3 个心跳包发送成功
[02:10:17 INF] 【直播间】929670 的第 3 个心跳包发送成功
[02:10:18 INF] 【直播间】23447660 的第 3 个心跳包发送成功
[02:10:19 INF] 【直播间】91164 的第 3 个心跳包发送成功
[02:10:20 INF] 【直播间】22764265 的第 3 个心跳包发送成功
[02:11:13 INF] 【直播间】23357926 的第 4 个心跳包发送成功
[02:11:14 INF] 【直播间】23040372 的第 4 个心跳包发送成功
[02:11:15 INF] 【直播间】31494 的第 4 个心跳包发送成功
[02:11:17 INF] 【直播间】4015781 的第 4 个心跳包发送成功
[02:11:18 INF] 【直播间】9619073 的第 4 个心跳包发送成功
[02:11:19 INF] 【直播间】407149 的第 4 个心跳包发送成功
[02:11:21 INF] 【直播间】7184632 的第 4 个心跳包发送成功
[02:11:22 INF] 【直播间】11732699 的第 4 个心跳包发送成功
[02:11:23 INF] 【直播间】929670 的第 4 个心跳包发送成功
[02:11:24 INF] 【直播间】23447660 的第 4 个心跳包发送成功
[02:11:26 INF] 【直播间】91164 的第 4 个心跳包发送成功
[02:11:27 INF] 【直播间】22764265 的第 4 个心跳包发送成功
[02:12:20 INF] 【直播间】23357926 的第 5 个心跳包发送成功
[02:12:21 INF] 【直播间】23040372 的第 5 个心跳包发送成功
[02:12:22 INF] 【直播间】31494 的第 5 个心跳包发送成功
[02:12:23 INF] 【直播间】4015781 的第 5 个心跳包发送成功
[02:12:25 INF] 【直播间】9619073 的第 5 个心跳包发送成功
[02:12:26 INF] 【直播间】407149 的第 5 个心跳包发送成功
[02:12:27 INF] 【直播间】7184632 的第 5 个心跳包发送成功
[02:12:28 INF] 【直播间】11732699 的第 5 个心跳包发送成功
[02:12:30 INF] 【直播间】929670 的第 5 个心跳包发送成功
[02:12:31 INF] 【直播间】23447660 的第 5 个心跳包发送成功
[02:12:32 INF] 【直播间】91164 的第 5 个心跳包发送成功
[02:12:33 INF] 【直播间】22764265 的第 5 个心跳包发送成功
[02:13:26 INF] 【直播间】23357926 的第 6 个心跳包发送成功
[02:13:27 INF] 【直播间】23040372 的第 6 个心跳包发送成功
[02:13:29 INF] 【直播间】31494 的第 6 个心跳包发送成功
[02:13:30 INF] 【直播间】4015781 的第 6 个心跳包发送成功
[02:13:31 INF] 【直播间】9619073 的第 6 个心跳包发送成功
[02:13:33 INF] 【直播间】407149 的第 6 个心跳包发送成功
[02:13:34 INF] 【直播间】7184632 的第 6 个心跳包发送成功
[02:13:35 INF] 【直播间】11732699 的第 6 个心跳包发送成功
[02:13:36 INF] 【直播间】929670 的第 6 个心跳包发送成功
[02:13:38 INF] 【直播间】23447660 的第 6 个心跳包发送成功
[02:13:39 INF] 【直播间】91164 的第 6 个心跳包发送成功
[02:13:40 INF] 【直播间】22764265 的第 6 个心跳包发送成功
[02:14:33 INF] 【直播间】23357926 的第 7 个心跳包发送成功
[02:14:34 INF] 【直播间】23040372 的第 7 个心跳包发送成功
[02:14:35 INF] 【直播间】31494 的第 7 个心跳包发送成功
[02:14:37 INF] 【直播间】4015781 的第 7 个心跳包发送成功
[02:14:38 INF] 【直播间】9619073 的第 7 个心跳包发送成功
[02:14:39 INF] 【直播间】407149 的第 7 个心跳包发送成功
[02:14:41 INF] 【直播间】7184632 的第 7 个心跳包发送成功
[02:14:42 INF] 【直播间】11732699 的第 7 个心跳包发送成功
[02:14:43 INF] 【直播间】929670 的第 7 个心跳包发送成功
[02:14:44 INF] 【直播间】23447660 的第 7 个心跳包发送成功
[02:14:46 INF] 【直播间】91164 的第 7 个心跳包发送成功
[02:14:47 INF] 【直播间】22764265 的第 7 个心跳包发送成功
[02:15:40 INF] 【直播间】23357926 的第 8 个心跳包发送成功
[02:15:41 INF] 【直播间】23040372 的第 8 个心跳包发送成功
[02:15:42 INF] 【直播间】31494 的第 8 个心跳包发送成功
[02:15:44 INF] 【直播间】4015781 的第 8 个心跳包发送成功
[02:15:45 INF] 【直播间】9619073 的第 8 个心跳包发送成功
[02:15:46 INF] 【直播间】407149 的第 8 个心跳包发送成功
[02:15:48 INF] 【直播间】7184632 的第 8 个心跳包发送成功
[02:15:49 INF] 【直播间】11732699 的第 8 个心跳包发送成功
[02:15:50 INF] 【直播间】929670 的第 8 个心跳包发送成功
[02:15:51 INF] 【直播间】23447660 的第 8 个心跳包发送成功
[02:15:53 INF] 【直播间】91164 的第 8 个心跳包发送成功
[02:15:54 INF] 【直播间】22764265 的第 8 个心跳包发送成功
[02:16:46 INF] 【直播间】23357926 的第 9 个心跳包发送成功
[02:16:48 INF] 【直播间】23040372 的第 9 个心跳包发送成功
[02:16:49 INF] 【直播间】31494 的第 9 个心跳包发送成功
[02:16:50 INF] 【直播间】4015781 的第 9 个心跳包发送成功
[02:16:51 INF] 【直播间】9619073 的第 9 个心跳包发送成功
[02:16:53 INF] 【直播间】407149 的第 9 个心跳包发送成功
[02:16:54 INF] 【直播间】7184632 的第 9 个心跳包发送成功
[02:16:55 INF] 【直播间】11732699 的第 9 个心跳包发送成功
[02:16:57 INF] 【直播间】929670 的第 9 个心跳包发送成功
[02:16:58 INF] 【直播间】23447660 的第 9 个心跳包发送成功
[02:16:59 INF] 【直播间】91164 的第 9 个心跳包发送成功
[02:17:00 INF] 【直播间】22764265 的第 9 个心跳包发送成功
[02:17:53 INF] 【直播间】23357926 的第 10 个心跳包发送成功
[02:17:54 INF] 【直播间】23040372 的第 10 个心跳包发送成功
[02:17:55 INF] 【直播间】31494 的第 10 个心跳包发送成功
[02:17:57 INF] 【直播间】4015781 的第 10 个心跳包发送成功
[02:17:58 INF] 【直播间】9619073 的第 10 个心跳包发送成功
[02:17:59 INF] 【直播间】407149 的第 10 个心跳包发送成功
[02:18:00 INF] 【直播间】7184632 的第 10 个心跳包发送成功
[02:18:02 INF] 【直播间】11732699 的第 10 个心跳包发送成功
[02:18:03 INF] 【直播间】929670 的第 10 个心跳包发送成功
[02:18:04 INF] 【直播间】23447660 的第 10 个心跳包发送成功
[02:18:06 INF] 【直播间】91164 的第 10 个心跳包发送成功
[02:18:07 INF] 【直播间】22764265 的第 10 个心跳包发送成功
[02:19:00 INF] 【直播间】23357926 的第 11 个心跳包发送成功
[02:19:01 INF] 【直播间】23040372 的第 11 个心跳包发送成功
[02:19:02 INF] 【直播间】31494 的第 11 个心跳包发送成功
[02:19:03 INF] 【直播间】4015781 的第 11 个心跳包发送成功
[02:19:05 INF] 【直播间】9619073 的第 11 个心跳包发送成功
[02:19:06 INF] 【直播间】407149 的第 11 个心跳包发送成功
[02:19:07 INF] 【直播间】7184632 的第 11 个心跳包发送成功
[02:19:08 INF] 【直播间】11732699 的第 11 个心跳包发送成功
[02:19:10 INF] 【直播间】929670 的第 11 个心跳包发送成功
[02:19:11 INF] 【直播间】23447660 的第 11 个心跳包发送成功
[02:19:12 INF] 【直播间】91164 的第 11 个心跳包发送成功
[02:19:14 INF] 【直播间】22764265 的第 11 个心跳包发送成功
[02:20:06 INF] 【直播间】23357926 的第 12 个心跳包发送成功
[02:20:08 INF] 【直播间】23040372 的第 12 个心跳包发送成功
[02:20:09 INF] 【直播间】31494 的第 12 个心跳包发送成功
[02:20:10 INF] 【直播间】4015781 的第 12 个心跳包发送成功
[02:20:11 INF] 【直播间】9619073 的第 12 个心跳包发送成功
[02:20:13 INF] 【直播间】407149 的第 12 个心跳包发送成功
[02:20:14 INF] 【直播间】7184632 的第 12 个心跳包发送成功
[02:20:15 INF] 【直播间】11732699 的第 12 个心跳包发送成功
[02:20:16 INF] 【直播间】929670 的第 12 个心跳包发送成功
[02:20:18 INF] 【直播间】23447660 的第 12 个心跳包发送成功
[02:20:19 INF] 【直播间】91164 的第 12 个心跳包发送成功
[02:20:20 INF] 【直播间】22764265 的第 12 个心跳包发送成功
[02:21:13 INF] 【直播间】23357926 的第 13 个心跳包发送成功
[02:21:14 INF] 【直播间】23040372 的第 13 个心跳包发送成功
[02:21:16 INF] 【直播间】31494 的第 13 个心跳包发送成功
[02:21:17 INF] 【直播间】4015781 的第 13 个心跳包发送成功
[02:21:18 INF] 【直播间】9619073 的第 13 个心跳包发送成功
[02:21:19 INF] 【直播间】407149 的第 13 个心跳包发送成功
[02:21:21 INF] 【直播间】7184632 的第 13 个心跳包发送成功
[02:21:22 INF] 【直播间】11732699 的第 13 个心跳包发送成功
[02:21:23 INF] 【直播间】929670 的第 13 个心跳包发送成功
[02:21:24 INF] 【直播间】23447660 的第 13 个心跳包发送成功
[02:21:26 INF] 【直播间】91164 的第 13 个心跳包发送成功
[02:21:27 INF] 【直播间】22764265 的第 13 个心跳包发送成功
[02:22:19 INF] 【直播间】23357926 的第 14 个心跳包发送成功
[02:22:21 INF] 【直播间】23040372 的第 14 个心跳包发送成功
[02:22:22 INF] 【直播间】31494 的第 14 个心跳包发送成功
[02:22:23 INF] 【直播间】4015781 的第 14 个心跳包发送成功
[02:22:24 INF] 【直播间】9619073 的第 14 个心跳包发送成功
[02:22:26 INF] 【直播间】407149 的第 14 个心跳包发送成功
[02:22:27 INF] 【直播间】7184632 的第 14 个心跳包发送成功
[02:22:28 INF] 【直播间】11732699 的第 14 个心跳包发送成功
[02:22:30 INF] 【直播间】929670 的第 14 个心跳包发送成功
[02:22:31 INF] 【直播间】23447660 的第 14 个心跳包发送成功
[02:22:32 INF] 【直播间】91164 的第 14 个心跳包发送成功
[02:22:33 INF] 【直播间】22764265 的第 14 个心跳包发送成功
[02:23:26 ERR] 【心跳包】直播间 23357926 发送失败
[02:23:26 ERR] 【原因】time check failed
[02:23:27 ERR] 【心跳包】直播间 23040372 发送失败
[02:23:27 ERR] 【原因】time check failed
[02:23:29 ERR] 【心跳包】直播间 31494 发送失败
[02:23:29 ERR] 【原因】time check failed
[02:23:30 ERR] 【心跳包】直播间 4015781 发送失败
[02:23:30 ERR] 【原因】time check failed
[02:23:31 ERR] 【心跳包】直播间 9619073 发送失败
[02:23:31 ERR] 【原因】time check failed
[02:23:32 ERR] 【心跳包】直播间 407149 发送失败
[02:23:32 ERR] 【原因】time check failed
[02:23:34 ERR] 【心跳包】直播间 7184632 发送失败
[02:23:34 ERR] 【原因】time check failed
[02:23:35 ERR] 【心跳包】直播间 11732699 发送失败
[02:23:35 ERR] 【原因】time check failed
[02:23:36 ERR] 【心跳包】直播间 929670 发送失败
[02:23:36 ERR] 【原因】time check failed
[02:23:37 ERR] 【心跳包】直播间 23447660 发送失败
[02:23:37 ERR] 【原因】time check failed
[02:23:39 ERR] 【心跳包】直播间 91164 发送失败
[02:23:39 ERR] 【原因】time check failed
[02:23:40 ERR] 【心跳包】直播间 22764265 发送失败
[02:23:40 ERR] 【原因】time check failed
[02:24:33 INF] 【直播间】23357926 的第 15 个心跳包发送成功
[02:24:34 INF] 【直播间】23040372 的第 15 个心跳包发送成功
[02:24:36 INF] 【直播间】31494 的第 15 个心跳包发送成功
[02:24:37 INF] 【直播间】4015781 的第 15 个心跳包发送成功
[02:24:38 INF] 【直播间】9619073 的第 15 个心跳包发送成功
[02:24:39 INF] 【直播间】407149 的第 15 个心跳包发送成功
[02:24:40 INF] 【直播间】7184632 的第 15 个心跳包发送成功
[02:24:42 INF] 【直播间】11732699 的第 15 个心跳包发送成功
[02:24:43 INF] 【直播间】929670 的第 15 个心跳包发送成功
[02:24:44 INF] 【直播间】23447660 的第 15 个心跳包发送成功
[02:24:45 INF] 【直播间】91164 的第 15 个心跳包发送成功
[02:24:47 INF] 【直播间】22764265 的第 15 个心跳包发送成功
[02:25:39 INF] 【直播间】23357926 的第 16 个心跳包发送成功
[02:25:41 INF] 【直播间】23040372 的第 16 个心跳包发送成功
[02:25:42 INF] 【直播间】31494 的第 16 个心跳包发送成功
[02:25:43 INF] 【直播间】4015781 的第 16 个心跳包发送成功
[02:25:45 INF] 【直播间】9619073 的第 16 个心跳包发送成功
[02:25:46 INF] 【直播间】407149 的第 16 个心跳包发送成功
[02:25:47 INF] 【直播间】7184632 的第 16 个心跳包发送成功
[02:25:48 INF] 【直播间】11732699 的第 16 个心跳包发送成功
[02:25:50 INF] 【直播间】929670 的第 16 个心跳包发送成功
[02:25:51 INF] 【直播间】23447660 的第 16 个心跳包发送成功
[02:25:52 INF] 【直播间】91164 的第 16 个心跳包发送成功
[02:25:53 INF] 【直播间】22764265 的第 16 个心跳包发送成功
[02:26:46 INF] 【直播间】23357926 的第 17 个心跳包发送成功
[02:26:47 INF] 【直播间】23040372 的第 17 个心跳包发送成功
[02:26:48 INF] 【直播间】31494 的第 17 个心跳包发送成功
[02:26:50 INF] 【直播间】4015781 的第 17 个心跳包发送成功
[02:26:51 INF] 【直播间】9619073 的第 17 个心跳包发送成功
[02:26:52 INF] 【直播间】407149 的第 17 个心跳包发送成功
[02:26:53 INF] 【直播间】7184632 的第 17 个心跳包发送成功
[02:26:55 INF] 【直播间】11732699 的第 17 个心跳包发送成功
[02:26:56 INF] 【直播间】929670 的第 17 个心跳包发送成功
[02:26:57 INF] 【直播间】23447660 的第 17 个心跳包发送成功
[02:26:59 INF] 【直播间】91164 的第 17 个心跳包发送成功
[02:27:00 INF] 【直播间】22764265 的第 17 个心跳包发送成功
[02:27:52 INF] 【直播间】23357926 的第 18 个心跳包发送成功
[02:27:54 INF] 【直播间】23040372 的第 18 个心跳包发送成功
[02:27:55 INF] 【直播间】31494 的第 18 个心跳包发送成功
[02:27:56 INF] 【直播间】4015781 的第 18 个心跳包发送成功
[02:27:57 INF] 【直播间】9619073 的第 18 个心跳包发送成功
[02:27:59 INF] 【直播间】407149 的第 18 个心跳包发送成功
[02:28:00 INF] 【直播间】7184632 的第 18 个心跳包发送成功
[02:28:01 INF] 【直播间】11732699 的第 18 个心跳包发送成功
[02:28:03 INF] 【直播间】929670 的第 18 个心跳包发送成功
[02:28:04 INF] 【直播间】23447660 的第 18 个心跳包发送成功
[02:28:05 INF] 【直播间】91164 的第 18 个心跳包发送成功
[02:28:06 INF] 【直播间】22764265 的第 18 个心跳包发送成功
[02:28:59 INF] 【直播间】23357926 的第 19 个心跳包发送成功
[02:29:00 INF] 【直播间】23040372 的第 19 个心跳包发送成功
[02:29:01 INF] 【直播间】31494 的第 19 个心跳包发送成功
[02:29:03 INF] 【直播间】4015781 的第 19 个心跳包发送成功
[02:29:04 INF] 【直播间】9619073 的第 19 个心跳包发送成功
[02:29:05 INF] 【直播间】407149 的第 19 个心跳包发送成功
[02:29:06 INF] 【直播间】7184632 的第 19 个心跳包发送成功
[02:29:08 INF] 【直播间】11732699 的第 19 个心跳包发送成功
[02:29:09 INF] 【直播间】929670 的第 19 个心跳包发送成功
[02:29:10 INF] 【直播间】23447660 的第 19 个心跳包发送成功
[02:29:12 INF] 【直播间】91164 的第 19 个心跳包发送成功
[02:29:13 INF] 【直播间】22764265 的第 19 个心跳包发送成功
[02:30:05 INF] 【直播间】23357926 的第 20 个心跳包发送成功
[02:30:07 INF] 【直播间】23040372 的第 20 个心跳包发送成功
[02:30:08 INF] 【直播间】31494 的第 20 个心跳包发送成功
[02:30:09 INF] 【直播间】4015781 的第 20 个心跳包发送成功
[02:30:10 INF] 【直播间】9619073 的第 20 个心跳包发送成功
[02:30:12 INF] 【直播间】407149 的第 20 个心跳包发送成功
[02:30:13 INF] 【直播间】7184632 的第 20 个心跳包发送成功
[02:30:14 INF] 【直播间】11732699 的第 20 个心跳包发送成功
[02:30:16 INF] 【直播间】929670 的第 20 个心跳包发送成功
[02:30:17 INF] 【直播间】23447660 的第 20 个心跳包发送成功
[02:30:18 INF] 【直播间】91164 的第 20 个心跳包发送成功
[02:30:19 INF] 【直播间】22764265 的第 20 个心跳包发送成功
[02:31:12 INF] 【直播间】23357926 的第 21 个心跳包发送成功
[02:31:13 INF] 【直播间】23040372 的第 21 个心跳包发送成功
[02:31:15 INF] 【直播间】31494 的第 21 个心跳包发送成功
[02:31:16 INF] 【直播间】4015781 的第 21 个心跳包发送成功
[02:31:17 INF] 【直播间】9619073 的第 21 个心跳包发送成功
[02:31:18 INF] 【直播间】407149 的第 21 个心跳包发送成功
[02:31:20 INF] 【直播间】7184632 的第 21 个心跳包发送成功
[02:31:21 INF] 【直播间】11732699 的第 21 个心跳包发送成功
[02:31:22 INF] 【直播间】929670 的第 21 个心跳包发送成功
[02:31:24 INF] 【直播间】23447660 的第 21 个心跳包发送成功
[02:31:25 INF] 【直播间】91164 的第 21 个心跳包发送成功
[02:31:26 INF] 【直播间】22764265 的第 21 个心跳包发送成功
[02:32:19 INF] 【直播间】23357926 的第 22 个心跳包发送成功
[02:32:20 INF] 【直播间】23040372 的第 22 个心跳包发送成功
[02:32:21 INF] 【直播间】31494 的第 22 个心跳包发送成功
[02:32:22 INF] 【直播间】4015781 的第 22 个心跳包发送成功
[02:32:24 INF] 【直播间】9619073 的第 22 个心跳包发送成功
[02:32:25 INF] 【直播间】407149 的第 22 个心跳包发送成功
[02:32:26 INF] 【直播间】7184632 的第 22 个心跳包发送成功
[02:32:27 INF] 【直播间】11732699 的第 22 个心跳包发送成功
[02:32:29 INF] 【直播间】929670 的第 22 个心跳包发送成功
[02:32:30 INF] 【直播间】23447660 的第 22 个心跳包发送成功
[02:32:31 INF] 【直播间】91164 的第 22 个心跳包发送成功
[02:32:32 INF] 【直播间】22764265 的第 22 个心跳包发送成功
[02:33:25 INF] 【直播间】23357926 的第 23 个心跳包发送成功
[02:33:26 INF] 【直播间】23040372 的第 23 个心跳包发送成功
[02:33:28 INF] 【直播间】31494 的第 23 个心跳包发送成功
[02:33:29 INF] 【直播间】4015781 的第 23 个心跳包发送成功
[02:33:30 INF] 【直播间】9619073 的第 23 个心跳包发送成功
[02:33:31 INF] 【直播间】407149 的第 23 个心跳包发送成功
[02:33:33 INF] 【直播间】7184632 的第 23 个心跳包发送成功
[02:33:34 INF] 【直播间】11732699 的第 23 个心跳包发送成功
[02:33:35 INF] 【直播间】929670 的第 23 个心跳包发送成功
[02:33:36 INF] 【直播间】23447660 的第 23 个心跳包发送成功
[02:33:38 INF] 【直播间】91164 的第 23 个心跳包发送成功
[02:33:39 INF] 【直播间】22764265 的第 23 个心跳包发送成功
[02:34:32 INF] 【直播间】23357926 的第 24 个心跳包发送成功
[02:34:33 INF] 【直播间】23040372 的第 24 个心跳包发送成功
[02:34:34 INF] 【直播间】31494 的第 24 个心跳包发送成功
[02:34:36 INF] 【直播间】4015781 的第 24 个心跳包发送成功
[02:34:37 INF] 【直播间】9619073 的第 24 个心跳包发送成功
[02:34:38 INF] 【直播间】407149 的第 24 个心跳包发送成功
[02:34:39 INF] 【直播间】7184632 的第 24 个心跳包发送成功
[02:34:41 INF] 【直播间】11732699 的第 24 个心跳包发送成功
[02:34:42 INF] 【直播间】929670 的第 24 个心跳包发送成功
[02:34:43 INF] 【直播间】23447660 的第 24 个心跳包发送成功
[02:34:44 INF] 【直播间】91164 的第 24 个心跳包发送成功
[02:34:46 INF] 【直播间】22764265 的第 24 个心跳包发送成功
[02:35:38 INF] 【直播间】23357926 的第 25 个心跳包发送成功
[02:35:40 INF] 【直播间】23040372 的第 25 个心跳包发送成功
[02:35:41 INF] 【直播间】31494 的第 25 个心跳包发送成功
[02:35:42 INF] 【直播间】4015781 的第 25 个心跳包发送成功
[02:35:43 INF] 【直播间】9619073 的第 25 个心跳包发送成功
[02:35:45 INF] 【直播间】407149 的第 25 个心跳包发送成功
[02:35:46 INF] 【直播间】7184632 的第 25 个心跳包发送成功
[02:35:47 INF] 【直播间】11732699 的第 25 个心跳包发送成功
[02:35:49 INF] 【直播间】929670 的第 25 个心跳包发送成功
[02:35:50 INF] 【直播间】23447660 的第 25 个心跳包发送成功
[02:35:51 INF] 【直播间】91164 的第 25 个心跳包发送成功
[02:35:52 INF] 【直播间】22764265 的第 25 个心跳包发送成功
[02:36:45 INF] 【直播间】23357926 的第 26 个心跳包发送成功
[02:36:46 INF] 【直播间】23040372 的第 26 个心跳包发送成功
[02:36:48 INF] 【直播间】31494 的第 26 个心跳包发送成功
[02:36:49 INF] 【直播间】4015781 的第 26 个心跳包发送成功
[02:36:50 INF] 【直播间】9619073 的第 26 个心跳包发送成功
[02:36:51 INF] 【直播间】407149 的第 26 个心跳包发送成功
[02:36:53 INF] 【直播间】7184632 的第 26 个心跳包发送成功
[02:36:54 INF] 【直播间】11732699 的第 26 个心跳包发送成功
[02:36:55 INF] 【直播间】929670 的第 26 个心跳包发送成功
[02:36:56 INF] 【直播间】23447660 的第 26 个心跳包发送成功
[02:36:57 INF] 【直播间】91164 的第 26 个心跳包发送成功
[02:36:59 INF] 【直播间】22764265 的第 26 个心跳包发送成功
[02:37:52 INF] 【直播间】23357926 的第 27 个心跳包发送成功
[02:37:53 INF] 【直播间】23040372 的第 27 个心跳包发送成功
[02:37:54 INF] 【直播间】31494 的第 27 个心跳包发送成功
[02:37:55 INF] 【直播间】4015781 的第 27 个心跳包发送成功
[02:37:57 INF] 【直播间】9619073 的第 27 个心跳包发送成功
[02:37:58 INF] 【直播间】407149 的第 27 个心跳包发送成功
[02:37:59 INF] 【直播间】7184632 的第 27 个心跳包发送成功
[02:38:01 INF] 【直播间】11732699 的第 27 个心跳包发送成功
[02:38:02 INF] 【直播间】929670 的第 27 个心跳包发送成功
[02:38:03 INF] 【直播间】23447660 的第 27 个心跳包发送成功
[02:38:04 INF] 【直播间】91164 的第 27 个心跳包发送成功
[02:38:06 INF] 【直播间】22764265 的第 27 个心跳包发送成功
[02:38:58 ERR] 【心跳包】直播间 23357926 发送失败
[02:38:58 ERR] 【原因】time check failed
[02:38:59 ERR] 【心跳包】直播间 23040372 发送失败
[02:38:59 ERR] 【原因】time check failed
[02:39:01 ERR] 【心跳包】直播间 31494 发送失败
[02:39:01 ERR] 【原因】time check failed
[02:39:02 ERR] 【心跳包】直播间 4015781 发送失败
[02:39:02 ERR] 【原因】time check failed
[02:39:03 ERR] 【心跳包】直播间 9619073 发送失败
[02:39:03 ERR] 【原因】time check failed
[02:39:05 ERR] 【心跳包】直播间 407149 发送失败
[02:39:05 ERR] 【原因】time check failed
[02:39:06 ERR] 【心跳包】直播间 7184632 发送失败
[02:39:06 ERR] 【原因】time check failed
[02:39:07 ERR] 【心跳包】直播间 11732699 发送失败
[02:39:07 ERR] 【原因】time check failed
[02:39:08 ERR] 【心跳包】直播间 929670 发送失败
[02:39:08 ERR] 【原因】time check failed
[02:39:10 ERR] 【心跳包】直播间 23447660 发送失败
[02:39:10 ERR] 【原因】time check failed
[02:39:11 ERR] 【心跳包】直播间 91164 发送失败
[02:39:11 ERR] 【原因】time check failed
[02:39:12 ERR] 【心跳包】直播间 22764265 发送失败
[02:39:12 ERR] 【原因】time check failed
[02:40:05 INF] 【直播间】23357926 的第 28 个心跳包发送成功
[02:40:06 INF] 【直播间】23040372 的第 28 个心跳包发送成功
[02:40:07 INF] 【直播间】31494 的第 28 个心跳包发送成功
[02:40:09 INF] 【直播间】4015781 的第 28 个心跳包发送成功
[02:40:10 INF] 【直播间】9619073 的第 28 个心跳包发送成功
[02:40:11 INF] 【直播间】407149 的第 28 个心跳包发送成功
[02:40:12 INF] 【直播间】7184632 的第 28 个心跳包发送成功
[02:40:14 INF] 【直播间】11732699 的第 28 个心跳包发送成功
[02:40:15 INF] 【直播间】929670 的第 28 个心跳包发送成功
[02:40:16 INF] 【直播间】23447660 的第 28 个心跳包发送成功
[02:40:17 INF] 【直播间】91164 的第 28 个心跳包发送成功
[02:40:19 INF] 【直播间】22764265 的第 28 个心跳包发送成功
[02:41:11 INF] 【直播间】23357926 的第 29 个心跳包发送成功
[02:41:13 INF] 【直播间】23040372 的第 29 个心跳包发送成功
[02:41:14 INF] 【直播间】31494 的第 29 个心跳包发送成功
[02:41:15 INF] 【直播间】4015781 的第 29 个心跳包发送成功
[02:41:16 INF] 【直播间】9619073 的第 29 个心跳包发送成功
[02:41:18 INF] 【直播间】407149 的第 29 个心跳包发送成功
[02:41:19 INF] 【直播间】7184632 的第 29 个心跳包发送成功
[02:41:20 INF] 【直播间】11732699 的第 29 个心跳包发送成功
[02:41:21 INF] 【直播间】929670 的第 29 个心跳包发送成功
[02:41:23 INF] 【直播间】23447660 的第 29 个心跳包发送成功
[02:41:24 INF] 【直播间】91164 的第 29 个心跳包发送成功
[02:41:25 INF] 【直播间】22764265 的第 29 个心跳包发送成功
[02:42:18 INF] 【直播间】23357926 的第 30 个心跳包发送成功
[02:42:19 INF] 【直播间】23040372 的第 30 个心跳包发送成功
[02:42:21 INF] 【直播间】31494 的第 30 个心跳包发送成功
[02:42:22 INF] 【直播间】4015781 的第 30 个心跳包发送成功
[02:42:23 INF] 【直播间】9619073 的第 30 个心跳包发送成功
[02:42:24 INF] 【直播间】407149 的第 30 个心跳包发送成功
[02:42:26 INF] 【直播间】7184632 的第 30 个心跳包发送成功
[02:42:27 INF] 【直播间】11732699 的第 30 个心跳包发送成功
[02:42:28 INF] 【直播间】929670 的第 30 个心跳包发送成功
[02:42:29 INF] 【直播间】23447660 的第 30 个心跳包发送成功
[02:42:31 INF] 【直播间】91164 的第 30 个心跳包发送成功
[02:42:32 INF] 【直播间】22764265 的第 30 个心跳包发送成功
[02:43:25 INF] 【直播间】23357926 的第 31 个心跳包发送成功
[02:43:26 INF] 【直播间】23040372 的第 31 个心跳包发送成功
[02:43:27 INF] 【直播间】31494 的第 31 个心跳包发送成功
[02:43:29 INF] 【直播间】4015781 的第 31 个心跳包发送成功
[02:43:30 INF] 【直播间】9619073 的第 31 个心跳包发送成功
[02:43:31 INF] 【直播间】407149 的第 31 个心跳包发送成功
[02:43:32 INF] 【直播间】7184632 的第 31 个心跳包发送成功
[02:43:33 INF] 【直播间】11732699 的第 31 个心跳包发送成功
[02:43:35 INF] 【直播间】929670 的第 31 个心跳包发送成功
[02:43:36 INF] 【直播间】23447660 的第 31 个心跳包发送成功
[02:43:38 INF] 【直播间】91164 的第 31 个心跳包发送成功
[02:43:39 INF] 【直播间】22764265 的第 31 个心跳包发送成功
[02:44:31 INF] 【直播间】23357926 的第 32 个心跳包发送成功
[02:44:33 INF] 【直播间】23040372 的第 32 个心跳包发送成功
[02:44:34 INF] 【直播间】31494 的第 32 个心跳包发送成功
[02:44:35 INF] 【直播间】4015781 的第 32 个心跳包发送成功
[02:44:36 INF] 【直播间】9619073 的第 32 个心跳包发送成功
[02:44:38 INF] 【直播间】407149 的第 32 个心跳包发送成功
[02:44:39 INF] 【直播间】7184632 的第 32 个心跳包发送成功
[02:44:40 INF] 【直播间】11732699 的第 32 个心跳包发送成功
[02:44:41 INF] 【直播间】929670 的第 32 个心跳包发送成功
[02:44:43 INF] 【直播间】23447660 的第 32 个心跳包发送成功
[02:44:44 INF] 【直播间】91164 的第 32 个心跳包发送成功
[02:44:45 INF] 【直播间】22764265 的第 32 个心跳包发送成功
[02:45:38 INF] 【直播间】23357926 的第 33 个心跳包发送成功
[02:45:39 INF] 【直播间】23040372 的第 33 个心跳包发送成功
[02:45:40 INF] 【直播间】31494 的第 33 个心跳包发送成功
[02:45:42 INF] 【直播间】4015781 的第 33 个心跳包发送成功
[02:45:43 INF] 【直播间】9619073 的第 33 个心跳包发送成功
[02:45:44 INF] 【直播间】407149 的第 33 个心跳包发送成功
[02:45:45 INF] 【直播间】7184632 的第 33 个心跳包发送成功
[02:45:47 INF] 【直播间】11732699 的第 33 个心跳包发送成功
[02:45:48 INF] 【直播间】929670 的第 33 个心跳包发送成功
[02:45:49 INF] 【直播间】23447660 的第 33 个心跳包发送成功
[02:45:50 INF] 【直播间】91164 的第 33 个心跳包发送成功
[02:45:52 INF] 【直播间】22764265 的第 33 个心跳包发送成功
[02:46:44 INF] 【直播间】23357926 的第 34 个心跳包发送成功
[02:46:46 INF] 【直播间】23040372 的第 34 个心跳包发送成功
[02:46:47 INF] 【直播间】31494 的第 34 个心跳包发送成功
[02:46:48 INF] 【直播间】4015781 的第 34 个心跳包发送成功
[02:46:49 INF] 【直播间】9619073 的第 34 个心跳包发送成功
[02:46:51 INF] 【直播间】407149 的第 34 个心跳包发送成功
[02:46:52 INF] 【直播间】7184632 的第 34 个心跳包发送成功
[02:46:53 INF] 【直播间】11732699 的第 34 个心跳包发送成功
[02:46:55 INF] 【直播间】929670 的第 34 个心跳包发送成功
[02:46:56 INF] 【直播间】23447660 的第 34 个心跳包发送成功
[02:46:57 INF] 【直播间】91164 的第 34 个心跳包发送成功
[02:46:58 INF] 【直播间】22764265 的第 34 个心跳包发送成功
[02:47:51 INF] 【直播间】23357926 的第 35 个心跳包发送成功
[02:47:52 INF] 【直播间】23040372 的第 35 个心跳包发送成功
[02:47:53 INF] 【直播间】31494 的第 35 个心跳包发送成功
[02:47:55 INF] 【直播间】4015781 的第 35 个心跳包发送成功
[02:47:56 INF] 【直播间】9619073 的第 35 个心跳包发送成功
[02:47:57 INF] 【直播间】407149 的第 35 个心跳包发送成功
[02:47:58 INF] 【直播间】7184632 的第 35 个心跳包发送成功
[02:48:00 INF] 【直播间】11732699 的第 35 个心跳包发送成功
[02:48:01 INF] 【直播间】929670 的第 35 个心跳包发送成功
[02:48:02 INF] 【直播间】23447660 的第 35 个心跳包发送成功
[02:48:03 INF] 【直播间】91164 的第 35 个心跳包发送成功
[02:48:05 INF] 【直播间】22764265 的第 35 个心跳包发送成功
[02:48:58 INF] 【直播间】23357926 的第 36 个心跳包发送成功
[02:48:59 INF] 【直播间】23040372 的第 36 个心跳包发送成功
[02:49:00 INF] 【直播间】31494 的第 36 个心跳包发送成功
[02:49:01 INF] 【直播间】4015781 的第 36 个心跳包发送成功
[02:49:03 INF] 【直播间】9619073 的第 36 个心跳包发送成功
[02:49:04 INF] 【直播间】407149 的第 36 个心跳包发送成功
[02:49:05 INF] 【直播间】7184632 的第 36 个心跳包发送成功
[02:49:06 INF] 【直播间】11732699 的第 36 个心跳包发送成功
[02:49:08 INF] 【直播间】929670 的第 36 个心跳包发送成功
[02:49:09 INF] 【直播间】23447660 的第 36 个心跳包发送成功
[02:49:10 INF] 【直播间】91164 的第 36 个心跳包发送成功
[02:49:11 INF] 【直播间】22764265 的第 36 个心跳包发送成功
[02:50:04 INF] 【直播间】23357926 的第 37 个心跳包发送成功
[02:50:05 INF] 【直播间】23040372 的第 37 个心跳包发送成功
[02:50:07 INF] 【直播间】31494 的第 37 个心跳包发送成功
[02:50:08 INF] 【直播间】4015781 的第 37 个心跳包发送成功
[02:50:09 INF] 【直播间】9619073 的第 37 个心跳包发送成功
[02:50:10 INF] 【直播间】407149 的第 37 个心跳包发送成功
[02:50:12 INF] 【直播间】7184632 的第 37 个心跳包发送成功
[02:50:13 INF] 【直播间】11732699 的第 37 个心跳包发送成功
[02:50:14 INF] 【直播间】929670 的第 37 个心跳包发送成功
[02:50:16 INF] 【直播间】23447660 的第 37 个心跳包发送成功
[02:50:17 INF] 【直播间】91164 的第 37 个心跳包发送成功
[02:50:18 INF] 【直播间】22764265 的第 37 个心跳包发送成功
[02:51:11 INF] 【直播间】23357926 的第 38 个心跳包发送成功
[02:51:12 INF] 【直播间】23040372 的第 38 个心跳包发送成功
[02:51:13 INF] 【直播间】31494 的第 38 个心跳包发送成功
[02:51:14 INF] 【直播间】4015781 的第 38 个心跳包发送成功
[02:51:16 INF] 【直播间】9619073 的第 38 个心跳包发送成功
[02:51:17 INF] 【直播间】407149 的第 38 个心跳包发送成功
[02:51:18 INF] 【直播间】7184632 的第 38 个心跳包发送成功
[02:51:19 INF] 【直播间】11732699 的第 38 个心跳包发送成功
[02:51:21 INF] 【直播间】929670 的第 38 个心跳包发送成功
[02:51:22 INF] 【直播间】23447660 的第 38 个心跳包发送成功
[02:51:23 INF] 【直播间】91164 的第 38 个心跳包发送成功
[02:51:24 INF] 【直播间】22764265 的第 38 个心跳包发送成功
[02:52:17 INF] 【直播间】23357926 的第 39 个心跳包发送成功
[02:52:18 INF] 【直播间】23040372 的第 39 个心跳包发送成功
[02:52:19 INF] 【直播间】31494 的第 39 个心跳包发送成功
[02:52:21 INF] 【直播间】4015781 的第 39 个心跳包发送成功
[02:52:22 INF] 【直播间】9619073 的第 39 个心跳包发送成功
[02:52:23 INF] 【直播间】407149 的第 39 个心跳包发送成功
[02:52:24 INF] 【直播间】7184632 的第 39 个心跳包发送成功
[02:52:26 INF] 【直播间】11732699 的第 39 个心跳包发送成功
[02:52:27 INF] 【直播间】929670 的第 39 个心跳包发送成功
[02:52:28 INF] 【直播间】23447660 的第 39 个心跳包发送成功
[02:52:29 INF] 【直播间】91164 的第 39 个心跳包发送成功
[02:52:31 INF] 【直播间】22764265 的第 39 个心跳包发送成功
[02:53:24 INF] 【直播间】23357926 的第 40 个心跳包发送成功
[02:53:25 INF] 【直播间】23040372 的第 40 个心跳包发送成功
[02:53:26 INF] 【直播间】31494 的第 40 个心跳包发送成功
[02:53:27 INF] 【直播间】4015781 的第 40 个心跳包发送成功
[02:53:29 INF] 【直播间】9619073 的第 40 个心跳包发送成功
[02:53:30 INF] 【直播间】407149 的第 40 个心跳包发送成功
[02:53:31 INF] 【直播间】7184632 的第 40 个心跳包发送成功
[02:53:32 INF] 【直播间】11732699 的第 40 个心跳包发送成功
[02:53:34 INF] 【直播间】929670 的第 40 个心跳包发送成功
[02:53:35 INF] 【直播间】23447660 的第 40 个心跳包发送成功
[02:53:36 INF] 【直播间】91164 的第 40 个心跳包发送成功
[02:53:37 INF] 【直播间】22764265 的第 40 个心跳包发送成功
[02:54:30 ERR] 【心跳包】直播间 23357926 发送失败
[02:54:30 ERR] 【原因】time check failed
[02:54:32 ERR] 【心跳包】直播间 23040372 发送失败
[02:54:32 ERR] 【原因】time check failed
[02:54:33 ERR] 【心跳包】直播间 31494 发送失败
[02:54:33 ERR] 【原因】time check failed
[02:54:34 ERR] 【心跳包】直播间 4015781 发送失败
[02:54:34 ERR] 【原因】time check failed
[02:54:35 ERR] 【心跳包】直播间 9619073 发送失败
[02:54:35 ERR] 【原因】time check failed
[02:54:36 ERR] 【心跳包】直播间 407149 发送失败
[02:54:36 ERR] 【原因】time check failed
[02:54:38 ERR] 【心跳包】直播间 7184632 发送失败
[02:54:38 ERR] 【原因】time check failed
[02:54:39 ERR] 【心跳包】直播间 11732699 发送失败
[02:54:39 ERR] 【原因】time check failed
[02:54:40 ERR] 【心跳包】直播间 929670 发送失败
[02:54:40 ERR] 【原因】time check failed
[02:54:42 ERR] 【心跳包】直播间 23447660 发送失败
[02:54:42 ERR] 【原因】time check failed
[02:54:43 ERR] 【心跳包】直播间 91164 发送失败
[02:54:43 ERR] 【原因】time check failed
[02:54:44 ERR] 【心跳包】直播间 22764265 发送失败
[02:54:44 ERR] 【原因】time check failed
[02:55:37 INF] 【直播间】23357926 的第 41 个心跳包发送成功
[02:55:38 INF] 【直播间】23040372 的第 41 个心跳包发送成功
[02:55:39 INF] 【直播间】31494 的第 41 个心跳包发送成功
[02:55:41 INF] 【直播间】4015781 的第 41 个心跳包发送成功
[02:55:42 INF] 【直播间】9619073 的第 41 个心跳包发送成功
[02:55:43 INF] 【直播间】407149 的第 41 个心跳包发送成功
[02:55:44 INF] 【直播间】7184632 的第 41 个心跳包发送成功
[02:55:46 INF] 【直播间】11732699 的第 41 个心跳包发送成功
[02:55:47 INF] 【直播间】929670 的第 41 个心跳包发送成功
[02:55:48 INF] 【直播间】23447660 的第 41 个心跳包发送成功
[02:55:49 INF] 【直播间】91164 的第 41 个心跳包发送成功
[02:55:51 INF] 【直播间】22764265 的第 41 个心跳包发送成功
[02:56:44 INF] 【直播间】23357926 的第 42 个心跳包发送成功
[02:56:45 INF] 【直播间】23040372 的第 42 个心跳包发送成功
[02:56:46 INF] 【直播间】31494 的第 42 个心跳包发送成功
[02:56:48 INF] 【直播间】4015781 的第 42 个心跳包发送成功
[02:56:49 INF] 【直播间】9619073 的第 42 个心跳包发送成功
[02:56:50 INF] 【直播间】407149 的第 42 个心跳包发送成功
[02:56:51 INF] 【直播间】7184632 的第 42 个心跳包发送成功
[02:56:53 INF] 【直播间】11732699 的第 42 个心跳包发送成功
[02:56:54 INF] 【直播间】929670 的第 42 个心跳包发送成功
[02:56:55 INF] 【直播间】23447660 的第 42 个心跳包发送成功
[02:56:56 INF] 【直播间】91164 的第 42 个心跳包发送成功
[02:56:58 INF] 【直播间】22764265 的第 42 个心跳包发送成功
[02:57:50 INF] 【直播间】23357926 的第 43 个心跳包发送成功
[02:57:51 INF] 【直播间】23040372 的第 43 个心跳包发送成功
[02:57:53 INF] 【直播间】31494 的第 43 个心跳包发送成功
[02:57:54 INF] 【直播间】4015781 的第 43 个心跳包发送成功
[02:57:55 INF] 【直播间】9619073 的第 43 个心跳包发送成功
[02:57:56 INF] 【直播间】407149 的第 43 个心跳包发送成功
[02:57:58 INF] 【直播间】7184632 的第 43 个心跳包发送成功
[02:57:59 INF] 【直播间】11732699 的第 43 个心跳包发送成功
[02:58:00 INF] 【直播间】929670 的第 43 个心跳包发送成功
[02:58:02 INF] 【直播间】23447660 的第 43 个心跳包发送成功
[02:58:03 INF] 【直播间】91164 的第 43 个心跳包发送成功
[02:58:04 INF] 【直播间】22764265 的第 43 个心跳包发送成功
[02:58:57 INF] 【直播间】23357926 的第 44 个心跳包发送成功
[02:58:58 INF] 【直播间】23040372 的第 44 个心跳包发送成功
[02:58:59 INF] 【直播间】31494 的第 44 个心跳包发送成功
[02:59:00 INF] 【直播间】4015781 的第 44 个心跳包发送成功
[02:59:02 INF] 【直播间】9619073 的第 44 个心跳包发送成功
[02:59:03 INF] 【直播间】407149 的第 44 个心跳包发送成功
[02:59:04 INF] 【直播间】7184632 的第 44 个心跳包发送成功
[02:59:05 INF] 【直播间】11732699 的第 44 个心跳包发送成功
[02:59:07 INF] 【直播间】929670 的第 44 个心跳包发送成功
[02:59:08 INF] 【直播间】23447660 的第 44 个心跳包发送成功
[02:59:09 INF] 【直播间】91164 的第 44 个心跳包发送成功
[02:59:11 INF] 【直播间】22764265 的第 44 个心跳包发送成功
[03:00:03 INF] 【直播间】23357926 的第 45 个心跳包发送成功
[03:00:05 INF] 【直播间】23040372 的第 45 个心跳包发送成功
[03:00:06 INF] 【直播间】31494 的第 45 个心跳包发送成功
[03:00:07 INF] 【直播间】4015781 的第 45 个心跳包发送成功
[03:00:08 INF] 【直播间】9619073 的第 45 个心跳包发送成功
[03:00:10 INF] 【直播间】407149 的第 45 个心跳包发送成功
[03:00:11 INF] 【直播间】7184632 的第 45 个心跳包发送成功
[03:00:12 INF] 【直播间】11732699 的第 45 个心跳包发送成功
[03:00:14 INF] 【直播间】929670 的第 45 个心跳包发送成功
[03:00:15 INF] 【直播间】23447660 的第 45 个心跳包发送成功
[03:00:16 INF] 【直播间】91164 的第 45 个心跳包发送成功
[03:00:17 INF] 【直播间】22764265 的第 45 个心跳包发送成功
[03:01:10 INF] 【直播间】23357926 的第 46 个心跳包发送成功
[03:01:11 INF] 【直播间】23040372 的第 46 个心跳包发送成功
[03:01:12 INF] 【直播间】31494 的第 46 个心跳包发送成功
[03:01:14 INF] 【直播间】4015781 的第 46 个心跳包发送成功
[03:01:15 INF] 【直播间】9619073 的第 46 个心跳包发送成功
[03:01:16 INF] 【直播间】407149 的第 46 个心跳包发送成功
[03:01:17 INF] 【直播间】7184632 的第 46 个心跳包发送成功
[03:01:19 INF] 【直播间】11732699 的第 46 个心跳包发送成功
[03:01:20 INF] 【直播间】929670 的第 46 个心跳包发送成功
[03:01:21 INF] 【直播间】23447660 的第 46 个心跳包发送成功
[03:01:22 INF] 【直播间】91164 的第 46 个心跳包发送成功
[03:01:24 INF] 【直播间】22764265 的第 46 个心跳包发送成功
[03:02:16 INF] 【直播间】23357926 的第 47 个心跳包发送成功
[03:02:17 INF] 【直播间】23040372 的第 47 个心跳包发送成功
[03:02:19 INF] 【直播间】31494 的第 47 个心跳包发送成功
[03:02:20 INF] 【直播间】4015781 的第 47 个心跳包发送成功
[03:02:21 INF] 【直播间】9619073 的第 47 个心跳包发送成功
[03:02:22 INF] 【直播间】407149 的第 47 个心跳包发送成功
[03:02:24 INF] 【直播间】7184632 的第 47 个心跳包发送成功
[03:02:25 INF] 【直播间】11732699 的第 47 个心跳包发送成功
[03:02:26 INF] 【直播间】929670 的第 47 个心跳包发送成功
[03:02:27 INF] 【直播间】23447660 的第 47 个心跳包发送成功
[03:02:29 INF] 【直播间】91164 的第 47 个心跳包发送成功
[03:02:30 INF] 【直播间】22764265 的第 47 个心跳包发送成功
[03:03:23 INF] 【直播间】23357926 的第 48 个心跳包发送成功
[03:03:24 INF] 【直播间】23040372 的第 48 个心跳包发送成功
[03:03:25 INF] 【直播间】31494 的第 48 个心跳包发送成功
[03:03:27 INF] 【直播间】4015781 的第 48 个心跳包发送成功
[03:03:28 INF] 【直播间】9619073 的第 48 个心跳包发送成功
[03:03:29 INF] 【直播间】407149 的第 48 个心跳包发送成功
[03:03:30 INF] 【直播间】7184632 的第 48 个心跳包发送成功
[03:03:31 INF] 【直播间】11732699 的第 48 个心跳包发送成功
[03:03:33 INF] 【直播间】929670 的第 48 个心跳包发送成功
[03:03:34 INF] 【直播间】23447660 的第 48 个心跳包发送成功
[03:03:35 INF] 【直播间】91164 的第 48 个心跳包发送成功
[03:03:36 INF] 【直播间】22764265 的第 48 个心跳包发送成功
[03:04:30 INF] 【直播间】23357926 的第 49 个心跳包发送成功
[03:04:31 INF] 【直播间】23040372 的第 49 个心跳包发送成功
[03:04:32 INF] 【直播间】31494 的第 49 个心跳包发送成功
[03:04:33 INF] 【直播间】4015781 的第 49 个心跳包发送成功
[03:04:35 INF] 【直播间】9619073 的第 49 个心跳包发送成功
[03:04:36 INF] 【直播间】407149 的第 49 个心跳包发送成功
[03:04:37 INF] 【直播间】7184632 的第 49 个心跳包发送成功
[03:04:38 INF] 【直播间】11732699 的第 49 个心跳包发送成功
[03:04:40 INF] 【直播间】929670 的第 49 个心跳包发送成功
[03:04:41 INF] 【直播间】23447660 的第 49 个心跳包发送成功
[03:04:42 INF] 【直播间】91164 的第 49 个心跳包发送成功
[03:04:43 INF] 【直播间】22764265 的第 49 个心跳包发送成功
[03:05:36 INF] 【直播间】23357926 的第 50 个心跳包发送成功
[03:05:37 INF] 【直播间】23040372 的第 50 个心跳包发送成功
[03:05:39 INF] 【直播间】31494 的第 50 个心跳包发送成功
[03:05:40 INF] 【直播间】4015781 的第 50 个心跳包发送成功
[03:05:41 INF] 【直播间】9619073 的第 50 个心跳包发送成功
[03:05:42 INF] 【直播间】407149 的第 50 个心跳包发送成功
[03:05:44 INF] 【直播间】7184632 的第 50 个心跳包发送成功
[03:05:45 INF] 【直播间】11732699 的第 50 个心跳包发送成功
[03:05:46 INF] 【直播间】929670 的第 50 个心跳包发送成功
[03:05:47 INF] 【直播间】23447660 的第 50 个心跳包发送成功
[03:05:49 INF] 【直播间】91164 的第 50 个心跳包发送成功
[03:05:50 INF] 【直播间】22764265 的第 50 个心跳包发送成功
[03:06:43 INF] 【直播间】23357926 的第 51 个心跳包发送成功
[03:06:44 INF] 【直播间】23040372 的第 51 个心跳包发送成功
[03:06:45 INF] 【直播间】31494 的第 51 个心跳包发送成功
[03:06:47 INF] 【直播间】4015781 的第 51 个心跳包发送成功
[03:06:48 INF] 【直播间】9619073 的第 51 个心跳包发送成功
[03:06:49 INF] 【直播间】407149 的第 51 个心跳包发送成功
[03:06:50 INF] 【直播间】7184632 的第 51 个心跳包发送成功
[03:06:52 INF] 【直播间】11732699 的第 51 个心跳包发送成功
[03:06:53 INF] 【直播间】929670 的第 51 个心跳包发送成功
[03:06:54 INF] 【直播间】23447660 的第 51 个心跳包发送成功
[03:06:55 INF] 【直播间】91164 的第 51 个心跳包发送成功
[03:06:57 INF] 【直播间】22764265 的第 51 个心跳包发送成功
[03:07:49 INF] 【直播间】23357926 的第 52 个心跳包发送成功
[03:07:51 INF] 【直播间】23040372 的第 52 个心跳包发送成功
[03:07:52 INF] 【直播间】31494 的第 52 个心跳包发送成功
[03:07:53 INF] 【直播间】4015781 的第 52 个心跳包发送成功
[03:07:54 INF] 【直播间】9619073 的第 52 个心跳包发送成功
[03:07:55 INF] 【直播间】407149 的第 52 个心跳包发送成功
[03:07:57 INF] 【直播间】7184632 的第 52 个心跳包发送成功
[03:07:58 INF] 【直播间】11732699 的第 52 个心跳包发送成功
[03:07:59 INF] 【直播间】929670 的第 52 个心跳包发送成功
[03:08:00 INF] 【直播间】23447660 的第 52 个心跳包发送成功
[03:08:02 INF] 【直播间】91164 的第 52 个心跳包发送成功
[03:08:03 INF] 【直播间】22764265 的第 52 个心跳包发送成功
[03:08:56 INF] 【直播间】23357926 的第 53 个心跳包发送成功
[03:08:57 INF] 【直播间】23040372 的第 53 个心跳包发送成功
[03:08:58 INF] 【直播间】31494 的第 53 个心跳包发送成功
[03:09:00 INF] 【直播间】4015781 的第 53 个心跳包发送成功
[03:09:01 INF] 【直播间】9619073 的第 53 个心跳包发送成功
[03:09:02 INF] 【直播间】407149 的第 53 个心跳包发送成功
[03:09:04 INF] 【直播间】7184632 的第 53 个心跳包发送成功
[03:09:05 INF] 【直播间】11732699 的第 53 个心跳包发送成功
[03:09:06 INF] 【直播间】929670 的第 53 个心跳包发送成功
[03:09:07 INF] 【直播间】23447660 的第 53 个心跳包发送成功
[03:09:09 INF] 【直播间】91164 的第 53 个心跳包发送成功
[03:09:10 INF] 【直播间】22764265 的第 53 个心跳包发送成功
[03:10:03 ERR] 【心跳包】直播间 23357926 发送失败
[03:10:03 ERR] 【原因】time check failed
[03:10:04 ERR] 【心跳包】直播间 23040372 发送失败
[03:10:04 ERR] 【原因】time check failed
[03:10:05 ERR] 【心跳包】直播间 31494 发送失败
[03:10:05 ERR] 【原因】time check failed
[03:10:06 ERR] 【心跳包】直播间 4015781 发送失败
[03:10:06 ERR] 【原因】time check failed
[03:10:08 ERR] 【心跳包】直播间 9619073 发送失败
[03:10:08 ERR] 【原因】time check failed
[03:10:09 ERR] 【心跳包】直播间 407149 发送失败
[03:10:09 ERR] 【原因】time check failed
[03:10:10 ERR] 【心跳包】直播间 7184632 发送失败
[03:10:10 ERR] 【原因】time check failed
[03:10:11 ERR] 【心跳包】直播间 11732699 发送失败
[03:10:11 ERR] 【原因】time check failed
[03:10:12 ERR] 【心跳包】直播间 929670 发送失败
[03:10:12 ERR] 【原因】time check failed
[03:10:14 ERR] 【心跳包】直播间 23447660 发送失败
[03:10:14 ERR] 【原因】time check failed
[03:10:15 ERR] 【心跳包】直播间 91164 发送失败
[03:10:15 ERR] 【原因】time check failed
[03:10:16 ERR] 【心跳包】直播间 22764265 发送失败
[03:10:16 ERR] 【原因】time check failed
[03:11:09 INF] 【直播间】23357926 的第 54 个心跳包发送成功
[03:11:10 INF] 【直播间】23040372 的第 54 个心跳包发送成功
[03:11:12 INF] 【直播间】31494 的第 54 个心跳包发送成功
[03:11:13 INF] 【直播间】4015781 的第 54 个心跳包发送成功
[03:11:14 INF] 【直播间】9619073 的第 54 个心跳包发送成功
[03:11:15 INF] 【直播间】407149 的第 54 个心跳包发送成功
[03:11:17 INF] 【直播间】7184632 的第 54 个心跳包发送成功
[03:11:18 INF] 【直播间】11732699 的第 54 个心跳包发送成功
[03:11:19 INF] 【直播间】929670 的第 54 个心跳包发送成功
[03:11:20 INF] 【直播间】23447660 的第 54 个心跳包发送成功
[03:11:22 INF] 【直播间】91164 的第 54 个心跳包发送成功
[03:11:23 INF] 【直播间】22764265 的第 54 个心跳包发送成功
[03:12:16 INF] 【直播间】23357926 的第 55 个心跳包发送成功
[03:12:17 INF] 【直播间】23040372 的第 55 个心跳包发送成功
[03:12:18 INF] 【直播间】31494 的第 55 个心跳包发送成功
[03:12:20 INF] 【直播间】4015781 的第 55 个心跳包发送成功
[03:12:21 INF] 【直播间】9619073 的第 55 个心跳包发送成功
[03:12:22 INF] 【直播间】407149 的第 55 个心跳包发送成功
[03:12:23 INF] 【直播间】7184632 的第 55 个心跳包发送成功
[03:12:25 INF] 【直播间】11732699 的第 55 个心跳包发送成功
[03:12:26 INF] 【直播间】929670 的第 55 个心跳包发送成功
[03:12:27 INF] 【直播间】23447660 的第 55 个心跳包发送成功
[03:12:28 INF] 【直播间】91164 的第 55 个心跳包发送成功
[03:12:29 INF] 【直播间】22764265 的第 55 个心跳包发送成功
[03:13:23 INF] 【直播间】23357926 的第 56 个心跳包发送成功
[03:13:24 INF] 【直播间】23040372 的第 56 个心跳包发送成功
[03:13:25 INF] 【直播间】31494 的第 56 个心跳包发送成功
[03:13:26 INF] 【直播间】4015781 的第 56 个心跳包发送成功
[03:13:28 INF] 【直播间】9619073 的第 56 个心跳包发送成功
[03:13:29 INF] 【直播间】407149 的第 56 个心跳包发送成功
[03:13:30 INF] 【直播间】7184632 的第 56 个心跳包发送成功
[03:13:32 INF] 【直播间】11732699 的第 56 个心跳包发送成功
[03:13:33 INF] 【直播间】929670 的第 56 个心跳包发送成功
[03:13:34 INF] 【直播间】23447660 的第 56 个心跳包发送成功
[03:13:35 INF] 【直播间】91164 的第 56 个心跳包发送成功
[03:13:37 INF] 【直播间】22764265 的第 56 个心跳包发送成功
[03:14:29 INF] 【直播间】23357926 的第 57 个心跳包发送成功
[03:14:30 INF] 【直播间】23040372 的第 57 个心跳包发送成功
[03:14:32 INF] 【直播间】31494 的第 57 个心跳包发送成功
[03:14:33 INF] 【直播间】4015781 的第 57 个心跳包发送成功
[03:14:34 INF] 【直播间】9619073 的第 57 个心跳包发送成功
[03:14:35 INF] 【直播间】407149 的第 57 个心跳包发送成功
[03:14:37 INF] 【直播间】7184632 的第 57 个心跳包发送成功
[03:14:38 INF] 【直播间】11732699 的第 57 个心跳包发送成功
[03:14:39 INF] 【直播间】929670 的第 57 个心跳包发送成功
[03:14:40 INF] 【直播间】23447660 的第 57 个心跳包发送成功
[03:14:42 INF] 【直播间】91164 的第 57 个心跳包发送成功
[03:14:43 INF] 【直播间】22764265 的第 57 个心跳包发送成功
[03:15:36 INF] 【直播间】23357926 的第 58 个心跳包发送成功
[03:15:37 INF] 【直播间】23040372 的第 58 个心跳包发送成功
[03:15:38 INF] 【直播间】31494 的第 58 个心跳包发送成功
[03:15:39 INF] 【直播间】4015781 的第 58 个心跳包发送成功
[03:15:41 INF] 【直播间】9619073 的第 58 个心跳包发送成功
[03:15:42 INF] 【直播间】407149 的第 58 个心跳包发送成功
[03:15:43 INF] 【直播间】7184632 的第 58 个心跳包发送成功
[03:15:44 INF] 【直播间】11732699 的第 58 个心跳包发送成功
[03:15:46 INF] 【直播间】929670 的第 58 个心跳包发送成功
[03:15:47 INF] 【直播间】23447660 的第 58 个心跳包发送成功
[03:15:48 INF] 【直播间】91164 的第 58 个心跳包发送成功
[03:15:49 INF] 【直播间】22764265 的第 58 个心跳包发送成功
[03:16:42 INF] 【直播间】23357926 的第 59 个心跳包发送成功
[03:16:43 INF] 【直播间】23040372 的第 59 个心跳包发送成功
[03:16:45 INF] 【直播间】31494 的第 59 个心跳包发送成功
[03:16:46 INF] 【直播间】4015781 的第 59 个心跳包发送成功
[03:16:47 INF] 【直播间】9619073 的第 59 个心跳包发送成功
[03:16:48 INF] 【直播间】407149 的第 59 个心跳包发送成功
[03:16:50 INF] 【直播间】7184632 的第 59 个心跳包发送成功
[03:16:51 INF] 【直播间】11732699 的第 59 个心跳包发送成功
[03:16:52 INF] 【直播间】929670 的第 59 个心跳包发送成功
[03:16:53 INF] 【直播间】23447660 的第 59 个心跳包发送成功
[03:16:55 INF] 【直播间】91164 的第 59 个心跳包发送成功
[03:16:56 INF] 【直播间】22764265 的第 59 个心跳包发送成功
[03:17:49 INF] 【直播间】23357926 的第 60 个心跳包发送成功
[03:17:50 INF] 【直播间】23040372 的第 60 个心跳包发送成功
[03:17:51 INF] 【直播间】31494 的第 60 个心跳包发送成功
[03:17:53 INF] 【直播间】4015781 的第 60 个心跳包发送成功
[03:17:54 INF] 【直播间】9619073 的第 60 个心跳包发送成功
[03:17:55 INF] 【直播间】407149 的第 60 个心跳包发送成功
[03:17:57 INF] 【直播间】7184632 的第 60 个心跳包发送成功
[03:17:58 INF] 【直播间】11732699 的第 60 个心跳包发送成功
[03:17:59 INF] 【直播间】929670 的第 60 个心跳包发送成功
[03:18:00 INF] 【直播间】23447660 的第 60 个心跳包发送成功
[03:18:01 INF] 【直播间】91164 的第 60 个心跳包发送成功
[03:18:03 INF] 【直播间】22764265 的第 60 个心跳包发送成功
[03:18:55 INF] 【直播间】23357926 的第 61 个心跳包发送成功
[03:18:57 INF] 【直播间】23040372 的第 61 个心跳包发送成功
[03:18:58 INF] 【直播间】31494 的第 61 个心跳包发送成功
[03:18:59 INF] 【直播间】4015781 的第 61 个心跳包发送成功
[03:19:01 INF] 【直播间】9619073 的第 61 个心跳包发送成功
[03:19:02 INF] 【直播间】407149 的第 61 个心跳包发送成功
[03:19:03 INF] 【直播间】7184632 的第 61 个心跳包发送成功
[03:19:04 INF] 【直播间】11732699 的第 61 个心跳包发送成功
[03:19:05 INF] 【直播间】929670 的第 61 个心跳包发送成功
[03:19:07 INF] 【直播间】23447660 的第 61 个心跳包发送成功
[03:19:08 INF] 【直播间】91164 的第 61 个心跳包发送成功
[03:19:09 INF] 【直播间】22764265 的第 61 个心跳包发送成功
[03:20:02 INF] 【直播间】23357926 的第 62 个心跳包发送成功
[03:20:03 INF] 【直播间】23040372 的第 62 个心跳包发送成功
[03:20:04 INF] 【直播间】31494 的第 62 个心跳包发送成功
[03:20:06 INF] 【直播间】4015781 的第 62 个心跳包发送成功
[03:20:07 INF] 【直播间】9619073 的第 62 个心跳包发送成功
[03:20:08 INF] 【直播间】407149 的第 62 个心跳包发送成功
[03:20:09 INF] 【直播间】7184632 的第 62 个心跳包发送成功
[03:20:11 INF] 【直播间】11732699 的第 62 个心跳包发送成功
[03:20:12 INF] 【直播间】929670 的第 62 个心跳包发送成功
[03:20:13 INF] 【直播间】23447660 的第 62 个心跳包发送成功
[03:20:15 INF] 【直播间】91164 的第 62 个心跳包发送成功
[03:20:16 INF] 【直播间】22764265 的第 62 个心跳包发送成功
[03:21:09 INF] 【直播间】23357926 的第 63 个心跳包发送成功
[03:21:10 INF] 【直播间】23040372 的第 63 个心跳包发送成功
[03:21:11 INF] 【直播间】31494 的第 63 个心跳包发送成功
[03:21:12 INF] 【直播间】4015781 的第 63 个心跳包发送成功
[03:21:14 INF] 【直播间】9619073 的第 63 个心跳包发送成功
[03:21:15 INF] 【直播间】407149 的第 63 个心跳包发送成功
[03:21:16 INF] 【直播间】7184632 的第 63 个心跳包发送成功
[03:21:17 INF] 【直播间】11732699 的第 63 个心跳包发送成功
[03:21:19 INF] 【直播间】929670 的第 63 个心跳包发送成功
[03:21:20 INF] 【直播间】23447660 的第 63 个心跳包发送成功
[03:21:21 INF] 【直播间】91164 的第 63 个心跳包发送成功
[03:21:22 INF] 【直播间】22764265 的第 63 个心跳包发送成功
[03:22:15 INF] 【直播间】23357926 的第 64 个心跳包发送成功
[03:22:16 INF] 【直播间】23040372 的第 64 个心跳包发送成功
[03:22:18 INF] 【直播间】31494 的第 64 个心跳包发送成功
[03:22:19 INF] 【直播间】4015781 的第 64 个心跳包发送成功
[03:22:20 INF] 【直播间】9619073 的第 64 个心跳包发送成功
[03:22:21 INF] 【直播间】407149 的第 64 个心跳包发送成功
[03:22:23 INF] 【直播间】7184632 的第 64 个心跳包发送成功
[03:22:24 INF] 【直播间】11732699 的第 64 个心跳包发送成功
[03:22:25 INF] 【直播间】929670 的第 64 个心跳包发送成功
[03:22:26 INF] 【直播间】23447660 的第 64 个心跳包发送成功
[03:22:28 INF] 【直播间】91164 的第 64 个心跳包发送成功
[03:22:29 INF] 【直播间】22764265 的第 64 个心跳包发送成功
[03:23:22 INF] 【直播间】23357926 的第 65 个心跳包发送成功
[03:23:23 INF] 【直播间】23040372 的第 65 个心跳包发送成功
[03:23:25 INF] 【直播间】31494 的第 65 个心跳包发送成功
[03:23:26 INF] 【直播间】4015781 的第 65 个心跳包发送成功
[03:23:27 INF] 【直播间】9619073 的第 65 个心跳包发送成功
[03:23:28 INF] 【直播间】407149 的第 65 个心跳包发送成功
[03:23:30 INF] 【直播间】7184632 的第 65 个心跳包发送成功
[03:23:31 INF] 【直播间】11732699 的第 65 个心跳包发送成功
[03:23:32 INF] 【直播间】929670 的第 65 个心跳包发送成功
[03:23:33 INF] 【直播间】23447660 的第 65 个心跳包发送成功
[03:23:35 INF] 【直播间】91164 的第 65 个心跳包发送成功
[03:23:36 INF] 【直播间】22764265 的第 65 个心跳包发送成功
[03:24:28 INF] 【直播间】23357926 的第 66 个心跳包发送成功
[03:24:30 INF] 【直播间】23040372 的第 66 个心跳包发送成功
[03:24:31 INF] 【直播间】31494 的第 66 个心跳包发送成功
[03:24:32 INF] 【直播间】4015781 的第 66 个心跳包发送成功
[03:24:33 INF] 【直播间】9619073 的第 66 个心跳包发送成功
[03:24:35 INF] 【直播间】407149 的第 66 个心跳包发送成功
[03:24:36 INF] 【直播间】7184632 的第 66 个心跳包发送成功
[03:24:38 INF] 【直播间】11732699 的第 66 个心跳包发送成功
[03:24:39 INF] 【直播间】929670 的第 66 个心跳包发送成功
[03:24:40 INF] 【直播间】23447660 的第 66 个心跳包发送成功
[03:24:42 INF] 【直播间】91164 的第 66 个心跳包发送成功
[03:24:43 INF] 【直播间】22764265 的第 66 个心跳包发送成功
[03:25:35 ERR] 【心跳包】直播间 23357926 发送失败
[03:25:35 ERR] 【原因】time check failed
[03:25:36 ERR] 【心跳包】直播间 23040372 发送失败
[03:25:36 ERR] 【原因】time check failed
[03:25:37 ERR] 【心跳包】直播间 31494 发送失败
[03:25:37 ERR] 【原因】time check failed
[03:25:39 ERR] 【心跳包】直播间 4015781 发送失败
[03:25:39 ERR] 【原因】time check failed
[03:25:40 ERR] 【心跳包】直播间 9619073 发送失败
[03:25:40 ERR] 【原因】time check failed
[03:25:41 ERR] 【心跳包】直播间 407149 发送失败
[03:25:41 ERR] 【原因】time check failed
[03:25:43 ERR] 【心跳包】直播间 7184632 发送失败
[03:25:43 ERR] 【原因】time check failed
[03:25:44 ERR] 【心跳包】直播间 11732699 发送失败
[03:25:44 ERR] 【原因】time check failed
[03:25:45 ERR] 【心跳包】直播间 929670 发送失败
[03:25:45 ERR] 【原因】time check failed
[03:25:47 ERR] 【心跳包】直播间 23447660 发送失败
[03:25:47 ERR] 【原因】time check failed
[03:25:48 ERR] 【心跳包】直播间 91164 发送失败
[03:25:48 ERR] 【原因】time check failed
[03:25:49 ERR] 【心跳包】直播间 22764265 发送失败
[03:25:49 ERR] 【原因】time check failed
[03:26:41 INF] 【直播间】23357926 的第 67 个心跳包发送成功
[03:26:43 INF] 【直播间】23040372 的第 67 个心跳包发送成功
[03:26:44 INF] 【直播间】31494 的第 67 个心跳包发送成功
[03:26:45 INF] 【直播间】4015781 的第 67 个心跳包发送成功
[03:26:46 INF] 【直播间】9619073 的第 67 个心跳包发送成功
[03:26:48 INF] 【直播间】407149 的第 67 个心跳包发送成功
[03:26:49 INF] 【直播间】7184632 的第 67 个心跳包发送成功
[03:26:50 INF] 【直播间】11732699 的第 67 个心跳包发送成功
[03:26:52 INF] 【直播间】929670 的第 67 个心跳包发送成功
[03:26:53 INF] 【直播间】23447660 的第 67 个心跳包发送成功
[03:26:54 INF] 【直播间】91164 的第 67 个心跳包发送成功
[03:26:56 INF] 【直播间】22764265 的第 67 个心跳包发送成功
[03:27:48 INF] 【直播间】23357926 的第 68 个心跳包发送成功
[03:27:49 INF] 【直播间】23040372 的第 68 个心跳包发送成功
[03:27:50 INF] 【直播间】31494 的第 68 个心跳包发送成功
[03:27:52 INF] 【直播间】4015781 的第 68 个心跳包发送成功
[03:27:53 INF] 【直播间】9619073 的第 68 个心跳包发送成功
[03:27:54 INF] 【直播间】407149 的第 68 个心跳包发送成功
[03:27:55 INF] 【直播间】7184632 的第 68 个心跳包发送成功
[03:27:57 INF] 【直播间】11732699 的第 68 个心跳包发送成功
[03:27:58 INF] 【直播间】929670 的第 68 个心跳包发送成功
[03:27:59 INF] 【直播间】23447660 的第 68 个心跳包发送成功
[03:28:00 INF] 【直播间】91164 的第 68 个心跳包发送成功
[03:28:02 INF] 【直播间】22764265 的第 68 个心跳包发送成功
[03:28:55 INF] 【直播间】23357926 的第 69 个心跳包发送成功
[03:28:56 INF] 【直播间】23040372 的第 69 个心跳包发送成功
[03:28:57 INF] 【直播间】31494 的第 69 个心跳包发送成功
[03:28:58 INF] 【直播间】4015781 的第 69 个心跳包发送成功
[03:29:00 INF] 【直播间】9619073 的第 69 个心跳包发送成功
[03:29:01 INF] 【直播间】407149 的第 69 个心跳包发送成功
[03:29:02 INF] 【直播间】7184632 的第 69 个心跳包发送成功
[03:29:04 INF] 【直播间】11732699 的第 69 个心跳包发送成功
[03:29:05 INF] 【直播间】929670 的第 69 个心跳包发送成功
[03:29:06 INF] 【直播间】23447660 的第 69 个心跳包发送成功
[03:29:07 INF] 【直播间】91164 的第 69 个心跳包发送成功
[03:29:09 INF] 【直播间】22764265 的第 69 个心跳包发送成功
[03:30:01 INF] 【直播间】23357926 的第 70 个心跳包发送成功
[03:30:02 INF] 【直播间】23040372 的第 70 个心跳包发送成功
[03:30:04 INF] 【直播间】31494 的第 70 个心跳包发送成功
[03:30:05 INF] 【直播间】4015781 的第 70 个心跳包发送成功
[03:30:06 INF] 【直播间】9619073 的第 70 个心跳包发送成功
[03:30:07 INF] 【直播间】407149 的第 70 个心跳包发送成功
[03:30:09 INF] 【直播间】7184632 的第 70 个心跳包发送成功
[03:30:10 INF] 【直播间】11732699 的第 70 个心跳包发送成功
[03:30:11 INF] 【直播间】929670 的第 70 个心跳包发送成功
[03:30:12 INF] 【直播间】23447660 的第 70 个心跳包发送成功
[03:30:14 INF] 【直播间】91164 的第 70 个心跳包发送成功
[03:30:15 INF] 【直播间】22764265 的第 70 个心跳包发送成功
[03:30:15 INF] 【直播观看时长】完成情况：12/12 
[03:30:15 INF] ---------结束---------

[03:30:15 INF] ==========结束==========

[03:30:15 INF] ######### 账号 3 #########

[03:30:15 INF] =====开始 直播间互动 =====

[03:30:15 INF] ---开始 发送弹幕 ---
[03:30:15 INF] 检测到直播 Cookie 未正确配置，尝试自动配置中...
[03:30:22 INF] 直播 Cookie 配置成功！
[03:30:22 INF] 【获取直播列表】获取拥有粉丝牌的直播列表
[03:30:28 ERR] 【获取直播列表】失败
[03:30:28 ERR] 【原因】账号未登录
[03:30:28 ERR] 发送弹幕失败，继续其他任务。失败信息:Object reference not set to an instance of an object.

[03:30:28 INF] -------结束-------

[03:30:28 INF] ---开始 点赞直播间 ---
[03:30:28 INF] 【获取直播列表】获取拥有粉丝牌的直播列表
[03:30:32 ERR] 【获取直播列表】失败
[03:30:32 ERR] 【原因】账号未登录
[03:30:32 ERR] 点赞直播间失败，继续其他任务。失败信息:Object reference not set to an instance of an object.

[03:30:32 INF] --------结束--------

[03:30:32 INF] ---开始 直播时长挂机 ---
[03:30:32 INF] 【获取直播列表】获取拥有粉丝牌的直播列表
[03:30:39 ERR] 【获取直播列表】失败
[03:30:39 ERR] 【原因】账号未登录
[03:30:39 ERR] 直播时长挂机失败，继续其他任务。失败信息:Object reference not set to an instance of an object.

[03:30:39 INF] ---------结束---------

[03:30:39 INF] ==========结束==========

[03:30:39 INF] 

========================

 v2.0.1 开源 by https://github.com/RayWangQvQ/BiliBiliToolPro

[03:30:39 INF] ·开始推送·LiveFansMedal任务·
2023-12-31T19:30:39.3936682Z 开始推送到:PushPlus
2023-12-31T19:30:41.0152473Z Response status: OK.
2023-12-31T19:30:41.0152689Z Response content: {"code":999,"msg":"发送内容过大，不能超过2万字","data":null}.

[03:30:41 INF] 运行环境：Development
[03:30:41 INF] 应用目录：/home/runner/work/BiliBiliToolPro/BiliBiliToolPro/src/Ray.BiliBiliTool.Console/bin/Debug/net6.0/

[03:30:41 INF] 运行结束
