----------- ip 信息 ---------
{
  "ip": "138.91.71.16",
  "city": "San Jose",
  "region": "California",
  "country": "US",
  "loc": "37.3394,-121.8950",
  "org": "AS8075 Microsoft Corporation",
  "postal": "95103",
  "timezone": "America/Los_Angeles",
  "readme": "https://ipinfo.io/missingauth"
} ---------- end ------------
  ____               ____    _   _____           _  
 |  _ \ __ _ _   _  | __ ) _| |_|_   _|__   ___ | | 
 | |_) / _` | | | | |  _ \(_) (_) | |/ _ \ / _ \| | 
 |  _ < (_| | |_| | | |_) | | | | | | (_) | (_) | | 
 |_| \_\__,_|\__, | |____/|_|_|_| |_|\___/ \___/|_| 
             |___/                                  

[00:26:09 INF] BiliBiliToolPro 开始运行...

[00:26:09 INF] 【账号个数】3个

[00:26:09 INF] 随机休眠5分钟

[00:31:09 INF] 【目标任务】LiveFansMedal
[00:31:09 INF] ######### 账号 1 #########

[00:31:09 INF] =====开始 直播间互动 =====

[00:31:09 INF] ---开始 发送弹幕 ---
[00:31:09 INF] 检测到直播 Cookie 未正确配置，尝试自动配置中...
[00:31:13 INF] 直播 Cookie 配置成功！
[00:31:13 INF] 【获取直播列表】获取拥有粉丝牌的直播列表
[00:31:18 INF] 【主播】Mark陌枫 
[00:31:30 INF] 【主播】KL_qiqi_ 
[00:31:46 INF] 【主播】苏打baka 
[00:32:03 INF] 【直播间】Mark陌枫
[00:32:03 INF] 【粉丝牌】馬楓
[00:32:03 INF] 正在发送弹幕...
[00:32:10 INF] 【直播间】KL_qiqi_
[00:32:10 INF] 【粉丝牌】qiqisb
[00:32:10 INF] 正在发送弹幕...
[00:32:16 INF] 【直播间】苏打baka
[00:32:16 INF] 【粉丝牌】碳酸钠
[00:32:16 INF] 正在发送弹幕...
[00:32:20 INF] 【弹幕发送】成功~，你和主播 Mark陌枫 的亲密值增加了100！
[00:32:22 INF] -------结束-------

[00:32:22 INF] ---开始 点赞直播间 ---
[00:32:22 INF] 【获取直播列表】获取拥有粉丝牌的直播列表
[00:32:25 INF] 【主播】Mark陌枫 
[00:32:30 INF] 【弹幕发送】成功~，你和主播 KL_qiqi_ 的亲密值增加了100！
[00:32:35 INF] 【弹幕发送】成功~，你和主播 苏打baka 的亲密值增加了100！
[00:32:41 INF] 【主播】KL_qiqi_ 
[00:32:54 INF] 【主播】苏打baka 
[00:33:19 INF] 【点赞直播间】23357926 完成
[00:33:24 INF] 【点赞直播间】407149 完成
[00:33:30 INF] --------结束--------

[00:33:30 INF] ---开始 直播时长挂机 ---
[00:33:30 INF] 【获取直播列表】获取拥有粉丝牌的直播列表
[00:33:30 INF] 【点赞直播间】23040372 完成
[00:33:34 INF] 【主播】Mark陌枫 
[00:33:47 INF] 【主播】KL_qiqi_ 
[00:34:02 INF] 【主播】苏打baka 
[00:34:15 INF] 【直播间】23357926 的第 1 个心跳包发送成功
[00:34:16 INF] 【直播间】407149 的第 1 个心跳包发送成功
[00:34:17 INF] 【直播间】23040372 的第 1 个心跳包发送成功
[00:35:21 INF] 【直播间】23357926 的第 2 个心跳包发送成功
[00:35:22 INF] 【直播间】407149 的第 2 个心跳包发送成功
[00:35:24 INF] 【直播间】23040372 的第 2 个心跳包发送成功
[00:36:28 INF] 【直播间】23357926 的第 3 个心跳包发送成功
[00:36:29 INF] 【直播间】407149 的第 3 个心跳包发送成功
[00:36:30 INF] 【直播间】23040372 的第 3 个心跳包发送成功
[00:37:34 INF] 【直播间】23357926 的第 4 个心跳包发送成功
[00:37:35 INF] 【直播间】407149 的第 4 个心跳包发送成功
[00:37:37 INF] 【直播间】23040372 的第 4 个心跳包发送成功
[00:38:41 INF] 【直播间】23357926 的第 5 个心跳包发送成功
[00:38:42 INF] 【直播间】407149 的第 5 个心跳包发送成功
[00:38:43 INF] 【直播间】23040372 的第 5 个心跳包发送成功
[00:39:47 INF] 【直播间】23357926 的第 6 个心跳包发送成功
[00:39:48 INF] 【直播间】407149 的第 6 个心跳包发送成功
[00:39:49 INF] 【直播间】23040372 的第 6 个心跳包发送成功
[00:40:53 INF] 【直播间】23357926 的第 7 个心跳包发送成功
[00:40:55 INF] 【直播间】407149 的第 7 个心跳包发送成功
[00:40:56 INF] 【直播间】23040372 的第 7 个心跳包发送成功
[00:42:00 INF] 【直播间】23357926 的第 8 个心跳包发送成功
[00:42:01 INF] 【直播间】407149 的第 8 个心跳包发送成功
[00:42:02 INF] 【直播间】23040372 的第 8 个心跳包发送成功
[00:43:07 INF] 【直播间】23357926 的第 9 个心跳包发送成功
[00:43:08 INF] 【直播间】407149 的第 9 个心跳包发送成功
[00:43:09 INF] 【直播间】23040372 的第 9 个心跳包发送成功
[00:44:13 INF] 【直播间】23357926 的第 10 个心跳包发送成功
[00:44:14 INF] 【直播间】407149 的第 10 个心跳包发送成功
[00:44:16 INF] 【直播间】23040372 的第 10 个心跳包发送成功
[00:45:20 INF] 【直播间】23357926 的第 11 个心跳包发送成功
[00:45:21 INF] 【直播间】407149 的第 11 个心跳包发送成功
[00:45:22 INF] 【直播间】23040372 的第 11 个心跳包发送成功
[00:46:26 INF] 【直播间】23357926 的第 12 个心跳包发送成功
[00:46:27 INF] 【直播间】407149 的第 12 个心跳包发送成功
[00:46:29 INF] 【直播间】23040372 的第 12 个心跳包发送成功
[00:47:33 INF] 【直播间】23357926 的第 13 个心跳包发送成功
[00:47:34 INF] 【直播间】407149 的第 13 个心跳包发送成功
[00:47:35 INF] 【直播间】23040372 的第 13 个心跳包发送成功
[00:48:39 INF] 【直播间】23357926 的第 14 个心跳包发送成功
[00:48:40 INF] 【直播间】407149 的第 14 个心跳包发送成功
[00:48:42 INF] 【直播间】23040372 的第 14 个心跳包发送成功
[00:49:46 ERR] 【心跳包】直播间 23357926 发送失败
[00:49:46 ERR] 【原因】time check failed
[00:49:47 ERR] 【心跳包】直播间 407149 发送失败
[00:49:47 ERR] 【原因】time check failed
[00:49:48 ERR] 【心跳包】直播间 23040372 发送失败
[00:49:48 ERR] 【原因】time check failed
[00:50:52 INF] 【直播间】23357926 的第 15 个心跳包发送成功
[00:50:53 INF] 【直播间】407149 的第 15 个心跳包发送成功
[00:50:54 INF] 【直播间】23040372 的第 15 个心跳包发送成功
[00:51:58 INF] 【直播间】23357926 的第 16 个心跳包发送成功
[00:52:00 INF] 【直播间】407149 的第 16 个心跳包发送成功
[00:52:01 INF] 【直播间】23040372 的第 16 个心跳包发送成功
[00:53:05 INF] 【直播间】23357926 的第 17 个心跳包发送成功
[00:53:06 INF] 【直播间】407149 的第 17 个心跳包发送成功
[00:53:08 INF] 【直播间】23040372 的第 17 个心跳包发送成功
[00:54:11 INF] 【直播间】23357926 的第 18 个心跳包发送成功
[00:54:13 INF] 【直播间】407149 的第 18 个心跳包发送成功
[00:54:14 INF] 【直播间】23040372 的第 18 个心跳包发送成功
[00:55:18 INF] 【直播间】23357926 的第 19 个心跳包发送成功
[00:55:19 INF] 【直播间】407149 的第 19 个心跳包发送成功
[00:55:20 INF] 【直播间】23040372 的第 19 个心跳包发送成功
[00:56:24 INF] 【直播间】23357926 的第 20 个心跳包发送成功
[00:56:26 INF] 【直播间】407149 的第 20 个心跳包发送成功
[00:56:27 INF] 【直播间】23040372 的第 20 个心跳包发送成功
[00:57:31 INF] 【直播间】23357926 的第 21 个心跳包发送成功
[00:57:32 INF] 【直播间】407149 的第 21 个心跳包发送成功
[00:57:33 INF] 【直播间】23040372 的第 21 个心跳包发送成功
[00:58:37 INF] 【直播间】23357926 的第 22 个心跳包发送成功
[00:58:39 INF] 【直播间】407149 的第 22 个心跳包发送成功
[00:58:40 INF] 【直播间】23040372 的第 22 个心跳包发送成功
[00:59:44 INF] 【直播间】23357926 的第 23 个心跳包发送成功
[00:59:45 INF] 【直播间】407149 的第 23 个心跳包发送成功
[00:59:46 INF] 【直播间】23040372 的第 23 个心跳包发送成功
[01:00:50 INF] 【直播间】23357926 的第 24 个心跳包发送成功
[01:00:51 INF] 【直播间】407149 的第 24 个心跳包发送成功
[01:00:53 INF] 【直播间】23040372 的第 24 个心跳包发送成功
[01:01:56 INF] 【直播间】23357926 的第 25 个心跳包发送成功
[01:01:58 INF] 【直播间】407149 的第 25 个心跳包发送成功
[01:01:59 INF] 【直播间】23040372 的第 25 个心跳包发送成功
[01:03:03 INF] 【直播间】23357926 的第 26 个心跳包发送成功
[01:03:04 INF] 【直播间】407149 的第 26 个心跳包发送成功
[01:03:06 INF] 【直播间】23040372 的第 26 个心跳包发送成功
[01:04:10 INF] 【直播间】23357926 的第 27 个心跳包发送成功
[01:04:11 INF] 【直播间】407149 的第 27 个心跳包发送成功
[01:04:12 INF] 【直播间】23040372 的第 27 个心跳包发送成功
[01:05:16 INF] 【直播间】23357926 的第 28 个心跳包发送成功
[01:05:17 INF] 【直播间】407149 的第 28 个心跳包发送成功
[01:05:19 ERR] 【心跳包】直播间 23040372 发送失败
[01:05:19 ERR] 【原因】time check failed
[01:06:22 ERR] 【心跳包】直播间 23357926 发送失败
[01:06:22 ERR] 【原因】time check failed
[01:06:24 ERR] 【心跳包】直播间 407149 发送失败
[01:06:24 ERR] 【原因】time check failed
[01:06:25 INF] 【直播间】23040372 的第 28 个心跳包发送成功
[01:07:29 INF] 【直播间】23357926 的第 29 个心跳包发送成功
[01:07:30 INF] 【直播间】407149 的第 29 个心跳包发送成功
[01:07:31 INF] 【直播间】23040372 的第 29 个心跳包发送成功
[01:08:35 INF] 【直播间】23357926 的第 30 个心跳包发送成功
[01:08:36 INF] 【直播间】407149 的第 30 个心跳包发送成功
[01:08:37 INF] 【直播间】23040372 的第 30 个心跳包发送成功
[01:09:42 INF] 【直播间】23357926 的第 31 个心跳包发送成功
[01:09:43 INF] 【直播间】407149 的第 31 个心跳包发送成功
[01:09:44 INF] 【直播间】23040372 的第 31 个心跳包发送成功
[01:10:48 INF] 【直播间】23357926 的第 32 个心跳包发送成功
[01:10:49 INF] 【直播间】407149 的第 32 个心跳包发送成功
[01:10:51 INF] 【直播间】23040372 的第 32 个心跳包发送成功
[01:11:54 INF] 【直播间】23357926 的第 33 个心跳包发送成功
[01:11:56 INF] 【直播间】407149 的第 33 个心跳包发送成功
[01:11:57 INF] 【直播间】23040372 的第 33 个心跳包发送成功
[01:13:01 INF] 【直播间】23357926 的第 34 个心跳包发送成功
[01:13:02 INF] 【直播间】407149 的第 34 个心跳包发送成功
[01:13:03 INF] 【直播间】23040372 的第 34 个心跳包发送成功
[01:14:07 INF] 【直播间】23357926 的第 35 个心跳包发送成功
[01:14:08 INF] 【直播间】407149 的第 35 个心跳包发送成功
[01:14:10 INF] 【直播间】23040372 的第 35 个心跳包发送成功
[01:15:14 INF] 【直播间】23357926 的第 36 个心跳包发送成功
[01:15:15 INF] 【直播间】407149 的第 36 个心跳包发送成功
[01:15:16 INF] 【直播间】23040372 的第 36 个心跳包发送成功
[01:16:20 INF] 【直播间】23357926 的第 37 个心跳包发送成功
[01:16:22 INF] 【直播间】407149 的第 37 个心跳包发送成功
[01:16:23 INF] 【直播间】23040372 的第 37 个心跳包发送成功
[01:17:26 INF] 【直播间】23357926 的第 38 个心跳包发送成功
[01:17:28 INF] 【直播间】407149 的第 38 个心跳包发送成功
[01:17:29 INF] 【直播间】23040372 的第 38 个心跳包发送成功
[01:18:33 INF] 【直播间】23357926 的第 39 个心跳包发送成功
[01:18:34 INF] 【直播间】407149 的第 39 个心跳包发送成功
[01:18:35 INF] 【直播间】23040372 的第 39 个心跳包发送成功
[01:19:39 INF] 【直播间】23357926 的第 40 个心跳包发送成功
[01:19:41 INF] 【直播间】407149 的第 40 个心跳包发送成功
[01:19:42 INF] 【直播间】23040372 的第 40 个心跳包发送成功
[01:20:46 INF] 【直播间】23357926 的第 41 个心跳包发送成功
[01:20:47 INF] 【直播间】407149 的第 41 个心跳包发送成功
[01:20:48 INF] 【直播间】23040372 的第 41 个心跳包发送成功
[01:21:53 INF] 【直播间】23357926 的第 42 个心跳包发送成功
[01:21:54 ERR] 【心跳包】直播间 407149 发送失败
[01:21:54 ERR] 【原因】time check failed
[01:21:55 ERR] 【心跳包】直播间 23040372 发送失败
[01:21:55 ERR] 【原因】time check failed
[01:22:59 ERR] 【心跳包】直播间 23357926 发送失败
[01:22:59 ERR] 【原因】time check failed
[01:23:00 INF] 【直播间】407149 的第 42 个心跳包发送成功
[01:23:01 INF] 【直播间】23040372 的第 42 个心跳包发送成功
[01:24:05 INF] 【直播间】23357926 的第 43 个心跳包发送成功
[01:24:07 INF] 【直播间】407149 的第 43 个心跳包发送成功
[01:24:08 INF] 【直播间】23040372 的第 43 个心跳包发送成功
[01:25:12 INF] 【直播间】23357926 的第 44 个心跳包发送成功
[01:25:13 INF] 【直播间】407149 的第 44 个心跳包发送成功
[01:25:14 INF] 【直播间】23040372 的第 44 个心跳包发送成功
[01:26:18 INF] 【直播间】23357926 的第 45 个心跳包发送成功
[01:26:19 INF] 【直播间】407149 的第 45 个心跳包发送成功
[01:26:21 INF] 【直播间】23040372 的第 45 个心跳包发送成功
[01:27:25 INF] 【直播间】23357926 的第 46 个心跳包发送成功
[01:27:26 INF] 【直播间】407149 的第 46 个心跳包发送成功
[01:27:27 INF] 【直播间】23040372 的第 46 个心跳包发送成功
[01:28:31 INF] 【直播间】23357926 的第 47 个心跳包发送成功
[01:28:33 INF] 【直播间】407149 的第 47 个心跳包发送成功
[01:28:34 INF] 【直播间】23040372 的第 47 个心跳包发送成功
[01:29:38 INF] 【直播间】23357926 的第 48 个心跳包发送成功
[01:29:39 INF] 【直播间】407149 的第 48 个心跳包发送成功
[01:29:40 INF] 【直播间】23040372 的第 48 个心跳包发送成功
[01:30:44 INF] 【直播间】23357926 的第 49 个心跳包发送成功
[01:30:46 INF] 【直播间】407149 的第 49 个心跳包发送成功
[01:30:47 INF] 【直播间】23040372 的第 49 个心跳包发送成功
[01:31:51 INF] 【直播间】23357926 的第 50 个心跳包发送成功
[01:31:52 INF] 【直播间】407149 的第 50 个心跳包发送成功
[01:31:53 INF] 【直播间】23040372 的第 50 个心跳包发送成功
[01:32:57 INF] 【直播间】23357926 的第 51 个心跳包发送成功
[01:32:59 INF] 【直播间】407149 的第 51 个心跳包发送成功
[01:33:00 INF] 【直播间】23040372 的第 51 个心跳包发送成功
[01:34:04 INF] 【直播间】23357926 的第 52 个心跳包发送成功
[01:34:05 INF] 【直播间】407149 的第 52 个心跳包发送成功
[01:34:06 INF] 【直播间】23040372 的第 52 个心跳包发送成功
[01:35:10 INF] 【直播间】23357926 的第 53 个心跳包发送成功
[01:35:11 INF] 【直播间】407149 的第 53 个心跳包发送成功
[01:35:12 INF] 【直播间】23040372 的第 53 个心跳包发送成功
[01:36:16 INF] 【直播间】23357926 的第 54 个心跳包发送成功
[01:36:18 INF] 【直播间】407149 的第 54 个心跳包发送成功
[01:36:19 INF] 【直播间】23040372 的第 54 个心跳包发送成功
[01:37:23 INF] 【直播间】23357926 的第 55 个心跳包发送成功
[01:37:24 INF] 【直播间】407149 的第 55 个心跳包发送成功
[01:37:25 INF] 【直播间】23040372 的第 55 个心跳包发送成功
[01:38:29 INF] 【直播间】23357926 的第 56 个心跳包发送成功
[01:38:31 ERR] 【心跳包】直播间 407149 发送失败
[01:38:31 ERR] 【原因】time check failed
[01:38:32 ERR] 【心跳包】直播间 23040372 发送失败
[01:38:32 ERR] 【原因】time check failed
[01:39:36 ERR] 【心跳包】直播间 23357926 发送失败
[01:39:36 ERR] 【原因】time check failed
[01:39:38 INF] 【直播间】407149 的第 56 个心跳包发送成功
[01:39:39 INF] 【直播间】23040372 的第 56 个心跳包发送成功
[01:40:43 INF] 【直播间】23357926 的第 57 个心跳包发送成功
[01:40:44 INF] 【直播间】407149 的第 57 个心跳包发送成功
[01:40:45 INF] 【直播间】23040372 的第 57 个心跳包发送成功
[01:41:49 INF] 【直播间】23357926 的第 58 个心跳包发送成功
[01:41:50 INF] 【直播间】407149 的第 58 个心跳包发送成功
[01:41:51 INF] 【直播间】23040372 的第 58 个心跳包发送成功
[01:42:56 INF] 【直播间】23357926 的第 59 个心跳包发送成功
[01:42:57 INF] 【直播间】407149 的第 59 个心跳包发送成功
[01:42:59 INF] 【直播间】23040372 的第 59 个心跳包发送成功
[01:44:02 INF] 【直播间】23357926 的第 60 个心跳包发送成功
[01:44:04 INF] 【直播间】407149 的第 60 个心跳包发送成功
[01:44:05 INF] 【直播间】23040372 的第 60 个心跳包发送成功
[01:45:09 INF] 【直播间】23357926 的第 61 个心跳包发送成功
[01:45:10 INF] 【直播间】407149 的第 61 个心跳包发送成功
[01:45:11 INF] 【直播间】23040372 的第 61 个心跳包发送成功
[01:46:15 INF] 【直播间】23357926 的第 62 个心跳包发送成功
[01:46:17 INF] 【直播间】407149 的第 62 个心跳包发送成功
[01:46:18 INF] 【直播间】23040372 的第 62 个心跳包发送成功
[01:47:22 INF] 【直播间】23357926 的第 63 个心跳包发送成功
[01:47:23 INF] 【直播间】407149 的第 63 个心跳包发送成功
[01:47:24 INF] 【直播间】23040372 的第 63 个心跳包发送成功
[01:48:28 INF] 【直播间】23357926 的第 64 个心跳包发送成功
[01:48:30 INF] 【直播间】407149 的第 64 个心跳包发送成功
[01:48:31 INF] 【直播间】23040372 的第 64 个心跳包发送成功
[01:49:35 INF] 【直播间】23357926 的第 65 个心跳包发送成功
[01:49:36 INF] 【直播间】407149 的第 65 个心跳包发送成功
[01:49:37 INF] 【直播间】23040372 的第 65 个心跳包发送成功
[01:50:41 INF] 【直播间】23357926 的第 66 个心跳包发送成功
[01:50:42 INF] 【直播间】407149 的第 66 个心跳包发送成功
[01:50:43 INF] 【直播间】23040372 的第 66 个心跳包发送成功
[01:51:47 INF] 【直播间】23357926 的第 67 个心跳包发送成功
[01:51:49 INF] 【直播间】407149 的第 67 个心跳包发送成功
[01:51:50 INF] 【直播间】23040372 的第 67 个心跳包发送成功
[01:52:54 INF] 【直播间】23357926 的第 68 个心跳包发送成功
[01:52:55 INF] 【直播间】407149 的第 68 个心跳包发送成功
[01:52:56 INF] 【直播间】23040372 的第 68 个心跳包发送成功
[01:54:00 INF] 【直播间】23357926 的第 69 个心跳包发送成功
[01:54:02 ERR] 【心跳包】直播间 407149 发送失败
[01:54:02 ERR] 【原因】time check failed
[01:54:03 ERR] 【心跳包】直播间 23040372 发送失败
[01:54:03 ERR] 【原因】time check failed
[01:55:07 INF] 【直播间】23357926 的第 70 个心跳包发送成功
[01:55:08 INF] 【直播间】407149 的第 69 个心跳包发送成功
[01:55:09 INF] 【直播间】23040372 的第 69 个心跳包发送成功
[01:56:13 ERR] 【心跳包】直播间 23357926 发送失败
[01:56:13 ERR] 【原因】time check failed
[01:56:14 INF] 【直播间】407149 的第 70 个心跳包发送成功
[01:56:16 INF] 【直播间】23040372 的第 70 个心跳包发送成功
[01:56:16 INF] 【直播观看时长】完成情况：3/3 
[01:56:16 INF] ---------结束---------

[01:56:16 INF] ==========结束==========

[01:56:16 INF] ######### 账号 2 #########

[01:56:16 INF] =====开始 直播间互动 =====

[01:56:16 INF] ---开始 发送弹幕 ---
[01:56:16 INF] 检测到直播 Cookie 未正确配置，尝试自动配置中...
[01:56:20 INF] 直播 Cookie 配置成功！
[01:56:20 INF] 【获取直播列表】获取拥有粉丝牌的直播列表
[01:56:26 INF] 【主播】Mark陌枫 
[01:56:46 INF] 【主播】苏打baka 
[01:57:02 INF] 【主播】特别中二的q3君 
[01:57:18 INF] 【主播】陈抱一 
[01:57:33 INF] 【主播】贪玩的小毅 
[01:57:45 INF] 【主播】KL_qiqi_ 
[01:57:59 INF] 【主播】记录生活的蛋黄派 
[01:58:18 INF] 【主播】FoFTG 
[01:58:36 INF] 【主播】悠悠球琛总 
[01:58:51 INF] 【主播】脏小豆 
[01:59:11 INF] 【主播】新石器公园 
[01:59:26 INF] 【主播】李船长笔记 
[01:59:42 INF] 【直播间】Mark陌枫
[01:59:42 INF] 【粉丝牌】馬楓
[01:59:42 INF] 正在发送弹幕...
[01:59:45 INF] 【直播间】苏打baka
[01:59:45 INF] 【粉丝牌】碳酸钠
[01:59:45 INF] 正在发送弹幕...
[01:59:49 INF] 【直播间】特别中二的q3君
[01:59:49 INF] 【粉丝牌】q3GG
[01:59:49 INF] 正在发送弹幕...
[01:59:53 INF] 【直播间】陈抱一
[01:59:53 INF] 【粉丝牌】陈抱一
[01:59:53 INF] 正在发送弹幕...
[01:59:55 INF] 【弹幕发送】成功~，你和主播 Mark陌枫 的亲密值增加了100！
[02:00:00 INF] 【直播间】贪玩的小毅
[02:00:00 INF] 【粉丝牌】大大毅
[02:00:00 INF] 正在发送弹幕...
[02:00:01 INF] 【弹幕发送】成功~，你和主播 苏打baka 的亲密值增加了100！
[02:00:04 INF] 【弹幕发送】成功~，你和主播 特别中二的q3君 的亲密值增加了100！
[02:00:06 INF] 【直播间】KL_qiqi_
[02:00:06 INF] 【粉丝牌】qiqisb
[02:00:06 INF] 正在发送弹幕...
[02:00:10 INF] 【直播间】记录生活的蛋黄派
[02:00:10 INF] 【粉丝牌】派派派
[02:00:10 INF] 正在发送弹幕...
[02:00:14 INF] 【弹幕发送】成功~，你和主播 陈抱一 的亲密值增加了100！
[02:00:15 INF] 【弹幕发送】成功~，你和主播 贪玩的小毅 的亲密值增加了100！
[02:00:16 INF] 【直播间】FoFTG
[02:00:16 INF] 【粉丝牌】FOFTG
[02:00:16 INF] 正在发送弹幕...
[02:00:23 INF] 【直播间】悠悠球琛总
[02:00:23 INF] 【粉丝牌】i琛
[02:00:23 INF] 正在发送弹幕...
[02:00:24 INF] 【弹幕发送】成功~，你和主播 记录生活的蛋黄派 的亲密值增加了100！
[02:00:25 ERR] 【弹幕发送】失败
[02:00:25 ERR] 【原因】您发送弹幕的频率过快
[02:00:27 INF] 【直播间】脏小豆
[02:00:27 INF] 【粉丝牌】豆豆浆
[02:00:27 INF] 正在发送弹幕...
[02:00:31 INF] 【直播间】新石器公园
[02:00:31 INF] 【粉丝牌】东园主
[02:00:31 INF] 正在发送弹幕...
[02:00:31 INF] 【弹幕发送】成功~，你和主播 FoFTG 的亲密值增加了100！
[02:00:34 INF] 【直播间】李船长笔记
[02:00:34 INF] 【粉丝牌】航海仕
[02:00:34 INF] 正在发送弹幕...
[02:00:35 INF] 【弹幕发送】成功~，你和主播 悠悠球琛总 的亲密值增加了100！
[02:00:41 INF] -------结束-------

[02:00:41 INF] ---开始 点赞直播间 ---
[02:00:41 INF] 【获取直播列表】获取拥有粉丝牌的直播列表
[02:00:41 INF] 【弹幕发送】成功~，你和主播 脏小豆 的亲密值增加了100！
[02:00:44 INF] 【弹幕发送】成功~，你和主播 新石器公园 的亲密值增加了100！
[02:00:47 INF] 【主播】Mark陌枫 
[02:00:54 INF] 【弹幕发送】成功~，你和主播 李船长笔记 的亲密值增加了100！
[02:01:02 INF] 【主播】苏打baka 
[02:01:22 INF] 【主播】特别中二的q3君 
[02:01:42 INF] 【主播】陈抱一 
[02:02:02 INF] 【主播】贪玩的小毅 
[02:02:20 INF] 【主播】KL_qiqi_ 
[02:02:32 INF] 【主播】记录生活的蛋黄派 
[02:02:46 INF] 【主播】FoFTG 
[02:03:02 INF] 【主播】悠悠球琛总 
[02:03:18 INF] 【主播】脏小豆 
[02:03:37 INF] 【主播】新石器公园 
[02:03:56 INF] 【主播】李船长笔记 
[02:04:19 INF] 【点赞直播间】23357926 完成
[02:04:24 INF] 【点赞直播间】23040372 完成
[02:04:27 INF] 【点赞直播间】31494 完成
[02:04:34 INF] 【点赞直播间】4015781 完成
[02:04:40 INF] 【点赞直播间】9619073 完成
[02:04:46 INF] 【点赞直播间】407149 完成
[02:04:50 INF] 【点赞直播间】11732699 完成
[02:04:54 INF] 【点赞直播间】91164 完成
[02:04:57 INF] 【点赞直播间】7184632 完成
[02:05:00 INF] 【点赞直播间】929670 完成
[02:05:04 INF] 【点赞直播间】23447660 完成
[02:05:08 INF] --------结束--------

[02:05:08 INF] ---开始 直播时长挂机 ---
[02:05:08 INF] 【获取直播列表】获取拥有粉丝牌的直播列表
[02:05:08 INF] 【点赞直播间】22764265 完成
[02:05:15 INF] 【主播】Mark陌枫 
[02:05:28 INF] 【主播】苏打baka 
[02:05:41 INF] 【主播】特别中二的q3君 
[02:05:59 INF] 【主播】陈抱一 
[02:06:12 INF] 【主播】贪玩的小毅 
[02:06:25 INF] 【主播】KL_qiqi_ 
[02:06:40 INF] 【主播】记录生活的蛋黄派 
[02:06:59 INF] 【主播】FoFTG 
[02:07:12 INF] 【主播】悠悠球琛总 
[02:07:24 INF] 【主播】脏小豆 
[02:07:40 INF] 【主播】新石器公园 
[02:07:54 INF] 【主播】李船长笔记 
[02:08:11 INF] 【直播间】23357926 的第 1 个心跳包发送成功
[02:08:13 INF] 【直播间】23040372 的第 1 个心跳包发送成功
[02:08:14 INF] 【直播间】31494 的第 1 个心跳包发送成功
[02:08:15 INF] 【直播间】4015781 的第 1 个心跳包发送成功
[02:08:16 INF] 【直播间】9619073 的第 1 个心跳包发送成功
[02:08:18 INF] 【直播间】407149 的第 1 个心跳包发送成功
[02:08:19 INF] 【直播间】11732699 的第 1 个心跳包发送成功
[02:08:20 INF] 【直播间】91164 的第 1 个心跳包发送成功
[02:08:22 INF] 【直播间】7184632 的第 1 个心跳包发送成功
[02:08:23 INF] 【直播间】929670 的第 1 个心跳包发送成功
[02:08:24 INF] 【直播间】23447660 的第 1 个心跳包发送成功
[02:08:25 INF] 【直播间】22764265 的第 1 个心跳包发送成功
[02:09:18 INF] 【直播间】23357926 的第 2 个心跳包发送成功
[02:09:19 INF] 【直播间】23040372 的第 2 个心跳包发送成功
[02:09:20 INF] 【直播间】31494 的第 2 个心跳包发送成功
[02:09:22 INF] 【直播间】4015781 的第 2 个心跳包发送成功
[02:09:23 INF] 【直播间】9619073 的第 2 个心跳包发送成功
[02:09:24 INF] 【直播间】407149 的第 2 个心跳包发送成功
[02:09:25 INF] 【直播间】11732699 的第 2 个心跳包发送成功
[02:09:27 INF] 【直播间】91164 的第 2 个心跳包发送成功
[02:09:28 INF] 【直播间】7184632 的第 2 个心跳包发送成功
[02:09:29 INF] 【直播间】929670 的第 2 个心跳包发送成功
[02:09:30 INF] 【直播间】23447660 的第 2 个心跳包发送成功
[02:09:32 INF] 【直播间】22764265 的第 2 个心跳包发送成功
[02:10:25 INF] 【直播间】23357926 的第 3 个心跳包发送成功
[02:10:26 INF] 【直播间】23040372 的第 3 个心跳包发送成功
[02:10:27 INF] 【直播间】31494 的第 3 个心跳包发送成功
[02:10:28 INF] 【直播间】4015781 的第 3 个心跳包发送成功
[02:10:30 INF] 【直播间】9619073 的第 3 个心跳包发送成功
[02:10:31 INF] 【直播间】407149 的第 3 个心跳包发送成功
[02:10:32 INF] 【直播间】11732699 的第 3 个心跳包发送成功
[02:10:33 INF] 【直播间】91164 的第 3 个心跳包发送成功
[02:10:35 INF] 【直播间】7184632 的第 3 个心跳包发送成功
[02:10:36 INF] 【直播间】929670 的第 3 个心跳包发送成功
[02:10:38 INF] 【直播间】23447660 的第 3 个心跳包发送成功
[02:10:39 INF] 【直播间】22764265 的第 3 个心跳包发送成功
[02:11:31 INF] 【直播间】23357926 的第 4 个心跳包发送成功
[02:11:32 INF] 【直播间】23040372 的第 4 个心跳包发送成功
[02:11:34 INF] 【直播间】31494 的第 4 个心跳包发送成功
[02:11:35 INF] 【直播间】4015781 的第 4 个心跳包发送成功
[02:11:37 INF] 【直播间】9619073 的第 4 个心跳包发送成功
[02:11:38 INF] 【直播间】407149 的第 4 个心跳包发送成功
[02:11:39 INF] 【直播间】11732699 的第 4 个心跳包发送成功
[02:11:40 INF] 【直播间】91164 的第 4 个心跳包发送成功
[02:11:42 INF] 【直播间】7184632 的第 4 个心跳包发送成功
[02:11:43 INF] 【直播间】929670 的第 4 个心跳包发送成功
[02:11:44 INF] 【直播间】23447660 的第 4 个心跳包发送成功
[02:11:45 INF] 【直播间】22764265 的第 4 个心跳包发送成功
[02:12:37 INF] 【直播间】23357926 的第 5 个心跳包发送成功
[02:12:39 INF] 【直播间】23040372 的第 5 个心跳包发送成功
[02:12:40 INF] 【直播间】31494 的第 5 个心跳包发送成功
[02:12:41 INF] 【直播间】4015781 的第 5 个心跳包发送成功
[02:12:43 INF] 【直播间】9619073 的第 5 个心跳包发送成功
[02:12:44 INF] 【直播间】407149 的第 5 个心跳包发送成功
[02:12:45 INF] 【直播间】11732699 的第 5 个心跳包发送成功
[02:12:47 INF] 【直播间】91164 的第 5 个心跳包发送成功
[02:12:48 INF] 【直播间】7184632 的第 5 个心跳包发送成功
[02:12:49 INF] 【直播间】929670 的第 5 个心跳包发送成功
[02:12:51 INF] 【直播间】23447660 的第 5 个心跳包发送成功
[02:12:52 INF] 【直播间】22764265 的第 5 个心跳包发送成功
[02:13:44 INF] 【直播间】23357926 的第 6 个心跳包发送成功
[02:13:45 INF] 【直播间】23040372 的第 6 个心跳包发送成功
[02:13:46 INF] 【直播间】31494 的第 6 个心跳包发送成功
[02:13:48 INF] 【直播间】4015781 的第 6 个心跳包发送成功
[02:13:49 INF] 【直播间】9619073 的第 6 个心跳包发送成功
[02:13:50 INF] 【直播间】407149 的第 6 个心跳包发送成功
[02:13:52 INF] 【直播间】11732699 的第 6 个心跳包发送成功
[02:13:53 INF] 【直播间】91164 的第 6 个心跳包发送成功
[02:13:54 INF] 【直播间】7184632 的第 6 个心跳包发送成功
[02:13:56 INF] 【直播间】929670 的第 6 个心跳包发送成功
[02:13:57 INF] 【直播间】23447660 的第 6 个心跳包发送成功
[02:13:58 INF] 【直播间】22764265 的第 6 个心跳包发送成功
[02:14:51 INF] 【直播间】23357926 的第 7 个心跳包发送成功
[02:14:52 INF] 【直播间】23040372 的第 7 个心跳包发送成功
[02:14:53 INF] 【直播间】31494 的第 7 个心跳包发送成功
[02:14:54 INF] 【直播间】4015781 的第 7 个心跳包发送成功
[02:14:55 INF] 【直播间】9619073 的第 7 个心跳包发送成功
[02:14:57 INF] 【直播间】407149 的第 7 个心跳包发送成功
[02:14:58 INF] 【直播间】11732699 的第 7 个心跳包发送成功
[02:14:59 INF] 【直播间】91164 的第 7 个心跳包发送成功
[02:15:01 INF] 【直播间】7184632 的第 7 个心跳包发送成功
[02:15:02 INF] 【直播间】929670 的第 7 个心跳包发送成功
[02:15:03 INF] 【直播间】23447660 的第 7 个心跳包发送成功
[02:15:05 INF] 【直播间】22764265 的第 7 个心跳包发送成功
[02:15:57 INF] 【直播间】23357926 的第 8 个心跳包发送成功
[02:15:58 INF] 【直播间】23040372 的第 8 个心跳包发送成功
[02:15:59 INF] 【直播间】31494 的第 8 个心跳包发送成功
[02:16:01 INF] 【直播间】4015781 的第 8 个心跳包发送成功
[02:16:02 INF] 【直播间】9619073 的第 8 个心跳包发送成功
[02:16:03 INF] 【直播间】407149 的第 8 个心跳包发送成功
[02:16:04 INF] 【直播间】11732699 的第 8 个心跳包发送成功
[02:16:06 INF] 【直播间】91164 的第 8 个心跳包发送成功
[02:16:07 INF] 【直播间】7184632 的第 8 个心跳包发送成功
[02:16:08 INF] 【直播间】929670 的第 8 个心跳包发送成功
[02:16:09 INF] 【直播间】23447660 的第 8 个心跳包发送成功
[02:16:11 INF] 【直播间】22764265 的第 8 个心跳包发送成功
[02:17:03 INF] 【直播间】23357926 的第 9 个心跳包发送成功
[02:17:05 INF] 【直播间】23040372 的第 9 个心跳包发送成功
[02:17:06 INF] 【直播间】31494 的第 9 个心跳包发送成功
[02:17:07 INF] 【直播间】4015781 的第 9 个心跳包发送成功
[02:17:08 INF] 【直播间】9619073 的第 9 个心跳包发送成功
[02:17:09 INF] 【直播间】407149 的第 9 个心跳包发送成功
[02:17:11 INF] 【直播间】11732699 的第 9 个心跳包发送成功
[02:17:12 INF] 【直播间】91164 的第 9 个心跳包发送成功
[02:17:13 INF] 【直播间】7184632 的第 9 个心跳包发送成功
[02:17:14 INF] 【直播间】929670 的第 9 个心跳包发送成功
[02:17:16 INF] 【直播间】23447660 的第 9 个心跳包发送成功
[02:17:17 INF] 【直播间】22764265 的第 9 个心跳包发送成功
[02:18:10 INF] 【直播间】23357926 的第 10 个心跳包发送成功
[02:18:11 INF] 【直播间】23040372 的第 10 个心跳包发送成功
[02:18:12 INF] 【直播间】31494 的第 10 个心跳包发送成功
[02:18:13 INF] 【直播间】4015781 的第 10 个心跳包发送成功
[02:18:15 INF] 【直播间】9619073 的第 10 个心跳包发送成功
[02:18:16 INF] 【直播间】407149 的第 10 个心跳包发送成功
[02:18:17 INF] 【直播间】11732699 的第 10 个心跳包发送成功
[02:18:18 INF] 【直播间】91164 的第 10 个心跳包发送成功
[02:18:19 INF] 【直播间】7184632 的第 10 个心跳包发送成功
[02:18:21 INF] 【直播间】929670 的第 10 个心跳包发送成功
[02:18:22 INF] 【直播间】23447660 的第 10 个心跳包发送成功
[02:18:23 INF] 【直播间】22764265 的第 10 个心跳包发送成功
[02:19:16 INF] 【直播间】23357926 的第 11 个心跳包发送成功
[02:19:17 INF] 【直播间】23040372 的第 11 个心跳包发送成功
[02:19:19 INF] 【直播间】31494 的第 11 个心跳包发送成功
[02:19:20 INF] 【直播间】4015781 的第 11 个心跳包发送成功
[02:19:21 INF] 【直播间】9619073 的第 11 个心跳包发送成功
[02:19:22 INF] 【直播间】407149 的第 11 个心跳包发送成功
[02:19:24 INF] 【直播间】11732699 的第 11 个心跳包发送成功
[02:19:25 INF] 【直播间】91164 的第 11 个心跳包发送成功
[02:19:26 INF] 【直播间】7184632 的第 11 个心跳包发送成功
[02:19:27 INF] 【直播间】929670 的第 11 个心跳包发送成功
[02:19:29 INF] 【直播间】23447660 的第 11 个心跳包发送成功
[02:19:30 INF] 【直播间】22764265 的第 11 个心跳包发送成功
[02:20:23 INF] 【直播间】23357926 的第 12 个心跳包发送成功
[02:20:24 INF] 【直播间】23040372 的第 12 个心跳包发送成功
[02:20:25 INF] 【直播间】31494 的第 12 个心跳包发送成功
[02:20:27 INF] 【直播间】4015781 的第 12 个心跳包发送成功
[02:20:28 INF] 【直播间】9619073 的第 12 个心跳包发送成功
[02:20:29 INF] 【直播间】407149 的第 12 个心跳包发送成功
[02:20:30 INF] 【直播间】11732699 的第 12 个心跳包发送成功
[02:20:32 INF] 【直播间】91164 的第 12 个心跳包发送成功
[02:20:33 INF] 【直播间】7184632 的第 12 个心跳包发送成功
[02:20:34 INF] 【直播间】929670 的第 12 个心跳包发送成功
[02:20:35 INF] 【直播间】23447660 的第 12 个心跳包发送成功
[02:20:37 INF] 【直播间】22764265 的第 12 个心跳包发送成功
[02:21:29 INF] 【直播间】23357926 的第 13 个心跳包发送成功
[02:21:30 INF] 【直播间】23040372 的第 13 个心跳包发送成功
[02:21:32 INF] 【直播间】31494 的第 13 个心跳包发送成功
[02:21:33 INF] 【直播间】4015781 的第 13 个心跳包发送成功
[02:21:34 INF] 【直播间】9619073 的第 13 个心跳包发送成功
[02:21:35 INF] 【直播间】407149 的第 13 个心跳包发送成功
[02:21:37 INF] 【直播间】11732699 的第 13 个心跳包发送成功
[02:21:38 INF] 【直播间】91164 的第 13 个心跳包发送成功
[02:21:39 INF] 【直播间】7184632 的第 13 个心跳包发送成功
[02:21:40 INF] 【直播间】929670 的第 13 个心跳包发送成功
[02:21:42 INF] 【直播间】23447660 的第 13 个心跳包发送成功
[02:21:43 INF] 【直播间】22764265 的第 13 个心跳包发送成功
[02:22:36 INF] 【直播间】23357926 的第 14 个心跳包发送成功
[02:22:37 INF] 【直播间】23040372 的第 14 个心跳包发送成功
[02:22:38 INF] 【直播间】31494 的第 14 个心跳包发送成功
[02:22:39 INF] 【直播间】4015781 的第 14 个心跳包发送成功
[02:22:41 INF] 【直播间】9619073 的第 14 个心跳包发送成功
[02:22:42 INF] 【直播间】407149 的第 14 个心跳包发送成功
[02:22:43 INF] 【直播间】11732699 的第 14 个心跳包发送成功
[02:22:45 INF] 【直播间】91164 的第 14 个心跳包发送成功
[02:22:46 INF] 【直播间】7184632 的第 14 个心跳包发送成功
[02:22:47 INF] 【直播间】929670 的第 14 个心跳包发送成功
[02:22:48 INF] 【直播间】23447660 的第 14 个心跳包发送成功
[02:22:49 INF] 【直播间】22764265 的第 14 个心跳包发送成功
[02:23:42 ERR] 【心跳包】直播间 23357926 发送失败
[02:23:42 ERR] 【原因】time check failed
[02:23:43 INF] 【直播间】23040372 的第 15 个心跳包发送成功
[02:23:45 INF] 【直播间】31494 的第 15 个心跳包发送成功
[02:23:46 ERR] 【心跳包】直播间 4015781 发送失败
[02:23:46 ERR] 【原因】time check failed
[02:23:47 ERR] 【心跳包】直播间 9619073 发送失败
[02:23:47 ERR] 【原因】time check failed
[02:23:48 INF] 【直播间】407149 的第 15 个心跳包发送成功
[02:23:49 INF] 【直播间】11732699 的第 15 个心跳包发送成功
[02:23:51 ERR] 【心跳包】直播间 91164 发送失败
[02:23:51 ERR] 【原因】time check failed
[02:23:52 INF] 【直播间】7184632 的第 15 个心跳包发送成功
[02:23:53 INF] 【直播间】929670 的第 15 个心跳包发送成功
[02:23:54 INF] 【直播间】23447660 的第 15 个心跳包发送成功
[02:23:56 INF] 【直播间】22764265 的第 15 个心跳包发送成功
[02:24:48 INF] 【直播间】23357926 的第 15 个心跳包发送成功
[02:24:50 ERR] 【心跳包】直播间 23040372 发送失败
[02:24:50 ERR] 【原因】time check failed
[02:24:51 ERR] 【心跳包】直播间 31494 发送失败
[02:24:51 ERR] 【原因】time check failed
[02:24:52 INF] 【直播间】4015781 的第 15 个心跳包发送成功
[02:24:53 INF] 【直播间】9619073 的第 15 个心跳包发送成功
[02:24:54 ERR] 【心跳包】直播间 407149 发送失败
[02:24:54 ERR] 【原因】time check failed
[02:24:56 ERR] 【心跳包】直播间 11732699 发送失败
[02:24:56 ERR] 【原因】time check failed
[02:24:57 INF] 【直播间】91164 的第 15 个心跳包发送成功
[02:24:58 ERR] 【心跳包】直播间 7184632 发送失败
[02:24:58 ERR] 【原因】time check failed
[02:24:59 ERR] 【心跳包】直播间 929670 发送失败
[02:24:59 ERR] 【原因】time check failed
[02:25:01 ERR] 【心跳包】直播间 23447660 发送失败
[02:25:01 ERR] 【原因】time check failed
[02:25:02 ERR] 【心跳包】直播间 22764265 发送失败
[02:25:02 ERR] 【原因】time check failed
[02:25:55 INF] 【直播间】23357926 的第 16 个心跳包发送成功
[02:25:56 INF] 【直播间】23040372 的第 16 个心跳包发送成功
[02:25:57 INF] 【直播间】31494 的第 16 个心跳包发送成功
[02:25:59 INF] 【直播间】4015781 的第 16 个心跳包发送成功
[02:26:00 INF] 【直播间】9619073 的第 16 个心跳包发送成功
[02:26:01 INF] 【直播间】407149 的第 16 个心跳包发送成功
[02:26:02 INF] 【直播间】11732699 的第 16 个心跳包发送成功
[02:26:04 INF] 【直播间】91164 的第 16 个心跳包发送成功
[02:26:05 INF] 【直播间】7184632 的第 16 个心跳包发送成功
[02:26:06 INF] 【直播间】929670 的第 16 个心跳包发送成功
[02:26:07 INF] 【直播间】23447660 的第 16 个心跳包发送成功
[02:26:09 INF] 【直播间】22764265 的第 16 个心跳包发送成功
[02:27:01 INF] 【直播间】23357926 的第 17 个心跳包发送成功
[02:27:02 INF] 【直播间】23040372 的第 17 个心跳包发送成功
[02:27:04 INF] 【直播间】31494 的第 17 个心跳包发送成功
[02:27:05 INF] 【直播间】4015781 的第 17 个心跳包发送成功
[02:27:06 INF] 【直播间】9619073 的第 17 个心跳包发送成功
[02:27:08 INF] 【直播间】407149 的第 17 个心跳包发送成功
[02:27:09 INF] 【直播间】11732699 的第 17 个心跳包发送成功
[02:27:10 INF] 【直播间】91164 的第 17 个心跳包发送成功
[02:27:12 INF] 【直播间】7184632 的第 17 个心跳包发送成功
[02:27:13 INF] 【直播间】929670 的第 17 个心跳包发送成功
[02:27:14 INF] 【直播间】23447660 的第 17 个心跳包发送成功
[02:27:15 INF] 【直播间】22764265 的第 17 个心跳包发送成功
[02:28:08 INF] 【直播间】23357926 的第 18 个心跳包发送成功
[02:28:09 INF] 【直播间】23040372 的第 18 个心跳包发送成功
[02:28:10 INF] 【直播间】31494 的第 18 个心跳包发送成功
[02:28:12 INF] 【直播间】4015781 的第 18 个心跳包发送成功
[02:28:13 INF] 【直播间】9619073 的第 18 个心跳包发送成功
[02:28:14 INF] 【直播间】407149 的第 18 个心跳包发送成功
[02:28:15 INF] 【直播间】11732699 的第 18 个心跳包发送成功
[02:28:17 INF] 【直播间】91164 的第 18 个心跳包发送成功
[02:28:18 INF] 【直播间】7184632 的第 18 个心跳包发送成功
[02:28:19 INF] 【直播间】929670 的第 18 个心跳包发送成功
[02:28:20 INF] 【直播间】23447660 的第 18 个心跳包发送成功
[02:28:22 INF] 【直播间】22764265 的第 18 个心跳包发送成功
[02:29:14 INF] 【直播间】23357926 的第 19 个心跳包发送成功
[02:29:15 INF] 【直播间】23040372 的第 19 个心跳包发送成功
[02:29:17 INF] 【直播间】31494 的第 19 个心跳包发送成功
[02:29:18 INF] 【直播间】4015781 的第 19 个心跳包发送成功
[02:29:19 INF] 【直播间】9619073 的第 19 个心跳包发送成功
[02:29:20 INF] 【直播间】407149 的第 19 个心跳包发送成功
[02:29:21 INF] 【直播间】11732699 的第 19 个心跳包发送成功
[02:29:23 INF] 【直播间】91164 的第 19 个心跳包发送成功
[02:29:24 INF] 【直播间】7184632 的第 19 个心跳包发送成功
[02:29:25 INF] 【直播间】929670 的第 19 个心跳包发送成功
[02:29:26 INF] 【直播间】23447660 的第 19 个心跳包发送成功
[02:29:28 INF] 【直播间】22764265 的第 19 个心跳包发送成功
[02:30:20 INF] 【直播间】23357926 的第 20 个心跳包发送成功
[02:30:22 INF] 【直播间】23040372 的第 20 个心跳包发送成功
[02:30:23 INF] 【直播间】31494 的第 20 个心跳包发送成功
[02:30:24 INF] 【直播间】4015781 的第 20 个心跳包发送成功
[02:30:25 INF] 【直播间】9619073 的第 20 个心跳包发送成功
[02:30:27 INF] 【直播间】407149 的第 20 个心跳包发送成功
[02:30:28 INF] 【直播间】11732699 的第 20 个心跳包发送成功
[02:30:29 INF] 【直播间】91164 的第 20 个心跳包发送成功
[02:30:30 INF] 【直播间】7184632 的第 20 个心跳包发送成功
[02:30:32 INF] 【直播间】929670 的第 20 个心跳包发送成功
[02:30:33 INF] 【直播间】23447660 的第 20 个心跳包发送成功
[02:30:34 INF] 【直播间】22764265 的第 20 个心跳包发送成功
[02:31:27 INF] 【直播间】23357926 的第 21 个心跳包发送成功
[02:31:28 INF] 【直播间】23040372 的第 21 个心跳包发送成功
[02:31:30 INF] 【直播间】31494 的第 21 个心跳包发送成功
[02:31:31 INF] 【直播间】4015781 的第 21 个心跳包发送成功
[02:31:32 INF] 【直播间】9619073 的第 21 个心跳包发送成功
[02:31:33 INF] 【直播间】407149 的第 21 个心跳包发送成功
[02:31:34 INF] 【直播间】11732699 的第 21 个心跳包发送成功
[02:31:36 INF] 【直播间】91164 的第 21 个心跳包发送成功
[02:31:37 INF] 【直播间】7184632 的第 21 个心跳包发送成功
[02:31:38 INF] 【直播间】929670 的第 21 个心跳包发送成功
[02:31:39 INF] 【直播间】23447660 的第 21 个心跳包发送成功
[02:31:41 INF] 【直播间】22764265 的第 21 个心跳包发送成功
[02:32:34 INF] 【直播间】23357926 的第 22 个心跳包发送成功
[02:32:35 INF] 【直播间】23040372 的第 22 个心跳包发送成功
[02:32:36 INF] 【直播间】31494 的第 22 个心跳包发送成功
[02:32:37 INF] 【直播间】4015781 的第 22 个心跳包发送成功
[02:32:38 INF] 【直播间】9619073 的第 22 个心跳包发送成功
[02:32:40 INF] 【直播间】407149 的第 22 个心跳包发送成功
[02:32:41 INF] 【直播间】11732699 的第 22 个心跳包发送成功
[02:32:42 INF] 【直播间】91164 的第 22 个心跳包发送成功
[02:32:43 INF] 【直播间】7184632 的第 22 个心跳包发送成功
[02:32:44 INF] 【直播间】929670 的第 22 个心跳包发送成功
[02:32:46 INF] 【直播间】23447660 的第 22 个心跳包发送成功
[02:32:47 INF] 【直播间】22764265 的第 22 个心跳包发送成功
[02:33:40 INF] 【直播间】23357926 的第 23 个心跳包发送成功
[02:33:42 INF] 【直播间】23040372 的第 23 个心跳包发送成功
[02:33:43 INF] 【直播间】31494 的第 23 个心跳包发送成功
[02:33:44 INF] 【直播间】4015781 的第 23 个心跳包发送成功
[02:33:46 INF] 【直播间】9619073 的第 23 个心跳包发送成功
[02:33:47 INF] 【直播间】407149 的第 23 个心跳包发送成功
[02:33:48 INF] 【直播间】11732699 的第 23 个心跳包发送成功
[02:33:49 INF] 【直播间】91164 的第 23 个心跳包发送成功
[02:33:51 INF] 【直播间】7184632 的第 23 个心跳包发送成功
[02:33:52 INF] 【直播间】929670 的第 23 个心跳包发送成功
[02:33:53 INF] 【直播间】23447660 的第 23 个心跳包发送成功
[02:33:54 INF] 【直播间】22764265 的第 23 个心跳包发送成功
[02:34:47 INF] 【直播间】23357926 的第 24 个心跳包发送成功
[02:34:48 INF] 【直播间】23040372 的第 24 个心跳包发送成功
[02:34:49 INF] 【直播间】31494 的第 24 个心跳包发送成功
[02:34:51 INF] 【直播间】4015781 的第 24 个心跳包发送成功
[02:34:52 INF] 【直播间】9619073 的第 24 个心跳包发送成功
[02:34:53 INF] 【直播间】407149 的第 24 个心跳包发送成功
[02:34:55 INF] 【直播间】11732699 的第 24 个心跳包发送成功
[02:34:56 INF] 【直播间】91164 的第 24 个心跳包发送成功
[02:34:57 INF] 【直播间】7184632 的第 24 个心跳包发送成功
[02:34:58 INF] 【直播间】929670 的第 24 个心跳包发送成功
[02:35:00 INF] 【直播间】23447660 的第 24 个心跳包发送成功
[02:35:01 INF] 【直播间】22764265 的第 24 个心跳包发送成功
[02:35:53 INF] 【直播间】23357926 的第 25 个心跳包发送成功
[02:35:55 INF] 【直播间】23040372 的第 25 个心跳包发送成功
[02:35:56 INF] 【直播间】31494 的第 25 个心跳包发送成功
[02:35:57 INF] 【直播间】4015781 的第 25 个心跳包发送成功
[02:35:58 INF] 【直播间】9619073 的第 25 个心跳包发送成功
[02:36:00 INF] 【直播间】407149 的第 25 个心跳包发送成功
[02:36:01 INF] 【直播间】11732699 的第 25 个心跳包发送成功
[02:36:02 INF] 【直播间】91164 的第 25 个心跳包发送成功
[02:36:03 INF] 【直播间】7184632 的第 25 个心跳包发送成功
[02:36:05 INF] 【直播间】929670 的第 25 个心跳包发送成功
[02:36:06 INF] 【直播间】23447660 的第 25 个心跳包发送成功
[02:36:07 INF] 【直播间】22764265 的第 25 个心跳包发送成功
[02:37:00 INF] 【直播间】23357926 的第 26 个心跳包发送成功
[02:37:01 INF] 【直播间】23040372 的第 26 个心跳包发送成功
[02:37:02 INF] 【直播间】31494 的第 26 个心跳包发送成功
[02:37:04 INF] 【直播间】4015781 的第 26 个心跳包发送成功
[02:37:05 INF] 【直播间】9619073 的第 26 个心跳包发送成功
[02:37:06 INF] 【直播间】407149 的第 26 个心跳包发送成功
[02:37:07 INF] 【直播间】11732699 的第 26 个心跳包发送成功
[02:37:09 INF] 【直播间】91164 的第 26 个心跳包发送成功
[02:37:10 INF] 【直播间】7184632 的第 26 个心跳包发送成功
[02:37:11 INF] 【直播间】929670 的第 26 个心跳包发送成功
[02:37:12 INF] 【直播间】23447660 的第 26 个心跳包发送成功
[02:37:14 INF] 【直播间】22764265 的第 26 个心跳包发送成功
[02:38:06 INF] 【直播间】23357926 的第 27 个心跳包发送成功
[02:38:07 INF] 【直播间】23040372 的第 27 个心跳包发送成功
[02:38:09 INF] 【直播间】31494 的第 27 个心跳包发送成功
[02:38:10 INF] 【直播间】4015781 的第 27 个心跳包发送成功
[02:38:11 INF] 【直播间】9619073 的第 27 个心跳包发送成功
[02:38:12 INF] 【直播间】407149 的第 27 个心跳包发送成功
[02:38:14 INF] 【直播间】11732699 的第 27 个心跳包发送成功
[02:38:15 INF] 【直播间】91164 的第 27 个心跳包发送成功
[02:38:16 INF] 【直播间】7184632 的第 27 个心跳包发送成功
[02:38:17 INF] 【直播间】929670 的第 27 个心跳包发送成功
[02:38:19 INF] 【直播间】23447660 的第 27 个心跳包发送成功
[02:38:20 INF] 【直播间】22764265 的第 27 个心跳包发送成功
[02:39:13 ERR] 【心跳包】直播间 23357926 发送失败
[02:39:13 ERR] 【原因】time check failed
[02:39:14 INF] 【直播间】23040372 的第 28 个心跳包发送成功
[02:39:15 INF] 【直播间】31494 的第 28 个心跳包发送成功
[02:39:16 INF] 【直播间】4015781 的第 28 个心跳包发送成功
[02:39:18 INF] 【直播间】9619073 的第 28 个心跳包发送成功
[02:39:19 INF] 【直播间】407149 的第 28 个心跳包发送成功
[02:39:20 INF] 【直播间】11732699 的第 28 个心跳包发送成功
[02:39:21 INF] 【直播间】91164 的第 28 个心跳包发送成功
[02:39:23 INF] 【直播间】7184632 的第 28 个心跳包发送成功
[02:39:24 INF] 【直播间】929670 的第 28 个心跳包发送成功
[02:39:25 INF] 【直播间】23447660 的第 28 个心跳包发送成功
[02:39:26 INF] 【直播间】22764265 的第 28 个心跳包发送成功
[02:40:19 INF] 【直播间】23357926 的第 28 个心跳包发送成功
[02:40:20 ERR] 【心跳包】直播间 23040372 发送失败
[02:40:20 ERR] 【原因】time check failed
[02:40:21 INF] 【直播间】31494 的第 29 个心跳包发送成功
[02:40:23 ERR] 【心跳包】直播间 4015781 发送失败
[02:40:23 ERR] 【原因】time check failed
[02:40:24 ERR] 【心跳包】直播间 9619073 发送失败
[02:40:24 ERR] 【原因】time check failed
[02:40:25 ERR] 【心跳包】直播间 407149 发送失败
[02:40:25 ERR] 【原因】time check failed
[02:40:26 ERR] 【心跳包】直播间 11732699 发送失败
[02:40:26 ERR] 【原因】time check failed
[02:40:27 ERR] 【心跳包】直播间 91164 发送失败
[02:40:27 ERR] 【原因】time check failed
[02:40:29 ERR] 【心跳包】直播间 7184632 发送失败
[02:40:29 ERR] 【原因】time check failed
[02:40:30 ERR] 【心跳包】直播间 929670 发送失败
[02:40:30 ERR] 【原因】time check failed
[02:40:31 INF] 【直播间】23447660 的第 29 个心跳包发送成功
[02:40:33 ERR] 【心跳包】直播间 22764265 发送失败
[02:40:33 ERR] 【原因】time check failed
[02:41:25 INF] 【直播间】23357926 的第 29 个心跳包发送成功
[02:41:27 INF] 【直播间】23040372 的第 29 个心跳包发送成功
[02:41:28 ERR] 【心跳包】直播间 31494 发送失败
[02:41:28 ERR] 【原因】time check failed
[02:41:29 INF] 【直播间】4015781 的第 29 个心跳包发送成功
[02:41:30 INF] 【直播间】9619073 的第 29 个心跳包发送成功
[02:41:31 INF] 【直播间】407149 的第 29 个心跳包发送成功
[02:41:33 INF] 【直播间】11732699 的第 29 个心跳包发送成功
[02:41:34 INF] 【直播间】91164 的第 29 个心跳包发送成功
[02:41:35 INF] 【直播间】7184632 的第 29 个心跳包发送成功
[02:41:37 INF] 【直播间】929670 的第 29 个心跳包发送成功
[02:41:38 ERR] 【心跳包】直播间 23447660 发送失败
[02:41:38 ERR] 【原因】time check failed
[02:41:39 INF] 【直播间】22764265 的第 29 个心跳包发送成功
[02:42:32 INF] 【直播间】23357926 的第 30 个心跳包发送成功
[02:42:33 INF] 【直播间】23040372 的第 30 个心跳包发送成功
[02:42:35 INF] 【直播间】31494 的第 30 个心跳包发送成功
[02:42:36 INF] 【直播间】4015781 的第 30 个心跳包发送成功
[02:42:37 INF] 【直播间】9619073 的第 30 个心跳包发送成功
[02:42:38 INF] 【直播间】407149 的第 30 个心跳包发送成功
[02:42:40 INF] 【直播间】11732699 的第 30 个心跳包发送成功
[02:42:41 INF] 【直播间】91164 的第 30 个心跳包发送成功
[02:42:42 INF] 【直播间】7184632 的第 30 个心跳包发送成功
[02:42:43 INF] 【直播间】929670 的第 30 个心跳包发送成功
[02:42:45 INF] 【直播间】23447660 的第 30 个心跳包发送成功
[02:42:46 INF] 【直播间】22764265 的第 30 个心跳包发送成功
[02:43:38 INF] 【直播间】23357926 的第 31 个心跳包发送成功
[02:43:40 INF] 【直播间】23040372 的第 31 个心跳包发送成功
[02:43:41 INF] 【直播间】31494 的第 31 个心跳包发送成功
[02:43:42 INF] 【直播间】4015781 的第 31 个心跳包发送成功
[02:43:43 INF] 【直播间】9619073 的第 31 个心跳包发送成功
[02:43:45 INF] 【直播间】407149 的第 31 个心跳包发送成功
[02:43:46 INF] 【直播间】11732699 的第 31 个心跳包发送成功
[02:43:47 INF] 【直播间】91164 的第 31 个心跳包发送成功
[02:43:49 INF] 【直播间】7184632 的第 31 个心跳包发送成功
[02:43:50 INF] 【直播间】929670 的第 31 个心跳包发送成功
[02:43:52 INF] 【直播间】23447660 的第 31 个心跳包发送成功
[02:43:53 INF] 【直播间】22764265 的第 31 个心跳包发送成功
[02:44:45 INF] 【直播间】23357926 的第 32 个心跳包发送成功
[02:44:46 INF] 【直播间】23040372 的第 32 个心跳包发送成功
[02:44:47 INF] 【直播间】31494 的第 32 个心跳包发送成功
[02:44:49 INF] 【直播间】4015781 的第 32 个心跳包发送成功
[02:44:50 INF] 【直播间】9619073 的第 32 个心跳包发送成功
[02:44:51 INF] 【直播间】407149 的第 32 个心跳包发送成功
[02:44:52 INF] 【直播间】11732699 的第 32 个心跳包发送成功
[02:44:54 INF] 【直播间】91164 的第 32 个心跳包发送成功
[02:44:55 INF] 【直播间】7184632 的第 32 个心跳包发送成功
[02:44:56 INF] 【直播间】929670 的第 32 个心跳包发送成功
[02:44:58 INF] 【直播间】23447660 的第 32 个心跳包发送成功
[02:44:59 INF] 【直播间】22764265 的第 32 个心跳包发送成功
[02:45:51 INF] 【直播间】23357926 的第 33 个心跳包发送成功
[02:45:53 INF] 【直播间】23040372 的第 33 个心跳包发送成功
[02:45:54 INF] 【直播间】31494 的第 33 个心跳包发送成功
[02:45:55 INF] 【直播间】4015781 的第 33 个心跳包发送成功
[02:45:56 INF] 【直播间】9619073 的第 33 个心跳包发送成功
[02:45:58 INF] 【直播间】407149 的第 33 个心跳包发送成功
[02:45:59 INF] 【直播间】11732699 的第 33 个心跳包发送成功
[02:46:00 INF] 【直播间】91164 的第 33 个心跳包发送成功
[02:46:01 INF] 【直播间】7184632 的第 33 个心跳包发送成功
[02:46:03 INF] 【直播间】929670 的第 33 个心跳包发送成功
[02:46:04 INF] 【直播间】23447660 的第 33 个心跳包发送成功
[02:46:06 INF] 【直播间】22764265 的第 33 个心跳包发送成功
[02:46:58 INF] 【直播间】23357926 的第 34 个心跳包发送成功
[02:46:59 INF] 【直播间】23040372 的第 34 个心跳包发送成功
[02:47:00 INF] 【直播间】31494 的第 34 个心跳包发送成功
[02:47:02 INF] 【直播间】4015781 的第 34 个心跳包发送成功
[02:47:03 INF] 【直播间】9619073 的第 34 个心跳包发送成功
[02:47:04 INF] 【直播间】407149 的第 34 个心跳包发送成功
[02:47:05 INF] 【直播间】11732699 的第 34 个心跳包发送成功
[02:47:06 INF] 【直播间】91164 的第 34 个心跳包发送成功
[02:47:08 INF] 【直播间】7184632 的第 34 个心跳包发送成功
[02:47:09 INF] 【直播间】929670 的第 34 个心跳包发送成功
[02:47:10 INF] 【直播间】23447660 的第 34 个心跳包发送成功
[02:47:12 INF] 【直播间】22764265 的第 34 个心跳包发送成功
[02:48:04 INF] 【直播间】23357926 的第 35 个心跳包发送成功
[02:48:06 INF] 【直播间】23040372 的第 35 个心跳包发送成功
[02:48:07 INF] 【直播间】31494 的第 35 个心跳包发送成功
[02:48:08 INF] 【直播间】4015781 的第 35 个心跳包发送成功
[02:48:09 INF] 【直播间】9619073 的第 35 个心跳包发送成功
[02:48:10 INF] 【直播间】407149 的第 35 个心跳包发送成功
[02:48:12 INF] 【直播间】11732699 的第 35 个心跳包发送成功
[02:48:13 INF] 【直播间】91164 的第 35 个心跳包发送成功
[02:48:14 INF] 【直播间】7184632 的第 35 个心跳包发送成功
[02:48:15 INF] 【直播间】929670 的第 35 个心跳包发送成功
[02:48:17 INF] 【直播间】23447660 的第 35 个心跳包发送成功
[02:48:18 INF] 【直播间】22764265 的第 35 个心跳包发送成功
[02:49:11 INF] 【直播间】23357926 的第 36 个心跳包发送成功
[02:49:12 INF] 【直播间】23040372 的第 36 个心跳包发送成功
[02:49:13 INF] 【直播间】31494 的第 36 个心跳包发送成功
[02:49:15 INF] 【直播间】4015781 的第 36 个心跳包发送成功
[02:49:16 INF] 【直播间】9619073 的第 36 个心跳包发送成功
[02:49:17 INF] 【直播间】407149 的第 36 个心跳包发送成功
[02:49:18 INF] 【直播间】11732699 的第 36 个心跳包发送成功
[02:49:19 INF] 【直播间】91164 的第 36 个心跳包发送成功
[02:49:21 INF] 【直播间】7184632 的第 36 个心跳包发送成功
[02:49:22 INF] 【直播间】929670 的第 36 个心跳包发送成功
[02:49:23 INF] 【直播间】23447660 的第 36 个心跳包发送成功
[02:49:24 INF] 【直播间】22764265 的第 36 个心跳包发送成功
[02:50:17 INF] 【直播间】23357926 的第 37 个心跳包发送成功
[02:50:18 INF] 【直播间】23040372 的第 37 个心跳包发送成功
[02:50:19 INF] 【直播间】31494 的第 37 个心跳包发送成功
[02:50:21 INF] 【直播间】4015781 的第 37 个心跳包发送成功
[02:50:22 INF] 【直播间】9619073 的第 37 个心跳包发送成功
[02:50:23 INF] 【直播间】407149 的第 37 个心跳包发送成功
[02:50:25 INF] 【直播间】11732699 的第 37 个心跳包发送成功
[02:50:26 INF] 【直播间】91164 的第 37 个心跳包发送成功
[02:50:27 INF] 【直播间】7184632 的第 37 个心跳包发送成功
[02:50:28 INF] 【直播间】929670 的第 37 个心跳包发送成功
[02:50:30 INF] 【直播间】23447660 的第 37 个心跳包发送成功
[02:50:31 INF] 【直播间】22764265 的第 37 个心跳包发送成功
[02:51:23 INF] 【直播间】23357926 的第 38 个心跳包发送成功
[02:51:25 INF] 【直播间】23040372 的第 38 个心跳包发送成功
[02:51:26 INF] 【直播间】31494 的第 38 个心跳包发送成功
[02:51:27 INF] 【直播间】4015781 的第 38 个心跳包发送成功
[02:51:28 INF] 【直播间】9619073 的第 38 个心跳包发送成功
[02:51:30 INF] 【直播间】407149 的第 38 个心跳包发送成功
[02:51:31 INF] 【直播间】11732699 的第 38 个心跳包发送成功
[02:51:32 INF] 【直播间】91164 的第 38 个心跳包发送成功
[02:51:33 INF] 【直播间】7184632 的第 38 个心跳包发送成功
[02:51:35 INF] 【直播间】929670 的第 38 个心跳包发送成功
[02:51:36 INF] 【直播间】23447660 的第 38 个心跳包发送成功
[02:51:37 INF] 【直播间】22764265 的第 38 个心跳包发送成功
[02:52:30 INF] 【直播间】23357926 的第 39 个心跳包发送成功
[02:52:31 INF] 【直播间】23040372 的第 39 个心跳包发送成功
[02:52:32 INF] 【直播间】31494 的第 39 个心跳包发送成功
[02:52:33 INF] 【直播间】4015781 的第 39 个心跳包发送成功
[02:52:35 INF] 【直播间】9619073 的第 39 个心跳包发送成功
[02:52:36 INF] 【直播间】407149 的第 39 个心跳包发送成功
[02:52:37 INF] 【直播间】11732699 的第 39 个心跳包发送成功
[02:52:38 INF] 【直播间】91164 的第 39 个心跳包发送成功
[02:52:40 INF] 【直播间】7184632 的第 39 个心跳包发送成功
[02:52:41 INF] 【直播间】929670 的第 39 个心跳包发送成功
[02:52:42 INF] 【直播间】23447660 的第 39 个心跳包发送成功
[02:52:44 INF] 【直播间】22764265 的第 39 个心跳包发送成功
[02:53:36 INF] 【直播间】23357926 的第 40 个心跳包发送成功
[02:53:38 INF] 【直播间】23040372 的第 40 个心跳包发送成功
[02:53:39 INF] 【直播间】31494 的第 40 个心跳包发送成功
[02:53:40 INF] 【直播间】4015781 的第 40 个心跳包发送成功
[02:53:41 INF] 【直播间】9619073 的第 40 个心跳包发送成功
[02:53:43 INF] 【直播间】407149 的第 40 个心跳包发送成功
[02:53:44 INF] 【直播间】11732699 的第 40 个心跳包发送成功
[02:53:45 INF] 【直播间】91164 的第 40 个心跳包发送成功
[02:53:46 INF] 【直播间】7184632 的第 40 个心跳包发送成功
[02:53:47 INF] 【直播间】929670 的第 40 个心跳包发送成功
[02:53:49 INF] 【直播间】23447660 的第 40 个心跳包发送成功
[02:53:50 INF] 【直播间】22764265 的第 40 个心跳包发送成功
[02:54:43 INF] 【直播间】23357926 的第 41 个心跳包发送成功
[02:54:44 INF] 【直播间】23040372 的第 41 个心跳包发送成功
[02:54:45 INF] 【直播间】31494 的第 41 个心跳包发送成功
[02:54:46 INF] 【直播间】4015781 的第 41 个心跳包发送成功
[02:54:48 INF] 【直播间】9619073 的第 41 个心跳包发送成功
[02:54:49 INF] 【直播间】407149 的第 41 个心跳包发送成功
[02:54:50 INF] 【直播间】11732699 的第 41 个心跳包发送成功
[02:54:51 INF] 【直播间】91164 的第 41 个心跳包发送成功
[02:54:53 INF] 【直播间】7184632 的第 41 个心跳包发送成功
[02:54:54 INF] 【直播间】929670 的第 41 个心跳包发送成功
[02:54:55 INF] 【直播间】23447660 的第 41 个心跳包发送成功
[02:54:56 INF] 【直播间】22764265 的第 41 个心跳包发送成功
[02:55:49 ERR] 【心跳包】直播间 23357926 发送失败
[02:55:49 ERR] 【原因】time check failed
[02:55:50 INF] 【直播间】23040372 的第 42 个心跳包发送成功
[02:55:51 INF] 【直播间】31494 的第 42 个心跳包发送成功
[02:55:53 INF] 【直播间】4015781 的第 42 个心跳包发送成功
[02:55:54 INF] 【直播间】9619073 的第 42 个心跳包发送成功
[02:55:55 INF] 【直播间】407149 的第 42 个心跳包发送成功
[02:55:56 INF] 【直播间】11732699 的第 42 个心跳包发送成功
[02:55:57 INF] 【直播间】91164 的第 42 个心跳包发送成功
[02:55:59 INF] 【直播间】7184632 的第 42 个心跳包发送成功
[02:56:00 INF] 【直播间】929670 的第 42 个心跳包发送成功
[02:56:01 INF] 【直播间】23447660 的第 42 个心跳包发送成功
[02:56:03 INF] 【直播间】22764265 的第 42 个心跳包发送成功
[02:56:55 INF] 【直播间】23357926 的第 42 个心跳包发送成功
[02:56:57 ERR] 【心跳包】直播间 23040372 发送失败
[02:56:57 ERR] 【原因】time check failed
[02:56:58 INF] 【直播间】31494 的第 43 个心跳包发送成功
[02:56:59 ERR] 【心跳包】直播间 4015781 发送失败
[02:56:59 ERR] 【原因】time check failed
[02:57:00 ERR] 【心跳包】直播间 9619073 发送失败
[02:57:00 ERR] 【原因】time check failed
[02:57:02 ERR] 【心跳包】直播间 407149 发送失败
[02:57:02 ERR] 【原因】time check failed
[02:57:03 ERR] 【心跳包】直播间 11732699 发送失败
[02:57:03 ERR] 【原因】time check failed
[02:57:04 ERR] 【心跳包】直播间 91164 发送失败
[02:57:04 ERR] 【原因】time check failed
[02:57:05 ERR] 【心跳包】直播间 7184632 发送失败
[02:57:05 ERR] 【原因】time check failed
[02:57:07 ERR] 【心跳包】直播间 929670 发送失败
[02:57:07 ERR] 【原因】time check failed
[02:57:08 INF] 【直播间】23447660 的第 43 个心跳包发送成功
[02:57:09 ERR] 【心跳包】直播间 22764265 发送失败
[02:57:09 ERR] 【原因】time check failed
[02:58:02 INF] 【直播间】23357926 的第 43 个心跳包发送成功
[02:58:03 INF] 【直播间】23040372 的第 43 个心跳包发送成功
[02:58:04 ERR] 【心跳包】直播间 31494 发送失败
[02:58:04 ERR] 【原因】time check failed
[02:58:06 INF] 【直播间】4015781 的第 43 个心跳包发送成功
[02:58:07 INF] 【直播间】9619073 的第 43 个心跳包发送成功
[02:58:08 INF] 【直播间】407149 的第 43 个心跳包发送成功
[02:58:09 INF] 【直播间】11732699 的第 43 个心跳包发送成功
[02:58:10 INF] 【直播间】91164 的第 43 个心跳包发送成功
[02:58:12 INF] 【直播间】7184632 的第 43 个心跳包发送成功
[02:58:13 INF] 【直播间】929670 的第 43 个心跳包发送成功
[02:58:14 ERR] 【心跳包】直播间 23447660 发送失败
[02:58:14 ERR] 【原因】time check failed
[02:58:15 INF] 【直播间】22764265 的第 43 个心跳包发送成功
[02:59:08 INF] 【直播间】23357926 的第 44 个心跳包发送成功
[02:59:09 INF] 【直播间】23040372 的第 44 个心跳包发送成功
[02:59:11 INF] 【直播间】31494 的第 44 个心跳包发送成功
[02:59:12 INF] 【直播间】4015781 的第 44 个心跳包发送成功
[02:59:13 INF] 【直播间】9619073 的第 44 个心跳包发送成功
[02:59:14 INF] 【直播间】407149 的第 44 个心跳包发送成功
[02:59:16 INF] 【直播间】11732699 的第 44 个心跳包发送成功
[02:59:17 INF] 【直播间】91164 的第 44 个心跳包发送成功
[02:59:18 INF] 【直播间】7184632 的第 44 个心跳包发送成功
[02:59:19 INF] 【直播间】929670 的第 44 个心跳包发送成功
[02:59:20 INF] 【直播间】23447660 的第 44 个心跳包发送成功
[02:59:22 INF] 【直播间】22764265 的第 44 个心跳包发送成功
[03:00:15 INF] 【直播间】23357926 的第 45 个心跳包发送成功
[03:00:16 INF] 【直播间】23040372 的第 45 个心跳包发送成功
[03:00:17 INF] 【直播间】31494 的第 45 个心跳包发送成功
[03:00:18 INF] 【直播间】4015781 的第 45 个心跳包发送成功
[03:00:20 INF] 【直播间】9619073 的第 45 个心跳包发送成功
[03:00:21 INF] 【直播间】407149 的第 45 个心跳包发送成功
[03:00:22 INF] 【直播间】11732699 的第 45 个心跳包发送成功
[03:00:23 INF] 【直播间】91164 的第 45 个心跳包发送成功
[03:00:24 INF] 【直播间】7184632 的第 45 个心跳包发送成功
[03:00:26 INF] 【直播间】929670 的第 45 个心跳包发送成功
[03:00:27 INF] 【直播间】23447660 的第 45 个心跳包发送成功
[03:00:28 INF] 【直播间】22764265 的第 45 个心跳包发送成功
[03:01:21 INF] 【直播间】23357926 的第 46 个心跳包发送成功
[03:01:22 INF] 【直播间】23040372 的第 46 个心跳包发送成功
[03:01:23 INF] 【直播间】31494 的第 46 个心跳包发送成功
[03:01:25 INF] 【直播间】4015781 的第 46 个心跳包发送成功
[03:01:26 INF] 【直播间】9619073 的第 46 个心跳包发送成功
[03:01:27 INF] 【直播间】407149 的第 46 个心跳包发送成功
[03:01:28 INF] 【直播间】11732699 的第 46 个心跳包发送成功
[03:01:29 INF] 【直播间】91164 的第 46 个心跳包发送成功
[03:01:31 INF] 【直播间】7184632 的第 46 个心跳包发送成功
[03:01:32 INF] 【直播间】929670 的第 46 个心跳包发送成功
[03:01:33 INF] 【直播间】23447660 的第 46 个心跳包发送成功
[03:01:34 INF] 【直播间】22764265 的第 46 个心跳包发送成功
[03:02:27 INF] 【直播间】23357926 的第 47 个心跳包发送成功
[03:02:29 INF] 【直播间】23040372 的第 47 个心跳包发送成功
[03:02:30 INF] 【直播间】31494 的第 47 个心跳包发送成功
[03:02:31 INF] 【直播间】4015781 的第 47 个心跳包发送成功
[03:02:32 INF] 【直播间】9619073 的第 47 个心跳包发送成功
[03:02:34 INF] 【直播间】407149 的第 47 个心跳包发送成功
[03:02:35 INF] 【直播间】11732699 的第 47 个心跳包发送成功
[03:02:36 INF] 【直播间】91164 的第 47 个心跳包发送成功
[03:02:37 INF] 【直播间】7184632 的第 47 个心跳包发送成功
[03:02:39 INF] 【直播间】929670 的第 47 个心跳包发送成功
[03:02:40 INF] 【直播间】23447660 的第 47 个心跳包发送成功
[03:02:41 INF] 【直播间】22764265 的第 47 个心跳包发送成功
[03:03:34 INF] 【直播间】23357926 的第 48 个心跳包发送成功
[03:03:35 INF] 【直播间】23040372 的第 48 个心跳包发送成功
[03:03:36 INF] 【直播间】31494 的第 48 个心跳包发送成功
[03:03:37 INF] 【直播间】4015781 的第 48 个心跳包发送成功
[03:03:39 INF] 【直播间】9619073 的第 48 个心跳包发送成功
[03:03:40 INF] 【直播间】407149 的第 48 个心跳包发送成功
[03:03:41 INF] 【直播间】11732699 的第 48 个心跳包发送成功
[03:03:42 INF] 【直播间】91164 的第 48 个心跳包发送成功
[03:03:44 INF] 【直播间】7184632 的第 48 个心跳包发送成功
[03:03:45 INF] 【直播间】929670 的第 48 个心跳包发送成功
[03:03:46 INF] 【直播间】23447660 的第 48 个心跳包发送成功
[03:03:47 INF] 【直播间】22764265 的第 48 个心跳包发送成功
[03:04:40 INF] 【直播间】23357926 的第 49 个心跳包发送成功
[03:04:41 INF] 【直播间】23040372 的第 49 个心跳包发送成功
[03:04:43 INF] 【直播间】31494 的第 49 个心跳包发送成功
[03:04:44 INF] 【直播间】4015781 的第 49 个心跳包发送成功
[03:04:45 INF] 【直播间】9619073 的第 49 个心跳包发送成功
[03:04:47 INF] 【直播间】407149 的第 49 个心跳包发送成功
[03:04:48 INF] 【直播间】11732699 的第 49 个心跳包发送成功
[03:04:49 INF] 【直播间】91164 的第 49 个心跳包发送成功
[03:04:50 INF] 【直播间】7184632 的第 49 个心跳包发送成功
[03:04:51 INF] 【直播间】929670 的第 49 个心跳包发送成功
[03:04:53 INF] 【直播间】23447660 的第 49 个心跳包发送成功
[03:04:54 INF] 【直播间】22764265 的第 49 个心跳包发送成功
[03:05:47 INF] 【直播间】23357926 的第 50 个心跳包发送成功
[03:05:48 INF] 【直播间】23040372 的第 50 个心跳包发送成功
[03:05:49 INF] 【直播间】31494 的第 50 个心跳包发送成功
[03:05:51 INF] 【直播间】4015781 的第 50 个心跳包发送成功
[03:05:52 INF] 【直播间】9619073 的第 50 个心跳包发送成功
[03:05:53 INF] 【直播间】407149 的第 50 个心跳包发送成功
[03:05:54 INF] 【直播间】11732699 的第 50 个心跳包发送成功
[03:05:56 INF] 【直播间】91164 的第 50 个心跳包发送成功
[03:05:57 INF] 【直播间】7184632 的第 50 个心跳包发送成功
[03:05:58 INF] 【直播间】929670 的第 50 个心跳包发送成功
[03:05:59 INF] 【直播间】23447660 的第 50 个心跳包发送成功
[03:06:00 INF] 【直播间】22764265 的第 50 个心跳包发送成功
[03:06:53 INF] 【直播间】23357926 的第 51 个心跳包发送成功
[03:06:54 INF] 【直播间】23040372 的第 51 个心跳包发送成功
[03:06:56 INF] 【直播间】31494 的第 51 个心跳包发送成功
[03:06:57 INF] 【直播间】4015781 的第 51 个心跳包发送成功
[03:06:58 INF] 【直播间】9619073 的第 51 个心跳包发送成功
[03:06:59 INF] 【直播间】407149 的第 51 个心跳包发送成功
[03:07:01 INF] 【直播间】11732699 的第 51 个心跳包发送成功
[03:07:02 INF] 【直播间】91164 的第 51 个心跳包发送成功
[03:07:03 INF] 【直播间】7184632 的第 51 个心跳包发送成功
[03:07:04 INF] 【直播间】929670 的第 51 个心跳包发送成功
[03:07:05 INF] 【直播间】23447660 的第 51 个心跳包发送成功
[03:07:07 INF] 【直播间】22764265 的第 51 个心跳包发送成功
[03:07:59 INF] 【直播间】23357926 的第 52 个心跳包发送成功
[03:08:01 INF] 【直播间】23040372 的第 52 个心跳包发送成功
[03:08:02 INF] 【直播间】31494 的第 52 个心跳包发送成功
[03:08:03 INF] 【直播间】4015781 的第 52 个心跳包发送成功
[03:08:05 INF] 【直播间】9619073 的第 52 个心跳包发送成功
[03:08:06 INF] 【直播间】407149 的第 52 个心跳包发送成功
[03:08:07 INF] 【直播间】11732699 的第 52 个心跳包发送成功
[03:08:08 INF] 【直播间】91164 的第 52 个心跳包发送成功
[03:08:10 INF] 【直播间】7184632 的第 52 个心跳包发送成功
[03:08:11 INF] 【直播间】929670 的第 52 个心跳包发送成功
[03:08:12 INF] 【直播间】23447660 的第 52 个心跳包发送成功
[03:08:13 INF] 【直播间】22764265 的第 52 个心跳包发送成功
[03:09:06 INF] 【直播间】23357926 的第 53 个心跳包发送成功
[03:09:07 INF] 【直播间】23040372 的第 53 个心跳包发送成功
[03:09:08 INF] 【直播间】31494 的第 53 个心跳包发送成功
[03:09:10 INF] 【直播间】4015781 的第 53 个心跳包发送成功
[03:09:11 INF] 【直播间】9619073 的第 53 个心跳包发送成功
[03:09:12 INF] 【直播间】407149 的第 53 个心跳包发送成功
[03:09:13 INF] 【直播间】11732699 的第 53 个心跳包发送成功
[03:09:15 INF] 【直播间】91164 的第 53 个心跳包发送成功
[03:09:16 INF] 【直播间】7184632 的第 53 个心跳包发送成功
[03:09:17 INF] 【直播间】929670 的第 53 个心跳包发送成功
[03:09:18 INF] 【直播间】23447660 的第 53 个心跳包发送成功
[03:09:20 INF] 【直播间】22764265 的第 53 个心跳包发送成功
[03:10:12 INF] 【直播间】23357926 的第 54 个心跳包发送成功
[03:10:14 INF] 【直播间】23040372 的第 54 个心跳包发送成功
[03:10:15 INF] 【直播间】31494 的第 54 个心跳包发送成功
[03:10:16 INF] 【直播间】4015781 的第 54 个心跳包发送成功
[03:10:17 INF] 【直播间】9619073 的第 54 个心跳包发送成功
[03:10:19 INF] 【直播间】407149 的第 54 个心跳包发送成功
[03:10:20 INF] 【直播间】11732699 的第 54 个心跳包发送成功
[03:10:21 INF] 【直播间】91164 的第 54 个心跳包发送成功
[03:10:22 INF] 【直播间】7184632 的第 54 个心跳包发送成功
[03:10:24 INF] 【直播间】929670 的第 54 个心跳包发送成功
[03:10:25 INF] 【直播间】23447660 的第 54 个心跳包发送成功
[03:10:26 INF] 【直播间】22764265 的第 54 个心跳包发送成功
[03:11:19 INF] 【直播间】23357926 的第 55 个心跳包发送成功
[03:11:20 INF] 【直播间】23040372 的第 55 个心跳包发送成功
[03:11:21 INF] 【直播间】31494 的第 55 个心跳包发送成功
[03:11:22 INF] 【直播间】4015781 的第 55 个心跳包发送成功
[03:11:24 INF] 【直播间】9619073 的第 55 个心跳包发送成功
[03:11:25 INF] 【直播间】407149 的第 55 个心跳包发送成功
[03:11:26 INF] 【直播间】11732699 的第 55 个心跳包发送成功
[03:11:27 INF] 【直播间】91164 的第 55 个心跳包发送成功
[03:11:29 INF] 【直播间】7184632 的第 55 个心跳包发送成功
[03:11:30 INF] 【直播间】929670 的第 55 个心跳包发送成功
[03:11:31 INF] 【直播间】23447660 的第 55 个心跳包发送成功
[03:11:32 INF] 【直播间】22764265 的第 55 个心跳包发送成功
[03:12:25 ERR] 【心跳包】直播间 23357926 发送失败
[03:12:25 ERR] 【原因】time check failed
[03:12:26 INF] 【直播间】23040372 的第 56 个心跳包发送成功
[03:12:28 INF] 【直播间】31494 的第 56 个心跳包发送成功
[03:12:29 INF] 【直播间】4015781 的第 56 个心跳包发送成功
[03:12:30 INF] 【直播间】9619073 的第 56 个心跳包发送成功
[03:12:31 INF] 【直播间】407149 的第 56 个心跳包发送成功
[03:12:33 INF] 【直播间】11732699 的第 56 个心跳包发送成功
[03:12:34 INF] 【直播间】91164 的第 56 个心跳包发送成功
[03:12:35 INF] 【直播间】7184632 的第 56 个心跳包发送成功
[03:12:36 INF] 【直播间】929670 的第 56 个心跳包发送成功
[03:12:38 INF] 【直播间】23447660 的第 56 个心跳包发送成功
[03:12:39 INF] 【直播间】22764265 的第 56 个心跳包发送成功
[03:13:32 INF] 【直播间】23357926 的第 56 个心跳包发送成功
[03:13:33 ERR] 【心跳包】直播间 23040372 发送失败
[03:13:33 ERR] 【原因】time check failed
[03:13:34 INF] 【直播间】31494 的第 57 个心跳包发送成功
[03:13:35 ERR] 【心跳包】直播间 4015781 发送失败
[03:13:35 ERR] 【原因】time check failed
[03:13:37 ERR] 【心跳包】直播间 9619073 发送失败
[03:13:37 ERR] 【原因】time check failed
[03:13:38 ERR] 【心跳包】直播间 407149 发送失败
[03:13:38 ERR] 【原因】time check failed
[03:13:39 ERR] 【心跳包】直播间 11732699 发送失败
[03:13:39 ERR] 【原因】time check failed
[03:13:40 ERR] 【心跳包】直播间 91164 发送失败
[03:13:40 ERR] 【原因】time check failed
[03:13:42 ERR] 【心跳包】直播间 7184632 发送失败
[03:13:42 ERR] 【原因】time check failed
[03:13:43 ERR] 【心跳包】直播间 929670 发送失败
[03:13:43 ERR] 【原因】time check failed
[03:13:44 INF] 【直播间】23447660 的第 57 个心跳包发送成功
[03:13:45 ERR] 【心跳包】直播间 22764265 发送失败
[03:13:45 ERR] 【原因】time check failed
[03:14:38 INF] 【直播间】23357926 的第 57 个心跳包发送成功
[03:14:39 INF] 【直播间】23040372 的第 57 个心跳包发送成功
[03:14:41 ERR] 【心跳包】直播间 31494 发送失败
[03:14:41 ERR] 【原因】time check failed
[03:14:42 INF] 【直播间】4015781 的第 57 个心跳包发送成功
[03:14:43 INF] 【直播间】9619073 的第 57 个心跳包发送成功
[03:14:44 INF] 【直播间】407149 的第 57 个心跳包发送成功
[03:14:46 INF] 【直播间】11732699 的第 57 个心跳包发送成功
[03:14:47 INF] 【直播间】91164 的第 57 个心跳包发送成功
[03:14:48 INF] 【直播间】7184632 的第 57 个心跳包发送成功
[03:14:50 INF] 【直播间】929670 的第 57 个心跳包发送成功
[03:14:51 ERR] 【心跳包】直播间 23447660 发送失败
[03:14:51 ERR] 【原因】time check failed
[03:14:52 INF] 【直播间】22764265 的第 57 个心跳包发送成功
[03:15:45 INF] 【直播间】23357926 的第 58 个心跳包发送成功
[03:15:46 INF] 【直播间】23040372 的第 58 个心跳包发送成功
[03:15:48 INF] 【直播间】31494 的第 58 个心跳包发送成功
[03:15:49 INF] 【直播间】4015781 的第 58 个心跳包发送成功
[03:15:50 INF] 【直播间】9619073 的第 58 个心跳包发送成功
[03:15:52 INF] 【直播间】407149 的第 58 个心跳包发送成功
[03:15:53 INF] 【直播间】11732699 的第 58 个心跳包发送成功
[03:15:54 INF] 【直播间】91164 的第 58 个心跳包发送成功
[03:15:55 INF] 【直播间】7184632 的第 58 个心跳包发送成功
[03:15:57 INF] 【直播间】929670 的第 58 个心跳包发送成功
[03:15:58 INF] 【直播间】23447660 的第 58 个心跳包发送成功
[03:15:59 INF] 【直播间】22764265 的第 58 个心跳包发送成功
[03:16:51 INF] 【直播间】23357926 的第 59 个心跳包发送成功
[03:16:52 INF] 【直播间】23040372 的第 59 个心跳包发送成功
[03:16:54 INF] 【直播间】31494 的第 59 个心跳包发送成功
[03:16:55 INF] 【直播间】4015781 的第 59 个心跳包发送成功
[03:16:57 INF] 【直播间】9619073 的第 59 个心跳包发送成功
[03:16:58 INF] 【直播间】407149 的第 59 个心跳包发送成功
[03:16:59 INF] 【直播间】11732699 的第 59 个心跳包发送成功
[03:17:00 INF] 【直播间】91164 的第 59 个心跳包发送成功
[03:17:02 INF] 【直播间】7184632 的第 59 个心跳包发送成功
[03:17:03 INF] 【直播间】929670 的第 59 个心跳包发送成功
[03:17:04 INF] 【直播间】23447660 的第 59 个心跳包发送成功
[03:17:05 INF] 【直播间】22764265 的第 59 个心跳包发送成功
[03:17:58 INF] 【直播间】23357926 的第 60 个心跳包发送成功
[03:17:59 INF] 【直播间】23040372 的第 60 个心跳包发送成功
[03:18:00 INF] 【直播间】31494 的第 60 个心跳包发送成功
[03:18:01 INF] 【直播间】4015781 的第 60 个心跳包发送成功
[03:18:03 INF] 【直播间】9619073 的第 60 个心跳包发送成功
[03:18:04 INF] 【直播间】407149 的第 60 个心跳包发送成功
[03:18:05 INF] 【直播间】11732699 的第 60 个心跳包发送成功
[03:18:07 INF] 【直播间】91164 的第 60 个心跳包发送成功
[03:18:08 INF] 【直播间】7184632 的第 60 个心跳包发送成功
[03:18:09 INF] 【直播间】929670 的第 60 个心跳包发送成功
[03:18:10 INF] 【直播间】23447660 的第 60 个心跳包发送成功
[03:18:12 INF] 【直播间】22764265 的第 60 个心跳包发送成功
[03:19:04 INF] 【直播间】23357926 的第 61 个心跳包发送成功
[03:19:05 INF] 【直播间】23040372 的第 61 个心跳包发送成功
[03:19:07 INF] 【直播间】31494 的第 61 个心跳包发送成功
[03:19:08 INF] 【直播间】4015781 的第 61 个心跳包发送成功
[03:19:09 INF] 【直播间】9619073 的第 61 个心跳包发送成功
[03:19:10 INF] 【直播间】407149 的第 61 个心跳包发送成功
[03:19:12 INF] 【直播间】11732699 的第 61 个心跳包发送成功
[03:19:13 INF] 【直播间】91164 的第 61 个心跳包发送成功
[03:19:14 INF] 【直播间】7184632 的第 61 个心跳包发送成功
[03:19:15 INF] 【直播间】929670 的第 61 个心跳包发送成功
[03:19:17 INF] 【直播间】23447660 的第 61 个心跳包发送成功
[03:19:18 INF] 【直播间】22764265 的第 61 个心跳包发送成功
[03:20:11 INF] 【直播间】23357926 的第 62 个心跳包发送成功
[03:20:12 INF] 【直播间】23040372 的第 62 个心跳包发送成功
[03:20:13 INF] 【直播间】31494 的第 62 个心跳包发送成功
[03:20:14 INF] 【直播间】4015781 的第 62 个心跳包发送成功
[03:20:16 INF] 【直播间】9619073 的第 62 个心跳包发送成功
[03:20:17 INF] 【直播间】407149 的第 62 个心跳包发送成功
[03:20:18 INF] 【直播间】11732699 的第 62 个心跳包发送成功
[03:20:19 INF] 【直播间】91164 的第 62 个心跳包发送成功
[03:20:21 INF] 【直播间】7184632 的第 62 个心跳包发送成功
[03:20:22 INF] 【直播间】929670 的第 62 个心跳包发送成功
[03:20:23 INF] 【直播间】23447660 的第 62 个心跳包发送成功
[03:20:24 INF] 【直播间】22764265 的第 62 个心跳包发送成功
[03:21:17 INF] 【直播间】23357926 的第 63 个心跳包发送成功
[03:21:18 INF] 【直播间】23040372 的第 63 个心跳包发送成功
[03:21:20 INF] 【直播间】31494 的第 63 个心跳包发送成功
[03:21:21 INF] 【直播间】4015781 的第 63 个心跳包发送成功
[03:21:22 INF] 【直播间】9619073 的第 63 个心跳包发送成功
[03:21:23 INF] 【直播间】407149 的第 63 个心跳包发送成功
[03:21:25 INF] 【直播间】11732699 的第 63 个心跳包发送成功
[03:21:26 INF] 【直播间】91164 的第 63 个心跳包发送成功
[03:21:27 INF] 【直播间】7184632 的第 63 个心跳包发送成功
[03:21:28 INF] 【直播间】929670 的第 63 个心跳包发送成功
[03:21:29 INF] 【直播间】23447660 的第 63 个心跳包发送成功
[03:21:31 INF] 【直播间】22764265 的第 63 个心跳包发送成功
[03:22:24 INF] 【直播间】23357926 的第 64 个心跳包发送成功
[03:22:25 INF] 【直播间】23040372 的第 64 个心跳包发送成功
[03:22:26 INF] 【直播间】31494 的第 64 个心跳包发送成功
[03:22:27 INF] 【直播间】4015781 的第 64 个心跳包发送成功
[03:22:29 INF] 【直播间】9619073 的第 64 个心跳包发送成功
[03:22:30 INF] 【直播间】407149 的第 64 个心跳包发送成功
[03:22:31 INF] 【直播间】11732699 的第 64 个心跳包发送成功
[03:22:33 INF] 【直播间】91164 的第 64 个心跳包发送成功
[03:22:34 INF] 【直播间】7184632 的第 64 个心跳包发送成功
[03:22:35 INF] 【直播间】929670 的第 64 个心跳包发送成功
[03:22:36 INF] 【直播间】23447660 的第 64 个心跳包发送成功
[03:22:38 INF] 【直播间】22764265 的第 64 个心跳包发送成功
[03:23:30 INF] 【直播间】23357926 的第 65 个心跳包发送成功
[03:23:31 INF] 【直播间】23040372 的第 65 个心跳包发送成功
[03:23:33 INF] 【直播间】31494 的第 65 个心跳包发送成功
[03:23:34 INF] 【直播间】4015781 的第 65 个心跳包发送成功
[03:23:35 INF] 【直播间】9619073 的第 65 个心跳包发送成功
[03:23:37 INF] 【直播间】407149 的第 65 个心跳包发送成功
[03:23:38 INF] 【直播间】11732699 的第 65 个心跳包发送成功
[03:23:39 INF] 【直播间】91164 的第 65 个心跳包发送成功
[03:23:40 INF] 【直播间】7184632 的第 65 个心跳包发送成功
[03:23:42 INF] 【直播间】929670 的第 65 个心跳包发送成功
[03:23:43 INF] 【直播间】23447660 的第 65 个心跳包发送成功
[03:23:44 INF] 【直播间】22764265 的第 65 个心跳包发送成功
[03:24:36 INF] 【直播间】23357926 的第 66 个心跳包发送成功
[03:24:38 INF] 【直播间】23040372 的第 66 个心跳包发送成功
[03:24:39 INF] 【直播间】31494 的第 66 个心跳包发送成功
[03:24:40 INF] 【直播间】4015781 的第 66 个心跳包发送成功
[03:24:42 INF] 【直播间】9619073 的第 66 个心跳包发送成功
[03:24:43 INF] 【直播间】407149 的第 66 个心跳包发送成功
[03:24:44 INF] 【直播间】11732699 的第 66 个心跳包发送成功
[03:24:45 INF] 【直播间】91164 的第 66 个心跳包发送成功
[03:24:47 INF] 【直播间】7184632 的第 66 个心跳包发送成功
[03:24:48 INF] 【直播间】929670 的第 66 个心跳包发送成功
[03:24:49 INF] 【直播间】23447660 的第 66 个心跳包发送成功
[03:24:51 INF] 【直播间】22764265 的第 66 个心跳包发送成功
[03:25:43 INF] 【直播间】23357926 的第 67 个心跳包发送成功
[03:25:44 INF] 【直播间】23040372 的第 67 个心跳包发送成功
[03:25:45 INF] 【直播间】31494 的第 67 个心跳包发送成功
[03:25:47 INF] 【直播间】4015781 的第 67 个心跳包发送成功
[03:25:48 INF] 【直播间】9619073 的第 67 个心跳包发送成功
[03:25:49 INF] 【直播间】407149 的第 67 个心跳包发送成功
[03:25:50 INF] 【直播间】11732699 的第 67 个心跳包发送成功
[03:25:52 INF] 【直播间】91164 的第 67 个心跳包发送成功
[03:25:53 INF] 【直播间】7184632 的第 67 个心跳包发送成功
[03:25:54 INF] 【直播间】929670 的第 67 个心跳包发送成功
[03:25:59 INF] 【直播间】23447660 的第 67 个心跳包发送成功
[03:26:00 INF] 【直播间】22764265 的第 67 个心跳包发送成功
[03:26:49 INF] 【直播间】23357926 的第 68 个心跳包发送成功
[03:26:51 INF] 【直播间】23040372 的第 68 个心跳包发送成功
[03:26:52 INF] 【直播间】31494 的第 68 个心跳包发送成功
[03:26:53 INF] 【直播间】4015781 的第 68 个心跳包发送成功
[03:26:54 INF] 【直播间】9619073 的第 68 个心跳包发送成功
[03:26:56 INF] 【直播间】407149 的第 68 个心跳包发送成功
[03:26:57 INF] 【直播间】11732699 的第 68 个心跳包发送成功
[03:26:58 INF] 【直播间】91164 的第 68 个心跳包发送成功
[03:26:59 INF] 【直播间】7184632 的第 68 个心跳包发送成功
[03:27:01 INF] 【直播间】929670 的第 68 个心跳包发送成功
[03:27:05 INF] 【直播间】23447660 的第 68 个心跳包发送成功
[03:27:06 INF] 【直播间】22764265 的第 68 个心跳包发送成功
[03:27:56 ERR] 【心跳包】直播间 23357926 发送失败
[03:27:56 ERR] 【原因】time check failed
[03:27:57 INF] 【直播间】23040372 的第 69 个心跳包发送成功
[03:27:58 INF] 【直播间】31494 的第 69 个心跳包发送成功
[03:28:00 INF] 【直播间】4015781 的第 69 个心跳包发送成功
[03:28:01 INF] 【直播间】9619073 的第 69 个心跳包发送成功
[03:28:02 INF] 【直播间】407149 的第 69 个心跳包发送成功
[03:28:04 INF] 【直播间】11732699 的第 69 个心跳包发送成功
[03:28:05 INF] 【直播间】91164 的第 69 个心跳包发送成功
[03:28:06 INF] 【直播间】7184632 的第 69 个心跳包发送成功
[03:28:07 INF] 【直播间】929670 的第 69 个心跳包发送成功
[03:28:11 INF] 【直播间】23447660 的第 69 个心跳包发送成功
[03:28:13 INF] 【直播间】22764265 的第 69 个心跳包发送成功
[03:29:02 INF] 【直播间】23357926 的第 69 个心跳包发送成功
[03:29:03 INF] 【直播间】23040372 的第 70 个心跳包发送成功
[03:29:05 INF] 【直播间】31494 的第 70 个心跳包发送成功
[03:29:06 ERR] 【心跳包】直播间 4015781 发送失败
[03:29:06 ERR] 【原因】time check failed
[03:29:07 ERR] 【心跳包】直播间 9619073 发送失败
[03:29:07 ERR] 【原因】time check failed
[03:29:08 INF] 【直播间】407149 的第 70 个心跳包发送成功
[03:29:10 ERR] 【心跳包】直播间 11732699 发送失败
[03:29:10 ERR] 【原因】time check failed
[03:29:11 ERR] 【心跳包】直播间 91164 发送失败
[03:29:11 ERR] 【原因】time check failed
[03:29:12 ERR] 【心跳包】直播间 7184632 发送失败
[03:29:12 ERR] 【原因】time check failed
[03:29:14 INF] 【直播间】929670 的第 70 个心跳包发送成功
[03:29:18 INF] 【直播间】23447660 的第 70 个心跳包发送成功
[03:29:19 ERR] 【心跳包】直播间 22764265 发送失败
[03:29:19 ERR] 【原因】time check failed
[03:30:08 INF] 【直播间】23357926 的第 70 个心跳包发送成功
[03:30:10 ERR] 【心跳包】直播间 23040372 发送失败
[03:30:10 ERR] 【原因】time check failed
[03:30:11 ERR] 【心跳包】直播间 31494 发送失败
[03:30:11 ERR] 【原因】time check failed
[03:30:12 INF] 【直播间】4015781 的第 70 个心跳包发送成功
[03:30:13 INF] 【直播间】9619073 的第 70 个心跳包发送成功
[03:30:15 ERR] 【心跳包】直播间 407149 发送失败
[03:30:15 ERR] 【原因】time check failed
[03:30:16 INF] 【直播间】11732699 的第 70 个心跳包发送成功
[03:30:17 INF] 【直播间】91164 的第 70 个心跳包发送成功
[03:30:18 INF] 【直播间】7184632 的第 70 个心跳包发送成功
[03:30:20 ERR] 【心跳包】直播间 929670 发送失败
[03:30:20 ERR] 【原因】time check failed
[03:30:24 ERR] 【心跳包】直播间 23447660 发送失败
[03:30:24 ERR] 【原因】time check failed
[03:30:25 INF] 【直播间】22764265 的第 70 个心跳包发送成功
[03:30:25 INF] 【直播观看时长】完成情况：12/12 
[03:30:25 INF] ---------结束---------

[03:30:25 INF] ==========结束==========

[03:30:25 INF] ######### 账号 3 #########

[03:30:25 INF] =====开始 直播间互动 =====

[03:30:25 INF] ---开始 发送弹幕 ---
[03:30:25 INF] 检测到直播 Cookie 未正确配置，尝试自动配置中...
[03:30:33 INF] 直播 Cookie 配置成功！
[03:30:33 INF] 【获取直播列表】获取拥有粉丝牌的直播列表
[03:30:38 ERR] 【获取直播列表】失败
[03:30:38 ERR] 【原因】账号未登录
[03:30:38 ERR] 发送弹幕失败，继续其他任务。失败信息:Object reference not set to an instance of an object.

[03:30:38 INF] -------结束-------

[03:30:38 INF] ---开始 点赞直播间 ---
[03:30:38 INF] 【获取直播列表】获取拥有粉丝牌的直播列表
[03:30:41 ERR] 【获取直播列表】失败
[03:30:41 ERR] 【原因】账号未登录
[03:30:41 ERR] 点赞直播间失败，继续其他任务。失败信息:Object reference not set to an instance of an object.

[03:30:41 INF] --------结束--------

[03:30:41 INF] ---开始 直播时长挂机 ---
[03:30:41 INF] 【获取直播列表】获取拥有粉丝牌的直播列表
[03:30:44 ERR] 【获取直播列表】失败
[03:30:44 ERR] 【原因】账号未登录
[03:30:44 ERR] 直播时长挂机失败，继续其他任务。失败信息:Object reference not set to an instance of an object.

[03:30:44 INF] ---------结束---------

[03:30:44 INF] ==========结束==========

[03:30:44 INF] 

========================

 v2.0.1 开源 by https://github.com/RayWangQvQ/BiliBiliToolPro

[03:30:44 INF] ·开始推送·LiveFansMedal任务·
2023-09-10T19:30:44.9360893Z 开始推送到:PushPlus
2023-09-10T19:30:46.2347176Z Response status: OK.
2023-09-10T19:30:46.2347686Z Response content: {"code":999,"msg":"发送内容过大，不能超过2万字","data":null}.

[03:30:46 INF] 运行环境：Development
[03:30:46 INF] 应用目录：/home/runner/work/BiliBiliToolPro/BiliBiliToolPro/src/Ray.BiliBiliTool.Console/bin/Debug/net6.0/

[03:30:46 INF] 运行结束
