----------- ip 信息 ---------
{
  "ip": "40.84.177.254",
  "city": "San Antonio",
  "region": "Texas",
  "country": "US",
  "loc": "29.4241,-98.4936",
  "org": "AS8075 Microsoft Corporation",
  "postal": "78205",
  "timezone": "America/Chicago",
  "readme": "https://ipinfo.io/missingauth"
} ---------- end ------------
  ____               ____    _   _____           _  
 |  _ \ __ _ _   _  | __ ) _| |_|_   _|__   ___ | | 
 | |_) / _` | | | | |  _ \(_) (_) | |/ _ \ / _ \| | 
 |  _ < (_| | |_| | | |_) | | | | | | (_) | (_) | | 
 |_| \_\__,_|\__, | |____/|_|_|_| |_|\___/ \___/|_| 
             |___/                                  

[00:27:25 INF] BiliBiliToolPro 开始运行...

[00:27:25 INF] 【账号个数】3个

[00:27:25 INF] 随机休眠4分钟

[00:31:25 INF] 【目标任务】LiveFansMedal
[00:31:25 INF] ######### 账号 1 #########

[00:31:26 INF] =====开始 直播间互动 =====

[00:31:26 INF] ---开始 发送弹幕 ---
[00:31:26 INF] 检测到直播 Cookie 未正确配置，尝试自动配置中...
[00:31:33 INF] 直播 Cookie 配置成功！
[00:31:33 INF] 【获取直播列表】获取拥有粉丝牌的直播列表
[00:31:39 INF] 【主播】Mark陌枫 
[00:31:53 INF] 【主播】KL_qiqi_ 
[00:32:09 INF] 【主播】苏打baka 
[00:32:21 INF] 【直播间】Mark陌枫
[00:32:21 INF] 【粉丝牌】馬楓
[00:32:21 INF] 正在发送弹幕...
[00:32:28 INF] 【直播间】KL_qiqi_
[00:32:28 INF] 【粉丝牌】qiqisb
[00:32:28 INF] 正在发送弹幕...
[00:32:31 INF] 【直播间】苏打baka
[00:32:31 INF] 【粉丝牌】碳酸钠
[00:32:31 INF] 正在发送弹幕...
[00:32:38 INF] -------结束-------

[00:32:38 INF] ---开始 点赞直播间 ---
[00:32:38 INF] 【获取直播列表】获取拥有粉丝牌的直播列表
[00:32:40 INF] 【弹幕发送】成功~，你和主播 Mark陌枫 的亲密值增加了100！
[00:32:45 INF] 【主播】Mark陌枫 
[00:32:45 INF] 【弹幕发送】成功~，你和主播 KL_qiqi_ 的亲密值增加了100！
[00:32:52 INF] 【弹幕发送】成功~，你和主播 苏打baka 的亲密值增加了100！
[00:33:00 INF] 【主播】KL_qiqi_ 
[00:33:18 INF] 【主播】苏打baka 
[00:33:38 INF] 【点赞直播间】23357926 完成
[00:33:42 INF] 【点赞直播间】407149 完成
[00:33:48 INF] --------结束--------

[00:33:48 INF] ---开始 直播时长挂机 ---
[00:33:48 INF] 【获取直播列表】获取拥有粉丝牌的直播列表
[00:33:49 INF] 【点赞直播间】23040372 完成
[00:33:54 INF] 【主播】Mark陌枫 
[00:34:08 INF] 【主播】KL_qiqi_ 
[00:34:21 INF] 【主播】苏打baka 
[00:34:40 INF] 【直播间】23357926 的第 1 个心跳包发送成功
[00:34:42 INF] 【直播间】407149 的第 1 个心跳包发送成功
[00:34:43 INF] 【直播间】23040372 的第 1 个心跳包发送成功
[00:35:47 INF] 【直播间】23357926 的第 2 个心跳包发送成功
[00:35:48 INF] 【直播间】407149 的第 2 个心跳包发送成功
[00:35:49 INF] 【直播间】23040372 的第 2 个心跳包发送成功
[00:36:53 INF] 【直播间】23357926 的第 3 个心跳包发送成功
[00:36:55 INF] 【直播间】407149 的第 3 个心跳包发送成功
[00:36:56 INF] 【直播间】23040372 的第 3 个心跳包发送成功
[00:38:00 INF] 【直播间】23357926 的第 4 个心跳包发送成功
[00:38:01 INF] 【直播间】407149 的第 4 个心跳包发送成功
[00:38:02 INF] 【直播间】23040372 的第 4 个心跳包发送成功
[00:39:06 INF] 【直播间】23357926 的第 5 个心跳包发送成功
[00:39:07 INF] 【直播间】407149 的第 5 个心跳包发送成功
[00:39:09 INF] 【直播间】23040372 的第 5 个心跳包发送成功
[00:40:13 INF] 【直播间】23357926 的第 6 个心跳包发送成功
[00:40:14 INF] 【直播间】407149 的第 6 个心跳包发送成功
[00:40:15 INF] 【直播间】23040372 的第 6 个心跳包发送成功
[00:41:19 INF] 【直播间】23357926 的第 7 个心跳包发送成功
[00:41:20 INF] 【直播间】407149 的第 7 个心跳包发送成功
[00:41:21 INF] 【直播间】23040372 的第 7 个心跳包发送成功
[00:42:25 INF] 【直播间】23357926 的第 8 个心跳包发送成功
[00:42:27 INF] 【直播间】407149 的第 8 个心跳包发送成功
[00:42:28 INF] 【直播间】23040372 的第 8 个心跳包发送成功
[00:43:32 INF] 【直播间】23357926 的第 9 个心跳包发送成功
[00:43:33 INF] 【直播间】407149 的第 9 个心跳包发送成功
[00:43:34 INF] 【直播间】23040372 的第 9 个心跳包发送成功
[00:44:38 INF] 【直播间】23357926 的第 10 个心跳包发送成功
[00:44:39 INF] 【直播间】407149 的第 10 个心跳包发送成功
[00:44:41 INF] 【直播间】23040372 的第 10 个心跳包发送成功
[00:45:45 INF] 【直播间】23357926 的第 11 个心跳包发送成功
[00:45:46 INF] 【直播间】407149 的第 11 个心跳包发送成功
[00:45:47 INF] 【直播间】23040372 的第 11 个心跳包发送成功
[00:46:51 INF] 【直播间】23357926 的第 12 个心跳包发送成功
[00:46:52 INF] 【直播间】407149 的第 12 个心跳包发送成功
[00:46:54 INF] 【直播间】23040372 的第 12 个心跳包发送成功
[00:47:58 INF] 【直播间】23357926 的第 13 个心跳包发送成功
[00:47:59 INF] 【直播间】407149 的第 13 个心跳包发送成功
[00:48:00 INF] 【直播间】23040372 的第 13 个心跳包发送成功
[00:49:04 INF] 【直播间】23357926 的第 14 个心跳包发送成功
[00:49:05 INF] 【直播间】407149 的第 14 个心跳包发送成功
[00:49:07 INF] 【直播间】23040372 的第 14 个心跳包发送成功
[00:50:10 INF] 【直播间】23357926 的第 15 个心跳包发送成功
[00:50:12 INF] 【直播间】407149 的第 15 个心跳包发送成功
[00:50:13 INF] 【直播间】23040372 的第 15 个心跳包发送成功
[00:51:17 ERR] 【心跳包】直播间 23357926 发送失败
[00:51:17 ERR] 【原因】time check failed
[00:51:18 ERR] 【心跳包】直播间 407149 发送失败
[00:51:18 ERR] 【原因】time check failed
[00:51:19 ERR] 【心跳包】直播间 23040372 发送失败
[00:51:19 ERR] 【原因】time check failed
[00:52:23 INF] 【直播间】23357926 的第 16 个心跳包发送成功
[00:52:24 INF] 【直播间】407149 的第 16 个心跳包发送成功
[00:52:26 INF] 【直播间】23040372 的第 16 个心跳包发送成功
[00:53:30 INF] 【直播间】23357926 的第 17 个心跳包发送成功
[00:53:31 INF] 【直播间】407149 的第 17 个心跳包发送成功
[00:53:32 INF] 【直播间】23040372 的第 17 个心跳包发送成功
[00:54:36 INF] 【直播间】23357926 的第 18 个心跳包发送成功
[00:54:38 INF] 【直播间】407149 的第 18 个心跳包发送成功
[00:54:39 INF] 【直播间】23040372 的第 18 个心跳包发送成功
[00:55:43 INF] 【直播间】23357926 的第 19 个心跳包发送成功
[00:55:44 INF] 【直播间】407149 的第 19 个心跳包发送成功
[00:55:45 INF] 【直播间】23040372 的第 19 个心跳包发送成功
[00:56:49 INF] 【直播间】23357926 的第 20 个心跳包发送成功
[00:56:50 INF] 【直播间】407149 的第 20 个心跳包发送成功
[00:56:52 INF] 【直播间】23040372 的第 20 个心跳包发送成功
[00:57:56 INF] 【直播间】23357926 的第 21 个心跳包发送成功
[00:57:57 INF] 【直播间】407149 的第 21 个心跳包发送成功
[00:57:58 INF] 【直播间】23040372 的第 21 个心跳包发送成功
[00:59:02 INF] 【直播间】23357926 的第 22 个心跳包发送成功
[00:59:04 INF] 【直播间】407149 的第 22 个心跳包发送成功
[00:59:05 INF] 【直播间】23040372 的第 22 个心跳包发送成功
[01:00:09 INF] 【直播间】23357926 的第 23 个心跳包发送成功
[01:00:10 INF] 【直播间】407149 的第 23 个心跳包发送成功
[01:00:11 INF] 【直播间】23040372 的第 23 个心跳包发送成功
[01:01:15 INF] 【直播间】23357926 的第 24 个心跳包发送成功
[01:01:17 INF] 【直播间】407149 的第 24 个心跳包发送成功
[01:01:18 INF] 【直播间】23040372 的第 24 个心跳包发送成功
[01:02:22 INF] 【直播间】23357926 的第 25 个心跳包发送成功
[01:02:23 INF] 【直播间】407149 的第 25 个心跳包发送成功
[01:02:24 INF] 【直播间】23040372 的第 25 个心跳包发送成功
[01:03:28 INF] 【直播间】23357926 的第 26 个心跳包发送成功
[01:03:29 INF] 【直播间】407149 的第 26 个心跳包发送成功
[01:03:31 INF] 【直播间】23040372 的第 26 个心跳包发送成功
[01:04:35 INF] 【直播间】23357926 的第 27 个心跳包发送成功
[01:04:36 INF] 【直播间】407149 的第 27 个心跳包发送成功
[01:04:37 INF] 【直播间】23040372 的第 27 个心跳包发送成功
[01:05:41 INF] 【直播间】23357926 的第 28 个心跳包发送成功
[01:05:43 INF] 【直播间】407149 的第 28 个心跳包发送成功
[01:05:44 INF] 【直播间】23040372 的第 28 个心跳包发送成功
[01:06:48 ERR] 【心跳包】直播间 23357926 发送失败
[01:06:48 ERR] 【原因】time check failed
[01:06:49 ERR] 【心跳包】直播间 407149 发送失败
[01:06:49 ERR] 【原因】time check failed
[01:06:50 ERR] 【心跳包】直播间 23040372 发送失败
[01:06:50 ERR] 【原因】time check failed
[01:07:54 INF] 【直播间】23357926 的第 29 个心跳包发送成功
[01:07:56 INF] 【直播间】407149 的第 29 个心跳包发送成功
[01:07:57 INF] 【直播间】23040372 的第 29 个心跳包发送成功
[01:09:01 INF] 【直播间】23357926 的第 30 个心跳包发送成功
[01:09:02 INF] 【直播间】407149 的第 30 个心跳包发送成功
[01:09:03 INF] 【直播间】23040372 的第 30 个心跳包发送成功
[01:10:07 INF] 【直播间】23357926 的第 31 个心跳包发送成功
[01:10:08 INF] 【直播间】407149 的第 31 个心跳包发送成功
[01:10:10 INF] 【直播间】23040372 的第 31 个心跳包发送成功
[01:11:14 INF] 【直播间】23357926 的第 32 个心跳包发送成功
[01:11:15 INF] 【直播间】407149 的第 32 个心跳包发送成功
[01:11:16 INF] 【直播间】23040372 的第 32 个心跳包发送成功
[01:12:20 INF] 【直播间】23357926 的第 33 个心跳包发送成功
[01:12:21 INF] 【直播间】407149 的第 33 个心跳包发送成功
[01:12:22 INF] 【直播间】23040372 的第 33 个心跳包发送成功
[01:13:26 INF] 【直播间】23357926 的第 34 个心跳包发送成功
[01:13:28 INF] 【直播间】407149 的第 34 个心跳包发送成功
[01:13:29 INF] 【直播间】23040372 的第 34 个心跳包发送成功
[01:14:33 INF] 【直播间】23357926 的第 35 个心跳包发送成功
[01:14:34 INF] 【直播间】407149 的第 35 个心跳包发送成功
[01:14:35 INF] 【直播间】23040372 的第 35 个心跳包发送成功
[01:15:40 INF] 【直播间】23357926 的第 36 个心跳包发送成功
[01:15:41 INF] 【直播间】407149 的第 36 个心跳包发送成功
[01:15:42 INF] 【直播间】23040372 的第 36 个心跳包发送成功
[01:16:46 INF] 【直播间】23357926 的第 37 个心跳包发送成功
[01:16:47 INF] 【直播间】407149 的第 37 个心跳包发送成功
[01:16:49 INF] 【直播间】23040372 的第 37 个心跳包发送成功
[01:17:53 INF] 【直播间】23357926 的第 38 个心跳包发送成功
[01:17:54 INF] 【直播间】407149 的第 38 个心跳包发送成功
[01:17:55 INF] 【直播间】23040372 的第 38 个心跳包发送成功
[01:18:59 INF] 【直播间】23357926 的第 39 个心跳包发送成功
[01:19:00 INF] 【直播间】407149 的第 39 个心跳包发送成功
[01:19:01 INF] 【直播间】23040372 的第 39 个心跳包发送成功
[01:20:05 INF] 【直播间】23357926 的第 40 个心跳包发送成功
[01:20:07 INF] 【直播间】407149 的第 40 个心跳包发送成功
[01:20:08 INF] 【直播间】23040372 的第 40 个心跳包发送成功
[01:21:12 INF] 【直播间】23357926 的第 41 个心跳包发送成功
[01:21:13 INF] 【直播间】407149 的第 41 个心跳包发送成功
[01:21:14 INF] 【直播间】23040372 的第 41 个心跳包发送成功
[01:22:18 INF] 【直播间】23357926 的第 42 个心跳包发送成功
[01:22:20 ERR] 【心跳包】直播间 407149 发送失败
[01:22:20 ERR] 【原因】time check failed
[01:22:21 ERR] 【心跳包】直播间 23040372 发送失败
[01:22:21 ERR] 【原因】time check failed
[01:23:25 ERR] 【心跳包】直播间 23357926 发送失败
[01:23:25 ERR] 【原因】time check failed
[01:23:26 INF] 【直播间】407149 的第 42 个心跳包发送成功
[01:23:27 INF] 【直播间】23040372 的第 42 个心跳包发送成功
[01:24:31 INF] 【直播间】23357926 的第 43 个心跳包发送成功
[01:24:32 INF] 【直播间】407149 的第 43 个心跳包发送成功
[01:24:34 INF] 【直播间】23040372 的第 43 个心跳包发送成功
[01:25:38 INF] 【直播间】23357926 的第 44 个心跳包发送成功
[01:25:39 INF] 【直播间】407149 的第 44 个心跳包发送成功
[01:25:40 INF] 【直播间】23040372 的第 44 个心跳包发送成功
[01:26:44 INF] 【直播间】23357926 的第 45 个心跳包发送成功
[01:26:46 INF] 【直播间】407149 的第 45 个心跳包发送成功
[01:26:47 INF] 【直播间】23040372 的第 45 个心跳包发送成功
[01:27:51 INF] 【直播间】23357926 的第 46 个心跳包发送成功
[01:27:52 INF] 【直播间】407149 的第 46 个心跳包发送成功
[01:27:53 INF] 【直播间】23040372 的第 46 个心跳包发送成功
[01:28:57 INF] 【直播间】23357926 的第 47 个心跳包发送成功
[01:28:58 INF] 【直播间】407149 的第 47 个心跳包发送成功
[01:29:00 INF] 【直播间】23040372 的第 47 个心跳包发送成功
[01:30:04 INF] 【直播间】23357926 的第 48 个心跳包发送成功
[01:30:05 INF] 【直播间】407149 的第 48 个心跳包发送成功
[01:30:06 INF] 【直播间】23040372 的第 48 个心跳包发送成功
[01:31:10 INF] 【直播间】23357926 的第 49 个心跳包发送成功
[01:31:11 INF] 【直播间】407149 的第 49 个心跳包发送成功
[01:31:12 INF] 【直播间】23040372 的第 49 个心跳包发送成功
[01:32:17 INF] 【直播间】23357926 的第 50 个心跳包发送成功
[01:32:18 INF] 【直播间】407149 的第 50 个心跳包发送成功
[01:32:19 INF] 【直播间】23040372 的第 50 个心跳包发送成功
[01:33:23 INF] 【直播间】23357926 的第 51 个心跳包发送成功
[01:33:24 INF] 【直播间】407149 的第 51 个心跳包发送成功
[01:33:26 INF] 【直播间】23040372 的第 51 个心跳包发送成功
[01:34:29 INF] 【直播间】23357926 的第 52 个心跳包发送成功
[01:34:31 INF] 【直播间】407149 的第 52 个心跳包发送成功
[01:34:32 INF] 【直播间】23040372 的第 52 个心跳包发送成功
[01:35:36 INF] 【直播间】23357926 的第 53 个心跳包发送成功
[01:35:37 INF] 【直播间】407149 的第 53 个心跳包发送成功
[01:35:38 INF] 【直播间】23040372 的第 53 个心跳包发送成功
[01:36:42 INF] 【直播间】23357926 的第 54 个心跳包发送成功
[01:36:43 INF] 【直播间】407149 的第 54 个心跳包发送成功
[01:36:45 INF] 【直播间】23040372 的第 54 个心跳包发送成功
[01:37:49 INF] 【直播间】23357926 的第 55 个心跳包发送成功
[01:37:50 INF] 【直播间】407149 的第 55 个心跳包发送成功
[01:37:51 INF] 【直播间】23040372 的第 55 个心跳包发送成功
[01:38:55 INF] 【直播间】23357926 的第 56 个心跳包发送成功
[01:38:56 ERR] 【心跳包】直播间 407149 发送失败
[01:38:56 ERR] 【原因】time check failed
[01:38:58 ERR] 【心跳包】直播间 23040372 发送失败
[01:38:58 ERR] 【原因】time check failed
[01:40:02 ERR] 【心跳包】直播间 23357926 发送失败
[01:40:02 ERR] 【原因】time check failed
[01:40:03 INF] 【直播间】407149 的第 56 个心跳包发送成功
[01:40:04 INF] 【直播间】23040372 的第 56 个心跳包发送成功
[01:41:08 INF] 【直播间】23357926 的第 57 个心跳包发送成功
[01:41:09 INF] 【直播间】407149 的第 57 个心跳包发送成功
[01:41:11 INF] 【直播间】23040372 的第 57 个心跳包发送成功
[01:42:14 INF] 【直播间】23357926 的第 58 个心跳包发送成功
[01:42:16 INF] 【直播间】407149 的第 58 个心跳包发送成功
[01:42:17 INF] 【直播间】23040372 的第 58 个心跳包发送成功
[01:43:21 INF] 【直播间】23357926 的第 59 个心跳包发送成功
[01:43:22 INF] 【直播间】407149 的第 59 个心跳包发送成功
[01:43:23 INF] 【直播间】23040372 的第 59 个心跳包发送成功
[01:44:27 INF] 【直播间】23357926 的第 60 个心跳包发送成功
[01:44:28 INF] 【直播间】407149 的第 60 个心跳包发送成功
[01:44:30 INF] 【直播间】23040372 的第 60 个心跳包发送成功
[01:45:34 INF] 【直播间】23357926 的第 61 个心跳包发送成功
[01:45:35 INF] 【直播间】407149 的第 61 个心跳包发送成功
[01:45:36 INF] 【直播间】23040372 的第 61 个心跳包发送成功
[01:46:40 INF] 【直播间】23357926 的第 62 个心跳包发送成功
[01:46:41 INF] 【直播间】407149 的第 62 个心跳包发送成功
[01:46:43 INF] 【直播间】23040372 的第 62 个心跳包发送成功
[01:47:46 INF] 【直播间】23357926 的第 63 个心跳包发送成功
[01:47:48 INF] 【直播间】407149 的第 63 个心跳包发送成功
[01:47:49 INF] 【直播间】23040372 的第 63 个心跳包发送成功
[01:48:53 INF] 【直播间】23357926 的第 64 个心跳包发送成功
[01:48:54 INF] 【直播间】407149 的第 64 个心跳包发送成功
[01:48:56 INF] 【直播间】23040372 的第 64 个心跳包发送成功
[01:49:59 INF] 【直播间】23357926 的第 65 个心跳包发送成功
[01:50:01 INF] 【直播间】407149 的第 65 个心跳包发送成功
[01:50:02 INF] 【直播间】23040372 的第 65 个心跳包发送成功
[01:51:06 INF] 【直播间】23357926 的第 66 个心跳包发送成功
[01:51:07 INF] 【直播间】407149 的第 66 个心跳包发送成功
[01:51:08 INF] 【直播间】23040372 的第 66 个心跳包发送成功
[01:52:12 INF] 【直播间】23357926 的第 67 个心跳包发送成功
[01:52:13 INF] 【直播间】407149 的第 67 个心跳包发送成功
[01:52:15 INF] 【直播间】23040372 的第 67 个心跳包发送成功
[01:53:19 INF] 【直播间】23357926 的第 68 个心跳包发送成功
[01:53:20 INF] 【直播间】407149 的第 68 个心跳包发送成功
[01:53:21 INF] 【直播间】23040372 的第 68 个心跳包发送成功
[01:54:25 INF] 【直播间】23357926 的第 69 个心跳包发送成功
[01:54:26 INF] 【直播间】407149 的第 69 个心跳包发送成功
[01:54:28 INF] 【直播间】23040372 的第 69 个心跳包发送成功
[01:55:32 ERR] 【心跳包】直播间 23357926 发送失败
[01:55:32 ERR] 【原因】time check failed
[01:55:33 ERR] 【心跳包】直播间 407149 发送失败
[01:55:33 ERR] 【原因】time check failed
[01:55:34 ERR] 【心跳包】直播间 23040372 发送失败
[01:55:34 ERR] 【原因】time check failed
[01:56:38 INF] 【直播间】23357926 的第 70 个心跳包发送成功
[01:56:39 INF] 【直播间】407149 的第 70 个心跳包发送成功
[01:56:41 INF] 【直播间】23040372 的第 70 个心跳包发送成功
[01:56:41 INF] 【直播观看时长】完成情况：3/3 
[01:56:41 INF] ---------结束---------

[01:56:41 INF] ==========结束==========

[01:56:41 INF] ######### 账号 2 #########

[01:56:41 INF] =====开始 直播间互动 =====

[01:56:41 INF] ---开始 发送弹幕 ---
[01:56:41 INF] 检测到直播 Cookie 未正确配置，尝试自动配置中...
[01:56:47 INF] 直播 Cookie 配置成功！
[01:56:47 INF] 【获取直播列表】获取拥有粉丝牌的直播列表
[01:56:52 INF] 【主播】Mark陌枫 
[01:57:07 INF] 【主播】苏打baka 
[01:57:24 INF] 【主播】特别中二的q3君 
[01:57:39 INF] 【主播】陈抱一 
[01:57:53 INF] 【主播】贪玩的小毅 
[01:58:11 INF] 【主播】KL_qiqi_ 
[01:58:29 INF] 【主播】记录生活的蛋黄派 
[01:58:44 INF] 【主播】脏小豆 
[01:58:57 INF] 【主播】FoFTG 
[01:59:14 INF] 【主播】悠悠球琛总 
[01:59:33 INF] 【主播】新石器公园 
[01:59:48 INF] 【主播】李船长笔记 
[02:00:01 INF] 【直播间】Mark陌枫
[02:00:01 INF] 【粉丝牌】馬楓
[02:00:01 INF] 正在发送弹幕...
[02:00:07 INF] 【直播间】苏打baka
[02:00:07 INF] 【粉丝牌】碳酸钠
[02:00:07 INF] 正在发送弹幕...
[02:00:12 INF] 【直播间】特别中二的q3君
[02:00:12 INF] 【粉丝牌】q3GG
[02:00:12 INF] 正在发送弹幕...
[02:00:14 INF] 【弹幕发送】成功~，你和主播 Mark陌枫 的亲密值增加了100！
[02:00:19 INF] 【直播间】陈抱一
[02:00:19 INF] 【粉丝牌】陈抱一
[02:00:19 INF] 正在发送弹幕...
[02:00:24 INF] 【弹幕发送】成功~，你和主播 苏打baka 的亲密值增加了100！
[02:00:25 INF] 【直播间】贪玩的小毅
[02:00:25 INF] 【粉丝牌】大大毅
[02:00:25 INF] 正在发送弹幕...
[02:00:28 INF] 【直播间】KL_qiqi_
[02:00:28 INF] 【粉丝牌】qiqisb
[02:00:28 INF] 正在发送弹幕...
[02:00:32 INF] 【弹幕发送】成功~，你和主播 特别中二的q3君 的亲密值增加了100！
[02:00:35 INF] 【直播间】记录生活的蛋黄派
[02:00:35 INF] 【粉丝牌】派派派
[02:00:35 INF] 正在发送弹幕...
[02:00:36 INF] 【弹幕发送】成功~，你和主播 陈抱一 的亲密值增加了100！
[02:00:37 INF] 【弹幕发送】成功~，你和主播 贪玩的小毅 的亲密值增加了100！
[02:00:41 INF] 【直播间】脏小豆
[02:00:41 INF] 【粉丝牌】豆豆浆
[02:00:41 INF] 正在发送弹幕...
[02:00:43 INF] 【弹幕发送】成功~，你和主播 KL_qiqi_ 的亲密值增加了100！
[02:00:45 INF] 【直播间】FoFTG
[02:00:45 INF] 【粉丝牌】FOFTG
[02:00:45 INF] 正在发送弹幕...
[02:00:51 INF] 【直播间】悠悠球琛总
[02:00:51 INF] 【粉丝牌】i琛
[02:00:51 INF] 正在发送弹幕...
[02:00:54 INF] 【直播间】新石器公园
[02:00:54 INF] 【粉丝牌】东园主
[02:00:54 INF] 正在发送弹幕...
[02:00:55 INF] 【弹幕发送】成功~，你和主播 记录生活的蛋黄派 的亲密值增加了100！
[02:00:58 INF] 【弹幕发送】成功~，你和主播 脏小豆 的亲密值增加了100！
[02:01:01 INF] 【直播间】李船长笔记
[02:01:01 INF] 【粉丝牌】航海仕
[02:01:01 INF] 正在发送弹幕...
[02:01:03 INF] 【弹幕发送】成功~，你和主播 悠悠球琛总 的亲密值增加了100！
[02:01:04 INF] 【弹幕发送】成功~，你和主播 FoFTG 的亲密值增加了100！
[02:01:07 INF] -------结束-------

[02:01:07 INF] ---开始 点赞直播间 ---
[02:01:07 INF] 【获取直播列表】获取拥有粉丝牌的直播列表
[02:01:10 INF] 【弹幕发送】成功~，你和主播 新石器公园 的亲密值增加了100！
[02:01:11 INF] 【主播】Mark陌枫 
[02:01:17 INF] 【弹幕发送】成功~，你和主播 李船长笔记 的亲密值增加了100！
[02:01:23 INF] 【主播】苏打baka 
[02:01:39 INF] 【主播】特别中二的q3君 
[02:01:57 INF] 【主播】陈抱一 
[02:02:08 INF] 【主播】贪玩的小毅 
[02:02:24 INF] 【主播】KL_qiqi_ 
[02:02:43 INF] 【主播】记录生活的蛋黄派 
[02:02:59 INF] 【主播】脏小豆 
[02:03:18 INF] 【主播】FoFTG 
[02:03:29 INF] 【主播】悠悠球琛总 
[02:03:46 INF] 【主播】新石器公园 
[02:03:58 INF] 【主播】李船长笔记 
[02:04:16 INF] 【点赞直播间】23357926 完成
[02:04:20 INF] 【点赞直播间】23040372 完成
[02:04:25 INF] 【点赞直播间】31494 完成
[02:04:28 INF] 【点赞直播间】4015781 完成
[02:04:31 INF] 【点赞直播间】9619073 完成
[02:04:35 INF] 【点赞直播间】407149 完成
[02:04:39 INF] 【点赞直播间】11732699 完成
[02:04:46 INF] 【点赞直播间】929670 完成
[02:04:51 INF] 【点赞直播间】91164 完成
[02:04:55 INF] 【点赞直播间】7184632 完成
[02:04:59 INF] 【点赞直播间】23447660 完成
[02:05:02 INF] --------结束--------

[02:05:02 INF] ---开始 直播时长挂机 ---
[02:05:02 INF] 【获取直播列表】获取拥有粉丝牌的直播列表
[02:05:02 INF] 【点赞直播间】22764265 完成
[02:05:07 INF] 【主播】Mark陌枫 
[02:05:18 INF] 【主播】苏打baka 
[02:05:34 INF] 【主播】特别中二的q3君 
[02:05:53 INF] 【主播】陈抱一 
[02:06:08 INF] 【主播】贪玩的小毅 
[02:06:27 INF] 【主播】KL_qiqi_ 
[02:06:40 INF] 【主播】记录生活的蛋黄派 
[02:06:59 INF] 【主播】脏小豆 
[02:07:11 INF] 【主播】FoFTG 
[02:07:29 INF] 【主播】悠悠球琛总 
[02:07:41 INF] 【主播】新石器公园 
[02:08:00 INF] 【主播】李船长笔记 
[02:08:23 INF] 【直播间】23357926 的第 1 个心跳包发送成功
[02:08:25 INF] 【直播间】23040372 的第 1 个心跳包发送成功
[02:08:26 INF] 【直播间】31494 的第 1 个心跳包发送成功
[02:08:27 INF] 【直播间】4015781 的第 1 个心跳包发送成功
[02:08:29 INF] 【直播间】9619073 的第 1 个心跳包发送成功
[02:08:30 INF] 【直播间】407149 的第 1 个心跳包发送成功
[02:08:31 INF] 【直播间】11732699 的第 1 个心跳包发送成功
[02:08:32 INF] 【直播间】929670 的第 1 个心跳包发送成功
[02:08:34 INF] 【直播间】91164 的第 1 个心跳包发送成功
[02:08:35 INF] 【直播间】7184632 的第 1 个心跳包发送成功
[02:08:36 INF] 【直播间】23447660 的第 1 个心跳包发送成功
[02:08:37 INF] 【直播间】22764265 的第 1 个心跳包发送成功
[02:09:30 INF] 【直播间】23357926 的第 2 个心跳包发送成功
[02:09:31 INF] 【直播间】23040372 的第 2 个心跳包发送成功
[02:09:32 INF] 【直播间】31494 的第 2 个心跳包发送成功
[02:09:34 INF] 【直播间】4015781 的第 2 个心跳包发送成功
[02:09:35 INF] 【直播间】9619073 的第 2 个心跳包发送成功
[02:09:36 INF] 【直播间】407149 的第 2 个心跳包发送成功
[02:09:37 INF] 【直播间】11732699 的第 2 个心跳包发送成功
[02:09:39 INF] 【直播间】929670 的第 2 个心跳包发送成功
[02:09:40 INF] 【直播间】91164 的第 2 个心跳包发送成功
[02:09:41 INF] 【直播间】7184632 的第 2 个心跳包发送成功
[02:09:42 INF] 【直播间】23447660 的第 2 个心跳包发送成功
[02:09:44 INF] 【直播间】22764265 的第 2 个心跳包发送成功
[02:10:36 INF] 【直播间】23357926 的第 3 个心跳包发送成功
[02:10:38 INF] 【直播间】23040372 的第 3 个心跳包发送成功
[02:10:39 INF] 【直播间】31494 的第 3 个心跳包发送成功
[02:10:40 INF] 【直播间】4015781 的第 3 个心跳包发送成功
[02:10:41 INF] 【直播间】9619073 的第 3 个心跳包发送成功
[02:10:43 INF] 【直播间】407149 的第 3 个心跳包发送成功
[02:10:44 INF] 【直播间】11732699 的第 3 个心跳包发送成功
[02:10:45 INF] 【直播间】929670 的第 3 个心跳包发送成功
[02:10:46 INF] 【直播间】91164 的第 3 个心跳包发送成功
[02:10:48 INF] 【直播间】7184632 的第 3 个心跳包发送成功
[02:10:49 INF] 【直播间】23447660 的第 3 个心跳包发送成功
[02:10:50 INF] 【直播间】22764265 的第 3 个心跳包发送成功
[02:11:43 INF] 【直播间】23357926 的第 4 个心跳包发送成功
[02:11:44 INF] 【直播间】23040372 的第 4 个心跳包发送成功
[02:11:45 INF] 【直播间】31494 的第 4 个心跳包发送成功
[02:11:46 INF] 【直播间】4015781 的第 4 个心跳包发送成功
[02:11:48 INF] 【直播间】9619073 的第 4 个心跳包发送成功
[02:11:49 INF] 【直播间】407149 的第 4 个心跳包发送成功
[02:11:50 INF] 【直播间】11732699 的第 4 个心跳包发送成功
[02:11:51 INF] 【直播间】929670 的第 4 个心跳包发送成功
[02:11:53 INF] 【直播间】91164 的第 4 个心跳包发送成功
[02:11:54 INF] 【直播间】7184632 的第 4 个心跳包发送成功
[02:11:55 INF] 【直播间】23447660 的第 4 个心跳包发送成功
[02:11:56 INF] 【直播间】22764265 的第 4 个心跳包发送成功
[02:12:49 INF] 【直播间】23357926 的第 5 个心跳包发送成功
[02:12:50 INF] 【直播间】23040372 的第 5 个心跳包发送成功
[02:12:52 INF] 【直播间】31494 的第 5 个心跳包发送成功
[02:12:53 INF] 【直播间】4015781 的第 5 个心跳包发送成功
[02:12:54 INF] 【直播间】9619073 的第 5 个心跳包发送成功
[02:12:55 INF] 【直播间】407149 的第 5 个心跳包发送成功
[02:12:56 INF] 【直播间】11732699 的第 5 个心跳包发送成功
[02:12:58 INF] 【直播间】929670 的第 5 个心跳包发送成功
[02:12:59 INF] 【直播间】91164 的第 5 个心跳包发送成功
[02:13:00 INF] 【直播间】7184632 的第 5 个心跳包发送成功
[02:13:01 INF] 【直播间】23447660 的第 5 个心跳包发送成功
[02:13:03 INF] 【直播间】22764265 的第 5 个心跳包发送成功
[02:13:55 INF] 【直播间】23357926 的第 6 个心跳包发送成功
[02:13:57 INF] 【直播间】23040372 的第 6 个心跳包发送成功
[02:13:58 INF] 【直播间】31494 的第 6 个心跳包发送成功
[02:13:59 INF] 【直播间】4015781 的第 6 个心跳包发送成功
[02:14:00 INF] 【直播间】9619073 的第 6 个心跳包发送成功
[02:14:02 INF] 【直播间】407149 的第 6 个心跳包发送成功
[02:14:03 INF] 【直播间】11732699 的第 6 个心跳包发送成功
[02:14:04 INF] 【直播间】929670 的第 6 个心跳包发送成功
[02:14:06 INF] 【直播间】91164 的第 6 个心跳包发送成功
[02:14:07 INF] 【直播间】7184632 的第 6 个心跳包发送成功
[02:14:08 INF] 【直播间】23447660 的第 6 个心跳包发送成功
[02:14:09 INF] 【直播间】22764265 的第 6 个心跳包发送成功
[02:15:02 INF] 【直播间】23357926 的第 7 个心跳包发送成功
[02:15:03 INF] 【直播间】23040372 的第 7 个心跳包发送成功
[02:15:04 INF] 【直播间】31494 的第 7 个心跳包发送成功
[02:15:06 INF] 【直播间】4015781 的第 7 个心跳包发送成功
[02:15:07 INF] 【直播间】9619073 的第 7 个心跳包发送成功
[02:15:08 INF] 【直播间】407149 的第 7 个心跳包发送成功
[02:15:09 INF] 【直播间】11732699 的第 7 个心跳包发送成功
[02:15:11 INF] 【直播间】929670 的第 7 个心跳包发送成功
[02:15:12 INF] 【直播间】91164 的第 7 个心跳包发送成功
[02:15:13 INF] 【直播间】7184632 的第 7 个心跳包发送成功
[02:15:14 INF] 【直播间】23447660 的第 7 个心跳包发送成功
[02:15:16 INF] 【直播间】22764265 的第 7 个心跳包发送成功
[02:16:09 INF] 【直播间】23357926 的第 8 个心跳包发送成功
[02:16:10 INF] 【直播间】23040372 的第 8 个心跳包发送成功
[02:16:11 INF] 【直播间】31494 的第 8 个心跳包发送成功
[02:16:13 INF] 【直播间】4015781 的第 8 个心跳包发送成功
[02:16:14 INF] 【直播间】9619073 的第 8 个心跳包发送成功
[02:16:15 INF] 【直播间】407149 的第 8 个心跳包发送成功
[02:16:16 INF] 【直播间】11732699 的第 8 个心跳包发送成功
[02:16:18 INF] 【直播间】929670 的第 8 个心跳包发送成功
[02:16:19 INF] 【直播间】91164 的第 8 个心跳包发送成功
[02:16:20 INF] 【直播间】7184632 的第 8 个心跳包发送成功
[02:16:21 INF] 【直播间】23447660 的第 8 个心跳包发送成功
[02:16:23 INF] 【直播间】22764265 的第 8 个心跳包发送成功
[02:17:15 INF] 【直播间】23357926 的第 9 个心跳包发送成功
[02:17:17 INF] 【直播间】23040372 的第 9 个心跳包发送成功
[02:17:18 INF] 【直播间】31494 的第 9 个心跳包发送成功
[02:17:19 INF] 【直播间】4015781 的第 9 个心跳包发送成功
[02:17:20 INF] 【直播间】9619073 的第 9 个心跳包发送成功
[02:17:22 INF] 【直播间】407149 的第 9 个心跳包发送成功
[02:17:23 INF] 【直播间】11732699 的第 9 个心跳包发送成功
[02:17:24 INF] 【直播间】929670 的第 9 个心跳包发送成功
[02:17:25 INF] 【直播间】91164 的第 9 个心跳包发送成功
[02:17:27 INF] 【直播间】7184632 的第 9 个心跳包发送成功
[02:17:28 INF] 【直播间】23447660 的第 9 个心跳包发送成功
[02:17:29 INF] 【直播间】22764265 的第 9 个心跳包发送成功
[02:18:22 INF] 【直播间】23357926 的第 10 个心跳包发送成功
[02:18:23 INF] 【直播间】23040372 的第 10 个心跳包发送成功
[02:18:24 INF] 【直播间】31494 的第 10 个心跳包发送成功
[02:18:25 INF] 【直播间】4015781 的第 10 个心跳包发送成功
[02:18:27 INF] 【直播间】9619073 的第 10 个心跳包发送成功
[02:18:28 INF] 【直播间】407149 的第 10 个心跳包发送成功
[02:18:29 INF] 【直播间】11732699 的第 10 个心跳包发送成功
[02:18:31 INF] 【直播间】929670 的第 10 个心跳包发送成功
[02:18:32 INF] 【直播间】91164 的第 10 个心跳包发送成功
[02:18:33 INF] 【直播间】7184632 的第 10 个心跳包发送成功
[02:18:34 INF] 【直播间】23447660 的第 10 个心跳包发送成功
[02:18:36 INF] 【直播间】22764265 的第 10 个心跳包发送成功
[02:19:28 INF] 【直播间】23357926 的第 11 个心跳包发送成功
[02:19:29 INF] 【直播间】23040372 的第 11 个心跳包发送成功
[02:19:31 INF] 【直播间】31494 的第 11 个心跳包发送成功
[02:19:32 INF] 【直播间】4015781 的第 11 个心跳包发送成功
[02:19:33 INF] 【直播间】9619073 的第 11 个心跳包发送成功
[02:19:34 INF] 【直播间】407149 的第 11 个心跳包发送成功
[02:19:36 INF] 【直播间】11732699 的第 11 个心跳包发送成功
[02:19:37 INF] 【直播间】929670 的第 11 个心跳包发送成功
[02:19:38 INF] 【直播间】91164 的第 11 个心跳包发送成功
[02:19:39 INF] 【直播间】7184632 的第 11 个心跳包发送成功
[02:19:41 INF] 【直播间】23447660 的第 11 个心跳包发送成功
[02:19:42 INF] 【直播间】22764265 的第 11 个心跳包发送成功
[02:20:34 INF] 【直播间】23357926 的第 12 个心跳包发送成功
[02:20:36 INF] 【直播间】23040372 的第 12 个心跳包发送成功
[02:20:37 INF] 【直播间】31494 的第 12 个心跳包发送成功
[02:20:38 INF] 【直播间】4015781 的第 12 个心跳包发送成功
[02:20:39 INF] 【直播间】9619073 的第 12 个心跳包发送成功
[02:20:41 INF] 【直播间】407149 的第 12 个心跳包发送成功
[02:20:42 INF] 【直播间】11732699 的第 12 个心跳包发送成功
[02:20:43 INF] 【直播间】929670 的第 12 个心跳包发送成功
[02:20:44 INF] 【直播间】91164 的第 12 个心跳包发送成功
[02:20:46 INF] 【直播间】7184632 的第 12 个心跳包发送成功
[02:20:47 INF] 【直播间】23447660 的第 12 个心跳包发送成功
[02:20:48 INF] 【直播间】22764265 的第 12 个心跳包发送成功
[02:21:41 INF] 【直播间】23357926 的第 13 个心跳包发送成功
[02:21:42 INF] 【直播间】23040372 的第 13 个心跳包发送成功
[02:21:43 INF] 【直播间】31494 的第 13 个心跳包发送成功
[02:21:45 INF] 【直播间】4015781 的第 13 个心跳包发送成功
[02:21:46 INF] 【直播间】9619073 的第 13 个心跳包发送成功
[02:21:47 INF] 【直播间】407149 的第 13 个心跳包发送成功
[02:21:48 INF] 【直播间】11732699 的第 13 个心跳包发送成功
[02:21:50 INF] 【直播间】929670 的第 13 个心跳包发送成功
[02:21:51 INF] 【直播间】91164 的第 13 个心跳包发送成功
[02:21:52 INF] 【直播间】7184632 的第 13 个心跳包发送成功
[02:21:53 INF] 【直播间】23447660 的第 13 个心跳包发送成功
[02:21:55 INF] 【直播间】22764265 的第 13 个心跳包发送成功
[02:22:47 INF] 【直播间】23357926 的第 14 个心跳包发送成功
[02:22:49 INF] 【直播间】23040372 的第 14 个心跳包发送成功
[02:22:50 INF] 【直播间】31494 的第 14 个心跳包发送成功
[02:22:51 INF] 【直播间】4015781 的第 14 个心跳包发送成功
[02:22:52 INF] 【直播间】9619073 的第 14 个心跳包发送成功
[02:22:54 INF] 【直播间】407149 的第 14 个心跳包发送成功
[02:22:55 INF] 【直播间】11732699 的第 14 个心跳包发送成功
[02:22:56 INF] 【直播间】929670 的第 14 个心跳包发送成功
[02:22:57 INF] 【直播间】91164 的第 14 个心跳包发送成功
[02:22:59 INF] 【直播间】7184632 的第 14 个心跳包发送成功
[02:23:00 INF] 【直播间】23447660 的第 14 个心跳包发送成功
[02:23:01 INF] 【直播间】22764265 的第 14 个心跳包发送成功
[02:23:54 ERR] 【心跳包】直播间 23357926 发送失败
[02:23:54 ERR] 【原因】time check failed
[02:23:55 INF] 【直播间】23040372 的第 15 个心跳包发送成功
[02:23:56 INF] 【直播间】31494 的第 15 个心跳包发送成功
[02:23:57 INF] 【直播间】4015781 的第 15 个心跳包发送成功
[02:23:59 ERR] 【心跳包】直播间 9619073 发送失败
[02:23:59 ERR] 【原因】time check failed
[02:24:00 INF] 【直播间】407149 的第 15 个心跳包发送成功
[02:24:01 INF] 【直播间】11732699 的第 15 个心跳包发送成功
[02:24:02 INF] 【直播间】929670 的第 15 个心跳包发送成功
[02:24:04 INF] 【直播间】91164 的第 15 个心跳包发送成功
[02:24:05 INF] 【直播间】7184632 的第 15 个心跳包发送成功
[02:24:06 INF] 【直播间】23447660 的第 15 个心跳包发送成功
[02:24:07 INF] 【直播间】22764265 的第 15 个心跳包发送成功
[02:25:00 INF] 【直播间】23357926 的第 15 个心跳包发送成功
[02:25:01 ERR] 【心跳包】直播间 23040372 发送失败
[02:25:01 ERR] 【原因】time check failed
[02:25:02 ERR] 【心跳包】直播间 31494 发送失败
[02:25:02 ERR] 【原因】time check failed
[02:25:04 ERR] 【心跳包】直播间 4015781 发送失败
[02:25:04 ERR] 【原因】time check failed
[02:25:05 INF] 【直播间】9619073 的第 15 个心跳包发送成功
[02:25:06 ERR] 【心跳包】直播间 407149 发送失败
[02:25:06 ERR] 【原因】time check failed
[02:25:07 ERR] 【心跳包】直播间 11732699 发送失败
[02:25:07 ERR] 【原因】time check failed
[02:25:09 ERR] 【心跳包】直播间 929670 发送失败
[02:25:09 ERR] 【原因】time check failed
[02:25:10 ERR] 【心跳包】直播间 91164 发送失败
[02:25:10 ERR] 【原因】time check failed
[02:25:11 ERR] 【心跳包】直播间 7184632 发送失败
[02:25:11 ERR] 【原因】time check failed
[02:25:12 ERR] 【心跳包】直播间 23447660 发送失败
[02:25:12 ERR] 【原因】time check failed
[02:25:14 ERR] 【心跳包】直播间 22764265 发送失败
[02:25:14 ERR] 【原因】time check failed
[02:26:06 INF] 【直播间】23357926 的第 16 个心跳包发送成功
[02:26:08 INF] 【直播间】23040372 的第 16 个心跳包发送成功
[02:26:09 INF] 【直播间】31494 的第 16 个心跳包发送成功
[02:26:10 INF] 【直播间】4015781 的第 16 个心跳包发送成功
[02:26:11 INF] 【直播间】9619073 的第 16 个心跳包发送成功
[02:26:13 INF] 【直播间】407149 的第 16 个心跳包发送成功
[02:26:14 INF] 【直播间】11732699 的第 16 个心跳包发送成功
[02:26:15 INF] 【直播间】929670 的第 16 个心跳包发送成功
[02:26:16 INF] 【直播间】91164 的第 16 个心跳包发送成功
[02:26:18 INF] 【直播间】7184632 的第 16 个心跳包发送成功
[02:26:19 INF] 【直播间】23447660 的第 16 个心跳包发送成功
[02:26:20 INF] 【直播间】22764265 的第 16 个心跳包发送成功
[02:27:13 INF] 【直播间】23357926 的第 17 个心跳包发送成功
[02:27:14 INF] 【直播间】23040372 的第 17 个心跳包发送成功
[02:27:16 INF] 【直播间】31494 的第 17 个心跳包发送成功
[02:27:17 INF] 【直播间】4015781 的第 17 个心跳包发送成功
[02:27:18 INF] 【直播间】9619073 的第 17 个心跳包发送成功
[02:27:19 INF] 【直播间】407149 的第 17 个心跳包发送成功
[02:27:21 INF] 【直播间】11732699 的第 17 个心跳包发送成功
[02:27:22 INF] 【直播间】929670 的第 17 个心跳包发送成功
[02:27:23 INF] 【直播间】91164 的第 17 个心跳包发送成功
[02:27:24 INF] 【直播间】7184632 的第 17 个心跳包发送成功
[02:27:26 INF] 【直播间】23447660 的第 17 个心跳包发送成功
[02:27:27 INF] 【直播间】22764265 的第 17 个心跳包发送成功
[02:28:19 INF] 【直播间】23357926 的第 18 个心跳包发送成功
[02:28:21 INF] 【直播间】23040372 的第 18 个心跳包发送成功
[02:28:22 INF] 【直播间】31494 的第 18 个心跳包发送成功
[02:28:23 INF] 【直播间】4015781 的第 18 个心跳包发送成功
[02:28:25 INF] 【直播间】9619073 的第 18 个心跳包发送成功
[02:28:26 INF] 【直播间】407149 的第 18 个心跳包发送成功
[02:28:27 INF] 【直播间】11732699 的第 18 个心跳包发送成功
[02:28:28 INF] 【直播间】929670 的第 18 个心跳包发送成功
[02:28:30 INF] 【直播间】91164 的第 18 个心跳包发送成功
[02:28:31 INF] 【直播间】7184632 的第 18 个心跳包发送成功
[02:28:32 INF] 【直播间】23447660 的第 18 个心跳包发送成功
[02:28:33 INF] 【直播间】22764265 的第 18 个心跳包发送成功
[02:29:26 INF] 【直播间】23357926 的第 19 个心跳包发送成功
[02:29:27 INF] 【直播间】23040372 的第 19 个心跳包发送成功
[02:29:28 INF] 【直播间】31494 的第 19 个心跳包发送成功
[02:29:30 INF] 【直播间】4015781 的第 19 个心跳包发送成功
[02:29:31 INF] 【直播间】9619073 的第 19 个心跳包发送成功
[02:29:32 INF] 【直播间】407149 的第 19 个心跳包发送成功
[02:29:33 INF] 【直播间】11732699 的第 19 个心跳包发送成功
[02:29:35 INF] 【直播间】929670 的第 19 个心跳包发送成功
[02:29:36 INF] 【直播间】91164 的第 19 个心跳包发送成功
[02:29:37 INF] 【直播间】7184632 的第 19 个心跳包发送成功
[02:29:38 INF] 【直播间】23447660 的第 19 个心跳包发送成功
[02:29:40 INF] 【直播间】22764265 的第 19 个心跳包发送成功
[02:30:32 INF] 【直播间】23357926 的第 20 个心跳包发送成功
[02:30:34 INF] 【直播间】23040372 的第 20 个心跳包发送成功
[02:30:35 INF] 【直播间】31494 的第 20 个心跳包发送成功
[02:30:36 INF] 【直播间】4015781 的第 20 个心跳包发送成功
[02:30:37 INF] 【直播间】9619073 的第 20 个心跳包发送成功
[02:30:39 INF] 【直播间】407149 的第 20 个心跳包发送成功
[02:30:40 INF] 【直播间】11732699 的第 20 个心跳包发送成功
[02:30:41 INF] 【直播间】929670 的第 20 个心跳包发送成功
[02:30:42 INF] 【直播间】91164 的第 20 个心跳包发送成功
[02:30:44 INF] 【直播间】7184632 的第 20 个心跳包发送成功
[02:30:45 INF] 【直播间】23447660 的第 20 个心跳包发送成功
[02:30:46 INF] 【直播间】22764265 的第 20 个心跳包发送成功
[02:31:39 INF] 【直播间】23357926 的第 21 个心跳包发送成功
[02:31:40 INF] 【直播间】23040372 的第 21 个心跳包发送成功
[02:31:41 INF] 【直播间】31494 的第 21 个心跳包发送成功
[02:31:42 INF] 【直播间】4015781 的第 21 个心跳包发送成功
[02:31:44 INF] 【直播间】9619073 的第 21 个心跳包发送成功
[02:31:45 INF] 【直播间】407149 的第 21 个心跳包发送成功
[02:31:46 INF] 【直播间】11732699 的第 21 个心跳包发送成功
[02:31:47 INF] 【直播间】929670 的第 21 个心跳包发送成功
[02:31:49 INF] 【直播间】91164 的第 21 个心跳包发送成功
[02:31:50 INF] 【直播间】7184632 的第 21 个心跳包发送成功
[02:31:51 INF] 【直播间】23447660 的第 21 个心跳包发送成功
[02:31:53 INF] 【直播间】22764265 的第 21 个心跳包发送成功
[02:32:45 INF] 【直播间】23357926 的第 22 个心跳包发送成功
[02:32:47 INF] 【直播间】23040372 的第 22 个心跳包发送成功
[02:32:48 INF] 【直播间】31494 的第 22 个心跳包发送成功
[02:32:49 INF] 【直播间】4015781 的第 22 个心跳包发送成功
[02:32:51 INF] 【直播间】9619073 的第 22 个心跳包发送成功
[02:32:52 INF] 【直播间】407149 的第 22 个心跳包发送成功
[02:32:53 INF] 【直播间】11732699 的第 22 个心跳包发送成功
[02:32:54 INF] 【直播间】929670 的第 22 个心跳包发送成功
[02:32:56 INF] 【直播间】91164 的第 22 个心跳包发送成功
[02:32:57 INF] 【直播间】7184632 的第 22 个心跳包发送成功
[02:32:58 INF] 【直播间】23447660 的第 22 个心跳包发送成功
[02:32:59 INF] 【直播间】22764265 的第 22 个心跳包发送成功
[02:33:52 INF] 【直播间】23357926 的第 23 个心跳包发送成功
[02:33:53 INF] 【直播间】23040372 的第 23 个心跳包发送成功
[02:33:54 INF] 【直播间】31494 的第 23 个心跳包发送成功
[02:33:56 INF] 【直播间】4015781 的第 23 个心跳包发送成功
[02:33:57 INF] 【直播间】9619073 的第 23 个心跳包发送成功
[02:33:58 INF] 【直播间】407149 的第 23 个心跳包发送成功
[02:33:59 INF] 【直播间】11732699 的第 23 个心跳包发送成功
[02:34:01 INF] 【直播间】929670 的第 23 个心跳包发送成功
[02:34:02 INF] 【直播间】91164 的第 23 个心跳包发送成功
[02:34:03 INF] 【直播间】7184632 的第 23 个心跳包发送成功
[02:34:04 INF] 【直播间】23447660 的第 23 个心跳包发送成功
[02:34:06 INF] 【直播间】22764265 的第 23 个心跳包发送成功
[02:34:58 INF] 【直播间】23357926 的第 24 个心跳包发送成功
[02:35:00 INF] 【直播间】23040372 的第 24 个心跳包发送成功
[02:35:01 INF] 【直播间】31494 的第 24 个心跳包发送成功
[02:35:02 INF] 【直播间】4015781 的第 24 个心跳包发送成功
[02:35:03 INF] 【直播间】9619073 的第 24 个心跳包发送成功
[02:35:04 INF] 【直播间】407149 的第 24 个心跳包发送成功
[02:35:06 INF] 【直播间】11732699 的第 24 个心跳包发送成功
[02:35:07 INF] 【直播间】929670 的第 24 个心跳包发送成功
[02:35:08 INF] 【直播间】91164 的第 24 个心跳包发送成功
[02:35:09 INF] 【直播间】7184632 的第 24 个心跳包发送成功
[02:35:11 INF] 【直播间】23447660 的第 24 个心跳包发送成功
[02:35:12 INF] 【直播间】22764265 的第 24 个心跳包发送成功
[02:36:05 INF] 【直播间】23357926 的第 25 个心跳包发送成功
[02:36:06 INF] 【直播间】23040372 的第 25 个心跳包发送成功
[02:36:07 INF] 【直播间】31494 的第 25 个心跳包发送成功
[02:36:08 INF] 【直播间】4015781 的第 25 个心跳包发送成功
[02:36:10 INF] 【直播间】9619073 的第 25 个心跳包发送成功
[02:36:11 INF] 【直播间】407149 的第 25 个心跳包发送成功
[02:36:12 INF] 【直播间】11732699 的第 25 个心跳包发送成功
[02:36:14 INF] 【直播间】929670 的第 25 个心跳包发送成功
[02:36:15 INF] 【直播间】91164 的第 25 个心跳包发送成功
[02:36:16 INF] 【直播间】7184632 的第 25 个心跳包发送成功
[02:36:17 INF] 【直播间】23447660 的第 25 个心跳包发送成功
[02:36:19 INF] 【直播间】22764265 的第 25 个心跳包发送成功
[02:37:11 INF] 【直播间】23357926 的第 26 个心跳包发送成功
[02:37:12 INF] 【直播间】23040372 的第 26 个心跳包发送成功
[02:37:14 INF] 【直播间】31494 的第 26 个心跳包发送成功
[02:37:15 INF] 【直播间】4015781 的第 26 个心跳包发送成功
[02:37:16 INF] 【直播间】9619073 的第 26 个心跳包发送成功
[02:37:18 INF] 【直播间】407149 的第 26 个心跳包发送成功
[02:37:19 INF] 【直播间】11732699 的第 26 个心跳包发送成功
[02:37:20 INF] 【直播间】929670 的第 26 个心跳包发送成功
[02:37:22 INF] 【直播间】91164 的第 26 个心跳包发送成功
[02:37:23 INF] 【直播间】7184632 的第 26 个心跳包发送成功
[02:37:24 INF] 【直播间】23447660 的第 26 个心跳包发送成功
[02:37:25 INF] 【直播间】22764265 的第 26 个心跳包发送成功
[02:38:18 INF] 【直播间】23357926 的第 27 个心跳包发送成功
[02:38:19 INF] 【直播间】23040372 的第 27 个心跳包发送成功
[02:38:20 INF] 【直播间】31494 的第 27 个心跳包发送成功
[02:38:21 INF] 【直播间】4015781 的第 27 个心跳包发送成功
[02:38:23 INF] 【直播间】9619073 的第 27 个心跳包发送成功
[02:38:24 INF] 【直播间】407149 的第 27 个心跳包发送成功
[02:38:25 INF] 【直播间】11732699 的第 27 个心跳包发送成功
[02:38:27 INF] 【直播间】929670 的第 27 个心跳包发送成功
[02:38:28 INF] 【直播间】91164 的第 27 个心跳包发送成功
[02:38:29 INF] 【直播间】7184632 的第 27 个心跳包发送成功
[02:38:30 INF] 【直播间】23447660 的第 27 个心跳包发送成功
[02:38:32 INF] 【直播间】22764265 的第 27 个心跳包发送成功
[02:39:24 INF] 【直播间】23357926 的第 28 个心跳包发送成功
[02:39:25 INF] 【直播间】23040372 的第 28 个心跳包发送成功
[02:39:27 INF] 【直播间】31494 的第 28 个心跳包发送成功
[02:39:28 INF] 【直播间】4015781 的第 28 个心跳包发送成功
[02:39:29 INF] 【直播间】9619073 的第 28 个心跳包发送成功
[02:39:30 INF] 【直播间】407149 的第 28 个心跳包发送成功
[02:39:32 INF] 【直播间】11732699 的第 28 个心跳包发送成功
[02:39:33 INF] 【直播间】929670 的第 28 个心跳包发送成功
[02:39:34 INF] 【直播间】91164 的第 28 个心跳包发送成功
[02:39:35 INF] 【直播间】7184632 的第 28 个心跳包发送成功
[02:39:37 INF] 【直播间】23447660 的第 28 个心跳包发送成功
[02:39:38 INF] 【直播间】22764265 的第 28 个心跳包发送成功
[02:40:31 ERR] 【心跳包】直播间 23357926 发送失败
[02:40:31 ERR] 【原因】time check failed
[02:40:32 ERR] 【心跳包】直播间 23040372 发送失败
[02:40:32 ERR] 【原因】time check failed
[02:40:33 ERR] 【心跳包】直播间 31494 发送失败
[02:40:33 ERR] 【原因】time check failed
[02:40:34 INF] 【直播间】4015781 的第 29 个心跳包发送成功
[02:40:35 ERR] 【心跳包】直播间 9619073 发送失败
[02:40:35 ERR] 【原因】time check failed
[02:40:37 ERR] 【心跳包】直播间 407149 发送失败
[02:40:37 ERR] 【原因】time check failed
[02:40:38 ERR] 【心跳包】直播间 11732699 发送失败
[02:40:38 ERR] 【原因】time check failed
[02:40:39 INF] 【直播间】929670 的第 29 个心跳包发送成功
[02:40:40 INF] 【直播间】91164 的第 29 个心跳包发送成功
[02:40:42 ERR] 【心跳包】直播间 7184632 发送失败
[02:40:42 ERR] 【原因】time check failed
[02:40:43 ERR] 【心跳包】直播间 23447660 发送失败
[02:40:43 ERR] 【原因】time check failed
[02:40:44 ERR] 【心跳包】直播间 22764265 发送失败
[02:40:44 ERR] 【原因】time check failed
[02:41:37 INF] 【直播间】23357926 的第 29 个心跳包发送成功
[02:41:38 INF] 【直播间】23040372 的第 29 个心跳包发送成功
[02:41:39 INF] 【直播间】31494 的第 29 个心跳包发送成功
[02:41:41 ERR] 【心跳包】直播间 4015781 发送失败
[02:41:41 ERR] 【原因】time check failed
[02:41:42 INF] 【直播间】9619073 的第 29 个心跳包发送成功
[02:41:43 INF] 【直播间】407149 的第 29 个心跳包发送成功
[02:41:44 INF] 【直播间】11732699 的第 29 个心跳包发送成功
[02:41:46 ERR] 【心跳包】直播间 929670 发送失败
[02:41:46 ERR] 【原因】time check failed
[02:41:47 ERR] 【心跳包】直播间 91164 发送失败
[02:41:47 ERR] 【原因】time check failed
[02:41:48 INF] 【直播间】7184632 的第 29 个心跳包发送成功
[02:41:49 INF] 【直播间】23447660 的第 29 个心跳包发送成功
[02:41:51 INF] 【直播间】22764265 的第 29 个心跳包发送成功
[02:42:43 INF] 【直播间】23357926 的第 30 个心跳包发送成功
[02:42:45 INF] 【直播间】23040372 的第 30 个心跳包发送成功
[02:42:46 INF] 【直播间】31494 的第 30 个心跳包发送成功
[02:42:47 INF] 【直播间】4015781 的第 30 个心跳包发送成功
[02:42:48 INF] 【直播间】9619073 的第 30 个心跳包发送成功
[02:42:50 INF] 【直播间】407149 的第 30 个心跳包发送成功
[02:42:51 INF] 【直播间】11732699 的第 30 个心跳包发送成功
[02:42:52 INF] 【直播间】929670 的第 30 个心跳包发送成功
[02:42:53 INF] 【直播间】91164 的第 30 个心跳包发送成功
[02:42:54 INF] 【直播间】7184632 的第 30 个心跳包发送成功
[02:42:56 INF] 【直播间】23447660 的第 30 个心跳包发送成功
[02:42:57 INF] 【直播间】22764265 的第 30 个心跳包发送成功
[02:43:50 INF] 【直播间】23357926 的第 31 个心跳包发送成功
[02:43:51 INF] 【直播间】23040372 的第 31 个心跳包发送成功
[02:43:53 INF] 【直播间】31494 的第 31 个心跳包发送成功
[02:43:54 INF] 【直播间】4015781 的第 31 个心跳包发送成功
[02:43:55 INF] 【直播间】9619073 的第 31 个心跳包发送成功
[02:43:56 INF] 【直播间】407149 的第 31 个心跳包发送成功
[02:43:58 INF] 【直播间】11732699 的第 31 个心跳包发送成功
[02:43:59 INF] 【直播间】929670 的第 31 个心跳包发送成功
[02:44:00 INF] 【直播间】91164 的第 31 个心跳包发送成功
[02:44:01 INF] 【直播间】7184632 的第 31 个心跳包发送成功
[02:44:03 INF] 【直播间】23447660 的第 31 个心跳包发送成功
[02:44:04 INF] 【直播间】22764265 的第 31 个心跳包发送成功
[02:44:56 INF] 【直播间】23357926 的第 32 个心跳包发送成功
[02:44:58 INF] 【直播间】23040372 的第 32 个心跳包发送成功
[02:44:59 INF] 【直播间】31494 的第 32 个心跳包发送成功
[02:45:00 INF] 【直播间】4015781 的第 32 个心跳包发送成功
[02:45:01 INF] 【直播间】9619073 的第 32 个心跳包发送成功
[02:45:03 INF] 【直播间】407149 的第 32 个心跳包发送成功
[02:45:04 INF] 【直播间】11732699 的第 32 个心跳包发送成功
[02:45:05 INF] 【直播间】929670 的第 32 个心跳包发送成功
[02:45:06 INF] 【直播间】91164 的第 32 个心跳包发送成功
[02:45:08 INF] 【直播间】7184632 的第 32 个心跳包发送成功
[02:45:09 INF] 【直播间】23447660 的第 32 个心跳包发送成功
[02:45:10 INF] 【直播间】22764265 的第 32 个心跳包发送成功
[02:46:03 INF] 【直播间】23357926 的第 33 个心跳包发送成功
[02:46:04 INF] 【直播间】23040372 的第 33 个心跳包发送成功
[02:46:05 INF] 【直播间】31494 的第 33 个心跳包发送成功
[02:46:07 INF] 【直播间】4015781 的第 33 个心跳包发送成功
[02:46:08 INF] 【直播间】9619073 的第 33 个心跳包发送成功
[02:46:09 INF] 【直播间】407149 的第 33 个心跳包发送成功
[02:46:10 INF] 【直播间】11732699 的第 33 个心跳包发送成功
[02:46:12 INF] 【直播间】929670 的第 33 个心跳包发送成功
[02:46:13 INF] 【直播间】91164 的第 33 个心跳包发送成功
[02:46:14 INF] 【直播间】7184632 的第 33 个心跳包发送成功
[02:46:15 INF] 【直播间】23447660 的第 33 个心跳包发送成功
[02:46:17 INF] 【直播间】22764265 的第 33 个心跳包发送成功
[02:47:09 INF] 【直播间】23357926 的第 34 个心跳包发送成功
[02:47:11 INF] 【直播间】23040372 的第 34 个心跳包发送成功
[02:47:12 INF] 【直播间】31494 的第 34 个心跳包发送成功
[02:47:13 INF] 【直播间】4015781 的第 34 个心跳包发送成功
[02:47:14 INF] 【直播间】9619073 的第 34 个心跳包发送成功
[02:47:15 INF] 【直播间】407149 的第 34 个心跳包发送成功
[02:47:17 INF] 【直播间】11732699 的第 34 个心跳包发送成功
[02:47:18 INF] 【直播间】929670 的第 34 个心跳包发送成功
[02:47:19 INF] 【直播间】91164 的第 34 个心跳包发送成功
[02:47:20 INF] 【直播间】7184632 的第 34 个心跳包发送成功
[02:47:22 INF] 【直播间】23447660 的第 34 个心跳包发送成功
[02:47:23 INF] 【直播间】22764265 的第 34 个心跳包发送成功
[02:48:16 INF] 【直播间】23357926 的第 35 个心跳包发送成功
[02:48:17 INF] 【直播间】23040372 的第 35 个心跳包发送成功
[02:48:18 INF] 【直播间】31494 的第 35 个心跳包发送成功
[02:48:19 INF] 【直播间】4015781 的第 35 个心跳包发送成功
[02:48:21 INF] 【直播间】9619073 的第 35 个心跳包发送成功
[02:48:22 INF] 【直播间】407149 的第 35 个心跳包发送成功
[02:48:23 INF] 【直播间】11732699 的第 35 个心跳包发送成功
[02:48:24 INF] 【直播间】929670 的第 35 个心跳包发送成功
[02:48:26 INF] 【直播间】91164 的第 35 个心跳包发送成功
[02:48:27 INF] 【直播间】7184632 的第 35 个心跳包发送成功
[02:48:28 INF] 【直播间】23447660 的第 35 个心跳包发送成功
[02:48:29 INF] 【直播间】22764265 的第 35 个心跳包发送成功
[02:49:22 INF] 【直播间】23357926 的第 36 个心跳包发送成功
[02:49:24 INF] 【直播间】23040372 的第 36 个心跳包发送成功
[02:49:25 INF] 【直播间】31494 的第 36 个心跳包发送成功
[02:49:26 INF] 【直播间】4015781 的第 36 个心跳包发送成功
[02:49:27 INF] 【直播间】9619073 的第 36 个心跳包发送成功
[02:49:29 INF] 【直播间】407149 的第 36 个心跳包发送成功
[02:49:30 INF] 【直播间】11732699 的第 36 个心跳包发送成功
[02:49:31 INF] 【直播间】929670 的第 36 个心跳包发送成功
[02:49:32 INF] 【直播间】91164 的第 36 个心跳包发送成功
[02:49:34 INF] 【直播间】7184632 的第 36 个心跳包发送成功
[02:49:35 INF] 【直播间】23447660 的第 36 个心跳包发送成功
[02:49:36 INF] 【直播间】22764265 的第 36 个心跳包发送成功
[02:50:29 INF] 【直播间】23357926 的第 37 个心跳包发送成功
[02:50:30 INF] 【直播间】23040372 的第 37 个心跳包发送成功
[02:50:31 INF] 【直播间】31494 的第 37 个心跳包发送成功
[02:50:33 INF] 【直播间】4015781 的第 37 个心跳包发送成功
[02:50:34 INF] 【直播间】9619073 的第 37 个心跳包发送成功
[02:50:35 INF] 【直播间】407149 的第 37 个心跳包发送成功
[02:50:36 INF] 【直播间】11732699 的第 37 个心跳包发送成功
[02:50:38 INF] 【直播间】929670 的第 37 个心跳包发送成功
[02:50:39 INF] 【直播间】91164 的第 37 个心跳包发送成功
[02:50:40 INF] 【直播间】7184632 的第 37 个心跳包发送成功
[02:50:41 INF] 【直播间】23447660 的第 37 个心跳包发送成功
[02:50:43 INF] 【直播间】22764265 的第 37 个心跳包发送成功
[02:51:35 INF] 【直播间】23357926 的第 38 个心跳包发送成功
[02:51:37 INF] 【直播间】23040372 的第 38 个心跳包发送成功
[02:51:38 INF] 【直播间】31494 的第 38 个心跳包发送成功
[02:51:39 INF] 【直播间】4015781 的第 38 个心跳包发送成功
[02:51:40 INF] 【直播间】9619073 的第 38 个心跳包发送成功
[02:51:42 INF] 【直播间】407149 的第 38 个心跳包发送成功
[02:51:43 INF] 【直播间】11732699 的第 38 个心跳包发送成功
[02:51:44 INF] 【直播间】929670 的第 38 个心跳包发送成功
[02:51:45 INF] 【直播间】91164 的第 38 个心跳包发送成功
[02:51:47 INF] 【直播间】7184632 的第 38 个心跳包发送成功
[02:51:48 INF] 【直播间】23447660 的第 38 个心跳包发送成功
[02:51:49 INF] 【直播间】22764265 的第 38 个心跳包发送成功
[02:52:42 INF] 【直播间】23357926 的第 39 个心跳包发送成功
[02:52:43 INF] 【直播间】23040372 的第 39 个心跳包发送成功
[02:52:44 INF] 【直播间】31494 的第 39 个心跳包发送成功
[02:52:46 INF] 【直播间】4015781 的第 39 个心跳包发送成功
[02:52:47 INF] 【直播间】9619073 的第 39 个心跳包发送成功
[02:52:48 INF] 【直播间】407149 的第 39 个心跳包发送成功
[02:52:49 INF] 【直播间】11732699 的第 39 个心跳包发送成功
[02:52:50 INF] 【直播间】929670 的第 39 个心跳包发送成功
[02:52:52 INF] 【直播间】91164 的第 39 个心跳包发送成功
[02:52:53 INF] 【直播间】7184632 的第 39 个心跳包发送成功
[02:52:54 INF] 【直播间】23447660 的第 39 个心跳包发送成功
[02:52:56 INF] 【直播间】22764265 的第 39 个心跳包发送成功
[02:53:48 INF] 【直播间】23357926 的第 40 个心跳包发送成功
[02:53:49 INF] 【直播间】23040372 的第 40 个心跳包发送成功
[02:53:51 INF] 【直播间】31494 的第 40 个心跳包发送成功
[02:53:52 INF] 【直播间】4015781 的第 40 个心跳包发送成功
[02:53:53 INF] 【直播间】9619073 的第 40 个心跳包发送成功
[02:53:54 INF] 【直播间】407149 的第 40 个心跳包发送成功
[02:53:56 INF] 【直播间】11732699 的第 40 个心跳包发送成功
[02:53:57 INF] 【直播间】929670 的第 40 个心跳包发送成功
[02:53:58 INF] 【直播间】91164 的第 40 个心跳包发送成功
[02:53:59 INF] 【直播间】7184632 的第 40 个心跳包发送成功
[02:54:01 INF] 【直播间】23447660 的第 40 个心跳包发送成功
[02:54:02 INF] 【直播间】22764265 的第 40 个心跳包发送成功
[02:54:55 INF] 【直播间】23357926 的第 41 个心跳包发送成功
[02:54:56 INF] 【直播间】23040372 的第 41 个心跳包发送成功
[02:54:57 INF] 【直播间】31494 的第 41 个心跳包发送成功
[02:54:59 INF] 【直播间】4015781 的第 41 个心跳包发送成功
[02:55:00 INF] 【直播间】9619073 的第 41 个心跳包发送成功
[02:55:01 INF] 【直播间】407149 的第 41 个心跳包发送成功
[02:55:03 INF] 【直播间】11732699 的第 41 个心跳包发送成功
[02:55:04 INF] 【直播间】929670 的第 41 个心跳包发送成功
[02:55:05 INF] 【直播间】91164 的第 41 个心跳包发送成功
[02:55:06 INF] 【直播间】7184632 的第 41 个心跳包发送成功
[02:55:08 INF] 【直播间】23447660 的第 41 个心跳包发送成功
[02:55:09 INF] 【直播间】22764265 的第 41 个心跳包发送成功
[02:56:01 ERR] 【心跳包】直播间 23357926 发送失败
[02:56:01 ERR] 【原因】time check failed
[02:56:03 INF] 【直播间】23040372 的第 42 个心跳包发送成功
[02:56:04 ERR] 【心跳包】直播间 31494 发送失败
[02:56:04 ERR] 【原因】time check failed
[02:56:05 INF] 【直播间】4015781 的第 42 个心跳包发送成功
[02:56:06 ERR] 【心跳包】直播间 9619073 发送失败
[02:56:06 ERR] 【原因】time check failed
[02:56:08 INF] 【直播间】407149 的第 42 个心跳包发送成功
[02:56:09 ERR] 【心跳包】直播间 11732699 发送失败
[02:56:09 ERR] 【原因】time check failed
[02:56:10 INF] 【直播间】929670 的第 42 个心跳包发送成功
[02:56:12 INF] 【直播间】91164 的第 42 个心跳包发送成功
[02:56:13 ERR] 【心跳包】直播间 7184632 发送失败
[02:56:13 ERR] 【原因】time check failed
[02:56:14 ERR] 【心跳包】直播间 23447660 发送失败
[02:56:14 ERR] 【原因】time check failed
[02:56:15 ERR] 【心跳包】直播间 22764265 发送失败
[02:56:15 ERR] 【原因】time check failed
[02:57:08 INF] 【直播间】23357926 的第 42 个心跳包发送成功
[02:57:09 ERR] 【心跳包】直播间 23040372 发送失败
[02:57:09 ERR] 【原因】time check failed
[02:57:10 INF] 【直播间】31494 的第 42 个心跳包发送成功
[02:57:11 INF] 【直播间】4015781 的第 43 个心跳包发送成功
[02:57:13 INF] 【直播间】9619073 的第 42 个心跳包发送成功
[02:57:14 ERR] 【心跳包】直播间 407149 发送失败
[02:57:14 ERR] 【原因】time check failed
[02:57:15 INF] 【直播间】11732699 的第 42 个心跳包发送成功
[02:57:17 INF] 【直播间】929670 的第 43 个心跳包发送成功
[02:57:18 ERR] 【心跳包】直播间 91164 发送失败
[02:57:18 ERR] 【原因】time check failed
[02:57:19 INF] 【直播间】7184632 的第 42 个心跳包发送成功
[02:57:20 INF] 【直播间】23447660 的第 42 个心跳包发送成功
[02:57:21 INF] 【直播间】22764265 的第 42 个心跳包发送成功
[02:58:14 INF] 【直播间】23357926 的第 43 个心跳包发送成功
[02:58:15 INF] 【直播间】23040372 的第 43 个心跳包发送成功
[02:58:17 INF] 【直播间】31494 的第 43 个心跳包发送成功
[02:58:18 ERR] 【心跳包】直播间 4015781 发送失败
[02:58:18 ERR] 【原因】time check failed
[02:58:19 INF] 【直播间】9619073 的第 43 个心跳包发送成功
[02:58:20 INF] 【直播间】407149 的第 43 个心跳包发送成功
[02:58:21 INF] 【直播间】11732699 的第 43 个心跳包发送成功
[02:58:23 ERR] 【心跳包】直播间 929670 发送失败
[02:58:23 ERR] 【原因】time check failed
[02:58:24 INF] 【直播间】91164 的第 43 个心跳包发送成功
[02:58:25 INF] 【直播间】7184632 的第 43 个心跳包发送成功
[02:58:27 INF] 【直播间】23447660 的第 43 个心跳包发送成功
[02:58:28 INF] 【直播间】22764265 的第 43 个心跳包发送成功
[02:59:20 INF] 【直播间】23357926 的第 44 个心跳包发送成功
[02:59:22 INF] 【直播间】23040372 的第 44 个心跳包发送成功
[02:59:23 INF] 【直播间】31494 的第 44 个心跳包发送成功
[02:59:24 INF] 【直播间】4015781 的第 44 个心跳包发送成功
[02:59:26 INF] 【直播间】9619073 的第 44 个心跳包发送成功
[02:59:27 INF] 【直播间】407149 的第 44 个心跳包发送成功
[02:59:28 INF] 【直播间】11732699 的第 44 个心跳包发送成功
[02:59:29 INF] 【直播间】929670 的第 44 个心跳包发送成功
[02:59:31 INF] 【直播间】91164 的第 44 个心跳包发送成功
[02:59:32 INF] 【直播间】7184632 的第 44 个心跳包发送成功
[02:59:33 INF] 【直播间】23447660 的第 44 个心跳包发送成功
[02:59:34 INF] 【直播间】22764265 的第 44 个心跳包发送成功
[03:00:27 INF] 【直播间】23357926 的第 45 个心跳包发送成功
[03:00:28 INF] 【直播间】23040372 的第 45 个心跳包发送成功
[03:00:30 INF] 【直播间】31494 的第 45 个心跳包发送成功
[03:00:31 INF] 【直播间】4015781 的第 45 个心跳包发送成功
[03:00:32 INF] 【直播间】9619073 的第 45 个心跳包发送成功
[03:00:33 INF] 【直播间】407149 的第 45 个心跳包发送成功
[03:00:35 INF] 【直播间】11732699 的第 45 个心跳包发送成功
[03:00:36 INF] 【直播间】929670 的第 45 个心跳包发送成功
[03:00:37 INF] 【直播间】91164 的第 45 个心跳包发送成功
[03:00:38 INF] 【直播间】7184632 的第 45 个心跳包发送成功
[03:00:40 INF] 【直播间】23447660 的第 45 个心跳包发送成功
[03:00:41 INF] 【直播间】22764265 的第 45 个心跳包发送成功
[03:01:34 INF] 【直播间】23357926 的第 46 个心跳包发送成功
[03:01:35 INF] 【直播间】23040372 的第 46 个心跳包发送成功
[03:01:36 INF] 【直播间】31494 的第 46 个心跳包发送成功
[03:01:37 INF] 【直播间】4015781 的第 46 个心跳包发送成功
[03:01:39 INF] 【直播间】9619073 的第 46 个心跳包发送成功
[03:01:40 INF] 【直播间】407149 的第 46 个心跳包发送成功
[03:01:41 INF] 【直播间】11732699 的第 46 个心跳包发送成功
[03:01:42 INF] 【直播间】929670 的第 46 个心跳包发送成功
[03:01:44 INF] 【直播间】91164 的第 46 个心跳包发送成功
[03:01:45 INF] 【直播间】7184632 的第 46 个心跳包发送成功
[03:01:46 INF] 【直播间】23447660 的第 46 个心跳包发送成功
[03:01:48 INF] 【直播间】22764265 的第 46 个心跳包发送成功
[03:02:40 INF] 【直播间】23357926 的第 47 个心跳包发送成功
[03:02:41 INF] 【直播间】23040372 的第 47 个心跳包发送成功
[03:02:43 INF] 【直播间】31494 的第 47 个心跳包发送成功
[03:02:44 INF] 【直播间】4015781 的第 47 个心跳包发送成功
[03:02:45 INF] 【直播间】9619073 的第 47 个心跳包发送成功
[03:02:46 INF] 【直播间】407149 的第 47 个心跳包发送成功
[03:02:47 INF] 【直播间】11732699 的第 47 个心跳包发送成功
[03:02:49 INF] 【直播间】929670 的第 47 个心跳包发送成功
[03:02:50 INF] 【直播间】91164 的第 47 个心跳包发送成功
[03:02:51 INF] 【直播间】7184632 的第 47 个心跳包发送成功
[03:02:53 INF] 【直播间】23447660 的第 47 个心跳包发送成功
[03:02:54 INF] 【直播间】22764265 的第 47 个心跳包发送成功
[03:03:46 INF] 【直播间】23357926 的第 48 个心跳包发送成功
[03:03:48 INF] 【直播间】23040372 的第 48 个心跳包发送成功
[03:03:49 INF] 【直播间】31494 的第 48 个心跳包发送成功
[03:03:50 INF] 【直播间】4015781 的第 48 个心跳包发送成功
[03:03:51 INF] 【直播间】9619073 的第 48 个心跳包发送成功
[03:03:53 INF] 【直播间】407149 的第 48 个心跳包发送成功
[03:03:54 INF] 【直播间】11732699 的第 48 个心跳包发送成功
[03:03:55 INF] 【直播间】929670 的第 48 个心跳包发送成功
[03:03:56 INF] 【直播间】91164 的第 48 个心跳包发送成功
[03:03:58 INF] 【直播间】7184632 的第 48 个心跳包发送成功
[03:03:59 INF] 【直播间】23447660 的第 48 个心跳包发送成功
[03:04:00 INF] 【直播间】22764265 的第 48 个心跳包发送成功
[03:04:53 INF] 【直播间】23357926 的第 49 个心跳包发送成功
[03:04:54 INF] 【直播间】23040372 的第 49 个心跳包发送成功
[03:04:55 INF] 【直播间】31494 的第 49 个心跳包发送成功
[03:04:57 INF] 【直播间】4015781 的第 49 个心跳包发送成功
[03:04:58 INF] 【直播间】9619073 的第 49 个心跳包发送成功
[03:04:59 INF] 【直播间】407149 的第 49 个心跳包发送成功
[03:05:00 INF] 【直播间】11732699 的第 49 个心跳包发送成功
[03:05:02 INF] 【直播间】929670 的第 49 个心跳包发送成功
[03:05:03 INF] 【直播间】91164 的第 49 个心跳包发送成功
[03:05:04 INF] 【直播间】7184632 的第 49 个心跳包发送成功
[03:05:05 INF] 【直播间】23447660 的第 49 个心跳包发送成功
[03:05:06 INF] 【直播间】22764265 的第 49 个心跳包发送成功
[03:05:59 INF] 【直播间】23357926 的第 50 个心跳包发送成功
[03:06:01 INF] 【直播间】23040372 的第 50 个心跳包发送成功
[03:06:02 INF] 【直播间】31494 的第 50 个心跳包发送成功
[03:06:03 INF] 【直播间】4015781 的第 50 个心跳包发送成功
[03:06:04 INF] 【直播间】9619073 的第 50 个心跳包发送成功
[03:06:06 INF] 【直播间】407149 的第 50 个心跳包发送成功
[03:06:07 INF] 【直播间】11732699 的第 50 个心跳包发送成功
[03:06:08 INF] 【直播间】929670 的第 50 个心跳包发送成功
[03:06:09 INF] 【直播间】91164 的第 50 个心跳包发送成功
[03:06:11 INF] 【直播间】7184632 的第 50 个心跳包发送成功
[03:06:12 INF] 【直播间】23447660 的第 50 个心跳包发送成功
[03:06:13 INF] 【直播间】22764265 的第 50 个心跳包发送成功
[03:07:06 INF] 【直播间】23357926 的第 51 个心跳包发送成功
[03:07:07 INF] 【直播间】23040372 的第 51 个心跳包发送成功
[03:07:09 INF] 【直播间】31494 的第 51 个心跳包发送成功
[03:07:10 INF] 【直播间】4015781 的第 51 个心跳包发送成功
[03:07:11 INF] 【直播间】9619073 的第 51 个心跳包发送成功
[03:07:12 INF] 【直播间】407149 的第 51 个心跳包发送成功
[03:07:13 INF] 【直播间】11732699 的第 51 个心跳包发送成功
[03:07:15 INF] 【直播间】929670 的第 51 个心跳包发送成功
[03:07:16 INF] 【直播间】91164 的第 51 个心跳包发送成功
[03:07:17 INF] 【直播间】7184632 的第 51 个心跳包发送成功
[03:07:19 INF] 【直播间】23447660 的第 51 个心跳包发送成功
[03:07:20 INF] 【直播间】22764265 的第 51 个心跳包发送成功
[03:08:12 INF] 【直播间】23357926 的第 52 个心跳包发送成功
[03:08:14 INF] 【直播间】23040372 的第 52 个心跳包发送成功
[03:08:15 INF] 【直播间】31494 的第 52 个心跳包发送成功
[03:08:16 INF] 【直播间】4015781 的第 52 个心跳包发送成功
[03:08:17 INF] 【直播间】9619073 的第 52 个心跳包发送成功
[03:08:19 INF] 【直播间】407149 的第 52 个心跳包发送成功
[03:08:20 INF] 【直播间】11732699 的第 52 个心跳包发送成功
[03:08:21 INF] 【直播间】929670 的第 52 个心跳包发送成功
[03:08:22 INF] 【直播间】91164 的第 52 个心跳包发送成功
[03:08:24 INF] 【直播间】7184632 的第 52 个心跳包发送成功
[03:08:25 INF] 【直播间】23447660 的第 52 个心跳包发送成功
[03:08:26 INF] 【直播间】22764265 的第 52 个心跳包发送成功
[03:09:19 INF] 【直播间】23357926 的第 53 个心跳包发送成功
[03:09:20 INF] 【直播间】23040372 的第 53 个心跳包发送成功
[03:09:22 INF] 【直播间】31494 的第 53 个心跳包发送成功
[03:09:23 INF] 【直播间】4015781 的第 53 个心跳包发送成功
[03:09:24 INF] 【直播间】9619073 的第 53 个心跳包发送成功
[03:09:25 INF] 【直播间】407149 的第 53 个心跳包发送成功
[03:09:27 INF] 【直播间】11732699 的第 53 个心跳包发送成功
[03:09:28 INF] 【直播间】929670 的第 53 个心跳包发送成功
[03:09:29 INF] 【直播间】91164 的第 53 个心跳包发送成功
[03:09:31 INF] 【直播间】7184632 的第 53 个心跳包发送成功
[03:09:32 INF] 【直播间】23447660 的第 53 个心跳包发送成功
[03:09:33 INF] 【直播间】22764265 的第 53 个心跳包发送成功
[03:10:25 INF] 【直播间】23357926 的第 54 个心跳包发送成功
[03:10:26 INF] 【直播间】23040372 的第 54 个心跳包发送成功
[03:10:28 INF] 【直播间】31494 的第 54 个心跳包发送成功
[03:10:29 INF] 【直播间】4015781 的第 54 个心跳包发送成功
[03:10:30 INF] 【直播间】9619073 的第 54 个心跳包发送成功
[03:10:32 INF] 【直播间】407149 的第 54 个心跳包发送成功
[03:10:33 INF] 【直播间】11732699 的第 54 个心跳包发送成功
[03:10:34 INF] 【直播间】929670 的第 54 个心跳包发送成功
[03:10:36 INF] 【直播间】91164 的第 54 个心跳包发送成功
[03:10:37 INF] 【直播间】7184632 的第 54 个心跳包发送成功
[03:10:38 INF] 【直播间】23447660 的第 54 个心跳包发送成功
[03:10:39 INF] 【直播间】22764265 的第 54 个心跳包发送成功
[03:11:32 ERR] 【心跳包】直播间 23357926 发送失败
[03:11:32 ERR] 【原因】time check failed
[03:11:33 INF] 【直播间】23040372 的第 55 个心跳包发送成功
[03:11:34 INF] 【直播间】31494 的第 55 个心跳包发送成功
[03:11:36 INF] 【直播间】4015781 的第 55 个心跳包发送成功
[03:11:37 ERR] 【心跳包】直播间 9619073 发送失败
[03:11:37 ERR] 【原因】time check failed
[03:11:38 INF] 【直播间】407149 的第 55 个心跳包发送成功
[03:11:39 INF] 【直播间】11732699 的第 55 个心跳包发送成功
[03:11:41 INF] 【直播间】929670 的第 55 个心跳包发送成功
[03:11:42 INF] 【直播间】91164 的第 55 个心跳包发送成功
[03:11:43 INF] 【直播间】7184632 的第 55 个心跳包发送成功
[03:11:44 INF] 【直播间】23447660 的第 55 个心跳包发送成功
[03:11:46 ERR] 【心跳包】直播间 22764265 发送失败
[03:11:46 ERR] 【原因】time check failed
[03:12:38 INF] 【直播间】23357926 的第 55 个心跳包发送成功
[03:12:40 INF] 【直播间】23040372 的第 56 个心跳包发送成功
[03:12:41 ERR] 【心跳包】直播间 31494 发送失败
[03:12:41 ERR] 【原因】time check failed
[03:12:42 INF] 【直播间】4015781 的第 56 个心跳包发送成功
[03:12:43 INF] 【直播间】9619073 的第 55 个心跳包发送成功
[03:12:45 INF] 【直播间】407149 的第 56 个心跳包发送成功
[03:12:46 ERR] 【心跳包】直播间 11732699 发送失败
[03:12:46 ERR] 【原因】time check failed
[03:12:47 INF] 【直播间】929670 的第 56 个心跳包发送成功
[03:12:48 INF] 【直播间】91164 的第 56 个心跳包发送成功
[03:12:50 ERR] 【心跳包】直播间 7184632 发送失败
[03:12:50 ERR] 【原因】time check failed
[03:12:51 ERR] 【心跳包】直播间 23447660 发送失败
[03:12:51 ERR] 【原因】time check failed
[03:12:52 INF] 【直播间】22764265 的第 55 个心跳包发送成功
[03:13:45 INF] 【直播间】23357926 的第 56 个心跳包发送成功
[03:13:46 ERR] 【心跳包】直播间 23040372 发送失败
[03:13:46 ERR] 【原因】time check failed
[03:13:47 INF] 【直播间】31494 的第 56 个心跳包发送成功
[03:13:48 INF] 【直播间】4015781 的第 57 个心跳包发送成功
[03:13:50 INF] 【直播间】9619073 的第 56 个心跳包发送成功
[03:13:51 ERR] 【心跳包】直播间 407149 发送失败
[03:13:51 ERR] 【原因】time check failed
[03:13:52 INF] 【直播间】11732699 的第 56 个心跳包发送成功
[03:13:53 INF] 【直播间】929670 的第 57 个心跳包发送成功
[03:13:55 ERR] 【心跳包】直播间 91164 发送失败
[03:13:55 ERR] 【原因】time check failed
[03:13:56 INF] 【直播间】7184632 的第 56 个心跳包发送成功
[03:13:57 INF] 【直播间】23447660 的第 56 个心跳包发送成功
[03:13:59 INF] 【直播间】22764265 的第 56 个心跳包发送成功
[03:14:51 INF] 【直播间】23357926 的第 57 个心跳包发送成功
[03:14:52 INF] 【直播间】23040372 的第 57 个心跳包发送成功
[03:14:54 INF] 【直播间】31494 的第 57 个心跳包发送成功
[03:14:55 ERR] 【心跳包】直播间 4015781 发送失败
[03:14:55 ERR] 【原因】time check failed
[03:14:56 INF] 【直播间】9619073 的第 57 个心跳包发送成功
[03:14:57 INF] 【直播间】407149 的第 57 个心跳包发送成功
[03:14:58 INF] 【直播间】11732699 的第 57 个心跳包发送成功
[03:15:00 ERR] 【心跳包】直播间 929670 发送失败
[03:15:00 ERR] 【原因】time check failed
[03:15:01 INF] 【直播间】91164 的第 57 个心跳包发送成功
[03:15:02 INF] 【直播间】7184632 的第 57 个心跳包发送成功
[03:15:04 INF] 【直播间】23447660 的第 57 个心跳包发送成功
[03:15:05 INF] 【直播间】22764265 的第 57 个心跳包发送成功
[03:15:57 INF] 【直播间】23357926 的第 58 个心跳包发送成功
[03:15:59 INF] 【直播间】23040372 的第 58 个心跳包发送成功
[03:16:00 INF] 【直播间】31494 的第 58 个心跳包发送成功
[03:16:01 INF] 【直播间】4015781 的第 58 个心跳包发送成功
[03:16:03 INF] 【直播间】9619073 的第 58 个心跳包发送成功
[03:16:04 INF] 【直播间】407149 的第 58 个心跳包发送成功
[03:16:05 INF] 【直播间】11732699 的第 58 个心跳包发送成功
[03:16:06 INF] 【直播间】929670 的第 58 个心跳包发送成功
[03:16:08 INF] 【直播间】91164 的第 58 个心跳包发送成功
[03:16:09 INF] 【直播间】7184632 的第 58 个心跳包发送成功
[03:16:10 INF] 【直播间】23447660 的第 58 个心跳包发送成功
[03:16:11 INF] 【直播间】22764265 的第 58 个心跳包发送成功
[03:17:04 INF] 【直播间】23357926 的第 59 个心跳包发送成功
[03:17:05 INF] 【直播间】23040372 的第 59 个心跳包发送成功
[03:17:07 INF] 【直播间】31494 的第 59 个心跳包发送成功
[03:17:08 INF] 【直播间】4015781 的第 59 个心跳包发送成功
[03:17:09 INF] 【直播间】9619073 的第 59 个心跳包发送成功
[03:17:10 INF] 【直播间】407149 的第 59 个心跳包发送成功
[03:17:11 INF] 【直播间】11732699 的第 59 个心跳包发送成功
[03:17:13 INF] 【直播间】929670 的第 59 个心跳包发送成功
[03:17:14 INF] 【直播间】91164 的第 59 个心跳包发送成功
[03:17:15 INF] 【直播间】7184632 的第 59 个心跳包发送成功
[03:17:17 INF] 【直播间】23447660 的第 59 个心跳包发送成功
[03:17:18 INF] 【直播间】22764265 的第 59 个心跳包发送成功
[03:18:10 INF] 【直播间】23357926 的第 60 个心跳包发送成功
[03:18:12 INF] 【直播间】23040372 的第 60 个心跳包发送成功
[03:18:13 INF] 【直播间】31494 的第 60 个心跳包发送成功
[03:18:14 INF] 【直播间】4015781 的第 60 个心跳包发送成功
[03:18:15 INF] 【直播间】9619073 的第 60 个心跳包发送成功
[03:18:17 INF] 【直播间】407149 的第 60 个心跳包发送成功
[03:18:18 INF] 【直播间】11732699 的第 60 个心跳包发送成功
[03:18:19 INF] 【直播间】929670 的第 60 个心跳包发送成功
[03:18:20 INF] 【直播间】91164 的第 60 个心跳包发送成功
[03:18:22 INF] 【直播间】7184632 的第 60 个心跳包发送成功
[03:18:23 INF] 【直播间】23447660 的第 60 个心跳包发送成功
[03:18:24 INF] 【直播间】22764265 的第 60 个心跳包发送成功
[03:19:17 INF] 【直播间】23357926 的第 61 个心跳包发送成功
[03:19:18 INF] 【直播间】23040372 的第 61 个心跳包发送成功
[03:19:19 INF] 【直播间】31494 的第 61 个心跳包发送成功
[03:19:20 INF] 【直播间】4015781 的第 61 个心跳包发送成功
[03:19:22 INF] 【直播间】9619073 的第 61 个心跳包发送成功
[03:19:23 INF] 【直播间】407149 的第 61 个心跳包发送成功
[03:19:24 INF] 【直播间】11732699 的第 61 个心跳包发送成功
[03:19:25 INF] 【直播间】929670 的第 61 个心跳包发送成功
[03:19:27 INF] 【直播间】91164 的第 61 个心跳包发送成功
[03:19:28 INF] 【直播间】7184632 的第 61 个心跳包发送成功
[03:19:29 INF] 【直播间】23447660 的第 61 个心跳包发送成功
[03:19:30 INF] 【直播间】22764265 的第 61 个心跳包发送成功
[03:20:23 INF] 【直播间】23357926 的第 62 个心跳包发送成功
[03:20:24 INF] 【直播间】23040372 的第 62 个心跳包发送成功
[03:20:26 INF] 【直播间】31494 的第 62 个心跳包发送成功
[03:20:27 INF] 【直播间】4015781 的第 62 个心跳包发送成功
[03:20:28 INF] 【直播间】9619073 的第 62 个心跳包发送成功
[03:20:29 INF] 【直播间】407149 的第 62 个心跳包发送成功
[03:20:30 INF] 【直播间】11732699 的第 62 个心跳包发送成功
[03:20:32 INF] 【直播间】929670 的第 62 个心跳包发送成功
[03:20:33 INF] 【直播间】91164 的第 62 个心跳包发送成功
[03:20:34 INF] 【直播间】7184632 的第 62 个心跳包发送成功
[03:20:35 INF] 【直播间】23447660 的第 62 个心跳包发送成功
[03:20:37 INF] 【直播间】22764265 的第 62 个心跳包发送成功
[03:21:29 INF] 【直播间】23357926 的第 63 个心跳包发送成功
[03:21:31 INF] 【直播间】23040372 的第 63 个心跳包发送成功
[03:21:32 INF] 【直播间】31494 的第 63 个心跳包发送成功
[03:21:33 INF] 【直播间】4015781 的第 63 个心跳包发送成功
[03:21:34 INF] 【直播间】9619073 的第 63 个心跳包发送成功
[03:21:36 INF] 【直播间】407149 的第 63 个心跳包发送成功
[03:21:37 INF] 【直播间】11732699 的第 63 个心跳包发送成功
[03:21:38 INF] 【直播间】929670 的第 63 个心跳包发送成功
[03:21:39 INF] 【直播间】91164 的第 63 个心跳包发送成功
[03:21:40 INF] 【直播间】7184632 的第 63 个心跳包发送成功
[03:21:42 INF] 【直播间】23447660 的第 63 个心跳包发送成功
[03:21:43 INF] 【直播间】22764265 的第 63 个心跳包发送成功
[03:22:36 INF] 【直播间】23357926 的第 64 个心跳包发送成功
[03:22:37 INF] 【直播间】23040372 的第 64 个心跳包发送成功
[03:22:38 INF] 【直播间】31494 的第 64 个心跳包发送成功
[03:22:40 INF] 【直播间】4015781 的第 64 个心跳包发送成功
[03:22:41 INF] 【直播间】9619073 的第 64 个心跳包发送成功
[03:22:42 INF] 【直播间】407149 的第 64 个心跳包发送成功
[03:22:44 INF] 【直播间】11732699 的第 64 个心跳包发送成功
[03:22:45 INF] 【直播间】929670 的第 64 个心跳包发送成功
[03:22:46 INF] 【直播间】91164 的第 64 个心跳包发送成功
[03:22:47 INF] 【直播间】7184632 的第 64 个心跳包发送成功
[03:22:49 INF] 【直播间】23447660 的第 64 个心跳包发送成功
[03:22:50 INF] 【直播间】22764265 的第 64 个心跳包发送成功
[03:23:42 INF] 【直播间】23357926 的第 65 个心跳包发送成功
[03:23:44 INF] 【直播间】23040372 的第 65 个心跳包发送成功
[03:23:45 INF] 【直播间】31494 的第 65 个心跳包发送成功
[03:23:46 INF] 【直播间】4015781 的第 65 个心跳包发送成功
[03:23:47 INF] 【直播间】9619073 的第 65 个心跳包发送成功
[03:23:49 INF] 【直播间】407149 的第 65 个心跳包发送成功
[03:23:50 INF] 【直播间】11732699 的第 65 个心跳包发送成功
[03:23:51 INF] 【直播间】929670 的第 65 个心跳包发送成功
[03:23:52 INF] 【直播间】91164 的第 65 个心跳包发送成功
[03:23:54 INF] 【直播间】7184632 的第 65 个心跳包发送成功
[03:23:55 INF] 【直播间】23447660 的第 65 个心跳包发送成功
[03:23:57 INF] 【直播间】22764265 的第 65 个心跳包发送成功
[03:24:49 INF] 【直播间】23357926 的第 66 个心跳包发送成功
[03:24:50 INF] 【直播间】23040372 的第 66 个心跳包发送成功
[03:24:51 INF] 【直播间】31494 的第 66 个心跳包发送成功
[03:24:53 INF] 【直播间】4015781 的第 66 个心跳包发送成功
[03:24:54 INF] 【直播间】9619073 的第 66 个心跳包发送成功
[03:24:55 INF] 【直播间】407149 的第 66 个心跳包发送成功
[03:24:56 INF] 【直播间】11732699 的第 66 个心跳包发送成功
[03:24:58 INF] 【直播间】929670 的第 66 个心跳包发送成功
[03:24:59 INF] 【直播间】91164 的第 66 个心跳包发送成功
[03:25:00 INF] 【直播间】7184632 的第 66 个心跳包发送成功
[03:25:02 INF] 【直播间】23447660 的第 66 个心跳包发送成功
[03:25:03 INF] 【直播间】22764265 的第 66 个心跳包发送成功
[03:25:55 INF] 【直播间】23357926 的第 67 个心跳包发送成功
[03:25:56 INF] 【直播间】23040372 的第 67 个心跳包发送成功
[03:25:58 INF] 【直播间】31494 的第 67 个心跳包发送成功
[03:25:59 INF] 【直播间】4015781 的第 67 个心跳包发送成功
[03:26:00 INF] 【直播间】9619073 的第 67 个心跳包发送成功
[03:26:01 INF] 【直播间】407149 的第 67 个心跳包发送成功
[03:26:03 INF] 【直播间】11732699 的第 67 个心跳包发送成功
[03:26:04 INF] 【直播间】929670 的第 67 个心跳包发送成功
[03:26:05 INF] 【直播间】91164 的第 67 个心跳包发送成功
[03:26:06 INF] 【直播间】7184632 的第 67 个心跳包发送成功
[03:26:08 INF] 【直播间】23447660 的第 67 个心跳包发送成功
[03:26:09 INF] 【直播间】22764265 的第 67 个心跳包发送成功
[03:27:02 INF] 【直播间】23357926 的第 68 个心跳包发送成功
[03:27:03 INF] 【直播间】23040372 的第 68 个心跳包发送成功
[03:27:04 INF] 【直播间】31494 的第 68 个心跳包发送成功
[03:27:05 INF] 【直播间】4015781 的第 68 个心跳包发送成功
[03:27:07 INF] 【直播间】9619073 的第 68 个心跳包发送成功
[03:27:08 INF] 【直播间】407149 的第 68 个心跳包发送成功
[03:27:09 INF] 【直播间】11732699 的第 68 个心跳包发送成功
[03:27:10 INF] 【直播间】929670 的第 68 个心跳包发送成功
[03:27:12 INF] 【直播间】91164 的第 68 个心跳包发送成功
[03:27:13 INF] 【直播间】7184632 的第 68 个心跳包发送成功
[03:27:14 INF] 【直播间】23447660 的第 68 个心跳包发送成功
[03:27:15 INF] 【直播间】22764265 的第 68 个心跳包发送成功
[03:28:08 ERR] 【心跳包】直播间 23357926 发送失败
[03:28:08 ERR] 【原因】time check failed
[03:28:09 INF] 【直播间】23040372 的第 69 个心跳包发送成功
[03:28:11 INF] 【直播间】31494 的第 69 个心跳包发送成功
[03:28:12 INF] 【直播间】4015781 的第 69 个心跳包发送成功
[03:28:13 ERR] 【心跳包】直播间 9619073 发送失败
[03:28:13 ERR] 【原因】time check failed
[03:28:14 INF] 【直播间】407149 的第 69 个心跳包发送成功
[03:28:16 INF] 【直播间】11732699 的第 69 个心跳包发送成功
[03:28:17 INF] 【直播间】929670 的第 69 个心跳包发送成功
[03:28:18 INF] 【直播间】91164 的第 69 个心跳包发送成功
[03:28:19 INF] 【直播间】7184632 的第 69 个心跳包发送成功
[03:28:21 INF] 【直播间】23447660 的第 69 个心跳包发送成功
[03:28:22 ERR] 【心跳包】直播间 22764265 发送失败
[03:28:22 ERR] 【原因】time check failed
[03:29:15 INF] 【直播间】23357926 的第 69 个心跳包发送成功
[03:29:16 INF] 【直播间】23040372 的第 70 个心跳包发送成功
[03:29:17 ERR] 【心跳包】直播间 31494 发送失败
[03:29:17 ERR] 【原因】time check failed
[03:29:18 INF] 【直播间】4015781 的第 70 个心跳包发送成功
[03:29:20 INF] 【直播间】9619073 的第 69 个心跳包发送成功
[03:29:21 INF] 【直播间】407149 的第 70 个心跳包发送成功
[03:29:22 ERR] 【心跳包】直播间 11732699 发送失败
[03:29:22 ERR] 【原因】time check failed
[03:29:23 INF] 【直播间】929670 的第 70 个心跳包发送成功
[03:29:24 INF] 【直播间】91164 的第 70 个心跳包发送成功
[03:29:26 ERR] 【心跳包】直播间 7184632 发送失败
[03:29:26 ERR] 【原因】time check failed
[03:29:27 ERR] 【心跳包】直播间 23447660 发送失败
[03:29:27 ERR] 【原因】time check failed
[03:29:28 INF] 【直播间】22764265 的第 69 个心跳包发送成功
[03:30:21 INF] 【直播间】23357926 的第 70 个心跳包发送成功
[03:30:22 ERR] 【心跳包】直播间 23040372 发送失败
[03:30:22 ERR] 【原因】time check failed
[03:30:23 INF] 【直播间】31494 的第 70 个心跳包发送成功
[03:30:25 INF] 【直播间】4015781 的第 71 个心跳包发送成功
[03:30:26 INF] 【直播间】9619073 的第 70 个心跳包发送成功
[03:30:27 ERR] 【心跳包】直播间 407149 发送失败
[03:30:27 ERR] 【原因】time check failed
[03:30:28 INF] 【直播间】11732699 的第 70 个心跳包发送成功
[03:30:30 INF] 【直播间】929670 的第 71 个心跳包发送成功
[03:30:31 ERR] 【心跳包】直播间 91164 发送失败
[03:30:31 ERR] 【原因】time check failed
[03:30:32 INF] 【直播间】7184632 的第 70 个心跳包发送成功
[03:30:33 INF] 【直播间】23447660 的第 70 个心跳包发送成功
[03:30:34 INF] 【直播间】22764265 的第 70 个心跳包发送成功
[03:30:34 INF] 【直播观看时长】完成情况：12/12 
[03:30:34 INF] ---------结束---------

[03:30:34 INF] ==========结束==========

[03:30:34 INF] ######### 账号 3 #########

[03:30:34 INF] =====开始 直播间互动 =====

[03:30:34 INF] ---开始 发送弹幕 ---
[03:30:34 INF] 检测到直播 Cookie 未正确配置，尝试自动配置中...
[03:30:40 INF] 直播 Cookie 配置成功！
[03:30:40 INF] 【获取直播列表】获取拥有粉丝牌的直播列表
[03:30:45 ERR] 【获取直播列表】失败
[03:30:45 ERR] 【原因】账号未登录
[03:30:45 ERR] 发送弹幕失败，继续其他任务。失败信息:Object reference not set to an instance of an object.

[03:30:45 INF] -------结束-------

[03:30:45 INF] ---开始 点赞直播间 ---
[03:30:45 INF] 【获取直播列表】获取拥有粉丝牌的直播列表
[03:30:53 ERR] 【获取直播列表】失败
[03:30:53 ERR] 【原因】账号未登录
[03:30:53 ERR] 点赞直播间失败，继续其他任务。失败信息:Object reference not set to an instance of an object.

[03:30:53 INF] --------结束--------

[03:30:53 INF] ---开始 直播时长挂机 ---
[03:30:53 INF] 【获取直播列表】获取拥有粉丝牌的直播列表
[03:30:56 ERR] 【获取直播列表】失败
[03:30:56 ERR] 【原因】账号未登录
[03:30:56 ERR] 直播时长挂机失败，继续其他任务。失败信息:Object reference not set to an instance of an object.

[03:30:56 INF] ---------结束---------

[03:30:56 INF] ==========结束==========

[03:30:56 INF] 

========================

 v2.0.1 开源 by https://github.com/RayWangQvQ/BiliBiliToolPro

[03:30:56 INF] ·开始推送·LiveFansMedal任务·
2023-09-21T19:30:56.4982175Z 开始推送到:PushPlus
2023-09-21T19:30:57.8436260Z Response status: OK.
2023-09-21T19:30:57.8436768Z Response content: {"code":999,"msg":"发送内容过大，不能超过2万字","data":null}.

[03:30:57 INF] 运行环境：Development
[03:30:57 INF] 应用目录：/home/runner/work/BiliBiliToolPro/BiliBiliToolPro/src/Ray.BiliBiliTool.Console/bin/Debug/net6.0/

[03:30:57 INF] 运行结束
