----------- ip 信息 ---------
{
  "ip": "13.88.6.102",
  "city": "San Jose",
  "region": "California",
  "country": "US",
  "loc": "37.3394,-121.8950",
  "org": "AS8075 Microsoft Corporation",
  "postal": "95103",
  "timezone": "America/Los_Angeles",
  "readme": "https://ipinfo.io/missingauth"
} ---------- end ------------
  ____               ____    _   _____           _  
 |  _ \ __ _ _   _  | __ ) _| |_|_   _|__   ___ | | 
 | |_) / _` | | | | |  _ \(_) (_) | |/ _ \ / _ \| | 
 |  _ < (_| | |_| | | |_) | | | | | | (_) | (_) | | 
 |_| \_\__,_|\__, | |____/|_|_|_| |_|\___/ \___/|_| 
             |___/                                  

[00:29:02 INF] BiliBiliToolPro 开始运行...

[00:29:02 INF] 【账号个数】3个

[00:29:02 INF] 随机休眠5分钟

[00:34:02 INF] 【目标任务】LiveFansMedal
[00:34:02 INF] ######### 账号 1 #########

[00:34:02 INF] =====开始 直播间互动 =====

[00:34:02 INF] ---开始 发送弹幕 ---
[00:34:02 INF] 检测到直播 Cookie 未正确配置，尝试自动配置中...
[00:34:07 INF] 直播 Cookie 配置成功！
[00:34:07 INF] 【获取直播列表】获取拥有粉丝牌的直播列表
[00:34:14 INF] 【主播】Mark陌枫 
[00:34:33 INF] 【主播】KL_qiqi_ 
[00:34:50 INF] 【主播】苏打baka 
[00:35:06 INF] 【直播间】Mark陌枫
[00:35:06 INF] 【粉丝牌】馬楓
[00:35:06 INF] 正在发送弹幕...
[00:35:12 INF] 【直播间】KL_qiqi_
[00:35:12 INF] 【粉丝牌】qiqisb
[00:35:12 INF] 正在发送弹幕...
[00:35:15 INF] 【直播间】苏打baka
[00:35:15 INF] 【粉丝牌】碳酸钠
[00:35:15 INF] 正在发送弹幕...
[00:35:20 INF] -------结束-------

[00:35:20 INF] ---开始 点赞直播间 ---
[00:35:20 INF] 【获取直播列表】获取拥有粉丝牌的直播列表
[00:35:24 INF] 【主播】Mark陌枫 
[00:35:25 INF] 【弹幕发送】成功~，你和主播 Mark陌枫 的亲密值增加了100！
[00:35:28 INF] 【弹幕发送】成功~，你和主播 KL_qiqi_ 的亲密值增加了100！
[00:35:33 INF] 【弹幕发送】成功~，你和主播 苏打baka 的亲密值增加了100！
[00:35:42 INF] 【主播】KL_qiqi_ 
[00:35:59 INF] 【主播】苏打baka 
[00:36:16 INF] 【点赞直播间】23357926 完成
[00:36:20 INF] 【点赞直播间】407149 完成
[00:36:25 INF] --------结束--------

[00:36:25 INF] ---开始 直播时长挂机 ---
[00:36:25 INF] 【获取直播列表】获取拥有粉丝牌的直播列表
[00:36:26 INF] 【点赞直播间】23040372 完成
[00:36:31 INF] 【主播】Mark陌枫 
[00:36:45 INF] 【主播】KL_qiqi_ 
[00:37:00 INF] 【主播】苏打baka 
[00:37:25 INF] 【直播间】23357926 的第 1 个心跳包发送成功
[00:37:27 INF] 【直播间】407149 的第 1 个心跳包发送成功
[00:37:28 INF] 【直播间】23040372 的第 1 个心跳包发送成功
[00:38:32 INF] 【直播间】23357926 的第 2 个心跳包发送成功
[00:38:33 INF] 【直播间】407149 的第 2 个心跳包发送成功
[00:38:34 INF] 【直播间】23040372 的第 2 个心跳包发送成功
[00:39:38 INF] 【直播间】23357926 的第 3 个心跳包发送成功
[00:39:40 INF] 【直播间】407149 的第 3 个心跳包发送成功
[00:39:41 INF] 【直播间】23040372 的第 3 个心跳包发送成功
[00:40:45 INF] 【直播间】23357926 的第 4 个心跳包发送成功
[00:40:46 INF] 【直播间】407149 的第 4 个心跳包发送成功
[00:40:47 INF] 【直播间】23040372 的第 4 个心跳包发送成功
[00:41:51 INF] 【直播间】23357926 的第 5 个心跳包发送成功
[00:41:52 INF] 【直播间】407149 的第 5 个心跳包发送成功
[00:41:53 INF] 【直播间】23040372 的第 5 个心跳包发送成功
[00:42:57 INF] 【直播间】23357926 的第 6 个心跳包发送成功
[00:42:59 INF] 【直播间】407149 的第 6 个心跳包发送成功
[00:43:00 INF] 【直播间】23040372 的第 6 个心跳包发送成功
[00:44:04 INF] 【直播间】23357926 的第 7 个心跳包发送成功
[00:44:05 INF] 【直播间】407149 的第 7 个心跳包发送成功
[00:44:06 INF] 【直播间】23040372 的第 7 个心跳包发送成功
[00:45:10 INF] 【直播间】23357926 的第 8 个心跳包发送成功
[00:45:12 INF] 【直播间】407149 的第 8 个心跳包发送成功
[00:45:13 INF] 【直播间】23040372 的第 8 个心跳包发送成功
[00:46:17 INF] 【直播间】23357926 的第 9 个心跳包发送成功
[00:46:18 INF] 【直播间】407149 的第 9 个心跳包发送成功
[00:46:19 INF] 【直播间】23040372 的第 9 个心跳包发送成功
[00:47:23 INF] 【直播间】23357926 的第 10 个心跳包发送成功
[00:47:24 INF] 【直播间】407149 的第 10 个心跳包发送成功
[00:47:25 INF] 【直播间】23040372 的第 10 个心跳包发送成功
[00:48:29 INF] 【直播间】23357926 的第 11 个心跳包发送成功
[00:48:31 INF] 【直播间】407149 的第 11 个心跳包发送成功
[00:48:32 INF] 【直播间】23040372 的第 11 个心跳包发送成功
[00:49:36 INF] 【直播间】23357926 的第 12 个心跳包发送成功
[00:49:37 INF] 【直播间】407149 的第 12 个心跳包发送成功
[00:49:38 INF] 【直播间】23040372 的第 12 个心跳包发送成功
[00:50:42 INF] 【直播间】23357926 的第 13 个心跳包发送成功
[00:50:43 INF] 【直播间】407149 的第 13 个心跳包发送成功
[00:50:45 INF] 【直播间】23040372 的第 13 个心跳包发送成功
[00:51:49 INF] 【直播间】23357926 的第 14 个心跳包发送成功
[00:51:50 INF] 【直播间】407149 的第 14 个心跳包发送成功
[00:51:51 INF] 【直播间】23040372 的第 14 个心跳包发送成功
[00:52:55 INF] 【直播间】23357926 的第 15 个心跳包发送成功
[00:52:56 INF] 【直播间】407149 的第 15 个心跳包发送成功
[00:52:57 INF] 【直播间】23040372 的第 15 个心跳包发送成功
[00:54:01 ERR] 【心跳包】直播间 23357926 发送失败
[00:54:01 ERR] 【原因】time check failed
[00:54:02 ERR] 【心跳包】直播间 407149 发送失败
[00:54:02 ERR] 【原因】time check failed
[00:54:04 ERR] 【心跳包】直播间 23040372 发送失败
[00:54:04 ERR] 【原因】time check failed
[00:55:08 INF] 【直播间】23357926 的第 16 个心跳包发送成功
[00:55:09 INF] 【直播间】407149 的第 16 个心跳包发送成功
[00:55:10 INF] 【直播间】23040372 的第 16 个心跳包发送成功
[00:56:14 INF] 【直播间】23357926 的第 17 个心跳包发送成功
[00:56:15 INF] 【直播间】407149 的第 17 个心跳包发送成功
[00:56:17 INF] 【直播间】23040372 的第 17 个心跳包发送成功
[00:57:21 INF] 【直播间】23357926 的第 18 个心跳包发送成功
[00:57:22 INF] 【直播间】407149 的第 18 个心跳包发送成功
[00:57:23 INF] 【直播间】23040372 的第 18 个心跳包发送成功
[00:58:27 INF] 【直播间】23357926 的第 19 个心跳包发送成功
[00:58:28 INF] 【直播间】407149 的第 19 个心跳包发送成功
[00:58:29 INF] 【直播间】23040372 的第 19 个心跳包发送成功
[00:59:33 INF] 【直播间】23357926 的第 20 个心跳包发送成功
[00:59:34 INF] 【直播间】407149 的第 20 个心跳包发送成功
[00:59:36 INF] 【直播间】23040372 的第 20 个心跳包发送成功
[01:00:40 INF] 【直播间】23357926 的第 21 个心跳包发送成功
[01:00:41 INF] 【直播间】407149 的第 21 个心跳包发送成功
[01:00:42 INF] 【直播间】23040372 的第 21 个心跳包发送成功
[01:01:46 INF] 【直播间】23357926 的第 22 个心跳包发送成功
[01:01:48 INF] 【直播间】407149 的第 22 个心跳包发送成功
[01:01:49 INF] 【直播间】23040372 的第 22 个心跳包发送成功
[01:02:53 INF] 【直播间】23357926 的第 23 个心跳包发送成功
[01:02:54 INF] 【直播间】407149 的第 23 个心跳包发送成功
[01:02:55 INF] 【直播间】23040372 的第 23 个心跳包发送成功
[01:03:59 INF] 【直播间】23357926 的第 24 个心跳包发送成功
[01:04:00 INF] 【直播间】407149 的第 24 个心跳包发送成功
[01:04:02 INF] 【直播间】23040372 的第 24 个心跳包发送成功
[01:05:05 INF] 【直播间】23357926 的第 25 个心跳包发送成功
[01:05:07 INF] 【直播间】407149 的第 25 个心跳包发送成功
[01:05:08 INF] 【直播间】23040372 的第 25 个心跳包发送成功
[01:06:12 INF] 【直播间】23357926 的第 26 个心跳包发送成功
[01:06:13 INF] 【直播间】407149 的第 26 个心跳包发送成功
[01:06:14 INF] 【直播间】23040372 的第 26 个心跳包发送成功
[01:07:19 INF] 【直播间】23357926 的第 27 个心跳包发送成功
[01:07:20 INF] 【直播间】407149 的第 27 个心跳包发送成功
[01:07:21 INF] 【直播间】23040372 的第 27 个心跳包发送成功
[01:08:25 INF] 【直播间】23357926 的第 28 个心跳包发送成功
[01:08:26 INF] 【直播间】407149 的第 28 个心跳包发送成功
[01:08:28 INF] 【直播间】23040372 的第 28 个心跳包发送成功
[01:09:31 INF] 【直播间】23357926 的第 29 个心跳包发送成功
[01:09:33 ERR] 【心跳包】直播间 407149 发送失败
[01:09:33 ERR] 【原因】time check failed
[01:09:34 INF] 【直播间】23040372 的第 29 个心跳包发送成功
[01:10:38 ERR] 【心跳包】直播间 23357926 发送失败
[01:10:38 ERR] 【原因】time check failed
[01:10:39 INF] 【直播间】407149 的第 29 个心跳包发送成功
[01:10:40 ERR] 【心跳包】直播间 23040372 发送失败
[01:10:40 ERR] 【原因】time check failed
[01:11:44 INF] 【直播间】23357926 的第 30 个心跳包发送成功
[01:11:45 INF] 【直播间】407149 的第 30 个心跳包发送成功
[01:11:46 INF] 【直播间】23040372 的第 30 个心跳包发送成功
[01:12:51 INF] 【直播间】23357926 的第 31 个心跳包发送成功
[01:12:52 INF] 【直播间】407149 的第 31 个心跳包发送成功
[01:12:53 INF] 【直播间】23040372 的第 31 个心跳包发送成功
[01:13:57 INF] 【直播间】23357926 的第 32 个心跳包发送成功
[01:13:58 INF] 【直播间】407149 的第 32 个心跳包发送成功
[01:13:59 INF] 【直播间】23040372 的第 32 个心跳包发送成功
[01:15:03 INF] 【直播间】23357926 的第 33 个心跳包发送成功
[01:15:04 INF] 【直播间】407149 的第 33 个心跳包发送成功
[01:15:06 INF] 【直播间】23040372 的第 33 个心跳包发送成功
[01:16:10 INF] 【直播间】23357926 的第 34 个心跳包发送成功
[01:16:11 INF] 【直播间】407149 的第 34 个心跳包发送成功
[01:16:12 INF] 【直播间】23040372 的第 34 个心跳包发送成功
[01:17:16 INF] 【直播间】23357926 的第 35 个心跳包发送成功
[01:17:17 INF] 【直播间】407149 的第 35 个心跳包发送成功
[01:17:18 INF] 【直播间】23040372 的第 35 个心跳包发送成功
[01:18:23 INF] 【直播间】23357926 的第 36 个心跳包发送成功
[01:18:24 INF] 【直播间】407149 的第 36 个心跳包发送成功
[01:18:25 INF] 【直播间】23040372 的第 36 个心跳包发送成功
[01:19:29 INF] 【直播间】23357926 的第 37 个心跳包发送成功
[01:19:30 INF] 【直播间】407149 的第 37 个心跳包发送成功
[01:19:31 INF] 【直播间】23040372 的第 37 个心跳包发送成功
[01:20:35 INF] 【直播间】23357926 的第 38 个心跳包发送成功
[01:20:37 INF] 【直播间】407149 的第 38 个心跳包发送成功
[01:20:38 INF] 【直播间】23040372 的第 38 个心跳包发送成功
[01:21:42 INF] 【直播间】23357926 的第 39 个心跳包发送成功
[01:21:43 INF] 【直播间】407149 的第 39 个心跳包发送成功
[01:21:44 INF] 【直播间】23040372 的第 39 个心跳包发送成功
[01:22:48 INF] 【直播间】23357926 的第 40 个心跳包发送成功
[01:22:49 INF] 【直播间】407149 的第 40 个心跳包发送成功
[01:22:51 INF] 【直播间】23040372 的第 40 个心跳包发送成功
[01:23:55 INF] 【直播间】23357926 的第 41 个心跳包发送成功
[01:23:56 INF] 【直播间】407149 的第 41 个心跳包发送成功
[01:23:57 INF] 【直播间】23040372 的第 41 个心跳包发送成功
[01:25:01 INF] 【直播间】23357926 的第 42 个心跳包发送成功
[01:25:02 INF] 【直播间】407149 的第 42 个心跳包发送成功
[01:25:03 INF] 【直播间】23040372 的第 42 个心跳包发送成功
[01:26:07 INF] 【直播间】23357926 的第 43 个心跳包发送成功
[01:26:08 ERR] 【心跳包】直播间 407149 发送失败
[01:26:08 ERR] 【原因】time check failed
[01:26:10 INF] 【直播间】23040372 的第 43 个心跳包发送成功
[01:27:14 ERR] 【心跳包】直播间 23357926 发送失败
[01:27:14 ERR] 【原因】time check failed
[01:27:15 INF] 【直播间】407149 的第 43 个心跳包发送成功
[01:27:16 ERR] 【心跳包】直播间 23040372 发送失败
[01:27:16 ERR] 【原因】time check failed
[01:28:20 INF] 【直播间】23357926 的第 44 个心跳包发送成功
[01:28:21 INF] 【直播间】407149 的第 44 个心跳包发送成功
[01:28:22 INF] 【直播间】23040372 的第 44 个心跳包发送成功
[01:29:26 INF] 【直播间】23357926 的第 45 个心跳包发送成功
[01:29:28 INF] 【直播间】407149 的第 45 个心跳包发送成功
[01:29:29 INF] 【直播间】23040372 的第 45 个心跳包发送成功
[01:30:33 INF] 【直播间】23357926 的第 46 个心跳包发送成功
[01:30:34 INF] 【直播间】407149 的第 46 个心跳包发送成功
[01:30:35 INF] 【直播间】23040372 的第 46 个心跳包发送成功
[01:31:39 INF] 【直播间】23357926 的第 47 个心跳包发送成功
[01:31:41 INF] 【直播间】407149 的第 47 个心跳包发送成功
[01:31:42 INF] 【直播间】23040372 的第 47 个心跳包发送成功
[01:32:46 INF] 【直播间】23357926 的第 48 个心跳包发送成功
[01:32:47 INF] 【直播间】407149 的第 48 个心跳包发送成功
[01:32:48 INF] 【直播间】23040372 的第 48 个心跳包发送成功
[01:33:52 INF] 【直播间】23357926 的第 49 个心跳包发送成功
[01:33:53 INF] 【直播间】407149 的第 49 个心跳包发送成功
[01:33:55 INF] 【直播间】23040372 的第 49 个心跳包发送成功
[01:34:59 INF] 【直播间】23357926 的第 50 个心跳包发送成功
[01:35:00 INF] 【直播间】407149 的第 50 个心跳包发送成功
[01:35:01 INF] 【直播间】23040372 的第 50 个心跳包发送成功
[01:36:05 INF] 【直播间】23357926 的第 51 个心跳包发送成功
[01:36:06 INF] 【直播间】407149 的第 51 个心跳包发送成功
[01:36:08 INF] 【直播间】23040372 的第 51 个心跳包发送成功
[01:37:11 INF] 【直播间】23357926 的第 52 个心跳包发送成功
[01:37:13 INF] 【直播间】407149 的第 52 个心跳包发送成功
[01:37:14 INF] 【直播间】23040372 的第 52 个心跳包发送成功
[01:38:18 INF] 【直播间】23357926 的第 53 个心跳包发送成功
[01:38:19 INF] 【直播间】407149 的第 53 个心跳包发送成功
[01:38:20 INF] 【直播间】23040372 的第 53 个心跳包发送成功
[01:39:24 INF] 【直播间】23357926 的第 54 个心跳包发送成功
[01:39:25 INF] 【直播间】407149 的第 54 个心跳包发送成功
[01:39:26 INF] 【直播间】23040372 的第 54 个心跳包发送成功
[01:40:31 INF] 【直播间】23357926 的第 55 个心跳包发送成功
[01:40:32 INF] 【直播间】407149 的第 55 个心跳包发送成功
[01:40:33 INF] 【直播间】23040372 的第 55 个心跳包发送成功
[01:41:37 INF] 【直播间】23357926 的第 56 个心跳包发送成功
[01:41:38 INF] 【直播间】407149 的第 56 个心跳包发送成功
[01:41:40 INF] 【直播间】23040372 的第 56 个心跳包发送成功
[01:42:43 INF] 【直播间】23357926 的第 57 个心跳包发送成功
[01:42:44 ERR] 【心跳包】直播间 407149 发送失败
[01:42:44 ERR] 【原因】time check failed
[01:42:46 INF] 【直播间】23040372 的第 57 个心跳包发送成功
[01:43:49 ERR] 【心跳包】直播间 23357926 发送失败
[01:43:49 ERR] 【原因】time check failed
[01:43:51 INF] 【直播间】407149 的第 57 个心跳包发送成功
[01:43:52 ERR] 【心跳包】直播间 23040372 发送失败
[01:43:52 ERR] 【原因】time check failed
[01:44:56 INF] 【直播间】23357926 的第 58 个心跳包发送成功
[01:44:57 INF] 【直播间】407149 的第 58 个心跳包发送成功
[01:44:58 INF] 【直播间】23040372 的第 58 个心跳包发送成功
[01:46:02 INF] 【直播间】23357926 的第 59 个心跳包发送成功
[01:46:03 INF] 【直播间】407149 的第 59 个心跳包发送成功
[01:46:05 INF] 【直播间】23040372 的第 59 个心跳包发送成功
[01:47:09 INF] 【直播间】23357926 的第 60 个心跳包发送成功
[01:47:10 INF] 【直播间】407149 的第 60 个心跳包发送成功
[01:47:11 INF] 【直播间】23040372 的第 60 个心跳包发送成功
[01:48:15 INF] 【直播间】23357926 的第 61 个心跳包发送成功
[01:48:16 INF] 【直播间】407149 的第 61 个心跳包发送成功
[01:48:17 INF] 【直播间】23040372 的第 61 个心跳包发送成功
[01:49:21 INF] 【直播间】23357926 的第 62 个心跳包发送成功
[01:49:23 INF] 【直播间】407149 的第 62 个心跳包发送成功
[01:49:24 INF] 【直播间】23040372 的第 62 个心跳包发送成功
[01:50:28 INF] 【直播间】23357926 的第 63 个心跳包发送成功
[01:50:29 INF] 【直播间】407149 的第 63 个心跳包发送成功
[01:50:30 INF] 【直播间】23040372 的第 63 个心跳包发送成功
[01:51:34 INF] 【直播间】23357926 的第 64 个心跳包发送成功
[01:51:36 INF] 【直播间】407149 的第 64 个心跳包发送成功
[01:51:37 INF] 【直播间】23040372 的第 64 个心跳包发送成功
[01:52:41 INF] 【直播间】23357926 的第 65 个心跳包发送成功
[01:52:42 INF] 【直播间】407149 的第 65 个心跳包发送成功
[01:52:43 INF] 【直播间】23040372 的第 65 个心跳包发送成功
[01:53:47 INF] 【直播间】23357926 的第 66 个心跳包发送成功
[01:53:48 INF] 【直播间】407149 的第 66 个心跳包发送成功
[01:53:49 INF] 【直播间】23040372 的第 66 个心跳包发送成功
[01:54:53 INF] 【直播间】23357926 的第 67 个心跳包发送成功
[01:54:54 INF] 【直播间】407149 的第 67 个心跳包发送成功
[01:54:56 INF] 【直播间】23040372 的第 67 个心跳包发送成功
[01:55:59 INF] 【直播间】23357926 的第 68 个心跳包发送成功
[01:56:01 INF] 【直播间】407149 的第 68 个心跳包发送成功
[01:56:02 INF] 【直播间】23040372 的第 68 个心跳包发送成功
[01:57:06 INF] 【直播间】23357926 的第 69 个心跳包发送成功
[01:57:07 INF] 【直播间】407149 的第 69 个心跳包发送成功
[01:57:08 INF] 【直播间】23040372 的第 69 个心跳包发送成功
[01:58:12 INF] 【直播间】23357926 的第 70 个心跳包发送成功
[01:58:13 INF] 【直播间】407149 的第 70 个心跳包发送成功
[01:58:15 INF] 【直播间】23040372 的第 70 个心跳包发送成功
[01:58:15 INF] 【直播观看时长】完成情况：3/3 
[01:58:15 INF] ---------结束---------

[01:58:15 INF] ==========结束==========

[01:58:15 INF] ######### 账号 2 #########

[01:58:15 INF] =====开始 直播间互动 =====

[01:58:15 INF] ---开始 发送弹幕 ---
[01:58:15 INF] 检测到直播 Cookie 未正确配置，尝试自动配置中...
[01:58:22 INF] 直播 Cookie 配置成功！
[01:58:22 INF] 【获取直播列表】获取拥有粉丝牌的直播列表
[01:58:28 INF] 【主播】Mark陌枫 
[01:58:46 INF] 【主播】苏打baka 
[01:59:04 INF] 【主播】特别中二的q3君 
[01:59:21 INF] 【主播】陈抱一 
[01:59:35 INF] 【主播】贪玩的小毅 
[01:59:51 INF] 【主播】KL_qiqi_ 
[02:00:01 INF] 【主播】记录生活的蛋黄派 
[02:00:18 INF] 【主播】FoFTG 
[02:00:37 INF] 【主播】悠悠球琛总 
[02:00:56 INF] 【主播】新石器公园 
[02:01:16 INF] 【主播】脏小豆 
[02:01:28 INF] 【主播】李船长笔记 
[02:01:47 INF] 【直播间】Mark陌枫
[02:01:47 INF] 【粉丝牌】馬楓
[02:01:47 INF] 正在发送弹幕...
[02:01:51 INF] 【直播间】苏打baka
[02:01:51 INF] 【粉丝牌】碳酸钠
[02:01:51 INF] 正在发送弹幕...
[02:01:57 INF] 【直播间】特别中二的q3君
[02:01:57 INF] 【粉丝牌】q3GG
[02:01:57 INF] 正在发送弹幕...
[02:02:00 INF] 【弹幕发送】成功~，你和主播 Mark陌枫 的亲密值增加了100！
[02:02:02 INF] 【直播间】陈抱一
[02:02:02 INF] 【粉丝牌】陈抱一
[02:02:02 INF] 正在发送弹幕...
[02:02:05 INF] 【直播间】贪玩的小毅
[02:02:05 INF] 【粉丝牌】大大毅
[02:02:05 INF] 正在发送弹幕...
[02:02:08 INF] 【弹幕发送】成功~，你和主播 苏打baka 的亲密值增加了100！
[02:02:11 INF] 【直播间】KL_qiqi_
[02:02:11 INF] 【粉丝牌】qiqisb
[02:02:11 INF] 正在发送弹幕...
[02:02:13 INF] 【弹幕发送】成功~，你和主播 陈抱一 的亲密值增加了100！
[02:02:14 INF] 【直播间】记录生活的蛋黄派
[02:02:14 INF] 【粉丝牌】派派派
[02:02:14 INF] 正在发送弹幕...
[02:02:14 INF] 【弹幕发送】成功~，你和主播 特别中二的q3君 的亲密值增加了100！
[02:02:18 INF] 【直播间】FoFTG
[02:02:18 INF] 【粉丝牌】FOFTG
[02:02:18 INF] 正在发送弹幕...
[02:02:24 INF] 【弹幕发送】成功~，你和主播 KL_qiqi_ 的亲密值增加了100！
[02:02:24 INF] 【弹幕发送】成功~，你和主播 贪玩的小毅 的亲密值增加了100！
[02:02:25 INF] 【直播间】悠悠球琛总
[02:02:25 INF] 【粉丝牌】i琛
[02:02:25 INF] 正在发送弹幕...
[02:02:31 INF] 【直播间】新石器公园
[02:02:31 INF] 【粉丝牌】东园主
[02:02:31 INF] 正在发送弹幕...
[02:02:31 INF] 【弹幕发送】成功~，你和主播 记录生活的蛋黄派 的亲密值增加了100！
[02:02:35 INF] 【直播间】脏小豆
[02:02:35 INF] 【粉丝牌】豆豆浆
[02:02:35 INF] 正在发送弹幕...
[02:02:38 INF] 【弹幕发送】成功~，你和主播 FoFTG 的亲密值增加了100！
[02:02:39 INF] 【直播间】李船长笔记
[02:02:39 INF] 【粉丝牌】航海仕
[02:02:39 INF] 正在发送弹幕...
[02:02:41 INF] 【弹幕发送】成功~，你和主播 悠悠球琛总 的亲密值增加了100！
[02:02:42 INF] -------结束-------

[02:02:42 INF] ---开始 点赞直播间 ---
[02:02:42 INF] 【获取直播列表】获取拥有粉丝牌的直播列表
[02:02:43 INF] 【弹幕发送】成功~，你和主播 新石器公园 的亲密值增加了100！
[02:02:45 INF] 【主播】Mark陌枫 
[02:02:49 INF] 【弹幕发送】成功~，你和主播 脏小豆 的亲密值增加了100！
[02:02:56 INF] 【弹幕发送】成功~，你和主播 李船长笔记 的亲密值增加了100！
[02:03:00 INF] 【主播】苏打baka 
[02:03:12 INF] 【主播】特别中二的q3君 
[02:03:26 INF] 【主播】陈抱一 
[02:03:39 INF] 【主播】贪玩的小毅 
[02:03:54 INF] 【主播】KL_qiqi_ 
[02:04:09 INF] 【主播】记录生活的蛋黄派 
[02:04:27 INF] 【主播】FoFTG 
[02:04:44 INF] 【主播】悠悠球琛总 
[02:04:59 INF] 【主播】新石器公园 
[02:05:11 INF] 【主播】脏小豆 
[02:05:26 INF] 【主播】李船长笔记 
[02:05:43 INF] 【点赞直播间】23357926 完成
[02:05:46 INF] 【点赞直播间】23040372 完成
[02:05:52 INF] 【点赞直播间】31494 完成
[02:05:57 INF] 【点赞直播间】4015781 完成
[02:06:03 INF] 【点赞直播间】9619073 完成
[02:06:07 INF] 【点赞直播间】407149 完成
[02:06:10 INF] 【点赞直播间】11732699 完成
[02:06:16 INF] 【点赞直播间】91164 完成
[02:06:21 INF] 【点赞直播间】7184632 完成
[02:06:25 INF] 【点赞直播间】23447660 完成
[02:06:27 INF] 【点赞直播间】929670 完成
[02:06:34 INF] --------结束--------

[02:06:34 INF] ---开始 直播时长挂机 ---
[02:06:34 INF] 【获取直播列表】获取拥有粉丝牌的直播列表
[02:06:34 INF] 【点赞直播间】22764265 完成
[02:06:38 INF] 【主播】Mark陌枫 
[02:06:54 INF] 【主播】苏打baka 
[02:07:05 INF] 【主播】特别中二的q3君 
[02:07:25 INF] 【主播】陈抱一 
[02:07:39 INF] 【主播】贪玩的小毅 
[02:07:55 INF] 【主播】KL_qiqi_ 
[02:08:08 INF] 【主播】记录生活的蛋黄派 
[02:08:23 INF] 【主播】FoFTG 
[02:08:44 INF] 【主播】悠悠球琛总 
[02:08:55 INF] 【主播】新石器公园 
[02:09:14 INF] 【主播】脏小豆 
[02:09:28 INF] 【主播】李船长笔记 
[02:09:41 INF] 【直播间】23357926 的第 1 个心跳包发送成功
[02:09:42 INF] 【直播间】23040372 的第 1 个心跳包发送成功
[02:09:43 INF] 【直播间】31494 的第 1 个心跳包发送成功
[02:09:45 INF] 【直播间】4015781 的第 1 个心跳包发送成功
[02:09:46 INF] 【直播间】9619073 的第 1 个心跳包发送成功
[02:09:47 INF] 【直播间】407149 的第 1 个心跳包发送成功
[02:09:49 INF] 【直播间】11732699 的第 1 个心跳包发送成功
[02:09:50 INF] 【直播间】91164 的第 1 个心跳包发送成功
[02:09:51 INF] 【直播间】7184632 的第 1 个心跳包发送成功
[02:09:52 INF] 【直播间】23447660 的第 1 个心跳包发送成功
[02:09:53 INF] 【直播间】929670 的第 1 个心跳包发送成功
[02:09:55 INF] 【直播间】22764265 的第 1 个心跳包发送成功
[02:10:47 INF] 【直播间】23357926 的第 2 个心跳包发送成功
[02:10:49 INF] 【直播间】23040372 的第 2 个心跳包发送成功
[02:10:50 INF] 【直播间】31494 的第 2 个心跳包发送成功
[02:10:51 INF] 【直播间】4015781 的第 2 个心跳包发送成功
[02:10:52 INF] 【直播间】9619073 的第 2 个心跳包发送成功
[02:10:54 INF] 【直播间】407149 的第 2 个心跳包发送成功
[02:10:55 INF] 【直播间】11732699 的第 2 个心跳包发送成功
[02:10:56 INF] 【直播间】91164 的第 2 个心跳包发送成功
[02:10:57 INF] 【直播间】7184632 的第 2 个心跳包发送成功
[02:10:58 INF] 【直播间】23447660 的第 2 个心跳包发送成功
[02:11:00 INF] 【直播间】929670 的第 2 个心跳包发送成功
[02:11:01 INF] 【直播间】22764265 的第 2 个心跳包发送成功
[02:11:54 INF] 【直播间】23357926 的第 3 个心跳包发送成功
[02:11:55 INF] 【直播间】23040372 的第 3 个心跳包发送成功
[02:11:56 INF] 【直播间】31494 的第 3 个心跳包发送成功
[02:11:57 INF] 【直播间】4015781 的第 3 个心跳包发送成功
[02:11:59 INF] 【直播间】9619073 的第 3 个心跳包发送成功
[02:12:00 INF] 【直播间】407149 的第 3 个心跳包发送成功
[02:12:01 INF] 【直播间】11732699 的第 3 个心跳包发送成功
[02:12:02 INF] 【直播间】91164 的第 3 个心跳包发送成功
[02:12:03 INF] 【直播间】7184632 的第 3 个心跳包发送成功
[02:12:05 INF] 【直播间】23447660 的第 3 个心跳包发送成功
[02:12:06 INF] 【直播间】929670 的第 3 个心跳包发送成功
[02:12:07 INF] 【直播间】22764265 的第 3 个心跳包发送成功
[02:13:01 INF] 【直播间】23357926 的第 4 个心跳包发送成功
[02:13:02 INF] 【直播间】23040372 的第 4 个心跳包发送成功
[02:13:03 INF] 【直播间】31494 的第 4 个心跳包发送成功
[02:13:04 INF] 【直播间】4015781 的第 4 个心跳包发送成功
[02:13:05 INF] 【直播间】9619073 的第 4 个心跳包发送成功
[02:13:07 INF] 【直播间】407149 的第 4 个心跳包发送成功
[02:13:08 INF] 【直播间】11732699 的第 4 个心跳包发送成功
[02:13:09 INF] 【直播间】91164 的第 4 个心跳包发送成功
[02:13:10 INF] 【直播间】7184632 的第 4 个心跳包发送成功
[02:13:12 INF] 【直播间】23447660 的第 4 个心跳包发送成功
[02:13:13 INF] 【直播间】929670 的第 4 个心跳包发送成功
[02:13:14 INF] 【直播间】22764265 的第 4 个心跳包发送成功
[02:14:07 INF] 【直播间】23357926 的第 5 个心跳包发送成功
[02:14:08 INF] 【直播间】23040372 的第 5 个心跳包发送成功
[02:14:09 INF] 【直播间】31494 的第 5 个心跳包发送成功
[02:14:11 INF] 【直播间】4015781 的第 5 个心跳包发送成功
[02:14:12 INF] 【直播间】9619073 的第 5 个心跳包发送成功
[02:14:13 INF] 【直播间】407149 的第 5 个心跳包发送成功
[02:14:14 INF] 【直播间】11732699 的第 5 个心跳包发送成功
[02:14:15 INF] 【直播间】91164 的第 5 个心跳包发送成功
[02:14:17 INF] 【直播间】7184632 的第 5 个心跳包发送成功
[02:14:18 INF] 【直播间】23447660 的第 5 个心跳包发送成功
[02:14:19 INF] 【直播间】929670 的第 5 个心跳包发送成功
[02:14:20 INF] 【直播间】22764265 的第 5 个心跳包发送成功
[02:15:13 INF] 【直播间】23357926 的第 6 个心跳包发送成功
[02:15:15 INF] 【直播间】23040372 的第 6 个心跳包发送成功
[02:15:16 INF] 【直播间】31494 的第 6 个心跳包发送成功
[02:15:17 INF] 【直播间】4015781 的第 6 个心跳包发送成功
[02:15:18 INF] 【直播间】9619073 的第 6 个心跳包发送成功
[02:15:20 INF] 【直播间】407149 的第 6 个心跳包发送成功
[02:15:21 INF] 【直播间】11732699 的第 6 个心跳包发送成功
[02:15:22 INF] 【直播间】91164 的第 6 个心跳包发送成功
[02:15:23 INF] 【直播间】7184632 的第 6 个心跳包发送成功
[02:15:25 INF] 【直播间】23447660 的第 6 个心跳包发送成功
[02:15:26 INF] 【直播间】929670 的第 6 个心跳包发送成功
[02:15:27 INF] 【直播间】22764265 的第 6 个心跳包发送成功
[02:16:20 INF] 【直播间】23357926 的第 7 个心跳包发送成功
[02:16:21 INF] 【直播间】23040372 的第 7 个心跳包发送成功
[02:16:22 INF] 【直播间】31494 的第 7 个心跳包发送成功
[02:16:24 INF] 【直播间】4015781 的第 7 个心跳包发送成功
[02:16:25 INF] 【直播间】9619073 的第 7 个心跳包发送成功
[02:16:26 INF] 【直播间】407149 的第 7 个心跳包发送成功
[02:16:27 INF] 【直播间】11732699 的第 7 个心跳包发送成功
[02:16:28 INF] 【直播间】91164 的第 7 个心跳包发送成功
[02:16:30 INF] 【直播间】7184632 的第 7 个心跳包发送成功
[02:16:31 INF] 【直播间】23447660 的第 7 个心跳包发送成功
[02:16:32 INF] 【直播间】929670 的第 7 个心跳包发送成功
[02:16:33 INF] 【直播间】22764265 的第 7 个心跳包发送成功
[02:17:26 INF] 【直播间】23357926 的第 8 个心跳包发送成功
[02:17:28 INF] 【直播间】23040372 的第 8 个心跳包发送成功
[02:17:29 INF] 【直播间】31494 的第 8 个心跳包发送成功
[02:17:30 INF] 【直播间】4015781 的第 8 个心跳包发送成功
[02:17:31 INF] 【直播间】9619073 的第 8 个心跳包发送成功
[02:17:33 INF] 【直播间】407149 的第 8 个心跳包发送成功
[02:17:34 INF] 【直播间】11732699 的第 8 个心跳包发送成功
[02:17:35 INF] 【直播间】91164 的第 8 个心跳包发送成功
[02:17:37 INF] 【直播间】7184632 的第 8 个心跳包发送成功
[02:17:38 INF] 【直播间】23447660 的第 8 个心跳包发送成功
[02:17:39 INF] 【直播间】929670 的第 8 个心跳包发送成功
[02:17:40 INF] 【直播间】22764265 的第 8 个心跳包发送成功
[02:18:33 INF] 【直播间】23357926 的第 9 个心跳包发送成功
[02:18:34 INF] 【直播间】23040372 的第 9 个心跳包发送成功
[02:18:36 INF] 【直播间】31494 的第 9 个心跳包发送成功
[02:18:37 INF] 【直播间】4015781 的第 9 个心跳包发送成功
[02:18:38 INF] 【直播间】9619073 的第 9 个心跳包发送成功
[02:18:39 INF] 【直播间】407149 的第 9 个心跳包发送成功
[02:18:41 INF] 【直播间】11732699 的第 9 个心跳包发送成功
[02:18:42 INF] 【直播间】91164 的第 9 个心跳包发送成功
[02:18:43 INF] 【直播间】7184632 的第 9 个心跳包发送成功
[02:18:45 INF] 【直播间】23447660 的第 9 个心跳包发送成功
[02:18:46 INF] 【直播间】929670 的第 9 个心跳包发送成功
[02:18:47 INF] 【直播间】22764265 的第 9 个心跳包发送成功
[02:19:39 INF] 【直播间】23357926 的第 10 个心跳包发送成功
[02:19:41 INF] 【直播间】23040372 的第 10 个心跳包发送成功
[02:19:42 INF] 【直播间】31494 的第 10 个心跳包发送成功
[02:19:43 INF] 【直播间】4015781 的第 10 个心跳包发送成功
[02:19:44 INF] 【直播间】9619073 的第 10 个心跳包发送成功
[02:19:46 INF] 【直播间】407149 的第 10 个心跳包发送成功
[02:19:47 INF] 【直播间】11732699 的第 10 个心跳包发送成功
[02:19:48 INF] 【直播间】91164 的第 10 个心跳包发送成功
[02:19:49 INF] 【直播间】7184632 的第 10 个心跳包发送成功
[02:19:51 INF] 【直播间】23447660 的第 10 个心跳包发送成功
[02:19:52 INF] 【直播间】929670 的第 10 个心跳包发送成功
[02:19:53 INF] 【直播间】22764265 的第 10 个心跳包发送成功
[02:20:46 INF] 【直播间】23357926 的第 11 个心跳包发送成功
[02:20:47 INF] 【直播间】23040372 的第 11 个心跳包发送成功
[02:20:48 INF] 【直播间】31494 的第 11 个心跳包发送成功
[02:20:49 INF] 【直播间】4015781 的第 11 个心跳包发送成功
[02:20:51 INF] 【直播间】9619073 的第 11 个心跳包发送成功
[02:20:52 INF] 【直播间】407149 的第 11 个心跳包发送成功
[02:20:53 INF] 【直播间】11732699 的第 11 个心跳包发送成功
[02:20:54 INF] 【直播间】91164 的第 11 个心跳包发送成功
[02:20:56 INF] 【直播间】7184632 的第 11 个心跳包发送成功
[02:20:57 INF] 【直播间】23447660 的第 11 个心跳包发送成功
[02:20:58 INF] 【直播间】929670 的第 11 个心跳包发送成功
[02:21:00 INF] 【直播间】22764265 的第 11 个心跳包发送成功
[02:21:52 INF] 【直播间】23357926 的第 12 个心跳包发送成功
[02:21:53 INF] 【直播间】23040372 的第 12 个心跳包发送成功
[02:21:54 INF] 【直播间】31494 的第 12 个心跳包发送成功
[02:21:55 INF] 【直播间】4015781 的第 12 个心跳包发送成功
[02:21:57 INF] 【直播间】9619073 的第 12 个心跳包发送成功
[02:21:58 INF] 【直播间】407149 的第 12 个心跳包发送成功
[02:21:59 INF] 【直播间】11732699 的第 12 个心跳包发送成功
[02:22:01 INF] 【直播间】91164 的第 12 个心跳包发送成功
[02:22:02 INF] 【直播间】7184632 的第 12 个心跳包发送成功
[02:22:03 INF] 【直播间】23447660 的第 12 个心跳包发送成功
[02:22:04 INF] 【直播间】929670 的第 12 个心跳包发送成功
[02:22:06 INF] 【直播间】22764265 的第 12 个心跳包发送成功
[02:22:58 INF] 【直播间】23357926 的第 13 个心跳包发送成功
[02:22:59 INF] 【直播间】23040372 的第 13 个心跳包发送成功
[02:23:01 INF] 【直播间】31494 的第 13 个心跳包发送成功
[02:23:02 INF] 【直播间】4015781 的第 13 个心跳包发送成功
[02:23:03 INF] 【直播间】9619073 的第 13 个心跳包发送成功
[02:23:04 INF] 【直播间】407149 的第 13 个心跳包发送成功
[02:23:06 INF] 【直播间】11732699 的第 13 个心跳包发送成功
[02:23:07 INF] 【直播间】91164 的第 13 个心跳包发送成功
[02:23:08 INF] 【直播间】7184632 的第 13 个心跳包发送成功
[02:23:09 INF] 【直播间】23447660 的第 13 个心跳包发送成功
[02:23:11 INF] 【直播间】929670 的第 13 个心跳包发送成功
[02:23:12 INF] 【直播间】22764265 的第 13 个心跳包发送成功
[02:24:05 INF] 【直播间】23357926 的第 14 个心跳包发送成功
[02:24:06 INF] 【直播间】23040372 的第 14 个心跳包发送成功
[02:24:07 INF] 【直播间】31494 的第 14 个心跳包发送成功
[02:24:08 INF] 【直播间】4015781 的第 14 个心跳包发送成功
[02:24:09 INF] 【直播间】9619073 的第 14 个心跳包发送成功
[02:24:11 INF] 【直播间】407149 的第 14 个心跳包发送成功
[02:24:12 INF] 【直播间】11732699 的第 14 个心跳包发送成功
[02:24:13 INF] 【直播间】91164 的第 14 个心跳包发送成功
[02:24:14 INF] 【直播间】7184632 的第 14 个心跳包发送成功
[02:24:16 INF] 【直播间】23447660 的第 14 个心跳包发送成功
[02:24:17 INF] 【直播间】929670 的第 14 个心跳包发送成功
[02:24:18 INF] 【直播间】22764265 的第 14 个心跳包发送成功
[02:25:11 INF] 【直播间】23357926 的第 15 个心跳包发送成功
[02:25:12 INF] 【直播间】23040372 的第 15 个心跳包发送成功
[02:25:13 INF] 【直播间】31494 的第 15 个心跳包发送成功
[02:25:15 INF] 【直播间】4015781 的第 15 个心跳包发送成功
[02:25:16 INF] 【直播间】9619073 的第 15 个心跳包发送成功
[02:25:17 INF] 【直播间】407149 的第 15 个心跳包发送成功
[02:25:18 INF] 【直播间】11732699 的第 15 个心跳包发送成功
[02:25:19 INF] 【直播间】91164 的第 15 个心跳包发送成功
[02:25:21 INF] 【直播间】7184632 的第 15 个心跳包发送成功
[02:25:22 INF] 【直播间】23447660 的第 15 个心跳包发送成功
[02:25:23 INF] 【直播间】929670 的第 15 个心跳包发送成功
[02:25:25 INF] 【直播间】22764265 的第 15 个心跳包发送成功
[02:26:17 ERR] 【心跳包】直播间 23357926 发送失败
[02:26:17 ERR] 【原因】time check failed
[02:26:19 ERR] 【心跳包】直播间 23040372 发送失败
[02:26:19 ERR] 【原因】time check failed
[02:26:20 ERR] 【心跳包】直播间 31494 发送失败
[02:26:20 ERR] 【原因】time check failed
[02:26:21 ERR] 【心跳包】直播间 4015781 发送失败
[02:26:21 ERR] 【原因】time check failed
[02:26:22 ERR] 【心跳包】直播间 9619073 发送失败
[02:26:22 ERR] 【原因】time check failed
[02:26:24 ERR] 【心跳包】直播间 407149 发送失败
[02:26:24 ERR] 【原因】time check failed
[02:26:25 ERR] 【心跳包】直播间 11732699 发送失败
[02:26:25 ERR] 【原因】time check failed
[02:26:26 ERR] 【心跳包】直播间 91164 发送失败
[02:26:26 ERR] 【原因】time check failed
[02:26:27 ERR] 【心跳包】直播间 7184632 发送失败
[02:26:27 ERR] 【原因】time check failed
[02:26:28 ERR] 【心跳包】直播间 23447660 发送失败
[02:26:28 ERR] 【原因】time check failed
[02:26:30 ERR] 【心跳包】直播间 929670 发送失败
[02:26:30 ERR] 【原因】time check failed
[02:26:31 ERR] 【心跳包】直播间 22764265 发送失败
[02:26:31 ERR] 【原因】time check failed
[02:27:23 INF] 【直播间】23357926 的第 16 个心跳包发送成功
[02:27:25 INF] 【直播间】23040372 的第 16 个心跳包发送成功
[02:27:26 INF] 【直播间】31494 的第 16 个心跳包发送成功
[02:27:27 INF] 【直播间】4015781 的第 16 个心跳包发送成功
[02:27:29 INF] 【直播间】9619073 的第 16 个心跳包发送成功
[02:27:30 INF] 【直播间】407149 的第 16 个心跳包发送成功
[02:27:31 INF] 【直播间】11732699 的第 16 个心跳包发送成功
[02:27:32 INF] 【直播间】91164 的第 16 个心跳包发送成功
[02:27:33 INF] 【直播间】7184632 的第 16 个心跳包发送成功
[02:27:35 INF] 【直播间】23447660 的第 16 个心跳包发送成功
[02:27:36 INF] 【直播间】929670 的第 16 个心跳包发送成功
[02:27:37 INF] 【直播间】22764265 的第 16 个心跳包发送成功
[02:28:30 INF] 【直播间】23357926 的第 17 个心跳包发送成功
[02:28:31 INF] 【直播间】23040372 的第 17 个心跳包发送成功
[02:28:32 INF] 【直播间】31494 的第 17 个心跳包发送成功
[02:28:34 INF] 【直播间】4015781 的第 17 个心跳包发送成功
[02:28:35 INF] 【直播间】9619073 的第 17 个心跳包发送成功
[02:28:36 INF] 【直播间】407149 的第 17 个心跳包发送成功
[02:28:37 INF] 【直播间】11732699 的第 17 个心跳包发送成功
[02:28:38 INF] 【直播间】91164 的第 17 个心跳包发送成功
[02:28:40 INF] 【直播间】7184632 的第 17 个心跳包发送成功
[02:28:41 INF] 【直播间】23447660 的第 17 个心跳包发送成功
[02:28:42 INF] 【直播间】929670 的第 17 个心跳包发送成功
[02:28:44 INF] 【直播间】22764265 的第 17 个心跳包发送成功
[02:29:36 INF] 【直播间】23357926 的第 18 个心跳包发送成功
[02:29:38 INF] 【直播间】23040372 的第 18 个心跳包发送成功
[02:29:39 INF] 【直播间】31494 的第 18 个心跳包发送成功
[02:29:40 INF] 【直播间】4015781 的第 18 个心跳包发送成功
[02:29:41 INF] 【直播间】9619073 的第 18 个心跳包发送成功
[02:29:43 INF] 【直播间】407149 的第 18 个心跳包发送成功
[02:29:44 INF] 【直播间】11732699 的第 18 个心跳包发送成功
[02:29:45 INF] 【直播间】91164 的第 18 个心跳包发送成功
[02:29:46 INF] 【直播间】7184632 的第 18 个心跳包发送成功
[02:29:48 INF] 【直播间】23447660 的第 18 个心跳包发送成功
[02:29:49 INF] 【直播间】929670 的第 18 个心跳包发送成功
[02:29:50 INF] 【直播间】22764265 的第 18 个心跳包发送成功
[02:30:43 INF] 【直播间】23357926 的第 19 个心跳包发送成功
[02:30:44 INF] 【直播间】23040372 的第 19 个心跳包发送成功
[02:30:45 INF] 【直播间】31494 的第 19 个心跳包发送成功
[02:30:46 INF] 【直播间】4015781 的第 19 个心跳包发送成功
[02:30:48 INF] 【直播间】9619073 的第 19 个心跳包发送成功
[02:30:49 INF] 【直播间】407149 的第 19 个心跳包发送成功
[02:30:50 INF] 【直播间】11732699 的第 19 个心跳包发送成功
[02:30:52 INF] 【直播间】91164 的第 19 个心跳包发送成功
[02:30:53 INF] 【直播间】7184632 的第 19 个心跳包发送成功
[02:30:54 INF] 【直播间】23447660 的第 19 个心跳包发送成功
[02:30:55 INF] 【直播间】929670 的第 19 个心跳包发送成功
[02:30:57 INF] 【直播间】22764265 的第 19 个心跳包发送成功
[02:31:49 INF] 【直播间】23357926 的第 20 个心跳包发送成功
[02:31:50 INF] 【直播间】23040372 的第 20 个心跳包发送成功
[02:31:52 INF] 【直播间】31494 的第 20 个心跳包发送成功
[02:31:53 INF] 【直播间】4015781 的第 20 个心跳包发送成功
[02:31:54 INF] 【直播间】9619073 的第 20 个心跳包发送成功
[02:31:55 INF] 【直播间】407149 的第 20 个心跳包发送成功
[02:31:56 INF] 【直播间】11732699 的第 20 个心跳包发送成功
[02:31:58 INF] 【直播间】91164 的第 20 个心跳包发送成功
[02:31:59 INF] 【直播间】7184632 的第 20 个心跳包发送成功
[02:32:00 INF] 【直播间】23447660 的第 20 个心跳包发送成功
[02:32:02 INF] 【直播间】929670 的第 20 个心跳包发送成功
[02:32:03 INF] 【直播间】22764265 的第 20 个心跳包发送成功
[02:32:56 INF] 【直播间】23357926 的第 21 个心跳包发送成功
[02:32:57 INF] 【直播间】23040372 的第 21 个心跳包发送成功
[02:32:58 INF] 【直播间】31494 的第 21 个心跳包发送成功
[02:32:59 INF] 【直播间】4015781 的第 21 个心跳包发送成功
[02:33:00 INF] 【直播间】9619073 的第 21 个心跳包发送成功
[02:33:02 INF] 【直播间】407149 的第 21 个心跳包发送成功
[02:33:03 INF] 【直播间】11732699 的第 21 个心跳包发送成功
[02:33:04 INF] 【直播间】91164 的第 21 个心跳包发送成功
[02:33:05 INF] 【直播间】7184632 的第 21 个心跳包发送成功
[02:33:07 INF] 【直播间】23447660 的第 21 个心跳包发送成功
[02:33:08 INF] 【直播间】929670 的第 21 个心跳包发送成功
[02:33:09 INF] 【直播间】22764265 的第 21 个心跳包发送成功
[02:34:02 INF] 【直播间】23357926 的第 22 个心跳包发送成功
[02:34:03 INF] 【直播间】23040372 的第 22 个心跳包发送成功
[02:34:04 INF] 【直播间】31494 的第 22 个心跳包发送成功
[02:34:05 INF] 【直播间】4015781 的第 22 个心跳包发送成功
[02:34:07 INF] 【直播间】9619073 的第 22 个心跳包发送成功
[02:34:08 INF] 【直播间】407149 的第 22 个心跳包发送成功
[02:34:09 INF] 【直播间】11732699 的第 22 个心跳包发送成功
[02:34:11 INF] 【直播间】91164 的第 22 个心跳包发送成功
[02:34:12 INF] 【直播间】7184632 的第 22 个心跳包发送成功
[02:34:13 INF] 【直播间】23447660 的第 22 个心跳包发送成功
[02:34:14 INF] 【直播间】929670 的第 22 个心跳包发送成功
[02:34:16 INF] 【直播间】22764265 的第 22 个心跳包发送成功
[02:35:09 INF] 【直播间】23357926 的第 23 个心跳包发送成功
[02:35:10 INF] 【直播间】23040372 的第 23 个心跳包发送成功
[02:35:11 INF] 【直播间】31494 的第 23 个心跳包发送成功
[02:35:12 INF] 【直播间】4015781 的第 23 个心跳包发送成功
[02:35:14 INF] 【直播间】9619073 的第 23 个心跳包发送成功
[02:35:15 INF] 【直播间】407149 的第 23 个心跳包发送成功
[02:35:16 INF] 【直播间】11732699 的第 23 个心跳包发送成功
[02:35:18 INF] 【直播间】91164 的第 23 个心跳包发送成功
[02:35:19 INF] 【直播间】7184632 的第 23 个心跳包发送成功
[02:35:20 INF] 【直播间】23447660 的第 23 个心跳包发送成功
[02:35:21 INF] 【直播间】929670 的第 23 个心跳包发送成功
[02:35:23 INF] 【直播间】22764265 的第 23 个心跳包发送成功
[02:36:15 INF] 【直播间】23357926 的第 24 个心跳包发送成功
[02:36:16 INF] 【直播间】23040372 的第 24 个心跳包发送成功
[02:36:18 INF] 【直播间】31494 的第 24 个心跳包发送成功
[02:36:19 INF] 【直播间】4015781 的第 24 个心跳包发送成功
[02:36:20 INF] 【直播间】9619073 的第 24 个心跳包发送成功
[02:36:22 INF] 【直播间】407149 的第 24 个心跳包发送成功
[02:36:23 INF] 【直播间】11732699 的第 24 个心跳包发送成功
[02:36:24 INF] 【直播间】91164 的第 24 个心跳包发送成功
[02:36:26 INF] 【直播间】7184632 的第 24 个心跳包发送成功
[02:36:27 INF] 【直播间】23447660 的第 24 个心跳包发送成功
[02:36:28 INF] 【直播间】929670 的第 24 个心跳包发送成功
[02:36:29 INF] 【直播间】22764265 的第 24 个心跳包发送成功
[02:37:21 INF] 【直播间】23357926 的第 25 个心跳包发送成功
[02:37:23 INF] 【直播间】23040372 的第 25 个心跳包发送成功
[02:37:24 INF] 【直播间】31494 的第 25 个心跳包发送成功
[02:37:25 INF] 【直播间】4015781 的第 25 个心跳包发送成功
[02:37:27 INF] 【直播间】9619073 的第 25 个心跳包发送成功
[02:37:28 INF] 【直播间】407149 的第 25 个心跳包发送成功
[02:37:29 INF] 【直播间】11732699 的第 25 个心跳包发送成功
[02:37:31 INF] 【直播间】91164 的第 25 个心跳包发送成功
[02:37:32 INF] 【直播间】7184632 的第 25 个心跳包发送成功
[02:37:33 INF] 【直播间】23447660 的第 25 个心跳包发送成功
[02:37:34 INF] 【直播间】929670 的第 25 个心跳包发送成功
[02:37:36 INF] 【直播间】22764265 的第 25 个心跳包发送成功
[02:38:28 INF] 【直播间】23357926 的第 26 个心跳包发送成功
[02:38:29 INF] 【直播间】23040372 的第 26 个心跳包发送成功
[02:38:30 INF] 【直播间】31494 的第 26 个心跳包发送成功
[02:38:32 INF] 【直播间】4015781 的第 26 个心跳包发送成功
[02:38:33 INF] 【直播间】9619073 的第 26 个心跳包发送成功
[02:38:34 INF] 【直播间】407149 的第 26 个心跳包发送成功
[02:38:36 INF] 【直播间】11732699 的第 26 个心跳包发送成功
[02:38:37 INF] 【直播间】91164 的第 26 个心跳包发送成功
[02:38:38 INF] 【直播间】7184632 的第 26 个心跳包发送成功
[02:38:39 INF] 【直播间】23447660 的第 26 个心跳包发送成功
[02:38:41 INF] 【直播间】929670 的第 26 个心跳包发送成功
[02:38:42 INF] 【直播间】22764265 的第 26 个心跳包发送成功
[02:39:34 INF] 【直播间】23357926 的第 27 个心跳包发送成功
[02:39:35 INF] 【直播间】23040372 的第 27 个心跳包发送成功
[02:39:36 INF] 【直播间】31494 的第 27 个心跳包发送成功
[02:39:38 INF] 【直播间】4015781 的第 27 个心跳包发送成功
[02:39:39 INF] 【直播间】9619073 的第 27 个心跳包发送成功
[02:39:40 INF] 【直播间】407149 的第 27 个心跳包发送成功
[02:39:42 INF] 【直播间】11732699 的第 27 个心跳包发送成功
[02:39:43 INF] 【直播间】91164 的第 27 个心跳包发送成功
[02:39:44 INF] 【直播间】7184632 的第 27 个心跳包发送成功
[02:39:45 INF] 【直播间】23447660 的第 27 个心跳包发送成功
[02:39:47 INF] 【直播间】929670 的第 27 个心跳包发送成功
[02:39:48 INF] 【直播间】22764265 的第 27 个心跳包发送成功
[02:40:41 INF] 【直播间】23357926 的第 28 个心跳包发送成功
[02:40:42 INF] 【直播间】23040372 的第 28 个心跳包发送成功
[02:40:43 INF] 【直播间】31494 的第 28 个心跳包发送成功
[02:40:44 INF] 【直播间】4015781 的第 28 个心跳包发送成功
[02:40:45 INF] 【直播间】9619073 的第 28 个心跳包发送成功
[02:40:47 INF] 【直播间】407149 的第 28 个心跳包发送成功
[02:40:48 INF] 【直播间】11732699 的第 28 个心跳包发送成功
[02:40:49 INF] 【直播间】91164 的第 28 个心跳包发送成功
[02:40:51 INF] 【直播间】7184632 的第 28 个心跳包发送成功
[02:40:52 INF] 【直播间】23447660 的第 28 个心跳包发送成功
[02:40:53 INF] 【直播间】929670 的第 28 个心跳包发送成功
[02:40:55 INF] 【直播间】22764265 的第 28 个心跳包发送成功
[02:41:47 INF] 【直播间】23357926 的第 29 个心跳包发送成功
[02:41:48 INF] 【直播间】23040372 的第 29 个心跳包发送成功
[02:41:50 INF] 【直播间】31494 的第 29 个心跳包发送成功
[02:41:51 INF] 【直播间】4015781 的第 29 个心跳包发送成功
[02:41:52 INF] 【直播间】9619073 的第 29 个心跳包发送成功
[02:41:53 INF] 【直播间】407149 的第 29 个心跳包发送成功
[02:41:54 INF] 【直播间】11732699 的第 29 个心跳包发送成功
[02:41:56 INF] 【直播间】91164 的第 29 个心跳包发送成功
[02:41:57 INF] 【直播间】7184632 的第 29 个心跳包发送成功
[02:41:58 INF] 【直播间】23447660 的第 29 个心跳包发送成功
[02:42:00 INF] 【直播间】929670 的第 29 个心跳包发送成功
[02:42:01 INF] 【直播间】22764265 的第 29 个心跳包发送成功
[02:42:53 ERR] 【心跳包】直播间 23357926 发送失败
[02:42:53 ERR] 【原因】time check failed
[02:42:55 ERR] 【心跳包】直播间 23040372 发送失败
[02:42:55 ERR] 【原因】time check failed
[02:42:56 ERR] 【心跳包】直播间 31494 发送失败
[02:42:56 ERR] 【原因】time check failed
[02:42:57 ERR] 【心跳包】直播间 4015781 发送失败
[02:42:57 ERR] 【原因】time check failed
[02:42:58 ERR] 【心跳包】直播间 9619073 发送失败
[02:42:58 ERR] 【原因】time check failed
[02:42:59 ERR] 【心跳包】直播间 407149 发送失败
[02:42:59 ERR] 【原因】time check failed
[02:43:01 ERR] 【心跳包】直播间 11732699 发送失败
[02:43:01 ERR] 【原因】time check failed
[02:43:02 ERR] 【心跳包】直播间 91164 发送失败
[02:43:02 ERR] 【原因】time check failed
[02:43:03 ERR] 【心跳包】直播间 7184632 发送失败
[02:43:03 ERR] 【原因】time check failed
[02:43:05 ERR] 【心跳包】直播间 23447660 发送失败
[02:43:05 ERR] 【原因】time check failed
[02:43:06 ERR] 【心跳包】直播间 929670 发送失败
[02:43:06 ERR] 【原因】time check failed
[02:43:07 ERR] 【心跳包】直播间 22764265 发送失败
[02:43:07 ERR] 【原因】time check failed
[02:44:00 INF] 【直播间】23357926 的第 30 个心跳包发送成功
[02:44:01 INF] 【直播间】23040372 的第 30 个心跳包发送成功
[02:44:02 INF] 【直播间】31494 的第 30 个心跳包发送成功
[02:44:03 INF] 【直播间】4015781 的第 30 个心跳包发送成功
[02:44:05 INF] 【直播间】9619073 的第 30 个心跳包发送成功
[02:44:06 INF] 【直播间】407149 的第 30 个心跳包发送成功
[02:44:07 INF] 【直播间】11732699 的第 30 个心跳包发送成功
[02:44:08 INF] 【直播间】91164 的第 30 个心跳包发送成功
[02:44:10 INF] 【直播间】7184632 的第 30 个心跳包发送成功
[02:44:11 INF] 【直播间】23447660 的第 30 个心跳包发送成功
[02:44:12 INF] 【直播间】929670 的第 30 个心跳包发送成功
[02:44:13 INF] 【直播间】22764265 的第 30 个心跳包发送成功
[02:45:06 INF] 【直播间】23357926 的第 31 个心跳包发送成功
[02:45:07 INF] 【直播间】23040372 的第 31 个心跳包发送成功
[02:45:08 INF] 【直播间】31494 的第 31 个心跳包发送成功
[02:45:10 INF] 【直播间】4015781 的第 31 个心跳包发送成功
[02:45:11 INF] 【直播间】9619073 的第 31 个心跳包发送成功
[02:45:12 INF] 【直播间】407149 的第 31 个心跳包发送成功
[02:45:13 INF] 【直播间】11732699 的第 31 个心跳包发送成功
[02:45:15 INF] 【直播间】91164 的第 31 个心跳包发送成功
[02:45:16 INF] 【直播间】7184632 的第 31 个心跳包发送成功
[02:45:17 INF] 【直播间】23447660 的第 31 个心跳包发送成功
[02:45:18 INF] 【直播间】929670 的第 31 个心跳包发送成功
[02:45:20 INF] 【直播间】22764265 的第 31 个心跳包发送成功
[02:46:13 INF] 【直播间】23357926 的第 32 个心跳包发送成功
[02:46:14 INF] 【直播间】23040372 的第 32 个心跳包发送成功
[02:46:15 INF] 【直播间】31494 的第 32 个心跳包发送成功
[02:46:16 INF] 【直播间】4015781 的第 32 个心跳包发送成功
[02:46:18 INF] 【直播间】9619073 的第 32 个心跳包发送成功
[02:46:19 INF] 【直播间】407149 的第 32 个心跳包发送成功
[02:46:20 INF] 【直播间】11732699 的第 32 个心跳包发送成功
[02:46:21 INF] 【直播间】91164 的第 32 个心跳包发送成功
[02:46:22 INF] 【直播间】7184632 的第 32 个心跳包发送成功
[02:46:24 INF] 【直播间】23447660 的第 32 个心跳包发送成功
[02:46:25 INF] 【直播间】929670 的第 32 个心跳包发送成功
[02:46:26 INF] 【直播间】22764265 的第 32 个心跳包发送成功
[02:47:19 INF] 【直播间】23357926 的第 33 个心跳包发送成功
[02:47:20 INF] 【直播间】23040372 的第 33 个心跳包发送成功
[02:47:21 INF] 【直播间】31494 的第 33 个心跳包发送成功
[02:47:23 INF] 【直播间】4015781 的第 33 个心跳包发送成功
[02:47:24 INF] 【直播间】9619073 的第 33 个心跳包发送成功
[02:47:25 INF] 【直播间】407149 的第 33 个心跳包发送成功
[02:47:26 INF] 【直播间】11732699 的第 33 个心跳包发送成功
[02:47:27 INF] 【直播间】91164 的第 33 个心跳包发送成功
[02:47:29 INF] 【直播间】7184632 的第 33 个心跳包发送成功
[02:47:30 INF] 【直播间】23447660 的第 33 个心跳包发送成功
[02:47:31 INF] 【直播间】929670 的第 33 个心跳包发送成功
[02:47:32 INF] 【直播间】22764265 的第 33 个心跳包发送成功
[02:48:25 INF] 【直播间】23357926 的第 34 个心跳包发送成功
[02:48:26 INF] 【直播间】23040372 的第 34 个心跳包发送成功
[02:48:28 INF] 【直播间】31494 的第 34 个心跳包发送成功
[02:48:29 INF] 【直播间】4015781 的第 34 个心跳包发送成功
[02:48:30 INF] 【直播间】9619073 的第 34 个心跳包发送成功
[02:48:31 INF] 【直播间】407149 的第 34 个心跳包发送成功
[02:48:33 INF] 【直播间】11732699 的第 34 个心跳包发送成功
[02:48:34 INF] 【直播间】91164 的第 34 个心跳包发送成功
[02:48:35 INF] 【直播间】7184632 的第 34 个心跳包发送成功
[02:48:37 INF] 【直播间】23447660 的第 34 个心跳包发送成功
[02:48:38 INF] 【直播间】929670 的第 34 个心跳包发送成功
[02:48:39 INF] 【直播间】22764265 的第 34 个心跳包发送成功
[02:49:32 INF] 【直播间】23357926 的第 35 个心跳包发送成功
[02:49:33 INF] 【直播间】23040372 的第 35 个心跳包发送成功
[02:49:34 INF] 【直播间】31494 的第 35 个心跳包发送成功
[02:49:35 INF] 【直播间】4015781 的第 35 个心跳包发送成功
[02:49:36 INF] 【直播间】9619073 的第 35 个心跳包发送成功
[02:49:38 INF] 【直播间】407149 的第 35 个心跳包发送成功
[02:49:39 INF] 【直播间】11732699 的第 35 个心跳包发送成功
[02:49:40 INF] 【直播间】91164 的第 35 个心跳包发送成功
[02:49:42 INF] 【直播间】7184632 的第 35 个心跳包发送成功
[02:49:43 INF] 【直播间】23447660 的第 35 个心跳包发送成功
[02:49:44 INF] 【直播间】929670 的第 35 个心跳包发送成功
[02:49:45 INF] 【直播间】22764265 的第 35 个心跳包发送成功
[02:50:38 INF] 【直播间】23357926 的第 36 个心跳包发送成功
[02:50:39 INF] 【直播间】23040372 的第 36 个心跳包发送成功
[02:50:40 INF] 【直播间】31494 的第 36 个心跳包发送成功
[02:50:42 INF] 【直播间】4015781 的第 36 个心跳包发送成功
[02:50:43 INF] 【直播间】9619073 的第 36 个心跳包发送成功
[02:50:44 INF] 【直播间】407149 的第 36 个心跳包发送成功
[02:50:45 INF] 【直播间】11732699 的第 36 个心跳包发送成功
[02:50:47 INF] 【直播间】91164 的第 36 个心跳包发送成功
[02:50:48 INF] 【直播间】7184632 的第 36 个心跳包发送成功
[02:50:49 INF] 【直播间】23447660 的第 36 个心跳包发送成功
[02:50:50 INF] 【直播间】929670 的第 36 个心跳包发送成功
[02:50:52 INF] 【直播间】22764265 的第 36 个心跳包发送成功
[02:51:45 INF] 【直播间】23357926 的第 37 个心跳包发送成功
[02:51:46 INF] 【直播间】23040372 的第 37 个心跳包发送成功
[02:51:47 INF] 【直播间】31494 的第 37 个心跳包发送成功
[02:51:48 INF] 【直播间】4015781 的第 37 个心跳包发送成功
[02:51:49 INF] 【直播间】9619073 的第 37 个心跳包发送成功
[02:51:51 INF] 【直播间】407149 的第 37 个心跳包发送成功
[02:51:52 INF] 【直播间】11732699 的第 37 个心跳包发送成功
[02:51:53 INF] 【直播间】91164 的第 37 个心跳包发送成功
[02:51:54 INF] 【直播间】7184632 的第 37 个心跳包发送成功
[02:51:55 INF] 【直播间】23447660 的第 37 个心跳包发送成功
[02:51:57 INF] 【直播间】929670 的第 37 个心跳包发送成功
[02:51:58 INF] 【直播间】22764265 的第 37 个心跳包发送成功
[02:52:51 INF] 【直播间】23357926 的第 38 个心跳包发送成功
[02:52:52 INF] 【直播间】23040372 的第 38 个心跳包发送成功
[02:52:53 INF] 【直播间】31494 的第 38 个心跳包发送成功
[02:52:55 INF] 【直播间】4015781 的第 38 个心跳包发送成功
[02:52:56 INF] 【直播间】9619073 的第 38 个心跳包发送成功
[02:52:57 INF] 【直播间】407149 的第 38 个心跳包发送成功
[02:52:58 INF] 【直播间】11732699 的第 38 个心跳包发送成功
[02:52:59 INF] 【直播间】91164 的第 38 个心跳包发送成功
[02:53:01 INF] 【直播间】7184632 的第 38 个心跳包发送成功
[02:53:02 INF] 【直播间】23447660 的第 38 个心跳包发送成功
[02:53:03 INF] 【直播间】929670 的第 38 个心跳包发送成功
[02:53:04 INF] 【直播间】22764265 的第 38 个心跳包发送成功
[02:53:57 INF] 【直播间】23357926 的第 39 个心跳包发送成功
[02:53:58 INF] 【直播间】23040372 的第 39 个心跳包发送成功
[02:53:59 INF] 【直播间】31494 的第 39 个心跳包发送成功
[02:54:01 INF] 【直播间】4015781 的第 39 个心跳包发送成功
[02:54:02 INF] 【直播间】9619073 的第 39 个心跳包发送成功
[02:54:03 INF] 【直播间】407149 的第 39 个心跳包发送成功
[02:54:04 INF] 【直播间】11732699 的第 39 个心跳包发送成功
[02:54:06 INF] 【直播间】91164 的第 39 个心跳包发送成功
[02:54:07 INF] 【直播间】7184632 的第 39 个心跳包发送成功
[02:54:08 INF] 【直播间】23447660 的第 39 个心跳包发送成功
[02:54:09 INF] 【直播间】929670 的第 39 个心跳包发送成功
[02:54:11 INF] 【直播间】22764265 的第 39 个心跳包发送成功
[02:55:03 INF] 【直播间】23357926 的第 40 个心跳包发送成功
[02:55:05 INF] 【直播间】23040372 的第 40 个心跳包发送成功
[02:55:06 INF] 【直播间】31494 的第 40 个心跳包发送成功
[02:55:07 INF] 【直播间】4015781 的第 40 个心跳包发送成功
[02:55:08 INF] 【直播间】9619073 的第 40 个心跳包发送成功
[02:55:10 INF] 【直播间】407149 的第 40 个心跳包发送成功
[02:55:11 INF] 【直播间】11732699 的第 40 个心跳包发送成功
[02:55:12 INF] 【直播间】91164 的第 40 个心跳包发送成功
[02:55:13 INF] 【直播间】7184632 的第 40 个心跳包发送成功
[02:55:15 INF] 【直播间】23447660 的第 40 个心跳包发送成功
[02:55:16 INF] 【直播间】929670 的第 40 个心跳包发送成功
[02:55:17 INF] 【直播间】22764265 的第 40 个心跳包发送成功
[02:56:10 INF] 【直播间】23357926 的第 41 个心跳包发送成功
[02:56:11 INF] 【直播间】23040372 的第 41 个心跳包发送成功
[02:56:12 INF] 【直播间】31494 的第 41 个心跳包发送成功
[02:56:13 INF] 【直播间】4015781 的第 41 个心跳包发送成功
[02:56:15 INF] 【直播间】9619073 的第 41 个心跳包发送成功
[02:56:16 INF] 【直播间】407149 的第 41 个心跳包发送成功
[02:56:17 INF] 【直播间】11732699 的第 41 个心跳包发送成功
[02:56:18 INF] 【直播间】91164 的第 41 个心跳包发送成功
[02:56:20 INF] 【直播间】7184632 的第 41 个心跳包发送成功
[02:56:21 INF] 【直播间】23447660 的第 41 个心跳包发送成功
[02:56:22 INF] 【直播间】929670 的第 41 个心跳包发送成功
[02:56:24 INF] 【直播间】22764265 的第 41 个心跳包发送成功
[02:57:16 INF] 【直播间】23357926 的第 42 个心跳包发送成功
[02:57:17 INF] 【直播间】23040372 的第 42 个心跳包发送成功
[02:57:19 INF] 【直播间】31494 的第 42 个心跳包发送成功
[02:57:20 INF] 【直播间】4015781 的第 42 个心跳包发送成功
[02:57:21 INF] 【直播间】9619073 的第 42 个心跳包发送成功
[02:57:22 INF] 【直播间】407149 的第 42 个心跳包发送成功
[02:57:24 INF] 【直播间】11732699 的第 42 个心跳包发送成功
[02:57:25 INF] 【直播间】91164 的第 42 个心跳包发送成功
[02:57:26 INF] 【直播间】7184632 的第 42 个心跳包发送成功
[02:57:28 INF] 【直播间】23447660 的第 42 个心跳包发送成功
[02:57:29 INF] 【直播间】929670 的第 42 个心跳包发送成功
[02:57:30 INF] 【直播间】22764265 的第 42 个心跳包发送成功
[02:58:23 INF] 【直播间】23357926 的第 43 个心跳包发送成功
[02:58:24 INF] 【直播间】23040372 的第 43 个心跳包发送成功
[02:58:25 INF] 【直播间】31494 的第 43 个心跳包发送成功
[02:58:26 INF] 【直播间】4015781 的第 43 个心跳包发送成功
[02:58:27 INF] 【直播间】9619073 的第 43 个心跳包发送成功
[02:58:29 INF] 【直播间】407149 的第 43 个心跳包发送成功
[02:58:30 INF] 【直播间】11732699 的第 43 个心跳包发送成功
[02:58:31 INF] 【直播间】91164 的第 43 个心跳包发送成功
[02:58:32 INF] 【直播间】7184632 的第 43 个心跳包发送成功
[02:58:34 INF] 【直播间】23447660 的第 43 个心跳包发送成功
[02:58:35 INF] 【直播间】929670 的第 43 个心跳包发送成功
[02:58:36 INF] 【直播间】22764265 的第 43 个心跳包发送成功
[02:59:29 ERR] 【心跳包】直播间 23357926 发送失败
[02:59:29 ERR] 【原因】time check failed
[02:59:30 ERR] 【心跳包】直播间 23040372 发送失败
[02:59:30 ERR] 【原因】time check failed
[02:59:31 ERR] 【心跳包】直播间 31494 发送失败
[02:59:31 ERR] 【原因】time check failed
[02:59:33 ERR] 【心跳包】直播间 4015781 发送失败
[02:59:33 ERR] 【原因】time check failed
[02:59:34 ERR] 【心跳包】直播间 9619073 发送失败
[02:59:34 ERR] 【原因】time check failed
[02:59:35 ERR] 【心跳包】直播间 407149 发送失败
[02:59:35 ERR] 【原因】time check failed
[02:59:36 ERR] 【心跳包】直播间 11732699 发送失败
[02:59:36 ERR] 【原因】time check failed
[02:59:37 ERR] 【心跳包】直播间 91164 发送失败
[02:59:37 ERR] 【原因】time check failed
[02:59:39 ERR] 【心跳包】直播间 7184632 发送失败
[02:59:39 ERR] 【原因】time check failed
[02:59:40 ERR] 【心跳包】直播间 23447660 发送失败
[02:59:40 ERR] 【原因】time check failed
[02:59:41 ERR] 【心跳包】直播间 929670 发送失败
[02:59:41 ERR] 【原因】time check failed
[02:59:43 ERR] 【心跳包】直播间 22764265 发送失败
[02:59:43 ERR] 【原因】time check failed
[03:00:35 INF] 【直播间】23357926 的第 44 个心跳包发送成功
[03:00:37 INF] 【直播间】23040372 的第 44 个心跳包发送成功
[03:00:38 INF] 【直播间】31494 的第 44 个心跳包发送成功
[03:00:39 INF] 【直播间】4015781 的第 44 个心跳包发送成功
[03:00:40 INF] 【直播间】9619073 的第 44 个心跳包发送成功
[03:00:42 INF] 【直播间】407149 的第 44 个心跳包发送成功
[03:00:43 INF] 【直播间】11732699 的第 44 个心跳包发送成功
[03:00:44 INF] 【直播间】91164 的第 44 个心跳包发送成功
[03:00:45 INF] 【直播间】7184632 的第 44 个心跳包发送成功
[03:00:46 INF] 【直播间】23447660 的第 44 个心跳包发送成功
[03:00:48 INF] 【直播间】929670 的第 44 个心跳包发送成功
[03:00:49 INF] 【直播间】22764265 的第 44 个心跳包发送成功
[03:01:41 INF] 【直播间】23357926 的第 45 个心跳包发送成功
[03:01:43 INF] 【直播间】23040372 的第 45 个心跳包发送成功
[03:01:44 INF] 【直播间】31494 的第 45 个心跳包发送成功
[03:01:45 INF] 【直播间】4015781 的第 45 个心跳包发送成功
[03:01:47 INF] 【直播间】9619073 的第 45 个心跳包发送成功
[03:01:48 INF] 【直播间】407149 的第 45 个心跳包发送成功
[03:01:49 INF] 【直播间】11732699 的第 45 个心跳包发送成功
[03:01:50 INF] 【直播间】91164 的第 45 个心跳包发送成功
[03:01:52 INF] 【直播间】7184632 的第 45 个心跳包发送成功
[03:01:53 INF] 【直播间】23447660 的第 45 个心跳包发送成功
[03:01:54 INF] 【直播间】929670 的第 45 个心跳包发送成功
[03:01:55 INF] 【直播间】22764265 的第 45 个心跳包发送成功
[03:02:48 INF] 【直播间】23357926 的第 46 个心跳包发送成功
[03:02:49 INF] 【直播间】23040372 的第 46 个心跳包发送成功
[03:02:50 INF] 【直播间】31494 的第 46 个心跳包发送成功
[03:02:52 INF] 【直播间】4015781 的第 46 个心跳包发送成功
[03:02:53 INF] 【直播间】9619073 的第 46 个心跳包发送成功
[03:02:54 INF] 【直播间】407149 的第 46 个心跳包发送成功
[03:02:55 INF] 【直播间】11732699 的第 46 个心跳包发送成功
[03:02:57 INF] 【直播间】91164 的第 46 个心跳包发送成功
[03:02:58 INF] 【直播间】7184632 的第 46 个心跳包发送成功
[03:02:59 INF] 【直播间】23447660 的第 46 个心跳包发送成功
[03:03:00 INF] 【直播间】929670 的第 46 个心跳包发送成功
[03:03:02 INF] 【直播间】22764265 的第 46 个心跳包发送成功
[03:03:54 INF] 【直播间】23357926 的第 47 个心跳包发送成功
[03:03:55 INF] 【直播间】23040372 的第 47 个心跳包发送成功
[03:03:57 INF] 【直播间】31494 的第 47 个心跳包发送成功
[03:03:58 INF] 【直播间】4015781 的第 47 个心跳包发送成功
[03:03:59 INF] 【直播间】9619073 的第 47 个心跳包发送成功
[03:04:00 INF] 【直播间】407149 的第 47 个心跳包发送成功
[03:04:02 INF] 【直播间】11732699 的第 47 个心跳包发送成功
[03:04:03 INF] 【直播间】91164 的第 47 个心跳包发送成功
[03:04:04 INF] 【直播间】7184632 的第 47 个心跳包发送成功
[03:04:05 INF] 【直播间】23447660 的第 47 个心跳包发送成功
[03:04:06 INF] 【直播间】929670 的第 47 个心跳包发送成功
[03:04:08 INF] 【直播间】22764265 的第 47 个心跳包发送成功
[03:05:01 INF] 【直播间】23357926 的第 48 个心跳包发送成功
[03:05:02 INF] 【直播间】23040372 的第 48 个心跳包发送成功
[03:05:03 INF] 【直播间】31494 的第 48 个心跳包发送成功
[03:05:04 INF] 【直播间】4015781 的第 48 个心跳包发送成功
[03:05:05 INF] 【直播间】9619073 的第 48 个心跳包发送成功
[03:05:07 INF] 【直播间】407149 的第 48 个心跳包发送成功
[03:05:08 INF] 【直播间】11732699 的第 48 个心跳包发送成功
[03:05:09 INF] 【直播间】91164 的第 48 个心跳包发送成功
[03:05:10 INF] 【直播间】7184632 的第 48 个心跳包发送成功
[03:05:11 INF] 【直播间】23447660 的第 48 个心跳包发送成功
[03:05:13 INF] 【直播间】929670 的第 48 个心跳包发送成功
[03:05:14 INF] 【直播间】22764265 的第 48 个心跳包发送成功
[03:06:07 INF] 【直播间】23357926 的第 49 个心跳包发送成功
[03:06:08 INF] 【直播间】23040372 的第 49 个心跳包发送成功
[03:06:09 INF] 【直播间】31494 的第 49 个心跳包发送成功
[03:06:10 INF] 【直播间】4015781 的第 49 个心跳包发送成功
[03:06:12 INF] 【直播间】9619073 的第 49 个心跳包发送成功
[03:06:13 INF] 【直播间】407149 的第 49 个心跳包发送成功
[03:06:14 INF] 【直播间】11732699 的第 49 个心跳包发送成功
[03:06:15 INF] 【直播间】91164 的第 49 个心跳包发送成功
[03:06:17 INF] 【直播间】7184632 的第 49 个心跳包发送成功
[03:06:18 INF] 【直播间】23447660 的第 49 个心跳包发送成功
[03:06:19 INF] 【直播间】929670 的第 49 个心跳包发送成功
[03:06:20 INF] 【直播间】22764265 的第 49 个心跳包发送成功
[03:07:13 INF] 【直播间】23357926 的第 50 个心跳包发送成功
[03:07:15 INF] 【直播间】23040372 的第 50 个心跳包发送成功
[03:07:16 INF] 【直播间】31494 的第 50 个心跳包发送成功
[03:07:17 INF] 【直播间】4015781 的第 50 个心跳包发送成功
[03:07:18 INF] 【直播间】9619073 的第 50 个心跳包发送成功
[03:07:20 INF] 【直播间】407149 的第 50 个心跳包发送成功
[03:07:21 INF] 【直播间】11732699 的第 50 个心跳包发送成功
[03:07:22 INF] 【直播间】91164 的第 50 个心跳包发送成功
[03:07:24 INF] 【直播间】7184632 的第 50 个心跳包发送成功
[03:07:25 INF] 【直播间】23447660 的第 50 个心跳包发送成功
[03:07:26 INF] 【直播间】929670 的第 50 个心跳包发送成功
[03:07:28 INF] 【直播间】22764265 的第 50 个心跳包发送成功
[03:08:20 INF] 【直播间】23357926 的第 51 个心跳包发送成功
[03:08:21 INF] 【直播间】23040372 的第 51 个心跳包发送成功
[03:08:22 INF] 【直播间】31494 的第 51 个心跳包发送成功
[03:08:24 INF] 【直播间】4015781 的第 51 个心跳包发送成功
[03:08:25 INF] 【直播间】9619073 的第 51 个心跳包发送成功
[03:08:26 INF] 【直播间】407149 的第 51 个心跳包发送成功
[03:08:27 INF] 【直播间】11732699 的第 51 个心跳包发送成功
[03:08:29 INF] 【直播间】91164 的第 51 个心跳包发送成功
[03:08:30 INF] 【直播间】7184632 的第 51 个心跳包发送成功
[03:08:31 INF] 【直播间】23447660 的第 51 个心跳包发送成功
[03:08:32 INF] 【直播间】929670 的第 51 个心跳包发送成功
[03:08:34 INF] 【直播间】22764265 的第 51 个心跳包发送成功
[03:09:26 INF] 【直播间】23357926 的第 52 个心跳包发送成功
[03:09:28 INF] 【直播间】23040372 的第 52 个心跳包发送成功
[03:09:29 INF] 【直播间】31494 的第 52 个心跳包发送成功
[03:09:30 INF] 【直播间】4015781 的第 52 个心跳包发送成功
[03:09:31 INF] 【直播间】9619073 的第 52 个心跳包发送成功
[03:09:33 INF] 【直播间】407149 的第 52 个心跳包发送成功
[03:09:34 INF] 【直播间】11732699 的第 52 个心跳包发送成功
[03:09:35 INF] 【直播间】91164 的第 52 个心跳包发送成功
[03:09:36 INF] 【直播间】7184632 的第 52 个心跳包发送成功
[03:09:37 INF] 【直播间】23447660 的第 52 个心跳包发送成功
[03:09:39 INF] 【直播间】929670 的第 52 个心跳包发送成功
[03:09:40 INF] 【直播间】22764265 的第 52 个心跳包发送成功
[03:10:32 INF] 【直播间】23357926 的第 53 个心跳包发送成功
[03:10:34 INF] 【直播间】23040372 的第 53 个心跳包发送成功
[03:10:35 INF] 【直播间】31494 的第 53 个心跳包发送成功
[03:10:36 INF] 【直播间】4015781 的第 53 个心跳包发送成功
[03:10:38 INF] 【直播间】9619073 的第 53 个心跳包发送成功
[03:10:39 INF] 【直播间】407149 的第 53 个心跳包发送成功
[03:10:40 INF] 【直播间】11732699 的第 53 个心跳包发送成功
[03:10:41 INF] 【直播间】91164 的第 53 个心跳包发送成功
[03:10:43 INF] 【直播间】7184632 的第 53 个心跳包发送成功
[03:10:44 INF] 【直播间】23447660 的第 53 个心跳包发送成功
[03:10:45 INF] 【直播间】929670 的第 53 个心跳包发送成功
[03:10:46 INF] 【直播间】22764265 的第 53 个心跳包发送成功
[03:11:39 INF] 【直播间】23357926 的第 54 个心跳包发送成功
[03:11:40 INF] 【直播间】23040372 的第 54 个心跳包发送成功
[03:11:41 INF] 【直播间】31494 的第 54 个心跳包发送成功
[03:11:43 INF] 【直播间】4015781 的第 54 个心跳包发送成功
[03:11:44 INF] 【直播间】9619073 的第 54 个心跳包发送成功
[03:11:45 INF] 【直播间】407149 的第 54 个心跳包发送成功
[03:11:46 INF] 【直播间】11732699 的第 54 个心跳包发送成功
[03:11:48 INF] 【直播间】91164 的第 54 个心跳包发送成功
[03:11:49 INF] 【直播间】7184632 的第 54 个心跳包发送成功
[03:11:50 INF] 【直播间】23447660 的第 54 个心跳包发送成功
[03:11:51 INF] 【直播间】929670 的第 54 个心跳包发送成功
[03:11:53 INF] 【直播间】22764265 的第 54 个心跳包发送成功
[03:12:45 INF] 【直播间】23357926 的第 55 个心跳包发送成功
[03:12:46 INF] 【直播间】23040372 的第 55 个心跳包发送成功
[03:12:48 INF] 【直播间】31494 的第 55 个心跳包发送成功
[03:12:49 INF] 【直播间】4015781 的第 55 个心跳包发送成功
[03:12:50 INF] 【直播间】9619073 的第 55 个心跳包发送成功
[03:12:51 INF] 【直播间】407149 的第 55 个心跳包发送成功
[03:12:53 INF] 【直播间】11732699 的第 55 个心跳包发送成功
[03:12:54 INF] 【直播间】91164 的第 55 个心跳包发送成功
[03:12:55 INF] 【直播间】7184632 的第 55 个心跳包发送成功
[03:12:56 INF] 【直播间】23447660 的第 55 个心跳包发送成功
[03:12:57 INF] 【直播间】929670 的第 55 个心跳包发送成功
[03:12:59 INF] 【直播间】22764265 的第 55 个心跳包发送成功
[03:13:51 INF] 【直播间】23357926 的第 56 个心跳包发送成功
[03:13:53 INF] 【直播间】23040372 的第 56 个心跳包发送成功
[03:13:54 INF] 【直播间】31494 的第 56 个心跳包发送成功
[03:13:55 INF] 【直播间】4015781 的第 56 个心跳包发送成功
[03:13:56 INF] 【直播间】9619073 的第 56 个心跳包发送成功
[03:13:58 INF] 【直播间】407149 的第 56 个心跳包发送成功
[03:13:59 INF] 【直播间】11732699 的第 56 个心跳包发送成功
[03:14:00 INF] 【直播间】91164 的第 56 个心跳包发送成功
[03:14:01 INF] 【直播间】7184632 的第 56 个心跳包发送成功
[03:14:02 INF] 【直播间】23447660 的第 56 个心跳包发送成功
[03:14:04 INF] 【直播间】929670 的第 56 个心跳包发送成功
[03:14:05 INF] 【直播间】22764265 的第 56 个心跳包发送成功
[03:14:58 INF] 【直播间】23357926 的第 57 个心跳包发送成功
[03:14:59 INF] 【直播间】23040372 的第 57 个心跳包发送成功
[03:15:00 INF] 【直播间】31494 的第 57 个心跳包发送成功
[03:15:01 INF] 【直播间】4015781 的第 57 个心跳包发送成功
[03:15:03 INF] 【直播间】9619073 的第 57 个心跳包发送成功
[03:15:04 INF] 【直播间】407149 的第 57 个心跳包发送成功
[03:15:05 INF] 【直播间】11732699 的第 57 个心跳包发送成功
[03:15:06 INF] 【直播间】91164 的第 57 个心跳包发送成功
[03:15:07 INF] 【直播间】7184632 的第 57 个心跳包发送成功
[03:15:09 INF] 【直播间】23447660 的第 57 个心跳包发送成功
[03:15:10 INF] 【直播间】929670 的第 57 个心跳包发送成功
[03:15:11 INF] 【直播间】22764265 的第 57 个心跳包发送成功
[03:16:04 ERR] 【心跳包】直播间 23357926 发送失败
[03:16:04 ERR] 【原因】time check failed
[03:16:05 ERR] 【心跳包】直播间 23040372 发送失败
[03:16:05 ERR] 【原因】time check failed
[03:16:07 ERR] 【心跳包】直播间 31494 发送失败
[03:16:07 ERR] 【原因】time check failed
[03:16:08 ERR] 【心跳包】直播间 4015781 发送失败
[03:16:08 ERR] 【原因】time check failed
[03:16:09 ERR] 【心跳包】直播间 9619073 发送失败
[03:16:09 ERR] 【原因】time check failed
[03:16:10 ERR] 【心跳包】直播间 407149 发送失败
[03:16:10 ERR] 【原因】time check failed
[03:16:12 ERR] 【心跳包】直播间 11732699 发送失败
[03:16:12 ERR] 【原因】time check failed
[03:16:13 ERR] 【心跳包】直播间 91164 发送失败
[03:16:13 ERR] 【原因】time check failed
[03:16:14 ERR] 【心跳包】直播间 7184632 发送失败
[03:16:14 ERR] 【原因】time check failed
[03:16:15 ERR] 【心跳包】直播间 23447660 发送失败
[03:16:15 ERR] 【原因】time check failed
[03:16:17 ERR] 【心跳包】直播间 929670 发送失败
[03:16:17 ERR] 【原因】time check failed
[03:16:18 ERR] 【心跳包】直播间 22764265 发送失败
[03:16:18 ERR] 【原因】time check failed
[03:17:10 INF] 【直播间】23357926 的第 58 个心跳包发送成功
[03:17:12 INF] 【直播间】23040372 的第 58 个心跳包发送成功
[03:17:13 INF] 【直播间】31494 的第 58 个心跳包发送成功
[03:17:14 INF] 【直播间】4015781 的第 58 个心跳包发送成功
[03:17:15 INF] 【直播间】9619073 的第 58 个心跳包发送成功
[03:17:17 INF] 【直播间】407149 的第 58 个心跳包发送成功
[03:17:18 INF] 【直播间】11732699 的第 58 个心跳包发送成功
[03:17:19 INF] 【直播间】91164 的第 58 个心跳包发送成功
[03:17:20 INF] 【直播间】7184632 的第 58 个心跳包发送成功
[03:17:22 INF] 【直播间】23447660 的第 58 个心跳包发送成功
[03:17:23 INF] 【直播间】929670 的第 58 个心跳包发送成功
[03:17:24 INF] 【直播间】22764265 的第 58 个心跳包发送成功
[03:18:17 INF] 【直播间】23357926 的第 59 个心跳包发送成功
[03:18:18 INF] 【直播间】23040372 的第 59 个心跳包发送成功
[03:18:19 INF] 【直播间】31494 的第 59 个心跳包发送成功
[03:18:20 INF] 【直播间】4015781 的第 59 个心跳包发送成功
[03:18:22 INF] 【直播间】9619073 的第 59 个心跳包发送成功
[03:18:23 INF] 【直播间】407149 的第 59 个心跳包发送成功
[03:18:24 INF] 【直播间】11732699 的第 59 个心跳包发送成功
[03:18:26 INF] 【直播间】91164 的第 59 个心跳包发送成功
[03:18:27 INF] 【直播间】7184632 的第 59 个心跳包发送成功
[03:18:28 INF] 【直播间】23447660 的第 59 个心跳包发送成功
[03:18:29 INF] 【直播间】929670 的第 59 个心跳包发送成功
[03:18:31 INF] 【直播间】22764265 的第 59 个心跳包发送成功
[03:19:23 INF] 【直播间】23357926 的第 60 个心跳包发送成功
[03:19:25 INF] 【直播间】23040372 的第 60 个心跳包发送成功
[03:19:26 INF] 【直播间】31494 的第 60 个心跳包发送成功
[03:19:27 INF] 【直播间】4015781 的第 60 个心跳包发送成功
[03:19:28 INF] 【直播间】9619073 的第 60 个心跳包发送成功
[03:19:30 INF] 【直播间】407149 的第 60 个心跳包发送成功
[03:19:31 INF] 【直播间】11732699 的第 60 个心跳包发送成功
[03:19:32 INF] 【直播间】91164 的第 60 个心跳包发送成功
[03:19:34 INF] 【直播间】7184632 的第 60 个心跳包发送成功
[03:19:35 INF] 【直播间】23447660 的第 60 个心跳包发送成功
[03:19:36 INF] 【直播间】929670 的第 60 个心跳包发送成功
[03:19:37 INF] 【直播间】22764265 的第 60 个心跳包发送成功
[03:20:30 INF] 【直播间】23357926 的第 61 个心跳包发送成功
[03:20:31 INF] 【直播间】23040372 的第 61 个心跳包发送成功
[03:20:32 INF] 【直播间】31494 的第 61 个心跳包发送成功
[03:20:33 INF] 【直播间】4015781 的第 61 个心跳包发送成功
[03:20:35 INF] 【直播间】9619073 的第 61 个心跳包发送成功
[03:20:36 INF] 【直播间】407149 的第 61 个心跳包发送成功
[03:20:37 INF] 【直播间】11732699 的第 61 个心跳包发送成功
[03:20:38 INF] 【直播间】91164 的第 61 个心跳包发送成功
[03:20:40 INF] 【直播间】7184632 的第 61 个心跳包发送成功
[03:20:41 INF] 【直播间】23447660 的第 61 个心跳包发送成功
[03:20:42 INF] 【直播间】929670 的第 61 个心跳包发送成功
[03:20:44 INF] 【直播间】22764265 的第 61 个心跳包发送成功
[03:21:36 INF] 【直播间】23357926 的第 62 个心跳包发送成功
[03:21:37 INF] 【直播间】23040372 的第 62 个心跳包发送成功
[03:21:39 INF] 【直播间】31494 的第 62 个心跳包发送成功
[03:21:40 INF] 【直播间】4015781 的第 62 个心跳包发送成功
[03:21:41 INF] 【直播间】9619073 的第 62 个心跳包发送成功
[03:21:42 INF] 【直播间】407149 的第 62 个心跳包发送成功
[03:21:43 INF] 【直播间】11732699 的第 62 个心跳包发送成功
[03:21:45 INF] 【直播间】91164 的第 62 个心跳包发送成功
[03:21:46 INF] 【直播间】7184632 的第 62 个心跳包发送成功
[03:21:47 INF] 【直播间】23447660 的第 62 个心跳包发送成功
[03:21:49 INF] 【直播间】929670 的第 62 个心跳包发送成功
[03:21:50 INF] 【直播间】22764265 的第 62 个心跳包发送成功
[03:22:43 INF] 【直播间】23357926 的第 63 个心跳包发送成功
[03:22:44 INF] 【直播间】23040372 的第 63 个心跳包发送成功
[03:22:45 INF] 【直播间】31494 的第 63 个心跳包发送成功
[03:22:46 INF] 【直播间】4015781 的第 63 个心跳包发送成功
[03:22:48 INF] 【直播间】9619073 的第 63 个心跳包发送成功
[03:22:49 INF] 【直播间】407149 的第 63 个心跳包发送成功
[03:22:50 INF] 【直播间】11732699 的第 63 个心跳包发送成功
[03:22:51 INF] 【直播间】91164 的第 63 个心跳包发送成功
[03:22:53 INF] 【直播间】7184632 的第 63 个心跳包发送成功
[03:22:54 INF] 【直播间】23447660 的第 63 个心跳包发送成功
[03:22:55 INF] 【直播间】929670 的第 63 个心跳包发送成功
[03:22:56 INF] 【直播间】22764265 的第 63 个心跳包发送成功
[03:23:49 INF] 【直播间】23357926 的第 64 个心跳包发送成功
[03:23:50 INF] 【直播间】23040372 的第 64 个心跳包发送成功
[03:23:51 INF] 【直播间】31494 的第 64 个心跳包发送成功
[03:23:53 INF] 【直播间】4015781 的第 64 个心跳包发送成功
[03:23:54 INF] 【直播间】9619073 的第 64 个心跳包发送成功
[03:23:55 INF] 【直播间】407149 的第 64 个心跳包发送成功
[03:23:56 INF] 【直播间】11732699 的第 64 个心跳包发送成功
[03:23:58 INF] 【直播间】91164 的第 64 个心跳包发送成功
[03:23:59 INF] 【直播间】7184632 的第 64 个心跳包发送成功
[03:24:00 INF] 【直播间】23447660 的第 64 个心跳包发送成功
[03:24:01 INF] 【直播间】929670 的第 64 个心跳包发送成功
[03:24:02 INF] 【直播间】22764265 的第 64 个心跳包发送成功
[03:24:55 INF] 【直播间】23357926 的第 65 个心跳包发送成功
[03:24:57 INF] 【直播间】23040372 的第 65 个心跳包发送成功
[03:24:58 INF] 【直播间】31494 的第 65 个心跳包发送成功
[03:24:59 INF] 【直播间】4015781 的第 65 个心跳包发送成功
[03:25:00 INF] 【直播间】9619073 的第 65 个心跳包发送成功
[03:25:02 INF] 【直播间】407149 的第 65 个心跳包发送成功
[03:25:03 INF] 【直播间】11732699 的第 65 个心跳包发送成功
[03:25:04 INF] 【直播间】91164 的第 65 个心跳包发送成功
[03:25:05 INF] 【直播间】7184632 的第 65 个心跳包发送成功
[03:25:07 INF] 【直播间】23447660 的第 65 个心跳包发送成功
[03:25:08 INF] 【直播间】929670 的第 65 个心跳包发送成功
[03:25:09 INF] 【直播间】22764265 的第 65 个心跳包发送成功
[03:26:02 INF] 【直播间】23357926 的第 66 个心跳包发送成功
[03:26:03 INF] 【直播间】23040372 的第 66 个心跳包发送成功
[03:26:04 INF] 【直播间】31494 的第 66 个心跳包发送成功
[03:26:06 INF] 【直播间】4015781 的第 66 个心跳包发送成功
[03:26:07 INF] 【直播间】9619073 的第 66 个心跳包发送成功
[03:26:08 INF] 【直播间】407149 的第 66 个心跳包发送成功
[03:26:10 INF] 【直播间】11732699 的第 66 个心跳包发送成功
[03:26:11 INF] 【直播间】91164 的第 66 个心跳包发送成功
[03:26:12 INF] 【直播间】7184632 的第 66 个心跳包发送成功
[03:26:13 INF] 【直播间】23447660 的第 66 个心跳包发送成功
[03:26:15 INF] 【直播间】929670 的第 66 个心跳包发送成功
[03:26:16 INF] 【直播间】22764265 的第 66 个心跳包发送成功
[03:27:08 INF] 【直播间】23357926 的第 67 个心跳包发送成功
[03:27:10 INF] 【直播间】23040372 的第 67 个心跳包发送成功
[03:27:11 INF] 【直播间】31494 的第 67 个心跳包发送成功
[03:27:12 INF] 【直播间】4015781 的第 67 个心跳包发送成功
[03:27:14 INF] 【直播间】9619073 的第 67 个心跳包发送成功
[03:27:15 INF] 【直播间】407149 的第 67 个心跳包发送成功
[03:27:16 INF] 【直播间】11732699 的第 67 个心跳包发送成功
[03:27:17 INF] 【直播间】91164 的第 67 个心跳包发送成功
[03:27:19 INF] 【直播间】7184632 的第 67 个心跳包发送成功
[03:27:20 INF] 【直播间】23447660 的第 67 个心跳包发送成功
[03:27:21 INF] 【直播间】929670 的第 67 个心跳包发送成功
[03:27:23 INF] 【直播间】22764265 的第 67 个心跳包发送成功
[03:28:15 INF] 【直播间】23357926 的第 68 个心跳包发送成功
[03:28:16 INF] 【直播间】23040372 的第 68 个心跳包发送成功
[03:28:17 INF] 【直播间】31494 的第 68 个心跳包发送成功
[03:28:18 INF] 【直播间】4015781 的第 68 个心跳包发送成功
[03:28:20 INF] 【直播间】9619073 的第 68 个心跳包发送成功
[03:28:21 INF] 【直播间】407149 的第 68 个心跳包发送成功
[03:28:22 INF] 【直播间】11732699 的第 68 个心跳包发送成功
[03:28:24 INF] 【直播间】91164 的第 68 个心跳包发送成功
[03:28:25 INF] 【直播间】7184632 的第 68 个心跳包发送成功
[03:28:26 INF] 【直播间】23447660 的第 68 个心跳包发送成功
[03:28:27 INF] 【直播间】929670 的第 68 个心跳包发送成功
[03:28:29 INF] 【直播间】22764265 的第 68 个心跳包发送成功
[03:29:21 INF] 【直播间】23357926 的第 69 个心跳包发送成功
[03:29:22 INF] 【直播间】23040372 的第 69 个心跳包发送成功
[03:29:23 INF] 【直播间】31494 的第 69 个心跳包发送成功
[03:29:25 INF] 【直播间】4015781 的第 69 个心跳包发送成功
[03:29:26 INF] 【直播间】9619073 的第 69 个心跳包发送成功
[03:29:27 INF] 【直播间】407149 的第 69 个心跳包发送成功
[03:29:29 INF] 【直播间】11732699 的第 69 个心跳包发送成功
[03:29:30 INF] 【直播间】91164 的第 69 个心跳包发送成功
[03:29:31 INF] 【直播间】7184632 的第 69 个心跳包发送成功
[03:29:32 INF] 【直播间】23447660 的第 69 个心跳包发送成功
[03:29:34 INF] 【直播间】929670 的第 69 个心跳包发送成功
[03:29:35 INF] 【直播间】22764265 的第 69 个心跳包发送成功
[03:30:28 INF] 【直播间】23357926 的第 70 个心跳包发送成功
[03:30:29 INF] 【直播间】23040372 的第 70 个心跳包发送成功
[03:30:30 INF] 【直播间】31494 的第 70 个心跳包发送成功
[03:30:31 INF] 【直播间】4015781 的第 70 个心跳包发送成功
[03:30:33 INF] 【直播间】9619073 的第 70 个心跳包发送成功
[03:30:34 INF] 【直播间】407149 的第 70 个心跳包发送成功
[03:30:35 INF] 【直播间】11732699 的第 70 个心跳包发送成功
[03:30:36 INF] 【直播间】91164 的第 70 个心跳包发送成功
[03:30:38 INF] 【直播间】7184632 的第 70 个心跳包发送成功
[03:30:39 INF] 【直播间】23447660 的第 70 个心跳包发送成功
[03:30:40 INF] 【直播间】929670 的第 70 个心跳包发送成功
[03:30:41 INF] 【直播间】22764265 的第 70 个心跳包发送成功
[03:30:41 INF] 【直播观看时长】完成情况：12/12 
[03:30:41 INF] ---------结束---------

[03:30:41 INF] ==========结束==========

[03:30:41 INF] ######### 账号 3 #########

[03:30:41 INF] =====开始 直播间互动 =====

[03:30:41 INF] ---开始 发送弹幕 ---
[03:30:41 INF] 检测到直播 Cookie 未正确配置，尝试自动配置中...
[03:30:47 INF] 直播 Cookie 配置成功！
[03:30:47 INF] 【获取直播列表】获取拥有粉丝牌的直播列表
[03:30:51 ERR] 【获取直播列表】失败
[03:30:51 ERR] 【原因】账号未登录
[03:30:51 ERR] 发送弹幕失败，继续其他任务。失败信息:Object reference not set to an instance of an object.

[03:30:51 INF] -------结束-------

[03:30:51 INF] ---开始 点赞直播间 ---
[03:30:51 INF] 【获取直播列表】获取拥有粉丝牌的直播列表
[03:30:55 ERR] 【获取直播列表】失败
[03:30:55 ERR] 【原因】账号未登录
[03:30:55 ERR] 点赞直播间失败，继续其他任务。失败信息:Object reference not set to an instance of an object.

[03:30:55 INF] --------结束--------

[03:30:55 INF] ---开始 直播时长挂机 ---
[03:30:55 INF] 【获取直播列表】获取拥有粉丝牌的直播列表
[03:30:58 ERR] 【获取直播列表】失败
[03:30:58 ERR] 【原因】账号未登录
[03:30:58 ERR] 直播时长挂机失败，继续其他任务。失败信息:Object reference not set to an instance of an object.

[03:30:58 INF] ---------结束---------

[03:30:58 INF] ==========结束==========

[03:30:58 INF] 

========================

 v2.0.1 开源 by https://github.com/RayWangQvQ/BiliBiliToolPro

[03:30:58 INF] ·开始推送·LiveFansMedal任务·
2023-10-26T19:30:58.7004754Z 开始推送到:PushPlus
2023-10-26T19:30:59.6234447Z Response status: OK.
2023-10-26T19:30:59.6234879Z Response content: {"code":999,"msg":"发送内容过大，不能超过2万字","data":null}.

[03:30:59 INF] 运行环境：Development
[03:30:59 INF] 应用目录：/home/runner/work/BiliBiliToolPro/BiliBiliToolPro/src/Ray.BiliBiliTool.Console/bin/Debug/net6.0/

[03:30:59 INF] 运行结束
