----------- ip 信息 ---------
{
  "ip": "104.28.233.73",
  "city": "San Jose",
  "region": "California",
  "country": "US",
  "loc": "37.3394,-121.8950",
  "org": "AS13335 Cloudflare, Inc.",
  "postal": "95103",
  "timezone": "America/Los_Angeles",
  "readme": "https://ipinfo.io/missingauth"
} ---------- end ------------
  ____               ____    _   _____           _  
 |  _ \ __ _ _   _  | __ ) _| |_|_   _|__   ___ | | 
 | |_) / _` | | | | |  _ \(_) (_) | |/ _ \ / _ \| | 
 |  _ < (_| | |_| | | |_) | | | | | | (_) | (_) | | 
 |_| \_\__,_|\__, | |____/|_|_|_| |_|\___/ \___/|_| 
             |___/                                  

[00:27:18 INF] BiliBiliToolPro 开始运行...

[00:27:18 INF] 【账号个数】3个

[00:27:18 INF] 随机休眠2分钟

[00:29:18 INF] 【目标任务】LiveFansMedal
[00:29:18 INF] ######### 账号 1 #########

[00:29:18 INF] =====开始 直播间互动 =====

[00:29:18 INF] ---开始 发送弹幕 ---
[00:29:18 INF] 检测到直播 Cookie 未正确配置，尝试自动配置中...
[00:29:25 INF] 直播 Cookie 配置成功！
[00:29:25 INF] 【获取直播列表】获取拥有粉丝牌的直播列表
[00:29:32 INF] 【主播】Mark陌枫 
[00:29:45 INF] 【主播】KL_qiqi_ 
[00:30:03 INF] 【主播】苏打baka 
[00:30:19 INF] 【直播间】Mark陌枫
[00:30:19 INF] 【粉丝牌】馬楓
[00:30:19 INF] 正在发送弹幕...
[00:30:24 INF] 【直播间】KL_qiqi_
[00:30:24 INF] 【粉丝牌】qiqisb
[00:30:24 INF] 正在发送弹幕...
[00:30:31 INF] 【直播间】苏打baka
[00:30:31 INF] 【粉丝牌】碳酸钠
[00:30:31 INF] 正在发送弹幕...
[00:30:35 INF] 【弹幕发送】成功~，你和主播 Mark陌枫 的亲密值增加了100！
[00:30:36 INF] -------结束-------

[00:30:36 INF] ---开始 点赞直播间 ---
[00:30:36 INF] 【获取直播列表】获取拥有粉丝牌的直播列表
[00:30:43 INF] 【弹幕发送】成功~，你和主播 KL_qiqi_ 的亲密值增加了100！
[00:30:43 INF] 【主播】Mark陌枫 
[00:30:44 INF] 【弹幕发送】成功~，你和主播 苏打baka 的亲密值增加了100！
[00:30:57 INF] 【主播】KL_qiqi_ 
[00:31:14 INF] 【主播】苏打baka 
[00:31:33 INF] 【点赞直播间】23357926 完成
[00:31:39 INF] 【点赞直播间】407149 完成
[00:31:43 INF] --------结束--------

[00:31:43 INF] ---开始 直播时长挂机 ---
[00:31:43 INF] 【获取直播列表】获取拥有粉丝牌的直播列表
[00:31:43 INF] 【点赞直播间】23040372 完成
[00:31:48 INF] 【主播】Mark陌枫 
[00:32:07 INF] 【主播】KL_qiqi_ 
[00:32:20 INF] 【主播】苏打baka 
[00:32:40 INF] 【直播间】23357926 的第 1 个心跳包发送成功
[00:32:41 INF] 【直播间】407149 的第 1 个心跳包发送成功
[00:32:42 INF] 【直播间】23040372 的第 1 个心跳包发送成功
[00:33:46 INF] 【直播间】23357926 的第 2 个心跳包发送成功
[00:33:47 INF] 【直播间】407149 的第 2 个心跳包发送成功
[00:33:49 INF] 【直播间】23040372 的第 2 个心跳包发送成功
[00:34:53 INF] 【直播间】23357926 的第 3 个心跳包发送成功
[00:34:54 INF] 【直播间】407149 的第 3 个心跳包发送成功
[00:34:55 INF] 【直播间】23040372 的第 3 个心跳包发送成功
[00:35:59 INF] 【直播间】23357926 的第 4 个心跳包发送成功
[00:36:00 INF] 【直播间】407149 的第 4 个心跳包发送成功
[00:36:01 INF] 【直播间】23040372 的第 4 个心跳包发送成功
[00:37:05 INF] 【直播间】23357926 的第 5 个心跳包发送成功
[00:37:06 INF] 【直播间】407149 的第 5 个心跳包发送成功
[00:37:08 INF] 【直播间】23040372 的第 5 个心跳包发送成功
[00:38:12 INF] 【直播间】23357926 的第 6 个心跳包发送成功
[00:38:13 INF] 【直播间】407149 的第 6 个心跳包发送成功
[00:38:14 INF] 【直播间】23040372 的第 6 个心跳包发送成功
[00:39:18 INF] 【直播间】23357926 的第 7 个心跳包发送成功
[00:39:19 INF] 【直播间】407149 的第 7 个心跳包发送成功
[00:39:20 INF] 【直播间】23040372 的第 7 个心跳包发送成功
[00:40:24 INF] 【直播间】23357926 的第 8 个心跳包发送成功
[00:40:26 INF] 【直播间】407149 的第 8 个心跳包发送成功
[00:40:27 INF] 【直播间】23040372 的第 8 个心跳包发送成功
[00:41:31 INF] 【直播间】23357926 的第 9 个心跳包发送成功
[00:41:32 INF] 【直播间】407149 的第 9 个心跳包发送成功
[00:41:33 INF] 【直播间】23040372 的第 9 个心跳包发送成功
[00:42:37 INF] 【直播间】23357926 的第 10 个心跳包发送成功
[00:42:38 INF] 【直播间】407149 的第 10 个心跳包发送成功
[00:42:39 INF] 【直播间】23040372 的第 10 个心跳包发送成功
[00:43:43 INF] 【直播间】23357926 的第 11 个心跳包发送成功
[00:43:44 INF] 【直播间】407149 的第 11 个心跳包发送成功
[00:43:46 INF] 【直播间】23040372 的第 11 个心跳包发送成功
[00:44:49 INF] 【直播间】23357926 的第 12 个心跳包发送成功
[00:44:51 INF] 【直播间】407149 的第 12 个心跳包发送成功
[00:44:52 INF] 【直播间】23040372 的第 12 个心跳包发送成功
[00:45:56 INF] 【直播间】23357926 的第 13 个心跳包发送成功
[00:45:57 INF] 【直播间】407149 的第 13 个心跳包发送成功
[00:45:58 INF] 【直播间】23040372 的第 13 个心跳包发送成功
[00:47:02 INF] 【直播间】23357926 的第 14 个心跳包发送成功
[00:47:03 INF] 【直播间】407149 的第 14 个心跳包发送成功
[00:47:05 INF] 【直播间】23040372 的第 14 个心跳包发送成功
[00:48:08 INF] 【直播间】23357926 的第 15 个心跳包发送成功
[00:48:10 INF] 【直播间】407149 的第 15 个心跳包发送成功
[00:48:11 INF] 【直播间】23040372 的第 15 个心跳包发送成功
[00:49:15 ERR] 【心跳包】直播间 23357926 发送失败
[00:49:15 ERR] 【原因】time check failed
[00:49:16 ERR] 【心跳包】直播间 407149 发送失败
[00:49:16 ERR] 【原因】time check failed
[00:49:17 ERR] 【心跳包】直播间 23040372 发送失败
[00:49:17 ERR] 【原因】time check failed
[00:50:21 INF] 【直播间】23357926 的第 16 个心跳包发送成功
[00:50:22 INF] 【直播间】407149 的第 16 个心跳包发送成功
[00:50:23 INF] 【直播间】23040372 的第 16 个心跳包发送成功
[00:51:28 INF] 【直播间】23357926 的第 17 个心跳包发送成功
[00:51:29 INF] 【直播间】407149 的第 17 个心跳包发送成功
[00:51:30 INF] 【直播间】23040372 的第 17 个心跳包发送成功
[00:52:34 INF] 【直播间】23357926 的第 18 个心跳包发送成功
[00:52:35 INF] 【直播间】407149 的第 18 个心跳包发送成功
[00:52:36 INF] 【直播间】23040372 的第 18 个心跳包发送成功
[00:53:40 INF] 【直播间】23357926 的第 19 个心跳包发送成功
[00:53:41 INF] 【直播间】407149 的第 19 个心跳包发送成功
[00:53:42 INF] 【直播间】23040372 的第 19 个心跳包发送成功
[00:54:46 INF] 【直播间】23357926 的第 20 个心跳包发送成功
[00:54:48 INF] 【直播间】407149 的第 20 个心跳包发送成功
[00:54:49 INF] 【直播间】23040372 的第 20 个心跳包发送成功
[00:55:53 INF] 【直播间】23357926 的第 21 个心跳包发送成功
[00:55:54 INF] 【直播间】407149 的第 21 个心跳包发送成功
[00:55:55 INF] 【直播间】23040372 的第 21 个心跳包发送成功
[00:56:59 INF] 【直播间】23357926 的第 22 个心跳包发送成功
[00:57:00 INF] 【直播间】407149 的第 22 个心跳包发送成功
[00:57:02 INF] 【直播间】23040372 的第 22 个心跳包发送成功
[00:58:05 INF] 【直播间】23357926 的第 23 个心跳包发送成功
[00:58:07 INF] 【直播间】407149 的第 23 个心跳包发送成功
[00:58:08 INF] 【直播间】23040372 的第 23 个心跳包发送成功
[00:59:12 INF] 【直播间】23357926 的第 24 个心跳包发送成功
[00:59:13 INF] 【直播间】407149 的第 24 个心跳包发送成功
[00:59:14 INF] 【直播间】23040372 的第 24 个心跳包发送成功
[01:00:18 INF] 【直播间】23357926 的第 25 个心跳包发送成功
[01:00:19 INF] 【直播间】407149 的第 25 个心跳包发送成功
[01:00:20 INF] 【直播间】23040372 的第 25 个心跳包发送成功
[01:01:24 INF] 【直播间】23357926 的第 26 个心跳包发送成功
[01:01:25 INF] 【直播间】407149 的第 26 个心跳包发送成功
[01:01:27 INF] 【直播间】23040372 的第 26 个心跳包发送成功
[01:02:31 INF] 【直播间】23357926 的第 27 个心跳包发送成功
[01:02:32 INF] 【直播间】407149 的第 27 个心跳包发送成功
[01:02:33 INF] 【直播间】23040372 的第 27 个心跳包发送成功
[01:03:37 INF] 【直播间】23357926 的第 28 个心跳包发送成功
[01:03:38 INF] 【直播间】407149 的第 28 个心跳包发送成功
[01:03:39 INF] 【直播间】23040372 的第 28 个心跳包发送成功
[01:04:43 INF] 【直播间】23357926 的第 29 个心跳包发送成功
[01:04:45 INF] 【直播间】407149 的第 29 个心跳包发送成功
[01:04:46 INF] 【直播间】23040372 的第 29 个心跳包发送成功
[01:05:50 ERR] 【心跳包】直播间 23357926 发送失败
[01:05:50 ERR] 【原因】time check failed
[01:05:51 ERR] 【心跳包】直播间 407149 发送失败
[01:05:51 ERR] 【原因】time check failed
[01:05:52 ERR] 【心跳包】直播间 23040372 发送失败
[01:05:52 ERR] 【原因】time check failed
[01:06:56 INF] 【直播间】23357926 的第 30 个心跳包发送成功
[01:06:57 INF] 【直播间】407149 的第 30 个心跳包发送成功
[01:06:58 INF] 【直播间】23040372 的第 30 个心跳包发送成功
[01:08:02 INF] 【直播间】23357926 的第 31 个心跳包发送成功
[01:08:04 INF] 【直播间】407149 的第 31 个心跳包发送成功
[01:08:05 INF] 【直播间】23040372 的第 31 个心跳包发送成功
[01:09:09 INF] 【直播间】23357926 的第 32 个心跳包发送成功
[01:09:10 INF] 【直播间】407149 的第 32 个心跳包发送成功
[01:09:11 INF] 【直播间】23040372 的第 32 个心跳包发送成功
[01:10:15 INF] 【直播间】23357926 的第 33 个心跳包发送成功
[01:10:17 INF] 【直播间】407149 的第 33 个心跳包发送成功
[01:10:18 INF] 【直播间】23040372 的第 33 个心跳包发送成功
[01:11:22 INF] 【直播间】23357926 的第 34 个心跳包发送成功
[01:11:23 INF] 【直播间】407149 的第 34 个心跳包发送成功
[01:11:24 INF] 【直播间】23040372 的第 34 个心跳包发送成功
[01:12:28 INF] 【直播间】23357926 的第 35 个心跳包发送成功
[01:12:29 INF] 【直播间】407149 的第 35 个心跳包发送成功
[01:12:31 INF] 【直播间】23040372 的第 35 个心跳包发送成功
[01:13:35 INF] 【直播间】23357926 的第 36 个心跳包发送成功
[01:13:36 INF] 【直播间】407149 的第 36 个心跳包发送成功
[01:13:37 INF] 【直播间】23040372 的第 36 个心跳包发送成功
[01:14:41 INF] 【直播间】23357926 的第 37 个心跳包发送成功
[01:14:42 INF] 【直播间】407149 的第 37 个心跳包发送成功
[01:14:43 INF] 【直播间】23040372 的第 37 个心跳包发送成功
[01:15:47 INF] 【直播间】23357926 的第 38 个心跳包发送成功
[01:15:49 INF] 【直播间】407149 的第 38 个心跳包发送成功
[01:15:50 INF] 【直播间】23040372 的第 38 个心跳包发送成功
[01:16:54 INF] 【直播间】23357926 的第 39 个心跳包发送成功
[01:16:55 INF] 【直播间】407149 的第 39 个心跳包发送成功
[01:16:56 INF] 【直播间】23040372 的第 39 个心跳包发送成功
[01:18:00 INF] 【直播间】23357926 的第 40 个心跳包发送成功
[01:18:01 INF] 【直播间】407149 的第 40 个心跳包发送成功
[01:18:02 INF] 【直播间】23040372 的第 40 个心跳包发送成功
[01:19:06 INF] 【直播间】23357926 的第 41 个心跳包发送成功
[01:19:08 INF] 【直播间】407149 的第 41 个心跳包发送成功
[01:19:09 INF] 【直播间】23040372 的第 41 个心跳包发送成功
[01:20:13 INF] 【直播间】23357926 的第 42 个心跳包发送成功
[01:20:14 INF] 【直播间】407149 的第 42 个心跳包发送成功
[01:20:15 INF] 【直播间】23040372 的第 42 个心跳包发送成功
[01:21:19 INF] 【直播间】23357926 的第 43 个心跳包发送成功
[01:21:20 INF] 【直播间】407149 的第 43 个心跳包发送成功
[01:21:22 INF] 【直播间】23040372 的第 43 个心跳包发送成功
[01:22:25 ERR] 【心跳包】直播间 23357926 发送失败
[01:22:25 ERR] 【原因】time check failed
[01:22:27 ERR] 【心跳包】直播间 407149 发送失败
[01:22:27 ERR] 【原因】time check failed
[01:22:28 ERR] 【心跳包】直播间 23040372 发送失败
[01:22:28 ERR] 【原因】time check failed
[01:23:32 INF] 【直播间】23357926 的第 44 个心跳包发送成功
[01:23:33 INF] 【直播间】407149 的第 44 个心跳包发送成功
[01:23:34 INF] 【直播间】23040372 的第 44 个心跳包发送成功
[01:24:38 INF] 【直播间】23357926 的第 45 个心跳包发送成功
[01:24:40 INF] 【直播间】407149 的第 45 个心跳包发送成功
[01:24:41 INF] 【直播间】23040372 的第 45 个心跳包发送成功
[01:25:45 INF] 【直播间】23357926 的第 46 个心跳包发送成功
[01:25:46 INF] 【直播间】407149 的第 46 个心跳包发送成功
[01:25:47 INF] 【直播间】23040372 的第 46 个心跳包发送成功
[01:26:51 INF] 【直播间】23357926 的第 47 个心跳包发送成功
[01:26:52 INF] 【直播间】407149 的第 47 个心跳包发送成功
[01:26:54 INF] 【直播间】23040372 的第 47 个心跳包发送成功
[01:27:57 INF] 【直播间】23357926 的第 48 个心跳包发送成功
[01:27:59 INF] 【直播间】407149 的第 48 个心跳包发送成功
[01:28:00 INF] 【直播间】23040372 的第 48 个心跳包发送成功
[01:29:03 INF] 【直播间】23357926 的第 49 个心跳包发送成功
[01:29:05 INF] 【直播间】407149 的第 49 个心跳包发送成功
[01:29:06 INF] 【直播间】23040372 的第 49 个心跳包发送成功
[01:30:10 INF] 【直播间】23357926 的第 50 个心跳包发送成功
[01:30:11 INF] 【直播间】407149 的第 50 个心跳包发送成功
[01:30:12 INF] 【直播间】23040372 的第 50 个心跳包发送成功
[01:31:16 INF] 【直播间】23357926 的第 51 个心跳包发送成功
[01:31:18 INF] 【直播间】407149 的第 51 个心跳包发送成功
[01:31:19 INF] 【直播间】23040372 的第 51 个心跳包发送成功
[01:32:23 INF] 【直播间】23357926 的第 52 个心跳包发送成功
[01:32:24 INF] 【直播间】407149 的第 52 个心跳包发送成功
[01:32:25 INF] 【直播间】23040372 的第 52 个心跳包发送成功
[01:33:29 INF] 【直播间】23357926 的第 53 个心跳包发送成功
[01:33:30 INF] 【直播间】407149 的第 53 个心跳包发送成功
[01:33:31 INF] 【直播间】23040372 的第 53 个心跳包发送成功
[01:34:35 INF] 【直播间】23357926 的第 54 个心跳包发送成功
[01:34:36 INF] 【直播间】407149 的第 54 个心跳包发送成功
[01:34:38 INF] 【直播间】23040372 的第 54 个心跳包发送成功
[01:35:42 INF] 【直播间】23357926 的第 55 个心跳包发送成功
[01:35:43 INF] 【直播间】407149 的第 55 个心跳包发送成功
[01:35:44 INF] 【直播间】23040372 的第 55 个心跳包发送成功
[01:36:48 INF] 【直播间】23357926 的第 56 个心跳包发送成功
[01:36:49 INF] 【直播间】407149 的第 56 个心跳包发送成功
[01:36:50 INF] 【直播间】23040372 的第 56 个心跳包发送成功
[01:37:54 INF] 【直播间】23357926 的第 57 个心跳包发送成功
[01:37:56 INF] 【直播间】407149 的第 57 个心跳包发送成功
[01:37:57 INF] 【直播间】23040372 的第 57 个心跳包发送成功
[01:39:01 ERR] 【心跳包】直播间 23357926 发送失败
[01:39:01 ERR] 【原因】time check failed
[01:39:02 ERR] 【心跳包】直播间 407149 发送失败
[01:39:02 ERR] 【原因】time check failed
[01:39:03 ERR] 【心跳包】直播间 23040372 发送失败
[01:39:03 ERR] 【原因】time check failed
[01:40:07 INF] 【直播间】23357926 的第 58 个心跳包发送成功
[01:40:08 INF] 【直播间】407149 的第 58 个心跳包发送成功
[01:40:09 INF] 【直播间】23040372 的第 58 个心跳包发送成功
[01:41:13 INF] 【直播间】23357926 的第 59 个心跳包发送成功
[01:41:15 INF] 【直播间】407149 的第 59 个心跳包发送成功
[01:41:16 INF] 【直播间】23040372 的第 59 个心跳包发送成功
[01:42:20 INF] 【直播间】23357926 的第 60 个心跳包发送成功
[01:42:21 INF] 【直播间】407149 的第 60 个心跳包发送成功
[01:42:22 INF] 【直播间】23040372 的第 60 个心跳包发送成功
[01:43:26 INF] 【直播间】23357926 的第 61 个心跳包发送成功
[01:43:27 INF] 【直播间】407149 的第 61 个心跳包发送成功
[01:43:28 INF] 【直播间】23040372 的第 61 个心跳包发送成功
[01:44:32 INF] 【直播间】23357926 的第 62 个心跳包发送成功
[01:44:33 INF] 【直播间】407149 的第 62 个心跳包发送成功
[01:44:35 INF] 【直播间】23040372 的第 62 个心跳包发送成功
[01:45:38 INF] 【直播间】23357926 的第 63 个心跳包发送成功
[01:45:40 INF] 【直播间】407149 的第 63 个心跳包发送成功
[01:45:41 INF] 【直播间】23040372 的第 63 个心跳包发送成功
[01:46:45 INF] 【直播间】23357926 的第 64 个心跳包发送成功
[01:46:46 INF] 【直播间】407149 的第 64 个心跳包发送成功
[01:46:47 INF] 【直播间】23040372 的第 64 个心跳包发送成功
[01:47:51 INF] 【直播间】23357926 的第 65 个心跳包发送成功
[01:47:52 INF] 【直播间】407149 的第 65 个心跳包发送成功
[01:47:54 INF] 【直播间】23040372 的第 65 个心跳包发送成功
[01:48:58 INF] 【直播间】23357926 的第 66 个心跳包发送成功
[01:48:59 INF] 【直播间】407149 的第 66 个心跳包发送成功
[01:49:00 INF] 【直播间】23040372 的第 66 个心跳包发送成功
[01:50:04 INF] 【直播间】23357926 的第 67 个心跳包发送成功
[01:50:05 INF] 【直播间】407149 的第 67 个心跳包发送成功
[01:50:06 INF] 【直播间】23040372 的第 67 个心跳包发送成功
[01:51:10 INF] 【直播间】23357926 的第 68 个心跳包发送成功
[01:51:11 INF] 【直播间】407149 的第 68 个心跳包发送成功
[01:51:13 INF] 【直播间】23040372 的第 68 个心跳包发送成功
[01:52:17 INF] 【直播间】23357926 的第 69 个心跳包发送成功
[01:52:18 INF] 【直播间】407149 的第 69 个心跳包发送成功
[01:52:20 INF] 【直播间】23040372 的第 69 个心跳包发送成功
[01:53:23 INF] 【直播间】23357926 的第 70 个心跳包发送成功
[01:53:25 INF] 【直播间】407149 的第 70 个心跳包发送成功
[01:53:26 INF] 【直播间】23040372 的第 70 个心跳包发送成功
[01:53:26 INF] 【直播观看时长】完成情况：3/3 
[01:53:26 INF] ---------结束---------

[01:53:26 INF] ==========结束==========

[01:53:26 INF] ######### 账号 2 #########

[01:53:26 INF] =====开始 直播间互动 =====

[01:53:26 INF] ---开始 发送弹幕 ---
[01:53:26 INF] 检测到直播 Cookie 未正确配置，尝试自动配置中...
[01:53:31 INF] 直播 Cookie 配置成功！
[01:53:31 INF] 【获取直播列表】获取拥有粉丝牌的直播列表
[01:53:38 INF] 【主播】Mark陌枫 
[01:53:56 INF] 【主播】苏打baka 
[01:54:15 INF] 【主播】特别中二的q3君 
[01:54:27 INF] 【主播】陈抱一 
[01:54:38 INF] 【主播】KL_qiqi_ 
[01:54:52 INF] 【主播】贪玩的小毅 
[01:55:04 INF] 【直播间】Mark陌枫
[01:55:04 INF] 【粉丝牌】馬楓
[01:55:04 INF] 正在发送弹幕...
[01:55:09 INF] 【直播间】苏打baka
[01:55:09 INF] 【粉丝牌】碳酸钠
[01:55:09 INF] 正在发送弹幕...
[01:55:12 INF] 【直播间】特别中二的q3君
[01:55:12 INF] 【粉丝牌】q3GG
[01:55:12 INF] 正在发送弹幕...
[01:55:19 INF] 【直播间】陈抱一
[01:55:19 INF] 【粉丝牌】陈抱一
[01:55:19 INF] 正在发送弹幕...
[01:55:21 INF] 【弹幕发送】成功~，你和主播 苏打baka 的亲密值增加了100！
[01:55:25 INF] 【直播间】KL_qiqi_
[01:55:25 INF] 【粉丝牌】qiqisb
[01:55:25 INF] 正在发送弹幕...
[01:55:26 INF] 【弹幕发送】成功~，你和主播 Mark陌枫 的亲密值增加了100！
[01:55:32 INF] 【直播间】贪玩的小毅
[01:55:32 INF] 【粉丝牌】大大毅
[01:55:32 INF] 正在发送弹幕...
[01:55:33 INF] 【弹幕发送】成功~，你和主播 特别中二的q3君 的亲密值增加了100！
[01:55:38 INF] 【弹幕发送】成功~，你和主播 陈抱一 的亲密值增加了100！
[01:55:38 INF] -------结束-------

[01:55:38 INF] ---开始 点赞直播间 ---
[01:55:38 INF] 【获取直播列表】获取拥有粉丝牌的直播列表
[01:55:43 INF] 【主播】Mark陌枫 
[01:55:45 INF] 【弹幕发送】成功~，你和主播 KL_qiqi_ 的亲密值增加了100！
[01:55:48 INF] 【弹幕发送】成功~，你和主播 贪玩的小毅 的亲密值增加了100！
[01:55:59 INF] 【主播】苏打baka 
[01:56:12 INF] 【主播】特别中二的q3君 
[01:56:30 INF] 【主播】陈抱一 
[01:56:47 INF] 【主播】KL_qiqi_ 
[01:57:00 INF] 【主播】贪玩的小毅 
[01:57:23 INF] 【点赞直播间】23357926 完成
[01:57:28 INF] 【点赞直播间】23040372 完成
[01:57:35 INF] 【点赞直播间】31494 完成
[01:57:38 INF] 【点赞直播间】4015781 完成
[01:57:41 INF] 【点赞直播间】407149 完成
[01:57:47 INF] --------结束--------

[01:57:47 INF] ---开始 直播时长挂机 ---
[01:57:47 INF] 【获取直播列表】获取拥有粉丝牌的直播列表
[01:57:47 INF] 【点赞直播间】9619073 完成
[01:57:54 INF] 【主播】Mark陌枫 
[01:58:13 INF] 【主播】苏打baka 
[01:58:32 INF] 【主播】特别中二的q3君 
[01:58:45 INF] 【主播】陈抱一 
[01:59:01 INF] 【主播】KL_qiqi_ 
[01:59:13 INF] 【主播】贪玩的小毅 
[01:59:24 INF] 【直播间】23357926 的第 1 个心跳包发送成功
[01:59:26 INF] 【直播间】23040372 的第 1 个心跳包发送成功
[01:59:27 INF] 【直播间】31494 的第 1 个心跳包发送成功
[01:59:28 INF] 【直播间】4015781 的第 1 个心跳包发送成功
[01:59:29 INF] 【直播间】407149 的第 1 个心跳包发送成功
[01:59:30 INF] 【直播间】9619073 的第 1 个心跳包发送成功
[02:00:31 INF] 【直播间】23357926 的第 2 个心跳包发送成功
[02:00:32 INF] 【直播间】23040372 的第 2 个心跳包发送成功
[02:00:33 INF] 【直播间】31494 的第 2 个心跳包发送成功
[02:00:34 INF] 【直播间】4015781 的第 2 个心跳包发送成功
[02:00:36 INF] 【直播间】407149 的第 2 个心跳包发送成功
[02:00:37 INF] 【直播间】9619073 的第 2 个心跳包发送成功
[02:01:37 INF] 【直播间】23357926 的第 3 个心跳包发送成功
[02:01:38 INF] 【直播间】23040372 的第 3 个心跳包发送成功
[02:01:39 INF] 【直播间】31494 的第 3 个心跳包发送成功
[02:01:41 INF] 【直播间】4015781 的第 3 个心跳包发送成功
[02:01:42 INF] 【直播间】407149 的第 3 个心跳包发送成功
[02:01:43 INF] 【直播间】9619073 的第 3 个心跳包发送成功
[02:02:43 INF] 【直播间】23357926 的第 4 个心跳包发送成功
[02:02:45 INF] 【直播间】23040372 的第 4 个心跳包发送成功
[02:02:46 INF] 【直播间】31494 的第 4 个心跳包发送成功
[02:02:47 INF] 【直播间】4015781 的第 4 个心跳包发送成功
[02:02:48 INF] 【直播间】407149 的第 4 个心跳包发送成功
[02:02:49 INF] 【直播间】9619073 的第 4 个心跳包发送成功
[02:03:50 INF] 【直播间】23357926 的第 5 个心跳包发送成功
[02:03:51 INF] 【直播间】23040372 的第 5 个心跳包发送成功
[02:03:52 INF] 【直播间】31494 的第 5 个心跳包发送成功
[02:03:53 INF] 【直播间】4015781 的第 5 个心跳包发送成功
[02:03:55 INF] 【直播间】407149 的第 5 个心跳包发送成功
[02:03:56 INF] 【直播间】9619073 的第 5 个心跳包发送成功
[02:04:56 INF] 【直播间】23357926 的第 6 个心跳包发送成功
[02:04:57 INF] 【直播间】23040372 的第 6 个心跳包发送成功
[02:04:58 INF] 【直播间】31494 的第 6 个心跳包发送成功
[02:05:00 INF] 【直播间】4015781 的第 6 个心跳包发送成功
[02:05:01 INF] 【直播间】407149 的第 6 个心跳包发送成功
[02:05:02 INF] 【直播间】9619073 的第 6 个心跳包发送成功
[02:06:02 INF] 【直播间】23357926 的第 7 个心跳包发送成功
[02:06:03 INF] 【直播间】23040372 的第 7 个心跳包发送成功
[02:06:05 INF] 【直播间】31494 的第 7 个心跳包发送成功
[02:06:06 INF] 【直播间】4015781 的第 7 个心跳包发送成功
[02:06:07 INF] 【直播间】407149 的第 7 个心跳包发送成功
[02:06:09 INF] 【直播间】9619073 的第 7 个心跳包发送成功
[02:07:08 INF] 【直播间】23357926 的第 8 个心跳包发送成功
[02:07:10 INF] 【直播间】23040372 的第 8 个心跳包发送成功
[02:07:11 INF] 【直播间】31494 的第 8 个心跳包发送成功
[02:07:12 INF] 【直播间】4015781 的第 8 个心跳包发送成功
[02:07:14 INF] 【直播间】407149 的第 8 个心跳包发送成功
[02:07:15 INF] 【直播间】9619073 的第 8 个心跳包发送成功
[02:08:15 INF] 【直播间】23357926 的第 9 个心跳包发送成功
[02:08:16 INF] 【直播间】23040372 的第 9 个心跳包发送成功
[02:08:18 INF] 【直播间】31494 的第 9 个心跳包发送成功
[02:08:19 INF] 【直播间】4015781 的第 9 个心跳包发送成功
[02:08:20 INF] 【直播间】407149 的第 9 个心跳包发送成功
[02:08:21 INF] 【直播间】9619073 的第 9 个心跳包发送成功
[02:09:21 INF] 【直播间】23357926 的第 10 个心跳包发送成功
[02:09:23 INF] 【直播间】23040372 的第 10 个心跳包发送成功
[02:09:24 INF] 【直播间】31494 的第 10 个心跳包发送成功
[02:09:25 INF] 【直播间】4015781 的第 10 个心跳包发送成功
[02:09:26 INF] 【直播间】407149 的第 10 个心跳包发送成功
[02:09:28 INF] 【直播间】9619073 的第 10 个心跳包发送成功
[02:10:28 INF] 【直播间】23357926 的第 11 个心跳包发送成功
[02:10:29 INF] 【直播间】23040372 的第 11 个心跳包发送成功
[02:10:30 INF] 【直播间】31494 的第 11 个心跳包发送成功
[02:10:31 INF] 【直播间】4015781 的第 11 个心跳包发送成功
[02:10:33 INF] 【直播间】407149 的第 11 个心跳包发送成功
[02:10:34 INF] 【直播间】9619073 的第 11 个心跳包发送成功
[02:11:34 INF] 【直播间】23357926 的第 12 个心跳包发送成功
[02:11:35 INF] 【直播间】23040372 的第 12 个心跳包发送成功
[02:11:36 INF] 【直播间】31494 的第 12 个心跳包发送成功
[02:11:38 INF] 【直播间】4015781 的第 12 个心跳包发送成功
[02:11:39 INF] 【直播间】407149 的第 12 个心跳包发送成功
[02:11:40 INF] 【直播间】9619073 的第 12 个心跳包发送成功
[02:12:40 INF] 【直播间】23357926 的第 13 个心跳包发送成功
[02:12:41 INF] 【直播间】23040372 的第 13 个心跳包发送成功
[02:12:43 INF] 【直播间】31494 的第 13 个心跳包发送成功
[02:12:44 INF] 【直播间】4015781 的第 13 个心跳包发送成功
[02:12:45 INF] 【直播间】407149 的第 13 个心跳包发送成功
[02:12:46 INF] 【直播间】9619073 的第 13 个心跳包发送成功
[02:13:47 INF] 【直播间】23357926 的第 14 个心跳包发送成功
[02:13:48 INF] 【直播间】23040372 的第 14 个心跳包发送成功
[02:13:49 INF] 【直播间】31494 的第 14 个心跳包发送成功
[02:13:50 INF] 【直播间】4015781 的第 14 个心跳包发送成功
[02:13:52 INF] 【直播间】407149 的第 14 个心跳包发送成功
[02:13:53 INF] 【直播间】9619073 的第 14 个心跳包发送成功
[02:14:53 INF] 【直播间】23357926 的第 15 个心跳包发送成功
[02:14:54 INF] 【直播间】23040372 的第 15 个心跳包发送成功
[02:14:55 INF] 【直播间】31494 的第 15 个心跳包发送成功
[02:14:57 INF] 【直播间】4015781 的第 15 个心跳包发送成功
[02:14:58 INF] 【直播间】407149 的第 15 个心跳包发送成功
[02:14:59 INF] 【直播间】9619073 的第 15 个心跳包发送成功
[02:15:59 ERR] 【心跳包】直播间 23357926 发送失败
[02:15:59 ERR] 【原因】time check failed
[02:16:01 ERR] 【心跳包】直播间 23040372 发送失败
[02:16:01 ERR] 【原因】time check failed
[02:16:02 ERR] 【心跳包】直播间 31494 发送失败
[02:16:02 ERR] 【原因】time check failed
[02:16:03 ERR] 【心跳包】直播间 4015781 发送失败
[02:16:03 ERR] 【原因】time check failed
[02:16:04 ERR] 【心跳包】直播间 407149 发送失败
[02:16:04 ERR] 【原因】time check failed
[02:16:06 ERR] 【心跳包】直播间 9619073 发送失败
[02:16:06 ERR] 【原因】time check failed
[02:17:06 INF] 【直播间】23357926 的第 16 个心跳包发送成功
[02:17:07 INF] 【直播间】23040372 的第 16 个心跳包发送成功
[02:17:08 INF] 【直播间】31494 的第 16 个心跳包发送成功
[02:17:09 INF] 【直播间】4015781 的第 16 个心跳包发送成功
[02:17:11 INF] 【直播间】407149 的第 16 个心跳包发送成功
[02:17:12 INF] 【直播间】9619073 的第 16 个心跳包发送成功
[02:18:12 INF] 【直播间】23357926 的第 17 个心跳包发送成功
[02:18:13 INF] 【直播间】23040372 的第 17 个心跳包发送成功
[02:18:15 INF] 【直播间】31494 的第 17 个心跳包发送成功
[02:18:16 INF] 【直播间】4015781 的第 17 个心跳包发送成功
[02:18:17 INF] 【直播间】407149 的第 17 个心跳包发送成功
[02:18:18 INF] 【直播间】9619073 的第 17 个心跳包发送成功
[02:19:19 INF] 【直播间】23357926 的第 18 个心跳包发送成功
[02:19:20 INF] 【直播间】23040372 的第 18 个心跳包发送成功
[02:19:21 INF] 【直播间】31494 的第 18 个心跳包发送成功
[02:19:22 INF] 【直播间】4015781 的第 18 个心跳包发送成功
[02:19:24 INF] 【直播间】407149 的第 18 个心跳包发送成功
[02:19:25 INF] 【直播间】9619073 的第 18 个心跳包发送成功
[02:20:25 INF] 【直播间】23357926 的第 19 个心跳包发送成功
[02:20:26 INF] 【直播间】23040372 的第 19 个心跳包发送成功
[02:20:28 INF] 【直播间】31494 的第 19 个心跳包发送成功
[02:20:29 INF] 【直播间】4015781 的第 19 个心跳包发送成功
[02:20:30 INF] 【直播间】407149 的第 19 个心跳包发送成功
[02:20:31 INF] 【直播间】9619073 的第 19 个心跳包发送成功
[02:21:31 INF] 【直播间】23357926 的第 20 个心跳包发送成功
[02:21:33 INF] 【直播间】23040372 的第 20 个心跳包发送成功
[02:21:34 INF] 【直播间】31494 的第 20 个心跳包发送成功
[02:21:35 INF] 【直播间】4015781 的第 20 个心跳包发送成功
[02:21:36 INF] 【直播间】407149 的第 20 个心跳包发送成功
[02:21:37 INF] 【直播间】9619073 的第 20 个心跳包发送成功
[02:22:38 INF] 【直播间】23357926 的第 21 个心跳包发送成功
[02:22:39 INF] 【直播间】23040372 的第 21 个心跳包发送成功
[02:22:40 INF] 【直播间】31494 的第 21 个心跳包发送成功
[02:22:41 INF] 【直播间】4015781 的第 21 个心跳包发送成功
[02:22:42 INF] 【直播间】407149 的第 21 个心跳包发送成功
[02:22:44 INF] 【直播间】9619073 的第 21 个心跳包发送成功
[02:23:44 INF] 【直播间】23357926 的第 22 个心跳包发送成功
[02:23:45 INF] 【直播间】23040372 的第 22 个心跳包发送成功
[02:23:46 INF] 【直播间】31494 的第 22 个心跳包发送成功
[02:23:47 INF] 【直播间】4015781 的第 22 个心跳包发送成功
[02:23:49 INF] 【直播间】407149 的第 22 个心跳包发送成功
[02:23:50 INF] 【直播间】9619073 的第 22 个心跳包发送成功
[02:24:50 INF] 【直播间】23357926 的第 23 个心跳包发送成功
[02:24:52 INF] 【直播间】23040372 的第 23 个心跳包发送成功
[02:24:53 INF] 【直播间】31494 的第 23 个心跳包发送成功
[02:24:54 INF] 【直播间】4015781 的第 23 个心跳包发送成功
[02:24:55 INF] 【直播间】407149 的第 23 个心跳包发送成功
[02:24:56 INF] 【直播间】9619073 的第 23 个心跳包发送成功
[02:25:57 INF] 【直播间】23357926 的第 24 个心跳包发送成功
[02:25:58 INF] 【直播间】23040372 的第 24 个心跳包发送成功
[02:25:59 INF] 【直播间】31494 的第 24 个心跳包发送成功
[02:26:00 INF] 【直播间】4015781 的第 24 个心跳包发送成功
[02:26:01 INF] 【直播间】407149 的第 24 个心跳包发送成功
[02:26:03 INF] 【直播间】9619073 的第 24 个心跳包发送成功
[02:27:03 INF] 【直播间】23357926 的第 25 个心跳包发送成功
[02:27:04 INF] 【直播间】23040372 的第 25 个心跳包发送成功
[02:27:05 INF] 【直播间】31494 的第 25 个心跳包发送成功
[02:27:07 INF] 【直播间】4015781 的第 25 个心跳包发送成功
[02:27:08 INF] 【直播间】407149 的第 25 个心跳包发送成功
[02:27:09 INF] 【直播间】9619073 的第 25 个心跳包发送成功
[02:28:09 INF] 【直播间】23357926 的第 26 个心跳包发送成功
[02:28:11 INF] 【直播间】23040372 的第 26 个心跳包发送成功
[02:28:12 INF] 【直播间】31494 的第 26 个心跳包发送成功
[02:28:13 INF] 【直播间】4015781 的第 26 个心跳包发送成功
[02:28:14 INF] 【直播间】407149 的第 26 个心跳包发送成功
[02:28:16 INF] 【直播间】9619073 的第 26 个心跳包发送成功
[02:29:16 INF] 【直播间】23357926 的第 27 个心跳包发送成功
[02:29:17 INF] 【直播间】23040372 的第 27 个心跳包发送成功
[02:29:18 INF] 【直播间】31494 的第 27 个心跳包发送成功
[02:29:19 INF] 【直播间】4015781 的第 27 个心跳包发送成功
[02:29:21 INF] 【直播间】407149 的第 27 个心跳包发送成功
[02:29:22 INF] 【直播间】9619073 的第 27 个心跳包发送成功
[02:30:22 INF] 【直播间】23357926 的第 28 个心跳包发送成功
[02:30:23 INF] 【直播间】23040372 的第 28 个心跳包发送成功
[02:30:24 INF] 【直播间】31494 的第 28 个心跳包发送成功
[02:30:26 INF] 【直播间】4015781 的第 28 个心跳包发送成功
[02:30:27 INF] 【直播间】407149 的第 28 个心跳包发送成功
[02:30:28 INF] 【直播间】9619073 的第 28 个心跳包发送成功
[02:31:28 INF] 【直播间】23357926 的第 29 个心跳包发送成功
[02:31:30 INF] 【直播间】23040372 的第 29 个心跳包发送成功
[02:31:31 INF] 【直播间】31494 的第 29 个心跳包发送成功
[02:31:32 INF] 【直播间】4015781 的第 29 个心跳包发送成功
[02:31:33 INF] 【直播间】407149 的第 29 个心跳包发送成功
[02:31:34 INF] 【直播间】9619073 的第 29 个心跳包发送成功
[02:32:35 ERR] 【心跳包】直播间 23357926 发送失败
[02:32:35 ERR] 【原因】time check failed
[02:32:36 ERR] 【心跳包】直播间 23040372 发送失败
[02:32:36 ERR] 【原因】time check failed
[02:32:37 ERR] 【心跳包】直播间 31494 发送失败
[02:32:37 ERR] 【原因】time check failed
[02:32:38 ERR] 【心跳包】直播间 4015781 发送失败
[02:32:38 ERR] 【原因】time check failed
[02:32:40 ERR] 【心跳包】直播间 407149 发送失败
[02:32:40 ERR] 【原因】time check failed
[02:32:41 ERR] 【心跳包】直播间 9619073 发送失败
[02:32:41 ERR] 【原因】time check failed
[02:33:41 INF] 【直播间】23357926 的第 30 个心跳包发送成功
[02:33:42 INF] 【直播间】23040372 的第 30 个心跳包发送成功
[02:33:43 INF] 【直播间】31494 的第 30 个心跳包发送成功
[02:33:45 INF] 【直播间】4015781 的第 30 个心跳包发送成功
[02:33:46 INF] 【直播间】407149 的第 30 个心跳包发送成功
[02:33:47 INF] 【直播间】9619073 的第 30 个心跳包发送成功
[02:34:47 INF] 【直播间】23357926 的第 31 个心跳包发送成功
[02:34:48 INF] 【直播间】23040372 的第 31 个心跳包发送成功
[02:34:50 INF] 【直播间】31494 的第 31 个心跳包发送成功
[02:34:51 INF] 【直播间】4015781 的第 31 个心跳包发送成功
[02:34:52 INF] 【直播间】407149 的第 31 个心跳包发送成功
[02:34:53 INF] 【直播间】9619073 的第 31 个心跳包发送成功
[02:35:54 INF] 【直播间】23357926 的第 32 个心跳包发送成功
[02:35:55 INF] 【直播间】23040372 的第 32 个心跳包发送成功
[02:35:56 INF] 【直播间】31494 的第 32 个心跳包发送成功
[02:35:57 INF] 【直播间】4015781 的第 32 个心跳包发送成功
[02:35:59 INF] 【直播间】407149 的第 32 个心跳包发送成功
[02:36:00 INF] 【直播间】9619073 的第 32 个心跳包发送成功
[02:37:00 INF] 【直播间】23357926 的第 33 个心跳包发送成功
[02:37:01 INF] 【直播间】23040372 的第 33 个心跳包发送成功
[02:37:02 INF] 【直播间】31494 的第 33 个心跳包发送成功
[02:37:04 INF] 【直播间】4015781 的第 33 个心跳包发送成功
[02:37:05 INF] 【直播间】407149 的第 33 个心跳包发送成功
[02:37:06 INF] 【直播间】9619073 的第 33 个心跳包发送成功
[02:38:06 INF] 【直播间】23357926 的第 34 个心跳包发送成功
[02:38:08 INF] 【直播间】23040372 的第 34 个心跳包发送成功
[02:38:09 INF] 【直播间】31494 的第 34 个心跳包发送成功
[02:38:10 INF] 【直播间】4015781 的第 34 个心跳包发送成功
[02:38:11 INF] 【直播间】407149 的第 34 个心跳包发送成功
[02:38:12 INF] 【直播间】9619073 的第 34 个心跳包发送成功
[02:39:13 INF] 【直播间】23357926 的第 35 个心跳包发送成功
[02:39:14 INF] 【直播间】23040372 的第 35 个心跳包发送成功
[02:39:15 INF] 【直播间】31494 的第 35 个心跳包发送成功
[02:39:16 INF] 【直播间】4015781 的第 35 个心跳包发送成功
[02:39:17 INF] 【直播间】407149 的第 35 个心跳包发送成功
[02:39:19 INF] 【直播间】9619073 的第 35 个心跳包发送成功
[02:40:19 INF] 【直播间】23357926 的第 36 个心跳包发送成功
[02:40:20 INF] 【直播间】23040372 的第 36 个心跳包发送成功
[02:40:21 INF] 【直播间】31494 的第 36 个心跳包发送成功
[02:40:22 INF] 【直播间】4015781 的第 36 个心跳包发送成功
[02:40:24 INF] 【直播间】407149 的第 36 个心跳包发送成功
[02:40:25 INF] 【直播间】9619073 的第 36 个心跳包发送成功
[02:41:25 INF] 【直播间】23357926 的第 37 个心跳包发送成功
[02:41:27 INF] 【直播间】23040372 的第 37 个心跳包发送成功
[02:41:28 INF] 【直播间】31494 的第 37 个心跳包发送成功
[02:41:29 INF] 【直播间】4015781 的第 37 个心跳包发送成功
[02:41:30 INF] 【直播间】407149 的第 37 个心跳包发送成功
[02:41:31 INF] 【直播间】9619073 的第 37 个心跳包发送成功
[02:42:32 INF] 【直播间】23357926 的第 38 个心跳包发送成功
[02:42:33 INF] 【直播间】23040372 的第 38 个心跳包发送成功
[02:42:34 INF] 【直播间】31494 的第 38 个心跳包发送成功
[02:42:35 INF] 【直播间】4015781 的第 38 个心跳包发送成功
[02:42:37 INF] 【直播间】407149 的第 38 个心跳包发送成功
[02:42:38 INF] 【直播间】9619073 的第 38 个心跳包发送成功
[02:43:38 INF] 【直播间】23357926 的第 39 个心跳包发送成功
[02:43:39 INF] 【直播间】23040372 的第 39 个心跳包发送成功
[02:43:40 INF] 【直播间】31494 的第 39 个心跳包发送成功
[02:43:42 INF] 【直播间】4015781 的第 39 个心跳包发送成功
[02:43:43 INF] 【直播间】407149 的第 39 个心跳包发送成功
[02:43:44 INF] 【直播间】9619073 的第 39 个心跳包发送成功
[02:44:44 INF] 【直播间】23357926 的第 40 个心跳包发送成功
[02:44:46 INF] 【直播间】23040372 的第 40 个心跳包发送成功
[02:44:47 INF] 【直播间】31494 的第 40 个心跳包发送成功
[02:44:48 INF] 【直播间】4015781 的第 40 个心跳包发送成功
[02:44:49 INF] 【直播间】407149 的第 40 个心跳包发送成功
[02:44:50 INF] 【直播间】9619073 的第 40 个心跳包发送成功
[02:45:51 INF] 【直播间】23357926 的第 41 个心跳包发送成功
[02:45:52 INF] 【直播间】23040372 的第 41 个心跳包发送成功
[02:45:53 INF] 【直播间】31494 的第 41 个心跳包发送成功
[02:45:54 INF] 【直播间】4015781 的第 41 个心跳包发送成功
[02:45:55 INF] 【直播间】407149 的第 41 个心跳包发送成功
[02:45:57 INF] 【直播间】9619073 的第 41 个心跳包发送成功
[02:46:57 INF] 【直播间】23357926 的第 42 个心跳包发送成功
[02:46:58 INF] 【直播间】23040372 的第 42 个心跳包发送成功
[02:47:00 INF] 【直播间】31494 的第 42 个心跳包发送成功
[02:47:01 INF] 【直播间】4015781 的第 42 个心跳包发送成功
[02:47:02 INF] 【直播间】407149 的第 42 个心跳包发送成功
[02:47:04 INF] 【直播间】9619073 的第 42 个心跳包发送成功
[02:48:04 INF] 【直播间】23357926 的第 43 个心跳包发送成功
[02:48:05 INF] 【直播间】23040372 的第 43 个心跳包发送成功
[02:48:06 INF] 【直播间】31494 的第 43 个心跳包发送成功
[02:48:07 INF] 【直播间】4015781 的第 43 个心跳包发送成功
[02:48:08 INF] 【直播间】407149 的第 43 个心跳包发送成功
[02:48:10 INF] 【直播间】9619073 的第 43 个心跳包发送成功
[02:49:10 ERR] 【心跳包】直播间 23357926 发送失败
[02:49:10 ERR] 【原因】time check failed
[02:49:11 ERR] 【心跳包】直播间 23040372 发送失败
[02:49:11 ERR] 【原因】time check failed
[02:49:12 ERR] 【心跳包】直播间 31494 发送失败
[02:49:12 ERR] 【原因】time check failed
[02:49:14 ERR] 【心跳包】直播间 4015781 发送失败
[02:49:14 ERR] 【原因】time check failed
[02:49:15 ERR] 【心跳包】直播间 407149 发送失败
[02:49:15 ERR] 【原因】time check failed
[02:49:16 ERR] 【心跳包】直播间 9619073 发送失败
[02:49:16 ERR] 【原因】time check failed
[02:50:16 INF] 【直播间】23357926 的第 44 个心跳包发送成功
[02:50:17 INF] 【直播间】23040372 的第 44 个心跳包发送成功
[02:50:19 INF] 【直播间】31494 的第 44 个心跳包发送成功
[02:50:20 INF] 【直播间】4015781 的第 44 个心跳包发送成功
[02:50:21 INF] 【直播间】407149 的第 44 个心跳包发送成功
[02:50:22 INF] 【直播间】9619073 的第 44 个心跳包发送成功
[02:51:22 INF] 【直播间】23357926 的第 45 个心跳包发送成功
[02:51:23 INF] 【直播间】23040372 的第 45 个心跳包发送成功
[02:51:25 INF] 【直播间】31494 的第 45 个心跳包发送成功
[02:51:26 INF] 【直播间】4015781 的第 45 个心跳包发送成功
[02:51:27 INF] 【直播间】407149 的第 45 个心跳包发送成功
[02:51:29 INF] 【直播间】9619073 的第 45 个心跳包发送成功
[02:52:29 INF] 【直播间】23357926 的第 46 个心跳包发送成功
[02:52:30 INF] 【直播间】23040372 的第 46 个心跳包发送成功
[02:52:31 INF] 【直播间】31494 的第 46 个心跳包发送成功
[02:52:32 INF] 【直播间】4015781 的第 46 个心跳包发送成功
[02:52:34 INF] 【直播间】407149 的第 46 个心跳包发送成功
[02:52:35 INF] 【直播间】9619073 的第 46 个心跳包发送成功
[02:53:35 INF] 【直播间】23357926 的第 47 个心跳包发送成功
[02:53:36 INF] 【直播间】23040372 的第 47 个心跳包发送成功
[02:53:38 INF] 【直播间】31494 的第 47 个心跳包发送成功
[02:53:39 INF] 【直播间】4015781 的第 47 个心跳包发送成功
[02:53:40 INF] 【直播间】407149 的第 47 个心跳包发送成功
[02:53:41 INF] 【直播间】9619073 的第 47 个心跳包发送成功
[02:54:41 INF] 【直播间】23357926 的第 48 个心跳包发送成功
[02:54:43 INF] 【直播间】23040372 的第 48 个心跳包发送成功
[02:54:44 INF] 【直播间】31494 的第 48 个心跳包发送成功
[02:54:45 INF] 【直播间】4015781 的第 48 个心跳包发送成功
[02:54:46 INF] 【直播间】407149 的第 48 个心跳包发送成功
[02:54:47 INF] 【直播间】9619073 的第 48 个心跳包发送成功
[02:55:48 INF] 【直播间】23357926 的第 49 个心跳包发送成功
[02:55:49 INF] 【直播间】23040372 的第 49 个心跳包发送成功
[02:55:50 INF] 【直播间】31494 的第 49 个心跳包发送成功
[02:55:51 INF] 【直播间】4015781 的第 49 个心跳包发送成功
[02:55:53 INF] 【直播间】407149 的第 49 个心跳包发送成功
[02:55:54 INF] 【直播间】9619073 的第 49 个心跳包发送成功
[02:56:54 INF] 【直播间】23357926 的第 50 个心跳包发送成功
[02:56:55 INF] 【直播间】23040372 的第 50 个心跳包发送成功
[02:56:57 INF] 【直播间】31494 的第 50 个心跳包发送成功
[02:56:58 INF] 【直播间】4015781 的第 50 个心跳包发送成功
[02:56:59 INF] 【直播间】407149 的第 50 个心跳包发送成功
[02:57:00 INF] 【直播间】9619073 的第 50 个心跳包发送成功
[02:58:01 INF] 【直播间】23357926 的第 51 个心跳包发送成功
[02:58:02 INF] 【直播间】23040372 的第 51 个心跳包发送成功
[02:58:03 INF] 【直播间】31494 的第 51 个心跳包发送成功
[02:58:05 INF] 【直播间】4015781 的第 51 个心跳包发送成功
[02:58:06 INF] 【直播间】407149 的第 51 个心跳包发送成功
[02:58:07 INF] 【直播间】9619073 的第 51 个心跳包发送成功
[02:59:07 INF] 【直播间】23357926 的第 52 个心跳包发送成功
[02:59:08 INF] 【直播间】23040372 的第 52 个心跳包发送成功
[02:59:10 INF] 【直播间】31494 的第 52 个心跳包发送成功
[02:59:11 INF] 【直播间】4015781 的第 52 个心跳包发送成功
[02:59:12 INF] 【直播间】407149 的第 52 个心跳包发送成功
[02:59:13 INF] 【直播间】9619073 的第 52 个心跳包发送成功
[03:00:13 INF] 【直播间】23357926 的第 53 个心跳包发送成功
[03:00:14 INF] 【直播间】23040372 的第 53 个心跳包发送成功
[03:00:16 INF] 【直播间】31494 的第 53 个心跳包发送成功
[03:00:17 INF] 【直播间】4015781 的第 53 个心跳包发送成功
[03:00:18 INF] 【直播间】407149 的第 53 个心跳包发送成功
[03:00:20 INF] 【直播间】9619073 的第 53 个心跳包发送成功
[03:01:20 INF] 【直播间】23357926 的第 54 个心跳包发送成功
[03:01:21 INF] 【直播间】23040372 的第 54 个心跳包发送成功
[03:01:22 INF] 【直播间】31494 的第 54 个心跳包发送成功
[03:01:24 INF] 【直播间】4015781 的第 54 个心跳包发送成功
[03:01:25 INF] 【直播间】407149 的第 54 个心跳包发送成功
[03:01:26 INF] 【直播间】9619073 的第 54 个心跳包发送成功
[03:02:26 INF] 【直播间】23357926 的第 55 个心跳包发送成功
[03:02:27 INF] 【直播间】23040372 的第 55 个心跳包发送成功
[03:02:29 INF] 【直播间】31494 的第 55 个心跳包发送成功
[03:02:30 INF] 【直播间】4015781 的第 55 个心跳包发送成功
[03:02:31 INF] 【直播间】407149 的第 55 个心跳包发送成功
[03:02:32 INF] 【直播间】9619073 的第 55 个心跳包发送成功
[03:03:33 INF] 【直播间】23357926 的第 56 个心跳包发送成功
[03:03:34 INF] 【直播间】23040372 的第 56 个心跳包发送成功
[03:03:35 INF] 【直播间】31494 的第 56 个心跳包发送成功
[03:03:36 INF] 【直播间】4015781 的第 56 个心跳包发送成功
[03:03:38 INF] 【直播间】407149 的第 56 个心跳包发送成功
[03:03:39 INF] 【直播间】9619073 的第 56 个心跳包发送成功
[03:04:39 INF] 【直播间】23357926 的第 57 个心跳包发送成功
[03:04:40 INF] 【直播间】23040372 的第 57 个心跳包发送成功
[03:04:41 INF] 【直播间】31494 的第 57 个心跳包发送成功
[03:04:43 INF] 【直播间】4015781 的第 57 个心跳包发送成功
[03:04:44 INF] 【直播间】407149 的第 57 个心跳包发送成功
[03:04:45 INF] 【直播间】9619073 的第 57 个心跳包发送成功
[03:05:45 ERR] 【心跳包】直播间 23357926 发送失败
[03:05:45 ERR] 【原因】time check failed
[03:05:46 ERR] 【心跳包】直播间 23040372 发送失败
[03:05:46 ERR] 【原因】time check failed
[03:05:48 ERR] 【心跳包】直播间 31494 发送失败
[03:05:48 ERR] 【原因】time check failed
[03:05:49 ERR] 【心跳包】直播间 4015781 发送失败
[03:05:49 ERR] 【原因】time check failed
[03:05:50 ERR] 【心跳包】直播间 407149 发送失败
[03:05:50 ERR] 【原因】time check failed
[03:05:51 ERR] 【心跳包】直播间 9619073 发送失败
[03:05:51 ERR] 【原因】time check failed
[03:06:51 INF] 【直播间】23357926 的第 58 个心跳包发送成功
[03:06:53 INF] 【直播间】23040372 的第 58 个心跳包发送成功
[03:06:54 INF] 【直播间】31494 的第 58 个心跳包发送成功
[03:06:55 INF] 【直播间】4015781 的第 58 个心跳包发送成功
[03:06:56 INF] 【直播间】407149 的第 58 个心跳包发送成功
[03:06:58 INF] 【直播间】9619073 的第 58 个心跳包发送成功
[03:07:58 INF] 【直播间】23357926 的第 59 个心跳包发送成功
[03:07:59 INF] 【直播间】23040372 的第 59 个心跳包发送成功
[03:08:00 INF] 【直播间】31494 的第 59 个心跳包发送成功
[03:08:01 INF] 【直播间】4015781 的第 59 个心跳包发送成功
[03:08:03 INF] 【直播间】407149 的第 59 个心跳包发送成功
[03:08:04 INF] 【直播间】9619073 的第 59 个心跳包发送成功
[03:09:04 INF] 【直播间】23357926 的第 60 个心跳包发送成功
[03:09:05 INF] 【直播间】23040372 的第 60 个心跳包发送成功
[03:09:07 INF] 【直播间】31494 的第 60 个心跳包发送成功
[03:09:08 INF] 【直播间】4015781 的第 60 个心跳包发送成功
[03:09:09 INF] 【直播间】407149 的第 60 个心跳包发送成功
[03:09:10 INF] 【直播间】9619073 的第 60 个心跳包发送成功
[03:10:10 INF] 【直播间】23357926 的第 61 个心跳包发送成功
[03:10:12 INF] 【直播间】23040372 的第 61 个心跳包发送成功
[03:10:13 INF] 【直播间】31494 的第 61 个心跳包发送成功
[03:10:14 INF] 【直播间】4015781 的第 61 个心跳包发送成功
[03:10:15 INF] 【直播间】407149 的第 61 个心跳包发送成功
[03:10:17 INF] 【直播间】9619073 的第 61 个心跳包发送成功
[03:11:17 INF] 【直播间】23357926 的第 62 个心跳包发送成功
[03:11:18 INF] 【直播间】23040372 的第 62 个心跳包发送成功
[03:11:19 INF] 【直播间】31494 的第 62 个心跳包发送成功
[03:11:21 INF] 【直播间】4015781 的第 62 个心跳包发送成功
[03:11:22 INF] 【直播间】407149 的第 62 个心跳包发送成功
[03:11:23 INF] 【直播间】9619073 的第 62 个心跳包发送成功
[03:12:23 INF] 【直播间】23357926 的第 63 个心跳包发送成功
[03:12:24 INF] 【直播间】23040372 的第 63 个心跳包发送成功
[03:12:25 INF] 【直播间】31494 的第 63 个心跳包发送成功
[03:12:27 INF] 【直播间】4015781 的第 63 个心跳包发送成功
[03:12:28 INF] 【直播间】407149 的第 63 个心跳包发送成功
[03:12:29 INF] 【直播间】9619073 的第 63 个心跳包发送成功
[03:13:29 INF] 【直播间】23357926 的第 64 个心跳包发送成功
[03:13:30 INF] 【直播间】23040372 的第 64 个心跳包发送成功
[03:13:32 INF] 【直播间】31494 的第 64 个心跳包发送成功
[03:13:33 INF] 【直播间】4015781 的第 64 个心跳包发送成功
[03:13:34 INF] 【直播间】407149 的第 64 个心跳包发送成功
[03:13:36 INF] 【直播间】9619073 的第 64 个心跳包发送成功
[03:14:36 INF] 【直播间】23357926 的第 65 个心跳包发送成功
[03:14:37 INF] 【直播间】23040372 的第 65 个心跳包发送成功
[03:14:38 INF] 【直播间】31494 的第 65 个心跳包发送成功
[03:14:39 INF] 【直播间】4015781 的第 65 个心跳包发送成功
[03:14:41 INF] 【直播间】407149 的第 65 个心跳包发送成功
[03:14:42 INF] 【直播间】9619073 的第 65 个心跳包发送成功
[03:15:42 INF] 【直播间】23357926 的第 66 个心跳包发送成功
[03:15:43 INF] 【直播间】23040372 的第 66 个心跳包发送成功
[03:15:44 INF] 【直播间】31494 的第 66 个心跳包发送成功
[03:15:46 INF] 【直播间】4015781 的第 66 个心跳包发送成功
[03:15:47 INF] 【直播间】407149 的第 66 个心跳包发送成功
[03:15:48 INF] 【直播间】9619073 的第 66 个心跳包发送成功
[03:16:48 INF] 【直播间】23357926 的第 67 个心跳包发送成功
[03:16:49 INF] 【直播间】23040372 的第 67 个心跳包发送成功
[03:16:51 INF] 【直播间】31494 的第 67 个心跳包发送成功
[03:16:52 INF] 【直播间】4015781 的第 67 个心跳包发送成功
[03:16:53 INF] 【直播间】407149 的第 67 个心跳包发送成功
[03:16:54 INF] 【直播间】9619073 的第 67 个心跳包发送成功
[03:17:55 INF] 【直播间】23357926 的第 68 个心跳包发送成功
[03:17:56 INF] 【直播间】23040372 的第 68 个心跳包发送成功
[03:17:57 INF] 【直播间】31494 的第 68 个心跳包发送成功
[03:17:58 INF] 【直播间】4015781 的第 68 个心跳包发送成功
[03:17:59 INF] 【直播间】407149 的第 68 个心跳包发送成功
[03:18:01 INF] 【直播间】9619073 的第 68 个心跳包发送成功
[03:19:01 INF] 【直播间】23357926 的第 69 个心跳包发送成功
[03:19:02 INF] 【直播间】23040372 的第 69 个心跳包发送成功
[03:19:03 INF] 【直播间】31494 的第 69 个心跳包发送成功
[03:19:04 INF] 【直播间】4015781 的第 69 个心跳包发送成功
[03:19:06 INF] 【直播间】407149 的第 69 个心跳包发送成功
[03:19:07 INF] 【直播间】9619073 的第 69 个心跳包发送成功
[03:20:07 INF] 【直播间】23357926 的第 70 个心跳包发送成功
[03:20:08 INF] 【直播间】23040372 的第 70 个心跳包发送成功
[03:20:10 INF] 【直播间】31494 的第 70 个心跳包发送成功
[03:20:11 INF] 【直播间】4015781 的第 70 个心跳包发送成功
[03:20:12 INF] 【直播间】407149 的第 70 个心跳包发送成功
[03:20:13 INF] 【直播间】9619073 的第 70 个心跳包发送成功
[03:20:13 INF] 【直播观看时长】完成情况：6/6 
[03:20:13 INF] ---------结束---------

[03:20:13 INF] ==========结束==========

[03:20:13 INF] ######### 账号 3 #########

[03:20:13 INF] =====开始 直播间互动 =====

[03:20:13 INF] ---开始 发送弹幕 ---
[03:20:13 INF] 检测到直播 Cookie 未正确配置，尝试自动配置中...
[03:20:18 INF] 直播 Cookie 配置成功！
[03:20:18 INF] 【获取直播列表】获取拥有粉丝牌的直播列表
[03:20:23 INF] 【主播】苏打baka 
[03:20:39 INF] 【直播间】苏打baka
[03:20:39 INF] 【粉丝牌】碳酸钠
[03:20:39 INF] 正在发送弹幕...
[03:20:45 INF] -------结束-------

[03:20:45 INF] ---开始 点赞直播间 ---
[03:20:45 INF] 【获取直播列表】获取拥有粉丝牌的直播列表
[03:20:50 INF] 【主播】苏打baka 
[03:20:56 INF] 【弹幕发送】成功~，你和主播 苏打baka 的亲密值增加了100！
[03:21:09 INF] --------结束--------

[03:21:09 INF] ---开始 直播时长挂机 ---
[03:21:09 INF] 【获取直播列表】获取拥有粉丝牌的直播列表
[03:21:09 INF] 【点赞直播间】23040372 完成
[03:21:12 INF] 【主播】苏打baka 
[03:21:29 INF] 【直播间】23040372 的第 1 个心跳包发送成功
[03:22:35 INF] 【直播间】23040372 的第 2 个心跳包发送成功
[03:23:41 INF] 【直播间】23040372 的第 3 个心跳包发送成功
[03:24:48 INF] 【直播间】23040372 的第 4 个心跳包发送成功
[03:25:55 INF] 【直播间】23040372 的第 5 个心跳包发送成功
[03:27:01 INF] 【直播间】23040372 的第 6 个心跳包发送成功
[03:28:07 INF] 【直播间】23040372 的第 7 个心跳包发送成功
[03:29:14 INF] 【直播间】23040372 的第 8 个心跳包发送成功
[03:30:20 INF] 【直播间】23040372 的第 9 个心跳包发送成功
[03:31:26 INF] 【直播间】23040372 的第 10 个心跳包发送成功
[03:32:33 INF] 【直播间】23040372 的第 11 个心跳包发送成功
[03:33:39 INF] 【直播间】23040372 的第 12 个心跳包发送成功
[03:34:45 INF] 【直播间】23040372 的第 13 个心跳包发送成功
[03:35:52 INF] 【直播间】23040372 的第 14 个心跳包发送成功
[03:36:58 INF] 【直播间】23040372 的第 15 个心跳包发送成功
[03:38:05 ERR] 【心跳包】直播间 23040372 发送失败
[03:38:05 ERR] 【原因】time check failed
[03:39:11 INF] 【直播间】23040372 的第 16 个心跳包发送成功
[03:40:18 INF] 【直播间】23040372 的第 17 个心跳包发送成功
[03:41:24 INF] 【直播间】23040372 的第 18 个心跳包发送成功
[03:42:30 INF] 【直播间】23040372 的第 19 个心跳包发送成功
[03:43:37 INF] 【直播间】23040372 的第 20 个心跳包发送成功
[03:44:43 INF] 【直播间】23040372 的第 21 个心跳包发送成功
[03:45:49 INF] 【直播间】23040372 的第 22 个心跳包发送成功
[03:46:56 INF] 【直播间】23040372 的第 23 个心跳包发送成功
[03:48:02 INF] 【直播间】23040372 的第 24 个心跳包发送成功
[03:49:08 INF] 【直播间】23040372 的第 25 个心跳包发送成功
[03:50:15 INF] 【直播间】23040372 的第 26 个心跳包发送成功
[03:51:21 INF] 【直播间】23040372 的第 27 个心跳包发送成功
[03:52:27 INF] 【直播间】23040372 的第 28 个心跳包发送成功
[03:53:34 INF] 【直播间】23040372 的第 29 个心跳包发送成功
[03:54:40 ERR] 【心跳包】直播间 23040372 发送失败
[03:54:40 ERR] 【原因】time check failed
[03:55:47 INF] 【直播间】23040372 的第 30 个心跳包发送成功
[03:56:53 INF] 【直播间】23040372 的第 31 个心跳包发送成功
[03:57:59 INF] 【直播间】23040372 的第 32 个心跳包发送成功
[03:59:06 INF] 【直播间】23040372 的第 33 个心跳包发送成功
[04:00:12 INF] 【直播间】23040372 的第 34 个心跳包发送成功
[04:01:19 INF] 【直播间】23040372 的第 35 个心跳包发送成功
[04:02:25 INF] 【直播间】23040372 的第 36 个心跳包发送成功
[04:03:31 INF] 【直播间】23040372 的第 37 个心跳包发送成功
[04:04:38 INF] 【直播间】23040372 的第 38 个心跳包发送成功
[04:05:44 INF] 【直播间】23040372 的第 39 个心跳包发送成功
[04:06:50 INF] 【直播间】23040372 的第 40 个心跳包发送成功
[04:07:56 INF] 【直播间】23040372 的第 41 个心跳包发送成功
[04:09:03 INF] 【直播间】23040372 的第 42 个心跳包发送成功
[04:10:09 INF] 【直播间】23040372 的第 43 个心跳包发送成功
[04:11:15 ERR] 【心跳包】直播间 23040372 发送失败
[04:11:15 ERR] 【原因】time check failed
[04:12:22 INF] 【直播间】23040372 的第 44 个心跳包发送成功
[04:13:28 INF] 【直播间】23040372 的第 45 个心跳包发送成功
[04:14:34 INF] 【直播间】23040372 的第 46 个心跳包发送成功
[04:15:41 INF] 【直播间】23040372 的第 47 个心跳包发送成功
[04:16:47 INF] 【直播间】23040372 的第 48 个心跳包发送成功
[04:17:54 INF] 【直播间】23040372 的第 49 个心跳包发送成功
[04:19:00 INF] 【直播间】23040372 的第 50 个心跳包发送成功
[04:20:06 INF] 【直播间】23040372 的第 51 个心跳包发送成功
[04:21:13 INF] 【直播间】23040372 的第 52 个心跳包发送成功
[04:22:19 INF] 【直播间】23040372 的第 53 个心跳包发送成功
[04:23:25 INF] 【直播间】23040372 的第 54 个心跳包发送成功
[04:24:32 INF] 【直播间】23040372 的第 55 个心跳包发送成功
[04:25:38 INF] 【直播间】23040372 的第 56 个心跳包发送成功
[04:26:44 INF] 【直播间】23040372 的第 57 个心跳包发送成功
[04:27:51 ERR] 【心跳包】直播间 23040372 发送失败
[04:27:51 ERR] 【原因】time check failed
[04:28:57 INF] 【直播间】23040372 的第 58 个心跳包发送成功
[04:30:03 INF] 【直播间】23040372 的第 59 个心跳包发送成功
[04:31:09 INF] 【直播间】23040372 的第 60 个心跳包发送成功
[04:32:16 INF] 【直播间】23040372 的第 61 个心跳包发送成功
[04:33:22 INF] 【直播间】23040372 的第 62 个心跳包发送成功
[04:34:29 INF] 【直播间】23040372 的第 63 个心跳包发送成功
[04:35:35 INF] 【直播间】23040372 的第 64 个心跳包发送成功
[04:36:41 INF] 【直播间】23040372 的第 65 个心跳包发送成功
[04:37:47 INF] 【直播间】23040372 的第 66 个心跳包发送成功
[04:38:54 INF] 【直播间】23040372 的第 67 个心跳包发送成功
[04:40:00 INF] 【直播间】23040372 的第 68 个心跳包发送成功
[04:41:06 INF] 【直播间】23040372 的第 69 个心跳包发送成功
[04:42:13 INF] 【直播间】23040372 的第 70 个心跳包发送成功
[04:42:13 INF] 【直播观看时长】完成情况：1/1 
[04:42:13 INF] ---------结束---------

[04:42:13 INF] ==========结束==========

[04:42:13 INF] 

========================

 v2.0.1 开源 by https://github.com/RayWangQvQ/BiliBiliToolPro

[04:42:13 INF] ·开始推送·LiveFansMedal任务·
2023-06-10T20:42:13.1809386Z 开始推送到:自定义
2023-06-10T20:42:21.9243649Z Response status: OK.
2023-06-10T20:42:21.9244078Z Response content: {"message":"","success":true,"uuid":"6d2fc61093204fc8809f440d7cb43671"}.

[04:42:21 INF] 运行环境：Development
[04:42:21 INF] 应用目录：/home/runner/work/BiliBiliToolPro/BiliBiliToolPro/src/Ray.BiliBiliTool.Console/bin/Debug/net6.0/

[04:42:21 INF] 运行结束
