----------- ip 信息 ---------
{
  "ip": "20.42.13.8",
  "city": "Washington",
  "region": "Virginia",
  "country": "US",
  "loc": "38.7135,-78.1594",
  "org": "AS8075 Microsoft Corporation",
  "postal": "22747",
  "timezone": "America/New_York",
  "readme": "https://ipinfo.io/missingauth"
} ---------- end ------------
  ____               ____    _   _____           _  
 |  _ \ __ _ _   _  | __ ) _| |_|_   _|__   ___ | | 
 | |_) / _` | | | | |  _ \(_) (_) | |/ _ \ / _ \| | 
 |  _ < (_| | |_| | | |_) | | | | | | (_) | (_) | | 
 |_| \_\__,_|\__, | |____/|_|_|_| |_|\___/ \___/|_| 
             |___/                                  

[00:30:50 INF] BiliBiliToolPro 开始运行...

[00:30:51 INF] 【账号个数】3个

[00:30:51 INF] 随机休眠5分钟

[00:35:51 INF] 【目标任务】LiveFansMedal
[00:35:51 INF] ######### 账号 1 #########

[00:35:51 INF] =====开始 直播间互动 =====

[00:35:51 INF] ---开始 发送弹幕 ---
[00:35:51 INF] 检测到直播 Cookie 未正确配置，尝试自动配置中...
[00:35:55 INF] 直播 Cookie 配置成功！
[00:35:55 INF] 【获取直播列表】获取拥有粉丝牌的直播列表
[00:35:59 INF] 【主播】Mark陌枫 
[00:36:13 INF] 【主播】KL_qiqi_ 
[00:36:31 INF] 【主播】苏打baka 
[00:36:45 INF] 【直播间】Mark陌枫
[00:36:45 INF] 【粉丝牌】馬楓
[00:36:45 INF] 正在发送弹幕...
[00:36:50 INF] 【直播间】KL_qiqi_
[00:36:50 INF] 【粉丝牌】qiqisb
[00:36:50 INF] 正在发送弹幕...
[00:36:53 INF] 【直播间】苏打baka
[00:36:53 INF] 【粉丝牌】碳酸钠
[00:36:53 INF] 正在发送弹幕...
[00:36:56 INF] -------结束-------

[00:36:56 INF] ---开始 点赞直播间 ---
[00:36:56 INF] 【获取直播列表】获取拥有粉丝牌的直播列表
[00:36:59 INF] 【主播】Mark陌枫 
[00:37:01 INF] 【弹幕发送】成功~，你和主播 Mark陌枫 的亲密值增加了100！
[00:37:04 INF] 【弹幕发送】成功~，你和主播 KL_qiqi_ 的亲密值增加了100！
[00:37:06 INF] 【弹幕发送】成功~，你和主播 苏打baka 的亲密值增加了100！
[00:37:15 INF] 【主播】KL_qiqi_ 
[00:37:32 INF] 【主播】苏打baka 
[00:37:53 INF] 【点赞直播间】23357926 完成
[00:37:58 INF] 【点赞直播间】407149 完成
[00:38:05 INF] --------结束--------

[00:38:05 INF] ---开始 直播时长挂机 ---
[00:38:05 INF] 【获取直播列表】获取拥有粉丝牌的直播列表
[00:38:05 INF] 【点赞直播间】23040372 完成
[00:38:08 INF] 【主播】Mark陌枫 
[00:38:24 INF] 【主播】KL_qiqi_ 
[00:38:44 INF] 【主播】苏打baka 
[00:39:03 INF] 【直播间】23357926 的第 1 个心跳包发送成功
[00:39:05 INF] 【直播间】407149 的第 1 个心跳包发送成功
[00:39:06 INF] 【直播间】23040372 的第 1 个心跳包发送成功
[00:40:10 INF] 【直播间】23357926 的第 2 个心跳包发送成功
[00:40:11 INF] 【直播间】407149 的第 2 个心跳包发送成功
[00:40:13 INF] 【直播间】23040372 的第 2 个心跳包发送成功
[00:41:17 INF] 【直播间】23357926 的第 3 个心跳包发送成功
[00:41:18 INF] 【直播间】407149 的第 3 个心跳包发送成功
[00:41:19 INF] 【直播间】23040372 的第 3 个心跳包发送成功
[00:42:23 INF] 【直播间】23357926 的第 4 个心跳包发送成功
[00:42:25 INF] 【直播间】407149 的第 4 个心跳包发送成功
[00:42:26 INF] 【直播间】23040372 的第 4 个心跳包发送成功
[00:43:30 INF] 【直播间】23357926 的第 5 个心跳包发送成功
[00:43:31 INF] 【直播间】407149 的第 5 个心跳包发送成功
[00:43:32 INF] 【直播间】23040372 的第 5 个心跳包发送成功
[00:44:37 INF] 【直播间】23357926 的第 6 个心跳包发送成功
[00:44:38 INF] 【直播间】407149 的第 6 个心跳包发送成功
[00:44:39 INF] 【直播间】23040372 的第 6 个心跳包发送成功
[00:45:43 INF] 【直播间】23357926 的第 7 个心跳包发送成功
[00:45:44 INF] 【直播间】407149 的第 7 个心跳包发送成功
[00:45:45 INF] 【直播间】23040372 的第 7 个心跳包发送成功
[00:46:50 INF] 【直播间】23357926 的第 8 个心跳包发送成功
[00:46:51 INF] 【直播间】407149 的第 8 个心跳包发送成功
[00:46:52 INF] 【直播间】23040372 的第 8 个心跳包发送成功
[00:47:56 INF] 【直播间】23357926 的第 9 个心跳包发送成功
[00:47:58 INF] 【直播间】407149 的第 9 个心跳包发送成功
[00:47:59 INF] 【直播间】23040372 的第 9 个心跳包发送成功
[00:49:03 INF] 【直播间】23357926 的第 10 个心跳包发送成功
[00:49:04 INF] 【直播间】407149 的第 10 个心跳包发送成功
[00:49:06 INF] 【直播间】23040372 的第 10 个心跳包发送成功
[00:50:10 INF] 【直播间】23357926 的第 11 个心跳包发送成功
[00:50:11 INF] 【直播间】407149 的第 11 个心跳包发送成功
[00:50:12 INF] 【直播间】23040372 的第 11 个心跳包发送成功
[00:51:16 INF] 【直播间】23357926 的第 12 个心跳包发送成功
[00:51:17 INF] 【直播间】407149 的第 12 个心跳包发送成功
[00:51:19 INF] 【直播间】23040372 的第 12 个心跳包发送成功
[00:52:23 INF] 【直播间】23357926 的第 13 个心跳包发送成功
[00:52:24 INF] 【直播间】407149 的第 13 个心跳包发送成功
[00:52:25 INF] 【直播间】23040372 的第 13 个心跳包发送成功
[00:53:29 INF] 【直播间】23357926 的第 14 个心跳包发送成功
[00:53:31 INF] 【直播间】407149 的第 14 个心跳包发送成功
[00:53:32 INF] 【直播间】23040372 的第 14 个心跳包发送成功
[00:54:36 ERR] 【心跳包】直播间 23357926 发送失败
[00:54:36 ERR] 【原因】time check failed
[00:54:37 ERR] 【心跳包】直播间 407149 发送失败
[00:54:37 ERR] 【原因】time check failed
[00:54:38 ERR] 【心跳包】直播间 23040372 发送失败
[00:54:38 ERR] 【原因】time check failed
[00:55:43 INF] 【直播间】23357926 的第 15 个心跳包发送成功
[00:55:44 INF] 【直播间】407149 的第 15 个心跳包发送成功
[00:55:45 INF] 【直播间】23040372 的第 15 个心跳包发送成功
[00:56:49 INF] 【直播间】23357926 的第 16 个心跳包发送成功
[00:56:50 INF] 【直播间】407149 的第 16 个心跳包发送成功
[00:56:52 INF] 【直播间】23040372 的第 16 个心跳包发送成功
[00:57:56 INF] 【直播间】23357926 的第 17 个心跳包发送成功
[00:57:57 INF] 【直播间】407149 的第 17 个心跳包发送成功
[00:57:58 INF] 【直播间】23040372 的第 17 个心跳包发送成功
[00:59:03 INF] 【直播间】23357926 的第 18 个心跳包发送成功
[00:59:04 INF] 【直播间】407149 的第 18 个心跳包发送成功
[00:59:05 INF] 【直播间】23040372 的第 18 个心跳包发送成功
[01:00:09 INF] 【直播间】23357926 的第 19 个心跳包发送成功
[01:00:10 INF] 【直播间】407149 的第 19 个心跳包发送成功
[01:00:12 INF] 【直播间】23040372 的第 19 个心跳包发送成功
[01:01:16 INF] 【直播间】23357926 的第 20 个心跳包发送成功
[01:01:17 INF] 【直播间】407149 的第 20 个心跳包发送成功
[01:01:18 INF] 【直播间】23040372 的第 20 个心跳包发送成功
[01:02:22 INF] 【直播间】23357926 的第 21 个心跳包发送成功
[01:02:24 INF] 【直播间】407149 的第 21 个心跳包发送成功
[01:02:25 INF] 【直播间】23040372 的第 21 个心跳包发送成功
[01:03:29 INF] 【直播间】23357926 的第 22 个心跳包发送成功
[01:03:31 INF] 【直播间】407149 的第 22 个心跳包发送成功
[01:03:32 INF] 【直播间】23040372 的第 22 个心跳包发送成功
[01:04:36 INF] 【直播间】23357926 的第 23 个心跳包发送成功
[01:04:37 INF] 【直播间】407149 的第 23 个心跳包发送成功
[01:04:38 INF] 【直播间】23040372 的第 23 个心跳包发送成功
[01:05:42 INF] 【直播间】23357926 的第 24 个心跳包发送成功
[01:05:44 INF] 【直播间】407149 的第 24 个心跳包发送成功
[01:05:45 INF] 【直播间】23040372 的第 24 个心跳包发送成功
[01:06:49 INF] 【直播间】23357926 的第 25 个心跳包发送成功
[01:06:50 INF] 【直播间】407149 的第 25 个心跳包发送成功
[01:06:51 INF] 【直播间】23040372 的第 25 个心跳包发送成功
[01:07:56 INF] 【直播间】23357926 的第 26 个心跳包发送成功
[01:07:57 INF] 【直播间】407149 的第 26 个心跳包发送成功
[01:07:58 INF] 【直播间】23040372 的第 26 个心跳包发送成功
[01:09:02 INF] 【直播间】23357926 的第 27 个心跳包发送成功
[01:09:03 INF] 【直播间】407149 的第 27 个心跳包发送成功
[01:09:05 INF] 【直播间】23040372 的第 27 个心跳包发送成功
[01:10:09 ERR] 【心跳包】直播间 23357926 发送失败
[01:10:09 ERR] 【原因】time check failed
[01:10:10 ERR] 【心跳包】直播间 407149 发送失败
[01:10:10 ERR] 【原因】time check failed
[01:10:11 ERR] 【心跳包】直播间 23040372 发送失败
[01:10:11 ERR] 【原因】time check failed
[01:11:15 INF] 【直播间】23357926 的第 28 个心跳包发送成功
[01:11:17 INF] 【直播间】407149 的第 28 个心跳包发送成功
[01:11:18 INF] 【直播间】23040372 的第 28 个心跳包发送成功
[01:12:22 INF] 【直播间】23357926 的第 29 个心跳包发送成功
[01:12:23 INF] 【直播间】407149 的第 29 个心跳包发送成功
[01:12:24 INF] 【直播间】23040372 的第 29 个心跳包发送成功
[01:13:29 INF] 【直播间】23357926 的第 30 个心跳包发送成功
[01:13:30 INF] 【直播间】407149 的第 30 个心跳包发送成功
[01:13:31 INF] 【直播间】23040372 的第 30 个心跳包发送成功
[01:14:35 INF] 【直播间】23357926 的第 31 个心跳包发送成功
[01:14:37 INF] 【直播间】407149 的第 31 个心跳包发送成功
[01:14:38 INF] 【直播间】23040372 的第 31 个心跳包发送成功
[01:15:42 INF] 【直播间】23357926 的第 32 个心跳包发送成功
[01:15:43 INF] 【直播间】407149 的第 32 个心跳包发送成功
[01:15:44 INF] 【直播间】23040372 的第 32 个心跳包发送成功
[01:16:48 INF] 【直播间】23357926 的第 33 个心跳包发送成功
[01:16:50 INF] 【直播间】407149 的第 33 个心跳包发送成功
[01:16:51 INF] 【直播间】23040372 的第 33 个心跳包发送成功
[01:17:55 INF] 【直播间】23357926 的第 34 个心跳包发送成功
[01:17:56 INF] 【直播间】407149 的第 34 个心跳包发送成功
[01:17:58 INF] 【直播间】23040372 的第 34 个心跳包发送成功
[01:19:02 INF] 【直播间】23357926 的第 35 个心跳包发送成功
[01:19:03 INF] 【直播间】407149 的第 35 个心跳包发送成功
[01:19:04 INF] 【直播间】23040372 的第 35 个心跳包发送成功
[01:20:08 INF] 【直播间】23357926 的第 36 个心跳包发送成功
[01:20:10 INF] 【直播间】407149 的第 36 个心跳包发送成功
[01:20:11 INF] 【直播间】23040372 的第 36 个心跳包发送成功
[01:21:15 INF] 【直播间】23357926 的第 37 个心跳包发送成功
[01:21:16 INF] 【直播间】407149 的第 37 个心跳包发送成功
[01:21:18 INF] 【直播间】23040372 的第 37 个心跳包发送成功
[01:22:22 INF] 【直播间】23357926 的第 38 个心跳包发送成功
[01:22:23 INF] 【直播间】407149 的第 38 个心跳包发送成功
[01:22:24 INF] 【直播间】23040372 的第 38 个心跳包发送成功
[01:23:28 INF] 【直播间】23357926 的第 39 个心跳包发送成功
[01:23:30 INF] 【直播间】407149 的第 39 个心跳包发送成功
[01:23:31 INF] 【直播间】23040372 的第 39 个心跳包发送成功
[01:24:35 INF] 【直播间】23357926 的第 40 个心跳包发送成功
[01:24:36 INF] 【直播间】407149 的第 40 个心跳包发送成功
[01:24:37 INF] 【直播间】23040372 的第 40 个心跳包发送成功
[01:25:42 ERR] 【心跳包】直播间 23357926 发送失败
[01:25:42 ERR] 【原因】time check failed
[01:25:43 ERR] 【心跳包】直播间 407149 发送失败
[01:25:43 ERR] 【原因】time check failed
[01:25:44 ERR] 【心跳包】直播间 23040372 发送失败
[01:25:44 ERR] 【原因】time check failed
[01:26:48 INF] 【直播间】23357926 的第 41 个心跳包发送成功
[01:26:49 INF] 【直播间】407149 的第 41 个心跳包发送成功
[01:26:51 INF] 【直播间】23040372 的第 41 个心跳包发送成功
[01:27:55 INF] 【直播间】23357926 的第 42 个心跳包发送成功
[01:27:56 INF] 【直播间】407149 的第 42 个心跳包发送成功
[01:27:57 INF] 【直播间】23040372 的第 42 个心跳包发送成功
[01:29:01 INF] 【直播间】23357926 的第 43 个心跳包发送成功
[01:29:03 INF] 【直播间】407149 的第 43 个心跳包发送成功
[01:29:04 INF] 【直播间】23040372 的第 43 个心跳包发送成功
[01:30:08 INF] 【直播间】23357926 的第 44 个心跳包发送成功
[01:30:09 INF] 【直播间】407149 的第 44 个心跳包发送成功
[01:30:11 INF] 【直播间】23040372 的第 44 个心跳包发送成功
[01:31:15 INF] 【直播间】23357926 的第 45 个心跳包发送成功
[01:31:16 INF] 【直播间】407149 的第 45 个心跳包发送成功
[01:31:17 INF] 【直播间】23040372 的第 45 个心跳包发送成功
[01:32:21 INF] 【直播间】23357926 的第 46 个心跳包发送成功
[01:32:22 INF] 【直播间】407149 的第 46 个心跳包发送成功
[01:32:24 INF] 【直播间】23040372 的第 46 个心跳包发送成功
[01:33:28 INF] 【直播间】23357926 的第 47 个心跳包发送成功
[01:33:29 INF] 【直播间】407149 的第 47 个心跳包发送成功
[01:33:30 INF] 【直播间】23040372 的第 47 个心跳包发送成功
[01:34:34 INF] 【直播间】23357926 的第 48 个心跳包发送成功
[01:34:36 INF] 【直播间】407149 的第 48 个心跳包发送成功
[01:34:37 INF] 【直播间】23040372 的第 48 个心跳包发送成功
[01:35:41 INF] 【直播间】23357926 的第 49 个心跳包发送成功
[01:35:42 INF] 【直播间】407149 的第 49 个心跳包发送成功
[01:35:43 INF] 【直播间】23040372 的第 49 个心跳包发送成功
[01:36:48 INF] 【直播间】23357926 的第 50 个心跳包发送成功
[01:36:49 INF] 【直播间】407149 的第 50 个心跳包发送成功
[01:36:50 INF] 【直播间】23040372 的第 50 个心跳包发送成功
[01:37:54 INF] 【直播间】23357926 的第 51 个心跳包发送成功
[01:37:56 INF] 【直播间】407149 的第 51 个心跳包发送成功
[01:37:57 INF] 【直播间】23040372 的第 51 个心跳包发送成功
[01:39:01 INF] 【直播间】23357926 的第 52 个心跳包发送成功
[01:39:02 INF] 【直播间】407149 的第 52 个心跳包发送成功
[01:39:04 INF] 【直播间】23040372 的第 52 个心跳包发送成功
[01:40:08 INF] 【直播间】23357926 的第 53 个心跳包发送成功
[01:40:09 INF] 【直播间】407149 的第 53 个心跳包发送成功
[01:40:10 INF] 【直播间】23040372 的第 53 个心跳包发送成功
[01:41:14 ERR] 【心跳包】直播间 23357926 发送失败
[01:41:14 ERR] 【原因】time check failed
[01:41:15 ERR] 【心跳包】直播间 407149 发送失败
[01:41:15 ERR] 【原因】time check failed
[01:41:17 ERR] 【心跳包】直播间 23040372 发送失败
[01:41:17 ERR] 【原因】time check failed
[01:42:21 INF] 【直播间】23357926 的第 54 个心跳包发送成功
[01:42:22 INF] 【直播间】407149 的第 54 个心跳包发送成功
[01:42:23 INF] 【直播间】23040372 的第 54 个心跳包发送成功
[01:43:27 INF] 【直播间】23357926 的第 55 个心跳包发送成功
[01:43:29 INF] 【直播间】407149 的第 55 个心跳包发送成功
[01:43:30 INF] 【直播间】23040372 的第 55 个心跳包发送成功
[01:44:34 INF] 【直播间】23357926 的第 56 个心跳包发送成功
[01:44:35 INF] 【直播间】407149 的第 56 个心跳包发送成功
[01:44:37 INF] 【直播间】23040372 的第 56 个心跳包发送成功
[01:45:41 INF] 【直播间】23357926 的第 57 个心跳包发送成功
[01:45:42 INF] 【直播间】407149 的第 57 个心跳包发送成功
[01:45:43 INF] 【直播间】23040372 的第 57 个心跳包发送成功
[01:46:47 INF] 【直播间】23357926 的第 58 个心跳包发送成功
[01:46:48 INF] 【直播间】407149 的第 58 个心跳包发送成功
[01:46:50 INF] 【直播间】23040372 的第 58 个心跳包发送成功
[01:47:54 INF] 【直播间】23357926 的第 59 个心跳包发送成功
[01:47:55 INF] 【直播间】407149 的第 59 个心跳包发送成功
[01:47:56 INF] 【直播间】23040372 的第 59 个心跳包发送成功
[01:49:01 INF] 【直播间】23357926 的第 60 个心跳包发送成功
[01:49:02 INF] 【直播间】407149 的第 60 个心跳包发送成功
[01:49:03 INF] 【直播间】23040372 的第 60 个心跳包发送成功
[01:50:07 INF] 【直播间】23357926 的第 61 个心跳包发送成功
[01:50:09 INF] 【直播间】407149 的第 61 个心跳包发送成功
[01:50:10 INF] 【直播间】23040372 的第 61 个心跳包发送成功
[01:51:14 INF] 【直播间】23357926 的第 62 个心跳包发送成功
[01:51:16 INF] 【直播间】407149 的第 62 个心跳包发送成功
[01:51:17 INF] 【直播间】23040372 的第 62 个心跳包发送成功
[01:52:20 INF] 【直播间】23357926 的第 63 个心跳包发送成功
[01:52:22 INF] 【直播间】407149 的第 63 个心跳包发送成功
[01:52:23 INF] 【直播间】23040372 的第 63 个心跳包发送成功
[01:53:27 INF] 【直播间】23357926 的第 64 个心跳包发送成功
[01:53:29 INF] 【直播间】407149 的第 64 个心跳包发送成功
[01:53:30 INF] 【直播间】23040372 的第 64 个心跳包发送成功
[01:54:34 INF] 【直播间】23357926 的第 65 个心跳包发送成功
[01:54:35 INF] 【直播间】407149 的第 65 个心跳包发送成功
[01:54:36 INF] 【直播间】23040372 的第 65 个心跳包发送成功
[01:55:40 INF] 【直播间】23357926 的第 66 个心跳包发送成功
[01:55:42 INF] 【直播间】407149 的第 66 个心跳包发送成功
[01:55:43 INF] 【直播间】23040372 的第 66 个心跳包发送成功
[01:56:47 ERR] 【心跳包】直播间 23357926 发送失败
[01:56:47 ERR] 【原因】time check failed
[01:56:48 ERR] 【心跳包】直播间 407149 发送失败
[01:56:48 ERR] 【原因】time check failed
[01:56:50 ERR] 【心跳包】直播间 23040372 发送失败
[01:56:50 ERR] 【原因】time check failed
[01:57:54 INF] 【直播间】23357926 的第 67 个心跳包发送成功
[01:57:55 INF] 【直播间】407149 的第 67 个心跳包发送成功
[01:57:56 INF] 【直播间】23040372 的第 67 个心跳包发送成功
[01:59:01 INF] 【直播间】23357926 的第 68 个心跳包发送成功
[01:59:02 INF] 【直播间】407149 的第 68 个心跳包发送成功
[01:59:03 INF] 【直播间】23040372 的第 68 个心跳包发送成功
[02:00:07 INF] 【直播间】23357926 的第 69 个心跳包发送成功
[02:00:08 INF] 【直播间】407149 的第 69 个心跳包发送成功
[02:00:10 INF] 【直播间】23040372 的第 69 个心跳包发送成功
[02:01:14 INF] 【直播间】23357926 的第 70 个心跳包发送成功
[02:01:15 INF] 【直播间】407149 的第 70 个心跳包发送成功
[02:01:16 INF] 【直播间】23040372 的第 70 个心跳包发送成功
[02:01:16 INF] 【直播观看时长】完成情况：3/3 
[02:01:16 INF] ---------结束---------

[02:01:16 INF] ==========结束==========

[02:01:16 INF] ######### 账号 2 #########

[02:01:16 INF] =====开始 直播间互动 =====

[02:01:16 INF] ---开始 发送弹幕 ---
[02:01:16 INF] 检测到直播 Cookie 未正确配置，尝试自动配置中...
[02:01:24 INF] 直播 Cookie 配置成功！
[02:01:24 INF] 【获取直播列表】获取拥有粉丝牌的直播列表
[02:01:29 INF] 【主播】Mark陌枫 
[02:01:48 INF] 【主播】苏打baka 
[02:02:08 INF] 【主播】特别中二的q3君 
[02:02:26 INF] 【主播】陈抱一 
[02:02:40 INF] 【主播】贪玩的小毅 
[02:02:57 INF] 【主播】KL_qiqi_ 
[02:03:10 INF] 【直播间】Mark陌枫
[02:03:10 INF] 【粉丝牌】馬楓
[02:03:10 INF] 正在发送弹幕...
[02:03:15 INF] 【直播间】苏打baka
[02:03:15 INF] 【粉丝牌】碳酸钠
[02:03:15 INF] 正在发送弹幕...
[02:03:20 INF] 【直播间】特别中二的q3君
[02:03:20 INF] 【粉丝牌】q3GG
[02:03:20 INF] 正在发送弹幕...
[02:03:24 INF] 【直播间】陈抱一
[02:03:24 INF] 【粉丝牌】陈抱一
[02:03:24 INF] 正在发送弹幕...
[02:03:28 INF] 【直播间】贪玩的小毅
[02:03:28 INF] 【粉丝牌】大大毅
[02:03:28 INF] 正在发送弹幕...
[02:03:28 INF] 【弹幕发送】成功~，你和主播 苏打baka 的亲密值增加了100！
[02:03:29 INF] 【弹幕发送】成功~，你和主播 Mark陌枫 的亲密值增加了100！
[02:03:31 INF] 【直播间】KL_qiqi_
[02:03:31 INF] 【粉丝牌】qiqisb
[02:03:31 INF] 正在发送弹幕...
[02:03:35 INF] 【弹幕发送】成功~，你和主播 特别中二的q3君 的亲密值增加了100！
[02:03:37 INF] -------结束-------

[02:03:37 INF] ---开始 点赞直播间 ---
[02:03:37 INF] 【获取直播列表】获取拥有粉丝牌的直播列表
[02:03:39 INF] 【弹幕发送】成功~，你和主播 贪玩的小毅 的亲密值增加了100！
[02:03:41 INF] 【主播】Mark陌枫 
[02:03:43 INF] 【弹幕发送】成功~，你和主播 陈抱一 的亲密值增加了100！
[02:03:51 INF] 【弹幕发送】成功~，你和主播 KL_qiqi_ 的亲密值增加了100！
[02:03:58 INF] 【主播】苏打baka 
[02:04:21 INF] 【主播】特别中二的q3君 
[02:04:36 INF] 【主播】陈抱一 
[02:04:53 INF] 【主播】贪玩的小毅 
[02:05:08 INF] 【主播】KL_qiqi_ 
[02:05:31 INF] 【点赞直播间】23357926 完成
[02:05:36 INF] 【点赞直播间】23040372 完成
[02:05:41 INF] 【点赞直播间】31494 完成
[02:05:46 INF] 【点赞直播间】4015781 完成
[02:05:53 INF] 【点赞直播间】9619073 完成
[02:05:59 INF] --------结束--------

[02:05:59 INF] ---开始 直播时长挂机 ---
[02:05:59 INF] 【获取直播列表】获取拥有粉丝牌的直播列表
[02:05:59 INF] 【点赞直播间】407149 完成
[02:06:05 INF] 【主播】Mark陌枫 
[02:06:23 INF] 【主播】苏打baka 
[02:06:39 INF] 【主播】特别中二的q3君 
[02:06:55 INF] 【主播】陈抱一 
[02:07:15 INF] 【主播】贪玩的小毅 
[02:07:32 INF] 【主播】KL_qiqi_ 
[02:07:46 INF] 【直播间】23357926 的第 1 个心跳包发送成功
[02:07:48 INF] 【直播间】23040372 的第 1 个心跳包发送成功
[02:07:49 INF] 【直播间】31494 的第 1 个心跳包发送成功
[02:07:50 INF] 【直播间】4015781 的第 1 个心跳包发送成功
[02:07:52 INF] 【直播间】9619073 的第 1 个心跳包发送成功
[02:07:53 INF] 【直播间】407149 的第 1 个心跳包发送成功
[02:08:53 INF] 【直播间】23357926 的第 2 个心跳包发送成功
[02:08:54 INF] 【直播间】23040372 的第 2 个心跳包发送成功
[02:08:56 INF] 【直播间】31494 的第 2 个心跳包发送成功
[02:08:57 INF] 【直播间】4015781 的第 2 个心跳包发送成功
[02:08:58 INF] 【直播间】9619073 的第 2 个心跳包发送成功
[02:08:59 INF] 【直播间】407149 的第 2 个心跳包发送成功
[02:10:00 INF] 【直播间】23357926 的第 3 个心跳包发送成功
[02:10:01 INF] 【直播间】23040372 的第 3 个心跳包发送成功
[02:10:03 INF] 【直播间】31494 的第 3 个心跳包发送成功
[02:10:04 INF] 【直播间】4015781 的第 3 个心跳包发送成功
[02:10:05 INF] 【直播间】9619073 的第 3 个心跳包发送成功
[02:10:06 INF] 【直播间】407149 的第 3 个心跳包发送成功
[02:11:07 INF] 【直播间】23357926 的第 4 个心跳包发送成功
[02:11:08 INF] 【直播间】23040372 的第 4 个心跳包发送成功
[02:11:09 INF] 【直播间】31494 的第 4 个心跳包发送成功
[02:11:10 INF] 【直播间】4015781 的第 4 个心跳包发送成功
[02:11:12 INF] 【直播间】9619073 的第 4 个心跳包发送成功
[02:11:13 INF] 【直播间】407149 的第 4 个心跳包发送成功
[02:12:13 INF] 【直播间】23357926 的第 5 个心跳包发送成功
[02:12:15 INF] 【直播间】23040372 的第 5 个心跳包发送成功
[02:12:16 INF] 【直播间】31494 的第 5 个心跳包发送成功
[02:12:17 INF] 【直播间】4015781 的第 5 个心跳包发送成功
[02:12:18 INF] 【直播间】9619073 的第 5 个心跳包发送成功
[02:12:20 INF] 【直播间】407149 的第 5 个心跳包发送成功
[02:13:20 INF] 【直播间】23357926 的第 6 个心跳包发送成功
[02:13:21 INF] 【直播间】23040372 的第 6 个心跳包发送成功
[02:13:22 INF] 【直播间】31494 的第 6 个心跳包发送成功
[02:13:24 INF] 【直播间】4015781 的第 6 个心跳包发送成功
[02:13:25 INF] 【直播间】9619073 的第 6 个心跳包发送成功
[02:13:26 INF] 【直播间】407149 的第 6 个心跳包发送成功
[02:14:26 INF] 【直播间】23357926 的第 7 个心跳包发送成功
[02:14:28 INF] 【直播间】23040372 的第 7 个心跳包发送成功
[02:14:29 INF] 【直播间】31494 的第 7 个心跳包发送成功
[02:14:30 INF] 【直播间】4015781 的第 7 个心跳包发送成功
[02:14:31 INF] 【直播间】9619073 的第 7 个心跳包发送成功
[02:14:33 INF] 【直播间】407149 的第 7 个心跳包发送成功
[02:15:33 INF] 【直播间】23357926 的第 8 个心跳包发送成功
[02:15:35 INF] 【直播间】23040372 的第 8 个心跳包发送成功
[02:15:36 INF] 【直播间】31494 的第 8 个心跳包发送成功
[02:15:37 INF] 【直播间】4015781 的第 8 个心跳包发送成功
[02:15:38 INF] 【直播间】9619073 的第 8 个心跳包发送成功
[02:15:40 INF] 【直播间】407149 的第 8 个心跳包发送成功
[02:16:40 INF] 【直播间】23357926 的第 9 个心跳包发送成功
[02:16:41 INF] 【直播间】23040372 的第 9 个心跳包发送成功
[02:16:42 INF] 【直播间】31494 的第 9 个心跳包发送成功
[02:16:44 INF] 【直播间】4015781 的第 9 个心跳包发送成功
[02:16:45 INF] 【直播间】9619073 的第 9 个心跳包发送成功
[02:16:46 INF] 【直播间】407149 的第 9 个心跳包发送成功
[02:17:47 INF] 【直播间】23357926 的第 10 个心跳包发送成功
[02:17:48 INF] 【直播间】23040372 的第 10 个心跳包发送成功
[02:17:49 INF] 【直播间】31494 的第 10 个心跳包发送成功
[02:17:50 INF] 【直播间】4015781 的第 10 个心跳包发送成功
[02:17:52 INF] 【直播间】9619073 的第 10 个心跳包发送成功
[02:17:53 INF] 【直播间】407149 的第 10 个心跳包发送成功
[02:18:53 INF] 【直播间】23357926 的第 11 个心跳包发送成功
[02:18:54 INF] 【直播间】23040372 的第 11 个心跳包发送成功
[02:18:56 INF] 【直播间】31494 的第 11 个心跳包发送成功
[02:18:57 INF] 【直播间】4015781 的第 11 个心跳包发送成功
[02:18:58 INF] 【直播间】9619073 的第 11 个心跳包发送成功
[02:19:00 INF] 【直播间】407149 的第 11 个心跳包发送成功
[02:20:00 INF] 【直播间】23357926 的第 12 个心跳包发送成功
[02:20:01 INF] 【直播间】23040372 的第 12 个心跳包发送成功
[02:20:02 INF] 【直播间】31494 的第 12 个心跳包发送成功
[02:20:03 INF] 【直播间】4015781 的第 12 个心跳包发送成功
[02:20:05 INF] 【直播间】9619073 的第 12 个心跳包发送成功
[02:20:06 INF] 【直播间】407149 的第 12 个心跳包发送成功
[02:21:07 INF] 【直播间】23357926 的第 13 个心跳包发送成功
[02:21:08 INF] 【直播间】23040372 的第 13 个心跳包发送成功
[02:21:09 INF] 【直播间】31494 的第 13 个心跳包发送成功
[02:21:10 INF] 【直播间】4015781 的第 13 个心跳包发送成功
[02:21:12 INF] 【直播间】9619073 的第 13 个心跳包发送成功
[02:21:13 INF] 【直播间】407149 的第 13 个心跳包发送成功
[02:22:13 INF] 【直播间】23357926 的第 14 个心跳包发送成功
[02:22:14 INF] 【直播间】23040372 的第 14 个心跳包发送成功
[02:22:16 INF] 【直播间】31494 的第 14 个心跳包发送成功
[02:22:17 INF] 【直播间】4015781 的第 14 个心跳包发送成功
[02:22:18 INF] 【直播间】9619073 的第 14 个心跳包发送成功
[02:22:19 INF] 【直播间】407149 的第 14 个心跳包发送成功
[02:23:20 ERR] 【心跳包】直播间 23357926 发送失败
[02:23:20 ERR] 【原因】time check failed
[02:23:21 ERR] 【心跳包】直播间 23040372 发送失败
[02:23:21 ERR] 【原因】time check failed
[02:23:22 ERR] 【心跳包】直播间 31494 发送失败
[02:23:22 ERR] 【原因】time check failed
[02:23:23 ERR] 【心跳包】直播间 4015781 发送失败
[02:23:23 ERR] 【原因】time check failed
[02:23:25 ERR] 【心跳包】直播间 9619073 发送失败
[02:23:25 ERR] 【原因】time check failed
[02:23:26 ERR] 【心跳包】直播间 407149 发送失败
[02:23:26 ERR] 【原因】time check failed
[02:24:26 INF] 【直播间】23357926 的第 15 个心跳包发送成功
[02:24:27 INF] 【直播间】23040372 的第 15 个心跳包发送成功
[02:24:29 INF] 【直播间】31494 的第 15 个心跳包发送成功
[02:24:30 INF] 【直播间】4015781 的第 15 个心跳包发送成功
[02:24:31 INF] 【直播间】9619073 的第 15 个心跳包发送成功
[02:24:32 INF] 【直播间】407149 的第 15 个心跳包发送成功
[02:25:33 INF] 【直播间】23357926 的第 16 个心跳包发送成功
[02:25:34 INF] 【直播间】23040372 的第 16 个心跳包发送成功
[02:25:35 INF] 【直播间】31494 的第 16 个心跳包发送成功
[02:25:36 INF] 【直播间】4015781 的第 16 个心跳包发送成功
[02:25:38 INF] 【直播间】9619073 的第 16 个心跳包发送成功
[02:25:39 INF] 【直播间】407149 的第 16 个心跳包发送成功
[02:26:39 INF] 【直播间】23357926 的第 17 个心跳包发送成功
[02:26:41 INF] 【直播间】23040372 的第 17 个心跳包发送成功
[02:26:42 INF] 【直播间】31494 的第 17 个心跳包发送成功
[02:26:43 INF] 【直播间】4015781 的第 17 个心跳包发送成功
[02:26:44 INF] 【直播间】9619073 的第 17 个心跳包发送成功
[02:26:46 INF] 【直播间】407149 的第 17 个心跳包发送成功
[02:27:46 INF] 【直播间】23357926 的第 18 个心跳包发送成功
[02:27:47 INF] 【直播间】23040372 的第 18 个心跳包发送成功
[02:27:49 INF] 【直播间】31494 的第 18 个心跳包发送成功
[02:27:50 INF] 【直播间】4015781 的第 18 个心跳包发送成功
[02:27:51 INF] 【直播间】9619073 的第 18 个心跳包发送成功
[02:27:52 INF] 【直播间】407149 的第 18 个心跳包发送成功
[02:28:52 INF] 【直播间】23357926 的第 19 个心跳包发送成功
[02:28:54 INF] 【直播间】23040372 的第 19 个心跳包发送成功
[02:28:55 INF] 【直播间】31494 的第 19 个心跳包发送成功
[02:28:56 INF] 【直播间】4015781 的第 19 个心跳包发送成功
[02:28:57 INF] 【直播间】9619073 的第 19 个心跳包发送成功
[02:28:59 INF] 【直播间】407149 的第 19 个心跳包发送成功
[02:29:59 INF] 【直播间】23357926 的第 20 个心跳包发送成功
[02:30:00 INF] 【直播间】23040372 的第 20 个心跳包发送成功
[02:30:01 INF] 【直播间】31494 的第 20 个心跳包发送成功
[02:30:03 INF] 【直播间】4015781 的第 20 个心跳包发送成功
[02:30:04 INF] 【直播间】9619073 的第 20 个心跳包发送成功
[02:30:05 INF] 【直播间】407149 的第 20 个心跳包发送成功
[02:31:05 INF] 【直播间】23357926 的第 21 个心跳包发送成功
[02:31:07 INF] 【直播间】23040372 的第 21 个心跳包发送成功
[02:31:08 INF] 【直播间】31494 的第 21 个心跳包发送成功
[02:31:09 INF] 【直播间】4015781 的第 21 个心跳包发送成功
[02:31:10 INF] 【直播间】9619073 的第 21 个心跳包发送成功
[02:31:12 INF] 【直播间】407149 的第 21 个心跳包发送成功
[02:32:12 INF] 【直播间】23357926 的第 22 个心跳包发送成功
[02:32:14 INF] 【直播间】23040372 的第 22 个心跳包发送成功
[02:32:15 INF] 【直播间】31494 的第 22 个心跳包发送成功
[02:32:16 INF] 【直播间】4015781 的第 22 个心跳包发送成功
[02:32:17 INF] 【直播间】9619073 的第 22 个心跳包发送成功
[02:32:19 INF] 【直播间】407149 的第 22 个心跳包发送成功
[02:33:19 INF] 【直播间】23357926 的第 23 个心跳包发送成功
[02:33:20 INF] 【直播间】23040372 的第 23 个心跳包发送成功
[02:33:21 INF] 【直播间】31494 的第 23 个心跳包发送成功
[02:33:23 INF] 【直播间】4015781 的第 23 个心跳包发送成功
[02:33:24 INF] 【直播间】9619073 的第 23 个心跳包发送成功
[02:33:25 INF] 【直播间】407149 的第 23 个心跳包发送成功
[02:34:25 INF] 【直播间】23357926 的第 24 个心跳包发送成功
[02:34:27 INF] 【直播间】23040372 的第 24 个心跳包发送成功
[02:34:28 INF] 【直播间】31494 的第 24 个心跳包发送成功
[02:34:29 INF] 【直播间】4015781 的第 24 个心跳包发送成功
[02:34:30 INF] 【直播间】9619073 的第 24 个心跳包发送成功
[02:34:32 INF] 【直播间】407149 的第 24 个心跳包发送成功
[02:35:32 INF] 【直播间】23357926 的第 25 个心跳包发送成功
[02:35:33 INF] 【直播间】23040372 的第 25 个心跳包发送成功
[02:35:35 INF] 【直播间】31494 的第 25 个心跳包发送成功
[02:35:36 INF] 【直播间】4015781 的第 25 个心跳包发送成功
[02:35:37 INF] 【直播间】9619073 的第 25 个心跳包发送成功
[02:35:38 INF] 【直播间】407149 的第 25 个心跳包发送成功
[02:36:39 INF] 【直播间】23357926 的第 26 个心跳包发送成功
[02:36:40 INF] 【直播间】23040372 的第 26 个心跳包发送成功
[02:36:41 INF] 【直播间】31494 的第 26 个心跳包发送成功
[02:36:42 INF] 【直播间】4015781 的第 26 个心跳包发送成功
[02:36:44 INF] 【直播间】9619073 的第 26 个心跳包发送成功
[02:36:45 INF] 【直播间】407149 的第 26 个心跳包发送成功
[02:37:45 INF] 【直播间】23357926 的第 27 个心跳包发送成功
[02:37:47 INF] 【直播间】23040372 的第 27 个心跳包发送成功
[02:37:48 INF] 【直播间】31494 的第 27 个心跳包发送成功
[02:37:49 INF] 【直播间】4015781 的第 27 个心跳包发送成功
[02:37:51 INF] 【直播间】9619073 的第 27 个心跳包发送成功
[02:37:52 INF] 【直播间】407149 的第 27 个心跳包发送成功
[02:38:52 ERR] 【心跳包】直播间 23357926 发送失败
[02:38:52 ERR] 【原因】time check failed
[02:38:53 ERR] 【心跳包】直播间 23040372 发送失败
[02:38:53 ERR] 【原因】time check failed
[02:38:54 ERR] 【心跳包】直播间 31494 发送失败
[02:38:54 ERR] 【原因】time check failed
[02:38:56 ERR] 【心跳包】直播间 4015781 发送失败
[02:38:56 ERR] 【原因】time check failed
[02:38:57 ERR] 【心跳包】直播间 9619073 发送失败
[02:38:57 ERR] 【原因】time check failed
[02:38:58 ERR] 【心跳包】直播间 407149 发送失败
[02:38:58 ERR] 【原因】time check failed
[02:39:58 INF] 【直播间】23357926 的第 28 个心跳包发送成功
[02:40:00 INF] 【直播间】23040372 的第 28 个心跳包发送成功
[02:40:01 INF] 【直播间】31494 的第 28 个心跳包发送成功
[02:40:02 INF] 【直播间】4015781 的第 28 个心跳包发送成功
[02:40:03 INF] 【直播间】9619073 的第 28 个心跳包发送成功
[02:40:05 INF] 【直播间】407149 的第 28 个心跳包发送成功
[02:41:05 INF] 【直播间】23357926 的第 29 个心跳包发送成功
[02:41:06 INF] 【直播间】23040372 的第 29 个心跳包发送成功
[02:41:08 INF] 【直播间】31494 的第 29 个心跳包发送成功
[02:41:09 INF] 【直播间】4015781 的第 29 个心跳包发送成功
[02:41:10 INF] 【直播间】9619073 的第 29 个心跳包发送成功
[02:41:11 INF] 【直播间】407149 的第 29 个心跳包发送成功
[02:42:12 INF] 【直播间】23357926 的第 30 个心跳包发送成功
[02:42:13 INF] 【直播间】23040372 的第 30 个心跳包发送成功
[02:42:14 INF] 【直播间】31494 的第 30 个心跳包发送成功
[02:42:16 INF] 【直播间】4015781 的第 30 个心跳包发送成功
[02:42:17 INF] 【直播间】9619073 的第 30 个心跳包发送成功
[02:42:18 INF] 【直播间】407149 的第 30 个心跳包发送成功
[02:43:19 INF] 【直播间】23357926 的第 31 个心跳包发送成功
[02:43:20 INF] 【直播间】23040372 的第 31 个心跳包发送成功
[02:43:21 INF] 【直播间】31494 的第 31 个心跳包发送成功
[02:43:22 INF] 【直播间】4015781 的第 31 个心跳包发送成功
[02:43:24 INF] 【直播间】9619073 的第 31 个心跳包发送成功
[02:43:25 INF] 【直播间】407149 的第 31 个心跳包发送成功
[02:44:25 INF] 【直播间】23357926 的第 32 个心跳包发送成功
[02:44:27 INF] 【直播间】23040372 的第 32 个心跳包发送成功
[02:44:28 INF] 【直播间】31494 的第 32 个心跳包发送成功
[02:44:29 INF] 【直播间】4015781 的第 32 个心跳包发送成功
[02:44:30 INF] 【直播间】9619073 的第 32 个心跳包发送成功
[02:44:32 INF] 【直播间】407149 的第 32 个心跳包发送成功
[02:45:32 INF] 【直播间】23357926 的第 33 个心跳包发送成功
[02:45:33 INF] 【直播间】23040372 的第 33 个心跳包发送成功
[02:45:34 INF] 【直播间】31494 的第 33 个心跳包发送成功
[02:45:36 INF] 【直播间】4015781 的第 33 个心跳包发送成功
[02:45:37 INF] 【直播间】9619073 的第 33 个心跳包发送成功
[02:45:38 INF] 【直播间】407149 的第 33 个心跳包发送成功
[02:46:39 INF] 【直播间】23357926 的第 34 个心跳包发送成功
[02:46:40 INF] 【直播间】23040372 的第 34 个心跳包发送成功
[02:46:41 INF] 【直播间】31494 的第 34 个心跳包发送成功
[02:46:42 INF] 【直播间】4015781 的第 34 个心跳包发送成功
[02:46:44 INF] 【直播间】9619073 的第 34 个心跳包发送成功
[02:46:45 INF] 【直播间】407149 的第 34 个心跳包发送成功
[02:47:45 INF] 【直播间】23357926 的第 35 个心跳包发送成功
[02:47:46 INF] 【直播间】23040372 的第 35 个心跳包发送成功
[02:47:48 INF] 【直播间】31494 的第 35 个心跳包发送成功
[02:47:49 INF] 【直播间】4015781 的第 35 个心跳包发送成功
[02:47:50 INF] 【直播间】9619073 的第 35 个心跳包发送成功
[02:47:51 INF] 【直播间】407149 的第 35 个心跳包发送成功
[02:48:52 INF] 【直播间】23357926 的第 36 个心跳包发送成功
[02:48:53 INF] 【直播间】23040372 的第 36 个心跳包发送成功
[02:48:54 INF] 【直播间】31494 的第 36 个心跳包发送成功
[02:48:56 INF] 【直播间】4015781 的第 36 个心跳包发送成功
[02:48:57 INF] 【直播间】9619073 的第 36 个心跳包发送成功
[02:48:58 INF] 【直播间】407149 的第 36 个心跳包发送成功
[02:49:59 INF] 【直播间】23357926 的第 37 个心跳包发送成功
[02:50:00 INF] 【直播间】23040372 的第 37 个心跳包发送成功
[02:50:01 INF] 【直播间】31494 的第 37 个心跳包发送成功
[02:50:03 INF] 【直播间】4015781 的第 37 个心跳包发送成功
[02:50:04 INF] 【直播间】9619073 的第 37 个心跳包发送成功
[02:50:05 INF] 【直播间】407149 的第 37 个心跳包发送成功
[02:51:05 INF] 【直播间】23357926 的第 38 个心跳包发送成功
[02:51:06 INF] 【直播间】23040372 的第 38 个心跳包发送成功
[02:51:08 INF] 【直播间】31494 的第 38 个心跳包发送成功
[02:51:09 INF] 【直播间】4015781 的第 38 个心跳包发送成功
[02:51:10 INF] 【直播间】9619073 的第 38 个心跳包发送成功
[02:51:11 INF] 【直播间】407149 的第 38 个心跳包发送成功
[02:52:12 INF] 【直播间】23357926 的第 39 个心跳包发送成功
[02:52:13 INF] 【直播间】23040372 的第 39 个心跳包发送成功
[02:52:14 INF] 【直播间】31494 的第 39 个心跳包发送成功
[02:52:15 INF] 【直播间】4015781 的第 39 个心跳包发送成功
[02:52:17 INF] 【直播间】9619073 的第 39 个心跳包发送成功
[02:52:18 INF] 【直播间】407149 的第 39 个心跳包发送成功
[02:53:18 INF] 【直播间】23357926 的第 40 个心跳包发送成功
[02:53:19 INF] 【直播间】23040372 的第 40 个心跳包发送成功
[02:53:21 INF] 【直播间】31494 的第 40 个心跳包发送成功
[02:53:22 INF] 【直播间】4015781 的第 40 个心跳包发送成功
[02:53:23 INF] 【直播间】9619073 的第 40 个心跳包发送成功
[02:53:24 INF] 【直播间】407149 的第 40 个心跳包发送成功
[02:54:25 ERR] 【心跳包】直播间 23357926 发送失败
[02:54:25 ERR] 【原因】time check failed
[02:54:26 ERR] 【心跳包】直播间 23040372 发送失败
[02:54:26 ERR] 【原因】time check failed
[02:54:27 ERR] 【心跳包】直播间 31494 发送失败
[02:54:27 ERR] 【原因】time check failed
[02:54:29 ERR] 【心跳包】直播间 4015781 发送失败
[02:54:29 ERR] 【原因】time check failed
[02:54:30 ERR] 【心跳包】直播间 9619073 发送失败
[02:54:30 ERR] 【原因】time check failed
[02:54:31 ERR] 【心跳包】直播间 407149 发送失败
[02:54:31 ERR] 【原因】time check failed
[02:55:32 INF] 【直播间】23357926 的第 41 个心跳包发送成功
[02:55:33 INF] 【直播间】23040372 的第 41 个心跳包发送成功
[02:55:34 INF] 【直播间】31494 的第 41 个心跳包发送成功
[02:55:35 INF] 【直播间】4015781 的第 41 个心跳包发送成功
[02:55:37 INF] 【直播间】9619073 的第 41 个心跳包发送成功
[02:55:38 INF] 【直播间】407149 的第 41 个心跳包发送成功
[02:56:38 INF] 【直播间】23357926 的第 42 个心跳包发送成功
[02:56:40 INF] 【直播间】23040372 的第 42 个心跳包发送成功
[02:56:41 INF] 【直播间】31494 的第 42 个心跳包发送成功
[02:56:42 INF] 【直播间】4015781 的第 42 个心跳包发送成功
[02:56:43 INF] 【直播间】9619073 的第 42 个心跳包发送成功
[02:56:45 INF] 【直播间】407149 的第 42 个心跳包发送成功
[02:57:45 INF] 【直播间】23357926 的第 43 个心跳包发送成功
[02:57:46 INF] 【直播间】23040372 的第 43 个心跳包发送成功
[02:57:47 INF] 【直播间】31494 的第 43 个心跳包发送成功
[02:57:48 INF] 【直播间】4015781 的第 43 个心跳包发送成功
[02:57:50 INF] 【直播间】9619073 的第 43 个心跳包发送成功
[02:57:51 INF] 【直播间】407149 的第 43 个心跳包发送成功
[02:58:51 INF] 【直播间】23357926 的第 44 个心跳包发送成功
[02:58:52 INF] 【直播间】23040372 的第 44 个心跳包发送成功
[02:58:54 INF] 【直播间】31494 的第 44 个心跳包发送成功
[02:58:55 INF] 【直播间】4015781 的第 44 个心跳包发送成功
[02:58:56 INF] 【直播间】9619073 的第 44 个心跳包发送成功
[02:58:57 INF] 【直播间】407149 的第 44 个心跳包发送成功
[02:59:58 INF] 【直播间】23357926 的第 45 个心跳包发送成功
[02:59:59 INF] 【直播间】23040372 的第 45 个心跳包发送成功
[03:00:01 INF] 【直播间】31494 的第 45 个心跳包发送成功
[03:00:02 INF] 【直播间】4015781 的第 45 个心跳包发送成功
[03:00:03 INF] 【直播间】9619073 的第 45 个心跳包发送成功
[03:00:04 INF] 【直播间】407149 的第 45 个心跳包发送成功
[03:01:05 INF] 【直播间】23357926 的第 46 个心跳包发送成功
[03:01:06 INF] 【直播间】23040372 的第 46 个心跳包发送成功
[03:01:07 INF] 【直播间】31494 的第 46 个心跳包发送成功
[03:01:08 INF] 【直播间】4015781 的第 46 个心跳包发送成功
[03:01:10 INF] 【直播间】9619073 的第 46 个心跳包发送成功
[03:01:11 INF] 【直播间】407149 的第 46 个心跳包发送成功
[03:02:11 INF] 【直播间】23357926 的第 47 个心跳包发送成功
[03:02:12 INF] 【直播间】23040372 的第 47 个心跳包发送成功
[03:02:14 INF] 【直播间】31494 的第 47 个心跳包发送成功
[03:02:15 INF] 【直播间】4015781 的第 47 个心跳包发送成功
[03:02:16 INF] 【直播间】9619073 的第 47 个心跳包发送成功
[03:02:18 INF] 【直播间】407149 的第 47 个心跳包发送成功
[03:03:18 INF] 【直播间】23357926 的第 48 个心跳包发送成功
[03:03:19 INF] 【直播间】23040372 的第 48 个心跳包发送成功
[03:03:20 INF] 【直播间】31494 的第 48 个心跳包发送成功
[03:03:21 INF] 【直播间】4015781 的第 48 个心跳包发送成功
[03:03:23 INF] 【直播间】9619073 的第 48 个心跳包发送成功
[03:03:24 INF] 【直播间】407149 的第 48 个心跳包发送成功
[03:04:24 INF] 【直播间】23357926 的第 49 个心跳包发送成功
[03:04:25 INF] 【直播间】23040372 的第 49 个心跳包发送成功
[03:04:27 INF] 【直播间】31494 的第 49 个心跳包发送成功
[03:04:28 INF] 【直播间】4015781 的第 49 个心跳包发送成功
[03:04:29 INF] 【直播间】9619073 的第 49 个心跳包发送成功
[03:04:30 INF] 【直播间】407149 的第 49 个心跳包发送成功
[03:05:31 INF] 【直播间】23357926 的第 50 个心跳包发送成功
[03:05:32 INF] 【直播间】23040372 的第 50 个心跳包发送成功
[03:05:33 INF] 【直播间】31494 的第 50 个心跳包发送成功
[03:05:35 INF] 【直播间】4015781 的第 50 个心跳包发送成功
[03:05:36 INF] 【直播间】9619073 的第 50 个心跳包发送成功
[03:05:37 INF] 【直播间】407149 的第 50 个心跳包发送成功
[03:06:38 INF] 【直播间】23357926 的第 51 个心跳包发送成功
[03:06:39 INF] 【直播间】23040372 的第 51 个心跳包发送成功
[03:06:40 INF] 【直播间】31494 的第 51 个心跳包发送成功
[03:06:41 INF] 【直播间】4015781 的第 51 个心跳包发送成功
[03:06:43 INF] 【直播间】9619073 的第 51 个心跳包发送成功
[03:06:44 INF] 【直播间】407149 的第 51 个心跳包发送成功
[03:07:44 INF] 【直播间】23357926 的第 52 个心跳包发送成功
[03:07:45 INF] 【直播间】23040372 的第 52 个心跳包发送成功
[03:07:47 INF] 【直播间】31494 的第 52 个心跳包发送成功
[03:07:48 INF] 【直播间】4015781 的第 52 个心跳包发送成功
[03:07:49 INF] 【直播间】9619073 的第 52 个心跳包发送成功
[03:07:50 INF] 【直播间】407149 的第 52 个心跳包发送成功
[03:08:51 INF] 【直播间】23357926 的第 53 个心跳包发送成功
[03:08:52 INF] 【直播间】23040372 的第 53 个心跳包发送成功
[03:08:53 INF] 【直播间】31494 的第 53 个心跳包发送成功
[03:08:54 INF] 【直播间】4015781 的第 53 个心跳包发送成功
[03:08:56 INF] 【直播间】9619073 的第 53 个心跳包发送成功
[03:08:57 INF] 【直播间】407149 的第 53 个心跳包发送成功
[03:09:57 ERR] 【心跳包】直播间 23357926 发送失败
[03:09:57 ERR] 【原因】time check failed
[03:09:58 ERR] 【心跳包】直播间 23040372 发送失败
[03:09:58 ERR] 【原因】time check failed
[03:10:00 ERR] 【心跳包】直播间 31494 发送失败
[03:10:00 ERR] 【原因】time check failed
[03:10:01 ERR] 【心跳包】直播间 4015781 发送失败
[03:10:01 ERR] 【原因】time check failed
[03:10:02 ERR] 【心跳包】直播间 9619073 发送失败
[03:10:02 ERR] 【原因】time check failed
[03:10:03 ERR] 【心跳包】直播间 407149 发送失败
[03:10:03 ERR] 【原因】time check failed
[03:11:04 INF] 【直播间】23357926 的第 54 个心跳包发送成功
[03:11:05 INF] 【直播间】23040372 的第 54 个心跳包发送成功
[03:11:06 INF] 【直播间】31494 的第 54 个心跳包发送成功
[03:11:08 INF] 【直播间】4015781 的第 54 个心跳包发送成功
[03:11:09 INF] 【直播间】9619073 的第 54 个心跳包发送成功
[03:11:10 INF] 【直播间】407149 的第 54 个心跳包发送成功
[03:12:11 INF] 【直播间】23357926 的第 55 个心跳包发送成功
[03:12:12 INF] 【直播间】23040372 的第 55 个心跳包发送成功
[03:12:13 INF] 【直播间】31494 的第 55 个心跳包发送成功
[03:12:14 INF] 【直播间】4015781 的第 55 个心跳包发送成功
[03:12:16 INF] 【直播间】9619073 的第 55 个心跳包发送成功
[03:12:17 INF] 【直播间】407149 的第 55 个心跳包发送成功
[03:13:17 INF] 【直播间】23357926 的第 56 个心跳包发送成功
[03:13:18 INF] 【直播间】23040372 的第 56 个心跳包发送成功
[03:13:20 INF] 【直播间】31494 的第 56 个心跳包发送成功
[03:13:21 INF] 【直播间】4015781 的第 56 个心跳包发送成功
[03:13:22 INF] 【直播间】9619073 的第 56 个心跳包发送成功
[03:13:23 INF] 【直播间】407149 的第 56 个心跳包发送成功
[03:14:24 INF] 【直播间】23357926 的第 57 个心跳包发送成功
[03:14:25 INF] 【直播间】23040372 的第 57 个心跳包发送成功
[03:14:26 INF] 【直播间】31494 的第 57 个心跳包发送成功
[03:14:28 INF] 【直播间】4015781 的第 57 个心跳包发送成功
[03:14:29 INF] 【直播间】9619073 的第 57 个心跳包发送成功
[03:14:30 INF] 【直播间】407149 的第 57 个心跳包发送成功
[03:15:30 INF] 【直播间】23357926 的第 58 个心跳包发送成功
[03:15:32 INF] 【直播间】23040372 的第 58 个心跳包发送成功
[03:15:33 INF] 【直播间】31494 的第 58 个心跳包发送成功
[03:15:34 INF] 【直播间】4015781 的第 58 个心跳包发送成功
[03:15:35 INF] 【直播间】9619073 的第 58 个心跳包发送成功
[03:15:37 INF] 【直播间】407149 的第 58 个心跳包发送成功
[03:16:37 INF] 【直播间】23357926 的第 59 个心跳包发送成功
[03:16:38 INF] 【直播间】23040372 的第 59 个心跳包发送成功
[03:16:40 INF] 【直播间】31494 的第 59 个心跳包发送成功
[03:16:41 INF] 【直播间】4015781 的第 59 个心跳包发送成功
[03:16:42 INF] 【直播间】9619073 的第 59 个心跳包发送成功
[03:16:43 INF] 【直播间】407149 的第 59 个心跳包发送成功
[03:17:44 INF] 【直播间】23357926 的第 60 个心跳包发送成功
[03:17:45 INF] 【直播间】23040372 的第 60 个心跳包发送成功
[03:17:46 INF] 【直播间】31494 的第 60 个心跳包发送成功
[03:17:48 INF] 【直播间】4015781 的第 60 个心跳包发送成功
[03:17:49 INF] 【直播间】9619073 的第 60 个心跳包发送成功
[03:17:50 INF] 【直播间】407149 的第 60 个心跳包发送成功
[03:18:50 INF] 【直播间】23357926 的第 61 个心跳包发送成功
[03:18:52 INF] 【直播间】23040372 的第 61 个心跳包发送成功
[03:18:53 INF] 【直播间】31494 的第 61 个心跳包发送成功
[03:18:54 INF] 【直播间】4015781 的第 61 个心跳包发送成功
[03:18:56 INF] 【直播间】9619073 的第 61 个心跳包发送成功
[03:18:57 INF] 【直播间】407149 的第 61 个心跳包发送成功
[03:19:57 INF] 【直播间】23357926 的第 62 个心跳包发送成功
[03:19:58 INF] 【直播间】23040372 的第 62 个心跳包发送成功
[03:20:00 INF] 【直播间】31494 的第 62 个心跳包发送成功
[03:20:01 INF] 【直播间】4015781 的第 62 个心跳包发送成功
[03:20:02 INF] 【直播间】9619073 的第 62 个心跳包发送成功
[03:20:03 INF] 【直播间】407149 的第 62 个心跳包发送成功
[03:21:04 INF] 【直播间】23357926 的第 63 个心跳包发送成功
[03:21:05 INF] 【直播间】23040372 的第 63 个心跳包发送成功
[03:21:06 INF] 【直播间】31494 的第 63 个心跳包发送成功
[03:21:07 INF] 【直播间】4015781 的第 63 个心跳包发送成功
[03:21:09 INF] 【直播间】9619073 的第 63 个心跳包发送成功
[03:21:10 INF] 【直播间】407149 的第 63 个心跳包发送成功
[03:22:10 INF] 【直播间】23357926 的第 64 个心跳包发送成功
[03:22:12 INF] 【直播间】23040372 的第 64 个心跳包发送成功
[03:22:13 INF] 【直播间】31494 的第 64 个心跳包发送成功
[03:22:14 INF] 【直播间】4015781 的第 64 个心跳包发送成功
[03:22:15 INF] 【直播间】9619073 的第 64 个心跳包发送成功
[03:22:17 INF] 【直播间】407149 的第 64 个心跳包发送成功
[03:23:17 INF] 【直播间】23357926 的第 65 个心跳包发送成功
[03:23:18 INF] 【直播间】23040372 的第 65 个心跳包发送成功
[03:23:20 INF] 【直播间】31494 的第 65 个心跳包发送成功
[03:23:21 INF] 【直播间】4015781 的第 65 个心跳包发送成功
[03:23:22 INF] 【直播间】9619073 的第 65 个心跳包发送成功
[03:23:23 INF] 【直播间】407149 的第 65 个心跳包发送成功
[03:24:24 INF] 【直播间】23357926 的第 66 个心跳包发送成功
[03:24:25 INF] 【直播间】23040372 的第 66 个心跳包发送成功
[03:24:26 INF] 【直播间】31494 的第 66 个心跳包发送成功
[03:24:27 INF] 【直播间】4015781 的第 66 个心跳包发送成功
[03:24:29 INF] 【直播间】9619073 的第 66 个心跳包发送成功
[03:24:30 INF] 【直播间】407149 的第 66 个心跳包发送成功
[03:25:30 ERR] 【心跳包】直播间 23357926 发送失败
[03:25:30 ERR] 【原因】time check failed
[03:25:31 ERR] 【心跳包】直播间 23040372 发送失败
[03:25:31 ERR] 【原因】time check failed
[03:25:33 ERR] 【心跳包】直播间 31494 发送失败
[03:25:33 ERR] 【原因】time check failed
[03:25:34 ERR] 【心跳包】直播间 4015781 发送失败
[03:25:34 ERR] 【原因】time check failed
[03:25:35 ERR] 【心跳包】直播间 9619073 发送失败
[03:25:35 ERR] 【原因】time check failed
[03:25:36 ERR] 【心跳包】直播间 407149 发送失败
[03:25:36 ERR] 【原因】time check failed
[03:26:37 INF] 【直播间】23357926 的第 67 个心跳包发送成功
[03:26:38 INF] 【直播间】23040372 的第 67 个心跳包发送成功
[03:26:39 INF] 【直播间】31494 的第 67 个心跳包发送成功
[03:26:40 INF] 【直播间】4015781 的第 67 个心跳包发送成功
[03:26:42 INF] 【直播间】9619073 的第 67 个心跳包发送成功
[03:26:43 INF] 【直播间】407149 的第 67 个心跳包发送成功
[03:27:44 INF] 【直播间】23357926 的第 68 个心跳包发送成功
[03:27:45 INF] 【直播间】23040372 的第 68 个心跳包发送成功
[03:27:46 INF] 【直播间】31494 的第 68 个心跳包发送成功
[03:27:48 INF] 【直播间】4015781 的第 68 个心跳包发送成功
[03:27:49 INF] 【直播间】9619073 的第 68 个心跳包发送成功
[03:27:50 INF] 【直播间】407149 的第 68 个心跳包发送成功
[03:28:50 INF] 【直播间】23357926 的第 69 个心跳包发送成功
[03:28:51 INF] 【直播间】23040372 的第 69 个心跳包发送成功
[03:28:53 INF] 【直播间】31494 的第 69 个心跳包发送成功
[03:28:54 INF] 【直播间】4015781 的第 69 个心跳包发送成功
[03:28:55 INF] 【直播间】9619073 的第 69 个心跳包发送成功
[03:28:56 INF] 【直播间】407149 的第 69 个心跳包发送成功
[03:29:57 INF] 【直播间】23357926 的第 70 个心跳包发送成功
[03:29:58 INF] 【直播间】23040372 的第 70 个心跳包发送成功
[03:29:59 INF] 【直播间】31494 的第 70 个心跳包发送成功
[03:30:01 INF] 【直播间】4015781 的第 70 个心跳包发送成功
[03:30:02 INF] 【直播间】9619073 的第 70 个心跳包发送成功
[03:30:03 INF] 【直播间】407149 的第 70 个心跳包发送成功
[03:30:03 INF] 【直播观看时长】完成情况：6/6 
[03:30:03 INF] ---------结束---------

[03:30:03 INF] ==========结束==========

[03:30:03 INF] ######### 账号 3 #########

[03:30:03 INF] =====开始 直播间互动 =====

[03:30:03 INF] ---开始 发送弹幕 ---
[03:30:03 INF] 检测到直播 Cookie 未正确配置，尝试自动配置中...
[03:30:10 INF] 直播 Cookie 配置成功！
[03:30:10 INF] 【获取直播列表】获取拥有粉丝牌的直播列表
[03:30:13 INF] 【主播】苏打baka 
[03:30:30 INF] 【直播间】苏打baka
[03:30:30 INF] 【粉丝牌】碳酸钠
[03:30:30 INF] 正在发送弹幕...
[03:30:37 INF] -------结束-------

[03:30:37 INF] ---开始 点赞直播间 ---
[03:30:37 INF] 【获取直播列表】获取拥有粉丝牌的直播列表
[03:30:41 INF] 【主播】苏打baka 
[03:30:50 INF] 【弹幕发送】成功~，你和主播 苏打baka 的亲密值增加了100！
[03:30:58 INF] --------结束--------

[03:30:58 INF] ---开始 直播时长挂机 ---
[03:30:58 INF] 【获取直播列表】获取拥有粉丝牌的直播列表
[03:30:58 INF] 【点赞直播间】23040372 完成
[03:31:05 INF] 【主播】苏打baka 
[03:31:19 INF] 【直播间】23040372 的第 1 个心跳包发送成功
[03:32:26 INF] 【直播间】23040372 的第 2 个心跳包发送成功
[03:33:33 INF] 【直播间】23040372 的第 3 个心跳包发送成功
[03:34:39 INF] 【直播间】23040372 的第 4 个心跳包发送成功
[03:35:46 INF] 【直播间】23040372 的第 5 个心跳包发送成功
[03:36:52 INF] 【直播间】23040372 的第 6 个心跳包发送成功
[03:37:59 INF] 【直播间】23040372 的第 7 个心跳包发送成功
[03:39:06 INF] 【直播间】23040372 的第 8 个心跳包发送成功
[03:40:12 INF] 【直播间】23040372 的第 9 个心跳包发送成功
[03:41:19 INF] 【直播间】23040372 的第 10 个心跳包发送成功
[03:42:25 INF] 【直播间】23040372 的第 11 个心跳包发送成功
[03:43:32 INF] 【直播间】23040372 的第 12 个心跳包发送成功
[03:44:39 INF] 【直播间】23040372 的第 13 个心跳包发送成功
[03:45:45 INF] 【直播间】23040372 的第 14 个心跳包发送成功
[03:46:52 ERR] 【心跳包】直播间 23040372 发送失败
[03:46:52 ERR] 【原因】time check failed
[03:47:58 INF] 【直播间】23040372 的第 15 个心跳包发送成功
[03:49:05 INF] 【直播间】23040372 的第 16 个心跳包发送成功
[03:50:12 INF] 【直播间】23040372 的第 17 个心跳包发送成功
[03:51:19 INF] 【直播间】23040372 的第 18 个心跳包发送成功
[03:52:25 INF] 【直播间】23040372 的第 19 个心跳包发送成功
[03:53:32 INF] 【直播间】23040372 的第 20 个心跳包发送成功
[03:54:38 INF] 【直播间】23040372 的第 21 个心跳包发送成功
[03:55:45 INF] 【直播间】23040372 的第 22 个心跳包发送成功
[03:56:51 INF] 【直播间】23040372 的第 23 个心跳包发送成功
[03:57:58 INF] 【直播间】23040372 的第 24 个心跳包发送成功
[03:59:05 INF] 【直播间】23040372 的第 25 个心跳包发送成功
[04:00:11 INF] 【直播间】23040372 的第 26 个心跳包发送成功
[04:01:18 INF] 【直播间】23040372 的第 27 个心跳包发送成功
[04:02:25 ERR] 【心跳包】直播间 23040372 发送失败
[04:02:25 ERR] 【原因】time check failed
[04:03:31 INF] 【直播间】23040372 的第 28 个心跳包发送成功
[04:04:38 INF] 【直播间】23040372 的第 29 个心跳包发送成功
[04:05:44 INF] 【直播间】23040372 的第 30 个心跳包发送成功
[04:06:51 INF] 【直播间】23040372 的第 31 个心跳包发送成功
[04:07:58 INF] 【直播间】23040372 的第 32 个心跳包发送成功
[04:09:05 INF] 【直播间】23040372 的第 33 个心跳包发送成功
[04:10:11 INF] 【直播间】23040372 的第 34 个心跳包发送成功
[04:11:18 INF] 【直播间】23040372 的第 35 个心跳包发送成功
[04:12:24 INF] 【直播间】23040372 的第 36 个心跳包发送成功
[04:13:31 INF] 【直播间】23040372 的第 37 个心跳包发送成功
[04:14:38 INF] 【直播间】23040372 的第 38 个心跳包发送成功
[04:15:44 INF] 【直播间】23040372 的第 39 个心跳包发送成功
[04:16:51 INF] 【直播间】23040372 的第 40 个心跳包发送成功
[04:17:58 ERR] 【心跳包】直播间 23040372 发送失败
[04:17:58 ERR] 【原因】time check failed
[04:19:04 INF] 【直播间】23040372 的第 41 个心跳包发送成功
[04:20:11 INF] 【直播间】23040372 的第 42 个心跳包发送成功
[04:21:18 INF] 【直播间】23040372 的第 43 个心跳包发送成功
[04:22:24 INF] 【直播间】23040372 的第 44 个心跳包发送成功
[04:23:31 INF] 【直播间】23040372 的第 45 个心跳包发送成功
[04:24:37 INF] 【直播间】23040372 的第 46 个心跳包发送成功
[04:25:44 INF] 【直播间】23040372 的第 47 个心跳包发送成功
[04:26:51 INF] 【直播间】23040372 的第 48 个心跳包发送成功
[04:27:57 INF] 【直播间】23040372 的第 49 个心跳包发送成功
[04:29:04 INF] 【直播间】23040372 的第 50 个心跳包发送成功
[04:30:11 INF] 【直播间】23040372 的第 51 个心跳包发送成功
[04:31:17 INF] 【直播间】23040372 的第 52 个心跳包发送成功
[04:32:24 INF] 【直播间】23040372 的第 53 个心跳包发送成功
[04:33:30 ERR] 【心跳包】直播间 23040372 发送失败
[04:33:30 ERR] 【原因】time check failed
[04:34:37 INF] 【直播间】23040372 的第 54 个心跳包发送成功
[04:35:43 INF] 【直播间】23040372 的第 55 个心跳包发送成功
[04:36:50 INF] 【直播间】23040372 的第 56 个心跳包发送成功
[04:37:56 INF] 【直播间】23040372 的第 57 个心跳包发送成功
[04:39:03 INF] 【直播间】23040372 的第 58 个心跳包发送成功
[04:40:10 INF] 【直播间】23040372 的第 59 个心跳包发送成功
[04:41:17 INF] 【直播间】23040372 的第 60 个心跳包发送成功
[04:42:23 INF] 【直播间】23040372 的第 61 个心跳包发送成功
[04:43:30 INF] 【直播间】23040372 的第 62 个心跳包发送成功
[04:44:36 INF] 【直播间】23040372 的第 63 个心跳包发送成功
[04:45:43 INF] 【直播间】23040372 的第 64 个心跳包发送成功
[04:46:50 INF] 【直播间】23040372 的第 65 个心跳包发送成功
[04:47:56 INF] 【直播间】23040372 的第 66 个心跳包发送成功
[04:49:03 ERR] 【心跳包】直播间 23040372 发送失败
[04:49:03 ERR] 【原因】time check failed
[04:50:09 INF] 【直播间】23040372 的第 67 个心跳包发送成功
[04:51:16 INF] 【直播间】23040372 的第 68 个心跳包发送成功
[04:52:22 INF] 【直播间】23040372 的第 69 个心跳包发送成功
[04:53:29 INF] 【直播间】23040372 的第 70 个心跳包发送成功
[04:53:29 INF] 【直播观看时长】完成情况：1/1 
[04:53:29 INF] ---------结束---------

[04:53:29 INF] ==========结束==========

[04:53:29 INF] 

========================

 v2.0.1 开源 by https://github.com/RayWangQvQ/BiliBiliToolPro

[04:53:29 INF] ·开始推送·LiveFansMedal任务·
2023-06-25T20:53:29.5102633Z 开始推送到:自定义
2023-06-25T20:53:48.3733537Z Response status: OK.
2023-06-25T20:53:48.3733960Z Response content: {"message":"发送群组消息子通道 pushplus 失败：Post \"https://www.pushplus.plus/send\": net/http: TLS handshake timeout\n","success":false}.

[04:53:48 INF] 运行环境：Development
[04:53:48 INF] 应用目录：/home/runner/work/BiliBiliToolPro/BiliBiliToolPro/src/Ray.BiliBiliTool.Console/bin/Debug/net6.0/

[04:53:48 INF] 运行结束
