----------- ip 信息 ---------
{
  "ip": "104.28.216.157",
  "city": "Des Moines",
  "region": "Iowa",
  "country": "US",
  "loc": "41.6005,-93.6091",
  "org": "AS13335 Cloudflare, Inc.",
  "postal": "50307",
  "timezone": "America/Chicago",
  "readme": "https://ipinfo.io/missingauth"
} ---------- end ------------
  ____               ____    _   _____           _  
 |  _ \ __ _ _   _  | __ ) _| |_|_   _|__   ___ | | 
 | |_) / _` | | | | |  _ \(_) (_) | |/ _ \ / _ \| | 
 |  _ < (_| | |_| | | |_) | | | | | | (_) | (_) | | 
 |_| \_\__,_|\__, | |____/|_|_|_| |_|\___/ \___/|_| 
             |___/                                  

[00:30:25 INF] BiliBiliToolPro 开始运行...

[00:30:25 INF] 【账号个数】3个

[00:30:25 INF] 随机休眠1分钟

[00:31:25 INF] 【目标任务】LiveFansMedal
[00:31:25 INF] ######### 账号 1 #########

[00:31:25 INF] =====开始 直播间互动 =====

[00:31:25 INF] ---开始 发送弹幕 ---
[00:31:25 INF] 检测到直播 Cookie 未正确配置，尝试自动配置中...
[00:31:30 INF] 直播 Cookie 配置成功！
[00:31:30 INF] 【获取直播列表】获取拥有粉丝牌的直播列表
[00:31:36 INF] 【主播】Mark陌枫 
[00:31:46 INF] 【主播】KL_qiqi_ 
[00:31:57 INF] 【主播】苏打baka 
[00:32:07 INF] 【直播间】Mark陌枫
[00:32:07 INF] 【粉丝牌】馬楓
[00:32:07 INF] 正在发送弹幕...
[00:32:13 INF] 【直播间】KL_qiqi_
[00:32:13 INF] 【粉丝牌】qiqisb
[00:32:13 INF] 正在发送弹幕...
[00:32:17 INF] 【直播间】苏打baka
[00:32:17 INF] 【粉丝牌】碳酸钠
[00:32:17 INF] 正在发送弹幕...
[00:32:21 INF] 【弹幕发送】成功~，你和主播 KL_qiqi_ 的亲密值增加了100！
[00:32:21 ERR] 【弹幕发送】失败
[00:32:21 ERR] 【原因】您发送弹幕的频率过快
[00:32:24 INF] -------结束-------

[00:32:24 INF] ---开始 点赞直播间 ---
[00:32:24 INF] 【获取直播列表】获取拥有粉丝牌的直播列表
[00:32:30 INF] 【主播】Mark陌枫 
[00:32:31 INF] 【弹幕发送】成功~，你和主播 苏打baka 的亲密值增加了100！
[00:32:41 INF] 【主播】KL_qiqi_ 
[00:32:53 INF] 【主播】苏打baka 
[00:33:08 INF] 【点赞直播间】23357926 完成
[00:33:12 INF] 【点赞直播间】407149 完成
[00:33:14 INF] --------结束--------

[00:33:14 INF] ---开始 直播时长挂机 ---
[00:33:14 INF] 【获取直播列表】获取拥有粉丝牌的直播列表
[00:33:15 INF] 【点赞直播间】23040372 完成
[00:33:22 INF] 【主播】Mark陌枫 
[00:33:31 INF] 【主播】KL_qiqi_ 
[00:33:41 INF] 【主播】苏打baka 
[00:33:51 INF] 【直播间】23357926 的第 1 个心跳包发送成功
[00:33:52 INF] 【直播间】407149 的第 1 个心跳包发送成功
[00:33:54 INF] 【直播间】23040372 的第 1 个心跳包发送成功
[00:34:58 INF] 【直播间】23357926 的第 2 个心跳包发送成功
[00:34:59 INF] 【直播间】407149 的第 2 个心跳包发送成功
[00:35:00 INF] 【直播间】23040372 的第 2 个心跳包发送成功
[00:36:04 INF] 【直播间】23357926 的第 3 个心跳包发送成功
[00:36:05 INF] 【直播间】407149 的第 3 个心跳包发送成功
[00:36:07 INF] 【直播间】23040372 的第 3 个心跳包发送成功
[00:37:11 INF] 【直播间】23357926 的第 4 个心跳包发送成功
[00:37:12 INF] 【直播间】407149 的第 4 个心跳包发送成功
[00:37:14 INF] 【直播间】23040372 的第 4 个心跳包发送成功
[00:38:18 INF] 【直播间】23357926 的第 5 个心跳包发送成功
[00:38:19 INF] 【直播间】407149 的第 5 个心跳包发送成功
[00:38:20 INF] 【直播间】23040372 的第 5 个心跳包发送成功
[00:39:24 INF] 【直播间】23357926 的第 6 个心跳包发送成功
[00:39:25 INF] 【直播间】407149 的第 6 个心跳包发送成功
[00:39:27 INF] 【直播间】23040372 的第 6 个心跳包发送成功
[00:40:31 INF] 【直播间】23357926 的第 7 个心跳包发送成功
[00:40:32 INF] 【直播间】407149 的第 7 个心跳包发送成功
[00:40:33 INF] 【直播间】23040372 的第 7 个心跳包发送成功
[00:41:37 INF] 【直播间】23357926 的第 8 个心跳包发送成功
[00:41:38 INF] 【直播间】407149 的第 8 个心跳包发送成功
[00:41:40 INF] 【直播间】23040372 的第 8 个心跳包发送成功
[00:42:44 INF] 【直播间】23357926 的第 9 个心跳包发送成功
[00:42:45 INF] 【直播间】407149 的第 9 个心跳包发送成功
[00:42:47 INF] 【直播间】23040372 的第 9 个心跳包发送成功
[00:43:51 INF] 【直播间】23357926 的第 10 个心跳包发送成功
[00:43:52 INF] 【直播间】407149 的第 10 个心跳包发送成功
[00:43:53 INF] 【直播间】23040372 的第 10 个心跳包发送成功
[00:44:57 INF] 【直播间】23357926 的第 11 个心跳包发送成功
[00:44:58 INF] 【直播间】407149 的第 11 个心跳包发送成功
[00:45:00 INF] 【直播间】23040372 的第 11 个心跳包发送成功
[00:46:04 INF] 【直播间】23357926 的第 12 个心跳包发送成功
[00:46:05 INF] 【直播间】407149 的第 12 个心跳包发送成功
[00:46:06 INF] 【直播间】23040372 的第 12 个心跳包发送成功
[00:47:10 INF] 【直播间】23357926 的第 13 个心跳包发送成功
[00:47:11 INF] 【直播间】407149 的第 13 个心跳包发送成功
[00:47:13 INF] 【直播间】23040372 的第 13 个心跳包发送成功
[00:48:17 INF] 【直播间】23357926 的第 14 个心跳包发送成功
[00:48:18 INF] 【直播间】407149 的第 14 个心跳包发送成功
[00:48:19 INF] 【直播间】23040372 的第 14 个心跳包发送成功
[00:49:23 ERR] 【心跳包】直播间 23357926 发送失败
[00:49:23 ERR] 【原因】time check failed
[00:49:24 ERR] 【心跳包】直播间 407149 发送失败
[00:49:24 ERR] 【原因】time check failed
[00:49:26 ERR] 【心跳包】直播间 23040372 发送失败
[00:49:26 ERR] 【原因】time check failed
[00:50:30 INF] 【直播间】23357926 的第 15 个心跳包发送成功
[00:50:31 INF] 【直播间】407149 的第 15 个心跳包发送成功
[00:50:33 INF] 【直播间】23040372 的第 15 个心跳包发送成功
[00:51:37 INF] 【直播间】23357926 的第 16 个心跳包发送成功
[00:51:38 INF] 【直播间】407149 的第 16 个心跳包发送成功
[00:51:39 INF] 【直播间】23040372 的第 16 个心跳包发送成功
[00:52:44 INF] 【直播间】23357926 的第 17 个心跳包发送成功
[00:52:45 INF] 【直播间】407149 的第 17 个心跳包发送成功
[00:52:46 INF] 【直播间】23040372 的第 17 个心跳包发送成功
[00:53:50 INF] 【直播间】23357926 的第 18 个心跳包发送成功
[00:53:52 INF] 【直播间】407149 的第 18 个心跳包发送成功
[00:53:53 INF] 【直播间】23040372 的第 18 个心跳包发送成功
[00:54:57 INF] 【直播间】23357926 的第 19 个心跳包发送成功
[00:54:58 INF] 【直播间】407149 的第 19 个心跳包发送成功
[00:54:59 INF] 【直播间】23040372 的第 19 个心跳包发送成功
[00:56:03 INF] 【直播间】23357926 的第 20 个心跳包发送成功
[00:56:05 INF] 【直播间】407149 的第 20 个心跳包发送成功
[00:56:06 INF] 【直播间】23040372 的第 20 个心跳包发送成功
[00:57:10 INF] 【直播间】23357926 的第 21 个心跳包发送成功
[00:57:11 INF] 【直播间】407149 的第 21 个心跳包发送成功
[00:57:12 INF] 【直播间】23040372 的第 21 个心跳包发送成功
[00:58:16 INF] 【直播间】23357926 的第 22 个心跳包发送成功
[00:58:18 INF] 【直播间】407149 的第 22 个心跳包发送成功
[00:58:19 INF] 【直播间】23040372 的第 22 个心跳包发送成功
[00:59:23 INF] 【直播间】23357926 的第 23 个心跳包发送成功
[00:59:24 INF] 【直播间】407149 的第 23 个心跳包发送成功
[00:59:26 INF] 【直播间】23040372 的第 23 个心跳包发送成功
[01:00:29 INF] 【直播间】23357926 的第 24 个心跳包发送成功
[01:00:31 INF] 【直播间】407149 的第 24 个心跳包发送成功
[01:00:32 INF] 【直播间】23040372 的第 24 个心跳包发送成功
[01:01:36 INF] 【直播间】23357926 的第 25 个心跳包发送成功
[01:01:37 INF] 【直播间】407149 的第 25 个心跳包发送成功
[01:01:38 INF] 【直播间】23040372 的第 25 个心跳包发送成功
[01:02:42 INF] 【直播间】23357926 的第 26 个心跳包发送成功
[01:02:44 INF] 【直播间】407149 的第 26 个心跳包发送成功
[01:02:45 INF] 【直播间】23040372 的第 26 个心跳包发送成功
[01:03:49 INF] 【直播间】23357926 的第 27 个心跳包发送成功
[01:03:50 INF] 【直播间】407149 的第 27 个心跳包发送成功
[01:03:52 INF] 【直播间】23040372 的第 27 个心跳包发送成功
[01:04:56 ERR] 【心跳包】直播间 23357926 发送失败
[01:04:56 ERR] 【原因】time check failed
[01:04:57 ERR] 【心跳包】直播间 407149 发送失败
[01:04:57 ERR] 【原因】time check failed
[01:04:58 ERR] 【心跳包】直播间 23040372 发送失败
[01:04:58 ERR] 【原因】time check failed
[01:06:03 INF] 【直播间】23357926 的第 28 个心跳包发送成功
[01:06:04 INF] 【直播间】407149 的第 28 个心跳包发送成功
[01:06:05 INF] 【直播间】23040372 的第 28 个心跳包发送成功
[01:07:09 INF] 【直播间】23357926 的第 29 个心跳包发送成功
[01:07:10 INF] 【直播间】407149 的第 29 个心跳包发送成功
[01:07:11 INF] 【直播间】23040372 的第 29 个心跳包发送成功
[01:08:15 INF] 【直播间】23357926 的第 30 个心跳包发送成功
[01:08:17 INF] 【直播间】407149 的第 30 个心跳包发送成功
[01:08:18 INF] 【直播间】23040372 的第 30 个心跳包发送成功
[01:09:22 INF] 【直播间】23357926 的第 31 个心跳包发送成功
[01:09:23 INF] 【直播间】407149 的第 31 个心跳包发送成功
[01:09:25 INF] 【直播间】23040372 的第 31 个心跳包发送成功
[01:10:29 INF] 【直播间】23357926 的第 32 个心跳包发送成功
[01:10:30 INF] 【直播间】407149 的第 32 个心跳包发送成功
[01:10:31 INF] 【直播间】23040372 的第 32 个心跳包发送成功
[01:11:35 INF] 【直播间】23357926 的第 33 个心跳包发送成功
[01:11:36 INF] 【直播间】407149 的第 33 个心跳包发送成功
[01:11:38 INF] 【直播间】23040372 的第 33 个心跳包发送成功
[01:12:42 INF] 【直播间】23357926 的第 34 个心跳包发送成功
[01:12:43 INF] 【直播间】407149 的第 34 个心跳包发送成功
[01:12:44 INF] 【直播间】23040372 的第 34 个心跳包发送成功
[01:13:48 INF] 【直播间】23357926 的第 35 个心跳包发送成功
[01:13:50 INF] 【直播间】407149 的第 35 个心跳包发送成功
[01:13:51 INF] 【直播间】23040372 的第 35 个心跳包发送成功
[01:14:55 INF] 【直播间】23357926 的第 36 个心跳包发送成功
[01:14:56 INF] 【直播间】407149 的第 36 个心跳包发送成功
[01:14:58 INF] 【直播间】23040372 的第 36 个心跳包发送成功
[01:16:02 INF] 【直播间】23357926 的第 37 个心跳包发送成功
[01:16:03 INF] 【直播间】407149 的第 37 个心跳包发送成功
[01:16:04 INF] 【直播间】23040372 的第 37 个心跳包发送成功
[01:17:08 INF] 【直播间】23357926 的第 38 个心跳包发送成功
[01:17:10 INF] 【直播间】407149 的第 38 个心跳包发送成功
[01:17:11 INF] 【直播间】23040372 的第 38 个心跳包发送成功
[01:18:15 INF] 【直播间】23357926 的第 39 个心跳包发送成功
[01:18:16 INF] 【直播间】407149 的第 39 个心跳包发送成功
[01:18:17 INF] 【直播间】23040372 的第 39 个心跳包发送成功
[01:19:21 INF] 【直播间】23357926 的第 40 个心跳包发送成功
[01:19:23 INF] 【直播间】407149 的第 40 个心跳包发送成功
[01:19:24 INF] 【直播间】23040372 的第 40 个心跳包发送成功
[01:20:28 ERR] 【心跳包】直播间 23357926 发送失败
[01:20:28 ERR] 【原因】time check failed
[01:20:29 ERR] 【心跳包】直播间 407149 发送失败
[01:20:29 ERR] 【原因】time check failed
[01:20:30 ERR] 【心跳包】直播间 23040372 发送失败
[01:20:30 ERR] 【原因】time check failed
[01:21:35 INF] 【直播间】23357926 的第 41 个心跳包发送成功
[01:21:36 INF] 【直播间】407149 的第 41 个心跳包发送成功
[01:21:37 INF] 【直播间】23040372 的第 41 个心跳包发送成功
[01:22:41 INF] 【直播间】23357926 的第 42 个心跳包发送成功
[01:22:42 INF] 【直播间】407149 的第 42 个心跳包发送成功
[01:22:44 INF] 【直播间】23040372 的第 42 个心跳包发送成功
[01:23:48 INF] 【直播间】23357926 的第 43 个心跳包发送成功
[01:23:49 INF] 【直播间】407149 的第 43 个心跳包发送成功
[01:23:50 INF] 【直播间】23040372 的第 43 个心跳包发送成功
[01:24:54 INF] 【直播间】23357926 的第 44 个心跳包发送成功
[01:24:55 INF] 【直播间】407149 的第 44 个心跳包发送成功
[01:24:57 INF] 【直播间】23040372 的第 44 个心跳包发送成功
[01:26:01 INF] 【直播间】23357926 的第 45 个心跳包发送成功
[01:26:02 INF] 【直播间】407149 的第 45 个心跳包发送成功
[01:26:03 INF] 【直播间】23040372 的第 45 个心跳包发送成功
[01:27:08 INF] 【直播间】23357926 的第 46 个心跳包发送成功
[01:27:09 INF] 【直播间】407149 的第 46 个心跳包发送成功
[01:27:10 INF] 【直播间】23040372 的第 46 个心跳包发送成功
[01:28:14 INF] 【直播间】23357926 的第 47 个心跳包发送成功
[01:28:15 INF] 【直播间】407149 的第 47 个心跳包发送成功
[01:28:17 INF] 【直播间】23040372 的第 47 个心跳包发送成功
[01:29:21 INF] 【直播间】23357926 的第 48 个心跳包发送成功
[01:29:22 INF] 【直播间】407149 的第 48 个心跳包发送成功
[01:29:23 INF] 【直播间】23040372 的第 48 个心跳包发送成功
[01:30:27 INF] 【直播间】23357926 的第 49 个心跳包发送成功
[01:30:29 INF] 【直播间】407149 的第 49 个心跳包发送成功
[01:30:30 INF] 【直播间】23040372 的第 49 个心跳包发送成功
[01:31:34 INF] 【直播间】23357926 的第 50 个心跳包发送成功
[01:31:35 INF] 【直播间】407149 的第 50 个心跳包发送成功
[01:31:37 INF] 【直播间】23040372 的第 50 个心跳包发送成功
[01:32:41 INF] 【直播间】23357926 的第 51 个心跳包发送成功
[01:32:42 INF] 【直播间】407149 的第 51 个心跳包发送成功
[01:32:43 INF] 【直播间】23040372 的第 51 个心跳包发送成功
[01:33:48 INF] 【直播间】23357926 的第 52 个心跳包发送成功
[01:33:49 INF] 【直播间】407149 的第 52 个心跳包发送成功
[01:33:50 INF] 【直播间】23040372 的第 52 个心跳包发送成功
[01:34:54 INF] 【直播间】23357926 的第 53 个心跳包发送成功
[01:34:55 INF] 【直播间】407149 的第 53 个心跳包发送成功
[01:34:56 INF] 【直播间】23040372 的第 53 个心跳包发送成功
[01:36:01 ERR] 【心跳包】直播间 23357926 发送失败
[01:36:01 ERR] 【原因】time check failed
[01:36:02 ERR] 【心跳包】直播间 407149 发送失败
[01:36:02 ERR] 【原因】time check failed
[01:36:03 ERR] 【心跳包】直播间 23040372 发送失败
[01:36:03 ERR] 【原因】time check failed
[01:37:07 INF] 【直播间】23357926 的第 54 个心跳包发送成功
[01:37:09 INF] 【直播间】407149 的第 54 个心跳包发送成功
[01:37:10 INF] 【直播间】23040372 的第 54 个心跳包发送成功
[01:38:14 INF] 【直播间】23357926 的第 55 个心跳包发送成功
[01:38:15 INF] 【直播间】407149 的第 55 个心跳包发送成功
[01:38:16 INF] 【直播间】23040372 的第 55 个心跳包发送成功
[01:39:21 INF] 【直播间】23357926 的第 56 个心跳包发送成功
[01:39:22 INF] 【直播间】407149 的第 56 个心跳包发送成功
[01:39:23 INF] 【直播间】23040372 的第 56 个心跳包发送成功
[01:40:27 INF] 【直播间】23357926 的第 57 个心跳包发送成功
[01:40:28 INF] 【直播间】407149 的第 57 个心跳包发送成功
[01:40:30 INF] 【直播间】23040372 的第 57 个心跳包发送成功
[01:41:34 INF] 【直播间】23357926 的第 58 个心跳包发送成功
[01:41:35 INF] 【直播间】407149 的第 58 个心跳包发送成功
[01:41:36 INF] 【直播间】23040372 的第 58 个心跳包发送成功
[01:42:40 INF] 【直播间】23357926 的第 59 个心跳包发送成功
[01:42:42 INF] 【直播间】407149 的第 59 个心跳包发送成功
[01:42:43 INF] 【直播间】23040372 的第 59 个心跳包发送成功
[01:43:47 INF] 【直播间】23357926 的第 60 个心跳包发送成功
[01:43:48 INF] 【直播间】407149 的第 60 个心跳包发送成功
[01:43:49 INF] 【直播间】23040372 的第 60 个心跳包发送成功
[01:44:54 INF] 【直播间】23357926 的第 61 个心跳包发送成功
[01:44:55 INF] 【直播间】407149 的第 61 个心跳包发送成功
[01:44:56 INF] 【直播间】23040372 的第 61 个心跳包发送成功
[01:46:00 INF] 【直播间】23357926 的第 62 个心跳包发送成功
[01:46:01 INF] 【直播间】407149 的第 62 个心跳包发送成功
[01:46:03 INF] 【直播间】23040372 的第 62 个心跳包发送成功
[01:47:07 INF] 【直播间】23357926 的第 63 个心跳包发送成功
[01:47:08 INF] 【直播间】407149 的第 63 个心跳包发送成功
[01:47:09 INF] 【直播间】23040372 的第 63 个心跳包发送成功
[01:48:14 INF] 【直播间】23357926 的第 64 个心跳包发送成功
[01:48:15 INF] 【直播间】407149 的第 64 个心跳包发送成功
[01:48:16 INF] 【直播间】23040372 的第 64 个心跳包发送成功
[01:49:20 INF] 【直播间】23357926 的第 65 个心跳包发送成功
[01:49:22 INF] 【直播间】407149 的第 65 个心跳包发送成功
[01:49:23 INF] 【直播间】23040372 的第 65 个心跳包发送成功
[01:50:27 INF] 【直播间】23357926 的第 66 个心跳包发送成功
[01:50:29 INF] 【直播间】407149 的第 66 个心跳包发送成功
[01:50:30 INF] 【直播间】23040372 的第 66 个心跳包发送成功
[01:51:34 ERR] 【心跳包】直播间 23357926 发送失败
[01:51:34 ERR] 【原因】time check failed
[01:51:35 ERR] 【心跳包】直播间 407149 发送失败
[01:51:35 ERR] 【原因】time check failed
[01:51:36 ERR] 【心跳包】直播间 23040372 发送失败
[01:51:36 ERR] 【原因】time check failed
[01:52:40 INF] 【直播间】23357926 的第 67 个心跳包发送成功
[01:52:41 INF] 【直播间】407149 的第 67 个心跳包发送成功
[01:52:43 INF] 【直播间】23040372 的第 67 个心跳包发送成功
[01:53:47 INF] 【直播间】23357926 的第 68 个心跳包发送成功
[01:53:48 INF] 【直播间】407149 的第 68 个心跳包发送成功
[01:53:49 INF] 【直播间】23040372 的第 68 个心跳包发送成功
[01:54:53 INF] 【直播间】23357926 的第 69 个心跳包发送成功
[01:54:55 INF] 【直播间】407149 的第 69 个心跳包发送成功
[01:54:56 INF] 【直播间】23040372 的第 69 个心跳包发送成功
[01:56:00 INF] 【直播间】23357926 的第 70 个心跳包发送成功
[01:56:01 INF] 【直播间】407149 的第 70 个心跳包发送成功
[01:56:03 INF] 【直播间】23040372 的第 70 个心跳包发送成功
[01:56:03 INF] 【直播观看时长】完成情况：3/3 
[01:56:03 INF] ---------结束---------

[01:56:03 INF] ==========结束==========

[01:56:03 INF] ######### 账号 2 #########

[01:56:03 INF] =====开始 直播间互动 =====

[01:56:03 INF] ---开始 发送弹幕 ---
[01:56:03 INF] 检测到直播 Cookie 未正确配置，尝试自动配置中...
[01:56:08 INF] 直播 Cookie 配置成功！
[01:56:08 INF] 【获取直播列表】获取拥有粉丝牌的直播列表
[01:56:15 INF] 【主播】Mark陌枫 
[01:56:23 INF] 【主播】苏打baka 
[01:56:33 INF] 【主播】贪玩的小毅 
[01:56:43 INF] 【主播】陈抱一 
[01:56:54 INF] 【主播】KL_qiqi_ 
[01:57:07 INF] 【主播】特别中二的q3君 
[01:57:17 INF] 【直播间】Mark陌枫
[01:57:17 INF] 【粉丝牌】馬楓
[01:57:17 INF] 正在发送弹幕...
[01:57:21 INF] 【直播间】苏打baka
[01:57:21 INF] 【粉丝牌】碳酸钠
[01:57:21 INF] 正在发送弹幕...
[01:57:25 INF] 【直播间】贪玩的小毅
[01:57:25 INF] 【粉丝牌】大大毅
[01:57:25 INF] 正在发送弹幕...
[01:57:28 INF] 【弹幕发送】成功~，你和主播 Mark陌枫 的亲密值增加了100！
[01:57:28 INF] 【直播间】陈抱一
[01:57:28 INF] 【粉丝牌】陈抱一
[01:57:28 INF] 正在发送弹幕...
[01:57:32 INF] 【弹幕发送】成功~，你和主播 苏打baka 的亲密值增加了100！
[01:57:32 ERR] 【弹幕发送】失败
[01:57:32 ERR] 【原因】您发送弹幕的频率过快
[01:57:34 INF] 【直播间】KL_qiqi_
[01:57:34 INF] 【粉丝牌】qiqisb
[01:57:34 INF] 正在发送弹幕...
[01:57:38 INF] 【弹幕发送】成功~，你和主播 陈抱一 的亲密值增加了100！
[01:57:39 INF] 【直播间】特别中二的q3君
[01:57:39 INF] 【粉丝牌】q3GG
[01:57:39 INF] 正在发送弹幕...
[01:57:43 INF] 【弹幕发送】成功~，你和主播 KL_qiqi_ 的亲密值增加了100！
[01:57:44 INF] -------结束-------

[01:57:44 INF] ---开始 点赞直播间 ---
[01:57:44 INF] 【获取直播列表】获取拥有粉丝牌的直播列表
[01:57:48 INF] 【主播】Mark陌枫 
[01:57:48 INF] 【弹幕发送】成功~，你和主播 特别中二的q3君 的亲密值增加了100！
[01:58:02 INF] 【主播】苏打baka 
[01:58:11 INF] 【主播】陈抱一 
[01:58:22 INF] 【主播】贪玩的小毅 
[01:58:34 INF] 【主播】KL_qiqi_ 
[01:58:41 INF] 【主播】特别中二的q3君 
[01:58:56 INF] 【点赞直播间】23357926 完成
[01:59:02 INF] 【点赞直播间】23040372 完成
[01:59:07 INF] 【点赞直播间】4015781 完成
[01:59:11 INF] 【点赞直播间】9619073 完成
[01:59:15 INF] 【点赞直播间】407149 完成
[01:59:20 INF] --------结束--------

[01:59:20 INF] ---开始 直播时长挂机 ---
[01:59:20 INF] 【获取直播列表】获取拥有粉丝牌的直播列表
[01:59:21 INF] 【点赞直播间】31494 完成
[01:59:27 INF] 【主播】Mark陌枫 
[01:59:39 INF] 【主播】苏打baka 
[01:59:48 INF] 【主播】陈抱一 
[01:59:57 INF] 【主播】KL_qiqi_ 
[02:00:07 INF] 【主播】贪玩的小毅 
[02:00:18 INF] 【主播】特别中二的q3君 
[02:00:34 INF] 【直播间】23357926 的第 1 个心跳包发送成功
[02:00:35 INF] 【直播间】23040372 的第 1 个心跳包发送成功
[02:00:36 INF] 【直播间】4015781 的第 1 个心跳包发送成功
[02:00:37 INF] 【直播间】407149 的第 1 个心跳包发送成功
[02:00:39 INF] 【直播间】9619073 的第 1 个心跳包发送成功
[02:00:40 INF] 【直播间】31494 的第 1 个心跳包发送成功
[02:01:40 INF] 【直播间】23357926 的第 2 个心跳包发送成功
[02:01:41 INF] 【直播间】23040372 的第 2 个心跳包发送成功
[02:01:43 INF] 【直播间】4015781 的第 2 个心跳包发送成功
[02:01:44 INF] 【直播间】407149 的第 2 个心跳包发送成功
[02:01:45 INF] 【直播间】9619073 的第 2 个心跳包发送成功
[02:01:46 INF] 【直播间】31494 的第 2 个心跳包发送成功
[02:02:47 INF] 【直播间】23357926 的第 3 个心跳包发送成功
[02:02:48 INF] 【直播间】23040372 的第 3 个心跳包发送成功
[02:02:49 INF] 【直播间】4015781 的第 3 个心跳包发送成功
[02:02:51 INF] 【直播间】407149 的第 3 个心跳包发送成功
[02:02:52 INF] 【直播间】9619073 的第 3 个心跳包发送成功
[02:02:53 INF] 【直播间】31494 的第 3 个心跳包发送成功
[02:03:53 INF] 【直播间】23357926 的第 4 个心跳包发送成功
[02:03:55 INF] 【直播间】23040372 的第 4 个心跳包发送成功
[02:03:56 INF] 【直播间】4015781 的第 4 个心跳包发送成功
[02:03:57 INF] 【直播间】407149 的第 4 个心跳包发送成功
[02:03:58 INF] 【直播间】9619073 的第 4 个心跳包发送成功
[02:03:59 INF] 【直播间】31494 的第 4 个心跳包发送成功
[02:05:00 INF] 【直播间】23357926 的第 5 个心跳包发送成功
[02:05:01 INF] 【直播间】23040372 的第 5 个心跳包发送成功
[02:05:02 INF] 【直播间】4015781 的第 5 个心跳包发送成功
[02:05:04 INF] 【直播间】407149 的第 5 个心跳包发送成功
[02:05:05 INF] 【直播间】9619073 的第 5 个心跳包发送成功
[02:05:06 INF] 【直播间】31494 的第 5 个心跳包发送成功
[02:06:07 INF] 【直播间】23357926 的第 6 个心跳包发送成功
[02:06:08 INF] 【直播间】23040372 的第 6 个心跳包发送成功
[02:06:09 INF] 【直播间】4015781 的第 6 个心跳包发送成功
[02:06:10 INF] 【直播间】407149 的第 6 个心跳包发送成功
[02:06:12 INF] 【直播间】9619073 的第 6 个心跳包发送成功
[02:06:13 INF] 【直播间】31494 的第 6 个心跳包发送成功
[02:07:13 INF] 【直播间】23357926 的第 7 个心跳包发送成功
[02:07:14 INF] 【直播间】23040372 的第 7 个心跳包发送成功
[02:07:16 INF] 【直播间】4015781 的第 7 个心跳包发送成功
[02:07:17 INF] 【直播间】407149 的第 7 个心跳包发送成功
[02:07:18 INF] 【直播间】9619073 的第 7 个心跳包发送成功
[02:07:19 INF] 【直播间】31494 的第 7 个心跳包发送成功
[02:08:20 INF] 【直播间】23357926 的第 8 个心跳包发送成功
[02:08:21 INF] 【直播间】23040372 的第 8 个心跳包发送成功
[02:08:22 INF] 【直播间】4015781 的第 8 个心跳包发送成功
[02:08:23 INF] 【直播间】407149 的第 8 个心跳包发送成功
[02:08:25 INF] 【直播间】9619073 的第 8 个心跳包发送成功
[02:08:26 INF] 【直播间】31494 的第 8 个心跳包发送成功
[02:09:26 INF] 【直播间】23357926 的第 9 个心跳包发送成功
[02:09:27 INF] 【直播间】23040372 的第 9 个心跳包发送成功
[02:09:29 INF] 【直播间】4015781 的第 9 个心跳包发送成功
[02:09:30 INF] 【直播间】407149 的第 9 个心跳包发送成功
[02:09:31 INF] 【直播间】9619073 的第 9 个心跳包发送成功
[02:09:32 INF] 【直播间】31494 的第 9 个心跳包发送成功
[02:10:33 INF] 【直播间】23357926 的第 10 个心跳包发送成功
[02:10:34 INF] 【直播间】23040372 的第 10 个心跳包发送成功
[02:10:35 INF] 【直播间】4015781 的第 10 个心跳包发送成功
[02:10:36 INF] 【直播间】407149 的第 10 个心跳包发送成功
[02:10:38 INF] 【直播间】9619073 的第 10 个心跳包发送成功
[02:10:39 INF] 【直播间】31494 的第 10 个心跳包发送成功
[02:11:40 INF] 【直播间】23357926 的第 11 个心跳包发送成功
[02:11:41 INF] 【直播间】23040372 的第 11 个心跳包发送成功
[02:11:42 INF] 【直播间】4015781 的第 11 个心跳包发送成功
[02:11:43 INF] 【直播间】407149 的第 11 个心跳包发送成功
[02:11:45 INF] 【直播间】9619073 的第 11 个心跳包发送成功
[02:11:46 INF] 【直播间】31494 的第 11 个心跳包发送成功
[02:12:46 INF] 【直播间】23357926 的第 12 个心跳包发送成功
[02:12:47 INF] 【直播间】23040372 的第 12 个心跳包发送成功
[02:12:48 INF] 【直播间】4015781 的第 12 个心跳包发送成功
[02:12:50 INF] 【直播间】407149 的第 12 个心跳包发送成功
[02:12:51 INF] 【直播间】9619073 的第 12 个心跳包发送成功
[02:12:52 INF] 【直播间】31494 的第 12 个心跳包发送成功
[02:13:53 INF] 【直播间】23357926 的第 13 个心跳包发送成功
[02:13:54 INF] 【直播间】23040372 的第 13 个心跳包发送成功
[02:13:55 INF] 【直播间】4015781 的第 13 个心跳包发送成功
[02:13:56 INF] 【直播间】407149 的第 13 个心跳包发送成功
[02:13:58 INF] 【直播间】9619073 的第 13 个心跳包发送成功
[02:13:59 INF] 【直播间】31494 的第 13 个心跳包发送成功
[02:14:59 INF] 【直播间】23357926 的第 14 个心跳包发送成功
[02:15:00 INF] 【直播间】23040372 的第 14 个心跳包发送成功
[02:15:02 INF] 【直播间】4015781 的第 14 个心跳包发送成功
[02:15:03 INF] 【直播间】407149 的第 14 个心跳包发送成功
[02:15:04 INF] 【直播间】9619073 的第 14 个心跳包发送成功
[02:15:05 INF] 【直播间】31494 的第 14 个心跳包发送成功
[02:16:06 ERR] 【心跳包】直播间 23357926 发送失败
[02:16:06 ERR] 【原因】time check failed
[02:16:07 ERR] 【心跳包】直播间 23040372 发送失败
[02:16:07 ERR] 【原因】time check failed
[02:16:09 ERR] 【心跳包】直播间 4015781 发送失败
[02:16:09 ERR] 【原因】time check failed
[02:16:10 ERR] 【心跳包】直播间 407149 发送失败
[02:16:10 ERR] 【原因】time check failed
[02:16:11 ERR] 【心跳包】直播间 9619073 发送失败
[02:16:11 ERR] 【原因】time check failed
[02:16:12 ERR] 【心跳包】直播间 31494 发送失败
[02:16:12 ERR] 【原因】time check failed
[02:17:12 INF] 【直播间】23357926 的第 15 个心跳包发送成功
[02:17:14 INF] 【直播间】23040372 的第 15 个心跳包发送成功
[02:17:15 INF] 【直播间】4015781 的第 15 个心跳包发送成功
[02:17:16 INF] 【直播间】407149 的第 15 个心跳包发送成功
[02:17:17 INF] 【直播间】9619073 的第 15 个心跳包发送成功
[02:17:19 INF] 【直播间】31494 的第 15 个心跳包发送成功
[02:18:19 INF] 【直播间】23357926 的第 16 个心跳包发送成功
[02:18:20 INF] 【直播间】23040372 的第 16 个心跳包发送成功
[02:18:22 INF] 【直播间】4015781 的第 16 个心跳包发送成功
[02:18:23 INF] 【直播间】407149 的第 16 个心跳包发送成功
[02:18:24 INF] 【直播间】9619073 的第 16 个心跳包发送成功
[02:18:25 INF] 【直播间】31494 的第 16 个心跳包发送成功
[02:19:26 INF] 【直播间】23357926 的第 17 个心跳包发送成功
[02:19:27 INF] 【直播间】23040372 的第 17 个心跳包发送成功
[02:19:28 INF] 【直播间】4015781 的第 17 个心跳包发送成功
[02:19:29 INF] 【直播间】407149 的第 17 个心跳包发送成功
[02:19:31 INF] 【直播间】9619073 的第 17 个心跳包发送成功
[02:19:32 INF] 【直播间】31494 的第 17 个心跳包发送成功
[02:20:32 INF] 【直播间】23357926 的第 18 个心跳包发送成功
[02:20:33 INF] 【直播间】23040372 的第 18 个心跳包发送成功
[02:20:35 INF] 【直播间】4015781 的第 18 个心跳包发送成功
[02:20:36 INF] 【直播间】407149 的第 18 个心跳包发送成功
[02:20:37 INF] 【直播间】9619073 的第 18 个心跳包发送成功
[02:20:38 INF] 【直播间】31494 的第 18 个心跳包发送成功
[02:21:39 INF] 【直播间】23357926 的第 19 个心跳包发送成功
[02:21:40 INF] 【直播间】23040372 的第 19 个心跳包发送成功
[02:21:42 INF] 【直播间】4015781 的第 19 个心跳包发送成功
[02:21:43 INF] 【直播间】407149 的第 19 个心跳包发送成功
[02:21:44 INF] 【直播间】9619073 的第 19 个心跳包发送成功
[02:21:45 INF] 【直播间】31494 的第 19 个心跳包发送成功
[02:22:46 INF] 【直播间】23357926 的第 20 个心跳包发送成功
[02:22:47 INF] 【直播间】23040372 的第 20 个心跳包发送成功
[02:22:49 INF] 【直播间】4015781 的第 20 个心跳包发送成功
[02:22:50 INF] 【直播间】407149 的第 20 个心跳包发送成功
[02:22:51 INF] 【直播间】9619073 的第 20 个心跳包发送成功
[02:22:52 INF] 【直播间】31494 的第 20 个心跳包发送成功
[02:23:53 INF] 【直播间】23357926 的第 21 个心跳包发送成功
[02:23:54 INF] 【直播间】23040372 的第 21 个心跳包发送成功
[02:23:55 INF] 【直播间】4015781 的第 21 个心跳包发送成功
[02:23:56 INF] 【直播间】407149 的第 21 个心跳包发送成功
[02:23:57 INF] 【直播间】9619073 的第 21 个心跳包发送成功
[02:23:59 INF] 【直播间】31494 的第 21 个心跳包发送成功
[02:24:59 INF] 【直播间】23357926 的第 22 个心跳包发送成功
[02:25:00 INF] 【直播间】23040372 的第 22 个心跳包发送成功
[02:25:02 INF] 【直播间】4015781 的第 22 个心跳包发送成功
[02:25:03 INF] 【直播间】407149 的第 22 个心跳包发送成功
[02:25:04 INF] 【直播间】9619073 的第 22 个心跳包发送成功
[02:25:05 INF] 【直播间】31494 的第 22 个心跳包发送成功
[02:26:05 INF] 【直播间】23357926 的第 23 个心跳包发送成功
[02:26:07 INF] 【直播间】23040372 的第 23 个心跳包发送成功
[02:26:08 INF] 【直播间】4015781 的第 23 个心跳包发送成功
[02:26:09 INF] 【直播间】407149 的第 23 个心跳包发送成功
[02:26:10 INF] 【直播间】9619073 的第 23 个心跳包发送成功
[02:26:12 INF] 【直播间】31494 的第 23 个心跳包发送成功
[02:27:12 INF] 【直播间】23357926 的第 24 个心跳包发送成功
[02:27:13 INF] 【直播间】23040372 的第 24 个心跳包发送成功
[02:27:15 INF] 【直播间】4015781 的第 24 个心跳包发送成功
[02:27:16 INF] 【直播间】407149 的第 24 个心跳包发送成功
[02:27:17 INF] 【直播间】9619073 的第 24 个心跳包发送成功
[02:27:18 INF] 【直播间】31494 的第 24 个心跳包发送成功
[02:28:19 INF] 【直播间】23357926 的第 25 个心跳包发送成功
[02:28:20 INF] 【直播间】23040372 的第 25 个心跳包发送成功
[02:28:21 INF] 【直播间】4015781 的第 25 个心跳包发送成功
[02:28:23 INF] 【直播间】407149 的第 25 个心跳包发送成功
[02:28:24 INF] 【直播间】9619073 的第 25 个心跳包发送成功
[02:28:25 INF] 【直播间】31494 的第 25 个心跳包发送成功
[02:29:25 INF] 【直播间】23357926 的第 26 个心跳包发送成功
[02:29:27 INF] 【直播间】23040372 的第 26 个心跳包发送成功
[02:29:28 INF] 【直播间】4015781 的第 26 个心跳包发送成功
[02:29:29 INF] 【直播间】407149 的第 26 个心跳包发送成功
[02:29:30 INF] 【直播间】9619073 的第 26 个心跳包发送成功
[02:29:32 INF] 【直播间】31494 的第 26 个心跳包发送成功
[02:30:32 INF] 【直播间】23357926 的第 27 个心跳包发送成功
[02:30:33 INF] 【直播间】23040372 的第 27 个心跳包发送成功
[02:30:34 INF] 【直播间】4015781 的第 27 个心跳包发送成功
[02:30:36 INF] 【直播间】407149 的第 27 个心跳包发送成功
[02:30:37 INF] 【直播间】9619073 的第 27 个心跳包发送成功
[02:30:38 INF] 【直播间】31494 的第 27 个心跳包发送成功
[02:31:39 ERR] 【心跳包】直播间 23357926 发送失败
[02:31:39 ERR] 【原因】time check failed
[02:31:40 ERR] 【心跳包】直播间 23040372 发送失败
[02:31:40 ERR] 【原因】time check failed
[02:31:41 ERR] 【心跳包】直播间 4015781 发送失败
[02:31:41 ERR] 【原因】time check failed
[02:31:42 ERR] 【心跳包】直播间 407149 发送失败
[02:31:42 ERR] 【原因】time check failed
[02:31:43 ERR] 【心跳包】直播间 9619073 发送失败
[02:31:43 ERR] 【原因】time check failed
[02:31:45 ERR] 【心跳包】直播间 31494 发送失败
[02:31:45 ERR] 【原因】time check failed
[02:32:45 INF] 【直播间】23357926 的第 28 个心跳包发送成功
[02:32:47 INF] 【直播间】23040372 的第 28 个心跳包发送成功
[02:32:48 INF] 【直播间】4015781 的第 28 个心跳包发送成功
[02:32:49 INF] 【直播间】407149 的第 28 个心跳包发送成功
[02:32:50 INF] 【直播间】9619073 的第 28 个心跳包发送成功
[02:32:51 INF] 【直播间】31494 的第 28 个心跳包发送成功
[02:33:52 INF] 【直播间】23357926 的第 29 个心跳包发送成功
[02:33:53 INF] 【直播间】23040372 的第 29 个心跳包发送成功
[02:33:55 INF] 【直播间】4015781 的第 29 个心跳包发送成功
[02:33:56 INF] 【直播间】407149 的第 29 个心跳包发送成功
[02:33:57 INF] 【直播间】9619073 的第 29 个心跳包发送成功
[02:33:58 INF] 【直播间】31494 的第 29 个心跳包发送成功
[02:34:59 INF] 【直播间】23357926 的第 30 个心跳包发送成功
[02:35:00 INF] 【直播间】23040372 的第 30 个心跳包发送成功
[02:35:01 INF] 【直播间】4015781 的第 30 个心跳包发送成功
[02:35:03 INF] 【直播间】407149 的第 30 个心跳包发送成功
[02:35:04 INF] 【直播间】9619073 的第 30 个心跳包发送成功
[02:35:05 INF] 【直播间】31494 的第 30 个心跳包发送成功
[02:36:05 INF] 【直播间】23357926 的第 31 个心跳包发送成功
[02:36:07 INF] 【直播间】23040372 的第 31 个心跳包发送成功
[02:36:08 INF] 【直播间】4015781 的第 31 个心跳包发送成功
[02:36:09 INF] 【直播间】407149 的第 31 个心跳包发送成功
[02:36:10 INF] 【直播间】9619073 的第 31 个心跳包发送成功
[02:36:11 INF] 【直播间】31494 的第 31 个心跳包发送成功
[02:37:12 INF] 【直播间】23357926 的第 32 个心跳包发送成功
[02:37:13 INF] 【直播间】23040372 的第 32 个心跳包发送成功
[02:37:15 INF] 【直播间】4015781 的第 32 个心跳包发送成功
[02:37:16 INF] 【直播间】407149 的第 32 个心跳包发送成功
[02:37:17 INF] 【直播间】9619073 的第 32 个心跳包发送成功
[02:37:18 INF] 【直播间】31494 的第 32 个心跳包发送成功
[02:38:19 INF] 【直播间】23357926 的第 33 个心跳包发送成功
[02:38:20 INF] 【直播间】23040372 的第 33 个心跳包发送成功
[02:38:21 INF] 【直播间】4015781 的第 33 个心跳包发送成功
[02:38:23 INF] 【直播间】407149 的第 33 个心跳包发送成功
[02:38:24 INF] 【直播间】9619073 的第 33 个心跳包发送成功
[02:38:25 INF] 【直播间】31494 的第 33 个心跳包发送成功
[02:39:26 INF] 【直播间】23357926 的第 34 个心跳包发送成功
[02:39:27 INF] 【直播间】23040372 的第 34 个心跳包发送成功
[02:39:28 INF] 【直播间】4015781 的第 34 个心跳包发送成功
[02:39:29 INF] 【直播间】407149 的第 34 个心跳包发送成功
[02:39:30 INF] 【直播间】9619073 的第 34 个心跳包发送成功
[02:39:32 INF] 【直播间】31494 的第 34 个心跳包发送成功
[02:40:32 INF] 【直播间】23357926 的第 35 个心跳包发送成功
[02:40:33 INF] 【直播间】23040372 的第 35 个心跳包发送成功
[02:40:34 INF] 【直播间】4015781 的第 35 个心跳包发送成功
[02:40:36 INF] 【直播间】407149 的第 35 个心跳包发送成功
[02:40:37 INF] 【直播间】9619073 的第 35 个心跳包发送成功
[02:40:38 INF] 【直播间】31494 的第 35 个心跳包发送成功
[02:41:39 INF] 【直播间】23357926 的第 36 个心跳包发送成功
[02:41:40 INF] 【直播间】23040372 的第 36 个心跳包发送成功
[02:41:41 INF] 【直播间】4015781 的第 36 个心跳包发送成功
[02:41:42 INF] 【直播间】407149 的第 36 个心跳包发送成功
[02:41:44 INF] 【直播间】9619073 的第 36 个心跳包发送成功
[02:41:45 INF] 【直播间】31494 的第 36 个心跳包发送成功
[02:42:45 INF] 【直播间】23357926 的第 37 个心跳包发送成功
[02:42:46 INF] 【直播间】23040372 的第 37 个心跳包发送成功
[02:42:48 INF] 【直播间】4015781 的第 37 个心跳包发送成功
[02:42:49 INF] 【直播间】407149 的第 37 个心跳包发送成功
[02:42:50 INF] 【直播间】9619073 的第 37 个心跳包发送成功
[02:42:51 INF] 【直播间】31494 的第 37 个心跳包发送成功
[02:43:52 INF] 【直播间】23357926 的第 38 个心跳包发送成功
[02:43:53 INF] 【直播间】23040372 的第 38 个心跳包发送成功
[02:43:54 INF] 【直播间】4015781 的第 38 个心跳包发送成功
[02:43:55 INF] 【直播间】407149 的第 38 个心跳包发送成功
[02:43:57 INF] 【直播间】9619073 的第 38 个心跳包发送成功
[02:43:58 INF] 【直播间】31494 的第 38 个心跳包发送成功
[02:44:58 INF] 【直播间】23357926 的第 39 个心跳包发送成功
[02:45:00 INF] 【直播间】23040372 的第 39 个心跳包发送成功
[02:45:01 INF] 【直播间】4015781 的第 39 个心跳包发送成功
[02:45:02 INF] 【直播间】407149 的第 39 个心跳包发送成功
[02:45:03 INF] 【直播间】9619073 的第 39 个心跳包发送成功
[02:45:05 INF] 【直播间】31494 的第 39 个心跳包发送成功
[02:46:05 INF] 【直播间】23357926 的第 40 个心跳包发送成功
[02:46:06 INF] 【直播间】23040372 的第 40 个心跳包发送成功
[02:46:07 INF] 【直播间】4015781 的第 40 个心跳包发送成功
[02:46:09 INF] 【直播间】407149 的第 40 个心跳包发送成功
[02:46:10 INF] 【直播间】9619073 的第 40 个心跳包发送成功
[02:46:11 INF] 【直播间】31494 的第 40 个心跳包发送成功
[02:47:11 ERR] 【心跳包】直播间 23357926 发送失败
[02:47:11 ERR] 【原因】time check failed
[02:47:12 ERR] 【心跳包】直播间 23040372 发送失败
[02:47:12 ERR] 【原因】time check failed
[02:47:14 ERR] 【心跳包】直播间 4015781 发送失败
[02:47:14 ERR] 【原因】time check failed
[02:47:15 ERR] 【心跳包】直播间 407149 发送失败
[02:47:15 ERR] 【原因】time check failed
[02:47:16 ERR] 【心跳包】直播间 9619073 发送失败
[02:47:16 ERR] 【原因】time check failed
[02:47:18 ERR] 【心跳包】直播间 31494 发送失败
[02:47:18 ERR] 【原因】time check failed
[02:48:18 INF] 【直播间】23357926 的第 41 个心跳包发送成功
[02:48:19 INF] 【直播间】23040372 的第 41 个心跳包发送成功
[02:48:20 INF] 【直播间】4015781 的第 41 个心跳包发送成功
[02:48:21 INF] 【直播间】407149 的第 41 个心跳包发送成功
[02:48:23 INF] 【直播间】9619073 的第 41 个心跳包发送成功
[02:48:24 INF] 【直播间】31494 的第 41 个心跳包发送成功
[02:49:25 INF] 【直播间】23357926 的第 42 个心跳包发送成功
[02:49:26 INF] 【直播间】23040372 的第 42 个心跳包发送成功
[02:49:27 INF] 【直播间】4015781 的第 42 个心跳包发送成功
[02:49:28 INF] 【直播间】407149 的第 42 个心跳包发送成功
[02:49:30 INF] 【直播间】9619073 的第 42 个心跳包发送成功
[02:49:31 INF] 【直播间】31494 的第 42 个心跳包发送成功
[02:50:31 INF] 【直播间】23357926 的第 43 个心跳包发送成功
[02:50:33 INF] 【直播间】23040372 的第 43 个心跳包发送成功
[02:50:34 INF] 【直播间】4015781 的第 43 个心跳包发送成功
[02:50:35 INF] 【直播间】407149 的第 43 个心跳包发送成功
[02:50:36 INF] 【直播间】9619073 的第 43 个心跳包发送成功
[02:50:38 INF] 【直播间】31494 的第 43 个心跳包发送成功
[02:51:38 INF] 【直播间】23357926 的第 44 个心跳包发送成功
[02:51:39 INF] 【直播间】23040372 的第 44 个心跳包发送成功
[02:51:40 INF] 【直播间】4015781 的第 44 个心跳包发送成功
[02:51:42 INF] 【直播间】407149 的第 44 个心跳包发送成功
[02:51:43 INF] 【直播间】9619073 的第 44 个心跳包发送成功
[02:51:44 INF] 【直播间】31494 的第 44 个心跳包发送成功
[02:52:44 INF] 【直播间】23357926 的第 45 个心跳包发送成功
[02:52:46 INF] 【直播间】23040372 的第 45 个心跳包发送成功
[02:52:47 INF] 【直播间】4015781 的第 45 个心跳包发送成功
[02:52:48 INF] 【直播间】407149 的第 45 个心跳包发送成功
[02:52:50 INF] 【直播间】9619073 的第 45 个心跳包发送成功
[02:52:51 INF] 【直播间】31494 的第 45 个心跳包发送成功
[02:53:51 INF] 【直播间】23357926 的第 46 个心跳包发送成功
[02:53:52 INF] 【直播间】23040372 的第 46 个心跳包发送成功
[02:53:53 INF] 【直播间】4015781 的第 46 个心跳包发送成功
[02:53:55 INF] 【直播间】407149 的第 46 个心跳包发送成功
[02:53:56 INF] 【直播间】9619073 的第 46 个心跳包发送成功
[02:53:57 INF] 【直播间】31494 的第 46 个心跳包发送成功
[02:54:58 INF] 【直播间】23357926 的第 47 个心跳包发送成功
[02:54:59 INF] 【直播间】23040372 的第 47 个心跳包发送成功
[02:55:00 INF] 【直播间】4015781 的第 47 个心跳包发送成功
[02:55:01 INF] 【直播间】407149 的第 47 个心跳包发送成功
[02:55:03 INF] 【直播间】9619073 的第 47 个心跳包发送成功
[02:55:04 INF] 【直播间】31494 的第 47 个心跳包发送成功
[02:56:04 INF] 【直播间】23357926 的第 48 个心跳包发送成功
[02:56:05 INF] 【直播间】23040372 的第 48 个心跳包发送成功
[02:56:07 INF] 【直播间】4015781 的第 48 个心跳包发送成功
[02:56:08 INF] 【直播间】407149 的第 48 个心跳包发送成功
[02:56:09 INF] 【直播间】9619073 的第 48 个心跳包发送成功
[02:56:10 INF] 【直播间】31494 的第 48 个心跳包发送成功
[02:57:11 INF] 【直播间】23357926 的第 49 个心跳包发送成功
[02:57:12 INF] 【直播间】23040372 的第 49 个心跳包发送成功
[02:57:13 INF] 【直播间】4015781 的第 49 个心跳包发送成功
[02:57:14 INF] 【直播间】407149 的第 49 个心跳包发送成功
[02:57:16 INF] 【直播间】9619073 的第 49 个心跳包发送成功
[02:57:17 INF] 【直播间】31494 的第 49 个心跳包发送成功
[02:58:17 INF] 【直播间】23357926 的第 50 个心跳包发送成功
[02:58:19 INF] 【直播间】23040372 的第 50 个心跳包发送成功
[02:58:20 INF] 【直播间】4015781 的第 50 个心跳包发送成功
[02:58:21 INF] 【直播间】407149 的第 50 个心跳包发送成功
[02:58:22 INF] 【直播间】9619073 的第 50 个心跳包发送成功
[02:58:24 INF] 【直播间】31494 的第 50 个心跳包发送成功
[02:59:24 INF] 【直播间】23357926 的第 51 个心跳包发送成功
[02:59:25 INF] 【直播间】23040372 的第 51 个心跳包发送成功
[02:59:26 INF] 【直播间】4015781 的第 51 个心跳包发送成功
[02:59:28 INF] 【直播间】407149 的第 51 个心跳包发送成功
[02:59:29 INF] 【直播间】9619073 的第 51 个心跳包发送成功
[02:59:30 INF] 【直播间】31494 的第 51 个心跳包发送成功
[03:00:31 INF] 【直播间】23357926 的第 52 个心跳包发送成功
[03:00:32 INF] 【直播间】23040372 的第 52 个心跳包发送成功
[03:00:33 INF] 【直播间】4015781 的第 52 个心跳包发送成功
[03:00:34 INF] 【直播间】407149 的第 52 个心跳包发送成功
[03:00:36 INF] 【直播间】9619073 的第 52 个心跳包发送成功
[03:00:37 INF] 【直播间】31494 的第 52 个心跳包发送成功
[03:01:37 INF] 【直播间】23357926 的第 53 个心跳包发送成功
[03:01:39 INF] 【直播间】23040372 的第 53 个心跳包发送成功
[03:01:40 INF] 【直播间】4015781 的第 53 个心跳包发送成功
[03:01:41 INF] 【直播间】407149 的第 53 个心跳包发送成功
[03:01:43 INF] 【直播间】9619073 的第 53 个心跳包发送成功
[03:01:44 INF] 【直播间】31494 的第 53 个心跳包发送成功
[03:02:44 ERR] 【心跳包】直播间 23357926 发送失败
[03:02:44 ERR] 【原因】time check failed
[03:02:45 ERR] 【心跳包】直播间 23040372 发送失败
[03:02:45 ERR] 【原因】time check failed
[03:02:46 ERR] 【心跳包】直播间 4015781 发送失败
[03:02:46 ERR] 【原因】time check failed
[03:02:48 ERR] 【心跳包】直播间 407149 发送失败
[03:02:48 ERR] 【原因】time check failed
[03:02:49 ERR] 【心跳包】直播间 9619073 发送失败
[03:02:49 ERR] 【原因】time check failed
[03:02:50 ERR] 【心跳包】直播间 31494 发送失败
[03:02:50 ERR] 【原因】time check failed
[03:03:51 INF] 【直播间】23357926 的第 54 个心跳包发送成功
[03:03:52 INF] 【直播间】23040372 的第 54 个心跳包发送成功
[03:03:53 INF] 【直播间】4015781 的第 54 个心跳包发送成功
[03:03:54 INF] 【直播间】407149 的第 54 个心跳包发送成功
[03:03:56 INF] 【直播间】9619073 的第 54 个心跳包发送成功
[03:03:57 INF] 【直播间】31494 的第 54 个心跳包发送成功
[03:04:57 INF] 【直播间】23357926 的第 55 个心跳包发送成功
[03:04:58 INF] 【直播间】23040372 的第 55 个心跳包发送成功
[03:05:00 INF] 【直播间】4015781 的第 55 个心跳包发送成功
[03:05:01 INF] 【直播间】407149 的第 55 个心跳包发送成功
[03:05:02 INF] 【直播间】9619073 的第 55 个心跳包发送成功
[03:05:03 INF] 【直播间】31494 的第 55 个心跳包发送成功
[03:06:04 INF] 【直播间】23357926 的第 56 个心跳包发送成功
[03:06:05 INF] 【直播间】23040372 的第 56 个心跳包发送成功
[03:06:06 INF] 【直播间】4015781 的第 56 个心跳包发送成功
[03:06:08 INF] 【直播间】407149 的第 56 个心跳包发送成功
[03:06:09 INF] 【直播间】9619073 的第 56 个心跳包发送成功
[03:06:10 INF] 【直播间】31494 的第 56 个心跳包发送成功
[03:07:10 INF] 【直播间】23357926 的第 57 个心跳包发送成功
[03:07:12 INF] 【直播间】23040372 的第 57 个心跳包发送成功
[03:07:13 INF] 【直播间】4015781 的第 57 个心跳包发送成功
[03:07:14 INF] 【直播间】407149 的第 57 个心跳包发送成功
[03:07:16 INF] 【直播间】9619073 的第 57 个心跳包发送成功
[03:07:17 INF] 【直播间】31494 的第 57 个心跳包发送成功
[03:08:17 INF] 【直播间】23357926 的第 58 个心跳包发送成功
[03:08:18 INF] 【直播间】23040372 的第 58 个心跳包发送成功
[03:08:19 INF] 【直播间】4015781 的第 58 个心跳包发送成功
[03:08:21 INF] 【直播间】407149 的第 58 个心跳包发送成功
[03:08:22 INF] 【直播间】9619073 的第 58 个心跳包发送成功
[03:08:23 INF] 【直播间】31494 的第 58 个心跳包发送成功
[03:09:24 INF] 【直播间】23357926 的第 59 个心跳包发送成功
[03:09:25 INF] 【直播间】23040372 的第 59 个心跳包发送成功
[03:09:26 INF] 【直播间】4015781 的第 59 个心跳包发送成功
[03:09:27 INF] 【直播间】407149 的第 59 个心跳包发送成功
[03:09:28 INF] 【直播间】9619073 的第 59 个心跳包发送成功
[03:09:30 INF] 【直播间】31494 的第 59 个心跳包发送成功
[03:10:30 INF] 【直播间】23357926 的第 60 个心跳包发送成功
[03:10:32 INF] 【直播间】23040372 的第 60 个心跳包发送成功
[03:10:33 INF] 【直播间】4015781 的第 60 个心跳包发送成功
[03:10:34 INF] 【直播间】407149 的第 60 个心跳包发送成功
[03:10:35 INF] 【直播间】9619073 的第 60 个心跳包发送成功
[03:10:37 INF] 【直播间】31494 的第 60 个心跳包发送成功
[03:11:37 INF] 【直播间】23357926 的第 61 个心跳包发送成功
[03:11:38 INF] 【直播间】23040372 的第 61 个心跳包发送成功
[03:11:39 INF] 【直播间】4015781 的第 61 个心跳包发送成功
[03:11:41 INF] 【直播间】407149 的第 61 个心跳包发送成功
[03:11:42 INF] 【直播间】9619073 的第 61 个心跳包发送成功
[03:11:43 INF] 【直播间】31494 的第 61 个心跳包发送成功
[03:12:44 INF] 【直播间】23357926 的第 62 个心跳包发送成功
[03:12:45 INF] 【直播间】23040372 的第 62 个心跳包发送成功
[03:12:46 INF] 【直播间】4015781 的第 62 个心跳包发送成功
[03:12:48 INF] 【直播间】407149 的第 62 个心跳包发送成功
[03:12:49 INF] 【直播间】9619073 的第 62 个心跳包发送成功
[03:12:50 INF] 【直播间】31494 的第 62 个心跳包发送成功
[03:13:50 INF] 【直播间】23357926 的第 63 个心跳包发送成功
[03:13:51 INF] 【直播间】23040372 的第 63 个心跳包发送成功
[03:13:53 INF] 【直播间】4015781 的第 63 个心跳包发送成功
[03:13:54 INF] 【直播间】407149 的第 63 个心跳包发送成功
[03:13:55 INF] 【直播间】9619073 的第 63 个心跳包发送成功
[03:13:56 INF] 【直播间】31494 的第 63 个心跳包发送成功
[03:14:57 INF] 【直播间】23357926 的第 64 个心跳包发送成功
[03:14:58 INF] 【直播间】23040372 的第 64 个心跳包发送成功
[03:14:59 INF] 【直播间】4015781 的第 64 个心跳包发送成功
[03:15:01 INF] 【直播间】407149 的第 64 个心跳包发送成功
[03:15:02 INF] 【直播间】9619073 的第 64 个心跳包发送成功
[03:15:03 INF] 【直播间】31494 的第 64 个心跳包发送成功
[03:16:03 INF] 【直播间】23357926 的第 65 个心跳包发送成功
[03:16:05 INF] 【直播间】23040372 的第 65 个心跳包发送成功
[03:16:06 INF] 【直播间】4015781 的第 65 个心跳包发送成功
[03:16:07 INF] 【直播间】407149 的第 65 个心跳包发送成功
[03:16:08 INF] 【直播间】9619073 的第 65 个心跳包发送成功
[03:16:10 INF] 【直播间】31494 的第 65 个心跳包发送成功
[03:17:10 INF] 【直播间】23357926 的第 66 个心跳包发送成功
[03:17:11 INF] 【直播间】23040372 的第 66 个心跳包发送成功
[03:17:13 INF] 【直播间】4015781 的第 66 个心跳包发送成功
[03:17:14 INF] 【直播间】407149 的第 66 个心跳包发送成功
[03:17:15 INF] 【直播间】9619073 的第 66 个心跳包发送成功
[03:17:16 INF] 【直播间】31494 的第 66 个心跳包发送成功
[03:18:16 ERR] 【心跳包】直播间 23357926 发送失败
[03:18:16 ERR] 【原因】time check failed
[03:18:18 ERR] 【心跳包】直播间 23040372 发送失败
[03:18:18 ERR] 【原因】time check failed
[03:18:19 ERR] 【心跳包】直播间 4015781 发送失败
[03:18:19 ERR] 【原因】time check failed
[03:18:20 ERR] 【心跳包】直播间 407149 发送失败
[03:18:20 ERR] 【原因】time check failed
[03:18:21 ERR] 【心跳包】直播间 9619073 发送失败
[03:18:21 ERR] 【原因】time check failed
[03:18:23 ERR] 【心跳包】直播间 31494 发送失败
[03:18:23 ERR] 【原因】time check failed
[03:19:23 INF] 【直播间】23357926 的第 67 个心跳包发送成功
[03:19:25 INF] 【直播间】23040372 的第 67 个心跳包发送成功
[03:19:26 INF] 【直播间】4015781 的第 67 个心跳包发送成功
[03:19:27 INF] 【直播间】407149 的第 67 个心跳包发送成功
[03:19:28 INF] 【直播间】9619073 的第 67 个心跳包发送成功
[03:19:30 INF] 【直播间】31494 的第 67 个心跳包发送成功
[03:20:30 INF] 【直播间】23357926 的第 68 个心跳包发送成功
[03:20:31 INF] 【直播间】23040372 的第 68 个心跳包发送成功
[03:20:32 INF] 【直播间】4015781 的第 68 个心跳包发送成功
[03:20:34 INF] 【直播间】407149 的第 68 个心跳包发送成功
[03:20:35 INF] 【直播间】9619073 的第 68 个心跳包发送成功
[03:20:36 INF] 【直播间】31494 的第 68 个心跳包发送成功
[03:21:36 INF] 【直播间】23357926 的第 69 个心跳包发送成功
[03:21:38 INF] 【直播间】23040372 的第 69 个心跳包发送成功
[03:21:39 INF] 【直播间】4015781 的第 69 个心跳包发送成功
[03:21:40 INF] 【直播间】407149 的第 69 个心跳包发送成功
[03:21:41 INF] 【直播间】9619073 的第 69 个心跳包发送成功
[03:21:43 INF] 【直播间】31494 的第 69 个心跳包发送成功
[03:22:43 INF] 【直播间】23357926 的第 70 个心跳包发送成功
[03:22:44 INF] 【直播间】23040372 的第 70 个心跳包发送成功
[03:22:46 INF] 【直播间】4015781 的第 70 个心跳包发送成功
[03:22:47 INF] 【直播间】407149 的第 70 个心跳包发送成功
[03:22:48 INF] 【直播间】9619073 的第 70 个心跳包发送成功
[03:22:50 INF] 【直播间】31494 的第 70 个心跳包发送成功
[03:22:50 INF] 【直播观看时长】完成情况：6/6 
[03:22:50 INF] ---------结束---------

[03:22:50 INF] ==========结束==========

[03:22:50 INF] ######### 账号 3 #########

[03:22:50 INF] =====开始 直播间互动 =====

[03:22:50 INF] ---开始 发送弹幕 ---
[03:22:50 INF] 检测到直播 Cookie 未正确配置，尝试自动配置中...
[03:22:57 INF] 直播 Cookie 配置成功！
[03:22:57 INF] 【获取直播列表】获取拥有粉丝牌的直播列表
[03:23:01 INF] 【主播】苏打baka 
[03:23:14 INF] 【直播间】苏打baka
[03:23:14 INF] 【粉丝牌】碳酸钠
[03:23:14 INF] 正在发送弹幕...
[03:23:20 INF] -------结束-------

[03:23:20 INF] ---开始 点赞直播间 ---
[03:23:20 INF] 【获取直播列表】获取拥有粉丝牌的直播列表
[03:23:24 INF] 【主播】苏打baka 
[03:23:26 INF] 【弹幕发送】成功~，你和主播 苏打baka 的亲密值增加了100！
[03:23:44 INF] --------结束--------

[03:23:44 INF] ---开始 直播时长挂机 ---
[03:23:44 INF] 【获取直播列表】获取拥有粉丝牌的直播列表
[03:23:44 INF] 【点赞直播间】23040372 完成
[03:23:47 INF] 【主播】苏打baka 
[03:24:01 INF] 【直播间】23040372 的第 1 个心跳包发送成功
[03:25:07 INF] 【直播间】23040372 的第 2 个心跳包发送成功
[03:26:14 INF] 【直播间】23040372 的第 3 个心跳包发送成功
[03:27:20 INF] 【直播间】23040372 的第 4 个心跳包发送成功
[03:28:27 INF] 【直播间】23040372 的第 5 个心跳包发送成功
[03:29:34 INF] 【直播间】23040372 的第 6 个心跳包发送成功
[03:30:40 INF] 【直播间】23040372 的第 7 个心跳包发送成功
[03:31:47 INF] 【直播间】23040372 的第 8 个心跳包发送成功
[03:32:54 INF] 【直播间】23040372 的第 9 个心跳包发送成功
[03:34:00 INF] 【直播间】23040372 的第 10 个心跳包发送成功
[03:35:07 INF] 【直播间】23040372 的第 11 个心跳包发送成功
[03:36:14 INF] 【直播间】23040372 的第 12 个心跳包发送成功
[03:37:20 INF] 【直播间】23040372 的第 13 个心跳包发送成功
[03:38:27 INF] 【直播间】23040372 的第 14 个心跳包发送成功
[03:39:34 ERR] 【心跳包】直播间 23040372 发送失败
[03:39:34 ERR] 【原因】time check failed
[03:40:40 INF] 【直播间】23040372 的第 15 个心跳包发送成功
[03:41:47 INF] 【直播间】23040372 的第 16 个心跳包发送成功
[03:42:53 INF] 【直播间】23040372 的第 17 个心跳包发送成功
[03:44:00 INF] 【直播间】23040372 的第 18 个心跳包发送成功
[03:45:07 INF] 【直播间】23040372 的第 19 个心跳包发送成功
[03:46:13 INF] 【直播间】23040372 的第 20 个心跳包发送成功
[03:47:20 INF] 【直播间】23040372 的第 21 个心跳包发送成功
[03:48:26 INF] 【直播间】23040372 的第 22 个心跳包发送成功
[03:49:33 INF] 【直播间】23040372 的第 23 个心跳包发送成功
[03:50:40 INF] 【直播间】23040372 的第 24 个心跳包发送成功
[03:51:47 INF] 【直播间】23040372 的第 25 个心跳包发送成功
[03:52:53 INF] 【直播间】23040372 的第 26 个心跳包发送成功
[03:54:00 INF] 【直播间】23040372 的第 27 个心跳包发送成功
[03:55:06 ERR] 【心跳包】直播间 23040372 发送失败
[03:55:06 ERR] 【原因】time check failed
[03:56:13 INF] 【直播间】23040372 的第 28 个心跳包发送成功
[03:57:19 INF] 【直播间】23040372 的第 29 个心跳包发送成功
[03:58:26 INF] 【直播间】23040372 的第 30 个心跳包发送成功
[03:59:32 INF] 【直播间】23040372 的第 31 个心跳包发送成功
[04:00:39 INF] 【直播间】23040372 的第 32 个心跳包发送成功
[04:01:46 INF] 【直播间】23040372 的第 33 个心跳包发送成功
[04:02:52 INF] 【直播间】23040372 的第 34 个心跳包发送成功
[04:03:59 INF] 【直播间】23040372 的第 35 个心跳包发送成功
[04:05:06 INF] 【直播间】23040372 的第 36 个心跳包发送成功
[04:06:12 INF] 【直播间】23040372 的第 37 个心跳包发送成功
[04:07:19 INF] 【直播间】23040372 的第 38 个心跳包发送成功
[04:08:26 INF] 【直播间】23040372 的第 39 个心跳包发送成功
[04:09:32 INF] 【直播间】23040372 的第 40 个心跳包发送成功
[04:10:39 ERR] 【心跳包】直播间 23040372 发送失败
[04:10:39 ERR] 【原因】time check failed
[04:11:46 INF] 【直播间】23040372 的第 41 个心跳包发送成功
[04:12:52 INF] 【直播间】23040372 的第 42 个心跳包发送成功
[04:13:59 INF] 【直播间】23040372 的第 43 个心跳包发送成功
[04:15:05 INF] 【直播间】23040372 的第 44 个心跳包发送成功
[04:16:12 INF] 【直播间】23040372 的第 45 个心跳包发送成功
[04:17:19 INF] 【直播间】23040372 的第 46 个心跳包发送成功
[04:18:26 INF] 【直播间】23040372 的第 47 个心跳包发送成功
[04:19:32 INF] 【直播间】23040372 的第 48 个心跳包发送成功
[04:20:39 INF] 【直播间】23040372 的第 49 个心跳包发送成功
[04:21:45 INF] 【直播间】23040372 的第 50 个心跳包发送成功
[04:22:52 INF] 【直播间】23040372 的第 51 个心跳包发送成功
[04:23:59 INF] 【直播间】23040372 的第 52 个心跳包发送成功
[04:25:06 INF] 【直播间】23040372 的第 53 个心跳包发送成功
[04:26:13 ERR] 【心跳包】直播间 23040372 发送失败
[04:26:13 ERR] 【原因】time check failed
[04:27:19 INF] 【直播间】23040372 的第 54 个心跳包发送成功
[04:28:26 INF] 【直播间】23040372 的第 55 个心跳包发送成功
[04:29:32 INF] 【直播间】23040372 的第 56 个心跳包发送成功
[04:30:39 INF] 【直播间】23040372 的第 57 个心跳包发送成功
[04:31:46 INF] 【直播间】23040372 的第 58 个心跳包发送成功
[04:32:52 INF] 【直播间】23040372 的第 59 个心跳包发送成功
[04:33:59 INF] 【直播间】23040372 的第 60 个心跳包发送成功
[04:35:06 INF] 【直播间】23040372 的第 61 个心跳包发送成功
[04:36:12 INF] 【直播间】23040372 的第 62 个心跳包发送成功
[04:37:19 INF] 【直播间】23040372 的第 63 个心跳包发送成功
[04:38:26 INF] 【直播间】23040372 的第 64 个心跳包发送成功
[04:39:32 INF] 【直播间】23040372 的第 65 个心跳包发送成功
[04:40:39 INF] 【直播间】23040372 的第 66 个心跳包发送成功
[04:41:45 ERR] 【心跳包】直播间 23040372 发送失败
[04:41:45 ERR] 【原因】time check failed
[04:42:52 INF] 【直播间】23040372 的第 67 个心跳包发送成功
[04:43:58 INF] 【直播间】23040372 的第 68 个心跳包发送成功
[04:45:05 INF] 【直播间】23040372 的第 69 个心跳包发送成功
[04:46:12 INF] 【直播间】23040372 的第 70 个心跳包发送成功
[04:46:12 INF] 【直播观看时长】完成情况：1/1 
[04:46:12 INF] ---------结束---------

[04:46:12 INF] ==========结束==========

[04:46:12 INF] 

========================

 v1.0.3 开源 by https://github.com/RayWangQvQ/BiliBiliToolPro

[04:46:12 INF] ·开始推送·LiveFansMedal任务·
2023-05-17T20:46:12.4874939Z 开始推送到:自定义
2023-05-17T20:46:22.4674704Z Response status: OK.
2023-05-17T20:46:22.4675050Z Response content: {"message":"","success":true,"uuid":"60d5ff07b02d43aab8953f9ccc40cb75"}.

[04:46:22 INF] 运行环境：Development
[04:46:22 INF] 应用目录：/home/runner/work/BiliBiliToolPro/BiliBiliToolPro/src/Ray.BiliBiliTool.Console/bin/Debug/net6.0/

[04:46:22 INF] 运行结束
