----------- ip 信息 ---------
{
  "ip": "52.159.136.149",
  "city": "San Jose",
  "region": "California",
  "country": "US",
  "loc": "37.3394,-121.8950",
  "org": "AS8075 Microsoft Corporation",
  "postal": "95103",
  "timezone": "America/Los_Angeles",
  "readme": "https://ipinfo.io/missingauth"
} ---------- end ------------
  ____               ____    _   _____           _  
 |  _ \ __ _ _   _  | __ ) _| |_|_   _|__   ___ | | 
 | |_) / _` | | | | |  _ \(_) (_) | |/ _ \ / _ \| | 
 |  _ < (_| | |_| | | |_) | | | | | | (_) | (_) | | 
 |_| \_\__,_|\__, | |____/|_|_|_| |_|\___/ \___/|_| 
             |___/                                  

[00:27:07 INF] BiliBiliToolPro 开始运行...

[00:27:07 INF] 【账号个数】3个

[00:27:07 INF] 随机休眠2分钟

[00:29:07 INF] 【目标任务】LiveFansMedal
[00:29:07 INF] ######### 账号 1 #########

[00:29:07 INF] =====开始 直播间互动 =====

[00:29:07 INF] ---开始 发送弹幕 ---
[00:29:07 INF] 检测到直播 Cookie 未正确配置，尝试自动配置中...
[00:29:15 INF] 直播 Cookie 配置成功！
[00:29:15 INF] 【获取直播列表】获取拥有粉丝牌的直播列表
[00:29:22 INF] 【主播】Mark陌枫 
[00:29:37 INF] 【主播】KL_qiqi_ 
[00:29:56 INF] 【主播】苏打baka 
[00:30:13 INF] 【直播间】Mark陌枫
[00:30:13 INF] 【粉丝牌】馬楓
[00:30:13 INF] 正在发送弹幕...
[00:30:18 INF] 【直播间】KL_qiqi_
[00:30:18 INF] 【粉丝牌】qiqisb
[00:30:18 INF] 正在发送弹幕...
[00:30:23 INF] 【直播间】苏打baka
[00:30:23 INF] 【粉丝牌】碳酸钠
[00:30:23 INF] 正在发送弹幕...
[00:30:29 INF] -------结束-------

[00:30:29 INF] ---开始 点赞直播间 ---
[00:30:29 INF] 【获取直播列表】获取拥有粉丝牌的直播列表
[00:30:31 INF] 【弹幕发送】成功~，你和主播 Mark陌枫 的亲密值增加了100！
[00:30:35 INF] 【主播】Mark陌枫 
[00:30:37 INF] 【弹幕发送】成功~，你和主播 KL_qiqi_ 的亲密值增加了100！
[00:30:38 INF] 【弹幕发送】成功~，你和主播 苏打baka 的亲密值增加了100！
[00:30:49 INF] 【主播】KL_qiqi_ 
[00:31:05 INF] 【主播】苏打baka 
[00:31:23 INF] 【点赞直播间】23357926 完成
[00:31:30 INF] 【点赞直播间】407149 完成
[00:31:33 INF] --------结束--------

[00:31:33 INF] ---开始 直播时长挂机 ---
[00:31:33 INF] 【获取直播列表】获取拥有粉丝牌的直播列表
[00:31:33 INF] 【点赞直播间】23040372 完成
[00:31:41 INF] 【主播】Mark陌枫 
[00:31:53 INF] 【主播】KL_qiqi_ 
[00:32:10 INF] 【主播】苏打baka 
[00:32:31 INF] 【直播间】23357926 的第 1 个心跳包发送成功
[00:32:32 INF] 【直播间】407149 的第 1 个心跳包发送成功
[00:32:34 INF] 【直播间】23040372 的第 1 个心跳包发送成功
[00:33:38 INF] 【直播间】23357926 的第 2 个心跳包发送成功
[00:33:39 INF] 【直播间】407149 的第 2 个心跳包发送成功
[00:33:40 INF] 【直播间】23040372 的第 2 个心跳包发送成功
[00:34:44 INF] 【直播间】23357926 的第 3 个心跳包发送成功
[00:34:45 INF] 【直播间】407149 的第 3 个心跳包发送成功
[00:34:46 INF] 【直播间】23040372 的第 3 个心跳包发送成功
[00:35:50 INF] 【直播间】23357926 的第 4 个心跳包发送成功
[00:35:51 INF] 【直播间】407149 的第 4 个心跳包发送成功
[00:35:53 INF] 【直播间】23040372 的第 4 个心跳包发送成功
[00:36:57 INF] 【直播间】23357926 的第 5 个心跳包发送成功
[00:36:58 INF] 【直播间】407149 的第 5 个心跳包发送成功
[00:36:59 INF] 【直播间】23040372 的第 5 个心跳包发送成功
[00:38:03 INF] 【直播间】23357926 的第 6 个心跳包发送成功
[00:38:04 INF] 【直播间】407149 的第 6 个心跳包发送成功
[00:38:06 INF] 【直播间】23040372 的第 6 个心跳包发送成功
[00:39:09 INF] 【直播间】23357926 的第 7 个心跳包发送成功
[00:39:11 INF] 【直播间】407149 的第 7 个心跳包发送成功
[00:39:12 INF] 【直播间】23040372 的第 7 个心跳包发送成功
[00:40:16 INF] 【直播间】23357926 的第 8 个心跳包发送成功
[00:40:17 INF] 【直播间】407149 的第 8 个心跳包发送成功
[00:40:18 INF] 【直播间】23040372 的第 8 个心跳包发送成功
[00:41:22 INF] 【直播间】23357926 的第 9 个心跳包发送成功
[00:41:24 INF] 【直播间】407149 的第 9 个心跳包发送成功
[00:41:25 INF] 【直播间】23040372 的第 9 个心跳包发送成功
[00:42:29 INF] 【直播间】23357926 的第 10 个心跳包发送成功
[00:42:30 INF] 【直播间】407149 的第 10 个心跳包发送成功
[00:42:31 INF] 【直播间】23040372 的第 10 个心跳包发送成功
[00:43:35 INF] 【直播间】23357926 的第 11 个心跳包发送成功
[00:43:36 INF] 【直播间】407149 的第 11 个心跳包发送成功
[00:43:37 INF] 【直播间】23040372 的第 11 个心跳包发送成功
[00:44:41 INF] 【直播间】23357926 的第 12 个心跳包发送成功
[00:44:43 INF] 【直播间】407149 的第 12 个心跳包发送成功
[00:44:44 INF] 【直播间】23040372 的第 12 个心跳包发送成功
[00:45:48 INF] 【直播间】23357926 的第 13 个心跳包发送成功
[00:45:49 INF] 【直播间】407149 的第 13 个心跳包发送成功
[00:45:50 INF] 【直播间】23040372 的第 13 个心跳包发送成功
[00:46:54 INF] 【直播间】23357926 的第 14 个心跳包发送成功
[00:46:55 INF] 【直播间】407149 的第 14 个心跳包发送成功
[00:46:56 INF] 【直播间】23040372 的第 14 个心跳包发送成功
[00:48:00 INF] 【直播间】23357926 的第 15 个心跳包发送成功
[00:48:02 INF] 【直播间】407149 的第 15 个心跳包发送成功
[00:48:03 INF] 【直播间】23040372 的第 15 个心跳包发送成功
[00:49:07 ERR] 【心跳包】直播间 23357926 发送失败
[00:49:07 ERR] 【原因】time check failed
[00:49:08 ERR] 【心跳包】直播间 407149 发送失败
[00:49:08 ERR] 【原因】time check failed
[00:49:09 ERR] 【心跳包】直播间 23040372 发送失败
[00:49:09 ERR] 【原因】time check failed
[00:50:13 INF] 【直播间】23357926 的第 16 个心跳包发送成功
[00:50:14 INF] 【直播间】407149 的第 16 个心跳包发送成功
[00:50:15 INF] 【直播间】23040372 的第 16 个心跳包发送成功
[00:51:19 INF] 【直播间】23357926 的第 17 个心跳包发送成功
[00:51:21 INF] 【直播间】407149 的第 17 个心跳包发送成功
[00:51:22 INF] 【直播间】23040372 的第 17 个心跳包发送成功
[00:52:26 INF] 【直播间】23357926 的第 18 个心跳包发送成功
[00:52:27 INF] 【直播间】407149 的第 18 个心跳包发送成功
[00:52:28 INF] 【直播间】23040372 的第 18 个心跳包发送成功
[00:53:32 INF] 【直播间】23357926 的第 19 个心跳包发送成功
[00:53:33 INF] 【直播间】407149 的第 19 个心跳包发送成功
[00:53:35 INF] 【直播间】23040372 的第 19 个心跳包发送成功
[00:54:39 INF] 【直播间】23357926 的第 20 个心跳包发送成功
[00:54:40 INF] 【直播间】407149 的第 20 个心跳包发送成功
[00:54:41 INF] 【直播间】23040372 的第 20 个心跳包发送成功
[00:55:45 INF] 【直播间】23357926 的第 21 个心跳包发送成功
[00:55:46 INF] 【直播间】407149 的第 21 个心跳包发送成功
[00:55:47 INF] 【直播间】23040372 的第 21 个心跳包发送成功
[00:56:51 INF] 【直播间】23357926 的第 22 个心跳包发送成功
[00:56:53 INF] 【直播间】407149 的第 22 个心跳包发送成功
[00:56:54 INF] 【直播间】23040372 的第 22 个心跳包发送成功
[00:57:58 INF] 【直播间】23357926 的第 23 个心跳包发送成功
[00:57:59 INF] 【直播间】407149 的第 23 个心跳包发送成功
[00:58:00 INF] 【直播间】23040372 的第 23 个心跳包发送成功
[00:59:04 INF] 【直播间】23357926 的第 24 个心跳包发送成功
[00:59:05 INF] 【直播间】407149 的第 24 个心跳包发送成功
[00:59:06 INF] 【直播间】23040372 的第 24 个心跳包发送成功
[01:00:11 INF] 【直播间】23357926 的第 25 个心跳包发送成功
[01:00:12 INF] 【直播间】407149 的第 25 个心跳包发送成功
[01:00:13 INF] 【直播间】23040372 的第 25 个心跳包发送成功
[01:01:17 INF] 【直播间】23357926 的第 26 个心跳包发送成功
[01:01:18 INF] 【直播间】407149 的第 26 个心跳包发送成功
[01:01:19 INF] 【直播间】23040372 的第 26 个心跳包发送成功
[01:02:23 INF] 【直播间】23357926 的第 27 个心跳包发送成功
[01:02:24 INF] 【直播间】407149 的第 27 个心跳包发送成功
[01:02:26 INF] 【直播间】23040372 的第 27 个心跳包发送成功
[01:03:29 INF] 【直播间】23357926 的第 28 个心跳包发送成功
[01:03:31 INF] 【直播间】407149 的第 28 个心跳包发送成功
[01:03:32 INF] 【直播间】23040372 的第 28 个心跳包发送成功
[01:04:36 INF] 【直播间】23357926 的第 29 个心跳包发送成功
[01:04:37 INF] 【直播间】407149 的第 29 个心跳包发送成功
[01:04:38 INF] 【直播间】23040372 的第 29 个心跳包发送成功
[01:05:42 ERR] 【心跳包】直播间 23357926 发送失败
[01:05:42 ERR] 【原因】time check failed
[01:05:44 ERR] 【心跳包】直播间 407149 发送失败
[01:05:44 ERR] 【原因】time check failed
[01:05:45 ERR] 【心跳包】直播间 23040372 发送失败
[01:05:45 ERR] 【原因】time check failed
[01:06:49 INF] 【直播间】23357926 的第 30 个心跳包发送成功
[01:06:50 INF] 【直播间】407149 的第 30 个心跳包发送成功
[01:06:51 INF] 【直播间】23040372 的第 30 个心跳包发送成功
[01:07:55 INF] 【直播间】23357926 的第 31 个心跳包发送成功
[01:07:56 INF] 【直播间】407149 的第 31 个心跳包发送成功
[01:07:58 INF] 【直播间】23040372 的第 31 个心跳包发送成功
[01:09:01 INF] 【直播间】23357926 的第 32 个心跳包发送成功
[01:09:03 INF] 【直播间】407149 的第 32 个心跳包发送成功
[01:09:04 INF] 【直播间】23040372 的第 32 个心跳包发送成功
[01:10:08 INF] 【直播间】23357926 的第 33 个心跳包发送成功
[01:10:09 INF] 【直播间】407149 的第 33 个心跳包发送成功
[01:10:10 INF] 【直播间】23040372 的第 33 个心跳包发送成功
[01:11:14 INF] 【直播间】23357926 的第 34 个心跳包发送成功
[01:11:15 INF] 【直播间】407149 的第 34 个心跳包发送成功
[01:11:17 INF] 【直播间】23040372 的第 34 个心跳包发送成功
[01:12:20 INF] 【直播间】23357926 的第 35 个心跳包发送成功
[01:12:22 INF] 【直播间】407149 的第 35 个心跳包发送成功
[01:12:23 INF] 【直播间】23040372 的第 35 个心跳包发送成功
[01:13:27 INF] 【直播间】23357926 的第 36 个心跳包发送成功
[01:13:28 INF] 【直播间】407149 的第 36 个心跳包发送成功
[01:13:29 INF] 【直播间】23040372 的第 36 个心跳包发送成功
[01:14:33 INF] 【直播间】23357926 的第 37 个心跳包发送成功
[01:14:34 INF] 【直播间】407149 的第 37 个心跳包发送成功
[01:14:36 INF] 【直播间】23040372 的第 37 个心跳包发送成功
[01:15:39 INF] 【直播间】23357926 的第 38 个心跳包发送成功
[01:15:41 INF] 【直播间】407149 的第 38 个心跳包发送成功
[01:15:42 INF] 【直播间】23040372 的第 38 个心跳包发送成功
[01:16:46 INF] 【直播间】23357926 的第 39 个心跳包发送成功
[01:16:47 INF] 【直播间】407149 的第 39 个心跳包发送成功
[01:16:48 INF] 【直播间】23040372 的第 39 个心跳包发送成功
[01:17:52 INF] 【直播间】23357926 的第 40 个心跳包发送成功
[01:17:53 INF] 【直播间】407149 的第 40 个心跳包发送成功
[01:17:55 INF] 【直播间】23040372 的第 40 个心跳包发送成功
[01:18:59 INF] 【直播间】23357926 的第 41 个心跳包发送成功
[01:19:00 INF] 【直播间】407149 的第 41 个心跳包发送成功
[01:19:01 INF] 【直播间】23040372 的第 41 个心跳包发送成功
[01:20:05 INF] 【直播间】23357926 的第 42 个心跳包发送成功
[01:20:06 INF] 【直播间】407149 的第 42 个心跳包发送成功
[01:20:07 INF] 【直播间】23040372 的第 42 个心跳包发送成功
[01:21:11 INF] 【直播间】23357926 的第 43 个心跳包发送成功
[01:21:13 INF] 【直播间】407149 的第 43 个心跳包发送成功
[01:21:14 INF] 【直播间】23040372 的第 43 个心跳包发送成功
[01:22:18 ERR] 【心跳包】直播间 23357926 发送失败
[01:22:18 ERR] 【原因】time check failed
[01:22:19 ERR] 【心跳包】直播间 407149 发送失败
[01:22:19 ERR] 【原因】time check failed
[01:22:20 ERR] 【心跳包】直播间 23040372 发送失败
[01:22:20 ERR] 【原因】time check failed
[01:23:24 INF] 【直播间】23357926 的第 44 个心跳包发送成功
[01:23:25 INF] 【直播间】407149 的第 44 个心跳包发送成功
[01:23:26 INF] 【直播间】23040372 的第 44 个心跳包发送成功
[01:24:30 INF] 【直播间】23357926 的第 45 个心跳包发送成功
[01:24:31 INF] 【直播间】407149 的第 45 个心跳包发送成功
[01:24:33 INF] 【直播间】23040372 的第 45 个心跳包发送成功
[01:25:36 INF] 【直播间】23357926 的第 46 个心跳包发送成功
[01:25:38 INF] 【直播间】407149 的第 46 个心跳包发送成功
[01:25:39 INF] 【直播间】23040372 的第 46 个心跳包发送成功
[01:26:43 INF] 【直播间】23357926 的第 47 个心跳包发送成功
[01:26:44 INF] 【直播间】407149 的第 47 个心跳包发送成功
[01:26:45 INF] 【直播间】23040372 的第 47 个心跳包发送成功
[01:27:49 INF] 【直播间】23357926 的第 48 个心跳包发送成功
[01:27:50 INF] 【直播间】407149 的第 48 个心跳包发送成功
[01:27:51 INF] 【直播间】23040372 的第 48 个心跳包发送成功
[01:28:55 INF] 【直播间】23357926 的第 49 个心跳包发送成功
[01:28:57 INF] 【直播间】407149 的第 49 个心跳包发送成功
[01:28:58 INF] 【直播间】23040372 的第 49 个心跳包发送成功
[01:30:02 INF] 【直播间】23357926 的第 50 个心跳包发送成功
[01:30:03 INF] 【直播间】407149 的第 50 个心跳包发送成功
[01:30:04 INF] 【直播间】23040372 的第 50 个心跳包发送成功
[01:31:08 INF] 【直播间】23357926 的第 51 个心跳包发送成功
[01:31:10 INF] 【直播间】407149 的第 51 个心跳包发送成功
[01:31:11 INF] 【直播间】23040372 的第 51 个心跳包发送成功
[01:32:15 INF] 【直播间】23357926 的第 52 个心跳包发送成功
[01:32:16 INF] 【直播间】407149 的第 52 个心跳包发送成功
[01:32:17 INF] 【直播间】23040372 的第 52 个心跳包发送成功
[01:33:21 INF] 【直播间】23357926 的第 53 个心跳包发送成功
[01:33:22 INF] 【直播间】407149 的第 53 个心跳包发送成功
[01:33:24 INF] 【直播间】23040372 的第 53 个心跳包发送成功
[01:34:27 INF] 【直播间】23357926 的第 54 个心跳包发送成功
[01:34:29 INF] 【直播间】407149 的第 54 个心跳包发送成功
[01:34:30 INF] 【直播间】23040372 的第 54 个心跳包发送成功
[01:35:34 INF] 【直播间】23357926 的第 55 个心跳包发送成功
[01:35:35 INF] 【直播间】407149 的第 55 个心跳包发送成功
[01:35:36 INF] 【直播间】23040372 的第 55 个心跳包发送成功
[01:36:40 INF] 【直播间】23357926 的第 56 个心跳包发送成功
[01:36:41 INF] 【直播间】407149 的第 56 个心跳包发送成功
[01:36:42 INF] 【直播间】23040372 的第 56 个心跳包发送成功
[01:37:46 INF] 【直播间】23357926 的第 57 个心跳包发送成功
[01:37:48 INF] 【直播间】407149 的第 57 个心跳包发送成功
[01:37:49 INF] 【直播间】23040372 的第 57 个心跳包发送成功
[01:38:53 ERR] 【心跳包】直播间 23357926 发送失败
[01:38:53 ERR] 【原因】time check failed
[01:38:54 ERR] 【心跳包】直播间 407149 发送失败
[01:38:54 ERR] 【原因】time check failed
[01:38:55 ERR] 【心跳包】直播间 23040372 发送失败
[01:38:55 ERR] 【原因】time check failed
[01:39:59 INF] 【直播间】23357926 的第 58 个心跳包发送成功
[01:40:00 INF] 【直播间】407149 的第 58 个心跳包发送成功
[01:40:02 INF] 【直播间】23040372 的第 58 个心跳包发送成功
[01:41:05 INF] 【直播间】23357926 的第 59 个心跳包发送成功
[01:41:06 INF] 【直播间】407149 的第 59 个心跳包发送成功
[01:41:08 INF] 【直播间】23040372 的第 59 个心跳包发送成功
[01:42:12 INF] 【直播间】23357926 的第 60 个心跳包发送成功
[01:42:13 INF] 【直播间】407149 的第 60 个心跳包发送成功
[01:42:14 INF] 【直播间】23040372 的第 60 个心跳包发送成功
[01:43:18 INF] 【直播间】23357926 的第 61 个心跳包发送成功
[01:43:19 INF] 【直播间】407149 的第 61 个心跳包发送成功
[01:43:20 INF] 【直播间】23040372 的第 61 个心跳包发送成功
[01:44:24 INF] 【直播间】23357926 的第 62 个心跳包发送成功
[01:44:25 INF] 【直播间】407149 的第 62 个心跳包发送成功
[01:44:27 INF] 【直播间】23040372 的第 62 个心跳包发送成功
[01:45:31 INF] 【直播间】23357926 的第 63 个心跳包发送成功
[01:45:32 INF] 【直播间】407149 的第 63 个心跳包发送成功
[01:45:33 INF] 【直播间】23040372 的第 63 个心跳包发送成功
[01:46:37 INF] 【直播间】23357926 的第 64 个心跳包发送成功
[01:46:38 INF] 【直播间】407149 的第 64 个心跳包发送成功
[01:46:39 INF] 【直播间】23040372 的第 64 个心跳包发送成功
[01:47:43 INF] 【直播间】23357926 的第 65 个心跳包发送成功
[01:47:44 INF] 【直播间】407149 的第 65 个心跳包发送成功
[01:47:46 INF] 【直播间】23040372 的第 65 个心跳包发送成功
[01:48:50 INF] 【直播间】23357926 的第 66 个心跳包发送成功
[01:48:51 INF] 【直播间】407149 的第 66 个心跳包发送成功
[01:48:52 INF] 【直播间】23040372 的第 66 个心跳包发送成功
[01:49:56 INF] 【直播间】23357926 的第 67 个心跳包发送成功
[01:49:57 INF] 【直播间】407149 的第 67 个心跳包发送成功
[01:49:58 INF] 【直播间】23040372 的第 67 个心跳包发送成功
[01:51:02 INF] 【直播间】23357926 的第 68 个心跳包发送成功
[01:51:04 INF] 【直播间】407149 的第 68 个心跳包发送成功
[01:51:05 INF] 【直播间】23040372 的第 68 个心跳包发送成功
[01:52:09 INF] 【直播间】23357926 的第 69 个心跳包发送成功
[01:52:10 INF] 【直播间】407149 的第 69 个心跳包发送成功
[01:52:11 INF] 【直播间】23040372 的第 69 个心跳包发送成功
[01:53:15 INF] 【直播间】23357926 的第 70 个心跳包发送成功
[01:53:17 INF] 【直播间】407149 的第 70 个心跳包发送成功
[01:53:18 INF] 【直播间】23040372 的第 70 个心跳包发送成功
[01:53:18 INF] 【直播观看时长】完成情况：3/3 
[01:53:18 INF] ---------结束---------

[01:53:18 INF] ==========结束==========

[01:53:18 INF] ######### 账号 2 #########

[01:53:18 INF] =====开始 直播间互动 =====

[01:53:18 INF] ---开始 发送弹幕 ---
[01:53:18 INF] 检测到直播 Cookie 未正确配置，尝试自动配置中...
[01:53:24 INF] 直播 Cookie 配置成功！
[01:53:24 INF] 【获取直播列表】获取拥有粉丝牌的直播列表
[01:53:28 INF] 【主播】Mark陌枫 
[01:53:48 INF] 【主播】苏打baka 
[01:54:05 INF] 【主播】特别中二的q3君 
[01:54:20 INF] 【主播】陈抱一 
[01:54:34 INF] 【主播】贪玩的小毅 
[01:54:50 INF] 【主播】KL_qiqi_ 
[01:55:09 INF] 【主播】悠悠球琛总 
[01:55:24 INF] 【主播】新石器公园 
[01:55:38 INF] 【主播】脏小豆 
[01:55:54 INF] 【主播】记录生活的蛋黄派 
[01:56:07 INF] 【主播】FoFTG 
[01:56:26 INF] 【主播】李船长笔记 
[01:56:46 INF] 【直播间】Mark陌枫
[01:56:46 INF] 【粉丝牌】馬楓
[01:56:46 INF] 正在发送弹幕...
[01:56:53 INF] 【直播间】苏打baka
[01:56:53 INF] 【粉丝牌】碳酸钠
[01:56:53 INF] 正在发送弹幕...
[01:56:56 INF] 【直播间】特别中二的q3君
[01:56:56 INF] 【粉丝牌】q3GG
[01:56:56 INF] 正在发送弹幕...
[01:57:01 INF] 【直播间】陈抱一
[01:57:01 INF] 【粉丝牌】陈抱一
[01:57:01 INF] 正在发送弹幕...
[01:57:07 INF] 【弹幕发送】成功~，你和主播 Mark陌枫 的亲密值增加了100！
[01:57:07 INF] 【直播间】贪玩的小毅
[01:57:07 INF] 【粉丝牌】大大毅
[01:57:07 INF] 正在发送弹幕...
[01:57:08 INF] 【弹幕发送】成功~，你和主播 苏打baka 的亲密值增加了100！
[01:57:11 INF] 【直播间】KL_qiqi_
[01:57:11 INF] 【粉丝牌】qiqisb
[01:57:11 INF] 正在发送弹幕...
[01:57:14 INF] 【弹幕发送】成功~，你和主播 特别中二的q3君 的亲密值增加了100！
[01:57:14 INF] 【直播间】悠悠球琛总
[01:57:14 INF] 【粉丝牌】i琛
[01:57:14 INF] 正在发送弹幕...
[01:57:17 INF] 【直播间】新石器公园
[01:57:17 INF] 【粉丝牌】东园主
[01:57:17 INF] 正在发送弹幕...
[01:57:19 INF] 【弹幕发送】成功~，你和主播 贪玩的小毅 的亲密值增加了100！
[01:57:19 INF] 【弹幕发送】成功~，你和主播 陈抱一 的亲密值增加了100！
[01:57:21 INF] 【直播间】脏小豆
[01:57:21 INF] 【粉丝牌】豆豆浆
[01:57:21 INF] 正在发送弹幕...
[01:57:27 INF] 【弹幕发送】成功~，你和主播 KL_qiqi_ 的亲密值增加了100！
[01:57:28 ERR] 【弹幕发送】失败
[01:57:28 ERR] 【原因】您发送弹幕的频率过快
[01:57:28 INF] 【直播间】记录生活的蛋黄派
[01:57:28 INF] 【粉丝牌】派派派
[01:57:28 INF] 正在发送弹幕...
[01:57:33 INF] 【弹幕发送】成功~，你和主播 新石器公园 的亲密值增加了100！
[01:57:34 INF] 【直播间】FoFTG
[01:57:34 INF] 【粉丝牌】FOFTG
[01:57:34 INF] 正在发送弹幕...
[01:57:39 INF] 【直播间】李船长笔记
[01:57:39 INF] 【粉丝牌】航海仕
[01:57:39 INF] 正在发送弹幕...
[01:57:40 INF] 【弹幕发送】成功~，你和主播 脏小豆 的亲密值增加了100！
[01:57:44 INF] 【弹幕发送】成功~，你和主播 记录生活的蛋黄派 的亲密值增加了100！
[01:57:46 INF] -------结束-------

[01:57:46 INF] ---开始 点赞直播间 ---
[01:57:46 INF] 【获取直播列表】获取拥有粉丝牌的直播列表
[01:57:51 INF] 【弹幕发送】成功~，你和主播 FoFTG 的亲密值增加了100！
[01:57:51 INF] 【主播】Mark陌枫 
[01:57:55 INF] 【弹幕发送】成功~，你和主播 李船长笔记 的亲密值增加了100！
[01:58:08 INF] 【主播】苏打baka 
[01:58:26 INF] 【主播】特别中二的q3君 
[01:58:47 INF] 【主播】陈抱一 
[01:59:03 INF] 【主播】贪玩的小毅 
[01:59:20 INF] 【主播】KL_qiqi_ 
[01:59:35 INF] 【主播】悠悠球琛总 
[01:59:53 INF] 【主播】新石器公园 
[02:00:10 INF] 【主播】脏小豆 
[02:00:25 INF] 【主播】记录生活的蛋黄派 
[02:00:40 INF] 【主播】FoFTG 
[02:00:52 INF] 【主播】李船长笔记 
[02:01:17 INF] 【点赞直播间】23357926 完成
[02:01:22 INF] 【点赞直播间】23040372 完成
[02:01:27 INF] 【点赞直播间】31494 完成
[02:01:32 INF] 【点赞直播间】4015781 完成
[02:01:37 INF] 【点赞直播间】9619073 完成
[02:01:42 INF] 【点赞直播间】407149 完成
[02:01:49 INF] 【点赞直播间】7184632 完成
[02:01:56 INF] 【点赞直播间】23447660 完成
[02:02:00 INF] 【点赞直播间】929670 完成
[02:02:06 INF] 【点赞直播间】11732699 完成
[02:02:09 INF] 【点赞直播间】91164 完成
[02:02:14 INF] --------结束--------

[02:02:14 INF] ---开始 直播时长挂机 ---
[02:02:14 INF] 【获取直播列表】获取拥有粉丝牌的直播列表
[02:02:15 INF] 【点赞直播间】22764265 完成
[02:02:19 INF] 【主播】Mark陌枫 
[02:02:36 INF] 【主播】苏打baka 
[02:02:54 INF] 【主播】特别中二的q3君 
[02:03:09 INF] 【主播】陈抱一 
[02:03:23 INF] 【主播】贪玩的小毅 
[02:03:40 INF] 【主播】KL_qiqi_ 
[02:03:55 INF] 【主播】悠悠球琛总 
[02:04:12 INF] 【主播】新石器公园 
[02:04:27 INF] 【主播】脏小豆 
[02:04:43 INF] 【主播】记录生活的蛋黄派 
[02:04:57 INF] 【主播】FoFTG 
[02:05:15 INF] 【主播】李船长笔记 
[02:05:30 INF] 【直播间】23357926 的第 1 个心跳包发送成功
[02:05:31 INF] 【直播间】23040372 的第 1 个心跳包发送成功
[02:05:32 INF] 【直播间】31494 的第 1 个心跳包发送成功
[02:05:33 INF] 【直播间】4015781 的第 1 个心跳包发送成功
[02:05:35 INF] 【直播间】9619073 的第 1 个心跳包发送成功
[02:05:36 INF] 【直播间】407149 的第 1 个心跳包发送成功
[02:05:37 INF] 【直播间】7184632 的第 1 个心跳包发送成功
[02:05:38 INF] 【直播间】23447660 的第 1 个心跳包发送成功
[02:05:39 INF] 【直播间】929670 的第 1 个心跳包发送成功
[02:05:41 INF] 【直播间】11732699 的第 1 个心跳包发送成功
[02:05:42 INF] 【直播间】91164 的第 1 个心跳包发送成功
[02:05:43 INF] 【直播间】22764265 的第 1 个心跳包发送成功
[02:06:36 INF] 【直播间】23357926 的第 2 个心跳包发送成功
[02:06:37 INF] 【直播间】23040372 的第 2 个心跳包发送成功
[02:06:38 INF] 【直播间】31494 的第 2 个心跳包发送成功
[02:06:40 INF] 【直播间】4015781 的第 2 个心跳包发送成功
[02:06:41 INF] 【直播间】9619073 的第 2 个心跳包发送成功
[02:06:42 INF] 【直播间】407149 的第 2 个心跳包发送成功
[02:06:43 INF] 【直播间】7184632 的第 2 个心跳包发送成功
[02:06:45 INF] 【直播间】23447660 的第 2 个心跳包发送成功
[02:06:46 INF] 【直播间】929670 的第 2 个心跳包发送成功
[02:06:47 INF] 【直播间】11732699 的第 2 个心跳包发送成功
[02:06:48 INF] 【直播间】91164 的第 2 个心跳包发送成功
[02:06:50 INF] 【直播间】22764265 的第 2 个心跳包发送成功
[02:07:42 INF] 【直播间】23357926 的第 3 个心跳包发送成功
[02:07:44 INF] 【直播间】23040372 的第 3 个心跳包发送成功
[02:07:45 INF] 【直播间】31494 的第 3 个心跳包发送成功
[02:07:46 INF] 【直播间】4015781 的第 3 个心跳包发送成功
[02:07:47 INF] 【直播间】9619073 的第 3 个心跳包发送成功
[02:07:48 INF] 【直播间】407149 的第 3 个心跳包发送成功
[02:07:50 INF] 【直播间】7184632 的第 3 个心跳包发送成功
[02:07:51 INF] 【直播间】23447660 的第 3 个心跳包发送成功
[02:07:52 INF] 【直播间】929670 的第 3 个心跳包发送成功
[02:07:53 INF] 【直播间】11732699 的第 3 个心跳包发送成功
[02:07:55 INF] 【直播间】91164 的第 3 个心跳包发送成功
[02:07:56 INF] 【直播间】22764265 的第 3 个心跳包发送成功
[02:08:49 INF] 【直播间】23357926 的第 4 个心跳包发送成功
[02:08:50 INF] 【直播间】23040372 的第 4 个心跳包发送成功
[02:08:51 INF] 【直播间】31494 的第 4 个心跳包发送成功
[02:08:52 INF] 【直播间】4015781 的第 4 个心跳包发送成功
[02:08:53 INF] 【直播间】9619073 的第 4 个心跳包发送成功
[02:08:55 INF] 【直播间】407149 的第 4 个心跳包发送成功
[02:08:56 INF] 【直播间】7184632 的第 4 个心跳包发送成功
[02:08:57 INF] 【直播间】23447660 的第 4 个心跳包发送成功
[02:08:58 INF] 【直播间】929670 的第 4 个心跳包发送成功
[02:09:00 INF] 【直播间】11732699 的第 4 个心跳包发送成功
[02:09:01 INF] 【直播间】91164 的第 4 个心跳包发送成功
[02:09:02 INF] 【直播间】22764265 的第 4 个心跳包发送成功
[02:09:55 INF] 【直播间】23357926 的第 5 个心跳包发送成功
[02:09:56 INF] 【直播间】23040372 的第 5 个心跳包发送成功
[02:09:57 INF] 【直播间】31494 的第 5 个心跳包发送成功
[02:09:59 INF] 【直播间】4015781 的第 5 个心跳包发送成功
[02:10:00 INF] 【直播间】9619073 的第 5 个心跳包发送成功
[02:10:01 INF] 【直播间】407149 的第 5 个心跳包发送成功
[02:10:02 INF] 【直播间】7184632 的第 5 个心跳包发送成功
[02:10:03 INF] 【直播间】23447660 的第 5 个心跳包发送成功
[02:10:05 INF] 【直播间】929670 的第 5 个心跳包发送成功
[02:10:06 INF] 【直播间】11732699 的第 5 个心跳包发送成功
[02:10:07 INF] 【直播间】91164 的第 5 个心跳包发送成功
[02:10:08 INF] 【直播间】22764265 的第 5 个心跳包发送成功
[02:11:01 INF] 【直播间】23357926 的第 6 个心跳包发送成功
[02:11:02 INF] 【直播间】23040372 的第 6 个心跳包发送成功
[02:11:04 INF] 【直播间】31494 的第 6 个心跳包发送成功
[02:11:05 INF] 【直播间】4015781 的第 6 个心跳包发送成功
[02:11:06 INF] 【直播间】9619073 的第 6 个心跳包发送成功
[02:11:07 INF] 【直播间】407149 的第 6 个心跳包发送成功
[02:11:09 INF] 【直播间】7184632 的第 6 个心跳包发送成功
[02:11:10 INF] 【直播间】23447660 的第 6 个心跳包发送成功
[02:11:11 INF] 【直播间】929670 的第 6 个心跳包发送成功
[02:11:12 INF] 【直播间】11732699 的第 6 个心跳包发送成功
[02:11:13 INF] 【直播间】91164 的第 6 个心跳包发送成功
[02:11:15 INF] 【直播间】22764265 的第 6 个心跳包发送成功
[02:12:08 INF] 【直播间】23357926 的第 7 个心跳包发送成功
[02:12:09 INF] 【直播间】23040372 的第 7 个心跳包发送成功
[02:12:10 INF] 【直播间】31494 的第 7 个心跳包发送成功
[02:12:11 INF] 【直播间】4015781 的第 7 个心跳包发送成功
[02:12:12 INF] 【直播间】9619073 的第 7 个心跳包发送成功
[02:12:14 INF] 【直播间】407149 的第 7 个心跳包发送成功
[02:12:15 INF] 【直播间】7184632 的第 7 个心跳包发送成功
[02:12:16 INF] 【直播间】23447660 的第 7 个心跳包发送成功
[02:12:17 INF] 【直播间】929670 的第 7 个心跳包发送成功
[02:12:18 INF] 【直播间】11732699 的第 7 个心跳包发送成功
[02:12:20 INF] 【直播间】91164 的第 7 个心跳包发送成功
[02:12:21 INF] 【直播间】22764265 的第 7 个心跳包发送成功
[02:13:14 INF] 【直播间】23357926 的第 8 个心跳包发送成功
[02:13:15 INF] 【直播间】23040372 的第 8 个心跳包发送成功
[02:13:17 INF] 【直播间】31494 的第 8 个心跳包发送成功
[02:13:18 INF] 【直播间】4015781 的第 8 个心跳包发送成功
[02:13:19 INF] 【直播间】9619073 的第 8 个心跳包发送成功
[02:13:20 INF] 【直播间】407149 的第 8 个心跳包发送成功
[02:13:21 INF] 【直播间】7184632 的第 8 个心跳包发送成功
[02:13:23 INF] 【直播间】23447660 的第 8 个心跳包发送成功
[02:13:24 INF] 【直播间】929670 的第 8 个心跳包发送成功
[02:13:25 INF] 【直播间】11732699 的第 8 个心跳包发送成功
[02:13:26 INF] 【直播间】91164 的第 8 个心跳包发送成功
[02:13:27 INF] 【直播间】22764265 的第 8 个心跳包发送成功
[02:14:20 INF] 【直播间】23357926 的第 9 个心跳包发送成功
[02:14:22 INF] 【直播间】23040372 的第 9 个心跳包发送成功
[02:14:23 INF] 【直播间】31494 的第 9 个心跳包发送成功
[02:14:24 INF] 【直播间】4015781 的第 9 个心跳包发送成功
[02:14:25 INF] 【直播间】9619073 的第 9 个心跳包发送成功
[02:14:27 INF] 【直播间】407149 的第 9 个心跳包发送成功
[02:14:28 INF] 【直播间】7184632 的第 9 个心跳包发送成功
[02:14:29 INF] 【直播间】23447660 的第 9 个心跳包发送成功
[02:14:30 INF] 【直播间】929670 的第 9 个心跳包发送成功
[02:14:31 INF] 【直播间】11732699 的第 9 个心跳包发送成功
[02:14:33 INF] 【直播间】91164 的第 9 个心跳包发送成功
[02:14:34 INF] 【直播间】22764265 的第 9 个心跳包发送成功
[02:15:27 INF] 【直播间】23357926 的第 10 个心跳包发送成功
[02:15:28 INF] 【直播间】23040372 的第 10 个心跳包发送成功
[02:15:29 INF] 【直播间】31494 的第 10 个心跳包发送成功
[02:15:30 INF] 【直播间】4015781 的第 10 个心跳包发送成功
[02:15:32 INF] 【直播间】9619073 的第 10 个心跳包发送成功
[02:15:33 INF] 【直播间】407149 的第 10 个心跳包发送成功
[02:15:34 INF] 【直播间】7184632 的第 10 个心跳包发送成功
[02:15:35 INF] 【直播间】23447660 的第 10 个心跳包发送成功
[02:15:36 INF] 【直播间】929670 的第 10 个心跳包发送成功
[02:15:38 INF] 【直播间】11732699 的第 10 个心跳包发送成功
[02:15:39 INF] 【直播间】91164 的第 10 个心跳包发送成功
[02:15:40 INF] 【直播间】22764265 的第 10 个心跳包发送成功
[02:16:33 INF] 【直播间】23357926 的第 11 个心跳包发送成功
[02:16:35 INF] 【直播间】23040372 的第 11 个心跳包发送成功
[02:16:36 INF] 【直播间】31494 的第 11 个心跳包发送成功
[02:16:37 INF] 【直播间】4015781 的第 11 个心跳包发送成功
[02:16:38 INF] 【直播间】9619073 的第 11 个心跳包发送成功
[02:16:39 INF] 【直播间】407149 的第 11 个心跳包发送成功
[02:16:40 INF] 【直播间】7184632 的第 11 个心跳包发送成功
[02:16:42 INF] 【直播间】23447660 的第 11 个心跳包发送成功
[02:16:43 INF] 【直播间】929670 的第 11 个心跳包发送成功
[02:16:44 INF] 【直播间】11732699 的第 11 个心跳包发送成功
[02:16:45 INF] 【直播间】91164 的第 11 个心跳包发送成功
[02:16:47 INF] 【直播间】22764265 的第 11 个心跳包发送成功
[02:17:39 INF] 【直播间】23357926 的第 12 个心跳包发送成功
[02:17:41 INF] 【直播间】23040372 的第 12 个心跳包发送成功
[02:17:42 INF] 【直播间】31494 的第 12 个心跳包发送成功
[02:17:43 INF] 【直播间】4015781 的第 12 个心跳包发送成功
[02:17:45 INF] 【直播间】9619073 的第 12 个心跳包发送成功
[02:17:46 INF] 【直播间】407149 的第 12 个心跳包发送成功
[02:17:47 INF] 【直播间】7184632 的第 12 个心跳包发送成功
[02:17:48 INF] 【直播间】23447660 的第 12 个心跳包发送成功
[02:17:49 INF] 【直播间】929670 的第 12 个心跳包发送成功
[02:17:51 INF] 【直播间】11732699 的第 12 个心跳包发送成功
[02:17:52 INF] 【直播间】91164 的第 12 个心跳包发送成功
[02:17:53 INF] 【直播间】22764265 的第 12 个心跳包发送成功
[02:18:46 INF] 【直播间】23357926 的第 13 个心跳包发送成功
[02:18:47 INF] 【直播间】23040372 的第 13 个心跳包发送成功
[02:18:48 INF] 【直播间】31494 的第 13 个心跳包发送成功
[02:18:50 INF] 【直播间】4015781 的第 13 个心跳包发送成功
[02:18:51 INF] 【直播间】9619073 的第 13 个心跳包发送成功
[02:18:52 INF] 【直播间】407149 的第 13 个心跳包发送成功
[02:18:53 INF] 【直播间】7184632 的第 13 个心跳包发送成功
[02:18:54 INF] 【直播间】23447660 的第 13 个心跳包发送成功
[02:18:56 INF] 【直播间】929670 的第 13 个心跳包发送成功
[02:18:57 INF] 【直播间】11732699 的第 13 个心跳包发送成功
[02:18:58 INF] 【直播间】91164 的第 13 个心跳包发送成功
[02:18:59 INF] 【直播间】22764265 的第 13 个心跳包发送成功
[02:19:52 INF] 【直播间】23357926 的第 14 个心跳包发送成功
[02:19:53 INF] 【直播间】23040372 的第 14 个心跳包发送成功
[02:19:55 INF] 【直播间】31494 的第 14 个心跳包发送成功
[02:19:56 INF] 【直播间】4015781 的第 14 个心跳包发送成功
[02:19:57 INF] 【直播间】9619073 的第 14 个心跳包发送成功
[02:19:58 INF] 【直播间】407149 的第 14 个心跳包发送成功
[02:19:59 INF] 【直播间】7184632 的第 14 个心跳包发送成功
[02:20:01 INF] 【直播间】23447660 的第 14 个心跳包发送成功
[02:20:02 INF] 【直播间】929670 的第 14 个心跳包发送成功
[02:20:03 INF] 【直播间】11732699 的第 14 个心跳包发送成功
[02:20:04 INF] 【直播间】91164 的第 14 个心跳包发送成功
[02:20:06 INF] 【直播间】22764265 的第 14 个心跳包发送成功
[02:20:59 INF] 【直播间】23357926 的第 15 个心跳包发送成功
[02:21:00 INF] 【直播间】23040372 的第 15 个心跳包发送成功
[02:21:01 INF] 【直播间】31494 的第 15 个心跳包发送成功
[02:21:02 INF] 【直播间】4015781 的第 15 个心跳包发送成功
[02:21:03 INF] 【直播间】9619073 的第 15 个心跳包发送成功
[02:21:05 INF] 【直播间】407149 的第 15 个心跳包发送成功
[02:21:06 INF] 【直播间】7184632 的第 15 个心跳包发送成功
[02:21:07 INF] 【直播间】23447660 的第 15 个心跳包发送成功
[02:21:08 INF] 【直播间】929670 的第 15 个心跳包发送成功
[02:21:09 INF] 【直播间】11732699 的第 15 个心跳包发送成功
[02:21:11 INF] 【直播间】91164 的第 15 个心跳包发送成功
[02:21:12 INF] 【直播间】22764265 的第 15 个心跳包发送成功
[02:22:05 ERR] 【心跳包】直播间 23357926 发送失败
[02:22:05 ERR] 【原因】time check failed
[02:22:06 ERR] 【心跳包】直播间 23040372 发送失败
[02:22:06 ERR] 【原因】time check failed
[02:22:07 ERR] 【心跳包】直播间 31494 发送失败
[02:22:07 ERR] 【原因】time check failed
[02:22:09 ERR] 【心跳包】直播间 4015781 发送失败
[02:22:09 ERR] 【原因】time check failed
[02:22:10 ERR] 【心跳包】直播间 9619073 发送失败
[02:22:10 ERR] 【原因】time check failed
[02:22:11 ERR] 【心跳包】直播间 407149 发送失败
[02:22:11 ERR] 【原因】time check failed
[02:22:12 ERR] 【心跳包】直播间 7184632 发送失败
[02:22:12 ERR] 【原因】time check failed
[02:22:13 ERR] 【心跳包】直播间 23447660 发送失败
[02:22:13 ERR] 【原因】time check failed
[02:22:15 ERR] 【心跳包】直播间 929670 发送失败
[02:22:15 ERR] 【原因】time check failed
[02:22:16 ERR] 【心跳包】直播间 11732699 发送失败
[02:22:16 ERR] 【原因】time check failed
[02:22:17 ERR] 【心跳包】直播间 91164 发送失败
[02:22:17 ERR] 【原因】time check failed
[02:22:18 ERR] 【心跳包】直播间 22764265 发送失败
[02:22:18 ERR] 【原因】time check failed
[02:23:11 INF] 【直播间】23357926 的第 16 个心跳包发送成功
[02:23:13 INF] 【直播间】23040372 的第 16 个心跳包发送成功
[02:23:14 INF] 【直播间】31494 的第 16 个心跳包发送成功
[02:23:15 INF] 【直播间】4015781 的第 16 个心跳包发送成功
[02:23:16 INF] 【直播间】9619073 的第 16 个心跳包发送成功
[02:23:17 INF] 【直播间】407149 的第 16 个心跳包发送成功
[02:23:19 INF] 【直播间】7184632 的第 16 个心跳包发送成功
[02:23:20 INF] 【直播间】23447660 的第 16 个心跳包发送成功
[02:23:21 INF] 【直播间】929670 的第 16 个心跳包发送成功
[02:23:22 INF] 【直播间】11732699 的第 16 个心跳包发送成功
[02:23:24 INF] 【直播间】91164 的第 16 个心跳包发送成功
[02:23:25 INF] 【直播间】22764265 的第 16 个心跳包发送成功
[02:24:18 INF] 【直播间】23357926 的第 17 个心跳包发送成功
[02:24:19 INF] 【直播间】23040372 的第 17 个心跳包发送成功
[02:24:20 INF] 【直播间】31494 的第 17 个心跳包发送成功
[02:24:21 INF] 【直播间】4015781 的第 17 个心跳包发送成功
[02:24:22 INF] 【直播间】9619073 的第 17 个心跳包发送成功
[02:24:24 INF] 【直播间】407149 的第 17 个心跳包发送成功
[02:24:25 INF] 【直播间】7184632 的第 17 个心跳包发送成功
[02:24:26 INF] 【直播间】23447660 的第 17 个心跳包发送成功
[02:24:27 INF] 【直播间】929670 的第 17 个心跳包发送成功
[02:24:29 INF] 【直播间】11732699 的第 17 个心跳包发送成功
[02:24:30 INF] 【直播间】91164 的第 17 个心跳包发送成功
[02:24:31 INF] 【直播间】22764265 的第 17 个心跳包发送成功
[02:25:24 INF] 【直播间】23357926 的第 18 个心跳包发送成功
[02:25:25 INF] 【直播间】23040372 的第 18 个心跳包发送成功
[02:25:26 INF] 【直播间】31494 的第 18 个心跳包发送成功
[02:25:28 INF] 【直播间】4015781 的第 18 个心跳包发送成功
[02:25:29 INF] 【直播间】9619073 的第 18 个心跳包发送成功
[02:25:30 INF] 【直播间】407149 的第 18 个心跳包发送成功
[02:25:31 INF] 【直播间】7184632 的第 18 个心跳包发送成功
[02:25:32 INF] 【直播间】23447660 的第 18 个心跳包发送成功
[02:25:34 INF] 【直播间】929670 的第 18 个心跳包发送成功
[02:25:35 INF] 【直播间】11732699 的第 18 个心跳包发送成功
[02:25:36 INF] 【直播间】91164 的第 18 个心跳包发送成功
[02:25:37 INF] 【直播间】22764265 的第 18 个心跳包发送成功
[02:26:30 INF] 【直播间】23357926 的第 19 个心跳包发送成功
[02:26:32 INF] 【直播间】23040372 的第 19 个心跳包发送成功
[02:26:33 INF] 【直播间】31494 的第 19 个心跳包发送成功
[02:26:34 INF] 【直播间】4015781 的第 19 个心跳包发送成功
[02:26:35 INF] 【直播间】9619073 的第 19 个心跳包发送成功
[02:26:36 INF] 【直播间】407149 的第 19 个心跳包发送成功
[02:26:38 INF] 【直播间】7184632 的第 19 个心跳包发送成功
[02:26:39 INF] 【直播间】23447660 的第 19 个心跳包发送成功
[02:26:40 INF] 【直播间】929670 的第 19 个心跳包发送成功
[02:26:41 INF] 【直播间】11732699 的第 19 个心跳包发送成功
[02:26:42 INF] 【直播间】91164 的第 19 个心跳包发送成功
[02:26:44 INF] 【直播间】22764265 的第 19 个心跳包发送成功
[02:27:37 INF] 【直播间】23357926 的第 20 个心跳包发送成功
[02:27:38 INF] 【直播间】23040372 的第 20 个心跳包发送成功
[02:27:39 INF] 【直播间】31494 的第 20 个心跳包发送成功
[02:27:40 INF] 【直播间】4015781 的第 20 个心跳包发送成功
[02:27:41 INF] 【直播间】9619073 的第 20 个心跳包发送成功
[02:27:43 INF] 【直播间】407149 的第 20 个心跳包发送成功
[02:27:44 INF] 【直播间】7184632 的第 20 个心跳包发送成功
[02:27:45 INF] 【直播间】23447660 的第 20 个心跳包发送成功
[02:27:46 INF] 【直播间】929670 的第 20 个心跳包发送成功
[02:27:47 INF] 【直播间】11732699 的第 20 个心跳包发送成功
[02:27:49 INF] 【直播间】91164 的第 20 个心跳包发送成功
[02:27:50 INF] 【直播间】22764265 的第 20 个心跳包发送成功
[02:28:43 INF] 【直播间】23357926 的第 21 个心跳包发送成功
[02:28:44 INF] 【直播间】23040372 的第 21 个心跳包发送成功
[02:28:45 INF] 【直播间】31494 的第 21 个心跳包发送成功
[02:28:46 INF] 【直播间】4015781 的第 21 个心跳包发送成功
[02:28:48 INF] 【直播间】9619073 的第 21 个心跳包发送成功
[02:28:49 INF] 【直播间】407149 的第 21 个心跳包发送成功
[02:28:50 INF] 【直播间】7184632 的第 21 个心跳包发送成功
[02:28:51 INF] 【直播间】23447660 的第 21 个心跳包发送成功
[02:28:52 INF] 【直播间】929670 的第 21 个心跳包发送成功
[02:28:54 INF] 【直播间】11732699 的第 21 个心跳包发送成功
[02:28:55 INF] 【直播间】91164 的第 21 个心跳包发送成功
[02:28:56 INF] 【直播间】22764265 的第 21 个心跳包发送成功
[02:29:49 INF] 【直播间】23357926 的第 22 个心跳包发送成功
[02:29:51 INF] 【直播间】23040372 的第 22 个心跳包发送成功
[02:29:52 INF] 【直播间】31494 的第 22 个心跳包发送成功
[02:29:53 INF] 【直播间】4015781 的第 22 个心跳包发送成功
[02:29:54 INF] 【直播间】9619073 的第 22 个心跳包发送成功
[02:29:55 INF] 【直播间】407149 的第 22 个心跳包发送成功
[02:29:57 INF] 【直播间】7184632 的第 22 个心跳包发送成功
[02:29:58 INF] 【直播间】23447660 的第 22 个心跳包发送成功
[02:29:59 INF] 【直播间】929670 的第 22 个心跳包发送成功
[02:30:00 INF] 【直播间】11732699 的第 22 个心跳包发送成功
[02:30:02 INF] 【直播间】91164 的第 22 个心跳包发送成功
[02:30:03 INF] 【直播间】22764265 的第 22 个心跳包发送成功
[02:30:56 INF] 【直播间】23357926 的第 23 个心跳包发送成功
[02:30:57 INF] 【直播间】23040372 的第 23 个心跳包发送成功
[02:30:58 INF] 【直播间】31494 的第 23 个心跳包发送成功
[02:30:59 INF] 【直播间】4015781 的第 23 个心跳包发送成功
[02:31:01 INF] 【直播间】9619073 的第 23 个心跳包发送成功
[02:31:02 INF] 【直播间】407149 的第 23 个心跳包发送成功
[02:31:03 INF] 【直播间】7184632 的第 23 个心跳包发送成功
[02:31:04 INF] 【直播间】23447660 的第 23 个心跳包发送成功
[02:31:05 INF] 【直播间】929670 的第 23 个心跳包发送成功
[02:31:07 INF] 【直播间】11732699 的第 23 个心跳包发送成功
[02:31:08 INF] 【直播间】91164 的第 23 个心跳包发送成功
[02:31:09 INF] 【直播间】22764265 的第 23 个心跳包发送成功
[02:32:02 INF] 【直播间】23357926 的第 24 个心跳包发送成功
[02:32:03 INF] 【直播间】23040372 的第 24 个心跳包发送成功
[02:32:05 INF] 【直播间】31494 的第 24 个心跳包发送成功
[02:32:06 INF] 【直播间】4015781 的第 24 个心跳包发送成功
[02:32:07 INF] 【直播间】9619073 的第 24 个心跳包发送成功
[02:32:08 INF] 【直播间】407149 的第 24 个心跳包发送成功
[02:32:09 INF] 【直播间】7184632 的第 24 个心跳包发送成功
[02:32:11 INF] 【直播间】23447660 的第 24 个心跳包发送成功
[02:32:12 INF] 【直播间】929670 的第 24 个心跳包发送成功
[02:32:13 INF] 【直播间】11732699 的第 24 个心跳包发送成功
[02:32:14 INF] 【直播间】91164 的第 24 个心跳包发送成功
[02:32:15 INF] 【直播间】22764265 的第 24 个心跳包发送成功
[02:33:09 INF] 【直播间】23357926 的第 25 个心跳包发送成功
[02:33:10 INF] 【直播间】23040372 的第 25 个心跳包发送成功
[02:33:11 INF] 【直播间】31494 的第 25 个心跳包发送成功
[02:33:12 INF] 【直播间】4015781 的第 25 个心跳包发送成功
[02:33:14 INF] 【直播间】9619073 的第 25 个心跳包发送成功
[02:33:15 INF] 【直播间】407149 的第 25 个心跳包发送成功
[02:33:16 INF] 【直播间】7184632 的第 25 个心跳包发送成功
[02:33:17 INF] 【直播间】23447660 的第 25 个心跳包发送成功
[02:33:19 INF] 【直播间】929670 的第 25 个心跳包发送成功
[02:33:20 INF] 【直播间】11732699 的第 25 个心跳包发送成功
[02:33:21 INF] 【直播间】91164 的第 25 个心跳包发送成功
[02:33:22 INF] 【直播间】22764265 的第 25 个心跳包发送成功
[02:34:15 INF] 【直播间】23357926 的第 26 个心跳包发送成功
[02:34:16 INF] 【直播间】23040372 的第 26 个心跳包发送成功
[02:34:17 INF] 【直播间】31494 的第 26 个心跳包发送成功
[02:34:19 INF] 【直播间】4015781 的第 26 个心跳包发送成功
[02:34:20 INF] 【直播间】9619073 的第 26 个心跳包发送成功
[02:34:21 INF] 【直播间】407149 的第 26 个心跳包发送成功
[02:34:22 INF] 【直播间】7184632 的第 26 个心跳包发送成功
[02:34:24 INF] 【直播间】23447660 的第 26 个心跳包发送成功
[02:34:25 INF] 【直播间】929670 的第 26 个心跳包发送成功
[02:34:26 INF] 【直播间】11732699 的第 26 个心跳包发送成功
[02:34:28 INF] 【直播间】91164 的第 26 个心跳包发送成功
[02:34:29 INF] 【直播间】22764265 的第 26 个心跳包发送成功
[02:35:21 INF] 【直播间】23357926 的第 27 个心跳包发送成功
[02:35:22 INF] 【直播间】23040372 的第 27 个心跳包发送成功
[02:35:24 INF] 【直播间】31494 的第 27 个心跳包发送成功
[02:35:25 INF] 【直播间】4015781 的第 27 个心跳包发送成功
[02:35:26 INF] 【直播间】9619073 的第 27 个心跳包发送成功
[02:35:27 INF] 【直播间】407149 的第 27 个心跳包发送成功
[02:35:29 INF] 【直播间】7184632 的第 27 个心跳包发送成功
[02:35:30 INF] 【直播间】23447660 的第 27 个心跳包发送成功
[02:35:31 INF] 【直播间】929670 的第 27 个心跳包发送成功
[02:35:33 INF] 【直播间】11732699 的第 27 个心跳包发送成功
[02:35:34 INF] 【直播间】91164 的第 27 个心跳包发送成功
[02:35:35 INF] 【直播间】22764265 的第 27 个心跳包发送成功
[02:36:28 INF] 【直播间】23357926 的第 28 个心跳包发送成功
[02:36:29 INF] 【直播间】23040372 的第 28 个心跳包发送成功
[02:36:30 INF] 【直播间】31494 的第 28 个心跳包发送成功
[02:36:32 INF] 【直播间】4015781 的第 28 个心跳包发送成功
[02:36:33 INF] 【直播间】9619073 的第 28 个心跳包发送成功
[02:36:34 INF] 【直播间】407149 的第 28 个心跳包发送成功
[02:36:35 INF] 【直播间】7184632 的第 28 个心跳包发送成功
[02:36:36 INF] 【直播间】23447660 的第 28 个心跳包发送成功
[02:36:38 INF] 【直播间】929670 的第 28 个心跳包发送成功
[02:36:39 INF] 【直播间】11732699 的第 28 个心跳包发送成功
[02:36:40 INF] 【直播间】91164 的第 28 个心跳包发送成功
[02:36:41 INF] 【直播间】22764265 的第 28 个心跳包发送成功
[02:37:34 INF] 【直播间】23357926 的第 29 个心跳包发送成功
[02:37:35 INF] 【直播间】23040372 的第 29 个心跳包发送成功
[02:37:37 INF] 【直播间】31494 的第 29 个心跳包发送成功
[02:37:38 INF] 【直播间】4015781 的第 29 个心跳包发送成功
[02:37:39 INF] 【直播间】9619073 的第 29 个心跳包发送成功
[02:37:40 INF] 【直播间】407149 的第 29 个心跳包发送成功
[02:37:41 INF] 【直播间】7184632 的第 29 个心跳包发送成功
[02:37:43 INF] 【直播间】23447660 的第 29 个心跳包发送成功
[02:37:44 INF] 【直播间】929670 的第 29 个心跳包发送成功
[02:37:45 INF] 【直播间】11732699 的第 29 个心跳包发送成功
[02:37:46 INF] 【直播间】91164 的第 29 个心跳包发送成功
[02:37:48 INF] 【直播间】22764265 的第 29 个心跳包发送成功
[02:38:40 ERR] 【心跳包】直播间 23357926 发送失败
[02:38:40 ERR] 【原因】time check failed
[02:38:42 ERR] 【心跳包】直播间 23040372 发送失败
[02:38:42 ERR] 【原因】time check failed
[02:38:43 ERR] 【心跳包】直播间 31494 发送失败
[02:38:43 ERR] 【原因】time check failed
[02:38:44 ERR] 【心跳包】直播间 4015781 发送失败
[02:38:44 ERR] 【原因】time check failed
[02:38:45 ERR] 【心跳包】直播间 9619073 发送失败
[02:38:45 ERR] 【原因】time check failed
[02:38:46 ERR] 【心跳包】直播间 407149 发送失败
[02:38:46 ERR] 【原因】time check failed
[02:38:48 ERR] 【心跳包】直播间 7184632 发送失败
[02:38:48 ERR] 【原因】time check failed
[02:38:49 ERR] 【心跳包】直播间 23447660 发送失败
[02:38:49 ERR] 【原因】time check failed
[02:38:50 ERR] 【心跳包】直播间 929670 发送失败
[02:38:50 ERR] 【原因】time check failed
[02:38:51 ERR] 【心跳包】直播间 11732699 发送失败
[02:38:51 ERR] 【原因】time check failed
[02:38:52 ERR] 【心跳包】直播间 91164 发送失败
[02:38:52 ERR] 【原因】time check failed
[02:38:54 ERR] 【心跳包】直播间 22764265 发送失败
[02:38:54 ERR] 【原因】time check failed
[02:39:47 INF] 【直播间】23357926 的第 30 个心跳包发送成功
[02:39:48 INF] 【直播间】23040372 的第 30 个心跳包发送成功
[02:39:49 INF] 【直播间】31494 的第 30 个心跳包发送成功
[02:39:50 INF] 【直播间】4015781 的第 30 个心跳包发送成功
[02:39:52 INF] 【直播间】9619073 的第 30 个心跳包发送成功
[02:39:53 INF] 【直播间】407149 的第 30 个心跳包发送成功
[02:39:54 INF] 【直播间】7184632 的第 30 个心跳包发送成功
[02:39:55 INF] 【直播间】23447660 的第 30 个心跳包发送成功
[02:39:57 INF] 【直播间】929670 的第 30 个心跳包发送成功
[02:39:58 INF] 【直播间】11732699 的第 30 个心跳包发送成功
[02:39:59 INF] 【直播间】91164 的第 30 个心跳包发送成功
[02:40:00 INF] 【直播间】22764265 的第 30 个心跳包发送成功
[02:40:53 INF] 【直播间】23357926 的第 31 个心跳包发送成功
[02:40:54 INF] 【直播间】23040372 的第 31 个心跳包发送成功
[02:40:55 INF] 【直播间】31494 的第 31 个心跳包发送成功
[02:40:57 INF] 【直播间】4015781 的第 31 个心跳包发送成功
[02:40:58 INF] 【直播间】9619073 的第 31 个心跳包发送成功
[02:40:59 INF] 【直播间】407149 的第 31 个心跳包发送成功
[02:41:00 INF] 【直播间】7184632 的第 31 个心跳包发送成功
[02:41:02 INF] 【直播间】23447660 的第 31 个心跳包发送成功
[02:41:03 INF] 【直播间】929670 的第 31 个心跳包发送成功
[02:41:04 INF] 【直播间】11732699 的第 31 个心跳包发送成功
[02:41:05 INF] 【直播间】91164 的第 31 个心跳包发送成功
[02:41:06 INF] 【直播间】22764265 的第 31 个心跳包发送成功
[02:41:59 INF] 【直播间】23357926 的第 32 个心跳包发送成功
[02:42:01 INF] 【直播间】23040372 的第 32 个心跳包发送成功
[02:42:02 INF] 【直播间】31494 的第 32 个心跳包发送成功
[02:42:03 INF] 【直播间】4015781 的第 32 个心跳包发送成功
[02:42:04 INF] 【直播间】9619073 的第 32 个心跳包发送成功
[02:42:05 INF] 【直播间】407149 的第 32 个心跳包发送成功
[02:42:07 INF] 【直播间】7184632 的第 32 个心跳包发送成功
[02:42:08 INF] 【直播间】23447660 的第 32 个心跳包发送成功
[02:42:09 INF] 【直播间】929670 的第 32 个心跳包发送成功
[02:42:10 INF] 【直播间】11732699 的第 32 个心跳包发送成功
[02:42:11 INF] 【直播间】91164 的第 32 个心跳包发送成功
[02:42:13 INF] 【直播间】22764265 的第 32 个心跳包发送成功
[02:43:06 INF] 【直播间】23357926 的第 33 个心跳包发送成功
[02:43:07 INF] 【直播间】23040372 的第 33 个心跳包发送成功
[02:43:08 INF] 【直播间】31494 的第 33 个心跳包发送成功
[02:43:09 INF] 【直播间】4015781 的第 33 个心跳包发送成功
[02:43:11 INF] 【直播间】9619073 的第 33 个心跳包发送成功
[02:43:12 INF] 【直播间】407149 的第 33 个心跳包发送成功
[02:43:13 INF] 【直播间】7184632 的第 33 个心跳包发送成功
[02:43:15 INF] 【直播间】23447660 的第 33 个心跳包发送成功
[02:43:16 INF] 【直播间】929670 的第 33 个心跳包发送成功
[02:43:17 INF] 【直播间】11732699 的第 33 个心跳包发送成功
[02:43:18 INF] 【直播间】91164 的第 33 个心跳包发送成功
[02:43:19 INF] 【直播间】22764265 的第 33 个心跳包发送成功
[02:44:12 INF] 【直播间】23357926 的第 34 个心跳包发送成功
[02:44:13 INF] 【直播间】23040372 的第 34 个心跳包发送成功
[02:44:14 INF] 【直播间】31494 的第 34 个心跳包发送成功
[02:44:16 INF] 【直播间】4015781 的第 34 个心跳包发送成功
[02:44:17 INF] 【直播间】9619073 的第 34 个心跳包发送成功
[02:44:18 INF] 【直播间】407149 的第 34 个心跳包发送成功
[02:44:19 INF] 【直播间】7184632 的第 34 个心跳包发送成功
[02:44:21 INF] 【直播间】23447660 的第 34 个心跳包发送成功
[02:44:22 INF] 【直播间】929670 的第 34 个心跳包发送成功
[02:44:23 INF] 【直播间】11732699 的第 34 个心跳包发送成功
[02:44:24 INF] 【直播间】91164 的第 34 个心跳包发送成功
[02:44:26 INF] 【直播间】22764265 的第 34 个心跳包发送成功
[02:45:18 INF] 【直播间】23357926 的第 35 个心跳包发送成功
[02:45:20 INF] 【直播间】23040372 的第 35 个心跳包发送成功
[02:45:21 INF] 【直播间】31494 的第 35 个心跳包发送成功
[02:45:22 INF] 【直播间】4015781 的第 35 个心跳包发送成功
[02:45:23 INF] 【直播间】9619073 的第 35 个心跳包发送成功
[02:45:24 INF] 【直播间】407149 的第 35 个心跳包发送成功
[02:45:26 INF] 【直播间】7184632 的第 35 个心跳包发送成功
[02:45:27 INF] 【直播间】23447660 的第 35 个心跳包发送成功
[02:45:28 INF] 【直播间】929670 的第 35 个心跳包发送成功
[02:45:29 INF] 【直播间】11732699 的第 35 个心跳包发送成功
[02:45:31 INF] 【直播间】91164 的第 35 个心跳包发送成功
[02:45:32 INF] 【直播间】22764265 的第 35 个心跳包发送成功
[02:46:25 INF] 【直播间】23357926 的第 36 个心跳包发送成功
[02:46:26 INF] 【直播间】23040372 的第 36 个心跳包发送成功
[02:46:27 INF] 【直播间】31494 的第 36 个心跳包发送成功
[02:46:28 INF] 【直播间】4015781 的第 36 个心跳包发送成功
[02:46:30 INF] 【直播间】9619073 的第 36 个心跳包发送成功
[02:46:31 INF] 【直播间】407149 的第 36 个心跳包发送成功
[02:46:32 INF] 【直播间】7184632 的第 36 个心跳包发送成功
[02:46:34 INF] 【直播间】23447660 的第 36 个心跳包发送成功
[02:46:35 INF] 【直播间】929670 的第 36 个心跳包发送成功
[02:46:36 INF] 【直播间】11732699 的第 36 个心跳包发送成功
[02:46:37 INF] 【直播间】91164 的第 36 个心跳包发送成功
[02:46:38 INF] 【直播间】22764265 的第 36 个心跳包发送成功
[02:47:31 INF] 【直播间】23357926 的第 37 个心跳包发送成功
[02:47:33 INF] 【直播间】23040372 的第 37 个心跳包发送成功
[02:47:34 INF] 【直播间】31494 的第 37 个心跳包发送成功
[02:47:35 INF] 【直播间】4015781 的第 37 个心跳包发送成功
[02:47:36 INF] 【直播间】9619073 的第 37 个心跳包发送成功
[02:47:37 INF] 【直播间】407149 的第 37 个心跳包发送成功
[02:47:39 INF] 【直播间】7184632 的第 37 个心跳包发送成功
[02:47:40 INF] 【直播间】23447660 的第 37 个心跳包发送成功
[02:47:41 INF] 【直播间】929670 的第 37 个心跳包发送成功
[02:47:42 INF] 【直播间】11732699 的第 37 个心跳包发送成功
[02:47:43 INF] 【直播间】91164 的第 37 个心跳包发送成功
[02:47:45 INF] 【直播间】22764265 的第 37 个心跳包发送成功
[02:48:38 INF] 【直播间】23357926 的第 38 个心跳包发送成功
[02:48:39 INF] 【直播间】23040372 的第 38 个心跳包发送成功
[02:48:40 INF] 【直播间】31494 的第 38 个心跳包发送成功
[02:48:41 INF] 【直播间】4015781 的第 38 个心跳包发送成功
[02:48:42 INF] 【直播间】9619073 的第 38 个心跳包发送成功
[02:48:44 INF] 【直播间】407149 的第 38 个心跳包发送成功
[02:48:45 INF] 【直播间】7184632 的第 38 个心跳包发送成功
[02:48:46 INF] 【直播间】23447660 的第 38 个心跳包发送成功
[02:48:47 INF] 【直播间】929670 的第 38 个心跳包发送成功
[02:48:48 INF] 【直播间】11732699 的第 38 个心跳包发送成功
[02:48:50 INF] 【直播间】91164 的第 38 个心跳包发送成功
[02:48:51 INF] 【直播间】22764265 的第 38 个心跳包发送成功
[02:49:44 INF] 【直播间】23357926 的第 39 个心跳包发送成功
[02:49:45 INF] 【直播间】23040372 的第 39 个心跳包发送成功
[02:49:46 INF] 【直播间】31494 的第 39 个心跳包发送成功
[02:49:48 INF] 【直播间】4015781 的第 39 个心跳包发送成功
[02:49:49 INF] 【直播间】9619073 的第 39 个心跳包发送成功
[02:49:50 INF] 【直播间】407149 的第 39 个心跳包发送成功
[02:49:51 INF] 【直播间】7184632 的第 39 个心跳包发送成功
[02:49:52 INF] 【直播间】23447660 的第 39 个心跳包发送成功
[02:49:54 INF] 【直播间】929670 的第 39 个心跳包发送成功
[02:49:55 INF] 【直播间】11732699 的第 39 个心跳包发送成功
[02:49:56 INF] 【直播间】91164 的第 39 个心跳包发送成功
[02:49:57 INF] 【直播间】22764265 的第 39 个心跳包发送成功
[02:50:50 INF] 【直播间】23357926 的第 40 个心跳包发送成功
[02:50:51 INF] 【直播间】23040372 的第 40 个心跳包发送成功
[02:50:53 INF] 【直播间】31494 的第 40 个心跳包发送成功
[02:50:54 INF] 【直播间】4015781 的第 40 个心跳包发送成功
[02:50:55 INF] 【直播间】9619073 的第 40 个心跳包发送成功
[02:50:56 INF] 【直播间】407149 的第 40 个心跳包发送成功
[02:50:57 INF] 【直播间】7184632 的第 40 个心跳包发送成功
[02:50:59 INF] 【直播间】23447660 的第 40 个心跳包发送成功
[02:51:00 INF] 【直播间】929670 的第 40 个心跳包发送成功
[02:51:01 INF] 【直播间】11732699 的第 40 个心跳包发送成功
[02:51:02 INF] 【直播间】91164 的第 40 个心跳包发送成功
[02:51:03 INF] 【直播间】22764265 的第 40 个心跳包发送成功
[02:51:57 INF] 【直播间】23357926 的第 41 个心跳包发送成功
[02:51:58 INF] 【直播间】23040372 的第 41 个心跳包发送成功
[02:51:59 INF] 【直播间】31494 的第 41 个心跳包发送成功
[02:52:00 INF] 【直播间】4015781 的第 41 个心跳包发送成功
[02:52:02 INF] 【直播间】9619073 的第 41 个心跳包发送成功
[02:52:03 INF] 【直播间】407149 的第 41 个心跳包发送成功
[02:52:04 INF] 【直播间】7184632 的第 41 个心跳包发送成功
[02:52:06 INF] 【直播间】23447660 的第 41 个心跳包发送成功
[02:52:07 INF] 【直播间】929670 的第 41 个心跳包发送成功
[02:52:08 INF] 【直播间】11732699 的第 41 个心跳包发送成功
[02:52:09 INF] 【直播间】91164 的第 41 个心跳包发送成功
[02:52:11 INF] 【直播间】22764265 的第 41 个心跳包发送成功
[02:53:03 INF] 【直播间】23357926 的第 42 个心跳包发送成功
[02:53:04 INF] 【直播间】23040372 的第 42 个心跳包发送成功
[02:53:05 INF] 【直播间】31494 的第 42 个心跳包发送成功
[02:53:07 INF] 【直播间】4015781 的第 42 个心跳包发送成功
[02:53:08 INF] 【直播间】9619073 的第 42 个心跳包发送成功
[02:53:09 INF] 【直播间】407149 的第 42 个心跳包发送成功
[02:53:11 INF] 【直播间】7184632 的第 42 个心跳包发送成功
[02:53:12 INF] 【直播间】23447660 的第 42 个心跳包发送成功
[02:53:13 INF] 【直播间】929670 的第 42 个心跳包发送成功
[02:53:14 INF] 【直播间】11732699 的第 42 个心跳包发送成功
[02:53:16 INF] 【直播间】91164 的第 42 个心跳包发送成功
[02:53:17 INF] 【直播间】22764265 的第 42 个心跳包发送成功
[02:54:09 INF] 【直播间】23357926 的第 43 个心跳包发送成功
[02:54:10 INF] 【直播间】23040372 的第 43 个心跳包发送成功
[02:54:12 INF] 【直播间】31494 的第 43 个心跳包发送成功
[02:54:13 INF] 【直播间】4015781 的第 43 个心跳包发送成功
[02:54:14 INF] 【直播间】9619073 的第 43 个心跳包发送成功
[02:54:16 INF] 【直播间】407149 的第 43 个心跳包发送成功
[02:54:17 INF] 【直播间】7184632 的第 43 个心跳包发送成功
[02:54:18 INF] 【直播间】23447660 的第 43 个心跳包发送成功
[02:54:19 INF] 【直播间】929670 的第 43 个心跳包发送成功
[02:54:21 INF] 【直播间】11732699 的第 43 个心跳包发送成功
[02:54:22 INF] 【直播间】91164 的第 43 个心跳包发送成功
[02:54:23 INF] 【直播间】22764265 的第 43 个心跳包发送成功
[02:55:16 ERR] 【心跳包】直播间 23357926 发送失败
[02:55:16 ERR] 【原因】time check failed
[02:55:17 ERR] 【心跳包】直播间 23040372 发送失败
[02:55:17 ERR] 【原因】time check failed
[02:55:18 ERR] 【心跳包】直播间 31494 发送失败
[02:55:18 ERR] 【原因】time check failed
[02:55:19 ERR] 【心跳包】直播间 4015781 发送失败
[02:55:19 ERR] 【原因】time check failed
[02:55:21 ERR] 【心跳包】直播间 9619073 发送失败
[02:55:21 ERR] 【原因】time check failed
[02:55:22 ERR] 【心跳包】直播间 407149 发送失败
[02:55:22 ERR] 【原因】time check failed
[02:55:23 ERR] 【心跳包】直播间 7184632 发送失败
[02:55:23 ERR] 【原因】time check failed
[02:55:24 ERR] 【心跳包】直播间 23447660 发送失败
[02:55:24 ERR] 【原因】time check failed
[02:55:26 ERR] 【心跳包】直播间 929670 发送失败
[02:55:26 ERR] 【原因】time check failed
[02:55:27 ERR] 【心跳包】直播间 11732699 发送失败
[02:55:27 ERR] 【原因】time check failed
[02:55:28 ERR] 【心跳包】直播间 91164 发送失败
[02:55:28 ERR] 【原因】time check failed
[02:55:29 ERR] 【心跳包】直播间 22764265 发送失败
[02:55:29 ERR] 【原因】time check failed
[02:56:22 INF] 【直播间】23357926 的第 44 个心跳包发送成功
[02:56:23 INF] 【直播间】23040372 的第 44 个心跳包发送成功
[02:56:25 INF] 【直播间】31494 的第 44 个心跳包发送成功
[02:56:26 INF] 【直播间】4015781 的第 44 个心跳包发送成功
[02:56:27 INF] 【直播间】9619073 的第 44 个心跳包发送成功
[02:56:28 INF] 【直播间】407149 的第 44 个心跳包发送成功
[02:56:29 INF] 【直播间】7184632 的第 44 个心跳包发送成功
[02:56:31 INF] 【直播间】23447660 的第 44 个心跳包发送成功
[02:56:32 INF] 【直播间】929670 的第 44 个心跳包发送成功
[02:56:33 INF] 【直播间】11732699 的第 44 个心跳包发送成功
[02:56:34 INF] 【直播间】91164 的第 44 个心跳包发送成功
[02:56:35 INF] 【直播间】22764265 的第 44 个心跳包发送成功
[02:57:28 INF] 【直播间】23357926 的第 45 个心跳包发送成功
[02:57:30 INF] 【直播间】23040372 的第 45 个心跳包发送成功
[02:57:31 INF] 【直播间】31494 的第 45 个心跳包发送成功
[02:57:32 INF] 【直播间】4015781 的第 45 个心跳包发送成功
[02:57:33 INF] 【直播间】9619073 的第 45 个心跳包发送成功
[02:57:35 INF] 【直播间】407149 的第 45 个心跳包发送成功
[02:57:36 INF] 【直播间】7184632 的第 45 个心跳包发送成功
[02:57:37 INF] 【直播间】23447660 的第 45 个心跳包发送成功
[02:57:38 INF] 【直播间】929670 的第 45 个心跳包发送成功
[02:57:39 INF] 【直播间】11732699 的第 45 个心跳包发送成功
[02:57:41 INF] 【直播间】91164 的第 45 个心跳包发送成功
[02:57:42 INF] 【直播间】22764265 的第 45 个心跳包发送成功
[02:58:35 INF] 【直播间】23357926 的第 46 个心跳包发送成功
[02:58:36 INF] 【直播间】23040372 的第 46 个心跳包发送成功
[02:58:37 INF] 【直播间】31494 的第 46 个心跳包发送成功
[02:58:39 INF] 【直播间】4015781 的第 46 个心跳包发送成功
[02:58:40 INF] 【直播间】9619073 的第 46 个心跳包发送成功
[02:58:41 INF] 【直播间】407149 的第 46 个心跳包发送成功
[02:58:42 INF] 【直播间】7184632 的第 46 个心跳包发送成功
[02:58:43 INF] 【直播间】23447660 的第 46 个心跳包发送成功
[02:58:45 INF] 【直播间】929670 的第 46 个心跳包发送成功
[02:58:46 INF] 【直播间】11732699 的第 46 个心跳包发送成功
[02:58:47 INF] 【直播间】91164 的第 46 个心跳包发送成功
[02:58:48 INF] 【直播间】22764265 的第 46 个心跳包发送成功
[02:59:41 INF] 【直播间】23357926 的第 47 个心跳包发送成功
[02:59:42 INF] 【直播间】23040372 的第 47 个心跳包发送成功
[02:59:44 INF] 【直播间】31494 的第 47 个心跳包发送成功
[02:59:45 INF] 【直播间】4015781 的第 47 个心跳包发送成功
[02:59:46 INF] 【直播间】9619073 的第 47 个心跳包发送成功
[02:59:47 INF] 【直播间】407149 的第 47 个心跳包发送成功
[02:59:48 INF] 【直播间】7184632 的第 47 个心跳包发送成功
[02:59:50 INF] 【直播间】23447660 的第 47 个心跳包发送成功
[02:59:51 INF] 【直播间】929670 的第 47 个心跳包发送成功
[02:59:52 INF] 【直播间】11732699 的第 47 个心跳包发送成功
[02:59:53 INF] 【直播间】91164 的第 47 个心跳包发送成功
[02:59:55 INF] 【直播间】22764265 的第 47 个心跳包发送成功
[03:00:47 INF] 【直播间】23357926 的第 48 个心跳包发送成功
[03:00:49 INF] 【直播间】23040372 的第 48 个心跳包发送成功
[03:00:50 INF] 【直播间】31494 的第 48 个心跳包发送成功
[03:00:51 INF] 【直播间】4015781 的第 48 个心跳包发送成功
[03:00:52 INF] 【直播间】9619073 的第 48 个心跳包发送成功
[03:00:54 INF] 【直播间】407149 的第 48 个心跳包发送成功
[03:00:55 INF] 【直播间】7184632 的第 48 个心跳包发送成功
[03:00:56 INF] 【直播间】23447660 的第 48 个心跳包发送成功
[03:00:57 INF] 【直播间】929670 的第 48 个心跳包发送成功
[03:00:58 INF] 【直播间】11732699 的第 48 个心跳包发送成功
[03:01:00 INF] 【直播间】91164 的第 48 个心跳包发送成功
[03:01:01 INF] 【直播间】22764265 的第 48 个心跳包发送成功
[03:01:54 INF] 【直播间】23357926 的第 49 个心跳包发送成功
[03:01:55 INF] 【直播间】23040372 的第 49 个心跳包发送成功
[03:01:56 INF] 【直播间】31494 的第 49 个心跳包发送成功
[03:01:57 INF] 【直播间】4015781 的第 49 个心跳包发送成功
[03:01:58 INF] 【直播间】9619073 的第 49 个心跳包发送成功
[03:02:00 INF] 【直播间】407149 的第 49 个心跳包发送成功
[03:02:01 INF] 【直播间】7184632 的第 49 个心跳包发送成功
[03:02:02 INF] 【直播间】23447660 的第 49 个心跳包发送成功
[03:02:03 INF] 【直播间】929670 的第 49 个心跳包发送成功
[03:02:05 INF] 【直播间】11732699 的第 49 个心跳包发送成功
[03:02:06 INF] 【直播间】91164 的第 49 个心跳包发送成功
[03:02:07 INF] 【直播间】22764265 的第 49 个心跳包发送成功
[03:03:00 INF] 【直播间】23357926 的第 50 个心跳包发送成功
[03:03:01 INF] 【直播间】23040372 的第 50 个心跳包发送成功
[03:03:02 INF] 【直播间】31494 的第 50 个心跳包发送成功
[03:03:04 INF] 【直播间】4015781 的第 50 个心跳包发送成功
[03:03:05 INF] 【直播间】9619073 的第 50 个心跳包发送成功
[03:03:06 INF] 【直播间】407149 的第 50 个心跳包发送成功
[03:03:07 INF] 【直播间】7184632 的第 50 个心跳包发送成功
[03:03:08 INF] 【直播间】23447660 的第 50 个心跳包发送成功
[03:03:10 INF] 【直播间】929670 的第 50 个心跳包发送成功
[03:03:11 INF] 【直播间】11732699 的第 50 个心跳包发送成功
[03:03:12 INF] 【直播间】91164 的第 50 个心跳包发送成功
[03:03:13 INF] 【直播间】22764265 的第 50 个心跳包发送成功
[03:04:06 INF] 【直播间】23357926 的第 51 个心跳包发送成功
[03:04:08 INF] 【直播间】23040372 的第 51 个心跳包发送成功
[03:04:09 INF] 【直播间】31494 的第 51 个心跳包发送成功
[03:04:10 INF] 【直播间】4015781 的第 51 个心跳包发送成功
[03:04:11 INF] 【直播间】9619073 的第 51 个心跳包发送成功
[03:04:13 INF] 【直播间】407149 的第 51 个心跳包发送成功
[03:04:14 INF] 【直播间】7184632 的第 51 个心跳包发送成功
[03:04:15 INF] 【直播间】23447660 的第 51 个心跳包发送成功
[03:04:16 INF] 【直播间】929670 的第 51 个心跳包发送成功
[03:04:18 INF] 【直播间】11732699 的第 51 个心跳包发送成功
[03:04:19 INF] 【直播间】91164 的第 51 个心跳包发送成功
[03:04:20 INF] 【直播间】22764265 的第 51 个心跳包发送成功
[03:05:13 INF] 【直播间】23357926 的第 52 个心跳包发送成功
[03:05:14 INF] 【直播间】23040372 的第 52 个心跳包发送成功
[03:05:15 INF] 【直播间】31494 的第 52 个心跳包发送成功
[03:05:17 INF] 【直播间】4015781 的第 52 个心跳包发送成功
[03:05:18 INF] 【直播间】9619073 的第 52 个心跳包发送成功
[03:05:19 INF] 【直播间】407149 的第 52 个心跳包发送成功
[03:05:21 INF] 【直播间】7184632 的第 52 个心跳包发送成功
[03:05:22 INF] 【直播间】23447660 的第 52 个心跳包发送成功
[03:05:23 INF] 【直播间】929670 的第 52 个心跳包发送成功
[03:05:24 INF] 【直播间】11732699 的第 52 个心跳包发送成功
[03:05:26 INF] 【直播间】91164 的第 52 个心跳包发送成功
[03:05:27 INF] 【直播间】22764265 的第 52 个心跳包发送成功
[03:06:20 INF] 【直播间】23357926 的第 53 个心跳包发送成功
[03:06:21 INF] 【直播间】23040372 的第 53 个心跳包发送成功
[03:06:22 INF] 【直播间】31494 的第 53 个心跳包发送成功
[03:06:23 INF] 【直播间】4015781 的第 53 个心跳包发送成功
[03:06:24 INF] 【直播间】9619073 的第 53 个心跳包发送成功
[03:06:26 INF] 【直播间】407149 的第 53 个心跳包发送成功
[03:06:27 INF] 【直播间】7184632 的第 53 个心跳包发送成功
[03:06:28 INF] 【直播间】23447660 的第 53 个心跳包发送成功
[03:06:29 INF] 【直播间】929670 的第 53 个心跳包发送成功
[03:06:31 INF] 【直播间】11732699 的第 53 个心跳包发送成功
[03:06:32 INF] 【直播间】91164 的第 53 个心跳包发送成功
[03:06:33 INF] 【直播间】22764265 的第 53 个心跳包发送成功
[03:07:26 INF] 【直播间】23357926 的第 54 个心跳包发送成功
[03:07:27 INF] 【直播间】23040372 的第 54 个心跳包发送成功
[03:07:28 INF] 【直播间】31494 的第 54 个心跳包发送成功
[03:07:29 INF] 【直播间】4015781 的第 54 个心跳包发送成功
[03:07:31 INF] 【直播间】9619073 的第 54 个心跳包发送成功
[03:07:32 INF] 【直播间】407149 的第 54 个心跳包发送成功
[03:07:33 INF] 【直播间】7184632 的第 54 个心跳包发送成功
[03:07:34 INF] 【直播间】23447660 的第 54 个心跳包发送成功
[03:07:35 INF] 【直播间】929670 的第 54 个心跳包发送成功
[03:07:37 INF] 【直播间】11732699 的第 54 个心跳包发送成功
[03:07:38 INF] 【直播间】91164 的第 54 个心跳包发送成功
[03:07:39 INF] 【直播间】22764265 的第 54 个心跳包发送成功
[03:08:32 INF] 【直播间】23357926 的第 55 个心跳包发送成功
[03:08:33 INF] 【直播间】23040372 的第 55 个心跳包发送成功
[03:08:34 INF] 【直播间】31494 的第 55 个心跳包发送成功
[03:08:36 INF] 【直播间】4015781 的第 55 个心跳包发送成功
[03:08:37 INF] 【直播间】9619073 的第 55 个心跳包发送成功
[03:08:38 INF] 【直播间】407149 的第 55 个心跳包发送成功
[03:08:39 INF] 【直播间】7184632 的第 55 个心跳包发送成功
[03:08:41 INF] 【直播间】23447660 的第 55 个心跳包发送成功
[03:08:42 INF] 【直播间】929670 的第 55 个心跳包发送成功
[03:08:43 INF] 【直播间】11732699 的第 55 个心跳包发送成功
[03:08:44 INF] 【直播间】91164 的第 55 个心跳包发送成功
[03:08:45 INF] 【直播间】22764265 的第 55 个心跳包发送成功
[03:09:38 INF] 【直播间】23357926 的第 56 个心跳包发送成功
[03:09:40 INF] 【直播间】23040372 的第 56 个心跳包发送成功
[03:09:41 INF] 【直播间】31494 的第 56 个心跳包发送成功
[03:09:42 INF] 【直播间】4015781 的第 56 个心跳包发送成功
[03:09:43 INF] 【直播间】9619073 的第 56 个心跳包发送成功
[03:09:44 INF] 【直播间】407149 的第 56 个心跳包发送成功
[03:09:46 INF] 【直播间】7184632 的第 56 个心跳包发送成功
[03:09:47 INF] 【直播间】23447660 的第 56 个心跳包发送成功
[03:09:48 INF] 【直播间】929670 的第 56 个心跳包发送成功
[03:09:49 INF] 【直播间】11732699 的第 56 个心跳包发送成功
[03:09:50 INF] 【直播间】91164 的第 56 个心跳包发送成功
[03:09:52 INF] 【直播间】22764265 的第 56 个心跳包发送成功
[03:10:45 INF] 【直播间】23357926 的第 57 个心跳包发送成功
[03:10:46 INF] 【直播间】23040372 的第 57 个心跳包发送成功
[03:10:47 INF] 【直播间】31494 的第 57 个心跳包发送成功
[03:10:48 INF] 【直播间】4015781 的第 57 个心跳包发送成功
[03:10:49 INF] 【直播间】9619073 的第 57 个心跳包发送成功
[03:10:51 INF] 【直播间】407149 的第 57 个心跳包发送成功
[03:10:52 INF] 【直播间】7184632 的第 57 个心跳包发送成功
[03:10:53 INF] 【直播间】23447660 的第 57 个心跳包发送成功
[03:10:54 INF] 【直播间】929670 的第 57 个心跳包发送成功
[03:10:55 INF] 【直播间】11732699 的第 57 个心跳包发送成功
[03:10:57 INF] 【直播间】91164 的第 57 个心跳包发送成功
[03:10:58 INF] 【直播间】22764265 的第 57 个心跳包发送成功
[03:11:51 ERR] 【心跳包】直播间 23357926 发送失败
[03:11:51 ERR] 【原因】time check failed
[03:11:52 ERR] 【心跳包】直播间 23040372 发送失败
[03:11:52 ERR] 【原因】time check failed
[03:11:53 ERR] 【心跳包】直播间 31494 发送失败
[03:11:53 ERR] 【原因】time check failed
[03:11:55 ERR] 【心跳包】直播间 4015781 发送失败
[03:11:55 ERR] 【原因】time check failed
[03:11:56 ERR] 【心跳包】直播间 9619073 发送失败
[03:11:56 ERR] 【原因】time check failed
[03:11:57 ERR] 【心跳包】直播间 407149 发送失败
[03:11:57 ERR] 【原因】time check failed
[03:11:58 ERR] 【心跳包】直播间 7184632 发送失败
[03:11:58 ERR] 【原因】time check failed
[03:12:00 ERR] 【心跳包】直播间 23447660 发送失败
[03:12:00 ERR] 【原因】time check failed
[03:12:01 ERR] 【心跳包】直播间 929670 发送失败
[03:12:01 ERR] 【原因】time check failed
[03:12:02 ERR] 【心跳包】直播间 11732699 发送失败
[03:12:02 ERR] 【原因】time check failed
[03:12:03 ERR] 【心跳包】直播间 91164 发送失败
[03:12:03 ERR] 【原因】time check failed
[03:12:04 ERR] 【心跳包】直播间 22764265 发送失败
[03:12:04 ERR] 【原因】time check failed
[03:12:58 INF] 【直播间】23357926 的第 58 个心跳包发送成功
[03:12:59 INF] 【直播间】23040372 的第 58 个心跳包发送成功
[03:13:00 INF] 【直播间】31494 的第 58 个心跳包发送成功
[03:13:01 INF] 【直播间】4015781 的第 58 个心跳包发送成功
[03:13:02 INF] 【直播间】9619073 的第 58 个心跳包发送成功
[03:13:04 INF] 【直播间】407149 的第 58 个心跳包发送成功
[03:13:05 INF] 【直播间】7184632 的第 58 个心跳包发送成功
[03:13:06 INF] 【直播间】23447660 的第 58 个心跳包发送成功
[03:13:07 INF] 【直播间】929670 的第 58 个心跳包发送成功
[03:13:08 INF] 【直播间】11732699 的第 58 个心跳包发送成功
[03:13:09 INF] 【直播间】91164 的第 58 个心跳包发送成功
[03:13:11 INF] 【直播间】22764265 的第 58 个心跳包发送成功
[03:14:04 INF] 【直播间】23357926 的第 59 个心跳包发送成功
[03:14:05 INF] 【直播间】23040372 的第 59 个心跳包发送成功
[03:14:06 INF] 【直播间】31494 的第 59 个心跳包发送成功
[03:14:08 INF] 【直播间】4015781 的第 59 个心跳包发送成功
[03:14:09 INF] 【直播间】9619073 的第 59 个心跳包发送成功
[03:14:10 INF] 【直播间】407149 的第 59 个心跳包发送成功
[03:14:11 INF] 【直播间】7184632 的第 59 个心跳包发送成功
[03:14:13 INF] 【直播间】23447660 的第 59 个心跳包发送成功
[03:14:14 INF] 【直播间】929670 的第 59 个心跳包发送成功
[03:14:15 INF] 【直播间】11732699 的第 59 个心跳包发送成功
[03:14:16 INF] 【直播间】91164 的第 59 个心跳包发送成功
[03:14:17 INF] 【直播间】22764265 的第 59 个心跳包发送成功
[03:15:10 INF] 【直播间】23357926 的第 60 个心跳包发送成功
[03:15:11 INF] 【直播间】23040372 的第 60 个心跳包发送成功
[03:15:13 INF] 【直播间】31494 的第 60 个心跳包发送成功
[03:15:14 INF] 【直播间】4015781 的第 60 个心跳包发送成功
[03:15:15 INF] 【直播间】9619073 的第 60 个心跳包发送成功
[03:15:16 INF] 【直播间】407149 的第 60 个心跳包发送成功
[03:15:18 INF] 【直播间】7184632 的第 60 个心跳包发送成功
[03:15:19 INF] 【直播间】23447660 的第 60 个心跳包发送成功
[03:15:20 INF] 【直播间】929670 的第 60 个心跳包发送成功
[03:15:21 INF] 【直播间】11732699 的第 60 个心跳包发送成功
[03:15:22 INF] 【直播间】91164 的第 60 个心跳包发送成功
[03:15:24 INF] 【直播间】22764265 的第 60 个心跳包发送成功
[03:16:16 INF] 【直播间】23357926 的第 61 个心跳包发送成功
[03:16:18 INF] 【直播间】23040372 的第 61 个心跳包发送成功
[03:16:19 INF] 【直播间】31494 的第 61 个心跳包发送成功
[03:16:20 INF] 【直播间】4015781 的第 61 个心跳包发送成功
[03:16:21 INF] 【直播间】9619073 的第 61 个心跳包发送成功
[03:16:23 INF] 【直播间】407149 的第 61 个心跳包发送成功
[03:16:24 INF] 【直播间】7184632 的第 61 个心跳包发送成功
[03:16:25 INF] 【直播间】23447660 的第 61 个心跳包发送成功
[03:16:26 INF] 【直播间】929670 的第 61 个心跳包发送成功
[03:16:27 INF] 【直播间】11732699 的第 61 个心跳包发送成功
[03:16:29 INF] 【直播间】91164 的第 61 个心跳包发送成功
[03:16:30 INF] 【直播间】22764265 的第 61 个心跳包发送成功
[03:17:23 INF] 【直播间】23357926 的第 62 个心跳包发送成功
[03:17:24 INF] 【直播间】23040372 的第 62 个心跳包发送成功
[03:17:25 INF] 【直播间】31494 的第 62 个心跳包发送成功
[03:17:26 INF] 【直播间】4015781 的第 62 个心跳包发送成功
[03:17:28 INF] 【直播间】9619073 的第 62 个心跳包发送成功
[03:17:29 INF] 【直播间】407149 的第 62 个心跳包发送成功
[03:17:30 INF] 【直播间】7184632 的第 62 个心跳包发送成功
[03:17:31 INF] 【直播间】23447660 的第 62 个心跳包发送成功
[03:17:33 INF] 【直播间】929670 的第 62 个心跳包发送成功
[03:17:34 INF] 【直播间】11732699 的第 62 个心跳包发送成功
[03:17:35 INF] 【直播间】91164 的第 62 个心跳包发送成功
[03:17:36 INF] 【直播间】22764265 的第 62 个心跳包发送成功
[03:18:29 INF] 【直播间】23357926 的第 63 个心跳包发送成功
[03:18:30 INF] 【直播间】23040372 的第 63 个心跳包发送成功
[03:18:32 INF] 【直播间】31494 的第 63 个心跳包发送成功
[03:18:33 INF] 【直播间】4015781 的第 63 个心跳包发送成功
[03:18:34 INF] 【直播间】9619073 的第 63 个心跳包发送成功
[03:18:35 INF] 【直播间】407149 的第 63 个心跳包发送成功
[03:18:36 INF] 【直播间】7184632 的第 63 个心跳包发送成功
[03:18:38 INF] 【直播间】23447660 的第 63 个心跳包发送成功
[03:18:39 INF] 【直播间】929670 的第 63 个心跳包发送成功
[03:18:40 INF] 【直播间】11732699 的第 63 个心跳包发送成功
[03:18:41 INF] 【直播间】91164 的第 63 个心跳包发送成功
[03:18:42 INF] 【直播间】22764265 的第 63 个心跳包发送成功
[03:19:36 INF] 【直播间】23357926 的第 64 个心跳包发送成功
[03:19:37 INF] 【直播间】23040372 的第 64 个心跳包发送成功
[03:19:38 INF] 【直播间】31494 的第 64 个心跳包发送成功
[03:19:39 INF] 【直播间】4015781 的第 64 个心跳包发送成功
[03:19:40 INF] 【直播间】9619073 的第 64 个心跳包发送成功
[03:19:42 INF] 【直播间】407149 的第 64 个心跳包发送成功
[03:19:43 INF] 【直播间】7184632 的第 64 个心跳包发送成功
[03:19:44 INF] 【直播间】23447660 的第 64 个心跳包发送成功
[03:19:45 INF] 【直播间】929670 的第 64 个心跳包发送成功
[03:19:46 INF] 【直播间】11732699 的第 64 个心跳包发送成功
[03:19:48 INF] 【直播间】91164 的第 64 个心跳包发送成功
[03:19:49 INF] 【直播间】22764265 的第 64 个心跳包发送成功
[03:20:42 INF] 【直播间】23357926 的第 65 个心跳包发送成功
[03:20:43 INF] 【直播间】23040372 的第 65 个心跳包发送成功
[03:20:44 INF] 【直播间】31494 的第 65 个心跳包发送成功
[03:20:46 INF] 【直播间】4015781 的第 65 个心跳包发送成功
[03:20:47 INF] 【直播间】9619073 的第 65 个心跳包发送成功
[03:20:48 INF] 【直播间】407149 的第 65 个心跳包发送成功
[03:20:49 INF] 【直播间】7184632 的第 65 个心跳包发送成功
[03:20:50 INF] 【直播间】23447660 的第 65 个心跳包发送成功
[03:20:51 INF] 【直播间】929670 的第 65 个心跳包发送成功
[03:20:53 INF] 【直播间】11732699 的第 65 个心跳包发送成功
[03:20:54 INF] 【直播间】91164 的第 65 个心跳包发送成功
[03:20:55 INF] 【直播间】22764265 的第 65 个心跳包发送成功
[03:21:48 INF] 【直播间】23357926 的第 66 个心跳包发送成功
[03:21:49 INF] 【直播间】23040372 的第 66 个心跳包发送成功
[03:21:51 INF] 【直播间】31494 的第 66 个心跳包发送成功
[03:21:52 INF] 【直播间】4015781 的第 66 个心跳包发送成功
[03:21:53 INF] 【直播间】9619073 的第 66 个心跳包发送成功
[03:21:54 INF] 【直播间】407149 的第 66 个心跳包发送成功
[03:21:55 INF] 【直播间】7184632 的第 66 个心跳包发送成功
[03:21:57 INF] 【直播间】23447660 的第 66 个心跳包发送成功
[03:21:58 INF] 【直播间】929670 的第 66 个心跳包发送成功
[03:21:59 INF] 【直播间】11732699 的第 66 个心跳包发送成功
[03:22:00 INF] 【直播间】91164 的第 66 个心跳包发送成功
[03:22:02 INF] 【直播间】22764265 的第 66 个心跳包发送成功
[03:22:55 INF] 【直播间】23357926 的第 67 个心跳包发送成功
[03:22:56 INF] 【直播间】23040372 的第 67 个心跳包发送成功
[03:22:57 INF] 【直播间】31494 的第 67 个心跳包发送成功
[03:22:58 INF] 【直播间】4015781 的第 67 个心跳包发送成功
[03:23:00 INF] 【直播间】9619073 的第 67 个心跳包发送成功
[03:23:01 INF] 【直播间】407149 的第 67 个心跳包发送成功
[03:23:02 INF] 【直播间】7184632 的第 67 个心跳包发送成功
[03:23:03 INF] 【直播间】23447660 的第 67 个心跳包发送成功
[03:23:05 INF] 【直播间】929670 的第 67 个心跳包发送成功
[03:23:06 INF] 【直播间】11732699 的第 67 个心跳包发送成功
[03:23:07 INF] 【直播间】91164 的第 67 个心跳包发送成功
[03:23:08 INF] 【直播间】22764265 的第 67 个心跳包发送成功
[03:24:01 INF] 【直播间】23357926 的第 68 个心跳包发送成功
[03:24:02 INF] 【直播间】23040372 的第 68 个心跳包发送成功
[03:24:03 INF] 【直播间】31494 的第 68 个心跳包发送成功
[03:24:05 INF] 【直播间】4015781 的第 68 个心跳包发送成功
[03:24:06 INF] 【直播间】9619073 的第 68 个心跳包发送成功
[03:24:07 INF] 【直播间】407149 的第 68 个心跳包发送成功
[03:24:08 INF] 【直播间】7184632 的第 68 个心跳包发送成功
[03:24:09 INF] 【直播间】23447660 的第 68 个心跳包发送成功
[03:24:11 INF] 【直播间】929670 的第 68 个心跳包发送成功
[03:24:12 INF] 【直播间】11732699 的第 68 个心跳包发送成功
[03:24:13 INF] 【直播间】91164 的第 68 个心跳包发送成功
[03:24:14 INF] 【直播间】22764265 的第 68 个心跳包发送成功
[03:25:08 INF] 【直播间】23357926 的第 69 个心跳包发送成功
[03:25:09 INF] 【直播间】23040372 的第 69 个心跳包发送成功
[03:25:10 INF] 【直播间】31494 的第 69 个心跳包发送成功
[03:25:11 INF] 【直播间】4015781 的第 69 个心跳包发送成功
[03:25:12 INF] 【直播间】9619073 的第 69 个心跳包发送成功
[03:25:14 INF] 【直播间】407149 的第 69 个心跳包发送成功
[03:25:15 INF] 【直播间】7184632 的第 69 个心跳包发送成功
[03:25:16 INF] 【直播间】23447660 的第 69 个心跳包发送成功
[03:25:17 INF] 【直播间】929670 的第 69 个心跳包发送成功
[03:25:18 INF] 【直播间】11732699 的第 69 个心跳包发送成功
[03:25:20 INF] 【直播间】91164 的第 69 个心跳包发送成功
[03:25:21 INF] 【直播间】22764265 的第 69 个心跳包发送成功
[03:26:14 INF] 【直播间】23357926 的第 70 个心跳包发送成功
[03:26:15 INF] 【直播间】23040372 的第 70 个心跳包发送成功
[03:26:17 INF] 【直播间】31494 的第 70 个心跳包发送成功
[03:26:18 INF] 【直播间】4015781 的第 70 个心跳包发送成功
[03:26:19 INF] 【直播间】9619073 的第 70 个心跳包发送成功
[03:26:20 INF] 【直播间】407149 的第 70 个心跳包发送成功
[03:26:21 INF] 【直播间】7184632 的第 70 个心跳包发送成功
[03:26:22 INF] 【直播间】23447660 的第 70 个心跳包发送成功
[03:26:24 INF] 【直播间】929670 的第 70 个心跳包发送成功
[03:26:25 INF] 【直播间】11732699 的第 70 个心跳包发送成功
[03:26:26 INF] 【直播间】91164 的第 70 个心跳包发送成功
[03:26:27 INF] 【直播间】22764265 的第 70 个心跳包发送成功
[03:26:27 INF] 【直播观看时长】完成情况：12/12 
[03:26:27 INF] ---------结束---------

[03:26:27 INF] ==========结束==========

[03:26:27 INF] ######### 账号 3 #########

[03:26:27 INF] =====开始 直播间互动 =====

[03:26:27 INF] ---开始 发送弹幕 ---
[03:26:27 INF] 检测到直播 Cookie 未正确配置，尝试自动配置中...
[03:26:34 INF] 直播 Cookie 配置成功！
[03:26:34 INF] 【获取直播列表】获取拥有粉丝牌的直播列表
[03:26:40 ERR] 【获取直播列表】失败
[03:26:40 ERR] 【原因】账号未登录
[03:26:40 ERR] 发送弹幕失败，继续其他任务。失败信息:Object reference not set to an instance of an object.

[03:26:40 INF] -------结束-------

[03:26:40 INF] ---开始 点赞直播间 ---
[03:26:40 INF] 【获取直播列表】获取拥有粉丝牌的直播列表
[03:26:43 ERR] 【获取直播列表】失败
[03:26:43 ERR] 【原因】账号未登录
[03:26:43 ERR] 点赞直播间失败，继续其他任务。失败信息:Object reference not set to an instance of an object.

[03:26:43 INF] --------结束--------

[03:26:43 INF] ---开始 直播时长挂机 ---
[03:26:43 INF] 【获取直播列表】获取拥有粉丝牌的直播列表
[03:26:50 ERR] 【获取直播列表】失败
[03:26:50 ERR] 【原因】账号未登录
[03:26:50 ERR] 直播时长挂机失败，继续其他任务。失败信息:Object reference not set to an instance of an object.

[03:26:50 INF] ---------结束---------

[03:26:50 INF] ==========结束==========

[03:26:50 INF] 

========================

 v2.0.2 开源 by https://github.com/RayWangQvQ/BiliBiliToolPro

[03:26:50 INF] ·开始推送·LiveFansMedal任务·
2024-04-01T19:26:50.3121988Z 开始推送到:PushPlus
2024-04-01T19:26:51.3166414Z Response status: OK.
2024-04-01T19:26:51.3166695Z Response content: {"code":999,"msg":"发送内容过大，不能超过2万字","data":null}.

[03:26:51 INF] 运行环境：Development
[03:26:51 INF] 应用目录：/home/runner/work/BiliBiliToolPro/BiliBiliToolPro/src/Ray.BiliBiliTool.Console/bin/Debug/net6.0/

[03:26:51 INF] 运行结束
