----------- ip 信息 ---------
{
  "ip": "52.225.77.208",
  "city": "San Jose",
  "region": "California",
  "country": "US",
  "loc": "37.3394,-121.8950",
  "org": "AS8075 Microsoft Corporation",
  "postal": "95103",
  "timezone": "America/Los_Angeles",
  "readme": "https://ipinfo.io/missingauth"
} ---------- end ------------
  ____               ____    _   _____           _  
 |  _ \ __ _ _   _  | __ ) _| |_|_   _|__   ___ | | 
 | |_) / _` | | | | |  _ \(_) (_) | |/ _ \ / _ \| | 
 |  _ < (_| | |_| | | |_) | | | | | | (_) | (_) | | 
 |_| \_\__,_|\__, | |____/|_|_|_| |_|\___/ \___/|_| 
             |___/                                  

[00:28:32 INF] BiliBiliToolPro 开始运行...

[00:28:32 INF] 【账号个数】3个

[00:28:32 INF] 随机休眠4分钟

[00:32:32 INF] 【目标任务】LiveFansMedal
[00:32:32 INF] ######### 账号 1 #########

[00:32:32 INF] =====开始 直播间互动 =====

[00:32:32 INF] ---开始 发送弹幕 ---
[00:32:32 INF] 检测到直播 Cookie 未正确配置，尝试自动配置中...
[00:32:39 INF] 直播 Cookie 配置成功！
[00:32:39 INF] 【获取直播列表】获取拥有粉丝牌的直播列表
[00:32:46 INF] 【主播】Mark陌枫 
[00:33:00 INF] 【主播】KL_qiqi_ 
[00:33:13 INF] 【主播】苏打baka 
[00:33:29 INF] 【直播间】Mark陌枫
[00:33:29 INF] 【粉丝牌】馬楓
[00:33:29 INF] 正在发送弹幕...
[00:33:33 INF] 【直播间】KL_qiqi_
[00:33:33 INF] 【粉丝牌】qiqisb
[00:33:33 INF] 正在发送弹幕...
[00:33:37 INF] 【直播间】苏打baka
[00:33:37 INF] 【粉丝牌】碳酸钠
[00:33:37 INF] 正在发送弹幕...
[00:33:44 INF] -------结束-------

[00:33:44 INF] ---开始 点赞直播间 ---
[00:33:44 INF] 【获取直播列表】获取拥有粉丝牌的直播列表
[00:33:46 INF] 【弹幕发送】成功~，你和主播 Mark陌枫 的亲密值增加了100！
[00:33:47 INF] 【弹幕发送】成功~，你和主播 KL_qiqi_ 的亲密值增加了100！
[00:33:50 INF] 【主播】Mark陌枫 
[00:33:55 INF] 【弹幕发送】成功~，你和主播 苏打baka 的亲密值增加了100！
[00:34:03 INF] 【主播】KL_qiqi_ 
[00:34:15 INF] 【主播】苏打baka 
[00:34:34 INF] 【点赞直播间】23357926 完成
[00:34:42 INF] 【点赞直播间】407149 完成
[00:34:46 INF] --------结束--------

[00:34:46 INF] ---开始 直播时长挂机 ---
[00:34:46 INF] 【获取直播列表】获取拥有粉丝牌的直播列表
[00:34:46 INF] 【点赞直播间】23040372 完成
[00:34:50 INF] 【主播】Mark陌枫 
[00:35:06 INF] 【主播】KL_qiqi_ 
[00:35:24 INF] 【主播】苏打baka 
[00:35:39 INF] 【直播间】23357926 的第 1 个心跳包发送成功
[00:35:41 INF] 【直播间】407149 的第 1 个心跳包发送成功
[00:35:42 INF] 【直播间】23040372 的第 1 个心跳包发送成功
[00:36:46 INF] 【直播间】23357926 的第 2 个心跳包发送成功
[00:36:47 INF] 【直播间】407149 的第 2 个心跳包发送成功
[00:36:48 INF] 【直播间】23040372 的第 2 个心跳包发送成功
[00:37:52 INF] 【直播间】23357926 的第 3 个心跳包发送成功
[00:37:54 INF] 【直播间】407149 的第 3 个心跳包发送成功
[00:37:55 INF] 【直播间】23040372 的第 3 个心跳包发送成功
[00:38:58 INF] 【直播间】23357926 的第 4 个心跳包发送成功
[00:39:00 INF] 【直播间】407149 的第 4 个心跳包发送成功
[00:39:01 INF] 【直播间】23040372 的第 4 个心跳包发送成功
[00:40:05 INF] 【直播间】23357926 的第 5 个心跳包发送成功
[00:40:06 INF] 【直播间】407149 的第 5 个心跳包发送成功
[00:40:07 INF] 【直播间】23040372 的第 5 个心跳包发送成功
[00:41:11 INF] 【直播间】23357926 的第 6 个心跳包发送成功
[00:41:12 INF] 【直播间】407149 的第 6 个心跳包发送成功
[00:41:14 INF] 【直播间】23040372 的第 6 个心跳包发送成功
[00:42:17 INF] 【直播间】23357926 的第 7 个心跳包发送成功
[00:42:19 INF] 【直播间】407149 的第 7 个心跳包发送成功
[00:42:20 INF] 【直播间】23040372 的第 7 个心跳包发送成功
[00:43:24 INF] 【直播间】23357926 的第 8 个心跳包发送成功
[00:43:25 INF] 【直播间】407149 的第 8 个心跳包发送成功
[00:43:26 INF] 【直播间】23040372 的第 8 个心跳包发送成功
[00:44:30 INF] 【直播间】23357926 的第 9 个心跳包发送成功
[00:44:31 INF] 【直播间】407149 的第 9 个心跳包发送成功
[00:44:32 INF] 【直播间】23040372 的第 9 个心跳包发送成功
[00:45:36 INF] 【直播间】23357926 的第 10 个心跳包发送成功
[00:45:37 INF] 【直播间】407149 的第 10 个心跳包发送成功
[00:45:39 INF] 【直播间】23040372 的第 10 个心跳包发送成功
[00:46:43 INF] 【直播间】23357926 的第 11 个心跳包发送成功
[00:46:44 INF] 【直播间】407149 的第 11 个心跳包发送成功
[00:46:45 INF] 【直播间】23040372 的第 11 个心跳包发送成功
[00:47:49 INF] 【直播间】23357926 的第 12 个心跳包发送成功
[00:47:50 INF] 【直播间】407149 的第 12 个心跳包发送成功
[00:47:51 INF] 【直播间】23040372 的第 12 个心跳包发送成功
[00:48:56 INF] 【直播间】23357926 的第 13 个心跳包发送成功
[00:48:57 INF] 【直播间】407149 的第 13 个心跳包发送成功
[00:48:58 INF] 【直播间】23040372 的第 13 个心跳包发送成功
[00:50:02 INF] 【直播间】23357926 的第 14 个心跳包发送成功
[00:50:03 INF] 【直播间】407149 的第 14 个心跳包发送成功
[00:50:05 INF] 【直播间】23040372 的第 14 个心跳包发送成功
[00:51:08 INF] 【直播间】23357926 的第 15 个心跳包发送成功
[00:51:10 INF] 【直播间】407149 的第 15 个心跳包发送成功
[00:51:11 INF] 【直播间】23040372 的第 15 个心跳包发送成功
[00:52:15 ERR] 【心跳包】直播间 23357926 发送失败
[00:52:15 ERR] 【原因】time check failed
[00:52:16 ERR] 【心跳包】直播间 407149 发送失败
[00:52:16 ERR] 【原因】time check failed
[00:52:17 ERR] 【心跳包】直播间 23040372 发送失败
[00:52:17 ERR] 【原因】time check failed
[00:53:21 INF] 【直播间】23357926 的第 16 个心跳包发送成功
[00:53:22 INF] 【直播间】407149 的第 16 个心跳包发送成功
[00:53:23 INF] 【直播间】23040372 的第 16 个心跳包发送成功
[00:54:27 INF] 【直播间】23357926 的第 17 个心跳包发送成功
[00:54:29 INF] 【直播间】407149 的第 17 个心跳包发送成功
[00:54:30 INF] 【直播间】23040372 的第 17 个心跳包发送成功
[00:55:34 INF] 【直播间】23357926 的第 18 个心跳包发送成功
[00:55:35 INF] 【直播间】407149 的第 18 个心跳包发送成功
[00:55:36 INF] 【直播间】23040372 的第 18 个心跳包发送成功
[00:56:40 INF] 【直播间】23357926 的第 19 个心跳包发送成功
[00:56:41 INF] 【直播间】407149 的第 19 个心跳包发送成功
[00:56:42 INF] 【直播间】23040372 的第 19 个心跳包发送成功
[00:57:46 INF] 【直播间】23357926 的第 20 个心跳包发送成功
[00:57:47 INF] 【直播间】407149 的第 20 个心跳包发送成功
[00:57:49 INF] 【直播间】23040372 的第 20 个心跳包发送成功
[00:58:53 INF] 【直播间】23357926 的第 21 个心跳包发送成功
[00:58:54 INF] 【直播间】407149 的第 21 个心跳包发送成功
[00:58:55 INF] 【直播间】23040372 的第 21 个心跳包发送成功
[00:59:59 INF] 【直播间】23357926 的第 22 个心跳包发送成功
[01:00:00 INF] 【直播间】407149 的第 22 个心跳包发送成功
[01:00:02 INF] 【直播间】23040372 的第 22 个心跳包发送成功
[01:01:06 INF] 【直播间】23357926 的第 23 个心跳包发送成功
[01:01:07 INF] 【直播间】407149 的第 23 个心跳包发送成功
[01:01:08 INF] 【直播间】23040372 的第 23 个心跳包发送成功
[01:02:12 INF] 【直播间】23357926 的第 24 个心跳包发送成功
[01:02:13 INF] 【直播间】407149 的第 24 个心跳包发送成功
[01:02:14 INF] 【直播间】23040372 的第 24 个心跳包发送成功
[01:03:18 INF] 【直播间】23357926 的第 25 个心跳包发送成功
[01:03:19 INF] 【直播间】407149 的第 25 个心跳包发送成功
[01:03:21 INF] 【直播间】23040372 的第 25 个心跳包发送成功
[01:04:24 INF] 【直播间】23357926 的第 26 个心跳包发送成功
[01:04:26 INF] 【直播间】407149 的第 26 个心跳包发送成功
[01:04:27 INF] 【直播间】23040372 的第 26 个心跳包发送成功
[01:05:31 INF] 【直播间】23357926 的第 27 个心跳包发送成功
[01:05:32 INF] 【直播间】407149 的第 27 个心跳包发送成功
[01:05:33 INF] 【直播间】23040372 的第 27 个心跳包发送成功
[01:06:37 INF] 【直播间】23357926 的第 28 个心跳包发送成功
[01:06:38 INF] 【直播间】407149 的第 28 个心跳包发送成功
[01:06:40 INF] 【直播间】23040372 的第 28 个心跳包发送成功
[01:07:43 INF] 【直播间】23357926 的第 29 个心跳包发送成功
[01:07:45 INF] 【直播间】407149 的第 29 个心跳包发送成功
[01:07:46 INF] 【直播间】23040372 的第 29 个心跳包发送成功
[01:08:50 ERR] 【心跳包】直播间 23357926 发送失败
[01:08:50 ERR] 【原因】time check failed
[01:08:51 ERR] 【心跳包】直播间 407149 发送失败
[01:08:51 ERR] 【原因】time check failed
[01:08:52 ERR] 【心跳包】直播间 23040372 发送失败
[01:08:52 ERR] 【原因】time check failed
[01:09:56 INF] 【直播间】23357926 的第 30 个心跳包发送成功
[01:09:58 INF] 【直播间】407149 的第 30 个心跳包发送成功
[01:09:59 INF] 【直播间】23040372 的第 30 个心跳包发送成功
[01:11:03 INF] 【直播间】23357926 的第 31 个心跳包发送成功
[01:11:04 INF] 【直播间】407149 的第 31 个心跳包发送成功
[01:11:05 INF] 【直播间】23040372 的第 31 个心跳包发送成功
[01:12:09 INF] 【直播间】23357926 的第 32 个心跳包发送成功
[01:12:10 INF] 【直播间】407149 的第 32 个心跳包发送成功
[01:12:12 INF] 【直播间】23040372 的第 32 个心跳包发送成功
[01:13:15 INF] 【直播间】23357926 的第 33 个心跳包发送成功
[01:13:17 INF] 【直播间】407149 的第 33 个心跳包发送成功
[01:13:18 INF] 【直播间】23040372 的第 33 个心跳包发送成功
[01:14:22 INF] 【直播间】23357926 的第 34 个心跳包发送成功
[01:14:23 INF] 【直播间】407149 的第 34 个心跳包发送成功
[01:14:24 INF] 【直播间】23040372 的第 34 个心跳包发送成功
[01:15:28 INF] 【直播间】23357926 的第 35 个心跳包发送成功
[01:15:30 INF] 【直播间】407149 的第 35 个心跳包发送成功
[01:15:31 INF] 【直播间】23040372 的第 35 个心跳包发送成功
[01:16:35 INF] 【直播间】23357926 的第 36 个心跳包发送成功
[01:16:36 INF] 【直播间】407149 的第 36 个心跳包发送成功
[01:16:37 INF] 【直播间】23040372 的第 36 个心跳包发送成功
[01:17:41 INF] 【直播间】23357926 的第 37 个心跳包发送成功
[01:17:42 INF] 【直播间】407149 的第 37 个心跳包发送成功
[01:17:44 INF] 【直播间】23040372 的第 37 个心跳包发送成功
[01:18:47 INF] 【直播间】23357926 的第 38 个心跳包发送成功
[01:18:49 INF] 【直播间】407149 的第 38 个心跳包发送成功
[01:18:50 INF] 【直播间】23040372 的第 38 个心跳包发送成功
[01:19:54 INF] 【直播间】23357926 的第 39 个心跳包发送成功
[01:19:55 INF] 【直播间】407149 的第 39 个心跳包发送成功
[01:19:57 INF] 【直播间】23040372 的第 39 个心跳包发送成功
[01:21:00 INF] 【直播间】23357926 的第 40 个心跳包发送成功
[01:21:02 INF] 【直播间】407149 的第 40 个心跳包发送成功
[01:21:03 INF] 【直播间】23040372 的第 40 个心跳包发送成功
[01:22:07 INF] 【直播间】23357926 的第 41 个心跳包发送成功
[01:22:08 INF] 【直播间】407149 的第 41 个心跳包发送成功
[01:22:09 INF] 【直播间】23040372 的第 41 个心跳包发送成功
[01:23:13 INF] 【直播间】23357926 的第 42 个心跳包发送成功
[01:23:14 INF] 【直播间】407149 的第 42 个心跳包发送成功
[01:23:15 INF] 【直播间】23040372 的第 42 个心跳包发送成功
[01:24:19 INF] 【直播间】23357926 的第 43 个心跳包发送成功
[01:24:21 INF] 【直播间】407149 的第 43 个心跳包发送成功
[01:24:22 INF] 【直播间】23040372 的第 43 个心跳包发送成功
[01:25:26 ERR] 【心跳包】直播间 23357926 发送失败
[01:25:26 ERR] 【原因】time check failed
[01:25:27 ERR] 【心跳包】直播间 407149 发送失败
[01:25:27 ERR] 【原因】time check failed
[01:25:28 ERR] 【心跳包】直播间 23040372 发送失败
[01:25:28 ERR] 【原因】time check failed
[01:26:32 INF] 【直播间】23357926 的第 44 个心跳包发送成功
[01:26:34 INF] 【直播间】407149 的第 44 个心跳包发送成功
[01:26:35 INF] 【直播间】23040372 的第 44 个心跳包发送成功
[01:27:39 INF] 【直播间】23357926 的第 45 个心跳包发送成功
[01:27:40 INF] 【直播间】407149 的第 45 个心跳包发送成功
[01:27:41 INF] 【直播间】23040372 的第 45 个心跳包发送成功
[01:28:45 INF] 【直播间】23357926 的第 46 个心跳包发送成功
[01:28:46 INF] 【直播间】407149 的第 46 个心跳包发送成功
[01:28:48 INF] 【直播间】23040372 的第 46 个心跳包发送成功
[01:29:51 INF] 【直播间】23357926 的第 47 个心跳包发送成功
[01:29:53 INF] 【直播间】407149 的第 47 个心跳包发送成功
[01:29:54 INF] 【直播间】23040372 的第 47 个心跳包发送成功
[01:30:58 INF] 【直播间】23357926 的第 48 个心跳包发送成功
[01:30:59 INF] 【直播间】407149 的第 48 个心跳包发送成功
[01:31:00 INF] 【直播间】23040372 的第 48 个心跳包发送成功
[01:32:04 INF] 【直播间】23357926 的第 49 个心跳包发送成功
[01:32:05 INF] 【直播间】407149 的第 49 个心跳包发送成功
[01:32:07 INF] 【直播间】23040372 的第 49 个心跳包发送成功
[01:33:11 INF] 【直播间】23357926 的第 50 个心跳包发送成功
[01:33:12 INF] 【直播间】407149 的第 50 个心跳包发送成功
[01:33:13 INF] 【直播间】23040372 的第 50 个心跳包发送成功
[01:34:17 INF] 【直播间】23357926 的第 51 个心跳包发送成功
[01:34:18 INF] 【直播间】407149 的第 51 个心跳包发送成功
[01:34:19 INF] 【直播间】23040372 的第 51 个心跳包发送成功
[01:35:23 INF] 【直播间】23357926 的第 52 个心跳包发送成功
[01:35:24 INF] 【直播间】407149 的第 52 个心跳包发送成功
[01:35:26 INF] 【直播间】23040372 的第 52 个心跳包发送成功
[01:36:29 INF] 【直播间】23357926 的第 53 个心跳包发送成功
[01:36:31 INF] 【直播间】407149 的第 53 个心跳包发送成功
[01:36:32 INF] 【直播间】23040372 的第 53 个心跳包发送成功
[01:37:36 INF] 【直播间】23357926 的第 54 个心跳包发送成功
[01:37:37 INF] 【直播间】407149 的第 54 个心跳包发送成功
[01:37:38 INF] 【直播间】23040372 的第 54 个心跳包发送成功
[01:38:42 INF] 【直播间】23357926 的第 55 个心跳包发送成功
[01:38:43 INF] 【直播间】407149 的第 55 个心跳包发送成功
[01:38:45 INF] 【直播间】23040372 的第 55 个心跳包发送成功
[01:39:49 INF] 【直播间】23357926 的第 56 个心跳包发送成功
[01:39:50 INF] 【直播间】407149 的第 56 个心跳包发送成功
[01:39:51 INF] 【直播间】23040372 的第 56 个心跳包发送成功
[01:40:55 INF] 【直播间】23357926 的第 57 个心跳包发送成功
[01:40:56 INF] 【直播间】407149 的第 57 个心跳包发送成功
[01:40:58 INF] 【直播间】23040372 的第 57 个心跳包发送成功
[01:42:01 ERR] 【心跳包】直播间 23357926 发送失败
[01:42:01 ERR] 【原因】time check failed
[01:42:03 ERR] 【心跳包】直播间 407149 发送失败
[01:42:03 ERR] 【原因】time check failed
[01:42:04 ERR] 【心跳包】直播间 23040372 发送失败
[01:42:04 ERR] 【原因】time check failed
[01:43:07 INF] 【直播间】23357926 的第 58 个心跳包发送成功
[01:43:09 INF] 【直播间】407149 的第 58 个心跳包发送成功
[01:43:10 INF] 【直播间】23040372 的第 58 个心跳包发送成功
[01:44:14 INF] 【直播间】23357926 的第 59 个心跳包发送成功
[01:44:15 INF] 【直播间】407149 的第 59 个心跳包发送成功
[01:44:17 INF] 【直播间】23040372 的第 59 个心跳包发送成功
[01:45:20 INF] 【直播间】23357926 的第 60 个心跳包发送成功
[01:45:22 INF] 【直播间】407149 的第 60 个心跳包发送成功
[01:45:23 INF] 【直播间】23040372 的第 60 个心跳包发送成功
[01:46:27 INF] 【直播间】23357926 的第 61 个心跳包发送成功
[01:46:28 INF] 【直播间】407149 的第 61 个心跳包发送成功
[01:46:29 INF] 【直播间】23040372 的第 61 个心跳包发送成功
[01:47:33 INF] 【直播间】23357926 的第 62 个心跳包发送成功
[01:47:34 INF] 【直播间】407149 的第 62 个心跳包发送成功
[01:47:35 INF] 【直播间】23040372 的第 62 个心跳包发送成功
[01:48:39 INF] 【直播间】23357926 的第 63 个心跳包发送成功
[01:48:41 INF] 【直播间】407149 的第 63 个心跳包发送成功
[01:48:42 INF] 【直播间】23040372 的第 63 个心跳包发送成功
[01:49:46 INF] 【直播间】23357926 的第 64 个心跳包发送成功
[01:49:47 INF] 【直播间】407149 的第 64 个心跳包发送成功
[01:49:48 INF] 【直播间】23040372 的第 64 个心跳包发送成功
[01:50:52 INF] 【直播间】23357926 的第 65 个心跳包发送成功
[01:50:53 INF] 【直播间】407149 的第 65 个心跳包发送成功
[01:50:55 INF] 【直播间】23040372 的第 65 个心跳包发送成功
[01:51:58 INF] 【直播间】23357926 的第 66 个心跳包发送成功
[01:52:00 INF] 【直播间】407149 的第 66 个心跳包发送成功
[01:52:01 INF] 【直播间】23040372 的第 66 个心跳包发送成功
[01:53:05 INF] 【直播间】23357926 的第 67 个心跳包发送成功
[01:53:06 INF] 【直播间】407149 的第 67 个心跳包发送成功
[01:53:07 INF] 【直播间】23040372 的第 67 个心跳包发送成功
[01:54:11 INF] 【直播间】23357926 的第 68 个心跳包发送成功
[01:54:12 INF] 【直播间】407149 的第 68 个心跳包发送成功
[01:54:14 INF] 【直播间】23040372 的第 68 个心跳包发送成功
[01:55:17 INF] 【直播间】23357926 的第 69 个心跳包发送成功
[01:55:19 INF] 【直播间】407149 的第 69 个心跳包发送成功
[01:55:20 INF] 【直播间】23040372 的第 69 个心跳包发送成功
[01:56:24 INF] 【直播间】23357926 的第 70 个心跳包发送成功
[01:56:25 INF] 【直播间】407149 的第 70 个心跳包发送成功
[01:56:27 INF] 【直播间】23040372 的第 70 个心跳包发送成功
[01:56:27 INF] 【直播观看时长】完成情况：3/3 
[01:56:27 INF] ---------结束---------

[01:56:27 INF] ==========结束==========

[01:56:27 INF] ######### 账号 2 #########

[01:56:27 INF] =====开始 直播间互动 =====

[01:56:27 INF] ---开始 发送弹幕 ---
[01:56:27 INF] 检测到直播 Cookie 未正确配置，尝试自动配置中...
[01:56:33 INF] 直播 Cookie 配置成功！
[01:56:33 INF] 【获取直播列表】获取拥有粉丝牌的直播列表
[01:56:37 INF] 【主播】Mark陌枫 
[01:56:56 INF] 【主播】苏打baka 
[01:57:13 INF] 【主播】特别中二的q3君 
[01:57:29 INF] 【主播】陈抱一 
[01:57:46 INF] 【主播】贪玩的小毅 
[01:58:05 INF] 【主播】KL_qiqi_ 
[01:58:27 INF] 【主播】记录生活的蛋黄派 
[01:58:41 INF] 【主播】悠悠球琛总 
[01:58:59 INF] 【主播】新石器公园 
[01:59:15 INF] 【主播】脏小豆 
[01:59:27 INF] 【主播】FoFTG 
[01:59:43 INF] 【主播】李船长笔记 
[01:59:58 INF] 【直播间】Mark陌枫
[01:59:58 INF] 【粉丝牌】馬楓
[01:59:58 INF] 正在发送弹幕...
[02:00:02 INF] 【直播间】苏打baka
[02:00:02 INF] 【粉丝牌】碳酸钠
[02:00:02 INF] 正在发送弹幕...
[02:00:09 INF] 【直播间】特别中二的q3君
[02:00:09 INF] 【粉丝牌】q3GG
[02:00:09 INF] 正在发送弹幕...
[02:00:12 INF] 【弹幕发送】成功~，你和主播 Mark陌枫 的亲密值增加了100！
[02:00:15 INF] 【直播间】陈抱一
[02:00:15 INF] 【粉丝牌】陈抱一
[02:00:15 INF] 正在发送弹幕...
[02:00:21 INF] 【直播间】贪玩的小毅
[02:00:21 INF] 【粉丝牌】大大毅
[02:00:21 INF] 正在发送弹幕...
[02:00:23 INF] 【弹幕发送】成功~，你和主播 苏打baka 的亲密值增加了100！
[02:00:24 INF] 【直播间】KL_qiqi_
[02:00:24 INF] 【粉丝牌】qiqisb
[02:00:24 INF] 正在发送弹幕...
[02:00:25 INF] 【弹幕发送】成功~，你和主播 特别中二的q3君 的亲密值增加了100！
[02:00:29 INF] 【直播间】记录生活的蛋黄派
[02:00:29 INF] 【粉丝牌】派派派
[02:00:29 INF] 正在发送弹幕...
[02:00:30 INF] 【弹幕发送】成功~，你和主播 陈抱一 的亲密值增加了100！
[02:00:34 INF] 【直播间】悠悠球琛总
[02:00:34 INF] 【粉丝牌】i琛
[02:00:34 INF] 正在发送弹幕...
[02:00:35 INF] 【弹幕发送】成功~，你和主播 贪玩的小毅 的亲密值增加了100！
[02:00:36 INF] 【弹幕发送】成功~，你和主播 KL_qiqi_ 的亲密值增加了100！
[02:00:41 INF] 【直播间】新石器公园
[02:00:41 INF] 【粉丝牌】东园主
[02:00:41 INF] 正在发送弹幕...
[02:00:46 INF] 【直播间】脏小豆
[02:00:46 INF] 【粉丝牌】豆豆浆
[02:00:46 INF] 正在发送弹幕...
[02:00:46 INF] 【弹幕发送】成功~，你和主播 记录生活的蛋黄派 的亲密值增加了100！
[02:00:49 INF] 【弹幕发送】成功~，你和主播 悠悠球琛总 的亲密值增加了100！
[02:00:53 INF] 【直播间】FoFTG
[02:00:53 INF] 【粉丝牌】FOFTG
[02:00:53 INF] 正在发送弹幕...
[02:00:57 INF] 【直播间】李船长笔记
[02:00:57 INF] 【粉丝牌】航海仕
[02:00:57 INF] 正在发送弹幕...
[02:00:57 INF] 【弹幕发送】成功~，你和主播 新石器公园 的亲密值增加了100！
[02:01:02 INF] -------结束-------

[02:01:02 INF] ---开始 点赞直播间 ---
[02:01:02 INF] 【获取直播列表】获取拥有粉丝牌的直播列表
[02:01:02 INF] 【弹幕发送】成功~，你和主播 脏小豆 的亲密值增加了100！
[02:01:08 INF] 【主播】Mark陌枫 
[02:01:08 INF] 【弹幕发送】成功~，你和主播 FoFTG 的亲密值增加了100！
[02:01:11 INF] 【弹幕发送】成功~，你和主播 李船长笔记 的亲密值增加了100！
[02:01:24 INF] 【主播】苏打baka 
[02:01:40 INF] 【主播】特别中二的q3君 
[02:01:53 INF] 【主播】陈抱一 
[02:02:05 INF] 【主播】贪玩的小毅 
[02:02:19 INF] 【主播】KL_qiqi_ 
[02:02:35 INF] 【主播】记录生活的蛋黄派 
[02:02:49 INF] 【主播】悠悠球琛总 
[02:03:02 INF] 【主播】新石器公园 
[02:03:16 INF] 【主播】脏小豆 
[02:03:31 INF] 【主播】FoFTG 
[02:03:47 INF] 【主播】李船长笔记 
[02:04:08 INF] 【点赞直播间】23357926 完成
[02:04:15 INF] 【点赞直播间】23040372 完成
[02:04:22 INF] 【点赞直播间】31494 完成
[02:04:25 INF] 【点赞直播间】4015781 完成
[02:04:28 INF] 【点赞直播间】9619073 完成
[02:04:34 INF] 【点赞直播间】407149 完成
[02:04:41 INF] 【点赞直播间】11732699 完成
[02:04:44 INF] 【点赞直播间】7184632 完成
[02:04:50 INF] 【点赞直播间】23447660 完成
[02:04:54 INF] 【点赞直播间】929670 完成
[02:05:02 INF] 【点赞直播间】91164 完成
[02:05:05 INF] --------结束--------

[02:05:05 INF] ---开始 直播时长挂机 ---
[02:05:05 INF] 【获取直播列表】获取拥有粉丝牌的直播列表
[02:05:05 INF] 【点赞直播间】22764265 完成
[02:05:12 INF] 【主播】Mark陌枫 
[02:05:26 INF] 【主播】苏打baka 
[02:05:39 INF] 【主播】特别中二的q3君 
[02:05:58 INF] 【主播】陈抱一 
[02:06:16 INF] 【主播】贪玩的小毅 
[02:06:35 INF] 【主播】KL_qiqi_ 
[02:06:54 INF] 【主播】记录生活的蛋黄派 
[02:07:09 INF] 【主播】悠悠球琛总 
[02:07:27 INF] 【主播】新石器公园 
[02:07:41 INF] 【主播】脏小豆 
[02:07:59 INF] 【主播】FoFTG 
[02:08:10 INF] 【主播】李船长笔记 
[02:08:24 INF] 【直播间】23357926 的第 1 个心跳包发送成功
[02:08:26 INF] 【直播间】23040372 的第 1 个心跳包发送成功
[02:08:27 INF] 【直播间】31494 的第 1 个心跳包发送成功
[02:08:28 INF] 【直播间】4015781 的第 1 个心跳包发送成功
[02:08:29 INF] 【直播间】9619073 的第 1 个心跳包发送成功
[02:08:30 INF] 【直播间】407149 的第 1 个心跳包发送成功
[02:08:32 INF] 【直播间】11732699 的第 1 个心跳包发送成功
[02:08:33 INF] 【直播间】7184632 的第 1 个心跳包发送成功
[02:08:34 INF] 【直播间】23447660 的第 1 个心跳包发送成功
[02:08:35 INF] 【直播间】929670 的第 1 个心跳包发送成功
[02:08:36 INF] 【直播间】91164 的第 1 个心跳包发送成功
[02:08:38 INF] 【直播间】22764265 的第 1 个心跳包发送成功
[02:09:31 INF] 【直播间】23357926 的第 2 个心跳包发送成功
[02:09:32 INF] 【直播间】23040372 的第 2 个心跳包发送成功
[02:09:33 INF] 【直播间】31494 的第 2 个心跳包发送成功
[02:09:35 INF] 【直播间】4015781 的第 2 个心跳包发送成功
[02:09:36 INF] 【直播间】9619073 的第 2 个心跳包发送成功
[02:09:37 INF] 【直播间】407149 的第 2 个心跳包发送成功
[02:09:38 INF] 【直播间】11732699 的第 2 个心跳包发送成功
[02:09:40 INF] 【直播间】7184632 的第 2 个心跳包发送成功
[02:09:41 INF] 【直播间】23447660 的第 2 个心跳包发送成功
[02:09:42 INF] 【直播间】929670 的第 2 个心跳包发送成功
[02:09:43 INF] 【直播间】91164 的第 2 个心跳包发送成功
[02:09:45 INF] 【直播间】22764265 的第 2 个心跳包发送成功
[02:10:37 INF] 【直播间】23357926 的第 3 个心跳包发送成功
[02:10:38 INF] 【直播间】23040372 的第 3 个心跳包发送成功
[02:10:40 INF] 【直播间】31494 的第 3 个心跳包发送成功
[02:10:41 INF] 【直播间】4015781 的第 3 个心跳包发送成功
[02:10:42 INF] 【直播间】9619073 的第 3 个心跳包发送成功
[02:10:44 INF] 【直播间】407149 的第 3 个心跳包发送成功
[02:10:45 INF] 【直播间】11732699 的第 3 个心跳包发送成功
[02:10:46 INF] 【直播间】7184632 的第 3 个心跳包发送成功
[02:10:47 INF] 【直播间】23447660 的第 3 个心跳包发送成功
[02:10:48 INF] 【直播间】929670 的第 3 个心跳包发送成功
[02:10:50 INF] 【直播间】91164 的第 3 个心跳包发送成功
[02:10:51 INF] 【直播间】22764265 的第 3 个心跳包发送成功
[02:11:44 INF] 【直播间】23357926 的第 4 个心跳包发送成功
[02:11:45 INF] 【直播间】23040372 的第 4 个心跳包发送成功
[02:11:46 INF] 【直播间】31494 的第 4 个心跳包发送成功
[02:11:47 INF] 【直播间】4015781 的第 4 个心跳包发送成功
[02:11:48 INF] 【直播间】9619073 的第 4 个心跳包发送成功
[02:11:50 INF] 【直播间】407149 的第 4 个心跳包发送成功
[02:11:51 INF] 【直播间】11732699 的第 4 个心跳包发送成功
[02:11:52 INF] 【直播间】7184632 的第 4 个心跳包发送成功
[02:11:53 INF] 【直播间】23447660 的第 4 个心跳包发送成功
[02:11:55 INF] 【直播间】929670 的第 4 个心跳包发送成功
[02:11:56 INF] 【直播间】91164 的第 4 个心跳包发送成功
[02:11:57 INF] 【直播间】22764265 的第 4 个心跳包发送成功
[02:12:50 INF] 【直播间】23357926 的第 5 个心跳包发送成功
[02:12:51 INF] 【直播间】23040372 的第 5 个心跳包发送成功
[02:12:52 INF] 【直播间】31494 的第 5 个心跳包发送成功
[02:12:53 INF] 【直播间】4015781 的第 5 个心跳包发送成功
[02:12:55 INF] 【直播间】9619073 的第 5 个心跳包发送成功
[02:12:56 INF] 【直播间】407149 的第 5 个心跳包发送成功
[02:12:57 INF] 【直播间】11732699 的第 5 个心跳包发送成功
[02:12:59 INF] 【直播间】7184632 的第 5 个心跳包发送成功
[02:13:00 INF] 【直播间】23447660 的第 5 个心跳包发送成功
[02:13:01 INF] 【直播间】929670 的第 5 个心跳包发送成功
[02:13:02 INF] 【直播间】91164 的第 5 个心跳包发送成功
[02:13:04 INF] 【直播间】22764265 的第 5 个心跳包发送成功
[02:13:56 INF] 【直播间】23357926 的第 6 个心跳包发送成功
[02:13:57 INF] 【直播间】23040372 的第 6 个心跳包发送成功
[02:13:59 INF] 【直播间】31494 的第 6 个心跳包发送成功
[02:14:00 INF] 【直播间】4015781 的第 6 个心跳包发送成功
[02:14:01 INF] 【直播间】9619073 的第 6 个心跳包发送成功
[02:14:02 INF] 【直播间】407149 的第 6 个心跳包发送成功
[02:14:04 INF] 【直播间】11732699 的第 6 个心跳包发送成功
[02:14:05 INF] 【直播间】7184632 的第 6 个心跳包发送成功
[02:14:06 INF] 【直播间】23447660 的第 6 个心跳包发送成功
[02:14:07 INF] 【直播间】929670 的第 6 个心跳包发送成功
[02:14:09 INF] 【直播间】91164 的第 6 个心跳包发送成功
[02:14:10 INF] 【直播间】22764265 的第 6 个心跳包发送成功
[02:15:02 INF] 【直播间】23357926 的第 7 个心跳包发送成功
[02:15:04 INF] 【直播间】23040372 的第 7 个心跳包发送成功
[02:15:05 INF] 【直播间】31494 的第 7 个心跳包发送成功
[02:15:06 INF] 【直播间】4015781 的第 7 个心跳包发送成功
[02:15:07 INF] 【直播间】9619073 的第 7 个心跳包发送成功
[02:15:09 INF] 【直播间】407149 的第 7 个心跳包发送成功
[02:15:10 INF] 【直播间】11732699 的第 7 个心跳包发送成功
[02:15:11 INF] 【直播间】7184632 的第 7 个心跳包发送成功
[02:15:12 INF] 【直播间】23447660 的第 7 个心跳包发送成功
[02:15:14 INF] 【直播间】929670 的第 7 个心跳包发送成功
[02:15:15 INF] 【直播间】91164 的第 7 个心跳包发送成功
[02:15:16 INF] 【直播间】22764265 的第 7 个心跳包发送成功
[02:16:09 INF] 【直播间】23357926 的第 8 个心跳包发送成功
[02:16:10 INF] 【直播间】23040372 的第 8 个心跳包发送成功
[02:16:12 INF] 【直播间】31494 的第 8 个心跳包发送成功
[02:16:13 INF] 【直播间】4015781 的第 8 个心跳包发送成功
[02:16:14 INF] 【直播间】9619073 的第 8 个心跳包发送成功
[02:16:15 INF] 【直播间】407149 的第 8 个心跳包发送成功
[02:16:16 INF] 【直播间】11732699 的第 8 个心跳包发送成功
[02:16:18 INF] 【直播间】7184632 的第 8 个心跳包发送成功
[02:16:19 INF] 【直播间】23447660 的第 8 个心跳包发送成功
[02:16:20 INF] 【直播间】929670 的第 8 个心跳包发送成功
[02:16:21 INF] 【直播间】91164 的第 8 个心跳包发送成功
[02:16:23 INF] 【直播间】22764265 的第 8 个心跳包发送成功
[02:17:15 INF] 【直播间】23357926 的第 9 个心跳包发送成功
[02:17:17 INF] 【直播间】23040372 的第 9 个心跳包发送成功
[02:17:18 INF] 【直播间】31494 的第 9 个心跳包发送成功
[02:17:19 INF] 【直播间】4015781 的第 9 个心跳包发送成功
[02:17:20 INF] 【直播间】9619073 的第 9 个心跳包发送成功
[02:17:22 INF] 【直播间】407149 的第 9 个心跳包发送成功
[02:17:23 INF] 【直播间】11732699 的第 9 个心跳包发送成功
[02:17:24 INF] 【直播间】7184632 的第 9 个心跳包发送成功
[02:17:25 INF] 【直播间】23447660 的第 9 个心跳包发送成功
[02:17:27 INF] 【直播间】929670 的第 9 个心跳包发送成功
[02:17:28 INF] 【直播间】91164 的第 9 个心跳包发送成功
[02:17:29 INF] 【直播间】22764265 的第 9 个心跳包发送成功
[02:18:22 INF] 【直播间】23357926 的第 10 个心跳包发送成功
[02:18:23 INF] 【直播间】23040372 的第 10 个心跳包发送成功
[02:18:24 INF] 【直播间】31494 的第 10 个心跳包发送成功
[02:18:26 INF] 【直播间】4015781 的第 10 个心跳包发送成功
[02:18:27 INF] 【直播间】9619073 的第 10 个心跳包发送成功
[02:18:28 INF] 【直播间】407149 的第 10 个心跳包发送成功
[02:18:30 INF] 【直播间】11732699 的第 10 个心跳包发送成功
[02:18:31 INF] 【直播间】7184632 的第 10 个心跳包发送成功
[02:18:32 INF] 【直播间】23447660 的第 10 个心跳包发送成功
[02:18:33 INF] 【直播间】929670 的第 10 个心跳包发送成功
[02:18:34 INF] 【直播间】91164 的第 10 个心跳包发送成功
[02:18:36 INF] 【直播间】22764265 的第 10 个心跳包发送成功
[02:19:28 INF] 【直播间】23357926 的第 11 个心跳包发送成功
[02:19:29 INF] 【直播间】23040372 的第 11 个心跳包发送成功
[02:19:31 INF] 【直播间】31494 的第 11 个心跳包发送成功
[02:19:32 INF] 【直播间】4015781 的第 11 个心跳包发送成功
[02:19:33 INF] 【直播间】9619073 的第 11 个心跳包发送成功
[02:19:34 INF] 【直播间】407149 的第 11 个心跳包发送成功
[02:19:36 INF] 【直播间】11732699 的第 11 个心跳包发送成功
[02:19:37 INF] 【直播间】7184632 的第 11 个心跳包发送成功
[02:19:38 INF] 【直播间】23447660 的第 11 个心跳包发送成功
[02:19:39 INF] 【直播间】929670 的第 11 个心跳包发送成功
[02:19:41 INF] 【直播间】91164 的第 11 个心跳包发送成功
[02:19:42 INF] 【直播间】22764265 的第 11 个心跳包发送成功
[02:20:34 INF] 【直播间】23357926 的第 12 个心跳包发送成功
[02:20:36 INF] 【直播间】23040372 的第 12 个心跳包发送成功
[02:20:37 INF] 【直播间】31494 的第 12 个心跳包发送成功
[02:20:38 INF] 【直播间】4015781 的第 12 个心跳包发送成功
[02:20:39 INF] 【直播间】9619073 的第 12 个心跳包发送成功
[02:20:41 INF] 【直播间】407149 的第 12 个心跳包发送成功
[02:20:42 INF] 【直播间】11732699 的第 12 个心跳包发送成功
[02:20:43 INF] 【直播间】7184632 的第 12 个心跳包发送成功
[02:20:45 INF] 【直播间】23447660 的第 12 个心跳包发送成功
[02:20:46 INF] 【直播间】929670 的第 12 个心跳包发送成功
[02:20:47 INF] 【直播间】91164 的第 12 个心跳包发送成功
[02:20:48 INF] 【直播间】22764265 的第 12 个心跳包发送成功
[02:21:41 INF] 【直播间】23357926 的第 13 个心跳包发送成功
[02:21:42 INF] 【直播间】23040372 的第 13 个心跳包发送成功
[02:21:43 INF] 【直播间】31494 的第 13 个心跳包发送成功
[02:21:45 INF] 【直播间】4015781 的第 13 个心跳包发送成功
[02:21:46 INF] 【直播间】9619073 的第 13 个心跳包发送成功
[02:21:47 INF] 【直播间】407149 的第 13 个心跳包发送成功
[02:21:48 INF] 【直播间】11732699 的第 13 个心跳包发送成功
[02:21:50 INF] 【直播间】7184632 的第 13 个心跳包发送成功
[02:21:51 INF] 【直播间】23447660 的第 13 个心跳包发送成功
[02:21:52 INF] 【直播间】929670 的第 13 个心跳包发送成功
[02:21:53 INF] 【直播间】91164 的第 13 个心跳包发送成功
[02:21:55 INF] 【直播间】22764265 的第 13 个心跳包发送成功
[02:22:47 INF] 【直播间】23357926 的第 14 个心跳包发送成功
[02:22:48 INF] 【直播间】23040372 的第 14 个心跳包发送成功
[02:22:50 INF] 【直播间】31494 的第 14 个心跳包发送成功
[02:22:51 INF] 【直播间】4015781 的第 14 个心跳包发送成功
[02:22:52 INF] 【直播间】9619073 的第 14 个心跳包发送成功
[02:22:53 INF] 【直播间】407149 的第 14 个心跳包发送成功
[02:22:55 INF] 【直播间】11732699 的第 14 个心跳包发送成功
[02:22:56 INF] 【直播间】7184632 的第 14 个心跳包发送成功
[02:22:57 INF] 【直播间】23447660 的第 14 个心跳包发送成功
[02:22:58 INF] 【直播间】929670 的第 14 个心跳包发送成功
[02:23:00 INF] 【直播间】91164 的第 14 个心跳包发送成功
[02:23:01 INF] 【直播间】22764265 的第 14 个心跳包发送成功
[02:23:53 INF] 【直播间】23357926 的第 15 个心跳包发送成功
[02:23:55 INF] 【直播间】23040372 的第 15 个心跳包发送成功
[02:23:56 INF] 【直播间】31494 的第 15 个心跳包发送成功
[02:23:57 INF] 【直播间】4015781 的第 15 个心跳包发送成功
[02:23:58 INF] 【直播间】9619073 的第 15 个心跳包发送成功
[02:24:00 INF] 【直播间】407149 的第 15 个心跳包发送成功
[02:24:01 INF] 【直播间】11732699 的第 15 个心跳包发送成功
[02:24:02 INF] 【直播间】7184632 的第 15 个心跳包发送成功
[02:24:03 INF] 【直播间】23447660 的第 15 个心跳包发送成功
[02:24:05 INF] 【直播间】929670 的第 15 个心跳包发送成功
[02:24:06 INF] 【直播间】91164 的第 15 个心跳包发送成功
[02:24:07 INF] 【直播间】22764265 的第 15 个心跳包发送成功
[02:25:00 ERR] 【心跳包】直播间 23357926 发送失败
[02:25:00 ERR] 【原因】time check failed
[02:25:01 ERR] 【心跳包】直播间 23040372 发送失败
[02:25:01 ERR] 【原因】time check failed
[02:25:02 ERR] 【心跳包】直播间 31494 发送失败
[02:25:02 ERR] 【原因】time check failed
[02:25:03 ERR] 【心跳包】直播间 4015781 发送失败
[02:25:03 ERR] 【原因】time check failed
[02:25:05 ERR] 【心跳包】直播间 9619073 发送失败
[02:25:05 ERR] 【原因】time check failed
[02:25:06 ERR] 【心跳包】直播间 407149 发送失败
[02:25:06 ERR] 【原因】time check failed
[02:25:07 ERR] 【心跳包】直播间 11732699 发送失败
[02:25:07 ERR] 【原因】time check failed
[02:25:08 ERR] 【心跳包】直播间 7184632 发送失败
[02:25:08 ERR] 【原因】time check failed
[02:25:10 ERR] 【心跳包】直播间 23447660 发送失败
[02:25:10 ERR] 【原因】time check failed
[02:25:11 ERR] 【心跳包】直播间 929670 发送失败
[02:25:11 ERR] 【原因】time check failed
[02:25:12 ERR] 【心跳包】直播间 91164 发送失败
[02:25:12 ERR] 【原因】time check failed
[02:25:13 ERR] 【心跳包】直播间 22764265 发送失败
[02:25:13 ERR] 【原因】time check failed
[02:26:06 INF] 【直播间】23357926 的第 16 个心跳包发送成功
[02:26:07 INF] 【直播间】23040372 的第 16 个心跳包发送成功
[02:26:08 INF] 【直播间】31494 的第 16 个心跳包发送成功
[02:26:10 INF] 【直播间】4015781 的第 16 个心跳包发送成功
[02:26:11 INF] 【直播间】9619073 的第 16 个心跳包发送成功
[02:26:12 INF] 【直播间】407149 的第 16 个心跳包发送成功
[02:26:13 INF] 【直播间】11732699 的第 16 个心跳包发送成功
[02:26:15 INF] 【直播间】7184632 的第 16 个心跳包发送成功
[02:26:16 INF] 【直播间】23447660 的第 16 个心跳包发送成功
[02:26:17 INF] 【直播间】929670 的第 16 个心跳包发送成功
[02:26:18 INF] 【直播间】91164 的第 16 个心跳包发送成功
[02:26:19 INF] 【直播间】22764265 的第 16 个心跳包发送成功
[02:27:12 INF] 【直播间】23357926 的第 17 个心跳包发送成功
[02:27:14 INF] 【直播间】23040372 的第 17 个心跳包发送成功
[02:27:15 INF] 【直播间】31494 的第 17 个心跳包发送成功
[02:27:16 INF] 【直播间】4015781 的第 17 个心跳包发送成功
[02:27:17 INF] 【直播间】9619073 的第 17 个心跳包发送成功
[02:27:19 INF] 【直播间】407149 的第 17 个心跳包发送成功
[02:27:20 INF] 【直播间】11732699 的第 17 个心跳包发送成功
[02:27:21 INF] 【直播间】7184632 的第 17 个心跳包发送成功
[02:27:22 INF] 【直播间】23447660 的第 17 个心跳包发送成功
[02:27:23 INF] 【直播间】929670 的第 17 个心跳包发送成功
[02:27:25 INF] 【直播间】91164 的第 17 个心跳包发送成功
[02:27:26 INF] 【直播间】22764265 的第 17 个心跳包发送成功
[02:28:19 INF] 【直播间】23357926 的第 18 个心跳包发送成功
[02:28:20 INF] 【直播间】23040372 的第 18 个心跳包发送成功
[02:28:21 INF] 【直播间】31494 的第 18 个心跳包发送成功
[02:28:22 INF] 【直播间】4015781 的第 18 个心跳包发送成功
[02:28:24 INF] 【直播间】9619073 的第 18 个心跳包发送成功
[02:28:25 INF] 【直播间】407149 的第 18 个心跳包发送成功
[02:28:26 INF] 【直播间】11732699 的第 18 个心跳包发送成功
[02:28:27 INF] 【直播间】7184632 的第 18 个心跳包发送成功
[02:28:29 INF] 【直播间】23447660 的第 18 个心跳包发送成功
[02:28:30 INF] 【直播间】929670 的第 18 个心跳包发送成功
[02:28:31 INF] 【直播间】91164 的第 18 个心跳包发送成功
[02:28:32 INF] 【直播间】22764265 的第 18 个心跳包发送成功
[02:29:25 INF] 【直播间】23357926 的第 19 个心跳包发送成功
[02:29:26 INF] 【直播间】23040372 的第 19 个心跳包发送成功
[02:29:27 INF] 【直播间】31494 的第 19 个心跳包发送成功
[02:29:29 INF] 【直播间】4015781 的第 19 个心跳包发送成功
[02:29:30 INF] 【直播间】9619073 的第 19 个心跳包发送成功
[02:29:31 INF] 【直播间】407149 的第 19 个心跳包发送成功
[02:29:33 INF] 【直播间】11732699 的第 19 个心跳包发送成功
[02:29:34 INF] 【直播间】7184632 的第 19 个心跳包发送成功
[02:29:35 INF] 【直播间】23447660 的第 19 个心跳包发送成功
[02:29:36 INF] 【直播间】929670 的第 19 个心跳包发送成功
[02:29:37 INF] 【直播间】91164 的第 19 个心跳包发送成功
[02:29:39 INF] 【直播间】22764265 的第 19 个心跳包发送成功
[02:30:31 INF] 【直播间】23357926 的第 20 个心跳包发送成功
[02:30:33 INF] 【直播间】23040372 的第 20 个心跳包发送成功
[02:30:34 INF] 【直播间】31494 的第 20 个心跳包发送成功
[02:30:35 INF] 【直播间】4015781 的第 20 个心跳包发送成功
[02:30:36 INF] 【直播间】9619073 的第 20 个心跳包发送成功
[02:30:38 INF] 【直播间】407149 的第 20 个心跳包发送成功
[02:30:39 INF] 【直播间】11732699 的第 20 个心跳包发送成功
[02:30:40 INF] 【直播间】7184632 的第 20 个心跳包发送成功
[02:30:41 INF] 【直播间】23447660 的第 20 个心跳包发送成功
[02:30:43 INF] 【直播间】929670 的第 20 个心跳包发送成功
[02:30:44 INF] 【直播间】91164 的第 20 个心跳包发送成功
[02:30:45 INF] 【直播间】22764265 的第 20 个心跳包发送成功
[02:31:38 INF] 【直播间】23357926 的第 21 个心跳包发送成功
[02:31:39 INF] 【直播间】23040372 的第 21 个心跳包发送成功
[02:31:40 INF] 【直播间】31494 的第 21 个心跳包发送成功
[02:31:41 INF] 【直播间】4015781 的第 21 个心跳包发送成功
[02:31:43 INF] 【直播间】9619073 的第 21 个心跳包发送成功
[02:31:44 INF] 【直播间】407149 的第 21 个心跳包发送成功
[02:31:45 INF] 【直播间】11732699 的第 21 个心跳包发送成功
[02:31:47 INF] 【直播间】7184632 的第 21 个心跳包发送成功
[02:31:48 INF] 【直播间】23447660 的第 21 个心跳包发送成功
[02:31:49 INF] 【直播间】929670 的第 21 个心跳包发送成功
[02:31:50 INF] 【直播间】91164 的第 21 个心跳包发送成功
[02:31:52 INF] 【直播间】22764265 的第 21 个心跳包发送成功
[02:32:44 INF] 【直播间】23357926 的第 22 个心跳包发送成功
[02:32:46 INF] 【直播间】23040372 的第 22 个心跳包发送成功
[02:32:47 INF] 【直播间】31494 的第 22 个心跳包发送成功
[02:32:48 INF] 【直播间】4015781 的第 22 个心跳包发送成功
[02:32:49 INF] 【直播间】9619073 的第 22 个心跳包发送成功
[02:32:51 INF] 【直播间】407149 的第 22 个心跳包发送成功
[02:32:52 INF] 【直播间】11732699 的第 22 个心跳包发送成功
[02:32:53 INF] 【直播间】7184632 的第 22 个心跳包发送成功
[02:32:54 INF] 【直播间】23447660 的第 22 个心跳包发送成功
[02:32:56 INF] 【直播间】929670 的第 22 个心跳包发送成功
[02:32:57 INF] 【直播间】91164 的第 22 个心跳包发送成功
[02:32:58 INF] 【直播间】22764265 的第 22 个心跳包发送成功
[02:33:51 INF] 【直播间】23357926 的第 23 个心跳包发送成功
[02:33:52 INF] 【直播间】23040372 的第 23 个心跳包发送成功
[02:33:53 INF] 【直播间】31494 的第 23 个心跳包发送成功
[02:33:54 INF] 【直播间】4015781 的第 23 个心跳包发送成功
[02:33:56 INF] 【直播间】9619073 的第 23 个心跳包发送成功
[02:33:57 INF] 【直播间】407149 的第 23 个心跳包发送成功
[02:33:58 INF] 【直播间】11732699 的第 23 个心跳包发送成功
[02:33:59 INF] 【直播间】7184632 的第 23 个心跳包发送成功
[02:34:01 INF] 【直播间】23447660 的第 23 个心跳包发送成功
[02:34:02 INF] 【直播间】929670 的第 23 个心跳包发送成功
[02:34:03 INF] 【直播间】91164 的第 23 个心跳包发送成功
[02:34:05 INF] 【直播间】22764265 的第 23 个心跳包发送成功
[02:34:57 INF] 【直播间】23357926 的第 24 个心跳包发送成功
[02:34:58 INF] 【直播间】23040372 的第 24 个心跳包发送成功
[02:35:00 INF] 【直播间】31494 的第 24 个心跳包发送成功
[02:35:01 INF] 【直播间】4015781 的第 24 个心跳包发送成功
[02:35:02 INF] 【直播间】9619073 的第 24 个心跳包发送成功
[02:35:03 INF] 【直播间】407149 的第 24 个心跳包发送成功
[02:35:05 INF] 【直播间】11732699 的第 24 个心跳包发送成功
[02:35:06 INF] 【直播间】7184632 的第 24 个心跳包发送成功
[02:35:07 INF] 【直播间】23447660 的第 24 个心跳包发送成功
[02:35:08 INF] 【直播间】929670 的第 24 个心跳包发送成功
[02:35:10 INF] 【直播间】91164 的第 24 个心跳包发送成功
[02:35:11 INF] 【直播间】22764265 的第 24 个心跳包发送成功
[02:36:03 INF] 【直播间】23357926 的第 25 个心跳包发送成功
[02:36:05 INF] 【直播间】23040372 的第 25 个心跳包发送成功
[02:36:06 INF] 【直播间】31494 的第 25 个心跳包发送成功
[02:36:07 INF] 【直播间】4015781 的第 25 个心跳包发送成功
[02:36:09 INF] 【直播间】9619073 的第 25 个心跳包发送成功
[02:36:10 INF] 【直播间】407149 的第 25 个心跳包发送成功
[02:36:11 INF] 【直播间】11732699 的第 25 个心跳包发送成功
[02:36:12 INF] 【直播间】7184632 的第 25 个心跳包发送成功
[02:36:13 INF] 【直播间】23447660 的第 25 个心跳包发送成功
[02:36:15 INF] 【直播间】929670 的第 25 个心跳包发送成功
[02:36:16 INF] 【直播间】91164 的第 25 个心跳包发送成功
[02:36:17 INF] 【直播间】22764265 的第 25 个心跳包发送成功
[02:37:10 INF] 【直播间】23357926 的第 26 个心跳包发送成功
[02:37:11 INF] 【直播间】23040372 的第 26 个心跳包发送成功
[02:37:12 INF] 【直播间】31494 的第 26 个心跳包发送成功
[02:37:14 INF] 【直播间】4015781 的第 26 个心跳包发送成功
[02:37:15 INF] 【直播间】9619073 的第 26 个心跳包发送成功
[02:37:16 INF] 【直播间】407149 的第 26 个心跳包发送成功
[02:37:18 INF] 【直播间】11732699 的第 26 个心跳包发送成功
[02:37:19 INF] 【直播间】7184632 的第 26 个心跳包发送成功
[02:37:20 INF] 【直播间】23447660 的第 26 个心跳包发送成功
[02:37:21 INF] 【直播间】929670 的第 26 个心跳包发送成功
[02:37:22 INF] 【直播间】91164 的第 26 个心跳包发送成功
[02:37:24 INF] 【直播间】22764265 的第 26 个心跳包发送成功
[02:38:16 INF] 【直播间】23357926 的第 27 个心跳包发送成功
[02:38:17 INF] 【直播间】23040372 的第 27 个心跳包发送成功
[02:38:19 INF] 【直播间】31494 的第 27 个心跳包发送成功
[02:38:20 INF] 【直播间】4015781 的第 27 个心跳包发送成功
[02:38:21 INF] 【直播间】9619073 的第 27 个心跳包发送成功
[02:38:23 INF] 【直播间】407149 的第 27 个心跳包发送成功
[02:38:24 INF] 【直播间】11732699 的第 27 个心跳包发送成功
[02:38:25 INF] 【直播间】7184632 的第 27 个心跳包发送成功
[02:38:26 INF] 【直播间】23447660 的第 27 个心跳包发送成功
[02:38:27 INF] 【直播间】929670 的第 27 个心跳包发送成功
[02:38:29 INF] 【直播间】91164 的第 27 个心跳包发送成功
[02:38:30 INF] 【直播间】22764265 的第 27 个心跳包发送成功
[02:39:22 INF] 【直播间】23357926 的第 28 个心跳包发送成功
[02:39:24 INF] 【直播间】23040372 的第 28 个心跳包发送成功
[02:39:25 INF] 【直播间】31494 的第 28 个心跳包发送成功
[02:39:26 INF] 【直播间】4015781 的第 28 个心跳包发送成功
[02:39:28 INF] 【直播间】9619073 的第 28 个心跳包发送成功
[02:39:29 INF] 【直播间】407149 的第 28 个心跳包发送成功
[02:39:30 INF] 【直播间】11732699 的第 28 个心跳包发送成功
[02:39:31 INF] 【直播间】7184632 的第 28 个心跳包发送成功
[02:39:32 INF] 【直播间】23447660 的第 28 个心跳包发送成功
[02:39:34 INF] 【直播间】929670 的第 28 个心跳包发送成功
[02:39:35 INF] 【直播间】91164 的第 28 个心跳包发送成功
[02:39:36 INF] 【直播间】22764265 的第 28 个心跳包发送成功
[02:40:29 INF] 【直播间】23357926 的第 29 个心跳包发送成功
[02:40:30 INF] 【直播间】23040372 的第 29 个心跳包发送成功
[02:40:31 INF] 【直播间】31494 的第 29 个心跳包发送成功
[02:40:33 INF] 【直播间】4015781 的第 29 个心跳包发送成功
[02:40:34 INF] 【直播间】9619073 的第 29 个心跳包发送成功
[02:40:35 INF] 【直播间】407149 的第 29 个心跳包发送成功
[02:40:36 INF] 【直播间】11732699 的第 29 个心跳包发送成功
[02:40:38 INF] 【直播间】7184632 的第 29 个心跳包发送成功
[02:40:39 INF] 【直播间】23447660 的第 29 个心跳包发送成功
[02:40:40 INF] 【直播间】929670 的第 29 个心跳包发送成功
[02:40:41 INF] 【直播间】91164 的第 29 个心跳包发送成功
[02:40:43 INF] 【直播间】22764265 的第 29 个心跳包发送成功
[02:41:35 ERR] 【心跳包】直播间 23357926 发送失败
[02:41:35 ERR] 【原因】time check failed
[02:41:36 ERR] 【心跳包】直播间 23040372 发送失败
[02:41:36 ERR] 【原因】time check failed
[02:41:37 ERR] 【心跳包】直播间 31494 发送失败
[02:41:37 ERR] 【原因】time check failed
[02:41:39 ERR] 【心跳包】直播间 4015781 发送失败
[02:41:39 ERR] 【原因】time check failed
[02:41:40 ERR] 【心跳包】直播间 9619073 发送失败
[02:41:40 ERR] 【原因】time check failed
[02:41:41 ERR] 【心跳包】直播间 407149 发送失败
[02:41:41 ERR] 【原因】time check failed
[02:41:43 ERR] 【心跳包】直播间 11732699 发送失败
[02:41:43 ERR] 【原因】time check failed
[02:41:44 ERR] 【心跳包】直播间 7184632 发送失败
[02:41:44 ERR] 【原因】time check failed
[02:41:45 ERR] 【心跳包】直播间 23447660 发送失败
[02:41:45 ERR] 【原因】time check failed
[02:41:46 ERR] 【心跳包】直播间 929670 发送失败
[02:41:46 ERR] 【原因】time check failed
[02:41:48 ERR] 【心跳包】直播间 91164 发送失败
[02:41:48 ERR] 【原因】time check failed
[02:41:49 ERR] 【心跳包】直播间 22764265 发送失败
[02:41:49 ERR] 【原因】time check failed
[02:42:41 INF] 【直播间】23357926 的第 30 个心跳包发送成功
[02:42:43 INF] 【直播间】23040372 的第 30 个心跳包发送成功
[02:42:44 INF] 【直播间】31494 的第 30 个心跳包发送成功
[02:42:45 INF] 【直播间】4015781 的第 30 个心跳包发送成功
[02:42:46 INF] 【直播间】9619073 的第 30 个心跳包发送成功
[02:42:48 INF] 【直播间】407149 的第 30 个心跳包发送成功
[02:42:49 INF] 【直播间】11732699 的第 30 个心跳包发送成功
[02:42:50 INF] 【直播间】7184632 的第 30 个心跳包发送成功
[02:42:51 INF] 【直播间】23447660 的第 30 个心跳包发送成功
[02:42:53 INF] 【直播间】929670 的第 30 个心跳包发送成功
[02:42:54 INF] 【直播间】91164 的第 30 个心跳包发送成功
[02:42:55 INF] 【直播间】22764265 的第 30 个心跳包发送成功
[02:43:48 INF] 【直播间】23357926 的第 31 个心跳包发送成功
[02:43:49 INF] 【直播间】23040372 的第 31 个心跳包发送成功
[02:43:50 INF] 【直播间】31494 的第 31 个心跳包发送成功
[02:43:51 INF] 【直播间】4015781 的第 31 个心跳包发送成功
[02:43:53 INF] 【直播间】9619073 的第 31 个心跳包发送成功
[02:43:54 INF] 【直播间】407149 的第 31 个心跳包发送成功
[02:43:55 INF] 【直播间】11732699 的第 31 个心跳包发送成功
[02:43:57 INF] 【直播间】7184632 的第 31 个心跳包发送成功
[02:43:58 INF] 【直播间】23447660 的第 31 个心跳包发送成功
[02:43:59 INF] 【直播间】929670 的第 31 个心跳包发送成功
[02:44:00 INF] 【直播间】91164 的第 31 个心跳包发送成功
[02:44:01 INF] 【直播间】22764265 的第 31 个心跳包发送成功
[02:44:54 INF] 【直播间】23357926 的第 32 个心跳包发送成功
[02:44:55 INF] 【直播间】23040372 的第 32 个心跳包发送成功
[02:44:56 INF] 【直播间】31494 的第 32 个心跳包发送成功
[02:44:58 INF] 【直播间】4015781 的第 32 个心跳包发送成功
[02:44:59 INF] 【直播间】9619073 的第 32 个心跳包发送成功
[02:45:00 INF] 【直播间】407149 的第 32 个心跳包发送成功
[02:45:02 INF] 【直播间】11732699 的第 32 个心跳包发送成功
[02:45:03 INF] 【直播间】7184632 的第 32 个心跳包发送成功
[02:45:04 INF] 【直播间】23447660 的第 32 个心跳包发送成功
[02:45:05 INF] 【直播间】929670 的第 32 个心跳包发送成功
[02:45:07 INF] 【直播间】91164 的第 32 个心跳包发送成功
[02:45:08 INF] 【直播间】22764265 的第 32 个心跳包发送成功
[02:46:01 INF] 【直播间】23357926 的第 33 个心跳包发送成功
[02:46:02 INF] 【直播间】23040372 的第 33 个心跳包发送成功
[02:46:03 INF] 【直播间】31494 的第 33 个心跳包发送成功
[02:46:04 INF] 【直播间】4015781 的第 33 个心跳包发送成功
[02:46:05 INF] 【直播间】9619073 的第 33 个心跳包发送成功
[02:46:07 INF] 【直播间】407149 的第 33 个心跳包发送成功
[02:46:08 INF] 【直播间】11732699 的第 33 个心跳包发送成功
[02:46:09 INF] 【直播间】7184632 的第 33 个心跳包发送成功
[02:46:10 INF] 【直播间】23447660 的第 33 个心跳包发送成功
[02:46:12 INF] 【直播间】929670 的第 33 个心跳包发送成功
[02:46:13 INF] 【直播间】91164 的第 33 个心跳包发送成功
[02:46:14 INF] 【直播间】22764265 的第 33 个心跳包发送成功
[02:47:07 INF] 【直播间】23357926 的第 34 个心跳包发送成功
[02:47:08 INF] 【直播间】23040372 的第 34 个心跳包发送成功
[02:47:09 INF] 【直播间】31494 的第 34 个心跳包发送成功
[02:47:10 INF] 【直播间】4015781 的第 34 个心跳包发送成功
[02:47:12 INF] 【直播间】9619073 的第 34 个心跳包发送成功
[02:47:13 INF] 【直播间】407149 的第 34 个心跳包发送成功
[02:47:14 INF] 【直播间】11732699 的第 34 个心跳包发送成功
[02:47:16 INF] 【直播间】7184632 的第 34 个心跳包发送成功
[02:47:17 INF] 【直播间】23447660 的第 34 个心跳包发送成功
[02:47:18 INF] 【直播间】929670 的第 34 个心跳包发送成功
[02:47:19 INF] 【直播间】91164 的第 34 个心跳包发送成功
[02:47:21 INF] 【直播间】22764265 的第 34 个心跳包发送成功
[02:48:13 INF] 【直播间】23357926 的第 35 个心跳包发送成功
[02:48:14 INF] 【直播间】23040372 的第 35 个心跳包发送成功
[02:48:16 INF] 【直播间】31494 的第 35 个心跳包发送成功
[02:48:17 INF] 【直播间】4015781 的第 35 个心跳包发送成功
[02:48:18 INF] 【直播间】9619073 的第 35 个心跳包发送成功
[02:48:20 INF] 【直播间】407149 的第 35 个心跳包发送成功
[02:48:21 INF] 【直播间】11732699 的第 35 个心跳包发送成功
[02:48:22 INF] 【直播间】7184632 的第 35 个心跳包发送成功
[02:48:23 INF] 【直播间】23447660 的第 35 个心跳包发送成功
[02:48:25 INF] 【直播间】929670 的第 35 个心跳包发送成功
[02:48:26 INF] 【直播间】91164 的第 35 个心跳包发送成功
[02:48:27 INF] 【直播间】22764265 的第 35 个心跳包发送成功
[02:49:20 INF] 【直播间】23357926 的第 36 个心跳包发送成功
[02:49:21 INF] 【直播间】23040372 的第 36 个心跳包发送成功
[02:49:23 INF] 【直播间】31494 的第 36 个心跳包发送成功
[02:49:24 INF] 【直播间】4015781 的第 36 个心跳包发送成功
[02:49:25 INF] 【直播间】9619073 的第 36 个心跳包发送成功
[02:49:26 INF] 【直播间】407149 的第 36 个心跳包发送成功
[02:49:28 INF] 【直播间】11732699 的第 36 个心跳包发送成功
[02:49:29 INF] 【直播间】7184632 的第 36 个心跳包发送成功
[02:49:30 INF] 【直播间】23447660 的第 36 个心跳包发送成功
[02:49:31 INF] 【直播间】929670 的第 36 个心跳包发送成功
[02:49:33 INF] 【直播间】91164 的第 36 个心跳包发送成功
[02:49:34 INF] 【直播间】22764265 的第 36 个心跳包发送成功
[02:50:26 INF] 【直播间】23357926 的第 37 个心跳包发送成功
[02:50:27 INF] 【直播间】23040372 的第 37 个心跳包发送成功
[02:50:29 INF] 【直播间】31494 的第 37 个心跳包发送成功
[02:50:30 INF] 【直播间】4015781 的第 37 个心跳包发送成功
[02:50:31 INF] 【直播间】9619073 的第 37 个心跳包发送成功
[02:50:33 INF] 【直播间】407149 的第 37 个心跳包发送成功
[02:50:34 INF] 【直播间】11732699 的第 37 个心跳包发送成功
[02:50:35 INF] 【直播间】7184632 的第 37 个心跳包发送成功
[02:50:36 INF] 【直播间】23447660 的第 37 个心跳包发送成功
[02:50:38 INF] 【直播间】929670 的第 37 个心跳包发送成功
[02:50:39 INF] 【直播间】91164 的第 37 个心跳包发送成功
[02:50:40 INF] 【直播间】22764265 的第 37 个心跳包发送成功
[02:51:32 INF] 【直播间】23357926 的第 38 个心跳包发送成功
[02:51:34 INF] 【直播间】23040372 的第 38 个心跳包发送成功
[02:51:35 INF] 【直播间】31494 的第 38 个心跳包发送成功
[02:51:36 INF] 【直播间】4015781 的第 38 个心跳包发送成功
[02:51:37 INF] 【直播间】9619073 的第 38 个心跳包发送成功
[02:51:39 INF] 【直播间】407149 的第 38 个心跳包发送成功
[02:51:40 INF] 【直播间】11732699 的第 38 个心跳包发送成功
[02:51:41 INF] 【直播间】7184632 的第 38 个心跳包发送成功
[02:51:43 INF] 【直播间】23447660 的第 38 个心跳包发送成功
[02:51:44 INF] 【直播间】929670 的第 38 个心跳包发送成功
[02:51:45 INF] 【直播间】91164 的第 38 个心跳包发送成功
[02:51:46 INF] 【直播间】22764265 的第 38 个心跳包发送成功
[02:52:39 INF] 【直播间】23357926 的第 39 个心跳包发送成功
[02:52:40 INF] 【直播间】23040372 的第 39 个心跳包发送成功
[02:52:41 INF] 【直播间】31494 的第 39 个心跳包发送成功
[02:52:42 INF] 【直播间】4015781 的第 39 个心跳包发送成功
[02:52:44 INF] 【直播间】9619073 的第 39 个心跳包发送成功
[02:52:45 INF] 【直播间】407149 的第 39 个心跳包发送成功
[02:52:46 INF] 【直播间】11732699 的第 39 个心跳包发送成功
[02:52:47 INF] 【直播间】7184632 的第 39 个心跳包发送成功
[02:52:49 INF] 【直播间】23447660 的第 39 个心跳包发送成功
[02:52:50 INF] 【直播间】929670 的第 39 个心跳包发送成功
[02:52:51 INF] 【直播间】91164 的第 39 个心跳包发送成功
[02:52:53 INF] 【直播间】22764265 的第 39 个心跳包发送成功
[02:53:45 INF] 【直播间】23357926 的第 40 个心跳包发送成功
[02:53:46 INF] 【直播间】23040372 的第 40 个心跳包发送成功
[02:53:48 INF] 【直播间】31494 的第 40 个心跳包发送成功
[02:53:49 INF] 【直播间】4015781 的第 40 个心跳包发送成功
[02:53:50 INF] 【直播间】9619073 的第 40 个心跳包发送成功
[02:53:52 INF] 【直播间】407149 的第 40 个心跳包发送成功
[02:53:53 INF] 【直播间】11732699 的第 40 个心跳包发送成功
[02:53:54 INF] 【直播间】7184632 的第 40 个心跳包发送成功
[02:53:56 INF] 【直播间】23447660 的第 40 个心跳包发送成功
[02:53:57 INF] 【直播间】929670 的第 40 个心跳包发送成功
[02:53:58 INF] 【直播间】91164 的第 40 个心跳包发送成功
[02:53:59 INF] 【直播间】22764265 的第 40 个心跳包发送成功
[02:54:52 INF] 【直播间】23357926 的第 41 个心跳包发送成功
[02:54:53 INF] 【直播间】23040372 的第 41 个心跳包发送成功
[02:54:54 INF] 【直播间】31494 的第 41 个心跳包发送成功
[02:54:55 INF] 【直播间】4015781 的第 41 个心跳包发送成功
[02:54:57 INF] 【直播间】9619073 的第 41 个心跳包发送成功
[02:54:58 INF] 【直播间】407149 的第 41 个心跳包发送成功
[02:54:59 INF] 【直播间】11732699 的第 41 个心跳包发送成功
[02:55:01 INF] 【直播间】7184632 的第 41 个心跳包发送成功
[02:55:02 INF] 【直播间】23447660 的第 41 个心跳包发送成功
[02:55:03 INF] 【直播间】929670 的第 41 个心跳包发送成功
[02:55:04 INF] 【直播间】91164 的第 41 个心跳包发送成功
[02:55:05 INF] 【直播间】22764265 的第 41 个心跳包发送成功
[02:55:58 INF] 【直播间】23357926 的第 42 个心跳包发送成功
[02:55:59 INF] 【直播间】23040372 的第 42 个心跳包发送成功
[02:56:01 INF] 【直播间】31494 的第 42 个心跳包发送成功
[02:56:02 INF] 【直播间】4015781 的第 42 个心跳包发送成功
[02:56:03 INF] 【直播间】9619073 的第 42 个心跳包发送成功
[02:56:05 INF] 【直播间】407149 的第 42 个心跳包发送成功
[02:56:06 INF] 【直播间】11732699 的第 42 个心跳包发送成功
[02:56:07 INF] 【直播间】7184632 的第 42 个心跳包发送成功
[02:56:08 INF] 【直播间】23447660 的第 42 个心跳包发送成功
[02:56:10 INF] 【直播间】929670 的第 42 个心跳包发送成功
[02:56:11 INF] 【直播间】91164 的第 42 个心跳包发送成功
[02:56:12 INF] 【直播间】22764265 的第 42 个心跳包发送成功
[02:57:04 INF] 【直播间】23357926 的第 43 个心跳包发送成功
[02:57:06 INF] 【直播间】23040372 的第 43 个心跳包发送成功
[02:57:07 INF] 【直播间】31494 的第 43 个心跳包发送成功
[02:57:08 INF] 【直播间】4015781 的第 43 个心跳包发送成功
[02:57:09 INF] 【直播间】9619073 的第 43 个心跳包发送成功
[02:57:11 INF] 【直播间】407149 的第 43 个心跳包发送成功
[02:57:12 INF] 【直播间】11732699 的第 43 个心跳包发送成功
[02:57:13 INF] 【直播间】7184632 的第 43 个心跳包发送成功
[02:57:15 INF] 【直播间】23447660 的第 43 个心跳包发送成功
[02:57:16 INF] 【直播间】929670 的第 43 个心跳包发送成功
[02:57:17 INF] 【直播间】91164 的第 43 个心跳包发送成功
[02:57:19 INF] 【直播间】22764265 的第 43 个心跳包发送成功
[02:58:11 ERR] 【心跳包】直播间 23357926 发送失败
[02:58:11 ERR] 【原因】time check failed
[02:58:12 ERR] 【心跳包】直播间 23040372 发送失败
[02:58:12 ERR] 【原因】time check failed
[02:58:13 ERR] 【心跳包】直播间 31494 发送失败
[02:58:13 ERR] 【原因】time check failed
[02:58:15 ERR] 【心跳包】直播间 4015781 发送失败
[02:58:15 ERR] 【原因】time check failed
[02:58:16 ERR] 【心跳包】直播间 9619073 发送失败
[02:58:16 ERR] 【原因】time check failed
[02:58:17 ERR] 【心跳包】直播间 407149 发送失败
[02:58:17 ERR] 【原因】time check failed
[02:58:18 ERR] 【心跳包】直播间 11732699 发送失败
[02:58:18 ERR] 【原因】time check failed
[02:58:20 ERR] 【心跳包】直播间 7184632 发送失败
[02:58:20 ERR] 【原因】time check failed
[02:58:21 ERR] 【心跳包】直播间 23447660 发送失败
[02:58:21 ERR] 【原因】time check failed
[02:58:22 ERR] 【心跳包】直播间 929670 发送失败
[02:58:22 ERR] 【原因】time check failed
[02:58:23 ERR] 【心跳包】直播间 91164 发送失败
[02:58:23 ERR] 【原因】time check failed
[02:58:25 ERR] 【心跳包】直播间 22764265 发送失败
[02:58:25 ERR] 【原因】time check failed
[02:59:17 INF] 【直播间】23357926 的第 44 个心跳包发送成功
[02:59:18 INF] 【直播间】23040372 的第 44 个心跳包发送成功
[02:59:19 INF] 【直播间】31494 的第 44 个心跳包发送成功
[02:59:21 INF] 【直播间】4015781 的第 44 个心跳包发送成功
[02:59:22 INF] 【直播间】9619073 的第 44 个心跳包发送成功
[02:59:23 INF] 【直播间】407149 的第 44 个心跳包发送成功
[02:59:25 INF] 【直播间】11732699 的第 44 个心跳包发送成功
[02:59:26 INF] 【直播间】7184632 的第 44 个心跳包发送成功
[02:59:27 INF] 【直播间】23447660 的第 44 个心跳包发送成功
[02:59:29 INF] 【直播间】929670 的第 44 个心跳包发送成功
[02:59:30 INF] 【直播间】91164 的第 44 个心跳包发送成功
[02:59:31 INF] 【直播间】22764265 的第 44 个心跳包发送成功
[03:00:23 INF] 【直播间】23357926 的第 45 个心跳包发送成功
[03:00:25 INF] 【直播间】23040372 的第 45 个心跳包发送成功
[03:00:26 INF] 【直播间】31494 的第 45 个心跳包发送成功
[03:00:27 INF] 【直播间】4015781 的第 45 个心跳包发送成功
[03:00:28 INF] 【直播间】9619073 的第 45 个心跳包发送成功
[03:00:30 INF] 【直播间】407149 的第 45 个心跳包发送成功
[03:00:31 INF] 【直播间】11732699 的第 45 个心跳包发送成功
[03:00:32 INF] 【直播间】7184632 的第 45 个心跳包发送成功
[03:00:33 INF] 【直播间】23447660 的第 45 个心跳包发送成功
[03:00:35 INF] 【直播间】929670 的第 45 个心跳包发送成功
[03:00:36 INF] 【直播间】91164 的第 45 个心跳包发送成功
[03:00:37 INF] 【直播间】22764265 的第 45 个心跳包发送成功
[03:01:30 INF] 【直播间】23357926 的第 46 个心跳包发送成功
[03:01:31 INF] 【直播间】23040372 的第 46 个心跳包发送成功
[03:01:32 INF] 【直播间】31494 的第 46 个心跳包发送成功
[03:01:33 INF] 【直播间】4015781 的第 46 个心跳包发送成功
[03:01:35 INF] 【直播间】9619073 的第 46 个心跳包发送成功
[03:01:36 INF] 【直播间】407149 的第 46 个心跳包发送成功
[03:01:37 INF] 【直播间】11732699 的第 46 个心跳包发送成功
[03:01:38 INF] 【直播间】7184632 的第 46 个心跳包发送成功
[03:01:40 INF] 【直播间】23447660 的第 46 个心跳包发送成功
[03:01:41 INF] 【直播间】929670 的第 46 个心跳包发送成功
[03:01:42 INF] 【直播间】91164 的第 46 个心跳包发送成功
[03:01:44 INF] 【直播间】22764265 的第 46 个心跳包发送成功
[03:02:36 INF] 【直播间】23357926 的第 47 个心跳包发送成功
[03:02:37 INF] 【直播间】23040372 的第 47 个心跳包发送成功
[03:02:38 INF] 【直播间】31494 的第 47 个心跳包发送成功
[03:02:40 INF] 【直播间】4015781 的第 47 个心跳包发送成功
[03:02:41 INF] 【直播间】9619073 的第 47 个心跳包发送成功
[03:02:42 INF] 【直播间】407149 的第 47 个心跳包发送成功
[03:02:44 INF] 【直播间】11732699 的第 47 个心跳包发送成功
[03:02:45 INF] 【直播间】7184632 的第 47 个心跳包发送成功
[03:02:46 INF] 【直播间】23447660 的第 47 个心跳包发送成功
[03:02:47 INF] 【直播间】929670 的第 47 个心跳包发送成功
[03:02:49 INF] 【直播间】91164 的第 47 个心跳包发送成功
[03:02:50 INF] 【直播间】22764265 的第 47 个心跳包发送成功
[03:03:43 INF] 【直播间】23357926 的第 48 个心跳包发送成功
[03:03:44 INF] 【直播间】23040372 的第 48 个心跳包发送成功
[03:03:45 INF] 【直播间】31494 的第 48 个心跳包发送成功
[03:03:46 INF] 【直播间】4015781 的第 48 个心跳包发送成功
[03:03:47 INF] 【直播间】9619073 的第 48 个心跳包发送成功
[03:03:49 INF] 【直播间】407149 的第 48 个心跳包发送成功
[03:03:50 INF] 【直播间】11732699 的第 48 个心跳包发送成功
[03:03:51 INF] 【直播间】7184632 的第 48 个心跳包发送成功
[03:03:52 INF] 【直播间】23447660 的第 48 个心跳包发送成功
[03:03:54 INF] 【直播间】929670 的第 48 个心跳包发送成功
[03:03:55 INF] 【直播间】91164 的第 48 个心跳包发送成功
[03:03:56 INF] 【直播间】22764265 的第 48 个心跳包发送成功
[03:04:49 INF] 【直播间】23357926 的第 49 个心跳包发送成功
[03:04:50 INF] 【直播间】23040372 的第 49 个心跳包发送成功
[03:04:51 INF] 【直播间】31494 的第 49 个心跳包发送成功
[03:04:53 INF] 【直播间】4015781 的第 49 个心跳包发送成功
[03:04:54 INF] 【直播间】9619073 的第 49 个心跳包发送成功
[03:04:55 INF] 【直播间】407149 的第 49 个心跳包发送成功
[03:04:56 INF] 【直播间】11732699 的第 49 个心跳包发送成功
[03:04:58 INF] 【直播间】7184632 的第 49 个心跳包发送成功
[03:04:59 INF] 【直播间】23447660 的第 49 个心跳包发送成功
[03:05:00 INF] 【直播间】929670 的第 49 个心跳包发送成功
[03:05:02 INF] 【直播间】91164 的第 49 个心跳包发送成功
[03:05:03 INF] 【直播间】22764265 的第 49 个心跳包发送成功
[03:05:55 INF] 【直播间】23357926 的第 50 个心跳包发送成功
[03:05:56 INF] 【直播间】23040372 的第 50 个心跳包发送成功
[03:05:58 INF] 【直播间】31494 的第 50 个心跳包发送成功
[03:05:59 INF] 【直播间】4015781 的第 50 个心跳包发送成功
[03:06:00 INF] 【直播间】9619073 的第 50 个心跳包发送成功
[03:06:02 INF] 【直播间】407149 的第 50 个心跳包发送成功
[03:06:03 INF] 【直播间】11732699 的第 50 个心跳包发送成功
[03:06:04 INF] 【直播间】7184632 的第 50 个心跳包发送成功
[03:06:05 INF] 【直播间】23447660 的第 50 个心跳包发送成功
[03:06:06 INF] 【直播间】929670 的第 50 个心跳包发送成功
[03:06:08 INF] 【直播间】91164 的第 50 个心跳包发送成功
[03:06:09 INF] 【直播间】22764265 的第 50 个心跳包发送成功
[03:07:02 INF] 【直播间】23357926 的第 51 个心跳包发送成功
[03:07:03 INF] 【直播间】23040372 的第 51 个心跳包发送成功
[03:07:04 INF] 【直播间】31494 的第 51 个心跳包发送成功
[03:07:05 INF] 【直播间】4015781 的第 51 个心跳包发送成功
[03:07:07 INF] 【直播间】9619073 的第 51 个心跳包发送成功
[03:07:08 INF] 【直播间】407149 的第 51 个心跳包发送成功
[03:07:09 INF] 【直播间】11732699 的第 51 个心跳包发送成功
[03:07:10 INF] 【直播间】7184632 的第 51 个心跳包发送成功
[03:07:11 INF] 【直播间】23447660 的第 51 个心跳包发送成功
[03:07:13 INF] 【直播间】929670 的第 51 个心跳包发送成功
[03:07:14 INF] 【直播间】91164 的第 51 个心跳包发送成功
[03:07:15 INF] 【直播间】22764265 的第 51 个心跳包发送成功
[03:08:08 INF] 【直播间】23357926 的第 52 个心跳包发送成功
[03:08:09 INF] 【直播间】23040372 的第 52 个心跳包发送成功
[03:08:10 INF] 【直播间】31494 的第 52 个心跳包发送成功
[03:08:12 INF] 【直播间】4015781 的第 52 个心跳包发送成功
[03:08:13 INF] 【直播间】9619073 的第 52 个心跳包发送成功
[03:08:14 INF] 【直播间】407149 的第 52 个心跳包发送成功
[03:08:15 INF] 【直播间】11732699 的第 52 个心跳包发送成功
[03:08:16 INF] 【直播间】7184632 的第 52 个心跳包发送成功
[03:08:18 INF] 【直播间】23447660 的第 52 个心跳包发送成功
[03:08:19 INF] 【直播间】929670 的第 52 个心跳包发送成功
[03:08:20 INF] 【直播间】91164 的第 52 个心跳包发送成功
[03:08:22 INF] 【直播间】22764265 的第 52 个心跳包发送成功
[03:09:14 INF] 【直播间】23357926 的第 53 个心跳包发送成功
[03:09:16 INF] 【直播间】23040372 的第 53 个心跳包发送成功
[03:09:17 INF] 【直播间】31494 的第 53 个心跳包发送成功
[03:09:18 INF] 【直播间】4015781 的第 53 个心跳包发送成功
[03:09:19 INF] 【直播间】9619073 的第 53 个心跳包发送成功
[03:09:21 INF] 【直播间】407149 的第 53 个心跳包发送成功
[03:09:22 INF] 【直播间】11732699 的第 53 个心跳包发送成功
[03:09:23 INF] 【直播间】7184632 的第 53 个心跳包发送成功
[03:09:24 INF] 【直播间】23447660 的第 53 个心跳包发送成功
[03:09:26 INF] 【直播间】929670 的第 53 个心跳包发送成功
[03:09:27 INF] 【直播间】91164 的第 53 个心跳包发送成功
[03:09:28 INF] 【直播间】22764265 的第 53 个心跳包发送成功
[03:10:21 INF] 【直播间】23357926 的第 54 个心跳包发送成功
[03:10:22 INF] 【直播间】23040372 的第 54 个心跳包发送成功
[03:10:23 INF] 【直播间】31494 的第 54 个心跳包发送成功
[03:10:25 INF] 【直播间】4015781 的第 54 个心跳包发送成功
[03:10:26 INF] 【直播间】9619073 的第 54 个心跳包发送成功
[03:10:27 INF] 【直播间】407149 的第 54 个心跳包发送成功
[03:10:28 INF] 【直播间】11732699 的第 54 个心跳包发送成功
[03:10:30 INF] 【直播间】7184632 的第 54 个心跳包发送成功
[03:10:31 INF] 【直播间】23447660 的第 54 个心跳包发送成功
[03:10:32 INF] 【直播间】929670 的第 54 个心跳包发送成功
[03:10:33 INF] 【直播间】91164 的第 54 个心跳包发送成功
[03:10:35 INF] 【直播间】22764265 的第 54 个心跳包发送成功
[03:11:27 INF] 【直播间】23357926 的第 55 个心跳包发送成功
[03:11:29 INF] 【直播间】23040372 的第 55 个心跳包发送成功
[03:11:30 INF] 【直播间】31494 的第 55 个心跳包发送成功
[03:11:31 INF] 【直播间】4015781 的第 55 个心跳包发送成功
[03:11:32 INF] 【直播间】9619073 的第 55 个心跳包发送成功
[03:11:33 INF] 【直播间】407149 的第 55 个心跳包发送成功
[03:11:35 INF] 【直播间】11732699 的第 55 个心跳包发送成功
[03:11:36 INF] 【直播间】7184632 的第 55 个心跳包发送成功
[03:11:37 INF] 【直播间】23447660 的第 55 个心跳包发送成功
[03:11:38 INF] 【直播间】929670 的第 55 个心跳包发送成功
[03:11:40 INF] 【直播间】91164 的第 55 个心跳包发送成功
[03:11:41 INF] 【直播间】22764265 的第 55 个心跳包发送成功
[03:12:34 INF] 【直播间】23357926 的第 56 个心跳包发送成功
[03:12:35 INF] 【直播间】23040372 的第 56 个心跳包发送成功
[03:12:36 INF] 【直播间】31494 的第 56 个心跳包发送成功
[03:12:37 INF] 【直播间】4015781 的第 56 个心跳包发送成功
[03:12:39 INF] 【直播间】9619073 的第 56 个心跳包发送成功
[03:12:40 INF] 【直播间】407149 的第 56 个心跳包发送成功
[03:12:41 INF] 【直播间】11732699 的第 56 个心跳包发送成功
[03:12:42 INF] 【直播间】7184632 的第 56 个心跳包发送成功
[03:12:44 INF] 【直播间】23447660 的第 56 个心跳包发送成功
[03:12:45 INF] 【直播间】929670 的第 56 个心跳包发送成功
[03:12:46 INF] 【直播间】91164 的第 56 个心跳包发送成功
[03:12:47 INF] 【直播间】22764265 的第 56 个心跳包发送成功
[03:13:40 INF] 【直播间】23357926 的第 57 个心跳包发送成功
[03:13:41 INF] 【直播间】23040372 的第 57 个心跳包发送成功
[03:13:42 INF] 【直播间】31494 的第 57 个心跳包发送成功
[03:13:44 INF] 【直播间】4015781 的第 57 个心跳包发送成功
[03:13:45 INF] 【直播间】9619073 的第 57 个心跳包发送成功
[03:13:46 INF] 【直播间】407149 的第 57 个心跳包发送成功
[03:13:47 INF] 【直播间】11732699 的第 57 个心跳包发送成功
[03:13:49 INF] 【直播间】7184632 的第 57 个心跳包发送成功
[03:13:50 INF] 【直播间】23447660 的第 57 个心跳包发送成功
[03:13:51 INF] 【直播间】929670 的第 57 个心跳包发送成功
[03:13:52 INF] 【直播间】91164 的第 57 个心跳包发送成功
[03:13:54 INF] 【直播间】22764265 的第 57 个心跳包发送成功
[03:14:46 ERR] 【心跳包】直播间 23357926 发送失败
[03:14:46 ERR] 【原因】time check failed
[03:14:48 ERR] 【心跳包】直播间 23040372 发送失败
[03:14:48 ERR] 【原因】time check failed
[03:14:49 ERR] 【心跳包】直播间 31494 发送失败
[03:14:49 ERR] 【原因】time check failed
[03:14:50 ERR] 【心跳包】直播间 4015781 发送失败
[03:14:50 ERR] 【原因】time check failed
[03:14:51 ERR] 【心跳包】直播间 9619073 发送失败
[03:14:51 ERR] 【原因】time check failed
[03:14:52 ERR] 【心跳包】直播间 407149 发送失败
[03:14:52 ERR] 【原因】time check failed
[03:14:54 ERR] 【心跳包】直播间 11732699 发送失败
[03:14:54 ERR] 【原因】time check failed
[03:14:55 ERR] 【心跳包】直播间 7184632 发送失败
[03:14:55 ERR] 【原因】time check failed
[03:14:56 ERR] 【心跳包】直播间 23447660 发送失败
[03:14:56 ERR] 【原因】time check failed
[03:14:57 ERR] 【心跳包】直播间 929670 发送失败
[03:14:57 ERR] 【原因】time check failed
[03:14:59 ERR] 【心跳包】直播间 91164 发送失败
[03:14:59 ERR] 【原因】time check failed
[03:15:00 ERR] 【心跳包】直播间 22764265 发送失败
[03:15:00 ERR] 【原因】time check failed
[03:15:53 INF] 【直播间】23357926 的第 58 个心跳包发送成功
[03:15:54 INF] 【直播间】23040372 的第 58 个心跳包发送成功
[03:15:55 INF] 【直播间】31494 的第 58 个心跳包发送成功
[03:15:56 INF] 【直播间】4015781 的第 58 个心跳包发送成功
[03:15:57 INF] 【直播间】9619073 的第 58 个心跳包发送成功
[03:15:59 INF] 【直播间】407149 的第 58 个心跳包发送成功
[03:16:00 INF] 【直播间】11732699 的第 58 个心跳包发送成功
[03:16:01 INF] 【直播间】7184632 的第 58 个心跳包发送成功
[03:16:02 INF] 【直播间】23447660 的第 58 个心跳包发送成功
[03:16:04 INF] 【直播间】929670 的第 58 个心跳包发送成功
[03:16:05 INF] 【直播间】91164 的第 58 个心跳包发送成功
[03:16:06 INF] 【直播间】22764265 的第 58 个心跳包发送成功
[03:16:59 INF] 【直播间】23357926 的第 59 个心跳包发送成功
[03:17:00 INF] 【直播间】23040372 的第 59 个心跳包发送成功
[03:17:01 INF] 【直播间】31494 的第 59 个心跳包发送成功
[03:17:03 INF] 【直播间】4015781 的第 59 个心跳包发送成功
[03:17:04 INF] 【直播间】9619073 的第 59 个心跳包发送成功
[03:17:05 INF] 【直播间】407149 的第 59 个心跳包发送成功
[03:17:06 INF] 【直播间】11732699 的第 59 个心跳包发送成功
[03:17:07 INF] 【直播间】7184632 的第 59 个心跳包发送成功
[03:17:09 INF] 【直播间】23447660 的第 59 个心跳包发送成功
[03:17:10 INF] 【直播间】929670 的第 59 个心跳包发送成功
[03:17:11 INF] 【直播间】91164 的第 59 个心跳包发送成功
[03:17:12 INF] 【直播间】22764265 的第 59 个心跳包发送成功
[03:18:05 INF] 【直播间】23357926 的第 60 个心跳包发送成功
[03:18:06 INF] 【直播间】23040372 的第 60 个心跳包发送成功
[03:18:08 INF] 【直播间】31494 的第 60 个心跳包发送成功
[03:18:09 INF] 【直播间】4015781 的第 60 个心跳包发送成功
[03:18:10 INF] 【直播间】9619073 的第 60 个心跳包发送成功
[03:18:12 INF] 【直播间】407149 的第 60 个心跳包发送成功
[03:18:13 INF] 【直播间】11732699 的第 60 个心跳包发送成功
[03:18:14 INF] 【直播间】7184632 的第 60 个心跳包发送成功
[03:18:15 INF] 【直播间】23447660 的第 60 个心跳包发送成功
[03:18:16 INF] 【直播间】929670 的第 60 个心跳包发送成功
[03:18:18 INF] 【直播间】91164 的第 60 个心跳包发送成功
[03:18:19 INF] 【直播间】22764265 的第 60 个心跳包发送成功
[03:19:12 INF] 【直播间】23357926 的第 61 个心跳包发送成功
[03:19:13 INF] 【直播间】23040372 的第 61 个心跳包发送成功
[03:19:14 INF] 【直播间】31494 的第 61 个心跳包发送成功
[03:19:15 INF] 【直播间】4015781 的第 61 个心跳包发送成功
[03:19:16 INF] 【直播间】9619073 的第 61 个心跳包发送成功
[03:19:18 INF] 【直播间】407149 的第 61 个心跳包发送成功
[03:19:19 INF] 【直播间】11732699 的第 61 个心跳包发送成功
[03:19:20 INF] 【直播间】7184632 的第 61 个心跳包发送成功
[03:19:22 INF] 【直播间】23447660 的第 61 个心跳包发送成功
[03:19:23 INF] 【直播间】929670 的第 61 个心跳包发送成功
[03:19:24 INF] 【直播间】91164 的第 61 个心跳包发送成功
[03:19:25 INF] 【直播间】22764265 的第 61 个心跳包发送成功
[03:20:18 INF] 【直播间】23357926 的第 62 个心跳包发送成功
[03:20:19 INF] 【直播间】23040372 的第 62 个心跳包发送成功
[03:20:20 INF] 【直播间】31494 的第 62 个心跳包发送成功
[03:20:22 INF] 【直播间】4015781 的第 62 个心跳包发送成功
[03:20:23 INF] 【直播间】9619073 的第 62 个心跳包发送成功
[03:20:24 INF] 【直播间】407149 的第 62 个心跳包发送成功
[03:20:26 INF] 【直播间】11732699 的第 62 个心跳包发送成功
[03:20:27 INF] 【直播间】7184632 的第 62 个心跳包发送成功
[03:20:28 INF] 【直播间】23447660 的第 62 个心跳包发送成功
[03:20:29 INF] 【直播间】929670 的第 62 个心跳包发送成功
[03:20:31 INF] 【直播间】91164 的第 62 个心跳包发送成功
[03:20:32 INF] 【直播间】22764265 的第 62 个心跳包发送成功
[03:21:24 INF] 【直播间】23357926 的第 63 个心跳包发送成功
[03:21:25 INF] 【直播间】23040372 的第 63 个心跳包发送成功
[03:21:27 INF] 【直播间】31494 的第 63 个心跳包发送成功
[03:21:28 INF] 【直播间】4015781 的第 63 个心跳包发送成功
[03:21:29 INF] 【直播间】9619073 的第 63 个心跳包发送成功
[03:21:30 INF] 【直播间】407149 的第 63 个心跳包发送成功
[03:21:32 INF] 【直播间】11732699 的第 63 个心跳包发送成功
[03:21:33 INF] 【直播间】7184632 的第 63 个心跳包发送成功
[03:21:34 INF] 【直播间】23447660 的第 63 个心跳包发送成功
[03:21:36 INF] 【直播间】929670 的第 63 个心跳包发送成功
[03:21:37 INF] 【直播间】91164 的第 63 个心跳包发送成功
[03:21:38 INF] 【直播间】22764265 的第 63 个心跳包发送成功
[03:22:30 INF] 【直播间】23357926 的第 64 个心跳包发送成功
[03:22:32 INF] 【直播间】23040372 的第 64 个心跳包发送成功
[03:22:33 INF] 【直播间】31494 的第 64 个心跳包发送成功
[03:22:34 INF] 【直播间】4015781 的第 64 个心跳包发送成功
[03:22:36 INF] 【直播间】9619073 的第 64 个心跳包发送成功
[03:22:37 INF] 【直播间】407149 的第 64 个心跳包发送成功
[03:22:38 INF] 【直播间】11732699 的第 64 个心跳包发送成功
[03:22:39 INF] 【直播间】7184632 的第 64 个心跳包发送成功
[03:22:41 INF] 【直播间】23447660 的第 64 个心跳包发送成功
[03:22:42 INF] 【直播间】929670 的第 64 个心跳包发送成功
[03:22:43 INF] 【直播间】91164 的第 64 个心跳包发送成功
[03:22:44 INF] 【直播间】22764265 的第 64 个心跳包发送成功
[03:23:37 INF] 【直播间】23357926 的第 65 个心跳包发送成功
[03:23:38 INF] 【直播间】23040372 的第 65 个心跳包发送成功
[03:23:39 INF] 【直播间】31494 的第 65 个心跳包发送成功
[03:23:41 INF] 【直播间】4015781 的第 65 个心跳包发送成功
[03:23:42 INF] 【直播间】9619073 的第 65 个心跳包发送成功
[03:23:43 INF] 【直播间】407149 的第 65 个心跳包发送成功
[03:23:44 INF] 【直播间】11732699 的第 65 个心跳包发送成功
[03:23:46 INF] 【直播间】7184632 的第 65 个心跳包发送成功
[03:23:47 INF] 【直播间】23447660 的第 65 个心跳包发送成功
[03:23:48 INF] 【直播间】929670 的第 65 个心跳包发送成功
[03:23:49 INF] 【直播间】91164 的第 65 个心跳包发送成功
[03:23:51 INF] 【直播间】22764265 的第 65 个心跳包发送成功
[03:24:43 INF] 【直播间】23357926 的第 66 个心跳包发送成功
[03:24:45 INF] 【直播间】23040372 的第 66 个心跳包发送成功
[03:24:46 INF] 【直播间】31494 的第 66 个心跳包发送成功
[03:24:47 INF] 【直播间】4015781 的第 66 个心跳包发送成功
[03:24:48 INF] 【直播间】9619073 的第 66 个心跳包发送成功
[03:24:50 INF] 【直播间】407149 的第 66 个心跳包发送成功
[03:24:51 INF] 【直播间】11732699 的第 66 个心跳包发送成功
[03:24:52 INF] 【直播间】7184632 的第 66 个心跳包发送成功
[03:24:53 INF] 【直播间】23447660 的第 66 个心跳包发送成功
[03:24:55 INF] 【直播间】929670 的第 66 个心跳包发送成功
[03:24:56 INF] 【直播间】91164 的第 66 个心跳包发送成功
[03:24:57 INF] 【直播间】22764265 的第 66 个心跳包发送成功
[03:25:50 INF] 【直播间】23357926 的第 67 个心跳包发送成功
[03:25:51 INF] 【直播间】23040372 的第 67 个心跳包发送成功
[03:25:52 INF] 【直播间】31494 的第 67 个心跳包发送成功
[03:25:53 INF] 【直播间】4015781 的第 67 个心跳包发送成功
[03:25:54 INF] 【直播间】9619073 的第 67 个心跳包发送成功
[03:25:56 INF] 【直播间】407149 的第 67 个心跳包发送成功
[03:25:57 INF] 【直播间】11732699 的第 67 个心跳包发送成功
[03:25:58 INF] 【直播间】7184632 的第 67 个心跳包发送成功
[03:25:59 INF] 【直播间】23447660 的第 67 个心跳包发送成功
[03:26:01 INF] 【直播间】929670 的第 67 个心跳包发送成功
[03:26:02 INF] 【直播间】91164 的第 67 个心跳包发送成功
[03:26:03 INF] 【直播间】22764265 的第 67 个心跳包发送成功
[03:26:56 INF] 【直播间】23357926 的第 68 个心跳包发送成功
[03:26:57 INF] 【直播间】23040372 的第 68 个心跳包发送成功
[03:26:58 INF] 【直播间】31494 的第 68 个心跳包发送成功
[03:27:00 INF] 【直播间】4015781 的第 68 个心跳包发送成功
[03:27:01 INF] 【直播间】9619073 的第 68 个心跳包发送成功
[03:27:02 INF] 【直播间】407149 的第 68 个心跳包发送成功
[03:27:03 INF] 【直播间】11732699 的第 68 个心跳包发送成功
[03:27:05 INF] 【直播间】7184632 的第 68 个心跳包发送成功
[03:27:06 INF] 【直播间】23447660 的第 68 个心跳包发送成功
[03:27:07 INF] 【直播间】929670 的第 68 个心跳包发送成功
[03:27:08 INF] 【直播间】91164 的第 68 个心跳包发送成功
[03:27:10 INF] 【直播间】22764265 的第 68 个心跳包发送成功
[03:28:02 INF] 【直播间】23357926 的第 69 个心跳包发送成功
[03:28:04 INF] 【直播间】23040372 的第 69 个心跳包发送成功
[03:28:05 INF] 【直播间】31494 的第 69 个心跳包发送成功
[03:28:06 INF] 【直播间】4015781 的第 69 个心跳包发送成功
[03:28:07 INF] 【直播间】9619073 的第 69 个心跳包发送成功
[03:28:08 INF] 【直播间】407149 的第 69 个心跳包发送成功
[03:28:10 INF] 【直播间】11732699 的第 69 个心跳包发送成功
[03:28:11 INF] 【直播间】7184632 的第 69 个心跳包发送成功
[03:28:12 INF] 【直播间】23447660 的第 69 个心跳包发送成功
[03:28:13 INF] 【直播间】929670 的第 69 个心跳包发送成功
[03:28:15 INF] 【直播间】91164 的第 69 个心跳包发送成功
[03:28:16 INF] 【直播间】22764265 的第 69 个心跳包发送成功
[03:29:09 INF] 【直播间】23357926 的第 70 个心跳包发送成功
[03:29:10 INF] 【直播间】23040372 的第 70 个心跳包发送成功
[03:29:11 INF] 【直播间】31494 的第 70 个心跳包发送成功
[03:29:12 INF] 【直播间】4015781 的第 70 个心跳包发送成功
[03:29:14 INF] 【直播间】9619073 的第 70 个心跳包发送成功
[03:29:15 INF] 【直播间】407149 的第 70 个心跳包发送成功
[03:29:16 INF] 【直播间】11732699 的第 70 个心跳包发送成功
[03:29:17 INF] 【直播间】7184632 的第 70 个心跳包发送成功
[03:29:19 INF] 【直播间】23447660 的第 70 个心跳包发送成功
[03:29:20 INF] 【直播间】929670 的第 70 个心跳包发送成功
[03:29:21 INF] 【直播间】91164 的第 70 个心跳包发送成功
[03:29:22 INF] 【直播间】22764265 的第 70 个心跳包发送成功
[03:29:22 INF] 【直播观看时长】完成情况：12/12 
[03:29:22 INF] ---------结束---------

[03:29:22 INF] ==========结束==========

[03:29:22 INF] ######### 账号 3 #########

[03:29:22 INF] =====开始 直播间互动 =====

[03:29:22 INF] ---开始 发送弹幕 ---
[03:29:22 INF] 检测到直播 Cookie 未正确配置，尝试自动配置中...
[03:29:27 INF] 直播 Cookie 配置成功！
[03:29:27 INF] 【获取直播列表】获取拥有粉丝牌的直播列表
[03:29:34 ERR] 【获取直播列表】失败
[03:29:34 ERR] 【原因】账号未登录
[03:29:34 ERR] 发送弹幕失败，继续其他任务。失败信息:Object reference not set to an instance of an object.

[03:29:34 INF] -------结束-------

[03:29:34 INF] ---开始 点赞直播间 ---
[03:29:34 INF] 【获取直播列表】获取拥有粉丝牌的直播列表
[03:29:38 ERR] 【获取直播列表】失败
[03:29:38 ERR] 【原因】账号未登录
[03:29:38 ERR] 点赞直播间失败，继续其他任务。失败信息:Object reference not set to an instance of an object.

[03:29:38 INF] --------结束--------

[03:29:38 INF] ---开始 直播时长挂机 ---
[03:29:38 INF] 【获取直播列表】获取拥有粉丝牌的直播列表
[03:29:44 ERR] 【获取直播列表】失败
[03:29:44 ERR] 【原因】账号未登录
[03:29:44 ERR] 直播时长挂机失败，继续其他任务。失败信息:Object reference not set to an instance of an object.

[03:29:44 INF] ---------结束---------

[03:29:44 INF] ==========结束==========

[03:29:44 INF] 

========================

 v2.0.1 开源 by https://github.com/RayWangQvQ/BiliBiliToolPro

[03:29:44 INF] ·开始推送·LiveFansMedal任务·
2023-12-03T19:29:44.6265354Z 开始推送到:PushPlus
2023-12-03T19:29:46.2505787Z Response status: OK.
2023-12-03T19:29:46.2506122Z Response content: {"code":999,"msg":"发送内容过大，不能超过2万字","data":null}.

[03:29:46 INF] 运行环境：Development
[03:29:46 INF] 应用目录：/home/runner/work/BiliBiliToolPro/BiliBiliToolPro/src/Ray.BiliBiliTool.Console/bin/Debug/net6.0/

[03:29:46 INF] 运行结束
