----------- ip 信息 ---------
{
  "ip": "104.210.132.50",
  "city": "San Antonio",
  "region": "Texas",
  "country": "US",
  "loc": "29.4241,-98.4936",
  "org": "AS8075 Microsoft Corporation",
  "postal": "78205",
  "timezone": "America/Chicago",
  "readme": "https://ipinfo.io/missingauth"
} ---------- end ------------
  ____               ____    _   _____           _  
 |  _ \ __ _ _   _  | __ ) _| |_|_   _|__   ___ | | 
 | |_) / _` | | | | |  _ \(_) (_) | |/ _ \ / _ \| | 
 |  _ < (_| | |_| | | |_) | | | | | | (_) | (_) | | 
 |_| \_\__,_|\__, | |____/|_|_|_| |_|\___/ \___/|_| 
             |___/                                  

[00:29:56 INF] BiliBiliToolPro 开始运行...

[00:29:56 INF] 【账号个数】3个

[00:29:56 INF] 随机休眠3分钟

[00:32:56 INF] 【目标任务】LiveFansMedal
[00:32:56 INF] ######### 账号 1 #########

[00:32:56 INF] =====开始 直播间互动 =====

[00:32:56 INF] ---开始 发送弹幕 ---
[00:32:56 INF] 检测到直播 Cookie 未正确配置，尝试自动配置中...
[00:33:03 INF] 直播 Cookie 配置成功！
[00:33:03 INF] 【获取直播列表】获取拥有粉丝牌的直播列表
[00:33:11 INF] 【主播】Mark陌枫 
[00:33:24 INF] 【主播】KL_qiqi_ 
[00:33:43 INF] 【主播】苏打baka 
[00:34:00 INF] 【直播间】Mark陌枫
[00:34:00 INF] 【粉丝牌】馬楓
[00:34:00 INF] 正在发送弹幕...
[00:34:04 INF] 【直播间】KL_qiqi_
[00:34:04 INF] 【粉丝牌】qiqisb
[00:34:04 INF] 正在发送弹幕...
[00:34:11 INF] 【直播间】苏打baka
[00:34:11 INF] 【粉丝牌】碳酸钠
[00:34:11 INF] 正在发送弹幕...
[00:34:15 INF] 【弹幕发送】成功~，你和主播 Mark陌枫 的亲密值增加了100！
[00:34:18 INF] -------结束-------

[00:34:18 INF] ---开始 点赞直播间 ---
[00:34:18 INF] 【获取直播列表】获取拥有粉丝牌的直播列表
[00:34:23 INF] 【主播】Mark陌枫 
[00:34:26 INF] 【弹幕发送】成功~，你和主播 KL_qiqi_ 的亲密值增加了100！
[00:34:26 ERR] 【弹幕发送】失败
[00:34:26 ERR] 【原因】您发送弹幕的频率过快
[00:34:39 INF] 【主播】KL_qiqi_ 
[00:34:56 INF] 【主播】苏打baka 
[00:35:15 INF] 【点赞直播间】23357926 完成
[00:35:20 INF] 【点赞直播间】407149 完成
[00:35:24 INF] --------结束--------

[00:35:24 INF] ---开始 直播时长挂机 ---
[00:35:24 INF] 【获取直播列表】获取拥有粉丝牌的直播列表
[00:35:24 INF] 【点赞直播间】23040372 完成
[00:35:30 INF] 【主播】Mark陌枫 
[00:35:49 INF] 【主播】KL_qiqi_ 
[00:36:02 INF] 【主播】苏打baka 
[00:36:21 INF] 【直播间】23357926 的第 1 个心跳包发送成功
[00:36:22 INF] 【直播间】407149 的第 1 个心跳包发送成功
[00:36:23 INF] 【直播间】23040372 的第 1 个心跳包发送成功
[00:37:27 INF] 【直播间】23357926 的第 2 个心跳包发送成功
[00:37:29 INF] 【直播间】407149 的第 2 个心跳包发送成功
[00:37:30 INF] 【直播间】23040372 的第 2 个心跳包发送成功
[00:38:34 INF] 【直播间】23357926 的第 3 个心跳包发送成功
[00:38:35 INF] 【直播间】407149 的第 3 个心跳包发送成功
[00:38:37 INF] 【直播间】23040372 的第 3 个心跳包发送成功
[00:39:40 INF] 【直播间】23357926 的第 4 个心跳包发送成功
[00:39:42 INF] 【直播间】407149 的第 4 个心跳包发送成功
[00:39:43 INF] 【直播间】23040372 的第 4 个心跳包发送成功
[00:40:47 INF] 【直播间】23357926 的第 5 个心跳包发送成功
[00:40:48 INF] 【直播间】407149 的第 5 个心跳包发送成功
[00:40:49 INF] 【直播间】23040372 的第 5 个心跳包发送成功
[00:41:53 INF] 【直播间】23357926 的第 6 个心跳包发送成功
[00:41:54 INF] 【直播间】407149 的第 6 个心跳包发送成功
[00:41:56 INF] 【直播间】23040372 的第 6 个心跳包发送成功
[00:43:00 INF] 【直播间】23357926 的第 7 个心跳包发送成功
[00:43:01 INF] 【直播间】407149 的第 7 个心跳包发送成功
[00:43:02 INF] 【直播间】23040372 的第 7 个心跳包发送成功
[00:44:06 INF] 【直播间】23357926 的第 8 个心跳包发送成功
[00:44:08 INF] 【直播间】407149 的第 8 个心跳包发送成功
[00:44:09 INF] 【直播间】23040372 的第 8 个心跳包发送成功
[00:45:13 INF] 【直播间】23357926 的第 9 个心跳包发送成功
[00:45:14 INF] 【直播间】407149 的第 9 个心跳包发送成功
[00:45:15 INF] 【直播间】23040372 的第 9 个心跳包发送成功
[00:46:19 INF] 【直播间】23357926 的第 10 个心跳包发送成功
[00:46:20 INF] 【直播间】407149 的第 10 个心跳包发送成功
[00:46:22 INF] 【直播间】23040372 的第 10 个心跳包发送成功
[00:47:26 INF] 【直播间】23357926 的第 11 个心跳包发送成功
[00:47:27 INF] 【直播间】407149 的第 11 个心跳包发送成功
[00:47:28 INF] 【直播间】23040372 的第 11 个心跳包发送成功
[00:48:32 INF] 【直播间】23357926 的第 12 个心跳包发送成功
[00:48:33 INF] 【直播间】407149 的第 12 个心跳包发送成功
[00:48:34 INF] 【直播间】23040372 的第 12 个心跳包发送成功
[00:49:39 INF] 【直播间】23357926 的第 13 个心跳包发送成功
[00:49:40 INF] 【直播间】407149 的第 13 个心跳包发送成功
[00:49:41 INF] 【直播间】23040372 的第 13 个心跳包发送成功
[00:50:45 INF] 【直播间】23357926 的第 14 个心跳包发送成功
[00:50:46 INF] 【直播间】407149 的第 14 个心跳包发送成功
[00:50:48 INF] 【直播间】23040372 的第 14 个心跳包发送成功
[00:51:52 ERR] 【心跳包】直播间 23357926 发送失败
[00:51:52 ERR] 【原因】time check failed
[00:51:53 ERR] 【心跳包】直播间 407149 发送失败
[00:51:53 ERR] 【原因】time check failed
[00:51:54 ERR] 【心跳包】直播间 23040372 发送失败
[00:51:54 ERR] 【原因】time check failed
[00:52:58 INF] 【直播间】23357926 的第 15 个心跳包发送成功
[00:52:59 INF] 【直播间】407149 的第 15 个心跳包发送成功
[00:53:01 INF] 【直播间】23040372 的第 15 个心跳包发送成功
[00:54:04 INF] 【直播间】23357926 的第 16 个心跳包发送成功
[00:54:06 INF] 【直播间】407149 的第 16 个心跳包发送成功
[00:54:07 INF] 【直播间】23040372 的第 16 个心跳包发送成功
[00:55:11 INF] 【直播间】23357926 的第 17 个心跳包发送成功
[00:55:12 INF] 【直播间】407149 的第 17 个心跳包发送成功
[00:55:13 INF] 【直播间】23040372 的第 17 个心跳包发送成功
[00:56:17 INF] 【直播间】23357926 的第 18 个心跳包发送成功
[00:56:19 INF] 【直播间】407149 的第 18 个心跳包发送成功
[00:56:20 INF] 【直播间】23040372 的第 18 个心跳包发送成功
[00:57:24 INF] 【直播间】23357926 的第 19 个心跳包发送成功
[00:57:25 INF] 【直播间】407149 的第 19 个心跳包发送成功
[00:57:26 INF] 【直播间】23040372 的第 19 个心跳包发送成功
[00:58:30 INF] 【直播间】23357926 的第 20 个心跳包发送成功
[00:58:32 INF] 【直播间】407149 的第 20 个心跳包发送成功
[00:58:33 INF] 【直播间】23040372 的第 20 个心跳包发送成功
[00:59:37 INF] 【直播间】23357926 的第 21 个心跳包发送成功
[00:59:38 INF] 【直播间】407149 的第 21 个心跳包发送成功
[00:59:39 INF] 【直播间】23040372 的第 21 个心跳包发送成功
[01:00:43 INF] 【直播间】23357926 的第 22 个心跳包发送成功
[01:00:44 INF] 【直播间】407149 的第 22 个心跳包发送成功
[01:00:46 INF] 【直播间】23040372 的第 22 个心跳包发送成功
[01:01:50 INF] 【直播间】23357926 的第 23 个心跳包发送成功
[01:01:51 INF] 【直播间】407149 的第 23 个心跳包发送成功
[01:01:52 INF] 【直播间】23040372 的第 23 个心跳包发送成功
[01:02:56 INF] 【直播间】23357926 的第 24 个心跳包发送成功
[01:02:57 INF] 【直播间】407149 的第 24 个心跳包发送成功
[01:02:59 INF] 【直播间】23040372 的第 24 个心跳包发送成功
[01:04:02 INF] 【直播间】23357926 的第 25 个心跳包发送成功
[01:04:04 INF] 【直播间】407149 的第 25 个心跳包发送成功
[01:04:05 INF] 【直播间】23040372 的第 25 个心跳包发送成功
[01:05:09 INF] 【直播间】23357926 的第 26 个心跳包发送成功
[01:05:10 INF] 【直播间】407149 的第 26 个心跳包发送成功
[01:05:11 INF] 【直播间】23040372 的第 26 个心跳包发送成功
[01:06:15 INF] 【直播间】23357926 的第 27 个心跳包发送成功
[01:06:17 INF] 【直播间】407149 的第 27 个心跳包发送成功
[01:06:18 INF] 【直播间】23040372 的第 27 个心跳包发送成功
[01:07:22 INF] 【直播间】23357926 的第 28 个心跳包发送成功
[01:07:23 INF] 【直播间】407149 的第 28 个心跳包发送成功
[01:07:25 INF] 【直播间】23040372 的第 28 个心跳包发送成功
[01:08:28 ERR] 【心跳包】直播间 23357926 发送失败
[01:08:28 ERR] 【原因】time check failed
[01:08:29 ERR] 【心跳包】直播间 407149 发送失败
[01:08:29 ERR] 【原因】time check failed
[01:08:31 ERR] 【心跳包】直播间 23040372 发送失败
[01:08:31 ERR] 【原因】time check failed
[01:09:35 INF] 【直播间】23357926 的第 29 个心跳包发送成功
[01:09:36 INF] 【直播间】407149 的第 29 个心跳包发送成功
[01:09:37 INF] 【直播间】23040372 的第 29 个心跳包发送成功
[01:10:41 INF] 【直播间】23357926 的第 30 个心跳包发送成功
[01:10:42 INF] 【直播间】407149 的第 30 个心跳包发送成功
[01:10:44 INF] 【直播间】23040372 的第 30 个心跳包发送成功
[01:11:48 INF] 【直播间】23357926 的第 31 个心跳包发送成功
[01:11:49 INF] 【直播间】407149 的第 31 个心跳包发送成功
[01:11:50 INF] 【直播间】23040372 的第 31 个心跳包发送成功
[01:12:54 INF] 【直播间】23357926 的第 32 个心跳包发送成功
[01:12:55 INF] 【直播间】407149 的第 32 个心跳包发送成功
[01:12:57 INF] 【直播间】23040372 的第 32 个心跳包发送成功
[01:14:01 INF] 【直播间】23357926 的第 33 个心跳包发送成功
[01:14:02 INF] 【直播间】407149 的第 33 个心跳包发送成功
[01:14:03 INF] 【直播间】23040372 的第 33 个心跳包发送成功
[01:15:07 INF] 【直播间】23357926 的第 34 个心跳包发送成功
[01:15:08 INF] 【直播间】407149 的第 34 个心跳包发送成功
[01:15:09 INF] 【直播间】23040372 的第 34 个心跳包发送成功
[01:16:13 INF] 【直播间】23357926 的第 35 个心跳包发送成功
[01:16:14 INF] 【直播间】407149 的第 35 个心跳包发送成功
[01:16:16 INF] 【直播间】23040372 的第 35 个心跳包发送成功
[01:17:20 INF] 【直播间】23357926 的第 36 个心跳包发送成功
[01:17:21 INF] 【直播间】407149 的第 36 个心跳包发送成功
[01:17:22 INF] 【直播间】23040372 的第 36 个心跳包发送成功
[01:18:26 INF] 【直播间】23357926 的第 37 个心跳包发送成功
[01:18:27 INF] 【直播间】407149 的第 37 个心跳包发送成功
[01:18:29 INF] 【直播间】23040372 的第 37 个心跳包发送成功
[01:19:33 INF] 【直播间】23357926 的第 38 个心跳包发送成功
[01:19:34 INF] 【直播间】407149 的第 38 个心跳包发送成功
[01:19:35 INF] 【直播间】23040372 的第 38 个心跳包发送成功
[01:20:39 INF] 【直播间】23357926 的第 39 个心跳包发送成功
[01:20:40 INF] 【直播间】407149 的第 39 个心跳包发送成功
[01:20:41 INF] 【直播间】23040372 的第 39 个心跳包发送成功
[01:21:45 INF] 【直播间】23357926 的第 40 个心跳包发送成功
[01:21:47 INF] 【直播间】407149 的第 40 个心跳包发送成功
[01:21:48 INF] 【直播间】23040372 的第 40 个心跳包发送成功
[01:22:52 INF] 【直播间】23357926 的第 41 个心跳包发送成功
[01:22:53 INF] 【直播间】407149 的第 41 个心跳包发送成功
[01:22:55 INF] 【直播间】23040372 的第 41 个心跳包发送成功
[01:23:59 INF] 【直播间】23357926 的第 42 个心跳包发送成功
[01:24:00 ERR] 【心跳包】直播间 407149 发送失败
[01:24:00 ERR] 【原因】time check failed
[01:24:01 INF] 【直播间】23040372 的第 42 个心跳包发送成功
[01:25:05 ERR] 【心跳包】直播间 23357926 发送失败
[01:25:05 ERR] 【原因】time check failed
[01:25:06 INF] 【直播间】407149 的第 42 个心跳包发送成功
[01:25:08 ERR] 【心跳包】直播间 23040372 发送失败
[01:25:08 ERR] 【原因】time check failed
[01:26:11 INF] 【直播间】23357926 的第 43 个心跳包发送成功
[01:26:13 INF] 【直播间】407149 的第 43 个心跳包发送成功
[01:26:14 INF] 【直播间】23040372 的第 43 个心跳包发送成功
[01:27:18 INF] 【直播间】23357926 的第 44 个心跳包发送成功
[01:27:19 INF] 【直播间】407149 的第 44 个心跳包发送成功
[01:27:20 INF] 【直播间】23040372 的第 44 个心跳包发送成功
[01:28:24 INF] 【直播间】23357926 的第 45 个心跳包发送成功
[01:28:26 INF] 【直播间】407149 的第 45 个心跳包发送成功
[01:28:27 INF] 【直播间】23040372 的第 45 个心跳包发送成功
[01:29:31 INF] 【直播间】23357926 的第 46 个心跳包发送成功
[01:29:32 INF] 【直播间】407149 的第 46 个心跳包发送成功
[01:29:33 INF] 【直播间】23040372 的第 46 个心跳包发送成功
[01:30:37 INF] 【直播间】23357926 的第 47 个心跳包发送成功
[01:30:39 INF] 【直播间】407149 的第 47 个心跳包发送成功
[01:30:40 INF] 【直播间】23040372 的第 47 个心跳包发送成功
[01:31:44 INF] 【直播间】23357926 的第 48 个心跳包发送成功
[01:31:45 INF] 【直播间】407149 的第 48 个心跳包发送成功
[01:31:46 INF] 【直播间】23040372 的第 48 个心跳包发送成功
[01:32:50 INF] 【直播间】23357926 的第 49 个心跳包发送成功
[01:32:52 INF] 【直播间】407149 的第 49 个心跳包发送成功
[01:32:53 INF] 【直播间】23040372 的第 49 个心跳包发送成功
[01:33:57 INF] 【直播间】23357926 的第 50 个心跳包发送成功
[01:33:58 INF] 【直播间】407149 的第 50 个心跳包发送成功
[01:33:59 INF] 【直播间】23040372 的第 50 个心跳包发送成功
[01:35:04 INF] 【直播间】23357926 的第 51 个心跳包发送成功
[01:35:05 INF] 【直播间】407149 的第 51 个心跳包发送成功
[01:35:06 INF] 【直播间】23040372 的第 51 个心跳包发送成功
[01:36:10 INF] 【直播间】23357926 的第 52 个心跳包发送成功
[01:36:11 INF] 【直播间】407149 的第 52 个心跳包发送成功
[01:36:12 INF] 【直播间】23040372 的第 52 个心跳包发送成功
[01:37:16 INF] 【直播间】23357926 的第 53 个心跳包发送成功
[01:37:17 INF] 【直播间】407149 的第 53 个心跳包发送成功
[01:37:19 INF] 【直播间】23040372 的第 53 个心跳包发送成功
[01:38:23 INF] 【直播间】23357926 的第 54 个心跳包发送成功
[01:38:24 INF] 【直播间】407149 的第 54 个心跳包发送成功
[01:38:25 INF] 【直播间】23040372 的第 54 个心跳包发送成功
[01:39:29 INF] 【直播间】23357926 的第 55 个心跳包发送成功
[01:39:30 INF] 【直播间】407149 的第 55 个心跳包发送成功
[01:39:32 INF] 【直播间】23040372 的第 55 个心跳包发送成功
[01:40:36 INF] 【直播间】23357926 的第 56 个心跳包发送成功
[01:40:37 ERR] 【心跳包】直播间 407149 发送失败
[01:40:37 ERR] 【原因】time check failed
[01:40:38 ERR] 【心跳包】直播间 23040372 发送失败
[01:40:38 ERR] 【原因】time check failed
[01:41:42 ERR] 【心跳包】直播间 23357926 发送失败
[01:41:42 ERR] 【原因】time check failed
[01:41:43 INF] 【直播间】407149 的第 56 个心跳包发送成功
[01:41:44 INF] 【直播间】23040372 的第 56 个心跳包发送成功
[01:42:48 INF] 【直播间】23357926 的第 57 个心跳包发送成功
[01:42:50 INF] 【直播间】407149 的第 57 个心跳包发送成功
[01:42:51 INF] 【直播间】23040372 的第 57 个心跳包发送成功
[01:43:55 INF] 【直播间】23357926 的第 58 个心跳包发送成功
[01:43:56 INF] 【直播间】407149 的第 58 个心跳包发送成功
[01:43:57 INF] 【直播间】23040372 的第 58 个心跳包发送成功
[01:45:01 INF] 【直播间】23357926 的第 59 个心跳包发送成功
[01:45:03 INF] 【直播间】407149 的第 59 个心跳包发送成功
[01:45:04 INF] 【直播间】23040372 的第 59 个心跳包发送成功
[01:46:08 INF] 【直播间】23357926 的第 60 个心跳包发送成功
[01:46:09 INF] 【直播间】407149 的第 60 个心跳包发送成功
[01:46:10 INF] 【直播间】23040372 的第 60 个心跳包发送成功
[01:47:14 INF] 【直播间】23357926 的第 61 个心跳包发送成功
[01:47:16 INF] 【直播间】407149 的第 61 个心跳包发送成功
[01:47:17 INF] 【直播间】23040372 的第 61 个心跳包发送成功
[01:48:21 INF] 【直播间】23357926 的第 62 个心跳包发送成功
[01:48:22 INF] 【直播间】407149 的第 62 个心跳包发送成功
[01:48:23 INF] 【直播间】23040372 的第 62 个心跳包发送成功
[01:49:27 INF] 【直播间】23357926 的第 63 个心跳包发送成功
[01:49:28 INF] 【直播间】407149 的第 63 个心跳包发送成功
[01:49:29 INF] 【直播间】23040372 的第 63 个心跳包发送成功
[01:50:34 INF] 【直播间】23357926 的第 64 个心跳包发送成功
[01:50:35 INF] 【直播间】407149 的第 64 个心跳包发送成功
[01:50:36 INF] 【直播间】23040372 的第 64 个心跳包发送成功
[01:51:40 INF] 【直播间】23357926 的第 65 个心跳包发送成功
[01:51:41 INF] 【直播间】407149 的第 65 个心跳包发送成功
[01:51:43 INF] 【直播间】23040372 的第 65 个心跳包发送成功
[01:52:47 INF] 【直播间】23357926 的第 66 个心跳包发送成功
[01:52:48 INF] 【直播间】407149 的第 66 个心跳包发送成功
[01:52:49 INF] 【直播间】23040372 的第 66 个心跳包发送成功
[01:53:53 INF] 【直播间】23357926 的第 67 个心跳包发送成功
[01:53:55 INF] 【直播间】407149 的第 67 个心跳包发送成功
[01:53:56 INF] 【直播间】23040372 的第 67 个心跳包发送成功
[01:55:00 INF] 【直播间】23357926 的第 68 个心跳包发送成功
[01:55:01 INF] 【直播间】407149 的第 68 个心跳包发送成功
[01:55:02 INF] 【直播间】23040372 的第 68 个心跳包发送成功
[01:56:06 INF] 【直播间】23357926 的第 69 个心跳包发送成功
[01:56:07 INF] 【直播间】407149 的第 69 个心跳包发送成功
[01:56:09 ERR] 【心跳包】直播间 23040372 发送失败
[01:56:09 ERR] 【原因】time check failed
[01:57:13 INF] 【直播间】23357926 的第 70 个心跳包发送成功
[01:57:14 ERR] 【心跳包】直播间 407149 发送失败
[01:57:14 ERR] 【原因】time check failed
[01:57:15 INF] 【直播间】23040372 的第 69 个心跳包发送成功
[01:58:19 ERR] 【心跳包】直播间 23357926 发送失败
[01:58:19 ERR] 【原因】time check failed
[01:58:20 INF] 【直播间】407149 的第 70 个心跳包发送成功
[01:58:21 INF] 【直播间】23040372 的第 70 个心跳包发送成功
[01:58:21 INF] 【直播观看时长】完成情况：3/3 
[01:58:21 INF] ---------结束---------

[01:58:21 INF] ==========结束==========

[01:58:21 INF] ######### 账号 2 #########

[01:58:21 INF] =====开始 直播间互动 =====

[01:58:21 INF] ---开始 发送弹幕 ---
[01:58:21 INF] 检测到直播 Cookie 未正确配置，尝试自动配置中...
[01:58:25 INF] 直播 Cookie 配置成功！
[01:58:25 INF] 【获取直播列表】获取拥有粉丝牌的直播列表
[01:58:32 INF] 【主播】Mark陌枫 
[01:58:49 INF] 【主播】苏打baka 
[01:59:03 INF] 【主播】特别中二的q3君 
[01:59:18 INF] 【主播】陈抱一 
[01:59:35 INF] 【主播】贪玩的小毅 
[01:59:52 INF] 【主播】KL_qiqi_ 
[02:00:09 INF] 【主播】FoFTG 
[02:00:21 INF] 【主播】悠悠球琛总 
[02:00:38 INF] 【主播】新石器公园 
[02:00:55 INF] 【主播】记录生活的蛋黄派 
[02:01:11 INF] 【主播】脏小豆 
[02:01:27 INF] 【直播间】Mark陌枫
[02:01:27 INF] 【粉丝牌】馬楓
[02:01:27 INF] 正在发送弹幕...
[02:01:30 INF] 【直播间】苏打baka
[02:01:30 INF] 【粉丝牌】碳酸钠
[02:01:30 INF] 正在发送弹幕...
[02:01:33 INF] 【直播间】特别中二的q3君
[02:01:33 INF] 【粉丝牌】q3GG
[02:01:33 INF] 正在发送弹幕...
[02:01:40 INF] 【直播间】陈抱一
[02:01:40 INF] 【粉丝牌】陈抱一
[02:01:40 INF] 正在发送弹幕...
[02:01:40 INF] 【弹幕发送】成功~，你和主播 Mark陌枫 的亲密值增加了100！
[02:01:44 INF] 【弹幕发送】成功~，你和主播 苏打baka 的亲密值增加了100！
[02:01:46 INF] 【直播间】贪玩的小毅
[02:01:46 INF] 【粉丝牌】大大毅
[02:01:46 INF] 正在发送弹幕...
[02:01:50 INF] 【弹幕发送】成功~，你和主播 特别中二的q3君 的亲密值增加了100！
[02:01:53 INF] 【直播间】KL_qiqi_
[02:01:53 INF] 【粉丝牌】qiqisb
[02:01:53 INF] 正在发送弹幕...
[02:01:55 INF] 【弹幕发送】成功~，你和主播 陈抱一 的亲密值增加了100！
[02:02:00 INF] 【直播间】FoFTG
[02:02:00 INF] 【粉丝牌】FOFTG
[02:02:00 INF] 正在发送弹幕...
[02:02:04 INF] 【弹幕发送】成功~，你和主播 贪玩的小毅 的亲密值增加了100！
[02:02:07 INF] 【直播间】悠悠球琛总
[02:02:07 INF] 【粉丝牌】i琛
[02:02:07 INF] 正在发送弹幕...
[02:02:10 INF] 【弹幕发送】成功~，你和主播 KL_qiqi_ 的亲密值增加了100！
[02:02:13 INF] 【直播间】新石器公园
[02:02:13 INF] 【粉丝牌】东园主
[02:02:13 INF] 正在发送弹幕...
[02:02:17 INF] 【弹幕发送】成功~，你和主播 FoFTG 的亲密值增加了100！
[02:02:20 INF] 【直播间】记录生活的蛋黄派
[02:02:20 INF] 【粉丝牌】派派派
[02:02:20 INF] 正在发送弹幕...
[02:02:23 INF] 【直播间】脏小豆
[02:02:23 INF] 【粉丝牌】豆豆浆
[02:02:23 INF] 正在发送弹幕...
[02:02:26 INF] -------结束-------

[02:02:26 INF] ---开始 点赞直播间 ---
[02:02:26 INF] 【获取直播列表】获取拥有粉丝牌的直播列表
[02:02:26 INF] 【弹幕发送】成功~，你和主播 悠悠球琛总 的亲密值增加了100！
[02:02:29 INF] 【主播】Mark陌枫 
[02:02:30 INF] 【弹幕发送】成功~，你和主播 新石器公园 的亲密值增加了100！
[02:02:34 INF] 【弹幕发送】成功~，你和主播 记录生活的蛋黄派 的亲密值增加了100！
[02:02:35 INF] 【弹幕发送】成功~，你和主播 脏小豆 的亲密值增加了100！
[02:02:42 INF] 【主播】苏打baka 
[02:03:01 INF] 【主播】特别中二的q3君 
[02:03:19 INF] 【主播】陈抱一 
[02:03:34 INF] 【主播】贪玩的小毅 
[02:03:50 INF] 【主播】KL_qiqi_ 
[02:04:09 INF] 【主播】FoFTG 
[02:04:28 INF] 【主播】悠悠球琛总 
[02:04:41 INF] 【主播】新石器公园 
[02:05:00 INF] 【主播】记录生活的蛋黄派 
[02:05:18 INF] 【主播】脏小豆 
[02:05:36 INF] 【点赞直播间】23357926 完成
[02:05:40 INF] 【点赞直播间】23040372 完成
[02:05:45 INF] 【点赞直播间】31494 完成
[02:05:49 INF] 【点赞直播间】4015781 完成
[02:05:52 INF] 【点赞直播间】9619073 完成
[02:05:58 INF] 【点赞直播间】407149 完成
[02:06:01 INF] 【点赞直播间】91164 完成
[02:06:08 INF] 【点赞直播间】7184632 完成
[02:06:14 INF] 【点赞直播间】23447660 完成
[02:06:21 INF] 【点赞直播间】11732699 完成
[02:06:28 INF] --------结束--------

[02:06:28 INF] ---开始 直播时长挂机 ---
[02:06:28 INF] 【获取直播列表】获取拥有粉丝牌的直播列表
[02:06:28 INF] 【点赞直播间】929670 完成
[02:06:33 INF] 【主播】Mark陌枫 
[02:06:48 INF] 【主播】苏打baka 
[02:07:08 INF] 【主播】特别中二的q3君 
[02:07:25 INF] 【主播】陈抱一 
[02:07:38 INF] 【主播】贪玩的小毅 
[02:07:51 INF] 【主播】KL_qiqi_ 
[02:08:07 INF] 【主播】FoFTG 
[02:08:23 INF] 【主播】悠悠球琛总 
[02:08:39 INF] 【主播】新石器公园 
[02:08:52 INF] 【主播】记录生活的蛋黄派 
[02:09:07 INF] 【主播】脏小豆 
[02:09:23 INF] 【直播间】23357926 的第 1 个心跳包发送成功
[02:09:24 INF] 【直播间】23040372 的第 1 个心跳包发送成功
[02:09:26 INF] 【直播间】31494 的第 1 个心跳包发送成功
[02:09:27 INF] 【直播间】4015781 的第 1 个心跳包发送成功
[02:09:28 INF] 【直播间】9619073 的第 1 个心跳包发送成功
[02:09:29 INF] 【直播间】407149 的第 1 个心跳包发送成功
[02:09:30 INF] 【直播间】91164 的第 1 个心跳包发送成功
[02:09:32 INF] 【直播间】7184632 的第 1 个心跳包发送成功
[02:09:33 INF] 【直播间】23447660 的第 1 个心跳包发送成功
[02:09:34 INF] 【直播间】11732699 的第 1 个心跳包发送成功
[02:09:36 INF] 【直播间】929670 的第 1 个心跳包发送成功
[02:10:30 INF] 【直播间】23357926 的第 2 个心跳包发送成功
[02:10:31 INF] 【直播间】23040372 的第 2 个心跳包发送成功
[02:10:32 INF] 【直播间】31494 的第 2 个心跳包发送成功
[02:10:33 INF] 【直播间】4015781 的第 2 个心跳包发送成功
[02:10:35 INF] 【直播间】9619073 的第 2 个心跳包发送成功
[02:10:36 INF] 【直播间】407149 的第 2 个心跳包发送成功
[02:10:37 INF] 【直播间】91164 的第 2 个心跳包发送成功
[02:10:38 INF] 【直播间】7184632 的第 2 个心跳包发送成功
[02:10:40 INF] 【直播间】23447660 的第 2 个心跳包发送成功
[02:10:41 INF] 【直播间】11732699 的第 2 个心跳包发送成功
[02:10:42 INF] 【直播间】929670 的第 2 个心跳包发送成功
[02:11:36 INF] 【直播间】23357926 的第 3 个心跳包发送成功
[02:11:38 INF] 【直播间】23040372 的第 3 个心跳包发送成功
[02:11:39 INF] 【直播间】31494 的第 3 个心跳包发送成功
[02:11:40 INF] 【直播间】4015781 的第 3 个心跳包发送成功
[02:11:41 INF] 【直播间】9619073 的第 3 个心跳包发送成功
[02:11:42 INF] 【直播间】407149 的第 3 个心跳包发送成功
[02:11:44 INF] 【直播间】91164 的第 3 个心跳包发送成功
[02:11:45 INF] 【直播间】7184632 的第 3 个心跳包发送成功
[02:11:46 INF] 【直播间】23447660 的第 3 个心跳包发送成功
[02:11:47 INF] 【直播间】11732699 的第 3 个心跳包发送成功
[02:11:49 INF] 【直播间】929670 的第 3 个心跳包发送成功
[02:12:43 INF] 【直播间】23357926 的第 4 个心跳包发送成功
[02:12:44 INF] 【直播间】23040372 的第 4 个心跳包发送成功
[02:12:45 INF] 【直播间】31494 的第 4 个心跳包发送成功
[02:12:47 INF] 【直播间】4015781 的第 4 个心跳包发送成功
[02:12:48 INF] 【直播间】9619073 的第 4 个心跳包发送成功
[02:12:49 INF] 【直播间】407149 的第 4 个心跳包发送成功
[02:12:50 INF] 【直播间】91164 的第 4 个心跳包发送成功
[02:12:51 INF] 【直播间】7184632 的第 4 个心跳包发送成功
[02:12:53 INF] 【直播间】23447660 的第 4 个心跳包发送成功
[02:12:54 INF] 【直播间】11732699 的第 4 个心跳包发送成功
[02:12:55 INF] 【直播间】929670 的第 4 个心跳包发送成功
[02:13:49 INF] 【直播间】23357926 的第 5 个心跳包发送成功
[02:13:51 INF] 【直播间】23040372 的第 5 个心跳包发送成功
[02:13:52 INF] 【直播间】31494 的第 5 个心跳包发送成功
[02:13:53 INF] 【直播间】4015781 的第 5 个心跳包发送成功
[02:13:54 INF] 【直播间】9619073 的第 5 个心跳包发送成功
[02:13:56 INF] 【直播间】407149 的第 5 个心跳包发送成功
[02:13:57 INF] 【直播间】91164 的第 5 个心跳包发送成功
[02:13:58 INF] 【直播间】7184632 的第 5 个心跳包发送成功
[02:14:00 INF] 【直播间】23447660 的第 5 个心跳包发送成功
[02:14:01 INF] 【直播间】11732699 的第 5 个心跳包发送成功
[02:14:02 INF] 【直播间】929670 的第 5 个心跳包发送成功
[02:14:56 INF] 【直播间】23357926 的第 6 个心跳包发送成功
[02:14:57 INF] 【直播间】23040372 的第 6 个心跳包发送成功
[02:14:59 INF] 【直播间】31494 的第 6 个心跳包发送成功
[02:15:00 INF] 【直播间】4015781 的第 6 个心跳包发送成功
[02:15:01 INF] 【直播间】9619073 的第 6 个心跳包发送成功
[02:15:02 INF] 【直播间】407149 的第 6 个心跳包发送成功
[02:15:04 INF] 【直播间】91164 的第 6 个心跳包发送成功
[02:15:05 INF] 【直播间】7184632 的第 6 个心跳包发送成功
[02:15:06 INF] 【直播间】23447660 的第 6 个心跳包发送成功
[02:15:07 INF] 【直播间】11732699 的第 6 个心跳包发送成功
[02:15:08 INF] 【直播间】929670 的第 6 个心跳包发送成功
[02:16:02 INF] 【直播间】23357926 的第 7 个心跳包发送成功
[02:16:04 INF] 【直播间】23040372 的第 7 个心跳包发送成功
[02:16:05 INF] 【直播间】31494 的第 7 个心跳包发送成功
[02:16:06 INF] 【直播间】4015781 的第 7 个心跳包发送成功
[02:16:07 INF] 【直播间】9619073 的第 7 个心跳包发送成功
[02:16:09 INF] 【直播间】407149 的第 7 个心跳包发送成功
[02:16:10 INF] 【直播间】91164 的第 7 个心跳包发送成功
[02:16:11 INF] 【直播间】7184632 的第 7 个心跳包发送成功
[02:16:12 INF] 【直播间】23447660 的第 7 个心跳包发送成功
[02:16:14 INF] 【直播间】11732699 的第 7 个心跳包发送成功
[02:16:15 INF] 【直播间】929670 的第 7 个心跳包发送成功
[02:17:09 INF] 【直播间】23357926 的第 8 个心跳包发送成功
[02:17:10 INF] 【直播间】23040372 的第 8 个心跳包发送成功
[02:17:11 INF] 【直播间】31494 的第 8 个心跳包发送成功
[02:17:13 INF] 【直播间】4015781 的第 8 个心跳包发送成功
[02:17:14 INF] 【直播间】9619073 的第 8 个心跳包发送成功
[02:17:15 INF] 【直播间】407149 的第 8 个心跳包发送成功
[02:17:16 INF] 【直播间】91164 的第 8 个心跳包发送成功
[02:17:17 INF] 【直播间】7184632 的第 8 个心跳包发送成功
[02:17:19 INF] 【直播间】23447660 的第 8 个心跳包发送成功
[02:17:20 INF] 【直播间】11732699 的第 8 个心跳包发送成功
[02:17:21 INF] 【直播间】929670 的第 8 个心跳包发送成功
[02:18:15 INF] 【直播间】23357926 的第 9 个心跳包发送成功
[02:18:17 INF] 【直播间】23040372 的第 9 个心跳包发送成功
[02:18:18 INF] 【直播间】31494 的第 9 个心跳包发送成功
[02:18:19 INF] 【直播间】4015781 的第 9 个心跳包发送成功
[02:18:20 INF] 【直播间】9619073 的第 9 个心跳包发送成功
[02:18:22 INF] 【直播间】407149 的第 9 个心跳包发送成功
[02:18:23 INF] 【直播间】91164 的第 9 个心跳包发送成功
[02:18:24 INF] 【直播间】7184632 的第 9 个心跳包发送成功
[02:18:25 INF] 【直播间】23447660 的第 9 个心跳包发送成功
[02:18:26 INF] 【直播间】11732699 的第 9 个心跳包发送成功
[02:18:28 INF] 【直播间】929670 的第 9 个心跳包发送成功
[02:19:22 INF] 【直播间】23357926 的第 10 个心跳包发送成功
[02:19:23 INF] 【直播间】23040372 的第 10 个心跳包发送成功
[02:19:25 INF] 【直播间】31494 的第 10 个心跳包发送成功
[02:19:26 INF] 【直播间】4015781 的第 10 个心跳包发送成功
[02:19:27 INF] 【直播间】9619073 的第 10 个心跳包发送成功
[02:19:28 INF] 【直播间】407149 的第 10 个心跳包发送成功
[02:19:29 INF] 【直播间】91164 的第 10 个心跳包发送成功
[02:19:31 INF] 【直播间】7184632 的第 10 个心跳包发送成功
[02:19:32 INF] 【直播间】23447660 的第 10 个心跳包发送成功
[02:19:33 INF] 【直播间】11732699 的第 10 个心跳包发送成功
[02:19:34 INF] 【直播间】929670 的第 10 个心跳包发送成功
[02:20:28 INF] 【直播间】23357926 的第 11 个心跳包发送成功
[02:20:29 INF] 【直播间】23040372 的第 11 个心跳包发送成功
[02:20:31 INF] 【直播间】31494 的第 11 个心跳包发送成功
[02:20:32 INF] 【直播间】4015781 的第 11 个心跳包发送成功
[02:20:33 INF] 【直播间】9619073 的第 11 个心跳包发送成功
[02:20:34 INF] 【直播间】407149 的第 11 个心跳包发送成功
[02:20:36 INF] 【直播间】91164 的第 11 个心跳包发送成功
[02:20:37 INF] 【直播间】7184632 的第 11 个心跳包发送成功
[02:20:38 INF] 【直播间】23447660 的第 11 个心跳包发送成功
[02:20:39 INF] 【直播间】11732699 的第 11 个心跳包发送成功
[02:20:41 INF] 【直播间】929670 的第 11 个心跳包发送成功
[02:21:35 INF] 【直播间】23357926 的第 12 个心跳包发送成功
[02:21:36 INF] 【直播间】23040372 的第 12 个心跳包发送成功
[02:21:37 INF] 【直播间】31494 的第 12 个心跳包发送成功
[02:21:38 INF] 【直播间】4015781 的第 12 个心跳包发送成功
[02:21:40 INF] 【直播间】9619073 的第 12 个心跳包发送成功
[02:21:41 INF] 【直播间】407149 的第 12 个心跳包发送成功
[02:21:42 INF] 【直播间】91164 的第 12 个心跳包发送成功
[02:21:43 INF] 【直播间】7184632 的第 12 个心跳包发送成功
[02:21:44 INF] 【直播间】23447660 的第 12 个心跳包发送成功
[02:21:46 INF] 【直播间】11732699 的第 12 个心跳包发送成功
[02:21:47 INF] 【直播间】929670 的第 12 个心跳包发送成功
[02:22:41 INF] 【直播间】23357926 的第 13 个心跳包发送成功
[02:22:43 INF] 【直播间】23040372 的第 13 个心跳包发送成功
[02:22:44 INF] 【直播间】31494 的第 13 个心跳包发送成功
[02:22:45 INF] 【直播间】4015781 的第 13 个心跳包发送成功
[02:22:46 INF] 【直播间】9619073 的第 13 个心跳包发送成功
[02:22:47 INF] 【直播间】407149 的第 13 个心跳包发送成功
[02:22:49 INF] 【直播间】91164 的第 13 个心跳包发送成功
[02:22:50 INF] 【直播间】7184632 的第 13 个心跳包发送成功
[02:22:51 INF] 【直播间】23447660 的第 13 个心跳包发送成功
[02:22:52 INF] 【直播间】11732699 的第 13 个心跳包发送成功
[02:22:54 INF] 【直播间】929670 的第 13 个心跳包发送成功
[02:23:48 INF] 【直播间】23357926 的第 14 个心跳包发送成功
[02:23:49 INF] 【直播间】23040372 的第 14 个心跳包发送成功
[02:23:50 INF] 【直播间】31494 的第 14 个心跳包发送成功
[02:23:51 INF] 【直播间】4015781 的第 14 个心跳包发送成功
[02:23:52 INF] 【直播间】9619073 的第 14 个心跳包发送成功
[02:23:54 INF] 【直播间】407149 的第 14 个心跳包发送成功
[02:23:55 INF] 【直播间】91164 的第 14 个心跳包发送成功
[02:23:56 INF] 【直播间】7184632 的第 14 个心跳包发送成功
[02:23:57 INF] 【直播间】23447660 的第 14 个心跳包发送成功
[02:23:59 INF] 【直播间】11732699 的第 14 个心跳包发送成功
[02:24:00 INF] 【直播间】929670 的第 14 个心跳包发送成功
[02:24:54 ERR] 【心跳包】直播间 23357926 发送失败
[02:24:54 ERR] 【原因】time check failed
[02:24:55 ERR] 【心跳包】直播间 23040372 发送失败
[02:24:55 ERR] 【原因】time check failed
[02:24:56 ERR] 【心跳包】直播间 31494 发送失败
[02:24:56 ERR] 【原因】time check failed
[02:24:58 INF] 【直播间】4015781 的第 15 个心跳包发送成功
[02:24:59 ERR] 【心跳包】直播间 9619073 发送失败
[02:24:59 ERR] 【原因】time check failed
[02:25:00 ERR] 【心跳包】直播间 407149 发送失败
[02:25:00 ERR] 【原因】time check failed
[02:25:01 ERR] 【心跳包】直播间 91164 发送失败
[02:25:01 ERR] 【原因】time check failed
[02:25:03 INF] 【直播间】7184632 的第 15 个心跳包发送成功
[02:25:04 ERR] 【心跳包】直播间 23447660 发送失败
[02:25:04 ERR] 【原因】time check failed
[02:25:05 ERR] 【心跳包】直播间 11732699 发送失败
[02:25:05 ERR] 【原因】time check failed
[02:25:06 INF] 【直播间】929670 的第 15 个心跳包发送成功
[02:26:00 INF] 【直播间】23357926 的第 15 个心跳包发送成功
[02:26:02 INF] 【直播间】23040372 的第 15 个心跳包发送成功
[02:26:03 INF] 【直播间】31494 的第 15 个心跳包发送成功
[02:26:04 ERR] 【心跳包】直播间 4015781 发送失败
[02:26:04 ERR] 【原因】time check failed
[02:26:05 INF] 【直播间】9619073 的第 15 个心跳包发送成功
[02:26:06 INF] 【直播间】407149 的第 15 个心跳包发送成功
[02:26:08 INF] 【直播间】91164 的第 15 个心跳包发送成功
[02:26:09 ERR] 【心跳包】直播间 7184632 发送失败
[02:26:09 ERR] 【原因】time check failed
[02:26:10 INF] 【直播间】23447660 的第 15 个心跳包发送成功
[02:26:12 INF] 【直播间】11732699 的第 15 个心跳包发送成功
[02:26:13 ERR] 【心跳包】直播间 929670 发送失败
[02:26:13 ERR] 【原因】time check failed
[02:27:07 INF] 【直播间】23357926 的第 16 个心跳包发送成功
[02:27:08 INF] 【直播间】23040372 的第 16 个心跳包发送成功
[02:27:09 INF] 【直播间】31494 的第 16 个心跳包发送成功
[02:27:11 INF] 【直播间】4015781 的第 16 个心跳包发送成功
[02:27:12 INF] 【直播间】9619073 的第 16 个心跳包发送成功
[02:27:13 INF] 【直播间】407149 的第 16 个心跳包发送成功
[02:27:14 INF] 【直播间】91164 的第 16 个心跳包发送成功
[02:27:16 INF] 【直播间】7184632 的第 16 个心跳包发送成功
[02:27:17 INF] 【直播间】23447660 的第 16 个心跳包发送成功
[02:27:18 INF] 【直播间】11732699 的第 16 个心跳包发送成功
[02:27:19 INF] 【直播间】929670 的第 16 个心跳包发送成功
[02:28:13 INF] 【直播间】23357926 的第 17 个心跳包发送成功
[02:28:15 INF] 【直播间】23040372 的第 17 个心跳包发送成功
[02:28:16 INF] 【直播间】31494 的第 17 个心跳包发送成功
[02:28:17 INF] 【直播间】4015781 的第 17 个心跳包发送成功
[02:28:18 INF] 【直播间】9619073 的第 17 个心跳包发送成功
[02:28:19 INF] 【直播间】407149 的第 17 个心跳包发送成功
[02:28:21 INF] 【直播间】91164 的第 17 个心跳包发送成功
[02:28:22 INF] 【直播间】7184632 的第 17 个心跳包发送成功
[02:28:23 INF] 【直播间】23447660 的第 17 个心跳包发送成功
[02:28:24 INF] 【直播间】11732699 的第 17 个心跳包发送成功
[02:28:25 INF] 【直播间】929670 的第 17 个心跳包发送成功
[02:29:20 INF] 【直播间】23357926 的第 18 个心跳包发送成功
[02:29:21 INF] 【直播间】23040372 的第 18 个心跳包发送成功
[02:29:23 INF] 【直播间】31494 的第 18 个心跳包发送成功
[02:29:24 INF] 【直播间】4015781 的第 18 个心跳包发送成功
[02:29:25 INF] 【直播间】9619073 的第 18 个心跳包发送成功
[02:29:26 INF] 【直播间】407149 的第 18 个心跳包发送成功
[02:29:27 INF] 【直播间】91164 的第 18 个心跳包发送成功
[02:29:29 INF] 【直播间】7184632 的第 18 个心跳包发送成功
[02:29:30 INF] 【直播间】23447660 的第 18 个心跳包发送成功
[02:29:31 INF] 【直播间】11732699 的第 18 个心跳包发送成功
[02:29:33 INF] 【直播间】929670 的第 18 个心跳包发送成功
[02:30:26 INF] 【直播间】23357926 的第 19 个心跳包发送成功
[02:30:28 INF] 【直播间】23040372 的第 19 个心跳包发送成功
[02:30:29 INF] 【直播间】31494 的第 19 个心跳包发送成功
[02:30:30 INF] 【直播间】4015781 的第 19 个心跳包发送成功
[02:30:32 INF] 【直播间】9619073 的第 19 个心跳包发送成功
[02:30:33 INF] 【直播间】407149 的第 19 个心跳包发送成功
[02:30:34 INF] 【直播间】91164 的第 19 个心跳包发送成功
[02:30:35 INF] 【直播间】7184632 的第 19 个心跳包发送成功
[02:30:36 INF] 【直播间】23447660 的第 19 个心跳包发送成功
[02:30:38 INF] 【直播间】11732699 的第 19 个心跳包发送成功
[02:30:39 INF] 【直播间】929670 的第 19 个心跳包发送成功
[02:31:33 INF] 【直播间】23357926 的第 20 个心跳包发送成功
[02:31:34 INF] 【直播间】23040372 的第 20 个心跳包发送成功
[02:31:35 INF] 【直播间】31494 的第 20 个心跳包发送成功
[02:31:36 INF] 【直播间】4015781 的第 20 个心跳包发送成功
[02:31:38 INF] 【直播间】9619073 的第 20 个心跳包发送成功
[02:31:39 INF] 【直播间】407149 的第 20 个心跳包发送成功
[02:31:40 INF] 【直播间】91164 的第 20 个心跳包发送成功
[02:31:41 INF] 【直播间】7184632 的第 20 个心跳包发送成功
[02:31:43 INF] 【直播间】23447660 的第 20 个心跳包发送成功
[02:31:44 INF] 【直播间】11732699 的第 20 个心跳包发送成功
[02:31:45 INF] 【直播间】929670 的第 20 个心跳包发送成功
[02:32:39 INF] 【直播间】23357926 的第 21 个心跳包发送成功
[02:32:40 INF] 【直播间】23040372 的第 21 个心跳包发送成功
[02:32:42 INF] 【直播间】31494 的第 21 个心跳包发送成功
[02:32:43 INF] 【直播间】4015781 的第 21 个心跳包发送成功
[02:32:44 INF] 【直播间】9619073 的第 21 个心跳包发送成功
[02:32:45 INF] 【直播间】407149 的第 21 个心跳包发送成功
[02:32:46 INF] 【直播间】91164 的第 21 个心跳包发送成功
[02:32:48 INF] 【直播间】7184632 的第 21 个心跳包发送成功
[02:32:49 INF] 【直播间】23447660 的第 21 个心跳包发送成功
[02:32:50 INF] 【直播间】11732699 的第 21 个心跳包发送成功
[02:32:51 INF] 【直播间】929670 的第 21 个心跳包发送成功
[02:33:46 INF] 【直播间】23357926 的第 22 个心跳包发送成功
[02:33:47 INF] 【直播间】23040372 的第 22 个心跳包发送成功
[02:33:48 INF] 【直播间】31494 的第 22 个心跳包发送成功
[02:33:49 INF] 【直播间】4015781 的第 22 个心跳包发送成功
[02:33:50 INF] 【直播间】9619073 的第 22 个心跳包发送成功
[02:33:52 INF] 【直播间】407149 的第 22 个心跳包发送成功
[02:33:53 INF] 【直播间】91164 的第 22 个心跳包发送成功
[02:33:54 INF] 【直播间】7184632 的第 22 个心跳包发送成功
[02:33:55 INF] 【直播间】23447660 的第 22 个心跳包发送成功
[02:33:56 INF] 【直播间】11732699 的第 22 个心跳包发送成功
[02:33:58 INF] 【直播间】929670 的第 22 个心跳包发送成功
[02:34:52 INF] 【直播间】23357926 的第 23 个心跳包发送成功
[02:34:53 INF] 【直播间】23040372 的第 23 个心跳包发送成功
[02:34:55 INF] 【直播间】31494 的第 23 个心跳包发送成功
[02:34:56 INF] 【直播间】4015781 的第 23 个心跳包发送成功
[02:34:57 INF] 【直播间】9619073 的第 23 个心跳包发送成功
[02:34:58 INF] 【直播间】407149 的第 23 个心跳包发送成功
[02:34:59 INF] 【直播间】91164 的第 23 个心跳包发送成功
[02:35:01 INF] 【直播间】7184632 的第 23 个心跳包发送成功
[02:35:02 INF] 【直播间】23447660 的第 23 个心跳包发送成功
[02:35:03 INF] 【直播间】11732699 的第 23 个心跳包发送成功
[02:35:04 INF] 【直播间】929670 的第 23 个心跳包发送成功
[02:35:59 INF] 【直播间】23357926 的第 24 个心跳包发送成功
[02:36:00 INF] 【直播间】23040372 的第 24 个心跳包发送成功
[02:36:01 INF] 【直播间】31494 的第 24 个心跳包发送成功
[02:36:02 INF] 【直播间】4015781 的第 24 个心跳包发送成功
[02:36:04 INF] 【直播间】9619073 的第 24 个心跳包发送成功
[02:36:05 INF] 【直播间】407149 的第 24 个心跳包发送成功
[02:36:06 INF] 【直播间】91164 的第 24 个心跳包发送成功
[02:36:07 INF] 【直播间】7184632 的第 24 个心跳包发送成功
[02:36:09 INF] 【直播间】23447660 的第 24 个心跳包发送成功
[02:36:10 INF] 【直播间】11732699 的第 24 个心跳包发送成功
[02:36:11 INF] 【直播间】929670 的第 24 个心跳包发送成功
[02:37:05 INF] 【直播间】23357926 的第 25 个心跳包发送成功
[02:37:06 INF] 【直播间】23040372 的第 25 个心跳包发送成功
[02:37:07 INF] 【直播间】31494 的第 25 个心跳包发送成功
[02:37:09 INF] 【直播间】4015781 的第 25 个心跳包发送成功
[02:37:10 INF] 【直播间】9619073 的第 25 个心跳包发送成功
[02:37:11 INF] 【直播间】407149 的第 25 个心跳包发送成功
[02:37:12 INF] 【直播间】91164 的第 25 个心跳包发送成功
[02:37:13 INF] 【直播间】7184632 的第 25 个心跳包发送成功
[02:37:15 INF] 【直播间】23447660 的第 25 个心跳包发送成功
[02:37:16 INF] 【直播间】11732699 的第 25 个心跳包发送成功
[02:37:17 INF] 【直播间】929670 的第 25 个心跳包发送成功
[02:38:11 INF] 【直播间】23357926 的第 26 个心跳包发送成功
[02:38:12 INF] 【直播间】23040372 的第 26 个心跳包发送成功
[02:38:14 INF] 【直播间】31494 的第 26 个心跳包发送成功
[02:38:15 INF] 【直播间】4015781 的第 26 个心跳包发送成功
[02:38:16 INF] 【直播间】9619073 的第 26 个心跳包发送成功
[02:38:17 INF] 【直播间】407149 的第 26 个心跳包发送成功
[02:38:18 INF] 【直播间】91164 的第 26 个心跳包发送成功
[02:38:20 INF] 【直播间】7184632 的第 26 个心跳包发送成功
[02:38:21 INF] 【直播间】23447660 的第 26 个心跳包发送成功
[02:38:22 INF] 【直播间】11732699 的第 26 个心跳包发送成功
[02:38:24 INF] 【直播间】929670 的第 26 个心跳包发送成功
[02:39:18 INF] 【直播间】23357926 的第 27 个心跳包发送成功
[02:39:19 INF] 【直播间】23040372 的第 27 个心跳包发送成功
[02:39:20 INF] 【直播间】31494 的第 27 个心跳包发送成功
[02:39:21 INF] 【直播间】4015781 的第 27 个心跳包发送成功
[02:39:23 INF] 【直播间】9619073 的第 27 个心跳包发送成功
[02:39:24 INF] 【直播间】407149 的第 27 个心跳包发送成功
[02:39:25 INF] 【直播间】91164 的第 27 个心跳包发送成功
[02:39:26 INF] 【直播间】7184632 的第 27 个心跳包发送成功
[02:39:28 INF] 【直播间】23447660 的第 27 个心跳包发送成功
[02:39:29 INF] 【直播间】11732699 的第 27 个心跳包发送成功
[02:39:30 INF] 【直播间】929670 的第 27 个心跳包发送成功
[02:40:24 INF] 【直播间】23357926 的第 28 个心跳包发送成功
[02:40:25 INF] 【直播间】23040372 的第 28 个心跳包发送成功
[02:40:27 ERR] 【心跳包】直播间 31494 发送失败
[02:40:27 ERR] 【原因】time check failed
[02:40:28 INF] 【直播间】4015781 的第 28 个心跳包发送成功
[02:40:29 INF] 【直播间】9619073 的第 28 个心跳包发送成功
[02:40:30 INF] 【直播间】407149 的第 28 个心跳包发送成功
[02:40:32 ERR] 【心跳包】直播间 91164 发送失败
[02:40:32 ERR] 【原因】time check failed
[02:40:33 INF] 【直播间】7184632 的第 28 个心跳包发送成功
[02:40:34 INF] 【直播间】23447660 的第 28 个心跳包发送成功
[02:40:35 INF] 【直播间】11732699 的第 28 个心跳包发送成功
[02:40:36 INF] 【直播间】929670 的第 28 个心跳包发送成功
[02:41:31 ERR] 【心跳包】直播间 23357926 发送失败
[02:41:31 ERR] 【原因】time check failed
[02:41:32 ERR] 【心跳包】直播间 23040372 发送失败
[02:41:32 ERR] 【原因】time check failed
[02:41:33 INF] 【直播间】31494 的第 28 个心跳包发送成功
[02:41:34 INF] 【直播间】4015781 的第 29 个心跳包发送成功
[02:41:36 ERR] 【心跳包】直播间 9619073 发送失败
[02:41:36 ERR] 【原因】time check failed
[02:41:37 ERR] 【心跳包】直播间 407149 发送失败
[02:41:37 ERR] 【原因】time check failed
[02:41:38 INF] 【直播间】91164 的第 28 个心跳包发送成功
[02:41:39 INF] 【直播间】7184632 的第 29 个心跳包发送成功
[02:41:41 ERR] 【心跳包】直播间 23447660 发送失败
[02:41:41 ERR] 【原因】time check failed
[02:41:42 ERR] 【心跳包】直播间 11732699 发送失败
[02:41:42 ERR] 【原因】time check failed
[02:41:43 INF] 【直播间】929670 的第 29 个心跳包发送成功
[02:42:37 INF] 【直播间】23357926 的第 29 个心跳包发送成功
[02:42:38 INF] 【直播间】23040372 的第 29 个心跳包发送成功
[02:42:40 INF] 【直播间】31494 的第 29 个心跳包发送成功
[02:42:41 ERR] 【心跳包】直播间 4015781 发送失败
[02:42:41 ERR] 【原因】time check failed
[02:42:42 INF] 【直播间】9619073 的第 29 个心跳包发送成功
[02:42:43 INF] 【直播间】407149 的第 29 个心跳包发送成功
[02:42:44 INF] 【直播间】91164 的第 29 个心跳包发送成功
[02:42:46 ERR] 【心跳包】直播间 7184632 发送失败
[02:42:46 ERR] 【原因】time check failed
[02:42:47 INF] 【直播间】23447660 的第 29 个心跳包发送成功
[02:42:48 INF] 【直播间】11732699 的第 29 个心跳包发送成功
[02:42:49 ERR] 【心跳包】直播间 929670 发送失败
[02:42:49 ERR] 【原因】time check failed
[02:43:43 INF] 【直播间】23357926 的第 30 个心跳包发送成功
[02:43:45 INF] 【直播间】23040372 的第 30 个心跳包发送成功
[02:43:46 INF] 【直播间】31494 的第 30 个心跳包发送成功
[02:43:47 INF] 【直播间】4015781 的第 30 个心跳包发送成功
[02:43:48 INF] 【直播间】9619073 的第 30 个心跳包发送成功
[02:43:49 INF] 【直播间】407149 的第 30 个心跳包发送成功
[02:43:51 INF] 【直播间】91164 的第 30 个心跳包发送成功
[02:43:52 INF] 【直播间】7184632 的第 30 个心跳包发送成功
[02:43:53 INF] 【直播间】23447660 的第 30 个心跳包发送成功
[02:43:54 INF] 【直播间】11732699 的第 30 个心跳包发送成功
[02:43:56 INF] 【直播间】929670 的第 30 个心跳包发送成功
[02:44:50 INF] 【直播间】23357926 的第 31 个心跳包发送成功
[02:44:51 INF] 【直播间】23040372 的第 31 个心跳包发送成功
[02:44:53 INF] 【直播间】31494 的第 31 个心跳包发送成功
[02:44:54 INF] 【直播间】4015781 的第 31 个心跳包发送成功
[02:44:55 INF] 【直播间】9619073 的第 31 个心跳包发送成功
[02:44:56 INF] 【直播间】407149 的第 31 个心跳包发送成功
[02:44:57 INF] 【直播间】91164 的第 31 个心跳包发送成功
[02:44:59 INF] 【直播间】7184632 的第 31 个心跳包发送成功
[02:45:00 INF] 【直播间】23447660 的第 31 个心跳包发送成功
[02:45:01 INF] 【直播间】11732699 的第 31 个心跳包发送成功
[02:45:02 INF] 【直播间】929670 的第 31 个心跳包发送成功
[02:45:56 INF] 【直播间】23357926 的第 32 个心跳包发送成功
[02:45:58 INF] 【直播间】23040372 的第 32 个心跳包发送成功
[02:45:59 INF] 【直播间】31494 的第 32 个心跳包发送成功
[02:46:00 INF] 【直播间】4015781 的第 32 个心跳包发送成功
[02:46:01 INF] 【直播间】9619073 的第 32 个心跳包发送成功
[02:46:03 INF] 【直播间】407149 的第 32 个心跳包发送成功
[02:46:04 INF] 【直播间】91164 的第 32 个心跳包发送成功
[02:46:05 INF] 【直播间】7184632 的第 32 个心跳包发送成功
[02:46:06 INF] 【直播间】23447660 的第 32 个心跳包发送成功
[02:46:08 INF] 【直播间】11732699 的第 32 个心跳包发送成功
[02:46:09 INF] 【直播间】929670 的第 32 个心跳包发送成功
[02:47:03 INF] 【直播间】23357926 的第 33 个心跳包发送成功
[02:47:04 INF] 【直播间】23040372 的第 33 个心跳包发送成功
[02:47:06 INF] 【直播间】31494 的第 33 个心跳包发送成功
[02:47:07 INF] 【直播间】4015781 的第 33 个心跳包发送成功
[02:47:08 INF] 【直播间】9619073 的第 33 个心跳包发送成功
[02:47:09 INF] 【直播间】407149 的第 33 个心跳包发送成功
[02:47:11 INF] 【直播间】91164 的第 33 个心跳包发送成功
[02:47:12 INF] 【直播间】7184632 的第 33 个心跳包发送成功
[02:47:13 INF] 【直播间】23447660 的第 33 个心跳包发送成功
[02:47:14 INF] 【直播间】11732699 的第 33 个心跳包发送成功
[02:47:15 INF] 【直播间】929670 的第 33 个心跳包发送成功
[02:48:10 INF] 【直播间】23357926 的第 34 个心跳包发送成功
[02:48:11 INF] 【直播间】23040372 的第 34 个心跳包发送成功
[02:48:12 INF] 【直播间】31494 的第 34 个心跳包发送成功
[02:48:13 INF] 【直播间】4015781 的第 34 个心跳包发送成功
[02:48:15 INF] 【直播间】9619073 的第 34 个心跳包发送成功
[02:48:16 INF] 【直播间】407149 的第 34 个心跳包发送成功
[02:48:17 INF] 【直播间】91164 的第 34 个心跳包发送成功
[02:48:19 INF] 【直播间】7184632 的第 34 个心跳包发送成功
[02:48:20 INF] 【直播间】23447660 的第 34 个心跳包发送成功
[02:48:21 INF] 【直播间】11732699 的第 34 个心跳包发送成功
[02:48:22 INF] 【直播间】929670 的第 34 个心跳包发送成功
[02:49:16 INF] 【直播间】23357926 的第 35 个心跳包发送成功
[02:49:17 INF] 【直播间】23040372 的第 35 个心跳包发送成功
[02:49:18 INF] 【直播间】31494 的第 35 个心跳包发送成功
[02:49:20 INF] 【直播间】4015781 的第 35 个心跳包发送成功
[02:49:21 INF] 【直播间】9619073 的第 35 个心跳包发送成功
[02:49:22 INF] 【直播间】407149 的第 35 个心跳包发送成功
[02:49:23 INF] 【直播间】91164 的第 35 个心跳包发送成功
[02:49:25 INF] 【直播间】7184632 的第 35 个心跳包发送成功
[02:49:26 INF] 【直播间】23447660 的第 35 个心跳包发送成功
[02:49:27 INF] 【直播间】11732699 的第 35 个心跳包发送成功
[02:49:28 INF] 【直播间】929670 的第 35 个心跳包发送成功
[02:50:23 INF] 【直播间】23357926 的第 36 个心跳包发送成功
[02:50:24 INF] 【直播间】23040372 的第 36 个心跳包发送成功
[02:50:25 INF] 【直播间】31494 的第 36 个心跳包发送成功
[02:50:27 INF] 【直播间】4015781 的第 36 个心跳包发送成功
[02:50:28 INF] 【直播间】9619073 的第 36 个心跳包发送成功
[02:50:29 INF] 【直播间】407149 的第 36 个心跳包发送成功
[02:50:30 INF] 【直播间】91164 的第 36 个心跳包发送成功
[02:50:31 INF] 【直播间】7184632 的第 36 个心跳包发送成功
[02:50:33 INF] 【直播间】23447660 的第 36 个心跳包发送成功
[02:50:34 INF] 【直播间】11732699 的第 36 个心跳包发送成功
[02:50:35 INF] 【直播间】929670 的第 36 个心跳包发送成功
[02:51:29 INF] 【直播间】23357926 的第 37 个心跳包发送成功
[02:51:30 INF] 【直播间】23040372 的第 37 个心跳包发送成功
[02:51:32 INF] 【直播间】31494 的第 37 个心跳包发送成功
[02:51:33 INF] 【直播间】4015781 的第 37 个心跳包发送成功
[02:51:34 INF] 【直播间】9619073 的第 37 个心跳包发送成功
[02:51:35 INF] 【直播间】407149 的第 37 个心跳包发送成功
[02:51:37 INF] 【直播间】91164 的第 37 个心跳包发送成功
[02:51:38 INF] 【直播间】7184632 的第 37 个心跳包发送成功
[02:51:39 INF] 【直播间】23447660 的第 37 个心跳包发送成功
[02:51:40 INF] 【直播间】11732699 的第 37 个心跳包发送成功
[02:51:41 INF] 【直播间】929670 的第 37 个心跳包发送成功
[02:52:35 INF] 【直播间】23357926 的第 38 个心跳包发送成功
[02:52:37 INF] 【直播间】23040372 的第 38 个心跳包发送成功
[02:52:38 INF] 【直播间】31494 的第 38 个心跳包发送成功
[02:52:39 INF] 【直播间】4015781 的第 38 个心跳包发送成功
[02:52:40 INF] 【直播间】9619073 的第 38 个心跳包发送成功
[02:52:42 INF] 【直播间】407149 的第 38 个心跳包发送成功
[02:52:43 INF] 【直播间】91164 的第 38 个心跳包发送成功
[02:52:44 INF] 【直播间】7184632 的第 38 个心跳包发送成功
[02:52:45 INF] 【直播间】23447660 的第 38 个心跳包发送成功
[02:52:47 INF] 【直播间】11732699 的第 38 个心跳包发送成功
[02:52:48 INF] 【直播间】929670 的第 38 个心跳包发送成功
[02:53:42 INF] 【直播间】23357926 的第 39 个心跳包发送成功
[02:53:43 INF] 【直播间】23040372 的第 39 个心跳包发送成功
[02:53:44 INF] 【直播间】31494 的第 39 个心跳包发送成功
[02:53:46 INF] 【直播间】4015781 的第 39 个心跳包发送成功
[02:53:47 INF] 【直播间】9619073 的第 39 个心跳包发送成功
[02:53:48 INF] 【直播间】407149 的第 39 个心跳包发送成功
[02:53:49 INF] 【直播间】91164 的第 39 个心跳包发送成功
[02:53:51 INF] 【直播间】7184632 的第 39 个心跳包发送成功
[02:53:52 INF] 【直播间】23447660 的第 39 个心跳包发送成功
[02:53:53 INF] 【直播间】11732699 的第 39 个心跳包发送成功
[02:53:55 INF] 【直播间】929670 的第 39 个心跳包发送成功
[02:54:48 INF] 【直播间】23357926 的第 40 个心跳包发送成功
[02:54:49 INF] 【直播间】23040372 的第 40 个心跳包发送成功
[02:54:51 INF] 【直播间】31494 的第 40 个心跳包发送成功
[02:54:52 INF] 【直播间】4015781 的第 40 个心跳包发送成功
[02:54:53 INF] 【直播间】9619073 的第 40 个心跳包发送成功
[02:54:54 INF] 【直播间】407149 的第 40 个心跳包发送成功
[02:54:56 INF] 【直播间】91164 的第 40 个心跳包发送成功
[02:54:57 INF] 【直播间】7184632 的第 40 个心跳包发送成功
[02:54:58 INF] 【直播间】23447660 的第 40 个心跳包发送成功
[02:54:59 INF] 【直播间】11732699 的第 40 个心跳包发送成功
[02:55:01 INF] 【直播间】929670 的第 40 个心跳包发送成功
[02:55:55 INF] 【直播间】23357926 的第 41 个心跳包发送成功
[02:55:56 INF] 【直播间】23040372 的第 41 个心跳包发送成功
[02:55:57 INF] 【直播间】31494 的第 41 个心跳包发送成功
[02:55:58 INF] 【直播间】4015781 的第 41 个心跳包发送成功
[02:56:00 INF] 【直播间】9619073 的第 41 个心跳包发送成功
[02:56:01 INF] 【直播间】407149 的第 41 个心跳包发送成功
[02:56:02 INF] 【直播间】91164 的第 41 个心跳包发送成功
[02:56:03 INF] 【直播间】7184632 的第 41 个心跳包发送成功
[02:56:04 INF] 【直播间】23447660 的第 41 个心跳包发送成功
[02:56:06 INF] 【直播间】11732699 的第 41 个心跳包发送成功
[02:56:07 INF] 【直播间】929670 的第 41 个心跳包发送成功
[02:57:01 INF] 【直播间】23357926 的第 42 个心跳包发送成功
[02:57:02 INF] 【直播间】23040372 的第 42 个心跳包发送成功
[02:57:04 ERR] 【心跳包】直播间 31494 发送失败
[02:57:04 ERR] 【原因】time check failed
[02:57:05 INF] 【直播间】4015781 的第 42 个心跳包发送成功
[02:57:06 ERR] 【心跳包】直播间 9619073 发送失败
[02:57:06 ERR] 【原因】time check failed
[02:57:07 INF] 【直播间】407149 的第 42 个心跳包发送成功
[02:57:09 ERR] 【心跳包】直播间 91164 发送失败
[02:57:09 ERR] 【原因】time check failed
[02:57:10 INF] 【直播间】7184632 的第 42 个心跳包发送成功
[02:57:11 INF] 【直播间】23447660 的第 42 个心跳包发送成功
[02:57:12 INF] 【直播间】11732699 的第 42 个心跳包发送成功
[02:57:13 INF] 【直播间】929670 的第 42 个心跳包发送成功
[02:58:08 ERR] 【心跳包】直播间 23357926 发送失败
[02:58:08 ERR] 【原因】time check failed
[02:58:09 ERR] 【心跳包】直播间 23040372 发送失败
[02:58:09 ERR] 【原因】time check failed
[02:58:10 INF] 【直播间】31494 的第 42 个心跳包发送成功
[02:58:11 INF] 【直播间】4015781 的第 43 个心跳包发送成功
[02:58:13 INF] 【直播间】9619073 的第 42 个心跳包发送成功
[02:58:14 ERR] 【心跳包】直播间 407149 发送失败
[02:58:14 ERR] 【原因】time check failed
[02:58:15 INF] 【直播间】91164 的第 42 个心跳包发送成功
[02:58:16 ERR] 【心跳包】直播间 7184632 发送失败
[02:58:16 ERR] 【原因】time check failed
[02:58:18 ERR] 【心跳包】直播间 23447660 发送失败
[02:58:18 ERR] 【原因】time check failed
[02:58:19 ERR] 【心跳包】直播间 11732699 发送失败
[02:58:19 ERR] 【原因】time check failed
[02:58:20 ERR] 【心跳包】直播间 929670 发送失败
[02:58:20 ERR] 【原因】time check failed
[02:59:14 INF] 【直播间】23357926 的第 43 个心跳包发送成功
[02:59:15 INF] 【直播间】23040372 的第 43 个心跳包发送成功
[02:59:16 INF] 【直播间】31494 的第 43 个心跳包发送成功
[02:59:18 ERR] 【心跳包】直播间 4015781 发送失败
[02:59:18 ERR] 【原因】time check failed
[02:59:19 INF] 【直播间】9619073 的第 43 个心跳包发送成功
[02:59:20 INF] 【直播间】407149 的第 43 个心跳包发送成功
[02:59:22 INF] 【直播间】91164 的第 43 个心跳包发送成功
[02:59:23 INF] 【直播间】7184632 的第 43 个心跳包发送成功
[02:59:24 INF] 【直播间】23447660 的第 43 个心跳包发送成功
[02:59:25 INF] 【直播间】11732699 的第 43 个心跳包发送成功
[02:59:26 INF] 【直播间】929670 的第 43 个心跳包发送成功
[03:00:20 INF] 【直播间】23357926 的第 44 个心跳包发送成功
[03:00:21 INF] 【直播间】23040372 的第 44 个心跳包发送成功
[03:00:23 INF] 【直播间】31494 的第 44 个心跳包发送成功
[03:00:24 INF] 【直播间】4015781 的第 44 个心跳包发送成功
[03:00:25 INF] 【直播间】9619073 的第 44 个心跳包发送成功
[03:00:27 INF] 【直播间】407149 的第 44 个心跳包发送成功
[03:00:28 INF] 【直播间】91164 的第 44 个心跳包发送成功
[03:00:29 INF] 【直播间】7184632 的第 44 个心跳包发送成功
[03:00:30 INF] 【直播间】23447660 的第 44 个心跳包发送成功
[03:00:32 INF] 【直播间】11732699 的第 44 个心跳包发送成功
[03:00:33 INF] 【直播间】929670 的第 44 个心跳包发送成功
[03:01:27 INF] 【直播间】23357926 的第 45 个心跳包发送成功
[03:01:28 INF] 【直播间】23040372 的第 45 个心跳包发送成功
[03:01:29 INF] 【直播间】31494 的第 45 个心跳包发送成功
[03:01:30 INF] 【直播间】4015781 的第 45 个心跳包发送成功
[03:01:32 INF] 【直播间】9619073 的第 45 个心跳包发送成功
[03:01:33 INF] 【直播间】407149 的第 45 个心跳包发送成功
[03:01:34 INF] 【直播间】91164 的第 45 个心跳包发送成功
[03:01:35 INF] 【直播间】7184632 的第 45 个心跳包发送成功
[03:01:37 INF] 【直播间】23447660 的第 45 个心跳包发送成功
[03:01:38 INF] 【直播间】11732699 的第 45 个心跳包发送成功
[03:01:39 INF] 【直播间】929670 的第 45 个心跳包发送成功
[03:02:33 INF] 【直播间】23357926 的第 46 个心跳包发送成功
[03:02:34 INF] 【直播间】23040372 的第 46 个心跳包发送成功
[03:02:36 INF] 【直播间】31494 的第 46 个心跳包发送成功
[03:02:37 INF] 【直播间】4015781 的第 46 个心跳包发送成功
[03:02:38 INF] 【直播间】9619073 的第 46 个心跳包发送成功
[03:02:39 INF] 【直播间】407149 的第 46 个心跳包发送成功
[03:02:40 INF] 【直播间】91164 的第 46 个心跳包发送成功
[03:02:42 INF] 【直播间】7184632 的第 46 个心跳包发送成功
[03:02:43 INF] 【直播间】23447660 的第 46 个心跳包发送成功
[03:02:44 INF] 【直播间】11732699 的第 46 个心跳包发送成功
[03:02:45 INF] 【直播间】929670 的第 46 个心跳包发送成功
[03:03:40 INF] 【直播间】23357926 的第 47 个心跳包发送成功
[03:03:41 INF] 【直播间】23040372 的第 47 个心跳包发送成功
[03:03:42 INF] 【直播间】31494 的第 47 个心跳包发送成功
[03:03:43 INF] 【直播间】4015781 的第 47 个心跳包发送成功
[03:03:44 INF] 【直播间】9619073 的第 47 个心跳包发送成功
[03:03:46 INF] 【直播间】407149 的第 47 个心跳包发送成功
[03:03:47 INF] 【直播间】91164 的第 47 个心跳包发送成功
[03:03:48 INF] 【直播间】7184632 的第 47 个心跳包发送成功
[03:03:49 INF] 【直播间】23447660 的第 47 个心跳包发送成功
[03:03:51 INF] 【直播间】11732699 的第 47 个心跳包发送成功
[03:03:52 INF] 【直播间】929670 的第 47 个心跳包发送成功
[03:04:46 INF] 【直播间】23357926 的第 48 个心跳包发送成功
[03:04:47 INF] 【直播间】23040372 的第 48 个心跳包发送成功
[03:04:48 INF] 【直播间】31494 的第 48 个心跳包发送成功
[03:04:50 INF] 【直播间】4015781 的第 48 个心跳包发送成功
[03:04:51 INF] 【直播间】9619073 的第 48 个心跳包发送成功
[03:04:52 INF] 【直播间】407149 的第 48 个心跳包发送成功
[03:04:53 INF] 【直播间】91164 的第 48 个心跳包发送成功
[03:04:55 INF] 【直播间】7184632 的第 48 个心跳包发送成功
[03:04:56 INF] 【直播间】23447660 的第 48 个心跳包发送成功
[03:04:57 INF] 【直播间】11732699 的第 48 个心跳包发送成功
[03:04:58 INF] 【直播间】929670 的第 48 个心跳包发送成功
[03:05:52 INF] 【直播间】23357926 的第 49 个心跳包发送成功
[03:05:54 INF] 【直播间】23040372 的第 49 个心跳包发送成功
[03:05:55 INF] 【直播间】31494 的第 49 个心跳包发送成功
[03:05:56 INF] 【直播间】4015781 的第 49 个心跳包发送成功
[03:05:57 INF] 【直播间】9619073 的第 49 个心跳包发送成功
[03:05:58 INF] 【直播间】407149 的第 49 个心跳包发送成功
[03:06:00 INF] 【直播间】91164 的第 49 个心跳包发送成功
[03:06:01 INF] 【直播间】7184632 的第 49 个心跳包发送成功
[03:06:02 INF] 【直播间】23447660 的第 49 个心跳包发送成功
[03:06:03 INF] 【直播间】11732699 的第 49 个心跳包发送成功
[03:06:05 INF] 【直播间】929670 的第 49 个心跳包发送成功
[03:06:59 INF] 【直播间】23357926 的第 50 个心跳包发送成功
[03:07:00 INF] 【直播间】23040372 的第 50 个心跳包发送成功
[03:07:02 INF] 【直播间】31494 的第 50 个心跳包发送成功
[03:07:03 INF] 【直播间】4015781 的第 50 个心跳包发送成功
[03:07:04 INF] 【直播间】9619073 的第 50 个心跳包发送成功
[03:07:05 INF] 【直播间】407149 的第 50 个心跳包发送成功
[03:07:06 INF] 【直播间】91164 的第 50 个心跳包发送成功
[03:07:08 INF] 【直播间】7184632 的第 50 个心跳包发送成功
[03:07:09 INF] 【直播间】23447660 的第 50 个心跳包发送成功
[03:07:10 INF] 【直播间】11732699 的第 50 个心跳包发送成功
[03:07:11 INF] 【直播间】929670 的第 50 个心跳包发送成功
[03:08:05 INF] 【直播间】23357926 的第 51 个心跳包发送成功
[03:08:07 INF] 【直播间】23040372 的第 51 个心跳包发送成功
[03:08:08 INF] 【直播间】31494 的第 51 个心跳包发送成功
[03:08:09 INF] 【直播间】4015781 的第 51 个心跳包发送成功
[03:08:10 INF] 【直播间】9619073 的第 51 个心跳包发送成功
[03:08:11 INF] 【直播间】407149 的第 51 个心跳包发送成功
[03:08:13 INF] 【直播间】91164 的第 51 个心跳包发送成功
[03:08:14 INF] 【直播间】7184632 的第 51 个心跳包发送成功
[03:08:15 INF] 【直播间】23447660 的第 51 个心跳包发送成功
[03:08:16 INF] 【直播间】11732699 的第 51 个心跳包发送成功
[03:08:17 INF] 【直播间】929670 的第 51 个心跳包发送成功
[03:09:12 INF] 【直播间】23357926 的第 52 个心跳包发送成功
[03:09:13 INF] 【直播间】23040372 的第 52 个心跳包发送成功
[03:09:15 INF] 【直播间】31494 的第 52 个心跳包发送成功
[03:09:16 INF] 【直播间】4015781 的第 52 个心跳包发送成功
[03:09:17 INF] 【直播间】9619073 的第 52 个心跳包发送成功
[03:09:18 INF] 【直播间】407149 的第 52 个心跳包发送成功
[03:09:19 INF] 【直播间】91164 的第 52 个心跳包发送成功
[03:09:21 INF] 【直播间】7184632 的第 52 个心跳包发送成功
[03:09:22 INF] 【直播间】23447660 的第 52 个心跳包发送成功
[03:09:23 INF] 【直播间】11732699 的第 52 个心跳包发送成功
[03:09:24 INF] 【直播间】929670 的第 52 个心跳包发送成功
[03:10:18 INF] 【直播间】23357926 的第 53 个心跳包发送成功
[03:10:20 INF] 【直播间】23040372 的第 53 个心跳包发送成功
[03:10:21 INF] 【直播间】31494 的第 53 个心跳包发送成功
[03:10:22 INF] 【直播间】4015781 的第 53 个心跳包发送成功
[03:10:23 INF] 【直播间】9619073 的第 53 个心跳包发送成功
[03:10:24 INF] 【直播间】407149 的第 53 个心跳包发送成功
[03:10:26 INF] 【直播间】91164 的第 53 个心跳包发送成功
[03:10:27 INF] 【直播间】7184632 的第 53 个心跳包发送成功
[03:10:28 INF] 【直播间】23447660 的第 53 个心跳包发送成功
[03:10:29 INF] 【直播间】11732699 的第 53 个心跳包发送成功
[03:10:31 INF] 【直播间】929670 的第 53 个心跳包发送成功
[03:11:25 INF] 【直播间】23357926 的第 54 个心跳包发送成功
[03:11:26 INF] 【直播间】23040372 的第 54 个心跳包发送成功
[03:11:27 INF] 【直播间】31494 的第 54 个心跳包发送成功
[03:11:28 INF] 【直播间】4015781 的第 54 个心跳包发送成功
[03:11:29 INF] 【直播间】9619073 的第 54 个心跳包发送成功
[03:11:31 INF] 【直播间】407149 的第 54 个心跳包发送成功
[03:11:32 INF] 【直播间】91164 的第 54 个心跳包发送成功
[03:11:33 INF] 【直播间】7184632 的第 54 个心跳包发送成功
[03:11:34 INF] 【直播间】23447660 的第 54 个心跳包发送成功
[03:11:36 INF] 【直播间】11732699 的第 54 个心跳包发送成功
[03:11:37 INF] 【直播间】929670 的第 54 个心跳包发送成功
[03:12:31 INF] 【直播间】23357926 的第 55 个心跳包发送成功
[03:12:32 INF] 【直播间】23040372 的第 55 个心跳包发送成功
[03:12:34 INF] 【直播间】31494 的第 55 个心跳包发送成功
[03:12:35 INF] 【直播间】4015781 的第 55 个心跳包发送成功
[03:12:36 INF] 【直播间】9619073 的第 55 个心跳包发送成功
[03:12:37 INF] 【直播间】407149 的第 55 个心跳包发送成功
[03:12:39 INF] 【直播间】91164 的第 55 个心跳包发送成功
[03:12:40 INF] 【直播间】7184632 的第 55 个心跳包发送成功
[03:12:41 INF] 【直播间】23447660 的第 55 个心跳包发送成功
[03:12:42 INF] 【直播间】11732699 的第 55 个心跳包发送成功
[03:12:43 INF] 【直播间】929670 的第 55 个心跳包发送成功
[03:13:38 INF] 【直播间】23357926 的第 56 个心跳包发送成功
[03:13:39 INF] 【直播间】23040372 的第 56 个心跳包发送成功
[03:13:40 ERR] 【心跳包】直播间 31494 发送失败
[03:13:40 ERR] 【原因】time check failed
[03:13:41 INF] 【直播间】4015781 的第 56 个心跳包发送成功
[03:13:42 ERR] 【心跳包】直播间 9619073 发送失败
[03:13:42 ERR] 【原因】time check failed
[03:13:44 INF] 【直播间】407149 的第 56 个心跳包发送成功
[03:13:45 ERR] 【心跳包】直播间 91164 发送失败
[03:13:45 ERR] 【原因】time check failed
[03:13:46 INF] 【直播间】7184632 的第 56 个心跳包发送成功
[03:13:48 INF] 【直播间】23447660 的第 56 个心跳包发送成功
[03:13:49 INF] 【直播间】11732699 的第 56 个心跳包发送成功
[03:13:50 INF] 【直播间】929670 的第 56 个心跳包发送成功
[03:14:44 ERR] 【心跳包】直播间 23357926 发送失败
[03:14:44 ERR] 【原因】time check failed
[03:14:45 ERR] 【心跳包】直播间 23040372 发送失败
[03:14:45 ERR] 【原因】time check failed
[03:14:46 INF] 【直播间】31494 的第 56 个心跳包发送成功
[03:14:48 INF] 【直播间】4015781 的第 57 个心跳包发送成功
[03:14:49 INF] 【直播间】9619073 的第 56 个心跳包发送成功
[03:14:50 ERR] 【心跳包】直播间 407149 发送失败
[03:14:50 ERR] 【原因】time check failed
[03:14:51 INF] 【直播间】91164 的第 56 个心跳包发送成功
[03:14:53 ERR] 【心跳包】直播间 7184632 发送失败
[03:14:53 ERR] 【原因】time check failed
[03:14:54 ERR] 【心跳包】直播间 23447660 发送失败
[03:14:54 ERR] 【原因】time check failed
[03:14:55 ERR] 【心跳包】直播间 11732699 发送失败
[03:14:55 ERR] 【原因】time check failed
[03:14:57 ERR] 【心跳包】直播间 929670 发送失败
[03:14:57 ERR] 【原因】time check failed
[03:15:51 INF] 【直播间】23357926 的第 57 个心跳包发送成功
[03:15:52 INF] 【直播间】23040372 的第 57 个心跳包发送成功
[03:15:53 INF] 【直播间】31494 的第 57 个心跳包发送成功
[03:15:54 ERR] 【心跳包】直播间 4015781 发送失败
[03:15:54 ERR] 【原因】time check failed
[03:15:56 INF] 【直播间】9619073 的第 57 个心跳包发送成功
[03:15:57 INF] 【直播间】407149 的第 57 个心跳包发送成功
[03:15:58 INF] 【直播间】91164 的第 57 个心跳包发送成功
[03:15:59 INF] 【直播间】7184632 的第 57 个心跳包发送成功
[03:16:01 INF] 【直播间】23447660 的第 57 个心跳包发送成功
[03:16:02 INF] 【直播间】11732699 的第 57 个心跳包发送成功
[03:16:03 INF] 【直播间】929670 的第 57 个心跳包发送成功
[03:16:57 INF] 【直播间】23357926 的第 58 个心跳包发送成功
[03:16:58 INF] 【直播间】23040372 的第 58 个心跳包发送成功
[03:16:59 INF] 【直播间】31494 的第 58 个心跳包发送成功
[03:17:01 INF] 【直播间】4015781 的第 58 个心跳包发送成功
[03:17:02 INF] 【直播间】9619073 的第 58 个心跳包发送成功
[03:17:03 INF] 【直播间】407149 的第 58 个心跳包发送成功
[03:17:04 INF] 【直播间】91164 的第 58 个心跳包发送成功
[03:17:06 INF] 【直播间】7184632 的第 58 个心跳包发送成功
[03:17:07 INF] 【直播间】23447660 的第 58 个心跳包发送成功
[03:17:08 INF] 【直播间】11732699 的第 58 个心跳包发送成功
[03:17:09 INF] 【直播间】929670 的第 58 个心跳包发送成功
[03:18:04 INF] 【直播间】23357926 的第 59 个心跳包发送成功
[03:18:05 INF] 【直播间】23040372 的第 59 个心跳包发送成功
[03:18:06 INF] 【直播间】31494 的第 59 个心跳包发送成功
[03:18:07 INF] 【直播间】4015781 的第 59 个心跳包发送成功
[03:18:09 INF] 【直播间】9619073 的第 59 个心跳包发送成功
[03:18:10 INF] 【直播间】407149 的第 59 个心跳包发送成功
[03:18:11 INF] 【直播间】91164 的第 59 个心跳包发送成功
[03:18:12 INF] 【直播间】7184632 的第 59 个心跳包发送成功
[03:18:13 INF] 【直播间】23447660 的第 59 个心跳包发送成功
[03:18:15 INF] 【直播间】11732699 的第 59 个心跳包发送成功
[03:18:16 INF] 【直播间】929670 的第 59 个心跳包发送成功
[03:19:10 INF] 【直播间】23357926 的第 60 个心跳包发送成功
[03:19:11 INF] 【直播间】23040372 的第 60 个心跳包发送成功
[03:19:12 INF] 【直播间】31494 的第 60 个心跳包发送成功
[03:19:14 INF] 【直播间】4015781 的第 60 个心跳包发送成功
[03:19:15 INF] 【直播间】9619073 的第 60 个心跳包发送成功
[03:19:16 INF] 【直播间】407149 的第 60 个心跳包发送成功
[03:19:17 INF] 【直播间】91164 的第 60 个心跳包发送成功
[03:19:19 INF] 【直播间】7184632 的第 60 个心跳包发送成功
[03:19:20 INF] 【直播间】23447660 的第 60 个心跳包发送成功
[03:19:21 INF] 【直播间】11732699 的第 60 个心跳包发送成功
[03:19:22 INF] 【直播间】929670 的第 60 个心跳包发送成功
[03:20:16 INF] 【直播间】23357926 的第 61 个心跳包发送成功
[03:20:18 INF] 【直播间】23040372 的第 61 个心跳包发送成功
[03:20:19 INF] 【直播间】31494 的第 61 个心跳包发送成功
[03:20:20 INF] 【直播间】4015781 的第 61 个心跳包发送成功
[03:20:21 INF] 【直播间】9619073 的第 61 个心跳包发送成功
[03:20:23 INF] 【直播间】407149 的第 61 个心跳包发送成功
[03:20:24 INF] 【直播间】91164 的第 61 个心跳包发送成功
[03:20:25 INF] 【直播间】7184632 的第 61 个心跳包发送成功
[03:20:26 INF] 【直播间】23447660 的第 61 个心跳包发送成功
[03:20:27 INF] 【直播间】11732699 的第 61 个心跳包发送成功
[03:20:29 INF] 【直播间】929670 的第 61 个心跳包发送成功
[03:21:23 INF] 【直播间】23357926 的第 62 个心跳包发送成功
[03:21:24 INF] 【直播间】23040372 的第 62 个心跳包发送成功
[03:21:25 INF] 【直播间】31494 的第 62 个心跳包发送成功
[03:21:26 INF] 【直播间】4015781 的第 62 个心跳包发送成功
[03:21:28 INF] 【直播间】9619073 的第 62 个心跳包发送成功
[03:21:29 INF] 【直播间】407149 的第 62 个心跳包发送成功
[03:21:30 INF] 【直播间】91164 的第 62 个心跳包发送成功
[03:21:31 INF] 【直播间】7184632 的第 62 个心跳包发送成功
[03:21:32 INF] 【直播间】23447660 的第 62 个心跳包发送成功
[03:21:34 INF] 【直播间】11732699 的第 62 个心跳包发送成功
[03:21:35 INF] 【直播间】929670 的第 62 个心跳包发送成功
[03:22:29 INF] 【直播间】23357926 的第 63 个心跳包发送成功
[03:22:30 INF] 【直播间】23040372 的第 63 个心跳包发送成功
[03:22:32 INF] 【直播间】31494 的第 63 个心跳包发送成功
[03:22:33 INF] 【直播间】4015781 的第 63 个心跳包发送成功
[03:22:34 INF] 【直播间】9619073 的第 63 个心跳包发送成功
[03:22:35 INF] 【直播间】407149 的第 63 个心跳包发送成功
[03:22:37 INF] 【直播间】91164 的第 63 个心跳包发送成功
[03:22:38 INF] 【直播间】7184632 的第 63 个心跳包发送成功
[03:22:39 INF] 【直播间】23447660 的第 63 个心跳包发送成功
[03:22:40 INF] 【直播间】11732699 的第 63 个心跳包发送成功
[03:22:41 INF] 【直播间】929670 的第 63 个心跳包发送成功
[03:23:36 INF] 【直播间】23357926 的第 64 个心跳包发送成功
[03:23:37 INF] 【直播间】23040372 的第 64 个心跳包发送成功
[03:23:38 INF] 【直播间】31494 的第 64 个心跳包发送成功
[03:23:39 INF] 【直播间】4015781 的第 64 个心跳包发送成功
[03:23:41 INF] 【直播间】9619073 的第 64 个心跳包发送成功
[03:23:42 INF] 【直播间】407149 的第 64 个心跳包发送成功
[03:23:43 INF] 【直播间】91164 的第 64 个心跳包发送成功
[03:23:44 INF] 【直播间】7184632 的第 64 个心跳包发送成功
[03:23:45 INF] 【直播间】23447660 的第 64 个心跳包发送成功
[03:23:47 INF] 【直播间】11732699 的第 64 个心跳包发送成功
[03:23:48 INF] 【直播间】929670 的第 64 个心跳包发送成功
[03:24:42 INF] 【直播间】23357926 的第 65 个心跳包发送成功
[03:24:43 INF] 【直播间】23040372 的第 65 个心跳包发送成功
[03:24:45 INF] 【直播间】31494 的第 65 个心跳包发送成功
[03:24:46 INF] 【直播间】4015781 的第 65 个心跳包发送成功
[03:24:47 INF] 【直播间】9619073 的第 65 个心跳包发送成功
[03:24:48 INF] 【直播间】407149 的第 65 个心跳包发送成功
[03:24:50 INF] 【直播间】91164 的第 65 个心跳包发送成功
[03:24:51 INF] 【直播间】7184632 的第 65 个心跳包发送成功
[03:24:52 INF] 【直播间】23447660 的第 65 个心跳包发送成功
[03:24:53 INF] 【直播间】11732699 的第 65 个心跳包发送成功
[03:24:54 INF] 【直播间】929670 的第 65 个心跳包发送成功
[03:25:48 INF] 【直播间】23357926 的第 66 个心跳包发送成功
[03:25:50 INF] 【直播间】23040372 的第 66 个心跳包发送成功
[03:25:51 INF] 【直播间】31494 的第 66 个心跳包发送成功
[03:25:52 INF] 【直播间】4015781 的第 66 个心跳包发送成功
[03:25:53 INF] 【直播间】9619073 的第 66 个心跳包发送成功
[03:25:55 INF] 【直播间】407149 的第 66 个心跳包发送成功
[03:25:56 INF] 【直播间】91164 的第 66 个心跳包发送成功
[03:25:57 INF] 【直播间】7184632 的第 66 个心跳包发送成功
[03:25:58 INF] 【直播间】23447660 的第 66 个心跳包发送成功
[03:25:59 INF] 【直播间】11732699 的第 66 个心跳包发送成功
[03:26:01 INF] 【直播间】929670 的第 66 个心跳包发送成功
[03:26:55 INF] 【直播间】23357926 的第 67 个心跳包发送成功
[03:26:56 INF] 【直播间】23040372 的第 67 个心跳包发送成功
[03:26:57 INF] 【直播间】31494 的第 67 个心跳包发送成功
[03:26:58 INF] 【直播间】4015781 的第 67 个心跳包发送成功
[03:27:00 INF] 【直播间】9619073 的第 67 个心跳包发送成功
[03:27:01 INF] 【直播间】407149 的第 67 个心跳包发送成功
[03:27:02 INF] 【直播间】91164 的第 67 个心跳包发送成功
[03:27:03 INF] 【直播间】7184632 的第 67 个心跳包发送成功
[03:27:04 INF] 【直播间】23447660 的第 67 个心跳包发送成功
[03:27:06 INF] 【直播间】11732699 的第 67 个心跳包发送成功
[03:27:07 INF] 【直播间】929670 的第 67 个心跳包发送成功
[03:28:01 INF] 【直播间】23357926 的第 68 个心跳包发送成功
[03:28:02 INF] 【直播间】23040372 的第 68 个心跳包发送成功
[03:28:04 INF] 【直播间】31494 的第 68 个心跳包发送成功
[03:28:05 INF] 【直播间】4015781 的第 68 个心跳包发送成功
[03:28:06 INF] 【直播间】9619073 的第 68 个心跳包发送成功
[03:28:07 INF] 【直播间】407149 的第 68 个心跳包发送成功
[03:28:08 INF] 【直播间】91164 的第 68 个心跳包发送成功
[03:28:10 INF] 【直播间】7184632 的第 68 个心跳包发送成功
[03:28:11 INF] 【直播间】23447660 的第 68 个心跳包发送成功
[03:28:12 INF] 【直播间】11732699 的第 68 个心跳包发送成功
[03:28:13 INF] 【直播间】929670 的第 68 个心跳包发送成功
[03:29:08 INF] 【直播间】23357926 的第 69 个心跳包发送成功
[03:29:09 INF] 【直播间】23040372 的第 69 个心跳包发送成功
[03:29:11 INF] 【直播间】31494 的第 69 个心跳包发送成功
[03:29:12 INF] 【直播间】4015781 的第 69 个心跳包发送成功
[03:29:13 ERR] 【心跳包】直播间 9619073 发送失败
[03:29:13 ERR] 【原因】time check failed
[03:29:14 INF] 【直播间】407149 的第 69 个心跳包发送成功
[03:29:16 ERR] 【心跳包】直播间 91164 发送失败
[03:29:16 ERR] 【原因】time check failed
[03:29:17 INF] 【直播间】7184632 的第 69 个心跳包发送成功
[03:29:18 INF] 【直播间】23447660 的第 69 个心跳包发送成功
[03:29:19 INF] 【直播间】11732699 的第 69 个心跳包发送成功
[03:29:21 INF] 【直播间】929670 的第 69 个心跳包发送成功
[03:30:14 INF] 【直播间】23357926 的第 70 个心跳包发送成功
[03:30:16 INF] 【直播间】23040372 的第 70 个心跳包发送成功
[03:30:17 ERR] 【心跳包】直播间 31494 发送失败
[03:30:17 ERR] 【原因】time check failed
[03:30:18 INF] 【直播间】4015781 的第 70 个心跳包发送成功
[03:30:19 INF] 【直播间】9619073 的第 69 个心跳包发送成功
[03:30:21 ERR] 【心跳包】直播间 407149 发送失败
[03:30:21 ERR] 【原因】time check failed
[03:30:22 INF] 【直播间】91164 的第 69 个心跳包发送成功
[03:30:23 INF] 【直播间】7184632 的第 70 个心跳包发送成功
[03:30:24 INF] 【直播间】23447660 的第 70 个心跳包发送成功
[03:30:26 ERR] 【心跳包】直播间 11732699 发送失败
[03:30:26 ERR] 【原因】time check failed
[03:30:27 ERR] 【心跳包】直播间 929670 发送失败
[03:30:27 ERR] 【原因】time check failed
[03:31:21 ERR] 【心跳包】直播间 23357926 发送失败
[03:31:21 ERR] 【原因】time check failed
[03:31:22 ERR] 【心跳包】直播间 23040372 发送失败
[03:31:22 ERR] 【原因】time check failed
[03:31:23 INF] 【直播间】31494 的第 70 个心跳包发送成功
[03:31:24 INF] 【直播间】4015781 的第 71 个心跳包发送成功
[03:31:26 INF] 【直播间】9619073 的第 70 个心跳包发送成功
[03:31:27 INF] 【直播间】407149 的第 70 个心跳包发送成功
[03:31:28 INF] 【直播间】91164 的第 70 个心跳包发送成功
[03:31:29 ERR] 【心跳包】直播间 7184632 发送失败
[03:31:29 ERR] 【原因】time check failed
[03:31:31 ERR] 【心跳包】直播间 23447660 发送失败
[03:31:31 ERR] 【原因】time check failed
[03:31:32 INF] 【直播间】11732699 的第 70 个心跳包发送成功
[03:31:33 INF] 【直播间】929670 的第 70 个心跳包发送成功
[03:31:33 INF] 【直播观看时长】完成情况：11/11 
[03:31:33 INF] ---------结束---------

[03:31:33 INF] ==========结束==========

[03:31:33 INF] ######### 账号 3 #########

[03:31:33 INF] =====开始 直播间互动 =====

[03:31:33 INF] ---开始 发送弹幕 ---
[03:31:33 INF] 检测到直播 Cookie 未正确配置，尝试自动配置中...
[03:31:40 INF] 直播 Cookie 配置成功！
[03:31:40 INF] 【获取直播列表】获取拥有粉丝牌的直播列表
[03:31:46 INF] 【主播】苏打baka 
[03:32:01 INF] 【直播间】苏打baka
[03:32:01 INF] 【粉丝牌】碳酸钠
[03:32:01 INF] 正在发送弹幕...
[03:32:06 INF] -------结束-------

[03:32:06 INF] ---开始 点赞直播间 ---
[03:32:06 INF] 【获取直播列表】获取拥有粉丝牌的直播列表
[03:32:11 INF] 【主播】苏打baka 
[03:32:19 INF] 【弹幕发送】成功~，你和主播 苏打baka 的亲密值增加了100！
[03:32:33 INF] --------结束--------

[03:32:33 INF] ---开始 直播时长挂机 ---
[03:32:33 INF] 【获取直播列表】获取拥有粉丝牌的直播列表
[03:32:33 INF] 【点赞直播间】23040372 完成
[03:32:39 INF] 【主播】苏打baka 
[03:32:59 INF] 【直播间】23040372 的第 1 个心跳包发送成功
[03:34:06 INF] 【直播间】23040372 的第 2 个心跳包发送成功
[03:35:12 INF] 【直播间】23040372 的第 3 个心跳包发送成功
[03:36:19 INF] 【直播间】23040372 的第 4 个心跳包发送成功
[03:37:25 INF] 【直播间】23040372 的第 5 个心跳包发送成功
[03:38:32 INF] 【直播间】23040372 的第 6 个心跳包发送成功
[03:39:38 INF] 【直播间】23040372 的第 7 个心跳包发送成功
[03:40:45 INF] 【直播间】23040372 的第 8 个心跳包发送成功
[03:41:51 INF] 【直播间】23040372 的第 9 个心跳包发送成功
[03:42:57 INF] 【直播间】23040372 的第 10 个心跳包发送成功
[03:44:04 INF] 【直播间】23040372 的第 11 个心跳包发送成功
[03:45:10 INF] 【直播间】23040372 的第 12 个心跳包发送成功
[03:46:17 INF] 【直播间】23040372 的第 13 个心跳包发送成功
[03:47:23 INF] 【直播间】23040372 的第 14 个心跳包发送成功
[03:48:30 ERR] 【心跳包】直播间 23040372 发送失败
[03:48:30 ERR] 【原因】time check failed
[03:49:36 INF] 【直播间】23040372 的第 15 个心跳包发送成功
[03:50:42 INF] 【直播间】23040372 的第 16 个心跳包发送成功
[03:51:49 INF] 【直播间】23040372 的第 17 个心跳包发送成功
[03:52:55 INF] 【直播间】23040372 的第 18 个心跳包发送成功
[03:54:02 INF] 【直播间】23040372 的第 19 个心跳包发送成功
[03:55:08 INF] 【直播间】23040372 的第 20 个心跳包发送成功
[03:56:15 INF] 【直播间】23040372 的第 21 个心跳包发送成功
[03:57:21 INF] 【直播间】23040372 的第 22 个心跳包发送成功
[03:58:28 INF] 【直播间】23040372 的第 23 个心跳包发送成功
[03:59:34 INF] 【直播间】23040372 的第 24 个心跳包发送成功
[04:00:40 INF] 【直播间】23040372 的第 25 个心跳包发送成功
[04:01:47 INF] 【直播间】23040372 的第 26 个心跳包发送成功
[04:02:53 INF] 【直播间】23040372 的第 27 个心跳包发送成功
[04:03:59 INF] 【直播间】23040372 的第 28 个心跳包发送成功
[04:05:06 ERR] 【心跳包】直播间 23040372 发送失败
[04:05:06 ERR] 【原因】time check failed
[04:06:12 INF] 【直播间】23040372 的第 29 个心跳包发送成功
[04:07:19 INF] 【直播间】23040372 的第 30 个心跳包发送成功
[04:08:25 INF] 【直播间】23040372 的第 31 个心跳包发送成功
[04:09:32 INF] 【直播间】23040372 的第 32 个心跳包发送成功
[04:10:38 INF] 【直播间】23040372 的第 33 个心跳包发送成功
[04:11:44 INF] 【直播间】23040372 的第 34 个心跳包发送成功
[04:12:51 INF] 【直播间】23040372 的第 35 个心跳包发送成功
[04:13:58 INF] 【直播间】23040372 的第 36 个心跳包发送成功
[04:15:04 INF] 【直播间】23040372 的第 37 个心跳包发送成功
[04:16:10 INF] 【直播间】23040372 的第 38 个心跳包发送成功
[04:17:17 INF] 【直播间】23040372 的第 39 个心跳包发送成功
[04:18:23 INF] 【直播间】23040372 的第 40 个心跳包发送成功
[04:19:30 INF] 【直播间】23040372 的第 41 个心跳包发送成功
[04:20:36 INF] 【直播间】23040372 的第 42 个心跳包发送成功
[04:21:43 ERR] 【心跳包】直播间 23040372 发送失败
[04:21:43 ERR] 【原因】time check failed
[04:22:49 INF] 【直播间】23040372 的第 43 个心跳包发送成功
[04:23:56 INF] 【直播间】23040372 的第 44 个心跳包发送成功
[04:25:02 INF] 【直播间】23040372 的第 45 个心跳包发送成功
[04:26:09 INF] 【直播间】23040372 的第 46 个心跳包发送成功
[04:27:15 INF] 【直播间】23040372 的第 47 个心跳包发送成功
[04:28:21 INF] 【直播间】23040372 的第 48 个心跳包发送成功
[04:29:28 INF] 【直播间】23040372 的第 49 个心跳包发送成功
[04:30:34 INF] 【直播间】23040372 的第 50 个心跳包发送成功
[04:31:41 INF] 【直播间】23040372 的第 51 个心跳包发送成功
[04:32:47 INF] 【直播间】23040372 的第 52 个心跳包发送成功
[04:33:53 INF] 【直播间】23040372 的第 53 个心跳包发送成功
[04:35:00 INF] 【直播间】23040372 的第 54 个心跳包发送成功
[04:36:06 INF] 【直播间】23040372 的第 55 个心跳包发送成功
[04:37:13 INF] 【直播间】23040372 的第 56 个心跳包发送成功
[04:38:19 ERR] 【心跳包】直播间 23040372 发送失败
[04:38:19 ERR] 【原因】time check failed
[04:39:26 INF] 【直播间】23040372 的第 57 个心跳包发送成功
[04:40:32 INF] 【直播间】23040372 的第 58 个心跳包发送成功
[04:41:39 INF] 【直播间】23040372 的第 59 个心跳包发送成功
[04:42:45 INF] 【直播间】23040372 的第 60 个心跳包发送成功
[04:43:51 INF] 【直播间】23040372 的第 61 个心跳包发送成功
[04:44:58 INF] 【直播间】23040372 的第 62 个心跳包发送成功
[04:46:04 INF] 【直播间】23040372 的第 63 个心跳包发送成功
[04:47:11 INF] 【直播间】23040372 的第 64 个心跳包发送成功
[04:48:17 INF] 【直播间】23040372 的第 65 个心跳包发送成功
[04:49:24 INF] 【直播间】23040372 的第 66 个心跳包发送成功
[04:50:30 INF] 【直播间】23040372 的第 67 个心跳包发送成功
[04:51:36 INF] 【直播间】23040372 的第 68 个心跳包发送成功
[04:52:43 INF] 【直播间】23040372 的第 69 个心跳包发送成功
[04:53:49 INF] 【直播间】23040372 的第 70 个心跳包发送成功
[04:53:49 INF] 【直播观看时长】完成情况：1/1 
[04:53:49 INF] ---------结束---------

[04:53:49 INF] ==========结束==========

[04:53:49 INF] 

========================

 v2.0.1 开源 by https://github.com/RayWangQvQ/BiliBiliToolPro

[04:53:49 INF] ·开始推送·LiveFansMedal任务·
2023-07-16T20:53:49.7610267Z 开始推送到:PushPlus
2023-07-16T20:53:51.1360231Z Response status: OK.
2023-07-16T20:53:51.1361150Z Response content: {"code":999,"msg":"发送内容过大，不能超过2万字","data":null}.

[04:53:51 INF] 运行环境：Development
[04:53:51 INF] 应用目录：/home/runner/work/BiliBiliToolPro/BiliBiliToolPro/src/Ray.BiliBiliTool.Console/bin/Debug/net6.0/

[04:53:51 INF] 运行结束
