----------- ip 信息 ---------
{
  "ip": "40.76.254.142",
  "city": "Washington",
  "region": "Virginia",
  "country": "US",
  "loc": "38.7135,-78.1594",
  "org": "AS8075 Microsoft Corporation",
  "postal": "22747",
  "timezone": "America/New_York",
  "readme": "https://ipinfo.io/missingauth"
} ---------- end ------------
  ____               ____    _   _____           _  
 |  _ \ __ _ _   _  | __ ) _| |_|_   _|__   ___ | | 
 | |_) / _` | | | | |  _ \(_) (_) | |/ _ \ / _ \| | 
 |  _ < (_| | |_| | | |_) | | | | | | (_) | (_) | | 
 |_| \_\__,_|\__, | |____/|_|_|_| |_|\___/ \___/|_| 
             |___/                                  

[00:30:55 INF] BiliBiliToolPro 开始运行...

[00:30:55 INF] 【账号个数】3个

[00:30:55 INF] 随机休眠1分钟

[00:31:55 INF] 【目标任务】LiveFansMedal
[00:31:55 INF] ######### 账号 1 #########

[00:31:55 INF] =====开始 直播间互动 =====

[00:31:55 INF] ---开始 发送弹幕 ---
[00:31:55 INF] 检测到直播 Cookie 未正确配置，尝试自动配置中...
[00:32:03 INF] 直播 Cookie 配置成功！
[00:32:03 INF] 【获取直播列表】获取拥有粉丝牌的直播列表
[00:32:07 INF] 【主播】Mark陌枫 
[00:32:27 INF] 【主播】KL_qiqi_ 
[00:32:44 INF] 【主播】苏打baka 
[00:33:01 INF] 【直播间】Mark陌枫
[00:33:01 INF] 【粉丝牌】馬楓
[00:33:01 INF] 正在发送弹幕...
[00:33:07 INF] 【直播间】KL_qiqi_
[00:33:07 INF] 【粉丝牌】qiqisb
[00:33:07 INF] 正在发送弹幕...
[00:33:13 INF] 【直播间】苏打baka
[00:33:13 INF] 【粉丝牌】碳酸钠
[00:33:13 INF] 正在发送弹幕...
[00:33:20 INF] -------结束-------

[00:33:20 INF] ---开始 点赞直播间 ---
[00:33:20 INF] 【获取直播列表】获取拥有粉丝牌的直播列表
[00:33:23 INF] 【弹幕发送】成功~，你和主播 Mark陌枫 的亲密值增加了100！
[00:33:24 INF] 【主播】Mark陌枫 
[00:33:25 INF] 【弹幕发送】成功~，你和主播 KL_qiqi_ 的亲密值增加了100！
[00:33:31 INF] 【弹幕发送】成功~，你和主播 苏打baka 的亲密值增加了100！
[00:33:40 INF] 【主播】KL_qiqi_ 
[00:33:55 INF] 【主播】苏打baka 
[00:34:13 INF] 【点赞直播间】23357926 完成
[00:34:20 INF] 【点赞直播间】407149 完成
[00:34:22 INF] --------结束--------

[00:34:22 INF] ---开始 直播时长挂机 ---
[00:34:22 INF] 【获取直播列表】获取拥有粉丝牌的直播列表
[00:34:23 INF] 【点赞直播间】23040372 完成
[00:34:29 INF] 【主播】Mark陌枫 
[00:34:47 INF] 【主播】KL_qiqi_ 
[00:35:02 INF] 【主播】苏打baka 
[00:35:20 INF] 【直播间】23357926 的第 1 个心跳包发送成功
[00:35:21 INF] 【直播间】407149 的第 1 个心跳包发送成功
[00:35:23 INF] 【直播间】23040372 的第 1 个心跳包发送成功
[00:36:27 INF] 【直播间】23357926 的第 2 个心跳包发送成功
[00:36:28 INF] 【直播间】407149 的第 2 个心跳包发送成功
[00:36:30 INF] 【直播间】23040372 的第 2 个心跳包发送成功
[00:37:34 INF] 【直播间】23357926 的第 3 个心跳包发送成功
[00:37:35 INF] 【直播间】407149 的第 3 个心跳包发送成功
[00:37:36 INF] 【直播间】23040372 的第 3 个心跳包发送成功
[00:38:40 INF] 【直播间】23357926 的第 4 个心跳包发送成功
[00:38:41 INF] 【直播间】407149 的第 4 个心跳包发送成功
[00:38:43 INF] 【直播间】23040372 的第 4 个心跳包发送成功
[00:39:47 INF] 【直播间】23357926 的第 5 个心跳包发送成功
[00:39:48 INF] 【直播间】407149 的第 5 个心跳包发送成功
[00:39:49 INF] 【直播间】23040372 的第 5 个心跳包发送成功
[00:40:53 INF] 【直播间】23357926 的第 6 个心跳包发送成功
[00:40:55 INF] 【直播间】407149 的第 6 个心跳包发送成功
[00:40:56 INF] 【直播间】23040372 的第 6 个心跳包发送成功
[00:42:00 INF] 【直播间】23357926 的第 7 个心跳包发送成功
[00:42:01 INF] 【直播间】407149 的第 7 个心跳包发送成功
[00:42:03 INF] 【直播间】23040372 的第 7 个心跳包发送成功
[00:43:07 INF] 【直播间】23357926 的第 8 个心跳包发送成功
[00:43:08 INF] 【直播间】407149 的第 8 个心跳包发送成功
[00:43:09 INF] 【直播间】23040372 的第 8 个心跳包发送成功
[00:44:13 INF] 【直播间】23357926 的第 9 个心跳包发送成功
[00:44:15 INF] 【直播间】407149 的第 9 个心跳包发送成功
[00:44:16 INF] 【直播间】23040372 的第 9 个心跳包发送成功
[00:45:20 INF] 【直播间】23357926 的第 10 个心跳包发送成功
[00:45:21 INF] 【直播间】407149 的第 10 个心跳包发送成功
[00:45:23 INF] 【直播间】23040372 的第 10 个心跳包发送成功
[00:46:27 INF] 【直播间】23357926 的第 11 个心跳包发送成功
[00:46:28 INF] 【直播间】407149 的第 11 个心跳包发送成功
[00:46:29 INF] 【直播间】23040372 的第 11 个心跳包发送成功
[00:47:33 INF] 【直播间】23357926 的第 12 个心跳包发送成功
[00:47:34 INF] 【直播间】407149 的第 12 个心跳包发送成功
[00:47:36 INF] 【直播间】23040372 的第 12 个心跳包发送成功
[00:48:40 INF] 【直播间】23357926 的第 13 个心跳包发送成功
[00:48:41 INF] 【直播间】407149 的第 13 个心跳包发送成功
[00:48:42 INF] 【直播间】23040372 的第 13 个心跳包发送成功
[00:49:46 INF] 【直播间】23357926 的第 14 个心跳包发送成功
[00:49:48 INF] 【直播间】407149 的第 14 个心跳包发送成功
[00:49:49 INF] 【直播间】23040372 的第 14 个心跳包发送成功
[00:50:53 ERR] 【心跳包】直播间 23357926 发送失败
[00:50:53 ERR] 【原因】time check failed
[00:50:54 ERR] 【心跳包】直播间 407149 发送失败
[00:50:54 ERR] 【原因】time check failed
[00:50:55 ERR] 【心跳包】直播间 23040372 发送失败
[00:50:55 ERR] 【原因】time check failed
[00:52:00 INF] 【直播间】23357926 的第 15 个心跳包发送成功
[00:52:01 INF] 【直播间】407149 的第 15 个心跳包发送成功
[00:52:02 INF] 【直播间】23040372 的第 15 个心跳包发送成功
[00:53:06 INF] 【直播间】23357926 的第 16 个心跳包发送成功
[00:53:07 INF] 【直播间】407149 的第 16 个心跳包发送成功
[00:53:09 INF] 【直播间】23040372 的第 16 个心跳包发送成功
[00:54:13 INF] 【直播间】23357926 的第 17 个心跳包发送成功
[00:54:14 INF] 【直播间】407149 的第 17 个心跳包发送成功
[00:54:15 INF] 【直播间】23040372 的第 17 个心跳包发送成功
[00:55:19 INF] 【直播间】23357926 的第 18 个心跳包发送成功
[00:55:21 INF] 【直播间】407149 的第 18 个心跳包发送成功
[00:55:22 INF] 【直播间】23040372 的第 18 个心跳包发送成功
[00:56:26 INF] 【直播间】23357926 的第 19 个心跳包发送成功
[00:56:28 INF] 【直播间】407149 的第 19 个心跳包发送成功
[00:56:29 INF] 【直播间】23040372 的第 19 个心跳包发送成功
[00:57:33 INF] 【直播间】23357926 的第 20 个心跳包发送成功
[00:57:34 INF] 【直播间】407149 的第 20 个心跳包发送成功
[00:57:35 INF] 【直播间】23040372 的第 20 个心跳包发送成功
[00:58:39 INF] 【直播间】23357926 的第 21 个心跳包发送成功
[00:58:41 INF] 【直播间】407149 的第 21 个心跳包发送成功
[00:58:42 INF] 【直播间】23040372 的第 21 个心跳包发送成功
[00:59:46 INF] 【直播间】23357926 的第 22 个心跳包发送成功
[00:59:47 INF] 【直播间】407149 的第 22 个心跳包发送成功
[00:59:48 INF] 【直播间】23040372 的第 22 个心跳包发送成功
[01:00:52 INF] 【直播间】23357926 的第 23 个心跳包发送成功
[01:00:54 INF] 【直播间】407149 的第 23 个心跳包发送成功
[01:00:55 INF] 【直播间】23040372 的第 23 个心跳包发送成功
[01:01:59 INF] 【直播间】23357926 的第 24 个心跳包发送成功
[01:02:01 INF] 【直播间】407149 的第 24 个心跳包发送成功
[01:02:02 INF] 【直播间】23040372 的第 24 个心跳包发送成功
[01:03:06 INF] 【直播间】23357926 的第 25 个心跳包发送成功
[01:03:07 INF] 【直播间】407149 的第 25 个心跳包发送成功
[01:03:08 INF] 【直播间】23040372 的第 25 个心跳包发送成功
[01:04:12 INF] 【直播间】23357926 的第 26 个心跳包发送成功
[01:04:14 INF] 【直播间】407149 的第 26 个心跳包发送成功
[01:04:15 INF] 【直播间】23040372 的第 26 个心跳包发送成功
[01:05:19 INF] 【直播间】23357926 的第 27 个心跳包发送成功
[01:05:20 INF] 【直播间】407149 的第 27 个心跳包发送成功
[01:05:22 INF] 【直播间】23040372 的第 27 个心跳包发送成功
[01:06:26 ERR] 【心跳包】直播间 23357926 发送失败
[01:06:26 ERR] 【原因】time check failed
[01:06:27 ERR] 【心跳包】直播间 407149 发送失败
[01:06:27 ERR] 【原因】time check failed
[01:06:28 ERR] 【心跳包】直播间 23040372 发送失败
[01:06:28 ERR] 【原因】time check failed
[01:07:33 INF] 【直播间】23357926 的第 28 个心跳包发送成功
[01:07:34 INF] 【直播间】407149 的第 28 个心跳包发送成功
[01:07:35 INF] 【直播间】23040372 的第 28 个心跳包发送成功
[01:08:39 INF] 【直播间】23357926 的第 29 个心跳包发送成功
[01:08:40 INF] 【直播间】407149 的第 29 个心跳包发送成功
[01:08:42 INF] 【直播间】23040372 的第 29 个心跳包发送成功
[01:09:45 INF] 【直播间】23357926 的第 30 个心跳包发送成功
[01:09:47 INF] 【直播间】407149 的第 30 个心跳包发送成功
[01:09:48 INF] 【直播间】23040372 的第 30 个心跳包发送成功
[01:10:52 INF] 【直播间】23357926 的第 31 个心跳包发送成功
[01:10:54 INF] 【直播间】407149 的第 31 个心跳包发送成功
[01:10:55 INF] 【直播间】23040372 的第 31 个心跳包发送成功
[01:11:59 INF] 【直播间】23357926 的第 32 个心跳包发送成功
[01:12:00 INF] 【直播间】407149 的第 32 个心跳包发送成功
[01:12:01 INF] 【直播间】23040372 的第 32 个心跳包发送成功
[01:13:06 INF] 【直播间】23357926 的第 33 个心跳包发送成功
[01:13:07 INF] 【直播间】407149 的第 33 个心跳包发送成功
[01:13:08 INF] 【直播间】23040372 的第 33 个心跳包发送成功
[01:14:12 INF] 【直播间】23357926 的第 34 个心跳包发送成功
[01:14:13 INF] 【直播间】407149 的第 34 个心跳包发送成功
[01:14:15 INF] 【直播间】23040372 的第 34 个心跳包发送成功
[01:15:19 INF] 【直播间】23357926 的第 35 个心跳包发送成功
[01:15:20 INF] 【直播间】407149 的第 35 个心跳包发送成功
[01:15:21 INF] 【直播间】23040372 的第 35 个心跳包发送成功
[01:16:25 INF] 【直播间】23357926 的第 36 个心跳包发送成功
[01:16:27 INF] 【直播间】407149 的第 36 个心跳包发送成功
[01:16:28 INF] 【直播间】23040372 的第 36 个心跳包发送成功
[01:17:32 INF] 【直播间】23357926 的第 37 个心跳包发送成功
[01:17:33 INF] 【直播间】407149 的第 37 个心跳包发送成功
[01:17:34 INF] 【直播间】23040372 的第 37 个心跳包发送成功
[01:18:39 INF] 【直播间】23357926 的第 38 个心跳包发送成功
[01:18:40 INF] 【直播间】407149 的第 38 个心跳包发送成功
[01:18:41 INF] 【直播间】23040372 的第 38 个心跳包发送成功
[01:19:45 INF] 【直播间】23357926 的第 39 个心跳包发送成功
[01:19:47 INF] 【直播间】407149 的第 39 个心跳包发送成功
[01:19:48 INF] 【直播间】23040372 的第 39 个心跳包发送成功
[01:20:52 INF] 【直播间】23357926 的第 40 个心跳包发送成功
[01:20:53 INF] 【直播间】407149 的第 40 个心跳包发送成功
[01:20:54 INF] 【直播间】23040372 的第 40 个心跳包发送成功
[01:21:59 ERR] 【心跳包】直播间 23357926 发送失败
[01:21:59 ERR] 【原因】time check failed
[01:22:00 ERR] 【心跳包】直播间 407149 发送失败
[01:22:00 ERR] 【原因】time check failed
[01:22:01 ERR] 【心跳包】直播间 23040372 发送失败
[01:22:01 ERR] 【原因】time check failed
[01:23:05 INF] 【直播间】23357926 的第 41 个心跳包发送成功
[01:23:06 INF] 【直播间】407149 的第 41 个心跳包发送成功
[01:23:08 INF] 【直播间】23040372 的第 41 个心跳包发送成功
[01:24:12 INF] 【直播间】23357926 的第 42 个心跳包发送成功
[01:24:13 INF] 【直播间】407149 的第 42 个心跳包发送成功
[01:24:15 INF] 【直播间】23040372 的第 42 个心跳包发送成功
[01:25:18 INF] 【直播间】23357926 的第 43 个心跳包发送成功
[01:25:20 INF] 【直播间】407149 的第 43 个心跳包发送成功
[01:25:21 INF] 【直播间】23040372 的第 43 个心跳包发送成功
[01:26:25 INF] 【直播间】23357926 的第 44 个心跳包发送成功
[01:26:27 INF] 【直播间】407149 的第 44 个心跳包发送成功
[01:26:28 INF] 【直播间】23040372 的第 44 个心跳包发送成功
[01:27:32 INF] 【直播间】23357926 的第 45 个心跳包发送成功
[01:27:33 INF] 【直播间】407149 的第 45 个心跳包发送成功
[01:27:35 INF] 【直播间】23040372 的第 45 个心跳包发送成功
[01:28:38 INF] 【直播间】23357926 的第 46 个心跳包发送成功
[01:28:40 INF] 【直播间】407149 的第 46 个心跳包发送成功
[01:28:41 INF] 【直播间】23040372 的第 46 个心跳包发送成功
[01:29:45 INF] 【直播间】23357926 的第 47 个心跳包发送成功
[01:29:46 INF] 【直播间】407149 的第 47 个心跳包发送成功
[01:29:48 INF] 【直播间】23040372 的第 47 个心跳包发送成功
[01:30:52 INF] 【直播间】23357926 的第 48 个心跳包发送成功
[01:30:53 INF] 【直播间】407149 的第 48 个心跳包发送成功
[01:30:54 INF] 【直播间】23040372 的第 48 个心跳包发送成功
[01:31:58 INF] 【直播间】23357926 的第 49 个心跳包发送成功
[01:32:00 INF] 【直播间】407149 的第 49 个心跳包发送成功
[01:32:01 INF] 【直播间】23040372 的第 49 个心跳包发送成功
[01:33:05 INF] 【直播间】23357926 的第 50 个心跳包发送成功
[01:33:06 INF] 【直播间】407149 的第 50 个心跳包发送成功
[01:33:08 INF] 【直播间】23040372 的第 50 个心跳包发送成功
[01:34:12 INF] 【直播间】23357926 的第 51 个心跳包发送成功
[01:34:13 INF] 【直播间】407149 的第 51 个心跳包发送成功
[01:34:14 INF] 【直播间】23040372 的第 51 个心跳包发送成功
[01:35:18 INF] 【直播间】23357926 的第 52 个心跳包发送成功
[01:35:20 INF] 【直播间】407149 的第 52 个心跳包发送成功
[01:35:21 INF] 【直播间】23040372 的第 52 个心跳包发送成功
[01:36:25 INF] 【直播间】23357926 的第 53 个心跳包发送成功
[01:36:26 INF] 【直播间】407149 的第 53 个心跳包发送成功
[01:36:28 INF] 【直播间】23040372 的第 53 个心跳包发送成功
[01:37:32 ERR] 【心跳包】直播间 23357926 发送失败
[01:37:32 ERR] 【原因】time check failed
[01:37:33 ERR] 【心跳包】直播间 407149 发送失败
[01:37:33 ERR] 【原因】time check failed
[01:37:34 ERR] 【心跳包】直播间 23040372 发送失败
[01:37:34 ERR] 【原因】time check failed
[01:38:38 INF] 【直播间】23357926 的第 54 个心跳包发送成功
[01:38:40 INF] 【直播间】407149 的第 54 个心跳包发送成功
[01:38:41 INF] 【直播间】23040372 的第 54 个心跳包发送成功
[01:39:45 INF] 【直播间】23357926 的第 55 个心跳包发送成功
[01:39:46 INF] 【直播间】407149 的第 55 个心跳包发送成功
[01:39:47 INF] 【直播间】23040372 的第 55 个心跳包发送成功
[01:40:51 INF] 【直播间】23357926 的第 56 个心跳包发送成功
[01:40:53 INF] 【直播间】407149 的第 56 个心跳包发送成功
[01:40:54 INF] 【直播间】23040372 的第 56 个心跳包发送成功
[01:41:58 INF] 【直播间】23357926 的第 57 个心跳包发送成功
[01:41:59 INF] 【直播间】407149 的第 57 个心跳包发送成功
[01:42:00 INF] 【直播间】23040372 的第 57 个心跳包发送成功
[01:43:04 INF] 【直播间】23357926 的第 58 个心跳包发送成功
[01:43:06 INF] 【直播间】407149 的第 58 个心跳包发送成功
[01:43:07 INF] 【直播间】23040372 的第 58 个心跳包发送成功
[01:44:11 INF] 【直播间】23357926 的第 59 个心跳包发送成功
[01:44:13 INF] 【直播间】407149 的第 59 个心跳包发送成功
[01:44:14 INF] 【直播间】23040372 的第 59 个心跳包发送成功
[01:45:18 INF] 【直播间】23357926 的第 60 个心跳包发送成功
[01:45:19 INF] 【直播间】407149 的第 60 个心跳包发送成功
[01:45:21 INF] 【直播间】23040372 的第 60 个心跳包发送成功
[01:46:25 INF] 【直播间】23357926 的第 61 个心跳包发送成功
[01:46:26 INF] 【直播间】407149 的第 61 个心跳包发送成功
[01:46:27 INF] 【直播间】23040372 的第 61 个心跳包发送成功
[01:47:31 INF] 【直播间】23357926 的第 62 个心跳包发送成功
[01:47:33 INF] 【直播间】407149 的第 62 个心跳包发送成功
[01:47:34 INF] 【直播间】23040372 的第 62 个心跳包发送成功
[01:48:38 INF] 【直播间】23357926 的第 63 个心跳包发送成功
[01:48:39 INF] 【直播间】407149 的第 63 个心跳包发送成功
[01:48:41 INF] 【直播间】23040372 的第 63 个心跳包发送成功
[01:49:45 INF] 【直播间】23357926 的第 64 个心跳包发送成功
[01:49:46 INF] 【直播间】407149 的第 64 个心跳包发送成功
[01:49:47 INF] 【直播间】23040372 的第 64 个心跳包发送成功
[01:50:51 INF] 【直播间】23357926 的第 65 个心跳包发送成功
[01:50:53 INF] 【直播间】407149 的第 65 个心跳包发送成功
[01:50:54 INF] 【直播间】23040372 的第 65 个心跳包发送成功
[01:51:58 INF] 【直播间】23357926 的第 66 个心跳包发送成功
[01:51:59 INF] 【直播间】407149 的第 66 个心跳包发送成功
[01:52:01 INF] 【直播间】23040372 的第 66 个心跳包发送成功
[01:53:05 ERR] 【心跳包】直播间 23357926 发送失败
[01:53:05 ERR] 【原因】time check failed
[01:53:06 ERR] 【心跳包】直播间 407149 发送失败
[01:53:06 ERR] 【原因】time check failed
[01:53:07 ERR] 【心跳包】直播间 23040372 发送失败
[01:53:07 ERR] 【原因】time check failed
[01:54:11 INF] 【直播间】23357926 的第 67 个心跳包发送成功
[01:54:12 INF] 【直播间】407149 的第 67 个心跳包发送成功
[01:54:14 INF] 【直播间】23040372 的第 67 个心跳包发送成功
[01:55:18 INF] 【直播间】23357926 的第 68 个心跳包发送成功
[01:55:19 INF] 【直播间】407149 的第 68 个心跳包发送成功
[01:55:21 INF] 【直播间】23040372 的第 68 个心跳包发送成功
[01:56:24 INF] 【直播间】23357926 的第 69 个心跳包发送成功
[01:56:26 INF] 【直播间】407149 的第 69 个心跳包发送成功
[01:56:27 INF] 【直播间】23040372 的第 69 个心跳包发送成功
[01:57:31 INF] 【直播间】23357926 的第 70 个心跳包发送成功
[01:57:33 INF] 【直播间】407149 的第 70 个心跳包发送成功
[01:57:34 INF] 【直播间】23040372 的第 70 个心跳包发送成功
[01:57:34 INF] 【直播观看时长】完成情况：3/3 
[01:57:34 INF] ---------结束---------

[01:57:34 INF] ==========结束==========

[01:57:34 INF] ######### 账号 2 #########

[01:57:34 INF] =====开始 直播间互动 =====

[01:57:34 INF] ---开始 发送弹幕 ---
[01:57:34 INF] 检测到直播 Cookie 未正确配置，尝试自动配置中...
[01:57:39 INF] 直播 Cookie 配置成功！
[01:57:39 INF] 【获取直播列表】获取拥有粉丝牌的直播列表
[01:57:46 INF] 【主播】Mark陌枫 
[01:58:06 INF] 【主播】苏打baka 
[01:58:23 INF] 【主播】特别中二的q3君 
[01:58:40 INF] 【主播】陈抱一 
[01:58:53 INF] 【主播】贪玩的小毅 
[01:59:09 INF] 【主播】KL_qiqi_ 
[01:59:26 INF] 【主播】记录生活的蛋黄派 
[01:59:43 INF] 【主播】FoFTG 
[01:59:54 INF] 【主播】悠悠球琛总 
[02:00:16 INF] 【主播】新石器公园 
[02:00:35 INF] 【主播】脏小豆 
[02:00:52 INF] 【主播】李船长笔记 
[02:01:06 INF] 【直播间】Mark陌枫
[02:01:06 INF] 【粉丝牌】馬楓
[02:01:06 INF] 正在发送弹幕...
[02:01:09 INF] 【直播间】苏打baka
[02:01:09 INF] 【粉丝牌】碳酸钠
[02:01:09 INF] 正在发送弹幕...
[02:01:13 INF] 【直播间】特别中二的q3君
[02:01:13 INF] 【粉丝牌】q3GG
[02:01:13 INF] 正在发送弹幕...
[02:01:17 INF] 【直播间】陈抱一
[02:01:17 INF] 【粉丝牌】陈抱一
[02:01:17 INF] 正在发送弹幕...
[02:01:21 INF] 【弹幕发送】成功~，你和主播 Mark陌枫 的亲密值增加了100！
[02:01:23 INF] 【弹幕发送】成功~，你和主播 苏打baka 的亲密值增加了100！
[02:01:23 INF] 【直播间】贪玩的小毅
[02:01:23 INF] 【粉丝牌】大大毅
[02:01:23 INF] 正在发送弹幕...
[02:01:27 INF] 【直播间】KL_qiqi_
[02:01:27 INF] 【粉丝牌】qiqisb
[02:01:27 INF] 正在发送弹幕...
[02:01:28 INF] 【弹幕发送】成功~，你和主播 特别中二的q3君 的亲密值增加了100！
[02:01:30 INF] 【直播间】记录生活的蛋黄派
[02:01:30 INF] 【粉丝牌】派派派
[02:01:30 INF] 正在发送弹幕...
[02:01:34 INF] 【直播间】FoFTG
[02:01:34 INF] 【粉丝牌】FOFTG
[02:01:34 INF] 正在发送弹幕...
[02:01:37 INF] 【弹幕发送】成功~，你和主播 陈抱一 的亲密值增加了100！
[02:01:39 INF] 【弹幕发送】成功~，你和主播 KL_qiqi_ 的亲密值增加了100！
[02:01:40 INF] 【弹幕发送】成功~，你和主播 贪玩的小毅 的亲密值增加了100！
[02:01:41 INF] 【直播间】悠悠球琛总
[02:01:41 INF] 【粉丝牌】i琛
[02:01:41 INF] 正在发送弹幕...
[02:01:46 INF] 【弹幕发送】成功~，你和主播 记录生活的蛋黄派 的亲密值增加了100！
[02:01:48 INF] 【直播间】新石器公园
[02:01:48 INF] 【粉丝牌】东园主
[02:01:48 INF] 正在发送弹幕...
[02:01:52 INF] 【直播间】脏小豆
[02:01:52 INF] 【粉丝牌】豆豆浆
[02:01:52 INF] 正在发送弹幕...
[02:01:56 INF] 【弹幕发送】成功~，你和主播 FoFTG 的亲密值增加了100！
[02:01:58 INF] 【弹幕发送】成功~，你和主播 悠悠球琛总 的亲密值增加了100！
[02:01:58 INF] 【直播间】李船长笔记
[02:01:58 INF] 【粉丝牌】航海仕
[02:01:58 INF] 正在发送弹幕...
[02:02:03 INF] -------结束-------

[02:02:03 INF] ---开始 点赞直播间 ---
[02:02:03 INF] 【获取直播列表】获取拥有粉丝牌的直播列表
[02:02:06 INF] 【弹幕发送】成功~，你和主播 新石器公园 的亲密值增加了100！
[02:02:08 INF] 【弹幕发送】成功~，你和主播 脏小豆 的亲密值增加了100！
[02:02:11 INF] 【主播】Mark陌枫 
[02:02:15 INF] 【弹幕发送】成功~，你和主播 李船长笔记 的亲密值增加了100！
[02:02:24 INF] 【主播】苏打baka 
[02:02:38 INF] 【主播】特别中二的q3君 
[02:02:55 INF] 【主播】陈抱一 
[02:03:08 INF] 【主播】贪玩的小毅 
[02:03:26 INF] 【主播】KL_qiqi_ 
[02:03:43 INF] 【主播】记录生活的蛋黄派 
[02:04:02 INF] 【主播】FoFTG 
[02:04:17 INF] 【主播】悠悠球琛总 
[02:04:33 INF] 【主播】新石器公园 
[02:04:52 INF] 【主播】脏小豆 
[02:05:09 INF] 【主播】李船长笔记 
[02:05:32 INF] 【点赞直播间】23357926 完成
[02:05:35 INF] 【点赞直播间】23040372 完成
[02:05:41 INF] 【点赞直播间】31494 完成
[02:05:47 INF] 【点赞直播间】4015781 完成
[02:05:52 INF] 【点赞直播间】9619073 完成
[02:05:57 INF] 【点赞直播间】407149 完成
[02:06:01 INF] 【点赞直播间】11732699 完成
[02:06:07 INF] 【点赞直播间】91164 完成
[02:06:10 INF] 【点赞直播间】7184632 完成
[02:06:15 INF] 【点赞直播间】23447660 完成
[02:06:21 INF] 【点赞直播间】929670 完成
[02:06:25 INF] --------结束--------

[02:06:25 INF] ---开始 直播时长挂机 ---
[02:06:25 INF] 【获取直播列表】获取拥有粉丝牌的直播列表
[02:06:26 INF] 【点赞直播间】22764265 完成
[02:06:31 INF] 【主播】Mark陌枫 
[02:06:49 INF] 【主播】苏打baka 
[02:07:04 INF] 【主播】特别中二的q3君 
[02:07:16 INF] 【主播】陈抱一 
[02:07:29 INF] 【主播】贪玩的小毅 
[02:07:43 INF] 【主播】KL_qiqi_ 
[02:08:00 INF] 【主播】记录生活的蛋黄派 
[02:08:19 INF] 【主播】FoFTG 
[02:08:32 INF] 【主播】悠悠球琛总 
[02:08:48 INF] 【主播】新石器公园 
[02:09:04 INF] 【主播】脏小豆 
[02:09:21 INF] 【主播】李船长笔记 
[02:09:51 INF] 【直播间】23357926 的第 1 个心跳包发送成功
[02:09:52 INF] 【直播间】23040372 的第 1 个心跳包发送成功
[02:09:53 INF] 【直播间】31494 的第 1 个心跳包发送成功
[02:09:55 INF] 【直播间】4015781 的第 1 个心跳包发送成功
[02:09:56 INF] 【直播间】9619073 的第 1 个心跳包发送成功
[02:09:57 INF] 【直播间】407149 的第 1 个心跳包发送成功
[02:09:58 INF] 【直播间】11732699 的第 1 个心跳包发送成功
[02:10:00 INF] 【直播间】91164 的第 1 个心跳包发送成功
[02:10:01 INF] 【直播间】7184632 的第 1 个心跳包发送成功
[02:10:02 INF] 【直播间】23447660 的第 1 个心跳包发送成功
[02:10:04 INF] 【直播间】929670 的第 1 个心跳包发送成功
[02:10:05 INF] 【直播间】22764265 的第 1 个心跳包发送成功
[02:10:58 INF] 【直播间】23357926 的第 2 个心跳包发送成功
[02:10:59 INF] 【直播间】23040372 的第 2 个心跳包发送成功
[02:11:00 INF] 【直播间】31494 的第 2 个心跳包发送成功
[02:11:02 INF] 【直播间】4015781 的第 2 个心跳包发送成功
[02:11:03 INF] 【直播间】9619073 的第 2 个心跳包发送成功
[02:11:04 INF] 【直播间】407149 的第 2 个心跳包发送成功
[02:11:05 INF] 【直播间】11732699 的第 2 个心跳包发送成功
[02:11:07 INF] 【直播间】91164 的第 2 个心跳包发送成功
[02:11:08 INF] 【直播间】7184632 的第 2 个心跳包发送成功
[02:11:09 INF] 【直播间】23447660 的第 2 个心跳包发送成功
[02:11:11 INF] 【直播间】929670 的第 2 个心跳包发送成功
[02:11:12 INF] 【直播间】22764265 的第 2 个心跳包发送成功
[02:12:04 INF] 【直播间】23357926 的第 3 个心跳包发送成功
[02:12:06 INF] 【直播间】23040372 的第 3 个心跳包发送成功
[02:12:07 INF] 【直播间】31494 的第 3 个心跳包发送成功
[02:12:08 INF] 【直播间】4015781 的第 3 个心跳包发送成功
[02:12:10 INF] 【直播间】9619073 的第 3 个心跳包发送成功
[02:12:11 INF] 【直播间】407149 的第 3 个心跳包发送成功
[02:12:12 INF] 【直播间】11732699 的第 3 个心跳包发送成功
[02:12:13 INF] 【直播间】91164 的第 3 个心跳包发送成功
[02:12:15 INF] 【直播间】7184632 的第 3 个心跳包发送成功
[02:12:16 INF] 【直播间】23447660 的第 3 个心跳包发送成功
[02:12:17 INF] 【直播间】929670 的第 3 个心跳包发送成功
[02:12:18 INF] 【直播间】22764265 的第 3 个心跳包发送成功
[02:13:11 INF] 【直播间】23357926 的第 4 个心跳包发送成功
[02:13:12 INF] 【直播间】23040372 的第 4 个心跳包发送成功
[02:13:14 INF] 【直播间】31494 的第 4 个心跳包发送成功
[02:13:15 INF] 【直播间】4015781 的第 4 个心跳包发送成功
[02:13:16 INF] 【直播间】9619073 的第 4 个心跳包发送成功
[02:13:17 INF] 【直播间】407149 的第 4 个心跳包发送成功
[02:13:19 INF] 【直播间】11732699 的第 4 个心跳包发送成功
[02:13:20 INF] 【直播间】91164 的第 4 个心跳包发送成功
[02:13:21 INF] 【直播间】7184632 的第 4 个心跳包发送成功
[02:13:22 INF] 【直播间】23447660 的第 4 个心跳包发送成功
[02:13:24 INF] 【直播间】929670 的第 4 个心跳包发送成功
[02:13:25 INF] 【直播间】22764265 的第 4 个心跳包发送成功
[02:14:18 INF] 【直播间】23357926 的第 5 个心跳包发送成功
[02:14:19 INF] 【直播间】23040372 的第 5 个心跳包发送成功
[02:14:20 INF] 【直播间】31494 的第 5 个心跳包发送成功
[02:14:21 INF] 【直播间】4015781 的第 5 个心跳包发送成功
[02:14:23 INF] 【直播间】9619073 的第 5 个心跳包发送成功
[02:14:24 INF] 【直播间】407149 的第 5 个心跳包发送成功
[02:14:25 INF] 【直播间】11732699 的第 5 个心跳包发送成功
[02:14:26 INF] 【直播间】91164 的第 5 个心跳包发送成功
[02:14:28 INF] 【直播间】7184632 的第 5 个心跳包发送成功
[02:14:29 INF] 【直播间】23447660 的第 5 个心跳包发送成功
[02:14:30 INF] 【直播间】929670 的第 5 个心跳包发送成功
[02:14:31 INF] 【直播间】22764265 的第 5 个心跳包发送成功
[02:15:24 INF] 【直播间】23357926 的第 6 个心跳包发送成功
[02:15:25 INF] 【直播间】23040372 的第 6 个心跳包发送成功
[02:15:27 INF] 【直播间】31494 的第 6 个心跳包发送成功
[02:15:28 INF] 【直播间】4015781 的第 6 个心跳包发送成功
[02:15:29 INF] 【直播间】9619073 的第 6 个心跳包发送成功
[02:15:30 INF] 【直播间】407149 的第 6 个心跳包发送成功
[02:15:32 INF] 【直播间】11732699 的第 6 个心跳包发送成功
[02:15:33 INF] 【直播间】91164 的第 6 个心跳包发送成功
[02:15:34 INF] 【直播间】7184632 的第 6 个心跳包发送成功
[02:15:36 INF] 【直播间】23447660 的第 6 个心跳包发送成功
[02:15:37 INF] 【直播间】929670 的第 6 个心跳包发送成功
[02:15:38 INF] 【直播间】22764265 的第 6 个心跳包发送成功
[02:16:31 INF] 【直播间】23357926 的第 7 个心跳包发送成功
[02:16:32 INF] 【直播间】23040372 的第 7 个心跳包发送成功
[02:16:33 INF] 【直播间】31494 的第 7 个心跳包发送成功
[02:16:35 INF] 【直播间】4015781 的第 7 个心跳包发送成功
[02:16:36 INF] 【直播间】9619073 的第 7 个心跳包发送成功
[02:16:37 INF] 【直播间】407149 的第 7 个心跳包发送成功
[02:16:38 INF] 【直播间】11732699 的第 7 个心跳包发送成功
[02:16:40 INF] 【直播间】91164 的第 7 个心跳包发送成功
[02:16:41 INF] 【直播间】7184632 的第 7 个心跳包发送成功
[02:16:42 INF] 【直播间】23447660 的第 7 个心跳包发送成功
[02:16:44 INF] 【直播间】929670 的第 7 个心跳包发送成功
[02:16:45 INF] 【直播间】22764265 的第 7 个心跳包发送成功
[02:17:38 INF] 【直播间】23357926 的第 8 个心跳包发送成功
[02:17:39 INF] 【直播间】23040372 的第 8 个心跳包发送成功
[02:17:40 INF] 【直播间】31494 的第 8 个心跳包发送成功
[02:17:42 INF] 【直播间】4015781 的第 8 个心跳包发送成功
[02:17:43 INF] 【直播间】9619073 的第 8 个心跳包发送成功
[02:17:44 INF] 【直播间】407149 的第 8 个心跳包发送成功
[02:17:46 INF] 【直播间】11732699 的第 8 个心跳包发送成功
[02:17:47 INF] 【直播间】91164 的第 8 个心跳包发送成功
[02:17:48 INF] 【直播间】7184632 的第 8 个心跳包发送成功
[02:17:49 INF] 【直播间】23447660 的第 8 个心跳包发送成功
[02:17:51 INF] 【直播间】929670 的第 8 个心跳包发送成功
[02:17:52 INF] 【直播间】22764265 的第 8 个心跳包发送成功
[02:18:44 INF] 【直播间】23357926 的第 9 个心跳包发送成功
[02:18:46 INF] 【直播间】23040372 的第 9 个心跳包发送成功
[02:18:47 INF] 【直播间】31494 的第 9 个心跳包发送成功
[02:18:48 INF] 【直播间】4015781 的第 9 个心跳包发送成功
[02:18:50 INF] 【直播间】9619073 的第 9 个心跳包发送成功
[02:18:51 INF] 【直播间】407149 的第 9 个心跳包发送成功
[02:18:52 INF] 【直播间】11732699 的第 9 个心跳包发送成功
[02:18:53 INF] 【直播间】91164 的第 9 个心跳包发送成功
[02:18:55 INF] 【直播间】7184632 的第 9 个心跳包发送成功
[02:18:56 INF] 【直播间】23447660 的第 9 个心跳包发送成功
[02:18:57 INF] 【直播间】929670 的第 9 个心跳包发送成功
[02:18:59 INF] 【直播间】22764265 的第 9 个心跳包发送成功
[02:19:51 INF] 【直播间】23357926 的第 10 个心跳包发送成功
[02:19:52 INF] 【直播间】23040372 的第 10 个心跳包发送成功
[02:19:53 INF] 【直播间】31494 的第 10 个心跳包发送成功
[02:19:55 INF] 【直播间】4015781 的第 10 个心跳包发送成功
[02:19:56 INF] 【直播间】9619073 的第 10 个心跳包发送成功
[02:19:57 INF] 【直播间】407149 的第 10 个心跳包发送成功
[02:19:58 INF] 【直播间】11732699 的第 10 个心跳包发送成功
[02:20:00 INF] 【直播间】91164 的第 10 个心跳包发送成功
[02:20:01 INF] 【直播间】7184632 的第 10 个心跳包发送成功
[02:20:02 INF] 【直播间】23447660 的第 10 个心跳包发送成功
[02:20:04 INF] 【直播间】929670 的第 10 个心跳包发送成功
[02:20:05 INF] 【直播间】22764265 的第 10 个心跳包发送成功
[02:20:57 INF] 【直播间】23357926 的第 11 个心跳包发送成功
[02:20:59 INF] 【直播间】23040372 的第 11 个心跳包发送成功
[02:21:00 INF] 【直播间】31494 的第 11 个心跳包发送成功
[02:21:01 INF] 【直播间】4015781 的第 11 个心跳包发送成功
[02:21:02 INF] 【直播间】9619073 的第 11 个心跳包发送成功
[02:21:04 INF] 【直播间】407149 的第 11 个心跳包发送成功
[02:21:05 INF] 【直播间】11732699 的第 11 个心跳包发送成功
[02:21:06 INF] 【直播间】91164 的第 11 个心跳包发送成功
[02:21:08 INF] 【直播间】7184632 的第 11 个心跳包发送成功
[02:21:09 INF] 【直播间】23447660 的第 11 个心跳包发送成功
[02:21:10 INF] 【直播间】929670 的第 11 个心跳包发送成功
[02:21:11 INF] 【直播间】22764265 的第 11 个心跳包发送成功
[02:22:04 INF] 【直播间】23357926 的第 12 个心跳包发送成功
[02:22:05 INF] 【直播间】23040372 的第 12 个心跳包发送成功
[02:22:07 INF] 【直播间】31494 的第 12 个心跳包发送成功
[02:22:08 INF] 【直播间】4015781 的第 12 个心跳包发送成功
[02:22:09 INF] 【直播间】9619073 的第 12 个心跳包发送成功
[02:22:10 INF] 【直播间】407149 的第 12 个心跳包发送成功
[02:22:12 INF] 【直播间】11732699 的第 12 个心跳包发送成功
[02:22:13 INF] 【直播间】91164 的第 12 个心跳包发送成功
[02:22:14 INF] 【直播间】7184632 的第 12 个心跳包发送成功
[02:22:16 INF] 【直播间】23447660 的第 12 个心跳包发送成功
[02:22:17 INF] 【直播间】929670 的第 12 个心跳包发送成功
[02:22:18 INF] 【直播间】22764265 的第 12 个心跳包发送成功
[02:23:11 INF] 【直播间】23357926 的第 13 个心跳包发送成功
[02:23:12 INF] 【直播间】23040372 的第 13 个心跳包发送成功
[02:23:13 INF] 【直播间】31494 的第 13 个心跳包发送成功
[02:23:15 INF] 【直播间】4015781 的第 13 个心跳包发送成功
[02:23:16 INF] 【直播间】9619073 的第 13 个心跳包发送成功
[02:23:17 INF] 【直播间】407149 的第 13 个心跳包发送成功
[02:23:18 INF] 【直播间】11732699 的第 13 个心跳包发送成功
[02:23:20 INF] 【直播间】91164 的第 13 个心跳包发送成功
[02:23:21 INF] 【直播间】7184632 的第 13 个心跳包发送成功
[02:23:22 INF] 【直播间】23447660 的第 13 个心跳包发送成功
[02:23:23 INF] 【直播间】929670 的第 13 个心跳包发送成功
[02:23:25 INF] 【直播间】22764265 的第 13 个心跳包发送成功
[02:24:17 INF] 【直播间】23357926 的第 14 个心跳包发送成功
[02:24:19 INF] 【直播间】23040372 的第 14 个心跳包发送成功
[02:24:20 INF] 【直播间】31494 的第 14 个心跳包发送成功
[02:24:21 INF] 【直播间】4015781 的第 14 个心跳包发送成功
[02:24:22 INF] 【直播间】9619073 的第 14 个心跳包发送成功
[02:24:24 INF] 【直播间】407149 的第 14 个心跳包发送成功
[02:24:25 INF] 【直播间】11732699 的第 14 个心跳包发送成功
[02:24:26 INF] 【直播间】91164 的第 14 个心跳包发送成功
[02:24:28 INF] 【直播间】7184632 的第 14 个心跳包发送成功
[02:24:29 INF] 【直播间】23447660 的第 14 个心跳包发送成功
[02:24:30 INF] 【直播间】929670 的第 14 个心跳包发送成功
[02:24:32 INF] 【直播间】22764265 的第 14 个心跳包发送成功
[02:25:24 ERR] 【心跳包】直播间 23357926 发送失败
[02:25:24 ERR] 【原因】time check failed
[02:25:26 ERR] 【心跳包】直播间 23040372 发送失败
[02:25:26 ERR] 【原因】time check failed
[02:25:27 ERR] 【心跳包】直播间 31494 发送失败
[02:25:27 ERR] 【原因】time check failed
[02:25:28 ERR] 【心跳包】直播间 4015781 发送失败
[02:25:28 ERR] 【原因】time check failed
[02:25:29 ERR] 【心跳包】直播间 9619073 发送失败
[02:25:29 ERR] 【原因】time check failed
[02:25:31 ERR] 【心跳包】直播间 407149 发送失败
[02:25:31 ERR] 【原因】time check failed
[02:25:32 ERR] 【心跳包】直播间 11732699 发送失败
[02:25:32 ERR] 【原因】time check failed
[02:25:33 ERR] 【心跳包】直播间 91164 发送失败
[02:25:33 ERR] 【原因】time check failed
[02:25:35 ERR] 【心跳包】直播间 7184632 发送失败
[02:25:35 ERR] 【原因】time check failed
[02:25:36 ERR] 【心跳包】直播间 23447660 发送失败
[02:25:36 ERR] 【原因】time check failed
[02:25:37 ERR] 【心跳包】直播间 929670 发送失败
[02:25:37 ERR] 【原因】time check failed
[02:25:38 ERR] 【心跳包】直播间 22764265 发送失败
[02:25:38 ERR] 【原因】time check failed
[02:26:31 INF] 【直播间】23357926 的第 15 个心跳包发送成功
[02:26:32 INF] 【直播间】23040372 的第 15 个心跳包发送成功
[02:26:33 INF] 【直播间】31494 的第 15 个心跳包发送成功
[02:26:35 INF] 【直播间】4015781 的第 15 个心跳包发送成功
[02:26:36 INF] 【直播间】9619073 的第 15 个心跳包发送成功
[02:26:37 INF] 【直播间】407149 的第 15 个心跳包发送成功
[02:26:39 INF] 【直播间】11732699 的第 15 个心跳包发送成功
[02:26:40 INF] 【直播间】91164 的第 15 个心跳包发送成功
[02:26:41 INF] 【直播间】7184632 的第 15 个心跳包发送成功
[02:26:43 INF] 【直播间】23447660 的第 15 个心跳包发送成功
[02:26:44 INF] 【直播间】929670 的第 15 个心跳包发送成功
[02:26:45 INF] 【直播间】22764265 的第 15 个心跳包发送成功
[02:27:38 INF] 【直播间】23357926 的第 16 个心跳包发送成功
[02:27:39 INF] 【直播间】23040372 的第 16 个心跳包发送成功
[02:27:40 INF] 【直播间】31494 的第 16 个心跳包发送成功
[02:27:41 INF] 【直播间】4015781 的第 16 个心跳包发送成功
[02:27:43 INF] 【直播间】9619073 的第 16 个心跳包发送成功
[02:27:44 INF] 【直播间】407149 的第 16 个心跳包发送成功
[02:27:45 INF] 【直播间】11732699 的第 16 个心跳包发送成功
[02:27:46 INF] 【直播间】91164 的第 16 个心跳包发送成功
[02:27:48 INF] 【直播间】7184632 的第 16 个心跳包发送成功
[02:27:49 INF] 【直播间】23447660 的第 16 个心跳包发送成功
[02:27:50 INF] 【直播间】929670 的第 16 个心跳包发送成功
[02:27:52 INF] 【直播间】22764265 的第 16 个心跳包发送成功
[02:28:44 INF] 【直播间】23357926 的第 17 个心跳包发送成功
[02:28:45 INF] 【直播间】23040372 的第 17 个心跳包发送成功
[02:28:47 INF] 【直播间】31494 的第 17 个心跳包发送成功
[02:28:48 INF] 【直播间】4015781 的第 17 个心跳包发送成功
[02:28:49 INF] 【直播间】9619073 的第 17 个心跳包发送成功
[02:28:51 INF] 【直播间】407149 的第 17 个心跳包发送成功
[02:28:52 INF] 【直播间】11732699 的第 17 个心跳包发送成功
[02:28:53 INF] 【直播间】91164 的第 17 个心跳包发送成功
[02:28:54 INF] 【直播间】7184632 的第 17 个心跳包发送成功
[02:28:56 INF] 【直播间】23447660 的第 17 个心跳包发送成功
[02:28:57 INF] 【直播间】929670 的第 17 个心跳包发送成功
[02:28:58 INF] 【直播间】22764265 的第 17 个心跳包发送成功
[02:29:51 INF] 【直播间】23357926 的第 18 个心跳包发送成功
[02:29:52 INF] 【直播间】23040372 的第 18 个心跳包发送成功
[02:29:53 INF] 【直播间】31494 的第 18 个心跳包发送成功
[02:29:54 INF] 【直播间】4015781 的第 18 个心跳包发送成功
[02:29:56 INF] 【直播间】9619073 的第 18 个心跳包发送成功
[02:29:57 INF] 【直播间】407149 的第 18 个心跳包发送成功
[02:29:58 INF] 【直播间】11732699 的第 18 个心跳包发送成功
[02:30:00 INF] 【直播间】91164 的第 18 个心跳包发送成功
[02:30:01 INF] 【直播间】7184632 的第 18 个心跳包发送成功
[02:30:02 INF] 【直播间】23447660 的第 18 个心跳包发送成功
[02:30:04 INF] 【直播间】929670 的第 18 个心跳包发送成功
[02:30:05 INF] 【直播间】22764265 的第 18 个心跳包发送成功
[02:30:57 INF] 【直播间】23357926 的第 19 个心跳包发送成功
[02:30:59 INF] 【直播间】23040372 的第 19 个心跳包发送成功
[02:31:00 INF] 【直播间】31494 的第 19 个心跳包发送成功
[02:31:01 INF] 【直播间】4015781 的第 19 个心跳包发送成功
[02:31:02 INF] 【直播间】9619073 的第 19 个心跳包发送成功
[02:31:04 INF] 【直播间】407149 的第 19 个心跳包发送成功
[02:31:05 INF] 【直播间】11732699 的第 19 个心跳包发送成功
[02:31:06 INF] 【直播间】91164 的第 19 个心跳包发送成功
[02:31:08 INF] 【直播间】7184632 的第 19 个心跳包发送成功
[02:31:09 INF] 【直播间】23447660 的第 19 个心跳包发送成功
[02:31:10 INF] 【直播间】929670 的第 19 个心跳包发送成功
[02:31:11 INF] 【直播间】22764265 的第 19 个心跳包发送成功
[02:32:04 INF] 【直播间】23357926 的第 20 个心跳包发送成功
[02:32:05 INF] 【直播间】23040372 的第 20 个心跳包发送成功
[02:32:06 INF] 【直播间】31494 的第 20 个心跳包发送成功
[02:32:08 INF] 【直播间】4015781 的第 20 个心跳包发送成功
[02:32:09 INF] 【直播间】9619073 的第 20 个心跳包发送成功
[02:32:10 INF] 【直播间】407149 的第 20 个心跳包发送成功
[02:32:11 INF] 【直播间】11732699 的第 20 个心跳包发送成功
[02:32:13 INF] 【直播间】91164 的第 20 个心跳包发送成功
[02:32:14 INF] 【直播间】7184632 的第 20 个心跳包发送成功
[02:32:15 INF] 【直播间】23447660 的第 20 个心跳包发送成功
[02:32:16 INF] 【直播间】929670 的第 20 个心跳包发送成功
[02:32:18 INF] 【直播间】22764265 的第 20 个心跳包发送成功
[02:33:11 INF] 【直播间】23357926 的第 21 个心跳包发送成功
[02:33:12 INF] 【直播间】23040372 的第 21 个心跳包发送成功
[02:33:13 INF] 【直播间】31494 的第 21 个心跳包发送成功
[02:33:14 INF] 【直播间】4015781 的第 21 个心跳包发送成功
[02:33:16 INF] 【直播间】9619073 的第 21 个心跳包发送成功
[02:33:17 INF] 【直播间】407149 的第 21 个心跳包发送成功
[02:33:18 INF] 【直播间】11732699 的第 21 个心跳包发送成功
[02:33:20 INF] 【直播间】91164 的第 21 个心跳包发送成功
[02:33:21 INF] 【直播间】7184632 的第 21 个心跳包发送成功
[02:33:22 INF] 【直播间】23447660 的第 21 个心跳包发送成功
[02:33:24 INF] 【直播间】929670 的第 21 个心跳包发送成功
[02:33:25 INF] 【直播间】22764265 的第 21 个心跳包发送成功
[02:34:17 INF] 【直播间】23357926 的第 22 个心跳包发送成功
[02:34:18 INF] 【直播间】23040372 的第 22 个心跳包发送成功
[02:34:20 INF] 【直播间】31494 的第 22 个心跳包发送成功
[02:34:21 INF] 【直播间】4015781 的第 22 个心跳包发送成功
[02:34:22 INF] 【直播间】9619073 的第 22 个心跳包发送成功
[02:34:23 INF] 【直播间】407149 的第 22 个心跳包发送成功
[02:34:25 INF] 【直播间】11732699 的第 22 个心跳包发送成功
[02:34:26 INF] 【直播间】91164 的第 22 个心跳包发送成功
[02:34:27 INF] 【直播间】7184632 的第 22 个心跳包发送成功
[02:34:29 INF] 【直播间】23447660 的第 22 个心跳包发送成功
[02:34:30 INF] 【直播间】929670 的第 22 个心跳包发送成功
[02:34:31 INF] 【直播间】22764265 的第 22 个心跳包发送成功
[02:35:24 INF] 【直播间】23357926 的第 23 个心跳包发送成功
[02:35:25 INF] 【直播间】23040372 的第 23 个心跳包发送成功
[02:35:26 INF] 【直播间】31494 的第 23 个心跳包发送成功
[02:35:28 INF] 【直播间】4015781 的第 23 个心跳包发送成功
[02:35:29 INF] 【直播间】9619073 的第 23 个心跳包发送成功
[02:35:30 INF] 【直播间】407149 的第 23 个心跳包发送成功
[02:35:32 INF] 【直播间】11732699 的第 23 个心跳包发送成功
[02:35:33 INF] 【直播间】91164 的第 23 个心跳包发送成功
[02:35:34 INF] 【直播间】7184632 的第 23 个心跳包发送成功
[02:35:35 INF] 【直播间】23447660 的第 23 个心跳包发送成功
[02:35:37 INF] 【直播间】929670 的第 23 个心跳包发送成功
[02:35:38 INF] 【直播间】22764265 的第 23 个心跳包发送成功
[02:36:30 INF] 【直播间】23357926 的第 24 个心跳包发送成功
[02:36:31 INF] 【直播间】23040372 的第 24 个心跳包发送成功
[02:36:33 INF] 【直播间】31494 的第 24 个心跳包发送成功
[02:36:34 INF] 【直播间】4015781 的第 24 个心跳包发送成功
[02:36:35 INF] 【直播间】9619073 的第 24 个心跳包发送成功
[02:36:37 INF] 【直播间】407149 的第 24 个心跳包发送成功
[02:36:38 INF] 【直播间】11732699 的第 24 个心跳包发送成功
[02:36:39 INF] 【直播间】91164 的第 24 个心跳包发送成功
[02:36:41 INF] 【直播间】7184632 的第 24 个心跳包发送成功
[02:36:42 INF] 【直播间】23447660 的第 24 个心跳包发送成功
[02:36:43 INF] 【直播间】929670 的第 24 个心跳包发送成功
[02:36:44 INF] 【直播间】22764265 的第 24 个心跳包发送成功
[02:37:37 INF] 【直播间】23357926 的第 25 个心跳包发送成功
[02:37:38 INF] 【直播间】23040372 的第 25 个心跳包发送成功
[02:37:39 INF] 【直播间】31494 的第 25 个心跳包发送成功
[02:37:41 INF] 【直播间】4015781 的第 25 个心跳包发送成功
[02:37:42 INF] 【直播间】9619073 的第 25 个心跳包发送成功
[02:37:43 INF] 【直播间】407149 的第 25 个心跳包发送成功
[02:37:45 INF] 【直播间】11732699 的第 25 个心跳包发送成功
[02:37:46 INF] 【直播间】91164 的第 25 个心跳包发送成功
[02:37:47 INF] 【直播间】7184632 的第 25 个心跳包发送成功
[02:37:48 INF] 【直播间】23447660 的第 25 个心跳包发送成功
[02:37:50 INF] 【直播间】929670 的第 25 个心跳包发送成功
[02:37:51 INF] 【直播间】22764265 的第 25 个心跳包发送成功
[02:38:44 INF] 【直播间】23357926 的第 26 个心跳包发送成功
[02:38:45 INF] 【直播间】23040372 的第 26 个心跳包发送成功
[02:38:46 INF] 【直播间】31494 的第 26 个心跳包发送成功
[02:38:47 INF] 【直播间】4015781 的第 26 个心跳包发送成功
[02:38:49 INF] 【直播间】9619073 的第 26 个心跳包发送成功
[02:38:50 INF] 【直播间】407149 的第 26 个心跳包发送成功
[02:38:51 INF] 【直播间】11732699 的第 26 个心跳包发送成功
[02:38:53 INF] 【直播间】91164 的第 26 个心跳包发送成功
[02:38:54 INF] 【直播间】7184632 的第 26 个心跳包发送成功
[02:38:55 INF] 【直播间】23447660 的第 26 个心跳包发送成功
[02:38:56 INF] 【直播间】929670 的第 26 个心跳包发送成功
[02:38:58 INF] 【直播间】22764265 的第 26 个心跳包发送成功
[02:39:50 INF] 【直播间】23357926 的第 27 个心跳包发送成功
[02:39:51 INF] 【直播间】23040372 的第 27 个心跳包发送成功
[02:39:53 INF] 【直播间】31494 的第 27 个心跳包发送成功
[02:39:54 INF] 【直播间】4015781 的第 27 个心跳包发送成功
[02:39:55 INF] 【直播间】9619073 的第 27 个心跳包发送成功
[02:39:56 INF] 【直播间】407149 的第 27 个心跳包发送成功
[02:39:58 INF] 【直播间】11732699 的第 27 个心跳包发送成功
[02:39:59 INF] 【直播间】91164 的第 27 个心跳包发送成功
[02:40:00 INF] 【直播间】7184632 的第 27 个心跳包发送成功
[02:40:02 INF] 【直播间】23447660 的第 27 个心跳包发送成功
[02:40:03 INF] 【直播间】929670 的第 27 个心跳包发送成功
[02:40:04 INF] 【直播间】22764265 的第 27 个心跳包发送成功
[02:40:57 ERR] 【心跳包】直播间 23357926 发送失败
[02:40:57 ERR] 【原因】time check failed
[02:40:58 ERR] 【心跳包】直播间 23040372 发送失败
[02:40:58 ERR] 【原因】time check failed
[02:41:00 ERR] 【心跳包】直播间 31494 发送失败
[02:41:00 ERR] 【原因】time check failed
[02:41:01 ERR] 【心跳包】直播间 4015781 发送失败
[02:41:01 ERR] 【原因】time check failed
[02:41:02 ERR] 【心跳包】直播间 9619073 发送失败
[02:41:02 ERR] 【原因】time check failed
[02:41:03 ERR] 【心跳包】直播间 407149 发送失败
[02:41:03 ERR] 【原因】time check failed
[02:41:05 ERR] 【心跳包】直播间 11732699 发送失败
[02:41:05 ERR] 【原因】time check failed
[02:41:06 ERR] 【心跳包】直播间 91164 发送失败
[02:41:06 ERR] 【原因】time check failed
[02:41:07 ERR] 【心跳包】直播间 7184632 发送失败
[02:41:07 ERR] 【原因】time check failed
[02:41:08 ERR] 【心跳包】直播间 23447660 发送失败
[02:41:08 ERR] 【原因】time check failed
[02:41:09 ERR] 【心跳包】直播间 929670 发送失败
[02:41:09 ERR] 【原因】time check failed
[02:41:11 ERR] 【心跳包】直播间 22764265 发送失败
[02:41:11 ERR] 【原因】time check failed
[02:42:04 INF] 【直播间】23357926 的第 28 个心跳包发送成功
[02:42:05 INF] 【直播间】23040372 的第 28 个心跳包发送成功
[02:42:06 INF] 【直播间】31494 的第 28 个心跳包发送成功
[02:42:07 INF] 【直播间】4015781 的第 28 个心跳包发送成功
[02:42:09 INF] 【直播间】9619073 的第 28 个心跳包发送成功
[02:42:10 INF] 【直播间】407149 的第 28 个心跳包发送成功
[02:42:11 INF] 【直播间】11732699 的第 28 个心跳包发送成功
[02:42:12 INF] 【直播间】91164 的第 28 个心跳包发送成功
[02:42:14 INF] 【直播间】7184632 的第 28 个心跳包发送成功
[02:42:15 INF] 【直播间】23447660 的第 28 个心跳包发送成功
[02:42:16 INF] 【直播间】929670 的第 28 个心跳包发送成功
[02:42:17 INF] 【直播间】22764265 的第 28 个心跳包发送成功
[02:43:10 INF] 【直播间】23357926 的第 29 个心跳包发送成功
[02:43:11 INF] 【直播间】23040372 的第 29 个心跳包发送成功
[02:43:13 INF] 【直播间】31494 的第 29 个心跳包发送成功
[02:43:14 INF] 【直播间】4015781 的第 29 个心跳包发送成功
[02:43:15 INF] 【直播间】9619073 的第 29 个心跳包发送成功
[02:43:16 INF] 【直播间】407149 的第 29 个心跳包发送成功
[02:43:18 INF] 【直播间】11732699 的第 29 个心跳包发送成功
[02:43:19 INF] 【直播间】91164 的第 29 个心跳包发送成功
[02:43:20 INF] 【直播间】7184632 的第 29 个心跳包发送成功
[02:43:21 INF] 【直播间】23447660 的第 29 个心跳包发送成功
[02:43:23 INF] 【直播间】929670 的第 29 个心跳包发送成功
[02:43:24 INF] 【直播间】22764265 的第 29 个心跳包发送成功
[02:44:17 INF] 【直播间】23357926 的第 30 个心跳包发送成功
[02:44:18 INF] 【直播间】23040372 的第 30 个心跳包发送成功
[02:44:19 INF] 【直播间】31494 的第 30 个心跳包发送成功
[02:44:21 INF] 【直播间】4015781 的第 30 个心跳包发送成功
[02:44:22 INF] 【直播间】9619073 的第 30 个心跳包发送成功
[02:44:23 INF] 【直播间】407149 的第 30 个心跳包发送成功
[02:44:24 INF] 【直播间】11732699 的第 30 个心跳包发送成功
[02:44:26 INF] 【直播间】91164 的第 30 个心跳包发送成功
[02:44:27 INF] 【直播间】7184632 的第 30 个心跳包发送成功
[02:44:28 INF] 【直播间】23447660 的第 30 个心跳包发送成功
[02:44:29 INF] 【直播间】929670 的第 30 个心跳包发送成功
[02:44:31 INF] 【直播间】22764265 的第 30 个心跳包发送成功
[02:45:23 INF] 【直播间】23357926 的第 31 个心跳包发送成功
[02:45:25 INF] 【直播间】23040372 的第 31 个心跳包发送成功
[02:45:26 INF] 【直播间】31494 的第 31 个心跳包发送成功
[02:45:27 INF] 【直播间】4015781 的第 31 个心跳包发送成功
[02:45:28 INF] 【直播间】9619073 的第 31 个心跳包发送成功
[02:45:30 INF] 【直播间】407149 的第 31 个心跳包发送成功
[02:45:31 INF] 【直播间】11732699 的第 31 个心跳包发送成功
[02:45:32 INF] 【直播间】91164 的第 31 个心跳包发送成功
[02:45:34 INF] 【直播间】7184632 的第 31 个心跳包发送成功
[02:45:35 INF] 【直播间】23447660 的第 31 个心跳包发送成功
[02:45:36 INF] 【直播间】929670 的第 31 个心跳包发送成功
[02:45:37 INF] 【直播间】22764265 的第 31 个心跳包发送成功
[02:46:30 INF] 【直播间】23357926 的第 32 个心跳包发送成功
[02:46:31 INF] 【直播间】23040372 的第 32 个心跳包发送成功
[02:46:33 INF] 【直播间】31494 的第 32 个心跳包发送成功
[02:46:34 INF] 【直播间】4015781 的第 32 个心跳包发送成功
[02:46:35 INF] 【直播间】9619073 的第 32 个心跳包发送成功
[02:46:36 INF] 【直播间】407149 的第 32 个心跳包发送成功
[02:46:38 INF] 【直播间】11732699 的第 32 个心跳包发送成功
[02:46:39 INF] 【直播间】91164 的第 32 个心跳包发送成功
[02:46:40 INF] 【直播间】7184632 的第 32 个心跳包发送成功
[02:46:42 INF] 【直播间】23447660 的第 32 个心跳包发送成功
[02:46:43 INF] 【直播间】929670 的第 32 个心跳包发送成功
[02:46:44 INF] 【直播间】22764265 的第 32 个心跳包发送成功
[02:47:36 INF] 【直播间】23357926 的第 33 个心跳包发送成功
[02:47:38 INF] 【直播间】23040372 的第 33 个心跳包发送成功
[02:47:39 INF] 【直播间】31494 的第 33 个心跳包发送成功
[02:47:40 INF] 【直播间】4015781 的第 33 个心跳包发送成功
[02:47:42 INF] 【直播间】9619073 的第 33 个心跳包发送成功
[02:47:43 INF] 【直播间】407149 的第 33 个心跳包发送成功
[02:47:44 INF] 【直播间】11732699 的第 33 个心跳包发送成功
[02:47:45 INF] 【直播间】91164 的第 33 个心跳包发送成功
[02:47:47 INF] 【直播间】7184632 的第 33 个心跳包发送成功
[02:47:48 INF] 【直播间】23447660 的第 33 个心跳包发送成功
[02:47:49 INF] 【直播间】929670 的第 33 个心跳包发送成功
[02:47:51 INF] 【直播间】22764265 的第 33 个心跳包发送成功
[02:48:43 INF] 【直播间】23357926 的第 34 个心跳包发送成功
[02:48:45 INF] 【直播间】23040372 的第 34 个心跳包发送成功
[02:48:46 INF] 【直播间】31494 的第 34 个心跳包发送成功
[02:48:47 INF] 【直播间】4015781 的第 34 个心跳包发送成功
[02:48:48 INF] 【直播间】9619073 的第 34 个心跳包发送成功
[02:48:50 INF] 【直播间】407149 的第 34 个心跳包发送成功
[02:48:51 INF] 【直播间】11732699 的第 34 个心跳包发送成功
[02:48:52 INF] 【直播间】91164 的第 34 个心跳包发送成功
[02:48:53 INF] 【直播间】7184632 的第 34 个心跳包发送成功
[02:48:55 INF] 【直播间】23447660 的第 34 个心跳包发送成功
[02:48:56 INF] 【直播间】929670 的第 34 个心跳包发送成功
[02:48:57 INF] 【直播间】22764265 的第 34 个心跳包发送成功
[02:49:50 INF] 【直播间】23357926 的第 35 个心跳包发送成功
[02:49:51 INF] 【直播间】23040372 的第 35 个心跳包发送成功
[02:49:52 INF] 【直播间】31494 的第 35 个心跳包发送成功
[02:49:54 INF] 【直播间】4015781 的第 35 个心跳包发送成功
[02:49:55 INF] 【直播间】9619073 的第 35 个心跳包发送成功
[02:49:56 INF] 【直播间】407149 的第 35 个心跳包发送成功
[02:49:58 INF] 【直播间】11732699 的第 35 个心跳包发送成功
[02:49:59 INF] 【直播间】91164 的第 35 个心跳包发送成功
[02:50:00 INF] 【直播间】7184632 的第 35 个心跳包发送成功
[02:50:02 INF] 【直播间】23447660 的第 35 个心跳包发送成功
[02:50:03 INF] 【直播间】929670 的第 35 个心跳包发送成功
[02:50:04 INF] 【直播间】22764265 的第 35 个心跳包发送成功
[02:50:57 INF] 【直播间】23357926 的第 36 个心跳包发送成功
[02:50:58 INF] 【直播间】23040372 的第 36 个心跳包发送成功
[02:50:59 INF] 【直播间】31494 的第 36 个心跳包发送成功
[02:51:00 INF] 【直播间】4015781 的第 36 个心跳包发送成功
[02:51:02 INF] 【直播间】9619073 的第 36 个心跳包发送成功
[02:51:03 INF] 【直播间】407149 的第 36 个心跳包发送成功
[02:51:04 INF] 【直播间】11732699 的第 36 个心跳包发送成功
[02:51:06 INF] 【直播间】91164 的第 36 个心跳包发送成功
[02:51:07 INF] 【直播间】7184632 的第 36 个心跳包发送成功
[02:51:08 INF] 【直播间】23447660 的第 36 个心跳包发送成功
[02:51:09 INF] 【直播间】929670 的第 36 个心跳包发送成功
[02:51:11 INF] 【直播间】22764265 的第 36 个心跳包发送成功
[02:52:03 INF] 【直播间】23357926 的第 37 个心跳包发送成功
[02:52:04 INF] 【直播间】23040372 的第 37 个心跳包发送成功
[02:52:06 INF] 【直播间】31494 的第 37 个心跳包发送成功
[02:52:07 INF] 【直播间】4015781 的第 37 个心跳包发送成功
[02:52:08 INF] 【直播间】9619073 的第 37 个心跳包发送成功
[02:52:09 INF] 【直播间】407149 的第 37 个心跳包发送成功
[02:52:11 INF] 【直播间】11732699 的第 37 个心跳包发送成功
[02:52:12 INF] 【直播间】91164 的第 37 个心跳包发送成功
[02:52:13 INF] 【直播间】7184632 的第 37 个心跳包发送成功
[02:52:15 INF] 【直播间】23447660 的第 37 个心跳包发送成功
[02:52:16 INF] 【直播间】929670 的第 37 个心跳包发送成功
[02:52:17 INF] 【直播间】22764265 的第 37 个心跳包发送成功
[02:53:10 INF] 【直播间】23357926 的第 38 个心跳包发送成功
[02:53:11 INF] 【直播间】23040372 的第 38 个心跳包发送成功
[02:53:12 INF] 【直播间】31494 的第 38 个心跳包发送成功
[02:53:13 INF] 【直播间】4015781 的第 38 个心跳包发送成功
[02:53:15 INF] 【直播间】9619073 的第 38 个心跳包发送成功
[02:53:16 INF] 【直播间】407149 的第 38 个心跳包发送成功
[02:53:17 INF] 【直播间】11732699 的第 38 个心跳包发送成功
[02:53:19 INF] 【直播间】91164 的第 38 个心跳包发送成功
[02:53:20 INF] 【直播间】7184632 的第 38 个心跳包发送成功
[02:53:22 INF] 【直播间】23447660 的第 38 个心跳包发送成功
[02:53:23 INF] 【直播间】929670 的第 38 个心跳包发送成功
[02:53:24 INF] 【直播间】22764265 的第 38 个心跳包发送成功
[02:54:16 INF] 【直播间】23357926 的第 39 个心跳包发送成功
[02:54:17 INF] 【直播间】23040372 的第 39 个心跳包发送成功
[02:54:19 INF] 【直播间】31494 的第 39 个心跳包发送成功
[02:54:20 INF] 【直播间】4015781 的第 39 个心跳包发送成功
[02:54:21 INF] 【直播间】9619073 的第 39 个心跳包发送成功
[02:54:22 INF] 【直播间】407149 的第 39 个心跳包发送成功
[02:54:24 INF] 【直播间】11732699 的第 39 个心跳包发送成功
[02:54:25 INF] 【直播间】91164 的第 39 个心跳包发送成功
[02:54:27 INF] 【直播间】7184632 的第 39 个心跳包发送成功
[02:54:28 INF] 【直播间】23447660 的第 39 个心跳包发送成功
[02:54:29 INF] 【直播间】929670 的第 39 个心跳包发送成功
[02:54:30 INF] 【直播间】22764265 的第 39 个心跳包发送成功
[02:55:23 INF] 【直播间】23357926 的第 40 个心跳包发送成功
[02:55:24 INF] 【直播间】23040372 的第 40 个心跳包发送成功
[02:55:26 INF] 【直播间】31494 的第 40 个心跳包发送成功
[02:55:27 INF] 【直播间】4015781 的第 40 个心跳包发送成功
[02:55:28 INF] 【直播间】9619073 的第 40 个心跳包发送成功
[02:55:30 INF] 【直播间】407149 的第 40 个心跳包发送成功
[02:55:31 INF] 【直播间】11732699 的第 40 个心跳包发送成功
[02:55:32 INF] 【直播间】91164 的第 40 个心跳包发送成功
[02:55:33 INF] 【直播间】7184632 的第 40 个心跳包发送成功
[02:55:35 INF] 【直播间】23447660 的第 40 个心跳包发送成功
[02:55:36 INF] 【直播间】929670 的第 40 个心跳包发送成功
[02:55:37 INF] 【直播间】22764265 的第 40 个心跳包发送成功
[02:56:30 ERR] 【心跳包】直播间 23357926 发送失败
[02:56:30 ERR] 【原因】time check failed
[02:56:31 ERR] 【心跳包】直播间 23040372 发送失败
[02:56:31 ERR] 【原因】time check failed
[02:56:32 ERR] 【心跳包】直播间 31494 发送失败
[02:56:32 ERR] 【原因】time check failed
[02:56:34 ERR] 【心跳包】直播间 4015781 发送失败
[02:56:34 ERR] 【原因】time check failed
[02:56:35 ERR] 【心跳包】直播间 9619073 发送失败
[02:56:35 ERR] 【原因】time check failed
[02:56:36 ERR] 【心跳包】直播间 407149 发送失败
[02:56:36 ERR] 【原因】time check failed
[02:56:37 ERR] 【心跳包】直播间 11732699 发送失败
[02:56:37 ERR] 【原因】time check failed
[02:56:39 ERR] 【心跳包】直播间 91164 发送失败
[02:56:39 ERR] 【原因】time check failed
[02:56:40 ERR] 【心跳包】直播间 7184632 发送失败
[02:56:40 ERR] 【原因】time check failed
[02:56:41 ERR] 【心跳包】直播间 23447660 发送失败
[02:56:41 ERR] 【原因】time check failed
[02:56:42 ERR] 【心跳包】直播间 929670 发送失败
[02:56:42 ERR] 【原因】time check failed
[02:56:44 ERR] 【心跳包】直播间 22764265 发送失败
[02:56:44 ERR] 【原因】time check failed
[02:57:36 INF] 【直播间】23357926 的第 41 个心跳包发送成功
[02:57:38 INF] 【直播间】23040372 的第 41 个心跳包发送成功
[02:57:39 INF] 【直播间】31494 的第 41 个心跳包发送成功
[02:57:40 INF] 【直播间】4015781 的第 41 个心跳包发送成功
[02:57:41 INF] 【直播间】9619073 的第 41 个心跳包发送成功
[02:57:43 INF] 【直播间】407149 的第 41 个心跳包发送成功
[02:57:44 INF] 【直播间】11732699 的第 41 个心跳包发送成功
[02:57:45 INF] 【直播间】91164 的第 41 个心跳包发送成功
[02:57:46 INF] 【直播间】7184632 的第 41 个心跳包发送成功
[02:57:48 INF] 【直播间】23447660 的第 41 个心跳包发送成功
[02:57:49 INF] 【直播间】929670 的第 41 个心跳包发送成功
[02:57:50 INF] 【直播间】22764265 的第 41 个心跳包发送成功
[02:58:43 INF] 【直播间】23357926 的第 42 个心跳包发送成功
[02:58:44 INF] 【直播间】23040372 的第 42 个心跳包发送成功
[02:58:45 INF] 【直播间】31494 的第 42 个心跳包发送成功
[02:58:47 INF] 【直播间】4015781 的第 42 个心跳包发送成功
[02:58:48 INF] 【直播间】9619073 的第 42 个心跳包发送成功
[02:58:49 INF] 【直播间】407149 的第 42 个心跳包发送成功
[02:58:50 INF] 【直播间】11732699 的第 42 个心跳包发送成功
[02:58:52 INF] 【直播间】91164 的第 42 个心跳包发送成功
[02:58:53 INF] 【直播间】7184632 的第 42 个心跳包发送成功
[02:58:54 INF] 【直播间】23447660 的第 42 个心跳包发送成功
[02:58:56 INF] 【直播间】929670 的第 42 个心跳包发送成功
[02:58:57 INF] 【直播间】22764265 的第 42 个心跳包发送成功
[02:59:49 INF] 【直播间】23357926 的第 43 个心跳包发送成功
[02:59:51 INF] 【直播间】23040372 的第 43 个心跳包发送成功
[02:59:52 INF] 【直播间】31494 的第 43 个心跳包发送成功
[02:59:54 INF] 【直播间】4015781 的第 43 个心跳包发送成功
[02:59:55 INF] 【直播间】9619073 的第 43 个心跳包发送成功
[02:59:56 INF] 【直播间】407149 的第 43 个心跳包发送成功
[02:59:57 INF] 【直播间】11732699 的第 43 个心跳包发送成功
[02:59:59 INF] 【直播间】91164 的第 43 个心跳包发送成功
[03:00:00 INF] 【直播间】7184632 的第 43 个心跳包发送成功
[03:00:01 INF] 【直播间】23447660 的第 43 个心跳包发送成功
[03:00:02 INF] 【直播间】929670 的第 43 个心跳包发送成功
[03:00:04 INF] 【直播间】22764265 的第 43 个心跳包发送成功
[03:00:56 INF] 【直播间】23357926 的第 44 个心跳包发送成功
[03:00:57 INF] 【直播间】23040372 的第 44 个心跳包发送成功
[03:00:59 INF] 【直播间】31494 的第 44 个心跳包发送成功
[03:01:00 INF] 【直播间】4015781 的第 44 个心跳包发送成功
[03:01:01 INF] 【直播间】9619073 的第 44 个心跳包发送成功
[03:01:03 INF] 【直播间】407149 的第 44 个心跳包发送成功
[03:01:04 INF] 【直播间】11732699 的第 44 个心跳包发送成功
[03:01:05 INF] 【直播间】91164 的第 44 个心跳包发送成功
[03:01:07 INF] 【直播间】7184632 的第 44 个心跳包发送成功
[03:01:08 INF] 【直播间】23447660 的第 44 个心跳包发送成功
[03:01:09 INF] 【直播间】929670 的第 44 个心跳包发送成功
[03:01:10 INF] 【直播间】22764265 的第 44 个心跳包发送成功
[03:02:03 INF] 【直播间】23357926 的第 45 个心跳包发送成功
[03:02:04 INF] 【直播间】23040372 的第 45 个心跳包发送成功
[03:02:05 INF] 【直播间】31494 的第 45 个心跳包发送成功
[03:02:07 INF] 【直播间】4015781 的第 45 个心跳包发送成功
[03:02:08 INF] 【直播间】9619073 的第 45 个心跳包发送成功
[03:02:09 INF] 【直播间】407149 的第 45 个心跳包发送成功
[03:02:11 INF] 【直播间】11732699 的第 45 个心跳包发送成功
[03:02:12 INF] 【直播间】91164 的第 45 个心跳包发送成功
[03:02:13 INF] 【直播间】7184632 的第 45 个心跳包发送成功
[03:02:14 INF] 【直播间】23447660 的第 45 个心跳包发送成功
[03:02:16 INF] 【直播间】929670 的第 45 个心跳包发送成功
[03:02:17 INF] 【直播间】22764265 的第 45 个心跳包发送成功
[03:03:09 INF] 【直播间】23357926 的第 46 个心跳包发送成功
[03:03:11 INF] 【直播间】23040372 的第 46 个心跳包发送成功
[03:03:12 INF] 【直播间】31494 的第 46 个心跳包发送成功
[03:03:13 INF] 【直播间】4015781 的第 46 个心跳包发送成功
[03:03:15 INF] 【直播间】9619073 的第 46 个心跳包发送成功
[03:03:16 INF] 【直播间】407149 的第 46 个心跳包发送成功
[03:03:17 INF] 【直播间】11732699 的第 46 个心跳包发送成功
[03:03:18 INF] 【直播间】91164 的第 46 个心跳包发送成功
[03:03:20 INF] 【直播间】7184632 的第 46 个心跳包发送成功
[03:03:21 INF] 【直播间】23447660 的第 46 个心跳包发送成功
[03:03:22 INF] 【直播间】929670 的第 46 个心跳包发送成功
[03:03:23 INF] 【直播间】22764265 的第 46 个心跳包发送成功
[03:04:16 INF] 【直播间】23357926 的第 47 个心跳包发送成功
[03:04:17 INF] 【直播间】23040372 的第 47 个心跳包发送成功
[03:04:18 INF] 【直播间】31494 的第 47 个心跳包发送成功
[03:04:20 INF] 【直播间】4015781 的第 47 个心跳包发送成功
[03:04:21 INF] 【直播间】9619073 的第 47 个心跳包发送成功
[03:04:22 INF] 【直播间】407149 的第 47 个心跳包发送成功
[03:04:24 INF] 【直播间】11732699 的第 47 个心跳包发送成功
[03:04:25 INF] 【直播间】91164 的第 47 个心跳包发送成功
[03:04:26 INF] 【直播间】7184632 的第 47 个心跳包发送成功
[03:04:28 INF] 【直播间】23447660 的第 47 个心跳包发送成功
[03:04:29 INF] 【直播间】929670 的第 47 个心跳包发送成功
[03:04:30 INF] 【直播间】22764265 的第 47 个心跳包发送成功
[03:05:22 INF] 【直播间】23357926 的第 48 个心跳包发送成功
[03:05:24 INF] 【直播间】23040372 的第 48 个心跳包发送成功
[03:05:25 INF] 【直播间】31494 的第 48 个心跳包发送成功
[03:05:26 INF] 【直播间】4015781 的第 48 个心跳包发送成功
[03:05:28 INF] 【直播间】9619073 的第 48 个心跳包发送成功
[03:05:29 INF] 【直播间】407149 的第 48 个心跳包发送成功
[03:05:30 INF] 【直播间】11732699 的第 48 个心跳包发送成功
[03:05:32 INF] 【直播间】91164 的第 48 个心跳包发送成功
[03:05:33 INF] 【直播间】7184632 的第 48 个心跳包发送成功
[03:05:34 INF] 【直播间】23447660 的第 48 个心跳包发送成功
[03:05:35 INF] 【直播间】929670 的第 48 个心跳包发送成功
[03:05:37 INF] 【直播间】22764265 的第 48 个心跳包发送成功
[03:06:29 INF] 【直播间】23357926 的第 49 个心跳包发送成功
[03:06:30 INF] 【直播间】23040372 的第 49 个心跳包发送成功
[03:06:32 INF] 【直播间】31494 的第 49 个心跳包发送成功
[03:06:33 INF] 【直播间】4015781 的第 49 个心跳包发送成功
[03:06:34 INF] 【直播间】9619073 的第 49 个心跳包发送成功
[03:06:35 INF] 【直播间】407149 的第 49 个心跳包发送成功
[03:06:37 INF] 【直播间】11732699 的第 49 个心跳包发送成功
[03:06:38 INF] 【直播间】91164 的第 49 个心跳包发送成功
[03:06:39 INF] 【直播间】7184632 的第 49 个心跳包发送成功
[03:06:40 INF] 【直播间】23447660 的第 49 个心跳包发送成功
[03:06:42 INF] 【直播间】929670 的第 49 个心跳包发送成功
[03:06:43 INF] 【直播间】22764265 的第 49 个心跳包发送成功
[03:07:36 INF] 【直播间】23357926 的第 50 个心跳包发送成功
[03:07:37 INF] 【直播间】23040372 的第 50 个心跳包发送成功
[03:07:38 INF] 【直播间】31494 的第 50 个心跳包发送成功
[03:07:39 INF] 【直播间】4015781 的第 50 个心跳包发送成功
[03:07:41 INF] 【直播间】9619073 的第 50 个心跳包发送成功
[03:07:42 INF] 【直播间】407149 的第 50 个心跳包发送成功
[03:07:43 INF] 【直播间】11732699 的第 50 个心跳包发送成功
[03:07:45 INF] 【直播间】91164 的第 50 个心跳包发送成功
[03:07:46 INF] 【直播间】7184632 的第 50 个心跳包发送成功
[03:07:47 INF] 【直播间】23447660 的第 50 个心跳包发送成功
[03:07:49 INF] 【直播间】929670 的第 50 个心跳包发送成功
[03:07:50 INF] 【直播间】22764265 的第 50 个心跳包发送成功
[03:08:42 INF] 【直播间】23357926 的第 51 个心跳包发送成功
[03:08:44 INF] 【直播间】23040372 的第 51 个心跳包发送成功
[03:08:45 INF] 【直播间】31494 的第 51 个心跳包发送成功
[03:08:46 INF] 【直播间】4015781 的第 51 个心跳包发送成功
[03:08:48 INF] 【直播间】9619073 的第 51 个心跳包发送成功
[03:08:49 INF] 【直播间】407149 的第 51 个心跳包发送成功
[03:08:50 INF] 【直播间】11732699 的第 51 个心跳包发送成功
[03:08:51 INF] 【直播间】91164 的第 51 个心跳包发送成功
[03:08:53 INF] 【直播间】7184632 的第 51 个心跳包发送成功
[03:08:54 INF] 【直播间】23447660 的第 51 个心跳包发送成功
[03:08:55 INF] 【直播间】929670 的第 51 个心跳包发送成功
[03:08:57 INF] 【直播间】22764265 的第 51 个心跳包发送成功
[03:09:49 INF] 【直播间】23357926 的第 52 个心跳包发送成功
[03:09:50 INF] 【直播间】23040372 的第 52 个心跳包发送成功
[03:09:52 INF] 【直播间】31494 的第 52 个心跳包发送成功
[03:09:53 INF] 【直播间】4015781 的第 52 个心跳包发送成功
[03:09:54 INF] 【直播间】9619073 的第 52 个心跳包发送成功
[03:09:56 INF] 【直播间】407149 的第 52 个心跳包发送成功
[03:09:57 INF] 【直播间】11732699 的第 52 个心跳包发送成功
[03:09:58 INF] 【直播间】91164 的第 52 个心跳包发送成功
[03:10:00 INF] 【直播间】7184632 的第 52 个心跳包发送成功
[03:10:01 INF] 【直播间】23447660 的第 52 个心跳包发送成功
[03:10:02 INF] 【直播间】929670 的第 52 个心跳包发送成功
[03:10:03 INF] 【直播间】22764265 的第 52 个心跳包发送成功
[03:10:56 INF] 【直播间】23357926 的第 53 个心跳包发送成功
[03:10:57 INF] 【直播间】23040372 的第 53 个心跳包发送成功
[03:10:58 INF] 【直播间】31494 的第 53 个心跳包发送成功
[03:10:59 INF] 【直播间】4015781 的第 53 个心跳包发送成功
[03:11:01 INF] 【直播间】9619073 的第 53 个心跳包发送成功
[03:11:02 INF] 【直播间】407149 的第 53 个心跳包发送成功
[03:11:03 INF] 【直播间】11732699 的第 53 个心跳包发送成功
[03:11:05 INF] 【直播间】91164 的第 53 个心跳包发送成功
[03:11:06 INF] 【直播间】7184632 的第 53 个心跳包发送成功
[03:11:07 INF] 【直播间】23447660 的第 53 个心跳包发送成功
[03:11:08 INF] 【直播间】929670 的第 53 个心跳包发送成功
[03:11:10 INF] 【直播间】22764265 的第 53 个心跳包发送成功
[03:12:02 ERR] 【心跳包】直播间 23357926 发送失败
[03:12:02 ERR] 【原因】time check failed
[03:12:04 ERR] 【心跳包】直播间 23040372 发送失败
[03:12:04 ERR] 【原因】time check failed
[03:12:05 ERR] 【心跳包】直播间 31494 发送失败
[03:12:05 ERR] 【原因】time check failed
[03:12:06 ERR] 【心跳包】直播间 4015781 发送失败
[03:12:06 ERR] 【原因】time check failed
[03:12:07 ERR] 【心跳包】直播间 9619073 发送失败
[03:12:07 ERR] 【原因】time check failed
[03:12:08 ERR] 【心跳包】直播间 407149 发送失败
[03:12:08 ERR] 【原因】time check failed
[03:12:10 ERR] 【心跳包】直播间 11732699 发送失败
[03:12:10 ERR] 【原因】time check failed
[03:12:11 ERR] 【心跳包】直播间 91164 发送失败
[03:12:11 ERR] 【原因】time check failed
[03:12:12 ERR] 【心跳包】直播间 7184632 发送失败
[03:12:12 ERR] 【原因】time check failed
[03:12:13 ERR] 【心跳包】直播间 23447660 发送失败
[03:12:13 ERR] 【原因】time check failed
[03:12:15 ERR] 【心跳包】直播间 929670 发送失败
[03:12:15 ERR] 【原因】time check failed
[03:12:16 ERR] 【心跳包】直播间 22764265 发送失败
[03:12:16 ERR] 【原因】time check failed
[03:13:09 INF] 【直播间】23357926 的第 54 个心跳包发送成功
[03:13:10 INF] 【直播间】23040372 的第 54 个心跳包发送成功
[03:13:11 INF] 【直播间】31494 的第 54 个心跳包发送成功
[03:13:13 INF] 【直播间】4015781 的第 54 个心跳包发送成功
[03:13:14 INF] 【直播间】9619073 的第 54 个心跳包发送成功
[03:13:15 INF] 【直播间】407149 的第 54 个心跳包发送成功
[03:13:16 INF] 【直播间】11732699 的第 54 个心跳包发送成功
[03:13:18 INF] 【直播间】91164 的第 54 个心跳包发送成功
[03:13:19 INF] 【直播间】7184632 的第 54 个心跳包发送成功
[03:13:20 INF] 【直播间】23447660 的第 54 个心跳包发送成功
[03:13:22 INF] 【直播间】929670 的第 54 个心跳包发送成功
[03:13:23 INF] 【直播间】22764265 的第 54 个心跳包发送成功
[03:14:15 INF] 【直播间】23357926 的第 55 个心跳包发送成功
[03:14:17 INF] 【直播间】23040372 的第 55 个心跳包发送成功
[03:14:18 INF] 【直播间】31494 的第 55 个心跳包发送成功
[03:14:19 INF] 【直播间】4015781 的第 55 个心跳包发送成功
[03:14:20 INF] 【直播间】9619073 的第 55 个心跳包发送成功
[03:14:22 INF] 【直播间】407149 的第 55 个心跳包发送成功
[03:14:23 INF] 【直播间】11732699 的第 55 个心跳包发送成功
[03:14:24 INF] 【直播间】91164 的第 55 个心跳包发送成功
[03:14:25 INF] 【直播间】7184632 的第 55 个心跳包发送成功
[03:14:27 INF] 【直播间】23447660 的第 55 个心跳包发送成功
[03:14:28 INF] 【直播间】929670 的第 55 个心跳包发送成功
[03:14:29 INF] 【直播间】22764265 的第 55 个心跳包发送成功
[03:15:22 INF] 【直播间】23357926 的第 56 个心跳包发送成功
[03:15:23 INF] 【直播间】23040372 的第 56 个心跳包发送成功
[03:15:25 INF] 【直播间】31494 的第 56 个心跳包发送成功
[03:15:26 INF] 【直播间】4015781 的第 56 个心跳包发送成功
[03:15:27 INF] 【直播间】9619073 的第 56 个心跳包发送成功
[03:15:28 INF] 【直播间】407149 的第 56 个心跳包发送成功
[03:15:30 INF] 【直播间】11732699 的第 56 个心跳包发送成功
[03:15:31 INF] 【直播间】91164 的第 56 个心跳包发送成功
[03:15:32 INF] 【直播间】7184632 的第 56 个心跳包发送成功
[03:15:33 INF] 【直播间】23447660 的第 56 个心跳包发送成功
[03:15:35 INF] 【直播间】929670 的第 56 个心跳包发送成功
[03:15:36 INF] 【直播间】22764265 的第 56 个心跳包发送成功
[03:16:29 INF] 【直播间】23357926 的第 57 个心跳包发送成功
[03:16:30 INF] 【直播间】23040372 的第 57 个心跳包发送成功
[03:16:31 INF] 【直播间】31494 的第 57 个心跳包发送成功
[03:16:33 INF] 【直播间】4015781 的第 57 个心跳包发送成功
[03:16:34 INF] 【直播间】9619073 的第 57 个心跳包发送成功
[03:16:35 INF] 【直播间】407149 的第 57 个心跳包发送成功
[03:16:36 INF] 【直播间】11732699 的第 57 个心跳包发送成功
[03:16:38 INF] 【直播间】91164 的第 57 个心跳包发送成功
[03:16:39 INF] 【直播间】7184632 的第 57 个心跳包发送成功
[03:16:40 INF] 【直播间】23447660 的第 57 个心跳包发送成功
[03:16:41 INF] 【直播间】929670 的第 57 个心跳包发送成功
[03:16:43 INF] 【直播间】22764265 的第 57 个心跳包发送成功
[03:17:35 INF] 【直播间】23357926 的第 58 个心跳包发送成功
[03:17:36 INF] 【直播间】23040372 的第 58 个心跳包发送成功
[03:17:38 INF] 【直播间】31494 的第 58 个心跳包发送成功
[03:17:39 INF] 【直播间】4015781 的第 58 个心跳包发送成功
[03:17:40 INF] 【直播间】9619073 的第 58 个心跳包发送成功
[03:17:42 INF] 【直播间】407149 的第 58 个心跳包发送成功
[03:17:43 INF] 【直播间】11732699 的第 58 个心跳包发送成功
[03:17:44 INF] 【直播间】91164 的第 58 个心跳包发送成功
[03:17:45 INF] 【直播间】7184632 的第 58 个心跳包发送成功
[03:17:47 INF] 【直播间】23447660 的第 58 个心跳包发送成功
[03:17:48 INF] 【直播间】929670 的第 58 个心跳包发送成功
[03:17:49 INF] 【直播间】22764265 的第 58 个心跳包发送成功
[03:18:42 INF] 【直播间】23357926 的第 59 个心跳包发送成功
[03:18:43 INF] 【直播间】23040372 的第 59 个心跳包发送成功
[03:18:44 INF] 【直播间】31494 的第 59 个心跳包发送成功
[03:18:46 INF] 【直播间】4015781 的第 59 个心跳包发送成功
[03:18:47 INF] 【直播间】9619073 的第 59 个心跳包发送成功
[03:18:48 INF] 【直播间】407149 的第 59 个心跳包发送成功
[03:18:49 INF] 【直播间】11732699 的第 59 个心跳包发送成功
[03:18:51 INF] 【直播间】91164 的第 59 个心跳包发送成功
[03:18:52 INF] 【直播间】7184632 的第 59 个心跳包发送成功
[03:18:53 INF] 【直播间】23447660 的第 59 个心跳包发送成功
[03:18:55 INF] 【直播间】929670 的第 59 个心跳包发送成功
[03:18:56 INF] 【直播间】22764265 的第 59 个心跳包发送成功
[03:19:48 INF] 【直播间】23357926 的第 60 个心跳包发送成功
[03:19:50 INF] 【直播间】23040372 的第 60 个心跳包发送成功
[03:19:51 INF] 【直播间】31494 的第 60 个心跳包发送成功
[03:19:52 INF] 【直播间】4015781 的第 60 个心跳包发送成功
[03:19:54 INF] 【直播间】9619073 的第 60 个心跳包发送成功
[03:19:55 INF] 【直播间】407149 的第 60 个心跳包发送成功
[03:19:56 INF] 【直播间】11732699 的第 60 个心跳包发送成功
[03:19:57 INF] 【直播间】91164 的第 60 个心跳包发送成功
[03:19:59 INF] 【直播间】7184632 的第 60 个心跳包发送成功
[03:20:00 INF] 【直播间】23447660 的第 60 个心跳包发送成功
[03:20:01 INF] 【直播间】929670 的第 60 个心跳包发送成功
[03:20:02 INF] 【直播间】22764265 的第 60 个心跳包发送成功
[03:20:55 INF] 【直播间】23357926 的第 61 个心跳包发送成功
[03:20:56 INF] 【直播间】23040372 的第 61 个心跳包发送成功
[03:20:58 INF] 【直播间】31494 的第 61 个心跳包发送成功
[03:20:59 INF] 【直播间】4015781 的第 61 个心跳包发送成功
[03:21:00 INF] 【直播间】9619073 的第 61 个心跳包发送成功
[03:21:02 INF] 【直播间】407149 的第 61 个心跳包发送成功
[03:21:03 INF] 【直播间】11732699 的第 61 个心跳包发送成功
[03:21:04 INF] 【直播间】91164 的第 61 个心跳包发送成功
[03:21:05 INF] 【直播间】7184632 的第 61 个心跳包发送成功
[03:21:07 INF] 【直播间】23447660 的第 61 个心跳包发送成功
[03:21:08 INF] 【直播间】929670 的第 61 个心跳包发送成功
[03:21:09 INF] 【直播间】22764265 的第 61 个心跳包发送成功
[03:22:02 INF] 【直播间】23357926 的第 62 个心跳包发送成功
[03:22:03 INF] 【直播间】23040372 的第 62 个心跳包发送成功
[03:22:04 INF] 【直播间】31494 的第 62 个心跳包发送成功
[03:22:05 INF] 【直播间】4015781 的第 62 个心跳包发送成功
[03:22:07 INF] 【直播间】9619073 的第 62 个心跳包发送成功
[03:22:08 INF] 【直播间】407149 的第 62 个心跳包发送成功
[03:22:09 INF] 【直播间】11732699 的第 62 个心跳包发送成功
[03:22:10 INF] 【直播间】91164 的第 62 个心跳包发送成功
[03:22:12 INF] 【直播间】7184632 的第 62 个心跳包发送成功
[03:22:13 INF] 【直播间】23447660 的第 62 个心跳包发送成功
[03:22:14 INF] 【直播间】929670 的第 62 个心跳包发送成功
[03:22:16 INF] 【直播间】22764265 的第 62 个心跳包发送成功
[03:23:08 INF] 【直播间】23357926 的第 63 个心跳包发送成功
[03:23:10 INF] 【直播间】23040372 的第 63 个心跳包发送成功
[03:23:11 INF] 【直播间】31494 的第 63 个心跳包发送成功
[03:23:12 INF] 【直播间】4015781 的第 63 个心跳包发送成功
[03:23:13 INF] 【直播间】9619073 的第 63 个心跳包发送成功
[03:23:15 INF] 【直播间】407149 的第 63 个心跳包发送成功
[03:23:16 INF] 【直播间】11732699 的第 63 个心跳包发送成功
[03:23:17 INF] 【直播间】91164 的第 63 个心跳包发送成功
[03:23:18 INF] 【直播间】7184632 的第 63 个心跳包发送成功
[03:23:20 INF] 【直播间】23447660 的第 63 个心跳包发送成功
[03:23:21 INF] 【直播间】929670 的第 63 个心跳包发送成功
[03:23:22 INF] 【直播间】22764265 的第 63 个心跳包发送成功
[03:24:15 INF] 【直播间】23357926 的第 64 个心跳包发送成功
[03:24:16 INF] 【直播间】23040372 的第 64 个心跳包发送成功
[03:24:17 INF] 【直播间】31494 的第 64 个心跳包发送成功
[03:24:19 INF] 【直播间】4015781 的第 64 个心跳包发送成功
[03:24:20 INF] 【直播间】9619073 的第 64 个心跳包发送成功
[03:24:21 INF] 【直播间】407149 的第 64 个心跳包发送成功
[03:24:23 INF] 【直播间】11732699 的第 64 个心跳包发送成功
[03:24:24 INF] 【直播间】91164 的第 64 个心跳包发送成功
[03:24:25 INF] 【直播间】7184632 的第 64 个心跳包发送成功
[03:24:26 INF] 【直播间】23447660 的第 64 个心跳包发送成功
[03:24:28 INF] 【直播间】929670 的第 64 个心跳包发送成功
[03:24:29 INF] 【直播间】22764265 的第 64 个心跳包发送成功
[03:25:21 INF] 【直播间】23357926 的第 65 个心跳包发送成功
[03:25:23 INF] 【直播间】23040372 的第 65 个心跳包发送成功
[03:25:24 INF] 【直播间】31494 的第 65 个心跳包发送成功
[03:25:25 INF] 【直播间】4015781 的第 65 个心跳包发送成功
[03:25:27 INF] 【直播间】9619073 的第 65 个心跳包发送成功
[03:25:28 INF] 【直播间】407149 的第 65 个心跳包发送成功
[03:25:29 INF] 【直播间】11732699 的第 65 个心跳包发送成功
[03:25:30 INF] 【直播间】91164 的第 65 个心跳包发送成功
[03:25:32 INF] 【直播间】7184632 的第 65 个心跳包发送成功
[03:25:33 INF] 【直播间】23447660 的第 65 个心跳包发送成功
[03:25:34 INF] 【直播间】929670 的第 65 个心跳包发送成功
[03:25:36 INF] 【直播间】22764265 的第 65 个心跳包发送成功
[03:26:29 INF] 【直播间】23357926 的第 66 个心跳包发送成功
[03:26:30 INF] 【直播间】23040372 的第 66 个心跳包发送成功
[03:26:31 INF] 【直播间】31494 的第 66 个心跳包发送成功
[03:26:32 INF] 【直播间】4015781 的第 66 个心跳包发送成功
[03:26:34 INF] 【直播间】9619073 的第 66 个心跳包发送成功
[03:26:35 INF] 【直播间】407149 的第 66 个心跳包发送成功
[03:26:36 INF] 【直播间】11732699 的第 66 个心跳包发送成功
[03:26:38 INF] 【直播间】91164 的第 66 个心跳包发送成功
[03:26:39 INF] 【直播间】7184632 的第 66 个心跳包发送成功
[03:26:40 INF] 【直播间】23447660 的第 66 个心跳包发送成功
[03:26:42 INF] 【直播间】929670 的第 66 个心跳包发送成功
[03:26:43 INF] 【直播间】22764265 的第 66 个心跳包发送成功
[03:27:35 ERR] 【心跳包】直播间 23357926 发送失败
[03:27:35 ERR] 【原因】time check failed
[03:27:36 ERR] 【心跳包】直播间 23040372 发送失败
[03:27:36 ERR] 【原因】time check failed
[03:27:38 ERR] 【心跳包】直播间 31494 发送失败
[03:27:38 ERR] 【原因】time check failed
[03:27:39 ERR] 【心跳包】直播间 4015781 发送失败
[03:27:39 ERR] 【原因】time check failed
[03:27:40 ERR] 【心跳包】直播间 9619073 发送失败
[03:27:40 ERR] 【原因】time check failed
[03:27:42 ERR] 【心跳包】直播间 407149 发送失败
[03:27:42 ERR] 【原因】time check failed
[03:27:43 ERR] 【心跳包】直播间 11732699 发送失败
[03:27:43 ERR] 【原因】time check failed
[03:27:44 ERR] 【心跳包】直播间 91164 发送失败
[03:27:44 ERR] 【原因】time check failed
[03:27:46 ERR] 【心跳包】直播间 7184632 发送失败
[03:27:46 ERR] 【原因】time check failed
[03:27:47 ERR] 【心跳包】直播间 23447660 发送失败
[03:27:47 ERR] 【原因】time check failed
[03:27:48 ERR] 【心跳包】直播间 929670 发送失败
[03:27:48 ERR] 【原因】time check failed
[03:27:50 ERR] 【心跳包】直播间 22764265 发送失败
[03:27:50 ERR] 【原因】time check failed
[03:28:42 INF] 【直播间】23357926 的第 67 个心跳包发送成功
[03:28:43 INF] 【直播间】23040372 的第 67 个心跳包发送成功
[03:28:44 INF] 【直播间】31494 的第 67 个心跳包发送成功
[03:28:45 INF] 【直播间】4015781 的第 67 个心跳包发送成功
[03:28:47 INF] 【直播间】9619073 的第 67 个心跳包发送成功
[03:28:48 INF] 【直播间】407149 的第 67 个心跳包发送成功
[03:28:49 INF] 【直播间】11732699 的第 67 个心跳包发送成功
[03:28:51 INF] 【直播间】91164 的第 67 个心跳包发送成功
[03:28:52 INF] 【直播间】7184632 的第 67 个心跳包发送成功
[03:28:53 INF] 【直播间】23447660 的第 67 个心跳包发送成功
[03:28:55 INF] 【直播间】929670 的第 67 个心跳包发送成功
[03:28:56 INF] 【直播间】22764265 的第 67 个心跳包发送成功
[03:29:48 INF] 【直播间】23357926 的第 68 个心跳包发送成功
[03:29:49 INF] 【直播间】23040372 的第 68 个心跳包发送成功
[03:29:51 INF] 【直播间】31494 的第 68 个心跳包发送成功
[03:29:52 INF] 【直播间】4015781 的第 68 个心跳包发送成功
[03:29:53 INF] 【直播间】9619073 的第 68 个心跳包发送成功
[03:29:54 INF] 【直播间】407149 的第 68 个心跳包发送成功
[03:29:56 INF] 【直播间】11732699 的第 68 个心跳包发送成功
[03:29:57 INF] 【直播间】91164 的第 68 个心跳包发送成功
[03:29:58 INF] 【直播间】7184632 的第 68 个心跳包发送成功
[03:30:00 INF] 【直播间】23447660 的第 68 个心跳包发送成功
[03:30:01 INF] 【直播间】929670 的第 68 个心跳包发送成功
[03:30:02 INF] 【直播间】22764265 的第 68 个心跳包发送成功
[03:30:55 INF] 【直播间】23357926 的第 69 个心跳包发送成功
[03:30:56 INF] 【直播间】23040372 的第 69 个心跳包发送成功
[03:30:57 INF] 【直播间】31494 的第 69 个心跳包发送成功
[03:30:59 INF] 【直播间】4015781 的第 69 个心跳包发送成功
[03:31:00 INF] 【直播间】9619073 的第 69 个心跳包发送成功
[03:31:01 INF] 【直播间】407149 的第 69 个心跳包发送成功
[03:31:02 INF] 【直播间】11732699 的第 69 个心跳包发送成功
[03:31:04 INF] 【直播间】91164 的第 69 个心跳包发送成功
[03:31:05 INF] 【直播间】7184632 的第 69 个心跳包发送成功
[03:31:06 INF] 【直播间】23447660 的第 69 个心跳包发送成功
[03:31:07 INF] 【直播间】929670 的第 69 个心跳包发送成功
[03:31:09 INF] 【直播间】22764265 的第 69 个心跳包发送成功
[03:32:02 INF] 【直播间】23357926 的第 70 个心跳包发送成功
[03:32:03 INF] 【直播间】23040372 的第 70 个心跳包发送成功
[03:32:04 INF] 【直播间】31494 的第 70 个心跳包发送成功
[03:32:06 INF] 【直播间】4015781 的第 70 个心跳包发送成功
[03:32:07 INF] 【直播间】9619073 的第 70 个心跳包发送成功
[03:32:08 INF] 【直播间】407149 的第 70 个心跳包发送成功
[03:32:09 INF] 【直播间】11732699 的第 70 个心跳包发送成功
[03:32:11 INF] 【直播间】91164 的第 70 个心跳包发送成功
[03:32:12 INF] 【直播间】7184632 的第 70 个心跳包发送成功
[03:32:13 INF] 【直播间】23447660 的第 70 个心跳包发送成功
[03:32:15 INF] 【直播间】929670 的第 70 个心跳包发送成功
[03:32:16 INF] 【直播间】22764265 的第 70 个心跳包发送成功
[03:32:16 INF] 【直播观看时长】完成情况：12/12 
[03:32:16 INF] ---------结束---------

[03:32:16 INF] ==========结束==========

[03:32:16 INF] ######### 账号 3 #########

[03:32:16 INF] =====开始 直播间互动 =====

[03:32:16 INF] ---开始 发送弹幕 ---
[03:32:16 INF] 检测到直播 Cookie 未正确配置，尝试自动配置中...
[03:32:21 INF] 直播 Cookie 配置成功！
[03:32:21 INF] 【获取直播列表】获取拥有粉丝牌的直播列表
[03:32:25 ERR] 【获取直播列表】失败
[03:32:25 ERR] 【原因】账号未登录
[03:32:25 ERR] 发送弹幕失败，继续其他任务。失败信息:Object reference not set to an instance of an object.

[03:32:25 INF] -------结束-------

[03:32:25 INF] ---开始 点赞直播间 ---
[03:32:25 INF] 【获取直播列表】获取拥有粉丝牌的直播列表
[03:32:28 ERR] 【获取直播列表】失败
[03:32:28 ERR] 【原因】账号未登录
[03:32:28 ERR] 点赞直播间失败，继续其他任务。失败信息:Object reference not set to an instance of an object.

[03:32:28 INF] --------结束--------

[03:32:28 INF] ---开始 直播时长挂机 ---
[03:32:28 INF] 【获取直播列表】获取拥有粉丝牌的直播列表
[03:32:34 ERR] 【获取直播列表】失败
[03:32:34 ERR] 【原因】账号未登录
[03:32:34 ERR] 直播时长挂机失败，继续其他任务。失败信息:Object reference not set to an instance of an object.

[03:32:34 INF] ---------结束---------

[03:32:34 INF] ==========结束==========

[03:32:34 INF] 

========================

 v2.0.1 开源 by https://github.com/RayWangQvQ/BiliBiliToolPro

[03:32:34 INF] ·开始推送·LiveFansMedal任务·
2023-11-07T19:32:34.3588225Z 开始推送到:PushPlus
2023-11-07T19:32:35.7040855Z Response status: OK.
2023-11-07T19:32:35.7041249Z Response content: {"code":999,"msg":"发送内容过大，不能超过2万字","data":null}.

[03:32:35 INF] 运行环境：Development
[03:32:35 INF] 应用目录：/home/runner/work/BiliBiliToolPro/BiliBiliToolPro/src/Ray.BiliBiliTool.Console/bin/Debug/net6.0/

[03:32:35 INF] 运行结束
