----------- ip 信息 ---------
{
  "ip": "40.65.196.153",
  "city": "Boydton",
  "region": "Virginia",
  "country": "US",
  "loc": "36.6676,-78.3875",
  "org": "AS8075 Microsoft Corporation",
  "postal": "23917",
  "timezone": "America/New_York",
  "readme": "https://ipinfo.io/missingauth"
} ---------- end ------------
  ____               ____    _   _____           _  
 |  _ \ __ _ _   _  | __ ) _| |_|_   _|__   ___ | | 
 | |_) / _` | | | | |  _ \(_) (_) | |/ _ \ / _ \| | 
 |  _ < (_| | |_| | | |_) | | | | | | (_) | (_) | | 
 |_| \_\__,_|\__, | |____/|_|_|_| |_|\___/ \___/|_| 
             |___/                                  

[00:28:57 INF] BiliBiliToolPro 开始运行...

[00:28:57 INF] 【账号个数】3个

[00:28:57 INF] 随机休眠3分钟

[00:31:57 INF] 【目标任务】LiveFansMedal
[00:31:57 INF] ######### 账号 1 #########

[00:31:57 INF] =====开始 直播间互动 =====

[00:31:57 INF] ---开始 发送弹幕 ---
[00:31:57 INF] 检测到直播 Cookie 未正确配置，尝试自动配置中...
[00:32:01 INF] 直播 Cookie 配置成功！
[00:32:01 INF] 【获取直播列表】获取拥有粉丝牌的直播列表
[00:32:08 INF] 【主播】Mark陌枫 
[00:32:22 INF] 【主播】KL_qiqi_ 
[00:32:36 INF] 【主播】苏打baka 
[00:32:52 INF] 【直播间】Mark陌枫
[00:32:52 INF] 【粉丝牌】馬楓
[00:32:52 INF] 正在发送弹幕...
[00:32:59 INF] 【直播间】KL_qiqi_
[00:32:59 INF] 【粉丝牌】qiqisb
[00:32:59 INF] 正在发送弹幕...
[00:33:02 INF] 【直播间】苏打baka
[00:33:02 INF] 【粉丝牌】碳酸钠
[00:33:02 INF] 正在发送弹幕...
[00:33:07 INF] -------结束-------

[00:33:07 INF] ---开始 点赞直播间 ---
[00:33:07 INF] 【获取直播列表】获取拥有粉丝牌的直播列表
[00:33:12 INF] 【主播】Mark陌枫 
[00:33:12 INF] 【弹幕发送】成功~，你和主播 Mark陌枫 的亲密值增加了100！
[00:33:14 INF] 【弹幕发送】成功~，你和主播 KL_qiqi_ 的亲密值增加了100！
[00:33:20 INF] 【弹幕发送】成功~，你和主播 苏打baka 的亲密值增加了100！
[00:33:29 INF] 【主播】KL_qiqi_ 
[00:33:48 INF] 【主播】苏打baka 
[00:34:13 INF] 【点赞直播间】23357926 完成
[00:34:17 INF] 【点赞直播间】407149 完成
[00:34:23 INF] --------结束--------

[00:34:23 INF] ---开始 直播时长挂机 ---
[00:34:23 INF] 【获取直播列表】获取拥有粉丝牌的直播列表
[00:34:23 INF] 【点赞直播间】23040372 完成
[00:34:30 INF] 【主播】Mark陌枫 
[00:34:45 INF] 【主播】KL_qiqi_ 
[00:35:00 INF] 【主播】苏打baka 
[00:35:14 INF] 【直播间】23357926 的第 1 个心跳包发送成功
[00:35:15 INF] 【直播间】407149 的第 1 个心跳包发送成功
[00:35:17 INF] 【直播间】23040372 的第 1 个心跳包发送成功
[00:36:21 INF] 【直播间】23357926 的第 2 个心跳包发送成功
[00:36:22 INF] 【直播间】407149 的第 2 个心跳包发送成功
[00:36:23 INF] 【直播间】23040372 的第 2 个心跳包发送成功
[00:37:28 INF] 【直播间】23357926 的第 3 个心跳包发送成功
[00:37:29 INF] 【直播间】407149 的第 3 个心跳包发送成功
[00:37:30 INF] 【直播间】23040372 的第 3 个心跳包发送成功
[00:38:34 INF] 【直播间】23357926 的第 4 个心跳包发送成功
[00:38:36 INF] 【直播间】407149 的第 4 个心跳包发送成功
[00:38:37 INF] 【直播间】23040372 的第 4 个心跳包发送成功
[00:39:41 INF] 【直播间】23357926 的第 5 个心跳包发送成功
[00:39:42 INF] 【直播间】407149 的第 5 个心跳包发送成功
[00:39:43 INF] 【直播间】23040372 的第 5 个心跳包发送成功
[00:40:47 INF] 【直播间】23357926 的第 6 个心跳包发送成功
[00:40:48 INF] 【直播间】407149 的第 6 个心跳包发送成功
[00:40:50 INF] 【直播间】23040372 的第 6 个心跳包发送成功
[00:41:54 INF] 【直播间】23357926 的第 7 个心跳包发送成功
[00:41:55 INF] 【直播间】407149 的第 7 个心跳包发送成功
[00:41:56 INF] 【直播间】23040372 的第 7 个心跳包发送成功
[00:43:01 INF] 【直播间】23357926 的第 8 个心跳包发送成功
[00:43:02 INF] 【直播间】407149 的第 8 个心跳包发送成功
[00:43:03 INF] 【直播间】23040372 的第 8 个心跳包发送成功
[00:44:07 INF] 【直播间】23357926 的第 9 个心跳包发送成功
[00:44:08 INF] 【直播间】407149 的第 9 个心跳包发送成功
[00:44:10 INF] 【直播间】23040372 的第 9 个心跳包发送成功
[00:45:14 INF] 【直播间】23357926 的第 10 个心跳包发送成功
[00:45:15 INF] 【直播间】407149 的第 10 个心跳包发送成功
[00:45:16 INF] 【直播间】23040372 的第 10 个心跳包发送成功
[00:46:20 INF] 【直播间】23357926 的第 11 个心跳包发送成功
[00:46:21 INF] 【直播间】407149 的第 11 个心跳包发送成功
[00:46:23 INF] 【直播间】23040372 的第 11 个心跳包发送成功
[00:47:27 INF] 【直播间】23357926 的第 12 个心跳包发送成功
[00:47:28 INF] 【直播间】407149 的第 12 个心跳包发送成功
[00:47:29 INF] 【直播间】23040372 的第 12 个心跳包发送成功
[00:48:33 INF] 【直播间】23357926 的第 13 个心跳包发送成功
[00:48:35 INF] 【直播间】407149 的第 13 个心跳包发送成功
[00:48:36 INF] 【直播间】23040372 的第 13 个心跳包发送成功
[00:49:40 INF] 【直播间】23357926 的第 14 个心跳包发送成功
[00:49:41 INF] 【直播间】407149 的第 14 个心跳包发送成功
[00:49:43 INF] 【直播间】23040372 的第 14 个心跳包发送成功
[00:50:47 ERR] 【心跳包】直播间 23357926 发送失败
[00:50:47 ERR] 【原因】time check failed
[00:50:48 ERR] 【心跳包】直播间 407149 发送失败
[00:50:48 ERR] 【原因】time check failed
[00:50:49 ERR] 【心跳包】直播间 23040372 发送失败
[00:50:49 ERR] 【原因】time check failed
[00:51:53 INF] 【直播间】23357926 的第 15 个心跳包发送成功
[00:51:55 INF] 【直播间】407149 的第 15 个心跳包发送成功
[00:51:56 INF] 【直播间】23040372 的第 15 个心跳包发送成功
[00:53:00 INF] 【直播间】23357926 的第 16 个心跳包发送成功
[00:53:01 INF] 【直播间】407149 的第 16 个心跳包发送成功
[00:53:02 INF] 【直播间】23040372 的第 16 个心跳包发送成功
[00:54:07 INF] 【直播间】23357926 的第 17 个心跳包发送成功
[00:54:08 INF] 【直播间】407149 的第 17 个心跳包发送成功
[00:54:09 INF] 【直播间】23040372 的第 17 个心跳包发送成功
[00:55:13 INF] 【直播间】23357926 的第 18 个心跳包发送成功
[00:55:14 INF] 【直播间】407149 的第 18 个心跳包发送成功
[00:55:16 INF] 【直播间】23040372 的第 18 个心跳包发送成功
[00:56:20 INF] 【直播间】23357926 的第 19 个心跳包发送成功
[00:56:21 INF] 【直播间】407149 的第 19 个心跳包发送成功
[00:56:22 INF] 【直播间】23040372 的第 19 个心跳包发送成功
[00:57:26 INF] 【直播间】23357926 的第 20 个心跳包发送成功
[00:57:28 INF] 【直播间】407149 的第 20 个心跳包发送成功
[00:57:29 INF] 【直播间】23040372 的第 20 个心跳包发送成功
[00:58:33 INF] 【直播间】23357926 的第 21 个心跳包发送成功
[00:58:34 INF] 【直播间】407149 的第 21 个心跳包发送成功
[00:58:35 INF] 【直播间】23040372 的第 21 个心跳包发送成功
[00:59:39 INF] 【直播间】23357926 的第 22 个心跳包发送成功
[00:59:41 INF] 【直播间】407149 的第 22 个心跳包发送成功
[00:59:42 INF] 【直播间】23040372 的第 22 个心跳包发送成功
[01:00:46 INF] 【直播间】23357926 的第 23 个心跳包发送成功
[01:00:47 INF] 【直播间】407149 的第 23 个心跳包发送成功
[01:00:48 INF] 【直播间】23040372 的第 23 个心跳包发送成功
[01:01:53 INF] 【直播间】23357926 的第 24 个心跳包发送成功
[01:01:54 INF] 【直播间】407149 的第 24 个心跳包发送成功
[01:01:55 INF] 【直播间】23040372 的第 24 个心跳包发送成功
[01:02:59 INF] 【直播间】23357926 的第 25 个心跳包发送成功
[01:03:00 INF] 【直播间】407149 的第 25 个心跳包发送成功
[01:03:02 INF] 【直播间】23040372 的第 25 个心跳包发送成功
[01:04:06 INF] 【直播间】23357926 的第 26 个心跳包发送成功
[01:04:07 INF] 【直播间】407149 的第 26 个心跳包发送成功
[01:04:08 INF] 【直播间】23040372 的第 26 个心跳包发送成功
[01:05:12 INF] 【直播间】23357926 的第 27 个心跳包发送成功
[01:05:14 INF] 【直播间】407149 的第 27 个心跳包发送成功
[01:05:15 INF] 【直播间】23040372 的第 27 个心跳包发送成功
[01:06:19 ERR] 【心跳包】直播间 23357926 发送失败
[01:06:19 ERR] 【原因】time check failed
[01:06:20 ERR] 【心跳包】直播间 407149 发送失败
[01:06:20 ERR] 【原因】time check failed
[01:06:21 ERR] 【心跳包】直播间 23040372 发送失败
[01:06:21 ERR] 【原因】time check failed
[01:07:26 INF] 【直播间】23357926 的第 28 个心跳包发送成功
[01:07:27 INF] 【直播间】407149 的第 28 个心跳包发送成功
[01:07:28 INF] 【直播间】23040372 的第 28 个心跳包发送成功
[01:08:32 INF] 【直播间】23357926 的第 29 个心跳包发送成功
[01:08:33 INF] 【直播间】407149 的第 29 个心跳包发送成功
[01:08:35 INF] 【直播间】23040372 的第 29 个心跳包发送成功
[01:09:39 INF] 【直播间】23357926 的第 30 个心跳包发送成功
[01:09:40 INF] 【直播间】407149 的第 30 个心跳包发送成功
[01:09:41 INF] 【直播间】23040372 的第 30 个心跳包发送成功
[01:10:45 INF] 【直播间】23357926 的第 31 个心跳包发送成功
[01:10:47 INF] 【直播间】407149 的第 31 个心跳包发送成功
[01:10:48 INF] 【直播间】23040372 的第 31 个心跳包发送成功
[01:11:52 INF] 【直播间】23357926 的第 32 个心跳包发送成功
[01:11:53 INF] 【直播间】407149 的第 32 个心跳包发送成功
[01:11:55 INF] 【直播间】23040372 的第 32 个心跳包发送成功
[01:12:59 INF] 【直播间】23357926 的第 33 个心跳包发送成功
[01:13:00 INF] 【直播间】407149 的第 33 个心跳包发送成功
[01:13:01 INF] 【直播间】23040372 的第 33 个心跳包发送成功
[01:14:06 INF] 【直播间】23357926 的第 34 个心跳包发送成功
[01:14:07 INF] 【直播间】407149 的第 34 个心跳包发送成功
[01:14:08 INF] 【直播间】23040372 的第 34 个心跳包发送成功
[01:15:12 INF] 【直播间】23357926 的第 35 个心跳包发送成功
[01:15:13 INF] 【直播间】407149 的第 35 个心跳包发送成功
[01:15:15 INF] 【直播间】23040372 的第 35 个心跳包发送成功
[01:16:19 INF] 【直播间】23357926 的第 36 个心跳包发送成功
[01:16:20 INF] 【直播间】407149 的第 36 个心跳包发送成功
[01:16:22 INF] 【直播间】23040372 的第 36 个心跳包发送成功
[01:17:25 INF] 【直播间】23357926 的第 37 个心跳包发送成功
[01:17:27 INF] 【直播间】407149 的第 37 个心跳包发送成功
[01:17:28 INF] 【直播间】23040372 的第 37 个心跳包发送成功
[01:18:32 INF] 【直播间】23357926 的第 38 个心跳包发送成功
[01:18:33 INF] 【直播间】407149 的第 38 个心跳包发送成功
[01:18:35 INF] 【直播间】23040372 的第 38 个心跳包发送成功
[01:19:39 INF] 【直播间】23357926 的第 39 个心跳包发送成功
[01:19:40 INF] 【直播间】407149 的第 39 个心跳包发送成功
[01:19:41 INF] 【直播间】23040372 的第 39 个心跳包发送成功
[01:20:45 INF] 【直播间】23357926 的第 40 个心跳包发送成功
[01:20:46 INF] 【直播间】407149 的第 40 个心跳包发送成功
[01:20:48 INF] 【直播间】23040372 的第 40 个心跳包发送成功
[01:21:52 ERR] 【心跳包】直播间 23357926 发送失败
[01:21:52 ERR] 【原因】time check failed
[01:21:53 ERR] 【心跳包】直播间 407149 发送失败
[01:21:53 ERR] 【原因】time check failed
[01:21:54 ERR] 【心跳包】直播间 23040372 发送失败
[01:21:54 ERR] 【原因】time check failed
[01:22:58 INF] 【直播间】23357926 的第 41 个心跳包发送成功
[01:23:00 INF] 【直播间】407149 的第 41 个心跳包发送成功
[01:23:01 INF] 【直播间】23040372 的第 41 个心跳包发送成功
[01:24:05 INF] 【直播间】23357926 的第 42 个心跳包发送成功
[01:24:06 INF] 【直播间】407149 的第 42 个心跳包发送成功
[01:24:08 INF] 【直播间】23040372 的第 42 个心跳包发送成功
[01:25:12 INF] 【直播间】23357926 的第 43 个心跳包发送成功
[01:25:13 INF] 【直播间】407149 的第 43 个心跳包发送成功
[01:25:14 INF] 【直播间】23040372 的第 43 个心跳包发送成功
[01:26:18 INF] 【直播间】23357926 的第 44 个心跳包发送成功
[01:26:20 INF] 【直播间】407149 的第 44 个心跳包发送成功
[01:26:21 INF] 【直播间】23040372 的第 44 个心跳包发送成功
[01:27:25 INF] 【直播间】23357926 的第 45 个心跳包发送成功
[01:27:26 INF] 【直播间】407149 的第 45 个心跳包发送成功
[01:27:27 INF] 【直播间】23040372 的第 45 个心跳包发送成功
[01:28:31 INF] 【直播间】23357926 的第 46 个心跳包发送成功
[01:28:33 INF] 【直播间】407149 的第 46 个心跳包发送成功
[01:28:34 INF] 【直播间】23040372 的第 46 个心跳包发送成功
[01:29:38 INF] 【直播间】23357926 的第 47 个心跳包发送成功
[01:29:39 INF] 【直播间】407149 的第 47 个心跳包发送成功
[01:29:41 INF] 【直播间】23040372 的第 47 个心跳包发送成功
[01:30:45 INF] 【直播间】23357926 的第 48 个心跳包发送成功
[01:30:46 INF] 【直播间】407149 的第 48 个心跳包发送成功
[01:30:47 INF] 【直播间】23040372 的第 48 个心跳包发送成功
[01:31:51 INF] 【直播间】23357926 的第 49 个心跳包发送成功
[01:31:52 INF] 【直播间】407149 的第 49 个心跳包发送成功
[01:31:54 INF] 【直播间】23040372 的第 49 个心跳包发送成功
[01:32:58 INF] 【直播间】23357926 的第 50 个心跳包发送成功
[01:32:59 INF] 【直播间】407149 的第 50 个心跳包发送成功
[01:33:00 INF] 【直播间】23040372 的第 50 个心跳包发送成功
[01:34:04 INF] 【直播间】23357926 的第 51 个心跳包发送成功
[01:34:05 INF] 【直播间】407149 的第 51 个心跳包发送成功
[01:34:07 INF] 【直播间】23040372 的第 51 个心跳包发送成功
[01:35:11 INF] 【直播间】23357926 的第 52 个心跳包发送成功
[01:35:12 INF] 【直播间】407149 的第 52 个心跳包发送成功
[01:35:13 INF] 【直播间】23040372 的第 52 个心跳包发送成功
[01:36:18 INF] 【直播间】23357926 的第 53 个心跳包发送成功
[01:36:19 INF] 【直播间】407149 的第 53 个心跳包发送成功
[01:36:20 INF] 【直播间】23040372 的第 53 个心跳包发送成功
[01:37:24 ERR] 【心跳包】直播间 23357926 发送失败
[01:37:24 ERR] 【原因】time check failed
[01:37:25 ERR] 【心跳包】直播间 407149 发送失败
[01:37:25 ERR] 【原因】time check failed
[01:37:27 ERR] 【心跳包】直播间 23040372 发送失败
[01:37:27 ERR] 【原因】time check failed
[01:38:31 INF] 【直播间】23357926 的第 54 个心跳包发送成功
[01:38:32 INF] 【直播间】407149 的第 54 个心跳包发送成功
[01:38:33 INF] 【直播间】23040372 的第 54 个心跳包发送成功
[01:39:37 INF] 【直播间】23357926 的第 55 个心跳包发送成功
[01:39:39 INF] 【直播间】407149 的第 55 个心跳包发送成功
[01:39:40 INF] 【直播间】23040372 的第 55 个心跳包发送成功
[01:40:44 INF] 【直播间】23357926 的第 56 个心跳包发送成功
[01:40:45 INF] 【直播间】407149 的第 56 个心跳包发送成功
[01:40:46 INF] 【直播间】23040372 的第 56 个心跳包发送成功
[01:41:51 INF] 【直播间】23357926 的第 57 个心跳包发送成功
[01:41:52 INF] 【直播间】407149 的第 57 个心跳包发送成功
[01:41:53 INF] 【直播间】23040372 的第 57 个心跳包发送成功
[01:42:57 INF] 【直播间】23357926 的第 58 个心跳包发送成功
[01:42:58 INF] 【直播间】407149 的第 58 个心跳包发送成功
[01:43:00 INF] 【直播间】23040372 的第 58 个心跳包发送成功
[01:44:04 INF] 【直播间】23357926 的第 59 个心跳包发送成功
[01:44:05 INF] 【直播间】407149 的第 59 个心跳包发送成功
[01:44:06 INF] 【直播间】23040372 的第 59 个心跳包发送成功
[01:45:11 INF] 【直播间】23357926 的第 60 个心跳包发送成功
[01:45:12 INF] 【直播间】407149 的第 60 个心跳包发送成功
[01:45:13 INF] 【直播间】23040372 的第 60 个心跳包发送成功
[01:46:17 INF] 【直播间】23357926 的第 61 个心跳包发送成功
[01:46:18 INF] 【直播间】407149 的第 61 个心跳包发送成功
[01:46:20 INF] 【直播间】23040372 的第 61 个心跳包发送成功
[01:47:24 INF] 【直播间】23357926 的第 62 个心跳包发送成功
[01:47:25 INF] 【直播间】407149 的第 62 个心跳包发送成功
[01:47:26 INF] 【直播间】23040372 的第 62 个心跳包发送成功
[01:48:30 INF] 【直播间】23357926 的第 63 个心跳包发送成功
[01:48:31 INF] 【直播间】407149 的第 63 个心跳包发送成功
[01:48:33 INF] 【直播间】23040372 的第 63 个心跳包发送成功
[01:49:37 INF] 【直播间】23357926 的第 64 个心跳包发送成功
[01:49:38 INF] 【直播间】407149 的第 64 个心跳包发送成功
[01:49:40 INF] 【直播间】23040372 的第 64 个心跳包发送成功
[01:50:44 INF] 【直播间】23357926 的第 65 个心跳包发送成功
[01:50:45 INF] 【直播间】407149 的第 65 个心跳包发送成功
[01:50:46 INF] 【直播间】23040372 的第 65 个心跳包发送成功
[01:51:50 INF] 【直播间】23357926 的第 66 个心跳包发送成功
[01:51:51 INF] 【直播间】407149 的第 66 个心跳包发送成功
[01:51:53 INF] 【直播间】23040372 的第 66 个心跳包发送成功
[01:52:57 ERR] 【心跳包】直播间 23357926 发送失败
[01:52:57 ERR] 【原因】time check failed
[01:52:58 ERR] 【心跳包】直播间 407149 发送失败
[01:52:58 ERR] 【原因】time check failed
[01:52:59 ERR] 【心跳包】直播间 23040372 发送失败
[01:52:59 ERR] 【原因】time check failed
[01:54:03 INF] 【直播间】23357926 的第 67 个心跳包发送成功
[01:54:05 INF] 【直播间】407149 的第 67 个心跳包发送成功
[01:54:06 INF] 【直播间】23040372 的第 67 个心跳包发送成功
[01:55:10 INF] 【直播间】23357926 的第 68 个心跳包发送成功
[01:55:11 INF] 【直播间】407149 的第 68 个心跳包发送成功
[01:55:12 INF] 【直播间】23040372 的第 68 个心跳包发送成功
[01:56:16 INF] 【直播间】23357926 的第 69 个心跳包发送成功
[01:56:18 INF] 【直播间】407149 的第 69 个心跳包发送成功
[01:56:19 INF] 【直播间】23040372 的第 69 个心跳包发送成功
[01:57:23 INF] 【直播间】23357926 的第 70 个心跳包发送成功
[01:57:24 INF] 【直播间】407149 的第 70 个心跳包发送成功
[01:57:26 INF] 【直播间】23040372 的第 70 个心跳包发送成功
[01:57:26 INF] 【直播观看时长】完成情况：3/3 
[01:57:26 INF] ---------结束---------

[01:57:26 INF] ==========结束==========

[01:57:26 INF] ######### 账号 2 #########

[01:57:26 INF] =====开始 直播间互动 =====

[01:57:26 INF] ---开始 发送弹幕 ---
[01:57:26 INF] 检测到直播 Cookie 未正确配置，尝试自动配置中...
[01:57:33 INF] 直播 Cookie 配置成功！
[01:57:33 INF] 【获取直播列表】获取拥有粉丝牌的直播列表
[01:57:39 INF] 【主播】Mark陌枫 
[01:57:56 INF] 【主播】苏打baka 
[01:58:16 INF] 【主播】特别中二的q3君 
[01:58:33 INF] 【主播】陈抱一 
[01:58:51 INF] 【主播】贪玩的小毅 
[01:59:09 INF] 【主播】KL_qiqi_ 
[01:59:27 INF] 【主播】悠悠球琛总 
[01:59:45 INF] 【主播】新石器公园 
[01:59:56 INF] 【主播】脏小豆 
[02:00:12 INF] 【主播】记录生活的蛋黄派 
[02:00:31 INF] 【主播】FoFTG 
[02:00:48 INF] 【主播】李船长笔记 
[02:01:05 INF] 【直播间】Mark陌枫
[02:01:05 INF] 【粉丝牌】馬楓
[02:01:05 INF] 正在发送弹幕...
[02:01:09 INF] 【直播间】苏打baka
[02:01:09 INF] 【粉丝牌】碳酸钠
[02:01:09 INF] 正在发送弹幕...
[02:01:14 INF] 【直播间】特别中二的q3君
[02:01:14 INF] 【粉丝牌】q3GG
[02:01:14 INF] 正在发送弹幕...
[02:01:17 INF] 【直播间】陈抱一
[02:01:17 INF] 【粉丝牌】陈抱一
[02:01:17 INF] 正在发送弹幕...
[02:01:20 INF] 【弹幕发送】成功~，你和主播 Mark陌枫 的亲密值增加了100！
[02:01:23 INF] 【直播间】贪玩的小毅
[02:01:23 INF] 【粉丝牌】大大毅
[02:01:23 INF] 正在发送弹幕...
[02:01:25 INF] 【弹幕发送】成功~，你和主播 苏打baka 的亲密值增加了100！
[02:01:26 INF] 【直播间】KL_qiqi_
[02:01:26 INF] 【粉丝牌】qiqisb
[02:01:26 INF] 正在发送弹幕...
[02:01:30 INF] 【弹幕发送】成功~，你和主播 特别中二的q3君 的亲密值增加了100！
[02:01:31 INF] 【直播间】悠悠球琛总
[02:01:31 INF] 【粉丝牌】i琛
[02:01:31 INF] 正在发送弹幕...
[02:01:34 INF] 【弹幕发送】成功~，你和主播 贪玩的小毅 的亲密值增加了100！
[02:01:35 INF] 【弹幕发送】成功~，你和主播 陈抱一 的亲密值增加了100！
[02:01:35 INF] 【直播间】新石器公园
[02:01:35 INF] 【粉丝牌】东园主
[02:01:35 INF] 正在发送弹幕...
[02:01:41 INF] 【弹幕发送】成功~，你和主播 KL_qiqi_ 的亲密值增加了100！
[02:01:42 INF] 【直播间】脏小豆
[02:01:42 INF] 【粉丝牌】豆豆浆
[02:01:42 INF] 正在发送弹幕...
[02:01:45 INF] 【弹幕发送】成功~，你和主播 悠悠球琛总 的亲密值增加了100！
[02:01:47 INF] 【直播间】记录生活的蛋黄派
[02:01:47 INF] 【粉丝牌】派派派
[02:01:47 INF] 正在发送弹幕...
[02:01:52 INF] 【弹幕发送】成功~，你和主播 新石器公园 的亲密值增加了100！
[02:01:53 INF] 【直播间】FoFTG
[02:01:53 INF] 【粉丝牌】FOFTG
[02:01:53 INF] 正在发送弹幕...
[02:01:54 INF] 【弹幕发送】成功~，你和主播 脏小豆 的亲密值增加了100！
[02:01:58 INF] 【直播间】李船长笔记
[02:01:58 INF] 【粉丝牌】航海仕
[02:01:58 INF] 正在发送弹幕...
[02:02:03 INF] -------结束-------

[02:02:03 INF] ---开始 点赞直播间 ---
[02:02:03 INF] 【获取直播列表】获取拥有粉丝牌的直播列表
[02:02:06 INF] 【弹幕发送】成功~，你和主播 FoFTG 的亲密值增加了100！
[02:02:06 ERR] 【弹幕发送】失败
[02:02:06 ERR] 【原因】您发送弹幕的频率过快
[02:02:07 INF] 【主播】Mark陌枫 
[02:02:12 INF] 【弹幕发送】成功~，你和主播 李船长笔记 的亲密值增加了100！
[02:02:28 INF] 【主播】苏打baka 
[02:02:42 INF] 【主播】特别中二的q3君 
[02:03:01 INF] 【主播】陈抱一 
[02:03:17 INF] 【主播】贪玩的小毅 
[02:03:31 INF] 【主播】KL_qiqi_ 
[02:03:51 INF] 【主播】悠悠球琛总 
[02:04:07 INF] 【主播】新石器公园 
[02:04:21 INF] 【主播】脏小豆 
[02:04:36 INF] 【主播】记录生活的蛋黄派 
[02:04:50 INF] 【主播】FoFTG 
[02:05:07 INF] 【主播】李船长笔记 
[02:05:30 INF] 【点赞直播间】23357926 完成
[02:05:35 INF] 【点赞直播间】23040372 完成
[02:05:42 INF] 【点赞直播间】31494 完成
[02:05:46 INF] 【点赞直播间】4015781 完成
[02:05:51 INF] 【点赞直播间】9619073 完成
[02:05:57 INF] 【点赞直播间】407149 完成
[02:06:02 INF] 【点赞直播间】7184632 完成
[02:06:05 INF] 【点赞直播间】23447660 完成
[02:06:12 INF] 【点赞直播间】929670 完成
[02:06:16 INF] 【点赞直播间】11732699 完成
[02:06:22 INF] 【点赞直播间】91164 完成
[02:06:28 INF] --------结束--------

[02:06:28 INF] ---开始 直播时长挂机 ---
[02:06:28 INF] 【获取直播列表】获取拥有粉丝牌的直播列表
[02:06:28 INF] 【点赞直播间】22764265 完成
[02:06:33 INF] 【主播】Mark陌枫 
[02:06:48 INF] 【主播】苏打baka 
[02:07:06 INF] 【主播】特别中二的q3君 
[02:07:24 INF] 【主播】陈抱一 
[02:07:37 INF] 【主播】贪玩的小毅 
[02:07:51 INF] 【主播】KL_qiqi_ 
[02:08:05 INF] 【主播】悠悠球琛总 
[02:08:26 INF] 【主播】新石器公园 
[02:08:41 INF] 【主播】脏小豆 
[02:08:53 INF] 【主播】记录生活的蛋黄派 
[02:09:10 INF] 【主播】FoFTG 
[02:09:31 INF] 【主播】李船长笔记 
[02:09:53 INF] 【直播间】23357926 的第 1 个心跳包发送成功
[02:09:54 INF] 【直播间】23040372 的第 1 个心跳包发送成功
[02:09:55 INF] 【直播间】31494 的第 1 个心跳包发送成功
[02:09:57 INF] 【直播间】4015781 的第 1 个心跳包发送成功
[02:09:58 INF] 【直播间】9619073 的第 1 个心跳包发送成功
[02:09:59 INF] 【直播间】407149 的第 1 个心跳包发送成功
[02:10:00 INF] 【直播间】7184632 的第 1 个心跳包发送成功
[02:10:02 INF] 【直播间】23447660 的第 1 个心跳包发送成功
[02:10:03 INF] 【直播间】929670 的第 1 个心跳包发送成功
[02:10:04 INF] 【直播间】11732699 的第 1 个心跳包发送成功
[02:10:05 INF] 【直播间】91164 的第 1 个心跳包发送成功
[02:10:07 INF] 【直播间】22764265 的第 1 个心跳包发送成功
[02:10:59 INF] 【直播间】23357926 的第 2 个心跳包发送成功
[02:11:01 INF] 【直播间】23040372 的第 2 个心跳包发送成功
[02:11:02 INF] 【直播间】31494 的第 2 个心跳包发送成功
[02:11:03 INF] 【直播间】4015781 的第 2 个心跳包发送成功
[02:11:04 INF] 【直播间】9619073 的第 2 个心跳包发送成功
[02:11:06 INF] 【直播间】407149 的第 2 个心跳包发送成功
[02:11:07 INF] 【直播间】7184632 的第 2 个心跳包发送成功
[02:11:08 INF] 【直播间】23447660 的第 2 个心跳包发送成功
[02:11:09 INF] 【直播间】929670 的第 2 个心跳包发送成功
[02:11:11 INF] 【直播间】11732699 的第 2 个心跳包发送成功
[02:11:12 INF] 【直播间】91164 的第 2 个心跳包发送成功
[02:11:13 INF] 【直播间】22764265 的第 2 个心跳包发送成功
[02:12:06 INF] 【直播间】23357926 的第 3 个心跳包发送成功
[02:12:07 INF] 【直播间】23040372 的第 3 个心跳包发送成功
[02:12:09 INF] 【直播间】31494 的第 3 个心跳包发送成功
[02:12:10 INF] 【直播间】4015781 的第 3 个心跳包发送成功
[02:12:11 INF] 【直播间】9619073 的第 3 个心跳包发送成功
[02:12:12 INF] 【直播间】407149 的第 3 个心跳包发送成功
[02:12:14 INF] 【直播间】7184632 的第 3 个心跳包发送成功
[02:12:15 INF] 【直播间】23447660 的第 3 个心跳包发送成功
[02:12:16 INF] 【直播间】929670 的第 3 个心跳包发送成功
[02:12:17 INF] 【直播间】11732699 的第 3 个心跳包发送成功
[02:12:19 INF] 【直播间】91164 的第 3 个心跳包发送成功
[02:12:20 INF] 【直播间】22764265 的第 3 个心跳包发送成功
[02:13:13 INF] 【直播间】23357926 的第 4 个心跳包发送成功
[02:13:14 INF] 【直播间】23040372 的第 4 个心跳包发送成功
[02:13:15 INF] 【直播间】31494 的第 4 个心跳包发送成功
[02:13:17 INF] 【直播间】4015781 的第 4 个心跳包发送成功
[02:13:18 INF] 【直播间】9619073 的第 4 个心跳包发送成功
[02:13:19 INF] 【直播间】407149 的第 4 个心跳包发送成功
[02:13:21 INF] 【直播间】7184632 的第 4 个心跳包发送成功
[02:13:22 INF] 【直播间】23447660 的第 4 个心跳包发送成功
[02:13:23 INF] 【直播间】929670 的第 4 个心跳包发送成功
[02:13:24 INF] 【直播间】11732699 的第 4 个心跳包发送成功
[02:13:26 INF] 【直播间】91164 的第 4 个心跳包发送成功
[02:13:27 INF] 【直播间】22764265 的第 4 个心跳包发送成功
[02:14:19 INF] 【直播间】23357926 的第 5 个心跳包发送成功
[02:14:20 INF] 【直播间】23040372 的第 5 个心跳包发送成功
[02:14:22 INF] 【直播间】31494 的第 5 个心跳包发送成功
[02:14:23 INF] 【直播间】4015781 的第 5 个心跳包发送成功
[02:14:24 INF] 【直播间】9619073 的第 5 个心跳包发送成功
[02:14:26 INF] 【直播间】407149 的第 5 个心跳包发送成功
[02:14:27 INF] 【直播间】7184632 的第 5 个心跳包发送成功
[02:14:28 INF] 【直播间】23447660 的第 5 个心跳包发送成功
[02:14:29 INF] 【直播间】929670 的第 5 个心跳包发送成功
[02:14:31 INF] 【直播间】11732699 的第 5 个心跳包发送成功
[02:14:32 INF] 【直播间】91164 的第 5 个心跳包发送成功
[02:14:33 INF] 【直播间】22764265 的第 5 个心跳包发送成功
[02:15:26 INF] 【直播间】23357926 的第 6 个心跳包发送成功
[02:15:27 INF] 【直播间】23040372 的第 6 个心跳包发送成功
[02:15:28 INF] 【直播间】31494 的第 6 个心跳包发送成功
[02:15:30 INF] 【直播间】4015781 的第 6 个心跳包发送成功
[02:15:31 INF] 【直播间】9619073 的第 6 个心跳包发送成功
[02:15:32 INF] 【直播间】407149 的第 6 个心跳包发送成功
[02:15:34 INF] 【直播间】7184632 的第 6 个心跳包发送成功
[02:15:35 INF] 【直播间】23447660 的第 6 个心跳包发送成功
[02:15:36 INF] 【直播间】929670 的第 6 个心跳包发送成功
[02:15:37 INF] 【直播间】11732699 的第 6 个心跳包发送成功
[02:15:38 INF] 【直播间】91164 的第 6 个心跳包发送成功
[02:15:40 INF] 【直播间】22764265 的第 6 个心跳包发送成功
[02:16:32 INF] 【直播间】23357926 的第 7 个心跳包发送成功
[02:16:34 INF] 【直播间】23040372 的第 7 个心跳包发送成功
[02:16:35 INF] 【直播间】31494 的第 7 个心跳包发送成功
[02:16:36 INF] 【直播间】4015781 的第 7 个心跳包发送成功
[02:16:37 INF] 【直播间】9619073 的第 7 个心跳包发送成功
[02:16:39 INF] 【直播间】407149 的第 7 个心跳包发送成功
[02:16:40 INF] 【直播间】7184632 的第 7 个心跳包发送成功
[02:16:41 INF] 【直播间】23447660 的第 7 个心跳包发送成功
[02:16:42 INF] 【直播间】929670 的第 7 个心跳包发送成功
[02:16:44 INF] 【直播间】11732699 的第 7 个心跳包发送成功
[02:16:45 INF] 【直播间】91164 的第 7 个心跳包发送成功
[02:16:46 INF] 【直播间】22764265 的第 7 个心跳包发送成功
[02:17:39 INF] 【直播间】23357926 的第 8 个心跳包发送成功
[02:17:40 INF] 【直播间】23040372 的第 8 个心跳包发送成功
[02:17:41 INF] 【直播间】31494 的第 8 个心跳包发送成功
[02:17:43 INF] 【直播间】4015781 的第 8 个心跳包发送成功
[02:17:44 INF] 【直播间】9619073 的第 8 个心跳包发送成功
[02:17:45 INF] 【直播间】407149 的第 8 个心跳包发送成功
[02:17:46 INF] 【直播间】7184632 的第 8 个心跳包发送成功
[02:17:48 INF] 【直播间】23447660 的第 8 个心跳包发送成功
[02:17:49 INF] 【直播间】929670 的第 8 个心跳包发送成功
[02:17:51 INF] 【直播间】11732699 的第 8 个心跳包发送成功
[02:17:52 INF] 【直播间】91164 的第 8 个心跳包发送成功
[02:17:53 INF] 【直播间】22764265 的第 8 个心跳包发送成功
[02:18:45 INF] 【直播间】23357926 的第 9 个心跳包发送成功
[02:18:47 INF] 【直播间】23040372 的第 9 个心跳包发送成功
[02:18:48 INF] 【直播间】31494 的第 9 个心跳包发送成功
[02:18:49 INF] 【直播间】4015781 的第 9 个心跳包发送成功
[02:18:51 INF] 【直播间】9619073 的第 9 个心跳包发送成功
[02:18:52 INF] 【直播间】407149 的第 9 个心跳包发送成功
[02:18:53 INF] 【直播间】7184632 的第 9 个心跳包发送成功
[02:18:54 INF] 【直播间】23447660 的第 9 个心跳包发送成功
[02:18:56 INF] 【直播间】929670 的第 9 个心跳包发送成功
[02:18:57 INF] 【直播间】11732699 的第 9 个心跳包发送成功
[02:18:58 INF] 【直播间】91164 的第 9 个心跳包发送成功
[02:18:59 INF] 【直播间】22764265 的第 9 个心跳包发送成功
[02:19:52 INF] 【直播间】23357926 的第 10 个心跳包发送成功
[02:19:53 INF] 【直播间】23040372 的第 10 个心跳包发送成功
[02:19:54 INF] 【直播间】31494 的第 10 个心跳包发送成功
[02:19:56 INF] 【直播间】4015781 的第 10 个心跳包发送成功
[02:19:57 INF] 【直播间】9619073 的第 10 个心跳包发送成功
[02:19:58 INF] 【直播间】407149 的第 10 个心跳包发送成功
[02:19:59 INF] 【直播间】7184632 的第 10 个心跳包发送成功
[02:20:01 INF] 【直播间】23447660 的第 10 个心跳包发送成功
[02:20:02 INF] 【直播间】929670 的第 10 个心跳包发送成功
[02:20:03 INF] 【直播间】11732699 的第 10 个心跳包发送成功
[02:20:04 INF] 【直播间】91164 的第 10 个心跳包发送成功
[02:20:06 INF] 【直播间】22764265 的第 10 个心跳包发送成功
[02:20:58 INF] 【直播间】23357926 的第 11 个心跳包发送成功
[02:21:00 INF] 【直播间】23040372 的第 11 个心跳包发送成功
[02:21:01 INF] 【直播间】31494 的第 11 个心跳包发送成功
[02:21:02 INF] 【直播间】4015781 的第 11 个心跳包发送成功
[02:21:04 INF] 【直播间】9619073 的第 11 个心跳包发送成功
[02:21:05 INF] 【直播间】407149 的第 11 个心跳包发送成功
[02:21:06 INF] 【直播间】7184632 的第 11 个心跳包发送成功
[02:21:07 INF] 【直播间】23447660 的第 11 个心跳包发送成功
[02:21:09 INF] 【直播间】929670 的第 11 个心跳包发送成功
[02:21:10 INF] 【直播间】11732699 的第 11 个心跳包发送成功
[02:21:11 INF] 【直播间】91164 的第 11 个心跳包发送成功
[02:21:12 INF] 【直播间】22764265 的第 11 个心跳包发送成功
[02:22:05 INF] 【直播间】23357926 的第 12 个心跳包发送成功
[02:22:06 INF] 【直播间】23040372 的第 12 个心跳包发送成功
[02:22:08 INF] 【直播间】31494 的第 12 个心跳包发送成功
[02:22:09 INF] 【直播间】4015781 的第 12 个心跳包发送成功
[02:22:10 INF] 【直播间】9619073 的第 12 个心跳包发送成功
[02:22:11 INF] 【直播间】407149 的第 12 个心跳包发送成功
[02:22:13 INF] 【直播间】7184632 的第 12 个心跳包发送成功
[02:22:14 INF] 【直播间】23447660 的第 12 个心跳包发送成功
[02:22:15 INF] 【直播间】929670 的第 12 个心跳包发送成功
[02:22:16 INF] 【直播间】11732699 的第 12 个心跳包发送成功
[02:22:18 INF] 【直播间】91164 的第 12 个心跳包发送成功
[02:22:19 INF] 【直播间】22764265 的第 12 个心跳包发送成功
[02:23:12 INF] 【直播间】23357926 的第 13 个心跳包发送成功
[02:23:13 INF] 【直播间】23040372 的第 13 个心跳包发送成功
[02:23:14 INF] 【直播间】31494 的第 13 个心跳包发送成功
[02:23:16 INF] 【直播间】4015781 的第 13 个心跳包发送成功
[02:23:17 INF] 【直播间】9619073 的第 13 个心跳包发送成功
[02:23:18 INF] 【直播间】407149 的第 13 个心跳包发送成功
[02:23:20 INF] 【直播间】7184632 的第 13 个心跳包发送成功
[02:23:21 INF] 【直播间】23447660 的第 13 个心跳包发送成功
[02:23:22 INF] 【直播间】929670 的第 13 个心跳包发送成功
[02:23:23 INF] 【直播间】11732699 的第 13 个心跳包发送成功
[02:23:25 INF] 【直播间】91164 的第 13 个心跳包发送成功
[02:23:26 INF] 【直播间】22764265 的第 13 个心跳包发送成功
[02:24:18 INF] 【直播间】23357926 的第 14 个心跳包发送成功
[02:24:20 INF] 【直播间】23040372 的第 14 个心跳包发送成功
[02:24:21 INF] 【直播间】31494 的第 14 个心跳包发送成功
[02:24:22 INF] 【直播间】4015781 的第 14 个心跳包发送成功
[02:24:23 INF] 【直播间】9619073 的第 14 个心跳包发送成功
[02:24:25 INF] 【直播间】407149 的第 14 个心跳包发送成功
[02:24:26 INF] 【直播间】7184632 的第 14 个心跳包发送成功
[02:24:27 INF] 【直播间】23447660 的第 14 个心跳包发送成功
[02:24:28 INF] 【直播间】929670 的第 14 个心跳包发送成功
[02:24:30 INF] 【直播间】11732699 的第 14 个心跳包发送成功
[02:24:31 INF] 【直播间】91164 的第 14 个心跳包发送成功
[02:24:32 INF] 【直播间】22764265 的第 14 个心跳包发送成功
[02:25:25 ERR] 【心跳包】直播间 23357926 发送失败
[02:25:25 ERR] 【原因】time check failed
[02:25:26 ERR] 【心跳包】直播间 23040372 发送失败
[02:25:26 ERR] 【原因】time check failed
[02:25:27 ERR] 【心跳包】直播间 31494 发送失败
[02:25:27 ERR] 【原因】time check failed
[02:25:29 ERR] 【心跳包】直播间 4015781 发送失败
[02:25:29 ERR] 【原因】time check failed
[02:25:30 ERR] 【心跳包】直播间 9619073 发送失败
[02:25:30 ERR] 【原因】time check failed
[02:25:31 ERR] 【心跳包】直播间 407149 发送失败
[02:25:31 ERR] 【原因】time check failed
[02:25:32 ERR] 【心跳包】直播间 7184632 发送失败
[02:25:32 ERR] 【原因】time check failed
[02:25:34 ERR] 【心跳包】直播间 23447660 发送失败
[02:25:34 ERR] 【原因】time check failed
[02:25:35 ERR] 【心跳包】直播间 929670 发送失败
[02:25:35 ERR] 【原因】time check failed
[02:25:36 ERR] 【心跳包】直播间 11732699 发送失败
[02:25:36 ERR] 【原因】time check failed
[02:25:37 ERR] 【心跳包】直播间 91164 发送失败
[02:25:37 ERR] 【原因】time check failed
[02:25:39 ERR] 【心跳包】直播间 22764265 发送失败
[02:25:39 ERR] 【原因】time check failed
[02:26:31 INF] 【直播间】23357926 的第 15 个心跳包发送成功
[02:26:33 INF] 【直播间】23040372 的第 15 个心跳包发送成功
[02:26:34 INF] 【直播间】31494 的第 15 个心跳包发送成功
[02:26:35 INF] 【直播间】4015781 的第 15 个心跳包发送成功
[02:26:36 INF] 【直播间】9619073 的第 15 个心跳包发送成功
[02:26:38 INF] 【直播间】407149 的第 15 个心跳包发送成功
[02:26:39 INF] 【直播间】7184632 的第 15 个心跳包发送成功
[02:26:40 INF] 【直播间】23447660 的第 15 个心跳包发送成功
[02:26:41 INF] 【直播间】929670 的第 15 个心跳包发送成功
[02:26:43 INF] 【直播间】11732699 的第 15 个心跳包发送成功
[02:26:44 INF] 【直播间】91164 的第 15 个心跳包发送成功
[02:26:45 INF] 【直播间】22764265 的第 15 个心跳包发送成功
[02:27:38 INF] 【直播间】23357926 的第 16 个心跳包发送成功
[02:27:39 INF] 【直播间】23040372 的第 16 个心跳包发送成功
[02:27:40 INF] 【直播间】31494 的第 16 个心跳包发送成功
[02:27:42 INF] 【直播间】4015781 的第 16 个心跳包发送成功
[02:27:43 INF] 【直播间】9619073 的第 16 个心跳包发送成功
[02:27:44 INF] 【直播间】407149 的第 16 个心跳包发送成功
[02:27:45 INF] 【直播间】7184632 的第 16 个心跳包发送成功
[02:27:47 INF] 【直播间】23447660 的第 16 个心跳包发送成功
[02:27:48 INF] 【直播间】929670 的第 16 个心跳包发送成功
[02:27:49 INF] 【直播间】11732699 的第 16 个心跳包发送成功
[02:27:50 INF] 【直播间】91164 的第 16 个心跳包发送成功
[02:27:52 INF] 【直播间】22764265 的第 16 个心跳包发送成功
[02:28:45 INF] 【直播间】23357926 的第 17 个心跳包发送成功
[02:28:46 INF] 【直播间】23040372 的第 17 个心跳包发送成功
[02:28:47 INF] 【直播间】31494 的第 17 个心跳包发送成功
[02:28:49 INF] 【直播间】4015781 的第 17 个心跳包发送成功
[02:28:50 INF] 【直播间】9619073 的第 17 个心跳包发送成功
[02:28:51 INF] 【直播间】407149 的第 17 个心跳包发送成功
[02:28:52 INF] 【直播间】7184632 的第 17 个心跳包发送成功
[02:28:54 INF] 【直播间】23447660 的第 17 个心跳包发送成功
[02:28:55 INF] 【直播间】929670 的第 17 个心跳包发送成功
[02:28:56 INF] 【直播间】11732699 的第 17 个心跳包发送成功
[02:28:58 INF] 【直播间】91164 的第 17 个心跳包发送成功
[02:28:59 INF] 【直播间】22764265 的第 17 个心跳包发送成功
[02:29:51 INF] 【直播间】23357926 的第 18 个心跳包发送成功
[02:29:53 INF] 【直播间】23040372 的第 18 个心跳包发送成功
[02:29:54 INF] 【直播间】31494 的第 18 个心跳包发送成功
[02:29:55 INF] 【直播间】4015781 的第 18 个心跳包发送成功
[02:29:56 INF] 【直播间】9619073 的第 18 个心跳包发送成功
[02:29:58 INF] 【直播间】407149 的第 18 个心跳包发送成功
[02:29:59 INF] 【直播间】7184632 的第 18 个心跳包发送成功
[02:30:00 INF] 【直播间】23447660 的第 18 个心跳包发送成功
[02:30:02 INF] 【直播间】929670 的第 18 个心跳包发送成功
[02:30:03 INF] 【直播间】11732699 的第 18 个心跳包发送成功
[02:30:04 INF] 【直播间】91164 的第 18 个心跳包发送成功
[02:30:05 INF] 【直播间】22764265 的第 18 个心跳包发送成功
[02:30:58 INF] 【直播间】23357926 的第 19 个心跳包发送成功
[02:30:59 INF] 【直播间】23040372 的第 19 个心跳包发送成功
[02:31:00 INF] 【直播间】31494 的第 19 个心跳包发送成功
[02:31:02 INF] 【直播间】4015781 的第 19 个心跳包发送成功
[02:31:03 INF] 【直播间】9619073 的第 19 个心跳包发送成功
[02:31:04 INF] 【直播间】407149 的第 19 个心跳包发送成功
[02:31:06 INF] 【直播间】7184632 的第 19 个心跳包发送成功
[02:31:07 INF] 【直播间】23447660 的第 19 个心跳包发送成功
[02:31:08 INF] 【直播间】929670 的第 19 个心跳包发送成功
[02:31:09 INF] 【直播间】11732699 的第 19 个心跳包发送成功
[02:31:11 INF] 【直播间】91164 的第 19 个心跳包发送成功
[02:31:12 INF] 【直播间】22764265 的第 19 个心跳包发送成功
[02:32:04 INF] 【直播间】23357926 的第 20 个心跳包发送成功
[02:32:06 INF] 【直播间】23040372 的第 20 个心跳包发送成功
[02:32:07 INF] 【直播间】31494 的第 20 个心跳包发送成功
[02:32:08 INF] 【直播间】4015781 的第 20 个心跳包发送成功
[02:32:09 INF] 【直播间】9619073 的第 20 个心跳包发送成功
[02:32:11 INF] 【直播间】407149 的第 20 个心跳包发送成功
[02:32:12 INF] 【直播间】7184632 的第 20 个心跳包发送成功
[02:32:13 INF] 【直播间】23447660 的第 20 个心跳包发送成功
[02:32:15 INF] 【直播间】929670 的第 20 个心跳包发送成功
[02:32:16 INF] 【直播间】11732699 的第 20 个心跳包发送成功
[02:32:17 INF] 【直播间】91164 的第 20 个心跳包发送成功
[02:32:18 INF] 【直播间】22764265 的第 20 个心跳包发送成功
[02:33:11 INF] 【直播间】23357926 的第 21 个心跳包发送成功
[02:33:12 INF] 【直播间】23040372 的第 21 个心跳包发送成功
[02:33:14 INF] 【直播间】31494 的第 21 个心跳包发送成功
[02:33:15 INF] 【直播间】4015781 的第 21 个心跳包发送成功
[02:33:16 INF] 【直播间】9619073 的第 21 个心跳包发送成功
[02:33:17 INF] 【直播间】407149 的第 21 个心跳包发送成功
[02:33:19 INF] 【直播间】7184632 的第 21 个心跳包发送成功
[02:33:20 INF] 【直播间】23447660 的第 21 个心跳包发送成功
[02:33:21 INF] 【直播间】929670 的第 21 个心跳包发送成功
[02:33:23 INF] 【直播间】11732699 的第 21 个心跳包发送成功
[02:33:24 INF] 【直播间】91164 的第 21 个心跳包发送成功
[02:33:25 INF] 【直播间】22764265 的第 21 个心跳包发送成功
[02:34:18 INF] 【直播间】23357926 的第 22 个心跳包发送成功
[02:34:19 INF] 【直播间】23040372 的第 22 个心跳包发送成功
[02:34:20 INF] 【直播间】31494 的第 22 个心跳包发送成功
[02:34:22 INF] 【直播间】4015781 的第 22 个心跳包发送成功
[02:34:23 INF] 【直播间】9619073 的第 22 个心跳包发送成功
[02:34:24 INF] 【直播间】407149 的第 22 个心跳包发送成功
[02:34:26 INF] 【直播间】7184632 的第 22 个心跳包发送成功
[02:34:27 INF] 【直播间】23447660 的第 22 个心跳包发送成功
[02:34:28 INF] 【直播间】929670 的第 22 个心跳包发送成功
[02:34:29 INF] 【直播间】11732699 的第 22 个心跳包发送成功
[02:34:31 INF] 【直播间】91164 的第 22 个心跳包发送成功
[02:34:32 INF] 【直播间】22764265 的第 22 个心跳包发送成功
[02:35:25 INF] 【直播间】23357926 的第 23 个心跳包发送成功
[02:35:26 INF] 【直播间】23040372 的第 23 个心跳包发送成功
[02:35:27 INF] 【直播间】31494 的第 23 个心跳包发送成功
[02:35:29 INF] 【直播间】4015781 的第 23 个心跳包发送成功
[02:35:30 INF] 【直播间】9619073 的第 23 个心跳包发送成功
[02:35:31 INF] 【直播间】407149 的第 23 个心跳包发送成功
[02:35:32 INF] 【直播间】7184632 的第 23 个心跳包发送成功
[02:35:34 INF] 【直播间】23447660 的第 23 个心跳包发送成功
[02:35:35 INF] 【直播间】929670 的第 23 个心跳包发送成功
[02:35:36 INF] 【直播间】11732699 的第 23 个心跳包发送成功
[02:35:37 INF] 【直播间】91164 的第 23 个心跳包发送成功
[02:35:39 INF] 【直播间】22764265 的第 23 个心跳包发送成功
[02:36:31 INF] 【直播间】23357926 的第 24 个心跳包发送成功
[02:36:33 INF] 【直播间】23040372 的第 24 个心跳包发送成功
[02:36:34 INF] 【直播间】31494 的第 24 个心跳包发送成功
[02:36:35 INF] 【直播间】4015781 的第 24 个心跳包发送成功
[02:36:36 INF] 【直播间】9619073 的第 24 个心跳包发送成功
[02:36:38 INF] 【直播间】407149 的第 24 个心跳包发送成功
[02:36:39 INF] 【直播间】7184632 的第 24 个心跳包发送成功
[02:36:40 INF] 【直播间】23447660 的第 24 个心跳包发送成功
[02:36:41 INF] 【直播间】929670 的第 24 个心跳包发送成功
[02:36:43 INF] 【直播间】11732699 的第 24 个心跳包发送成功
[02:36:44 INF] 【直播间】91164 的第 24 个心跳包发送成功
[02:36:45 INF] 【直播间】22764265 的第 24 个心跳包发送成功
[02:37:38 INF] 【直播间】23357926 的第 25 个心跳包发送成功
[02:37:39 INF] 【直播间】23040372 的第 25 个心跳包发送成功
[02:37:40 INF] 【直播间】31494 的第 25 个心跳包发送成功
[02:37:42 INF] 【直播间】4015781 的第 25 个心跳包发送成功
[02:37:43 INF] 【直播间】9619073 的第 25 个心跳包发送成功
[02:37:44 INF] 【直播间】407149 的第 25 个心跳包发送成功
[02:37:45 INF] 【直播间】7184632 的第 25 个心跳包发送成功
[02:37:47 INF] 【直播间】23447660 的第 25 个心跳包发送成功
[02:37:48 INF] 【直播间】929670 的第 25 个心跳包发送成功
[02:37:49 INF] 【直播间】11732699 的第 25 个心跳包发送成功
[02:37:50 INF] 【直播间】91164 的第 25 个心跳包发送成功
[02:37:52 INF] 【直播间】22764265 的第 25 个心跳包发送成功
[02:38:45 INF] 【直播间】23357926 的第 26 个心跳包发送成功
[02:38:46 INF] 【直播间】23040372 的第 26 个心跳包发送成功
[02:38:47 INF] 【直播间】31494 的第 26 个心跳包发送成功
[02:38:48 INF] 【直播间】4015781 的第 26 个心跳包发送成功
[02:38:50 INF] 【直播间】9619073 的第 26 个心跳包发送成功
[02:38:51 INF] 【直播间】407149 的第 26 个心跳包发送成功
[02:38:52 INF] 【直播间】7184632 的第 26 个心跳包发送成功
[02:38:53 INF] 【直播间】23447660 的第 26 个心跳包发送成功
[02:38:54 INF] 【直播间】929670 的第 26 个心跳包发送成功
[02:38:56 INF] 【直播间】11732699 的第 26 个心跳包发送成功
[02:38:57 INF] 【直播间】91164 的第 26 个心跳包发送成功
[02:38:58 INF] 【直播间】22764265 的第 26 个心跳包发送成功
[02:39:51 INF] 【直播间】23357926 的第 27 个心跳包发送成功
[02:39:52 INF] 【直播间】23040372 的第 27 个心跳包发送成功
[02:39:54 INF] 【直播间】31494 的第 27 个心跳包发送成功
[02:39:55 INF] 【直播间】4015781 的第 27 个心跳包发送成功
[02:39:56 INF] 【直播间】9619073 的第 27 个心跳包发送成功
[02:39:57 INF] 【直播间】407149 的第 27 个心跳包发送成功
[02:39:59 INF] 【直播间】7184632 的第 27 个心跳包发送成功
[02:40:00 INF] 【直播间】23447660 的第 27 个心跳包发送成功
[02:40:01 INF] 【直播间】929670 的第 27 个心跳包发送成功
[02:40:02 INF] 【直播间】11732699 的第 27 个心跳包发送成功
[02:40:04 INF] 【直播间】91164 的第 27 个心跳包发送成功
[02:40:05 INF] 【直播间】22764265 的第 27 个心跳包发送成功
[02:40:58 ERR] 【心跳包】直播间 23357926 发送失败
[02:40:58 ERR] 【原因】time check failed
[02:40:59 ERR] 【心跳包】直播间 23040372 发送失败
[02:40:59 ERR] 【原因】time check failed
[02:41:00 ERR] 【心跳包】直播间 31494 发送失败
[02:41:00 ERR] 【原因】time check failed
[02:41:01 ERR] 【心跳包】直播间 4015781 发送失败
[02:41:01 ERR] 【原因】time check failed
[02:41:03 ERR] 【心跳包】直播间 9619073 发送失败
[02:41:03 ERR] 【原因】time check failed
[02:41:04 ERR] 【心跳包】直播间 407149 发送失败
[02:41:04 ERR] 【原因】time check failed
[02:41:05 ERR] 【心跳包】直播间 7184632 发送失败
[02:41:05 ERR] 【原因】time check failed
[02:41:06 ERR] 【心跳包】直播间 23447660 发送失败
[02:41:06 ERR] 【原因】time check failed
[02:41:08 ERR] 【心跳包】直播间 929670 发送失败
[02:41:08 ERR] 【原因】time check failed
[02:41:09 ERR] 【心跳包】直播间 11732699 发送失败
[02:41:09 ERR] 【原因】time check failed
[02:41:10 ERR] 【心跳包】直播间 91164 发送失败
[02:41:10 ERR] 【原因】time check failed
[02:41:12 ERR] 【心跳包】直播间 22764265 发送失败
[02:41:12 ERR] 【原因】time check failed
[02:42:04 INF] 【直播间】23357926 的第 28 个心跳包发送成功
[02:42:06 INF] 【直播间】23040372 的第 28 个心跳包发送成功
[02:42:07 INF] 【直播间】31494 的第 28 个心跳包发送成功
[02:42:08 INF] 【直播间】4015781 的第 28 个心跳包发送成功
[02:42:09 INF] 【直播间】9619073 的第 28 个心跳包发送成功
[02:42:11 INF] 【直播间】407149 的第 28 个心跳包发送成功
[02:42:12 INF] 【直播间】7184632 的第 28 个心跳包发送成功
[02:42:13 INF] 【直播间】23447660 的第 28 个心跳包发送成功
[02:42:15 INF] 【直播间】929670 的第 28 个心跳包发送成功
[02:42:16 INF] 【直播间】11732699 的第 28 个心跳包发送成功
[02:42:17 INF] 【直播间】91164 的第 28 个心跳包发送成功
[02:42:19 INF] 【直播间】22764265 的第 28 个心跳包发送成功
[02:43:11 INF] 【直播间】23357926 的第 29 个心跳包发送成功
[02:43:12 INF] 【直播间】23040372 的第 29 个心跳包发送成功
[02:43:13 INF] 【直播间】31494 的第 29 个心跳包发送成功
[02:43:15 INF] 【直播间】4015781 的第 29 个心跳包发送成功
[02:43:16 INF] 【直播间】9619073 的第 29 个心跳包发送成功
[02:43:17 INF] 【直播间】407149 的第 29 个心跳包发送成功
[02:43:18 INF] 【直播间】7184632 的第 29 个心跳包发送成功
[02:43:20 INF] 【直播间】23447660 的第 29 个心跳包发送成功
[02:43:21 INF] 【直播间】929670 的第 29 个心跳包发送成功
[02:43:22 INF] 【直播间】11732699 的第 29 个心跳包发送成功
[02:43:24 INF] 【直播间】91164 的第 29 个心跳包发送成功
[02:43:25 INF] 【直播间】22764265 的第 29 个心跳包发送成功
[02:44:18 INF] 【直播间】23357926 的第 30 个心跳包发送成功
[02:44:19 INF] 【直播间】23040372 的第 30 个心跳包发送成功
[02:44:20 INF] 【直播间】31494 的第 30 个心跳包发送成功
[02:44:21 INF] 【直播间】4015781 的第 30 个心跳包发送成功
[02:44:23 INF] 【直播间】9619073 的第 30 个心跳包发送成功
[02:44:24 INF] 【直播间】407149 的第 30 个心跳包发送成功
[02:44:25 INF] 【直播间】7184632 的第 30 个心跳包发送成功
[02:44:26 INF] 【直播间】23447660 的第 30 个心跳包发送成功
[02:44:28 INF] 【直播间】929670 的第 30 个心跳包发送成功
[02:44:29 INF] 【直播间】11732699 的第 30 个心跳包发送成功
[02:44:30 INF] 【直播间】91164 的第 30 个心跳包发送成功
[02:44:31 INF] 【直播间】22764265 的第 30 个心跳包发送成功
[02:45:24 INF] 【直播间】23357926 的第 31 个心跳包发送成功
[02:45:25 INF] 【直播间】23040372 的第 31 个心跳包发送成功
[02:45:27 INF] 【直播间】31494 的第 31 个心跳包发送成功
[02:45:28 INF] 【直播间】4015781 的第 31 个心跳包发送成功
[02:45:29 INF] 【直播间】9619073 的第 31 个心跳包发送成功
[02:45:30 INF] 【直播间】407149 的第 31 个心跳包发送成功
[02:45:32 INF] 【直播间】7184632 的第 31 个心跳包发送成功
[02:45:33 INF] 【直播间】23447660 的第 31 个心跳包发送成功
[02:45:34 INF] 【直播间】929670 的第 31 个心跳包发送成功
[02:45:36 INF] 【直播间】11732699 的第 31 个心跳包发送成功
[02:45:37 INF] 【直播间】91164 的第 31 个心跳包发送成功
[02:45:38 INF] 【直播间】22764265 的第 31 个心跳包发送成功
[02:46:31 INF] 【直播间】23357926 的第 32 个心跳包发送成功
[02:46:32 INF] 【直播间】23040372 的第 32 个心跳包发送成功
[02:46:33 INF] 【直播间】31494 的第 32 个心跳包发送成功
[02:46:34 INF] 【直播间】4015781 的第 32 个心跳包发送成功
[02:46:36 INF] 【直播间】9619073 的第 32 个心跳包发送成功
[02:46:37 INF] 【直播间】407149 的第 32 个心跳包发送成功
[02:46:38 INF] 【直播间】7184632 的第 32 个心跳包发送成功
[02:46:39 INF] 【直播间】23447660 的第 32 个心跳包发送成功
[02:46:41 INF] 【直播间】929670 的第 32 个心跳包发送成功
[02:46:42 INF] 【直播间】11732699 的第 32 个心跳包发送成功
[02:46:43 INF] 【直播间】91164 的第 32 个心跳包发送成功
[02:46:44 INF] 【直播间】22764265 的第 32 个心跳包发送成功
[02:47:37 INF] 【直播间】23357926 的第 33 个心跳包发送成功
[02:47:39 INF] 【直播间】23040372 的第 33 个心跳包发送成功
[02:47:40 INF] 【直播间】31494 的第 33 个心跳包发送成功
[02:47:41 INF] 【直播间】4015781 的第 33 个心跳包发送成功
[02:47:42 INF] 【直播间】9619073 的第 33 个心跳包发送成功
[02:47:44 INF] 【直播间】407149 的第 33 个心跳包发送成功
[02:47:45 INF] 【直播间】7184632 的第 33 个心跳包发送成功
[02:47:46 INF] 【直播间】23447660 的第 33 个心跳包发送成功
[02:47:47 INF] 【直播间】929670 的第 33 个心跳包发送成功
[02:47:49 INF] 【直播间】11732699 的第 33 个心跳包发送成功
[02:47:50 INF] 【直播间】91164 的第 33 个心跳包发送成功
[02:47:51 INF] 【直播间】22764265 的第 33 个心跳包发送成功
[02:48:44 INF] 【直播间】23357926 的第 34 个心跳包发送成功
[02:48:45 INF] 【直播间】23040372 的第 34 个心跳包发送成功
[02:48:46 INF] 【直播间】31494 的第 34 个心跳包发送成功
[02:48:48 INF] 【直播间】4015781 的第 34 个心跳包发送成功
[02:48:49 INF] 【直播间】9619073 的第 34 个心跳包发送成功
[02:48:50 INF] 【直播间】407149 的第 34 个心跳包发送成功
[02:48:52 INF] 【直播间】7184632 的第 34 个心跳包发送成功
[02:48:53 INF] 【直播间】23447660 的第 34 个心跳包发送成功
[02:48:54 INF] 【直播间】929670 的第 34 个心跳包发送成功
[02:48:55 INF] 【直播间】11732699 的第 34 个心跳包发送成功
[02:48:57 INF] 【直播间】91164 的第 34 个心跳包发送成功
[02:48:58 INF] 【直播间】22764265 的第 34 个心跳包发送成功
[02:49:51 INF] 【直播间】23357926 的第 35 个心跳包发送成功
[02:49:52 INF] 【直播间】23040372 的第 35 个心跳包发送成功
[02:49:53 INF] 【直播间】31494 的第 35 个心跳包发送成功
[02:49:55 INF] 【直播间】4015781 的第 35 个心跳包发送成功
[02:49:56 INF] 【直播间】9619073 的第 35 个心跳包发送成功
[02:49:57 INF] 【直播间】407149 的第 35 个心跳包发送成功
[02:49:58 INF] 【直播间】7184632 的第 35 个心跳包发送成功
[02:49:59 INF] 【直播间】23447660 的第 35 个心跳包发送成功
[02:50:01 INF] 【直播间】929670 的第 35 个心跳包发送成功
[02:50:02 INF] 【直播间】11732699 的第 35 个心跳包发送成功
[02:50:03 INF] 【直播间】91164 的第 35 个心跳包发送成功
[02:50:05 INF] 【直播间】22764265 的第 35 个心跳包发送成功
[02:50:57 INF] 【直播间】23357926 的第 36 个心跳包发送成功
[02:50:58 INF] 【直播间】23040372 的第 36 个心跳包发送成功
[02:51:00 INF] 【直播间】31494 的第 36 个心跳包发送成功
[02:51:01 INF] 【直播间】4015781 的第 36 个心跳包发送成功
[02:51:02 INF] 【直播间】9619073 的第 36 个心跳包发送成功
[02:51:03 INF] 【直播间】407149 的第 36 个心跳包发送成功
[02:51:05 INF] 【直播间】7184632 的第 36 个心跳包发送成功
[02:51:06 INF] 【直播间】23447660 的第 36 个心跳包发送成功
[02:51:07 INF] 【直播间】929670 的第 36 个心跳包发送成功
[02:51:08 INF] 【直播间】11732699 的第 36 个心跳包发送成功
[02:51:10 INF] 【直播间】91164 的第 36 个心跳包发送成功
[02:51:11 INF] 【直播间】22764265 的第 36 个心跳包发送成功
[02:52:04 INF] 【直播间】23357926 的第 37 个心跳包发送成功
[02:52:05 INF] 【直播间】23040372 的第 37 个心跳包发送成功
[02:52:06 INF] 【直播间】31494 的第 37 个心跳包发送成功
[02:52:08 INF] 【直播间】4015781 的第 37 个心跳包发送成功
[02:52:09 INF] 【直播间】9619073 的第 37 个心跳包发送成功
[02:52:10 INF] 【直播间】407149 的第 37 个心跳包发送成功
[02:52:11 INF] 【直播间】7184632 的第 37 个心跳包发送成功
[02:52:13 INF] 【直播间】23447660 的第 37 个心跳包发送成功
[02:52:14 INF] 【直播间】929670 的第 37 个心跳包发送成功
[02:52:15 INF] 【直播间】11732699 的第 37 个心跳包发送成功
[02:52:16 INF] 【直播间】91164 的第 37 个心跳包发送成功
[02:52:18 INF] 【直播间】22764265 的第 37 个心跳包发送成功
[02:53:10 INF] 【直播间】23357926 的第 38 个心跳包发送成功
[02:53:12 INF] 【直播间】23040372 的第 38 个心跳包发送成功
[02:53:13 INF] 【直播间】31494 的第 38 个心跳包发送成功
[02:53:14 INF] 【直播间】4015781 的第 38 个心跳包发送成功
[02:53:15 INF] 【直播间】9619073 的第 38 个心跳包发送成功
[02:53:17 INF] 【直播间】407149 的第 38 个心跳包发送成功
[02:53:18 INF] 【直播间】7184632 的第 38 个心跳包发送成功
[02:53:19 INF] 【直播间】23447660 的第 38 个心跳包发送成功
[02:53:20 INF] 【直播间】929670 的第 38 个心跳包发送成功
[02:53:22 INF] 【直播间】11732699 的第 38 个心跳包发送成功
[02:53:23 INF] 【直播间】91164 的第 38 个心跳包发送成功
[02:53:24 INF] 【直播间】22764265 的第 38 个心跳包发送成功
[02:54:17 INF] 【直播间】23357926 的第 39 个心跳包发送成功
[02:54:18 INF] 【直播间】23040372 的第 39 个心跳包发送成功
[02:54:20 INF] 【直播间】31494 的第 39 个心跳包发送成功
[02:54:21 INF] 【直播间】4015781 的第 39 个心跳包发送成功
[02:54:22 INF] 【直播间】9619073 的第 39 个心跳包发送成功
[02:54:23 INF] 【直播间】407149 的第 39 个心跳包发送成功
[02:54:25 INF] 【直播间】7184632 的第 39 个心跳包发送成功
[02:54:26 INF] 【直播间】23447660 的第 39 个心跳包发送成功
[02:54:27 INF] 【直播间】929670 的第 39 个心跳包发送成功
[02:54:28 INF] 【直播间】11732699 的第 39 个心跳包发送成功
[02:54:30 INF] 【直播间】91164 的第 39 个心跳包发送成功
[02:54:31 INF] 【直播间】22764265 的第 39 个心跳包发送成功
[02:55:24 INF] 【直播间】23357926 的第 40 个心跳包发送成功
[02:55:25 INF] 【直播间】23040372 的第 40 个心跳包发送成功
[02:55:26 INF] 【直播间】31494 的第 40 个心跳包发送成功
[02:55:28 INF] 【直播间】4015781 的第 40 个心跳包发送成功
[02:55:29 INF] 【直播间】9619073 的第 40 个心跳包发送成功
[02:55:30 INF] 【直播间】407149 的第 40 个心跳包发送成功
[02:55:31 INF] 【直播间】7184632 的第 40 个心跳包发送成功
[02:55:33 INF] 【直播间】23447660 的第 40 个心跳包发送成功
[02:55:34 INF] 【直播间】929670 的第 40 个心跳包发送成功
[02:55:35 INF] 【直播间】11732699 的第 40 个心跳包发送成功
[02:55:36 INF] 【直播间】91164 的第 40 个心跳包发送成功
[02:55:38 INF] 【直播间】22764265 的第 40 个心跳包发送成功
[02:56:30 ERR] 【心跳包】直播间 23357926 发送失败
[02:56:30 ERR] 【原因】time check failed
[02:56:32 ERR] 【心跳包】直播间 23040372 发送失败
[02:56:32 ERR] 【原因】time check failed
[02:56:33 ERR] 【心跳包】直播间 31494 发送失败
[02:56:33 ERR] 【原因】time check failed
[02:56:35 ERR] 【心跳包】直播间 4015781 发送失败
[02:56:35 ERR] 【原因】time check failed
[02:56:36 ERR] 【心跳包】直播间 9619073 发送失败
[02:56:36 ERR] 【原因】time check failed
[02:56:37 ERR] 【心跳包】直播间 407149 发送失败
[02:56:37 ERR] 【原因】time check failed
[02:56:38 ERR] 【心跳包】直播间 7184632 发送失败
[02:56:38 ERR] 【原因】time check failed
[02:56:40 ERR] 【心跳包】直播间 23447660 发送失败
[02:56:40 ERR] 【原因】time check failed
[02:56:41 ERR] 【心跳包】直播间 929670 发送失败
[02:56:41 ERR] 【原因】time check failed
[02:56:42 ERR] 【心跳包】直播间 11732699 发送失败
[02:56:42 ERR] 【原因】time check failed
[02:56:43 ERR] 【心跳包】直播间 91164 发送失败
[02:56:43 ERR] 【原因】time check failed
[02:56:45 ERR] 【心跳包】直播间 22764265 发送失败
[02:56:45 ERR] 【原因】time check failed
[02:57:37 INF] 【直播间】23357926 的第 41 个心跳包发送成功
[02:57:38 INF] 【直播间】23040372 的第 41 个心跳包发送成功
[02:57:39 INF] 【直播间】31494 的第 41 个心跳包发送成功
[02:57:41 INF] 【直播间】4015781 的第 41 个心跳包发送成功
[02:57:42 INF] 【直播间】9619073 的第 41 个心跳包发送成功
[02:57:43 INF] 【直播间】407149 的第 41 个心跳包发送成功
[02:57:45 INF] 【直播间】7184632 的第 41 个心跳包发送成功
[02:57:46 INF] 【直播间】23447660 的第 41 个心跳包发送成功
[02:57:47 INF] 【直播间】929670 的第 41 个心跳包发送成功
[02:57:48 INF] 【直播间】11732699 的第 41 个心跳包发送成功
[02:57:50 INF] 【直播间】91164 的第 41 个心跳包发送成功
[02:57:51 INF] 【直播间】22764265 的第 41 个心跳包发送成功
[02:58:43 INF] 【直播间】23357926 的第 42 个心跳包发送成功
[02:58:45 INF] 【直播间】23040372 的第 42 个心跳包发送成功
[02:58:46 INF] 【直播间】31494 的第 42 个心跳包发送成功
[02:58:47 INF] 【直播间】4015781 的第 42 个心跳包发送成功
[02:58:48 INF] 【直播间】9619073 的第 42 个心跳包发送成功
[02:58:50 INF] 【直播间】407149 的第 42 个心跳包发送成功
[02:58:51 INF] 【直播间】7184632 的第 42 个心跳包发送成功
[02:58:52 INF] 【直播间】23447660 的第 42 个心跳包发送成功
[02:58:53 INF] 【直播间】929670 的第 42 个心跳包发送成功
[02:58:55 INF] 【直播间】11732699 的第 42 个心跳包发送成功
[02:58:56 INF] 【直播间】91164 的第 42 个心跳包发送成功
[02:58:57 INF] 【直播间】22764265 的第 42 个心跳包发送成功
[02:59:50 INF] 【直播间】23357926 的第 43 个心跳包发送成功
[02:59:51 INF] 【直播间】23040372 的第 43 个心跳包发送成功
[02:59:52 INF] 【直播间】31494 的第 43 个心跳包发送成功
[02:59:54 INF] 【直播间】4015781 的第 43 个心跳包发送成功
[02:59:55 INF] 【直播间】9619073 的第 43 个心跳包发送成功
[02:59:56 INF] 【直播间】407149 的第 43 个心跳包发送成功
[02:59:57 INF] 【直播间】7184632 的第 43 个心跳包发送成功
[02:59:59 INF] 【直播间】23447660 的第 43 个心跳包发送成功
[03:00:00 INF] 【直播间】929670 的第 43 个心跳包发送成功
[03:00:01 INF] 【直播间】11732699 的第 43 个心跳包发送成功
[03:00:02 INF] 【直播间】91164 的第 43 个心跳包发送成功
[03:00:04 INF] 【直播间】22764265 的第 43 个心跳包发送成功
[03:00:57 INF] 【直播间】23357926 的第 44 个心跳包发送成功
[03:00:58 INF] 【直播间】23040372 的第 44 个心跳包发送成功
[03:00:59 INF] 【直播间】31494 的第 44 个心跳包发送成功
[03:01:01 INF] 【直播间】4015781 的第 44 个心跳包发送成功
[03:01:02 INF] 【直播间】9619073 的第 44 个心跳包发送成功
[03:01:03 INF] 【直播间】407149 的第 44 个心跳包发送成功
[03:01:04 INF] 【直播间】7184632 的第 44 个心跳包发送成功
[03:01:06 INF] 【直播间】23447660 的第 44 个心跳包发送成功
[03:01:07 INF] 【直播间】929670 的第 44 个心跳包发送成功
[03:01:08 INF] 【直播间】11732699 的第 44 个心跳包发送成功
[03:01:09 INF] 【直播间】91164 的第 44 个心跳包发送成功
[03:01:11 INF] 【直播间】22764265 的第 44 个心跳包发送成功
[03:02:03 INF] 【直播间】23357926 的第 45 个心跳包发送成功
[03:02:05 INF] 【直播间】23040372 的第 45 个心跳包发送成功
[03:02:06 INF] 【直播间】31494 的第 45 个心跳包发送成功
[03:02:07 INF] 【直播间】4015781 的第 45 个心跳包发送成功
[03:02:08 INF] 【直播间】9619073 的第 45 个心跳包发送成功
[03:02:10 INF] 【直播间】407149 的第 45 个心跳包发送成功
[03:02:11 INF] 【直播间】7184632 的第 45 个心跳包发送成功
[03:02:12 INF] 【直播间】23447660 的第 45 个心跳包发送成功
[03:02:13 INF] 【直播间】929670 的第 45 个心跳包发送成功
[03:02:15 INF] 【直播间】11732699 的第 45 个心跳包发送成功
[03:02:16 INF] 【直播间】91164 的第 45 个心跳包发送成功
[03:02:17 INF] 【直播间】22764265 的第 45 个心跳包发送成功
[03:03:10 INF] 【直播间】23357926 的第 46 个心跳包发送成功
[03:03:11 INF] 【直播间】23040372 的第 46 个心跳包发送成功
[03:03:13 INF] 【直播间】31494 的第 46 个心跳包发送成功
[03:03:14 INF] 【直播间】4015781 的第 46 个心跳包发送成功
[03:03:15 INF] 【直播间】9619073 的第 46 个心跳包发送成功
[03:03:16 INF] 【直播间】407149 的第 46 个心跳包发送成功
[03:03:18 INF] 【直播间】7184632 的第 46 个心跳包发送成功
[03:03:19 INF] 【直播间】23447660 的第 46 个心跳包发送成功
[03:03:20 INF] 【直播间】929670 的第 46 个心跳包发送成功
[03:03:22 INF] 【直播间】11732699 的第 46 个心跳包发送成功
[03:03:23 INF] 【直播间】91164 的第 46 个心跳包发送成功
[03:03:24 INF] 【直播间】22764265 的第 46 个心跳包发送成功
[03:04:16 INF] 【直播间】23357926 的第 47 个心跳包发送成功
[03:04:18 INF] 【直播间】23040372 的第 47 个心跳包发送成功
[03:04:19 INF] 【直播间】31494 的第 47 个心跳包发送成功
[03:04:20 INF] 【直播间】4015781 的第 47 个心跳包发送成功
[03:04:21 INF] 【直播间】9619073 的第 47 个心跳包发送成功
[03:04:23 INF] 【直播间】407149 的第 47 个心跳包发送成功
[03:04:24 INF] 【直播间】7184632 的第 47 个心跳包发送成功
[03:04:25 INF] 【直播间】23447660 的第 47 个心跳包发送成功
[03:04:27 INF] 【直播间】929670 的第 47 个心跳包发送成功
[03:04:28 INF] 【直播间】11732699 的第 47 个心跳包发送成功
[03:04:29 INF] 【直播间】91164 的第 47 个心跳包发送成功
[03:04:30 INF] 【直播间】22764265 的第 47 个心跳包发送成功
[03:05:23 INF] 【直播间】23357926 的第 48 个心跳包发送成功
[03:05:24 INF] 【直播间】23040372 的第 48 个心跳包发送成功
[03:05:25 INF] 【直播间】31494 的第 48 个心跳包发送成功
[03:05:27 INF] 【直播间】4015781 的第 48 个心跳包发送成功
[03:05:28 INF] 【直播间】9619073 的第 48 个心跳包发送成功
[03:05:29 INF] 【直播间】407149 的第 48 个心跳包发送成功
[03:05:31 INF] 【直播间】7184632 的第 48 个心跳包发送成功
[03:05:32 INF] 【直播间】23447660 的第 48 个心跳包发送成功
[03:05:33 INF] 【直播间】929670 的第 48 个心跳包发送成功
[03:05:35 INF] 【直播间】11732699 的第 48 个心跳包发送成功
[03:05:36 INF] 【直播间】91164 的第 48 个心跳包发送成功
[03:05:37 INF] 【直播间】22764265 的第 48 个心跳包发送成功
[03:06:30 INF] 【直播间】23357926 的第 49 个心跳包发送成功
[03:06:31 INF] 【直播间】23040372 的第 49 个心跳包发送成功
[03:06:32 INF] 【直播间】31494 的第 49 个心跳包发送成功
[03:06:33 INF] 【直播间】4015781 的第 49 个心跳包发送成功
[03:06:35 INF] 【直播间】9619073 的第 49 个心跳包发送成功
[03:06:36 INF] 【直播间】407149 的第 49 个心跳包发送成功
[03:06:37 INF] 【直播间】7184632 的第 49 个心跳包发送成功
[03:06:38 INF] 【直播间】23447660 的第 49 个心跳包发送成功
[03:06:40 INF] 【直播间】929670 的第 49 个心跳包发送成功
[03:06:41 INF] 【直播间】11732699 的第 49 个心跳包发送成功
[03:06:42 INF] 【直播间】91164 的第 49 个心跳包发送成功
[03:06:44 INF] 【直播间】22764265 的第 49 个心跳包发送成功
[03:07:36 INF] 【直播间】23357926 的第 50 个心跳包发送成功
[03:07:38 INF] 【直播间】23040372 的第 50 个心跳包发送成功
[03:07:39 INF] 【直播间】31494 的第 50 个心跳包发送成功
[03:07:40 INF] 【直播间】4015781 的第 50 个心跳包发送成功
[03:07:41 INF] 【直播间】9619073 的第 50 个心跳包发送成功
[03:07:43 INF] 【直播间】407149 的第 50 个心跳包发送成功
[03:07:44 INF] 【直播间】7184632 的第 50 个心跳包发送成功
[03:07:45 INF] 【直播间】23447660 的第 50 个心跳包发送成功
[03:07:46 INF] 【直播间】929670 的第 50 个心跳包发送成功
[03:07:48 INF] 【直播间】11732699 的第 50 个心跳包发送成功
[03:07:49 INF] 【直播间】91164 的第 50 个心跳包发送成功
[03:07:50 INF] 【直播间】22764265 的第 50 个心跳包发送成功
[03:08:43 INF] 【直播间】23357926 的第 51 个心跳包发送成功
[03:08:44 INF] 【直播间】23040372 的第 51 个心跳包发送成功
[03:08:45 INF] 【直播间】31494 的第 51 个心跳包发送成功
[03:08:47 INF] 【直播间】4015781 的第 51 个心跳包发送成功
[03:08:48 INF] 【直播间】9619073 的第 51 个心跳包发送成功
[03:08:49 INF] 【直播间】407149 的第 51 个心跳包发送成功
[03:08:50 INF] 【直播间】7184632 的第 51 个心跳包发送成功
[03:08:52 INF] 【直播间】23447660 的第 51 个心跳包发送成功
[03:08:53 INF] 【直播间】929670 的第 51 个心跳包发送成功
[03:08:54 INF] 【直播间】11732699 的第 51 个心跳包发送成功
[03:08:56 INF] 【直播间】91164 的第 51 个心跳包发送成功
[03:08:57 INF] 【直播间】22764265 的第 51 个心跳包发送成功
[03:09:49 INF] 【直播间】23357926 的第 52 个心跳包发送成功
[03:09:51 INF] 【直播间】23040372 的第 52 个心跳包发送成功
[03:09:52 INF] 【直播间】31494 的第 52 个心跳包发送成功
[03:09:53 INF] 【直播间】4015781 的第 52 个心跳包发送成功
[03:09:54 INF] 【直播间】9619073 的第 52 个心跳包发送成功
[03:09:56 INF] 【直播间】407149 的第 52 个心跳包发送成功
[03:09:57 INF] 【直播间】7184632 的第 52 个心跳包发送成功
[03:09:58 INF] 【直播间】23447660 的第 52 个心跳包发送成功
[03:10:00 INF] 【直播间】929670 的第 52 个心跳包发送成功
[03:10:01 INF] 【直播间】11732699 的第 52 个心跳包发送成功
[03:10:02 INF] 【直播间】91164 的第 52 个心跳包发送成功
[03:10:04 INF] 【直播间】22764265 的第 52 个心跳包发送成功
[03:10:56 INF] 【直播间】23357926 的第 53 个心跳包发送成功
[03:10:57 INF] 【直播间】23040372 的第 53 个心跳包发送成功
[03:10:59 INF] 【直播间】31494 的第 53 个心跳包发送成功
[03:11:00 INF] 【直播间】4015781 的第 53 个心跳包发送成功
[03:11:01 INF] 【直播间】9619073 的第 53 个心跳包发送成功
[03:11:02 INF] 【直播间】407149 的第 53 个心跳包发送成功
[03:11:04 INF] 【直播间】7184632 的第 53 个心跳包发送成功
[03:11:05 INF] 【直播间】23447660 的第 53 个心跳包发送成功
[03:11:06 INF] 【直播间】929670 的第 53 个心跳包发送成功
[03:11:08 INF] 【直播间】11732699 的第 53 个心跳包发送成功
[03:11:09 INF] 【直播间】91164 的第 53 个心跳包发送成功
[03:11:10 INF] 【直播间】22764265 的第 53 个心跳包发送成功
[03:12:03 ERR] 【心跳包】直播间 23357926 发送失败
[03:12:03 ERR] 【原因】time check failed
[03:12:04 ERR] 【心跳包】直播间 23040372 发送失败
[03:12:04 ERR] 【原因】time check failed
[03:12:05 ERR] 【心跳包】直播间 31494 发送失败
[03:12:05 ERR] 【原因】time check failed
[03:12:06 ERR] 【心跳包】直播间 4015781 发送失败
[03:12:06 ERR] 【原因】time check failed
[03:12:08 ERR] 【心跳包】直播间 9619073 发送失败
[03:12:08 ERR] 【原因】time check failed
[03:12:09 ERR] 【心跳包】直播间 407149 发送失败
[03:12:09 ERR] 【原因】time check failed
[03:12:10 ERR] 【心跳包】直播间 7184632 发送失败
[03:12:10 ERR] 【原因】time check failed
[03:12:11 ERR] 【心跳包】直播间 23447660 发送失败
[03:12:11 ERR] 【原因】time check failed
[03:12:13 ERR] 【心跳包】直播间 929670 发送失败
[03:12:13 ERR] 【原因】time check failed
[03:12:14 ERR] 【心跳包】直播间 11732699 发送失败
[03:12:14 ERR] 【原因】time check failed
[03:12:15 ERR] 【心跳包】直播间 91164 发送失败
[03:12:15 ERR] 【原因】time check failed
[03:12:16 ERR] 【心跳包】直播间 22764265 发送失败
[03:12:16 ERR] 【原因】time check failed
[03:13:10 INF] 【直播间】23357926 的第 54 个心跳包发送成功
[03:13:11 INF] 【直播间】23040372 的第 54 个心跳包发送成功
[03:13:12 INF] 【直播间】31494 的第 54 个心跳包发送成功
[03:13:13 INF] 【直播间】4015781 的第 54 个心跳包发送成功
[03:13:15 INF] 【直播间】9619073 的第 54 个心跳包发送成功
[03:13:16 INF] 【直播间】407149 的第 54 个心跳包发送成功
[03:13:17 INF] 【直播间】7184632 的第 54 个心跳包发送成功
[03:13:19 INF] 【直播间】23447660 的第 54 个心跳包发送成功
[03:13:20 INF] 【直播间】929670 的第 54 个心跳包发送成功
[03:13:21 INF] 【直播间】11732699 的第 54 个心跳包发送成功
[03:13:22 INF] 【直播间】91164 的第 54 个心跳包发送成功
[03:13:24 INF] 【直播间】22764265 的第 54 个心跳包发送成功
[03:14:16 INF] 【直播间】23357926 的第 55 个心跳包发送成功
[03:14:18 INF] 【直播间】23040372 的第 55 个心跳包发送成功
[03:14:19 INF] 【直播间】31494 的第 55 个心跳包发送成功
[03:14:20 INF] 【直播间】4015781 的第 55 个心跳包发送成功
[03:14:21 INF] 【直播间】9619073 的第 55 个心跳包发送成功
[03:14:23 INF] 【直播间】407149 的第 55 个心跳包发送成功
[03:14:24 INF] 【直播间】7184632 的第 55 个心跳包发送成功
[03:14:25 INF] 【直播间】23447660 的第 55 个心跳包发送成功
[03:14:26 INF] 【直播间】929670 的第 55 个心跳包发送成功
[03:14:28 INF] 【直播间】11732699 的第 55 个心跳包发送成功
[03:14:29 INF] 【直播间】91164 的第 55 个心跳包发送成功
[03:14:30 INF] 【直播间】22764265 的第 55 个心跳包发送成功
[03:15:23 INF] 【直播间】23357926 的第 56 个心跳包发送成功
[03:15:24 INF] 【直播间】23040372 的第 56 个心跳包发送成功
[03:15:25 INF] 【直播间】31494 的第 56 个心跳包发送成功
[03:15:26 INF] 【直播间】4015781 的第 56 个心跳包发送成功
[03:15:28 INF] 【直播间】9619073 的第 56 个心跳包发送成功
[03:15:29 INF] 【直播间】407149 的第 56 个心跳包发送成功
[03:15:30 INF] 【直播间】7184632 的第 56 个心跳包发送成功
[03:15:31 INF] 【直播间】23447660 的第 56 个心跳包发送成功
[03:15:33 INF] 【直播间】929670 的第 56 个心跳包发送成功
[03:15:34 INF] 【直播间】11732699 的第 56 个心跳包发送成功
[03:15:35 INF] 【直播间】91164 的第 56 个心跳包发送成功
[03:15:36 INF] 【直播间】22764265 的第 56 个心跳包发送成功
[03:16:29 INF] 【直播间】23357926 的第 57 个心跳包发送成功
[03:16:31 INF] 【直播间】23040372 的第 57 个心跳包发送成功
[03:16:32 INF] 【直播间】31494 的第 57 个心跳包发送成功
[03:16:33 INF] 【直播间】4015781 的第 57 个心跳包发送成功
[03:16:34 INF] 【直播间】9619073 的第 57 个心跳包发送成功
[03:16:36 INF] 【直播间】407149 的第 57 个心跳包发送成功
[03:16:37 INF] 【直播间】7184632 的第 57 个心跳包发送成功
[03:16:38 INF] 【直播间】23447660 的第 57 个心跳包发送成功
[03:16:39 INF] 【直播间】929670 的第 57 个心跳包发送成功
[03:16:41 INF] 【直播间】11732699 的第 57 个心跳包发送成功
[03:16:42 INF] 【直播间】91164 的第 57 个心跳包发送成功
[03:16:43 INF] 【直播间】22764265 的第 57 个心跳包发送成功
[03:17:36 INF] 【直播间】23357926 的第 58 个心跳包发送成功
[03:17:37 INF] 【直播间】23040372 的第 58 个心跳包发送成功
[03:17:38 INF] 【直播间】31494 的第 58 个心跳包发送成功
[03:17:40 INF] 【直播间】4015781 的第 58 个心跳包发送成功
[03:17:41 INF] 【直播间】9619073 的第 58 个心跳包发送成功
[03:17:43 INF] 【直播间】407149 的第 58 个心跳包发送成功
[03:17:44 INF] 【直播间】7184632 的第 58 个心跳包发送成功
[03:17:45 INF] 【直播间】23447660 的第 58 个心跳包发送成功
[03:17:46 INF] 【直播间】929670 的第 58 个心跳包发送成功
[03:17:48 INF] 【直播间】11732699 的第 58 个心跳包发送成功
[03:17:49 INF] 【直播间】91164 的第 58 个心跳包发送成功
[03:17:50 INF] 【直播间】22764265 的第 58 个心跳包发送成功
[03:18:43 INF] 【直播间】23357926 的第 59 个心跳包发送成功
[03:18:44 INF] 【直播间】23040372 的第 59 个心跳包发送成功
[03:18:45 INF] 【直播间】31494 的第 59 个心跳包发送成功
[03:18:47 INF] 【直播间】4015781 的第 59 个心跳包发送成功
[03:18:48 INF] 【直播间】9619073 的第 59 个心跳包发送成功
[03:18:49 INF] 【直播间】407149 的第 59 个心跳包发送成功
[03:18:50 INF] 【直播间】7184632 的第 59 个心跳包发送成功
[03:18:52 INF] 【直播间】23447660 的第 59 个心跳包发送成功
[03:18:53 INF] 【直播间】929670 的第 59 个心跳包发送成功
[03:18:54 INF] 【直播间】11732699 的第 59 个心跳包发送成功
[03:18:55 INF] 【直播间】91164 的第 59 个心跳包发送成功
[03:18:57 INF] 【直播间】22764265 的第 59 个心跳包发送成功
[03:19:49 INF] 【直播间】23357926 的第 60 个心跳包发送成功
[03:19:50 INF] 【直播间】23040372 的第 60 个心跳包发送成功
[03:19:52 INF] 【直播间】31494 的第 60 个心跳包发送成功
[03:19:53 INF] 【直播间】4015781 的第 60 个心跳包发送成功
[03:19:54 INF] 【直播间】9619073 的第 60 个心跳包发送成功
[03:19:55 INF] 【直播间】407149 的第 60 个心跳包发送成功
[03:19:57 INF] 【直播间】7184632 的第 60 个心跳包发送成功
[03:19:58 INF] 【直播间】23447660 的第 60 个心跳包发送成功
[03:19:59 INF] 【直播间】929670 的第 60 个心跳包发送成功
[03:20:00 INF] 【直播间】11732699 的第 60 个心跳包发送成功
[03:20:02 INF] 【直播间】91164 的第 60 个心跳包发送成功
[03:20:03 INF] 【直播间】22764265 的第 60 个心跳包发送成功
[03:20:56 INF] 【直播间】23357926 的第 61 个心跳包发送成功
[03:20:57 INF] 【直播间】23040372 的第 61 个心跳包发送成功
[03:20:58 INF] 【直播间】31494 的第 61 个心跳包发送成功
[03:21:00 INF] 【直播间】4015781 的第 61 个心跳包发送成功
[03:21:01 INF] 【直播间】9619073 的第 61 个心跳包发送成功
[03:21:02 INF] 【直播间】407149 的第 61 个心跳包发送成功
[03:21:03 INF] 【直播间】7184632 的第 61 个心跳包发送成功
[03:21:05 INF] 【直播间】23447660 的第 61 个心跳包发送成功
[03:21:06 INF] 【直播间】929670 的第 61 个心跳包发送成功
[03:21:07 INF] 【直播间】11732699 的第 61 个心跳包发送成功
[03:21:08 INF] 【直播间】91164 的第 61 个心跳包发送成功
[03:21:10 INF] 【直播间】22764265 的第 61 个心跳包发送成功
[03:22:02 INF] 【直播间】23357926 的第 62 个心跳包发送成功
[03:22:03 INF] 【直播间】23040372 的第 62 个心跳包发送成功
[03:22:05 INF] 【直播间】31494 的第 62 个心跳包发送成功
[03:22:06 INF] 【直播间】4015781 的第 62 个心跳包发送成功
[03:22:07 INF] 【直播间】9619073 的第 62 个心跳包发送成功
[03:22:08 INF] 【直播间】407149 的第 62 个心跳包发送成功
[03:22:10 INF] 【直播间】7184632 的第 62 个心跳包发送成功
[03:22:11 INF] 【直播间】23447660 的第 62 个心跳包发送成功
[03:22:12 INF] 【直播间】929670 的第 62 个心跳包发送成功
[03:22:13 INF] 【直播间】11732699 的第 62 个心跳包发送成功
[03:22:15 INF] 【直播间】91164 的第 62 个心跳包发送成功
[03:22:16 INF] 【直播间】22764265 的第 62 个心跳包发送成功
[03:23:09 INF] 【直播间】23357926 的第 63 个心跳包发送成功
[03:23:10 INF] 【直播间】23040372 的第 63 个心跳包发送成功
[03:23:11 INF] 【直播间】31494 的第 63 个心跳包发送成功
[03:23:13 INF] 【直播间】4015781 的第 63 个心跳包发送成功
[03:23:14 INF] 【直播间】9619073 的第 63 个心跳包发送成功
[03:23:15 INF] 【直播间】407149 的第 63 个心跳包发送成功
[03:23:16 INF] 【直播间】7184632 的第 63 个心跳包发送成功
[03:23:18 INF] 【直播间】23447660 的第 63 个心跳包发送成功
[03:23:19 INF] 【直播间】929670 的第 63 个心跳包发送成功
[03:23:20 INF] 【直播间】11732699 的第 63 个心跳包发送成功
[03:23:21 INF] 【直播间】91164 的第 63 个心跳包发送成功
[03:23:23 INF] 【直播间】22764265 的第 63 个心跳包发送成功
[03:24:16 INF] 【直播间】23357926 的第 64 个心跳包发送成功
[03:24:17 INF] 【直播间】23040372 的第 64 个心跳包发送成功
[03:24:18 INF] 【直播间】31494 的第 64 个心跳包发送成功
[03:24:19 INF] 【直播间】4015781 的第 64 个心跳包发送成功
[03:24:21 INF] 【直播间】9619073 的第 64 个心跳包发送成功
[03:24:22 INF] 【直播间】407149 的第 64 个心跳包发送成功
[03:24:23 INF] 【直播间】7184632 的第 64 个心跳包发送成功
[03:24:24 INF] 【直播间】23447660 的第 64 个心跳包发送成功
[03:24:26 INF] 【直播间】929670 的第 64 个心跳包发送成功
[03:24:27 INF] 【直播间】11732699 的第 64 个心跳包发送成功
[03:24:28 INF] 【直播间】91164 的第 64 个心跳包发送成功
[03:24:29 INF] 【直播间】22764265 的第 64 个心跳包发送成功
[03:25:22 INF] 【直播间】23357926 的第 65 个心跳包发送成功
[03:25:23 INF] 【直播间】23040372 的第 65 个心跳包发送成功
[03:25:25 INF] 【直播间】31494 的第 65 个心跳包发送成功
[03:25:26 INF] 【直播间】4015781 的第 65 个心跳包发送成功
[03:25:27 INF] 【直播间】9619073 的第 65 个心跳包发送成功
[03:25:28 INF] 【直播间】407149 的第 65 个心跳包发送成功
[03:25:30 INF] 【直播间】7184632 的第 65 个心跳包发送成功
[03:25:31 INF] 【直播间】23447660 的第 65 个心跳包发送成功
[03:25:32 INF] 【直播间】929670 的第 65 个心跳包发送成功
[03:25:33 INF] 【直播间】11732699 的第 65 个心跳包发送成功
[03:25:35 INF] 【直播间】91164 的第 65 个心跳包发送成功
[03:25:36 INF] 【直播间】22764265 的第 65 个心跳包发送成功
[03:26:29 INF] 【直播间】23357926 的第 66 个心跳包发送成功
[03:26:30 INF] 【直播间】23040372 的第 66 个心跳包发送成功
[03:26:31 INF] 【直播间】31494 的第 66 个心跳包发送成功
[03:26:32 INF] 【直播间】4015781 的第 66 个心跳包发送成功
[03:26:34 INF] 【直播间】9619073 的第 66 个心跳包发送成功
[03:26:35 INF] 【直播间】407149 的第 66 个心跳包发送成功
[03:26:36 INF] 【直播间】7184632 的第 66 个心跳包发送成功
[03:26:37 INF] 【直播间】23447660 的第 66 个心跳包发送成功
[03:26:39 INF] 【直播间】929670 的第 66 个心跳包发送成功
[03:26:40 INF] 【直播间】11732699 的第 66 个心跳包发送成功
[03:26:41 INF] 【直播间】91164 的第 66 个心跳包发送成功
[03:26:42 INF] 【直播间】22764265 的第 66 个心跳包发送成功
[03:27:35 ERR] 【心跳包】直播间 23357926 发送失败
[03:27:35 ERR] 【原因】time check failed
[03:27:36 ERR] 【心跳包】直播间 23040372 发送失败
[03:27:36 ERR] 【原因】time check failed
[03:27:37 ERR] 【心跳包】直播间 31494 发送失败
[03:27:37 ERR] 【原因】time check failed
[03:27:39 ERR] 【心跳包】直播间 4015781 发送失败
[03:27:39 ERR] 【原因】time check failed
[03:27:40 ERR] 【心跳包】直播间 9619073 发送失败
[03:27:40 ERR] 【原因】time check failed
[03:27:41 ERR] 【心跳包】直播间 407149 发送失败
[03:27:41 ERR] 【原因】time check failed
[03:27:43 ERR] 【心跳包】直播间 7184632 发送失败
[03:27:43 ERR] 【原因】time check failed
[03:27:44 ERR] 【心跳包】直播间 23447660 发送失败
[03:27:44 ERR] 【原因】time check failed
[03:27:45 ERR] 【心跳包】直播间 929670 发送失败
[03:27:45 ERR] 【原因】time check failed
[03:27:47 ERR] 【心跳包】直播间 11732699 发送失败
[03:27:47 ERR] 【原因】time check failed
[03:27:48 ERR] 【心跳包】直播间 91164 发送失败
[03:27:48 ERR] 【原因】time check failed
[03:27:49 ERR] 【心跳包】直播间 22764265 发送失败
[03:27:49 ERR] 【原因】time check failed
[03:28:42 INF] 【直播间】23357926 的第 67 个心跳包发送成功
[03:28:43 INF] 【直播间】23040372 的第 67 个心跳包发送成功
[03:28:44 INF] 【直播间】31494 的第 67 个心跳包发送成功
[03:28:45 INF] 【直播间】4015781 的第 67 个心跳包发送成功
[03:28:47 INF] 【直播间】9619073 的第 67 个心跳包发送成功
[03:28:48 INF] 【直播间】407149 的第 67 个心跳包发送成功
[03:28:49 INF] 【直播间】7184632 的第 67 个心跳包发送成功
[03:28:51 INF] 【直播间】23447660 的第 67 个心跳包发送成功
[03:28:52 INF] 【直播间】929670 的第 67 个心跳包发送成功
[03:28:53 INF] 【直播间】11732699 的第 67 个心跳包发送成功
[03:28:54 INF] 【直播间】91164 的第 67 个心跳包发送成功
[03:28:56 INF] 【直播间】22764265 的第 67 个心跳包发送成功
[03:29:48 INF] 【直播间】23357926 的第 68 个心跳包发送成功
[03:29:50 INF] 【直播间】23040372 的第 68 个心跳包发送成功
[03:29:51 INF] 【直播间】31494 的第 68 个心跳包发送成功
[03:29:52 INF] 【直播间】4015781 的第 68 个心跳包发送成功
[03:29:53 INF] 【直播间】9619073 的第 68 个心跳包发送成功
[03:29:55 INF] 【直播间】407149 的第 68 个心跳包发送成功
[03:29:56 INF] 【直播间】7184632 的第 68 个心跳包发送成功
[03:29:57 INF] 【直播间】23447660 的第 68 个心跳包发送成功
[03:29:59 INF] 【直播间】929670 的第 68 个心跳包发送成功
[03:30:00 INF] 【直播间】11732699 的第 68 个心跳包发送成功
[03:30:01 INF] 【直播间】91164 的第 68 个心跳包发送成功
[03:30:03 INF] 【直播间】22764265 的第 68 个心跳包发送成功
[03:30:55 INF] 【直播间】23357926 的第 69 个心跳包发送成功
[03:30:56 INF] 【直播间】23040372 的第 69 个心跳包发送成功
[03:30:57 INF] 【直播间】31494 的第 69 个心跳包发送成功
[03:30:59 INF] 【直播间】4015781 的第 69 个心跳包发送成功
[03:31:00 INF] 【直播间】9619073 的第 69 个心跳包发送成功
[03:31:01 INF] 【直播间】407149 的第 69 个心跳包发送成功
[03:31:03 INF] 【直播间】7184632 的第 69 个心跳包发送成功
[03:31:04 INF] 【直播间】23447660 的第 69 个心跳包发送成功
[03:31:05 INF] 【直播间】929670 的第 69 个心跳包发送成功
[03:31:07 INF] 【直播间】11732699 的第 69 个心跳包发送成功
[03:31:08 INF] 【直播间】91164 的第 69 个心跳包发送成功
[03:31:09 INF] 【直播间】22764265 的第 69 个心跳包发送成功
[03:32:02 INF] 【直播间】23357926 的第 70 个心跳包发送成功
[03:32:03 INF] 【直播间】23040372 的第 70 个心跳包发送成功
[03:32:04 INF] 【直播间】31494 的第 70 个心跳包发送成功
[03:32:06 INF] 【直播间】4015781 的第 70 个心跳包发送成功
[03:32:07 INF] 【直播间】9619073 的第 70 个心跳包发送成功
[03:32:08 INF] 【直播间】407149 的第 70 个心跳包发送成功
[03:32:09 INF] 【直播间】7184632 的第 70 个心跳包发送成功
[03:32:11 INF] 【直播间】23447660 的第 70 个心跳包发送成功
[03:32:12 INF] 【直播间】929670 的第 70 个心跳包发送成功
[03:32:13 INF] 【直播间】11732699 的第 70 个心跳包发送成功
[03:32:14 INF] 【直播间】91164 的第 70 个心跳包发送成功
[03:32:16 INF] 【直播间】22764265 的第 70 个心跳包发送成功
[03:32:16 INF] 【直播观看时长】完成情况：12/12 
[03:32:16 INF] ---------结束---------

[03:32:16 INF] ==========结束==========

[03:32:16 INF] ######### 账号 3 #########

[03:32:16 INF] =====开始 直播间互动 =====

[03:32:16 INF] ---开始 发送弹幕 ---
[03:32:16 INF] 检测到直播 Cookie 未正确配置，尝试自动配置中...
[03:32:19 INF] 直播 Cookie 配置成功！
[03:32:19 INF] 【获取直播列表】获取拥有粉丝牌的直播列表
[03:32:27 ERR] 【获取直播列表】失败
[03:32:27 ERR] 【原因】账号未登录
[03:32:27 ERR] 发送弹幕失败，继续其他任务。失败信息:Object reference not set to an instance of an object.

[03:32:27 INF] -------结束-------

[03:32:27 INF] ---开始 点赞直播间 ---
[03:32:27 INF] 【获取直播列表】获取拥有粉丝牌的直播列表
[03:32:33 ERR] 【获取直播列表】失败
[03:32:33 ERR] 【原因】账号未登录
[03:32:33 ERR] 点赞直播间失败，继续其他任务。失败信息:Object reference not set to an instance of an object.

[03:32:33 INF] --------结束--------

[03:32:33 INF] ---开始 直播时长挂机 ---
[03:32:33 INF] 【获取直播列表】获取拥有粉丝牌的直播列表
[03:32:37 ERR] 【获取直播列表】失败
[03:32:37 ERR] 【原因】账号未登录
[03:32:37 ERR] 直播时长挂机失败，继续其他任务。失败信息:Object reference not set to an instance of an object.

[03:32:37 INF] ---------结束---------

[03:32:37 INF] ==========结束==========

[03:32:37 INF] 

========================

 v2.0.2 开源 by https://github.com/RayWangQvQ/BiliBiliToolPro

[03:32:37 INF] ·开始推送·LiveFansMedal任务·
2024-04-10T19:32:37.8851612Z 开始推送到:PushPlus
2024-04-10T19:32:39.1264445Z Response status: OK.
2024-04-10T19:32:39.1264828Z Response content: {"code":999,"msg":"发送内容过大，不能超过2万字","data":null}.

[03:32:39 INF] 运行环境：Development
[03:32:39 INF] 应用目录：/home/runner/work/BiliBiliToolPro/BiliBiliToolPro/src/Ray.BiliBiliTool.Console/bin/Debug/net6.0/

[03:32:39 INF] 运行结束
