----------- ip 信息 ---------
{
  "ip": "104.28.210.135",
  "city": "Durham",
  "region": "North Carolina",
  "country": "US",
  "loc": "35.9940,-78.8986",
  "org": "AS13335 Cloudflare, Inc.",
  "postal": "27701",
  "timezone": "America/New_York",
  "readme": "https://ipinfo.io/missingauth"
} ---------- end ------------
  ____               ____    _   _____           _  
 |  _ \ __ _ _   _  | __ ) _| |_|_   _|__   ___ | | 
 | |_) / _` | | | | |  _ \(_) (_) | |/ _ \ / _ \| | 
 |  _ < (_| | |_| | | |_) | | | | | | (_) | (_) | | 
 |_| \_\__,_|\__, | |____/|_|_|_| |_|\___/ \___/|_| 
             |___/                                  

[00:28:42 INF] BiliBiliToolPro 开始运行...

[00:28:42 INF] 【账号个数】3个

[00:28:42 INF] 随机休眠4分钟

[00:32:42 INF] 【目标任务】LiveFansMedal
[00:32:42 INF] ######### 账号 1 #########

[00:32:42 INF] =====开始 直播间互动 =====

[00:32:42 INF] ---开始 发送弹幕 ---
[00:32:42 INF] 检测到直播 Cookie 未正确配置，尝试自动配置中...
[00:32:51 INF] 直播 Cookie 配置成功！
[00:32:51 INF] 【获取直播列表】获取拥有粉丝牌的直播列表
[00:32:59 INF] 【主播】Mark陌枫 
[00:33:13 INF] 【主播】KL_qiqi_ 
[00:33:24 INF] 【主播】苏打baka 
[00:33:38 INF] 【直播间】Mark陌枫
[00:33:38 INF] 【粉丝牌】馬楓
[00:33:38 INF] 正在发送弹幕...
[00:33:41 INF] 【直播间】KL_qiqi_
[00:33:41 INF] 【粉丝牌】qiqisb
[00:33:41 INF] 正在发送弹幕...
[00:33:47 INF] 【直播间】苏打baka
[00:33:47 INF] 【粉丝牌】碳酸钠
[00:33:47 INF] 正在发送弹幕...
[00:33:50 INF] 【弹幕发送】成功~，你和主播 Mark陌枫 的亲密值增加了100！
[00:33:52 INF] -------结束-------

[00:33:52 INF] ---开始 点赞直播间 ---
[00:33:52 INF] 【获取直播列表】获取拥有粉丝牌的直播列表
[00:33:54 INF] 【弹幕发送】成功~，你和主播 KL_qiqi_ 的亲密值增加了100！
[00:33:56 INF] 【主播】Mark陌枫 
[00:33:58 INF] 【弹幕发送】成功~，你和主播 苏打baka 的亲密值增加了100！
[00:34:10 INF] 【主播】KL_qiqi_ 
[00:34:23 INF] 【主播】苏打baka 
[00:34:38 INF] 【点赞直播间】23357926 完成
[00:34:43 INF] 【点赞直播间】407149 完成
[00:34:47 INF] --------结束--------

[00:34:47 INF] ---开始 直播时长挂机 ---
[00:34:47 INF] 【获取直播列表】获取拥有粉丝牌的直播列表
[00:34:48 INF] 【点赞直播间】23040372 完成
[00:34:53 INF] 【主播】Mark陌枫 
[00:35:04 INF] 【主播】KL_qiqi_ 
[00:35:11 INF] 【主播】苏打baka 
[00:35:21 INF] 【直播间】23357926 的第 1 个心跳包发送成功
[00:35:22 INF] 【直播间】407149 的第 1 个心跳包发送成功
[00:35:24 INF] 【直播间】23040372 的第 1 个心跳包发送成功
[00:36:28 INF] 【直播间】23357926 的第 2 个心跳包发送成功
[00:36:29 INF] 【直播间】407149 的第 2 个心跳包发送成功
[00:36:30 INF] 【直播间】23040372 的第 2 个心跳包发送成功
[00:37:35 INF] 【直播间】23357926 的第 3 个心跳包发送成功
[00:37:36 INF] 【直播间】407149 的第 3 个心跳包发送成功
[00:37:38 INF] 【直播间】23040372 的第 3 个心跳包发送成功
[00:38:42 INF] 【直播间】23357926 的第 4 个心跳包发送成功
[00:38:43 INF] 【直播间】407149 的第 4 个心跳包发送成功
[00:38:44 INF] 【直播间】23040372 的第 4 个心跳包发送成功
[00:39:48 INF] 【直播间】23357926 的第 5 个心跳包发送成功
[00:39:50 INF] 【直播间】407149 的第 5 个心跳包发送成功
[00:39:51 INF] 【直播间】23040372 的第 5 个心跳包发送成功
[00:40:56 INF] 【直播间】23357926 的第 6 个心跳包发送成功
[00:40:57 INF] 【直播间】407149 的第 6 个心跳包发送成功
[00:40:58 INF] 【直播间】23040372 的第 6 个心跳包发送成功
[00:42:02 INF] 【直播间】23357926 的第 7 个心跳包发送成功
[00:42:03 INF] 【直播间】407149 的第 7 个心跳包发送成功
[00:42:05 INF] 【直播间】23040372 的第 7 个心跳包发送成功
[00:43:09 INF] 【直播间】23357926 的第 8 个心跳包发送成功
[00:43:10 INF] 【直播间】407149 的第 8 个心跳包发送成功
[00:43:11 INF] 【直播间】23040372 的第 8 个心跳包发送成功
[00:44:16 INF] 【直播间】23357926 的第 9 个心跳包发送成功
[00:44:17 INF] 【直播间】407149 的第 9 个心跳包发送成功
[00:44:18 INF] 【直播间】23040372 的第 9 个心跳包发送成功
[00:45:22 INF] 【直播间】23357926 的第 10 个心跳包发送成功
[00:45:24 INF] 【直播间】407149 的第 10 个心跳包发送成功
[00:45:25 INF] 【直播间】23040372 的第 10 个心跳包发送成功
[00:46:30 INF] 【直播间】23357926 的第 11 个心跳包发送成功
[00:46:31 INF] 【直播间】407149 的第 11 个心跳包发送成功
[00:46:32 INF] 【直播间】23040372 的第 11 个心跳包发送成功
[00:47:36 INF] 【直播间】23357926 的第 12 个心跳包发送成功
[00:47:37 INF] 【直播间】407149 的第 12 个心跳包发送成功
[00:47:39 INF] 【直播间】23040372 的第 12 个心跳包发送成功
[00:48:43 INF] 【直播间】23357926 的第 13 个心跳包发送成功
[00:48:44 INF] 【直播间】407149 的第 13 个心跳包发送成功
[00:48:45 INF] 【直播间】23040372 的第 13 个心跳包发送成功
[00:49:50 INF] 【直播间】23357926 的第 14 个心跳包发送成功
[00:49:51 INF] 【直播间】407149 的第 14 个心跳包发送成功
[00:49:53 INF] 【直播间】23040372 的第 14 个心跳包发送成功
[00:50:57 ERR] 【心跳包】直播间 23357926 发送失败
[00:50:57 ERR] 【原因】time check failed
[00:50:58 ERR] 【心跳包】直播间 407149 发送失败
[00:50:58 ERR] 【原因】time check failed
[00:50:59 ERR] 【心跳包】直播间 23040372 发送失败
[00:50:59 ERR] 【原因】time check failed
[00:52:04 INF] 【直播间】23357926 的第 15 个心跳包发送成功
[00:52:05 INF] 【直播间】407149 的第 15 个心跳包发送成功
[00:52:06 INF] 【直播间】23040372 的第 15 个心跳包发送成功
[00:53:11 INF] 【直播间】23357926 的第 16 个心跳包发送成功
[00:53:12 INF] 【直播间】407149 的第 16 个心跳包发送成功
[00:53:13 INF] 【直播间】23040372 的第 16 个心跳包发送成功
[00:54:18 INF] 【直播间】23357926 的第 17 个心跳包发送成功
[00:54:19 INF] 【直播间】407149 的第 17 个心跳包发送成功
[00:54:20 INF] 【直播间】23040372 的第 17 个心跳包发送成功
[00:55:25 INF] 【直播间】23357926 的第 18 个心跳包发送成功
[00:55:26 INF] 【直播间】407149 的第 18 个心跳包发送成功
[00:55:27 INF] 【直播间】23040372 的第 18 个心跳包发送成功
[00:56:32 INF] 【直播间】23357926 的第 19 个心跳包发送成功
[00:56:33 INF] 【直播间】407149 的第 19 个心跳包发送成功
[00:56:35 INF] 【直播间】23040372 的第 19 个心跳包发送成功
[00:57:39 INF] 【直播间】23357926 的第 20 个心跳包发送成功
[00:57:40 INF] 【直播间】407149 的第 20 个心跳包发送成功
[00:57:41 INF] 【直播间】23040372 的第 20 个心跳包发送成功
[00:58:46 INF] 【直播间】23357926 的第 21 个心跳包发送成功
[00:58:47 INF] 【直播间】407149 的第 21 个心跳包发送成功
[00:58:48 INF] 【直播间】23040372 的第 21 个心跳包发送成功
[00:59:52 INF] 【直播间】23357926 的第 22 个心跳包发送成功
[00:59:54 INF] 【直播间】407149 的第 22 个心跳包发送成功
[00:59:55 INF] 【直播间】23040372 的第 22 个心跳包发送成功
[01:00:59 INF] 【直播间】23357926 的第 23 个心跳包发送成功
[01:01:00 INF] 【直播间】407149 的第 23 个心跳包发送成功
[01:01:02 INF] 【直播间】23040372 的第 23 个心跳包发送成功
[01:02:06 INF] 【直播间】23357926 的第 24 个心跳包发送成功
[01:02:07 INF] 【直播间】407149 的第 24 个心跳包发送成功
[01:02:08 INF] 【直播间】23040372 的第 24 个心跳包发送成功
[01:03:12 INF] 【直播间】23357926 的第 25 个心跳包发送成功
[01:03:14 INF] 【直播间】407149 的第 25 个心跳包发送成功
[01:03:15 INF] 【直播间】23040372 的第 25 个心跳包发送成功
[01:04:19 INF] 【直播间】23357926 的第 26 个心跳包发送成功
[01:04:21 INF] 【直播间】407149 的第 26 个心跳包发送成功
[01:04:22 INF] 【直播间】23040372 的第 26 个心跳包发送成功
[01:05:26 INF] 【直播间】23357926 的第 27 个心跳包发送成功
[01:05:27 INF] 【直播间】407149 的第 27 个心跳包发送成功
[01:05:28 INF] 【直播间】23040372 的第 27 个心跳包发送成功
[01:06:33 ERR] 【心跳包】直播间 23357926 发送失败
[01:06:33 ERR] 【原因】time check failed
[01:06:34 ERR] 【心跳包】直播间 407149 发送失败
[01:06:34 ERR] 【原因】time check failed
[01:06:36 ERR] 【心跳包】直播间 23040372 发送失败
[01:06:36 ERR] 【原因】time check failed
[01:07:40 INF] 【直播间】23357926 的第 28 个心跳包发送成功
[01:07:41 INF] 【直播间】407149 的第 28 个心跳包发送成功
[01:07:42 INF] 【直播间】23040372 的第 28 个心跳包发送成功
[01:08:47 INF] 【直播间】23357926 的第 29 个心跳包发送成功
[01:08:48 INF] 【直播间】407149 的第 29 个心跳包发送成功
[01:08:49 INF] 【直播间】23040372 的第 29 个心跳包发送成功
[01:09:54 INF] 【直播间】23357926 的第 30 个心跳包发送成功
[01:09:55 INF] 【直播间】407149 的第 30 个心跳包发送成功
[01:09:56 INF] 【直播间】23040372 的第 30 个心跳包发送成功
[01:11:01 INF] 【直播间】23357926 的第 31 个心跳包发送成功
[01:11:02 INF] 【直播间】407149 的第 31 个心跳包发送成功
[01:11:03 INF] 【直播间】23040372 的第 31 个心跳包发送成功
[01:12:08 INF] 【直播间】23357926 的第 32 个心跳包发送成功
[01:12:09 INF] 【直播间】407149 的第 32 个心跳包发送成功
[01:12:10 INF] 【直播间】23040372 的第 32 个心跳包发送成功
[01:13:14 INF] 【直播间】23357926 的第 33 个心跳包发送成功
[01:13:16 INF] 【直播间】407149 的第 33 个心跳包发送成功
[01:13:17 INF] 【直播间】23040372 的第 33 个心跳包发送成功
[01:14:21 INF] 【直播间】23357926 的第 34 个心跳包发送成功
[01:14:22 INF] 【直播间】407149 的第 34 个心跳包发送成功
[01:14:24 INF] 【直播间】23040372 的第 34 个心跳包发送成功
[01:15:28 INF] 【直播间】23357926 的第 35 个心跳包发送成功
[01:15:29 INF] 【直播间】407149 的第 35 个心跳包发送成功
[01:15:31 INF] 【直播间】23040372 的第 35 个心跳包发送成功
[01:16:36 INF] 【直播间】23357926 的第 36 个心跳包发送成功
[01:16:37 INF] 【直播间】407149 的第 36 个心跳包发送成功
[01:16:38 INF] 【直播间】23040372 的第 36 个心跳包发送成功
[01:17:42 INF] 【直播间】23357926 的第 37 个心跳包发送成功
[01:17:44 INF] 【直播间】407149 的第 37 个心跳包发送成功
[01:17:45 INF] 【直播间】23040372 的第 37 个心跳包发送成功
[01:18:50 INF] 【直播间】23357926 的第 38 个心跳包发送成功
[01:18:51 INF] 【直播间】407149 的第 38 个心跳包发送成功
[01:18:52 INF] 【直播间】23040372 的第 38 个心跳包发送成功
[01:19:57 INF] 【直播间】23357926 的第 39 个心跳包发送成功
[01:19:58 INF] 【直播间】407149 的第 39 个心跳包发送成功
[01:19:59 INF] 【直播间】23040372 的第 39 个心跳包发送成功
[01:21:04 ERR] 【心跳包】直播间 23357926 发送失败
[01:21:04 ERR] 【原因】time check failed
[01:21:05 ERR] 【心跳包】直播间 407149 发送失败
[01:21:05 ERR] 【原因】time check failed
[01:21:06 ERR] 【心跳包】直播间 23040372 发送失败
[01:21:06 ERR] 【原因】time check failed
[01:22:10 INF] 【直播间】23357926 的第 40 个心跳包发送成功
[01:22:12 INF] 【直播间】407149 的第 40 个心跳包发送成功
[01:22:13 INF] 【直播间】23040372 的第 40 个心跳包发送成功
[01:23:17 INF] 【直播间】23357926 的第 41 个心跳包发送成功
[01:23:19 INF] 【直播间】407149 的第 41 个心跳包发送成功
[01:23:20 INF] 【直播间】23040372 的第 41 个心跳包发送成功
[01:24:24 INF] 【直播间】23357926 的第 42 个心跳包发送成功
[01:24:26 INF] 【直播间】407149 的第 42 个心跳包发送成功
[01:24:27 INF] 【直播间】23040372 的第 42 个心跳包发送成功
[01:25:31 INF] 【直播间】23357926 的第 43 个心跳包发送成功
[01:25:33 INF] 【直播间】407149 的第 43 个心跳包发送成功
[01:25:34 INF] 【直播间】23040372 的第 43 个心跳包发送成功
[01:26:39 INF] 【直播间】23357926 的第 44 个心跳包发送成功
[01:26:40 INF] 【直播间】407149 的第 44 个心跳包发送成功
[01:26:41 INF] 【直播间】23040372 的第 44 个心跳包发送成功
[01:27:45 INF] 【直播间】23357926 的第 45 个心跳包发送成功
[01:27:46 INF] 【直播间】407149 的第 45 个心跳包发送成功
[01:27:48 INF] 【直播间】23040372 的第 45 个心跳包发送成功
[01:28:53 INF] 【直播间】23357926 的第 46 个心跳包发送成功
[01:28:54 INF] 【直播间】407149 的第 46 个心跳包发送成功
[01:28:55 INF] 【直播间】23040372 的第 46 个心跳包发送成功
[01:30:00 INF] 【直播间】23357926 的第 47 个心跳包发送成功
[01:30:01 INF] 【直播间】407149 的第 47 个心跳包发送成功
[01:30:02 INF] 【直播间】23040372 的第 47 个心跳包发送成功
[01:31:06 INF] 【直播间】23357926 的第 48 个心跳包发送成功
[01:31:07 INF] 【直播间】407149 的第 48 个心跳包发送成功
[01:31:09 INF] 【直播间】23040372 的第 48 个心跳包发送成功
[01:32:13 INF] 【直播间】23357926 的第 49 个心跳包发送成功
[01:32:15 INF] 【直播间】407149 的第 49 个心跳包发送成功
[01:32:16 INF] 【直播间】23040372 的第 49 个心跳包发送成功
[01:33:20 INF] 【直播间】23357926 的第 50 个心跳包发送成功
[01:33:21 INF] 【直播间】407149 的第 50 个心跳包发送成功
[01:33:23 INF] 【直播间】23040372 的第 50 个心跳包发送成功
[01:34:27 INF] 【直播间】23357926 的第 51 个心跳包发送成功
[01:34:28 INF] 【直播间】407149 的第 51 个心跳包发送成功
[01:34:29 INF] 【直播间】23040372 的第 51 个心跳包发送成功
[01:35:34 INF] 【直播间】23357926 的第 52 个心跳包发送成功
[01:35:35 INF] 【直播间】407149 的第 52 个心跳包发送成功
[01:35:36 INF] 【直播间】23040372 的第 52 个心跳包发送成功
[01:36:41 ERR] 【心跳包】直播间 23357926 发送失败
[01:36:41 ERR] 【原因】time check failed
[01:36:42 ERR] 【心跳包】直播间 407149 发送失败
[01:36:42 ERR] 【原因】time check failed
[01:36:43 ERR] 【心跳包】直播间 23040372 发送失败
[01:36:43 ERR] 【原因】time check failed
[01:37:48 INF] 【直播间】23357926 的第 53 个心跳包发送成功
[01:37:49 INF] 【直播间】407149 的第 53 个心跳包发送成功
[01:37:50 INF] 【直播间】23040372 的第 53 个心跳包发送成功
[01:38:54 INF] 【直播间】23357926 的第 54 个心跳包发送成功
[01:38:56 INF] 【直播间】407149 的第 54 个心跳包发送成功
[01:38:57 INF] 【直播间】23040372 的第 54 个心跳包发送成功
[01:40:02 INF] 【直播间】23357926 的第 55 个心跳包发送成功
[01:40:03 INF] 【直播间】407149 的第 55 个心跳包发送成功
[01:40:04 INF] 【直播间】23040372 的第 55 个心跳包发送成功
[01:41:09 INF] 【直播间】23357926 的第 56 个心跳包发送成功
[01:41:10 INF] 【直播间】407149 的第 56 个心跳包发送成功
[01:41:11 INF] 【直播间】23040372 的第 56 个心跳包发送成功
[01:42:16 INF] 【直播间】23357926 的第 57 个心跳包发送成功
[01:42:17 INF] 【直播间】407149 的第 57 个心跳包发送成功
[01:42:18 INF] 【直播间】23040372 的第 57 个心跳包发送成功
[01:43:23 INF] 【直播间】23357926 的第 58 个心跳包发送成功
[01:43:24 INF] 【直播间】407149 的第 58 个心跳包发送成功
[01:43:26 INF] 【直播间】23040372 的第 58 个心跳包发送成功
[01:44:30 INF] 【直播间】23357926 的第 59 个心跳包发送成功
[01:44:31 INF] 【直播间】407149 的第 59 个心跳包发送成功
[01:44:33 INF] 【直播间】23040372 的第 59 个心跳包发送成功
[01:45:37 INF] 【直播间】23357926 的第 60 个心跳包发送成功
[01:45:39 INF] 【直播间】407149 的第 60 个心跳包发送成功
[01:45:40 INF] 【直播间】23040372 的第 60 个心跳包发送成功
[01:46:45 INF] 【直播间】23357926 的第 61 个心跳包发送成功
[01:46:46 INF] 【直播间】407149 的第 61 个心跳包发送成功
[01:46:47 INF] 【直播间】23040372 的第 61 个心跳包发送成功
[01:47:52 INF] 【直播间】23357926 的第 62 个心跳包发送成功
[01:47:53 INF] 【直播间】407149 的第 62 个心跳包发送成功
[01:47:54 INF] 【直播间】23040372 的第 62 个心跳包发送成功
[01:48:59 INF] 【直播间】23357926 的第 63 个心跳包发送成功
[01:49:00 INF] 【直播间】407149 的第 63 个心跳包发送成功
[01:49:01 INF] 【直播间】23040372 的第 63 个心跳包发送成功
[01:50:06 INF] 【直播间】23357926 的第 64 个心跳包发送成功
[01:50:07 INF] 【直播间】407149 的第 64 个心跳包发送成功
[01:50:08 INF] 【直播间】23040372 的第 64 个心跳包发送成功
[01:51:12 ERR] 【心跳包】直播间 23357926 发送失败
[01:51:12 ERR] 【原因】time check failed
[01:51:14 ERR] 【心跳包】直播间 407149 发送失败
[01:51:14 ERR] 【原因】time check failed
[01:51:15 ERR] 【心跳包】直播间 23040372 发送失败
[01:51:15 ERR] 【原因】time check failed
[01:52:20 INF] 【直播间】23357926 的第 65 个心跳包发送成功
[01:52:21 INF] 【直播间】407149 的第 65 个心跳包发送成功
[01:52:22 INF] 【直播间】23040372 的第 65 个心跳包发送成功
[01:53:26 INF] 【直播间】23357926 的第 66 个心跳包发送成功
[01:53:28 INF] 【直播间】407149 的第 66 个心跳包发送成功
[01:53:29 INF] 【直播间】23040372 的第 66 个心跳包发送成功
[01:54:34 INF] 【直播间】23357926 的第 67 个心跳包发送成功
[01:54:35 INF] 【直播间】407149 的第 67 个心跳包发送成功
[01:54:36 INF] 【直播间】23040372 的第 67 个心跳包发送成功
[01:55:40 INF] 【直播间】23357926 的第 68 个心跳包发送成功
[01:55:41 INF] 【直播间】407149 的第 68 个心跳包发送成功
[01:55:43 INF] 【直播间】23040372 的第 68 个心跳包发送成功
[01:56:47 INF] 【直播间】23357926 的第 69 个心跳包发送成功
[01:56:48 INF] 【直播间】407149 的第 69 个心跳包发送成功
[01:56:50 INF] 【直播间】23040372 的第 69 个心跳包发送成功
[01:57:54 INF] 【直播间】23357926 的第 70 个心跳包发送成功
[01:57:56 INF] 【直播间】407149 的第 70 个心跳包发送成功
[01:57:57 INF] 【直播间】23040372 的第 70 个心跳包发送成功
[01:57:57 INF] 【直播观看时长】完成情况：3/3 
[01:57:57 INF] ---------结束---------

[01:57:57 INF] ==========结束==========

[01:57:57 INF] ######### 账号 2 #########

[01:57:57 INF] =====开始 直播间互动 =====

[01:57:57 INF] ---开始 发送弹幕 ---
[01:57:57 INF] 检测到直播 Cookie 未正确配置，尝试自动配置中...
[01:58:02 INF] 直播 Cookie 配置成功！
[01:58:02 INF] 【获取直播列表】获取拥有粉丝牌的直播列表
[01:58:05 INF] 【主播】Mark陌枫 
[01:58:18 INF] 【主播】苏打baka 
[01:58:30 INF] 【主播】贪玩的小毅 
[01:58:38 INF] 【主播】陈抱一 
[01:58:54 INF] 【主播】特别中二的q3君 
[01:59:05 INF] 【主播】KL_qiqi_ 
[01:59:13 INF] 【直播间】Mark陌枫
[01:59:13 INF] 【粉丝牌】馬楓
[01:59:13 INF] 正在发送弹幕...
[01:59:19 INF] 【直播间】苏打baka
[01:59:19 INF] 【粉丝牌】碳酸钠
[01:59:19 INF] 正在发送弹幕...
[01:59:25 INF] 【直播间】贪玩的小毅
[01:59:25 INF] 【粉丝牌】大大毅
[01:59:25 INF] 正在发送弹幕...
[01:59:26 INF] 【弹幕发送】成功~，你和主播 Mark陌枫 的亲密值增加了100！
[01:59:30 INF] 【直播间】陈抱一
[01:59:30 INF] 【粉丝牌】陈抱一
[01:59:30 INF] 正在发送弹幕...
[01:59:32 INF] 【弹幕发送】成功~，你和主播 苏打baka 的亲密值增加了100！
[01:59:34 INF] 【弹幕发送】成功~，你和主播 贪玩的小毅 的亲密值增加了100！
[01:59:34 INF] 【直播间】特别中二的q3君
[01:59:34 INF] 【粉丝牌】q3GG
[01:59:34 INF] 正在发送弹幕...
[01:59:38 INF] 【弹幕发送】成功~，你和主播 陈抱一 的亲密值增加了100！
[01:59:40 INF] 【直播间】KL_qiqi_
[01:59:40 INF] 【粉丝牌】qiqisb
[01:59:40 INF] 正在发送弹幕...
[01:59:43 INF] -------结束-------

[01:59:43 INF] ---开始 点赞直播间 ---
[01:59:43 INF] 【获取直播列表】获取拥有粉丝牌的直播列表
[01:59:47 INF] 【弹幕发送】成功~，你和主播 KL_qiqi_ 的亲密值增加了100！
[01:59:47 ERR] 【弹幕发送】失败
[01:59:47 ERR] 【原因】您发送弹幕的频率过快
[01:59:49 INF] 【主播】Mark陌枫 
[01:59:59 INF] 【主播】苏打baka 
[02:00:11 INF] 【主播】贪玩的小毅 
[02:00:20 INF] 【主播】陈抱一 
[02:00:32 INF] 【主播】KL_qiqi_ 
[02:00:40 INF] 【主播】特别中二的q3君 
[02:00:54 INF] 【点赞直播间】23357926 完成
[02:00:58 INF] 【点赞直播间】23040372 完成
[02:01:02 INF] 【点赞直播间】9619073 完成
[02:01:07 INF] 【点赞直播间】4015781 完成
[02:01:10 INF] 【点赞直播间】407149 完成
[02:01:16 INF] --------结束--------

[02:01:16 INF] ---开始 直播时长挂机 ---
[02:01:16 INF] 【获取直播列表】获取拥有粉丝牌的直播列表
[02:01:17 INF] 【点赞直播间】31494 完成
[02:01:19 INF] 【主播】Mark陌枫 
[02:01:30 INF] 【主播】苏打baka 
[02:01:41 INF] 【主播】贪玩的小毅 
[02:01:53 INF] 【主播】陈抱一 
[02:02:08 INF] 【主播】KL_qiqi_ 
[02:02:18 INF] 【主播】特别中二的q3君 
[02:02:30 INF] 【直播间】23357926 的第 1 个心跳包发送成功
[02:02:31 INF] 【直播间】23040372 的第 1 个心跳包发送成功
[02:02:32 INF] 【直播间】9619073 的第 1 个心跳包发送成功
[02:02:34 INF] 【直播间】4015781 的第 1 个心跳包发送成功
[02:02:35 INF] 【直播间】407149 的第 1 个心跳包发送成功
[02:02:36 INF] 【直播间】31494 的第 1 个心跳包发送成功
[02:03:37 INF] 【直播间】23357926 的第 2 个心跳包发送成功
[02:03:38 INF] 【直播间】23040372 的第 2 个心跳包发送成功
[02:03:39 INF] 【直播间】9619073 的第 2 个心跳包发送成功
[02:03:41 INF] 【直播间】4015781 的第 2 个心跳包发送成功
[02:03:42 INF] 【直播间】407149 的第 2 个心跳包发送成功
[02:03:43 INF] 【直播间】31494 的第 2 个心跳包发送成功
[02:04:44 INF] 【直播间】23357926 的第 3 个心跳包发送成功
[02:04:45 INF] 【直播间】23040372 的第 3 个心跳包发送成功
[02:04:46 INF] 【直播间】9619073 的第 3 个心跳包发送成功
[02:04:48 INF] 【直播间】4015781 的第 3 个心跳包发送成功
[02:04:49 INF] 【直播间】407149 的第 3 个心跳包发送成功
[02:04:50 INF] 【直播间】31494 的第 3 个心跳包发送成功
[02:05:51 INF] 【直播间】23357926 的第 4 个心跳包发送成功
[02:05:52 INF] 【直播间】23040372 的第 4 个心跳包发送成功
[02:05:53 INF] 【直播间】9619073 的第 4 个心跳包发送成功
[02:05:55 INF] 【直播间】4015781 的第 4 个心跳包发送成功
[02:05:56 INF] 【直播间】407149 的第 4 个心跳包发送成功
[02:05:57 INF] 【直播间】31494 的第 4 个心跳包发送成功
[02:06:58 INF] 【直播间】23357926 的第 5 个心跳包发送成功
[02:06:59 INF] 【直播间】23040372 的第 5 个心跳包发送成功
[02:07:00 INF] 【直播间】9619073 的第 5 个心跳包发送成功
[02:07:01 INF] 【直播间】4015781 的第 5 个心跳包发送成功
[02:07:03 INF] 【直播间】407149 的第 5 个心跳包发送成功
[02:07:04 INF] 【直播间】31494 的第 5 个心跳包发送成功
[02:08:05 INF] 【直播间】23357926 的第 6 个心跳包发送成功
[02:08:06 INF] 【直播间】23040372 的第 6 个心跳包发送成功
[02:08:07 INF] 【直播间】9619073 的第 6 个心跳包发送成功
[02:08:09 INF] 【直播间】4015781 的第 6 个心跳包发送成功
[02:08:10 INF] 【直播间】407149 的第 6 个心跳包发送成功
[02:08:11 INF] 【直播间】31494 的第 6 个心跳包发送成功
[02:09:12 INF] 【直播间】23357926 的第 7 个心跳包发送成功
[02:09:13 INF] 【直播间】23040372 的第 7 个心跳包发送成功
[02:09:14 INF] 【直播间】9619073 的第 7 个心跳包发送成功
[02:09:15 INF] 【直播间】4015781 的第 7 个心跳包发送成功
[02:09:17 INF] 【直播间】407149 的第 7 个心跳包发送成功
[02:09:18 INF] 【直播间】31494 的第 7 个心跳包发送成功
[02:10:18 INF] 【直播间】23357926 的第 8 个心跳包发送成功
[02:10:20 INF] 【直播间】23040372 的第 8 个心跳包发送成功
[02:10:21 INF] 【直播间】9619073 的第 8 个心跳包发送成功
[02:10:22 INF] 【直播间】4015781 的第 8 个心跳包发送成功
[02:10:23 INF] 【直播间】407149 的第 8 个心跳包发送成功
[02:10:25 INF] 【直播间】31494 的第 8 个心跳包发送成功
[02:11:25 INF] 【直播间】23357926 的第 9 个心跳包发送成功
[02:11:26 INF] 【直播间】23040372 的第 9 个心跳包发送成功
[02:11:28 INF] 【直播间】9619073 的第 9 个心跳包发送成功
[02:11:29 INF] 【直播间】4015781 的第 9 个心跳包发送成功
[02:11:30 INF] 【直播间】407149 的第 9 个心跳包发送成功
[02:11:32 INF] 【直播间】31494 的第 9 个心跳包发送成功
[02:12:33 INF] 【直播间】23357926 的第 10 个心跳包发送成功
[02:12:34 INF] 【直播间】23040372 的第 10 个心跳包发送成功
[02:12:35 INF] 【直播间】9619073 的第 10 个心跳包发送成功
[02:12:37 INF] 【直播间】4015781 的第 10 个心跳包发送成功
[02:12:38 INF] 【直播间】407149 的第 10 个心跳包发送成功
[02:12:39 INF] 【直播间】31494 的第 10 个心跳包发送成功
[02:13:40 INF] 【直播间】23357926 的第 11 个心跳包发送成功
[02:13:41 INF] 【直播间】23040372 的第 11 个心跳包发送成功
[02:13:43 INF] 【直播间】9619073 的第 11 个心跳包发送成功
[02:13:44 INF] 【直播间】4015781 的第 11 个心跳包发送成功
[02:13:45 INF] 【直播间】407149 的第 11 个心跳包发送成功
[02:13:46 INF] 【直播间】31494 的第 11 个心跳包发送成功
[02:14:47 INF] 【直播间】23357926 的第 12 个心跳包发送成功
[02:14:48 INF] 【直播间】23040372 的第 12 个心跳包发送成功
[02:14:49 INF] 【直播间】9619073 的第 12 个心跳包发送成功
[02:14:51 INF] 【直播间】4015781 的第 12 个心跳包发送成功
[02:14:52 INF] 【直播间】407149 的第 12 个心跳包发送成功
[02:14:53 INF] 【直播间】31494 的第 12 个心跳包发送成功
[02:15:54 INF] 【直播间】23357926 的第 13 个心跳包发送成功
[02:15:55 INF] 【直播间】23040372 的第 13 个心跳包发送成功
[02:15:56 INF] 【直播间】9619073 的第 13 个心跳包发送成功
[02:15:57 INF] 【直播间】4015781 的第 13 个心跳包发送成功
[02:15:59 INF] 【直播间】407149 的第 13 个心跳包发送成功
[02:16:00 INF] 【直播间】31494 的第 13 个心跳包发送成功
[02:17:00 INF] 【直播间】23357926 的第 14 个心跳包发送成功
[02:17:02 ERR] 【心跳包】直播间 23040372 发送失败
[02:17:02 ERR] 【原因】time check failed
[02:17:03 ERR] 【心跳包】直播间 9619073 发送失败
[02:17:03 ERR] 【原因】time check failed
[02:17:04 INF] 【直播间】4015781 的第 14 个心跳包发送成功
[02:17:06 INF] 【直播间】407149 的第 14 个心跳包发送成功
[02:17:07 ERR] 【心跳包】直播间 31494 发送失败
[02:17:07 ERR] 【原因】time check failed
[02:18:08 ERR] 【心跳包】直播间 23357926 发送失败
[02:18:08 ERR] 【原因】time check failed
[02:18:09 INF] 【直播间】23040372 的第 14 个心跳包发送成功
[02:18:11 INF] 【直播间】9619073 的第 14 个心跳包发送成功
[02:18:12 ERR] 【心跳包】直播间 4015781 发送失败
[02:18:12 ERR] 【原因】time check failed
[02:18:13 ERR] 【心跳包】直播间 407149 发送失败
[02:18:13 ERR] 【原因】time check failed
[02:18:14 INF] 【直播间】31494 的第 14 个心跳包发送成功
[02:19:14 INF] 【直播间】23357926 的第 15 个心跳包发送成功
[02:19:16 INF] 【直播间】23040372 的第 15 个心跳包发送成功
[02:19:17 INF] 【直播间】9619073 的第 15 个心跳包发送成功
[02:19:18 INF] 【直播间】4015781 的第 15 个心跳包发送成功
[02:19:19 INF] 【直播间】407149 的第 15 个心跳包发送成功
[02:19:21 INF] 【直播间】31494 的第 15 个心跳包发送成功
[02:20:21 INF] 【直播间】23357926 的第 16 个心跳包发送成功
[02:20:22 INF] 【直播间】23040372 的第 16 个心跳包发送成功
[02:20:24 INF] 【直播间】9619073 的第 16 个心跳包发送成功
[02:20:25 INF] 【直播间】4015781 的第 16 个心跳包发送成功
[02:20:26 INF] 【直播间】407149 的第 16 个心跳包发送成功
[02:20:28 INF] 【直播间】31494 的第 16 个心跳包发送成功
[02:21:28 INF] 【直播间】23357926 的第 17 个心跳包发送成功
[02:21:30 INF] 【直播间】23040372 的第 17 个心跳包发送成功
[02:21:31 INF] 【直播间】9619073 的第 17 个心跳包发送成功
[02:21:32 INF] 【直播间】4015781 的第 17 个心跳包发送成功
[02:21:33 INF] 【直播间】407149 的第 17 个心跳包发送成功
[02:21:35 INF] 【直播间】31494 的第 17 个心跳包发送成功
[02:22:35 INF] 【直播间】23357926 的第 18 个心跳包发送成功
[02:22:36 INF] 【直播间】23040372 的第 18 个心跳包发送成功
[02:22:37 INF] 【直播间】9619073 的第 18 个心跳包发送成功
[02:22:39 INF] 【直播间】4015781 的第 18 个心跳包发送成功
[02:22:40 INF] 【直播间】407149 的第 18 个心跳包发送成功
[02:22:41 INF] 【直播间】31494 的第 18 个心跳包发送成功
[02:23:42 INF] 【直播间】23357926 的第 19 个心跳包发送成功
[02:23:43 INF] 【直播间】23040372 的第 19 个心跳包发送成功
[02:23:44 INF] 【直播间】9619073 的第 19 个心跳包发送成功
[02:23:46 INF] 【直播间】4015781 的第 19 个心跳包发送成功
[02:23:47 INF] 【直播间】407149 的第 19 个心跳包发送成功
[02:23:48 INF] 【直播间】31494 的第 19 个心跳包发送成功
[02:24:49 INF] 【直播间】23357926 的第 20 个心跳包发送成功
[02:24:50 INF] 【直播间】23040372 的第 20 个心跳包发送成功
[02:24:52 INF] 【直播间】9619073 的第 20 个心跳包发送成功
[02:24:53 INF] 【直播间】4015781 的第 20 个心跳包发送成功
[02:24:54 INF] 【直播间】407149 的第 20 个心跳包发送成功
[02:24:55 INF] 【直播间】31494 的第 20 个心跳包发送成功
[02:25:56 INF] 【直播间】23357926 的第 21 个心跳包发送成功
[02:25:57 INF] 【直播间】23040372 的第 21 个心跳包发送成功
[02:25:58 INF] 【直播间】9619073 的第 21 个心跳包发送成功
[02:26:00 INF] 【直播间】4015781 的第 21 个心跳包发送成功
[02:26:01 INF] 【直播间】407149 的第 21 个心跳包发送成功
[02:26:02 INF] 【直播间】31494 的第 21 个心跳包发送成功
[02:27:03 INF] 【直播间】23357926 的第 22 个心跳包发送成功
[02:27:04 INF] 【直播间】23040372 的第 22 个心跳包发送成功
[02:27:05 INF] 【直播间】9619073 的第 22 个心跳包发送成功
[02:27:06 INF] 【直播间】4015781 的第 22 个心跳包发送成功
[02:27:08 INF] 【直播间】407149 的第 22 个心跳包发送成功
[02:27:09 INF] 【直播间】31494 的第 22 个心跳包发送成功
[02:28:10 INF] 【直播间】23357926 的第 23 个心跳包发送成功
[02:28:11 INF] 【直播间】23040372 的第 23 个心跳包发送成功
[02:28:12 INF] 【直播间】9619073 的第 23 个心跳包发送成功
[02:28:14 INF] 【直播间】4015781 的第 23 个心跳包发送成功
[02:28:15 INF] 【直播间】407149 的第 23 个心跳包发送成功
[02:28:16 INF] 【直播间】31494 的第 23 个心跳包发送成功
[02:29:17 INF] 【直播间】23357926 的第 24 个心跳包发送成功
[02:29:19 INF] 【直播间】23040372 的第 24 个心跳包发送成功
[02:29:20 INF] 【直播间】9619073 的第 24 个心跳包发送成功
[02:29:21 INF] 【直播间】4015781 的第 24 个心跳包发送成功
[02:29:22 INF] 【直播间】407149 的第 24 个心跳包发送成功
[02:29:24 INF] 【直播间】31494 的第 24 个心跳包发送成功
[02:30:24 INF] 【直播间】23357926 的第 25 个心跳包发送成功
[02:30:25 INF] 【直播间】23040372 的第 25 个心跳包发送成功
[02:30:26 INF] 【直播间】9619073 的第 25 个心跳包发送成功
[02:30:28 INF] 【直播间】4015781 的第 25 个心跳包发送成功
[02:30:29 INF] 【直播间】407149 的第 25 个心跳包发送成功
[02:30:30 INF] 【直播间】31494 的第 25 个心跳包发送成功
[02:31:31 INF] 【直播间】23357926 的第 26 个心跳包发送成功
[02:31:32 INF] 【直播间】23040372 的第 26 个心跳包发送成功
[02:31:33 INF] 【直播间】9619073 的第 26 个心跳包发送成功
[02:31:35 INF] 【直播间】4015781 的第 26 个心跳包发送成功
[02:31:36 INF] 【直播间】407149 的第 26 个心跳包发送成功
[02:31:37 INF] 【直播间】31494 的第 26 个心跳包发送成功
[02:32:38 INF] 【直播间】23357926 的第 27 个心跳包发送成功
[02:32:39 ERR] 【心跳包】直播间 23040372 发送失败
[02:32:39 ERR] 【原因】time check failed
[02:32:40 ERR] 【心跳包】直播间 9619073 发送失败
[02:32:40 ERR] 【原因】time check failed
[02:32:41 INF] 【直播间】4015781 的第 27 个心跳包发送成功
[02:32:43 INF] 【直播间】407149 的第 27 个心跳包发送成功
[02:32:44 ERR] 【心跳包】直播间 31494 发送失败
[02:32:44 ERR] 【原因】time check failed
[02:33:45 ERR] 【心跳包】直播间 23357926 发送失败
[02:33:45 ERR] 【原因】time check failed
[02:33:46 INF] 【直播间】23040372 的第 27 个心跳包发送成功
[02:33:47 INF] 【直播间】9619073 的第 27 个心跳包发送成功
[02:33:48 ERR] 【心跳包】直播间 4015781 发送失败
[02:33:48 ERR] 【原因】time check failed
[02:33:50 ERR] 【心跳包】直播间 407149 发送失败
[02:33:50 ERR] 【原因】time check failed
[02:33:51 INF] 【直播间】31494 的第 27 个心跳包发送成功
[02:34:52 INF] 【直播间】23357926 的第 28 个心跳包发送成功
[02:34:53 INF] 【直播间】23040372 的第 28 个心跳包发送成功
[02:34:55 INF] 【直播间】9619073 的第 28 个心跳包发送成功
[02:34:56 INF] 【直播间】4015781 的第 28 个心跳包发送成功
[02:34:57 INF] 【直播间】407149 的第 28 个心跳包发送成功
[02:34:59 INF] 【直播间】31494 的第 28 个心跳包发送成功
[02:35:59 INF] 【直播间】23357926 的第 29 个心跳包发送成功
[02:36:00 INF] 【直播间】23040372 的第 29 个心跳包发送成功
[02:36:01 INF] 【直播间】9619073 的第 29 个心跳包发送成功
[02:36:03 INF] 【直播间】4015781 的第 29 个心跳包发送成功
[02:36:04 INF] 【直播间】407149 的第 29 个心跳包发送成功
[02:36:05 INF] 【直播间】31494 的第 29 个心跳包发送成功
[02:37:06 INF] 【直播间】23357926 的第 30 个心跳包发送成功
[02:37:07 INF] 【直播间】23040372 的第 30 个心跳包发送成功
[02:37:08 INF] 【直播间】9619073 的第 30 个心跳包发送成功
[02:37:09 INF] 【直播间】4015781 的第 30 个心跳包发送成功
[02:37:11 INF] 【直播间】407149 的第 30 个心跳包发送成功
[02:37:12 INF] 【直播间】31494 的第 30 个心跳包发送成功
[02:38:13 INF] 【直播间】23357926 的第 31 个心跳包发送成功
[02:38:14 INF] 【直播间】23040372 的第 31 个心跳包发送成功
[02:38:16 INF] 【直播间】9619073 的第 31 个心跳包发送成功
[02:38:17 INF] 【直播间】4015781 的第 31 个心跳包发送成功
[02:38:18 INF] 【直播间】407149 的第 31 个心跳包发送成功
[02:38:19 INF] 【直播间】31494 的第 31 个心跳包发送成功
[02:39:20 INF] 【直播间】23357926 的第 32 个心跳包发送成功
[02:39:22 INF] 【直播间】23040372 的第 32 个心跳包发送成功
[02:39:23 INF] 【直播间】9619073 的第 32 个心跳包发送成功
[02:39:24 INF] 【直播间】4015781 的第 32 个心跳包发送成功
[02:39:25 INF] 【直播间】407149 的第 32 个心跳包发送成功
[02:39:27 INF] 【直播间】31494 的第 32 个心跳包发送成功
[02:40:27 INF] 【直播间】23357926 的第 33 个心跳包发送成功
[02:40:28 INF] 【直播间】23040372 的第 33 个心跳包发送成功
[02:40:30 INF] 【直播间】9619073 的第 33 个心跳包发送成功
[02:40:31 INF] 【直播间】4015781 的第 33 个心跳包发送成功
[02:40:32 INF] 【直播间】407149 的第 33 个心跳包发送成功
[02:40:34 INF] 【直播间】31494 的第 33 个心跳包发送成功
[02:41:35 INF] 【直播间】23357926 的第 34 个心跳包发送成功
[02:41:36 INF] 【直播间】23040372 的第 34 个心跳包发送成功
[02:41:37 INF] 【直播间】9619073 的第 34 个心跳包发送成功
[02:41:39 INF] 【直播间】4015781 的第 34 个心跳包发送成功
[02:41:40 INF] 【直播间】407149 的第 34 个心跳包发送成功
[02:41:41 INF] 【直播间】31494 的第 34 个心跳包发送成功
[02:42:41 INF] 【直播间】23357926 的第 35 个心跳包发送成功
[02:42:42 INF] 【直播间】23040372 的第 35 个心跳包发送成功
[02:42:44 INF] 【直播间】9619073 的第 35 个心跳包发送成功
[02:42:45 INF] 【直播间】4015781 的第 35 个心跳包发送成功
[02:42:46 INF] 【直播间】407149 的第 35 个心跳包发送成功
[02:42:48 INF] 【直播间】31494 的第 35 个心跳包发送成功
[02:43:48 INF] 【直播间】23357926 的第 36 个心跳包发送成功
[02:43:49 INF] 【直播间】23040372 的第 36 个心跳包发送成功
[02:43:50 INF] 【直播间】9619073 的第 36 个心跳包发送成功
[02:43:52 INF] 【直播间】4015781 的第 36 个心跳包发送成功
[02:43:53 INF] 【直播间】407149 的第 36 个心跳包发送成功
[02:43:54 INF] 【直播间】31494 的第 36 个心跳包发送成功
[02:44:55 INF] 【直播间】23357926 的第 37 个心跳包发送成功
[02:44:56 INF] 【直播间】23040372 的第 37 个心跳包发送成功
[02:44:58 INF] 【直播间】9619073 的第 37 个心跳包发送成功
[02:44:59 INF] 【直播间】4015781 的第 37 个心跳包发送成功
[02:45:00 INF] 【直播间】407149 的第 37 个心跳包发送成功
[02:45:02 INF] 【直播间】31494 的第 37 个心跳包发送成功
[02:46:02 INF] 【直播间】23357926 的第 38 个心跳包发送成功
[02:46:03 INF] 【直播间】23040372 的第 38 个心跳包发送成功
[02:46:04 INF] 【直播间】9619073 的第 38 个心跳包发送成功
[02:46:06 INF] 【直播间】4015781 的第 38 个心跳包发送成功
[02:46:07 INF] 【直播间】407149 的第 38 个心跳包发送成功
[02:46:08 INF] 【直播间】31494 的第 38 个心跳包发送成功
[02:47:09 INF] 【直播间】23357926 的第 39 个心跳包发送成功
[02:47:10 ERR] 【心跳包】直播间 23040372 发送失败
[02:47:10 ERR] 【原因】time check failed
[02:47:12 ERR] 【心跳包】直播间 9619073 发送失败
[02:47:12 ERR] 【原因】time check failed
[02:47:13 INF] 【直播间】4015781 的第 39 个心跳包发送成功
[02:47:14 INF] 【直播间】407149 的第 39 个心跳包发送成功
[02:47:15 ERR] 【心跳包】直播间 31494 发送失败
[02:47:15 ERR] 【原因】time check failed
[02:48:16 ERR] 【心跳包】直播间 23357926 发送失败
[02:48:16 ERR] 【原因】time check failed
[02:48:17 INF] 【直播间】23040372 的第 39 个心跳包发送成功
[02:48:19 INF] 【直播间】9619073 的第 39 个心跳包发送成功
[02:48:20 ERR] 【心跳包】直播间 4015781 发送失败
[02:48:20 ERR] 【原因】time check failed
[02:48:21 ERR] 【心跳包】直播间 407149 发送失败
[02:48:21 ERR] 【原因】time check failed
[02:48:22 INF] 【直播间】31494 的第 39 个心跳包发送成功
[02:49:23 INF] 【直播间】23357926 的第 40 个心跳包发送成功
[02:49:24 INF] 【直播间】23040372 的第 40 个心跳包发送成功
[02:49:25 INF] 【直播间】9619073 的第 40 个心跳包发送成功
[02:49:27 INF] 【直播间】4015781 的第 40 个心跳包发送成功
[02:49:28 INF] 【直播间】407149 的第 40 个心跳包发送成功
[02:49:29 INF] 【直播间】31494 的第 40 个心跳包发送成功
[02:50:30 INF] 【直播间】23357926 的第 41 个心跳包发送成功
[02:50:31 INF] 【直播间】23040372 的第 41 个心跳包发送成功
[02:50:32 INF] 【直播间】9619073 的第 41 个心跳包发送成功
[02:50:34 INF] 【直播间】4015781 的第 41 个心跳包发送成功
[02:50:35 INF] 【直播间】407149 的第 41 个心跳包发送成功
[02:50:36 INF] 【直播间】31494 的第 41 个心跳包发送成功
[02:51:37 INF] 【直播间】23357926 的第 42 个心跳包发送成功
[02:51:39 INF] 【直播间】23040372 的第 42 个心跳包发送成功
[02:51:40 INF] 【直播间】9619073 的第 42 个心跳包发送成功
[02:51:41 INF] 【直播间】4015781 的第 42 个心跳包发送成功
[02:51:42 INF] 【直播间】407149 的第 42 个心跳包发送成功
[02:51:44 INF] 【直播间】31494 的第 42 个心跳包发送成功
[02:52:45 INF] 【直播间】23357926 的第 43 个心跳包发送成功
[02:52:46 INF] 【直播间】23040372 的第 43 个心跳包发送成功
[02:52:47 INF] 【直播间】9619073 的第 43 个心跳包发送成功
[02:52:48 INF] 【直播间】4015781 的第 43 个心跳包发送成功
[02:52:50 INF] 【直播间】407149 的第 43 个心跳包发送成功
[02:52:51 INF] 【直播间】31494 的第 43 个心跳包发送成功
[02:53:51 INF] 【直播间】23357926 的第 44 个心跳包发送成功
[02:53:52 INF] 【直播间】23040372 的第 44 个心跳包发送成功
[02:53:54 INF] 【直播间】9619073 的第 44 个心跳包发送成功
[02:53:55 INF] 【直播间】4015781 的第 44 个心跳包发送成功
[02:53:56 INF] 【直播间】407149 的第 44 个心跳包发送成功
[02:53:58 INF] 【直播间】31494 的第 44 个心跳包发送成功
[02:54:58 INF] 【直播间】23357926 的第 45 个心跳包发送成功
[02:55:00 INF] 【直播间】23040372 的第 45 个心跳包发送成功
[02:55:01 INF] 【直播间】9619073 的第 45 个心跳包发送成功
[02:55:02 INF] 【直播间】4015781 的第 45 个心跳包发送成功
[02:55:04 INF] 【直播间】407149 的第 45 个心跳包发送成功
[02:55:05 INF] 【直播间】31494 的第 45 个心跳包发送成功
[02:56:05 INF] 【直播间】23357926 的第 46 个心跳包发送成功
[02:56:06 INF] 【直播间】23040372 的第 46 个心跳包发送成功
[02:56:08 INF] 【直播间】9619073 的第 46 个心跳包发送成功
[02:56:09 INF] 【直播间】4015781 的第 46 个心跳包发送成功
[02:56:10 INF] 【直播间】407149 的第 46 个心跳包发送成功
[02:56:11 INF] 【直播间】31494 的第 46 个心跳包发送成功
[02:57:12 INF] 【直播间】23357926 的第 47 个心跳包发送成功
[02:57:13 INF] 【直播间】23040372 的第 47 个心跳包发送成功
[02:57:15 INF] 【直播间】9619073 的第 47 个心跳包发送成功
[02:57:16 INF] 【直播间】4015781 的第 47 个心跳包发送成功
[02:57:17 INF] 【直播间】407149 的第 47 个心跳包发送成功
[02:57:19 INF] 【直播间】31494 的第 47 个心跳包发送成功
[02:58:19 INF] 【直播间】23357926 的第 48 个心跳包发送成功
[02:58:20 INF] 【直播间】23040372 的第 48 个心跳包发送成功
[02:58:22 INF] 【直播间】9619073 的第 48 个心跳包发送成功
[02:58:23 INF] 【直播间】4015781 的第 48 个心跳包发送成功
[02:58:24 INF] 【直播间】407149 的第 48 个心跳包发送成功
[02:58:25 INF] 【直播间】31494 的第 48 个心跳包发送成功
[02:59:26 INF] 【直播间】23357926 的第 49 个心跳包发送成功
[02:59:27 INF] 【直播间】23040372 的第 49 个心跳包发送成功
[02:59:29 INF] 【直播间】9619073 的第 49 个心跳包发送成功
[02:59:30 INF] 【直播间】4015781 的第 49 个心跳包发送成功
[02:59:31 INF] 【直播间】407149 的第 49 个心跳包发送成功
[02:59:32 INF] 【直播间】31494 的第 49 个心跳包发送成功
[03:00:33 INF] 【直播间】23357926 的第 50 个心跳包发送成功
[03:00:34 INF] 【直播间】23040372 的第 50 个心跳包发送成功
[03:00:35 INF] 【直播间】9619073 的第 50 个心跳包发送成功
[03:00:36 INF] 【直播间】4015781 的第 50 个心跳包发送成功
[03:00:38 INF] 【直播间】407149 的第 50 个心跳包发送成功
[03:00:39 INF] 【直播间】31494 的第 50 个心跳包发送成功
[03:01:40 INF] 【直播间】23357926 的第 51 个心跳包发送成功
[03:01:41 ERR] 【心跳包】直播间 23040372 发送失败
[03:01:41 ERR] 【原因】time check failed
[03:01:43 ERR] 【心跳包】直播间 9619073 发送失败
[03:01:43 ERR] 【原因】time check failed
[03:01:44 INF] 【直播间】4015781 的第 51 个心跳包发送成功
[03:01:45 INF] 【直播间】407149 的第 51 个心跳包发送成功
[03:01:46 ERR] 【心跳包】直播间 31494 发送失败
[03:01:46 ERR] 【原因】time check failed
[03:02:47 ERR] 【心跳包】直播间 23357926 发送失败
[03:02:47 ERR] 【原因】time check failed
[03:02:48 INF] 【直播间】23040372 的第 51 个心跳包发送成功
[03:02:50 INF] 【直播间】9619073 的第 51 个心跳包发送成功
[03:02:51 ERR] 【心跳包】直播间 4015781 发送失败
[03:02:51 ERR] 【原因】time check failed
[03:02:52 ERR] 【心跳包】直播间 407149 发送失败
[03:02:52 ERR] 【原因】time check failed
[03:02:53 INF] 【直播间】31494 的第 51 个心跳包发送成功
[03:03:54 INF] 【直播间】23357926 的第 52 个心跳包发送成功
[03:03:55 INF] 【直播间】23040372 的第 52 个心跳包发送成功
[03:03:56 INF] 【直播间】9619073 的第 52 个心跳包发送成功
[03:03:57 INF] 【直播间】4015781 的第 52 个心跳包发送成功
[03:03:59 INF] 【直播间】407149 的第 52 个心跳包发送成功
[03:04:00 INF] 【直播间】31494 的第 52 个心跳包发送成功
[03:05:01 INF] 【直播间】23357926 的第 53 个心跳包发送成功
[03:05:02 INF] 【直播间】23040372 的第 53 个心跳包发送成功
[03:05:03 INF] 【直播间】9619073 的第 53 个心跳包发送成功
[03:05:05 INF] 【直播间】4015781 的第 53 个心跳包发送成功
[03:05:06 INF] 【直播间】407149 的第 53 个心跳包发送成功
[03:05:07 INF] 【直播间】31494 的第 53 个心跳包发送成功
[03:06:08 INF] 【直播间】23357926 的第 54 个心跳包发送成功
[03:06:09 INF] 【直播间】23040372 的第 54 个心跳包发送成功
[03:06:10 INF] 【直播间】9619073 的第 54 个心跳包发送成功
[03:06:11 INF] 【直播间】4015781 的第 54 个心跳包发送成功
[03:06:13 INF] 【直播间】407149 的第 54 个心跳包发送成功
[03:06:14 INF] 【直播间】31494 的第 54 个心跳包发送成功
[03:07:15 INF] 【直播间】23357926 的第 55 个心跳包发送成功
[03:07:16 INF] 【直播间】23040372 的第 55 个心跳包发送成功
[03:07:17 INF] 【直播间】9619073 的第 55 个心跳包发送成功
[03:07:19 INF] 【直播间】4015781 的第 55 个心跳包发送成功
[03:07:20 INF] 【直播间】407149 的第 55 个心跳包发送成功
[03:07:21 INF] 【直播间】31494 的第 55 个心跳包发送成功
[03:08:22 INF] 【直播间】23357926 的第 56 个心跳包发送成功
[03:08:23 INF] 【直播间】23040372 的第 56 个心跳包发送成功
[03:08:24 INF] 【直播间】9619073 的第 56 个心跳包发送成功
[03:08:26 INF] 【直播间】4015781 的第 56 个心跳包发送成功
[03:08:27 INF] 【直播间】407149 的第 56 个心跳包发送成功
[03:08:28 INF] 【直播间】31494 的第 56 个心跳包发送成功
[03:09:29 INF] 【直播间】23357926 的第 57 个心跳包发送成功
[03:09:30 INF] 【直播间】23040372 的第 57 个心跳包发送成功
[03:09:31 INF] 【直播间】9619073 的第 57 个心跳包发送成功
[03:09:32 INF] 【直播间】4015781 的第 57 个心跳包发送成功
[03:09:34 INF] 【直播间】407149 的第 57 个心跳包发送成功
[03:09:35 INF] 【直播间】31494 的第 57 个心跳包发送成功
[03:10:36 INF] 【直播间】23357926 的第 58 个心跳包发送成功
[03:10:37 INF] 【直播间】23040372 的第 58 个心跳包发送成功
[03:10:38 INF] 【直播间】9619073 的第 58 个心跳包发送成功
[03:10:40 INF] 【直播间】4015781 的第 58 个心跳包发送成功
[03:10:41 INF] 【直播间】407149 的第 58 个心跳包发送成功
[03:10:42 INF] 【直播间】31494 的第 58 个心跳包发送成功
[03:11:43 INF] 【直播间】23357926 的第 59 个心跳包发送成功
[03:11:44 INF] 【直播间】23040372 的第 59 个心跳包发送成功
[03:11:45 INF] 【直播间】9619073 的第 59 个心跳包发送成功
[03:11:47 INF] 【直播间】4015781 的第 59 个心跳包发送成功
[03:11:48 INF] 【直播间】407149 的第 59 个心跳包发送成功
[03:11:49 INF] 【直播间】31494 的第 59 个心跳包发送成功
[03:12:50 INF] 【直播间】23357926 的第 60 个心跳包发送成功
[03:12:51 INF] 【直播间】23040372 的第 60 个心跳包发送成功
[03:12:52 INF] 【直播间】9619073 的第 60 个心跳包发送成功
[03:12:53 INF] 【直播间】4015781 的第 60 个心跳包发送成功
[03:12:55 INF] 【直播间】407149 的第 60 个心跳包发送成功
[03:12:56 INF] 【直播间】31494 的第 60 个心跳包发送成功
[03:13:57 INF] 【直播间】23357926 的第 61 个心跳包发送成功
[03:13:58 INF] 【直播间】23040372 的第 61 个心跳包发送成功
[03:14:00 INF] 【直播间】9619073 的第 61 个心跳包发送成功
[03:14:01 INF] 【直播间】4015781 的第 61 个心跳包发送成功
[03:14:02 INF] 【直播间】407149 的第 61 个心跳包发送成功
[03:14:04 INF] 【直播间】31494 的第 61 个心跳包发送成功
[03:15:04 INF] 【直播间】23357926 的第 62 个心跳包发送成功
[03:15:05 INF] 【直播间】23040372 的第 62 个心跳包发送成功
[03:15:06 INF] 【直播间】9619073 的第 62 个心跳包发送成功
[03:15:08 INF] 【直播间】4015781 的第 62 个心跳包发送成功
[03:15:09 INF] 【直播间】407149 的第 62 个心跳包发送成功
[03:15:10 INF] 【直播间】31494 的第 62 个心跳包发送成功
[03:16:10 INF] 【直播间】23357926 的第 63 个心跳包发送成功
[03:16:12 ERR] 【心跳包】直播间 23040372 发送失败
[03:16:12 ERR] 【原因】time check failed
[03:16:13 ERR] 【心跳包】直播间 9619073 发送失败
[03:16:13 ERR] 【原因】time check failed
[03:16:15 INF] 【直播间】4015781 的第 63 个心跳包发送成功
[03:16:16 INF] 【直播间】407149 的第 63 个心跳包发送成功
[03:16:17 ERR] 【心跳包】直播间 31494 发送失败
[03:16:17 ERR] 【原因】time check failed
[03:17:18 ERR] 【心跳包】直播间 23357926 发送失败
[03:17:18 ERR] 【原因】time check failed
[03:17:19 INF] 【直播间】23040372 的第 63 个心跳包发送成功
[03:17:20 INF] 【直播间】9619073 的第 63 个心跳包发送成功
[03:17:22 INF] 【直播间】4015781 的第 64 个心跳包发送成功
[03:17:23 ERR] 【心跳包】直播间 407149 发送失败
[03:17:23 ERR] 【原因】time check failed
[03:17:24 INF] 【直播间】31494 的第 63 个心跳包发送成功
[03:18:24 INF] 【直播间】23357926 的第 64 个心跳包发送成功
[03:18:25 INF] 【直播间】23040372 的第 64 个心跳包发送成功
[03:18:27 INF] 【直播间】9619073 的第 64 个心跳包发送成功
[03:18:28 ERR] 【心跳包】直播间 4015781 发送失败
[03:18:28 ERR] 【原因】time check failed
[03:18:29 INF] 【直播间】407149 的第 64 个心跳包发送成功
[03:18:31 INF] 【直播间】31494 的第 64 个心跳包发送成功
[03:19:31 INF] 【直播间】23357926 的第 65 个心跳包发送成功
[03:19:32 INF] 【直播间】23040372 的第 65 个心跳包发送成功
[03:19:34 INF] 【直播间】9619073 的第 65 个心跳包发送成功
[03:19:35 INF] 【直播间】4015781 的第 65 个心跳包发送成功
[03:19:36 INF] 【直播间】407149 的第 65 个心跳包发送成功
[03:19:38 INF] 【直播间】31494 的第 65 个心跳包发送成功
[03:20:38 INF] 【直播间】23357926 的第 66 个心跳包发送成功
[03:20:40 INF] 【直播间】23040372 的第 66 个心跳包发送成功
[03:20:41 INF] 【直播间】9619073 的第 66 个心跳包发送成功
[03:20:42 INF] 【直播间】4015781 的第 66 个心跳包发送成功
[03:20:44 INF] 【直播间】407149 的第 66 个心跳包发送成功
[03:20:45 INF] 【直播间】31494 的第 66 个心跳包发送成功
[03:21:46 INF] 【直播间】23357926 的第 67 个心跳包发送成功
[03:21:47 INF] 【直播间】23040372 的第 67 个心跳包发送成功
[03:21:48 INF] 【直播间】9619073 的第 67 个心跳包发送成功
[03:21:50 INF] 【直播间】4015781 的第 67 个心跳包发送成功
[03:21:51 INF] 【直播间】407149 的第 67 个心跳包发送成功
[03:21:52 INF] 【直播间】31494 的第 67 个心跳包发送成功
[03:22:52 INF] 【直播间】23357926 的第 68 个心跳包发送成功
[03:22:54 INF] 【直播间】23040372 的第 68 个心跳包发送成功
[03:22:55 INF] 【直播间】9619073 的第 68 个心跳包发送成功
[03:22:56 INF] 【直播间】4015781 的第 68 个心跳包发送成功
[03:22:57 INF] 【直播间】407149 的第 68 个心跳包发送成功
[03:22:59 INF] 【直播间】31494 的第 68 个心跳包发送成功
[03:24:00 INF] 【直播间】23357926 的第 69 个心跳包发送成功
[03:24:01 INF] 【直播间】23040372 的第 69 个心跳包发送成功
[03:24:02 INF] 【直播间】9619073 的第 69 个心跳包发送成功
[03:24:03 INF] 【直播间】4015781 的第 69 个心跳包发送成功
[03:24:05 INF] 【直播间】407149 的第 69 个心跳包发送成功
[03:24:06 INF] 【直播间】31494 的第 69 个心跳包发送成功
[03:25:06 INF] 【直播间】23357926 的第 70 个心跳包发送成功
[03:25:07 INF] 【直播间】23040372 的第 70 个心跳包发送成功
[03:25:09 INF] 【直播间】9619073 的第 70 个心跳包发送成功
[03:25:10 INF] 【直播间】4015781 的第 70 个心跳包发送成功
[03:25:11 INF] 【直播间】407149 的第 70 个心跳包发送成功
[03:25:13 INF] 【直播间】31494 的第 70 个心跳包发送成功
[03:25:13 INF] 【直播观看时长】完成情况：6/6 
[03:25:13 INF] ---------结束---------

[03:25:13 INF] ==========结束==========

[03:25:13 INF] ######### 账号 3 #########

[03:25:13 INF] =====开始 直播间互动 =====

[03:25:13 INF] ---开始 发送弹幕 ---
[03:25:13 INF] 检测到直播 Cookie 未正确配置，尝试自动配置中...
[03:25:19 INF] 直播 Cookie 配置成功！
[03:25:19 INF] 【获取直播列表】获取拥有粉丝牌的直播列表
[03:25:26 INF] 【主播】苏打baka 
[03:25:38 INF] 【直播间】苏打baka
[03:25:38 INF] 【粉丝牌】碳酸钠
[03:25:38 INF] 正在发送弹幕...
[03:25:41 INF] -------结束-------

[03:25:41 INF] ---开始 点赞直播间 ---
[03:25:41 INF] 【获取直播列表】获取拥有粉丝牌的直播列表
[03:25:46 INF] 【弹幕发送】成功~，你和主播 苏打baka 的亲密值增加了100！
[03:25:46 INF] 【主播】苏打baka 
[03:26:07 INF] --------结束--------

[03:26:07 INF] ---开始 直播时长挂机 ---
[03:26:07 INF] 【获取直播列表】获取拥有粉丝牌的直播列表
[03:26:08 INF] 【点赞直播间】23040372 完成
[03:26:13 INF] 【主播】苏打baka 
[03:26:24 INF] 【直播间】23040372 的第 1 个心跳包发送成功
[03:27:31 INF] 【直播间】23040372 的第 2 个心跳包发送成功
[03:28:37 INF] 【直播间】23040372 的第 3 个心跳包发送成功
[03:29:44 INF] 【直播间】23040372 的第 4 个心跳包发送成功
[03:30:51 INF] 【直播间】23040372 的第 5 个心跳包发送成功
[03:31:58 INF] 【直播间】23040372 的第 6 个心跳包发送成功
[03:33:05 INF] 【直播间】23040372 的第 7 个心跳包发送成功
[03:34:12 INF] 【直播间】23040372 的第 8 个心跳包发送成功
[03:35:19 INF] 【直播间】23040372 的第 9 个心跳包发送成功
[03:36:26 INF] 【直播间】23040372 的第 10 个心跳包发送成功
[03:37:33 INF] 【直播间】23040372 的第 11 个心跳包发送成功
[03:38:40 INF] 【直播间】23040372 的第 12 个心跳包发送成功
[03:39:47 INF] 【直播间】23040372 的第 13 个心跳包发送成功
[03:40:53 INF] 【直播间】23040372 的第 14 个心跳包发送成功
[03:42:00 ERR] 【心跳包】直播间 23040372 发送失败
[03:42:00 ERR] 【原因】time check failed
[03:43:07 INF] 【直播间】23040372 的第 15 个心跳包发送成功
[03:44:15 INF] 【直播间】23040372 的第 16 个心跳包发送成功
[03:45:21 INF] 【直播间】23040372 的第 17 个心跳包发送成功
[03:46:28 INF] 【直播间】23040372 的第 18 个心跳包发送成功
[03:47:35 INF] 【直播间】23040372 的第 19 个心跳包发送成功
[03:48:42 INF] 【直播间】23040372 的第 20 个心跳包发送成功
[03:49:49 INF] 【直播间】23040372 的第 21 个心跳包发送成功
[03:50:56 INF] 【直播间】23040372 的第 22 个心跳包发送成功
[03:52:03 INF] 【直播间】23040372 的第 23 个心跳包发送成功
[03:53:10 INF] 【直播间】23040372 的第 24 个心跳包发送成功
[03:54:17 INF] 【直播间】23040372 的第 25 个心跳包发送成功
[03:55:24 INF] 【直播间】23040372 的第 26 个心跳包发送成功
[03:56:30 INF] 【直播间】23040372 的第 27 个心跳包发送成功
[03:57:37 ERR] 【心跳包】直播间 23040372 发送失败
[03:57:37 ERR] 【原因】time check failed
[03:58:44 INF] 【直播间】23040372 的第 28 个心跳包发送成功
[03:59:51 INF] 【直播间】23040372 的第 29 个心跳包发送成功
[04:00:58 INF] 【直播间】23040372 的第 30 个心跳包发送成功
[04:02:05 INF] 【直播间】23040372 的第 31 个心跳包发送成功
[04:03:12 INF] 【直播间】23040372 的第 32 个心跳包发送成功
[04:04:19 INF] 【直播间】23040372 的第 33 个心跳包发送成功
[04:05:26 INF] 【直播间】23040372 的第 34 个心跳包发送成功
[04:06:32 INF] 【直播间】23040372 的第 35 个心跳包发送成功
[04:07:40 INF] 【直播间】23040372 的第 36 个心跳包发送成功
[04:08:47 INF] 【直播间】23040372 的第 37 个心跳包发送成功
[04:09:54 INF] 【直播间】23040372 的第 38 个心跳包发送成功
[04:11:01 INF] 【直播间】23040372 的第 39 个心跳包发送成功
[04:12:08 ERR] 【心跳包】直播间 23040372 发送失败
[04:12:08 ERR] 【原因】time check failed
[04:13:14 INF] 【直播间】23040372 的第 40 个心跳包发送成功
[04:14:22 INF] 【直播间】23040372 的第 41 个心跳包发送成功
[04:15:29 INF] 【直播间】23040372 的第 42 个心跳包发送成功
[04:16:35 INF] 【直播间】23040372 的第 43 个心跳包发送成功
[04:17:42 INF] 【直播间】23040372 的第 44 个心跳包发送成功
[04:18:50 INF] 【直播间】23040372 的第 45 个心跳包发送成功
[04:19:57 INF] 【直播间】23040372 的第 46 个心跳包发送成功
[04:21:04 INF] 【直播间】23040372 的第 47 个心跳包发送成功
[04:22:11 INF] 【直播间】23040372 的第 48 个心跳包发送成功
[04:23:17 INF] 【直播间】23040372 的第 49 个心跳包发送成功
[04:24:25 INF] 【直播间】23040372 的第 50 个心跳包发送成功
[04:25:31 INF] 【直播间】23040372 的第 51 个心跳包发送成功
[04:26:38 INF] 【直播间】23040372 的第 52 个心跳包发送成功
[04:27:46 ERR] 【心跳包】直播间 23040372 发送失败
[04:27:46 ERR] 【原因】time check failed
[04:28:53 INF] 【直播间】23040372 的第 53 个心跳包发送成功
[04:29:59 INF] 【直播间】23040372 的第 54 个心跳包发送成功
[04:31:06 INF] 【直播间】23040372 的第 55 个心跳包发送成功
[04:32:14 INF] 【直播间】23040372 的第 56 个心跳包发送成功
[04:33:21 INF] 【直播间】23040372 的第 57 个心跳包发送成功
[04:34:28 INF] 【直播间】23040372 的第 58 个心跳包发送成功
[04:35:35 INF] 【直播间】23040372 的第 59 个心跳包发送成功
[04:36:42 INF] 【直播间】23040372 的第 60 个心跳包发送成功
[04:37:49 INF] 【直播间】23040372 的第 61 个心跳包发送成功
[04:38:56 INF] 【直播间】23040372 的第 62 个心跳包发送成功
[04:40:03 INF] 【直播间】23040372 的第 63 个心跳包发送成功
[04:41:10 INF] 【直播间】23040372 的第 64 个心跳包发送成功
[04:42:16 INF] 【直播间】23040372 的第 65 个心跳包发送成功
[04:43:23 ERR] 【心跳包】直播间 23040372 发送失败
[04:43:23 ERR] 【原因】time check failed
[04:44:31 INF] 【直播间】23040372 的第 66 个心跳包发送成功
[04:45:38 INF] 【直播间】23040372 的第 67 个心跳包发送成功
[04:46:45 INF] 【直播间】23040372 的第 68 个心跳包发送成功
[04:47:52 INF] 【直播间】23040372 的第 69 个心跳包发送成功
[04:48:59 INF] 【直播间】23040372 的第 70 个心跳包发送成功
[04:48:59 INF] 【直播观看时长】完成情况：1/1 
[04:48:59 INF] ---------结束---------

[04:48:59 INF] ==========结束==========

[04:48:59 INF] 

========================

 v1.0.3 开源 by https://github.com/RayWangQvQ/BiliBiliToolPro

[04:48:59 INF] ·开始推送·LiveFansMedal任务·
2023-05-14T20:48:59.6769176Z 开始推送到:自定义
2023-05-14T20:49:09.2401551Z Response status: OK.
2023-05-14T20:49:09.2401971Z Response content: {"message":"","success":true,"uuid":"4826d4221b3b46c99218716544711c41"}.

[04:49:09 INF] 运行环境：Development
[04:49:09 INF] 应用目录：/home/runner/work/BiliBiliToolPro/BiliBiliToolPro/src/Ray.BiliBiliTool.Console/bin/Debug/net6.0/

[04:49:09 INF] 运行结束
