----------- ip 信息 ---------
{
  "ip": "13.91.164.237",
  "city": "San Jose",
  "region": "California",
  "country": "US",
  "loc": "37.3394,-121.8950",
  "org": "AS8075 Microsoft Corporation",
  "postal": "95103",
  "timezone": "America/Los_Angeles",
  "readme": "https://ipinfo.io/missingauth"
} ---------- end ------------
  ____               ____    _   _____           _  
 |  _ \ __ _ _   _  | __ ) _| |_|_   _|__   ___ | | 
 | |_) / _` | | | | |  _ \(_) (_) | |/ _ \ / _ \| | 
 |  _ < (_| | |_| | | |_) | | | | | | (_) | (_) | | 
 |_| \_\__,_|\__, | |____/|_|_|_| |_|\___/ \___/|_| 
             |___/                                  

[00:27:31 INF] BiliBiliToolPro 开始运行...

[00:27:31 INF] 【账号个数】3个

[00:27:31 INF] 随机休眠4分钟

[00:31:31 INF] 【目标任务】LiveFansMedal
[00:31:31 INF] ######### 账号 1 #########

[00:31:32 INF] =====开始 直播间互动 =====

[00:31:32 INF] ---开始 发送弹幕 ---
[00:31:32 INF] 检测到直播 Cookie 未正确配置，尝试自动配置中...
[00:31:39 INF] 直播 Cookie 配置成功！
[00:31:39 INF] 【获取直播列表】获取拥有粉丝牌的直播列表
[00:31:43 INF] 【主播】Mark陌枫 
[00:31:58 INF] 【主播】KL_qiqi_ 
[00:32:18 INF] 【主播】苏打baka 
[00:32:38 INF] 【直播间】Mark陌枫
[00:32:38 INF] 【粉丝牌】馬楓
[00:32:38 INF] 正在发送弹幕...
[00:32:43 INF] 【直播间】KL_qiqi_
[00:32:43 INF] 【粉丝牌】qiqisb
[00:32:43 INF] 正在发送弹幕...
[00:32:49 INF] 【直播间】苏打baka
[00:32:49 INF] 【粉丝牌】碳酸钠
[00:32:49 INF] 正在发送弹幕...
[00:32:52 INF] 【弹幕发送】成功~，你和主播 Mark陌枫 的亲密值增加了100！
[00:32:56 INF] -------结束-------

[00:32:56 INF] ---开始 点赞直播间 ---
[00:32:56 INF] 【获取直播列表】获取拥有粉丝牌的直播列表
[00:32:58 INF] 【弹幕发送】成功~，你和主播 KL_qiqi_ 的亲密值增加了100！
[00:33:02 INF] 【主播】Mark陌枫 
[00:33:10 INF] 【弹幕发送】成功~，你和主播 苏打baka 的亲密值增加了100！
[00:33:22 INF] 【主播】KL_qiqi_ 
[00:33:39 INF] 【主播】苏打baka 
[00:34:05 INF] 【点赞直播间】23357926 完成
[00:34:11 INF] 【点赞直播间】407149 完成
[00:34:16 INF] --------结束--------

[00:34:16 INF] ---开始 直播时长挂机 ---
[00:34:16 INF] 【获取直播列表】获取拥有粉丝牌的直播列表
[00:34:17 INF] 【点赞直播间】23040372 完成
[00:34:20 INF] 【主播】Mark陌枫 
[00:34:33 INF] 【主播】KL_qiqi_ 
[00:34:48 INF] 【主播】苏打baka 
[00:35:06 INF] 【直播间】23357926 的第 1 个心跳包发送成功
[00:35:07 INF] 【直播间】407149 的第 1 个心跳包发送成功
[00:35:08 INF] 【直播间】23040372 的第 1 个心跳包发送成功
[00:36:12 INF] 【直播间】23357926 的第 2 个心跳包发送成功
[00:36:13 INF] 【直播间】407149 的第 2 个心跳包发送成功
[00:36:14 INF] 【直播间】23040372 的第 2 个心跳包发送成功
[00:37:19 INF] 【直播间】23357926 的第 3 个心跳包发送成功
[00:37:20 INF] 【直播间】407149 的第 3 个心跳包发送成功
[00:37:21 INF] 【直播间】23040372 的第 3 个心跳包发送成功
[00:38:25 INF] 【直播间】23357926 的第 4 个心跳包发送成功
[00:38:26 INF] 【直播间】407149 的第 4 个心跳包发送成功
[00:38:27 INF] 【直播间】23040372 的第 4 个心跳包发送成功
[00:39:31 INF] 【直播间】23357926 的第 5 个心跳包发送成功
[00:39:33 INF] 【直播间】407149 的第 5 个心跳包发送成功
[00:39:34 INF] 【直播间】23040372 的第 5 个心跳包发送成功
[00:40:38 INF] 【直播间】23357926 的第 6 个心跳包发送成功
[00:40:39 INF] 【直播间】407149 的第 6 个心跳包发送成功
[00:40:41 INF] 【直播间】23040372 的第 6 个心跳包发送成功
[00:41:44 INF] 【直播间】23357926 的第 7 个心跳包发送成功
[00:41:46 INF] 【直播间】407149 的第 7 个心跳包发送成功
[00:41:47 INF] 【直播间】23040372 的第 7 个心跳包发送成功
[00:42:51 INF] 【直播间】23357926 的第 8 个心跳包发送成功
[00:42:52 INF] 【直播间】407149 的第 8 个心跳包发送成功
[00:42:53 INF] 【直播间】23040372 的第 8 个心跳包发送成功
[00:43:57 INF] 【直播间】23357926 的第 9 个心跳包发送成功
[00:43:58 INF] 【直播间】407149 的第 9 个心跳包发送成功
[00:44:00 INF] 【直播间】23040372 的第 9 个心跳包发送成功
[00:45:03 INF] 【直播间】23357926 的第 10 个心跳包发送成功
[00:45:05 INF] 【直播间】407149 的第 10 个心跳包发送成功
[00:45:06 INF] 【直播间】23040372 的第 10 个心跳包发送成功
[00:46:10 INF] 【直播间】23357926 的第 11 个心跳包发送成功
[00:46:11 INF] 【直播间】407149 的第 11 个心跳包发送成功
[00:46:12 INF] 【直播间】23040372 的第 11 个心跳包发送成功
[00:47:16 INF] 【直播间】23357926 的第 12 个心跳包发送成功
[00:47:18 INF] 【直播间】407149 的第 12 个心跳包发送成功
[00:47:19 INF] 【直播间】23040372 的第 12 个心跳包发送成功
[00:48:23 INF] 【直播间】23357926 的第 13 个心跳包发送成功
[00:48:25 INF] 【直播间】407149 的第 13 个心跳包发送成功
[00:48:26 INF] 【直播间】23040372 的第 13 个心跳包发送成功
[00:49:29 INF] 【直播间】23357926 的第 14 个心跳包发送成功
[00:49:31 INF] 【直播间】407149 的第 14 个心跳包发送成功
[00:49:32 INF] 【直播间】23040372 的第 14 个心跳包发送成功
[00:50:36 INF] 【直播间】23357926 的第 15 个心跳包发送成功
[00:50:37 INF] 【直播间】407149 的第 15 个心跳包发送成功
[00:50:38 INF] 【直播间】23040372 的第 15 个心跳包发送成功
[00:51:42 ERR] 【心跳包】直播间 23357926 发送失败
[00:51:42 ERR] 【原因】time check failed
[00:51:43 ERR] 【心跳包】直播间 407149 发送失败
[00:51:43 ERR] 【原因】time check failed
[00:51:45 ERR] 【心跳包】直播间 23040372 发送失败
[00:51:45 ERR] 【原因】time check failed
[00:52:48 INF] 【直播间】23357926 的第 16 个心跳包发送成功
[00:52:50 INF] 【直播间】407149 的第 16 个心跳包发送成功
[00:52:51 INF] 【直播间】23040372 的第 16 个心跳包发送成功
[00:53:55 INF] 【直播间】23357926 的第 17 个心跳包发送成功
[00:53:56 INF] 【直播间】407149 的第 17 个心跳包发送成功
[00:53:58 INF] 【直播间】23040372 的第 17 个心跳包发送成功
[00:55:01 INF] 【直播间】23357926 的第 18 个心跳包发送成功
[00:55:03 INF] 【直播间】407149 的第 18 个心跳包发送成功
[00:55:04 INF] 【直播间】23040372 的第 18 个心跳包发送成功
[00:56:08 INF] 【直播间】23357926 的第 19 个心跳包发送成功
[00:56:09 INF] 【直播间】407149 的第 19 个心跳包发送成功
[00:56:10 INF] 【直播间】23040372 的第 19 个心跳包发送成功
[00:57:14 INF] 【直播间】23357926 的第 20 个心跳包发送成功
[00:57:15 INF] 【直播间】407149 的第 20 个心跳包发送成功
[00:57:16 INF] 【直播间】23040372 的第 20 个心跳包发送成功
[00:58:21 INF] 【直播间】23357926 的第 21 个心跳包发送成功
[00:58:22 INF] 【直播间】407149 的第 21 个心跳包发送成功
[00:58:23 INF] 【直播间】23040372 的第 21 个心跳包发送成功
[00:59:27 INF] 【直播间】23357926 的第 22 个心跳包发送成功
[00:59:28 INF] 【直播间】407149 的第 22 个心跳包发送成功
[00:59:30 INF] 【直播间】23040372 的第 22 个心跳包发送成功
[01:00:33 INF] 【直播间】23357926 的第 23 个心跳包发送成功
[01:00:35 INF] 【直播间】407149 的第 23 个心跳包发送成功
[01:00:36 INF] 【直播间】23040372 的第 23 个心跳包发送成功
[01:01:40 INF] 【直播间】23357926 的第 24 个心跳包发送成功
[01:01:42 INF] 【直播间】407149 的第 24 个心跳包发送成功
[01:01:43 INF] 【直播间】23040372 的第 24 个心跳包发送成功
[01:02:47 INF] 【直播间】23357926 的第 25 个心跳包发送成功
[01:02:48 INF] 【直播间】407149 的第 25 个心跳包发送成功
[01:02:49 INF] 【直播间】23040372 的第 25 个心跳包发送成功
[01:03:53 INF] 【直播间】23357926 的第 26 个心跳包发送成功
[01:03:54 INF] 【直播间】407149 的第 26 个心跳包发送成功
[01:03:55 INF] 【直播间】23040372 的第 26 个心跳包发送成功
[01:05:00 INF] 【直播间】23357926 的第 27 个心跳包发送成功
[01:05:01 INF] 【直播间】407149 的第 27 个心跳包发送成功
[01:05:02 INF] 【直播间】23040372 的第 27 个心跳包发送成功
[01:06:06 INF] 【直播间】23357926 的第 28 个心跳包发送成功
[01:06:07 INF] 【直播间】407149 的第 28 个心跳包发送成功
[01:06:08 INF] 【直播间】23040372 的第 28 个心跳包发送成功
[01:07:12 INF] 【直播间】23357926 的第 29 个心跳包发送成功
[01:07:14 ERR] 【心跳包】直播间 407149 发送失败
[01:07:14 ERR] 【原因】time check failed
[01:07:15 ERR] 【心跳包】直播间 23040372 发送失败
[01:07:15 ERR] 【原因】time check failed
[01:08:19 ERR] 【心跳包】直播间 23357926 发送失败
[01:08:19 ERR] 【原因】time check failed
[01:08:20 INF] 【直播间】407149 的第 29 个心跳包发送成功
[01:08:21 INF] 【直播间】23040372 的第 29 个心跳包发送成功
[01:09:25 INF] 【直播间】23357926 的第 30 个心跳包发送成功
[01:09:26 INF] 【直播间】407149 的第 30 个心跳包发送成功
[01:09:28 INF] 【直播间】23040372 的第 30 个心跳包发送成功
[01:10:32 INF] 【直播间】23357926 的第 31 个心跳包发送成功
[01:10:33 INF] 【直播间】407149 的第 31 个心跳包发送成功
[01:10:34 INF] 【直播间】23040372 的第 31 个心跳包发送成功
[01:11:39 INF] 【直播间】23357926 的第 32 个心跳包发送成功
[01:11:40 INF] 【直播间】407149 的第 32 个心跳包发送成功
[01:11:41 INF] 【直播间】23040372 的第 32 个心跳包发送成功
[01:12:45 INF] 【直播间】23357926 的第 33 个心跳包发送成功
[01:12:46 INF] 【直播间】407149 的第 33 个心跳包发送成功
[01:12:48 INF] 【直播间】23040372 的第 33 个心跳包发送成功
[01:13:51 INF] 【直播间】23357926 的第 34 个心跳包发送成功
[01:13:52 INF] 【直播间】407149 的第 34 个心跳包发送成功
[01:13:54 INF] 【直播间】23040372 的第 34 个心跳包发送成功
[01:14:57 INF] 【直播间】23357926 的第 35 个心跳包发送成功
[01:14:59 INF] 【直播间】407149 的第 35 个心跳包发送成功
[01:15:00 INF] 【直播间】23040372 的第 35 个心跳包发送成功
[01:16:04 INF] 【直播间】23357926 的第 36 个心跳包发送成功
[01:16:05 INF] 【直播间】407149 的第 36 个心跳包发送成功
[01:16:06 INF] 【直播间】23040372 的第 36 个心跳包发送成功
[01:17:10 INF] 【直播间】23357926 的第 37 个心跳包发送成功
[01:17:12 INF] 【直播间】407149 的第 37 个心跳包发送成功
[01:17:13 INF] 【直播间】23040372 的第 37 个心跳包发送成功
[01:18:17 INF] 【直播间】23357926 的第 38 个心跳包发送成功
[01:18:18 INF] 【直播间】407149 的第 38 个心跳包发送成功
[01:18:19 INF] 【直播间】23040372 的第 38 个心跳包发送成功
[01:19:23 INF] 【直播间】23357926 的第 39 个心跳包发送成功
[01:19:25 INF] 【直播间】407149 的第 39 个心跳包发送成功
[01:19:26 INF] 【直播间】23040372 的第 39 个心跳包发送成功
[01:20:30 INF] 【直播间】23357926 的第 40 个心跳包发送成功
[01:20:31 INF] 【直播间】407149 的第 40 个心跳包发送成功
[01:20:32 INF] 【直播间】23040372 的第 40 个心跳包发送成功
[01:21:36 INF] 【直播间】23357926 的第 41 个心跳包发送成功
[01:21:37 INF] 【直播间】407149 的第 41 个心跳包发送成功
[01:21:39 INF] 【直播间】23040372 的第 41 个心跳包发送成功
[01:22:43 INF] 【直播间】23357926 的第 42 个心跳包发送成功
[01:22:44 INF] 【直播间】407149 的第 42 个心跳包发送成功
[01:22:45 INF] 【直播间】23040372 的第 42 个心跳包发送成功
[01:23:49 INF] 【直播间】23357926 的第 43 个心跳包发送成功
[01:23:51 ERR] 【心跳包】直播间 407149 发送失败
[01:23:51 ERR] 【原因】time check failed
[01:23:52 ERR] 【心跳包】直播间 23040372 发送失败
[01:23:52 ERR] 【原因】time check failed
[01:24:56 ERR] 【心跳包】直播间 23357926 发送失败
[01:24:56 ERR] 【原因】time check failed
[01:24:57 INF] 【直播间】407149 的第 43 个心跳包发送成功
[01:24:59 INF] 【直播间】23040372 的第 43 个心跳包发送成功
[01:26:02 INF] 【直播间】23357926 的第 44 个心跳包发送成功
[01:26:04 INF] 【直播间】407149 的第 44 个心跳包发送成功
[01:26:05 INF] 【直播间】23040372 的第 44 个心跳包发送成功
[01:27:09 INF] 【直播间】23357926 的第 45 个心跳包发送成功
[01:27:10 INF] 【直播间】407149 的第 45 个心跳包发送成功
[01:27:11 INF] 【直播间】23040372 的第 45 个心跳包发送成功
[01:28:15 INF] 【直播间】23357926 的第 46 个心跳包发送成功
[01:28:17 INF] 【直播间】407149 的第 46 个心跳包发送成功
[01:28:18 INF] 【直播间】23040372 的第 46 个心跳包发送成功
[01:29:22 INF] 【直播间】23357926 的第 47 个心跳包发送成功
[01:29:23 INF] 【直播间】407149 的第 47 个心跳包发送成功
[01:29:24 INF] 【直播间】23040372 的第 47 个心跳包发送成功
[01:30:28 INF] 【直播间】23357926 的第 48 个心跳包发送成功
[01:30:29 INF] 【直播间】407149 的第 48 个心跳包发送成功
[01:30:31 INF] 【直播间】23040372 的第 48 个心跳包发送成功
[01:31:35 INF] 【直播间】23357926 的第 49 个心跳包发送成功
[01:31:36 INF] 【直播间】407149 的第 49 个心跳包发送成功
[01:31:37 INF] 【直播间】23040372 的第 49 个心跳包发送成功
[01:32:41 INF] 【直播间】23357926 的第 50 个心跳包发送成功
[01:32:42 INF] 【直播间】407149 的第 50 个心跳包发送成功
[01:32:44 INF] 【直播间】23040372 的第 50 个心跳包发送成功
[01:33:47 INF] 【直播间】23357926 的第 51 个心跳包发送成功
[01:33:49 INF] 【直播间】407149 的第 51 个心跳包发送成功
[01:33:50 INF] 【直播间】23040372 的第 51 个心跳包发送成功
[01:34:54 INF] 【直播间】23357926 的第 52 个心跳包发送成功
[01:34:55 INF] 【直播间】407149 的第 52 个心跳包发送成功
[01:34:56 INF] 【直播间】23040372 的第 52 个心跳包发送成功
[01:36:00 INF] 【直播间】23357926 的第 53 个心跳包发送成功
[01:36:02 INF] 【直播间】407149 的第 53 个心跳包发送成功
[01:36:03 INF] 【直播间】23040372 的第 53 个心跳包发送成功
[01:37:07 INF] 【直播间】23357926 的第 54 个心跳包发送成功
[01:37:08 INF] 【直播间】407149 的第 54 个心跳包发送成功
[01:37:09 INF] 【直播间】23040372 的第 54 个心跳包发送成功
[01:38:13 INF] 【直播间】23357926 的第 55 个心跳包发送成功
[01:38:15 INF] 【直播间】407149 的第 55 个心跳包发送成功
[01:38:16 INF] 【直播间】23040372 的第 55 个心跳包发送成功
[01:39:20 INF] 【直播间】23357926 的第 56 个心跳包发送成功
[01:39:21 ERR] 【心跳包】直播间 407149 发送失败
[01:39:21 ERR] 【原因】time check failed
[01:39:22 INF] 【直播间】23040372 的第 56 个心跳包发送成功
[01:40:26 INF] 【直播间】23357926 的第 57 个心跳包发送成功
[01:40:27 INF] 【直播间】407149 的第 56 个心跳包发送成功
[01:40:29 ERR] 【心跳包】直播间 23040372 发送失败
[01:40:29 ERR] 【原因】time check failed
[01:41:32 ERR] 【心跳包】直播间 23357926 发送失败
[01:41:32 ERR] 【原因】time check failed
[01:41:34 INF] 【直播间】407149 的第 57 个心跳包发送成功
[01:41:35 INF] 【直播间】23040372 的第 57 个心跳包发送成功
[01:42:39 INF] 【直播间】23357926 的第 58 个心跳包发送成功
[01:42:40 INF] 【直播间】407149 的第 58 个心跳包发送成功
[01:42:41 INF] 【直播间】23040372 的第 58 个心跳包发送成功
[01:43:45 INF] 【直播间】23357926 的第 59 个心跳包发送成功
[01:43:47 INF] 【直播间】407149 的第 59 个心跳包发送成功
[01:43:48 INF] 【直播间】23040372 的第 59 个心跳包发送成功
[01:44:52 INF] 【直播间】23357926 的第 60 个心跳包发送成功
[01:44:53 INF] 【直播间】407149 的第 60 个心跳包发送成功
[01:44:54 INF] 【直播间】23040372 的第 60 个心跳包发送成功
[01:45:58 INF] 【直播间】23357926 的第 61 个心跳包发送成功
[01:45:59 INF] 【直播间】407149 的第 61 个心跳包发送成功
[01:46:01 INF] 【直播间】23040372 的第 61 个心跳包发送成功
[01:47:05 INF] 【直播间】23357926 的第 62 个心跳包发送成功
[01:47:06 INF] 【直播间】407149 的第 62 个心跳包发送成功
[01:47:07 INF] 【直播间】23040372 的第 62 个心跳包发送成功
[01:48:11 INF] 【直播间】23357926 的第 63 个心跳包发送成功
[01:48:12 INF] 【直播间】407149 的第 63 个心跳包发送成功
[01:48:13 INF] 【直播间】23040372 的第 63 个心跳包发送成功
[01:49:18 INF] 【直播间】23357926 的第 64 个心跳包发送成功
[01:49:19 INF] 【直播间】407149 的第 64 个心跳包发送成功
[01:49:20 INF] 【直播间】23040372 的第 64 个心跳包发送成功
[01:50:24 INF] 【直播间】23357926 的第 65 个心跳包发送成功
[01:50:25 INF] 【直播间】407149 的第 65 个心跳包发送成功
[01:50:27 INF] 【直播间】23040372 的第 65 个心跳包发送成功
[01:51:31 INF] 【直播间】23357926 的第 66 个心跳包发送成功
[01:51:32 INF] 【直播间】407149 的第 66 个心跳包发送成功
[01:51:33 INF] 【直播间】23040372 的第 66 个心跳包发送成功
[01:52:37 INF] 【直播间】23357926 的第 67 个心跳包发送成功
[01:52:38 INF] 【直播间】407149 的第 67 个心跳包发送成功
[01:52:40 INF] 【直播间】23040372 的第 67 个心跳包发送成功
[01:53:44 INF] 【直播间】23357926 的第 68 个心跳包发送成功
[01:53:45 INF] 【直播间】407149 的第 68 个心跳包发送成功
[01:53:46 INF] 【直播间】23040372 的第 68 个心跳包发送成功
[01:54:51 INF] 【直播间】23357926 的第 69 个心跳包发送成功
[01:54:52 ERR] 【心跳包】直播间 407149 发送失败
[01:54:52 ERR] 【原因】time check failed
[01:54:53 INF] 【直播间】23040372 的第 69 个心跳包发送成功
[01:55:57 INF] 【直播间】23357926 的第 70 个心跳包发送成功
[01:55:58 INF] 【直播间】407149 的第 69 个心跳包发送成功
[01:55:59 INF] 【直播间】23040372 的第 70 个心跳包发送成功
[01:57:03 ERR] 【心跳包】直播间 23357926 发送失败
[01:57:03 ERR] 【原因】time check failed
[01:57:04 INF] 【直播间】407149 的第 70 个心跳包发送成功
[01:57:06 ERR] 【心跳包】直播间 23040372 发送失败
[01:57:06 ERR] 【原因】time check failed
[01:57:06 INF] 【直播观看时长】完成情况：3/3 
[01:57:06 INF] ---------结束---------

[01:57:06 INF] ==========结束==========

[01:57:06 INF] ######### 账号 2 #########

[01:57:06 INF] =====开始 直播间互动 =====

[01:57:06 INF] ---开始 发送弹幕 ---
[01:57:06 INF] 检测到直播 Cookie 未正确配置，尝试自动配置中...
[01:57:11 INF] 直播 Cookie 配置成功！
[01:57:11 INF] 【获取直播列表】获取拥有粉丝牌的直播列表
[01:57:16 INF] 【主播】Mark陌枫 
[01:57:33 INF] 【主播】苏打baka 
[01:57:49 INF] 【主播】特别中二的q3君 
[01:58:04 INF] 【主播】陈抱一 
[01:58:22 INF] 【主播】贪玩的小毅 
[01:58:40 INF] 【主播】KL_qiqi_ 
[01:58:58 INF] 【主播】记录生活的蛋黄派 
[01:59:11 INF] 【主播】FoFTG 
[01:59:31 INF] 【主播】悠悠球琛总 
[01:59:52 INF] 【主播】脏小豆 
[02:00:10 INF] 【主播】新石器公园 
[02:00:26 INF] 【主播】李船长笔记 
[02:00:40 INF] 【直播间】Mark陌枫
[02:00:40 INF] 【粉丝牌】馬楓
[02:00:40 INF] 正在发送弹幕...
[02:00:44 INF] 【直播间】苏打baka
[02:00:44 INF] 【粉丝牌】碳酸钠
[02:00:44 INF] 正在发送弹幕...
[02:00:49 INF] 【直播间】特别中二的q3君
[02:00:49 INF] 【粉丝牌】q3GG
[02:00:49 INF] 正在发送弹幕...
[02:00:56 INF] 【直播间】陈抱一
[02:00:56 INF] 【粉丝牌】陈抱一
[02:00:56 INF] 正在发送弹幕...
[02:00:56 INF] 【弹幕发送】成功~，你和主播 Mark陌枫 的亲密值增加了100！
[02:01:02 INF] 【弹幕发送】成功~，你和主播 苏打baka 的亲密值增加了100！
[02:01:03 INF] 【弹幕发送】成功~，你和主播 特别中二的q3君 的亲密值增加了100！
[02:01:03 INF] 【直播间】贪玩的小毅
[02:01:03 INF] 【粉丝牌】大大毅
[02:01:03 INF] 正在发送弹幕...
[02:01:06 INF] 【直播间】KL_qiqi_
[02:01:06 INF] 【粉丝牌】qiqisb
[02:01:06 INF] 正在发送弹幕...
[02:01:11 INF] 【直播间】记录生活的蛋黄派
[02:01:11 INF] 【粉丝牌】派派派
[02:01:11 INF] 正在发送弹幕...
[02:01:14 INF] 【弹幕发送】成功~，你和主播 陈抱一 的亲密值增加了100！
[02:01:16 INF] 【弹幕发送】成功~，你和主播 贪玩的小毅 的亲密值增加了100！
[02:01:16 INF] 【直播间】FoFTG
[02:01:16 INF] 【粉丝牌】FOFTG
[02:01:16 INF] 正在发送弹幕...
[02:01:19 INF] 【直播间】悠悠球琛总
[02:01:19 INF] 【粉丝牌】i琛
[02:01:19 INF] 正在发送弹幕...
[02:01:22 INF] 【弹幕发送】成功~，你和主播 KL_qiqi_ 的亲密值增加了100！
[02:01:24 INF] 【直播间】脏小豆
[02:01:24 INF] 【粉丝牌】豆豆浆
[02:01:24 INF] 正在发送弹幕...
[02:01:27 INF] 【直播间】新石器公园
[02:01:27 INF] 【粉丝牌】东园主
[02:01:27 INF] 正在发送弹幕...
[02:01:29 INF] 【弹幕发送】成功~，你和主播 记录生活的蛋黄派 的亲密值增加了100！
[02:01:30 INF] 【弹幕发送】成功~，你和主播 FoFTG 的亲密值增加了100！
[02:01:34 INF] 【直播间】李船长笔记
[02:01:34 INF] 【粉丝牌】航海仕
[02:01:34 INF] 正在发送弹幕...
[02:01:36 INF] 【弹幕发送】成功~，你和主播 悠悠球琛总 的亲密值增加了100！
[02:01:38 INF] 【弹幕发送】成功~，你和主播 脏小豆 的亲密值增加了100！
[02:01:39 INF] -------结束-------

[02:01:39 INF] ---开始 点赞直播间 ---
[02:01:39 INF] 【获取直播列表】获取拥有粉丝牌的直播列表
[02:01:43 INF] 【主播】Mark陌枫 
[02:01:44 INF] 【弹幕发送】成功~，你和主播 新石器公园 的亲密值增加了100！
[02:01:52 INF] 【弹幕发送】成功~，你和主播 李船长笔记 的亲密值增加了100！
[02:01:56 INF] 【主播】苏打baka 
[02:02:13 INF] 【主播】特别中二的q3君 
[02:02:28 INF] 【主播】陈抱一 
[02:02:48 INF] 【主播】贪玩的小毅 
[02:03:02 INF] 【主播】KL_qiqi_ 
[02:03:19 INF] 【主播】记录生活的蛋黄派 
[02:03:35 INF] 【主播】FoFTG 
[02:03:53 INF] 【主播】悠悠球琛总 
[02:04:08 INF] 【主播】脏小豆 
[02:04:23 INF] 【主播】新石器公园 
[02:04:38 INF] 【主播】李船长笔记 
[02:04:56 INF] 【点赞直播间】23357926 完成
[02:04:59 INF] 【点赞直播间】23040372 完成
[02:05:04 INF] 【点赞直播间】31494 完成
[02:05:11 INF] 【点赞直播间】4015781 完成
[02:05:13 INF] 【点赞直播间】9619073 完成
[02:05:18 INF] 【点赞直播间】407149 完成
[02:05:22 INF] 【点赞直播间】11732699 完成
[02:05:25 INF] 【点赞直播间】91164 完成
[02:05:31 INF] 【点赞直播间】7184632 完成
[02:05:34 INF] 【点赞直播间】929670 完成
[02:05:37 INF] 【点赞直播间】23447660 完成
[02:05:44 INF] --------结束--------

[02:05:44 INF] ---开始 直播时长挂机 ---
[02:05:44 INF] 【获取直播列表】获取拥有粉丝牌的直播列表
[02:05:44 INF] 【点赞直播间】22764265 完成
[02:05:50 INF] 【主播】Mark陌枫 
[02:06:09 INF] 【主播】苏打baka 
[02:06:25 INF] 【主播】特别中二的q3君 
[02:06:42 INF] 【主播】陈抱一 
[02:06:54 INF] 【主播】贪玩的小毅 
[02:07:11 INF] 【主播】KL_qiqi_ 
[02:07:27 INF] 【主播】记录生活的蛋黄派 
[02:07:44 INF] 【主播】FoFTG 
[02:08:01 INF] 【主播】悠悠球琛总 
[02:08:22 INF] 【主播】脏小豆 
[02:08:37 INF] 【主播】新石器公园 
[02:08:53 INF] 【主播】李船长笔记 
[02:09:11 INF] 【直播间】23357926 的第 1 个心跳包发送成功
[02:09:12 INF] 【直播间】23040372 的第 1 个心跳包发送成功
[02:09:13 INF] 【直播间】31494 的第 1 个心跳包发送成功
[02:09:14 INF] 【直播间】4015781 的第 1 个心跳包发送成功
[02:09:15 INF] 【直播间】9619073 的第 1 个心跳包发送成功
[02:09:17 INF] 【直播间】407149 的第 1 个心跳包发送成功
[02:09:18 INF] 【直播间】11732699 的第 1 个心跳包发送成功
[02:09:19 INF] 【直播间】91164 的第 1 个心跳包发送成功
[02:09:20 INF] 【直播间】7184632 的第 1 个心跳包发送成功
[02:09:22 INF] 【直播间】929670 的第 1 个心跳包发送成功
[02:09:23 INF] 【直播间】23447660 的第 1 个心跳包发送成功
[02:09:24 INF] 【直播间】22764265 的第 1 个心跳包发送成功
[02:10:17 INF] 【直播间】23357926 的第 2 个心跳包发送成功
[02:10:18 INF] 【直播间】23040372 的第 2 个心跳包发送成功
[02:10:20 INF] 【直播间】31494 的第 2 个心跳包发送成功
[02:10:21 INF] 【直播间】4015781 的第 2 个心跳包发送成功
[02:10:22 INF] 【直播间】9619073 的第 2 个心跳包发送成功
[02:10:23 INF] 【直播间】407149 的第 2 个心跳包发送成功
[02:10:25 INF] 【直播间】11732699 的第 2 个心跳包发送成功
[02:10:26 INF] 【直播间】91164 的第 2 个心跳包发送成功
[02:10:27 INF] 【直播间】7184632 的第 2 个心跳包发送成功
[02:10:28 INF] 【直播间】929670 的第 2 个心跳包发送成功
[02:10:29 INF] 【直播间】23447660 的第 2 个心跳包发送成功
[02:10:31 INF] 【直播间】22764265 的第 2 个心跳包发送成功
[02:11:24 INF] 【直播间】23357926 的第 3 个心跳包发送成功
[02:11:25 INF] 【直播间】23040372 的第 3 个心跳包发送成功
[02:11:26 INF] 【直播间】31494 的第 3 个心跳包发送成功
[02:11:27 INF] 【直播间】4015781 的第 3 个心跳包发送成功
[02:11:29 INF] 【直播间】9619073 的第 3 个心跳包发送成功
[02:11:30 INF] 【直播间】407149 的第 3 个心跳包发送成功
[02:11:31 INF] 【直播间】11732699 的第 3 个心跳包发送成功
[02:11:32 INF] 【直播间】91164 的第 3 个心跳包发送成功
[02:11:34 INF] 【直播间】7184632 的第 3 个心跳包发送成功
[02:11:35 INF] 【直播间】929670 的第 3 个心跳包发送成功
[02:11:36 INF] 【直播间】23447660 的第 3 个心跳包发送成功
[02:11:37 INF] 【直播间】22764265 的第 3 个心跳包发送成功
[02:12:30 INF] 【直播间】23357926 的第 4 个心跳包发送成功
[02:12:32 INF] 【直播间】23040372 的第 4 个心跳包发送成功
[02:12:33 INF] 【直播间】31494 的第 4 个心跳包发送成功
[02:12:34 INF] 【直播间】4015781 的第 4 个心跳包发送成功
[02:12:35 INF] 【直播间】9619073 的第 4 个心跳包发送成功
[02:12:37 INF] 【直播间】407149 的第 4 个心跳包发送成功
[02:12:38 INF] 【直播间】11732699 的第 4 个心跳包发送成功
[02:12:39 INF] 【直播间】91164 的第 4 个心跳包发送成功
[02:12:40 INF] 【直播间】7184632 的第 4 个心跳包发送成功
[02:12:42 INF] 【直播间】929670 的第 4 个心跳包发送成功
[02:12:43 INF] 【直播间】23447660 的第 4 个心跳包发送成功
[02:12:44 INF] 【直播间】22764265 的第 4 个心跳包发送成功
[02:13:37 INF] 【直播间】23357926 的第 5 个心跳包发送成功
[02:13:38 INF] 【直播间】23040372 的第 5 个心跳包发送成功
[02:13:39 INF] 【直播间】31494 的第 5 个心跳包发送成功
[02:13:40 INF] 【直播间】4015781 的第 5 个心跳包发送成功
[02:13:42 INF] 【直播间】9619073 的第 5 个心跳包发送成功
[02:13:43 INF] 【直播间】407149 的第 5 个心跳包发送成功
[02:13:44 INF] 【直播间】11732699 的第 5 个心跳包发送成功
[02:13:45 INF] 【直播间】91164 的第 5 个心跳包发送成功
[02:13:46 INF] 【直播间】7184632 的第 5 个心跳包发送成功
[02:13:48 INF] 【直播间】929670 的第 5 个心跳包发送成功
[02:13:49 INF] 【直播间】23447660 的第 5 个心跳包发送成功
[02:13:50 INF] 【直播间】22764265 的第 5 个心跳包发送成功
[02:14:43 INF] 【直播间】23357926 的第 6 个心跳包发送成功
[02:14:44 INF] 【直播间】23040372 的第 6 个心跳包发送成功
[02:14:45 INF] 【直播间】31494 的第 6 个心跳包发送成功
[02:14:47 INF] 【直播间】4015781 的第 6 个心跳包发送成功
[02:14:48 INF] 【直播间】9619073 的第 6 个心跳包发送成功
[02:14:49 INF] 【直播间】407149 的第 6 个心跳包发送成功
[02:14:50 INF] 【直播间】11732699 的第 6 个心跳包发送成功
[02:14:51 INF] 【直播间】91164 的第 6 个心跳包发送成功
[02:14:53 INF] 【直播间】7184632 的第 6 个心跳包发送成功
[02:14:54 INF] 【直播间】929670 的第 6 个心跳包发送成功
[02:14:55 INF] 【直播间】23447660 的第 6 个心跳包发送成功
[02:14:57 INF] 【直播间】22764265 的第 6 个心跳包发送成功
[02:15:49 INF] 【直播间】23357926 的第 7 个心跳包发送成功
[02:15:51 INF] 【直播间】23040372 的第 7 个心跳包发送成功
[02:15:52 INF] 【直播间】31494 的第 7 个心跳包发送成功
[02:15:53 INF] 【直播间】4015781 的第 7 个心跳包发送成功
[02:15:54 INF] 【直播间】9619073 的第 7 个心跳包发送成功
[02:15:56 INF] 【直播间】407149 的第 7 个心跳包发送成功
[02:15:57 INF] 【直播间】11732699 的第 7 个心跳包发送成功
[02:15:58 INF] 【直播间】91164 的第 7 个心跳包发送成功
[02:15:59 INF] 【直播间】7184632 的第 7 个心跳包发送成功
[02:16:01 INF] 【直播间】929670 的第 7 个心跳包发送成功
[02:16:02 INF] 【直播间】23447660 的第 7 个心跳包发送成功
[02:16:03 INF] 【直播间】22764265 的第 7 个心跳包发送成功
[02:16:56 INF] 【直播间】23357926 的第 8 个心跳包发送成功
[02:16:57 INF] 【直播间】23040372 的第 8 个心跳包发送成功
[02:16:58 INF] 【直播间】31494 的第 8 个心跳包发送成功
[02:16:59 INF] 【直播间】4015781 的第 8 个心跳包发送成功
[02:17:01 INF] 【直播间】9619073 的第 8 个心跳包发送成功
[02:17:02 INF] 【直播间】407149 的第 8 个心跳包发送成功
[02:17:03 INF] 【直播间】11732699 的第 8 个心跳包发送成功
[02:17:04 INF] 【直播间】91164 的第 8 个心跳包发送成功
[02:17:06 INF] 【直播间】7184632 的第 8 个心跳包发送成功
[02:17:07 INF] 【直播间】929670 的第 8 个心跳包发送成功
[02:17:08 INF] 【直播间】23447660 的第 8 个心跳包发送成功
[02:17:09 INF] 【直播间】22764265 的第 8 个心跳包发送成功
[02:18:02 INF] 【直播间】23357926 的第 9 个心跳包发送成功
[02:18:03 INF] 【直播间】23040372 的第 9 个心跳包发送成功
[02:18:04 INF] 【直播间】31494 的第 9 个心跳包发送成功
[02:18:06 INF] 【直播间】4015781 的第 9 个心跳包发送成功
[02:18:07 INF] 【直播间】9619073 的第 9 个心跳包发送成功
[02:18:08 INF] 【直播间】407149 的第 9 个心跳包发送成功
[02:18:09 INF] 【直播间】11732699 的第 9 个心跳包发送成功
[02:18:11 INF] 【直播间】91164 的第 9 个心跳包发送成功
[02:18:12 INF] 【直播间】7184632 的第 9 个心跳包发送成功
[02:18:13 INF] 【直播间】929670 的第 9 个心跳包发送成功
[02:18:14 INF] 【直播间】23447660 的第 9 个心跳包发送成功
[02:18:16 INF] 【直播间】22764265 的第 9 个心跳包发送成功
[02:19:08 INF] 【直播间】23357926 的第 10 个心跳包发送成功
[02:19:10 INF] 【直播间】23040372 的第 10 个心跳包发送成功
[02:19:11 INF] 【直播间】31494 的第 10 个心跳包发送成功
[02:19:12 INF] 【直播间】4015781 的第 10 个心跳包发送成功
[02:19:13 INF] 【直播间】9619073 的第 10 个心跳包发送成功
[02:19:14 INF] 【直播间】407149 的第 10 个心跳包发送成功
[02:19:16 INF] 【直播间】11732699 的第 10 个心跳包发送成功
[02:19:17 INF] 【直播间】91164 的第 10 个心跳包发送成功
[02:19:18 INF] 【直播间】7184632 的第 10 个心跳包发送成功
[02:19:19 INF] 【直播间】929670 的第 10 个心跳包发送成功
[02:19:21 INF] 【直播间】23447660 的第 10 个心跳包发送成功
[02:19:22 INF] 【直播间】22764265 的第 10 个心跳包发送成功
[02:20:15 INF] 【直播间】23357926 的第 11 个心跳包发送成功
[02:20:16 INF] 【直播间】23040372 的第 11 个心跳包发送成功
[02:20:17 INF] 【直播间】31494 的第 11 个心跳包发送成功
[02:20:18 INF] 【直播间】4015781 的第 11 个心跳包发送成功
[02:20:19 INF] 【直播间】9619073 的第 11 个心跳包发送成功
[02:20:21 INF] 【直播间】407149 的第 11 个心跳包发送成功
[02:20:22 INF] 【直播间】11732699 的第 11 个心跳包发送成功
[02:20:23 INF] 【直播间】91164 的第 11 个心跳包发送成功
[02:20:24 INF] 【直播间】7184632 的第 11 个心跳包发送成功
[02:20:26 INF] 【直播间】929670 的第 11 个心跳包发送成功
[02:20:27 INF] 【直播间】23447660 的第 11 个心跳包发送成功
[02:20:28 INF] 【直播间】22764265 的第 11 个心跳包发送成功
[02:21:21 INF] 【直播间】23357926 的第 12 个心跳包发送成功
[02:21:22 INF] 【直播间】23040372 的第 12 个心跳包发送成功
[02:21:24 INF] 【直播间】31494 的第 12 个心跳包发送成功
[02:21:25 INF] 【直播间】4015781 的第 12 个心跳包发送成功
[02:21:26 INF] 【直播间】9619073 的第 12 个心跳包发送成功
[02:21:27 INF] 【直播间】407149 的第 12 个心跳包发送成功
[02:21:28 INF] 【直播间】11732699 的第 12 个心跳包发送成功
[02:21:30 INF] 【直播间】91164 的第 12 个心跳包发送成功
[02:21:31 INF] 【直播间】7184632 的第 12 个心跳包发送成功
[02:21:32 INF] 【直播间】929670 的第 12 个心跳包发送成功
[02:21:33 INF] 【直播间】23447660 的第 12 个心跳包发送成功
[02:21:34 INF] 【直播间】22764265 的第 12 个心跳包发送成功
[02:22:28 INF] 【直播间】23357926 的第 13 个心跳包发送成功
[02:22:29 INF] 【直播间】23040372 的第 13 个心跳包发送成功
[02:22:30 INF] 【直播间】31494 的第 13 个心跳包发送成功
[02:22:31 INF] 【直播间】4015781 的第 13 个心跳包发送成功
[02:22:33 INF] 【直播间】9619073 的第 13 个心跳包发送成功
[02:22:34 INF] 【直播间】407149 的第 13 个心跳包发送成功
[02:22:35 INF] 【直播间】11732699 的第 13 个心跳包发送成功
[02:22:37 INF] 【直播间】91164 的第 13 个心跳包发送成功
[02:22:38 INF] 【直播间】7184632 的第 13 个心跳包发送成功
[02:22:39 INF] 【直播间】929670 的第 13 个心跳包发送成功
[02:22:40 INF] 【直播间】23447660 的第 13 个心跳包发送成功
[02:22:42 INF] 【直播间】22764265 的第 13 个心跳包发送成功
[02:23:34 INF] 【直播间】23357926 的第 14 个心跳包发送成功
[02:23:35 INF] 【直播间】23040372 的第 14 个心跳包发送成功
[02:23:37 INF] 【直播间】31494 的第 14 个心跳包发送成功
[02:23:38 INF] 【直播间】4015781 的第 14 个心跳包发送成功
[02:23:39 INF] 【直播间】9619073 的第 14 个心跳包发送成功
[02:23:40 INF] 【直播间】407149 的第 14 个心跳包发送成功
[02:23:42 INF] 【直播间】11732699 的第 14 个心跳包发送成功
[02:23:43 INF] 【直播间】91164 的第 14 个心跳包发送成功
[02:23:44 INF] 【直播间】7184632 的第 14 个心跳包发送成功
[02:23:45 INF] 【直播间】929670 的第 14 个心跳包发送成功
[02:23:47 INF] 【直播间】23447660 的第 14 个心跳包发送成功
[02:23:48 INF] 【直播间】22764265 的第 14 个心跳包发送成功
[02:24:40 INF] 【直播间】23357926 的第 15 个心跳包发送成功
[02:24:42 INF] 【直播间】23040372 的第 15 个心跳包发送成功
[02:24:43 INF] 【直播间】31494 的第 15 个心跳包发送成功
[02:24:44 INF] 【直播间】4015781 的第 15 个心跳包发送成功
[02:24:45 INF] 【直播间】9619073 的第 15 个心跳包发送成功
[02:24:47 INF] 【直播间】407149 的第 15 个心跳包发送成功
[02:24:48 INF] 【直播间】11732699 的第 15 个心跳包发送成功
[02:24:49 INF] 【直播间】91164 的第 15 个心跳包发送成功
[02:24:50 INF] 【直播间】7184632 的第 15 个心跳包发送成功
[02:24:52 INF] 【直播间】929670 的第 15 个心跳包发送成功
[02:24:53 INF] 【直播间】23447660 的第 15 个心跳包发送成功
[02:24:54 INF] 【直播间】22764265 的第 15 个心跳包发送成功
[02:25:47 ERR] 【心跳包】直播间 23357926 发送失败
[02:25:47 ERR] 【原因】time check failed
[02:25:48 ERR] 【心跳包】直播间 23040372 发送失败
[02:25:48 ERR] 【原因】time check failed
[02:25:49 ERR] 【心跳包】直播间 31494 发送失败
[02:25:49 ERR] 【原因】time check failed
[02:25:50 ERR] 【心跳包】直播间 4015781 发送失败
[02:25:50 ERR] 【原因】time check failed
[02:25:52 ERR] 【心跳包】直播间 9619073 发送失败
[02:25:52 ERR] 【原因】time check failed
[02:25:53 ERR] 【心跳包】直播间 407149 发送失败
[02:25:53 ERR] 【原因】time check failed
[02:25:54 ERR] 【心跳包】直播间 11732699 发送失败
[02:25:54 ERR] 【原因】time check failed
[02:25:55 ERR] 【心跳包】直播间 91164 发送失败
[02:25:55 ERR] 【原因】time check failed
[02:25:57 ERR] 【心跳包】直播间 7184632 发送失败
[02:25:57 ERR] 【原因】time check failed
[02:25:58 ERR] 【心跳包】直播间 929670 发送失败
[02:25:58 ERR] 【原因】time check failed
[02:25:59 ERR] 【心跳包】直播间 23447660 发送失败
[02:25:59 ERR] 【原因】time check failed
[02:26:00 ERR] 【心跳包】直播间 22764265 发送失败
[02:26:00 ERR] 【原因】time check failed
[02:26:53 INF] 【直播间】23357926 的第 16 个心跳包发送成功
[02:26:55 INF] 【直播间】23040372 的第 16 个心跳包发送成功
[02:26:56 INF] 【直播间】31494 的第 16 个心跳包发送成功
[02:26:57 INF] 【直播间】4015781 的第 16 个心跳包发送成功
[02:26:58 INF] 【直播间】9619073 的第 16 个心跳包发送成功
[02:26:59 INF] 【直播间】407149 的第 16 个心跳包发送成功
[02:27:01 INF] 【直播间】11732699 的第 16 个心跳包发送成功
[02:27:02 INF] 【直播间】91164 的第 16 个心跳包发送成功
[02:27:03 INF] 【直播间】7184632 的第 16 个心跳包发送成功
[02:27:04 INF] 【直播间】929670 的第 16 个心跳包发送成功
[02:27:05 INF] 【直播间】23447660 的第 16 个心跳包发送成功
[02:27:07 INF] 【直播间】22764265 的第 16 个心跳包发送成功
[02:28:00 INF] 【直播间】23357926 的第 17 个心跳包发送成功
[02:28:01 INF] 【直播间】23040372 的第 17 个心跳包发送成功
[02:28:02 INF] 【直播间】31494 的第 17 个心跳包发送成功
[02:28:03 INF] 【直播间】4015781 的第 17 个心跳包发送成功
[02:28:05 INF] 【直播间】9619073 的第 17 个心跳包发送成功
[02:28:06 INF] 【直播间】407149 的第 17 个心跳包发送成功
[02:28:07 INF] 【直播间】11732699 的第 17 个心跳包发送成功
[02:28:08 INF] 【直播间】91164 的第 17 个心跳包发送成功
[02:28:09 INF] 【直播间】7184632 的第 17 个心跳包发送成功
[02:28:11 INF] 【直播间】929670 的第 17 个心跳包发送成功
[02:28:12 INF] 【直播间】23447660 的第 17 个心跳包发送成功
[02:28:13 INF] 【直播间】22764265 的第 17 个心跳包发送成功
[02:29:06 INF] 【直播间】23357926 的第 18 个心跳包发送成功
[02:29:07 INF] 【直播间】23040372 的第 18 个心跳包发送成功
[02:29:08 INF] 【直播间】31494 的第 18 个心跳包发送成功
[02:29:10 INF] 【直播间】4015781 的第 18 个心跳包发送成功
[02:29:11 INF] 【直播间】9619073 的第 18 个心跳包发送成功
[02:29:12 INF] 【直播间】407149 的第 18 个心跳包发送成功
[02:29:13 INF] 【直播间】11732699 的第 18 个心跳包发送成功
[02:29:14 INF] 【直播间】91164 的第 18 个心跳包发送成功
[02:29:16 INF] 【直播间】7184632 的第 18 个心跳包发送成功
[02:29:17 INF] 【直播间】929670 的第 18 个心跳包发送成功
[02:29:18 INF] 【直播间】23447660 的第 18 个心跳包发送成功
[02:29:19 INF] 【直播间】22764265 的第 18 个心跳包发送成功
[02:30:12 INF] 【直播间】23357926 的第 19 个心跳包发送成功
[02:30:14 INF] 【直播间】23040372 的第 19 个心跳包发送成功
[02:30:15 INF] 【直播间】31494 的第 19 个心跳包发送成功
[02:30:16 INF] 【直播间】4015781 的第 19 个心跳包发送成功
[02:30:17 INF] 【直播间】9619073 的第 19 个心跳包发送成功
[02:30:19 INF] 【直播间】407149 的第 19 个心跳包发送成功
[02:30:20 INF] 【直播间】11732699 的第 19 个心跳包发送成功
[02:30:21 INF] 【直播间】91164 的第 19 个心跳包发送成功
[02:30:22 INF] 【直播间】7184632 的第 19 个心跳包发送成功
[02:30:24 INF] 【直播间】929670 的第 19 个心跳包发送成功
[02:30:25 INF] 【直播间】23447660 的第 19 个心跳包发送成功
[02:30:26 INF] 【直播间】22764265 的第 19 个心跳包发送成功
[02:31:19 INF] 【直播间】23357926 的第 20 个心跳包发送成功
[02:31:20 INF] 【直播间】23040372 的第 20 个心跳包发送成功
[02:31:21 INF] 【直播间】31494 的第 20 个心跳包发送成功
[02:31:22 INF] 【直播间】4015781 的第 20 个心跳包发送成功
[02:31:24 INF] 【直播间】9619073 的第 20 个心跳包发送成功
[02:31:25 INF] 【直播间】407149 的第 20 个心跳包发送成功
[02:31:26 INF] 【直播间】11732699 的第 20 个心跳包发送成功
[02:31:27 INF] 【直播间】91164 的第 20 个心跳包发送成功
[02:31:29 INF] 【直播间】7184632 的第 20 个心跳包发送成功
[02:31:30 INF] 【直播间】929670 的第 20 个心跳包发送成功
[02:31:31 INF] 【直播间】23447660 的第 20 个心跳包发送成功
[02:31:32 INF] 【直播间】22764265 的第 20 个心跳包发送成功
[02:32:26 INF] 【直播间】23357926 的第 21 个心跳包发送成功
[02:32:27 INF] 【直播间】23040372 的第 21 个心跳包发送成功
[02:32:28 INF] 【直播间】31494 的第 21 个心跳包发送成功
[02:32:29 INF] 【直播间】4015781 的第 21 个心跳包发送成功
[02:32:30 INF] 【直播间】9619073 的第 21 个心跳包发送成功
[02:32:32 INF] 【直播间】407149 的第 21 个心跳包发送成功
[02:32:33 INF] 【直播间】11732699 的第 21 个心跳包发送成功
[02:32:34 INF] 【直播间】91164 的第 21 个心跳包发送成功
[02:32:35 INF] 【直播间】7184632 的第 21 个心跳包发送成功
[02:32:36 INF] 【直播间】929670 的第 21 个心跳包发送成功
[02:32:38 INF] 【直播间】23447660 的第 21 个心跳包发送成功
[02:32:39 INF] 【直播间】22764265 的第 21 个心跳包发送成功
[02:33:32 INF] 【直播间】23357926 的第 22 个心跳包发送成功
[02:33:33 INF] 【直播间】23040372 的第 22 个心跳包发送成功
[02:33:34 INF] 【直播间】31494 的第 22 个心跳包发送成功
[02:33:36 INF] 【直播间】4015781 的第 22 个心跳包发送成功
[02:33:37 INF] 【直播间】9619073 的第 22 个心跳包发送成功
[02:33:38 INF] 【直播间】407149 的第 22 个心跳包发送成功
[02:33:39 INF] 【直播间】11732699 的第 22 个心跳包发送成功
[02:33:41 INF] 【直播间】91164 的第 22 个心跳包发送成功
[02:33:42 INF] 【直播间】7184632 的第 22 个心跳包发送成功
[02:33:43 INF] 【直播间】929670 的第 22 个心跳包发送成功
[02:33:44 INF] 【直播间】23447660 的第 22 个心跳包发送成功
[02:33:45 INF] 【直播间】22764265 的第 22 个心跳包发送成功
[02:34:39 INF] 【直播间】23357926 的第 23 个心跳包发送成功
[02:34:40 INF] 【直播间】23040372 的第 23 个心跳包发送成功
[02:34:41 INF] 【直播间】31494 的第 23 个心跳包发送成功
[02:34:42 INF] 【直播间】4015781 的第 23 个心跳包发送成功
[02:34:43 INF] 【直播间】9619073 的第 23 个心跳包发送成功
[02:34:45 INF] 【直播间】407149 的第 23 个心跳包发送成功
[02:34:46 INF] 【直播间】11732699 的第 23 个心跳包发送成功
[02:34:47 INF] 【直播间】91164 的第 23 个心跳包发送成功
[02:34:48 INF] 【直播间】7184632 的第 23 个心跳包发送成功
[02:34:50 INF] 【直播间】929670 的第 23 个心跳包发送成功
[02:34:51 INF] 【直播间】23447660 的第 23 个心跳包发送成功
[02:34:52 INF] 【直播间】22764265 的第 23 个心跳包发送成功
[02:35:45 INF] 【直播间】23357926 的第 24 个心跳包发送成功
[02:35:46 INF] 【直播间】23040372 的第 24 个心跳包发送成功
[02:35:47 INF] 【直播间】31494 的第 24 个心跳包发送成功
[02:35:49 INF] 【直播间】4015781 的第 24 个心跳包发送成功
[02:35:50 INF] 【直播间】9619073 的第 24 个心跳包发送成功
[02:35:51 INF] 【直播间】407149 的第 24 个心跳包发送成功
[02:35:52 INF] 【直播间】11732699 的第 24 个心跳包发送成功
[02:35:53 INF] 【直播间】91164 的第 24 个心跳包发送成功
[02:35:55 INF] 【直播间】7184632 的第 24 个心跳包发送成功
[02:35:56 INF] 【直播间】929670 的第 24 个心跳包发送成功
[02:35:57 INF] 【直播间】23447660 的第 24 个心跳包发送成功
[02:35:58 INF] 【直播间】22764265 的第 24 个心跳包发送成功
[02:36:51 INF] 【直播间】23357926 的第 25 个心跳包发送成功
[02:36:52 INF] 【直播间】23040372 的第 25 个心跳包发送成功
[02:36:54 INF] 【直播间】31494 的第 25 个心跳包发送成功
[02:36:55 INF] 【直播间】4015781 的第 25 个心跳包发送成功
[02:36:56 INF] 【直播间】9619073 的第 25 个心跳包发送成功
[02:36:57 INF] 【直播间】407149 的第 25 个心跳包发送成功
[02:36:59 INF] 【直播间】11732699 的第 25 个心跳包发送成功
[02:37:00 INF] 【直播间】91164 的第 25 个心跳包发送成功
[02:37:01 INF] 【直播间】7184632 的第 25 个心跳包发送成功
[02:37:02 INF] 【直播间】929670 的第 25 个心跳包发送成功
[02:37:04 INF] 【直播间】23447660 的第 25 个心跳包发送成功
[02:37:05 INF] 【直播间】22764265 的第 25 个心跳包发送成功
[02:37:58 INF] 【直播间】23357926 的第 26 个心跳包发送成功
[02:37:59 INF] 【直播间】23040372 的第 26 个心跳包发送成功
[02:38:00 INF] 【直播间】31494 的第 26 个心跳包发送成功
[02:38:01 INF] 【直播间】4015781 的第 26 个心跳包发送成功
[02:38:03 INF] 【直播间】9619073 的第 26 个心跳包发送成功
[02:38:04 INF] 【直播间】407149 的第 26 个心跳包发送成功
[02:38:05 INF] 【直播间】11732699 的第 26 个心跳包发送成功
[02:38:06 INF] 【直播间】91164 的第 26 个心跳包发送成功
[02:38:08 INF] 【直播间】7184632 的第 26 个心跳包发送成功
[02:38:09 INF] 【直播间】929670 的第 26 个心跳包发送成功
[02:38:10 INF] 【直播间】23447660 的第 26 个心跳包发送成功
[02:38:11 INF] 【直播间】22764265 的第 26 个心跳包发送成功
[02:39:04 INF] 【直播间】23357926 的第 27 个心跳包发送成功
[02:39:06 INF] 【直播间】23040372 的第 27 个心跳包发送成功
[02:39:07 INF] 【直播间】31494 的第 27 个心跳包发送成功
[02:39:08 INF] 【直播间】4015781 的第 27 个心跳包发送成功
[02:39:09 INF] 【直播间】9619073 的第 27 个心跳包发送成功
[02:39:10 INF] 【直播间】407149 的第 27 个心跳包发送成功
[02:39:12 INF] 【直播间】11732699 的第 27 个心跳包发送成功
[02:39:13 INF] 【直播间】91164 的第 27 个心跳包发送成功
[02:39:14 INF] 【直播间】7184632 的第 27 个心跳包发送成功
[02:39:15 INF] 【直播间】929670 的第 27 个心跳包发送成功
[02:39:16 INF] 【直播间】23447660 的第 27 个心跳包发送成功
[02:39:18 INF] 【直播间】22764265 的第 27 个心跳包发送成功
[02:40:11 INF] 【直播间】23357926 的第 28 个心跳包发送成功
[02:40:12 INF] 【直播间】23040372 的第 28 个心跳包发送成功
[02:40:13 INF] 【直播间】31494 的第 28 个心跳包发送成功
[02:40:14 INF] 【直播间】4015781 的第 28 个心跳包发送成功
[02:40:16 INF] 【直播间】9619073 的第 28 个心跳包发送成功
[02:40:17 INF] 【直播间】407149 的第 28 个心跳包发送成功
[02:40:18 INF] 【直播间】11732699 的第 28 个心跳包发送成功
[02:40:19 INF] 【直播间】91164 的第 28 个心跳包发送成功
[02:40:21 INF] 【直播间】7184632 的第 28 个心跳包发送成功
[02:40:22 INF] 【直播间】929670 的第 28 个心跳包发送成功
[02:40:23 INF] 【直播间】23447660 的第 28 个心跳包发送成功
[02:40:24 INF] 【直播间】22764265 的第 28 个心跳包发送成功
[02:41:17 INF] 【直播间】23357926 的第 29 个心跳包发送成功
[02:41:18 INF] 【直播间】23040372 的第 29 个心跳包发送成功
[02:41:19 INF] 【直播间】31494 的第 29 个心跳包发送成功
[02:41:21 ERR] 【心跳包】直播间 4015781 发送失败
[02:41:21 ERR] 【原因】time check failed
[02:41:22 INF] 【直播间】9619073 的第 29 个心跳包发送成功
[02:41:23 INF] 【直播间】407149 的第 29 个心跳包发送成功
[02:41:25 ERR] 【心跳包】直播间 11732699 发送失败
[02:41:25 ERR] 【原因】time check failed
[02:41:26 ERR] 【心跳包】直播间 91164 发送失败
[02:41:26 ERR] 【原因】time check failed
[02:41:27 INF] 【直播间】7184632 的第 29 个心跳包发送成功
[02:41:28 INF] 【直播间】929670 的第 29 个心跳包发送成功
[02:41:30 INF] 【直播间】23447660 的第 29 个心跳包发送成功
[02:41:31 ERR] 【心跳包】直播间 22764265 发送失败
[02:41:31 ERR] 【原因】time check failed
[02:42:23 ERR] 【心跳包】直播间 23357926 发送失败
[02:42:23 ERR] 【原因】time check failed
[02:42:25 ERR] 【心跳包】直播间 23040372 发送失败
[02:42:25 ERR] 【原因】time check failed
[02:42:26 ERR] 【心跳包】直播间 31494 发送失败
[02:42:26 ERR] 【原因】time check failed
[02:42:27 INF] 【直播间】4015781 的第 29 个心跳包发送成功
[02:42:28 ERR] 【心跳包】直播间 9619073 发送失败
[02:42:28 ERR] 【原因】time check failed
[02:42:30 ERR] 【心跳包】直播间 407149 发送失败
[02:42:30 ERR] 【原因】time check failed
[02:42:31 INF] 【直播间】11732699 的第 29 个心跳包发送成功
[02:42:32 INF] 【直播间】91164 的第 29 个心跳包发送成功
[02:42:34 ERR] 【心跳包】直播间 7184632 发送失败
[02:42:34 ERR] 【原因】time check failed
[02:42:35 ERR] 【心跳包】直播间 929670 发送失败
[02:42:35 ERR] 【原因】time check failed
[02:42:36 ERR] 【心跳包】直播间 23447660 发送失败
[02:42:36 ERR] 【原因】time check failed
[02:42:37 INF] 【直播间】22764265 的第 29 个心跳包发送成功
[02:43:30 INF] 【直播间】23357926 的第 30 个心跳包发送成功
[02:43:31 INF] 【直播间】23040372 的第 30 个心跳包发送成功
[02:43:32 INF] 【直播间】31494 的第 30 个心跳包发送成功
[02:43:34 INF] 【直播间】4015781 的第 30 个心跳包发送成功
[02:43:35 INF] 【直播间】9619073 的第 30 个心跳包发送成功
[02:43:36 INF] 【直播间】407149 的第 30 个心跳包发送成功
[02:43:37 INF] 【直播间】11732699 的第 30 个心跳包发送成功
[02:43:39 INF] 【直播间】91164 的第 30 个心跳包发送成功
[02:43:40 INF] 【直播间】7184632 的第 30 个心跳包发送成功
[02:43:41 INF] 【直播间】929670 的第 30 个心跳包发送成功
[02:43:42 INF] 【直播间】23447660 的第 30 个心跳包发送成功
[02:43:44 INF] 【直播间】22764265 的第 30 个心跳包发送成功
[02:44:37 INF] 【直播间】23357926 的第 31 个心跳包发送成功
[02:44:38 INF] 【直播间】23040372 的第 31 个心跳包发送成功
[02:44:39 INF] 【直播间】31494 的第 31 个心跳包发送成功
[02:44:40 INF] 【直播间】4015781 的第 31 个心跳包发送成功
[02:44:41 INF] 【直播间】9619073 的第 31 个心跳包发送成功
[02:44:43 INF] 【直播间】407149 的第 31 个心跳包发送成功
[02:44:44 INF] 【直播间】11732699 的第 31 个心跳包发送成功
[02:44:45 INF] 【直播间】91164 的第 31 个心跳包发送成功
[02:44:46 INF] 【直播间】7184632 的第 31 个心跳包发送成功
[02:44:48 INF] 【直播间】929670 的第 31 个心跳包发送成功
[02:44:49 INF] 【直播间】23447660 的第 31 个心跳包发送成功
[02:44:50 INF] 【直播间】22764265 的第 31 个心跳包发送成功
[02:45:43 INF] 【直播间】23357926 的第 32 个心跳包发送成功
[02:45:44 INF] 【直播间】23040372 的第 32 个心跳包发送成功
[02:45:45 INF] 【直播间】31494 的第 32 个心跳包发送成功
[02:45:47 INF] 【直播间】4015781 的第 32 个心跳包发送成功
[02:45:48 INF] 【直播间】9619073 的第 32 个心跳包发送成功
[02:45:49 INF] 【直播间】407149 的第 32 个心跳包发送成功
[02:45:50 INF] 【直播间】11732699 的第 32 个心跳包发送成功
[02:45:52 INF] 【直播间】91164 的第 32 个心跳包发送成功
[02:45:53 INF] 【直播间】7184632 的第 32 个心跳包发送成功
[02:45:54 INF] 【直播间】929670 的第 32 个心跳包发送成功
[02:45:55 INF] 【直播间】23447660 的第 32 个心跳包发送成功
[02:45:56 INF] 【直播间】22764265 的第 32 个心跳包发送成功
[02:46:50 INF] 【直播间】23357926 的第 33 个心跳包发送成功
[02:46:51 INF] 【直播间】23040372 的第 33 个心跳包发送成功
[02:46:52 INF] 【直播间】31494 的第 33 个心跳包发送成功
[02:46:53 INF] 【直播间】4015781 的第 33 个心跳包发送成功
[02:46:54 INF] 【直播间】9619073 的第 33 个心跳包发送成功
[02:46:56 INF] 【直播间】407149 的第 33 个心跳包发送成功
[02:46:57 INF] 【直播间】11732699 的第 33 个心跳包发送成功
[02:46:58 INF] 【直播间】91164 的第 33 个心跳包发送成功
[02:46:59 INF] 【直播间】7184632 的第 33 个心跳包发送成功
[02:47:00 INF] 【直播间】929670 的第 33 个心跳包发送成功
[02:47:02 INF] 【直播间】23447660 的第 33 个心跳包发送成功
[02:47:03 INF] 【直播间】22764265 的第 33 个心跳包发送成功
[02:47:56 INF] 【直播间】23357926 的第 34 个心跳包发送成功
[02:47:57 INF] 【直播间】23040372 的第 34 个心跳包发送成功
[02:47:58 INF] 【直播间】31494 的第 34 个心跳包发送成功
[02:48:00 INF] 【直播间】4015781 的第 34 个心跳包发送成功
[02:48:01 INF] 【直播间】9619073 的第 34 个心跳包发送成功
[02:48:02 INF] 【直播间】407149 的第 34 个心跳包发送成功
[02:48:03 INF] 【直播间】11732699 的第 34 个心跳包发送成功
[02:48:04 INF] 【直播间】91164 的第 34 个心跳包发送成功
[02:48:06 INF] 【直播间】7184632 的第 34 个心跳包发送成功
[02:48:07 INF] 【直播间】929670 的第 34 个心跳包发送成功
[02:48:08 INF] 【直播间】23447660 的第 34 个心跳包发送成功
[02:48:09 INF] 【直播间】22764265 的第 34 个心跳包发送成功
[02:49:02 INF] 【直播间】23357926 的第 35 个心跳包发送成功
[02:49:04 INF] 【直播间】23040372 的第 35 个心跳包发送成功
[02:49:05 INF] 【直播间】31494 的第 35 个心跳包发送成功
[02:49:06 INF] 【直播间】4015781 的第 35 个心跳包发送成功
[02:49:07 INF] 【直播间】9619073 的第 35 个心跳包发送成功
[02:49:08 INF] 【直播间】407149 的第 35 个心跳包发送成功
[02:49:10 INF] 【直播间】11732699 的第 35 个心跳包发送成功
[02:49:11 INF] 【直播间】91164 的第 35 个心跳包发送成功
[02:49:12 INF] 【直播间】7184632 的第 35 个心跳包发送成功
[02:49:13 INF] 【直播间】929670 的第 35 个心跳包发送成功
[02:49:14 INF] 【直播间】23447660 的第 35 个心跳包发送成功
[02:49:16 INF] 【直播间】22764265 的第 35 个心跳包发送成功
[02:50:09 INF] 【直播间】23357926 的第 36 个心跳包发送成功
[02:50:10 INF] 【直播间】23040372 的第 36 个心跳包发送成功
[02:50:11 INF] 【直播间】31494 的第 36 个心跳包发送成功
[02:50:13 INF] 【直播间】4015781 的第 36 个心跳包发送成功
[02:50:14 INF] 【直播间】9619073 的第 36 个心跳包发送成功
[02:50:15 INF] 【直播间】407149 的第 36 个心跳包发送成功
[02:50:16 INF] 【直播间】11732699 的第 36 个心跳包发送成功
[02:50:17 INF] 【直播间】91164 的第 36 个心跳包发送成功
[02:50:19 INF] 【直播间】7184632 的第 36 个心跳包发送成功
[02:50:20 INF] 【直播间】929670 的第 36 个心跳包发送成功
[02:50:21 INF] 【直播间】23447660 的第 36 个心跳包发送成功
[02:50:22 INF] 【直播间】22764265 的第 36 个心跳包发送成功
[02:51:15 INF] 【直播间】23357926 的第 37 个心跳包发送成功
[02:51:17 INF] 【直播间】23040372 的第 37 个心跳包发送成功
[02:51:18 INF] 【直播间】31494 的第 37 个心跳包发送成功
[02:51:19 INF] 【直播间】4015781 的第 37 个心跳包发送成功
[02:51:20 INF] 【直播间】9619073 的第 37 个心跳包发送成功
[02:51:21 INF] 【直播间】407149 的第 37 个心跳包发送成功
[02:51:23 INF] 【直播间】11732699 的第 37 个心跳包发送成功
[02:51:24 INF] 【直播间】91164 的第 37 个心跳包发送成功
[02:51:25 INF] 【直播间】7184632 的第 37 个心跳包发送成功
[02:51:26 INF] 【直播间】929670 的第 37 个心跳包发送成功
[02:51:28 INF] 【直播间】23447660 的第 37 个心跳包发送成功
[02:51:29 INF] 【直播间】22764265 的第 37 个心跳包发送成功
[02:52:22 INF] 【直播间】23357926 的第 38 个心跳包发送成功
[02:52:23 INF] 【直播间】23040372 的第 38 个心跳包发送成功
[02:52:24 INF] 【直播间】31494 的第 38 个心跳包发送成功
[02:52:25 INF] 【直播间】4015781 的第 38 个心跳包发送成功
[02:52:27 INF] 【直播间】9619073 的第 38 个心跳包发送成功
[02:52:28 INF] 【直播间】407149 的第 38 个心跳包发送成功
[02:52:29 INF] 【直播间】11732699 的第 38 个心跳包发送成功
[02:52:30 INF] 【直播间】91164 的第 38 个心跳包发送成功
[02:52:31 INF] 【直播间】7184632 的第 38 个心跳包发送成功
[02:52:33 INF] 【直播间】929670 的第 38 个心跳包发送成功
[02:52:34 INF] 【直播间】23447660 的第 38 个心跳包发送成功
[02:52:35 INF] 【直播间】22764265 的第 38 个心跳包发送成功
[02:53:28 INF] 【直播间】23357926 的第 39 个心跳包发送成功
[02:53:29 INF] 【直播间】23040372 的第 39 个心跳包发送成功
[02:53:31 INF] 【直播间】31494 的第 39 个心跳包发送成功
[02:53:32 INF] 【直播间】4015781 的第 39 个心跳包发送成功
[02:53:33 INF] 【直播间】9619073 的第 39 个心跳包发送成功
[02:53:35 INF] 【直播间】407149 的第 39 个心跳包发送成功
[02:53:36 INF] 【直播间】11732699 的第 39 个心跳包发送成功
[02:53:37 INF] 【直播间】91164 的第 39 个心跳包发送成功
[02:53:38 INF] 【直播间】7184632 的第 39 个心跳包发送成功
[02:53:39 INF] 【直播间】929670 的第 39 个心跳包发送成功
[02:53:41 INF] 【直播间】23447660 的第 39 个心跳包发送成功
[02:53:42 INF] 【直播间】22764265 的第 39 个心跳包发送成功
[02:54:35 INF] 【直播间】23357926 的第 40 个心跳包发送成功
[02:54:36 INF] 【直播间】23040372 的第 40 个心跳包发送成功
[02:54:37 INF] 【直播间】31494 的第 40 个心跳包发送成功
[02:54:39 INF] 【直播间】4015781 的第 40 个心跳包发送成功
[02:54:40 INF] 【直播间】9619073 的第 40 个心跳包发送成功
[02:54:41 INF] 【直播间】407149 的第 40 个心跳包发送成功
[02:54:42 INF] 【直播间】11732699 的第 40 个心跳包发送成功
[02:54:43 INF] 【直播间】91164 的第 40 个心跳包发送成功
[02:54:45 INF] 【直播间】7184632 的第 40 个心跳包发送成功
[02:54:46 INF] 【直播间】929670 的第 40 个心跳包发送成功
[02:54:47 INF] 【直播间】23447660 的第 40 个心跳包发送成功
[02:54:48 INF] 【直播间】22764265 的第 40 个心跳包发送成功
[02:55:41 INF] 【直播间】23357926 的第 41 个心跳包发送成功
[02:55:42 INF] 【直播间】23040372 的第 41 个心跳包发送成功
[02:55:44 INF] 【直播间】31494 的第 41 个心跳包发送成功
[02:55:45 INF] 【直播间】4015781 的第 41 个心跳包发送成功
[02:55:46 INF] 【直播间】9619073 的第 41 个心跳包发送成功
[02:55:47 INF] 【直播间】407149 的第 41 个心跳包发送成功
[02:55:48 INF] 【直播间】11732699 的第 41 个心跳包发送成功
[02:55:50 INF] 【直播间】91164 的第 41 个心跳包发送成功
[02:55:51 INF] 【直播间】7184632 的第 41 个心跳包发送成功
[02:55:52 INF] 【直播间】929670 的第 41 个心跳包发送成功
[02:55:54 INF] 【直播间】23447660 的第 41 个心跳包发送成功
[02:55:55 INF] 【直播间】22764265 的第 41 个心跳包发送成功
[02:56:48 INF] 【直播间】23357926 的第 42 个心跳包发送成功
[02:56:49 INF] 【直播间】23040372 的第 42 个心跳包发送成功
[02:56:50 INF] 【直播间】31494 的第 42 个心跳包发送成功
[02:56:51 INF] 【直播间】4015781 的第 42 个心跳包发送成功
[02:56:52 INF] 【直播间】9619073 的第 42 个心跳包发送成功
[02:56:54 INF] 【直播间】407149 的第 42 个心跳包发送成功
[02:56:55 INF] 【直播间】11732699 的第 42 个心跳包发送成功
[02:56:56 INF] 【直播间】91164 的第 42 个心跳包发送成功
[02:56:57 INF] 【直播间】7184632 的第 42 个心跳包发送成功
[02:56:59 INF] 【直播间】929670 的第 42 个心跳包发送成功
[02:57:00 INF] 【直播间】23447660 的第 42 个心跳包发送成功
[02:57:01 INF] 【直播间】22764265 的第 42 个心跳包发送成功
[02:57:54 ERR] 【心跳包】直播间 23357926 发送失败
[02:57:54 ERR] 【原因】time check failed
[02:57:55 INF] 【直播间】23040372 的第 43 个心跳包发送成功
[02:57:57 ERR] 【心跳包】直播间 31494 发送失败
[02:57:57 ERR] 【原因】time check failed
[02:57:58 ERR] 【心跳包】直播间 4015781 发送失败
[02:57:58 ERR] 【原因】time check failed
[02:57:59 ERR] 【心跳包】直播间 9619073 发送失败
[02:57:59 ERR] 【原因】time check failed
[02:58:00 ERR] 【心跳包】直播间 407149 发送失败
[02:58:00 ERR] 【原因】time check failed
[02:58:01 ERR] 【心跳包】直播间 11732699 发送失败
[02:58:01 ERR] 【原因】time check failed
[02:58:03 ERR] 【心跳包】直播间 91164 发送失败
[02:58:03 ERR] 【原因】time check failed
[02:58:04 ERR] 【心跳包】直播间 7184632 发送失败
[02:58:04 ERR] 【原因】time check failed
[02:58:05 INF] 【直播间】929670 的第 43 个心跳包发送成功
[02:58:06 INF] 【直播间】23447660 的第 43 个心跳包发送成功
[02:58:08 ERR] 【心跳包】直播间 22764265 发送失败
[02:58:08 ERR] 【原因】time check failed
[02:59:01 INF] 【直播间】23357926 的第 43 个心跳包发送成功
[02:59:02 ERR] 【心跳包】直播间 23040372 发送失败
[02:59:02 ERR] 【原因】time check failed
[02:59:03 INF] 【直播间】31494 的第 43 个心跳包发送成功
[02:59:04 INF] 【直播间】4015781 的第 43 个心跳包发送成功
[02:59:05 INF] 【直播间】9619073 的第 43 个心跳包发送成功
[02:59:07 INF] 【直播间】407149 的第 43 个心跳包发送成功
[02:59:08 INF] 【直播间】11732699 的第 43 个心跳包发送成功
[02:59:09 INF] 【直播间】91164 的第 43 个心跳包发送成功
[02:59:10 INF] 【直播间】7184632 的第 43 个心跳包发送成功
[02:59:12 ERR] 【心跳包】直播间 929670 发送失败
[02:59:12 ERR] 【原因】time check failed
[02:59:13 ERR] 【心跳包】直播间 23447660 发送失败
[02:59:13 ERR] 【原因】time check failed
[02:59:14 INF] 【直播间】22764265 的第 43 个心跳包发送成功
[03:00:07 INF] 【直播间】23357926 的第 44 个心跳包发送成功
[03:00:08 INF] 【直播间】23040372 的第 44 个心跳包发送成功
[03:00:09 INF] 【直播间】31494 的第 44 个心跳包发送成功
[03:00:11 INF] 【直播间】4015781 的第 44 个心跳包发送成功
[03:00:12 INF] 【直播间】9619073 的第 44 个心跳包发送成功
[03:00:13 INF] 【直播间】407149 的第 44 个心跳包发送成功
[03:00:14 INF] 【直播间】11732699 的第 44 个心跳包发送成功
[03:00:16 INF] 【直播间】91164 的第 44 个心跳包发送成功
[03:00:17 INF] 【直播间】7184632 的第 44 个心跳包发送成功
[03:00:18 INF] 【直播间】929670 的第 44 个心跳包发送成功
[03:00:19 INF] 【直播间】23447660 的第 44 个心跳包发送成功
[03:00:21 INF] 【直播间】22764265 的第 44 个心跳包发送成功
[03:01:13 INF] 【直播间】23357926 的第 45 个心跳包发送成功
[03:01:15 INF] 【直播间】23040372 的第 45 个心跳包发送成功
[03:01:16 INF] 【直播间】31494 的第 45 个心跳包发送成功
[03:01:17 INF] 【直播间】4015781 的第 45 个心跳包发送成功
[03:01:19 INF] 【直播间】9619073 的第 45 个心跳包发送成功
[03:01:20 INF] 【直播间】407149 的第 45 个心跳包发送成功
[03:01:21 INF] 【直播间】11732699 的第 45 个心跳包发送成功
[03:01:22 INF] 【直播间】91164 的第 45 个心跳包发送成功
[03:01:24 INF] 【直播间】7184632 的第 45 个心跳包发送成功
[03:01:25 INF] 【直播间】929670 的第 45 个心跳包发送成功
[03:01:26 INF] 【直播间】23447660 的第 45 个心跳包发送成功
[03:01:27 INF] 【直播间】22764265 的第 45 个心跳包发送成功
[03:02:20 INF] 【直播间】23357926 的第 46 个心跳包发送成功
[03:02:21 INF] 【直播间】23040372 的第 46 个心跳包发送成功
[03:02:23 INF] 【直播间】31494 的第 46 个心跳包发送成功
[03:02:24 INF] 【直播间】4015781 的第 46 个心跳包发送成功
[03:02:25 INF] 【直播间】9619073 的第 46 个心跳包发送成功
[03:02:26 INF] 【直播间】407149 的第 46 个心跳包发送成功
[03:02:27 INF] 【直播间】11732699 的第 46 个心跳包发送成功
[03:02:29 INF] 【直播间】91164 的第 46 个心跳包发送成功
[03:02:30 INF] 【直播间】7184632 的第 46 个心跳包发送成功
[03:02:31 INF] 【直播间】929670 的第 46 个心跳包发送成功
[03:02:32 INF] 【直播间】23447660 的第 46 个心跳包发送成功
[03:02:34 INF] 【直播间】22764265 的第 46 个心跳包发送成功
[03:03:26 INF] 【直播间】23357926 的第 47 个心跳包发送成功
[03:03:28 INF] 【直播间】23040372 的第 47 个心跳包发送成功
[03:03:29 INF] 【直播间】31494 的第 47 个心跳包发送成功
[03:03:30 INF] 【直播间】4015781 的第 47 个心跳包发送成功
[03:03:31 INF] 【直播间】9619073 的第 47 个心跳包发送成功
[03:03:32 INF] 【直播间】407149 的第 47 个心跳包发送成功
[03:03:34 INF] 【直播间】11732699 的第 47 个心跳包发送成功
[03:03:35 INF] 【直播间】91164 的第 47 个心跳包发送成功
[03:03:36 INF] 【直播间】7184632 的第 47 个心跳包发送成功
[03:03:38 INF] 【直播间】929670 的第 47 个心跳包发送成功
[03:03:39 INF] 【直播间】23447660 的第 47 个心跳包发送成功
[03:03:40 INF] 【直播间】22764265 的第 47 个心跳包发送成功
[03:04:33 INF] 【直播间】23357926 的第 48 个心跳包发送成功
[03:04:34 INF] 【直播间】23040372 的第 48 个心跳包发送成功
[03:04:35 INF] 【直播间】31494 的第 48 个心跳包发送成功
[03:04:36 INF] 【直播间】4015781 的第 48 个心跳包发送成功
[03:04:37 INF] 【直播间】9619073 的第 48 个心跳包发送成功
[03:04:39 INF] 【直播间】407149 的第 48 个心跳包发送成功
[03:04:40 INF] 【直播间】11732699 的第 48 个心跳包发送成功
[03:04:41 INF] 【直播间】91164 的第 48 个心跳包发送成功
[03:04:43 INF] 【直播间】7184632 的第 48 个心跳包发送成功
[03:04:44 INF] 【直播间】929670 的第 48 个心跳包发送成功
[03:04:45 INF] 【直播间】23447660 的第 48 个心跳包发送成功
[03:04:47 INF] 【直播间】22764265 的第 48 个心跳包发送成功
[03:05:39 INF] 【直播间】23357926 的第 49 个心跳包发送成功
[03:05:40 INF] 【直播间】23040372 的第 49 个心跳包发送成功
[03:05:42 INF] 【直播间】31494 的第 49 个心跳包发送成功
[03:05:43 INF] 【直播间】4015781 的第 49 个心跳包发送成功
[03:05:44 INF] 【直播间】9619073 的第 49 个心跳包发送成功
[03:05:45 INF] 【直播间】407149 的第 49 个心跳包发送成功
[03:05:47 INF] 【直播间】11732699 的第 49 个心跳包发送成功
[03:05:48 INF] 【直播间】91164 的第 49 个心跳包发送成功
[03:05:49 INF] 【直播间】7184632 的第 49 个心跳包发送成功
[03:05:50 INF] 【直播间】929670 的第 49 个心跳包发送成功
[03:05:52 INF] 【直播间】23447660 的第 49 个心跳包发送成功
[03:05:53 INF] 【直播间】22764265 的第 49 个心跳包发送成功
[03:06:46 INF] 【直播间】23357926 的第 50 个心跳包发送成功
[03:06:47 INF] 【直播间】23040372 的第 50 个心跳包发送成功
[03:06:48 INF] 【直播间】31494 的第 50 个心跳包发送成功
[03:06:49 INF] 【直播间】4015781 的第 50 个心跳包发送成功
[03:06:51 INF] 【直播间】9619073 的第 50 个心跳包发送成功
[03:06:52 INF] 【直播间】407149 的第 50 个心跳包发送成功
[03:06:53 INF] 【直播间】11732699 的第 50 个心跳包发送成功
[03:06:54 INF] 【直播间】91164 的第 50 个心跳包发送成功
[03:06:56 INF] 【直播间】7184632 的第 50 个心跳包发送成功
[03:06:57 INF] 【直播间】929670 的第 50 个心跳包发送成功
[03:06:58 INF] 【直播间】23447660 的第 50 个心跳包发送成功
[03:06:59 INF] 【直播间】22764265 的第 50 个心跳包发送成功
[03:07:52 INF] 【直播间】23357926 的第 51 个心跳包发送成功
[03:07:53 INF] 【直播间】23040372 的第 51 个心跳包发送成功
[03:07:55 INF] 【直播间】31494 的第 51 个心跳包发送成功
[03:07:56 INF] 【直播间】4015781 的第 51 个心跳包发送成功
[03:07:57 INF] 【直播间】9619073 的第 51 个心跳包发送成功
[03:07:58 INF] 【直播间】407149 的第 51 个心跳包发送成功
[03:07:59 INF] 【直播间】11732699 的第 51 个心跳包发送成功
[03:08:01 INF] 【直播间】91164 的第 51 个心跳包发送成功
[03:08:02 INF] 【直播间】7184632 的第 51 个心跳包发送成功
[03:08:03 INF] 【直播间】929670 的第 51 个心跳包发送成功
[03:08:04 INF] 【直播间】23447660 的第 51 个心跳包发送成功
[03:08:06 INF] 【直播间】22764265 的第 51 个心跳包发送成功
[03:08:58 INF] 【直播间】23357926 的第 52 个心跳包发送成功
[03:09:00 INF] 【直播间】23040372 的第 52 个心跳包发送成功
[03:09:01 INF] 【直播间】31494 的第 52 个心跳包发送成功
[03:09:02 INF] 【直播间】4015781 的第 52 个心跳包发送成功
[03:09:03 INF] 【直播间】9619073 的第 52 个心跳包发送成功
[03:09:04 INF] 【直播间】407149 的第 52 个心跳包发送成功
[03:09:06 INF] 【直播间】11732699 的第 52 个心跳包发送成功
[03:09:07 INF] 【直播间】91164 的第 52 个心跳包发送成功
[03:09:08 INF] 【直播间】7184632 的第 52 个心跳包发送成功
[03:09:09 INF] 【直播间】929670 的第 52 个心跳包发送成功
[03:09:11 INF] 【直播间】23447660 的第 52 个心跳包发送成功
[03:09:12 INF] 【直播间】22764265 的第 52 个心跳包发送成功
[03:10:05 INF] 【直播间】23357926 的第 53 个心跳包发送成功
[03:10:06 INF] 【直播间】23040372 的第 53 个心跳包发送成功
[03:10:07 INF] 【直播间】31494 的第 53 个心跳包发送成功
[03:10:08 INF] 【直播间】4015781 的第 53 个心跳包发送成功
[03:10:10 INF] 【直播间】9619073 的第 53 个心跳包发送成功
[03:10:11 INF] 【直播间】407149 的第 53 个心跳包发送成功
[03:10:12 INF] 【直播间】11732699 的第 53 个心跳包发送成功
[03:10:13 INF] 【直播间】91164 的第 53 个心跳包发送成功
[03:10:14 INF] 【直播间】7184632 的第 53 个心跳包发送成功
[03:10:16 INF] 【直播间】929670 的第 53 个心跳包发送成功
[03:10:17 INF] 【直播间】23447660 的第 53 个心跳包发送成功
[03:10:18 INF] 【直播间】22764265 的第 53 个心跳包发送成功
[03:11:11 INF] 【直播间】23357926 的第 54 个心跳包发送成功
[03:11:13 INF] 【直播间】23040372 的第 54 个心跳包发送成功
[03:11:14 INF] 【直播间】31494 的第 54 个心跳包发送成功
[03:11:15 INF] 【直播间】4015781 的第 54 个心跳包发送成功
[03:11:16 INF] 【直播间】9619073 的第 54 个心跳包发送成功
[03:11:18 INF] 【直播间】407149 的第 54 个心跳包发送成功
[03:11:19 INF] 【直播间】11732699 的第 54 个心跳包发送成功
[03:11:20 INF] 【直播间】91164 的第 54 个心跳包发送成功
[03:11:21 INF] 【直播间】7184632 的第 54 个心跳包发送成功
[03:11:23 INF] 【直播间】929670 的第 54 个心跳包发送成功
[03:11:24 INF] 【直播间】23447660 的第 54 个心跳包发送成功
[03:11:25 INF] 【直播间】22764265 的第 54 个心跳包发送成功
[03:12:18 INF] 【直播间】23357926 的第 55 个心跳包发送成功
[03:12:19 INF] 【直播间】23040372 的第 55 个心跳包发送成功
[03:12:20 INF] 【直播间】31494 的第 55 个心跳包发送成功
[03:12:21 INF] 【直播间】4015781 的第 55 个心跳包发送成功
[03:12:23 INF] 【直播间】9619073 的第 55 个心跳包发送成功
[03:12:24 INF] 【直播间】407149 的第 55 个心跳包发送成功
[03:12:25 INF] 【直播间】11732699 的第 55 个心跳包发送成功
[03:12:26 INF] 【直播间】91164 的第 55 个心跳包发送成功
[03:12:28 INF] 【直播间】7184632 的第 55 个心跳包发送成功
[03:12:29 INF] 【直播间】929670 的第 55 个心跳包发送成功
[03:12:30 INF] 【直播间】23447660 的第 55 个心跳包发送成功
[03:12:31 INF] 【直播间】22764265 的第 55 个心跳包发送成功
[03:13:24 INF] 【直播间】23357926 的第 56 个心跳包发送成功
[03:13:25 INF] 【直播间】23040372 的第 56 个心跳包发送成功
[03:13:26 INF] 【直播间】31494 的第 56 个心跳包发送成功
[03:13:28 INF] 【直播间】4015781 的第 56 个心跳包发送成功
[03:13:29 INF] 【直播间】9619073 的第 56 个心跳包发送成功
[03:13:30 INF] 【直播间】407149 的第 56 个心跳包发送成功
[03:13:31 INF] 【直播间】11732699 的第 56 个心跳包发送成功
[03:13:33 INF] 【直播间】91164 的第 56 个心跳包发送成功
[03:13:34 INF] 【直播间】7184632 的第 56 个心跳包发送成功
[03:13:35 INF] 【直播间】929670 的第 56 个心跳包发送成功
[03:13:36 INF] 【直播间】23447660 的第 56 个心跳包发送成功
[03:13:38 INF] 【直播间】22764265 的第 56 个心跳包发送成功
[03:14:30 ERR] 【心跳包】直播间 23357926 发送失败
[03:14:30 ERR] 【原因】time check failed
[03:14:32 INF] 【直播间】23040372 的第 57 个心跳包发送成功
[03:14:33 ERR] 【心跳包】直播间 31494 发送失败
[03:14:33 ERR] 【原因】time check failed
[03:14:34 ERR] 【心跳包】直播间 4015781 发送失败
[03:14:34 ERR] 【原因】time check failed
[03:14:35 ERR] 【心跳包】直播间 9619073 发送失败
[03:14:35 ERR] 【原因】time check failed
[03:14:37 ERR] 【心跳包】直播间 407149 发送失败
[03:14:37 ERR] 【原因】time check failed
[03:14:38 ERR] 【心跳包】直播间 11732699 发送失败
[03:14:38 ERR] 【原因】time check failed
[03:14:39 ERR] 【心跳包】直播间 91164 发送失败
[03:14:39 ERR] 【原因】time check failed
[03:14:40 ERR] 【心跳包】直播间 7184632 发送失败
[03:14:40 ERR] 【原因】time check failed
[03:14:42 INF] 【直播间】929670 的第 57 个心跳包发送成功
[03:14:43 INF] 【直播间】23447660 的第 57 个心跳包发送成功
[03:14:44 ERR] 【心跳包】直播间 22764265 发送失败
[03:14:44 ERR] 【原因】time check failed
[03:15:37 INF] 【直播间】23357926 的第 57 个心跳包发送成功
[03:15:38 ERR] 【心跳包】直播间 23040372 发送失败
[03:15:38 ERR] 【原因】time check failed
[03:15:39 INF] 【直播间】31494 的第 57 个心跳包发送成功
[03:15:40 INF] 【直播间】4015781 的第 57 个心跳包发送成功
[03:15:42 INF] 【直播间】9619073 的第 57 个心跳包发送成功
[03:15:43 INF] 【直播间】407149 的第 57 个心跳包发送成功
[03:15:44 INF] 【直播间】11732699 的第 57 个心跳包发送成功
[03:15:45 INF] 【直播间】91164 的第 57 个心跳包发送成功
[03:15:47 INF] 【直播间】7184632 的第 57 个心跳包发送成功
[03:15:48 ERR] 【心跳包】直播间 929670 发送失败
[03:15:48 ERR] 【原因】time check failed
[03:15:49 ERR] 【心跳包】直播间 23447660 发送失败
[03:15:49 ERR] 【原因】time check failed
[03:15:50 INF] 【直播间】22764265 的第 57 个心跳包发送成功
[03:16:43 INF] 【直播间】23357926 的第 58 个心跳包发送成功
[03:16:45 INF] 【直播间】23040372 的第 58 个心跳包发送成功
[03:16:46 INF] 【直播间】31494 的第 58 个心跳包发送成功
[03:16:47 INF] 【直播间】4015781 的第 58 个心跳包发送成功
[03:16:48 INF] 【直播间】9619073 的第 58 个心跳包发送成功
[03:16:49 INF] 【直播间】407149 的第 58 个心跳包发送成功
[03:16:51 INF] 【直播间】11732699 的第 58 个心跳包发送成功
[03:16:52 INF] 【直播间】91164 的第 58 个心跳包发送成功
[03:16:53 INF] 【直播间】7184632 的第 58 个心跳包发送成功
[03:16:54 INF] 【直播间】929670 的第 58 个心跳包发送成功
[03:16:55 INF] 【直播间】23447660 的第 58 个心跳包发送成功
[03:16:57 INF] 【直播间】22764265 的第 58 个心跳包发送成功
[03:17:50 INF] 【直播间】23357926 的第 59 个心跳包发送成功
[03:17:51 INF] 【直播间】23040372 的第 59 个心跳包发送成功
[03:17:52 INF] 【直播间】31494 的第 59 个心跳包发送成功
[03:17:53 INF] 【直播间】4015781 的第 59 个心跳包发送成功
[03:17:55 INF] 【直播间】9619073 的第 59 个心跳包发送成功
[03:17:56 INF] 【直播间】407149 的第 59 个心跳包发送成功
[03:17:57 INF] 【直播间】11732699 的第 59 个心跳包发送成功
[03:17:58 INF] 【直播间】91164 的第 59 个心跳包发送成功
[03:17:59 INF] 【直播间】7184632 的第 59 个心跳包发送成功
[03:18:01 INF] 【直播间】929670 的第 59 个心跳包发送成功
[03:18:02 INF] 【直播间】23447660 的第 59 个心跳包发送成功
[03:18:03 INF] 【直播间】22764265 的第 59 个心跳包发送成功
[03:18:56 INF] 【直播间】23357926 的第 60 个心跳包发送成功
[03:18:58 INF] 【直播间】23040372 的第 60 个心跳包发送成功
[03:18:59 INF] 【直播间】31494 的第 60 个心跳包发送成功
[03:19:00 INF] 【直播间】4015781 的第 60 个心跳包发送成功
[03:19:01 INF] 【直播间】9619073 的第 60 个心跳包发送成功
[03:19:02 INF] 【直播间】407149 的第 60 个心跳包发送成功
[03:19:04 INF] 【直播间】11732699 的第 60 个心跳包发送成功
[03:19:05 INF] 【直播间】91164 的第 60 个心跳包发送成功
[03:19:06 INF] 【直播间】7184632 的第 60 个心跳包发送成功
[03:19:07 INF] 【直播间】929670 的第 60 个心跳包发送成功
[03:19:08 INF] 【直播间】23447660 的第 60 个心跳包发送成功
[03:19:10 INF] 【直播间】22764265 的第 60 个心跳包发送成功
[03:20:03 INF] 【直播间】23357926 的第 61 个心跳包发送成功
[03:20:04 INF] 【直播间】23040372 的第 61 个心跳包发送成功
[03:20:06 INF] 【直播间】31494 的第 61 个心跳包发送成功
[03:20:07 INF] 【直播间】4015781 的第 61 个心跳包发送成功
[03:20:08 INF] 【直播间】9619073 的第 61 个心跳包发送成功
[03:20:09 INF] 【直播间】407149 的第 61 个心跳包发送成功
[03:20:10 INF] 【直播间】11732699 的第 61 个心跳包发送成功
[03:20:12 INF] 【直播间】91164 的第 61 个心跳包发送成功
[03:20:13 INF] 【直播间】7184632 的第 61 个心跳包发送成功
[03:20:14 INF] 【直播间】929670 的第 61 个心跳包发送成功
[03:20:15 INF] 【直播间】23447660 的第 61 个心跳包发送成功
[03:20:17 INF] 【直播间】22764265 的第 61 个心跳包发送成功
[03:21:09 INF] 【直播间】23357926 的第 62 个心跳包发送成功
[03:21:11 INF] 【直播间】23040372 的第 62 个心跳包发送成功
[03:21:12 INF] 【直播间】31494 的第 62 个心跳包发送成功
[03:21:13 INF] 【直播间】4015781 的第 62 个心跳包发送成功
[03:21:14 INF] 【直播间】9619073 的第 62 个心跳包发送成功
[03:21:16 INF] 【直播间】407149 的第 62 个心跳包发送成功
[03:21:17 INF] 【直播间】11732699 的第 62 个心跳包发送成功
[03:21:18 INF] 【直播间】91164 的第 62 个心跳包发送成功
[03:21:19 INF] 【直播间】7184632 的第 62 个心跳包发送成功
[03:21:20 INF] 【直播间】929670 的第 62 个心跳包发送成功
[03:21:22 INF] 【直播间】23447660 的第 62 个心跳包发送成功
[03:21:23 INF] 【直播间】22764265 的第 62 个心跳包发送成功
[03:22:16 INF] 【直播间】23357926 的第 63 个心跳包发送成功
[03:22:17 INF] 【直播间】23040372 的第 63 个心跳包发送成功
[03:22:18 INF] 【直播间】31494 的第 63 个心跳包发送成功
[03:22:19 INF] 【直播间】4015781 的第 63 个心跳包发送成功
[03:22:21 INF] 【直播间】9619073 的第 63 个心跳包发送成功
[03:22:22 INF] 【直播间】407149 的第 63 个心跳包发送成功
[03:22:23 INF] 【直播间】11732699 的第 63 个心跳包发送成功
[03:22:24 INF] 【直播间】91164 的第 63 个心跳包发送成功
[03:22:26 INF] 【直播间】7184632 的第 63 个心跳包发送成功
[03:22:27 INF] 【直播间】929670 的第 63 个心跳包发送成功
[03:22:28 INF] 【直播间】23447660 的第 63 个心跳包发送成功
[03:22:29 INF] 【直播间】22764265 的第 63 个心跳包发送成功
[03:23:22 INF] 【直播间】23357926 的第 64 个心跳包发送成功
[03:23:24 INF] 【直播间】23040372 的第 64 个心跳包发送成功
[03:23:25 INF] 【直播间】31494 的第 64 个心跳包发送成功
[03:23:26 INF] 【直播间】4015781 的第 64 个心跳包发送成功
[03:23:27 INF] 【直播间】9619073 的第 64 个心跳包发送成功
[03:23:28 INF] 【直播间】407149 的第 64 个心跳包发送成功
[03:23:30 INF] 【直播间】11732699 的第 64 个心跳包发送成功
[03:23:31 INF] 【直播间】91164 的第 64 个心跳包发送成功
[03:23:32 INF] 【直播间】7184632 的第 64 个心跳包发送成功
[03:23:33 INF] 【直播间】929670 的第 64 个心跳包发送成功
[03:23:35 INF] 【直播间】23447660 的第 64 个心跳包发送成功
[03:23:36 INF] 【直播间】22764265 的第 64 个心跳包发送成功
[03:24:29 INF] 【直播间】23357926 的第 65 个心跳包发送成功
[03:24:30 INF] 【直播间】23040372 的第 65 个心跳包发送成功
[03:24:31 INF] 【直播间】31494 的第 65 个心跳包发送成功
[03:24:33 INF] 【直播间】4015781 的第 65 个心跳包发送成功
[03:24:34 INF] 【直播间】9619073 的第 65 个心跳包发送成功
[03:24:35 INF] 【直播间】407149 的第 65 个心跳包发送成功
[03:24:37 INF] 【直播间】11732699 的第 65 个心跳包发送成功
[03:24:38 INF] 【直播间】91164 的第 65 个心跳包发送成功
[03:24:39 INF] 【直播间】7184632 的第 65 个心跳包发送成功
[03:24:40 INF] 【直播间】929670 的第 65 个心跳包发送成功
[03:24:41 INF] 【直播间】23447660 的第 65 个心跳包发送成功
[03:24:43 INF] 【直播间】22764265 的第 65 个心跳包发送成功
[03:25:35 INF] 【直播间】23357926 的第 66 个心跳包发送成功
[03:25:36 INF] 【直播间】23040372 的第 66 个心跳包发送成功
[03:25:38 INF] 【直播间】31494 的第 66 个心跳包发送成功
[03:25:39 INF] 【直播间】4015781 的第 66 个心跳包发送成功
[03:25:40 INF] 【直播间】9619073 的第 66 个心跳包发送成功
[03:25:42 INF] 【直播间】407149 的第 66 个心跳包发送成功
[03:25:43 INF] 【直播间】11732699 的第 66 个心跳包发送成功
[03:25:44 INF] 【直播间】91164 的第 66 个心跳包发送成功
[03:25:46 INF] 【直播间】7184632 的第 66 个心跳包发送成功
[03:25:47 INF] 【直播间】929670 的第 66 个心跳包发送成功
[03:25:48 INF] 【直播间】23447660 的第 66 个心跳包发送成功
[03:25:49 INF] 【直播间】22764265 的第 66 个心跳包发送成功
[03:26:42 INF] 【直播间】23357926 的第 67 个心跳包发送成功
[03:26:43 INF] 【直播间】23040372 的第 67 个心跳包发送成功
[03:26:44 INF] 【直播间】31494 的第 67 个心跳包发送成功
[03:26:45 INF] 【直播间】4015781 的第 67 个心跳包发送成功
[03:26:47 INF] 【直播间】9619073 的第 67 个心跳包发送成功
[03:26:48 INF] 【直播间】407149 的第 67 个心跳包发送成功
[03:26:49 INF] 【直播间】11732699 的第 67 个心跳包发送成功
[03:26:50 INF] 【直播间】91164 的第 67 个心跳包发送成功
[03:26:52 INF] 【直播间】7184632 的第 67 个心跳包发送成功
[03:26:53 INF] 【直播间】929670 的第 67 个心跳包发送成功
[03:26:54 INF] 【直播间】23447660 的第 67 个心跳包发送成功
[03:26:56 INF] 【直播间】22764265 的第 67 个心跳包发送成功
[03:27:48 INF] 【直播间】23357926 的第 68 个心跳包发送成功
[03:27:49 INF] 【直播间】23040372 的第 68 个心跳包发送成功
[03:27:51 INF] 【直播间】31494 的第 68 个心跳包发送成功
[03:27:52 INF] 【直播间】4015781 的第 68 个心跳包发送成功
[03:27:53 INF] 【直播间】9619073 的第 68 个心跳包发送成功
[03:27:54 INF] 【直播间】407149 的第 68 个心跳包发送成功
[03:27:56 INF] 【直播间】11732699 的第 68 个心跳包发送成功
[03:27:57 INF] 【直播间】91164 的第 68 个心跳包发送成功
[03:27:58 INF] 【直播间】7184632 的第 68 个心跳包发送成功
[03:28:00 INF] 【直播间】929670 的第 68 个心跳包发送成功
[03:28:01 INF] 【直播间】23447660 的第 68 个心跳包发送成功
[03:28:02 INF] 【直播间】22764265 的第 68 个心跳包发送成功
[03:28:55 INF] 【直播间】23357926 的第 69 个心跳包发送成功
[03:28:56 INF] 【直播间】23040372 的第 69 个心跳包发送成功
[03:28:57 INF] 【直播间】31494 的第 69 个心跳包发送成功
[03:28:58 INF] 【直播间】4015781 的第 69 个心跳包发送成功
[03:29:00 INF] 【直播间】9619073 的第 69 个心跳包发送成功
[03:29:01 INF] 【直播间】407149 的第 69 个心跳包发送成功
[03:29:02 INF] 【直播间】11732699 的第 69 个心跳包发送成功
[03:29:03 INF] 【直播间】91164 的第 69 个心跳包发送成功
[03:29:04 INF] 【直播间】7184632 的第 69 个心跳包发送成功
[03:29:06 INF] 【直播间】929670 的第 69 个心跳包发送成功
[03:29:07 INF] 【直播间】23447660 的第 69 个心跳包发送成功
[03:29:08 INF] 【直播间】22764265 的第 69 个心跳包发送成功
[03:30:01 ERR] 【心跳包】直播间 23357926 发送失败
[03:30:01 ERR] 【原因】time check failed
[03:30:02 INF] 【直播间】23040372 的第 70 个心跳包发送成功
[03:30:03 INF] 【直播间】31494 的第 70 个心跳包发送成功
[03:30:05 ERR] 【心跳包】直播间 4015781 发送失败
[03:30:05 ERR] 【原因】time check failed
[03:30:06 ERR] 【心跳包】直播间 9619073 发送失败
[03:30:06 ERR] 【原因】time check failed
[03:30:07 INF] 【直播间】407149 的第 70 个心跳包发送成功
[03:30:08 INF] 【直播间】11732699 的第 70 个心跳包发送成功
[03:30:09 INF] 【直播间】91164 的第 70 个心跳包发送成功
[03:30:11 ERR] 【心跳包】直播间 7184632 发送失败
[03:30:11 ERR] 【原因】time check failed
[03:30:12 INF] 【直播间】929670 的第 70 个心跳包发送成功
[03:30:13 INF] 【直播间】23447660 的第 70 个心跳包发送成功
[03:30:14 INF] 【直播间】22764265 的第 70 个心跳包发送成功
[03:31:07 INF] 【直播间】23357926 的第 70 个心跳包发送成功
[03:31:09 ERR] 【心跳包】直播间 23040372 发送失败
[03:31:09 ERR] 【原因】time check failed
[03:31:10 ERR] 【心跳包】直播间 31494 发送失败
[03:31:10 ERR] 【原因】time check failed
[03:31:11 INF] 【直播间】4015781 的第 70 个心跳包发送成功
[03:31:12 INF] 【直播间】9619073 的第 70 个心跳包发送成功
[03:31:13 ERR] 【心跳包】直播间 407149 发送失败
[03:31:13 ERR] 【原因】time check failed
[03:31:15 ERR] 【心跳包】直播间 11732699 发送失败
[03:31:15 ERR] 【原因】time check failed
[03:31:16 ERR] 【心跳包】直播间 91164 发送失败
[03:31:16 ERR] 【原因】time check failed
[03:31:17 INF] 【直播间】7184632 的第 70 个心跳包发送成功
[03:31:18 INF] 【直播间】929670 的第 71 个心跳包发送成功
[03:31:20 INF] 【直播间】23447660 的第 71 个心跳包发送成功
[03:31:21 ERR] 【心跳包】直播间 22764265 发送失败
[03:31:21 ERR] 【原因】time check failed
[03:31:21 INF] 【直播观看时长】完成情况：12/12 
[03:31:21 INF] ---------结束---------

[03:31:21 INF] ==========结束==========

[03:31:21 INF] ######### 账号 3 #########

[03:31:21 INF] =====开始 直播间互动 =====

[03:31:21 INF] ---开始 发送弹幕 ---
[03:31:21 INF] 检测到直播 Cookie 未正确配置，尝试自动配置中...
[03:31:27 INF] 直播 Cookie 配置成功！
[03:31:27 INF] 【获取直播列表】获取拥有粉丝牌的直播列表
[03:31:30 ERR] 【获取直播列表】失败
[03:31:30 ERR] 【原因】账号未登录
[03:31:30 ERR] 发送弹幕失败，继续其他任务。失败信息:Object reference not set to an instance of an object.

[03:31:30 INF] -------结束-------

[03:31:30 INF] ---开始 点赞直播间 ---
[03:31:30 INF] 【获取直播列表】获取拥有粉丝牌的直播列表
[03:31:36 ERR] 【获取直播列表】失败
[03:31:36 ERR] 【原因】账号未登录
[03:31:36 ERR] 点赞直播间失败，继续其他任务。失败信息:Object reference not set to an instance of an object.

[03:31:36 INF] --------结束--------

[03:31:36 INF] ---开始 直播时长挂机 ---
[03:31:36 INF] 【获取直播列表】获取拥有粉丝牌的直播列表
[03:31:39 ERR] 【获取直播列表】失败
[03:31:39 ERR] 【原因】账号未登录
[03:31:39 ERR] 直播时长挂机失败，继续其他任务。失败信息:Object reference not set to an instance of an object.

[03:31:39 INF] ---------结束---------

[03:31:39 INF] ==========结束==========

[03:31:39 INF] 

========================

 v2.0.1 开源 by https://github.com/RayWangQvQ/BiliBiliToolPro

[03:31:39 INF] ·开始推送·LiveFansMedal任务·
2023-09-01T19:31:39.4090586Z 开始推送到:PushPlus
2023-09-01T19:31:40.4250140Z Response status: OK.
2023-09-01T19:31:40.4250664Z Response content: {"code":999,"msg":"发送内容过大，不能超过2万字","data":null}.

[03:31:40 INF] 运行环境：Development
[03:31:40 INF] 应用目录：/home/runner/work/BiliBiliToolPro/BiliBiliToolPro/src/Ray.BiliBiliTool.Console/bin/Debug/net6.0/

[03:31:40 INF] 运行结束
