----------- ip 信息 ---------
{
  "ip": "20.97.191.130",
  "city": "Boydton",
  "region": "Virginia",
  "country": "US",
  "loc": "36.6676,-78.3875",
  "org": "AS8075 Microsoft Corporation",
  "postal": "23917",
  "timezone": "America/New_York",
  "readme": "https://ipinfo.io/missingauth"
} ---------- end ------------
  ____               ____    _   _____           _  
 |  _ \ __ _ _   _  | __ ) _| |_|_   _|__   ___ | | 
 | |_) / _` | | | | |  _ \(_) (_) | |/ _ \ / _ \| | 
 |  _ < (_| | |_| | | |_) | | | | | | (_) | (_) | | 
 |_| \_\__,_|\__, | |____/|_|_|_| |_|\___/ \___/|_| 
             |___/                                  

[00:28:47 INF] BiliBiliToolPro 开始运行...

[00:28:47 INF] 【账号个数】3个

[00:28:47 INF] 随机休眠2分钟

[00:30:47 INF] 【目标任务】LiveFansMedal
[00:30:47 INF] ######### 账号 1 #########

[00:30:47 INF] =====开始 直播间互动 =====

[00:30:47 INF] ---开始 发送弹幕 ---
[00:30:47 INF] 检测到直播 Cookie 未正确配置，尝试自动配置中...
[00:30:53 INF] 直播 Cookie 配置成功！
[00:30:53 INF] 【获取直播列表】获取拥有粉丝牌的直播列表
[00:31:00 INF] 【主播】Mark陌枫 
[00:31:15 INF] 【主播】KL_qiqi_ 
[00:31:31 INF] 【主播】苏打baka 
[00:31:46 INF] 【直播间】Mark陌枫
[00:31:46 INF] 【粉丝牌】馬楓
[00:31:46 INF] 正在发送弹幕...
[00:31:49 INF] 【直播间】KL_qiqi_
[00:31:49 INF] 【粉丝牌】qiqisb
[00:31:49 INF] 正在发送弹幕...
[00:31:55 INF] 【直播间】苏打baka
[00:31:55 INF] 【粉丝牌】碳酸钠
[00:31:55 INF] 正在发送弹幕...
[00:32:00 INF] -------结束-------

[00:32:00 INF] ---开始 点赞直播间 ---
[00:32:00 INF] 【获取直播列表】获取拥有粉丝牌的直播列表
[00:32:03 INF] 【弹幕发送】成功~，你和主播 Mark陌枫 的亲密值增加了100！
[00:32:04 INF] 【弹幕发送】成功~，你和主播 KL_qiqi_ 的亲密值增加了100！
[00:32:05 INF] 【主播】Mark陌枫 
[00:32:08 INF] 【弹幕发送】成功~，你和主播 苏打baka 的亲密值增加了100！
[00:32:21 INF] 【主播】KL_qiqi_ 
[00:32:42 INF] 【主播】苏打baka 
[00:33:00 INF] 【点赞直播间】23357926 完成
[00:33:05 INF] 【点赞直播间】407149 完成
[00:33:11 INF] --------结束--------

[00:33:11 INF] ---开始 直播时长挂机 ---
[00:33:11 INF] 【获取直播列表】获取拥有粉丝牌的直播列表
[00:33:11 INF] 【点赞直播间】23040372 完成
[00:33:18 INF] 【主播】Mark陌枫 
[00:33:40 INF] 【主播】KL_qiqi_ 
[00:33:57 INF] 【主播】苏打baka 
[00:34:15 INF] 【直播间】23357926 的第 1 个心跳包发送成功
[00:34:16 INF] 【直播间】407149 的第 1 个心跳包发送成功
[00:34:17 INF] 【直播间】23040372 的第 1 个心跳包发送成功
[00:35:21 INF] 【直播间】23357926 的第 2 个心跳包发送成功
[00:35:22 INF] 【直播间】407149 的第 2 个心跳包发送成功
[00:35:24 INF] 【直播间】23040372 的第 2 个心跳包发送成功
[00:36:28 INF] 【直播间】23357926 的第 3 个心跳包发送成功
[00:36:29 INF] 【直播间】407149 的第 3 个心跳包发送成功
[00:36:30 INF] 【直播间】23040372 的第 3 个心跳包发送成功
[00:37:34 INF] 【直播间】23357926 的第 4 个心跳包发送成功
[00:37:35 INF] 【直播间】407149 的第 4 个心跳包发送成功
[00:37:37 INF] 【直播间】23040372 的第 4 个心跳包发送成功
[00:38:41 INF] 【直播间】23357926 的第 5 个心跳包发送成功
[00:38:42 INF] 【直播间】407149 的第 5 个心跳包发送成功
[00:38:43 INF] 【直播间】23040372 的第 5 个心跳包发送成功
[00:39:48 INF] 【直播间】23357926 的第 6 个心跳包发送成功
[00:39:49 INF] 【直播间】407149 的第 6 个心跳包发送成功
[00:39:50 INF] 【直播间】23040372 的第 6 个心跳包发送成功
[00:40:54 INF] 【直播间】23357926 的第 7 个心跳包发送成功
[00:40:55 INF] 【直播间】407149 的第 7 个心跳包发送成功
[00:40:57 INF] 【直播间】23040372 的第 7 个心跳包发送成功
[00:42:01 INF] 【直播间】23357926 的第 8 个心跳包发送成功
[00:42:02 INF] 【直播间】407149 的第 8 个心跳包发送成功
[00:42:03 INF] 【直播间】23040372 的第 8 个心跳包发送成功
[00:43:07 INF] 【直播间】23357926 的第 9 个心跳包发送成功
[00:43:08 INF] 【直播间】407149 的第 9 个心跳包发送成功
[00:43:10 INF] 【直播间】23040372 的第 9 个心跳包发送成功
[00:44:14 INF] 【直播间】23357926 的第 10 个心跳包发送成功
[00:44:15 INF] 【直播间】407149 的第 10 个心跳包发送成功
[00:44:16 INF] 【直播间】23040372 的第 10 个心跳包发送成功
[00:45:20 INF] 【直播间】23357926 的第 11 个心跳包发送成功
[00:45:22 INF] 【直播间】407149 的第 11 个心跳包发送成功
[00:45:23 INF] 【直播间】23040372 的第 11 个心跳包发送成功
[00:46:27 INF] 【直播间】23357926 的第 12 个心跳包发送成功
[00:46:28 INF] 【直播间】407149 的第 12 个心跳包发送成功
[00:46:30 INF] 【直播间】23040372 的第 12 个心跳包发送成功
[00:47:34 INF] 【直播间】23357926 的第 13 个心跳包发送成功
[00:47:35 INF] 【直播间】407149 的第 13 个心跳包发送成功
[00:47:36 INF] 【直播间】23040372 的第 13 个心跳包发送成功
[00:48:40 INF] 【直播间】23357926 的第 14 个心跳包发送成功
[00:48:41 INF] 【直播间】407149 的第 14 个心跳包发送成功
[00:48:43 INF] 【直播间】23040372 的第 14 个心跳包发送成功
[00:49:47 ERR] 【心跳包】直播间 23357926 发送失败
[00:49:47 ERR] 【原因】time check failed
[00:49:48 ERR] 【心跳包】直播间 407149 发送失败
[00:49:48 ERR] 【原因】time check failed
[00:49:49 ERR] 【心跳包】直播间 23040372 发送失败
[00:49:49 ERR] 【原因】time check failed
[00:50:53 INF] 【直播间】23357926 的第 15 个心跳包发送成功
[00:50:55 INF] 【直播间】407149 的第 15 个心跳包发送成功
[00:50:56 INF] 【直播间】23040372 的第 15 个心跳包发送成功
[00:52:00 INF] 【直播间】23357926 的第 16 个心跳包发送成功
[00:52:01 INF] 【直播间】407149 的第 16 个心跳包发送成功
[00:52:03 INF] 【直播间】23040372 的第 16 个心跳包发送成功
[00:53:07 INF] 【直播间】23357926 的第 17 个心跳包发送成功
[00:53:08 INF] 【直播间】407149 的第 17 个心跳包发送成功
[00:53:09 INF] 【直播间】23040372 的第 17 个心跳包发送成功
[00:54:13 INF] 【直播间】23357926 的第 18 个心跳包发送成功
[00:54:14 INF] 【直播间】407149 的第 18 个心跳包发送成功
[00:54:16 INF] 【直播间】23040372 的第 18 个心跳包发送成功
[00:55:20 INF] 【直播间】23357926 的第 19 个心跳包发送成功
[00:55:21 INF] 【直播间】407149 的第 19 个心跳包发送成功
[00:55:22 INF] 【直播间】23040372 的第 19 个心跳包发送成功
[00:56:26 INF] 【直播间】23357926 的第 20 个心跳包发送成功
[00:56:28 INF] 【直播间】407149 的第 20 个心跳包发送成功
[00:56:29 INF] 【直播间】23040372 的第 20 个心跳包发送成功
[00:57:33 INF] 【直播间】23357926 的第 21 个心跳包发送成功
[00:57:34 INF] 【直播间】407149 的第 21 个心跳包发送成功
[00:57:35 INF] 【直播间】23040372 的第 21 个心跳包发送成功
[00:58:40 INF] 【直播间】23357926 的第 22 个心跳包发送成功
[00:58:41 INF] 【直播间】407149 的第 22 个心跳包发送成功
[00:58:42 INF] 【直播间】23040372 的第 22 个心跳包发送成功
[00:59:46 INF] 【直播间】23357926 的第 23 个心跳包发送成功
[00:59:47 INF] 【直播间】407149 的第 23 个心跳包发送成功
[00:59:49 INF] 【直播间】23040372 的第 23 个心跳包发送成功
[01:00:53 INF] 【直播间】23357926 的第 24 个心跳包发送成功
[01:00:54 INF] 【直播间】407149 的第 24 个心跳包发送成功
[01:00:55 INF] 【直播间】23040372 的第 24 个心跳包发送成功
[01:01:59 INF] 【直播间】23357926 的第 25 个心跳包发送成功
[01:02:01 INF] 【直播间】407149 的第 25 个心跳包发送成功
[01:02:02 INF] 【直播间】23040372 的第 25 个心跳包发送成功
[01:03:06 INF] 【直播间】23357926 的第 26 个心跳包发送成功
[01:03:07 INF] 【直播间】407149 的第 26 个心跳包发送成功
[01:03:08 INF] 【直播间】23040372 的第 26 个心跳包发送成功
[01:04:13 INF] 【直播间】23357926 的第 27 个心跳包发送成功
[01:04:14 INF] 【直播间】407149 的第 27 个心跳包发送成功
[01:04:15 INF] 【直播间】23040372 的第 27 个心跳包发送成功
[01:05:20 ERR] 【心跳包】直播间 23357926 发送失败
[01:05:20 ERR] 【原因】time check failed
[01:05:21 ERR] 【心跳包】直播间 407149 发送失败
[01:05:21 ERR] 【原因】time check failed
[01:05:22 ERR] 【心跳包】直播间 23040372 发送失败
[01:05:22 ERR] 【原因】time check failed
[01:06:26 INF] 【直播间】23357926 的第 28 个心跳包发送成功
[01:06:27 INF] 【直播间】407149 的第 28 个心跳包发送成功
[01:06:29 INF] 【直播间】23040372 的第 28 个心跳包发送成功
[01:07:33 INF] 【直播间】23357926 的第 29 个心跳包发送成功
[01:07:34 INF] 【直播间】407149 的第 29 个心跳包发送成功
[01:07:35 INF] 【直播间】23040372 的第 29 个心跳包发送成功
[01:08:39 INF] 【直播间】23357926 的第 30 个心跳包发送成功
[01:08:41 INF] 【直播间】407149 的第 30 个心跳包发送成功
[01:08:42 INF] 【直播间】23040372 的第 30 个心跳包发送成功
[01:09:46 INF] 【直播间】23357926 的第 31 个心跳包发送成功
[01:09:48 INF] 【直播间】407149 的第 31 个心跳包发送成功
[01:09:49 INF] 【直播间】23040372 的第 31 个心跳包发送成功
[01:10:53 INF] 【直播间】23357926 的第 32 个心跳包发送成功
[01:10:54 INF] 【直播间】407149 的第 32 个心跳包发送成功
[01:10:55 INF] 【直播间】23040372 的第 32 个心跳包发送成功
[01:11:59 INF] 【直播间】23357926 的第 33 个心跳包发送成功
[01:12:01 INF] 【直播间】407149 的第 33 个心跳包发送成功
[01:12:02 INF] 【直播间】23040372 的第 33 个心跳包发送成功
[01:13:06 INF] 【直播间】23357926 的第 34 个心跳包发送成功
[01:13:07 INF] 【直播间】407149 的第 34 个心跳包发送成功
[01:13:08 INF] 【直播间】23040372 的第 34 个心跳包发送成功
[01:14:12 INF] 【直播间】23357926 的第 35 个心跳包发送成功
[01:14:14 INF] 【直播间】407149 的第 35 个心跳包发送成功
[01:14:15 INF] 【直播间】23040372 的第 35 个心跳包发送成功
[01:15:19 INF] 【直播间】23357926 的第 36 个心跳包发送成功
[01:15:21 INF] 【直播间】407149 的第 36 个心跳包发送成功
[01:15:22 INF] 【直播间】23040372 的第 36 个心跳包发送成功
[01:16:26 INF] 【直播间】23357926 的第 37 个心跳包发送成功
[01:16:27 INF] 【直播间】407149 的第 37 个心跳包发送成功
[01:16:28 INF] 【直播间】23040372 的第 37 个心跳包发送成功
[01:17:32 INF] 【直播间】23357926 的第 38 个心跳包发送成功
[01:17:34 INF] 【直播间】407149 的第 38 个心跳包发送成功
[01:17:35 INF] 【直播间】23040372 的第 38 个心跳包发送成功
[01:18:39 INF] 【直播间】23357926 的第 39 个心跳包发送成功
[01:18:40 INF] 【直播间】407149 的第 39 个心跳包发送成功
[01:18:41 INF] 【直播间】23040372 的第 39 个心跳包发送成功
[01:19:45 INF] 【直播间】23357926 的第 40 个心跳包发送成功
[01:19:47 INF] 【直播间】407149 的第 40 个心跳包发送成功
[01:19:48 INF] 【直播间】23040372 的第 40 个心跳包发送成功
[01:20:52 ERR] 【心跳包】直播间 23357926 发送失败
[01:20:52 ERR] 【原因】time check failed
[01:20:53 ERR] 【心跳包】直播间 407149 发送失败
[01:20:53 ERR] 【原因】time check failed
[01:20:55 ERR] 【心跳包】直播间 23040372 发送失败
[01:20:55 ERR] 【原因】time check failed
[01:21:59 INF] 【直播间】23357926 的第 41 个心跳包发送成功
[01:22:00 INF] 【直播间】407149 的第 41 个心跳包发送成功
[01:22:01 INF] 【直播间】23040372 的第 41 个心跳包发送成功
[01:23:05 INF] 【直播间】23357926 的第 42 个心跳包发送成功
[01:23:07 INF] 【直播间】407149 的第 42 个心跳包发送成功
[01:23:08 INF] 【直播间】23040372 的第 42 个心跳包发送成功
[01:24:12 INF] 【直播间】23357926 的第 43 个心跳包发送成功
[01:24:13 INF] 【直播间】407149 的第 43 个心跳包发送成功
[01:24:14 INF] 【直播间】23040372 的第 43 个心跳包发送成功
[01:25:18 INF] 【直播间】23357926 的第 44 个心跳包发送成功
[01:25:20 INF] 【直播间】407149 的第 44 个心跳包发送成功
[01:25:21 INF] 【直播间】23040372 的第 44 个心跳包发送成功
[01:26:25 INF] 【直播间】23357926 的第 45 个心跳包发送成功
[01:26:26 INF] 【直播间】407149 的第 45 个心跳包发送成功
[01:26:28 INF] 【直播间】23040372 的第 45 个心跳包发送成功
[01:27:32 INF] 【直播间】23357926 的第 46 个心跳包发送成功
[01:27:33 INF] 【直播间】407149 的第 46 个心跳包发送成功
[01:27:34 INF] 【直播间】23040372 的第 46 个心跳包发送成功
[01:28:38 INF] 【直播间】23357926 的第 47 个心跳包发送成功
[01:28:40 INF] 【直播间】407149 的第 47 个心跳包发送成功
[01:28:41 INF] 【直播间】23040372 的第 47 个心跳包发送成功
[01:29:45 INF] 【直播间】23357926 的第 48 个心跳包发送成功
[01:29:46 INF] 【直播间】407149 的第 48 个心跳包发送成功
[01:29:47 INF] 【直播间】23040372 的第 48 个心跳包发送成功
[01:30:51 INF] 【直播间】23357926 的第 49 个心跳包发送成功
[01:30:53 INF] 【直播间】407149 的第 49 个心跳包发送成功
[01:30:54 INF] 【直播间】23040372 的第 49 个心跳包发送成功
[01:31:58 INF] 【直播间】23357926 的第 50 个心跳包发送成功
[01:31:59 INF] 【直播间】407149 的第 50 个心跳包发送成功
[01:32:01 INF] 【直播间】23040372 的第 50 个心跳包发送成功
[01:33:05 INF] 【直播间】23357926 的第 51 个心跳包发送成功
[01:33:06 INF] 【直播间】407149 的第 51 个心跳包发送成功
[01:33:07 INF] 【直播间】23040372 的第 51 个心跳包发送成功
[01:34:11 INF] 【直播间】23357926 的第 52 个心跳包发送成功
[01:34:13 INF] 【直播间】407149 的第 52 个心跳包发送成功
[01:34:14 INF] 【直播间】23040372 的第 52 个心跳包发送成功
[01:35:18 INF] 【直播间】23357926 的第 53 个心跳包发送成功
[01:35:19 INF] 【直播间】407149 的第 53 个心跳包发送成功
[01:35:20 INF] 【直播间】23040372 的第 53 个心跳包发送成功
[01:36:24 ERR] 【心跳包】直播间 23357926 发送失败
[01:36:24 ERR] 【原因】time check failed
[01:36:26 ERR] 【心跳包】直播间 407149 发送失败
[01:36:26 ERR] 【原因】time check failed
[01:36:27 ERR] 【心跳包】直播间 23040372 发送失败
[01:36:27 ERR] 【原因】time check failed
[01:37:31 INF] 【直播间】23357926 的第 54 个心跳包发送成功
[01:37:32 INF] 【直播间】407149 的第 54 个心跳包发送成功
[01:37:34 INF] 【直播间】23040372 的第 54 个心跳包发送成功
[01:38:38 INF] 【直播间】23357926 的第 55 个心跳包发送成功
[01:38:39 INF] 【直播间】407149 的第 55 个心跳包发送成功
[01:38:40 INF] 【直播间】23040372 的第 55 个心跳包发送成功
[01:39:44 INF] 【直播间】23357926 的第 56 个心跳包发送成功
[01:39:45 INF] 【直播间】407149 的第 56 个心跳包发送成功
[01:39:47 INF] 【直播间】23040372 的第 56 个心跳包发送成功
[01:40:51 INF] 【直播间】23357926 的第 57 个心跳包发送成功
[01:40:52 INF] 【直播间】407149 的第 57 个心跳包发送成功
[01:40:53 INF] 【直播间】23040372 的第 57 个心跳包发送成功
[01:41:57 INF] 【直播间】23357926 的第 58 个心跳包发送成功
[01:41:58 INF] 【直播间】407149 的第 58 个心跳包发送成功
[01:42:00 INF] 【直播间】23040372 的第 58 个心跳包发送成功
[01:43:04 INF] 【直播间】23357926 的第 59 个心跳包发送成功
[01:43:05 INF] 【直播间】407149 的第 59 个心跳包发送成功
[01:43:06 INF] 【直播间】23040372 的第 59 个心跳包发送成功
[01:44:10 INF] 【直播间】23357926 的第 60 个心跳包发送成功
[01:44:12 INF] 【直播间】407149 的第 60 个心跳包发送成功
[01:44:13 INF] 【直播间】23040372 的第 60 个心跳包发送成功
[01:45:17 INF] 【直播间】23357926 的第 61 个心跳包发送成功
[01:45:18 INF] 【直播间】407149 的第 61 个心跳包发送成功
[01:45:20 INF] 【直播间】23040372 的第 61 个心跳包发送成功
[01:46:24 INF] 【直播间】23357926 的第 62 个心跳包发送成功
[01:46:25 INF] 【直播间】407149 的第 62 个心跳包发送成功
[01:46:26 INF] 【直播间】23040372 的第 62 个心跳包发送成功
[01:47:30 INF] 【直播间】23357926 的第 63 个心跳包发送成功
[01:47:32 INF] 【直播间】407149 的第 63 个心跳包发送成功
[01:47:33 INF] 【直播间】23040372 的第 63 个心跳包发送成功
[01:48:37 INF] 【直播间】23357926 的第 64 个心跳包发送成功
[01:48:38 INF] 【直播间】407149 的第 64 个心跳包发送成功
[01:48:39 INF] 【直播间】23040372 的第 64 个心跳包发送成功
[01:49:43 INF] 【直播间】23357926 的第 65 个心跳包发送成功
[01:49:45 INF] 【直播间】407149 的第 65 个心跳包发送成功
[01:49:46 INF] 【直播间】23040372 的第 65 个心跳包发送成功
[01:50:50 INF] 【直播间】23357926 的第 66 个心跳包发送成功
[01:50:51 INF] 【直播间】407149 的第 66 个心跳包发送成功
[01:50:53 INF] 【直播间】23040372 的第 66 个心跳包发送成功
[01:51:57 ERR] 【心跳包】直播间 23357926 发送失败
[01:51:57 ERR] 【原因】time check failed
[01:51:58 ERR] 【心跳包】直播间 407149 发送失败
[01:51:58 ERR] 【原因】time check failed
[01:51:59 ERR] 【心跳包】直播间 23040372 发送失败
[01:51:59 ERR] 【原因】time check failed
[01:53:03 INF] 【直播间】23357926 的第 67 个心跳包发送成功
[01:53:04 INF] 【直播间】407149 的第 67 个心跳包发送成功
[01:53:06 INF] 【直播间】23040372 的第 67 个心跳包发送成功
[01:54:10 INF] 【直播间】23357926 的第 68 个心跳包发送成功
[01:54:11 INF] 【直播间】407149 的第 68 个心跳包发送成功
[01:54:13 INF] 【直播间】23040372 的第 68 个心跳包发送成功
[01:55:17 INF] 【直播间】23357926 的第 69 个心跳包发送成功
[01:55:18 INF] 【直播间】407149 的第 69 个心跳包发送成功
[01:55:19 INF] 【直播间】23040372 的第 69 个心跳包发送成功
[01:56:23 INF] 【直播间】23357926 的第 70 个心跳包发送成功
[01:56:25 INF] 【直播间】407149 的第 70 个心跳包发送成功
[01:56:26 INF] 【直播间】23040372 的第 70 个心跳包发送成功
[01:56:26 INF] 【直播观看时长】完成情况：3/3 
[01:56:26 INF] ---------结束---------

[01:56:26 INF] ==========结束==========

[01:56:26 INF] ######### 账号 2 #########

[01:56:26 INF] =====开始 直播间互动 =====

[01:56:26 INF] ---开始 发送弹幕 ---
[01:56:26 INF] 检测到直播 Cookie 未正确配置，尝试自动配置中...
[01:56:31 INF] 直播 Cookie 配置成功！
[01:56:31 INF] 【获取直播列表】获取拥有粉丝牌的直播列表
[01:56:38 INF] 【主播】Mark陌枫 
[01:56:54 INF] 【主播】苏打baka 
[01:57:11 INF] 【主播】特别中二的q3君 
[01:57:26 INF] 【主播】陈抱一 
[01:57:45 INF] 【主播】贪玩的小毅 
[01:58:03 INF] 【主播】KL_qiqi_ 
[01:58:18 INF] 【主播】记录生活的蛋黄派 
[01:58:35 INF] 【主播】悠悠球琛总 
[01:58:50 INF] 【主播】脏小豆 
[01:59:07 INF] 【主播】新石器公园 
[01:59:23 INF] 【主播】FoFTG 
[01:59:37 INF] 【主播】李船长笔记 
[01:59:58 INF] 【直播间】Mark陌枫
[01:59:58 INF] 【粉丝牌】馬楓
[01:59:58 INF] 正在发送弹幕...
[02:00:02 INF] 【直播间】苏打baka
[02:00:02 INF] 【粉丝牌】碳酸钠
[02:00:02 INF] 正在发送弹幕...
[02:00:09 INF] 【直播间】特别中二的q3君
[02:00:09 INF] 【粉丝牌】q3GG
[02:00:09 INF] 正在发送弹幕...
[02:00:14 INF] 【弹幕发送】成功~，你和主播 Mark陌枫 的亲密值增加了100！
[02:00:16 INF] 【直播间】陈抱一
[02:00:16 INF] 【粉丝牌】陈抱一
[02:00:16 INF] 正在发送弹幕...
[02:00:20 INF] 【直播间】贪玩的小毅
[02:00:20 INF] 【粉丝牌】大大毅
[02:00:20 INF] 正在发送弹幕...
[02:00:21 INF] 【弹幕发送】成功~，你和主播 苏打baka 的亲密值增加了100！
[02:00:23 INF] 【直播间】KL_qiqi_
[02:00:23 INF] 【粉丝牌】qiqisb
[02:00:23 INF] 正在发送弹幕...
[02:00:27 INF] 【弹幕发送】成功~，你和主播 特别中二的q3君 的亲密值增加了100！
[02:00:27 ERR] 【弹幕发送】失败
[02:00:27 ERR] 【原因】您发送弹幕的频率过快
[02:00:30 INF] 【直播间】记录生活的蛋黄派
[02:00:30 INF] 【粉丝牌】派派派
[02:00:30 INF] 正在发送弹幕...
[02:00:34 INF] 【弹幕发送】成功~，你和主播 贪玩的小毅 的亲密值增加了100！
[02:00:36 INF] 【直播间】悠悠球琛总
[02:00:36 INF] 【粉丝牌】i琛
[02:00:36 INF] 正在发送弹幕...
[02:00:42 INF] 【直播间】脏小豆
[02:00:42 INF] 【粉丝牌】豆豆浆
[02:00:42 INF] 正在发送弹幕...
[02:00:43 INF] 【弹幕发送】成功~，你和主播 KL_qiqi_ 的亲密值增加了100！
[02:00:45 INF] 【弹幕发送】成功~，你和主播 记录生活的蛋黄派 的亲密值增加了100！
[02:00:49 INF] 【直播间】新石器公园
[02:00:49 INF] 【粉丝牌】东园主
[02:00:49 INF] 正在发送弹幕...
[02:00:53 INF] 【弹幕发送】成功~，你和主播 悠悠球琛总 的亲密值增加了100！
[02:00:56 INF] 【直播间】FoFTG
[02:00:56 INF] 【粉丝牌】FOFTG
[02:00:56 INF] 正在发送弹幕...
[02:00:59 INF] 【弹幕发送】成功~，你和主播 脏小豆 的亲密值增加了100！
[02:01:00 INF] 【直播间】李船长笔记
[02:01:00 INF] 【粉丝牌】航海仕
[02:01:00 INF] 正在发送弹幕...
[02:01:04 INF] -------结束-------

[02:01:04 INF] ---开始 点赞直播间 ---
[02:01:04 INF] 【获取直播列表】获取拥有粉丝牌的直播列表
[02:01:07 INF] 【弹幕发送】成功~，你和主播 新石器公园 的亲密值增加了100！
[02:01:10 INF] 【弹幕发送】成功~，你和主播 FoFTG 的亲密值增加了100！
[02:01:10 INF] 【主播】Mark陌枫 
[02:01:16 INF] 【弹幕发送】成功~，你和主播 李船长笔记 的亲密值增加了100！
[02:01:30 INF] 【主播】苏打baka 
[02:01:50 INF] 【主播】特别中二的q3君 
[02:02:06 INF] 【主播】陈抱一 
[02:02:24 INF] 【主播】贪玩的小毅 
[02:02:47 INF] 【主播】KL_qiqi_ 
[02:03:05 INF] 【主播】记录生活的蛋黄派 
[02:03:22 INF] 【主播】悠悠球琛总 
[02:03:43 INF] 【主播】脏小豆 
[02:04:01 INF] 【主播】新石器公园 
[02:04:22 INF] 【主播】FoFTG 
[02:04:43 INF] 【主播】李船长笔记 
[02:05:04 INF] 【点赞直播间】23357926 完成
[02:05:11 INF] 【点赞直播间】23040372 完成
[02:05:17 INF] 【点赞直播间】31494 完成
[02:05:22 INF] 【点赞直播间】4015781 完成
[02:05:28 INF] 【点赞直播间】9619073 完成
[02:05:32 INF] 【点赞直播间】407149 完成
[02:05:38 INF] 【点赞直播间】11732699 完成
[02:05:41 INF] 【点赞直播间】7184632 完成
[02:05:48 INF] 【点赞直播间】929670 完成
[02:05:55 INF] 【点赞直播间】23447660 完成
[02:05:59 INF] 【点赞直播间】91164 完成
[02:06:06 INF] --------结束--------

[02:06:06 INF] ---开始 直播时长挂机 ---
[02:06:06 INF] 【获取直播列表】获取拥有粉丝牌的直播列表
[02:06:07 INF] 【点赞直播间】22764265 完成
[02:06:11 INF] 【主播】Mark陌枫 
[02:06:26 INF] 【主播】苏打baka 
[02:06:39 INF] 【主播】特别中二的q3君 
[02:06:56 INF] 【主播】陈抱一 
[02:07:17 INF] 【主播】贪玩的小毅 
[02:07:35 INF] 【主播】KL_qiqi_ 
[02:07:49 INF] 【主播】记录生活的蛋黄派 
[02:08:05 INF] 【主播】悠悠球琛总 
[02:08:25 INF] 【主播】脏小豆 
[02:08:44 INF] 【主播】新石器公园 
[02:09:00 INF] 【主播】FoFTG 
[02:09:12 INF] 【主播】李船长笔记 
[02:09:31 INF] 【直播间】23357926 的第 1 个心跳包发送成功
[02:09:33 INF] 【直播间】23040372 的第 1 个心跳包发送成功
[02:09:34 INF] 【直播间】31494 的第 1 个心跳包发送成功
[02:09:35 INF] 【直播间】4015781 的第 1 个心跳包发送成功
[02:09:36 INF] 【直播间】9619073 的第 1 个心跳包发送成功
[02:09:38 INF] 【直播间】407149 的第 1 个心跳包发送成功
[02:09:39 INF] 【直播间】11732699 的第 1 个心跳包发送成功
[02:09:40 INF] 【直播间】7184632 的第 1 个心跳包发送成功
[02:09:42 INF] 【直播间】929670 的第 1 个心跳包发送成功
[02:09:43 INF] 【直播间】23447660 的第 1 个心跳包发送成功
[02:09:44 INF] 【直播间】91164 的第 1 个心跳包发送成功
[02:09:45 INF] 【直播间】22764265 的第 1 个心跳包发送成功
[02:10:38 INF] 【直播间】23357926 的第 2 个心跳包发送成功
[02:10:39 INF] 【直播间】23040372 的第 2 个心跳包发送成功
[02:10:40 INF] 【直播间】31494 的第 2 个心跳包发送成功
[02:10:42 INF] 【直播间】4015781 的第 2 个心跳包发送成功
[02:10:43 INF] 【直播间】9619073 的第 2 个心跳包发送成功
[02:10:44 INF] 【直播间】407149 的第 2 个心跳包发送成功
[02:10:45 INF] 【直播间】11732699 的第 2 个心跳包发送成功
[02:10:47 INF] 【直播间】7184632 的第 2 个心跳包发送成功
[02:10:48 INF] 【直播间】929670 的第 2 个心跳包发送成功
[02:10:49 INF] 【直播间】23447660 的第 2 个心跳包发送成功
[02:10:50 INF] 【直播间】91164 的第 2 个心跳包发送成功
[02:10:52 INF] 【直播间】22764265 的第 2 个心跳包发送成功
[02:11:45 INF] 【直播间】23357926 的第 3 个心跳包发送成功
[02:11:46 INF] 【直播间】23040372 的第 3 个心跳包发送成功
[02:11:47 INF] 【直播间】31494 的第 3 个心跳包发送成功
[02:11:48 INF] 【直播间】4015781 的第 3 个心跳包发送成功
[02:11:50 INF] 【直播间】9619073 的第 3 个心跳包发送成功
[02:11:51 INF] 【直播间】407149 的第 3 个心跳包发送成功
[02:11:52 INF] 【直播间】11732699 的第 3 个心跳包发送成功
[02:11:53 INF] 【直播间】7184632 的第 3 个心跳包发送成功
[02:11:55 INF] 【直播间】929670 的第 3 个心跳包发送成功
[02:11:56 INF] 【直播间】23447660 的第 3 个心跳包发送成功
[02:11:57 INF] 【直播间】91164 的第 3 个心跳包发送成功
[02:11:59 INF] 【直播间】22764265 的第 3 个心跳包发送成功
[02:12:51 INF] 【直播间】23357926 的第 4 个心跳包发送成功
[02:12:52 INF] 【直播间】23040372 的第 4 个心跳包发送成功
[02:12:54 INF] 【直播间】31494 的第 4 个心跳包发送成功
[02:12:55 INF] 【直播间】4015781 的第 4 个心跳包发送成功
[02:12:56 INF] 【直播间】9619073 的第 4 个心跳包发送成功
[02:12:57 INF] 【直播间】407149 的第 4 个心跳包发送成功
[02:12:59 INF] 【直播间】11732699 的第 4 个心跳包发送成功
[02:13:00 INF] 【直播间】7184632 的第 4 个心跳包发送成功
[02:13:01 INF] 【直播间】929670 的第 4 个心跳包发送成功
[02:13:03 INF] 【直播间】23447660 的第 4 个心跳包发送成功
[02:13:04 INF] 【直播间】91164 的第 4 个心跳包发送成功
[02:13:05 INF] 【直播间】22764265 的第 4 个心跳包发送成功
[02:13:58 INF] 【直播间】23357926 的第 5 个心跳包发送成功
[02:13:59 INF] 【直播间】23040372 的第 5 个心跳包发送成功
[02:14:00 INF] 【直播间】31494 的第 5 个心跳包发送成功
[02:14:02 INF] 【直播间】4015781 的第 5 个心跳包发送成功
[02:14:03 INF] 【直播间】9619073 的第 5 个心跳包发送成功
[02:14:04 INF] 【直播间】407149 的第 5 个心跳包发送成功
[02:14:06 INF] 【直播间】11732699 的第 5 个心跳包发送成功
[02:14:07 INF] 【直播间】7184632 的第 5 个心跳包发送成功
[02:14:08 INF] 【直播间】929670 的第 5 个心跳包发送成功
[02:14:09 INF] 【直播间】23447660 的第 5 个心跳包发送成功
[02:14:11 INF] 【直播间】91164 的第 5 个心跳包发送成功
[02:14:12 INF] 【直播间】22764265 的第 5 个心跳包发送成功
[02:15:05 INF] 【直播间】23357926 的第 6 个心跳包发送成功
[02:15:06 INF] 【直播间】23040372 的第 6 个心跳包发送成功
[02:15:07 INF] 【直播间】31494 的第 6 个心跳包发送成功
[02:15:08 INF] 【直播间】4015781 的第 6 个心跳包发送成功
[02:15:10 INF] 【直播间】9619073 的第 6 个心跳包发送成功
[02:15:11 INF] 【直播间】407149 的第 6 个心跳包发送成功
[02:15:12 INF] 【直播间】11732699 的第 6 个心跳包发送成功
[02:15:13 INF] 【直播间】7184632 的第 6 个心跳包发送成功
[02:15:15 INF] 【直播间】929670 的第 6 个心跳包发送成功
[02:15:16 INF] 【直播间】23447660 的第 6 个心跳包发送成功
[02:15:17 INF] 【直播间】91164 的第 6 个心跳包发送成功
[02:15:18 INF] 【直播间】22764265 的第 6 个心跳包发送成功
[02:16:11 INF] 【直播间】23357926 的第 7 个心跳包发送成功
[02:16:12 INF] 【直播间】23040372 的第 7 个心跳包发送成功
[02:16:14 INF] 【直播间】31494 的第 7 个心跳包发送成功
[02:16:15 INF] 【直播间】4015781 的第 7 个心跳包发送成功
[02:16:16 INF] 【直播间】9619073 的第 7 个心跳包发送成功
[02:16:17 INF] 【直播间】407149 的第 7 个心跳包发送成功
[02:16:19 INF] 【直播间】11732699 的第 7 个心跳包发送成功
[02:16:20 INF] 【直播间】7184632 的第 7 个心跳包发送成功
[02:16:21 INF] 【直播间】929670 的第 7 个心跳包发送成功
[02:16:23 INF] 【直播间】23447660 的第 7 个心跳包发送成功
[02:16:24 INF] 【直播间】91164 的第 7 个心跳包发送成功
[02:16:25 INF] 【直播间】22764265 的第 7 个心跳包发送成功
[02:17:18 INF] 【直播间】23357926 的第 8 个心跳包发送成功
[02:17:19 INF] 【直播间】23040372 的第 8 个心跳包发送成功
[02:17:20 INF] 【直播间】31494 的第 8 个心跳包发送成功
[02:17:22 INF] 【直播间】4015781 的第 8 个心跳包发送成功
[02:17:23 INF] 【直播间】9619073 的第 8 个心跳包发送成功
[02:17:24 INF] 【直播间】407149 的第 8 个心跳包发送成功
[02:17:25 INF] 【直播间】11732699 的第 8 个心跳包发送成功
[02:17:27 INF] 【直播间】7184632 的第 8 个心跳包发送成功
[02:17:28 INF] 【直播间】929670 的第 8 个心跳包发送成功
[02:17:29 INF] 【直播间】23447660 的第 8 个心跳包发送成功
[02:17:30 INF] 【直播间】91164 的第 8 个心跳包发送成功
[02:17:32 INF] 【直播间】22764265 的第 8 个心跳包发送成功
[02:18:24 INF] 【直播间】23357926 的第 9 个心跳包发送成功
[02:18:26 INF] 【直播间】23040372 的第 9 个心跳包发送成功
[02:18:27 INF] 【直播间】31494 的第 9 个心跳包发送成功
[02:18:28 INF] 【直播间】4015781 的第 9 个心跳包发送成功
[02:18:29 INF] 【直播间】9619073 的第 9 个心跳包发送成功
[02:18:31 INF] 【直播间】407149 的第 9 个心跳包发送成功
[02:18:32 INF] 【直播间】11732699 的第 9 个心跳包发送成功
[02:18:33 INF] 【直播间】7184632 的第 9 个心跳包发送成功
[02:18:34 INF] 【直播间】929670 的第 9 个心跳包发送成功
[02:18:36 INF] 【直播间】23447660 的第 9 个心跳包发送成功
[02:18:37 INF] 【直播间】91164 的第 9 个心跳包发送成功
[02:18:38 INF] 【直播间】22764265 的第 9 个心跳包发送成功
[02:19:31 INF] 【直播间】23357926 的第 10 个心跳包发送成功
[02:19:32 INF] 【直播间】23040372 的第 10 个心跳包发送成功
[02:19:34 INF] 【直播间】31494 的第 10 个心跳包发送成功
[02:19:35 INF] 【直播间】4015781 的第 10 个心跳包发送成功
[02:19:36 INF] 【直播间】9619073 的第 10 个心跳包发送成功
[02:19:37 INF] 【直播间】407149 的第 10 个心跳包发送成功
[02:19:39 INF] 【直播间】11732699 的第 10 个心跳包发送成功
[02:19:40 INF] 【直播间】7184632 的第 10 个心跳包发送成功
[02:19:41 INF] 【直播间】929670 的第 10 个心跳包发送成功
[02:19:42 INF] 【直播间】23447660 的第 10 个心跳包发送成功
[02:19:44 INF] 【直播间】91164 的第 10 个心跳包发送成功
[02:19:45 INF] 【直播间】22764265 的第 10 个心跳包发送成功
[02:20:38 INF] 【直播间】23357926 的第 11 个心跳包发送成功
[02:20:39 INF] 【直播间】23040372 的第 11 个心跳包发送成功
[02:20:40 INF] 【直播间】31494 的第 11 个心跳包发送成功
[02:20:42 INF] 【直播间】4015781 的第 11 个心跳包发送成功
[02:20:43 INF] 【直播间】9619073 的第 11 个心跳包发送成功
[02:20:44 INF] 【直播间】407149 的第 11 个心跳包发送成功
[02:20:46 INF] 【直播间】11732699 的第 11 个心跳包发送成功
[02:20:47 INF] 【直播间】7184632 的第 11 个心跳包发送成功
[02:20:48 INF] 【直播间】929670 的第 11 个心跳包发送成功
[02:20:50 INF] 【直播间】23447660 的第 11 个心跳包发送成功
[02:20:51 INF] 【直播间】91164 的第 11 个心跳包发送成功
[02:20:52 INF] 【直播间】22764265 的第 11 个心跳包发送成功
[02:21:44 INF] 【直播间】23357926 的第 12 个心跳包发送成功
[02:21:46 INF] 【直播间】23040372 的第 12 个心跳包发送成功
[02:21:47 INF] 【直播间】31494 的第 12 个心跳包发送成功
[02:21:48 INF] 【直播间】4015781 的第 12 个心跳包发送成功
[02:21:50 INF] 【直播间】9619073 的第 12 个心跳包发送成功
[02:21:51 INF] 【直播间】407149 的第 12 个心跳包发送成功
[02:21:52 INF] 【直播间】11732699 的第 12 个心跳包发送成功
[02:21:53 INF] 【直播间】7184632 的第 12 个心跳包发送成功
[02:21:55 INF] 【直播间】929670 的第 12 个心跳包发送成功
[02:21:56 INF] 【直播间】23447660 的第 12 个心跳包发送成功
[02:21:57 INF] 【直播间】91164 的第 12 个心跳包发送成功
[02:21:58 INF] 【直播间】22764265 的第 12 个心跳包发送成功
[02:22:51 INF] 【直播间】23357926 的第 13 个心跳包发送成功
[02:22:52 INF] 【直播间】23040372 的第 13 个心跳包发送成功
[02:22:53 INF] 【直播间】31494 的第 13 个心跳包发送成功
[02:22:55 INF] 【直播间】4015781 的第 13 个心跳包发送成功
[02:22:56 INF] 【直播间】9619073 的第 13 个心跳包发送成功
[02:22:57 INF] 【直播间】407149 的第 13 个心跳包发送成功
[02:22:59 INF] 【直播间】11732699 的第 13 个心跳包发送成功
[02:23:00 INF] 【直播间】7184632 的第 13 个心跳包发送成功
[02:23:01 INF] 【直播间】929670 的第 13 个心跳包发送成功
[02:23:02 INF] 【直播间】23447660 的第 13 个心跳包发送成功
[02:23:04 INF] 【直播间】91164 的第 13 个心跳包发送成功
[02:23:05 INF] 【直播间】22764265 的第 13 个心跳包发送成功
[02:23:57 INF] 【直播间】23357926 的第 14 个心跳包发送成功
[02:23:59 INF] 【直播间】23040372 的第 14 个心跳包发送成功
[02:24:00 INF] 【直播间】31494 的第 14 个心跳包发送成功
[02:24:01 INF] 【直播间】4015781 的第 14 个心跳包发送成功
[02:24:02 INF] 【直播间】9619073 的第 14 个心跳包发送成功
[02:24:04 INF] 【直播间】407149 的第 14 个心跳包发送成功
[02:24:05 INF] 【直播间】11732699 的第 14 个心跳包发送成功
[02:24:06 INF] 【直播间】7184632 的第 14 个心跳包发送成功
[02:24:08 INF] 【直播间】929670 的第 14 个心跳包发送成功
[02:24:09 INF] 【直播间】23447660 的第 14 个心跳包发送成功
[02:24:10 INF] 【直播间】91164 的第 14 个心跳包发送成功
[02:24:11 INF] 【直播间】22764265 的第 14 个心跳包发送成功
[02:25:04 ERR] 【心跳包】直播间 23357926 发送失败
[02:25:04 ERR] 【原因】time check failed
[02:25:05 ERR] 【心跳包】直播间 23040372 发送失败
[02:25:05 ERR] 【原因】time check failed
[02:25:07 ERR] 【心跳包】直播间 31494 发送失败
[02:25:07 ERR] 【原因】time check failed
[02:25:08 ERR] 【心跳包】直播间 4015781 发送失败
[02:25:08 ERR] 【原因】time check failed
[02:25:09 ERR] 【心跳包】直播间 9619073 发送失败
[02:25:09 ERR] 【原因】time check failed
[02:25:10 ERR] 【心跳包】直播间 407149 发送失败
[02:25:10 ERR] 【原因】time check failed
[02:25:12 ERR] 【心跳包】直播间 11732699 发送失败
[02:25:12 ERR] 【原因】time check failed
[02:25:13 ERR] 【心跳包】直播间 7184632 发送失败
[02:25:13 ERR] 【原因】time check failed
[02:25:14 ERR] 【心跳包】直播间 929670 发送失败
[02:25:14 ERR] 【原因】time check failed
[02:25:15 ERR] 【心跳包】直播间 23447660 发送失败
[02:25:15 ERR] 【原因】time check failed
[02:25:17 ERR] 【心跳包】直播间 91164 发送失败
[02:25:17 ERR] 【原因】time check failed
[02:25:18 ERR] 【心跳包】直播间 22764265 发送失败
[02:25:18 ERR] 【原因】time check failed
[02:26:11 INF] 【直播间】23357926 的第 15 个心跳包发送成功
[02:26:12 INF] 【直播间】23040372 的第 15 个心跳包发送成功
[02:26:13 INF] 【直播间】31494 的第 15 个心跳包发送成功
[02:26:15 INF] 【直播间】4015781 的第 15 个心跳包发送成功
[02:26:16 INF] 【直播间】9619073 的第 15 个心跳包发送成功
[02:26:17 INF] 【直播间】407149 的第 15 个心跳包发送成功
[02:26:18 INF] 【直播间】11732699 的第 15 个心跳包发送成功
[02:26:20 INF] 【直播间】7184632 的第 15 个心跳包发送成功
[02:26:21 INF] 【直播间】929670 的第 15 个心跳包发送成功
[02:26:22 INF] 【直播间】23447660 的第 15 个心跳包发送成功
[02:26:23 INF] 【直播间】91164 的第 15 个心跳包发送成功
[02:26:25 INF] 【直播间】22764265 的第 15 个心跳包发送成功
[02:27:17 INF] 【直播间】23357926 的第 16 个心跳包发送成功
[02:27:19 INF] 【直播间】23040372 的第 16 个心跳包发送成功
[02:27:20 INF] 【直播间】31494 的第 16 个心跳包发送成功
[02:27:21 INF] 【直播间】4015781 的第 16 个心跳包发送成功
[02:27:23 INF] 【直播间】9619073 的第 16 个心跳包发送成功
[02:27:24 INF] 【直播间】407149 的第 16 个心跳包发送成功
[02:27:25 INF] 【直播间】11732699 的第 16 个心跳包发送成功
[02:27:27 INF] 【直播间】7184632 的第 16 个心跳包发送成功
[02:27:28 INF] 【直播间】929670 的第 16 个心跳包发送成功
[02:27:29 INF] 【直播间】23447660 的第 16 个心跳包发送成功
[02:27:31 INF] 【直播间】91164 的第 16 个心跳包发送成功
[02:27:32 INF] 【直播间】22764265 的第 16 个心跳包发送成功
[02:28:24 INF] 【直播间】23357926 的第 17 个心跳包发送成功
[02:28:25 INF] 【直播间】23040372 的第 17 个心跳包发送成功
[02:28:26 INF] 【直播间】31494 的第 17 个心跳包发送成功
[02:28:28 INF] 【直播间】4015781 的第 17 个心跳包发送成功
[02:28:29 INF] 【直播间】9619073 的第 17 个心跳包发送成功
[02:28:31 INF] 【直播间】407149 的第 17 个心跳包发送成功
[02:28:32 INF] 【直播间】11732699 的第 17 个心跳包发送成功
[02:28:33 INF] 【直播间】7184632 的第 17 个心跳包发送成功
[02:28:34 INF] 【直播间】929670 的第 17 个心跳包发送成功
[02:28:36 INF] 【直播间】23447660 的第 17 个心跳包发送成功
[02:28:37 INF] 【直播间】91164 的第 17 个心跳包发送成功
[02:28:38 INF] 【直播间】22764265 的第 17 个心跳包发送成功
[02:29:30 INF] 【直播间】23357926 的第 18 个心跳包发送成功
[02:29:32 INF] 【直播间】23040372 的第 18 个心跳包发送成功
[02:29:33 INF] 【直播间】31494 的第 18 个心跳包发送成功
[02:29:34 INF] 【直播间】4015781 的第 18 个心跳包发送成功
[02:29:36 INF] 【直播间】9619073 的第 18 个心跳包发送成功
[02:29:37 INF] 【直播间】407149 的第 18 个心跳包发送成功
[02:29:38 INF] 【直播间】11732699 的第 18 个心跳包发送成功
[02:29:39 INF] 【直播间】7184632 的第 18 个心跳包发送成功
[02:29:41 INF] 【直播间】929670 的第 18 个心跳包发送成功
[02:29:42 INF] 【直播间】23447660 的第 18 个心跳包发送成功
[02:29:43 INF] 【直播间】91164 的第 18 个心跳包发送成功
[02:29:45 INF] 【直播间】22764265 的第 18 个心跳包发送成功
[02:30:37 INF] 【直播间】23357926 的第 19 个心跳包发送成功
[02:30:38 INF] 【直播间】23040372 的第 19 个心跳包发送成功
[02:30:40 INF] 【直播间】31494 的第 19 个心跳包发送成功
[02:30:41 INF] 【直播间】4015781 的第 19 个心跳包发送成功
[02:30:42 INF] 【直播间】9619073 的第 19 个心跳包发送成功
[02:30:43 INF] 【直播间】407149 的第 19 个心跳包发送成功
[02:30:45 INF] 【直播间】11732699 的第 19 个心跳包发送成功
[02:30:46 INF] 【直播间】7184632 的第 19 个心跳包发送成功
[02:30:47 INF] 【直播间】929670 的第 19 个心跳包发送成功
[02:30:48 INF] 【直播间】23447660 的第 19 个心跳包发送成功
[02:30:50 INF] 【直播间】91164 的第 19 个心跳包发送成功
[02:30:51 INF] 【直播间】22764265 的第 19 个心跳包发送成功
[02:31:44 INF] 【直播间】23357926 的第 20 个心跳包发送成功
[02:31:45 INF] 【直播间】23040372 的第 20 个心跳包发送成功
[02:31:46 INF] 【直播间】31494 的第 20 个心跳包发送成功
[02:31:47 INF] 【直播间】4015781 的第 20 个心跳包发送成功
[02:31:49 INF] 【直播间】9619073 的第 20 个心跳包发送成功
[02:31:50 INF] 【直播间】407149 的第 20 个心跳包发送成功
[02:31:51 INF] 【直播间】11732699 的第 20 个心跳包发送成功
[02:31:52 INF] 【直播间】7184632 的第 20 个心跳包发送成功
[02:31:54 INF] 【直播间】929670 的第 20 个心跳包发送成功
[02:31:55 INF] 【直播间】23447660 的第 20 个心跳包发送成功
[02:31:56 INF] 【直播间】91164 的第 20 个心跳包发送成功
[02:31:57 INF] 【直播间】22764265 的第 20 个心跳包发送成功
[02:32:50 INF] 【直播间】23357926 的第 21 个心跳包发送成功
[02:32:51 INF] 【直播间】23040372 的第 21 个心跳包发送成功
[02:32:53 INF] 【直播间】31494 的第 21 个心跳包发送成功
[02:32:54 INF] 【直播间】4015781 的第 21 个心跳包发送成功
[02:32:55 INF] 【直播间】9619073 的第 21 个心跳包发送成功
[02:32:57 INF] 【直播间】407149 的第 21 个心跳包发送成功
[02:32:58 INF] 【直播间】11732699 的第 21 个心跳包发送成功
[02:32:59 INF] 【直播间】7184632 的第 21 个心跳包发送成功
[02:33:01 INF] 【直播间】929670 的第 21 个心跳包发送成功
[02:33:02 INF] 【直播间】23447660 的第 21 个心跳包发送成功
[02:33:03 INF] 【直播间】91164 的第 21 个心跳包发送成功
[02:33:05 INF] 【直播间】22764265 的第 21 个心跳包发送成功
[02:33:57 INF] 【直播间】23357926 的第 22 个心跳包发送成功
[02:33:58 INF] 【直播间】23040372 的第 22 个心跳包发送成功
[02:33:59 INF] 【直播间】31494 的第 22 个心跳包发送成功
[02:34:00 INF] 【直播间】4015781 的第 22 个心跳包发送成功
[02:34:02 INF] 【直播间】9619073 的第 22 个心跳包发送成功
[02:34:03 INF] 【直播间】407149 的第 22 个心跳包发送成功
[02:34:04 INF] 【直播间】11732699 的第 22 个心跳包发送成功
[02:34:06 INF] 【直播间】7184632 的第 22 个心跳包发送成功
[02:34:07 INF] 【直播间】929670 的第 22 个心跳包发送成功
[02:34:08 INF] 【直播间】23447660 的第 22 个心跳包发送成功
[02:34:10 INF] 【直播间】91164 的第 22 个心跳包发送成功
[02:34:11 INF] 【直播间】22764265 的第 22 个心跳包发送成功
[02:35:03 INF] 【直播间】23357926 的第 23 个心跳包发送成功
[02:35:04 INF] 【直播间】23040372 的第 23 个心跳包发送成功
[02:35:06 INF] 【直播间】31494 的第 23 个心跳包发送成功
[02:35:07 INF] 【直播间】4015781 的第 23 个心跳包发送成功
[02:35:08 INF] 【直播间】9619073 的第 23 个心跳包发送成功
[02:35:09 INF] 【直播间】407149 的第 23 个心跳包发送成功
[02:35:11 INF] 【直播间】11732699 的第 23 个心跳包发送成功
[02:35:12 INF] 【直播间】7184632 的第 23 个心跳包发送成功
[02:35:13 INF] 【直播间】929670 的第 23 个心跳包发送成功
[02:35:15 INF] 【直播间】23447660 的第 23 个心跳包发送成功
[02:35:16 INF] 【直播间】91164 的第 23 个心跳包发送成功
[02:35:17 INF] 【直播间】22764265 的第 23 个心跳包发送成功
[02:36:10 INF] 【直播间】23357926 的第 24 个心跳包发送成功
[02:36:11 INF] 【直播间】23040372 的第 24 个心跳包发送成功
[02:36:12 INF] 【直播间】31494 的第 24 个心跳包发送成功
[02:36:14 INF] 【直播间】4015781 的第 24 个心跳包发送成功
[02:36:15 INF] 【直播间】9619073 的第 24 个心跳包发送成功
[02:36:16 INF] 【直播间】407149 的第 24 个心跳包发送成功
[02:36:18 INF] 【直播间】11732699 的第 24 个心跳包发送成功
[02:36:19 INF] 【直播间】7184632 的第 24 个心跳包发送成功
[02:36:20 INF] 【直播间】929670 的第 24 个心跳包发送成功
[02:36:21 INF] 【直播间】23447660 的第 24 个心跳包发送成功
[02:36:23 INF] 【直播间】91164 的第 24 个心跳包发送成功
[02:36:24 INF] 【直播间】22764265 的第 24 个心跳包发送成功
[02:37:16 INF] 【直播间】23357926 的第 25 个心跳包发送成功
[02:37:18 INF] 【直播间】23040372 的第 25 个心跳包发送成功
[02:37:19 INF] 【直播间】31494 的第 25 个心跳包发送成功
[02:37:20 INF] 【直播间】4015781 的第 25 个心跳包发送成功
[02:37:22 INF] 【直播间】9619073 的第 25 个心跳包发送成功
[02:37:23 INF] 【直播间】407149 的第 25 个心跳包发送成功
[02:37:24 INF] 【直播间】11732699 的第 25 个心跳包发送成功
[02:37:25 INF] 【直播间】7184632 的第 25 个心跳包发送成功
[02:37:27 INF] 【直播间】929670 的第 25 个心跳包发送成功
[02:37:28 INF] 【直播间】23447660 的第 25 个心跳包发送成功
[02:37:29 INF] 【直播间】91164 的第 25 个心跳包发送成功
[02:37:30 INF] 【直播间】22764265 的第 25 个心跳包发送成功
[02:38:23 INF] 【直播间】23357926 的第 26 个心跳包发送成功
[02:38:24 INF] 【直播间】23040372 的第 26 个心跳包发送成功
[02:38:26 INF] 【直播间】31494 的第 26 个心跳包发送成功
[02:38:27 INF] 【直播间】4015781 的第 26 个心跳包发送成功
[02:38:28 INF] 【直播间】9619073 的第 26 个心跳包发送成功
[02:38:30 INF] 【直播间】407149 的第 26 个心跳包发送成功
[02:38:31 INF] 【直播间】11732699 的第 26 个心跳包发送成功
[02:38:32 INF] 【直播间】7184632 的第 26 个心跳包发送成功
[02:38:33 INF] 【直播间】929670 的第 26 个心跳包发送成功
[02:38:35 INF] 【直播间】23447660 的第 26 个心跳包发送成功
[02:38:36 INF] 【直播间】91164 的第 26 个心跳包发送成功
[02:38:37 INF] 【直播间】22764265 的第 26 个心跳包发送成功
[02:39:30 INF] 【直播间】23357926 的第 27 个心跳包发送成功
[02:39:31 INF] 【直播间】23040372 的第 27 个心跳包发送成功
[02:39:32 INF] 【直播间】31494 的第 27 个心跳包发送成功
[02:39:33 INF] 【直播间】4015781 的第 27 个心跳包发送成功
[02:39:35 INF] 【直播间】9619073 的第 27 个心跳包发送成功
[02:39:36 INF] 【直播间】407149 的第 27 个心跳包发送成功
[02:39:37 INF] 【直播间】11732699 的第 27 个心跳包发送成功
[02:39:39 INF] 【直播间】7184632 的第 27 个心跳包发送成功
[02:39:40 INF] 【直播间】929670 的第 27 个心跳包发送成功
[02:39:41 INF] 【直播间】23447660 的第 27 个心跳包发送成功
[02:39:43 INF] 【直播间】91164 的第 27 个心跳包发送成功
[02:39:44 INF] 【直播间】22764265 的第 27 个心跳包发送成功
[02:40:36 ERR] 【心跳包】直播间 23357926 发送失败
[02:40:36 ERR] 【原因】time check failed
[02:40:37 ERR] 【心跳包】直播间 23040372 发送失败
[02:40:37 ERR] 【原因】time check failed
[02:40:39 ERR] 【心跳包】直播间 31494 发送失败
[02:40:39 ERR] 【原因】time check failed
[02:40:40 ERR] 【心跳包】直播间 4015781 发送失败
[02:40:40 ERR] 【原因】time check failed
[02:40:41 ERR] 【心跳包】直播间 9619073 发送失败
[02:40:41 ERR] 【原因】time check failed
[02:40:42 ERR] 【心跳包】直播间 407149 发送失败
[02:40:42 ERR] 【原因】time check failed
[02:40:44 ERR] 【心跳包】直播间 11732699 发送失败
[02:40:44 ERR] 【原因】time check failed
[02:40:45 ERR] 【心跳包】直播间 7184632 发送失败
[02:40:45 ERR] 【原因】time check failed
[02:40:46 ERR] 【心跳包】直播间 929670 发送失败
[02:40:46 ERR] 【原因】time check failed
[02:40:48 ERR] 【心跳包】直播间 23447660 发送失败
[02:40:48 ERR] 【原因】time check failed
[02:40:49 ERR] 【心跳包】直播间 91164 发送失败
[02:40:49 ERR] 【原因】time check failed
[02:40:50 ERR] 【心跳包】直播间 22764265 发送失败
[02:40:50 ERR] 【原因】time check failed
[02:41:43 INF] 【直播间】23357926 的第 28 个心跳包发送成功
[02:41:44 INF] 【直播间】23040372 的第 28 个心跳包发送成功
[02:41:45 INF] 【直播间】31494 的第 28 个心跳包发送成功
[02:41:47 INF] 【直播间】4015781 的第 28 个心跳包发送成功
[02:41:48 INF] 【直播间】9619073 的第 28 个心跳包发送成功
[02:41:49 INF] 【直播间】407149 的第 28 个心跳包发送成功
[02:41:50 INF] 【直播间】11732699 的第 28 个心跳包发送成功
[02:41:52 INF] 【直播间】7184632 的第 28 个心跳包发送成功
[02:41:53 INF] 【直播间】929670 的第 28 个心跳包发送成功
[02:41:54 INF] 【直播间】23447660 的第 28 个心跳包发送成功
[02:41:55 INF] 【直播间】91164 的第 28 个心跳包发送成功
[02:41:57 INF] 【直播间】22764265 的第 28 个心跳包发送成功
[02:42:49 INF] 【直播间】23357926 的第 29 个心跳包发送成功
[02:42:51 INF] 【直播间】23040372 的第 29 个心跳包发送成功
[02:42:52 INF] 【直播间】31494 的第 29 个心跳包发送成功
[02:42:53 INF] 【直播间】4015781 的第 29 个心跳包发送成功
[02:42:55 INF] 【直播间】9619073 的第 29 个心跳包发送成功
[02:42:56 INF] 【直播间】407149 的第 29 个心跳包发送成功
[02:42:57 INF] 【直播间】11732699 的第 29 个心跳包发送成功
[02:42:58 INF] 【直播间】7184632 的第 29 个心跳包发送成功
[02:43:00 INF] 【直播间】929670 的第 29 个心跳包发送成功
[02:43:01 INF] 【直播间】23447660 的第 29 个心跳包发送成功
[02:43:02 INF] 【直播间】91164 的第 29 个心跳包发送成功
[02:43:03 INF] 【直播间】22764265 的第 29 个心跳包发送成功
[02:43:56 INF] 【直播间】23357926 的第 30 个心跳包发送成功
[02:43:57 INF] 【直播间】23040372 的第 30 个心跳包发送成功
[02:43:59 INF] 【直播间】31494 的第 30 个心跳包发送成功
[02:44:00 INF] 【直播间】4015781 的第 30 个心跳包发送成功
[02:44:01 INF] 【直播间】9619073 的第 30 个心跳包发送成功
[02:44:03 INF] 【直播间】407149 的第 30 个心跳包发送成功
[02:44:04 INF] 【直播间】11732699 的第 30 个心跳包发送成功
[02:44:05 INF] 【直播间】7184632 的第 30 个心跳包发送成功
[02:44:06 INF] 【直播间】929670 的第 30 个心跳包发送成功
[02:44:08 INF] 【直播间】23447660 的第 30 个心跳包发送成功
[02:44:09 INF] 【直播间】91164 的第 30 个心跳包发送成功
[02:44:10 INF] 【直播间】22764265 的第 30 个心跳包发送成功
[02:45:03 INF] 【直播间】23357926 的第 31 个心跳包发送成功
[02:45:04 INF] 【直播间】23040372 的第 31 个心跳包发送成功
[02:45:05 INF] 【直播间】31494 的第 31 个心跳包发送成功
[02:45:06 INF] 【直播间】4015781 的第 31 个心跳包发送成功
[02:45:08 INF] 【直播间】9619073 的第 31 个心跳包发送成功
[02:45:09 INF] 【直播间】407149 的第 31 个心跳包发送成功
[02:45:10 INF] 【直播间】11732699 的第 31 个心跳包发送成功
[02:45:12 INF] 【直播间】7184632 的第 31 个心跳包发送成功
[02:45:13 INF] 【直播间】929670 的第 31 个心跳包发送成功
[02:45:14 INF] 【直播间】23447660 的第 31 个心跳包发送成功
[02:45:16 INF] 【直播间】91164 的第 31 个心跳包发送成功
[02:45:17 INF] 【直播间】22764265 的第 31 个心跳包发送成功
[02:46:09 INF] 【直播间】23357926 的第 32 个心跳包发送成功
[02:46:11 INF] 【直播间】23040372 的第 32 个心跳包发送成功
[02:46:12 INF] 【直播间】31494 的第 32 个心跳包发送成功
[02:46:13 INF] 【直播间】4015781 的第 32 个心跳包发送成功
[02:46:15 INF] 【直播间】9619073 的第 32 个心跳包发送成功
[02:46:16 INF] 【直播间】407149 的第 32 个心跳包发送成功
[02:46:17 INF] 【直播间】11732699 的第 32 个心跳包发送成功
[02:46:19 INF] 【直播间】7184632 的第 32 个心跳包发送成功
[02:46:20 INF] 【直播间】929670 的第 32 个心跳包发送成功
[02:46:21 INF] 【直播间】23447660 的第 32 个心跳包发送成功
[02:46:23 INF] 【直播间】91164 的第 32 个心跳包发送成功
[02:46:24 INF] 【直播间】22764265 的第 32 个心跳包发送成功
[02:47:16 INF] 【直播间】23357926 的第 33 个心跳包发送成功
[02:47:17 INF] 【直播间】23040372 的第 33 个心跳包发送成功
[02:47:18 INF] 【直播间】31494 的第 33 个心跳包发送成功
[02:47:20 INF] 【直播间】4015781 的第 33 个心跳包发送成功
[02:47:21 INF] 【直播间】9619073 的第 33 个心跳包发送成功
[02:47:22 INF] 【直播间】407149 的第 33 个心跳包发送成功
[02:47:24 INF] 【直播间】11732699 的第 33 个心跳包发送成功
[02:47:25 INF] 【直播间】7184632 的第 33 个心跳包发送成功
[02:47:26 INF] 【直播间】929670 的第 33 个心跳包发送成功
[02:47:28 INF] 【直播间】23447660 的第 33 个心跳包发送成功
[02:47:29 INF] 【直播间】91164 的第 33 个心跳包发送成功
[02:47:30 INF] 【直播间】22764265 的第 33 个心跳包发送成功
[02:48:23 INF] 【直播间】23357926 的第 34 个心跳包发送成功
[02:48:24 INF] 【直播间】23040372 的第 34 个心跳包发送成功
[02:48:25 INF] 【直播间】31494 的第 34 个心跳包发送成功
[02:48:27 INF] 【直播间】4015781 的第 34 个心跳包发送成功
[02:48:28 INF] 【直播间】9619073 的第 34 个心跳包发送成功
[02:48:29 INF] 【直播间】407149 的第 34 个心跳包发送成功
[02:48:30 INF] 【直播间】11732699 的第 34 个心跳包发送成功
[02:48:32 INF] 【直播间】7184632 的第 34 个心跳包发送成功
[02:48:33 INF] 【直播间】929670 的第 34 个心跳包发送成功
[02:48:34 INF] 【直播间】23447660 的第 34 个心跳包发送成功
[02:48:35 INF] 【直播间】91164 的第 34 个心跳包发送成功
[02:48:37 INF] 【直播间】22764265 的第 34 个心跳包发送成功
[02:49:29 INF] 【直播间】23357926 的第 35 个心跳包发送成功
[02:49:31 INF] 【直播间】23040372 的第 35 个心跳包发送成功
[02:49:32 INF] 【直播间】31494 的第 35 个心跳包发送成功
[02:49:33 INF] 【直播间】4015781 的第 35 个心跳包发送成功
[02:49:34 INF] 【直播间】9619073 的第 35 个心跳包发送成功
[02:49:36 INF] 【直播间】407149 的第 35 个心跳包发送成功
[02:49:37 INF] 【直播间】11732699 的第 35 个心跳包发送成功
[02:49:38 INF] 【直播间】7184632 的第 35 个心跳包发送成功
[02:49:39 INF] 【直播间】929670 的第 35 个心跳包发送成功
[02:49:41 INF] 【直播间】23447660 的第 35 个心跳包发送成功
[02:49:42 INF] 【直播间】91164 的第 35 个心跳包发送成功
[02:49:43 INF] 【直播间】22764265 的第 35 个心跳包发送成功
[02:50:36 INF] 【直播间】23357926 的第 36 个心跳包发送成功
[02:50:37 INF] 【直播间】23040372 的第 36 个心跳包发送成功
[02:50:38 INF] 【直播间】31494 的第 36 个心跳包发送成功
[02:50:39 INF] 【直播间】4015781 的第 36 个心跳包发送成功
[02:50:41 INF] 【直播间】9619073 的第 36 个心跳包发送成功
[02:50:42 INF] 【直播间】407149 的第 36 个心跳包发送成功
[02:50:43 INF] 【直播间】11732699 的第 36 个心跳包发送成功
[02:50:44 INF] 【直播间】7184632 的第 36 个心跳包发送成功
[02:50:46 INF] 【直播间】929670 的第 36 个心跳包发送成功
[02:50:47 INF] 【直播间】23447660 的第 36 个心跳包发送成功
[02:50:48 INF] 【直播间】91164 的第 36 个心跳包发送成功
[02:50:49 INF] 【直播间】22764265 的第 36 个心跳包发送成功
[02:51:42 INF] 【直播间】23357926 的第 37 个心跳包发送成功
[02:51:44 INF] 【直播间】23040372 的第 37 个心跳包发送成功
[02:51:45 INF] 【直播间】31494 的第 37 个心跳包发送成功
[02:51:46 INF] 【直播间】4015781 的第 37 个心跳包发送成功
[02:51:47 INF] 【直播间】9619073 的第 37 个心跳包发送成功
[02:51:49 INF] 【直播间】407149 的第 37 个心跳包发送成功
[02:51:50 INF] 【直播间】11732699 的第 37 个心跳包发送成功
[02:51:51 INF] 【直播间】7184632 的第 37 个心跳包发送成功
[02:51:52 INF] 【直播间】929670 的第 37 个心跳包发送成功
[02:51:54 INF] 【直播间】23447660 的第 37 个心跳包发送成功
[02:51:55 INF] 【直播间】91164 的第 37 个心跳包发送成功
[02:51:56 INF] 【直播间】22764265 的第 37 个心跳包发送成功
[02:52:49 INF] 【直播间】23357926 的第 38 个心跳包发送成功
[02:52:50 INF] 【直播间】23040372 的第 38 个心跳包发送成功
[02:52:51 INF] 【直播间】31494 的第 38 个心跳包发送成功
[02:52:53 INF] 【直播间】4015781 的第 38 个心跳包发送成功
[02:52:54 INF] 【直播间】9619073 的第 38 个心跳包发送成功
[02:52:55 INF] 【直播间】407149 的第 38 个心跳包发送成功
[02:52:56 INF] 【直播间】11732699 的第 38 个心跳包发送成功
[02:52:58 INF] 【直播间】7184632 的第 38 个心跳包发送成功
[02:52:59 INF] 【直播间】929670 的第 38 个心跳包发送成功
[02:53:00 INF] 【直播间】23447660 的第 38 个心跳包发送成功
[02:53:01 INF] 【直播间】91164 的第 38 个心跳包发送成功
[02:53:03 INF] 【直播间】22764265 的第 38 个心跳包发送成功
[02:53:55 INF] 【直播间】23357926 的第 39 个心跳包发送成功
[02:53:57 INF] 【直播间】23040372 的第 39 个心跳包发送成功
[02:53:58 INF] 【直播间】31494 的第 39 个心跳包发送成功
[02:53:59 INF] 【直播间】4015781 的第 39 个心跳包发送成功
[02:54:01 INF] 【直播间】9619073 的第 39 个心跳包发送成功
[02:54:02 INF] 【直播间】407149 的第 39 个心跳包发送成功
[02:54:03 INF] 【直播间】11732699 的第 39 个心跳包发送成功
[02:54:05 INF] 【直播间】7184632 的第 39 个心跳包发送成功
[02:54:06 INF] 【直播间】929670 的第 39 个心跳包发送成功
[02:54:07 INF] 【直播间】23447660 的第 39 个心跳包发送成功
[02:54:08 INF] 【直播间】91164 的第 39 个心跳包发送成功
[02:54:10 INF] 【直播间】22764265 的第 39 个心跳包发送成功
[02:55:02 INF] 【直播间】23357926 的第 40 个心跳包发送成功
[02:55:03 INF] 【直播间】23040372 的第 40 个心跳包发送成功
[02:55:05 INF] 【直播间】31494 的第 40 个心跳包发送成功
[02:55:06 INF] 【直播间】4015781 的第 40 个心跳包发送成功
[02:55:07 INF] 【直播间】9619073 的第 40 个心跳包发送成功
[02:55:08 INF] 【直播间】407149 的第 40 个心跳包发送成功
[02:55:10 INF] 【直播间】11732699 的第 40 个心跳包发送成功
[02:55:11 INF] 【直播间】7184632 的第 40 个心跳包发送成功
[02:55:12 INF] 【直播间】929670 的第 40 个心跳包发送成功
[02:55:14 INF] 【直播间】23447660 的第 40 个心跳包发送成功
[02:55:15 INF] 【直播间】91164 的第 40 个心跳包发送成功
[02:55:16 INF] 【直播间】22764265 的第 40 个心跳包发送成功
[02:56:09 ERR] 【心跳包】直播间 23357926 发送失败
[02:56:09 ERR] 【原因】time check failed
[02:56:10 ERR] 【心跳包】直播间 23040372 发送失败
[02:56:10 ERR] 【原因】time check failed
[02:56:11 ERR] 【心跳包】直播间 31494 发送失败
[02:56:11 ERR] 【原因】time check failed
[02:56:12 ERR] 【心跳包】直播间 4015781 发送失败
[02:56:12 ERR] 【原因】time check failed
[02:56:14 ERR] 【心跳包】直播间 9619073 发送失败
[02:56:14 ERR] 【原因】time check failed
[02:56:15 ERR] 【心跳包】直播间 407149 发送失败
[02:56:15 ERR] 【原因】time check failed
[02:56:16 ERR] 【心跳包】直播间 11732699 发送失败
[02:56:16 ERR] 【原因】time check failed
[02:56:17 ERR] 【心跳包】直播间 7184632 发送失败
[02:56:17 ERR] 【原因】time check failed
[02:56:19 ERR] 【心跳包】直播间 929670 发送失败
[02:56:19 ERR] 【原因】time check failed
[02:56:20 ERR] 【心跳包】直播间 23447660 发送失败
[02:56:20 ERR] 【原因】time check failed
[02:56:21 ERR] 【心跳包】直播间 91164 发送失败
[02:56:21 ERR] 【原因】time check failed
[02:56:23 ERR] 【心跳包】直播间 22764265 发送失败
[02:56:23 ERR] 【原因】time check failed
[02:57:16 INF] 【直播间】23357926 的第 41 个心跳包发送成功
[02:57:17 INF] 【直播间】23040372 的第 41 个心跳包发送成功
[02:57:18 INF] 【直播间】31494 的第 41 个心跳包发送成功
[02:57:19 INF] 【直播间】4015781 的第 41 个心跳包发送成功
[02:57:21 INF] 【直播间】9619073 的第 41 个心跳包发送成功
[02:57:22 INF] 【直播间】407149 的第 41 个心跳包发送成功
[02:57:23 INF] 【直播间】11732699 的第 41 个心跳包发送成功
[02:57:24 INF] 【直播间】7184632 的第 41 个心跳包发送成功
[02:57:26 INF] 【直播间】929670 的第 41 个心跳包发送成功
[02:57:27 INF] 【直播间】23447660 的第 41 个心跳包发送成功
[02:57:28 INF] 【直播间】91164 的第 41 个心跳包发送成功
[02:57:29 INF] 【直播间】22764265 的第 41 个心跳包发送成功
[02:58:22 INF] 【直播间】23357926 的第 42 个心跳包发送成功
[02:58:23 INF] 【直播间】23040372 的第 42 个心跳包发送成功
[02:58:25 INF] 【直播间】31494 的第 42 个心跳包发送成功
[02:58:26 INF] 【直播间】4015781 的第 42 个心跳包发送成功
[02:58:27 INF] 【直播间】9619073 的第 42 个心跳包发送成功
[02:58:28 INF] 【直播间】407149 的第 42 个心跳包发送成功
[02:58:30 INF] 【直播间】11732699 的第 42 个心跳包发送成功
[02:58:31 INF] 【直播间】7184632 的第 42 个心跳包发送成功
[02:58:32 INF] 【直播间】929670 的第 42 个心跳包发送成功
[02:58:33 INF] 【直播间】23447660 的第 42 个心跳包发送成功
[02:58:35 INF] 【直播间】91164 的第 42 个心跳包发送成功
[02:58:36 INF] 【直播间】22764265 的第 42 个心跳包发送成功
[02:59:29 INF] 【直播间】23357926 的第 43 个心跳包发送成功
[02:59:30 INF] 【直播间】23040372 的第 43 个心跳包发送成功
[02:59:31 INF] 【直播间】31494 的第 43 个心跳包发送成功
[02:59:33 INF] 【直播间】4015781 的第 43 个心跳包发送成功
[02:59:34 INF] 【直播间】9619073 的第 43 个心跳包发送成功
[02:59:35 INF] 【直播间】407149 的第 43 个心跳包发送成功
[02:59:36 INF] 【直播间】11732699 的第 43 个心跳包发送成功
[02:59:38 INF] 【直播间】7184632 的第 43 个心跳包发送成功
[02:59:39 INF] 【直播间】929670 的第 43 个心跳包发送成功
[02:59:40 INF] 【直播间】23447660 的第 43 个心跳包发送成功
[02:59:42 INF] 【直播间】91164 的第 43 个心跳包发送成功
[02:59:43 INF] 【直播间】22764265 的第 43 个心跳包发送成功
[03:00:35 INF] 【直播间】23357926 的第 44 个心跳包发送成功
[03:00:37 INF] 【直播间】23040372 的第 44 个心跳包发送成功
[03:00:38 INF] 【直播间】31494 的第 44 个心跳包发送成功
[03:00:39 INF] 【直播间】4015781 的第 44 个心跳包发送成功
[03:00:40 INF] 【直播间】9619073 的第 44 个心跳包发送成功
[03:00:42 INF] 【直播间】407149 的第 44 个心跳包发送成功
[03:00:43 INF] 【直播间】11732699 的第 44 个心跳包发送成功
[03:00:44 INF] 【直播间】7184632 的第 44 个心跳包发送成功
[03:00:45 INF] 【直播间】929670 的第 44 个心跳包发送成功
[03:00:47 INF] 【直播间】23447660 的第 44 个心跳包发送成功
[03:00:48 INF] 【直播间】91164 的第 44 个心跳包发送成功
[03:00:49 INF] 【直播间】22764265 的第 44 个心跳包发送成功
[03:01:42 INF] 【直播间】23357926 的第 45 个心跳包发送成功
[03:01:43 INF] 【直播间】23040372 的第 45 个心跳包发送成功
[03:01:44 INF] 【直播间】31494 的第 45 个心跳包发送成功
[03:01:46 INF] 【直播间】4015781 的第 45 个心跳包发送成功
[03:01:47 INF] 【直播间】9619073 的第 45 个心跳包发送成功
[03:01:48 INF] 【直播间】407149 的第 45 个心跳包发送成功
[03:01:50 INF] 【直播间】11732699 的第 45 个心跳包发送成功
[03:01:51 INF] 【直播间】7184632 的第 45 个心跳包发送成功
[03:01:52 INF] 【直播间】929670 的第 45 个心跳包发送成功
[03:01:54 INF] 【直播间】23447660 的第 45 个心跳包发送成功
[03:01:55 INF] 【直播间】91164 的第 45 个心跳包发送成功
[03:01:56 INF] 【直播间】22764265 的第 45 个心跳包发送成功
[03:02:49 INF] 【直播间】23357926 的第 46 个心跳包发送成功
[03:02:50 INF] 【直播间】23040372 的第 46 个心跳包发送成功
[03:02:51 INF] 【直播间】31494 的第 46 个心跳包发送成功
[03:02:52 INF] 【直播间】4015781 的第 46 个心跳包发送成功
[03:02:54 INF] 【直播间】9619073 的第 46 个心跳包发送成功
[03:02:55 INF] 【直播间】407149 的第 46 个心跳包发送成功
[03:02:56 INF] 【直播间】11732699 的第 46 个心跳包发送成功
[03:02:57 INF] 【直播间】7184632 的第 46 个心跳包发送成功
[03:02:59 INF] 【直播间】929670 的第 46 个心跳包发送成功
[03:03:00 INF] 【直播间】23447660 的第 46 个心跳包发送成功
[03:03:01 INF] 【直播间】91164 的第 46 个心跳包发送成功
[03:03:02 INF] 【直播间】22764265 的第 46 个心跳包发送成功
[03:03:55 INF] 【直播间】23357926 的第 47 个心跳包发送成功
[03:03:56 INF] 【直播间】23040372 的第 47 个心跳包发送成功
[03:03:58 INF] 【直播间】31494 的第 47 个心跳包发送成功
[03:03:59 INF] 【直播间】4015781 的第 47 个心跳包发送成功
[03:04:00 INF] 【直播间】9619073 的第 47 个心跳包发送成功
[03:04:01 INF] 【直播间】407149 的第 47 个心跳包发送成功
[03:04:03 INF] 【直播间】11732699 的第 47 个心跳包发送成功
[03:04:04 INF] 【直播间】7184632 的第 47 个心跳包发送成功
[03:04:05 INF] 【直播间】929670 的第 47 个心跳包发送成功
[03:04:06 INF] 【直播间】23447660 的第 47 个心跳包发送成功
[03:04:07 INF] 【直播间】91164 的第 47 个心跳包发送成功
[03:04:09 INF] 【直播间】22764265 的第 47 个心跳包发送成功
[03:05:02 INF] 【直播间】23357926 的第 48 个心跳包发送成功
[03:05:03 INF] 【直播间】23040372 的第 48 个心跳包发送成功
[03:05:04 INF] 【直播间】31494 的第 48 个心跳包发送成功
[03:05:05 INF] 【直播间】4015781 的第 48 个心跳包发送成功
[03:05:07 INF] 【直播间】9619073 的第 48 个心跳包发送成功
[03:05:08 INF] 【直播间】407149 的第 48 个心跳包发送成功
[03:05:09 INF] 【直播间】11732699 的第 48 个心跳包发送成功
[03:05:10 INF] 【直播间】7184632 的第 48 个心跳包发送成功
[03:05:12 INF] 【直播间】929670 的第 48 个心跳包发送成功
[03:05:13 INF] 【直播间】23447660 的第 48 个心跳包发送成功
[03:05:14 INF] 【直播间】91164 的第 48 个心跳包发送成功
[03:05:15 INF] 【直播间】22764265 的第 48 个心跳包发送成功
[03:06:08 INF] 【直播间】23357926 的第 49 个心跳包发送成功
[03:06:09 INF] 【直播间】23040372 的第 49 个心跳包发送成功
[03:06:11 INF] 【直播间】31494 的第 49 个心跳包发送成功
[03:06:12 INF] 【直播间】4015781 的第 49 个心跳包发送成功
[03:06:13 INF] 【直播间】9619073 的第 49 个心跳包发送成功
[03:06:14 INF] 【直播间】407149 的第 49 个心跳包发送成功
[03:06:16 INF] 【直播间】11732699 的第 49 个心跳包发送成功
[03:06:17 INF] 【直播间】7184632 的第 49 个心跳包发送成功
[03:06:18 INF] 【直播间】929670 的第 49 个心跳包发送成功
[03:06:19 INF] 【直播间】23447660 的第 49 个心跳包发送成功
[03:06:20 INF] 【直播间】91164 的第 49 个心跳包发送成功
[03:06:22 INF] 【直播间】22764265 的第 49 个心跳包发送成功
[03:07:15 INF] 【直播间】23357926 的第 50 个心跳包发送成功
[03:07:16 INF] 【直播间】23040372 的第 50 个心跳包发送成功
[03:07:17 INF] 【直播间】31494 的第 50 个心跳包发送成功
[03:07:18 INF] 【直播间】4015781 的第 50 个心跳包发送成功
[03:07:20 INF] 【直播间】9619073 的第 50 个心跳包发送成功
[03:07:21 INF] 【直播间】407149 的第 50 个心跳包发送成功
[03:07:22 INF] 【直播间】11732699 的第 50 个心跳包发送成功
[03:07:23 INF] 【直播间】7184632 的第 50 个心跳包发送成功
[03:07:25 INF] 【直播间】929670 的第 50 个心跳包发送成功
[03:07:26 INF] 【直播间】23447660 的第 50 个心跳包发送成功
[03:07:27 INF] 【直播间】91164 的第 50 个心跳包发送成功
[03:07:29 INF] 【直播间】22764265 的第 50 个心跳包发送成功
[03:08:21 INF] 【直播间】23357926 的第 51 个心跳包发送成功
[03:08:23 INF] 【直播间】23040372 的第 51 个心跳包发送成功
[03:08:24 INF] 【直播间】31494 的第 51 个心跳包发送成功
[03:08:25 INF] 【直播间】4015781 的第 51 个心跳包发送成功
[03:08:26 INF] 【直播间】9619073 的第 51 个心跳包发送成功
[03:08:28 INF] 【直播间】407149 的第 51 个心跳包发送成功
[03:08:29 INF] 【直播间】11732699 的第 51 个心跳包发送成功
[03:08:30 INF] 【直播间】7184632 的第 51 个心跳包发送成功
[03:08:31 INF] 【直播间】929670 的第 51 个心跳包发送成功
[03:08:33 INF] 【直播间】23447660 的第 51 个心跳包发送成功
[03:08:34 INF] 【直播间】91164 的第 51 个心跳包发送成功
[03:08:35 INF] 【直播间】22764265 的第 51 个心跳包发送成功
[03:09:28 INF] 【直播间】23357926 的第 52 个心跳包发送成功
[03:09:29 INF] 【直播间】23040372 的第 52 个心跳包发送成功
[03:09:30 INF] 【直播间】31494 的第 52 个心跳包发送成功
[03:09:32 INF] 【直播间】4015781 的第 52 个心跳包发送成功
[03:09:33 INF] 【直播间】9619073 的第 52 个心跳包发送成功
[03:09:34 INF] 【直播间】407149 的第 52 个心跳包发送成功
[03:09:35 INF] 【直播间】11732699 的第 52 个心跳包发送成功
[03:09:37 INF] 【直播间】7184632 的第 52 个心跳包发送成功
[03:09:38 INF] 【直播间】929670 的第 52 个心跳包发送成功
[03:09:39 INF] 【直播间】23447660 的第 52 个心跳包发送成功
[03:09:40 INF] 【直播间】91164 的第 52 个心跳包发送成功
[03:09:42 INF] 【直播间】22764265 的第 52 个心跳包发送成功
[03:10:35 INF] 【直播间】23357926 的第 53 个心跳包发送成功
[03:10:36 INF] 【直播间】23040372 的第 53 个心跳包发送成功
[03:10:37 INF] 【直播间】31494 的第 53 个心跳包发送成功
[03:10:38 INF] 【直播间】4015781 的第 53 个心跳包发送成功
[03:10:40 INF] 【直播间】9619073 的第 53 个心跳包发送成功
[03:10:41 INF] 【直播间】407149 的第 53 个心跳包发送成功
[03:10:42 INF] 【直播间】11732699 的第 53 个心跳包发送成功
[03:10:43 INF] 【直播间】7184632 的第 53 个心跳包发送成功
[03:10:45 INF] 【直播间】929670 的第 53 个心跳包发送成功
[03:10:46 INF] 【直播间】23447660 的第 53 个心跳包发送成功
[03:10:47 INF] 【直播间】91164 的第 53 个心跳包发送成功
[03:10:48 INF] 【直播间】22764265 的第 53 个心跳包发送成功
[03:11:41 ERR] 【心跳包】直播间 23357926 发送失败
[03:11:41 ERR] 【原因】time check failed
[03:11:42 ERR] 【心跳包】直播间 23040372 发送失败
[03:11:42 ERR] 【原因】time check failed
[03:11:44 ERR] 【心跳包】直播间 31494 发送失败
[03:11:44 ERR] 【原因】time check failed
[03:11:45 ERR] 【心跳包】直播间 4015781 发送失败
[03:11:45 ERR] 【原因】time check failed
[03:11:46 ERR] 【心跳包】直播间 9619073 发送失败
[03:11:46 ERR] 【原因】time check failed
[03:11:48 ERR] 【心跳包】直播间 407149 发送失败
[03:11:48 ERR] 【原因】time check failed
[03:11:49 ERR] 【心跳包】直播间 11732699 发送失败
[03:11:49 ERR] 【原因】time check failed
[03:11:50 ERR] 【心跳包】直播间 7184632 发送失败
[03:11:50 ERR] 【原因】time check failed
[03:11:51 ERR] 【心跳包】直播间 929670 发送失败
[03:11:51 ERR] 【原因】time check failed
[03:11:53 ERR] 【心跳包】直播间 23447660 发送失败
[03:11:53 ERR] 【原因】time check failed
[03:11:54 ERR] 【心跳包】直播间 91164 发送失败
[03:11:54 ERR] 【原因】time check failed
[03:11:55 ERR] 【心跳包】直播间 22764265 发送失败
[03:11:55 ERR] 【原因】time check failed
[03:12:48 INF] 【直播间】23357926 的第 54 个心跳包发送成功
[03:12:49 INF] 【直播间】23040372 的第 54 个心跳包发送成功
[03:12:50 INF] 【直播间】31494 的第 54 个心跳包发送成功
[03:12:51 INF] 【直播间】4015781 的第 54 个心跳包发送成功
[03:12:53 INF] 【直播间】9619073 的第 54 个心跳包发送成功
[03:12:54 INF] 【直播间】407149 的第 54 个心跳包发送成功
[03:12:55 INF] 【直播间】11732699 的第 54 个心跳包发送成功
[03:12:56 INF] 【直播间】7184632 的第 54 个心跳包发送成功
[03:12:58 INF] 【直播间】929670 的第 54 个心跳包发送成功
[03:12:59 INF] 【直播间】23447660 的第 54 个心跳包发送成功
[03:13:00 INF] 【直播间】91164 的第 54 个心跳包发送成功
[03:13:01 INF] 【直播间】22764265 的第 54 个心跳包发送成功
[03:13:54 INF] 【直播间】23357926 的第 55 个心跳包发送成功
[03:13:56 INF] 【直播间】23040372 的第 55 个心跳包发送成功
[03:13:57 INF] 【直播间】31494 的第 55 个心跳包发送成功
[03:13:58 INF] 【直播间】4015781 的第 55 个心跳包发送成功
[03:13:59 INF] 【直播间】9619073 的第 55 个心跳包发送成功
[03:14:01 INF] 【直播间】407149 的第 55 个心跳包发送成功
[03:14:02 INF] 【直播间】11732699 的第 55 个心跳包发送成功
[03:14:03 INF] 【直播间】7184632 的第 55 个心跳包发送成功
[03:14:05 INF] 【直播间】929670 的第 55 个心跳包发送成功
[03:14:06 INF] 【直播间】23447660 的第 55 个心跳包发送成功
[03:14:07 INF] 【直播间】91164 的第 55 个心跳包发送成功
[03:14:08 INF] 【直播间】22764265 的第 55 个心跳包发送成功
[03:15:01 INF] 【直播间】23357926 的第 56 个心跳包发送成功
[03:15:02 INF] 【直播间】23040372 的第 56 个心跳包发送成功
[03:15:03 INF] 【直播间】31494 的第 56 个心跳包发送成功
[03:15:05 INF] 【直播间】4015781 的第 56 个心跳包发送成功
[03:15:06 INF] 【直播间】9619073 的第 56 个心跳包发送成功
[03:15:07 INF] 【直播间】407149 的第 56 个心跳包发送成功
[03:15:08 INF] 【直播间】11732699 的第 56 个心跳包发送成功
[03:15:10 INF] 【直播间】7184632 的第 56 个心跳包发送成功
[03:15:11 INF] 【直播间】929670 的第 56 个心跳包发送成功
[03:15:12 INF] 【直播间】23447660 的第 56 个心跳包发送成功
[03:15:14 INF] 【直播间】91164 的第 56 个心跳包发送成功
[03:15:15 INF] 【直播间】22764265 的第 56 个心跳包发送成功
[03:16:08 INF] 【直播间】23357926 的第 57 个心跳包发送成功
[03:16:09 INF] 【直播间】23040372 的第 57 个心跳包发送成功
[03:16:10 INF] 【直播间】31494 的第 57 个心跳包发送成功
[03:16:11 INF] 【直播间】4015781 的第 57 个心跳包发送成功
[03:16:13 INF] 【直播间】9619073 的第 57 个心跳包发送成功
[03:16:14 INF] 【直播间】407149 的第 57 个心跳包发送成功
[03:16:15 INF] 【直播间】11732699 的第 57 个心跳包发送成功
[03:16:16 INF] 【直播间】7184632 的第 57 个心跳包发送成功
[03:16:18 INF] 【直播间】929670 的第 57 个心跳包发送成功
[03:16:19 INF] 【直播间】23447660 的第 57 个心跳包发送成功
[03:16:20 INF] 【直播间】91164 的第 57 个心跳包发送成功
[03:16:21 INF] 【直播间】22764265 的第 57 个心跳包发送成功
[03:17:14 INF] 【直播间】23357926 的第 58 个心跳包发送成功
[03:17:15 INF] 【直播间】23040372 的第 58 个心跳包发送成功
[03:17:17 INF] 【直播间】31494 的第 58 个心跳包发送成功
[03:17:18 INF] 【直播间】4015781 的第 58 个心跳包发送成功
[03:17:19 INF] 【直播间】9619073 的第 58 个心跳包发送成功
[03:17:21 INF] 【直播间】407149 的第 58 个心跳包发送成功
[03:17:22 INF] 【直播间】11732699 的第 58 个心跳包发送成功
[03:17:23 INF] 【直播间】7184632 的第 58 个心跳包发送成功
[03:17:24 INF] 【直播间】929670 的第 58 个心跳包发送成功
[03:17:25 INF] 【直播间】23447660 的第 58 个心跳包发送成功
[03:17:27 INF] 【直播间】91164 的第 58 个心跳包发送成功
[03:17:28 INF] 【直播间】22764265 的第 58 个心跳包发送成功
[03:18:21 INF] 【直播间】23357926 的第 59 个心跳包发送成功
[03:18:22 INF] 【直播间】23040372 的第 59 个心跳包发送成功
[03:18:23 INF] 【直播间】31494 的第 59 个心跳包发送成功
[03:18:24 INF] 【直播间】4015781 的第 59 个心跳包发送成功
[03:18:26 INF] 【直播间】9619073 的第 59 个心跳包发送成功
[03:18:27 INF] 【直播间】407149 的第 59 个心跳包发送成功
[03:18:28 INF] 【直播间】11732699 的第 59 个心跳包发送成功
[03:18:29 INF] 【直播间】7184632 的第 59 个心跳包发送成功
[03:18:31 INF] 【直播间】929670 的第 59 个心跳包发送成功
[03:18:32 INF] 【直播间】23447660 的第 59 个心跳包发送成功
[03:18:33 INF] 【直播间】91164 的第 59 个心跳包发送成功
[03:18:34 INF] 【直播间】22764265 的第 59 个心跳包发送成功
[03:19:27 INF] 【直播间】23357926 的第 60 个心跳包发送成功
[03:19:28 INF] 【直播间】23040372 的第 60 个心跳包发送成功
[03:19:30 INF] 【直播间】31494 的第 60 个心跳包发送成功
[03:19:31 INF] 【直播间】4015781 的第 60 个心跳包发送成功
[03:19:32 INF] 【直播间】9619073 的第 60 个心跳包发送成功
[03:19:34 INF] 【直播间】407149 的第 60 个心跳包发送成功
[03:19:35 INF] 【直播间】11732699 的第 60 个心跳包发送成功
[03:19:36 INF] 【直播间】7184632 的第 60 个心跳包发送成功
[03:19:37 INF] 【直播间】929670 的第 60 个心跳包发送成功
[03:19:39 INF] 【直播间】23447660 的第 60 个心跳包发送成功
[03:19:40 INF] 【直播间】91164 的第 60 个心跳包发送成功
[03:19:41 INF] 【直播间】22764265 的第 60 个心跳包发送成功
[03:20:34 INF] 【直播间】23357926 的第 61 个心跳包发送成功
[03:20:35 INF] 【直播间】23040372 的第 61 个心跳包发送成功
[03:20:36 INF] 【直播间】31494 的第 61 个心跳包发送成功
[03:20:38 INF] 【直播间】4015781 的第 61 个心跳包发送成功
[03:20:39 INF] 【直播间】9619073 的第 61 个心跳包发送成功
[03:20:40 INF] 【直播间】407149 的第 61 个心跳包发送成功
[03:20:41 INF] 【直播间】11732699 的第 61 个心跳包发送成功
[03:20:43 INF] 【直播间】7184632 的第 61 个心跳包发送成功
[03:20:44 INF] 【直播间】929670 的第 61 个心跳包发送成功
[03:20:45 INF] 【直播间】23447660 的第 61 个心跳包发送成功
[03:20:46 INF] 【直播间】91164 的第 61 个心跳包发送成功
[03:20:48 INF] 【直播间】22764265 的第 61 个心跳包发送成功
[03:21:41 INF] 【直播间】23357926 的第 62 个心跳包发送成功
[03:21:42 INF] 【直播间】23040372 的第 62 个心跳包发送成功
[03:21:43 INF] 【直播间】31494 的第 62 个心跳包发送成功
[03:21:44 INF] 【直播间】4015781 的第 62 个心跳包发送成功
[03:21:46 INF] 【直播间】9619073 的第 62 个心跳包发送成功
[03:21:47 INF] 【直播间】407149 的第 62 个心跳包发送成功
[03:21:48 INF] 【直播间】11732699 的第 62 个心跳包发送成功
[03:21:49 INF] 【直播间】7184632 的第 62 个心跳包发送成功
[03:21:51 INF] 【直播间】929670 的第 62 个心跳包发送成功
[03:21:52 INF] 【直播间】23447660 的第 62 个心跳包发送成功
[03:21:53 INF] 【直播间】91164 的第 62 个心跳包发送成功
[03:21:54 INF] 【直播间】22764265 的第 62 个心跳包发送成功
[03:22:47 INF] 【直播间】23357926 的第 63 个心跳包发送成功
[03:22:48 INF] 【直播间】23040372 的第 63 个心跳包发送成功
[03:22:50 INF] 【直播间】31494 的第 63 个心跳包发送成功
[03:22:51 INF] 【直播间】4015781 的第 63 个心跳包发送成功
[03:22:52 INF] 【直播间】9619073 的第 63 个心跳包发送成功
[03:22:53 INF] 【直播间】407149 的第 63 个心跳包发送成功
[03:22:55 INF] 【直播间】11732699 的第 63 个心跳包发送成功
[03:22:56 INF] 【直播间】7184632 的第 63 个心跳包发送成功
[03:22:57 INF] 【直播间】929670 的第 63 个心跳包发送成功
[03:22:58 INF] 【直播间】23447660 的第 63 个心跳包发送成功
[03:23:00 INF] 【直播间】91164 的第 63 个心跳包发送成功
[03:23:01 INF] 【直播间】22764265 的第 63 个心跳包发送成功
[03:23:54 INF] 【直播间】23357926 的第 64 个心跳包发送成功
[03:23:55 INF] 【直播间】23040372 的第 64 个心跳包发送成功
[03:23:56 INF] 【直播间】31494 的第 64 个心跳包发送成功
[03:23:57 INF] 【直播间】4015781 的第 64 个心跳包发送成功
[03:23:59 INF] 【直播间】9619073 的第 64 个心跳包发送成功
[03:24:00 INF] 【直播间】407149 的第 64 个心跳包发送成功
[03:24:01 INF] 【直播间】11732699 的第 64 个心跳包发送成功
[03:24:03 INF] 【直播间】7184632 的第 64 个心跳包发送成功
[03:24:04 INF] 【直播间】929670 的第 64 个心跳包发送成功
[03:24:05 INF] 【直播间】23447660 的第 64 个心跳包发送成功
[03:24:06 INF] 【直播间】91164 的第 64 个心跳包发送成功
[03:24:08 INF] 【直播间】22764265 的第 64 个心跳包发送成功
[03:25:00 INF] 【直播间】23357926 的第 65 个心跳包发送成功
[03:25:02 INF] 【直播间】23040372 的第 65 个心跳包发送成功
[03:25:03 INF] 【直播间】31494 的第 65 个心跳包发送成功
[03:25:04 INF] 【直播间】4015781 的第 65 个心跳包发送成功
[03:25:05 INF] 【直播间】9619073 的第 65 个心跳包发送成功
[03:25:07 INF] 【直播间】407149 的第 65 个心跳包发送成功
[03:25:08 INF] 【直播间】11732699 的第 65 个心跳包发送成功
[03:25:09 INF] 【直播间】7184632 的第 65 个心跳包发送成功
[03:25:10 INF] 【直播间】929670 的第 65 个心跳包发送成功
[03:25:12 INF] 【直播间】23447660 的第 65 个心跳包发送成功
[03:25:13 INF] 【直播间】91164 的第 65 个心跳包发送成功
[03:25:14 INF] 【直播间】22764265 的第 65 个心跳包发送成功
[03:26:07 INF] 【直播间】23357926 的第 66 个心跳包发送成功
[03:26:08 INF] 【直播间】23040372 的第 66 个心跳包发送成功
[03:26:10 INF] 【直播间】31494 的第 66 个心跳包发送成功
[03:26:11 INF] 【直播间】4015781 的第 66 个心跳包发送成功
[03:26:12 INF] 【直播间】9619073 的第 66 个心跳包发送成功
[03:26:13 INF] 【直播间】407149 的第 66 个心跳包发送成功
[03:26:14 INF] 【直播间】11732699 的第 66 个心跳包发送成功
[03:26:16 INF] 【直播间】7184632 的第 66 个心跳包发送成功
[03:26:17 INF] 【直播间】929670 的第 66 个心跳包发送成功
[03:26:18 INF] 【直播间】23447660 的第 66 个心跳包发送成功
[03:26:20 INF] 【直播间】91164 的第 66 个心跳包发送成功
[03:26:21 INF] 【直播间】22764265 的第 66 个心跳包发送成功
[03:27:14 ERR] 【心跳包】直播间 23357926 发送失败
[03:27:14 ERR] 【原因】time check failed
[03:27:15 ERR] 【心跳包】直播间 23040372 发送失败
[03:27:15 ERR] 【原因】time check failed
[03:27:16 ERR] 【心跳包】直播间 31494 发送失败
[03:27:16 ERR] 【原因】time check failed
[03:27:17 ERR] 【心跳包】直播间 4015781 发送失败
[03:27:17 ERR] 【原因】time check failed
[03:27:19 ERR] 【心跳包】直播间 9619073 发送失败
[03:27:19 ERR] 【原因】time check failed
[03:27:20 ERR] 【心跳包】直播间 407149 发送失败
[03:27:20 ERR] 【原因】time check failed
[03:27:21 ERR] 【心跳包】直播间 11732699 发送失败
[03:27:21 ERR] 【原因】time check failed
[03:27:22 ERR] 【心跳包】直播间 7184632 发送失败
[03:27:22 ERR] 【原因】time check failed
[03:27:24 ERR] 【心跳包】直播间 929670 发送失败
[03:27:24 ERR] 【原因】time check failed
[03:27:25 ERR] 【心跳包】直播间 23447660 发送失败
[03:27:25 ERR] 【原因】time check failed
[03:27:26 ERR] 【心跳包】直播间 91164 发送失败
[03:27:26 ERR] 【原因】time check failed
[03:27:27 ERR] 【心跳包】直播间 22764265 发送失败
[03:27:27 ERR] 【原因】time check failed
[03:28:20 INF] 【直播间】23357926 的第 67 个心跳包发送成功
[03:28:22 INF] 【直播间】23040372 的第 67 个心跳包发送成功
[03:28:23 INF] 【直播间】31494 的第 67 个心跳包发送成功
[03:28:24 INF] 【直播间】4015781 的第 67 个心跳包发送成功
[03:28:25 INF] 【直播间】9619073 的第 67 个心跳包发送成功
[03:28:27 INF] 【直播间】407149 的第 67 个心跳包发送成功
[03:28:28 INF] 【直播间】11732699 的第 67 个心跳包发送成功
[03:28:29 INF] 【直播间】7184632 的第 67 个心跳包发送成功
[03:28:30 INF] 【直播间】929670 的第 67 个心跳包发送成功
[03:28:32 INF] 【直播间】23447660 的第 67 个心跳包发送成功
[03:28:33 INF] 【直播间】91164 的第 67 个心跳包发送成功
[03:28:34 INF] 【直播间】22764265 的第 67 个心跳包发送成功
[03:29:27 INF] 【直播间】23357926 的第 68 个心跳包发送成功
[03:29:28 INF] 【直播间】23040372 的第 68 个心跳包发送成功
[03:29:29 INF] 【直播间】31494 的第 68 个心跳包发送成功
[03:29:31 INF] 【直播间】4015781 的第 68 个心跳包发送成功
[03:29:32 INF] 【直播间】9619073 的第 68 个心跳包发送成功
[03:29:33 INF] 【直播间】407149 的第 68 个心跳包发送成功
[03:29:34 INF] 【直播间】11732699 的第 68 个心跳包发送成功
[03:29:36 INF] 【直播间】7184632 的第 68 个心跳包发送成功
[03:29:37 INF] 【直播间】929670 的第 68 个心跳包发送成功
[03:29:38 INF] 【直播间】23447660 的第 68 个心跳包发送成功
[03:29:40 INF] 【直播间】91164 的第 68 个心跳包发送成功
[03:29:41 INF] 【直播间】22764265 的第 68 个心跳包发送成功
[03:30:33 INF] 【直播间】23357926 的第 69 个心跳包发送成功
[03:30:35 INF] 【直播间】23040372 的第 69 个心跳包发送成功
[03:30:36 INF] 【直播间】31494 的第 69 个心跳包发送成功
[03:30:37 INF] 【直播间】4015781 的第 69 个心跳包发送成功
[03:30:38 INF] 【直播间】9619073 的第 69 个心跳包发送成功
[03:30:40 INF] 【直播间】407149 的第 69 个心跳包发送成功
[03:30:41 INF] 【直播间】11732699 的第 69 个心跳包发送成功
[03:30:42 INF] 【直播间】7184632 的第 69 个心跳包发送成功
[03:30:43 INF] 【直播间】929670 的第 69 个心跳包发送成功
[03:30:45 INF] 【直播间】23447660 的第 69 个心跳包发送成功
[03:30:46 INF] 【直播间】91164 的第 69 个心跳包发送成功
[03:30:47 INF] 【直播间】22764265 的第 69 个心跳包发送成功
[03:31:40 INF] 【直播间】23357926 的第 70 个心跳包发送成功
[03:31:41 INF] 【直播间】23040372 的第 70 个心跳包发送成功
[03:31:42 INF] 【直播间】31494 的第 70 个心跳包发送成功
[03:31:44 INF] 【直播间】4015781 的第 70 个心跳包发送成功
[03:31:45 INF] 【直播间】9619073 的第 70 个心跳包发送成功
[03:31:46 INF] 【直播间】407149 的第 70 个心跳包发送成功
[03:31:47 INF] 【直播间】11732699 的第 70 个心跳包发送成功
[03:31:49 INF] 【直播间】7184632 的第 70 个心跳包发送成功
[03:31:50 INF] 【直播间】929670 的第 70 个心跳包发送成功
[03:31:51 INF] 【直播间】23447660 的第 70 个心跳包发送成功
[03:31:52 INF] 【直播间】91164 的第 70 个心跳包发送成功
[03:31:54 INF] 【直播间】22764265 的第 70 个心跳包发送成功
[03:31:54 INF] 【直播观看时长】完成情况：12/12 
[03:31:54 INF] ---------结束---------

[03:31:54 INF] ==========结束==========

[03:31:54 INF] ######### 账号 3 #########

[03:31:54 INF] =====开始 直播间互动 =====

[03:31:54 INF] ---开始 发送弹幕 ---
[03:31:54 INF] 检测到直播 Cookie 未正确配置，尝试自动配置中...
[03:31:58 INF] 直播 Cookie 配置成功！
[03:31:58 INF] 【获取直播列表】获取拥有粉丝牌的直播列表
[03:32:03 ERR] 【获取直播列表】失败
[03:32:03 ERR] 【原因】账号未登录
[03:32:03 ERR] 发送弹幕失败，继续其他任务。失败信息:Object reference not set to an instance of an object.

[03:32:03 INF] -------结束-------

[03:32:03 INF] ---开始 点赞直播间 ---
[03:32:03 INF] 【获取直播列表】获取拥有粉丝牌的直播列表
[03:32:06 ERR] 【获取直播列表】失败
[03:32:06 ERR] 【原因】账号未登录
[03:32:06 ERR] 点赞直播间失败，继续其他任务。失败信息:Object reference not set to an instance of an object.

[03:32:06 INF] --------结束--------

[03:32:06 INF] ---开始 直播时长挂机 ---
[03:32:06 INF] 【获取直播列表】获取拥有粉丝牌的直播列表
[03:32:10 ERR] 【获取直播列表】失败
[03:32:10 ERR] 【原因】账号未登录
[03:32:10 ERR] 直播时长挂机失败，继续其他任务。失败信息:Object reference not set to an instance of an object.

[03:32:10 INF] ---------结束---------

[03:32:10 INF] ==========结束==========

[03:32:10 INF] 

========================

 v2.0.1 开源 by https://github.com/RayWangQvQ/BiliBiliToolPro

[03:32:10 INF] ·开始推送·LiveFansMedal任务·
2023-12-23T19:32:10.6348230Z 开始推送到:PushPlus
2023-12-23T19:32:12.3185371Z Response status: OK.
2023-12-23T19:32:12.3185752Z Response content: {"code":999,"msg":"发送内容过大，不能超过2万字","data":null}.

[03:32:12 INF] 运行环境：Development
[03:32:12 INF] 应用目录：/home/runner/work/BiliBiliToolPro/BiliBiliToolPro/src/Ray.BiliBiliTool.Console/bin/Debug/net6.0/

[03:32:12 INF] 运行结束
