----------- ip 信息 ---------
{
  "ip": "104.28.242.135",
  "city": "Durham",
  "region": "North Carolina",
  "country": "US",
  "loc": "35.9940,-78.8986",
  "org": "AS13335 Cloudflare, Inc.",
  "postal": "27701",
  "timezone": "America/New_York",
  "readme": "https://ipinfo.io/missingauth"
} ---------- end ------------
  ____               ____    _   _____           _  
 |  _ \ __ _ _   _  | __ ) _| |_|_   _|__   ___ | | 
 | |_) / _` | | | | |  _ \(_) (_) | |/ _ \ / _ \| | 
 |  _ < (_| | |_| | | |_) | | | | | | (_) | (_) | | 
 |_| \_\__,_|\__, | |____/|_|_|_| |_|\___/ \___/|_| 
             |___/                                  

[00:31:51 INF] BiliBiliToolPro 开始运行...

[00:31:51 INF] 【账号个数】3个

[00:31:51 INF] 随机休眠2分钟

[00:33:51 INF] 【目标任务】LiveFansMedal
[00:33:51 INF] ######### 账号 1 #########

[00:33:51 INF] =====开始 直播间互动 =====

[00:33:51 INF] ---开始 发送弹幕 ---
[00:33:51 INF] 检测到直播 Cookie 未正确配置，尝试自动配置中...
[00:33:59 INF] 直播 Cookie 配置成功！
[00:33:59 INF] 【获取直播列表】获取拥有粉丝牌的直播列表
[00:34:03 INF] 【主播】Mark陌枫 
[00:34:13 INF] 【主播】KL_qiqi_ 
[00:34:26 INF] 【主播】苏打baka 
[00:34:38 INF] 【直播间】Mark陌枫
[00:34:38 INF] 【粉丝牌】馬楓
[00:34:38 INF] 正在发送弹幕...
[00:34:44 INF] 【直播间】KL_qiqi_
[00:34:44 INF] 【粉丝牌】qiqisb
[00:34:44 INF] 正在发送弹幕...
[00:34:51 INF] 【直播间】苏打baka
[00:34:51 INF] 【粉丝牌】碳酸钠
[00:34:51 INF] 正在发送弹幕...
[00:34:52 INF] 【弹幕发送】成功~，你和主播 Mark陌枫 的亲密值增加了100！
[00:34:56 INF] -------结束-------

[00:34:56 INF] ---开始 点赞直播间 ---
[00:34:56 INF] 【获取直播列表】获取拥有粉丝牌的直播列表
[00:34:56 INF] 【弹幕发送】成功~，你和主播 KL_qiqi_ 的亲密值增加了100！
[00:34:59 INF] 【主播】Mark陌枫 
[00:35:01 INF] 【弹幕发送】成功~，你和主播 苏打baka 的亲密值增加了100！
[00:35:14 INF] 【主播】KL_qiqi_ 
[00:35:26 INF] 【主播】苏打baka 
[00:35:43 INF] 【点赞直播间】23357926 完成
[00:35:47 INF] 【点赞直播间】407149 完成
[00:35:50 INF] --------结束--------

[00:35:50 INF] ---开始 直播时长挂机 ---
[00:35:50 INF] 【获取直播列表】获取拥有粉丝牌的直播列表
[00:35:51 INF] 【点赞直播间】23040372 完成
[00:35:57 INF] 【主播】Mark陌枫 
[00:36:09 INF] 【主播】KL_qiqi_ 
[00:36:17 INF] 【主播】苏打baka 
[00:36:31 INF] 【直播间】23357926 的第 1 个心跳包发送成功
[00:36:32 INF] 【直播间】407149 的第 1 个心跳包发送成功
[00:36:34 INF] 【直播间】23040372 的第 1 个心跳包发送成功
[00:37:38 INF] 【直播间】23357926 的第 2 个心跳包发送成功
[00:37:40 INF] 【直播间】407149 的第 2 个心跳包发送成功
[00:37:41 INF] 【直播间】23040372 的第 2 个心跳包发送成功
[00:38:45 INF] 【直播间】23357926 的第 3 个心跳包发送成功
[00:38:47 INF] 【直播间】407149 的第 3 个心跳包发送成功
[00:38:48 INF] 【直播间】23040372 的第 3 个心跳包发送成功
[00:39:52 INF] 【直播间】23357926 的第 4 个心跳包发送成功
[00:39:53 INF] 【直播间】407149 的第 4 个心跳包发送成功
[00:39:55 INF] 【直播间】23040372 的第 4 个心跳包发送成功
[00:40:59 INF] 【直播间】23357926 的第 5 个心跳包发送成功
[00:41:00 INF] 【直播间】407149 的第 5 个心跳包发送成功
[00:41:01 INF] 【直播间】23040372 的第 5 个心跳包发送成功
[00:42:05 INF] 【直播间】23357926 的第 6 个心跳包发送成功
[00:42:07 INF] 【直播间】407149 的第 6 个心跳包发送成功
[00:42:08 INF] 【直播间】23040372 的第 6 个心跳包发送成功
[00:43:12 INF] 【直播间】23357926 的第 7 个心跳包发送成功
[00:43:14 INF] 【直播间】407149 的第 7 个心跳包发送成功
[00:43:15 INF] 【直播间】23040372 的第 7 个心跳包发送成功
[00:44:19 INF] 【直播间】23357926 的第 8 个心跳包发送成功
[00:44:21 INF] 【直播间】407149 的第 8 个心跳包发送成功
[00:44:22 INF] 【直播间】23040372 的第 8 个心跳包发送成功
[00:45:26 INF] 【直播间】23357926 的第 9 个心跳包发送成功
[00:45:27 INF] 【直播间】407149 的第 9 个心跳包发送成功
[00:45:29 INF] 【直播间】23040372 的第 9 个心跳包发送成功
[00:46:33 INF] 【直播间】23357926 的第 10 个心跳包发送成功
[00:46:34 INF] 【直播间】407149 的第 10 个心跳包发送成功
[00:46:35 INF] 【直播间】23040372 的第 10 个心跳包发送成功
[00:47:39 INF] 【直播间】23357926 的第 11 个心跳包发送成功
[00:47:41 INF] 【直播间】407149 的第 11 个心跳包发送成功
[00:47:42 INF] 【直播间】23040372 的第 11 个心跳包发送成功
[00:48:46 INF] 【直播间】23357926 的第 12 个心跳包发送成功
[00:48:48 INF] 【直播间】407149 的第 12 个心跳包发送成功
[00:48:49 INF] 【直播间】23040372 的第 12 个心跳包发送成功
[00:49:54 INF] 【直播间】23357926 的第 13 个心跳包发送成功
[00:49:55 INF] 【直播间】407149 的第 13 个心跳包发送成功
[00:49:56 INF] 【直播间】23040372 的第 13 个心跳包发送成功
[00:51:00 INF] 【直播间】23357926 的第 14 个心跳包发送成功
[00:51:02 INF] 【直播间】407149 的第 14 个心跳包发送成功
[00:51:03 INF] 【直播间】23040372 的第 14 个心跳包发送成功
[00:52:07 ERR] 【心跳包】直播间 23357926 发送失败
[00:52:07 ERR] 【原因】time check failed
[00:52:09 ERR] 【心跳包】直播间 407149 发送失败
[00:52:09 ERR] 【原因】time check failed
[00:52:10 ERR] 【心跳包】直播间 23040372 发送失败
[00:52:10 ERR] 【原因】time check failed
[00:53:14 INF] 【直播间】23357926 的第 15 个心跳包发送成功
[00:53:15 INF] 【直播间】407149 的第 15 个心跳包发送成功
[00:53:16 INF] 【直播间】23040372 的第 15 个心跳包发送成功
[00:54:21 INF] 【直播间】23357926 的第 16 个心跳包发送成功
[00:54:22 INF] 【直播间】407149 的第 16 个心跳包发送成功
[00:54:24 INF] 【直播间】23040372 的第 16 个心跳包发送成功
[00:55:28 INF] 【直播间】23357926 的第 17 个心跳包发送成功
[00:55:29 INF] 【直播间】407149 的第 17 个心跳包发送成功
[00:55:31 INF] 【直播间】23040372 的第 17 个心跳包发送成功
[00:56:35 INF] 【直播间】23357926 的第 18 个心跳包发送成功
[00:56:36 INF] 【直播间】407149 的第 18 个心跳包发送成功
[00:56:37 INF] 【直播间】23040372 的第 18 个心跳包发送成功
[00:57:41 INF] 【直播间】23357926 的第 19 个心跳包发送成功
[00:57:43 INF] 【直播间】407149 的第 19 个心跳包发送成功
[00:57:44 INF] 【直播间】23040372 的第 19 个心跳包发送成功
[00:58:48 INF] 【直播间】23357926 的第 20 个心跳包发送成功
[00:58:49 INF] 【直播间】407149 的第 20 个心跳包发送成功
[00:58:51 INF] 【直播间】23040372 的第 20 个心跳包发送成功
[00:59:56 INF] 【直播间】23357926 的第 21 个心跳包发送成功
[00:59:57 INF] 【直播间】407149 的第 21 个心跳包发送成功
[00:59:58 INF] 【直播间】23040372 的第 21 个心跳包发送成功
[01:01:03 INF] 【直播间】23357926 的第 22 个心跳包发送成功
[01:01:04 INF] 【直播间】407149 的第 22 个心跳包发送成功
[01:01:05 INF] 【直播间】23040372 的第 22 个心跳包发送成功
[01:02:09 INF] 【直播间】23357926 的第 23 个心跳包发送成功
[01:02:11 INF] 【直播间】407149 的第 23 个心跳包发送成功
[01:02:12 INF] 【直播间】23040372 的第 23 个心跳包发送成功
[01:03:16 INF] 【直播间】23357926 的第 24 个心跳包发送成功
[01:03:17 INF] 【直播间】407149 的第 24 个心跳包发送成功
[01:03:19 INF] 【直播间】23040372 的第 24 个心跳包发送成功
[01:04:23 INF] 【直播间】23357926 的第 25 个心跳包发送成功
[01:04:24 INF] 【直播间】407149 的第 25 个心跳包发送成功
[01:04:25 INF] 【直播间】23040372 的第 25 个心跳包发送成功
[01:05:30 INF] 【直播间】23357926 的第 26 个心跳包发送成功
[01:05:31 INF] 【直播间】407149 的第 26 个心跳包发送成功
[01:05:33 INF] 【直播间】23040372 的第 26 个心跳包发送成功
[01:06:37 INF] 【直播间】23357926 的第 27 个心跳包发送成功
[01:06:38 INF] 【直播间】407149 的第 27 个心跳包发送成功
[01:06:39 INF] 【直播间】23040372 的第 27 个心跳包发送成功
[01:07:44 ERR] 【心跳包】直播间 23357926 发送失败
[01:07:44 ERR] 【原因】time check failed
[01:07:45 ERR] 【心跳包】直播间 407149 发送失败
[01:07:45 ERR] 【原因】time check failed
[01:07:46 ERR] 【心跳包】直播间 23040372 发送失败
[01:07:46 ERR] 【原因】time check failed
[01:08:51 INF] 【直播间】23357926 的第 28 个心跳包发送成功
[01:08:52 INF] 【直播间】407149 的第 28 个心跳包发送成功
[01:08:53 INF] 【直播间】23040372 的第 28 个心跳包发送成功
[01:09:57 INF] 【直播间】23357926 的第 29 个心跳包发送成功
[01:09:58 INF] 【直播间】407149 的第 29 个心跳包发送成功
[01:09:59 INF] 【直播间】23040372 的第 29 个心跳包发送成功
[01:11:04 INF] 【直播间】23357926 的第 30 个心跳包发送成功
[01:11:05 INF] 【直播间】407149 的第 30 个心跳包发送成功
[01:11:07 INF] 【直播间】23040372 的第 30 个心跳包发送成功
[01:12:12 INF] 【直播间】23357926 的第 31 个心跳包发送成功
[01:12:13 INF] 【直播间】407149 的第 31 个心跳包发送成功
[01:12:14 INF] 【直播间】23040372 的第 31 个心跳包发送成功
[01:13:18 INF] 【直播间】23357926 的第 32 个心跳包发送成功
[01:13:20 INF] 【直播间】407149 的第 32 个心跳包发送成功
[01:13:21 INF] 【直播间】23040372 的第 32 个心跳包发送成功
[01:14:25 INF] 【直播间】23357926 的第 33 个心跳包发送成功
[01:14:26 INF] 【直播间】407149 的第 33 个心跳包发送成功
[01:14:28 INF] 【直播间】23040372 的第 33 个心跳包发送成功
[01:15:32 INF] 【直播间】23357926 的第 34 个心跳包发送成功
[01:15:33 INF] 【直播间】407149 的第 34 个心跳包发送成功
[01:15:34 INF] 【直播间】23040372 的第 34 个心跳包发送成功
[01:16:39 INF] 【直播间】23357926 的第 35 个心跳包发送成功
[01:16:40 INF] 【直播间】407149 的第 35 个心跳包发送成功
[01:16:41 INF] 【直播间】23040372 的第 35 个心跳包发送成功
[01:17:46 INF] 【直播间】23357926 的第 36 个心跳包发送成功
[01:17:47 INF] 【直播间】407149 的第 36 个心跳包发送成功
[01:17:48 INF] 【直播间】23040372 的第 36 个心跳包发送成功
[01:18:53 INF] 【直播间】23357926 的第 37 个心跳包发送成功
[01:18:54 INF] 【直播间】407149 的第 37 个心跳包发送成功
[01:18:55 INF] 【直播间】23040372 的第 37 个心跳包发送成功
[01:19:59 INF] 【直播间】23357926 的第 38 个心跳包发送成功
[01:20:01 INF] 【直播间】407149 的第 38 个心跳包发送成功
[01:20:02 INF] 【直播间】23040372 的第 38 个心跳包发送成功
[01:21:06 INF] 【直播间】23357926 的第 39 个心跳包发送成功
[01:21:07 INF] 【直播间】407149 的第 39 个心跳包发送成功
[01:21:08 INF] 【直播间】23040372 的第 39 个心跳包发送成功
[01:22:13 INF] 【直播间】23357926 的第 40 个心跳包发送成功
[01:22:15 INF] 【直播间】407149 的第 40 个心跳包发送成功
[01:22:16 INF] 【直播间】23040372 的第 40 个心跳包发送成功
[01:23:20 ERR] 【心跳包】直播间 23357926 发送失败
[01:23:20 ERR] 【原因】time check failed
[01:23:22 ERR] 【心跳包】直播间 407149 发送失败
[01:23:22 ERR] 【原因】time check failed
[01:23:23 ERR] 【心跳包】直播间 23040372 发送失败
[01:23:23 ERR] 【原因】time check failed
[01:24:27 INF] 【直播间】23357926 的第 41 个心跳包发送成功
[01:24:28 INF] 【直播间】407149 的第 41 个心跳包发送成功
[01:24:30 INF] 【直播间】23040372 的第 41 个心跳包发送成功
[01:25:34 INF] 【直播间】23357926 的第 42 个心跳包发送成功
[01:25:35 INF] 【直播间】407149 的第 42 个心跳包发送成功
[01:25:37 INF] 【直播间】23040372 的第 42 个心跳包发送成功
[01:26:41 INF] 【直播间】23357926 的第 43 个心跳包发送成功
[01:26:42 INF] 【直播间】407149 的第 43 个心跳包发送成功
[01:26:43 INF] 【直播间】23040372 的第 43 个心跳包发送成功
[01:27:48 INF] 【直播间】23357926 的第 44 个心跳包发送成功
[01:27:49 INF] 【直播间】407149 的第 44 个心跳包发送成功
[01:27:50 INF] 【直播间】23040372 的第 44 个心跳包发送成功
[01:28:55 INF] 【直播间】23357926 的第 45 个心跳包发送成功
[01:28:56 INF] 【直播间】407149 的第 45 个心跳包发送成功
[01:28:57 INF] 【直播间】23040372 的第 45 个心跳包发送成功
[01:30:01 INF] 【直播间】23357926 的第 46 个心跳包发送成功
[01:30:03 INF] 【直播间】407149 的第 46 个心跳包发送成功
[01:30:04 INF] 【直播间】23040372 的第 46 个心跳包发送成功
[01:31:08 INF] 【直播间】23357926 的第 47 个心跳包发送成功
[01:31:10 INF] 【直播间】407149 的第 47 个心跳包发送成功
[01:31:11 INF] 【直播间】23040372 的第 47 个心跳包发送成功
[01:32:15 INF] 【直播间】23357926 的第 48 个心跳包发送成功
[01:32:16 INF] 【直播间】407149 的第 48 个心跳包发送成功
[01:32:18 INF] 【直播间】23040372 的第 48 个心跳包发送成功
[01:33:22 INF] 【直播间】23357926 的第 49 个心跳包发送成功
[01:33:24 INF] 【直播间】407149 的第 49 个心跳包发送成功
[01:33:25 INF] 【直播间】23040372 的第 49 个心跳包发送成功
[01:34:29 INF] 【直播间】23357926 的第 50 个心跳包发送成功
[01:34:30 INF] 【直播间】407149 的第 50 个心跳包发送成功
[01:34:32 INF] 【直播间】23040372 的第 50 个心跳包发送成功
[01:35:36 INF] 【直播间】23357926 的第 51 个心跳包发送成功
[01:35:37 INF] 【直播间】407149 的第 51 个心跳包发送成功
[01:35:39 INF] 【直播间】23040372 的第 51 个心跳包发送成功
[01:36:43 INF] 【直播间】23357926 的第 52 个心跳包发送成功
[01:36:44 INF] 【直播间】407149 的第 52 个心跳包发送成功
[01:36:46 INF] 【直播间】23040372 的第 52 个心跳包发送成功
[01:37:49 INF] 【直播间】23357926 的第 53 个心跳包发送成功
[01:37:51 INF] 【直播间】407149 的第 53 个心跳包发送成功
[01:37:52 INF] 【直播间】23040372 的第 53 个心跳包发送成功
[01:38:56 ERR] 【心跳包】直播间 23357926 发送失败
[01:38:56 ERR] 【原因】time check failed
[01:38:58 ERR] 【心跳包】直播间 407149 发送失败
[01:38:58 ERR] 【原因】time check failed
[01:38:59 ERR] 【心跳包】直播间 23040372 发送失败
[01:38:59 ERR] 【原因】time check failed
[01:40:03 INF] 【直播间】23357926 的第 54 个心跳包发送成功
[01:40:04 INF] 【直播间】407149 的第 54 个心跳包发送成功
[01:40:06 INF] 【直播间】23040372 的第 54 个心跳包发送成功
[01:41:10 INF] 【直播间】23357926 的第 55 个心跳包发送成功
[01:41:11 INF] 【直播间】407149 的第 55 个心跳包发送成功
[01:41:12 INF] 【直播间】23040372 的第 55 个心跳包发送成功
[01:42:17 INF] 【直播间】23357926 的第 56 个心跳包发送成功
[01:42:18 INF] 【直播间】407149 的第 56 个心跳包发送成功
[01:42:19 INF] 【直播间】23040372 的第 56 个心跳包发送成功
[01:43:23 INF] 【直播间】23357926 的第 57 个心跳包发送成功
[01:43:24 INF] 【直播间】407149 的第 57 个心跳包发送成功
[01:43:26 INF] 【直播间】23040372 的第 57 个心跳包发送成功
[01:44:30 INF] 【直播间】23357926 的第 58 个心跳包发送成功
[01:44:32 INF] 【直播间】407149 的第 58 个心跳包发送成功
[01:44:33 INF] 【直播间】23040372 的第 58 个心跳包发送成功
[01:45:37 INF] 【直播间】23357926 的第 59 个心跳包发送成功
[01:45:39 INF] 【直播间】407149 的第 59 个心跳包发送成功
[01:45:40 INF] 【直播间】23040372 的第 59 个心跳包发送成功
[01:46:44 INF] 【直播间】23357926 的第 60 个心跳包发送成功
[01:46:46 INF] 【直播间】407149 的第 60 个心跳包发送成功
[01:46:47 INF] 【直播间】23040372 的第 60 个心跳包发送成功
[01:47:51 INF] 【直播间】23357926 的第 61 个心跳包发送成功
[01:47:52 INF] 【直播间】407149 的第 61 个心跳包发送成功
[01:47:54 INF] 【直播间】23040372 的第 61 个心跳包发送成功
[01:48:58 INF] 【直播间】23357926 的第 62 个心跳包发送成功
[01:48:59 INF] 【直播间】407149 的第 62 个心跳包发送成功
[01:49:00 INF] 【直播间】23040372 的第 62 个心跳包发送成功
[01:50:05 INF] 【直播间】23357926 的第 63 个心跳包发送成功
[01:50:06 INF] 【直播间】407149 的第 63 个心跳包发送成功
[01:50:07 INF] 【直播间】23040372 的第 63 个心跳包发送成功
[01:51:12 INF] 【直播间】23357926 的第 64 个心跳包发送成功
[01:51:13 INF] 【直播间】407149 的第 64 个心跳包发送成功
[01:51:14 INF] 【直播间】23040372 的第 64 个心跳包发送成功
[01:52:19 INF] 【直播间】23357926 的第 65 个心跳包发送成功
[01:52:20 INF] 【直播间】407149 的第 65 个心跳包发送成功
[01:52:21 INF] 【直播间】23040372 的第 65 个心跳包发送成功
[01:53:25 INF] 【直播间】23357926 的第 66 个心跳包发送成功
[01:53:27 INF] 【直播间】407149 的第 66 个心跳包发送成功
[01:53:28 INF] 【直播间】23040372 的第 66 个心跳包发送成功
[01:54:32 ERR] 【心跳包】直播间 23357926 发送失败
[01:54:32 ERR] 【原因】time check failed
[01:54:33 ERR] 【心跳包】直播间 407149 发送失败
[01:54:33 ERR] 【原因】time check failed
[01:54:35 ERR] 【心跳包】直播间 23040372 发送失败
[01:54:35 ERR] 【原因】time check failed
[01:55:39 INF] 【直播间】23357926 的第 67 个心跳包发送成功
[01:55:40 INF] 【直播间】407149 的第 67 个心跳包发送成功
[01:55:41 INF] 【直播间】23040372 的第 67 个心跳包发送成功
[01:56:46 INF] 【直播间】23357926 的第 68 个心跳包发送成功
[01:56:47 INF] 【直播间】407149 的第 68 个心跳包发送成功
[01:56:48 INF] 【直播间】23040372 的第 68 个心跳包发送成功
[01:57:53 INF] 【直播间】23357926 的第 69 个心跳包发送成功
[01:57:54 INF] 【直播间】407149 的第 69 个心跳包发送成功
[01:57:55 INF] 【直播间】23040372 的第 69 个心跳包发送成功
[01:58:59 INF] 【直播间】23357926 的第 70 个心跳包发送成功
[01:59:01 INF] 【直播间】407149 的第 70 个心跳包发送成功
[01:59:02 INF] 【直播间】23040372 的第 70 个心跳包发送成功
[01:59:02 INF] 【直播观看时长】完成情况：3/3 
[01:59:02 INF] ---------结束---------

[01:59:02 INF] ==========结束==========

[01:59:02 INF] ######### 账号 2 #########

[01:59:02 INF] =====开始 直播间互动 =====

[01:59:02 INF] ---开始 发送弹幕 ---
[01:59:02 INF] 检测到直播 Cookie 未正确配置，尝试自动配置中...
[01:59:07 INF] 直播 Cookie 配置成功！
[01:59:07 INF] 【获取直播列表】获取拥有粉丝牌的直播列表
[01:59:14 INF] 【主播】Mark陌枫 
[01:59:24 INF] 【主播】苏打baka 
[01:59:34 INF] 【直播间】Mark陌枫
[01:59:34 INF] 【粉丝牌】馬楓
[01:59:34 INF] 正在发送弹幕...
[01:59:41 INF] 【直播间】苏打baka
[01:59:41 INF] 【粉丝牌】碳酸钠
[01:59:41 INF] 正在发送弹幕...
[01:59:46 INF] -------结束-------

[01:59:46 INF] ---开始 点赞直播间 ---
[01:59:46 INF] 【获取直播列表】获取拥有粉丝牌的直播列表
[01:59:48 INF] 【弹幕发送】成功~，你和主播 Mark陌枫 的亲密值增加了100！
[01:59:51 INF] 【主播】Mark陌枫 
[01:59:54 INF] 【弹幕发送】成功~，你和主播 苏打baka 的亲密值增加了100！
[02:00:04 INF] 【主播】苏打baka 
[02:00:23 INF] 【点赞直播间】23357926 完成
[02:00:28 INF] --------结束--------

[02:00:28 INF] ---开始 直播时长挂机 ---
[02:00:28 INF] 【获取直播列表】获取拥有粉丝牌的直播列表
[02:00:28 INF] 【点赞直播间】23040372 完成
[02:00:36 INF] 【主播】Mark陌枫 
[02:00:50 INF] 【主播】苏打baka 
[02:01:02 INF] 【直播间】23357926 的第 1 个心跳包发送成功
[02:01:03 INF] 【直播间】23040372 的第 1 个心跳包发送成功
[02:02:09 INF] 【直播间】23357926 的第 2 个心跳包发送成功
[02:02:10 INF] 【直播间】23040372 的第 2 个心跳包发送成功
[02:03:16 INF] 【直播间】23357926 的第 3 个心跳包发送成功
[02:03:17 INF] 【直播间】23040372 的第 3 个心跳包发送成功
[02:04:23 INF] 【直播间】23357926 的第 4 个心跳包发送成功
[02:04:24 INF] 【直播间】23040372 的第 4 个心跳包发送成功
[02:05:29 INF] 【直播间】23357926 的第 5 个心跳包发送成功
[02:05:30 INF] 【直播间】23040372 的第 5 个心跳包发送成功
[02:06:37 INF] 【直播间】23357926 的第 6 个心跳包发送成功
[02:06:38 INF] 【直播间】23040372 的第 6 个心跳包发送成功
[02:07:44 INF] 【直播间】23357926 的第 7 个心跳包发送成功
[02:07:45 INF] 【直播间】23040372 的第 7 个心跳包发送成功
[02:08:51 INF] 【直播间】23357926 的第 8 个心跳包发送成功
[02:08:52 INF] 【直播间】23040372 的第 8 个心跳包发送成功
[02:09:57 INF] 【直播间】23357926 的第 9 个心跳包发送成功
[02:09:59 INF] 【直播间】23040372 的第 9 个心跳包发送成功
[02:11:04 INF] 【直播间】23357926 的第 10 个心跳包发送成功
[02:11:05 INF] 【直播间】23040372 的第 10 个心跳包发送成功
[02:12:11 INF] 【直播间】23357926 的第 11 个心跳包发送成功
[02:12:12 INF] 【直播间】23040372 的第 11 个心跳包发送成功
[02:13:18 INF] 【直播间】23357926 的第 12 个心跳包发送成功
[02:13:19 INF] 【直播间】23040372 的第 12 个心跳包发送成功
[02:14:24 INF] 【直播间】23357926 的第 13 个心跳包发送成功
[02:14:26 INF] 【直播间】23040372 的第 13 个心跳包发送成功
[02:15:31 INF] 【直播间】23357926 的第 14 个心跳包发送成功
[02:15:32 INF] 【直播间】23040372 的第 14 个心跳包发送成功
[02:16:37 ERR] 【心跳包】直播间 23357926 发送失败
[02:16:37 ERR] 【原因】time check failed
[02:16:39 ERR] 【心跳包】直播间 23040372 发送失败
[02:16:39 ERR] 【原因】time check failed
[02:17:45 INF] 【直播间】23357926 的第 15 个心跳包发送成功
[02:17:46 INF] 【直播间】23040372 的第 15 个心跳包发送成功
[02:18:52 INF] 【直播间】23357926 的第 16 个心跳包发送成功
[02:18:53 INF] 【直播间】23040372 的第 16 个心跳包发送成功
[02:19:59 INF] 【直播间】23357926 的第 17 个心跳包发送成功
[02:20:00 INF] 【直播间】23040372 的第 17 个心跳包发送成功
[02:21:05 INF] 【直播间】23357926 的第 18 个心跳包发送成功
[02:21:07 INF] 【直播间】23040372 的第 18 个心跳包发送成功
[02:22:12 INF] 【直播间】23357926 的第 19 个心跳包发送成功
[02:22:13 INF] 【直播间】23040372 的第 19 个心跳包发送成功
[02:23:19 INF] 【直播间】23357926 的第 20 个心跳包发送成功
[02:23:20 INF] 【直播间】23040372 的第 20 个心跳包发送成功
[02:24:26 INF] 【直播间】23357926 的第 21 个心跳包发送成功
[02:24:27 INF] 【直播间】23040372 的第 21 个心跳包发送成功
[02:25:32 INF] 【直播间】23357926 的第 22 个心跳包发送成功
[02:25:34 INF] 【直播间】23040372 的第 22 个心跳包发送成功
[02:26:39 INF] 【直播间】23357926 的第 23 个心跳包发送成功
[02:26:41 INF] 【直播间】23040372 的第 23 个心跳包发送成功
[02:27:46 INF] 【直播间】23357926 的第 24 个心跳包发送成功
[02:27:48 INF] 【直播间】23040372 的第 24 个心跳包发送成功
[02:28:53 INF] 【直播间】23357926 的第 25 个心跳包发送成功
[02:28:55 INF] 【直播间】23040372 的第 25 个心跳包发送成功
[02:30:00 INF] 【直播间】23357926 的第 26 个心跳包发送成功
[02:30:01 INF] 【直播间】23040372 的第 26 个心跳包发送成功
[02:31:07 INF] 【直播间】23357926 的第 27 个心跳包发送成功
[02:31:08 INF] 【直播间】23040372 的第 27 个心跳包发送成功
[02:32:13 ERR] 【心跳包】直播间 23357926 发送失败
[02:32:13 ERR] 【原因】time check failed
[02:32:15 ERR] 【心跳包】直播间 23040372 发送失败
[02:32:15 ERR] 【原因】time check failed
[02:33:20 INF] 【直播间】23357926 的第 28 个心跳包发送成功
[02:33:22 INF] 【直播间】23040372 的第 28 个心跳包发送成功
[02:34:27 INF] 【直播间】23357926 的第 29 个心跳包发送成功
[02:34:29 INF] 【直播间】23040372 的第 29 个心跳包发送成功
[02:35:34 INF] 【直播间】23357926 的第 30 个心跳包发送成功
[02:35:35 INF] 【直播间】23040372 的第 30 个心跳包发送成功
[02:36:41 INF] 【直播间】23357926 的第 31 个心跳包发送成功
[02:36:42 INF] 【直播间】23040372 的第 31 个心跳包发送成功
[02:37:48 INF] 【直播间】23357926 的第 32 个心跳包发送成功
[02:37:49 INF] 【直播间】23040372 的第 32 个心跳包发送成功
[02:38:55 INF] 【直播间】23357926 的第 33 个心跳包发送成功
[02:38:56 INF] 【直播间】23040372 的第 33 个心跳包发送成功
[02:40:02 INF] 【直播间】23357926 的第 34 个心跳包发送成功
[02:40:03 INF] 【直播间】23040372 的第 34 个心跳包发送成功
[02:41:08 INF] 【直播间】23357926 的第 35 个心跳包发送成功
[02:41:09 INF] 【直播间】23040372 的第 35 个心跳包发送成功
[02:42:15 INF] 【直播间】23357926 的第 36 个心跳包发送成功
[02:42:16 INF] 【直播间】23040372 的第 36 个心跳包发送成功
[02:43:22 INF] 【直播间】23357926 的第 37 个心跳包发送成功
[02:43:23 INF] 【直播间】23040372 的第 37 个心跳包发送成功
[02:44:29 INF] 【直播间】23357926 的第 38 个心跳包发送成功
[02:44:30 INF] 【直播间】23040372 的第 38 个心跳包发送成功
[02:45:36 INF] 【直播间】23357926 的第 39 个心跳包发送成功
[02:45:37 INF] 【直播间】23040372 的第 39 个心跳包发送成功
[02:46:42 INF] 【直播间】23357926 的第 40 个心跳包发送成功
[02:46:44 INF] 【直播间】23040372 的第 40 个心跳包发送成功
[02:47:49 ERR] 【心跳包】直播间 23357926 发送失败
[02:47:49 ERR] 【原因】time check failed
[02:47:51 ERR] 【心跳包】直播间 23040372 发送失败
[02:47:51 ERR] 【原因】time check failed
[02:48:56 INF] 【直播间】23357926 的第 41 个心跳包发送成功
[02:48:57 INF] 【直播间】23040372 的第 41 个心跳包发送成功
[02:50:03 INF] 【直播间】23357926 的第 42 个心跳包发送成功
[02:50:04 INF] 【直播间】23040372 的第 42 个心跳包发送成功
[02:51:10 INF] 【直播间】23357926 的第 43 个心跳包发送成功
[02:51:11 INF] 【直播间】23040372 的第 43 个心跳包发送成功
[02:52:17 INF] 【直播间】23357926 的第 44 个心跳包发送成功
[02:52:18 INF] 【直播间】23040372 的第 44 个心跳包发送成功
[02:53:24 INF] 【直播间】23357926 的第 45 个心跳包发送成功
[02:53:25 INF] 【直播间】23040372 的第 45 个心跳包发送成功
[02:54:31 INF] 【直播间】23357926 的第 46 个心跳包发送成功
[02:54:32 INF] 【直播间】23040372 的第 46 个心跳包发送成功
[02:55:37 INF] 【直播间】23357926 的第 47 个心跳包发送成功
[02:55:38 INF] 【直播间】23040372 的第 47 个心跳包发送成功
[02:56:44 INF] 【直播间】23357926 的第 48 个心跳包发送成功
[02:56:45 INF] 【直播间】23040372 的第 48 个心跳包发送成功
[02:57:51 INF] 【直播间】23357926 的第 49 个心跳包发送成功
[02:57:52 INF] 【直播间】23040372 的第 49 个心跳包发送成功
[02:58:57 INF] 【直播间】23357926 的第 50 个心跳包发送成功
[02:58:59 INF] 【直播间】23040372 的第 50 个心跳包发送成功
[03:00:04 INF] 【直播间】23357926 的第 51 个心跳包发送成功
[03:00:06 INF] 【直播间】23040372 的第 51 个心跳包发送成功
[03:01:11 INF] 【直播间】23357926 的第 52 个心跳包发送成功
[03:01:12 INF] 【直播间】23040372 的第 52 个心跳包发送成功
[03:02:18 INF] 【直播间】23357926 的第 53 个心跳包发送成功
[03:02:19 INF] 【直播间】23040372 的第 53 个心跳包发送成功
[03:03:25 ERR] 【心跳包】直播间 23357926 发送失败
[03:03:25 ERR] 【原因】time check failed
[03:03:26 ERR] 【心跳包】直播间 23040372 发送失败
[03:03:26 ERR] 【原因】time check failed
[03:04:32 INF] 【直播间】23357926 的第 54 个心跳包发送成功
[03:04:33 INF] 【直播间】23040372 的第 54 个心跳包发送成功
[03:05:39 INF] 【直播间】23357926 的第 55 个心跳包发送成功
[03:05:40 INF] 【直播间】23040372 的第 55 个心跳包发送成功
[03:06:45 INF] 【直播间】23357926 的第 56 个心跳包发送成功
[03:06:47 INF] 【直播间】23040372 的第 56 个心跳包发送成功
[03:07:53 INF] 【直播间】23357926 的第 57 个心跳包发送成功
[03:07:54 INF] 【直播间】23040372 的第 57 个心跳包发送成功
[03:08:59 INF] 【直播间】23357926 的第 58 个心跳包发送成功
[03:09:00 INF] 【直播间】23040372 的第 58 个心跳包发送成功
[03:10:06 INF] 【直播间】23357926 的第 59 个心跳包发送成功
[03:10:07 INF] 【直播间】23040372 的第 59 个心跳包发送成功
[03:11:13 INF] 【直播间】23357926 的第 60 个心跳包发送成功
[03:11:14 INF] 【直播间】23040372 的第 60 个心跳包发送成功
[03:12:20 INF] 【直播间】23357926 的第 61 个心跳包发送成功
[03:12:21 INF] 【直播间】23040372 的第 61 个心跳包发送成功
[03:13:27 INF] 【直播间】23357926 的第 62 个心跳包发送成功
[03:13:28 INF] 【直播间】23040372 的第 62 个心跳包发送成功
[03:14:33 INF] 【直播间】23357926 的第 63 个心跳包发送成功
[03:14:34 INF] 【直播间】23040372 的第 63 个心跳包发送成功
[03:15:40 INF] 【直播间】23357926 的第 64 个心跳包发送成功
[03:15:41 INF] 【直播间】23040372 的第 64 个心跳包发送成功
[03:16:47 INF] 【直播间】23357926 的第 65 个心跳包发送成功
[03:16:48 INF] 【直播间】23040372 的第 65 个心跳包发送成功
[03:17:53 INF] 【直播间】23357926 的第 66 个心跳包发送成功
[03:17:54 INF] 【直播间】23040372 的第 66 个心跳包发送成功
[03:19:00 ERR] 【心跳包】直播间 23357926 发送失败
[03:19:00 ERR] 【原因】time check failed
[03:19:02 ERR] 【心跳包】直播间 23040372 发送失败
[03:19:02 ERR] 【原因】time check failed
[03:20:07 INF] 【直播间】23357926 的第 67 个心跳包发送成功
[03:20:08 INF] 【直播间】23040372 的第 67 个心跳包发送成功
[03:21:14 INF] 【直播间】23357926 的第 68 个心跳包发送成功
[03:21:15 INF] 【直播间】23040372 的第 68 个心跳包发送成功
[03:22:21 INF] 【直播间】23357926 的第 69 个心跳包发送成功
[03:22:22 INF] 【直播间】23040372 的第 69 个心跳包发送成功
[03:23:27 INF] 【直播间】23357926 的第 70 个心跳包发送成功
[03:23:29 INF] 【直播间】23040372 的第 70 个心跳包发送成功
[03:23:29 INF] 【直播观看时长】完成情况：2/2 
[03:23:29 INF] ---------结束---------

[03:23:29 INF] ==========结束==========

[03:23:29 INF] ######### 账号 3 #########

[03:23:29 INF] =====开始 直播间互动 =====

[03:23:29 INF] ---开始 发送弹幕 ---
[03:23:29 INF] 检测到直播 Cookie 未正确配置，尝试自动配置中...
[03:23:36 INF] 直播 Cookie 配置成功！
[03:23:36 INF] 【获取直播列表】获取拥有粉丝牌的直播列表
[03:23:42 INF] 【主播】苏打baka 
[03:23:51 INF] 【直播间】苏打baka
[03:23:51 INF] 【粉丝牌】碳酸钠
[03:23:51 INF] 正在发送弹幕...
[03:23:58 INF] -------结束-------

[03:23:58 INF] ---开始 点赞直播间 ---
[03:23:58 INF] 【获取直播列表】获取拥有粉丝牌的直播列表
[03:24:03 INF] 【主播】苏打baka 
[03:24:05 INF] 【弹幕发送】成功~，你和主播 苏打baka 的亲密值增加了100！
[03:24:21 INF] --------结束--------

[03:24:21 INF] ---开始 直播时长挂机 ---
[03:24:21 INF] 【获取直播列表】获取拥有粉丝牌的直播列表
[03:24:22 INF] 【点赞直播间】23040372 完成
[03:24:29 INF] 【主播】苏打baka 
[03:24:41 INF] 【直播间】23040372 的第 1 个心跳包发送成功
[03:25:47 INF] 【直播间】23040372 的第 2 个心跳包发送成功
[03:26:55 INF] 【直播间】23040372 的第 3 个心跳包发送成功
[03:28:01 INF] 【直播间】23040372 的第 4 个心跳包发送成功
[03:29:08 INF] 【直播间】23040372 的第 5 个心跳包发送成功
[03:30:15 INF] 【直播间】23040372 的第 6 个心跳包发送成功
[03:31:22 INF] 【直播间】23040372 的第 7 个心跳包发送成功
[03:32:29 INF] 【直播间】23040372 的第 8 个心跳包发送成功
[03:33:35 INF] 【直播间】23040372 的第 9 个心跳包发送成功
[03:34:42 INF] 【直播间】23040372 的第 10 个心跳包发送成功
[03:35:49 INF] 【直播间】23040372 的第 11 个心跳包发送成功
[03:36:56 INF] 【直播间】23040372 的第 12 个心跳包发送成功
[03:38:02 INF] 【直播间】23040372 的第 13 个心跳包发送成功
[03:39:09 INF] 【直播间】23040372 的第 14 个心跳包发送成功
[03:40:16 ERR] 【心跳包】直播间 23040372 发送失败
[03:40:16 ERR] 【原因】time check failed
[03:41:23 INF] 【直播间】23040372 的第 15 个心跳包发送成功
[03:42:29 INF] 【直播间】23040372 的第 16 个心跳包发送成功
[03:43:36 INF] 【直播间】23040372 的第 17 个心跳包发送成功
[03:44:43 INF] 【直播间】23040372 的第 18 个心跳包发送成功
[03:45:50 INF] 【直播间】23040372 的第 19 个心跳包发送成功
[03:46:57 INF] 【直播间】23040372 的第 20 个心跳包发送成功
[03:48:04 INF] 【直播间】23040372 的第 21 个心跳包发送成功
[03:49:10 INF] 【直播间】23040372 的第 22 个心跳包发送成功
[03:50:17 INF] 【直播间】23040372 的第 23 个心跳包发送成功
[03:51:24 INF] 【直播间】23040372 的第 24 个心跳包发送成功
[03:52:31 INF] 【直播间】23040372 的第 25 个心跳包发送成功
[03:53:38 INF] 【直播间】23040372 的第 26 个心跳包发送成功
[03:54:45 INF] 【直播间】23040372 的第 27 个心跳包发送成功
[03:55:52 ERR] 【心跳包】直播间 23040372 发送失败
[03:55:52 ERR] 【原因】time check failed
[03:56:58 INF] 【直播间】23040372 的第 28 个心跳包发送成功
[03:58:06 INF] 【直播间】23040372 的第 29 个心跳包发送成功
[03:59:12 INF] 【直播间】23040372 的第 30 个心跳包发送成功
[04:00:19 INF] 【直播间】23040372 的第 31 个心跳包发送成功
[04:01:26 INF] 【直播间】23040372 的第 32 个心跳包发送成功
[04:02:33 INF] 【直播间】23040372 的第 33 个心跳包发送成功
[04:03:39 INF] 【直播间】23040372 的第 34 个心跳包发送成功
[04:04:46 INF] 【直播间】23040372 的第 35 个心跳包发送成功
[04:05:53 INF] 【直播间】23040372 的第 36 个心跳包发送成功
[04:07:00 INF] 【直播间】23040372 的第 37 个心跳包发送成功
[04:08:06 INF] 【直播间】23040372 的第 38 个心跳包发送成功
[04:09:14 INF] 【直播间】23040372 的第 39 个心跳包发送成功
[04:10:21 INF] 【直播间】23040372 的第 40 个心跳包发送成功
[04:11:28 ERR] 【心跳包】直播间 23040372 发送失败
[04:11:28 ERR] 【原因】time check failed
[04:12:34 INF] 【直播间】23040372 的第 41 个心跳包发送成功
[04:13:41 INF] 【直播间】23040372 的第 42 个心跳包发送成功
[04:14:48 INF] 【直播间】23040372 的第 43 个心跳包发送成功
[04:15:55 INF] 【直播间】23040372 的第 44 个心跳包发送成功
[04:17:01 INF] 【直播间】23040372 的第 45 个心跳包发送成功
[04:18:08 INF] 【直播间】23040372 的第 46 个心跳包发送成功
[04:19:15 INF] 【直播间】23040372 的第 47 个心跳包发送成功
[04:20:22 INF] 【直播间】23040372 的第 48 个心跳包发送成功
[04:21:29 INF] 【直播间】23040372 的第 49 个心跳包发送成功
[04:22:36 INF] 【直播间】23040372 的第 50 个心跳包发送成功
[04:23:43 INF] 【直播间】23040372 的第 51 个心跳包发送成功
[04:24:49 INF] 【直播间】23040372 的第 52 个心跳包发送成功
[04:25:56 INF] 【直播间】23040372 的第 53 个心跳包发送成功
[04:27:03 ERR] 【心跳包】直播间 23040372 发送失败
[04:27:03 ERR] 【原因】time check failed
[04:28:10 INF] 【直播间】23040372 的第 54 个心跳包发送成功
[04:29:16 INF] 【直播间】23040372 的第 55 个心跳包发送成功
[04:30:23 INF] 【直播间】23040372 的第 56 个心跳包发送成功
[04:31:30 INF] 【直播间】23040372 的第 57 个心跳包发送成功
[04:32:37 INF] 【直播间】23040372 的第 58 个心跳包发送成功
[04:33:44 INF] 【直播间】23040372 的第 59 个心跳包发送成功
[04:34:51 INF] 【直播间】23040372 的第 60 个心跳包发送成功
[04:35:58 INF] 【直播间】23040372 的第 61 个心跳包发送成功
[04:37:05 INF] 【直播间】23040372 的第 62 个心跳包发送成功
[04:38:12 INF] 【直播间】23040372 的第 63 个心跳包发送成功
[04:39:18 INF] 【直播间】23040372 的第 64 个心跳包发送成功
[04:40:25 INF] 【直播间】23040372 的第 65 个心跳包发送成功
[04:41:32 INF] 【直播间】23040372 的第 66 个心跳包发送成功
[04:42:39 ERR] 【心跳包】直播间 23040372 发送失败
[04:42:39 ERR] 【原因】time check failed
[04:43:46 INF] 【直播间】23040372 的第 67 个心跳包发送成功
[04:44:53 INF] 【直播间】23040372 的第 68 个心跳包发送成功
[04:46:00 INF] 【直播间】23040372 的第 69 个心跳包发送成功
[04:47:07 INF] 【直播间】23040372 的第 70 个心跳包发送成功
[04:47:07 INF] 【直播观看时长】完成情况：1/1 
[04:47:07 INF] ---------结束---------

[04:47:07 INF] ==========结束==========

[04:47:07 INF] 

========================

 v1.0.3 开源 by https://github.com/RayWangQvQ/BiliBiliToolPro

[04:47:07 INF] ·开始推送·LiveFansMedal任务·
2023-04-26T20:47:07.0444929Z 开始推送到:PushPlus
2023-04-26T20:47:07.8230212Z Response status: OK.
2023-04-26T20:47:07.8230630Z Response content: {"code":200,"msg":"请求成功","data":"a7099e40279343c0b50ca9f1b2e41d63","count":null}.

[04:47:07 INF] 运行环境：Development
[04:47:07 INF] 应用目录：/home/runner/work/BiliBiliToolPro/BiliBiliToolPro/src/Ray.BiliBiliTool.Console/bin/Debug/net6.0/

[04:47:07 INF] 运行结束
