----------- ip 信息 ---------
{
  "ip": "172.183.131.205",
  "city": "Chicago",
  "region": "Illinois",
  "country": "US",
  "loc": "41.8500,-87.6500",
  "org": "AS8075 Microsoft Corporation",
  "postal": "60666",
  "timezone": "America/Chicago",
  "readme": "https://ipinfo.io/missingauth"
} ---------- end ------------
  ____               ____    _   _____           _  
 |  _ \ __ _ _   _  | __ ) _| |_|_   _|__   ___ | | 
 | |_) / _` | | | | |  _ \(_) (_) | |/ _ \ / _ \| | 
 |  _ < (_| | |_| | | |_) | | | | | | (_) | (_) | | 
 |_| \_\__,_|\__, | |____/|_|_|_| |_|\___/ \___/|_| 
             |___/                                  

[00:28:26 INF] BiliBiliToolPro 开始运行...

[00:28:26 INF] 【账号个数】3个

[00:28:26 INF] 随机休眠2分钟

[00:30:26 INF] 【目标任务】LiveFansMedal
[00:30:26 INF] ######### 账号 1 #########

[00:30:26 INF] =====开始 直播间互动 =====

[00:30:26 INF] ---开始 发送弹幕 ---
[00:30:26 INF] 检测到直播 Cookie 未正确配置，尝试自动配置中...
[00:30:34 INF] 直播 Cookie 配置成功！
[00:30:34 INF] 【获取直播列表】获取拥有粉丝牌的直播列表
[00:30:41 INF] 【主播】Mark陌枫 
[00:30:55 INF] 【主播】KL_qiqi_ 
[00:31:11 INF] 【主播】苏打baka 
[00:31:25 INF] 【直播间】Mark陌枫
[00:31:25 INF] 【粉丝牌】馬楓
[00:31:25 INF] 正在发送弹幕...
[00:31:31 INF] 【直播间】KL_qiqi_
[00:31:31 INF] 【粉丝牌】qiqisb
[00:31:31 INF] 正在发送弹幕...
[00:31:36 INF] 【直播间】苏打baka
[00:31:36 INF] 【粉丝牌】碳酸钠
[00:31:36 INF] 正在发送弹幕...
[00:31:38 INF] 【弹幕发送】成功~，你和主播 Mark陌枫 的亲密值增加了100！
[00:31:41 INF] -------结束-------

[00:31:41 INF] ---开始 点赞直播间 ---
[00:31:41 INF] 【获取直播列表】获取拥有粉丝牌的直播列表
[00:31:45 INF] 【主播】Mark陌枫 
[00:31:46 INF] 【弹幕发送】成功~，你和主播 KL_qiqi_ 的亲密值增加了100！
[00:31:54 INF] 【弹幕发送】成功~，你和主播 苏打baka 的亲密值增加了100！
[00:32:06 INF] 【主播】KL_qiqi_ 
[00:32:24 INF] 【主播】苏打baka 
[00:32:47 INF] 【点赞直播间】23357926 完成
[00:32:53 INF] 【点赞直播间】407149 完成
[00:33:00 INF] --------结束--------

[00:33:00 INF] ---开始 直播时长挂机 ---
[00:33:00 INF] 【获取直播列表】获取拥有粉丝牌的直播列表
[00:33:00 INF] 【点赞直播间】23040372 完成
[00:33:05 INF] 【主播】Mark陌枫 
[00:33:23 INF] 【主播】KL_qiqi_ 
[00:33:41 INF] 【主播】苏打baka 
[00:33:54 INF] 【直播间】23357926 的第 1 个心跳包发送成功
[00:33:55 INF] 【直播间】407149 的第 1 个心跳包发送成功
[00:33:56 INF] 【直播间】23040372 的第 1 个心跳包发送成功
[00:35:00 INF] 【直播间】23357926 的第 2 个心跳包发送成功
[00:35:01 INF] 【直播间】407149 的第 2 个心跳包发送成功
[00:35:03 INF] 【直播间】23040372 的第 2 个心跳包发送成功
[00:36:07 INF] 【直播间】23357926 的第 3 个心跳包发送成功
[00:36:08 INF] 【直播间】407149 的第 3 个心跳包发送成功
[00:36:09 INF] 【直播间】23040372 的第 3 个心跳包发送成功
[00:37:13 INF] 【直播间】23357926 的第 4 个心跳包发送成功
[00:37:14 INF] 【直播间】407149 的第 4 个心跳包发送成功
[00:37:16 INF] 【直播间】23040372 的第 4 个心跳包发送成功
[00:38:20 INF] 【直播间】23357926 的第 5 个心跳包发送成功
[00:38:21 INF] 【直播间】407149 的第 5 个心跳包发送成功
[00:38:22 INF] 【直播间】23040372 的第 5 个心跳包发送成功
[00:39:26 INF] 【直播间】23357926 的第 6 个心跳包发送成功
[00:39:27 INF] 【直播间】407149 的第 6 个心跳包发送成功
[00:39:29 INF] 【直播间】23040372 的第 6 个心跳包发送成功
[00:40:33 INF] 【直播间】23357926 的第 7 个心跳包发送成功
[00:40:34 INF] 【直播间】407149 的第 7 个心跳包发送成功
[00:40:35 INF] 【直播间】23040372 的第 7 个心跳包发送成功
[00:41:39 INF] 【直播间】23357926 的第 8 个心跳包发送成功
[00:41:41 INF] 【直播间】407149 的第 8 个心跳包发送成功
[00:41:42 INF] 【直播间】23040372 的第 8 个心跳包发送成功
[00:42:46 INF] 【直播间】23357926 的第 9 个心跳包发送成功
[00:42:47 INF] 【直播间】407149 的第 9 个心跳包发送成功
[00:42:49 INF] 【直播间】23040372 的第 9 个心跳包发送成功
[00:43:53 INF] 【直播间】23357926 的第 10 个心跳包发送成功
[00:43:54 INF] 【直播间】407149 的第 10 个心跳包发送成功
[00:43:55 INF] 【直播间】23040372 的第 10 个心跳包发送成功
[00:44:59 INF] 【直播间】23357926 的第 11 个心跳包发送成功
[00:45:01 INF] 【直播间】407149 的第 11 个心跳包发送成功
[00:45:02 INF] 【直播间】23040372 的第 11 个心跳包发送成功
[00:46:06 INF] 【直播间】23357926 的第 12 个心跳包发送成功
[00:46:07 INF] 【直播间】407149 的第 12 个心跳包发送成功
[00:46:08 INF] 【直播间】23040372 的第 12 个心跳包发送成功
[00:47:12 INF] 【直播间】23357926 的第 13 个心跳包发送成功
[00:47:13 INF] 【直播间】407149 的第 13 个心跳包发送成功
[00:47:15 INF] 【直播间】23040372 的第 13 个心跳包发送成功
[00:48:19 INF] 【直播间】23357926 的第 14 个心跳包发送成功
[00:48:20 INF] 【直播间】407149 的第 14 个心跳包发送成功
[00:48:21 INF] 【直播间】23040372 的第 14 个心跳包发送成功
[00:49:25 ERR] 【心跳包】直播间 23357926 发送失败
[00:49:25 ERR] 【原因】time check failed
[00:49:27 ERR] 【心跳包】直播间 407149 发送失败
[00:49:27 ERR] 【原因】time check failed
[00:49:28 ERR] 【心跳包】直播间 23040372 发送失败
[00:49:28 ERR] 【原因】time check failed
[00:50:32 INF] 【直播间】23357926 的第 15 个心跳包发送成功
[00:50:33 INF] 【直播间】407149 的第 15 个心跳包发送成功
[00:50:34 INF] 【直播间】23040372 的第 15 个心跳包发送成功
[00:51:38 INF] 【直播间】23357926 的第 16 个心跳包发送成功
[00:51:40 INF] 【直播间】407149 的第 16 个心跳包发送成功
[00:51:41 INF] 【直播间】23040372 的第 16 个心跳包发送成功
[00:52:45 INF] 【直播间】23357926 的第 17 个心跳包发送成功
[00:52:46 INF] 【直播间】407149 的第 17 个心跳包发送成功
[00:52:47 INF] 【直播间】23040372 的第 17 个心跳包发送成功
[00:53:51 INF] 【直播间】23357926 的第 18 个心跳包发送成功
[00:53:53 INF] 【直播间】407149 的第 18 个心跳包发送成功
[00:53:54 INF] 【直播间】23040372 的第 18 个心跳包发送成功
[00:54:58 INF] 【直播间】23357926 的第 19 个心跳包发送成功
[00:54:59 INF] 【直播间】407149 的第 19 个心跳包发送成功
[00:55:01 INF] 【直播间】23040372 的第 19 个心跳包发送成功
[00:56:05 INF] 【直播间】23357926 的第 20 个心跳包发送成功
[00:56:06 INF] 【直播间】407149 的第 20 个心跳包发送成功
[00:56:07 INF] 【直播间】23040372 的第 20 个心跳包发送成功
[00:57:11 INF] 【直播间】23357926 的第 21 个心跳包发送成功
[00:57:12 INF] 【直播间】407149 的第 21 个心跳包发送成功
[00:57:14 INF] 【直播间】23040372 的第 21 个心跳包发送成功
[00:58:18 INF] 【直播间】23357926 的第 22 个心跳包发送成功
[00:58:19 INF] 【直播间】407149 的第 22 个心跳包发送成功
[00:58:20 INF] 【直播间】23040372 的第 22 个心跳包发送成功
[00:59:24 INF] 【直播间】23357926 的第 23 个心跳包发送成功
[00:59:26 INF] 【直播间】407149 的第 23 个心跳包发送成功
[00:59:27 INF] 【直播间】23040372 的第 23 个心跳包发送成功
[01:00:31 INF] 【直播间】23357926 的第 24 个心跳包发送成功
[01:00:32 INF] 【直播间】407149 的第 24 个心跳包发送成功
[01:00:33 INF] 【直播间】23040372 的第 24 个心跳包发送成功
[01:01:37 INF] 【直播间】23357926 的第 25 个心跳包发送成功
[01:01:39 INF] 【直播间】407149 的第 25 个心跳包发送成功
[01:01:40 INF] 【直播间】23040372 的第 25 个心跳包发送成功
[01:02:44 INF] 【直播间】23357926 的第 26 个心跳包发送成功
[01:02:45 INF] 【直播间】407149 的第 26 个心跳包发送成功
[01:02:46 INF] 【直播间】23040372 的第 26 个心跳包发送成功
[01:03:50 INF] 【直播间】23357926 的第 27 个心跳包发送成功
[01:03:52 INF] 【直播间】407149 的第 27 个心跳包发送成功
[01:03:53 INF] 【直播间】23040372 的第 27 个心跳包发送成功
[01:04:57 ERR] 【心跳包】直播间 23357926 发送失败
[01:04:57 ERR] 【原因】time check failed
[01:04:58 ERR] 【心跳包】直播间 407149 发送失败
[01:04:58 ERR] 【原因】time check failed
[01:05:00 ERR] 【心跳包】直播间 23040372 发送失败
[01:05:00 ERR] 【原因】time check failed
[01:06:04 INF] 【直播间】23357926 的第 28 个心跳包发送成功
[01:06:05 INF] 【直播间】407149 的第 28 个心跳包发送成功
[01:06:06 INF] 【直播间】23040372 的第 28 个心跳包发送成功
[01:07:10 INF] 【直播间】23357926 的第 29 个心跳包发送成功
[01:07:11 INF] 【直播间】407149 的第 29 个心跳包发送成功
[01:07:13 INF] 【直播间】23040372 的第 29 个心跳包发送成功
[01:08:16 INF] 【直播间】23357926 的第 30 个心跳包发送成功
[01:08:18 INF] 【直播间】407149 的第 30 个心跳包发送成功
[01:08:19 INF] 【直播间】23040372 的第 30 个心跳包发送成功
[01:09:23 INF] 【直播间】23357926 的第 31 个心跳包发送成功
[01:09:24 INF] 【直播间】407149 的第 31 个心跳包发送成功
[01:09:25 INF] 【直播间】23040372 的第 31 个心跳包发送成功
[01:10:30 INF] 【直播间】23357926 的第 32 个心跳包发送成功
[01:10:31 INF] 【直播间】407149 的第 32 个心跳包发送成功
[01:10:32 INF] 【直播间】23040372 的第 32 个心跳包发送成功
[01:11:36 INF] 【直播间】23357926 的第 33 个心跳包发送成功
[01:11:37 INF] 【直播间】407149 的第 33 个心跳包发送成功
[01:11:38 INF] 【直播间】23040372 的第 33 个心跳包发送成功
[01:12:42 INF] 【直播间】23357926 的第 34 个心跳包发送成功
[01:12:44 INF] 【直播间】407149 的第 34 个心跳包发送成功
[01:12:45 INF] 【直播间】23040372 的第 34 个心跳包发送成功
[01:13:49 INF] 【直播间】23357926 的第 35 个心跳包发送成功
[01:13:50 INF] 【直播间】407149 的第 35 个心跳包发送成功
[01:13:51 INF] 【直播间】23040372 的第 35 个心跳包发送成功
[01:14:55 INF] 【直播间】23357926 的第 36 个心跳包发送成功
[01:14:57 INF] 【直播间】407149 的第 36 个心跳包发送成功
[01:14:58 INF] 【直播间】23040372 的第 36 个心跳包发送成功
[01:16:02 INF] 【直播间】23357926 的第 37 个心跳包发送成功
[01:16:03 INF] 【直播间】407149 的第 37 个心跳包发送成功
[01:16:04 INF] 【直播间】23040372 的第 37 个心跳包发送成功
[01:17:08 INF] 【直播间】23357926 的第 38 个心跳包发送成功
[01:17:10 INF] 【直播间】407149 的第 38 个心跳包发送成功
[01:17:11 INF] 【直播间】23040372 的第 38 个心跳包发送成功
[01:18:15 INF] 【直播间】23357926 的第 39 个心跳包发送成功
[01:18:16 INF] 【直播间】407149 的第 39 个心跳包发送成功
[01:18:17 INF] 【直播间】23040372 的第 39 个心跳包发送成功
[01:19:22 INF] 【直播间】23357926 的第 40 个心跳包发送成功
[01:19:23 INF] 【直播间】407149 的第 40 个心跳包发送成功
[01:19:24 INF] 【直播间】23040372 的第 40 个心跳包发送成功
[01:20:28 ERR] 【心跳包】直播间 23357926 发送失败
[01:20:28 ERR] 【原因】time check failed
[01:20:29 ERR] 【心跳包】直播间 407149 发送失败
[01:20:29 ERR] 【原因】time check failed
[01:20:31 INF] 【直播间】23040372 的第 41 个心跳包发送成功
[01:21:35 INF] 【直播间】23357926 的第 41 个心跳包发送成功
[01:21:36 INF] 【直播间】407149 的第 41 个心跳包发送成功
[01:21:37 ERR] 【心跳包】直播间 23040372 发送失败
[01:21:37 ERR] 【原因】time check failed
[01:22:41 INF] 【直播间】23357926 的第 42 个心跳包发送成功
[01:22:42 INF] 【直播间】407149 的第 42 个心跳包发送成功
[01:22:44 INF] 【直播间】23040372 的第 42 个心跳包发送成功
[01:23:47 INF] 【直播间】23357926 的第 43 个心跳包发送成功
[01:23:49 INF] 【直播间】407149 的第 43 个心跳包发送成功
[01:23:50 INF] 【直播间】23040372 的第 43 个心跳包发送成功
[01:24:54 INF] 【直播间】23357926 的第 44 个心跳包发送成功
[01:24:55 INF] 【直播间】407149 的第 44 个心跳包发送成功
[01:24:56 INF] 【直播间】23040372 的第 44 个心跳包发送成功
[01:26:00 INF] 【直播间】23357926 的第 45 个心跳包发送成功
[01:26:02 INF] 【直播间】407149 的第 45 个心跳包发送成功
[01:26:03 INF] 【直播间】23040372 的第 45 个心跳包发送成功
[01:27:07 INF] 【直播间】23357926 的第 46 个心跳包发送成功
[01:27:08 INF] 【直播间】407149 的第 46 个心跳包发送成功
[01:27:10 INF] 【直播间】23040372 的第 46 个心跳包发送成功
[01:28:14 INF] 【直播间】23357926 的第 47 个心跳包发送成功
[01:28:15 INF] 【直播间】407149 的第 47 个心跳包发送成功
[01:28:16 INF] 【直播间】23040372 的第 47 个心跳包发送成功
[01:29:20 INF] 【直播间】23357926 的第 48 个心跳包发送成功
[01:29:21 INF] 【直播间】407149 的第 48 个心跳包发送成功
[01:29:23 INF] 【直播间】23040372 的第 48 个心跳包发送成功
[01:30:27 INF] 【直播间】23357926 的第 49 个心跳包发送成功
[01:30:28 INF] 【直播间】407149 的第 49 个心跳包发送成功
[01:30:29 INF] 【直播间】23040372 的第 49 个心跳包发送成功
[01:31:33 INF] 【直播间】23357926 的第 50 个心跳包发送成功
[01:31:34 INF] 【直播间】407149 的第 50 个心跳包发送成功
[01:31:36 INF] 【直播间】23040372 的第 50 个心跳包发送成功
[01:32:40 INF] 【直播间】23357926 的第 51 个心跳包发送成功
[01:32:41 INF] 【直播间】407149 的第 51 个心跳包发送成功
[01:32:42 INF] 【直播间】23040372 的第 51 个心跳包发送成功
[01:33:46 INF] 【直播间】23357926 的第 52 个心跳包发送成功
[01:33:48 INF] 【直播间】407149 的第 52 个心跳包发送成功
[01:33:49 INF] 【直播间】23040372 的第 52 个心跳包发送成功
[01:34:53 INF] 【直播间】23357926 的第 53 个心跳包发送成功
[01:34:54 INF] 【直播间】407149 的第 53 个心跳包发送成功
[01:34:55 INF] 【直播间】23040372 的第 53 个心跳包发送成功
[01:36:00 ERR] 【心跳包】直播间 23357926 发送失败
[01:36:00 ERR] 【原因】time check failed
[01:36:01 ERR] 【心跳包】直播间 407149 发送失败
[01:36:01 ERR] 【原因】time check failed
[01:36:02 INF] 【直播间】23040372 的第 54 个心跳包发送成功
[01:37:06 INF] 【直播间】23357926 的第 54 个心跳包发送成功
[01:37:07 INF] 【直播间】407149 的第 54 个心跳包发送成功
[01:37:09 ERR] 【心跳包】直播间 23040372 发送失败
[01:37:09 ERR] 【原因】time check failed
[01:38:13 INF] 【直播间】23357926 的第 55 个心跳包发送成功
[01:38:14 INF] 【直播间】407149 的第 55 个心跳包发送成功
[01:38:15 INF] 【直播间】23040372 的第 55 个心跳包发送成功
[01:39:19 INF] 【直播间】23357926 的第 56 个心跳包发送成功
[01:39:20 INF] 【直播间】407149 的第 56 个心跳包发送成功
[01:39:22 INF] 【直播间】23040372 的第 56 个心跳包发送成功
[01:40:26 INF] 【直播间】23357926 的第 57 个心跳包发送成功
[01:40:27 INF] 【直播间】407149 的第 57 个心跳包发送成功
[01:40:28 INF] 【直播间】23040372 的第 57 个心跳包发送成功
[01:41:32 INF] 【直播间】23357926 的第 58 个心跳包发送成功
[01:41:33 INF] 【直播间】407149 的第 58 个心跳包发送成功
[01:41:35 INF] 【直播间】23040372 的第 58 个心跳包发送成功
[01:42:39 INF] 【直播间】23357926 的第 59 个心跳包发送成功
[01:42:40 INF] 【直播间】407149 的第 59 个心跳包发送成功
[01:42:41 INF] 【直播间】23040372 的第 59 个心跳包发送成功
[01:43:45 INF] 【直播间】23357926 的第 60 个心跳包发送成功
[01:43:46 INF] 【直播间】407149 的第 60 个心跳包发送成功
[01:43:48 INF] 【直播间】23040372 的第 60 个心跳包发送成功
[01:44:52 INF] 【直播间】23357926 的第 61 个心跳包发送成功
[01:44:53 INF] 【直播间】407149 的第 61 个心跳包发送成功
[01:44:54 INF] 【直播间】23040372 的第 61 个心跳包发送成功
[01:45:58 INF] 【直播间】23357926 的第 62 个心跳包发送成功
[01:46:00 INF] 【直播间】407149 的第 62 个心跳包发送成功
[01:46:01 INF] 【直播间】23040372 的第 62 个心跳包发送成功
[01:47:05 INF] 【直播间】23357926 的第 63 个心跳包发送成功
[01:47:06 INF] 【直播间】407149 的第 63 个心跳包发送成功
[01:47:07 INF] 【直播间】23040372 的第 63 个心跳包发送成功
[01:48:11 INF] 【直播间】23357926 的第 64 个心跳包发送成功
[01:48:13 INF] 【直播间】407149 的第 64 个心跳包发送成功
[01:48:14 INF] 【直播间】23040372 的第 64 个心跳包发送成功
[01:49:18 INF] 【直播间】23357926 的第 65 个心跳包发送成功
[01:49:19 INF] 【直播间】407149 的第 65 个心跳包发送成功
[01:49:21 INF] 【直播间】23040372 的第 65 个心跳包发送成功
[01:50:24 INF] 【直播间】23357926 的第 66 个心跳包发送成功
[01:50:26 INF] 【直播间】407149 的第 66 个心跳包发送成功
[01:50:27 INF] 【直播间】23040372 的第 66 个心跳包发送成功
[01:51:31 ERR] 【心跳包】直播间 23357926 发送失败
[01:51:31 ERR] 【原因】time check failed
[01:51:32 ERR] 【心跳包】直播间 407149 发送失败
[01:51:32 ERR] 【原因】time check failed
[01:51:33 INF] 【直播间】23040372 的第 67 个心跳包发送成功
[01:52:38 INF] 【直播间】23357926 的第 67 个心跳包发送成功
[01:52:39 INF] 【直播间】407149 的第 67 个心跳包发送成功
[01:52:40 ERR] 【心跳包】直播间 23040372 发送失败
[01:52:40 ERR] 【原因】time check failed
[01:53:44 INF] 【直播间】23357926 的第 68 个心跳包发送成功
[01:53:45 INF] 【直播间】407149 的第 68 个心跳包发送成功
[01:53:47 INF] 【直播间】23040372 的第 68 个心跳包发送成功
[01:54:51 INF] 【直播间】23357926 的第 69 个心跳包发送成功
[01:54:52 INF] 【直播间】407149 的第 69 个心跳包发送成功
[01:54:53 INF] 【直播间】23040372 的第 69 个心跳包发送成功
[01:55:57 INF] 【直播间】23357926 的第 70 个心跳包发送成功
[01:55:58 INF] 【直播间】407149 的第 70 个心跳包发送成功
[01:56:00 INF] 【直播间】23040372 的第 70 个心跳包发送成功
[01:56:00 INF] 【直播观看时长】完成情况：3/3 
[01:56:00 INF] ---------结束---------

[01:56:00 INF] ==========结束==========

[01:56:00 INF] ######### 账号 2 #########

[01:56:00 INF] =====开始 直播间互动 =====

[01:56:00 INF] ---开始 发送弹幕 ---
[01:56:00 INF] 检测到直播 Cookie 未正确配置，尝试自动配置中...
[01:56:07 INF] 直播 Cookie 配置成功！
[01:56:07 INF] 【获取直播列表】获取拥有粉丝牌的直播列表
[01:56:15 INF] 【主播】Mark陌枫 
[01:56:34 INF] 【主播】苏打baka 
[01:56:50 INF] 【主播】特别中二的q3君 
[01:57:12 INF] 【主播】陈抱一 
[01:57:31 INF] 【主播】贪玩的小毅 
[01:57:48 INF] 【主播】KL_qiqi_ 
[01:58:07 INF] 【主播】悠悠球琛总 
[01:58:21 INF] 【主播】新石器公园 
[01:58:37 INF] 【主播】脏小豆 
[01:58:54 INF] 【主播】记录生活的蛋黄派 
[01:59:11 INF] 【主播】FoFTG 
[01:59:29 INF] 【主播】李船长笔记 
[01:59:42 INF] 【直播间】Mark陌枫
[01:59:42 INF] 【粉丝牌】馬楓
[01:59:42 INF] 正在发送弹幕...
[01:59:49 INF] 【直播间】苏打baka
[01:59:49 INF] 【粉丝牌】碳酸钠
[01:59:49 INF] 正在发送弹幕...
[01:59:56 INF] 【直播间】特别中二的q3君
[01:59:56 INF] 【粉丝牌】q3GG
[01:59:56 INF] 正在发送弹幕...
[01:59:59 INF] 【弹幕发送】成功~，你和主播 Mark陌枫 的亲密值增加了100！
[02:00:03 INF] 【直播间】陈抱一
[02:00:03 INF] 【粉丝牌】陈抱一
[02:00:03 INF] 正在发送弹幕...
[02:00:07 INF] 【弹幕发送】成功~，你和主播 苏打baka 的亲密值增加了100！
[02:00:10 INF] 【直播间】贪玩的小毅
[02:00:10 INF] 【粉丝牌】大大毅
[02:00:10 INF] 正在发送弹幕...
[02:00:15 INF] 【弹幕发送】成功~，你和主播 特别中二的q3君 的亲密值增加了100！
[02:00:16 INF] 【直播间】KL_qiqi_
[02:00:16 INF] 【粉丝牌】qiqisb
[02:00:16 INF] 正在发送弹幕...
[02:00:18 INF] 【弹幕发送】成功~，你和主播 陈抱一 的亲密值增加了100！
[02:00:22 INF] 【直播间】悠悠球琛总
[02:00:22 INF] 【粉丝牌】i琛
[02:00:22 INF] 正在发送弹幕...
[02:00:27 INF] 【直播间】新石器公园
[02:00:27 INF] 【粉丝牌】东园主
[02:00:27 INF] 正在发送弹幕...
[02:00:29 INF] 【弹幕发送】成功~，你和主播 贪玩的小毅 的亲密值增加了100！
[02:00:31 INF] 【直播间】脏小豆
[02:00:31 INF] 【粉丝牌】豆豆浆
[02:00:31 INF] 正在发送弹幕...
[02:00:32 INF] 【弹幕发送】成功~，你和主播 KL_qiqi_ 的亲密值增加了100！
[02:00:37 INF] 【直播间】记录生活的蛋黄派
[02:00:37 INF] 【粉丝牌】派派派
[02:00:37 INF] 正在发送弹幕...
[02:00:39 INF] 【弹幕发送】成功~，你和主播 悠悠球琛总 的亲密值增加了100！
[02:00:41 INF] 【弹幕发送】成功~，你和主播 新石器公园 的亲密值增加了100！
[02:00:44 INF] 【直播间】FoFTG
[02:00:44 INF] 【粉丝牌】FOFTG
[02:00:44 INF] 正在发送弹幕...
[02:00:44 INF] 【弹幕发送】成功~，你和主播 脏小豆 的亲密值增加了100！
[02:00:47 INF] 【直播间】李船长笔记
[02:00:47 INF] 【粉丝牌】航海仕
[02:00:47 INF] 正在发送弹幕...
[02:00:51 INF] 【弹幕发送】成功~，你和主播 记录生活的蛋黄派 的亲密值增加了100！
[02:00:52 INF] -------结束-------

[02:00:52 INF] ---开始 点赞直播间 ---
[02:00:52 INF] 【获取直播列表】获取拥有粉丝牌的直播列表
[02:00:58 INF] 【主播】Mark陌枫 
[02:00:58 INF] 【弹幕发送】成功~，你和主播 FoFTG 的亲密值增加了100！
[02:01:06 INF] 【弹幕发送】成功~，你和主播 李船长笔记 的亲密值增加了100！
[02:01:18 INF] 【主播】苏打baka 
[02:01:35 INF] 【主播】特别中二的q3君 
[02:01:50 INF] 【主播】陈抱一 
[02:02:05 INF] 【主播】贪玩的小毅 
[02:02:20 INF] 【主播】KL_qiqi_ 
[02:02:35 INF] 【主播】悠悠球琛总 
[02:02:48 INF] 【主播】新石器公园 
[02:03:00 INF] 【主播】脏小豆 
[02:03:15 INF] 【主播】记录生活的蛋黄派 
[02:03:36 INF] 【主播】FoFTG 
[02:03:50 INF] 【主播】李船长笔记 
[02:04:13 INF] 【点赞直播间】23357926 完成
[02:04:19 INF] 【点赞直播间】23040372 完成
[02:04:22 INF] 【点赞直播间】31494 完成
[02:04:28 INF] 【点赞直播间】4015781 完成
[02:04:32 INF] 【点赞直播间】9619073 完成
[02:04:37 INF] 【点赞直播间】407149 完成
[02:04:40 INF] 【点赞直播间】7184632 完成
[02:04:47 INF] 【点赞直播间】23447660 完成
[02:04:54 INF] 【点赞直播间】929670 完成
[02:04:57 INF] 【点赞直播间】11732699 完成
[02:05:02 INF] 【点赞直播间】91164 完成
[02:05:07 INF] --------结束--------

[02:05:07 INF] ---开始 直播时长挂机 ---
[02:05:07 INF] 【获取直播列表】获取拥有粉丝牌的直播列表
[02:05:07 INF] 【点赞直播间】22764265 完成
[02:05:14 INF] 【主播】Mark陌枫 
[02:05:29 INF] 【主播】苏打baka 
[02:05:47 INF] 【主播】特别中二的q3君 
[02:06:02 INF] 【主播】陈抱一 
[02:06:20 INF] 【主播】贪玩的小毅 
[02:06:40 INF] 【主播】KL_qiqi_ 
[02:07:02 INF] 【主播】悠悠球琛总 
[02:07:15 INF] 【主播】新石器公园 
[02:07:30 INF] 【主播】脏小豆 
[02:07:44 INF] 【主播】记录生活的蛋黄派 
[02:08:03 INF] 【主播】FoFTG 
[02:08:16 INF] 【主播】李船长笔记 
[02:08:30 INF] 【直播间】23357926 的第 1 个心跳包发送成功
[02:08:31 INF] 【直播间】23040372 的第 1 个心跳包发送成功
[02:08:33 INF] 【直播间】31494 的第 1 个心跳包发送成功
[02:08:34 INF] 【直播间】4015781 的第 1 个心跳包发送成功
[02:08:35 INF] 【直播间】9619073 的第 1 个心跳包发送成功
[02:08:36 INF] 【直播间】407149 的第 1 个心跳包发送成功
[02:08:38 INF] 【直播间】7184632 的第 1 个心跳包发送成功
[02:08:39 INF] 【直播间】23447660 的第 1 个心跳包发送成功
[02:08:40 INF] 【直播间】929670 的第 1 个心跳包发送成功
[02:08:41 INF] 【直播间】11732699 的第 1 个心跳包发送成功
[02:08:43 INF] 【直播间】91164 的第 1 个心跳包发送成功
[02:08:44 INF] 【直播间】22764265 的第 1 个心跳包发送成功
[02:09:37 INF] 【直播间】23357926 的第 2 个心跳包发送成功
[02:09:38 INF] 【直播间】23040372 的第 2 个心跳包发送成功
[02:09:39 INF] 【直播间】31494 的第 2 个心跳包发送成功
[02:09:40 INF] 【直播间】4015781 的第 2 个心跳包发送成功
[02:09:42 INF] 【直播间】9619073 的第 2 个心跳包发送成功
[02:09:43 INF] 【直播间】407149 的第 2 个心跳包发送成功
[02:09:44 INF] 【直播间】7184632 的第 2 个心跳包发送成功
[02:09:45 INF] 【直播间】23447660 的第 2 个心跳包发送成功
[02:09:47 INF] 【直播间】929670 的第 2 个心跳包发送成功
[02:09:48 INF] 【直播间】11732699 的第 2 个心跳包发送成功
[02:09:49 INF] 【直播间】91164 的第 2 个心跳包发送成功
[02:09:50 INF] 【直播间】22764265 的第 2 个心跳包发送成功
[02:10:43 INF] 【直播间】23357926 的第 3 个心跳包发送成功
[02:10:44 INF] 【直播间】23040372 的第 3 个心跳包发送成功
[02:10:46 INF] 【直播间】31494 的第 3 个心跳包发送成功
[02:10:47 INF] 【直播间】4015781 的第 3 个心跳包发送成功
[02:10:48 INF] 【直播间】9619073 的第 3 个心跳包发送成功
[02:10:49 INF] 【直播间】407149 的第 3 个心跳包发送成功
[02:10:51 INF] 【直播间】7184632 的第 3 个心跳包发送成功
[02:10:52 INF] 【直播间】23447660 的第 3 个心跳包发送成功
[02:10:53 INF] 【直播间】929670 的第 3 个心跳包发送成功
[02:10:54 INF] 【直播间】11732699 的第 3 个心跳包发送成功
[02:10:56 INF] 【直播间】91164 的第 3 个心跳包发送成功
[02:10:57 INF] 【直播间】22764265 的第 3 个心跳包发送成功
[02:11:50 INF] 【直播间】23357926 的第 4 个心跳包发送成功
[02:11:51 INF] 【直播间】23040372 的第 4 个心跳包发送成功
[02:11:52 INF] 【直播间】31494 的第 4 个心跳包发送成功
[02:11:53 INF] 【直播间】4015781 的第 4 个心跳包发送成功
[02:11:55 INF] 【直播间】9619073 的第 4 个心跳包发送成功
[02:11:56 INF] 【直播间】407149 的第 4 个心跳包发送成功
[02:11:57 INF] 【直播间】7184632 的第 4 个心跳包发送成功
[02:11:58 INF] 【直播间】23447660 的第 4 个心跳包发送成功
[02:11:59 INF] 【直播间】929670 的第 4 个心跳包发送成功
[02:12:01 INF] 【直播间】11732699 的第 4 个心跳包发送成功
[02:12:02 INF] 【直播间】91164 的第 4 个心跳包发送成功
[02:12:03 INF] 【直播间】22764265 的第 4 个心跳包发送成功
[02:12:56 INF] 【直播间】23357926 的第 5 个心跳包发送成功
[02:12:57 INF] 【直播间】23040372 的第 5 个心跳包发送成功
[02:12:58 INF] 【直播间】31494 的第 5 个心跳包发送成功
[02:13:00 INF] 【直播间】4015781 的第 5 个心跳包发送成功
[02:13:01 INF] 【直播间】9619073 的第 5 个心跳包发送成功
[02:13:02 INF] 【直播间】407149 的第 5 个心跳包发送成功
[02:13:04 INF] 【直播间】7184632 的第 5 个心跳包发送成功
[02:13:05 INF] 【直播间】23447660 的第 5 个心跳包发送成功
[02:13:06 INF] 【直播间】929670 的第 5 个心跳包发送成功
[02:13:07 INF] 【直播间】11732699 的第 5 个心跳包发送成功
[02:13:09 INF] 【直播间】91164 的第 5 个心跳包发送成功
[02:13:10 INF] 【直播间】22764265 的第 5 个心跳包发送成功
[02:14:02 INF] 【直播间】23357926 的第 6 个心跳包发送成功
[02:14:04 INF] 【直播间】23040372 的第 6 个心跳包发送成功
[02:14:05 INF] 【直播间】31494 的第 6 个心跳包发送成功
[02:14:06 INF] 【直播间】4015781 的第 6 个心跳包发送成功
[02:14:08 INF] 【直播间】9619073 的第 6 个心跳包发送成功
[02:14:09 INF] 【直播间】407149 的第 6 个心跳包发送成功
[02:14:10 INF] 【直播间】7184632 的第 6 个心跳包发送成功
[02:14:11 INF] 【直播间】23447660 的第 6 个心跳包发送成功
[02:14:13 INF] 【直播间】929670 的第 6 个心跳包发送成功
[02:14:14 INF] 【直播间】11732699 的第 6 个心跳包发送成功
[02:14:15 INF] 【直播间】91164 的第 6 个心跳包发送成功
[02:14:17 INF] 【直播间】22764265 的第 6 个心跳包发送成功
[02:15:09 INF] 【直播间】23357926 的第 7 个心跳包发送成功
[02:15:10 INF] 【直播间】23040372 的第 7 个心跳包发送成功
[02:15:11 INF] 【直播间】31494 的第 7 个心跳包发送成功
[02:15:13 INF] 【直播间】4015781 的第 7 个心跳包发送成功
[02:15:14 INF] 【直播间】9619073 的第 7 个心跳包发送成功
[02:15:15 INF] 【直播间】407149 的第 7 个心跳包发送成功
[02:15:17 INF] 【直播间】7184632 的第 7 个心跳包发送成功
[02:15:18 INF] 【直播间】23447660 的第 7 个心跳包发送成功
[02:15:19 INF] 【直播间】929670 的第 7 个心跳包发送成功
[02:15:20 INF] 【直播间】11732699 的第 7 个心跳包发送成功
[02:15:22 INF] 【直播间】91164 的第 7 个心跳包发送成功
[02:15:23 INF] 【直播间】22764265 的第 7 个心跳包发送成功
[02:16:16 INF] 【直播间】23357926 的第 8 个心跳包发送成功
[02:16:17 INF] 【直播间】23040372 的第 8 个心跳包发送成功
[02:16:18 INF] 【直播间】31494 的第 8 个心跳包发送成功
[02:16:19 INF] 【直播间】4015781 的第 8 个心跳包发送成功
[02:16:20 INF] 【直播间】9619073 的第 8 个心跳包发送成功
[02:16:22 INF] 【直播间】407149 的第 8 个心跳包发送成功
[02:16:23 INF] 【直播间】7184632 的第 8 个心跳包发送成功
[02:16:24 INF] 【直播间】23447660 的第 8 个心跳包发送成功
[02:16:25 INF] 【直播间】929670 的第 8 个心跳包发送成功
[02:16:27 INF] 【直播间】11732699 的第 8 个心跳包发送成功
[02:16:28 INF] 【直播间】91164 的第 8 个心跳包发送成功
[02:16:29 INF] 【直播间】22764265 的第 8 个心跳包发送成功
[02:17:22 INF] 【直播间】23357926 的第 9 个心跳包发送成功
[02:17:23 INF] 【直播间】23040372 的第 9 个心跳包发送成功
[02:17:24 INF] 【直播间】31494 的第 9 个心跳包发送成功
[02:17:26 INF] 【直播间】4015781 的第 9 个心跳包发送成功
[02:17:27 INF] 【直播间】9619073 的第 9 个心跳包发送成功
[02:17:28 INF] 【直播间】407149 的第 9 个心跳包发送成功
[02:17:29 INF] 【直播间】7184632 的第 9 个心跳包发送成功
[02:17:31 INF] 【直播间】23447660 的第 9 个心跳包发送成功
[02:17:32 INF] 【直播间】929670 的第 9 个心跳包发送成功
[02:17:33 INF] 【直播间】11732699 的第 9 个心跳包发送成功
[02:17:34 INF] 【直播间】91164 的第 9 个心跳包发送成功
[02:17:35 INF] 【直播间】22764265 的第 9 个心跳包发送成功
[02:18:29 INF] 【直播间】23357926 的第 10 个心跳包发送成功
[02:18:30 INF] 【直播间】23040372 的第 10 个心跳包发送成功
[02:18:31 INF] 【直播间】31494 的第 10 个心跳包发送成功
[02:18:32 INF] 【直播间】4015781 的第 10 个心跳包发送成功
[02:18:33 INF] 【直播间】9619073 的第 10 个心跳包发送成功
[02:18:35 INF] 【直播间】407149 的第 10 个心跳包发送成功
[02:18:36 INF] 【直播间】7184632 的第 10 个心跳包发送成功
[02:18:37 INF] 【直播间】23447660 的第 10 个心跳包发送成功
[02:18:38 INF] 【直播间】929670 的第 10 个心跳包发送成功
[02:18:40 INF] 【直播间】11732699 的第 10 个心跳包发送成功
[02:18:41 INF] 【直播间】91164 的第 10 个心跳包发送成功
[02:18:42 INF] 【直播间】22764265 的第 10 个心跳包发送成功
[02:19:35 INF] 【直播间】23357926 的第 11 个心跳包发送成功
[02:19:36 INF] 【直播间】23040372 的第 11 个心跳包发送成功
[02:19:37 INF] 【直播间】31494 的第 11 个心跳包发送成功
[02:19:39 INF] 【直播间】4015781 的第 11 个心跳包发送成功
[02:19:40 INF] 【直播间】9619073 的第 11 个心跳包发送成功
[02:19:41 INF] 【直播间】407149 的第 11 个心跳包发送成功
[02:19:42 INF] 【直播间】7184632 的第 11 个心跳包发送成功
[02:19:44 INF] 【直播间】23447660 的第 11 个心跳包发送成功
[02:19:45 INF] 【直播间】929670 的第 11 个心跳包发送成功
[02:19:46 INF] 【直播间】11732699 的第 11 个心跳包发送成功
[02:19:48 INF] 【直播间】91164 的第 11 个心跳包发送成功
[02:19:49 INF] 【直播间】22764265 的第 11 个心跳包发送成功
[02:20:42 INF] 【直播间】23357926 的第 12 个心跳包发送成功
[02:20:43 INF] 【直播间】23040372 的第 12 个心跳包发送成功
[02:20:44 INF] 【直播间】31494 的第 12 个心跳包发送成功
[02:20:45 INF] 【直播间】4015781 的第 12 个心跳包发送成功
[02:20:47 INF] 【直播间】9619073 的第 12 个心跳包发送成功
[02:20:48 INF] 【直播间】407149 的第 12 个心跳包发送成功
[02:20:49 INF] 【直播间】7184632 的第 12 个心跳包发送成功
[02:20:51 INF] 【直播间】23447660 的第 12 个心跳包发送成功
[02:20:52 INF] 【直播间】929670 的第 12 个心跳包发送成功
[02:20:53 INF] 【直播间】11732699 的第 12 个心跳包发送成功
[02:20:54 INF] 【直播间】91164 的第 12 个心跳包发送成功
[02:20:56 INF] 【直播间】22764265 的第 12 个心跳包发送成功
[02:21:48 INF] 【直播间】23357926 的第 13 个心跳包发送成功
[02:21:49 INF] 【直播间】23040372 的第 13 个心跳包发送成功
[02:21:51 INF] 【直播间】31494 的第 13 个心跳包发送成功
[02:21:52 INF] 【直播间】4015781 的第 13 个心跳包发送成功
[02:21:53 INF] 【直播间】9619073 的第 13 个心跳包发送成功
[02:21:54 INF] 【直播间】407149 的第 13 个心跳包发送成功
[02:21:56 INF] 【直播间】7184632 的第 13 个心跳包发送成功
[02:21:57 INF] 【直播间】23447660 的第 13 个心跳包发送成功
[02:21:58 INF] 【直播间】929670 的第 13 个心跳包发送成功
[02:21:59 INF] 【直播间】11732699 的第 13 个心跳包发送成功
[02:22:01 INF] 【直播间】91164 的第 13 个心跳包发送成功
[02:22:02 INF] 【直播间】22764265 的第 13 个心跳包发送成功
[02:22:55 INF] 【直播间】23357926 的第 14 个心跳包发送成功
[02:22:56 INF] 【直播间】23040372 的第 14 个心跳包发送成功
[02:22:57 INF] 【直播间】31494 的第 14 个心跳包发送成功
[02:22:59 INF] 【直播间】4015781 的第 14 个心跳包发送成功
[02:23:00 INF] 【直播间】9619073 的第 14 个心跳包发送成功
[02:23:01 INF] 【直播间】407149 的第 14 个心跳包发送成功
[02:23:02 INF] 【直播间】7184632 的第 14 个心跳包发送成功
[02:23:03 INF] 【直播间】23447660 的第 14 个心跳包发送成功
[02:23:05 INF] 【直播间】929670 的第 14 个心跳包发送成功
[02:23:06 INF] 【直播间】11732699 的第 14 个心跳包发送成功
[02:23:07 INF] 【直播间】91164 的第 14 个心跳包发送成功
[02:23:09 INF] 【直播间】22764265 的第 14 个心跳包发送成功
[02:24:01 ERR] 【心跳包】直播间 23357926 发送失败
[02:24:01 ERR] 【原因】time check failed
[02:24:02 ERR] 【心跳包】直播间 23040372 发送失败
[02:24:02 ERR] 【原因】time check failed
[02:24:04 ERR] 【心跳包】直播间 31494 发送失败
[02:24:04 ERR] 【原因】time check failed
[02:24:05 ERR] 【心跳包】直播间 4015781 发送失败
[02:24:05 ERR] 【原因】time check failed
[02:24:06 ERR] 【心跳包】直播间 9619073 发送失败
[02:24:06 ERR] 【原因】time check failed
[02:24:07 ERR] 【心跳包】直播间 407149 发送失败
[02:24:07 ERR] 【原因】time check failed
[02:24:09 ERR] 【心跳包】直播间 7184632 发送失败
[02:24:09 ERR] 【原因】time check failed
[02:24:10 ERR] 【心跳包】直播间 23447660 发送失败
[02:24:10 ERR] 【原因】time check failed
[02:24:11 ERR] 【心跳包】直播间 929670 发送失败
[02:24:11 ERR] 【原因】time check failed
[02:24:12 ERR] 【心跳包】直播间 11732699 发送失败
[02:24:12 ERR] 【原因】time check failed
[02:24:14 INF] 【直播间】91164 的第 15 个心跳包发送成功
[02:24:15 ERR] 【心跳包】直播间 22764265 发送失败
[02:24:15 ERR] 【原因】time check failed
[02:25:08 INF] 【直播间】23357926 的第 15 个心跳包发送成功
[02:25:09 INF] 【直播间】23040372 的第 15 个心跳包发送成功
[02:25:10 INF] 【直播间】31494 的第 15 个心跳包发送成功
[02:25:12 INF] 【直播间】4015781 的第 15 个心跳包发送成功
[02:25:13 INF] 【直播间】9619073 的第 15 个心跳包发送成功
[02:25:14 INF] 【直播间】407149 的第 15 个心跳包发送成功
[02:25:15 INF] 【直播间】7184632 的第 15 个心跳包发送成功
[02:25:16 INF] 【直播间】23447660 的第 15 个心跳包发送成功
[02:25:18 INF] 【直播间】929670 的第 15 个心跳包发送成功
[02:25:19 INF] 【直播间】11732699 的第 15 个心跳包发送成功
[02:25:20 ERR] 【心跳包】直播间 91164 发送失败
[02:25:20 ERR] 【原因】time check failed
[02:25:21 INF] 【直播间】22764265 的第 15 个心跳包发送成功
[02:26:14 INF] 【直播间】23357926 的第 16 个心跳包发送成功
[02:26:16 INF] 【直播间】23040372 的第 16 个心跳包发送成功
[02:26:17 INF] 【直播间】31494 的第 16 个心跳包发送成功
[02:26:18 INF] 【直播间】4015781 的第 16 个心跳包发送成功
[02:26:19 INF] 【直播间】9619073 的第 16 个心跳包发送成功
[02:26:21 INF] 【直播间】407149 的第 16 个心跳包发送成功
[02:26:22 INF] 【直播间】7184632 的第 16 个心跳包发送成功
[02:26:23 INF] 【直播间】23447660 的第 16 个心跳包发送成功
[02:26:24 INF] 【直播间】929670 的第 16 个心跳包发送成功
[02:26:26 INF] 【直播间】11732699 的第 16 个心跳包发送成功
[02:26:27 INF] 【直播间】91164 的第 16 个心跳包发送成功
[02:26:28 INF] 【直播间】22764265 的第 16 个心跳包发送成功
[02:27:21 INF] 【直播间】23357926 的第 17 个心跳包发送成功
[02:27:22 INF] 【直播间】23040372 的第 17 个心跳包发送成功
[02:27:23 INF] 【直播间】31494 的第 17 个心跳包发送成功
[02:27:25 INF] 【直播间】4015781 的第 17 个心跳包发送成功
[02:27:26 INF] 【直播间】9619073 的第 17 个心跳包发送成功
[02:27:27 INF] 【直播间】407149 的第 17 个心跳包发送成功
[02:27:28 INF] 【直播间】7184632 的第 17 个心跳包发送成功
[02:27:30 INF] 【直播间】23447660 的第 17 个心跳包发送成功
[02:27:31 INF] 【直播间】929670 的第 17 个心跳包发送成功
[02:27:32 INF] 【直播间】11732699 的第 17 个心跳包发送成功
[02:27:33 INF] 【直播间】91164 的第 17 个心跳包发送成功
[02:27:34 INF] 【直播间】22764265 的第 17 个心跳包发送成功
[02:28:27 INF] 【直播间】23357926 的第 18 个心跳包发送成功
[02:28:29 INF] 【直播间】23040372 的第 18 个心跳包发送成功
[02:28:30 INF] 【直播间】31494 的第 18 个心跳包发送成功
[02:28:31 INF] 【直播间】4015781 的第 18 个心跳包发送成功
[02:28:32 INF] 【直播间】9619073 的第 18 个心跳包发送成功
[02:28:33 INF] 【直播间】407149 的第 18 个心跳包发送成功
[02:28:35 INF] 【直播间】7184632 的第 18 个心跳包发送成功
[02:28:36 INF] 【直播间】23447660 的第 18 个心跳包发送成功
[02:28:37 INF] 【直播间】929670 的第 18 个心跳包发送成功
[02:28:38 INF] 【直播间】11732699 的第 18 个心跳包发送成功
[02:28:40 INF] 【直播间】91164 的第 18 个心跳包发送成功
[02:28:41 INF] 【直播间】22764265 的第 18 个心跳包发送成功
[02:29:34 INF] 【直播间】23357926 的第 19 个心跳包发送成功
[02:29:35 INF] 【直播间】23040372 的第 19 个心跳包发送成功
[02:29:36 INF] 【直播间】31494 的第 19 个心跳包发送成功
[02:29:37 INF] 【直播间】4015781 的第 19 个心跳包发送成功
[02:29:39 INF] 【直播间】9619073 的第 19 个心跳包发送成功
[02:29:40 INF] 【直播间】407149 的第 19 个心跳包发送成功
[02:29:41 INF] 【直播间】7184632 的第 19 个心跳包发送成功
[02:29:43 INF] 【直播间】23447660 的第 19 个心跳包发送成功
[02:29:44 INF] 【直播间】929670 的第 19 个心跳包发送成功
[02:29:45 INF] 【直播间】11732699 的第 19 个心跳包发送成功
[02:29:46 INF] 【直播间】91164 的第 19 个心跳包发送成功
[02:29:48 INF] 【直播间】22764265 的第 19 个心跳包发送成功
[02:30:40 INF] 【直播间】23357926 的第 20 个心跳包发送成功
[02:30:42 INF] 【直播间】23040372 的第 20 个心跳包发送成功
[02:30:43 INF] 【直播间】31494 的第 20 个心跳包发送成功
[02:30:44 INF] 【直播间】4015781 的第 20 个心跳包发送成功
[02:30:46 INF] 【直播间】9619073 的第 20 个心跳包发送成功
[02:30:47 INF] 【直播间】407149 的第 20 个心跳包发送成功
[02:30:48 INF] 【直播间】7184632 的第 20 个心跳包发送成功
[02:30:49 INF] 【直播间】23447660 的第 20 个心跳包发送成功
[02:30:51 INF] 【直播间】929670 的第 20 个心跳包发送成功
[02:30:52 INF] 【直播间】11732699 的第 20 个心跳包发送成功
[02:30:53 INF] 【直播间】91164 的第 20 个心跳包发送成功
[02:30:54 INF] 【直播间】22764265 的第 20 个心跳包发送成功
[02:31:47 INF] 【直播间】23357926 的第 21 个心跳包发送成功
[02:31:49 INF] 【直播间】23040372 的第 21 个心跳包发送成功
[02:31:50 INF] 【直播间】31494 的第 21 个心跳包发送成功
[02:31:51 INF] 【直播间】4015781 的第 21 个心跳包发送成功
[02:31:52 INF] 【直播间】9619073 的第 21 个心跳包发送成功
[02:31:54 INF] 【直播间】407149 的第 21 个心跳包发送成功
[02:31:55 INF] 【直播间】7184632 的第 21 个心跳包发送成功
[02:31:56 INF] 【直播间】23447660 的第 21 个心跳包发送成功
[02:31:57 INF] 【直播间】929670 的第 21 个心跳包发送成功
[02:31:58 INF] 【直播间】11732699 的第 21 个心跳包发送成功
[02:32:00 INF] 【直播间】91164 的第 21 个心跳包发送成功
[02:32:01 INF] 【直播间】22764265 的第 21 个心跳包发送成功
[02:32:54 INF] 【直播间】23357926 的第 22 个心跳包发送成功
[02:32:55 INF] 【直播间】23040372 的第 22 个心跳包发送成功
[02:32:56 INF] 【直播间】31494 的第 22 个心跳包发送成功
[02:32:58 INF] 【直播间】4015781 的第 22 个心跳包发送成功
[02:32:59 INF] 【直播间】9619073 的第 22 个心跳包发送成功
[02:33:00 INF] 【直播间】407149 的第 22 个心跳包发送成功
[02:33:01 INF] 【直播间】7184632 的第 22 个心跳包发送成功
[02:33:03 INF] 【直播间】23447660 的第 22 个心跳包发送成功
[02:33:04 INF] 【直播间】929670 的第 22 个心跳包发送成功
[02:33:05 INF] 【直播间】11732699 的第 22 个心跳包发送成功
[02:33:06 INF] 【直播间】91164 的第 22 个心跳包发送成功
[02:33:08 INF] 【直播间】22764265 的第 22 个心跳包发送成功
[02:34:00 INF] 【直播间】23357926 的第 23 个心跳包发送成功
[02:34:02 INF] 【直播间】23040372 的第 23 个心跳包发送成功
[02:34:03 INF] 【直播间】31494 的第 23 个心跳包发送成功
[02:34:04 INF] 【直播间】4015781 的第 23 个心跳包发送成功
[02:34:05 INF] 【直播间】9619073 的第 23 个心跳包发送成功
[02:34:07 INF] 【直播间】407149 的第 23 个心跳包发送成功
[02:34:08 INF] 【直播间】7184632 的第 23 个心跳包发送成功
[02:34:09 INF] 【直播间】23447660 的第 23 个心跳包发送成功
[02:34:11 INF] 【直播间】929670 的第 23 个心跳包发送成功
[02:34:12 INF] 【直播间】11732699 的第 23 个心跳包发送成功
[02:34:13 INF] 【直播间】91164 的第 23 个心跳包发送成功
[02:34:14 INF] 【直播间】22764265 的第 23 个心跳包发送成功
[02:35:07 INF] 【直播间】23357926 的第 24 个心跳包发送成功
[02:35:08 INF] 【直播间】23040372 的第 24 个心跳包发送成功
[02:35:09 INF] 【直播间】31494 的第 24 个心跳包发送成功
[02:35:11 INF] 【直播间】4015781 的第 24 个心跳包发送成功
[02:35:12 INF] 【直播间】9619073 的第 24 个心跳包发送成功
[02:35:13 INF] 【直播间】407149 的第 24 个心跳包发送成功
[02:35:15 INF] 【直播间】7184632 的第 24 个心跳包发送成功
[02:35:16 INF] 【直播间】23447660 的第 24 个心跳包发送成功
[02:35:17 INF] 【直播间】929670 的第 24 个心跳包发送成功
[02:35:18 INF] 【直播间】11732699 的第 24 个心跳包发送成功
[02:35:20 INF] 【直播间】91164 的第 24 个心跳包发送成功
[02:35:21 INF] 【直播间】22764265 的第 24 个心跳包发送成功
[02:36:13 INF] 【直播间】23357926 的第 25 个心跳包发送成功
[02:36:15 INF] 【直播间】23040372 的第 25 个心跳包发送成功
[02:36:16 INF] 【直播间】31494 的第 25 个心跳包发送成功
[02:36:17 INF] 【直播间】4015781 的第 25 个心跳包发送成功
[02:36:18 INF] 【直播间】9619073 的第 25 个心跳包发送成功
[02:36:20 INF] 【直播间】407149 的第 25 个心跳包发送成功
[02:36:21 INF] 【直播间】7184632 的第 25 个心跳包发送成功
[02:36:22 INF] 【直播间】23447660 的第 25 个心跳包发送成功
[02:36:24 INF] 【直播间】929670 的第 25 个心跳包发送成功
[02:36:25 INF] 【直播间】11732699 的第 25 个心跳包发送成功
[02:36:26 INF] 【直播间】91164 的第 25 个心跳包发送成功
[02:36:27 INF] 【直播间】22764265 的第 25 个心跳包发送成功
[02:37:20 INF] 【直播间】23357926 的第 26 个心跳包发送成功
[02:37:22 INF] 【直播间】23040372 的第 26 个心跳包发送成功
[02:37:23 INF] 【直播间】31494 的第 26 个心跳包发送成功
[02:37:24 INF] 【直播间】4015781 的第 26 个心跳包发送成功
[02:37:26 INF] 【直播间】9619073 的第 26 个心跳包发送成功
[02:37:27 INF] 【直播间】407149 的第 26 个心跳包发送成功
[02:37:28 INF] 【直播间】7184632 的第 26 个心跳包发送成功
[02:37:29 INF] 【直播间】23447660 的第 26 个心跳包发送成功
[02:37:31 INF] 【直播间】929670 的第 26 个心跳包发送成功
[02:37:32 INF] 【直播间】11732699 的第 26 个心跳包发送成功
[02:37:33 INF] 【直播间】91164 的第 26 个心跳包发送成功
[02:37:34 INF] 【直播间】22764265 的第 26 个心跳包发送成功
[02:38:27 INF] 【直播间】23357926 的第 27 个心跳包发送成功
[02:38:28 INF] 【直播间】23040372 的第 27 个心跳包发送成功
[02:38:29 INF] 【直播间】31494 的第 27 个心跳包发送成功
[02:38:31 INF] 【直播间】4015781 的第 27 个心跳包发送成功
[02:38:32 INF] 【直播间】9619073 的第 27 个心跳包发送成功
[02:38:33 INF] 【直播间】407149 的第 27 个心跳包发送成功
[02:38:35 INF] 【直播间】7184632 的第 27 个心跳包发送成功
[02:38:36 INF] 【直播间】23447660 的第 27 个心跳包发送成功
[02:38:37 INF] 【直播间】929670 的第 27 个心跳包发送成功
[02:38:38 INF] 【直播间】11732699 的第 27 个心跳包发送成功
[02:38:40 INF] 【直播间】91164 的第 27 个心跳包发送成功
[02:38:41 INF] 【直播间】22764265 的第 27 个心跳包发送成功
[02:39:33 ERR] 【心跳包】直播间 23357926 发送失败
[02:39:33 ERR] 【原因】time check failed
[02:39:34 ERR] 【心跳包】直播间 23040372 发送失败
[02:39:34 ERR] 【原因】time check failed
[02:39:36 ERR] 【心跳包】直播间 31494 发送失败
[02:39:36 ERR] 【原因】time check failed
[02:39:37 ERR] 【心跳包】直播间 4015781 发送失败
[02:39:37 ERR] 【原因】time check failed
[02:39:38 ERR] 【心跳包】直播间 9619073 发送失败
[02:39:38 ERR] 【原因】time check failed
[02:39:40 ERR] 【心跳包】直播间 407149 发送失败
[02:39:40 ERR] 【原因】time check failed
[02:39:41 ERR] 【心跳包】直播间 7184632 发送失败
[02:39:41 ERR] 【原因】time check failed
[02:39:42 ERR] 【心跳包】直播间 23447660 发送失败
[02:39:42 ERR] 【原因】time check failed
[02:39:43 ERR] 【心跳包】直播间 929670 发送失败
[02:39:43 ERR] 【原因】time check failed
[02:39:45 ERR] 【心跳包】直播间 11732699 发送失败
[02:39:45 ERR] 【原因】time check failed
[02:39:46 INF] 【直播间】91164 的第 28 个心跳包发送成功
[02:39:47 ERR] 【心跳包】直播间 22764265 发送失败
[02:39:47 ERR] 【原因】time check failed
[02:40:40 INF] 【直播间】23357926 的第 28 个心跳包发送成功
[02:40:41 INF] 【直播间】23040372 的第 28 个心跳包发送成功
[02:40:42 INF] 【直播间】31494 的第 28 个心跳包发送成功
[02:40:43 INF] 【直播间】4015781 的第 28 个心跳包发送成功
[02:40:45 INF] 【直播间】9619073 的第 28 个心跳包发送成功
[02:40:46 INF] 【直播间】407149 的第 28 个心跳包发送成功
[02:40:47 INF] 【直播间】7184632 的第 28 个心跳包发送成功
[02:40:48 INF] 【直播间】23447660 的第 28 个心跳包发送成功
[02:40:50 INF] 【直播间】929670 的第 28 个心跳包发送成功
[02:40:51 INF] 【直播间】11732699 的第 28 个心跳包发送成功
[02:40:52 ERR] 【心跳包】直播间 91164 发送失败
[02:40:52 ERR] 【原因】time check failed
[02:40:54 INF] 【直播间】22764265 的第 28 个心跳包发送成功
[02:41:46 INF] 【直播间】23357926 的第 29 个心跳包发送成功
[02:41:47 INF] 【直播间】23040372 的第 29 个心跳包发送成功
[02:41:48 INF] 【直播间】31494 的第 29 个心跳包发送成功
[02:41:50 INF] 【直播间】4015781 的第 29 个心跳包发送成功
[02:41:51 INF] 【直播间】9619073 的第 29 个心跳包发送成功
[02:41:52 INF] 【直播间】407149 的第 29 个心跳包发送成功
[02:41:54 INF] 【直播间】7184632 的第 29 个心跳包发送成功
[02:41:55 INF] 【直播间】23447660 的第 29 个心跳包发送成功
[02:41:56 INF] 【直播间】929670 的第 29 个心跳包发送成功
[02:41:57 INF] 【直播间】11732699 的第 29 个心跳包发送成功
[02:41:58 INF] 【直播间】91164 的第 29 个心跳包发送成功
[02:42:00 INF] 【直播间】22764265 的第 29 个心跳包发送成功
[02:42:53 INF] 【直播间】23357926 的第 30 个心跳包发送成功
[02:42:54 INF] 【直播间】23040372 的第 30 个心跳包发送成功
[02:42:55 INF] 【直播间】31494 的第 30 个心跳包发送成功
[02:42:56 INF] 【直播间】4015781 的第 30 个心跳包发送成功
[02:42:58 INF] 【直播间】9619073 的第 30 个心跳包发送成功
[02:42:59 INF] 【直播间】407149 的第 30 个心跳包发送成功
[02:43:00 INF] 【直播间】7184632 的第 30 个心跳包发送成功
[02:43:01 INF] 【直播间】23447660 的第 30 个心跳包发送成功
[02:43:03 INF] 【直播间】929670 的第 30 个心跳包发送成功
[02:43:04 INF] 【直播间】11732699 的第 30 个心跳包发送成功
[02:43:05 INF] 【直播间】91164 的第 30 个心跳包发送成功
[02:43:06 INF] 【直播间】22764265 的第 30 个心跳包发送成功
[02:43:59 INF] 【直播间】23357926 的第 31 个心跳包发送成功
[02:44:00 INF] 【直播间】23040372 的第 31 个心跳包发送成功
[02:44:01 INF] 【直播间】31494 的第 31 个心跳包发送成功
[02:44:03 INF] 【直播间】4015781 的第 31 个心跳包发送成功
[02:44:04 INF] 【直播间】9619073 的第 31 个心跳包发送成功
[02:44:05 INF] 【直播间】407149 的第 31 个心跳包发送成功
[02:44:06 INF] 【直播间】7184632 的第 31 个心跳包发送成功
[02:44:08 INF] 【直播间】23447660 的第 31 个心跳包发送成功
[02:44:09 INF] 【直播间】929670 的第 31 个心跳包发送成功
[02:44:10 INF] 【直播间】11732699 的第 31 个心跳包发送成功
[02:44:11 INF] 【直播间】91164 的第 31 个心跳包发送成功
[02:44:13 INF] 【直播间】22764265 的第 31 个心跳包发送成功
[02:45:05 INF] 【直播间】23357926 的第 32 个心跳包发送成功
[02:45:07 INF] 【直播间】23040372 的第 32 个心跳包发送成功
[02:45:08 INF] 【直播间】31494 的第 32 个心跳包发送成功
[02:45:09 INF] 【直播间】4015781 的第 32 个心跳包发送成功
[02:45:10 INF] 【直播间】9619073 的第 32 个心跳包发送成功
[02:45:12 INF] 【直播间】407149 的第 32 个心跳包发送成功
[02:45:13 INF] 【直播间】7184632 的第 32 个心跳包发送成功
[02:45:14 INF] 【直播间】23447660 的第 32 个心跳包发送成功
[02:45:15 INF] 【直播间】929670 的第 32 个心跳包发送成功
[02:45:17 INF] 【直播间】11732699 的第 32 个心跳包发送成功
[02:45:18 INF] 【直播间】91164 的第 32 个心跳包发送成功
[02:45:19 INF] 【直播间】22764265 的第 32 个心跳包发送成功
[02:46:12 INF] 【直播间】23357926 的第 33 个心跳包发送成功
[02:46:13 INF] 【直播间】23040372 的第 33 个心跳包发送成功
[02:46:14 INF] 【直播间】31494 的第 33 个心跳包发送成功
[02:46:16 INF] 【直播间】4015781 的第 33 个心跳包发送成功
[02:46:17 INF] 【直播间】9619073 的第 33 个心跳包发送成功
[02:46:18 INF] 【直播间】407149 的第 33 个心跳包发送成功
[02:46:19 INF] 【直播间】7184632 的第 33 个心跳包发送成功
[02:46:21 INF] 【直播间】23447660 的第 33 个心跳包发送成功
[02:46:22 INF] 【直播间】929670 的第 33 个心跳包发送成功
[02:46:23 INF] 【直播间】11732699 的第 33 个心跳包发送成功
[02:46:24 INF] 【直播间】91164 的第 33 个心跳包发送成功
[02:46:26 INF] 【直播间】22764265 的第 33 个心跳包发送成功
[02:47:19 INF] 【直播间】23357926 的第 34 个心跳包发送成功
[02:47:20 INF] 【直播间】23040372 的第 34 个心跳包发送成功
[02:47:21 INF] 【直播间】31494 的第 34 个心跳包发送成功
[02:47:22 INF] 【直播间】4015781 的第 34 个心跳包发送成功
[02:47:23 INF] 【直播间】9619073 的第 34 个心跳包发送成功
[02:47:25 INF] 【直播间】407149 的第 34 个心跳包发送成功
[02:47:26 INF] 【直播间】7184632 的第 34 个心跳包发送成功
[02:47:27 INF] 【直播间】23447660 的第 34 个心跳包发送成功
[02:47:28 INF] 【直播间】929670 的第 34 个心跳包发送成功
[02:47:30 INF] 【直播间】11732699 的第 34 个心跳包发送成功
[02:47:31 INF] 【直播间】91164 的第 34 个心跳包发送成功
[02:47:32 INF] 【直播间】22764265 的第 34 个心跳包发送成功
[02:48:25 INF] 【直播间】23357926 的第 35 个心跳包发送成功
[02:48:26 INF] 【直播间】23040372 的第 35 个心跳包发送成功
[02:48:28 INF] 【直播间】31494 的第 35 个心跳包发送成功
[02:48:29 INF] 【直播间】4015781 的第 35 个心跳包发送成功
[02:48:30 INF] 【直播间】9619073 的第 35 个心跳包发送成功
[02:48:31 INF] 【直播间】407149 的第 35 个心跳包发送成功
[02:48:33 INF] 【直播间】7184632 的第 35 个心跳包发送成功
[02:48:34 INF] 【直播间】23447660 的第 35 个心跳包发送成功
[02:48:35 INF] 【直播间】929670 的第 35 个心跳包发送成功
[02:48:36 INF] 【直播间】11732699 的第 35 个心跳包发送成功
[02:48:37 INF] 【直播间】91164 的第 35 个心跳包发送成功
[02:48:39 INF] 【直播间】22764265 的第 35 个心跳包发送成功
[02:49:32 INF] 【直播间】23357926 的第 36 个心跳包发送成功
[02:49:33 INF] 【直播间】23040372 的第 36 个心跳包发送成功
[02:49:34 INF] 【直播间】31494 的第 36 个心跳包发送成功
[02:49:35 INF] 【直播间】4015781 的第 36 个心跳包发送成功
[02:49:37 INF] 【直播间】9619073 的第 36 个心跳包发送成功
[02:49:38 INF] 【直播间】407149 的第 36 个心跳包发送成功
[02:49:39 INF] 【直播间】7184632 的第 36 个心跳包发送成功
[02:49:40 INF] 【直播间】23447660 的第 36 个心跳包发送成功
[02:49:42 INF] 【直播间】929670 的第 36 个心跳包发送成功
[02:49:43 INF] 【直播间】11732699 的第 36 个心跳包发送成功
[02:49:44 INF] 【直播间】91164 的第 36 个心跳包发送成功
[02:49:46 INF] 【直播间】22764265 的第 36 个心跳包发送成功
[02:50:38 INF] 【直播间】23357926 的第 37 个心跳包发送成功
[02:50:39 INF] 【直播间】23040372 的第 37 个心跳包发送成功
[02:50:40 INF] 【直播间】31494 的第 37 个心跳包发送成功
[02:50:42 INF] 【直播间】4015781 的第 37 个心跳包发送成功
[02:50:43 INF] 【直播间】9619073 的第 37 个心跳包发送成功
[02:50:44 INF] 【直播间】407149 的第 37 个心跳包发送成功
[02:50:45 INF] 【直播间】7184632 的第 37 个心跳包发送成功
[02:50:47 INF] 【直播间】23447660 的第 37 个心跳包发送成功
[02:50:48 INF] 【直播间】929670 的第 37 个心跳包发送成功
[02:50:49 INF] 【直播间】11732699 的第 37 个心跳包发送成功
[02:50:50 INF] 【直播间】91164 的第 37 个心跳包发送成功
[02:50:52 INF] 【直播间】22764265 的第 37 个心跳包发送成功
[02:51:44 INF] 【直播间】23357926 的第 38 个心跳包发送成功
[02:51:46 INF] 【直播间】23040372 的第 38 个心跳包发送成功
[02:51:47 INF] 【直播间】31494 的第 38 个心跳包发送成功
[02:51:48 INF] 【直播间】4015781 的第 38 个心跳包发送成功
[02:51:49 INF] 【直播间】9619073 的第 38 个心跳包发送成功
[02:51:51 INF] 【直播间】407149 的第 38 个心跳包发送成功
[02:51:52 INF] 【直播间】7184632 的第 38 个心跳包发送成功
[02:51:53 INF] 【直播间】23447660 的第 38 个心跳包发送成功
[02:51:54 INF] 【直播间】929670 的第 38 个心跳包发送成功
[02:51:55 INF] 【直播间】11732699 的第 38 个心跳包发送成功
[02:51:57 INF] 【直播间】91164 的第 38 个心跳包发送成功
[02:51:58 INF] 【直播间】22764265 的第 38 个心跳包发送成功
[02:52:51 INF] 【直播间】23357926 的第 39 个心跳包发送成功
[02:52:52 INF] 【直播间】23040372 的第 39 个心跳包发送成功
[02:52:54 INF] 【直播间】31494 的第 39 个心跳包发送成功
[02:52:55 INF] 【直播间】4015781 的第 39 个心跳包发送成功
[02:52:56 INF] 【直播间】9619073 的第 39 个心跳包发送成功
[02:52:57 INF] 【直播间】407149 的第 39 个心跳包发送成功
[02:52:59 INF] 【直播间】7184632 的第 39 个心跳包发送成功
[02:53:00 INF] 【直播间】23447660 的第 39 个心跳包发送成功
[02:53:01 INF] 【直播间】929670 的第 39 个心跳包发送成功
[02:53:03 INF] 【直播间】11732699 的第 39 个心跳包发送成功
[02:53:04 INF] 【直播间】91164 的第 39 个心跳包发送成功
[02:53:05 INF] 【直播间】22764265 的第 39 个心跳包发送成功
[02:53:58 INF] 【直播间】23357926 的第 40 个心跳包发送成功
[02:53:59 INF] 【直播间】23040372 的第 40 个心跳包发送成功
[02:54:00 INF] 【直播间】31494 的第 40 个心跳包发送成功
[02:54:01 INF] 【直播间】4015781 的第 40 个心跳包发送成功
[02:54:03 INF] 【直播间】9619073 的第 40 个心跳包发送成功
[02:54:04 INF] 【直播间】407149 的第 40 个心跳包发送成功
[02:54:05 INF] 【直播间】7184632 的第 40 个心跳包发送成功
[02:54:06 INF] 【直播间】23447660 的第 40 个心跳包发送成功
[02:54:08 INF] 【直播间】929670 的第 40 个心跳包发送成功
[02:54:09 INF] 【直播间】11732699 的第 40 个心跳包发送成功
[02:54:10 INF] 【直播间】91164 的第 40 个心跳包发送成功
[02:54:12 INF] 【直播间】22764265 的第 40 个心跳包发送成功
[02:55:05 ERR] 【心跳包】直播间 23357926 发送失败
[02:55:05 ERR] 【原因】time check failed
[02:55:06 ERR] 【心跳包】直播间 23040372 发送失败
[02:55:06 ERR] 【原因】time check failed
[02:55:07 ERR] 【心跳包】直播间 31494 发送失败
[02:55:07 ERR] 【原因】time check failed
[02:55:08 ERR] 【心跳包】直播间 4015781 发送失败
[02:55:08 ERR] 【原因】time check failed
[02:55:09 ERR] 【心跳包】直播间 9619073 发送失败
[02:55:09 ERR] 【原因】time check failed
[02:55:11 ERR] 【心跳包】直播间 407149 发送失败
[02:55:11 ERR] 【原因】time check failed
[02:55:12 ERR] 【心跳包】直播间 7184632 发送失败
[02:55:12 ERR] 【原因】time check failed
[02:55:13 ERR] 【心跳包】直播间 23447660 发送失败
[02:55:13 ERR] 【原因】time check failed
[02:55:14 ERR] 【心跳包】直播间 929670 发送失败
[02:55:14 ERR] 【原因】time check failed
[02:55:16 INF] 【直播间】11732699 的第 41 个心跳包发送成功
[02:55:17 INF] 【直播间】91164 的第 41 个心跳包发送成功
[02:55:18 ERR] 【心跳包】直播间 22764265 发送失败
[02:55:18 ERR] 【原因】time check failed
[02:56:11 INF] 【直播间】23357926 的第 41 个心跳包发送成功
[02:56:12 INF] 【直播间】23040372 的第 41 个心跳包发送成功
[02:56:13 INF] 【直播间】31494 的第 41 个心跳包发送成功
[02:56:15 INF] 【直播间】4015781 的第 41 个心跳包发送成功
[02:56:16 INF] 【直播间】9619073 的第 41 个心跳包发送成功
[02:56:17 INF] 【直播间】407149 的第 41 个心跳包发送成功
[02:56:19 INF] 【直播间】7184632 的第 41 个心跳包发送成功
[02:56:20 INF] 【直播间】23447660 的第 41 个心跳包发送成功
[02:56:21 INF] 【直播间】929670 的第 41 个心跳包发送成功
[02:56:22 ERR] 【心跳包】直播间 11732699 发送失败
[02:56:22 ERR] 【原因】time check failed
[02:56:23 ERR] 【心跳包】直播间 91164 发送失败
[02:56:23 ERR] 【原因】time check failed
[02:56:25 INF] 【直播间】22764265 的第 41 个心跳包发送成功
[02:57:18 INF] 【直播间】23357926 的第 42 个心跳包发送成功
[02:57:19 INF] 【直播间】23040372 的第 42 个心跳包发送成功
[02:57:20 INF] 【直播间】31494 的第 42 个心跳包发送成功
[02:57:21 INF] 【直播间】4015781 的第 42 个心跳包发送成功
[02:57:22 INF] 【直播间】9619073 的第 42 个心跳包发送成功
[02:57:24 INF] 【直播间】407149 的第 42 个心跳包发送成功
[02:57:25 INF] 【直播间】7184632 的第 42 个心跳包发送成功
[02:57:26 INF] 【直播间】23447660 的第 42 个心跳包发送成功
[02:57:27 INF] 【直播间】929670 的第 42 个心跳包发送成功
[02:57:29 INF] 【直播间】11732699 的第 42 个心跳包发送成功
[02:57:30 INF] 【直播间】91164 的第 42 个心跳包发送成功
[02:57:31 INF] 【直播间】22764265 的第 42 个心跳包发送成功
[02:58:24 INF] 【直播间】23357926 的第 43 个心跳包发送成功
[02:58:25 INF] 【直播间】23040372 的第 43 个心跳包发送成功
[02:58:26 INF] 【直播间】31494 的第 43 个心跳包发送成功
[02:58:28 INF] 【直播间】4015781 的第 43 个心跳包发送成功
[02:58:29 INF] 【直播间】9619073 的第 43 个心跳包发送成功
[02:58:30 INF] 【直播间】407149 的第 43 个心跳包发送成功
[02:58:31 INF] 【直播间】7184632 的第 43 个心跳包发送成功
[02:58:33 INF] 【直播间】23447660 的第 43 个心跳包发送成功
[02:58:34 INF] 【直播间】929670 的第 43 个心跳包发送成功
[02:58:35 INF] 【直播间】11732699 的第 43 个心跳包发送成功
[02:58:36 INF] 【直播间】91164 的第 43 个心跳包发送成功
[02:58:38 INF] 【直播间】22764265 的第 43 个心跳包发送成功
[02:59:31 INF] 【直播间】23357926 的第 44 个心跳包发送成功
[02:59:32 INF] 【直播间】23040372 的第 44 个心跳包发送成功
[02:59:33 INF] 【直播间】31494 的第 44 个心跳包发送成功
[02:59:34 INF] 【直播间】4015781 的第 44 个心跳包发送成功
[02:59:35 INF] 【直播间】9619073 的第 44 个心跳包发送成功
[02:59:37 INF] 【直播间】407149 的第 44 个心跳包发送成功
[02:59:38 INF] 【直播间】7184632 的第 44 个心跳包发送成功
[02:59:39 INF] 【直播间】23447660 的第 44 个心跳包发送成功
[02:59:40 INF] 【直播间】929670 的第 44 个心跳包发送成功
[02:59:42 INF] 【直播间】11732699 的第 44 个心跳包发送成功
[02:59:43 INF] 【直播间】91164 的第 44 个心跳包发送成功
[02:59:44 INF] 【直播间】22764265 的第 44 个心跳包发送成功
[03:00:37 INF] 【直播间】23357926 的第 45 个心跳包发送成功
[03:00:38 INF] 【直播间】23040372 的第 45 个心跳包发送成功
[03:00:40 INF] 【直播间】31494 的第 45 个心跳包发送成功
[03:00:41 INF] 【直播间】4015781 的第 45 个心跳包发送成功
[03:00:42 INF] 【直播间】9619073 的第 45 个心跳包发送成功
[03:00:43 INF] 【直播间】407149 的第 45 个心跳包发送成功
[03:00:45 INF] 【直播间】7184632 的第 45 个心跳包发送成功
[03:00:46 INF] 【直播间】23447660 的第 45 个心跳包发送成功
[03:00:47 INF] 【直播间】929670 的第 45 个心跳包发送成功
[03:00:48 INF] 【直播间】11732699 的第 45 个心跳包发送成功
[03:00:49 INF] 【直播间】91164 的第 45 个心跳包发送成功
[03:00:51 INF] 【直播间】22764265 的第 45 个心跳包发送成功
[03:01:44 INF] 【直播间】23357926 的第 46 个心跳包发送成功
[03:01:45 INF] 【直播间】23040372 的第 46 个心跳包发送成功
[03:01:46 INF] 【直播间】31494 的第 46 个心跳包发送成功
[03:01:47 INF] 【直播间】4015781 的第 46 个心跳包发送成功
[03:01:49 INF] 【直播间】9619073 的第 46 个心跳包发送成功
[03:01:50 INF] 【直播间】407149 的第 46 个心跳包发送成功
[03:01:51 INF] 【直播间】7184632 的第 46 个心跳包发送成功
[03:01:52 INF] 【直播间】23447660 的第 46 个心跳包发送成功
[03:01:54 INF] 【直播间】929670 的第 46 个心跳包发送成功
[03:01:55 INF] 【直播间】11732699 的第 46 个心跳包发送成功
[03:01:56 INF] 【直播间】91164 的第 46 个心跳包发送成功
[03:01:57 INF] 【直播间】22764265 的第 46 个心跳包发送成功
[03:02:50 INF] 【直播间】23357926 的第 47 个心跳包发送成功
[03:02:51 INF] 【直播间】23040372 的第 47 个心跳包发送成功
[03:02:53 INF] 【直播间】31494 的第 47 个心跳包发送成功
[03:02:54 INF] 【直播间】4015781 的第 47 个心跳包发送成功
[03:02:55 INF] 【直播间】9619073 的第 47 个心跳包发送成功
[03:02:56 INF] 【直播间】407149 的第 47 个心跳包发送成功
[03:02:58 INF] 【直播间】7184632 的第 47 个心跳包发送成功
[03:02:59 INF] 【直播间】23447660 的第 47 个心跳包发送成功
[03:03:00 INF] 【直播间】929670 的第 47 个心跳包发送成功
[03:03:01 INF] 【直播间】11732699 的第 47 个心跳包发送成功
[03:03:03 INF] 【直播间】91164 的第 47 个心跳包发送成功
[03:03:04 INF] 【直播间】22764265 的第 47 个心跳包发送成功
[03:03:57 INF] 【直播间】23357926 的第 48 个心跳包发送成功
[03:03:58 INF] 【直播间】23040372 的第 48 个心跳包发送成功
[03:03:59 INF] 【直播间】31494 的第 48 个心跳包发送成功
[03:04:00 INF] 【直播间】4015781 的第 48 个心跳包发送成功
[03:04:02 INF] 【直播间】9619073 的第 48 个心跳包发送成功
[03:04:03 INF] 【直播间】407149 的第 48 个心跳包发送成功
[03:04:04 INF] 【直播间】7184632 的第 48 个心跳包发送成功
[03:04:05 INF] 【直播间】23447660 的第 48 个心跳包发送成功
[03:04:07 INF] 【直播间】929670 的第 48 个心跳包发送成功
[03:04:08 INF] 【直播间】11732699 的第 48 个心跳包发送成功
[03:04:09 INF] 【直播间】91164 的第 48 个心跳包发送成功
[03:04:10 INF] 【直播间】22764265 的第 48 个心跳包发送成功
[03:05:03 INF] 【直播间】23357926 的第 49 个心跳包发送成功
[03:05:04 INF] 【直播间】23040372 的第 49 个心跳包发送成功
[03:05:06 INF] 【直播间】31494 的第 49 个心跳包发送成功
[03:05:07 INF] 【直播间】4015781 的第 49 个心跳包发送成功
[03:05:08 INF] 【直播间】9619073 的第 49 个心跳包发送成功
[03:05:09 INF] 【直播间】407149 的第 49 个心跳包发送成功
[03:05:11 INF] 【直播间】7184632 的第 49 个心跳包发送成功
[03:05:12 INF] 【直播间】23447660 的第 49 个心跳包发送成功
[03:05:13 INF] 【直播间】929670 的第 49 个心跳包发送成功
[03:05:14 INF] 【直播间】11732699 的第 49 个心跳包发送成功
[03:05:16 INF] 【直播间】91164 的第 49 个心跳包发送成功
[03:05:17 INF] 【直播间】22764265 的第 49 个心跳包发送成功
[03:06:10 INF] 【直播间】23357926 的第 50 个心跳包发送成功
[03:06:11 INF] 【直播间】23040372 的第 50 个心跳包发送成功
[03:06:12 INF] 【直播间】31494 的第 50 个心跳包发送成功
[03:06:14 INF] 【直播间】4015781 的第 50 个心跳包发送成功
[03:06:15 INF] 【直播间】9619073 的第 50 个心跳包发送成功
[03:06:16 INF] 【直播间】407149 的第 50 个心跳包发送成功
[03:06:17 INF] 【直播间】7184632 的第 50 个心跳包发送成功
[03:06:19 INF] 【直播间】23447660 的第 50 个心跳包发送成功
[03:06:20 INF] 【直播间】929670 的第 50 个心跳包发送成功
[03:06:21 INF] 【直播间】11732699 的第 50 个心跳包发送成功
[03:06:22 INF] 【直播间】91164 的第 50 个心跳包发送成功
[03:06:24 INF] 【直播间】22764265 的第 50 个心跳包发送成功
[03:07:16 INF] 【直播间】23357926 的第 51 个心跳包发送成功
[03:07:17 INF] 【直播间】23040372 的第 51 个心跳包发送成功
[03:07:19 INF] 【直播间】31494 的第 51 个心跳包发送成功
[03:07:20 INF] 【直播间】4015781 的第 51 个心跳包发送成功
[03:07:21 INF] 【直播间】9619073 的第 51 个心跳包发送成功
[03:07:22 INF] 【直播间】407149 的第 51 个心跳包发送成功
[03:07:24 INF] 【直播间】7184632 的第 51 个心跳包发送成功
[03:07:25 INF] 【直播间】23447660 的第 51 个心跳包发送成功
[03:07:26 INF] 【直播间】929670 的第 51 个心跳包发送成功
[03:07:28 INF] 【直播间】11732699 的第 51 个心跳包发送成功
[03:07:29 INF] 【直播间】91164 的第 51 个心跳包发送成功
[03:07:30 INF] 【直播间】22764265 的第 51 个心跳包发送成功
[03:08:23 INF] 【直播间】23357926 的第 52 个心跳包发送成功
[03:08:24 INF] 【直播间】23040372 的第 52 个心跳包发送成功
[03:08:25 INF] 【直播间】31494 的第 52 个心跳包发送成功
[03:08:27 INF] 【直播间】4015781 的第 52 个心跳包发送成功
[03:08:28 INF] 【直播间】9619073 的第 52 个心跳包发送成功
[03:08:29 INF] 【直播间】407149 的第 52 个心跳包发送成功
[03:08:30 INF] 【直播间】7184632 的第 52 个心跳包发送成功
[03:08:32 INF] 【直播间】23447660 的第 52 个心跳包发送成功
[03:08:33 INF] 【直播间】929670 的第 52 个心跳包发送成功
[03:08:34 INF] 【直播间】11732699 的第 52 个心跳包发送成功
[03:08:35 INF] 【直播间】91164 的第 52 个心跳包发送成功
[03:08:37 INF] 【直播间】22764265 的第 52 个心跳包发送成功
[03:09:29 INF] 【直播间】23357926 的第 53 个心跳包发送成功
[03:09:30 INF] 【直播间】23040372 的第 53 个心跳包发送成功
[03:09:32 INF] 【直播间】31494 的第 53 个心跳包发送成功
[03:09:33 INF] 【直播间】4015781 的第 53 个心跳包发送成功
[03:09:34 INF] 【直播间】9619073 的第 53 个心跳包发送成功
[03:09:35 INF] 【直播间】407149 的第 53 个心跳包发送成功
[03:09:37 INF] 【直播间】7184632 的第 53 个心跳包发送成功
[03:09:38 INF] 【直播间】23447660 的第 53 个心跳包发送成功
[03:09:39 INF] 【直播间】929670 的第 53 个心跳包发送成功
[03:09:40 INF] 【直播间】11732699 的第 53 个心跳包发送成功
[03:09:42 INF] 【直播间】91164 的第 53 个心跳包发送成功
[03:09:43 INF] 【直播间】22764265 的第 53 个心跳包发送成功
[03:10:36 ERR] 【心跳包】直播间 23357926 发送失败
[03:10:36 ERR] 【原因】time check failed
[03:10:37 ERR] 【心跳包】直播间 23040372 发送失败
[03:10:37 ERR] 【原因】time check failed
[03:10:38 ERR] 【心跳包】直播间 31494 发送失败
[03:10:38 ERR] 【原因】time check failed
[03:10:40 ERR] 【心跳包】直播间 4015781 发送失败
[03:10:40 ERR] 【原因】time check failed
[03:10:41 ERR] 【心跳包】直播间 9619073 发送失败
[03:10:41 ERR] 【原因】time check failed
[03:10:42 ERR] 【心跳包】直播间 407149 发送失败
[03:10:42 ERR] 【原因】time check failed
[03:10:44 ERR] 【心跳包】直播间 7184632 发送失败
[03:10:44 ERR] 【原因】time check failed
[03:10:45 ERR] 【心跳包】直播间 23447660 发送失败
[03:10:45 ERR] 【原因】time check failed
[03:10:46 ERR] 【心跳包】直播间 929670 发送失败
[03:10:46 ERR] 【原因】time check failed
[03:10:47 INF] 【直播间】11732699 的第 54 个心跳包发送成功
[03:10:48 INF] 【直播间】91164 的第 54 个心跳包发送成功
[03:10:50 ERR] 【心跳包】直播间 22764265 发送失败
[03:10:50 ERR] 【原因】time check failed
[03:11:43 INF] 【直播间】23357926 的第 54 个心跳包发送成功
[03:11:44 INF] 【直播间】23040372 的第 54 个心跳包发送成功
[03:11:45 INF] 【直播间】31494 的第 54 个心跳包发送成功
[03:11:46 INF] 【直播间】4015781 的第 54 个心跳包发送成功
[03:11:48 INF] 【直播间】9619073 的第 54 个心跳包发送成功
[03:11:49 INF] 【直播间】407149 的第 54 个心跳包发送成功
[03:11:50 INF] 【直播间】7184632 的第 54 个心跳包发送成功
[03:11:52 INF] 【直播间】23447660 的第 54 个心跳包发送成功
[03:11:53 INF] 【直播间】929670 的第 54 个心跳包发送成功
[03:11:54 ERR] 【心跳包】直播间 11732699 发送失败
[03:11:54 ERR] 【原因】time check failed
[03:11:55 ERR] 【心跳包】直播间 91164 发送失败
[03:11:55 ERR] 【原因】time check failed
[03:11:57 INF] 【直播间】22764265 的第 54 个心跳包发送成功
[03:12:49 INF] 【直播间】23357926 的第 55 个心跳包发送成功
[03:12:50 INF] 【直播间】23040372 的第 55 个心跳包发送成功
[03:12:52 INF] 【直播间】31494 的第 55 个心跳包发送成功
[03:12:53 INF] 【直播间】4015781 的第 55 个心跳包发送成功
[03:12:54 INF] 【直播间】9619073 的第 55 个心跳包发送成功
[03:12:55 INF] 【直播间】407149 的第 55 个心跳包发送成功
[03:12:57 INF] 【直播间】7184632 的第 55 个心跳包发送成功
[03:12:58 INF] 【直播间】23447660 的第 55 个心跳包发送成功
[03:12:59 INF] 【直播间】929670 的第 55 个心跳包发送成功
[03:13:00 INF] 【直播间】11732699 的第 55 个心跳包发送成功
[03:13:02 INF] 【直播间】91164 的第 55 个心跳包发送成功
[03:13:03 INF] 【直播间】22764265 的第 55 个心跳包发送成功
[03:13:56 INF] 【直播间】23357926 的第 56 个心跳包发送成功
[03:13:57 INF] 【直播间】23040372 的第 56 个心跳包发送成功
[03:13:58 INF] 【直播间】31494 的第 56 个心跳包发送成功
[03:13:59 INF] 【直播间】4015781 的第 56 个心跳包发送成功
[03:14:00 INF] 【直播间】9619073 的第 56 个心跳包发送成功
[03:14:02 INF] 【直播间】407149 的第 56 个心跳包发送成功
[03:14:03 INF] 【直播间】7184632 的第 56 个心跳包发送成功
[03:14:04 INF] 【直播间】23447660 的第 56 个心跳包发送成功
[03:14:05 INF] 【直播间】929670 的第 56 个心跳包发送成功
[03:14:07 INF] 【直播间】11732699 的第 56 个心跳包发送成功
[03:14:08 INF] 【直播间】91164 的第 56 个心跳包发送成功
[03:14:09 INF] 【直播间】22764265 的第 56 个心跳包发送成功
[03:15:02 INF] 【直播间】23357926 的第 57 个心跳包发送成功
[03:15:03 INF] 【直播间】23040372 的第 57 个心跳包发送成功
[03:15:04 INF] 【直播间】31494 的第 57 个心跳包发送成功
[03:15:06 INF] 【直播间】4015781 的第 57 个心跳包发送成功
[03:15:07 INF] 【直播间】9619073 的第 57 个心跳包发送成功
[03:15:08 INF] 【直播间】407149 的第 57 个心跳包发送成功
[03:15:09 INF] 【直播间】7184632 的第 57 个心跳包发送成功
[03:15:11 INF] 【直播间】23447660 的第 57 个心跳包发送成功
[03:15:12 INF] 【直播间】929670 的第 57 个心跳包发送成功
[03:15:13 INF] 【直播间】11732699 的第 57 个心跳包发送成功
[03:15:14 INF] 【直播间】91164 的第 57 个心跳包发送成功
[03:15:16 INF] 【直播间】22764265 的第 57 个心跳包发送成功
[03:16:09 INF] 【直播间】23357926 的第 58 个心跳包发送成功
[03:16:10 INF] 【直播间】23040372 的第 58 个心跳包发送成功
[03:16:11 INF] 【直播间】31494 的第 58 个心跳包发送成功
[03:16:12 INF] 【直播间】4015781 的第 58 个心跳包发送成功
[03:16:14 INF] 【直播间】9619073 的第 58 个心跳包发送成功
[03:16:15 INF] 【直播间】407149 的第 58 个心跳包发送成功
[03:16:16 INF] 【直播间】7184632 的第 58 个心跳包发送成功
[03:16:17 INF] 【直播间】23447660 的第 58 个心跳包发送成功
[03:16:19 INF] 【直播间】929670 的第 58 个心跳包发送成功
[03:16:20 INF] 【直播间】11732699 的第 58 个心跳包发送成功
[03:16:21 INF] 【直播间】91164 的第 58 个心跳包发送成功
[03:16:22 INF] 【直播间】22764265 的第 58 个心跳包发送成功
[03:17:15 INF] 【直播间】23357926 的第 59 个心跳包发送成功
[03:17:17 INF] 【直播间】23040372 的第 59 个心跳包发送成功
[03:17:18 INF] 【直播间】31494 的第 59 个心跳包发送成功
[03:17:19 INF] 【直播间】4015781 的第 59 个心跳包发送成功
[03:17:20 INF] 【直播间】9619073 的第 59 个心跳包发送成功
[03:17:21 INF] 【直播间】407149 的第 59 个心跳包发送成功
[03:17:23 INF] 【直播间】7184632 的第 59 个心跳包发送成功
[03:17:24 INF] 【直播间】23447660 的第 59 个心跳包发送成功
[03:17:25 INF] 【直播间】929670 的第 59 个心跳包发送成功
[03:17:26 INF] 【直播间】11732699 的第 59 个心跳包发送成功
[03:17:28 INF] 【直播间】91164 的第 59 个心跳包发送成功
[03:17:29 INF] 【直播间】22764265 的第 59 个心跳包发送成功
[03:18:22 INF] 【直播间】23357926 的第 60 个心跳包发送成功
[03:18:23 INF] 【直播间】23040372 的第 60 个心跳包发送成功
[03:18:24 INF] 【直播间】31494 的第 60 个心跳包发送成功
[03:18:26 INF] 【直播间】4015781 的第 60 个心跳包发送成功
[03:18:27 INF] 【直播间】9619073 的第 60 个心跳包发送成功
[03:18:28 INF] 【直播间】407149 的第 60 个心跳包发送成功
[03:18:29 INF] 【直播间】7184632 的第 60 个心跳包发送成功
[03:18:31 INF] 【直播间】23447660 的第 60 个心跳包发送成功
[03:18:32 INF] 【直播间】929670 的第 60 个心跳包发送成功
[03:18:33 INF] 【直播间】11732699 的第 60 个心跳包发送成功
[03:18:34 INF] 【直播间】91164 的第 60 个心跳包发送成功
[03:18:36 INF] 【直播间】22764265 的第 60 个心跳包发送成功
[03:19:28 INF] 【直播间】23357926 的第 61 个心跳包发送成功
[03:19:30 INF] 【直播间】23040372 的第 61 个心跳包发送成功
[03:19:31 INF] 【直播间】31494 的第 61 个心跳包发送成功
[03:19:32 INF] 【直播间】4015781 的第 61 个心跳包发送成功
[03:19:33 INF] 【直播间】9619073 的第 61 个心跳包发送成功
[03:19:35 INF] 【直播间】407149 的第 61 个心跳包发送成功
[03:19:36 INF] 【直播间】7184632 的第 61 个心跳包发送成功
[03:19:37 INF] 【直播间】23447660 的第 61 个心跳包发送成功
[03:19:38 INF] 【直播间】929670 的第 61 个心跳包发送成功
[03:19:39 INF] 【直播间】11732699 的第 61 个心跳包发送成功
[03:19:41 INF] 【直播间】91164 的第 61 个心跳包发送成功
[03:19:42 INF] 【直播间】22764265 的第 61 个心跳包发送成功
[03:20:35 INF] 【直播间】23357926 的第 62 个心跳包发送成功
[03:20:36 INF] 【直播间】23040372 的第 62 个心跳包发送成功
[03:20:37 INF] 【直播间】31494 的第 62 个心跳包发送成功
[03:20:38 INF] 【直播间】4015781 的第 62 个心跳包发送成功
[03:20:40 INF] 【直播间】9619073 的第 62 个心跳包发送成功
[03:20:41 INF] 【直播间】407149 的第 62 个心跳包发送成功
[03:20:42 INF] 【直播间】7184632 的第 62 个心跳包发送成功
[03:20:43 INF] 【直播间】23447660 的第 62 个心跳包发送成功
[03:20:45 INF] 【直播间】929670 的第 62 个心跳包发送成功
[03:20:46 INF] 【直播间】11732699 的第 62 个心跳包发送成功
[03:20:47 INF] 【直播间】91164 的第 62 个心跳包发送成功
[03:20:48 INF] 【直播间】22764265 的第 62 个心跳包发送成功
[03:21:41 INF] 【直播间】23357926 的第 63 个心跳包发送成功
[03:21:43 INF] 【直播间】23040372 的第 63 个心跳包发送成功
[03:21:44 INF] 【直播间】31494 的第 63 个心跳包发送成功
[03:21:45 INF] 【直播间】4015781 的第 63 个心跳包发送成功
[03:21:46 INF] 【直播间】9619073 的第 63 个心跳包发送成功
[03:21:47 INF] 【直播间】407149 的第 63 个心跳包发送成功
[03:21:49 INF] 【直播间】7184632 的第 63 个心跳包发送成功
[03:21:50 INF] 【直播间】23447660 的第 63 个心跳包发送成功
[03:21:51 INF] 【直播间】929670 的第 63 个心跳包发送成功
[03:21:53 INF] 【直播间】11732699 的第 63 个心跳包发送成功
[03:21:54 INF] 【直播间】91164 的第 63 个心跳包发送成功
[03:21:55 INF] 【直播间】22764265 的第 63 个心跳包发送成功
[03:22:48 INF] 【直播间】23357926 的第 64 个心跳包发送成功
[03:22:49 INF] 【直播间】23040372 的第 64 个心跳包发送成功
[03:22:51 INF] 【直播间】31494 的第 64 个心跳包发送成功
[03:22:52 INF] 【直播间】4015781 的第 64 个心跳包发送成功
[03:22:53 INF] 【直播间】9619073 的第 64 个心跳包发送成功
[03:22:54 INF] 【直播间】407149 的第 64 个心跳包发送成功
[03:22:55 INF] 【直播间】7184632 的第 64 个心跳包发送成功
[03:22:57 INF] 【直播间】23447660 的第 64 个心跳包发送成功
[03:22:58 INF] 【直播间】929670 的第 64 个心跳包发送成功
[03:22:59 INF] 【直播间】11732699 的第 64 个心跳包发送成功
[03:23:01 INF] 【直播间】91164 的第 64 个心跳包发送成功
[03:23:02 INF] 【直播间】22764265 的第 64 个心跳包发送成功
[03:23:55 INF] 【直播间】23357926 的第 65 个心跳包发送成功
[03:23:56 INF] 【直播间】23040372 的第 65 个心跳包发送成功
[03:23:57 INF] 【直播间】31494 的第 65 个心跳包发送成功
[03:23:58 INF] 【直播间】4015781 的第 65 个心跳包发送成功
[03:24:00 INF] 【直播间】9619073 的第 65 个心跳包发送成功
[03:24:01 INF] 【直播间】407149 的第 65 个心跳包发送成功
[03:24:02 INF] 【直播间】7184632 的第 65 个心跳包发送成功
[03:24:03 INF] 【直播间】23447660 的第 65 个心跳包发送成功
[03:24:05 INF] 【直播间】929670 的第 65 个心跳包发送成功
[03:24:06 INF] 【直播间】11732699 的第 65 个心跳包发送成功
[03:24:07 INF] 【直播间】91164 的第 65 个心跳包发送成功
[03:24:08 INF] 【直播间】22764265 的第 65 个心跳包发送成功
[03:25:01 INF] 【直播间】23357926 的第 66 个心跳包发送成功
[03:25:02 INF] 【直播间】23040372 的第 66 个心跳包发送成功
[03:25:04 INF] 【直播间】31494 的第 66 个心跳包发送成功
[03:25:05 INF] 【直播间】4015781 的第 66 个心跳包发送成功
[03:25:06 INF] 【直播间】9619073 的第 66 个心跳包发送成功
[03:25:07 INF] 【直播间】407149 的第 66 个心跳包发送成功
[03:25:09 INF] 【直播间】7184632 的第 66 个心跳包发送成功
[03:25:10 INF] 【直播间】23447660 的第 66 个心跳包发送成功
[03:25:11 INF] 【直播间】929670 的第 66 个心跳包发送成功
[03:25:12 INF] 【直播间】11732699 的第 66 个心跳包发送成功
[03:25:14 INF] 【直播间】91164 的第 66 个心跳包发送成功
[03:25:15 INF] 【直播间】22764265 的第 66 个心跳包发送成功
[03:26:08 ERR] 【心跳包】直播间 23357926 发送失败
[03:26:08 ERR] 【原因】time check failed
[03:26:09 ERR] 【心跳包】直播间 23040372 发送失败
[03:26:09 ERR] 【原因】time check failed
[03:26:10 ERR] 【心跳包】直播间 31494 发送失败
[03:26:10 ERR] 【原因】time check failed
[03:26:11 ERR] 【心跳包】直播间 4015781 发送失败
[03:26:11 ERR] 【原因】time check failed
[03:26:13 ERR] 【心跳包】直播间 9619073 发送失败
[03:26:13 ERR] 【原因】time check failed
[03:26:14 ERR] 【心跳包】直播间 407149 发送失败
[03:26:14 ERR] 【原因】time check failed
[03:26:15 ERR] 【心跳包】直播间 7184632 发送失败
[03:26:15 ERR] 【原因】time check failed
[03:26:16 ERR] 【心跳包】直播间 23447660 发送失败
[03:26:16 ERR] 【原因】time check failed
[03:26:18 ERR] 【心跳包】直播间 929670 发送失败
[03:26:18 ERR] 【原因】time check failed
[03:26:19 INF] 【直播间】11732699 的第 67 个心跳包发送成功
[03:26:20 INF] 【直播间】91164 的第 67 个心跳包发送成功
[03:26:21 ERR] 【心跳包】直播间 22764265 发送失败
[03:26:21 ERR] 【原因】time check failed
[03:27:14 INF] 【直播间】23357926 的第 67 个心跳包发送成功
[03:27:15 INF] 【直播间】23040372 的第 67 个心跳包发送成功
[03:27:17 INF] 【直播间】31494 的第 67 个心跳包发送成功
[03:27:18 INF] 【直播间】4015781 的第 67 个心跳包发送成功
[03:27:19 INF] 【直播间】9619073 的第 67 个心跳包发送成功
[03:27:20 INF] 【直播间】407149 的第 67 个心跳包发送成功
[03:27:22 INF] 【直播间】7184632 的第 67 个心跳包发送成功
[03:27:23 INF] 【直播间】23447660 的第 67 个心跳包发送成功
[03:27:24 INF] 【直播间】929670 的第 67 个心跳包发送成功
[03:27:25 ERR] 【心跳包】直播间 11732699 发送失败
[03:27:25 ERR] 【原因】time check failed
[03:27:26 ERR] 【心跳包】直播间 91164 发送失败
[03:27:26 ERR] 【原因】time check failed
[03:27:28 INF] 【直播间】22764265 的第 67 个心跳包发送成功
[03:28:21 INF] 【直播间】23357926 的第 68 个心跳包发送成功
[03:28:22 INF] 【直播间】23040372 的第 68 个心跳包发送成功
[03:28:23 INF] 【直播间】31494 的第 68 个心跳包发送成功
[03:28:24 INF] 【直播间】4015781 的第 68 个心跳包发送成功
[03:28:26 INF] 【直播间】9619073 的第 68 个心跳包发送成功
[03:28:27 INF] 【直播间】407149 的第 68 个心跳包发送成功
[03:28:28 INF] 【直播间】7184632 的第 68 个心跳包发送成功
[03:28:29 INF] 【直播间】23447660 的第 68 个心跳包发送成功
[03:28:31 INF] 【直播间】929670 的第 68 个心跳包发送成功
[03:28:32 INF] 【直播间】11732699 的第 68 个心跳包发送成功
[03:28:33 INF] 【直播间】91164 的第 68 个心跳包发送成功
[03:28:34 INF] 【直播间】22764265 的第 68 个心跳包发送成功
[03:29:27 INF] 【直播间】23357926 的第 69 个心跳包发送成功
[03:29:29 INF] 【直播间】23040372 的第 69 个心跳包发送成功
[03:29:30 INF] 【直播间】31494 的第 69 个心跳包发送成功
[03:29:31 INF] 【直播间】4015781 的第 69 个心跳包发送成功
[03:29:32 INF] 【直播间】9619073 的第 69 个心跳包发送成功
[03:29:34 INF] 【直播间】407149 的第 69 个心跳包发送成功
[03:29:35 INF] 【直播间】7184632 的第 69 个心跳包发送成功
[03:29:36 INF] 【直播间】23447660 的第 69 个心跳包发送成功
[03:29:37 INF] 【直播间】929670 的第 69 个心跳包发送成功
[03:29:39 INF] 【直播间】11732699 的第 69 个心跳包发送成功
[03:29:40 INF] 【直播间】91164 的第 69 个心跳包发送成功
[03:29:41 INF] 【直播间】22764265 的第 69 个心跳包发送成功
[03:30:34 INF] 【直播间】23357926 的第 70 个心跳包发送成功
[03:30:35 INF] 【直播间】23040372 的第 70 个心跳包发送成功
[03:30:37 INF] 【直播间】31494 的第 70 个心跳包发送成功
[03:30:38 INF] 【直播间】4015781 的第 70 个心跳包发送成功
[03:30:39 INF] 【直播间】9619073 的第 70 个心跳包发送成功
[03:30:40 INF] 【直播间】407149 的第 70 个心跳包发送成功
[03:30:42 INF] 【直播间】7184632 的第 70 个心跳包发送成功
[03:30:43 INF] 【直播间】23447660 的第 70 个心跳包发送成功
[03:30:44 INF] 【直播间】929670 的第 70 个心跳包发送成功
[03:30:45 INF] 【直播间】11732699 的第 70 个心跳包发送成功
[03:30:47 INF] 【直播间】91164 的第 70 个心跳包发送成功
[03:30:48 INF] 【直播间】22764265 的第 70 个心跳包发送成功
[03:30:48 INF] 【直播观看时长】完成情况：12/12 
[03:30:48 INF] ---------结束---------

[03:30:48 INF] ==========结束==========

[03:30:48 INF] ######### 账号 3 #########

[03:30:48 INF] =====开始 直播间互动 =====

[03:30:48 INF] ---开始 发送弹幕 ---
[03:30:48 INF] 检测到直播 Cookie 未正确配置，尝试自动配置中...
[03:30:53 INF] 直播 Cookie 配置成功！
[03:30:53 INF] 【获取直播列表】获取拥有粉丝牌的直播列表
[03:30:57 ERR] 【获取直播列表】失败
[03:30:57 ERR] 【原因】账号未登录
[03:30:57 ERR] 发送弹幕失败，继续其他任务。失败信息:Object reference not set to an instance of an object.

[03:30:57 INF] -------结束-------

[03:30:57 INF] ---开始 点赞直播间 ---
[03:30:57 INF] 【获取直播列表】获取拥有粉丝牌的直播列表
[03:31:04 ERR] 【获取直播列表】失败
[03:31:04 ERR] 【原因】账号未登录
[03:31:04 ERR] 点赞直播间失败，继续其他任务。失败信息:Object reference not set to an instance of an object.

[03:31:04 INF] --------结束--------

[03:31:04 INF] ---开始 直播时长挂机 ---
[03:31:04 INF] 【获取直播列表】获取拥有粉丝牌的直播列表
[03:31:10 ERR] 【获取直播列表】失败
[03:31:10 ERR] 【原因】账号未登录
[03:31:10 ERR] 直播时长挂机失败，继续其他任务。失败信息:Object reference not set to an instance of an object.

[03:31:10 INF] ---------结束---------

[03:31:10 INF] ==========结束==========

[03:31:10 INF] 

========================

 v2.0.2 开源 by https://github.com/RayWangQvQ/BiliBiliToolPro

[03:31:10 INF] ·开始推送·LiveFansMedal任务·
2024-02-28T19:31:10.6036483Z 开始推送到:PushPlus
2024-02-28T19:31:12.0159099Z Response status: OK.
2024-02-28T19:31:12.0159479Z Response content: {"code":999,"msg":"发送内容过大，不能超过2万字","data":null}.

[03:31:12 INF] 运行环境：Development
[03:31:12 INF] 应用目录：/home/runner/work/BiliBiliToolPro/BiliBiliToolPro/src/Ray.BiliBiliTool.Console/bin/Debug/net6.0/

[03:31:12 INF] 运行结束
