----------- ip 信息 ---------
{
  "ip": "4.227.114.104",
  "city": "Phoenix",
  "region": "Arizona",
  "country": "US",
  "loc": "33.4484,-112.0740",
  "org": "AS8075 Microsoft Corporation",
  "postal": "85001",
  "timezone": "America/Phoenix",
  "readme": "https://ipinfo.io/missingauth"
} ---------- end ------------
  ____               ____    _   _____           _  
 |  _ \ __ _ _   _  | __ ) _| |_|_   _|__   ___ | | 
 | |_) / _` | | | | |  _ \(_) (_) | |/ _ \ / _ \| | 
 |  _ < (_| | |_| | | |_) | | | | | | (_) | (_) | | 
 |_| \_\__,_|\__, | |____/|_|_|_| |_|\___/ \___/|_| 
             |___/                                  

[00:32:08 INF] BiliBiliToolPro 开始运行...

[00:32:08 INF] 【账号个数】3个

[00:32:08 INF] 随机休眠2分钟

[00:34:08 INF] 【目标任务】LiveFansMedal
[00:34:08 INF] ######### 账号 1 #########

[00:34:08 INF] =====开始 直播间互动 =====

[00:34:08 INF] ---开始 发送弹幕 ---
[00:34:08 INF] 检测到直播 Cookie 未正确配置，尝试自动配置中...
[00:34:13 INF] 直播 Cookie 配置成功！
[00:34:13 INF] 【获取直播列表】获取拥有粉丝牌的直播列表
[00:34:17 INF] 【主播】Mark陌枫 
[00:34:32 INF] 【主播】KL_qiqi_ 
[00:34:50 INF] 【主播】苏打baka 
[00:35:06 INF] 【直播间】Mark陌枫
[00:35:06 INF] 【粉丝牌】馬楓
[00:35:06 INF] 正在发送弹幕...
[00:35:09 INF] 【直播间】KL_qiqi_
[00:35:09 INF] 【粉丝牌】qiqisb
[00:35:09 INF] 正在发送弹幕...
[00:35:13 INF] 【直播间】苏打baka
[00:35:13 INF] 【粉丝牌】碳酸钠
[00:35:13 INF] 正在发送弹幕...
[00:35:17 INF] -------结束-------

[00:35:17 INF] ---开始 点赞直播间 ---
[00:35:17 INF] 【获取直播列表】获取拥有粉丝牌的直播列表
[00:35:20 INF] 【弹幕发送】成功~，你和主播 Mark陌枫 的亲密值增加了100！
[00:35:22 INF] 【主播】Mark陌枫 
[00:35:23 INF] 【弹幕发送】成功~，你和主播 KL_qiqi_ 的亲密值增加了100！
[00:35:27 INF] 【弹幕发送】成功~，你和主播 苏打baka 的亲密值增加了100！
[00:35:41 INF] 【主播】KL_qiqi_ 
[00:36:00 INF] 【主播】苏打baka 
[00:36:19 INF] 【点赞直播间】23357926 完成
[00:36:22 INF] 【点赞直播间】407149 完成
[00:36:26 INF] --------结束--------

[00:36:26 INF] ---开始 直播时长挂机 ---
[00:36:26 INF] 【获取直播列表】获取拥有粉丝牌的直播列表
[00:36:26 INF] 【点赞直播间】23040372 完成
[00:36:30 INF] 【主播】Mark陌枫 
[00:36:40 INF] 【主播】KL_qiqi_ 
[00:36:54 INF] 【主播】苏打baka 
[00:37:12 INF] 【直播间】23357926 的第 1 个心跳包发送成功
[00:37:13 INF] 【直播间】407149 的第 1 个心跳包发送成功
[00:37:15 INF] 【直播间】23040372 的第 1 个心跳包发送成功
[00:38:18 INF] 【直播间】23357926 的第 2 个心跳包发送成功
[00:38:20 INF] 【直播间】407149 的第 2 个心跳包发送成功
[00:38:21 INF] 【直播间】23040372 的第 2 个心跳包发送成功
[00:39:25 INF] 【直播间】23357926 的第 3 个心跳包发送成功
[00:39:26 INF] 【直播间】407149 的第 3 个心跳包发送成功
[00:39:27 INF] 【直播间】23040372 的第 3 个心跳包发送成功
[00:40:31 INF] 【直播间】23357926 的第 4 个心跳包发送成功
[00:40:32 INF] 【直播间】407149 的第 4 个心跳包发送成功
[00:40:34 INF] 【直播间】23040372 的第 4 个心跳包发送成功
[00:41:37 INF] 【直播间】23357926 的第 5 个心跳包发送成功
[00:41:39 INF] 【直播间】407149 的第 5 个心跳包发送成功
[00:41:40 INF] 【直播间】23040372 的第 5 个心跳包发送成功
[00:42:44 INF] 【直播间】23357926 的第 6 个心跳包发送成功
[00:42:45 INF] 【直播间】407149 的第 6 个心跳包发送成功
[00:42:46 INF] 【直播间】23040372 的第 6 个心跳包发送成功
[00:43:50 INF] 【直播间】23357926 的第 7 个心跳包发送成功
[00:43:51 INF] 【直播间】407149 的第 7 个心跳包发送成功
[00:43:52 INF] 【直播间】23040372 的第 7 个心跳包发送成功
[00:44:56 INF] 【直播间】23357926 的第 8 个心跳包发送成功
[00:44:58 INF] 【直播间】407149 的第 8 个心跳包发送成功
[00:44:59 INF] 【直播间】23040372 的第 8 个心跳包发送成功
[00:46:03 INF] 【直播间】23357926 的第 9 个心跳包发送成功
[00:46:04 INF] 【直播间】407149 的第 9 个心跳包发送成功
[00:46:05 INF] 【直播间】23040372 的第 9 个心跳包发送成功
[00:47:09 INF] 【直播间】23357926 的第 10 个心跳包发送成功
[00:47:10 INF] 【直播间】407149 的第 10 个心跳包发送成功
[00:47:12 INF] 【直播间】23040372 的第 10 个心跳包发送成功
[00:48:15 INF] 【直播间】23357926 的第 11 个心跳包发送成功
[00:48:17 INF] 【直播间】407149 的第 11 个心跳包发送成功
[00:48:18 INF] 【直播间】23040372 的第 11 个心跳包发送成功
[00:49:22 INF] 【直播间】23357926 的第 12 个心跳包发送成功
[00:49:23 INF] 【直播间】407149 的第 12 个心跳包发送成功
[00:49:24 INF] 【直播间】23040372 的第 12 个心跳包发送成功
[00:50:28 INF] 【直播间】23357926 的第 13 个心跳包发送成功
[00:50:30 INF] 【直播间】407149 的第 13 个心跳包发送成功
[00:50:31 INF] 【直播间】23040372 的第 13 个心跳包发送成功
[00:51:35 INF] 【直播间】23357926 的第 14 个心跳包发送成功
[00:51:36 INF] 【直播间】407149 的第 14 个心跳包发送成功
[00:51:37 INF] 【直播间】23040372 的第 14 个心跳包发送成功
[00:52:41 INF] 【直播间】23357926 的第 15 个心跳包发送成功
[00:52:42 INF] 【直播间】407149 的第 15 个心跳包发送成功
[00:52:44 INF] 【直播间】23040372 的第 15 个心跳包发送成功
[00:53:47 ERR] 【心跳包】直播间 23357926 发送失败
[00:53:47 ERR] 【原因】time check failed
[00:53:49 ERR] 【心跳包】直播间 407149 发送失败
[00:53:49 ERR] 【原因】time check failed
[00:53:50 ERR] 【心跳包】直播间 23040372 发送失败
[00:53:50 ERR] 【原因】time check failed
[00:54:54 INF] 【直播间】23357926 的第 16 个心跳包发送成功
[00:54:55 INF] 【直播间】407149 的第 16 个心跳包发送成功
[00:54:56 INF] 【直播间】23040372 的第 16 个心跳包发送成功
[00:56:00 INF] 【直播间】23357926 的第 17 个心跳包发送成功
[00:56:01 INF] 【直播间】407149 的第 17 个心跳包发送成功
[00:56:03 INF] 【直播间】23040372 的第 17 个心跳包发送成功
[00:57:06 INF] 【直播间】23357926 的第 18 个心跳包发送成功
[00:57:08 INF] 【直播间】407149 的第 18 个心跳包发送成功
[00:57:09 INF] 【直播间】23040372 的第 18 个心跳包发送成功
[00:58:13 INF] 【直播间】23357926 的第 19 个心跳包发送成功
[00:58:14 INF] 【直播间】407149 的第 19 个心跳包发送成功
[00:58:15 INF] 【直播间】23040372 的第 19 个心跳包发送成功
[00:59:19 INF] 【直播间】23357926 的第 20 个心跳包发送成功
[00:59:21 INF] 【直播间】407149 的第 20 个心跳包发送成功
[00:59:22 INF] 【直播间】23040372 的第 20 个心跳包发送成功
[01:00:26 INF] 【直播间】23357926 的第 21 个心跳包发送成功
[01:00:27 INF] 【直播间】407149 的第 21 个心跳包发送成功
[01:00:28 INF] 【直播间】23040372 的第 21 个心跳包发送成功
[01:01:32 INF] 【直播间】23357926 的第 22 个心跳包发送成功
[01:01:33 INF] 【直播间】407149 的第 22 个心跳包发送成功
[01:01:35 INF] 【直播间】23040372 的第 22 个心跳包发送成功
[01:02:39 INF] 【直播间】23357926 的第 23 个心跳包发送成功
[01:02:40 INF] 【直播间】407149 的第 23 个心跳包发送成功
[01:02:41 INF] 【直播间】23040372 的第 23 个心跳包发送成功
[01:03:45 INF] 【直播间】23357926 的第 24 个心跳包发送成功
[01:03:46 INF] 【直播间】407149 的第 24 个心跳包发送成功
[01:03:47 INF] 【直播间】23040372 的第 24 个心跳包发送成功
[01:04:51 INF] 【直播间】23357926 的第 25 个心跳包发送成功
[01:04:52 INF] 【直播间】407149 的第 25 个心跳包发送成功
[01:04:53 INF] 【直播间】23040372 的第 25 个心跳包发送成功
[01:05:57 INF] 【直播间】23357926 的第 26 个心跳包发送成功
[01:05:59 INF] 【直播间】407149 的第 26 个心跳包发送成功
[01:06:00 INF] 【直播间】23040372 的第 26 个心跳包发送成功
[01:07:04 INF] 【直播间】23357926 的第 27 个心跳包发送成功
[01:07:05 INF] 【直播间】407149 的第 27 个心跳包发送成功
[01:07:06 INF] 【直播间】23040372 的第 27 个心跳包发送成功
[01:08:10 INF] 【直播间】23357926 的第 28 个心跳包发送成功
[01:08:12 INF] 【直播间】407149 的第 28 个心跳包发送成功
[01:08:13 INF] 【直播间】23040372 的第 28 个心跳包发送成功
[01:09:17 INF] 【直播间】23357926 的第 29 个心跳包发送成功
[01:09:18 INF] 【直播间】407149 的第 29 个心跳包发送成功
[01:09:19 INF] 【直播间】23040372 的第 29 个心跳包发送成功
[01:10:23 ERR] 【心跳包】直播间 23357926 发送失败
[01:10:23 ERR] 【原因】time check failed
[01:10:24 ERR] 【心跳包】直播间 407149 发送失败
[01:10:24 ERR] 【原因】time check failed
[01:10:25 ERR] 【心跳包】直播间 23040372 发送失败
[01:10:25 ERR] 【原因】time check failed
[01:11:29 INF] 【直播间】23357926 的第 30 个心跳包发送成功
[01:11:30 INF] 【直播间】407149 的第 30 个心跳包发送成功
[01:11:32 INF] 【直播间】23040372 的第 30 个心跳包发送成功
[01:12:36 INF] 【直播间】23357926 的第 31 个心跳包发送成功
[01:12:37 INF] 【直播间】407149 的第 31 个心跳包发送成功
[01:12:38 INF] 【直播间】23040372 的第 31 个心跳包发送成功
[01:13:42 INF] 【直播间】23357926 的第 32 个心跳包发送成功
[01:13:43 INF] 【直播间】407149 的第 32 个心跳包发送成功
[01:13:44 INF] 【直播间】23040372 的第 32 个心跳包发送成功
[01:14:48 INF] 【直播间】23357926 的第 33 个心跳包发送成功
[01:14:49 INF] 【直播间】407149 的第 33 个心跳包发送成功
[01:14:51 INF] 【直播间】23040372 的第 33 个心跳包发送成功
[01:15:54 INF] 【直播间】23357926 的第 34 个心跳包发送成功
[01:15:56 INF] 【直播间】407149 的第 34 个心跳包发送成功
[01:15:57 INF] 【直播间】23040372 的第 34 个心跳包发送成功
[01:17:01 INF] 【直播间】23357926 的第 35 个心跳包发送成功
[01:17:02 INF] 【直播间】407149 的第 35 个心跳包发送成功
[01:17:03 INF] 【直播间】23040372 的第 35 个心跳包发送成功
[01:18:07 INF] 【直播间】23357926 的第 36 个心跳包发送成功
[01:18:08 INF] 【直播间】407149 的第 36 个心跳包发送成功
[01:18:10 INF] 【直播间】23040372 的第 36 个心跳包发送成功
[01:19:14 INF] 【直播间】23357926 的第 37 个心跳包发送成功
[01:19:15 INF] 【直播间】407149 的第 37 个心跳包发送成功
[01:19:16 INF] 【直播间】23040372 的第 37 个心跳包发送成功
[01:20:20 INF] 【直播间】23357926 的第 38 个心跳包发送成功
[01:20:22 INF] 【直播间】407149 的第 38 个心跳包发送成功
[01:20:23 INF] 【直播间】23040372 的第 38 个心跳包发送成功
[01:21:27 INF] 【直播间】23357926 的第 39 个心跳包发送成功
[01:21:28 INF] 【直播间】407149 的第 39 个心跳包发送成功
[01:21:29 INF] 【直播间】23040372 的第 39 个心跳包发送成功
[01:22:33 INF] 【直播间】23357926 的第 40 个心跳包发送成功
[01:22:34 INF] 【直播间】407149 的第 40 个心跳包发送成功
[01:22:35 INF] 【直播间】23040372 的第 40 个心跳包发送成功
[01:23:39 INF] 【直播间】23357926 的第 41 个心跳包发送成功
[01:23:41 INF] 【直播间】407149 的第 41 个心跳包发送成功
[01:23:42 INF] 【直播间】23040372 的第 41 个心跳包发送成功
[01:24:46 INF] 【直播间】23357926 的第 42 个心跳包发送成功
[01:24:47 INF] 【直播间】407149 的第 42 个心跳包发送成功
[01:24:48 INF] 【直播间】23040372 的第 42 个心跳包发送成功
[01:25:52 INF] 【直播间】23357926 的第 43 个心跳包发送成功
[01:25:53 INF] 【直播间】407149 的第 43 个心跳包发送成功
[01:25:55 INF] 【直播间】23040372 的第 43 个心跳包发送成功
[01:26:58 ERR] 【心跳包】直播间 23357926 发送失败
[01:26:58 ERR] 【原因】time check failed
[01:27:00 ERR] 【心跳包】直播间 407149 发送失败
[01:27:00 ERR] 【原因】time check failed
[01:27:01 ERR] 【心跳包】直播间 23040372 发送失败
[01:27:01 ERR] 【原因】time check failed
[01:28:05 INF] 【直播间】23357926 的第 44 个心跳包发送成功
[01:28:06 INF] 【直播间】407149 的第 44 个心跳包发送成功
[01:28:07 INF] 【直播间】23040372 的第 44 个心跳包发送成功
[01:29:11 INF] 【直播间】23357926 的第 45 个心跳包发送成功
[01:29:12 INF] 【直播间】407149 的第 45 个心跳包发送成功
[01:29:14 INF] 【直播间】23040372 的第 45 个心跳包发送成功
[01:30:18 INF] 【直播间】23357926 的第 46 个心跳包发送成功
[01:30:19 INF] 【直播间】407149 的第 46 个心跳包发送成功
[01:30:20 INF] 【直播间】23040372 的第 46 个心跳包发送成功
[01:31:24 INF] 【直播间】23357926 的第 47 个心跳包发送成功
[01:31:25 INF] 【直播间】407149 的第 47 个心跳包发送成功
[01:31:26 INF] 【直播间】23040372 的第 47 个心跳包发送成功
[01:32:30 INF] 【直播间】23357926 的第 48 个心跳包发送成功
[01:32:32 INF] 【直播间】407149 的第 48 个心跳包发送成功
[01:32:33 INF] 【直播间】23040372 的第 48 个心跳包发送成功
[01:33:37 INF] 【直播间】23357926 的第 49 个心跳包发送成功
[01:33:38 INF] 【直播间】407149 的第 49 个心跳包发送成功
[01:33:39 INF] 【直播间】23040372 的第 49 个心跳包发送成功
[01:34:43 INF] 【直播间】23357926 的第 50 个心跳包发送成功
[01:34:44 INF] 【直播间】407149 的第 50 个心跳包发送成功
[01:34:45 INF] 【直播间】23040372 的第 50 个心跳包发送成功
[01:35:49 INF] 【直播间】23357926 的第 51 个心跳包发送成功
[01:35:51 INF] 【直播间】407149 的第 51 个心跳包发送成功
[01:35:52 INF] 【直播间】23040372 的第 51 个心跳包发送成功
[01:36:56 INF] 【直播间】23357926 的第 52 个心跳包发送成功
[01:36:57 INF] 【直播间】407149 的第 52 个心跳包发送成功
[01:36:58 INF] 【直播间】23040372 的第 52 个心跳包发送成功
[01:38:02 INF] 【直播间】23357926 的第 53 个心跳包发送成功
[01:38:03 INF] 【直播间】407149 的第 53 个心跳包发送成功
[01:38:04 INF] 【直播间】23040372 的第 53 个心跳包发送成功
[01:39:08 INF] 【直播间】23357926 的第 54 个心跳包发送成功
[01:39:10 INF] 【直播间】407149 的第 54 个心跳包发送成功
[01:39:11 INF] 【直播间】23040372 的第 54 个心跳包发送成功
[01:40:15 INF] 【直播间】23357926 的第 55 个心跳包发送成功
[01:40:16 INF] 【直播间】407149 的第 55 个心跳包发送成功
[01:40:17 INF] 【直播间】23040372 的第 55 个心跳包发送成功
[01:41:21 INF] 【直播间】23357926 的第 56 个心跳包发送成功
[01:41:22 INF] 【直播间】407149 的第 56 个心跳包发送成功
[01:41:24 INF] 【直播间】23040372 的第 56 个心跳包发送成功
[01:42:27 INF] 【直播间】23357926 的第 57 个心跳包发送成功
[01:42:29 INF] 【直播间】407149 的第 57 个心跳包发送成功
[01:42:30 INF] 【直播间】23040372 的第 57 个心跳包发送成功
[01:43:34 ERR] 【心跳包】直播间 23357926 发送失败
[01:43:34 ERR] 【原因】time check failed
[01:43:35 ERR] 【心跳包】直播间 407149 发送失败
[01:43:35 ERR] 【原因】time check failed
[01:43:36 ERR] 【心跳包】直播间 23040372 发送失败
[01:43:36 ERR] 【原因】time check failed
[01:44:40 INF] 【直播间】23357926 的第 58 个心跳包发送成功
[01:44:41 INF] 【直播间】407149 的第 58 个心跳包发送成功
[01:44:43 INF] 【直播间】23040372 的第 58 个心跳包发送成功
[01:45:46 INF] 【直播间】23357926 的第 59 个心跳包发送成功
[01:45:48 INF] 【直播间】407149 的第 59 个心跳包发送成功
[01:45:49 INF] 【直播间】23040372 的第 59 个心跳包发送成功
[01:46:53 INF] 【直播间】23357926 的第 60 个心跳包发送成功
[01:46:54 INF] 【直播间】407149 的第 60 个心跳包发送成功
[01:46:55 INF] 【直播间】23040372 的第 60 个心跳包发送成功
[01:47:59 INF] 【直播间】23357926 的第 61 个心跳包发送成功
[01:48:00 INF] 【直播间】407149 的第 61 个心跳包发送成功
[01:48:01 INF] 【直播间】23040372 的第 61 个心跳包发送成功
[01:49:06 INF] 【直播间】23357926 的第 62 个心跳包发送成功
[01:49:07 INF] 【直播间】407149 的第 62 个心跳包发送成功
[01:49:08 INF] 【直播间】23040372 的第 62 个心跳包发送成功
[01:50:12 INF] 【直播间】23357926 的第 63 个心跳包发送成功
[01:50:13 INF] 【直播间】407149 的第 63 个心跳包发送成功
[01:50:14 INF] 【直播间】23040372 的第 63 个心跳包发送成功
[01:51:18 INF] 【直播间】23357926 的第 64 个心跳包发送成功
[01:51:20 INF] 【直播间】407149 的第 64 个心跳包发送成功
[01:51:21 INF] 【直播间】23040372 的第 64 个心跳包发送成功
[01:52:25 INF] 【直播间】23357926 的第 65 个心跳包发送成功
[01:52:26 INF] 【直播间】407149 的第 65 个心跳包发送成功
[01:52:27 INF] 【直播间】23040372 的第 65 个心跳包发送成功
[01:53:31 INF] 【直播间】23357926 的第 66 个心跳包发送成功
[01:53:32 INF] 【直播间】407149 的第 66 个心跳包发送成功
[01:53:33 INF] 【直播间】23040372 的第 66 个心跳包发送成功
[01:54:37 INF] 【直播间】23357926 的第 67 个心跳包发送成功
[01:54:39 INF] 【直播间】407149 的第 67 个心跳包发送成功
[01:54:40 INF] 【直播间】23040372 的第 67 个心跳包发送成功
[01:55:44 INF] 【直播间】23357926 的第 68 个心跳包发送成功
[01:55:45 INF] 【直播间】407149 的第 68 个心跳包发送成功
[01:55:46 INF] 【直播间】23040372 的第 68 个心跳包发送成功
[01:56:50 INF] 【直播间】23357926 的第 69 个心跳包发送成功
[01:56:52 INF] 【直播间】407149 的第 69 个心跳包发送成功
[01:56:53 INF] 【直播间】23040372 的第 69 个心跳包发送成功
[01:57:57 INF] 【直播间】23357926 的第 70 个心跳包发送成功
[01:57:58 INF] 【直播间】407149 的第 70 个心跳包发送成功
[01:57:59 INF] 【直播间】23040372 的第 70 个心跳包发送成功
[01:57:59 INF] 【直播观看时长】完成情况：3/3 
[01:57:59 INF] ---------结束---------

[01:57:59 INF] ==========结束==========

[01:57:59 INF] ######### 账号 2 #########

[01:57:59 INF] =====开始 直播间互动 =====

[01:57:59 INF] ---开始 发送弹幕 ---
[01:57:59 INF] 检测到直播 Cookie 未正确配置，尝试自动配置中...
[01:58:05 INF] 直播 Cookie 配置成功！
[01:58:05 INF] 【获取直播列表】获取拥有粉丝牌的直播列表
[01:58:12 INF] 【主播】Mark陌枫 
[01:58:27 INF] 【主播】苏打baka 
[01:58:45 INF] 【主播】特别中二的q3君 
[01:59:02 INF] 【主播】陈抱一 
[01:59:15 INF] 【主播】贪玩的小毅 
[01:59:30 INF] 【主播】KL_qiqi_ 
[01:59:44 INF] 【主播】记录生活的蛋黄派 
[01:59:59 INF] 【主播】悠悠球琛总 
[02:00:12 INF] 【主播】FoFTG 
[02:00:30 INF] 【主播】新石器公园 
[02:00:48 INF] 【主播】脏小豆 
[02:01:08 INF] 【主播】李船长笔记 
[02:01:26 INF] 【直播间】Mark陌枫
[02:01:26 INF] 【粉丝牌】馬楓
[02:01:26 INF] 正在发送弹幕...
[02:01:29 INF] 【直播间】苏打baka
[02:01:29 INF] 【粉丝牌】碳酸钠
[02:01:29 INF] 正在发送弹幕...
[02:01:33 INF] 【直播间】特别中二的q3君
[02:01:33 INF] 【粉丝牌】q3GG
[02:01:33 INF] 正在发送弹幕...
[02:01:36 INF] 【直播间】陈抱一
[02:01:36 INF] 【粉丝牌】陈抱一
[02:01:36 INF] 正在发送弹幕...
[02:01:41 INF] 【直播间】贪玩的小毅
[02:01:41 INF] 【粉丝牌】大大毅
[02:01:41 INF] 正在发送弹幕...
[02:01:41 INF] 【弹幕发送】成功~，你和主播 Mark陌枫 的亲密值增加了100！
[02:01:44 INF] 【弹幕发送】成功~，你和主播 苏打baka 的亲密值增加了100！
[02:01:44 INF] 【直播间】KL_qiqi_
[02:01:44 INF] 【粉丝牌】qiqisb
[02:01:44 INF] 正在发送弹幕...
[02:01:50 ERR] 【弹幕发送】失败
[02:01:50 ERR] 【原因】您发送弹幕的频率过快
[02:01:50 INF] 【弹幕发送】成功~，你和主播 陈抱一 的亲密值增加了100！
[02:01:50 INF] 【直播间】记录生活的蛋黄派
[02:01:50 INF] 【粉丝牌】派派派
[02:01:50 INF] 正在发送弹幕...
[02:01:54 INF] 【直播间】悠悠球琛总
[02:01:54 INF] 【粉丝牌】i琛
[02:01:54 INF] 正在发送弹幕...
[02:01:55 INF] 【弹幕发送】成功~，你和主播 贪玩的小毅 的亲密值增加了100！
[02:01:58 INF] 【直播间】FoFTG
[02:01:58 INF] 【粉丝牌】FOFTG
[02:01:58 INF] 正在发送弹幕...
[02:02:00 INF] 【弹幕发送】成功~，你和主播 KL_qiqi_ 的亲密值增加了100！
[02:02:04 INF] 【直播间】新石器公园
[02:02:04 INF] 【粉丝牌】东园主
[02:02:04 INF] 正在发送弹幕...
[02:02:08 INF] 【弹幕发送】成功~，你和主播 悠悠球琛总 的亲密值增加了100！
[02:02:09 INF] 【弹幕发送】成功~，你和主播 记录生活的蛋黄派 的亲密值增加了100！
[02:02:11 INF] 【直播间】脏小豆
[02:02:11 INF] 【粉丝牌】豆豆浆
[02:02:11 INF] 正在发送弹幕...
[02:02:14 INF] 【直播间】李船长笔记
[02:02:14 INF] 【粉丝牌】航海仕
[02:02:14 INF] 正在发送弹幕...
[02:02:18 INF] -------结束-------

[02:02:18 INF] ---开始 点赞直播间 ---
[02:02:18 INF] 【获取直播列表】获取拥有粉丝牌的直播列表
[02:02:19 INF] 【弹幕发送】成功~，你和主播 FoFTG 的亲密值增加了100！
[02:02:22 INF] 【主播】Mark陌枫 
[02:02:24 INF] 【弹幕发送】成功~，你和主播 新石器公园 的亲密值增加了100！
[02:02:25 INF] 【弹幕发送】成功~，你和主播 脏小豆 的亲密值增加了100！
[02:02:31 INF] 【弹幕发送】成功~，你和主播 李船长笔记 的亲密值增加了100！
[02:02:34 INF] 【主播】苏打baka 
[02:02:48 INF] 【主播】特别中二的q3君 
[02:03:02 INF] 【主播】陈抱一 
[02:03:16 INF] 【主播】贪玩的小毅 
[02:03:32 INF] 【主播】KL_qiqi_ 
[02:03:45 INF] 【主播】记录生活的蛋黄派 
[02:04:06 INF] 【主播】悠悠球琛总 
[02:04:26 INF] 【主播】FoFTG 
[02:04:40 INF] 【主播】新石器公园 
[02:04:55 INF] 【主播】脏小豆 
[02:05:08 INF] 【主播】李船长笔记 
[02:05:28 INF] 【点赞直播间】23357926 完成
[02:05:32 INF] 【点赞直播间】23040372 完成
[02:05:39 INF] 【点赞直播间】31494 完成
[02:05:43 INF] 【点赞直播间】4015781 完成
[02:05:50 INF] 【点赞直播间】9619073 完成
[02:05:54 INF] 【点赞直播间】407149 完成
[02:05:59 INF] 【点赞直播间】11732699 完成
[02:06:02 INF] 【点赞直播间】7184632 完成
[02:06:09 INF] 【点赞直播间】91164 完成
[02:06:16 INF] 【点赞直播间】23447660 完成
[02:06:20 INF] 【点赞直播间】929670 完成
[02:06:26 INF] --------结束--------

[02:06:26 INF] ---开始 直播时长挂机 ---
[02:06:26 INF] 【获取直播列表】获取拥有粉丝牌的直播列表
[02:06:26 INF] 【点赞直播间】22764265 完成
[02:06:33 INF] 【主播】Mark陌枫 
[02:06:52 INF] 【主播】苏打baka 
[02:07:08 INF] 【主播】特别中二的q3君 
[02:07:26 INF] 【主播】陈抱一 
[02:07:41 INF] 【主播】贪玩的小毅 
[02:07:58 INF] 【主播】KL_qiqi_ 
[02:08:12 INF] 【主播】记录生活的蛋黄派 
[02:08:27 INF] 【主播】悠悠球琛总 
[02:08:43 INF] 【主播】FoFTG 
[02:09:01 INF] 【主播】新石器公园 
[02:09:17 INF] 【主播】脏小豆 
[02:09:32 INF] 【主播】李船长笔记 
[02:09:49 INF] 【直播间】23357926 的第 1 个心跳包发送成功
[02:09:50 INF] 【直播间】23040372 的第 1 个心跳包发送成功
[02:09:51 INF] 【直播间】31494 的第 1 个心跳包发送成功
[02:09:52 INF] 【直播间】4015781 的第 1 个心跳包发送成功
[02:09:54 INF] 【直播间】9619073 的第 1 个心跳包发送成功
[02:09:55 INF] 【直播间】407149 的第 1 个心跳包发送成功
[02:09:56 INF] 【直播间】11732699 的第 1 个心跳包发送成功
[02:09:57 INF] 【直播间】7184632 的第 1 个心跳包发送成功
[02:09:59 INF] 【直播间】91164 的第 1 个心跳包发送成功
[02:10:00 INF] 【直播间】23447660 的第 1 个心跳包发送成功
[02:10:01 INF] 【直播间】929670 的第 1 个心跳包发送成功
[02:10:02 INF] 【直播间】22764265 的第 1 个心跳包发送成功
[02:10:55 INF] 【直播间】23357926 的第 2 个心跳包发送成功
[02:10:56 INF] 【直播间】23040372 的第 2 个心跳包发送成功
[02:10:58 INF] 【直播间】31494 的第 2 个心跳包发送成功
[02:10:59 INF] 【直播间】4015781 的第 2 个心跳包发送成功
[02:11:00 INF] 【直播间】9619073 的第 2 个心跳包发送成功
[02:11:01 INF] 【直播间】407149 的第 2 个心跳包发送成功
[02:11:03 INF] 【直播间】11732699 的第 2 个心跳包发送成功
[02:11:04 INF] 【直播间】7184632 的第 2 个心跳包发送成功
[02:11:05 INF] 【直播间】91164 的第 2 个心跳包发送成功
[02:11:06 INF] 【直播间】23447660 的第 2 个心跳包发送成功
[02:11:07 INF] 【直播间】929670 的第 2 个心跳包发送成功
[02:11:09 INF] 【直播间】22764265 的第 2 个心跳包发送成功
[02:12:02 INF] 【直播间】23357926 的第 3 个心跳包发送成功
[02:12:03 INF] 【直播间】23040372 的第 3 个心跳包发送成功
[02:12:04 INF] 【直播间】31494 的第 3 个心跳包发送成功
[02:12:05 INF] 【直播间】4015781 的第 3 个心跳包发送成功
[02:12:07 INF] 【直播间】9619073 的第 3 个心跳包发送成功
[02:12:08 INF] 【直播间】407149 的第 3 个心跳包发送成功
[02:12:09 INF] 【直播间】11732699 的第 3 个心跳包发送成功
[02:12:10 INF] 【直播间】7184632 的第 3 个心跳包发送成功
[02:12:11 INF] 【直播间】91164 的第 3 个心跳包发送成功
[02:12:13 INF] 【直播间】23447660 的第 3 个心跳包发送成功
[02:12:14 INF] 【直播间】929670 的第 3 个心跳包发送成功
[02:12:15 INF] 【直播间】22764265 的第 3 个心跳包发送成功
[02:13:08 INF] 【直播间】23357926 的第 4 个心跳包发送成功
[02:13:09 INF] 【直播间】23040372 的第 4 个心跳包发送成功
[02:13:10 INF] 【直播间】31494 的第 4 个心跳包发送成功
[02:13:12 INF] 【直播间】4015781 的第 4 个心跳包发送成功
[02:13:13 INF] 【直播间】9619073 的第 4 个心跳包发送成功
[02:13:14 INF] 【直播间】407149 的第 4 个心跳包发送成功
[02:13:15 INF] 【直播间】11732699 的第 4 个心跳包发送成功
[02:13:17 INF] 【直播间】7184632 的第 4 个心跳包发送成功
[02:13:18 INF] 【直播间】91164 的第 4 个心跳包发送成功
[02:13:19 INF] 【直播间】23447660 的第 4 个心跳包发送成功
[02:13:20 INF] 【直播间】929670 的第 4 个心跳包发送成功
[02:13:21 INF] 【直播间】22764265 的第 4 个心跳包发送成功
[02:14:14 INF] 【直播间】23357926 的第 5 个心跳包发送成功
[02:14:15 INF] 【直播间】23040372 的第 5 个心跳包发送成功
[02:14:17 INF] 【直播间】31494 的第 5 个心跳包发送成功
[02:14:18 INF] 【直播间】4015781 的第 5 个心跳包发送成功
[02:14:19 INF] 【直播间】9619073 的第 5 个心跳包发送成功
[02:14:20 INF] 【直播间】407149 的第 5 个心跳包发送成功
[02:14:22 INF] 【直播间】11732699 的第 5 个心跳包发送成功
[02:14:23 INF] 【直播间】7184632 的第 5 个心跳包发送成功
[02:14:24 INF] 【直播间】91164 的第 5 个心跳包发送成功
[02:14:25 INF] 【直播间】23447660 的第 5 个心跳包发送成功
[02:14:27 INF] 【直播间】929670 的第 5 个心跳包发送成功
[02:14:28 INF] 【直播间】22764265 的第 5 个心跳包发送成功
[02:15:21 INF] 【直播间】23357926 的第 6 个心跳包发送成功
[02:15:22 INF] 【直播间】23040372 的第 6 个心跳包发送成功
[02:15:23 INF] 【直播间】31494 的第 6 个心跳包发送成功
[02:15:25 INF] 【直播间】4015781 的第 6 个心跳包发送成功
[02:15:26 INF] 【直播间】9619073 的第 6 个心跳包发送成功
[02:15:27 INF] 【直播间】407149 的第 6 个心跳包发送成功
[02:15:28 INF] 【直播间】11732699 的第 6 个心跳包发送成功
[02:15:30 INF] 【直播间】7184632 的第 6 个心跳包发送成功
[02:15:31 INF] 【直播间】91164 的第 6 个心跳包发送成功
[02:15:32 INF] 【直播间】23447660 的第 6 个心跳包发送成功
[02:15:33 INF] 【直播间】929670 的第 6 个心跳包发送成功
[02:15:35 INF] 【直播间】22764265 的第 6 个心跳包发送成功
[02:16:27 INF] 【直播间】23357926 的第 7 个心跳包发送成功
[02:16:28 INF] 【直播间】23040372 的第 7 个心跳包发送成功
[02:16:30 INF] 【直播间】31494 的第 7 个心跳包发送成功
[02:16:31 INF] 【直播间】4015781 的第 7 个心跳包发送成功
[02:16:32 INF] 【直播间】9619073 的第 7 个心跳包发送成功
[02:16:33 INF] 【直播间】407149 的第 7 个心跳包发送成功
[02:16:35 INF] 【直播间】11732699 的第 7 个心跳包发送成功
[02:16:36 INF] 【直播间】7184632 的第 7 个心跳包发送成功
[02:16:37 INF] 【直播间】91164 的第 7 个心跳包发送成功
[02:16:38 INF] 【直播间】23447660 的第 7 个心跳包发送成功
[02:16:40 INF] 【直播间】929670 的第 7 个心跳包发送成功
[02:16:41 INF] 【直播间】22764265 的第 7 个心跳包发送成功
[02:17:34 INF] 【直播间】23357926 的第 8 个心跳包发送成功
[02:17:35 INF] 【直播间】23040372 的第 8 个心跳包发送成功
[02:17:36 INF] 【直播间】31494 的第 8 个心跳包发送成功
[02:17:37 INF] 【直播间】4015781 的第 8 个心跳包发送成功
[02:17:39 INF] 【直播间】9619073 的第 8 个心跳包发送成功
[02:17:40 INF] 【直播间】407149 的第 8 个心跳包发送成功
[02:17:41 INF] 【直播间】11732699 的第 8 个心跳包发送成功
[02:17:42 INF] 【直播间】7184632 的第 8 个心跳包发送成功
[02:17:44 INF] 【直播间】91164 的第 8 个心跳包发送成功
[02:17:45 INF] 【直播间】23447660 的第 8 个心跳包发送成功
[02:17:46 INF] 【直播间】929670 的第 8 个心跳包发送成功
[02:17:47 INF] 【直播间】22764265 的第 8 个心跳包发送成功
[02:18:40 INF] 【直播间】23357926 的第 9 个心跳包发送成功
[02:18:41 INF] 【直播间】23040372 的第 9 个心跳包发送成功
[02:18:43 INF] 【直播间】31494 的第 9 个心跳包发送成功
[02:18:44 INF] 【直播间】4015781 的第 9 个心跳包发送成功
[02:18:45 INF] 【直播间】9619073 的第 9 个心跳包发送成功
[02:18:46 INF] 【直播间】407149 的第 9 个心跳包发送成功
[02:18:48 INF] 【直播间】11732699 的第 9 个心跳包发送成功
[02:18:49 INF] 【直播间】7184632 的第 9 个心跳包发送成功
[02:18:50 INF] 【直播间】91164 的第 9 个心跳包发送成功
[02:18:51 INF] 【直播间】23447660 的第 9 个心跳包发送成功
[02:18:53 INF] 【直播间】929670 的第 9 个心跳包发送成功
[02:18:54 INF] 【直播间】22764265 的第 9 个心跳包发送成功
[02:19:46 INF] 【直播间】23357926 的第 10 个心跳包发送成功
[02:19:48 INF] 【直播间】23040372 的第 10 个心跳包发送成功
[02:19:49 INF] 【直播间】31494 的第 10 个心跳包发送成功
[02:19:50 INF] 【直播间】4015781 的第 10 个心跳包发送成功
[02:19:51 INF] 【直播间】9619073 的第 10 个心跳包发送成功
[02:19:53 INF] 【直播间】407149 的第 10 个心跳包发送成功
[02:19:54 INF] 【直播间】11732699 的第 10 个心跳包发送成功
[02:19:55 INF] 【直播间】7184632 的第 10 个心跳包发送成功
[02:19:56 INF] 【直播间】91164 的第 10 个心跳包发送成功
[02:19:57 INF] 【直播间】23447660 的第 10 个心跳包发送成功
[02:19:59 INF] 【直播间】929670 的第 10 个心跳包发送成功
[02:20:00 INF] 【直播间】22764265 的第 10 个心跳包发送成功
[02:20:53 INF] 【直播间】23357926 的第 11 个心跳包发送成功
[02:20:54 INF] 【直播间】23040372 的第 11 个心跳包发送成功
[02:20:55 INF] 【直播间】31494 的第 11 个心跳包发送成功
[02:20:56 INF] 【直播间】4015781 的第 11 个心跳包发送成功
[02:20:58 INF] 【直播间】9619073 的第 11 个心跳包发送成功
[02:20:59 INF] 【直播间】407149 的第 11 个心跳包发送成功
[02:21:00 INF] 【直播间】11732699 的第 11 个心跳包发送成功
[02:21:01 INF] 【直播间】7184632 的第 11 个心跳包发送成功
[02:21:02 INF] 【直播间】91164 的第 11 个心跳包发送成功
[02:21:04 INF] 【直播间】23447660 的第 11 个心跳包发送成功
[02:21:05 INF] 【直播间】929670 的第 11 个心跳包发送成功
[02:21:06 INF] 【直播间】22764265 的第 11 个心跳包发送成功
[02:21:59 INF] 【直播间】23357926 的第 12 个心跳包发送成功
[02:22:00 INF] 【直播间】23040372 的第 12 个心跳包发送成功
[02:22:01 INF] 【直播间】31494 的第 12 个心跳包发送成功
[02:22:03 INF] 【直播间】4015781 的第 12 个心跳包发送成功
[02:22:04 INF] 【直播间】9619073 的第 12 个心跳包发送成功
[02:22:05 INF] 【直播间】407149 的第 12 个心跳包发送成功
[02:22:06 INF] 【直播间】11732699 的第 12 个心跳包发送成功
[02:22:07 INF] 【直播间】7184632 的第 12 个心跳包发送成功
[02:22:09 INF] 【直播间】91164 的第 12 个心跳包发送成功
[02:22:10 INF] 【直播间】23447660 的第 12 个心跳包发送成功
[02:22:11 INF] 【直播间】929670 的第 12 个心跳包发送成功
[02:22:13 INF] 【直播间】22764265 的第 12 个心跳包发送成功
[02:23:05 INF] 【直播间】23357926 的第 13 个心跳包发送成功
[02:23:07 INF] 【直播间】23040372 的第 13 个心跳包发送成功
[02:23:08 INF] 【直播间】31494 的第 13 个心跳包发送成功
[02:23:09 INF] 【直播间】4015781 的第 13 个心跳包发送成功
[02:23:10 INF] 【直播间】9619073 的第 13 个心跳包发送成功
[02:23:12 INF] 【直播间】407149 的第 13 个心跳包发送成功
[02:23:13 INF] 【直播间】11732699 的第 13 个心跳包发送成功
[02:23:14 INF] 【直播间】7184632 的第 13 个心跳包发送成功
[02:23:16 INF] 【直播间】91164 的第 13 个心跳包发送成功
[02:23:17 INF] 【直播间】23447660 的第 13 个心跳包发送成功
[02:23:18 INF] 【直播间】929670 的第 13 个心跳包发送成功
[02:23:19 INF] 【直播间】22764265 的第 13 个心跳包发送成功
[02:24:12 INF] 【直播间】23357926 的第 14 个心跳包发送成功
[02:24:13 INF] 【直播间】23040372 的第 14 个心跳包发送成功
[02:24:14 INF] 【直播间】31494 的第 14 个心跳包发送成功
[02:24:16 INF] 【直播间】4015781 的第 14 个心跳包发送成功
[02:24:17 INF] 【直播间】9619073 的第 14 个心跳包发送成功
[02:24:18 INF] 【直播间】407149 的第 14 个心跳包发送成功
[02:24:19 INF] 【直播间】11732699 的第 14 个心跳包发送成功
[02:24:21 INF] 【直播间】7184632 的第 14 个心跳包发送成功
[02:24:22 INF] 【直播间】91164 的第 14 个心跳包发送成功
[02:24:23 INF] 【直播间】23447660 的第 14 个心跳包发送成功
[02:24:24 INF] 【直播间】929670 的第 14 个心跳包发送成功
[02:24:26 INF] 【直播间】22764265 的第 14 个心跳包发送成功
[02:25:18 INF] 【直播间】23357926 的第 15 个心跳包发送成功
[02:25:19 INF] 【直播间】23040372 的第 15 个心跳包发送成功
[02:25:21 INF] 【直播间】31494 的第 15 个心跳包发送成功
[02:25:22 INF] 【直播间】4015781 的第 15 个心跳包发送成功
[02:25:23 INF] 【直播间】9619073 的第 15 个心跳包发送成功
[02:25:24 INF] 【直播间】407149 的第 15 个心跳包发送成功
[02:25:26 INF] 【直播间】11732699 的第 15 个心跳包发送成功
[02:25:27 INF] 【直播间】7184632 的第 15 个心跳包发送成功
[02:25:28 INF] 【直播间】91164 的第 15 个心跳包发送成功
[02:25:29 INF] 【直播间】23447660 的第 15 个心跳包发送成功
[02:25:31 INF] 【直播间】929670 的第 15 个心跳包发送成功
[02:25:32 INF] 【直播间】22764265 的第 15 个心跳包发送成功
[02:26:25 ERR] 【心跳包】直播间 23357926 发送失败
[02:26:25 ERR] 【原因】time check failed
[02:26:26 ERR] 【心跳包】直播间 23040372 发送失败
[02:26:26 ERR] 【原因】time check failed
[02:26:27 ERR] 【心跳包】直播间 31494 发送失败
[02:26:27 ERR] 【原因】time check failed
[02:26:28 ERR] 【心跳包】直播间 4015781 发送失败
[02:26:28 ERR] 【原因】time check failed
[02:26:29 ERR] 【心跳包】直播间 9619073 发送失败
[02:26:29 ERR] 【原因】time check failed
[02:26:31 ERR] 【心跳包】直播间 407149 发送失败
[02:26:31 ERR] 【原因】time check failed
[02:26:32 ERR] 【心跳包】直播间 11732699 发送失败
[02:26:32 ERR] 【原因】time check failed
[02:26:33 ERR] 【心跳包】直播间 7184632 发送失败
[02:26:33 ERR] 【原因】time check failed
[02:26:34 ERR] 【心跳包】直播间 91164 发送失败
[02:26:34 ERR] 【原因】time check failed
[02:26:36 ERR] 【心跳包】直播间 23447660 发送失败
[02:26:36 ERR] 【原因】time check failed
[02:26:37 ERR] 【心跳包】直播间 929670 发送失败
[02:26:37 ERR] 【原因】time check failed
[02:26:38 ERR] 【心跳包】直播间 22764265 发送失败
[02:26:38 ERR] 【原因】time check failed
[02:27:31 INF] 【直播间】23357926 的第 16 个心跳包发送成功
[02:27:32 INF] 【直播间】23040372 的第 16 个心跳包发送成功
[02:27:34 INF] 【直播间】31494 的第 16 个心跳包发送成功
[02:27:35 INF] 【直播间】4015781 的第 16 个心跳包发送成功
[02:27:36 INF] 【直播间】9619073 的第 16 个心跳包发送成功
[02:27:37 INF] 【直播间】407149 的第 16 个心跳包发送成功
[02:27:39 INF] 【直播间】11732699 的第 16 个心跳包发送成功
[02:27:40 INF] 【直播间】7184632 的第 16 个心跳包发送成功
[02:27:41 INF] 【直播间】91164 的第 16 个心跳包发送成功
[02:27:42 INF] 【直播间】23447660 的第 16 个心跳包发送成功
[02:27:43 INF] 【直播间】929670 的第 16 个心跳包发送成功
[02:27:45 INF] 【直播间】22764265 的第 16 个心跳包发送成功
[02:28:37 INF] 【直播间】23357926 的第 17 个心跳包发送成功
[02:28:39 INF] 【直播间】23040372 的第 17 个心跳包发送成功
[02:28:40 INF] 【直播间】31494 的第 17 个心跳包发送成功
[02:28:41 INF] 【直播间】4015781 的第 17 个心跳包发送成功
[02:28:42 INF] 【直播间】9619073 的第 17 个心跳包发送成功
[02:28:44 INF] 【直播间】407149 的第 17 个心跳包发送成功
[02:28:45 INF] 【直播间】11732699 的第 17 个心跳包发送成功
[02:28:46 INF] 【直播间】7184632 的第 17 个心跳包发送成功
[02:28:47 INF] 【直播间】91164 的第 17 个心跳包发送成功
[02:28:49 INF] 【直播间】23447660 的第 17 个心跳包发送成功
[02:28:50 INF] 【直播间】929670 的第 17 个心跳包发送成功
[02:28:51 INF] 【直播间】22764265 的第 17 个心跳包发送成功
[02:29:44 INF] 【直播间】23357926 的第 18 个心跳包发送成功
[02:29:45 INF] 【直播间】23040372 的第 18 个心跳包发送成功
[02:29:47 INF] 【直播间】31494 的第 18 个心跳包发送成功
[02:29:48 INF] 【直播间】4015781 的第 18 个心跳包发送成功
[02:29:49 INF] 【直播间】9619073 的第 18 个心跳包发送成功
[02:29:50 INF] 【直播间】407149 的第 18 个心跳包发送成功
[02:29:52 INF] 【直播间】11732699 的第 18 个心跳包发送成功
[02:29:53 INF] 【直播间】7184632 的第 18 个心跳包发送成功
[02:29:54 INF] 【直播间】91164 的第 18 个心跳包发送成功
[02:29:55 INF] 【直播间】23447660 的第 18 个心跳包发送成功
[02:29:57 INF] 【直播间】929670 的第 18 个心跳包发送成功
[02:29:58 INF] 【直播间】22764265 的第 18 个心跳包发送成功
[02:30:50 INF] 【直播间】23357926 的第 19 个心跳包发送成功
[02:30:52 INF] 【直播间】23040372 的第 19 个心跳包发送成功
[02:30:53 INF] 【直播间】31494 的第 19 个心跳包发送成功
[02:30:54 INF] 【直播间】4015781 的第 19 个心跳包发送成功
[02:30:55 INF] 【直播间】9619073 的第 19 个心跳包发送成功
[02:30:57 INF] 【直播间】407149 的第 19 个心跳包发送成功
[02:30:58 INF] 【直播间】11732699 的第 19 个心跳包发送成功
[02:30:59 INF] 【直播间】7184632 的第 19 个心跳包发送成功
[02:31:00 INF] 【直播间】91164 的第 19 个心跳包发送成功
[02:31:02 INF] 【直播间】23447660 的第 19 个心跳包发送成功
[02:31:03 INF] 【直播间】929670 的第 19 个心跳包发送成功
[02:31:04 INF] 【直播间】22764265 的第 19 个心跳包发送成功
[02:31:57 INF] 【直播间】23357926 的第 20 个心跳包发送成功
[02:31:58 INF] 【直播间】23040372 的第 20 个心跳包发送成功
[02:31:59 INF] 【直播间】31494 的第 20 个心跳包发送成功
[02:32:01 INF] 【直播间】4015781 的第 20 个心跳包发送成功
[02:32:02 INF] 【直播间】9619073 的第 20 个心跳包发送成功
[02:32:03 INF] 【直播间】407149 的第 20 个心跳包发送成功
[02:32:04 INF] 【直播间】11732699 的第 20 个心跳包发送成功
[02:32:06 INF] 【直播间】7184632 的第 20 个心跳包发送成功
[02:32:07 INF] 【直播间】91164 的第 20 个心跳包发送成功
[02:32:08 INF] 【直播间】23447660 的第 20 个心跳包发送成功
[02:32:09 INF] 【直播间】929670 的第 20 个心跳包发送成功
[02:32:10 INF] 【直播间】22764265 的第 20 个心跳包发送成功
[02:33:03 INF] 【直播间】23357926 的第 21 个心跳包发送成功
[02:33:04 INF] 【直播间】23040372 的第 21 个心跳包发送成功
[02:33:05 INF] 【直播间】31494 的第 21 个心跳包发送成功
[02:33:07 INF] 【直播间】4015781 的第 21 个心跳包发送成功
[02:33:08 INF] 【直播间】9619073 的第 21 个心跳包发送成功
[02:33:09 INF] 【直播间】407149 的第 21 个心跳包发送成功
[02:33:11 INF] 【直播间】11732699 的第 21 个心跳包发送成功
[02:33:12 INF] 【直播间】7184632 的第 21 个心跳包发送成功
[02:33:13 INF] 【直播间】91164 的第 21 个心跳包发送成功
[02:33:14 INF] 【直播间】23447660 的第 21 个心跳包发送成功
[02:33:16 INF] 【直播间】929670 的第 21 个心跳包发送成功
[02:33:17 INF] 【直播间】22764265 的第 21 个心跳包发送成功
[02:34:09 INF] 【直播间】23357926 的第 22 个心跳包发送成功
[02:34:11 INF] 【直播间】23040372 的第 22 个心跳包发送成功
[02:34:12 INF] 【直播间】31494 的第 22 个心跳包发送成功
[02:34:13 INF] 【直播间】4015781 的第 22 个心跳包发送成功
[02:34:14 INF] 【直播间】9619073 的第 22 个心跳包发送成功
[02:34:16 INF] 【直播间】407149 的第 22 个心跳包发送成功
[02:34:17 INF] 【直播间】11732699 的第 22 个心跳包发送成功
[02:34:18 INF] 【直播间】7184632 的第 22 个心跳包发送成功
[02:34:19 INF] 【直播间】91164 的第 22 个心跳包发送成功
[02:34:21 INF] 【直播间】23447660 的第 22 个心跳包发送成功
[02:34:22 INF] 【直播间】929670 的第 22 个心跳包发送成功
[02:34:23 INF] 【直播间】22764265 的第 22 个心跳包发送成功
[02:35:16 INF] 【直播间】23357926 的第 23 个心跳包发送成功
[02:35:17 INF] 【直播间】23040372 的第 23 个心跳包发送成功
[02:35:18 INF] 【直播间】31494 的第 23 个心跳包发送成功
[02:35:20 INF] 【直播间】4015781 的第 23 个心跳包发送成功
[02:35:21 INF] 【直播间】9619073 的第 23 个心跳包发送成功
[02:35:22 INF] 【直播间】407149 的第 23 个心跳包发送成功
[02:35:23 INF] 【直播间】11732699 的第 23 个心跳包发送成功
[02:35:24 INF] 【直播间】7184632 的第 23 个心跳包发送成功
[02:35:26 INF] 【直播间】91164 的第 23 个心跳包发送成功
[02:35:27 INF] 【直播间】23447660 的第 23 个心跳包发送成功
[02:35:28 INF] 【直播间】929670 的第 23 个心跳包发送成功
[02:35:29 INF] 【直播间】22764265 的第 23 个心跳包发送成功
[02:36:22 INF] 【直播间】23357926 的第 24 个心跳包发送成功
[02:36:23 INF] 【直播间】23040372 的第 24 个心跳包发送成功
[02:36:25 INF] 【直播间】31494 的第 24 个心跳包发送成功
[02:36:26 INF] 【直播间】4015781 的第 24 个心跳包发送成功
[02:36:27 INF] 【直播间】9619073 的第 24 个心跳包发送成功
[02:36:28 INF] 【直播间】407149 的第 24 个心跳包发送成功
[02:36:30 INF] 【直播间】11732699 的第 24 个心跳包发送成功
[02:36:31 INF] 【直播间】7184632 的第 24 个心跳包发送成功
[02:36:32 INF] 【直播间】91164 的第 24 个心跳包发送成功
[02:36:33 INF] 【直播间】23447660 的第 24 个心跳包发送成功
[02:36:34 INF] 【直播间】929670 的第 24 个心跳包发送成功
[02:36:36 INF] 【直播间】22764265 的第 24 个心跳包发送成功
[02:37:28 INF] 【直播间】23357926 的第 25 个心跳包发送成功
[02:37:30 INF] 【直播间】23040372 的第 25 个心跳包发送成功
[02:37:31 INF] 【直播间】31494 的第 25 个心跳包发送成功
[02:37:32 INF] 【直播间】4015781 的第 25 个心跳包发送成功
[02:37:33 INF] 【直播间】9619073 的第 25 个心跳包发送成功
[02:37:35 INF] 【直播间】407149 的第 25 个心跳包发送成功
[02:37:36 INF] 【直播间】11732699 的第 25 个心跳包发送成功
[02:37:37 INF] 【直播间】7184632 的第 25 个心跳包发送成功
[02:37:38 INF] 【直播间】91164 的第 25 个心跳包发送成功
[02:37:40 INF] 【直播间】23447660 的第 25 个心跳包发送成功
[02:37:41 INF] 【直播间】929670 的第 25 个心跳包发送成功
[02:37:42 INF] 【直播间】22764265 的第 25 个心跳包发送成功
[02:38:35 INF] 【直播间】23357926 的第 26 个心跳包发送成功
[02:38:36 INF] 【直播间】23040372 的第 26 个心跳包发送成功
[02:38:37 INF] 【直播间】31494 的第 26 个心跳包发送成功
[02:38:38 INF] 【直播间】4015781 的第 26 个心跳包发送成功
[02:38:40 INF] 【直播间】9619073 的第 26 个心跳包发送成功
[02:38:41 INF] 【直播间】407149 的第 26 个心跳包发送成功
[02:38:42 INF] 【直播间】11732699 的第 26 个心跳包发送成功
[02:38:44 INF] 【直播间】7184632 的第 26 个心跳包发送成功
[02:38:45 INF] 【直播间】91164 的第 26 个心跳包发送成功
[02:38:46 INF] 【直播间】23447660 的第 26 个心跳包发送成功
[02:38:47 INF] 【直播间】929670 的第 26 个心跳包发送成功
[02:38:48 INF] 【直播间】22764265 的第 26 个心跳包发送成功
[02:39:41 INF] 【直播间】23357926 的第 27 个心跳包发送成功
[02:39:42 INF] 【直播间】23040372 的第 27 个心跳包发送成功
[02:39:43 INF] 【直播间】31494 的第 27 个心跳包发送成功
[02:39:45 INF] 【直播间】4015781 的第 27 个心跳包发送成功
[02:39:46 INF] 【直播间】9619073 的第 27 个心跳包发送成功
[02:39:47 INF] 【直播间】407149 的第 27 个心跳包发送成功
[02:39:49 INF] 【直播间】11732699 的第 27 个心跳包发送成功
[02:39:50 INF] 【直播间】7184632 的第 27 个心跳包发送成功
[02:39:51 INF] 【直播间】91164 的第 27 个心跳包发送成功
[02:39:52 INF] 【直播间】23447660 的第 27 个心跳包发送成功
[02:39:53 INF] 【直播间】929670 的第 27 个心跳包发送成功
[02:39:55 INF] 【直播间】22764265 的第 27 个心跳包发送成功
[02:40:47 INF] 【直播间】23357926 的第 28 个心跳包发送成功
[02:40:49 INF] 【直播间】23040372 的第 28 个心跳包发送成功
[02:40:50 INF] 【直播间】31494 的第 28 个心跳包发送成功
[02:40:51 INF] 【直播间】4015781 的第 28 个心跳包发送成功
[02:40:52 INF] 【直播间】9619073 的第 28 个心跳包发送成功
[02:40:53 INF] 【直播间】407149 的第 28 个心跳包发送成功
[02:40:55 INF] 【直播间】11732699 的第 28 个心跳包发送成功
[02:40:56 INF] 【直播间】7184632 的第 28 个心跳包发送成功
[02:40:57 INF] 【直播间】91164 的第 28 个心跳包发送成功
[02:40:58 INF] 【直播间】23447660 的第 28 个心跳包发送成功
[02:41:00 INF] 【直播间】929670 的第 28 个心跳包发送成功
[02:41:01 INF] 【直播间】22764265 的第 28 个心跳包发送成功
[02:41:54 INF] 【直播间】23357926 的第 29 个心跳包发送成功
[02:41:55 INF] 【直播间】23040372 的第 29 个心跳包发送成功
[02:41:56 INF] 【直播间】31494 的第 29 个心跳包发送成功
[02:41:58 INF] 【直播间】4015781 的第 29 个心跳包发送成功
[02:41:59 INF] 【直播间】9619073 的第 29 个心跳包发送成功
[02:42:00 INF] 【直播间】407149 的第 29 个心跳包发送成功
[02:42:01 INF] 【直播间】11732699 的第 29 个心跳包发送成功
[02:42:02 INF] 【直播间】7184632 的第 29 个心跳包发送成功
[02:42:04 INF] 【直播间】91164 的第 29 个心跳包发送成功
[02:42:05 INF] 【直播间】23447660 的第 29 个心跳包发送成功
[02:42:06 INF] 【直播间】929670 的第 29 个心跳包发送成功
[02:42:07 INF] 【直播间】22764265 的第 29 个心跳包发送成功
[02:43:00 ERR] 【心跳包】直播间 23357926 发送失败
[02:43:00 ERR] 【原因】time check failed
[02:43:01 ERR] 【心跳包】直播间 23040372 发送失败
[02:43:01 ERR] 【原因】time check failed
[02:43:03 ERR] 【心跳包】直播间 31494 发送失败
[02:43:03 ERR] 【原因】time check failed
[02:43:04 ERR] 【心跳包】直播间 4015781 发送失败
[02:43:04 ERR] 【原因】time check failed
[02:43:05 ERR] 【心跳包】直播间 9619073 发送失败
[02:43:05 ERR] 【原因】time check failed
[02:43:06 ERR] 【心跳包】直播间 407149 发送失败
[02:43:06 ERR] 【原因】time check failed
[02:43:07 ERR] 【心跳包】直播间 11732699 发送失败
[02:43:07 ERR] 【原因】time check failed
[02:43:09 ERR] 【心跳包】直播间 7184632 发送失败
[02:43:09 ERR] 【原因】time check failed
[02:43:10 ERR] 【心跳包】直播间 91164 发送失败
[02:43:10 ERR] 【原因】time check failed
[02:43:11 ERR] 【心跳包】直播间 23447660 发送失败
[02:43:11 ERR] 【原因】time check failed
[02:43:12 ERR] 【心跳包】直播间 929670 发送失败
[02:43:12 ERR] 【原因】time check failed
[02:43:13 ERR] 【心跳包】直播间 22764265 发送失败
[02:43:13 ERR] 【原因】time check failed
[02:44:06 INF] 【直播间】23357926 的第 30 个心跳包发送成功
[02:44:08 INF] 【直播间】23040372 的第 30 个心跳包发送成功
[02:44:09 INF] 【直播间】31494 的第 30 个心跳包发送成功
[02:44:10 INF] 【直播间】4015781 的第 30 个心跳包发送成功
[02:44:12 INF] 【直播间】9619073 的第 30 个心跳包发送成功
[02:44:13 INF] 【直播间】407149 的第 30 个心跳包发送成功
[02:44:14 INF] 【直播间】11732699 的第 30 个心跳包发送成功
[02:44:15 INF] 【直播间】7184632 的第 30 个心跳包发送成功
[02:44:17 INF] 【直播间】91164 的第 30 个心跳包发送成功
[02:44:18 INF] 【直播间】23447660 的第 30 个心跳包发送成功
[02:44:19 INF] 【直播间】929670 的第 30 个心跳包发送成功
[02:44:20 INF] 【直播间】22764265 的第 30 个心跳包发送成功
[02:45:13 INF] 【直播间】23357926 的第 31 个心跳包发送成功
[02:45:14 INF] 【直播间】23040372 的第 31 个心跳包发送成功
[02:45:15 INF] 【直播间】31494 的第 31 个心跳包发送成功
[02:45:17 INF] 【直播间】4015781 的第 31 个心跳包发送成功
[02:45:18 INF] 【直播间】9619073 的第 31 个心跳包发送成功
[02:45:19 INF] 【直播间】407149 的第 31 个心跳包发送成功
[02:45:20 INF] 【直播间】11732699 的第 31 个心跳包发送成功
[02:45:22 INF] 【直播间】7184632 的第 31 个心跳包发送成功
[02:45:23 INF] 【直播间】91164 的第 31 个心跳包发送成功
[02:45:24 INF] 【直播间】23447660 的第 31 个心跳包发送成功
[02:45:25 INF] 【直播间】929670 的第 31 个心跳包发送成功
[02:45:27 INF] 【直播间】22764265 的第 31 个心跳包发送成功
[02:46:19 INF] 【直播间】23357926 的第 32 个心跳包发送成功
[02:46:21 INF] 【直播间】23040372 的第 32 个心跳包发送成功
[02:46:22 INF] 【直播间】31494 的第 32 个心跳包发送成功
[02:46:23 INF] 【直播间】4015781 的第 32 个心跳包发送成功
[02:46:24 INF] 【直播间】9619073 的第 32 个心跳包发送成功
[02:46:26 INF] 【直播间】407149 的第 32 个心跳包发送成功
[02:46:27 INF] 【直播间】11732699 的第 32 个心跳包发送成功
[02:46:28 INF] 【直播间】7184632 的第 32 个心跳包发送成功
[02:46:29 INF] 【直播间】91164 的第 32 个心跳包发送成功
[02:46:31 INF] 【直播间】23447660 的第 32 个心跳包发送成功
[02:46:32 INF] 【直播间】929670 的第 32 个心跳包发送成功
[02:46:33 INF] 【直播间】22764265 的第 32 个心跳包发送成功
[02:47:26 INF] 【直播间】23357926 的第 33 个心跳包发送成功
[02:47:27 INF] 【直播间】23040372 的第 33 个心跳包发送成功
[02:47:28 INF] 【直播间】31494 的第 33 个心跳包发送成功
[02:47:29 INF] 【直播间】4015781 的第 33 个心跳包发送成功
[02:47:30 INF] 【直播间】9619073 的第 33 个心跳包发送成功
[02:47:32 INF] 【直播间】407149 的第 33 个心跳包发送成功
[02:47:33 INF] 【直播间】11732699 的第 33 个心跳包发送成功
[02:47:34 INF] 【直播间】7184632 的第 33 个心跳包发送成功
[02:47:36 INF] 【直播间】91164 的第 33 个心跳包发送成功
[02:47:37 INF] 【直播间】23447660 的第 33 个心跳包发送成功
[02:47:38 INF] 【直播间】929670 的第 33 个心跳包发送成功
[02:47:39 INF] 【直播间】22764265 的第 33 个心跳包发送成功
[02:48:32 INF] 【直播间】23357926 的第 34 个心跳包发送成功
[02:48:33 INF] 【直播间】23040372 的第 34 个心跳包发送成功
[02:48:34 INF] 【直播间】31494 的第 34 个心跳包发送成功
[02:48:36 INF] 【直播间】4015781 的第 34 个心跳包发送成功
[02:48:37 INF] 【直播间】9619073 的第 34 个心跳包发送成功
[02:48:38 INF] 【直播间】407149 的第 34 个心跳包发送成功
[02:48:39 INF] 【直播间】11732699 的第 34 个心跳包发送成功
[02:48:41 INF] 【直播间】7184632 的第 34 个心跳包发送成功
[02:48:42 INF] 【直播间】91164 的第 34 个心跳包发送成功
[02:48:43 INF] 【直播间】23447660 的第 34 个心跳包发送成功
[02:48:44 INF] 【直播间】929670 的第 34 个心跳包发送成功
[02:48:46 INF] 【直播间】22764265 的第 34 个心跳包发送成功
[02:49:38 INF] 【直播间】23357926 的第 35 个心跳包发送成功
[02:49:39 INF] 【直播间】23040372 的第 35 个心跳包发送成功
[02:49:41 INF] 【直播间】31494 的第 35 个心跳包发送成功
[02:49:42 INF] 【直播间】4015781 的第 35 个心跳包发送成功
[02:49:43 INF] 【直播间】9619073 的第 35 个心跳包发送成功
[02:49:44 INF] 【直播间】407149 的第 35 个心跳包发送成功
[02:49:46 INF] 【直播间】11732699 的第 35 个心跳包发送成功
[02:49:47 INF] 【直播间】7184632 的第 35 个心跳包发送成功
[02:49:48 INF] 【直播间】91164 的第 35 个心跳包发送成功
[02:49:50 INF] 【直播间】23447660 的第 35 个心跳包发送成功
[02:49:51 INF] 【直播间】929670 的第 35 个心跳包发送成功
[02:49:52 INF] 【直播间】22764265 的第 35 个心跳包发送成功
[02:50:45 INF] 【直播间】23357926 的第 36 个心跳包发送成功
[02:50:46 INF] 【直播间】23040372 的第 36 个心跳包发送成功
[02:50:47 INF] 【直播间】31494 的第 36 个心跳包发送成功
[02:50:48 INF] 【直播间】4015781 的第 36 个心跳包发送成功
[02:50:49 INF] 【直播间】9619073 的第 36 个心跳包发送成功
[02:50:51 INF] 【直播间】407149 的第 36 个心跳包发送成功
[02:50:52 INF] 【直播间】11732699 的第 36 个心跳包发送成功
[02:50:53 INF] 【直播间】7184632 的第 36 个心跳包发送成功
[02:50:55 INF] 【直播间】91164 的第 36 个心跳包发送成功
[02:50:56 INF] 【直播间】23447660 的第 36 个心跳包发送成功
[02:50:57 INF] 【直播间】929670 的第 36 个心跳包发送成功
[02:50:58 INF] 【直播间】22764265 的第 36 个心跳包发送成功
[02:51:51 INF] 【直播间】23357926 的第 37 个心跳包发送成功
[02:51:52 INF] 【直播间】23040372 的第 37 个心跳包发送成功
[02:51:53 INF] 【直播间】31494 的第 37 个心跳包发送成功
[02:51:55 INF] 【直播间】4015781 的第 37 个心跳包发送成功
[02:51:56 INF] 【直播间】9619073 的第 37 个心跳包发送成功
[02:51:57 INF] 【直播间】407149 的第 37 个心跳包发送成功
[02:51:58 INF] 【直播间】11732699 的第 37 个心跳包发送成功
[02:52:00 INF] 【直播间】7184632 的第 37 个心跳包发送成功
[02:52:01 INF] 【直播间】91164 的第 37 个心跳包发送成功
[02:52:02 INF] 【直播间】23447660 的第 37 个心跳包发送成功
[02:52:03 INF] 【直播间】929670 的第 37 个心跳包发送成功
[02:52:04 INF] 【直播间】22764265 的第 37 个心跳包发送成功
[02:52:57 INF] 【直播间】23357926 的第 38 个心跳包发送成功
[02:52:58 INF] 【直播间】23040372 的第 38 个心跳包发送成功
[02:53:00 INF] 【直播间】31494 的第 38 个心跳包发送成功
[02:53:01 INF] 【直播间】4015781 的第 38 个心跳包发送成功
[02:53:02 INF] 【直播间】9619073 的第 38 个心跳包发送成功
[02:53:03 INF] 【直播间】407149 的第 38 个心跳包发送成功
[02:53:04 INF] 【直播间】11732699 的第 38 个心跳包发送成功
[02:53:06 INF] 【直播间】7184632 的第 38 个心跳包发送成功
[02:53:07 INF] 【直播间】91164 的第 38 个心跳包发送成功
[02:53:08 INF] 【直播间】23447660 的第 38 个心跳包发送成功
[02:53:10 INF] 【直播间】929670 的第 38 个心跳包发送成功
[02:53:11 INF] 【直播间】22764265 的第 38 个心跳包发送成功
[02:54:03 INF] 【直播间】23357926 的第 39 个心跳包发送成功
[02:54:05 INF] 【直播间】23040372 的第 39 个心跳包发送成功
[02:54:06 INF] 【直播间】31494 的第 39 个心跳包发送成功
[02:54:07 INF] 【直播间】4015781 的第 39 个心跳包发送成功
[02:54:08 INF] 【直播间】9619073 的第 39 个心跳包发送成功
[02:54:10 INF] 【直播间】407149 的第 39 个心跳包发送成功
[02:54:11 INF] 【直播间】11732699 的第 39 个心跳包发送成功
[02:54:12 INF] 【直播间】7184632 的第 39 个心跳包发送成功
[02:54:13 INF] 【直播间】91164 的第 39 个心跳包发送成功
[02:54:14 INF] 【直播间】23447660 的第 39 个心跳包发送成功
[02:54:16 INF] 【直播间】929670 的第 39 个心跳包发送成功
[02:54:17 INF] 【直播间】22764265 的第 39 个心跳包发送成功
[02:55:10 INF] 【直播间】23357926 的第 40 个心跳包发送成功
[02:55:11 INF] 【直播间】23040372 的第 40 个心跳包发送成功
[02:55:12 INF] 【直播间】31494 的第 40 个心跳包发送成功
[02:55:14 INF] 【直播间】4015781 的第 40 个心跳包发送成功
[02:55:15 INF] 【直播间】9619073 的第 40 个心跳包发送成功
[02:55:16 INF] 【直播间】407149 的第 40 个心跳包发送成功
[02:55:18 INF] 【直播间】11732699 的第 40 个心跳包发送成功
[02:55:19 INF] 【直播间】7184632 的第 40 个心跳包发送成功
[02:55:20 INF] 【直播间】91164 的第 40 个心跳包发送成功
[02:55:21 INF] 【直播间】23447660 的第 40 个心跳包发送成功
[02:55:23 INF] 【直播间】929670 的第 40 个心跳包发送成功
[02:55:24 INF] 【直播间】22764265 的第 40 个心跳包发送成功
[02:56:16 INF] 【直播间】23357926 的第 41 个心跳包发送成功
[02:56:18 INF] 【直播间】23040372 的第 41 个心跳包发送成功
[02:56:19 INF] 【直播间】31494 的第 41 个心跳包发送成功
[02:56:20 INF] 【直播间】4015781 的第 41 个心跳包发送成功
[02:56:21 INF] 【直播间】9619073 的第 41 个心跳包发送成功
[02:56:23 INF] 【直播间】407149 的第 41 个心跳包发送成功
[02:56:24 INF] 【直播间】11732699 的第 41 个心跳包发送成功
[02:56:25 INF] 【直播间】7184632 的第 41 个心跳包发送成功
[02:56:26 INF] 【直播间】91164 的第 41 个心跳包发送成功
[02:56:28 INF] 【直播间】23447660 的第 41 个心跳包发送成功
[02:56:29 INF] 【直播间】929670 的第 41 个心跳包发送成功
[02:56:30 INF] 【直播间】22764265 的第 41 个心跳包发送成功
[02:57:23 INF] 【直播间】23357926 的第 42 个心跳包发送成功
[02:57:24 INF] 【直播间】23040372 的第 42 个心跳包发送成功
[02:57:25 INF] 【直播间】31494 的第 42 个心跳包发送成功
[02:57:26 INF] 【直播间】4015781 的第 42 个心跳包发送成功
[02:57:28 INF] 【直播间】9619073 的第 42 个心跳包发送成功
[02:57:29 INF] 【直播间】407149 的第 42 个心跳包发送成功
[02:57:30 INF] 【直播间】11732699 的第 42 个心跳包发送成功
[02:57:32 INF] 【直播间】7184632 的第 42 个心跳包发送成功
[02:57:33 INF] 【直播间】91164 的第 42 个心跳包发送成功
[02:57:34 INF] 【直播间】23447660 的第 42 个心跳包发送成功
[02:57:35 INF] 【直播间】929670 的第 42 个心跳包发送成功
[02:57:37 INF] 【直播间】22764265 的第 42 个心跳包发送成功
[02:58:29 INF] 【直播间】23357926 的第 43 个心跳包发送成功
[02:58:31 INF] 【直播间】23040372 的第 43 个心跳包发送成功
[02:58:32 INF] 【直播间】31494 的第 43 个心跳包发送成功
[02:58:33 INF] 【直播间】4015781 的第 43 个心跳包发送成功
[02:58:34 INF] 【直播间】9619073 的第 43 个心跳包发送成功
[02:58:35 INF] 【直播间】407149 的第 43 个心跳包发送成功
[02:58:37 INF] 【直播间】11732699 的第 43 个心跳包发送成功
[02:58:38 INF] 【直播间】7184632 的第 43 个心跳包发送成功
[02:58:39 INF] 【直播间】91164 的第 43 个心跳包发送成功
[02:58:40 INF] 【直播间】23447660 的第 43 个心跳包发送成功
[02:58:42 INF] 【直播间】929670 的第 43 个心跳包发送成功
[02:58:43 INF] 【直播间】22764265 的第 43 个心跳包发送成功
[02:59:35 ERR] 【心跳包】直播间 23357926 发送失败
[02:59:35 ERR] 【原因】time check failed
[02:59:37 ERR] 【心跳包】直播间 23040372 发送失败
[02:59:37 ERR] 【原因】time check failed
[02:59:38 ERR] 【心跳包】直播间 31494 发送失败
[02:59:38 ERR] 【原因】time check failed
[02:59:39 ERR] 【心跳包】直播间 4015781 发送失败
[02:59:39 ERR] 【原因】time check failed
[02:59:40 ERR] 【心跳包】直播间 9619073 发送失败
[02:59:40 ERR] 【原因】time check failed
[02:59:42 ERR] 【心跳包】直播间 407149 发送失败
[02:59:42 ERR] 【原因】time check failed
[02:59:43 ERR] 【心跳包】直播间 11732699 发送失败
[02:59:43 ERR] 【原因】time check failed
[02:59:44 ERR] 【心跳包】直播间 7184632 发送失败
[02:59:44 ERR] 【原因】time check failed
[02:59:45 ERR] 【心跳包】直播间 91164 发送失败
[02:59:45 ERR] 【原因】time check failed
[02:59:47 ERR] 【心跳包】直播间 23447660 发送失败
[02:59:47 ERR] 【原因】time check failed
[02:59:48 ERR] 【心跳包】直播间 929670 发送失败
[02:59:48 ERR] 【原因】time check failed
[02:59:49 ERR] 【心跳包】直播间 22764265 发送失败
[02:59:49 ERR] 【原因】time check failed
[03:00:42 INF] 【直播间】23357926 的第 44 个心跳包发送成功
[03:00:43 INF] 【直播间】23040372 的第 44 个心跳包发送成功
[03:00:44 INF] 【直播间】31494 的第 44 个心跳包发送成功
[03:00:45 INF] 【直播间】4015781 的第 44 个心跳包发送成功
[03:00:47 INF] 【直播间】9619073 的第 44 个心跳包发送成功
[03:00:48 INF] 【直播间】407149 的第 44 个心跳包发送成功
[03:00:49 INF] 【直播间】11732699 的第 44 个心跳包发送成功
[03:00:50 INF] 【直播间】7184632 的第 44 个心跳包发送成功
[03:00:52 INF] 【直播间】91164 的第 44 个心跳包发送成功
[03:00:53 INF] 【直播间】23447660 的第 44 个心跳包发送成功
[03:00:54 INF] 【直播间】929670 的第 44 个心跳包发送成功
[03:00:56 INF] 【直播间】22764265 的第 44 个心跳包发送成功
[03:01:48 INF] 【直播间】23357926 的第 45 个心跳包发送成功
[03:01:49 INF] 【直播间】23040372 的第 45 个心跳包发送成功
[03:01:50 INF] 【直播间】31494 的第 45 个心跳包发送成功
[03:01:52 INF] 【直播间】4015781 的第 45 个心跳包发送成功
[03:01:53 INF] 【直播间】9619073 的第 45 个心跳包发送成功
[03:01:54 INF] 【直播间】407149 的第 45 个心跳包发送成功
[03:01:55 INF] 【直播间】11732699 的第 45 个心跳包发送成功
[03:01:57 INF] 【直播间】7184632 的第 45 个心跳包发送成功
[03:01:58 INF] 【直播间】91164 的第 45 个心跳包发送成功
[03:01:59 INF] 【直播间】23447660 的第 45 个心跳包发送成功
[03:02:01 INF] 【直播间】929670 的第 45 个心跳包发送成功
[03:02:02 INF] 【直播间】22764265 的第 45 个心跳包发送成功
[03:02:54 INF] 【直播间】23357926 的第 46 个心跳包发送成功
[03:02:56 INF] 【直播间】23040372 的第 46 个心跳包发送成功
[03:02:57 INF] 【直播间】31494 的第 46 个心跳包发送成功
[03:02:58 INF] 【直播间】4015781 的第 46 个心跳包发送成功
[03:02:59 INF] 【直播间】9619073 的第 46 个心跳包发送成功
[03:03:01 INF] 【直播间】407149 的第 46 个心跳包发送成功
[03:03:02 INF] 【直播间】11732699 的第 46 个心跳包发送成功
[03:03:03 INF] 【直播间】7184632 的第 46 个心跳包发送成功
[03:03:04 INF] 【直播间】91164 的第 46 个心跳包发送成功
[03:03:05 INF] 【直播间】23447660 的第 46 个心跳包发送成功
[03:03:07 INF] 【直播间】929670 的第 46 个心跳包发送成功
[03:03:08 INF] 【直播间】22764265 的第 46 个心跳包发送成功
[03:04:01 INF] 【直播间】23357926 的第 47 个心跳包发送成功
[03:04:02 INF] 【直播间】23040372 的第 47 个心跳包发送成功
[03:04:03 INF] 【直播间】31494 的第 47 个心跳包发送成功
[03:04:04 INF] 【直播间】4015781 的第 47 个心跳包发送成功
[03:04:06 INF] 【直播间】9619073 的第 47 个心跳包发送成功
[03:04:07 INF] 【直播间】407149 的第 47 个心跳包发送成功
[03:04:08 INF] 【直播间】11732699 的第 47 个心跳包发送成功
[03:04:09 INF] 【直播间】7184632 的第 47 个心跳包发送成功
[03:04:10 INF] 【直播间】91164 的第 47 个心跳包发送成功
[03:04:12 INF] 【直播间】23447660 的第 47 个心跳包发送成功
[03:04:13 INF] 【直播间】929670 的第 47 个心跳包发送成功
[03:04:15 INF] 【直播间】22764265 的第 47 个心跳包发送成功
[03:05:07 INF] 【直播间】23357926 的第 48 个心跳包发送成功
[03:05:08 INF] 【直播间】23040372 的第 48 个心跳包发送成功
[03:05:10 INF] 【直播间】31494 的第 48 个心跳包发送成功
[03:05:11 INF] 【直播间】4015781 的第 48 个心跳包发送成功
[03:05:12 INF] 【直播间】9619073 的第 48 个心跳包发送成功
[03:05:13 INF] 【直播间】407149 的第 48 个心跳包发送成功
[03:05:14 INF] 【直播间】11732699 的第 48 个心跳包发送成功
[03:05:16 INF] 【直播间】7184632 的第 48 个心跳包发送成功
[03:05:17 INF] 【直播间】91164 的第 48 个心跳包发送成功
[03:05:18 INF] 【直播间】23447660 的第 48 个心跳包发送成功
[03:05:19 INF] 【直播间】929670 的第 48 个心跳包发送成功
[03:05:21 INF] 【直播间】22764265 的第 48 个心跳包发送成功
[03:06:14 INF] 【直播间】23357926 的第 49 个心跳包发送成功
[03:06:15 INF] 【直播间】23040372 的第 49 个心跳包发送成功
[03:06:16 INF] 【直播间】31494 的第 49 个心跳包发送成功
[03:06:17 INF] 【直播间】4015781 的第 49 个心跳包发送成功
[03:06:18 INF] 【直播间】9619073 的第 49 个心跳包发送成功
[03:06:20 INF] 【直播间】407149 的第 49 个心跳包发送成功
[03:06:21 INF] 【直播间】11732699 的第 49 个心跳包发送成功
[03:06:22 INF] 【直播间】7184632 的第 49 个心跳包发送成功
[03:06:23 INF] 【直播间】91164 的第 49 个心跳包发送成功
[03:06:24 INF] 【直播间】23447660 的第 49 个心跳包发送成功
[03:06:26 INF] 【直播间】929670 的第 49 个心跳包发送成功
[03:06:27 INF] 【直播间】22764265 的第 49 个心跳包发送成功
[03:07:20 INF] 【直播间】23357926 的第 50 个心跳包发送成功
[03:07:21 INF] 【直播间】23040372 的第 50 个心跳包发送成功
[03:07:22 INF] 【直播间】31494 的第 50 个心跳包发送成功
[03:07:24 INF] 【直播间】4015781 的第 50 个心跳包发送成功
[03:07:25 INF] 【直播间】9619073 的第 50 个心跳包发送成功
[03:07:26 INF] 【直播间】407149 的第 50 个心跳包发送成功
[03:07:27 INF] 【直播间】11732699 的第 50 个心跳包发送成功
[03:07:29 INF] 【直播间】7184632 的第 50 个心跳包发送成功
[03:07:30 INF] 【直播间】91164 的第 50 个心跳包发送成功
[03:07:31 INF] 【直播间】23447660 的第 50 个心跳包发送成功
[03:07:32 INF] 【直播间】929670 的第 50 个心跳包发送成功
[03:07:33 INF] 【直播间】22764265 的第 50 个心跳包发送成功
[03:08:26 INF] 【直播间】23357926 的第 51 个心跳包发送成功
[03:08:27 INF] 【直播间】23040372 的第 51 个心跳包发送成功
[03:08:29 INF] 【直播间】31494 的第 51 个心跳包发送成功
[03:08:30 INF] 【直播间】4015781 的第 51 个心跳包发送成功
[03:08:31 INF] 【直播间】9619073 的第 51 个心跳包发送成功
[03:08:32 INF] 【直播间】407149 的第 51 个心跳包发送成功
[03:08:34 INF] 【直播间】11732699 的第 51 个心跳包发送成功
[03:08:35 INF] 【直播间】7184632 的第 51 个心跳包发送成功
[03:08:36 INF] 【直播间】91164 的第 51 个心跳包发送成功
[03:08:37 INF] 【直播间】23447660 的第 51 个心跳包发送成功
[03:08:39 INF] 【直播间】929670 的第 51 个心跳包发送成功
[03:08:40 INF] 【直播间】22764265 的第 51 个心跳包发送成功
[03:09:33 INF] 【直播间】23357926 的第 52 个心跳包发送成功
[03:09:34 INF] 【直播间】23040372 的第 52 个心跳包发送成功
[03:09:35 INF] 【直播间】31494 的第 52 个心跳包发送成功
[03:09:36 INF] 【直播间】4015781 的第 52 个心跳包发送成功
[03:09:37 INF] 【直播间】9619073 的第 52 个心跳包发送成功
[03:09:39 INF] 【直播间】407149 的第 52 个心跳包发送成功
[03:09:40 INF] 【直播间】11732699 的第 52 个心跳包发送成功
[03:09:41 INF] 【直播间】7184632 的第 52 个心跳包发送成功
[03:09:43 INF] 【直播间】91164 的第 52 个心跳包发送成功
[03:09:44 INF] 【直播间】23447660 的第 52 个心跳包发送成功
[03:09:45 INF] 【直播间】929670 的第 52 个心跳包发送成功
[03:09:46 INF] 【直播间】22764265 的第 52 个心跳包发送成功
[03:10:39 INF] 【直播间】23357926 的第 53 个心跳包发送成功
[03:10:40 INF] 【直播间】23040372 的第 53 个心跳包发送成功
[03:10:41 INF] 【直播间】31494 的第 53 个心跳包发送成功
[03:10:43 INF] 【直播间】4015781 的第 53 个心跳包发送成功
[03:10:44 INF] 【直播间】9619073 的第 53 个心跳包发送成功
[03:10:45 INF] 【直播间】407149 的第 53 个心跳包发送成功
[03:10:46 INF] 【直播间】11732699 的第 53 个心跳包发送成功
[03:10:48 INF] 【直播间】7184632 的第 53 个心跳包发送成功
[03:10:49 INF] 【直播间】91164 的第 53 个心跳包发送成功
[03:10:50 INF] 【直播间】23447660 的第 53 个心跳包发送成功
[03:10:51 INF] 【直播间】929670 的第 53 个心跳包发送成功
[03:10:53 INF] 【直播间】22764265 的第 53 个心跳包发送成功
[03:11:45 INF] 【直播间】23357926 的第 54 个心跳包发送成功
[03:11:46 INF] 【直播间】23040372 的第 54 个心跳包发送成功
[03:11:48 INF] 【直播间】31494 的第 54 个心跳包发送成功
[03:11:49 INF] 【直播间】4015781 的第 54 个心跳包发送成功
[03:11:50 INF] 【直播间】9619073 的第 54 个心跳包发送成功
[03:11:51 INF] 【直播间】407149 的第 54 个心跳包发送成功
[03:11:53 INF] 【直播间】11732699 的第 54 个心跳包发送成功
[03:11:54 INF] 【直播间】7184632 的第 54 个心跳包发送成功
[03:11:55 INF] 【直播间】91164 的第 54 个心跳包发送成功
[03:11:56 INF] 【直播间】23447660 的第 54 个心跳包发送成功
[03:11:57 INF] 【直播间】929670 的第 54 个心跳包发送成功
[03:11:59 INF] 【直播间】22764265 的第 54 个心跳包发送成功
[03:12:51 INF] 【直播间】23357926 的第 55 个心跳包发送成功
[03:12:53 INF] 【直播间】23040372 的第 55 个心跳包发送成功
[03:12:54 INF] 【直播间】31494 的第 55 个心跳包发送成功
[03:12:55 INF] 【直播间】4015781 的第 55 个心跳包发送成功
[03:12:56 INF] 【直播间】9619073 的第 55 个心跳包发送成功
[03:12:58 INF] 【直播间】407149 的第 55 个心跳包发送成功
[03:12:59 INF] 【直播间】11732699 的第 55 个心跳包发送成功
[03:13:00 INF] 【直播间】7184632 的第 55 个心跳包发送成功
[03:13:01 INF] 【直播间】91164 的第 55 个心跳包发送成功
[03:13:03 INF] 【直播间】23447660 的第 55 个心跳包发送成功
[03:13:04 INF] 【直播间】929670 的第 55 个心跳包发送成功
[03:13:05 INF] 【直播间】22764265 的第 55 个心跳包发送成功
[03:13:58 INF] 【直播间】23357926 的第 56 个心跳包发送成功
[03:13:59 INF] 【直播间】23040372 的第 56 个心跳包发送成功
[03:14:00 INF] 【直播间】31494 的第 56 个心跳包发送成功
[03:14:02 INF] 【直播间】4015781 的第 56 个心跳包发送成功
[03:14:03 INF] 【直播间】9619073 的第 56 个心跳包发送成功
[03:14:04 INF] 【直播间】407149 的第 56 个心跳包发送成功
[03:14:05 INF] 【直播间】11732699 的第 56 个心跳包发送成功
[03:14:06 INF] 【直播间】7184632 的第 56 个心跳包发送成功
[03:14:08 INF] 【直播间】91164 的第 56 个心跳包发送成功
[03:14:09 INF] 【直播间】23447660 的第 56 个心跳包发送成功
[03:14:10 INF] 【直播间】929670 的第 56 个心跳包发送成功
[03:14:11 INF] 【直播间】22764265 的第 56 个心跳包发送成功
[03:15:04 INF] 【直播间】23357926 的第 57 个心跳包发送成功
[03:15:05 INF] 【直播间】23040372 的第 57 个心跳包发送成功
[03:15:07 INF] 【直播间】31494 的第 57 个心跳包发送成功
[03:15:08 INF] 【直播间】4015781 的第 57 个心跳包发送成功
[03:15:09 INF] 【直播间】9619073 的第 57 个心跳包发送成功
[03:15:10 INF] 【直播间】407149 的第 57 个心跳包发送成功
[03:15:11 INF] 【直播间】11732699 的第 57 个心跳包发送成功
[03:15:13 INF] 【直播间】7184632 的第 57 个心跳包发送成功
[03:15:14 INF] 【直播间】91164 的第 57 个心跳包发送成功
[03:15:15 INF] 【直播间】23447660 的第 57 个心跳包发送成功
[03:15:16 INF] 【直播间】929670 的第 57 个心跳包发送成功
[03:15:18 INF] 【直播间】22764265 的第 57 个心跳包发送成功
[03:16:11 ERR] 【心跳包】直播间 23357926 发送失败
[03:16:11 ERR] 【原因】time check failed
[03:16:12 ERR] 【心跳包】直播间 23040372 发送失败
[03:16:12 ERR] 【原因】time check failed
[03:16:13 ERR] 【心跳包】直播间 31494 发送失败
[03:16:13 ERR] 【原因】time check failed
[03:16:14 ERR] 【心跳包】直播间 4015781 发送失败
[03:16:14 ERR] 【原因】time check failed
[03:16:16 ERR] 【心跳包】直播间 9619073 发送失败
[03:16:16 ERR] 【原因】time check failed
[03:16:17 ERR] 【心跳包】直播间 407149 发送失败
[03:16:17 ERR] 【原因】time check failed
[03:16:18 ERR] 【心跳包】直播间 11732699 发送失败
[03:16:18 ERR] 【原因】time check failed
[03:16:19 ERR] 【心跳包】直播间 7184632 发送失败
[03:16:19 ERR] 【原因】time check failed
[03:16:20 ERR] 【心跳包】直播间 91164 发送失败
[03:16:20 ERR] 【原因】time check failed
[03:16:22 ERR] 【心跳包】直播间 23447660 发送失败
[03:16:22 ERR] 【原因】time check failed
[03:16:23 ERR] 【心跳包】直播间 929670 发送失败
[03:16:23 ERR] 【原因】time check failed
[03:16:24 ERR] 【心跳包】直播间 22764265 发送失败
[03:16:24 ERR] 【原因】time check failed
[03:17:17 INF] 【直播间】23357926 的第 58 个心跳包发送成功
[03:17:18 INF] 【直播间】23040372 的第 58 个心跳包发送成功
[03:17:20 INF] 【直播间】31494 的第 58 个心跳包发送成功
[03:17:21 INF] 【直播间】4015781 的第 58 个心跳包发送成功
[03:17:22 INF] 【直播间】9619073 的第 58 个心跳包发送成功
[03:17:23 INF] 【直播间】407149 的第 58 个心跳包发送成功
[03:17:25 INF] 【直播间】11732699 的第 58 个心跳包发送成功
[03:17:26 INF] 【直播间】7184632 的第 58 个心跳包发送成功
[03:17:27 INF] 【直播间】91164 的第 58 个心跳包发送成功
[03:17:28 INF] 【直播间】23447660 的第 58 个心跳包发送成功
[03:17:30 INF] 【直播间】929670 的第 58 个心跳包发送成功
[03:17:31 INF] 【直播间】22764265 的第 58 个心跳包发送成功
[03:18:24 INF] 【直播间】23357926 的第 59 个心跳包发送成功
[03:18:25 INF] 【直播间】23040372 的第 59 个心跳包发送成功
[03:18:26 INF] 【直播间】31494 的第 59 个心跳包发送成功
[03:18:27 INF] 【直播间】4015781 的第 59 个心跳包发送成功
[03:18:29 INF] 【直播间】9619073 的第 59 个心跳包发送成功
[03:18:30 INF] 【直播间】407149 的第 59 个心跳包发送成功
[03:18:31 INF] 【直播间】11732699 的第 59 个心跳包发送成功
[03:18:32 INF] 【直播间】7184632 的第 59 个心跳包发送成功
[03:18:34 INF] 【直播间】91164 的第 59 个心跳包发送成功
[03:18:35 INF] 【直播间】23447660 的第 59 个心跳包发送成功
[03:18:36 INF] 【直播间】929670 的第 59 个心跳包发送成功
[03:18:37 INF] 【直播间】22764265 的第 59 个心跳包发送成功
[03:19:30 INF] 【直播间】23357926 的第 60 个心跳包发送成功
[03:19:31 INF] 【直播间】23040372 的第 60 个心跳包发送成功
[03:19:32 INF] 【直播间】31494 的第 60 个心跳包发送成功
[03:19:34 INF] 【直播间】4015781 的第 60 个心跳包发送成功
[03:19:35 INF] 【直播间】9619073 的第 60 个心跳包发送成功
[03:19:36 INF] 【直播间】407149 的第 60 个心跳包发送成功
[03:19:37 INF] 【直播间】11732699 的第 60 个心跳包发送成功
[03:19:38 INF] 【直播间】7184632 的第 60 个心跳包发送成功
[03:19:40 INF] 【直播间】91164 的第 60 个心跳包发送成功
[03:19:41 INF] 【直播间】23447660 的第 60 个心跳包发送成功
[03:19:42 INF] 【直播间】929670 的第 60 个心跳包发送成功
[03:19:44 INF] 【直播间】22764265 的第 60 个心跳包发送成功
[03:20:36 INF] 【直播间】23357926 的第 61 个心跳包发送成功
[03:20:37 INF] 【直播间】23040372 的第 61 个心跳包发送成功
[03:20:39 INF] 【直播间】31494 的第 61 个心跳包发送成功
[03:20:40 INF] 【直播间】4015781 的第 61 个心跳包发送成功
[03:20:41 INF] 【直播间】9619073 的第 61 个心跳包发送成功
[03:20:42 INF] 【直播间】407149 的第 61 个心跳包发送成功
[03:20:44 INF] 【直播间】11732699 的第 61 个心跳包发送成功
[03:20:45 INF] 【直播间】7184632 的第 61 个心跳包发送成功
[03:20:46 INF] 【直播间】91164 的第 61 个心跳包发送成功
[03:20:47 INF] 【直播间】23447660 的第 61 个心跳包发送成功
[03:20:49 INF] 【直播间】929670 的第 61 个心跳包发送成功
[03:20:50 INF] 【直播间】22764265 的第 61 个心跳包发送成功
[03:21:43 INF] 【直播间】23357926 的第 62 个心跳包发送成功
[03:21:44 INF] 【直播间】23040372 的第 62 个心跳包发送成功
[03:21:45 INF] 【直播间】31494 的第 62 个心跳包发送成功
[03:21:46 INF] 【直播间】4015781 的第 62 个心跳包发送成功
[03:21:47 INF] 【直播间】9619073 的第 62 个心跳包发送成功
[03:21:49 INF] 【直播间】407149 的第 62 个心跳包发送成功
[03:21:50 INF] 【直播间】11732699 的第 62 个心跳包发送成功
[03:21:51 INF] 【直播间】7184632 的第 62 个心跳包发送成功
[03:21:52 INF] 【直播间】91164 的第 62 个心跳包发送成功
[03:21:54 INF] 【直播间】23447660 的第 62 个心跳包发送成功
[03:21:55 INF] 【直播间】929670 的第 62 个心跳包发送成功
[03:21:56 INF] 【直播间】22764265 的第 62 个心跳包发送成功
[03:22:49 INF] 【直播间】23357926 的第 63 个心跳包发送成功
[03:22:50 INF] 【直播间】23040372 的第 63 个心跳包发送成功
[03:22:51 INF] 【直播间】31494 的第 63 个心跳包发送成功
[03:22:52 INF] 【直播间】4015781 的第 63 个心跳包发送成功
[03:22:54 INF] 【直播间】9619073 的第 63 个心跳包发送成功
[03:22:55 INF] 【直播间】407149 的第 63 个心跳包发送成功
[03:22:56 INF] 【直播间】11732699 的第 63 个心跳包发送成功
[03:22:57 INF] 【直播间】7184632 的第 63 个心跳包发送成功
[03:22:59 INF] 【直播间】91164 的第 63 个心跳包发送成功
[03:23:00 INF] 【直播间】23447660 的第 63 个心跳包发送成功
[03:23:01 INF] 【直播间】929670 的第 63 个心跳包发送成功
[03:23:02 INF] 【直播间】22764265 的第 63 个心跳包发送成功
[03:23:55 INF] 【直播间】23357926 的第 64 个心跳包发送成功
[03:23:56 INF] 【直播间】23040372 的第 64 个心跳包发送成功
[03:23:58 INF] 【直播间】31494 的第 64 个心跳包发送成功
[03:23:59 INF] 【直播间】4015781 的第 64 个心跳包发送成功
[03:24:00 INF] 【直播间】9619073 的第 64 个心跳包发送成功
[03:24:01 INF] 【直播间】407149 的第 64 个心跳包发送成功
[03:24:02 INF] 【直播间】11732699 的第 64 个心跳包发送成功
[03:24:04 INF] 【直播间】7184632 的第 64 个心跳包发送成功
[03:24:05 INF] 【直播间】91164 的第 64 个心跳包发送成功
[03:24:06 INF] 【直播间】23447660 的第 64 个心跳包发送成功
[03:24:07 INF] 【直播间】929670 的第 64 个心跳包发送成功
[03:24:09 INF] 【直播间】22764265 的第 64 个心跳包发送成功
[03:25:02 INF] 【直播间】23357926 的第 65 个心跳包发送成功
[03:25:03 INF] 【直播间】23040372 的第 65 个心跳包发送成功
[03:25:04 INF] 【直播间】31494 的第 65 个心跳包发送成功
[03:25:05 INF] 【直播间】4015781 的第 65 个心跳包发送成功
[03:25:06 INF] 【直播间】9619073 的第 65 个心跳包发送成功
[03:25:08 INF] 【直播间】407149 的第 65 个心跳包发送成功
[03:25:09 INF] 【直播间】11732699 的第 65 个心跳包发送成功
[03:25:10 INF] 【直播间】7184632 的第 65 个心跳包发送成功
[03:25:11 INF] 【直播间】91164 的第 65 个心跳包发送成功
[03:25:12 INF] 【直播间】23447660 的第 65 个心跳包发送成功
[03:25:14 INF] 【直播间】929670 的第 65 个心跳包发送成功
[03:25:15 INF] 【直播间】22764265 的第 65 个心跳包发送成功
[03:26:08 INF] 【直播间】23357926 的第 66 个心跳包发送成功
[03:26:09 INF] 【直播间】23040372 的第 66 个心跳包发送成功
[03:26:10 INF] 【直播间】31494 的第 66 个心跳包发送成功
[03:26:12 INF] 【直播间】4015781 的第 66 个心跳包发送成功
[03:26:13 INF] 【直播间】9619073 的第 66 个心跳包发送成功
[03:26:14 INF] 【直播间】407149 的第 66 个心跳包发送成功
[03:26:15 INF] 【直播间】11732699 的第 66 个心跳包发送成功
[03:26:17 INF] 【直播间】7184632 的第 66 个心跳包发送成功
[03:26:18 INF] 【直播间】91164 的第 66 个心跳包发送成功
[03:26:19 INF] 【直播间】23447660 的第 66 个心跳包发送成功
[03:26:20 INF] 【直播间】929670 的第 66 个心跳包发送成功
[03:26:22 INF] 【直播间】22764265 的第 66 个心跳包发送成功
[03:27:14 INF] 【直播间】23357926 的第 67 个心跳包发送成功
[03:27:16 INF] 【直播间】23040372 的第 67 个心跳包发送成功
[03:27:17 INF] 【直播间】31494 的第 67 个心跳包发送成功
[03:27:18 INF] 【直播间】4015781 的第 67 个心跳包发送成功
[03:27:19 INF] 【直播间】9619073 的第 67 个心跳包发送成功
[03:27:21 INF] 【直播间】407149 的第 67 个心跳包发送成功
[03:27:22 INF] 【直播间】11732699 的第 67 个心跳包发送成功
[03:27:23 INF] 【直播间】7184632 的第 67 个心跳包发送成功
[03:27:24 INF] 【直播间】91164 的第 67 个心跳包发送成功
[03:27:25 INF] 【直播间】23447660 的第 67 个心跳包发送成功
[03:27:27 INF] 【直播间】929670 的第 67 个心跳包发送成功
[03:27:28 INF] 【直播间】22764265 的第 67 个心跳包发送成功
[03:28:21 INF] 【直播间】23357926 的第 68 个心跳包发送成功
[03:28:22 INF] 【直播间】23040372 的第 68 个心跳包发送成功
[03:28:23 INF] 【直播间】31494 的第 68 个心跳包发送成功
[03:28:24 INF] 【直播间】4015781 的第 68 个心跳包发送成功
[03:28:26 INF] 【直播间】9619073 的第 68 个心跳包发送成功
[03:28:27 INF] 【直播间】407149 的第 68 个心跳包发送成功
[03:28:28 INF] 【直播间】11732699 的第 68 个心跳包发送成功
[03:28:29 INF] 【直播间】7184632 的第 68 个心跳包发送成功
[03:28:30 INF] 【直播间】91164 的第 68 个心跳包发送成功
[03:28:32 INF] 【直播间】23447660 的第 68 个心跳包发送成功
[03:28:33 INF] 【直播间】929670 的第 68 个心跳包发送成功
[03:28:34 INF] 【直播间】22764265 的第 68 个心跳包发送成功
[03:29:27 INF] 【直播间】23357926 的第 69 个心跳包发送成功
[03:29:28 INF] 【直播间】23040372 的第 69 个心跳包发送成功
[03:29:29 INF] 【直播间】31494 的第 69 个心跳包发送成功
[03:29:30 INF] 【直播间】4015781 的第 69 个心跳包发送成功
[03:29:32 INF] 【直播间】9619073 的第 69 个心跳包发送成功
[03:29:33 INF] 【直播间】407149 的第 69 个心跳包发送成功
[03:29:34 INF] 【直播间】11732699 的第 69 个心跳包发送成功
[03:29:35 INF] 【直播间】7184632 的第 69 个心跳包发送成功
[03:29:37 INF] 【直播间】91164 的第 69 个心跳包发送成功
[03:29:38 INF] 【直播间】23447660 的第 69 个心跳包发送成功
[03:29:39 INF] 【直播间】929670 的第 69 个心跳包发送成功
[03:29:40 INF] 【直播间】22764265 的第 69 个心跳包发送成功
[03:30:33 INF] 【直播间】23357926 的第 70 个心跳包发送成功
[03:30:34 INF] 【直播间】23040372 的第 70 个心跳包发送成功
[03:30:36 INF] 【直播间】31494 的第 70 个心跳包发送成功
[03:30:37 INF] 【直播间】4015781 的第 70 个心跳包发送成功
[03:30:38 INF] 【直播间】9619073 的第 70 个心跳包发送成功
[03:30:40 INF] 【直播间】407149 的第 70 个心跳包发送成功
[03:30:41 INF] 【直播间】11732699 的第 70 个心跳包发送成功
[03:30:42 INF] 【直播间】7184632 的第 70 个心跳包发送成功
[03:30:43 INF] 【直播间】91164 的第 70 个心跳包发送成功
[03:30:44 INF] 【直播间】23447660 的第 70 个心跳包发送成功
[03:30:46 INF] 【直播间】929670 的第 70 个心跳包发送成功
[03:30:47 INF] 【直播间】22764265 的第 70 个心跳包发送成功
[03:30:47 INF] 【直播观看时长】完成情况：12/12 
[03:30:47 INF] ---------结束---------

[03:30:47 INF] ==========结束==========

[03:30:47 INF] ######### 账号 3 #########

[03:30:47 INF] =====开始 直播间互动 =====

[03:30:47 INF] ---开始 发送弹幕 ---
[03:30:47 INF] 检测到直播 Cookie 未正确配置，尝试自动配置中...
[03:30:54 INF] 直播 Cookie 配置成功！
[03:30:54 INF] 【获取直播列表】获取拥有粉丝牌的直播列表
[03:30:59 ERR] 【获取直播列表】失败
[03:30:59 ERR] 【原因】账号未登录
[03:30:59 ERR] 发送弹幕失败，继续其他任务。失败信息:Object reference not set to an instance of an object.

[03:30:59 INF] -------结束-------

[03:30:59 INF] ---开始 点赞直播间 ---
[03:30:59 INF] 【获取直播列表】获取拥有粉丝牌的直播列表
[03:31:03 ERR] 【获取直播列表】失败
[03:31:03 ERR] 【原因】账号未登录
[03:31:03 ERR] 点赞直播间失败，继续其他任务。失败信息:Object reference not set to an instance of an object.

[03:31:03 INF] --------结束--------

[03:31:03 INF] ---开始 直播时长挂机 ---
[03:31:03 INF] 【获取直播列表】获取拥有粉丝牌的直播列表
[03:31:10 ERR] 【获取直播列表】失败
[03:31:10 ERR] 【原因】账号未登录
[03:31:10 ERR] 直播时长挂机失败，继续其他任务。失败信息:Object reference not set to an instance of an object.

[03:31:10 INF] ---------结束---------

[03:31:10 INF] ==========结束==========

[03:31:10 INF] 

========================

 v2.0.1 开源 by https://github.com/RayWangQvQ/BiliBiliToolPro

[03:31:10 INF] ·开始推送·LiveFansMedal任务·
2023-11-28T19:31:10.2902453Z 开始推送到:PushPlus
2023-11-28T19:31:11.5485912Z Response status: OK.
2023-11-28T19:31:11.5486251Z Response content: {"code":999,"msg":"发送内容过大，不能超过2万字","data":null}.

[03:31:11 INF] 运行环境：Development
[03:31:11 INF] 应用目录：/home/runner/work/BiliBiliToolPro/BiliBiliToolPro/src/Ray.BiliBiliTool.Console/bin/Debug/net6.0/

[03:31:11 INF] 运行结束
