----------- ip 信息 ---------
{
  "ip": "20.55.223.229",
  "city": "Boydton",
  "region": "Virginia",
  "country": "US",
  "loc": "36.6676,-78.3875",
  "org": "AS8075 Microsoft Corporation",
  "postal": "23917",
  "timezone": "America/New_York",
  "readme": "https://ipinfo.io/missingauth"
} ---------- end ------------
  ____               ____    _   _____           _  
 |  _ \ __ _ _   _  | __ ) _| |_|_   _|__   ___ | | 
 | |_) / _` | | | | |  _ \(_) (_) | |/ _ \ / _ \| | 
 |  _ < (_| | |_| | | |_) | | | | | | (_) | (_) | | 
 |_| \_\__,_|\__, | |____/|_|_|_| |_|\___/ \___/|_| 
             |___/                                  

[00:25:34 INF] BiliBiliToolPro 开始运行...

[00:25:34 INF] 【账号个数】3个

[00:25:34 INF] 随机休眠4分钟

[00:29:34 INF] 【目标任务】LiveFansMedal
[00:29:34 INF] ######### 账号 1 #########

[00:29:34 INF] =====开始 直播间互动 =====

[00:29:34 INF] ---开始 发送弹幕 ---
[00:29:34 INF] 检测到直播 Cookie 未正确配置，尝试自动配置中...
[00:29:42 INF] 直播 Cookie 配置成功！
[00:29:42 INF] 【获取直播列表】获取拥有粉丝牌的直播列表
[00:29:46 INF] 【主播】Mark陌枫 
[00:30:01 INF] 【主播】KL_qiqi_ 
[00:30:19 INF] 【主播】苏打baka 
[00:30:31 INF] 【直播间】Mark陌枫
[00:30:31 INF] 【粉丝牌】馬楓
[00:30:31 INF] 正在发送弹幕...
[00:30:37 INF] 【直播间】KL_qiqi_
[00:30:37 INF] 【粉丝牌】qiqisb
[00:30:37 INF] 正在发送弹幕...
[00:30:41 INF] 【直播间】苏打baka
[00:30:41 INF] 【粉丝牌】碳酸钠
[00:30:41 INF] 正在发送弹幕...
[00:30:46 INF] -------结束-------

[00:30:46 INF] ---开始 点赞直播间 ---
[00:30:46 INF] 【获取直播列表】获取拥有粉丝牌的直播列表
[00:30:50 INF] 【弹幕发送】成功~，你和主播 Mark陌枫 的亲密值增加了100！
[00:30:52 INF] 【弹幕发送】成功~，你和主播 KL_qiqi_ 的亲密值增加了100！
[00:30:52 INF] 【主播】Mark陌枫 
[00:30:59 INF] 【弹幕发送】成功~，你和主播 苏打baka 的亲密值增加了100！
[00:31:09 INF] 【主播】KL_qiqi_ 
[00:31:26 INF] 【主播】苏打baka 
[00:31:48 INF] 【点赞直播间】23357926 完成
[00:31:51 INF] 【点赞直播间】407149 完成
[00:31:57 INF] --------结束--------

[00:31:57 INF] ---开始 直播时长挂机 ---
[00:31:57 INF] 【获取直播列表】获取拥有粉丝牌的直播列表
[00:31:57 INF] 【点赞直播间】23040372 完成
[00:32:02 INF] 【主播】Mark陌枫 
[00:32:24 INF] 【主播】KL_qiqi_ 
[00:32:43 INF] 【主播】苏打baka 
[00:33:04 INF] 【直播间】23357926 的第 1 个心跳包发送成功
[00:33:05 INF] 【直播间】407149 的第 1 个心跳包发送成功
[00:33:06 INF] 【直播间】23040372 的第 1 个心跳包发送成功
[00:34:10 INF] 【直播间】23357926 的第 2 个心跳包发送成功
[00:34:11 INF] 【直播间】407149 的第 2 个心跳包发送成功
[00:34:13 INF] 【直播间】23040372 的第 2 个心跳包发送成功
[00:35:17 INF] 【直播间】23357926 的第 3 个心跳包发送成功
[00:35:18 INF] 【直播间】407149 的第 3 个心跳包发送成功
[00:35:19 INF] 【直播间】23040372 的第 3 个心跳包发送成功
[00:36:23 INF] 【直播间】23357926 的第 4 个心跳包发送成功
[00:36:25 INF] 【直播间】407149 的第 4 个心跳包发送成功
[00:36:26 INF] 【直播间】23040372 的第 4 个心跳包发送成功
[00:37:30 INF] 【直播间】23357926 的第 5 个心跳包发送成功
[00:37:31 INF] 【直播间】407149 的第 5 个心跳包发送成功
[00:37:32 INF] 【直播间】23040372 的第 5 个心跳包发送成功
[00:38:36 INF] 【直播间】23357926 的第 6 个心跳包发送成功
[00:38:38 INF] 【直播间】407149 的第 6 个心跳包发送成功
[00:38:39 INF] 【直播间】23040372 的第 6 个心跳包发送成功
[00:39:43 INF] 【直播间】23357926 的第 7 个心跳包发送成功
[00:39:44 INF] 【直播间】407149 的第 7 个心跳包发送成功
[00:39:45 INF] 【直播间】23040372 的第 7 个心跳包发送成功
[00:40:49 INF] 【直播间】23357926 的第 8 个心跳包发送成功
[00:40:51 INF] 【直播间】407149 的第 8 个心跳包发送成功
[00:40:52 INF] 【直播间】23040372 的第 8 个心跳包发送成功
[00:41:56 INF] 【直播间】23357926 的第 9 个心跳包发送成功
[00:41:57 INF] 【直播间】407149 的第 9 个心跳包发送成功
[00:41:59 INF] 【直播间】23040372 的第 9 个心跳包发送成功
[00:43:03 INF] 【直播间】23357926 的第 10 个心跳包发送成功
[00:43:04 INF] 【直播间】407149 的第 10 个心跳包发送成功
[00:43:05 INF] 【直播间】23040372 的第 10 个心跳包发送成功
[00:44:10 INF] 【直播间】23357926 的第 11 个心跳包发送成功
[00:44:11 INF] 【直播间】407149 的第 11 个心跳包发送成功
[00:44:12 INF] 【直播间】23040372 的第 11 个心跳包发送成功
[00:45:16 INF] 【直播间】23357926 的第 12 个心跳包发送成功
[00:45:17 INF] 【直播间】407149 的第 12 个心跳包发送成功
[00:45:19 INF] 【直播间】23040372 的第 12 个心跳包发送成功
[00:46:23 INF] 【直播间】23357926 的第 13 个心跳包发送成功
[00:46:24 INF] 【直播间】407149 的第 13 个心跳包发送成功
[00:46:25 INF] 【直播间】23040372 的第 13 个心跳包发送成功
[00:47:30 INF] 【直播间】23357926 的第 14 个心跳包发送成功
[00:47:31 INF] 【直播间】407149 的第 14 个心跳包发送成功
[00:47:32 INF] 【直播间】23040372 的第 14 个心跳包发送成功
[00:48:36 ERR] 【心跳包】直播间 23357926 发送失败
[00:48:36 ERR] 【原因】time check failed
[00:48:38 ERR] 【心跳包】直播间 407149 发送失败
[00:48:38 ERR] 【原因】time check failed
[00:48:39 ERR] 【心跳包】直播间 23040372 发送失败
[00:48:39 ERR] 【原因】time check failed
[00:49:43 INF] 【直播间】23357926 的第 15 个心跳包发送成功
[00:49:44 INF] 【直播间】407149 的第 15 个心跳包发送成功
[00:49:45 INF] 【直播间】23040372 的第 15 个心跳包发送成功
[00:50:49 INF] 【直播间】23357926 的第 16 个心跳包发送成功
[00:50:51 INF] 【直播间】407149 的第 16 个心跳包发送成功
[00:50:52 INF] 【直播间】23040372 的第 16 个心跳包发送成功
[00:51:56 INF] 【直播间】23357926 的第 17 个心跳包发送成功
[00:51:57 INF] 【直播间】407149 的第 17 个心跳包发送成功
[00:51:58 INF] 【直播间】23040372 的第 17 个心跳包发送成功
[00:53:03 INF] 【直播间】23357926 的第 18 个心跳包发送成功
[00:53:04 INF] 【直播间】407149 的第 18 个心跳包发送成功
[00:53:05 INF] 【直播间】23040372 的第 18 个心跳包发送成功
[00:54:09 INF] 【直播间】23357926 的第 19 个心跳包发送成功
[00:54:10 INF] 【直播间】407149 的第 19 个心跳包发送成功
[00:54:12 INF] 【直播间】23040372 的第 19 个心跳包发送成功
[00:55:16 INF] 【直播间】23357926 的第 20 个心跳包发送成功
[00:55:17 INF] 【直播间】407149 的第 20 个心跳包发送成功
[00:55:18 INF] 【直播间】23040372 的第 20 个心跳包发送成功
[00:56:22 INF] 【直播间】23357926 的第 21 个心跳包发送成功
[00:56:24 INF] 【直播间】407149 的第 21 个心跳包发送成功
[00:56:25 INF] 【直播间】23040372 的第 21 个心跳包发送成功
[00:57:29 INF] 【直播间】23357926 的第 22 个心跳包发送成功
[00:57:30 INF] 【直播间】407149 的第 22 个心跳包发送成功
[00:57:31 INF] 【直播间】23040372 的第 22 个心跳包发送成功
[00:58:35 INF] 【直播间】23357926 的第 23 个心跳包发送成功
[00:58:37 INF] 【直播间】407149 的第 23 个心跳包发送成功
[00:58:38 INF] 【直播间】23040372 的第 23 个心跳包发送成功
[00:59:42 INF] 【直播间】23357926 的第 24 个心跳包发送成功
[00:59:43 INF] 【直播间】407149 的第 24 个心跳包发送成功
[00:59:44 INF] 【直播间】23040372 的第 24 个心跳包发送成功
[01:00:48 INF] 【直播间】23357926 的第 25 个心跳包发送成功
[01:00:50 INF] 【直播间】407149 的第 25 个心跳包发送成功
[01:00:51 INF] 【直播间】23040372 的第 25 个心跳包发送成功
[01:01:55 INF] 【直播间】23357926 的第 26 个心跳包发送成功
[01:01:56 INF] 【直播间】407149 的第 26 个心跳包发送成功
[01:01:57 INF] 【直播间】23040372 的第 26 个心跳包发送成功
[01:03:02 INF] 【直播间】23357926 的第 27 个心跳包发送成功
[01:03:03 INF] 【直播间】407149 的第 27 个心跳包发送成功
[01:03:04 INF] 【直播间】23040372 的第 27 个心跳包发送成功
[01:04:08 ERR] 【心跳包】直播间 23357926 发送失败
[01:04:08 ERR] 【原因】time check failed
[01:04:09 ERR] 【心跳包】直播间 407149 发送失败
[01:04:09 ERR] 【原因】time check failed
[01:04:11 ERR] 【心跳包】直播间 23040372 发送失败
[01:04:11 ERR] 【原因】time check failed
[01:05:15 INF] 【直播间】23357926 的第 28 个心跳包发送成功
[01:05:16 INF] 【直播间】407149 的第 28 个心跳包发送成功
[01:05:17 INF] 【直播间】23040372 的第 28 个心跳包发送成功
[01:06:21 INF] 【直播间】23357926 的第 29 个心跳包发送成功
[01:06:23 INF] 【直播间】407149 的第 29 个心跳包发送成功
[01:06:24 INF] 【直播间】23040372 的第 29 个心跳包发送成功
[01:07:28 INF] 【直播间】23357926 的第 30 个心跳包发送成功
[01:07:29 INF] 【直播间】407149 的第 30 个心跳包发送成功
[01:07:30 INF] 【直播间】23040372 的第 30 个心跳包发送成功
[01:08:35 INF] 【直播间】23357926 的第 31 个心跳包发送成功
[01:08:36 INF] 【直播间】407149 的第 31 个心跳包发送成功
[01:08:37 INF] 【直播间】23040372 的第 31 个心跳包发送成功
[01:09:41 INF] 【直播间】23357926 的第 32 个心跳包发送成功
[01:09:42 INF] 【直播间】407149 的第 32 个心跳包发送成功
[01:09:44 INF] 【直播间】23040372 的第 32 个心跳包发送成功
[01:10:48 INF] 【直播间】23357926 的第 33 个心跳包发送成功
[01:10:49 INF] 【直播间】407149 的第 33 个心跳包发送成功
[01:10:50 INF] 【直播间】23040372 的第 33 个心跳包发送成功
[01:11:54 INF] 【直播间】23357926 的第 34 个心跳包发送成功
[01:11:55 INF] 【直播间】407149 的第 34 个心跳包发送成功
[01:11:57 INF] 【直播间】23040372 的第 34 个心跳包发送成功
[01:13:01 INF] 【直播间】23357926 的第 35 个心跳包发送成功
[01:13:02 INF] 【直播间】407149 的第 35 个心跳包发送成功
[01:13:03 INF] 【直播间】23040372 的第 35 个心跳包发送成功
[01:14:07 INF] 【直播间】23357926 的第 36 个心跳包发送成功
[01:14:09 INF] 【直播间】407149 的第 36 个心跳包发送成功
[01:14:10 INF] 【直播间】23040372 的第 36 个心跳包发送成功
[01:15:14 INF] 【直播间】23357926 的第 37 个心跳包发送成功
[01:15:15 INF] 【直播间】407149 的第 37 个心跳包发送成功
[01:15:16 INF] 【直播间】23040372 的第 37 个心跳包发送成功
[01:16:20 INF] 【直播间】23357926 的第 38 个心跳包发送成功
[01:16:21 INF] 【直播间】407149 的第 38 个心跳包发送成功
[01:16:23 INF] 【直播间】23040372 的第 38 个心跳包发送成功
[01:17:27 INF] 【直播间】23357926 的第 39 个心跳包发送成功
[01:17:28 INF] 【直播间】407149 的第 39 个心跳包发送成功
[01:17:29 INF] 【直播间】23040372 的第 39 个心跳包发送成功
[01:18:33 INF] 【直播间】23357926 的第 40 个心跳包发送成功
[01:18:34 INF] 【直播间】407149 的第 40 个心跳包发送成功
[01:18:36 INF] 【直播间】23040372 的第 40 个心跳包发送成功
[01:19:40 ERR] 【心跳包】直播间 23357926 发送失败
[01:19:40 ERR] 【原因】time check failed
[01:19:41 ERR] 【心跳包】直播间 407149 发送失败
[01:19:41 ERR] 【原因】time check failed
[01:19:42 ERR] 【心跳包】直播间 23040372 发送失败
[01:19:42 ERR] 【原因】time check failed
[01:20:46 INF] 【直播间】23357926 的第 41 个心跳包发送成功
[01:20:48 INF] 【直播间】407149 的第 41 个心跳包发送成功
[01:20:49 INF] 【直播间】23040372 的第 41 个心跳包发送成功
[01:21:53 INF] 【直播间】23357926 的第 42 个心跳包发送成功
[01:21:54 INF] 【直播间】407149 的第 42 个心跳包发送成功
[01:21:56 INF] 【直播间】23040372 的第 42 个心跳包发送成功
[01:22:59 INF] 【直播间】23357926 的第 43 个心跳包发送成功
[01:23:01 INF] 【直播间】407149 的第 43 个心跳包发送成功
[01:23:02 INF] 【直播间】23040372 的第 43 个心跳包发送成功
[01:24:06 INF] 【直播间】23357926 的第 44 个心跳包发送成功
[01:24:07 INF] 【直播间】407149 的第 44 个心跳包发送成功
[01:24:09 INF] 【直播间】23040372 的第 44 个心跳包发送成功
[01:25:13 INF] 【直播间】23357926 的第 45 个心跳包发送成功
[01:25:14 INF] 【直播间】407149 的第 45 个心跳包发送成功
[01:25:15 INF] 【直播间】23040372 的第 45 个心跳包发送成功
[01:26:19 INF] 【直播间】23357926 的第 46 个心跳包发送成功
[01:26:20 INF] 【直播间】407149 的第 46 个心跳包发送成功
[01:26:22 INF] 【直播间】23040372 的第 46 个心跳包发送成功
[01:27:26 INF] 【直播间】23357926 的第 47 个心跳包发送成功
[01:27:27 INF] 【直播间】407149 的第 47 个心跳包发送成功
[01:27:28 INF] 【直播间】23040372 的第 47 个心跳包发送成功
[01:28:32 INF] 【直播间】23357926 的第 48 个心跳包发送成功
[01:28:33 INF] 【直播间】407149 的第 48 个心跳包发送成功
[01:28:35 INF] 【直播间】23040372 的第 48 个心跳包发送成功
[01:29:39 INF] 【直播间】23357926 的第 49 个心跳包发送成功
[01:29:40 INF] 【直播间】407149 的第 49 个心跳包发送成功
[01:29:41 INF] 【直播间】23040372 的第 49 个心跳包发送成功
[01:30:45 INF] 【直播间】23357926 的第 50 个心跳包发送成功
[01:30:47 INF] 【直播间】407149 的第 50 个心跳包发送成功
[01:30:48 INF] 【直播间】23040372 的第 50 个心跳包发送成功
[01:31:52 INF] 【直播间】23357926 的第 51 个心跳包发送成功
[01:31:53 INF] 【直播间】407149 的第 51 个心跳包发送成功
[01:31:55 INF] 【直播间】23040372 的第 51 个心跳包发送成功
[01:32:59 INF] 【直播间】23357926 的第 52 个心跳包发送成功
[01:33:00 INF] 【直播间】407149 的第 52 个心跳包发送成功
[01:33:01 INF] 【直播间】23040372 的第 52 个心跳包发送成功
[01:34:05 INF] 【直播间】23357926 的第 53 个心跳包发送成功
[01:34:06 INF] 【直播间】407149 的第 53 个心跳包发送成功
[01:34:08 INF] 【直播间】23040372 的第 53 个心跳包发送成功
[01:35:12 ERR] 【心跳包】直播间 23357926 发送失败
[01:35:12 ERR] 【原因】time check failed
[01:35:13 ERR] 【心跳包】直播间 407149 发送失败
[01:35:13 ERR] 【原因】time check failed
[01:35:14 ERR] 【心跳包】直播间 23040372 发送失败
[01:35:14 ERR] 【原因】time check failed
[01:36:19 INF] 【直播间】23357926 的第 54 个心跳包发送成功
[01:36:20 INF] 【直播间】407149 的第 54 个心跳包发送成功
[01:36:21 INF] 【直播间】23040372 的第 54 个心跳包发送成功
[01:37:25 INF] 【直播间】23357926 的第 55 个心跳包发送成功
[01:37:26 INF] 【直播间】407149 的第 55 个心跳包发送成功
[01:37:28 INF] 【直播间】23040372 的第 55 个心跳包发送成功
[01:38:32 INF] 【直播间】23357926 的第 56 个心跳包发送成功
[01:38:33 INF] 【直播间】407149 的第 56 个心跳包发送成功
[01:38:34 INF] 【直播间】23040372 的第 56 个心跳包发送成功
[01:39:38 INF] 【直播间】23357926 的第 57 个心跳包发送成功
[01:39:40 INF] 【直播间】407149 的第 57 个心跳包发送成功
[01:39:41 INF] 【直播间】23040372 的第 57 个心跳包发送成功
[01:40:45 INF] 【直播间】23357926 的第 58 个心跳包发送成功
[01:40:46 INF] 【直播间】407149 的第 58 个心跳包发送成功
[01:40:48 INF] 【直播间】23040372 的第 58 个心跳包发送成功
[01:41:52 INF] 【直播间】23357926 的第 59 个心跳包发送成功
[01:41:53 INF] 【直播间】407149 的第 59 个心跳包发送成功
[01:41:54 INF] 【直播间】23040372 的第 59 个心跳包发送成功
[01:42:58 INF] 【直播间】23357926 的第 60 个心跳包发送成功
[01:42:59 INF] 【直播间】407149 的第 60 个心跳包发送成功
[01:43:01 INF] 【直播间】23040372 的第 60 个心跳包发送成功
[01:44:05 INF] 【直播间】23357926 的第 61 个心跳包发送成功
[01:44:06 INF] 【直播间】407149 的第 61 个心跳包发送成功
[01:44:07 INF] 【直播间】23040372 的第 61 个心跳包发送成功
[01:45:11 INF] 【直播间】23357926 的第 62 个心跳包发送成功
[01:45:12 INF] 【直播间】407149 的第 62 个心跳包发送成功
[01:45:14 INF] 【直播间】23040372 的第 62 个心跳包发送成功
[01:46:18 INF] 【直播间】23357926 的第 63 个心跳包发送成功
[01:46:19 INF] 【直播间】407149 的第 63 个心跳包发送成功
[01:46:20 INF] 【直播间】23040372 的第 63 个心跳包发送成功
[01:47:24 INF] 【直播间】23357926 的第 64 个心跳包发送成功
[01:47:25 INF] 【直播间】407149 的第 64 个心跳包发送成功
[01:47:27 INF] 【直播间】23040372 的第 64 个心跳包发送成功
[01:48:31 INF] 【直播间】23357926 的第 65 个心跳包发送成功
[01:48:32 INF] 【直播间】407149 的第 65 个心跳包发送成功
[01:48:33 INF] 【直播间】23040372 的第 65 个心跳包发送成功
[01:49:37 INF] 【直播间】23357926 的第 66 个心跳包发送成功
[01:49:38 INF] 【直播间】407149 的第 66 个心跳包发送成功
[01:49:40 INF] 【直播间】23040372 的第 66 个心跳包发送成功
[01:50:44 ERR] 【心跳包】直播间 23357926 发送失败
[01:50:44 ERR] 【原因】time check failed
[01:50:45 ERR] 【心跳包】直播间 407149 发送失败
[01:50:45 ERR] 【原因】time check failed
[01:50:46 ERR] 【心跳包】直播间 23040372 发送失败
[01:50:46 ERR] 【原因】time check failed
[01:51:51 INF] 【直播间】23357926 的第 67 个心跳包发送成功
[01:51:52 INF] 【直播间】407149 的第 67 个心跳包发送成功
[01:51:53 INF] 【直播间】23040372 的第 67 个心跳包发送成功
[01:52:57 INF] 【直播间】23357926 的第 68 个心跳包发送成功
[01:52:58 INF] 【直播间】407149 的第 68 个心跳包发送成功
[01:53:00 INF] 【直播间】23040372 的第 68 个心跳包发送成功
[01:54:04 INF] 【直播间】23357926 的第 69 个心跳包发送成功
[01:54:05 INF] 【直播间】407149 的第 69 个心跳包发送成功
[01:54:06 INF] 【直播间】23040372 的第 69 个心跳包发送成功
[01:55:10 INF] 【直播间】23357926 的第 70 个心跳包发送成功
[01:55:12 INF] 【直播间】407149 的第 70 个心跳包发送成功
[01:55:13 INF] 【直播间】23040372 的第 70 个心跳包发送成功
[01:55:13 INF] 【直播观看时长】完成情况：3/3 
[01:55:13 INF] ---------结束---------

[01:55:13 INF] ==========结束==========

[01:55:13 INF] ######### 账号 2 #########

[01:55:13 INF] =====开始 直播间互动 =====

[01:55:13 INF] ---开始 发送弹幕 ---
[01:55:13 INF] 检测到直播 Cookie 未正确配置，尝试自动配置中...
[01:55:19 INF] 直播 Cookie 配置成功！
[01:55:19 INF] 【获取直播列表】获取拥有粉丝牌的直播列表
[01:55:23 INF] 【主播】Mark陌枫 
[01:55:39 INF] 【主播】苏打baka 
[01:55:54 INF] 【主播】特别中二的q3君 
[01:56:11 INF] 【主播】陈抱一 
[01:56:26 INF] 【主播】贪玩的小毅 
[01:56:42 INF] 【主播】KL_qiqi_ 
[01:56:56 INF] 【主播】悠悠球琛总 
[01:57:12 INF] 【主播】记录生活的蛋黄派 
[01:57:27 INF] 【主播】脏小豆 
[01:57:46 INF] 【主播】新石器公园 
[01:58:06 INF] 【主播】FoFTG 
[01:58:20 INF] 【主播】李船长笔记 
[01:58:38 INF] 【直播间】Mark陌枫
[01:58:38 INF] 【粉丝牌】馬楓
[01:58:38 INF] 正在发送弹幕...
[01:58:45 INF] 【直播间】苏打baka
[01:58:45 INF] 【粉丝牌】碳酸钠
[01:58:45 INF] 正在发送弹幕...
[01:58:52 INF] 【直播间】特别中二的q3君
[01:58:52 INF] 【粉丝牌】q3GG
[01:58:52 INF] 正在发送弹幕...
[01:58:55 INF] 【弹幕发送】成功~，你和主播 Mark陌枫 的亲密值增加了100！
[01:58:55 INF] 【直播间】陈抱一
[01:58:55 INF] 【粉丝牌】陈抱一
[01:58:55 INF] 正在发送弹幕...
[01:59:02 INF] 【直播间】贪玩的小毅
[01:59:02 INF] 【粉丝牌】大大毅
[01:59:02 INF] 正在发送弹幕...
[01:59:04 INF] 【弹幕发送】成功~，你和主播 苏打baka 的亲密值增加了100！
[01:59:07 INF] 【直播间】KL_qiqi_
[01:59:07 INF] 【粉丝牌】qiqisb
[01:59:07 INF] 正在发送弹幕...
[01:59:09 INF] 【弹幕发送】成功~，你和主播 特别中二的q3君 的亲密值增加了100！
[01:59:11 INF] 【弹幕发送】成功~，你和主播 陈抱一 的亲密值增加了100！
[01:59:14 INF] 【直播间】悠悠球琛总
[01:59:14 INF] 【粉丝牌】i琛
[01:59:14 INF] 正在发送弹幕...
[01:59:20 INF] 【弹幕发送】成功~，你和主播 贪玩的小毅 的亲密值增加了100！
[01:59:20 INF] 【直播间】记录生活的蛋黄派
[01:59:20 INF] 【粉丝牌】派派派
[01:59:20 INF] 正在发送弹幕...
[01:59:21 INF] 【弹幕发送】成功~，你和主播 KL_qiqi_ 的亲密值增加了100！
[01:59:25 INF] 【直播间】脏小豆
[01:59:25 INF] 【粉丝牌】豆豆浆
[01:59:25 INF] 正在发送弹幕...
[01:59:30 INF] 【弹幕发送】成功~，你和主播 悠悠球琛总 的亲密值增加了100！
[01:59:30 INF] 【直播间】新石器公园
[01:59:30 INF] 【粉丝牌】东园主
[01:59:30 INF] 正在发送弹幕...
[01:59:35 INF] 【直播间】FoFTG
[01:59:35 INF] 【粉丝牌】FOFTG
[01:59:35 INF] 正在发送弹幕...
[01:59:36 INF] 【弹幕发送】成功~，你和主播 记录生活的蛋黄派 的亲密值增加了100！
[01:59:38 INF] 【弹幕发送】成功~，你和主播 脏小豆 的亲密值增加了100！
[01:59:40 INF] 【直播间】李船长笔记
[01:59:40 INF] 【粉丝牌】航海仕
[01:59:40 INF] 正在发送弹幕...
[01:59:44 INF] -------结束-------

[01:59:44 INF] ---开始 点赞直播间 ---
[01:59:44 INF] 【获取直播列表】获取拥有粉丝牌的直播列表
[01:59:48 INF] 【弹幕发送】成功~，你和主播 FoFTG 的亲密值增加了100！
[01:59:48 INF] 【主播】Mark陌枫 
[01:59:48 INF] 【弹幕发送】成功~，你和主播 新石器公园 的亲密值增加了100！
[01:59:57 INF] 【弹幕发送】成功~，你和主播 李船长笔记 的亲密值增加了100！
[02:00:08 INF] 【主播】苏打baka 
[02:00:26 INF] 【主播】特别中二的q3君 
[02:00:43 INF] 【主播】陈抱一 
[02:00:57 INF] 【主播】贪玩的小毅 
[02:01:13 INF] 【主播】KL_qiqi_ 
[02:01:30 INF] 【主播】悠悠球琛总 
[02:01:47 INF] 【主播】记录生活的蛋黄派 
[02:02:02 INF] 【主播】脏小豆 
[02:02:17 INF] 【主播】新石器公园 
[02:02:35 INF] 【主播】FoFTG 
[02:02:51 INF] 【主播】李船长笔记 
[02:03:13 INF] 【点赞直播间】23357926 完成
[02:03:19 INF] 【点赞直播间】23040372 完成
[02:03:24 INF] 【点赞直播间】31494 完成
[02:03:27 INF] 【点赞直播间】4015781 完成
[02:03:33 INF] 【点赞直播间】9619073 完成
[02:03:37 INF] 【点赞直播间】407149 完成
[02:03:41 INF] 【点赞直播间】7184632 完成
[02:03:44 INF] 【点赞直播间】11732699 完成
[02:03:48 INF] 【点赞直播间】929670 完成
[02:03:51 INF] 【点赞直播间】23447660 完成
[02:03:58 INF] 【点赞直播间】91164 完成
[02:04:04 INF] --------结束--------

[02:04:04 INF] ---开始 直播时长挂机 ---
[02:04:04 INF] 【获取直播列表】获取拥有粉丝牌的直播列表
[02:04:04 INF] 【点赞直播间】22764265 完成
[02:04:08 INF] 【主播】Mark陌枫 
[02:04:26 INF] 【主播】苏打baka 
[02:04:41 INF] 【主播】特别中二的q3君 
[02:04:57 INF] 【主播】陈抱一 
[02:05:15 INF] 【主播】贪玩的小毅 
[02:05:34 INF] 【主播】KL_qiqi_ 
[02:05:51 INF] 【主播】悠悠球琛总 
[02:06:03 INF] 【主播】记录生活的蛋黄派 
[02:06:18 INF] 【主播】脏小豆 
[02:06:32 INF] 【主播】新石器公园 
[02:06:52 INF] 【主播】FoFTG 
[02:07:09 INF] 【主播】李船长笔记 
[02:07:28 INF] 【直播间】23357926 的第 1 个心跳包发送成功
[02:07:29 INF] 【直播间】23040372 的第 1 个心跳包发送成功
[02:07:31 INF] 【直播间】31494 的第 1 个心跳包发送成功
[02:07:32 INF] 【直播间】4015781 的第 1 个心跳包发送成功
[02:07:33 INF] 【直播间】9619073 的第 1 个心跳包发送成功
[02:07:34 INF] 【直播间】407149 的第 1 个心跳包发送成功
[02:07:35 INF] 【直播间】7184632 的第 1 个心跳包发送成功
[02:07:37 INF] 【直播间】11732699 的第 1 个心跳包发送成功
[02:07:38 INF] 【直播间】929670 的第 1 个心跳包发送成功
[02:07:39 INF] 【直播间】23447660 的第 1 个心跳包发送成功
[02:07:40 INF] 【直播间】91164 的第 1 个心跳包发送成功
[02:07:42 INF] 【直播间】22764265 的第 1 个心跳包发送成功
[02:08:35 INF] 【直播间】23357926 的第 2 个心跳包发送成功
[02:08:36 INF] 【直播间】23040372 的第 2 个心跳包发送成功
[02:08:37 INF] 【直播间】31494 的第 2 个心跳包发送成功
[02:08:38 INF] 【直播间】4015781 的第 2 个心跳包发送成功
[02:08:40 INF] 【直播间】9619073 的第 2 个心跳包发送成功
[02:08:41 INF] 【直播间】407149 的第 2 个心跳包发送成功
[02:08:42 INF] 【直播间】7184632 的第 2 个心跳包发送成功
[02:08:43 INF] 【直播间】11732699 的第 2 个心跳包发送成功
[02:08:45 INF] 【直播间】929670 的第 2 个心跳包发送成功
[02:08:46 INF] 【直播间】23447660 的第 2 个心跳包发送成功
[02:08:47 INF] 【直播间】91164 的第 2 个心跳包发送成功
[02:08:48 INF] 【直播间】22764265 的第 2 个心跳包发送成功
[02:09:41 INF] 【直播间】23357926 的第 3 个心跳包发送成功
[02:09:43 INF] 【直播间】23040372 的第 3 个心跳包发送成功
[02:09:44 INF] 【直播间】31494 的第 3 个心跳包发送成功
[02:09:45 INF] 【直播间】4015781 的第 3 个心跳包发送成功
[02:09:46 INF] 【直播间】9619073 的第 3 个心跳包发送成功
[02:09:48 INF] 【直播间】407149 的第 3 个心跳包发送成功
[02:09:49 INF] 【直播间】7184632 的第 3 个心跳包发送成功
[02:09:50 INF] 【直播间】11732699 的第 3 个心跳包发送成功
[02:09:51 INF] 【直播间】929670 的第 3 个心跳包发送成功
[02:09:53 INF] 【直播间】23447660 的第 3 个心跳包发送成功
[02:09:54 INF] 【直播间】91164 的第 3 个心跳包发送成功
[02:09:55 INF] 【直播间】22764265 的第 3 个心跳包发送成功
[02:10:48 INF] 【直播间】23357926 的第 4 个心跳包发送成功
[02:10:49 INF] 【直播间】23040372 的第 4 个心跳包发送成功
[02:10:50 INF] 【直播间】31494 的第 4 个心跳包发送成功
[02:10:51 INF] 【直播间】4015781 的第 4 个心跳包发送成功
[02:10:53 INF] 【直播间】9619073 的第 4 个心跳包发送成功
[02:10:54 INF] 【直播间】407149 的第 4 个心跳包发送成功
[02:10:55 INF] 【直播间】7184632 的第 4 个心跳包发送成功
[02:10:56 INF] 【直播间】11732699 的第 4 个心跳包发送成功
[02:10:58 INF] 【直播间】929670 的第 4 个心跳包发送成功
[02:10:59 INF] 【直播间】23447660 的第 4 个心跳包发送成功
[02:11:00 INF] 【直播间】91164 的第 4 个心跳包发送成功
[02:11:01 INF] 【直播间】22764265 的第 4 个心跳包发送成功
[02:11:54 INF] 【直播间】23357926 的第 5 个心跳包发送成功
[02:11:56 INF] 【直播间】23040372 的第 5 个心跳包发送成功
[02:11:57 INF] 【直播间】31494 的第 5 个心跳包发送成功
[02:11:58 INF] 【直播间】4015781 的第 5 个心跳包发送成功
[02:11:59 INF] 【直播间】9619073 的第 5 个心跳包发送成功
[02:12:01 INF] 【直播间】407149 的第 5 个心跳包发送成功
[02:12:02 INF] 【直播间】7184632 的第 5 个心跳包发送成功
[02:12:03 INF] 【直播间】11732699 的第 5 个心跳包发送成功
[02:12:04 INF] 【直播间】929670 的第 5 个心跳包发送成功
[02:12:06 INF] 【直播间】23447660 的第 5 个心跳包发送成功
[02:12:07 INF] 【直播间】91164 的第 5 个心跳包发送成功
[02:12:08 INF] 【直播间】22764265 的第 5 个心跳包发送成功
[02:13:01 INF] 【直播间】23357926 的第 6 个心跳包发送成功
[02:13:02 INF] 【直播间】23040372 的第 6 个心跳包发送成功
[02:13:03 INF] 【直播间】31494 的第 6 个心跳包发送成功
[02:13:05 INF] 【直播间】4015781 的第 6 个心跳包发送成功
[02:13:06 INF] 【直播间】9619073 的第 6 个心跳包发送成功
[02:13:07 INF] 【直播间】407149 的第 6 个心跳包发送成功
[02:13:08 INF] 【直播间】7184632 的第 6 个心跳包发送成功
[02:13:10 INF] 【直播间】11732699 的第 6 个心跳包发送成功
[02:13:11 INF] 【直播间】929670 的第 6 个心跳包发送成功
[02:13:12 INF] 【直播间】23447660 的第 6 个心跳包发送成功
[02:13:13 INF] 【直播间】91164 的第 6 个心跳包发送成功
[02:13:15 INF] 【直播间】22764265 的第 6 个心跳包发送成功
[02:14:08 INF] 【直播间】23357926 的第 7 个心跳包发送成功
[02:14:09 INF] 【直播间】23040372 的第 7 个心跳包发送成功
[02:14:10 INF] 【直播间】31494 的第 7 个心跳包发送成功
[02:14:11 INF] 【直播间】4015781 的第 7 个心跳包发送成功
[02:14:13 INF] 【直播间】9619073 的第 7 个心跳包发送成功
[02:14:14 INF] 【直播间】407149 的第 7 个心跳包发送成功
[02:14:15 INF] 【直播间】7184632 的第 7 个心跳包发送成功
[02:14:16 INF] 【直播间】11732699 的第 7 个心跳包发送成功
[02:14:18 INF] 【直播间】929670 的第 7 个心跳包发送成功
[02:14:19 INF] 【直播间】23447660 的第 7 个心跳包发送成功
[02:14:20 INF] 【直播间】91164 的第 7 个心跳包发送成功
[02:14:21 INF] 【直播间】22764265 的第 7 个心跳包发送成功
[02:15:14 INF] 【直播间】23357926 的第 8 个心跳包发送成功
[02:15:15 INF] 【直播间】23040372 的第 8 个心跳包发送成功
[02:15:17 INF] 【直播间】31494 的第 8 个心跳包发送成功
[02:15:18 INF] 【直播间】4015781 的第 8 个心跳包发送成功
[02:15:19 INF] 【直播间】9619073 的第 8 个心跳包发送成功
[02:15:20 INF] 【直播间】407149 的第 8 个心跳包发送成功
[02:15:21 INF] 【直播间】7184632 的第 8 个心跳包发送成功
[02:15:23 INF] 【直播间】11732699 的第 8 个心跳包发送成功
[02:15:24 INF] 【直播间】929670 的第 8 个心跳包发送成功
[02:15:25 INF] 【直播间】23447660 的第 8 个心跳包发送成功
[02:15:26 INF] 【直播间】91164 的第 8 个心跳包发送成功
[02:15:28 INF] 【直播间】22764265 的第 8 个心跳包发送成功
[02:16:21 INF] 【直播间】23357926 的第 9 个心跳包发送成功
[02:16:22 INF] 【直播间】23040372 的第 9 个心跳包发送成功
[02:16:23 INF] 【直播间】31494 的第 9 个心跳包发送成功
[02:16:24 INF] 【直播间】4015781 的第 9 个心跳包发送成功
[02:16:26 INF] 【直播间】9619073 的第 9 个心跳包发送成功
[02:16:27 INF] 【直播间】407149 的第 9 个心跳包发送成功
[02:16:28 INF] 【直播间】7184632 的第 9 个心跳包发送成功
[02:16:29 INF] 【直播间】11732699 的第 9 个心跳包发送成功
[02:16:31 INF] 【直播间】929670 的第 9 个心跳包发送成功
[02:16:32 INF] 【直播间】23447660 的第 9 个心跳包发送成功
[02:16:33 INF] 【直播间】91164 的第 9 个心跳包发送成功
[02:16:35 INF] 【直播间】22764265 的第 9 个心跳包发送成功
[02:17:27 INF] 【直播间】23357926 的第 10 个心跳包发送成功
[02:17:28 INF] 【直播间】23040372 的第 10 个心跳包发送成功
[02:17:30 INF] 【直播间】31494 的第 10 个心跳包发送成功
[02:17:31 INF] 【直播间】4015781 的第 10 个心跳包发送成功
[02:17:32 INF] 【直播间】9619073 的第 10 个心跳包发送成功
[02:17:33 INF] 【直播间】407149 的第 10 个心跳包发送成功
[02:17:35 INF] 【直播间】7184632 的第 10 个心跳包发送成功
[02:17:36 INF] 【直播间】11732699 的第 10 个心跳包发送成功
[02:17:37 INF] 【直播间】929670 的第 10 个心跳包发送成功
[02:17:38 INF] 【直播间】23447660 的第 10 个心跳包发送成功
[02:17:40 INF] 【直播间】91164 的第 10 个心跳包发送成功
[02:17:41 INF] 【直播间】22764265 的第 10 个心跳包发送成功
[02:18:34 INF] 【直播间】23357926 的第 11 个心跳包发送成功
[02:18:35 INF] 【直播间】23040372 的第 11 个心跳包发送成功
[02:18:36 INF] 【直播间】31494 的第 11 个心跳包发送成功
[02:18:38 INF] 【直播间】4015781 的第 11 个心跳包发送成功
[02:18:39 INF] 【直播间】9619073 的第 11 个心跳包发送成功
[02:18:40 INF] 【直播间】407149 的第 11 个心跳包发送成功
[02:18:41 INF] 【直播间】7184632 的第 11 个心跳包发送成功
[02:18:42 INF] 【直播间】11732699 的第 11 个心跳包发送成功
[02:18:44 INF] 【直播间】929670 的第 11 个心跳包发送成功
[02:18:45 INF] 【直播间】23447660 的第 11 个心跳包发送成功
[02:18:46 INF] 【直播间】91164 的第 11 个心跳包发送成功
[02:18:48 INF] 【直播间】22764265 的第 11 个心跳包发送成功
[02:19:40 INF] 【直播间】23357926 的第 12 个心跳包发送成功
[02:19:42 INF] 【直播间】23040372 的第 12 个心跳包发送成功
[02:19:43 INF] 【直播间】31494 的第 12 个心跳包发送成功
[02:19:44 INF] 【直播间】4015781 的第 12 个心跳包发送成功
[02:19:46 INF] 【直播间】9619073 的第 12 个心跳包发送成功
[02:19:47 INF] 【直播间】407149 的第 12 个心跳包发送成功
[02:19:48 INF] 【直播间】7184632 的第 12 个心跳包发送成功
[02:19:49 INF] 【直播间】11732699 的第 12 个心跳包发送成功
[02:19:51 INF] 【直播间】929670 的第 12 个心跳包发送成功
[02:19:52 INF] 【直播间】23447660 的第 12 个心跳包发送成功
[02:19:53 INF] 【直播间】91164 的第 12 个心跳包发送成功
[02:19:54 INF] 【直播间】22764265 的第 12 个心跳包发送成功
[02:20:47 INF] 【直播间】23357926 的第 13 个心跳包发送成功
[02:20:48 INF] 【直播间】23040372 的第 13 个心跳包发送成功
[02:20:49 INF] 【直播间】31494 的第 13 个心跳包发送成功
[02:20:51 INF] 【直播间】4015781 的第 13 个心跳包发送成功
[02:20:52 INF] 【直播间】9619073 的第 13 个心跳包发送成功
[02:20:53 INF] 【直播间】407149 的第 13 个心跳包发送成功
[02:20:54 INF] 【直播间】7184632 的第 13 个心跳包发送成功
[02:20:56 INF] 【直播间】11732699 的第 13 个心跳包发送成功
[02:20:57 INF] 【直播间】929670 的第 13 个心跳包发送成功
[02:20:58 INF] 【直播间】23447660 的第 13 个心跳包发送成功
[02:20:59 INF] 【直播间】91164 的第 13 个心跳包发送成功
[02:21:00 INF] 【直播间】22764265 的第 13 个心跳包发送成功
[02:21:53 INF] 【直播间】23357926 的第 14 个心跳包发送成功
[02:21:55 INF] 【直播间】23040372 的第 14 个心跳包发送成功
[02:21:56 INF] 【直播间】31494 的第 14 个心跳包发送成功
[02:21:57 INF] 【直播间】4015781 的第 14 个心跳包发送成功
[02:21:58 INF] 【直播间】9619073 的第 14 个心跳包发送成功
[02:22:00 INF] 【直播间】407149 的第 14 个心跳包发送成功
[02:22:01 INF] 【直播间】7184632 的第 14 个心跳包发送成功
[02:22:02 INF] 【直播间】11732699 的第 14 个心跳包发送成功
[02:22:03 INF] 【直播间】929670 的第 14 个心跳包发送成功
[02:22:05 INF] 【直播间】23447660 的第 14 个心跳包发送成功
[02:22:06 INF] 【直播间】91164 的第 14 个心跳包发送成功
[02:22:07 INF] 【直播间】22764265 的第 14 个心跳包发送成功
[02:23:00 ERR] 【心跳包】直播间 23357926 发送失败
[02:23:00 ERR] 【原因】time check failed
[02:23:01 ERR] 【心跳包】直播间 23040372 发送失败
[02:23:01 ERR] 【原因】time check failed
[02:23:02 ERR] 【心跳包】直播间 31494 发送失败
[02:23:02 ERR] 【原因】time check failed
[02:23:04 ERR] 【心跳包】直播间 4015781 发送失败
[02:23:04 ERR] 【原因】time check failed
[02:23:05 ERR] 【心跳包】直播间 9619073 发送失败
[02:23:05 ERR] 【原因】time check failed
[02:23:06 ERR] 【心跳包】直播间 407149 发送失败
[02:23:06 ERR] 【原因】time check failed
[02:23:07 ERR] 【心跳包】直播间 7184632 发送失败
[02:23:07 ERR] 【原因】time check failed
[02:23:09 ERR] 【心跳包】直播间 11732699 发送失败
[02:23:09 ERR] 【原因】time check failed
[02:23:10 ERR] 【心跳包】直播间 929670 发送失败
[02:23:10 ERR] 【原因】time check failed
[02:23:11 ERR] 【心跳包】直播间 23447660 发送失败
[02:23:11 ERR] 【原因】time check failed
[02:23:13 ERR] 【心跳包】直播间 91164 发送失败
[02:23:13 ERR] 【原因】time check failed
[02:23:14 ERR] 【心跳包】直播间 22764265 发送失败
[02:23:14 ERR] 【原因】time check failed
[02:24:06 INF] 【直播间】23357926 的第 15 个心跳包发送成功
[02:24:08 INF] 【直播间】23040372 的第 15 个心跳包发送成功
[02:24:09 INF] 【直播间】31494 的第 15 个心跳包发送成功
[02:24:10 INF] 【直播间】4015781 的第 15 个心跳包发送成功
[02:24:12 INF] 【直播间】9619073 的第 15 个心跳包发送成功
[02:24:13 INF] 【直播间】407149 的第 15 个心跳包发送成功
[02:24:14 INF] 【直播间】7184632 的第 15 个心跳包发送成功
[02:24:15 INF] 【直播间】11732699 的第 15 个心跳包发送成功
[02:24:16 INF] 【直播间】929670 的第 15 个心跳包发送成功
[02:24:18 INF] 【直播间】23447660 的第 15 个心跳包发送成功
[02:24:19 INF] 【直播间】91164 的第 15 个心跳包发送成功
[02:24:20 INF] 【直播间】22764265 的第 15 个心跳包发送成功
[02:25:13 INF] 【直播间】23357926 的第 16 个心跳包发送成功
[02:25:15 INF] 【直播间】23040372 的第 16 个心跳包发送成功
[02:25:16 INF] 【直播间】31494 的第 16 个心跳包发送成功
[02:25:17 INF] 【直播间】4015781 的第 16 个心跳包发送成功
[02:25:18 INF] 【直播间】9619073 的第 16 个心跳包发送成功
[02:25:20 INF] 【直播间】407149 的第 16 个心跳包发送成功
[02:25:21 INF] 【直播间】7184632 的第 16 个心跳包发送成功
[02:25:22 INF] 【直播间】11732699 的第 16 个心跳包发送成功
[02:25:23 INF] 【直播间】929670 的第 16 个心跳包发送成功
[02:25:25 INF] 【直播间】23447660 的第 16 个心跳包发送成功
[02:25:26 INF] 【直播间】91164 的第 16 个心跳包发送成功
[02:25:27 INF] 【直播间】22764265 的第 16 个心跳包发送成功
[02:26:20 INF] 【直播间】23357926 的第 17 个心跳包发送成功
[02:26:21 INF] 【直播间】23040372 的第 17 个心跳包发送成功
[02:26:22 INF] 【直播间】31494 的第 17 个心跳包发送成功
[02:26:24 INF] 【直播间】4015781 的第 17 个心跳包发送成功
[02:26:25 INF] 【直播间】9619073 的第 17 个心跳包发送成功
[02:26:26 INF] 【直播间】407149 的第 17 个心跳包发送成功
[02:26:27 INF] 【直播间】7184632 的第 17 个心跳包发送成功
[02:26:29 INF] 【直播间】11732699 的第 17 个心跳包发送成功
[02:26:30 INF] 【直播间】929670 的第 17 个心跳包发送成功
[02:26:31 INF] 【直播间】23447660 的第 17 个心跳包发送成功
[02:26:33 INF] 【直播间】91164 的第 17 个心跳包发送成功
[02:26:34 INF] 【直播间】22764265 的第 17 个心跳包发送成功
[02:27:27 INF] 【直播间】23357926 的第 18 个心跳包发送成功
[02:27:28 INF] 【直播间】23040372 的第 18 个心跳包发送成功
[02:27:29 INF] 【直播间】31494 的第 18 个心跳包发送成功
[02:27:30 INF] 【直播间】4015781 的第 18 个心跳包发送成功
[02:27:32 INF] 【直播间】9619073 的第 18 个心跳包发送成功
[02:27:33 INF] 【直播间】407149 的第 18 个心跳包发送成功
[02:27:34 INF] 【直播间】7184632 的第 18 个心跳包发送成功
[02:27:35 INF] 【直播间】11732699 的第 18 个心跳包发送成功
[02:27:37 INF] 【直播间】929670 的第 18 个心跳包发送成功
[02:27:38 INF] 【直播间】23447660 的第 18 个心跳包发送成功
[02:27:39 INF] 【直播间】91164 的第 18 个心跳包发送成功
[02:27:40 INF] 【直播间】22764265 的第 18 个心跳包发送成功
[02:28:33 INF] 【直播间】23357926 的第 19 个心跳包发送成功
[02:28:35 INF] 【直播间】23040372 的第 19 个心跳包发送成功
[02:28:36 INF] 【直播间】31494 的第 19 个心跳包发送成功
[02:28:37 INF] 【直播间】4015781 的第 19 个心跳包发送成功
[02:28:38 INF] 【直播间】9619073 的第 19 个心跳包发送成功
[02:28:40 INF] 【直播间】407149 的第 19 个心跳包发送成功
[02:28:41 INF] 【直播间】7184632 的第 19 个心跳包发送成功
[02:28:42 INF] 【直播间】11732699 的第 19 个心跳包发送成功
[02:28:43 INF] 【直播间】929670 的第 19 个心跳包发送成功
[02:28:45 INF] 【直播间】23447660 的第 19 个心跳包发送成功
[02:28:46 INF] 【直播间】91164 的第 19 个心跳包发送成功
[02:28:47 INF] 【直播间】22764265 的第 19 个心跳包发送成功
[02:29:40 INF] 【直播间】23357926 的第 20 个心跳包发送成功
[02:29:41 INF] 【直播间】23040372 的第 20 个心跳包发送成功
[02:29:42 INF] 【直播间】31494 的第 20 个心跳包发送成功
[02:29:44 INF] 【直播间】4015781 的第 20 个心跳包发送成功
[02:29:45 INF] 【直播间】9619073 的第 20 个心跳包发送成功
[02:29:46 INF] 【直播间】407149 的第 20 个心跳包发送成功
[02:29:48 INF] 【直播间】7184632 的第 20 个心跳包发送成功
[02:29:49 INF] 【直播间】11732699 的第 20 个心跳包发送成功
[02:29:50 INF] 【直播间】929670 的第 20 个心跳包发送成功
[02:29:52 INF] 【直播间】23447660 的第 20 个心跳包发送成功
[02:29:53 INF] 【直播间】91164 的第 20 个心跳包发送成功
[02:29:54 INF] 【直播间】22764265 的第 20 个心跳包发送成功
[02:30:47 INF] 【直播间】23357926 的第 21 个心跳包发送成功
[02:30:48 INF] 【直播间】23040372 的第 21 个心跳包发送成功
[02:30:49 INF] 【直播间】31494 的第 21 个心跳包发送成功
[02:30:51 INF] 【直播间】4015781 的第 21 个心跳包发送成功
[02:30:52 INF] 【直播间】9619073 的第 21 个心跳包发送成功
[02:30:53 INF] 【直播间】407149 的第 21 个心跳包发送成功
[02:30:55 INF] 【直播间】7184632 的第 21 个心跳包发送成功
[02:30:56 INF] 【直播间】11732699 的第 21 个心跳包发送成功
[02:30:57 INF] 【直播间】929670 的第 21 个心跳包发送成功
[02:30:58 INF] 【直播间】23447660 的第 21 个心跳包发送成功
[02:31:00 INF] 【直播间】91164 的第 21 个心跳包发送成功
[02:31:01 INF] 【直播间】22764265 的第 21 个心跳包发送成功
[02:31:53 INF] 【直播间】23357926 的第 22 个心跳包发送成功
[02:31:54 INF] 【直播间】23040372 的第 22 个心跳包发送成功
[02:31:56 INF] 【直播间】31494 的第 22 个心跳包发送成功
[02:31:57 INF] 【直播间】4015781 的第 22 个心跳包发送成功
[02:31:58 INF] 【直播间】9619073 的第 22 个心跳包发送成功
[02:31:59 INF] 【直播间】407149 的第 22 个心跳包发送成功
[02:32:01 INF] 【直播间】7184632 的第 22 个心跳包发送成功
[02:32:02 INF] 【直播间】11732699 的第 22 个心跳包发送成功
[02:32:03 INF] 【直播间】929670 的第 22 个心跳包发送成功
[02:32:05 INF] 【直播间】23447660 的第 22 个心跳包发送成功
[02:32:06 INF] 【直播间】91164 的第 22 个心跳包发送成功
[02:32:07 INF] 【直播间】22764265 的第 22 个心跳包发送成功
[02:33:00 INF] 【直播间】23357926 的第 23 个心跳包发送成功
[02:33:01 INF] 【直播间】23040372 的第 23 个心跳包发送成功
[02:33:02 INF] 【直播间】31494 的第 23 个心跳包发送成功
[02:33:04 INF] 【直播间】4015781 的第 23 个心跳包发送成功
[02:33:05 INF] 【直播间】9619073 的第 23 个心跳包发送成功
[02:33:06 INF] 【直播间】407149 的第 23 个心跳包发送成功
[02:33:07 INF] 【直播间】7184632 的第 23 个心跳包发送成功
[02:33:09 INF] 【直播间】11732699 的第 23 个心跳包发送成功
[02:33:10 INF] 【直播间】929670 的第 23 个心跳包发送成功
[02:33:11 INF] 【直播间】23447660 的第 23 个心跳包发送成功
[02:33:13 INF] 【直播间】91164 的第 23 个心跳包发送成功
[02:33:14 INF] 【直播间】22764265 的第 23 个心跳包发送成功
[02:34:06 INF] 【直播间】23357926 的第 24 个心跳包发送成功
[02:34:08 INF] 【直播间】23040372 的第 24 个心跳包发送成功
[02:34:09 INF] 【直播间】31494 的第 24 个心跳包发送成功
[02:34:10 INF] 【直播间】4015781 的第 24 个心跳包发送成功
[02:34:11 INF] 【直播间】9619073 的第 24 个心跳包发送成功
[02:34:12 INF] 【直播间】407149 的第 24 个心跳包发送成功
[02:34:14 INF] 【直播间】7184632 的第 24 个心跳包发送成功
[02:34:15 INF] 【直播间】11732699 的第 24 个心跳包发送成功
[02:34:16 INF] 【直播间】929670 的第 24 个心跳包发送成功
[02:34:18 INF] 【直播间】23447660 的第 24 个心跳包发送成功
[02:34:19 INF] 【直播间】91164 的第 24 个心跳包发送成功
[02:34:20 INF] 【直播间】22764265 的第 24 个心跳包发送成功
[02:35:13 INF] 【直播间】23357926 的第 25 个心跳包发送成功
[02:35:14 INF] 【直播间】23040372 的第 25 个心跳包发送成功
[02:35:15 INF] 【直播间】31494 的第 25 个心跳包发送成功
[02:35:17 INF] 【直播间】4015781 的第 25 个心跳包发送成功
[02:35:18 INF] 【直播间】9619073 的第 25 个心跳包发送成功
[02:35:19 INF] 【直播间】407149 的第 25 个心跳包发送成功
[02:35:20 INF] 【直播间】7184632 的第 25 个心跳包发送成功
[02:35:21 INF] 【直播间】11732699 的第 25 个心跳包发送成功
[02:35:23 INF] 【直播间】929670 的第 25 个心跳包发送成功
[02:35:24 INF] 【直播间】23447660 的第 25 个心跳包发送成功
[02:35:25 INF] 【直播间】91164 的第 25 个心跳包发送成功
[02:35:27 INF] 【直播间】22764265 的第 25 个心跳包发送成功
[02:36:20 INF] 【直播间】23357926 的第 26 个心跳包发送成功
[02:36:21 INF] 【直播间】23040372 的第 26 个心跳包发送成功
[02:36:22 INF] 【直播间】31494 的第 26 个心跳包发送成功
[02:36:23 INF] 【直播间】4015781 的第 26 个心跳包发送成功
[02:36:24 INF] 【直播间】9619073 的第 26 个心跳包发送成功
[02:36:26 INF] 【直播间】407149 的第 26 个心跳包发送成功
[02:36:27 INF] 【直播间】7184632 的第 26 个心跳包发送成功
[02:36:28 INF] 【直播间】11732699 的第 26 个心跳包发送成功
[02:36:29 INF] 【直播间】929670 的第 26 个心跳包发送成功
[02:36:31 INF] 【直播间】23447660 的第 26 个心跳包发送成功
[02:36:32 INF] 【直播间】91164 的第 26 个心跳包发送成功
[02:36:33 INF] 【直播间】22764265 的第 26 个心跳包发送成功
[02:37:26 INF] 【直播间】23357926 的第 27 个心跳包发送成功
[02:37:27 INF] 【直播间】23040372 的第 27 个心跳包发送成功
[02:37:28 INF] 【直播间】31494 的第 27 个心跳包发送成功
[02:37:30 INF] 【直播间】4015781 的第 27 个心跳包发送成功
[02:37:31 INF] 【直播间】9619073 的第 27 个心跳包发送成功
[02:37:32 INF] 【直播间】407149 的第 27 个心跳包发送成功
[02:37:33 INF] 【直播间】7184632 的第 27 个心跳包发送成功
[02:37:35 INF] 【直播间】11732699 的第 27 个心跳包发送成功
[02:37:36 INF] 【直播间】929670 的第 27 个心跳包发送成功
[02:37:37 INF] 【直播间】23447660 的第 27 个心跳包发送成功
[02:37:38 INF] 【直播间】91164 的第 27 个心跳包发送成功
[02:37:40 INF] 【直播间】22764265 的第 27 个心跳包发送成功
[02:38:33 ERR] 【心跳包】直播间 23357926 发送失败
[02:38:33 ERR] 【原因】time check failed
[02:38:34 ERR] 【心跳包】直播间 23040372 发送失败
[02:38:34 ERR] 【原因】time check failed
[02:38:35 ERR] 【心跳包】直播间 31494 发送失败
[02:38:35 ERR] 【原因】time check failed
[02:38:37 ERR] 【心跳包】直播间 4015781 发送失败
[02:38:37 ERR] 【原因】time check failed
[02:38:38 ERR] 【心跳包】直播间 9619073 发送失败
[02:38:38 ERR] 【原因】time check failed
[02:38:39 ERR] 【心跳包】直播间 407149 发送失败
[02:38:39 ERR] 【原因】time check failed
[02:38:40 ERR] 【心跳包】直播间 7184632 发送失败
[02:38:40 ERR] 【原因】time check failed
[02:38:42 ERR] 【心跳包】直播间 11732699 发送失败
[02:38:42 ERR] 【原因】time check failed
[02:38:43 ERR] 【心跳包】直播间 929670 发送失败
[02:38:43 ERR] 【原因】time check failed
[02:38:44 ERR] 【心跳包】直播间 23447660 发送失败
[02:38:44 ERR] 【原因】time check failed
[02:38:46 ERR] 【心跳包】直播间 91164 发送失败
[02:38:46 ERR] 【原因】time check failed
[02:38:47 ERR] 【心跳包】直播间 22764265 发送失败
[02:38:47 ERR] 【原因】time check failed
[02:39:39 INF] 【直播间】23357926 的第 28 个心跳包发送成功
[02:39:41 INF] 【直播间】23040372 的第 28 个心跳包发送成功
[02:39:42 INF] 【直播间】31494 的第 28 个心跳包发送成功
[02:39:43 INF] 【直播间】4015781 的第 28 个心跳包发送成功
[02:39:44 INF] 【直播间】9619073 的第 28 个心跳包发送成功
[02:39:46 INF] 【直播间】407149 的第 28 个心跳包发送成功
[02:39:47 INF] 【直播间】7184632 的第 28 个心跳包发送成功
[02:39:48 INF] 【直播间】11732699 的第 28 个心跳包发送成功
[02:39:49 INF] 【直播间】929670 的第 28 个心跳包发送成功
[02:39:51 INF] 【直播间】23447660 的第 28 个心跳包发送成功
[02:39:52 INF] 【直播间】91164 的第 28 个心跳包发送成功
[02:39:53 INF] 【直播间】22764265 的第 28 个心跳包发送成功
[02:40:46 INF] 【直播间】23357926 的第 29 个心跳包发送成功
[02:40:47 INF] 【直播间】23040372 的第 29 个心跳包发送成功
[02:40:48 INF] 【直播间】31494 的第 29 个心跳包发送成功
[02:40:50 INF] 【直播间】4015781 的第 29 个心跳包发送成功
[02:40:51 INF] 【直播间】9619073 的第 29 个心跳包发送成功
[02:40:52 INF] 【直播间】407149 的第 29 个心跳包发送成功
[02:40:53 INF] 【直播间】7184632 的第 29 个心跳包发送成功
[02:40:55 INF] 【直播间】11732699 的第 29 个心跳包发送成功
[02:40:56 INF] 【直播间】929670 的第 29 个心跳包发送成功
[02:40:57 INF] 【直播间】23447660 的第 29 个心跳包发送成功
[02:40:58 INF] 【直播间】91164 的第 29 个心跳包发送成功
[02:41:00 INF] 【直播间】22764265 的第 29 个心跳包发送成功
[02:41:52 INF] 【直播间】23357926 的第 30 个心跳包发送成功
[02:41:54 INF] 【直播间】23040372 的第 30 个心跳包发送成功
[02:41:55 INF] 【直播间】31494 的第 30 个心跳包发送成功
[02:41:56 INF] 【直播间】4015781 的第 30 个心跳包发送成功
[02:41:57 INF] 【直播间】9619073 的第 30 个心跳包发送成功
[02:41:59 INF] 【直播间】407149 的第 30 个心跳包发送成功
[02:42:00 INF] 【直播间】7184632 的第 30 个心跳包发送成功
[02:42:01 INF] 【直播间】11732699 的第 30 个心跳包发送成功
[02:42:02 INF] 【直播间】929670 的第 30 个心跳包发送成功
[02:42:04 INF] 【直播间】23447660 的第 30 个心跳包发送成功
[02:42:05 INF] 【直播间】91164 的第 30 个心跳包发送成功
[02:42:06 INF] 【直播间】22764265 的第 30 个心跳包发送成功
[02:42:59 INF] 【直播间】23357926 的第 31 个心跳包发送成功
[02:43:01 INF] 【直播间】23040372 的第 31 个心跳包发送成功
[02:43:02 INF] 【直播间】31494 的第 31 个心跳包发送成功
[02:43:03 INF] 【直播间】4015781 的第 31 个心跳包发送成功
[02:43:04 INF] 【直播间】9619073 的第 31 个心跳包发送成功
[02:43:05 INF] 【直播间】407149 的第 31 个心跳包发送成功
[02:43:07 INF] 【直播间】7184632 的第 31 个心跳包发送成功
[02:43:08 INF] 【直播间】11732699 的第 31 个心跳包发送成功
[02:43:09 INF] 【直播间】929670 的第 31 个心跳包发送成功
[02:43:10 INF] 【直播间】23447660 的第 31 个心跳包发送成功
[02:43:12 INF] 【直播间】91164 的第 31 个心跳包发送成功
[02:43:13 INF] 【直播间】22764265 的第 31 个心跳包发送成功
[02:44:06 INF] 【直播间】23357926 的第 32 个心跳包发送成功
[02:44:07 INF] 【直播间】23040372 的第 32 个心跳包发送成功
[02:44:08 INF] 【直播间】31494 的第 32 个心跳包发送成功
[02:44:10 INF] 【直播间】4015781 的第 32 个心跳包发送成功
[02:44:11 INF] 【直播间】9619073 的第 32 个心跳包发送成功
[02:44:12 INF] 【直播间】407149 的第 32 个心跳包发送成功
[02:44:13 INF] 【直播间】7184632 的第 32 个心跳包发送成功
[02:44:15 INF] 【直播间】11732699 的第 32 个心跳包发送成功
[02:44:16 INF] 【直播间】929670 的第 32 个心跳包发送成功
[02:44:17 INF] 【直播间】23447660 的第 32 个心跳包发送成功
[02:44:18 INF] 【直播间】91164 的第 32 个心跳包发送成功
[02:44:20 INF] 【直播间】22764265 的第 32 个心跳包发送成功
[02:45:12 INF] 【直播间】23357926 的第 33 个心跳包发送成功
[02:45:14 INF] 【直播间】23040372 的第 33 个心跳包发送成功
[02:45:15 INF] 【直播间】31494 的第 33 个心跳包发送成功
[02:45:16 INF] 【直播间】4015781 的第 33 个心跳包发送成功
[02:45:18 INF] 【直播间】9619073 的第 33 个心跳包发送成功
[02:45:19 INF] 【直播间】407149 的第 33 个心跳包发送成功
[02:45:20 INF] 【直播间】7184632 的第 33 个心跳包发送成功
[02:45:21 INF] 【直播间】11732699 的第 33 个心跳包发送成功
[02:45:23 INF] 【直播间】929670 的第 33 个心跳包发送成功
[02:45:24 INF] 【直播间】23447660 的第 33 个心跳包发送成功
[02:45:25 INF] 【直播间】91164 的第 33 个心跳包发送成功
[02:45:26 INF] 【直播间】22764265 的第 33 个心跳包发送成功
[02:46:19 INF] 【直播间】23357926 的第 34 个心跳包发送成功
[02:46:20 INF] 【直播间】23040372 的第 34 个心跳包发送成功
[02:46:21 INF] 【直播间】31494 的第 34 个心跳包发送成功
[02:46:23 INF] 【直播间】4015781 的第 34 个心跳包发送成功
[02:46:24 INF] 【直播间】9619073 的第 34 个心跳包发送成功
[02:46:25 INF] 【直播间】407149 的第 34 个心跳包发送成功
[02:46:26 INF] 【直播间】7184632 的第 34 个心跳包发送成功
[02:46:28 INF] 【直播间】11732699 的第 34 个心跳包发送成功
[02:46:29 INF] 【直播间】929670 的第 34 个心跳包发送成功
[02:46:30 INF] 【直播间】23447660 的第 34 个心跳包发送成功
[02:46:31 INF] 【直播间】91164 的第 34 个心跳包发送成功
[02:46:33 INF] 【直播间】22764265 的第 34 个心跳包发送成功
[02:47:25 INF] 【直播间】23357926 的第 35 个心跳包发送成功
[02:47:27 INF] 【直播间】23040372 的第 35 个心跳包发送成功
[02:47:28 INF] 【直播间】31494 的第 35 个心跳包发送成功
[02:47:29 INF] 【直播间】4015781 的第 35 个心跳包发送成功
[02:47:30 INF] 【直播间】9619073 的第 35 个心跳包发送成功
[02:47:32 INF] 【直播间】407149 的第 35 个心跳包发送成功
[02:47:33 INF] 【直播间】7184632 的第 35 个心跳包发送成功
[02:47:34 INF] 【直播间】11732699 的第 35 个心跳包发送成功
[02:47:35 INF] 【直播间】929670 的第 35 个心跳包发送成功
[02:47:37 INF] 【直播间】23447660 的第 35 个心跳包发送成功
[02:47:38 INF] 【直播间】91164 的第 35 个心跳包发送成功
[02:47:39 INF] 【直播间】22764265 的第 35 个心跳包发送成功
[02:48:32 INF] 【直播间】23357926 的第 36 个心跳包发送成功
[02:48:33 INF] 【直播间】23040372 的第 36 个心跳包发送成功
[02:48:34 INF] 【直播间】31494 的第 36 个心跳包发送成功
[02:48:36 INF] 【直播间】4015781 的第 36 个心跳包发送成功
[02:48:37 INF] 【直播间】9619073 的第 36 个心跳包发送成功
[02:48:38 INF] 【直播间】407149 的第 36 个心跳包发送成功
[02:48:39 INF] 【直播间】7184632 的第 36 个心跳包发送成功
[02:48:41 INF] 【直播间】11732699 的第 36 个心跳包发送成功
[02:48:42 INF] 【直播间】929670 的第 36 个心跳包发送成功
[02:48:43 INF] 【直播间】23447660 的第 36 个心跳包发送成功
[02:48:44 INF] 【直播间】91164 的第 36 个心跳包发送成功
[02:48:46 INF] 【直播间】22764265 的第 36 个心跳包发送成功
[02:49:39 INF] 【直播间】23357926 的第 37 个心跳包发送成功
[02:49:40 INF] 【直播间】23040372 的第 37 个心跳包发送成功
[02:49:41 INF] 【直播间】31494 的第 37 个心跳包发送成功
[02:49:42 INF] 【直播间】4015781 的第 37 个心跳包发送成功
[02:49:44 INF] 【直播间】9619073 的第 37 个心跳包发送成功
[02:49:45 INF] 【直播间】407149 的第 37 个心跳包发送成功
[02:49:46 INF] 【直播间】7184632 的第 37 个心跳包发送成功
[02:49:47 INF] 【直播间】11732699 的第 37 个心跳包发送成功
[02:49:49 INF] 【直播间】929670 的第 37 个心跳包发送成功
[02:49:50 INF] 【直播间】23447660 的第 37 个心跳包发送成功
[02:49:51 INF] 【直播间】91164 的第 37 个心跳包发送成功
[02:49:52 INF] 【直播间】22764265 的第 37 个心跳包发送成功
[02:50:45 INF] 【直播间】23357926 的第 38 个心跳包发送成功
[02:50:46 INF] 【直播间】23040372 的第 38 个心跳包发送成功
[02:50:48 INF] 【直播间】31494 的第 38 个心跳包发送成功
[02:50:49 INF] 【直播间】4015781 的第 38 个心跳包发送成功
[02:50:50 INF] 【直播间】9619073 的第 38 个心跳包发送成功
[02:50:51 INF] 【直播间】407149 的第 38 个心跳包发送成功
[02:50:52 INF] 【直播间】7184632 的第 38 个心跳包发送成功
[02:50:54 INF] 【直播间】11732699 的第 38 个心跳包发送成功
[02:50:55 INF] 【直播间】929670 的第 38 个心跳包发送成功
[02:50:56 INF] 【直播间】23447660 的第 38 个心跳包发送成功
[02:50:57 INF] 【直播间】91164 的第 38 个心跳包发送成功
[02:50:59 INF] 【直播间】22764265 的第 38 个心跳包发送成功
[02:51:52 INF] 【直播间】23357926 的第 39 个心跳包发送成功
[02:51:53 INF] 【直播间】23040372 的第 39 个心跳包发送成功
[02:51:54 INF] 【直播间】31494 的第 39 个心跳包发送成功
[02:51:56 INF] 【直播间】4015781 的第 39 个心跳包发送成功
[02:51:57 INF] 【直播间】9619073 的第 39 个心跳包发送成功
[02:51:58 INF] 【直播间】407149 的第 39 个心跳包发送成功
[02:51:59 INF] 【直播间】7184632 的第 39 个心跳包发送成功
[02:52:00 INF] 【直播间】11732699 的第 39 个心跳包发送成功
[02:52:02 INF] 【直播间】929670 的第 39 个心跳包发送成功
[02:52:03 INF] 【直播间】23447660 的第 39 个心跳包发送成功
[02:52:04 INF] 【直播间】91164 的第 39 个心跳包发送成功
[02:52:05 INF] 【直播间】22764265 的第 39 个心跳包发送成功
[02:52:58 INF] 【直播间】23357926 的第 40 个心跳包发送成功
[02:52:59 INF] 【直播间】23040372 的第 40 个心跳包发送成功
[02:53:01 INF] 【直播间】31494 的第 40 个心跳包发送成功
[02:53:02 INF] 【直播间】4015781 的第 40 个心跳包发送成功
[02:53:03 INF] 【直播间】9619073 的第 40 个心跳包发送成功
[02:53:04 INF] 【直播间】407149 的第 40 个心跳包发送成功
[02:53:06 INF] 【直播间】7184632 的第 40 个心跳包发送成功
[02:53:07 INF] 【直播间】11732699 的第 40 个心跳包发送成功
[02:53:08 INF] 【直播间】929670 的第 40 个心跳包发送成功
[02:53:10 INF] 【直播间】23447660 的第 40 个心跳包发送成功
[02:53:11 INF] 【直播间】91164 的第 40 个心跳包发送成功
[02:53:12 INF] 【直播间】22764265 的第 40 个心跳包发送成功
[02:54:05 ERR] 【心跳包】直播间 23357926 发送失败
[02:54:05 ERR] 【原因】time check failed
[02:54:06 ERR] 【心跳包】直播间 23040372 发送失败
[02:54:06 ERR] 【原因】time check failed
[02:54:07 ERR] 【心跳包】直播间 31494 发送失败
[02:54:07 ERR] 【原因】time check failed
[02:54:08 ERR] 【心跳包】直播间 4015781 发送失败
[02:54:08 ERR] 【原因】time check failed
[02:54:10 ERR] 【心跳包】直播间 9619073 发送失败
[02:54:10 ERR] 【原因】time check failed
[02:54:11 ERR] 【心跳包】直播间 407149 发送失败
[02:54:11 ERR] 【原因】time check failed
[02:54:12 ERR] 【心跳包】直播间 7184632 发送失败
[02:54:12 ERR] 【原因】time check failed
[02:54:13 ERR] 【心跳包】直播间 11732699 发送失败
[02:54:13 ERR] 【原因】time check failed
[02:54:15 ERR] 【心跳包】直播间 929670 发送失败
[02:54:15 ERR] 【原因】time check failed
[02:54:16 ERR] 【心跳包】直播间 23447660 发送失败
[02:54:16 ERR] 【原因】time check failed
[02:54:17 ERR] 【心跳包】直播间 91164 发送失败
[02:54:17 ERR] 【原因】time check failed
[02:54:18 ERR] 【心跳包】直播间 22764265 发送失败
[02:54:18 ERR] 【原因】time check failed
[02:55:11 INF] 【直播间】23357926 的第 41 个心跳包发送成功
[02:55:13 INF] 【直播间】23040372 的第 41 个心跳包发送成功
[02:55:14 INF] 【直播间】31494 的第 41 个心跳包发送成功
[02:55:15 INF] 【直播间】4015781 的第 41 个心跳包发送成功
[02:55:16 INF] 【直播间】9619073 的第 41 个心跳包发送成功
[02:55:18 INF] 【直播间】407149 的第 41 个心跳包发送成功
[02:55:19 INF] 【直播间】7184632 的第 41 个心跳包发送成功
[02:55:20 INF] 【直播间】11732699 的第 41 个心跳包发送成功
[02:55:21 INF] 【直播间】929670 的第 41 个心跳包发送成功
[02:55:23 INF] 【直播间】23447660 的第 41 个心跳包发送成功
[02:55:24 INF] 【直播间】91164 的第 41 个心跳包发送成功
[02:55:25 INF] 【直播间】22764265 的第 41 个心跳包发送成功
[02:56:18 INF] 【直播间】23357926 的第 42 个心跳包发送成功
[02:56:19 INF] 【直播间】23040372 的第 42 个心跳包发送成功
[02:56:20 INF] 【直播间】31494 的第 42 个心跳包发送成功
[02:56:22 INF] 【直播间】4015781 的第 42 个心跳包发送成功
[02:56:23 INF] 【直播间】9619073 的第 42 个心跳包发送成功
[02:56:24 INF] 【直播间】407149 的第 42 个心跳包发送成功
[02:56:25 INF] 【直播间】7184632 的第 42 个心跳包发送成功
[02:56:27 INF] 【直播间】11732699 的第 42 个心跳包发送成功
[02:56:28 INF] 【直播间】929670 的第 42 个心跳包发送成功
[02:56:29 INF] 【直播间】23447660 的第 42 个心跳包发送成功
[02:56:30 INF] 【直播间】91164 的第 42 个心跳包发送成功
[02:56:32 INF] 【直播间】22764265 的第 42 个心跳包发送成功
[02:57:25 INF] 【直播间】23357926 的第 43 个心跳包发送成功
[02:57:26 INF] 【直播间】23040372 的第 43 个心跳包发送成功
[02:57:27 INF] 【直播间】31494 的第 43 个心跳包发送成功
[02:57:29 INF] 【直播间】4015781 的第 43 个心跳包发送成功
[02:57:30 INF] 【直播间】9619073 的第 43 个心跳包发送成功
[02:57:31 INF] 【直播间】407149 的第 43 个心跳包发送成功
[02:57:32 INF] 【直播间】7184632 的第 43 个心跳包发送成功
[02:57:33 INF] 【直播间】11732699 的第 43 个心跳包发送成功
[02:57:35 INF] 【直播间】929670 的第 43 个心跳包发送成功
[02:57:36 INF] 【直播间】23447660 的第 43 个心跳包发送成功
[02:57:37 INF] 【直播间】91164 的第 43 个心跳包发送成功
[02:57:38 INF] 【直播间】22764265 的第 43 个心跳包发送成功
[02:58:31 INF] 【直播间】23357926 的第 44 个心跳包发送成功
[02:58:32 INF] 【直播间】23040372 的第 44 个心跳包发送成功
[02:58:34 INF] 【直播间】31494 的第 44 个心跳包发送成功
[02:58:35 INF] 【直播间】4015781 的第 44 个心跳包发送成功
[02:58:36 INF] 【直播间】9619073 的第 44 个心跳包发送成功
[02:58:38 INF] 【直播间】407149 的第 44 个心跳包发送成功
[02:58:39 INF] 【直播间】7184632 的第 44 个心跳包发送成功
[02:58:40 INF] 【直播间】11732699 的第 44 个心跳包发送成功
[02:58:41 INF] 【直播间】929670 的第 44 个心跳包发送成功
[02:58:43 INF] 【直播间】23447660 的第 44 个心跳包发送成功
[02:58:44 INF] 【直播间】91164 的第 44 个心跳包发送成功
[02:58:45 INF] 【直播间】22764265 的第 44 个心跳包发送成功
[02:59:38 INF] 【直播间】23357926 的第 45 个心跳包发送成功
[02:59:39 INF] 【直播间】23040372 的第 45 个心跳包发送成功
[02:59:40 INF] 【直播间】31494 的第 45 个心跳包发送成功
[02:59:42 INF] 【直播间】4015781 的第 45 个心跳包发送成功
[02:59:43 INF] 【直播间】9619073 的第 45 个心跳包发送成功
[02:59:44 INF] 【直播间】407149 的第 45 个心跳包发送成功
[02:59:45 INF] 【直播间】7184632 的第 45 个心跳包发送成功
[02:59:47 INF] 【直播间】11732699 的第 45 个心跳包发送成功
[02:59:48 INF] 【直播间】929670 的第 45 个心跳包发送成功
[02:59:49 INF] 【直播间】23447660 的第 45 个心跳包发送成功
[02:59:50 INF] 【直播间】91164 的第 45 个心跳包发送成功
[02:59:52 INF] 【直播间】22764265 的第 45 个心跳包发送成功
[03:00:44 INF] 【直播间】23357926 的第 46 个心跳包发送成功
[03:00:46 INF] 【直播间】23040372 的第 46 个心跳包发送成功
[03:00:47 INF] 【直播间】31494 的第 46 个心跳包发送成功
[03:00:48 INF] 【直播间】4015781 的第 46 个心跳包发送成功
[03:00:49 INF] 【直播间】9619073 的第 46 个心跳包发送成功
[03:00:51 INF] 【直播间】407149 的第 46 个心跳包发送成功
[03:00:52 INF] 【直播间】7184632 的第 46 个心跳包发送成功
[03:00:53 INF] 【直播间】11732699 的第 46 个心跳包发送成功
[03:00:54 INF] 【直播间】929670 的第 46 个心跳包发送成功
[03:00:56 INF] 【直播间】23447660 的第 46 个心跳包发送成功
[03:00:57 INF] 【直播间】91164 的第 46 个心跳包发送成功
[03:00:58 INF] 【直播间】22764265 的第 46 个心跳包发送成功
[03:01:51 INF] 【直播间】23357926 的第 47 个心跳包发送成功
[03:01:52 INF] 【直播间】23040372 的第 47 个心跳包发送成功
[03:01:53 INF] 【直播间】31494 的第 47 个心跳包发送成功
[03:01:55 INF] 【直播间】4015781 的第 47 个心跳包发送成功
[03:01:56 INF] 【直播间】9619073 的第 47 个心跳包发送成功
[03:01:57 INF] 【直播间】407149 的第 47 个心跳包发送成功
[03:01:59 INF] 【直播间】7184632 的第 47 个心跳包发送成功
[03:02:00 INF] 【直播间】11732699 的第 47 个心跳包发送成功
[03:02:01 INF] 【直播间】929670 的第 47 个心跳包发送成功
[03:02:02 INF] 【直播间】23447660 的第 47 个心跳包发送成功
[03:02:04 INF] 【直播间】91164 的第 47 个心跳包发送成功
[03:02:05 INF] 【直播间】22764265 的第 47 个心跳包发送成功
[03:02:58 INF] 【直播间】23357926 的第 48 个心跳包发送成功
[03:02:59 INF] 【直播间】23040372 的第 48 个心跳包发送成功
[03:03:00 INF] 【直播间】31494 的第 48 个心跳包发送成功
[03:03:01 INF] 【直播间】4015781 的第 48 个心跳包发送成功
[03:03:03 INF] 【直播间】9619073 的第 48 个心跳包发送成功
[03:03:04 INF] 【直播间】407149 的第 48 个心跳包发送成功
[03:03:05 INF] 【直播间】7184632 的第 48 个心跳包发送成功
[03:03:06 INF] 【直播间】11732699 的第 48 个心跳包发送成功
[03:03:07 INF] 【直播间】929670 的第 48 个心跳包发送成功
[03:03:09 INF] 【直播间】23447660 的第 48 个心跳包发送成功
[03:03:10 INF] 【直播间】91164 的第 48 个心跳包发送成功
[03:03:11 INF] 【直播间】22764265 的第 48 个心跳包发送成功
[03:04:04 INF] 【直播间】23357926 的第 49 个心跳包发送成功
[03:04:06 INF] 【直播间】23040372 的第 49 个心跳包发送成功
[03:04:07 INF] 【直播间】31494 的第 49 个心跳包发送成功
[03:04:08 INF] 【直播间】4015781 的第 49 个心跳包发送成功
[03:04:09 INF] 【直播间】9619073 的第 49 个心跳包发送成功
[03:04:11 INF] 【直播间】407149 的第 49 个心跳包发送成功
[03:04:12 INF] 【直播间】7184632 的第 49 个心跳包发送成功
[03:04:13 INF] 【直播间】11732699 的第 49 个心跳包发送成功
[03:04:14 INF] 【直播间】929670 的第 49 个心跳包发送成功
[03:04:16 INF] 【直播间】23447660 的第 49 个心跳包发送成功
[03:04:17 INF] 【直播间】91164 的第 49 个心跳包发送成功
[03:04:18 INF] 【直播间】22764265 的第 49 个心跳包发送成功
[03:05:11 INF] 【直播间】23357926 的第 50 个心跳包发送成功
[03:05:12 INF] 【直播间】23040372 的第 50 个心跳包发送成功
[03:05:13 INF] 【直播间】31494 的第 50 个心跳包发送成功
[03:05:14 INF] 【直播间】4015781 的第 50 个心跳包发送成功
[03:05:16 INF] 【直播间】9619073 的第 50 个心跳包发送成功
[03:05:17 INF] 【直播间】407149 的第 50 个心跳包发送成功
[03:05:18 INF] 【直播间】7184632 的第 50 个心跳包发送成功
[03:05:19 INF] 【直播间】11732699 的第 50 个心跳包发送成功
[03:05:21 INF] 【直播间】929670 的第 50 个心跳包发送成功
[03:05:22 INF] 【直播间】23447660 的第 50 个心跳包发送成功
[03:05:23 INF] 【直播间】91164 的第 50 个心跳包发送成功
[03:05:25 INF] 【直播间】22764265 的第 50 个心跳包发送成功
[03:06:17 INF] 【直播间】23357926 的第 51 个心跳包发送成功
[03:06:18 INF] 【直播间】23040372 的第 51 个心跳包发送成功
[03:06:20 INF] 【直播间】31494 的第 51 个心跳包发送成功
[03:06:21 INF] 【直播间】4015781 的第 51 个心跳包发送成功
[03:06:22 INF] 【直播间】9619073 的第 51 个心跳包发送成功
[03:06:24 INF] 【直播间】407149 的第 51 个心跳包发送成功
[03:06:25 INF] 【直播间】7184632 的第 51 个心跳包发送成功
[03:06:26 INF] 【直播间】11732699 的第 51 个心跳包发送成功
[03:06:27 INF] 【直播间】929670 的第 51 个心跳包发送成功
[03:06:28 INF] 【直播间】23447660 的第 51 个心跳包发送成功
[03:06:30 INF] 【直播间】91164 的第 51 个心跳包发送成功
[03:06:31 INF] 【直播间】22764265 的第 51 个心跳包发送成功
[03:07:24 INF] 【直播间】23357926 的第 52 个心跳包发送成功
[03:07:25 INF] 【直播间】23040372 的第 52 个心跳包发送成功
[03:07:26 INF] 【直播间】31494 的第 52 个心跳包发送成功
[03:07:27 INF] 【直播间】4015781 的第 52 个心跳包发送成功
[03:07:29 INF] 【直播间】9619073 的第 52 个心跳包发送成功
[03:07:30 INF] 【直播间】407149 的第 52 个心跳包发送成功
[03:07:31 INF] 【直播间】7184632 的第 52 个心跳包发送成功
[03:07:32 INF] 【直播间】11732699 的第 52 个心跳包发送成功
[03:07:34 INF] 【直播间】929670 的第 52 个心跳包发送成功
[03:07:35 INF] 【直播间】23447660 的第 52 个心跳包发送成功
[03:07:36 INF] 【直播间】91164 的第 52 个心跳包发送成功
[03:07:37 INF] 【直播间】22764265 的第 52 个心跳包发送成功
[03:08:30 INF] 【直播间】23357926 的第 53 个心跳包发送成功
[03:08:32 INF] 【直播间】23040372 的第 53 个心跳包发送成功
[03:08:33 INF] 【直播间】31494 的第 53 个心跳包发送成功
[03:08:34 INF] 【直播间】4015781 的第 53 个心跳包发送成功
[03:08:35 INF] 【直播间】9619073 的第 53 个心跳包发送成功
[03:08:36 INF] 【直播间】407149 的第 53 个心跳包发送成功
[03:08:38 INF] 【直播间】7184632 的第 53 个心跳包发送成功
[03:08:39 INF] 【直播间】11732699 的第 53 个心跳包发送成功
[03:08:40 INF] 【直播间】929670 的第 53 个心跳包发送成功
[03:08:41 INF] 【直播间】23447660 的第 53 个心跳包发送成功
[03:08:43 INF] 【直播间】91164 的第 53 个心跳包发送成功
[03:08:44 INF] 【直播间】22764265 的第 53 个心跳包发送成功
[03:09:37 ERR] 【心跳包】直播间 23357926 发送失败
[03:09:37 ERR] 【原因】time check failed
[03:09:38 ERR] 【心跳包】直播间 23040372 发送失败
[03:09:38 ERR] 【原因】time check failed
[03:09:39 ERR] 【心跳包】直播间 31494 发送失败
[03:09:39 ERR] 【原因】time check failed
[03:09:41 ERR] 【心跳包】直播间 4015781 发送失败
[03:09:41 ERR] 【原因】time check failed
[03:09:42 ERR] 【心跳包】直播间 9619073 发送失败
[03:09:42 ERR] 【原因】time check failed
[03:09:43 ERR] 【心跳包】直播间 407149 发送失败
[03:09:43 ERR] 【原因】time check failed
[03:09:44 ERR] 【心跳包】直播间 7184632 发送失败
[03:09:44 ERR] 【原因】time check failed
[03:09:46 ERR] 【心跳包】直播间 11732699 发送失败
[03:09:46 ERR] 【原因】time check failed
[03:09:47 ERR] 【心跳包】直播间 929670 发送失败
[03:09:47 ERR] 【原因】time check failed
[03:09:48 ERR] 【心跳包】直播间 23447660 发送失败
[03:09:48 ERR] 【原因】time check failed
[03:09:49 ERR] 【心跳包】直播间 91164 发送失败
[03:09:49 ERR] 【原因】time check failed
[03:09:50 ERR] 【心跳包】直播间 22764265 发送失败
[03:09:50 ERR] 【原因】time check failed
[03:10:44 INF] 【直播间】23357926 的第 54 个心跳包发送成功
[03:10:45 INF] 【直播间】23040372 的第 54 个心跳包发送成功
[03:10:46 INF] 【直播间】31494 的第 54 个心跳包发送成功
[03:10:47 INF] 【直播间】4015781 的第 54 个心跳包发送成功
[03:10:48 INF] 【直播间】9619073 的第 54 个心跳包发送成功
[03:10:50 INF] 【直播间】407149 的第 54 个心跳包发送成功
[03:10:51 INF] 【直播间】7184632 的第 54 个心跳包发送成功
[03:10:52 INF] 【直播间】11732699 的第 54 个心跳包发送成功
[03:10:53 INF] 【直播间】929670 的第 54 个心跳包发送成功
[03:10:55 INF] 【直播间】23447660 的第 54 个心跳包发送成功
[03:10:56 INF] 【直播间】91164 的第 54 个心跳包发送成功
[03:10:57 INF] 【直播间】22764265 的第 54 个心跳包发送成功
[03:11:50 INF] 【直播间】23357926 的第 55 个心跳包发送成功
[03:11:51 INF] 【直播间】23040372 的第 55 个心跳包发送成功
[03:11:53 INF] 【直播间】31494 的第 55 个心跳包发送成功
[03:11:54 INF] 【直播间】4015781 的第 55 个心跳包发送成功
[03:11:55 INF] 【直播间】9619073 的第 55 个心跳包发送成功
[03:11:56 INF] 【直播间】407149 的第 55 个心跳包发送成功
[03:11:58 INF] 【直播间】7184632 的第 55 个心跳包发送成功
[03:11:59 INF] 【直播间】11732699 的第 55 个心跳包发送成功
[03:12:00 INF] 【直播间】929670 的第 55 个心跳包发送成功
[03:12:01 INF] 【直播间】23447660 的第 55 个心跳包发送成功
[03:12:03 INF] 【直播间】91164 的第 55 个心跳包发送成功
[03:12:04 INF] 【直播间】22764265 的第 55 个心跳包发送成功
[03:12:57 INF] 【直播间】23357926 的第 56 个心跳包发送成功
[03:12:58 INF] 【直播间】23040372 的第 56 个心跳包发送成功
[03:12:59 INF] 【直播间】31494 的第 56 个心跳包发送成功
[03:13:01 INF] 【直播间】4015781 的第 56 个心跳包发送成功
[03:13:02 INF] 【直播间】9619073 的第 56 个心跳包发送成功
[03:13:03 INF] 【直播间】407149 的第 56 个心跳包发送成功
[03:13:04 INF] 【直播间】7184632 的第 56 个心跳包发送成功
[03:13:05 INF] 【直播间】11732699 的第 56 个心跳包发送成功
[03:13:07 INF] 【直播间】929670 的第 56 个心跳包发送成功
[03:13:08 INF] 【直播间】23447660 的第 56 个心跳包发送成功
[03:13:09 INF] 【直播间】91164 的第 56 个心跳包发送成功
[03:13:11 INF] 【直播间】22764265 的第 56 个心跳包发送成功
[03:14:03 INF] 【直播间】23357926 的第 57 个心跳包发送成功
[03:14:04 INF] 【直播间】23040372 的第 57 个心跳包发送成功
[03:14:06 INF] 【直播间】31494 的第 57 个心跳包发送成功
[03:14:07 INF] 【直播间】4015781 的第 57 个心跳包发送成功
[03:14:08 INF] 【直播间】9619073 的第 57 个心跳包发送成功
[03:14:09 INF] 【直播间】407149 的第 57 个心跳包发送成功
[03:14:11 INF] 【直播间】7184632 的第 57 个心跳包发送成功
[03:14:12 INF] 【直播间】11732699 的第 57 个心跳包发送成功
[03:14:13 INF] 【直播间】929670 的第 57 个心跳包发送成功
[03:14:14 INF] 【直播间】23447660 的第 57 个心跳包发送成功
[03:14:16 INF] 【直播间】91164 的第 57 个心跳包发送成功
[03:14:17 INF] 【直播间】22764265 的第 57 个心跳包发送成功
[03:15:10 INF] 【直播间】23357926 的第 58 个心跳包发送成功
[03:15:11 INF] 【直播间】23040372 的第 58 个心跳包发送成功
[03:15:12 INF] 【直播间】31494 的第 58 个心跳包发送成功
[03:15:14 INF] 【直播间】4015781 的第 58 个心跳包发送成功
[03:15:15 INF] 【直播间】9619073 的第 58 个心跳包发送成功
[03:15:16 INF] 【直播间】407149 的第 58 个心跳包发送成功
[03:15:17 INF] 【直播间】7184632 的第 58 个心跳包发送成功
[03:15:19 INF] 【直播间】11732699 的第 58 个心跳包发送成功
[03:15:20 INF] 【直播间】929670 的第 58 个心跳包发送成功
[03:15:21 INF] 【直播间】23447660 的第 58 个心跳包发送成功
[03:15:22 INF] 【直播间】91164 的第 58 个心跳包发送成功
[03:15:24 INF] 【直播间】22764265 的第 58 个心跳包发送成功
[03:16:17 INF] 【直播间】23357926 的第 59 个心跳包发送成功
[03:16:18 INF] 【直播间】23040372 的第 59 个心跳包发送成功
[03:16:19 INF] 【直播间】31494 的第 59 个心跳包发送成功
[03:16:20 INF] 【直播间】4015781 的第 59 个心跳包发送成功
[03:16:22 INF] 【直播间】9619073 的第 59 个心跳包发送成功
[03:16:23 INF] 【直播间】407149 的第 59 个心跳包发送成功
[03:16:24 INF] 【直播间】7184632 的第 59 个心跳包发送成功
[03:16:25 INF] 【直播间】11732699 的第 59 个心跳包发送成功
[03:16:27 INF] 【直播间】929670 的第 59 个心跳包发送成功
[03:16:28 INF] 【直播间】23447660 的第 59 个心跳包发送成功
[03:16:29 INF] 【直播间】91164 的第 59 个心跳包发送成功
[03:16:30 INF] 【直播间】22764265 的第 59 个心跳包发送成功
[03:17:23 INF] 【直播间】23357926 的第 60 个心跳包发送成功
[03:17:25 INF] 【直播间】23040372 的第 60 个心跳包发送成功
[03:17:26 INF] 【直播间】31494 的第 60 个心跳包发送成功
[03:17:27 INF] 【直播间】4015781 的第 60 个心跳包发送成功
[03:17:28 INF] 【直播间】9619073 的第 60 个心跳包发送成功
[03:17:30 INF] 【直播间】407149 的第 60 个心跳包发送成功
[03:17:31 INF] 【直播间】7184632 的第 60 个心跳包发送成功
[03:17:32 INF] 【直播间】11732699 的第 60 个心跳包发送成功
[03:17:33 INF] 【直播间】929670 的第 60 个心跳包发送成功
[03:17:35 INF] 【直播间】23447660 的第 60 个心跳包发送成功
[03:17:36 INF] 【直播间】91164 的第 60 个心跳包发送成功
[03:17:37 INF] 【直播间】22764265 的第 60 个心跳包发送成功
[03:18:30 INF] 【直播间】23357926 的第 61 个心跳包发送成功
[03:18:31 INF] 【直播间】23040372 的第 61 个心跳包发送成功
[03:18:32 INF] 【直播间】31494 的第 61 个心跳包发送成功
[03:18:33 INF] 【直播间】4015781 的第 61 个心跳包发送成功
[03:18:35 INF] 【直播间】9619073 的第 61 个心跳包发送成功
[03:18:36 INF] 【直播间】407149 的第 61 个心跳包发送成功
[03:18:37 INF] 【直播间】7184632 的第 61 个心跳包发送成功
[03:18:39 INF] 【直播间】11732699 的第 61 个心跳包发送成功
[03:18:40 INF] 【直播间】929670 的第 61 个心跳包发送成功
[03:18:41 INF] 【直播间】23447660 的第 61 个心跳包发送成功
[03:18:42 INF] 【直播间】91164 的第 61 个心跳包发送成功
[03:18:44 INF] 【直播间】22764265 的第 61 个心跳包发送成功
[03:19:36 INF] 【直播间】23357926 的第 62 个心跳包发送成功
[03:19:37 INF] 【直播间】23040372 的第 62 个心跳包发送成功
[03:19:39 INF] 【直播间】31494 的第 62 个心跳包发送成功
[03:19:40 INF] 【直播间】4015781 的第 62 个心跳包发送成功
[03:19:41 INF] 【直播间】9619073 的第 62 个心跳包发送成功
[03:19:42 INF] 【直播间】407149 的第 62 个心跳包发送成功
[03:19:44 INF] 【直播间】7184632 的第 62 个心跳包发送成功
[03:19:45 INF] 【直播间】11732699 的第 62 个心跳包发送成功
[03:19:46 INF] 【直播间】929670 的第 62 个心跳包发送成功
[03:19:47 INF] 【直播间】23447660 的第 62 个心跳包发送成功
[03:19:49 INF] 【直播间】91164 的第 62 个心跳包发送成功
[03:19:50 INF] 【直播间】22764265 的第 62 个心跳包发送成功
[03:20:43 INF] 【直播间】23357926 的第 63 个心跳包发送成功
[03:20:44 INF] 【直播间】23040372 的第 63 个心跳包发送成功
[03:20:45 INF] 【直播间】31494 的第 63 个心跳包发送成功
[03:20:47 INF] 【直播间】4015781 的第 63 个心跳包发送成功
[03:20:48 INF] 【直播间】9619073 的第 63 个心跳包发送成功
[03:20:49 INF] 【直播间】407149 的第 63 个心跳包发送成功
[03:20:50 INF] 【直播间】7184632 的第 63 个心跳包发送成功
[03:20:52 INF] 【直播间】11732699 的第 63 个心跳包发送成功
[03:20:53 INF] 【直播间】929670 的第 63 个心跳包发送成功
[03:20:54 INF] 【直播间】23447660 的第 63 个心跳包发送成功
[03:20:55 INF] 【直播间】91164 的第 63 个心跳包发送成功
[03:20:56 INF] 【直播间】22764265 的第 63 个心跳包发送成功
[03:21:50 INF] 【直播间】23357926 的第 64 个心跳包发送成功
[03:21:51 INF] 【直播间】23040372 的第 64 个心跳包发送成功
[03:21:52 INF] 【直播间】31494 的第 64 个心跳包发送成功
[03:21:53 INF] 【直播间】4015781 的第 64 个心跳包发送成功
[03:21:55 INF] 【直播间】9619073 的第 64 个心跳包发送成功
[03:21:56 INF] 【直播间】407149 的第 64 个心跳包发送成功
[03:21:57 INF] 【直播间】7184632 的第 64 个心跳包发送成功
[03:21:58 INF] 【直播间】11732699 的第 64 个心跳包发送成功
[03:22:00 INF] 【直播间】929670 的第 64 个心跳包发送成功
[03:22:01 INF] 【直播间】23447660 的第 64 个心跳包发送成功
[03:22:02 INF] 【直播间】91164 的第 64 个心跳包发送成功
[03:22:04 INF] 【直播间】22764265 的第 64 个心跳包发送成功
[03:22:56 INF] 【直播间】23357926 的第 65 个心跳包发送成功
[03:22:58 INF] 【直播间】23040372 的第 65 个心跳包发送成功
[03:22:59 INF] 【直播间】31494 的第 65 个心跳包发送成功
[03:23:00 INF] 【直播间】4015781 的第 65 个心跳包发送成功
[03:23:01 INF] 【直播间】9619073 的第 65 个心跳包发送成功
[03:23:03 INF] 【直播间】407149 的第 65 个心跳包发送成功
[03:23:04 INF] 【直播间】7184632 的第 65 个心跳包发送成功
[03:23:05 INF] 【直播间】11732699 的第 65 个心跳包发送成功
[03:23:06 INF] 【直播间】929670 的第 65 个心跳包发送成功
[03:23:08 INF] 【直播间】23447660 的第 65 个心跳包发送成功
[03:23:09 INF] 【直播间】91164 的第 65 个心跳包发送成功
[03:23:10 INF] 【直播间】22764265 的第 65 个心跳包发送成功
[03:24:03 INF] 【直播间】23357926 的第 66 个心跳包发送成功
[03:24:04 INF] 【直播间】23040372 的第 66 个心跳包发送成功
[03:24:05 INF] 【直播间】31494 的第 66 个心跳包发送成功
[03:24:07 INF] 【直播间】4015781 的第 66 个心跳包发送成功
[03:24:08 INF] 【直播间】9619073 的第 66 个心跳包发送成功
[03:24:09 INF] 【直播间】407149 的第 66 个心跳包发送成功
[03:24:10 INF] 【直播间】7184632 的第 66 个心跳包发送成功
[03:24:12 INF] 【直播间】11732699 的第 66 个心跳包发送成功
[03:24:13 INF] 【直播间】929670 的第 66 个心跳包发送成功
[03:24:14 INF] 【直播间】23447660 的第 66 个心跳包发送成功
[03:24:15 INF] 【直播间】91164 的第 66 个心跳包发送成功
[03:24:17 INF] 【直播间】22764265 的第 66 个心跳包发送成功
[03:25:09 ERR] 【心跳包】直播间 23357926 发送失败
[03:25:09 ERR] 【原因】time check failed
[03:25:11 ERR] 【心跳包】直播间 23040372 发送失败
[03:25:11 ERR] 【原因】time check failed
[03:25:12 ERR] 【心跳包】直播间 31494 发送失败
[03:25:12 ERR] 【原因】time check failed
[03:25:13 ERR] 【心跳包】直播间 4015781 发送失败
[03:25:13 ERR] 【原因】time check failed
[03:25:14 ERR] 【心跳包】直播间 9619073 发送失败
[03:25:14 ERR] 【原因】time check failed
[03:25:16 ERR] 【心跳包】直播间 407149 发送失败
[03:25:16 ERR] 【原因】time check failed
[03:25:17 ERR] 【心跳包】直播间 7184632 发送失败
[03:25:17 ERR] 【原因】time check failed
[03:25:18 ERR] 【心跳包】直播间 11732699 发送失败
[03:25:18 ERR] 【原因】time check failed
[03:25:19 ERR] 【心跳包】直播间 929670 发送失败
[03:25:19 ERR] 【原因】time check failed
[03:25:21 ERR] 【心跳包】直播间 23447660 发送失败
[03:25:21 ERR] 【原因】time check failed
[03:25:22 ERR] 【心跳包】直播间 91164 发送失败
[03:25:22 ERR] 【原因】time check failed
[03:25:23 ERR] 【心跳包】直播间 22764265 发送失败
[03:25:23 ERR] 【原因】time check failed
[03:26:16 INF] 【直播间】23357926 的第 67 个心跳包发送成功
[03:26:17 INF] 【直播间】23040372 的第 67 个心跳包发送成功
[03:26:19 INF] 【直播间】31494 的第 67 个心跳包发送成功
[03:26:20 INF] 【直播间】4015781 的第 67 个心跳包发送成功
[03:26:21 INF] 【直播间】9619073 的第 67 个心跳包发送成功
[03:26:22 INF] 【直播间】407149 的第 67 个心跳包发送成功
[03:26:24 INF] 【直播间】7184632 的第 67 个心跳包发送成功
[03:26:25 INF] 【直播间】11732699 的第 67 个心跳包发送成功
[03:26:26 INF] 【直播间】929670 的第 67 个心跳包发送成功
[03:26:27 INF] 【直播间】23447660 的第 67 个心跳包发送成功
[03:26:29 INF] 【直播间】91164 的第 67 个心跳包发送成功
[03:26:30 INF] 【直播间】22764265 的第 67 个心跳包发送成功
[03:27:22 INF] 【直播间】23357926 的第 68 个心跳包发送成功
[03:27:24 INF] 【直播间】23040372 的第 68 个心跳包发送成功
[03:27:25 INF] 【直播间】31494 的第 68 个心跳包发送成功
[03:27:26 INF] 【直播间】4015781 的第 68 个心跳包发送成功
[03:27:27 INF] 【直播间】9619073 的第 68 个心跳包发送成功
[03:27:29 INF] 【直播间】407149 的第 68 个心跳包发送成功
[03:27:30 INF] 【直播间】7184632 的第 68 个心跳包发送成功
[03:27:31 INF] 【直播间】11732699 的第 68 个心跳包发送成功
[03:27:32 INF] 【直播间】929670 的第 68 个心跳包发送成功
[03:27:34 INF] 【直播间】23447660 的第 68 个心跳包发送成功
[03:27:35 INF] 【直播间】91164 的第 68 个心跳包发送成功
[03:27:36 INF] 【直播间】22764265 的第 68 个心跳包发送成功
[03:28:29 INF] 【直播间】23357926 的第 69 个心跳包发送成功
[03:28:30 INF] 【直播间】23040372 的第 69 个心跳包发送成功
[03:28:32 INF] 【直播间】31494 的第 69 个心跳包发送成功
[03:28:33 INF] 【直播间】4015781 的第 69 个心跳包发送成功
[03:28:34 INF] 【直播间】9619073 的第 69 个心跳包发送成功
[03:28:36 INF] 【直播间】407149 的第 69 个心跳包发送成功
[03:28:37 INF] 【直播间】7184632 的第 69 个心跳包发送成功
[03:28:38 INF] 【直播间】11732699 的第 69 个心跳包发送成功
[03:28:39 INF] 【直播间】929670 的第 69 个心跳包发送成功
[03:28:40 INF] 【直播间】23447660 的第 69 个心跳包发送成功
[03:28:42 INF] 【直播间】91164 的第 69 个心跳包发送成功
[03:28:43 INF] 【直播间】22764265 的第 69 个心跳包发送成功
[03:29:36 INF] 【直播间】23357926 的第 70 个心跳包发送成功
[03:29:37 INF] 【直播间】23040372 的第 70 个心跳包发送成功
[03:29:38 INF] 【直播间】31494 的第 70 个心跳包发送成功
[03:29:40 INF] 【直播间】4015781 的第 70 个心跳包发送成功
[03:29:41 INF] 【直播间】9619073 的第 70 个心跳包发送成功
[03:29:42 INF] 【直播间】407149 的第 70 个心跳包发送成功
[03:29:43 INF] 【直播间】7184632 的第 70 个心跳包发送成功
[03:29:45 INF] 【直播间】11732699 的第 70 个心跳包发送成功
[03:29:46 INF] 【直播间】929670 的第 70 个心跳包发送成功
[03:29:47 INF] 【直播间】23447660 的第 70 个心跳包发送成功
[03:29:48 INF] 【直播间】91164 的第 70 个心跳包发送成功
[03:29:50 INF] 【直播间】22764265 的第 70 个心跳包发送成功
[03:29:50 INF] 【直播观看时长】完成情况：12/12 
[03:29:50 INF] ---------结束---------

[03:29:50 INF] ==========结束==========

[03:29:50 INF] ######### 账号 3 #########

[03:29:50 INF] =====开始 直播间互动 =====

[03:29:50 INF] ---开始 发送弹幕 ---
[03:29:50 INF] 检测到直播 Cookie 未正确配置，尝试自动配置中...
[03:29:54 INF] 直播 Cookie 配置成功！
[03:29:54 INF] 【获取直播列表】获取拥有粉丝牌的直播列表
[03:30:02 ERR] 【获取直播列表】失败
[03:30:02 ERR] 【原因】账号未登录
[03:30:02 ERR] 发送弹幕失败，继续其他任务。失败信息:Object reference not set to an instance of an object.

[03:30:02 INF] -------结束-------

[03:30:02 INF] ---开始 点赞直播间 ---
[03:30:02 INF] 【获取直播列表】获取拥有粉丝牌的直播列表
[03:30:06 ERR] 【获取直播列表】失败
[03:30:06 ERR] 【原因】账号未登录
[03:30:06 ERR] 点赞直播间失败，继续其他任务。失败信息:Object reference not set to an instance of an object.

[03:30:06 INF] --------结束--------

[03:30:06 INF] ---开始 直播时长挂机 ---
[03:30:06 INF] 【获取直播列表】获取拥有粉丝牌的直播列表
[03:30:13 ERR] 【获取直播列表】失败
[03:30:13 ERR] 【原因】账号未登录
[03:30:13 ERR] 直播时长挂机失败，继续其他任务。失败信息:Object reference not set to an instance of an object.

[03:30:13 INF] ---------结束---------

[03:30:13 INF] ==========结束==========

[03:30:13 INF] 

========================

 v2.0.2 开源 by https://github.com/RayWangQvQ/BiliBiliToolPro

[03:30:13 INF] ·开始推送·LiveFansMedal任务·
2024-02-04T19:30:13.9778588Z 开始推送到:PushPlus
2024-02-04T19:30:15.7297263Z Response status: OK.
2024-02-04T19:30:15.7297607Z Response content: {"code":999,"msg":"发送内容过大，不能超过2万字","data":null}.

[03:30:15 INF] 运行环境：Development
[03:30:15 INF] 应用目录：/home/runner/work/BiliBiliToolPro/BiliBiliToolPro/src/Ray.BiliBiliTool.Console/bin/Debug/net6.0/

[03:30:15 INF] 运行结束
