----------- ip 信息 ---------
{
  "ip": "20.55.213.81",
  "city": "Boydton",
  "region": "Virginia",
  "country": "US",
  "loc": "36.6676,-78.3875",
  "org": "AS8075 Microsoft Corporation",
  "postal": "23917",
  "timezone": "America/New_York",
  "readme": "https://ipinfo.io/missingauth"
} ---------- end ------------
  ____               ____    _   _____           _  
 |  _ \ __ _ _   _  | __ ) _| |_|_   _|__   ___ | | 
 | |_) / _` | | | | |  _ \(_) (_) | |/ _ \ / _ \| | 
 |  _ < (_| | |_| | | |_) | | | | | | (_) | (_) | | 
 |_| \_\__,_|\__, | |____/|_|_|_| |_|\___/ \___/|_| 
             |___/                                  

[00:25:18 INF] BiliBiliToolPro 开始运行...

[00:25:18 INF] 【账号个数】3个

[00:25:18 INF] 随机休眠5分钟

[00:30:18 INF] 【目标任务】LiveFansMedal
[00:30:18 INF] ######### 账号 1 #########

[00:30:18 INF] =====开始 直播间互动 =====

[00:30:18 INF] ---开始 发送弹幕 ---
[00:30:18 INF] 检测到直播 Cookie 未正确配置，尝试自动配置中...
[00:30:22 INF] 直播 Cookie 配置成功！
[00:30:22 INF] 【获取直播列表】获取拥有粉丝牌的直播列表
[00:30:28 INF] 【主播】Mark陌枫 
[00:30:46 INF] 【主播】KL_qiqi_ 
[00:31:03 INF] 【主播】苏打baka 
[00:31:17 INF] 【直播间】Mark陌枫
[00:31:17 INF] 【粉丝牌】馬楓
[00:31:17 INF] 正在发送弹幕...
[00:31:21 INF] 【直播间】KL_qiqi_
[00:31:21 INF] 【粉丝牌】qiqisb
[00:31:21 INF] 正在发送弹幕...
[00:31:28 INF] 【直播间】苏打baka
[00:31:28 INF] 【粉丝牌】碳酸钠
[00:31:28 INF] 正在发送弹幕...
[00:31:34 INF] -------结束-------

[00:31:34 INF] ---开始 点赞直播间 ---
[00:31:34 INF] 【获取直播列表】获取拥有粉丝牌的直播列表
[00:31:35 INF] 【弹幕发送】成功~，你和主播 Mark陌枫 的亲密值增加了100！
[00:31:39 INF] 【弹幕发送】成功~，你和主播 KL_qiqi_ 的亲密值增加了100！
[00:31:40 INF] 【主播】Mark陌枫 
[00:31:45 INF] 【弹幕发送】成功~，你和主播 苏打baka 的亲密值增加了100！
[00:31:58 INF] 【主播】KL_qiqi_ 
[00:32:19 INF] 【主播】苏打baka 
[00:32:41 INF] 【点赞直播间】23357926 完成
[00:32:46 INF] 【点赞直播间】407149 完成
[00:32:50 INF] --------结束--------

[00:32:50 INF] ---开始 直播时长挂机 ---
[00:32:50 INF] 【获取直播列表】获取拥有粉丝牌的直播列表
[00:32:50 INF] 【点赞直播间】23040372 完成
[00:32:57 INF] 【主播】Mark陌枫 
[00:33:15 INF] 【主播】KL_qiqi_ 
[00:33:31 INF] 【主播】苏打baka 
[00:33:52 INF] 【直播间】23357926 的第 1 个心跳包发送成功
[00:33:53 INF] 【直播间】407149 的第 1 个心跳包发送成功
[00:33:54 INF] 【直播间】23040372 的第 1 个心跳包发送成功
[00:34:59 INF] 【直播间】23357926 的第 2 个心跳包发送成功
[00:35:00 INF] 【直播间】407149 的第 2 个心跳包发送成功
[00:35:01 INF] 【直播间】23040372 的第 2 个心跳包发送成功
[00:36:05 INF] 【直播间】23357926 的第 3 个心跳包发送成功
[00:36:06 INF] 【直播间】407149 的第 3 个心跳包发送成功
[00:36:08 INF] 【直播间】23040372 的第 3 个心跳包发送成功
[00:37:12 INF] 【直播间】23357926 的第 4 个心跳包发送成功
[00:37:13 INF] 【直播间】407149 的第 4 个心跳包发送成功
[00:37:14 INF] 【直播间】23040372 的第 4 个心跳包发送成功
[00:38:18 INF] 【直播间】23357926 的第 5 个心跳包发送成功
[00:38:20 INF] 【直播间】407149 的第 5 个心跳包发送成功
[00:38:21 INF] 【直播间】23040372 的第 5 个心跳包发送成功
[00:39:25 INF] 【直播间】23357926 的第 6 个心跳包发送成功
[00:39:26 INF] 【直播间】407149 的第 6 个心跳包发送成功
[00:39:27 INF] 【直播间】23040372 的第 6 个心跳包发送成功
[00:40:31 INF] 【直播间】23357926 的第 7 个心跳包发送成功
[00:40:32 INF] 【直播间】407149 的第 7 个心跳包发送成功
[00:40:34 INF] 【直播间】23040372 的第 7 个心跳包发送成功
[00:41:38 INF] 【直播间】23357926 的第 8 个心跳包发送成功
[00:41:39 INF] 【直播间】407149 的第 8 个心跳包发送成功
[00:41:40 INF] 【直播间】23040372 的第 8 个心跳包发送成功
[00:42:44 INF] 【直播间】23357926 的第 9 个心跳包发送成功
[00:42:46 INF] 【直播间】407149 的第 9 个心跳包发送成功
[00:42:47 INF] 【直播间】23040372 的第 9 个心跳包发送成功
[00:43:51 INF] 【直播间】23357926 的第 10 个心跳包发送成功
[00:43:52 INF] 【直播间】407149 的第 10 个心跳包发送成功
[00:43:54 INF] 【直播间】23040372 的第 10 个心跳包发送成功
[00:44:58 INF] 【直播间】23357926 的第 11 个心跳包发送成功
[00:44:59 INF] 【直播间】407149 的第 11 个心跳包发送成功
[00:45:00 INF] 【直播间】23040372 的第 11 个心跳包发送成功
[00:46:04 INF] 【直播间】23357926 的第 12 个心跳包发送成功
[00:46:05 INF] 【直播间】407149 的第 12 个心跳包发送成功
[00:46:07 INF] 【直播间】23040372 的第 12 个心跳包发送成功
[00:47:11 INF] 【直播间】23357926 的第 13 个心跳包发送成功
[00:47:12 INF] 【直播间】407149 的第 13 个心跳包发送成功
[00:47:13 INF] 【直播间】23040372 的第 13 个心跳包发送成功
[00:48:17 INF] 【直播间】23357926 的第 14 个心跳包发送成功
[00:48:19 INF] 【直播间】407149 的第 14 个心跳包发送成功
[00:48:20 INF] 【直播间】23040372 的第 14 个心跳包发送成功
[00:49:24 ERR] 【心跳包】直播间 23357926 发送失败
[00:49:24 ERR] 【原因】time check failed
[00:49:25 ERR] 【心跳包】直播间 407149 发送失败
[00:49:25 ERR] 【原因】time check failed
[00:49:27 ERR] 【心跳包】直播间 23040372 发送失败
[00:49:27 ERR] 【原因】time check failed
[00:50:31 INF] 【直播间】23357926 的第 15 个心跳包发送成功
[00:50:32 INF] 【直播间】407149 的第 15 个心跳包发送成功
[00:50:33 INF] 【直播间】23040372 的第 15 个心跳包发送成功
[00:51:37 INF] 【直播间】23357926 的第 16 个心跳包发送成功
[00:51:39 INF] 【直播间】407149 的第 16 个心跳包发送成功
[00:51:40 INF] 【直播间】23040372 的第 16 个心跳包发送成功
[00:52:44 INF] 【直播间】23357926 的第 17 个心跳包发送成功
[00:52:45 INF] 【直播间】407149 的第 17 个心跳包发送成功
[00:52:46 INF] 【直播间】23040372 的第 17 个心跳包发送成功
[00:53:50 INF] 【直播间】23357926 的第 18 个心跳包发送成功
[00:53:52 INF] 【直播间】407149 的第 18 个心跳包发送成功
[00:53:53 INF] 【直播间】23040372 的第 18 个心跳包发送成功
[00:54:57 INF] 【直播间】23357926 的第 19 个心跳包发送成功
[00:54:58 INF] 【直播间】407149 的第 19 个心跳包发送成功
[00:55:00 INF] 【直播间】23040372 的第 19 个心跳包发送成功
[00:56:04 INF] 【直播间】23357926 的第 20 个心跳包发送成功
[00:56:05 INF] 【直播间】407149 的第 20 个心跳包发送成功
[00:56:06 INF] 【直播间】23040372 的第 20 个心跳包发送成功
[00:57:10 INF] 【直播间】23357926 的第 21 个心跳包发送成功
[00:57:11 INF] 【直播间】407149 的第 21 个心跳包发送成功
[00:57:13 INF] 【直播间】23040372 的第 21 个心跳包发送成功
[00:58:17 INF] 【直播间】23357926 的第 22 个心跳包发送成功
[00:58:18 INF] 【直播间】407149 的第 22 个心跳包发送成功
[00:58:19 INF] 【直播间】23040372 的第 22 个心跳包发送成功
[00:59:23 INF] 【直播间】23357926 的第 23 个心跳包发送成功
[00:59:24 INF] 【直播间】407149 的第 23 个心跳包发送成功
[00:59:26 INF] 【直播间】23040372 的第 23 个心跳包发送成功
[01:00:30 INF] 【直播间】23357926 的第 24 个心跳包发送成功
[01:00:31 INF] 【直播间】407149 的第 24 个心跳包发送成功
[01:00:33 INF] 【直播间】23040372 的第 24 个心跳包发送成功
[01:01:37 INF] 【直播间】23357926 的第 25 个心跳包发送成功
[01:01:38 INF] 【直播间】407149 的第 25 个心跳包发送成功
[01:01:39 INF] 【直播间】23040372 的第 25 个心跳包发送成功
[01:02:43 INF] 【直播间】23357926 的第 26 个心跳包发送成功
[01:02:44 INF] 【直播间】407149 的第 26 个心跳包发送成功
[01:02:46 INF] 【直播间】23040372 的第 26 个心跳包发送成功
[01:03:50 INF] 【直播间】23357926 的第 27 个心跳包发送成功
[01:03:51 INF] 【直播间】407149 的第 27 个心跳包发送成功
[01:03:53 INF] 【直播间】23040372 的第 27 个心跳包发送成功
[01:04:57 ERR] 【心跳包】直播间 23357926 发送失败
[01:04:57 ERR] 【原因】time check failed
[01:04:58 ERR] 【心跳包】直播间 407149 发送失败
[01:04:58 ERR] 【原因】time check failed
[01:04:59 ERR] 【心跳包】直播间 23040372 发送失败
[01:04:59 ERR] 【原因】time check failed
[01:06:03 INF] 【直播间】23357926 的第 28 个心跳包发送成功
[01:06:05 INF] 【直播间】407149 的第 28 个心跳包发送成功
[01:06:06 INF] 【直播间】23040372 的第 28 个心跳包发送成功
[01:07:10 INF] 【直播间】23357926 的第 29 个心跳包发送成功
[01:07:11 INF] 【直播间】407149 的第 29 个心跳包发送成功
[01:07:12 INF] 【直播间】23040372 的第 29 个心跳包发送成功
[01:08:17 INF] 【直播间】23357926 的第 30 个心跳包发送成功
[01:08:18 INF] 【直播间】407149 的第 30 个心跳包发送成功
[01:08:19 INF] 【直播间】23040372 的第 30 个心跳包发送成功
[01:09:23 INF] 【直播间】23357926 的第 31 个心跳包发送成功
[01:09:25 INF] 【直播间】407149 的第 31 个心跳包发送成功
[01:09:26 INF] 【直播间】23040372 的第 31 个心跳包发送成功
[01:10:30 INF] 【直播间】23357926 的第 32 个心跳包发送成功
[01:10:31 INF] 【直播间】407149 的第 32 个心跳包发送成功
[01:10:32 INF] 【直播间】23040372 的第 32 个心跳包发送成功
[01:11:36 INF] 【直播间】23357926 的第 33 个心跳包发送成功
[01:11:37 INF] 【直播间】407149 的第 33 个心跳包发送成功
[01:11:39 INF] 【直播间】23040372 的第 33 个心跳包发送成功
[01:12:43 INF] 【直播间】23357926 的第 34 个心跳包发送成功
[01:12:44 INF] 【直播间】407149 的第 34 个心跳包发送成功
[01:12:45 INF] 【直播间】23040372 的第 34 个心跳包发送成功
[01:13:49 INF] 【直播间】23357926 的第 35 个心跳包发送成功
[01:13:51 INF] 【直播间】407149 的第 35 个心跳包发送成功
[01:13:52 INF] 【直播间】23040372 的第 35 个心跳包发送成功
[01:14:56 INF] 【直播间】23357926 的第 36 个心跳包发送成功
[01:14:57 INF] 【直播间】407149 的第 36 个心跳包发送成功
[01:14:59 INF] 【直播间】23040372 的第 36 个心跳包发送成功
[01:16:03 INF] 【直播间】23357926 的第 37 个心跳包发送成功
[01:16:04 INF] 【直播间】407149 的第 37 个心跳包发送成功
[01:16:05 INF] 【直播间】23040372 的第 37 个心跳包发送成功
[01:17:09 INF] 【直播间】23357926 的第 38 个心跳包发送成功
[01:17:10 INF] 【直播间】407149 的第 38 个心跳包发送成功
[01:17:12 INF] 【直播间】23040372 的第 38 个心跳包发送成功
[01:18:16 INF] 【直播间】23357926 的第 39 个心跳包发送成功
[01:18:17 INF] 【直播间】407149 的第 39 个心跳包发送成功
[01:18:18 INF] 【直播间】23040372 的第 39 个心跳包发送成功
[01:19:23 INF] 【直播间】23357926 的第 40 个心跳包发送成功
[01:19:24 INF] 【直播间】407149 的第 40 个心跳包发送成功
[01:19:25 INF] 【直播间】23040372 的第 40 个心跳包发送成功
[01:20:29 ERR] 【心跳包】直播间 23357926 发送失败
[01:20:29 ERR] 【原因】time check failed
[01:20:30 ERR] 【心跳包】直播间 407149 发送失败
[01:20:30 ERR] 【原因】time check failed
[01:20:32 ERR] 【心跳包】直播间 23040372 发送失败
[01:20:32 ERR] 【原因】time check failed
[01:21:36 INF] 【直播间】23357926 的第 41 个心跳包发送成功
[01:21:37 INF] 【直播间】407149 的第 41 个心跳包发送成功
[01:21:38 INF] 【直播间】23040372 的第 41 个心跳包发送成功
[01:22:42 INF] 【直播间】23357926 的第 42 个心跳包发送成功
[01:22:43 INF] 【直播间】407149 的第 42 个心跳包发送成功
[01:22:45 INF] 【直播间】23040372 的第 42 个心跳包发送成功
[01:23:49 INF] 【直播间】23357926 的第 43 个心跳包发送成功
[01:23:50 INF] 【直播间】407149 的第 43 个心跳包发送成功
[01:23:51 INF] 【直播间】23040372 的第 43 个心跳包发送成功
[01:24:55 INF] 【直播间】23357926 的第 44 个心跳包发送成功
[01:24:57 INF] 【直播间】407149 的第 44 个心跳包发送成功
[01:24:58 INF] 【直播间】23040372 的第 44 个心跳包发送成功
[01:26:02 INF] 【直播间】23357926 的第 45 个心跳包发送成功
[01:26:03 INF] 【直播间】407149 的第 45 个心跳包发送成功
[01:26:04 INF] 【直播间】23040372 的第 45 个心跳包发送成功
[01:27:09 INF] 【直播间】23357926 的第 46 个心跳包发送成功
[01:27:10 INF] 【直播间】407149 的第 46 个心跳包发送成功
[01:27:11 INF] 【直播间】23040372 的第 46 个心跳包发送成功
[01:28:15 INF] 【直播间】23357926 的第 47 个心跳包发送成功
[01:28:16 INF] 【直播间】407149 的第 47 个心跳包发送成功
[01:28:18 INF] 【直播间】23040372 的第 47 个心跳包发送成功
[01:29:22 INF] 【直播间】23357926 的第 48 个心跳包发送成功
[01:29:23 INF] 【直播间】407149 的第 48 个心跳包发送成功
[01:29:24 INF] 【直播间】23040372 的第 48 个心跳包发送成功
[01:30:28 INF] 【直播间】23357926 的第 49 个心跳包发送成功
[01:30:30 INF] 【直播间】407149 的第 49 个心跳包发送成功
[01:30:31 INF] 【直播间】23040372 的第 49 个心跳包发送成功
[01:31:35 INF] 【直播间】23357926 的第 50 个心跳包发送成功
[01:31:36 INF] 【直播间】407149 的第 50 个心跳包发送成功
[01:31:37 INF] 【直播间】23040372 的第 50 个心跳包发送成功
[01:32:42 INF] 【直播间】23357926 的第 51 个心跳包发送成功
[01:32:43 INF] 【直播间】407149 的第 51 个心跳包发送成功
[01:32:44 INF] 【直播间】23040372 的第 51 个心跳包发送成功
[01:33:48 INF] 【直播间】23357926 的第 52 个心跳包发送成功
[01:33:49 INF] 【直播间】407149 的第 52 个心跳包发送成功
[01:33:51 INF] 【直播间】23040372 的第 52 个心跳包发送成功
[01:34:55 INF] 【直播间】23357926 的第 53 个心跳包发送成功
[01:34:56 INF] 【直播间】407149 的第 53 个心跳包发送成功
[01:34:57 INF] 【直播间】23040372 的第 53 个心跳包发送成功
[01:36:01 ERR] 【心跳包】直播间 23357926 发送失败
[01:36:01 ERR] 【原因】time check failed
[01:36:02 ERR] 【心跳包】直播间 407149 发送失败
[01:36:02 ERR] 【原因】time check failed
[01:36:04 ERR] 【心跳包】直播间 23040372 发送失败
[01:36:04 ERR] 【原因】time check failed
[01:37:08 INF] 【直播间】23357926 的第 54 个心跳包发送成功
[01:37:09 INF] 【直播间】407149 的第 54 个心跳包发送成功
[01:37:11 INF] 【直播间】23040372 的第 54 个心跳包发送成功
[01:38:15 INF] 【直播间】23357926 的第 55 个心跳包发送成功
[01:38:16 INF] 【直播间】407149 的第 55 个心跳包发送成功
[01:38:17 INF] 【直播间】23040372 的第 55 个心跳包发送成功
[01:39:21 INF] 【直播间】23357926 的第 56 个心跳包发送成功
[01:39:22 INF] 【直播间】407149 的第 56 个心跳包发送成功
[01:39:24 INF] 【直播间】23040372 的第 56 个心跳包发送成功
[01:40:28 INF] 【直播间】23357926 的第 57 个心跳包发送成功
[01:40:29 INF] 【直播间】407149 的第 57 个心跳包发送成功
[01:40:30 INF] 【直播间】23040372 的第 57 个心跳包发送成功
[01:41:34 INF] 【直播间】23357926 的第 58 个心跳包发送成功
[01:41:35 INF] 【直播间】407149 的第 58 个心跳包发送成功
[01:41:37 INF] 【直播间】23040372 的第 58 个心跳包发送成功
[01:42:41 INF] 【直播间】23357926 的第 59 个心跳包发送成功
[01:42:42 INF] 【直播间】407149 的第 59 个心跳包发送成功
[01:42:44 INF] 【直播间】23040372 的第 59 个心跳包发送成功
[01:43:47 INF] 【直播间】23357926 的第 60 个心跳包发送成功
[01:43:49 INF] 【直播间】407149 的第 60 个心跳包发送成功
[01:43:50 INF] 【直播间】23040372 的第 60 个心跳包发送成功
[01:44:54 INF] 【直播间】23357926 的第 61 个心跳包发送成功
[01:44:55 INF] 【直播间】407149 的第 61 个心跳包发送成功
[01:44:56 INF] 【直播间】23040372 的第 61 个心跳包发送成功
[01:46:00 INF] 【直播间】23357926 的第 62 个心跳包发送成功
[01:46:02 INF] 【直播间】407149 的第 62 个心跳包发送成功
[01:46:03 INF] 【直播间】23040372 的第 62 个心跳包发送成功
[01:47:07 INF] 【直播间】23357926 的第 63 个心跳包发送成功
[01:47:08 INF] 【直播间】407149 的第 63 个心跳包发送成功
[01:47:10 INF] 【直播间】23040372 的第 63 个心跳包发送成功
[01:48:14 INF] 【直播间】23357926 的第 64 个心跳包发送成功
[01:48:15 INF] 【直播间】407149 的第 64 个心跳包发送成功
[01:48:16 INF] 【直播间】23040372 的第 64 个心跳包发送成功
[01:49:20 INF] 【直播间】23357926 的第 65 个心跳包发送成功
[01:49:21 INF] 【直播间】407149 的第 65 个心跳包发送成功
[01:49:23 INF] 【直播间】23040372 的第 65 个心跳包发送成功
[01:50:27 INF] 【直播间】23357926 的第 66 个心跳包发送成功
[01:50:28 INF] 【直播间】407149 的第 66 个心跳包发送成功
[01:50:29 INF] 【直播间】23040372 的第 66 个心跳包发送成功
[01:51:34 ERR] 【心跳包】直播间 23357926 发送失败
[01:51:34 ERR] 【原因】time check failed
[01:51:35 ERR] 【心跳包】直播间 407149 发送失败
[01:51:35 ERR] 【原因】time check failed
[01:51:36 ERR] 【心跳包】直播间 23040372 发送失败
[01:51:36 ERR] 【原因】time check failed
[01:52:40 INF] 【直播间】23357926 的第 67 个心跳包发送成功
[01:52:41 INF] 【直播间】407149 的第 67 个心跳包发送成功
[01:52:43 INF] 【直播间】23040372 的第 67 个心跳包发送成功
[01:53:47 INF] 【直播间】23357926 的第 68 个心跳包发送成功
[01:53:48 INF] 【直播间】407149 的第 68 个心跳包发送成功
[01:53:49 INF] 【直播间】23040372 的第 68 个心跳包发送成功
[01:54:53 INF] 【直播间】23357926 的第 69 个心跳包发送成功
[01:54:55 INF] 【直播间】407149 的第 69 个心跳包发送成功
[01:54:56 INF] 【直播间】23040372 的第 69 个心跳包发送成功
[01:56:01 INF] 【直播间】23357926 的第 70 个心跳包发送成功
[01:56:02 INF] 【直播间】407149 的第 70 个心跳包发送成功
[01:56:03 INF] 【直播间】23040372 的第 70 个心跳包发送成功
[01:56:03 INF] 【直播观看时长】完成情况：3/3 
[01:56:03 INF] ---------结束---------

[01:56:03 INF] ==========结束==========

[01:56:03 INF] ######### 账号 2 #########

[01:56:03 INF] =====开始 直播间互动 =====

[01:56:03 INF] ---开始 发送弹幕 ---
[01:56:03 INF] 检测到直播 Cookie 未正确配置，尝试自动配置中...
[01:56:08 INF] 直播 Cookie 配置成功！
[01:56:08 INF] 【获取直播列表】获取拥有粉丝牌的直播列表
[01:56:16 INF] 【主播】Mark陌枫 
[01:56:34 INF] 【主播】苏打baka 
[01:56:50 INF] 【主播】特别中二的q3君 
[01:57:05 INF] 【主播】陈抱一 
[01:57:21 INF] 【主播】贪玩的小毅 
[01:57:36 INF] 【主播】KL_qiqi_ 
[01:57:51 INF] 【主播】悠悠球琛总 
[01:58:05 INF] 【主播】新石器公园 
[01:58:21 INF] 【主播】脏小豆 
[01:58:39 INF] 【主播】记录生活的蛋黄派 
[01:58:57 INF] 【主播】FoFTG 
[01:59:14 INF] 【主播】李船长笔记 
[01:59:34 INF] 【直播间】Mark陌枫
[01:59:34 INF] 【粉丝牌】馬楓
[01:59:34 INF] 正在发送弹幕...
[01:59:39 INF] 【直播间】苏打baka
[01:59:39 INF] 【粉丝牌】碳酸钠
[01:59:39 INF] 正在发送弹幕...
[01:59:42 INF] 【直播间】特别中二的q3君
[01:59:42 INF] 【粉丝牌】q3GG
[01:59:42 INF] 正在发送弹幕...
[01:59:47 INF] 【直播间】陈抱一
[01:59:47 INF] 【粉丝牌】陈抱一
[01:59:47 INF] 正在发送弹幕...
[01:59:48 INF] 【弹幕发送】成功~，你和主播 Mark陌枫 的亲密值增加了100！
[01:59:51 INF] 【直播间】贪玩的小毅
[01:59:51 INF] 【粉丝牌】大大毅
[01:59:51 INF] 正在发送弹幕...
[01:59:53 INF] 【弹幕发送】成功~，你和主播 苏打baka 的亲密值增加了100！
[01:59:58 INF] 【直播间】KL_qiqi_
[01:59:58 INF] 【粉丝牌】qiqisb
[01:59:58 INF] 正在发送弹幕...
[01:59:59 INF] 【弹幕发送】成功~，你和主播 特别中二的q3君 的亲密值增加了100！
[02:00:02 INF] 【直播间】悠悠球琛总
[02:00:02 INF] 【粉丝牌】i琛
[02:00:02 INF] 正在发送弹幕...
[02:00:02 INF] 【弹幕发送】成功~，你和主播 陈抱一 的亲密值增加了100！
[02:00:05 INF] 【直播间】新石器公园
[02:00:05 INF] 【粉丝牌】东园主
[02:00:05 INF] 正在发送弹幕...
[02:00:09 INF] 【直播间】脏小豆
[02:00:09 INF] 【粉丝牌】豆豆浆
[02:00:09 INF] 正在发送弹幕...
[02:00:11 INF] 【弹幕发送】成功~，你和主播 贪玩的小毅 的亲密值增加了100！
[02:00:11 ERR] 【弹幕发送】失败
[02:00:11 ERR] 【原因】您发送弹幕的频率过快
[02:00:15 INF] 【弹幕发送】成功~，你和主播 悠悠球琛总 的亲密值增加了100！
[02:00:16 INF] 【直播间】记录生活的蛋黄派
[02:00:16 INF] 【粉丝牌】派派派
[02:00:16 INF] 正在发送弹幕...
[02:00:18 INF] 【弹幕发送】成功~，你和主播 新石器公园 的亲密值增加了100！
[02:00:22 INF] 【直播间】FoFTG
[02:00:22 INF] 【粉丝牌】FOFTG
[02:00:22 INF] 正在发送弹幕...
[02:00:25 INF] 【弹幕发送】成功~，你和主播 脏小豆 的亲密值增加了100！
[02:00:28 INF] 【直播间】李船长笔记
[02:00:28 INF] 【粉丝牌】航海仕
[02:00:28 INF] 正在发送弹幕...
[02:00:33 INF] -------结束-------

[02:00:33 INF] ---开始 点赞直播间 ---
[02:00:33 INF] 【获取直播列表】获取拥有粉丝牌的直播列表
[02:00:33 INF] 【弹幕发送】成功~，你和主播 记录生活的蛋黄派 的亲密值增加了100！
[02:00:38 INF] 【主播】Mark陌枫 
[02:00:39 INF] 【弹幕发送】成功~，你和主播 FoFTG 的亲密值增加了100！
[02:00:45 INF] 【弹幕发送】成功~，你和主播 李船长笔记 的亲密值增加了100！
[02:00:54 INF] 【主播】苏打baka 
[02:01:10 INF] 【主播】特别中二的q3君 
[02:01:29 INF] 【主播】陈抱一 
[02:01:47 INF] 【主播】贪玩的小毅 
[02:02:00 INF] 【主播】KL_qiqi_ 
[02:02:20 INF] 【主播】悠悠球琛总 
[02:02:33 INF] 【主播】新石器公园 
[02:02:48 INF] 【主播】脏小豆 
[02:03:05 INF] 【主播】记录生活的蛋黄派 
[02:03:24 INF] 【主播】FoFTG 
[02:03:45 INF] 【主播】李船长笔记 
[02:04:04 INF] 【点赞直播间】23357926 完成
[02:04:07 INF] 【点赞直播间】23040372 完成
[02:04:11 INF] 【点赞直播间】31494 完成
[02:04:19 INF] 【点赞直播间】4015781 完成
[02:04:21 INF] 【点赞直播间】9619073 完成
[02:04:24 INF] 【点赞直播间】407149 完成
[02:04:32 INF] 【点赞直播间】7184632 完成
[02:04:36 INF] 【点赞直播间】23447660 完成
[02:04:43 INF] 【点赞直播间】929670 完成
[02:04:47 INF] 【点赞直播间】11732699 完成
[02:04:52 INF] 【点赞直播间】91164 完成
[02:04:59 INF] --------结束--------

[02:04:59 INF] ---开始 直播时长挂机 ---
[02:04:59 INF] 【获取直播列表】获取拥有粉丝牌的直播列表
[02:05:00 INF] 【点赞直播间】22764265 完成
[02:05:03 INF] 【主播】Mark陌枫 
[02:05:20 INF] 【主播】苏打baka 
[02:05:41 INF] 【主播】特别中二的q3君 
[02:05:58 INF] 【主播】陈抱一 
[02:06:14 INF] 【主播】贪玩的小毅 
[02:06:26 INF] 【主播】KL_qiqi_ 
[02:06:40 INF] 【主播】悠悠球琛总 
[02:06:53 INF] 【主播】新石器公园 
[02:07:14 INF] 【主播】脏小豆 
[02:07:30 INF] 【主播】记录生活的蛋黄派 
[02:07:47 INF] 【主播】FoFTG 
[02:08:06 INF] 【主播】李船长笔记 
[02:08:23 INF] 【直播间】23357926 的第 1 个心跳包发送成功
[02:08:24 INF] 【直播间】23040372 的第 1 个心跳包发送成功
[02:08:25 INF] 【直播间】31494 的第 1 个心跳包发送成功
[02:08:26 INF] 【直播间】4015781 的第 1 个心跳包发送成功
[02:08:28 INF] 【直播间】9619073 的第 1 个心跳包发送成功
[02:08:29 INF] 【直播间】407149 的第 1 个心跳包发送成功
[02:08:30 INF] 【直播间】7184632 的第 1 个心跳包发送成功
[02:08:31 INF] 【直播间】23447660 的第 1 个心跳包发送成功
[02:08:33 INF] 【直播间】929670 的第 1 个心跳包发送成功
[02:08:34 INF] 【直播间】11732699 的第 1 个心跳包发送成功
[02:08:35 INF] 【直播间】91164 的第 1 个心跳包发送成功
[02:08:37 INF] 【直播间】22764265 的第 1 个心跳包发送成功
[02:09:29 INF] 【直播间】23357926 的第 2 个心跳包发送成功
[02:09:30 INF] 【直播间】23040372 的第 2 个心跳包发送成功
[02:09:32 INF] 【直播间】31494 的第 2 个心跳包发送成功
[02:09:33 INF] 【直播间】4015781 的第 2 个心跳包发送成功
[02:09:34 INF] 【直播间】9619073 的第 2 个心跳包发送成功
[02:09:36 INF] 【直播间】407149 的第 2 个心跳包发送成功
[02:09:37 INF] 【直播间】7184632 的第 2 个心跳包发送成功
[02:09:38 INF] 【直播间】23447660 的第 2 个心跳包发送成功
[02:09:39 INF] 【直播间】929670 的第 2 个心跳包发送成功
[02:09:41 INF] 【直播间】11732699 的第 2 个心跳包发送成功
[02:09:42 INF] 【直播间】91164 的第 2 个心跳包发送成功
[02:09:43 INF] 【直播间】22764265 的第 2 个心跳包发送成功
[02:10:36 INF] 【直播间】23357926 的第 3 个心跳包发送成功
[02:10:37 INF] 【直播间】23040372 的第 3 个心跳包发送成功
[02:10:38 INF] 【直播间】31494 的第 3 个心跳包发送成功
[02:10:40 INF] 【直播间】4015781 的第 3 个心跳包发送成功
[02:10:41 INF] 【直播间】9619073 的第 3 个心跳包发送成功
[02:10:42 INF] 【直播间】407149 的第 3 个心跳包发送成功
[02:10:43 INF] 【直播间】7184632 的第 3 个心跳包发送成功
[02:10:45 INF] 【直播间】23447660 的第 3 个心跳包发送成功
[02:10:46 INF] 【直播间】929670 的第 3 个心跳包发送成功
[02:10:47 INF] 【直播间】11732699 的第 3 个心跳包发送成功
[02:10:48 INF] 【直播间】91164 的第 3 个心跳包发送成功
[02:10:50 INF] 【直播间】22764265 的第 3 个心跳包发送成功
[02:11:42 INF] 【直播间】23357926 的第 4 个心跳包发送成功
[02:11:44 INF] 【直播间】23040372 的第 4 个心跳包发送成功
[02:11:45 INF] 【直播间】31494 的第 4 个心跳包发送成功
[02:11:46 INF] 【直播间】4015781 的第 4 个心跳包发送成功
[02:11:47 INF] 【直播间】9619073 的第 4 个心跳包发送成功
[02:11:49 INF] 【直播间】407149 的第 4 个心跳包发送成功
[02:11:50 INF] 【直播间】7184632 的第 4 个心跳包发送成功
[02:11:51 INF] 【直播间】23447660 的第 4 个心跳包发送成功
[02:11:52 INF] 【直播间】929670 的第 4 个心跳包发送成功
[02:11:54 INF] 【直播间】11732699 的第 4 个心跳包发送成功
[02:11:55 INF] 【直播间】91164 的第 4 个心跳包发送成功
[02:11:56 INF] 【直播间】22764265 的第 4 个心跳包发送成功
[02:12:49 INF] 【直播间】23357926 的第 5 个心跳包发送成功
[02:12:50 INF] 【直播间】23040372 的第 5 个心跳包发送成功
[02:12:52 INF] 【直播间】31494 的第 5 个心跳包发送成功
[02:12:53 INF] 【直播间】4015781 的第 5 个心跳包发送成功
[02:12:54 INF] 【直播间】9619073 的第 5 个心跳包发送成功
[02:12:55 INF] 【直播间】407149 的第 5 个心跳包发送成功
[02:12:57 INF] 【直播间】7184632 的第 5 个心跳包发送成功
[02:12:58 INF] 【直播间】23447660 的第 5 个心跳包发送成功
[02:12:59 INF] 【直播间】929670 的第 5 个心跳包发送成功
[02:13:00 INF] 【直播间】11732699 的第 5 个心跳包发送成功
[02:13:02 INF] 【直播间】91164 的第 5 个心跳包发送成功
[02:13:03 INF] 【直播间】22764265 的第 5 个心跳包发送成功
[02:13:56 INF] 【直播间】23357926 的第 6 个心跳包发送成功
[02:13:57 INF] 【直播间】23040372 的第 6 个心跳包发送成功
[02:13:58 INF] 【直播间】31494 的第 6 个心跳包发送成功
[02:13:59 INF] 【直播间】4015781 的第 6 个心跳包发送成功
[02:14:01 INF] 【直播间】9619073 的第 6 个心跳包发送成功
[02:14:02 INF] 【直播间】407149 的第 6 个心跳包发送成功
[02:14:03 INF] 【直播间】7184632 的第 6 个心跳包发送成功
[02:14:05 INF] 【直播间】23447660 的第 6 个心跳包发送成功
[02:14:06 INF] 【直播间】929670 的第 6 个心跳包发送成功
[02:14:07 INF] 【直播间】11732699 的第 6 个心跳包发送成功
[02:14:08 INF] 【直播间】91164 的第 6 个心跳包发送成功
[02:14:10 INF] 【直播间】22764265 的第 6 个心跳包发送成功
[02:15:02 INF] 【直播间】23357926 的第 7 个心跳包发送成功
[02:15:04 INF] 【直播间】23040372 的第 7 个心跳包发送成功
[02:15:05 INF] 【直播间】31494 的第 7 个心跳包发送成功
[02:15:06 INF] 【直播间】4015781 的第 7 个心跳包发送成功
[02:15:07 INF] 【直播间】9619073 的第 7 个心跳包发送成功
[02:15:08 INF] 【直播间】407149 的第 7 个心跳包发送成功
[02:15:10 INF] 【直播间】7184632 的第 7 个心跳包发送成功
[02:15:11 INF] 【直播间】23447660 的第 7 个心跳包发送成功
[02:15:12 INF] 【直播间】929670 的第 7 个心跳包发送成功
[02:15:14 INF] 【直播间】11732699 的第 7 个心跳包发送成功
[02:15:15 INF] 【直播间】91164 的第 7 个心跳包发送成功
[02:15:16 INF] 【直播间】22764265 的第 7 个心跳包发送成功
[02:16:09 INF] 【直播间】23357926 的第 8 个心跳包发送成功
[02:16:10 INF] 【直播间】23040372 的第 8 个心跳包发送成功
[02:16:11 INF] 【直播间】31494 的第 8 个心跳包发送成功
[02:16:12 INF] 【直播间】4015781 的第 8 个心跳包发送成功
[02:16:14 INF] 【直播间】9619073 的第 8 个心跳包发送成功
[02:16:15 INF] 【直播间】407149 的第 8 个心跳包发送成功
[02:16:16 INF] 【直播间】7184632 的第 8 个心跳包发送成功
[02:16:17 INF] 【直播间】23447660 的第 8 个心跳包发送成功
[02:16:19 INF] 【直播间】929670 的第 8 个心跳包发送成功
[02:16:20 INF] 【直播间】11732699 的第 8 个心跳包发送成功
[02:16:22 INF] 【直播间】91164 的第 8 个心跳包发送成功
[02:16:23 INF] 【直播间】22764265 的第 8 个心跳包发送成功
[02:17:15 INF] 【直播间】23357926 的第 9 个心跳包发送成功
[02:17:16 INF] 【直播间】23040372 的第 9 个心跳包发送成功
[02:17:18 INF] 【直播间】31494 的第 9 个心跳包发送成功
[02:17:19 INF] 【直播间】4015781 的第 9 个心跳包发送成功
[02:17:20 INF] 【直播间】9619073 的第 9 个心跳包发送成功
[02:17:22 INF] 【直播间】407149 的第 9 个心跳包发送成功
[02:17:23 INF] 【直播间】7184632 的第 9 个心跳包发送成功
[02:17:24 INF] 【直播间】23447660 的第 9 个心跳包发送成功
[02:17:25 INF] 【直播间】929670 的第 9 个心跳包发送成功
[02:17:27 INF] 【直播间】11732699 的第 9 个心跳包发送成功
[02:17:28 INF] 【直播间】91164 的第 9 个心跳包发送成功
[02:17:29 INF] 【直播间】22764265 的第 9 个心跳包发送成功
[02:18:22 INF] 【直播间】23357926 的第 10 个心跳包发送成功
[02:18:23 INF] 【直播间】23040372 的第 10 个心跳包发送成功
[02:18:24 INF] 【直播间】31494 的第 10 个心跳包发送成功
[02:18:26 INF] 【直播间】4015781 的第 10 个心跳包发送成功
[02:18:27 INF] 【直播间】9619073 的第 10 个心跳包发送成功
[02:18:28 INF] 【直播间】407149 的第 10 个心跳包发送成功
[02:18:29 INF] 【直播间】7184632 的第 10 个心跳包发送成功
[02:18:31 INF] 【直播间】23447660 的第 10 个心跳包发送成功
[02:18:32 INF] 【直播间】929670 的第 10 个心跳包发送成功
[02:18:33 INF] 【直播间】11732699 的第 10 个心跳包发送成功
[02:18:35 INF] 【直播间】91164 的第 10 个心跳包发送成功
[02:18:36 INF] 【直播间】22764265 的第 10 个心跳包发送成功
[02:19:28 INF] 【直播间】23357926 的第 11 个心跳包发送成功
[02:19:30 INF] 【直播间】23040372 的第 11 个心跳包发送成功
[02:19:31 INF] 【直播间】31494 的第 11 个心跳包发送成功
[02:19:32 INF] 【直播间】4015781 的第 11 个心跳包发送成功
[02:19:33 INF] 【直播间】9619073 的第 11 个心跳包发送成功
[02:19:35 INF] 【直播间】407149 的第 11 个心跳包发送成功
[02:19:36 INF] 【直播间】7184632 的第 11 个心跳包发送成功
[02:19:37 INF] 【直播间】23447660 的第 11 个心跳包发送成功
[02:19:38 INF] 【直播间】929670 的第 11 个心跳包发送成功
[02:19:40 INF] 【直播间】11732699 的第 11 个心跳包发送成功
[02:19:41 INF] 【直播间】91164 的第 11 个心跳包发送成功
[02:19:42 INF] 【直播间】22764265 的第 11 个心跳包发送成功
[02:20:35 INF] 【直播间】23357926 的第 12 个心跳包发送成功
[02:20:37 INF] 【直播间】23040372 的第 12 个心跳包发送成功
[02:20:38 INF] 【直播间】31494 的第 12 个心跳包发送成功
[02:20:39 INF] 【直播间】4015781 的第 12 个心跳包发送成功
[02:20:41 INF] 【直播间】9619073 的第 12 个心跳包发送成功
[02:20:42 INF] 【直播间】407149 的第 12 个心跳包发送成功
[02:20:43 INF] 【直播间】7184632 的第 12 个心跳包发送成功
[02:20:44 INF] 【直播间】23447660 的第 12 个心跳包发送成功
[02:20:46 INF] 【直播间】929670 的第 12 个心跳包发送成功
[02:20:47 INF] 【直播间】11732699 的第 12 个心跳包发送成功
[02:20:48 INF] 【直播间】91164 的第 12 个心跳包发送成功
[02:20:49 INF] 【直播间】22764265 的第 12 个心跳包发送成功
[02:21:42 INF] 【直播间】23357926 的第 13 个心跳包发送成功
[02:21:43 INF] 【直播间】23040372 的第 13 个心跳包发送成功
[02:21:44 INF] 【直播间】31494 的第 13 个心跳包发送成功
[02:21:46 INF] 【直播间】4015781 的第 13 个心跳包发送成功
[02:21:47 INF] 【直播间】9619073 的第 13 个心跳包发送成功
[02:21:48 INF] 【直播间】407149 的第 13 个心跳包发送成功
[02:21:49 INF] 【直播间】7184632 的第 13 个心跳包发送成功
[02:21:51 INF] 【直播间】23447660 的第 13 个心跳包发送成功
[02:21:52 INF] 【直播间】929670 的第 13 个心跳包发送成功
[02:21:53 INF] 【直播间】11732699 的第 13 个心跳包发送成功
[02:21:55 INF] 【直播间】91164 的第 13 个心跳包发送成功
[02:21:56 INF] 【直播间】22764265 的第 13 个心跳包发送成功
[02:22:48 INF] 【直播间】23357926 的第 14 个心跳包发送成功
[02:22:50 INF] 【直播间】23040372 的第 14 个心跳包发送成功
[02:22:51 INF] 【直播间】31494 的第 14 个心跳包发送成功
[02:22:52 INF] 【直播间】4015781 的第 14 个心跳包发送成功
[02:22:53 INF] 【直播间】9619073 的第 14 个心跳包发送成功
[02:22:55 INF] 【直播间】407149 的第 14 个心跳包发送成功
[02:22:56 INF] 【直播间】7184632 的第 14 个心跳包发送成功
[02:22:57 INF] 【直播间】23447660 的第 14 个心跳包发送成功
[02:22:58 INF] 【直播间】929670 的第 14 个心跳包发送成功
[02:23:00 INF] 【直播间】11732699 的第 14 个心跳包发送成功
[02:23:01 INF] 【直播间】91164 的第 14 个心跳包发送成功
[02:23:02 INF] 【直播间】22764265 的第 14 个心跳包发送成功
[02:23:55 ERR] 【心跳包】直播间 23357926 发送失败
[02:23:55 ERR] 【原因】time check failed
[02:23:56 ERR] 【心跳包】直播间 23040372 发送失败
[02:23:56 ERR] 【原因】time check failed
[02:23:57 ERR] 【心跳包】直播间 31494 发送失败
[02:23:57 ERR] 【原因】time check failed
[02:23:59 ERR] 【心跳包】直播间 4015781 发送失败
[02:23:59 ERR] 【原因】time check failed
[02:24:00 ERR] 【心跳包】直播间 9619073 发送失败
[02:24:00 ERR] 【原因】time check failed
[02:24:01 ERR] 【心跳包】直播间 407149 发送失败
[02:24:01 ERR] 【原因】time check failed
[02:24:02 ERR] 【心跳包】直播间 7184632 发送失败
[02:24:02 ERR] 【原因】time check failed
[02:24:04 ERR] 【心跳包】直播间 23447660 发送失败
[02:24:04 ERR] 【原因】time check failed
[02:24:05 ERR] 【心跳包】直播间 929670 发送失败
[02:24:05 ERR] 【原因】time check failed
[02:24:06 ERR] 【心跳包】直播间 11732699 发送失败
[02:24:06 ERR] 【原因】time check failed
[02:24:07 ERR] 【心跳包】直播间 91164 发送失败
[02:24:07 ERR] 【原因】time check failed
[02:24:09 ERR] 【心跳包】直播间 22764265 发送失败
[02:24:09 ERR] 【原因】time check failed
[02:25:01 INF] 【直播间】23357926 的第 15 个心跳包发送成功
[02:25:03 INF] 【直播间】23040372 的第 15 个心跳包发送成功
[02:25:04 INF] 【直播间】31494 的第 15 个心跳包发送成功
[02:25:05 INF] 【直播间】4015781 的第 15 个心跳包发送成功
[02:25:07 INF] 【直播间】9619073 的第 15 个心跳包发送成功
[02:25:08 INF] 【直播间】407149 的第 15 个心跳包发送成功
[02:25:09 INF] 【直播间】7184632 的第 15 个心跳包发送成功
[02:25:11 INF] 【直播间】23447660 的第 15 个心跳包发送成功
[02:25:12 INF] 【直播间】929670 的第 15 个心跳包发送成功
[02:25:13 INF] 【直播间】11732699 的第 15 个心跳包发送成功
[02:25:14 INF] 【直播间】91164 的第 15 个心跳包发送成功
[02:25:16 INF] 【直播间】22764265 的第 15 个心跳包发送成功
[02:26:08 INF] 【直播间】23357926 的第 16 个心跳包发送成功
[02:26:09 INF] 【直播间】23040372 的第 16 个心跳包发送成功
[02:26:11 INF] 【直播间】31494 的第 16 个心跳包发送成功
[02:26:12 INF] 【直播间】4015781 的第 16 个心跳包发送成功
[02:26:14 INF] 【直播间】9619073 的第 16 个心跳包发送成功
[02:26:15 INF] 【直播间】407149 的第 16 个心跳包发送成功
[02:26:16 INF] 【直播间】7184632 的第 16 个心跳包发送成功
[02:26:18 INF] 【直播间】23447660 的第 16 个心跳包发送成功
[02:26:19 INF] 【直播间】929670 的第 16 个心跳包发送成功
[02:26:20 INF] 【直播间】11732699 的第 16 个心跳包发送成功
[02:26:21 INF] 【直播间】91164 的第 16 个心跳包发送成功
[02:26:23 INF] 【直播间】22764265 的第 16 个心跳包发送成功
[02:27:15 INF] 【直播间】23357926 的第 17 个心跳包发送成功
[02:27:16 INF] 【直播间】23040372 的第 17 个心跳包发送成功
[02:27:17 INF] 【直播间】31494 的第 17 个心跳包发送成功
[02:27:18 INF] 【直播间】4015781 的第 17 个心跳包发送成功
[02:27:20 INF] 【直播间】9619073 的第 17 个心跳包发送成功
[02:27:21 INF] 【直播间】407149 的第 17 个心跳包发送成功
[02:27:23 INF] 【直播间】7184632 的第 17 个心跳包发送成功
[02:27:24 INF] 【直播间】23447660 的第 17 个心跳包发送成功
[02:27:25 INF] 【直播间】929670 的第 17 个心跳包发送成功
[02:27:26 INF] 【直播间】11732699 的第 17 个心跳包发送成功
[02:27:28 INF] 【直播间】91164 的第 17 个心跳包发送成功
[02:27:29 INF] 【直播间】22764265 的第 17 个心跳包发送成功
[02:28:21 INF] 【直播间】23357926 的第 18 个心跳包发送成功
[02:28:22 INF] 【直播间】23040372 的第 18 个心跳包发送成功
[02:28:24 INF] 【直播间】31494 的第 18 个心跳包发送成功
[02:28:25 INF] 【直播间】4015781 的第 18 个心跳包发送成功
[02:28:26 INF] 【直播间】9619073 的第 18 个心跳包发送成功
[02:28:28 INF] 【直播间】407149 的第 18 个心跳包发送成功
[02:28:29 INF] 【直播间】7184632 的第 18 个心跳包发送成功
[02:28:30 INF] 【直播间】23447660 的第 18 个心跳包发送成功
[02:28:32 INF] 【直播间】929670 的第 18 个心跳包发送成功
[02:28:33 INF] 【直播间】11732699 的第 18 个心跳包发送成功
[02:28:34 INF] 【直播间】91164 的第 18 个心跳包发送成功
[02:28:36 INF] 【直播间】22764265 的第 18 个心跳包发送成功
[02:29:28 INF] 【直播间】23357926 的第 19 个心跳包发送成功
[02:29:29 INF] 【直播间】23040372 的第 19 个心跳包发送成功
[02:29:30 INF] 【直播间】31494 的第 19 个心跳包发送成功
[02:29:32 INF] 【直播间】4015781 的第 19 个心跳包发送成功
[02:29:33 INF] 【直播间】9619073 的第 19 个心跳包发送成功
[02:29:34 INF] 【直播间】407149 的第 19 个心跳包发送成功
[02:29:36 INF] 【直播间】7184632 的第 19 个心跳包发送成功
[02:29:37 INF] 【直播间】23447660 的第 19 个心跳包发送成功
[02:29:38 INF] 【直播间】929670 的第 19 个心跳包发送成功
[02:29:39 INF] 【直播间】11732699 的第 19 个心跳包发送成功
[02:29:41 INF] 【直播间】91164 的第 19 个心跳包发送成功
[02:29:42 INF] 【直播间】22764265 的第 19 个心跳包发送成功
[02:30:34 INF] 【直播间】23357926 的第 20 个心跳包发送成功
[02:30:36 INF] 【直播间】23040372 的第 20 个心跳包发送成功
[02:30:37 INF] 【直播间】31494 的第 20 个心跳包发送成功
[02:30:38 INF] 【直播间】4015781 的第 20 个心跳包发送成功
[02:30:39 INF] 【直播间】9619073 的第 20 个心跳包发送成功
[02:30:41 INF] 【直播间】407149 的第 20 个心跳包发送成功
[02:30:42 INF] 【直播间】7184632 的第 20 个心跳包发送成功
[02:30:43 INF] 【直播间】23447660 的第 20 个心跳包发送成功
[02:30:45 INF] 【直播间】929670 的第 20 个心跳包发送成功
[02:30:46 INF] 【直播间】11732699 的第 20 个心跳包发送成功
[02:30:47 INF] 【直播间】91164 的第 20 个心跳包发送成功
[02:30:48 INF] 【直播间】22764265 的第 20 个心跳包发送成功
[02:31:41 INF] 【直播间】23357926 的第 21 个心跳包发送成功
[02:31:42 INF] 【直播间】23040372 的第 21 个心跳包发送成功
[02:31:43 INF] 【直播间】31494 的第 21 个心跳包发送成功
[02:31:45 INF] 【直播间】4015781 的第 21 个心跳包发送成功
[02:31:46 INF] 【直播间】9619073 的第 21 个心跳包发送成功
[02:31:47 INF] 【直播间】407149 的第 21 个心跳包发送成功
[02:31:48 INF] 【直播间】7184632 的第 21 个心跳包发送成功
[02:31:50 INF] 【直播间】23447660 的第 21 个心跳包发送成功
[02:31:51 INF] 【直播间】929670 的第 21 个心跳包发送成功
[02:31:52 INF] 【直播间】11732699 的第 21 个心跳包发送成功
[02:31:54 INF] 【直播间】91164 的第 21 个心跳包发送成功
[02:31:55 INF] 【直播间】22764265 的第 21 个心跳包发送成功
[02:32:47 INF] 【直播间】23357926 的第 22 个心跳包发送成功
[02:32:49 INF] 【直播间】23040372 的第 22 个心跳包发送成功
[02:32:50 INF] 【直播间】31494 的第 22 个心跳包发送成功
[02:32:51 INF] 【直播间】4015781 的第 22 个心跳包发送成功
[02:32:53 INF] 【直播间】9619073 的第 22 个心跳包发送成功
[02:32:54 INF] 【直播间】407149 的第 22 个心跳包发送成功
[02:32:55 INF] 【直播间】7184632 的第 22 个心跳包发送成功
[02:32:56 INF] 【直播间】23447660 的第 22 个心跳包发送成功
[02:32:58 INF] 【直播间】929670 的第 22 个心跳包发送成功
[02:32:59 INF] 【直播间】11732699 的第 22 个心跳包发送成功
[02:33:00 INF] 【直播间】91164 的第 22 个心跳包发送成功
[02:33:01 INF] 【直播间】22764265 的第 22 个心跳包发送成功
[02:33:54 INF] 【直播间】23357926 的第 23 个心跳包发送成功
[02:33:55 INF] 【直播间】23040372 的第 23 个心跳包发送成功
[02:33:57 INF] 【直播间】31494 的第 23 个心跳包发送成功
[02:33:58 INF] 【直播间】4015781 的第 23 个心跳包发送成功
[02:33:59 INF] 【直播间】9619073 的第 23 个心跳包发送成功
[02:34:00 INF] 【直播间】407149 的第 23 个心跳包发送成功
[02:34:02 INF] 【直播间】7184632 的第 23 个心跳包发送成功
[02:34:03 INF] 【直播间】23447660 的第 23 个心跳包发送成功
[02:34:04 INF] 【直播间】929670 的第 23 个心跳包发送成功
[02:34:05 INF] 【直播间】11732699 的第 23 个心跳包发送成功
[02:34:07 INF] 【直播间】91164 的第 23 个心跳包发送成功
[02:34:08 INF] 【直播间】22764265 的第 23 个心跳包发送成功
[02:35:01 INF] 【直播间】23357926 的第 24 个心跳包发送成功
[02:35:02 INF] 【直播间】23040372 的第 24 个心跳包发送成功
[02:35:03 INF] 【直播间】31494 的第 24 个心跳包发送成功
[02:35:05 INF] 【直播间】4015781 的第 24 个心跳包发送成功
[02:35:06 INF] 【直播间】9619073 的第 24 个心跳包发送成功
[02:35:07 INF] 【直播间】407149 的第 24 个心跳包发送成功
[02:35:09 INF] 【直播间】7184632 的第 24 个心跳包发送成功
[02:35:10 INF] 【直播间】23447660 的第 24 个心跳包发送成功
[02:35:11 INF] 【直播间】929670 的第 24 个心跳包发送成功
[02:35:12 INF] 【直播间】11732699 的第 24 个心跳包发送成功
[02:35:14 INF] 【直播间】91164 的第 24 个心跳包发送成功
[02:35:15 INF] 【直播间】22764265 的第 24 个心跳包发送成功
[02:36:08 INF] 【直播间】23357926 的第 25 个心跳包发送成功
[02:36:09 INF] 【直播间】23040372 的第 25 个心跳包发送成功
[02:36:10 INF] 【直播间】31494 的第 25 个心跳包发送成功
[02:36:11 INF] 【直播间】4015781 的第 25 个心跳包发送成功
[02:36:13 INF] 【直播间】9619073 的第 25 个心跳包发送成功
[02:36:14 INF] 【直播间】407149 的第 25 个心跳包发送成功
[02:36:15 INF] 【直播间】7184632 的第 25 个心跳包发送成功
[02:36:17 INF] 【直播间】23447660 的第 25 个心跳包发送成功
[02:36:18 INF] 【直播间】929670 的第 25 个心跳包发送成功
[02:36:19 INF] 【直播间】11732699 的第 25 个心跳包发送成功
[02:36:20 INF] 【直播间】91164 的第 25 个心跳包发送成功
[02:36:22 INF] 【直播间】22764265 的第 25 个心跳包发送成功
[02:37:14 INF] 【直播间】23357926 的第 26 个心跳包发送成功
[02:37:16 INF] 【直播间】23040372 的第 26 个心跳包发送成功
[02:37:17 INF] 【直播间】31494 的第 26 个心跳包发送成功
[02:37:18 INF] 【直播间】4015781 的第 26 个心跳包发送成功
[02:37:19 INF] 【直播间】9619073 的第 26 个心跳包发送成功
[02:37:21 INF] 【直播间】407149 的第 26 个心跳包发送成功
[02:37:22 INF] 【直播间】7184632 的第 26 个心跳包发送成功
[02:37:23 INF] 【直播间】23447660 的第 26 个心跳包发送成功
[02:37:24 INF] 【直播间】929670 的第 26 个心跳包发送成功
[02:37:26 INF] 【直播间】11732699 的第 26 个心跳包发送成功
[02:37:27 INF] 【直播间】91164 的第 26 个心跳包发送成功
[02:37:28 INF] 【直播间】22764265 的第 26 个心跳包发送成功
[02:38:21 INF] 【直播间】23357926 的第 27 个心跳包发送成功
[02:38:22 INF] 【直播间】23040372 的第 27 个心跳包发送成功
[02:38:23 INF] 【直播间】31494 的第 27 个心跳包发送成功
[02:38:25 INF] 【直播间】4015781 的第 27 个心跳包发送成功
[02:38:26 INF] 【直播间】9619073 的第 27 个心跳包发送成功
[02:38:27 INF] 【直播间】407149 的第 27 个心跳包发送成功
[02:38:28 INF] 【直播间】7184632 的第 27 个心跳包发送成功
[02:38:30 INF] 【直播间】23447660 的第 27 个心跳包发送成功
[02:38:31 INF] 【直播间】929670 的第 27 个心跳包发送成功
[02:38:32 INF] 【直播间】11732699 的第 27 个心跳包发送成功
[02:38:33 INF] 【直播间】91164 的第 27 个心跳包发送成功
[02:38:35 INF] 【直播间】22764265 的第 27 个心跳包发送成功
[02:39:28 ERR] 【心跳包】直播间 23357926 发送失败
[02:39:28 ERR] 【原因】time check failed
[02:39:29 ERR] 【心跳包】直播间 23040372 发送失败
[02:39:29 ERR] 【原因】time check failed
[02:39:30 ERR] 【心跳包】直播间 31494 发送失败
[02:39:30 ERR] 【原因】time check failed
[02:39:31 ERR] 【心跳包】直播间 4015781 发送失败
[02:39:31 ERR] 【原因】time check failed
[02:39:33 ERR] 【心跳包】直播间 9619073 发送失败
[02:39:33 ERR] 【原因】time check failed
[02:39:34 ERR] 【心跳包】直播间 407149 发送失败
[02:39:34 ERR] 【原因】time check failed
[02:39:35 ERR] 【心跳包】直播间 7184632 发送失败
[02:39:35 ERR] 【原因】time check failed
[02:39:36 ERR] 【心跳包】直播间 23447660 发送失败
[02:39:36 ERR] 【原因】time check failed
[02:39:38 ERR] 【心跳包】直播间 929670 发送失败
[02:39:38 ERR] 【原因】time check failed
[02:39:39 ERR] 【心跳包】直播间 11732699 发送失败
[02:39:39 ERR] 【原因】time check failed
[02:39:40 ERR] 【心跳包】直播间 91164 发送失败
[02:39:40 ERR] 【原因】time check failed
[02:39:42 ERR] 【心跳包】直播间 22764265 发送失败
[02:39:42 ERR] 【原因】time check failed
[02:40:34 INF] 【直播间】23357926 的第 28 个心跳包发送成功
[02:40:35 INF] 【直播间】23040372 的第 28 个心跳包发送成功
[02:40:37 INF] 【直播间】31494 的第 28 个心跳包发送成功
[02:40:38 INF] 【直播间】4015781 的第 28 个心跳包发送成功
[02:40:39 INF] 【直播间】9619073 的第 28 个心跳包发送成功
[02:40:41 INF] 【直播间】407149 的第 28 个心跳包发送成功
[02:40:42 INF] 【直播间】7184632 的第 28 个心跳包发送成功
[02:40:43 INF] 【直播间】23447660 的第 28 个心跳包发送成功
[02:40:44 INF] 【直播间】929670 的第 28 个心跳包发送成功
[02:40:46 INF] 【直播间】11732699 的第 28 个心跳包发送成功
[02:40:47 INF] 【直播间】91164 的第 28 个心跳包发送成功
[02:40:48 INF] 【直播间】22764265 的第 28 个心跳包发送成功
[02:41:41 INF] 【直播间】23357926 的第 29 个心跳包发送成功
[02:41:42 INF] 【直播间】23040372 的第 29 个心跳包发送成功
[02:41:43 INF] 【直播间】31494 的第 29 个心跳包发送成功
[02:41:44 INF] 【直播间】4015781 的第 29 个心跳包发送成功
[02:41:46 INF] 【直播间】9619073 的第 29 个心跳包发送成功
[02:41:47 INF] 【直播间】407149 的第 29 个心跳包发送成功
[02:41:48 INF] 【直播间】7184632 的第 29 个心跳包发送成功
[02:41:49 INF] 【直播间】23447660 的第 29 个心跳包发送成功
[02:41:51 INF] 【直播间】929670 的第 29 个心跳包发送成功
[02:41:52 INF] 【直播间】11732699 的第 29 个心跳包发送成功
[02:41:53 INF] 【直播间】91164 的第 29 个心跳包发送成功
[02:41:54 INF] 【直播间】22764265 的第 29 个心跳包发送成功
[02:42:47 INF] 【直播间】23357926 的第 30 个心跳包发送成功
[02:42:49 INF] 【直播间】23040372 的第 30 个心跳包发送成功
[02:42:50 INF] 【直播间】31494 的第 30 个心跳包发送成功
[02:42:51 INF] 【直播间】4015781 的第 30 个心跳包发送成功
[02:42:53 INF] 【直播间】9619073 的第 30 个心跳包发送成功
[02:42:54 INF] 【直播间】407149 的第 30 个心跳包发送成功
[02:42:55 INF] 【直播间】7184632 的第 30 个心跳包发送成功
[02:42:56 INF] 【直播间】23447660 的第 30 个心跳包发送成功
[02:42:58 INF] 【直播间】929670 的第 30 个心跳包发送成功
[02:42:59 INF] 【直播间】11732699 的第 30 个心跳包发送成功
[02:43:00 INF] 【直播间】91164 的第 30 个心跳包发送成功
[02:43:01 INF] 【直播间】22764265 的第 30 个心跳包发送成功
[02:43:54 INF] 【直播间】23357926 的第 31 个心跳包发送成功
[02:43:55 INF] 【直播间】23040372 的第 31 个心跳包发送成功
[02:43:56 INF] 【直播间】31494 的第 31 个心跳包发送成功
[02:43:58 INF] 【直播间】4015781 的第 31 个心跳包发送成功
[02:43:59 INF] 【直播间】9619073 的第 31 个心跳包发送成功
[02:44:00 INF] 【直播间】407149 的第 31 个心跳包发送成功
[02:44:02 INF] 【直播间】7184632 的第 31 个心跳包发送成功
[02:44:03 INF] 【直播间】23447660 的第 31 个心跳包发送成功
[02:44:04 INF] 【直播间】929670 的第 31 个心跳包发送成功
[02:44:05 INF] 【直播间】11732699 的第 31 个心跳包发送成功
[02:44:06 INF] 【直播间】91164 的第 31 个心跳包发送成功
[02:44:08 INF] 【直播间】22764265 的第 31 个心跳包发送成功
[02:45:00 INF] 【直播间】23357926 的第 32 个心跳包发送成功
[02:45:02 INF] 【直播间】23040372 的第 32 个心跳包发送成功
[02:45:03 INF] 【直播间】31494 的第 32 个心跳包发送成功
[02:45:04 INF] 【直播间】4015781 的第 32 个心跳包发送成功
[02:45:05 INF] 【直播间】9619073 的第 32 个心跳包发送成功
[02:45:07 INF] 【直播间】407149 的第 32 个心跳包发送成功
[02:45:08 INF] 【直播间】7184632 的第 32 个心跳包发送成功
[02:45:09 INF] 【直播间】23447660 的第 32 个心跳包发送成功
[02:45:11 INF] 【直播间】929670 的第 32 个心跳包发送成功
[02:45:12 INF] 【直播间】11732699 的第 32 个心跳包发送成功
[02:45:13 INF] 【直播间】91164 的第 32 个心跳包发送成功
[02:45:14 INF] 【直播间】22764265 的第 32 个心跳包发送成功
[02:46:07 INF] 【直播间】23357926 的第 33 个心跳包发送成功
[02:46:08 INF] 【直播间】23040372 的第 33 个心跳包发送成功
[02:46:10 INF] 【直播间】31494 的第 33 个心跳包发送成功
[02:46:11 INF] 【直播间】4015781 的第 33 个心跳包发送成功
[02:46:12 INF] 【直播间】9619073 的第 33 个心跳包发送成功
[02:46:13 INF] 【直播间】407149 的第 33 个心跳包发送成功
[02:46:15 INF] 【直播间】7184632 的第 33 个心跳包发送成功
[02:46:16 INF] 【直播间】23447660 的第 33 个心跳包发送成功
[02:46:17 INF] 【直播间】929670 的第 33 个心跳包发送成功
[02:46:18 INF] 【直播间】11732699 的第 33 个心跳包发送成功
[02:46:20 INF] 【直播间】91164 的第 33 个心跳包发送成功
[02:46:21 INF] 【直播间】22764265 的第 33 个心跳包发送成功
[02:47:13 INF] 【直播间】23357926 的第 34 个心跳包发送成功
[02:47:15 INF] 【直播间】23040372 的第 34 个心跳包发送成功
[02:47:16 INF] 【直播间】31494 的第 34 个心跳包发送成功
[02:47:17 INF] 【直播间】4015781 的第 34 个心跳包发送成功
[02:47:18 INF] 【直播间】9619073 的第 34 个心跳包发送成功
[02:47:20 INF] 【直播间】407149 的第 34 个心跳包发送成功
[02:47:21 INF] 【直播间】7184632 的第 34 个心跳包发送成功
[02:47:22 INF] 【直播间】23447660 的第 34 个心跳包发送成功
[02:47:23 INF] 【直播间】929670 的第 34 个心跳包发送成功
[02:47:25 INF] 【直播间】11732699 的第 34 个心跳包发送成功
[02:47:26 INF] 【直播间】91164 的第 34 个心跳包发送成功
[02:47:27 INF] 【直播间】22764265 的第 34 个心跳包发送成功
[02:48:20 INF] 【直播间】23357926 的第 35 个心跳包发送成功
[02:48:22 INF] 【直播间】23040372 的第 35 个心跳包发送成功
[02:48:23 INF] 【直播间】31494 的第 35 个心跳包发送成功
[02:48:24 INF] 【直播间】4015781 的第 35 个心跳包发送成功
[02:48:25 INF] 【直播间】9619073 的第 35 个心跳包发送成功
[02:48:27 INF] 【直播间】407149 的第 35 个心跳包发送成功
[02:48:28 INF] 【直播间】7184632 的第 35 个心跳包发送成功
[02:48:29 INF] 【直播间】23447660 的第 35 个心跳包发送成功
[02:48:30 INF] 【直播间】929670 的第 35 个心跳包发送成功
[02:48:32 INF] 【直播间】11732699 的第 35 个心跳包发送成功
[02:48:33 INF] 【直播间】91164 的第 35 个心跳包发送成功
[02:48:34 INF] 【直播间】22764265 的第 35 个心跳包发送成功
[02:49:27 INF] 【直播间】23357926 的第 36 个心跳包发送成功
[02:49:28 INF] 【直播间】23040372 的第 36 个心跳包发送成功
[02:49:29 INF] 【直播间】31494 的第 36 个心跳包发送成功
[02:49:31 INF] 【直播间】4015781 的第 36 个心跳包发送成功
[02:49:32 INF] 【直播间】9619073 的第 36 个心跳包发送成功
[02:49:33 INF] 【直播间】407149 的第 36 个心跳包发送成功
[02:49:34 INF] 【直播间】7184632 的第 36 个心跳包发送成功
[02:49:36 INF] 【直播间】23447660 的第 36 个心跳包发送成功
[02:49:37 INF] 【直播间】929670 的第 36 个心跳包发送成功
[02:49:38 INF] 【直播间】11732699 的第 36 个心跳包发送成功
[02:49:39 INF] 【直播间】91164 的第 36 个心跳包发送成功
[02:49:41 INF] 【直播间】22764265 的第 36 个心跳包发送成功
[02:50:33 INF] 【直播间】23357926 的第 37 个心跳包发送成功
[02:50:35 INF] 【直播间】23040372 的第 37 个心跳包发送成功
[02:50:36 INF] 【直播间】31494 的第 37 个心跳包发送成功
[02:50:37 INF] 【直播间】4015781 的第 37 个心跳包发送成功
[02:50:38 INF] 【直播间】9619073 的第 37 个心跳包发送成功
[02:50:40 INF] 【直播间】407149 的第 37 个心跳包发送成功
[02:50:41 INF] 【直播间】7184632 的第 37 个心跳包发送成功
[02:50:42 INF] 【直播间】23447660 的第 37 个心跳包发送成功
[02:50:43 INF] 【直播间】929670 的第 37 个心跳包发送成功
[02:50:45 INF] 【直播间】11732699 的第 37 个心跳包发送成功
[02:50:46 INF] 【直播间】91164 的第 37 个心跳包发送成功
[02:50:47 INF] 【直播间】22764265 的第 37 个心跳包发送成功
[02:51:40 INF] 【直播间】23357926 的第 38 个心跳包发送成功
[02:51:41 INF] 【直播间】23040372 的第 38 个心跳包发送成功
[02:51:42 INF] 【直播间】31494 的第 38 个心跳包发送成功
[02:51:43 INF] 【直播间】4015781 的第 38 个心跳包发送成功
[02:51:45 INF] 【直播间】9619073 的第 38 个心跳包发送成功
[02:51:46 INF] 【直播间】407149 的第 38 个心跳包发送成功
[02:51:47 INF] 【直播间】7184632 的第 38 个心跳包发送成功
[02:51:48 INF] 【直播间】23447660 的第 38 个心跳包发送成功
[02:51:50 INF] 【直播间】929670 的第 38 个心跳包发送成功
[02:51:51 INF] 【直播间】11732699 的第 38 个心跳包发送成功
[02:51:52 INF] 【直播间】91164 的第 38 个心跳包发送成功
[02:51:54 INF] 【直播间】22764265 的第 38 个心跳包发送成功
[02:52:46 INF] 【直播间】23357926 的第 39 个心跳包发送成功
[02:52:48 INF] 【直播间】23040372 的第 39 个心跳包发送成功
[02:52:49 INF] 【直播间】31494 的第 39 个心跳包发送成功
[02:52:50 INF] 【直播间】4015781 的第 39 个心跳包发送成功
[02:52:51 INF] 【直播间】9619073 的第 39 个心跳包发送成功
[02:52:53 INF] 【直播间】407149 的第 39 个心跳包发送成功
[02:52:54 INF] 【直播间】7184632 的第 39 个心跳包发送成功
[02:52:55 INF] 【直播间】23447660 的第 39 个心跳包发送成功
[02:52:56 INF] 【直播间】929670 的第 39 个心跳包发送成功
[02:52:58 INF] 【直播间】11732699 的第 39 个心跳包发送成功
[02:52:59 INF] 【直播间】91164 的第 39 个心跳包发送成功
[02:53:00 INF] 【直播间】22764265 的第 39 个心跳包发送成功
[02:53:53 INF] 【直播间】23357926 的第 40 个心跳包发送成功
[02:53:54 INF] 【直播间】23040372 的第 40 个心跳包发送成功
[02:53:56 INF] 【直播间】31494 的第 40 个心跳包发送成功
[02:53:57 INF] 【直播间】4015781 的第 40 个心跳包发送成功
[02:53:58 INF] 【直播间】9619073 的第 40 个心跳包发送成功
[02:53:59 INF] 【直播间】407149 的第 40 个心跳包发送成功
[02:54:01 INF] 【直播间】7184632 的第 40 个心跳包发送成功
[02:54:02 INF] 【直播间】23447660 的第 40 个心跳包发送成功
[02:54:03 INF] 【直播间】929670 的第 40 个心跳包发送成功
[02:54:04 INF] 【直播间】11732699 的第 40 个心跳包发送成功
[02:54:06 INF] 【直播间】91164 的第 40 个心跳包发送成功
[02:54:07 INF] 【直播间】22764265 的第 40 个心跳包发送成功
[02:55:00 ERR] 【心跳包】直播间 23357926 发送失败
[02:55:00 ERR] 【原因】time check failed
[02:55:01 ERR] 【心跳包】直播间 23040372 发送失败
[02:55:01 ERR] 【原因】time check failed
[02:55:02 ERR] 【心跳包】直播间 31494 发送失败
[02:55:02 ERR] 【原因】time check failed
[02:55:03 ERR] 【心跳包】直播间 4015781 发送失败
[02:55:03 ERR] 【原因】time check failed
[02:55:05 ERR] 【心跳包】直播间 9619073 发送失败
[02:55:05 ERR] 【原因】time check failed
[02:55:06 ERR] 【心跳包】直播间 407149 发送失败
[02:55:06 ERR] 【原因】time check failed
[02:55:07 ERR] 【心跳包】直播间 7184632 发送失败
[02:55:07 ERR] 【原因】time check failed
[02:55:08 ERR] 【心跳包】直播间 23447660 发送失败
[02:55:08 ERR] 【原因】time check failed
[02:55:10 ERR] 【心跳包】直播间 929670 发送失败
[02:55:10 ERR] 【原因】time check failed
[02:55:11 ERR] 【心跳包】直播间 11732699 发送失败
[02:55:11 ERR] 【原因】time check failed
[02:55:12 ERR] 【心跳包】直播间 91164 发送失败
[02:55:12 ERR] 【原因】time check failed
[02:55:13 ERR] 【心跳包】直播间 22764265 发送失败
[02:55:13 ERR] 【原因】time check failed
[02:56:06 INF] 【直播间】23357926 的第 41 个心跳包发送成功
[02:56:07 INF] 【直播间】23040372 的第 41 个心跳包发送成功
[02:56:09 INF] 【直播间】31494 的第 41 个心跳包发送成功
[02:56:10 INF] 【直播间】4015781 的第 41 个心跳包发送成功
[02:56:11 INF] 【直播间】9619073 的第 41 个心跳包发送成功
[02:56:12 INF] 【直播间】407149 的第 41 个心跳包发送成功
[02:56:14 INF] 【直播间】7184632 的第 41 个心跳包发送成功
[02:56:15 INF] 【直播间】23447660 的第 41 个心跳包发送成功
[02:56:16 INF] 【直播间】929670 的第 41 个心跳包发送成功
[02:56:17 INF] 【直播间】11732699 的第 41 个心跳包发送成功
[02:56:19 INF] 【直播间】91164 的第 41 个心跳包发送成功
[02:56:20 INF] 【直播间】22764265 的第 41 个心跳包发送成功
[02:57:13 INF] 【直播间】23357926 的第 42 个心跳包发送成功
[02:57:14 INF] 【直播间】23040372 的第 42 个心跳包发送成功
[02:57:15 INF] 【直播间】31494 的第 42 个心跳包发送成功
[02:57:17 INF] 【直播间】4015781 的第 42 个心跳包发送成功
[02:57:18 INF] 【直播间】9619073 的第 42 个心跳包发送成功
[02:57:19 INF] 【直播间】407149 的第 42 个心跳包发送成功
[02:57:20 INF] 【直播间】7184632 的第 42 个心跳包发送成功
[02:57:22 INF] 【直播间】23447660 的第 42 个心跳包发送成功
[02:57:23 INF] 【直播间】929670 的第 42 个心跳包发送成功
[02:57:24 INF] 【直播间】11732699 的第 42 个心跳包发送成功
[02:57:25 INF] 【直播间】91164 的第 42 个心跳包发送成功
[02:57:27 INF] 【直播间】22764265 的第 42 个心跳包发送成功
[02:58:19 INF] 【直播间】23357926 的第 43 个心跳包发送成功
[02:58:21 INF] 【直播间】23040372 的第 43 个心跳包发送成功
[02:58:22 INF] 【直播间】31494 的第 43 个心跳包发送成功
[02:58:23 INF] 【直播间】4015781 的第 43 个心跳包发送成功
[02:58:25 INF] 【直播间】9619073 的第 43 个心跳包发送成功
[02:58:26 INF] 【直播间】407149 的第 43 个心跳包发送成功
[02:58:27 INF] 【直播间】7184632 的第 43 个心跳包发送成功
[02:58:29 INF] 【直播间】23447660 的第 43 个心跳包发送成功
[02:58:30 INF] 【直播间】929670 的第 43 个心跳包发送成功
[02:58:31 INF] 【直播间】11732699 的第 43 个心跳包发送成功
[02:58:33 INF] 【直播间】91164 的第 43 个心跳包发送成功
[02:58:34 INF] 【直播间】22764265 的第 43 个心跳包发送成功
[02:59:26 INF] 【直播间】23357926 的第 44 个心跳包发送成功
[02:59:27 INF] 【直播间】23040372 的第 44 个心跳包发送成功
[02:59:29 INF] 【直播间】31494 的第 44 个心跳包发送成功
[02:59:30 INF] 【直播间】4015781 的第 44 个心跳包发送成功
[02:59:32 INF] 【直播间】9619073 的第 44 个心跳包发送成功
[02:59:33 INF] 【直播间】407149 的第 44 个心跳包发送成功
[02:59:34 INF] 【直播间】7184632 的第 44 个心跳包发送成功
[02:59:35 INF] 【直播间】23447660 的第 44 个心跳包发送成功
[02:59:37 INF] 【直播间】929670 的第 44 个心跳包发送成功
[02:59:38 INF] 【直播间】11732699 的第 44 个心跳包发送成功
[02:59:39 INF] 【直播间】91164 的第 44 个心跳包发送成功
[02:59:41 INF] 【直播间】22764265 的第 44 个心跳包发送成功
[03:00:33 INF] 【直播间】23357926 的第 45 个心跳包发送成功
[03:00:34 INF] 【直播间】23040372 的第 45 个心跳包发送成功
[03:00:35 INF] 【直播间】31494 的第 45 个心跳包发送成功
[03:00:36 INF] 【直播间】4015781 的第 45 个心跳包发送成功
[03:00:38 INF] 【直播间】9619073 的第 45 个心跳包发送成功
[03:00:39 INF] 【直播间】407149 的第 45 个心跳包发送成功
[03:00:40 INF] 【直播间】7184632 的第 45 个心跳包发送成功
[03:00:42 INF] 【直播间】23447660 的第 45 个心跳包发送成功
[03:00:43 INF] 【直播间】929670 的第 45 个心跳包发送成功
[03:00:44 INF] 【直播间】11732699 的第 45 个心跳包发送成功
[03:00:46 INF] 【直播间】91164 的第 45 个心跳包发送成功
[03:00:47 INF] 【直播间】22764265 的第 45 个心跳包发送成功
[03:01:39 INF] 【直播间】23357926 的第 46 个心跳包发送成功
[03:01:41 INF] 【直播间】23040372 的第 46 个心跳包发送成功
[03:01:42 INF] 【直播间】31494 的第 46 个心跳包发送成功
[03:01:43 INF] 【直播间】4015781 的第 46 个心跳包发送成功
[03:01:45 INF] 【直播间】9619073 的第 46 个心跳包发送成功
[03:01:46 INF] 【直播间】407149 的第 46 个心跳包发送成功
[03:01:47 INF] 【直播间】7184632 的第 46 个心跳包发送成功
[03:01:48 INF] 【直播间】23447660 的第 46 个心跳包发送成功
[03:01:50 INF] 【直播间】929670 的第 46 个心跳包发送成功
[03:01:51 INF] 【直播间】11732699 的第 46 个心跳包发送成功
[03:01:52 INF] 【直播间】91164 的第 46 个心跳包发送成功
[03:01:53 INF] 【直播间】22764265 的第 46 个心跳包发送成功
[03:02:46 INF] 【直播间】23357926 的第 47 个心跳包发送成功
[03:02:47 INF] 【直播间】23040372 的第 47 个心跳包发送成功
[03:02:48 INF] 【直播间】31494 的第 47 个心跳包发送成功
[03:02:50 INF] 【直播间】4015781 的第 47 个心跳包发送成功
[03:02:51 INF] 【直播间】9619073 的第 47 个心跳包发送成功
[03:02:52 INF] 【直播间】407149 的第 47 个心跳包发送成功
[03:02:53 INF] 【直播间】7184632 的第 47 个心跳包发送成功
[03:02:55 INF] 【直播间】23447660 的第 47 个心跳包发送成功
[03:02:56 INF] 【直播间】929670 的第 47 个心跳包发送成功
[03:02:57 INF] 【直播间】11732699 的第 47 个心跳包发送成功
[03:02:58 INF] 【直播间】91164 的第 47 个心跳包发送成功
[03:03:00 INF] 【直播间】22764265 的第 47 个心跳包发送成功
[03:03:52 INF] 【直播间】23357926 的第 48 个心跳包发送成功
[03:03:54 INF] 【直播间】23040372 的第 48 个心跳包发送成功
[03:03:55 INF] 【直播间】31494 的第 48 个心跳包发送成功
[03:03:56 INF] 【直播间】4015781 的第 48 个心跳包发送成功
[03:03:58 INF] 【直播间】9619073 的第 48 个心跳包发送成功
[03:03:59 INF] 【直播间】407149 的第 48 个心跳包发送成功
[03:04:00 INF] 【直播间】7184632 的第 48 个心跳包发送成功
[03:04:01 INF] 【直播间】23447660 的第 48 个心跳包发送成功
[03:04:03 INF] 【直播间】929670 的第 48 个心跳包发送成功
[03:04:04 INF] 【直播间】11732699 的第 48 个心跳包发送成功
[03:04:05 INF] 【直播间】91164 的第 48 个心跳包发送成功
[03:04:06 INF] 【直播间】22764265 的第 48 个心跳包发送成功
[03:04:59 INF] 【直播间】23357926 的第 49 个心跳包发送成功
[03:05:00 INF] 【直播间】23040372 的第 49 个心跳包发送成功
[03:05:02 INF] 【直播间】31494 的第 49 个心跳包发送成功
[03:05:03 INF] 【直播间】4015781 的第 49 个心跳包发送成功
[03:05:04 INF] 【直播间】9619073 的第 49 个心跳包发送成功
[03:05:05 INF] 【直播间】407149 的第 49 个心跳包发送成功
[03:05:07 INF] 【直播间】7184632 的第 49 个心跳包发送成功
[03:05:08 INF] 【直播间】23447660 的第 49 个心跳包发送成功
[03:05:09 INF] 【直播间】929670 的第 49 个心跳包发送成功
[03:05:11 INF] 【直播间】11732699 的第 49 个心跳包发送成功
[03:05:12 INF] 【直播间】91164 的第 49 个心跳包发送成功
[03:05:13 INF] 【直播间】22764265 的第 49 个心跳包发送成功
[03:06:06 INF] 【直播间】23357926 的第 50 个心跳包发送成功
[03:06:07 INF] 【直播间】23040372 的第 50 个心跳包发送成功
[03:06:08 INF] 【直播间】31494 的第 50 个心跳包发送成功
[03:06:10 INF] 【直播间】4015781 的第 50 个心跳包发送成功
[03:06:11 INF] 【直播间】9619073 的第 50 个心跳包发送成功
[03:06:12 INF] 【直播间】407149 的第 50 个心跳包发送成功
[03:06:13 INF] 【直播间】7184632 的第 50 个心跳包发送成功
[03:06:15 INF] 【直播间】23447660 的第 50 个心跳包发送成功
[03:06:16 INF] 【直播间】929670 的第 50 个心跳包发送成功
[03:06:17 INF] 【直播间】11732699 的第 50 个心跳包发送成功
[03:06:18 INF] 【直播间】91164 的第 50 个心跳包发送成功
[03:06:20 INF] 【直播间】22764265 的第 50 个心跳包发送成功
[03:07:12 INF] 【直播间】23357926 的第 51 个心跳包发送成功
[03:07:14 INF] 【直播间】23040372 的第 51 个心跳包发送成功
[03:07:15 INF] 【直播间】31494 的第 51 个心跳包发送成功
[03:07:16 INF] 【直播间】4015781 的第 51 个心跳包发送成功
[03:07:17 INF] 【直播间】9619073 的第 51 个心跳包发送成功
[03:07:19 INF] 【直播间】407149 的第 51 个心跳包发送成功
[03:07:20 INF] 【直播间】7184632 的第 51 个心跳包发送成功
[03:07:21 INF] 【直播间】23447660 的第 51 个心跳包发送成功
[03:07:22 INF] 【直播间】929670 的第 51 个心跳包发送成功
[03:07:24 INF] 【直播间】11732699 的第 51 个心跳包发送成功
[03:07:25 INF] 【直播间】91164 的第 51 个心跳包发送成功
[03:07:26 INF] 【直播间】22764265 的第 51 个心跳包发送成功
[03:08:19 INF] 【直播间】23357926 的第 52 个心跳包发送成功
[03:08:20 INF] 【直播间】23040372 的第 52 个心跳包发送成功
[03:08:21 INF] 【直播间】31494 的第 52 个心跳包发送成功
[03:08:23 INF] 【直播间】4015781 的第 52 个心跳包发送成功
[03:08:24 INF] 【直播间】9619073 的第 52 个心跳包发送成功
[03:08:25 INF] 【直播间】407149 的第 52 个心跳包发送成功
[03:08:26 INF] 【直播间】7184632 的第 52 个心跳包发送成功
[03:08:28 INF] 【直播间】23447660 的第 52 个心跳包发送成功
[03:08:29 INF] 【直播间】929670 的第 52 个心跳包发送成功
[03:08:30 INF] 【直播间】11732699 的第 52 个心跳包发送成功
[03:08:31 INF] 【直播间】91164 的第 52 个心跳包发送成功
[03:08:33 INF] 【直播间】22764265 的第 52 个心跳包发送成功
[03:09:25 INF] 【直播间】23357926 的第 53 个心跳包发送成功
[03:09:27 INF] 【直播间】23040372 的第 53 个心跳包发送成功
[03:09:28 INF] 【直播间】31494 的第 53 个心跳包发送成功
[03:09:29 INF] 【直播间】4015781 的第 53 个心跳包发送成功
[03:09:31 INF] 【直播间】9619073 的第 53 个心跳包发送成功
[03:09:32 INF] 【直播间】407149 的第 53 个心跳包发送成功
[03:09:33 INF] 【直播间】7184632 的第 53 个心跳包发送成功
[03:09:34 INF] 【直播间】23447660 的第 53 个心跳包发送成功
[03:09:36 INF] 【直播间】929670 的第 53 个心跳包发送成功
[03:09:37 INF] 【直播间】11732699 的第 53 个心跳包发送成功
[03:09:38 INF] 【直播间】91164 的第 53 个心跳包发送成功
[03:09:39 INF] 【直播间】22764265 的第 53 个心跳包发送成功
[03:10:32 ERR] 【心跳包】直播间 23357926 发送失败
[03:10:32 ERR] 【原因】time check failed
[03:10:33 ERR] 【心跳包】直播间 23040372 发送失败
[03:10:33 ERR] 【原因】time check failed
[03:10:35 ERR] 【心跳包】直播间 31494 发送失败
[03:10:35 ERR] 【原因】time check failed
[03:10:36 ERR] 【心跳包】直播间 4015781 发送失败
[03:10:36 ERR] 【原因】time check failed
[03:10:37 ERR] 【心跳包】直播间 9619073 发送失败
[03:10:37 ERR] 【原因】time check failed
[03:10:38 ERR] 【心跳包】直播间 407149 发送失败
[03:10:38 ERR] 【原因】time check failed
[03:10:40 ERR] 【心跳包】直播间 7184632 发送失败
[03:10:40 ERR] 【原因】time check failed
[03:10:41 ERR] 【心跳包】直播间 23447660 发送失败
[03:10:41 ERR] 【原因】time check failed
[03:10:42 ERR] 【心跳包】直播间 929670 发送失败
[03:10:42 ERR] 【原因】time check failed
[03:10:44 ERR] 【心跳包】直播间 11732699 发送失败
[03:10:44 ERR] 【原因】time check failed
[03:10:45 ERR] 【心跳包】直播间 91164 发送失败
[03:10:45 ERR] 【原因】time check failed
[03:10:46 ERR] 【心跳包】直播间 22764265 发送失败
[03:10:46 ERR] 【原因】time check failed
[03:11:39 INF] 【直播间】23357926 的第 54 个心跳包发送成功
[03:11:40 INF] 【直播间】23040372 的第 54 个心跳包发送成功
[03:11:41 INF] 【直播间】31494 的第 54 个心跳包发送成功
[03:11:43 INF] 【直播间】4015781 的第 54 个心跳包发送成功
[03:11:44 INF] 【直播间】9619073 的第 54 个心跳包发送成功
[03:11:45 INF] 【直播间】407149 的第 54 个心跳包发送成功
[03:11:46 INF] 【直播间】7184632 的第 54 个心跳包发送成功
[03:11:48 INF] 【直播间】23447660 的第 54 个心跳包发送成功
[03:11:49 INF] 【直播间】929670 的第 54 个心跳包发送成功
[03:11:50 INF] 【直播间】11732699 的第 54 个心跳包发送成功
[03:11:51 INF] 【直播间】91164 的第 54 个心跳包发送成功
[03:11:53 INF] 【直播间】22764265 的第 54 个心跳包发送成功
[03:12:45 INF] 【直播间】23357926 的第 55 个心跳包发送成功
[03:12:47 INF] 【直播间】23040372 的第 55 个心跳包发送成功
[03:12:48 INF] 【直播间】31494 的第 55 个心跳包发送成功
[03:12:49 INF] 【直播间】4015781 的第 55 个心跳包发送成功
[03:12:50 INF] 【直播间】9619073 的第 55 个心跳包发送成功
[03:12:52 INF] 【直播间】407149 的第 55 个心跳包发送成功
[03:12:53 INF] 【直播间】7184632 的第 55 个心跳包发送成功
[03:12:54 INF] 【直播间】23447660 的第 55 个心跳包发送成功
[03:12:55 INF] 【直播间】929670 的第 55 个心跳包发送成功
[03:12:57 INF] 【直播间】11732699 的第 55 个心跳包发送成功
[03:12:58 INF] 【直播间】91164 的第 55 个心跳包发送成功
[03:12:59 INF] 【直播间】22764265 的第 55 个心跳包发送成功
[03:13:52 INF] 【直播间】23357926 的第 56 个心跳包发送成功
[03:13:53 INF] 【直播间】23040372 的第 56 个心跳包发送成功
[03:13:54 INF] 【直播间】31494 的第 56 个心跳包发送成功
[03:13:56 INF] 【直播间】4015781 的第 56 个心跳包发送成功
[03:13:57 INF] 【直播间】9619073 的第 56 个心跳包发送成功
[03:13:58 INF] 【直播间】407149 的第 56 个心跳包发送成功
[03:14:00 INF] 【直播间】7184632 的第 56 个心跳包发送成功
[03:14:01 INF] 【直播间】23447660 的第 56 个心跳包发送成功
[03:14:02 INF] 【直播间】929670 的第 56 个心跳包发送成功
[03:14:04 INF] 【直播间】11732699 的第 56 个心跳包发送成功
[03:14:05 INF] 【直播间】91164 的第 56 个心跳包发送成功
[03:14:06 INF] 【直播间】22764265 的第 56 个心跳包发送成功
[03:14:59 INF] 【直播间】23357926 的第 57 个心跳包发送成功
[03:15:00 INF] 【直播间】23040372 的第 57 个心跳包发送成功
[03:15:01 INF] 【直播间】31494 的第 57 个心跳包发送成功
[03:15:02 INF] 【直播间】4015781 的第 57 个心跳包发送成功
[03:15:04 INF] 【直播间】9619073 的第 57 个心跳包发送成功
[03:15:05 INF] 【直播间】407149 的第 57 个心跳包发送成功
[03:15:06 INF] 【直播间】7184632 的第 57 个心跳包发送成功
[03:15:07 INF] 【直播间】23447660 的第 57 个心跳包发送成功
[03:15:09 INF] 【直播间】929670 的第 57 个心跳包发送成功
[03:15:10 INF] 【直播间】11732699 的第 57 个心跳包发送成功
[03:15:11 INF] 【直播间】91164 的第 57 个心跳包发送成功
[03:15:12 INF] 【直播间】22764265 的第 57 个心跳包发送成功
[03:16:06 INF] 【直播间】23357926 的第 58 个心跳包发送成功
[03:16:07 INF] 【直播间】23040372 的第 58 个心跳包发送成功
[03:16:08 INF] 【直播间】31494 的第 58 个心跳包发送成功
[03:16:09 INF] 【直播间】4015781 的第 58 个心跳包发送成功
[03:16:11 INF] 【直播间】9619073 的第 58 个心跳包发送成功
[03:16:12 INF] 【直播间】407149 的第 58 个心跳包发送成功
[03:16:13 INF] 【直播间】7184632 的第 58 个心跳包发送成功
[03:16:15 INF] 【直播间】23447660 的第 58 个心跳包发送成功
[03:16:16 INF] 【直播间】929670 的第 58 个心跳包发送成功
[03:16:17 INF] 【直播间】11732699 的第 58 个心跳包发送成功
[03:16:18 INF] 【直播间】91164 的第 58 个心跳包发送成功
[03:16:20 INF] 【直播间】22764265 的第 58 个心跳包发送成功
[03:17:12 INF] 【直播间】23357926 的第 59 个心跳包发送成功
[03:17:13 INF] 【直播间】23040372 的第 59 个心跳包发送成功
[03:17:15 INF] 【直播间】31494 的第 59 个心跳包发送成功
[03:17:16 INF] 【直播间】4015781 的第 59 个心跳包发送成功
[03:17:17 INF] 【直播间】9619073 的第 59 个心跳包发送成功
[03:17:18 INF] 【直播间】407149 的第 59 个心跳包发送成功
[03:17:20 INF] 【直播间】7184632 的第 59 个心跳包发送成功
[03:17:21 INF] 【直播间】23447660 的第 59 个心跳包发送成功
[03:17:22 INF] 【直播间】929670 的第 59 个心跳包发送成功
[03:17:23 INF] 【直播间】11732699 的第 59 个心跳包发送成功
[03:17:25 INF] 【直播间】91164 的第 59 个心跳包发送成功
[03:17:26 INF] 【直播间】22764265 的第 59 个心跳包发送成功
[03:18:19 INF] 【直播间】23357926 的第 60 个心跳包发送成功
[03:18:20 INF] 【直播间】23040372 的第 60 个心跳包发送成功
[03:18:21 INF] 【直播间】31494 的第 60 个心跳包发送成功
[03:18:22 INF] 【直播间】4015781 的第 60 个心跳包发送成功
[03:18:24 INF] 【直播间】9619073 的第 60 个心跳包发送成功
[03:18:25 INF] 【直播间】407149 的第 60 个心跳包发送成功
[03:18:26 INF] 【直播间】7184632 的第 60 个心跳包发送成功
[03:18:27 INF] 【直播间】23447660 的第 60 个心跳包发送成功
[03:18:29 INF] 【直播间】929670 的第 60 个心跳包发送成功
[03:18:30 INF] 【直播间】11732699 的第 60 个心跳包发送成功
[03:18:31 INF] 【直播间】91164 的第 60 个心跳包发送成功
[03:18:32 INF] 【直播间】22764265 的第 60 个心跳包发送成功
[03:19:25 INF] 【直播间】23357926 的第 61 个心跳包发送成功
[03:19:26 INF] 【直播间】23040372 的第 61 个心跳包发送成功
[03:19:28 INF] 【直播间】31494 的第 61 个心跳包发送成功
[03:19:29 INF] 【直播间】4015781 的第 61 个心跳包发送成功
[03:19:30 INF] 【直播间】9619073 的第 61 个心跳包发送成功
[03:19:31 INF] 【直播间】407149 的第 61 个心跳包发送成功
[03:19:33 INF] 【直播间】7184632 的第 61 个心跳包发送成功
[03:19:34 INF] 【直播间】23447660 的第 61 个心跳包发送成功
[03:19:35 INF] 【直播间】929670 的第 61 个心跳包发送成功
[03:19:36 INF] 【直播间】11732699 的第 61 个心跳包发送成功
[03:19:38 INF] 【直播间】91164 的第 61 个心跳包发送成功
[03:19:39 INF] 【直播间】22764265 的第 61 个心跳包发送成功
[03:20:32 INF] 【直播间】23357926 的第 62 个心跳包发送成功
[03:20:33 INF] 【直播间】23040372 的第 62 个心跳包发送成功
[03:20:34 INF] 【直播间】31494 的第 62 个心跳包发送成功
[03:20:36 INF] 【直播间】4015781 的第 62 个心跳包发送成功
[03:20:37 INF] 【直播间】9619073 的第 62 个心跳包发送成功
[03:20:38 INF] 【直播间】407149 的第 62 个心跳包发送成功
[03:20:39 INF] 【直播间】7184632 的第 62 个心跳包发送成功
[03:20:41 INF] 【直播间】23447660 的第 62 个心跳包发送成功
[03:20:42 INF] 【直播间】929670 的第 62 个心跳包发送成功
[03:20:43 INF] 【直播间】11732699 的第 62 个心跳包发送成功
[03:20:44 INF] 【直播间】91164 的第 62 个心跳包发送成功
[03:20:46 INF] 【直播间】22764265 的第 62 个心跳包发送成功
[03:21:39 INF] 【直播间】23357926 的第 63 个心跳包发送成功
[03:21:40 INF] 【直播间】23040372 的第 63 个心跳包发送成功
[03:21:41 INF] 【直播间】31494 的第 63 个心跳包发送成功
[03:21:42 INF] 【直播间】4015781 的第 63 个心跳包发送成功
[03:21:43 INF] 【直播间】9619073 的第 63 个心跳包发送成功
[03:21:45 INF] 【直播间】407149 的第 63 个心跳包发送成功
[03:21:46 INF] 【直播间】7184632 的第 63 个心跳包发送成功
[03:21:47 INF] 【直播间】23447660 的第 63 个心跳包发送成功
[03:21:49 INF] 【直播间】929670 的第 63 个心跳包发送成功
[03:21:50 INF] 【直播间】11732699 的第 63 个心跳包发送成功
[03:21:51 INF] 【直播间】91164 的第 63 个心跳包发送成功
[03:21:52 INF] 【直播间】22764265 的第 63 个心跳包发送成功
[03:22:45 INF] 【直播间】23357926 的第 64 个心跳包发送成功
[03:22:46 INF] 【直播间】23040372 的第 64 个心跳包发送成功
[03:22:47 INF] 【直播间】31494 的第 64 个心跳包发送成功
[03:22:49 INF] 【直播间】4015781 的第 64 个心跳包发送成功
[03:22:50 INF] 【直播间】9619073 的第 64 个心跳包发送成功
[03:22:51 INF] 【直播间】407149 的第 64 个心跳包发送成功
[03:22:52 INF] 【直播间】7184632 的第 64 个心跳包发送成功
[03:22:54 INF] 【直播间】23447660 的第 64 个心跳包发送成功
[03:22:55 INF] 【直播间】929670 的第 64 个心跳包发送成功
[03:22:56 INF] 【直播间】11732699 的第 64 个心跳包发送成功
[03:22:57 INF] 【直播间】91164 的第 64 个心跳包发送成功
[03:22:59 INF] 【直播间】22764265 的第 64 个心跳包发送成功
[03:23:52 INF] 【直播间】23357926 的第 65 个心跳包发送成功
[03:23:53 INF] 【直播间】23040372 的第 65 个心跳包发送成功
[03:23:54 INF] 【直播间】31494 的第 65 个心跳包发送成功
[03:23:55 INF] 【直播间】4015781 的第 65 个心跳包发送成功
[03:23:57 INF] 【直播间】9619073 的第 65 个心跳包发送成功
[03:23:58 INF] 【直播间】407149 的第 65 个心跳包发送成功
[03:23:59 INF] 【直播间】7184632 的第 65 个心跳包发送成功
[03:24:00 INF] 【直播间】23447660 的第 65 个心跳包发送成功
[03:24:02 INF] 【直播间】929670 的第 65 个心跳包发送成功
[03:24:03 INF] 【直播间】11732699 的第 65 个心跳包发送成功
[03:24:04 INF] 【直播间】91164 的第 65 个心跳包发送成功
[03:24:05 INF] 【直播间】22764265 的第 65 个心跳包发送成功
[03:24:58 INF] 【直播间】23357926 的第 66 个心跳包发送成功
[03:24:59 INF] 【直播间】23040372 的第 66 个心跳包发送成功
[03:25:00 INF] 【直播间】31494 的第 66 个心跳包发送成功
[03:25:02 INF] 【直播间】4015781 的第 66 个心跳包发送成功
[03:25:03 INF] 【直播间】9619073 的第 66 个心跳包发送成功
[03:25:04 INF] 【直播间】407149 的第 66 个心跳包发送成功
[03:25:06 INF] 【直播间】7184632 的第 66 个心跳包发送成功
[03:25:07 INF] 【直播间】23447660 的第 66 个心跳包发送成功
[03:25:08 INF] 【直播间】929670 的第 66 个心跳包发送成功
[03:25:09 INF] 【直播间】11732699 的第 66 个心跳包发送成功
[03:25:11 INF] 【直播间】91164 的第 66 个心跳包发送成功
[03:25:12 INF] 【直播间】22764265 的第 66 个心跳包发送成功
[03:26:05 ERR] 【心跳包】直播间 23357926 发送失败
[03:26:05 ERR] 【原因】time check failed
[03:26:06 ERR] 【心跳包】直播间 23040372 发送失败
[03:26:06 ERR] 【原因】time check failed
[03:26:07 ERR] 【心跳包】直播间 31494 发送失败
[03:26:07 ERR] 【原因】time check failed
[03:26:08 ERR] 【心跳包】直播间 4015781 发送失败
[03:26:08 ERR] 【原因】time check failed
[03:26:10 ERR] 【心跳包】直播间 9619073 发送失败
[03:26:10 ERR] 【原因】time check failed
[03:26:11 ERR] 【心跳包】直播间 407149 发送失败
[03:26:11 ERR] 【原因】time check failed
[03:26:12 ERR] 【心跳包】直播间 7184632 发送失败
[03:26:12 ERR] 【原因】time check failed
[03:26:13 ERR] 【心跳包】直播间 23447660 发送失败
[03:26:13 ERR] 【原因】time check failed
[03:26:15 ERR] 【心跳包】直播间 929670 发送失败
[03:26:15 ERR] 【原因】time check failed
[03:26:16 ERR] 【心跳包】直播间 11732699 发送失败
[03:26:16 ERR] 【原因】time check failed
[03:26:17 ERR] 【心跳包】直播间 91164 发送失败
[03:26:17 ERR] 【原因】time check failed
[03:26:18 ERR] 【心跳包】直播间 22764265 发送失败
[03:26:18 ERR] 【原因】time check failed
[03:27:11 INF] 【直播间】23357926 的第 67 个心跳包发送成功
[03:27:13 INF] 【直播间】23040372 的第 67 个心跳包发送成功
[03:27:14 INF] 【直播间】31494 的第 67 个心跳包发送成功
[03:27:15 INF] 【直播间】4015781 的第 67 个心跳包发送成功
[03:27:16 INF] 【直播间】9619073 的第 67 个心跳包发送成功
[03:27:18 INF] 【直播间】407149 的第 67 个心跳包发送成功
[03:27:19 INF] 【直播间】7184632 的第 67 个心跳包发送成功
[03:27:20 INF] 【直播间】23447660 的第 67 个心跳包发送成功
[03:27:22 INF] 【直播间】929670 的第 67 个心跳包发送成功
[03:27:23 INF] 【直播间】11732699 的第 67 个心跳包发送成功
[03:27:24 INF] 【直播间】91164 的第 67 个心跳包发送成功
[03:27:25 INF] 【直播间】22764265 的第 67 个心跳包发送成功
[03:28:18 INF] 【直播间】23357926 的第 68 个心跳包发送成功
[03:28:19 INF] 【直播间】23040372 的第 68 个心跳包发送成功
[03:28:21 INF] 【直播间】31494 的第 68 个心跳包发送成功
[03:28:22 INF] 【直播间】4015781 的第 68 个心跳包发送成功
[03:28:23 INF] 【直播间】9619073 的第 68 个心跳包发送成功
[03:28:24 INF] 【直播间】407149 的第 68 个心跳包发送成功
[03:28:26 INF] 【直播间】7184632 的第 68 个心跳包发送成功
[03:28:27 INF] 【直播间】23447660 的第 68 个心跳包发送成功
[03:28:28 INF] 【直播间】929670 的第 68 个心跳包发送成功
[03:28:29 INF] 【直播间】11732699 的第 68 个心跳包发送成功
[03:28:31 INF] 【直播间】91164 的第 68 个心跳包发送成功
[03:28:32 INF] 【直播间】22764265 的第 68 个心跳包发送成功
[03:29:24 INF] 【直播间】23357926 的第 69 个心跳包发送成功
[03:29:26 INF] 【直播间】23040372 的第 69 个心跳包发送成功
[03:29:27 INF] 【直播间】31494 的第 69 个心跳包发送成功
[03:29:28 INF] 【直播间】4015781 的第 69 个心跳包发送成功
[03:29:30 INF] 【直播间】9619073 的第 69 个心跳包发送成功
[03:29:31 INF] 【直播间】407149 的第 69 个心跳包发送成功
[03:29:32 INF] 【直播间】7184632 的第 69 个心跳包发送成功
[03:29:33 INF] 【直播间】23447660 的第 69 个心跳包发送成功
[03:29:35 INF] 【直播间】929670 的第 69 个心跳包发送成功
[03:29:36 INF] 【直播间】11732699 的第 69 个心跳包发送成功
[03:29:37 INF] 【直播间】91164 的第 69 个心跳包发送成功
[03:29:38 INF] 【直播间】22764265 的第 69 个心跳包发送成功
[03:30:31 INF] 【直播间】23357926 的第 70 个心跳包发送成功
[03:30:32 INF] 【直播间】23040372 的第 70 个心跳包发送成功
[03:30:33 INF] 【直播间】31494 的第 70 个心跳包发送成功
[03:30:35 INF] 【直播间】4015781 的第 70 个心跳包发送成功
[03:30:36 INF] 【直播间】9619073 的第 70 个心跳包发送成功
[03:30:37 INF] 【直播间】407149 的第 70 个心跳包发送成功
[03:30:39 INF] 【直播间】7184632 的第 70 个心跳包发送成功
[03:30:40 INF] 【直播间】23447660 的第 70 个心跳包发送成功
[03:30:41 INF] 【直播间】929670 的第 70 个心跳包发送成功
[03:30:43 INF] 【直播间】11732699 的第 70 个心跳包发送成功
[03:30:44 INF] 【直播间】91164 的第 70 个心跳包发送成功
[03:30:45 INF] 【直播间】22764265 的第 70 个心跳包发送成功
[03:30:45 INF] 【直播观看时长】完成情况：12/12 
[03:30:45 INF] ---------结束---------

[03:30:45 INF] ==========结束==========

[03:30:45 INF] ######### 账号 3 #########

[03:30:45 INF] =====开始 直播间互动 =====

[03:30:45 INF] ---开始 发送弹幕 ---
[03:30:45 INF] 检测到直播 Cookie 未正确配置，尝试自动配置中...
[03:30:50 INF] 直播 Cookie 配置成功！
[03:30:50 INF] 【获取直播列表】获取拥有粉丝牌的直播列表
[03:30:56 ERR] 【获取直播列表】失败
[03:30:56 ERR] 【原因】账号未登录
[03:30:56 ERR] 发送弹幕失败，继续其他任务。失败信息:Object reference not set to an instance of an object.

[03:30:56 INF] -------结束-------

[03:30:56 INF] ---开始 点赞直播间 ---
[03:30:56 INF] 【获取直播列表】获取拥有粉丝牌的直播列表
[03:31:02 ERR] 【获取直播列表】失败
[03:31:02 ERR] 【原因】账号未登录
[03:31:02 ERR] 点赞直播间失败，继续其他任务。失败信息:Object reference not set to an instance of an object.

[03:31:02 INF] --------结束--------

[03:31:02 INF] ---开始 直播时长挂机 ---
[03:31:02 INF] 【获取直播列表】获取拥有粉丝牌的直播列表
[03:31:08 ERR] 【获取直播列表】失败
[03:31:08 ERR] 【原因】账号未登录
[03:31:08 ERR] 直播时长挂机失败，继续其他任务。失败信息:Object reference not set to an instance of an object.

[03:31:08 INF] ---------结束---------

[03:31:08 INF] ==========结束==========

[03:31:08 INF] 

========================

 v2.0.2 开源 by https://github.com/RayWangQvQ/BiliBiliToolPro

[03:31:08 INF] ·开始推送·LiveFansMedal任务·
2024-04-13T19:31:08.7204839Z 开始推送到:PushPlus
2024-04-13T19:31:10.3046694Z Response status: OK.
2024-04-13T19:31:10.3047062Z Response content: {"code":999,"msg":"发送内容过大，不能超过2万字","data":null}.

[03:31:10 INF] 运行环境：Development
[03:31:10 INF] 应用目录：/home/runner/work/BiliBiliToolPro/BiliBiliToolPro/src/Ray.BiliBiliTool.Console/bin/Debug/net6.0/

[03:31:10 INF] 运行结束
