----------- ip 信息 ---------
{
  "ip": "104.28.210.136",
  "city": "Durham",
  "region": "North Carolina",
  "country": "US",
  "loc": "35.9940,-78.8986",
  "org": "AS13335 Cloudflare, Inc.",
  "postal": "27701",
  "timezone": "America/New_York",
  "readme": "https://ipinfo.io/missingauth"
} ---------- end ------------
  ____               ____    _   _____           _  
 |  _ \ __ _ _   _  | __ ) _| |_|_   _|__   ___ | | 
 | |_) / _` | | | | |  _ \(_) (_) | |/ _ \ / _ \| | 
 |  _ < (_| | |_| | | |_) | | | | | | (_) | (_) | | 
 |_| \_\__,_|\__, | |____/|_|_|_| |_|\___/ \___/|_| 
             |___/                                  

[00:29:17 INF] BiliBiliToolPro 开始运行...

[00:29:17 INF] 【账号个数】3个

[00:29:17 INF] 随机休眠2分钟

[00:31:18 INF] 【目标任务】LiveFansMedal
[00:31:18 INF] ######### 账号 1 #########

[00:31:18 INF] =====开始 直播间互动 =====

[00:31:18 INF] ---开始 发送弹幕 ---
[00:31:18 INF] 检测到直播 Cookie 未正确配置，尝试自动配置中...
[00:31:22 INF] 直播 Cookie 配置成功！
[00:31:22 INF] 【获取直播列表】获取拥有粉丝牌的直播列表
[00:31:25 INF] 【主播】Mark陌枫 
[00:31:35 INF] 【主播】KL_qiqi_ 
[00:31:48 INF] 【主播】苏打baka 
[00:31:58 INF] 【直播间】Mark陌枫
[00:31:58 INF] 【粉丝牌】馬楓
[00:31:58 INF] 正在发送弹幕...
[00:32:03 INF] 【直播间】KL_qiqi_
[00:32:03 INF] 【粉丝牌】qiqisb
[00:32:03 INF] 正在发送弹幕...
[00:32:09 INF] 【弹幕发送】成功~，你和主播 Mark陌枫 的亲密值增加了100！
[00:32:10 INF] 【直播间】苏打baka
[00:32:10 INF] 【粉丝牌】碳酸钠
[00:32:10 INF] 正在发送弹幕...
[00:32:16 INF] -------结束-------

[00:32:16 INF] ---开始 点赞直播间 ---
[00:32:16 INF] 【获取直播列表】获取拥有粉丝牌的直播列表
[00:32:18 INF] 【弹幕发送】成功~，你和主播 KL_qiqi_ 的亲密值增加了100！
[00:32:20 INF] 【弹幕发送】成功~，你和主播 苏打baka 的亲密值增加了100！
[00:32:23 INF] 【主播】Mark陌枫 
[00:32:35 INF] 【主播】KL_qiqi_ 
[00:32:48 INF] 【主播】苏打baka 
[00:33:02 INF] 【点赞直播间】23357926 完成
[00:33:09 INF] 【点赞直播间】407149 完成
[00:33:12 INF] --------结束--------

[00:33:12 INF] ---开始 直播时长挂机 ---
[00:33:12 INF] 【获取直播列表】获取拥有粉丝牌的直播列表
[00:33:12 INF] 【点赞直播间】23040372 完成
[00:33:20 INF] 【主播】Mark陌枫 
[00:33:34 INF] 【主播】KL_qiqi_ 
[00:33:46 INF] 【主播】苏打baka 
[00:34:02 INF] 【直播间】23357926 的第 1 个心跳包发送成功
[00:34:04 INF] 【直播间】407149 的第 1 个心跳包发送成功
[00:34:05 INF] 【直播间】23040372 的第 1 个心跳包发送成功
[00:35:09 INF] 【直播间】23357926 的第 2 个心跳包发送成功
[00:35:10 INF] 【直播间】407149 的第 2 个心跳包发送成功
[00:35:12 INF] 【直播间】23040372 的第 2 个心跳包发送成功
[00:36:16 INF] 【直播间】23357926 的第 3 个心跳包发送成功
[00:36:17 INF] 【直播间】407149 的第 3 个心跳包发送成功
[00:36:18 INF] 【直播间】23040372 的第 3 个心跳包发送成功
[00:37:23 INF] 【直播间】23357926 的第 4 个心跳包发送成功
[00:37:24 INF] 【直播间】407149 的第 4 个心跳包发送成功
[00:37:26 INF] 【直播间】23040372 的第 4 个心跳包发送成功
[00:38:29 INF] 【直播间】23357926 的第 5 个心跳包发送成功
[00:38:31 INF] 【直播间】407149 的第 5 个心跳包发送成功
[00:38:32 INF] 【直播间】23040372 的第 5 个心跳包发送成功
[00:39:36 INF] 【直播间】23357926 的第 6 个心跳包发送成功
[00:39:37 INF] 【直播间】407149 的第 6 个心跳包发送成功
[00:39:39 INF] 【直播间】23040372 的第 6 个心跳包发送成功
[00:40:43 INF] 【直播间】23357926 的第 7 个心跳包发送成功
[00:40:45 INF] 【直播间】407149 的第 7 个心跳包发送成功
[00:40:46 INF] 【直播间】23040372 的第 7 个心跳包发送成功
[00:41:50 INF] 【直播间】23357926 的第 8 个心跳包发送成功
[00:41:51 INF] 【直播间】407149 的第 8 个心跳包发送成功
[00:41:52 INF] 【直播间】23040372 的第 8 个心跳包发送成功
[00:42:57 INF] 【直播间】23357926 的第 9 个心跳包发送成功
[00:42:58 INF] 【直播间】407149 的第 9 个心跳包发送成功
[00:42:59 INF] 【直播间】23040372 的第 9 个心跳包发送成功
[00:44:03 INF] 【直播间】23357926 的第 10 个心跳包发送成功
[00:44:05 INF] 【直播间】407149 的第 10 个心跳包发送成功
[00:44:06 INF] 【直播间】23040372 的第 10 个心跳包发送成功
[00:45:10 INF] 【直播间】23357926 的第 11 个心跳包发送成功
[00:45:11 INF] 【直播间】407149 的第 11 个心跳包发送成功
[00:45:12 INF] 【直播间】23040372 的第 11 个心跳包发送成功
[00:46:17 INF] 【直播间】23357926 的第 12 个心跳包发送成功
[00:46:18 INF] 【直播间】407149 的第 12 个心跳包发送成功
[00:46:20 INF] 【直播间】23040372 的第 12 个心跳包发送成功
[00:47:24 INF] 【直播间】23357926 的第 13 个心跳包发送成功
[00:47:25 INF] 【直播间】407149 的第 13 个心跳包发送成功
[00:47:27 INF] 【直播间】23040372 的第 13 个心跳包发送成功
[00:48:31 INF] 【直播间】23357926 的第 14 个心跳包发送成功
[00:48:33 INF] 【直播间】407149 的第 14 个心跳包发送成功
[00:48:34 INF] 【直播间】23040372 的第 14 个心跳包发送成功
[00:49:38 ERR] 【心跳包】直播间 23357926 发送失败
[00:49:38 ERR] 【原因】time check failed
[00:49:39 ERR] 【心跳包】直播间 407149 发送失败
[00:49:39 ERR] 【原因】time check failed
[00:49:41 ERR] 【心跳包】直播间 23040372 发送失败
[00:49:41 ERR] 【原因】time check failed
[00:50:45 INF] 【直播间】23357926 的第 15 个心跳包发送成功
[00:50:46 INF] 【直播间】407149 的第 15 个心跳包发送成功
[00:50:47 INF] 【直播间】23040372 的第 15 个心跳包发送成功
[00:51:52 INF] 【直播间】23357926 的第 16 个心跳包发送成功
[00:51:53 INF] 【直播间】407149 的第 16 个心跳包发送成功
[00:51:55 INF] 【直播间】23040372 的第 16 个心跳包发送成功
[00:52:59 INF] 【直播间】23357926 的第 17 个心跳包发送成功
[00:53:00 INF] 【直播间】407149 的第 17 个心跳包发送成功
[00:53:01 INF] 【直播间】23040372 的第 17 个心跳包发送成功
[00:54:06 INF] 【直播间】23357926 的第 18 个心跳包发送成功
[00:54:08 INF] 【直播间】407149 的第 18 个心跳包发送成功
[00:54:09 INF] 【直播间】23040372 的第 18 个心跳包发送成功
[00:55:13 INF] 【直播间】23357926 的第 19 个心跳包发送成功
[00:55:14 INF] 【直播间】407149 的第 19 个心跳包发送成功
[00:55:16 INF] 【直播间】23040372 的第 19 个心跳包发送成功
[00:56:20 INF] 【直播间】23357926 的第 20 个心跳包发送成功
[00:56:21 INF] 【直播间】407149 的第 20 个心跳包发送成功
[00:56:22 INF] 【直播间】23040372 的第 20 个心跳包发送成功
[00:57:27 INF] 【直播间】23357926 的第 21 个心跳包发送成功
[00:57:28 INF] 【直播间】407149 的第 21 个心跳包发送成功
[00:57:29 INF] 【直播间】23040372 的第 21 个心跳包发送成功
[00:58:34 INF] 【直播间】23357926 的第 22 个心跳包发送成功
[00:58:35 INF] 【直播间】407149 的第 22 个心跳包发送成功
[00:58:36 INF] 【直播间】23040372 的第 22 个心跳包发送成功
[00:59:41 INF] 【直播间】23357926 的第 23 个心跳包发送成功
[00:59:43 INF] 【直播间】407149 的第 23 个心跳包发送成功
[00:59:44 INF] 【直播间】23040372 的第 23 个心跳包发送成功
[01:00:48 INF] 【直播间】23357926 的第 24 个心跳包发送成功
[01:00:50 INF] 【直播间】407149 的第 24 个心跳包发送成功
[01:00:51 INF] 【直播间】23040372 的第 24 个心跳包发送成功
[01:01:55 INF] 【直播间】23357926 的第 25 个心跳包发送成功
[01:01:57 INF] 【直播间】407149 的第 25 个心跳包发送成功
[01:01:58 INF] 【直播间】23040372 的第 25 个心跳包发送成功
[01:03:02 INF] 【直播间】23357926 的第 26 个心跳包发送成功
[01:03:03 INF] 【直播间】407149 的第 26 个心跳包发送成功
[01:03:05 INF] 【直播间】23040372 的第 26 个心跳包发送成功
[01:04:10 ERR] 【心跳包】直播间 23357926 发送失败
[01:04:10 ERR] 【原因】time check failed
[01:04:11 ERR] 【心跳包】直播间 407149 发送失败
[01:04:11 ERR] 【原因】time check failed
[01:04:12 ERR] 【心跳包】直播间 23040372 发送失败
[01:04:12 ERR] 【原因】time check failed
[01:05:17 INF] 【直播间】23357926 的第 27 个心跳包发送成功
[01:05:19 INF] 【直播间】407149 的第 27 个心跳包发送成功
[01:05:20 INF] 【直播间】23040372 的第 27 个心跳包发送成功
[01:06:24 INF] 【直播间】23357926 的第 28 个心跳包发送成功
[01:06:25 INF] 【直播间】407149 的第 28 个心跳包发送成功
[01:06:26 INF] 【直播间】23040372 的第 28 个心跳包发送成功
[01:07:31 INF] 【直播间】23357926 的第 29 个心跳包发送成功
[01:07:32 INF] 【直播间】407149 的第 29 个心跳包发送成功
[01:07:33 INF] 【直播间】23040372 的第 29 个心跳包发送成功
[01:08:37 INF] 【直播间】23357926 的第 30 个心跳包发送成功
[01:08:39 INF] 【直播间】407149 的第 30 个心跳包发送成功
[01:08:40 INF] 【直播间】23040372 的第 30 个心跳包发送成功
[01:09:44 INF] 【直播间】23357926 的第 31 个心跳包发送成功
[01:09:46 INF] 【直播间】407149 的第 31 个心跳包发送成功
[01:09:47 INF] 【直播间】23040372 的第 31 个心跳包发送成功
[01:10:51 INF] 【直播间】23357926 的第 32 个心跳包发送成功
[01:10:53 INF] 【直播间】407149 的第 32 个心跳包发送成功
[01:10:54 INF] 【直播间】23040372 的第 32 个心跳包发送成功
[01:11:58 INF] 【直播间】23357926 的第 33 个心跳包发送成功
[01:12:00 INF] 【直播间】407149 的第 33 个心跳包发送成功
[01:12:01 INF] 【直播间】23040372 的第 33 个心跳包发送成功
[01:13:05 INF] 【直播间】23357926 的第 34 个心跳包发送成功
[01:13:06 INF] 【直播间】407149 的第 34 个心跳包发送成功
[01:13:08 INF] 【直播间】23040372 的第 34 个心跳包发送成功
[01:14:12 INF] 【直播间】23357926 的第 35 个心跳包发送成功
[01:14:13 INF] 【直播间】407149 的第 35 个心跳包发送成功
[01:14:15 INF] 【直播间】23040372 的第 35 个心跳包发送成功
[01:15:19 INF] 【直播间】23357926 的第 36 个心跳包发送成功
[01:15:21 INF] 【直播间】407149 的第 36 个心跳包发送成功
[01:15:22 INF] 【直播间】23040372 的第 36 个心跳包发送成功
[01:16:26 INF] 【直播间】23357926 的第 37 个心跳包发送成功
[01:16:28 INF] 【直播间】407149 的第 37 个心跳包发送成功
[01:16:29 INF] 【直播间】23040372 的第 37 个心跳包发送成功
[01:17:33 INF] 【直播间】23357926 的第 38 个心跳包发送成功
[01:17:34 INF] 【直播间】407149 的第 38 个心跳包发送成功
[01:17:35 INF] 【直播间】23040372 的第 38 个心跳包发送成功
[01:18:40 INF] 【直播间】23357926 的第 39 个心跳包发送成功
[01:18:42 ERR] 【心跳包】直播间 407149 发送失败
[01:18:42 ERR] 【原因】time check failed
[01:18:43 ERR] 【心跳包】直播间 23040372 发送失败
[01:18:43 ERR] 【原因】time check failed
[01:19:47 ERR] 【心跳包】直播间 23357926 发送失败
[01:19:47 ERR] 【原因】time check failed
[01:19:48 INF] 【直播间】407149 的第 39 个心跳包发送成功
[01:19:50 INF] 【直播间】23040372 的第 39 个心跳包发送成功
[01:20:54 INF] 【直播间】23357926 的第 40 个心跳包发送成功
[01:20:56 INF] 【直播间】407149 的第 40 个心跳包发送成功
[01:20:57 INF] 【直播间】23040372 的第 40 个心跳包发送成功
[01:22:01 INF] 【直播间】23357926 的第 41 个心跳包发送成功
[01:22:02 INF] 【直播间】407149 的第 41 个心跳包发送成功
[01:22:04 INF] 【直播间】23040372 的第 41 个心跳包发送成功
[01:23:08 INF] 【直播间】23357926 的第 42 个心跳包发送成功
[01:23:10 INF] 【直播间】407149 的第 42 个心跳包发送成功
[01:23:11 INF] 【直播间】23040372 的第 42 个心跳包发送成功
[01:24:16 INF] 【直播间】23357926 的第 43 个心跳包发送成功
[01:24:17 INF] 【直播间】407149 的第 43 个心跳包发送成功
[01:24:18 INF] 【直播间】23040372 的第 43 个心跳包发送成功
[01:25:22 INF] 【直播间】23357926 的第 44 个心跳包发送成功
[01:25:23 INF] 【直播间】407149 的第 44 个心跳包发送成功
[01:25:25 INF] 【直播间】23040372 的第 44 个心跳包发送成功
[01:26:29 INF] 【直播间】23357926 的第 45 个心跳包发送成功
[01:26:31 INF] 【直播间】407149 的第 45 个心跳包发送成功
[01:26:32 INF] 【直播间】23040372 的第 45 个心跳包发送成功
[01:27:36 INF] 【直播间】23357926 的第 46 个心跳包发送成功
[01:27:38 INF] 【直播间】407149 的第 46 个心跳包发送成功
[01:27:39 INF] 【直播间】23040372 的第 46 个心跳包发送成功
[01:28:43 INF] 【直播间】23357926 的第 47 个心跳包发送成功
[01:28:44 INF] 【直播间】407149 的第 47 个心跳包发送成功
[01:28:46 INF] 【直播间】23040372 的第 47 个心跳包发送成功
[01:29:50 INF] 【直播间】23357926 的第 48 个心跳包发送成功
[01:29:52 INF] 【直播间】407149 的第 48 个心跳包发送成功
[01:29:53 INF] 【直播间】23040372 的第 48 个心跳包发送成功
[01:30:57 INF] 【直播间】23357926 的第 49 个心跳包发送成功
[01:30:58 INF] 【直播间】407149 的第 49 个心跳包发送成功
[01:30:59 INF] 【直播间】23040372 的第 49 个心跳包发送成功
[01:32:04 INF] 【直播间】23357926 的第 50 个心跳包发送成功
[01:32:05 INF] 【直播间】407149 的第 50 个心跳包发送成功
[01:32:06 INF] 【直播间】23040372 的第 50 个心跳包发送成功
[01:33:11 INF] 【直播间】23357926 的第 51 个心跳包发送成功
[01:33:12 INF] 【直播间】407149 的第 51 个心跳包发送成功
[01:33:13 INF] 【直播间】23040372 的第 51 个心跳包发送成功
[01:34:18 INF] 【直播间】23357926 的第 52 个心跳包发送成功
[01:34:19 ERR] 【心跳包】直播间 407149 发送失败
[01:34:19 ERR] 【原因】time check failed
[01:34:20 ERR] 【心跳包】直播间 23040372 发送失败
[01:34:20 ERR] 【原因】time check failed
[01:35:25 ERR] 【心跳包】直播间 23357926 发送失败
[01:35:25 ERR] 【原因】time check failed
[01:35:26 INF] 【直播间】407149 的第 52 个心跳包发送成功
[01:35:27 INF] 【直播间】23040372 的第 52 个心跳包发送成功
[01:36:31 INF] 【直播间】23357926 的第 53 个心跳包发送成功
[01:36:33 INF] 【直播间】407149 的第 53 个心跳包发送成功
[01:36:34 INF] 【直播间】23040372 的第 53 个心跳包发送成功
[01:37:39 INF] 【直播间】23357926 的第 54 个心跳包发送成功
[01:37:40 INF] 【直播间】407149 的第 54 个心跳包发送成功
[01:37:41 INF] 【直播间】23040372 的第 54 个心跳包发送成功
[01:38:46 INF] 【直播间】23357926 的第 55 个心跳包发送成功
[01:38:47 INF] 【直播间】407149 的第 55 个心跳包发送成功
[01:38:48 INF] 【直播间】23040372 的第 55 个心跳包发送成功
[01:39:52 INF] 【直播间】23357926 的第 56 个心跳包发送成功
[01:39:53 INF] 【直播间】407149 的第 56 个心跳包发送成功
[01:39:55 INF] 【直播间】23040372 的第 56 个心跳包发送成功
[01:41:00 INF] 【直播间】23357926 的第 57 个心跳包发送成功
[01:41:01 INF] 【直播间】407149 的第 57 个心跳包发送成功
[01:41:02 INF] 【直播间】23040372 的第 57 个心跳包发送成功
[01:42:06 INF] 【直播间】23357926 的第 58 个心跳包发送成功
[01:42:07 INF] 【直播间】407149 的第 58 个心跳包发送成功
[01:42:09 INF] 【直播间】23040372 的第 58 个心跳包发送成功
[01:43:13 INF] 【直播间】23357926 的第 59 个心跳包发送成功
[01:43:14 INF] 【直播间】407149 的第 59 个心跳包发送成功
[01:43:16 INF] 【直播间】23040372 的第 59 个心跳包发送成功
[01:44:21 INF] 【直播间】23357926 的第 60 个心跳包发送成功
[01:44:22 INF] 【直播间】407149 的第 60 个心跳包发送成功
[01:44:23 INF] 【直播间】23040372 的第 60 个心跳包发送成功
[01:45:28 INF] 【直播间】23357926 的第 61 个心跳包发送成功
[01:45:29 INF] 【直播间】407149 的第 61 个心跳包发送成功
[01:45:31 INF] 【直播间】23040372 的第 61 个心跳包发送成功
[01:46:34 INF] 【直播间】23357926 的第 62 个心跳包发送成功
[01:46:36 INF] 【直播间】407149 的第 62 个心跳包发送成功
[01:46:37 INF] 【直播间】23040372 的第 62 个心跳包发送成功
[01:47:42 INF] 【直播间】23357926 的第 63 个心跳包发送成功
[01:47:44 INF] 【直播间】407149 的第 63 个心跳包发送成功
[01:47:45 INF] 【直播间】23040372 的第 63 个心跳包发送成功
[01:48:49 INF] 【直播间】23357926 的第 64 个心跳包发送成功
[01:48:50 ERR] 【心跳包】直播间 407149 发送失败
[01:48:50 ERR] 【原因】time check failed
[01:48:51 ERR] 【心跳包】直播间 23040372 发送失败
[01:48:51 ERR] 【原因】time check failed
[01:49:56 ERR] 【心跳包】直播间 23357926 发送失败
[01:49:56 ERR] 【原因】time check failed
[01:49:57 INF] 【直播间】407149 的第 64 个心跳包发送成功
[01:49:59 INF] 【直播间】23040372 的第 64 个心跳包发送成功
[01:51:03 INF] 【直播间】23357926 的第 65 个心跳包发送成功
[01:51:05 INF] 【直播间】407149 的第 65 个心跳包发送成功
[01:51:06 INF] 【直播间】23040372 的第 65 个心跳包发送成功
[01:52:10 INF] 【直播间】23357926 的第 66 个心跳包发送成功
[01:52:12 INF] 【直播间】407149 的第 66 个心跳包发送成功
[01:52:13 INF] 【直播间】23040372 的第 66 个心跳包发送成功
[01:53:17 INF] 【直播间】23357926 的第 67 个心跳包发送成功
[01:53:18 INF] 【直播间】407149 的第 67 个心跳包发送成功
[01:53:19 INF] 【直播间】23040372 的第 67 个心跳包发送成功
[01:54:24 INF] 【直播间】23357926 的第 68 个心跳包发送成功
[01:54:25 INF] 【直播间】407149 的第 68 个心跳包发送成功
[01:54:26 INF] 【直播间】23040372 的第 68 个心跳包发送成功
[01:55:30 INF] 【直播间】23357926 的第 69 个心跳包发送成功
[01:55:32 INF] 【直播间】407149 的第 69 个心跳包发送成功
[01:55:33 INF] 【直播间】23040372 的第 69 个心跳包发送成功
[01:56:38 INF] 【直播间】23357926 的第 70 个心跳包发送成功
[01:56:39 INF] 【直播间】407149 的第 70 个心跳包发送成功
[01:56:40 INF] 【直播间】23040372 的第 70 个心跳包发送成功
[01:56:40 INF] 【直播观看时长】完成情况：3/3 
[01:56:40 INF] ---------结束---------

[01:56:40 INF] ==========结束==========

[01:56:40 INF] ######### 账号 2 #########

[01:56:40 INF] =====开始 直播间互动 =====

[01:56:40 INF] ---开始 发送弹幕 ---
[01:56:40 INF] 检测到直播 Cookie 未正确配置，尝试自动配置中...
[01:56:48 INF] 直播 Cookie 配置成功！
[01:56:48 INF] 【获取直播列表】获取拥有粉丝牌的直播列表
[01:56:53 INF] 【主播】Mark陌枫 
[01:57:02 INF] 【主播】苏打baka 
[01:57:16 INF] 【直播间】Mark陌枫
[01:57:16 INF] 【粉丝牌】馬楓
[01:57:16 INF] 正在发送弹幕...
[01:57:23 INF] 【直播间】苏打baka
[01:57:23 INF] 【粉丝牌】碳酸钠
[01:57:23 INF] 正在发送弹幕...
[01:57:28 INF] -------结束-------

[01:57:28 INF] ---开始 点赞直播间 ---
[01:57:28 INF] 【获取直播列表】获取拥有粉丝牌的直播列表
[01:57:32 INF] 【弹幕发送】成功~，你和主播 Mark陌枫 的亲密值增加了100！
[01:57:33 INF] 【主播】Mark陌枫 
[01:57:36 INF] 【弹幕发送】成功~，你和主播 苏打baka 的亲密值增加了100！
[01:57:43 INF] 【主播】苏打baka 
[01:58:04 INF] 【点赞直播间】23357926 完成
[01:58:08 INF] --------结束--------

[01:58:08 INF] ---开始 直播时长挂机 ---
[01:58:08 INF] 【获取直播列表】获取拥有粉丝牌的直播列表
[01:58:08 INF] 【点赞直播间】23040372 完成
[01:58:15 INF] 【主播】Mark陌枫 
[01:58:25 INF] 【主播】苏打baka 
[01:58:40 INF] 【直播间】23357926 的第 1 个心跳包发送成功
[01:58:41 INF] 【直播间】23040372 的第 1 个心跳包发送成功
[01:59:47 INF] 【直播间】23357926 的第 2 个心跳包发送成功
[01:59:48 INF] 【直播间】23040372 的第 2 个心跳包发送成功
[02:00:53 INF] 【直播间】23357926 的第 3 个心跳包发送成功
[02:00:54 INF] 【直播间】23040372 的第 3 个心跳包发送成功
[02:02:00 INF] 【直播间】23357926 的第 4 个心跳包发送成功
[02:02:02 INF] 【直播间】23040372 的第 4 个心跳包发送成功
[02:03:07 INF] 【直播间】23357926 的第 5 个心跳包发送成功
[02:03:08 INF] 【直播间】23040372 的第 5 个心跳包发送成功
[02:04:14 INF] 【直播间】23357926 的第 6 个心跳包发送成功
[02:04:15 INF] 【直播间】23040372 的第 6 个心跳包发送成功
[02:05:21 INF] 【直播间】23357926 的第 7 个心跳包发送成功
[02:05:22 INF] 【直播间】23040372 的第 7 个心跳包发送成功
[02:06:28 INF] 【直播间】23357926 的第 8 个心跳包发送成功
[02:06:29 INF] 【直播间】23040372 的第 8 个心跳包发送成功
[02:07:35 INF] 【直播间】23357926 的第 9 个心跳包发送成功
[02:07:36 INF] 【直播间】23040372 的第 9 个心跳包发送成功
[02:08:42 INF] 【直播间】23357926 的第 10 个心跳包发送成功
[02:08:43 INF] 【直播间】23040372 的第 10 个心跳包发送成功
[02:09:49 INF] 【直播间】23357926 的第 11 个心跳包发送成功
[02:09:50 INF] 【直播间】23040372 的第 11 个心跳包发送成功
[02:10:56 INF] 【直播间】23357926 的第 12 个心跳包发送成功
[02:10:57 INF] 【直播间】23040372 的第 12 个心跳包发送成功
[02:12:03 INF] 【直播间】23357926 的第 13 个心跳包发送成功
[02:12:04 INF] 【直播间】23040372 的第 13 个心跳包发送成功
[02:13:10 INF] 【直播间】23357926 的第 14 个心跳包发送成功
[02:13:11 INF] 【直播间】23040372 的第 14 个心跳包发送成功
[02:14:17 ERR] 【心跳包】直播间 23357926 发送失败
[02:14:17 ERR] 【原因】time check failed
[02:14:18 ERR] 【心跳包】直播间 23040372 发送失败
[02:14:18 ERR] 【原因】time check failed
[02:15:23 INF] 【直播间】23357926 的第 15 个心跳包发送成功
[02:15:25 INF] 【直播间】23040372 的第 15 个心跳包发送成功
[02:16:30 INF] 【直播间】23357926 的第 16 个心跳包发送成功
[02:16:31 INF] 【直播间】23040372 的第 16 个心跳包发送成功
[02:17:38 INF] 【直播间】23357926 的第 17 个心跳包发送成功
[02:17:39 INF] 【直播间】23040372 的第 17 个心跳包发送成功
[02:18:44 INF] 【直播间】23357926 的第 18 个心跳包发送成功
[02:18:45 INF] 【直播间】23040372 的第 18 个心跳包发送成功
[02:19:51 INF] 【直播间】23357926 的第 19 个心跳包发送成功
[02:19:52 INF] 【直播间】23040372 的第 19 个心跳包发送成功
[02:20:58 INF] 【直播间】23357926 的第 20 个心跳包发送成功
[02:20:59 INF] 【直播间】23040372 的第 20 个心跳包发送成功
[02:22:05 INF] 【直播间】23357926 的第 21 个心跳包发送成功
[02:22:06 INF] 【直播间】23040372 的第 21 个心跳包发送成功
[02:23:12 INF] 【直播间】23357926 的第 22 个心跳包发送成功
[02:23:13 INF] 【直播间】23040372 的第 22 个心跳包发送成功
[02:24:18 INF] 【直播间】23357926 的第 23 个心跳包发送成功
[02:24:20 INF] 【直播间】23040372 的第 23 个心跳包发送成功
[02:25:25 INF] 【直播间】23357926 的第 24 个心跳包发送成功
[02:25:26 INF] 【直播间】23040372 的第 24 个心跳包发送成功
[02:26:32 INF] 【直播间】23357926 的第 25 个心跳包发送成功
[02:26:33 INF] 【直播间】23040372 的第 25 个心跳包发送成功
[02:27:39 INF] 【直播间】23357926 的第 26 个心跳包发送成功
[02:27:40 INF] 【直播间】23040372 的第 26 个心跳包发送成功
[02:28:46 INF] 【直播间】23357926 的第 27 个心跳包发送成功
[02:28:48 INF] 【直播间】23040372 的第 27 个心跳包发送成功
[02:29:53 ERR] 【心跳包】直播间 23357926 发送失败
[02:29:53 ERR] 【原因】time check failed
[02:29:54 ERR] 【心跳包】直播间 23040372 发送失败
[02:29:54 ERR] 【原因】time check failed
[02:31:00 INF] 【直播间】23357926 的第 28 个心跳包发送成功
[02:31:01 INF] 【直播间】23040372 的第 28 个心跳包发送成功
[02:32:07 INF] 【直播间】23357926 的第 29 个心跳包发送成功
[02:32:08 INF] 【直播间】23040372 的第 29 个心跳包发送成功
[02:33:14 INF] 【直播间】23357926 的第 30 个心跳包发送成功
[02:33:15 INF] 【直播间】23040372 的第 30 个心跳包发送成功
[02:34:21 INF] 【直播间】23357926 的第 31 个心跳包发送成功
[02:34:22 INF] 【直播间】23040372 的第 31 个心跳包发送成功
[02:35:28 INF] 【直播间】23357926 的第 32 个心跳包发送成功
[02:35:29 INF] 【直播间】23040372 的第 32 个心跳包发送成功
[02:36:35 INF] 【直播间】23357926 的第 33 个心跳包发送成功
[02:36:36 INF] 【直播间】23040372 的第 33 个心跳包发送成功
[02:37:42 INF] 【直播间】23357926 的第 34 个心跳包发送成功
[02:37:43 INF] 【直播间】23040372 的第 34 个心跳包发送成功
[02:38:49 INF] 【直播间】23357926 的第 35 个心跳包发送成功
[02:38:50 INF] 【直播间】23040372 的第 35 个心跳包发送成功
[02:39:56 INF] 【直播间】23357926 的第 36 个心跳包发送成功
[02:39:57 INF] 【直播间】23040372 的第 36 个心跳包发送成功
[02:41:03 INF] 【直播间】23357926 的第 37 个心跳包发送成功
[02:41:05 INF] 【直播间】23040372 的第 37 个心跳包发送成功
[02:42:10 INF] 【直播间】23357926 的第 38 个心跳包发送成功
[02:42:11 INF] 【直播间】23040372 的第 38 个心跳包发送成功
[02:43:17 INF] 【直播间】23357926 的第 39 个心跳包发送成功
[02:43:18 INF] 【直播间】23040372 的第 39 个心跳包发送成功
[02:44:24 INF] 【直播间】23357926 的第 40 个心跳包发送成功
[02:44:25 ERR] 【心跳包】直播间 23040372 发送失败
[02:44:25 ERR] 【原因】time check failed
[02:45:30 ERR] 【心跳包】直播间 23357926 发送失败
[02:45:30 ERR] 【原因】time check failed
[02:45:32 INF] 【直播间】23040372 的第 40 个心跳包发送成功
[02:46:38 INF] 【直播间】23357926 的第 41 个心跳包发送成功
[02:46:39 INF] 【直播间】23040372 的第 41 个心跳包发送成功
[02:47:44 INF] 【直播间】23357926 的第 42 个心跳包发送成功
[02:47:46 INF] 【直播间】23040372 的第 42 个心跳包发送成功
[02:48:51 INF] 【直播间】23357926 的第 43 个心跳包发送成功
[02:48:52 INF] 【直播间】23040372 的第 43 个心跳包发送成功
[02:49:58 INF] 【直播间】23357926 的第 44 个心跳包发送成功
[02:49:59 INF] 【直播间】23040372 的第 44 个心跳包发送成功
[02:51:05 INF] 【直播间】23357926 的第 45 个心跳包发送成功
[02:51:06 INF] 【直播间】23040372 的第 45 个心跳包发送成功
[02:52:12 INF] 【直播间】23357926 的第 46 个心跳包发送成功
[02:52:13 INF] 【直播间】23040372 的第 46 个心跳包发送成功
[02:53:18 INF] 【直播间】23357926 的第 47 个心跳包发送成功
[02:53:20 INF] 【直播间】23040372 的第 47 个心跳包发送成功
[02:54:25 INF] 【直播间】23357926 的第 48 个心跳包发送成功
[02:54:26 INF] 【直播间】23040372 的第 48 个心跳包发送成功
[02:55:32 INF] 【直播间】23357926 的第 49 个心跳包发送成功
[02:55:34 INF] 【直播间】23040372 的第 49 个心跳包发送成功
[02:56:39 INF] 【直播间】23357926 的第 50 个心跳包发送成功
[02:56:40 INF] 【直播间】23040372 的第 50 个心跳包发送成功
[02:57:46 INF] 【直播间】23357926 的第 51 个心跳包发送成功
[02:57:47 INF] 【直播间】23040372 的第 51 个心跳包发送成功
[02:58:53 INF] 【直播间】23357926 的第 52 个心跳包发送成功
[02:58:54 INF] 【直播间】23040372 的第 52 个心跳包发送成功
[03:00:00 INF] 【直播间】23357926 的第 53 个心跳包发送成功
[03:00:01 ERR] 【心跳包】直播间 23040372 发送失败
[03:00:01 ERR] 【原因】time check failed
[03:01:07 ERR] 【心跳包】直播间 23357926 发送失败
[03:01:07 ERR] 【原因】time check failed
[03:01:08 INF] 【直播间】23040372 的第 53 个心跳包发送成功
[03:02:14 INF] 【直播间】23357926 的第 54 个心跳包发送成功
[03:02:15 INF] 【直播间】23040372 的第 54 个心跳包发送成功
[03:03:21 INF] 【直播间】23357926 的第 55 个心跳包发送成功
[03:03:22 INF] 【直播间】23040372 的第 55 个心跳包发送成功
[03:04:27 INF] 【直播间】23357926 的第 56 个心跳包发送成功
[03:04:28 INF] 【直播间】23040372 的第 56 个心跳包发送成功
[03:05:34 INF] 【直播间】23357926 的第 57 个心跳包发送成功
[03:05:35 INF] 【直播间】23040372 的第 57 个心跳包发送成功
[03:06:41 INF] 【直播间】23357926 的第 58 个心跳包发送成功
[03:06:43 INF] 【直播间】23040372 的第 58 个心跳包发送成功
[03:07:48 INF] 【直播间】23357926 的第 59 个心跳包发送成功
[03:07:50 INF] 【直播间】23040372 的第 59 个心跳包发送成功
[03:08:56 INF] 【直播间】23357926 的第 60 个心跳包发送成功
[03:08:57 INF] 【直播间】23040372 的第 60 个心跳包发送成功
[03:10:03 INF] 【直播间】23357926 的第 61 个心跳包发送成功
[03:10:04 INF] 【直播间】23040372 的第 61 个心跳包发送成功
[03:11:09 INF] 【直播间】23357926 的第 62 个心跳包发送成功
[03:11:11 INF] 【直播间】23040372 的第 62 个心跳包发送成功
[03:12:17 INF] 【直播间】23357926 的第 63 个心跳包发送成功
[03:12:18 INF] 【直播间】23040372 的第 63 个心跳包发送成功
[03:13:24 INF] 【直播间】23357926 的第 64 个心跳包发送成功
[03:13:25 INF] 【直播间】23040372 的第 64 个心跳包发送成功
[03:14:31 INF] 【直播间】23357926 的第 65 个心跳包发送成功
[03:14:32 ERR] 【心跳包】直播间 23040372 发送失败
[03:14:32 ERR] 【原因】time check failed
[03:15:38 ERR] 【心跳包】直播间 23357926 发送失败
[03:15:38 ERR] 【原因】time check failed
[03:15:40 INF] 【直播间】23040372 的第 65 个心跳包发送成功
[03:16:45 INF] 【直播间】23357926 的第 66 个心跳包发送成功
[03:16:46 INF] 【直播间】23040372 的第 66 个心跳包发送成功
[03:17:51 INF] 【直播间】23357926 的第 67 个心跳包发送成功
[03:17:53 INF] 【直播间】23040372 的第 67 个心跳包发送成功
[03:18:59 INF] 【直播间】23357926 的第 68 个心跳包发送成功
[03:19:00 INF] 【直播间】23040372 的第 68 个心跳包发送成功
[03:20:05 INF] 【直播间】23357926 的第 69 个心跳包发送成功
[03:20:07 INF] 【直播间】23040372 的第 69 个心跳包发送成功
[03:21:12 INF] 【直播间】23357926 的第 70 个心跳包发送成功
[03:21:14 INF] 【直播间】23040372 的第 70 个心跳包发送成功
[03:21:14 INF] 【直播观看时长】完成情况：2/2 
[03:21:14 INF] ---------结束---------

[03:21:14 INF] ==========结束==========

[03:21:14 INF] ######### 账号 3 #########

[03:21:14 INF] =====开始 直播间互动 =====

[03:21:14 INF] ---开始 发送弹幕 ---
[03:21:14 INF] 检测到直播 Cookie 未正确配置，尝试自动配置中...
[03:21:21 INF] 直播 Cookie 配置成功！
[03:21:21 INF] 【获取直播列表】获取拥有粉丝牌的直播列表
[03:21:25 INF] 【主播】苏打baka 
[03:21:33 INF] 【直播间】苏打baka
[03:21:33 INF] 【粉丝牌】碳酸钠
[03:21:33 INF] 正在发送弹幕...
[03:21:40 INF] -------结束-------

[03:21:40 INF] ---开始 点赞直播间 ---
[03:21:40 INF] 【获取直播列表】获取拥有粉丝牌的直播列表
[03:21:45 INF] 【弹幕发送】成功~，你和主播 苏打baka 的亲密值增加了100！
[03:21:47 INF] 【主播】苏打baka 
[03:22:06 INF] --------结束--------

[03:22:06 INF] ---开始 直播时长挂机 ---
[03:22:06 INF] 【获取直播列表】获取拥有粉丝牌的直播列表
[03:22:06 INF] 【点赞直播间】23040372 完成
[03:22:11 INF] 【主播】苏打baka 
[03:22:27 INF] 【直播间】23040372 的第 1 个心跳包发送成功
[03:23:34 INF] 【直播间】23040372 的第 2 个心跳包发送成功
[03:24:40 INF] 【直播间】23040372 的第 3 个心跳包发送成功
[03:25:48 INF] 【直播间】23040372 的第 4 个心跳包发送成功
[03:26:54 INF] 【直播间】23040372 的第 5 个心跳包发送成功
[03:28:01 INF] 【直播间】23040372 的第 6 个心跳包发送成功
[03:29:08 INF] 【直播间】23040372 的第 7 个心跳包发送成功
[03:30:15 INF] 【直播间】23040372 的第 8 个心跳包发送成功
[03:31:22 INF] 【直播间】23040372 的第 9 个心跳包发送成功
[03:32:29 INF] 【直播间】23040372 的第 10 个心跳包发送成功
[03:33:36 INF] 【直播间】23040372 的第 11 个心跳包发送成功
[03:34:43 INF] 【直播间】23040372 的第 12 个心跳包发送成功
[03:35:50 INF] 【直播间】23040372 的第 13 个心跳包发送成功
[03:36:57 INF] 【直播间】23040372 的第 14 个心跳包发送成功
[03:38:04 ERR] 【心跳包】直播间 23040372 发送失败
[03:38:04 ERR] 【原因】time check failed
[03:39:11 INF] 【直播间】23040372 的第 15 个心跳包发送成功
[03:40:18 INF] 【直播间】23040372 的第 16 个心跳包发送成功
[03:41:25 INF] 【直播间】23040372 的第 17 个心跳包发送成功
[03:42:32 INF] 【直播间】23040372 的第 18 个心跳包发送成功
[03:43:39 INF] 【直播间】23040372 的第 19 个心跳包发送成功
[03:44:46 INF] 【直播间】23040372 的第 20 个心跳包发送成功
[03:45:53 INF] 【直播间】23040372 的第 21 个心跳包发送成功
[03:47:00 INF] 【直播间】23040372 的第 22 个心跳包发送成功
[03:48:07 INF] 【直播间】23040372 的第 23 个心跳包发送成功
[03:49:13 INF] 【直播间】23040372 的第 24 个心跳包发送成功
[03:50:20 INF] 【直播间】23040372 的第 25 个心跳包发送成功
[03:51:27 INF] 【直播间】23040372 的第 26 个心跳包发送成功
[03:52:33 INF] 【直播间】23040372 的第 27 个心跳包发送成功
[03:53:40 ERR] 【心跳包】直播间 23040372 发送失败
[03:53:40 ERR] 【原因】time check failed
[03:54:47 INF] 【直播间】23040372 的第 28 个心跳包发送成功
[03:55:54 INF] 【直播间】23040372 的第 29 个心跳包发送成功
[03:57:00 INF] 【直播间】23040372 的第 30 个心跳包发送成功
[03:58:07 INF] 【直播间】23040372 的第 31 个心跳包发送成功
[03:59:14 INF] 【直播间】23040372 的第 32 个心跳包发送成功
[04:00:21 INF] 【直播间】23040372 的第 33 个心跳包发送成功
[04:01:28 INF] 【直播间】23040372 的第 34 个心跳包发送成功
[04:02:34 INF] 【直播间】23040372 的第 35 个心跳包发送成功
[04:03:41 INF] 【直播间】23040372 的第 36 个心跳包发送成功
[04:04:48 INF] 【直播间】23040372 的第 37 个心跳包发送成功
[04:05:55 INF] 【直播间】23040372 的第 38 个心跳包发送成功
[04:07:02 INF] 【直播间】23040372 的第 39 个心跳包发送成功
[04:08:09 INF] 【直播间】23040372 的第 40 个心跳包发送成功
[04:09:16 ERR] 【心跳包】直播间 23040372 发送失败
[04:09:16 ERR] 【原因】time check failed
[04:10:23 INF] 【直播间】23040372 的第 41 个心跳包发送成功
[04:11:30 INF] 【直播间】23040372 的第 42 个心跳包发送成功
[04:12:36 INF] 【直播间】23040372 的第 43 个心跳包发送成功
[04:13:43 INF] 【直播间】23040372 的第 44 个心跳包发送成功
[04:14:50 INF] 【直播间】23040372 的第 45 个心跳包发送成功
[04:15:57 INF] 【直播间】23040372 的第 46 个心跳包发送成功
[04:17:05 INF] 【直播间】23040372 的第 47 个心跳包发送成功
[04:18:12 INF] 【直播间】23040372 的第 48 个心跳包发送成功
[04:19:18 INF] 【直播间】23040372 的第 49 个心跳包发送成功
[04:20:25 INF] 【直播间】23040372 的第 50 个心跳包发送成功
[04:21:32 INF] 【直播间】23040372 的第 51 个心跳包发送成功
[04:22:39 INF] 【直播间】23040372 的第 52 个心跳包发送成功
[04:23:46 INF] 【直播间】23040372 的第 53 个心跳包发送成功
[04:24:53 ERR] 【心跳包】直播间 23040372 发送失败
[04:24:53 ERR] 【原因】time check failed
[04:26:00 INF] 【直播间】23040372 的第 54 个心跳包发送成功
[04:27:08 INF] 【直播间】23040372 的第 55 个心跳包发送成功
[04:28:14 INF] 【直播间】23040372 的第 56 个心跳包发送成功
[04:29:21 INF] 【直播间】23040372 的第 57 个心跳包发送成功
[04:30:29 INF] 【直播间】23040372 的第 58 个心跳包发送成功
[04:31:35 INF] 【直播间】23040372 的第 59 个心跳包发送成功
[04:32:42 INF] 【直播间】23040372 的第 60 个心跳包发送成功
[04:33:49 INF] 【直播间】23040372 的第 61 个心跳包发送成功
[04:34:56 INF] 【直播间】23040372 的第 62 个心跳包发送成功
[04:36:04 INF] 【直播间】23040372 的第 63 个心跳包发送成功
[04:37:10 INF] 【直播间】23040372 的第 64 个心跳包发送成功
[04:38:17 INF] 【直播间】23040372 的第 65 个心跳包发送成功
[04:39:24 ERR] 【心跳包】直播间 23040372 发送失败
[04:39:24 ERR] 【原因】time check failed
[04:40:31 INF] 【直播间】23040372 的第 66 个心跳包发送成功
[04:41:38 INF] 【直播间】23040372 的第 67 个心跳包发送成功
[04:42:45 INF] 【直播间】23040372 的第 68 个心跳包发送成功
[04:43:51 INF] 【直播间】23040372 的第 69 个心跳包发送成功
[04:44:59 INF] 【直播间】23040372 的第 70 个心跳包发送成功
[04:44:59 INF] 【直播观看时长】完成情况：1/1 
[04:44:59 INF] ---------结束---------

[04:44:59 INF] ==========结束==========

[04:44:59 INF] 

========================

 v1.0.3 开源 by https://github.com/RayWangQvQ/BiliBiliToolPro

[04:44:59 INF] ·开始推送·LiveFansMedal任务·
2023-05-06T20:44:59.1976113Z 开始推送到:PushPlus
2023-05-06T20:45:00.3723008Z Response status: OK.
2023-05-06T20:45:00.3723507Z Response content: {"code":200,"msg":"请求成功","data":"ca61d0d01a54412fa5e5b30c6a14dbf8","count":null}.

[04:45:00 INF] 运行环境：Development
[04:45:00 INF] 应用目录：/home/runner/work/BiliBiliToolPro/BiliBiliToolPro/src/Ray.BiliBiliTool.Console/bin/Debug/net6.0/

[04:45:00 INF] 运行结束
