----------- ip 信息 ---------
{
  "ip": "13.86.22.103",
  "city": "Des Moines",
  "region": "Iowa",
  "country": "US",
  "loc": "41.6005,-93.6091",
  "org": "AS8075 Microsoft Corporation",
  "postal": "50307",
  "timezone": "America/Chicago",
  "readme": "https://ipinfo.io/missingauth"
} ---------- end ------------
  ____               ____    _   _____           _  
 |  _ \ __ _ _   _  | __ ) _| |_|_   _|__   ___ | | 
 | |_) / _` | | | | |  _ \(_) (_) | |/ _ \ / _ \| | 
 |  _ < (_| | |_| | | |_) | | | | | | (_) | (_) | | 
 |_| \_\__,_|\__, | |____/|_|_|_| |_|\___/ \___/|_| 
             |___/                                  

[00:28:08 INF] BiliBiliToolPro 开始运行...

[00:28:08 INF] 【账号个数】3个

[00:28:08 INF] 随机休眠4分钟

[00:32:08 INF] 【目标任务】LiveFansMedal
[00:32:08 INF] ######### 账号 1 #########

[00:32:08 INF] =====开始 直播间互动 =====

[00:32:08 INF] ---开始 发送弹幕 ---
[00:32:08 INF] 检测到直播 Cookie 未正确配置，尝试自动配置中...
[00:32:12 INF] 直播 Cookie 配置成功！
[00:32:12 INF] 【获取直播列表】获取拥有粉丝牌的直播列表
[00:32:18 INF] 【主播】Mark陌枫 
[00:32:34 INF] 【主播】KL_qiqi_ 
[00:32:47 INF] 【主播】苏打baka 
[00:32:59 INF] 【直播间】Mark陌枫
[00:32:59 INF] 【粉丝牌】馬楓
[00:32:59 INF] 正在发送弹幕...
[00:33:02 INF] 【直播间】KL_qiqi_
[00:33:02 INF] 【粉丝牌】qiqisb
[00:33:02 INF] 正在发送弹幕...
[00:33:06 INF] 【直播间】苏打baka
[00:33:06 INF] 【粉丝牌】碳酸钠
[00:33:06 INF] 正在发送弹幕...
[00:33:09 INF] 【弹幕发送】成功~，你和主播 Mark陌枫 的亲密值增加了100！
[00:33:10 INF] -------结束-------

[00:33:10 INF] ---开始 点赞直播间 ---
[00:33:10 INF] 【获取直播列表】获取拥有粉丝牌的直播列表
[00:33:13 INF] 【主播】Mark陌枫 
[00:33:17 INF] 【弹幕发送】成功~，你和主播 KL_qiqi_ 的亲密值增加了100！
[00:33:18 INF] 【弹幕发送】成功~，你和主播 苏打baka 的亲密值增加了100！
[00:33:29 INF] 【主播】KL_qiqi_ 
[00:33:45 INF] 【主播】苏打baka 
[00:34:12 INF] 【点赞直播间】23357926 完成
[00:34:15 INF] 【点赞直播间】407149 完成
[00:34:19 INF] --------结束--------

[00:34:19 INF] ---开始 直播时长挂机 ---
[00:34:19 INF] 【获取直播列表】获取拥有粉丝牌的直播列表
[00:34:19 INF] 【点赞直播间】23040372 完成
[00:34:27 INF] 【主播】Mark陌枫 
[00:34:42 INF] 【主播】KL_qiqi_ 
[00:34:55 INF] 【主播】苏打baka 
[00:35:09 INF] 【直播间】23357926 的第 1 个心跳包发送成功
[00:35:11 INF] 【直播间】407149 的第 1 个心跳包发送成功
[00:35:12 INF] 【直播间】23040372 的第 1 个心跳包发送成功
[00:36:16 INF] 【直播间】23357926 的第 2 个心跳包发送成功
[00:36:17 INF] 【直播间】407149 的第 2 个心跳包发送成功
[00:36:18 INF] 【直播间】23040372 的第 2 个心跳包发送成功
[00:37:23 INF] 【直播间】23357926 的第 3 个心跳包发送成功
[00:37:24 INF] 【直播间】407149 的第 3 个心跳包发送成功
[00:37:25 INF] 【直播间】23040372 的第 3 个心跳包发送成功
[00:38:29 INF] 【直播间】23357926 的第 4 个心跳包发送成功
[00:38:30 INF] 【直播间】407149 的第 4 个心跳包发送成功
[00:38:32 INF] 【直播间】23040372 的第 4 个心跳包发送成功
[00:39:36 INF] 【直播间】23357926 的第 5 个心跳包发送成功
[00:39:37 INF] 【直播间】407149 的第 5 个心跳包发送成功
[00:39:38 INF] 【直播间】23040372 的第 5 个心跳包发送成功
[00:40:42 INF] 【直播间】23357926 的第 6 个心跳包发送成功
[00:40:44 INF] 【直播间】407149 的第 6 个心跳包发送成功
[00:40:45 INF] 【直播间】23040372 的第 6 个心跳包发送成功
[00:41:49 INF] 【直播间】23357926 的第 7 个心跳包发送成功
[00:41:50 INF] 【直播间】407149 的第 7 个心跳包发送成功
[00:41:51 INF] 【直播间】23040372 的第 7 个心跳包发送成功
[00:42:55 INF] 【直播间】23357926 的第 8 个心跳包发送成功
[00:42:57 INF] 【直播间】407149 的第 8 个心跳包发送成功
[00:42:58 INF] 【直播间】23040372 的第 8 个心跳包发送成功
[00:44:02 INF] 【直播间】23357926 的第 9 个心跳包发送成功
[00:44:03 INF] 【直播间】407149 的第 9 个心跳包发送成功
[00:44:04 INF] 【直播间】23040372 的第 9 个心跳包发送成功
[00:45:09 INF] 【直播间】23357926 的第 10 个心跳包发送成功
[00:45:10 INF] 【直播间】407149 的第 10 个心跳包发送成功
[00:45:11 INF] 【直播间】23040372 的第 10 个心跳包发送成功
[00:46:15 INF] 【直播间】23357926 的第 11 个心跳包发送成功
[00:46:16 INF] 【直播间】407149 的第 11 个心跳包发送成功
[00:46:17 INF] 【直播间】23040372 的第 11 个心跳包发送成功
[00:47:21 INF] 【直播间】23357926 的第 12 个心跳包发送成功
[00:47:23 INF] 【直播间】407149 的第 12 个心跳包发送成功
[00:47:24 INF] 【直播间】23040372 的第 12 个心跳包发送成功
[00:48:28 INF] 【直播间】23357926 的第 13 个心跳包发送成功
[00:48:29 INF] 【直播间】407149 的第 13 个心跳包发送成功
[00:48:31 INF] 【直播间】23040372 的第 13 个心跳包发送成功
[00:49:34 INF] 【直播间】23357926 的第 14 个心跳包发送成功
[00:49:36 INF] 【直播间】407149 的第 14 个心跳包发送成功
[00:49:37 INF] 【直播间】23040372 的第 14 个心跳包发送成功
[00:50:41 ERR] 【心跳包】直播间 23357926 发送失败
[00:50:41 ERR] 【原因】time check failed
[00:50:42 ERR] 【心跳包】直播间 407149 发送失败
[00:50:42 ERR] 【原因】time check failed
[00:50:44 ERR] 【心跳包】直播间 23040372 发送失败
[00:50:44 ERR] 【原因】time check failed
[00:51:48 INF] 【直播间】23357926 的第 15 个心跳包发送成功
[00:51:49 INF] 【直播间】407149 的第 15 个心跳包发送成功
[00:51:50 INF] 【直播间】23040372 的第 15 个心跳包发送成功
[00:52:54 INF] 【直播间】23357926 的第 16 个心跳包发送成功
[00:52:55 INF] 【直播间】407149 的第 16 个心跳包发送成功
[00:52:57 INF] 【直播间】23040372 的第 16 个心跳包发送成功
[00:54:01 INF] 【直播间】23357926 的第 17 个心跳包发送成功
[00:54:02 INF] 【直播间】407149 的第 17 个心跳包发送成功
[00:54:03 INF] 【直播间】23040372 的第 17 个心跳包发送成功
[00:55:07 INF] 【直播间】23357926 的第 18 个心跳包发送成功
[00:55:09 INF] 【直播间】407149 的第 18 个心跳包发送成功
[00:55:10 INF] 【直播间】23040372 的第 18 个心跳包发送成功
[00:56:14 INF] 【直播间】23357926 的第 19 个心跳包发送成功
[00:56:15 INF] 【直播间】407149 的第 19 个心跳包发送成功
[00:56:16 INF] 【直播间】23040372 的第 19 个心跳包发送成功
[00:57:20 INF] 【直播间】23357926 的第 20 个心跳包发送成功
[00:57:22 INF] 【直播间】407149 的第 20 个心跳包发送成功
[00:57:23 INF] 【直播间】23040372 的第 20 个心跳包发送成功
[00:58:27 INF] 【直播间】23357926 的第 21 个心跳包发送成功
[00:58:28 INF] 【直播间】407149 的第 21 个心跳包发送成功
[00:58:29 INF] 【直播间】23040372 的第 21 个心跳包发送成功
[00:59:34 INF] 【直播间】23357926 的第 22 个心跳包发送成功
[00:59:35 INF] 【直播间】407149 的第 22 个心跳包发送成功
[00:59:36 INF] 【直播间】23040372 的第 22 个心跳包发送成功
[01:00:40 INF] 【直播间】23357926 的第 23 个心跳包发送成功
[01:00:42 INF] 【直播间】407149 的第 23 个心跳包发送成功
[01:00:43 INF] 【直播间】23040372 的第 23 个心跳包发送成功
[01:01:47 INF] 【直播间】23357926 的第 24 个心跳包发送成功
[01:01:48 INF] 【直播间】407149 的第 24 个心跳包发送成功
[01:01:49 INF] 【直播间】23040372 的第 24 个心跳包发送成功
[01:02:53 INF] 【直播间】23357926 的第 25 个心跳包发送成功
[01:02:55 INF] 【直播间】407149 的第 25 个心跳包发送成功
[01:02:56 INF] 【直播间】23040372 的第 25 个心跳包发送成功
[01:04:00 INF] 【直播间】23357926 的第 26 个心跳包发送成功
[01:04:01 INF] 【直播间】407149 的第 26 个心跳包发送成功
[01:04:02 INF] 【直播间】23040372 的第 26 个心跳包发送成功
[01:05:06 INF] 【直播间】23357926 的第 27 个心跳包发送成功
[01:05:08 INF] 【直播间】407149 的第 27 个心跳包发送成功
[01:05:09 INF] 【直播间】23040372 的第 27 个心跳包发送成功
[01:06:13 ERR] 【心跳包】直播间 23357926 发送失败
[01:06:13 ERR] 【原因】time check failed
[01:06:14 ERR] 【心跳包】直播间 407149 发送失败
[01:06:14 ERR] 【原因】time check failed
[01:06:15 ERR] 【心跳包】直播间 23040372 发送失败
[01:06:15 ERR] 【原因】time check failed
[01:07:19 INF] 【直播间】23357926 的第 28 个心跳包发送成功
[01:07:21 INF] 【直播间】407149 的第 28 个心跳包发送成功
[01:07:22 INF] 【直播间】23040372 的第 28 个心跳包发送成功
[01:08:26 INF] 【直播间】23357926 的第 29 个心跳包发送成功
[01:08:27 INF] 【直播间】407149 的第 29 个心跳包发送成功
[01:08:28 INF] 【直播间】23040372 的第 29 个心跳包发送成功
[01:09:32 INF] 【直播间】23357926 的第 30 个心跳包发送成功
[01:09:34 INF] 【直播间】407149 的第 30 个心跳包发送成功
[01:09:35 INF] 【直播间】23040372 的第 30 个心跳包发送成功
[01:10:39 INF] 【直播间】23357926 的第 31 个心跳包发送成功
[01:10:40 INF] 【直播间】407149 的第 31 个心跳包发送成功
[01:10:42 INF] 【直播间】23040372 的第 31 个心跳包发送成功
[01:11:45 INF] 【直播间】23357926 的第 32 个心跳包发送成功
[01:11:47 INF] 【直播间】407149 的第 32 个心跳包发送成功
[01:11:48 INF] 【直播间】23040372 的第 32 个心跳包发送成功
[01:12:52 INF] 【直播间】23357926 的第 33 个心跳包发送成功
[01:12:53 INF] 【直播间】407149 的第 33 个心跳包发送成功
[01:12:54 INF] 【直播间】23040372 的第 33 个心跳包发送成功
[01:13:58 INF] 【直播间】23357926 的第 34 个心跳包发送成功
[01:14:00 INF] 【直播间】407149 的第 34 个心跳包发送成功
[01:14:01 INF] 【直播间】23040372 的第 34 个心跳包发送成功
[01:15:05 INF] 【直播间】23357926 的第 35 个心跳包发送成功
[01:15:06 INF] 【直播间】407149 的第 35 个心跳包发送成功
[01:15:07 INF] 【直播间】23040372 的第 35 个心跳包发送成功
[01:16:11 INF] 【直播间】23357926 的第 36 个心跳包发送成功
[01:16:13 INF] 【直播间】407149 的第 36 个心跳包发送成功
[01:16:14 INF] 【直播间】23040372 的第 36 个心跳包发送成功
[01:17:18 INF] 【直播间】23357926 的第 37 个心跳包发送成功
[01:17:19 INF] 【直播间】407149 的第 37 个心跳包发送成功
[01:17:20 INF] 【直播间】23040372 的第 37 个心跳包发送成功
[01:18:24 INF] 【直播间】23357926 的第 38 个心跳包发送成功
[01:18:26 INF] 【直播间】407149 的第 38 个心跳包发送成功
[01:18:27 INF] 【直播间】23040372 的第 38 个心跳包发送成功
[01:19:31 INF] 【直播间】23357926 的第 39 个心跳包发送成功
[01:19:32 INF] 【直播间】407149 的第 39 个心跳包发送成功
[01:19:33 INF] 【直播间】23040372 的第 39 个心跳包发送成功
[01:20:37 INF] 【直播间】23357926 的第 40 个心跳包发送成功
[01:20:39 INF] 【直播间】407149 的第 40 个心跳包发送成功
[01:20:40 INF] 【直播间】23040372 的第 40 个心跳包发送成功
[01:21:44 ERR] 【心跳包】直播间 23357926 发送失败
[01:21:44 ERR] 【原因】time check failed
[01:21:45 ERR] 【心跳包】直播间 407149 发送失败
[01:21:45 ERR] 【原因】time check failed
[01:21:47 ERR] 【心跳包】直播间 23040372 发送失败
[01:21:47 ERR] 【原因】time check failed
[01:22:51 INF] 【直播间】23357926 的第 41 个心跳包发送成功
[01:22:52 INF] 【直播间】407149 的第 41 个心跳包发送成功
[01:22:53 INF] 【直播间】23040372 的第 41 个心跳包发送成功
[01:23:57 INF] 【直播间】23357926 的第 42 个心跳包发送成功
[01:23:58 INF] 【直播间】407149 的第 42 个心跳包发送成功
[01:24:00 INF] 【直播间】23040372 的第 42 个心跳包发送成功
[01:25:04 INF] 【直播间】23357926 的第 43 个心跳包发送成功
[01:25:05 INF] 【直播间】407149 的第 43 个心跳包发送成功
[01:25:06 INF] 【直播间】23040372 的第 43 个心跳包发送成功
[01:26:10 INF] 【直播间】23357926 的第 44 个心跳包发送成功
[01:26:11 INF] 【直播间】407149 的第 44 个心跳包发送成功
[01:26:13 INF] 【直播间】23040372 的第 44 个心跳包发送成功
[01:27:17 INF] 【直播间】23357926 的第 45 个心跳包发送成功
[01:27:18 INF] 【直播间】407149 的第 45 个心跳包发送成功
[01:27:19 INF] 【直播间】23040372 的第 45 个心跳包发送成功
[01:28:23 INF] 【直播间】23357926 的第 46 个心跳包发送成功
[01:28:25 INF] 【直播间】407149 的第 46 个心跳包发送成功
[01:28:26 INF] 【直播间】23040372 的第 46 个心跳包发送成功
[01:29:30 INF] 【直播间】23357926 的第 47 个心跳包发送成功
[01:29:31 INF] 【直播间】407149 的第 47 个心跳包发送成功
[01:29:33 INF] 【直播间】23040372 的第 47 个心跳包发送成功
[01:30:36 INF] 【直播间】23357926 的第 48 个心跳包发送成功
[01:30:38 INF] 【直播间】407149 的第 48 个心跳包发送成功
[01:30:39 INF] 【直播间】23040372 的第 48 个心跳包发送成功
[01:31:43 INF] 【直播间】23357926 的第 49 个心跳包发送成功
[01:31:44 INF] 【直播间】407149 的第 49 个心跳包发送成功
[01:31:45 INF] 【直播间】23040372 的第 49 个心跳包发送成功
[01:32:49 INF] 【直播间】23357926 的第 50 个心跳包发送成功
[01:32:51 INF] 【直播间】407149 的第 50 个心跳包发送成功
[01:32:52 INF] 【直播间】23040372 的第 50 个心跳包发送成功
[01:33:56 INF] 【直播间】23357926 的第 51 个心跳包发送成功
[01:33:57 INF] 【直播间】407149 的第 51 个心跳包发送成功
[01:33:58 INF] 【直播间】23040372 的第 51 个心跳包发送成功
[01:35:02 INF] 【直播间】23357926 的第 52 个心跳包发送成功
[01:35:04 INF] 【直播间】407149 的第 52 个心跳包发送成功
[01:35:05 INF] 【直播间】23040372 的第 52 个心跳包发送成功
[01:36:09 INF] 【直播间】23357926 的第 53 个心跳包发送成功
[01:36:10 INF] 【直播间】407149 的第 53 个心跳包发送成功
[01:36:11 INF] 【直播间】23040372 的第 53 个心跳包发送成功
[01:37:15 ERR] 【心跳包】直播间 23357926 发送失败
[01:37:15 ERR] 【原因】time check failed
[01:37:16 ERR] 【心跳包】直播间 407149 发送失败
[01:37:16 ERR] 【原因】time check failed
[01:37:18 ERR] 【心跳包】直播间 23040372 发送失败
[01:37:18 ERR] 【原因】time check failed
[01:38:22 INF] 【直播间】23357926 的第 54 个心跳包发送成功
[01:38:23 INF] 【直播间】407149 的第 54 个心跳包发送成功
[01:38:25 INF] 【直播间】23040372 的第 54 个心跳包发送成功
[01:39:29 INF] 【直播间】23357926 的第 55 个心跳包发送成功
[01:39:30 INF] 【直播间】407149 的第 55 个心跳包发送成功
[01:39:31 INF] 【直播间】23040372 的第 55 个心跳包发送成功
[01:40:35 INF] 【直播间】23357926 的第 56 个心跳包发送成功
[01:40:36 INF] 【直播间】407149 的第 56 个心跳包发送成功
[01:40:37 INF] 【直播间】23040372 的第 56 个心跳包发送成功
[01:41:41 INF] 【直播间】23357926 的第 57 个心跳包发送成功
[01:41:43 INF] 【直播间】407149 的第 57 个心跳包发送成功
[01:41:44 INF] 【直播间】23040372 的第 57 个心跳包发送成功
[01:42:48 INF] 【直播间】23357926 的第 58 个心跳包发送成功
[01:42:49 INF] 【直播间】407149 的第 58 个心跳包发送成功
[01:42:50 INF] 【直播间】23040372 的第 58 个心跳包发送成功
[01:43:55 INF] 【直播间】23357926 的第 59 个心跳包发送成功
[01:43:56 INF] 【直播间】407149 的第 59 个心跳包发送成功
[01:43:57 INF] 【直播间】23040372 的第 59 个心跳包发送成功
[01:45:01 INF] 【直播间】23357926 的第 60 个心跳包发送成功
[01:45:02 INF] 【直播间】407149 的第 60 个心跳包发送成功
[01:45:03 INF] 【直播间】23040372 的第 60 个心跳包发送成功
[01:46:07 INF] 【直播间】23357926 的第 61 个心跳包发送成功
[01:46:09 INF] 【直播间】407149 的第 61 个心跳包发送成功
[01:46:10 INF] 【直播间】23040372 的第 61 个心跳包发送成功
[01:47:14 INF] 【直播间】23357926 的第 62 个心跳包发送成功
[01:47:15 INF] 【直播间】407149 的第 62 个心跳包发送成功
[01:47:16 INF] 【直播间】23040372 的第 62 个心跳包发送成功
[01:48:20 INF] 【直播间】23357926 的第 63 个心跳包发送成功
[01:48:21 INF] 【直播间】407149 的第 63 个心跳包发送成功
[01:48:23 INF] 【直播间】23040372 的第 63 个心跳包发送成功
[01:49:27 INF] 【直播间】23357926 的第 64 个心跳包发送成功
[01:49:28 INF] 【直播间】407149 的第 64 个心跳包发送成功
[01:49:30 INF] 【直播间】23040372 的第 64 个心跳包发送成功
[01:50:33 INF] 【直播间】23357926 的第 65 个心跳包发送成功
[01:50:35 INF] 【直播间】407149 的第 65 个心跳包发送成功
[01:50:36 INF] 【直播间】23040372 的第 65 个心跳包发送成功
[01:51:40 INF] 【直播间】23357926 的第 66 个心跳包发送成功
[01:51:41 INF] 【直播间】407149 的第 66 个心跳包发送成功
[01:51:42 INF] 【直播间】23040372 的第 66 个心跳包发送成功
[01:52:46 ERR] 【心跳包】直播间 23357926 发送失败
[01:52:46 ERR] 【原因】time check failed
[01:52:47 ERR] 【心跳包】直播间 407149 发送失败
[01:52:47 ERR] 【原因】time check failed
[01:52:49 ERR] 【心跳包】直播间 23040372 发送失败
[01:52:49 ERR] 【原因】time check failed
[01:53:53 INF] 【直播间】23357926 的第 67 个心跳包发送成功
[01:53:54 INF] 【直播间】407149 的第 67 个心跳包发送成功
[01:53:55 INF] 【直播间】23040372 的第 67 个心跳包发送成功
[01:54:59 INF] 【直播间】23357926 的第 68 个心跳包发送成功
[01:55:01 INF] 【直播间】407149 的第 68 个心跳包发送成功
[01:55:02 INF] 【直播间】23040372 的第 68 个心跳包发送成功
[01:56:06 INF] 【直播间】23357926 的第 69 个心跳包发送成功
[01:56:07 INF] 【直播间】407149 的第 69 个心跳包发送成功
[01:56:08 INF] 【直播间】23040372 的第 69 个心跳包发送成功
[01:57:12 INF] 【直播间】23357926 的第 70 个心跳包发送成功
[01:57:13 INF] 【直播间】407149 的第 70 个心跳包发送成功
[01:57:15 INF] 【直播间】23040372 的第 70 个心跳包发送成功
[01:57:15 INF] 【直播观看时长】完成情况：3/3 
[01:57:15 INF] ---------结束---------

[01:57:15 INF] ==========结束==========

[01:57:15 INF] ######### 账号 2 #########

[01:57:15 INF] =====开始 直播间互动 =====

[01:57:15 INF] ---开始 发送弹幕 ---
[01:57:15 INF] 检测到直播 Cookie 未正确配置，尝试自动配置中...
[01:57:18 INF] 直播 Cookie 配置成功！
[01:57:18 INF] 【获取直播列表】获取拥有粉丝牌的直播列表
[01:57:21 INF] 【主播】Mark陌枫 
[01:57:37 INF] 【主播】苏打baka 
[01:57:54 INF] 【主播】特别中二的q3君 
[01:58:13 INF] 【主播】陈抱一 
[01:58:35 INF] 【主播】贪玩的小毅 
[01:58:53 INF] 【主播】KL_qiqi_ 
[01:59:06 INF] 【直播间】Mark陌枫
[01:59:06 INF] 【粉丝牌】馬楓
[01:59:06 INF] 正在发送弹幕...
[01:59:09 INF] 【直播间】苏打baka
[01:59:09 INF] 【粉丝牌】碳酸钠
[01:59:09 INF] 正在发送弹幕...
[01:59:16 INF] 【直播间】特别中二的q3君
[01:59:16 INF] 【粉丝牌】q3GG
[01:59:16 INF] 正在发送弹幕...
[01:59:20 INF] 【直播间】陈抱一
[01:59:20 INF] 【粉丝牌】陈抱一
[01:59:20 INF] 正在发送弹幕...
[01:59:23 INF] 【弹幕发送】成功~，你和主播 Mark陌枫 的亲密值增加了100！
[01:59:24 INF] 【直播间】贪玩的小毅
[01:59:24 INF] 【粉丝牌】大大毅
[01:59:24 INF] 正在发送弹幕...
[01:59:28 INF] 【直播间】KL_qiqi_
[01:59:28 INF] 【粉丝牌】qiqisb
[01:59:28 INF] 正在发送弹幕...
[01:59:28 INF] 【弹幕发送】成功~，你和主播 苏打baka 的亲密值增加了100！
[01:59:30 INF] 【弹幕发送】成功~，你和主播 特别中二的q3君 的亲密值增加了100！
[01:59:33 INF] -------结束-------

[01:59:33 INF] ---开始 点赞直播间 ---
[01:59:33 INF] 【获取直播列表】获取拥有粉丝牌的直播列表
[01:59:34 INF] 【弹幕发送】成功~，你和主播 陈抱一 的亲密值增加了100！
[01:59:37 INF] 【弹幕发送】成功~，你和主播 贪玩的小毅 的亲密值增加了100！
[01:59:40 INF] 【主播】Mark陌枫 
[01:59:45 INF] 【弹幕发送】成功~，你和主播 KL_qiqi_ 的亲密值增加了100！
[01:59:51 INF] 【主播】苏打baka 
[02:00:05 INF] 【主播】特别中二的q3君 
[02:00:22 INF] 【主播】陈抱一 
[02:00:40 INF] 【主播】贪玩的小毅 
[02:00:54 INF] 【主播】KL_qiqi_ 
[02:01:13 INF] 【点赞直播间】23357926 完成
[02:01:18 INF] 【点赞直播间】23040372 完成
[02:01:23 INF] 【点赞直播间】31494 完成
[02:01:30 INF] 【点赞直播间】4015781 完成
[02:01:35 INF] 【点赞直播间】9619073 完成
[02:01:40 INF] --------结束--------

[02:01:40 INF] ---开始 直播时长挂机 ---
[02:01:40 INF] 【获取直播列表】获取拥有粉丝牌的直播列表
[02:01:40 INF] 【点赞直播间】407149 完成
[02:01:44 INF] 【主播】Mark陌枫 
[02:01:58 INF] 【主播】苏打baka 
[02:02:15 INF] 【主播】特别中二的q3君 
[02:02:29 INF] 【主播】陈抱一 
[02:02:42 INF] 【主播】贪玩的小毅 
[02:02:59 INF] 【主播】KL_qiqi_ 
[02:03:14 INF] 【直播间】23357926 的第 1 个心跳包发送成功
[02:03:15 INF] 【直播间】23040372 的第 1 个心跳包发送成功
[02:03:17 INF] 【直播间】31494 的第 1 个心跳包发送成功
[02:03:18 INF] 【直播间】4015781 的第 1 个心跳包发送成功
[02:03:19 INF] 【直播间】9619073 的第 1 个心跳包发送成功
[02:03:20 INF] 【直播间】407149 的第 1 个心跳包发送成功
[02:04:20 INF] 【直播间】23357926 的第 2 个心跳包发送成功
[02:04:22 INF] 【直播间】23040372 的第 2 个心跳包发送成功
[02:04:23 INF] 【直播间】31494 的第 2 个心跳包发送成功
[02:04:24 INF] 【直播间】4015781 的第 2 个心跳包发送成功
[02:04:25 INF] 【直播间】9619073 的第 2 个心跳包发送成功
[02:04:27 INF] 【直播间】407149 的第 2 个心跳包发送成功
[02:05:27 INF] 【直播间】23357926 的第 3 个心跳包发送成功
[02:05:28 INF] 【直播间】23040372 的第 3 个心跳包发送成功
[02:05:29 INF] 【直播间】31494 的第 3 个心跳包发送成功
[02:05:31 INF] 【直播间】4015781 的第 3 个心跳包发送成功
[02:05:32 INF] 【直播间】9619073 的第 3 个心跳包发送成功
[02:05:33 INF] 【直播间】407149 的第 3 个心跳包发送成功
[02:06:33 INF] 【直播间】23357926 的第 4 个心跳包发送成功
[02:06:35 INF] 【直播间】23040372 的第 4 个心跳包发送成功
[02:06:36 INF] 【直播间】31494 的第 4 个心跳包发送成功
[02:06:37 INF] 【直播间】4015781 的第 4 个心跳包发送成功
[02:06:38 INF] 【直播间】9619073 的第 4 个心跳包发送成功
[02:06:40 INF] 【直播间】407149 的第 4 个心跳包发送成功
[02:07:40 INF] 【直播间】23357926 的第 5 个心跳包发送成功
[02:07:41 INF] 【直播间】23040372 的第 5 个心跳包发送成功
[02:07:43 INF] 【直播间】31494 的第 5 个心跳包发送成功
[02:07:44 INF] 【直播间】4015781 的第 5 个心跳包发送成功
[02:07:45 INF] 【直播间】9619073 的第 5 个心跳包发送成功
[02:07:46 INF] 【直播间】407149 的第 5 个心跳包发送成功
[02:08:47 INF] 【直播间】23357926 的第 6 个心跳包发送成功
[02:08:48 INF] 【直播间】23040372 的第 6 个心跳包发送成功
[02:08:49 INF] 【直播间】31494 的第 6 个心跳包发送成功
[02:08:50 INF] 【直播间】4015781 的第 6 个心跳包发送成功
[02:08:51 INF] 【直播间】9619073 的第 6 个心跳包发送成功
[02:08:53 INF] 【直播间】407149 的第 6 个心跳包发送成功
[02:09:53 INF] 【直播间】23357926 的第 7 个心跳包发送成功
[02:09:54 INF] 【直播间】23040372 的第 7 个心跳包发送成功
[02:09:55 INF] 【直播间】31494 的第 7 个心跳包发送成功
[02:09:57 INF] 【直播间】4015781 的第 7 个心跳包发送成功
[02:09:58 INF] 【直播间】9619073 的第 7 个心跳包发送成功
[02:09:59 INF] 【直播间】407149 的第 7 个心跳包发送成功
[02:11:00 INF] 【直播间】23357926 的第 8 个心跳包发送成功
[02:11:01 INF] 【直播间】23040372 的第 8 个心跳包发送成功
[02:11:02 INF] 【直播间】31494 的第 8 个心跳包发送成功
[02:11:04 INF] 【直播间】4015781 的第 8 个心跳包发送成功
[02:11:05 INF] 【直播间】9619073 的第 8 个心跳包发送成功
[02:11:06 INF] 【直播间】407149 的第 8 个心跳包发送成功
[02:12:06 INF] 【直播间】23357926 的第 9 个心跳包发送成功
[02:12:07 INF] 【直播间】23040372 的第 9 个心跳包发送成功
[02:12:09 INF] 【直播间】31494 的第 9 个心跳包发送成功
[02:12:10 INF] 【直播间】4015781 的第 9 个心跳包发送成功
[02:12:11 INF] 【直播间】9619073 的第 9 个心跳包发送成功
[02:12:12 INF] 【直播间】407149 的第 9 个心跳包发送成功
[02:13:13 INF] 【直播间】23357926 的第 10 个心跳包发送成功
[02:13:14 INF] 【直播间】23040372 的第 10 个心跳包发送成功
[02:13:15 INF] 【直播间】31494 的第 10 个心跳包发送成功
[02:13:16 INF] 【直播间】4015781 的第 10 个心跳包发送成功
[02:13:18 INF] 【直播间】9619073 的第 10 个心跳包发送成功
[02:13:19 INF] 【直播间】407149 的第 10 个心跳包发送成功
[02:14:19 INF] 【直播间】23357926 的第 11 个心跳包发送成功
[02:14:20 INF] 【直播间】23040372 的第 11 个心跳包发送成功
[02:14:22 INF] 【直播间】31494 的第 11 个心跳包发送成功
[02:14:23 INF] 【直播间】4015781 的第 11 个心跳包发送成功
[02:14:24 INF] 【直播间】9619073 的第 11 个心跳包发送成功
[02:14:25 INF] 【直播间】407149 的第 11 个心跳包发送成功
[02:15:25 INF] 【直播间】23357926 的第 12 个心跳包发送成功
[02:15:27 INF] 【直播间】23040372 的第 12 个心跳包发送成功
[02:15:28 INF] 【直播间】31494 的第 12 个心跳包发送成功
[02:15:29 INF] 【直播间】4015781 的第 12 个心跳包发送成功
[02:15:30 INF] 【直播间】9619073 的第 12 个心跳包发送成功
[02:15:32 INF] 【直播间】407149 的第 12 个心跳包发送成功
[02:16:32 INF] 【直播间】23357926 的第 13 个心跳包发送成功
[02:16:33 INF] 【直播间】23040372 的第 13 个心跳包发送成功
[02:16:35 INF] 【直播间】31494 的第 13 个心跳包发送成功
[02:16:36 INF] 【直播间】4015781 的第 13 个心跳包发送成功
[02:16:37 INF] 【直播间】9619073 的第 13 个心跳包发送成功
[02:16:38 INF] 【直播间】407149 的第 13 个心跳包发送成功
[02:17:38 INF] 【直播间】23357926 的第 14 个心跳包发送成功
[02:17:40 INF] 【直播间】23040372 的第 14 个心跳包发送成功
[02:17:41 INF] 【直播间】31494 的第 14 个心跳包发送成功
[02:17:42 INF] 【直播间】4015781 的第 14 个心跳包发送成功
[02:17:43 INF] 【直播间】9619073 的第 14 个心跳包发送成功
[02:17:45 INF] 【直播间】407149 的第 14 个心跳包发送成功
[02:18:45 ERR] 【心跳包】直播间 23357926 发送失败
[02:18:45 ERR] 【原因】time check failed
[02:18:46 ERR] 【心跳包】直播间 23040372 发送失败
[02:18:46 ERR] 【原因】time check failed
[02:18:47 ERR] 【心跳包】直播间 31494 发送失败
[02:18:47 ERR] 【原因】time check failed
[02:18:49 INF] 【直播间】4015781 的第 15 个心跳包发送成功
[02:18:50 ERR] 【心跳包】直播间 9619073 发送失败
[02:18:50 ERR] 【原因】time check failed
[02:18:51 ERR] 【心跳包】直播间 407149 发送失败
[02:18:51 ERR] 【原因】time check failed
[02:19:51 INF] 【直播间】23357926 的第 15 个心跳包发送成功
[02:19:53 INF] 【直播间】23040372 的第 15 个心跳包发送成功
[02:19:54 INF] 【直播间】31494 的第 15 个心跳包发送成功
[02:19:55 ERR] 【心跳包】直播间 4015781 发送失败
[02:19:55 ERR] 【原因】time check failed
[02:19:56 INF] 【直播间】9619073 的第 15 个心跳包发送成功
[02:19:58 INF] 【直播间】407149 的第 15 个心跳包发送成功
[02:20:58 INF] 【直播间】23357926 的第 16 个心跳包发送成功
[02:20:59 INF] 【直播间】23040372 的第 16 个心跳包发送成功
[02:21:00 INF] 【直播间】31494 的第 16 个心跳包发送成功
[02:21:02 INF] 【直播间】4015781 的第 16 个心跳包发送成功
[02:21:03 INF] 【直播间】9619073 的第 16 个心跳包发送成功
[02:21:04 INF] 【直播间】407149 的第 16 个心跳包发送成功
[02:22:04 INF] 【直播间】23357926 的第 17 个心跳包发送成功
[02:22:06 INF] 【直播间】23040372 的第 17 个心跳包发送成功
[02:22:07 INF] 【直播间】31494 的第 17 个心跳包发送成功
[02:22:08 INF] 【直播间】4015781 的第 17 个心跳包发送成功
[02:22:09 INF] 【直播间】9619073 的第 17 个心跳包发送成功
[02:22:11 INF] 【直播间】407149 的第 17 个心跳包发送成功
[02:23:11 INF] 【直播间】23357926 的第 18 个心跳包发送成功
[02:23:12 INF] 【直播间】23040372 的第 18 个心跳包发送成功
[02:23:13 INF] 【直播间】31494 的第 18 个心跳包发送成功
[02:23:15 INF] 【直播间】4015781 的第 18 个心跳包发送成功
[02:23:16 INF] 【直播间】9619073 的第 18 个心跳包发送成功
[02:23:17 INF] 【直播间】407149 的第 18 个心跳包发送成功
[02:24:17 INF] 【直播间】23357926 的第 19 个心跳包发送成功
[02:24:19 INF] 【直播间】23040372 的第 19 个心跳包发送成功
[02:24:20 INF] 【直播间】31494 的第 19 个心跳包发送成功
[02:24:21 INF] 【直播间】4015781 的第 19 个心跳包发送成功
[02:24:22 INF] 【直播间】9619073 的第 19 个心跳包发送成功
[02:24:23 INF] 【直播间】407149 的第 19 个心跳包发送成功
[02:25:24 INF] 【直播间】23357926 的第 20 个心跳包发送成功
[02:25:25 INF] 【直播间】23040372 的第 20 个心跳包发送成功
[02:25:26 INF] 【直播间】31494 的第 20 个心跳包发送成功
[02:25:28 INF] 【直播间】4015781 的第 20 个心跳包发送成功
[02:25:29 INF] 【直播间】9619073 的第 20 个心跳包发送成功
[02:25:30 INF] 【直播间】407149 的第 20 个心跳包发送成功
[02:26:30 INF] 【直播间】23357926 的第 21 个心跳包发送成功
[02:26:32 INF] 【直播间】23040372 的第 21 个心跳包发送成功
[02:26:33 INF] 【直播间】31494 的第 21 个心跳包发送成功
[02:26:34 INF] 【直播间】4015781 的第 21 个心跳包发送成功
[02:26:35 INF] 【直播间】9619073 的第 21 个心跳包发送成功
[02:26:37 INF] 【直播间】407149 的第 21 个心跳包发送成功
[02:27:37 INF] 【直播间】23357926 的第 22 个心跳包发送成功
[02:27:38 INF] 【直播间】23040372 的第 22 个心跳包发送成功
[02:27:40 INF] 【直播间】31494 的第 22 个心跳包发送成功
[02:27:41 INF] 【直播间】4015781 的第 22 个心跳包发送成功
[02:27:42 INF] 【直播间】9619073 的第 22 个心跳包发送成功
[02:27:43 INF] 【直播间】407149 的第 22 个心跳包发送成功
[02:28:44 INF] 【直播间】23357926 的第 23 个心跳包发送成功
[02:28:45 INF] 【直播间】23040372 的第 23 个心跳包发送成功
[02:28:46 INF] 【直播间】31494 的第 23 个心跳包发送成功
[02:28:47 INF] 【直播间】4015781 的第 23 个心跳包发送成功
[02:28:49 INF] 【直播间】9619073 的第 23 个心跳包发送成功
[02:28:50 INF] 【直播间】407149 的第 23 个心跳包发送成功
[02:29:50 INF] 【直播间】23357926 的第 24 个心跳包发送成功
[02:29:51 INF] 【直播间】23040372 的第 24 个心跳包发送成功
[02:29:53 INF] 【直播间】31494 的第 24 个心跳包发送成功
[02:29:54 INF] 【直播间】4015781 的第 24 个心跳包发送成功
[02:29:55 INF] 【直播间】9619073 的第 24 个心跳包发送成功
[02:29:56 INF] 【直播间】407149 的第 24 个心跳包发送成功
[02:30:57 INF] 【直播间】23357926 的第 25 个心跳包发送成功
[02:30:58 INF] 【直播间】23040372 的第 25 个心跳包发送成功
[02:30:59 INF] 【直播间】31494 的第 25 个心跳包发送成功
[02:31:00 INF] 【直播间】4015781 的第 25 个心跳包发送成功
[02:31:01 INF] 【直播间】9619073 的第 25 个心跳包发送成功
[02:31:03 INF] 【直播间】407149 的第 25 个心跳包发送成功
[02:32:03 INF] 【直播间】23357926 的第 26 个心跳包发送成功
[02:32:04 INF] 【直播间】23040372 的第 26 个心跳包发送成功
[02:32:05 INF] 【直播间】31494 的第 26 个心跳包发送成功
[02:32:07 INF] 【直播间】4015781 的第 26 个心跳包发送成功
[02:32:08 INF] 【直播间】9619073 的第 26 个心跳包发送成功
[02:32:09 INF] 【直播间】407149 的第 26 个心跳包发送成功
[02:33:10 INF] 【直播间】23357926 的第 27 个心跳包发送成功
[02:33:11 INF] 【直播间】23040372 的第 27 个心跳包发送成功
[02:33:12 INF] 【直播间】31494 的第 27 个心跳包发送成功
[02:33:14 INF] 【直播间】4015781 的第 27 个心跳包发送成功
[02:33:15 INF] 【直播间】9619073 的第 27 个心跳包发送成功
[02:33:16 INF] 【直播间】407149 的第 27 个心跳包发送成功
[02:34:16 ERR] 【心跳包】直播间 23357926 发送失败
[02:34:16 ERR] 【原因】time check failed
[02:34:17 ERR] 【心跳包】直播间 23040372 发送失败
[02:34:17 ERR] 【原因】time check failed
[02:34:19 ERR] 【心跳包】直播间 31494 发送失败
[02:34:19 ERR] 【原因】time check failed
[02:34:20 INF] 【直播间】4015781 的第 28 个心跳包发送成功
[02:34:21 ERR] 【心跳包】直播间 9619073 发送失败
[02:34:21 ERR] 【原因】time check failed
[02:34:22 ERR] 【心跳包】直播间 407149 发送失败
[02:34:22 ERR] 【原因】time check failed
[02:35:23 INF] 【直播间】23357926 的第 28 个心跳包发送成功
[02:35:24 INF] 【直播间】23040372 的第 28 个心跳包发送成功
[02:35:25 INF] 【直播间】31494 的第 28 个心跳包发送成功
[02:35:26 ERR] 【心跳包】直播间 4015781 发送失败
[02:35:26 ERR] 【原因】time check failed
[02:35:28 INF] 【直播间】9619073 的第 28 个心跳包发送成功
[02:35:29 INF] 【直播间】407149 的第 28 个心跳包发送成功
[02:36:29 INF] 【直播间】23357926 的第 29 个心跳包发送成功
[02:36:30 INF] 【直播间】23040372 的第 29 个心跳包发送成功
[02:36:32 INF] 【直播间】31494 的第 29 个心跳包发送成功
[02:36:33 INF] 【直播间】4015781 的第 29 个心跳包发送成功
[02:36:34 INF] 【直播间】9619073 的第 29 个心跳包发送成功
[02:36:36 INF] 【直播间】407149 的第 29 个心跳包发送成功
[02:37:36 INF] 【直播间】23357926 的第 30 个心跳包发送成功
[02:37:37 INF] 【直播间】23040372 的第 30 个心跳包发送成功
[02:37:38 INF] 【直播间】31494 的第 30 个心跳包发送成功
[02:37:39 INF] 【直播间】4015781 的第 30 个心跳包发送成功
[02:37:41 INF] 【直播间】9619073 的第 30 个心跳包发送成功
[02:37:42 INF] 【直播间】407149 的第 30 个心跳包发送成功
[02:38:42 INF] 【直播间】23357926 的第 31 个心跳包发送成功
[02:38:44 INF] 【直播间】23040372 的第 31 个心跳包发送成功
[02:38:45 INF] 【直播间】31494 的第 31 个心跳包发送成功
[02:38:46 INF] 【直播间】4015781 的第 31 个心跳包发送成功
[02:38:48 INF] 【直播间】9619073 的第 31 个心跳包发送成功
[02:38:49 INF] 【直播间】407149 的第 31 个心跳包发送成功
[02:39:49 INF] 【直播间】23357926 的第 32 个心跳包发送成功
[02:39:50 INF] 【直播间】23040372 的第 32 个心跳包发送成功
[02:39:52 INF] 【直播间】31494 的第 32 个心跳包发送成功
[02:39:53 INF] 【直播间】4015781 的第 32 个心跳包发送成功
[02:39:54 INF] 【直播间】9619073 的第 32 个心跳包发送成功
[02:39:55 INF] 【直播间】407149 的第 32 个心跳包发送成功
[02:40:55 INF] 【直播间】23357926 的第 33 个心跳包发送成功
[02:40:57 INF] 【直播间】23040372 的第 33 个心跳包发送成功
[02:40:58 INF] 【直播间】31494 的第 33 个心跳包发送成功
[02:40:59 INF] 【直播间】4015781 的第 33 个心跳包发送成功
[02:41:00 INF] 【直播间】9619073 的第 33 个心跳包发送成功
[02:41:02 INF] 【直播间】407149 的第 33 个心跳包发送成功
[02:42:02 INF] 【直播间】23357926 的第 34 个心跳包发送成功
[02:42:03 INF] 【直播间】23040372 的第 34 个心跳包发送成功
[02:42:04 INF] 【直播间】31494 的第 34 个心跳包发送成功
[02:42:06 INF] 【直播间】4015781 的第 34 个心跳包发送成功
[02:42:07 INF] 【直播间】9619073 的第 34 个心跳包发送成功
[02:42:08 INF] 【直播间】407149 的第 34 个心跳包发送成功
[02:43:08 INF] 【直播间】23357926 的第 35 个心跳包发送成功
[02:43:10 INF] 【直播间】23040372 的第 35 个心跳包发送成功
[02:43:11 INF] 【直播间】31494 的第 35 个心跳包发送成功
[02:43:12 INF] 【直播间】4015781 的第 35 个心跳包发送成功
[02:43:13 INF] 【直播间】9619073 的第 35 个心跳包发送成功
[02:43:15 INF] 【直播间】407149 的第 35 个心跳包发送成功
[02:44:15 INF] 【直播间】23357926 的第 36 个心跳包发送成功
[02:44:16 INF] 【直播间】23040372 的第 36 个心跳包发送成功
[02:44:17 INF] 【直播间】31494 的第 36 个心跳包发送成功
[02:44:19 INF] 【直播间】4015781 的第 36 个心跳包发送成功
[02:44:20 INF] 【直播间】9619073 的第 36 个心跳包发送成功
[02:44:21 INF] 【直播间】407149 的第 36 个心跳包发送成功
[02:45:22 INF] 【直播间】23357926 的第 37 个心跳包发送成功
[02:45:23 INF] 【直播间】23040372 的第 37 个心跳包发送成功
[02:45:24 INF] 【直播间】31494 的第 37 个心跳包发送成功
[02:45:25 INF] 【直播间】4015781 的第 37 个心跳包发送成功
[02:45:27 INF] 【直播间】9619073 的第 37 个心跳包发送成功
[02:45:28 INF] 【直播间】407149 的第 37 个心跳包发送成功
[02:46:28 INF] 【直播间】23357926 的第 38 个心跳包发送成功
[02:46:29 INF] 【直播间】23040372 的第 38 个心跳包发送成功
[02:46:31 INF] 【直播间】31494 的第 38 个心跳包发送成功
[02:46:32 INF] 【直播间】4015781 的第 38 个心跳包发送成功
[02:46:33 INF] 【直播间】9619073 的第 38 个心跳包发送成功
[02:46:34 INF] 【直播间】407149 的第 38 个心跳包发送成功
[02:47:35 INF] 【直播间】23357926 的第 39 个心跳包发送成功
[02:47:36 INF] 【直播间】23040372 的第 39 个心跳包发送成功
[02:47:37 INF] 【直播间】31494 的第 39 个心跳包发送成功
[02:47:38 INF] 【直播间】4015781 的第 39 个心跳包发送成功
[02:47:40 INF] 【直播间】9619073 的第 39 个心跳包发送成功
[02:47:41 INF] 【直播间】407149 的第 39 个心跳包发送成功
[02:48:41 INF] 【直播间】23357926 的第 40 个心跳包发送成功
[02:48:42 INF] 【直播间】23040372 的第 40 个心跳包发送成功
[02:48:44 INF] 【直播间】31494 的第 40 个心跳包发送成功
[02:48:45 INF] 【直播间】4015781 的第 40 个心跳包发送成功
[02:48:46 INF] 【直播间】9619073 的第 40 个心跳包发送成功
[02:48:47 INF] 【直播间】407149 的第 40 个心跳包发送成功
[02:49:48 ERR] 【心跳包】直播间 23357926 发送失败
[02:49:48 ERR] 【原因】time check failed
[02:49:49 ERR] 【心跳包】直播间 23040372 发送失败
[02:49:49 ERR] 【原因】time check failed
[02:49:50 ERR] 【心跳包】直播间 31494 发送失败
[02:49:50 ERR] 【原因】time check failed
[02:49:51 INF] 【直播间】4015781 的第 41 个心跳包发送成功
[02:49:53 ERR] 【心跳包】直播间 9619073 发送失败
[02:49:53 ERR] 【原因】time check failed
[02:49:54 ERR] 【心跳包】直播间 407149 发送失败
[02:49:54 ERR] 【原因】time check failed
[02:50:54 INF] 【直播间】23357926 的第 41 个心跳包发送成功
[02:50:55 INF] 【直播间】23040372 的第 41 个心跳包发送成功
[02:50:57 INF] 【直播间】31494 的第 41 个心跳包发送成功
[02:50:58 ERR] 【心跳包】直播间 4015781 发送失败
[02:50:58 ERR] 【原因】time check failed
[02:50:59 INF] 【直播间】9619073 的第 41 个心跳包发送成功
[02:51:00 INF] 【直播间】407149 的第 41 个心跳包发送成功
[02:52:01 INF] 【直播间】23357926 的第 42 个心跳包发送成功
[02:52:02 INF] 【直播间】23040372 的第 42 个心跳包发送成功
[02:52:03 INF] 【直播间】31494 的第 42 个心跳包发送成功
[02:52:04 INF] 【直播间】4015781 的第 42 个心跳包发送成功
[02:52:06 INF] 【直播间】9619073 的第 42 个心跳包发送成功
[02:52:07 INF] 【直播间】407149 的第 42 个心跳包发送成功
[02:53:07 INF] 【直播间】23357926 的第 43 个心跳包发送成功
[02:53:08 INF] 【直播间】23040372 的第 43 个心跳包发送成功
[02:53:10 INF] 【直播间】31494 的第 43 个心跳包发送成功
[02:53:11 INF] 【直播间】4015781 的第 43 个心跳包发送成功
[02:53:12 INF] 【直播间】9619073 的第 43 个心跳包发送成功
[02:53:13 INF] 【直播间】407149 的第 43 个心跳包发送成功
[02:54:14 INF] 【直播间】23357926 的第 44 个心跳包发送成功
[02:54:15 INF] 【直播间】23040372 的第 44 个心跳包发送成功
[02:54:16 INF] 【直播间】31494 的第 44 个心跳包发送成功
[02:54:17 INF] 【直播间】4015781 的第 44 个心跳包发送成功
[02:54:18 INF] 【直播间】9619073 的第 44 个心跳包发送成功
[02:54:20 INF] 【直播间】407149 的第 44 个心跳包发送成功
[02:55:20 INF] 【直播间】23357926 的第 45 个心跳包发送成功
[02:55:21 INF] 【直播间】23040372 的第 45 个心跳包发送成功
[02:55:23 INF] 【直播间】31494 的第 45 个心跳包发送成功
[02:55:24 INF] 【直播间】4015781 的第 45 个心跳包发送成功
[02:55:25 INF] 【直播间】9619073 的第 45 个心跳包发送成功
[02:55:27 INF] 【直播间】407149 的第 45 个心跳包发送成功
[02:56:27 INF] 【直播间】23357926 的第 46 个心跳包发送成功
[02:56:28 INF] 【直播间】23040372 的第 46 个心跳包发送成功
[02:56:29 INF] 【直播间】31494 的第 46 个心跳包发送成功
[02:56:30 INF] 【直播间】4015781 的第 46 个心跳包发送成功
[02:56:31 INF] 【直播间】9619073 的第 46 个心跳包发送成功
[02:56:33 INF] 【直播间】407149 的第 46 个心跳包发送成功
[02:57:33 INF] 【直播间】23357926 的第 47 个心跳包发送成功
[02:57:34 INF] 【直播间】23040372 的第 47 个心跳包发送成功
[02:57:35 INF] 【直播间】31494 的第 47 个心跳包发送成功
[02:57:37 INF] 【直播间】4015781 的第 47 个心跳包发送成功
[02:57:38 INF] 【直播间】9619073 的第 47 个心跳包发送成功
[02:57:39 INF] 【直播间】407149 的第 47 个心跳包发送成功
[02:58:39 INF] 【直播间】23357926 的第 48 个心跳包发送成功
[02:58:41 INF] 【直播间】23040372 的第 48 个心跳包发送成功
[02:58:42 INF] 【直播间】31494 的第 48 个心跳包发送成功
[02:58:43 INF] 【直播间】4015781 的第 48 个心跳包发送成功
[02:58:44 INF] 【直播间】9619073 的第 48 个心跳包发送成功
[02:58:45 INF] 【直播间】407149 的第 48 个心跳包发送成功
[02:59:46 INF] 【直播间】23357926 的第 49 个心跳包发送成功
[02:59:47 INF] 【直播间】23040372 的第 49 个心跳包发送成功
[02:59:49 INF] 【直播间】31494 的第 49 个心跳包发送成功
[02:59:50 INF] 【直播间】4015781 的第 49 个心跳包发送成功
[02:59:51 INF] 【直播间】9619073 的第 49 个心跳包发送成功
[02:59:52 INF] 【直播间】407149 的第 49 个心跳包发送成功
[03:00:53 INF] 【直播间】23357926 的第 50 个心跳包发送成功
[03:00:54 INF] 【直播间】23040372 的第 50 个心跳包发送成功
[03:00:55 INF] 【直播间】31494 的第 50 个心跳包发送成功
[03:00:56 INF] 【直播间】4015781 的第 50 个心跳包发送成功
[03:00:57 INF] 【直播间】9619073 的第 50 个心跳包发送成功
[03:00:59 INF] 【直播间】407149 的第 50 个心跳包发送成功
[03:01:59 INF] 【直播间】23357926 的第 51 个心跳包发送成功
[03:02:00 INF] 【直播间】23040372 的第 51 个心跳包发送成功
[03:02:01 INF] 【直播间】31494 的第 51 个心跳包发送成功
[03:02:03 INF] 【直播间】4015781 的第 51 个心跳包发送成功
[03:02:04 INF] 【直播间】9619073 的第 51 个心跳包发送成功
[03:02:05 INF] 【直播间】407149 的第 51 个心跳包发送成功
[03:03:05 INF] 【直播间】23357926 的第 52 个心跳包发送成功
[03:03:06 INF] 【直播间】23040372 的第 52 个心跳包发送成功
[03:03:08 INF] 【直播间】31494 的第 52 个心跳包发送成功
[03:03:09 INF] 【直播间】4015781 的第 52 个心跳包发送成功
[03:03:10 INF] 【直播间】9619073 的第 52 个心跳包发送成功
[03:03:11 INF] 【直播间】407149 的第 52 个心跳包发送成功
[03:04:12 INF] 【直播间】23357926 的第 53 个心跳包发送成功
[03:04:13 INF] 【直播间】23040372 的第 53 个心跳包发送成功
[03:04:14 INF] 【直播间】31494 的第 53 个心跳包发送成功
[03:04:16 INF] 【直播间】4015781 的第 53 个心跳包发送成功
[03:04:17 INF] 【直播间】9619073 的第 53 个心跳包发送成功
[03:04:18 INF] 【直播间】407149 的第 53 个心跳包发送成功
[03:05:18 INF] 【直播间】23357926 的第 54 个心跳包发送成功
[03:05:20 ERR] 【心跳包】直播间 23040372 发送失败
[03:05:20 ERR] 【原因】time check failed
[03:05:21 ERR] 【心跳包】直播间 31494 发送失败
[03:05:21 ERR] 【原因】time check failed
[03:05:22 INF] 【直播间】4015781 的第 54 个心跳包发送成功
[03:05:23 ERR] 【心跳包】直播间 9619073 发送失败
[03:05:23 ERR] 【原因】time check failed
[03:05:25 ERR] 【心跳包】直播间 407149 发送失败
[03:05:25 ERR] 【原因】time check failed
[03:06:25 ERR] 【心跳包】直播间 23357926 发送失败
[03:06:25 ERR] 【原因】time check failed
[03:06:26 INF] 【直播间】23040372 的第 54 个心跳包发送成功
[03:06:28 INF] 【直播间】31494 的第 54 个心跳包发送成功
[03:06:29 ERR] 【心跳包】直播间 4015781 发送失败
[03:06:29 ERR] 【原因】time check failed
[03:06:30 INF] 【直播间】9619073 的第 54 个心跳包发送成功
[03:06:31 INF] 【直播间】407149 的第 54 个心跳包发送成功
[03:07:32 INF] 【直播间】23357926 的第 55 个心跳包发送成功
[03:07:33 INF] 【直播间】23040372 的第 55 个心跳包发送成功
[03:07:34 INF] 【直播间】31494 的第 55 个心跳包发送成功
[03:07:35 INF] 【直播间】4015781 的第 55 个心跳包发送成功
[03:07:37 INF] 【直播间】9619073 的第 55 个心跳包发送成功
[03:07:38 INF] 【直播间】407149 的第 55 个心跳包发送成功
[03:08:38 INF] 【直播间】23357926 的第 56 个心跳包发送成功
[03:08:39 INF] 【直播间】23040372 的第 56 个心跳包发送成功
[03:08:41 INF] 【直播间】31494 的第 56 个心跳包发送成功
[03:08:42 INF] 【直播间】4015781 的第 56 个心跳包发送成功
[03:08:43 INF] 【直播间】9619073 的第 56 个心跳包发送成功
[03:08:44 INF] 【直播间】407149 的第 56 个心跳包发送成功
[03:09:45 INF] 【直播间】23357926 的第 57 个心跳包发送成功
[03:09:46 INF] 【直播间】23040372 的第 57 个心跳包发送成功
[03:09:47 INF] 【直播间】31494 的第 57 个心跳包发送成功
[03:09:48 INF] 【直播间】4015781 的第 57 个心跳包发送成功
[03:09:50 INF] 【直播间】9619073 的第 57 个心跳包发送成功
[03:09:51 INF] 【直播间】407149 的第 57 个心跳包发送成功
[03:10:51 INF] 【直播间】23357926 的第 58 个心跳包发送成功
[03:10:52 INF] 【直播间】23040372 的第 58 个心跳包发送成功
[03:10:54 INF] 【直播间】31494 的第 58 个心跳包发送成功
[03:10:55 INF] 【直播间】4015781 的第 58 个心跳包发送成功
[03:10:56 INF] 【直播间】9619073 的第 58 个心跳包发送成功
[03:10:57 INF] 【直播间】407149 的第 58 个心跳包发送成功
[03:11:58 INF] 【直播间】23357926 的第 59 个心跳包发送成功
[03:11:59 INF] 【直播间】23040372 的第 59 个心跳包发送成功
[03:12:00 INF] 【直播间】31494 的第 59 个心跳包发送成功
[03:12:02 INF] 【直播间】4015781 的第 59 个心跳包发送成功
[03:12:03 INF] 【直播间】9619073 的第 59 个心跳包发送成功
[03:12:04 INF] 【直播间】407149 的第 59 个心跳包发送成功
[03:13:04 INF] 【直播间】23357926 的第 60 个心跳包发送成功
[03:13:06 INF] 【直播间】23040372 的第 60 个心跳包发送成功
[03:13:07 INF] 【直播间】31494 的第 60 个心跳包发送成功
[03:13:08 INF] 【直播间】4015781 的第 60 个心跳包发送成功
[03:13:09 INF] 【直播间】9619073 的第 60 个心跳包发送成功
[03:13:11 INF] 【直播间】407149 的第 60 个心跳包发送成功
[03:14:11 INF] 【直播间】23357926 的第 61 个心跳包发送成功
[03:14:12 INF] 【直播间】23040372 的第 61 个心跳包发送成功
[03:14:13 INF] 【直播间】31494 的第 61 个心跳包发送成功
[03:14:14 INF] 【直播间】4015781 的第 61 个心跳包发送成功
[03:14:16 INF] 【直播间】9619073 的第 61 个心跳包发送成功
[03:14:17 INF] 【直播间】407149 的第 61 个心跳包发送成功
[03:15:17 INF] 【直播间】23357926 的第 62 个心跳包发送成功
[03:15:18 INF] 【直播间】23040372 的第 62 个心跳包发送成功
[03:15:20 INF] 【直播间】31494 的第 62 个心跳包发送成功
[03:15:21 INF] 【直播间】4015781 的第 62 个心跳包发送成功
[03:15:22 INF] 【直播间】9619073 的第 62 个心跳包发送成功
[03:15:24 INF] 【直播间】407149 的第 62 个心跳包发送成功
[03:16:24 INF] 【直播间】23357926 的第 63 个心跳包发送成功
[03:16:25 INF] 【直播间】23040372 的第 63 个心跳包发送成功
[03:16:26 INF] 【直播间】31494 的第 63 个心跳包发送成功
[03:16:27 INF] 【直播间】4015781 的第 63 个心跳包发送成功
[03:16:28 INF] 【直播间】9619073 的第 63 个心跳包发送成功
[03:16:30 INF] 【直播间】407149 的第 63 个心跳包发送成功
[03:17:30 INF] 【直播间】23357926 的第 64 个心跳包发送成功
[03:17:32 INF] 【直播间】23040372 的第 64 个心跳包发送成功
[03:17:33 INF] 【直播间】31494 的第 64 个心跳包发送成功
[03:17:34 INF] 【直播间】4015781 的第 64 个心跳包发送成功
[03:17:35 INF] 【直播间】9619073 的第 64 个心跳包发送成功
[03:17:37 INF] 【直播间】407149 的第 64 个心跳包发送成功
[03:18:37 INF] 【直播间】23357926 的第 65 个心跳包发送成功
[03:18:38 INF] 【直播间】23040372 的第 65 个心跳包发送成功
[03:18:39 INF] 【直播间】31494 的第 65 个心跳包发送成功
[03:18:40 INF] 【直播间】4015781 的第 65 个心跳包发送成功
[03:18:42 INF] 【直播间】9619073 的第 65 个心跳包发送成功
[03:18:43 INF] 【直播间】407149 的第 65 个心跳包发送成功
[03:19:43 INF] 【直播间】23357926 的第 66 个心跳包发送成功
[03:19:44 INF] 【直播间】23040372 的第 66 个心跳包发送成功
[03:19:46 INF] 【直播间】31494 的第 66 个心跳包发送成功
[03:19:47 INF] 【直播间】4015781 的第 66 个心跳包发送成功
[03:19:48 INF] 【直播间】9619073 的第 66 个心跳包发送成功
[03:19:50 INF] 【直播间】407149 的第 66 个心跳包发送成功
[03:20:50 INF] 【直播间】23357926 的第 67 个心跳包发送成功
[03:20:51 ERR] 【心跳包】直播间 23040372 发送失败
[03:20:51 ERR] 【原因】time check failed
[03:20:52 ERR] 【心跳包】直播间 31494 发送失败
[03:20:52 ERR] 【原因】time check failed
[03:20:53 INF] 【直播间】4015781 的第 67 个心跳包发送成功
[03:20:55 ERR] 【心跳包】直播间 9619073 发送失败
[03:20:55 ERR] 【原因】time check failed
[03:20:56 ERR] 【心跳包】直播间 407149 发送失败
[03:20:56 ERR] 【原因】time check failed
[03:21:56 ERR] 【心跳包】直播间 23357926 发送失败
[03:21:56 ERR] 【原因】time check failed
[03:21:57 INF] 【直播间】23040372 的第 67 个心跳包发送成功
[03:21:58 INF] 【直播间】31494 的第 67 个心跳包发送成功
[03:22:00 ERR] 【心跳包】直播间 4015781 发送失败
[03:22:00 ERR] 【原因】time check failed
[03:22:01 INF] 【直播间】9619073 的第 67 个心跳包发送成功
[03:22:02 INF] 【直播间】407149 的第 67 个心跳包发送成功
[03:23:03 INF] 【直播间】23357926 的第 68 个心跳包发送成功
[03:23:04 INF] 【直播间】23040372 的第 68 个心跳包发送成功
[03:23:05 INF] 【直播间】31494 的第 68 个心跳包发送成功
[03:23:07 INF] 【直播间】4015781 的第 68 个心跳包发送成功
[03:23:08 INF] 【直播间】9619073 的第 68 个心跳包发送成功
[03:23:09 INF] 【直播间】407149 的第 68 个心跳包发送成功
[03:24:09 INF] 【直播间】23357926 的第 69 个心跳包发送成功
[03:24:11 INF] 【直播间】23040372 的第 69 个心跳包发送成功
[03:24:12 INF] 【直播间】31494 的第 69 个心跳包发送成功
[03:24:13 INF] 【直播间】4015781 的第 69 个心跳包发送成功
[03:24:14 INF] 【直播间】9619073 的第 69 个心跳包发送成功
[03:24:15 INF] 【直播间】407149 的第 69 个心跳包发送成功
[03:25:16 INF] 【直播间】23357926 的第 70 个心跳包发送成功
[03:25:17 INF] 【直播间】23040372 的第 70 个心跳包发送成功
[03:25:18 INF] 【直播间】31494 的第 70 个心跳包发送成功
[03:25:19 INF] 【直播间】4015781 的第 70 个心跳包发送成功
[03:25:21 INF] 【直播间】9619073 的第 70 个心跳包发送成功
[03:25:22 INF] 【直播间】407149 的第 70 个心跳包发送成功
[03:25:22 INF] 【直播观看时长】完成情况：6/6 
[03:25:22 INF] ---------结束---------

[03:25:22 INF] ==========结束==========

[03:25:22 INF] ######### 账号 3 #########

[03:25:22 INF] =====开始 直播间互动 =====

[03:25:22 INF] ---开始 发送弹幕 ---
[03:25:22 INF] 检测到直播 Cookie 未正确配置，尝试自动配置中...
[03:25:28 INF] 直播 Cookie 配置成功！
[03:25:28 INF] 【获取直播列表】获取拥有粉丝牌的直播列表
[03:25:36 INF] 【主播】苏打baka 
[03:25:48 INF] 【直播间】苏打baka
[03:25:48 INF] 【粉丝牌】碳酸钠
[03:25:48 INF] 正在发送弹幕...
[03:25:51 INF] -------结束-------

[03:25:51 INF] ---开始 点赞直播间 ---
[03:25:51 INF] 【获取直播列表】获取拥有粉丝牌的直播列表
[03:25:56 INF] 【主播】苏打baka 
[03:26:02 INF] 【弹幕发送】成功~，你和主播 苏打baka 的亲密值增加了100！
[03:26:13 INF] --------结束--------

[03:26:13 INF] ---开始 直播时长挂机 ---
[03:26:13 INF] 【获取直播列表】获取拥有粉丝牌的直播列表
[03:26:13 INF] 【点赞直播间】23040372 完成
[03:26:17 INF] 【主播】苏打baka 
[03:26:33 INF] 【直播间】23040372 的第 1 个心跳包发送成功
[03:27:40 INF] 【直播间】23040372 的第 2 个心跳包发送成功
[03:28:46 INF] 【直播间】23040372 的第 3 个心跳包发送成功
[03:29:53 INF] 【直播间】23040372 的第 4 个心跳包发送成功
[03:30:59 INF] 【直播间】23040372 的第 5 个心跳包发送成功
[03:32:06 INF] 【直播间】23040372 的第 6 个心跳包发送成功
[03:33:12 INF] 【直播间】23040372 的第 7 个心跳包发送成功
[03:34:19 INF] 【直播间】23040372 的第 8 个心跳包发送成功
[03:35:25 INF] 【直播间】23040372 的第 9 个心跳包发送成功
[03:36:32 INF] 【直播间】23040372 的第 10 个心跳包发送成功
[03:37:38 INF] 【直播间】23040372 的第 11 个心跳包发送成功
[03:38:45 INF] 【直播间】23040372 的第 12 个心跳包发送成功
[03:39:51 INF] 【直播间】23040372 的第 13 个心跳包发送成功
[03:40:58 INF] 【直播间】23040372 的第 14 个心跳包发送成功
[03:42:04 ERR] 【心跳包】直播间 23040372 发送失败
[03:42:04 ERR] 【原因】time check failed
[03:43:11 INF] 【直播间】23040372 的第 15 个心跳包发送成功
[03:44:17 INF] 【直播间】23040372 的第 16 个心跳包发送成功
[03:45:24 INF] 【直播间】23040372 的第 17 个心跳包发送成功
[03:46:30 INF] 【直播间】23040372 的第 18 个心跳包发送成功
[03:47:37 INF] 【直播间】23040372 的第 19 个心跳包发送成功
[03:48:43 INF] 【直播间】23040372 的第 20 个心跳包发送成功
[03:49:50 INF] 【直播间】23040372 的第 21 个心跳包发送成功
[03:50:56 INF] 【直播间】23040372 的第 22 个心跳包发送成功
[03:52:03 INF] 【直播间】23040372 的第 23 个心跳包发送成功
[03:53:10 INF] 【直播间】23040372 的第 24 个心跳包发送成功
[03:54:16 INF] 【直播间】23040372 的第 25 个心跳包发送成功
[03:55:23 INF] 【直播间】23040372 的第 26 个心跳包发送成功
[03:56:29 INF] 【直播间】23040372 的第 27 个心跳包发送成功
[03:57:36 ERR] 【心跳包】直播间 23040372 发送失败
[03:57:36 ERR] 【原因】time check failed
[03:58:42 INF] 【直播间】23040372 的第 28 个心跳包发送成功
[03:59:48 INF] 【直播间】23040372 的第 29 个心跳包发送成功
[04:00:55 INF] 【直播间】23040372 的第 30 个心跳包发送成功
[04:02:01 INF] 【直播间】23040372 的第 31 个心跳包发送成功
[04:03:08 INF] 【直播间】23040372 的第 32 个心跳包发送成功
[04:04:15 INF] 【直播间】23040372 的第 33 个心跳包发送成功
[04:05:21 INF] 【直播间】23040372 的第 34 个心跳包发送成功
[04:06:27 INF] 【直播间】23040372 的第 35 个心跳包发送成功
[04:07:34 INF] 【直播间】23040372 的第 36 个心跳包发送成功
[04:08:41 INF] 【直播间】23040372 的第 37 个心跳包发送成功
[04:09:47 INF] 【直播间】23040372 的第 38 个心跳包发送成功
[04:10:53 INF] 【直播间】23040372 的第 39 个心跳包发送成功
[04:12:00 INF] 【直播间】23040372 的第 40 个心跳包发送成功
[04:13:07 INF] 【直播间】23040372 的第 41 个心跳包发送成功
[04:14:13 ERR] 【心跳包】直播间 23040372 发送失败
[04:14:13 ERR] 【原因】time check failed
[04:15:20 INF] 【直播间】23040372 的第 42 个心跳包发送成功
[04:16:26 INF] 【直播间】23040372 的第 43 个心跳包发送成功
[04:17:32 INF] 【直播间】23040372 的第 44 个心跳包发送成功
[04:18:39 INF] 【直播间】23040372 的第 45 个心跳包发送成功
[04:19:46 INF] 【直播间】23040372 的第 46 个心跳包发送成功
[04:20:52 INF] 【直播间】23040372 的第 47 个心跳包发送成功
[04:21:59 INF] 【直播间】23040372 的第 48 个心跳包发送成功
[04:23:05 INF] 【直播间】23040372 的第 49 个心跳包发送成功
[04:24:12 INF] 【直播间】23040372 的第 50 个心跳包发送成功
[04:25:18 INF] 【直播间】23040372 的第 51 个心跳包发送成功
[04:26:25 INF] 【直播间】23040372 的第 52 个心跳包发送成功
[04:27:31 INF] 【直播间】23040372 的第 53 个心跳包发送成功
[04:28:37 INF] 【直播间】23040372 的第 54 个心跳包发送成功
[04:29:44 ERR] 【心跳包】直播间 23040372 发送失败
[04:29:44 ERR] 【原因】time check failed
[04:30:51 INF] 【直播间】23040372 的第 55 个心跳包发送成功
[04:31:57 INF] 【直播间】23040372 的第 56 个心跳包发送成功
[04:33:04 INF] 【直播间】23040372 的第 57 个心跳包发送成功
[04:34:10 INF] 【直播间】23040372 的第 58 个心跳包发送成功
[04:35:17 INF] 【直播间】23040372 的第 59 个心跳包发送成功
[04:36:23 INF] 【直播间】23040372 的第 60 个心跳包发送成功
[04:37:30 INF] 【直播间】23040372 的第 61 个心跳包发送成功
[04:38:36 INF] 【直播间】23040372 的第 62 个心跳包发送成功
[04:39:43 INF] 【直播间】23040372 的第 63 个心跳包发送成功
[04:40:49 INF] 【直播间】23040372 的第 64 个心跳包发送成功
[04:41:56 INF] 【直播间】23040372 的第 65 个心跳包发送成功
[04:43:02 INF] 【直播间】23040372 的第 66 个心跳包发送成功
[04:44:09 INF] 【直播间】23040372 的第 67 个心跳包发送成功
[04:45:15 ERR] 【心跳包】直播间 23040372 发送失败
[04:45:15 ERR] 【原因】time check failed
[04:46:22 INF] 【直播间】23040372 的第 68 个心跳包发送成功
[04:47:28 INF] 【直播间】23040372 的第 69 个心跳包发送成功
[04:48:35 INF] 【直播间】23040372 的第 70 个心跳包发送成功
[04:48:35 INF] 【直播观看时长】完成情况：1/1 
[04:48:35 INF] ---------结束---------

[04:48:35 INF] ==========结束==========

[04:48:35 INF] 

========================

 v2.0.1 开源 by https://github.com/RayWangQvQ/BiliBiliToolPro

[04:48:35 INF] ·开始推送·LiveFansMedal任务·
2023-06-21T20:48:35.4077804Z 开始推送到:自定义
2023-06-21T20:48:43.9210242Z Response status: OK.
2023-06-21T20:48:43.9210592Z Response content: {"message":"","success":true,"uuid":"f21847c4497e4014b8769c8f4daa6eaf"}.

[04:48:43 INF] 运行环境：Development
[04:48:43 INF] 应用目录：/home/runner/work/BiliBiliToolPro/BiliBiliToolPro/src/Ray.BiliBiliTool.Console/bin/Debug/net6.0/

[04:48:43 INF] 运行结束
