----------- ip 信息 ---------
{
  "ip": "20.171.122.178",
  "city": "Phoenix",
  "region": "Arizona",
  "country": "US",
  "loc": "33.4484,-112.0740",
  "org": "AS8075 Microsoft Corporation",
  "postal": "85001",
  "timezone": "America/Phoenix",
  "readme": "https://ipinfo.io/missingauth"
} ---------- end ------------
  ____               ____    _   _____           _  
 |  _ \ __ _ _   _  | __ ) _| |_|_   _|__   ___ | | 
 | |_) / _` | | | | |  _ \(_) (_) | |/ _ \ / _ \| | 
 |  _ < (_| | |_| | | |_) | | | | | | (_) | (_) | | 
 |_| \_\__,_|\__, | |____/|_|_|_| |_|\___/ \___/|_| 
             |___/                                  

[00:27:27 INF] BiliBiliToolPro 开始运行...

[00:27:27 INF] 【账号个数】3个

[00:27:27 INF] 随机休眠2分钟

[00:29:27 INF] 【目标任务】LiveFansMedal
[00:29:27 INF] ######### 账号 1 #########

[00:29:27 INF] =====开始 直播间互动 =====

[00:29:27 INF] ---开始 发送弹幕 ---
[00:29:27 INF] 检测到直播 Cookie 未正确配置，尝试自动配置中...
[00:29:35 INF] 直播 Cookie 配置成功！
[00:29:35 INF] 【获取直播列表】获取拥有粉丝牌的直播列表
[00:29:38 INF] 【主播】Mark陌枫 
[00:29:59 INF] 【主播】KL_qiqi_ 
[00:30:18 INF] 【主播】苏打baka 
[00:30:36 INF] 【直播间】Mark陌枫
[00:30:36 INF] 【粉丝牌】馬楓
[00:30:36 INF] 正在发送弹幕...
[00:30:43 INF] 【直播间】KL_qiqi_
[00:30:43 INF] 【粉丝牌】qiqisb
[00:30:43 INF] 正在发送弹幕...
[00:30:47 INF] 【直播间】苏打baka
[00:30:47 INF] 【粉丝牌】碳酸钠
[00:30:47 INF] 正在发送弹幕...
[00:30:51 INF] 【弹幕发送】成功~，你和主播 Mark陌枫 的亲密值增加了100！
[00:30:52 INF] -------结束-------

[00:30:52 INF] ---开始 点赞直播间 ---
[00:30:52 INF] 【获取直播列表】获取拥有粉丝牌的直播列表
[00:30:55 INF] 【主播】Mark陌枫 
[00:30:56 INF] 【弹幕发送】成功~，你和主播 KL_qiqi_ 的亲密值增加了100！
[00:31:02 INF] 【弹幕发送】成功~，你和主播 苏打baka 的亲密值增加了100！
[00:31:14 INF] 【主播】KL_qiqi_ 
[00:31:28 INF] 【主播】苏打baka 
[00:31:52 INF] 【点赞直播间】23357926 完成
[00:31:56 INF] 【点赞直播间】407149 完成
[00:32:00 INF] --------结束--------

[00:32:00 INF] ---开始 直播时长挂机 ---
[00:32:00 INF] 【获取直播列表】获取拥有粉丝牌的直播列表
[00:32:00 INF] 【点赞直播间】23040372 完成
[00:32:05 INF] 【主播】Mark陌枫 
[00:32:23 INF] 【主播】KL_qiqi_ 
[00:32:44 INF] 【主播】苏打baka 
[00:32:59 INF] 【直播间】23357926 的第 1 个心跳包发送成功
[00:33:00 INF] 【直播间】407149 的第 1 个心跳包发送成功
[00:33:01 INF] 【直播间】23040372 的第 1 个心跳包发送成功
[00:34:05 INF] 【直播间】23357926 的第 2 个心跳包发送成功
[00:34:07 INF] 【直播间】407149 的第 2 个心跳包发送成功
[00:34:08 INF] 【直播间】23040372 的第 2 个心跳包发送成功
[00:35:12 INF] 【直播间】23357926 的第 3 个心跳包发送成功
[00:35:13 INF] 【直播间】407149 的第 3 个心跳包发送成功
[00:35:14 INF] 【直播间】23040372 的第 3 个心跳包发送成功
[00:36:18 INF] 【直播间】23357926 的第 4 个心跳包发送成功
[00:36:19 INF] 【直播间】407149 的第 4 个心跳包发送成功
[00:36:20 INF] 【直播间】23040372 的第 4 个心跳包发送成功
[00:37:24 INF] 【直播间】23357926 的第 5 个心跳包发送成功
[00:37:25 INF] 【直播间】407149 的第 5 个心跳包发送成功
[00:37:27 INF] 【直播间】23040372 的第 5 个心跳包发送成功
[00:38:30 INF] 【直播间】23357926 的第 6 个心跳包发送成功
[00:38:32 INF] 【直播间】407149 的第 6 个心跳包发送成功
[00:38:33 INF] 【直播间】23040372 的第 6 个心跳包发送成功
[00:39:37 INF] 【直播间】23357926 的第 7 个心跳包发送成功
[00:39:38 INF] 【直播间】407149 的第 7 个心跳包发送成功
[00:39:39 INF] 【直播间】23040372 的第 7 个心跳包发送成功
[00:40:43 INF] 【直播间】23357926 的第 8 个心跳包发送成功
[00:40:45 INF] 【直播间】407149 的第 8 个心跳包发送成功
[00:40:46 INF] 【直播间】23040372 的第 8 个心跳包发送成功
[00:41:50 INF] 【直播间】23357926 的第 9 个心跳包发送成功
[00:41:51 INF] 【直播间】407149 的第 9 个心跳包发送成功
[00:41:52 INF] 【直播间】23040372 的第 9 个心跳包发送成功
[00:42:56 INF] 【直播间】23357926 的第 10 个心跳包发送成功
[00:42:57 INF] 【直播间】407149 的第 10 个心跳包发送成功
[00:42:59 INF] 【直播间】23040372 的第 10 个心跳包发送成功
[00:44:02 INF] 【直播间】23357926 的第 11 个心跳包发送成功
[00:44:03 INF] 【直播间】407149 的第 11 个心跳包发送成功
[00:44:05 INF] 【直播间】23040372 的第 11 个心跳包发送成功
[00:45:09 INF] 【直播间】23357926 的第 12 个心跳包发送成功
[00:45:10 INF] 【直播间】407149 的第 12 个心跳包发送成功
[00:45:11 INF] 【直播间】23040372 的第 12 个心跳包发送成功
[00:46:15 INF] 【直播间】23357926 的第 13 个心跳包发送成功
[00:46:16 INF] 【直播间】407149 的第 13 个心跳包发送成功
[00:46:17 INF] 【直播间】23040372 的第 13 个心跳包发送成功
[00:47:21 INF] 【直播间】23357926 的第 14 个心跳包发送成功
[00:47:23 INF] 【直播间】407149 的第 14 个心跳包发送成功
[00:47:24 INF] 【直播间】23040372 的第 14 个心跳包发送成功
[00:48:28 INF] 【直播间】23357926 的第 15 个心跳包发送成功
[00:48:29 INF] 【直播间】407149 的第 15 个心跳包发送成功
[00:48:30 INF] 【直播间】23040372 的第 15 个心跳包发送成功
[00:49:34 ERR] 【心跳包】直播间 23357926 发送失败
[00:49:34 ERR] 【原因】time check failed
[00:49:35 ERR] 【心跳包】直播间 407149 发送失败
[00:49:35 ERR] 【原因】time check failed
[00:49:37 ERR] 【心跳包】直播间 23040372 发送失败
[00:49:37 ERR] 【原因】time check failed
[00:50:40 INF] 【直播间】23357926 的第 16 个心跳包发送成功
[00:50:42 INF] 【直播间】407149 的第 16 个心跳包发送成功
[00:50:43 INF] 【直播间】23040372 的第 16 个心跳包发送成功
[00:51:47 INF] 【直播间】23357926 的第 17 个心跳包发送成功
[00:51:48 INF] 【直播间】407149 的第 17 个心跳包发送成功
[00:51:49 INF] 【直播间】23040372 的第 17 个心跳包发送成功
[00:52:53 INF] 【直播间】23357926 的第 18 个心跳包发送成功
[00:52:54 INF] 【直播间】407149 的第 18 个心跳包发送成功
[00:52:56 INF] 【直播间】23040372 的第 18 个心跳包发送成功
[00:53:59 INF] 【直播间】23357926 的第 19 个心跳包发送成功
[00:54:01 INF] 【直播间】407149 的第 19 个心跳包发送成功
[00:54:02 INF] 【直播间】23040372 的第 19 个心跳包发送成功
[00:55:06 INF] 【直播间】23357926 的第 20 个心跳包发送成功
[00:55:07 INF] 【直播间】407149 的第 20 个心跳包发送成功
[00:55:08 INF] 【直播间】23040372 的第 20 个心跳包发送成功
[00:56:12 INF] 【直播间】23357926 的第 21 个心跳包发送成功
[00:56:13 INF] 【直播间】407149 的第 21 个心跳包发送成功
[00:56:14 INF] 【直播间】23040372 的第 21 个心跳包发送成功
[00:57:18 INF] 【直播间】23357926 的第 22 个心跳包发送成功
[00:57:19 INF] 【直播间】407149 的第 22 个心跳包发送成功
[00:57:21 INF] 【直播间】23040372 的第 22 个心跳包发送成功
[00:58:24 INF] 【直播间】23357926 的第 23 个心跳包发送成功
[00:58:26 INF] 【直播间】407149 的第 23 个心跳包发送成功
[00:58:27 INF] 【直播间】23040372 的第 23 个心跳包发送成功
[00:59:31 INF] 【直播间】23357926 的第 24 个心跳包发送成功
[00:59:32 INF] 【直播间】407149 的第 24 个心跳包发送成功
[00:59:33 INF] 【直播间】23040372 的第 24 个心跳包发送成功
[01:00:37 INF] 【直播间】23357926 的第 25 个心跳包发送成功
[01:00:38 INF] 【直播间】407149 的第 25 个心跳包发送成功
[01:00:40 INF] 【直播间】23040372 的第 25 个心跳包发送成功
[01:01:43 INF] 【直播间】23357926 的第 26 个心跳包发送成功
[01:01:45 INF] 【直播间】407149 的第 26 个心跳包发送成功
[01:01:46 INF] 【直播间】23040372 的第 26 个心跳包发送成功
[01:02:50 INF] 【直播间】23357926 的第 27 个心跳包发送成功
[01:02:51 INF] 【直播间】407149 的第 27 个心跳包发送成功
[01:02:52 INF] 【直播间】23040372 的第 27 个心跳包发送成功
[01:03:56 INF] 【直播间】23357926 的第 28 个心跳包发送成功
[01:03:57 INF] 【直播间】407149 的第 28 个心跳包发送成功
[01:03:59 INF] 【直播间】23040372 的第 28 个心跳包发送成功
[01:05:03 INF] 【直播间】23357926 的第 29 个心跳包发送成功
[01:05:04 INF] 【直播间】407149 的第 29 个心跳包发送成功
[01:05:05 INF] 【直播间】23040372 的第 29 个心跳包发送成功
[01:06:09 ERR] 【心跳包】直播间 23357926 发送失败
[01:06:09 ERR] 【原因】time check failed
[01:06:10 ERR] 【心跳包】直播间 407149 发送失败
[01:06:10 ERR] 【原因】time check failed
[01:06:11 ERR] 【心跳包】直播间 23040372 发送失败
[01:06:11 ERR] 【原因】time check failed
[01:07:15 INF] 【直播间】23357926 的第 30 个心跳包发送成功
[01:07:16 INF] 【直播间】407149 的第 30 个心跳包发送成功
[01:07:18 INF] 【直播间】23040372 的第 30 个心跳包发送成功
[01:08:22 INF] 【直播间】23357926 的第 31 个心跳包发送成功
[01:08:23 INF] 【直播间】407149 的第 31 个心跳包发送成功
[01:08:24 INF] 【直播间】23040372 的第 31 个心跳包发送成功
[01:09:28 INF] 【直播间】23357926 的第 32 个心跳包发送成功
[01:09:29 INF] 【直播间】407149 的第 32 个心跳包发送成功
[01:09:30 INF] 【直播间】23040372 的第 32 个心跳包发送成功
[01:10:34 INF] 【直播间】23357926 的第 33 个心跳包发送成功
[01:10:35 INF] 【直播间】407149 的第 33 个心跳包发送成功
[01:10:36 INF] 【直播间】23040372 的第 33 个心跳包发送成功
[01:11:40 INF] 【直播间】23357926 的第 34 个心跳包发送成功
[01:11:41 INF] 【直播间】407149 的第 34 个心跳包发送成功
[01:11:43 INF] 【直播间】23040372 的第 34 个心跳包发送成功
[01:12:47 INF] 【直播间】23357926 的第 35 个心跳包发送成功
[01:12:48 INF] 【直播间】407149 的第 35 个心跳包发送成功
[01:12:49 INF] 【直播间】23040372 的第 35 个心跳包发送成功
[01:13:53 INF] 【直播间】23357926 的第 36 个心跳包发送成功
[01:13:54 INF] 【直播间】407149 的第 36 个心跳包发送成功
[01:13:55 INF] 【直播间】23040372 的第 36 个心跳包发送成功
[01:14:59 INF] 【直播间】23357926 的第 37 个心跳包发送成功
[01:15:00 INF] 【直播间】407149 的第 37 个心跳包发送成功
[01:15:02 INF] 【直播间】23040372 的第 37 个心跳包发送成功
[01:16:05 INF] 【直播间】23357926 的第 38 个心跳包发送成功
[01:16:07 INF] 【直播间】407149 的第 38 个心跳包发送成功
[01:16:08 INF] 【直播间】23040372 的第 38 个心跳包发送成功
[01:17:12 INF] 【直播间】23357926 的第 39 个心跳包发送成功
[01:17:13 INF] 【直播间】407149 的第 39 个心跳包发送成功
[01:17:14 INF] 【直播间】23040372 的第 39 个心跳包发送成功
[01:18:18 INF] 【直播间】23357926 的第 40 个心跳包发送成功
[01:18:19 INF] 【直播间】407149 的第 40 个心跳包发送成功
[01:18:21 INF] 【直播间】23040372 的第 40 个心跳包发送成功
[01:19:24 INF] 【直播间】23357926 的第 41 个心跳包发送成功
[01:19:26 INF] 【直播间】407149 的第 41 个心跳包发送成功
[01:19:27 INF] 【直播间】23040372 的第 41 个心跳包发送成功
[01:20:31 INF] 【直播间】23357926 的第 42 个心跳包发送成功
[01:20:32 INF] 【直播间】407149 的第 42 个心跳包发送成功
[01:20:33 INF] 【直播间】23040372 的第 42 个心跳包发送成功
[01:21:37 INF] 【直播间】23357926 的第 43 个心跳包发送成功
[01:21:39 INF] 【直播间】407149 的第 43 个心跳包发送成功
[01:21:40 INF] 【直播间】23040372 的第 43 个心跳包发送成功
[01:22:43 ERR] 【心跳包】直播间 23357926 发送失败
[01:22:43 ERR] 【原因】time check failed
[01:22:45 ERR] 【心跳包】直播间 407149 发送失败
[01:22:45 ERR] 【原因】time check failed
[01:22:46 ERR] 【心跳包】直播间 23040372 发送失败
[01:22:46 ERR] 【原因】time check failed
[01:23:50 INF] 【直播间】23357926 的第 44 个心跳包发送成功
[01:23:51 INF] 【直播间】407149 的第 44 个心跳包发送成功
[01:23:52 INF] 【直播间】23040372 的第 44 个心跳包发送成功
[01:24:56 INF] 【直播间】23357926 的第 45 个心跳包发送成功
[01:24:57 INF] 【直播间】407149 的第 45 个心跳包发送成功
[01:24:58 INF] 【直播间】23040372 的第 45 个心跳包发送成功
[01:26:02 INF] 【直播间】23357926 的第 46 个心跳包发送成功
[01:26:04 INF] 【直播间】407149 的第 46 个心跳包发送成功
[01:26:05 INF] 【直播间】23040372 的第 46 个心跳包发送成功
[01:27:09 INF] 【直播间】23357926 的第 47 个心跳包发送成功
[01:27:10 INF] 【直播间】407149 的第 47 个心跳包发送成功
[01:27:11 INF] 【直播间】23040372 的第 47 个心跳包发送成功
[01:28:15 INF] 【直播间】23357926 的第 48 个心跳包发送成功
[01:28:16 INF] 【直播间】407149 的第 48 个心跳包发送成功
[01:28:17 INF] 【直播间】23040372 的第 48 个心跳包发送成功
[01:29:21 INF] 【直播间】23357926 的第 49 个心跳包发送成功
[01:29:22 INF] 【直播间】407149 的第 49 个心跳包发送成功
[01:29:24 INF] 【直播间】23040372 的第 49 个心跳包发送成功
[01:30:28 INF] 【直播间】23357926 的第 50 个心跳包发送成功
[01:30:29 INF] 【直播间】407149 的第 50 个心跳包发送成功
[01:30:30 INF] 【直播间】23040372 的第 50 个心跳包发送成功
[01:31:34 INF] 【直播间】23357926 的第 51 个心跳包发送成功
[01:31:35 INF] 【直播间】407149 的第 51 个心跳包发送成功
[01:31:36 INF] 【直播间】23040372 的第 51 个心跳包发送成功
[01:32:40 INF] 【直播间】23357926 的第 52 个心跳包发送成功
[01:32:41 INF] 【直播间】407149 的第 52 个心跳包发送成功
[01:32:42 INF] 【直播间】23040372 的第 52 个心跳包发送成功
[01:33:46 INF] 【直播间】23357926 的第 53 个心跳包发送成功
[01:33:47 INF] 【直播间】407149 的第 53 个心跳包发送成功
[01:33:49 INF] 【直播间】23040372 的第 53 个心跳包发送成功
[01:34:53 INF] 【直播间】23357926 的第 54 个心跳包发送成功
[01:34:54 INF] 【直播间】407149 的第 54 个心跳包发送成功
[01:34:55 INF] 【直播间】23040372 的第 54 个心跳包发送成功
[01:35:59 INF] 【直播间】23357926 的第 55 个心跳包发送成功
[01:36:00 INF] 【直播间】407149 的第 55 个心跳包发送成功
[01:36:01 INF] 【直播间】23040372 的第 55 个心跳包发送成功
[01:37:05 INF] 【直播间】23357926 的第 56 个心跳包发送成功
[01:37:06 INF] 【直播间】407149 的第 56 个心跳包发送成功
[01:37:08 INF] 【直播间】23040372 的第 56 个心跳包发送成功
[01:38:12 INF] 【直播间】23357926 的第 57 个心跳包发送成功
[01:38:13 INF] 【直播间】407149 的第 57 个心跳包发送成功
[01:38:14 INF] 【直播间】23040372 的第 57 个心跳包发送成功
[01:39:18 ERR] 【心跳包】直播间 23357926 发送失败
[01:39:18 ERR] 【原因】time check failed
[01:39:19 ERR] 【心跳包】直播间 407149 发送失败
[01:39:19 ERR] 【原因】time check failed
[01:39:20 ERR] 【心跳包】直播间 23040372 发送失败
[01:39:20 ERR] 【原因】time check failed
[01:40:24 INF] 【直播间】23357926 的第 58 个心跳包发送成功
[01:40:26 INF] 【直播间】407149 的第 58 个心跳包发送成功
[01:40:27 INF] 【直播间】23040372 的第 58 个心跳包发送成功
[01:41:31 INF] 【直播间】23357926 的第 59 个心跳包发送成功
[01:41:32 INF] 【直播间】407149 的第 59 个心跳包发送成功
[01:41:33 INF] 【直播间】23040372 的第 59 个心跳包发送成功
[01:42:37 INF] 【直播间】23357926 的第 60 个心跳包发送成功
[01:42:38 INF] 【直播间】407149 的第 60 个心跳包发送成功
[01:42:39 INF] 【直播间】23040372 的第 60 个心跳包发送成功
[01:43:43 INF] 【直播间】23357926 的第 61 个心跳包发送成功
[01:43:45 INF] 【直播间】407149 的第 61 个心跳包发送成功
[01:43:46 INF] 【直播间】23040372 的第 61 个心跳包发送成功
[01:44:50 INF] 【直播间】23357926 的第 62 个心跳包发送成功
[01:44:51 INF] 【直播间】407149 的第 62 个心跳包发送成功
[01:44:52 INF] 【直播间】23040372 的第 62 个心跳包发送成功
[01:45:56 INF] 【直播间】23357926 的第 63 个心跳包发送成功
[01:45:57 INF] 【直播间】407149 的第 63 个心跳包发送成功
[01:45:58 INF] 【直播间】23040372 的第 63 个心跳包发送成功
[01:47:03 INF] 【直播间】23357926 的第 64 个心跳包发送成功
[01:47:04 INF] 【直播间】407149 的第 64 个心跳包发送成功
[01:47:05 INF] 【直播间】23040372 的第 64 个心跳包发送成功
[01:48:09 INF] 【直播间】23357926 的第 65 个心跳包发送成功
[01:48:10 INF] 【直播间】407149 的第 65 个心跳包发送成功
[01:48:11 INF] 【直播间】23040372 的第 65 个心跳包发送成功
[01:49:15 INF] 【直播间】23357926 的第 66 个心跳包发送成功
[01:49:17 INF] 【直播间】407149 的第 66 个心跳包发送成功
[01:49:18 INF] 【直播间】23040372 的第 66 个心跳包发送成功
[01:50:22 INF] 【直播间】23357926 的第 67 个心跳包发送成功
[01:50:23 INF] 【直播间】407149 的第 67 个心跳包发送成功
[01:50:24 INF] 【直播间】23040372 的第 67 个心跳包发送成功
[01:51:28 INF] 【直播间】23357926 的第 68 个心跳包发送成功
[01:51:29 INF] 【直播间】407149 的第 68 个心跳包发送成功
[01:51:30 INF] 【直播间】23040372 的第 68 个心跳包发送成功
[01:52:34 INF] 【直播间】23357926 的第 69 个心跳包发送成功
[01:52:35 INF] 【直播间】407149 的第 69 个心跳包发送成功
[01:52:37 INF] 【直播间】23040372 的第 69 个心跳包发送成功
[01:53:40 INF] 【直播间】23357926 的第 70 个心跳包发送成功
[01:53:42 INF] 【直播间】407149 的第 70 个心跳包发送成功
[01:53:43 INF] 【直播间】23040372 的第 70 个心跳包发送成功
[01:53:43 INF] 【直播观看时长】完成情况：3/3 
[01:53:43 INF] ---------结束---------

[01:53:43 INF] ==========结束==========

[01:53:43 INF] ######### 账号 2 #########

[01:53:43 INF] =====开始 直播间互动 =====

[01:53:43 INF] ---开始 发送弹幕 ---
[01:53:43 INF] 检测到直播 Cookie 未正确配置，尝试自动配置中...
[01:53:50 INF] 直播 Cookie 配置成功！
[01:53:50 INF] 【获取直播列表】获取拥有粉丝牌的直播列表
[01:53:56 INF] 【主播】Mark陌枫 
[01:54:10 INF] 【主播】苏打baka 
[01:54:25 INF] 【主播】特别中二的q3君 
[01:54:44 INF] 【主播】陈抱一 
[01:55:05 INF] 【主播】贪玩的小毅 
[01:55:21 INF] 【主播】KL_qiqi_ 
[01:55:36 INF] 【主播】悠悠球琛总 
[01:55:55 INF] 【主播】记录生活的蛋黄派 
[01:56:09 INF] 【主播】脏小豆 
[01:56:29 INF] 【主播】新石器公园 
[01:56:48 INF] 【主播】FoFTG 
[01:57:05 INF] 【主播】李船长笔记 
[01:57:20 INF] 【直播间】Mark陌枫
[01:57:20 INF] 【粉丝牌】馬楓
[01:57:20 INF] 正在发送弹幕...
[01:57:26 INF] 【直播间】苏打baka
[01:57:26 INF] 【粉丝牌】碳酸钠
[01:57:26 INF] 正在发送弹幕...
[01:57:32 INF] 【直播间】特别中二的q3君
[01:57:32 INF] 【粉丝牌】q3GG
[01:57:32 INF] 正在发送弹幕...
[01:57:35 INF] 【直播间】陈抱一
[01:57:35 INF] 【粉丝牌】陈抱一
[01:57:35 INF] 正在发送弹幕...
[01:57:37 INF] 【弹幕发送】成功~，你和主播 Mark陌枫 的亲密值增加了100！
[01:57:38 INF] 【直播间】贪玩的小毅
[01:57:38 INF] 【粉丝牌】大大毅
[01:57:38 INF] 正在发送弹幕...
[01:57:41 INF] 【弹幕发送】成功~，你和主播 苏打baka 的亲密值增加了100！
[01:57:44 INF] 【直播间】KL_qiqi_
[01:57:44 INF] 【粉丝牌】qiqisb
[01:57:44 INF] 正在发送弹幕...
[01:57:45 INF] 【弹幕发送】成功~，你和主播 陈抱一 的亲密值增加了100！
[01:57:45 ERR] 【弹幕发送】失败
[01:57:45 ERR] 【原因】您发送弹幕的频率过快
[01:57:50 INF] 【直播间】悠悠球琛总
[01:57:50 INF] 【粉丝牌】i琛
[01:57:50 INF] 正在发送弹幕...
[01:57:57 INF] 【直播间】记录生活的蛋黄派
[01:57:57 INF] 【粉丝牌】派派派
[01:57:57 INF] 正在发送弹幕...
[01:57:58 INF] 【弹幕发送】成功~，你和主播 贪玩的小毅 的亲密值增加了100！
[01:58:02 INF] 【弹幕发送】成功~，你和主播 KL_qiqi_ 的亲密值增加了100！
[01:58:04 INF] 【直播间】脏小豆
[01:58:04 INF] 【粉丝牌】豆豆浆
[01:58:04 INF] 正在发送弹幕...
[01:58:07 INF] 【弹幕发送】成功~，你和主播 悠悠球琛总 的亲密值增加了100！
[01:58:07 INF] 【直播间】新石器公园
[01:58:07 INF] 【粉丝牌】东园主
[01:58:07 INF] 正在发送弹幕...
[01:58:12 INF] 【直播间】FoFTG
[01:58:12 INF] 【粉丝牌】FOFTG
[01:58:12 INF] 正在发送弹幕...
[01:58:16 INF] 【直播间】李船长笔记
[01:58:16 INF] 【粉丝牌】航海仕
[01:58:16 INF] 正在发送弹幕...
[01:58:17 INF] 【弹幕发送】成功~，你和主播 记录生活的蛋黄派 的亲密值增加了100！
[01:58:18 INF] 【弹幕发送】成功~，你和主播 脏小豆 的亲密值增加了100！
[01:58:21 INF] -------结束-------

[01:58:21 INF] ---开始 点赞直播间 ---
[01:58:21 INF] 【获取直播列表】获取拥有粉丝牌的直播列表
[01:58:23 INF] 【弹幕发送】成功~，你和主播 新石器公园 的亲密值增加了100！
[01:58:25 INF] 【主播】Mark陌枫 
[01:58:26 INF] 【弹幕发送】成功~，你和主播 FoFTG 的亲密值增加了100！
[01:58:30 INF] 【弹幕发送】成功~，你和主播 李船长笔记 的亲密值增加了100！
[01:58:38 INF] 【主播】苏打baka 
[01:58:55 INF] 【主播】特别中二的q3君 
[01:59:10 INF] 【主播】陈抱一 
[01:59:26 INF] 【主播】贪玩的小毅 
[01:59:39 INF] 【主播】KL_qiqi_ 
[01:59:54 INF] 【主播】悠悠球琛总 
[02:00:11 INF] 【主播】记录生活的蛋黄派 
[02:00:25 INF] 【主播】脏小豆 
[02:00:38 INF] 【主播】新石器公园 
[02:00:56 INF] 【主播】FoFTG 
[02:01:14 INF] 【主播】李船长笔记 
[02:01:34 INF] 【点赞直播间】23357926 完成
[02:01:38 INF] 【点赞直播间】23040372 完成
[02:01:45 INF] 【点赞直播间】31494 完成
[02:01:51 INF] 【点赞直播间】4015781 完成
[02:01:54 INF] 【点赞直播间】9619073 完成
[02:01:57 INF] 【点赞直播间】407149 完成
[02:02:01 INF] 【点赞直播间】7184632 完成
[02:02:08 INF] 【点赞直播间】11732699 完成
[02:02:13 INF] 【点赞直播间】929670 完成
[02:02:16 INF] 【点赞直播间】23447660 完成
[02:02:23 INF] 【点赞直播间】91164 完成
[02:02:30 INF] --------结束--------

[02:02:30 INF] ---开始 直播时长挂机 ---
[02:02:30 INF] 【获取直播列表】获取拥有粉丝牌的直播列表
[02:02:30 INF] 【点赞直播间】22764265 完成
[02:02:34 INF] 【主播】Mark陌枫 
[02:02:49 INF] 【主播】苏打baka 
[02:03:09 INF] 【主播】特别中二的q3君 
[02:03:27 INF] 【主播】陈抱一 
[02:03:43 INF] 【主播】贪玩的小毅 
[02:03:58 INF] 【主播】KL_qiqi_ 
[02:04:11 INF] 【主播】悠悠球琛总 
[02:04:24 INF] 【主播】记录生活的蛋黄派 
[02:04:39 INF] 【主播】脏小豆 
[02:04:55 INF] 【主播】新石器公园 
[02:05:12 INF] 【主播】FoFTG 
[02:05:32 INF] 【主播】李船长笔记 
[02:05:50 INF] 【直播间】23357926 的第 1 个心跳包发送成功
[02:05:51 INF] 【直播间】23040372 的第 1 个心跳包发送成功
[02:05:52 INF] 【直播间】31494 的第 1 个心跳包发送成功
[02:05:53 INF] 【直播间】4015781 的第 1 个心跳包发送成功
[02:05:54 INF] 【直播间】9619073 的第 1 个心跳包发送成功
[02:05:56 INF] 【直播间】407149 的第 1 个心跳包发送成功
[02:05:57 INF] 【直播间】7184632 的第 1 个心跳包发送成功
[02:05:58 INF] 【直播间】11732699 的第 1 个心跳包发送成功
[02:05:59 INF] 【直播间】929670 的第 1 个心跳包发送成功
[02:06:00 INF] 【直播间】23447660 的第 1 个心跳包发送成功
[02:06:02 INF] 【直播间】91164 的第 1 个心跳包发送成功
[02:06:03 INF] 【直播间】22764265 的第 1 个心跳包发送成功
[02:06:56 INF] 【直播间】23357926 的第 2 个心跳包发送成功
[02:06:57 INF] 【直播间】23040372 的第 2 个心跳包发送成功
[02:06:58 INF] 【直播间】31494 的第 2 个心跳包发送成功
[02:07:00 INF] 【直播间】4015781 的第 2 个心跳包发送成功
[02:07:01 INF] 【直播间】9619073 的第 2 个心跳包发送成功
[02:07:02 INF] 【直播间】407149 的第 2 个心跳包发送成功
[02:07:03 INF] 【直播间】7184632 的第 2 个心跳包发送成功
[02:07:04 INF] 【直播间】11732699 的第 2 个心跳包发送成功
[02:07:05 INF] 【直播间】929670 的第 2 个心跳包发送成功
[02:07:07 INF] 【直播间】23447660 的第 2 个心跳包发送成功
[02:07:08 INF] 【直播间】91164 的第 2 个心跳包发送成功
[02:07:09 INF] 【直播间】22764265 的第 2 个心跳包发送成功
[02:08:02 INF] 【直播间】23357926 的第 3 个心跳包发送成功
[02:08:04 INF] 【直播间】23040372 的第 3 个心跳包发送成功
[02:08:05 INF] 【直播间】31494 的第 3 个心跳包发送成功
[02:08:06 INF] 【直播间】4015781 的第 3 个心跳包发送成功
[02:08:07 INF] 【直播间】9619073 的第 3 个心跳包发送成功
[02:08:08 INF] 【直播间】407149 的第 3 个心跳包发送成功
[02:08:10 INF] 【直播间】7184632 的第 3 个心跳包发送成功
[02:08:11 INF] 【直播间】11732699 的第 3 个心跳包发送成功
[02:08:12 INF] 【直播间】929670 的第 3 个心跳包发送成功
[02:08:13 INF] 【直播间】23447660 的第 3 个心跳包发送成功
[02:08:14 INF] 【直播间】91164 的第 3 个心跳包发送成功
[02:08:16 INF] 【直播间】22764265 的第 3 个心跳包发送成功
[02:09:09 INF] 【直播间】23357926 的第 4 个心跳包发送成功
[02:09:10 INF] 【直播间】23040372 的第 4 个心跳包发送成功
[02:09:11 INF] 【直播间】31494 的第 4 个心跳包发送成功
[02:09:12 INF] 【直播间】4015781 的第 4 个心跳包发送成功
[02:09:13 INF] 【直播间】9619073 的第 4 个心跳包发送成功
[02:09:15 INF] 【直播间】407149 的第 4 个心跳包发送成功
[02:09:16 INF] 【直播间】7184632 的第 4 个心跳包发送成功
[02:09:17 INF] 【直播间】11732699 的第 4 个心跳包发送成功
[02:09:18 INF] 【直播间】929670 的第 4 个心跳包发送成功
[02:09:19 INF] 【直播间】23447660 的第 4 个心跳包发送成功
[02:09:21 INF] 【直播间】91164 的第 4 个心跳包发送成功
[02:09:22 INF] 【直播间】22764265 的第 4 个心跳包发送成功
[02:10:15 INF] 【直播间】23357926 的第 5 个心跳包发送成功
[02:10:16 INF] 【直播间】23040372 的第 5 个心跳包发送成功
[02:10:17 INF] 【直播间】31494 的第 5 个心跳包发送成功
[02:10:19 INF] 【直播间】4015781 的第 5 个心跳包发送成功
[02:10:20 INF] 【直播间】9619073 的第 5 个心跳包发送成功
[02:10:21 INF] 【直播间】407149 的第 5 个心跳包发送成功
[02:10:22 INF] 【直播间】7184632 的第 5 个心跳包发送成功
[02:10:23 INF] 【直播间】11732699 的第 5 个心跳包发送成功
[02:10:25 INF] 【直播间】929670 的第 5 个心跳包发送成功
[02:10:26 INF] 【直播间】23447660 的第 5 个心跳包发送成功
[02:10:27 INF] 【直播间】91164 的第 5 个心跳包发送成功
[02:10:28 INF] 【直播间】22764265 的第 5 个心跳包发送成功
[02:11:21 INF] 【直播间】23357926 的第 6 个心跳包发送成功
[02:11:22 INF] 【直播间】23040372 的第 6 个心跳包发送成功
[02:11:24 INF] 【直播间】31494 的第 6 个心跳包发送成功
[02:11:25 INF] 【直播间】4015781 的第 6 个心跳包发送成功
[02:11:26 INF] 【直播间】9619073 的第 6 个心跳包发送成功
[02:11:28 INF] 【直播间】407149 的第 6 个心跳包发送成功
[02:11:29 INF] 【直播间】7184632 的第 6 个心跳包发送成功
[02:11:30 INF] 【直播间】11732699 的第 6 个心跳包发送成功
[02:11:31 INF] 【直播间】929670 的第 6 个心跳包发送成功
[02:11:32 INF] 【直播间】23447660 的第 6 个心跳包发送成功
[02:11:34 INF] 【直播间】91164 的第 6 个心跳包发送成功
[02:11:35 INF] 【直播间】22764265 的第 6 个心跳包发送成功
[02:12:27 INF] 【直播间】23357926 的第 7 个心跳包发送成功
[02:12:29 INF] 【直播间】23040372 的第 7 个心跳包发送成功
[02:12:30 INF] 【直播间】31494 的第 7 个心跳包发送成功
[02:12:31 INF] 【直播间】4015781 的第 7 个心跳包发送成功
[02:12:32 INF] 【直播间】9619073 的第 7 个心跳包发送成功
[02:12:34 INF] 【直播间】407149 的第 7 个心跳包发送成功
[02:12:35 INF] 【直播间】7184632 的第 7 个心跳包发送成功
[02:12:36 INF] 【直播间】11732699 的第 7 个心跳包发送成功
[02:12:37 INF] 【直播间】929670 的第 7 个心跳包发送成功
[02:12:38 INF] 【直播间】23447660 的第 7 个心跳包发送成功
[02:12:40 INF] 【直播间】91164 的第 7 个心跳包发送成功
[02:12:41 INF] 【直播间】22764265 的第 7 个心跳包发送成功
[02:13:34 INF] 【直播间】23357926 的第 8 个心跳包发送成功
[02:13:35 INF] 【直播间】23040372 的第 8 个心跳包发送成功
[02:13:36 INF] 【直播间】31494 的第 8 个心跳包发送成功
[02:13:37 INF] 【直播间】4015781 的第 8 个心跳包发送成功
[02:13:39 INF] 【直播间】9619073 的第 8 个心跳包发送成功
[02:13:40 INF] 【直播间】407149 的第 8 个心跳包发送成功
[02:13:41 INF] 【直播间】7184632 的第 8 个心跳包发送成功
[02:13:42 INF] 【直播间】11732699 的第 8 个心跳包发送成功
[02:13:44 INF] 【直播间】929670 的第 8 个心跳包发送成功
[02:13:45 INF] 【直播间】23447660 的第 8 个心跳包发送成功
[02:13:46 INF] 【直播间】91164 的第 8 个心跳包发送成功
[02:13:47 INF] 【直播间】22764265 的第 8 个心跳包发送成功
[02:14:40 INF] 【直播间】23357926 的第 9 个心跳包发送成功
[02:14:41 INF] 【直播间】23040372 的第 9 个心跳包发送成功
[02:14:43 INF] 【直播间】31494 的第 9 个心跳包发送成功
[02:14:44 INF] 【直播间】4015781 的第 9 个心跳包发送成功
[02:14:45 INF] 【直播间】9619073 的第 9 个心跳包发送成功
[02:14:46 INF] 【直播间】407149 的第 9 个心跳包发送成功
[02:14:47 INF] 【直播间】7184632 的第 9 个心跳包发送成功
[02:14:49 INF] 【直播间】11732699 的第 9 个心跳包发送成功
[02:14:50 INF] 【直播间】929670 的第 9 个心跳包发送成功
[02:14:51 INF] 【直播间】23447660 的第 9 个心跳包发送成功
[02:14:52 INF] 【直播间】91164 的第 9 个心跳包发送成功
[02:14:53 INF] 【直播间】22764265 的第 9 个心跳包发送成功
[02:15:46 INF] 【直播间】23357926 的第 10 个心跳包发送成功
[02:15:48 INF] 【直播间】23040372 的第 10 个心跳包发送成功
[02:15:49 INF] 【直播间】31494 的第 10 个心跳包发送成功
[02:15:50 INF] 【直播间】4015781 的第 10 个心跳包发送成功
[02:15:51 INF] 【直播间】9619073 的第 10 个心跳包发送成功
[02:15:52 INF] 【直播间】407149 的第 10 个心跳包发送成功
[02:15:54 INF] 【直播间】7184632 的第 10 个心跳包发送成功
[02:15:55 INF] 【直播间】11732699 的第 10 个心跳包发送成功
[02:15:56 INF] 【直播间】929670 的第 10 个心跳包发送成功
[02:15:57 INF] 【直播间】23447660 的第 10 个心跳包发送成功
[02:15:59 INF] 【直播间】91164 的第 10 个心跳包发送成功
[02:16:00 INF] 【直播间】22764265 的第 10 个心跳包发送成功
[02:16:53 INF] 【直播间】23357926 的第 11 个心跳包发送成功
[02:16:54 INF] 【直播间】23040372 的第 11 个心跳包发送成功
[02:16:55 INF] 【直播间】31494 的第 11 个心跳包发送成功
[02:16:57 INF] 【直播间】4015781 的第 11 个心跳包发送成功
[02:16:58 INF] 【直播间】9619073 的第 11 个心跳包发送成功
[02:16:59 INF] 【直播间】407149 的第 11 个心跳包发送成功
[02:17:00 INF] 【直播间】7184632 的第 11 个心跳包发送成功
[02:17:01 INF] 【直播间】11732699 的第 11 个心跳包发送成功
[02:17:03 INF] 【直播间】929670 的第 11 个心跳包发送成功
[02:17:04 INF] 【直播间】23447660 的第 11 个心跳包发送成功
[02:17:05 INF] 【直播间】91164 的第 11 个心跳包发送成功
[02:17:06 INF] 【直播间】22764265 的第 11 个心跳包发送成功
[02:17:59 INF] 【直播间】23357926 的第 12 个心跳包发送成功
[02:18:00 INF] 【直播间】23040372 的第 12 个心跳包发送成功
[02:18:02 INF] 【直播间】31494 的第 12 个心跳包发送成功
[02:18:03 INF] 【直播间】4015781 的第 12 个心跳包发送成功
[02:18:04 INF] 【直播间】9619073 的第 12 个心跳包发送成功
[02:18:05 INF] 【直播间】407149 的第 12 个心跳包发送成功
[02:18:07 INF] 【直播间】7184632 的第 12 个心跳包发送成功
[02:18:08 INF] 【直播间】11732699 的第 12 个心跳包发送成功
[02:18:09 INF] 【直播间】929670 的第 12 个心跳包发送成功
[02:18:10 INF] 【直播间】23447660 的第 12 个心跳包发送成功
[02:18:12 INF] 【直播间】91164 的第 12 个心跳包发送成功
[02:18:13 INF] 【直播间】22764265 的第 12 个心跳包发送成功
[02:19:06 INF] 【直播间】23357926 的第 13 个心跳包发送成功
[02:19:07 INF] 【直播间】23040372 的第 13 个心跳包发送成功
[02:19:08 INF] 【直播间】31494 的第 13 个心跳包发送成功
[02:19:09 INF] 【直播间】4015781 的第 13 个心跳包发送成功
[02:19:11 INF] 【直播间】9619073 的第 13 个心跳包发送成功
[02:19:12 INF] 【直播间】407149 的第 13 个心跳包发送成功
[02:19:13 INF] 【直播间】7184632 的第 13 个心跳包发送成功
[02:19:14 INF] 【直播间】11732699 的第 13 个心跳包发送成功
[02:19:16 INF] 【直播间】929670 的第 13 个心跳包发送成功
[02:19:17 INF] 【直播间】23447660 的第 13 个心跳包发送成功
[02:19:18 INF] 【直播间】91164 的第 13 个心跳包发送成功
[02:19:19 INF] 【直播间】22764265 的第 13 个心跳包发送成功
[02:20:12 INF] 【直播间】23357926 的第 14 个心跳包发送成功
[02:20:13 INF] 【直播间】23040372 的第 14 个心跳包发送成功
[02:20:14 INF] 【直播间】31494 的第 14 个心跳包发送成功
[02:20:16 INF] 【直播间】4015781 的第 14 个心跳包发送成功
[02:20:17 INF] 【直播间】9619073 的第 14 个心跳包发送成功
[02:20:18 INF] 【直播间】407149 的第 14 个心跳包发送成功
[02:20:19 INF] 【直播间】7184632 的第 14 个心跳包发送成功
[02:20:21 INF] 【直播间】11732699 的第 14 个心跳包发送成功
[02:20:22 INF] 【直播间】929670 的第 14 个心跳包发送成功
[02:20:23 INF] 【直播间】23447660 的第 14 个心跳包发送成功
[02:20:24 INF] 【直播间】91164 的第 14 个心跳包发送成功
[02:20:26 INF] 【直播间】22764265 的第 14 个心跳包发送成功
[02:21:18 INF] 【直播间】23357926 的第 15 个心跳包发送成功
[02:21:19 INF] 【直播间】23040372 的第 15 个心跳包发送成功
[02:21:20 INF] 【直播间】31494 的第 15 个心跳包发送成功
[02:21:22 INF] 【直播间】4015781 的第 15 个心跳包发送成功
[02:21:23 INF] 【直播间】9619073 的第 15 个心跳包发送成功
[02:21:24 INF] 【直播间】407149 的第 15 个心跳包发送成功
[02:21:26 INF] 【直播间】7184632 的第 15 个心跳包发送成功
[02:21:27 INF] 【直播间】11732699 的第 15 个心跳包发送成功
[02:21:28 INF] 【直播间】929670 的第 15 个心跳包发送成功
[02:21:29 INF] 【直播间】23447660 的第 15 个心跳包发送成功
[02:21:30 INF] 【直播间】91164 的第 15 个心跳包发送成功
[02:21:32 INF] 【直播间】22764265 的第 15 个心跳包发送成功
[02:22:24 ERR] 【心跳包】直播间 23357926 发送失败
[02:22:24 ERR] 【原因】time check failed
[02:22:26 ERR] 【心跳包】直播间 23040372 发送失败
[02:22:26 ERR] 【原因】time check failed
[02:22:27 ERR] 【心跳包】直播间 31494 发送失败
[02:22:27 ERR] 【原因】time check failed
[02:22:28 ERR] 【心跳包】直播间 4015781 发送失败
[02:22:28 ERR] 【原因】time check failed
[02:22:29 ERR] 【心跳包】直播间 9619073 发送失败
[02:22:29 ERR] 【原因】time check failed
[02:22:31 ERR] 【心跳包】直播间 407149 发送失败
[02:22:31 ERR] 【原因】time check failed
[02:22:32 ERR] 【心跳包】直播间 7184632 发送失败
[02:22:32 ERR] 【原因】time check failed
[02:22:33 ERR] 【心跳包】直播间 11732699 发送失败
[02:22:33 ERR] 【原因】time check failed
[02:22:34 ERR] 【心跳包】直播间 929670 发送失败
[02:22:34 ERR] 【原因】time check failed
[02:22:35 ERR] 【心跳包】直播间 23447660 发送失败
[02:22:35 ERR] 【原因】time check failed
[02:22:37 ERR] 【心跳包】直播间 91164 发送失败
[02:22:37 ERR] 【原因】time check failed
[02:22:38 ERR] 【心跳包】直播间 22764265 发送失败
[02:22:38 ERR] 【原因】time check failed
[02:23:31 INF] 【直播间】23357926 的第 16 个心跳包发送成功
[02:23:32 INF] 【直播间】23040372 的第 16 个心跳包发送成功
[02:23:33 INF] 【直播间】31494 的第 16 个心跳包发送成功
[02:23:34 INF] 【直播间】4015781 的第 16 个心跳包发送成功
[02:23:36 INF] 【直播间】9619073 的第 16 个心跳包发送成功
[02:23:37 INF] 【直播间】407149 的第 16 个心跳包发送成功
[02:23:38 INF] 【直播间】7184632 的第 16 个心跳包发送成功
[02:23:39 INF] 【直播间】11732699 的第 16 个心跳包发送成功
[02:23:40 INF] 【直播间】929670 的第 16 个心跳包发送成功
[02:23:42 INF] 【直播间】23447660 的第 16 个心跳包发送成功
[02:23:43 INF] 【直播间】91164 的第 16 个心跳包发送成功
[02:23:44 INF] 【直播间】22764265 的第 16 个心跳包发送成功
[02:24:37 INF] 【直播间】23357926 的第 17 个心跳包发送成功
[02:24:38 INF] 【直播间】23040372 的第 17 个心跳包发送成功
[02:24:39 INF] 【直播间】31494 的第 17 个心跳包发送成功
[02:24:41 INF] 【直播间】4015781 的第 17 个心跳包发送成功
[02:24:42 INF] 【直播间】9619073 的第 17 个心跳包发送成功
[02:24:43 INF] 【直播间】407149 的第 17 个心跳包发送成功
[02:24:44 INF] 【直播间】7184632 的第 17 个心跳包发送成功
[02:24:46 INF] 【直播间】11732699 的第 17 个心跳包发送成功
[02:24:47 INF] 【直播间】929670 的第 17 个心跳包发送成功
[02:24:48 INF] 【直播间】23447660 的第 17 个心跳包发送成功
[02:24:49 INF] 【直播间】91164 的第 17 个心跳包发送成功
[02:24:50 INF] 【直播间】22764265 的第 17 个心跳包发送成功
[02:25:43 INF] 【直播间】23357926 的第 18 个心跳包发送成功
[02:25:44 INF] 【直播间】23040372 的第 18 个心跳包发送成功
[02:25:46 INF] 【直播间】31494 的第 18 个心跳包发送成功
[02:25:47 INF] 【直播间】4015781 的第 18 个心跳包发送成功
[02:25:48 INF] 【直播间】9619073 的第 18 个心跳包发送成功
[02:25:49 INF] 【直播间】407149 的第 18 个心跳包发送成功
[02:25:51 INF] 【直播间】7184632 的第 18 个心跳包发送成功
[02:25:52 INF] 【直播间】11732699 的第 18 个心跳包发送成功
[02:25:53 INF] 【直播间】929670 的第 18 个心跳包发送成功
[02:25:54 INF] 【直播间】23447660 的第 18 个心跳包发送成功
[02:25:55 INF] 【直播间】91164 的第 18 个心跳包发送成功
[02:25:57 INF] 【直播间】22764265 的第 18 个心跳包发送成功
[02:26:50 INF] 【直播间】23357926 的第 19 个心跳包发送成功
[02:26:51 INF] 【直播间】23040372 的第 19 个心跳包发送成功
[02:26:52 INF] 【直播间】31494 的第 19 个心跳包发送成功
[02:26:54 INF] 【直播间】4015781 的第 19 个心跳包发送成功
[02:26:55 INF] 【直播间】9619073 的第 19 个心跳包发送成功
[02:26:56 INF] 【直播间】407149 的第 19 个心跳包发送成功
[02:26:57 INF] 【直播间】7184632 的第 19 个心跳包发送成功
[02:26:58 INF] 【直播间】11732699 的第 19 个心跳包发送成功
[02:27:00 INF] 【直播间】929670 的第 19 个心跳包发送成功
[02:27:01 INF] 【直播间】23447660 的第 19 个心跳包发送成功
[02:27:02 INF] 【直播间】91164 的第 19 个心跳包发送成功
[02:27:03 INF] 【直播间】22764265 的第 19 个心跳包发送成功
[02:27:56 INF] 【直播间】23357926 的第 20 个心跳包发送成功
[02:27:57 INF] 【直播间】23040372 的第 20 个心跳包发送成功
[02:27:58 INF] 【直播间】31494 的第 20 个心跳包发送成功
[02:28:00 INF] 【直播间】4015781 的第 20 个心跳包发送成功
[02:28:01 INF] 【直播间】9619073 的第 20 个心跳包发送成功
[02:28:02 INF] 【直播间】407149 的第 20 个心跳包发送成功
[02:28:03 INF] 【直播间】7184632 的第 20 个心跳包发送成功
[02:28:05 INF] 【直播间】11732699 的第 20 个心跳包发送成功
[02:28:06 INF] 【直播间】929670 的第 20 个心跳包发送成功
[02:28:07 INF] 【直播间】23447660 的第 20 个心跳包发送成功
[02:28:08 INF] 【直播间】91164 的第 20 个心跳包发送成功
[02:28:10 INF] 【直播间】22764265 的第 20 个心跳包发送成功
[02:29:02 INF] 【直播间】23357926 的第 21 个心跳包发送成功
[02:29:04 INF] 【直播间】23040372 的第 21 个心跳包发送成功
[02:29:05 INF] 【直播间】31494 的第 21 个心跳包发送成功
[02:29:06 INF] 【直播间】4015781 的第 21 个心跳包发送成功
[02:29:07 INF] 【直播间】9619073 的第 21 个心跳包发送成功
[02:29:09 INF] 【直播间】407149 的第 21 个心跳包发送成功
[02:29:10 INF] 【直播间】7184632 的第 21 个心跳包发送成功
[02:29:11 INF] 【直播间】11732699 的第 21 个心跳包发送成功
[02:29:12 INF] 【直播间】929670 的第 21 个心跳包发送成功
[02:29:13 INF] 【直播间】23447660 的第 21 个心跳包发送成功
[02:29:15 INF] 【直播间】91164 的第 21 个心跳包发送成功
[02:29:16 INF] 【直播间】22764265 的第 21 个心跳包发送成功
[02:30:09 INF] 【直播间】23357926 的第 22 个心跳包发送成功
[02:30:10 INF] 【直播间】23040372 的第 22 个心跳包发送成功
[02:30:11 INF] 【直播间】31494 的第 22 个心跳包发送成功
[02:30:12 INF] 【直播间】4015781 的第 22 个心跳包发送成功
[02:30:14 INF] 【直播间】9619073 的第 22 个心跳包发送成功
[02:30:15 INF] 【直播间】407149 的第 22 个心跳包发送成功
[02:30:16 INF] 【直播间】7184632 的第 22 个心跳包发送成功
[02:30:17 INF] 【直播间】11732699 的第 22 个心跳包发送成功
[02:30:18 INF] 【直播间】929670 的第 22 个心跳包发送成功
[02:30:20 INF] 【直播间】23447660 的第 22 个心跳包发送成功
[02:30:21 INF] 【直播间】91164 的第 22 个心跳包发送成功
[02:30:22 INF] 【直播间】22764265 的第 22 个心跳包发送成功
[02:31:15 INF] 【直播间】23357926 的第 23 个心跳包发送成功
[02:31:16 INF] 【直播间】23040372 的第 23 个心跳包发送成功
[02:31:18 INF] 【直播间】31494 的第 23 个心跳包发送成功
[02:31:19 INF] 【直播间】4015781 的第 23 个心跳包发送成功
[02:31:20 INF] 【直播间】9619073 的第 23 个心跳包发送成功
[02:31:21 INF] 【直播间】407149 的第 23 个心跳包发送成功
[02:31:23 INF] 【直播间】7184632 的第 23 个心跳包发送成功
[02:31:24 INF] 【直播间】11732699 的第 23 个心跳包发送成功
[02:31:25 INF] 【直播间】929670 的第 23 个心跳包发送成功
[02:31:26 INF] 【直播间】23447660 的第 23 个心跳包发送成功
[02:31:27 INF] 【直播间】91164 的第 23 个心跳包发送成功
[02:31:28 INF] 【直播间】22764265 的第 23 个心跳包发送成功
[02:32:22 INF] 【直播间】23357926 的第 24 个心跳包发送成功
[02:32:23 INF] 【直播间】23040372 的第 24 个心跳包发送成功
[02:32:24 INF] 【直播间】31494 的第 24 个心跳包发送成功
[02:32:25 INF] 【直播间】4015781 的第 24 个心跳包发送成功
[02:32:26 INF] 【直播间】9619073 的第 24 个心跳包发送成功
[02:32:28 INF] 【直播间】407149 的第 24 个心跳包发送成功
[02:32:29 INF] 【直播间】7184632 的第 24 个心跳包发送成功
[02:32:30 INF] 【直播间】11732699 的第 24 个心跳包发送成功
[02:32:32 INF] 【直播间】929670 的第 24 个心跳包发送成功
[02:32:33 INF] 【直播间】23447660 的第 24 个心跳包发送成功
[02:32:34 INF] 【直播间】91164 的第 24 个心跳包发送成功
[02:32:35 INF] 【直播间】22764265 的第 24 个心跳包发送成功
[02:33:28 INF] 【直播间】23357926 的第 25 个心跳包发送成功
[02:33:29 INF] 【直播间】23040372 的第 25 个心跳包发送成功
[02:33:30 INF] 【直播间】31494 的第 25 个心跳包发送成功
[02:33:31 INF] 【直播间】4015781 的第 25 个心跳包发送成功
[02:33:33 INF] 【直播间】9619073 的第 25 个心跳包发送成功
[02:33:34 INF] 【直播间】407149 的第 25 个心跳包发送成功
[02:33:35 INF] 【直播间】7184632 的第 25 个心跳包发送成功
[02:33:36 INF] 【直播间】11732699 的第 25 个心跳包发送成功
[02:33:38 INF] 【直播间】929670 的第 25 个心跳包发送成功
[02:33:39 INF] 【直播间】23447660 的第 25 个心跳包发送成功
[02:33:40 INF] 【直播间】91164 的第 25 个心跳包发送成功
[02:33:42 INF] 【直播间】22764265 的第 25 个心跳包发送成功
[02:34:34 INF] 【直播间】23357926 的第 26 个心跳包发送成功
[02:34:35 INF] 【直播间】23040372 的第 26 个心跳包发送成功
[02:34:37 INF] 【直播间】31494 的第 26 个心跳包发送成功
[02:34:38 INF] 【直播间】4015781 的第 26 个心跳包发送成功
[02:34:39 INF] 【直播间】9619073 的第 26 个心跳包发送成功
[02:34:40 INF] 【直播间】407149 的第 26 个心跳包发送成功
[02:34:41 INF] 【直播间】7184632 的第 26 个心跳包发送成功
[02:34:43 INF] 【直播间】11732699 的第 26 个心跳包发送成功
[02:34:44 INF] 【直播间】929670 的第 26 个心跳包发送成功
[02:34:45 INF] 【直播间】23447660 的第 26 个心跳包发送成功
[02:34:47 INF] 【直播间】91164 的第 26 个心跳包发送成功
[02:34:48 INF] 【直播间】22764265 的第 26 个心跳包发送成功
[02:35:41 INF] 【直播间】23357926 的第 27 个心跳包发送成功
[02:35:42 INF] 【直播间】23040372 的第 27 个心跳包发送成功
[02:35:43 INF] 【直播间】31494 的第 27 个心跳包发送成功
[02:35:44 INF] 【直播间】4015781 的第 27 个心跳包发送成功
[02:35:45 INF] 【直播间】9619073 的第 27 个心跳包发送成功
[02:35:46 INF] 【直播间】407149 的第 27 个心跳包发送成功
[02:35:48 INF] 【直播间】7184632 的第 27 个心跳包发送成功
[02:35:49 INF] 【直播间】11732699 的第 27 个心跳包发送成功
[02:35:50 INF] 【直播间】929670 的第 27 个心跳包发送成功
[02:35:51 INF] 【直播间】23447660 的第 27 个心跳包发送成功
[02:35:53 INF] 【直播间】91164 的第 27 个心跳包发送成功
[02:35:54 INF] 【直播间】22764265 的第 27 个心跳包发送成功
[02:36:47 INF] 【直播间】23357926 的第 28 个心跳包发送成功
[02:36:48 INF] 【直播间】23040372 的第 28 个心跳包发送成功
[02:36:49 INF] 【直播间】31494 的第 28 个心跳包发送成功
[02:36:50 INF] 【直播间】4015781 的第 28 个心跳包发送成功
[02:36:52 INF] 【直播间】9619073 的第 28 个心跳包发送成功
[02:36:53 INF] 【直播间】407149 的第 28 个心跳包发送成功
[02:36:54 INF] 【直播间】7184632 的第 28 个心跳包发送成功
[02:36:55 INF] 【直播间】11732699 的第 28 个心跳包发送成功
[02:36:56 INF] 【直播间】929670 的第 28 个心跳包发送成功
[02:36:58 INF] 【直播间】23447660 的第 28 个心跳包发送成功
[02:36:59 INF] 【直播间】91164 的第 28 个心跳包发送成功
[02:37:00 INF] 【直播间】22764265 的第 28 个心跳包发送成功
[02:37:53 INF] 【直播间】23357926 的第 29 个心跳包发送成功
[02:37:54 INF] 【直播间】23040372 的第 29 个心跳包发送成功
[02:37:56 INF] 【直播间】31494 的第 29 个心跳包发送成功
[02:37:57 INF] 【直播间】4015781 的第 29 个心跳包发送成功
[02:37:58 INF] 【直播间】9619073 的第 29 个心跳包发送成功
[02:37:59 INF] 【直播间】407149 的第 29 个心跳包发送成功
[02:38:01 INF] 【直播间】7184632 的第 29 个心跳包发送成功
[02:38:02 INF] 【直播间】11732699 的第 29 个心跳包发送成功
[02:38:03 INF] 【直播间】929670 的第 29 个心跳包发送成功
[02:38:04 INF] 【直播间】23447660 的第 29 个心跳包发送成功
[02:38:06 INF] 【直播间】91164 的第 29 个心跳包发送成功
[02:38:07 INF] 【直播间】22764265 的第 29 个心跳包发送成功
[02:39:00 ERR] 【心跳包】直播间 23357926 发送失败
[02:39:00 ERR] 【原因】time check failed
[02:39:01 ERR] 【心跳包】直播间 23040372 发送失败
[02:39:01 ERR] 【原因】time check failed
[02:39:02 ERR] 【心跳包】直播间 31494 发送失败
[02:39:02 ERR] 【原因】time check failed
[02:39:03 ERR] 【心跳包】直播间 4015781 发送失败
[02:39:03 ERR] 【原因】time check failed
[02:39:04 ERR] 【心跳包】直播间 9619073 发送失败
[02:39:04 ERR] 【原因】time check failed
[02:39:06 ERR] 【心跳包】直播间 407149 发送失败
[02:39:06 ERR] 【原因】time check failed
[02:39:07 ERR] 【心跳包】直播间 7184632 发送失败
[02:39:07 ERR] 【原因】time check failed
[02:39:08 ERR] 【心跳包】直播间 11732699 发送失败
[02:39:08 ERR] 【原因】time check failed
[02:39:09 ERR] 【心跳包】直播间 929670 发送失败
[02:39:09 ERR] 【原因】time check failed
[02:39:11 ERR] 【心跳包】直播间 23447660 发送失败
[02:39:11 ERR] 【原因】time check failed
[02:39:12 ERR] 【心跳包】直播间 91164 发送失败
[02:39:12 ERR] 【原因】time check failed
[02:39:13 ERR] 【心跳包】直播间 22764265 发送失败
[02:39:13 ERR] 【原因】time check failed
[02:40:06 INF] 【直播间】23357926 的第 30 个心跳包发送成功
[02:40:07 INF] 【直播间】23040372 的第 30 个心跳包发送成功
[02:40:08 INF] 【直播间】31494 的第 30 个心跳包发送成功
[02:40:10 INF] 【直播间】4015781 的第 30 个心跳包发送成功
[02:40:11 INF] 【直播间】9619073 的第 30 个心跳包发送成功
[02:40:12 INF] 【直播间】407149 的第 30 个心跳包发送成功
[02:40:13 INF] 【直播间】7184632 的第 30 个心跳包发送成功
[02:40:14 INF] 【直播间】11732699 的第 30 个心跳包发送成功
[02:40:16 INF] 【直播间】929670 的第 30 个心跳包发送成功
[02:40:17 INF] 【直播间】23447660 的第 30 个心跳包发送成功
[02:40:18 INF] 【直播间】91164 的第 30 个心跳包发送成功
[02:40:19 INF] 【直播间】22764265 的第 30 个心跳包发送成功
[02:41:12 INF] 【直播间】23357926 的第 31 个心跳包发送成功
[02:41:13 INF] 【直播间】23040372 的第 31 个心跳包发送成功
[02:41:15 INF] 【直播间】31494 的第 31 个心跳包发送成功
[02:41:16 INF] 【直播间】4015781 的第 31 个心跳包发送成功
[02:41:17 INF] 【直播间】9619073 的第 31 个心跳包发送成功
[02:41:19 INF] 【直播间】407149 的第 31 个心跳包发送成功
[02:41:20 INF] 【直播间】7184632 的第 31 个心跳包发送成功
[02:41:21 INF] 【直播间】11732699 的第 31 个心跳包发送成功
[02:41:22 INF] 【直播间】929670 的第 31 个心跳包发送成功
[02:41:23 INF] 【直播间】23447660 的第 31 个心跳包发送成功
[02:41:25 INF] 【直播间】91164 的第 31 个心跳包发送成功
[02:41:26 INF] 【直播间】22764265 的第 31 个心跳包发送成功
[02:42:18 INF] 【直播间】23357926 的第 32 个心跳包发送成功
[02:42:20 INF] 【直播间】23040372 的第 32 个心跳包发送成功
[02:42:21 INF] 【直播间】31494 的第 32 个心跳包发送成功
[02:42:22 INF] 【直播间】4015781 的第 32 个心跳包发送成功
[02:42:23 INF] 【直播间】9619073 的第 32 个心跳包发送成功
[02:42:25 INF] 【直播间】407149 的第 32 个心跳包发送成功
[02:42:26 INF] 【直播间】7184632 的第 32 个心跳包发送成功
[02:42:27 INF] 【直播间】11732699 的第 32 个心跳包发送成功
[02:42:28 INF] 【直播间】929670 的第 32 个心跳包发送成功
[02:42:30 INF] 【直播间】23447660 的第 32 个心跳包发送成功
[02:42:31 INF] 【直播间】91164 的第 32 个心跳包发送成功
[02:42:32 INF] 【直播间】22764265 的第 32 个心跳包发送成功
[02:43:25 INF] 【直播间】23357926 的第 33 个心跳包发送成功
[02:43:26 INF] 【直播间】23040372 的第 33 个心跳包发送成功
[02:43:27 INF] 【直播间】31494 的第 33 个心跳包发送成功
[02:43:28 INF] 【直播间】4015781 的第 33 个心跳包发送成功
[02:43:30 INF] 【直播间】9619073 的第 33 个心跳包发送成功
[02:43:31 INF] 【直播间】407149 的第 33 个心跳包发送成功
[02:43:32 INF] 【直播间】7184632 的第 33 个心跳包发送成功
[02:43:34 INF] 【直播间】11732699 的第 33 个心跳包发送成功
[02:43:35 INF] 【直播间】929670 的第 33 个心跳包发送成功
[02:43:36 INF] 【直播间】23447660 的第 33 个心跳包发送成功
[02:43:37 INF] 【直播间】91164 的第 33 个心跳包发送成功
[02:43:38 INF] 【直播间】22764265 的第 33 个心跳包发送成功
[02:44:31 INF] 【直播间】23357926 的第 34 个心跳包发送成功
[02:44:32 INF] 【直播间】23040372 的第 34 个心跳包发送成功
[02:44:33 INF] 【直播间】31494 的第 34 个心跳包发送成功
[02:44:35 INF] 【直播间】4015781 的第 34 个心跳包发送成功
[02:44:36 INF] 【直播间】9619073 的第 34 个心跳包发送成功
[02:44:37 INF] 【直播间】407149 的第 34 个心跳包发送成功
[02:44:39 INF] 【直播间】7184632 的第 34 个心跳包发送成功
[02:44:40 INF] 【直播间】11732699 的第 34 个心跳包发送成功
[02:44:41 INF] 【直播间】929670 的第 34 个心跳包发送成功
[02:44:42 INF] 【直播间】23447660 的第 34 个心跳包发送成功
[02:44:43 INF] 【直播间】91164 的第 34 个心跳包发送成功
[02:44:45 INF] 【直播间】22764265 的第 34 个心跳包发送成功
[02:45:37 INF] 【直播间】23357926 的第 35 个心跳包发送成功
[02:45:39 INF] 【直播间】23040372 的第 35 个心跳包发送成功
[02:45:40 INF] 【直播间】31494 的第 35 个心跳包发送成功
[02:45:41 INF] 【直播间】4015781 的第 35 个心跳包发送成功
[02:45:42 INF] 【直播间】9619073 的第 35 个心跳包发送成功
[02:45:44 INF] 【直播间】407149 的第 35 个心跳包发送成功
[02:45:45 INF] 【直播间】7184632 的第 35 个心跳包发送成功
[02:45:46 INF] 【直播间】11732699 的第 35 个心跳包发送成功
[02:45:47 INF] 【直播间】929670 的第 35 个心跳包发送成功
[02:45:48 INF] 【直播间】23447660 的第 35 个心跳包发送成功
[02:45:50 INF] 【直播间】91164 的第 35 个心跳包发送成功
[02:45:51 INF] 【直播间】22764265 的第 35 个心跳包发送成功
[02:46:44 INF] 【直播间】23357926 的第 36 个心跳包发送成功
[02:46:45 INF] 【直播间】23040372 的第 36 个心跳包发送成功
[02:46:46 INF] 【直播间】31494 的第 36 个心跳包发送成功
[02:46:47 INF] 【直播间】4015781 的第 36 个心跳包发送成功
[02:46:49 INF] 【直播间】9619073 的第 36 个心跳包发送成功
[02:46:50 INF] 【直播间】407149 的第 36 个心跳包发送成功
[02:46:51 INF] 【直播间】7184632 的第 36 个心跳包发送成功
[02:46:52 INF] 【直播间】11732699 的第 36 个心跳包发送成功
[02:46:53 INF] 【直播间】929670 的第 36 个心跳包发送成功
[02:46:55 INF] 【直播间】23447660 的第 36 个心跳包发送成功
[02:46:56 INF] 【直播间】91164 的第 36 个心跳包发送成功
[02:46:57 INF] 【直播间】22764265 的第 36 个心跳包发送成功
[02:47:50 INF] 【直播间】23357926 的第 37 个心跳包发送成功
[02:47:51 INF] 【直播间】23040372 的第 37 个心跳包发送成功
[02:47:53 INF] 【直播间】31494 的第 37 个心跳包发送成功
[02:47:54 INF] 【直播间】4015781 的第 37 个心跳包发送成功
[02:47:55 INF] 【直播间】9619073 的第 37 个心跳包发送成功
[02:47:56 INF] 【直播间】407149 的第 37 个心跳包发送成功
[02:47:58 INF] 【直播间】7184632 的第 37 个心跳包发送成功
[02:47:59 INF] 【直播间】11732699 的第 37 个心跳包发送成功
[02:48:00 INF] 【直播间】929670 的第 37 个心跳包发送成功
[02:48:01 INF] 【直播间】23447660 的第 37 个心跳包发送成功
[02:48:03 INF] 【直播间】91164 的第 37 个心跳包发送成功
[02:48:04 INF] 【直播间】22764265 的第 37 个心跳包发送成功
[02:48:57 INF] 【直播间】23357926 的第 38 个心跳包发送成功
[02:48:58 INF] 【直播间】23040372 的第 38 个心跳包发送成功
[02:48:59 INF] 【直播间】31494 的第 38 个心跳包发送成功
[02:49:00 INF] 【直播间】4015781 的第 38 个心跳包发送成功
[02:49:02 INF] 【直播间】9619073 的第 38 个心跳包发送成功
[02:49:03 INF] 【直播间】407149 的第 38 个心跳包发送成功
[02:49:04 INF] 【直播间】7184632 的第 38 个心跳包发送成功
[02:49:05 INF] 【直播间】11732699 的第 38 个心跳包发送成功
[02:49:06 INF] 【直播间】929670 的第 38 个心跳包发送成功
[02:49:08 INF] 【直播间】23447660 的第 38 个心跳包发送成功
[02:49:09 INF] 【直播间】91164 的第 38 个心跳包发送成功
[02:49:10 INF] 【直播间】22764265 的第 38 个心跳包发送成功
[02:50:03 INF] 【直播间】23357926 的第 39 个心跳包发送成功
[02:50:04 INF] 【直播间】23040372 的第 39 个心跳包发送成功
[02:50:05 INF] 【直播间】31494 的第 39 个心跳包发送成功
[02:50:07 INF] 【直播间】4015781 的第 39 个心跳包发送成功
[02:50:08 INF] 【直播间】9619073 的第 39 个心跳包发送成功
[02:50:09 INF] 【直播间】407149 的第 39 个心跳包发送成功
[02:50:10 INF] 【直播间】7184632 的第 39 个心跳包发送成功
[02:50:12 INF] 【直播间】11732699 的第 39 个心跳包发送成功
[02:50:13 INF] 【直播间】929670 的第 39 个心跳包发送成功
[02:50:14 INF] 【直播间】23447660 的第 39 个心跳包发送成功
[02:50:15 INF] 【直播间】91164 的第 39 个心跳包发送成功
[02:50:17 INF] 【直播间】22764265 的第 39 个心跳包发送成功
[02:51:09 INF] 【直播间】23357926 的第 40 个心跳包发送成功
[02:51:10 INF] 【直播间】23040372 的第 40 个心跳包发送成功
[02:51:12 INF] 【直播间】31494 的第 40 个心跳包发送成功
[02:51:13 INF] 【直播间】4015781 的第 40 个心跳包发送成功
[02:51:14 INF] 【直播间】9619073 的第 40 个心跳包发送成功
[02:51:15 INF] 【直播间】407149 的第 40 个心跳包发送成功
[02:51:17 INF] 【直播间】7184632 的第 40 个心跳包发送成功
[02:51:18 INF] 【直播间】11732699 的第 40 个心跳包发送成功
[02:51:19 INF] 【直播间】929670 的第 40 个心跳包发送成功
[02:51:20 INF] 【直播间】23447660 的第 40 个心跳包发送成功
[02:51:22 INF] 【直播间】91164 的第 40 个心跳包发送成功
[02:51:23 INF] 【直播间】22764265 的第 40 个心跳包发送成功
[02:52:16 INF] 【直播间】23357926 的第 41 个心跳包发送成功
[02:52:17 INF] 【直播间】23040372 的第 41 个心跳包发送成功
[02:52:18 INF] 【直播间】31494 的第 41 个心跳包发送成功
[02:52:19 INF] 【直播间】4015781 的第 41 个心跳包发送成功
[02:52:20 INF] 【直播间】9619073 的第 41 个心跳包发送成功
[02:52:22 INF] 【直播间】407149 的第 41 个心跳包发送成功
[02:52:23 INF] 【直播间】7184632 的第 41 个心跳包发送成功
[02:52:24 INF] 【直播间】11732699 的第 41 个心跳包发送成功
[02:52:25 INF] 【直播间】929670 的第 41 个心跳包发送成功
[02:52:27 INF] 【直播间】23447660 的第 41 个心跳包发送成功
[02:52:28 INF] 【直播间】91164 的第 41 个心跳包发送成功
[02:52:29 INF] 【直播间】22764265 的第 41 个心跳包发送成功
[02:53:22 INF] 【直播间】23357926 的第 42 个心跳包发送成功
[02:53:23 INF] 【直播间】23040372 的第 42 个心跳包发送成功
[02:53:25 INF] 【直播间】31494 的第 42 个心跳包发送成功
[02:53:26 INF] 【直播间】4015781 的第 42 个心跳包发送成功
[02:53:27 INF] 【直播间】9619073 的第 42 个心跳包发送成功
[02:53:28 INF] 【直播间】407149 的第 42 个心跳包发送成功
[02:53:30 INF] 【直播间】7184632 的第 42 个心跳包发送成功
[02:53:31 INF] 【直播间】11732699 的第 42 个心跳包发送成功
[02:53:32 INF] 【直播间】929670 的第 42 个心跳包发送成功
[02:53:33 INF] 【直播间】23447660 的第 42 个心跳包发送成功
[02:53:35 INF] 【直播间】91164 的第 42 个心跳包发送成功
[02:53:36 INF] 【直播间】22764265 的第 42 个心跳包发送成功
[02:54:29 INF] 【直播间】23357926 的第 43 个心跳包发送成功
[02:54:30 INF] 【直播间】23040372 的第 43 个心跳包发送成功
[02:54:31 INF] 【直播间】31494 的第 43 个心跳包发送成功
[02:54:32 INF] 【直播间】4015781 的第 43 个心跳包发送成功
[02:54:34 INF] 【直播间】9619073 的第 43 个心跳包发送成功
[02:54:35 INF] 【直播间】407149 的第 43 个心跳包发送成功
[02:54:36 INF] 【直播间】7184632 的第 43 个心跳包发送成功
[02:54:37 INF] 【直播间】11732699 的第 43 个心跳包发送成功
[02:54:39 INF] 【直播间】929670 的第 43 个心跳包发送成功
[02:54:40 INF] 【直播间】23447660 的第 43 个心跳包发送成功
[02:54:41 INF] 【直播间】91164 的第 43 个心跳包发送成功
[02:54:42 INF] 【直播间】22764265 的第 43 个心跳包发送成功
[02:55:35 ERR] 【心跳包】直播间 23357926 发送失败
[02:55:35 ERR] 【原因】time check failed
[02:55:36 ERR] 【心跳包】直播间 23040372 发送失败
[02:55:36 ERR] 【原因】time check failed
[02:55:37 ERR] 【心跳包】直播间 31494 发送失败
[02:55:37 ERR] 【原因】time check failed
[02:55:39 ERR] 【心跳包】直播间 4015781 发送失败
[02:55:39 ERR] 【原因】time check failed
[02:55:40 ERR] 【心跳包】直播间 9619073 发送失败
[02:55:40 ERR] 【原因】time check failed
[02:55:41 ERR] 【心跳包】直播间 407149 发送失败
[02:55:41 ERR] 【原因】time check failed
[02:55:42 ERR] 【心跳包】直播间 7184632 发送失败
[02:55:42 ERR] 【原因】time check failed
[02:55:43 ERR] 【心跳包】直播间 11732699 发送失败
[02:55:43 ERR] 【原因】time check failed
[02:55:45 ERR] 【心跳包】直播间 929670 发送失败
[02:55:45 ERR] 【原因】time check failed
[02:55:46 ERR] 【心跳包】直播间 23447660 发送失败
[02:55:46 ERR] 【原因】time check failed
[02:55:47 ERR] 【心跳包】直播间 91164 发送失败
[02:55:47 ERR] 【原因】time check failed
[02:55:48 ERR] 【心跳包】直播间 22764265 发送失败
[02:55:48 ERR] 【原因】time check failed
[02:56:41 INF] 【直播间】23357926 的第 44 个心跳包发送成功
[02:56:42 INF] 【直播间】23040372 的第 44 个心跳包发送成功
[02:56:44 INF] 【直播间】31494 的第 44 个心跳包发送成功
[02:56:45 INF] 【直播间】4015781 的第 44 个心跳包发送成功
[02:56:46 INF] 【直播间】9619073 的第 44 个心跳包发送成功
[02:56:47 INF] 【直播间】407149 的第 44 个心跳包发送成功
[02:56:49 INF] 【直播间】7184632 的第 44 个心跳包发送成功
[02:56:50 INF] 【直播间】11732699 的第 44 个心跳包发送成功
[02:56:51 INF] 【直播间】929670 的第 44 个心跳包发送成功
[02:56:52 INF] 【直播间】23447660 的第 44 个心跳包发送成功
[02:56:53 INF] 【直播间】91164 的第 44 个心跳包发送成功
[02:56:55 INF] 【直播间】22764265 的第 44 个心跳包发送成功
[02:57:48 INF] 【直播间】23357926 的第 45 个心跳包发送成功
[02:57:49 INF] 【直播间】23040372 的第 45 个心跳包发送成功
[02:57:50 INF] 【直播间】31494 的第 45 个心跳包发送成功
[02:57:51 INF] 【直播间】4015781 的第 45 个心跳包发送成功
[02:57:52 INF] 【直播间】9619073 的第 45 个心跳包发送成功
[02:57:54 INF] 【直播间】407149 的第 45 个心跳包发送成功
[02:57:55 INF] 【直播间】7184632 的第 45 个心跳包发送成功
[02:57:56 INF] 【直播间】11732699 的第 45 个心跳包发送成功
[02:57:57 INF] 【直播间】929670 的第 45 个心跳包发送成功
[02:57:59 INF] 【直播间】23447660 的第 45 个心跳包发送成功
[02:58:00 INF] 【直播间】91164 的第 45 个心跳包发送成功
[02:58:01 INF] 【直播间】22764265 的第 45 个心跳包发送成功
[02:58:54 INF] 【直播间】23357926 的第 46 个心跳包发送成功
[02:58:55 INF] 【直播间】23040372 的第 46 个心跳包发送成功
[02:58:56 INF] 【直播间】31494 的第 46 个心跳包发送成功
[02:58:58 INF] 【直播间】4015781 的第 46 个心跳包发送成功
[02:58:59 INF] 【直播间】9619073 的第 46 个心跳包发送成功
[02:59:00 INF] 【直播间】407149 的第 46 个心跳包发送成功
[02:59:01 INF] 【直播间】7184632 的第 46 个心跳包发送成功
[02:59:03 INF] 【直播间】11732699 的第 46 个心跳包发送成功
[02:59:04 INF] 【直播间】929670 的第 46 个心跳包发送成功
[02:59:05 INF] 【直播间】23447660 的第 46 个心跳包发送成功
[02:59:06 INF] 【直播间】91164 的第 46 个心跳包发送成功
[02:59:07 INF] 【直播间】22764265 的第 46 个心跳包发送成功
[03:00:00 INF] 【直播间】23357926 的第 47 个心跳包发送成功
[03:00:01 INF] 【直播间】23040372 的第 47 个心跳包发送成功
[03:00:03 INF] 【直播间】31494 的第 47 个心跳包发送成功
[03:00:04 INF] 【直播间】4015781 的第 47 个心跳包发送成功
[03:00:05 INF] 【直播间】9619073 的第 47 个心跳包发送成功
[03:00:06 INF] 【直播间】407149 的第 47 个心跳包发送成功
[03:00:08 INF] 【直播间】7184632 的第 47 个心跳包发送成功
[03:00:09 INF] 【直播间】11732699 的第 47 个心跳包发送成功
[03:00:10 INF] 【直播间】929670 的第 47 个心跳包发送成功
[03:00:11 INF] 【直播间】23447660 的第 47 个心跳包发送成功
[03:00:13 INF] 【直播间】91164 的第 47 个心跳包发送成功
[03:00:14 INF] 【直播间】22764265 的第 47 个心跳包发送成功
[03:01:06 INF] 【直播间】23357926 的第 48 个心跳包发送成功
[03:01:08 INF] 【直播间】23040372 的第 48 个心跳包发送成功
[03:01:09 INF] 【直播间】31494 的第 48 个心跳包发送成功
[03:01:10 INF] 【直播间】4015781 的第 48 个心跳包发送成功
[03:01:11 INF] 【直播间】9619073 的第 48 个心跳包发送成功
[03:01:13 INF] 【直播间】407149 的第 48 个心跳包发送成功
[03:01:14 INF] 【直播间】7184632 的第 48 个心跳包发送成功
[03:01:15 INF] 【直播间】11732699 的第 48 个心跳包发送成功
[03:01:16 INF] 【直播间】929670 的第 48 个心跳包发送成功
[03:01:17 INF] 【直播间】23447660 的第 48 个心跳包发送成功
[03:01:19 INF] 【直播间】91164 的第 48 个心跳包发送成功
[03:01:20 INF] 【直播间】22764265 的第 48 个心跳包发送成功
[03:02:13 INF] 【直播间】23357926 的第 49 个心跳包发送成功
[03:02:14 INF] 【直播间】23040372 的第 49 个心跳包发送成功
[03:02:15 INF] 【直播间】31494 的第 49 个心跳包发送成功
[03:02:16 INF] 【直播间】4015781 的第 49 个心跳包发送成功
[03:02:18 INF] 【直播间】9619073 的第 49 个心跳包发送成功
[03:02:19 INF] 【直播间】407149 的第 49 个心跳包发送成功
[03:02:20 INF] 【直播间】7184632 的第 49 个心跳包发送成功
[03:02:21 INF] 【直播间】11732699 的第 49 个心跳包发送成功
[03:02:22 INF] 【直播间】929670 的第 49 个心跳包发送成功
[03:02:24 INF] 【直播间】23447660 的第 49 个心跳包发送成功
[03:02:25 INF] 【直播间】91164 的第 49 个心跳包发送成功
[03:02:26 INF] 【直播间】22764265 的第 49 个心跳包发送成功
[03:03:19 INF] 【直播间】23357926 的第 50 个心跳包发送成功
[03:03:20 INF] 【直播间】23040372 的第 50 个心跳包发送成功
[03:03:22 INF] 【直播间】31494 的第 50 个心跳包发送成功
[03:03:23 INF] 【直播间】4015781 的第 50 个心跳包发送成功
[03:03:24 INF] 【直播间】9619073 的第 50 个心跳包发送成功
[03:03:25 INF] 【直播间】407149 的第 50 个心跳包发送成功
[03:03:27 INF] 【直播间】7184632 的第 50 个心跳包发送成功
[03:03:28 INF] 【直播间】11732699 的第 50 个心跳包发送成功
[03:03:29 INF] 【直播间】929670 的第 50 个心跳包发送成功
[03:03:30 INF] 【直播间】23447660 的第 50 个心跳包发送成功
[03:03:32 INF] 【直播间】91164 的第 50 个心跳包发送成功
[03:03:33 INF] 【直播间】22764265 的第 50 个心跳包发送成功
[03:04:26 INF] 【直播间】23357926 的第 51 个心跳包发送成功
[03:04:27 INF] 【直播间】23040372 的第 51 个心跳包发送成功
[03:04:28 INF] 【直播间】31494 的第 51 个心跳包发送成功
[03:04:29 INF] 【直播间】4015781 的第 51 个心跳包发送成功
[03:04:31 INF] 【直播间】9619073 的第 51 个心跳包发送成功
[03:04:32 INF] 【直播间】407149 的第 51 个心跳包发送成功
[03:04:33 INF] 【直播间】7184632 的第 51 个心跳包发送成功
[03:04:34 INF] 【直播间】11732699 的第 51 个心跳包发送成功
[03:04:35 INF] 【直播间】929670 的第 51 个心跳包发送成功
[03:04:37 INF] 【直播间】23447660 的第 51 个心跳包发送成功
[03:04:38 INF] 【直播间】91164 的第 51 个心跳包发送成功
[03:04:39 INF] 【直播间】22764265 的第 51 个心跳包发送成功
[03:05:32 INF] 【直播间】23357926 的第 52 个心跳包发送成功
[03:05:33 INF] 【直播间】23040372 的第 52 个心跳包发送成功
[03:05:34 INF] 【直播间】31494 的第 52 个心跳包发送成功
[03:05:35 INF] 【直播间】4015781 的第 52 个心跳包发送成功
[03:05:37 INF] 【直播间】9619073 的第 52 个心跳包发送成功
[03:05:38 INF] 【直播间】407149 的第 52 个心跳包发送成功
[03:05:39 INF] 【直播间】7184632 的第 52 个心跳包发送成功
[03:05:40 INF] 【直播间】11732699 的第 52 个心跳包发送成功
[03:05:42 INF] 【直播间】929670 的第 52 个心跳包发送成功
[03:05:43 INF] 【直播间】23447660 的第 52 个心跳包发送成功
[03:05:44 INF] 【直播间】91164 的第 52 个心跳包发送成功
[03:05:45 INF] 【直播间】22764265 的第 52 个心跳包发送成功
[03:06:38 INF] 【直播间】23357926 的第 53 个心跳包发送成功
[03:06:39 INF] 【直播间】23040372 的第 53 个心跳包发送成功
[03:06:41 INF] 【直播间】31494 的第 53 个心跳包发送成功
[03:06:42 INF] 【直播间】4015781 的第 53 个心跳包发送成功
[03:06:43 INF] 【直播间】9619073 的第 53 个心跳包发送成功
[03:06:44 INF] 【直播间】407149 的第 53 个心跳包发送成功
[03:06:46 INF] 【直播间】7184632 的第 53 个心跳包发送成功
[03:06:47 INF] 【直播间】11732699 的第 53 个心跳包发送成功
[03:06:48 INF] 【直播间】929670 的第 53 个心跳包发送成功
[03:06:49 INF] 【直播间】23447660 的第 53 个心跳包发送成功
[03:06:50 INF] 【直播间】91164 的第 53 个心跳包发送成功
[03:06:52 INF] 【直播间】22764265 的第 53 个心跳包发送成功
[03:07:45 INF] 【直播间】23357926 的第 54 个心跳包发送成功
[03:07:46 INF] 【直播间】23040372 的第 54 个心跳包发送成功
[03:07:47 INF] 【直播间】31494 的第 54 个心跳包发送成功
[03:07:48 INF] 【直播间】4015781 的第 54 个心跳包发送成功
[03:07:49 INF] 【直播间】9619073 的第 54 个心跳包发送成功
[03:07:51 INF] 【直播间】407149 的第 54 个心跳包发送成功
[03:07:52 INF] 【直播间】7184632 的第 54 个心跳包发送成功
[03:07:53 INF] 【直播间】11732699 的第 54 个心跳包发送成功
[03:07:54 INF] 【直播间】929670 的第 54 个心跳包发送成功
[03:07:55 INF] 【直播间】23447660 的第 54 个心跳包发送成功
[03:07:57 INF] 【直播间】91164 的第 54 个心跳包发送成功
[03:07:58 INF] 【直播间】22764265 的第 54 个心跳包发送成功
[03:08:51 INF] 【直播间】23357926 的第 55 个心跳包发送成功
[03:08:52 INF] 【直播间】23040372 的第 55 个心跳包发送成功
[03:08:53 INF] 【直播间】31494 的第 55 个心跳包发送成功
[03:08:54 INF] 【直播间】4015781 的第 55 个心跳包发送成功
[03:08:56 INF] 【直播间】9619073 的第 55 个心跳包发送成功
[03:08:57 INF] 【直播间】407149 的第 55 个心跳包发送成功
[03:08:58 INF] 【直播间】7184632 的第 55 个心跳包发送成功
[03:08:59 INF] 【直播间】11732699 的第 55 个心跳包发送成功
[03:09:01 INF] 【直播间】929670 的第 55 个心跳包发送成功
[03:09:02 INF] 【直播间】23447660 的第 55 个心跳包发送成功
[03:09:03 INF] 【直播间】91164 的第 55 个心跳包发送成功
[03:09:04 INF] 【直播间】22764265 的第 55 个心跳包发送成功
[03:09:57 INF] 【直播间】23357926 的第 56 个心跳包发送成功
[03:09:58 INF] 【直播间】23040372 的第 56 个心跳包发送成功
[03:10:00 INF] 【直播间】31494 的第 56 个心跳包发送成功
[03:10:01 INF] 【直播间】4015781 的第 56 个心跳包发送成功
[03:10:02 INF] 【直播间】9619073 的第 56 个心跳包发送成功
[03:10:03 INF] 【直播间】407149 的第 56 个心跳包发送成功
[03:10:04 INF] 【直播间】7184632 的第 56 个心跳包发送成功
[03:10:06 INF] 【直播间】11732699 的第 56 个心跳包发送成功
[03:10:07 INF] 【直播间】929670 的第 56 个心跳包发送成功
[03:10:08 INF] 【直播间】23447660 的第 56 个心跳包发送成功
[03:10:09 INF] 【直播间】91164 的第 56 个心跳包发送成功
[03:10:11 INF] 【直播间】22764265 的第 56 个心跳包发送成功
[03:11:03 INF] 【直播间】23357926 的第 57 个心跳包发送成功
[03:11:05 INF] 【直播间】23040372 的第 57 个心跳包发送成功
[03:11:06 INF] 【直播间】31494 的第 57 个心跳包发送成功
[03:11:07 INF] 【直播间】4015781 的第 57 个心跳包发送成功
[03:11:08 INF] 【直播间】9619073 的第 57 个心跳包发送成功
[03:11:09 INF] 【直播间】407149 的第 57 个心跳包发送成功
[03:11:11 INF] 【直播间】7184632 的第 57 个心跳包发送成功
[03:11:12 INF] 【直播间】11732699 的第 57 个心跳包发送成功
[03:11:13 INF] 【直播间】929670 的第 57 个心跳包发送成功
[03:11:15 INF] 【直播间】23447660 的第 57 个心跳包发送成功
[03:11:16 INF] 【直播间】91164 的第 57 个心跳包发送成功
[03:11:17 INF] 【直播间】22764265 的第 57 个心跳包发送成功
[03:12:10 ERR] 【心跳包】直播间 23357926 发送失败
[03:12:10 ERR] 【原因】time check failed
[03:12:11 ERR] 【心跳包】直播间 23040372 发送失败
[03:12:11 ERR] 【原因】time check failed
[03:12:12 ERR] 【心跳包】直播间 31494 发送失败
[03:12:12 ERR] 【原因】time check failed
[03:12:14 ERR] 【心跳包】直播间 4015781 发送失败
[03:12:14 ERR] 【原因】time check failed
[03:12:15 ERR] 【心跳包】直播间 9619073 发送失败
[03:12:15 ERR] 【原因】time check failed
[03:12:16 ERR] 【心跳包】直播间 407149 发送失败
[03:12:16 ERR] 【原因】time check failed
[03:12:17 ERR] 【心跳包】直播间 7184632 发送失败
[03:12:17 ERR] 【原因】time check failed
[03:12:18 ERR] 【心跳包】直播间 11732699 发送失败
[03:12:18 ERR] 【原因】time check failed
[03:12:19 ERR] 【心跳包】直播间 929670 发送失败
[03:12:19 ERR] 【原因】time check failed
[03:12:21 ERR] 【心跳包】直播间 23447660 发送失败
[03:12:21 ERR] 【原因】time check failed
[03:12:22 ERR] 【心跳包】直播间 91164 发送失败
[03:12:22 ERR] 【原因】time check failed
[03:12:23 ERR] 【心跳包】直播间 22764265 发送失败
[03:12:23 ERR] 【原因】time check failed
[03:13:16 INF] 【直播间】23357926 的第 58 个心跳包发送成功
[03:13:17 INF] 【直播间】23040372 的第 58 个心跳包发送成功
[03:13:19 INF] 【直播间】31494 的第 58 个心跳包发送成功
[03:13:20 INF] 【直播间】4015781 的第 58 个心跳包发送成功
[03:13:21 INF] 【直播间】9619073 的第 58 个心跳包发送成功
[03:13:22 INF] 【直播间】407149 的第 58 个心跳包发送成功
[03:13:24 INF] 【直播间】7184632 的第 58 个心跳包发送成功
[03:13:25 INF] 【直播间】11732699 的第 58 个心跳包发送成功
[03:13:26 INF] 【直播间】929670 的第 58 个心跳包发送成功
[03:13:27 INF] 【直播间】23447660 的第 58 个心跳包发送成功
[03:13:28 INF] 【直播间】91164 的第 58 个心跳包发送成功
[03:13:30 INF] 【直播间】22764265 的第 58 个心跳包发送成功
[03:14:23 INF] 【直播间】23357926 的第 59 个心跳包发送成功
[03:14:24 INF] 【直播间】23040372 的第 59 个心跳包发送成功
[03:14:25 INF] 【直播间】31494 的第 59 个心跳包发送成功
[03:14:26 INF] 【直播间】4015781 的第 59 个心跳包发送成功
[03:14:27 INF] 【直播间】9619073 的第 59 个心跳包发送成功
[03:14:29 INF] 【直播间】407149 的第 59 个心跳包发送成功
[03:14:30 INF] 【直播间】7184632 的第 59 个心跳包发送成功
[03:14:31 INF] 【直播间】11732699 的第 59 个心跳包发送成功
[03:14:32 INF] 【直播间】929670 的第 59 个心跳包发送成功
[03:14:33 INF] 【直播间】23447660 的第 59 个心跳包发送成功
[03:14:35 INF] 【直播间】91164 的第 59 个心跳包发送成功
[03:14:36 INF] 【直播间】22764265 的第 59 个心跳包发送成功
[03:15:29 INF] 【直播间】23357926 的第 60 个心跳包发送成功
[03:15:30 INF] 【直播间】23040372 的第 60 个心跳包发送成功
[03:15:31 INF] 【直播间】31494 的第 60 个心跳包发送成功
[03:15:32 INF] 【直播间】4015781 的第 60 个心跳包发送成功
[03:15:34 INF] 【直播间】9619073 的第 60 个心跳包发送成功
[03:15:35 INF] 【直播间】407149 的第 60 个心跳包发送成功
[03:15:36 INF] 【直播间】7184632 的第 60 个心跳包发送成功
[03:15:37 INF] 【直播间】11732699 的第 60 个心跳包发送成功
[03:15:39 INF] 【直播间】929670 的第 60 个心跳包发送成功
[03:15:40 INF] 【直播间】23447660 的第 60 个心跳包发送成功
[03:15:41 INF] 【直播间】91164 的第 60 个心跳包发送成功
[03:15:42 INF] 【直播间】22764265 的第 60 个心跳包发送成功
[03:16:35 INF] 【直播间】23357926 的第 61 个心跳包发送成功
[03:16:36 INF] 【直播间】23040372 的第 61 个心跳包发送成功
[03:16:37 INF] 【直播间】31494 的第 61 个心跳包发送成功
[03:16:39 INF] 【直播间】4015781 的第 61 个心跳包发送成功
[03:16:40 INF] 【直播间】9619073 的第 61 个心跳包发送成功
[03:16:41 INF] 【直播间】407149 的第 61 个心跳包发送成功
[03:16:42 INF] 【直播间】7184632 的第 61 个心跳包发送成功
[03:16:43 INF] 【直播间】11732699 的第 61 个心跳包发送成功
[03:16:45 INF] 【直播间】929670 的第 61 个心跳包发送成功
[03:16:46 INF] 【直播间】23447660 的第 61 个心跳包发送成功
[03:16:47 INF] 【直播间】91164 的第 61 个心跳包发送成功
[03:16:48 INF] 【直播间】22764265 的第 61 个心跳包发送成功
[03:17:41 INF] 【直播间】23357926 的第 62 个心跳包发送成功
[03:17:43 INF] 【直播间】23040372 的第 62 个心跳包发送成功
[03:17:44 INF] 【直播间】31494 的第 62 个心跳包发送成功
[03:17:45 INF] 【直播间】4015781 的第 62 个心跳包发送成功
[03:17:46 INF] 【直播间】9619073 的第 62 个心跳包发送成功
[03:17:47 INF] 【直播间】407149 的第 62 个心跳包发送成功
[03:17:49 INF] 【直播间】7184632 的第 62 个心跳包发送成功
[03:17:50 INF] 【直播间】11732699 的第 62 个心跳包发送成功
[03:17:51 INF] 【直播间】929670 的第 62 个心跳包发送成功
[03:17:52 INF] 【直播间】23447660 的第 62 个心跳包发送成功
[03:17:54 INF] 【直播间】91164 的第 62 个心跳包发送成功
[03:17:55 INF] 【直播间】22764265 的第 62 个心跳包发送成功
[03:18:48 INF] 【直播间】23357926 的第 63 个心跳包发送成功
[03:18:49 INF] 【直播间】23040372 的第 63 个心跳包发送成功
[03:18:50 INF] 【直播间】31494 的第 63 个心跳包发送成功
[03:18:51 INF] 【直播间】4015781 的第 63 个心跳包发送成功
[03:18:52 INF] 【直播间】9619073 的第 63 个心跳包发送成功
[03:18:54 INF] 【直播间】407149 的第 63 个心跳包发送成功
[03:18:55 INF] 【直播间】7184632 的第 63 个心跳包发送成功
[03:18:56 INF] 【直播间】11732699 的第 63 个心跳包发送成功
[03:18:57 INF] 【直播间】929670 的第 63 个心跳包发送成功
[03:18:59 INF] 【直播间】23447660 的第 63 个心跳包发送成功
[03:19:00 INF] 【直播间】91164 的第 63 个心跳包发送成功
[03:19:01 INF] 【直播间】22764265 的第 63 个心跳包发送成功
[03:19:54 INF] 【直播间】23357926 的第 64 个心跳包发送成功
[03:19:55 INF] 【直播间】23040372 的第 64 个心跳包发送成功
[03:19:56 INF] 【直播间】31494 的第 64 个心跳包发送成功
[03:19:58 INF] 【直播间】4015781 的第 64 个心跳包发送成功
[03:19:59 INF] 【直播间】9619073 的第 64 个心跳包发送成功
[03:20:00 INF] 【直播间】407149 的第 64 个心跳包发送成功
[03:20:01 INF] 【直播间】7184632 的第 64 个心跳包发送成功
[03:20:02 INF] 【直播间】11732699 的第 64 个心跳包发送成功
[03:20:04 INF] 【直播间】929670 的第 64 个心跳包发送成功
[03:20:05 INF] 【直播间】23447660 的第 64 个心跳包发送成功
[03:20:06 INF] 【直播间】91164 的第 64 个心跳包发送成功
[03:20:07 INF] 【直播间】22764265 的第 64 个心跳包发送成功
[03:21:00 INF] 【直播间】23357926 的第 65 个心跳包发送成功
[03:21:01 INF] 【直播间】23040372 的第 65 个心跳包发送成功
[03:21:03 INF] 【直播间】31494 的第 65 个心跳包发送成功
[03:21:04 INF] 【直播间】4015781 的第 65 个心跳包发送成功
[03:21:05 INF] 【直播间】9619073 的第 65 个心跳包发送成功
[03:21:06 INF] 【直播间】407149 的第 65 个心跳包发送成功
[03:21:07 INF] 【直播间】7184632 的第 65 个心跳包发送成功
[03:21:09 INF] 【直播间】11732699 的第 65 个心跳包发送成功
[03:21:10 INF] 【直播间】929670 的第 65 个心跳包发送成功
[03:21:11 INF] 【直播间】23447660 的第 65 个心跳包发送成功
[03:21:12 INF] 【直播间】91164 的第 65 个心跳包发送成功
[03:21:14 INF] 【直播间】22764265 的第 65 个心跳包发送成功
[03:22:06 INF] 【直播间】23357926 的第 66 个心跳包发送成功
[03:22:08 INF] 【直播间】23040372 的第 66 个心跳包发送成功
[03:22:09 INF] 【直播间】31494 的第 66 个心跳包发送成功
[03:22:10 INF] 【直播间】4015781 的第 66 个心跳包发送成功
[03:22:11 INF] 【直播间】9619073 的第 66 个心跳包发送成功
[03:22:13 INF] 【直播间】407149 的第 66 个心跳包发送成功
[03:22:14 INF] 【直播间】7184632 的第 66 个心跳包发送成功
[03:22:15 INF] 【直播间】11732699 的第 66 个心跳包发送成功
[03:22:16 INF] 【直播间】929670 的第 66 个心跳包发送成功
[03:22:17 INF] 【直播间】23447660 的第 66 个心跳包发送成功
[03:22:19 INF] 【直播间】91164 的第 66 个心跳包发送成功
[03:22:20 INF] 【直播间】22764265 的第 66 个心跳包发送成功
[03:23:13 INF] 【直播间】23357926 的第 67 个心跳包发送成功
[03:23:14 INF] 【直播间】23040372 的第 67 个心跳包发送成功
[03:23:15 INF] 【直播间】31494 的第 67 个心跳包发送成功
[03:23:17 INF] 【直播间】4015781 的第 67 个心跳包发送成功
[03:23:18 INF] 【直播间】9619073 的第 67 个心跳包发送成功
[03:23:19 INF] 【直播间】407149 的第 67 个心跳包发送成功
[03:23:20 INF] 【直播间】7184632 的第 67 个心跳包发送成功
[03:23:22 INF] 【直播间】11732699 的第 67 个心跳包发送成功
[03:23:23 INF] 【直播间】929670 的第 67 个心跳包发送成功
[03:23:24 INF] 【直播间】23447660 的第 67 个心跳包发送成功
[03:23:25 INF] 【直播间】91164 的第 67 个心跳包发送成功
[03:23:26 INF] 【直播间】22764265 的第 67 个心跳包发送成功
[03:24:19 INF] 【直播间】23357926 的第 68 个心跳包发送成功
[03:24:20 INF] 【直播间】23040372 的第 68 个心跳包发送成功
[03:24:22 INF] 【直播间】31494 的第 68 个心跳包发送成功
[03:24:23 INF] 【直播间】4015781 的第 68 个心跳包发送成功
[03:24:24 INF] 【直播间】9619073 的第 68 个心跳包发送成功
[03:24:25 INF] 【直播间】407149 的第 68 个心跳包发送成功
[03:24:27 INF] 【直播间】7184632 的第 68 个心跳包发送成功
[03:24:28 INF] 【直播间】11732699 的第 68 个心跳包发送成功
[03:24:29 INF] 【直播间】929670 的第 68 个心跳包发送成功
[03:24:30 INF] 【直播间】23447660 的第 68 个心跳包发送成功
[03:24:32 INF] 【直播间】91164 的第 68 个心跳包发送成功
[03:24:33 INF] 【直播间】22764265 的第 68 个心跳包发送成功
[03:25:26 INF] 【直播间】23357926 的第 69 个心跳包发送成功
[03:25:27 INF] 【直播间】23040372 的第 69 个心跳包发送成功
[03:25:28 INF] 【直播间】31494 的第 69 个心跳包发送成功
[03:25:29 INF] 【直播间】4015781 的第 69 个心跳包发送成功
[03:25:30 INF] 【直播间】9619073 的第 69 个心跳包发送成功
[03:25:32 INF] 【直播间】407149 的第 69 个心跳包发送成功
[03:25:33 INF] 【直播间】7184632 的第 69 个心跳包发送成功
[03:25:34 INF] 【直播间】11732699 的第 69 个心跳包发送成功
[03:25:35 INF] 【直播间】929670 的第 69 个心跳包发送成功
[03:25:37 INF] 【直播间】23447660 的第 69 个心跳包发送成功
[03:25:38 INF] 【直播间】91164 的第 69 个心跳包发送成功
[03:25:39 INF] 【直播间】22764265 的第 69 个心跳包发送成功
[03:26:32 INF] 【直播间】23357926 的第 70 个心跳包发送成功
[03:26:33 INF] 【直播间】23040372 的第 70 个心跳包发送成功
[03:26:34 INF] 【直播间】31494 的第 70 个心跳包发送成功
[03:26:36 INF] 【直播间】4015781 的第 70 个心跳包发送成功
[03:26:37 INF] 【直播间】9619073 的第 70 个心跳包发送成功
[03:26:38 INF] 【直播间】407149 的第 70 个心跳包发送成功
[03:26:39 INF] 【直播间】7184632 的第 70 个心跳包发送成功
[03:26:41 INF] 【直播间】11732699 的第 70 个心跳包发送成功
[03:26:42 INF] 【直播间】929670 的第 70 个心跳包发送成功
[03:26:43 INF] 【直播间】23447660 的第 70 个心跳包发送成功
[03:26:44 INF] 【直播间】91164 的第 70 个心跳包发送成功
[03:26:45 INF] 【直播间】22764265 的第 70 个心跳包发送成功
[03:26:45 INF] 【直播观看时长】完成情况：12/12 
[03:26:45 INF] ---------结束---------

[03:26:45 INF] ==========结束==========

[03:26:45 INF] ######### 账号 3 #########

[03:26:45 INF] =====开始 直播间互动 =====

[03:26:45 INF] ---开始 发送弹幕 ---
[03:26:45 INF] 检测到直播 Cookie 未正确配置，尝试自动配置中...
[03:26:50 INF] 直播 Cookie 配置成功！
[03:26:50 INF] 【获取直播列表】获取拥有粉丝牌的直播列表
[03:26:53 ERR] 【获取直播列表】失败
[03:26:53 ERR] 【原因】账号未登录
[03:26:53 ERR] 发送弹幕失败，继续其他任务。失败信息:Object reference not set to an instance of an object.

[03:26:53 INF] -------结束-------

[03:26:53 INF] ---开始 点赞直播间 ---
[03:26:53 INF] 【获取直播列表】获取拥有粉丝牌的直播列表
[03:26:57 ERR] 【获取直播列表】失败
[03:26:57 ERR] 【原因】账号未登录
[03:26:57 ERR] 点赞直播间失败，继续其他任务。失败信息:Object reference not set to an instance of an object.

[03:26:57 INF] --------结束--------

[03:26:57 INF] ---开始 直播时长挂机 ---
[03:26:57 INF] 【获取直播列表】获取拥有粉丝牌的直播列表
[03:27:01 ERR] 【获取直播列表】失败
[03:27:01 ERR] 【原因】账号未登录
[03:27:01 ERR] 直播时长挂机失败，继续其他任务。失败信息:Object reference not set to an instance of an object.

[03:27:01 INF] ---------结束---------

[03:27:01 INF] ==========结束==========

[03:27:01 INF] 

========================

 v2.0.2 开源 by https://github.com/RayWangQvQ/BiliBiliToolPro

[03:27:01 INF] ·开始推送·LiveFansMedal任务·
2024-02-16T19:27:01.9309543Z 开始推送到:PushPlus
2024-02-16T19:27:03.1956298Z Response status: OK.
2024-02-16T19:27:03.1956598Z Response content: {"code":999,"msg":"发送内容过大，不能超过2万字","data":null}.

[03:27:03 INF] 运行环境：Development
[03:27:03 INF] 应用目录：/home/runner/work/BiliBiliToolPro/BiliBiliToolPro/src/Ray.BiliBiliTool.Console/bin/Debug/net6.0/

[03:27:03 INF] 运行结束
