----------- ip 信息 ---------
{
  "ip": "20.171.70.52",
  "city": "Phoenix",
  "region": "Arizona",
  "country": "US",
  "loc": "33.4484,-112.0740",
  "org": "AS8075 Microsoft Corporation",
  "postal": "85001",
  "timezone": "America/Phoenix",
  "readme": "https://ipinfo.io/missingauth"
} ---------- end ------------
  ____               ____    _   _____           _  
 |  _ \ __ _ _   _  | __ ) _| |_|_   _|__   ___ | | 
 | |_) / _` | | | | |  _ \(_) (_) | |/ _ \ / _ \| | 
 |  _ < (_| | |_| | | |_) | | | | | | (_) | (_) | | 
 |_| \_\__,_|\__, | |____/|_|_|_| |_|\___/ \___/|_| 
             |___/                                  

[00:25:33 INF] BiliBiliToolPro 开始运行...

[00:25:33 INF] 【账号个数】3个

[00:25:33 INF] 随机休眠4分钟

[00:29:33 INF] 【目标任务】LiveFansMedal
[00:29:33 INF] ######### 账号 1 #########

[00:29:33 INF] =====开始 直播间互动 =====

[00:29:33 INF] ---开始 发送弹幕 ---
[00:29:33 INF] 检测到直播 Cookie 未正确配置，尝试自动配置中...
[00:29:37 INF] 直播 Cookie 配置成功！
[00:29:37 INF] 【获取直播列表】获取拥有粉丝牌的直播列表
[00:29:45 INF] 【主播】Mark陌枫 
[00:29:59 INF] 【主播】KL_qiqi_ 
[00:30:12 INF] 【主播】苏打baka 
[00:30:27 INF] 【直播间】Mark陌枫
[00:30:27 INF] 【粉丝牌】馬楓
[00:30:27 INF] 正在发送弹幕...
[00:30:30 INF] 【直播间】KL_qiqi_
[00:30:30 INF] 【粉丝牌】qiqisb
[00:30:30 INF] 正在发送弹幕...
[00:30:33 INF] 【直播间】苏打baka
[00:30:33 INF] 【粉丝牌】碳酸钠
[00:30:33 INF] 正在发送弹幕...
[00:30:36 INF] -------结束-------

[00:30:36 INF] ---开始 点赞直播间 ---
[00:30:36 INF] 【获取直播列表】获取拥有粉丝牌的直播列表
[00:30:40 INF] 【弹幕发送】成功~，你和主播 Mark陌枫 的亲密值增加了100！
[00:30:41 INF] 【主播】Mark陌枫 
[00:30:43 INF] 【弹幕发送】成功~，你和主播 KL_qiqi_ 的亲密值增加了100！
[00:30:49 INF] 【弹幕发送】成功~，你和主播 苏打baka 的亲密值增加了100！
[00:30:58 INF] 【主播】KL_qiqi_ 
[00:31:14 INF] 【主播】苏打baka 
[00:31:36 INF] 【点赞直播间】23357926 完成
[00:31:41 INF] 【点赞直播间】407149 完成
[00:31:47 INF] --------结束--------

[00:31:47 INF] ---开始 直播时长挂机 ---
[00:31:47 INF] 【获取直播列表】获取拥有粉丝牌的直播列表
[00:31:47 INF] 【点赞直播间】23040372 完成
[00:31:51 INF] 【主播】Mark陌枫 
[00:32:11 INF] 【主播】KL_qiqi_ 
[00:32:26 INF] 【主播】苏打baka 
[00:32:41 INF] 【直播间】23357926 的第 1 个心跳包发送成功
[00:32:42 INF] 【直播间】407149 的第 1 个心跳包发送成功
[00:32:44 INF] 【直播间】23040372 的第 1 个心跳包发送成功
[00:33:47 INF] 【直播间】23357926 的第 2 个心跳包发送成功
[00:33:48 INF] 【直播间】407149 的第 2 个心跳包发送成功
[00:33:50 INF] 【直播间】23040372 的第 2 个心跳包发送成功
[00:34:54 INF] 【直播间】23357926 的第 3 个心跳包发送成功
[00:34:55 INF] 【直播间】407149 的第 3 个心跳包发送成功
[00:34:56 INF] 【直播间】23040372 的第 3 个心跳包发送成功
[00:36:00 INF] 【直播间】23357926 的第 4 个心跳包发送成功
[00:36:01 INF] 【直播间】407149 的第 4 个心跳包发送成功
[00:36:02 INF] 【直播间】23040372 的第 4 个心跳包发送成功
[00:37:06 INF] 【直播间】23357926 的第 5 个心跳包发送成功
[00:37:07 INF] 【直播间】407149 的第 5 个心跳包发送成功
[00:37:09 INF] 【直播间】23040372 的第 5 个心跳包发送成功
[00:38:13 INF] 【直播间】23357926 的第 6 个心跳包发送成功
[00:38:14 INF] 【直播间】407149 的第 6 个心跳包发送成功
[00:38:15 INF] 【直播间】23040372 的第 6 个心跳包发送成功
[00:39:19 INF] 【直播间】23357926 的第 7 个心跳包发送成功
[00:39:20 INF] 【直播间】407149 的第 7 个心跳包发送成功
[00:39:21 INF] 【直播间】23040372 的第 7 个心跳包发送成功
[00:40:25 INF] 【直播间】23357926 的第 8 个心跳包发送成功
[00:40:27 INF] 【直播间】407149 的第 8 个心跳包发送成功
[00:40:28 INF] 【直播间】23040372 的第 8 个心跳包发送成功
[00:41:31 INF] 【直播间】23357926 的第 9 个心跳包发送成功
[00:41:33 INF] 【直播间】407149 的第 9 个心跳包发送成功
[00:41:34 INF] 【直播间】23040372 的第 9 个心跳包发送成功
[00:42:38 INF] 【直播间】23357926 的第 10 个心跳包发送成功
[00:42:39 INF] 【直播间】407149 的第 10 个心跳包发送成功
[00:42:40 INF] 【直播间】23040372 的第 10 个心跳包发送成功
[00:43:44 INF] 【直播间】23357926 的第 11 个心跳包发送成功
[00:43:45 INF] 【直播间】407149 的第 11 个心跳包发送成功
[00:43:47 INF] 【直播间】23040372 的第 11 个心跳包发送成功
[00:44:50 INF] 【直播间】23357926 的第 12 个心跳包发送成功
[00:44:52 INF] 【直播间】407149 的第 12 个心跳包发送成功
[00:44:53 INF] 【直播间】23040372 的第 12 个心跳包发送成功
[00:45:57 INF] 【直播间】23357926 的第 13 个心跳包发送成功
[00:45:58 INF] 【直播间】407149 的第 13 个心跳包发送成功
[00:45:59 INF] 【直播间】23040372 的第 13 个心跳包发送成功
[00:47:03 INF] 【直播间】23357926 的第 14 个心跳包发送成功
[00:47:04 INF] 【直播间】407149 的第 14 个心跳包发送成功
[00:47:05 INF] 【直播间】23040372 的第 14 个心跳包发送成功
[00:48:09 INF] 【直播间】23357926 的第 15 个心跳包发送成功
[00:48:10 INF] 【直播间】407149 的第 15 个心跳包发送成功
[00:48:12 INF] 【直播间】23040372 的第 15 个心跳包发送成功
[00:49:16 ERR] 【心跳包】直播间 23357926 发送失败
[00:49:16 ERR] 【原因】time check failed
[00:49:17 ERR] 【心跳包】直播间 407149 发送失败
[00:49:17 ERR] 【原因】time check failed
[00:49:18 ERR] 【心跳包】直播间 23040372 发送失败
[00:49:18 ERR] 【原因】time check failed
[00:50:22 INF] 【直播间】23357926 的第 16 个心跳包发送成功
[00:50:23 INF] 【直播间】407149 的第 16 个心跳包发送成功
[00:50:24 INF] 【直播间】23040372 的第 16 个心跳包发送成功
[00:51:28 INF] 【直播间】23357926 的第 17 个心跳包发送成功
[00:51:29 INF] 【直播间】407149 的第 17 个心跳包发送成功
[00:51:31 INF] 【直播间】23040372 的第 17 个心跳包发送成功
[00:52:35 INF] 【直播间】23357926 的第 18 个心跳包发送成功
[00:52:36 INF] 【直播间】407149 的第 18 个心跳包发送成功
[00:52:37 INF] 【直播间】23040372 的第 18 个心跳包发送成功
[00:53:41 INF] 【直播间】23357926 的第 19 个心跳包发送成功
[00:53:42 INF] 【直播间】407149 的第 19 个心跳包发送成功
[00:53:43 INF] 【直播间】23040372 的第 19 个心跳包发送成功
[00:54:47 INF] 【直播间】23357926 的第 20 个心跳包发送成功
[00:54:48 INF] 【直播间】407149 的第 20 个心跳包发送成功
[00:54:50 INF] 【直播间】23040372 的第 20 个心跳包发送成功
[00:55:53 INF] 【直播间】23357926 的第 21 个心跳包发送成功
[00:55:55 INF] 【直播间】407149 的第 21 个心跳包发送成功
[00:55:56 INF] 【直播间】23040372 的第 21 个心跳包发送成功
[00:57:00 INF] 【直播间】23357926 的第 22 个心跳包发送成功
[00:57:01 INF] 【直播间】407149 的第 22 个心跳包发送成功
[00:57:02 INF] 【直播间】23040372 的第 22 个心跳包发送成功
[00:58:06 INF] 【直播间】23357926 的第 23 个心跳包发送成功
[00:58:07 INF] 【直播间】407149 的第 23 个心跳包发送成功
[00:58:09 INF] 【直播间】23040372 的第 23 个心跳包发送成功
[00:59:12 INF] 【直播间】23357926 的第 24 个心跳包发送成功
[00:59:14 INF] 【直播间】407149 的第 24 个心跳包发送成功
[00:59:15 INF] 【直播间】23040372 的第 24 个心跳包发送成功
[01:00:19 INF] 【直播间】23357926 的第 25 个心跳包发送成功
[01:00:20 INF] 【直播间】407149 的第 25 个心跳包发送成功
[01:00:21 INF] 【直播间】23040372 的第 25 个心跳包发送成功
[01:01:25 INF] 【直播间】23357926 的第 26 个心跳包发送成功
[01:01:26 INF] 【直播间】407149 的第 26 个心跳包发送成功
[01:01:27 INF] 【直播间】23040372 的第 26 个心跳包发送成功
[01:02:32 INF] 【直播间】23357926 的第 27 个心跳包发送成功
[01:02:33 INF] 【直播间】407149 的第 27 个心跳包发送成功
[01:02:34 INF] 【直播间】23040372 的第 27 个心跳包发送成功
[01:03:38 INF] 【直播间】23357926 的第 28 个心跳包发送成功
[01:03:39 INF] 【直播间】407149 的第 28 个心跳包发送成功
[01:03:40 INF] 【直播间】23040372 的第 28 个心跳包发送成功
[01:04:44 INF] 【直播间】23357926 的第 29 个心跳包发送成功
[01:04:46 INF] 【直播间】407149 的第 29 个心跳包发送成功
[01:04:47 INF] 【直播间】23040372 的第 29 个心跳包发送成功
[01:05:51 ERR] 【心跳包】直播间 23357926 发送失败
[01:05:51 ERR] 【原因】time check failed
[01:05:52 ERR] 【心跳包】直播间 407149 发送失败
[01:05:52 ERR] 【原因】time check failed
[01:05:53 ERR] 【心跳包】直播间 23040372 发送失败
[01:05:53 ERR] 【原因】time check failed
[01:06:57 INF] 【直播间】23357926 的第 30 个心跳包发送成功
[01:06:58 INF] 【直播间】407149 的第 30 个心跳包发送成功
[01:06:59 INF] 【直播间】23040372 的第 30 个心跳包发送成功
[01:08:03 INF] 【直播间】23357926 的第 31 个心跳包发送成功
[01:08:05 INF] 【直播间】407149 的第 31 个心跳包发送成功
[01:08:06 INF] 【直播间】23040372 的第 31 个心跳包发送成功
[01:09:10 INF] 【直播间】23357926 的第 32 个心跳包发送成功
[01:09:11 INF] 【直播间】407149 的第 32 个心跳包发送成功
[01:09:12 INF] 【直播间】23040372 的第 32 个心跳包发送成功
[01:10:16 INF] 【直播间】23357926 的第 33 个心跳包发送成功
[01:10:17 INF] 【直播间】407149 的第 33 个心跳包发送成功
[01:10:18 INF] 【直播间】23040372 的第 33 个心跳包发送成功
[01:11:22 INF] 【直播间】23357926 的第 34 个心跳包发送成功
[01:11:23 INF] 【直播间】407149 的第 34 个心跳包发送成功
[01:11:25 INF] 【直播间】23040372 的第 34 个心跳包发送成功
[01:12:28 INF] 【直播间】23357926 的第 35 个心跳包发送成功
[01:12:30 INF] 【直播间】407149 的第 35 个心跳包发送成功
[01:12:31 INF] 【直播间】23040372 的第 35 个心跳包发送成功
[01:13:35 INF] 【直播间】23357926 的第 36 个心跳包发送成功
[01:13:36 INF] 【直播间】407149 的第 36 个心跳包发送成功
[01:13:37 INF] 【直播间】23040372 的第 36 个心跳包发送成功
[01:14:41 INF] 【直播间】23357926 的第 37 个心跳包发送成功
[01:14:42 INF] 【直播间】407149 的第 37 个心跳包发送成功
[01:14:44 INF] 【直播间】23040372 的第 37 个心跳包发送成功
[01:15:48 INF] 【直播间】23357926 的第 38 个心跳包发送成功
[01:15:49 INF] 【直播间】407149 的第 38 个心跳包发送成功
[01:15:50 INF] 【直播间】23040372 的第 38 个心跳包发送成功
[01:16:54 INF] 【直播间】23357926 的第 39 个心跳包发送成功
[01:16:55 INF] 【直播间】407149 的第 39 个心跳包发送成功
[01:16:56 INF] 【直播间】23040372 的第 39 个心跳包发送成功
[01:18:00 INF] 【直播间】23357926 的第 40 个心跳包发送成功
[01:18:01 INF] 【直播间】407149 的第 40 个心跳包发送成功
[01:18:03 INF] 【直播间】23040372 的第 40 个心跳包发送成功
[01:19:07 INF] 【直播间】23357926 的第 41 个心跳包发送成功
[01:19:08 INF] 【直播间】407149 的第 41 个心跳包发送成功
[01:19:09 INF] 【直播间】23040372 的第 41 个心跳包发送成功
[01:20:13 INF] 【直播间】23357926 的第 42 个心跳包发送成功
[01:20:14 INF] 【直播间】407149 的第 42 个心跳包发送成功
[01:20:15 INF] 【直播间】23040372 的第 42 个心跳包发送成功
[01:21:19 INF] 【直播间】23357926 的第 43 个心跳包发送成功
[01:21:20 INF] 【直播间】407149 的第 43 个心跳包发送成功
[01:21:22 INF] 【直播间】23040372 的第 43 个心跳包发送成功
[01:22:26 ERR] 【心跳包】直播间 23357926 发送失败
[01:22:26 ERR] 【原因】time check failed
[01:22:27 ERR] 【心跳包】直播间 407149 发送失败
[01:22:27 ERR] 【原因】time check failed
[01:22:28 ERR] 【心跳包】直播间 23040372 发送失败
[01:22:28 ERR] 【原因】time check failed
[01:23:32 INF] 【直播间】23357926 的第 44 个心跳包发送成功
[01:23:33 INF] 【直播间】407149 的第 44 个心跳包发送成功
[01:23:34 INF] 【直播间】23040372 的第 44 个心跳包发送成功
[01:24:38 INF] 【直播间】23357926 的第 45 个心跳包发送成功
[01:24:39 INF] 【直播间】407149 的第 45 个心跳包发送成功
[01:24:41 INF] 【直播间】23040372 的第 45 个心跳包发送成功
[01:25:45 INF] 【直播间】23357926 的第 46 个心跳包发送成功
[01:25:46 INF] 【直播间】407149 的第 46 个心跳包发送成功
[01:25:47 INF] 【直播间】23040372 的第 46 个心跳包发送成功
[01:26:51 INF] 【直播间】23357926 的第 47 个心跳包发送成功
[01:26:52 INF] 【直播间】407149 的第 47 个心跳包发送成功
[01:26:53 INF] 【直播间】23040372 的第 47 个心跳包发送成功
[01:27:57 INF] 【直播间】23357926 的第 48 个心跳包发送成功
[01:27:58 INF] 【直播间】407149 的第 48 个心跳包发送成功
[01:28:00 INF] 【直播间】23040372 的第 48 个心跳包发送成功
[01:29:03 INF] 【直播间】23357926 的第 49 个心跳包发送成功
[01:29:05 INF] 【直播间】407149 的第 49 个心跳包发送成功
[01:29:06 INF] 【直播间】23040372 的第 49 个心跳包发送成功
[01:30:10 INF] 【直播间】23357926 的第 50 个心跳包发送成功
[01:30:11 INF] 【直播间】407149 的第 50 个心跳包发送成功
[01:30:12 INF] 【直播间】23040372 的第 50 个心跳包发送成功
[01:31:16 INF] 【直播间】23357926 的第 51 个心跳包发送成功
[01:31:17 INF] 【直播间】407149 的第 51 个心跳包发送成功
[01:31:19 INF] 【直播间】23040372 的第 51 个心跳包发送成功
[01:32:22 INF] 【直播间】23357926 的第 52 个心跳包发送成功
[01:32:24 INF] 【直播间】407149 的第 52 个心跳包发送成功
[01:32:25 INF] 【直播间】23040372 的第 52 个心跳包发送成功
[01:33:29 INF] 【直播间】23357926 的第 53 个心跳包发送成功
[01:33:30 INF] 【直播间】407149 的第 53 个心跳包发送成功
[01:33:31 INF] 【直播间】23040372 的第 53 个心跳包发送成功
[01:34:35 INF] 【直播间】23357926 的第 54 个心跳包发送成功
[01:34:36 INF] 【直播间】407149 的第 54 个心跳包发送成功
[01:34:38 INF] 【直播间】23040372 的第 54 个心跳包发送成功
[01:35:42 INF] 【直播间】23357926 的第 55 个心跳包发送成功
[01:35:43 INF] 【直播间】407149 的第 55 个心跳包发送成功
[01:35:44 INF] 【直播间】23040372 的第 55 个心跳包发送成功
[01:36:48 INF] 【直播间】23357926 的第 56 个心跳包发送成功
[01:36:49 INF] 【直播间】407149 的第 56 个心跳包发送成功
[01:36:50 INF] 【直播间】23040372 的第 56 个心跳包发送成功
[01:37:54 INF] 【直播间】23357926 的第 57 个心跳包发送成功
[01:37:55 INF] 【直播间】407149 的第 57 个心跳包发送成功
[01:37:56 INF] 【直播间】23040372 的第 57 个心跳包发送成功
[01:39:00 ERR] 【心跳包】直播间 23357926 发送失败
[01:39:00 ERR] 【原因】time check failed
[01:39:02 ERR] 【心跳包】直播间 407149 发送失败
[01:39:02 ERR] 【原因】time check failed
[01:39:03 ERR] 【心跳包】直播间 23040372 发送失败
[01:39:03 ERR] 【原因】time check failed
[01:40:07 INF] 【直播间】23357926 的第 58 个心跳包发送成功
[01:40:08 INF] 【直播间】407149 的第 58 个心跳包发送成功
[01:40:09 INF] 【直播间】23040372 的第 58 个心跳包发送成功
[01:41:13 INF] 【直播间】23357926 的第 59 个心跳包发送成功
[01:41:15 INF] 【直播间】407149 的第 59 个心跳包发送成功
[01:41:16 INF] 【直播间】23040372 的第 59 个心跳包发送成功
[01:42:20 INF] 【直播间】23357926 的第 60 个心跳包发送成功
[01:42:21 INF] 【直播间】407149 的第 60 个心跳包发送成功
[01:42:22 INF] 【直播间】23040372 的第 60 个心跳包发送成功
[01:43:26 INF] 【直播间】23357926 的第 61 个心跳包发送成功
[01:43:27 INF] 【直播间】407149 的第 61 个心跳包发送成功
[01:43:28 INF] 【直播间】23040372 的第 61 个心跳包发送成功
[01:44:32 INF] 【直播间】23357926 的第 62 个心跳包发送成功
[01:44:33 INF] 【直播间】407149 的第 62 个心跳包发送成功
[01:44:35 INF] 【直播间】23040372 的第 62 个心跳包发送成功
[01:45:38 INF] 【直播间】23357926 的第 63 个心跳包发送成功
[01:45:40 INF] 【直播间】407149 的第 63 个心跳包发送成功
[01:45:41 INF] 【直播间】23040372 的第 63 个心跳包发送成功
[01:46:45 INF] 【直播间】23357926 的第 64 个心跳包发送成功
[01:46:46 INF] 【直播间】407149 的第 64 个心跳包发送成功
[01:46:47 INF] 【直播间】23040372 的第 64 个心跳包发送成功
[01:47:51 INF] 【直播间】23357926 的第 65 个心跳包发送成功
[01:47:52 INF] 【直播间】407149 的第 65 个心跳包发送成功
[01:47:53 INF] 【直播间】23040372 的第 65 个心跳包发送成功
[01:48:58 INF] 【直播间】23357926 的第 66 个心跳包发送成功
[01:48:59 INF] 【直播间】407149 的第 66 个心跳包发送成功
[01:49:00 INF] 【直播间】23040372 的第 66 个心跳包发送成功
[01:50:04 INF] 【直播间】23357926 的第 67 个心跳包发送成功
[01:50:05 INF] 【直播间】407149 的第 67 个心跳包发送成功
[01:50:06 INF] 【直播间】23040372 的第 67 个心跳包发送成功
[01:51:10 INF] 【直播间】23357926 的第 68 个心跳包发送成功
[01:51:11 INF] 【直播间】407149 的第 68 个心跳包发送成功
[01:51:13 INF] 【直播间】23040372 的第 68 个心跳包发送成功
[01:52:16 INF] 【直播间】23357926 的第 69 个心跳包发送成功
[01:52:18 INF] 【直播间】407149 的第 69 个心跳包发送成功
[01:52:19 INF] 【直播间】23040372 的第 69 个心跳包发送成功
[01:53:23 INF] 【直播间】23357926 的第 70 个心跳包发送成功
[01:53:24 INF] 【直播间】407149 的第 70 个心跳包发送成功
[01:53:25 INF] 【直播间】23040372 的第 70 个心跳包发送成功
[01:53:25 INF] 【直播观看时长】完成情况：3/3 
[01:53:25 INF] ---------结束---------

[01:53:25 INF] ==========结束==========

[01:53:25 INF] ######### 账号 2 #########

[01:53:25 INF] =====开始 直播间互动 =====

[01:53:25 INF] ---开始 发送弹幕 ---
[01:53:25 INF] 检测到直播 Cookie 未正确配置，尝试自动配置中...
[01:53:30 INF] 直播 Cookie 配置成功！
[01:53:30 INF] 【获取直播列表】获取拥有粉丝牌的直播列表
[01:53:38 INF] 【主播】Mark陌枫 
[01:53:55 INF] 【主播】苏打baka 
[01:54:11 INF] 【主播】特别中二的q3君 
[01:54:26 INF] 【主播】陈抱一 
[01:54:44 INF] 【主播】贪玩的小毅 
[01:54:59 INF] 【主播】KL_qiqi_ 
[01:55:14 INF] 【主播】悠悠球琛总 
[01:55:31 INF] 【主播】新石器公园 
[01:55:48 INF] 【主播】脏小豆 
[01:56:07 INF] 【主播】记录生活的蛋黄派 
[01:56:22 INF] 【主播】FoFTG 
[01:56:35 INF] 【主播】李船长笔记 
[01:56:49 INF] 【直播间】Mark陌枫
[01:56:49 INF] 【粉丝牌】馬楓
[01:56:49 INF] 正在发送弹幕...
[01:56:55 INF] 【直播间】苏打baka
[01:56:55 INF] 【粉丝牌】碳酸钠
[01:56:55 INF] 正在发送弹幕...
[01:57:02 INF] 【直播间】特别中二的q3君
[01:57:02 INF] 【粉丝牌】q3GG
[01:57:02 INF] 正在发送弹幕...
[01:57:03 INF] 【弹幕发送】成功~，你和主播 Mark陌枫 的亲密值增加了100！
[01:57:07 INF] 【直播间】陈抱一
[01:57:07 INF] 【粉丝牌】陈抱一
[01:57:07 INF] 正在发送弹幕...
[01:57:10 INF] 【直播间】贪玩的小毅
[01:57:10 INF] 【粉丝牌】大大毅
[01:57:10 INF] 正在发送弹幕...
[01:57:13 INF] 【弹幕发送】成功~，你和主播 苏打baka 的亲密值增加了100！
[01:57:13 INF] 【直播间】KL_qiqi_
[01:57:13 INF] 【粉丝牌】qiqisb
[01:57:13 INF] 正在发送弹幕...
[01:57:19 INF] 【弹幕发送】成功~，你和主播 特别中二的q3君 的亲密值增加了100！
[01:57:19 INF] 【直播间】悠悠球琛总
[01:57:19 INF] 【粉丝牌】i琛
[01:57:19 INF] 正在发送弹幕...
[01:57:20 INF] 【弹幕发送】成功~，你和主播 陈抱一 的亲密值增加了100！
[01:57:26 INF] 【直播间】新石器公园
[01:57:26 INF] 【粉丝牌】东园主
[01:57:26 INF] 正在发送弹幕...
[01:57:27 INF] 【弹幕发送】成功~，你和主播 贪玩的小毅 的亲密值增加了100！
[01:57:29 INF] 【弹幕发送】成功~，你和主播 KL_qiqi_ 的亲密值增加了100！
[01:57:31 INF] 【直播间】脏小豆
[01:57:31 INF] 【粉丝牌】豆豆浆
[01:57:31 INF] 正在发送弹幕...
[01:57:34 INF] 【直播间】记录生活的蛋黄派
[01:57:34 INF] 【粉丝牌】派派派
[01:57:34 INF] 正在发送弹幕...
[01:57:39 INF] 【弹幕发送】成功~，你和主播 悠悠球琛总 的亲密值增加了100！
[01:57:40 INF] 【直播间】FoFTG
[01:57:40 INF] 【粉丝牌】FOFTG
[01:57:40 INF] 正在发送弹幕...
[01:57:43 INF] 【弹幕发送】成功~，你和主播 新石器公园 的亲密值增加了100！
[01:57:45 INF] 【直播间】李船长笔记
[01:57:45 INF] 【粉丝牌】航海仕
[01:57:45 INF] 正在发送弹幕...
[01:57:47 INF] 【弹幕发送】成功~，你和主播 脏小豆 的亲密值增加了100！
[01:57:52 INF] -------结束-------

[01:57:52 INF] ---开始 点赞直播间 ---
[01:57:52 INF] 【获取直播列表】获取拥有粉丝牌的直播列表
[01:57:55 INF] 【弹幕发送】成功~，你和主播 记录生活的蛋黄派 的亲密值增加了100！
[01:57:55 INF] 【主播】Mark陌枫 
[01:57:57 INF] 【弹幕发送】成功~，你和主播 FoFTG 的亲密值增加了100！
[01:58:02 INF] 【弹幕发送】成功~，你和主播 李船长笔记 的亲密值增加了100！
[01:58:09 INF] 【主播】苏打baka 
[01:58:28 INF] 【主播】特别中二的q3君 
[01:58:46 INF] 【主播】陈抱一 
[01:59:02 INF] 【主播】贪玩的小毅 
[01:59:18 INF] 【主播】KL_qiqi_ 
[01:59:37 INF] 【主播】悠悠球琛总 
[01:59:51 INF] 【主播】新石器公园 
[02:00:09 INF] 【主播】脏小豆 
[02:00:26 INF] 【主播】记录生活的蛋黄派 
[02:00:37 INF] 【主播】FoFTG 
[02:00:51 INF] 【主播】李船长笔记 
[02:01:12 INF] 【点赞直播间】23357926 完成
[02:01:16 INF] 【点赞直播间】23040372 完成
[02:01:20 INF] 【点赞直播间】31494 完成
[02:01:24 INF] 【点赞直播间】4015781 完成
[02:01:31 INF] 【点赞直播间】9619073 完成
[02:01:38 INF] 【点赞直播间】407149 完成
[02:01:43 INF] 【点赞直播间】7184632 完成
[02:01:48 INF] 【点赞直播间】23447660 完成
[02:01:51 INF] 【点赞直播间】929670 完成
[02:01:55 INF] 【点赞直播间】11732699 完成
[02:01:59 INF] 【点赞直播间】91164 完成
[02:02:04 INF] --------结束--------

[02:02:04 INF] ---开始 直播时长挂机 ---
[02:02:04 INF] 【获取直播列表】获取拥有粉丝牌的直播列表
[02:02:04 INF] 【点赞直播间】22764265 完成
[02:02:07 INF] 【主播】Mark陌枫 
[02:02:23 INF] 【主播】苏打baka 
[02:02:34 INF] 【主播】特别中二的q3君 
[02:02:50 INF] 【主播】陈抱一 
[02:03:04 INF] 【主播】贪玩的小毅 
[02:03:24 INF] 【主播】KL_qiqi_ 
[02:03:39 INF] 【主播】悠悠球琛总 
[02:03:56 INF] 【主播】新石器公园 
[02:04:13 INF] 【主播】脏小豆 
[02:04:27 INF] 【主播】记录生活的蛋黄派 
[02:04:44 INF] 【主播】FoFTG 
[02:05:02 INF] 【主播】李船长笔记 
[02:05:22 INF] 【直播间】23357926 的第 1 个心跳包发送成功
[02:05:23 INF] 【直播间】23040372 的第 1 个心跳包发送成功
[02:05:25 INF] 【直播间】31494 的第 1 个心跳包发送成功
[02:05:26 INF] 【直播间】4015781 的第 1 个心跳包发送成功
[02:05:27 INF] 【直播间】9619073 的第 1 个心跳包发送成功
[02:05:28 INF] 【直播间】407149 的第 1 个心跳包发送成功
[02:05:29 INF] 【直播间】7184632 的第 1 个心跳包发送成功
[02:05:31 INF] 【直播间】23447660 的第 1 个心跳包发送成功
[02:05:32 INF] 【直播间】929670 的第 1 个心跳包发送成功
[02:05:33 INF] 【直播间】11732699 的第 1 个心跳包发送成功
[02:05:34 INF] 【直播间】91164 的第 1 个心跳包发送成功
[02:05:36 INF] 【直播间】22764265 的第 1 个心跳包发送成功
[02:06:28 INF] 【直播间】23357926 的第 2 个心跳包发送成功
[02:06:30 INF] 【直播间】23040372 的第 2 个心跳包发送成功
[02:06:31 INF] 【直播间】31494 的第 2 个心跳包发送成功
[02:06:32 INF] 【直播间】4015781 的第 2 个心跳包发送成功
[02:06:33 INF] 【直播间】9619073 的第 2 个心跳包发送成功
[02:06:35 INF] 【直播间】407149 的第 2 个心跳包发送成功
[02:06:36 INF] 【直播间】7184632 的第 2 个心跳包发送成功
[02:06:37 INF] 【直播间】23447660 的第 2 个心跳包发送成功
[02:06:38 INF] 【直播间】929670 的第 2 个心跳包发送成功
[02:06:39 INF] 【直播间】11732699 的第 2 个心跳包发送成功
[02:06:41 INF] 【直播间】91164 的第 2 个心跳包发送成功
[02:06:42 INF] 【直播间】22764265 的第 2 个心跳包发送成功
[02:07:35 INF] 【直播间】23357926 的第 3 个心跳包发送成功
[02:07:36 INF] 【直播间】23040372 的第 3 个心跳包发送成功
[02:07:37 INF] 【直播间】31494 的第 3 个心跳包发送成功
[02:07:38 INF] 【直播间】4015781 的第 3 个心跳包发送成功
[02:07:40 INF] 【直播间】9619073 的第 3 个心跳包发送成功
[02:07:41 INF] 【直播间】407149 的第 3 个心跳包发送成功
[02:07:42 INF] 【直播间】7184632 的第 3 个心跳包发送成功
[02:07:43 INF] 【直播间】23447660 的第 3 个心跳包发送成功
[02:07:44 INF] 【直播间】929670 的第 3 个心跳包发送成功
[02:07:46 INF] 【直播间】11732699 的第 3 个心跳包发送成功
[02:07:47 INF] 【直播间】91164 的第 3 个心跳包发送成功
[02:07:48 INF] 【直播间】22764265 的第 3 个心跳包发送成功
[02:08:41 INF] 【直播间】23357926 的第 4 个心跳包发送成功
[02:08:42 INF] 【直播间】23040372 的第 4 个心跳包发送成功
[02:08:43 INF] 【直播间】31494 的第 4 个心跳包发送成功
[02:08:45 INF] 【直播间】4015781 的第 4 个心跳包发送成功
[02:08:46 INF] 【直播间】9619073 的第 4 个心跳包发送成功
[02:08:47 INF] 【直播间】407149 的第 4 个心跳包发送成功
[02:08:48 INF] 【直播间】7184632 的第 4 个心跳包发送成功
[02:08:49 INF] 【直播间】23447660 的第 4 个心跳包发送成功
[02:08:51 INF] 【直播间】929670 的第 4 个心跳包发送成功
[02:08:52 INF] 【直播间】11732699 的第 4 个心跳包发送成功
[02:08:53 INF] 【直播间】91164 的第 4 个心跳包发送成功
[02:08:54 INF] 【直播间】22764265 的第 4 个心跳包发送成功
[02:09:47 INF] 【直播间】23357926 的第 5 个心跳包发送成功
[02:09:48 INF] 【直播间】23040372 的第 5 个心跳包发送成功
[02:09:50 INF] 【直播间】31494 的第 5 个心跳包发送成功
[02:09:51 INF] 【直播间】4015781 的第 5 个心跳包发送成功
[02:09:52 INF] 【直播间】9619073 的第 5 个心跳包发送成功
[02:09:53 INF] 【直播间】407149 的第 5 个心跳包发送成功
[02:09:55 INF] 【直播间】7184632 的第 5 个心跳包发送成功
[02:09:56 INF] 【直播间】23447660 的第 5 个心跳包发送成功
[02:09:57 INF] 【直播间】929670 的第 5 个心跳包发送成功
[02:09:58 INF] 【直播间】11732699 的第 5 个心跳包发送成功
[02:09:59 INF] 【直播间】91164 的第 5 个心跳包发送成功
[02:10:01 INF] 【直播间】22764265 的第 5 个心跳包发送成功
[02:10:54 INF] 【直播间】23357926 的第 6 个心跳包发送成功
[02:10:55 INF] 【直播间】23040372 的第 6 个心跳包发送成功
[02:10:56 INF] 【直播间】31494 的第 6 个心跳包发送成功
[02:10:57 INF] 【直播间】4015781 的第 6 个心跳包发送成功
[02:10:58 INF] 【直播间】9619073 的第 6 个心跳包发送成功
[02:11:00 INF] 【直播间】407149 的第 6 个心跳包发送成功
[02:11:01 INF] 【直播间】7184632 的第 6 个心跳包发送成功
[02:11:02 INF] 【直播间】23447660 的第 6 个心跳包发送成功
[02:11:03 INF] 【直播间】929670 的第 6 个心跳包发送成功
[02:11:04 INF] 【直播间】11732699 的第 6 个心跳包发送成功
[02:11:06 INF] 【直播间】91164 的第 6 个心跳包发送成功
[02:11:07 INF] 【直播间】22764265 的第 6 个心跳包发送成功
[02:12:00 INF] 【直播间】23357926 的第 7 个心跳包发送成功
[02:12:01 INF] 【直播间】23040372 的第 7 个心跳包发送成功
[02:12:02 INF] 【直播间】31494 的第 7 个心跳包发送成功
[02:12:04 INF] 【直播间】4015781 的第 7 个心跳包发送成功
[02:12:05 INF] 【直播间】9619073 的第 7 个心跳包发送成功
[02:12:06 INF] 【直播间】407149 的第 7 个心跳包发送成功
[02:12:07 INF] 【直播间】7184632 的第 7 个心跳包发送成功
[02:12:08 INF] 【直播间】23447660 的第 7 个心跳包发送成功
[02:12:10 INF] 【直播间】929670 的第 7 个心跳包发送成功
[02:12:11 INF] 【直播间】11732699 的第 7 个心跳包发送成功
[02:12:12 INF] 【直播间】91164 的第 7 个心跳包发送成功
[02:12:13 INF] 【直播间】22764265 的第 7 个心跳包发送成功
[02:13:06 INF] 【直播间】23357926 的第 8 个心跳包发送成功
[02:13:07 INF] 【直播间】23040372 的第 8 个心跳包发送成功
[02:13:09 INF] 【直播间】31494 的第 8 个心跳包发送成功
[02:13:10 INF] 【直播间】4015781 的第 8 个心跳包发送成功
[02:13:11 INF] 【直播间】9619073 的第 8 个心跳包发送成功
[02:13:13 INF] 【直播间】407149 的第 8 个心跳包发送成功
[02:13:14 INF] 【直播间】7184632 的第 8 个心跳包发送成功
[02:13:15 INF] 【直播间】23447660 的第 8 个心跳包发送成功
[02:13:16 INF] 【直播间】929670 的第 8 个心跳包发送成功
[02:13:17 INF] 【直播间】11732699 的第 8 个心跳包发送成功
[02:13:19 INF] 【直播间】91164 的第 8 个心跳包发送成功
[02:13:20 INF] 【直播间】22764265 的第 8 个心跳包发送成功
[02:14:12 INF] 【直播间】23357926 的第 9 个心跳包发送成功
[02:14:14 INF] 【直播间】23040372 的第 9 个心跳包发送成功
[02:14:15 INF] 【直播间】31494 的第 9 个心跳包发送成功
[02:14:16 INF] 【直播间】4015781 的第 9 个心跳包发送成功
[02:14:17 INF] 【直播间】9619073 的第 9 个心跳包发送成功
[02:14:19 INF] 【直播间】407149 的第 9 个心跳包发送成功
[02:14:20 INF] 【直播间】7184632 的第 9 个心跳包发送成功
[02:14:21 INF] 【直播间】23447660 的第 9 个心跳包发送成功
[02:14:22 INF] 【直播间】929670 的第 9 个心跳包发送成功
[02:14:24 INF] 【直播间】11732699 的第 9 个心跳包发送成功
[02:14:25 INF] 【直播间】91164 的第 9 个心跳包发送成功
[02:14:26 INF] 【直播间】22764265 的第 9 个心跳包发送成功
[02:15:19 INF] 【直播间】23357926 的第 10 个心跳包发送成功
[02:15:20 INF] 【直播间】23040372 的第 10 个心跳包发送成功
[02:15:22 INF] 【直播间】31494 的第 10 个心跳包发送成功
[02:16:00 ERR] [REQUEST]
POST /xlive/data-interface/v1/x25Kn/X HTTP/1.1
Host: live-trace.bilibili.com
Accept: application/json, text/plain, */*, application/json; q=0.001, application/xml; q=0.001
Accept-Language: zh-CN,zh;q=0.9,en;q=0.8,en-GB;q=0.7,en-US;q=0.6
Sec-Fetch-Dest: empty
Sec-Fetch-Mode: cors
Sec-Fetch-Site: same-site
Connection: keep-alive
Content-Type: application/x-www-form-urlencoded

s=6f9657c3777dc6490c6e3945507e1343afd6f30730b74a439b3c05e00e383cb0902f44a0188e2325a2540e897b3d46a8562e86c9b8e975acb5603160c24cf4d6&id=%5b10%2c646%2c9%2c4015781%5d&ets=1709921606&benchmark=seacasdgyijfhofiuxoannn&time=60&ts=1709921722133&ua=Mozilla%2f5.0+(Windows+NT+10.0%3b+Win64%3b+x64)+AppleWebKit%2f537.36+(KHTML%2c+like+Gecko)+Chrome%2f110.0.0.0+Safari%2f537.36+Edg%2f110.0.1587.41&csrf_token=069b2136f3d081f3b45eac26fb93c6ba&csrf=069b2136f3d081f3b45eac26fb93c6ba&visit_id=&device=%5b%22AUTO9517099204107326%3b+expires%3dFri%2c+31-Dec-2038+23%3a59%3a59+GMT%3b+path%3d%2f%3b+domain%3d.bilibili.com%22%2c%22035989d8-5b75-4afa-9569-7a11ba621269%22%5d

[EXCEPTION]
System.Net.Http.HttpRequestException: The SSL connection could not be established, see inner exception.
 ---> System.IO.IOException: Unable to read data from the transport connection: Connection reset by peer.
 ---> System.Net.Sockets.SocketException (104): Connection reset by peer
   --- End of inner exception stack trace ---
   at System.Net.Sockets.Socket.AwaitableSocketAsyncEventArgs.ThrowException(SocketError error, CancellationToken cancellationToken)
   at System.Net.Sockets.Socket.AwaitableSocketAsyncEventArgs.System.Threading.Tasks.Sources.IValueTaskSource<System.Int32>.GetResult(Int16 token)
   at System.Net.Security.SslStream.<FillHandshakeBufferAsync>g__InternalFillHandshakeBufferAsync|189_0[TIOAdapter](TIOAdapter adap, ValueTask`1 task, Int32 minSize)
   at System.Net.Security.SslStream.ReceiveBlobAsync[TIOAdapter](TIOAdapter adapter)
   at System.Net.Security.SslStream.ForceAuthenticationAsync[TIOAdapter](TIOAdapter adapter, Boolean receiveFirst, Byte[] reAuthenticationData, Boolean isApm)
   at System.Net.Http.ConnectHelper.EstablishSslConnectionAsync(SslClientAuthenticationOptions sslOptions, HttpRequestMessage request, Boolean async, Stream stream, CancellationToken cancellationToken)
   --- End of inner exception stack trace ---
   at System.Net.Http.ConnectHelper.EstablishSslConnectionAsync(SslClientAuthenticationOptions sslOptions, HttpRequestMessage request, Boolean async, Stream stream, CancellationToken cancellationToken)
   at System.Net.Http.HttpConnectionPool.ConnectAsync(HttpRequestMessage request, Boolean async, CancellationToken cancellationToken)
   at System.Net.Http.HttpConnectionPool.CreateHttp11ConnectionAsync(HttpRequestMessage request, Boolean async, CancellationToken cancellationToken)
   at System.Net.Http.HttpConnectionPool.AddHttp11ConnectionAsync(HttpRequestMessage request)
   at System.Threading.Tasks.TaskCompletionSourceWithCancellation`1.WaitWithCancellationAsync(CancellationToken cancellationToken)
   at System.Net.Http.HttpConnectionPool.GetHttp11ConnectionAsync(HttpRequestMessage request, Boolean async, CancellationToken cancellationToken)
   at System.Net.Http.HttpConnectionPool.SendWithVersionDetectionAndRetryAsync(HttpRequestMessage request, Boolean async, Boolean doRequestAuth, CancellationToken cancellationToken)
   at System.Net.Http.RedirectHandler.SendAsync(HttpRequestMessage request, Boolean async, CancellationToken cancellationToken)
   at Microsoft.Extensions.Http.Logging.LoggingHttpMessageHandler.SendAsync(HttpRequestMessage request, CancellationToken cancellationToken)
   at Microsoft.Extensions.Http.PolicyHttpMessageHandler.SendCoreAsync(HttpRequestMessage request, Context context, CancellationToken cancellationToken)
   at Polly.Retry.AsyncRetryEngine.ImplementationAsync[TResult](Func`3 action, Context context, CancellationToken cancellationToken, ExceptionPredicates shouldRetryExceptionPredicates, ResultPredicates`1 shouldRetryResultPredicates, Func`5 onRetryAsync, Int32 permittedRetryCount, IEnumerable`1 sleepDurationsEnumerable, Func`4 sleepDurationProvider, Boolean continueOnCapturedContext)
   at Polly.AsyncPolicy`1.ExecuteAsync(Func`3 action, Context context, CancellationToken cancellationToken, Boolean continueOnCapturedContext)
   at Microsoft.Extensions.Http.PolicyHttpMessageHandler.SendAsync(HttpRequestMessage request, CancellationToken cancellationToken)
   at Ray.BiliBiliTool.Agent.HttpClientDelegatingHandlers.IntervalDelegatingHandler.SendAsync(HttpRequestMessage request, CancellationToken cancellationToken) in /home/runner/work/BiliBiliToolPro/BiliBiliToolPro/src/Ray.BiliBiliTool.Agent/HttpClientDelegatingHandlers/IntervalDelegatingHandler.cs:line 32
   at Microsoft.Extensions.Http.Logging.LoggingScopeHttpMessageHandler.SendAsync(HttpRequestMessage request, CancellationToken cancellationToken)
   at System.Net.Http.HttpClient.<SendAsync>g__Core|83_0(HttpRequestMessage request, HttpCompletionOption completionOption, CancellationTokenSource cts, Boolean disposeCts, CancellationTokenSource pendingRequestsCts, CancellationToken originalCancellationToken)
   at WebApiClientCore.Implementations.ApiRequestSender.SendCoreAsync(ApiRequestContext context)
   at WebApiClientCore.Implementations.ApiRequestSender.SendAsync(ApiRequestContext context)

[ELAPSED] 00:00:38.7027356
[02:16:00 ERR] 直播时长挂机失败，继续其他任务。失败信息:The SSL connection could not be established, see inner exception.

[02:16:00 INF] ---------结束---------

[02:16:00 INF] ==========结束==========

[02:16:00 INF] ######### 账号 3 #########

[02:16:00 INF] =====开始 直播间互动 =====

[02:16:00 INF] ---开始 发送弹幕 ---
[02:16:00 INF] 检测到直播 Cookie 未正确配置，尝试自动配置中...
[02:16:06 INF] 直播 Cookie 配置成功！
[02:16:06 INF] 【获取直播列表】获取拥有粉丝牌的直播列表
[02:16:11 ERR] 【获取直播列表】失败
[02:16:11 ERR] 【原因】账号未登录
[02:16:11 ERR] 发送弹幕失败，继续其他任务。失败信息:Object reference not set to an instance of an object.

[02:16:11 INF] -------结束-------

[02:16:11 INF] ---开始 点赞直播间 ---
[02:16:11 INF] 【获取直播列表】获取拥有粉丝牌的直播列表
[02:16:14 ERR] 【获取直播列表】失败
[02:16:14 ERR] 【原因】账号未登录
[02:16:14 ERR] 点赞直播间失败，继续其他任务。失败信息:Object reference not set to an instance of an object.

[02:16:14 INF] --------结束--------

[02:16:14 INF] ---开始 直播时长挂机 ---
[02:16:14 INF] 【获取直播列表】获取拥有粉丝牌的直播列表
[02:16:17 ERR] 【获取直播列表】失败
[02:16:17 ERR] 【原因】账号未登录
[02:16:17 ERR] 直播时长挂机失败，继续其他任务。失败信息:Object reference not set to an instance of an object.

[02:16:17 INF] ---------结束---------

[02:16:17 INF] ==========结束==========

[02:16:17 INF] 

========================

 v2.0.2 开源 by https://github.com/RayWangQvQ/BiliBiliToolPro

[02:16:17 INF] ·开始推送·LiveFansMedal任务·
2024-03-08T18:16:17.4766541Z 开始推送到:PushPlus
2024-03-08T18:16:18.7724647Z Response status: OK.
2024-03-08T18:16:18.7725033Z Response content: {"code":999,"msg":"发送内容过大，不能超过2万字","data":null}.

[02:16:18 INF] 运行环境：Development
[02:16:18 INF] 应用目录：/home/runner/work/BiliBiliToolPro/BiliBiliToolPro/src/Ray.BiliBiliTool.Console/bin/Debug/net6.0/

[02:16:18 INF] 运行结束
