----------- ip 信息 ---------
{
  "ip": "172.177.65.73",
  "city": "Boydton",
  "region": "Virginia",
  "country": "US",
  "loc": "36.6676,-78.3875",
  "org": "AS8075 Microsoft Corporation",
  "postal": "23917",
  "timezone": "America/New_York",
  "readme": "https://ipinfo.io/missingauth"
} ---------- end ------------
  ____               ____    _   _____           _  
 |  _ \ __ _ _   _  | __ ) _| |_|_   _|__   ___ | | 
 | |_) / _` | | | | |  _ \(_) (_) | |/ _ \ / _ \| | 
 |  _ < (_| | |_| | | |_) | | | | | | (_) | (_) | | 
 |_| \_\__,_|\__, | |____/|_|_|_| |_|\___/ \___/|_| 
             |___/                                  

[00:30:47 INF] BiliBiliToolPro 开始运行...

[00:30:47 INF] 【账号个数】3个

[00:30:47 INF] 随机休眠1分钟

[00:31:47 INF] 【目标任务】LiveFansMedal
[00:31:47 INF] ######### 账号 1 #########

[00:31:48 INF] =====开始 直播间互动 =====

[00:31:48 INF] ---开始 发送弹幕 ---
[00:31:48 INF] 检测到直播 Cookie 未正确配置，尝试自动配置中...
[00:31:56 INF] 直播 Cookie 配置成功！
[00:31:56 INF] 【获取直播列表】获取拥有粉丝牌的直播列表
[00:32:00 INF] 【主播】Mark陌枫 
[00:32:18 INF] 【主播】KL_qiqi_ 
[00:32:35 INF] 【主播】苏打baka 
[00:32:52 INF] 【直播间】Mark陌枫
[00:32:52 INF] 【粉丝牌】馬楓
[00:32:52 INF] 正在发送弹幕...
[00:32:58 INF] 【直播间】KL_qiqi_
[00:32:58 INF] 【粉丝牌】qiqisb
[00:32:58 INF] 正在发送弹幕...
[00:33:03 INF] 【直播间】苏打baka
[00:33:03 INF] 【粉丝牌】碳酸钠
[00:33:03 INF] 正在发送弹幕...
[00:33:07 INF] -------结束-------

[00:33:07 INF] ---开始 点赞直播间 ---
[00:33:07 INF] 【获取直播列表】获取拥有粉丝牌的直播列表
[00:33:09 INF] 【弹幕发送】成功~，你和主播 Mark陌枫 的亲密值增加了100！
[00:33:13 INF] 【主播】Mark陌枫 
[00:33:14 INF] 【弹幕发送】成功~，你和主播 KL_qiqi_ 的亲密值增加了100！
[00:33:15 INF] 【弹幕发送】成功~，你和主播 苏打baka 的亲密值增加了100！
[00:33:27 INF] 【主播】KL_qiqi_ 
[00:33:44 INF] 【主播】苏打baka 
[00:34:07 INF] 【点赞直播间】23357926 完成
[00:34:13 INF] 【点赞直播间】407149 完成
[00:34:17 INF] --------结束--------

[00:34:17 INF] ---开始 直播时长挂机 ---
[00:34:17 INF] 【获取直播列表】获取拥有粉丝牌的直播列表
[00:34:18 INF] 【点赞直播间】23040372 完成
[00:34:21 INF] 【主播】Mark陌枫 
[00:34:36 INF] 【主播】KL_qiqi_ 
[00:34:47 INF] 【主播】苏打baka 
[00:35:04 INF] 【直播间】23357926 的第 1 个心跳包发送成功
[00:35:05 INF] 【直播间】407149 的第 1 个心跳包发送成功
[00:35:07 INF] 【直播间】23040372 的第 1 个心跳包发送成功
[00:36:11 INF] 【直播间】23357926 的第 2 个心跳包发送成功
[00:36:12 INF] 【直播间】407149 的第 2 个心跳包发送成功
[00:36:13 INF] 【直播间】23040372 的第 2 个心跳包发送成功
[00:37:17 INF] 【直播间】23357926 的第 3 个心跳包发送成功
[00:37:19 INF] 【直播间】407149 的第 3 个心跳包发送成功
[00:37:20 INF] 【直播间】23040372 的第 3 个心跳包发送成功
[00:38:24 INF] 【直播间】23357926 的第 4 个心跳包发送成功
[00:38:25 INF] 【直播间】407149 的第 4 个心跳包发送成功
[00:38:27 INF] 【直播间】23040372 的第 4 个心跳包发送成功
[00:39:31 INF] 【直播间】23357926 的第 5 个心跳包发送成功
[00:39:32 INF] 【直播间】407149 的第 5 个心跳包发送成功
[00:39:33 INF] 【直播间】23040372 的第 5 个心跳包发送成功
[00:40:37 INF] 【直播间】23357926 的第 6 个心跳包发送成功
[00:40:39 INF] 【直播间】407149 的第 6 个心跳包发送成功
[00:40:40 INF] 【直播间】23040372 的第 6 个心跳包发送成功
[00:41:44 INF] 【直播间】23357926 的第 7 个心跳包发送成功
[00:41:45 INF] 【直播间】407149 的第 7 个心跳包发送成功
[00:41:46 INF] 【直播间】23040372 的第 7 个心跳包发送成功
[00:42:51 INF] 【直播间】23357926 的第 8 个心跳包发送成功
[00:42:52 ERR] 【心跳包】直播间 407149 发送失败
[00:42:52 ERR] 【原因】time check failed
[00:42:53 INF] 【直播间】23040372 的第 8 个心跳包发送成功
[00:43:57 INF] 【直播间】23357926 的第 9 个心跳包发送成功
[00:43:58 INF] 【直播间】407149 的第 8 个心跳包发送成功
[00:44:00 INF] 【直播间】23040372 的第 9 个心跳包发送成功
[00:45:04 INF] 【直播间】23357926 的第 10 个心跳包发送成功
[00:45:05 INF] 【直播间】407149 的第 9 个心跳包发送成功
[00:45:06 INF] 【直播间】23040372 的第 10 个心跳包发送成功
[00:46:10 INF] 【直播间】23357926 的第 11 个心跳包发送成功
[00:46:11 INF] 【直播间】407149 的第 10 个心跳包发送成功
[00:46:12 INF] 【直播间】23040372 的第 11 个心跳包发送成功
[00:47:16 INF] 【直播间】23357926 的第 12 个心跳包发送成功
[00:47:18 INF] 【直播间】407149 的第 11 个心跳包发送成功
[00:47:19 INF] 【直播间】23040372 的第 12 个心跳包发送成功
[00:48:23 INF] 【直播间】23357926 的第 13 个心跳包发送成功
[00:48:25 INF] 【直播间】407149 的第 12 个心跳包发送成功
[00:48:26 INF] 【直播间】23040372 的第 13 个心跳包发送成功
[00:49:30 INF] 【直播间】23357926 的第 14 个心跳包发送成功
[00:49:31 INF] 【直播间】407149 的第 13 个心跳包发送成功
[00:49:32 INF] 【直播间】23040372 的第 14 个心跳包发送成功
[00:50:36 ERR] 【心跳包】直播间 23357926 发送失败
[00:50:36 ERR] 【原因】time check failed
[00:50:38 INF] 【直播间】407149 的第 14 个心跳包发送成功
[00:50:39 ERR] 【心跳包】直播间 23040372 发送失败
[00:50:39 ERR] 【原因】time check failed
[00:51:43 INF] 【直播间】23357926 的第 15 个心跳包发送成功
[00:51:44 INF] 【直播间】407149 的第 15 个心跳包发送成功
[00:51:45 INF] 【直播间】23040372 的第 15 个心跳包发送成功
[00:52:50 INF] 【直播间】23357926 的第 16 个心跳包发送成功
[00:52:51 INF] 【直播间】407149 的第 16 个心跳包发送成功
[00:52:52 INF] 【直播间】23040372 的第 16 个心跳包发送成功
[00:53:57 INF] 【直播间】23357926 的第 17 个心跳包发送成功
[00:53:58 INF] 【直播间】407149 的第 17 个心跳包发送成功
[00:53:59 INF] 【直播间】23040372 的第 17 个心跳包发送成功
[00:55:03 INF] 【直播间】23357926 的第 18 个心跳包发送成功
[00:55:04 INF] 【直播间】407149 的第 18 个心跳包发送成功
[00:55:06 INF] 【直播间】23040372 的第 18 个心跳包发送成功
[00:56:10 INF] 【直播间】23357926 的第 19 个心跳包发送成功
[00:56:11 INF] 【直播间】407149 的第 19 个心跳包发送成功
[00:56:12 INF] 【直播间】23040372 的第 19 个心跳包发送成功
[00:57:16 INF] 【直播间】23357926 的第 20 个心跳包发送成功
[00:57:17 INF] 【直播间】407149 的第 20 个心跳包发送成功
[00:57:19 INF] 【直播间】23040372 的第 20 个心跳包发送成功
[00:58:23 INF] 【直播间】23357926 的第 21 个心跳包发送成功
[00:58:24 ERR] 【心跳包】直播间 407149 发送失败
[00:58:24 ERR] 【原因】time check failed
[00:58:25 INF] 【直播间】23040372 的第 21 个心跳包发送成功
[00:59:30 INF] 【直播间】23357926 的第 22 个心跳包发送成功
[00:59:31 INF] 【直播间】407149 的第 21 个心跳包发送成功
[00:59:32 INF] 【直播间】23040372 的第 22 个心跳包发送成功
[01:00:36 INF] 【直播间】23357926 的第 23 个心跳包发送成功
[01:00:37 INF] 【直播间】407149 的第 22 个心跳包发送成功
[01:00:38 INF] 【直播间】23040372 的第 23 个心跳包发送成功
[01:01:42 INF] 【直播间】23357926 的第 24 个心跳包发送成功
[01:01:44 INF] 【直播间】407149 的第 23 个心跳包发送成功
[01:01:45 INF] 【直播间】23040372 的第 24 个心跳包发送成功
[01:02:49 INF] 【直播间】23357926 的第 25 个心跳包发送成功
[01:02:50 INF] 【直播间】407149 的第 24 个心跳包发送成功
[01:02:52 INF] 【直播间】23040372 的第 25 个心跳包发送成功
[01:03:55 INF] 【直播间】23357926 的第 26 个心跳包发送成功
[01:03:57 INF] 【直播间】407149 的第 25 个心跳包发送成功
[01:03:58 INF] 【直播间】23040372 的第 26 个心跳包发送成功
[01:05:02 INF] 【直播间】23357926 的第 27 个心跳包发送成功
[01:05:04 INF] 【直播间】407149 的第 26 个心跳包发送成功
[01:05:05 INF] 【直播间】23040372 的第 27 个心跳包发送成功
[01:06:09 ERR] 【心跳包】直播间 23357926 发送失败
[01:06:09 ERR] 【原因】time check failed
[01:06:10 INF] 【直播间】407149 的第 27 个心跳包发送成功
[01:06:11 ERR] 【心跳包】直播间 23040372 发送失败
[01:06:11 ERR] 【原因】time check failed
[01:07:15 INF] 【直播间】23357926 的第 28 个心跳包发送成功
[01:07:17 INF] 【直播间】407149 的第 28 个心跳包发送成功
[01:07:18 INF] 【直播间】23040372 的第 28 个心跳包发送成功
[01:08:22 INF] 【直播间】23357926 的第 29 个心跳包发送成功
[01:08:23 INF] 【直播间】407149 的第 29 个心跳包发送成功
[01:08:25 INF] 【直播间】23040372 的第 29 个心跳包发送成功
[01:09:28 INF] 【直播间】23357926 的第 30 个心跳包发送成功
[01:09:30 INF] 【直播间】407149 的第 30 个心跳包发送成功
[01:09:31 INF] 【直播间】23040372 的第 30 个心跳包发送成功
[01:10:35 INF] 【直播间】23357926 的第 31 个心跳包发送成功
[01:10:36 INF] 【直播间】407149 的第 31 个心跳包发送成功
[01:10:38 INF] 【直播间】23040372 的第 31 个心跳包发送成功
[01:11:42 INF] 【直播间】23357926 的第 32 个心跳包发送成功
[01:11:43 INF] 【直播间】407149 的第 32 个心跳包发送成功
[01:11:44 INF] 【直播间】23040372 的第 32 个心跳包发送成功
[01:12:48 INF] 【直播间】23357926 的第 33 个心跳包发送成功
[01:12:50 INF] 【直播间】407149 的第 33 个心跳包发送成功
[01:12:51 INF] 【直播间】23040372 的第 33 个心跳包发送成功
[01:13:55 INF] 【直播间】23357926 的第 34 个心跳包发送成功
[01:13:56 ERR] 【心跳包】直播间 407149 发送失败
[01:13:56 ERR] 【原因】time check failed
[01:13:57 INF] 【直播间】23040372 的第 34 个心跳包发送成功
[01:15:02 INF] 【直播间】23357926 的第 35 个心跳包发送成功
[01:15:03 INF] 【直播间】407149 的第 34 个心跳包发送成功
[01:15:04 INF] 【直播间】23040372 的第 35 个心跳包发送成功
[01:16:08 INF] 【直播间】23357926 的第 36 个心跳包发送成功
[01:16:10 INF] 【直播间】407149 的第 35 个心跳包发送成功
[01:16:11 INF] 【直播间】23040372 的第 36 个心跳包发送成功
[01:17:15 INF] 【直播间】23357926 的第 37 个心跳包发送成功
[01:17:16 INF] 【直播间】407149 的第 36 个心跳包发送成功
[01:17:17 INF] 【直播间】23040372 的第 37 个心跳包发送成功
[01:18:21 INF] 【直播间】23357926 的第 38 个心跳包发送成功
[01:18:23 INF] 【直播间】407149 的第 37 个心跳包发送成功
[01:18:24 INF] 【直播间】23040372 的第 38 个心跳包发送成功
[01:19:28 INF] 【直播间】23357926 的第 39 个心跳包发送成功
[01:19:29 INF] 【直播间】407149 的第 38 个心跳包发送成功
[01:19:31 INF] 【直播间】23040372 的第 39 个心跳包发送成功
[01:20:35 INF] 【直播间】23357926 的第 40 个心跳包发送成功
[01:20:36 INF] 【直播间】407149 的第 39 个心跳包发送成功
[01:20:37 INF] 【直播间】23040372 的第 40 个心跳包发送成功
[01:21:42 ERR] 【心跳包】直播间 23357926 发送失败
[01:21:42 ERR] 【原因】time check failed
[01:21:43 INF] 【直播间】407149 的第 40 个心跳包发送成功
[01:21:44 ERR] 【心跳包】直播间 23040372 发送失败
[01:21:44 ERR] 【原因】time check failed
[01:22:48 INF] 【直播间】23357926 的第 41 个心跳包发送成功
[01:22:49 INF] 【直播间】407149 的第 41 个心跳包发送成功
[01:22:51 INF] 【直播间】23040372 的第 41 个心跳包发送成功
[01:23:54 INF] 【直播间】23357926 的第 42 个心跳包发送成功
[01:23:56 INF] 【直播间】407149 的第 42 个心跳包发送成功
[01:23:57 INF] 【直播间】23040372 的第 42 个心跳包发送成功
[01:25:01 INF] 【直播间】23357926 的第 43 个心跳包发送成功
[01:25:02 INF] 【直播间】407149 的第 43 个心跳包发送成功
[01:25:04 INF] 【直播间】23040372 的第 43 个心跳包发送成功
[01:26:08 INF] 【直播间】23357926 的第 44 个心跳包发送成功
[01:26:09 INF] 【直播间】407149 的第 44 个心跳包发送成功
[01:26:10 INF] 【直播间】23040372 的第 44 个心跳包发送成功
[01:27:14 INF] 【直播间】23357926 的第 45 个心跳包发送成功
[01:27:16 INF] 【直播间】407149 的第 45 个心跳包发送成功
[01:27:17 INF] 【直播间】23040372 的第 45 个心跳包发送成功
[01:28:21 INF] 【直播间】23357926 的第 46 个心跳包发送成功
[01:28:22 INF] 【直播间】407149 的第 46 个心跳包发送成功
[01:28:24 INF] 【直播间】23040372 的第 46 个心跳包发送成功
[01:29:28 INF] 【直播间】23357926 的第 47 个心跳包发送成功
[01:29:29 ERR] 【心跳包】直播间 407149 发送失败
[01:29:29 ERR] 【原因】time check failed
[01:29:30 INF] 【直播间】23040372 的第 47 个心跳包发送成功
[01:30:34 INF] 【直播间】23357926 的第 48 个心跳包发送成功
[01:30:35 INF] 【直播间】407149 的第 47 个心跳包发送成功
[01:30:37 INF] 【直播间】23040372 的第 48 个心跳包发送成功
[01:31:41 INF] 【直播间】23357926 的第 49 个心跳包发送成功
[01:31:42 INF] 【直播间】407149 的第 48 个心跳包发送成功
[01:31:43 INF] 【直播间】23040372 的第 49 个心跳包发送成功
[01:32:48 INF] 【直播间】23357926 的第 50 个心跳包发送成功
[01:32:49 INF] 【直播间】407149 的第 49 个心跳包发送成功
[01:32:50 INF] 【直播间】23040372 的第 50 个心跳包发送成功
[01:33:54 INF] 【直播间】23357926 的第 51 个心跳包发送成功
[01:33:55 INF] 【直播间】407149 的第 50 个心跳包发送成功
[01:33:57 INF] 【直播间】23040372 的第 51 个心跳包发送成功
[01:35:01 INF] 【直播间】23357926 的第 52 个心跳包发送成功
[01:35:02 INF] 【直播间】407149 的第 51 个心跳包发送成功
[01:35:03 INF] 【直播间】23040372 的第 52 个心跳包发送成功
[01:36:07 INF] 【直播间】23357926 的第 53 个心跳包发送成功
[01:36:08 INF] 【直播间】407149 的第 52 个心跳包发送成功
[01:36:10 INF] 【直播间】23040372 的第 53 个心跳包发送成功
[01:37:14 ERR] 【心跳包】直播间 23357926 发送失败
[01:37:14 ERR] 【原因】time check failed
[01:37:15 INF] 【直播间】407149 的第 53 个心跳包发送成功
[01:37:16 ERR] 【心跳包】直播间 23040372 发送失败
[01:37:16 ERR] 【原因】time check failed
[01:38:21 INF] 【直播间】23357926 的第 54 个心跳包发送成功
[01:38:22 INF] 【直播间】407149 的第 54 个心跳包发送成功
[01:38:23 INF] 【直播间】23040372 的第 54 个心跳包发送成功
[01:39:27 INF] 【直播间】23357926 的第 55 个心跳包发送成功
[01:39:28 INF] 【直播间】407149 的第 55 个心跳包发送成功
[01:39:30 INF] 【直播间】23040372 的第 55 个心跳包发送成功
[01:40:34 INF] 【直播间】23357926 的第 56 个心跳包发送成功
[01:40:35 INF] 【直播间】407149 的第 56 个心跳包发送成功
[01:40:36 INF] 【直播间】23040372 的第 56 个心跳包发送成功
[01:41:40 INF] 【直播间】23357926 的第 57 个心跳包发送成功
[01:41:41 INF] 【直播间】407149 的第 57 个心跳包发送成功
[01:41:43 INF] 【直播间】23040372 的第 57 个心跳包发送成功
[01:42:47 INF] 【直播间】23357926 的第 58 个心跳包发送成功
[01:42:48 INF] 【直播间】407149 的第 58 个心跳包发送成功
[01:42:49 INF] 【直播间】23040372 的第 58 个心跳包发送成功
[01:43:54 INF] 【直播间】23357926 的第 59 个心跳包发送成功
[01:43:55 INF] 【直播间】407149 的第 59 个心跳包发送成功
[01:43:56 INF] 【直播间】23040372 的第 59 个心跳包发送成功
[01:45:00 INF] 【直播间】23357926 的第 60 个心跳包发送成功
[01:45:01 ERR] 【心跳包】直播间 407149 发送失败
[01:45:01 ERR] 【原因】time check failed
[01:45:03 INF] 【直播间】23040372 的第 60 个心跳包发送成功
[01:46:07 INF] 【直播间】23357926 的第 61 个心跳包发送成功
[01:46:08 INF] 【直播间】407149 的第 60 个心跳包发送成功
[01:46:09 INF] 【直播间】23040372 的第 61 个心跳包发送成功
[01:47:13 INF] 【直播间】23357926 的第 62 个心跳包发送成功
[01:47:14 INF] 【直播间】407149 的第 61 个心跳包发送成功
[01:47:16 INF] 【直播间】23040372 的第 62 个心跳包发送成功
[01:48:20 INF] 【直播间】23357926 的第 63 个心跳包发送成功
[01:48:21 INF] 【直播间】407149 的第 62 个心跳包发送成功
[01:48:22 INF] 【直播间】23040372 的第 63 个心跳包发送成功
[01:49:26 INF] 【直播间】23357926 的第 64 个心跳包发送成功
[01:49:28 INF] 【直播间】407149 的第 63 个心跳包发送成功
[01:49:29 INF] 【直播间】23040372 的第 64 个心跳包发送成功
[01:50:33 INF] 【直播间】23357926 的第 65 个心跳包发送成功
[01:50:34 INF] 【直播间】407149 的第 64 个心跳包发送成功
[01:50:35 INF] 【直播间】23040372 的第 65 个心跳包发送成功
[01:51:39 INF] 【直播间】23357926 的第 66 个心跳包发送成功
[01:51:41 INF] 【直播间】407149 的第 65 个心跳包发送成功
[01:51:42 INF] 【直播间】23040372 的第 66 个心跳包发送成功
[01:52:46 ERR] 【心跳包】直播间 23357926 发送失败
[01:52:46 ERR] 【原因】time check failed
[01:52:47 INF] 【直播间】407149 的第 66 个心跳包发送成功
[01:52:49 ERR] 【心跳包】直播间 23040372 发送失败
[01:52:49 ERR] 【原因】time check failed
[01:53:53 INF] 【直播间】23357926 的第 67 个心跳包发送成功
[01:53:54 INF] 【直播间】407149 的第 67 个心跳包发送成功
[01:53:55 INF] 【直播间】23040372 的第 67 个心跳包发送成功
[01:54:59 INF] 【直播间】23357926 的第 68 个心跳包发送成功
[01:55:01 INF] 【直播间】407149 的第 68 个心跳包发送成功
[01:55:02 INF] 【直播间】23040372 的第 68 个心跳包发送成功
[01:56:06 INF] 【直播间】23357926 的第 69 个心跳包发送成功
[01:56:07 INF] 【直播间】407149 的第 69 个心跳包发送成功
[01:56:09 INF] 【直播间】23040372 的第 69 个心跳包发送成功
[01:57:13 INF] 【直播间】23357926 的第 70 个心跳包发送成功
[01:57:14 INF] 【直播间】407149 的第 70 个心跳包发送成功
[01:57:15 INF] 【直播间】23040372 的第 70 个心跳包发送成功
[01:57:15 INF] 【直播观看时长】完成情况：3/3 
[01:57:15 INF] ---------结束---------

[01:57:15 INF] ==========结束==========

[01:57:15 INF] ######### 账号 2 #########

[01:57:15 INF] =====开始 直播间互动 =====

[01:57:15 INF] ---开始 发送弹幕 ---
[01:57:15 INF] 检测到直播 Cookie 未正确配置，尝试自动配置中...
[01:57:20 INF] 直播 Cookie 配置成功！
[01:57:20 INF] 【获取直播列表】获取拥有粉丝牌的直播列表
[01:57:24 INF] 【主播】Mark陌枫 
[01:57:42 INF] 【主播】苏打baka 
[01:57:58 INF] 【主播】特别中二的q3君 
[01:58:14 INF] 【主播】陈抱一 
[01:58:30 INF] 【主播】贪玩的小毅 
[01:58:47 INF] 【主播】KL_qiqi_ 
[01:59:00 INF] 【直播间】Mark陌枫
[01:59:00 INF] 【粉丝牌】馬楓
[01:59:00 INF] 正在发送弹幕...
[01:59:04 INF] 【直播间】苏打baka
[01:59:04 INF] 【粉丝牌】碳酸钠
[01:59:04 INF] 正在发送弹幕...
[01:59:07 INF] 【直播间】特别中二的q3君
[01:59:07 INF] 【粉丝牌】q3GG
[01:59:07 INF] 正在发送弹幕...
[01:59:12 INF] 【弹幕发送】成功~，你和主播 Mark陌枫 的亲密值增加了100！
[01:59:12 INF] 【直播间】陈抱一
[01:59:12 INF] 【粉丝牌】陈抱一
[01:59:12 INF] 正在发送弹幕...
[01:59:16 INF] 【直播间】贪玩的小毅
[01:59:16 INF] 【粉丝牌】大大毅
[01:59:16 INF] 正在发送弹幕...
[01:59:16 INF] 【弹幕发送】成功~，你和主播 苏打baka 的亲密值增加了100！
[01:59:19 INF] 【直播间】KL_qiqi_
[01:59:19 INF] 【粉丝牌】qiqisb
[01:59:19 INF] 正在发送弹幕...
[01:59:22 INF] 【弹幕发送】成功~，你和主播 特别中二的q3君 的亲密值增加了100！
[01:59:23 INF] -------结束-------

[01:59:23 INF] ---开始 点赞直播间 ---
[01:59:23 INF] 【获取直播列表】获取拥有粉丝牌的直播列表
[01:59:27 INF] 【弹幕发送】成功~，你和主播 陈抱一 的亲密值增加了100！
[01:59:28 INF] 【弹幕发送】成功~，你和主播 贪玩的小毅 的亲密值增加了100！
[01:59:29 INF] 【主播】Mark陌枫 
[01:59:37 INF] 【弹幕发送】成功~，你和主播 KL_qiqi_ 的亲密值增加了100！
[01:59:41 INF] 【主播】苏打baka 
[01:59:57 INF] 【主播】特别中二的q3君 
[02:00:12 INF] 【主播】陈抱一 
[02:00:29 INF] 【主播】贪玩的小毅 
[02:00:50 INF] 【主播】KL_qiqi_ 
[02:01:09 INF] 【点赞直播间】23357926 完成
[02:01:16 INF] 【点赞直播间】23040372 完成
[02:01:20 INF] 【点赞直播间】31494 完成
[02:01:27 INF] 【点赞直播间】4015781 完成
[02:01:34 INF] 【点赞直播间】9619073 完成
[02:01:36 INF] --------结束--------

[02:01:36 INF] ---开始 直播时长挂机 ---
[02:01:36 INF] 【获取直播列表】获取拥有粉丝牌的直播列表
[02:01:36 INF] 【点赞直播间】407149 完成
[02:01:40 INF] 【主播】Mark陌枫 
[02:02:00 INF] 【主播】苏打baka 
[02:02:18 INF] 【主播】特别中二的q3君 
[02:02:36 INF] 【主播】陈抱一 
[02:02:53 INF] 【主播】贪玩的小毅 
[02:03:09 INF] 【主播】KL_qiqi_ 
[02:03:27 INF] 【直播间】23357926 的第 1 个心跳包发送成功
[02:03:29 INF] 【直播间】23040372 的第 1 个心跳包发送成功
[02:03:30 INF] 【直播间】31494 的第 1 个心跳包发送成功
[02:03:31 INF] 【直播间】4015781 的第 1 个心跳包发送成功
[02:03:32 INF] 【直播间】9619073 的第 1 个心跳包发送成功
[02:03:34 INF] 【直播间】407149 的第 1 个心跳包发送成功
[02:04:34 INF] 【直播间】23357926 的第 2 个心跳包发送成功
[02:04:35 INF] 【直播间】23040372 的第 2 个心跳包发送成功
[02:04:36 INF] 【直播间】31494 的第 2 个心跳包发送成功
[02:04:38 INF] 【直播间】4015781 的第 2 个心跳包发送成功
[02:04:39 INF] 【直播间】9619073 的第 2 个心跳包发送成功
[02:04:40 INF] 【直播间】407149 的第 2 个心跳包发送成功
[02:05:41 INF] 【直播间】23357926 的第 3 个心跳包发送成功
[02:05:42 INF] 【直播间】23040372 的第 3 个心跳包发送成功
[02:05:43 INF] 【直播间】31494 的第 3 个心跳包发送成功
[02:05:44 INF] 【直播间】4015781 的第 3 个心跳包发送成功
[02:05:46 INF] 【直播间】9619073 的第 3 个心跳包发送成功
[02:05:47 INF] 【直播间】407149 的第 3 个心跳包发送成功
[02:06:47 INF] 【直播间】23357926 的第 4 个心跳包发送成功
[02:06:49 INF] 【直播间】23040372 的第 4 个心跳包发送成功
[02:06:50 INF] 【直播间】31494 的第 4 个心跳包发送成功
[02:06:51 INF] 【直播间】4015781 的第 4 个心跳包发送成功
[02:06:52 INF] 【直播间】9619073 的第 4 个心跳包发送成功
[02:06:54 INF] 【直播间】407149 的第 4 个心跳包发送成功
[02:07:54 INF] 【直播间】23357926 的第 5 个心跳包发送成功
[02:07:55 INF] 【直播间】23040372 的第 5 个心跳包发送成功
[02:07:57 INF] 【直播间】31494 的第 5 个心跳包发送成功
[02:07:58 INF] 【直播间】4015781 的第 5 个心跳包发送成功
[02:07:59 INF] 【直播间】9619073 的第 5 个心跳包发送成功
[02:08:00 INF] 【直播间】407149 的第 5 个心跳包发送成功
[02:09:01 INF] 【直播间】23357926 的第 6 个心跳包发送成功
[02:09:02 INF] 【直播间】23040372 的第 6 个心跳包发送成功
[02:09:03 INF] 【直播间】31494 的第 6 个心跳包发送成功
[02:09:04 INF] 【直播间】4015781 的第 6 个心跳包发送成功
[02:09:06 INF] 【直播间】9619073 的第 6 个心跳包发送成功
[02:09:07 INF] 【直播间】407149 的第 6 个心跳包发送成功
[02:10:07 INF] 【直播间】23357926 的第 7 个心跳包发送成功
[02:10:08 INF] 【直播间】23040372 的第 7 个心跳包发送成功
[02:10:10 INF] 【直播间】31494 的第 7 个心跳包发送成功
[02:10:11 INF] 【直播间】4015781 的第 7 个心跳包发送成功
[02:10:12 INF] 【直播间】9619073 的第 7 个心跳包发送成功
[02:10:14 INF] 【直播间】407149 的第 7 个心跳包发送成功
[02:11:14 INF] 【直播间】23357926 的第 8 个心跳包发送成功
[02:11:15 INF] 【直播间】23040372 的第 8 个心跳包发送成功
[02:11:17 INF] 【直播间】31494 的第 8 个心跳包发送成功
[02:11:18 INF] 【直播间】4015781 的第 8 个心跳包发送成功
[02:11:19 INF] 【直播间】9619073 的第 8 个心跳包发送成功
[02:11:20 INF] 【直播间】407149 的第 8 个心跳包发送成功
[02:12:20 INF] 【直播间】23357926 的第 9 个心跳包发送成功
[02:12:22 INF] 【直播间】23040372 的第 9 个心跳包发送成功
[02:12:23 INF] 【直播间】31494 的第 9 个心跳包发送成功
[02:12:24 INF] 【直播间】4015781 的第 9 个心跳包发送成功
[02:12:25 INF] 【直播间】9619073 的第 9 个心跳包发送成功
[02:12:27 INF] 【直播间】407149 的第 9 个心跳包发送成功
[02:13:27 INF] 【直播间】23357926 的第 10 个心跳包发送成功
[02:13:28 INF] 【直播间】23040372 的第 10 个心跳包发送成功
[02:13:29 INF] 【直播间】31494 的第 10 个心跳包发送成功
[02:13:31 INF] 【直播间】4015781 的第 10 个心跳包发送成功
[02:13:32 INF] 【直播间】9619073 的第 10 个心跳包发送成功
[02:13:33 INF] 【直播间】407149 的第 10 个心跳包发送成功
[02:14:34 INF] 【直播间】23357926 的第 11 个心跳包发送成功
[02:14:35 INF] 【直播间】23040372 的第 11 个心跳包发送成功
[02:14:36 INF] 【直播间】31494 的第 11 个心跳包发送成功
[02:14:37 INF] 【直播间】4015781 的第 11 个心跳包发送成功
[02:14:39 INF] 【直播间】9619073 的第 11 个心跳包发送成功
[02:14:40 INF] 【直播间】407149 的第 11 个心跳包发送成功
[02:15:40 INF] 【直播间】23357926 的第 12 个心跳包发送成功
[02:15:41 INF] 【直播间】23040372 的第 12 个心跳包发送成功
[02:15:43 INF] 【直播间】31494 的第 12 个心跳包发送成功
[02:15:44 INF] 【直播间】4015781 的第 12 个心跳包发送成功
[02:15:45 INF] 【直播间】9619073 的第 12 个心跳包发送成功
[02:15:46 INF] 【直播间】407149 的第 12 个心跳包发送成功
[02:16:47 INF] 【直播间】23357926 的第 13 个心跳包发送成功
[02:16:48 INF] 【直播间】23040372 的第 13 个心跳包发送成功
[02:16:49 INF] 【直播间】31494 的第 13 个心跳包发送成功
[02:16:50 INF] 【直播间】4015781 的第 13 个心跳包发送成功
[02:16:52 INF] 【直播间】9619073 的第 13 个心跳包发送成功
[02:16:53 INF] 【直播间】407149 的第 13 个心跳包发送成功
[02:17:53 INF] 【直播间】23357926 的第 14 个心跳包发送成功
[02:17:55 INF] 【直播间】23040372 的第 14 个心跳包发送成功
[02:17:56 INF] 【直播间】31494 的第 14 个心跳包发送成功
[02:17:57 INF] 【直播间】4015781 的第 14 个心跳包发送成功
[02:17:59 INF] 【直播间】9619073 的第 14 个心跳包发送成功
[02:18:00 INF] 【直播间】407149 的第 14 个心跳包发送成功
[02:19:00 ERR] 【心跳包】直播间 23357926 发送失败
[02:19:00 ERR] 【原因】time check failed
[02:19:01 ERR] 【心跳包】直播间 23040372 发送失败
[02:19:01 ERR] 【原因】time check failed
[02:19:02 ERR] 【心跳包】直播间 31494 发送失败
[02:19:02 ERR] 【原因】time check failed
[02:19:04 ERR] 【心跳包】直播间 4015781 发送失败
[02:19:04 ERR] 【原因】time check failed
[02:19:05 ERR] 【心跳包】直播间 9619073 发送失败
[02:19:05 ERR] 【原因】time check failed
[02:19:06 ERR] 【心跳包】直播间 407149 发送失败
[02:19:06 ERR] 【原因】time check failed
[02:20:06 INF] 【直播间】23357926 的第 15 个心跳包发送成功
[02:20:08 INF] 【直播间】23040372 的第 15 个心跳包发送成功
[02:20:09 INF] 【直播间】31494 的第 15 个心跳包发送成功
[02:20:10 INF] 【直播间】4015781 的第 15 个心跳包发送成功
[02:20:11 INF] 【直播间】9619073 的第 15 个心跳包发送成功
[02:20:13 INF] 【直播间】407149 的第 15 个心跳包发送成功
[02:21:13 INF] 【直播间】23357926 的第 16 个心跳包发送成功
[02:21:14 INF] 【直播间】23040372 的第 16 个心跳包发送成功
[02:21:15 INF] 【直播间】31494 的第 16 个心跳包发送成功
[02:21:17 INF] 【直播间】4015781 的第 16 个心跳包发送成功
[02:21:18 INF] 【直播间】9619073 的第 16 个心跳包发送成功
[02:21:19 INF] 【直播间】407149 的第 16 个心跳包发送成功
[02:22:20 INF] 【直播间】23357926 的第 17 个心跳包发送成功
[02:22:21 INF] 【直播间】23040372 的第 17 个心跳包发送成功
[02:22:22 INF] 【直播间】31494 的第 17 个心跳包发送成功
[02:22:23 INF] 【直播间】4015781 的第 17 个心跳包发送成功
[02:22:24 INF] 【直播间】9619073 的第 17 个心跳包发送成功
[02:22:26 INF] 【直播间】407149 的第 17 个心跳包发送成功
[02:23:26 INF] 【直播间】23357926 的第 18 个心跳包发送成功
[02:23:27 INF] 【直播间】23040372 的第 18 个心跳包发送成功
[02:23:29 INF] 【直播间】31494 的第 18 个心跳包发送成功
[02:23:30 INF] 【直播间】4015781 的第 18 个心跳包发送成功
[02:23:31 INF] 【直播间】9619073 的第 18 个心跳包发送成功
[02:23:32 INF] 【直播间】407149 的第 18 个心跳包发送成功
[02:24:33 INF] 【直播间】23357926 的第 19 个心跳包发送成功
[02:24:34 INF] 【直播间】23040372 的第 19 个心跳包发送成功
[02:24:35 INF] 【直播间】31494 的第 19 个心跳包发送成功
[02:24:37 INF] 【直播间】4015781 的第 19 个心跳包发送成功
[02:24:38 INF] 【直播间】9619073 的第 19 个心跳包发送成功
[02:24:39 INF] 【直播间】407149 的第 19 个心跳包发送成功
[02:25:39 INF] 【直播间】23357926 的第 20 个心跳包发送成功
[02:25:41 INF] 【直播间】23040372 的第 20 个心跳包发送成功
[02:25:42 INF] 【直播间】31494 的第 20 个心跳包发送成功
[02:25:43 INF] 【直播间】4015781 的第 20 个心跳包发送成功
[02:25:44 INF] 【直播间】9619073 的第 20 个心跳包发送成功
[02:25:46 INF] 【直播间】407149 的第 20 个心跳包发送成功
[02:26:46 INF] 【直播间】23357926 的第 21 个心跳包发送成功
[02:26:47 INF] 【直播间】23040372 的第 21 个心跳包发送成功
[02:26:48 INF] 【直播间】31494 的第 21 个心跳包发送成功
[02:26:50 INF] 【直播间】4015781 的第 21 个心跳包发送成功
[02:26:51 INF] 【直播间】9619073 的第 21 个心跳包发送成功
[02:26:52 INF] 【直播间】407149 的第 21 个心跳包发送成功
[02:27:53 INF] 【直播间】23357926 的第 22 个心跳包发送成功
[02:27:54 INF] 【直播间】23040372 的第 22 个心跳包发送成功
[02:27:55 INF] 【直播间】31494 的第 22 个心跳包发送成功
[02:27:56 INF] 【直播间】4015781 的第 22 个心跳包发送成功
[02:27:58 INF] 【直播间】9619073 的第 22 个心跳包发送成功
[02:27:59 INF] 【直播间】407149 的第 22 个心跳包发送成功
[02:28:59 INF] 【直播间】23357926 的第 23 个心跳包发送成功
[02:29:01 INF] 【直播间】23040372 的第 23 个心跳包发送成功
[02:29:02 INF] 【直播间】31494 的第 23 个心跳包发送成功
[02:29:03 INF] 【直播间】4015781 的第 23 个心跳包发送成功
[02:29:04 INF] 【直播间】9619073 的第 23 个心跳包发送成功
[02:29:05 INF] 【直播间】407149 的第 23 个心跳包发送成功
[02:30:06 INF] 【直播间】23357926 的第 24 个心跳包发送成功
[02:30:07 INF] 【直播间】23040372 的第 24 个心跳包发送成功
[02:30:08 INF] 【直播间】31494 的第 24 个心跳包发送成功
[02:30:09 INF] 【直播间】4015781 的第 24 个心跳包发送成功
[02:30:11 INF] 【直播间】9619073 的第 24 个心跳包发送成功
[02:30:12 INF] 【直播间】407149 的第 24 个心跳包发送成功
[02:31:12 INF] 【直播间】23357926 的第 25 个心跳包发送成功
[02:31:13 INF] 【直播间】23040372 的第 25 个心跳包发送成功
[02:31:15 INF] 【直播间】31494 的第 25 个心跳包发送成功
[02:31:16 INF] 【直播间】4015781 的第 25 个心跳包发送成功
[02:31:17 INF] 【直播间】9619073 的第 25 个心跳包发送成功
[02:31:18 INF] 【直播间】407149 的第 25 个心跳包发送成功
[02:32:19 INF] 【直播间】23357926 的第 26 个心跳包发送成功
[02:32:20 INF] 【直播间】23040372 的第 26 个心跳包发送成功
[02:32:21 INF] 【直播间】31494 的第 26 个心跳包发送成功
[02:32:23 INF] 【直播间】4015781 的第 26 个心跳包发送成功
[02:32:24 INF] 【直播间】9619073 的第 26 个心跳包发送成功
[02:32:25 INF] 【直播间】407149 的第 26 个心跳包发送成功
[02:33:26 INF] 【直播间】23357926 的第 27 个心跳包发送成功
[02:33:27 INF] 【直播间】23040372 的第 27 个心跳包发送成功
[02:33:28 INF] 【直播间】31494 的第 27 个心跳包发送成功
[02:33:29 INF] 【直播间】4015781 的第 27 个心跳包发送成功
[02:33:31 INF] 【直播间】9619073 的第 27 个心跳包发送成功
[02:33:32 INF] 【直播间】407149 的第 27 个心跳包发送成功
[02:34:32 ERR] 【心跳包】直播间 23357926 发送失败
[02:34:32 ERR] 【原因】time check failed
[02:34:34 ERR] 【心跳包】直播间 23040372 发送失败
[02:34:34 ERR] 【原因】time check failed
[02:34:35 ERR] 【心跳包】直播间 31494 发送失败
[02:34:35 ERR] 【原因】time check failed
[02:34:36 ERR] 【心跳包】直播间 4015781 发送失败
[02:34:36 ERR] 【原因】time check failed
[02:34:37 ERR] 【心跳包】直播间 9619073 发送失败
[02:34:37 ERR] 【原因】time check failed
[02:34:39 ERR] 【心跳包】直播间 407149 发送失败
[02:34:39 ERR] 【原因】time check failed
[02:35:39 INF] 【直播间】23357926 的第 28 个心跳包发送成功
[02:35:40 INF] 【直播间】23040372 的第 28 个心跳包发送成功
[02:35:41 INF] 【直播间】31494 的第 28 个心跳包发送成功
[02:35:43 INF] 【直播间】4015781 的第 28 个心跳包发送成功
[02:35:44 INF] 【直播间】9619073 的第 28 个心跳包发送成功
[02:35:45 INF] 【直播间】407149 的第 28 个心跳包发送成功
[02:36:46 INF] 【直播间】23357926 的第 29 个心跳包发送成功
[02:36:47 INF] 【直播间】23040372 的第 29 个心跳包发送成功
[02:36:48 INF] 【直播间】31494 的第 29 个心跳包发送成功
[02:36:49 INF] 【直播间】4015781 的第 29 个心跳包发送成功
[02:36:51 INF] 【直播间】9619073 的第 29 个心跳包发送成功
[02:36:52 INF] 【直播间】407149 的第 29 个心跳包发送成功
[02:37:52 INF] 【直播间】23357926 的第 30 个心跳包发送成功
[02:37:53 INF] 【直播间】23040372 的第 30 个心跳包发送成功
[02:37:55 INF] 【直播间】31494 的第 30 个心跳包发送成功
[02:37:56 INF] 【直播间】4015781 的第 30 个心跳包发送成功
[02:37:57 INF] 【直播间】9619073 的第 30 个心跳包发送成功
[02:37:58 INF] 【直播间】407149 的第 30 个心跳包发送成功
[02:38:59 INF] 【直播间】23357926 的第 31 个心跳包发送成功
[02:39:00 INF] 【直播间】23040372 的第 31 个心跳包发送成功
[02:39:01 INF] 【直播间】31494 的第 31 个心跳包发送成功
[02:39:02 INF] 【直播间】4015781 的第 31 个心跳包发送成功
[02:39:04 INF] 【直播间】9619073 的第 31 个心跳包发送成功
[02:39:05 INF] 【直播间】407149 的第 31 个心跳包发送成功
[02:40:05 INF] 【直播间】23357926 的第 32 个心跳包发送成功
[02:40:07 INF] 【直播间】23040372 的第 32 个心跳包发送成功
[02:40:08 INF] 【直播间】31494 的第 32 个心跳包发送成功
[02:40:09 INF] 【直播间】4015781 的第 32 个心跳包发送成功
[02:40:10 INF] 【直播间】9619073 的第 32 个心跳包发送成功
[02:40:12 INF] 【直播间】407149 的第 32 个心跳包发送成功
[02:41:12 INF] 【直播间】23357926 的第 33 个心跳包发送成功
[02:41:13 INF] 【直播间】23040372 的第 33 个心跳包发送成功
[02:41:15 INF] 【直播间】31494 的第 33 个心跳包发送成功
[02:41:16 INF] 【直播间】4015781 的第 33 个心跳包发送成功
[02:41:17 INF] 【直播间】9619073 的第 33 个心跳包发送成功
[02:41:18 INF] 【直播间】407149 的第 33 个心跳包发送成功
[02:42:19 INF] 【直播间】23357926 的第 34 个心跳包发送成功
[02:42:20 INF] 【直播间】23040372 的第 34 个心跳包发送成功
[02:42:21 INF] 【直播间】31494 的第 34 个心跳包发送成功
[02:42:22 INF] 【直播间】4015781 的第 34 个心跳包发送成功
[02:42:24 INF] 【直播间】9619073 的第 34 个心跳包发送成功
[02:42:25 INF] 【直播间】407149 的第 34 个心跳包发送成功
[02:43:25 INF] 【直播间】23357926 的第 35 个心跳包发送成功
[02:43:26 INF] 【直播间】23040372 的第 35 个心跳包发送成功
[02:43:28 INF] 【直播间】31494 的第 35 个心跳包发送成功
[02:43:29 INF] 【直播间】4015781 的第 35 个心跳包发送成功
[02:43:30 INF] 【直播间】9619073 的第 35 个心跳包发送成功
[02:43:31 INF] 【直播间】407149 的第 35 个心跳包发送成功
[02:44:32 INF] 【直播间】23357926 的第 36 个心跳包发送成功
[02:44:33 INF] 【直播间】23040372 的第 36 个心跳包发送成功
[02:44:34 INF] 【直播间】31494 的第 36 个心跳包发送成功
[02:44:36 INF] 【直播间】4015781 的第 36 个心跳包发送成功
[02:44:37 INF] 【直播间】9619073 的第 36 个心跳包发送成功
[02:44:38 INF] 【直播间】407149 的第 36 个心跳包发送成功
[02:45:38 INF] 【直播间】23357926 的第 37 个心跳包发送成功
[02:45:40 INF] 【直播间】23040372 的第 37 个心跳包发送成功
[02:45:41 INF] 【直播间】31494 的第 37 个心跳包发送成功
[02:45:42 INF] 【直播间】4015781 的第 37 个心跳包发送成功
[02:45:43 INF] 【直播间】9619073 的第 37 个心跳包发送成功
[02:45:45 INF] 【直播间】407149 的第 37 个心跳包发送成功
[02:46:45 INF] 【直播间】23357926 的第 38 个心跳包发送成功
[02:46:46 INF] 【直播间】23040372 的第 38 个心跳包发送成功
[02:46:48 INF] 【直播间】31494 的第 38 个心跳包发送成功
[02:46:49 INF] 【直播间】4015781 的第 38 个心跳包发送成功
[02:46:50 INF] 【直播间】9619073 的第 38 个心跳包发送成功
[02:46:51 INF] 【直播间】407149 的第 38 个心跳包发送成功
[02:47:52 INF] 【直播间】23357926 的第 39 个心跳包发送成功
[02:47:53 INF] 【直播间】23040372 的第 39 个心跳包发送成功
[02:47:54 INF] 【直播间】31494 的第 39 个心跳包发送成功
[02:47:55 INF] 【直播间】4015781 的第 39 个心跳包发送成功
[02:47:57 INF] 【直播间】9619073 的第 39 个心跳包发送成功
[02:47:58 INF] 【直播间】407149 的第 39 个心跳包发送成功
[02:48:58 INF] 【直播间】23357926 的第 40 个心跳包发送成功
[02:48:59 INF] 【直播间】23040372 的第 40 个心跳包发送成功
[02:49:01 INF] 【直播间】31494 的第 40 个心跳包发送成功
[02:49:02 INF] 【直播间】4015781 的第 40 个心跳包发送成功
[02:49:03 INF] 【直播间】9619073 的第 40 个心跳包发送成功
[02:49:04 INF] 【直播间】407149 的第 40 个心跳包发送成功
[02:50:05 ERR] 【心跳包】直播间 23357926 发送失败
[02:50:05 ERR] 【原因】time check failed
[02:50:06 ERR] 【心跳包】直播间 23040372 发送失败
[02:50:06 ERR] 【原因】time check failed
[02:50:07 ERR] 【心跳包】直播间 31494 发送失败
[02:50:07 ERR] 【原因】time check failed
[02:50:09 ERR] 【心跳包】直播间 4015781 发送失败
[02:50:09 ERR] 【原因】time check failed
[02:50:10 ERR] 【心跳包】直播间 9619073 发送失败
[02:50:10 ERR] 【原因】time check failed
[02:50:11 ERR] 【心跳包】直播间 407149 发送失败
[02:50:11 ERR] 【原因】time check failed
[02:51:12 INF] 【直播间】23357926 的第 41 个心跳包发送成功
[02:51:13 INF] 【直播间】23040372 的第 41 个心跳包发送成功
[02:51:14 INF] 【直播间】31494 的第 41 个心跳包发送成功
[02:51:15 INF] 【直播间】4015781 的第 41 个心跳包发送成功
[02:51:17 INF] 【直播间】9619073 的第 41 个心跳包发送成功
[02:51:18 INF] 【直播间】407149 的第 41 个心跳包发送成功
[02:52:18 INF] 【直播间】23357926 的第 42 个心跳包发送成功
[02:52:19 INF] 【直播间】23040372 的第 42 个心跳包发送成功
[02:52:21 INF] 【直播间】31494 的第 42 个心跳包发送成功
[02:52:22 INF] 【直播间】4015781 的第 42 个心跳包发送成功
[02:52:23 INF] 【直播间】9619073 的第 42 个心跳包发送成功
[02:52:24 INF] 【直播间】407149 的第 42 个心跳包发送成功
[02:53:25 INF] 【直播间】23357926 的第 43 个心跳包发送成功
[02:53:26 INF] 【直播间】23040372 的第 43 个心跳包发送成功
[02:53:27 INF] 【直播间】31494 的第 43 个心跳包发送成功
[02:53:28 INF] 【直播间】4015781 的第 43 个心跳包发送成功
[02:53:30 INF] 【直播间】9619073 的第 43 个心跳包发送成功
[02:53:31 INF] 【直播间】407149 的第 43 个心跳包发送成功
[02:54:31 INF] 【直播间】23357926 的第 44 个心跳包发送成功
[02:54:32 INF] 【直播间】23040372 的第 44 个心跳包发送成功
[02:54:34 INF] 【直播间】31494 的第 44 个心跳包发送成功
[02:54:35 INF] 【直播间】4015781 的第 44 个心跳包发送成功
[02:54:36 INF] 【直播间】9619073 的第 44 个心跳包发送成功
[02:54:37 INF] 【直播间】407149 的第 44 个心跳包发送成功
[02:55:38 INF] 【直播间】23357926 的第 45 个心跳包发送成功
[02:55:39 INF] 【直播间】23040372 的第 45 个心跳包发送成功
[02:55:40 INF] 【直播间】31494 的第 45 个心跳包发送成功
[02:55:42 INF] 【直播间】4015781 的第 45 个心跳包发送成功
[02:55:43 INF] 【直播间】9619073 的第 45 个心跳包发送成功
[02:55:44 INF] 【直播间】407149 的第 45 个心跳包发送成功
[02:56:44 INF] 【直播间】23357926 的第 46 个心跳包发送成功
[02:56:46 INF] 【直播间】23040372 的第 46 个心跳包发送成功
[02:56:47 INF] 【直播间】31494 的第 46 个心跳包发送成功
[02:56:48 INF] 【直播间】4015781 的第 46 个心跳包发送成功
[02:56:49 INF] 【直播间】9619073 的第 46 个心跳包发送成功
[02:56:50 INF] 【直播间】407149 的第 46 个心跳包发送成功
[02:57:51 INF] 【直播间】23357926 的第 47 个心跳包发送成功
[02:57:52 INF] 【直播间】23040372 的第 47 个心跳包发送成功
[02:57:53 INF] 【直播间】31494 的第 47 个心跳包发送成功
[02:57:54 INF] 【直播间】4015781 的第 47 个心跳包发送成功
[02:57:56 INF] 【直播间】9619073 的第 47 个心跳包发送成功
[02:57:57 INF] 【直播间】407149 的第 47 个心跳包发送成功
[02:58:58 INF] 【直播间】23357926 的第 48 个心跳包发送成功
[02:58:59 INF] 【直播间】23040372 的第 48 个心跳包发送成功
[02:59:00 INF] 【直播间】31494 的第 48 个心跳包发送成功
[02:59:01 INF] 【直播间】4015781 的第 48 个心跳包发送成功
[02:59:03 INF] 【直播间】9619073 的第 48 个心跳包发送成功
[02:59:04 INF] 【直播间】407149 的第 48 个心跳包发送成功
[03:00:04 INF] 【直播间】23357926 的第 49 个心跳包发送成功
[03:00:06 INF] 【直播间】23040372 的第 49 个心跳包发送成功
[03:00:07 INF] 【直播间】31494 的第 49 个心跳包发送成功
[03:00:08 INF] 【直播间】4015781 的第 49 个心跳包发送成功
[03:00:09 INF] 【直播间】9619073 的第 49 个心跳包发送成功
[03:00:11 INF] 【直播间】407149 的第 49 个心跳包发送成功
[03:01:11 INF] 【直播间】23357926 的第 50 个心跳包发送成功
[03:01:13 INF] 【直播间】23040372 的第 50 个心跳包发送成功
[03:01:14 INF] 【直播间】31494 的第 50 个心跳包发送成功
[03:01:15 INF] 【直播间】4015781 的第 50 个心跳包发送成功
[03:01:16 INF] 【直播间】9619073 的第 50 个心跳包发送成功
[03:01:18 INF] 【直播间】407149 的第 50 个心跳包发送成功
[03:02:18 INF] 【直播间】23357926 的第 51 个心跳包发送成功
[03:02:19 INF] 【直播间】23040372 的第 51 个心跳包发送成功
[03:02:20 INF] 【直播间】31494 的第 51 个心跳包发送成功
[03:02:21 INF] 【直播间】4015781 的第 51 个心跳包发送成功
[03:02:23 INF] 【直播间】9619073 的第 51 个心跳包发送成功
[03:02:24 INF] 【直播间】407149 的第 51 个心跳包发送成功
[03:03:24 INF] 【直播间】23357926 的第 52 个心跳包发送成功
[03:03:26 INF] 【直播间】23040372 的第 52 个心跳包发送成功
[03:03:27 INF] 【直播间】31494 的第 52 个心跳包发送成功
[03:03:28 INF] 【直播间】4015781 的第 52 个心跳包发送成功
[03:03:29 INF] 【直播间】9619073 的第 52 个心跳包发送成功
[03:03:31 INF] 【直播间】407149 的第 52 个心跳包发送成功
[03:04:31 INF] 【直播间】23357926 的第 53 个心跳包发送成功
[03:04:32 INF] 【直播间】23040372 的第 53 个心跳包发送成功
[03:04:34 INF] 【直播间】31494 的第 53 个心跳包发送成功
[03:04:35 INF] 【直播间】4015781 的第 53 个心跳包发送成功
[03:04:36 INF] 【直播间】9619073 的第 53 个心跳包发送成功
[03:04:37 INF] 【直播间】407149 的第 53 个心跳包发送成功
[03:05:37 ERR] 【心跳包】直播间 23357926 发送失败
[03:05:37 ERR] 【原因】time check failed
[03:05:39 ERR] 【心跳包】直播间 23040372 发送失败
[03:05:39 ERR] 【原因】time check failed
[03:05:40 ERR] 【心跳包】直播间 31494 发送失败
[03:05:40 ERR] 【原因】time check failed
[03:05:41 ERR] 【心跳包】直播间 4015781 发送失败
[03:05:41 ERR] 【原因】time check failed
[03:05:42 ERR] 【心跳包】直播间 9619073 发送失败
[03:05:42 ERR] 【原因】time check failed
[03:05:44 ERR] 【心跳包】直播间 407149 发送失败
[03:05:44 ERR] 【原因】time check failed
[03:06:44 INF] 【直播间】23357926 的第 54 个心跳包发送成功
[03:06:45 INF] 【直播间】23040372 的第 54 个心跳包发送成功
[03:06:47 INF] 【直播间】31494 的第 54 个心跳包发送成功
[03:06:48 INF] 【直播间】4015781 的第 54 个心跳包发送成功
[03:06:49 INF] 【直播间】9619073 的第 54 个心跳包发送成功
[03:06:50 INF] 【直播间】407149 的第 54 个心跳包发送成功
[03:07:51 INF] 【直播间】23357926 的第 55 个心跳包发送成功
[03:07:52 INF] 【直播间】23040372 的第 55 个心跳包发送成功
[03:07:53 INF] 【直播间】31494 的第 55 个心跳包发送成功
[03:07:54 INF] 【直播间】4015781 的第 55 个心跳包发送成功
[03:07:56 INF] 【直播间】9619073 的第 55 个心跳包发送成功
[03:07:57 INF] 【直播间】407149 的第 55 个心跳包发送成功
[03:08:57 INF] 【直播间】23357926 的第 56 个心跳包发送成功
[03:08:58 INF] 【直播间】23040372 的第 56 个心跳包发送成功
[03:09:00 INF] 【直播间】31494 的第 56 个心跳包发送成功
[03:09:01 INF] 【直播间】4015781 的第 56 个心跳包发送成功
[03:09:02 INF] 【直播间】9619073 的第 56 个心跳包发送成功
[03:09:03 INF] 【直播间】407149 的第 56 个心跳包发送成功
[03:10:04 INF] 【直播间】23357926 的第 57 个心跳包发送成功
[03:10:05 INF] 【直播间】23040372 的第 57 个心跳包发送成功
[03:10:06 INF] 【直播间】31494 的第 57 个心跳包发送成功
[03:10:08 INF] 【直播间】4015781 的第 57 个心跳包发送成功
[03:10:09 INF] 【直播间】9619073 的第 57 个心跳包发送成功
[03:10:10 INF] 【直播间】407149 的第 57 个心跳包发送成功
[03:11:10 INF] 【直播间】23357926 的第 58 个心跳包发送成功
[03:11:12 INF] 【直播间】23040372 的第 58 个心跳包发送成功
[03:11:13 INF] 【直播间】31494 的第 58 个心跳包发送成功
[03:11:14 INF] 【直播间】4015781 的第 58 个心跳包发送成功
[03:11:15 INF] 【直播间】9619073 的第 58 个心跳包发送成功
[03:11:17 INF] 【直播间】407149 的第 58 个心跳包发送成功
[03:12:17 INF] 【直播间】23357926 的第 59 个心跳包发送成功
[03:12:18 INF] 【直播间】23040372 的第 59 个心跳包发送成功
[03:12:20 INF] 【直播间】31494 的第 59 个心跳包发送成功
[03:12:21 INF] 【直播间】4015781 的第 59 个心跳包发送成功
[03:12:22 INF] 【直播间】9619073 的第 59 个心跳包发送成功
[03:12:24 INF] 【直播间】407149 的第 59 个心跳包发送成功
[03:13:24 INF] 【直播间】23357926 的第 60 个心跳包发送成功
[03:13:25 INF] 【直播间】23040372 的第 60 个心跳包发送成功
[03:13:26 INF] 【直播间】31494 的第 60 个心跳包发送成功
[03:13:27 INF] 【直播间】4015781 的第 60 个心跳包发送成功
[03:13:29 INF] 【直播间】9619073 的第 60 个心跳包发送成功
[03:13:30 INF] 【直播间】407149 的第 60 个心跳包发送成功
[03:14:30 INF] 【直播间】23357926 的第 61 个心跳包发送成功
[03:14:31 INF] 【直播间】23040372 的第 61 个心跳包发送成功
[03:14:33 INF] 【直播间】31494 的第 61 个心跳包发送成功
[03:14:34 INF] 【直播间】4015781 的第 61 个心跳包发送成功
[03:14:35 INF] 【直播间】9619073 的第 61 个心跳包发送成功
[03:14:37 INF] 【直播间】407149 的第 61 个心跳包发送成功
[03:15:37 INF] 【直播间】23357926 的第 62 个心跳包发送成功
[03:15:38 INF] 【直播间】23040372 的第 62 个心跳包发送成功
[03:15:39 INF] 【直播间】31494 的第 62 个心跳包发送成功
[03:15:41 INF] 【直播间】4015781 的第 62 个心跳包发送成功
[03:15:42 INF] 【直播间】9619073 的第 62 个心跳包发送成功
[03:15:43 INF] 【直播间】407149 的第 62 个心跳包发送成功
[03:16:43 INF] 【直播间】23357926 的第 63 个心跳包发送成功
[03:16:45 INF] 【直播间】23040372 的第 63 个心跳包发送成功
[03:16:46 INF] 【直播间】31494 的第 63 个心跳包发送成功
[03:16:47 INF] 【直播间】4015781 的第 63 个心跳包发送成功
[03:16:48 INF] 【直播间】9619073 的第 63 个心跳包发送成功
[03:16:50 INF] 【直播间】407149 的第 63 个心跳包发送成功
[03:17:50 INF] 【直播间】23357926 的第 64 个心跳包发送成功
[03:17:51 INF] 【直播间】23040372 的第 64 个心跳包发送成功
[03:17:53 INF] 【直播间】31494 的第 64 个心跳包发送成功
[03:17:54 INF] 【直播间】4015781 的第 64 个心跳包发送成功
[03:17:55 INF] 【直播间】9619073 的第 64 个心跳包发送成功
[03:17:56 INF] 【直播间】407149 的第 64 个心跳包发送成功
[03:18:57 INF] 【直播间】23357926 的第 65 个心跳包发送成功
[03:18:58 INF] 【直播间】23040372 的第 65 个心跳包发送成功
[03:18:59 INF] 【直播间】31494 的第 65 个心跳包发送成功
[03:19:00 INF] 【直播间】4015781 的第 65 个心跳包发送成功
[03:19:02 INF] 【直播间】9619073 的第 65 个心跳包发送成功
[03:19:03 INF] 【直播间】407149 的第 65 个心跳包发送成功
[03:20:03 INF] 【直播间】23357926 的第 66 个心跳包发送成功
[03:20:04 INF] 【直播间】23040372 的第 66 个心跳包发送成功
[03:20:06 INF] 【直播间】31494 的第 66 个心跳包发送成功
[03:20:07 INF] 【直播间】4015781 的第 66 个心跳包发送成功
[03:20:08 INF] 【直播间】9619073 的第 66 个心跳包发送成功
[03:20:09 INF] 【直播间】407149 的第 66 个心跳包发送成功
[03:21:10 ERR] 【心跳包】直播间 23357926 发送失败
[03:21:10 ERR] 【原因】time check failed
[03:21:11 ERR] 【心跳包】直播间 23040372 发送失败
[03:21:11 ERR] 【原因】time check failed
[03:21:12 ERR] 【心跳包】直播间 31494 发送失败
[03:21:12 ERR] 【原因】time check failed
[03:21:14 ERR] 【心跳包】直播间 4015781 发送失败
[03:21:14 ERR] 【原因】time check failed
[03:21:15 ERR] 【心跳包】直播间 9619073 发送失败
[03:21:15 ERR] 【原因】time check failed
[03:21:16 ERR] 【心跳包】直播间 407149 发送失败
[03:21:16 ERR] 【原因】time check failed
[03:22:16 INF] 【直播间】23357926 的第 67 个心跳包发送成功
[03:22:18 INF] 【直播间】23040372 的第 67 个心跳包发送成功
[03:22:19 INF] 【直播间】31494 的第 67 个心跳包发送成功
[03:22:20 INF] 【直播间】4015781 的第 67 个心跳包发送成功
[03:22:21 INF] 【直播间】9619073 的第 67 个心跳包发送成功
[03:22:23 INF] 【直播间】407149 的第 67 个心跳包发送成功
[03:23:23 INF] 【直播间】23357926 的第 68 个心跳包发送成功
[03:23:24 INF] 【直播间】23040372 的第 68 个心跳包发送成功
[03:23:26 INF] 【直播间】31494 的第 68 个心跳包发送成功
[03:23:27 INF] 【直播间】4015781 的第 68 个心跳包发送成功
[03:23:28 INF] 【直播间】9619073 的第 68 个心跳包发送成功
[03:23:29 INF] 【直播间】407149 的第 68 个心跳包发送成功
[03:24:30 INF] 【直播间】23357926 的第 69 个心跳包发送成功
[03:24:31 INF] 【直播间】23040372 的第 69 个心跳包发送成功
[03:24:32 INF] 【直播间】31494 的第 69 个心跳包发送成功
[03:24:33 INF] 【直播间】4015781 的第 69 个心跳包发送成功
[03:24:35 INF] 【直播间】9619073 的第 69 个心跳包发送成功
[03:24:36 INF] 【直播间】407149 的第 69 个心跳包发送成功
[03:25:36 INF] 【直播间】23357926 的第 70 个心跳包发送成功
[03:25:37 INF] 【直播间】23040372 的第 70 个心跳包发送成功
[03:25:39 INF] 【直播间】31494 的第 70 个心跳包发送成功
[03:25:40 INF] 【直播间】4015781 的第 70 个心跳包发送成功
[03:25:41 INF] 【直播间】9619073 的第 70 个心跳包发送成功
[03:25:42 INF] 【直播间】407149 的第 70 个心跳包发送成功
[03:25:42 INF] 【直播观看时长】完成情况：6/6 
[03:25:42 INF] ---------结束---------

[03:25:42 INF] ==========结束==========

[03:25:42 INF] ######### 账号 3 #########

[03:25:42 INF] =====开始 直播间互动 =====

[03:25:42 INF] ---开始 发送弹幕 ---
[03:25:42 INF] 检测到直播 Cookie 未正确配置，尝试自动配置中...
[03:25:47 INF] 直播 Cookie 配置成功！
[03:25:47 INF] 【获取直播列表】获取拥有粉丝牌的直播列表
[03:25:51 INF] 【主播】苏打baka 
[03:26:08 INF] 【直播间】苏打baka
[03:26:08 INF] 【粉丝牌】碳酸钠
[03:26:08 INF] 正在发送弹幕...
[03:26:11 INF] -------结束-------

[03:26:11 INF] ---开始 点赞直播间 ---
[03:26:11 INF] 【获取直播列表】获取拥有粉丝牌的直播列表
[03:26:19 INF] 【主播】苏打baka 
[03:26:20 INF] 【弹幕发送】成功~，你和主播 苏打baka 的亲密值增加了100！
[03:26:41 INF] --------结束--------

[03:26:41 INF] ---开始 直播时长挂机 ---
[03:26:41 INF] 【获取直播列表】获取拥有粉丝牌的直播列表
[03:26:41 INF] 【点赞直播间】23040372 完成
[03:26:46 INF] 【主播】苏打baka 
[03:27:06 INF] 【直播间】23040372 的第 1 个心跳包发送成功
[03:28:13 INF] 【直播间】23040372 的第 2 个心跳包发送成功
[03:29:19 INF] 【直播间】23040372 的第 3 个心跳包发送成功
[03:30:26 INF] 【直播间】23040372 的第 4 个心跳包发送成功
[03:31:32 INF] 【直播间】23040372 的第 5 个心跳包发送成功
[03:32:39 INF] 【直播间】23040372 的第 6 个心跳包发送成功
[03:33:46 INF] 【直播间】23040372 的第 7 个心跳包发送成功
[03:34:52 INF] 【直播间】23040372 的第 8 个心跳包发送成功
[03:35:59 INF] 【直播间】23040372 的第 9 个心跳包发送成功
[03:37:06 INF] 【直播间】23040372 的第 10 个心跳包发送成功
[03:38:12 INF] 【直播间】23040372 的第 11 个心跳包发送成功
[03:39:19 INF] 【直播间】23040372 的第 12 个心跳包发送成功
[03:40:26 INF] 【直播间】23040372 的第 13 个心跳包发送成功
[03:41:32 INF] 【直播间】23040372 的第 14 个心跳包发送成功
[03:42:39 ERR] 【心跳包】直播间 23040372 发送失败
[03:42:39 ERR] 【原因】time check failed
[03:43:45 INF] 【直播间】23040372 的第 15 个心跳包发送成功
[03:44:52 INF] 【直播间】23040372 的第 16 个心跳包发送成功
[03:45:59 INF] 【直播间】23040372 的第 17 个心跳包发送成功
[03:47:05 INF] 【直播间】23040372 的第 18 个心跳包发送成功
[03:48:12 INF] 【直播间】23040372 的第 19 个心跳包发送成功
[03:49:18 INF] 【直播间】23040372 的第 20 个心跳包发送成功
[03:50:25 INF] 【直播间】23040372 的第 21 个心跳包发送成功
[03:51:31 INF] 【直播间】23040372 的第 22 个心跳包发送成功
[03:52:38 INF] 【直播间】23040372 的第 23 个心跳包发送成功
[03:53:45 INF] 【直播间】23040372 的第 24 个心跳包发送成功
[03:54:52 INF] 【直播间】23040372 的第 25 个心跳包发送成功
[03:55:58 INF] 【直播间】23040372 的第 26 个心跳包发送成功
[03:57:05 INF] 【直播间】23040372 的第 27 个心跳包发送成功
[03:58:11 ERR] 【心跳包】直播间 23040372 发送失败
[03:58:11 ERR] 【原因】time check failed
[03:59:18 INF] 【直播间】23040372 的第 28 个心跳包发送成功
[04:00:24 INF] 【直播间】23040372 的第 29 个心跳包发送成功
[04:01:31 INF] 【直播间】23040372 的第 30 个心跳包发送成功
[04:02:38 INF] 【直播间】23040372 的第 31 个心跳包发送成功
[04:03:44 INF] 【直播间】23040372 的第 32 个心跳包发送成功
[04:04:51 INF] 【直播间】23040372 的第 33 个心跳包发送成功
[04:05:57 INF] 【直播间】23040372 的第 34 个心跳包发送成功
[04:07:04 INF] 【直播间】23040372 的第 35 个心跳包发送成功
[04:08:10 INF] 【直播间】23040372 的第 36 个心跳包发送成功
[04:09:17 INF] 【直播间】23040372 的第 37 个心跳包发送成功
[04:10:24 INF] 【直播间】23040372 的第 38 个心跳包发送成功
[04:11:30 INF] 【直播间】23040372 的第 39 个心跳包发送成功
[04:12:37 INF] 【直播间】23040372 的第 40 个心跳包发送成功
[04:13:44 ERR] 【心跳包】直播间 23040372 发送失败
[04:13:44 ERR] 【原因】time check failed
[04:14:50 INF] 【直播间】23040372 的第 41 个心跳包发送成功
[04:15:57 INF] 【直播间】23040372 的第 42 个心跳包发送成功
[04:17:03 INF] 【直播间】23040372 的第 43 个心跳包发送成功
[04:18:10 INF] 【直播间】23040372 的第 44 个心跳包发送成功
[04:19:17 INF] 【直播间】23040372 的第 45 个心跳包发送成功
[04:20:23 INF] 【直播间】23040372 的第 46 个心跳包发送成功
[04:21:30 INF] 【直播间】23040372 的第 47 个心跳包发送成功
[04:22:37 INF] 【直播间】23040372 的第 48 个心跳包发送成功
[04:23:43 INF] 【直播间】23040372 的第 49 个心跳包发送成功
[04:24:50 INF] 【直播间】23040372 的第 50 个心跳包发送成功
[04:25:57 INF] 【直播间】23040372 的第 51 个心跳包发送成功
[04:27:03 INF] 【直播间】23040372 的第 52 个心跳包发送成功
[04:28:10 INF] 【直播间】23040372 的第 53 个心跳包发送成功
[04:29:16 ERR] 【心跳包】直播间 23040372 发送失败
[04:29:16 ERR] 【原因】time check failed
[04:30:23 INF] 【直播间】23040372 的第 54 个心跳包发送成功
[04:31:29 INF] 【直播间】23040372 的第 55 个心跳包发送成功
[04:32:36 INF] 【直播间】23040372 的第 56 个心跳包发送成功
[04:33:43 INF] 【直播间】23040372 的第 57 个心跳包发送成功
[04:34:49 INF] 【直播间】23040372 的第 58 个心跳包发送成功
[04:35:56 INF] 【直播间】23040372 的第 59 个心跳包发送成功
[04:37:02 INF] 【直播间】23040372 的第 60 个心跳包发送成功
[04:38:09 INF] 【直播间】23040372 的第 61 个心跳包发送成功
[04:39:16 INF] 【直播间】23040372 的第 62 个心跳包发送成功
[04:40:22 INF] 【直播间】23040372 的第 63 个心跳包发送成功
[04:41:29 INF] 【直播间】23040372 的第 64 个心跳包发送成功
[04:42:35 INF] 【直播间】23040372 的第 65 个心跳包发送成功
[04:43:42 INF] 【直播间】23040372 的第 66 个心跳包发送成功
[04:44:48 ERR] 【心跳包】直播间 23040372 发送失败
[04:44:48 ERR] 【原因】time check failed
[04:45:55 INF] 【直播间】23040372 的第 67 个心跳包发送成功
[04:47:01 INF] 【直播间】23040372 的第 68 个心跳包发送成功
[04:48:08 INF] 【直播间】23040372 的第 69 个心跳包发送成功
[04:49:14 INF] 【直播间】23040372 的第 70 个心跳包发送成功
[04:49:14 INF] 【直播观看时长】完成情况：1/1 
[04:49:14 INF] ---------结束---------

[04:49:14 INF] ==========结束==========

[04:49:14 INF] 

========================

 v2.0.1 开源 by https://github.com/RayWangQvQ/BiliBiliToolPro

[04:49:14 INF] ·开始推送·LiveFansMedal任务·
2023-07-03T20:49:14.9565629Z 开始推送到:自定义
2023-07-03T20:49:32.9540080Z Response status: OK.
2023-07-03T20:49:32.9540435Z Response content: {"message":"发送群组消息子通道 pushplus 失败：Post \"https://www.pushplus.plus/send\": net/http: TLS handshake timeout\n","success":false}.

[04:49:32 INF] 运行环境：Development
[04:49:32 INF] 应用目录：/home/runner/work/BiliBiliToolPro/BiliBiliToolPro/src/Ray.BiliBiliTool.Console/bin/Debug/net6.0/

[04:49:32 INF] 运行结束
