----------- ip 信息 ---------
{
  "ip": "20.109.37.3",
  "city": "Boydton",
  "region": "Virginia",
  "country": "US",
  "loc": "36.6676,-78.3875",
  "org": "AS8075 Microsoft Corporation",
  "postal": "23917",
  "timezone": "America/New_York",
  "readme": "https://ipinfo.io/missingauth"
} ---------- end ------------
  ____               ____    _   _____           _  
 |  _ \ __ _ _   _  | __ ) _| |_|_   _|__   ___ | | 
 | |_) / _` | | | | |  _ \(_) (_) | |/ _ \ / _ \| | 
 |  _ < (_| | |_| | | |_) | | | | | | (_) | (_) | | 
 |_| \_\__,_|\__, | |____/|_|_|_| |_|\___/ \___/|_| 
             |___/                                  

[00:27:22 INF] BiliBiliToolPro 开始运行...

[00:27:22 INF] 【账号个数】3个

[00:27:22 INF] 随机休眠3分钟

[00:30:22 INF] 【目标任务】LiveFansMedal
[00:30:22 INF] ######### 账号 1 #########

[00:30:22 INF] =====开始 直播间互动 =====

[00:30:22 INF] ---开始 发送弹幕 ---
[00:30:22 INF] 检测到直播 Cookie 未正确配置，尝试自动配置中...
[00:30:26 INF] 直播 Cookie 配置成功！
[00:30:26 INF] 【获取直播列表】获取拥有粉丝牌的直播列表
[00:30:31 INF] 【主播】Mark陌枫 
[00:30:43 INF] 【主播】KL_qiqi_ 
[00:30:59 INF] 【主播】苏打baka 
[00:31:18 INF] 【直播间】Mark陌枫
[00:31:18 INF] 【粉丝牌】馬楓
[00:31:18 INF] 正在发送弹幕...
[00:31:24 INF] 【直播间】KL_qiqi_
[00:31:24 INF] 【粉丝牌】qiqisb
[00:31:24 INF] 正在发送弹幕...
[00:31:31 INF] 【直播间】苏打baka
[00:31:31 INF] 【粉丝牌】碳酸钠
[00:31:31 INF] 正在发送弹幕...
[00:31:35 INF] -------结束-------

[00:31:35 INF] ---开始 点赞直播间 ---
[00:31:35 INF] 【获取直播列表】获取拥有粉丝牌的直播列表
[00:31:37 INF] 【弹幕发送】成功~，你和主播 Mark陌枫 的亲密值增加了100！
[00:31:40 INF] 【主播】Mark陌枫 
[00:31:41 INF] 【弹幕发送】成功~，你和主播 KL_qiqi_ 的亲密值增加了100！
[00:31:49 INF] 【弹幕发送】成功~，你和主播 苏打baka 的亲密值增加了100！
[00:31:57 INF] 【主播】KL_qiqi_ 
[00:32:16 INF] 【主播】苏打baka 
[00:32:38 INF] 【点赞直播间】23357926 完成
[00:32:42 INF] 【点赞直播间】407149 完成
[00:32:49 INF] --------结束--------

[00:32:49 INF] ---开始 直播时长挂机 ---
[00:32:49 INF] 【获取直播列表】获取拥有粉丝牌的直播列表
[00:32:50 INF] 【点赞直播间】23040372 完成
[00:32:54 INF] 【主播】Mark陌枫 
[00:33:09 INF] 【主播】KL_qiqi_ 
[00:33:27 INF] 【主播】苏打baka 
[00:33:44 INF] 【直播间】23357926 的第 1 个心跳包发送成功
[00:33:46 INF] 【直播间】407149 的第 1 个心跳包发送成功
[00:33:47 INF] 【直播间】23040372 的第 1 个心跳包发送成功
[00:34:51 INF] 【直播间】23357926 的第 2 个心跳包发送成功
[00:34:52 INF] 【直播间】407149 的第 2 个心跳包发送成功
[00:34:53 INF] 【直播间】23040372 的第 2 个心跳包发送成功
[00:35:58 INF] 【直播间】23357926 的第 3 个心跳包发送成功
[00:35:59 INF] 【直播间】407149 的第 3 个心跳包发送成功
[00:36:00 INF] 【直播间】23040372 的第 3 个心跳包发送成功
[00:37:04 INF] 【直播间】23357926 的第 4 个心跳包发送成功
[00:37:05 INF] 【直播间】407149 的第 4 个心跳包发送成功
[00:37:07 INF] 【直播间】23040372 的第 4 个心跳包发送成功
[00:38:11 INF] 【直播间】23357926 的第 5 个心跳包发送成功
[00:38:12 INF] 【直播间】407149 的第 5 个心跳包发送成功
[00:38:13 INF] 【直播间】23040372 的第 5 个心跳包发送成功
[00:39:17 INF] 【直播间】23357926 的第 6 个心跳包发送成功
[00:39:19 INF] 【直播间】407149 的第 6 个心跳包发送成功
[00:39:20 INF] 【直播间】23040372 的第 6 个心跳包发送成功
[00:40:24 INF] 【直播间】23357926 的第 7 个心跳包发送成功
[00:40:25 INF] 【直播间】407149 的第 7 个心跳包发送成功
[00:40:26 INF] 【直播间】23040372 的第 7 个心跳包发送成功
[00:41:30 INF] 【直播间】23357926 的第 8 个心跳包发送成功
[00:41:32 INF] 【直播间】407149 的第 8 个心跳包发送成功
[00:41:33 INF] 【直播间】23040372 的第 8 个心跳包发送成功
[00:42:37 INF] 【直播间】23357926 的第 9 个心跳包发送成功
[00:42:38 INF] 【直播间】407149 的第 9 个心跳包发送成功
[00:42:39 INF] 【直播间】23040372 的第 9 个心跳包发送成功
[00:43:44 INF] 【直播间】23357926 的第 10 个心跳包发送成功
[00:43:45 INF] 【直播间】407149 的第 10 个心跳包发送成功
[00:43:46 INF] 【直播间】23040372 的第 10 个心跳包发送成功
[00:44:50 INF] 【直播间】23357926 的第 11 个心跳包发送成功
[00:44:51 INF] 【直播间】407149 的第 11 个心跳包发送成功
[00:44:53 INF] 【直播间】23040372 的第 11 个心跳包发送成功
[00:45:57 INF] 【直播间】23357926 的第 12 个心跳包发送成功
[00:45:58 INF] 【直播间】407149 的第 12 个心跳包发送成功
[00:45:59 INF] 【直播间】23040372 的第 12 个心跳包发送成功
[00:47:03 INF] 【直播间】23357926 的第 13 个心跳包发送成功
[00:47:05 INF] 【直播间】407149 的第 13 个心跳包发送成功
[00:47:06 INF] 【直播间】23040372 的第 13 个心跳包发送成功
[00:48:10 INF] 【直播间】23357926 的第 14 个心跳包发送成功
[00:48:11 INF] 【直播间】407149 的第 14 个心跳包发送成功
[00:48:12 INF] 【直播间】23040372 的第 14 个心跳包发送成功
[00:49:17 ERR] 【心跳包】直播间 23357926 发送失败
[00:49:17 ERR] 【原因】time check failed
[00:49:18 ERR] 【心跳包】直播间 407149 发送失败
[00:49:18 ERR] 【原因】time check failed
[00:49:19 ERR] 【心跳包】直播间 23040372 发送失败
[00:49:19 ERR] 【原因】time check failed
[00:50:23 INF] 【直播间】23357926 的第 15 个心跳包发送成功
[00:50:24 INF] 【直播间】407149 的第 15 个心跳包发送成功
[00:50:26 INF] 【直播间】23040372 的第 15 个心跳包发送成功
[00:51:30 INF] 【直播间】23357926 的第 16 个心跳包发送成功
[00:51:31 INF] 【直播间】407149 的第 16 个心跳包发送成功
[00:51:32 INF] 【直播间】23040372 的第 16 个心跳包发送成功
[00:52:36 INF] 【直播间】23357926 的第 17 个心跳包发送成功
[00:52:38 INF] 【直播间】407149 的第 17 个心跳包发送成功
[00:52:39 INF] 【直播间】23040372 的第 17 个心跳包发送成功
[00:53:43 INF] 【直播间】23357926 的第 18 个心跳包发送成功
[00:53:44 INF] 【直播间】407149 的第 18 个心跳包发送成功
[00:53:45 INF] 【直播间】23040372 的第 18 个心跳包发送成功
[00:54:50 INF] 【直播间】23357926 的第 19 个心跳包发送成功
[00:54:51 INF] 【直播间】407149 的第 19 个心跳包发送成功
[00:54:52 INF] 【直播间】23040372 的第 19 个心跳包发送成功
[00:55:56 INF] 【直播间】23357926 的第 20 个心跳包发送成功
[00:55:57 INF] 【直播间】407149 的第 20 个心跳包发送成功
[00:55:59 INF] 【直播间】23040372 的第 20 个心跳包发送成功
[00:57:03 INF] 【直播间】23357926 的第 21 个心跳包发送成功
[00:57:04 INF] 【直播间】407149 的第 21 个心跳包发送成功
[00:57:05 INF] 【直播间】23040372 的第 21 个心跳包发送成功
[00:58:09 INF] 【直播间】23357926 的第 22 个心跳包发送成功
[00:58:11 INF] 【直播间】407149 的第 22 个心跳包发送成功
[00:58:12 INF] 【直播间】23040372 的第 22 个心跳包发送成功
[00:59:16 INF] 【直播间】23357926 的第 23 个心跳包发送成功
[00:59:17 INF] 【直播间】407149 的第 23 个心跳包发送成功
[00:59:18 INF] 【直播间】23040372 的第 23 个心跳包发送成功
[01:00:23 INF] 【直播间】23357926 的第 24 个心跳包发送成功
[01:00:24 INF] 【直播间】407149 的第 24 个心跳包发送成功
[01:00:25 INF] 【直播间】23040372 的第 24 个心跳包发送成功
[01:01:29 INF] 【直播间】23357926 的第 25 个心跳包发送成功
[01:01:30 INF] 【直播间】407149 的第 25 个心跳包发送成功
[01:01:32 INF] 【直播间】23040372 的第 25 个心跳包发送成功
[01:02:35 INF] 【直播间】23357926 的第 26 个心跳包发送成功
[01:02:37 INF] 【直播间】407149 的第 26 个心跳包发送成功
[01:02:38 INF] 【直播间】23040372 的第 26 个心跳包发送成功
[01:03:42 INF] 【直播间】23357926 的第 27 个心跳包发送成功
[01:03:43 INF] 【直播间】407149 的第 27 个心跳包发送成功
[01:03:44 INF] 【直播间】23040372 的第 27 个心跳包发送成功
[01:04:49 ERR] 【心跳包】直播间 23357926 发送失败
[01:04:49 ERR] 【原因】time check failed
[01:04:50 ERR] 【心跳包】直播间 407149 发送失败
[01:04:50 ERR] 【原因】time check failed
[01:04:51 ERR] 【心跳包】直播间 23040372 发送失败
[01:04:51 ERR] 【原因】time check failed
[01:05:55 INF] 【直播间】23357926 的第 28 个心跳包发送成功
[01:05:56 INF] 【直播间】407149 的第 28 个心跳包发送成功
[01:05:58 INF] 【直播间】23040372 的第 28 个心跳包发送成功
[01:07:02 INF] 【直播间】23357926 的第 29 个心跳包发送成功
[01:07:03 INF] 【直播间】407149 的第 29 个心跳包发送成功
[01:07:04 INF] 【直播间】23040372 的第 29 个心跳包发送成功
[01:08:08 INF] 【直播间】23357926 的第 30 个心跳包发送成功
[01:08:09 INF] 【直播间】407149 的第 30 个心跳包发送成功
[01:08:11 INF] 【直播间】23040372 的第 30 个心跳包发送成功
[01:09:15 INF] 【直播间】23357926 的第 31 个心跳包发送成功
[01:09:16 INF] 【直播间】407149 的第 31 个心跳包发送成功
[01:09:17 INF] 【直播间】23040372 的第 31 个心跳包发送成功
[01:10:21 INF] 【直播间】23357926 的第 32 个心跳包发送成功
[01:10:23 INF] 【直播间】407149 的第 32 个心跳包发送成功
[01:10:24 INF] 【直播间】23040372 的第 32 个心跳包发送成功
[01:11:28 INF] 【直播间】23357926 的第 33 个心跳包发送成功
[01:11:29 INF] 【直播间】407149 的第 33 个心跳包发送成功
[01:11:31 INF] 【直播间】23040372 的第 33 个心跳包发送成功
[01:12:35 INF] 【直播间】23357926 的第 34 个心跳包发送成功
[01:12:36 INF] 【直播间】407149 的第 34 个心跳包发送成功
[01:12:37 INF] 【直播间】23040372 的第 34 个心跳包发送成功
[01:13:41 INF] 【直播间】23357926 的第 35 个心跳包发送成功
[01:13:43 INF] 【直播间】407149 的第 35 个心跳包发送成功
[01:13:44 INF] 【直播间】23040372 的第 35 个心跳包发送成功
[01:14:48 INF] 【直播间】23357926 的第 36 个心跳包发送成功
[01:14:49 INF] 【直播间】407149 的第 36 个心跳包发送成功
[01:14:50 INF] 【直播间】23040372 的第 36 个心跳包发送成功
[01:15:54 INF] 【直播间】23357926 的第 37 个心跳包发送成功
[01:15:56 INF] 【直播间】407149 的第 37 个心跳包发送成功
[01:15:57 INF] 【直播间】23040372 的第 37 个心跳包发送成功
[01:17:01 INF] 【直播间】23357926 的第 38 个心跳包发送成功
[01:17:02 INF] 【直播间】407149 的第 38 个心跳包发送成功
[01:17:04 INF] 【直播间】23040372 的第 38 个心跳包发送成功
[01:18:08 INF] 【直播间】23357926 的第 39 个心跳包发送成功
[01:18:09 INF] 【直播间】407149 的第 39 个心跳包发送成功
[01:18:10 INF] 【直播间】23040372 的第 39 个心跳包发送成功
[01:19:15 INF] 【直播间】23357926 的第 40 个心跳包发送成功
[01:19:16 INF] 【直播间】407149 的第 40 个心跳包发送成功
[01:19:17 INF] 【直播间】23040372 的第 40 个心跳包发送成功
[01:20:21 ERR] 【心跳包】直播间 23357926 发送失败
[01:20:21 ERR] 【原因】time check failed
[01:20:22 ERR] 【心跳包】直播间 407149 发送失败
[01:20:22 ERR] 【原因】time check failed
[01:20:24 ERR] 【心跳包】直播间 23040372 发送失败
[01:20:24 ERR] 【原因】time check failed
[01:21:28 INF] 【直播间】23357926 的第 41 个心跳包发送成功
[01:21:29 INF] 【直播间】407149 的第 41 个心跳包发送成功
[01:21:30 INF] 【直播间】23040372 的第 41 个心跳包发送成功
[01:22:34 INF] 【直播间】23357926 的第 42 个心跳包发送成功
[01:22:35 INF] 【直播间】407149 的第 42 个心跳包发送成功
[01:22:37 INF] 【直播间】23040372 的第 42 个心跳包发送成功
[01:23:41 INF] 【直播间】23357926 的第 43 个心跳包发送成功
[01:23:42 INF] 【直播间】407149 的第 43 个心跳包发送成功
[01:23:43 INF] 【直播间】23040372 的第 43 个心跳包发送成功
[01:24:47 INF] 【直播间】23357926 的第 44 个心跳包发送成功
[01:24:49 INF] 【直播间】407149 的第 44 个心跳包发送成功
[01:24:50 INF] 【直播间】23040372 的第 44 个心跳包发送成功
[01:25:54 INF] 【直播间】23357926 的第 45 个心跳包发送成功
[01:25:55 INF] 【直播间】407149 的第 45 个心跳包发送成功
[01:25:56 INF] 【直播间】23040372 的第 45 个心跳包发送成功
[01:27:00 INF] 【直播间】23357926 的第 46 个心跳包发送成功
[01:27:02 INF] 【直播间】407149 的第 46 个心跳包发送成功
[01:27:03 INF] 【直播间】23040372 的第 46 个心跳包发送成功
[01:28:07 INF] 【直播间】23357926 的第 47 个心跳包发送成功
[01:28:08 INF] 【直播间】407149 的第 47 个心跳包发送成功
[01:28:09 INF] 【直播间】23040372 的第 47 个心跳包发送成功
[01:29:13 INF] 【直播间】23357926 的第 48 个心跳包发送成功
[01:29:15 INF] 【直播间】407149 的第 48 个心跳包发送成功
[01:29:16 INF] 【直播间】23040372 的第 48 个心跳包发送成功
[01:30:20 INF] 【直播间】23357926 的第 49 个心跳包发送成功
[01:30:21 INF] 【直播间】407149 的第 49 个心跳包发送成功
[01:30:22 INF] 【直播间】23040372 的第 49 个心跳包发送成功
[01:31:27 INF] 【直播间】23357926 的第 50 个心跳包发送成功
[01:31:28 INF] 【直播间】407149 的第 50 个心跳包发送成功
[01:31:29 INF] 【直播间】23040372 的第 50 个心跳包发送成功
[01:32:33 INF] 【直播间】23357926 的第 51 个心跳包发送成功
[01:32:34 INF] 【直播间】407149 的第 51 个心跳包发送成功
[01:32:36 INF] 【直播间】23040372 的第 51 个心跳包发送成功
[01:33:40 INF] 【直播间】23357926 的第 52 个心跳包发送成功
[01:33:41 INF] 【直播间】407149 的第 52 个心跳包发送成功
[01:33:42 INF] 【直播间】23040372 的第 52 个心跳包发送成功
[01:34:47 INF] 【直播间】23357926 的第 53 个心跳包发送成功
[01:34:48 INF] 【直播间】407149 的第 53 个心跳包发送成功
[01:34:49 INF] 【直播间】23040372 的第 53 个心跳包发送成功
[01:35:53 ERR] 【心跳包】直播间 23357926 发送失败
[01:35:53 ERR] 【原因】time check failed
[01:35:54 ERR] 【心跳包】直播间 407149 发送失败
[01:35:54 ERR] 【原因】time check failed
[01:35:56 ERR] 【心跳包】直播间 23040372 发送失败
[01:35:56 ERR] 【原因】time check failed
[01:37:00 INF] 【直播间】23357926 的第 54 个心跳包发送成功
[01:37:01 INF] 【直播间】407149 的第 54 个心跳包发送成功
[01:37:02 INF] 【直播间】23040372 的第 54 个心跳包发送成功
[01:38:06 INF] 【直播间】23357926 的第 55 个心跳包发送成功
[01:38:08 INF] 【直播间】407149 的第 55 个心跳包发送成功
[01:38:09 INF] 【直播间】23040372 的第 55 个心跳包发送成功
[01:39:13 INF] 【直播间】23357926 的第 56 个心跳包发送成功
[01:39:14 INF] 【直播间】407149 的第 56 个心跳包发送成功
[01:39:15 INF] 【直播间】23040372 的第 56 个心跳包发送成功
[01:40:19 INF] 【直播间】23357926 的第 57 个心跳包发送成功
[01:40:21 INF] 【直播间】407149 的第 57 个心跳包发送成功
[01:40:22 INF] 【直播间】23040372 的第 57 个心跳包发送成功
[01:41:26 INF] 【直播间】23357926 的第 58 个心跳包发送成功
[01:41:27 INF] 【直播间】407149 的第 58 个心跳包发送成功
[01:41:28 INF] 【直播间】23040372 的第 58 个心跳包发送成功
[01:42:33 INF] 【直播间】23357926 的第 59 个心跳包发送成功
[01:42:34 INF] 【直播间】407149 的第 59 个心跳包发送成功
[01:42:35 INF] 【直播间】23040372 的第 59 个心跳包发送成功
[01:43:39 INF] 【直播间】23357926 的第 60 个心跳包发送成功
[01:43:41 INF] 【直播间】407149 的第 60 个心跳包发送成功
[01:43:42 INF] 【直播间】23040372 的第 60 个心跳包发送成功
[01:44:46 INF] 【直播间】23357926 的第 61 个心跳包发送成功
[01:44:47 INF] 【直播间】407149 的第 61 个心跳包发送成功
[01:44:48 INF] 【直播间】23040372 的第 61 个心跳包发送成功
[01:45:52 INF] 【直播间】23357926 的第 62 个心跳包发送成功
[01:45:53 INF] 【直播间】407149 的第 62 个心跳包发送成功
[01:45:55 INF] 【直播间】23040372 的第 62 个心跳包发送成功
[01:46:59 INF] 【直播间】23357926 的第 63 个心跳包发送成功
[01:47:00 INF] 【直播间】407149 的第 63 个心跳包发送成功
[01:47:01 INF] 【直播间】23040372 的第 63 个心跳包发送成功
[01:48:06 INF] 【直播间】23357926 的第 64 个心跳包发送成功
[01:48:07 INF] 【直播间】407149 的第 64 个心跳包发送成功
[01:48:08 INF] 【直播间】23040372 的第 64 个心跳包发送成功
[01:49:12 INF] 【直播间】23357926 的第 65 个心跳包发送成功
[01:49:13 INF] 【直播间】407149 的第 65 个心跳包发送成功
[01:49:15 INF] 【直播间】23040372 的第 65 个心跳包发送成功
[01:50:18 INF] 【直播间】23357926 的第 66 个心跳包发送成功
[01:50:20 INF] 【直播间】407149 的第 66 个心跳包发送成功
[01:50:21 INF] 【直播间】23040372 的第 66 个心跳包发送成功
[01:51:25 ERR] 【心跳包】直播间 23357926 发送失败
[01:51:25 ERR] 【原因】time check failed
[01:51:26 ERR] 【心跳包】直播间 407149 发送失败
[01:51:26 ERR] 【原因】time check failed
[01:51:27 ERR] 【心跳包】直播间 23040372 发送失败
[01:51:27 ERR] 【原因】time check failed
[01:52:31 INF] 【直播间】23357926 的第 67 个心跳包发送成功
[01:52:33 INF] 【直播间】407149 的第 67 个心跳包发送成功
[01:52:34 INF] 【直播间】23040372 的第 67 个心跳包发送成功
[01:53:38 INF] 【直播间】23357926 的第 68 个心跳包发送成功
[01:53:39 INF] 【直播间】407149 的第 68 个心跳包发送成功
[01:53:41 INF] 【直播间】23040372 的第 68 个心跳包发送成功
[01:54:45 INF] 【直播间】23357926 的第 69 个心跳包发送成功
[01:54:46 INF] 【直播间】407149 的第 69 个心跳包发送成功
[01:54:47 INF] 【直播间】23040372 的第 69 个心跳包发送成功
[01:55:51 INF] 【直播间】23357926 的第 70 个心跳包发送成功
[01:55:53 INF] 【直播间】407149 的第 70 个心跳包发送成功
[01:55:54 INF] 【直播间】23040372 的第 70 个心跳包发送成功
[01:55:54 INF] 【直播观看时长】完成情况：3/3 
[01:55:54 INF] ---------结束---------

[01:55:54 INF] ==========结束==========

[01:55:54 INF] ######### 账号 2 #########

[01:55:54 INF] =====开始 直播间互动 =====

[01:55:54 INF] ---开始 发送弹幕 ---
[01:55:54 INF] 检测到直播 Cookie 未正确配置，尝试自动配置中...
[01:55:58 INF] 直播 Cookie 配置成功！
[01:55:58 INF] 【获取直播列表】获取拥有粉丝牌的直播列表
[01:56:01 INF] 【主播】Mark陌枫 
[01:56:21 INF] 【主播】苏打baka 
[01:56:31 INF] 【主播】特别中二的q3君 
[01:56:50 INF] 【主播】陈抱一 
[01:57:06 INF] 【主播】贪玩的小毅 
[01:57:20 INF] 【主播】KL_qiqi_ 
[01:57:39 INF] 【主播】悠悠球琛总 
[01:57:54 INF] 【主播】新石器公园 
[01:58:10 INF] 【主播】脏小豆 
[01:58:31 INF] 【主播】记录生活的蛋黄派 
[01:58:45 INF] 【主播】FoFTG 
[01:59:02 INF] 【主播】李船长笔记 
[01:59:18 INF] 【直播间】Mark陌枫
[01:59:18 INF] 【粉丝牌】馬楓
[01:59:18 INF] 正在发送弹幕...
[01:59:25 INF] 【直播间】苏打baka
[01:59:25 INF] 【粉丝牌】碳酸钠
[01:59:25 INF] 正在发送弹幕...
[01:59:31 INF] 【直播间】特别中二的q3君
[01:59:31 INF] 【粉丝牌】q3GG
[01:59:31 INF] 正在发送弹幕...
[01:59:34 INF] 【直播间】陈抱一
[01:59:34 INF] 【粉丝牌】陈抱一
[01:59:34 INF] 正在发送弹幕...
[01:59:38 INF] 【弹幕发送】成功~，你和主播 Mark陌枫 的亲密值增加了100！
[01:59:40 INF] 【直播间】贪玩的小毅
[01:59:40 INF] 【粉丝牌】大大毅
[01:59:40 INF] 正在发送弹幕...
[01:59:44 INF] 【直播间】KL_qiqi_
[01:59:44 INF] 【粉丝牌】qiqisb
[01:59:44 INF] 正在发送弹幕...
[01:59:46 INF] 【弹幕发送】成功~，你和主播 特别中二的q3君 的亲密值增加了100！
[01:59:46 ERR] 【弹幕发送】失败
[01:59:46 ERR] 【原因】您发送弹幕的频率过快
[01:59:49 INF] 【直播间】悠悠球琛总
[01:59:49 INF] 【粉丝牌】i琛
[01:59:49 INF] 正在发送弹幕...
[01:59:53 INF] 【弹幕发送】成功~，你和主播 贪玩的小毅 的亲密值增加了100！
[01:59:53 INF] 【弹幕发送】成功~，你和主播 陈抱一 的亲密值增加了100！
[01:59:53 INF] 【直播间】新石器公园
[01:59:53 INF] 【粉丝牌】东园主
[01:59:53 INF] 正在发送弹幕...
[01:59:58 INF] 【直播间】脏小豆
[01:59:58 INF] 【粉丝牌】豆豆浆
[01:59:58 INF] 正在发送弹幕...
[02:00:01 INF] 【弹幕发送】成功~，你和主播 KL_qiqi_ 的亲密值增加了100！
[02:00:03 INF] 【直播间】记录生活的蛋黄派
[02:00:03 INF] 【粉丝牌】派派派
[02:00:03 INF] 正在发送弹幕...
[02:00:04 INF] 【弹幕发送】成功~，你和主播 悠悠球琛总 的亲密值增加了100！
[02:00:08 INF] 【直播间】FoFTG
[02:00:08 INF] 【粉丝牌】FOFTG
[02:00:08 INF] 正在发送弹幕...
[02:00:11 INF] 【弹幕发送】成功~，你和主播 新石器公园 的亲密值增加了100！
[02:00:14 INF] 【直播间】李船长笔记
[02:00:14 INF] 【粉丝牌】航海仕
[02:00:14 INF] 正在发送弹幕...
[02:00:19 INF] 【弹幕发送】成功~，你和主播 脏小豆 的亲密值增加了100！
[02:00:20 INF] -------结束-------

[02:00:20 INF] ---开始 点赞直播间 ---
[02:00:20 INF] 【获取直播列表】获取拥有粉丝牌的直播列表
[02:00:22 INF] 【弹幕发送】成功~，你和主播 记录生活的蛋黄派 的亲密值增加了100！
[02:00:27 INF] 【主播】Mark陌枫 
[02:00:28 INF] 【弹幕发送】成功~，你和主播 FoFTG 的亲密值增加了100！
[02:00:32 INF] 【弹幕发送】成功~，你和主播 李船长笔记 的亲密值增加了100！
[02:00:42 INF] 【主播】苏打baka 
[02:01:00 INF] 【主播】特别中二的q3君 
[02:01:16 INF] 【主播】陈抱一 
[02:01:32 INF] 【主播】贪玩的小毅 
[02:01:51 INF] 【主播】KL_qiqi_ 
[02:02:08 INF] 【主播】悠悠球琛总 
[02:02:26 INF] 【主播】新石器公园 
[02:02:42 INF] 【主播】脏小豆 
[02:02:58 INF] 【主播】记录生活的蛋黄派 
[02:03:13 INF] 【主播】FoFTG 
[02:03:27 INF] 【主播】李船长笔记 
[02:03:55 INF] 【点赞直播间】23357926 完成
[02:04:02 INF] 【点赞直播间】23040372 完成
[02:04:06 INF] 【点赞直播间】31494 完成
[02:04:13 INF] 【点赞直播间】4015781 完成
[02:04:16 INF] 【点赞直播间】9619073 完成
[02:04:20 INF] 【点赞直播间】407149 完成
[02:04:25 INF] 【点赞直播间】7184632 完成
[02:04:29 INF] 【点赞直播间】23447660 完成
[02:04:36 INF] 【点赞直播间】929670 完成
[02:04:40 INF] 【点赞直播间】11732699 完成
[02:04:47 INF] 【点赞直播间】91164 完成
[02:04:50 INF] --------结束--------

[02:04:50 INF] ---开始 直播时长挂机 ---
[02:04:50 INF] 【获取直播列表】获取拥有粉丝牌的直播列表
[02:04:50 INF] 【点赞直播间】22764265 完成
[02:04:57 INF] 【主播】Mark陌枫 
[02:05:19 INF] 【主播】苏打baka 
[02:05:36 INF] 【主播】特别中二的q3君 
[02:05:58 INF] 【主播】陈抱一 
[02:06:16 INF] 【主播】贪玩的小毅 
[02:06:34 INF] 【主播】KL_qiqi_ 
[02:06:46 INF] 【主播】悠悠球琛总 
[02:07:00 INF] 【主播】新石器公园 
[02:07:19 INF] 【主播】脏小豆 
[02:07:34 INF] 【主播】记录生活的蛋黄派 
[02:07:56 INF] 【主播】FoFTG 
[02:08:13 INF] 【主播】李船长笔记 
[02:08:33 INF] 【直播间】23357926 的第 1 个心跳包发送成功
[02:08:34 INF] 【直播间】23040372 的第 1 个心跳包发送成功
[02:08:36 INF] 【直播间】31494 的第 1 个心跳包发送成功
[02:08:37 INF] 【直播间】4015781 的第 1 个心跳包发送成功
[02:08:38 INF] 【直播间】9619073 的第 1 个心跳包发送成功
[02:08:39 INF] 【直播间】407149 的第 1 个心跳包发送成功
[02:08:41 INF] 【直播间】7184632 的第 1 个心跳包发送成功
[02:08:42 INF] 【直播间】23447660 的第 1 个心跳包发送成功
[02:08:43 INF] 【直播间】929670 的第 1 个心跳包发送成功
[02:08:44 INF] 【直播间】11732699 的第 1 个心跳包发送成功
[02:08:46 INF] 【直播间】91164 的第 1 个心跳包发送成功
[02:08:47 INF] 【直播间】22764265 的第 1 个心跳包发送成功
[02:09:40 INF] 【直播间】23357926 的第 2 个心跳包发送成功
[02:09:41 INF] 【直播间】23040372 的第 2 个心跳包发送成功
[02:09:43 INF] 【直播间】31494 的第 2 个心跳包发送成功
[02:09:44 INF] 【直播间】4015781 的第 2 个心跳包发送成功
[02:09:45 INF] 【直播间】9619073 的第 2 个心跳包发送成功
[02:09:46 INF] 【直播间】407149 的第 2 个心跳包发送成功
[02:09:48 INF] 【直播间】7184632 的第 2 个心跳包发送成功
[02:09:49 INF] 【直播间】23447660 的第 2 个心跳包发送成功
[02:09:50 INF] 【直播间】929670 的第 2 个心跳包发送成功
[02:09:51 INF] 【直播间】11732699 的第 2 个心跳包发送成功
[02:09:53 INF] 【直播间】91164 的第 2 个心跳包发送成功
[02:09:54 INF] 【直播间】22764265 的第 2 个心跳包发送成功
[02:10:47 INF] 【直播间】23357926 的第 3 个心跳包发送成功
[02:10:48 INF] 【直播间】23040372 的第 3 个心跳包发送成功
[02:10:49 INF] 【直播间】31494 的第 3 个心跳包发送成功
[02:10:50 INF] 【直播间】4015781 的第 3 个心跳包发送成功
[02:10:52 INF] 【直播间】9619073 的第 3 个心跳包发送成功
[02:10:53 INF] 【直播间】407149 的第 3 个心跳包发送成功
[02:10:54 INF] 【直播间】7184632 的第 3 个心跳包发送成功
[02:10:55 INF] 【直播间】23447660 的第 3 个心跳包发送成功
[02:10:57 INF] 【直播间】929670 的第 3 个心跳包发送成功
[02:10:58 INF] 【直播间】11732699 的第 3 个心跳包发送成功
[02:10:59 INF] 【直播间】91164 的第 3 个心跳包发送成功
[02:11:00 INF] 【直播间】22764265 的第 3 个心跳包发送成功
[02:11:53 INF] 【直播间】23357926 的第 4 个心跳包发送成功
[02:11:54 INF] 【直播间】23040372 的第 4 个心跳包发送成功
[02:11:56 INF] 【直播间】31494 的第 4 个心跳包发送成功
[02:11:57 INF] 【直播间】4015781 的第 4 个心跳包发送成功
[02:11:58 INF] 【直播间】9619073 的第 4 个心跳包发送成功
[02:11:59 INF] 【直播间】407149 的第 4 个心跳包发送成功
[02:12:01 INF] 【直播间】7184632 的第 4 个心跳包发送成功
[02:12:02 INF] 【直播间】23447660 的第 4 个心跳包发送成功
[02:12:03 INF] 【直播间】929670 的第 4 个心跳包发送成功
[02:12:04 INF] 【直播间】11732699 的第 4 个心跳包发送成功
[02:12:06 INF] 【直播间】91164 的第 4 个心跳包发送成功
[02:12:07 INF] 【直播间】22764265 的第 4 个心跳包发送成功
[02:13:00 INF] 【直播间】23357926 的第 5 个心跳包发送成功
[02:13:01 INF] 【直播间】23040372 的第 5 个心跳包发送成功
[02:13:02 INF] 【直播间】31494 的第 5 个心跳包发送成功
[02:13:03 INF] 【直播间】4015781 的第 5 个心跳包发送成功
[02:13:05 INF] 【直播间】9619073 的第 5 个心跳包发送成功
[02:13:06 INF] 【直播间】407149 的第 5 个心跳包发送成功
[02:13:07 INF] 【直播间】7184632 的第 5 个心跳包发送成功
[02:13:09 INF] 【直播间】23447660 的第 5 个心跳包发送成功
[02:13:10 INF] 【直播间】929670 的第 5 个心跳包发送成功
[02:13:11 INF] 【直播间】11732699 的第 5 个心跳包发送成功
[02:13:12 INF] 【直播间】91164 的第 5 个心跳包发送成功
[02:13:14 INF] 【直播间】22764265 的第 5 个心跳包发送成功
[02:14:06 INF] 【直播间】23357926 的第 6 个心跳包发送成功
[02:14:08 INF] 【直播间】23040372 的第 6 个心跳包发送成功
[02:14:09 INF] 【直播间】31494 的第 6 个心跳包发送成功
[02:14:10 INF] 【直播间】4015781 的第 6 个心跳包发送成功
[02:14:12 INF] 【直播间】9619073 的第 6 个心跳包发送成功
[02:14:13 INF] 【直播间】407149 的第 6 个心跳包发送成功
[02:14:14 INF] 【直播间】7184632 的第 6 个心跳包发送成功
[02:14:15 INF] 【直播间】23447660 的第 6 个心跳包发送成功
[02:14:17 INF] 【直播间】929670 的第 6 个心跳包发送成功
[02:14:18 INF] 【直播间】11732699 的第 6 个心跳包发送成功
[02:14:19 INF] 【直播间】91164 的第 6 个心跳包发送成功
[02:14:21 INF] 【直播间】22764265 的第 6 个心跳包发送成功
[02:15:13 INF] 【直播间】23357926 的第 7 个心跳包发送成功
[02:15:14 INF] 【直播间】23040372 的第 7 个心跳包发送成功
[02:15:15 INF] 【直播间】31494 的第 7 个心跳包发送成功
[02:15:17 INF] 【直播间】4015781 的第 7 个心跳包发送成功
[02:15:18 INF] 【直播间】9619073 的第 7 个心跳包发送成功
[02:15:19 INF] 【直播间】407149 的第 7 个心跳包发送成功
[02:15:20 INF] 【直播间】7184632 的第 7 个心跳包发送成功
[02:15:22 INF] 【直播间】23447660 的第 7 个心跳包发送成功
[02:15:23 INF] 【直播间】929670 的第 7 个心跳包发送成功
[02:15:24 INF] 【直播间】11732699 的第 7 个心跳包发送成功
[02:15:26 INF] 【直播间】91164 的第 7 个心跳包发送成功
[02:15:27 INF] 【直播间】22764265 的第 7 个心跳包发送成功
[02:16:19 INF] 【直播间】23357926 的第 8 个心跳包发送成功
[02:16:21 INF] 【直播间】23040372 的第 8 个心跳包发送成功
[02:16:22 INF] 【直播间】31494 的第 8 个心跳包发送成功
[02:16:23 INF] 【直播间】4015781 的第 8 个心跳包发送成功
[02:16:24 INF] 【直播间】9619073 的第 8 个心跳包发送成功
[02:16:26 INF] 【直播间】407149 的第 8 个心跳包发送成功
[02:16:27 INF] 【直播间】7184632 的第 8 个心跳包发送成功
[02:16:28 INF] 【直播间】23447660 的第 8 个心跳包发送成功
[02:16:29 INF] 【直播间】929670 的第 8 个心跳包发送成功
[02:16:31 INF] 【直播间】11732699 的第 8 个心跳包发送成功
[02:16:32 INF] 【直播间】91164 的第 8 个心跳包发送成功
[02:16:33 INF] 【直播间】22764265 的第 8 个心跳包发送成功
[02:17:26 INF] 【直播间】23357926 的第 9 个心跳包发送成功
[02:17:27 INF] 【直播间】23040372 的第 9 个心跳包发送成功
[02:17:28 INF] 【直播间】31494 的第 9 个心跳包发送成功
[02:17:29 INF] 【直播间】4015781 的第 9 个心跳包发送成功
[02:17:31 INF] 【直播间】9619073 的第 9 个心跳包发送成功
[02:17:32 INF] 【直播间】407149 的第 9 个心跳包发送成功
[02:17:33 INF] 【直播间】7184632 的第 9 个心跳包发送成功
[02:17:34 INF] 【直播间】23447660 的第 9 个心跳包发送成功
[02:17:36 INF] 【直播间】929670 的第 9 个心跳包发送成功
[02:17:37 INF] 【直播间】11732699 的第 9 个心跳包发送成功
[02:17:38 INF] 【直播间】91164 的第 9 个心跳包发送成功
[02:17:39 INF] 【直播间】22764265 的第 9 个心跳包发送成功
[02:18:32 INF] 【直播间】23357926 的第 10 个心跳包发送成功
[02:18:33 INF] 【直播间】23040372 的第 10 个心跳包发送成功
[02:18:35 INF] 【直播间】31494 的第 10 个心跳包发送成功
[02:18:36 INF] 【直播间】4015781 的第 10 个心跳包发送成功
[02:18:37 INF] 【直播间】9619073 的第 10 个心跳包发送成功
[02:18:38 INF] 【直播间】407149 的第 10 个心跳包发送成功
[02:18:40 INF] 【直播间】7184632 的第 10 个心跳包发送成功
[02:18:41 INF] 【直播间】23447660 的第 10 个心跳包发送成功
[02:18:42 INF] 【直播间】929670 的第 10 个心跳包发送成功
[02:18:43 INF] 【直播间】11732699 的第 10 个心跳包发送成功
[02:18:45 INF] 【直播间】91164 的第 10 个心跳包发送成功
[02:18:46 INF] 【直播间】22764265 的第 10 个心跳包发送成功
[02:19:39 INF] 【直播间】23357926 的第 11 个心跳包发送成功
[02:19:41 INF] 【直播间】23040372 的第 11 个心跳包发送成功
[02:19:42 INF] 【直播间】31494 的第 11 个心跳包发送成功
[02:19:43 INF] 【直播间】4015781 的第 11 个心跳包发送成功
[02:19:44 INF] 【直播间】9619073 的第 11 个心跳包发送成功
[02:19:46 INF] 【直播间】407149 的第 11 个心跳包发送成功
[02:19:47 INF] 【直播间】7184632 的第 11 个心跳包发送成功
[02:19:48 INF] 【直播间】23447660 的第 11 个心跳包发送成功
[02:19:49 INF] 【直播间】929670 的第 11 个心跳包发送成功
[02:19:51 INF] 【直播间】11732699 的第 11 个心跳包发送成功
[02:19:52 INF] 【直播间】91164 的第 11 个心跳包发送成功
[02:19:53 INF] 【直播间】22764265 的第 11 个心跳包发送成功
[02:20:46 INF] 【直播间】23357926 的第 12 个心跳包发送成功
[02:20:47 INF] 【直播间】23040372 的第 12 个心跳包发送成功
[02:20:48 INF] 【直播间】31494 的第 12 个心跳包发送成功
[02:20:50 INF] 【直播间】4015781 的第 12 个心跳包发送成功
[02:20:51 INF] 【直播间】9619073 的第 12 个心跳包发送成功
[02:20:52 INF] 【直播间】407149 的第 12 个心跳包发送成功
[02:20:53 INF] 【直播间】7184632 的第 12 个心跳包发送成功
[02:20:55 INF] 【直播间】23447660 的第 12 个心跳包发送成功
[02:20:56 INF] 【直播间】929670 的第 12 个心跳包发送成功
[02:20:57 INF] 【直播间】11732699 的第 12 个心跳包发送成功
[02:20:58 INF] 【直播间】91164 的第 12 个心跳包发送成功
[02:21:00 INF] 【直播间】22764265 的第 12 个心跳包发送成功
[02:21:53 INF] 【直播间】23357926 的第 13 个心跳包发送成功
[02:21:54 INF] 【直播间】23040372 的第 13 个心跳包发送成功
[02:21:55 INF] 【直播间】31494 的第 13 个心跳包发送成功
[02:21:56 INF] 【直播间】4015781 的第 13 个心跳包发送成功
[02:21:58 INF] 【直播间】9619073 的第 13 个心跳包发送成功
[02:21:59 INF] 【直播间】407149 的第 13 个心跳包发送成功
[02:22:00 INF] 【直播间】7184632 的第 13 个心跳包发送成功
[02:22:01 INF] 【直播间】23447660 的第 13 个心跳包发送成功
[02:22:03 INF] 【直播间】929670 的第 13 个心跳包发送成功
[02:22:04 INF] 【直播间】11732699 的第 13 个心跳包发送成功
[02:22:05 INF] 【直播间】91164 的第 13 个心跳包发送成功
[02:22:07 INF] 【直播间】22764265 的第 13 个心跳包发送成功
[02:22:59 INF] 【直播间】23357926 的第 14 个心跳包发送成功
[02:23:00 INF] 【直播间】23040372 的第 14 个心跳包发送成功
[02:23:02 INF] 【直播间】31494 的第 14 个心跳包发送成功
[02:23:03 INF] 【直播间】4015781 的第 14 个心跳包发送成功
[02:23:04 INF] 【直播间】9619073 的第 14 个心跳包发送成功
[02:23:05 INF] 【直播间】407149 的第 14 个心跳包发送成功
[02:23:07 INF] 【直播间】7184632 的第 14 个心跳包发送成功
[02:23:08 INF] 【直播间】23447660 的第 14 个心跳包发送成功
[02:23:09 INF] 【直播间】929670 的第 14 个心跳包发送成功
[02:23:11 INF] 【直播间】11732699 的第 14 个心跳包发送成功
[02:23:12 INF] 【直播间】91164 的第 14 个心跳包发送成功
[02:23:13 INF] 【直播间】22764265 的第 14 个心跳包发送成功
[02:24:06 ERR] 【心跳包】直播间 23357926 发送失败
[02:24:06 ERR] 【原因】time check failed
[02:24:07 ERR] 【心跳包】直播间 23040372 发送失败
[02:24:07 ERR] 【原因】time check failed
[02:24:08 ERR] 【心跳包】直播间 31494 发送失败
[02:24:08 ERR] 【原因】time check failed
[02:24:09 ERR] 【心跳包】直播间 4015781 发送失败
[02:24:09 ERR] 【原因】time check failed
[02:24:11 ERR] 【心跳包】直播间 9619073 发送失败
[02:24:11 ERR] 【原因】time check failed
[02:24:12 ERR] 【心跳包】直播间 407149 发送失败
[02:24:12 ERR] 【原因】time check failed
[02:24:13 ERR] 【心跳包】直播间 7184632 发送失败
[02:24:13 ERR] 【原因】time check failed
[02:24:14 ERR] 【心跳包】直播间 23447660 发送失败
[02:24:14 ERR] 【原因】time check failed
[02:24:16 ERR] 【心跳包】直播间 929670 发送失败
[02:24:16 ERR] 【原因】time check failed
[02:24:17 ERR] 【心跳包】直播间 11732699 发送失败
[02:24:17 ERR] 【原因】time check failed
[02:24:18 ERR] 【心跳包】直播间 91164 发送失败
[02:24:18 ERR] 【原因】time check failed
[02:24:19 ERR] 【心跳包】直播间 22764265 发送失败
[02:24:19 ERR] 【原因】time check failed
[02:25:12 INF] 【直播间】23357926 的第 15 个心跳包发送成功
[02:25:13 INF] 【直播间】23040372 的第 15 个心跳包发送成功
[02:25:15 INF] 【直播间】31494 的第 15 个心跳包发送成功
[02:25:16 INF] 【直播间】4015781 的第 15 个心跳包发送成功
[02:25:17 INF] 【直播间】9619073 的第 15 个心跳包发送成功
[02:25:18 INF] 【直播间】407149 的第 15 个心跳包发送成功
[02:25:20 INF] 【直播间】7184632 的第 15 个心跳包发送成功
[02:25:21 INF] 【直播间】23447660 的第 15 个心跳包发送成功
[02:25:22 INF] 【直播间】929670 的第 15 个心跳包发送成功
[02:25:23 INF] 【直播间】11732699 的第 15 个心跳包发送成功
[02:25:25 INF] 【直播间】91164 的第 15 个心跳包发送成功
[02:25:26 INF] 【直播间】22764265 的第 15 个心跳包发送成功
[02:26:19 INF] 【直播间】23357926 的第 16 个心跳包发送成功
[02:26:20 INF] 【直播间】23040372 的第 16 个心跳包发送成功
[02:26:21 INF] 【直播间】31494 的第 16 个心跳包发送成功
[02:26:23 INF] 【直播间】4015781 的第 16 个心跳包发送成功
[02:26:24 INF] 【直播间】9619073 的第 16 个心跳包发送成功
[02:26:25 INF] 【直播间】407149 的第 16 个心跳包发送成功
[02:26:26 INF] 【直播间】7184632 的第 16 个心跳包发送成功
[02:26:28 INF] 【直播间】23447660 的第 16 个心跳包发送成功
[02:26:29 INF] 【直播间】929670 的第 16 个心跳包发送成功
[02:26:30 INF] 【直播间】11732699 的第 16 个心跳包发送成功
[02:26:31 INF] 【直播间】91164 的第 16 个心跳包发送成功
[02:26:33 INF] 【直播间】22764265 的第 16 个心跳包发送成功
[02:27:26 INF] 【直播间】23357926 的第 17 个心跳包发送成功
[02:27:27 INF] 【直播间】23040372 的第 17 个心跳包发送成功
[02:27:28 INF] 【直播间】31494 的第 17 个心跳包发送成功
[02:27:29 INF] 【直播间】4015781 的第 17 个心跳包发送成功
[02:27:31 INF] 【直播间】9619073 的第 17 个心跳包发送成功
[02:27:32 INF] 【直播间】407149 的第 17 个心跳包发送成功
[02:27:33 INF] 【直播间】7184632 的第 17 个心跳包发送成功
[02:27:34 INF] 【直播间】23447660 的第 17 个心跳包发送成功
[02:27:36 INF] 【直播间】929670 的第 17 个心跳包发送成功
[02:27:37 INF] 【直播间】11732699 的第 17 个心跳包发送成功
[02:27:38 INF] 【直播间】91164 的第 17 个心跳包发送成功
[02:27:39 INF] 【直播间】22764265 的第 17 个心跳包发送成功
[02:28:32 INF] 【直播间】23357926 的第 18 个心跳包发送成功
[02:28:33 INF] 【直播间】23040372 的第 18 个心跳包发送成功
[02:28:35 INF] 【直播间】31494 的第 18 个心跳包发送成功
[02:28:36 INF] 【直播间】4015781 的第 18 个心跳包发送成功
[02:28:37 INF] 【直播间】9619073 的第 18 个心跳包发送成功
[02:28:38 INF] 【直播间】407149 的第 18 个心跳包发送成功
[02:28:40 INF] 【直播间】7184632 的第 18 个心跳包发送成功
[02:28:41 INF] 【直播间】23447660 的第 18 个心跳包发送成功
[02:28:42 INF] 【直播间】929670 的第 18 个心跳包发送成功
[02:28:43 INF] 【直播间】11732699 的第 18 个心跳包发送成功
[02:28:45 INF] 【直播间】91164 的第 18 个心跳包发送成功
[02:28:46 INF] 【直播间】22764265 的第 18 个心跳包发送成功
[02:29:39 INF] 【直播间】23357926 的第 19 个心跳包发送成功
[02:29:40 INF] 【直播间】23040372 的第 19 个心跳包发送成功
[02:29:41 INF] 【直播间】31494 的第 19 个心跳包发送成功
[02:29:42 INF] 【直播间】4015781 的第 19 个心跳包发送成功
[02:29:44 INF] 【直播间】9619073 的第 19 个心跳包发送成功
[02:29:45 INF] 【直播间】407149 的第 19 个心跳包发送成功
[02:29:46 INF] 【直播间】7184632 的第 19 个心跳包发送成功
[02:29:48 INF] 【直播间】23447660 的第 19 个心跳包发送成功
[02:29:49 INF] 【直播间】929670 的第 19 个心跳包发送成功
[02:29:50 INF] 【直播间】11732699 的第 19 个心跳包发送成功
[02:29:51 INF] 【直播间】91164 的第 19 个心跳包发送成功
[02:29:53 INF] 【直播间】22764265 的第 19 个心跳包发送成功
[02:30:45 INF] 【直播间】23357926 的第 20 个心跳包发送成功
[02:30:46 INF] 【直播间】23040372 的第 20 个心跳包发送成功
[02:30:48 INF] 【直播间】31494 的第 20 个心跳包发送成功
[02:30:49 INF] 【直播间】4015781 的第 20 个心跳包发送成功
[02:30:50 INF] 【直播间】9619073 的第 20 个心跳包发送成功
[02:30:51 INF] 【直播间】407149 的第 20 个心跳包发送成功
[02:30:53 INF] 【直播间】7184632 的第 20 个心跳包发送成功
[02:30:54 INF] 【直播间】23447660 的第 20 个心跳包发送成功
[02:30:55 INF] 【直播间】929670 的第 20 个心跳包发送成功
[02:30:56 INF] 【直播间】11732699 的第 20 个心跳包发送成功
[02:30:58 INF] 【直播间】91164 的第 20 个心跳包发送成功
[02:30:59 INF] 【直播间】22764265 的第 20 个心跳包发送成功
[02:31:52 INF] 【直播间】23357926 的第 21 个心跳包发送成功
[02:31:53 INF] 【直播间】23040372 的第 21 个心跳包发送成功
[02:31:54 INF] 【直播间】31494 的第 21 个心跳包发送成功
[02:31:56 INF] 【直播间】4015781 的第 21 个心跳包发送成功
[02:31:57 INF] 【直播间】9619073 的第 21 个心跳包发送成功
[02:31:58 INF] 【直播间】407149 的第 21 个心跳包发送成功
[02:31:59 INF] 【直播间】7184632 的第 21 个心跳包发送成功
[02:32:01 INF] 【直播间】23447660 的第 21 个心跳包发送成功
[02:32:02 INF] 【直播间】929670 的第 21 个心跳包发送成功
[02:32:03 INF] 【直播间】11732699 的第 21 个心跳包发送成功
[02:32:05 INF] 【直播间】91164 的第 21 个心跳包发送成功
[02:32:06 INF] 【直播间】22764265 的第 21 个心跳包发送成功
[02:32:58 INF] 【直播间】23357926 的第 22 个心跳包发送成功
[02:33:00 INF] 【直播间】23040372 的第 22 个心跳包发送成功
[02:33:01 INF] 【直播间】31494 的第 22 个心跳包发送成功
[02:33:02 INF] 【直播间】4015781 的第 22 个心跳包发送成功
[02:33:03 INF] 【直播间】9619073 的第 22 个心跳包发送成功
[02:33:05 INF] 【直播间】407149 的第 22 个心跳包发送成功
[02:33:06 INF] 【直播间】7184632 的第 22 个心跳包发送成功
[02:33:07 INF] 【直播间】23447660 的第 22 个心跳包发送成功
[02:33:08 INF] 【直播间】929670 的第 22 个心跳包发送成功
[02:33:10 INF] 【直播间】11732699 的第 22 个心跳包发送成功
[02:33:11 INF] 【直播间】91164 的第 22 个心跳包发送成功
[02:33:13 INF] 【直播间】22764265 的第 22 个心跳包发送成功
[02:34:05 INF] 【直播间】23357926 的第 23 个心跳包发送成功
[02:34:06 INF] 【直播间】23040372 的第 23 个心跳包发送成功
[02:34:07 INF] 【直播间】31494 的第 23 个心跳包发送成功
[02:34:09 INF] 【直播间】4015781 的第 23 个心跳包发送成功
[02:34:10 INF] 【直播间】9619073 的第 23 个心跳包发送成功
[02:34:11 INF] 【直播间】407149 的第 23 个心跳包发送成功
[02:34:13 INF] 【直播间】7184632 的第 23 个心跳包发送成功
[02:34:14 INF] 【直播间】23447660 的第 23 个心跳包发送成功
[02:34:15 INF] 【直播间】929670 的第 23 个心跳包发送成功
[02:34:17 INF] 【直播间】11732699 的第 23 个心跳包发送成功
[02:34:18 INF] 【直播间】91164 的第 23 个心跳包发送成功
[02:34:19 INF] 【直播间】22764265 的第 23 个心跳包发送成功
[02:35:11 INF] 【直播间】23357926 的第 24 个心跳包发送成功
[02:35:13 INF] 【直播间】23040372 的第 24 个心跳包发送成功
[02:35:14 INF] 【直播间】31494 的第 24 个心跳包发送成功
[02:35:15 INF] 【直播间】4015781 的第 24 个心跳包发送成功
[02:35:16 INF] 【直播间】9619073 的第 24 个心跳包发送成功
[02:35:18 INF] 【直播间】407149 的第 24 个心跳包发送成功
[02:35:19 INF] 【直播间】7184632 的第 24 个心跳包发送成功
[02:35:20 INF] 【直播间】23447660 的第 24 个心跳包发送成功
[02:35:22 INF] 【直播间】929670 的第 24 个心跳包发送成功
[02:35:23 INF] 【直播间】11732699 的第 24 个心跳包发送成功
[02:35:24 INF] 【直播间】91164 的第 24 个心跳包发送成功
[02:35:25 INF] 【直播间】22764265 的第 24 个心跳包发送成功
[02:36:18 INF] 【直播间】23357926 的第 25 个心跳包发送成功
[02:36:19 INF] 【直播间】23040372 的第 25 个心跳包发送成功
[02:36:20 INF] 【直播间】31494 的第 25 个心跳包发送成功
[02:36:22 INF] 【直播间】4015781 的第 25 个心跳包发送成功
[02:36:23 INF] 【直播间】9619073 的第 25 个心跳包发送成功
[02:36:24 INF] 【直播间】407149 的第 25 个心跳包发送成功
[02:36:26 INF] 【直播间】7184632 的第 25 个心跳包发送成功
[02:36:27 INF] 【直播间】23447660 的第 25 个心跳包发送成功
[02:36:28 INF] 【直播间】929670 的第 25 个心跳包发送成功
[02:36:29 INF] 【直播间】11732699 的第 25 个心跳包发送成功
[02:36:31 INF] 【直播间】91164 的第 25 个心跳包发送成功
[02:36:32 INF] 【直播间】22764265 的第 25 个心跳包发送成功
[02:37:25 INF] 【直播间】23357926 的第 26 个心跳包发送成功
[02:37:26 INF] 【直播间】23040372 的第 26 个心跳包发送成功
[02:37:27 INF] 【直播间】31494 的第 26 个心跳包发送成功
[02:37:29 INF] 【直播间】4015781 的第 26 个心跳包发送成功
[02:37:30 INF] 【直播间】9619073 的第 26 个心跳包发送成功
[02:37:31 INF] 【直播间】407149 的第 26 个心跳包发送成功
[02:37:32 INF] 【直播间】7184632 的第 26 个心跳包发送成功
[02:37:34 INF] 【直播间】23447660 的第 26 个心跳包发送成功
[02:37:35 INF] 【直播间】929670 的第 26 个心跳包发送成功
[02:37:36 INF] 【直播间】11732699 的第 26 个心跳包发送成功
[02:37:37 INF] 【直播间】91164 的第 26 个心跳包发送成功
[02:37:39 INF] 【直播间】22764265 的第 26 个心跳包发送成功
[02:38:31 INF] 【直播间】23357926 的第 27 个心跳包发送成功
[02:38:32 INF] 【直播间】23040372 的第 27 个心跳包发送成功
[02:38:34 INF] 【直播间】31494 的第 27 个心跳包发送成功
[02:38:35 INF] 【直播间】4015781 的第 27 个心跳包发送成功
[02:38:36 INF] 【直播间】9619073 的第 27 个心跳包发送成功
[02:38:37 INF] 【直播间】407149 的第 27 个心跳包发送成功
[02:38:39 INF] 【直播间】7184632 的第 27 个心跳包发送成功
[02:38:40 INF] 【直播间】23447660 的第 27 个心跳包发送成功
[02:38:41 INF] 【直播间】929670 的第 27 个心跳包发送成功
[02:38:42 INF] 【直播间】11732699 的第 27 个心跳包发送成功
[02:38:44 INF] 【直播间】91164 的第 27 个心跳包发送成功
[02:38:45 INF] 【直播间】22764265 的第 27 个心跳包发送成功
[02:39:38 ERR] 【心跳包】直播间 23357926 发送失败
[02:39:38 ERR] 【原因】time check failed
[02:39:39 ERR] 【心跳包】直播间 23040372 发送失败
[02:39:39 ERR] 【原因】time check failed
[02:39:40 ERR] 【心跳包】直播间 31494 发送失败
[02:39:40 ERR] 【原因】time check failed
[02:39:41 ERR] 【心跳包】直播间 4015781 发送失败
[02:39:41 ERR] 【原因】time check failed
[02:39:43 ERR] 【心跳包】直播间 9619073 发送失败
[02:39:43 ERR] 【原因】time check failed
[02:39:44 ERR] 【心跳包】直播间 407149 发送失败
[02:39:44 ERR] 【原因】time check failed
[02:39:45 ERR] 【心跳包】直播间 7184632 发送失败
[02:39:45 ERR] 【原因】time check failed
[02:39:46 ERR] 【心跳包】直播间 23447660 发送失败
[02:39:46 ERR] 【原因】time check failed
[02:39:48 ERR] 【心跳包】直播间 929670 发送失败
[02:39:48 ERR] 【原因】time check failed
[02:39:49 ERR] 【心跳包】直播间 11732699 发送失败
[02:39:49 ERR] 【原因】time check failed
[02:39:50 ERR] 【心跳包】直播间 91164 发送失败
[02:39:50 ERR] 【原因】time check failed
[02:39:51 ERR] 【心跳包】直播间 22764265 发送失败
[02:39:51 ERR] 【原因】time check failed
[02:40:44 INF] 【直播间】23357926 的第 28 个心跳包发送成功
[02:40:46 INF] 【直播间】23040372 的第 28 个心跳包发送成功
[02:40:47 INF] 【直播间】31494 的第 28 个心跳包发送成功
[02:40:48 INF] 【直播间】4015781 的第 28 个心跳包发送成功
[02:40:49 INF] 【直播间】9619073 的第 28 个心跳包发送成功
[02:40:51 INF] 【直播间】407149 的第 28 个心跳包发送成功
[02:40:52 INF] 【直播间】7184632 的第 28 个心跳包发送成功
[02:40:53 INF] 【直播间】23447660 的第 28 个心跳包发送成功
[02:40:54 INF] 【直播间】929670 的第 28 个心跳包发送成功
[02:40:55 INF] 【直播间】11732699 的第 28 个心跳包发送成功
[02:40:57 INF] 【直播间】91164 的第 28 个心跳包发送成功
[02:40:58 INF] 【直播间】22764265 的第 28 个心跳包发送成功
[02:41:51 INF] 【直播间】23357926 的第 29 个心跳包发送成功
[02:41:52 INF] 【直播间】23040372 的第 29 个心跳包发送成功
[02:41:53 INF] 【直播间】31494 的第 29 个心跳包发送成功
[02:41:55 INF] 【直播间】4015781 的第 29 个心跳包发送成功
[02:41:56 INF] 【直播间】9619073 的第 29 个心跳包发送成功
[02:41:57 INF] 【直播间】407149 的第 29 个心跳包发送成功
[02:41:58 INF] 【直播间】7184632 的第 29 个心跳包发送成功
[02:42:00 INF] 【直播间】23447660 的第 29 个心跳包发送成功
[02:42:01 INF] 【直播间】929670 的第 29 个心跳包发送成功
[02:42:02 INF] 【直播间】11732699 的第 29 个心跳包发送成功
[02:42:03 INF] 【直播间】91164 的第 29 个心跳包发送成功
[02:42:05 INF] 【直播间】22764265 的第 29 个心跳包发送成功
[02:42:57 INF] 【直播间】23357926 的第 30 个心跳包发送成功
[02:42:59 INF] 【直播间】23040372 的第 30 个心跳包发送成功
[02:43:00 INF] 【直播间】31494 的第 30 个心跳包发送成功
[02:43:01 INF] 【直播间】4015781 的第 30 个心跳包发送成功
[02:43:02 INF] 【直播间】9619073 的第 30 个心跳包发送成功
[02:43:04 INF] 【直播间】407149 的第 30 个心跳包发送成功
[02:43:05 INF] 【直播间】7184632 的第 30 个心跳包发送成功
[02:43:06 INF] 【直播间】23447660 的第 30 个心跳包发送成功
[02:43:07 INF] 【直播间】929670 的第 30 个心跳包发送成功
[02:43:09 INF] 【直播间】11732699 的第 30 个心跳包发送成功
[02:43:10 INF] 【直播间】91164 的第 30 个心跳包发送成功
[02:43:11 INF] 【直播间】22764265 的第 30 个心跳包发送成功
[02:44:04 INF] 【直播间】23357926 的第 31 个心跳包发送成功
[02:44:05 INF] 【直播间】23040372 的第 31 个心跳包发送成功
[02:44:06 INF] 【直播间】31494 的第 31 个心跳包发送成功
[02:44:08 INF] 【直播间】4015781 的第 31 个心跳包发送成功
[02:44:09 INF] 【直播间】9619073 的第 31 个心跳包发送成功
[02:44:10 INF] 【直播间】407149 的第 31 个心跳包发送成功
[02:44:11 INF] 【直播间】7184632 的第 31 个心跳包发送成功
[02:44:13 INF] 【直播间】23447660 的第 31 个心跳包发送成功
[02:44:14 INF] 【直播间】929670 的第 31 个心跳包发送成功
[02:44:15 INF] 【直播间】11732699 的第 31 个心跳包发送成功
[02:44:16 INF] 【直播间】91164 的第 31 个心跳包发送成功
[02:44:18 INF] 【直播间】22764265 的第 31 个心跳包发送成功
[02:45:10 INF] 【直播间】23357926 的第 32 个心跳包发送成功
[02:45:12 INF] 【直播间】23040372 的第 32 个心跳包发送成功
[02:45:13 INF] 【直播间】31494 的第 32 个心跳包发送成功
[02:45:14 INF] 【直播间】4015781 的第 32 个心跳包发送成功
[02:45:15 INF] 【直播间】9619073 的第 32 个心跳包发送成功
[02:45:17 INF] 【直播间】407149 的第 32 个心跳包发送成功
[02:45:18 INF] 【直播间】7184632 的第 32 个心跳包发送成功
[02:45:19 INF] 【直播间】23447660 的第 32 个心跳包发送成功
[02:45:20 INF] 【直播间】929670 的第 32 个心跳包发送成功
[02:45:22 INF] 【直播间】11732699 的第 32 个心跳包发送成功
[02:45:23 INF] 【直播间】91164 的第 32 个心跳包发送成功
[02:45:24 INF] 【直播间】22764265 的第 32 个心跳包发送成功
[02:46:17 INF] 【直播间】23357926 的第 33 个心跳包发送成功
[02:46:18 INF] 【直播间】23040372 的第 33 个心跳包发送成功
[02:46:20 INF] 【直播间】31494 的第 33 个心跳包发送成功
[02:46:21 INF] 【直播间】4015781 的第 33 个心跳包发送成功
[02:46:23 INF] 【直播间】9619073 的第 33 个心跳包发送成功
[02:46:24 INF] 【直播间】407149 的第 33 个心跳包发送成功
[02:46:25 INF] 【直播间】7184632 的第 33 个心跳包发送成功
[02:46:26 INF] 【直播间】23447660 的第 33 个心跳包发送成功
[02:46:28 INF] 【直播间】929670 的第 33 个心跳包发送成功
[02:46:29 INF] 【直播间】11732699 的第 33 个心跳包发送成功
[02:46:30 INF] 【直播间】91164 的第 33 个心跳包发送成功
[02:46:31 INF] 【直播间】22764265 的第 33 个心跳包发送成功
[02:47:24 INF] 【直播间】23357926 的第 34 个心跳包发送成功
[02:47:25 INF] 【直播间】23040372 的第 34 个心跳包发送成功
[02:47:26 INF] 【直播间】31494 的第 34 个心跳包发送成功
[02:47:28 INF] 【直播间】4015781 的第 34 个心跳包发送成功
[02:47:29 INF] 【直播间】9619073 的第 34 个心跳包发送成功
[02:47:30 INF] 【直播间】407149 的第 34 个心跳包发送成功
[02:47:31 INF] 【直播间】7184632 的第 34 个心跳包发送成功
[02:47:33 INF] 【直播间】23447660 的第 34 个心跳包发送成功
[02:47:34 INF] 【直播间】929670 的第 34 个心跳包发送成功
[02:47:35 INF] 【直播间】11732699 的第 34 个心跳包发送成功
[02:47:36 INF] 【直播间】91164 的第 34 个心跳包发送成功
[02:47:38 INF] 【直播间】22764265 的第 34 个心跳包发送成功
[02:48:31 INF] 【直播间】23357926 的第 35 个心跳包发送成功
[02:48:32 INF] 【直播间】23040372 的第 35 个心跳包发送成功
[02:48:33 INF] 【直播间】31494 的第 35 个心跳包发送成功
[02:48:34 INF] 【直播间】4015781 的第 35 个心跳包发送成功
[02:48:36 INF] 【直播间】9619073 的第 35 个心跳包发送成功
[02:48:37 INF] 【直播间】407149 的第 35 个心跳包发送成功
[02:48:38 INF] 【直播间】7184632 的第 35 个心跳包发送成功
[02:48:39 INF] 【直播间】23447660 的第 35 个心跳包发送成功
[02:48:41 INF] 【直播间】929670 的第 35 个心跳包发送成功
[02:48:42 INF] 【直播间】11732699 的第 35 个心跳包发送成功
[02:48:43 INF] 【直播间】91164 的第 35 个心跳包发送成功
[02:48:44 INF] 【直播间】22764265 的第 35 个心跳包发送成功
[02:49:37 INF] 【直播间】23357926 的第 36 个心跳包发送成功
[02:49:38 INF] 【直播间】23040372 的第 36 个心跳包发送成功
[02:49:40 INF] 【直播间】31494 的第 36 个心跳包发送成功
[02:49:41 INF] 【直播间】4015781 的第 36 个心跳包发送成功
[02:49:42 INF] 【直播间】9619073 的第 36 个心跳包发送成功
[02:49:43 INF] 【直播间】407149 的第 36 个心跳包发送成功
[02:49:45 INF] 【直播间】7184632 的第 36 个心跳包发送成功
[02:49:46 INF] 【直播间】23447660 的第 36 个心跳包发送成功
[02:49:47 INF] 【直播间】929670 的第 36 个心跳包发送成功
[02:49:49 INF] 【直播间】11732699 的第 36 个心跳包发送成功
[02:49:50 INF] 【直播间】91164 的第 36 个心跳包发送成功
[02:49:51 INF] 【直播间】22764265 的第 36 个心跳包发送成功
[02:50:44 INF] 【直播间】23357926 的第 37 个心跳包发送成功
[02:50:45 INF] 【直播间】23040372 的第 37 个心跳包发送成功
[02:50:46 INF] 【直播间】31494 的第 37 个心跳包发送成功
[02:50:48 INF] 【直播间】4015781 的第 37 个心跳包发送成功
[02:50:49 INF] 【直播间】9619073 的第 37 个心跳包发送成功
[02:50:50 INF] 【直播间】407149 的第 37 个心跳包发送成功
[02:50:51 INF] 【直播间】7184632 的第 37 个心跳包发送成功
[02:50:53 INF] 【直播间】23447660 的第 37 个心跳包发送成功
[02:50:54 INF] 【直播间】929670 的第 37 个心跳包发送成功
[02:50:55 INF] 【直播间】11732699 的第 37 个心跳包发送成功
[02:50:56 INF] 【直播间】91164 的第 37 个心跳包发送成功
[02:50:58 INF] 【直播间】22764265 的第 37 个心跳包发送成功
[02:51:51 INF] 【直播间】23357926 的第 38 个心跳包发送成功
[02:51:52 INF] 【直播间】23040372 的第 38 个心跳包发送成功
[02:51:53 INF] 【直播间】31494 的第 38 个心跳包发送成功
[02:51:55 INF] 【直播间】4015781 的第 38 个心跳包发送成功
[02:51:56 INF] 【直播间】9619073 的第 38 个心跳包发送成功
[02:51:57 INF] 【直播间】407149 的第 38 个心跳包发送成功
[02:51:58 INF] 【直播间】7184632 的第 38 个心跳包发送成功
[02:52:00 INF] 【直播间】23447660 的第 38 个心跳包发送成功
[02:52:01 INF] 【直播间】929670 的第 38 个心跳包发送成功
[02:52:02 INF] 【直播间】11732699 的第 38 个心跳包发送成功
[02:52:03 INF] 【直播间】91164 的第 38 个心跳包发送成功
[02:52:05 INF] 【直播间】22764265 的第 38 个心跳包发送成功
[02:52:57 INF] 【直播间】23357926 的第 39 个心跳包发送成功
[02:52:58 INF] 【直播间】23040372 的第 39 个心跳包发送成功
[02:53:00 INF] 【直播间】31494 的第 39 个心跳包发送成功
[02:53:01 INF] 【直播间】4015781 的第 39 个心跳包发送成功
[02:53:02 INF] 【直播间】9619073 的第 39 个心跳包发送成功
[02:53:03 INF] 【直播间】407149 的第 39 个心跳包发送成功
[02:53:05 INF] 【直播间】7184632 的第 39 个心跳包发送成功
[02:53:06 INF] 【直播间】23447660 的第 39 个心跳包发送成功
[02:53:07 INF] 【直播间】929670 的第 39 个心跳包发送成功
[02:53:08 INF] 【直播间】11732699 的第 39 个心跳包发送成功
[02:53:10 INF] 【直播间】91164 的第 39 个心跳包发送成功
[02:53:11 INF] 【直播间】22764265 的第 39 个心跳包发送成功
[02:54:04 INF] 【直播间】23357926 的第 40 个心跳包发送成功
[02:54:05 INF] 【直播间】23040372 的第 40 个心跳包发送成功
[02:54:06 INF] 【直播间】31494 的第 40 个心跳包发送成功
[02:54:08 INF] 【直播间】4015781 的第 40 个心跳包发送成功
[02:54:09 INF] 【直播间】9619073 的第 40 个心跳包发送成功
[02:54:10 INF] 【直播间】407149 的第 40 个心跳包发送成功
[02:54:11 INF] 【直播间】7184632 的第 40 个心跳包发送成功
[02:54:13 INF] 【直播间】23447660 的第 40 个心跳包发送成功
[02:54:14 INF] 【直播间】929670 的第 40 个心跳包发送成功
[02:54:15 INF] 【直播间】11732699 的第 40 个心跳包发送成功
[02:54:16 INF] 【直播间】91164 的第 40 个心跳包发送成功
[02:54:18 INF] 【直播间】22764265 的第 40 个心跳包发送成功
[02:55:10 ERR] 【心跳包】直播间 23357926 发送失败
[02:55:10 ERR] 【原因】time check failed
[02:55:12 ERR] 【心跳包】直播间 23040372 发送失败
[02:55:12 ERR] 【原因】time check failed
[02:55:13 ERR] 【心跳包】直播间 31494 发送失败
[02:55:13 ERR] 【原因】time check failed
[02:55:14 ERR] 【心跳包】直播间 4015781 发送失败
[02:55:14 ERR] 【原因】time check failed
[02:55:15 ERR] 【心跳包】直播间 9619073 发送失败
[02:55:15 ERR] 【原因】time check failed
[02:55:17 ERR] 【心跳包】直播间 407149 发送失败
[02:55:17 ERR] 【原因】time check failed
[02:55:18 ERR] 【心跳包】直播间 7184632 发送失败
[02:55:18 ERR] 【原因】time check failed
[02:55:19 ERR] 【心跳包】直播间 23447660 发送失败
[02:55:19 ERR] 【原因】time check failed
[02:55:20 ERR] 【心跳包】直播间 929670 发送失败
[02:55:20 ERR] 【原因】time check failed
[02:55:22 ERR] 【心跳包】直播间 11732699 发送失败
[02:55:22 ERR] 【原因】time check failed
[02:55:23 ERR] 【心跳包】直播间 91164 发送失败
[02:55:23 ERR] 【原因】time check failed
[02:55:24 ERR] 【心跳包】直播间 22764265 发送失败
[02:55:24 ERR] 【原因】time check failed
[02:56:17 INF] 【直播间】23357926 的第 41 个心跳包发送成功
[02:56:18 INF] 【直播间】23040372 的第 41 个心跳包发送成功
[02:56:20 INF] 【直播间】31494 的第 41 个心跳包发送成功
[02:56:21 INF] 【直播间】4015781 的第 41 个心跳包发送成功
[02:56:22 INF] 【直播间】9619073 的第 41 个心跳包发送成功
[02:56:23 INF] 【直播间】407149 的第 41 个心跳包发送成功
[02:56:25 INF] 【直播间】7184632 的第 41 个心跳包发送成功
[02:56:26 INF] 【直播间】23447660 的第 41 个心跳包发送成功
[02:56:27 INF] 【直播间】929670 的第 41 个心跳包发送成功
[02:56:29 INF] 【直播间】11732699 的第 41 个心跳包发送成功
[02:56:30 INF] 【直播间】91164 的第 41 个心跳包发送成功
[02:56:31 INF] 【直播间】22764265 的第 41 个心跳包发送成功
[02:57:24 INF] 【直播间】23357926 的第 42 个心跳包发送成功
[02:57:25 INF] 【直播间】23040372 的第 42 个心跳包发送成功
[02:57:26 INF] 【直播间】31494 的第 42 个心跳包发送成功
[02:57:28 INF] 【直播间】4015781 的第 42 个心跳包发送成功
[02:57:29 INF] 【直播间】9619073 的第 42 个心跳包发送成功
[02:57:30 INF] 【直播间】407149 的第 42 个心跳包发送成功
[02:57:31 INF] 【直播间】7184632 的第 42 个心跳包发送成功
[02:57:33 INF] 【直播间】23447660 的第 42 个心跳包发送成功
[02:57:34 INF] 【直播间】929670 的第 42 个心跳包发送成功
[02:57:35 INF] 【直播间】11732699 的第 42 个心跳包发送成功
[02:57:36 INF] 【直播间】91164 的第 42 个心跳包发送成功
[02:57:38 INF] 【直播间】22764265 的第 42 个心跳包发送成功
[02:58:31 INF] 【直播间】23357926 的第 43 个心跳包发送成功
[02:58:32 INF] 【直播间】23040372 的第 43 个心跳包发送成功
[02:58:33 INF] 【直播间】31494 的第 43 个心跳包发送成功
[02:58:34 INF] 【直播间】4015781 的第 43 个心跳包发送成功
[02:58:36 INF] 【直播间】9619073 的第 43 个心跳包发送成功
[02:58:37 INF] 【直播间】407149 的第 43 个心跳包发送成功
[02:58:38 INF] 【直播间】7184632 的第 43 个心跳包发送成功
[02:58:39 INF] 【直播间】23447660 的第 43 个心跳包发送成功
[02:58:41 INF] 【直播间】929670 的第 43 个心跳包发送成功
[02:58:42 INF] 【直播间】11732699 的第 43 个心跳包发送成功
[02:58:43 INF] 【直播间】91164 的第 43 个心跳包发送成功
[02:58:44 INF] 【直播间】22764265 的第 43 个心跳包发送成功
[02:59:37 INF] 【直播间】23357926 的第 44 个心跳包发送成功
[02:59:38 INF] 【直播间】23040372 的第 44 个心跳包发送成功
[02:59:40 INF] 【直播间】31494 的第 44 个心跳包发送成功
[02:59:41 INF] 【直播间】4015781 的第 44 个心跳包发送成功
[02:59:43 INF] 【直播间】9619073 的第 44 个心跳包发送成功
[02:59:44 INF] 【直播间】407149 的第 44 个心跳包发送成功
[02:59:45 INF] 【直播间】7184632 的第 44 个心跳包发送成功
[02:59:46 INF] 【直播间】23447660 的第 44 个心跳包发送成功
[02:59:48 INF] 【直播间】929670 的第 44 个心跳包发送成功
[02:59:49 INF] 【直播间】11732699 的第 44 个心跳包发送成功
[02:59:50 INF] 【直播间】91164 的第 44 个心跳包发送成功
[02:59:51 INF] 【直播间】22764265 的第 44 个心跳包发送成功
[03:00:44 INF] 【直播间】23357926 的第 45 个心跳包发送成功
[03:00:45 INF] 【直播间】23040372 的第 45 个心跳包发送成功
[03:00:46 INF] 【直播间】31494 的第 45 个心跳包发送成功
[03:00:47 INF] 【直播间】4015781 的第 45 个心跳包发送成功
[03:00:49 INF] 【直播间】9619073 的第 45 个心跳包发送成功
[03:00:50 INF] 【直播间】407149 的第 45 个心跳包发送成功
[03:00:51 INF] 【直播间】7184632 的第 45 个心跳包发送成功
[03:00:53 INF] 【直播间】23447660 的第 45 个心跳包发送成功
[03:00:54 INF] 【直播间】929670 的第 45 个心跳包发送成功
[03:00:55 INF] 【直播间】11732699 的第 45 个心跳包发送成功
[03:00:57 INF] 【直播间】91164 的第 45 个心跳包发送成功
[03:00:58 INF] 【直播间】22764265 的第 45 个心跳包发送成功
[03:01:50 INF] 【直播间】23357926 的第 46 个心跳包发送成功
[03:01:52 INF] 【直播间】23040372 的第 46 个心跳包发送成功
[03:01:53 INF] 【直播间】31494 的第 46 个心跳包发送成功
[03:01:54 INF] 【直播间】4015781 的第 46 个心跳包发送成功
[03:01:55 INF] 【直播间】9619073 的第 46 个心跳包发送成功
[03:01:57 INF] 【直播间】407149 的第 46 个心跳包发送成功
[03:01:58 INF] 【直播间】7184632 的第 46 个心跳包发送成功
[03:01:59 INF] 【直播间】23447660 的第 46 个心跳包发送成功
[03:02:01 INF] 【直播间】929670 的第 46 个心跳包发送成功
[03:02:02 INF] 【直播间】11732699 的第 46 个心跳包发送成功
[03:02:03 INF] 【直播间】91164 的第 46 个心跳包发送成功
[03:02:04 INF] 【直播间】22764265 的第 46 个心跳包发送成功
[03:02:57 INF] 【直播间】23357926 的第 47 个心跳包发送成功
[03:02:58 INF] 【直播间】23040372 的第 47 个心跳包发送成功
[03:03:00 INF] 【直播间】31494 的第 47 个心跳包发送成功
[03:03:01 INF] 【直播间】4015781 的第 47 个心跳包发送成功
[03:03:02 INF] 【直播间】9619073 的第 47 个心跳包发送成功
[03:03:03 INF] 【直播间】407149 的第 47 个心跳包发送成功
[03:03:05 INF] 【直播间】7184632 的第 47 个心跳包发送成功
[03:03:06 INF] 【直播间】23447660 的第 47 个心跳包发送成功
[03:03:07 INF] 【直播间】929670 的第 47 个心跳包发送成功
[03:03:08 INF] 【直播间】11732699 的第 47 个心跳包发送成功
[03:03:10 INF] 【直播间】91164 的第 47 个心跳包发送成功
[03:03:11 INF] 【直播间】22764265 的第 47 个心跳包发送成功
[03:04:04 INF] 【直播间】23357926 的第 48 个心跳包发送成功
[03:04:05 INF] 【直播间】23040372 的第 48 个心跳包发送成功
[03:04:06 INF] 【直播间】31494 的第 48 个心跳包发送成功
[03:04:07 INF] 【直播间】4015781 的第 48 个心跳包发送成功
[03:04:09 INF] 【直播间】9619073 的第 48 个心跳包发送成功
[03:04:10 INF] 【直播间】407149 的第 48 个心跳包发送成功
[03:04:11 INF] 【直播间】7184632 的第 48 个心跳包发送成功
[03:04:13 INF] 【直播间】23447660 的第 48 个心跳包发送成功
[03:04:14 INF] 【直播间】929670 的第 48 个心跳包发送成功
[03:04:15 INF] 【直播间】11732699 的第 48 个心跳包发送成功
[03:04:16 INF] 【直播间】91164 的第 48 个心跳包发送成功
[03:04:18 INF] 【直播间】22764265 的第 48 个心跳包发送成功
[03:05:10 INF] 【直播间】23357926 的第 49 个心跳包发送成功
[03:05:12 INF] 【直播间】23040372 的第 49 个心跳包发送成功
[03:05:13 INF] 【直播间】31494 的第 49 个心跳包发送成功
[03:05:14 INF] 【直播间】4015781 的第 49 个心跳包发送成功
[03:05:15 INF] 【直播间】9619073 的第 49 个心跳包发送成功
[03:05:17 INF] 【直播间】407149 的第 49 个心跳包发送成功
[03:05:18 INF] 【直播间】7184632 的第 49 个心跳包发送成功
[03:05:19 INF] 【直播间】23447660 的第 49 个心跳包发送成功
[03:05:20 INF] 【直播间】929670 的第 49 个心跳包发送成功
[03:05:22 INF] 【直播间】11732699 的第 49 个心跳包发送成功
[03:05:23 INF] 【直播间】91164 的第 49 个心跳包发送成功
[03:05:24 INF] 【直播间】22764265 的第 49 个心跳包发送成功
[03:06:17 INF] 【直播间】23357926 的第 50 个心跳包发送成功
[03:06:18 INF] 【直播间】23040372 的第 50 个心跳包发送成功
[03:06:19 INF] 【直播间】31494 的第 50 个心跳包发送成功
[03:06:21 INF] 【直播间】4015781 的第 50 个心跳包发送成功
[03:06:22 INF] 【直播间】9619073 的第 50 个心跳包发送成功
[03:06:23 INF] 【直播间】407149 的第 50 个心跳包发送成功
[03:06:24 INF] 【直播间】7184632 的第 50 个心跳包发送成功
[03:06:26 INF] 【直播间】23447660 的第 50 个心跳包发送成功
[03:06:27 INF] 【直播间】929670 的第 50 个心跳包发送成功
[03:06:28 INF] 【直播间】11732699 的第 50 个心跳包发送成功
[03:06:30 INF] 【直播间】91164 的第 50 个心跳包发送成功
[03:06:31 INF] 【直播间】22764265 的第 50 个心跳包发送成功
[03:07:23 INF] 【直播间】23357926 的第 51 个心跳包发送成功
[03:07:25 INF] 【直播间】23040372 的第 51 个心跳包发送成功
[03:07:26 INF] 【直播间】31494 的第 51 个心跳包发送成功
[03:07:27 INF] 【直播间】4015781 的第 51 个心跳包发送成功
[03:07:28 INF] 【直播间】9619073 的第 51 个心跳包发送成功
[03:07:30 INF] 【直播间】407149 的第 51 个心跳包发送成功
[03:07:31 INF] 【直播间】7184632 的第 51 个心跳包发送成功
[03:07:32 INF] 【直播间】23447660 的第 51 个心跳包发送成功
[03:07:33 INF] 【直播间】929670 的第 51 个心跳包发送成功
[03:07:35 INF] 【直播间】11732699 的第 51 个心跳包发送成功
[03:07:36 INF] 【直播间】91164 的第 51 个心跳包发送成功
[03:07:37 INF] 【直播间】22764265 的第 51 个心跳包发送成功
[03:08:30 INF] 【直播间】23357926 的第 52 个心跳包发送成功
[03:08:31 INF] 【直播间】23040372 的第 52 个心跳包发送成功
[03:08:33 INF] 【直播间】31494 的第 52 个心跳包发送成功
[03:08:34 INF] 【直播间】4015781 的第 52 个心跳包发送成功
[03:08:35 INF] 【直播间】9619073 的第 52 个心跳包发送成功
[03:08:36 INF] 【直播间】407149 的第 52 个心跳包发送成功
[03:08:38 INF] 【直播间】7184632 的第 52 个心跳包发送成功
[03:08:39 INF] 【直播间】23447660 的第 52 个心跳包发送成功
[03:08:40 INF] 【直播间】929670 的第 52 个心跳包发送成功
[03:08:41 INF] 【直播间】11732699 的第 52 个心跳包发送成功
[03:08:43 INF] 【直播间】91164 的第 52 个心跳包发送成功
[03:08:44 INF] 【直播间】22764265 的第 52 个心跳包发送成功
[03:09:37 INF] 【直播间】23357926 的第 53 个心跳包发送成功
[03:09:38 INF] 【直播间】23040372 的第 53 个心跳包发送成功
[03:09:39 INF] 【直播间】31494 的第 53 个心跳包发送成功
[03:09:40 INF] 【直播间】4015781 的第 53 个心跳包发送成功
[03:09:42 INF] 【直播间】9619073 的第 53 个心跳包发送成功
[03:09:43 INF] 【直播间】407149 的第 53 个心跳包发送成功
[03:09:44 INF] 【直播间】7184632 的第 53 个心跳包发送成功
[03:09:45 INF] 【直播间】23447660 的第 53 个心跳包发送成功
[03:09:47 INF] 【直播间】929670 的第 53 个心跳包发送成功
[03:09:48 INF] 【直播间】11732699 的第 53 个心跳包发送成功
[03:09:49 INF] 【直播间】91164 的第 53 个心跳包发送成功
[03:09:50 INF] 【直播间】22764265 的第 53 个心跳包发送成功
[03:10:43 ERR] 【心跳包】直播间 23357926 发送失败
[03:10:43 ERR] 【原因】time check failed
[03:10:44 ERR] 【心跳包】直播间 23040372 发送失败
[03:10:44 ERR] 【原因】time check failed
[03:10:46 ERR] 【心跳包】直播间 31494 发送失败
[03:10:46 ERR] 【原因】time check failed
[03:10:47 ERR] 【心跳包】直播间 4015781 发送失败
[03:10:47 ERR] 【原因】time check failed
[03:10:48 ERR] 【心跳包】直播间 9619073 发送失败
[03:10:48 ERR] 【原因】time check failed
[03:10:49 ERR] 【心跳包】直播间 407149 发送失败
[03:10:49 ERR] 【原因】time check failed
[03:10:51 ERR] 【心跳包】直播间 7184632 发送失败
[03:10:51 ERR] 【原因】time check failed
[03:10:52 ERR] 【心跳包】直播间 23447660 发送失败
[03:10:52 ERR] 【原因】time check failed
[03:10:53 ERR] 【心跳包】直播间 929670 发送失败
[03:10:53 ERR] 【原因】time check failed
[03:10:55 ERR] 【心跳包】直播间 11732699 发送失败
[03:10:55 ERR] 【原因】time check failed
[03:10:56 ERR] 【心跳包】直播间 91164 发送失败
[03:10:56 ERR] 【原因】time check failed
[03:10:57 ERR] 【心跳包】直播间 22764265 发送失败
[03:10:57 ERR] 【原因】time check failed
[03:11:50 INF] 【直播间】23357926 的第 54 个心跳包发送成功
[03:11:51 INF] 【直播间】23040372 的第 54 个心跳包发送成功
[03:11:52 INF] 【直播间】31494 的第 54 个心跳包发送成功
[03:11:54 INF] 【直播间】4015781 的第 54 个心跳包发送成功
[03:11:55 INF] 【直播间】9619073 的第 54 个心跳包发送成功
[03:11:56 INF] 【直播间】407149 的第 54 个心跳包发送成功
[03:11:57 INF] 【直播间】7184632 的第 54 个心跳包发送成功
[03:11:59 INF] 【直播间】23447660 的第 54 个心跳包发送成功
[03:12:00 INF] 【直播间】929670 的第 54 个心跳包发送成功
[03:12:01 INF] 【直播间】11732699 的第 54 个心跳包发送成功
[03:12:02 INF] 【直播间】91164 的第 54 个心跳包发送成功
[03:12:04 INF] 【直播间】22764265 的第 54 个心跳包发送成功
[03:12:56 INF] 【直播间】23357926 的第 55 个心跳包发送成功
[03:12:57 INF] 【直播间】23040372 的第 55 个心跳包发送成功
[03:12:59 INF] 【直播间】31494 的第 55 个心跳包发送成功
[03:13:00 INF] 【直播间】4015781 的第 55 个心跳包发送成功
[03:13:01 INF] 【直播间】9619073 的第 55 个心跳包发送成功
[03:13:02 INF] 【直播间】407149 的第 55 个心跳包发送成功
[03:13:04 INF] 【直播间】7184632 的第 55 个心跳包发送成功
[03:13:05 INF] 【直播间】23447660 的第 55 个心跳包发送成功
[03:13:06 INF] 【直播间】929670 的第 55 个心跳包发送成功
[03:13:07 INF] 【直播间】11732699 的第 55 个心跳包发送成功
[03:13:09 INF] 【直播间】91164 的第 55 个心跳包发送成功
[03:13:10 INF] 【直播间】22764265 的第 55 个心跳包发送成功
[03:14:03 INF] 【直播间】23357926 的第 56 个心跳包发送成功
[03:14:04 INF] 【直播间】23040372 的第 56 个心跳包发送成功
[03:14:05 INF] 【直播间】31494 的第 56 个心跳包发送成功
[03:14:07 INF] 【直播间】4015781 的第 56 个心跳包发送成功
[03:14:08 INF] 【直播间】9619073 的第 56 个心跳包发送成功
[03:14:09 INF] 【直播间】407149 的第 56 个心跳包发送成功
[03:14:11 INF] 【直播间】7184632 的第 56 个心跳包发送成功
[03:14:12 INF] 【直播间】23447660 的第 56 个心跳包发送成功
[03:14:13 INF] 【直播间】929670 的第 56 个心跳包发送成功
[03:14:14 INF] 【直播间】11732699 的第 56 个心跳包发送成功
[03:14:16 INF] 【直播间】91164 的第 56 个心跳包发送成功
[03:14:17 INF] 【直播间】22764265 的第 56 个心跳包发送成功
[03:15:09 INF] 【直播间】23357926 的第 57 个心跳包发送成功
[03:15:11 INF] 【直播间】23040372 的第 57 个心跳包发送成功
[03:15:12 INF] 【直播间】31494 的第 57 个心跳包发送成功
[03:15:13 INF] 【直播间】4015781 的第 57 个心跳包发送成功
[03:15:15 INF] 【直播间】9619073 的第 57 个心跳包发送成功
[03:15:16 INF] 【直播间】407149 的第 57 个心跳包发送成功
[03:15:17 INF] 【直播间】7184632 的第 57 个心跳包发送成功
[03:15:18 INF] 【直播间】23447660 的第 57 个心跳包发送成功
[03:15:20 INF] 【直播间】929670 的第 57 个心跳包发送成功
[03:15:21 INF] 【直播间】11732699 的第 57 个心跳包发送成功
[03:15:22 INF] 【直播间】91164 的第 57 个心跳包发送成功
[03:15:23 INF] 【直播间】22764265 的第 57 个心跳包发送成功
[03:16:16 INF] 【直播间】23357926 的第 58 个心跳包发送成功
[03:16:17 INF] 【直播间】23040372 的第 58 个心跳包发送成功
[03:16:19 INF] 【直播间】31494 的第 58 个心跳包发送成功
[03:16:20 INF] 【直播间】4015781 的第 58 个心跳包发送成功
[03:16:21 INF] 【直播间】9619073 的第 58 个心跳包发送成功
[03:16:22 INF] 【直播间】407149 的第 58 个心跳包发送成功
[03:16:24 INF] 【直播间】7184632 的第 58 个心跳包发送成功
[03:16:25 INF] 【直播间】23447660 的第 58 个心跳包发送成功
[03:16:26 INF] 【直播间】929670 的第 58 个心跳包发送成功
[03:16:27 INF] 【直播间】11732699 的第 58 个心跳包发送成功
[03:16:29 INF] 【直播间】91164 的第 58 个心跳包发送成功
[03:16:30 INF] 【直播间】22764265 的第 58 个心跳包发送成功
[03:17:23 INF] 【直播间】23357926 的第 59 个心跳包发送成功
[03:17:24 INF] 【直播间】23040372 的第 59 个心跳包发送成功
[03:17:25 INF] 【直播间】31494 的第 59 个心跳包发送成功
[03:17:26 INF] 【直播间】4015781 的第 59 个心跳包发送成功
[03:17:28 INF] 【直播间】9619073 的第 59 个心跳包发送成功
[03:17:29 INF] 【直播间】407149 的第 59 个心跳包发送成功
[03:17:30 INF] 【直播间】7184632 的第 59 个心跳包发送成功
[03:17:31 INF] 【直播间】23447660 的第 59 个心跳包发送成功
[03:17:33 INF] 【直播间】929670 的第 59 个心跳包发送成功
[03:17:34 INF] 【直播间】11732699 的第 59 个心跳包发送成功
[03:17:35 INF] 【直播间】91164 的第 59 个心跳包发送成功
[03:17:37 INF] 【直播间】22764265 的第 59 个心跳包发送成功
[03:18:29 INF] 【直播间】23357926 的第 60 个心跳包发送成功
[03:18:30 INF] 【直播间】23040372 的第 60 个心跳包发送成功
[03:18:32 INF] 【直播间】31494 的第 60 个心跳包发送成功
[03:18:33 INF] 【直播间】4015781 的第 60 个心跳包发送成功
[03:18:34 INF] 【直播间】9619073 的第 60 个心跳包发送成功
[03:18:35 INF] 【直播间】407149 的第 60 个心跳包发送成功
[03:18:37 INF] 【直播间】7184632 的第 60 个心跳包发送成功
[03:18:38 INF] 【直播间】23447660 的第 60 个心跳包发送成功
[03:18:39 INF] 【直播间】929670 的第 60 个心跳包发送成功
[03:18:40 INF] 【直播间】11732699 的第 60 个心跳包发送成功
[03:18:42 INF] 【直播间】91164 的第 60 个心跳包发送成功
[03:18:43 INF] 【直播间】22764265 的第 60 个心跳包发送成功
[03:19:36 INF] 【直播间】23357926 的第 61 个心跳包发送成功
[03:19:37 INF] 【直播间】23040372 的第 61 个心跳包发送成功
[03:19:38 INF] 【直播间】31494 的第 61 个心跳包发送成功
[03:19:39 INF] 【直播间】4015781 的第 61 个心跳包发送成功
[03:19:41 INF] 【直播间】9619073 的第 61 个心跳包发送成功
[03:19:42 INF] 【直播间】407149 的第 61 个心跳包发送成功
[03:19:43 INF] 【直播间】7184632 的第 61 个心跳包发送成功
[03:19:44 INF] 【直播间】23447660 的第 61 个心跳包发送成功
[03:19:46 INF] 【直播间】929670 的第 61 个心跳包发送成功
[03:19:47 INF] 【直播间】11732699 的第 61 个心跳包发送成功
[03:19:48 INF] 【直播间】91164 的第 61 个心跳包发送成功
[03:19:49 INF] 【直播间】22764265 的第 61 个心跳包发送成功
[03:20:42 INF] 【直播间】23357926 的第 62 个心跳包发送成功
[03:20:43 INF] 【直播间】23040372 的第 62 个心跳包发送成功
[03:20:45 INF] 【直播间】31494 的第 62 个心跳包发送成功
[03:20:46 INF] 【直播间】4015781 的第 62 个心跳包发送成功
[03:20:47 INF] 【直播间】9619073 的第 62 个心跳包发送成功
[03:20:48 INF] 【直播间】407149 的第 62 个心跳包发送成功
[03:20:50 INF] 【直播间】7184632 的第 62 个心跳包发送成功
[03:20:51 INF] 【直播间】23447660 的第 62 个心跳包发送成功
[03:20:52 INF] 【直播间】929670 的第 62 个心跳包发送成功
[03:20:53 INF] 【直播间】11732699 的第 62 个心跳包发送成功
[03:20:55 INF] 【直播间】91164 的第 62 个心跳包发送成功
[03:20:56 INF] 【直播间】22764265 的第 62 个心跳包发送成功
[03:21:49 INF] 【直播间】23357926 的第 63 个心跳包发送成功
[03:21:50 INF] 【直播间】23040372 的第 63 个心跳包发送成功
[03:21:52 INF] 【直播间】31494 的第 63 个心跳包发送成功
[03:21:53 INF] 【直播间】4015781 的第 63 个心跳包发送成功
[03:21:54 INF] 【直播间】9619073 的第 63 个心跳包发送成功
[03:21:56 INF] 【直播间】407149 的第 63 个心跳包发送成功
[03:21:57 INF] 【直播间】7184632 的第 63 个心跳包发送成功
[03:21:58 INF] 【直播间】23447660 的第 63 个心跳包发送成功
[03:21:59 INF] 【直播间】929670 的第 63 个心跳包发送成功
[03:22:01 INF] 【直播间】11732699 的第 63 个心跳包发送成功
[03:22:02 INF] 【直播间】91164 的第 63 个心跳包发送成功
[03:22:03 INF] 【直播间】22764265 的第 63 个心跳包发送成功
[03:22:56 INF] 【直播间】23357926 的第 64 个心跳包发送成功
[03:22:57 INF] 【直播间】23040372 的第 64 个心跳包发送成功
[03:22:58 INF] 【直播间】31494 的第 64 个心跳包发送成功
[03:22:59 INF] 【直播间】4015781 的第 64 个心跳包发送成功
[03:23:01 INF] 【直播间】9619073 的第 64 个心跳包发送成功
[03:23:02 INF] 【直播间】407149 的第 64 个心跳包发送成功
[03:23:03 INF] 【直播间】7184632 的第 64 个心跳包发送成功
[03:23:04 INF] 【直播间】23447660 的第 64 个心跳包发送成功
[03:23:06 INF] 【直播间】929670 的第 64 个心跳包发送成功
[03:23:07 INF] 【直播间】11732699 的第 64 个心跳包发送成功
[03:23:08 INF] 【直播间】91164 的第 64 个心跳包发送成功
[03:23:10 INF] 【直播间】22764265 的第 64 个心跳包发送成功
[03:24:02 INF] 【直播间】23357926 的第 65 个心跳包发送成功
[03:24:03 INF] 【直播间】23040372 的第 65 个心跳包发送成功
[03:24:05 INF] 【直播间】31494 的第 65 个心跳包发送成功
[03:24:06 INF] 【直播间】4015781 的第 65 个心跳包发送成功
[03:24:07 INF] 【直播间】9619073 的第 65 个心跳包发送成功
[03:24:09 INF] 【直播间】407149 的第 65 个心跳包发送成功
[03:24:10 INF] 【直播间】7184632 的第 65 个心跳包发送成功
[03:24:11 INF] 【直播间】23447660 的第 65 个心跳包发送成功
[03:24:12 INF] 【直播间】929670 的第 65 个心跳包发送成功
[03:24:14 INF] 【直播间】11732699 的第 65 个心跳包发送成功
[03:24:15 INF] 【直播间】91164 的第 65 个心跳包发送成功
[03:24:16 INF] 【直播间】22764265 的第 65 个心跳包发送成功
[03:25:09 INF] 【直播间】23357926 的第 66 个心跳包发送成功
[03:25:10 INF] 【直播间】23040372 的第 66 个心跳包发送成功
[03:25:11 INF] 【直播间】31494 的第 66 个心跳包发送成功
[03:25:13 INF] 【直播间】4015781 的第 66 个心跳包发送成功
[03:25:14 INF] 【直播间】9619073 的第 66 个心跳包发送成功
[03:25:15 INF] 【直播间】407149 的第 66 个心跳包发送成功
[03:25:16 INF] 【直播间】7184632 的第 66 个心跳包发送成功
[03:25:18 INF] 【直播间】23447660 的第 66 个心跳包发送成功
[03:25:19 INF] 【直播间】929670 的第 66 个心跳包发送成功
[03:25:20 INF] 【直播间】11732699 的第 66 个心跳包发送成功
[03:25:21 INF] 【直播间】91164 的第 66 个心跳包发送成功
[03:25:23 INF] 【直播间】22764265 的第 66 个心跳包发送成功
[03:26:15 ERR] 【心跳包】直播间 23357926 发送失败
[03:26:15 ERR] 【原因】time check failed
[03:26:17 ERR] 【心跳包】直播间 23040372 发送失败
[03:26:17 ERR] 【原因】time check failed
[03:26:18 ERR] 【心跳包】直播间 31494 发送失败
[03:26:18 ERR] 【原因】time check failed
[03:26:19 ERR] 【心跳包】直播间 4015781 发送失败
[03:26:19 ERR] 【原因】time check failed
[03:26:21 ERR] 【心跳包】直播间 9619073 发送失败
[03:26:21 ERR] 【原因】time check failed
[03:26:22 ERR] 【心跳包】直播间 407149 发送失败
[03:26:22 ERR] 【原因】time check failed
[03:26:23 ERR] 【心跳包】直播间 7184632 发送失败
[03:26:23 ERR] 【原因】time check failed
[03:26:24 ERR] 【心跳包】直播间 23447660 发送失败
[03:26:24 ERR] 【原因】time check failed
[03:26:25 ERR] 【心跳包】直播间 929670 发送失败
[03:26:25 ERR] 【原因】time check failed
[03:26:27 ERR] 【心跳包】直播间 11732699 发送失败
[03:26:27 ERR] 【原因】time check failed
[03:26:28 ERR] 【心跳包】直播间 91164 发送失败
[03:26:28 ERR] 【原因】time check failed
[03:26:29 ERR] 【心跳包】直播间 22764265 发送失败
[03:26:29 ERR] 【原因】time check failed
[03:27:22 INF] 【直播间】23357926 的第 67 个心跳包发送成功
[03:27:23 INF] 【直播间】23040372 的第 67 个心跳包发送成功
[03:27:25 INF] 【直播间】31494 的第 67 个心跳包发送成功
[03:27:26 INF] 【直播间】4015781 的第 67 个心跳包发送成功
[03:27:27 INF] 【直播间】9619073 的第 67 个心跳包发送成功
[03:27:28 INF] 【直播间】407149 的第 67 个心跳包发送成功
[03:27:30 INF] 【直播间】7184632 的第 67 个心跳包发送成功
[03:27:31 INF] 【直播间】23447660 的第 67 个心跳包发送成功
[03:27:32 INF] 【直播间】929670 的第 67 个心跳包发送成功
[03:27:34 INF] 【直播间】11732699 的第 67 个心跳包发送成功
[03:27:35 INF] 【直播间】91164 的第 67 个心跳包发送成功
[03:27:36 INF] 【直播间】22764265 的第 67 个心跳包发送成功
[03:28:29 INF] 【直播间】23357926 的第 68 个心跳包发送成功
[03:28:30 INF] 【直播间】23040372 的第 68 个心跳包发送成功
[03:28:32 INF] 【直播间】31494 的第 68 个心跳包发送成功
[03:28:33 INF] 【直播间】4015781 的第 68 个心跳包发送成功
[03:28:34 INF] 【直播间】9619073 的第 68 个心跳包发送成功
[03:28:35 INF] 【直播间】407149 的第 68 个心跳包发送成功
[03:28:37 INF] 【直播间】7184632 的第 68 个心跳包发送成功
[03:28:38 INF] 【直播间】23447660 的第 68 个心跳包发送成功
[03:28:39 INF] 【直播间】929670 的第 68 个心跳包发送成功
[03:28:40 INF] 【直播间】11732699 的第 68 个心跳包发送成功
[03:28:42 INF] 【直播间】91164 的第 68 个心跳包发送成功
[03:28:43 INF] 【直播间】22764265 的第 68 个心跳包发送成功
[03:29:35 INF] 【直播间】23357926 的第 69 个心跳包发送成功
[03:29:36 INF] 【直播间】23040372 的第 69 个心跳包发送成功
[03:29:38 INF] 【直播间】31494 的第 69 个心跳包发送成功
[03:29:39 INF] 【直播间】4015781 的第 69 个心跳包发送成功
[03:29:40 INF] 【直播间】9619073 的第 69 个心跳包发送成功
[03:29:42 INF] 【直播间】407149 的第 69 个心跳包发送成功
[03:29:43 INF] 【直播间】7184632 的第 69 个心跳包发送成功
[03:29:44 INF] 【直播间】23447660 的第 69 个心跳包发送成功
[03:29:46 INF] 【直播间】929670 的第 69 个心跳包发送成功
[03:29:47 INF] 【直播间】11732699 的第 69 个心跳包发送成功
[03:29:48 INF] 【直播间】91164 的第 69 个心跳包发送成功
[03:29:49 INF] 【直播间】22764265 的第 69 个心跳包发送成功
[03:30:42 INF] 【直播间】23357926 的第 70 个心跳包发送成功
[03:30:43 INF] 【直播间】23040372 的第 70 个心跳包发送成功
[03:30:44 INF] 【直播间】31494 的第 70 个心跳包发送成功
[03:30:46 INF] 【直播间】4015781 的第 70 个心跳包发送成功
[03:30:47 INF] 【直播间】9619073 的第 70 个心跳包发送成功
[03:30:48 INF] 【直播间】407149 的第 70 个心跳包发送成功
[03:30:49 INF] 【直播间】7184632 的第 70 个心跳包发送成功
[03:30:51 INF] 【直播间】23447660 的第 70 个心跳包发送成功
[03:30:52 INF] 【直播间】929670 的第 70 个心跳包发送成功
[03:30:53 INF] 【直播间】11732699 的第 70 个心跳包发送成功
[03:30:54 INF] 【直播间】91164 的第 70 个心跳包发送成功
[03:30:56 INF] 【直播间】22764265 的第 70 个心跳包发送成功
[03:30:56 INF] 【直播观看时长】完成情况：12/12 
[03:30:56 INF] ---------结束---------

[03:30:56 INF] ==========结束==========

[03:30:56 INF] ######### 账号 3 #########

[03:30:56 INF] =====开始 直播间互动 =====

[03:30:56 INF] ---开始 发送弹幕 ---
[03:30:56 INF] 检测到直播 Cookie 未正确配置，尝试自动配置中...
[03:30:59 INF] 直播 Cookie 配置成功！
[03:30:59 INF] 【获取直播列表】获取拥有粉丝牌的直播列表
[03:31:03 ERR] 【获取直播列表】失败
[03:31:03 ERR] 【原因】账号未登录
[03:31:03 ERR] 发送弹幕失败，继续其他任务。失败信息:Object reference not set to an instance of an object.

[03:31:03 INF] -------结束-------

[03:31:03 INF] ---开始 点赞直播间 ---
[03:31:03 INF] 【获取直播列表】获取拥有粉丝牌的直播列表
[03:31:08 ERR] 【获取直播列表】失败
[03:31:08 ERR] 【原因】账号未登录
[03:31:08 ERR] 点赞直播间失败，继续其他任务。失败信息:Object reference not set to an instance of an object.

[03:31:08 INF] --------结束--------

[03:31:08 INF] ---开始 直播时长挂机 ---
[03:31:08 INF] 【获取直播列表】获取拥有粉丝牌的直播列表
[03:31:16 ERR] 【获取直播列表】失败
[03:31:16 ERR] 【原因】账号未登录
[03:31:16 ERR] 直播时长挂机失败，继续其他任务。失败信息:Object reference not set to an instance of an object.

[03:31:16 INF] ---------结束---------

[03:31:16 INF] ==========结束==========

[03:31:16 INF] 

========================

 v2.0.2 开源 by https://github.com/RayWangQvQ/BiliBiliToolPro

[03:31:16 INF] ·开始推送·LiveFansMedal任务·
2024-04-23T19:31:16.3436134Z 开始推送到:PushPlus
2024-04-23T19:31:17.8751260Z Response status: OK.
2024-04-23T19:31:17.8751615Z Response content: {"code":999,"msg":"发送内容过大，不能超过2万字","data":null}.

[03:31:17 INF] 运行环境：Development
[03:31:17 INF] 应用目录：/home/runner/work/BiliBiliToolPro/BiliBiliToolPro/src/Ray.BiliBiliTool.Console/bin/Debug/net6.0/

[03:31:17 INF] 运行结束
