----------- ip 信息 ---------
{
  "ip": "52.225.76.191",
  "city": "San Jose",
  "region": "California",
  "country": "US",
  "loc": "37.3394,-121.8950",
  "org": "AS8075 Microsoft Corporation",
  "postal": "95103",
  "timezone": "America/Los_Angeles",
  "readme": "https://ipinfo.io/missingauth"
} ---------- end ------------
  ____               ____    _   _____           _  
 |  _ \ __ _ _   _  | __ ) _| |_|_   _|__   ___ | | 
 | |_) / _` | | | | |  _ \(_) (_) | |/ _ \ / _ \| | 
 |  _ < (_| | |_| | | |_) | | | | | | (_) | (_) | | 
 |_| \_\__,_|\__, | |____/|_|_|_| |_|\___/ \___/|_| 
             |___/                                  

[00:30:50 INF] BiliBiliToolPro 开始运行...

[00:30:50 INF] 【账号个数】3个

[00:30:50 INF] 随机休眠2分钟

[00:32:50 INF] 【目标任务】LiveFansMedal
[00:32:50 INF] ######### 账号 1 #########

[00:32:50 INF] =====开始 直播间互动 =====

[00:32:50 INF] ---开始 发送弹幕 ---
[00:32:50 INF] 检测到直播 Cookie 未正确配置，尝试自动配置中...
[00:32:55 INF] 直播 Cookie 配置成功！
[00:32:55 INF] 【获取直播列表】获取拥有粉丝牌的直播列表
[00:33:03 INF] 【主播】Mark陌枫 
[00:33:20 INF] 【主播】KL_qiqi_ 
[00:33:37 INF] 【主播】苏打baka 
[00:33:51 INF] 【直播间】Mark陌枫
[00:33:51 INF] 【粉丝牌】馬楓
[00:33:51 INF] 正在发送弹幕...
[00:33:58 INF] 【直播间】KL_qiqi_
[00:33:58 INF] 【粉丝牌】qiqisb
[00:33:58 INF] 正在发送弹幕...
[00:34:03 INF] 【直播间】苏打baka
[00:34:03 INF] 【粉丝牌】碳酸钠
[00:34:03 INF] 正在发送弹幕...
[00:34:09 INF] 【弹幕发送】成功~，你和主播 Mark陌枫 的亲密值增加了100！
[00:34:09 INF] -------结束-------

[00:34:09 INF] ---开始 点赞直播间 ---
[00:34:09 INF] 【获取直播列表】获取拥有粉丝牌的直播列表
[00:34:13 INF] 【弹幕发送】成功~，你和主播 KL_qiqi_ 的亲密值增加了100！
[00:34:15 INF] 【主播】Mark陌枫 
[00:34:22 INF] 【弹幕发送】成功~，你和主播 苏打baka 的亲密值增加了100！
[00:34:33 INF] 【主播】KL_qiqi_ 
[00:34:48 INF] 【主播】苏打baka 
[00:35:11 INF] 【点赞直播间】23357926 完成
[00:35:15 INF] 【点赞直播间】407149 完成
[00:35:22 INF] --------结束--------

[00:35:22 INF] ---开始 直播时长挂机 ---
[00:35:22 INF] 【获取直播列表】获取拥有粉丝牌的直播列表
[00:35:22 INF] 【点赞直播间】23040372 完成
[00:35:27 INF] 【主播】Mark陌枫 
[00:35:44 INF] 【主播】KL_qiqi_ 
[00:36:06 INF] 【主播】苏打baka 
[00:36:26 INF] 【直播间】23357926 的第 1 个心跳包发送成功
[00:36:27 INF] 【直播间】407149 的第 1 个心跳包发送成功
[00:36:29 INF] 【直播间】23040372 的第 1 个心跳包发送成功
[00:37:32 INF] 【直播间】23357926 的第 2 个心跳包发送成功
[00:37:34 INF] 【直播间】407149 的第 2 个心跳包发送成功
[00:37:35 INF] 【直播间】23040372 的第 2 个心跳包发送成功
[00:38:39 INF] 【直播间】23357926 的第 3 个心跳包发送成功
[00:38:40 INF] 【直播间】407149 的第 3 个心跳包发送成功
[00:38:41 INF] 【直播间】23040372 的第 3 个心跳包发送成功
[00:39:45 INF] 【直播间】23357926 的第 4 个心跳包发送成功
[00:39:47 INF] 【直播间】407149 的第 4 个心跳包发送成功
[00:39:48 INF] 【直播间】23040372 的第 4 个心跳包发送成功
[00:40:52 INF] 【直播间】23357926 的第 5 个心跳包发送成功
[00:40:53 INF] 【直播间】407149 的第 5 个心跳包发送成功
[00:40:54 INF] 【直播间】23040372 的第 5 个心跳包发送成功
[00:41:58 INF] 【直播间】23357926 的第 6 个心跳包发送成功
[00:41:59 INF] 【直播间】407149 的第 6 个心跳包发送成功
[00:42:00 INF] 【直播间】23040372 的第 6 个心跳包发送成功
[00:43:04 INF] 【直播间】23357926 的第 7 个心跳包发送成功
[00:43:05 INF] 【直播间】407149 的第 7 个心跳包发送成功
[00:43:07 INF] 【直播间】23040372 的第 7 个心跳包发送成功
[00:44:11 INF] 【直播间】23357926 的第 8 个心跳包发送成功
[00:44:12 INF] 【直播间】407149 的第 8 个心跳包发送成功
[00:44:13 INF] 【直播间】23040372 的第 8 个心跳包发送成功
[00:45:17 INF] 【直播间】23357926 的第 9 个心跳包发送成功
[00:45:18 INF] 【直播间】407149 的第 9 个心跳包发送成功
[00:45:20 INF] 【直播间】23040372 的第 9 个心跳包发送成功
[00:46:23 INF] 【直播间】23357926 的第 10 个心跳包发送成功
[00:46:25 INF] 【直播间】407149 的第 10 个心跳包发送成功
[00:46:26 INF] 【直播间】23040372 的第 10 个心跳包发送成功
[00:47:30 INF] 【直播间】23357926 的第 11 个心跳包发送成功
[00:47:31 INF] 【直播间】407149 的第 11 个心跳包发送成功
[00:47:32 INF] 【直播间】23040372 的第 11 个心跳包发送成功
[00:48:36 INF] 【直播间】23357926 的第 12 个心跳包发送成功
[00:48:37 INF] 【直播间】407149 的第 12 个心跳包发送成功
[00:48:38 INF] 【直播间】23040372 的第 12 个心跳包发送成功
[00:49:42 INF] 【直播间】23357926 的第 13 个心跳包发送成功
[00:49:44 INF] 【直播间】407149 的第 13 个心跳包发送成功
[00:49:45 INF] 【直播间】23040372 的第 13 个心跳包发送成功
[00:50:49 INF] 【直播间】23357926 的第 14 个心跳包发送成功
[00:50:50 INF] 【直播间】407149 的第 14 个心跳包发送成功
[00:50:51 INF] 【直播间】23040372 的第 14 个心跳包发送成功
[00:51:55 INF] 【直播间】23357926 的第 15 个心跳包发送成功
[00:51:56 INF] 【直播间】407149 的第 15 个心跳包发送成功
[00:51:57 INF] 【直播间】23040372 的第 15 个心跳包发送成功
[00:53:01 ERR] 【心跳包】直播间 23357926 发送失败
[00:53:01 ERR] 【原因】time check failed
[00:53:02 ERR] 【心跳包】直播间 407149 发送失败
[00:53:02 ERR] 【原因】time check failed
[00:53:04 ERR] 【心跳包】直播间 23040372 发送失败
[00:53:04 ERR] 【原因】time check failed
[00:54:07 INF] 【直播间】23357926 的第 16 个心跳包发送成功
[00:54:09 INF] 【直播间】407149 的第 16 个心跳包发送成功
[00:54:10 INF] 【直播间】23040372 的第 16 个心跳包发送成功
[00:55:14 INF] 【直播间】23357926 的第 17 个心跳包发送成功
[00:55:15 INF] 【直播间】407149 的第 17 个心跳包发送成功
[00:55:16 INF] 【直播间】23040372 的第 17 个心跳包发送成功
[00:56:20 INF] 【直播间】23357926 的第 18 个心跳包发送成功
[00:56:21 INF] 【直播间】407149 的第 18 个心跳包发送成功
[00:56:23 INF] 【直播间】23040372 的第 18 个心跳包发送成功
[00:57:27 INF] 【直播间】23357926 的第 19 个心跳包发送成功
[00:57:28 INF] 【直播间】407149 的第 19 个心跳包发送成功
[00:57:29 INF] 【直播间】23040372 的第 19 个心跳包发送成功
[00:58:33 INF] 【直播间】23357926 的第 20 个心跳包发送成功
[00:58:34 INF] 【直播间】407149 的第 20 个心跳包发送成功
[00:58:35 INF] 【直播间】23040372 的第 20 个心跳包发送成功
[00:59:39 INF] 【直播间】23357926 的第 21 个心跳包发送成功
[00:59:40 INF] 【直播间】407149 的第 21 个心跳包发送成功
[00:59:42 INF] 【直播间】23040372 的第 21 个心跳包发送成功
[01:00:46 INF] 【直播间】23357926 的第 22 个心跳包发送成功
[01:00:47 INF] 【直播间】407149 的第 22 个心跳包发送成功
[01:00:48 INF] 【直播间】23040372 的第 22 个心跳包发送成功
[01:01:52 INF] 【直播间】23357926 的第 23 个心跳包发送成功
[01:01:53 INF] 【直播间】407149 的第 23 个心跳包发送成功
[01:01:54 INF] 【直播间】23040372 的第 23 个心跳包发送成功
[01:02:58 INF] 【直播间】23357926 的第 24 个心跳包发送成功
[01:03:00 INF] 【直播间】407149 的第 24 个心跳包发送成功
[01:03:01 INF] 【直播间】23040372 的第 24 个心跳包发送成功
[01:04:05 INF] 【直播间】23357926 的第 25 个心跳包发送成功
[01:04:06 INF] 【直播间】407149 的第 25 个心跳包发送成功
[01:04:07 INF] 【直播间】23040372 的第 25 个心跳包发送成功
[01:05:11 INF] 【直播间】23357926 的第 26 个心跳包发送成功
[01:05:12 INF] 【直播间】407149 的第 26 个心跳包发送成功
[01:05:14 INF] 【直播间】23040372 的第 26 个心跳包发送成功
[01:06:18 INF] 【直播间】23357926 的第 27 个心跳包发送成功
[01:06:19 INF] 【直播间】407149 的第 27 个心跳包发送成功
[01:06:20 INF] 【直播间】23040372 的第 27 个心跳包发送成功
[01:07:24 INF] 【直播间】23357926 的第 28 个心跳包发送成功
[01:07:25 INF] 【直播间】407149 的第 28 个心跳包发送成功
[01:07:26 INF] 【直播间】23040372 的第 28 个心跳包发送成功
[01:08:30 INF] 【直播间】23357926 的第 29 个心跳包发送成功
[01:08:31 INF] 【直播间】407149 的第 29 个心跳包发送成功
[01:08:32 INF] 【直播间】23040372 的第 29 个心跳包发送成功
[01:09:36 ERR] 【心跳包】直播间 23357926 发送失败
[01:09:36 ERR] 【原因】time check failed
[01:09:37 ERR] 【心跳包】直播间 407149 发送失败
[01:09:37 ERR] 【原因】time check failed
[01:09:39 ERR] 【心跳包】直播间 23040372 发送失败
[01:09:39 ERR] 【原因】time check failed
[01:10:43 INF] 【直播间】23357926 的第 30 个心跳包发送成功
[01:10:44 INF] 【直播间】407149 的第 30 个心跳包发送成功
[01:10:45 INF] 【直播间】23040372 的第 30 个心跳包发送成功
[01:11:49 INF] 【直播间】23357926 的第 31 个心跳包发送成功
[01:11:50 INF] 【直播间】407149 的第 31 个心跳包发送成功
[01:11:52 INF] 【直播间】23040372 的第 31 个心跳包发送成功
[01:12:56 INF] 【直播间】23357926 的第 32 个心跳包发送成功
[01:12:57 INF] 【直播间】407149 的第 32 个心跳包发送成功
[01:12:58 INF] 【直播间】23040372 的第 32 个心跳包发送成功
[01:14:02 INF] 【直播间】23357926 的第 33 个心跳包发送成功
[01:14:03 INF] 【直播间】407149 的第 33 个心跳包发送成功
[01:14:05 INF] 【直播间】23040372 的第 33 个心跳包发送成功
[01:15:08 INF] 【直播间】23357926 的第 34 个心跳包发送成功
[01:15:09 INF] 【直播间】407149 的第 34 个心跳包发送成功
[01:15:11 INF] 【直播间】23040372 的第 34 个心跳包发送成功
[01:16:15 INF] 【直播间】23357926 的第 35 个心跳包发送成功
[01:16:16 INF] 【直播间】407149 的第 35 个心跳包发送成功
[01:16:17 INF] 【直播间】23040372 的第 35 个心跳包发送成功
[01:17:21 INF] 【直播间】23357926 的第 36 个心跳包发送成功
[01:17:22 INF] 【直播间】407149 的第 36 个心跳包发送成功
[01:17:23 INF] 【直播间】23040372 的第 36 个心跳包发送成功
[01:18:27 INF] 【直播间】23357926 的第 37 个心跳包发送成功
[01:18:28 INF] 【直播间】407149 的第 37 个心跳包发送成功
[01:18:30 INF] 【直播间】23040372 的第 37 个心跳包发送成功
[01:19:34 INF] 【直播间】23357926 的第 38 个心跳包发送成功
[01:19:35 INF] 【直播间】407149 的第 38 个心跳包发送成功
[01:19:36 INF] 【直播间】23040372 的第 38 个心跳包发送成功
[01:20:40 INF] 【直播间】23357926 的第 39 个心跳包发送成功
[01:20:41 INF] 【直播间】407149 的第 39 个心跳包发送成功
[01:20:42 INF] 【直播间】23040372 的第 39 个心跳包发送成功
[01:21:46 INF] 【直播间】23357926 的第 40 个心跳包发送成功
[01:21:48 INF] 【直播间】407149 的第 40 个心跳包发送成功
[01:21:49 INF] 【直播间】23040372 的第 40 个心跳包发送成功
[01:22:53 INF] 【直播间】23357926 的第 41 个心跳包发送成功
[01:22:54 INF] 【直播间】407149 的第 41 个心跳包发送成功
[01:22:56 INF] 【直播间】23040372 的第 41 个心跳包发送成功
[01:23:59 INF] 【直播间】23357926 的第 42 个心跳包发送成功
[01:24:01 INF] 【直播间】407149 的第 42 个心跳包发送成功
[01:24:02 INF] 【直播间】23040372 的第 42 个心跳包发送成功
[01:25:05 INF] 【直播间】23357926 的第 43 个心跳包发送成功
[01:25:07 INF] 【直播间】407149 的第 43 个心跳包发送成功
[01:25:08 INF] 【直播间】23040372 的第 43 个心跳包发送成功
[01:26:12 ERR] 【心跳包】直播间 23357926 发送失败
[01:26:12 ERR] 【原因】time check failed
[01:26:13 ERR] 【心跳包】直播间 407149 发送失败
[01:26:13 ERR] 【原因】time check failed
[01:26:14 ERR] 【心跳包】直播间 23040372 发送失败
[01:26:14 ERR] 【原因】time check failed
[01:27:18 INF] 【直播间】23357926 的第 44 个心跳包发送成功
[01:27:19 INF] 【直播间】407149 的第 44 个心跳包发送成功
[01:27:21 INF] 【直播间】23040372 的第 44 个心跳包发送成功
[01:28:25 INF] 【直播间】23357926 的第 45 个心跳包发送成功
[01:28:26 INF] 【直播间】407149 的第 45 个心跳包发送成功
[01:28:27 INF] 【直播间】23040372 的第 45 个心跳包发送成功
[01:29:31 INF] 【直播间】23357926 的第 46 个心跳包发送成功
[01:29:32 INF] 【直播间】407149 的第 46 个心跳包发送成功
[01:29:33 INF] 【直播间】23040372 的第 46 个心跳包发送成功
[01:30:37 INF] 【直播间】23357926 的第 47 个心跳包发送成功
[01:30:39 INF] 【直播间】407149 的第 47 个心跳包发送成功
[01:30:40 INF] 【直播间】23040372 的第 47 个心跳包发送成功
[01:31:44 INF] 【直播间】23357926 的第 48 个心跳包发送成功
[01:31:45 INF] 【直播间】407149 的第 48 个心跳包发送成功
[01:31:46 INF] 【直播间】23040372 的第 48 个心跳包发送成功
[01:32:50 INF] 【直播间】23357926 的第 49 个心跳包发送成功
[01:32:51 INF] 【直播间】407149 的第 49 个心跳包发送成功
[01:32:52 INF] 【直播间】23040372 的第 49 个心跳包发送成功
[01:33:56 INF] 【直播间】23357926 的第 50 个心跳包发送成功
[01:33:58 INF] 【直播间】407149 的第 50 个心跳包发送成功
[01:33:59 INF] 【直播间】23040372 的第 50 个心跳包发送成功
[01:35:03 INF] 【直播间】23357926 的第 51 个心跳包发送成功
[01:35:04 INF] 【直播间】407149 的第 51 个心跳包发送成功
[01:35:05 INF] 【直播间】23040372 的第 51 个心跳包发送成功
[01:36:09 INF] 【直播间】23357926 的第 52 个心跳包发送成功
[01:36:10 INF] 【直播间】407149 的第 52 个心跳包发送成功
[01:36:11 INF] 【直播间】23040372 的第 52 个心跳包发送成功
[01:37:15 INF] 【直播间】23357926 的第 53 个心跳包发送成功
[01:37:17 INF] 【直播间】407149 的第 53 个心跳包发送成功
[01:37:18 INF] 【直播间】23040372 的第 53 个心跳包发送成功
[01:38:22 INF] 【直播间】23357926 的第 54 个心跳包发送成功
[01:38:23 INF] 【直播间】407149 的第 54 个心跳包发送成功
[01:38:24 INF] 【直播间】23040372 的第 54 个心跳包发送成功
[01:39:28 INF] 【直播间】23357926 的第 55 个心跳包发送成功
[01:39:29 INF] 【直播间】407149 的第 55 个心跳包发送成功
[01:39:30 INF] 【直播间】23040372 的第 55 个心跳包发送成功
[01:40:34 INF] 【直播间】23357926 的第 56 个心跳包发送成功
[01:40:36 INF] 【直播间】407149 的第 56 个心跳包发送成功
[01:40:37 INF] 【直播间】23040372 的第 56 个心跳包发送成功
[01:41:41 INF] 【直播间】23357926 的第 57 个心跳包发送成功
[01:41:42 INF] 【直播间】407149 的第 57 个心跳包发送成功
[01:41:43 INF] 【直播间】23040372 的第 57 个心跳包发送成功
[01:42:47 ERR] 【心跳包】直播间 23357926 发送失败
[01:42:47 ERR] 【原因】time check failed
[01:42:48 ERR] 【心跳包】直播间 407149 发送失败
[01:42:48 ERR] 【原因】time check failed
[01:42:50 ERR] 【心跳包】直播间 23040372 发送失败
[01:42:50 ERR] 【原因】time check failed
[01:43:53 INF] 【直播间】23357926 的第 58 个心跳包发送成功
[01:43:55 INF] 【直播间】407149 的第 58 个心跳包发送成功
[01:43:56 INF] 【直播间】23040372 的第 58 个心跳包发送成功
[01:45:00 INF] 【直播间】23357926 的第 59 个心跳包发送成功
[01:45:01 INF] 【直播间】407149 的第 59 个心跳包发送成功
[01:45:02 INF] 【直播间】23040372 的第 59 个心跳包发送成功
[01:46:06 INF] 【直播间】23357926 的第 60 个心跳包发送成功
[01:46:08 INF] 【直播间】407149 的第 60 个心跳包发送成功
[01:46:09 INF] 【直播间】23040372 的第 60 个心跳包发送成功
[01:47:13 INF] 【直播间】23357926 的第 61 个心跳包发送成功
[01:47:14 INF] 【直播间】407149 的第 61 个心跳包发送成功
[01:47:15 INF] 【直播间】23040372 的第 61 个心跳包发送成功
[01:48:19 INF] 【直播间】23357926 的第 62 个心跳包发送成功
[01:48:20 INF] 【直播间】407149 的第 62 个心跳包发送成功
[01:48:21 INF] 【直播间】23040372 的第 62 个心跳包发送成功
[01:49:25 INF] 【直播间】23357926 的第 63 个心跳包发送成功
[01:49:26 INF] 【直播间】407149 的第 63 个心跳包发送成功
[01:49:28 INF] 【直播间】23040372 的第 63 个心跳包发送成功
[01:50:32 INF] 【直播间】23357926 的第 64 个心跳包发送成功
[01:50:33 INF] 【直播间】407149 的第 64 个心跳包发送成功
[01:50:34 INF] 【直播间】23040372 的第 64 个心跳包发送成功
[01:51:38 INF] 【直播间】23357926 的第 65 个心跳包发送成功
[01:51:39 INF] 【直播间】407149 的第 65 个心跳包发送成功
[01:51:40 INF] 【直播间】23040372 的第 65 个心跳包发送成功
[01:52:44 INF] 【直播间】23357926 的第 66 个心跳包发送成功
[01:52:45 INF] 【直播间】407149 的第 66 个心跳包发送成功
[01:52:47 INF] 【直播间】23040372 的第 66 个心跳包发送成功
[01:53:50 INF] 【直播间】23357926 的第 67 个心跳包发送成功
[01:53:52 INF] 【直播间】407149 的第 67 个心跳包发送成功
[01:53:53 INF] 【直播间】23040372 的第 67 个心跳包发送成功
[01:54:57 INF] 【直播间】23357926 的第 68 个心跳包发送成功
[01:54:58 INF] 【直播间】407149 的第 68 个心跳包发送成功
[01:54:59 INF] 【直播间】23040372 的第 68 个心跳包发送成功
[01:56:03 INF] 【直播间】23357926 的第 69 个心跳包发送成功
[01:56:04 INF] 【直播间】407149 的第 69 个心跳包发送成功
[01:56:05 INF] 【直播间】23040372 的第 69 个心跳包发送成功
[01:57:09 INF] 【直播间】23357926 的第 70 个心跳包发送成功
[01:57:10 INF] 【直播间】407149 的第 70 个心跳包发送成功
[01:57:12 INF] 【直播间】23040372 的第 70 个心跳包发送成功
[01:57:12 INF] 【直播观看时长】完成情况：3/3 
[01:57:12 INF] ---------结束---------

[01:57:12 INF] ==========结束==========

[01:57:12 INF] ######### 账号 2 #########

[01:57:12 INF] =====开始 直播间互动 =====

[01:57:12 INF] ---开始 发送弹幕 ---
[01:57:12 INF] 检测到直播 Cookie 未正确配置，尝试自动配置中...
[01:57:16 INF] 直播 Cookie 配置成功！
[01:57:16 INF] 【获取直播列表】获取拥有粉丝牌的直播列表
[01:57:24 INF] 【主播】Mark陌枫 
[01:57:37 INF] 【主播】苏打baka 
[01:57:52 INF] 【主播】特别中二的q3君 
[01:58:11 INF] 【主播】陈抱一 
[01:58:29 INF] 【主播】贪玩的小毅 
[01:58:44 INF] 【主播】KL_qiqi_ 
[01:58:58 INF] 【主播】记录生活的蛋黄派 
[01:59:14 INF] 【主播】悠悠球琛总 
[01:59:27 INF] 【主播】FoFTG 
[01:59:38 INF] 【主播】新石器公园 
[01:59:55 INF] 【主播】脏小豆 
[02:00:12 INF] 【主播】李船长笔记 
[02:00:27 INF] 【直播间】Mark陌枫
[02:00:27 INF] 【粉丝牌】馬楓
[02:00:27 INF] 正在发送弹幕...
[02:00:31 INF] 【直播间】苏打baka
[02:00:31 INF] 【粉丝牌】碳酸钠
[02:00:31 INF] 正在发送弹幕...
[02:00:34 INF] 【直播间】特别中二的q3君
[02:00:34 INF] 【粉丝牌】q3GG
[02:00:34 INF] 正在发送弹幕...
[02:00:37 INF] 【直播间】陈抱一
[02:00:37 INF] 【粉丝牌】陈抱一
[02:00:37 INF] 正在发送弹幕...
[02:00:38 INF] 【弹幕发送】成功~，你和主播 Mark陌枫 的亲密值增加了100！
[02:00:40 INF] 【直播间】贪玩的小毅
[02:00:40 INF] 【粉丝牌】大大毅
[02:00:40 INF] 正在发送弹幕...
[02:00:45 INF] 【弹幕发送】成功~，你和主播 苏打baka 的亲密值增加了100！
[02:00:46 ERR] 【弹幕发送】失败
[02:00:46 ERR] 【原因】您发送弹幕的频率过快
[02:00:46 INF] 【直播间】KL_qiqi_
[02:00:46 INF] 【粉丝牌】qiqisb
[02:00:46 INF] 正在发送弹幕...
[02:00:47 INF] 【弹幕发送】成功~，你和主播 陈抱一 的亲密值增加了100！
[02:00:52 INF] 【直播间】记录生活的蛋黄派
[02:00:52 INF] 【粉丝牌】派派派
[02:00:52 INF] 正在发送弹幕...
[02:00:59 INF] 【直播间】悠悠球琛总
[02:00:59 INF] 【粉丝牌】i琛
[02:00:59 INF] 正在发送弹幕...
[02:00:59 INF] 【弹幕发送】成功~，你和主播 贪玩的小毅 的亲密值增加了100！
[02:01:02 INF] 【弹幕发送】成功~，你和主播 KL_qiqi_ 的亲密值增加了100！
[02:01:05 INF] 【直播间】FoFTG
[02:01:05 INF] 【粉丝牌】FOFTG
[02:01:05 INF] 正在发送弹幕...
[02:01:07 INF] 【弹幕发送】成功~，你和主播 记录生活的蛋黄派 的亲密值增加了100！
[02:01:10 INF] 【直播间】新石器公园
[02:01:10 INF] 【粉丝牌】东园主
[02:01:10 INF] 正在发送弹幕...
[02:01:12 INF] 【弹幕发送】成功~，你和主播 悠悠球琛总 的亲密值增加了100！
[02:01:13 INF] 【直播间】脏小豆
[02:01:13 INF] 【粉丝牌】豆豆浆
[02:01:13 INF] 正在发送弹幕...
[02:01:17 INF] 【直播间】李船长笔记
[02:01:17 INF] 【粉丝牌】航海仕
[02:01:17 INF] 正在发送弹幕...
[02:01:20 INF] -------结束-------

[02:01:20 INF] ---开始 点赞直播间 ---
[02:01:20 INF] 【获取直播列表】获取拥有粉丝牌的直播列表
[02:01:21 INF] 【弹幕发送】成功~，你和主播 FoFTG 的亲密值增加了100！
[02:01:24 INF] 【弹幕发送】成功~，你和主播 新石器公园 的亲密值增加了100！
[02:01:27 INF] 【主播】Mark陌枫 
[02:01:28 INF] 【弹幕发送】成功~，你和主播 脏小豆 的亲密值增加了100！
[02:01:33 INF] 【弹幕发送】成功~，你和主播 李船长笔记 的亲密值增加了100！
[02:01:45 INF] 【主播】苏打baka 
[02:01:59 INF] 【主播】特别中二的q3君 
[02:02:14 INF] 【主播】陈抱一 
[02:02:30 INF] 【主播】贪玩的小毅 
[02:02:45 INF] 【主播】KL_qiqi_ 
[02:03:00 INF] 【主播】记录生活的蛋黄派 
[02:03:18 INF] 【主播】悠悠球琛总 
[02:03:34 INF] 【主播】FoFTG 
[02:03:53 INF] 【主播】新石器公园 
[02:04:06 INF] 【主播】脏小豆 
[02:04:24 INF] 【主播】李船长笔记 
[02:04:44 INF] 【点赞直播间】23357926 完成
[02:04:51 INF] 【点赞直播间】23040372 完成
[02:04:58 INF] 【点赞直播间】31494 完成
[02:05:04 INF] 【点赞直播间】4015781 完成
[02:05:08 INF] 【点赞直播间】9619073 完成
[02:05:13 INF] 【点赞直播间】407149 完成
[02:05:17 INF] 【点赞直播间】11732699 完成
[02:05:22 INF] 【点赞直播间】7184632 完成
[02:05:26 INF] 【点赞直播间】91164 完成
[02:05:29 INF] 【点赞直播间】23447660 完成
[02:05:33 INF] 【点赞直播间】929670 完成
[02:05:37 INF] --------结束--------

[02:05:37 INF] ---开始 直播时长挂机 ---
[02:05:37 INF] 【获取直播列表】获取拥有粉丝牌的直播列表
[02:05:37 INF] 【点赞直播间】22764265 完成
[02:05:43 INF] 【主播】Mark陌枫 
[02:05:58 INF] 【主播】苏打baka 
[02:06:12 INF] 【主播】特别中二的q3君 
[02:06:30 INF] 【主播】陈抱一 
[02:06:42 INF] 【主播】贪玩的小毅 
[02:06:57 INF] 【主播】KL_qiqi_ 
[02:07:08 INF] 【主播】记录生活的蛋黄派 
[02:07:21 INF] 【主播】悠悠球琛总 
[02:07:39 INF] 【主播】FoFTG 
[02:07:59 INF] 【主播】新石器公园 
[02:08:16 INF] 【主播】脏小豆 
[02:08:37 INF] 【主播】李船长笔记 
[02:08:59 INF] 【直播间】23357926 的第 1 个心跳包发送成功
[02:09:00 INF] 【直播间】23040372 的第 1 个心跳包发送成功
[02:09:01 INF] 【直播间】31494 的第 1 个心跳包发送成功
[02:09:03 INF] 【直播间】4015781 的第 1 个心跳包发送成功
[02:09:04 INF] 【直播间】9619073 的第 1 个心跳包发送成功
[02:09:05 INF] 【直播间】407149 的第 1 个心跳包发送成功
[02:09:07 INF] 【直播间】11732699 的第 1 个心跳包发送成功
[02:09:08 INF] 【直播间】7184632 的第 1 个心跳包发送成功
[02:09:09 INF] 【直播间】91164 的第 1 个心跳包发送成功
[02:09:10 INF] 【直播间】23447660 的第 1 个心跳包发送成功
[02:09:11 INF] 【直播间】929670 的第 1 个心跳包发送成功
[02:09:13 INF] 【直播间】22764265 的第 1 个心跳包发送成功
[02:10:05 INF] 【直播间】23357926 的第 2 个心跳包发送成功
[02:10:07 INF] 【直播间】23040372 的第 2 个心跳包发送成功
[02:10:08 INF] 【直播间】31494 的第 2 个心跳包发送成功
[02:10:09 INF] 【直播间】4015781 的第 2 个心跳包发送成功
[02:10:10 INF] 【直播间】9619073 的第 2 个心跳包发送成功
[02:10:12 INF] 【直播间】407149 的第 2 个心跳包发送成功
[02:10:13 INF] 【直播间】11732699 的第 2 个心跳包发送成功
[02:10:14 INF] 【直播间】7184632 的第 2 个心跳包发送成功
[02:10:15 INF] 【直播间】91164 的第 2 个心跳包发送成功
[02:10:16 INF] 【直播间】23447660 的第 2 个心跳包发送成功
[02:10:18 INF] 【直播间】929670 的第 2 个心跳包发送成功
[02:10:19 INF] 【直播间】22764265 的第 2 个心跳包发送成功
[02:11:12 INF] 【直播间】23357926 的第 3 个心跳包发送成功
[02:11:13 INF] 【直播间】23040372 的第 3 个心跳包发送成功
[02:11:14 INF] 【直播间】31494 的第 3 个心跳包发送成功
[02:11:15 INF] 【直播间】4015781 的第 3 个心跳包发送成功
[02:11:17 INF] 【直播间】9619073 的第 3 个心跳包发送成功
[02:11:18 INF] 【直播间】407149 的第 3 个心跳包发送成功
[02:11:19 INF] 【直播间】11732699 的第 3 个心跳包发送成功
[02:11:20 INF] 【直播间】7184632 的第 3 个心跳包发送成功
[02:11:21 INF] 【直播间】91164 的第 3 个心跳包发送成功
[02:11:23 INF] 【直播间】23447660 的第 3 个心跳包发送成功
[02:11:24 INF] 【直播间】929670 的第 3 个心跳包发送成功
[02:11:25 INF] 【直播间】22764265 的第 3 个心跳包发送成功
[02:12:18 INF] 【直播间】23357926 的第 4 个心跳包发送成功
[02:12:19 INF] 【直播间】23040372 的第 4 个心跳包发送成功
[02:12:21 INF] 【直播间】31494 的第 4 个心跳包发送成功
[02:12:22 INF] 【直播间】4015781 的第 4 个心跳包发送成功
[02:12:23 INF] 【直播间】9619073 的第 4 个心跳包发送成功
[02:12:24 INF] 【直播间】407149 的第 4 个心跳包发送成功
[02:12:25 INF] 【直播间】11732699 的第 4 个心跳包发送成功
[02:12:27 INF] 【直播间】7184632 的第 4 个心跳包发送成功
[02:12:28 INF] 【直播间】91164 的第 4 个心跳包发送成功
[02:12:29 INF] 【直播间】23447660 的第 4 个心跳包发送成功
[02:12:30 INF] 【直播间】929670 的第 4 个心跳包发送成功
[02:12:32 INF] 【直播间】22764265 的第 4 个心跳包发送成功
[02:13:25 INF] 【直播间】23357926 的第 5 个心跳包发送成功
[02:13:26 INF] 【直播间】23040372 的第 5 个心跳包发送成功
[02:13:27 INF] 【直播间】31494 的第 5 个心跳包发送成功
[02:13:28 INF] 【直播间】4015781 的第 5 个心跳包发送成功
[02:13:29 INF] 【直播间】9619073 的第 5 个心跳包发送成功
[02:13:31 INF] 【直播间】407149 的第 5 个心跳包发送成功
[02:13:32 INF] 【直播间】11732699 的第 5 个心跳包发送成功
[02:13:33 INF] 【直播间】7184632 的第 5 个心跳包发送成功
[02:13:34 INF] 【直播间】91164 的第 5 个心跳包发送成功
[02:13:35 INF] 【直播间】23447660 的第 5 个心跳包发送成功
[02:13:37 INF] 【直播间】929670 的第 5 个心跳包发送成功
[02:13:38 INF] 【直播间】22764265 的第 5 个心跳包发送成功
[02:14:31 INF] 【直播间】23357926 的第 6 个心跳包发送成功
[02:14:32 INF] 【直播间】23040372 的第 6 个心跳包发送成功
[02:14:34 INF] 【直播间】31494 的第 6 个心跳包发送成功
[02:14:35 INF] 【直播间】4015781 的第 6 个心跳包发送成功
[02:14:36 INF] 【直播间】9619073 的第 6 个心跳包发送成功
[02:14:38 INF] 【直播间】407149 的第 6 个心跳包发送成功
[02:14:39 INF] 【直播间】11732699 的第 6 个心跳包发送成功
[02:14:40 INF] 【直播间】7184632 的第 6 个心跳包发送成功
[02:14:41 INF] 【直播间】91164 的第 6 个心跳包发送成功
[02:14:43 INF] 【直播间】23447660 的第 6 个心跳包发送成功
[02:14:44 INF] 【直播间】929670 的第 6 个心跳包发送成功
[02:14:45 INF] 【直播间】22764265 的第 6 个心跳包发送成功
[02:15:38 INF] 【直播间】23357926 的第 7 个心跳包发送成功
[02:15:39 INF] 【直播间】23040372 的第 7 个心跳包发送成功
[02:15:40 INF] 【直播间】31494 的第 7 个心跳包发送成功
[02:15:41 INF] 【直播间】4015781 的第 7 个心跳包发送成功
[02:15:43 INF] 【直播间】9619073 的第 7 个心跳包发送成功
[02:15:44 INF] 【直播间】407149 的第 7 个心跳包发送成功
[02:15:45 INF] 【直播间】11732699 的第 7 个心跳包发送成功
[02:15:46 INF] 【直播间】7184632 的第 7 个心跳包发送成功
[02:15:48 INF] 【直播间】91164 的第 7 个心跳包发送成功
[02:15:49 INF] 【直播间】23447660 的第 7 个心跳包发送成功
[02:15:50 INF] 【直播间】929670 的第 7 个心跳包发送成功
[02:15:51 INF] 【直播间】22764265 的第 7 个心跳包发送成功
[02:16:44 INF] 【直播间】23357926 的第 8 个心跳包发送成功
[02:16:45 INF] 【直播间】23040372 的第 8 个心跳包发送成功
[02:16:46 INF] 【直播间】31494 的第 8 个心跳包发送成功
[02:16:48 INF] 【直播间】4015781 的第 8 个心跳包发送成功
[02:16:49 INF] 【直播间】9619073 的第 8 个心跳包发送成功
[02:16:50 INF] 【直播间】407149 的第 8 个心跳包发送成功
[02:16:51 INF] 【直播间】11732699 的第 8 个心跳包发送成功
[02:16:52 INF] 【直播间】7184632 的第 8 个心跳包发送成功
[02:16:54 INF] 【直播间】91164 的第 8 个心跳包发送成功
[02:16:55 INF] 【直播间】23447660 的第 8 个心跳包发送成功
[02:16:56 INF] 【直播间】929670 的第 8 个心跳包发送成功
[02:16:58 INF] 【直播间】22764265 的第 8 个心跳包发送成功
[02:17:51 INF] 【直播间】23357926 的第 9 个心跳包发送成功
[02:17:52 INF] 【直播间】23040372 的第 9 个心跳包发送成功
[02:17:53 INF] 【直播间】31494 的第 9 个心跳包发送成功
[02:17:54 INF] 【直播间】4015781 的第 9 个心跳包发送成功
[02:17:55 INF] 【直播间】9619073 的第 9 个心跳包发送成功
[02:17:57 INF] 【直播间】407149 的第 9 个心跳包发送成功
[02:17:58 INF] 【直播间】11732699 的第 9 个心跳包发送成功
[02:17:59 INF] 【直播间】7184632 的第 9 个心跳包发送成功
[02:18:00 INF] 【直播间】91164 的第 9 个心跳包发送成功
[02:18:01 INF] 【直播间】23447660 的第 9 个心跳包发送成功
[02:18:03 INF] 【直播间】929670 的第 9 个心跳包发送成功
[02:18:04 INF] 【直播间】22764265 的第 9 个心跳包发送成功
[02:18:57 INF] 【直播间】23357926 的第 10 个心跳包发送成功
[02:18:58 INF] 【直播间】23040372 的第 10 个心跳包发送成功
[02:18:59 INF] 【直播间】31494 的第 10 个心跳包发送成功
[02:19:00 INF] 【直播间】4015781 的第 10 个心跳包发送成功
[02:19:02 INF] 【直播间】9619073 的第 10 个心跳包发送成功
[02:19:03 INF] 【直播间】407149 的第 10 个心跳包发送成功
[02:19:04 INF] 【直播间】11732699 的第 10 个心跳包发送成功
[02:19:05 INF] 【直播间】7184632 的第 10 个心跳包发送成功
[02:19:07 INF] 【直播间】91164 的第 10 个心跳包发送成功
[02:19:08 INF] 【直播间】23447660 的第 10 个心跳包发送成功
[02:19:09 INF] 【直播间】929670 的第 10 个心跳包发送成功
[02:19:10 INF] 【直播间】22764265 的第 10 个心跳包发送成功
[02:20:03 INF] 【直播间】23357926 的第 11 个心跳包发送成功
[02:20:04 INF] 【直播间】23040372 的第 11 个心跳包发送成功
[02:20:06 INF] 【直播间】31494 的第 11 个心跳包发送成功
[02:20:07 INF] 【直播间】4015781 的第 11 个心跳包发送成功
[02:20:08 INF] 【直播间】9619073 的第 11 个心跳包发送成功
[02:20:09 INF] 【直播间】407149 的第 11 个心跳包发送成功
[02:20:11 INF] 【直播间】11732699 的第 11 个心跳包发送成功
[02:20:12 INF] 【直播间】7184632 的第 11 个心跳包发送成功
[02:20:13 INF] 【直播间】91164 的第 11 个心跳包发送成功
[02:20:14 INF] 【直播间】23447660 的第 11 个心跳包发送成功
[02:20:15 INF] 【直播间】929670 的第 11 个心跳包发送成功
[02:20:17 INF] 【直播间】22764265 的第 11 个心跳包发送成功
[02:21:09 INF] 【直播间】23357926 的第 12 个心跳包发送成功
[02:21:11 INF] 【直播间】23040372 的第 12 个心跳包发送成功
[02:21:12 INF] 【直播间】31494 的第 12 个心跳包发送成功
[02:21:13 INF] 【直播间】4015781 的第 12 个心跳包发送成功
[02:21:14 INF] 【直播间】9619073 的第 12 个心跳包发送成功
[02:21:16 INF] 【直播间】407149 的第 12 个心跳包发送成功
[02:21:17 INF] 【直播间】11732699 的第 12 个心跳包发送成功
[02:21:18 INF] 【直播间】7184632 的第 12 个心跳包发送成功
[02:21:19 INF] 【直播间】91164 的第 12 个心跳包发送成功
[02:21:21 INF] 【直播间】23447660 的第 12 个心跳包发送成功
[02:21:22 INF] 【直播间】929670 的第 12 个心跳包发送成功
[02:21:23 INF] 【直播间】22764265 的第 12 个心跳包发送成功
[02:22:16 INF] 【直播间】23357926 的第 13 个心跳包发送成功
[02:22:17 INF] 【直播间】23040372 的第 13 个心跳包发送成功
[02:22:18 INF] 【直播间】31494 的第 13 个心跳包发送成功
[02:22:20 INF] 【直播间】4015781 的第 13 个心跳包发送成功
[02:22:21 INF] 【直播间】9619073 的第 13 个心跳包发送成功
[02:22:22 INF] 【直播间】407149 的第 13 个心跳包发送成功
[02:22:23 INF] 【直播间】11732699 的第 13 个心跳包发送成功
[02:22:24 INF] 【直播间】7184632 的第 13 个心跳包发送成功
[02:22:26 INF] 【直播间】91164 的第 13 个心跳包发送成功
[02:22:27 INF] 【直播间】23447660 的第 13 个心跳包发送成功
[02:22:28 INF] 【直播间】929670 的第 13 个心跳包发送成功
[02:22:29 INF] 【直播间】22764265 的第 13 个心跳包发送成功
[02:23:22 INF] 【直播间】23357926 的第 14 个心跳包发送成功
[02:23:24 INF] 【直播间】23040372 的第 14 个心跳包发送成功
[02:23:25 INF] 【直播间】31494 的第 14 个心跳包发送成功
[02:23:26 INF] 【直播间】4015781 的第 14 个心跳包发送成功
[02:23:27 INF] 【直播间】9619073 的第 14 个心跳包发送成功
[02:23:28 INF] 【直播间】407149 的第 14 个心跳包发送成功
[02:23:30 INF] 【直播间】11732699 的第 14 个心跳包发送成功
[02:23:31 INF] 【直播间】7184632 的第 14 个心跳包发送成功
[02:23:32 INF] 【直播间】91164 的第 14 个心跳包发送成功
[02:23:33 INF] 【直播间】23447660 的第 14 个心跳包发送成功
[02:23:34 INF] 【直播间】929670 的第 14 个心跳包发送成功
[02:23:36 INF] 【直播间】22764265 的第 14 个心跳包发送成功
[02:24:29 INF] 【直播间】23357926 的第 15 个心跳包发送成功
[02:24:30 INF] 【直播间】23040372 的第 15 个心跳包发送成功
[02:24:31 INF] 【直播间】31494 的第 15 个心跳包发送成功
[02:24:33 INF] 【直播间】4015781 的第 15 个心跳包发送成功
[02:24:34 INF] 【直播间】9619073 的第 15 个心跳包发送成功
[02:24:35 INF] 【直播间】407149 的第 15 个心跳包发送成功
[02:24:36 INF] 【直播间】11732699 的第 15 个心跳包发送成功
[02:24:37 INF] 【直播间】7184632 的第 15 个心跳包发送成功
[02:24:39 INF] 【直播间】91164 的第 15 个心跳包发送成功
[02:24:40 INF] 【直播间】23447660 的第 15 个心跳包发送成功
[02:24:41 INF] 【直播间】929670 的第 15 个心跳包发送成功
[02:24:42 INF] 【直播间】22764265 的第 15 个心跳包发送成功
[02:25:35 ERR] 【心跳包】直播间 23357926 发送失败
[02:25:35 ERR] 【原因】time check failed
[02:25:36 ERR] 【心跳包】直播间 23040372 发送失败
[02:25:36 ERR] 【原因】time check failed
[02:25:38 ERR] 【心跳包】直播间 31494 发送失败
[02:25:38 ERR] 【原因】time check failed
[02:25:39 ERR] 【心跳包】直播间 4015781 发送失败
[02:25:39 ERR] 【原因】time check failed
[02:25:40 ERR] 【心跳包】直播间 9619073 发送失败
[02:25:40 ERR] 【原因】time check failed
[02:25:41 ERR] 【心跳包】直播间 407149 发送失败
[02:25:41 ERR] 【原因】time check failed
[02:25:42 ERR] 【心跳包】直播间 11732699 发送失败
[02:25:42 ERR] 【原因】time check failed
[02:25:44 ERR] 【心跳包】直播间 7184632 发送失败
[02:25:44 ERR] 【原因】time check failed
[02:25:45 ERR] 【心跳包】直播间 91164 发送失败
[02:25:45 ERR] 【原因】time check failed
[02:25:46 ERR] 【心跳包】直播间 23447660 发送失败
[02:25:46 ERR] 【原因】time check failed
[02:25:47 ERR] 【心跳包】直播间 929670 发送失败
[02:25:47 ERR] 【原因】time check failed
[02:25:48 ERR] 【心跳包】直播间 22764265 发送失败
[02:25:48 ERR] 【原因】time check failed
[02:26:41 INF] 【直播间】23357926 的第 16 个心跳包发送成功
[02:26:43 INF] 【直播间】23040372 的第 16 个心跳包发送成功
[02:26:44 INF] 【直播间】31494 的第 16 个心跳包发送成功
[02:26:45 INF] 【直播间】4015781 的第 16 个心跳包发送成功
[02:26:46 INF] 【直播间】9619073 的第 16 个心跳包发送成功
[02:26:47 INF] 【直播间】407149 的第 16 个心跳包发送成功
[02:26:49 INF] 【直播间】11732699 的第 16 个心跳包发送成功
[02:26:50 INF] 【直播间】7184632 的第 16 个心跳包发送成功
[02:26:51 INF] 【直播间】91164 的第 16 个心跳包发送成功
[02:26:52 INF] 【直播间】23447660 的第 16 个心跳包发送成功
[02:26:53 INF] 【直播间】929670 的第 16 个心跳包发送成功
[02:26:55 INF] 【直播间】22764265 的第 16 个心跳包发送成功
[02:27:48 INF] 【直播间】23357926 的第 17 个心跳包发送成功
[02:27:49 INF] 【直播间】23040372 的第 17 个心跳包发送成功
[02:27:50 INF] 【直播间】31494 的第 17 个心跳包发送成功
[02:27:51 INF] 【直播间】4015781 的第 17 个心跳包发送成功
[02:27:53 INF] 【直播间】9619073 的第 17 个心跳包发送成功
[02:27:54 INF] 【直播间】407149 的第 17 个心跳包发送成功
[02:27:55 INF] 【直播间】11732699 的第 17 个心跳包发送成功
[02:27:56 INF] 【直播间】7184632 的第 17 个心跳包发送成功
[02:27:58 INF] 【直播间】91164 的第 17 个心跳包发送成功
[02:27:59 INF] 【直播间】23447660 的第 17 个心跳包发送成功
[02:28:00 INF] 【直播间】929670 的第 17 个心跳包发送成功
[02:28:01 INF] 【直播间】22764265 的第 17 个心跳包发送成功
[02:28:54 INF] 【直播间】23357926 的第 18 个心跳包发送成功
[02:28:55 INF] 【直播间】23040372 的第 18 个心跳包发送成功
[02:28:56 INF] 【直播间】31494 的第 18 个心跳包发送成功
[02:28:58 INF] 【直播间】4015781 的第 18 个心跳包发送成功
[02:28:59 INF] 【直播间】9619073 的第 18 个心跳包发送成功
[02:29:00 INF] 【直播间】407149 的第 18 个心跳包发送成功
[02:29:01 INF] 【直播间】11732699 的第 18 个心跳包发送成功
[02:29:03 INF] 【直播间】7184632 的第 18 个心跳包发送成功
[02:29:04 INF] 【直播间】91164 的第 18 个心跳包发送成功
[02:29:05 INF] 【直播间】23447660 的第 18 个心跳包发送成功
[02:29:06 INF] 【直播间】929670 的第 18 个心跳包发送成功
[02:29:08 INF] 【直播间】22764265 的第 18 个心跳包发送成功
[02:30:00 INF] 【直播间】23357926 的第 19 个心跳包发送成功
[02:30:02 INF] 【直播间】23040372 的第 19 个心跳包发送成功
[02:30:03 INF] 【直播间】31494 的第 19 个心跳包发送成功
[02:30:04 INF] 【直播间】4015781 的第 19 个心跳包发送成功
[02:30:05 INF] 【直播间】9619073 的第 19 个心跳包发送成功
[02:30:06 INF] 【直播间】407149 的第 19 个心跳包发送成功
[02:30:08 INF] 【直播间】11732699 的第 19 个心跳包发送成功
[02:30:09 INF] 【直播间】7184632 的第 19 个心跳包发送成功
[02:30:10 INF] 【直播间】91164 的第 19 个心跳包发送成功
[02:30:11 INF] 【直播间】23447660 的第 19 个心跳包发送成功
[02:30:13 INF] 【直播间】929670 的第 19 个心跳包发送成功
[02:30:14 INF] 【直播间】22764265 的第 19 个心跳包发送成功
[02:31:07 INF] 【直播间】23357926 的第 20 个心跳包发送成功
[02:31:08 INF] 【直播间】23040372 的第 20 个心跳包发送成功
[02:31:09 INF] 【直播间】31494 的第 20 个心跳包发送成功
[02:31:11 INF] 【直播间】4015781 的第 20 个心跳包发送成功
[02:31:12 INF] 【直播间】9619073 的第 20 个心跳包发送成功
[02:31:13 INF] 【直播间】407149 的第 20 个心跳包发送成功
[02:31:14 INF] 【直播间】11732699 的第 20 个心跳包发送成功
[02:31:16 INF] 【直播间】7184632 的第 20 个心跳包发送成功
[02:31:17 INF] 【直播间】91164 的第 20 个心跳包发送成功
[02:31:18 INF] 【直播间】23447660 的第 20 个心跳包发送成功
[02:31:19 INF] 【直播间】929670 的第 20 个心跳包发送成功
[02:31:21 INF] 【直播间】22764265 的第 20 个心跳包发送成功
[02:32:13 INF] 【直播间】23357926 的第 21 个心跳包发送成功
[02:32:14 INF] 【直播间】23040372 的第 21 个心跳包发送成功
[02:32:16 INF] 【直播间】31494 的第 21 个心跳包发送成功
[02:32:17 INF] 【直播间】4015781 的第 21 个心跳包发送成功
[02:32:18 INF] 【直播间】9619073 的第 21 个心跳包发送成功
[02:32:19 INF] 【直播间】407149 的第 21 个心跳包发送成功
[02:32:21 INF] 【直播间】11732699 的第 21 个心跳包发送成功
[02:32:22 INF] 【直播间】7184632 的第 21 个心跳包发送成功
[02:32:23 INF] 【直播间】91164 的第 21 个心跳包发送成功
[02:32:24 INF] 【直播间】23447660 的第 21 个心跳包发送成功
[02:32:26 INF] 【直播间】929670 的第 21 个心跳包发送成功
[02:32:27 INF] 【直播间】22764265 的第 21 个心跳包发送成功
[02:33:19 INF] 【直播间】23357926 的第 22 个心跳包发送成功
[02:33:21 INF] 【直播间】23040372 的第 22 个心跳包发送成功
[02:33:22 INF] 【直播间】31494 的第 22 个心跳包发送成功
[02:33:23 INF] 【直播间】4015781 的第 22 个心跳包发送成功
[02:33:24 INF] 【直播间】9619073 的第 22 个心跳包发送成功
[02:33:26 INF] 【直播间】407149 的第 22 个心跳包发送成功
[02:33:27 INF] 【直播间】11732699 的第 22 个心跳包发送成功
[02:33:28 INF] 【直播间】7184632 的第 22 个心跳包发送成功
[02:33:30 INF] 【直播间】91164 的第 22 个心跳包发送成功
[02:33:31 INF] 【直播间】23447660 的第 22 个心跳包发送成功
[02:33:32 INF] 【直播间】929670 的第 22 个心跳包发送成功
[02:33:33 INF] 【直播间】22764265 的第 22 个心跳包发送成功
[02:34:26 INF] 【直播间】23357926 的第 23 个心跳包发送成功
[02:34:27 INF] 【直播间】23040372 的第 23 个心跳包发送成功
[02:34:28 INF] 【直播间】31494 的第 23 个心跳包发送成功
[02:34:29 INF] 【直播间】4015781 的第 23 个心跳包发送成功
[02:34:31 INF] 【直播间】9619073 的第 23 个心跳包发送成功
[02:34:32 INF] 【直播间】407149 的第 23 个心跳包发送成功
[02:34:33 INF] 【直播间】11732699 的第 23 个心跳包发送成功
[02:34:35 INF] 【直播间】7184632 的第 23 个心跳包发送成功
[02:34:36 INF] 【直播间】91164 的第 23 个心跳包发送成功
[02:34:37 INF] 【直播间】23447660 的第 23 个心跳包发送成功
[02:34:38 INF] 【直播间】929670 的第 23 个心跳包发送成功
[02:34:39 INF] 【直播间】22764265 的第 23 个心跳包发送成功
[02:35:32 INF] 【直播间】23357926 的第 24 个心跳包发送成功
[02:35:33 INF] 【直播间】23040372 的第 24 个心跳包发送成功
[02:35:35 INF] 【直播间】31494 的第 24 个心跳包发送成功
[02:35:36 INF] 【直播间】4015781 的第 24 个心跳包发送成功
[02:35:37 INF] 【直播间】9619073 的第 24 个心跳包发送成功
[02:35:38 INF] 【直播间】407149 的第 24 个心跳包发送成功
[02:35:39 INF] 【直播间】11732699 的第 24 个心跳包发送成功
[02:35:41 INF] 【直播间】7184632 的第 24 个心跳包发送成功
[02:35:42 INF] 【直播间】91164 的第 24 个心跳包发送成功
[02:35:43 INF] 【直播间】23447660 的第 24 个心跳包发送成功
[02:35:44 INF] 【直播间】929670 的第 24 个心跳包发送成功
[02:35:46 INF] 【直播间】22764265 的第 24 个心跳包发送成功
[02:36:38 INF] 【直播间】23357926 的第 25 个心跳包发送成功
[02:36:40 INF] 【直播间】23040372 的第 25 个心跳包发送成功
[02:36:41 INF] 【直播间】31494 的第 25 个心跳包发送成功
[02:36:42 INF] 【直播间】4015781 的第 25 个心跳包发送成功
[02:36:43 INF] 【直播间】9619073 的第 25 个心跳包发送成功
[02:36:44 INF] 【直播间】407149 的第 25 个心跳包发送成功
[02:36:46 INF] 【直播间】11732699 的第 25 个心跳包发送成功
[02:36:47 INF] 【直播间】7184632 的第 25 个心跳包发送成功
[02:36:48 INF] 【直播间】91164 的第 25 个心跳包发送成功
[02:36:49 INF] 【直播间】23447660 的第 25 个心跳包发送成功
[02:36:51 INF] 【直播间】929670 的第 25 个心跳包发送成功
[02:36:52 INF] 【直播间】22764265 的第 25 个心跳包发送成功
[02:37:45 INF] 【直播间】23357926 的第 26 个心跳包发送成功
[02:37:46 INF] 【直播间】23040372 的第 26 个心跳包发送成功
[02:37:47 INF] 【直播间】31494 的第 26 个心跳包发送成功
[02:37:48 INF] 【直播间】4015781 的第 26 个心跳包发送成功
[02:37:50 INF] 【直播间】9619073 的第 26 个心跳包发送成功
[02:37:51 INF] 【直播间】407149 的第 26 个心跳包发送成功
[02:37:52 INF] 【直播间】11732699 的第 26 个心跳包发送成功
[02:37:53 INF] 【直播间】7184632 的第 26 个心跳包发送成功
[02:37:54 INF] 【直播间】91164 的第 26 个心跳包发送成功
[02:37:56 INF] 【直播间】23447660 的第 26 个心跳包发送成功
[02:37:57 INF] 【直播间】929670 的第 26 个心跳包发送成功
[02:37:58 INF] 【直播间】22764265 的第 26 个心跳包发送成功
[02:38:51 INF] 【直播间】23357926 的第 27 个心跳包发送成功
[02:38:52 INF] 【直播间】23040372 的第 27 个心跳包发送成功
[02:38:53 INF] 【直播间】31494 的第 27 个心跳包发送成功
[02:38:55 INF] 【直播间】4015781 的第 27 个心跳包发送成功
[02:38:56 INF] 【直播间】9619073 的第 27 个心跳包发送成功
[02:38:57 INF] 【直播间】407149 的第 27 个心跳包发送成功
[02:38:58 INF] 【直播间】11732699 的第 27 个心跳包发送成功
[02:38:59 INF] 【直播间】7184632 的第 27 个心跳包发送成功
[02:39:01 INF] 【直播间】91164 的第 27 个心跳包发送成功
[02:39:02 INF] 【直播间】23447660 的第 27 个心跳包发送成功
[02:39:03 INF] 【直播间】929670 的第 27 个心跳包发送成功
[02:39:04 INF] 【直播间】22764265 的第 27 个心跳包发送成功
[02:39:57 INF] 【直播间】23357926 的第 28 个心跳包发送成功
[02:39:59 INF] 【直播间】23040372 的第 28 个心跳包发送成功
[02:40:00 INF] 【直播间】31494 的第 28 个心跳包发送成功
[02:40:01 INF] 【直播间】4015781 的第 28 个心跳包发送成功
[02:40:02 INF] 【直播间】9619073 的第 28 个心跳包发送成功
[02:40:03 INF] 【直播间】407149 的第 28 个心跳包发送成功
[02:40:05 INF] 【直播间】11732699 的第 28 个心跳包发送成功
[02:40:06 INF] 【直播间】7184632 的第 28 个心跳包发送成功
[02:40:07 INF] 【直播间】91164 的第 28 个心跳包发送成功
[02:40:08 INF] 【直播间】23447660 的第 28 个心跳包发送成功
[02:40:09 INF] 【直播间】929670 的第 28 个心跳包发送成功
[02:40:11 INF] 【直播间】22764265 的第 28 个心跳包发送成功
[02:41:04 INF] 【直播间】23357926 的第 29 个心跳包发送成功
[02:41:05 INF] 【直播间】23040372 的第 29 个心跳包发送成功
[02:41:06 INF] 【直播间】31494 的第 29 个心跳包发送成功
[02:41:07 INF] 【直播间】4015781 的第 29 个心跳包发送成功
[02:41:08 INF] 【直播间】9619073 的第 29 个心跳包发送成功
[02:41:10 INF] 【直播间】407149 的第 29 个心跳包发送成功
[02:41:11 INF] 【直播间】11732699 的第 29 个心跳包发送成功
[02:41:12 INF] 【直播间】7184632 的第 29 个心跳包发送成功
[02:41:14 INF] 【直播间】91164 的第 29 个心跳包发送成功
[02:41:15 INF] 【直播间】23447660 的第 29 个心跳包发送成功
[02:41:16 INF] 【直播间】929670 的第 29 个心跳包发送成功
[02:41:17 INF] 【直播间】22764265 的第 29 个心跳包发送成功
[02:42:10 ERR] 【心跳包】直播间 23357926 发送失败
[02:42:10 ERR] 【原因】time check failed
[02:42:11 ERR] 【心跳包】直播间 23040372 发送失败
[02:42:11 ERR] 【原因】time check failed
[02:42:12 ERR] 【心跳包】直播间 31494 发送失败
[02:42:12 ERR] 【原因】time check failed
[02:42:14 ERR] 【心跳包】直播间 4015781 发送失败
[02:42:14 ERR] 【原因】time check failed
[02:42:15 ERR] 【心跳包】直播间 9619073 发送失败
[02:42:15 ERR] 【原因】time check failed
[02:42:16 ERR] 【心跳包】直播间 407149 发送失败
[02:42:16 ERR] 【原因】time check failed
[02:42:17 ERR] 【心跳包】直播间 11732699 发送失败
[02:42:17 ERR] 【原因】time check failed
[02:42:18 ERR] 【心跳包】直播间 7184632 发送失败
[02:42:18 ERR] 【原因】time check failed
[02:42:20 ERR] 【心跳包】直播间 91164 发送失败
[02:42:20 ERR] 【原因】time check failed
[02:42:21 ERR] 【心跳包】直播间 23447660 发送失败
[02:42:21 ERR] 【原因】time check failed
[02:42:22 ERR] 【心跳包】直播间 929670 发送失败
[02:42:22 ERR] 【原因】time check failed
[02:42:23 ERR] 【心跳包】直播间 22764265 发送失败
[02:42:23 ERR] 【原因】time check failed
[02:43:16 INF] 【直播间】23357926 的第 30 个心跳包发送成功
[02:43:17 INF] 【直播间】23040372 的第 30 个心跳包发送成功
[02:43:19 INF] 【直播间】31494 的第 30 个心跳包发送成功
[02:43:20 INF] 【直播间】4015781 的第 30 个心跳包发送成功
[02:43:21 INF] 【直播间】9619073 的第 30 个心跳包发送成功
[02:43:22 INF] 【直播间】407149 的第 30 个心跳包发送成功
[02:43:23 INF] 【直播间】11732699 的第 30 个心跳包发送成功
[02:43:25 INF] 【直播间】7184632 的第 30 个心跳包发送成功
[02:43:26 INF] 【直播间】91164 的第 30 个心跳包发送成功
[02:43:27 INF] 【直播间】23447660 的第 30 个心跳包发送成功
[02:43:28 INF] 【直播间】929670 的第 30 个心跳包发送成功
[02:43:30 INF] 【直播间】22764265 的第 30 个心跳包发送成功
[02:44:23 INF] 【直播间】23357926 的第 31 个心跳包发送成功
[02:44:24 INF] 【直播间】23040372 的第 31 个心跳包发送成功
[02:44:25 INF] 【直播间】31494 的第 31 个心跳包发送成功
[02:44:26 INF] 【直播间】4015781 的第 31 个心跳包发送成功
[02:44:28 INF] 【直播间】9619073 的第 31 个心跳包发送成功
[02:44:29 INF] 【直播间】407149 的第 31 个心跳包发送成功
[02:44:30 INF] 【直播间】11732699 的第 31 个心跳包发送成功
[02:44:31 INF] 【直播间】7184632 的第 31 个心跳包发送成功
[02:44:32 INF] 【直播间】91164 的第 31 个心跳包发送成功
[02:44:34 INF] 【直播间】23447660 的第 31 个心跳包发送成功
[02:44:35 INF] 【直播间】929670 的第 31 个心跳包发送成功
[02:44:36 INF] 【直播间】22764265 的第 31 个心跳包发送成功
[02:45:29 INF] 【直播间】23357926 的第 32 个心跳包发送成功
[02:45:30 INF] 【直播间】23040372 的第 32 个心跳包发送成功
[02:45:32 INF] 【直播间】31494 的第 32 个心跳包发送成功
[02:45:33 INF] 【直播间】4015781 的第 32 个心跳包发送成功
[02:45:34 INF] 【直播间】9619073 的第 32 个心跳包发送成功
[02:45:35 INF] 【直播间】407149 的第 32 个心跳包发送成功
[02:45:36 INF] 【直播间】11732699 的第 32 个心跳包发送成功
[02:45:38 INF] 【直播间】7184632 的第 32 个心跳包发送成功
[02:45:39 INF] 【直播间】91164 的第 32 个心跳包发送成功
[02:45:40 INF] 【直播间】23447660 的第 32 个心跳包发送成功
[02:45:41 INF] 【直播间】929670 的第 32 个心跳包发送成功
[02:45:42 INF] 【直播间】22764265 的第 32 个心跳包发送成功
[02:46:35 INF] 【直播间】23357926 的第 33 个心跳包发送成功
[02:46:36 INF] 【直播间】23040372 的第 33 个心跳包发送成功
[02:46:38 INF] 【直播间】31494 的第 33 个心跳包发送成功
[02:46:39 INF] 【直播间】4015781 的第 33 个心跳包发送成功
[02:46:40 INF] 【直播间】9619073 的第 33 个心跳包发送成功
[02:46:42 INF] 【直播间】407149 的第 33 个心跳包发送成功
[02:46:43 INF] 【直播间】11732699 的第 33 个心跳包发送成功
[02:46:44 INF] 【直播间】7184632 的第 33 个心跳包发送成功
[02:46:45 INF] 【直播间】91164 的第 33 个心跳包发送成功
[02:46:46 INF] 【直播间】23447660 的第 33 个心跳包发送成功
[02:46:48 INF] 【直播间】929670 的第 33 个心跳包发送成功
[02:46:49 INF] 【直播间】22764265 的第 33 个心跳包发送成功
[02:47:42 INF] 【直播间】23357926 的第 34 个心跳包发送成功
[02:47:43 INF] 【直播间】23040372 的第 34 个心跳包发送成功
[02:47:44 INF] 【直播间】31494 的第 34 个心跳包发送成功
[02:47:45 INF] 【直播间】4015781 的第 34 个心跳包发送成功
[02:47:47 INF] 【直播间】9619073 的第 34 个心跳包发送成功
[02:47:48 INF] 【直播间】407149 的第 34 个心跳包发送成功
[02:47:49 INF] 【直播间】11732699 的第 34 个心跳包发送成功
[02:47:50 INF] 【直播间】7184632 的第 34 个心跳包发送成功
[02:47:51 INF] 【直播间】91164 的第 34 个心跳包发送成功
[02:47:53 INF] 【直播间】23447660 的第 34 个心跳包发送成功
[02:47:54 INF] 【直播间】929670 的第 34 个心跳包发送成功
[02:47:55 INF] 【直播间】22764265 的第 34 个心跳包发送成功
[02:48:48 INF] 【直播间】23357926 的第 35 个心跳包发送成功
[02:48:49 INF] 【直播间】23040372 的第 35 个心跳包发送成功
[02:48:51 INF] 【直播间】31494 的第 35 个心跳包发送成功
[02:48:52 INF] 【直播间】4015781 的第 35 个心跳包发送成功
[02:48:53 INF] 【直播间】9619073 的第 35 个心跳包发送成功
[02:48:54 INF] 【直播间】407149 的第 35 个心跳包发送成功
[02:48:56 INF] 【直播间】11732699 的第 35 个心跳包发送成功
[02:48:57 INF] 【直播间】7184632 的第 35 个心跳包发送成功
[02:48:58 INF] 【直播间】91164 的第 35 个心跳包发送成功
[02:48:59 INF] 【直播间】23447660 的第 35 个心跳包发送成功
[02:49:01 INF] 【直播间】929670 的第 35 个心跳包发送成功
[02:49:02 INF] 【直播间】22764265 的第 35 个心跳包发送成功
[02:49:54 INF] 【直播间】23357926 的第 36 个心跳包发送成功
[02:49:56 INF] 【直播间】23040372 的第 36 个心跳包发送成功
[02:49:57 INF] 【直播间】31494 的第 36 个心跳包发送成功
[02:49:58 INF] 【直播间】4015781 的第 36 个心跳包发送成功
[02:49:59 INF] 【直播间】9619073 的第 36 个心跳包发送成功
[02:50:01 INF] 【直播间】407149 的第 36 个心跳包发送成功
[02:50:02 INF] 【直播间】11732699 的第 36 个心跳包发送成功
[02:50:03 INF] 【直播间】7184632 的第 36 个心跳包发送成功
[02:50:04 INF] 【直播间】91164 的第 36 个心跳包发送成功
[02:50:06 INF] 【直播间】23447660 的第 36 个心跳包发送成功
[02:50:07 INF] 【直播间】929670 的第 36 个心跳包发送成功
[02:50:08 INF] 【直播间】22764265 的第 36 个心跳包发送成功
[02:51:01 INF] 【直播间】23357926 的第 37 个心跳包发送成功
[02:51:02 INF] 【直播间】23040372 的第 37 个心跳包发送成功
[02:51:03 INF] 【直播间】31494 的第 37 个心跳包发送成功
[02:51:05 INF] 【直播间】4015781 的第 37 个心跳包发送成功
[02:51:06 INF] 【直播间】9619073 的第 37 个心跳包发送成功
[02:51:07 INF] 【直播间】407149 的第 37 个心跳包发送成功
[02:51:08 INF] 【直播间】11732699 的第 37 个心跳包发送成功
[02:51:10 INF] 【直播间】7184632 的第 37 个心跳包发送成功
[02:51:11 INF] 【直播间】91164 的第 37 个心跳包发送成功
[02:51:12 INF] 【直播间】23447660 的第 37 个心跳包发送成功
[02:51:14 INF] 【直播间】929670 的第 37 个心跳包发送成功
[02:51:15 INF] 【直播间】22764265 的第 37 个心跳包发送成功
[02:52:07 INF] 【直播间】23357926 的第 38 个心跳包发送成功
[02:52:08 INF] 【直播间】23040372 的第 38 个心跳包发送成功
[02:52:10 INF] 【直播间】31494 的第 38 个心跳包发送成功
[02:52:11 INF] 【直播间】4015781 的第 38 个心跳包发送成功
[02:52:12 INF] 【直播间】9619073 的第 38 个心跳包发送成功
[02:52:14 INF] 【直播间】407149 的第 38 个心跳包发送成功
[02:52:15 INF] 【直播间】11732699 的第 38 个心跳包发送成功
[02:52:16 INF] 【直播间】7184632 的第 38 个心跳包发送成功
[02:52:17 INF] 【直播间】91164 的第 38 个心跳包发送成功
[02:52:18 INF] 【直播间】23447660 的第 38 个心跳包发送成功
[02:52:20 INF] 【直播间】929670 的第 38 个心跳包发送成功
[02:52:21 INF] 【直播间】22764265 的第 38 个心跳包发送成功
[02:53:14 INF] 【直播间】23357926 的第 39 个心跳包发送成功
[02:53:15 INF] 【直播间】23040372 的第 39 个心跳包发送成功
[02:53:16 INF] 【直播间】31494 的第 39 个心跳包发送成功
[02:53:17 INF] 【直播间】4015781 的第 39 个心跳包发送成功
[02:53:19 INF] 【直播间】9619073 的第 39 个心跳包发送成功
[02:53:20 INF] 【直播间】407149 的第 39 个心跳包发送成功
[02:53:21 INF] 【直播间】11732699 的第 39 个心跳包发送成功
[02:53:22 INF] 【直播间】7184632 的第 39 个心跳包发送成功
[02:53:23 INF] 【直播间】91164 的第 39 个心跳包发送成功
[02:53:25 INF] 【直播间】23447660 的第 39 个心跳包发送成功
[02:53:26 INF] 【直播间】929670 的第 39 个心跳包发送成功
[02:53:27 INF] 【直播间】22764265 的第 39 个心跳包发送成功
[02:54:20 INF] 【直播间】23357926 的第 40 个心跳包发送成功
[02:54:21 INF] 【直播间】23040372 的第 40 个心跳包发送成功
[02:54:22 INF] 【直播间】31494 的第 40 个心跳包发送成功
[02:54:24 INF] 【直播间】4015781 的第 40 个心跳包发送成功
[02:54:25 INF] 【直播间】9619073 的第 40 个心跳包发送成功
[02:54:26 INF] 【直播间】407149 的第 40 个心跳包发送成功
[02:54:27 INF] 【直播间】11732699 的第 40 个心跳包发送成功
[02:54:29 INF] 【直播间】7184632 的第 40 个心跳包发送成功
[02:54:30 INF] 【直播间】91164 的第 40 个心跳包发送成功
[02:54:31 INF] 【直播间】23447660 的第 40 个心跳包发送成功
[02:54:32 INF] 【直播间】929670 的第 40 个心跳包发送成功
[02:54:34 INF] 【直播间】22764265 的第 40 个心跳包发送成功
[02:55:26 INF] 【直播间】23357926 的第 41 个心跳包发送成功
[02:55:27 INF] 【直播间】23040372 的第 41 个心跳包发送成功
[02:55:28 INF] 【直播间】31494 的第 41 个心跳包发送成功
[02:55:30 INF] 【直播间】4015781 的第 41 个心跳包发送成功
[02:55:31 INF] 【直播间】9619073 的第 41 个心跳包发送成功
[02:55:33 INF] 【直播间】407149 的第 41 个心跳包发送成功
[02:55:34 INF] 【直播间】11732699 的第 41 个心跳包发送成功
[02:55:35 INF] 【直播间】7184632 的第 41 个心跳包发送成功
[02:55:37 INF] 【直播间】91164 的第 41 个心跳包发送成功
[02:55:38 INF] 【直播间】23447660 的第 41 个心跳包发送成功
[02:55:39 INF] 【直播间】929670 的第 41 个心跳包发送成功
[02:55:40 INF] 【直播间】22764265 的第 41 个心跳包发送成功
[02:56:33 INF] 【直播间】23357926 的第 42 个心跳包发送成功
[02:56:34 INF] 【直播间】23040372 的第 42 个心跳包发送成功
[02:56:35 INF] 【直播间】31494 的第 42 个心跳包发送成功
[02:56:36 INF] 【直播间】4015781 的第 42 个心跳包发送成功
[02:56:38 INF] 【直播间】9619073 的第 42 个心跳包发送成功
[02:56:39 INF] 【直播间】407149 的第 42 个心跳包发送成功
[02:56:40 INF] 【直播间】11732699 的第 42 个心跳包发送成功
[02:56:41 INF] 【直播间】7184632 的第 42 个心跳包发送成功
[02:56:43 INF] 【直播间】91164 的第 42 个心跳包发送成功
[02:56:44 INF] 【直播间】23447660 的第 42 个心跳包发送成功
[02:56:45 INF] 【直播间】929670 的第 42 个心跳包发送成功
[02:56:47 INF] 【直播间】22764265 的第 42 个心跳包发送成功
[02:57:39 INF] 【直播间】23357926 的第 43 个心跳包发送成功
[02:57:40 INF] 【直播间】23040372 的第 43 个心跳包发送成功
[02:57:41 INF] 【直播间】31494 的第 43 个心跳包发送成功
[02:57:43 INF] 【直播间】4015781 的第 43 个心跳包发送成功
[02:57:44 INF] 【直播间】9619073 的第 43 个心跳包发送成功
[02:57:45 INF] 【直播间】407149 的第 43 个心跳包发送成功
[02:57:46 INF] 【直播间】11732699 的第 43 个心跳包发送成功
[02:57:48 INF] 【直播间】7184632 的第 43 个心跳包发送成功
[02:57:49 INF] 【直播间】91164 的第 43 个心跳包发送成功
[02:57:50 INF] 【直播间】23447660 的第 43 个心跳包发送成功
[02:57:51 INF] 【直播间】929670 的第 43 个心跳包发送成功
[02:57:53 INF] 【直播间】22764265 的第 43 个心跳包发送成功
[02:58:45 ERR] 【心跳包】直播间 23357926 发送失败
[02:58:45 ERR] 【原因】time check failed
[02:58:46 ERR] 【心跳包】直播间 23040372 发送失败
[02:58:46 ERR] 【原因】time check failed
[02:58:48 ERR] 【心跳包】直播间 31494 发送失败
[02:58:48 ERR] 【原因】time check failed
[02:58:49 ERR] 【心跳包】直播间 4015781 发送失败
[02:58:49 ERR] 【原因】time check failed
[02:58:50 ERR] 【心跳包】直播间 9619073 发送失败
[02:58:50 ERR] 【原因】time check failed
[02:58:51 ERR] 【心跳包】直播间 407149 发送失败
[02:58:51 ERR] 【原因】time check failed
[02:58:53 ERR] 【心跳包】直播间 11732699 发送失败
[02:58:53 ERR] 【原因】time check failed
[02:58:54 ERR] 【心跳包】直播间 7184632 发送失败
[02:58:54 ERR] 【原因】time check failed
[02:58:55 ERR] 【心跳包】直播间 91164 发送失败
[02:58:55 ERR] 【原因】time check failed
[02:58:56 ERR] 【心跳包】直播间 23447660 发送失败
[02:58:56 ERR] 【原因】time check failed
[02:58:58 ERR] 【心跳包】直播间 929670 发送失败
[02:58:58 ERR] 【原因】time check failed
[02:58:59 ERR] 【心跳包】直播间 22764265 发送失败
[02:58:59 ERR] 【原因】time check failed
[02:59:51 INF] 【直播间】23357926 的第 44 个心跳包发送成功
[02:59:53 INF] 【直播间】23040372 的第 44 个心跳包发送成功
[02:59:54 INF] 【直播间】31494 的第 44 个心跳包发送成功
[02:59:55 INF] 【直播间】4015781 的第 44 个心跳包发送成功
[02:59:56 INF] 【直播间】9619073 的第 44 个心跳包发送成功
[02:59:58 INF] 【直播间】407149 的第 44 个心跳包发送成功
[02:59:59 INF] 【直播间】11732699 的第 44 个心跳包发送成功
[03:00:00 INF] 【直播间】7184632 的第 44 个心跳包发送成功
[03:00:02 INF] 【直播间】91164 的第 44 个心跳包发送成功
[03:00:03 INF] 【直播间】23447660 的第 44 个心跳包发送成功
[03:00:04 INF] 【直播间】929670 的第 44 个心跳包发送成功
[03:00:05 INF] 【直播间】22764265 的第 44 个心跳包发送成功
[03:00:58 INF] 【直播间】23357926 的第 45 个心跳包发送成功
[03:00:59 INF] 【直播间】23040372 的第 45 个心跳包发送成功
[03:01:00 INF] 【直播间】31494 的第 45 个心跳包发送成功
[03:01:02 INF] 【直播间】4015781 的第 45 个心跳包发送成功
[03:01:03 INF] 【直播间】9619073 的第 45 个心跳包发送成功
[03:01:04 INF] 【直播间】407149 的第 45 个心跳包发送成功
[03:01:05 INF] 【直播间】11732699 的第 45 个心跳包发送成功
[03:01:07 INF] 【直播间】7184632 的第 45 个心跳包发送成功
[03:01:08 INF] 【直播间】91164 的第 45 个心跳包发送成功
[03:01:09 INF] 【直播间】23447660 的第 45 个心跳包发送成功
[03:01:10 INF] 【直播间】929670 的第 45 个心跳包发送成功
[03:01:12 INF] 【直播间】22764265 的第 45 个心跳包发送成功
[03:02:04 INF] 【直播间】23357926 的第 46 个心跳包发送成功
[03:02:05 INF] 【直播间】23040372 的第 46 个心跳包发送成功
[03:02:07 INF] 【直播间】31494 的第 46 个心跳包发送成功
[03:02:08 INF] 【直播间】4015781 的第 46 个心跳包发送成功
[03:02:09 INF] 【直播间】9619073 的第 46 个心跳包发送成功
[03:02:10 INF] 【直播间】407149 的第 46 个心跳包发送成功
[03:02:12 INF] 【直播间】11732699 的第 46 个心跳包发送成功
[03:02:13 INF] 【直播间】7184632 的第 46 个心跳包发送成功
[03:02:14 INF] 【直播间】91164 的第 46 个心跳包发送成功
[03:02:15 INF] 【直播间】23447660 的第 46 个心跳包发送成功
[03:02:17 INF] 【直播间】929670 的第 46 个心跳包发送成功
[03:02:18 INF] 【直播间】22764265 的第 46 个心跳包发送成功
[03:03:10 INF] 【直播间】23357926 的第 47 个心跳包发送成功
[03:03:12 INF] 【直播间】23040372 的第 47 个心跳包发送成功
[03:03:13 INF] 【直播间】31494 的第 47 个心跳包发送成功
[03:03:14 INF] 【直播间】4015781 的第 47 个心跳包发送成功
[03:03:15 INF] 【直播间】9619073 的第 47 个心跳包发送成功
[03:03:16 INF] 【直播间】407149 的第 47 个心跳包发送成功
[03:03:18 INF] 【直播间】11732699 的第 47 个心跳包发送成功
[03:03:19 INF] 【直播间】7184632 的第 47 个心跳包发送成功
[03:03:20 INF] 【直播间】91164 的第 47 个心跳包发送成功
[03:03:22 INF] 【直播间】23447660 的第 47 个心跳包发送成功
[03:03:23 INF] 【直播间】929670 的第 47 个心跳包发送成功
[03:03:24 INF] 【直播间】22764265 的第 47 个心跳包发送成功
[03:04:17 INF] 【直播间】23357926 的第 48 个心跳包发送成功
[03:04:18 INF] 【直播间】23040372 的第 48 个心跳包发送成功
[03:04:19 INF] 【直播间】31494 的第 48 个心跳包发送成功
[03:04:20 INF] 【直播间】4015781 的第 48 个心跳包发送成功
[03:04:22 INF] 【直播间】9619073 的第 48 个心跳包发送成功
[03:04:23 INF] 【直播间】407149 的第 48 个心跳包发送成功
[03:04:24 INF] 【直播间】11732699 的第 48 个心跳包发送成功
[03:04:25 INF] 【直播间】7184632 的第 48 个心跳包发送成功
[03:04:27 INF] 【直播间】91164 的第 48 个心跳包发送成功
[03:04:28 INF] 【直播间】23447660 的第 48 个心跳包发送成功
[03:04:29 INF] 【直播间】929670 的第 48 个心跳包发送成功
[03:04:30 INF] 【直播间】22764265 的第 48 个心跳包发送成功
[03:05:23 INF] 【直播间】23357926 的第 49 个心跳包发送成功
[03:05:24 INF] 【直播间】23040372 的第 49 个心跳包发送成功
[03:05:25 INF] 【直播间】31494 的第 49 个心跳包发送成功
[03:05:27 INF] 【直播间】4015781 的第 49 个心跳包发送成功
[03:05:28 INF] 【直播间】9619073 的第 49 个心跳包发送成功
[03:05:29 INF] 【直播间】407149 的第 49 个心跳包发送成功
[03:05:30 INF] 【直播间】11732699 的第 49 个心跳包发送成功
[03:05:32 INF] 【直播间】7184632 的第 49 个心跳包发送成功
[03:05:33 INF] 【直播间】91164 的第 49 个心跳包发送成功
[03:05:34 INF] 【直播间】23447660 的第 49 个心跳包发送成功
[03:05:35 INF] 【直播间】929670 的第 49 个心跳包发送成功
[03:05:36 INF] 【直播间】22764265 的第 49 个心跳包发送成功
[03:06:29 INF] 【直播间】23357926 的第 50 个心跳包发送成功
[03:06:30 INF] 【直播间】23040372 的第 50 个心跳包发送成功
[03:06:32 INF] 【直播间】31494 的第 50 个心跳包发送成功
[03:06:33 INF] 【直播间】4015781 的第 50 个心跳包发送成功
[03:06:34 INF] 【直播间】9619073 的第 50 个心跳包发送成功
[03:06:35 INF] 【直播间】407149 的第 50 个心跳包发送成功
[03:06:37 INF] 【直播间】11732699 的第 50 个心跳包发送成功
[03:06:38 INF] 【直播间】7184632 的第 50 个心跳包发送成功
[03:06:39 INF] 【直播间】91164 的第 50 个心跳包发送成功
[03:06:40 INF] 【直播间】23447660 的第 50 个心跳包发送成功
[03:06:42 INF] 【直播间】929670 的第 50 个心跳包发送成功
[03:06:43 INF] 【直播间】22764265 的第 50 个心跳包发送成功
[03:07:36 INF] 【直播间】23357926 的第 51 个心跳包发送成功
[03:07:37 INF] 【直播间】23040372 的第 51 个心跳包发送成功
[03:07:38 INF] 【直播间】31494 的第 51 个心跳包发送成功
[03:07:39 INF] 【直播间】4015781 的第 51 个心跳包发送成功
[03:07:40 INF] 【直播间】9619073 的第 51 个心跳包发送成功
[03:07:42 INF] 【直播间】407149 的第 51 个心跳包发送成功
[03:07:43 INF] 【直播间】11732699 的第 51 个心跳包发送成功
[03:07:44 INF] 【直播间】7184632 的第 51 个心跳包发送成功
[03:07:46 INF] 【直播间】91164 的第 51 个心跳包发送成功
[03:07:47 INF] 【直播间】23447660 的第 51 个心跳包发送成功
[03:07:48 INF] 【直播间】929670 的第 51 个心跳包发送成功
[03:07:50 INF] 【直播间】22764265 的第 51 个心跳包发送成功
[03:08:42 INF] 【直播间】23357926 的第 52 个心跳包发送成功
[03:08:43 INF] 【直播间】23040372 的第 52 个心跳包发送成功
[03:08:44 INF] 【直播间】31494 的第 52 个心跳包发送成功
[03:08:46 INF] 【直播间】4015781 的第 52 个心跳包发送成功
[03:08:47 INF] 【直播间】9619073 的第 52 个心跳包发送成功
[03:08:48 INF] 【直播间】407149 的第 52 个心跳包发送成功
[03:08:49 INF] 【直播间】11732699 的第 52 个心跳包发送成功
[03:08:51 INF] 【直播间】7184632 的第 52 个心跳包发送成功
[03:08:52 INF] 【直播间】91164 的第 52 个心跳包发送成功
[03:08:53 INF] 【直播间】23447660 的第 52 个心跳包发送成功
[03:08:55 INF] 【直播间】929670 的第 52 个心跳包发送成功
[03:08:56 INF] 【直播间】22764265 的第 52 个心跳包发送成功
[03:09:48 INF] 【直播间】23357926 的第 53 个心跳包发送成功
[03:09:49 INF] 【直播间】23040372 的第 53 个心跳包发送成功
[03:09:51 INF] 【直播间】31494 的第 53 个心跳包发送成功
[03:09:52 INF] 【直播间】4015781 的第 53 个心跳包发送成功
[03:09:53 INF] 【直播间】9619073 的第 53 个心跳包发送成功
[03:09:54 INF] 【直播间】407149 的第 53 个心跳包发送成功
[03:09:56 INF] 【直播间】11732699 的第 53 个心跳包发送成功
[03:09:57 INF] 【直播间】7184632 的第 53 个心跳包发送成功
[03:09:58 INF] 【直播间】91164 的第 53 个心跳包发送成功
[03:09:59 INF] 【直播间】23447660 的第 53 个心跳包发送成功
[03:10:01 INF] 【直播间】929670 的第 53 个心跳包发送成功
[03:10:02 INF] 【直播间】22764265 的第 53 个心跳包发送成功
[03:10:55 INF] 【直播间】23357926 的第 54 个心跳包发送成功
[03:10:56 INF] 【直播间】23040372 的第 54 个心跳包发送成功
[03:10:57 INF] 【直播间】31494 的第 54 个心跳包发送成功
[03:10:58 INF] 【直播间】4015781 的第 54 个心跳包发送成功
[03:11:00 INF] 【直播间】9619073 的第 54 个心跳包发送成功
[03:11:01 INF] 【直播间】407149 的第 54 个心跳包发送成功
[03:11:02 INF] 【直播间】11732699 的第 54 个心跳包发送成功
[03:11:03 INF] 【直播间】7184632 的第 54 个心跳包发送成功
[03:11:05 INF] 【直播间】91164 的第 54 个心跳包发送成功
[03:11:06 INF] 【直播间】23447660 的第 54 个心跳包发送成功
[03:11:07 INF] 【直播间】929670 的第 54 个心跳包发送成功
[03:11:08 INF] 【直播间】22764265 的第 54 个心跳包发送成功
[03:12:01 INF] 【直播间】23357926 的第 55 个心跳包发送成功
[03:12:02 INF] 【直播间】23040372 的第 55 个心跳包发送成功
[03:12:04 INF] 【直播间】31494 的第 55 个心跳包发送成功
[03:12:05 INF] 【直播间】4015781 的第 55 个心跳包发送成功
[03:12:06 INF] 【直播间】9619073 的第 55 个心跳包发送成功
[03:12:07 INF] 【直播间】407149 的第 55 个心跳包发送成功
[03:12:09 INF] 【直播间】11732699 的第 55 个心跳包发送成功
[03:12:10 INF] 【直播间】7184632 的第 55 个心跳包发送成功
[03:12:11 INF] 【直播间】91164 的第 55 个心跳包发送成功
[03:12:12 INF] 【直播间】23447660 的第 55 个心跳包发送成功
[03:12:14 INF] 【直播间】929670 的第 55 个心跳包发送成功
[03:12:15 INF] 【直播间】22764265 的第 55 个心跳包发送成功
[03:13:07 INF] 【直播间】23357926 的第 56 个心跳包发送成功
[03:13:09 INF] 【直播间】23040372 的第 56 个心跳包发送成功
[03:13:10 INF] 【直播间】31494 的第 56 个心跳包发送成功
[03:13:11 INF] 【直播间】4015781 的第 56 个心跳包发送成功
[03:13:12 INF] 【直播间】9619073 的第 56 个心跳包发送成功
[03:13:14 INF] 【直播间】407149 的第 56 个心跳包发送成功
[03:13:15 INF] 【直播间】11732699 的第 56 个心跳包发送成功
[03:13:16 INF] 【直播间】7184632 的第 56 个心跳包发送成功
[03:13:17 INF] 【直播间】91164 的第 56 个心跳包发送成功
[03:13:19 INF] 【直播间】23447660 的第 56 个心跳包发送成功
[03:13:20 INF] 【直播间】929670 的第 56 个心跳包发送成功
[03:13:21 INF] 【直播间】22764265 的第 56 个心跳包发送成功
[03:14:14 INF] 【直播间】23357926 的第 57 个心跳包发送成功
[03:14:15 INF] 【直播间】23040372 的第 57 个心跳包发送成功
[03:14:16 INF] 【直播间】31494 的第 57 个心跳包发送成功
[03:14:17 INF] 【直播间】4015781 的第 57 个心跳包发送成功
[03:14:19 INF] 【直播间】9619073 的第 57 个心跳包发送成功
[03:14:20 INF] 【直播间】407149 的第 57 个心跳包发送成功
[03:14:21 INF] 【直播间】11732699 的第 57 个心跳包发送成功
[03:14:23 INF] 【直播间】7184632 的第 57 个心跳包发送成功
[03:14:24 INF] 【直播间】91164 的第 57 个心跳包发送成功
[03:14:25 INF] 【直播间】23447660 的第 57 个心跳包发送成功
[03:14:26 INF] 【直播间】929670 的第 57 个心跳包发送成功
[03:14:27 INF] 【直播间】22764265 的第 57 个心跳包发送成功
[03:15:20 ERR] 【心跳包】直播间 23357926 发送失败
[03:15:20 ERR] 【原因】time check failed
[03:15:21 ERR] 【心跳包】直播间 23040372 发送失败
[03:15:21 ERR] 【原因】time check failed
[03:15:22 ERR] 【心跳包】直播间 31494 发送失败
[03:15:22 ERR] 【原因】time check failed
[03:15:24 ERR] 【心跳包】直播间 4015781 发送失败
[03:15:24 ERR] 【原因】time check failed
[03:15:25 ERR] 【心跳包】直播间 9619073 发送失败
[03:15:25 ERR] 【原因】time check failed
[03:15:26 ERR] 【心跳包】直播间 407149 发送失败
[03:15:26 ERR] 【原因】time check failed
[03:15:28 ERR] 【心跳包】直播间 11732699 发送失败
[03:15:28 ERR] 【原因】time check failed
[03:15:29 ERR] 【心跳包】直播间 7184632 发送失败
[03:15:29 ERR] 【原因】time check failed
[03:15:30 ERR] 【心跳包】直播间 91164 发送失败
[03:15:30 ERR] 【原因】time check failed
[03:15:31 ERR] 【心跳包】直播间 23447660 发送失败
[03:15:31 ERR] 【原因】time check failed
[03:15:32 ERR] 【心跳包】直播间 929670 发送失败
[03:15:32 ERR] 【原因】time check failed
[03:15:34 ERR] 【心跳包】直播间 22764265 发送失败
[03:15:34 ERR] 【原因】time check failed
[03:16:26 INF] 【直播间】23357926 的第 58 个心跳包发送成功
[03:16:28 INF] 【直播间】23040372 的第 58 个心跳包发送成功
[03:16:29 INF] 【直播间】31494 的第 58 个心跳包发送成功
[03:16:30 INF] 【直播间】4015781 的第 58 个心跳包发送成功
[03:16:31 INF] 【直播间】9619073 的第 58 个心跳包发送成功
[03:16:33 INF] 【直播间】407149 的第 58 个心跳包发送成功
[03:16:34 INF] 【直播间】11732699 的第 58 个心跳包发送成功
[03:16:35 INF] 【直播间】7184632 的第 58 个心跳包发送成功
[03:16:36 INF] 【直播间】91164 的第 58 个心跳包发送成功
[03:16:38 INF] 【直播间】23447660 的第 58 个心跳包发送成功
[03:16:39 INF] 【直播间】929670 的第 58 个心跳包发送成功
[03:16:40 INF] 【直播间】22764265 的第 58 个心跳包发送成功
[03:17:33 INF] 【直播间】23357926 的第 59 个心跳包发送成功
[03:17:34 INF] 【直播间】23040372 的第 59 个心跳包发送成功
[03:17:35 INF] 【直播间】31494 的第 59 个心跳包发送成功
[03:17:36 INF] 【直播间】4015781 的第 59 个心跳包发送成功
[03:17:38 INF] 【直播间】9619073 的第 59 个心跳包发送成功
[03:17:39 INF] 【直播间】407149 的第 59 个心跳包发送成功
[03:17:40 INF] 【直播间】11732699 的第 59 个心跳包发送成功
[03:17:41 INF] 【直播间】7184632 的第 59 个心跳包发送成功
[03:17:43 INF] 【直播间】91164 的第 59 个心跳包发送成功
[03:17:44 INF] 【直播间】23447660 的第 59 个心跳包发送成功
[03:17:45 INF] 【直播间】929670 的第 59 个心跳包发送成功
[03:17:46 INF] 【直播间】22764265 的第 59 个心跳包发送成功
[03:18:39 INF] 【直播间】23357926 的第 60 个心跳包发送成功
[03:18:40 INF] 【直播间】23040372 的第 60 个心跳包发送成功
[03:18:42 INF] 【直播间】31494 的第 60 个心跳包发送成功
[03:18:43 INF] 【直播间】4015781 的第 60 个心跳包发送成功
[03:18:44 INF] 【直播间】9619073 的第 60 个心跳包发送成功
[03:18:45 INF] 【直播间】407149 的第 60 个心跳包发送成功
[03:18:46 INF] 【直播间】11732699 的第 60 个心跳包发送成功
[03:18:48 INF] 【直播间】7184632 的第 60 个心跳包发送成功
[03:18:49 INF] 【直播间】91164 的第 60 个心跳包发送成功
[03:18:50 INF] 【直播间】23447660 的第 60 个心跳包发送成功
[03:18:51 INF] 【直播间】929670 的第 60 个心跳包发送成功
[03:18:52 INF] 【直播间】22764265 的第 60 个心跳包发送成功
[03:19:45 INF] 【直播间】23357926 的第 61 个心跳包发送成功
[03:19:47 INF] 【直播间】23040372 的第 61 个心跳包发送成功
[03:19:48 INF] 【直播间】31494 的第 61 个心跳包发送成功
[03:19:49 INF] 【直播间】4015781 的第 61 个心跳包发送成功
[03:19:50 INF] 【直播间】9619073 的第 61 个心跳包发送成功
[03:19:52 INF] 【直播间】407149 的第 61 个心跳包发送成功
[03:19:53 INF] 【直播间】11732699 的第 61 个心跳包发送成功
[03:19:54 INF] 【直播间】7184632 的第 61 个心跳包发送成功
[03:19:55 INF] 【直播间】91164 的第 61 个心跳包发送成功
[03:19:57 INF] 【直播间】23447660 的第 61 个心跳包发送成功
[03:19:58 INF] 【直播间】929670 的第 61 个心跳包发送成功
[03:19:59 INF] 【直播间】22764265 的第 61 个心跳包发送成功
[03:20:52 INF] 【直播间】23357926 的第 62 个心跳包发送成功
[03:20:53 INF] 【直播间】23040372 的第 62 个心跳包发送成功
[03:20:54 INF] 【直播间】31494 的第 62 个心跳包发送成功
[03:20:55 INF] 【直播间】4015781 的第 62 个心跳包发送成功
[03:20:57 INF] 【直播间】9619073 的第 62 个心跳包发送成功
[03:20:58 INF] 【直播间】407149 的第 62 个心跳包发送成功
[03:20:59 INF] 【直播间】11732699 的第 62 个心跳包发送成功
[03:21:00 INF] 【直播间】7184632 的第 62 个心跳包发送成功
[03:21:02 INF] 【直播间】91164 的第 62 个心跳包发送成功
[03:21:03 INF] 【直播间】23447660 的第 62 个心跳包发送成功
[03:21:04 INF] 【直播间】929670 的第 62 个心跳包发送成功
[03:21:05 INF] 【直播间】22764265 的第 62 个心跳包发送成功
[03:21:58 INF] 【直播间】23357926 的第 63 个心跳包发送成功
[03:21:59 INF] 【直播间】23040372 的第 63 个心跳包发送成功
[03:22:01 INF] 【直播间】31494 的第 63 个心跳包发送成功
[03:22:02 INF] 【直播间】4015781 的第 63 个心跳包发送成功
[03:22:03 INF] 【直播间】9619073 的第 63 个心跳包发送成功
[03:22:04 INF] 【直播间】407149 的第 63 个心跳包发送成功
[03:22:06 INF] 【直播间】11732699 的第 63 个心跳包发送成功
[03:22:07 INF] 【直播间】7184632 的第 63 个心跳包发送成功
[03:22:08 INF] 【直播间】91164 的第 63 个心跳包发送成功
[03:22:10 INF] 【直播间】23447660 的第 63 个心跳包发送成功
[03:22:11 INF] 【直播间】929670 的第 63 个心跳包发送成功
[03:22:12 INF] 【直播间】22764265 的第 63 个心跳包发送成功
[03:23:05 INF] 【直播间】23357926 的第 64 个心跳包发送成功
[03:23:06 INF] 【直播间】23040372 的第 64 个心跳包发送成功
[03:23:07 INF] 【直播间】31494 的第 64 个心跳包发送成功
[03:23:08 INF] 【直播间】4015781 的第 64 个心跳包发送成功
[03:23:10 INF] 【直播间】9619073 的第 64 个心跳包发送成功
[03:23:11 INF] 【直播间】407149 的第 64 个心跳包发送成功
[03:23:12 INF] 【直播间】11732699 的第 64 个心跳包发送成功
[03:23:14 INF] 【直播间】7184632 的第 64 个心跳包发送成功
[03:23:15 INF] 【直播间】91164 的第 64 个心跳包发送成功
[03:23:16 INF] 【直播间】23447660 的第 64 个心跳包发送成功
[03:23:17 INF] 【直播间】929670 的第 64 个心跳包发送成功
[03:23:19 INF] 【直播间】22764265 的第 64 个心跳包发送成功
[03:24:11 INF] 【直播间】23357926 的第 65 个心跳包发送成功
[03:24:12 INF] 【直播间】23040372 的第 65 个心跳包发送成功
[03:24:13 INF] 【直播间】31494 的第 65 个心跳包发送成功
[03:24:15 INF] 【直播间】4015781 的第 65 个心跳包发送成功
[03:24:16 INF] 【直播间】9619073 的第 65 个心跳包发送成功
[03:24:17 INF] 【直播间】407149 的第 65 个心跳包发送成功
[03:24:18 INF] 【直播间】11732699 的第 65 个心跳包发送成功
[03:24:20 INF] 【直播间】7184632 的第 65 个心跳包发送成功
[03:24:21 INF] 【直播间】91164 的第 65 个心跳包发送成功
[03:24:22 INF] 【直播间】23447660 的第 65 个心跳包发送成功
[03:24:24 INF] 【直播间】929670 的第 65 个心跳包发送成功
[03:24:25 INF] 【直播间】22764265 的第 65 个心跳包发送成功
[03:25:17 INF] 【直播间】23357926 的第 66 个心跳包发送成功
[03:25:19 INF] 【直播间】23040372 的第 66 个心跳包发送成功
[03:25:20 INF] 【直播间】31494 的第 66 个心跳包发送成功
[03:25:21 INF] 【直播间】4015781 的第 66 个心跳包发送成功
[03:25:22 INF] 【直播间】9619073 的第 66 个心跳包发送成功
[03:25:24 INF] 【直播间】407149 的第 66 个心跳包发送成功
[03:25:25 INF] 【直播间】11732699 的第 66 个心跳包发送成功
[03:25:26 INF] 【直播间】7184632 的第 66 个心跳包发送成功
[03:25:27 INF] 【直播间】91164 的第 66 个心跳包发送成功
[03:25:29 INF] 【直播间】23447660 的第 66 个心跳包发送成功
[03:25:30 INF] 【直播间】929670 的第 66 个心跳包发送成功
[03:25:31 INF] 【直播间】22764265 的第 66 个心跳包发送成功
[03:26:24 INF] 【直播间】23357926 的第 67 个心跳包发送成功
[03:26:25 INF] 【直播间】23040372 的第 67 个心跳包发送成功
[03:26:26 INF] 【直播间】31494 的第 67 个心跳包发送成功
[03:26:27 INF] 【直播间】4015781 的第 67 个心跳包发送成功
[03:26:29 INF] 【直播间】9619073 的第 67 个心跳包发送成功
[03:26:30 INF] 【直播间】407149 的第 67 个心跳包发送成功
[03:26:31 INF] 【直播间】11732699 的第 67 个心跳包发送成功
[03:26:32 INF] 【直播间】7184632 的第 67 个心跳包发送成功
[03:26:34 INF] 【直播间】91164 的第 67 个心跳包发送成功
[03:26:35 INF] 【直播间】23447660 的第 67 个心跳包发送成功
[03:26:36 INF] 【直播间】929670 的第 67 个心跳包发送成功
[03:26:38 INF] 【直播间】22764265 的第 67 个心跳包发送成功
[03:27:30 INF] 【直播间】23357926 的第 68 个心跳包发送成功
[03:27:31 INF] 【直播间】23040372 的第 68 个心跳包发送成功
[03:27:33 INF] 【直播间】31494 的第 68 个心跳包发送成功
[03:27:34 INF] 【直播间】4015781 的第 68 个心跳包发送成功
[03:27:35 INF] 【直播间】9619073 的第 68 个心跳包发送成功
[03:27:36 INF] 【直播间】407149 的第 68 个心跳包发送成功
[03:27:38 INF] 【直播间】11732699 的第 68 个心跳包发送成功
[03:27:39 INF] 【直播间】7184632 的第 68 个心跳包发送成功
[03:27:40 INF] 【直播间】91164 的第 68 个心跳包发送成功
[03:27:41 INF] 【直播间】23447660 的第 68 个心跳包发送成功
[03:27:43 INF] 【直播间】929670 的第 68 个心跳包发送成功
[03:27:44 INF] 【直播间】22764265 的第 68 个心跳包发送成功
[03:28:36 INF] 【直播间】23357926 的第 69 个心跳包发送成功
[03:28:38 INF] 【直播间】23040372 的第 69 个心跳包发送成功
[03:28:39 INF] 【直播间】31494 的第 69 个心跳包发送成功
[03:28:40 INF] 【直播间】4015781 的第 69 个心跳包发送成功
[03:28:41 INF] 【直播间】9619073 的第 69 个心跳包发送成功
[03:28:43 INF] 【直播间】407149 的第 69 个心跳包发送成功
[03:28:44 INF] 【直播间】11732699 的第 69 个心跳包发送成功
[03:28:45 INF] 【直播间】7184632 的第 69 个心跳包发送成功
[03:28:46 INF] 【直播间】91164 的第 69 个心跳包发送成功
[03:28:48 INF] 【直播间】23447660 的第 69 个心跳包发送成功
[03:28:49 INF] 【直播间】929670 的第 69 个心跳包发送成功
[03:28:50 INF] 【直播间】22764265 的第 69 个心跳包发送成功
[03:29:43 INF] 【直播间】23357926 的第 70 个心跳包发送成功
[03:29:44 INF] 【直播间】23040372 的第 70 个心跳包发送成功
[03:29:45 INF] 【直播间】31494 的第 70 个心跳包发送成功
[03:29:47 INF] 【直播间】4015781 的第 70 个心跳包发送成功
[03:29:48 INF] 【直播间】9619073 的第 70 个心跳包发送成功
[03:29:49 INF] 【直播间】407149 的第 70 个心跳包发送成功
[03:29:50 INF] 【直播间】11732699 的第 70 个心跳包发送成功
[03:29:52 INF] 【直播间】7184632 的第 70 个心跳包发送成功
[03:29:53 INF] 【直播间】91164 的第 70 个心跳包发送成功
[03:29:54 INF] 【直播间】23447660 的第 70 个心跳包发送成功
[03:29:55 INF] 【直播间】929670 的第 70 个心跳包发送成功
[03:29:56 INF] 【直播间】22764265 的第 70 个心跳包发送成功
[03:29:56 INF] 【直播观看时长】完成情况：12/12 
[03:29:56 INF] ---------结束---------

[03:29:56 INF] ==========结束==========

[03:29:56 INF] ######### 账号 3 #########

[03:29:56 INF] =====开始 直播间互动 =====

[03:29:56 INF] ---开始 发送弹幕 ---
[03:29:56 INF] 检测到直播 Cookie 未正确配置，尝试自动配置中...
[03:30:01 INF] 直播 Cookie 配置成功！
[03:30:01 INF] 【获取直播列表】获取拥有粉丝牌的直播列表
[03:30:06 ERR] 【获取直播列表】失败
[03:30:06 ERR] 【原因】账号未登录
[03:30:06 ERR] 发送弹幕失败，继续其他任务。失败信息:Object reference not set to an instance of an object.

[03:30:06 INF] -------结束-------

[03:30:06 INF] ---开始 点赞直播间 ---
[03:30:06 INF] 【获取直播列表】获取拥有粉丝牌的直播列表
[03:30:11 ERR] 【获取直播列表】失败
[03:30:11 ERR] 【原因】账号未登录
[03:30:11 ERR] 点赞直播间失败，继续其他任务。失败信息:Object reference not set to an instance of an object.

[03:30:11 INF] --------结束--------

[03:30:11 INF] ---开始 直播时长挂机 ---
[03:30:11 INF] 【获取直播列表】获取拥有粉丝牌的直播列表
[03:30:16 ERR] 【获取直播列表】失败
[03:30:16 ERR] 【原因】账号未登录
[03:30:16 ERR] 直播时长挂机失败，继续其他任务。失败信息:Object reference not set to an instance of an object.

[03:30:16 INF] ---------结束---------

[03:30:16 INF] ==========结束==========

[03:30:16 INF] 

========================

 v2.0.1 开源 by https://github.com/RayWangQvQ/BiliBiliToolPro

[03:30:16 INF] ·开始推送·LiveFansMedal任务·
2023-11-24T19:30:16.1451207Z 开始推送到:PushPlus
2023-11-24T19:30:17.3417153Z Response status: OK.
2023-11-24T19:30:17.3417509Z Response content: {"code":999,"msg":"发送内容过大，不能超过2万字","data":null}.

[03:30:17 INF] 运行环境：Development
[03:30:17 INF] 应用目录：/home/runner/work/BiliBiliToolPro/BiliBiliToolPro/src/Ray.BiliBiliTool.Console/bin/Debug/net6.0/

[03:30:17 INF] 运行结束
