----------- ip 信息 ---------
{
  "ip": "104.45.204.120",
  "city": "New York City",
  "region": "New York",
  "country": "US",
  "loc": "40.7143,-74.0060",
  "org": "AS8075 Microsoft Corporation",
  "postal": "10004",
  "timezone": "America/New_York",
  "readme": "https://ipinfo.io/missingauth"
} ---------- end ------------
  ____               ____    _   _____           _  
 |  _ \ __ _ _   _  | __ ) _| |_|_   _|__   ___ | | 
 | |_) / _` | | | | |  _ \(_) (_) | |/ _ \ / _ \| | 
 |  _ < (_| | |_| | | |_) | | | | | | (_) | (_) | | 
 |_| \_\__,_|\__, | |____/|_|_|_| |_|\___/ \___/|_| 
             |___/                                  

[00:32:10 INF] BiliBiliToolPro 开始运行...

[00:32:10 INF] 【账号个数】3个

[00:32:10 INF] 随机休眠3分钟

[00:35:10 INF] 【目标任务】LiveFansMedal
[00:35:10 INF] ######### 账号 1 #########

[00:35:10 INF] =====开始 直播间互动 =====

[00:35:10 INF] ---开始 发送弹幕 ---
[00:35:10 INF] 检测到直播 Cookie 未正确配置，尝试自动配置中...
[00:35:18 INF] 直播 Cookie 配置成功！
[00:35:18 INF] 【获取直播列表】获取拥有粉丝牌的直播列表
[00:35:25 INF] 【主播】Mark陌枫 
[00:35:43 INF] 【主播】KL_qiqi_ 
[00:36:02 INF] 【主播】苏打baka 
[00:36:17 INF] 【直播间】Mark陌枫
[00:36:17 INF] 【粉丝牌】馬楓
[00:36:17 INF] 正在发送弹幕...
[00:36:20 INF] 【直播间】KL_qiqi_
[00:36:20 INF] 【粉丝牌】qiqisb
[00:36:20 INF] 正在发送弹幕...
[00:36:23 INF] 【直播间】苏打baka
[00:36:23 INF] 【粉丝牌】碳酸钠
[00:36:23 INF] 正在发送弹幕...
[00:36:27 INF] -------结束-------

[00:36:27 INF] ---开始 点赞直播间 ---
[00:36:27 INF] 【获取直播列表】获取拥有粉丝牌的直播列表
[00:36:31 INF] 【主播】Mark陌枫 
[00:36:32 INF] 【弹幕发送】成功~，你和主播 Mark陌枫 的亲密值增加了100！
[00:36:33 INF] 【弹幕发送】成功~，你和主播 KL_qiqi_ 的亲密值增加了100！
[00:36:43 INF] 【弹幕发送】成功~，你和主播 苏打baka 的亲密值增加了100！
[00:36:46 INF] 【主播】KL_qiqi_ 
[00:37:06 INF] 【主播】苏打baka 
[00:37:30 INF] 【点赞直播间】23357926 完成
[00:37:34 INF] 【点赞直播间】407149 完成
[00:37:40 INF] --------结束--------

[00:37:40 INF] ---开始 直播时长挂机 ---
[00:37:40 INF] 【获取直播列表】获取拥有粉丝牌的直播列表
[00:37:40 INF] 【点赞直播间】23040372 完成
[00:37:44 INF] 【主播】Mark陌枫 
[00:38:03 INF] 【主播】KL_qiqi_ 
[00:38:19 INF] 【主播】苏打baka 
[00:38:39 INF] 【直播间】23357926 的第 1 个心跳包发送成功
[00:38:40 INF] 【直播间】407149 的第 1 个心跳包发送成功
[00:38:42 INF] 【直播间】23040372 的第 1 个心跳包发送成功
[00:39:45 INF] 【直播间】23357926 的第 2 个心跳包发送成功
[00:39:47 INF] 【直播间】407149 的第 2 个心跳包发送成功
[00:39:48 INF] 【直播间】23040372 的第 2 个心跳包发送成功
[00:40:52 INF] 【直播间】23357926 的第 3 个心跳包发送成功
[00:40:53 INF] 【直播间】407149 的第 3 个心跳包发送成功
[00:40:55 INF] 【直播间】23040372 的第 3 个心跳包发送成功
[00:41:59 INF] 【直播间】23357926 的第 4 个心跳包发送成功
[00:42:00 INF] 【直播间】407149 的第 4 个心跳包发送成功
[00:42:01 INF] 【直播间】23040372 的第 4 个心跳包发送成功
[00:43:05 INF] 【直播间】23357926 的第 5 个心跳包发送成功
[00:43:07 INF] 【直播间】407149 的第 5 个心跳包发送成功
[00:43:08 INF] 【直播间】23040372 的第 5 个心跳包发送成功
[00:44:12 INF] 【直播间】23357926 的第 6 个心跳包发送成功
[00:44:13 INF] 【直播间】407149 的第 6 个心跳包发送成功
[00:44:15 INF] 【直播间】23040372 的第 6 个心跳包发送成功
[00:45:18 INF] 【直播间】23357926 的第 7 个心跳包发送成功
[00:45:20 INF] 【直播间】407149 的第 7 个心跳包发送成功
[00:45:21 INF] 【直播间】23040372 的第 7 个心跳包发送成功
[00:46:25 INF] 【直播间】23357926 的第 8 个心跳包发送成功
[00:46:26 INF] 【直播间】407149 的第 8 个心跳包发送成功
[00:46:28 INF] 【直播间】23040372 的第 8 个心跳包发送成功
[00:47:32 INF] 【直播间】23357926 的第 9 个心跳包发送成功
[00:47:33 INF] 【直播间】407149 的第 9 个心跳包发送成功
[00:47:34 INF] 【直播间】23040372 的第 9 个心跳包发送成功
[00:48:38 INF] 【直播间】23357926 的第 10 个心跳包发送成功
[00:48:39 INF] 【直播间】407149 的第 10 个心跳包发送成功
[00:48:41 INF] 【直播间】23040372 的第 10 个心跳包发送成功
[00:49:45 INF] 【直播间】23357926 的第 11 个心跳包发送成功
[00:49:46 INF] 【直播间】407149 的第 11 个心跳包发送成功
[00:49:47 INF] 【直播间】23040372 的第 11 个心跳包发送成功
[00:50:51 INF] 【直播间】23357926 的第 12 个心跳包发送成功
[00:50:53 INF] 【直播间】407149 的第 12 个心跳包发送成功
[00:50:54 INF] 【直播间】23040372 的第 12 个心跳包发送成功
[00:51:58 INF] 【直播间】23357926 的第 13 个心跳包发送成功
[00:51:59 INF] 【直播间】407149 的第 13 个心跳包发送成功
[00:52:00 INF] 【直播间】23040372 的第 13 个心跳包发送成功
[00:53:04 INF] 【直播间】23357926 的第 14 个心跳包发送成功
[00:53:06 INF] 【直播间】407149 的第 14 个心跳包发送成功
[00:53:07 INF] 【直播间】23040372 的第 14 个心跳包发送成功
[00:54:11 ERR] 【心跳包】直播间 23357926 发送失败
[00:54:11 ERR] 【原因】time check failed
[00:54:13 ERR] 【心跳包】直播间 407149 发送失败
[00:54:13 ERR] 【原因】time check failed
[00:54:14 ERR] 【心跳包】直播间 23040372 发送失败
[00:54:14 ERR] 【原因】time check failed
[00:55:18 INF] 【直播间】23357926 的第 15 个心跳包发送成功
[00:55:19 INF] 【直播间】407149 的第 15 个心跳包发送成功
[00:55:20 INF] 【直播间】23040372 的第 15 个心跳包发送成功
[00:56:24 INF] 【直播间】23357926 的第 16 个心跳包发送成功
[00:56:25 INF] 【直播间】407149 的第 16 个心跳包发送成功
[00:56:27 INF] 【直播间】23040372 的第 16 个心跳包发送成功
[00:57:31 INF] 【直播间】23357926 的第 17 个心跳包发送成功
[00:57:32 INF] 【直播间】407149 的第 17 个心跳包发送成功
[00:57:34 INF] 【直播间】23040372 的第 17 个心跳包发送成功
[00:58:38 INF] 【直播间】23357926 的第 18 个心跳包发送成功
[00:58:39 INF] 【直播间】407149 的第 18 个心跳包发送成功
[00:58:40 INF] 【直播间】23040372 的第 18 个心跳包发送成功
[00:59:44 INF] 【直播间】23357926 的第 19 个心跳包发送成功
[00:59:45 INF] 【直播间】407149 的第 19 个心跳包发送成功
[00:59:47 INF] 【直播间】23040372 的第 19 个心跳包发送成功
[01:00:51 INF] 【直播间】23357926 的第 20 个心跳包发送成功
[01:00:52 INF] 【直播间】407149 的第 20 个心跳包发送成功
[01:00:53 INF] 【直播间】23040372 的第 20 个心跳包发送成功
[01:01:57 INF] 【直播间】23357926 的第 21 个心跳包发送成功
[01:01:58 INF] 【直播间】407149 的第 21 个心跳包发送成功
[01:02:00 INF] 【直播间】23040372 的第 21 个心跳包发送成功
[01:03:04 INF] 【直播间】23357926 的第 22 个心跳包发送成功
[01:03:05 INF] 【直播间】407149 的第 22 个心跳包发送成功
[01:03:07 INF] 【直播间】23040372 的第 22 个心跳包发送成功
[01:04:11 INF] 【直播间】23357926 的第 23 个心跳包发送成功
[01:04:12 INF] 【直播间】407149 的第 23 个心跳包发送成功
[01:04:13 INF] 【直播间】23040372 的第 23 个心跳包发送成功
[01:05:17 INF] 【直播间】23357926 的第 24 个心跳包发送成功
[01:05:18 INF] 【直播间】407149 的第 24 个心跳包发送成功
[01:05:20 INF] 【直播间】23040372 的第 24 个心跳包发送成功
[01:06:24 INF] 【直播间】23357926 的第 25 个心跳包发送成功
[01:06:25 INF] 【直播间】407149 的第 25 个心跳包发送成功
[01:06:26 INF] 【直播间】23040372 的第 25 个心跳包发送成功
[01:07:30 INF] 【直播间】23357926 的第 26 个心跳包发送成功
[01:07:32 INF] 【直播间】407149 的第 26 个心跳包发送成功
[01:07:33 INF] 【直播间】23040372 的第 26 个心跳包发送成功
[01:08:37 INF] 【直播间】23357926 的第 27 个心跳包发送成功
[01:08:38 INF] 【直播间】407149 的第 27 个心跳包发送成功
[01:08:40 INF] 【直播间】23040372 的第 27 个心跳包发送成功
[01:09:44 ERR] 【心跳包】直播间 23357926 发送失败
[01:09:44 ERR] 【原因】time check failed
[01:09:45 ERR] 【心跳包】直播间 407149 发送失败
[01:09:45 ERR] 【原因】time check failed
[01:09:46 ERR] 【心跳包】直播间 23040372 发送失败
[01:09:46 ERR] 【原因】time check failed
[01:10:50 INF] 【直播间】23357926 的第 28 个心跳包发送成功
[01:10:51 INF] 【直播间】407149 的第 28 个心跳包发送成功
[01:10:53 INF] 【直播间】23040372 的第 28 个心跳包发送成功
[01:11:57 INF] 【直播间】23357926 的第 29 个心跳包发送成功
[01:11:58 INF] 【直播间】407149 的第 29 个心跳包发送成功
[01:11:59 INF] 【直播间】23040372 的第 29 个心跳包发送成功
[01:13:03 INF] 【直播间】23357926 的第 30 个心跳包发送成功
[01:13:04 INF] 【直播间】407149 的第 30 个心跳包发送成功
[01:13:06 INF] 【直播间】23040372 的第 30 个心跳包发送成功
[01:14:10 INF] 【直播间】23357926 的第 31 个心跳包发送成功
[01:14:11 INF] 【直播间】407149 的第 31 个心跳包发送成功
[01:14:13 INF] 【直播间】23040372 的第 31 个心跳包发送成功
[01:15:17 INF] 【直播间】23357926 的第 32 个心跳包发送成功
[01:15:18 INF] 【直播间】407149 的第 32 个心跳包发送成功
[01:15:19 INF] 【直播间】23040372 的第 32 个心跳包发送成功
[01:16:23 INF] 【直播间】23357926 的第 33 个心跳包发送成功
[01:16:24 INF] 【直播间】407149 的第 33 个心跳包发送成功
[01:16:26 INF] 【直播间】23040372 的第 33 个心跳包发送成功
[01:17:30 INF] 【直播间】23357926 的第 34 个心跳包发送成功
[01:17:31 INF] 【直播间】407149 的第 34 个心跳包发送成功
[01:17:32 INF] 【直播间】23040372 的第 34 个心跳包发送成功
[01:18:36 INF] 【直播间】23357926 的第 35 个心跳包发送成功
[01:18:38 INF] 【直播间】407149 的第 35 个心跳包发送成功
[01:18:39 INF] 【直播间】23040372 的第 35 个心跳包发送成功
[01:19:43 INF] 【直播间】23357926 的第 36 个心跳包发送成功
[01:19:44 INF] 【直播间】407149 的第 36 个心跳包发送成功
[01:19:46 INF] 【直播间】23040372 的第 36 个心跳包发送成功
[01:20:50 INF] 【直播间】23357926 的第 37 个心跳包发送成功
[01:20:51 INF] 【直播间】407149 的第 37 个心跳包发送成功
[01:20:52 INF] 【直播间】23040372 的第 37 个心跳包发送成功
[01:21:56 INF] 【直播间】23357926 的第 38 个心跳包发送成功
[01:21:57 INF] 【直播间】407149 的第 38 个心跳包发送成功
[01:21:59 INF] 【直播间】23040372 的第 38 个心跳包发送成功
[01:23:03 INF] 【直播间】23357926 的第 39 个心跳包发送成功
[01:23:04 INF] 【直播间】407149 的第 39 个心跳包发送成功
[01:23:05 INF] 【直播间】23040372 的第 39 个心跳包发送成功
[01:24:09 INF] 【直播间】23357926 的第 40 个心跳包发送成功
[01:24:11 INF] 【直播间】407149 的第 40 个心跳包发送成功
[01:24:12 INF] 【直播间】23040372 的第 40 个心跳包发送成功
[01:25:16 ERR] 【心跳包】直播间 23357926 发送失败
[01:25:16 ERR] 【原因】time check failed
[01:25:17 ERR] 【心跳包】直播间 407149 发送失败
[01:25:17 ERR] 【原因】time check failed
[01:25:19 ERR] 【心跳包】直播间 23040372 发送失败
[01:25:19 ERR] 【原因】time check failed
[01:26:23 INF] 【直播间】23357926 的第 41 个心跳包发送成功
[01:26:24 INF] 【直播间】407149 的第 41 个心跳包发送成功
[01:26:25 INF] 【直播间】23040372 的第 41 个心跳包发送成功
[01:27:29 INF] 【直播间】23357926 的第 42 个心跳包发送成功
[01:27:31 INF] 【直播间】407149 的第 42 个心跳包发送成功
[01:27:32 INF] 【直播间】23040372 的第 42 个心跳包发送成功
[01:28:36 INF] 【直播间】23357926 的第 43 个心跳包发送成功
[01:28:37 INF] 【直播间】407149 的第 43 个心跳包发送成功
[01:28:39 INF] 【直播间】23040372 的第 43 个心跳包发送成功
[01:29:43 INF] 【直播间】23357926 的第 44 个心跳包发送成功
[01:29:44 INF] 【直播间】407149 的第 44 个心跳包发送成功
[01:29:45 INF] 【直播间】23040372 的第 44 个心跳包发送成功
[01:30:49 INF] 【直播间】23357926 的第 45 个心跳包发送成功
[01:30:51 INF] 【直播间】407149 的第 45 个心跳包发送成功
[01:30:52 INF] 【直播间】23040372 的第 45 个心跳包发送成功
[01:31:56 INF] 【直播间】23357926 的第 46 个心跳包发送成功
[01:31:57 INF] 【直播间】407149 的第 46 个心跳包发送成功
[01:31:58 INF] 【直播间】23040372 的第 46 个心跳包发送成功
[01:33:02 INF] 【直播间】23357926 的第 47 个心跳包发送成功
[01:33:04 INF] 【直播间】407149 的第 47 个心跳包发送成功
[01:33:05 INF] 【直播间】23040372 的第 47 个心跳包发送成功
[01:34:09 INF] 【直播间】23357926 的第 48 个心跳包发送成功
[01:34:11 INF] 【直播间】407149 的第 48 个心跳包发送成功
[01:34:12 INF] 【直播间】23040372 的第 48 个心跳包发送成功
[01:35:16 INF] 【直播间】23357926 的第 49 个心跳包发送成功
[01:35:17 INF] 【直播间】407149 的第 49 个心跳包发送成功
[01:35:18 INF] 【直播间】23040372 的第 49 个心跳包发送成功
[01:36:23 INF] 【直播间】23357926 的第 50 个心跳包发送成功
[01:36:24 INF] 【直播间】407149 的第 50 个心跳包发送成功
[01:36:25 INF] 【直播间】23040372 的第 50 个心跳包发送成功
[01:37:29 INF] 【直播间】23357926 的第 51 个心跳包发送成功
[01:37:31 INF] 【直播间】407149 的第 51 个心跳包发送成功
[01:37:32 INF] 【直播间】23040372 的第 51 个心跳包发送成功
[01:38:36 INF] 【直播间】23357926 的第 52 个心跳包发送成功
[01:38:37 INF] 【直播间】407149 的第 52 个心跳包发送成功
[01:38:38 INF] 【直播间】23040372 的第 52 个心跳包发送成功
[01:39:42 INF] 【直播间】23357926 的第 53 个心跳包发送成功
[01:39:44 INF] 【直播间】407149 的第 53 个心跳包发送成功
[01:39:45 INF] 【直播间】23040372 的第 53 个心跳包发送成功
[01:40:49 ERR] 【心跳包】直播间 23357926 发送失败
[01:40:49 ERR] 【原因】time check failed
[01:40:51 ERR] 【心跳包】直播间 407149 发送失败
[01:40:51 ERR] 【原因】time check failed
[01:40:52 ERR] 【心跳包】直播间 23040372 发送失败
[01:40:52 ERR] 【原因】time check failed
[01:41:56 INF] 【直播间】23357926 的第 54 个心跳包发送成功
[01:41:57 INF] 【直播间】407149 的第 54 个心跳包发送成功
[01:41:58 INF] 【直播间】23040372 的第 54 个心跳包发送成功
[01:43:02 INF] 【直播间】23357926 的第 55 个心跳包发送成功
[01:43:04 INF] 【直播间】407149 的第 55 个心跳包发送成功
[01:43:05 INF] 【直播间】23040372 的第 55 个心跳包发送成功
[01:44:09 INF] 【直播间】23357926 的第 56 个心跳包发送成功
[01:44:10 INF] 【直播间】407149 的第 56 个心跳包发送成功
[01:44:11 INF] 【直播间】23040372 的第 56 个心跳包发送成功
[01:45:16 INF] 【直播间】23357926 的第 57 个心跳包发送成功
[01:45:17 INF] 【直播间】407149 的第 57 个心跳包发送成功
[01:45:18 INF] 【直播间】23040372 的第 57 个心跳包发送成功
[01:46:22 INF] 【直播间】23357926 的第 58 个心跳包发送成功
[01:46:23 INF] 【直播间】407149 的第 58 个心跳包发送成功
[01:46:25 INF] 【直播间】23040372 的第 58 个心跳包发送成功
[01:47:29 INF] 【直播间】23357926 的第 59 个心跳包发送成功
[01:47:30 INF] 【直播间】407149 的第 59 个心跳包发送成功
[01:47:31 INF] 【直播间】23040372 的第 59 个心跳包发送成功
[01:48:35 INF] 【直播间】23357926 的第 60 个心跳包发送成功
[01:48:37 INF] 【直播间】407149 的第 60 个心跳包发送成功
[01:48:38 INF] 【直播间】23040372 的第 60 个心跳包发送成功
[01:49:42 INF] 【直播间】23357926 的第 61 个心跳包发送成功
[01:49:43 INF] 【直播间】407149 的第 61 个心跳包发送成功
[01:49:44 INF] 【直播间】23040372 的第 61 个心跳包发送成功
[01:50:49 INF] 【直播间】23357926 的第 62 个心跳包发送成功
[01:50:50 INF] 【直播间】407149 的第 62 个心跳包发送成功
[01:50:51 INF] 【直播间】23040372 的第 62 个心跳包发送成功
[01:51:55 INF] 【直播间】23357926 的第 63 个心跳包发送成功
[01:51:56 INF] 【直播间】407149 的第 63 个心跳包发送成功
[01:51:57 INF] 【直播间】23040372 的第 63 个心跳包发送成功
[01:53:02 INF] 【直播间】23357926 的第 64 个心跳包发送成功
[01:53:03 INF] 【直播间】407149 的第 64 个心跳包发送成功
[01:53:04 INF] 【直播间】23040372 的第 64 个心跳包发送成功
[01:54:08 INF] 【直播间】23357926 的第 65 个心跳包发送成功
[01:54:10 INF] 【直播间】407149 的第 65 个心跳包发送成功
[01:54:11 INF] 【直播间】23040372 的第 65 个心跳包发送成功
[01:55:15 INF] 【直播间】23357926 的第 66 个心跳包发送成功
[01:55:16 INF] 【直播间】407149 的第 66 个心跳包发送成功
[01:55:17 INF] 【直播间】23040372 的第 66 个心跳包发送成功
[01:56:21 ERR] 【心跳包】直播间 23357926 发送失败
[01:56:21 ERR] 【原因】time check failed
[01:56:23 ERR] 【心跳包】直播间 407149 发送失败
[01:56:23 ERR] 【原因】time check failed
[01:56:24 ERR] 【心跳包】直播间 23040372 发送失败
[01:56:24 ERR] 【原因】time check failed
[01:57:28 INF] 【直播间】23357926 的第 67 个心跳包发送成功
[01:57:29 INF] 【直播间】407149 的第 67 个心跳包发送成功
[01:57:30 INF] 【直播间】23040372 的第 67 个心跳包发送成功
[01:58:35 INF] 【直播间】23357926 的第 68 个心跳包发送成功
[01:58:36 INF] 【直播间】407149 的第 68 个心跳包发送成功
[01:58:37 INF] 【直播间】23040372 的第 68 个心跳包发送成功
[01:59:41 INF] 【直播间】23357926 的第 69 个心跳包发送成功
[01:59:43 INF] 【直播间】407149 的第 69 个心跳包发送成功
[01:59:44 INF] 【直播间】23040372 的第 69 个心跳包发送成功
[02:00:48 INF] 【直播间】23357926 的第 70 个心跳包发送成功
[02:00:49 INF] 【直播间】407149 的第 70 个心跳包发送成功
[02:00:50 INF] 【直播间】23040372 的第 70 个心跳包发送成功
[02:00:50 INF] 【直播观看时长】完成情况：3/3 
[02:00:50 INF] ---------结束---------

[02:00:50 INF] ==========结束==========

[02:00:50 INF] ######### 账号 2 #########

[02:00:50 INF] =====开始 直播间互动 =====

[02:00:50 INF] ---开始 发送弹幕 ---
[02:00:50 INF] 检测到直播 Cookie 未正确配置，尝试自动配置中...
[02:00:55 INF] 直播 Cookie 配置成功！
[02:00:55 INF] 【获取直播列表】获取拥有粉丝牌的直播列表
[02:00:58 INF] 【主播】Mark陌枫 
[02:01:14 INF] 【主播】苏打baka 
[02:01:27 INF] 【主播】特别中二的q3君 
[02:01:43 INF] 【主播】陈抱一 
[02:02:03 INF] 【主播】贪玩的小毅 
[02:02:24 INF] 【主播】KL_qiqi_ 
[02:02:43 INF] 【直播间】Mark陌枫
[02:02:43 INF] 【粉丝牌】馬楓
[02:02:43 INF] 正在发送弹幕...
[02:02:47 INF] 【直播间】苏打baka
[02:02:47 INF] 【粉丝牌】碳酸钠
[02:02:47 INF] 正在发送弹幕...
[02:02:51 INF] 【直播间】特别中二的q3君
[02:02:51 INF] 【粉丝牌】q3GG
[02:02:51 INF] 正在发送弹幕...
[02:02:56 INF] 【直播间】陈抱一
[02:02:56 INF] 【粉丝牌】陈抱一
[02:02:56 INF] 正在发送弹幕...
[02:03:00 INF] 【直播间】贪玩的小毅
[02:03:00 INF] 【粉丝牌】大大毅
[02:03:00 INF] 正在发送弹幕...
[02:03:02 INF] 【弹幕发送】成功~，你和主播 Mark陌枫 的亲密值增加了100！
[02:03:03 INF] 【直播间】KL_qiqi_
[02:03:03 INF] 【粉丝牌】qiqisb
[02:03:03 INF] 正在发送弹幕...
[02:03:04 INF] 【弹幕发送】成功~，你和主播 苏打baka 的亲密值增加了100！
[02:03:06 INF] -------结束-------

[02:03:06 INF] ---开始 点赞直播间 ---
[02:03:06 INF] 【获取直播列表】获取拥有粉丝牌的直播列表
[02:03:07 INF] 【弹幕发送】成功~，你和主播 特别中二的q3君 的亲密值增加了100！
[02:03:12 INF] 【主播】Mark陌枫 
[02:03:13 INF] 【弹幕发送】成功~，你和主播 陈抱一 的亲密值增加了100！
[02:03:17 INF] 【弹幕发送】成功~，你和主播 KL_qiqi_ 的亲密值增加了100！
[02:03:17 ERR] 【弹幕发送】失败
[02:03:17 ERR] 【原因】您发送弹幕的频率过快
[02:03:27 INF] 【主播】苏打baka 
[02:03:43 INF] 【主播】特别中二的q3君 
[02:03:58 INF] 【主播】陈抱一 
[02:04:19 INF] 【主播】贪玩的小毅 
[02:04:37 INF] 【主播】KL_qiqi_ 
[02:05:00 INF] 【点赞直播间】23357926 完成
[02:05:03 INF] 【点赞直播间】23040372 完成
[02:05:10 INF] 【点赞直播间】31494 完成
[02:05:15 INF] 【点赞直播间】4015781 完成
[02:05:18 INF] 【点赞直播间】9619073 完成
[02:05:23 INF] --------结束--------

[02:05:23 INF] ---开始 直播时长挂机 ---
[02:05:23 INF] 【获取直播列表】获取拥有粉丝牌的直播列表
[02:05:23 INF] 【点赞直播间】407149 完成
[02:05:29 INF] 【主播】Mark陌枫 
[02:05:45 INF] 【主播】苏打baka 
[02:05:58 INF] 【主播】特别中二的q3君 
[02:06:14 INF] 【主播】陈抱一 
[02:06:28 INF] 【主播】贪玩的小毅 
[02:06:47 INF] 【主播】KL_qiqi_ 
[02:07:04 INF] 【直播间】23357926 的第 1 个心跳包发送成功
[02:07:05 INF] 【直播间】23040372 的第 1 个心跳包发送成功
[02:07:07 INF] 【直播间】31494 的第 1 个心跳包发送成功
[02:07:08 INF] 【直播间】4015781 的第 1 个心跳包发送成功
[02:07:09 INF] 【直播间】9619073 的第 1 个心跳包发送成功
[02:07:10 INF] 【直播间】407149 的第 1 个心跳包发送成功
[02:08:11 INF] 【直播间】23357926 的第 2 个心跳包发送成功
[02:08:12 INF] 【直播间】23040372 的第 2 个心跳包发送成功
[02:08:13 INF] 【直播间】31494 的第 2 个心跳包发送成功
[02:08:15 INF] 【直播间】4015781 的第 2 个心跳包发送成功
[02:08:16 INF] 【直播间】9619073 的第 2 个心跳包发送成功
[02:08:17 INF] 【直播间】407149 的第 2 个心跳包发送成功
[02:09:17 INF] 【直播间】23357926 的第 3 个心跳包发送成功
[02:09:19 INF] 【直播间】23040372 的第 3 个心跳包发送成功
[02:09:20 INF] 【直播间】31494 的第 3 个心跳包发送成功
[02:09:21 INF] 【直播间】4015781 的第 3 个心跳包发送成功
[02:09:22 INF] 【直播间】9619073 的第 3 个心跳包发送成功
[02:09:24 INF] 【直播间】407149 的第 3 个心跳包发送成功
[02:10:24 INF] 【直播间】23357926 的第 4 个心跳包发送成功
[02:10:25 INF] 【直播间】23040372 的第 4 个心跳包发送成功
[02:10:26 INF] 【直播间】31494 的第 4 个心跳包发送成功
[02:10:28 INF] 【直播间】4015781 的第 4 个心跳包发送成功
[02:10:29 INF] 【直播间】9619073 的第 4 个心跳包发送成功
[02:10:30 INF] 【直播间】407149 的第 4 个心跳包发送成功
[02:11:30 INF] 【直播间】23357926 的第 5 个心跳包发送成功
[02:11:32 INF] 【直播间】23040372 的第 5 个心跳包发送成功
[02:11:33 INF] 【直播间】31494 的第 5 个心跳包发送成功
[02:11:34 INF] 【直播间】4015781 的第 5 个心跳包发送成功
[02:11:35 INF] 【直播间】9619073 的第 5 个心跳包发送成功
[02:11:37 INF] 【直播间】407149 的第 5 个心跳包发送成功
[02:12:37 INF] 【直播间】23357926 的第 6 个心跳包发送成功
[02:12:38 INF] 【直播间】23040372 的第 6 个心跳包发送成功
[02:12:40 INF] 【直播间】31494 的第 6 个心跳包发送成功
[02:12:41 INF] 【直播间】4015781 的第 6 个心跳包发送成功
[02:12:42 INF] 【直播间】9619073 的第 6 个心跳包发送成功
[02:12:43 INF] 【直播间】407149 的第 6 个心跳包发送成功
[02:13:43 INF] 【直播间】23357926 的第 7 个心跳包发送成功
[02:13:45 INF] 【直播间】23040372 的第 7 个心跳包发送成功
[02:13:46 INF] 【直播间】31494 的第 7 个心跳包发送成功
[02:13:47 INF] 【直播间】4015781 的第 7 个心跳包发送成功
[02:13:48 INF] 【直播间】9619073 的第 7 个心跳包发送成功
[02:13:50 INF] 【直播间】407149 的第 7 个心跳包发送成功
[02:14:51 INF] 【直播间】23357926 的第 8 个心跳包发送成功
[02:14:52 INF] 【直播间】23040372 的第 8 个心跳包发送成功
[02:14:53 INF] 【直播间】31494 的第 8 个心跳包发送成功
[02:14:54 INF] 【直播间】4015781 的第 8 个心跳包发送成功
[02:14:55 INF] 【直播间】9619073 的第 8 个心跳包发送成功
[02:14:57 INF] 【直播间】407149 的第 8 个心跳包发送成功
[02:15:57 INF] 【直播间】23357926 的第 9 个心跳包发送成功
[02:15:58 INF] 【直播间】23040372 的第 9 个心跳包发送成功
[02:15:59 INF] 【直播间】31494 的第 9 个心跳包发送成功
[02:16:01 INF] 【直播间】4015781 的第 9 个心跳包发送成功
[02:16:02 INF] 【直播间】9619073 的第 9 个心跳包发送成功
[02:16:03 INF] 【直播间】407149 的第 9 个心跳包发送成功
[02:17:03 INF] 【直播间】23357926 的第 10 个心跳包发送成功
[02:17:05 INF] 【直播间】23040372 的第 10 个心跳包发送成功
[02:17:06 INF] 【直播间】31494 的第 10 个心跳包发送成功
[02:17:07 INF] 【直播间】4015781 的第 10 个心跳包发送成功
[02:17:08 INF] 【直播间】9619073 的第 10 个心跳包发送成功
[02:17:10 INF] 【直播间】407149 的第 10 个心跳包发送成功
[02:18:10 INF] 【直播间】23357926 的第 11 个心跳包发送成功
[02:18:11 INF] 【直播间】23040372 的第 11 个心跳包发送成功
[02:18:13 INF] 【直播间】31494 的第 11 个心跳包发送成功
[02:18:14 INF] 【直播间】4015781 的第 11 个心跳包发送成功
[02:18:15 INF] 【直播间】9619073 的第 11 个心跳包发送成功
[02:18:16 INF] 【直播间】407149 的第 11 个心跳包发送成功
[02:19:17 INF] 【直播间】23357926 的第 12 个心跳包发送成功
[02:19:18 INF] 【直播间】23040372 的第 12 个心跳包发送成功
[02:19:19 INF] 【直播间】31494 的第 12 个心跳包发送成功
[02:19:20 INF] 【直播间】4015781 的第 12 个心跳包发送成功
[02:19:22 INF] 【直播间】9619073 的第 12 个心跳包发送成功
[02:19:23 INF] 【直播间】407149 的第 12 个心跳包发送成功
[02:20:24 INF] 【直播间】23357926 的第 13 个心跳包发送成功
[02:20:25 INF] 【直播间】23040372 的第 13 个心跳包发送成功
[02:20:26 INF] 【直播间】31494 的第 13 个心跳包发送成功
[02:20:28 INF] 【直播间】4015781 的第 13 个心跳包发送成功
[02:20:29 INF] 【直播间】9619073 的第 13 个心跳包发送成功
[02:20:30 INF] 【直播间】407149 的第 13 个心跳包发送成功
[02:21:30 INF] 【直播间】23357926 的第 14 个心跳包发送成功
[02:21:31 INF] 【直播间】23040372 的第 14 个心跳包发送成功
[02:21:33 INF] 【直播间】31494 的第 14 个心跳包发送成功
[02:21:34 INF] 【直播间】4015781 的第 14 个心跳包发送成功
[02:21:35 INF] 【直播间】9619073 的第 14 个心跳包发送成功
[02:21:36 INF] 【直播间】407149 的第 14 个心跳包发送成功
[02:22:37 ERR] 【心跳包】直播间 23357926 发送失败
[02:22:37 ERR] 【原因】time check failed
[02:22:38 ERR] 【心跳包】直播间 23040372 发送失败
[02:22:38 ERR] 【原因】time check failed
[02:22:39 ERR] 【心跳包】直播间 31494 发送失败
[02:22:39 ERR] 【原因】time check failed
[02:22:40 ERR] 【心跳包】直播间 4015781 发送失败
[02:22:40 ERR] 【原因】time check failed
[02:22:42 ERR] 【心跳包】直播间 9619073 发送失败
[02:22:42 ERR] 【原因】time check failed
[02:22:43 ERR] 【心跳包】直播间 407149 发送失败
[02:22:43 ERR] 【原因】time check failed
[02:23:43 INF] 【直播间】23357926 的第 15 个心跳包发送成功
[02:23:44 INF] 【直播间】23040372 的第 15 个心跳包发送成功
[02:23:46 INF] 【直播间】31494 的第 15 个心跳包发送成功
[02:23:47 INF] 【直播间】4015781 的第 15 个心跳包发送成功
[02:23:48 INF] 【直播间】9619073 的第 15 个心跳包发送成功
[02:23:49 INF] 【直播间】407149 的第 15 个心跳包发送成功
[02:24:50 INF] 【直播间】23357926 的第 16 个心跳包发送成功
[02:24:51 INF] 【直播间】23040372 的第 16 个心跳包发送成功
[02:24:52 INF] 【直播间】31494 的第 16 个心跳包发送成功
[02:24:53 INF] 【直播间】4015781 的第 16 个心跳包发送成功
[02:24:55 INF] 【直播间】9619073 的第 16 个心跳包发送成功
[02:24:56 INF] 【直播间】407149 的第 16 个心跳包发送成功
[02:25:57 INF] 【直播间】23357926 的第 17 个心跳包发送成功
[02:25:58 INF] 【直播间】23040372 的第 17 个心跳包发送成功
[02:25:59 INF] 【直播间】31494 的第 17 个心跳包发送成功
[02:26:00 INF] 【直播间】4015781 的第 17 个心跳包发送成功
[02:26:02 INF] 【直播间】9619073 的第 17 个心跳包发送成功
[02:26:03 INF] 【直播间】407149 的第 17 个心跳包发送成功
[02:27:03 INF] 【直播间】23357926 的第 18 个心跳包发送成功
[02:27:05 INF] 【直播间】23040372 的第 18 个心跳包发送成功
[02:27:06 INF] 【直播间】31494 的第 18 个心跳包发送成功
[02:27:07 INF] 【直播间】4015781 的第 18 个心跳包发送成功
[02:27:09 INF] 【直播间】9619073 的第 18 个心跳包发送成功
[02:27:10 INF] 【直播间】407149 的第 18 个心跳包发送成功
[02:28:10 INF] 【直播间】23357926 的第 19 个心跳包发送成功
[02:28:11 INF] 【直播间】23040372 的第 19 个心跳包发送成功
[02:28:12 INF] 【直播间】31494 的第 19 个心跳包发送成功
[02:28:14 INF] 【直播间】4015781 的第 19 个心跳包发送成功
[02:28:15 INF] 【直播间】9619073 的第 19 个心跳包发送成功
[02:28:16 INF] 【直播间】407149 的第 19 个心跳包发送成功
[02:29:16 INF] 【直播间】23357926 的第 20 个心跳包发送成功
[02:29:18 INF] 【直播间】23040372 的第 20 个心跳包发送成功
[02:29:19 INF] 【直播间】31494 的第 20 个心跳包发送成功
[02:29:20 INF] 【直播间】4015781 的第 20 个心跳包发送成功
[02:29:21 INF] 【直播间】9619073 的第 20 个心跳包发送成功
[02:29:23 INF] 【直播间】407149 的第 20 个心跳包发送成功
[02:30:23 INF] 【直播间】23357926 的第 21 个心跳包发送成功
[02:30:24 INF] 【直播间】23040372 的第 21 个心跳包发送成功
[02:30:25 INF] 【直播间】31494 的第 21 个心跳包发送成功
[02:30:27 INF] 【直播间】4015781 的第 21 个心跳包发送成功
[02:30:28 INF] 【直播间】9619073 的第 21 个心跳包发送成功
[02:30:29 INF] 【直播间】407149 的第 21 个心跳包发送成功
[02:31:30 INF] 【直播间】23357926 的第 22 个心跳包发送成功
[02:31:31 INF] 【直播间】23040372 的第 22 个心跳包发送成功
[02:31:32 INF] 【直播间】31494 的第 22 个心跳包发送成功
[02:31:33 INF] 【直播间】4015781 的第 22 个心跳包发送成功
[02:31:35 INF] 【直播间】9619073 的第 22 个心跳包发送成功
[02:31:36 INF] 【直播间】407149 的第 22 个心跳包发送成功
[02:32:36 INF] 【直播间】23357926 的第 23 个心跳包发送成功
[02:32:37 INF] 【直播间】23040372 的第 23 个心跳包发送成功
[02:32:39 INF] 【直播间】31494 的第 23 个心跳包发送成功
[02:32:40 INF] 【直播间】4015781 的第 23 个心跳包发送成功
[02:32:41 INF] 【直播间】9619073 的第 23 个心跳包发送成功
[02:32:42 INF] 【直播间】407149 的第 23 个心跳包发送成功
[02:33:43 INF] 【直播间】23357926 的第 24 个心跳包发送成功
[02:33:44 INF] 【直播间】23040372 的第 24 个心跳包发送成功
[02:33:45 INF] 【直播间】31494 的第 24 个心跳包发送成功
[02:33:46 INF] 【直播间】4015781 的第 24 个心跳包发送成功
[02:33:48 INF] 【直播间】9619073 的第 24 个心跳包发送成功
[02:33:49 INF] 【直播间】407149 的第 24 个心跳包发送成功
[02:34:49 INF] 【直播间】23357926 的第 25 个心跳包发送成功
[02:34:50 INF] 【直播间】23040372 的第 25 个心跳包发送成功
[02:34:52 INF] 【直播间】31494 的第 25 个心跳包发送成功
[02:34:53 INF] 【直播间】4015781 的第 25 个心跳包发送成功
[02:34:54 INF] 【直播间】9619073 的第 25 个心跳包发送成功
[02:34:56 INF] 【直播间】407149 的第 25 个心跳包发送成功
[02:35:56 INF] 【直播间】23357926 的第 26 个心跳包发送成功
[02:35:57 INF] 【直播间】23040372 的第 26 个心跳包发送成功
[02:35:58 INF] 【直播间】31494 的第 26 个心跳包发送成功
[02:35:59 INF] 【直播间】4015781 的第 26 个心跳包发送成功
[02:36:01 INF] 【直播间】9619073 的第 26 个心跳包发送成功
[02:36:02 INF] 【直播间】407149 的第 26 个心跳包发送成功
[02:37:03 INF] 【直播间】23357926 的第 27 个心跳包发送成功
[02:37:04 INF] 【直播间】23040372 的第 27 个心跳包发送成功
[02:37:05 INF] 【直播间】31494 的第 27 个心跳包发送成功
[02:37:06 INF] 【直播间】4015781 的第 27 个心跳包发送成功
[02:37:08 INF] 【直播间】9619073 的第 27 个心跳包发送成功
[02:37:09 INF] 【直播间】407149 的第 27 个心跳包发送成功
[02:38:09 ERR] 【心跳包】直播间 23357926 发送失败
[02:38:09 ERR] 【原因】time check failed
[02:38:11 ERR] 【心跳包】直播间 23040372 发送失败
[02:38:11 ERR] 【原因】time check failed
[02:38:12 ERR] 【心跳包】直播间 31494 发送失败
[02:38:12 ERR] 【原因】time check failed
[02:38:13 ERR] 【心跳包】直播间 4015781 发送失败
[02:38:13 ERR] 【原因】time check failed
[02:38:14 ERR] 【心跳包】直播间 9619073 发送失败
[02:38:14 ERR] 【原因】time check failed
[02:38:15 ERR] 【心跳包】直播间 407149 发送失败
[02:38:15 ERR] 【原因】time check failed
[02:39:16 INF] 【直播间】23357926 的第 28 个心跳包发送成功
[02:39:17 INF] 【直播间】23040372 的第 28 个心跳包发送成功
[02:39:18 INF] 【直播间】31494 的第 28 个心跳包发送成功
[02:39:20 INF] 【直播间】4015781 的第 28 个心跳包发送成功
[02:39:21 INF] 【直播间】9619073 的第 28 个心跳包发送成功
[02:39:22 INF] 【直播间】407149 的第 28 个心跳包发送成功
[02:40:22 INF] 【直播间】23357926 的第 29 个心跳包发送成功
[02:40:24 INF] 【直播间】23040372 的第 29 个心跳包发送成功
[02:40:25 INF] 【直播间】31494 的第 29 个心跳包发送成功
[02:40:26 INF] 【直播间】4015781 的第 29 个心跳包发送成功
[02:40:27 INF] 【直播间】9619073 的第 29 个心跳包发送成功
[02:40:29 INF] 【直播间】407149 的第 29 个心跳包发送成功
[02:41:29 INF] 【直播间】23357926 的第 30 个心跳包发送成功
[02:41:30 INF] 【直播间】23040372 的第 30 个心跳包发送成功
[02:41:31 INF] 【直播间】31494 的第 30 个心跳包发送成功
[02:41:33 INF] 【直播间】4015781 的第 30 个心跳包发送成功
[02:41:34 INF] 【直播间】9619073 的第 30 个心跳包发送成功
[02:41:35 INF] 【直播间】407149 的第 30 个心跳包发送成功
[02:42:36 INF] 【直播间】23357926 的第 31 个心跳包发送成功
[02:42:37 INF] 【直播间】23040372 的第 31 个心跳包发送成功
[02:42:38 INF] 【直播间】31494 的第 31 个心跳包发送成功
[02:42:39 INF] 【直播间】4015781 的第 31 个心跳包发送成功
[02:42:41 INF] 【直播间】9619073 的第 31 个心跳包发送成功
[02:42:42 INF] 【直播间】407149 的第 31 个心跳包发送成功
[02:43:42 INF] 【直播间】23357926 的第 32 个心跳包发送成功
[02:43:43 INF] 【直播间】23040372 的第 32 个心跳包发送成功
[02:43:45 INF] 【直播间】31494 的第 32 个心跳包发送成功
[02:43:46 INF] 【直播间】4015781 的第 32 个心跳包发送成功
[02:43:47 INF] 【直播间】9619073 的第 32 个心跳包发送成功
[02:43:48 INF] 【直播间】407149 的第 32 个心跳包发送成功
[02:44:49 INF] 【直播间】23357926 的第 33 个心跳包发送成功
[02:44:50 INF] 【直播间】23040372 的第 33 个心跳包发送成功
[02:44:51 INF] 【直播间】31494 的第 33 个心跳包发送成功
[02:44:52 INF] 【直播间】4015781 的第 33 个心跳包发送成功
[02:44:54 INF] 【直播间】9619073 的第 33 个心跳包发送成功
[02:44:55 INF] 【直播间】407149 的第 33 个心跳包发送成功
[02:45:55 INF] 【直播间】23357926 的第 34 个心跳包发送成功
[02:45:57 INF] 【直播间】23040372 的第 34 个心跳包发送成功
[02:45:58 INF] 【直播间】31494 的第 34 个心跳包发送成功
[02:45:59 INF] 【直播间】4015781 的第 34 个心跳包发送成功
[02:46:00 INF] 【直播间】9619073 的第 34 个心跳包发送成功
[02:46:01 INF] 【直播间】407149 的第 34 个心跳包发送成功
[02:47:02 INF] 【直播间】23357926 的第 35 个心跳包发送成功
[02:47:03 INF] 【直播间】23040372 的第 35 个心跳包发送成功
[02:47:04 INF] 【直播间】31494 的第 35 个心跳包发送成功
[02:47:06 INF] 【直播间】4015781 的第 35 个心跳包发送成功
[02:47:07 INF] 【直播间】9619073 的第 35 个心跳包发送成功
[02:47:08 INF] 【直播间】407149 的第 35 个心跳包发送成功
[02:48:09 INF] 【直播间】23357926 的第 36 个心跳包发送成功
[02:48:10 INF] 【直播间】23040372 的第 36 个心跳包发送成功
[02:48:11 INF] 【直播间】31494 的第 36 个心跳包发送成功
[02:48:12 INF] 【直播间】4015781 的第 36 个心跳包发送成功
[02:48:14 INF] 【直播间】9619073 的第 36 个心跳包发送成功
[02:48:15 INF] 【直播间】407149 的第 36 个心跳包发送成功
[02:49:15 INF] 【直播间】23357926 的第 37 个心跳包发送成功
[02:49:16 INF] 【直播间】23040372 的第 37 个心跳包发送成功
[02:49:18 INF] 【直播间】31494 的第 37 个心跳包发送成功
[02:49:19 INF] 【直播间】4015781 的第 37 个心跳包发送成功
[02:49:20 INF] 【直播间】9619073 的第 37 个心跳包发送成功
[02:49:22 INF] 【直播间】407149 的第 37 个心跳包发送成功
[02:50:22 INF] 【直播间】23357926 的第 38 个心跳包发送成功
[02:50:23 INF] 【直播间】23040372 的第 38 个心跳包发送成功
[02:50:24 INF] 【直播间】31494 的第 38 个心跳包发送成功
[02:50:25 INF] 【直播间】4015781 的第 38 个心跳包发送成功
[02:50:27 INF] 【直播间】9619073 的第 38 个心跳包发送成功
[02:50:28 INF] 【直播间】407149 的第 38 个心跳包发送成功
[02:51:28 INF] 【直播间】23357926 的第 39 个心跳包发送成功
[02:51:30 INF] 【直播间】23040372 的第 39 个心跳包发送成功
[02:51:31 INF] 【直播间】31494 的第 39 个心跳包发送成功
[02:51:32 INF] 【直播间】4015781 的第 39 个心跳包发送成功
[02:51:33 INF] 【直播间】9619073 的第 39 个心跳包发送成功
[02:51:35 INF] 【直播间】407149 的第 39 个心跳包发送成功
[02:52:35 INF] 【直播间】23357926 的第 40 个心跳包发送成功
[02:52:36 INF] 【直播间】23040372 的第 40 个心跳包发送成功
[02:52:37 INF] 【直播间】31494 的第 40 个心跳包发送成功
[02:52:39 INF] 【直播间】4015781 的第 40 个心跳包发送成功
[02:52:40 INF] 【直播间】9619073 的第 40 个心跳包发送成功
[02:52:41 INF] 【直播间】407149 的第 40 个心跳包发送成功
[02:53:42 ERR] 【心跳包】直播间 23357926 发送失败
[02:53:42 ERR] 【原因】time check failed
[02:53:43 ERR] 【心跳包】直播间 23040372 发送失败
[02:53:43 ERR] 【原因】time check failed
[02:53:44 ERR] 【心跳包】直播间 31494 发送失败
[02:53:44 ERR] 【原因】time check failed
[02:53:45 ERR] 【心跳包】直播间 4015781 发送失败
[02:53:45 ERR] 【原因】time check failed
[02:53:47 ERR] 【心跳包】直播间 9619073 发送失败
[02:53:47 ERR] 【原因】time check failed
[02:53:48 ERR] 【心跳包】直播间 407149 发送失败
[02:53:48 ERR] 【原因】time check failed
[02:54:48 INF] 【直播间】23357926 的第 41 个心跳包发送成功
[02:54:49 INF] 【直播间】23040372 的第 41 个心跳包发送成功
[02:54:51 INF] 【直播间】31494 的第 41 个心跳包发送成功
[02:54:52 INF] 【直播间】4015781 的第 41 个心跳包发送成功
[02:54:53 INF] 【直播间】9619073 的第 41 个心跳包发送成功
[02:54:54 INF] 【直播间】407149 的第 41 个心跳包发送成功
[02:55:55 INF] 【直播间】23357926 的第 42 个心跳包发送成功
[02:55:56 INF] 【直播间】23040372 的第 42 个心跳包发送成功
[02:55:57 INF] 【直播间】31494 的第 42 个心跳包发送成功
[02:55:58 INF] 【直播间】4015781 的第 42 个心跳包发送成功
[02:56:00 INF] 【直播间】9619073 的第 42 个心跳包发送成功
[02:56:01 INF] 【直播间】407149 的第 42 个心跳包发送成功
[02:57:01 INF] 【直播间】23357926 的第 43 个心跳包发送成功
[02:57:02 INF] 【直播间】23040372 的第 43 个心跳包发送成功
[02:57:04 INF] 【直播间】31494 的第 43 个心跳包发送成功
[02:57:05 INF] 【直播间】4015781 的第 43 个心跳包发送成功
[02:57:06 INF] 【直播间】9619073 的第 43 个心跳包发送成功
[02:57:07 INF] 【直播间】407149 的第 43 个心跳包发送成功
[02:58:08 INF] 【直播间】23357926 的第 44 个心跳包发送成功
[02:58:09 INF] 【直播间】23040372 的第 44 个心跳包发送成功
[02:58:10 INF] 【直播间】31494 的第 44 个心跳包发送成功
[02:58:11 INF] 【直播间】4015781 的第 44 个心跳包发送成功
[02:58:13 INF] 【直播间】9619073 的第 44 个心跳包发送成功
[02:58:14 INF] 【直播间】407149 的第 44 个心跳包发送成功
[02:59:14 INF] 【直播间】23357926 的第 45 个心跳包发送成功
[02:59:16 INF] 【直播间】23040372 的第 45 个心跳包发送成功
[02:59:17 INF] 【直播间】31494 的第 45 个心跳包发送成功
[02:59:18 INF] 【直播间】4015781 的第 45 个心跳包发送成功
[02:59:19 INF] 【直播间】9619073 的第 45 个心跳包发送成功
[02:59:21 INF] 【直播间】407149 的第 45 个心跳包发送成功
[03:00:21 INF] 【直播间】23357926 的第 46 个心跳包发送成功
[03:00:22 INF] 【直播间】23040372 的第 46 个心跳包发送成功
[03:00:24 INF] 【直播间】31494 的第 46 个心跳包发送成功
[03:00:25 INF] 【直播间】4015781 的第 46 个心跳包发送成功
[03:00:26 INF] 【直播间】9619073 的第 46 个心跳包发送成功
[03:00:28 INF] 【直播间】407149 的第 46 个心跳包发送成功
[03:01:28 INF] 【直播间】23357926 的第 47 个心跳包发送成功
[03:01:29 INF] 【直播间】23040372 的第 47 个心跳包发送成功
[03:01:30 INF] 【直播间】31494 的第 47 个心跳包发送成功
[03:01:31 INF] 【直播间】4015781 的第 47 个心跳包发送成功
[03:01:33 INF] 【直播间】9619073 的第 47 个心跳包发送成功
[03:01:34 INF] 【直播间】407149 的第 47 个心跳包发送成功
[03:02:34 INF] 【直播间】23357926 的第 48 个心跳包发送成功
[03:02:35 INF] 【直播间】23040372 的第 48 个心跳包发送成功
[03:02:37 INF] 【直播间】31494 的第 48 个心跳包发送成功
[03:02:38 INF] 【直播间】4015781 的第 48 个心跳包发送成功
[03:02:39 INF] 【直播间】9619073 的第 48 个心跳包发送成功
[03:02:40 INF] 【直播间】407149 的第 48 个心跳包发送成功
[03:03:41 INF] 【直播间】23357926 的第 49 个心跳包发送成功
[03:03:42 INF] 【直播间】23040372 的第 49 个心跳包发送成功
[03:03:43 INF] 【直播间】31494 的第 49 个心跳包发送成功
[03:03:45 INF] 【直播间】4015781 的第 49 个心跳包发送成功
[03:03:46 INF] 【直播间】9619073 的第 49 个心跳包发送成功
[03:03:47 INF] 【直播间】407149 的第 49 个心跳包发送成功
[03:04:48 INF] 【直播间】23357926 的第 50 个心跳包发送成功
[03:04:49 INF] 【直播间】23040372 的第 50 个心跳包发送成功
[03:04:50 INF] 【直播间】31494 的第 50 个心跳包发送成功
[03:04:51 INF] 【直播间】4015781 的第 50 个心跳包发送成功
[03:04:53 INF] 【直播间】9619073 的第 50 个心跳包发送成功
[03:04:54 INF] 【直播间】407149 的第 50 个心跳包发送成功
[03:05:54 INF] 【直播间】23357926 的第 51 个心跳包发送成功
[03:05:56 INF] 【直播间】23040372 的第 51 个心跳包发送成功
[03:05:57 INF] 【直播间】31494 的第 51 个心跳包发送成功
[03:05:58 INF] 【直播间】4015781 的第 51 个心跳包发送成功
[03:05:59 INF] 【直播间】9619073 的第 51 个心跳包发送成功
[03:06:01 INF] 【直播间】407149 的第 51 个心跳包发送成功
[03:07:01 INF] 【直播间】23357926 的第 52 个心跳包发送成功
[03:07:02 INF] 【直播间】23040372 的第 52 个心跳包发送成功
[03:07:03 INF] 【直播间】31494 的第 52 个心跳包发送成功
[03:07:05 INF] 【直播间】4015781 的第 52 个心跳包发送成功
[03:07:06 INF] 【直播间】9619073 的第 52 个心跳包发送成功
[03:07:07 INF] 【直播间】407149 的第 52 个心跳包发送成功
[03:08:07 INF] 【直播间】23357926 的第 53 个心跳包发送成功
[03:08:08 INF] 【直播间】23040372 的第 53 个心跳包发送成功
[03:08:10 INF] 【直播间】31494 的第 53 个心跳包发送成功
[03:08:11 INF] 【直播间】4015781 的第 53 个心跳包发送成功
[03:08:12 INF] 【直播间】9619073 的第 53 个心跳包发送成功
[03:08:14 INF] 【直播间】407149 的第 53 个心跳包发送成功
[03:09:14 ERR] 【心跳包】直播间 23357926 发送失败
[03:09:14 ERR] 【原因】time check failed
[03:09:15 ERR] 【心跳包】直播间 23040372 发送失败
[03:09:15 ERR] 【原因】time check failed
[03:09:16 ERR] 【心跳包】直播间 31494 发送失败
[03:09:16 ERR] 【原因】time check failed
[03:09:17 ERR] 【心跳包】直播间 4015781 发送失败
[03:09:17 ERR] 【原因】time check failed
[03:09:19 ERR] 【心跳包】直播间 9619073 发送失败
[03:09:19 ERR] 【原因】time check failed
[03:09:20 ERR] 【心跳包】直播间 407149 发送失败
[03:09:20 ERR] 【原因】time check failed
[03:10:21 INF] 【直播间】23357926 的第 54 个心跳包发送成功
[03:10:22 INF] 【直播间】23040372 的第 54 个心跳包发送成功
[03:10:23 INF] 【直播间】31494 的第 54 个心跳包发送成功
[03:10:24 INF] 【直播间】4015781 的第 54 个心跳包发送成功
[03:10:25 INF] 【直播间】9619073 的第 54 个心跳包发送成功
[03:10:27 INF] 【直播间】407149 的第 54 个心跳包发送成功
[03:11:27 INF] 【直播间】23357926 的第 55 个心跳包发送成功
[03:11:29 INF] 【直播间】23040372 的第 55 个心跳包发送成功
[03:11:30 INF] 【直播间】31494 的第 55 个心跳包发送成功
[03:11:31 INF] 【直播间】4015781 的第 55 个心跳包发送成功
[03:11:32 INF] 【直播间】9619073 的第 55 个心跳包发送成功
[03:11:34 INF] 【直播间】407149 的第 55 个心跳包发送成功
[03:12:34 INF] 【直播间】23357926 的第 56 个心跳包发送成功
[03:12:35 INF] 【直播间】23040372 的第 56 个心跳包发送成功
[03:12:36 INF] 【直播间】31494 的第 56 个心跳包发送成功
[03:12:38 INF] 【直播间】4015781 的第 56 个心跳包发送成功
[03:12:39 INF] 【直播间】9619073 的第 56 个心跳包发送成功
[03:12:40 INF] 【直播间】407149 的第 56 个心跳包发送成功
[03:13:40 INF] 【直播间】23357926 的第 57 个心跳包发送成功
[03:13:42 INF] 【直播间】23040372 的第 57 个心跳包发送成功
[03:13:43 INF] 【直播间】31494 的第 57 个心跳包发送成功
[03:13:44 INF] 【直播间】4015781 的第 57 个心跳包发送成功
[03:13:45 INF] 【直播间】9619073 的第 57 个心跳包发送成功
[03:13:47 INF] 【直播间】407149 的第 57 个心跳包发送成功
[03:14:47 INF] 【直播间】23357926 的第 58 个心跳包发送成功
[03:14:48 INF] 【直播间】23040372 的第 58 个心跳包发送成功
[03:14:50 INF] 【直播间】31494 的第 58 个心跳包发送成功
[03:14:51 INF] 【直播间】4015781 的第 58 个心跳包发送成功
[03:14:52 INF] 【直播间】9619073 的第 58 个心跳包发送成功
[03:14:53 INF] 【直播间】407149 的第 58 个心跳包发送成功
[03:15:54 INF] 【直播间】23357926 的第 59 个心跳包发送成功
[03:15:55 INF] 【直播间】23040372 的第 59 个心跳包发送成功
[03:15:56 INF] 【直播间】31494 的第 59 个心跳包发送成功
[03:15:58 INF] 【直播间】4015781 的第 59 个心跳包发送成功
[03:15:59 INF] 【直播间】9619073 的第 59 个心跳包发送成功
[03:16:00 INF] 【直播间】407149 的第 59 个心跳包发送成功
[03:17:00 INF] 【直播间】23357926 的第 60 个心跳包发送成功
[03:17:02 INF] 【直播间】23040372 的第 60 个心跳包发送成功
[03:17:03 INF] 【直播间】31494 的第 60 个心跳包发送成功
[03:17:04 INF] 【直播间】4015781 的第 60 个心跳包发送成功
[03:17:06 INF] 【直播间】9619073 的第 60 个心跳包发送成功
[03:17:07 INF] 【直播间】407149 的第 60 个心跳包发送成功
[03:18:07 INF] 【直播间】23357926 的第 61 个心跳包发送成功
[03:18:08 INF] 【直播间】23040372 的第 61 个心跳包发送成功
[03:18:09 INF] 【直播间】31494 的第 61 个心跳包发送成功
[03:18:11 INF] 【直播间】4015781 的第 61 个心跳包发送成功
[03:18:12 INF] 【直播间】9619073 的第 61 个心跳包发送成功
[03:18:13 INF] 【直播间】407149 的第 61 个心跳包发送成功
[03:19:13 INF] 【直播间】23357926 的第 62 个心跳包发送成功
[03:19:15 INF] 【直播间】23040372 的第 62 个心跳包发送成功
[03:19:16 INF] 【直播间】31494 的第 62 个心跳包发送成功
[03:19:17 INF] 【直播间】4015781 的第 62 个心跳包发送成功
[03:19:19 INF] 【直播间】9619073 的第 62 个心跳包发送成功
[03:19:20 INF] 【直播间】407149 的第 62 个心跳包发送成功
[03:20:20 INF] 【直播间】23357926 的第 63 个心跳包发送成功
[03:20:21 INF] 【直播间】23040372 的第 63 个心跳包发送成功
[03:20:22 INF] 【直播间】31494 的第 63 个心跳包发送成功
[03:20:24 INF] 【直播间】4015781 的第 63 个心跳包发送成功
[03:20:25 INF] 【直播间】9619073 的第 63 个心跳包发送成功
[03:20:26 INF] 【直播间】407149 的第 63 个心跳包发送成功
[03:21:27 INF] 【直播间】23357926 的第 64 个心跳包发送成功
[03:21:28 INF] 【直播间】23040372 的第 64 个心跳包发送成功
[03:21:29 INF] 【直播间】31494 的第 64 个心跳包发送成功
[03:21:31 INF] 【直播间】4015781 的第 64 个心跳包发送成功
[03:21:32 INF] 【直播间】9619073 的第 64 个心跳包发送成功
[03:21:33 INF] 【直播间】407149 的第 64 个心跳包发送成功
[03:22:34 INF] 【直播间】23357926 的第 65 个心跳包发送成功
[03:22:35 INF] 【直播间】23040372 的第 65 个心跳包发送成功
[03:22:36 INF] 【直播间】31494 的第 65 个心跳包发送成功
[03:22:37 INF] 【直播间】4015781 的第 65 个心跳包发送成功
[03:22:38 INF] 【直播间】9619073 的第 65 个心跳包发送成功
[03:22:40 INF] 【直播间】407149 的第 65 个心跳包发送成功
[03:23:40 INF] 【直播间】23357926 的第 66 个心跳包发送成功
[03:23:41 INF] 【直播间】23040372 的第 66 个心跳包发送成功
[03:23:42 INF] 【直播间】31494 的第 66 个心跳包发送成功
[03:23:44 INF] 【直播间】4015781 的第 66 个心跳包发送成功
[03:23:45 INF] 【直播间】9619073 的第 66 个心跳包发送成功
[03:23:46 INF] 【直播间】407149 的第 66 个心跳包发送成功
[03:24:46 ERR] 【心跳包】直播间 23357926 发送失败
[03:24:46 ERR] 【原因】time check failed
[03:24:48 ERR] 【心跳包】直播间 23040372 发送失败
[03:24:48 ERR] 【原因】time check failed
[03:24:49 ERR] 【心跳包】直播间 31494 发送失败
[03:24:49 ERR] 【原因】time check failed
[03:24:50 ERR] 【心跳包】直播间 4015781 发送失败
[03:24:50 ERR] 【原因】time check failed
[03:24:51 ERR] 【心跳包】直播间 9619073 发送失败
[03:24:51 ERR] 【原因】time check failed
[03:24:53 ERR] 【心跳包】直播间 407149 发送失败
[03:24:53 ERR] 【原因】time check failed
[03:25:53 INF] 【直播间】23357926 的第 67 个心跳包发送成功
[03:25:54 INF] 【直播间】23040372 的第 67 个心跳包发送成功
[03:25:55 INF] 【直播间】31494 的第 67 个心跳包发送成功
[03:25:57 INF] 【直播间】4015781 的第 67 个心跳包发送成功
[03:25:58 INF] 【直播间】9619073 的第 67 个心跳包发送成功
[03:25:59 INF] 【直播间】407149 的第 67 个心跳包发送成功
[03:27:00 INF] 【直播间】23357926 的第 68 个心跳包发送成功
[03:27:01 INF] 【直播间】23040372 的第 68 个心跳包发送成功
[03:27:02 INF] 【直播间】31494 的第 68 个心跳包发送成功
[03:27:03 INF] 【直播间】4015781 的第 68 个心跳包发送成功
[03:27:05 INF] 【直播间】9619073 的第 68 个心跳包发送成功
[03:27:06 INF] 【直播间】407149 的第 68 个心跳包发送成功
[03:28:06 INF] 【直播间】23357926 的第 69 个心跳包发送成功
[03:28:08 INF] 【直播间】23040372 的第 69 个心跳包发送成功
[03:28:09 INF] 【直播间】31494 的第 69 个心跳包发送成功
[03:28:10 INF] 【直播间】4015781 的第 69 个心跳包发送成功
[03:28:12 INF] 【直播间】9619073 的第 69 个心跳包发送成功
[03:28:13 INF] 【直播间】407149 的第 69 个心跳包发送成功
[03:29:13 INF] 【直播间】23357926 的第 70 个心跳包发送成功
[03:29:14 INF] 【直播间】23040372 的第 70 个心跳包发送成功
[03:29:16 INF] 【直播间】31494 的第 70 个心跳包发送成功
[03:29:17 INF] 【直播间】4015781 的第 70 个心跳包发送成功
[03:29:18 INF] 【直播间】9619073 的第 70 个心跳包发送成功
[03:29:19 INF] 【直播间】407149 的第 70 个心跳包发送成功
[03:29:19 INF] 【直播观看时长】完成情况：6/6 
[03:29:19 INF] ---------结束---------

[03:29:19 INF] ==========结束==========

[03:29:19 INF] ######### 账号 3 #########

[03:29:19 INF] =====开始 直播间互动 =====

[03:29:19 INF] ---开始 发送弹幕 ---
[03:29:19 INF] 检测到直播 Cookie 未正确配置，尝试自动配置中...
[03:29:24 INF] 直播 Cookie 配置成功！
[03:29:24 INF] 【获取直播列表】获取拥有粉丝牌的直播列表
[03:29:30 INF] 【主播】苏打baka 
[03:29:48 INF] 【直播间】苏打baka
[03:29:48 INF] 【粉丝牌】碳酸钠
[03:29:48 INF] 正在发送弹幕...
[03:29:53 INF] -------结束-------

[03:29:53 INF] ---开始 点赞直播间 ---
[03:29:53 INF] 【获取直播列表】获取拥有粉丝牌的直播列表
[03:29:58 INF] 【主播】苏打baka 
[03:30:07 INF] 【弹幕发送】成功~，你和主播 苏打baka 的亲密值增加了100！
[03:30:21 INF] --------结束--------

[03:30:21 INF] ---开始 直播时长挂机 ---
[03:30:21 INF] 【获取直播列表】获取拥有粉丝牌的直播列表
[03:30:21 INF] 【点赞直播间】23040372 完成
[03:30:28 INF] 【主播】苏打baka 
[03:30:49 INF] 【直播间】23040372 的第 1 个心跳包发送成功
[03:31:56 INF] 【直播间】23040372 的第 2 个心跳包发送成功
[03:33:03 INF] 【直播间】23040372 的第 3 个心跳包发送成功
[03:34:09 INF] 【直播间】23040372 的第 4 个心跳包发送成功
[03:35:16 INF] 【直播间】23040372 的第 5 个心跳包发送成功
[03:36:23 INF] 【直播间】23040372 的第 6 个心跳包发送成功
[03:37:29 INF] 【直播间】23040372 的第 7 个心跳包发送成功
[03:38:36 INF] 【直播间】23040372 的第 8 个心跳包发送成功
[03:39:43 INF] 【直播间】23040372 的第 9 个心跳包发送成功
[03:40:49 INF] 【直播间】23040372 的第 10 个心跳包发送成功
[03:41:56 INF] 【直播间】23040372 的第 11 个心跳包发送成功
[03:43:02 INF] 【直播间】23040372 的第 12 个心跳包发送成功
[03:44:09 INF] 【直播间】23040372 的第 13 个心跳包发送成功
[03:45:15 INF] 【直播间】23040372 的第 14 个心跳包发送成功
[03:46:22 ERR] 【心跳包】直播间 23040372 发送失败
[03:46:22 ERR] 【原因】time check failed
[03:47:29 INF] 【直播间】23040372 的第 15 个心跳包发送成功
[03:48:35 INF] 【直播间】23040372 的第 16 个心跳包发送成功
[03:49:42 INF] 【直播间】23040372 的第 17 个心跳包发送成功
[03:50:48 INF] 【直播间】23040372 的第 18 个心跳包发送成功
[03:51:55 INF] 【直播间】23040372 的第 19 个心跳包发送成功
[03:53:02 INF] 【直播间】23040372 的第 20 个心跳包发送成功
[03:54:08 INF] 【直播间】23040372 的第 21 个心跳包发送成功
[03:55:15 INF] 【直播间】23040372 的第 22 个心跳包发送成功
[03:56:21 INF] 【直播间】23040372 的第 23 个心跳包发送成功
[03:57:28 INF] 【直播间】23040372 的第 24 个心跳包发送成功
[03:58:35 INF] 【直播间】23040372 的第 25 个心跳包发送成功
[03:59:41 INF] 【直播间】23040372 的第 26 个心跳包发送成功
[04:00:48 INF] 【直播间】23040372 的第 27 个心跳包发送成功
[04:01:55 ERR] 【心跳包】直播间 23040372 发送失败
[04:01:55 ERR] 【原因】time check failed
[04:03:01 INF] 【直播间】23040372 的第 28 个心跳包发送成功
[04:04:08 INF] 【直播间】23040372 的第 29 个心跳包发送成功
[04:05:14 INF] 【直播间】23040372 的第 30 个心跳包发送成功
[04:06:21 INF] 【直播间】23040372 的第 31 个心跳包发送成功
[04:07:28 INF] 【直播间】23040372 的第 32 个心跳包发送成功
[04:08:34 INF] 【直播间】23040372 的第 33 个心跳包发送成功
[04:09:41 INF] 【直播间】23040372 的第 34 个心跳包发送成功
[04:10:47 INF] 【直播间】23040372 的第 35 个心跳包发送成功
[04:11:54 INF] 【直播间】23040372 的第 36 个心跳包发送成功
[04:13:01 INF] 【直播间】23040372 的第 37 个心跳包发送成功
[04:14:07 INF] 【直播间】23040372 的第 38 个心跳包发送成功
[04:15:14 INF] 【直播间】23040372 的第 39 个心跳包发送成功
[04:16:20 INF] 【直播间】23040372 的第 40 个心跳包发送成功
[04:17:27 ERR] 【心跳包】直播间 23040372 发送失败
[04:17:27 ERR] 【原因】time check failed
[04:18:33 INF] 【直播间】23040372 的第 41 个心跳包发送成功
[04:19:40 INF] 【直播间】23040372 的第 42 个心跳包发送成功
[04:20:47 INF] 【直播间】23040372 的第 43 个心跳包发送成功
[04:21:53 INF] 【直播间】23040372 的第 44 个心跳包发送成功
[04:23:00 INF] 【直播间】23040372 的第 45 个心跳包发送成功
[04:24:06 INF] 【直播间】23040372 的第 46 个心跳包发送成功
[04:25:13 INF] 【直播间】23040372 的第 47 个心跳包发送成功
[04:26:19 INF] 【直播间】23040372 的第 48 个心跳包发送成功
[04:27:26 INF] 【直播间】23040372 的第 49 个心跳包发送成功
[04:28:33 INF] 【直播间】23040372 的第 50 个心跳包发送成功
[04:29:39 INF] 【直播间】23040372 的第 51 个心跳包发送成功
[04:30:46 INF] 【直播间】23040372 的第 52 个心跳包发送成功
[04:31:52 INF] 【直播间】23040372 的第 53 个心跳包发送成功
[04:32:59 ERR] 【心跳包】直播间 23040372 发送失败
[04:32:59 ERR] 【原因】time check failed
[04:34:05 INF] 【直播间】23040372 的第 54 个心跳包发送成功
[04:35:12 INF] 【直播间】23040372 的第 55 个心跳包发送成功
[04:36:18 INF] 【直播间】23040372 的第 56 个心跳包发送成功
[04:37:25 INF] 【直播间】23040372 的第 57 个心跳包发送成功
[04:38:32 INF] 【直播间】23040372 的第 58 个心跳包发送成功
[04:39:38 INF] 【直播间】23040372 的第 59 个心跳包发送成功
[04:40:45 INF] 【直播间】23040372 的第 60 个心跳包发送成功
[04:41:52 INF] 【直播间】23040372 的第 61 个心跳包发送成功
[04:42:58 INF] 【直播间】23040372 的第 62 个心跳包发送成功
[04:44:05 INF] 【直播间】23040372 的第 63 个心跳包发送成功
[04:45:12 INF] 【直播间】23040372 的第 64 个心跳包发送成功
[04:46:18 INF] 【直播间】23040372 的第 65 个心跳包发送成功
[04:47:25 INF] 【直播间】23040372 的第 66 个心跳包发送成功
[04:48:31 ERR] 【心跳包】直播间 23040372 发送失败
[04:48:31 ERR] 【原因】time check failed
[04:49:38 INF] 【直播间】23040372 的第 67 个心跳包发送成功
[04:50:44 INF] 【直播间】23040372 的第 68 个心跳包发送成功
[04:51:51 INF] 【直播间】23040372 的第 69 个心跳包发送成功
[04:52:58 INF] 【直播间】23040372 的第 70 个心跳包发送成功
[04:52:58 INF] 【直播观看时长】完成情况：1/1 
[04:52:58 INF] ---------结束---------

[04:52:58 INF] ==========结束==========

[04:52:58 INF] 

========================

 v2.0.1 开源 by https://github.com/RayWangQvQ/BiliBiliToolPro

[04:52:58 INF] ·开始推送·LiveFansMedal任务·
2023-06-23T20:52:58.2078362Z 开始推送到:自定义
2023-06-23T20:53:16.7445196Z Response status: OK.
2023-06-23T20:53:16.7445554Z Response content: {"message":"发送群组消息子通道 pushplus 失败：Post \"https://www.pushplus.plus/send\": net/http: TLS handshake timeout\n","success":false}.

[04:53:16 INF] 运行环境：Development
[04:53:16 INF] 应用目录：/home/runner/work/BiliBiliToolPro/BiliBiliToolPro/src/Ray.BiliBiliTool.Console/bin/Debug/net6.0/

[04:53:16 INF] 运行结束
