----------- ip 信息 ---------
{
  "ip": "104.28.201.73",
  "city": "San Jose",
  "region": "California",
  "country": "US",
  "loc": "37.3394,-121.8950",
  "org": "AS13335 Cloudflare, Inc.",
  "postal": "95103",
  "timezone": "America/Los_Angeles",
  "readme": "https://ipinfo.io/missingauth"
} ---------- end ------------
  ____               ____    _   _____           _  
 |  _ \ __ _ _   _  | __ ) _| |_|_   _|__   ___ | | 
 | |_) / _` | | | | |  _ \(_) (_) | |/ _ \ / _ \| | 
 |  _ < (_| | |_| | | |_) | | | | | | (_) | (_) | | 
 |_| \_\__,_|\__, | |____/|_|_|_| |_|\___/ \___/|_| 
             |___/                                  

[00:30:27 INF] BiliBiliToolPro 开始运行...

[00:30:27 INF] 【账号个数】3个

[00:30:27 INF] 随机休眠5分钟

[00:35:27 INF] 【目标任务】LiveFansMedal
[00:35:27 INF] ######### 账号 1 #########

[00:35:27 INF] =====开始 直播间互动 =====

[00:35:27 INF] ---开始 发送弹幕 ---
[00:35:27 INF] 检测到直播 Cookie 未正确配置，尝试自动配置中...
[00:35:35 INF] 直播 Cookie 配置成功！
[00:35:35 INF] 【获取直播列表】获取拥有粉丝牌的直播列表
[00:35:40 INF] 【主播】Mark陌枫 
[00:35:53 INF] 【主播】KL_qiqi_ 
[00:36:02 INF] 【主播】苏打baka 
[00:36:09 INF] 【直播间】Mark陌枫
[00:36:09 INF] 【粉丝牌】馬楓
[00:36:09 INF] 正在发送弹幕...
[00:36:16 INF] 【直播间】KL_qiqi_
[00:36:16 INF] 【粉丝牌】qiqisb
[00:36:16 INF] 正在发送弹幕...
[00:36:19 INF] 【直播间】苏打baka
[00:36:19 INF] 【粉丝牌】碳酸钠
[00:36:19 INF] 正在发送弹幕...
[00:36:21 INF] 【弹幕发送】成功~，你和主播 Mark陌枫 的亲密值增加了100！
[00:36:24 INF] 【弹幕发送】成功~，你和主播 KL_qiqi_ 的亲密值增加了100！
[00:36:24 INF] -------结束-------

[00:36:25 INF] ---开始 点赞直播间 ---
[00:36:25 INF] 【获取直播列表】获取拥有粉丝牌的直播列表
[00:36:31 INF] 【主播】Mark陌枫 
[00:36:32 INF] 【弹幕发送】成功~，你和主播 苏打baka 的亲密值增加了100！
[00:36:43 INF] 【主播】KL_qiqi_ 
[00:36:50 INF] 【主播】苏打baka 
[00:37:10 INF] 【点赞直播间】23357926 完成
[00:37:13 INF] 【点赞直播间】407149 完成
[00:37:18 INF] --------结束--------

[00:37:18 INF] ---开始 直播时长挂机 ---
[00:37:18 INF] 【获取直播列表】获取拥有粉丝牌的直播列表
[00:37:19 INF] 【点赞直播间】23040372 完成
[00:37:25 INF] 【主播】Mark陌枫 
[00:37:35 INF] 【主播】KL_qiqi_ 
[00:37:48 INF] 【主播】苏打baka 
[00:38:04 INF] 【直播间】23357926 的第 1 个心跳包发送成功
[00:38:05 INF] 【直播间】407149 的第 1 个心跳包发送成功
[00:38:07 INF] 【直播间】23040372 的第 1 个心跳包发送成功
[00:39:10 INF] 【直播间】23357926 的第 2 个心跳包发送成功
[00:39:11 INF] 【直播间】407149 的第 2 个心跳包发送成功
[00:39:13 INF] 【直播间】23040372 的第 2 个心跳包发送成功
[00:40:16 INF] 【直播间】23357926 的第 3 个心跳包发送成功
[00:40:18 INF] 【直播间】407149 的第 3 个心跳包发送成功
[00:40:19 INF] 【直播间】23040372 的第 3 个心跳包发送成功
[00:41:23 INF] 【直播间】23357926 的第 4 个心跳包发送成功
[00:41:24 INF] 【直播间】407149 的第 4 个心跳包发送成功
[00:41:26 INF] 【直播间】23040372 的第 4 个心跳包发送成功
[00:42:29 INF] 【直播间】23357926 的第 5 个心跳包发送成功
[00:42:31 INF] 【直播间】407149 的第 5 个心跳包发送成功
[00:42:32 INF] 【直播间】23040372 的第 5 个心跳包发送成功
[00:43:36 INF] 【直播间】23357926 的第 6 个心跳包发送成功
[00:43:37 INF] 【直播间】407149 的第 6 个心跳包发送成功
[00:43:38 INF] 【直播间】23040372 的第 6 个心跳包发送成功
[00:44:42 INF] 【直播间】23357926 的第 7 个心跳包发送成功
[00:44:43 INF] 【直播间】407149 的第 7 个心跳包发送成功
[00:44:44 INF] 【直播间】23040372 的第 7 个心跳包发送成功
[00:45:48 INF] 【直播间】23357926 的第 8 个心跳包发送成功
[00:45:49 INF] 【直播间】407149 的第 8 个心跳包发送成功
[00:45:51 INF] 【直播间】23040372 的第 8 个心跳包发送成功
[00:46:55 INF] 【直播间】23357926 的第 9 个心跳包发送成功
[00:46:56 INF] 【直播间】407149 的第 9 个心跳包发送成功
[00:46:57 INF] 【直播间】23040372 的第 9 个心跳包发送成功
[00:48:01 INF] 【直播间】23357926 的第 10 个心跳包发送成功
[00:48:02 INF] 【直播间】407149 的第 10 个心跳包发送成功
[00:48:04 INF] 【直播间】23040372 的第 10 个心跳包发送成功
[00:49:07 INF] 【直播间】23357926 的第 11 个心跳包发送成功
[00:49:09 INF] 【直播间】407149 的第 11 个心跳包发送成功
[00:49:10 INF] 【直播间】23040372 的第 11 个心跳包发送成功
[00:50:14 INF] 【直播间】23357926 的第 12 个心跳包发送成功
[00:50:15 INF] 【直播间】407149 的第 12 个心跳包发送成功
[00:50:16 INF] 【直播间】23040372 的第 12 个心跳包发送成功
[00:51:20 INF] 【直播间】23357926 的第 13 个心跳包发送成功
[00:51:21 INF] 【直播间】407149 的第 13 个心跳包发送成功
[00:51:22 INF] 【直播间】23040372 的第 13 个心跳包发送成功
[00:52:26 INF] 【直播间】23357926 的第 14 个心跳包发送成功
[00:52:28 INF] 【直播间】407149 的第 14 个心跳包发送成功
[00:52:29 INF] 【直播间】23040372 的第 14 个心跳包发送成功
[00:53:33 INF] 【直播间】23357926 的第 15 个心跳包发送成功
[00:53:34 INF] 【直播间】407149 的第 15 个心跳包发送成功
[00:53:35 INF] 【直播间】23040372 的第 15 个心跳包发送成功
[00:54:39 ERR] 【心跳包】直播间 23357926 发送失败
[00:54:39 ERR] 【原因】time check failed
[00:54:40 ERR] 【心跳包】直播间 407149 发送失败
[00:54:40 ERR] 【原因】time check failed
[00:54:41 ERR] 【心跳包】直播间 23040372 发送失败
[00:54:41 ERR] 【原因】time check failed
[00:55:45 INF] 【直播间】23357926 的第 16 个心跳包发送成功
[00:55:46 INF] 【直播间】407149 的第 16 个心跳包发送成功
[00:55:48 INF] 【直播间】23040372 的第 16 个心跳包发送成功
[00:56:52 INF] 【直播间】23357926 的第 17 个心跳包发送成功
[00:56:53 INF] 【直播间】407149 的第 17 个心跳包发送成功
[00:56:54 INF] 【直播间】23040372 的第 17 个心跳包发送成功
[00:57:58 INF] 【直播间】23357926 的第 18 个心跳包发送成功
[00:57:59 INF] 【直播间】407149 的第 18 个心跳包发送成功
[00:58:00 INF] 【直播间】23040372 的第 18 个心跳包发送成功
[00:59:04 INF] 【直播间】23357926 的第 19 个心跳包发送成功
[00:59:06 INF] 【直播间】407149 的第 19 个心跳包发送成功
[00:59:07 INF] 【直播间】23040372 的第 19 个心跳包发送成功
[01:00:11 INF] 【直播间】23357926 的第 20 个心跳包发送成功
[01:00:12 INF] 【直播间】407149 的第 20 个心跳包发送成功
[01:00:13 INF] 【直播间】23040372 的第 20 个心跳包发送成功
[01:01:17 INF] 【直播间】23357926 的第 21 个心跳包发送成功
[01:01:18 INF] 【直播间】407149 的第 21 个心跳包发送成功
[01:01:19 INF] 【直播间】23040372 的第 21 个心跳包发送成功
[01:02:23 INF] 【直播间】23357926 的第 22 个心跳包发送成功
[01:02:24 INF] 【直播间】407149 的第 22 个心跳包发送成功
[01:02:26 INF] 【直播间】23040372 的第 22 个心跳包发送成功
[01:03:30 INF] 【直播间】23357926 的第 23 个心跳包发送成功
[01:03:31 INF] 【直播间】407149 的第 23 个心跳包发送成功
[01:03:32 INF] 【直播间】23040372 的第 23 个心跳包发送成功
[01:04:36 INF] 【直播间】23357926 的第 24 个心跳包发送成功
[01:04:37 INF] 【直播间】407149 的第 24 个心跳包发送成功
[01:04:39 INF] 【直播间】23040372 的第 24 个心跳包发送成功
[01:05:42 INF] 【直播间】23357926 的第 25 个心跳包发送成功
[01:05:44 INF] 【直播间】407149 的第 25 个心跳包发送成功
[01:05:45 INF] 【直播间】23040372 的第 25 个心跳包发送成功
[01:06:49 INF] 【直播间】23357926 的第 26 个心跳包发送成功
[01:06:50 INF] 【直播间】407149 的第 26 个心跳包发送成功
[01:06:51 INF] 【直播间】23040372 的第 26 个心跳包发送成功
[01:07:55 INF] 【直播间】23357926 的第 27 个心跳包发送成功
[01:07:56 INF] 【直播间】407149 的第 27 个心跳包发送成功
[01:07:58 INF] 【直播间】23040372 的第 27 个心跳包发送成功
[01:09:01 INF] 【直播间】23357926 的第 28 个心跳包发送成功
[01:09:03 INF] 【直播间】407149 的第 28 个心跳包发送成功
[01:09:04 INF] 【直播间】23040372 的第 28 个心跳包发送成功
[01:10:08 INF] 【直播间】23357926 的第 29 个心跳包发送成功
[01:10:09 INF] 【直播间】407149 的第 29 个心跳包发送成功
[01:10:10 INF] 【直播间】23040372 的第 29 个心跳包发送成功
[01:11:14 ERR] 【心跳包】直播间 23357926 发送失败
[01:11:14 ERR] 【原因】time check failed
[01:11:15 ERR] 【心跳包】直播间 407149 发送失败
[01:11:15 ERR] 【原因】time check failed
[01:11:17 ERR] 【心跳包】直播间 23040372 发送失败
[01:11:17 ERR] 【原因】time check failed
[01:12:20 INF] 【直播间】23357926 的第 30 个心跳包发送成功
[01:12:22 INF] 【直播间】407149 的第 30 个心跳包发送成功
[01:12:23 INF] 【直播间】23040372 的第 30 个心跳包发送成功
[01:13:27 INF] 【直播间】23357926 的第 31 个心跳包发送成功
[01:13:28 INF] 【直播间】407149 的第 31 个心跳包发送成功
[01:13:30 INF] 【直播间】23040372 的第 31 个心跳包发送成功
[01:14:33 INF] 【直播间】23357926 的第 32 个心跳包发送成功
[01:14:35 INF] 【直播间】407149 的第 32 个心跳包发送成功
[01:14:36 INF] 【直播间】23040372 的第 32 个心跳包发送成功
[01:15:40 INF] 【直播间】23357926 的第 33 个心跳包发送成功
[01:15:41 INF] 【直播间】407149 的第 33 个心跳包发送成功
[01:15:42 INF] 【直播间】23040372 的第 33 个心跳包发送成功
[01:16:46 INF] 【直播间】23357926 的第 34 个心跳包发送成功
[01:16:47 INF] 【直播间】407149 的第 34 个心跳包发送成功
[01:16:48 INF] 【直播间】23040372 的第 34 个心跳包发送成功
[01:17:52 INF] 【直播间】23357926 的第 35 个心跳包发送成功
[01:17:53 INF] 【直播间】407149 的第 35 个心跳包发送成功
[01:17:55 INF] 【直播间】23040372 的第 35 个心跳包发送成功
[01:18:59 INF] 【直播间】23357926 的第 36 个心跳包发送成功
[01:19:00 INF] 【直播间】407149 的第 36 个心跳包发送成功
[01:19:01 INF] 【直播间】23040372 的第 36 个心跳包发送成功
[01:20:05 INF] 【直播间】23357926 的第 37 个心跳包发送成功
[01:20:06 INF] 【直播间】407149 的第 37 个心跳包发送成功
[01:20:08 INF] 【直播间】23040372 的第 37 个心跳包发送成功
[01:21:12 INF] 【直播间】23357926 的第 38 个心跳包发送成功
[01:21:13 INF] 【直播间】407149 的第 38 个心跳包发送成功
[01:21:14 INF] 【直播间】23040372 的第 38 个心跳包发送成功
[01:22:18 INF] 【直播间】23357926 的第 39 个心跳包发送成功
[01:22:19 INF] 【直播间】407149 的第 39 个心跳包发送成功
[01:22:20 INF] 【直播间】23040372 的第 39 个心跳包发送成功
[01:23:24 INF] 【直播间】23357926 的第 40 个心跳包发送成功
[01:23:25 INF] 【直播间】407149 的第 40 个心跳包发送成功
[01:23:27 INF] 【直播间】23040372 的第 40 个心跳包发送成功
[01:24:30 INF] 【直播间】23357926 的第 41 个心跳包发送成功
[01:24:32 INF] 【直播间】407149 的第 41 个心跳包发送成功
[01:24:33 INF] 【直播间】23040372 的第 41 个心跳包发送成功
[01:25:37 INF] 【直播间】23357926 的第 42 个心跳包发送成功
[01:25:38 INF] 【直播间】407149 的第 42 个心跳包发送成功
[01:25:39 INF] 【直播间】23040372 的第 42 个心跳包发送成功
[01:26:43 INF] 【直播间】23357926 的第 43 个心跳包发送成功
[01:26:45 INF] 【直播间】407149 的第 43 个心跳包发送成功
[01:26:46 INF] 【直播间】23040372 的第 43 个心跳包发送成功
[01:27:50 ERR] 【心跳包】直播间 23357926 发送失败
[01:27:50 ERR] 【原因】time check failed
[01:27:51 ERR] 【心跳包】直播间 407149 发送失败
[01:27:51 ERR] 【原因】time check failed
[01:27:52 ERR] 【心跳包】直播间 23040372 发送失败
[01:27:52 ERR] 【原因】time check failed
[01:28:56 INF] 【直播间】23357926 的第 44 个心跳包发送成功
[01:28:57 INF] 【直播间】407149 的第 44 个心跳包发送成功
[01:28:58 INF] 【直播间】23040372 的第 44 个心跳包发送成功
[01:30:02 INF] 【直播间】23357926 的第 45 个心跳包发送成功
[01:30:03 INF] 【直播间】407149 的第 45 个心跳包发送成功
[01:30:05 INF] 【直播间】23040372 的第 45 个心跳包发送成功
[01:31:09 INF] 【直播间】23357926 的第 46 个心跳包发送成功
[01:31:10 INF] 【直播间】407149 的第 46 个心跳包发送成功
[01:31:12 INF] 【直播间】23040372 的第 46 个心跳包发送成功
[01:32:15 INF] 【直播间】23357926 的第 47 个心跳包发送成功
[01:32:16 INF] 【直播间】407149 的第 47 个心跳包发送成功
[01:32:18 INF] 【直播间】23040372 的第 47 个心跳包发送成功
[01:33:21 INF] 【直播间】23357926 的第 48 个心跳包发送成功
[01:33:23 INF] 【直播间】407149 的第 48 个心跳包发送成功
[01:33:24 INF] 【直播间】23040372 的第 48 个心跳包发送成功
[01:34:28 INF] 【直播间】23357926 的第 49 个心跳包发送成功
[01:34:29 INF] 【直播间】407149 的第 49 个心跳包发送成功
[01:34:30 INF] 【直播间】23040372 的第 49 个心跳包发送成功
[01:35:34 INF] 【直播间】23357926 的第 50 个心跳包发送成功
[01:35:35 INF] 【直播间】407149 的第 50 个心跳包发送成功
[01:35:37 INF] 【直播间】23040372 的第 50 个心跳包发送成功
[01:36:41 INF] 【直播间】23357926 的第 51 个心跳包发送成功
[01:36:42 INF] 【直播间】407149 的第 51 个心跳包发送成功
[01:36:43 INF] 【直播间】23040372 的第 51 个心跳包发送成功
[01:37:47 INF] 【直播间】23357926 的第 52 个心跳包发送成功
[01:37:48 INF] 【直播间】407149 的第 52 个心跳包发送成功
[01:37:50 INF] 【直播间】23040372 的第 52 个心跳包发送成功
[01:38:54 INF] 【直播间】23357926 的第 53 个心跳包发送成功
[01:38:55 INF] 【直播间】407149 的第 53 个心跳包发送成功
[01:38:56 INF] 【直播间】23040372 的第 53 个心跳包发送成功
[01:40:00 INF] 【直播间】23357926 的第 54 个心跳包发送成功
[01:40:01 INF] 【直播间】407149 的第 54 个心跳包发送成功
[01:40:03 INF] 【直播间】23040372 的第 54 个心跳包发送成功
[01:41:06 INF] 【直播间】23357926 的第 55 个心跳包发送成功
[01:41:08 INF] 【直播间】407149 的第 55 个心跳包发送成功
[01:41:09 INF] 【直播间】23040372 的第 55 个心跳包发送成功
[01:42:13 INF] 【直播间】23357926 的第 56 个心跳包发送成功
[01:42:14 INF] 【直播间】407149 的第 56 个心跳包发送成功
[01:42:16 INF] 【直播间】23040372 的第 56 个心跳包发送成功
[01:43:20 INF] 【直播间】23357926 的第 57 个心跳包发送成功
[01:43:21 INF] 【直播间】407149 的第 57 个心跳包发送成功
[01:43:22 INF] 【直播间】23040372 的第 57 个心跳包发送成功
[01:44:26 ERR] 【心跳包】直播间 23357926 发送失败
[01:44:26 ERR] 【原因】time check failed
[01:44:27 ERR] 【心跳包】直播间 407149 发送失败
[01:44:27 ERR] 【原因】time check failed
[01:44:28 ERR] 【心跳包】直播间 23040372 发送失败
[01:44:28 ERR] 【原因】time check failed
[01:45:32 INF] 【直播间】23357926 的第 58 个心跳包发送成功
[01:45:33 INF] 【直播间】407149 的第 58 个心跳包发送成功
[01:45:35 INF] 【直播间】23040372 的第 58 个心跳包发送成功
[01:46:38 INF] 【直播间】23357926 的第 59 个心跳包发送成功
[01:46:40 INF] 【直播间】407149 的第 59 个心跳包发送成功
[01:46:41 INF] 【直播间】23040372 的第 59 个心跳包发送成功
[01:47:45 INF] 【直播间】23357926 的第 60 个心跳包发送成功
[01:47:46 INF] 【直播间】407149 的第 60 个心跳包发送成功
[01:47:47 INF] 【直播间】23040372 的第 60 个心跳包发送成功
[01:48:51 INF] 【直播间】23357926 的第 61 个心跳包发送成功
[01:48:52 INF] 【直播间】407149 的第 61 个心跳包发送成功
[01:48:54 INF] 【直播间】23040372 的第 61 个心跳包发送成功
[01:49:58 INF] 【直播间】23357926 的第 62 个心跳包发送成功
[01:49:59 INF] 【直播间】407149 的第 62 个心跳包发送成功
[01:50:00 INF] 【直播间】23040372 的第 62 个心跳包发送成功
[01:51:04 INF] 【直播间】23357926 的第 63 个心跳包发送成功
[01:51:05 INF] 【直播间】407149 的第 63 个心跳包发送成功
[01:51:07 INF] 【直播间】23040372 的第 63 个心跳包发送成功
[01:52:11 INF] 【直播间】23357926 的第 64 个心跳包发送成功
[01:52:12 INF] 【直播间】407149 的第 64 个心跳包发送成功
[01:52:13 INF] 【直播间】23040372 的第 64 个心跳包发送成功
[01:53:17 INF] 【直播间】23357926 的第 65 个心跳包发送成功
[01:53:19 INF] 【直播间】407149 的第 65 个心跳包发送成功
[01:53:20 INF] 【直播间】23040372 的第 65 个心跳包发送成功
[01:54:24 INF] 【直播间】23357926 的第 66 个心跳包发送成功
[01:54:25 INF] 【直播间】407149 的第 66 个心跳包发送成功
[01:54:26 INF] 【直播间】23040372 的第 66 个心跳包发送成功
[01:55:30 INF] 【直播间】23357926 的第 67 个心跳包发送成功
[01:55:32 INF] 【直播间】407149 的第 67 个心跳包发送成功
[01:55:33 INF] 【直播间】23040372 的第 67 个心跳包发送成功
[01:56:37 INF] 【直播间】23357926 的第 68 个心跳包发送成功
[01:56:38 INF] 【直播间】407149 的第 68 个心跳包发送成功
[01:56:39 INF] 【直播间】23040372 的第 68 个心跳包发送成功
[01:57:43 INF] 【直播间】23357926 的第 69 个心跳包发送成功
[01:57:44 INF] 【直播间】407149 的第 69 个心跳包发送成功
[01:57:45 INF] 【直播间】23040372 的第 69 个心跳包发送成功
[01:58:49 INF] 【直播间】23357926 的第 70 个心跳包发送成功
[01:58:51 INF] 【直播间】407149 的第 70 个心跳包发送成功
[01:58:52 INF] 【直播间】23040372 的第 70 个心跳包发送成功
[01:58:52 INF] 【直播观看时长】完成情况：3/3 
[01:58:52 INF] ---------结束---------

[01:58:52 INF] ==========结束==========

[01:58:52 INF] ######### 账号 2 #########

[01:58:52 INF] =====开始 直播间互动 =====

[01:58:52 INF] ---开始 发送弹幕 ---
[01:58:52 INF] 检测到直播 Cookie 未正确配置，尝试自动配置中...
[01:58:59 INF] 直播 Cookie 配置成功！
[01:58:59 INF] 【获取直播列表】获取拥有粉丝牌的直播列表
[01:59:06 INF] 【主播】Mark陌枫 
[01:59:17 INF] 【主播】苏打baka 
[01:59:32 INF] 【直播间】Mark陌枫
[01:59:32 INF] 【粉丝牌】馬楓
[01:59:32 INF] 正在发送弹幕...
[01:59:39 INF] 【直播间】苏打baka
[01:59:39 INF] 【粉丝牌】碳酸钠
[01:59:39 INF] 正在发送弹幕...
[01:59:44 INF] -------结束-------

[01:59:44 INF] ---开始 点赞直播间 ---
[01:59:44 INF] 【获取直播列表】获取拥有粉丝牌的直播列表
[01:59:46 INF] 【弹幕发送】成功~，你和主播 Mark陌枫 的亲密值增加了100！
[01:59:48 INF] 【主播】Mark陌枫 
[01:59:50 INF] 【弹幕发送】成功~，你和主播 苏打baka 的亲密值增加了100！
[01:59:59 INF] 【主播】苏打baka 
[02:00:10 INF] 【点赞直播间】23357926 完成
[02:00:17 INF] --------结束--------

[02:00:17 INF] ---开始 直播时长挂机 ---
[02:00:17 INF] 【获取直播列表】获取拥有粉丝牌的直播列表
[02:00:17 INF] 【点赞直播间】23040372 完成
[02:00:20 INF] 【主播】Mark陌枫 
[02:00:29 INF] 【主播】苏打baka 
[02:00:44 INF] 【直播间】23357926 的第 1 个心跳包发送成功
[02:00:45 INF] 【直播间】23040372 的第 1 个心跳包发送成功
[02:01:50 INF] 【直播间】23357926 的第 2 个心跳包发送成功
[02:01:52 INF] 【直播间】23040372 的第 2 个心跳包发送成功
[02:02:57 INF] 【直播间】23357926 的第 3 个心跳包发送成功
[02:02:58 INF] 【直播间】23040372 的第 3 个心跳包发送成功
[02:04:03 INF] 【直播间】23357926 的第 4 个心跳包发送成功
[02:04:05 INF] 【直播间】23040372 的第 4 个心跳包发送成功
[02:05:10 INF] 【直播间】23357926 的第 5 个心跳包发送成功
[02:05:11 INF] 【直播间】23040372 的第 5 个心跳包发送成功
[02:06:16 INF] 【直播间】23357926 的第 6 个心跳包发送成功
[02:06:17 INF] 【直播间】23040372 的第 6 个心跳包发送成功
[02:07:22 INF] 【直播间】23357926 的第 7 个心跳包发送成功
[02:07:24 INF] 【直播间】23040372 的第 7 个心跳包发送成功
[02:08:29 INF] 【直播间】23357926 的第 8 个心跳包发送成功
[02:08:30 INF] 【直播间】23040372 的第 8 个心跳包发送成功
[02:09:35 INF] 【直播间】23357926 的第 9 个心跳包发送成功
[02:09:36 INF] 【直播间】23040372 的第 9 个心跳包发送成功
[02:10:41 INF] 【直播间】23357926 的第 10 个心跳包发送成功
[02:10:43 INF] 【直播间】23040372 的第 10 个心跳包发送成功
[02:11:48 INF] 【直播间】23357926 的第 11 个心跳包发送成功
[02:11:49 INF] 【直播间】23040372 的第 11 个心跳包发送成功
[02:12:54 INF] 【直播间】23357926 的第 12 个心跳包发送成功
[02:12:55 INF] 【直播间】23040372 的第 12 个心跳包发送成功
[02:14:01 INF] 【直播间】23357926 的第 13 个心跳包发送成功
[02:14:02 INF] 【直播间】23040372 的第 13 个心跳包发送成功
[02:15:07 INF] 【直播间】23357926 的第 14 个心跳包发送成功
[02:15:09 INF] 【直播间】23040372 的第 14 个心跳包发送成功
[02:16:14 INF] 【直播间】23357926 的第 15 个心跳包发送成功
[02:16:15 INF] 【直播间】23040372 的第 15 个心跳包发送成功
[02:17:20 ERR] 【心跳包】直播间 23357926 发送失败
[02:17:20 ERR] 【原因】time check failed
[02:17:21 ERR] 【心跳包】直播间 23040372 发送失败
[02:17:21 ERR] 【原因】time check failed
[02:18:26 INF] 【直播间】23357926 的第 16 个心跳包发送成功
[02:18:28 INF] 【直播间】23040372 的第 16 个心跳包发送成功
[02:19:33 INF] 【直播间】23357926 的第 17 个心跳包发送成功
[02:19:34 INF] 【直播间】23040372 的第 17 个心跳包发送成功
[02:20:39 INF] 【直播间】23357926 的第 18 个心跳包发送成功
[02:20:40 INF] 【直播间】23040372 的第 18 个心跳包发送成功
[02:21:46 INF] 【直播间】23357926 的第 19 个心跳包发送成功
[02:21:47 INF] 【直播间】23040372 的第 19 个心跳包发送成功
[02:22:52 INF] 【直播间】23357926 的第 20 个心跳包发送成功
[02:22:53 INF] 【直播间】23040372 的第 20 个心跳包发送成功
[02:23:58 INF] 【直播间】23357926 的第 21 个心跳包发送成功
[02:23:59 INF] 【直播间】23040372 的第 21 个心跳包发送成功
[02:25:05 INF] 【直播间】23357926 的第 22 个心跳包发送成功
[02:25:06 INF] 【直播间】23040372 的第 22 个心跳包发送成功
[02:26:11 INF] 【直播间】23357926 的第 23 个心跳包发送成功
[02:26:12 INF] 【直播间】23040372 的第 23 个心跳包发送成功
[02:27:18 INF] 【直播间】23357926 的第 24 个心跳包发送成功
[02:27:19 INF] 【直播间】23040372 的第 24 个心跳包发送成功
[02:28:24 INF] 【直播间】23357926 的第 25 个心跳包发送成功
[02:28:25 INF] 【直播间】23040372 的第 25 个心跳包发送成功
[02:29:30 INF] 【直播间】23357926 的第 26 个心跳包发送成功
[02:29:31 INF] 【直播间】23040372 的第 26 个心跳包发送成功
[02:30:36 INF] 【直播间】23357926 的第 27 个心跳包发送成功
[02:30:38 INF] 【直播间】23040372 的第 27 个心跳包发送成功
[02:31:43 INF] 【直播间】23357926 的第 28 个心跳包发送成功
[02:31:44 INF] 【直播间】23040372 的第 28 个心跳包发送成功
[02:32:49 INF] 【直播间】23357926 的第 29 个心跳包发送成功
[02:32:50 INF] 【直播间】23040372 的第 29 个心跳包发送成功
[02:33:55 ERR] 【心跳包】直播间 23357926 发送失败
[02:33:55 ERR] 【原因】time check failed
[02:33:57 ERR] 【心跳包】直播间 23040372 发送失败
[02:33:57 ERR] 【原因】time check failed
[02:35:02 INF] 【直播间】23357926 的第 30 个心跳包发送成功
[02:35:03 INF] 【直播间】23040372 的第 30 个心跳包发送成功
[02:36:08 INF] 【直播间】23357926 的第 31 个心跳包发送成功
[02:36:10 INF] 【直播间】23040372 的第 31 个心跳包发送成功
[02:37:15 INF] 【直播间】23357926 的第 32 个心跳包发送成功
[02:37:16 INF] 【直播间】23040372 的第 32 个心跳包发送成功
[02:38:21 INF] 【直播间】23357926 的第 33 个心跳包发送成功
[02:38:22 INF] 【直播间】23040372 的第 33 个心跳包发送成功
[02:39:27 INF] 【直播间】23357926 的第 34 个心跳包发送成功
[02:39:29 INF] 【直播间】23040372 的第 34 个心跳包发送成功
[02:40:34 INF] 【直播间】23357926 的第 35 个心跳包发送成功
[02:40:35 INF] 【直播间】23040372 的第 35 个心跳包发送成功
[02:41:40 INF] 【直播间】23357926 的第 36 个心跳包发送成功
[02:41:41 INF] 【直播间】23040372 的第 36 个心跳包发送成功
[02:42:46 INF] 【直播间】23357926 的第 37 个心跳包发送成功
[02:42:48 INF] 【直播间】23040372 的第 37 个心跳包发送成功
[02:43:53 INF] 【直播间】23357926 的第 38 个心跳包发送成功
[02:43:54 INF] 【直播间】23040372 的第 38 个心跳包发送成功
[02:44:59 INF] 【直播间】23357926 的第 39 个心跳包发送成功
[02:45:01 INF] 【直播间】23040372 的第 39 个心跳包发送成功
[02:46:06 INF] 【直播间】23357926 的第 40 个心跳包发送成功
[02:46:07 INF] 【直播间】23040372 的第 40 个心跳包发送成功
[02:47:12 INF] 【直播间】23357926 的第 41 个心跳包发送成功
[02:47:13 INF] 【直播间】23040372 的第 41 个心跳包发送成功
[02:48:18 INF] 【直播间】23357926 的第 42 个心跳包发送成功
[02:48:20 INF] 【直播间】23040372 的第 42 个心跳包发送成功
[02:49:25 INF] 【直播间】23357926 的第 43 个心跳包发送成功
[02:49:26 INF] 【直播间】23040372 的第 43 个心跳包发送成功
[02:50:31 ERR] 【心跳包】直播间 23357926 发送失败
[02:50:31 ERR] 【原因】time check failed
[02:50:32 ERR] 【心跳包】直播间 23040372 发送失败
[02:50:32 ERR] 【原因】time check failed
[02:51:37 INF] 【直播间】23357926 的第 44 个心跳包发送成功
[02:51:38 INF] 【直播间】23040372 的第 44 个心跳包发送成功
[02:52:43 INF] 【直播间】23357926 的第 45 个心跳包发送成功
[02:52:45 INF] 【直播间】23040372 的第 45 个心跳包发送成功
[02:53:50 INF] 【直播间】23357926 的第 46 个心跳包发送成功
[02:53:51 INF] 【直播间】23040372 的第 46 个心跳包发送成功
[02:54:56 INF] 【直播间】23357926 的第 47 个心跳包发送成功
[02:54:58 INF] 【直播间】23040372 的第 47 个心跳包发送成功
[02:56:03 INF] 【直播间】23357926 的第 48 个心跳包发送成功
[02:56:04 INF] 【直播间】23040372 的第 48 个心跳包发送成功
[02:57:09 INF] 【直播间】23357926 的第 49 个心跳包发送成功
[02:57:10 INF] 【直播间】23040372 的第 49 个心跳包发送成功
[02:58:15 INF] 【直播间】23357926 的第 50 个心跳包发送成功
[02:58:16 INF] 【直播间】23040372 的第 50 个心跳包发送成功
[02:59:22 INF] 【直播间】23357926 的第 51 个心跳包发送成功
[02:59:23 INF] 【直播间】23040372 的第 51 个心跳包发送成功
[03:00:28 INF] 【直播间】23357926 的第 52 个心跳包发送成功
[03:00:29 INF] 【直播间】23040372 的第 52 个心跳包发送成功
[03:01:35 INF] 【直播间】23357926 的第 53 个心跳包发送成功
[03:01:36 INF] 【直播间】23040372 的第 53 个心跳包发送成功
[03:02:41 INF] 【直播间】23357926 的第 54 个心跳包发送成功
[03:02:42 INF] 【直播间】23040372 的第 54 个心跳包发送成功
[03:03:47 INF] 【直播间】23357926 的第 55 个心跳包发送成功
[03:03:48 INF] 【直播间】23040372 的第 55 个心跳包发送成功
[03:04:54 INF] 【直播间】23357926 的第 56 个心跳包发送成功
[03:04:55 INF] 【直播间】23040372 的第 56 个心跳包发送成功
[03:06:00 INF] 【直播间】23357926 的第 57 个心跳包发送成功
[03:06:01 INF] 【直播间】23040372 的第 57 个心跳包发送成功
[03:07:06 ERR] 【心跳包】直播间 23357926 发送失败
[03:07:06 ERR] 【原因】time check failed
[03:07:08 ERR] 【心跳包】直播间 23040372 发送失败
[03:07:08 ERR] 【原因】time check failed
[03:08:13 INF] 【直播间】23357926 的第 58 个心跳包发送成功
[03:08:14 INF] 【直播间】23040372 的第 58 个心跳包发送成功
[03:09:19 INF] 【直播间】23357926 的第 59 个心跳包发送成功
[03:09:21 INF] 【直播间】23040372 的第 59 个心跳包发送成功
[03:10:26 INF] 【直播间】23357926 的第 60 个心跳包发送成功
[03:10:27 INF] 【直播间】23040372 的第 60 个心跳包发送成功
[03:11:32 INF] 【直播间】23357926 的第 61 个心跳包发送成功
[03:11:34 INF] 【直播间】23040372 的第 61 个心跳包发送成功
[03:12:39 INF] 【直播间】23357926 的第 62 个心跳包发送成功
[03:12:40 INF] 【直播间】23040372 的第 62 个心跳包发送成功
[03:13:45 INF] 【直播间】23357926 的第 63 个心跳包发送成功
[03:13:46 INF] 【直播间】23040372 的第 63 个心跳包发送成功
[03:14:51 INF] 【直播间】23357926 的第 64 个心跳包发送成功
[03:14:53 INF] 【直播间】23040372 的第 64 个心跳包发送成功
[03:15:58 INF] 【直播间】23357926 的第 65 个心跳包发送成功
[03:15:59 INF] 【直播间】23040372 的第 65 个心跳包发送成功
[03:17:04 INF] 【直播间】23357926 的第 66 个心跳包发送成功
[03:17:06 INF] 【直播间】23040372 的第 66 个心跳包发送成功
[03:18:11 INF] 【直播间】23357926 的第 67 个心跳包发送成功
[03:18:12 INF] 【直播间】23040372 的第 67 个心跳包发送成功
[03:19:17 INF] 【直播间】23357926 的第 68 个心跳包发送成功
[03:19:18 INF] 【直播间】23040372 的第 68 个心跳包发送成功
[03:20:23 INF] 【直播间】23357926 的第 69 个心跳包发送成功
[03:20:24 INF] 【直播间】23040372 的第 69 个心跳包发送成功
[03:21:30 INF] 【直播间】23357926 的第 70 个心跳包发送成功
[03:21:31 INF] 【直播间】23040372 的第 70 个心跳包发送成功
[03:21:31 INF] 【直播观看时长】完成情况：2/2 
[03:21:31 INF] ---------结束---------

[03:21:31 INF] ==========结束==========

[03:21:31 INF] ######### 账号 3 #########

[03:21:31 INF] =====开始 直播间互动 =====

[03:21:31 INF] ---开始 发送弹幕 ---
[03:21:31 INF] 检测到直播 Cookie 未正确配置，尝试自动配置中...
[03:21:36 INF] 直播 Cookie 配置成功！
[03:21:36 INF] 【获取直播列表】获取拥有粉丝牌的直播列表
[03:21:43 INF] 【主播】苏打baka 
[03:21:56 INF] 【直播间】苏打baka
[03:21:56 INF] 【粉丝牌】碳酸钠
[03:21:56 INF] 正在发送弹幕...
[03:21:59 INF] -------结束-------

[03:21:59 INF] ---开始 点赞直播间 ---
[03:21:59 INF] 【获取直播列表】获取拥有粉丝牌的直播列表
[03:22:03 INF] 【弹幕发送】成功~，你和主播 苏打baka 的亲密值增加了100！
[03:22:06 INF] 【主播】苏打baka 
[03:22:19 INF] --------结束--------

[03:22:19 INF] ---开始 直播时长挂机 ---
[03:22:19 INF] 【获取直播列表】获取拥有粉丝牌的直播列表
[03:22:19 INF] 【点赞直播间】23040372 完成
[03:22:26 INF] 【主播】苏打baka 
[03:22:41 INF] 【直播间】23040372 的第 1 个心跳包发送成功
[03:23:47 INF] 【直播间】23040372 的第 2 个心跳包发送成功
[03:24:54 INF] 【直播间】23040372 的第 3 个心跳包发送成功
[03:26:00 INF] 【直播间】23040372 的第 4 个心跳包发送成功
[03:27:07 INF] 【直播间】23040372 的第 5 个心跳包发送成功
[03:28:13 INF] 【直播间】23040372 的第 6 个心跳包发送成功
[03:29:19 INF] 【直播间】23040372 的第 7 个心跳包发送成功
[03:30:26 INF] 【直播间】23040372 的第 8 个心跳包发送成功
[03:31:32 INF] 【直播间】23040372 的第 9 个心跳包发送成功
[03:32:39 INF] 【直播间】23040372 的第 10 个心跳包发送成功
[03:33:45 INF] 【直播间】23040372 的第 11 个心跳包发送成功
[03:34:51 INF] 【直播间】23040372 的第 12 个心跳包发送成功
[03:35:58 INF] 【直播间】23040372 的第 13 个心跳包发送成功
[03:37:04 INF] 【直播间】23040372 的第 14 个心跳包发送成功
[03:38:10 INF] 【直播间】23040372 的第 15 个心跳包发送成功
[03:39:17 ERR] 【心跳包】直播间 23040372 发送失败
[03:39:17 ERR] 【原因】time check failed
[03:40:23 INF] 【直播间】23040372 的第 16 个心跳包发送成功
[03:41:29 INF] 【直播间】23040372 的第 17 个心跳包发送成功
[03:42:36 INF] 【直播间】23040372 的第 18 个心跳包发送成功
[03:43:42 INF] 【直播间】23040372 的第 19 个心跳包发送成功
[03:44:48 INF] 【直播间】23040372 的第 20 个心跳包发送成功
[03:45:55 INF] 【直播间】23040372 的第 21 个心跳包发送成功
[03:47:01 INF] 【直播间】23040372 的第 22 个心跳包发送成功
[03:48:08 INF] 【直播间】23040372 的第 23 个心跳包发送成功
[03:49:14 INF] 【直播间】23040372 的第 24 个心跳包发送成功
[03:50:20 INF] 【直播间】23040372 的第 25 个心跳包发送成功
[03:51:27 INF] 【直播间】23040372 的第 26 个心跳包发送成功
[03:52:33 INF] 【直播间】23040372 的第 27 个心跳包发送成功
[03:53:39 INF] 【直播间】23040372 的第 28 个心跳包发送成功
[03:54:46 INF] 【直播间】23040372 的第 29 个心跳包发送成功
[03:55:52 ERR] 【心跳包】直播间 23040372 发送失败
[03:55:52 ERR] 【原因】time check failed
[03:56:59 INF] 【直播间】23040372 的第 30 个心跳包发送成功
[03:58:05 INF] 【直播间】23040372 的第 31 个心跳包发送成功
[03:59:12 INF] 【直播间】23040372 的第 32 个心跳包发送成功
[04:00:18 INF] 【直播间】23040372 的第 33 个心跳包发送成功
[04:01:24 INF] 【直播间】23040372 的第 34 个心跳包发送成功
[04:02:31 INF] 【直播间】23040372 的第 35 个心跳包发送成功
[04:03:37 INF] 【直播间】23040372 的第 36 个心跳包发送成功
[04:04:43 INF] 【直播间】23040372 的第 37 个心跳包发送成功
[04:05:50 INF] 【直播间】23040372 的第 38 个心跳包发送成功
[04:06:56 INF] 【直播间】23040372 的第 39 个心跳包发送成功
[04:08:02 INF] 【直播间】23040372 的第 40 个心跳包发送成功
[04:09:09 INF] 【直播间】23040372 的第 41 个心跳包发送成功
[04:10:15 INF] 【直播间】23040372 的第 42 个心跳包发送成功
[04:11:22 INF] 【直播间】23040372 的第 43 个心跳包发送成功
[04:12:28 ERR] 【心跳包】直播间 23040372 发送失败
[04:12:28 ERR] 【原因】time check failed
[04:13:34 INF] 【直播间】23040372 的第 44 个心跳包发送成功
[04:14:40 INF] 【直播间】23040372 的第 45 个心跳包发送成功
[04:15:47 INF] 【直播间】23040372 的第 46 个心跳包发送成功
[04:16:53 INF] 【直播间】23040372 的第 47 个心跳包发送成功
[04:18:00 INF] 【直播间】23040372 的第 48 个心跳包发送成功
[04:19:06 INF] 【直播间】23040372 的第 49 个心跳包发送成功
[04:20:12 INF] 【直播间】23040372 的第 50 个心跳包发送成功
[04:21:19 INF] 【直播间】23040372 的第 51 个心跳包发送成功
[04:22:25 INF] 【直播间】23040372 的第 52 个心跳包发送成功
[04:23:32 INF] 【直播间】23040372 的第 53 个心跳包发送成功
[04:24:38 INF] 【直播间】23040372 的第 54 个心跳包发送成功
[04:25:44 INF] 【直播间】23040372 的第 55 个心跳包发送成功
[04:26:51 INF] 【直播间】23040372 的第 56 个心跳包发送成功
[04:27:58 INF] 【直播间】23040372 的第 57 个心跳包发送成功
[04:29:04 ERR] 【心跳包】直播间 23040372 发送失败
[04:29:04 ERR] 【原因】time check failed
[04:30:10 INF] 【直播间】23040372 的第 58 个心跳包发送成功
[04:31:17 INF] 【直播间】23040372 的第 59 个心跳包发送成功
[04:32:23 INF] 【直播间】23040372 的第 60 个心跳包发送成功
[04:33:29 INF] 【直播间】23040372 的第 61 个心跳包发送成功
[04:34:36 INF] 【直播间】23040372 的第 62 个心跳包发送成功
[04:35:42 INF] 【直播间】23040372 的第 63 个心跳包发送成功
[04:36:48 INF] 【直播间】23040372 的第 64 个心跳包发送成功
[04:37:55 INF] 【直播间】23040372 的第 65 个心跳包发送成功
[04:39:01 INF] 【直播间】23040372 的第 66 个心跳包发送成功
[04:40:08 INF] 【直播间】23040372 的第 67 个心跳包发送成功
[04:41:14 INF] 【直播间】23040372 的第 68 个心跳包发送成功
[04:42:20 INF] 【直播间】23040372 的第 69 个心跳包发送成功
[04:43:27 INF] 【直播间】23040372 的第 70 个心跳包发送成功
[04:43:27 INF] 【直播观看时长】完成情况：1/1 
[04:43:27 INF] ---------结束---------

[04:43:27 INF] ==========结束==========

[04:43:27 INF] 

========================

 v1.0.3 开源 by https://github.com/RayWangQvQ/BiliBiliToolPro

[04:43:27 INF] ·开始推送·LiveFansMedal任务·
2023-04-22T20:43:27.2141767Z 开始推送到:PushPlus
2023-04-22T20:43:43.0935293Z Response status: OK.
2023-04-22T20:43:43.0935674Z Response content: {"code":200,"msg":"请求成功","data":"3d06f873fc664fe5ac64c08308d9b1b3","count":null}.

[04:43:43 INF] 运行环境：Development
[04:43:43 INF] 应用目录：/home/runner/work/BiliBiliToolPro/BiliBiliToolPro/src/Ray.BiliBiliTool.Console/bin/Debug/net6.0/

[04:43:43 INF] 运行结束
