----------- ip 信息 ---------
{
  "ip": "20.97.189.17",
  "city": "Boydton",
  "region": "Virginia",
  "country": "US",
  "loc": "36.6676,-78.3875",
  "org": "AS8075 Microsoft Corporation",
  "postal": "23917",
  "timezone": "America/New_York",
  "readme": "https://ipinfo.io/missingauth"
} ---------- end ------------
  ____               ____    _   _____           _  
 |  _ \ __ _ _   _  | __ ) _| |_|_   _|__   ___ | | 
 | |_) / _` | | | | |  _ \(_) (_) | |/ _ \ / _ \| | 
 |  _ < (_| | |_| | | |_) | | | | | | (_) | (_) | | 
 |_| \_\__,_|\__, | |____/|_|_|_| |_|\___/ \___/|_| 
             |___/                                  

[00:29:21 INF] BiliBiliToolPro 开始运行...

[00:29:21 INF] 【账号个数】3个

[00:29:21 INF] 随机休眠4分钟

[00:33:21 INF] 【目标任务】LiveFansMedal
[00:33:21 INF] ######### 账号 1 #########

[00:33:21 INF] =====开始 直播间互动 =====

[00:33:21 INF] ---开始 发送弹幕 ---
[00:33:21 INF] 检测到直播 Cookie 未正确配置，尝试自动配置中...
[00:33:25 INF] 直播 Cookie 配置成功！
[00:33:25 INF] 【获取直播列表】获取拥有粉丝牌的直播列表
[00:33:32 INF] 【主播】KL_qiqi_ 
[00:33:50 INF] 【主播】Mark陌枫 
[00:34:09 INF] 【主播】苏打baka 
[00:34:30 INF] 【直播间】KL_qiqi_
[00:34:30 INF] 【粉丝牌】qiqisb
[00:34:30 INF] 正在发送弹幕...
[00:34:36 INF] 【直播间】Mark陌枫
[00:34:36 INF] 【粉丝牌】馬楓
[00:34:36 INF] 正在发送弹幕...
[00:34:40 INF] 【直播间】苏打baka
[00:34:40 INF] 【粉丝牌】碳酸钠
[00:34:40 INF] 正在发送弹幕...
[00:34:45 INF] -------结束-------

[00:34:45 INF] ---开始 点赞直播间 ---
[00:34:45 INF] 【获取直播列表】获取拥有粉丝牌的直播列表
[00:34:48 INF] 【弹幕发送】成功~，你和主播 Mark陌枫 的亲密值增加了100！
[00:34:49 INF] 【弹幕发送】成功~，你和主播 KL_qiqi_ 的亲密值增加了100！
[00:34:49 INF] 【主播】KL_qiqi_ 
[00:34:56 INF] 【弹幕发送】成功~，你和主播 苏打baka 的亲密值增加了100！
[00:35:03 INF] 【主播】Mark陌枫 
[00:35:22 INF] 【主播】苏打baka 
[00:35:48 INF] 【点赞直播间】407149 完成
[00:35:55 INF] 【点赞直播间】23357926 完成
[00:35:58 INF] --------结束--------

[00:35:58 INF] ---开始 直播时长挂机 ---
[00:35:58 INF] 【获取直播列表】获取拥有粉丝牌的直播列表
[00:35:58 INF] 【点赞直播间】23040372 完成
[00:36:01 INF] 【主播】KL_qiqi_ 
[00:36:14 INF] 【主播】Mark陌枫 
[00:36:30 INF] 【主播】苏打baka 
[00:36:48 INF] 【直播间】407149 的第 1 个心跳包发送成功
[00:36:49 INF] 【直播间】23357926 的第 1 个心跳包发送成功
[00:36:50 INF] 【直播间】23040372 的第 1 个心跳包发送成功
[00:37:54 INF] 【直播间】407149 的第 2 个心跳包发送成功
[00:37:56 INF] 【直播间】23357926 的第 2 个心跳包发送成功
[00:37:57 INF] 【直播间】23040372 的第 2 个心跳包发送成功
[00:39:01 INF] 【直播间】407149 的第 3 个心跳包发送成功
[00:39:02 INF] 【直播间】23357926 的第 3 个心跳包发送成功
[00:39:03 INF] 【直播间】23040372 的第 3 个心跳包发送成功
[00:40:07 INF] 【直播间】407149 的第 4 个心跳包发送成功
[00:40:09 INF] 【直播间】23357926 的第 4 个心跳包发送成功
[00:40:10 INF] 【直播间】23040372 的第 4 个心跳包发送成功
[00:41:14 INF] 【直播间】407149 的第 5 个心跳包发送成功
[00:41:15 INF] 【直播间】23357926 的第 5 个心跳包发送成功
[00:41:17 INF] 【直播间】23040372 的第 5 个心跳包发送成功
[00:42:21 INF] 【直播间】407149 的第 6 个心跳包发送成功
[00:42:22 INF] 【直播间】23357926 的第 6 个心跳包发送成功
[00:42:23 INF] 【直播间】23040372 的第 6 个心跳包发送成功
[00:43:27 INF] 【直播间】407149 的第 7 个心跳包发送成功
[00:43:29 INF] 【直播间】23357926 的第 7 个心跳包发送成功
[00:43:30 INF] 【直播间】23040372 的第 7 个心跳包发送成功
[00:44:34 INF] 【直播间】407149 的第 8 个心跳包发送成功
[00:44:35 INF] 【直播间】23357926 的第 8 个心跳包发送成功
[00:44:36 INF] 【直播间】23040372 的第 8 个心跳包发送成功
[00:45:40 INF] 【直播间】407149 的第 9 个心跳包发送成功
[00:45:42 INF] 【直播间】23357926 的第 9 个心跳包发送成功
[00:45:43 INF] 【直播间】23040372 的第 9 个心跳包发送成功
[00:46:47 INF] 【直播间】407149 的第 10 个心跳包发送成功
[00:46:48 INF] 【直播间】23357926 的第 10 个心跳包发送成功
[00:46:49 INF] 【直播间】23040372 的第 10 个心跳包发送成功
[00:47:53 INF] 【直播间】407149 的第 11 个心跳包发送成功
[00:47:55 INF] 【直播间】23357926 的第 11 个心跳包发送成功
[00:47:56 INF] 【直播间】23040372 的第 11 个心跳包发送成功
[00:49:00 INF] 【直播间】407149 的第 12 个心跳包发送成功
[00:49:01 INF] 【直播间】23357926 的第 12 个心跳包发送成功
[00:49:02 INF] 【直播间】23040372 的第 12 个心跳包发送成功
[00:50:07 INF] 【直播间】407149 的第 13 个心跳包发送成功
[00:50:08 INF] 【直播间】23357926 的第 13 个心跳包发送成功
[00:50:09 INF] 【直播间】23040372 的第 13 个心跳包发送成功
[00:51:13 INF] 【直播间】407149 的第 14 个心跳包发送成功
[00:51:14 INF] 【直播间】23357926 的第 14 个心跳包发送成功
[00:51:16 INF] 【直播间】23040372 的第 14 个心跳包发送成功
[00:52:20 ERR] 【心跳包】直播间 407149 发送失败
[00:52:20 ERR] 【原因】time check failed
[00:52:21 ERR] 【心跳包】直播间 23357926 发送失败
[00:52:21 ERR] 【原因】time check failed
[00:52:23 ERR] 【心跳包】直播间 23040372 发送失败
[00:52:23 ERR] 【原因】time check failed
[00:53:26 INF] 【直播间】407149 的第 15 个心跳包发送成功
[00:53:28 INF] 【直播间】23357926 的第 15 个心跳包发送成功
[00:53:29 INF] 【直播间】23040372 的第 15 个心跳包发送成功
[00:54:33 INF] 【直播间】407149 的第 16 个心跳包发送成功
[00:54:34 INF] 【直播间】23357926 的第 16 个心跳包发送成功
[00:54:35 INF] 【直播间】23040372 的第 16 个心跳包发送成功
[00:55:39 INF] 【直播间】407149 的第 17 个心跳包发送成功
[00:55:41 INF] 【直播间】23357926 的第 17 个心跳包发送成功
[00:55:42 INF] 【直播间】23040372 的第 17 个心跳包发送成功
[00:56:46 INF] 【直播间】407149 的第 18 个心跳包发送成功
[00:56:47 INF] 【直播间】23357926 的第 18 个心跳包发送成功
[00:56:49 INF] 【直播间】23040372 的第 18 个心跳包发送成功
[00:57:53 INF] 【直播间】407149 的第 19 个心跳包发送成功
[00:57:54 INF] 【直播间】23357926 的第 19 个心跳包发送成功
[00:57:55 INF] 【直播间】23040372 的第 19 个心跳包发送成功
[00:58:59 INF] 【直播间】407149 的第 20 个心跳包发送成功
[00:59:00 INF] 【直播间】23357926 的第 20 个心跳包发送成功
[00:59:02 INF] 【直播间】23040372 的第 20 个心跳包发送成功
[01:00:06 INF] 【直播间】407149 的第 21 个心跳包发送成功
[01:00:07 INF] 【直播间】23357926 的第 21 个心跳包发送成功
[01:00:08 INF] 【直播间】23040372 的第 21 个心跳包发送成功
[01:01:13 INF] 【直播间】407149 的第 22 个心跳包发送成功
[01:01:14 INF] 【直播间】23357926 的第 22 个心跳包发送成功
[01:01:15 INF] 【直播间】23040372 的第 22 个心跳包发送成功
[01:02:19 INF] 【直播间】407149 的第 23 个心跳包发送成功
[01:02:20 INF] 【直播间】23357926 的第 23 个心跳包发送成功
[01:02:22 INF] 【直播间】23040372 的第 23 个心跳包发送成功
[01:03:26 INF] 【直播间】407149 的第 24 个心跳包发送成功
[01:03:27 INF] 【直播间】23357926 的第 24 个心跳包发送成功
[01:03:28 INF] 【直播间】23040372 的第 24 个心跳包发送成功
[01:04:32 INF] 【直播间】407149 的第 25 个心跳包发送成功
[01:04:34 INF] 【直播间】23357926 的第 25 个心跳包发送成功
[01:04:35 INF] 【直播间】23040372 的第 25 个心跳包发送成功
[01:05:39 INF] 【直播间】407149 的第 26 个心跳包发送成功
[01:05:40 INF] 【直播间】23357926 的第 26 个心跳包发送成功
[01:05:41 INF] 【直播间】23040372 的第 26 个心跳包发送成功
[01:06:46 INF] 【直播间】407149 的第 27 个心跳包发送成功
[01:06:47 INF] 【直播间】23357926 的第 27 个心跳包发送成功
[01:06:48 INF] 【直播间】23040372 的第 27 个心跳包发送成功
[01:07:52 ERR] 【心跳包】直播间 407149 发送失败
[01:07:52 ERR] 【原因】time check failed
[01:07:53 ERR] 【心跳包】直播间 23357926 发送失败
[01:07:53 ERR] 【原因】time check failed
[01:07:55 ERR] 【心跳包】直播间 23040372 发送失败
[01:07:55 ERR] 【原因】time check failed
[01:08:59 INF] 【直播间】407149 的第 28 个心跳包发送成功
[01:09:00 INF] 【直播间】23357926 的第 28 个心跳包发送成功
[01:09:01 INF] 【直播间】23040372 的第 28 个心跳包发送成功
[01:10:05 INF] 【直播间】407149 的第 29 个心跳包发送成功
[01:10:07 INF] 【直播间】23357926 的第 29 个心跳包发送成功
[01:10:08 INF] 【直播间】23040372 的第 29 个心跳包发送成功
[01:11:12 INF] 【直播间】407149 的第 30 个心跳包发送成功
[01:11:13 INF] 【直播间】23357926 的第 30 个心跳包发送成功
[01:11:15 INF] 【直播间】23040372 的第 30 个心跳包发送成功
[01:12:19 INF] 【直播间】407149 的第 31 个心跳包发送成功
[01:12:20 INF] 【直播间】23357926 的第 31 个心跳包发送成功
[01:12:22 INF] 【直播间】23040372 的第 31 个心跳包发送成功
[01:13:25 INF] 【直播间】407149 的第 32 个心跳包发送成功
[01:13:27 INF] 【直播间】23357926 的第 32 个心跳包发送成功
[01:13:28 INF] 【直播间】23040372 的第 32 个心跳包发送成功
[01:14:32 INF] 【直播间】407149 的第 33 个心跳包发送成功
[01:14:33 INF] 【直播间】23357926 的第 33 个心跳包发送成功
[01:14:35 INF] 【直播间】23040372 的第 33 个心跳包发送成功
[01:15:39 INF] 【直播间】407149 的第 34 个心跳包发送成功
[01:15:40 INF] 【直播间】23357926 的第 34 个心跳包发送成功
[01:15:41 INF] 【直播间】23040372 的第 34 个心跳包发送成功
[01:16:45 INF] 【直播间】407149 的第 35 个心跳包发送成功
[01:16:46 INF] 【直播间】23357926 的第 35 个心跳包发送成功
[01:16:48 INF] 【直播间】23040372 的第 35 个心跳包发送成功
[01:17:52 INF] 【直播间】407149 的第 36 个心跳包发送成功
[01:17:53 INF] 【直播间】23357926 的第 36 个心跳包发送成功
[01:17:54 INF] 【直播间】23040372 的第 36 个心跳包发送成功
[01:18:58 INF] 【直播间】407149 的第 37 个心跳包发送成功
[01:19:00 INF] 【直播间】23357926 的第 37 个心跳包发送成功
[01:19:01 INF] 【直播间】23040372 的第 37 个心跳包发送成功
[01:20:05 INF] 【直播间】407149 的第 38 个心跳包发送成功
[01:20:06 INF] 【直播间】23357926 的第 38 个心跳包发送成功
[01:20:07 INF] 【直播间】23040372 的第 38 个心跳包发送成功
[01:21:11 INF] 【直播间】407149 的第 39 个心跳包发送成功
[01:21:13 INF] 【直播间】23357926 的第 39 个心跳包发送成功
[01:21:14 INF] 【直播间】23040372 的第 39 个心跳包发送成功
[01:22:18 INF] 【直播间】407149 的第 40 个心跳包发送成功
[01:22:19 INF] 【直播间】23357926 的第 40 个心跳包发送成功
[01:22:21 INF] 【直播间】23040372 的第 40 个心跳包发送成功
[01:23:25 ERR] 【心跳包】直播间 407149 发送失败
[01:23:25 ERR] 【原因】time check failed
[01:23:26 ERR] 【心跳包】直播间 23357926 发送失败
[01:23:26 ERR] 【原因】time check failed
[01:23:27 ERR] 【心跳包】直播间 23040372 发送失败
[01:23:27 ERR] 【原因】time check failed
[01:24:31 INF] 【直播间】407149 的第 41 个心跳包发送成功
[01:24:33 INF] 【直播间】23357926 的第 41 个心跳包发送成功
[01:24:34 INF] 【直播间】23040372 的第 41 个心跳包发送成功
[01:25:38 INF] 【直播间】407149 的第 42 个心跳包发送成功
[01:25:39 INF] 【直播间】23357926 的第 42 个心跳包发送成功
[01:25:41 INF] 【直播间】23040372 的第 42 个心跳包发送成功
[01:26:44 INF] 【直播间】407149 的第 43 个心跳包发送成功
[01:26:46 INF] 【直播间】23357926 的第 43 个心跳包发送成功
[01:26:47 INF] 【直播间】23040372 的第 43 个心跳包发送成功
[01:27:51 INF] 【直播间】407149 的第 44 个心跳包发送成功
[01:27:52 INF] 【直播间】23357926 的第 44 个心跳包发送成功
[01:27:53 INF] 【直播间】23040372 的第 44 个心跳包发送成功
[01:28:58 INF] 【直播间】407149 的第 45 个心跳包发送成功
[01:28:59 INF] 【直播间】23357926 的第 45 个心跳包发送成功
[01:29:00 INF] 【直播间】23040372 的第 45 个心跳包发送成功
[01:30:04 INF] 【直播间】407149 的第 46 个心跳包发送成功
[01:30:06 INF] 【直播间】23357926 的第 46 个心跳包发送成功
[01:30:07 INF] 【直播间】23040372 的第 46 个心跳包发送成功
[01:31:11 INF] 【直播间】407149 的第 47 个心跳包发送成功
[01:31:13 INF] 【直播间】23357926 的第 47 个心跳包发送成功
[01:31:14 INF] 【直播间】23040372 的第 47 个心跳包发送成功
[01:32:18 INF] 【直播间】407149 的第 48 个心跳包发送成功
[01:32:19 INF] 【直播间】23357926 的第 48 个心跳包发送成功
[01:32:20 INF] 【直播间】23040372 的第 48 个心跳包发送成功
[01:33:24 INF] 【直播间】407149 的第 49 个心跳包发送成功
[01:33:25 INF] 【直播间】23357926 的第 49 个心跳包发送成功
[01:33:27 INF] 【直播间】23040372 的第 49 个心跳包发送成功
[01:34:31 INF] 【直播间】407149 的第 50 个心跳包发送成功
[01:34:32 INF] 【直播间】23357926 的第 50 个心跳包发送成功
[01:34:33 INF] 【直播间】23040372 的第 50 个心跳包发送成功
[01:35:37 INF] 【直播间】407149 的第 51 个心跳包发送成功
[01:35:39 INF] 【直播间】23357926 的第 51 个心跳包发送成功
[01:35:40 INF] 【直播间】23040372 的第 51 个心跳包发送成功
[01:36:44 INF] 【直播间】407149 的第 52 个心跳包发送成功
[01:36:45 INF] 【直播间】23357926 的第 52 个心跳包发送成功
[01:36:46 INF] 【直播间】23040372 的第 52 个心跳包发送成功
[01:37:51 INF] 【直播间】407149 的第 53 个心跳包发送成功
[01:37:52 INF] 【直播间】23357926 的第 53 个心跳包发送成功
[01:37:53 INF] 【直播间】23040372 的第 53 个心跳包发送成功
[01:38:57 ERR] 【心跳包】直播间 407149 发送失败
[01:38:57 ERR] 【原因】time check failed
[01:38:58 ERR] 【心跳包】直播间 23357926 发送失败
[01:38:58 ERR] 【原因】time check failed
[01:39:00 ERR] 【心跳包】直播间 23040372 发送失败
[01:39:00 ERR] 【原因】time check failed
[01:40:04 INF] 【直播间】407149 的第 54 个心跳包发送成功
[01:40:05 INF] 【直播间】23357926 的第 54 个心跳包发送成功
[01:40:06 INF] 【直播间】23040372 的第 54 个心跳包发送成功
[01:41:10 INF] 【直播间】407149 的第 55 个心跳包发送成功
[01:41:11 INF] 【直播间】23357926 的第 55 个心跳包发送成功
[01:41:13 INF] 【直播间】23040372 的第 55 个心跳包发送成功
[01:42:17 INF] 【直播间】407149 的第 56 个心跳包发送成功
[01:42:18 INF] 【直播间】23357926 的第 56 个心跳包发送成功
[01:42:19 INF] 【直播间】23040372 的第 56 个心跳包发送成功
[01:43:23 INF] 【直播间】407149 的第 57 个心跳包发送成功
[01:43:24 INF] 【直播间】23357926 的第 57 个心跳包发送成功
[01:43:26 INF] 【直播间】23040372 的第 57 个心跳包发送成功
[01:44:30 INF] 【直播间】407149 的第 58 个心跳包发送成功
[01:44:31 INF] 【直播间】23357926 的第 58 个心跳包发送成功
[01:44:32 INF] 【直播间】23040372 的第 58 个心跳包发送成功
[01:45:36 INF] 【直播间】407149 的第 59 个心跳包发送成功
[01:45:38 INF] 【直播间】23357926 的第 59 个心跳包发送成功
[01:45:39 INF] 【直播间】23040372 的第 59 个心跳包发送成功
[01:46:43 INF] 【直播间】407149 的第 60 个心跳包发送成功
[01:46:44 INF] 【直播间】23357926 的第 60 个心跳包发送成功
[01:46:46 INF] 【直播间】23040372 的第 60 个心跳包发送成功
[01:47:50 INF] 【直播间】407149 的第 61 个心跳包发送成功
[01:47:51 INF] 【直播间】23357926 的第 61 个心跳包发送成功
[01:47:52 INF] 【直播间】23040372 的第 61 个心跳包发送成功
[01:48:56 INF] 【直播间】407149 的第 62 个心跳包发送成功
[01:48:57 INF] 【直播间】23357926 的第 62 个心跳包发送成功
[01:48:59 INF] 【直播间】23040372 的第 62 个心跳包发送成功
[01:50:03 INF] 【直播间】407149 的第 63 个心跳包发送成功
[01:50:04 INF] 【直播间】23357926 的第 63 个心跳包发送成功
[01:50:05 INF] 【直播间】23040372 的第 63 个心跳包发送成功
[01:51:09 INF] 【直播间】407149 的第 64 个心跳包发送成功
[01:51:11 INF] 【直播间】23357926 的第 64 个心跳包发送成功
[01:51:12 INF] 【直播间】23040372 的第 64 个心跳包发送成功
[01:52:16 INF] 【直播间】407149 的第 65 个心跳包发送成功
[01:52:17 INF] 【直播间】23357926 的第 65 个心跳包发送成功
[01:52:18 INF] 【直播间】23040372 的第 65 个心跳包发送成功
[01:53:23 INF] 【直播间】407149 的第 66 个心跳包发送成功
[01:53:24 INF] 【直播间】23357926 的第 66 个心跳包发送成功
[01:53:25 INF] 【直播间】23040372 的第 66 个心跳包发送成功
[01:54:29 ERR] 【心跳包】直播间 407149 发送失败
[01:54:29 ERR] 【原因】time check failed
[01:54:31 ERR] 【心跳包】直播间 23357926 发送失败
[01:54:31 ERR] 【原因】time check failed
[01:54:32 ERR] 【心跳包】直播间 23040372 发送失败
[01:54:32 ERR] 【原因】time check failed
[01:55:36 INF] 【直播间】407149 的第 67 个心跳包发送成功
[01:55:37 INF] 【直播间】23357926 的第 67 个心跳包发送成功
[01:55:38 INF] 【直播间】23040372 的第 67 个心跳包发送成功
[01:56:42 INF] 【直播间】407149 的第 68 个心跳包发送成功
[01:56:44 INF] 【直播间】23357926 的第 68 个心跳包发送成功
[01:56:45 INF] 【直播间】23040372 的第 68 个心跳包发送成功
[01:57:49 INF] 【直播间】407149 的第 69 个心跳包发送成功
[01:57:50 INF] 【直播间】23357926 的第 69 个心跳包发送成功
[01:57:51 INF] 【直播间】23040372 的第 69 个心跳包发送成功
[01:58:55 INF] 【直播间】407149 的第 70 个心跳包发送成功
[01:58:57 INF] 【直播间】23357926 的第 70 个心跳包发送成功
[01:58:58 INF] 【直播间】23040372 的第 70 个心跳包发送成功
[01:58:58 INF] 【直播观看时长】完成情况：3/3 
[01:58:58 INF] ---------结束---------

[01:58:58 INF] ==========结束==========

[01:58:58 INF] ######### 账号 2 #########

[01:58:58 INF] =====开始 直播间互动 =====

[01:58:58 INF] ---开始 发送弹幕 ---
[01:58:58 INF] 检测到直播 Cookie 未正确配置，尝试自动配置中...
[01:59:04 INF] 直播 Cookie 配置成功！
[01:59:04 INF] 【获取直播列表】获取拥有粉丝牌的直播列表
[01:59:10 INF] 【主播】Mark陌枫 
[01:59:25 INF] 【主播】苏打baka 
[01:59:42 INF] 【主播】特别中二的q3君 
[02:00:01 INF] 【主播】陈抱一 
[02:00:21 INF] 【主播】贪玩的小毅 
[02:00:42 INF] 【主播】KL_qiqi_ 
[02:00:59 INF] 【主播】悠悠球琛总 
[02:01:14 INF] 【主播】记录生活的蛋黄派 
[02:01:33 INF] 【主播】脏小豆 
[02:01:47 INF] 【主播】新石器公园 
[02:02:09 INF] 【主播】FoFTG 
[02:02:28 INF] 【主播】李船长笔记 
[02:02:49 INF] 【直播间】Mark陌枫
[02:02:49 INF] 【粉丝牌】馬楓
[02:02:49 INF] 正在发送弹幕...
[02:02:54 INF] 【直播间】苏打baka
[02:02:54 INF] 【粉丝牌】碳酸钠
[02:02:54 INF] 正在发送弹幕...
[02:03:01 INF] 【直播间】特别中二的q3君
[02:03:01 INF] 【粉丝牌】q3GG
[02:03:01 INF] 正在发送弹幕...
[02:03:06 INF] 【弹幕发送】成功~，你和主播 Mark陌枫 的亲密值增加了100！
[02:03:06 INF] 【直播间】陈抱一
[02:03:06 INF] 【粉丝牌】陈抱一
[02:03:06 INF] 正在发送弹幕...
[02:03:11 INF] 【弹幕发送】成功~，你和主播 苏打baka 的亲密值增加了100！
[02:03:12 INF] 【直播间】贪玩的小毅
[02:03:12 INF] 【粉丝牌】大大毅
[02:03:12 INF] 正在发送弹幕...
[02:03:16 INF] 【直播间】KL_qiqi_
[02:03:16 INF] 【粉丝牌】qiqisb
[02:03:16 INF] 正在发送弹幕...
[02:03:18 INF] 【弹幕发送】成功~，你和主播 特别中二的q3君 的亲密值增加了100！
[02:03:19 INF] 【直播间】悠悠球琛总
[02:03:19 INF] 【粉丝牌】i琛
[02:03:19 INF] 正在发送弹幕...
[02:03:22 INF] 【直播间】记录生活的蛋黄派
[02:03:22 INF] 【粉丝牌】派派派
[02:03:22 INF] 正在发送弹幕...
[02:03:23 INF] 【弹幕发送】成功~，你和主播 陈抱一 的亲密值增加了100！
[02:03:27 INF] 【弹幕发送】成功~，你和主播 KL_qiqi_ 的亲密值增加了100！
[02:03:28 INF] 【直播间】脏小豆
[02:03:28 INF] 【粉丝牌】豆豆浆
[02:03:28 INF] 正在发送弹幕...
[02:03:30 INF] 【弹幕发送】成功~，你和主播 贪玩的小毅 的亲密值增加了100！
[02:03:31 INF] 【直播间】新石器公园
[02:03:31 INF] 【粉丝牌】东园主
[02:03:31 INF] 正在发送弹幕...
[02:03:34 INF] 【弹幕发送】成功~，你和主播 悠悠球琛总 的亲密值增加了100！
[02:03:34 INF] 【直播间】FoFTG
[02:03:34 INF] 【粉丝牌】FOFTG
[02:03:34 INF] 正在发送弹幕...
[02:03:39 INF] 【弹幕发送】成功~，你和主播 脏小豆 的亲密值增加了100！
[02:03:39 INF] 【直播间】李船长笔记
[02:03:39 INF] 【粉丝牌】航海仕
[02:03:39 INF] 正在发送弹幕...
[02:03:39 ERR] 【弹幕发送】失败
[02:03:39 ERR] 【原因】您发送弹幕的频率过快
[02:03:42 INF] 【弹幕发送】成功~，你和主播 新石器公园 的亲密值增加了100！
[02:03:45 INF] -------结束-------

[02:03:45 INF] ---开始 点赞直播间 ---
[02:03:45 INF] 【获取直播列表】获取拥有粉丝牌的直播列表
[02:03:50 INF] 【主播】Mark陌枫 
[02:03:50 INF] 【弹幕发送】成功~，你和主播 FoFTG 的亲密值增加了100！
[02:03:59 INF] 【弹幕发送】成功~，你和主播 李船长笔记 的亲密值增加了100！
[02:04:05 INF] 【主播】苏打baka 
[02:04:23 INF] 【主播】特别中二的q3君 
[02:04:41 INF] 【主播】陈抱一 
[02:05:00 INF] 【主播】贪玩的小毅 
[02:05:18 INF] 【主播】KL_qiqi_ 
[02:05:33 INF] 【主播】悠悠球琛总 
[02:05:49 INF] 【主播】记录生活的蛋黄派 
[02:06:05 INF] 【主播】脏小豆 
[02:06:20 INF] 【主播】新石器公园 
[02:06:38 INF] 【主播】FoFTG 
[02:06:58 INF] 【主播】李船长笔记 
[02:07:18 INF] 【点赞直播间】23357926 完成
[02:07:23 INF] 【点赞直播间】23040372 完成
[02:07:26 INF] 【点赞直播间】31494 完成
[02:07:29 INF] 【点赞直播间】4015781 完成
[02:07:34 INF] 【点赞直播间】9619073 完成
[02:07:40 INF] 【点赞直播间】407149 完成
[02:07:46 INF] 【点赞直播间】7184632 完成
[02:07:53 INF] 【点赞直播间】11732699 完成
[02:07:58 INF] 【点赞直播间】929670 完成
[02:08:03 INF] 【点赞直播间】23447660 完成
[02:08:08 INF] 【点赞直播间】91164 完成
[02:08:13 INF] --------结束--------

[02:08:13 INF] ---开始 直播时长挂机 ---
[02:08:13 INF] 【获取直播列表】获取拥有粉丝牌的直播列表
[02:08:14 INF] 【点赞直播间】22764265 完成
[02:08:19 INF] 【主播】Mark陌枫 
[02:08:36 INF] 【主播】苏打baka 
[02:08:49 INF] 【主播】特别中二的q3君 
[02:09:07 INF] 【主播】陈抱一 
[02:09:23 INF] 【主播】贪玩的小毅 
[02:09:36 INF] 【主播】KL_qiqi_ 
[02:09:52 INF] 【主播】悠悠球琛总 
[02:10:15 INF] 【主播】记录生活的蛋黄派 
[02:10:32 INF] 【主播】脏小豆 
[02:10:51 INF] 【主播】新石器公园 
[02:11:08 INF] 【主播】FoFTG 
[02:11:24 INF] 【主播】李船长笔记 
[02:11:41 INF] 【直播间】23357926 的第 1 个心跳包发送成功
[02:11:42 INF] 【直播间】23040372 的第 1 个心跳包发送成功
[02:11:43 INF] 【直播间】31494 的第 1 个心跳包发送成功
[02:11:44 INF] 【直播间】4015781 的第 1 个心跳包发送成功
[02:11:46 INF] 【直播间】9619073 的第 1 个心跳包发送成功
[02:11:47 INF] 【直播间】407149 的第 1 个心跳包发送成功
[02:11:48 INF] 【直播间】7184632 的第 1 个心跳包发送成功
[02:11:49 INF] 【直播间】11732699 的第 1 个心跳包发送成功
[02:11:51 INF] 【直播间】929670 的第 1 个心跳包发送成功
[02:11:52 INF] 【直播间】23447660 的第 1 个心跳包发送成功
[02:11:53 INF] 【直播间】91164 的第 1 个心跳包发送成功
[02:11:54 INF] 【直播间】22764265 的第 1 个心跳包发送成功
[02:12:47 INF] 【直播间】23357926 的第 2 个心跳包发送成功
[02:12:49 INF] 【直播间】23040372 的第 2 个心跳包发送成功
[02:12:50 INF] 【直播间】31494 的第 2 个心跳包发送成功
[02:12:51 INF] 【直播间】4015781 的第 2 个心跳包发送成功
[02:12:52 INF] 【直播间】9619073 的第 2 个心跳包发送成功
[02:12:54 INF] 【直播间】407149 的第 2 个心跳包发送成功
[02:12:55 INF] 【直播间】7184632 的第 2 个心跳包发送成功
[02:12:56 INF] 【直播间】11732699 的第 2 个心跳包发送成功
[02:12:57 INF] 【直播间】929670 的第 2 个心跳包发送成功
[02:12:59 INF] 【直播间】23447660 的第 2 个心跳包发送成功
[02:13:00 INF] 【直播间】91164 的第 2 个心跳包发送成功
[02:13:01 INF] 【直播间】22764265 的第 2 个心跳包发送成功
[02:13:54 INF] 【直播间】23357926 的第 3 个心跳包发送成功
[02:13:55 INF] 【直播间】23040372 的第 3 个心跳包发送成功
[02:13:56 INF] 【直播间】31494 的第 3 个心跳包发送成功
[02:13:58 INF] 【直播间】4015781 的第 3 个心跳包发送成功
[02:13:59 INF] 【直播间】9619073 的第 3 个心跳包发送成功
[02:14:00 INF] 【直播间】407149 的第 3 个心跳包发送成功
[02:14:01 INF] 【直播间】7184632 的第 3 个心跳包发送成功
[02:14:03 INF] 【直播间】11732699 的第 3 个心跳包发送成功
[02:14:04 INF] 【直播间】929670 的第 3 个心跳包发送成功
[02:14:05 INF] 【直播间】23447660 的第 3 个心跳包发送成功
[02:14:07 INF] 【直播间】91164 的第 3 个心跳包发送成功
[02:14:08 INF] 【直播间】22764265 的第 3 个心跳包发送成功
[02:15:00 INF] 【直播间】23357926 的第 4 个心跳包发送成功
[02:15:02 INF] 【直播间】23040372 的第 4 个心跳包发送成功
[02:15:03 INF] 【直播间】31494 的第 4 个心跳包发送成功
[02:15:04 INF] 【直播间】4015781 的第 4 个心跳包发送成功
[02:15:05 INF] 【直播间】9619073 的第 4 个心跳包发送成功
[02:15:07 INF] 【直播间】407149 的第 4 个心跳包发送成功
[02:15:08 INF] 【直播间】7184632 的第 4 个心跳包发送成功
[02:15:09 INF] 【直播间】11732699 的第 4 个心跳包发送成功
[02:15:10 INF] 【直播间】929670 的第 4 个心跳包发送成功
[02:15:12 INF] 【直播间】23447660 的第 4 个心跳包发送成功
[02:15:13 INF] 【直播间】91164 的第 4 个心跳包发送成功
[02:15:14 INF] 【直播间】22764265 的第 4 个心跳包发送成功
[02:16:07 INF] 【直播间】23357926 的第 5 个心跳包发送成功
[02:16:08 INF] 【直播间】23040372 的第 5 个心跳包发送成功
[02:16:09 INF] 【直播间】31494 的第 5 个心跳包发送成功
[02:16:11 INF] 【直播间】4015781 的第 5 个心跳包发送成功
[02:16:12 INF] 【直播间】9619073 的第 5 个心跳包发送成功
[02:16:13 INF] 【直播间】407149 的第 5 个心跳包发送成功
[02:16:14 INF] 【直播间】7184632 的第 5 个心跳包发送成功
[02:16:16 INF] 【直播间】11732699 的第 5 个心跳包发送成功
[02:16:17 INF] 【直播间】929670 的第 5 个心跳包发送成功
[02:16:18 INF] 【直播间】23447660 的第 5 个心跳包发送成功
[02:16:19 INF] 【直播间】91164 的第 5 个心跳包发送成功
[02:16:21 INF] 【直播间】22764265 的第 5 个心跳包发送成功
[02:17:13 INF] 【直播间】23357926 的第 6 个心跳包发送成功
[02:17:15 INF] 【直播间】23040372 的第 6 个心跳包发送成功
[02:17:16 INF] 【直播间】31494 的第 6 个心跳包发送成功
[02:17:17 INF] 【直播间】4015781 的第 6 个心跳包发送成功
[02:17:18 INF] 【直播间】9619073 的第 6 个心跳包发送成功
[02:17:20 INF] 【直播间】407149 的第 6 个心跳包发送成功
[02:17:21 INF] 【直播间】7184632 的第 6 个心跳包发送成功
[02:17:22 INF] 【直播间】11732699 的第 6 个心跳包发送成功
[02:17:23 INF] 【直播间】929670 的第 6 个心跳包发送成功
[02:17:25 INF] 【直播间】23447660 的第 6 个心跳包发送成功
[02:17:26 INF] 【直播间】91164 的第 6 个心跳包发送成功
[02:17:27 INF] 【直播间】22764265 的第 6 个心跳包发送成功
[02:18:20 INF] 【直播间】23357926 的第 7 个心跳包发送成功
[02:18:21 INF] 【直播间】23040372 的第 7 个心跳包发送成功
[02:18:23 INF] 【直播间】31494 的第 7 个心跳包发送成功
[02:18:24 INF] 【直播间】4015781 的第 7 个心跳包发送成功
[02:18:25 INF] 【直播间】9619073 的第 7 个心跳包发送成功
[02:18:26 INF] 【直播间】407149 的第 7 个心跳包发送成功
[02:18:28 INF] 【直播间】7184632 的第 7 个心跳包发送成功
[02:18:29 INF] 【直播间】11732699 的第 7 个心跳包发送成功
[02:18:30 INF] 【直播间】929670 的第 7 个心跳包发送成功
[02:18:31 INF] 【直播间】23447660 的第 7 个心跳包发送成功
[02:18:33 INF] 【直播间】91164 的第 7 个心跳包发送成功
[02:18:34 INF] 【直播间】22764265 的第 7 个心跳包发送成功
[02:19:27 INF] 【直播间】23357926 的第 8 个心跳包发送成功
[02:19:28 INF] 【直播间】23040372 的第 8 个心跳包发送成功
[02:19:29 INF] 【直播间】31494 的第 8 个心跳包发送成功
[02:19:30 INF] 【直播间】4015781 的第 8 个心跳包发送成功
[02:19:32 INF] 【直播间】9619073 的第 8 个心跳包发送成功
[02:19:33 INF] 【直播间】407149 的第 8 个心跳包发送成功
[02:19:34 INF] 【直播间】7184632 的第 8 个心跳包发送成功
[02:19:35 INF] 【直播间】11732699 的第 8 个心跳包发送成功
[02:19:37 INF] 【直播间】929670 的第 8 个心跳包发送成功
[02:19:38 INF] 【直播间】23447660 的第 8 个心跳包发送成功
[02:19:39 INF] 【直播间】91164 的第 8 个心跳包发送成功
[02:19:41 INF] 【直播间】22764265 的第 8 个心跳包发送成功
[02:20:33 INF] 【直播间】23357926 的第 9 个心跳包发送成功
[02:20:34 INF] 【直播间】23040372 的第 9 个心跳包发送成功
[02:20:36 INF] 【直播间】31494 的第 9 个心跳包发送成功
[02:20:37 INF] 【直播间】4015781 的第 9 个心跳包发送成功
[02:20:38 INF] 【直播间】9619073 的第 9 个心跳包发送成功
[02:20:39 INF] 【直播间】407149 的第 9 个心跳包发送成功
[02:20:41 INF] 【直播间】7184632 的第 9 个心跳包发送成功
[02:20:42 INF] 【直播间】11732699 的第 9 个心跳包发送成功
[02:20:43 INF] 【直播间】929670 的第 9 个心跳包发送成功
[02:20:45 INF] 【直播间】23447660 的第 9 个心跳包发送成功
[02:20:46 INF] 【直播间】91164 的第 9 个心跳包发送成功
[02:20:47 INF] 【直播间】22764265 的第 9 个心跳包发送成功
[02:21:40 INF] 【直播间】23357926 的第 10 个心跳包发送成功
[02:21:41 INF] 【直播间】23040372 的第 10 个心跳包发送成功
[02:21:42 INF] 【直播间】31494 的第 10 个心跳包发送成功
[02:21:44 INF] 【直播间】4015781 的第 10 个心跳包发送成功
[02:21:45 INF] 【直播间】9619073 的第 10 个心跳包发送成功
[02:21:46 INF] 【直播间】407149 的第 10 个心跳包发送成功
[02:21:48 INF] 【直播间】7184632 的第 10 个心跳包发送成功
[02:21:49 INF] 【直播间】11732699 的第 10 个心跳包发送成功
[02:21:50 INF] 【直播间】929670 的第 10 个心跳包发送成功
[02:21:51 INF] 【直播间】23447660 的第 10 个心跳包发送成功
[02:21:53 INF] 【直播间】91164 的第 10 个心跳包发送成功
[02:21:54 INF] 【直播间】22764265 的第 10 个心跳包发送成功
[02:22:46 INF] 【直播间】23357926 的第 11 个心跳包发送成功
[02:22:48 INF] 【直播间】23040372 的第 11 个心跳包发送成功
[02:22:49 INF] 【直播间】31494 的第 11 个心跳包发送成功
[02:22:50 INF] 【直播间】4015781 的第 11 个心跳包发送成功
[02:22:52 INF] 【直播间】9619073 的第 11 个心跳包发送成功
[02:22:53 INF] 【直播间】407149 的第 11 个心跳包发送成功
[02:22:54 INF] 【直播间】7184632 的第 11 个心跳包发送成功
[02:22:56 INF] 【直播间】11732699 的第 11 个心跳包发送成功
[02:22:57 INF] 【直播间】929670 的第 11 个心跳包发送成功
[02:22:58 INF] 【直播间】23447660 的第 11 个心跳包发送成功
[02:22:59 INF] 【直播间】91164 的第 11 个心跳包发送成功
[02:23:01 INF] 【直播间】22764265 的第 11 个心跳包发送成功
[02:23:53 INF] 【直播间】23357926 的第 12 个心跳包发送成功
[02:23:54 INF] 【直播间】23040372 的第 12 个心跳包发送成功
[02:23:55 INF] 【直播间】31494 的第 12 个心跳包发送成功
[02:23:57 INF] 【直播间】4015781 的第 12 个心跳包发送成功
[02:23:58 INF] 【直播间】9619073 的第 12 个心跳包发送成功
[02:23:59 INF] 【直播间】407149 的第 12 个心跳包发送成功
[02:24:01 INF] 【直播间】7184632 的第 12 个心跳包发送成功
[02:24:02 INF] 【直播间】11732699 的第 12 个心跳包发送成功
[02:24:03 INF] 【直播间】929670 的第 12 个心跳包发送成功
[02:24:04 INF] 【直播间】23447660 的第 12 个心跳包发送成功
[02:24:06 INF] 【直播间】91164 的第 12 个心跳包发送成功
[02:24:07 INF] 【直播间】22764265 的第 12 个心跳包发送成功
[02:24:59 INF] 【直播间】23357926 的第 13 个心跳包发送成功
[02:25:01 INF] 【直播间】23040372 的第 13 个心跳包发送成功
[02:25:02 INF] 【直播间】31494 的第 13 个心跳包发送成功
[02:25:03 INF] 【直播间】4015781 的第 13 个心跳包发送成功
[02:25:04 INF] 【直播间】9619073 的第 13 个心跳包发送成功
[02:25:06 INF] 【直播间】407149 的第 13 个心跳包发送成功
[02:25:07 INF] 【直播间】7184632 的第 13 个心跳包发送成功
[02:25:08 INF] 【直播间】11732699 的第 13 个心跳包发送成功
[02:25:09 INF] 【直播间】929670 的第 13 个心跳包发送成功
[02:25:11 INF] 【直播间】23447660 的第 13 个心跳包发送成功
[02:25:12 INF] 【直播间】91164 的第 13 个心跳包发送成功
[02:25:13 INF] 【直播间】22764265 的第 13 个心跳包发送成功
[02:26:06 INF] 【直播间】23357926 的第 14 个心跳包发送成功
[02:26:07 INF] 【直播间】23040372 的第 14 个心跳包发送成功
[02:26:09 INF] 【直播间】31494 的第 14 个心跳包发送成功
[02:26:10 INF] 【直播间】4015781 的第 14 个心跳包发送成功
[02:26:11 INF] 【直播间】9619073 的第 14 个心跳包发送成功
[02:26:12 INF] 【直播间】407149 的第 14 个心跳包发送成功
[02:26:14 INF] 【直播间】7184632 的第 14 个心跳包发送成功
[02:26:15 INF] 【直播间】11732699 的第 14 个心跳包发送成功
[02:26:16 INF] 【直播间】929670 的第 14 个心跳包发送成功
[02:26:18 INF] 【直播间】23447660 的第 14 个心跳包发送成功
[02:26:19 INF] 【直播间】91164 的第 14 个心跳包发送成功
[02:26:20 INF] 【直播间】22764265 的第 14 个心跳包发送成功
[02:27:13 ERR] 【心跳包】直播间 23357926 发送失败
[02:27:13 ERR] 【原因】time check failed
[02:27:14 ERR] 【心跳包】直播间 23040372 发送失败
[02:27:14 ERR] 【原因】time check failed
[02:27:15 ERR] 【心跳包】直播间 31494 发送失败
[02:27:15 ERR] 【原因】time check failed
[02:27:16 ERR] 【心跳包】直播间 4015781 发送失败
[02:27:16 ERR] 【原因】time check failed
[02:27:18 ERR] 【心跳包】直播间 9619073 发送失败
[02:27:18 ERR] 【原因】time check failed
[02:27:19 ERR] 【心跳包】直播间 407149 发送失败
[02:27:19 ERR] 【原因】time check failed
[02:27:20 ERR] 【心跳包】直播间 7184632 发送失败
[02:27:20 ERR] 【原因】time check failed
[02:27:21 ERR] 【心跳包】直播间 11732699 发送失败
[02:27:21 ERR] 【原因】time check failed
[02:27:23 ERR] 【心跳包】直播间 929670 发送失败
[02:27:23 ERR] 【原因】time check failed
[02:27:24 ERR] 【心跳包】直播间 23447660 发送失败
[02:27:24 ERR] 【原因】time check failed
[02:27:25 ERR] 【心跳包】直播间 91164 发送失败
[02:27:25 ERR] 【原因】time check failed
[02:27:26 ERR] 【心跳包】直播间 22764265 发送失败
[02:27:26 ERR] 【原因】time check failed
[02:28:19 INF] 【直播间】23357926 的第 15 个心跳包发送成功
[02:28:21 INF] 【直播间】23040372 的第 15 个心跳包发送成功
[02:28:22 INF] 【直播间】31494 的第 15 个心跳包发送成功
[02:28:23 INF] 【直播间】4015781 的第 15 个心跳包发送成功
[02:28:24 INF] 【直播间】9619073 的第 15 个心跳包发送成功
[02:28:26 INF] 【直播间】407149 的第 15 个心跳包发送成功
[02:28:27 INF] 【直播间】7184632 的第 15 个心跳包发送成功
[02:28:28 INF] 【直播间】11732699 的第 15 个心跳包发送成功
[02:28:29 INF] 【直播间】929670 的第 15 个心跳包发送成功
[02:28:31 INF] 【直播间】23447660 的第 15 个心跳包发送成功
[02:28:32 INF] 【直播间】91164 的第 15 个心跳包发送成功
[02:28:33 INF] 【直播间】22764265 的第 15 个心跳包发送成功
[02:29:26 INF] 【直播间】23357926 的第 16 个心跳包发送成功
[02:29:27 INF] 【直播间】23040372 的第 16 个心跳包发送成功
[02:29:28 INF] 【直播间】31494 的第 16 个心跳包发送成功
[02:29:30 INF] 【直播间】4015781 的第 16 个心跳包发送成功
[02:29:31 INF] 【直播间】9619073 的第 16 个心跳包发送成功
[02:29:32 INF] 【直播间】407149 的第 16 个心跳包发送成功
[02:29:33 INF] 【直播间】7184632 的第 16 个心跳包发送成功
[02:29:35 INF] 【直播间】11732699 的第 16 个心跳包发送成功
[02:29:36 INF] 【直播间】929670 的第 16 个心跳包发送成功
[02:29:37 INF] 【直播间】23447660 的第 16 个心跳包发送成功
[02:29:39 INF] 【直播间】91164 的第 16 个心跳包发送成功
[02:29:40 INF] 【直播间】22764265 的第 16 个心跳包发送成功
[02:30:33 INF] 【直播间】23357926 的第 17 个心跳包发送成功
[02:30:34 INF] 【直播间】23040372 的第 17 个心跳包发送成功
[02:30:35 INF] 【直播间】31494 的第 17 个心跳包发送成功
[02:30:36 INF] 【直播间】4015781 的第 17 个心跳包发送成功
[02:30:38 INF] 【直播间】9619073 的第 17 个心跳包发送成功
[02:30:39 INF] 【直播间】407149 的第 17 个心跳包发送成功
[02:30:40 INF] 【直播间】7184632 的第 17 个心跳包发送成功
[02:30:42 INF] 【直播间】11732699 的第 17 个心跳包发送成功
[02:30:43 INF] 【直播间】929670 的第 17 个心跳包发送成功
[02:30:44 INF] 【直播间】23447660 的第 17 个心跳包发送成功
[02:30:45 INF] 【直播间】91164 的第 17 个心跳包发送成功
[02:30:47 INF] 【直播间】22764265 的第 17 个心跳包发送成功
[02:31:39 INF] 【直播间】23357926 的第 18 个心跳包发送成功
[02:31:40 INF] 【直播间】23040372 的第 18 个心跳包发送成功
[02:31:42 INF] 【直播间】31494 的第 18 个心跳包发送成功
[02:31:43 INF] 【直播间】4015781 的第 18 个心跳包发送成功
[02:31:44 INF] 【直播间】9619073 的第 18 个心跳包发送成功
[02:31:46 INF] 【直播间】407149 的第 18 个心跳包发送成功
[02:31:47 INF] 【直播间】7184632 的第 18 个心跳包发送成功
[02:31:48 INF] 【直播间】11732699 的第 18 个心跳包发送成功
[02:31:49 INF] 【直播间】929670 的第 18 个心跳包发送成功
[02:31:51 INF] 【直播间】23447660 的第 18 个心跳包发送成功
[02:31:52 INF] 【直播间】91164 的第 18 个心跳包发送成功
[02:31:53 INF] 【直播间】22764265 的第 18 个心跳包发送成功
[02:32:46 INF] 【直播间】23357926 的第 19 个心跳包发送成功
[02:32:47 INF] 【直播间】23040372 的第 19 个心跳包发送成功
[02:32:48 INF] 【直播间】31494 的第 19 个心跳包发送成功
[02:32:50 INF] 【直播间】4015781 的第 19 个心跳包发送成功
[02:32:51 INF] 【直播间】9619073 的第 19 个心跳包发送成功
[02:32:52 INF] 【直播间】407149 的第 19 个心跳包发送成功
[02:32:53 INF] 【直播间】7184632 的第 19 个心跳包发送成功
[02:32:55 INF] 【直播间】11732699 的第 19 个心跳包发送成功
[02:32:56 INF] 【直播间】929670 的第 19 个心跳包发送成功
[02:32:57 INF] 【直播间】23447660 的第 19 个心跳包发送成功
[02:32:58 INF] 【直播间】91164 的第 19 个心跳包发送成功
[02:33:00 INF] 【直播间】22764265 的第 19 个心跳包发送成功
[02:33:52 INF] 【直播间】23357926 的第 20 个心跳包发送成功
[02:33:53 INF] 【直播间】23040372 的第 20 个心跳包发送成功
[02:33:55 INF] 【直播间】31494 的第 20 个心跳包发送成功
[02:33:56 INF] 【直播间】4015781 的第 20 个心跳包发送成功
[02:33:57 INF] 【直播间】9619073 的第 20 个心跳包发送成功
[02:33:58 INF] 【直播间】407149 的第 20 个心跳包发送成功
[02:34:00 INF] 【直播间】7184632 的第 20 个心跳包发送成功
[02:34:01 INF] 【直播间】11732699 的第 20 个心跳包发送成功
[02:34:02 INF] 【直播间】929670 的第 20 个心跳包发送成功
[02:34:04 INF] 【直播间】23447660 的第 20 个心跳包发送成功
[02:34:05 INF] 【直播间】91164 的第 20 个心跳包发送成功
[02:34:06 INF] 【直播间】22764265 的第 20 个心跳包发送成功
[02:34:59 INF] 【直播间】23357926 的第 21 个心跳包发送成功
[02:35:00 INF] 【直播间】23040372 的第 21 个心跳包发送成功
[02:35:02 INF] 【直播间】31494 的第 21 个心跳包发送成功
[02:35:03 INF] 【直播间】4015781 的第 21 个心跳包发送成功
[02:35:04 INF] 【直播间】9619073 的第 21 个心跳包发送成功
[02:35:05 INF] 【直播间】407149 的第 21 个心跳包发送成功
[02:35:07 INF] 【直播间】7184632 的第 21 个心跳包发送成功
[02:35:08 INF] 【直播间】11732699 的第 21 个心跳包发送成功
[02:35:09 INF] 【直播间】929670 的第 21 个心跳包发送成功
[02:35:10 INF] 【直播间】23447660 的第 21 个心跳包发送成功
[02:35:12 INF] 【直播间】91164 的第 21 个心跳包发送成功
[02:35:13 INF] 【直播间】22764265 的第 21 个心跳包发送成功
[02:36:05 INF] 【直播间】23357926 的第 22 个心跳包发送成功
[02:36:06 INF] 【直播间】23040372 的第 22 个心跳包发送成功
[02:36:08 INF] 【直播间】31494 的第 22 个心跳包发送成功
[02:36:09 INF] 【直播间】4015781 的第 22 个心跳包发送成功
[02:36:10 INF] 【直播间】9619073 的第 22 个心跳包发送成功
[02:36:12 INF] 【直播间】407149 的第 22 个心跳包发送成功
[02:36:13 INF] 【直播间】7184632 的第 22 个心跳包发送成功
[02:36:14 INF] 【直播间】11732699 的第 22 个心跳包发送成功
[02:36:16 INF] 【直播间】929670 的第 22 个心跳包发送成功
[02:36:17 INF] 【直播间】23447660 的第 22 个心跳包发送成功
[02:36:18 INF] 【直播间】91164 的第 22 个心跳包发送成功
[02:36:19 INF] 【直播间】22764265 的第 22 个心跳包发送成功
[02:37:12 INF] 【直播间】23357926 的第 23 个心跳包发送成功
[02:37:13 INF] 【直播间】23040372 的第 23 个心跳包发送成功
[02:37:14 INF] 【直播间】31494 的第 23 个心跳包发送成功
[02:37:16 INF] 【直播间】4015781 的第 23 个心跳包发送成功
[02:37:17 INF] 【直播间】9619073 的第 23 个心跳包发送成功
[02:37:18 INF] 【直播间】407149 的第 23 个心跳包发送成功
[02:37:19 INF] 【直播间】7184632 的第 23 个心跳包发送成功
[02:37:21 INF] 【直播间】11732699 的第 23 个心跳包发送成功
[02:37:22 INF] 【直播间】929670 的第 23 个心跳包发送成功
[02:37:23 INF] 【直播间】23447660 的第 23 个心跳包发送成功
[02:37:25 INF] 【直播间】91164 的第 23 个心跳包发送成功
[02:37:26 INF] 【直播间】22764265 的第 23 个心跳包发送成功
[02:38:18 INF] 【直播间】23357926 的第 24 个心跳包发送成功
[02:38:20 INF] 【直播间】23040372 的第 24 个心跳包发送成功
[02:38:21 INF] 【直播间】31494 的第 24 个心跳包发送成功
[02:38:22 INF] 【直播间】4015781 的第 24 个心跳包发送成功
[02:38:23 INF] 【直播间】9619073 的第 24 个心跳包发送成功
[02:38:25 INF] 【直播间】407149 的第 24 个心跳包发送成功
[02:38:26 INF] 【直播间】7184632 的第 24 个心跳包发送成功
[02:38:27 INF] 【直播间】11732699 的第 24 个心跳包发送成功
[02:38:28 INF] 【直播间】929670 的第 24 个心跳包发送成功
[02:38:30 INF] 【直播间】23447660 的第 24 个心跳包发送成功
[02:38:31 INF] 【直播间】91164 的第 24 个心跳包发送成功
[02:38:32 INF] 【直播间】22764265 的第 24 个心跳包发送成功
[02:39:25 INF] 【直播间】23357926 的第 25 个心跳包发送成功
[02:39:26 INF] 【直播间】23040372 的第 25 个心跳包发送成功
[02:39:27 INF] 【直播间】31494 的第 25 个心跳包发送成功
[02:39:29 INF] 【直播间】4015781 的第 25 个心跳包发送成功
[02:39:30 INF] 【直播间】9619073 的第 25 个心跳包发送成功
[02:39:31 INF] 【直播间】407149 的第 25 个心跳包发送成功
[02:39:32 INF] 【直播间】7184632 的第 25 个心跳包发送成功
[02:39:34 INF] 【直播间】11732699 的第 25 个心跳包发送成功
[02:39:35 INF] 【直播间】929670 的第 25 个心跳包发送成功
[02:39:36 INF] 【直播间】23447660 的第 25 个心跳包发送成功
[02:39:37 INF] 【直播间】91164 的第 25 个心跳包发送成功
[02:39:39 INF] 【直播间】22764265 的第 25 个心跳包发送成功
[02:40:31 INF] 【直播间】23357926 的第 26 个心跳包发送成功
[02:40:33 INF] 【直播间】23040372 的第 26 个心跳包发送成功
[02:40:34 INF] 【直播间】31494 的第 26 个心跳包发送成功
[02:40:35 INF] 【直播间】4015781 的第 26 个心跳包发送成功
[02:40:36 INF] 【直播间】9619073 的第 26 个心跳包发送成功
[02:40:38 INF] 【直播间】407149 的第 26 个心跳包发送成功
[02:40:39 INF] 【直播间】7184632 的第 26 个心跳包发送成功
[02:40:40 INF] 【直播间】11732699 的第 26 个心跳包发送成功
[02:40:41 INF] 【直播间】929670 的第 26 个心跳包发送成功
[02:40:43 INF] 【直播间】23447660 的第 26 个心跳包发送成功
[02:40:44 INF] 【直播间】91164 的第 26 个心跳包发送成功
[02:40:45 INF] 【直播间】22764265 的第 26 个心跳包发送成功
[02:41:38 INF] 【直播间】23357926 的第 27 个心跳包发送成功
[02:41:39 INF] 【直播间】23040372 的第 27 个心跳包发送成功
[02:41:40 INF] 【直播间】31494 的第 27 个心跳包发送成功
[02:41:42 INF] 【直播间】4015781 的第 27 个心跳包发送成功
[02:41:43 INF] 【直播间】9619073 的第 27 个心跳包发送成功
[02:41:44 INF] 【直播间】407149 的第 27 个心跳包发送成功
[02:41:46 INF] 【直播间】7184632 的第 27 个心跳包发送成功
[02:41:47 INF] 【直播间】11732699 的第 27 个心跳包发送成功
[02:41:48 INF] 【直播间】929670 的第 27 个心跳包发送成功
[02:41:50 INF] 【直播间】23447660 的第 27 个心跳包发送成功
[02:41:51 INF] 【直播间】91164 的第 27 个心跳包发送成功
[02:41:52 INF] 【直播间】22764265 的第 27 个心跳包发送成功
[02:42:45 ERR] 【心跳包】直播间 23357926 发送失败
[02:42:45 ERR] 【原因】time check failed
[02:42:46 ERR] 【心跳包】直播间 23040372 发送失败
[02:42:46 ERR] 【原因】time check failed
[02:42:47 ERR] 【心跳包】直播间 31494 发送失败
[02:42:47 ERR] 【原因】time check failed
[02:42:48 ERR] 【心跳包】直播间 4015781 发送失败
[02:42:48 ERR] 【原因】time check failed
[02:42:50 ERR] 【心跳包】直播间 9619073 发送失败
[02:42:50 ERR] 【原因】time check failed
[02:42:51 ERR] 【心跳包】直播间 407149 发送失败
[02:42:51 ERR] 【原因】time check failed
[02:42:52 ERR] 【心跳包】直播间 7184632 发送失败
[02:42:52 ERR] 【原因】time check failed
[02:42:54 ERR] 【心跳包】直播间 11732699 发送失败
[02:42:54 ERR] 【原因】time check failed
[02:42:55 ERR] 【心跳包】直播间 929670 发送失败
[02:42:55 ERR] 【原因】time check failed
[02:42:56 ERR] 【心跳包】直播间 23447660 发送失败
[02:42:56 ERR] 【原因】time check failed
[02:42:57 ERR] 【心跳包】直播间 91164 发送失败
[02:42:57 ERR] 【原因】time check failed
[02:42:59 ERR] 【心跳包】直播间 22764265 发送失败
[02:42:59 ERR] 【原因】time check failed
[02:43:51 INF] 【直播间】23357926 的第 28 个心跳包发送成功
[02:43:53 INF] 【直播间】23040372 的第 28 个心跳包发送成功
[02:43:54 INF] 【直播间】31494 的第 28 个心跳包发送成功
[02:43:56 INF] 【直播间】4015781 的第 28 个心跳包发送成功
[02:43:57 INF] 【直播间】9619073 的第 28 个心跳包发送成功
[02:43:58 INF] 【直播间】407149 的第 28 个心跳包发送成功
[02:43:59 INF] 【直播间】7184632 的第 28 个心跳包发送成功
[02:44:01 INF] 【直播间】11732699 的第 28 个心跳包发送成功
[02:44:02 INF] 【直播间】929670 的第 28 个心跳包发送成功
[02:44:03 INF] 【直播间】23447660 的第 28 个心跳包发送成功
[02:44:05 INF] 【直播间】91164 的第 28 个心跳包发送成功
[02:44:06 INF] 【直播间】22764265 的第 28 个心跳包发送成功
[02:44:58 INF] 【直播间】23357926 的第 29 个心跳包发送成功
[02:44:59 INF] 【直播间】23040372 的第 29 个心跳包发送成功
[02:45:01 INF] 【直播间】31494 的第 29 个心跳包发送成功
[02:45:02 INF] 【直播间】4015781 的第 29 个心跳包发送成功
[02:45:03 INF] 【直播间】9619073 的第 29 个心跳包发送成功
[02:45:04 INF] 【直播间】407149 的第 29 个心跳包发送成功
[02:45:06 INF] 【直播间】7184632 的第 29 个心跳包发送成功
[02:45:07 INF] 【直播间】11732699 的第 29 个心跳包发送成功
[02:45:08 INF] 【直播间】929670 的第 29 个心跳包发送成功
[02:45:09 INF] 【直播间】23447660 的第 29 个心跳包发送成功
[02:45:11 INF] 【直播间】91164 的第 29 个心跳包发送成功
[02:45:12 INF] 【直播间】22764265 的第 29 个心跳包发送成功
[02:46:05 INF] 【直播间】23357926 的第 30 个心跳包发送成功
[02:46:06 INF] 【直播间】23040372 的第 30 个心跳包发送成功
[02:46:07 INF] 【直播间】31494 的第 30 个心跳包发送成功
[02:46:08 INF] 【直播间】4015781 的第 30 个心跳包发送成功
[02:46:10 INF] 【直播间】9619073 的第 30 个心跳包发送成功
[02:46:11 INF] 【直播间】407149 的第 30 个心跳包发送成功
[02:46:12 INF] 【直播间】7184632 的第 30 个心跳包发送成功
[02:46:14 INF] 【直播间】11732699 的第 30 个心跳包发送成功
[02:46:15 INF] 【直播间】929670 的第 30 个心跳包发送成功
[02:46:16 INF] 【直播间】23447660 的第 30 个心跳包发送成功
[02:46:17 INF] 【直播间】91164 的第 30 个心跳包发送成功
[02:46:19 INF] 【直播间】22764265 的第 30 个心跳包发送成功
[02:47:11 INF] 【直播间】23357926 的第 31 个心跳包发送成功
[02:47:13 INF] 【直播间】23040372 的第 31 个心跳包发送成功
[02:47:14 INF] 【直播间】31494 的第 31 个心跳包发送成功
[02:47:15 INF] 【直播间】4015781 的第 31 个心跳包发送成功
[02:47:16 INF] 【直播间】9619073 的第 31 个心跳包发送成功
[02:47:18 INF] 【直播间】407149 的第 31 个心跳包发送成功
[02:47:19 INF] 【直播间】7184632 的第 31 个心跳包发送成功
[02:47:20 INF] 【直播间】11732699 的第 31 个心跳包发送成功
[02:47:21 INF] 【直播间】929670 的第 31 个心跳包发送成功
[02:47:23 INF] 【直播间】23447660 的第 31 个心跳包发送成功
[02:47:24 INF] 【直播间】91164 的第 31 个心跳包发送成功
[02:47:25 INF] 【直播间】22764265 的第 31 个心跳包发送成功
[02:48:18 INF] 【直播间】23357926 的第 32 个心跳包发送成功
[02:48:19 INF] 【直播间】23040372 的第 32 个心跳包发送成功
[02:48:20 INF] 【直播间】31494 的第 32 个心跳包发送成功
[02:48:21 INF] 【直播间】4015781 的第 32 个心跳包发送成功
[02:48:23 INF] 【直播间】9619073 的第 32 个心跳包发送成功
[02:48:24 INF] 【直播间】407149 的第 32 个心跳包发送成功
[02:48:25 INF] 【直播间】7184632 的第 32 个心跳包发送成功
[02:48:27 INF] 【直播间】11732699 的第 32 个心跳包发送成功
[02:48:28 INF] 【直播间】929670 的第 32 个心跳包发送成功
[02:48:29 INF] 【直播间】23447660 的第 32 个心跳包发送成功
[02:48:30 INF] 【直播间】91164 的第 32 个心跳包发送成功
[02:48:32 INF] 【直播间】22764265 的第 32 个心跳包发送成功
[02:49:24 INF] 【直播间】23357926 的第 33 个心跳包发送成功
[02:49:25 INF] 【直播间】23040372 的第 33 个心跳包发送成功
[02:49:27 INF] 【直播间】31494 的第 33 个心跳包发送成功
[02:49:28 INF] 【直播间】4015781 的第 33 个心跳包发送成功
[02:49:29 INF] 【直播间】9619073 的第 33 个心跳包发送成功
[02:49:31 INF] 【直播间】407149 的第 33 个心跳包发送成功
[02:49:32 INF] 【直播间】7184632 的第 33 个心跳包发送成功
[02:49:33 INF] 【直播间】11732699 的第 33 个心跳包发送成功
[02:49:34 INF] 【直播间】929670 的第 33 个心跳包发送成功
[02:49:36 INF] 【直播间】23447660 的第 33 个心跳包发送成功
[02:49:37 INF] 【直播间】91164 的第 33 个心跳包发送成功
[02:49:38 INF] 【直播间】22764265 的第 33 个心跳包发送成功
[02:50:31 INF] 【直播间】23357926 的第 34 个心跳包发送成功
[02:50:32 INF] 【直播间】23040372 的第 34 个心跳包发送成功
[02:50:33 INF] 【直播间】31494 的第 34 个心跳包发送成功
[02:50:34 INF] 【直播间】4015781 的第 34 个心跳包发送成功
[02:50:36 INF] 【直播间】9619073 的第 34 个心跳包发送成功
[02:50:37 INF] 【直播间】407149 的第 34 个心跳包发送成功
[02:50:38 INF] 【直播间】7184632 的第 34 个心跳包发送成功
[02:50:40 INF] 【直播间】11732699 的第 34 个心跳包发送成功
[02:50:41 INF] 【直播间】929670 的第 34 个心跳包发送成功
[02:50:42 INF] 【直播间】23447660 的第 34 个心跳包发送成功
[02:50:44 INF] 【直播间】91164 的第 34 个心跳包发送成功
[02:50:45 INF] 【直播间】22764265 的第 34 个心跳包发送成功
[02:51:38 INF] 【直播间】23357926 的第 35 个心跳包发送成功
[02:51:39 INF] 【直播间】23040372 的第 35 个心跳包发送成功
[02:51:40 INF] 【直播间】31494 的第 35 个心跳包发送成功
[02:51:41 INF] 【直播间】4015781 的第 35 个心跳包发送成功
[02:51:43 INF] 【直播间】9619073 的第 35 个心跳包发送成功
[02:51:44 INF] 【直播间】407149 的第 35 个心跳包发送成功
[02:51:45 INF] 【直播间】7184632 的第 35 个心跳包发送成功
[02:51:46 INF] 【直播间】11732699 的第 35 个心跳包发送成功
[02:51:48 INF] 【直播间】929670 的第 35 个心跳包发送成功
[02:51:49 INF] 【直播间】23447660 的第 35 个心跳包发送成功
[02:51:50 INF] 【直播间】91164 的第 35 个心跳包发送成功
[02:51:51 INF] 【直播间】22764265 的第 35 个心跳包发送成功
[02:52:44 INF] 【直播间】23357926 的第 36 个心跳包发送成功
[02:52:46 INF] 【直播间】23040372 的第 36 个心跳包发送成功
[02:52:47 INF] 【直播间】31494 的第 36 个心跳包发送成功
[02:52:48 INF] 【直播间】4015781 的第 36 个心跳包发送成功
[02:52:49 INF] 【直播间】9619073 的第 36 个心跳包发送成功
[02:52:51 INF] 【直播间】407149 的第 36 个心跳包发送成功
[02:52:52 INF] 【直播间】7184632 的第 36 个心跳包发送成功
[02:52:53 INF] 【直播间】11732699 的第 36 个心跳包发送成功
[02:52:54 INF] 【直播间】929670 的第 36 个心跳包发送成功
[02:52:56 INF] 【直播间】23447660 的第 36 个心跳包发送成功
[02:52:57 INF] 【直播间】91164 的第 36 个心跳包发送成功
[02:52:58 INF] 【直播间】22764265 的第 36 个心跳包发送成功
[02:53:51 INF] 【直播间】23357926 的第 37 个心跳包发送成功
[02:53:52 INF] 【直播间】23040372 的第 37 个心跳包发送成功
[02:53:53 INF] 【直播间】31494 的第 37 个心跳包发送成功
[02:53:55 INF] 【直播间】4015781 的第 37 个心跳包发送成功
[02:53:56 INF] 【直播间】9619073 的第 37 个心跳包发送成功
[02:53:57 INF] 【直播间】407149 的第 37 个心跳包发送成功
[02:53:58 INF] 【直播间】7184632 的第 37 个心跳包发送成功
[02:54:00 INF] 【直播间】11732699 的第 37 个心跳包发送成功
[02:54:01 INF] 【直播间】929670 的第 37 个心跳包发送成功
[02:54:02 INF] 【直播间】23447660 的第 37 个心跳包发送成功
[02:54:04 INF] 【直播间】91164 的第 37 个心跳包发送成功
[02:54:05 INF] 【直播间】22764265 的第 37 个心跳包发送成功
[02:54:57 INF] 【直播间】23357926 的第 38 个心跳包发送成功
[02:54:59 INF] 【直播间】23040372 的第 38 个心跳包发送成功
[02:55:00 INF] 【直播间】31494 的第 38 个心跳包发送成功
[02:55:01 INF] 【直播间】4015781 的第 38 个心跳包发送成功
[02:55:02 INF] 【直播间】9619073 的第 38 个心跳包发送成功
[02:55:04 INF] 【直播间】407149 的第 38 个心跳包发送成功
[02:55:05 INF] 【直播间】7184632 的第 38 个心跳包发送成功
[02:55:06 INF] 【直播间】11732699 的第 38 个心跳包发送成功
[02:55:07 INF] 【直播间】929670 的第 38 个心跳包发送成功
[02:55:09 INF] 【直播间】23447660 的第 38 个心跳包发送成功
[02:55:10 INF] 【直播间】91164 的第 38 个心跳包发送成功
[02:55:11 INF] 【直播间】22764265 的第 38 个心跳包发送成功
[02:56:04 INF] 【直播间】23357926 的第 39 个心跳包发送成功
[02:56:05 INF] 【直播间】23040372 的第 39 个心跳包发送成功
[02:56:06 INF] 【直播间】31494 的第 39 个心跳包发送成功
[02:56:08 INF] 【直播间】4015781 的第 39 个心跳包发送成功
[02:56:09 INF] 【直播间】9619073 的第 39 个心跳包发送成功
[02:56:10 INF] 【直播间】407149 的第 39 个心跳包发送成功
[02:56:12 INF] 【直播间】7184632 的第 39 个心跳包发送成功
[02:56:13 INF] 【直播间】11732699 的第 39 个心跳包发送成功
[02:56:14 INF] 【直播间】929670 的第 39 个心跳包发送成功
[02:56:15 INF] 【直播间】23447660 的第 39 个心跳包发送成功
[02:56:17 INF] 【直播间】91164 的第 39 个心跳包发送成功
[02:56:18 INF] 【直播间】22764265 的第 39 个心跳包发送成功
[02:57:10 INF] 【直播间】23357926 的第 40 个心跳包发送成功
[02:57:12 INF] 【直播间】23040372 的第 40 个心跳包发送成功
[02:57:13 INF] 【直播间】31494 的第 40 个心跳包发送成功
[02:57:14 INF] 【直播间】4015781 的第 40 个心跳包发送成功
[02:57:15 INF] 【直播间】9619073 的第 40 个心跳包发送成功
[02:57:17 INF] 【直播间】407149 的第 40 个心跳包发送成功
[02:57:18 INF] 【直播间】7184632 的第 40 个心跳包发送成功
[02:57:19 INF] 【直播间】11732699 的第 40 个心跳包发送成功
[02:57:20 INF] 【直播间】929670 的第 40 个心跳包发送成功
[02:57:22 INF] 【直播间】23447660 的第 40 个心跳包发送成功
[02:57:23 INF] 【直播间】91164 的第 40 个心跳包发送成功
[02:57:24 INF] 【直播间】22764265 的第 40 个心跳包发送成功
[02:58:17 ERR] 【心跳包】直播间 23357926 发送失败
[02:58:17 ERR] 【原因】time check failed
[02:58:18 ERR] 【心跳包】直播间 23040372 发送失败
[02:58:18 ERR] 【原因】time check failed
[02:58:20 ERR] 【心跳包】直播间 31494 发送失败
[02:58:20 ERR] 【原因】time check failed
[02:58:21 ERR] 【心跳包】直播间 4015781 发送失败
[02:58:21 ERR] 【原因】time check failed
[02:58:22 ERR] 【心跳包】直播间 9619073 发送失败
[02:58:22 ERR] 【原因】time check failed
[02:58:23 ERR] 【心跳包】直播间 407149 发送失败
[02:58:23 ERR] 【原因】time check failed
[02:58:24 ERR] 【心跳包】直播间 7184632 发送失败
[02:58:24 ERR] 【原因】time check failed
[02:58:26 ERR] 【心跳包】直播间 11732699 发送失败
[02:58:26 ERR] 【原因】time check failed
[02:58:27 ERR] 【心跳包】直播间 929670 发送失败
[02:58:27 ERR] 【原因】time check failed
[02:58:28 ERR] 【心跳包】直播间 23447660 发送失败
[02:58:28 ERR] 【原因】time check failed
[02:58:29 ERR] 【心跳包】直播间 91164 发送失败
[02:58:29 ERR] 【原因】time check failed
[02:58:31 ERR] 【心跳包】直播间 22764265 发送失败
[02:58:31 ERR] 【原因】time check failed
[02:59:23 INF] 【直播间】23357926 的第 41 个心跳包发送成功
[02:59:25 INF] 【直播间】23040372 的第 41 个心跳包发送成功
[02:59:26 INF] 【直播间】31494 的第 41 个心跳包发送成功
[02:59:27 INF] 【直播间】4015781 的第 41 个心跳包发送成功
[02:59:28 INF] 【直播间】9619073 的第 41 个心跳包发送成功
[02:59:30 INF] 【直播间】407149 的第 41 个心跳包发送成功
[02:59:31 INF] 【直播间】7184632 的第 41 个心跳包发送成功
[02:59:32 INF] 【直播间】11732699 的第 41 个心跳包发送成功
[02:59:34 INF] 【直播间】929670 的第 41 个心跳包发送成功
[02:59:35 INF] 【直播间】23447660 的第 41 个心跳包发送成功
[02:59:36 INF] 【直播间】91164 的第 41 个心跳包发送成功
[02:59:37 INF] 【直播间】22764265 的第 41 个心跳包发送成功
[03:00:30 INF] 【直播间】23357926 的第 42 个心跳包发送成功
[03:00:31 INF] 【直播间】23040372 的第 42 个心跳包发送成功
[03:00:33 INF] 【直播间】31494 的第 42 个心跳包发送成功
[03:00:34 INF] 【直播间】4015781 的第 42 个心跳包发送成功
[03:00:35 INF] 【直播间】9619073 的第 42 个心跳包发送成功
[03:00:36 INF] 【直播间】407149 的第 42 个心跳包发送成功
[03:00:38 INF] 【直播间】7184632 的第 42 个心跳包发送成功
[03:00:39 INF] 【直播间】11732699 的第 42 个心跳包发送成功
[03:00:40 INF] 【直播间】929670 的第 42 个心跳包发送成功
[03:00:41 INF] 【直播间】23447660 的第 42 个心跳包发送成功
[03:00:43 INF] 【直播间】91164 的第 42 个心跳包发送成功
[03:00:44 INF] 【直播间】22764265 的第 42 个心跳包发送成功
[03:01:36 INF] 【直播间】23357926 的第 43 个心跳包发送成功
[03:01:38 INF] 【直播间】23040372 的第 43 个心跳包发送成功
[03:01:39 INF] 【直播间】31494 的第 43 个心跳包发送成功
[03:01:40 INF] 【直播间】4015781 的第 43 个心跳包发送成功
[03:01:42 INF] 【直播间】9619073 的第 43 个心跳包发送成功
[03:01:43 INF] 【直播间】407149 的第 43 个心跳包发送成功
[03:01:44 INF] 【直播间】7184632 的第 43 个心跳包发送成功
[03:01:45 INF] 【直播间】11732699 的第 43 个心跳包发送成功
[03:01:47 INF] 【直播间】929670 的第 43 个心跳包发送成功
[03:01:48 INF] 【直播间】23447660 的第 43 个心跳包发送成功
[03:01:50 INF] 【直播间】91164 的第 43 个心跳包发送成功
[03:01:51 INF] 【直播间】22764265 的第 43 个心跳包发送成功
[03:02:43 INF] 【直播间】23357926 的第 44 个心跳包发送成功
[03:02:44 INF] 【直播间】23040372 的第 44 个心跳包发送成功
[03:02:46 INF] 【直播间】31494 的第 44 个心跳包发送成功
[03:02:47 INF] 【直播间】4015781 的第 44 个心跳包发送成功
[03:02:48 INF] 【直播间】9619073 的第 44 个心跳包发送成功
[03:02:49 INF] 【直播间】407149 的第 44 个心跳包发送成功
[03:02:51 INF] 【直播间】7184632 的第 44 个心跳包发送成功
[03:02:52 INF] 【直播间】11732699 的第 44 个心跳包发送成功
[03:02:53 INF] 【直播间】929670 的第 44 个心跳包发送成功
[03:02:54 INF] 【直播间】23447660 的第 44 个心跳包发送成功
[03:02:56 INF] 【直播间】91164 的第 44 个心跳包发送成功
[03:02:57 INF] 【直播间】22764265 的第 44 个心跳包发送成功
[03:03:50 INF] 【直播间】23357926 的第 45 个心跳包发送成功
[03:03:51 INF] 【直播间】23040372 的第 45 个心跳包发送成功
[03:03:52 INF] 【直播间】31494 的第 45 个心跳包发送成功
[03:03:54 INF] 【直播间】4015781 的第 45 个心跳包发送成功
[03:03:55 INF] 【直播间】9619073 的第 45 个心跳包发送成功
[03:03:56 INF] 【直播间】407149 的第 45 个心跳包发送成功
[03:03:58 INF] 【直播间】7184632 的第 45 个心跳包发送成功
[03:03:59 INF] 【直播间】11732699 的第 45 个心跳包发送成功
[03:04:00 INF] 【直播间】929670 的第 45 个心跳包发送成功
[03:04:01 INF] 【直播间】23447660 的第 45 个心跳包发送成功
[03:04:03 INF] 【直播间】91164 的第 45 个心跳包发送成功
[03:04:04 INF] 【直播间】22764265 的第 45 个心跳包发送成功
[03:04:56 INF] 【直播间】23357926 的第 46 个心跳包发送成功
[03:04:58 INF] 【直播间】23040372 的第 46 个心跳包发送成功
[03:04:59 INF] 【直播间】31494 的第 46 个心跳包发送成功
[03:05:00 INF] 【直播间】4015781 的第 46 个心跳包发送成功
[03:05:01 INF] 【直播间】9619073 的第 46 个心跳包发送成功
[03:05:03 INF] 【直播间】407149 的第 46 个心跳包发送成功
[03:05:04 INF] 【直播间】7184632 的第 46 个心跳包发送成功
[03:05:05 INF] 【直播间】11732699 的第 46 个心跳包发送成功
[03:05:06 INF] 【直播间】929670 的第 46 个心跳包发送成功
[03:05:08 INF] 【直播间】23447660 的第 46 个心跳包发送成功
[03:05:09 INF] 【直播间】91164 的第 46 个心跳包发送成功
[03:05:10 INF] 【直播间】22764265 的第 46 个心跳包发送成功
[03:06:03 INF] 【直播间】23357926 的第 47 个心跳包发送成功
[03:06:04 INF] 【直播间】23040372 的第 47 个心跳包发送成功
[03:06:05 INF] 【直播间】31494 的第 47 个心跳包发送成功
[03:06:07 INF] 【直播间】4015781 的第 47 个心跳包发送成功
[03:06:08 INF] 【直播间】9619073 的第 47 个心跳包发送成功
[03:06:09 INF] 【直播间】407149 的第 47 个心跳包发送成功
[03:06:10 INF] 【直播间】7184632 的第 47 个心跳包发送成功
[03:06:12 INF] 【直播间】11732699 的第 47 个心跳包发送成功
[03:06:13 INF] 【直播间】929670 的第 47 个心跳包发送成功
[03:06:14 INF] 【直播间】23447660 的第 47 个心跳包发送成功
[03:06:16 INF] 【直播间】91164 的第 47 个心跳包发送成功
[03:06:17 INF] 【直播间】22764265 的第 47 个心跳包发送成功
[03:07:10 INF] 【直播间】23357926 的第 48 个心跳包发送成功
[03:07:11 INF] 【直播间】23040372 的第 48 个心跳包发送成功
[03:07:12 INF] 【直播间】31494 的第 48 个心跳包发送成功
[03:07:14 INF] 【直播间】4015781 的第 48 个心跳包发送成功
[03:07:15 INF] 【直播间】9619073 的第 48 个心跳包发送成功
[03:07:16 INF] 【直播间】407149 的第 48 个心跳包发送成功
[03:07:17 INF] 【直播间】7184632 的第 48 个心跳包发送成功
[03:07:19 INF] 【直播间】11732699 的第 48 个心跳包发送成功
[03:07:20 INF] 【直播间】929670 的第 48 个心跳包发送成功
[03:07:21 INF] 【直播间】23447660 的第 48 个心跳包发送成功
[03:07:22 INF] 【直播间】91164 的第 48 个心跳包发送成功
[03:07:24 INF] 【直播间】22764265 的第 48 个心跳包发送成功
[03:08:16 INF] 【直播间】23357926 的第 49 个心跳包发送成功
[03:08:18 INF] 【直播间】23040372 的第 49 个心跳包发送成功
[03:08:19 INF] 【直播间】31494 的第 49 个心跳包发送成功
[03:08:20 INF] 【直播间】4015781 的第 49 个心跳包发送成功
[03:08:21 INF] 【直播间】9619073 的第 49 个心跳包发送成功
[03:08:23 INF] 【直播间】407149 的第 49 个心跳包发送成功
[03:08:24 INF] 【直播间】7184632 的第 49 个心跳包发送成功
[03:08:25 INF] 【直播间】11732699 的第 49 个心跳包发送成功
[03:08:26 INF] 【直播间】929670 的第 49 个心跳包发送成功
[03:08:28 INF] 【直播间】23447660 的第 49 个心跳包发送成功
[03:08:29 INF] 【直播间】91164 的第 49 个心跳包发送成功
[03:08:30 INF] 【直播间】22764265 的第 49 个心跳包发送成功
[03:09:23 INF] 【直播间】23357926 的第 50 个心跳包发送成功
[03:09:24 INF] 【直播间】23040372 的第 50 个心跳包发送成功
[03:09:26 INF] 【直播间】31494 的第 50 个心跳包发送成功
[03:09:27 INF] 【直播间】4015781 的第 50 个心跳包发送成功
[03:09:28 INF] 【直播间】9619073 的第 50 个心跳包发送成功
[03:09:29 INF] 【直播间】407149 的第 50 个心跳包发送成功
[03:09:31 INF] 【直播间】7184632 的第 50 个心跳包发送成功
[03:09:32 INF] 【直播间】11732699 的第 50 个心跳包发送成功
[03:09:33 INF] 【直播间】929670 的第 50 个心跳包发送成功
[03:09:34 INF] 【直播间】23447660 的第 50 个心跳包发送成功
[03:09:36 INF] 【直播间】91164 的第 50 个心跳包发送成功
[03:09:37 INF] 【直播间】22764265 的第 50 个心跳包发送成功
[03:10:29 INF] 【直播间】23357926 的第 51 个心跳包发送成功
[03:10:31 INF] 【直播间】23040372 的第 51 个心跳包发送成功
[03:10:32 INF] 【直播间】31494 的第 51 个心跳包发送成功
[03:10:33 INF] 【直播间】4015781 的第 51 个心跳包发送成功
[03:10:34 INF] 【直播间】9619073 的第 51 个心跳包发送成功
[03:10:36 INF] 【直播间】407149 的第 51 个心跳包发送成功
[03:10:37 INF] 【直播间】7184632 的第 51 个心跳包发送成功
[03:10:38 INF] 【直播间】11732699 的第 51 个心跳包发送成功
[03:10:39 INF] 【直播间】929670 的第 51 个心跳包发送成功
[03:10:41 INF] 【直播间】23447660 的第 51 个心跳包发送成功
[03:10:42 INF] 【直播间】91164 的第 51 个心跳包发送成功
[03:10:43 INF] 【直播间】22764265 的第 51 个心跳包发送成功
[03:11:36 INF] 【直播间】23357926 的第 52 个心跳包发送成功
[03:11:37 INF] 【直播间】23040372 的第 52 个心跳包发送成功
[03:11:38 INF] 【直播间】31494 的第 52 个心跳包发送成功
[03:11:40 INF] 【直播间】4015781 的第 52 个心跳包发送成功
[03:11:41 INF] 【直播间】9619073 的第 52 个心跳包发送成功
[03:11:42 INF] 【直播间】407149 的第 52 个心跳包发送成功
[03:11:43 INF] 【直播间】7184632 的第 52 个心跳包发送成功
[03:11:45 INF] 【直播间】11732699 的第 52 个心跳包发送成功
[03:11:46 INF] 【直播间】929670 的第 52 个心跳包发送成功
[03:11:47 INF] 【直播间】23447660 的第 52 个心跳包发送成功
[03:11:48 INF] 【直播间】91164 的第 52 个心跳包发送成功
[03:11:50 INF] 【直播间】22764265 的第 52 个心跳包发送成功
[03:12:42 INF] 【直播间】23357926 的第 53 个心跳包发送成功
[03:12:44 INF] 【直播间】23040372 的第 53 个心跳包发送成功
[03:12:45 INF] 【直播间】31494 的第 53 个心跳包发送成功
[03:12:46 INF] 【直播间】4015781 的第 53 个心跳包发送成功
[03:12:47 INF] 【直播间】9619073 的第 53 个心跳包发送成功
[03:12:49 INF] 【直播间】407149 的第 53 个心跳包发送成功
[03:12:50 INF] 【直播间】7184632 的第 53 个心跳包发送成功
[03:12:51 INF] 【直播间】11732699 的第 53 个心跳包发送成功
[03:12:53 INF] 【直播间】929670 的第 53 个心跳包发送成功
[03:12:54 INF] 【直播间】23447660 的第 53 个心跳包发送成功
[03:12:55 INF] 【直播间】91164 的第 53 个心跳包发送成功
[03:12:56 INF] 【直播间】22764265 的第 53 个心跳包发送成功
[03:13:49 ERR] 【心跳包】直播间 23357926 发送失败
[03:13:49 ERR] 【原因】time check failed
[03:13:51 ERR] 【心跳包】直播间 23040372 发送失败
[03:13:51 ERR] 【原因】time check failed
[03:13:52 ERR] 【心跳包】直播间 31494 发送失败
[03:13:52 ERR] 【原因】time check failed
[03:13:53 ERR] 【心跳包】直播间 4015781 发送失败
[03:13:53 ERR] 【原因】time check failed
[03:13:54 ERR] 【心跳包】直播间 9619073 发送失败
[03:13:54 ERR] 【原因】time check failed
[03:13:56 ERR] 【心跳包】直播间 407149 发送失败
[03:13:56 ERR] 【原因】time check failed
[03:13:57 ERR] 【心跳包】直播间 7184632 发送失败
[03:13:57 ERR] 【原因】time check failed
[03:13:58 ERR] 【心跳包】直播间 11732699 发送失败
[03:13:58 ERR] 【原因】time check failed
[03:13:59 ERR] 【心跳包】直播间 929670 发送失败
[03:13:59 ERR] 【原因】time check failed
[03:14:01 ERR] 【心跳包】直播间 23447660 发送失败
[03:14:01 ERR] 【原因】time check failed
[03:14:02 ERR] 【心跳包】直播间 91164 发送失败
[03:14:02 ERR] 【原因】time check failed
[03:14:03 ERR] 【心跳包】直播间 22764265 发送失败
[03:14:03 ERR] 【原因】time check failed
[03:14:56 INF] 【直播间】23357926 的第 54 个心跳包发送成功
[03:14:57 INF] 【直播间】23040372 的第 54 个心跳包发送成功
[03:14:59 INF] 【直播间】31494 的第 54 个心跳包发送成功
[03:15:00 INF] 【直播间】4015781 的第 54 个心跳包发送成功
[03:15:01 INF] 【直播间】9619073 的第 54 个心跳包发送成功
[03:15:02 INF] 【直播间】407149 的第 54 个心跳包发送成功
[03:15:04 INF] 【直播间】7184632 的第 54 个心跳包发送成功
[03:15:05 INF] 【直播间】11732699 的第 54 个心跳包发送成功
[03:15:06 INF] 【直播间】929670 的第 54 个心跳包发送成功
[03:15:08 INF] 【直播间】23447660 的第 54 个心跳包发送成功
[03:15:09 INF] 【直播间】91164 的第 54 个心跳包发送成功
[03:15:10 INF] 【直播间】22764265 的第 54 个心跳包发送成功
[03:16:02 INF] 【直播间】23357926 的第 55 个心跳包发送成功
[03:16:04 INF] 【直播间】23040372 的第 55 个心跳包发送成功
[03:16:05 INF] 【直播间】31494 的第 55 个心跳包发送成功
[03:16:06 INF] 【直播间】4015781 的第 55 个心跳包发送成功
[03:16:08 INF] 【直播间】9619073 的第 55 个心跳包发送成功
[03:16:09 INF] 【直播间】407149 的第 55 个心跳包发送成功
[03:16:10 INF] 【直播间】7184632 的第 55 个心跳包发送成功
[03:16:12 INF] 【直播间】11732699 的第 55 个心跳包发送成功
[03:16:13 INF] 【直播间】929670 的第 55 个心跳包发送成功
[03:16:14 INF] 【直播间】23447660 的第 55 个心跳包发送成功
[03:16:15 INF] 【直播间】91164 的第 55 个心跳包发送成功
[03:16:17 INF] 【直播间】22764265 的第 55 个心跳包发送成功
[03:17:09 INF] 【直播间】23357926 的第 56 个心跳包发送成功
[03:17:10 INF] 【直播间】23040372 的第 56 个心跳包发送成功
[03:17:11 INF] 【直播间】31494 的第 56 个心跳包发送成功
[03:17:13 INF] 【直播间】4015781 的第 56 个心跳包发送成功
[03:17:14 INF] 【直播间】9619073 的第 56 个心跳包发送成功
[03:17:15 INF] 【直播间】407149 的第 56 个心跳包发送成功
[03:17:17 INF] 【直播间】7184632 的第 56 个心跳包发送成功
[03:17:18 INF] 【直播间】11732699 的第 56 个心跳包发送成功
[03:17:19 INF] 【直播间】929670 的第 56 个心跳包发送成功
[03:17:20 INF] 【直播间】23447660 的第 56 个心跳包发送成功
[03:17:22 INF] 【直播间】91164 的第 56 个心跳包发送成功
[03:17:23 INF] 【直播间】22764265 的第 56 个心跳包发送成功
[03:18:16 INF] 【直播间】23357926 的第 57 个心跳包发送成功
[03:18:17 INF] 【直播间】23040372 的第 57 个心跳包发送成功
[03:18:18 INF] 【直播间】31494 的第 57 个心跳包发送成功
[03:18:19 INF] 【直播间】4015781 的第 57 个心跳包发送成功
[03:18:21 INF] 【直播间】9619073 的第 57 个心跳包发送成功
[03:18:22 INF] 【直播间】407149 的第 57 个心跳包发送成功
[03:18:23 INF] 【直播间】7184632 的第 57 个心跳包发送成功
[03:18:24 INF] 【直播间】11732699 的第 57 个心跳包发送成功
[03:18:26 INF] 【直播间】929670 的第 57 个心跳包发送成功
[03:18:27 INF] 【直播间】23447660 的第 57 个心跳包发送成功
[03:18:28 INF] 【直播间】91164 的第 57 个心跳包发送成功
[03:18:29 INF] 【直播间】22764265 的第 57 个心跳包发送成功
[03:19:22 INF] 【直播间】23357926 的第 58 个心跳包发送成功
[03:19:23 INF] 【直播间】23040372 的第 58 个心跳包发送成功
[03:19:25 INF] 【直播间】31494 的第 58 个心跳包发送成功
[03:19:26 INF] 【直播间】4015781 的第 58 个心跳包发送成功
[03:19:27 INF] 【直播间】9619073 的第 58 个心跳包发送成功
[03:19:28 INF] 【直播间】407149 的第 58 个心跳包发送成功
[03:19:30 INF] 【直播间】7184632 的第 58 个心跳包发送成功
[03:19:31 INF] 【直播间】11732699 的第 58 个心跳包发送成功
[03:19:32 INF] 【直播间】929670 的第 58 个心跳包发送成功
[03:19:33 INF] 【直播间】23447660 的第 58 个心跳包发送成功
[03:19:35 INF] 【直播间】91164 的第 58 个心跳包发送成功
[03:19:36 INF] 【直播间】22764265 的第 58 个心跳包发送成功
[03:20:29 INF] 【直播间】23357926 的第 59 个心跳包发送成功
[03:20:30 INF] 【直播间】23040372 的第 59 个心跳包发送成功
[03:20:31 INF] 【直播间】31494 的第 59 个心跳包发送成功
[03:20:33 INF] 【直播间】4015781 的第 59 个心跳包发送成功
[03:20:34 INF] 【直播间】9619073 的第 59 个心跳包发送成功
[03:20:35 INF] 【直播间】407149 的第 59 个心跳包发送成功
[03:20:36 INF] 【直播间】7184632 的第 59 个心跳包发送成功
[03:20:38 INF] 【直播间】11732699 的第 59 个心跳包发送成功
[03:20:39 INF] 【直播间】929670 的第 59 个心跳包发送成功
[03:20:40 INF] 【直播间】23447660 的第 59 个心跳包发送成功
[03:20:41 INF] 【直播间】91164 的第 59 个心跳包发送成功
[03:20:43 INF] 【直播间】22764265 的第 59 个心跳包发送成功
[03:21:35 INF] 【直播间】23357926 的第 60 个心跳包发送成功
[03:21:37 INF] 【直播间】23040372 的第 60 个心跳包发送成功
[03:21:38 INF] 【直播间】31494 的第 60 个心跳包发送成功
[03:21:39 INF] 【直播间】4015781 的第 60 个心跳包发送成功
[03:21:40 INF] 【直播间】9619073 的第 60 个心跳包发送成功
[03:21:42 INF] 【直播间】407149 的第 60 个心跳包发送成功
[03:21:43 INF] 【直播间】7184632 的第 60 个心跳包发送成功
[03:21:44 INF] 【直播间】11732699 的第 60 个心跳包发送成功
[03:21:45 INF] 【直播间】929670 的第 60 个心跳包发送成功
[03:21:47 INF] 【直播间】23447660 的第 60 个心跳包发送成功
[03:21:48 INF] 【直播间】91164 的第 60 个心跳包发送成功
[03:21:49 INF] 【直播间】22764265 的第 60 个心跳包发送成功
[03:22:42 INF] 【直播间】23357926 的第 61 个心跳包发送成功
[03:22:43 INF] 【直播间】23040372 的第 61 个心跳包发送成功
[03:22:44 INF] 【直播间】31494 的第 61 个心跳包发送成功
[03:22:46 INF] 【直播间】4015781 的第 61 个心跳包发送成功
[03:22:47 INF] 【直播间】9619073 的第 61 个心跳包发送成功
[03:22:48 INF] 【直播间】407149 的第 61 个心跳包发送成功
[03:22:50 INF] 【直播间】7184632 的第 61 个心跳包发送成功
[03:22:51 INF] 【直播间】11732699 的第 61 个心跳包发送成功
[03:22:52 INF] 【直播间】929670 的第 61 个心跳包发送成功
[03:22:54 INF] 【直播间】23447660 的第 61 个心跳包发送成功
[03:22:55 INF] 【直播间】91164 的第 61 个心跳包发送成功
[03:22:56 INF] 【直播间】22764265 的第 61 个心跳包发送成功
[03:23:49 INF] 【直播间】23357926 的第 62 个心跳包发送成功
[03:23:50 INF] 【直播间】23040372 的第 62 个心跳包发送成功
[03:23:51 INF] 【直播间】31494 的第 62 个心跳包发送成功
[03:23:52 INF] 【直播间】4015781 的第 62 个心跳包发送成功
[03:23:54 INF] 【直播间】9619073 的第 62 个心跳包发送成功
[03:23:55 INF] 【直播间】407149 的第 62 个心跳包发送成功
[03:23:56 INF] 【直播间】7184632 的第 62 个心跳包发送成功
[03:23:57 INF] 【直播间】11732699 的第 62 个心跳包发送成功
[03:23:59 INF] 【直播间】929670 的第 62 个心跳包发送成功
[03:24:00 INF] 【直播间】23447660 的第 62 个心跳包发送成功
[03:24:01 INF] 【直播间】91164 的第 62 个心跳包发送成功
[03:24:03 INF] 【直播间】22764265 的第 62 个心跳包发送成功
[03:24:55 INF] 【直播间】23357926 的第 63 个心跳包发送成功
[03:24:56 INF] 【直播间】23040372 的第 63 个心跳包发送成功
[03:24:58 INF] 【直播间】31494 的第 63 个心跳包发送成功
[03:24:59 INF] 【直播间】4015781 的第 63 个心跳包发送成功
[03:25:00 INF] 【直播间】9619073 的第 63 个心跳包发送成功
[03:25:02 INF] 【直播间】407149 的第 63 个心跳包发送成功
[03:25:03 INF] 【直播间】7184632 的第 63 个心跳包发送成功
[03:25:04 INF] 【直播间】11732699 的第 63 个心跳包发送成功
[03:25:05 INF] 【直播间】929670 的第 63 个心跳包发送成功
[03:25:07 INF] 【直播间】23447660 的第 63 个心跳包发送成功
[03:25:08 INF] 【直播间】91164 的第 63 个心跳包发送成功
[03:25:09 INF] 【直播间】22764265 的第 63 个心跳包发送成功
[03:26:02 INF] 【直播间】23357926 的第 64 个心跳包发送成功
[03:26:03 INF] 【直播间】23040372 的第 64 个心跳包发送成功
[03:26:04 INF] 【直播间】31494 的第 64 个心跳包发送成功
[03:26:06 INF] 【直播间】4015781 的第 64 个心跳包发送成功
[03:26:07 INF] 【直播间】9619073 的第 64 个心跳包发送成功
[03:26:08 INF] 【直播间】407149 的第 64 个心跳包发送成功
[03:26:09 INF] 【直播间】7184632 的第 64 个心跳包发送成功
[03:26:11 INF] 【直播间】11732699 的第 64 个心跳包发送成功
[03:26:12 INF] 【直播间】929670 的第 64 个心跳包发送成功
[03:26:13 INF] 【直播间】23447660 的第 64 个心跳包发送成功
[03:26:14 INF] 【直播间】91164 的第 64 个心跳包发送成功
[03:26:16 INF] 【直播间】22764265 的第 64 个心跳包发送成功
[03:27:08 INF] 【直播间】23357926 的第 65 个心跳包发送成功
[03:27:09 INF] 【直播间】23040372 的第 65 个心跳包发送成功
[03:27:11 INF] 【直播间】31494 的第 65 个心跳包发送成功
[03:27:12 INF] 【直播间】4015781 的第 65 个心跳包发送成功
[03:27:13 INF] 【直播间】9619073 的第 65 个心跳包发送成功
[03:27:14 INF] 【直播间】407149 的第 65 个心跳包发送成功
[03:27:16 INF] 【直播间】7184632 的第 65 个心跳包发送成功
[03:27:17 INF] 【直播间】11732699 的第 65 个心跳包发送成功
[03:27:18 INF] 【直播间】929670 的第 65 个心跳包发送成功
[03:27:19 INF] 【直播间】23447660 的第 65 个心跳包发送成功
[03:27:21 INF] 【直播间】91164 的第 65 个心跳包发送成功
[03:27:22 INF] 【直播间】22764265 的第 65 个心跳包发送成功
[03:28:15 INF] 【直播间】23357926 的第 66 个心跳包发送成功
[03:28:16 INF] 【直播间】23040372 的第 66 个心跳包发送成功
[03:28:17 INF] 【直播间】31494 的第 66 个心跳包发送成功
[03:28:18 INF] 【直播间】4015781 的第 66 个心跳包发送成功
[03:28:20 INF] 【直播间】9619073 的第 66 个心跳包发送成功
[03:28:21 INF] 【直播间】407149 的第 66 个心跳包发送成功
[03:28:22 INF] 【直播间】7184632 的第 66 个心跳包发送成功
[03:28:23 INF] 【直播间】11732699 的第 66 个心跳包发送成功
[03:28:25 INF] 【直播间】929670 的第 66 个心跳包发送成功
[03:28:26 INF] 【直播间】23447660 的第 66 个心跳包发送成功
[03:28:27 INF] 【直播间】91164 的第 66 个心跳包发送成功
[03:28:29 INF] 【直播间】22764265 的第 66 个心跳包发送成功
[03:29:21 ERR] 【心跳包】直播间 23357926 发送失败
[03:29:21 ERR] 【原因】time check failed
[03:29:23 ERR] 【心跳包】直播间 23040372 发送失败
[03:29:23 ERR] 【原因】time check failed
[03:29:24 ERR] 【心跳包】直播间 31494 发送失败
[03:29:24 ERR] 【原因】time check failed
[03:29:25 ERR] 【心跳包】直播间 4015781 发送失败
[03:29:25 ERR] 【原因】time check failed
[03:29:26 ERR] 【心跳包】直播间 9619073 发送失败
[03:29:26 ERR] 【原因】time check failed
[03:29:28 ERR] 【心跳包】直播间 407149 发送失败
[03:29:28 ERR] 【原因】time check failed
[03:29:29 ERR] 【心跳包】直播间 7184632 发送失败
[03:29:29 ERR] 【原因】time check failed
[03:29:30 ERR] 【心跳包】直播间 11732699 发送失败
[03:29:30 ERR] 【原因】time check failed
[03:29:31 ERR] 【心跳包】直播间 929670 发送失败
[03:29:31 ERR] 【原因】time check failed
[03:29:33 ERR] 【心跳包】直播间 23447660 发送失败
[03:29:33 ERR] 【原因】time check failed
[03:29:34 ERR] 【心跳包】直播间 91164 发送失败
[03:29:34 ERR] 【原因】time check failed
[03:29:35 ERR] 【心跳包】直播间 22764265 发送失败
[03:29:35 ERR] 【原因】time check failed
[03:30:28 INF] 【直播间】23357926 的第 67 个心跳包发送成功
[03:30:29 INF] 【直播间】23040372 的第 67 个心跳包发送成功
[03:30:31 INF] 【直播间】31494 的第 67 个心跳包发送成功
[03:30:32 INF] 【直播间】4015781 的第 67 个心跳包发送成功
[03:30:33 INF] 【直播间】9619073 的第 67 个心跳包发送成功
[03:30:34 INF] 【直播间】407149 的第 67 个心跳包发送成功
[03:30:36 INF] 【直播间】7184632 的第 67 个心跳包发送成功
[03:30:37 INF] 【直播间】11732699 的第 67 个心跳包发送成功
[03:30:38 INF] 【直播间】929670 的第 67 个心跳包发送成功
[03:30:39 INF] 【直播间】23447660 的第 67 个心跳包发送成功
[03:30:41 INF] 【直播间】91164 的第 67 个心跳包发送成功
[03:30:42 INF] 【直播间】22764265 的第 67 个心跳包发送成功
[03:31:35 INF] 【直播间】23357926 的第 68 个心跳包发送成功
[03:31:36 INF] 【直播间】23040372 的第 68 个心跳包发送成功
[03:31:37 INF] 【直播间】31494 的第 68 个心跳包发送成功
[03:31:39 INF] 【直播间】4015781 的第 68 个心跳包发送成功
[03:31:40 INF] 【直播间】9619073 的第 68 个心跳包发送成功
[03:31:41 INF] 【直播间】407149 的第 68 个心跳包发送成功
[03:31:43 INF] 【直播间】7184632 的第 68 个心跳包发送成功
[03:31:44 INF] 【直播间】11732699 的第 68 个心跳包发送成功
[03:31:45 INF] 【直播间】929670 的第 68 个心跳包发送成功
[03:31:46 INF] 【直播间】23447660 的第 68 个心跳包发送成功
[03:31:48 INF] 【直播间】91164 的第 68 个心跳包发送成功
[03:31:49 INF] 【直播间】22764265 的第 68 个心跳包发送成功
[03:32:41 INF] 【直播间】23357926 的第 69 个心跳包发送成功
[03:32:42 INF] 【直播间】23040372 的第 69 个心跳包发送成功
[03:32:44 INF] 【直播间】31494 的第 69 个心跳包发送成功
[03:32:45 INF] 【直播间】4015781 的第 69 个心跳包发送成功
[03:32:47 INF] 【直播间】9619073 的第 69 个心跳包发送成功
[03:32:48 INF] 【直播间】407149 的第 69 个心跳包发送成功
[03:32:49 INF] 【直播间】7184632 的第 69 个心跳包发送成功
[03:32:50 INF] 【直播间】11732699 的第 69 个心跳包发送成功
[03:32:52 INF] 【直播间】929670 的第 69 个心跳包发送成功
[03:32:53 INF] 【直播间】23447660 的第 69 个心跳包发送成功
[03:32:54 INF] 【直播间】91164 的第 69 个心跳包发送成功
[03:32:56 INF] 【直播间】22764265 的第 69 个心跳包发送成功
[03:33:48 INF] 【直播间】23357926 的第 70 个心跳包发送成功
[03:33:49 INF] 【直播间】23040372 的第 70 个心跳包发送成功
[03:33:50 INF] 【直播间】31494 的第 70 个心跳包发送成功
[03:33:51 INF] 【直播间】4015781 的第 70 个心跳包发送成功
[03:33:53 INF] 【直播间】9619073 的第 70 个心跳包发送成功
[03:33:54 INF] 【直播间】407149 的第 70 个心跳包发送成功
[03:33:55 INF] 【直播间】7184632 的第 70 个心跳包发送成功
[03:33:57 INF] 【直播间】11732699 的第 70 个心跳包发送成功
[03:33:58 INF] 【直播间】929670 的第 70 个心跳包发送成功
[03:33:59 INF] 【直播间】23447660 的第 70 个心跳包发送成功
[03:34:01 INF] 【直播间】91164 的第 70 个心跳包发送成功
[03:34:02 INF] 【直播间】22764265 的第 70 个心跳包发送成功
[03:34:02 INF] 【直播观看时长】完成情况：12/12 
[03:34:02 INF] ---------结束---------

[03:34:02 INF] ==========结束==========

[03:34:02 INF] ######### 账号 3 #########

[03:34:02 INF] =====开始 直播间互动 =====

[03:34:02 INF] ---开始 发送弹幕 ---
[03:34:02 INF] 检测到直播 Cookie 未正确配置，尝试自动配置中...
[03:34:08 INF] 直播 Cookie 配置成功！
[03:34:08 INF] 【获取直播列表】获取拥有粉丝牌的直播列表
[03:34:14 ERR] 【获取直播列表】失败
[03:34:14 ERR] 【原因】账号未登录
[03:34:14 ERR] 发送弹幕失败，继续其他任务。失败信息:Object reference not set to an instance of an object.

[03:34:14 INF] -------结束-------

[03:34:14 INF] ---开始 点赞直播间 ---
[03:34:14 INF] 【获取直播列表】获取拥有粉丝牌的直播列表
[03:34:20 ERR] 【获取直播列表】失败
[03:34:20 ERR] 【原因】账号未登录
[03:34:20 ERR] 点赞直播间失败，继续其他任务。失败信息:Object reference not set to an instance of an object.

[03:34:20 INF] --------结束--------

[03:34:20 INF] ---开始 直播时长挂机 ---
[03:34:20 INF] 【获取直播列表】获取拥有粉丝牌的直播列表
[03:34:25 ERR] 【获取直播列表】失败
[03:34:25 ERR] 【原因】账号未登录
[03:34:25 ERR] 直播时长挂机失败，继续其他任务。失败信息:Object reference not set to an instance of an object.

[03:34:25 INF] ---------结束---------

[03:34:25 INF] ==========结束==========

[03:34:25 INF] 

========================

 v2.0.2 开源 by https://github.com/RayWangQvQ/BiliBiliToolPro

[03:34:25 INF] ·开始推送·LiveFansMedal任务·
2024-01-20T19:34:25.5852974Z 开始推送到:PushPlus
2024-01-20T19:34:27.2751466Z Response status: OK.
2024-01-20T19:34:27.2751824Z Response content: {"code":999,"msg":"发送内容过大，不能超过2万字","data":null}.

[03:34:27 INF] 运行环境：Development
[03:34:27 INF] 应用目录：/home/runner/work/BiliBiliToolPro/BiliBiliToolPro/src/Ray.BiliBiliTool.Console/bin/Debug/net6.0/

[03:34:27 INF] 运行结束
