----------- ip 信息 ---------
{
  "ip": "20.51.128.135",
  "city": "Washington",
  "region": "Virginia",
  "country": "US",
  "loc": "38.7135,-78.1594",
  "org": "AS8075 Microsoft Corporation",
  "postal": "22747",
  "timezone": "America/New_York",
  "readme": "https://ipinfo.io/missingauth"
} ---------- end ------------
  ____               ____    _   _____           _  
 |  _ \ __ _ _   _  | __ ) _| |_|_   _|__   ___ | | 
 | |_) / _` | | | | |  _ \(_) (_) | |/ _ \ / _ \| | 
 |  _ < (_| | |_| | | |_) | | | | | | (_) | (_) | | 
 |_| \_\__,_|\__, | |____/|_|_|_| |_|\___/ \___/|_| 
             |___/                                  

[00:32:12 INF] BiliBiliToolPro 开始运行...

[00:32:12 INF] 【账号个数】3个

[00:32:12 INF] 随机休眠2分钟

[00:34:12 INF] 【目标任务】LiveFansMedal
[00:34:12 INF] ######### 账号 1 #########

[00:34:12 INF] =====开始 直播间互动 =====

[00:34:12 INF] ---开始 发送弹幕 ---
[00:34:12 INF] 检测到直播 Cookie 未正确配置，尝试自动配置中...
[00:34:17 INF] 直播 Cookie 配置成功！
[00:34:17 INF] 【获取直播列表】获取拥有粉丝牌的直播列表
[00:34:21 INF] 【主播】Mark陌枫 
[00:34:36 INF] 【主播】KL_qiqi_ 
[00:34:52 INF] 【主播】苏打baka 
[00:35:06 INF] 【直播间】Mark陌枫
[00:35:06 INF] 【粉丝牌】馬楓
[00:35:06 INF] 正在发送弹幕...
[00:35:10 INF] 【直播间】KL_qiqi_
[00:35:10 INF] 【粉丝牌】qiqisb
[00:35:10 INF] 正在发送弹幕...
[00:35:14 INF] 【直播间】苏打baka
[00:35:14 INF] 【粉丝牌】碳酸钠
[00:35:14 INF] 正在发送弹幕...
[00:35:17 INF] -------结束-------

[00:35:17 INF] ---开始 点赞直播间 ---
[00:35:17 INF] 【获取直播列表】获取拥有粉丝牌的直播列表
[00:35:17 INF] 【弹幕发送】成功~，你和主播 Mark陌枫 的亲密值增加了100！
[00:35:23 INF] 【主播】Mark陌枫 
[00:35:25 INF] 【弹幕发送】成功~，你和主播 KL_qiqi_ 的亲密值增加了100！
[00:35:29 INF] 【弹幕发送】成功~，你和主播 苏打baka 的亲密值增加了100！
[00:35:41 INF] 【主播】KL_qiqi_ 
[00:35:53 INF] 【主播】苏打baka 
[00:36:11 INF] 【点赞直播间】23357926 完成
[00:36:14 INF] 【点赞直播间】407149 完成
[00:36:19 INF] --------结束--------

[00:36:19 INF] ---开始 直播时长挂机 ---
[00:36:19 INF] 【获取直播列表】获取拥有粉丝牌的直播列表
[00:36:20 INF] 【点赞直播间】23040372 完成
[00:36:23 INF] 【主播】Mark陌枫 
[00:36:37 INF] 【主播】KL_qiqi_ 
[00:36:57 INF] 【主播】苏打baka 
[00:37:19 INF] 【直播间】23357926 的第 1 个心跳包发送成功
[00:37:21 INF] 【直播间】407149 的第 1 个心跳包发送成功
[00:37:22 INF] 【直播间】23040372 的第 1 个心跳包发送成功
[00:38:27 INF] 【直播间】23357926 的第 2 个心跳包发送成功
[00:38:28 INF] 【直播间】407149 的第 2 个心跳包发送成功
[00:38:29 INF] 【直播间】23040372 的第 2 个心跳包发送成功
[00:39:33 INF] 【直播间】23357926 的第 3 个心跳包发送成功
[00:39:34 INF] 【直播间】407149 的第 3 个心跳包发送成功
[00:39:36 INF] 【直播间】23040372 的第 3 个心跳包发送成功
[00:40:40 INF] 【直播间】23357926 的第 4 个心跳包发送成功
[00:40:41 INF] 【直播间】407149 的第 4 个心跳包发送成功
[00:40:42 INF] 【直播间】23040372 的第 4 个心跳包发送成功
[00:41:46 INF] 【直播间】23357926 的第 5 个心跳包发送成功
[00:41:48 INF] 【直播间】407149 的第 5 个心跳包发送成功
[00:41:49 INF] 【直播间】23040372 的第 5 个心跳包发送成功
[00:42:53 INF] 【直播间】23357926 的第 6 个心跳包发送成功
[00:42:54 INF] 【直播间】407149 的第 6 个心跳包发送成功
[00:42:56 INF] 【直播间】23040372 的第 6 个心跳包发送成功
[00:44:00 INF] 【直播间】23357926 的第 7 个心跳包发送成功
[00:44:01 INF] 【直播间】407149 的第 7 个心跳包发送成功
[00:44:03 INF] 【直播间】23040372 的第 7 个心跳包发送成功
[00:45:07 INF] 【直播间】23357926 的第 8 个心跳包发送成功
[00:45:08 INF] 【直播间】407149 的第 8 个心跳包发送成功
[00:45:09 INF] 【直播间】23040372 的第 8 个心跳包发送成功
[00:46:13 INF] 【直播间】23357926 的第 9 个心跳包发送成功
[00:46:14 INF] 【直播间】407149 的第 9 个心跳包发送成功
[00:46:16 INF] 【直播间】23040372 的第 9 个心跳包发送成功
[00:47:20 INF] 【直播间】23357926 的第 10 个心跳包发送成功
[00:47:21 INF] 【直播间】407149 的第 10 个心跳包发送成功
[00:47:22 INF] 【直播间】23040372 的第 10 个心跳包发送成功
[00:48:26 INF] 【直播间】23357926 的第 11 个心跳包发送成功
[00:48:28 INF] 【直播间】407149 的第 11 个心跳包发送成功
[00:48:29 INF] 【直播间】23040372 的第 11 个心跳包发送成功
[00:49:33 INF] 【直播间】23357926 的第 12 个心跳包发送成功
[00:49:34 INF] 【直播间】407149 的第 12 个心跳包发送成功
[00:49:36 INF] 【直播间】23040372 的第 12 个心跳包发送成功
[00:50:40 INF] 【直播间】23357926 的第 13 个心跳包发送成功
[00:50:41 INF] 【直播间】407149 的第 13 个心跳包发送成功
[00:50:42 INF] 【直播间】23040372 的第 13 个心跳包发送成功
[00:51:46 INF] 【直播间】23357926 的第 14 个心跳包发送成功
[00:51:48 INF] 【直播间】407149 的第 14 个心跳包发送成功
[00:51:49 INF] 【直播间】23040372 的第 14 个心跳包发送成功
[00:52:53 ERR] 【心跳包】直播间 23357926 发送失败
[00:52:53 ERR] 【原因】time check failed
[00:52:54 ERR] 【心跳包】直播间 407149 发送失败
[00:52:54 ERR] 【原因】time check failed
[00:52:55 ERR] 【心跳包】直播间 23040372 发送失败
[00:52:55 ERR] 【原因】time check failed
[00:53:59 INF] 【直播间】23357926 的第 15 个心跳包发送成功
[00:54:00 INF] 【直播间】407149 的第 15 个心跳包发送成功
[00:54:02 INF] 【直播间】23040372 的第 15 个心跳包发送成功
[00:55:06 INF] 【直播间】23357926 的第 16 个心跳包发送成功
[00:55:07 INF] 【直播间】407149 的第 16 个心跳包发送成功
[00:55:09 INF] 【直播间】23040372 的第 16 个心跳包发送成功
[00:56:13 INF] 【直播间】23357926 的第 17 个心跳包发送成功
[00:56:14 INF] 【直播间】407149 的第 17 个心跳包发送成功
[00:56:15 INF] 【直播间】23040372 的第 17 个心跳包发送成功
[00:57:19 INF] 【直播间】23357926 的第 18 个心跳包发送成功
[00:57:21 INF] 【直播间】407149 的第 18 个心跳包发送成功
[00:57:22 INF] 【直播间】23040372 的第 18 个心跳包发送成功
[00:58:26 INF] 【直播间】23357926 的第 19 个心跳包发送成功
[00:58:27 INF] 【直播间】407149 的第 19 个心跳包发送成功
[00:58:28 INF] 【直播间】23040372 的第 19 个心跳包发送成功
[00:59:32 INF] 【直播间】23357926 的第 20 个心跳包发送成功
[00:59:34 INF] 【直播间】407149 的第 20 个心跳包发送成功
[00:59:35 INF] 【直播间】23040372 的第 20 个心跳包发送成功
[01:00:39 INF] 【直播间】23357926 的第 21 个心跳包发送成功
[01:00:41 INF] 【直播间】407149 的第 21 个心跳包发送成功
[01:00:42 INF] 【直播间】23040372 的第 21 个心跳包发送成功
[01:01:46 INF] 【直播间】23357926 的第 22 个心跳包发送成功
[01:01:48 INF] 【直播间】407149 的第 22 个心跳包发送成功
[01:01:49 INF] 【直播间】23040372 的第 22 个心跳包发送成功
[01:02:53 INF] 【直播间】23357926 的第 23 个心跳包发送成功
[01:02:54 INF] 【直播间】407149 的第 23 个心跳包发送成功
[01:02:55 INF] 【直播间】23040372 的第 23 个心跳包发送成功
[01:04:00 INF] 【直播间】23357926 的第 24 个心跳包发送成功
[01:04:01 INF] 【直播间】407149 的第 24 个心跳包发送成功
[01:04:02 INF] 【直播间】23040372 的第 24 个心跳包发送成功
[01:05:06 INF] 【直播间】23357926 的第 25 个心跳包发送成功
[01:05:07 INF] 【直播间】407149 的第 25 个心跳包发送成功
[01:05:09 INF] 【直播间】23040372 的第 25 个心跳包发送成功
[01:06:13 INF] 【直播间】23357926 的第 26 个心跳包发送成功
[01:06:14 INF] 【直播间】407149 的第 26 个心跳包发送成功
[01:06:15 INF] 【直播间】23040372 的第 26 个心跳包发送成功
[01:07:20 INF] 【直播间】23357926 的第 27 个心跳包发送成功
[01:07:21 INF] 【直播间】407149 的第 27 个心跳包发送成功
[01:07:22 INF] 【直播间】23040372 的第 27 个心跳包发送成功
[01:08:26 ERR] 【心跳包】直播间 23357926 发送失败
[01:08:26 ERR] 【原因】time check failed
[01:08:27 ERR] 【心跳包】直播间 407149 发送失败
[01:08:27 ERR] 【原因】time check failed
[01:08:28 ERR] 【心跳包】直播间 23040372 发送失败
[01:08:28 ERR] 【原因】time check failed
[01:09:33 INF] 【直播间】23357926 的第 28 个心跳包发送成功
[01:09:34 INF] 【直播间】407149 的第 28 个心跳包发送成功
[01:09:35 INF] 【直播间】23040372 的第 28 个心跳包发送成功
[01:10:39 INF] 【直播间】23357926 的第 29 个心跳包发送成功
[01:10:40 INF] 【直播间】407149 的第 29 个心跳包发送成功
[01:10:42 INF] 【直播间】23040372 的第 29 个心跳包发送成功
[01:11:46 INF] 【直播间】23357926 的第 30 个心跳包发送成功
[01:11:47 INF] 【直播间】407149 的第 30 个心跳包发送成功
[01:11:48 INF] 【直播间】23040372 的第 30 个心跳包发送成功
[01:12:53 INF] 【直播间】23357926 的第 31 个心跳包发送成功
[01:12:54 INF] 【直播间】407149 的第 31 个心跳包发送成功
[01:12:55 INF] 【直播间】23040372 的第 31 个心跳包发送成功
[01:13:59 INF] 【直播间】23357926 的第 32 个心跳包发送成功
[01:14:00 INF] 【直播间】407149 的第 32 个心跳包发送成功
[01:14:02 INF] 【直播间】23040372 的第 32 个心跳包发送成功
[01:15:06 INF] 【直播间】23357926 的第 33 个心跳包发送成功
[01:15:07 INF] 【直播间】407149 的第 33 个心跳包发送成功
[01:15:08 INF] 【直播间】23040372 的第 33 个心跳包发送成功
[01:16:12 INF] 【直播间】23357926 的第 34 个心跳包发送成功
[01:16:13 INF] 【直播间】407149 的第 34 个心跳包发送成功
[01:16:15 INF] 【直播间】23040372 的第 34 个心跳包发送成功
[01:17:19 INF] 【直播间】23357926 的第 35 个心跳包发送成功
[01:17:20 INF] 【直播间】407149 的第 35 个心跳包发送成功
[01:17:21 INF] 【直播间】23040372 的第 35 个心跳包发送成功
[01:18:25 INF] 【直播间】23357926 的第 36 个心跳包发送成功
[01:18:27 INF] 【直播间】407149 的第 36 个心跳包发送成功
[01:18:28 INF] 【直播间】23040372 的第 36 个心跳包发送成功
[01:19:32 INF] 【直播间】23357926 的第 37 个心跳包发送成功
[01:19:33 INF] 【直播间】407149 的第 37 个心跳包发送成功
[01:19:35 INF] 【直播间】23040372 的第 37 个心跳包发送成功
[01:20:39 INF] 【直播间】23357926 的第 38 个心跳包发送成功
[01:20:40 INF] 【直播间】407149 的第 38 个心跳包发送成功
[01:20:41 INF] 【直播间】23040372 的第 38 个心跳包发送成功
[01:21:45 INF] 【直播间】23357926 的第 39 个心跳包发送成功
[01:21:46 INF] 【直播间】407149 的第 39 个心跳包发送成功
[01:21:47 INF] 【直播间】23040372 的第 39 个心跳包发送成功
[01:22:52 INF] 【直播间】23357926 的第 40 个心跳包发送成功
[01:22:53 INF] 【直播间】407149 的第 40 个心跳包发送成功
[01:22:54 INF] 【直播间】23040372 的第 40 个心跳包发送成功
[01:23:59 ERR] 【心跳包】直播间 23357926 发送失败
[01:23:59 ERR] 【原因】time check failed
[01:24:00 ERR] 【心跳包】直播间 407149 发送失败
[01:24:00 ERR] 【原因】time check failed
[01:24:01 ERR] 【心跳包】直播间 23040372 发送失败
[01:24:01 ERR] 【原因】time check failed
[01:25:05 INF] 【直播间】23357926 的第 41 个心跳包发送成功
[01:25:07 INF] 【直播间】407149 的第 41 个心跳包发送成功
[01:25:08 INF] 【直播间】23040372 的第 41 个心跳包发送成功
[01:26:12 INF] 【直播间】23357926 的第 42 个心跳包发送成功
[01:26:13 INF] 【直播间】407149 的第 42 个心跳包发送成功
[01:26:15 INF] 【直播间】23040372 的第 42 个心跳包发送成功
[01:27:18 INF] 【直播间】23357926 的第 43 个心跳包发送成功
[01:27:20 INF] 【直播间】407149 的第 43 个心跳包发送成功
[01:27:21 INF] 【直播间】23040372 的第 43 个心跳包发送成功
[01:28:25 INF] 【直播间】23357926 的第 44 个心跳包发送成功
[01:28:26 INF] 【直播间】407149 的第 44 个心跳包发送成功
[01:28:27 INF] 【直播间】23040372 的第 44 个心跳包发送成功
[01:29:32 INF] 【直播间】23357926 的第 45 个心跳包发送成功
[01:29:33 INF] 【直播间】407149 的第 45 个心跳包发送成功
[01:29:34 INF] 【直播间】23040372 的第 45 个心跳包发送成功
[01:30:38 INF] 【直播间】23357926 的第 46 个心跳包发送成功
[01:30:39 INF] 【直播间】407149 的第 46 个心跳包发送成功
[01:30:41 INF] 【直播间】23040372 的第 46 个心跳包发送成功
[01:31:45 INF] 【直播间】23357926 的第 47 个心跳包发送成功
[01:31:46 INF] 【直播间】407149 的第 47 个心跳包发送成功
[01:31:47 INF] 【直播间】23040372 的第 47 个心跳包发送成功
[01:32:51 INF] 【直播间】23357926 的第 48 个心跳包发送成功
[01:32:53 INF] 【直播间】407149 的第 48 个心跳包发送成功
[01:32:54 INF] 【直播间】23040372 的第 48 个心跳包发送成功
[01:33:58 INF] 【直播间】23357926 的第 49 个心跳包发送成功
[01:33:59 INF] 【直播间】407149 的第 49 个心跳包发送成功
[01:34:00 INF] 【直播间】23040372 的第 49 个心跳包发送成功
[01:35:05 INF] 【直播间】23357926 的第 50 个心跳包发送成功
[01:35:06 INF] 【直播间】407149 的第 50 个心跳包发送成功
[01:35:07 INF] 【直播间】23040372 的第 50 个心跳包发送成功
[01:36:12 INF] 【直播间】23357926 的第 51 个心跳包发送成功
[01:36:13 INF] 【直播间】407149 的第 51 个心跳包发送成功
[01:36:14 INF] 【直播间】23040372 的第 51 个心跳包发送成功
[01:37:18 INF] 【直播间】23357926 的第 52 个心跳包发送成功
[01:37:20 INF] 【直播间】407149 的第 52 个心跳包发送成功
[01:37:21 INF] 【直播间】23040372 的第 52 个心跳包发送成功
[01:38:25 INF] 【直播间】23357926 的第 53 个心跳包发送成功
[01:38:26 INF] 【直播间】407149 的第 53 个心跳包发送成功
[01:38:28 INF] 【直播间】23040372 的第 53 个心跳包发送成功
[01:39:31 ERR] 【心跳包】直播间 23357926 发送失败
[01:39:31 ERR] 【原因】time check failed
[01:39:33 ERR] 【心跳包】直播间 407149 发送失败
[01:39:33 ERR] 【原因】time check failed
[01:39:34 ERR] 【心跳包】直播间 23040372 发送失败
[01:39:34 ERR] 【原因】time check failed
[01:40:38 INF] 【直播间】23357926 的第 54 个心跳包发送成功
[01:40:40 INF] 【直播间】407149 的第 54 个心跳包发送成功
[01:40:41 INF] 【直播间】23040372 的第 54 个心跳包发送成功
[01:41:45 INF] 【直播间】23357926 的第 55 个心跳包发送成功
[01:41:46 INF] 【直播间】407149 的第 55 个心跳包发送成功
[01:41:47 INF] 【直播间】23040372 的第 55 个心跳包发送成功
[01:42:52 INF] 【直播间】23357926 的第 56 个心跳包发送成功
[01:42:53 INF] 【直播间】407149 的第 56 个心跳包发送成功
[01:42:54 INF] 【直播间】23040372 的第 56 个心跳包发送成功
[01:43:58 INF] 【直播间】23357926 的第 57 个心跳包发送成功
[01:43:59 INF] 【直播间】407149 的第 57 个心跳包发送成功
[01:44:01 INF] 【直播间】23040372 的第 57 个心跳包发送成功
[01:45:05 INF] 【直播间】23357926 的第 58 个心跳包发送成功
[01:45:06 INF] 【直播间】407149 的第 58 个心跳包发送成功
[01:45:07 INF] 【直播间】23040372 的第 58 个心跳包发送成功
[01:46:11 INF] 【直播间】23357926 的第 59 个心跳包发送成功
[01:46:13 INF] 【直播间】407149 的第 59 个心跳包发送成功
[01:46:14 INF] 【直播间】23040372 的第 59 个心跳包发送成功
[01:47:18 INF] 【直播间】23357926 的第 60 个心跳包发送成功
[01:47:19 INF] 【直播间】407149 的第 60 个心跳包发送成功
[01:47:21 INF] 【直播间】23040372 的第 60 个心跳包发送成功
[01:48:24 INF] 【直播间】23357926 的第 61 个心跳包发送成功
[01:48:26 INF] 【直播间】407149 的第 61 个心跳包发送成功
[01:48:27 INF] 【直播间】23040372 的第 61 个心跳包发送成功
[01:49:31 INF] 【直播间】23357926 的第 62 个心跳包发送成功
[01:49:32 INF] 【直播间】407149 的第 62 个心跳包发送成功
[01:49:33 INF] 【直播间】23040372 的第 62 个心跳包发送成功
[01:50:38 INF] 【直播间】23357926 的第 63 个心跳包发送成功
[01:50:39 INF] 【直播间】407149 的第 63 个心跳包发送成功
[01:50:40 INF] 【直播间】23040372 的第 63 个心跳包发送成功
[01:51:44 INF] 【直播间】23357926 的第 64 个心跳包发送成功
[01:51:46 INF] 【直播间】407149 的第 64 个心跳包发送成功
[01:51:47 INF] 【直播间】23040372 的第 64 个心跳包发送成功
[01:52:51 INF] 【直播间】23357926 的第 65 个心跳包发送成功
[01:52:52 INF] 【直播间】407149 的第 65 个心跳包发送成功
[01:52:53 INF] 【直播间】23040372 的第 65 个心跳包发送成功
[01:53:58 INF] 【直播间】23357926 的第 66 个心跳包发送成功
[01:53:59 INF] 【直播间】407149 的第 66 个心跳包发送成功
[01:54:00 INF] 【直播间】23040372 的第 66 个心跳包发送成功
[01:55:04 ERR] 【心跳包】直播间 23357926 发送失败
[01:55:04 ERR] 【原因】time check failed
[01:55:06 ERR] 【心跳包】直播间 407149 发送失败
[01:55:06 ERR] 【原因】time check failed
[01:55:07 ERR] 【心跳包】直播间 23040372 发送失败
[01:55:07 ERR] 【原因】time check failed
[01:56:11 INF] 【直播间】23357926 的第 67 个心跳包发送成功
[01:56:12 INF] 【直播间】407149 的第 67 个心跳包发送成功
[01:56:13 INF] 【直播间】23040372 的第 67 个心跳包发送成功
[01:57:17 INF] 【直播间】23357926 的第 68 个心跳包发送成功
[01:57:19 INF] 【直播间】407149 的第 68 个心跳包发送成功
[01:57:20 INF] 【直播间】23040372 的第 68 个心跳包发送成功
[01:58:24 INF] 【直播间】23357926 的第 69 个心跳包发送成功
[01:58:25 INF] 【直播间】407149 的第 69 个心跳包发送成功
[01:58:27 INF] 【直播间】23040372 的第 69 个心跳包发送成功
[01:59:31 INF] 【直播间】23357926 的第 70 个心跳包发送成功
[01:59:32 INF] 【直播间】407149 的第 70 个心跳包发送成功
[01:59:33 INF] 【直播间】23040372 的第 70 个心跳包发送成功
[01:59:33 INF] 【直播观看时长】完成情况：3/3 
[01:59:33 INF] ---------结束---------

[01:59:33 INF] ==========结束==========

[01:59:33 INF] ######### 账号 2 #########

[01:59:33 INF] =====开始 直播间互动 =====

[01:59:33 INF] ---开始 发送弹幕 ---
[01:59:33 INF] 检测到直播 Cookie 未正确配置，尝试自动配置中...
[01:59:40 INF] 直播 Cookie 配置成功！
[01:59:40 INF] 【获取直播列表】获取拥有粉丝牌的直播列表
[01:59:46 INF] 【主播】Mark陌枫 
[02:00:01 INF] 【主播】苏打baka 
[02:00:16 INF] 【主播】特别中二的q3君 
[02:00:31 INF] 【主播】陈抱一 
[02:00:47 INF] 【主播】贪玩的小毅 
[02:01:02 INF] 【主播】KL_qiqi_ 
[02:01:20 INF] 【直播间】Mark陌枫
[02:01:20 INF] 【粉丝牌】馬楓
[02:01:20 INF] 正在发送弹幕...
[02:01:26 INF] 【直播间】苏打baka
[02:01:26 INF] 【粉丝牌】碳酸钠
[02:01:26 INF] 正在发送弹幕...
[02:01:33 INF] 【直播间】特别中二的q3君
[02:01:33 INF] 【粉丝牌】q3GG
[02:01:33 INF] 正在发送弹幕...
[02:01:36 INF] 【直播间】陈抱一
[02:01:36 INF] 【粉丝牌】陈抱一
[02:01:36 INF] 正在发送弹幕...
[02:01:39 INF] 【弹幕发送】成功~，你和主播 Mark陌枫 的亲密值增加了100！
[02:01:41 INF] 【直播间】贪玩的小毅
[02:01:41 INF] 【粉丝牌】大大毅
[02:01:41 INF] 正在发送弹幕...
[02:01:44 INF] 【直播间】KL_qiqi_
[02:01:44 INF] 【粉丝牌】qiqisb
[02:01:44 INF] 正在发送弹幕...
[02:01:45 INF] 【弹幕发送】成功~，你和主播 苏打baka 的亲密值增加了100！
[02:01:49 INF] -------结束-------

[02:01:49 INF] ---开始 点赞直播间 ---
[02:01:49 INF] 【获取直播列表】获取拥有粉丝牌的直播列表
[02:01:50 INF] 【弹幕发送】成功~，你和主播 特别中二的q3君 的亲密值增加了100！
[02:01:52 INF] 【弹幕发送】成功~，你和主播 陈抱一 的亲密值增加了100！
[02:01:53 INF] 【主播】Mark陌枫 
[02:01:54 INF] 【弹幕发送】成功~，你和主播 贪玩的小毅 的亲密值增加了100！
[02:01:56 INF] 【弹幕发送】成功~，你和主播 KL_qiqi_ 的亲密值增加了100！
[02:02:11 INF] 【主播】苏打baka 
[02:02:28 INF] 【主播】特别中二的q3君 
[02:02:44 INF] 【主播】陈抱一 
[02:03:02 INF] 【主播】贪玩的小毅 
[02:03:19 INF] 【主播】KL_qiqi_ 
[02:03:39 INF] 【点赞直播间】23357926 完成
[02:03:42 INF] 【点赞直播间】23040372 完成
[02:03:47 INF] 【点赞直播间】31494 完成
[02:03:52 INF] 【点赞直播间】4015781 完成
[02:03:57 INF] 【点赞直播间】9619073 完成
[02:04:01 INF] --------结束--------

[02:04:01 INF] ---开始 直播时长挂机 ---
[02:04:01 INF] 【获取直播列表】获取拥有粉丝牌的直播列表
[02:04:01 INF] 【点赞直播间】407149 完成
[02:04:04 INF] 【主播】Mark陌枫 
[02:04:18 INF] 【主播】苏打baka 
[02:04:32 INF] 【主播】特别中二的q3君 
[02:04:50 INF] 【主播】陈抱一 
[02:05:05 INF] 【主播】贪玩的小毅 
[02:05:25 INF] 【主播】KL_qiqi_ 
[02:05:46 INF] 【直播间】23357926 的第 1 个心跳包发送成功
[02:05:47 INF] 【直播间】23040372 的第 1 个心跳包发送成功
[02:05:49 INF] 【直播间】31494 的第 1 个心跳包发送成功
[02:05:50 INF] 【直播间】4015781 的第 1 个心跳包发送成功
[02:05:51 INF] 【直播间】9619073 的第 1 个心跳包发送成功
[02:05:53 INF] 【直播间】407149 的第 1 个心跳包发送成功
[02:06:53 INF] 【直播间】23357926 的第 2 个心跳包发送成功
[02:06:54 INF] 【直播间】23040372 的第 2 个心跳包发送成功
[02:06:55 INF] 【直播间】31494 的第 2 个心跳包发送成功
[02:06:57 INF] 【直播间】4015781 的第 2 个心跳包发送成功
[02:06:58 INF] 【直播间】9619073 的第 2 个心跳包发送成功
[02:06:59 INF] 【直播间】407149 的第 2 个心跳包发送成功
[02:08:00 INF] 【直播间】23357926 的第 3 个心跳包发送成功
[02:08:01 INF] 【直播间】23040372 的第 3 个心跳包发送成功
[02:08:02 INF] 【直播间】31494 的第 3 个心跳包发送成功
[02:08:03 INF] 【直播间】4015781 的第 3 个心跳包发送成功
[02:08:05 INF] 【直播间】9619073 的第 3 个心跳包发送成功
[02:08:06 INF] 【直播间】407149 的第 3 个心跳包发送成功
[02:09:07 INF] 【直播间】23357926 的第 4 个心跳包发送成功
[02:09:08 INF] 【直播间】23040372 的第 4 个心跳包发送成功
[02:09:09 INF] 【直播间】31494 的第 4 个心跳包发送成功
[02:09:11 INF] 【直播间】4015781 的第 4 个心跳包发送成功
[02:09:12 INF] 【直播间】9619073 的第 4 个心跳包发送成功
[02:09:13 INF] 【直播间】407149 的第 4 个心跳包发送成功
[02:10:13 INF] 【直播间】23357926 的第 5 个心跳包发送成功
[02:10:15 INF] 【直播间】23040372 的第 5 个心跳包发送成功
[02:10:16 INF] 【直播间】31494 的第 5 个心跳包发送成功
[02:10:17 INF] 【直播间】4015781 的第 5 个心跳包发送成功
[02:10:18 INF] 【直播间】9619073 的第 5 个心跳包发送成功
[02:10:20 INF] 【直播间】407149 的第 5 个心跳包发送成功
[02:11:20 INF] 【直播间】23357926 的第 6 个心跳包发送成功
[02:11:21 INF] 【直播间】23040372 的第 6 个心跳包发送成功
[02:11:23 INF] 【直播间】31494 的第 6 个心跳包发送成功
[02:11:24 INF] 【直播间】4015781 的第 6 个心跳包发送成功
[02:11:25 INF] 【直播间】9619073 的第 6 个心跳包发送成功
[02:11:26 INF] 【直播间】407149 的第 6 个心跳包发送成功
[02:12:27 INF] 【直播间】23357926 的第 7 个心跳包发送成功
[02:12:28 INF] 【直播间】23040372 的第 7 个心跳包发送成功
[02:12:29 INF] 【直播间】31494 的第 7 个心跳包发送成功
[02:12:30 INF] 【直播间】4015781 的第 7 个心跳包发送成功
[02:12:32 INF] 【直播间】9619073 的第 7 个心跳包发送成功
[02:12:33 INF] 【直播间】407149 的第 7 个心跳包发送成功
[02:13:33 INF] 【直播间】23357926 的第 8 个心跳包发送成功
[02:13:35 INF] 【直播间】23040372 的第 8 个心跳包发送成功
[02:13:36 INF] 【直播间】31494 的第 8 个心跳包发送成功
[02:13:37 INF] 【直播间】4015781 的第 8 个心跳包发送成功
[02:13:38 INF] 【直播间】9619073 的第 8 个心跳包发送成功
[02:13:40 INF] 【直播间】407149 的第 8 个心跳包发送成功
[02:14:40 INF] 【直播间】23357926 的第 9 个心跳包发送成功
[02:14:41 INF] 【直播间】23040372 的第 9 个心跳包发送成功
[02:14:43 INF] 【直播间】31494 的第 9 个心跳包发送成功
[02:14:44 INF] 【直播间】4015781 的第 9 个心跳包发送成功
[02:14:45 INF] 【直播间】9619073 的第 9 个心跳包发送成功
[02:14:47 INF] 【直播间】407149 的第 9 个心跳包发送成功
[02:15:47 INF] 【直播间】23357926 的第 10 个心跳包发送成功
[02:15:48 INF] 【直播间】23040372 的第 10 个心跳包发送成功
[02:15:49 INF] 【直播间】31494 的第 10 个心跳包发送成功
[02:15:50 INF] 【直播间】4015781 的第 10 个心跳包发送成功
[02:15:52 INF] 【直播间】9619073 的第 10 个心跳包发送成功
[02:15:53 INF] 【直播间】407149 的第 10 个心跳包发送成功
[02:16:53 INF] 【直播间】23357926 的第 11 个心跳包发送成功
[02:16:55 INF] 【直播间】23040372 的第 11 个心跳包发送成功
[02:16:56 INF] 【直播间】31494 的第 11 个心跳包发送成功
[02:16:57 INF] 【直播间】4015781 的第 11 个心跳包发送成功
[02:16:59 INF] 【直播间】9619073 的第 11 个心跳包发送成功
[02:17:00 INF] 【直播间】407149 的第 11 个心跳包发送成功
[02:18:00 INF] 【直播间】23357926 的第 12 个心跳包发送成功
[02:18:01 INF] 【直播间】23040372 的第 12 个心跳包发送成功
[02:18:03 INF] 【直播间】31494 的第 12 个心跳包发送成功
[02:18:04 INF] 【直播间】4015781 的第 12 个心跳包发送成功
[02:18:05 INF] 【直播间】9619073 的第 12 个心跳包发送成功
[02:18:06 INF] 【直播间】407149 的第 12 个心跳包发送成功
[02:19:07 INF] 【直播间】23357926 的第 13 个心跳包发送成功
[02:19:08 INF] 【直播间】23040372 的第 13 个心跳包发送成功
[02:19:09 INF] 【直播间】31494 的第 13 个心跳包发送成功
[02:19:11 INF] 【直播间】4015781 的第 13 个心跳包发送成功
[02:19:12 INF] 【直播间】9619073 的第 13 个心跳包发送成功
[02:19:13 INF] 【直播间】407149 的第 13 个心跳包发送成功
[02:20:13 INF] 【直播间】23357926 的第 14 个心跳包发送成功
[02:20:15 INF] 【直播间】23040372 的第 14 个心跳包发送成功
[02:20:16 INF] 【直播间】31494 的第 14 个心跳包发送成功
[02:20:17 INF] 【直播间】4015781 的第 14 个心跳包发送成功
[02:20:19 INF] 【直播间】9619073 的第 14 个心跳包发送成功
[02:20:20 INF] 【直播间】407149 的第 14 个心跳包发送成功
[02:21:21 ERR] 【心跳包】直播间 23357926 发送失败
[02:21:21 ERR] 【原因】time check failed
[02:21:22 ERR] 【心跳包】直播间 23040372 发送失败
[02:21:22 ERR] 【原因】time check failed
[02:21:23 ERR] 【心跳包】直播间 31494 发送失败
[02:21:23 ERR] 【原因】time check failed
[02:21:24 ERR] 【心跳包】直播间 4015781 发送失败
[02:21:24 ERR] 【原因】time check failed
[02:21:26 ERR] 【心跳包】直播间 9619073 发送失败
[02:21:26 ERR] 【原因】time check failed
[02:21:27 ERR] 【心跳包】直播间 407149 发送失败
[02:21:27 ERR] 【原因】time check failed
[02:22:27 INF] 【直播间】23357926 的第 15 个心跳包发送成功
[02:22:28 INF] 【直播间】23040372 的第 15 个心跳包发送成功
[02:22:30 INF] 【直播间】31494 的第 15 个心跳包发送成功
[02:22:31 INF] 【直播间】4015781 的第 15 个心跳包发送成功
[02:22:32 INF] 【直播间】9619073 的第 15 个心跳包发送成功
[02:22:34 INF] 【直播间】407149 的第 15 个心跳包发送成功
[02:23:34 INF] 【直播间】23357926 的第 16 个心跳包发送成功
[02:23:35 INF] 【直播间】23040372 的第 16 个心跳包发送成功
[02:23:36 INF] 【直播间】31494 的第 16 个心跳包发送成功
[02:23:38 INF] 【直播间】4015781 的第 16 个心跳包发送成功
[02:23:39 INF] 【直播间】9619073 的第 16 个心跳包发送成功
[02:23:40 INF] 【直播间】407149 的第 16 个心跳包发送成功
[02:24:41 INF] 【直播间】23357926 的第 17 个心跳包发送成功
[02:24:42 INF] 【直播间】23040372 的第 17 个心跳包发送成功
[02:24:43 INF] 【直播间】31494 的第 17 个心跳包发送成功
[02:24:44 INF] 【直播间】4015781 的第 17 个心跳包发送成功
[02:24:46 INF] 【直播间】9619073 的第 17 个心跳包发送成功
[02:24:47 INF] 【直播间】407149 的第 17 个心跳包发送成功
[02:25:47 INF] 【直播间】23357926 的第 18 个心跳包发送成功
[02:25:48 INF] 【直播间】23040372 的第 18 个心跳包发送成功
[02:25:50 INF] 【直播间】31494 的第 18 个心跳包发送成功
[02:25:51 INF] 【直播间】4015781 的第 18 个心跳包发送成功
[02:25:52 INF] 【直播间】9619073 的第 18 个心跳包发送成功
[02:25:53 INF] 【直播间】407149 的第 18 个心跳包发送成功
[02:26:54 INF] 【直播间】23357926 的第 19 个心跳包发送成功
[02:26:55 INF] 【直播间】23040372 的第 19 个心跳包发送成功
[02:26:56 INF] 【直播间】31494 的第 19 个心跳包发送成功
[02:26:58 INF] 【直播间】4015781 的第 19 个心跳包发送成功
[02:26:59 INF] 【直播间】9619073 的第 19 个心跳包发送成功
[02:27:00 INF] 【直播间】407149 的第 19 个心跳包发送成功
[02:28:00 INF] 【直播间】23357926 的第 20 个心跳包发送成功
[02:28:02 INF] 【直播间】23040372 的第 20 个心跳包发送成功
[02:28:03 INF] 【直播间】31494 的第 20 个心跳包发送成功
[02:28:04 INF] 【直播间】4015781 的第 20 个心跳包发送成功
[02:28:05 INF] 【直播间】9619073 的第 20 个心跳包发送成功
[02:28:07 INF] 【直播间】407149 的第 20 个心跳包发送成功
[02:29:07 INF] 【直播间】23357926 的第 21 个心跳包发送成功
[02:29:08 INF] 【直播间】23040372 的第 21 个心跳包发送成功
[02:29:09 INF] 【直播间】31494 的第 21 个心跳包发送成功
[02:29:11 INF] 【直播间】4015781 的第 21 个心跳包发送成功
[02:29:12 INF] 【直播间】9619073 的第 21 个心跳包发送成功
[02:29:13 INF] 【直播间】407149 的第 21 个心跳包发送成功
[02:30:14 INF] 【直播间】23357926 的第 22 个心跳包发送成功
[02:30:15 INF] 【直播间】23040372 的第 22 个心跳包发送成功
[02:30:16 INF] 【直播间】31494 的第 22 个心跳包发送成功
[02:30:18 INF] 【直播间】4015781 的第 22 个心跳包发送成功
[02:30:19 INF] 【直播间】9619073 的第 22 个心跳包发送成功
[02:30:20 INF] 【直播间】407149 的第 22 个心跳包发送成功
[02:31:20 INF] 【直播间】23357926 的第 23 个心跳包发送成功
[02:31:21 INF] 【直播间】23040372 的第 23 个心跳包发送成功
[02:31:23 INF] 【直播间】31494 的第 23 个心跳包发送成功
[02:31:24 INF] 【直播间】4015781 的第 23 个心跳包发送成功
[02:31:25 INF] 【直播间】9619073 的第 23 个心跳包发送成功
[02:31:27 INF] 【直播间】407149 的第 23 个心跳包发送成功
[02:32:27 INF] 【直播间】23357926 的第 24 个心跳包发送成功
[02:32:28 INF] 【直播间】23040372 的第 24 个心跳包发送成功
[02:32:30 INF] 【直播间】31494 的第 24 个心跳包发送成功
[02:32:31 INF] 【直播间】4015781 的第 24 个心跳包发送成功
[02:32:32 INF] 【直播间】9619073 的第 24 个心跳包发送成功
[02:32:33 INF] 【直播间】407149 的第 24 个心跳包发送成功
[02:33:34 INF] 【直播间】23357926 的第 25 个心跳包发送成功
[02:33:35 INF] 【直播间】23040372 的第 25 个心跳包发送成功
[02:33:36 INF] 【直播间】31494 的第 25 个心跳包发送成功
[02:33:37 INF] 【直播间】4015781 的第 25 个心跳包发送成功
[02:33:39 INF] 【直播间】9619073 的第 25 个心跳包发送成功
[02:33:40 INF] 【直播间】407149 的第 25 个心跳包发送成功
[02:34:40 INF] 【直播间】23357926 的第 26 个心跳包发送成功
[02:34:41 INF] 【直播间】23040372 的第 26 个心跳包发送成功
[02:34:43 INF] 【直播间】31494 的第 26 个心跳包发送成功
[02:34:44 INF] 【直播间】4015781 的第 26 个心跳包发送成功
[02:34:45 INF] 【直播间】9619073 的第 26 个心跳包发送成功
[02:34:46 INF] 【直播间】407149 的第 26 个心跳包发送成功
[02:35:47 INF] 【直播间】23357926 的第 27 个心跳包发送成功
[02:35:48 INF] 【直播间】23040372 的第 27 个心跳包发送成功
[02:35:49 INF] 【直播间】31494 的第 27 个心跳包发送成功
[02:35:51 INF] 【直播间】4015781 的第 27 个心跳包发送成功
[02:35:52 INF] 【直播间】9619073 的第 27 个心跳包发送成功
[02:35:53 INF] 【直播间】407149 的第 27 个心跳包发送成功
[02:36:53 ERR] 【心跳包】直播间 23357926 发送失败
[02:36:53 ERR] 【原因】time check failed
[02:36:55 ERR] 【心跳包】直播间 23040372 发送失败
[02:36:55 ERR] 【原因】time check failed
[02:36:56 ERR] 【心跳包】直播间 31494 发送失败
[02:36:56 ERR] 【原因】time check failed
[02:36:57 ERR] 【心跳包】直播间 4015781 发送失败
[02:36:57 ERR] 【原因】time check failed
[02:36:59 ERR] 【心跳包】直播间 9619073 发送失败
[02:36:59 ERR] 【原因】time check failed
[02:37:00 ERR] 【心跳包】直播间 407149 发送失败
[02:37:00 ERR] 【原因】time check failed
[02:38:00 INF] 【直播间】23357926 的第 28 个心跳包发送成功
[02:38:01 INF] 【直播间】23040372 的第 28 个心跳包发送成功
[02:38:03 INF] 【直播间】31494 的第 28 个心跳包发送成功
[02:38:04 INF] 【直播间】4015781 的第 28 个心跳包发送成功
[02:38:05 INF] 【直播间】9619073 的第 28 个心跳包发送成功
[02:38:06 INF] 【直播间】407149 的第 28 个心跳包发送成功
[02:39:07 INF] 【直播间】23357926 的第 29 个心跳包发送成功
[02:39:08 INF] 【直播间】23040372 的第 29 个心跳包发送成功
[02:39:09 INF] 【直播间】31494 的第 29 个心跳包发送成功
[02:39:10 INF] 【直播间】4015781 的第 29 个心跳包发送成功
[02:39:12 INF] 【直播间】9619073 的第 29 个心跳包发送成功
[02:39:13 INF] 【直播间】407149 的第 29 个心跳包发送成功
[02:40:13 INF] 【直播间】23357926 的第 30 个心跳包发送成功
[02:40:15 INF] 【直播间】23040372 的第 30 个心跳包发送成功
[02:40:16 INF] 【直播间】31494 的第 30 个心跳包发送成功
[02:40:17 INF] 【直播间】4015781 的第 30 个心跳包发送成功
[02:40:19 INF] 【直播间】9619073 的第 30 个心跳包发送成功
[02:40:20 INF] 【直播间】407149 的第 30 个心跳包发送成功
[02:41:20 INF] 【直播间】23357926 的第 31 个心跳包发送成功
[02:41:21 INF] 【直播间】23040372 的第 31 个心跳包发送成功
[02:41:23 INF] 【直播间】31494 的第 31 个心跳包发送成功
[02:41:24 INF] 【直播间】4015781 的第 31 个心跳包发送成功
[02:41:25 INF] 【直播间】9619073 的第 31 个心跳包发送成功
[02:41:26 INF] 【直播间】407149 的第 31 个心跳包发送成功
[02:42:27 INF] 【直播间】23357926 的第 32 个心跳包发送成功
[02:42:28 INF] 【直播间】23040372 的第 32 个心跳包发送成功
[02:42:30 INF] 【直播间】31494 的第 32 个心跳包发送成功
[02:42:31 INF] 【直播间】4015781 的第 32 个心跳包发送成功
[02:42:32 INF] 【直播间】9619073 的第 32 个心跳包发送成功
[02:42:34 INF] 【直播间】407149 的第 32 个心跳包发送成功
[02:43:34 INF] 【直播间】23357926 的第 33 个心跳包发送成功
[02:43:35 INF] 【直播间】23040372 的第 33 个心跳包发送成功
[02:43:36 INF] 【直播间】31494 的第 33 个心跳包发送成功
[02:43:37 INF] 【直播间】4015781 的第 33 个心跳包发送成功
[02:43:39 INF] 【直播间】9619073 的第 33 个心跳包发送成功
[02:43:40 INF] 【直播间】407149 的第 33 个心跳包发送成功
[02:44:40 INF] 【直播间】23357926 的第 34 个心跳包发送成功
[02:44:42 INF] 【直播间】23040372 的第 34 个心跳包发送成功
[02:44:43 INF] 【直播间】31494 的第 34 个心跳包发送成功
[02:44:44 INF] 【直播间】4015781 的第 34 个心跳包发送成功
[02:44:45 INF] 【直播间】9619073 的第 34 个心跳包发送成功
[02:44:47 INF] 【直播间】407149 的第 34 个心跳包发送成功
[02:45:47 INF] 【直播间】23357926 的第 35 个心跳包发送成功
[02:45:48 INF] 【直播间】23040372 的第 35 个心跳包发送成功
[02:45:49 INF] 【直播间】31494 的第 35 个心跳包发送成功
[02:45:50 INF] 【直播间】4015781 的第 35 个心跳包发送成功
[02:45:52 INF] 【直播间】9619073 的第 35 个心跳包发送成功
[02:45:53 INF] 【直播间】407149 的第 35 个心跳包发送成功
[02:46:54 INF] 【直播间】23357926 的第 36 个心跳包发送成功
[02:46:55 INF] 【直播间】23040372 的第 36 个心跳包发送成功
[02:46:56 INF] 【直播间】31494 的第 36 个心跳包发送成功
[02:46:57 INF] 【直播间】4015781 的第 36 个心跳包发送成功
[02:46:59 INF] 【直播间】9619073 的第 36 个心跳包发送成功
[02:47:00 INF] 【直播间】407149 的第 36 个心跳包发送成功
[02:48:00 INF] 【直播间】23357926 的第 37 个心跳包发送成功
[02:48:01 INF] 【直播间】23040372 的第 37 个心跳包发送成功
[02:48:02 INF] 【直播间】31494 的第 37 个心跳包发送成功
[02:48:04 INF] 【直播间】4015781 的第 37 个心跳包发送成功
[02:48:05 INF] 【直播间】9619073 的第 37 个心跳包发送成功
[02:48:06 INF] 【直播间】407149 的第 37 个心跳包发送成功
[02:49:07 INF] 【直播间】23357926 的第 38 个心跳包发送成功
[02:49:08 INF] 【直播间】23040372 的第 38 个心跳包发送成功
[02:49:09 INF] 【直播间】31494 的第 38 个心跳包发送成功
[02:49:10 INF] 【直播间】4015781 的第 38 个心跳包发送成功
[02:49:12 INF] 【直播间】9619073 的第 38 个心跳包发送成功
[02:49:13 INF] 【直播间】407149 的第 38 个心跳包发送成功
[02:50:13 INF] 【直播间】23357926 的第 39 个心跳包发送成功
[02:50:15 INF] 【直播间】23040372 的第 39 个心跳包发送成功
[02:50:16 INF] 【直播间】31494 的第 39 个心跳包发送成功
[02:50:17 INF] 【直播间】4015781 的第 39 个心跳包发送成功
[02:50:18 INF] 【直播间】9619073 的第 39 个心跳包发送成功
[02:50:20 INF] 【直播间】407149 的第 39 个心跳包发送成功
[02:51:20 INF] 【直播间】23357926 的第 40 个心跳包发送成功
[02:51:21 INF] 【直播间】23040372 的第 40 个心跳包发送成功
[02:51:22 INF] 【直播间】31494 的第 40 个心跳包发送成功
[02:51:24 INF] 【直播间】4015781 的第 40 个心跳包发送成功
[02:51:25 INF] 【直播间】9619073 的第 40 个心跳包发送成功
[02:51:26 INF] 【直播间】407149 的第 40 个心跳包发送成功
[02:52:27 ERR] 【心跳包】直播间 23357926 发送失败
[02:52:27 ERR] 【原因】time check failed
[02:52:28 ERR] 【心跳包】直播间 23040372 发送失败
[02:52:28 ERR] 【原因】time check failed
[02:52:29 ERR] 【心跳包】直播间 31494 发送失败
[02:52:29 ERR] 【原因】time check failed
[02:52:30 ERR] 【心跳包】直播间 4015781 发送失败
[02:52:30 ERR] 【原因】time check failed
[02:52:31 ERR] 【心跳包】直播间 9619073 发送失败
[02:52:31 ERR] 【原因】time check failed
[02:52:33 ERR] 【心跳包】直播间 407149 发送失败
[02:52:33 ERR] 【原因】time check failed
[02:53:34 INF] 【直播间】23357926 的第 41 个心跳包发送成功
[02:53:35 INF] 【直播间】23040372 的第 41 个心跳包发送成功
[02:53:36 INF] 【直播间】31494 的第 41 个心跳包发送成功
[02:53:37 INF] 【直播间】4015781 的第 41 个心跳包发送成功
[02:53:39 INF] 【直播间】9619073 的第 41 个心跳包发送成功
[02:53:40 INF] 【直播间】407149 的第 41 个心跳包发送成功
[02:54:40 INF] 【直播间】23357926 的第 42 个心跳包发送成功
[02:54:41 INF] 【直播间】23040372 的第 42 个心跳包发送成功
[02:54:43 INF] 【直播间】31494 的第 42 个心跳包发送成功
[02:54:44 INF] 【直播间】4015781 的第 42 个心跳包发送成功
[02:54:45 INF] 【直播间】9619073 的第 42 个心跳包发送成功
[02:54:46 INF] 【直播间】407149 的第 42 个心跳包发送成功
[02:55:47 INF] 【直播间】23357926 的第 43 个心跳包发送成功
[02:55:48 INF] 【直播间】23040372 的第 43 个心跳包发送成功
[02:55:49 INF] 【直播间】31494 的第 43 个心跳包发送成功
[02:55:50 INF] 【直播间】4015781 的第 43 个心跳包发送成功
[02:55:52 INF] 【直播间】9619073 的第 43 个心跳包发送成功
[02:55:53 INF] 【直播间】407149 的第 43 个心跳包发送成功
[02:56:53 INF] 【直播间】23357926 的第 44 个心跳包发送成功
[02:56:54 INF] 【直播间】23040372 的第 44 个心跳包发送成功
[02:56:56 INF] 【直播间】31494 的第 44 个心跳包发送成功
[02:56:57 INF] 【直播间】4015781 的第 44 个心跳包发送成功
[02:56:58 INF] 【直播间】9619073 的第 44 个心跳包发送成功
[02:56:59 INF] 【直播间】407149 的第 44 个心跳包发送成功
[02:58:00 INF] 【直播间】23357926 的第 45 个心跳包发送成功
[02:58:01 INF] 【直播间】23040372 的第 45 个心跳包发送成功
[02:58:02 INF] 【直播间】31494 的第 45 个心跳包发送成功
[02:58:04 INF] 【直播间】4015781 的第 45 个心跳包发送成功
[02:58:05 INF] 【直播间】9619073 的第 45 个心跳包发送成功
[02:58:06 INF] 【直播间】407149 的第 45 个心跳包发送成功
[02:59:07 INF] 【直播间】23357926 的第 46 个心跳包发送成功
[02:59:08 INF] 【直播间】23040372 的第 46 个心跳包发送成功
[02:59:09 INF] 【直播间】31494 的第 46 个心跳包发送成功
[02:59:10 INF] 【直播间】4015781 的第 46 个心跳包发送成功
[02:59:12 INF] 【直播间】9619073 的第 46 个心跳包发送成功
[02:59:13 INF] 【直播间】407149 的第 46 个心跳包发送成功
[03:00:13 INF] 【直播间】23357926 的第 47 个心跳包发送成功
[03:00:14 INF] 【直播间】23040372 的第 47 个心跳包发送成功
[03:00:16 INF] 【直播间】31494 的第 47 个心跳包发送成功
[03:00:17 INF] 【直播间】4015781 的第 47 个心跳包发送成功
[03:00:18 INF] 【直播间】9619073 的第 47 个心跳包发送成功
[03:00:19 INF] 【直播间】407149 的第 47 个心跳包发送成功
[03:01:20 INF] 【直播间】23357926 的第 48 个心跳包发送成功
[03:01:21 INF] 【直播间】23040372 的第 48 个心跳包发送成功
[03:01:22 INF] 【直播间】31494 的第 48 个心跳包发送成功
[03:01:23 INF] 【直播间】4015781 的第 48 个心跳包发送成功
[03:01:25 INF] 【直播间】9619073 的第 48 个心跳包发送成功
[03:01:26 INF] 【直播间】407149 的第 48 个心跳包发送成功
[03:02:26 INF] 【直播间】23357926 的第 49 个心跳包发送成功
[03:02:28 INF] 【直播间】23040372 的第 49 个心跳包发送成功
[03:02:29 INF] 【直播间】31494 的第 49 个心跳包发送成功
[03:02:30 INF] 【直播间】4015781 的第 49 个心跳包发送成功
[03:02:31 INF] 【直播间】9619073 的第 49 个心跳包发送成功
[03:02:33 INF] 【直播间】407149 的第 49 个心跳包发送成功
[03:03:33 INF] 【直播间】23357926 的第 50 个心跳包发送成功
[03:03:34 INF] 【直播间】23040372 的第 50 个心跳包发送成功
[03:03:36 INF] 【直播间】31494 的第 50 个心跳包发送成功
[03:03:37 INF] 【直播间】4015781 的第 50 个心跳包发送成功
[03:03:38 INF] 【直播间】9619073 的第 50 个心跳包发送成功
[03:03:39 INF] 【直播间】407149 的第 50 个心跳包发送成功
[03:04:40 INF] 【直播间】23357926 的第 51 个心跳包发送成功
[03:04:41 INF] 【直播间】23040372 的第 51 个心跳包发送成功
[03:04:42 INF] 【直播间】31494 的第 51 个心跳包发送成功
[03:04:44 INF] 【直播间】4015781 的第 51 个心跳包发送成功
[03:04:45 INF] 【直播间】9619073 的第 51 个心跳包发送成功
[03:04:46 INF] 【直播间】407149 的第 51 个心跳包发送成功
[03:05:46 INF] 【直播间】23357926 的第 52 个心跳包发送成功
[03:05:48 INF] 【直播间】23040372 的第 52 个心跳包发送成功
[03:05:49 INF] 【直播间】31494 的第 52 个心跳包发送成功
[03:05:50 INF] 【直播间】4015781 的第 52 个心跳包发送成功
[03:05:52 INF] 【直播间】9619073 的第 52 个心跳包发送成功
[03:05:53 INF] 【直播间】407149 的第 52 个心跳包发送成功
[03:06:53 INF] 【直播间】23357926 的第 53 个心跳包发送成功
[03:06:54 INF] 【直播间】23040372 的第 53 个心跳包发送成功
[03:06:56 INF] 【直播间】31494 的第 53 个心跳包发送成功
[03:06:57 INF] 【直播间】4015781 的第 53 个心跳包发送成功
[03:06:58 INF] 【直播间】9619073 的第 53 个心跳包发送成功
[03:06:59 INF] 【直播间】407149 的第 53 个心跳包发送成功
[03:08:00 ERR] 【心跳包】直播间 23357926 发送失败
[03:08:00 ERR] 【原因】time check failed
[03:08:01 ERR] 【心跳包】直播间 23040372 发送失败
[03:08:01 ERR] 【原因】time check failed
[03:08:02 ERR] 【心跳包】直播间 31494 发送失败
[03:08:02 ERR] 【原因】time check failed
[03:08:03 ERR] 【心跳包】直播间 4015781 发送失败
[03:08:03 ERR] 【原因】time check failed
[03:08:05 ERR] 【心跳包】直播间 9619073 发送失败
[03:08:05 ERR] 【原因】time check failed
[03:08:06 ERR] 【心跳包】直播间 407149 发送失败
[03:08:06 ERR] 【原因】time check failed
[03:09:06 INF] 【直播间】23357926 的第 54 个心跳包发送成功
[03:09:08 INF] 【直播间】23040372 的第 54 个心跳包发送成功
[03:09:09 INF] 【直播间】31494 的第 54 个心跳包发送成功
[03:09:10 INF] 【直播间】4015781 的第 54 个心跳包发送成功
[03:09:11 INF] 【直播间】9619073 的第 54 个心跳包发送成功
[03:09:13 INF] 【直播间】407149 的第 54 个心跳包发送成功
[03:10:14 INF] 【直播间】23357926 的第 55 个心跳包发送成功
[03:10:15 INF] 【直播间】23040372 的第 55 个心跳包发送成功
[03:10:16 INF] 【直播间】31494 的第 55 个心跳包发送成功
[03:10:17 INF] 【直播间】4015781 的第 55 个心跳包发送成功
[03:10:19 INF] 【直播间】9619073 的第 55 个心跳包发送成功
[03:10:20 INF] 【直播间】407149 的第 55 个心跳包发送成功
[03:11:20 INF] 【直播间】23357926 的第 56 个心跳包发送成功
[03:11:21 INF] 【直播间】23040372 的第 56 个心跳包发送成功
[03:11:23 INF] 【直播间】31494 的第 56 个心跳包发送成功
[03:11:24 INF] 【直播间】4015781 的第 56 个心跳包发送成功
[03:11:25 INF] 【直播间】9619073 的第 56 个心跳包发送成功
[03:11:26 INF] 【直播间】407149 的第 56 个心跳包发送成功
[03:12:27 INF] 【直播间】23357926 的第 57 个心跳包发送成功
[03:12:28 INF] 【直播间】23040372 的第 57 个心跳包发送成功
[03:12:29 INF] 【直播间】31494 的第 57 个心跳包发送成功
[03:12:30 INF] 【直播间】4015781 的第 57 个心跳包发送成功
[03:12:31 INF] 【直播间】9619073 的第 57 个心跳包发送成功
[03:12:33 INF] 【直播间】407149 的第 57 个心跳包发送成功
[03:13:33 INF] 【直播间】23357926 的第 58 个心跳包发送成功
[03:13:34 INF] 【直播间】23040372 的第 58 个心跳包发送成功
[03:13:35 INF] 【直播间】31494 的第 58 个心跳包发送成功
[03:13:37 INF] 【直播间】4015781 的第 58 个心跳包发送成功
[03:13:38 INF] 【直播间】9619073 的第 58 个心跳包发送成功
[03:13:39 INF] 【直播间】407149 的第 58 个心跳包发送成功
[03:14:40 INF] 【直播间】23357926 的第 59 个心跳包发送成功
[03:14:41 INF] 【直播间】23040372 的第 59 个心跳包发送成功
[03:14:42 INF] 【直播间】31494 的第 59 个心跳包发送成功
[03:14:43 INF] 【直播间】4015781 的第 59 个心跳包发送成功
[03:14:45 INF] 【直播间】9619073 的第 59 个心跳包发送成功
[03:14:46 INF] 【直播间】407149 的第 59 个心跳包发送成功
[03:15:47 INF] 【直播间】23357926 的第 60 个心跳包发送成功
[03:15:48 INF] 【直播间】23040372 的第 60 个心跳包发送成功
[03:15:49 INF] 【直播间】31494 的第 60 个心跳包发送成功
[03:15:50 INF] 【直播间】4015781 的第 60 个心跳包发送成功
[03:15:52 INF] 【直播间】9619073 的第 60 个心跳包发送成功
[03:15:53 INF] 【直播间】407149 的第 60 个心跳包发送成功
[03:16:53 INF] 【直播间】23357926 的第 61 个心跳包发送成功
[03:16:54 INF] 【直播间】23040372 的第 61 个心跳包发送成功
[03:16:56 INF] 【直播间】31494 的第 61 个心跳包发送成功
[03:16:57 INF] 【直播间】4015781 的第 61 个心跳包发送成功
[03:16:58 INF] 【直播间】9619073 的第 61 个心跳包发送成功
[03:16:59 INF] 【直播间】407149 的第 61 个心跳包发送成功
[03:18:00 INF] 【直播间】23357926 的第 62 个心跳包发送成功
[03:18:01 INF] 【直播间】23040372 的第 62 个心跳包发送成功
[03:18:02 INF] 【直播间】31494 的第 62 个心跳包发送成功
[03:18:04 INF] 【直播间】4015781 的第 62 个心跳包发送成功
[03:18:05 INF] 【直播间】9619073 的第 62 个心跳包发送成功
[03:18:06 INF] 【直播间】407149 的第 62 个心跳包发送成功
[03:19:06 INF] 【直播间】23357926 的第 63 个心跳包发送成功
[03:19:08 INF] 【直播间】23040372 的第 63 个心跳包发送成功
[03:19:09 INF] 【直播间】31494 的第 63 个心跳包发送成功
[03:19:10 INF] 【直播间】4015781 的第 63 个心跳包发送成功
[03:19:12 INF] 【直播间】9619073 的第 63 个心跳包发送成功
[03:19:13 INF] 【直播间】407149 的第 63 个心跳包发送成功
[03:20:13 INF] 【直播间】23357926 的第 64 个心跳包发送成功
[03:20:14 INF] 【直播间】23040372 的第 64 个心跳包发送成功
[03:20:16 INF] 【直播间】31494 的第 64 个心跳包发送成功
[03:20:17 INF] 【直播间】4015781 的第 64 个心跳包发送成功
[03:20:18 INF] 【直播间】9619073 的第 64 个心跳包发送成功
[03:20:19 INF] 【直播间】407149 的第 64 个心跳包发送成功
[03:21:20 INF] 【直播间】23357926 的第 65 个心跳包发送成功
[03:21:21 INF] 【直播间】23040372 的第 65 个心跳包发送成功
[03:21:22 INF] 【直播间】31494 的第 65 个心跳包发送成功
[03:21:24 INF] 【直播间】4015781 的第 65 个心跳包发送成功
[03:21:25 INF] 【直播间】9619073 的第 65 个心跳包发送成功
[03:21:26 INF] 【直播间】407149 的第 65 个心跳包发送成功
[03:22:26 INF] 【直播间】23357926 的第 66 个心跳包发送成功
[03:22:27 INF] 【直播间】23040372 的第 66 个心跳包发送成功
[03:22:29 INF] 【直播间】31494 的第 66 个心跳包发送成功
[03:22:30 INF] 【直播间】4015781 的第 66 个心跳包发送成功
[03:22:31 INF] 【直播间】9619073 的第 66 个心跳包发送成功
[03:22:32 INF] 【直播间】407149 的第 66 个心跳包发送成功
[03:23:33 ERR] 【心跳包】直播间 23357926 发送失败
[03:23:33 ERR] 【原因】time check failed
[03:23:34 ERR] 【心跳包】直播间 23040372 发送失败
[03:23:34 ERR] 【原因】time check failed
[03:23:36 ERR] 【心跳包】直播间 31494 发送失败
[03:23:36 ERR] 【原因】time check failed
[03:23:37 ERR] 【心跳包】直播间 4015781 发送失败
[03:23:37 ERR] 【原因】time check failed
[03:23:38 ERR] 【心跳包】直播间 9619073 发送失败
[03:23:38 ERR] 【原因】time check failed
[03:23:39 ERR] 【心跳包】直播间 407149 发送失败
[03:23:39 ERR] 【原因】time check failed
[03:24:40 INF] 【直播间】23357926 的第 67 个心跳包发送成功
[03:24:41 INF] 【直播间】23040372 的第 67 个心跳包发送成功
[03:24:42 INF] 【直播间】31494 的第 67 个心跳包发送成功
[03:24:43 INF] 【直播间】4015781 的第 67 个心跳包发送成功
[03:24:45 INF] 【直播间】9619073 的第 67 个心跳包发送成功
[03:24:46 INF] 【直播间】407149 的第 67 个心跳包发送成功
[03:25:46 INF] 【直播间】23357926 的第 68 个心跳包发送成功
[03:25:47 INF] 【直播间】23040372 的第 68 个心跳包发送成功
[03:25:49 INF] 【直播间】31494 的第 68 个心跳包发送成功
[03:25:50 INF] 【直播间】4015781 的第 68 个心跳包发送成功
[03:25:51 INF] 【直播间】9619073 的第 68 个心跳包发送成功
[03:25:52 INF] 【直播间】407149 的第 68 个心跳包发送成功
[03:26:53 INF] 【直播间】23357926 的第 69 个心跳包发送成功
[03:26:54 INF] 【直播间】23040372 的第 69 个心跳包发送成功
[03:26:55 INF] 【直播间】31494 的第 69 个心跳包发送成功
[03:26:56 INF] 【直播间】4015781 的第 69 个心跳包发送成功
[03:26:58 INF] 【直播间】9619073 的第 69 个心跳包发送成功
[03:26:59 INF] 【直播间】407149 的第 69 个心跳包发送成功
[03:27:59 INF] 【直播间】23357926 的第 70 个心跳包发送成功
[03:28:00 INF] 【直播间】23040372 的第 70 个心跳包发送成功
[03:28:02 INF] 【直播间】31494 的第 70 个心跳包发送成功
[03:28:03 INF] 【直播间】4015781 的第 70 个心跳包发送成功
[03:28:04 INF] 【直播间】9619073 的第 70 个心跳包发送成功
[03:28:05 INF] 【直播间】407149 的第 70 个心跳包发送成功
[03:28:05 INF] 【直播观看时长】完成情况：6/6 
[03:28:05 INF] ---------结束---------

[03:28:05 INF] ==========结束==========

[03:28:05 INF] ######### 账号 3 #########

[03:28:05 INF] =====开始 直播间互动 =====

[03:28:05 INF] ---开始 发送弹幕 ---
[03:28:05 INF] 检测到直播 Cookie 未正确配置，尝试自动配置中...
[03:28:13 INF] 直播 Cookie 配置成功！
[03:28:13 INF] 【获取直播列表】获取拥有粉丝牌的直播列表
[03:28:19 INF] 【主播】苏打baka 
[03:28:36 INF] 【直播间】苏打baka
[03:28:36 INF] 【粉丝牌】碳酸钠
[03:28:36 INF] 正在发送弹幕...
[03:28:43 INF] -------结束-------

[03:28:43 INF] ---开始 点赞直播间 ---
[03:28:43 INF] 【获取直播列表】获取拥有粉丝牌的直播列表
[03:28:49 INF] 【主播】苏打baka 
[03:28:53 INF] 【弹幕发送】成功~，你和主播 苏打baka 的亲密值增加了100！
[03:29:05 INF] --------结束--------

[03:29:05 INF] ---开始 直播时长挂机 ---
[03:29:05 INF] 【获取直播列表】获取拥有粉丝牌的直播列表
[03:29:06 INF] 【点赞直播间】23040372 完成
[03:29:13 INF] 【主播】苏打baka 
[03:29:29 INF] 【直播间】23040372 的第 1 个心跳包发送成功
[03:30:35 INF] 【直播间】23040372 的第 2 个心跳包发送成功
[03:31:42 INF] 【直播间】23040372 的第 3 个心跳包发送成功
[03:32:49 INF] 【直播间】23040372 的第 4 个心跳包发送成功
[03:33:55 INF] 【直播间】23040372 的第 5 个心跳包发送成功
[03:35:02 INF] 【直播间】23040372 的第 6 个心跳包发送成功
[03:36:08 INF] 【直播间】23040372 的第 7 个心跳包发送成功
[03:37:15 INF] 【直播间】23040372 的第 8 个心跳包发送成功
[03:38:22 INF] 【直播间】23040372 的第 9 个心跳包发送成功
[03:39:28 INF] 【直播间】23040372 的第 10 个心跳包发送成功
[03:40:35 INF] 【直播间】23040372 的第 11 个心跳包发送成功
[03:41:41 INF] 【直播间】23040372 的第 12 个心跳包发送成功
[03:42:48 INF] 【直播间】23040372 的第 13 个心跳包发送成功
[03:43:55 INF] 【直播间】23040372 的第 14 个心跳包发送成功
[03:45:02 ERR] 【心跳包】直播间 23040372 发送失败
[03:45:02 ERR] 【原因】time check failed
[03:46:08 INF] 【直播间】23040372 的第 15 个心跳包发送成功
[03:47:15 INF] 【直播间】23040372 的第 16 个心跳包发送成功
[03:48:22 INF] 【直播间】23040372 的第 17 个心跳包发送成功
[03:49:29 INF] 【直播间】23040372 的第 18 个心跳包发送成功
[03:50:35 INF] 【直播间】23040372 的第 19 个心跳包发送成功
[03:51:42 INF] 【直播间】23040372 的第 20 个心跳包发送成功
[03:52:48 INF] 【直播间】23040372 的第 21 个心跳包发送成功
[03:53:56 INF] 【直播间】23040372 的第 22 个心跳包发送成功
[03:55:02 INF] 【直播间】23040372 的第 23 个心跳包发送成功
[03:56:09 INF] 【直播间】23040372 的第 24 个心跳包发送成功
[03:57:16 INF] 【直播间】23040372 的第 25 个心跳包发送成功
[03:58:22 INF] 【直播间】23040372 的第 26 个心跳包发送成功
[03:59:29 INF] 【直播间】23040372 的第 27 个心跳包发送成功
[04:00:36 ERR] 【心跳包】直播间 23040372 发送失败
[04:00:36 ERR] 【原因】time check failed
[04:01:42 INF] 【直播间】23040372 的第 28 个心跳包发送成功
[04:02:49 INF] 【直播间】23040372 的第 29 个心跳包发送成功
[04:03:55 INF] 【直播间】23040372 的第 30 个心跳包发送成功
[04:05:02 INF] 【直播间】23040372 的第 31 个心跳包发送成功
[04:06:09 INF] 【直播间】23040372 的第 32 个心跳包发送成功
[04:07:16 INF] 【直播间】23040372 的第 33 个心跳包发送成功
[04:08:22 INF] 【直播间】23040372 的第 34 个心跳包发送成功
[04:09:29 INF] 【直播间】23040372 的第 35 个心跳包发送成功
[04:10:36 INF] 【直播间】23040372 的第 36 个心跳包发送成功
[04:11:42 INF] 【直播间】23040372 的第 37 个心跳包发送成功
[04:12:49 INF] 【直播间】23040372 的第 38 个心跳包发送成功
[04:13:56 INF] 【直播间】23040372 的第 39 个心跳包发送成功
[04:15:03 INF] 【直播间】23040372 的第 40 个心跳包发送成功
[04:16:09 ERR] 【心跳包】直播间 23040372 发送失败
[04:16:09 ERR] 【原因】time check failed
[04:17:16 INF] 【直播间】23040372 的第 41 个心跳包发送成功
[04:18:22 INF] 【直播间】23040372 的第 42 个心跳包发送成功
[04:19:29 INF] 【直播间】23040372 的第 43 个心跳包发送成功
[04:20:36 INF] 【直播间】23040372 的第 44 个心跳包发送成功
[04:21:43 INF] 【直播间】23040372 的第 45 个心跳包发送成功
[04:22:49 INF] 【直播间】23040372 的第 46 个心跳包发送成功
[04:23:56 INF] 【直播间】23040372 的第 47 个心跳包发送成功
[04:25:02 INF] 【直播间】23040372 的第 48 个心跳包发送成功
[04:26:09 INF] 【直播间】23040372 的第 49 个心跳包发送成功
[04:27:16 INF] 【直播间】23040372 的第 50 个心跳包发送成功
[04:28:22 INF] 【直播间】23040372 的第 51 个心跳包发送成功
[04:29:29 INF] 【直播间】23040372 的第 52 个心跳包发送成功
[04:30:35 INF] 【直播间】23040372 的第 53 个心跳包发送成功
[04:31:42 ERR] 【心跳包】直播间 23040372 发送失败
[04:31:42 ERR] 【原因】time check failed
[04:32:49 INF] 【直播间】23040372 的第 54 个心跳包发送成功
[04:33:55 INF] 【直播间】23040372 的第 55 个心跳包发送成功
[04:35:02 INF] 【直播间】23040372 的第 56 个心跳包发送成功
[04:36:09 INF] 【直播间】23040372 的第 57 个心跳包发送成功
[04:37:15 INF] 【直播间】23040372 的第 58 个心跳包发送成功
[04:38:22 INF] 【直播间】23040372 的第 59 个心跳包发送成功
[04:39:29 INF] 【直播间】23040372 的第 60 个心跳包发送成功
[04:40:35 INF] 【直播间】23040372 的第 61 个心跳包发送成功
[04:41:42 INF] 【直播间】23040372 的第 62 个心跳包发送成功
[04:42:48 INF] 【直播间】23040372 的第 63 个心跳包发送成功
[04:43:55 INF] 【直播间】23040372 的第 64 个心跳包发送成功
[04:45:02 INF] 【直播间】23040372 的第 65 个心跳包发送成功
[04:46:08 INF] 【直播间】23040372 的第 66 个心跳包发送成功
[04:47:15 ERR] 【心跳包】直播间 23040372 发送失败
[04:47:15 ERR] 【原因】time check failed
[04:48:21 INF] 【直播间】23040372 的第 67 个心跳包发送成功
[04:49:28 INF] 【直播间】23040372 的第 68 个心跳包发送成功
[04:50:35 INF] 【直播间】23040372 的第 69 个心跳包发送成功
[04:51:41 INF] 【直播间】23040372 的第 70 个心跳包发送成功
[04:51:41 INF] 【直播观看时长】完成情况：1/1 
[04:51:41 INF] ---------结束---------

[04:51:41 INF] ==========结束==========

[04:51:41 INF] 

========================

 v2.0.1 开源 by https://github.com/RayWangQvQ/BiliBiliToolPro

[04:51:41 INF] ·开始推送·LiveFansMedal任务·
2023-06-27T20:51:41.8522500Z 开始推送到:自定义
2023-06-27T20:52:00.3888777Z Response status: OK.
2023-06-27T20:52:00.3889186Z Response content: {"message":"发送群组消息子通道 pushplus 失败：Post \"https://www.pushplus.plus/send\": net/http: TLS handshake timeout\n","success":false}.

[04:52:00 INF] 运行环境：Development
[04:52:00 INF] 应用目录：/home/runner/work/BiliBiliToolPro/BiliBiliToolPro/src/Ray.BiliBiliTool.Console/bin/Debug/net6.0/

[04:52:00 INF] 运行结束
