----------- ip 信息 ---------
{
  "ip": "23.102.140.180",
  "city": "San Antonio",
  "region": "Texas",
  "country": "US",
  "loc": "29.4241,-98.4936",
  "org": "AS8075 Microsoft Corporation",
  "postal": "78205",
  "timezone": "America/Chicago",
  "readme": "https://ipinfo.io/missingauth"
} ---------- end ------------
  ____               ____    _   _____           _  
 |  _ \ __ _ _   _  | __ ) _| |_|_   _|__   ___ | | 
 | |_) / _` | | | | |  _ \(_) (_) | |/ _ \ / _ \| | 
 |  _ < (_| | |_| | | |_) | | | | | | (_) | (_) | | 
 |_| \_\__,_|\__, | |____/|_|_|_| |_|\___/ \___/|_| 
             |___/                                  

[00:30:51 INF] BiliBiliToolPro 开始运行...

[00:30:51 INF] 【账号个数】3个

[00:30:51 INF] 随机休眠5分钟

[00:35:51 INF] 【目标任务】LiveFansMedal
[00:35:51 INF] ######### 账号 1 #########

[00:35:51 INF] =====开始 直播间互动 =====

[00:35:51 INF] ---开始 发送弹幕 ---
[00:35:51 INF] 检测到直播 Cookie 未正确配置，尝试自动配置中...
[00:35:57 INF] 直播 Cookie 配置成功！
[00:35:57 INF] 【获取直播列表】获取拥有粉丝牌的直播列表
[00:36:03 INF] 【主播】Mark陌枫 
[00:36:19 INF] 【主播】KL_qiqi_ 
[00:36:36 INF] 【主播】苏打baka 
[00:36:50 INF] 【直播间】Mark陌枫
[00:36:50 INF] 【粉丝牌】馬楓
[00:36:50 INF] 正在发送弹幕...
[00:36:54 INF] 【直播间】KL_qiqi_
[00:36:54 INF] 【粉丝牌】qiqisb
[00:36:54 INF] 正在发送弹幕...
[00:36:59 INF] 【直播间】苏打baka
[00:36:59 INF] 【粉丝牌】碳酸钠
[00:36:59 INF] 正在发送弹幕...
[00:37:04 INF] -------结束-------

[00:37:04 INF] ---开始 点赞直播间 ---
[00:37:04 INF] 【获取直播列表】获取拥有粉丝牌的直播列表
[00:37:06 INF] 【弹幕发送】成功~，你和主播 Mark陌枫 的亲密值增加了100！
[00:37:09 INF] 【弹幕发送】成功~，你和主播 KL_qiqi_ 的亲密值增加了100！
[00:37:10 INF] 【主播】Mark陌枫 
[00:37:14 INF] 【弹幕发送】成功~，你和主播 苏打baka 的亲密值增加了100！
[00:37:24 INF] 【主播】KL_qiqi_ 
[00:37:39 INF] 【主播】苏打baka 
[00:37:59 INF] 【点赞直播间】23357926 完成
[00:38:03 INF] 【点赞直播间】407149 完成
[00:38:07 INF] --------结束--------

[00:38:07 INF] ---开始 直播时长挂机 ---
[00:38:07 INF] 【获取直播列表】获取拥有粉丝牌的直播列表
[00:38:07 INF] 【点赞直播间】23040372 完成
[00:38:14 INF] 【主播】Mark陌枫 
[00:38:31 INF] 【主播】KL_qiqi_ 
[00:38:47 INF] 【主播】苏打baka 
[00:39:05 INF] 【直播间】23357926 的第 1 个心跳包发送成功
[00:39:06 INF] 【直播间】407149 的第 1 个心跳包发送成功
[00:39:07 INF] 【直播间】23040372 的第 1 个心跳包发送成功
[00:40:12 INF] 【直播间】23357926 的第 2 个心跳包发送成功
[00:40:13 INF] 【直播间】407149 的第 2 个心跳包发送成功
[00:40:14 INF] 【直播间】23040372 的第 2 个心跳包发送成功
[00:41:18 INF] 【直播间】23357926 的第 3 个心跳包发送成功
[00:41:19 INF] 【直播间】407149 的第 3 个心跳包发送成功
[00:41:21 INF] 【直播间】23040372 的第 3 个心跳包发送成功
[00:42:25 INF] 【直播间】23357926 的第 4 个心跳包发送成功
[00:42:26 INF] 【直播间】407149 的第 4 个心跳包发送成功
[00:42:27 INF] 【直播间】23040372 的第 4 个心跳包发送成功
[00:43:31 INF] 【直播间】23357926 的第 5 个心跳包发送成功
[00:43:32 INF] 【直播间】407149 的第 5 个心跳包发送成功
[00:43:33 INF] 【直播间】23040372 的第 5 个心跳包发送成功
[00:44:37 INF] 【直播间】23357926 的第 6 个心跳包发送成功
[00:44:39 INF] 【直播间】407149 的第 6 个心跳包发送成功
[00:44:40 INF] 【直播间】23040372 的第 6 个心跳包发送成功
[00:45:44 INF] 【直播间】23357926 的第 7 个心跳包发送成功
[00:45:45 INF] 【直播间】407149 的第 7 个心跳包发送成功
[00:45:46 INF] 【直播间】23040372 的第 7 个心跳包发送成功
[00:46:51 INF] 【直播间】23357926 的第 8 个心跳包发送成功
[00:46:52 INF] 【直播间】407149 的第 8 个心跳包发送成功
[00:46:53 INF] 【直播间】23040372 的第 8 个心跳包发送成功
[00:47:57 INF] 【直播间】23357926 的第 9 个心跳包发送成功
[00:47:58 INF] 【直播间】407149 的第 9 个心跳包发送成功
[00:48:00 INF] 【直播间】23040372 的第 9 个心跳包发送成功
[00:49:03 INF] 【直播间】23357926 的第 10 个心跳包发送成功
[00:49:05 INF] 【直播间】407149 的第 10 个心跳包发送成功
[00:49:06 INF] 【直播间】23040372 的第 10 个心跳包发送成功
[00:50:10 INF] 【直播间】23357926 的第 11 个心跳包发送成功
[00:50:11 INF] 【直播间】407149 的第 11 个心跳包发送成功
[00:50:12 INF] 【直播间】23040372 的第 11 个心跳包发送成功
[00:51:16 INF] 【直播间】23357926 的第 12 个心跳包发送成功
[00:51:17 INF] 【直播间】407149 的第 12 个心跳包发送成功
[00:51:19 INF] 【直播间】23040372 的第 12 个心跳包发送成功
[00:52:23 INF] 【直播间】23357926 的第 13 个心跳包发送成功
[00:52:24 INF] 【直播间】407149 的第 13 个心跳包发送成功
[00:52:25 INF] 【直播间】23040372 的第 13 个心跳包发送成功
[00:53:29 INF] 【直播间】23357926 的第 14 个心跳包发送成功
[00:53:30 INF] 【直播间】407149 的第 14 个心跳包发送成功
[00:53:32 INF] 【直播间】23040372 的第 14 个心跳包发送成功
[00:54:36 INF] 【直播间】23357926 的第 15 个心跳包发送成功
[00:54:37 ERR] 【心跳包】直播间 407149 发送失败
[00:54:37 ERR] 【原因】time check failed
[00:54:38 ERR] 【心跳包】直播间 23040372 发送失败
[00:54:38 ERR] 【原因】time check failed
[00:55:42 ERR] 【心跳包】直播间 23357926 发送失败
[00:55:42 ERR] 【原因】time check failed
[00:55:43 INF] 【直播间】407149 的第 15 个心跳包发送成功
[00:55:45 INF] 【直播间】23040372 的第 15 个心跳包发送成功
[00:56:48 INF] 【直播间】23357926 的第 16 个心跳包发送成功
[00:56:50 INF] 【直播间】407149 的第 16 个心跳包发送成功
[00:56:51 INF] 【直播间】23040372 的第 16 个心跳包发送成功
[00:57:55 INF] 【直播间】23357926 的第 17 个心跳包发送成功
[00:57:56 INF] 【直播间】407149 的第 17 个心跳包发送成功
[00:57:57 INF] 【直播间】23040372 的第 17 个心跳包发送成功
[00:59:01 INF] 【直播间】23357926 的第 18 个心跳包发送成功
[00:59:03 INF] 【直播间】407149 的第 18 个心跳包发送成功
[00:59:04 INF] 【直播间】23040372 的第 18 个心跳包发送成功
[01:00:08 INF] 【直播间】23357926 的第 19 个心跳包发送成功
[01:00:09 INF] 【直播间】407149 的第 19 个心跳包发送成功
[01:00:10 INF] 【直播间】23040372 的第 19 个心跳包发送成功
[01:01:14 INF] 【直播间】23357926 的第 20 个心跳包发送成功
[01:01:16 INF] 【直播间】407149 的第 20 个心跳包发送成功
[01:01:17 INF] 【直播间】23040372 的第 20 个心跳包发送成功
[01:02:21 INF] 【直播间】23357926 的第 21 个心跳包发送成功
[01:02:22 INF] 【直播间】407149 的第 21 个心跳包发送成功
[01:02:23 INF] 【直播间】23040372 的第 21 个心跳包发送成功
[01:03:27 INF] 【直播间】23357926 的第 22 个心跳包发送成功
[01:03:28 INF] 【直播间】407149 的第 22 个心跳包发送成功
[01:03:30 INF] 【直播间】23040372 的第 22 个心跳包发送成功
[01:04:34 INF] 【直播间】23357926 的第 23 个心跳包发送成功
[01:04:35 INF] 【直播间】407149 的第 23 个心跳包发送成功
[01:04:36 INF] 【直播间】23040372 的第 23 个心跳包发送成功
[01:05:40 INF] 【直播间】23357926 的第 24 个心跳包发送成功
[01:05:41 INF] 【直播间】407149 的第 24 个心跳包发送成功
[01:05:42 INF] 【直播间】23040372 的第 24 个心跳包发送成功
[01:06:47 INF] 【直播间】23357926 的第 25 个心跳包发送成功
[01:06:48 INF] 【直播间】407149 的第 25 个心跳包发送成功
[01:06:49 INF] 【直播间】23040372 的第 25 个心跳包发送成功
[01:07:53 INF] 【直播间】23357926 的第 26 个心跳包发送成功
[01:07:54 INF] 【直播间】407149 的第 26 个心跳包发送成功
[01:07:56 INF] 【直播间】23040372 的第 26 个心跳包发送成功
[01:09:00 INF] 【直播间】23357926 的第 27 个心跳包发送成功
[01:09:01 INF] 【直播间】407149 的第 27 个心跳包发送成功
[01:09:02 INF] 【直播间】23040372 的第 27 个心跳包发送成功
[01:10:06 INF] 【直播间】23357926 的第 28 个心跳包发送成功
[01:10:07 INF] 【直播间】407149 的第 28 个心跳包发送成功
[01:10:09 INF] 【直播间】23040372 的第 28 个心跳包发送成功
[01:11:13 ERR] 【心跳包】直播间 23357926 发送失败
[01:11:13 ERR] 【原因】time check failed
[01:11:14 ERR] 【心跳包】直播间 407149 发送失败
[01:11:14 ERR] 【原因】time check failed
[01:11:16 ERR] 【心跳包】直播间 23040372 发送失败
[01:11:16 ERR] 【原因】time check failed
[01:12:19 INF] 【直播间】23357926 的第 29 个心跳包发送成功
[01:12:20 INF] 【直播间】407149 的第 29 个心跳包发送成功
[01:12:22 INF] 【直播间】23040372 的第 29 个心跳包发送成功
[01:13:26 INF] 【直播间】23357926 的第 30 个心跳包发送成功
[01:13:27 INF] 【直播间】407149 的第 30 个心跳包发送成功
[01:13:28 INF] 【直播间】23040372 的第 30 个心跳包发送成功
[01:14:32 INF] 【直播间】23357926 的第 31 个心跳包发送成功
[01:14:33 INF] 【直播间】407149 的第 31 个心跳包发送成功
[01:14:35 INF] 【直播间】23040372 的第 31 个心跳包发送成功
[01:15:38 INF] 【直播间】23357926 的第 32 个心跳包发送成功
[01:15:40 INF] 【直播间】407149 的第 32 个心跳包发送成功
[01:15:41 INF] 【直播间】23040372 的第 32 个心跳包发送成功
[01:16:45 INF] 【直播间】23357926 的第 33 个心跳包发送成功
[01:16:46 INF] 【直播间】407149 的第 33 个心跳包发送成功
[01:16:47 INF] 【直播间】23040372 的第 33 个心跳包发送成功
[01:17:51 INF] 【直播间】23357926 的第 34 个心跳包发送成功
[01:17:53 INF] 【直播间】407149 的第 34 个心跳包发送成功
[01:17:54 INF] 【直播间】23040372 的第 34 个心跳包发送成功
[01:18:58 INF] 【直播间】23357926 的第 35 个心跳包发送成功
[01:18:59 INF] 【直播间】407149 的第 35 个心跳包发送成功
[01:19:00 INF] 【直播间】23040372 的第 35 个心跳包发送成功
[01:20:04 INF] 【直播间】23357926 的第 36 个心跳包发送成功
[01:20:06 INF] 【直播间】407149 的第 36 个心跳包发送成功
[01:20:07 INF] 【直播间】23040372 的第 36 个心跳包发送成功
[01:21:11 INF] 【直播间】23357926 的第 37 个心跳包发送成功
[01:21:12 INF] 【直播间】407149 的第 37 个心跳包发送成功
[01:21:14 INF] 【直播间】23040372 的第 37 个心跳包发送成功
[01:22:17 INF] 【直播间】23357926 的第 38 个心跳包发送成功
[01:22:19 INF] 【直播间】407149 的第 38 个心跳包发送成功
[01:22:20 INF] 【直播间】23040372 的第 38 个心跳包发送成功
[01:23:24 INF] 【直播间】23357926 的第 39 个心跳包发送成功
[01:23:25 INF] 【直播间】407149 的第 39 个心跳包发送成功
[01:23:26 INF] 【直播间】23040372 的第 39 个心跳包发送成功
[01:24:30 INF] 【直播间】23357926 的第 40 个心跳包发送成功
[01:24:32 INF] 【直播间】407149 的第 40 个心跳包发送成功
[01:24:33 INF] 【直播间】23040372 的第 40 个心跳包发送成功
[01:25:37 INF] 【直播间】23357926 的第 41 个心跳包发送成功
[01:25:38 INF] 【直播间】407149 的第 41 个心跳包发送成功
[01:25:40 INF] 【直播间】23040372 的第 41 个心跳包发送成功
[01:26:43 INF] 【直播间】23357926 的第 42 个心跳包发送成功
[01:26:45 ERR] 【心跳包】直播间 407149 发送失败
[01:26:45 ERR] 【原因】time check failed
[01:26:46 ERR] 【心跳包】直播间 23040372 发送失败
[01:26:46 ERR] 【原因】time check failed
[01:27:50 ERR] 【心跳包】直播间 23357926 发送失败
[01:27:50 ERR] 【原因】time check failed
[01:27:51 INF] 【直播间】407149 的第 42 个心跳包发送成功
[01:27:52 INF] 【直播间】23040372 的第 42 个心跳包发送成功
[01:28:56 INF] 【直播间】23357926 的第 43 个心跳包发送成功
[01:28:58 INF] 【直播间】407149 的第 43 个心跳包发送成功
[01:28:59 INF] 【直播间】23040372 的第 43 个心跳包发送成功
[01:30:03 INF] 【直播间】23357926 的第 44 个心跳包发送成功
[01:30:04 INF] 【直播间】407149 的第 44 个心跳包发送成功
[01:30:05 INF] 【直播间】23040372 的第 44 个心跳包发送成功
[01:31:09 INF] 【直播间】23357926 的第 45 个心跳包发送成功
[01:31:11 INF] 【直播间】407149 的第 45 个心跳包发送成功
[01:31:12 INF] 【直播间】23040372 的第 45 个心跳包发送成功
[01:32:16 INF] 【直播间】23357926 的第 46 个心跳包发送成功
[01:32:17 INF] 【直播间】407149 的第 46 个心跳包发送成功
[01:32:18 INF] 【直播间】23040372 的第 46 个心跳包发送成功
[01:33:22 INF] 【直播间】23357926 的第 47 个心跳包发送成功
[01:33:23 INF] 【直播间】407149 的第 47 个心跳包发送成功
[01:33:25 INF] 【直播间】23040372 的第 47 个心跳包发送成功
[01:34:29 INF] 【直播间】23357926 的第 48 个心跳包发送成功
[01:34:30 INF] 【直播间】407149 的第 48 个心跳包发送成功
[01:34:31 INF] 【直播间】23040372 的第 48 个心跳包发送成功
[01:35:35 INF] 【直播间】23357926 的第 49 个心跳包发送成功
[01:35:36 INF] 【直播间】407149 的第 49 个心跳包发送成功
[01:35:37 INF] 【直播间】23040372 的第 49 个心跳包发送成功
[01:36:42 INF] 【直播间】23357926 的第 50 个心跳包发送成功
[01:36:43 INF] 【直播间】407149 的第 50 个心跳包发送成功
[01:36:44 INF] 【直播间】23040372 的第 50 个心跳包发送成功
[01:37:48 INF] 【直播间】23357926 的第 51 个心跳包发送成功
[01:37:49 INF] 【直播间】407149 的第 51 个心跳包发送成功
[01:37:51 INF] 【直播间】23040372 的第 51 个心跳包发送成功
[01:38:55 INF] 【直播间】23357926 的第 52 个心跳包发送成功
[01:38:56 INF] 【直播间】407149 的第 52 个心跳包发送成功
[01:38:57 INF] 【直播间】23040372 的第 52 个心跳包发送成功
[01:40:01 INF] 【直播间】23357926 的第 53 个心跳包发送成功
[01:40:02 INF] 【直播间】407149 的第 53 个心跳包发送成功
[01:40:04 INF] 【直播间】23040372 的第 53 个心跳包发送成功
[01:41:08 INF] 【直播间】23357926 的第 54 个心跳包发送成功
[01:41:09 INF] 【直播间】407149 的第 54 个心跳包发送成功
[01:41:10 INF] 【直播间】23040372 的第 54 个心跳包发送成功
[01:42:14 INF] 【直播间】23357926 的第 55 个心跳包发送成功
[01:42:15 INF] 【直播间】407149 的第 55 个心跳包发送成功
[01:42:17 INF] 【直播间】23040372 的第 55 个心跳包发送成功
[01:43:21 INF] 【直播间】23357926 的第 56 个心跳包发送成功
[01:43:22 ERR] 【心跳包】直播间 407149 发送失败
[01:43:22 ERR] 【原因】time check failed
[01:43:23 ERR] 【心跳包】直播间 23040372 发送失败
[01:43:23 ERR] 【原因】time check failed
[01:44:27 ERR] 【心跳包】直播间 23357926 发送失败
[01:44:27 ERR] 【原因】time check failed
[01:44:28 INF] 【直播间】407149 的第 56 个心跳包发送成功
[01:44:29 INF] 【直播间】23040372 的第 56 个心跳包发送成功
[01:45:33 INF] 【直播间】23357926 的第 57 个心跳包发送成功
[01:45:35 INF] 【直播间】407149 的第 57 个心跳包发送成功
[01:45:36 INF] 【直播间】23040372 的第 57 个心跳包发送成功
[01:46:40 INF] 【直播间】23357926 的第 58 个心跳包发送成功
[01:46:41 INF] 【直播间】407149 的第 58 个心跳包发送成功
[01:46:43 INF] 【直播间】23040372 的第 58 个心跳包发送成功
[01:47:47 INF] 【直播间】23357926 的第 59 个心跳包发送成功
[01:47:48 INF] 【直播间】407149 的第 59 个心跳包发送成功
[01:47:49 INF] 【直播间】23040372 的第 59 个心跳包发送成功
[01:48:53 INF] 【直播间】23357926 的第 60 个心跳包发送成功
[01:48:54 INF] 【直播间】407149 的第 60 个心跳包发送成功
[01:48:55 INF] 【直播间】23040372 的第 60 个心跳包发送成功
[01:49:59 INF] 【直播间】23357926 的第 61 个心跳包发送成功
[01:50:01 INF] 【直播间】407149 的第 61 个心跳包发送成功
[01:50:02 INF] 【直播间】23040372 的第 61 个心跳包发送成功
[01:51:06 INF] 【直播间】23357926 的第 62 个心跳包发送成功
[01:51:07 INF] 【直播间】407149 的第 62 个心跳包发送成功
[01:51:08 INF] 【直播间】23040372 的第 62 个心跳包发送成功
[01:52:12 INF] 【直播间】23357926 的第 63 个心跳包发送成功
[01:52:14 INF] 【直播间】407149 的第 63 个心跳包发送成功
[01:52:15 INF] 【直播间】23040372 的第 63 个心跳包发送成功
[01:53:19 INF] 【直播间】23357926 的第 64 个心跳包发送成功
[01:53:20 INF] 【直播间】407149 的第 64 个心跳包发送成功
[01:53:22 INF] 【直播间】23040372 的第 64 个心跳包发送成功
[01:54:25 INF] 【直播间】23357926 的第 65 个心跳包发送成功
[01:54:27 INF] 【直播间】407149 的第 65 个心跳包发送成功
[01:54:28 INF] 【直播间】23040372 的第 65 个心跳包发送成功
[01:55:32 INF] 【直播间】23357926 的第 66 个心跳包发送成功
[01:55:33 INF] 【直播间】407149 的第 66 个心跳包发送成功
[01:55:35 INF] 【直播间】23040372 的第 66 个心跳包发送成功
[01:56:38 INF] 【直播间】23357926 的第 67 个心跳包发送成功
[01:56:39 INF] 【直播间】407149 的第 67 个心跳包发送成功
[01:56:41 INF] 【直播间】23040372 的第 67 个心跳包发送成功
[01:57:45 INF] 【直播间】23357926 的第 68 个心跳包发送成功
[01:57:46 INF] 【直播间】407149 的第 68 个心跳包发送成功
[01:57:47 INF] 【直播间】23040372 的第 68 个心跳包发送成功
[01:58:51 INF] 【直播间】23357926 的第 69 个心跳包发送成功
[01:58:53 INF] 【直播间】407149 的第 69 个心跳包发送成功
[01:58:54 ERR] 【心跳包】直播间 23040372 发送失败
[01:58:54 ERR] 【原因】time check failed
[01:59:58 ERR] 【心跳包】直播间 23357926 发送失败
[01:59:58 ERR] 【原因】time check failed
[01:59:59 ERR] 【心跳包】直播间 407149 发送失败
[01:59:59 ERR] 【原因】time check failed
[02:00:00 INF] 【直播间】23040372 的第 69 个心跳包发送成功
[02:01:04 INF] 【直播间】23357926 的第 70 个心跳包发送成功
[02:01:05 INF] 【直播间】407149 的第 70 个心跳包发送成功
[02:01:07 INF] 【直播间】23040372 的第 70 个心跳包发送成功
[02:01:07 INF] 【直播观看时长】完成情况：3/3 
[02:01:07 INF] ---------结束---------

[02:01:07 INF] ==========结束==========

[02:01:07 INF] ######### 账号 2 #########

[02:01:07 INF] =====开始 直播间互动 =====

[02:01:07 INF] ---开始 发送弹幕 ---
[02:01:07 INF] 检测到直播 Cookie 未正确配置，尝试自动配置中...
[02:01:14 INF] 直播 Cookie 配置成功！
[02:01:14 INF] 【获取直播列表】获取拥有粉丝牌的直播列表
[02:01:19 INF] 【主播】Mark陌枫 
[02:01:37 INF] 【主播】苏打baka 
[02:01:56 INF] 【主播】特别中二的q3君 
[02:02:12 INF] 【主播】陈抱一 
[02:02:27 INF] 【主播】贪玩的小毅 
[02:02:42 INF] 【主播】KL_qiqi_ 
[02:02:58 INF] 【主播】记录生活的蛋黄派 
[02:03:16 INF] 【主播】FoFTG 
[02:03:30 INF] 【主播】悠悠球琛总 
[02:03:44 INF] 【主播】新石器公园 
[02:04:01 INF] 【主播】脏小豆 
[02:04:16 INF] 【主播】李船长笔记 
[02:04:30 INF] 【直播间】Mark陌枫
[02:04:30 INF] 【粉丝牌】馬楓
[02:04:30 INF] 正在发送弹幕...
[02:04:34 INF] 【直播间】苏打baka
[02:04:34 INF] 【粉丝牌】碳酸钠
[02:04:34 INF] 正在发送弹幕...
[02:04:37 INF] 【直播间】特别中二的q3君
[02:04:37 INF] 【粉丝牌】q3GG
[02:04:37 INF] 正在发送弹幕...
[02:04:40 INF] 【直播间】陈抱一
[02:04:40 INF] 【粉丝牌】陈抱一
[02:04:40 INF] 正在发送弹幕...
[02:04:43 INF] 【弹幕发送】成功~，你和主播 Mark陌枫 的亲密值增加了100！
[02:04:45 INF] 【直播间】贪玩的小毅
[02:04:45 INF] 【粉丝牌】大大毅
[02:04:45 INF] 正在发送弹幕...
[02:04:46 INF] 【弹幕发送】成功~，你和主播 苏打baka 的亲密值增加了100！
[02:04:49 INF] 【直播间】KL_qiqi_
[02:04:49 INF] 【粉丝牌】qiqisb
[02:04:49 INF] 正在发送弹幕...
[02:04:51 INF] 【弹幕发送】成功~，你和主播 特别中二的q3君 的亲密值增加了100！
[02:04:52 INF] 【直播间】记录生活的蛋黄派
[02:04:52 INF] 【粉丝牌】派派派
[02:04:52 INF] 正在发送弹幕...
[02:04:56 INF] 【直播间】FoFTG
[02:04:56 INF] 【粉丝牌】FOFTG
[02:04:56 INF] 正在发送弹幕...
[02:04:57 INF] 【弹幕发送】成功~，你和主播 陈抱一 的亲密值增加了100！
[02:04:59 INF] 【弹幕发送】成功~，你和主播 贪玩的小毅 的亲密值增加了100！
[02:04:59 INF] 【直播间】悠悠球琛总
[02:04:59 INF] 【粉丝牌】i琛
[02:04:59 INF] 正在发送弹幕...
[02:05:02 INF] 【直播间】新石器公园
[02:05:02 INF] 【粉丝牌】东园主
[02:05:02 INF] 正在发送弹幕...
[02:05:03 INF] 【弹幕发送】成功~，你和主播 KL_qiqi_ 的亲密值增加了100！
[02:05:04 INF] 【弹幕发送】成功~，你和主播 记录生活的蛋黄派 的亲密值增加了100！
[02:05:09 INF] 【直播间】脏小豆
[02:05:09 INF] 【粉丝牌】豆豆浆
[02:05:09 INF] 正在发送弹幕...
[02:05:10 INF] 【弹幕发送】成功~，你和主播 FoFTG 的亲密值增加了100！
[02:05:13 INF] 【直播间】李船长笔记
[02:05:13 INF] 【粉丝牌】航海仕
[02:05:13 INF] 正在发送弹幕...
[02:05:17 INF] 【弹幕发送】成功~，你和主播 悠悠球琛总 的亲密值增加了100！
[02:05:19 INF] 【弹幕发送】成功~，你和主播 新石器公园 的亲密值增加了100！
[02:05:19 INF] -------结束-------

[02:05:19 INF] ---开始 点赞直播间 ---
[02:05:19 INF] 【获取直播列表】获取拥有粉丝牌的直播列表
[02:05:24 INF] 【弹幕发送】成功~，你和主播 脏小豆 的亲密值增加了100！
[02:05:26 INF] 【主播】Mark陌枫 
[02:05:31 INF] 【弹幕发送】成功~，你和主播 李船长笔记 的亲密值增加了100！
[02:05:45 INF] 【主播】苏打baka 
[02:05:56 INF] 【主播】特别中二的q3君 
[02:06:14 INF] 【主播】陈抱一 
[02:06:29 INF] 【主播】贪玩的小毅 
[02:06:41 INF] 【主播】KL_qiqi_ 
[02:06:54 INF] 【主播】记录生活的蛋黄派 
[02:07:09 INF] 【主播】FoFTG 
[02:07:26 INF] 【主播】悠悠球琛总 
[02:07:45 INF] 【主播】新石器公园 
[02:07:59 INF] 【主播】脏小豆 
[02:08:16 INF] 【主播】李船长笔记 
[02:08:37 INF] 【点赞直播间】23357926 完成
[02:08:44 INF] 【点赞直播间】23040372 完成
[02:08:50 INF] 【点赞直播间】31494 完成
[02:08:57 INF] 【点赞直播间】4015781 完成
[02:09:01 INF] 【点赞直播间】9619073 完成
[02:09:08 INF] 【点赞直播间】407149 完成
[02:09:13 INF] 【点赞直播间】11732699 完成
[02:09:20 INF] 【点赞直播间】91164 完成
[02:09:26 INF] 【点赞直播间】7184632 完成
[02:09:29 INF] 【点赞直播间】23447660 完成
[02:09:36 INF] 【点赞直播间】929670 完成
[02:09:39 INF] --------结束--------

[02:09:39 INF] ---开始 直播时长挂机 ---
[02:09:39 INF] 【获取直播列表】获取拥有粉丝牌的直播列表
[02:09:39 INF] 【点赞直播间】22764265 完成
[02:09:45 INF] 【主播】Mark陌枫 
[02:10:04 INF] 【主播】苏打baka 
[02:10:18 INF] 【主播】特别中二的q3君 
[02:10:38 INF] 【主播】陈抱一 
[02:10:53 INF] 【主播】贪玩的小毅 
[02:11:07 INF] 【主播】KL_qiqi_ 
[02:11:25 INF] 【主播】记录生活的蛋黄派 
[02:11:38 INF] 【主播】FoFTG 
[02:11:54 INF] 【主播】悠悠球琛总 
[02:12:12 INF] 【主播】新石器公园 
[02:12:28 INF] 【主播】脏小豆 
[02:12:42 INF] 【主播】李船长笔记 
[02:13:01 INF] 【直播间】23357926 的第 1 个心跳包发送成功
[02:13:02 INF] 【直播间】23040372 的第 1 个心跳包发送成功
[02:13:03 INF] 【直播间】31494 的第 1 个心跳包发送成功
[02:13:04 INF] 【直播间】4015781 的第 1 个心跳包发送成功
[02:13:06 INF] 【直播间】9619073 的第 1 个心跳包发送成功
[02:13:07 INF] 【直播间】407149 的第 1 个心跳包发送成功
[02:13:08 INF] 【直播间】11732699 的第 1 个心跳包发送成功
[02:13:09 INF] 【直播间】91164 的第 1 个心跳包发送成功
[02:13:10 INF] 【直播间】7184632 的第 1 个心跳包发送成功
[02:13:12 INF] 【直播间】23447660 的第 1 个心跳包发送成功
[02:13:13 INF] 【直播间】929670 的第 1 个心跳包发送成功
[02:13:14 INF] 【直播间】22764265 的第 1 个心跳包发送成功
[02:14:07 INF] 【直播间】23357926 的第 2 个心跳包发送成功
[02:14:08 INF] 【直播间】23040372 的第 2 个心跳包发送成功
[02:14:10 INF] 【直播间】31494 的第 2 个心跳包发送成功
[02:14:11 INF] 【直播间】4015781 的第 2 个心跳包发送成功
[02:14:12 INF] 【直播间】9619073 的第 2 个心跳包发送成功
[02:14:13 INF] 【直播间】407149 的第 2 个心跳包发送成功
[02:14:15 INF] 【直播间】11732699 的第 2 个心跳包发送成功
[02:14:16 INF] 【直播间】91164 的第 2 个心跳包发送成功
[02:14:17 INF] 【直播间】7184632 的第 2 个心跳包发送成功
[02:14:18 INF] 【直播间】23447660 的第 2 个心跳包发送成功
[02:14:20 INF] 【直播间】929670 的第 2 个心跳包发送成功
[02:14:21 INF] 【直播间】22764265 的第 2 个心跳包发送成功
[02:15:14 INF] 【直播间】23357926 的第 3 个心跳包发送成功
[02:15:15 INF] 【直播间】23040372 的第 3 个心跳包发送成功
[02:15:16 INF] 【直播间】31494 的第 3 个心跳包发送成功
[02:15:17 INF] 【直播间】4015781 的第 3 个心跳包发送成功
[02:15:19 INF] 【直播间】9619073 的第 3 个心跳包发送成功
[02:15:20 INF] 【直播间】407149 的第 3 个心跳包发送成功
[02:15:21 INF] 【直播间】11732699 的第 3 个心跳包发送成功
[02:15:22 INF] 【直播间】91164 的第 3 个心跳包发送成功
[02:15:24 INF] 【直播间】7184632 的第 3 个心跳包发送成功
[02:15:25 INF] 【直播间】23447660 的第 3 个心跳包发送成功
[02:15:26 INF] 【直播间】929670 的第 3 个心跳包发送成功
[02:15:27 INF] 【直播间】22764265 的第 3 个心跳包发送成功
[02:16:20 INF] 【直播间】23357926 的第 4 个心跳包发送成功
[02:16:21 INF] 【直播间】23040372 的第 4 个心跳包发送成功
[02:16:23 INF] 【直播间】31494 的第 4 个心跳包发送成功
[02:16:24 INF] 【直播间】4015781 的第 4 个心跳包发送成功
[02:16:25 INF] 【直播间】9619073 的第 4 个心跳包发送成功
[02:16:26 INF] 【直播间】407149 的第 4 个心跳包发送成功
[02:16:27 INF] 【直播间】11732699 的第 4 个心跳包发送成功
[02:16:29 INF] 【直播间】91164 的第 4 个心跳包发送成功
[02:16:30 INF] 【直播间】7184632 的第 4 个心跳包发送成功
[02:16:31 INF] 【直播间】23447660 的第 4 个心跳包发送成功
[02:16:32 INF] 【直播间】929670 的第 4 个心跳包发送成功
[02:16:34 INF] 【直播间】22764265 的第 4 个心跳包发送成功
[02:17:26 INF] 【直播间】23357926 的第 5 个心跳包发送成功
[02:17:28 INF] 【直播间】23040372 的第 5 个心跳包发送成功
[02:17:29 INF] 【直播间】31494 的第 5 个心跳包发送成功
[02:17:30 INF] 【直播间】4015781 的第 5 个心跳包发送成功
[02:17:32 INF] 【直播间】9619073 的第 5 个心跳包发送成功
[02:17:33 INF] 【直播间】407149 的第 5 个心跳包发送成功
[02:17:34 INF] 【直播间】11732699 的第 5 个心跳包发送成功
[02:17:35 INF] 【直播间】91164 的第 5 个心跳包发送成功
[02:17:36 INF] 【直播间】7184632 的第 5 个心跳包发送成功
[02:17:38 INF] 【直播间】23447660 的第 5 个心跳包发送成功
[02:17:39 INF] 【直播间】929670 的第 5 个心跳包发送成功
[02:17:40 INF] 【直播间】22764265 的第 5 个心跳包发送成功
[02:18:33 INF] 【直播间】23357926 的第 6 个心跳包发送成功
[02:18:34 INF] 【直播间】23040372 的第 6 个心跳包发送成功
[02:18:35 INF] 【直播间】31494 的第 6 个心跳包发送成功
[02:18:37 INF] 【直播间】4015781 的第 6 个心跳包发送成功
[02:18:38 INF] 【直播间】9619073 的第 6 个心跳包发送成功
[02:18:39 INF] 【直播间】407149 的第 6 个心跳包发送成功
[02:18:40 INF] 【直播间】11732699 的第 6 个心跳包发送成功
[02:18:42 INF] 【直播间】91164 的第 6 个心跳包发送成功
[02:18:43 INF] 【直播间】7184632 的第 6 个心跳包发送成功
[02:18:44 INF] 【直播间】23447660 的第 6 个心跳包发送成功
[02:18:45 INF] 【直播间】929670 的第 6 个心跳包发送成功
[02:18:47 INF] 【直播间】22764265 的第 6 个心跳包发送成功
[02:19:39 INF] 【直播间】23357926 的第 7 个心跳包发送成功
[02:19:41 INF] 【直播间】23040372 的第 7 个心跳包发送成功
[02:19:42 INF] 【直播间】31494 的第 7 个心跳包发送成功
[02:19:43 INF] 【直播间】4015781 的第 7 个心跳包发送成功
[02:19:44 INF] 【直播间】9619073 的第 7 个心跳包发送成功
[02:19:46 INF] 【直播间】407149 的第 7 个心跳包发送成功
[02:19:47 INF] 【直播间】11732699 的第 7 个心跳包发送成功
[02:19:48 INF] 【直播间】91164 的第 7 个心跳包发送成功
[02:19:49 INF] 【直播间】7184632 的第 7 个心跳包发送成功
[02:19:51 INF] 【直播间】23447660 的第 7 个心跳包发送成功
[02:19:52 INF] 【直播间】929670 的第 7 个心跳包发送成功
[02:19:53 INF] 【直播间】22764265 的第 7 个心跳包发送成功
[02:20:46 INF] 【直播间】23357926 的第 8 个心跳包发送成功
[02:20:47 INF] 【直播间】23040372 的第 8 个心跳包发送成功
[02:20:48 INF] 【直播间】31494 的第 8 个心跳包发送成功
[02:20:50 INF] 【直播间】4015781 的第 8 个心跳包发送成功
[02:20:51 INF] 【直播间】9619073 的第 8 个心跳包发送成功
[02:20:52 INF] 【直播间】407149 的第 8 个心跳包发送成功
[02:20:53 INF] 【直播间】11732699 的第 8 个心跳包发送成功
[02:20:55 INF] 【直播间】91164 的第 8 个心跳包发送成功
[02:20:56 INF] 【直播间】7184632 的第 8 个心跳包发送成功
[02:20:57 INF] 【直播间】23447660 的第 8 个心跳包发送成功
[02:20:59 INF] 【直播间】929670 的第 8 个心跳包发送成功
[02:21:00 INF] 【直播间】22764265 的第 8 个心跳包发送成功
[02:21:52 INF] 【直播间】23357926 的第 9 个心跳包发送成功
[02:21:54 INF] 【直播间】23040372 的第 9 个心跳包发送成功
[02:21:55 INF] 【直播间】31494 的第 9 个心跳包发送成功
[02:21:56 INF] 【直播间】4015781 的第 9 个心跳包发送成功
[02:21:57 INF] 【直播间】9619073 的第 9 个心跳包发送成功
[02:21:59 INF] 【直播间】407149 的第 9 个心跳包发送成功
[02:22:00 INF] 【直播间】11732699 的第 9 个心跳包发送成功
[02:22:01 INF] 【直播间】91164 的第 9 个心跳包发送成功
[02:22:03 INF] 【直播间】7184632 的第 9 个心跳包发送成功
[02:22:04 INF] 【直播间】23447660 的第 9 个心跳包发送成功
[02:22:05 INF] 【直播间】929670 的第 9 个心跳包发送成功
[02:22:06 INF] 【直播间】22764265 的第 9 个心跳包发送成功
[02:22:59 INF] 【直播间】23357926 的第 10 个心跳包发送成功
[02:23:00 INF] 【直播间】23040372 的第 10 个心跳包发送成功
[02:23:01 INF] 【直播间】31494 的第 10 个心跳包发送成功
[02:23:02 INF] 【直播间】4015781 的第 10 个心跳包发送成功
[02:23:04 INF] 【直播间】9619073 的第 10 个心跳包发送成功
[02:23:05 INF] 【直播间】407149 的第 10 个心跳包发送成功
[02:23:06 INF] 【直播间】11732699 的第 10 个心跳包发送成功
[02:23:07 INF] 【直播间】91164 的第 10 个心跳包发送成功
[02:23:09 INF] 【直播间】7184632 的第 10 个心跳包发送成功
[02:23:10 INF] 【直播间】23447660 的第 10 个心跳包发送成功
[02:23:11 INF] 【直播间】929670 的第 10 个心跳包发送成功
[02:23:13 INF] 【直播间】22764265 的第 10 个心跳包发送成功
[02:24:05 INF] 【直播间】23357926 的第 11 个心跳包发送成功
[02:24:06 INF] 【直播间】23040372 的第 11 个心跳包发送成功
[02:24:08 INF] 【直播间】31494 的第 11 个心跳包发送成功
[02:24:09 INF] 【直播间】4015781 的第 11 个心跳包发送成功
[02:24:10 INF] 【直播间】9619073 的第 11 个心跳包发送成功
[02:24:11 INF] 【直播间】407149 的第 11 个心跳包发送成功
[02:24:13 INF] 【直播间】11732699 的第 11 个心跳包发送成功
[02:24:14 INF] 【直播间】91164 的第 11 个心跳包发送成功
[02:24:15 INF] 【直播间】7184632 的第 11 个心跳包发送成功
[02:24:17 INF] 【直播间】23447660 的第 11 个心跳包发送成功
[02:24:18 INF] 【直播间】929670 的第 11 个心跳包发送成功
[02:24:19 INF] 【直播间】22764265 的第 11 个心跳包发送成功
[02:25:12 INF] 【直播间】23357926 的第 12 个心跳包发送成功
[02:25:13 INF] 【直播间】23040372 的第 12 个心跳包发送成功
[02:25:14 INF] 【直播间】31494 的第 12 个心跳包发送成功
[02:25:15 INF] 【直播间】4015781 的第 12 个心跳包发送成功
[02:25:17 INF] 【直播间】9619073 的第 12 个心跳包发送成功
[02:25:18 INF] 【直播间】407149 的第 12 个心跳包发送成功
[02:25:19 INF] 【直播间】11732699 的第 12 个心跳包发送成功
[02:25:20 INF] 【直播间】91164 的第 12 个心跳包发送成功
[02:25:22 INF] 【直播间】7184632 的第 12 个心跳包发送成功
[02:25:23 INF] 【直播间】23447660 的第 12 个心跳包发送成功
[02:25:24 INF] 【直播间】929670 的第 12 个心跳包发送成功
[02:25:26 INF] 【直播间】22764265 的第 12 个心跳包发送成功
[02:26:18 INF] 【直播间】23357926 的第 13 个心跳包发送成功
[02:26:20 INF] 【直播间】23040372 的第 13 个心跳包发送成功
[02:26:21 INF] 【直播间】31494 的第 13 个心跳包发送成功
[02:26:22 INF] 【直播间】4015781 的第 13 个心跳包发送成功
[02:26:23 INF] 【直播间】9619073 的第 13 个心跳包发送成功
[02:26:25 INF] 【直播间】407149 的第 13 个心跳包发送成功
[02:26:26 INF] 【直播间】11732699 的第 13 个心跳包发送成功
[02:26:27 INF] 【直播间】91164 的第 13 个心跳包发送成功
[02:26:28 INF] 【直播间】7184632 的第 13 个心跳包发送成功
[02:26:30 INF] 【直播间】23447660 的第 13 个心跳包发送成功
[02:26:31 INF] 【直播间】929670 的第 13 个心跳包发送成功
[02:26:32 INF] 【直播间】22764265 的第 13 个心跳包发送成功
[02:27:25 INF] 【直播间】23357926 的第 14 个心跳包发送成功
[02:27:26 INF] 【直播间】23040372 的第 14 个心跳包发送成功
[02:27:27 INF] 【直播间】31494 的第 14 个心跳包发送成功
[02:27:28 INF] 【直播间】4015781 的第 14 个心跳包发送成功
[02:27:30 INF] 【直播间】9619073 的第 14 个心跳包发送成功
[02:27:31 INF] 【直播间】407149 的第 14 个心跳包发送成功
[02:27:32 INF] 【直播间】11732699 的第 14 个心跳包发送成功
[02:27:33 INF] 【直播间】91164 的第 14 个心跳包发送成功
[02:27:35 INF] 【直播间】7184632 的第 14 个心跳包发送成功
[02:27:36 INF] 【直播间】23447660 的第 14 个心跳包发送成功
[02:27:37 INF] 【直播间】929670 的第 14 个心跳包发送成功
[02:27:38 INF] 【直播间】22764265 的第 14 个心跳包发送成功
[02:28:31 INF] 【直播间】23357926 的第 15 个心跳包发送成功
[02:28:32 INF] 【直播间】23040372 的第 15 个心跳包发送成功
[02:28:34 INF] 【直播间】31494 的第 15 个心跳包发送成功
[02:28:35 ERR] 【心跳包】直播间 4015781 发送失败
[02:28:35 ERR] 【原因】time check failed
[02:28:36 INF] 【直播间】9619073 的第 15 个心跳包发送成功
[02:28:37 INF] 【直播间】407149 的第 15 个心跳包发送成功
[02:28:39 INF] 【直播间】11732699 的第 15 个心跳包发送成功
[02:28:40 ERR] 【心跳包】直播间 91164 发送失败
[02:28:40 ERR] 【原因】time check failed
[02:28:41 ERR] 【心跳包】直播间 7184632 发送失败
[02:28:41 ERR] 【原因】time check failed
[02:28:42 INF] 【直播间】23447660 的第 15 个心跳包发送成功
[02:28:43 INF] 【直播间】929670 的第 15 个心跳包发送成功
[02:28:45 ERR] 【心跳包】直播间 22764265 发送失败
[02:28:45 ERR] 【原因】time check failed
[02:29:37 ERR] 【心跳包】直播间 23357926 发送失败
[02:29:37 ERR] 【原因】time check failed
[02:29:39 ERR] 【心跳包】直播间 23040372 发送失败
[02:29:39 ERR] 【原因】time check failed
[02:29:40 ERR] 【心跳包】直播间 31494 发送失败
[02:29:40 ERR] 【原因】time check failed
[02:29:41 INF] 【直播间】4015781 的第 15 个心跳包发送成功
[02:29:42 ERR] 【心跳包】直播间 9619073 发送失败
[02:29:42 ERR] 【原因】time check failed
[02:29:44 ERR] 【心跳包】直播间 407149 发送失败
[02:29:44 ERR] 【原因】time check failed
[02:29:45 ERR] 【心跳包】直播间 11732699 发送失败
[02:29:45 ERR] 【原因】time check failed
[02:29:46 INF] 【直播间】91164 的第 15 个心跳包发送成功
[02:29:47 INF] 【直播间】7184632 的第 15 个心跳包发送成功
[02:29:49 ERR] 【心跳包】直播间 23447660 发送失败
[02:29:49 ERR] 【原因】time check failed
[02:29:50 ERR] 【心跳包】直播间 929670 发送失败
[02:29:50 ERR] 【原因】time check failed
[02:29:51 INF] 【直播间】22764265 的第 15 个心跳包发送成功
[02:30:44 INF] 【直播间】23357926 的第 16 个心跳包发送成功
[02:30:45 INF] 【直播间】23040372 的第 16 个心跳包发送成功
[02:30:47 INF] 【直播间】31494 的第 16 个心跳包发送成功
[02:30:48 INF] 【直播间】4015781 的第 16 个心跳包发送成功
[02:30:49 INF] 【直播间】9619073 的第 16 个心跳包发送成功
[02:30:51 INF] 【直播间】407149 的第 16 个心跳包发送成功
[02:30:52 INF] 【直播间】11732699 的第 16 个心跳包发送成功
[02:30:53 INF] 【直播间】91164 的第 16 个心跳包发送成功
[02:30:54 INF] 【直播间】7184632 的第 16 个心跳包发送成功
[02:30:55 INF] 【直播间】23447660 的第 16 个心跳包发送成功
[02:30:57 INF] 【直播间】929670 的第 16 个心跳包发送成功
[02:30:58 INF] 【直播间】22764265 的第 16 个心跳包发送成功
[02:31:51 INF] 【直播间】23357926 的第 17 个心跳包发送成功
[02:31:52 INF] 【直播间】23040372 的第 17 个心跳包发送成功
[02:31:53 INF] 【直播间】31494 的第 17 个心跳包发送成功
[02:31:54 INF] 【直播间】4015781 的第 17 个心跳包发送成功
[02:31:56 INF] 【直播间】9619073 的第 17 个心跳包发送成功
[02:31:57 INF] 【直播间】407149 的第 17 个心跳包发送成功
[02:31:58 INF] 【直播间】11732699 的第 17 个心跳包发送成功
[02:31:59 INF] 【直播间】91164 的第 17 个心跳包发送成功
[02:32:01 INF] 【直播间】7184632 的第 17 个心跳包发送成功
[02:32:02 INF] 【直播间】23447660 的第 17 个心跳包发送成功
[02:32:03 INF] 【直播间】929670 的第 17 个心跳包发送成功
[02:32:04 INF] 【直播间】22764265 的第 17 个心跳包发送成功
[02:32:57 INF] 【直播间】23357926 的第 18 个心跳包发送成功
[02:32:58 INF] 【直播间】23040372 的第 18 个心跳包发送成功
[02:32:59 INF] 【直播间】31494 的第 18 个心跳包发送成功
[02:33:01 INF] 【直播间】4015781 的第 18 个心跳包发送成功
[02:33:02 INF] 【直播间】9619073 的第 18 个心跳包发送成功
[02:33:03 INF] 【直播间】407149 的第 18 个心跳包发送成功
[02:33:04 INF] 【直播间】11732699 的第 18 个心跳包发送成功
[02:33:06 INF] 【直播间】91164 的第 18 个心跳包发送成功
[02:33:07 INF] 【直播间】7184632 的第 18 个心跳包发送成功
[02:33:08 INF] 【直播间】23447660 的第 18 个心跳包发送成功
[02:33:09 INF] 【直播间】929670 的第 18 个心跳包发送成功
[02:33:11 INF] 【直播间】22764265 的第 18 个心跳包发送成功
[02:34:03 INF] 【直播间】23357926 的第 19 个心跳包发送成功
[02:34:05 INF] 【直播间】23040372 的第 19 个心跳包发送成功
[02:34:06 INF] 【直播间】31494 的第 19 个心跳包发送成功
[02:34:07 INF] 【直播间】4015781 的第 19 个心跳包发送成功
[02:34:08 INF] 【直播间】9619073 的第 19 个心跳包发送成功
[02:34:10 INF] 【直播间】407149 的第 19 个心跳包发送成功
[02:34:11 INF] 【直播间】11732699 的第 19 个心跳包发送成功
[02:34:12 INF] 【直播间】91164 的第 19 个心跳包发送成功
[02:34:13 INF] 【直播间】7184632 的第 19 个心跳包发送成功
[02:34:14 INF] 【直播间】23447660 的第 19 个心跳包发送成功
[02:34:16 INF] 【直播间】929670 的第 19 个心跳包发送成功
[02:34:17 INF] 【直播间】22764265 的第 19 个心跳包发送成功
[02:35:10 INF] 【直播间】23357926 的第 20 个心跳包发送成功
[02:35:11 INF] 【直播间】23040372 的第 20 个心跳包发送成功
[02:35:12 INF] 【直播间】31494 的第 20 个心跳包发送成功
[02:35:14 INF] 【直播间】4015781 的第 20 个心跳包发送成功
[02:35:15 INF] 【直播间】9619073 的第 20 个心跳包发送成功
[02:35:16 INF] 【直播间】407149 的第 20 个心跳包发送成功
[02:35:17 INF] 【直播间】11732699 的第 20 个心跳包发送成功
[02:35:18 INF] 【直播间】91164 的第 20 个心跳包发送成功
[02:35:20 INF] 【直播间】7184632 的第 20 个心跳包发送成功
[02:35:21 INF] 【直播间】23447660 的第 20 个心跳包发送成功
[02:35:22 INF] 【直播间】929670 的第 20 个心跳包发送成功
[02:35:24 INF] 【直播间】22764265 的第 20 个心跳包发送成功
[02:36:17 INF] 【直播间】23357926 的第 21 个心跳包发送成功
[02:36:18 INF] 【直播间】23040372 的第 21 个心跳包发送成功
[02:36:19 INF] 【直播间】31494 的第 21 个心跳包发送成功
[02:36:20 INF] 【直播间】4015781 的第 21 个心跳包发送成功
[02:36:22 INF] 【直播间】9619073 的第 21 个心跳包发送成功
[02:36:23 INF] 【直播间】407149 的第 21 个心跳包发送成功
[02:36:24 INF] 【直播间】11732699 的第 21 个心跳包发送成功
[02:36:25 INF] 【直播间】91164 的第 21 个心跳包发送成功
[02:36:26 INF] 【直播间】7184632 的第 21 个心跳包发送成功
[02:36:28 INF] 【直播间】23447660 的第 21 个心跳包发送成功
[02:36:29 INF] 【直播间】929670 的第 21 个心跳包发送成功
[02:36:30 INF] 【直播间】22764265 的第 21 个心跳包发送成功
[02:37:23 INF] 【直播间】23357926 的第 22 个心跳包发送成功
[02:37:24 INF] 【直播间】23040372 的第 22 个心跳包发送成功
[02:37:26 INF] 【直播间】31494 的第 22 个心跳包发送成功
[02:37:27 INF] 【直播间】4015781 的第 22 个心跳包发送成功
[02:37:28 INF] 【直播间】9619073 的第 22 个心跳包发送成功
[02:37:29 INF] 【直播间】407149 的第 22 个心跳包发送成功
[02:37:31 INF] 【直播间】11732699 的第 22 个心跳包发送成功
[02:37:32 INF] 【直播间】91164 的第 22 个心跳包发送成功
[02:37:33 INF] 【直播间】7184632 的第 22 个心跳包发送成功
[02:37:34 INF] 【直播间】23447660 的第 22 个心跳包发送成功
[02:37:36 INF] 【直播间】929670 的第 22 个心跳包发送成功
[02:37:37 INF] 【直播间】22764265 的第 22 个心跳包发送成功
[02:38:30 INF] 【直播间】23357926 的第 23 个心跳包发送成功
[02:38:31 INF] 【直播间】23040372 的第 23 个心跳包发送成功
[02:38:32 INF] 【直播间】31494 的第 23 个心跳包发送成功
[02:38:33 INF] 【直播间】4015781 的第 23 个心跳包发送成功
[02:38:34 INF] 【直播间】9619073 的第 23 个心跳包发送成功
[02:38:36 INF] 【直播间】407149 的第 23 个心跳包发送成功
[02:38:37 INF] 【直播间】11732699 的第 23 个心跳包发送成功
[02:38:38 INF] 【直播间】91164 的第 23 个心跳包发送成功
[02:38:40 INF] 【直播间】7184632 的第 23 个心跳包发送成功
[02:38:41 INF] 【直播间】23447660 的第 23 个心跳包发送成功
[02:38:42 INF] 【直播间】929670 的第 23 个心跳包发送成功
[02:38:44 INF] 【直播间】22764265 的第 23 个心跳包发送成功
[02:39:36 INF] 【直播间】23357926 的第 24 个心跳包发送成功
[02:39:37 INF] 【直播间】23040372 的第 24 个心跳包发送成功
[02:39:38 INF] 【直播间】31494 的第 24 个心跳包发送成功
[02:39:40 INF] 【直播间】4015781 的第 24 个心跳包发送成功
[02:39:41 INF] 【直播间】9619073 的第 24 个心跳包发送成功
[02:39:42 INF] 【直播间】407149 的第 24 个心跳包发送成功
[02:39:43 INF] 【直播间】11732699 的第 24 个心跳包发送成功
[02:39:45 INF] 【直播间】91164 的第 24 个心跳包发送成功
[02:39:46 INF] 【直播间】7184632 的第 24 个心跳包发送成功
[02:39:47 INF] 【直播间】23447660 的第 24 个心跳包发送成功
[02:39:49 INF] 【直播间】929670 的第 24 个心跳包发送成功
[02:39:50 INF] 【直播间】22764265 的第 24 个心跳包发送成功
[02:40:42 INF] 【直播间】23357926 的第 25 个心跳包发送成功
[02:40:44 INF] 【直播间】23040372 的第 25 个心跳包发送成功
[02:40:45 INF] 【直播间】31494 的第 25 个心跳包发送成功
[02:40:46 INF] 【直播间】4015781 的第 25 个心跳包发送成功
[02:40:47 INF] 【直播间】9619073 的第 25 个心跳包发送成功
[02:40:49 INF] 【直播间】407149 的第 25 个心跳包发送成功
[02:40:50 INF] 【直播间】11732699 的第 25 个心跳包发送成功
[02:40:51 INF] 【直播间】91164 的第 25 个心跳包发送成功
[02:40:52 INF] 【直播间】7184632 的第 25 个心跳包发送成功
[02:40:54 INF] 【直播间】23447660 的第 25 个心跳包发送成功
[02:40:55 INF] 【直播间】929670 的第 25 个心跳包发送成功
[02:40:56 INF] 【直播间】22764265 的第 25 个心跳包发送成功
[02:41:49 INF] 【直播间】23357926 的第 26 个心跳包发送成功
[02:41:50 INF] 【直播间】23040372 的第 26 个心跳包发送成功
[02:41:51 INF] 【直播间】31494 的第 26 个心跳包发送成功
[02:41:53 INF] 【直播间】4015781 的第 26 个心跳包发送成功
[02:41:54 INF] 【直播间】9619073 的第 26 个心跳包发送成功
[02:41:55 INF] 【直播间】407149 的第 26 个心跳包发送成功
[02:41:56 INF] 【直播间】11732699 的第 26 个心跳包发送成功
[02:41:58 INF] 【直播间】91164 的第 26 个心跳包发送成功
[02:41:59 INF] 【直播间】7184632 的第 26 个心跳包发送成功
[02:42:00 INF] 【直播间】23447660 的第 26 个心跳包发送成功
[02:42:01 INF] 【直播间】929670 的第 26 个心跳包发送成功
[02:42:03 INF] 【直播间】22764265 的第 26 个心跳包发送成功
[02:42:55 INF] 【直播间】23357926 的第 27 个心跳包发送成功
[02:42:57 INF] 【直播间】23040372 的第 27 个心跳包发送成功
[02:42:58 INF] 【直播间】31494 的第 27 个心跳包发送成功
[02:42:59 INF] 【直播间】4015781 的第 27 个心跳包发送成功
[02:43:00 INF] 【直播间】9619073 的第 27 个心跳包发送成功
[02:43:02 INF] 【直播间】407149 的第 27 个心跳包发送成功
[02:43:03 INF] 【直播间】11732699 的第 27 个心跳包发送成功
[02:43:04 INF] 【直播间】91164 的第 27 个心跳包发送成功
[02:43:05 INF] 【直播间】7184632 的第 27 个心跳包发送成功
[02:43:07 INF] 【直播间】23447660 的第 27 个心跳包发送成功
[02:43:08 INF] 【直播间】929670 的第 27 个心跳包发送成功
[02:43:09 INF] 【直播间】22764265 的第 27 个心跳包发送成功
[02:44:02 INF] 【直播间】23357926 的第 28 个心跳包发送成功
[02:44:03 INF] 【直播间】23040372 的第 28 个心跳包发送成功
[02:44:04 INF] 【直播间】31494 的第 28 个心跳包发送成功
[02:44:05 INF] 【直播间】4015781 的第 28 个心跳包发送成功
[02:44:07 INF] 【直播间】9619073 的第 28 个心跳包发送成功
[02:44:08 INF] 【直播间】407149 的第 28 个心跳包发送成功
[02:44:09 INF] 【直播间】11732699 的第 28 个心跳包发送成功
[02:44:11 INF] 【直播间】91164 的第 28 个心跳包发送成功
[02:44:12 ERR] 【心跳包】直播间 7184632 发送失败
[02:44:12 ERR] 【原因】time check failed
[02:44:13 INF] 【直播间】23447660 的第 28 个心跳包发送成功
[02:44:14 INF] 【直播间】929670 的第 28 个心跳包发送成功
[02:44:15 INF] 【直播间】22764265 的第 28 个心跳包发送成功
[02:45:08 ERR] 【心跳包】直播间 23357926 发送失败
[02:45:08 ERR] 【原因】time check failed
[02:45:10 INF] 【直播间】23040372 的第 29 个心跳包发送成功
[02:45:11 ERR] 【心跳包】直播间 31494 发送失败
[02:45:11 ERR] 【原因】time check failed
[02:45:12 ERR] 【心跳包】直播间 4015781 发送失败
[02:45:12 ERR] 【原因】time check failed
[02:45:13 ERR] 【心跳包】直播间 9619073 发送失败
[02:45:13 ERR] 【原因】time check failed
[02:45:14 ERR] 【心跳包】直播间 407149 发送失败
[02:45:14 ERR] 【原因】time check failed
[02:45:16 INF] 【直播间】11732699 的第 29 个心跳包发送成功
[02:45:17 ERR] 【心跳包】直播间 91164 发送失败
[02:45:17 ERR] 【原因】time check failed
[02:45:18 INF] 【直播间】7184632 的第 28 个心跳包发送成功
[02:45:19 ERR] 【心跳包】直播间 23447660 发送失败
[02:45:19 ERR] 【原因】time check failed
[02:45:21 ERR] 【心跳包】直播间 929670 发送失败
[02:45:21 ERR] 【原因】time check failed
[02:45:22 ERR] 【心跳包】直播间 22764265 发送失败
[02:45:22 ERR] 【原因】time check failed
[02:46:15 INF] 【直播间】23357926 的第 29 个心跳包发送成功
[02:46:16 ERR] 【心跳包】直播间 23040372 发送失败
[02:46:16 ERR] 【原因】time check failed
[02:46:17 INF] 【直播间】31494 的第 29 个心跳包发送成功
[02:46:18 INF] 【直播间】4015781 的第 29 个心跳包发送成功
[02:46:20 INF] 【直播间】9619073 的第 29 个心跳包发送成功
[02:46:21 INF] 【直播间】407149 的第 29 个心跳包发送成功
[02:46:22 ERR] 【心跳包】直播间 11732699 发送失败
[02:46:22 ERR] 【原因】time check failed
[02:46:23 INF] 【直播间】91164 的第 29 个心跳包发送成功
[02:46:25 INF] 【直播间】7184632 的第 29 个心跳包发送成功
[02:46:26 INF] 【直播间】23447660 的第 29 个心跳包发送成功
[02:46:27 INF] 【直播间】929670 的第 29 个心跳包发送成功
[02:46:28 INF] 【直播间】22764265 的第 29 个心跳包发送成功
[02:47:21 INF] 【直播间】23357926 的第 30 个心跳包发送成功
[02:47:23 INF] 【直播间】23040372 的第 30 个心跳包发送成功
[02:47:24 INF] 【直播间】31494 的第 30 个心跳包发送成功
[02:47:25 INF] 【直播间】4015781 的第 30 个心跳包发送成功
[02:47:26 INF] 【直播间】9619073 的第 30 个心跳包发送成功
[02:47:28 INF] 【直播间】407149 的第 30 个心跳包发送成功
[02:47:29 INF] 【直播间】11732699 的第 30 个心跳包发送成功
[02:47:30 INF] 【直播间】91164 的第 30 个心跳包发送成功
[02:47:31 INF] 【直播间】7184632 的第 30 个心跳包发送成功
[02:47:33 INF] 【直播间】23447660 的第 30 个心跳包发送成功
[02:47:34 INF] 【直播间】929670 的第 30 个心跳包发送成功
[02:47:35 INF] 【直播间】22764265 的第 30 个心跳包发送成功
[02:48:28 INF] 【直播间】23357926 的第 31 个心跳包发送成功
[02:48:29 INF] 【直播间】23040372 的第 31 个心跳包发送成功
[02:48:30 INF] 【直播间】31494 的第 31 个心跳包发送成功
[02:48:31 INF] 【直播间】4015781 的第 31 个心跳包发送成功
[02:48:33 INF] 【直播间】9619073 的第 31 个心跳包发送成功
[02:48:34 INF] 【直播间】407149 的第 31 个心跳包发送成功
[02:48:35 INF] 【直播间】11732699 的第 31 个心跳包发送成功
[02:48:36 INF] 【直播间】91164 的第 31 个心跳包发送成功
[02:48:38 INF] 【直播间】7184632 的第 31 个心跳包发送成功
[02:48:39 INF] 【直播间】23447660 的第 31 个心跳包发送成功
[02:48:40 INF] 【直播间】929670 的第 31 个心跳包发送成功
[02:48:41 INF] 【直播间】22764265 的第 31 个心跳包发送成功
[02:49:34 INF] 【直播间】23357926 的第 32 个心跳包发送成功
[02:49:35 INF] 【直播间】23040372 的第 32 个心跳包发送成功
[02:49:37 INF] 【直播间】31494 的第 32 个心跳包发送成功
[02:49:38 INF] 【直播间】4015781 的第 32 个心跳包发送成功
[02:49:39 INF] 【直播间】9619073 的第 32 个心跳包发送成功
[02:49:40 INF] 【直播间】407149 的第 32 个心跳包发送成功
[02:49:42 INF] 【直播间】11732699 的第 32 个心跳包发送成功
[02:49:43 INF] 【直播间】91164 的第 32 个心跳包发送成功
[02:49:44 INF] 【直播间】7184632 的第 32 个心跳包发送成功
[02:49:45 INF] 【直播间】23447660 的第 32 个心跳包发送成功
[02:49:47 INF] 【直播间】929670 的第 32 个心跳包发送成功
[02:49:48 INF] 【直播间】22764265 的第 32 个心跳包发送成功
[02:50:41 INF] 【直播间】23357926 的第 33 个心跳包发送成功
[02:50:42 INF] 【直播间】23040372 的第 33 个心跳包发送成功
[02:50:43 INF] 【直播间】31494 的第 33 个心跳包发送成功
[02:50:44 INF] 【直播间】4015781 的第 33 个心跳包发送成功
[02:50:46 INF] 【直播间】9619073 的第 33 个心跳包发送成功
[02:50:47 INF] 【直播间】407149 的第 33 个心跳包发送成功
[02:50:48 INF] 【直播间】11732699 的第 33 个心跳包发送成功
[02:50:49 INF] 【直播间】91164 的第 33 个心跳包发送成功
[02:50:51 INF] 【直播间】7184632 的第 33 个心跳包发送成功
[02:50:52 INF] 【直播间】23447660 的第 33 个心跳包发送成功
[02:50:53 INF] 【直播间】929670 的第 33 个心跳包发送成功
[02:50:54 INF] 【直播间】22764265 的第 33 个心跳包发送成功
[02:51:47 INF] 【直播间】23357926 的第 34 个心跳包发送成功
[02:51:48 INF] 【直播间】23040372 的第 34 个心跳包发送成功
[02:51:49 INF] 【直播间】31494 的第 34 个心跳包发送成功
[02:51:51 INF] 【直播间】4015781 的第 34 个心跳包发送成功
[02:51:52 INF] 【直播间】9619073 的第 34 个心跳包发送成功
[02:51:53 INF] 【直播间】407149 的第 34 个心跳包发送成功
[02:51:54 INF] 【直播间】11732699 的第 34 个心跳包发送成功
[02:51:56 INF] 【直播间】91164 的第 34 个心跳包发送成功
[02:51:57 INF] 【直播间】7184632 的第 34 个心跳包发送成功
[02:51:58 INF] 【直播间】23447660 的第 34 个心跳包发送成功
[02:51:59 INF] 【直播间】929670 的第 34 个心跳包发送成功
[02:52:01 INF] 【直播间】22764265 的第 34 个心跳包发送成功
[02:52:54 INF] 【直播间】23357926 的第 35 个心跳包发送成功
[02:52:55 INF] 【直播间】23040372 的第 35 个心跳包发送成功
[02:52:56 INF] 【直播间】31494 的第 35 个心跳包发送成功
[02:52:58 INF] 【直播间】4015781 的第 35 个心跳包发送成功
[02:52:59 INF] 【直播间】9619073 的第 35 个心跳包发送成功
[02:53:00 INF] 【直播间】407149 的第 35 个心跳包发送成功
[02:53:01 INF] 【直播间】11732699 的第 35 个心跳包发送成功
[02:53:03 INF] 【直播间】91164 的第 35 个心跳包发送成功
[02:53:04 INF] 【直播间】7184632 的第 35 个心跳包发送成功
[02:53:05 INF] 【直播间】23447660 的第 35 个心跳包发送成功
[02:53:07 INF] 【直播间】929670 的第 35 个心跳包发送成功
[02:53:08 INF] 【直播间】22764265 的第 35 个心跳包发送成功
[02:54:00 INF] 【直播间】23357926 的第 36 个心跳包发送成功
[02:54:02 INF] 【直播间】23040372 的第 36 个心跳包发送成功
[02:54:03 INF] 【直播间】31494 的第 36 个心跳包发送成功
[02:54:04 INF] 【直播间】4015781 的第 36 个心跳包发送成功
[02:54:06 INF] 【直播间】9619073 的第 36 个心跳包发送成功
[02:54:07 INF] 【直播间】407149 的第 36 个心跳包发送成功
[02:54:08 INF] 【直播间】11732699 的第 36 个心跳包发送成功
[02:54:09 INF] 【直播间】91164 的第 36 个心跳包发送成功
[02:54:11 INF] 【直播间】7184632 的第 36 个心跳包发送成功
[02:54:12 INF] 【直播间】23447660 的第 36 个心跳包发送成功
[02:54:13 INF] 【直播间】929670 的第 36 个心跳包发送成功
[02:54:14 INF] 【直播间】22764265 的第 36 个心跳包发送成功
[02:55:06 INF] 【直播间】23357926 的第 37 个心跳包发送成功
[02:55:08 INF] 【直播间】23040372 的第 37 个心跳包发送成功
[02:55:09 INF] 【直播间】31494 的第 37 个心跳包发送成功
[02:55:10 INF] 【直播间】4015781 的第 37 个心跳包发送成功
[02:55:12 INF] 【直播间】9619073 的第 37 个心跳包发送成功
[02:55:13 INF] 【直播间】407149 的第 37 个心跳包发送成功
[02:55:14 INF] 【直播间】11732699 的第 37 个心跳包发送成功
[02:55:16 INF] 【直播间】91164 的第 37 个心跳包发送成功
[02:55:17 INF] 【直播间】7184632 的第 37 个心跳包发送成功
[02:55:18 INF] 【直播间】23447660 的第 37 个心跳包发送成功
[02:55:19 INF] 【直播间】929670 的第 37 个心跳包发送成功
[02:55:21 INF] 【直播间】22764265 的第 37 个心跳包发送成功
[02:56:13 INF] 【直播间】23357926 的第 38 个心跳包发送成功
[02:56:14 INF] 【直播间】23040372 的第 38 个心跳包发送成功
[02:56:15 INF] 【直播间】31494 的第 38 个心跳包发送成功
[02:56:17 INF] 【直播间】4015781 的第 38 个心跳包发送成功
[02:56:18 INF] 【直播间】9619073 的第 38 个心跳包发送成功
[02:56:19 INF] 【直播间】407149 的第 38 个心跳包发送成功
[02:56:21 INF] 【直播间】11732699 的第 38 个心跳包发送成功
[02:56:22 INF] 【直播间】91164 的第 38 个心跳包发送成功
[02:56:23 INF] 【直播间】7184632 的第 38 个心跳包发送成功
[02:56:24 INF] 【直播间】23447660 的第 38 个心跳包发送成功
[02:56:26 INF] 【直播间】929670 的第 38 个心跳包发送成功
[02:56:27 INF] 【直播间】22764265 的第 38 个心跳包发送成功
[02:57:19 INF] 【直播间】23357926 的第 39 个心跳包发送成功
[02:57:20 INF] 【直播间】23040372 的第 39 个心跳包发送成功
[02:57:22 INF] 【直播间】31494 的第 39 个心跳包发送成功
[02:57:23 INF] 【直播间】4015781 的第 39 个心跳包发送成功
[02:57:24 INF] 【直播间】9619073 的第 39 个心跳包发送成功
[02:57:26 INF] 【直播间】407149 的第 39 个心跳包发送成功
[02:57:27 INF] 【直播间】11732699 的第 39 个心跳包发送成功
[02:57:28 INF] 【直播间】91164 的第 39 个心跳包发送成功
[02:57:30 INF] 【直播间】7184632 的第 39 个心跳包发送成功
[02:57:31 INF] 【直播间】23447660 的第 39 个心跳包发送成功
[02:57:32 INF] 【直播间】929670 的第 39 个心跳包发送成功
[02:57:33 INF] 【直播间】22764265 的第 39 个心跳包发送成功
[02:58:26 INF] 【直播间】23357926 的第 40 个心跳包发送成功
[02:58:27 INF] 【直播间】23040372 的第 40 个心跳包发送成功
[02:58:28 INF] 【直播间】31494 的第 40 个心跳包发送成功
[02:58:30 INF] 【直播间】4015781 的第 40 个心跳包发送成功
[02:58:31 INF] 【直播间】9619073 的第 40 个心跳包发送成功
[02:58:32 INF] 【直播间】407149 的第 40 个心跳包发送成功
[02:58:33 INF] 【直播间】11732699 的第 40 个心跳包发送成功
[02:58:35 INF] 【直播间】91164 的第 40 个心跳包发送成功
[02:58:36 INF] 【直播间】7184632 的第 40 个心跳包发送成功
[02:58:37 INF] 【直播间】23447660 的第 40 个心跳包发送成功
[02:58:38 INF] 【直播间】929670 的第 40 个心跳包发送成功
[02:58:40 INF] 【直播间】22764265 的第 40 个心跳包发送成功
[02:59:32 INF] 【直播间】23357926 的第 41 个心跳包发送成功
[02:59:33 INF] 【直播间】23040372 的第 41 个心跳包发送成功
[02:59:35 INF] 【直播间】31494 的第 41 个心跳包发送成功
[02:59:36 INF] 【直播间】4015781 的第 41 个心跳包发送成功
[02:59:37 INF] 【直播间】9619073 的第 41 个心跳包发送成功
[02:59:39 INF] 【直播间】407149 的第 41 个心跳包发送成功
[02:59:40 INF] 【直播间】11732699 的第 41 个心跳包发送成功
[02:59:41 INF] 【直播间】91164 的第 41 个心跳包发送成功
[02:59:42 INF] 【直播间】7184632 的第 41 个心跳包发送成功
[02:59:44 INF] 【直播间】23447660 的第 41 个心跳包发送成功
[02:59:45 INF] 【直播间】929670 的第 41 个心跳包发送成功
[02:59:46 INF] 【直播间】22764265 的第 41 个心跳包发送成功
[03:00:39 ERR] 【心跳包】直播间 23357926 发送失败
[03:00:39 ERR] 【原因】time check failed
[03:00:40 INF] 【直播间】23040372 的第 42 个心跳包发送成功
[03:00:41 INF] 【直播间】31494 的第 42 个心跳包发送成功
[03:00:43 ERR] 【心跳包】直播间 4015781 发送失败
[03:00:43 ERR] 【原因】time check failed
[03:00:44 ERR] 【心跳包】直播间 9619073 发送失败
[03:00:44 ERR] 【原因】time check failed
[03:00:45 ERR] 【心跳包】直播间 407149 发送失败
[03:00:45 ERR] 【原因】time check failed
[03:00:46 INF] 【直播间】11732699 的第 42 个心跳包发送成功
[03:00:48 INF] 【直播间】91164 的第 42 个心跳包发送成功
[03:00:49 ERR] 【心跳包】直播间 7184632 发送失败
[03:00:49 ERR] 【原因】time check failed
[03:00:50 ERR] 【心跳包】直播间 23447660 发送失败
[03:00:50 ERR] 【原因】time check failed
[03:00:51 INF] 【直播间】929670 的第 42 个心跳包发送成功
[03:00:53 ERR] 【心跳包】直播间 22764265 发送失败
[03:00:53 ERR] 【原因】time check failed
[03:01:45 INF] 【直播间】23357926 的第 42 个心跳包发送成功
[03:01:46 INF] 【直播间】23040372 的第 43 个心跳包发送成功
[03:01:48 ERR] 【心跳包】直播间 31494 发送失败
[03:01:48 ERR] 【原因】time check failed
[03:01:49 INF] 【直播间】4015781 的第 42 个心跳包发送成功
[03:01:50 INF] 【直播间】9619073 的第 42 个心跳包发送成功
[03:01:51 INF] 【直播间】407149 的第 42 个心跳包发送成功
[03:01:53 INF] 【直播间】11732699 的第 43 个心跳包发送成功
[03:01:54 ERR] 【心跳包】直播间 91164 发送失败
[03:01:54 ERR] 【原因】time check failed
[03:01:55 INF] 【直播间】7184632 的第 42 个心跳包发送成功
[03:01:56 INF] 【直播间】23447660 的第 42 个心跳包发送成功
[03:01:58 ERR] 【心跳包】直播间 929670 发送失败
[03:01:58 ERR] 【原因】time check failed
[03:01:59 INF] 【直播间】22764265 的第 42 个心跳包发送成功
[03:02:52 INF] 【直播间】23357926 的第 43 个心跳包发送成功
[03:02:53 ERR] 【心跳包】直播间 23040372 发送失败
[03:02:53 ERR] 【原因】time check failed
[03:02:54 INF] 【直播间】31494 的第 43 个心跳包发送成功
[03:02:56 INF] 【直播间】4015781 的第 43 个心跳包发送成功
[03:02:57 INF] 【直播间】9619073 的第 43 个心跳包发送成功
[03:02:58 INF] 【直播间】407149 的第 43 个心跳包发送成功
[03:02:59 ERR] 【心跳包】直播间 11732699 发送失败
[03:02:59 ERR] 【原因】time check failed
[03:03:01 INF] 【直播间】91164 的第 43 个心跳包发送成功
[03:03:02 INF] 【直播间】7184632 的第 43 个心跳包发送成功
[03:03:03 INF] 【直播间】23447660 的第 43 个心跳包发送成功
[03:03:04 INF] 【直播间】929670 的第 43 个心跳包发送成功
[03:03:06 INF] 【直播间】22764265 的第 43 个心跳包发送成功
[03:03:58 INF] 【直播间】23357926 的第 44 个心跳包发送成功
[03:04:00 INF] 【直播间】23040372 的第 44 个心跳包发送成功
[03:04:01 INF] 【直播间】31494 的第 44 个心跳包发送成功
[03:04:02 INF] 【直播间】4015781 的第 44 个心跳包发送成功
[03:04:03 INF] 【直播间】9619073 的第 44 个心跳包发送成功
[03:04:05 INF] 【直播间】407149 的第 44 个心跳包发送成功
[03:04:06 INF] 【直播间】11732699 的第 44 个心跳包发送成功
[03:04:07 INF] 【直播间】91164 的第 44 个心跳包发送成功
[03:04:08 INF] 【直播间】7184632 的第 44 个心跳包发送成功
[03:04:10 INF] 【直播间】23447660 的第 44 个心跳包发送成功
[03:04:11 INF] 【直播间】929670 的第 44 个心跳包发送成功
[03:04:12 INF] 【直播间】22764265 的第 44 个心跳包发送成功
[03:05:05 INF] 【直播间】23357926 的第 45 个心跳包发送成功
[03:05:06 INF] 【直播间】23040372 的第 45 个心跳包发送成功
[03:05:07 INF] 【直播间】31494 的第 45 个心跳包发送成功
[03:05:09 INF] 【直播间】4015781 的第 45 个心跳包发送成功
[03:05:10 INF] 【直播间】9619073 的第 45 个心跳包发送成功
[03:05:11 INF] 【直播间】407149 的第 45 个心跳包发送成功
[03:05:12 INF] 【直播间】11732699 的第 45 个心跳包发送成功
[03:05:14 INF] 【直播间】91164 的第 45 个心跳包发送成功
[03:05:15 INF] 【直播间】7184632 的第 45 个心跳包发送成功
[03:05:16 INF] 【直播间】23447660 的第 45 个心跳包发送成功
[03:05:18 INF] 【直播间】929670 的第 45 个心跳包发送成功
[03:05:19 INF] 【直播间】22764265 的第 45 个心跳包发送成功
[03:06:11 INF] 【直播间】23357926 的第 46 个心跳包发送成功
[03:06:12 INF] 【直播间】23040372 的第 46 个心跳包发送成功
[03:06:14 INF] 【直播间】31494 的第 46 个心跳包发送成功
[03:06:15 INF] 【直播间】4015781 的第 46 个心跳包发送成功
[03:06:16 INF] 【直播间】9619073 的第 46 个心跳包发送成功
[03:06:17 INF] 【直播间】407149 的第 46 个心跳包发送成功
[03:06:19 INF] 【直播间】11732699 的第 46 个心跳包发送成功
[03:06:20 INF] 【直播间】91164 的第 46 个心跳包发送成功
[03:06:21 INF] 【直播间】7184632 的第 46 个心跳包发送成功
[03:06:23 INF] 【直播间】23447660 的第 46 个心跳包发送成功
[03:06:24 INF] 【直播间】929670 的第 46 个心跳包发送成功
[03:06:25 INF] 【直播间】22764265 的第 46 个心跳包发送成功
[03:07:18 INF] 【直播间】23357926 的第 47 个心跳包发送成功
[03:07:19 INF] 【直播间】23040372 的第 47 个心跳包发送成功
[03:07:20 INF] 【直播间】31494 的第 47 个心跳包发送成功
[03:07:21 INF] 【直播间】4015781 的第 47 个心跳包发送成功
[03:07:22 INF] 【直播间】9619073 的第 47 个心跳包发送成功
[03:07:24 INF] 【直播间】407149 的第 47 个心跳包发送成功
[03:07:25 INF] 【直播间】11732699 的第 47 个心跳包发送成功
[03:07:26 INF] 【直播间】91164 的第 47 个心跳包发送成功
[03:07:28 INF] 【直播间】7184632 的第 47 个心跳包发送成功
[03:07:29 INF] 【直播间】23447660 的第 47 个心跳包发送成功
[03:07:30 INF] 【直播间】929670 的第 47 个心跳包发送成功
[03:07:31 INF] 【直播间】22764265 的第 47 个心跳包发送成功
[03:08:24 INF] 【直播间】23357926 的第 48 个心跳包发送成功
[03:08:25 INF] 【直播间】23040372 的第 48 个心跳包发送成功
[03:08:27 INF] 【直播间】31494 的第 48 个心跳包发送成功
[03:08:28 INF] 【直播间】4015781 的第 48 个心跳包发送成功
[03:08:29 INF] 【直播间】9619073 的第 48 个心跳包发送成功
[03:08:31 INF] 【直播间】407149 的第 48 个心跳包发送成功
[03:08:32 INF] 【直播间】11732699 的第 48 个心跳包发送成功
[03:08:33 INF] 【直播间】91164 的第 48 个心跳包发送成功
[03:08:34 INF] 【直播间】7184632 的第 48 个心跳包发送成功
[03:08:36 INF] 【直播间】23447660 的第 48 个心跳包发送成功
[03:08:37 INF] 【直播间】929670 的第 48 个心跳包发送成功
[03:08:38 INF] 【直播间】22764265 的第 48 个心跳包发送成功
[03:09:31 INF] 【直播间】23357926 的第 49 个心跳包发送成功
[03:09:32 INF] 【直播间】23040372 的第 49 个心跳包发送成功
[03:09:33 INF] 【直播间】31494 的第 49 个心跳包发送成功
[03:09:34 INF] 【直播间】4015781 的第 49 个心跳包发送成功
[03:09:36 INF] 【直播间】9619073 的第 49 个心跳包发送成功
[03:09:37 INF] 【直播间】407149 的第 49 个心跳包发送成功
[03:09:38 INF] 【直播间】11732699 的第 49 个心跳包发送成功
[03:09:39 INF] 【直播间】91164 的第 49 个心跳包发送成功
[03:09:41 INF] 【直播间】7184632 的第 49 个心跳包发送成功
[03:09:42 INF] 【直播间】23447660 的第 49 个心跳包发送成功
[03:09:43 INF] 【直播间】929670 的第 49 个心跳包发送成功
[03:09:45 INF] 【直播间】22764265 的第 49 个心跳包发送成功
[03:10:37 INF] 【直播间】23357926 的第 50 个心跳包发送成功
[03:10:38 INF] 【直播间】23040372 的第 50 个心跳包发送成功
[03:10:40 INF] 【直播间】31494 的第 50 个心跳包发送成功
[03:10:41 INF] 【直播间】4015781 的第 50 个心跳包发送成功
[03:10:42 INF] 【直播间】9619073 的第 50 个心跳包发送成功
[03:10:43 INF] 【直播间】407149 的第 50 个心跳包发送成功
[03:10:45 INF] 【直播间】11732699 的第 50 个心跳包发送成功
[03:10:46 INF] 【直播间】91164 的第 50 个心跳包发送成功
[03:10:47 INF] 【直播间】7184632 的第 50 个心跳包发送成功
[03:10:48 INF] 【直播间】23447660 的第 50 个心跳包发送成功
[03:10:50 INF] 【直播间】929670 的第 50 个心跳包发送成功
[03:10:51 INF] 【直播间】22764265 的第 50 个心跳包发送成功
[03:11:43 INF] 【直播间】23357926 的第 51 个心跳包发送成功
[03:11:45 INF] 【直播间】23040372 的第 51 个心跳包发送成功
[03:11:46 INF] 【直播间】31494 的第 51 个心跳包发送成功
[03:11:47 INF] 【直播间】4015781 的第 51 个心跳包发送成功
[03:11:49 INF] 【直播间】9619073 的第 51 个心跳包发送成功
[03:11:50 INF] 【直播间】407149 的第 51 个心跳包发送成功
[03:11:51 INF] 【直播间】11732699 的第 51 个心跳包发送成功
[03:11:52 INF] 【直播间】91164 的第 51 个心跳包发送成功
[03:11:54 INF] 【直播间】7184632 的第 51 个心跳包发送成功
[03:11:55 INF] 【直播间】23447660 的第 51 个心跳包发送成功
[03:11:56 INF] 【直播间】929670 的第 51 个心跳包发送成功
[03:11:57 INF] 【直播间】22764265 的第 51 个心跳包发送成功
[03:12:50 INF] 【直播间】23357926 的第 52 个心跳包发送成功
[03:12:51 INF] 【直播间】23040372 的第 52 个心跳包发送成功
[03:12:52 INF] 【直播间】31494 的第 52 个心跳包发送成功
[03:12:54 INF] 【直播间】4015781 的第 52 个心跳包发送成功
[03:12:55 INF] 【直播间】9619073 的第 52 个心跳包发送成功
[03:12:56 INF] 【直播间】407149 的第 52 个心跳包发送成功
[03:12:57 INF] 【直播间】11732699 的第 52 个心跳包发送成功
[03:12:59 INF] 【直播间】91164 的第 52 个心跳包发送成功
[03:13:00 INF] 【直播间】7184632 的第 52 个心跳包发送成功
[03:13:01 INF] 【直播间】23447660 的第 52 个心跳包发送成功
[03:13:03 INF] 【直播间】929670 的第 52 个心跳包发送成功
[03:13:04 INF] 【直播间】22764265 的第 52 个心跳包发送成功
[03:13:56 INF] 【直播间】23357926 的第 53 个心跳包发送成功
[03:13:58 INF] 【直播间】23040372 的第 53 个心跳包发送成功
[03:13:59 INF] 【直播间】31494 的第 53 个心跳包发送成功
[03:14:00 INF] 【直播间】4015781 的第 53 个心跳包发送成功
[03:14:02 INF] 【直播间】9619073 的第 53 个心跳包发送成功
[03:14:03 INF] 【直播间】407149 的第 53 个心跳包发送成功
[03:14:04 INF] 【直播间】11732699 的第 53 个心跳包发送成功
[03:14:05 INF] 【直播间】91164 的第 53 个心跳包发送成功
[03:14:07 INF] 【直播间】7184632 的第 53 个心跳包发送成功
[03:14:08 INF] 【直播间】23447660 的第 53 个心跳包发送成功
[03:14:09 INF] 【直播间】929670 的第 53 个心跳包发送成功
[03:14:11 INF] 【直播间】22764265 的第 53 个心跳包发送成功
[03:15:03 INF] 【直播间】23357926 的第 54 个心跳包发送成功
[03:15:04 INF] 【直播间】23040372 的第 54 个心跳包发送成功
[03:15:05 INF] 【直播间】31494 的第 54 个心跳包发送成功
[03:15:07 INF] 【直播间】4015781 的第 54 个心跳包发送成功
[03:15:08 INF] 【直播间】9619073 的第 54 个心跳包发送成功
[03:15:09 INF] 【直播间】407149 的第 54 个心跳包发送成功
[03:15:10 INF] 【直播间】11732699 的第 54 个心跳包发送成功
[03:15:12 INF] 【直播间】91164 的第 54 个心跳包发送成功
[03:15:13 INF] 【直播间】7184632 的第 54 个心跳包发送成功
[03:15:14 INF] 【直播间】23447660 的第 54 个心跳包发送成功
[03:15:16 INF] 【直播间】929670 的第 54 个心跳包发送成功
[03:15:17 INF] 【直播间】22764265 的第 54 个心跳包发送成功
[03:16:09 INF] 【直播间】23357926 的第 55 个心跳包发送成功
[03:16:11 INF] 【直播间】23040372 的第 55 个心跳包发送成功
[03:16:12 INF] 【直播间】31494 的第 55 个心跳包发送成功
[03:16:13 INF] 【直播间】4015781 的第 55 个心跳包发送成功
[03:16:14 INF] 【直播间】9619073 的第 55 个心跳包发送成功
[03:16:16 INF] 【直播间】407149 的第 55 个心跳包发送成功
[03:16:17 INF] 【直播间】11732699 的第 55 个心跳包发送成功
[03:16:18 INF] 【直播间】91164 的第 55 个心跳包发送成功
[03:16:19 INF] 【直播间】7184632 的第 55 个心跳包发送成功
[03:16:21 ERR] 【心跳包】直播间 23447660 发送失败
[03:16:21 ERR] 【原因】time check failed
[03:16:22 INF] 【直播间】929670 的第 55 个心跳包发送成功
[03:16:23 INF] 【直播间】22764265 的第 55 个心跳包发送成功
[03:17:16 ERR] 【心跳包】直播间 23357926 发送失败
[03:17:16 ERR] 【原因】time check failed
[03:17:17 INF] 【直播间】23040372 的第 56 个心跳包发送成功
[03:17:19 INF] 【直播间】31494 的第 56 个心跳包发送成功
[03:17:20 ERR] 【心跳包】直播间 4015781 发送失败
[03:17:20 ERR] 【原因】time check failed
[03:17:21 ERR] 【心跳包】直播间 9619073 发送失败
[03:17:21 ERR] 【原因】time check failed
[03:17:22 ERR] 【心跳包】直播间 407149 发送失败
[03:17:22 ERR] 【原因】time check failed
[03:17:23 INF] 【直播间】11732699 的第 56 个心跳包发送成功
[03:17:25 ERR] 【心跳包】直播间 91164 发送失败
[03:17:25 ERR] 【原因】time check failed
[03:17:26 ERR] 【心跳包】直播间 7184632 发送失败
[03:17:26 ERR] 【原因】time check failed
[03:17:27 INF] 【直播间】23447660 的第 55 个心跳包发送成功
[03:17:28 INF] 【直播间】929670 的第 56 个心跳包发送成功
[03:17:30 ERR] 【心跳包】直播间 22764265 发送失败
[03:17:30 ERR] 【原因】time check failed
[03:18:22 INF] 【直播间】23357926 的第 56 个心跳包发送成功
[03:18:24 INF] 【直播间】23040372 的第 57 个心跳包发送成功
[03:18:25 ERR] 【心跳包】直播间 31494 发送失败
[03:18:25 ERR] 【原因】time check failed
[03:18:26 INF] 【直播间】4015781 的第 56 个心跳包发送成功
[03:18:27 INF] 【直播间】9619073 的第 56 个心跳包发送成功
[03:18:29 INF] 【直播间】407149 的第 56 个心跳包发送成功
[03:18:30 ERR] 【心跳包】直播间 11732699 发送失败
[03:18:30 ERR] 【原因】time check failed
[03:18:31 INF] 【直播间】91164 的第 56 个心跳包发送成功
[03:18:32 INF] 【直播间】7184632 的第 56 个心跳包发送成功
[03:18:33 INF] 【直播间】23447660 的第 56 个心跳包发送成功
[03:18:35 ERR] 【心跳包】直播间 929670 发送失败
[03:18:35 ERR] 【原因】time check failed
[03:18:36 INF] 【直播间】22764265 的第 56 个心跳包发送成功
[03:19:29 INF] 【直播间】23357926 的第 57 个心跳包发送成功
[03:19:30 ERR] 【心跳包】直播间 23040372 发送失败
[03:19:30 ERR] 【原因】time check failed
[03:19:31 INF] 【直播间】31494 的第 57 个心跳包发送成功
[03:19:32 INF] 【直播间】4015781 的第 57 个心跳包发送成功
[03:19:34 INF] 【直播间】9619073 的第 57 个心跳包发送成功
[03:19:35 INF] 【直播间】407149 的第 57 个心跳包发送成功
[03:19:36 INF] 【直播间】11732699 的第 57 个心跳包发送成功
[03:19:37 INF] 【直播间】91164 的第 57 个心跳包发送成功
[03:19:39 INF] 【直播间】7184632 的第 57 个心跳包发送成功
[03:19:40 INF] 【直播间】23447660 的第 57 个心跳包发送成功
[03:19:41 INF] 【直播间】929670 的第 57 个心跳包发送成功
[03:19:42 INF] 【直播间】22764265 的第 57 个心跳包发送成功
[03:20:35 INF] 【直播间】23357926 的第 58 个心跳包发送成功
[03:20:37 INF] 【直播间】23040372 的第 58 个心跳包发送成功
[03:20:38 INF] 【直播间】31494 的第 58 个心跳包发送成功
[03:20:39 INF] 【直播间】4015781 的第 58 个心跳包发送成功
[03:20:40 INF] 【直播间】9619073 的第 58 个心跳包发送成功
[03:20:42 INF] 【直播间】407149 的第 58 个心跳包发送成功
[03:20:43 INF] 【直播间】11732699 的第 58 个心跳包发送成功
[03:20:44 INF] 【直播间】91164 的第 58 个心跳包发送成功
[03:20:45 INF] 【直播间】7184632 的第 58 个心跳包发送成功
[03:20:46 INF] 【直播间】23447660 的第 58 个心跳包发送成功
[03:20:48 INF] 【直播间】929670 的第 58 个心跳包发送成功
[03:20:49 INF] 【直播间】22764265 的第 58 个心跳包发送成功
[03:21:42 INF] 【直播间】23357926 的第 59 个心跳包发送成功
[03:21:43 INF] 【直播间】23040372 的第 59 个心跳包发送成功
[03:21:44 INF] 【直播间】31494 的第 59 个心跳包发送成功
[03:21:46 INF] 【直播间】4015781 的第 59 个心跳包发送成功
[03:21:47 INF] 【直播间】9619073 的第 59 个心跳包发送成功
[03:21:48 INF] 【直播间】407149 的第 59 个心跳包发送成功
[03:21:49 INF] 【直播间】11732699 的第 59 个心跳包发送成功
[03:21:51 INF] 【直播间】91164 的第 59 个心跳包发送成功
[03:21:52 INF] 【直播间】7184632 的第 59 个心跳包发送成功
[03:21:53 INF] 【直播间】23447660 的第 59 个心跳包发送成功
[03:21:54 INF] 【直播间】929670 的第 59 个心跳包发送成功
[03:21:55 INF] 【直播间】22764265 的第 59 个心跳包发送成功
[03:22:48 INF] 【直播间】23357926 的第 60 个心跳包发送成功
[03:22:50 INF] 【直播间】23040372 的第 60 个心跳包发送成功
[03:22:51 INF] 【直播间】31494 的第 60 个心跳包发送成功
[03:22:52 INF] 【直播间】4015781 的第 60 个心跳包发送成功
[03:22:53 INF] 【直播间】9619073 的第 60 个心跳包发送成功
[03:22:55 INF] 【直播间】407149 的第 60 个心跳包发送成功
[03:22:56 INF] 【直播间】11732699 的第 60 个心跳包发送成功
[03:22:57 INF] 【直播间】91164 的第 60 个心跳包发送成功
[03:22:58 INF] 【直播间】7184632 的第 60 个心跳包发送成功
[03:23:00 INF] 【直播间】23447660 的第 60 个心跳包发送成功
[03:23:01 INF] 【直播间】929670 的第 60 个心跳包发送成功
[03:23:02 INF] 【直播间】22764265 的第 60 个心跳包发送成功
[03:23:55 INF] 【直播间】23357926 的第 61 个心跳包发送成功
[03:23:56 INF] 【直播间】23040372 的第 61 个心跳包发送成功
[03:23:57 INF] 【直播间】31494 的第 61 个心跳包发送成功
[03:23:58 INF] 【直播间】4015781 的第 61 个心跳包发送成功
[03:24:00 INF] 【直播间】9619073 的第 61 个心跳包发送成功
[03:24:01 INF] 【直播间】407149 的第 61 个心跳包发送成功
[03:24:02 INF] 【直播间】11732699 的第 61 个心跳包发送成功
[03:24:04 INF] 【直播间】91164 的第 61 个心跳包发送成功
[03:24:05 INF] 【直播间】7184632 的第 61 个心跳包发送成功
[03:24:06 INF] 【直播间】23447660 的第 61 个心跳包发送成功
[03:24:07 INF] 【直播间】929670 的第 61 个心跳包发送成功
[03:24:09 INF] 【直播间】22764265 的第 61 个心跳包发送成功
[03:25:01 INF] 【直播间】23357926 的第 62 个心跳包发送成功
[03:25:02 INF] 【直播间】23040372 的第 62 个心跳包发送成功
[03:25:04 INF] 【直播间】31494 的第 62 个心跳包发送成功
[03:25:05 INF] 【直播间】4015781 的第 62 个心跳包发送成功
[03:25:06 INF] 【直播间】9619073 的第 62 个心跳包发送成功
[03:25:07 INF] 【直播间】407149 的第 62 个心跳包发送成功
[03:25:09 INF] 【直播间】11732699 的第 62 个心跳包发送成功
[03:25:10 INF] 【直播间】91164 的第 62 个心跳包发送成功
[03:25:11 INF] 【直播间】7184632 的第 62 个心跳包发送成功
[03:25:12 INF] 【直播间】23447660 的第 62 个心跳包发送成功
[03:25:14 INF] 【直播间】929670 的第 62 个心跳包发送成功
[03:25:15 INF] 【直播间】22764265 的第 62 个心跳包发送成功
[03:26:08 INF] 【直播间】23357926 的第 63 个心跳包发送成功
[03:26:09 INF] 【直播间】23040372 的第 63 个心跳包发送成功
[03:26:10 INF] 【直播间】31494 的第 63 个心跳包发送成功
[03:26:11 INF] 【直播间】4015781 的第 63 个心跳包发送成功
[03:26:13 INF] 【直播间】9619073 的第 63 个心跳包发送成功
[03:26:14 INF] 【直播间】407149 的第 63 个心跳包发送成功
[03:26:15 INF] 【直播间】11732699 的第 63 个心跳包发送成功
[03:26:16 INF] 【直播间】91164 的第 63 个心跳包发送成功
[03:26:18 INF] 【直播间】7184632 的第 63 个心跳包发送成功
[03:26:19 INF] 【直播间】23447660 的第 63 个心跳包发送成功
[03:26:20 INF] 【直播间】929670 的第 63 个心跳包发送成功
[03:26:21 INF] 【直播间】22764265 的第 63 个心跳包发送成功
[03:27:14 INF] 【直播间】23357926 的第 64 个心跳包发送成功
[03:27:15 INF] 【直播间】23040372 的第 64 个心跳包发送成功
[03:27:17 INF] 【直播间】31494 的第 64 个心跳包发送成功
[03:27:18 INF] 【直播间】4015781 的第 64 个心跳包发送成功
[03:27:19 INF] 【直播间】9619073 的第 64 个心跳包发送成功
[03:27:20 INF] 【直播间】407149 的第 64 个心跳包发送成功
[03:27:21 INF] 【直播间】11732699 的第 64 个心跳包发送成功
[03:27:23 INF] 【直播间】91164 的第 64 个心跳包发送成功
[03:27:24 INF] 【直播间】7184632 的第 64 个心跳包发送成功
[03:27:25 INF] 【直播间】23447660 的第 64 个心跳包发送成功
[03:27:27 INF] 【直播间】929670 的第 64 个心跳包发送成功
[03:27:28 INF] 【直播间】22764265 的第 64 个心跳包发送成功
[03:28:20 INF] 【直播间】23357926 的第 65 个心跳包发送成功
[03:28:22 INF] 【直播间】23040372 的第 65 个心跳包发送成功
[03:28:23 INF] 【直播间】31494 的第 65 个心跳包发送成功
[03:28:24 INF] 【直播间】4015781 的第 65 个心跳包发送成功
[03:28:26 INF] 【直播间】9619073 的第 65 个心跳包发送成功
[03:28:27 INF] 【直播间】407149 的第 65 个心跳包发送成功
[03:28:28 INF] 【直播间】11732699 的第 65 个心跳包发送成功
[03:28:29 INF] 【直播间】91164 的第 65 个心跳包发送成功
[03:28:30 INF] 【直播间】7184632 的第 65 个心跳包发送成功
[03:28:32 INF] 【直播间】23447660 的第 65 个心跳包发送成功
[03:28:33 INF] 【直播间】929670 的第 65 个心跳包发送成功
[03:28:34 INF] 【直播间】22764265 的第 65 个心跳包发送成功
[03:29:27 INF] 【直播间】23357926 的第 66 个心跳包发送成功
[03:29:28 INF] 【直播间】23040372 的第 66 个心跳包发送成功
[03:29:30 INF] 【直播间】31494 的第 66 个心跳包发送成功
[03:29:31 INF] 【直播间】4015781 的第 66 个心跳包发送成功
[03:29:32 INF] 【直播间】9619073 的第 66 个心跳包发送成功
[03:29:33 INF] 【直播间】407149 的第 66 个心跳包发送成功
[03:29:35 INF] 【直播间】11732699 的第 66 个心跳包发送成功
[03:29:36 INF] 【直播间】91164 的第 66 个心跳包发送成功
[03:29:37 INF] 【直播间】7184632 的第 66 个心跳包发送成功
[03:29:38 INF] 【直播间】23447660 的第 66 个心跳包发送成功
[03:29:40 INF] 【直播间】929670 的第 66 个心跳包发送成功
[03:29:41 INF] 【直播间】22764265 的第 66 个心跳包发送成功
[03:30:33 INF] 【直播间】23357926 的第 67 个心跳包发送成功
[03:30:35 INF] 【直播间】23040372 的第 67 个心跳包发送成功
[03:30:36 INF] 【直播间】31494 的第 67 个心跳包发送成功
[03:30:37 INF] 【直播间】4015781 的第 67 个心跳包发送成功
[03:30:38 INF] 【直播间】9619073 的第 67 个心跳包发送成功
[03:30:40 INF] 【直播间】407149 的第 67 个心跳包发送成功
[03:30:41 INF] 【直播间】11732699 的第 67 个心跳包发送成功
[03:30:42 INF] 【直播间】91164 的第 67 个心跳包发送成功
[03:30:43 INF] 【直播间】7184632 的第 67 个心跳包发送成功
[03:30:45 INF] 【直播间】23447660 的第 67 个心跳包发送成功
[03:30:46 INF] 【直播间】929670 的第 67 个心跳包发送成功
[03:30:47 INF] 【直播间】22764265 的第 67 个心跳包发送成功
[03:31:40 INF] 【直播间】23357926 的第 68 个心跳包发送成功
[03:31:41 INF] 【直播间】23040372 的第 68 个心跳包发送成功
[03:31:42 INF] 【直播间】31494 的第 68 个心跳包发送成功
[03:31:44 INF] 【直播间】4015781 的第 68 个心跳包发送成功
[03:31:45 INF] 【直播间】9619073 的第 68 个心跳包发送成功
[03:31:46 INF] 【直播间】407149 的第 68 个心跳包发送成功
[03:31:48 INF] 【直播间】11732699 的第 68 个心跳包发送成功
[03:31:49 INF] 【直播间】91164 的第 68 个心跳包发送成功
[03:31:50 INF] 【直播间】7184632 的第 68 个心跳包发送成功
[03:31:51 INF] 【直播间】23447660 的第 68 个心跳包发送成功
[03:31:53 INF] 【直播间】929670 的第 68 个心跳包发送成功
[03:31:54 INF] 【直播间】22764265 的第 68 个心跳包发送成功
[03:32:47 INF] 【直播间】23357926 的第 69 个心跳包发送成功
[03:32:48 INF] 【直播间】23040372 的第 69 个心跳包发送成功
[03:32:49 INF] 【直播间】31494 的第 69 个心跳包发送成功
[03:32:50 INF] 【直播间】4015781 的第 69 个心跳包发送成功
[03:32:51 INF] 【直播间】9619073 的第 69 个心跳包发送成功
[03:32:53 ERR] 【心跳包】直播间 407149 发送失败
[03:32:53 ERR] 【原因】time check failed
[03:32:54 INF] 【直播间】11732699 的第 69 个心跳包发送成功
[03:32:55 INF] 【直播间】91164 的第 69 个心跳包发送成功
[03:32:57 INF] 【直播间】7184632 的第 69 个心跳包发送成功
[03:32:58 ERR] 【心跳包】直播间 23447660 发送失败
[03:32:58 ERR] 【原因】time check failed
[03:32:59 INF] 【直播间】929670 的第 69 个心跳包发送成功
[03:33:00 INF] 【直播间】22764265 的第 69 个心跳包发送成功
[03:33:53 ERR] 【心跳包】直播间 23357926 发送失败
[03:33:53 ERR] 【原因】time check failed
[03:33:54 INF] 【直播间】23040372 的第 70 个心跳包发送成功
[03:33:56 INF] 【直播间】31494 的第 70 个心跳包发送成功
[03:33:57 ERR] 【心跳包】直播间 4015781 发送失败
[03:33:57 ERR] 【原因】time check failed
[03:33:58 ERR] 【心跳包】直播间 9619073 发送失败
[03:33:58 ERR] 【原因】time check failed
[03:33:59 INF] 【直播间】407149 的第 69 个心跳包发送成功
[03:34:01 INF] 【直播间】11732699 的第 70 个心跳包发送成功
[03:34:02 ERR] 【心跳包】直播间 91164 发送失败
[03:34:02 ERR] 【原因】time check failed
[03:34:03 ERR] 【心跳包】直播间 7184632 发送失败
[03:34:03 ERR] 【原因】time check failed
[03:34:04 INF] 【直播间】23447660 的第 69 个心跳包发送成功
[03:34:05 INF] 【直播间】929670 的第 70 个心跳包发送成功
[03:34:07 ERR] 【心跳包】直播间 22764265 发送失败
[03:34:07 ERR] 【原因】time check failed
[03:35:00 INF] 【直播间】23357926 的第 70 个心跳包发送成功
[03:35:01 ERR] 【心跳包】直播间 23040372 发送失败
[03:35:01 ERR] 【原因】time check failed
[03:35:02 ERR] 【心跳包】直播间 31494 发送失败
[03:35:02 ERR] 【原因】time check failed
[03:35:03 INF] 【直播间】4015781 的第 70 个心跳包发送成功
[03:35:05 INF] 【直播间】9619073 的第 70 个心跳包发送成功
[03:35:06 INF] 【直播间】407149 的第 70 个心跳包发送成功
[03:35:07 ERR] 【心跳包】直播间 11732699 发送失败
[03:35:07 ERR] 【原因】time check failed
[03:35:08 INF] 【直播间】91164 的第 70 个心跳包发送成功
[03:35:10 INF] 【直播间】7184632 的第 70 个心跳包发送成功
[03:35:11 INF] 【直播间】23447660 的第 70 个心跳包发送成功
[03:35:12 ERR] 【心跳包】直播间 929670 发送失败
[03:35:12 ERR] 【原因】time check failed
[03:35:13 INF] 【直播间】22764265 的第 70 个心跳包发送成功
[03:35:13 INF] 【直播观看时长】完成情况：12/12 
[03:35:13 INF] ---------结束---------

[03:35:13 INF] ==========结束==========

[03:35:13 INF] ######### 账号 3 #########

[03:35:13 INF] =====开始 直播间互动 =====

[03:35:13 INF] ---开始 发送弹幕 ---
[03:35:13 INF] 检测到直播 Cookie 未正确配置，尝试自动配置中...
[03:35:18 INF] 直播 Cookie 配置成功！
[03:35:18 INF] 【获取直播列表】获取拥有粉丝牌的直播列表
[03:35:24 ERR] 【获取直播列表】失败
[03:35:24 ERR] 【原因】账号未登录
[03:35:24 ERR] 发送弹幕失败，继续其他任务。失败信息:Object reference not set to an instance of an object.

[03:35:24 INF] -------结束-------

[03:35:24 INF] ---开始 点赞直播间 ---
[03:35:24 INF] 【获取直播列表】获取拥有粉丝牌的直播列表
[03:35:28 ERR] 【获取直播列表】失败
[03:35:28 ERR] 【原因】账号未登录
[03:35:28 ERR] 点赞直播间失败，继续其他任务。失败信息:Object reference not set to an instance of an object.

[03:35:28 INF] --------结束--------

[03:35:28 INF] ---开始 直播时长挂机 ---
[03:35:28 INF] 【获取直播列表】获取拥有粉丝牌的直播列表
[03:35:36 ERR] 【获取直播列表】失败
[03:35:36 ERR] 【原因】账号未登录
[03:35:36 ERR] 直播时长挂机失败，继续其他任务。失败信息:Object reference not set to an instance of an object.

[03:35:36 INF] ---------结束---------

[03:35:36 INF] ==========结束==========

[03:35:36 INF] 

========================

 v2.0.1 开源 by https://github.com/RayWangQvQ/BiliBiliToolPro

[03:35:36 INF] ·开始推送·LiveFansMedal任务·
2023-11-01T19:35:36.2972343Z 开始推送到:PushPlus
2023-11-01T19:35:37.6490852Z Response status: OK.
2023-11-01T19:35:37.6491317Z Response content: {"code":999,"msg":"发送内容过大，不能超过2万字","data":null}.

[03:35:37 INF] 运行环境：Development
[03:35:37 INF] 应用目录：/home/runner/work/BiliBiliToolPro/BiliBiliToolPro/src/Ray.BiliBiliTool.Console/bin/Debug/net6.0/

[03:35:37 INF] 运行结束
