----------- ip 信息 ---------
{
  "ip": "13.64.10.201",
  "city": "San Francisco",
  "region": "California",
  "country": "US",
  "loc": "37.7749,-122.4194",
  "org": "AS8075 Microsoft Corporation",
  "postal": "94102",
  "timezone": "America/Los_Angeles",
  "readme": "https://ipinfo.io/missingauth"
} ---------- end ------------
  ____               ____    _   _____           _  
 |  _ \ __ _ _   _  | __ ) _| |_|_   _|__   ___ | | 
 | |_) / _` | | | | |  _ \(_) (_) | |/ _ \ / _ \| | 
 |  _ < (_| | |_| | | |_) | | | | | | (_) | (_) | | 
 |_| \_\__,_|\__, | |____/|_|_|_| |_|\___/ \___/|_| 
             |___/                                  

[00:31:35 INF] BiliBiliToolPro 开始运行...

[00:31:35 INF] 【账号个数】3个

[00:31:35 INF] 随机休眠1分钟

[00:32:35 INF] 【目标任务】LiveFansMedal
[00:32:35 INF] ######### 账号 1 #########

[00:32:36 INF] =====开始 直播间互动 =====

[00:32:36 INF] ---开始 发送弹幕 ---
[00:32:36 INF] 检测到直播 Cookie 未正确配置，尝试自动配置中...
[00:32:41 INF] 直播 Cookie 配置成功！
[00:32:41 INF] 【获取直播列表】获取拥有粉丝牌的直播列表
[00:32:45 INF] 【主播】Mark陌枫 
[00:33:05 INF] 【主播】KL_qiqi_ 
[00:33:16 INF] 【主播】苏打baka 
[00:33:31 INF] 【直播间】Mark陌枫
[00:33:31 INF] 【粉丝牌】馬楓
[00:33:31 INF] 正在发送弹幕...
[00:33:34 INF] 【直播间】KL_qiqi_
[00:33:34 INF] 【粉丝牌】qiqisb
[00:33:34 INF] 正在发送弹幕...
[00:33:41 INF] 【直播间】苏打baka
[00:33:41 INF] 【粉丝牌】碳酸钠
[00:33:41 INF] 正在发送弹幕...
[00:33:45 INF] 【弹幕发送】成功~，你和主播 Mark陌枫 的亲密值增加了100！
[00:33:46 INF] -------结束-------

[00:33:46 INF] ---开始 点赞直播间 ---
[00:33:46 INF] 【获取直播列表】获取拥有粉丝牌的直播列表
[00:33:53 INF] 【弹幕发送】成功~，你和主播 KL_qiqi_ 的亲密值增加了100！
[00:33:54 INF] 【主播】Mark陌枫 
[00:34:00 INF] 【弹幕发送】成功~，你和主播 苏打baka 的亲密值增加了100！
[00:34:09 INF] 【主播】KL_qiqi_ 
[00:34:26 INF] 【主播】苏打baka 
[00:34:44 INF] 【点赞直播间】23357926 完成
[00:34:51 INF] 【点赞直播间】407149 完成
[00:34:58 INF] --------结束--------

[00:34:58 INF] ---开始 直播时长挂机 ---
[00:34:58 INF] 【获取直播列表】获取拥有粉丝牌的直播列表
[00:34:59 INF] 【点赞直播间】23040372 完成
[00:35:04 INF] 【主播】Mark陌枫 
[00:35:20 INF] 【主播】KL_qiqi_ 
[00:35:37 INF] 【主播】苏打baka 
[00:35:55 INF] 【直播间】23357926 的第 1 个心跳包发送成功
[00:35:57 INF] 【直播间】407149 的第 1 个心跳包发送成功
[00:35:58 INF] 【直播间】23040372 的第 1 个心跳包发送成功
[00:37:02 INF] 【直播间】23357926 的第 2 个心跳包发送成功
[00:37:03 INF] 【直播间】407149 的第 2 个心跳包发送成功
[00:37:04 INF] 【直播间】23040372 的第 2 个心跳包发送成功
[00:38:08 INF] 【直播间】23357926 的第 3 个心跳包发送成功
[00:38:10 INF] 【直播间】407149 的第 3 个心跳包发送成功
[00:38:11 INF] 【直播间】23040372 的第 3 个心跳包发送成功
[00:39:15 INF] 【直播间】23357926 的第 4 个心跳包发送成功
[00:39:16 INF] 【直播间】407149 的第 4 个心跳包发送成功
[00:39:17 INF] 【直播间】23040372 的第 4 个心跳包发送成功
[00:40:21 INF] 【直播间】23357926 的第 5 个心跳包发送成功
[00:40:22 INF] 【直播间】407149 的第 5 个心跳包发送成功
[00:40:24 INF] 【直播间】23040372 的第 5 个心跳包发送成功
[00:41:27 INF] 【直播间】23357926 的第 6 个心跳包发送成功
[00:41:29 INF] 【直播间】407149 的第 6 个心跳包发送成功
[00:41:30 INF] 【直播间】23040372 的第 6 个心跳包发送成功
[00:42:34 INF] 【直播间】23357926 的第 7 个心跳包发送成功
[00:42:35 INF] 【直播间】407149 的第 7 个心跳包发送成功
[00:42:36 INF] 【直播间】23040372 的第 7 个心跳包发送成功
[00:43:40 INF] 【直播间】23357926 的第 8 个心跳包发送成功
[00:43:42 INF] 【直播间】407149 的第 8 个心跳包发送成功
[00:43:43 INF] 【直播间】23040372 的第 8 个心跳包发送成功
[00:44:47 INF] 【直播间】23357926 的第 9 个心跳包发送成功
[00:44:48 INF] 【直播间】407149 的第 9 个心跳包发送成功
[00:44:49 INF] 【直播间】23040372 的第 9 个心跳包发送成功
[00:45:53 INF] 【直播间】23357926 的第 10 个心跳包发送成功
[00:45:54 INF] 【直播间】407149 的第 10 个心跳包发送成功
[00:45:55 INF] 【直播间】23040372 的第 10 个心跳包发送成功
[00:46:59 INF] 【直播间】23357926 的第 11 个心跳包发送成功
[00:47:00 INF] 【直播间】407149 的第 11 个心跳包发送成功
[00:47:01 INF] 【直播间】23040372 的第 11 个心跳包发送成功
[00:48:05 INF] 【直播间】23357926 的第 12 个心跳包发送成功
[00:48:07 INF] 【直播间】407149 的第 12 个心跳包发送成功
[00:48:08 INF] 【直播间】23040372 的第 12 个心跳包发送成功
[00:49:12 INF] 【直播间】23357926 的第 13 个心跳包发送成功
[00:49:13 INF] 【直播间】407149 的第 13 个心跳包发送成功
[00:49:15 INF] 【直播间】23040372 的第 13 个心跳包发送成功
[00:50:18 INF] 【直播间】23357926 的第 14 个心跳包发送成功
[00:50:19 INF] 【直播间】407149 的第 14 个心跳包发送成功
[00:50:21 INF] 【直播间】23040372 的第 14 个心跳包发送成功
[00:51:24 INF] 【直播间】23357926 的第 15 个心跳包发送成功
[00:51:26 INF] 【直播间】407149 的第 15 个心跳包发送成功
[00:51:27 INF] 【直播间】23040372 的第 15 个心跳包发送成功
[00:52:31 ERR] 【心跳包】直播间 23357926 发送失败
[00:52:31 ERR] 【原因】time check failed
[00:52:32 ERR] 【心跳包】直播间 407149 发送失败
[00:52:32 ERR] 【原因】time check failed
[00:52:33 ERR] 【心跳包】直播间 23040372 发送失败
[00:52:33 ERR] 【原因】time check failed
[00:53:37 INF] 【直播间】23357926 的第 16 个心跳包发送成功
[00:53:38 INF] 【直播间】407149 的第 16 个心跳包发送成功
[00:53:40 INF] 【直播间】23040372 的第 16 个心跳包发送成功
[00:54:43 INF] 【直播间】23357926 的第 17 个心跳包发送成功
[00:54:45 INF] 【直播间】407149 的第 17 个心跳包发送成功
[00:54:46 INF] 【直播间】23040372 的第 17 个心跳包发送成功
[00:55:50 INF] 【直播间】23357926 的第 18 个心跳包发送成功
[00:55:51 INF] 【直播间】407149 的第 18 个心跳包发送成功
[00:55:52 INF] 【直播间】23040372 的第 18 个心跳包发送成功
[00:56:56 INF] 【直播间】23357926 的第 19 个心跳包发送成功
[00:56:57 INF] 【直播间】407149 的第 19 个心跳包发送成功
[00:56:59 INF] 【直播间】23040372 的第 19 个心跳包发送成功
[00:58:02 INF] 【直播间】23357926 的第 20 个心跳包发送成功
[00:58:04 INF] 【直播间】407149 的第 20 个心跳包发送成功
[00:58:05 INF] 【直播间】23040372 的第 20 个心跳包发送成功
[00:59:09 INF] 【直播间】23357926 的第 21 个心跳包发送成功
[00:59:10 INF] 【直播间】407149 的第 21 个心跳包发送成功
[00:59:11 INF] 【直播间】23040372 的第 21 个心跳包发送成功
[01:00:15 INF] 【直播间】23357926 的第 22 个心跳包发送成功
[01:00:17 INF] 【直播间】407149 的第 22 个心跳包发送成功
[01:00:18 INF] 【直播间】23040372 的第 22 个心跳包发送成功
[01:01:22 INF] 【直播间】23357926 的第 23 个心跳包发送成功
[01:01:23 INF] 【直播间】407149 的第 23 个心跳包发送成功
[01:01:24 INF] 【直播间】23040372 的第 23 个心跳包发送成功
[01:02:28 INF] 【直播间】23357926 的第 24 个心跳包发送成功
[01:02:29 INF] 【直播间】407149 的第 24 个心跳包发送成功
[01:02:31 INF] 【直播间】23040372 的第 24 个心跳包发送成功
[01:03:34 INF] 【直播间】23357926 的第 25 个心跳包发送成功
[01:03:35 INF] 【直播间】407149 的第 25 个心跳包发送成功
[01:03:37 INF] 【直播间】23040372 的第 25 个心跳包发送成功
[01:04:41 INF] 【直播间】23357926 的第 26 个心跳包发送成功
[01:04:42 INF] 【直播间】407149 的第 26 个心跳包发送成功
[01:04:43 INF] 【直播间】23040372 的第 26 个心跳包发送成功
[01:05:47 INF] 【直播间】23357926 的第 27 个心跳包发送成功
[01:05:49 INF] 【直播间】407149 的第 27 个心跳包发送成功
[01:05:50 INF] 【直播间】23040372 的第 27 个心跳包发送成功
[01:06:53 INF] 【直播间】23357926 的第 28 个心跳包发送成功
[01:06:55 INF] 【直播间】407149 的第 28 个心跳包发送成功
[01:06:56 INF] 【直播间】23040372 的第 28 个心跳包发送成功
[01:08:00 INF] 【直播间】23357926 的第 29 个心跳包发送成功
[01:08:01 INF] 【直播间】407149 的第 29 个心跳包发送成功
[01:08:02 INF] 【直播间】23040372 的第 29 个心跳包发送成功
[01:09:06 ERR] 【心跳包】直播间 23357926 发送失败
[01:09:06 ERR] 【原因】time check failed
[01:09:07 ERR] 【心跳包】直播间 407149 发送失败
[01:09:07 ERR] 【原因】time check failed
[01:09:09 ERR] 【心跳包】直播间 23040372 发送失败
[01:09:09 ERR] 【原因】time check failed
[01:10:12 INF] 【直播间】23357926 的第 30 个心跳包发送成功
[01:10:14 INF] 【直播间】407149 的第 30 个心跳包发送成功
[01:10:15 INF] 【直播间】23040372 的第 30 个心跳包发送成功
[01:11:19 INF] 【直播间】23357926 的第 31 个心跳包发送成功
[01:11:20 INF] 【直播间】407149 的第 31 个心跳包发送成功
[01:11:21 INF] 【直播间】23040372 的第 31 个心跳包发送成功
[01:12:25 INF] 【直播间】23357926 的第 32 个心跳包发送成功
[01:12:26 INF] 【直播间】407149 的第 32 个心跳包发送成功
[01:12:27 INF] 【直播间】23040372 的第 32 个心跳包发送成功
[01:13:31 INF] 【直播间】23357926 的第 33 个心跳包发送成功
[01:13:33 INF] 【直播间】407149 的第 33 个心跳包发送成功
[01:13:34 INF] 【直播间】23040372 的第 33 个心跳包发送成功
[01:14:38 INF] 【直播间】23357926 的第 34 个心跳包发送成功
[01:14:39 INF] 【直播间】407149 的第 34 个心跳包发送成功
[01:14:40 INF] 【直播间】23040372 的第 34 个心跳包发送成功
[01:15:44 INF] 【直播间】23357926 的第 35 个心跳包发送成功
[01:15:45 INF] 【直播间】407149 的第 35 个心跳包发送成功
[01:15:47 INF] 【直播间】23040372 的第 35 个心跳包发送成功
[01:16:51 INF] 【直播间】23357926 的第 36 个心跳包发送成功
[01:16:52 INF] 【直播间】407149 的第 36 个心跳包发送成功
[01:16:53 INF] 【直播间】23040372 的第 36 个心跳包发送成功
[01:17:57 INF] 【直播间】23357926 的第 37 个心跳包发送成功
[01:17:58 INF] 【直播间】407149 的第 37 个心跳包发送成功
[01:18:00 INF] 【直播间】23040372 的第 37 个心跳包发送成功
[01:19:03 INF] 【直播间】23357926 的第 38 个心跳包发送成功
[01:19:05 INF] 【直播间】407149 的第 38 个心跳包发送成功
[01:19:06 INF] 【直播间】23040372 的第 38 个心跳包发送成功
[01:20:10 INF] 【直播间】23357926 的第 39 个心跳包发送成功
[01:20:11 INF] 【直播间】407149 的第 39 个心跳包发送成功
[01:20:12 INF] 【直播间】23040372 的第 39 个心跳包发送成功
[01:21:16 INF] 【直播间】23357926 的第 40 个心跳包发送成功
[01:21:17 INF] 【直播间】407149 的第 40 个心跳包发送成功
[01:21:18 INF] 【直播间】23040372 的第 40 个心跳包发送成功
[01:22:23 INF] 【直播间】23357926 的第 41 个心跳包发送成功
[01:22:24 INF] 【直播间】407149 的第 41 个心跳包发送成功
[01:22:25 INF] 【直播间】23040372 的第 41 个心跳包发送成功
[01:23:29 INF] 【直播间】23357926 的第 42 个心跳包发送成功
[01:23:30 INF] 【直播间】407149 的第 42 个心跳包发送成功
[01:23:31 INF] 【直播间】23040372 的第 42 个心跳包发送成功
[01:24:35 INF] 【直播间】23357926 的第 43 个心跳包发送成功
[01:24:36 INF] 【直播间】407149 的第 43 个心跳包发送成功
[01:24:38 INF] 【直播间】23040372 的第 43 个心跳包发送成功
[01:25:41 ERR] 【心跳包】直播间 23357926 发送失败
[01:25:41 ERR] 【原因】time check failed
[01:25:43 ERR] 【心跳包】直播间 407149 发送失败
[01:25:43 ERR] 【原因】time check failed
[01:25:44 ERR] 【心跳包】直播间 23040372 发送失败
[01:25:44 ERR] 【原因】time check failed
[01:26:48 INF] 【直播间】23357926 的第 44 个心跳包发送成功
[01:26:49 INF] 【直播间】407149 的第 44 个心跳包发送成功
[01:26:50 INF] 【直播间】23040372 的第 44 个心跳包发送成功
[01:27:54 INF] 【直播间】23357926 的第 45 个心跳包发送成功
[01:27:56 INF] 【直播间】407149 的第 45 个心跳包发送成功
[01:27:57 INF] 【直播间】23040372 的第 45 个心跳包发送成功
[01:29:01 INF] 【直播间】23357926 的第 46 个心跳包发送成功
[01:29:02 INF] 【直播间】407149 的第 46 个心跳包发送成功
[01:29:03 INF] 【直播间】23040372 的第 46 个心跳包发送成功
[01:30:07 INF] 【直播间】23357926 的第 47 个心跳包发送成功
[01:30:09 INF] 【直播间】407149 的第 47 个心跳包发送成功
[01:30:10 INF] 【直播间】23040372 的第 47 个心跳包发送成功
[01:31:14 INF] 【直播间】23357926 的第 48 个心跳包发送成功
[01:31:15 INF] 【直播间】407149 的第 48 个心跳包发送成功
[01:31:16 INF] 【直播间】23040372 的第 48 个心跳包发送成功
[01:32:20 INF] 【直播间】23357926 的第 49 个心跳包发送成功
[01:32:21 INF] 【直播间】407149 的第 49 个心跳包发送成功
[01:32:23 INF] 【直播间】23040372 的第 49 个心跳包发送成功
[01:33:27 INF] 【直播间】23357926 的第 50 个心跳包发送成功
[01:33:28 INF] 【直播间】407149 的第 50 个心跳包发送成功
[01:33:29 INF] 【直播间】23040372 的第 50 个心跳包发送成功
[01:34:33 INF] 【直播间】23357926 的第 51 个心跳包发送成功
[01:34:34 INF] 【直播间】407149 的第 51 个心跳包发送成功
[01:34:35 INF] 【直播间】23040372 的第 51 个心跳包发送成功
[01:35:39 INF] 【直播间】23357926 的第 52 个心跳包发送成功
[01:35:41 INF] 【直播间】407149 的第 52 个心跳包发送成功
[01:35:42 INF] 【直播间】23040372 的第 52 个心跳包发送成功
[01:36:46 INF] 【直播间】23357926 的第 53 个心跳包发送成功
[01:36:47 INF] 【直播间】407149 的第 53 个心跳包发送成功
[01:36:48 INF] 【直播间】23040372 的第 53 个心跳包发送成功
[01:37:52 INF] 【直播间】23357926 的第 54 个心跳包发送成功
[01:37:53 INF] 【直播间】407149 的第 54 个心跳包发送成功
[01:37:54 INF] 【直播间】23040372 的第 54 个心跳包发送成功
[01:38:58 INF] 【直播间】23357926 的第 55 个心跳包发送成功
[01:39:00 INF] 【直播间】407149 的第 55 个心跳包发送成功
[01:39:01 INF] 【直播间】23040372 的第 55 个心跳包发送成功
[01:40:05 INF] 【直播间】23357926 的第 56 个心跳包发送成功
[01:40:06 INF] 【直播间】407149 的第 56 个心跳包发送成功
[01:40:07 INF] 【直播间】23040372 的第 56 个心跳包发送成功
[01:41:11 INF] 【直播间】23357926 的第 57 个心跳包发送成功
[01:41:12 INF] 【直播间】407149 的第 57 个心跳包发送成功
[01:41:13 INF] 【直播间】23040372 的第 57 个心跳包发送成功
[01:42:17 ERR] 【心跳包】直播间 23357926 发送失败
[01:42:17 ERR] 【原因】time check failed
[01:42:18 ERR] 【心跳包】直播间 407149 发送失败
[01:42:18 ERR] 【原因】time check failed
[01:42:20 ERR] 【心跳包】直播间 23040372 发送失败
[01:42:20 ERR] 【原因】time check failed
[01:43:23 INF] 【直播间】23357926 的第 58 个心跳包发送成功
[01:43:25 INF] 【直播间】407149 的第 58 个心跳包发送成功
[01:43:26 INF] 【直播间】23040372 的第 58 个心跳包发送成功
[01:44:30 INF] 【直播间】23357926 的第 59 个心跳包发送成功
[01:44:31 INF] 【直播间】407149 的第 59 个心跳包发送成功
[01:44:32 INF] 【直播间】23040372 的第 59 个心跳包发送成功
[01:45:36 INF] 【直播间】23357926 的第 60 个心跳包发送成功
[01:45:37 INF] 【直播间】407149 的第 60 个心跳包发送成功
[01:45:39 INF] 【直播间】23040372 的第 60 个心跳包发送成功
[01:46:42 INF] 【直播间】23357926 的第 61 个心跳包发送成功
[01:46:44 INF] 【直播间】407149 的第 61 个心跳包发送成功
[01:46:45 INF] 【直播间】23040372 的第 61 个心跳包发送成功
[01:47:49 INF] 【直播间】23357926 的第 62 个心跳包发送成功
[01:47:50 INF] 【直播间】407149 的第 62 个心跳包发送成功
[01:47:51 INF] 【直播间】23040372 的第 62 个心跳包发送成功
[01:48:55 INF] 【直播间】23357926 的第 63 个心跳包发送成功
[01:48:56 INF] 【直播间】407149 的第 63 个心跳包发送成功
[01:48:58 INF] 【直播间】23040372 的第 63 个心跳包发送成功
[01:50:02 INF] 【直播间】23357926 的第 64 个心跳包发送成功
[01:50:03 INF] 【直播间】407149 的第 64 个心跳包发送成功
[01:50:04 INF] 【直播间】23040372 的第 64 个心跳包发送成功
[01:51:08 INF] 【直播间】23357926 的第 65 个心跳包发送成功
[01:51:09 INF] 【直播间】407149 的第 65 个心跳包发送成功
[01:51:10 INF] 【直播间】23040372 的第 65 个心跳包发送成功
[01:52:14 INF] 【直播间】23357926 的第 66 个心跳包发送成功
[01:52:16 INF] 【直播间】407149 的第 66 个心跳包发送成功
[01:52:17 INF] 【直播间】23040372 的第 66 个心跳包发送成功
[01:53:21 INF] 【直播间】23357926 的第 67 个心跳包发送成功
[01:53:22 INF] 【直播间】407149 的第 67 个心跳包发送成功
[01:53:23 INF] 【直播间】23040372 的第 67 个心跳包发送成功
[01:54:27 INF] 【直播间】23357926 的第 68 个心跳包发送成功
[01:54:28 INF] 【直播间】407149 的第 68 个心跳包发送成功
[01:54:29 INF] 【直播间】23040372 的第 68 个心跳包发送成功
[01:55:34 INF] 【直播间】23357926 的第 69 个心跳包发送成功
[01:55:35 INF] 【直播间】407149 的第 69 个心跳包发送成功
[01:55:36 INF] 【直播间】23040372 的第 69 个心跳包发送成功
[01:56:40 INF] 【直播间】23357926 的第 70 个心跳包发送成功
[01:56:41 INF] 【直播间】407149 的第 70 个心跳包发送成功
[01:56:42 INF] 【直播间】23040372 的第 70 个心跳包发送成功
[01:56:42 INF] 【直播观看时长】完成情况：3/3 
[01:56:42 INF] ---------结束---------

[01:56:42 INF] ==========结束==========

[01:56:42 INF] ######### 账号 2 #########

[01:56:42 INF] =====开始 直播间互动 =====

[01:56:42 INF] ---开始 发送弹幕 ---
[01:56:42 INF] 检测到直播 Cookie 未正确配置，尝试自动配置中...
[01:56:47 INF] 直播 Cookie 配置成功！
[01:56:47 INF] 【获取直播列表】获取拥有粉丝牌的直播列表
[01:56:52 INF] 【主播】Mark陌枫 
[01:57:08 INF] 【主播】苏打baka 
[01:57:19 INF] 【主播】特别中二的q3君 
[01:57:36 INF] 【主播】陈抱一 
[01:57:54 INF] 【主播】贪玩的小毅 
[01:58:10 INF] 【主播】KL_qiqi_ 
[01:58:25 INF] 【主播】FoFTG 
[01:58:37 INF] 【主播】悠悠球琛总 
[01:58:51 INF] 【主播】新石器公园 
[01:59:05 INF] 【主播】记录生活的蛋黄派 
[01:59:20 INF] 【主播】脏小豆 
[01:59:38 INF] 【直播间】Mark陌枫
[01:59:38 INF] 【粉丝牌】馬楓
[01:59:38 INF] 正在发送弹幕...
[01:59:45 INF] 【直播间】苏打baka
[01:59:45 INF] 【粉丝牌】碳酸钠
[01:59:45 INF] 正在发送弹幕...
[01:59:49 INF] 【直播间】特别中二的q3君
[01:59:49 INF] 【粉丝牌】q3GG
[01:59:49 INF] 正在发送弹幕...
[01:59:54 INF] 【直播间】陈抱一
[01:59:54 INF] 【粉丝牌】陈抱一
[01:59:54 INF] 正在发送弹幕...
[02:00:00 INF] 【弹幕发送】成功~，你和主播 Mark陌枫 的亲密值增加了100！
[02:00:00 INF] 【直播间】贪玩的小毅
[02:00:00 INF] 【粉丝牌】大大毅
[02:00:00 INF] 正在发送弹幕...
[02:00:03 INF] 【直播间】KL_qiqi_
[02:00:03 INF] 【粉丝牌】qiqisb
[02:00:03 INF] 正在发送弹幕...
[02:00:04 INF] 【弹幕发送】成功~，你和主播 苏打baka 的亲密值增加了100！
[02:00:06 INF] 【弹幕发送】成功~，你和主播 特别中二的q3君 的亲密值增加了100！
[02:00:08 INF] 【直播间】FoFTG
[02:00:08 INF] 【粉丝牌】FOFTG
[02:00:08 INF] 正在发送弹幕...
[02:00:09 INF] 【弹幕发送】成功~，你和主播 陈抱一 的亲密值增加了100！
[02:00:11 INF] 【弹幕发送】成功~，你和主播 贪玩的小毅 的亲密值增加了100！
[02:00:13 INF] 【直播间】悠悠球琛总
[02:00:13 INF] 【粉丝牌】i琛
[02:00:13 INF] 正在发送弹幕...
[02:00:16 INF] 【直播间】新石器公园
[02:00:16 INF] 【粉丝牌】东园主
[02:00:16 INF] 正在发送弹幕...
[02:00:23 INF] 【弹幕发送】成功~，你和主播 KL_qiqi_ 的亲密值增加了100！
[02:00:23 INF] 【直播间】记录生活的蛋黄派
[02:00:23 INF] 【粉丝牌】派派派
[02:00:23 INF] 正在发送弹幕...
[02:00:26 INF] 【弹幕发送】成功~，你和主播 FoFTG 的亲密值增加了100！
[02:00:27 INF] 【弹幕发送】成功~，你和主播 悠悠球琛总 的亲密值增加了100！
[02:00:30 INF] 【直播间】脏小豆
[02:00:30 INF] 【粉丝牌】豆豆浆
[02:00:30 INF] 正在发送弹幕...
[02:00:34 INF] 【弹幕发送】成功~，你和主播 新石器公园 的亲密值增加了100！
[02:00:35 INF] -------结束-------

[02:00:35 INF] ---开始 点赞直播间 ---
[02:00:35 INF] 【获取直播列表】获取拥有粉丝牌的直播列表
[02:00:38 INF] 【主播】Mark陌枫 
[02:00:40 INF] 【弹幕发送】成功~，你和主播 记录生活的蛋黄派 的亲密值增加了100！
[02:00:47 INF] 【弹幕发送】成功~，你和主播 脏小豆 的亲密值增加了100！
[02:00:56 INF] 【主播】苏打baka 
[02:01:11 INF] 【主播】特别中二的q3君 
[02:01:24 INF] 【主播】陈抱一 
[02:01:39 INF] 【主播】贪玩的小毅 
[02:01:55 INF] 【主播】KL_qiqi_ 
[02:02:05 INF] 【主播】FoFTG 
[02:02:19 INF] 【主播】悠悠球琛总 
[02:02:34 INF] 【主播】新石器公园 
[02:02:48 INF] 【主播】记录生活的蛋黄派 
[02:03:05 INF] 【主播】脏小豆 
[02:03:30 INF] 【点赞直播间】23357926 完成
[02:03:35 INF] 【点赞直播间】23040372 完成
[02:03:42 INF] 【点赞直播间】31494 完成
[02:03:50 INF] 【点赞直播间】4015781 完成
[02:03:51 INF] 【点赞直播间】9619073 完成
[02:03:55 INF] 【点赞直播间】407149 完成
[02:03:59 INF] 【点赞直播间】91164 完成
[02:04:06 INF] 【点赞直播间】7184632 完成
[02:04:12 INF] 【点赞直播间】23447660 完成
[02:04:19 INF] 【点赞直播间】11732699 完成
[02:04:26 INF] --------结束--------

[02:04:26 INF] ---开始 直播时长挂机 ---
[02:04:26 INF] 【获取直播列表】获取拥有粉丝牌的直播列表
[02:04:26 INF] 【点赞直播间】929670 完成
[02:04:32 INF] 【主播】Mark陌枫 
[02:04:45 INF] 【主播】苏打baka 
[02:05:03 INF] 【主播】特别中二的q3君 
[02:05:18 INF] 【主播】陈抱一 
[02:05:33 INF] 【主播】贪玩的小毅 
[02:05:44 INF] 【主播】KL_qiqi_ 
[02:06:03 INF] 【主播】FoFTG 
[02:06:19 INF] 【主播】悠悠球琛总 
[02:06:40 INF] 【主播】新石器公园 
[02:06:56 INF] 【主播】记录生活的蛋黄派 
[02:07:11 INF] 【主播】脏小豆 
[02:07:26 INF] 【直播间】23357926 的第 1 个心跳包发送成功
[02:07:27 INF] 【直播间】23040372 的第 1 个心跳包发送成功
[02:07:29 INF] 【直播间】31494 的第 1 个心跳包发送成功
[02:07:30 INF] 【直播间】4015781 的第 1 个心跳包发送成功
[02:07:31 INF] 【直播间】9619073 的第 1 个心跳包发送成功
[02:07:32 INF] 【直播间】407149 的第 1 个心跳包发送成功
[02:07:34 INF] 【直播间】91164 的第 1 个心跳包发送成功
[02:07:35 INF] 【直播间】7184632 的第 1 个心跳包发送成功
[02:07:36 INF] 【直播间】23447660 的第 1 个心跳包发送成功
[02:07:37 INF] 【直播间】11732699 的第 1 个心跳包发送成功
[02:07:39 INF] 【直播间】929670 的第 1 个心跳包发送成功
[02:08:33 INF] 【直播间】23357926 的第 2 个心跳包发送成功
[02:08:34 INF] 【直播间】23040372 的第 2 个心跳包发送成功
[02:08:35 INF] 【直播间】31494 的第 2 个心跳包发送成功
[02:08:36 INF] 【直播间】4015781 的第 2 个心跳包发送成功
[02:08:38 INF] 【直播间】9619073 的第 2 个心跳包发送成功
[02:08:39 INF] 【直播间】407149 的第 2 个心跳包发送成功
[02:08:40 INF] 【直播间】91164 的第 2 个心跳包发送成功
[02:08:41 INF] 【直播间】7184632 的第 2 个心跳包发送成功
[02:08:43 INF] 【直播间】23447660 的第 2 个心跳包发送成功
[02:08:44 INF] 【直播间】11732699 的第 2 个心跳包发送成功
[02:08:45 INF] 【直播间】929670 的第 2 个心跳包发送成功
[02:09:39 INF] 【直播间】23357926 的第 3 个心跳包发送成功
[02:09:40 INF] 【直播间】23040372 的第 3 个心跳包发送成功
[02:09:41 INF] 【直播间】31494 的第 3 个心跳包发送成功
[02:09:42 INF] 【直播间】4015781 的第 3 个心跳包发送成功
[02:09:44 INF] 【直播间】9619073 的第 3 个心跳包发送成功
[02:09:45 INF] 【直播间】407149 的第 3 个心跳包发送成功
[02:09:46 INF] 【直播间】91164 的第 3 个心跳包发送成功
[02:09:47 INF] 【直播间】7184632 的第 3 个心跳包发送成功
[02:09:49 INF] 【直播间】23447660 的第 3 个心跳包发送成功
[02:09:50 INF] 【直播间】11732699 的第 3 个心跳包发送成功
[02:09:51 INF] 【直播间】929670 的第 3 个心跳包发送成功
[02:10:45 INF] 【直播间】23357926 的第 4 个心跳包发送成功
[02:10:46 INF] 【直播间】23040372 的第 4 个心跳包发送成功
[02:10:48 INF] 【直播间】31494 的第 4 个心跳包发送成功
[02:10:49 INF] 【直播间】4015781 的第 4 个心跳包发送成功
[02:10:50 INF] 【直播间】9619073 的第 4 个心跳包发送成功
[02:10:51 INF] 【直播间】407149 的第 4 个心跳包发送成功
[02:10:53 INF] 【直播间】91164 的第 4 个心跳包发送成功
[02:10:54 INF] 【直播间】7184632 的第 4 个心跳包发送成功
[02:10:55 INF] 【直播间】23447660 的第 4 个心跳包发送成功
[02:10:56 INF] 【直播间】11732699 的第 4 个心跳包发送成功
[02:10:57 INF] 【直播间】929670 的第 4 个心跳包发送成功
[02:11:52 INF] 【直播间】23357926 的第 5 个心跳包发送成功
[02:11:53 INF] 【直播间】23040372 的第 5 个心跳包发送成功
[02:11:54 INF] 【直播间】31494 的第 5 个心跳包发送成功
[02:11:55 INF] 【直播间】4015781 的第 5 个心跳包发送成功
[02:11:56 INF] 【直播间】9619073 的第 5 个心跳包发送成功
[02:11:58 INF] 【直播间】407149 的第 5 个心跳包发送成功
[02:11:59 INF] 【直播间】91164 的第 5 个心跳包发送成功
[02:12:00 INF] 【直播间】7184632 的第 5 个心跳包发送成功
[02:12:01 INF] 【直播间】23447660 的第 5 个心跳包发送成功
[02:12:03 INF] 【直播间】11732699 的第 5 个心跳包发送成功
[02:12:04 INF] 【直播间】929670 的第 5 个心跳包发送成功
[02:12:58 INF] 【直播间】23357926 的第 6 个心跳包发送成功
[02:12:59 INF] 【直播间】23040372 的第 6 个心跳包发送成功
[02:13:00 INF] 【直播间】31494 的第 6 个心跳包发送成功
[02:13:02 INF] 【直播间】4015781 的第 6 个心跳包发送成功
[02:13:03 INF] 【直播间】9619073 的第 6 个心跳包发送成功
[02:13:04 INF] 【直播间】407149 的第 6 个心跳包发送成功
[02:13:05 INF] 【直播间】91164 的第 6 个心跳包发送成功
[02:13:07 INF] 【直播间】7184632 的第 6 个心跳包发送成功
[02:13:08 INF] 【直播间】23447660 的第 6 个心跳包发送成功
[02:13:09 INF] 【直播间】11732699 的第 6 个心跳包发送成功
[02:13:10 INF] 【直播间】929670 的第 6 个心跳包发送成功
[02:14:04 INF] 【直播间】23357926 的第 7 个心跳包发送成功
[02:14:05 INF] 【直播间】23040372 的第 7 个心跳包发送成功
[02:14:07 INF] 【直播间】31494 的第 7 个心跳包发送成功
[02:14:08 INF] 【直播间】4015781 的第 7 个心跳包发送成功
[02:14:09 INF] 【直播间】9619073 的第 7 个心跳包发送成功
[02:14:10 INF] 【直播间】407149 的第 7 个心跳包发送成功
[02:14:12 INF] 【直播间】91164 的第 7 个心跳包发送成功
[02:14:13 INF] 【直播间】7184632 的第 7 个心跳包发送成功
[02:14:14 INF] 【直播间】23447660 的第 7 个心跳包发送成功
[02:14:15 INF] 【直播间】11732699 的第 7 个心跳包发送成功
[02:14:16 INF] 【直播间】929670 的第 7 个心跳包发送成功
[02:15:11 INF] 【直播间】23357926 的第 8 个心跳包发送成功
[02:15:12 INF] 【直播间】23040372 的第 8 个心跳包发送成功
[02:15:13 INF] 【直播间】31494 的第 8 个心跳包发送成功
[02:15:14 INF] 【直播间】4015781 的第 8 个心跳包发送成功
[02:15:15 INF] 【直播间】9619073 的第 8 个心跳包发送成功
[02:15:17 INF] 【直播间】407149 的第 8 个心跳包发送成功
[02:15:18 INF] 【直播间】91164 的第 8 个心跳包发送成功
[02:15:19 INF] 【直播间】7184632 的第 8 个心跳包发送成功
[02:15:20 INF] 【直播间】23447660 的第 8 个心跳包发送成功
[02:15:21 INF] 【直播间】11732699 的第 8 个心跳包发送成功
[02:15:23 INF] 【直播间】929670 的第 8 个心跳包发送成功
[02:16:17 INF] 【直播间】23357926 的第 9 个心跳包发送成功
[02:16:18 INF] 【直播间】23040372 的第 9 个心跳包发送成功
[02:16:19 INF] 【直播间】31494 的第 9 个心跳包发送成功
[02:16:21 INF] 【直播间】4015781 的第 9 个心跳包发送成功
[02:16:22 INF] 【直播间】9619073 的第 9 个心跳包发送成功
[02:16:23 INF] 【直播间】407149 的第 9 个心跳包发送成功
[02:16:24 INF] 【直播间】91164 的第 9 个心跳包发送成功
[02:16:25 INF] 【直播间】7184632 的第 9 个心跳包发送成功
[02:16:27 INF] 【直播间】23447660 的第 9 个心跳包发送成功
[02:16:28 INF] 【直播间】11732699 的第 9 个心跳包发送成功
[02:16:29 INF] 【直播间】929670 的第 9 个心跳包发送成功
[02:17:23 INF] 【直播间】23357926 的第 10 个心跳包发送成功
[02:17:25 INF] 【直播间】23040372 的第 10 个心跳包发送成功
[02:17:26 INF] 【直播间】31494 的第 10 个心跳包发送成功
[02:17:27 INF] 【直播间】4015781 的第 10 个心跳包发送成功
[02:17:28 INF] 【直播间】9619073 的第 10 个心跳包发送成功
[02:17:29 INF] 【直播间】407149 的第 10 个心跳包发送成功
[02:17:31 INF] 【直播间】91164 的第 10 个心跳包发送成功
[02:17:32 INF] 【直播间】7184632 的第 10 个心跳包发送成功
[02:17:33 INF] 【直播间】23447660 的第 10 个心跳包发送成功
[02:17:34 INF] 【直播间】11732699 的第 10 个心跳包发送成功
[02:17:35 INF] 【直播间】929670 的第 10 个心跳包发送成功
[02:18:30 INF] 【直播间】23357926 的第 11 个心跳包发送成功
[02:18:31 INF] 【直播间】23040372 的第 11 个心跳包发送成功
[02:18:32 INF] 【直播间】31494 的第 11 个心跳包发送成功
[02:18:33 INF] 【直播间】4015781 的第 11 个心跳包发送成功
[02:18:34 INF] 【直播间】9619073 的第 11 个心跳包发送成功
[02:18:36 INF] 【直播间】407149 的第 11 个心跳包发送成功
[02:18:37 INF] 【直播间】91164 的第 11 个心跳包发送成功
[02:18:38 INF] 【直播间】7184632 的第 11 个心跳包发送成功
[02:18:39 INF] 【直播间】23447660 的第 11 个心跳包发送成功
[02:18:40 INF] 【直播间】11732699 的第 11 个心跳包发送成功
[02:18:42 INF] 【直播间】929670 的第 11 个心跳包发送成功
[02:19:36 INF] 【直播间】23357926 的第 12 个心跳包发送成功
[02:19:37 INF] 【直播间】23040372 的第 12 个心跳包发送成功
[02:19:38 INF] 【直播间】31494 的第 12 个心跳包发送成功
[02:19:39 INF] 【直播间】4015781 的第 12 个心跳包发送成功
[02:19:41 INF] 【直播间】9619073 的第 12 个心跳包发送成功
[02:19:42 INF] 【直播间】407149 的第 12 个心跳包发送成功
[02:19:43 INF] 【直播间】91164 的第 12 个心跳包发送成功
[02:19:44 INF] 【直播间】7184632 的第 12 个心跳包发送成功
[02:19:46 INF] 【直播间】23447660 的第 12 个心跳包发送成功
[02:19:47 INF] 【直播间】11732699 的第 12 个心跳包发送成功
[02:19:48 INF] 【直播间】929670 的第 12 个心跳包发送成功
[02:20:42 INF] 【直播间】23357926 的第 13 个心跳包发送成功
[02:20:43 INF] 【直播间】23040372 的第 13 个心跳包发送成功
[02:20:45 INF] 【直播间】31494 的第 13 个心跳包发送成功
[02:20:46 INF] 【直播间】4015781 的第 13 个心跳包发送成功
[02:20:47 INF] 【直播间】9619073 的第 13 个心跳包发送成功
[02:20:48 INF] 【直播间】407149 的第 13 个心跳包发送成功
[02:20:50 INF] 【直播间】91164 的第 13 个心跳包发送成功
[02:20:51 INF] 【直播间】7184632 的第 13 个心跳包发送成功
[02:20:52 INF] 【直播间】23447660 的第 13 个心跳包发送成功
[02:20:53 INF] 【直播间】11732699 的第 13 个心跳包发送成功
[02:20:54 INF] 【直播间】929670 的第 13 个心跳包发送成功
[02:21:49 INF] 【直播间】23357926 的第 14 个心跳包发送成功
[02:21:50 INF] 【直播间】23040372 的第 14 个心跳包发送成功
[02:21:51 INF] 【直播间】31494 的第 14 个心跳包发送成功
[02:21:52 INF] 【直播间】4015781 的第 14 个心跳包发送成功
[02:21:54 INF] 【直播间】9619073 的第 14 个心跳包发送成功
[02:21:55 INF] 【直播间】407149 的第 14 个心跳包发送成功
[02:21:56 INF] 【直播间】91164 的第 14 个心跳包发送成功
[02:21:57 INF] 【直播间】7184632 的第 14 个心跳包发送成功
[02:21:59 INF] 【直播间】23447660 的第 14 个心跳包发送成功
[02:22:00 INF] 【直播间】11732699 的第 14 个心跳包发送成功
[02:22:01 INF] 【直播间】929670 的第 14 个心跳包发送成功
[02:22:55 INF] 【直播间】23357926 的第 15 个心跳包发送成功
[02:22:56 INF] 【直播间】23040372 的第 15 个心跳包发送成功
[02:22:58 INF] 【直播间】31494 的第 15 个心跳包发送成功
[02:22:59 INF] 【直播间】4015781 的第 15 个心跳包发送成功
[02:23:00 INF] 【直播间】9619073 的第 15 个心跳包发送成功
[02:23:01 INF] 【直播间】407149 的第 15 个心跳包发送成功
[02:23:03 INF] 【直播间】91164 的第 15 个心跳包发送成功
[02:23:04 INF] 【直播间】7184632 的第 15 个心跳包发送成功
[02:23:05 INF] 【直播间】23447660 的第 15 个心跳包发送成功
[02:23:06 INF] 【直播间】11732699 的第 15 个心跳包发送成功
[02:23:08 INF] 【直播间】929670 的第 15 个心跳包发送成功
[02:24:01 ERR] 【心跳包】直播间 23357926 发送失败
[02:24:01 ERR] 【原因】time check failed
[02:24:03 ERR] 【心跳包】直播间 23040372 发送失败
[02:24:03 ERR] 【原因】time check failed
[02:24:04 ERR] 【心跳包】直播间 31494 发送失败
[02:24:04 ERR] 【原因】time check failed
[02:24:05 ERR] 【心跳包】直播间 4015781 发送失败
[02:24:05 ERR] 【原因】time check failed
[02:24:06 ERR] 【心跳包】直播间 9619073 发送失败
[02:24:06 ERR] 【原因】time check failed
[02:24:08 ERR] 【心跳包】直播间 407149 发送失败
[02:24:08 ERR] 【原因】time check failed
[02:24:09 ERR] 【心跳包】直播间 91164 发送失败
[02:24:09 ERR] 【原因】time check failed
[02:24:10 ERR] 【心跳包】直播间 7184632 发送失败
[02:24:10 ERR] 【原因】time check failed
[02:24:11 ERR] 【心跳包】直播间 23447660 发送失败
[02:24:11 ERR] 【原因】time check failed
[02:24:13 ERR] 【心跳包】直播间 11732699 发送失败
[02:24:13 ERR] 【原因】time check failed
[02:24:14 ERR] 【心跳包】直播间 929670 发送失败
[02:24:14 ERR] 【原因】time check failed
[02:25:08 INF] 【直播间】23357926 的第 16 个心跳包发送成功
[02:25:09 INF] 【直播间】23040372 的第 16 个心跳包发送成功
[02:25:10 INF] 【直播间】31494 的第 16 个心跳包发送成功
[02:25:12 INF] 【直播间】4015781 的第 16 个心跳包发送成功
[02:25:13 INF] 【直播间】9619073 的第 16 个心跳包发送成功
[02:25:14 INF] 【直播间】407149 的第 16 个心跳包发送成功
[02:25:15 INF] 【直播间】91164 的第 16 个心跳包发送成功
[02:25:17 INF] 【直播间】7184632 的第 16 个心跳包发送成功
[02:25:18 INF] 【直播间】23447660 的第 16 个心跳包发送成功
[02:25:19 INF] 【直播间】11732699 的第 16 个心跳包发送成功
[02:25:20 INF] 【直播间】929670 的第 16 个心跳包发送成功
[02:26:14 INF] 【直播间】23357926 的第 17 个心跳包发送成功
[02:26:16 INF] 【直播间】23040372 的第 17 个心跳包发送成功
[02:26:17 INF] 【直播间】31494 的第 17 个心跳包发送成功
[02:26:18 INF] 【直播间】4015781 的第 17 个心跳包发送成功
[02:26:19 INF] 【直播间】9619073 的第 17 个心跳包发送成功
[02:26:21 INF] 【直播间】407149 的第 17 个心跳包发送成功
[02:26:22 INF] 【直播间】91164 的第 17 个心跳包发送成功
[02:26:23 INF] 【直播间】7184632 的第 17 个心跳包发送成功
[02:26:24 INF] 【直播间】23447660 的第 17 个心跳包发送成功
[02:26:26 INF] 【直播间】11732699 的第 17 个心跳包发送成功
[02:26:27 INF] 【直播间】929670 的第 17 个心跳包发送成功
[02:27:21 INF] 【直播间】23357926 的第 18 个心跳包发送成功
[02:27:22 INF] 【直播间】23040372 的第 18 个心跳包发送成功
[02:27:23 INF] 【直播间】31494 的第 18 个心跳包发送成功
[02:27:24 INF] 【直播间】4015781 的第 18 个心跳包发送成功
[02:27:26 INF] 【直播间】9619073 的第 18 个心跳包发送成功
[02:27:27 INF] 【直播间】407149 的第 18 个心跳包发送成功
[02:27:28 INF] 【直播间】91164 的第 18 个心跳包发送成功
[02:27:29 INF] 【直播间】7184632 的第 18 个心跳包发送成功
[02:27:31 INF] 【直播间】23447660 的第 18 个心跳包发送成功
[02:27:32 INF] 【直播间】11732699 的第 18 个心跳包发送成功
[02:27:33 INF] 【直播间】929670 的第 18 个心跳包发送成功
[02:28:27 INF] 【直播间】23357926 的第 19 个心跳包发送成功
[02:28:28 INF] 【直播间】23040372 的第 19 个心跳包发送成功
[02:28:29 INF] 【直播间】31494 的第 19 个心跳包发送成功
[02:28:31 INF] 【直播间】4015781 的第 19 个心跳包发送成功
[02:28:32 INF] 【直播间】9619073 的第 19 个心跳包发送成功
[02:28:33 INF] 【直播间】407149 的第 19 个心跳包发送成功
[02:28:34 INF] 【直播间】91164 的第 19 个心跳包发送成功
[02:28:36 INF] 【直播间】7184632 的第 19 个心跳包发送成功
[02:28:37 INF] 【直播间】23447660 的第 19 个心跳包发送成功
[02:28:38 INF] 【直播间】11732699 的第 19 个心跳包发送成功
[02:28:39 INF] 【直播间】929670 的第 19 个心跳包发送成功
[02:29:34 INF] 【直播间】23357926 的第 20 个心跳包发送成功
[02:29:35 INF] 【直播间】23040372 的第 20 个心跳包发送成功
[02:29:36 INF] 【直播间】31494 的第 20 个心跳包发送成功
[02:29:37 INF] 【直播间】4015781 的第 20 个心跳包发送成功
[02:29:38 INF] 【直播间】9619073 的第 20 个心跳包发送成功
[02:29:40 INF] 【直播间】407149 的第 20 个心跳包发送成功
[02:29:41 INF] 【直播间】91164 的第 20 个心跳包发送成功
[02:29:42 INF] 【直播间】7184632 的第 20 个心跳包发送成功
[02:29:44 INF] 【直播间】23447660 的第 20 个心跳包发送成功
[02:29:45 INF] 【直播间】11732699 的第 20 个心跳包发送成功
[02:29:46 INF] 【直播间】929670 的第 20 个心跳包发送成功
[02:30:40 INF] 【直播间】23357926 的第 21 个心跳包发送成功
[02:30:41 INF] 【直播间】23040372 的第 21 个心跳包发送成功
[02:30:42 INF] 【直播间】31494 的第 21 个心跳包发送成功
[02:30:43 INF] 【直播间】4015781 的第 21 个心跳包发送成功
[02:30:45 INF] 【直播间】9619073 的第 21 个心跳包发送成功
[02:30:46 INF] 【直播间】407149 的第 21 个心跳包发送成功
[02:30:47 INF] 【直播间】91164 的第 21 个心跳包发送成功
[02:30:48 INF] 【直播间】7184632 的第 21 个心跳包发送成功
[02:30:50 INF] 【直播间】23447660 的第 21 个心跳包发送成功
[02:30:51 INF] 【直播间】11732699 的第 21 个心跳包发送成功
[02:30:52 INF] 【直播间】929670 的第 21 个心跳包发送成功
[02:31:46 INF] 【直播间】23357926 的第 22 个心跳包发送成功
[02:31:47 INF] 【直播间】23040372 的第 22 个心跳包发送成功
[02:31:48 INF] 【直播间】31494 的第 22 个心跳包发送成功
[02:31:50 INF] 【直播间】4015781 的第 22 个心跳包发送成功
[02:31:51 INF] 【直播间】9619073 的第 22 个心跳包发送成功
[02:31:52 INF] 【直播间】407149 的第 22 个心跳包发送成功
[02:31:53 INF] 【直播间】91164 的第 22 个心跳包发送成功
[02:31:55 INF] 【直播间】7184632 的第 22 个心跳包发送成功
[02:31:56 INF] 【直播间】23447660 的第 22 个心跳包发送成功
[02:31:57 INF] 【直播间】11732699 的第 22 个心跳包发送成功
[02:31:58 INF] 【直播间】929670 的第 22 个心跳包发送成功
[02:32:53 INF] 【直播间】23357926 的第 23 个心跳包发送成功
[02:32:54 INF] 【直播间】23040372 的第 23 个心跳包发送成功
[02:32:55 INF] 【直播间】31494 的第 23 个心跳包发送成功
[02:32:56 INF] 【直播间】4015781 的第 23 个心跳包发送成功
[02:32:57 INF] 【直播间】9619073 的第 23 个心跳包发送成功
[02:32:59 INF] 【直播间】407149 的第 23 个心跳包发送成功
[02:33:00 INF] 【直播间】91164 的第 23 个心跳包发送成功
[02:33:01 INF] 【直播间】7184632 的第 23 个心跳包发送成功
[02:33:02 INF] 【直播间】23447660 的第 23 个心跳包发送成功
[02:33:04 INF] 【直播间】11732699 的第 23 个心跳包发送成功
[02:33:05 INF] 【直播间】929670 的第 23 个心跳包发送成功
[02:33:59 INF] 【直播间】23357926 的第 24 个心跳包发送成功
[02:34:00 INF] 【直播间】23040372 的第 24 个心跳包发送成功
[02:34:01 INF] 【直播间】31494 的第 24 个心跳包发送成功
[02:34:02 INF] 【直播间】4015781 的第 24 个心跳包发送成功
[02:34:04 INF] 【直播间】9619073 的第 24 个心跳包发送成功
[02:34:05 INF] 【直播间】407149 的第 24 个心跳包发送成功
[02:34:06 INF] 【直播间】91164 的第 24 个心跳包发送成功
[02:34:07 INF] 【直播间】7184632 的第 24 个心跳包发送成功
[02:34:09 INF] 【直播间】23447660 的第 24 个心跳包发送成功
[02:34:10 INF] 【直播间】11732699 的第 24 个心跳包发送成功
[02:34:11 INF] 【直播间】929670 的第 24 个心跳包发送成功
[02:35:05 INF] 【直播间】23357926 的第 25 个心跳包发送成功
[02:35:06 INF] 【直播间】23040372 的第 25 个心跳包发送成功
[02:35:08 INF] 【直播间】31494 的第 25 个心跳包发送成功
[02:35:09 INF] 【直播间】4015781 的第 25 个心跳包发送成功
[02:35:10 INF] 【直播间】9619073 的第 25 个心跳包发送成功
[02:35:11 INF] 【直播间】407149 的第 25 个心跳包发送成功
[02:35:12 INF] 【直播间】91164 的第 25 个心跳包发送成功
[02:35:14 INF] 【直播间】7184632 的第 25 个心跳包发送成功
[02:35:15 INF] 【直播间】23447660 的第 25 个心跳包发送成功
[02:35:16 INF] 【直播间】11732699 的第 25 个心跳包发送成功
[02:35:17 INF] 【直播间】929670 的第 25 个心跳包发送成功
[02:36:11 INF] 【直播间】23357926 的第 26 个心跳包发送成功
[02:36:13 INF] 【直播间】23040372 的第 26 个心跳包发送成功
[02:36:14 INF] 【直播间】31494 的第 26 个心跳包发送成功
[02:36:15 INF] 【直播间】4015781 的第 26 个心跳包发送成功
[02:36:16 INF] 【直播间】9619073 的第 26 个心跳包发送成功
[02:36:17 INF] 【直播间】407149 的第 26 个心跳包发送成功
[02:36:19 INF] 【直播间】91164 的第 26 个心跳包发送成功
[02:36:20 INF] 【直播间】7184632 的第 26 个心跳包发送成功
[02:36:21 INF] 【直播间】23447660 的第 26 个心跳包发送成功
[02:36:22 INF] 【直播间】11732699 的第 26 个心跳包发送成功
[02:36:23 INF] 【直播间】929670 的第 26 个心跳包发送成功
[02:37:18 INF] 【直播间】23357926 的第 27 个心跳包发送成功
[02:37:19 INF] 【直播间】23040372 的第 27 个心跳包发送成功
[02:37:20 INF] 【直播间】31494 的第 27 个心跳包发送成功
[02:37:21 INF] 【直播间】4015781 的第 27 个心跳包发送成功
[02:37:23 INF] 【直播间】9619073 的第 27 个心跳包发送成功
[02:37:24 INF] 【直播间】407149 的第 27 个心跳包发送成功
[02:37:25 INF] 【直播间】91164 的第 27 个心跳包发送成功
[02:37:26 INF] 【直播间】7184632 的第 27 个心跳包发送成功
[02:37:27 INF] 【直播间】23447660 的第 27 个心跳包发送成功
[02:37:29 INF] 【直播间】11732699 的第 27 个心跳包发送成功
[02:37:30 INF] 【直播间】929670 的第 27 个心跳包发送成功
[02:38:24 INF] 【直播间】23357926 的第 28 个心跳包发送成功
[02:38:25 INF] 【直播间】23040372 的第 28 个心跳包发送成功
[02:38:27 INF] 【直播间】31494 的第 28 个心跳包发送成功
[02:38:28 INF] 【直播间】4015781 的第 28 个心跳包发送成功
[02:38:29 INF] 【直播间】9619073 的第 28 个心跳包发送成功
[02:38:30 INF] 【直播间】407149 的第 28 个心跳包发送成功
[02:38:32 INF] 【直播间】91164 的第 28 个心跳包发送成功
[02:38:33 INF] 【直播间】7184632 的第 28 个心跳包发送成功
[02:38:34 INF] 【直播间】23447660 的第 28 个心跳包发送成功
[02:38:35 INF] 【直播间】11732699 的第 28 个心跳包发送成功
[02:38:37 INF] 【直播间】929670 的第 28 个心跳包发送成功
[02:39:31 INF] 【直播间】23357926 的第 29 个心跳包发送成功
[02:39:32 INF] 【直播间】23040372 的第 29 个心跳包发送成功
[02:39:33 INF] 【直播间】31494 的第 29 个心跳包发送成功
[02:39:34 INF] 【直播间】4015781 的第 29 个心跳包发送成功
[02:39:35 INF] 【直播间】9619073 的第 29 个心跳包发送成功
[02:39:37 INF] 【直播间】407149 的第 29 个心跳包发送成功
[02:39:38 INF] 【直播间】91164 的第 29 个心跳包发送成功
[02:39:39 INF] 【直播间】7184632 的第 29 个心跳包发送成功
[02:39:40 INF] 【直播间】23447660 的第 29 个心跳包发送成功
[02:39:42 INF] 【直播间】11732699 的第 29 个心跳包发送成功
[02:39:43 INF] 【直播间】929670 的第 29 个心跳包发送成功
[02:40:37 ERR] 【心跳包】直播间 23357926 发送失败
[02:40:37 ERR] 【原因】time check failed
[02:40:38 ERR] 【心跳包】直播间 23040372 发送失败
[02:40:38 ERR] 【原因】time check failed
[02:40:39 ERR] 【心跳包】直播间 31494 发送失败
[02:40:39 ERR] 【原因】time check failed
[02:40:41 ERR] 【心跳包】直播间 4015781 发送失败
[02:40:41 ERR] 【原因】time check failed
[02:40:42 ERR] 【心跳包】直播间 9619073 发送失败
[02:40:42 ERR] 【原因】time check failed
[02:40:43 ERR] 【心跳包】直播间 407149 发送失败
[02:40:43 ERR] 【原因】time check failed
[02:40:44 ERR] 【心跳包】直播间 91164 发送失败
[02:40:44 ERR] 【原因】time check failed
[02:40:46 ERR] 【心跳包】直播间 7184632 发送失败
[02:40:46 ERR] 【原因】time check failed
[02:40:47 ERR] 【心跳包】直播间 23447660 发送失败
[02:40:47 ERR] 【原因】time check failed
[02:40:48 ERR] 【心跳包】直播间 11732699 发送失败
[02:40:48 ERR] 【原因】time check failed
[02:40:49 ERR] 【心跳包】直播间 929670 发送失败
[02:40:49 ERR] 【原因】time check failed
[02:41:43 INF] 【直播间】23357926 的第 30 个心跳包发送成功
[02:41:44 INF] 【直播间】23040372 的第 30 个心跳包发送成功
[02:41:46 INF] 【直播间】31494 的第 30 个心跳包发送成功
[02:41:47 INF] 【直播间】4015781 的第 30 个心跳包发送成功
[02:41:48 INF] 【直播间】9619073 的第 30 个心跳包发送成功
[02:41:49 INF] 【直播间】407149 的第 30 个心跳包发送成功
[02:41:51 INF] 【直播间】91164 的第 30 个心跳包发送成功
[02:41:52 INF] 【直播间】7184632 的第 30 个心跳包发送成功
[02:41:53 INF] 【直播间】23447660 的第 30 个心跳包发送成功
[02:41:55 INF] 【直播间】11732699 的第 30 个心跳包发送成功
[02:41:56 INF] 【直播间】929670 的第 30 个心跳包发送成功
[02:42:50 INF] 【直播间】23357926 的第 31 个心跳包发送成功
[02:42:51 INF] 【直播间】23040372 的第 31 个心跳包发送成功
[02:42:52 INF] 【直播间】31494 的第 31 个心跳包发送成功
[02:42:53 INF] 【直播间】4015781 的第 31 个心跳包发送成功
[02:42:55 INF] 【直播间】9619073 的第 31 个心跳包发送成功
[02:42:56 INF] 【直播间】407149 的第 31 个心跳包发送成功
[02:42:57 INF] 【直播间】91164 的第 31 个心跳包发送成功
[02:42:59 INF] 【直播间】7184632 的第 31 个心跳包发送成功
[02:43:00 INF] 【直播间】23447660 的第 31 个心跳包发送成功
[02:43:01 INF] 【直播间】11732699 的第 31 个心跳包发送成功
[02:43:03 INF] 【直播间】929670 的第 31 个心跳包发送成功
[02:43:56 INF] 【直播间】23357926 的第 32 个心跳包发送成功
[02:43:57 INF] 【直播间】23040372 的第 32 个心跳包发送成功
[02:43:58 INF] 【直播间】31494 的第 32 个心跳包发送成功
[02:44:00 INF] 【直播间】4015781 的第 32 个心跳包发送成功
[02:44:01 INF] 【直播间】9619073 的第 32 个心跳包发送成功
[02:44:02 INF] 【直播间】407149 的第 32 个心跳包发送成功
[02:44:03 INF] 【直播间】91164 的第 32 个心跳包发送成功
[02:44:05 INF] 【直播间】7184632 的第 32 个心跳包发送成功
[02:44:06 INF] 【直播间】23447660 的第 32 个心跳包发送成功
[02:44:07 INF] 【直播间】11732699 的第 32 个心跳包发送成功
[02:44:09 INF] 【直播间】929670 的第 32 个心跳包发送成功
[02:45:02 INF] 【直播间】23357926 的第 33 个心跳包发送成功
[02:45:03 INF] 【直播间】23040372 的第 33 个心跳包发送成功
[02:45:05 INF] 【直播间】31494 的第 33 个心跳包发送成功
[02:45:06 INF] 【直播间】4015781 的第 33 个心跳包发送成功
[02:45:07 INF] 【直播间】9619073 的第 33 个心跳包发送成功
[02:45:08 INF] 【直播间】407149 的第 33 个心跳包发送成功
[02:45:10 INF] 【直播间】91164 的第 33 个心跳包发送成功
[02:45:11 INF] 【直播间】7184632 的第 33 个心跳包发送成功
[02:45:12 INF] 【直播间】23447660 的第 33 个心跳包发送成功
[02:45:13 INF] 【直播间】11732699 的第 33 个心跳包发送成功
[02:45:15 INF] 【直播间】929670 的第 33 个心跳包发送成功
[02:46:09 INF] 【直播间】23357926 的第 34 个心跳包发送成功
[02:46:10 INF] 【直播间】23040372 的第 34 个心跳包发送成功
[02:46:11 INF] 【直播间】31494 的第 34 个心跳包发送成功
[02:46:12 INF] 【直播间】4015781 的第 34 个心跳包发送成功
[02:46:13 INF] 【直播间】9619073 的第 34 个心跳包发送成功
[02:46:15 INF] 【直播间】407149 的第 34 个心跳包发送成功
[02:46:16 INF] 【直播间】91164 的第 34 个心跳包发送成功
[02:46:17 INF] 【直播间】7184632 的第 34 个心跳包发送成功
[02:46:18 INF] 【直播间】23447660 的第 34 个心跳包发送成功
[02:46:20 INF] 【直播间】11732699 的第 34 个心跳包发送成功
[02:46:21 INF] 【直播间】929670 的第 34 个心跳包发送成功
[02:47:15 INF] 【直播间】23357926 的第 35 个心跳包发送成功
[02:47:16 INF] 【直播间】23040372 的第 35 个心跳包发送成功
[02:47:17 INF] 【直播间】31494 的第 35 个心跳包发送成功
[02:47:19 INF] 【直播间】4015781 的第 35 个心跳包发送成功
[02:47:20 INF] 【直播间】9619073 的第 35 个心跳包发送成功
[02:47:21 INF] 【直播间】407149 的第 35 个心跳包发送成功
[02:47:22 INF] 【直播间】91164 的第 35 个心跳包发送成功
[02:47:24 INF] 【直播间】7184632 的第 35 个心跳包发送成功
[02:47:25 INF] 【直播间】23447660 的第 35 个心跳包发送成功
[02:47:26 INF] 【直播间】11732699 的第 35 个心跳包发送成功
[02:47:27 INF] 【直播间】929670 的第 35 个心跳包发送成功
[02:48:21 INF] 【直播间】23357926 的第 36 个心跳包发送成功
[02:48:22 INF] 【直播间】23040372 的第 36 个心跳包发送成功
[02:48:24 INF] 【直播间】31494 的第 36 个心跳包发送成功
[02:48:25 INF] 【直播间】4015781 的第 36 个心跳包发送成功
[02:48:26 INF] 【直播间】9619073 的第 36 个心跳包发送成功
[02:48:27 INF] 【直播间】407149 的第 36 个心跳包发送成功
[02:48:29 INF] 【直播间】91164 的第 36 个心跳包发送成功
[02:48:30 INF] 【直播间】7184632 的第 36 个心跳包发送成功
[02:48:31 INF] 【直播间】23447660 的第 36 个心跳包发送成功
[02:48:32 INF] 【直播间】11732699 的第 36 个心跳包发送成功
[02:48:34 INF] 【直播间】929670 的第 36 个心跳包发送成功
[02:49:28 INF] 【直播间】23357926 的第 37 个心跳包发送成功
[02:49:29 INF] 【直播间】23040372 的第 37 个心跳包发送成功
[02:49:30 INF] 【直播间】31494 的第 37 个心跳包发送成功
[02:49:31 INF] 【直播间】4015781 的第 37 个心跳包发送成功
[02:49:32 INF] 【直播间】9619073 的第 37 个心跳包发送成功
[02:49:34 INF] 【直播间】407149 的第 37 个心跳包发送成功
[02:49:35 INF] 【直播间】91164 的第 37 个心跳包发送成功
[02:49:36 INF] 【直播间】7184632 的第 37 个心跳包发送成功
[02:49:37 INF] 【直播间】23447660 的第 37 个心跳包发送成功
[02:49:39 INF] 【直播间】11732699 的第 37 个心跳包发送成功
[02:49:40 INF] 【直播间】929670 的第 37 个心跳包发送成功
[02:50:34 INF] 【直播间】23357926 的第 38 个心跳包发送成功
[02:50:35 INF] 【直播间】23040372 的第 38 个心跳包发送成功
[02:50:36 INF] 【直播间】31494 的第 38 个心跳包发送成功
[02:50:38 INF] 【直播间】4015781 的第 38 个心跳包发送成功
[02:50:39 INF] 【直播间】9619073 的第 38 个心跳包发送成功
[02:50:40 INF] 【直播间】407149 的第 38 个心跳包发送成功
[02:50:41 INF] 【直播间】91164 的第 38 个心跳包发送成功
[02:50:42 INF] 【直播间】7184632 的第 38 个心跳包发送成功
[02:50:44 INF] 【直播间】23447660 的第 38 个心跳包发送成功
[02:50:45 INF] 【直播间】11732699 的第 38 个心跳包发送成功
[02:50:46 INF] 【直播间】929670 的第 38 个心跳包发送成功
[02:51:40 INF] 【直播间】23357926 的第 39 个心跳包发送成功
[02:51:41 INF] 【直播间】23040372 的第 39 个心跳包发送成功
[02:51:43 INF] 【直播间】31494 的第 39 个心跳包发送成功
[02:51:44 INF] 【直播间】4015781 的第 39 个心跳包发送成功
[02:51:45 INF] 【直播间】9619073 的第 39 个心跳包发送成功
[02:51:46 INF] 【直播间】407149 的第 39 个心跳包发送成功
[02:51:48 INF] 【直播间】91164 的第 39 个心跳包发送成功
[02:51:49 INF] 【直播间】7184632 的第 39 个心跳包发送成功
[02:51:50 INF] 【直播间】23447660 的第 39 个心跳包发送成功
[02:51:52 INF] 【直播间】11732699 的第 39 个心跳包发送成功
[02:51:53 INF] 【直播间】929670 的第 39 个心跳包发送成功
[02:52:46 INF] 【直播间】23357926 的第 40 个心跳包发送成功
[02:52:48 INF] 【直播间】23040372 的第 40 个心跳包发送成功
[02:52:49 INF] 【直播间】31494 的第 40 个心跳包发送成功
[02:52:50 INF] 【直播间】4015781 的第 40 个心跳包发送成功
[02:52:51 INF] 【直播间】9619073 的第 40 个心跳包发送成功
[02:52:53 INF] 【直播间】407149 的第 40 个心跳包发送成功
[02:52:54 INF] 【直播间】91164 的第 40 个心跳包发送成功
[02:52:55 INF] 【直播间】7184632 的第 40 个心跳包发送成功
[02:52:56 INF] 【直播间】23447660 的第 40 个心跳包发送成功
[02:52:58 INF] 【直播间】11732699 的第 40 个心跳包发送成功
[02:52:59 INF] 【直播间】929670 的第 40 个心跳包发送成功
[02:53:53 INF] 【直播间】23357926 的第 41 个心跳包发送成功
[02:53:54 INF] 【直播间】23040372 的第 41 个心跳包发送成功
[02:53:55 INF] 【直播间】31494 的第 41 个心跳包发送成功
[02:53:57 INF] 【直播间】4015781 的第 41 个心跳包发送成功
[02:53:58 INF] 【直播间】9619073 的第 41 个心跳包发送成功
[02:53:59 INF] 【直播间】407149 的第 41 个心跳包发送成功
[02:54:00 INF] 【直播间】91164 的第 41 个心跳包发送成功
[02:54:01 INF] 【直播间】7184632 的第 41 个心跳包发送成功
[02:54:03 INF] 【直播间】23447660 的第 41 个心跳包发送成功
[02:54:04 INF] 【直播间】11732699 的第 41 个心跳包发送成功
[02:54:05 INF] 【直播间】929670 的第 41 个心跳包发送成功
[02:54:59 INF] 【直播间】23357926 的第 42 个心跳包发送成功
[02:55:00 INF] 【直播间】23040372 的第 42 个心跳包发送成功
[02:55:02 INF] 【直播间】31494 的第 42 个心跳包发送成功
[02:55:03 INF] 【直播间】4015781 的第 42 个心跳包发送成功
[02:55:04 INF] 【直播间】9619073 的第 42 个心跳包发送成功
[02:55:05 INF] 【直播间】407149 的第 42 个心跳包发送成功
[02:55:06 INF] 【直播间】91164 的第 42 个心跳包发送成功
[02:55:08 INF] 【直播间】7184632 的第 42 个心跳包发送成功
[02:55:09 INF] 【直播间】23447660 的第 42 个心跳包发送成功
[02:55:10 INF] 【直播间】11732699 的第 42 个心跳包发送成功
[02:55:11 INF] 【直播间】929670 的第 42 个心跳包发送成功
[02:56:06 INF] 【直播间】23357926 的第 43 个心跳包发送成功
[02:56:07 INF] 【直播间】23040372 的第 43 个心跳包发送成功
[02:56:08 INF] 【直播间】31494 的第 43 个心跳包发送成功
[02:56:09 INF] 【直播间】4015781 的第 43 个心跳包发送成功
[02:56:10 INF] 【直播间】9619073 的第 43 个心跳包发送成功
[02:56:12 INF] 【直播间】407149 的第 43 个心跳包发送成功
[02:56:13 INF] 【直播间】91164 的第 43 个心跳包发送成功
[02:56:14 INF] 【直播间】7184632 的第 43 个心跳包发送成功
[02:56:15 INF] 【直播间】23447660 的第 43 个心跳包发送成功
[02:56:16 INF] 【直播间】11732699 的第 43 个心跳包发送成功
[02:56:18 INF] 【直播间】929670 的第 43 个心跳包发送成功
[02:57:12 ERR] 【心跳包】直播间 23357926 发送失败
[02:57:12 ERR] 【原因】time check failed
[02:57:13 ERR] 【心跳包】直播间 23040372 发送失败
[02:57:13 ERR] 【原因】time check failed
[02:57:14 ERR] 【心跳包】直播间 31494 发送失败
[02:57:14 ERR] 【原因】time check failed
[02:57:16 ERR] 【心跳包】直播间 4015781 发送失败
[02:57:16 ERR] 【原因】time check failed
[02:57:17 ERR] 【心跳包】直播间 9619073 发送失败
[02:57:17 ERR] 【原因】time check failed
[02:57:18 ERR] 【心跳包】直播间 407149 发送失败
[02:57:18 ERR] 【原因】time check failed
[02:57:19 ERR] 【心跳包】直播间 91164 发送失败
[02:57:19 ERR] 【原因】time check failed
[02:57:21 ERR] 【心跳包】直播间 7184632 发送失败
[02:57:21 ERR] 【原因】time check failed
[02:57:22 ERR] 【心跳包】直播间 23447660 发送失败
[02:57:22 ERR] 【原因】time check failed
[02:57:23 ERR] 【心跳包】直播间 11732699 发送失败
[02:57:23 ERR] 【原因】time check failed
[02:57:24 ERR] 【心跳包】直播间 929670 发送失败
[02:57:24 ERR] 【原因】time check failed
[02:58:18 INF] 【直播间】23357926 的第 44 个心跳包发送成功
[02:58:19 INF] 【直播间】23040372 的第 44 个心跳包发送成功
[02:58:20 INF] 【直播间】31494 的第 44 个心跳包发送成功
[02:58:22 INF] 【直播间】4015781 的第 44 个心跳包发送成功
[02:58:23 INF] 【直播间】9619073 的第 44 个心跳包发送成功
[02:58:24 INF] 【直播间】407149 的第 44 个心跳包发送成功
[02:58:26 INF] 【直播间】91164 的第 44 个心跳包发送成功
[02:58:27 INF] 【直播间】7184632 的第 44 个心跳包发送成功
[02:58:28 INF] 【直播间】23447660 的第 44 个心跳包发送成功
[02:58:29 INF] 【直播间】11732699 的第 44 个心跳包发送成功
[02:58:30 INF] 【直播间】929670 的第 44 个心跳包发送成功
[02:59:24 INF] 【直播间】23357926 的第 45 个心跳包发送成功
[02:59:26 INF] 【直播间】23040372 的第 45 个心跳包发送成功
[02:59:27 INF] 【直播间】31494 的第 45 个心跳包发送成功
[02:59:28 INF] 【直播间】4015781 的第 45 个心跳包发送成功
[02:59:29 INF] 【直播间】9619073 的第 45 个心跳包发送成功
[02:59:30 INF] 【直播间】407149 的第 45 个心跳包发送成功
[02:59:32 INF] 【直播间】91164 的第 45 个心跳包发送成功
[02:59:33 INF] 【直播间】7184632 的第 45 个心跳包发送成功
[02:59:34 INF] 【直播间】23447660 的第 45 个心跳包发送成功
[02:59:35 INF] 【直播间】11732699 的第 45 个心跳包发送成功
[02:59:37 INF] 【直播间】929670 的第 45 个心跳包发送成功
[03:00:31 INF] 【直播间】23357926 的第 46 个心跳包发送成功
[03:00:32 INF] 【直播间】23040372 的第 46 个心跳包发送成功
[03:00:33 INF] 【直播间】31494 的第 46 个心跳包发送成功
[03:00:35 INF] 【直播间】4015781 的第 46 个心跳包发送成功
[03:00:36 INF] 【直播间】9619073 的第 46 个心跳包发送成功
[03:00:37 INF] 【直播间】407149 的第 46 个心跳包发送成功
[03:00:38 INF] 【直播间】91164 的第 46 个心跳包发送成功
[03:00:40 INF] 【直播间】7184632 的第 46 个心跳包发送成功
[03:00:41 INF] 【直播间】23447660 的第 46 个心跳包发送成功
[03:00:42 INF] 【直播间】11732699 的第 46 个心跳包发送成功
[03:00:43 INF] 【直播间】929670 的第 46 个心跳包发送成功
[03:01:37 INF] 【直播间】23357926 的第 47 个心跳包发送成功
[03:01:38 INF] 【直播间】23040372 的第 47 个心跳包发送成功
[03:01:40 INF] 【直播间】31494 的第 47 个心跳包发送成功
[03:01:41 INF] 【直播间】4015781 的第 47 个心跳包发送成功
[03:01:42 INF] 【直播间】9619073 的第 47 个心跳包发送成功
[03:01:44 INF] 【直播间】407149 的第 47 个心跳包发送成功
[03:01:45 INF] 【直播间】91164 的第 47 个心跳包发送成功
[03:01:46 INF] 【直播间】7184632 的第 47 个心跳包发送成功
[03:01:47 INF] 【直播间】23447660 的第 47 个心跳包发送成功
[03:01:48 INF] 【直播间】11732699 的第 47 个心跳包发送成功
[03:01:50 INF] 【直播间】929670 的第 47 个心跳包发送成功
[03:02:43 INF] 【直播间】23357926 的第 48 个心跳包发送成功
[03:02:45 INF] 【直播间】23040372 的第 48 个心跳包发送成功
[03:02:46 INF] 【直播间】31494 的第 48 个心跳包发送成功
[03:02:47 INF] 【直播间】4015781 的第 48 个心跳包发送成功
[03:02:48 INF] 【直播间】9619073 的第 48 个心跳包发送成功
[03:02:50 INF] 【直播间】407149 的第 48 个心跳包发送成功
[03:02:51 INF] 【直播间】91164 的第 48 个心跳包发送成功
[03:02:52 INF] 【直播间】7184632 的第 48 个心跳包发送成功
[03:02:53 INF] 【直播间】23447660 的第 48 个心跳包发送成功
[03:02:55 INF] 【直播间】11732699 的第 48 个心跳包发送成功
[03:02:56 INF] 【直播间】929670 的第 48 个心跳包发送成功
[03:03:50 INF] 【直播间】23357926 的第 49 个心跳包发送成功
[03:03:51 INF] 【直播间】23040372 的第 49 个心跳包发送成功
[03:03:52 INF] 【直播间】31494 的第 49 个心跳包发送成功
[03:03:54 INF] 【直播间】4015781 的第 49 个心跳包发送成功
[03:03:55 INF] 【直播间】9619073 的第 49 个心跳包发送成功
[03:03:56 INF] 【直播间】407149 的第 49 个心跳包发送成功
[03:03:57 INF] 【直播间】91164 的第 49 个心跳包发送成功
[03:03:59 INF] 【直播间】7184632 的第 49 个心跳包发送成功
[03:04:00 INF] 【直播间】23447660 的第 49 个心跳包发送成功
[03:04:01 INF] 【直播间】11732699 的第 49 个心跳包发送成功
[03:04:02 INF] 【直播间】929670 的第 49 个心跳包发送成功
[03:04:56 INF] 【直播间】23357926 的第 50 个心跳包发送成功
[03:04:57 INF] 【直播间】23040372 的第 50 个心跳包发送成功
[03:04:58 INF] 【直播间】31494 的第 50 个心跳包发送成功
[03:05:00 INF] 【直播间】4015781 的第 50 个心跳包发送成功
[03:05:01 INF] 【直播间】9619073 的第 50 个心跳包发送成功
[03:05:02 INF] 【直播间】407149 的第 50 个心跳包发送成功
[03:05:04 INF] 【直播间】91164 的第 50 个心跳包发送成功
[03:05:05 INF] 【直播间】7184632 的第 50 个心跳包发送成功
[03:05:06 INF] 【直播间】23447660 的第 50 个心跳包发送成功
[03:05:07 INF] 【直播间】11732699 的第 50 个心跳包发送成功
[03:05:08 INF] 【直播间】929670 的第 50 个心跳包发送成功
[03:06:03 INF] 【直播间】23357926 的第 51 个心跳包发送成功
[03:06:04 INF] 【直播间】23040372 的第 51 个心跳包发送成功
[03:06:05 INF] 【直播间】31494 的第 51 个心跳包发送成功
[03:06:06 INF] 【直播间】4015781 的第 51 个心跳包发送成功
[03:06:07 INF] 【直播间】9619073 的第 51 个心跳包发送成功
[03:06:09 INF] 【直播间】407149 的第 51 个心跳包发送成功
[03:06:10 INF] 【直播间】91164 的第 51 个心跳包发送成功
[03:06:11 INF] 【直播间】7184632 的第 51 个心跳包发送成功
[03:06:12 INF] 【直播间】23447660 的第 51 个心跳包发送成功
[03:06:14 INF] 【直播间】11732699 的第 51 个心跳包发送成功
[03:06:15 INF] 【直播间】929670 的第 51 个心跳包发送成功
[03:07:09 INF] 【直播间】23357926 的第 52 个心跳包发送成功
[03:07:10 INF] 【直播间】23040372 的第 52 个心跳包发送成功
[03:07:11 INF] 【直播间】31494 的第 52 个心跳包发送成功
[03:07:12 INF] 【直播间】4015781 的第 52 个心跳包发送成功
[03:07:14 INF] 【直播间】9619073 的第 52 个心跳包发送成功
[03:07:15 INF] 【直播间】407149 的第 52 个心跳包发送成功
[03:07:16 INF] 【直播间】91164 的第 52 个心跳包发送成功
[03:07:17 INF] 【直播间】7184632 的第 52 个心跳包发送成功
[03:07:18 INF] 【直播间】23447660 的第 52 个心跳包发送成功
[03:07:20 INF] 【直播间】11732699 的第 52 个心跳包发送成功
[03:07:21 INF] 【直播间】929670 的第 52 个心跳包发送成功
[03:08:15 INF] 【直播间】23357926 的第 53 个心跳包发送成功
[03:08:16 INF] 【直播间】23040372 的第 53 个心跳包发送成功
[03:08:17 INF] 【直播间】31494 的第 53 个心跳包发送成功
[03:08:19 INF] 【直播间】4015781 的第 53 个心跳包发送成功
[03:08:20 INF] 【直播间】9619073 的第 53 个心跳包发送成功
[03:08:21 INF] 【直播间】407149 的第 53 个心跳包发送成功
[03:08:22 INF] 【直播间】91164 的第 53 个心跳包发送成功
[03:08:23 INF] 【直播间】7184632 的第 53 个心跳包发送成功
[03:08:25 INF] 【直播间】23447660 的第 53 个心跳包发送成功
[03:08:26 INF] 【直播间】11732699 的第 53 个心跳包发送成功
[03:08:27 INF] 【直播间】929670 的第 53 个心跳包发送成功
[03:09:21 INF] 【直播间】23357926 的第 54 个心跳包发送成功
[03:09:23 INF] 【直播间】23040372 的第 54 个心跳包发送成功
[03:09:24 INF] 【直播间】31494 的第 54 个心跳包发送成功
[03:09:25 INF] 【直播间】4015781 的第 54 个心跳包发送成功
[03:09:26 INF] 【直播间】9619073 的第 54 个心跳包发送成功
[03:09:28 INF] 【直播间】407149 的第 54 个心跳包发送成功
[03:09:29 INF] 【直播间】91164 的第 54 个心跳包发送成功
[03:09:30 INF] 【直播间】7184632 的第 54 个心跳包发送成功
[03:09:32 INF] 【直播间】23447660 的第 54 个心跳包发送成功
[03:09:33 INF] 【直播间】11732699 的第 54 个心跳包发送成功
[03:09:34 INF] 【直播间】929670 的第 54 个心跳包发送成功
[03:10:28 INF] 【直播间】23357926 的第 55 个心跳包发送成功
[03:10:29 INF] 【直播间】23040372 的第 55 个心跳包发送成功
[03:10:30 INF] 【直播间】31494 的第 55 个心跳包发送成功
[03:10:32 INF] 【直播间】4015781 的第 55 个心跳包发送成功
[03:10:33 INF] 【直播间】9619073 的第 55 个心跳包发送成功
[03:10:34 INF] 【直播间】407149 的第 55 个心跳包发送成功
[03:10:35 INF] 【直播间】91164 的第 55 个心跳包发送成功
[03:10:37 INF] 【直播间】7184632 的第 55 个心跳包发送成功
[03:10:38 INF] 【直播间】23447660 的第 55 个心跳包发送成功
[03:10:39 INF] 【直播间】11732699 的第 55 个心跳包发送成功
[03:10:40 INF] 【直播间】929670 的第 55 个心跳包发送成功
[03:11:34 INF] 【直播间】23357926 的第 56 个心跳包发送成功
[03:11:36 INF] 【直播间】23040372 的第 56 个心跳包发送成功
[03:11:37 INF] 【直播间】31494 的第 56 个心跳包发送成功
[03:11:38 INF] 【直播间】4015781 的第 56 个心跳包发送成功
[03:11:39 INF] 【直播间】9619073 的第 56 个心跳包发送成功
[03:11:41 INF] 【直播间】407149 的第 56 个心跳包发送成功
[03:11:42 INF] 【直播间】91164 的第 56 个心跳包发送成功
[03:11:43 INF] 【直播间】7184632 的第 56 个心跳包发送成功
[03:11:44 INF] 【直播间】23447660 的第 56 个心跳包发送成功
[03:11:45 INF] 【直播间】11732699 的第 56 个心跳包发送成功
[03:11:47 INF] 【直播间】929670 的第 56 个心跳包发送成功
[03:12:41 INF] 【直播间】23357926 的第 57 个心跳包发送成功
[03:12:42 INF] 【直播间】23040372 的第 57 个心跳包发送成功
[03:12:43 INF] 【直播间】31494 的第 57 个心跳包发送成功
[03:12:44 INF] 【直播间】4015781 的第 57 个心跳包发送成功
[03:12:46 INF] 【直播间】9619073 的第 57 个心跳包发送成功
[03:12:47 INF] 【直播间】407149 的第 57 个心跳包发送成功
[03:12:48 INF] 【直播间】91164 的第 57 个心跳包发送成功
[03:12:49 INF] 【直播间】7184632 的第 57 个心跳包发送成功
[03:12:51 INF] 【直播间】23447660 的第 57 个心跳包发送成功
[03:12:52 INF] 【直播间】11732699 的第 57 个心跳包发送成功
[03:12:53 INF] 【直播间】929670 的第 57 个心跳包发送成功
[03:13:47 ERR] 【心跳包】直播间 23357926 发送失败
[03:13:47 ERR] 【原因】time check failed
[03:13:48 ERR] 【心跳包】直播间 23040372 发送失败
[03:13:48 ERR] 【原因】time check failed
[03:13:50 ERR] 【心跳包】直播间 31494 发送失败
[03:13:50 ERR] 【原因】time check failed
[03:13:51 ERR] 【心跳包】直播间 4015781 发送失败
[03:13:51 ERR] 【原因】time check failed
[03:13:52 ERR] 【心跳包】直播间 9619073 发送失败
[03:13:52 ERR] 【原因】time check failed
[03:13:53 ERR] 【心跳包】直播间 407149 发送失败
[03:13:53 ERR] 【原因】time check failed
[03:13:55 ERR] 【心跳包】直播间 91164 发送失败
[03:13:55 ERR] 【原因】time check failed
[03:13:56 ERR] 【心跳包】直播间 7184632 发送失败
[03:13:56 ERR] 【原因】time check failed
[03:13:57 ERR] 【心跳包】直播间 23447660 发送失败
[03:13:57 ERR] 【原因】time check failed
[03:13:58 ERR] 【心跳包】直播间 11732699 发送失败
[03:13:58 ERR] 【原因】time check failed
[03:14:00 ERR] 【心跳包】直播间 929670 发送失败
[03:14:00 ERR] 【原因】time check failed
[03:14:54 INF] 【直播间】23357926 的第 58 个心跳包发送成功
[03:14:55 INF] 【直播间】23040372 的第 58 个心跳包发送成功
[03:14:56 INF] 【直播间】31494 的第 58 个心跳包发送成功
[03:14:57 INF] 【直播间】4015781 的第 58 个心跳包发送成功
[03:14:59 INF] 【直播间】9619073 的第 58 个心跳包发送成功
[03:15:00 INF] 【直播间】407149 的第 58 个心跳包发送成功
[03:15:01 INF] 【直播间】91164 的第 58 个心跳包发送成功
[03:15:02 INF] 【直播间】7184632 的第 58 个心跳包发送成功
[03:15:04 INF] 【直播间】23447660 的第 58 个心跳包发送成功
[03:15:05 INF] 【直播间】11732699 的第 58 个心跳包发送成功
[03:15:06 INF] 【直播间】929670 的第 58 个心跳包发送成功
[03:16:00 INF] 【直播间】23357926 的第 59 个心跳包发送成功
[03:16:01 INF] 【直播间】23040372 的第 59 个心跳包发送成功
[03:16:02 INF] 【直播间】31494 的第 59 个心跳包发送成功
[03:16:04 INF] 【直播间】4015781 的第 59 个心跳包发送成功
[03:16:05 INF] 【直播间】9619073 的第 59 个心跳包发送成功
[03:16:06 INF] 【直播间】407149 的第 59 个心跳包发送成功
[03:16:07 INF] 【直播间】91164 的第 59 个心跳包发送成功
[03:16:09 INF] 【直播间】7184632 的第 59 个心跳包发送成功
[03:16:10 INF] 【直播间】23447660 的第 59 个心跳包发送成功
[03:16:11 INF] 【直播间】11732699 的第 59 个心跳包发送成功
[03:16:12 INF] 【直播间】929670 的第 59 个心跳包发送成功
[03:17:06 INF] 【直播间】23357926 的第 60 个心跳包发送成功
[03:17:08 INF] 【直播间】23040372 的第 60 个心跳包发送成功
[03:17:09 INF] 【直播间】31494 的第 60 个心跳包发送成功
[03:17:10 INF] 【直播间】4015781 的第 60 个心跳包发送成功
[03:17:11 INF] 【直播间】9619073 的第 60 个心跳包发送成功
[03:17:12 INF] 【直播间】407149 的第 60 个心跳包发送成功
[03:17:14 INF] 【直播间】91164 的第 60 个心跳包发送成功
[03:17:15 INF] 【直播间】7184632 的第 60 个心跳包发送成功
[03:17:16 INF] 【直播间】23447660 的第 60 个心跳包发送成功
[03:17:18 INF] 【直播间】11732699 的第 60 个心跳包发送成功
[03:17:19 INF] 【直播间】929670 的第 60 个心跳包发送成功
[03:18:13 INF] 【直播间】23357926 的第 61 个心跳包发送成功
[03:18:14 INF] 【直播间】23040372 的第 61 个心跳包发送成功
[03:18:15 INF] 【直播间】31494 的第 61 个心跳包发送成功
[03:18:17 INF] 【直播间】4015781 的第 61 个心跳包发送成功
[03:18:18 INF] 【直播间】9619073 的第 61 个心跳包发送成功
[03:18:19 INF] 【直播间】407149 的第 61 个心跳包发送成功
[03:18:20 INF] 【直播间】91164 的第 61 个心跳包发送成功
[03:18:21 INF] 【直播间】7184632 的第 61 个心跳包发送成功
[03:18:23 INF] 【直播间】23447660 的第 61 个心跳包发送成功
[03:18:24 INF] 【直播间】11732699 的第 61 个心跳包发送成功
[03:18:25 INF] 【直播间】929670 的第 61 个心跳包发送成功
[03:19:19 INF] 【直播间】23357926 的第 62 个心跳包发送成功
[03:19:20 INF] 【直播间】23040372 的第 62 个心跳包发送成功
[03:19:21 INF] 【直播间】31494 的第 62 个心跳包发送成功
[03:19:23 INF] 【直播间】4015781 的第 62 个心跳包发送成功
[03:19:24 INF] 【直播间】9619073 的第 62 个心跳包发送成功
[03:19:25 INF] 【直播间】407149 的第 62 个心跳包发送成功
[03:19:26 INF] 【直播间】91164 的第 62 个心跳包发送成功
[03:19:28 INF] 【直播间】7184632 的第 62 个心跳包发送成功
[03:19:29 INF] 【直播间】23447660 的第 62 个心跳包发送成功
[03:19:30 INF] 【直播间】11732699 的第 62 个心跳包发送成功
[03:19:31 INF] 【直播间】929670 的第 62 个心跳包发送成功
[03:20:25 INF] 【直播间】23357926 的第 63 个心跳包发送成功
[03:20:26 INF] 【直播间】23040372 的第 63 个心跳包发送成功
[03:20:28 INF] 【直播间】31494 的第 63 个心跳包发送成功
[03:20:29 INF] 【直播间】4015781 的第 63 个心跳包发送成功
[03:20:30 INF] 【直播间】9619073 的第 63 个心跳包发送成功
[03:20:31 INF] 【直播间】407149 的第 63 个心跳包发送成功
[03:20:33 INF] 【直播间】91164 的第 63 个心跳包发送成功
[03:20:34 INF] 【直播间】7184632 的第 63 个心跳包发送成功
[03:20:35 INF] 【直播间】23447660 的第 63 个心跳包发送成功
[03:20:36 INF] 【直播间】11732699 的第 63 个心跳包发送成功
[03:20:38 INF] 【直播间】929670 的第 63 个心跳包发送成功
[03:21:31 INF] 【直播间】23357926 的第 64 个心跳包发送成功
[03:21:33 INF] 【直播间】23040372 的第 64 个心跳包发送成功
[03:21:34 INF] 【直播间】31494 的第 64 个心跳包发送成功
[03:21:35 INF] 【直播间】4015781 的第 64 个心跳包发送成功
[03:21:36 INF] 【直播间】9619073 的第 64 个心跳包发送成功
[03:21:38 INF] 【直播间】407149 的第 64 个心跳包发送成功
[03:21:39 INF] 【直播间】91164 的第 64 个心跳包发送成功
[03:21:40 INF] 【直播间】7184632 的第 64 个心跳包发送成功
[03:21:41 INF] 【直播间】23447660 的第 64 个心跳包发送成功
[03:21:43 INF] 【直播间】11732699 的第 64 个心跳包发送成功
[03:21:44 INF] 【直播间】929670 的第 64 个心跳包发送成功
[03:22:38 INF] 【直播间】23357926 的第 65 个心跳包发送成功
[03:22:39 INF] 【直播间】23040372 的第 65 个心跳包发送成功
[03:22:40 INF] 【直播间】31494 的第 65 个心跳包发送成功
[03:22:42 INF] 【直播间】4015781 的第 65 个心跳包发送成功
[03:22:43 INF] 【直播间】9619073 的第 65 个心跳包发送成功
[03:22:44 INF] 【直播间】407149 的第 65 个心跳包发送成功
[03:22:45 INF] 【直播间】91164 的第 65 个心跳包发送成功
[03:22:47 INF] 【直播间】7184632 的第 65 个心跳包发送成功
[03:22:48 INF] 【直播间】23447660 的第 65 个心跳包发送成功
[03:22:49 INF] 【直播间】11732699 的第 65 个心跳包发送成功
[03:22:50 INF] 【直播间】929670 的第 65 个心跳包发送成功
[03:23:44 INF] 【直播间】23357926 的第 66 个心跳包发送成功
[03:23:45 INF] 【直播间】23040372 的第 66 个心跳包发送成功
[03:23:47 INF] 【直播间】31494 的第 66 个心跳包发送成功
[03:23:48 INF] 【直播间】4015781 的第 66 个心跳包发送成功
[03:23:49 INF] 【直播间】9619073 的第 66 个心跳包发送成功
[03:23:50 INF] 【直播间】407149 的第 66 个心跳包发送成功
[03:23:52 INF] 【直播间】91164 的第 66 个心跳包发送成功
[03:23:53 INF] 【直播间】7184632 的第 66 个心跳包发送成功
[03:23:54 INF] 【直播间】23447660 的第 66 个心跳包发送成功
[03:23:55 INF] 【直播间】11732699 的第 66 个心跳包发送成功
[03:23:56 INF] 【直播间】929670 的第 66 个心跳包发送成功
[03:24:51 INF] 【直播间】23357926 的第 67 个心跳包发送成功
[03:24:52 INF] 【直播间】23040372 的第 67 个心跳包发送成功
[03:24:53 INF] 【直播间】31494 的第 67 个心跳包发送成功
[03:24:54 INF] 【直播间】4015781 的第 67 个心跳包发送成功
[03:24:55 INF] 【直播间】9619073 的第 67 个心跳包发送成功
[03:24:57 INF] 【直播间】407149 的第 67 个心跳包发送成功
[03:24:58 INF] 【直播间】91164 的第 67 个心跳包发送成功
[03:24:59 INF] 【直播间】7184632 的第 67 个心跳包发送成功
[03:25:00 INF] 【直播间】23447660 的第 67 个心跳包发送成功
[03:25:01 INF] 【直播间】11732699 的第 67 个心跳包发送成功
[03:25:03 INF] 【直播间】929670 的第 67 个心跳包发送成功
[03:25:57 INF] 【直播间】23357926 的第 68 个心跳包发送成功
[03:25:58 INF] 【直播间】23040372 的第 68 个心跳包发送成功
[03:25:59 INF] 【直播间】31494 的第 68 个心跳包发送成功
[03:26:01 INF] 【直播间】4015781 的第 68 个心跳包发送成功
[03:26:02 INF] 【直播间】9619073 的第 68 个心跳包发送成功
[03:26:03 INF] 【直播间】407149 的第 68 个心跳包发送成功
[03:26:04 INF] 【直播间】91164 的第 68 个心跳包发送成功
[03:26:05 INF] 【直播间】7184632 的第 68 个心跳包发送成功
[03:26:07 INF] 【直播间】23447660 的第 68 个心跳包发送成功
[03:26:08 INF] 【直播间】11732699 的第 68 个心跳包发送成功
[03:26:09 INF] 【直播间】929670 的第 68 个心跳包发送成功
[03:27:03 INF] 【直播间】23357926 的第 69 个心跳包发送成功
[03:27:04 INF] 【直播间】23040372 的第 69 个心跳包发送成功
[03:27:06 INF] 【直播间】31494 的第 69 个心跳包发送成功
[03:27:07 INF] 【直播间】4015781 的第 69 个心跳包发送成功
[03:27:08 INF] 【直播间】9619073 的第 69 个心跳包发送成功
[03:27:09 INF] 【直播间】407149 的第 69 个心跳包发送成功
[03:27:11 INF] 【直播间】91164 的第 69 个心跳包发送成功
[03:27:12 INF] 【直播间】7184632 的第 69 个心跳包发送成功
[03:27:13 INF] 【直播间】23447660 的第 69 个心跳包发送成功
[03:27:14 INF] 【直播间】11732699 的第 69 个心跳包发送成功
[03:27:15 INF] 【直播间】929670 的第 69 个心跳包发送成功
[03:28:10 INF] 【直播间】23357926 的第 70 个心跳包发送成功
[03:28:11 INF] 【直播间】23040372 的第 70 个心跳包发送成功
[03:28:12 INF] 【直播间】31494 的第 70 个心跳包发送成功
[03:28:13 INF] 【直播间】4015781 的第 70 个心跳包发送成功
[03:28:15 INF] 【直播间】9619073 的第 70 个心跳包发送成功
[03:28:16 INF] 【直播间】407149 的第 70 个心跳包发送成功
[03:28:17 INF] 【直播间】91164 的第 70 个心跳包发送成功
[03:28:18 INF] 【直播间】7184632 的第 70 个心跳包发送成功
[03:28:19 INF] 【直播间】23447660 的第 70 个心跳包发送成功
[03:28:21 INF] 【直播间】11732699 的第 70 个心跳包发送成功
[03:28:22 INF] 【直播间】929670 的第 70 个心跳包发送成功
[03:28:22 INF] 【直播观看时长】完成情况：11/11 
[03:28:22 INF] ---------结束---------

[03:28:22 INF] ==========结束==========

[03:28:22 INF] ######### 账号 3 #########

[03:28:22 INF] =====开始 直播间互动 =====

[03:28:22 INF] ---开始 发送弹幕 ---
[03:28:22 INF] 检测到直播 Cookie 未正确配置，尝试自动配置中...
[03:28:25 INF] 直播 Cookie 配置成功！
[03:28:25 INF] 【获取直播列表】获取拥有粉丝牌的直播列表
[03:28:32 INF] 【主播】苏打baka 
[03:28:50 INF] 【直播间】苏打baka
[03:28:50 INF] 【粉丝牌】碳酸钠
[03:28:50 INF] 正在发送弹幕...
[03:28:55 INF] -------结束-------

[03:28:55 INF] ---开始 点赞直播间 ---
[03:28:55 INF] 【获取直播列表】获取拥有粉丝牌的直播列表
[03:29:00 INF] 【主播】苏打baka 
[03:29:10 INF] 【弹幕发送】成功~，你和主播 苏打baka 的亲密值增加了100！
[03:29:15 INF] --------结束--------

[03:29:15 INF] ---开始 直播时长挂机 ---
[03:29:15 INF] 【获取直播列表】获取拥有粉丝牌的直播列表
[03:29:15 INF] 【点赞直播间】23040372 完成
[03:29:23 INF] 【主播】苏打baka 
[03:29:44 INF] 【直播间】23040372 的第 1 个心跳包发送成功
[03:30:50 INF] 【直播间】23040372 的第 2 个心跳包发送成功
[03:31:56 INF] 【直播间】23040372 的第 3 个心跳包发送成功
[03:33:03 INF] 【直播间】23040372 的第 4 个心跳包发送成功
[03:34:09 INF] 【直播间】23040372 的第 5 个心跳包发送成功
[03:35:15 INF] 【直播间】23040372 的第 6 个心跳包发送成功
[03:36:22 INF] 【直播间】23040372 的第 7 个心跳包发送成功
[03:37:28 INF] 【直播间】23040372 的第 8 个心跳包发送成功
[03:38:34 INF] 【直播间】23040372 的第 9 个心跳包发送成功
[03:39:41 INF] 【直播间】23040372 的第 10 个心跳包发送成功
[03:40:47 INF] 【直播间】23040372 的第 11 个心跳包发送成功
[03:41:54 INF] 【直播间】23040372 的第 12 个心跳包发送成功
[03:43:00 INF] 【直播间】23040372 的第 13 个心跳包发送成功
[03:44:06 INF] 【直播间】23040372 的第 14 个心跳包发送成功
[03:45:13 INF] 【直播间】23040372 的第 15 个心跳包发送成功
[03:46:19 ERR] 【心跳包】直播间 23040372 发送失败
[03:46:19 ERR] 【原因】time check failed
[03:47:25 INF] 【直播间】23040372 的第 16 个心跳包发送成功
[03:48:32 INF] 【直播间】23040372 的第 17 个心跳包发送成功
[03:49:38 INF] 【直播间】23040372 的第 18 个心跳包发送成功
[03:50:45 INF] 【直播间】23040372 的第 19 个心跳包发送成功
[03:51:51 INF] 【直播间】23040372 的第 20 个心跳包发送成功
[03:52:58 INF] 【直播间】23040372 的第 21 个心跳包发送成功
[03:54:04 INF] 【直播间】23040372 的第 22 个心跳包发送成功
[03:55:10 INF] 【直播间】23040372 的第 23 个心跳包发送成功
[03:56:17 INF] 【直播间】23040372 的第 24 个心跳包发送成功
[03:57:23 INF] 【直播间】23040372 的第 25 个心跳包发送成功
[03:58:29 INF] 【直播间】23040372 的第 26 个心跳包发送成功
[03:59:36 INF] 【直播间】23040372 的第 27 个心跳包发送成功
[04:00:42 INF] 【直播间】23040372 的第 28 个心跳包发送成功
[04:01:49 INF] 【直播间】23040372 的第 29 个心跳包发送成功
[04:02:55 ERR] 【心跳包】直播间 23040372 发送失败
[04:02:55 ERR] 【原因】time check failed
[04:04:01 INF] 【直播间】23040372 的第 30 个心跳包发送成功
[04:05:08 INF] 【直播间】23040372 的第 31 个心跳包发送成功
[04:06:14 INF] 【直播间】23040372 的第 32 个心跳包发送成功
[04:07:20 INF] 【直播间】23040372 的第 33 个心跳包发送成功
[04:08:27 INF] 【直播间】23040372 的第 34 个心跳包发送成功
[04:09:33 INF] 【直播间】23040372 的第 35 个心跳包发送成功
[04:10:39 INF] 【直播间】23040372 的第 36 个心跳包发送成功
[04:11:45 INF] 【直播间】23040372 的第 37 个心跳包发送成功
[04:12:52 INF] 【直播间】23040372 的第 38 个心跳包发送成功
[04:13:58 INF] 【直播间】23040372 的第 39 个心跳包发送成功
[04:15:04 INF] 【直播间】23040372 的第 40 个心跳包发送成功
[04:16:11 INF] 【直播间】23040372 的第 41 个心跳包发送成功
[04:17:17 INF] 【直播间】23040372 的第 42 个心跳包发送成功
[04:18:23 INF] 【直播间】23040372 的第 43 个心跳包发送成功
[04:19:30 ERR] 【心跳包】直播间 23040372 发送失败
[04:19:30 ERR] 【原因】time check failed
[04:20:36 INF] 【直播间】23040372 的第 44 个心跳包发送成功
[04:21:42 INF] 【直播间】23040372 的第 45 个心跳包发送成功
[04:22:48 INF] 【直播间】23040372 的第 46 个心跳包发送成功
[04:23:55 INF] 【直播间】23040372 的第 47 个心跳包发送成功
[04:25:01 INF] 【直播间】23040372 的第 48 个心跳包发送成功
[04:26:08 INF] 【直播间】23040372 的第 49 个心跳包发送成功
[04:27:14 INF] 【直播间】23040372 的第 50 个心跳包发送成功
[04:28:20 INF] 【直播间】23040372 的第 51 个心跳包发送成功
[04:29:27 INF] 【直播间】23040372 的第 52 个心跳包发送成功
[04:30:33 INF] 【直播间】23040372 的第 53 个心跳包发送成功
[04:31:40 INF] 【直播间】23040372 的第 54 个心跳包发送成功
[04:32:46 INF] 【直播间】23040372 的第 55 个心跳包发送成功
[04:33:52 INF] 【直播间】23040372 的第 56 个心跳包发送成功
[04:34:59 INF] 【直播间】23040372 的第 57 个心跳包发送成功
[04:36:05 ERR] 【心跳包】直播间 23040372 发送失败
[04:36:05 ERR] 【原因】time check failed
[04:37:11 INF] 【直播间】23040372 的第 58 个心跳包发送成功
[04:38:18 INF] 【直播间】23040372 的第 59 个心跳包发送成功
[04:39:24 INF] 【直播间】23040372 的第 60 个心跳包发送成功
[04:40:31 INF] 【直播间】23040372 的第 61 个心跳包发送成功
[04:41:37 INF] 【直播间】23040372 的第 62 个心跳包发送成功
[04:42:43 INF] 【直播间】23040372 的第 63 个心跳包发送成功
[04:43:50 INF] 【直播间】23040372 的第 64 个心跳包发送成功
[04:44:56 INF] 【直播间】23040372 的第 65 个心跳包发送成功
[04:46:03 INF] 【直播间】23040372 的第 66 个心跳包发送成功
[04:47:09 INF] 【直播间】23040372 的第 67 个心跳包发送成功
[04:48:15 INF] 【直播间】23040372 的第 68 个心跳包发送成功
[04:49:22 INF] 【直播间】23040372 的第 69 个心跳包发送成功
[04:50:28 INF] 【直播间】23040372 的第 70 个心跳包发送成功
[04:50:28 INF] 【直播观看时长】完成情况：1/1 
[04:50:28 INF] ---------结束---------

[04:50:28 INF] ==========结束==========

[04:50:28 INF] 

========================

 v2.0.1 开源 by https://github.com/RayWangQvQ/BiliBiliToolPro

[04:50:28 INF] ·开始推送·LiveFansMedal任务·
2023-07-07T20:50:28.5403589Z 开始推送到:自定义
2023-07-07T20:50:41.7421598Z Response status: OK.
2023-07-07T20:50:41.7422074Z Response content: {"message":"","success":true,"uuid":"f163017644aa43618815400fad926b56"}.

[04:50:41 INF] 运行环境：Development
[04:50:41 INF] 应用目录：/home/runner/work/BiliBiliToolPro/BiliBiliToolPro/src/Ray.BiliBiliTool.Console/bin/Debug/net6.0/

[04:50:41 INF] 运行结束
