----------- ip 信息 ---------
{
  "ip": "13.91.68.213",
  "city": "San Jose",
  "region": "California",
  "country": "US",
  "loc": "37.3394,-121.8950",
  "org": "AS8075 Microsoft Corporation",
  "postal": "95103",
  "timezone": "America/Los_Angeles",
  "readme": "https://ipinfo.io/missingauth"
} ---------- end ------------
  ____               ____    _   _____           _  
 |  _ \ __ _ _   _  | __ ) _| |_|_   _|__   ___ | | 
 | |_) / _` | | | | |  _ \(_) (_) | |/ _ \ / _ \| | 
 |  _ < (_| | |_| | | |_) | | | | | | (_) | (_) | | 
 |_| \_\__,_|\__, | |____/|_|_|_| |_|\___/ \___/|_| 
             |___/                                  

[00:31:05 INF] BiliBiliToolPro 开始运行...

[00:31:05 INF] 【账号个数】3个

[00:31:05 INF] 随机休眠5分钟

[00:36:05 INF] 【目标任务】LiveFansMedal
[00:36:05 INF] ######### 账号 1 #########

[00:36:05 INF] =====开始 直播间互动 =====

[00:36:05 INF] ---开始 发送弹幕 ---
[00:36:05 INF] 检测到直播 Cookie 未正确配置，尝试自动配置中...
[00:36:13 INF] 直播 Cookie 配置成功！
[00:36:13 INF] 【获取直播列表】获取拥有粉丝牌的直播列表
[00:36:19 INF] 【主播】Mark陌枫 
[00:36:36 INF] 【主播】KL_qiqi_ 
[00:36:48 INF] 【主播】苏打baka 
[00:37:03 INF] 【直播间】Mark陌枫
[00:37:03 INF] 【粉丝牌】馬楓
[00:37:03 INF] 正在发送弹幕...
[00:37:09 INF] 【直播间】KL_qiqi_
[00:37:09 INF] 【粉丝牌】qiqisb
[00:37:09 INF] 正在发送弹幕...
[00:37:16 INF] 【直播间】苏打baka
[00:37:16 INF] 【粉丝牌】碳酸钠
[00:37:16 INF] 正在发送弹幕...
[00:37:20 INF] 【弹幕发送】成功~，你和主播 Mark陌枫 的亲密值增加了100！
[00:37:21 INF] -------结束-------

[00:37:21 INF] ---开始 点赞直播间 ---
[00:37:21 INF] 【获取直播列表】获取拥有粉丝牌的直播列表
[00:37:25 INF] 【弹幕发送】成功~，你和主播 KL_qiqi_ 的亲密值增加了100！
[00:37:28 INF] 【主播】Mark陌枫 
[00:37:30 INF] 【弹幕发送】成功~，你和主播 苏打baka 的亲密值增加了100！
[00:37:41 INF] 【主播】KL_qiqi_ 
[00:37:57 INF] 【主播】苏打baka 
[00:38:19 INF] 【点赞直播间】23357926 完成
[00:38:24 INF] 【点赞直播间】407149 完成
[00:38:28 INF] --------结束--------

[00:38:28 INF] ---开始 直播时长挂机 ---
[00:38:28 INF] 【获取直播列表】获取拥有粉丝牌的直播列表
[00:38:28 INF] 【点赞直播间】23040372 完成
[00:38:33 INF] 【主播】Mark陌枫 
[00:38:50 INF] 【主播】KL_qiqi_ 
[00:39:07 INF] 【主播】苏打baka 
[00:39:26 INF] 【直播间】23357926 的第 1 个心跳包发送成功
[00:39:27 INF] 【直播间】407149 的第 1 个心跳包发送成功
[00:39:28 INF] 【直播间】23040372 的第 1 个心跳包发送成功
[00:40:32 INF] 【直播间】23357926 的第 2 个心跳包发送成功
[00:40:33 INF] 【直播间】407149 的第 2 个心跳包发送成功
[00:40:34 INF] 【直播间】23040372 的第 2 个心跳包发送成功
[00:41:38 INF] 【直播间】23357926 的第 3 个心跳包发送成功
[00:41:39 INF] 【直播间】407149 的第 3 个心跳包发送成功
[00:41:41 INF] 【直播间】23040372 的第 3 个心跳包发送成功
[00:42:45 INF] 【直播间】23357926 的第 4 个心跳包发送成功
[00:42:46 INF] 【直播间】407149 的第 4 个心跳包发送成功
[00:42:47 INF] 【直播间】23040372 的第 4 个心跳包发送成功
[00:43:51 INF] 【直播间】23357926 的第 5 个心跳包发送成功
[00:43:52 INF] 【直播间】407149 的第 5 个心跳包发送成功
[00:43:54 INF] 【直播间】23040372 的第 5 个心跳包发送成功
[00:44:57 INF] 【直播间】23357926 的第 6 个心跳包发送成功
[00:44:59 INF] 【直播间】407149 的第 6 个心跳包发送成功
[00:45:00 INF] 【直播间】23040372 的第 6 个心跳包发送成功
[00:46:04 INF] 【直播间】23357926 的第 7 个心跳包发送成功
[00:46:05 INF] 【直播间】407149 的第 7 个心跳包发送成功
[00:46:06 INF] 【直播间】23040372 的第 7 个心跳包发送成功
[00:47:10 INF] 【直播间】23357926 的第 8 个心跳包发送成功
[00:47:11 INF] 【直播间】407149 的第 8 个心跳包发送成功
[00:47:12 INF] 【直播间】23040372 的第 8 个心跳包发送成功
[00:48:16 INF] 【直播间】23357926 的第 9 个心跳包发送成功
[00:48:18 INF] 【直播间】407149 的第 9 个心跳包发送成功
[00:48:19 INF] 【直播间】23040372 的第 9 个心跳包发送成功
[00:49:23 INF] 【直播间】23357926 的第 10 个心跳包发送成功
[00:49:24 INF] 【直播间】407149 的第 10 个心跳包发送成功
[00:49:25 INF] 【直播间】23040372 的第 10 个心跳包发送成功
[00:50:29 INF] 【直播间】23357926 的第 11 个心跳包发送成功
[00:50:30 INF] 【直播间】407149 的第 11 个心跳包发送成功
[00:50:32 INF] 【直播间】23040372 的第 11 个心跳包发送成功
[00:51:35 INF] 【直播间】23357926 的第 12 个心跳包发送成功
[00:51:37 INF] 【直播间】407149 的第 12 个心跳包发送成功
[00:51:38 INF] 【直播间】23040372 的第 12 个心跳包发送成功
[00:52:42 INF] 【直播间】23357926 的第 13 个心跳包发送成功
[00:52:43 INF] 【直播间】407149 的第 13 个心跳包发送成功
[00:52:44 INF] 【直播间】23040372 的第 13 个心跳包发送成功
[00:53:48 INF] 【直播间】23357926 的第 14 个心跳包发送成功
[00:53:49 INF] 【直播间】407149 的第 14 个心跳包发送成功
[00:53:51 INF] 【直播间】23040372 的第 14 个心跳包发送成功
[00:54:54 INF] 【直播间】23357926 的第 15 个心跳包发送成功
[00:54:56 INF] 【直播间】407149 的第 15 个心跳包发送成功
[00:54:57 INF] 【直播间】23040372 的第 15 个心跳包发送成功
[00:56:01 ERR] 【心跳包】直播间 23357926 发送失败
[00:56:01 ERR] 【原因】time check failed
[00:56:02 ERR] 【心跳包】直播间 407149 发送失败
[00:56:02 ERR] 【原因】time check failed
[00:56:03 ERR] 【心跳包】直播间 23040372 发送失败
[00:56:03 ERR] 【原因】time check failed
[00:57:07 INF] 【直播间】23357926 的第 16 个心跳包发送成功
[00:57:08 INF] 【直播间】407149 的第 16 个心跳包发送成功
[00:57:09 INF] 【直播间】23040372 的第 16 个心跳包发送成功
[00:58:13 INF] 【直播间】23357926 的第 17 个心跳包发送成功
[00:58:14 INF] 【直播间】407149 的第 17 个心跳包发送成功
[00:58:16 INF] 【直播间】23040372 的第 17 个心跳包发送成功
[00:59:19 INF] 【直播间】23357926 的第 18 个心跳包发送成功
[00:59:21 INF] 【直播间】407149 的第 18 个心跳包发送成功
[00:59:22 INF] 【直播间】23040372 的第 18 个心跳包发送成功
[01:00:26 INF] 【直播间】23357926 的第 19 个心跳包发送成功
[01:00:27 INF] 【直播间】407149 的第 19 个心跳包发送成功
[01:00:28 INF] 【直播间】23040372 的第 19 个心跳包发送成功
[01:01:32 INF] 【直播间】23357926 的第 20 个心跳包发送成功
[01:01:33 INF] 【直播间】407149 的第 20 个心跳包发送成功
[01:01:35 INF] 【直播间】23040372 的第 20 个心跳包发送成功
[01:02:38 INF] 【直播间】23357926 的第 21 个心跳包发送成功
[01:02:40 INF] 【直播间】407149 的第 21 个心跳包发送成功
[01:02:41 INF] 【直播间】23040372 的第 21 个心跳包发送成功
[01:03:45 INF] 【直播间】23357926 的第 22 个心跳包发送成功
[01:03:46 INF] 【直播间】407149 的第 22 个心跳包发送成功
[01:03:47 INF] 【直播间】23040372 的第 22 个心跳包发送成功
[01:04:51 INF] 【直播间】23357926 的第 23 个心跳包发送成功
[01:04:52 INF] 【直播间】407149 的第 23 个心跳包发送成功
[01:04:54 INF] 【直播间】23040372 的第 23 个心跳包发送成功
[01:05:58 INF] 【直播间】23357926 的第 24 个心跳包发送成功
[01:05:59 INF] 【直播间】407149 的第 24 个心跳包发送成功
[01:06:00 INF] 【直播间】23040372 的第 24 个心跳包发送成功
[01:07:04 INF] 【直播间】23357926 的第 25 个心跳包发送成功
[01:07:05 INF] 【直播间】407149 的第 25 个心跳包发送成功
[01:07:06 INF] 【直播间】23040372 的第 25 个心跳包发送成功
[01:08:10 INF] 【直播间】23357926 的第 26 个心跳包发送成功
[01:08:11 INF] 【直播间】407149 的第 26 个心跳包发送成功
[01:08:13 INF] 【直播间】23040372 的第 26 个心跳包发送成功
[01:09:17 INF] 【直播间】23357926 的第 27 个心跳包发送成功
[01:09:18 INF] 【直播间】407149 的第 27 个心跳包发送成功
[01:09:19 INF] 【直播间】23040372 的第 27 个心跳包发送成功
[01:10:23 INF] 【直播间】23357926 的第 28 个心跳包发送成功
[01:10:24 INF] 【直播间】407149 的第 28 个心跳包发送成功
[01:10:26 INF] 【直播间】23040372 的第 28 个心跳包发送成功
[01:11:29 INF] 【直播间】23357926 的第 29 个心跳包发送成功
[01:11:31 INF] 【直播间】407149 的第 29 个心跳包发送成功
[01:11:32 INF] 【直播间】23040372 的第 29 个心跳包发送成功
[01:12:36 ERR] 【心跳包】直播间 23357926 发送失败
[01:12:36 ERR] 【原因】time check failed
[01:12:37 ERR] 【心跳包】直播间 407149 发送失败
[01:12:37 ERR] 【原因】time check failed
[01:12:38 ERR] 【心跳包】直播间 23040372 发送失败
[01:12:38 ERR] 【原因】time check failed
[01:13:42 INF] 【直播间】23357926 的第 30 个心跳包发送成功
[01:13:43 INF] 【直播间】407149 的第 30 个心跳包发送成功
[01:13:45 INF] 【直播间】23040372 的第 30 个心跳包发送成功
[01:14:49 INF] 【直播间】23357926 的第 31 个心跳包发送成功
[01:14:50 INF] 【直播间】407149 的第 31 个心跳包发送成功
[01:14:51 INF] 【直播间】23040372 的第 31 个心跳包发送成功
[01:15:55 INF] 【直播间】23357926 的第 32 个心跳包发送成功
[01:15:56 INF] 【直播间】407149 的第 32 个心跳包发送成功
[01:15:57 INF] 【直播间】23040372 的第 32 个心跳包发送成功
[01:17:01 INF] 【直播间】23357926 的第 33 个心跳包发送成功
[01:17:02 INF] 【直播间】407149 的第 33 个心跳包发送成功
[01:17:04 INF] 【直播间】23040372 的第 33 个心跳包发送成功
[01:18:08 INF] 【直播间】23357926 的第 34 个心跳包发送成功
[01:18:09 INF] 【直播间】407149 的第 34 个心跳包发送成功
[01:18:10 INF] 【直播间】23040372 的第 34 个心跳包发送成功
[01:19:14 INF] 【直播间】23357926 的第 35 个心跳包发送成功
[01:19:15 INF] 【直播间】407149 的第 35 个心跳包发送成功
[01:19:16 INF] 【直播间】23040372 的第 35 个心跳包发送成功
[01:20:20 INF] 【直播间】23357926 的第 36 个心跳包发送成功
[01:20:22 INF] 【直播间】407149 的第 36 个心跳包发送成功
[01:20:23 INF] 【直播间】23040372 的第 36 个心跳包发送成功
[01:21:27 INF] 【直播间】23357926 的第 37 个心跳包发送成功
[01:21:28 INF] 【直播间】407149 的第 37 个心跳包发送成功
[01:21:29 INF] 【直播间】23040372 的第 37 个心跳包发送成功
[01:22:33 INF] 【直播间】23357926 的第 38 个心跳包发送成功
[01:22:34 INF] 【直播间】407149 的第 38 个心跳包发送成功
[01:22:36 INF] 【直播间】23040372 的第 38 个心跳包发送成功
[01:23:39 INF] 【直播间】23357926 的第 39 个心跳包发送成功
[01:23:40 INF] 【直播间】407149 的第 39 个心跳包发送成功
[01:23:42 INF] 【直播间】23040372 的第 39 个心跳包发送成功
[01:24:45 INF] 【直播间】23357926 的第 40 个心跳包发送成功
[01:24:47 INF] 【直播间】407149 的第 40 个心跳包发送成功
[01:24:48 INF] 【直播间】23040372 的第 40 个心跳包发送成功
[01:25:52 INF] 【直播间】23357926 的第 41 个心跳包发送成功
[01:25:53 INF] 【直播间】407149 的第 41 个心跳包发送成功
[01:25:54 INF] 【直播间】23040372 的第 41 个心跳包发送成功
[01:26:58 INF] 【直播间】23357926 的第 42 个心跳包发送成功
[01:27:00 INF] 【直播间】407149 的第 42 个心跳包发送成功
[01:27:01 INF] 【直播间】23040372 的第 42 个心跳包发送成功
[01:28:05 INF] 【直播间】23357926 的第 43 个心跳包发送成功
[01:28:06 INF] 【直播间】407149 的第 43 个心跳包发送成功
[01:28:07 INF] 【直播间】23040372 的第 43 个心跳包发送成功
[01:29:11 ERR] 【心跳包】直播间 23357926 发送失败
[01:29:11 ERR] 【原因】time check failed
[01:29:12 ERR] 【心跳包】直播间 407149 发送失败
[01:29:12 ERR] 【原因】time check failed
[01:29:13 ERR] 【心跳包】直播间 23040372 发送失败
[01:29:13 ERR] 【原因】time check failed
[01:30:17 INF] 【直播间】23357926 的第 44 个心跳包发送成功
[01:30:19 INF] 【直播间】407149 的第 44 个心跳包发送成功
[01:30:20 INF] 【直播间】23040372 的第 44 个心跳包发送成功
[01:31:24 INF] 【直播间】23357926 的第 45 个心跳包发送成功
[01:31:25 INF] 【直播间】407149 的第 45 个心跳包发送成功
[01:31:26 INF] 【直播间】23040372 的第 45 个心跳包发送成功
[01:32:30 INF] 【直播间】23357926 的第 46 个心跳包发送成功
[01:32:31 INF] 【直播间】407149 的第 46 个心跳包发送成功
[01:32:32 INF] 【直播间】23040372 的第 46 个心跳包发送成功
[01:33:36 INF] 【直播间】23357926 的第 47 个心跳包发送成功
[01:33:37 INF] 【直播间】407149 的第 47 个心跳包发送成功
[01:33:39 INF] 【直播间】23040372 的第 47 个心跳包发送成功
[01:34:43 INF] 【直播间】23357926 的第 48 个心跳包发送成功
[01:34:44 INF] 【直播间】407149 的第 48 个心跳包发送成功
[01:34:45 INF] 【直播间】23040372 的第 48 个心跳包发送成功
[01:35:49 INF] 【直播间】23357926 的第 49 个心跳包发送成功
[01:35:50 INF] 【直播间】407149 的第 49 个心跳包发送成功
[01:35:51 INF] 【直播间】23040372 的第 49 个心跳包发送成功
[01:36:55 INF] 【直播间】23357926 的第 50 个心跳包发送成功
[01:36:57 INF] 【直播间】407149 的第 50 个心跳包发送成功
[01:36:58 INF] 【直播间】23040372 的第 50 个心跳包发送成功
[01:38:02 INF] 【直播间】23357926 的第 51 个心跳包发送成功
[01:38:03 INF] 【直播间】407149 的第 51 个心跳包发送成功
[01:38:04 INF] 【直播间】23040372 的第 51 个心跳包发送成功
[01:39:08 INF] 【直播间】23357926 的第 52 个心跳包发送成功
[01:39:09 INF] 【直播间】407149 的第 52 个心跳包发送成功
[01:39:10 INF] 【直播间】23040372 的第 52 个心跳包发送成功
[01:40:14 INF] 【直播间】23357926 的第 53 个心跳包发送成功
[01:40:16 INF] 【直播间】407149 的第 53 个心跳包发送成功
[01:40:17 INF] 【直播间】23040372 的第 53 个心跳包发送成功
[01:41:21 INF] 【直播间】23357926 的第 54 个心跳包发送成功
[01:41:22 INF] 【直播间】407149 的第 54 个心跳包发送成功
[01:41:23 INF] 【直播间】23040372 的第 54 个心跳包发送成功
[01:42:27 INF] 【直播间】23357926 的第 55 个心跳包发送成功
[01:42:29 INF] 【直播间】407149 的第 55 个心跳包发送成功
[01:42:30 INF] 【直播间】23040372 的第 55 个心跳包发送成功
[01:43:34 INF] 【直播间】23357926 的第 56 个心跳包发送成功
[01:43:35 INF] 【直播间】407149 的第 56 个心跳包发送成功
[01:43:36 INF] 【直播间】23040372 的第 56 个心跳包发送成功
[01:44:40 INF] 【直播间】23357926 的第 57 个心跳包发送成功
[01:44:41 INF] 【直播间】407149 的第 57 个心跳包发送成功
[01:44:42 INF] 【直播间】23040372 的第 57 个心跳包发送成功
[01:45:46 ERR] 【心跳包】直播间 23357926 发送失败
[01:45:46 ERR] 【原因】time check failed
[01:45:47 ERR] 【心跳包】直播间 407149 发送失败
[01:45:47 ERR] 【原因】time check failed
[01:45:49 ERR] 【心跳包】直播间 23040372 发送失败
[01:45:49 ERR] 【原因】time check failed
[01:46:52 INF] 【直播间】23357926 的第 58 个心跳包发送成功
[01:46:54 INF] 【直播间】407149 的第 58 个心跳包发送成功
[01:46:55 INF] 【直播间】23040372 的第 58 个心跳包发送成功
[01:47:59 INF] 【直播间】23357926 的第 59 个心跳包发送成功
[01:48:00 INF] 【直播间】407149 的第 59 个心跳包发送成功
[01:48:02 INF] 【直播间】23040372 的第 59 个心跳包发送成功
[01:49:05 INF] 【直播间】23357926 的第 60 个心跳包发送成功
[01:49:06 INF] 【直播间】407149 的第 60 个心跳包发送成功
[01:49:08 INF] 【直播间】23040372 的第 60 个心跳包发送成功
[01:50:12 INF] 【直播间】23357926 的第 61 个心跳包发送成功
[01:50:13 INF] 【直播间】407149 的第 61 个心跳包发送成功
[01:50:14 INF] 【直播间】23040372 的第 61 个心跳包发送成功
[01:51:18 INF] 【直播间】23357926 的第 62 个心跳包发送成功
[01:51:19 INF] 【直播间】407149 的第 62 个心跳包发送成功
[01:51:21 INF] 【直播间】23040372 的第 62 个心跳包发送成功
[01:52:24 INF] 【直播间】23357926 的第 63 个心跳包发送成功
[01:52:26 INF] 【直播间】407149 的第 63 个心跳包发送成功
[01:52:27 INF] 【直播间】23040372 的第 63 个心跳包发送成功
[01:53:31 INF] 【直播间】23357926 的第 64 个心跳包发送成功
[01:53:32 INF] 【直播间】407149 的第 64 个心跳包发送成功
[01:53:33 INF] 【直播间】23040372 的第 64 个心跳包发送成功
[01:54:37 INF] 【直播间】23357926 的第 65 个心跳包发送成功
[01:54:38 INF] 【直播间】407149 的第 65 个心跳包发送成功
[01:54:40 INF] 【直播间】23040372 的第 65 个心跳包发送成功
[01:55:43 INF] 【直播间】23357926 的第 66 个心跳包发送成功
[01:55:45 INF] 【直播间】407149 的第 66 个心跳包发送成功
[01:55:46 INF] 【直播间】23040372 的第 66 个心跳包发送成功
[01:56:50 INF] 【直播间】23357926 的第 67 个心跳包发送成功
[01:56:51 INF] 【直播间】407149 的第 67 个心跳包发送成功
[01:56:52 INF] 【直播间】23040372 的第 67 个心跳包发送成功
[01:57:56 INF] 【直播间】23357926 的第 68 个心跳包发送成功
[01:57:57 INF] 【直播间】407149 的第 68 个心跳包发送成功
[01:57:58 INF] 【直播间】23040372 的第 68 个心跳包发送成功
[01:59:02 INF] 【直播间】23357926 的第 69 个心跳包发送成功
[01:59:04 INF] 【直播间】407149 的第 69 个心跳包发送成功
[01:59:05 INF] 【直播间】23040372 的第 69 个心跳包发送成功
[02:00:09 INF] 【直播间】23357926 的第 70 个心跳包发送成功
[02:00:10 INF] 【直播间】407149 的第 70 个心跳包发送成功
[02:00:11 INF] 【直播间】23040372 的第 70 个心跳包发送成功
[02:00:11 INF] 【直播观看时长】完成情况：3/3 
[02:00:11 INF] ---------结束---------

[02:00:11 INF] ==========结束==========

[02:00:11 INF] ######### 账号 2 #########

[02:00:11 INF] =====开始 直播间互动 =====

[02:00:11 INF] ---开始 发送弹幕 ---
[02:00:11 INF] 检测到直播 Cookie 未正确配置，尝试自动配置中...
[02:00:16 INF] 直播 Cookie 配置成功！
[02:00:16 INF] 【获取直播列表】获取拥有粉丝牌的直播列表
[02:00:24 INF] 【主播】Mark陌枫 
[02:00:38 INF] 【主播】苏打baka 
[02:00:56 INF] 【主播】特别中二的q3君 
[02:01:10 INF] 【主播】陈抱一 
[02:01:29 INF] 【主播】贪玩的小毅 
[02:01:47 INF] 【主播】KL_qiqi_ 
[02:01:59 INF] 【主播】悠悠球琛总 
[02:02:13 INF] 【主播】记录生活的蛋黄派 
[02:02:29 INF] 【主播】脏小豆 
[02:02:44 INF] 【主播】新石器公园 
[02:03:02 INF] 【主播】FoFTG 
[02:03:18 INF] 【主播】李船长笔记 
[02:03:31 INF] 【直播间】Mark陌枫
[02:03:31 INF] 【粉丝牌】馬楓
[02:03:31 INF] 正在发送弹幕...
[02:03:36 INF] 【直播间】苏打baka
[02:03:36 INF] 【粉丝牌】碳酸钠
[02:03:36 INF] 正在发送弹幕...
[02:03:40 INF] 【直播间】特别中二的q3君
[02:03:40 INF] 【粉丝牌】q3GG
[02:03:40 INF] 正在发送弹幕...
[02:03:46 INF] 【直播间】陈抱一
[02:03:46 INF] 【粉丝牌】陈抱一
[02:03:46 INF] 正在发送弹幕...
[02:03:48 INF] 【弹幕发送】成功~，你和主播 Mark陌枫 的亲密值增加了100！
[02:03:49 INF] 【直播间】贪玩的小毅
[02:03:49 INF] 【粉丝牌】大大毅
[02:03:49 INF] 正在发送弹幕...
[02:03:54 INF] 【弹幕发送】成功~，你和主播 苏打baka 的亲密值增加了100！
[02:03:54 INF] 【直播间】KL_qiqi_
[02:03:54 INF] 【粉丝牌】qiqisb
[02:03:54 INF] 正在发送弹幕...
[02:03:59 INF] 【直播间】悠悠球琛总
[02:03:59 INF] 【粉丝牌】i琛
[02:03:59 INF] 正在发送弹幕...
[02:04:01 INF] 【弹幕发送】成功~，你和主播 陈抱一 的亲密值增加了100！
[02:04:01 ERR] 【弹幕发送】失败
[02:04:01 ERR] 【原因】您发送弹幕的频率过快
[02:04:05 INF] 【直播间】记录生活的蛋黄派
[02:04:05 INF] 【粉丝牌】派派派
[02:04:05 INF] 正在发送弹幕...
[02:04:07 INF] 【弹幕发送】成功~，你和主播 贪玩的小毅 的亲密值增加了100！
[02:04:10 INF] 【直播间】脏小豆
[02:04:10 INF] 【粉丝牌】豆豆浆
[02:04:10 INF] 正在发送弹幕...
[02:04:11 INF] 【弹幕发送】成功~，你和主播 KL_qiqi_ 的亲密值增加了100！
[02:04:15 INF] 【弹幕发送】成功~，你和主播 悠悠球琛总 的亲密值增加了100！
[02:04:17 INF] 【直播间】新石器公园
[02:04:17 INF] 【粉丝牌】东园主
[02:04:17 INF] 正在发送弹幕...
[02:04:20 INF] 【弹幕发送】成功~，你和主播 记录生活的蛋黄派 的亲密值增加了100！
[02:04:22 INF] 【直播间】FoFTG
[02:04:22 INF] 【粉丝牌】FOFTG
[02:04:22 INF] 正在发送弹幕...
[02:04:26 INF] 【直播间】李船长笔记
[02:04:26 INF] 【粉丝牌】航海仕
[02:04:26 INF] 正在发送弹幕...
[02:04:28 INF] 【弹幕发送】成功~，你和主播 脏小豆 的亲密值增加了100！
[02:04:31 INF] 【弹幕发送】成功~，你和主播 新石器公园 的亲密值增加了100！
[02:04:33 INF] -------结束-------

[02:04:33 INF] ---开始 点赞直播间 ---
[02:04:33 INF] 【获取直播列表】获取拥有粉丝牌的直播列表
[02:04:36 INF] 【主播】Mark陌枫 
[02:04:39 INF] 【弹幕发送】成功~，你和主播 FoFTG 的亲密值增加了100！
[02:04:44 INF] 【弹幕发送】成功~，你和主播 李船长笔记 的亲密值增加了100！
[02:04:54 INF] 【主播】苏打baka 
[02:05:12 INF] 【主播】特别中二的q3君 
[02:05:26 INF] 【主播】陈抱一 
[02:05:41 INF] 【主播】贪玩的小毅 
[02:05:59 INF] 【主播】KL_qiqi_ 
[02:06:15 INF] 【主播】悠悠球琛总 
[02:06:30 INF] 【主播】记录生活的蛋黄派 
[02:06:40 INF] 【主播】脏小豆 
[02:06:58 INF] 【主播】新石器公园 
[02:07:12 INF] 【主播】FoFTG 
[02:07:27 INF] 【主播】李船长笔记 
[02:07:44 INF] 【点赞直播间】23357926 完成
[02:07:49 INF] 【点赞直播间】23040372 完成
[02:07:55 INF] 【点赞直播间】31494 完成
[02:08:02 INF] 【点赞直播间】4015781 完成
[02:08:07 INF] 【点赞直播间】9619073 完成
[02:08:13 INF] 【点赞直播间】407149 完成
[02:08:20 INF] 【点赞直播间】7184632 完成
[02:08:25 INF] 【点赞直播间】11732699 完成
[02:08:32 INF] 【点赞直播间】929670 完成
[02:08:38 INF] 【点赞直播间】23447660 完成
[02:08:42 INF] 【点赞直播间】91164 完成
[02:08:46 INF] --------结束--------

[02:08:46 INF] ---开始 直播时长挂机 ---
[02:08:46 INF] 【获取直播列表】获取拥有粉丝牌的直播列表
[02:08:46 INF] 【点赞直播间】22764265 完成
[02:08:52 INF] 【主播】Mark陌枫 
[02:09:07 INF] 【主播】苏打baka 
[02:09:26 INF] 【主播】特别中二的q3君 
[02:09:47 INF] 【主播】陈抱一 
[02:10:02 INF] 【主播】贪玩的小毅 
[02:10:18 INF] 【主播】KL_qiqi_ 
[02:10:33 INF] 【主播】悠悠球琛总 
[02:10:52 INF] 【主播】记录生活的蛋黄派 
[02:11:03 INF] 【主播】脏小豆 
[02:11:23 INF] 【主播】新石器公园 
[02:11:36 INF] 【主播】FoFTG 
[02:11:55 INF] 【主播】李船长笔记 
[02:12:11 INF] 【直播间】23357926 的第 1 个心跳包发送成功
[02:12:12 INF] 【直播间】23040372 的第 1 个心跳包发送成功
[02:12:14 INF] 【直播间】31494 的第 1 个心跳包发送成功
[02:12:15 INF] 【直播间】4015781 的第 1 个心跳包发送成功
[02:12:16 INF] 【直播间】9619073 的第 1 个心跳包发送成功
[02:12:17 INF] 【直播间】407149 的第 1 个心跳包发送成功
[02:12:18 INF] 【直播间】7184632 的第 1 个心跳包发送成功
[02:12:20 INF] 【直播间】11732699 的第 1 个心跳包发送成功
[02:12:21 INF] 【直播间】929670 的第 1 个心跳包发送成功
[02:12:22 INF] 【直播间】23447660 的第 1 个心跳包发送成功
[02:12:23 INF] 【直播间】91164 的第 1 个心跳包发送成功
[02:12:25 INF] 【直播间】22764265 的第 1 个心跳包发送成功
[02:13:17 INF] 【直播间】23357926 的第 2 个心跳包发送成功
[02:13:19 INF] 【直播间】23040372 的第 2 个心跳包发送成功
[02:13:20 INF] 【直播间】31494 的第 2 个心跳包发送成功
[02:13:21 INF] 【直播间】4015781 的第 2 个心跳包发送成功
[02:13:22 INF] 【直播间】9619073 的第 2 个心跳包发送成功
[02:13:24 INF] 【直播间】407149 的第 2 个心跳包发送成功
[02:13:25 INF] 【直播间】7184632 的第 2 个心跳包发送成功
[02:13:26 INF] 【直播间】11732699 的第 2 个心跳包发送成功
[02:13:27 INF] 【直播间】929670 的第 2 个心跳包发送成功
[02:13:28 INF] 【直播间】23447660 的第 2 个心跳包发送成功
[02:13:30 INF] 【直播间】91164 的第 2 个心跳包发送成功
[02:13:31 INF] 【直播间】22764265 的第 2 个心跳包发送成功
[02:14:24 INF] 【直播间】23357926 的第 3 个心跳包发送成功
[02:14:25 INF] 【直播间】23040372 的第 3 个心跳包发送成功
[02:14:26 INF] 【直播间】31494 的第 3 个心跳包发送成功
[02:14:27 INF] 【直播间】4015781 的第 3 个心跳包发送成功
[02:14:29 INF] 【直播间】9619073 的第 3 个心跳包发送成功
[02:14:30 INF] 【直播间】407149 的第 3 个心跳包发送成功
[02:14:31 INF] 【直播间】7184632 的第 3 个心跳包发送成功
[02:14:32 INF] 【直播间】11732699 的第 3 个心跳包发送成功
[02:14:33 INF] 【直播间】929670 的第 3 个心跳包发送成功
[02:14:35 INF] 【直播间】23447660 的第 3 个心跳包发送成功
[02:14:36 INF] 【直播间】91164 的第 3 个心跳包发送成功
[02:14:37 INF] 【直播间】22764265 的第 3 个心跳包发送成功
[02:15:30 INF] 【直播间】23357926 的第 4 个心跳包发送成功
[02:15:31 INF] 【直播间】23040372 的第 4 个心跳包发送成功
[02:15:32 INF] 【直播间】31494 的第 4 个心跳包发送成功
[02:15:34 INF] 【直播间】4015781 的第 4 个心跳包发送成功
[02:15:35 INF] 【直播间】9619073 的第 4 个心跳包发送成功
[02:15:36 INF] 【直播间】407149 的第 4 个心跳包发送成功
[02:15:37 INF] 【直播间】7184632 的第 4 个心跳包发送成功
[02:15:39 INF] 【直播间】11732699 的第 4 个心跳包发送成功
[02:15:40 INF] 【直播间】929670 的第 4 个心跳包发送成功
[02:15:41 INF] 【直播间】23447660 的第 4 个心跳包发送成功
[02:15:42 INF] 【直播间】91164 的第 4 个心跳包发送成功
[02:15:43 INF] 【直播间】22764265 的第 4 个心跳包发送成功
[02:16:36 INF] 【直播间】23357926 的第 5 个心跳包发送成功
[02:16:38 INF] 【直播间】23040372 的第 5 个心跳包发送成功
[02:16:39 INF] 【直播间】31494 的第 5 个心跳包发送成功
[02:16:40 INF] 【直播间】4015781 的第 5 个心跳包发送成功
[02:16:41 INF] 【直播间】9619073 的第 5 个心跳包发送成功
[02:16:42 INF] 【直播间】407149 的第 5 个心跳包发送成功
[02:16:44 INF] 【直播间】7184632 的第 5 个心跳包发送成功
[02:16:45 INF] 【直播间】11732699 的第 5 个心跳包发送成功
[02:16:46 INF] 【直播间】929670 的第 5 个心跳包发送成功
[02:16:47 INF] 【直播间】23447660 的第 5 个心跳包发送成功
[02:16:48 INF] 【直播间】91164 的第 5 个心跳包发送成功
[02:16:50 INF] 【直播间】22764265 的第 5 个心跳包发送成功
[02:17:43 INF] 【直播间】23357926 的第 6 个心跳包发送成功
[02:17:44 INF] 【直播间】23040372 的第 6 个心跳包发送成功
[02:17:45 INF] 【直播间】31494 的第 6 个心跳包发送成功
[02:17:46 INF] 【直播间】4015781 的第 6 个心跳包发送成功
[02:17:47 INF] 【直播间】9619073 的第 6 个心跳包发送成功
[02:17:49 INF] 【直播间】407149 的第 6 个心跳包发送成功
[02:17:50 INF] 【直播间】7184632 的第 6 个心跳包发送成功
[02:17:51 INF] 【直播间】11732699 的第 6 个心跳包发送成功
[02:17:52 INF] 【直播间】929670 的第 6 个心跳包发送成功
[02:17:54 INF] 【直播间】23447660 的第 6 个心跳包发送成功
[02:17:55 INF] 【直播间】91164 的第 6 个心跳包发送成功
[02:17:56 INF] 【直播间】22764265 的第 6 个心跳包发送成功
[02:18:49 INF] 【直播间】23357926 的第 7 个心跳包发送成功
[02:18:50 INF] 【直播间】23040372 的第 7 个心跳包发送成功
[02:18:51 INF] 【直播间】31494 的第 7 个心跳包发送成功
[02:18:53 INF] 【直播间】4015781 的第 7 个心跳包发送成功
[02:18:54 INF] 【直播间】9619073 的第 7 个心跳包发送成功
[02:18:55 INF] 【直播间】407149 的第 7 个心跳包发送成功
[02:18:56 INF] 【直播间】7184632 的第 7 个心跳包发送成功
[02:18:57 INF] 【直播间】11732699 的第 7 个心跳包发送成功
[02:18:59 INF] 【直播间】929670 的第 7 个心跳包发送成功
[02:19:00 INF] 【直播间】23447660 的第 7 个心跳包发送成功
[02:19:01 INF] 【直播间】91164 的第 7 个心跳包发送成功
[02:19:02 INF] 【直播间】22764265 的第 7 个心跳包发送成功
[02:19:55 INF] 【直播间】23357926 的第 8 个心跳包发送成功
[02:19:56 INF] 【直播间】23040372 的第 8 个心跳包发送成功
[02:19:58 INF] 【直播间】31494 的第 8 个心跳包发送成功
[02:19:59 INF] 【直播间】4015781 的第 8 个心跳包发送成功
[02:20:00 INF] 【直播间】9619073 的第 8 个心跳包发送成功
[02:20:01 INF] 【直播间】407149 的第 8 个心跳包发送成功
[02:20:02 INF] 【直播间】7184632 的第 8 个心跳包发送成功
[02:20:04 INF] 【直播间】11732699 的第 8 个心跳包发送成功
[02:20:05 INF] 【直播间】929670 的第 8 个心跳包发送成功
[02:20:06 INF] 【直播间】23447660 的第 8 个心跳包发送成功
[02:20:07 INF] 【直播间】91164 的第 8 个心跳包发送成功
[02:20:09 INF] 【直播间】22764265 的第 8 个心跳包发送成功
[02:21:01 INF] 【直播间】23357926 的第 9 个心跳包发送成功
[02:21:03 INF] 【直播间】23040372 的第 9 个心跳包发送成功
[02:21:04 INF] 【直播间】31494 的第 9 个心跳包发送成功
[02:21:05 INF] 【直播间】4015781 的第 9 个心跳包发送成功
[02:21:06 INF] 【直播间】9619073 的第 9 个心跳包发送成功
[02:21:08 INF] 【直播间】407149 的第 9 个心跳包发送成功
[02:21:09 INF] 【直播间】7184632 的第 9 个心跳包发送成功
[02:21:10 INF] 【直播间】11732699 的第 9 个心跳包发送成功
[02:21:11 INF] 【直播间】929670 的第 9 个心跳包发送成功
[02:21:13 INF] 【直播间】23447660 的第 9 个心跳包发送成功
[02:21:14 INF] 【直播间】91164 的第 9 个心跳包发送成功
[02:21:15 INF] 【直播间】22764265 的第 9 个心跳包发送成功
[02:22:08 INF] 【直播间】23357926 的第 10 个心跳包发送成功
[02:22:09 INF] 【直播间】23040372 的第 10 个心跳包发送成功
[02:22:10 INF] 【直播间】31494 的第 10 个心跳包发送成功
[02:22:12 INF] 【直播间】4015781 的第 10 个心跳包发送成功
[02:22:13 INF] 【直播间】9619073 的第 10 个心跳包发送成功
[02:22:14 INF] 【直播间】407149 的第 10 个心跳包发送成功
[02:22:15 INF] 【直播间】7184632 的第 10 个心跳包发送成功
[02:22:17 INF] 【直播间】11732699 的第 10 个心跳包发送成功
[02:22:18 INF] 【直播间】929670 的第 10 个心跳包发送成功
[02:22:19 INF] 【直播间】23447660 的第 10 个心跳包发送成功
[02:22:20 INF] 【直播间】91164 的第 10 个心跳包发送成功
[02:22:22 INF] 【直播间】22764265 的第 10 个心跳包发送成功
[02:23:14 INF] 【直播间】23357926 的第 11 个心跳包发送成功
[02:23:15 INF] 【直播间】23040372 的第 11 个心跳包发送成功
[02:23:17 INF] 【直播间】31494 的第 11 个心跳包发送成功
[02:23:18 INF] 【直播间】4015781 的第 11 个心跳包发送成功
[02:23:19 INF] 【直播间】9619073 的第 11 个心跳包发送成功
[02:23:20 INF] 【直播间】407149 的第 11 个心跳包发送成功
[02:23:22 INF] 【直播间】7184632 的第 11 个心跳包发送成功
[02:23:23 INF] 【直播间】11732699 的第 11 个心跳包发送成功
[02:23:24 INF] 【直播间】929670 的第 11 个心跳包发送成功
[02:23:25 INF] 【直播间】23447660 的第 11 个心跳包发送成功
[02:23:27 INF] 【直播间】91164 的第 11 个心跳包发送成功
[02:23:28 INF] 【直播间】22764265 的第 11 个心跳包发送成功
[02:24:20 INF] 【直播间】23357926 的第 12 个心跳包发送成功
[02:24:22 INF] 【直播间】23040372 的第 12 个心跳包发送成功
[02:24:23 INF] 【直播间】31494 的第 12 个心跳包发送成功
[02:24:24 INF] 【直播间】4015781 的第 12 个心跳包发送成功
[02:24:25 INF] 【直播间】9619073 的第 12 个心跳包发送成功
[02:24:27 INF] 【直播间】407149 的第 12 个心跳包发送成功
[02:24:28 INF] 【直播间】7184632 的第 12 个心跳包发送成功
[02:24:29 INF] 【直播间】11732699 的第 12 个心跳包发送成功
[02:24:30 INF] 【直播间】929670 的第 12 个心跳包发送成功
[02:24:32 INF] 【直播间】23447660 的第 12 个心跳包发送成功
[02:24:33 INF] 【直播间】91164 的第 12 个心跳包发送成功
[02:24:34 INF] 【直播间】22764265 的第 12 个心跳包发送成功
[02:25:27 INF] 【直播间】23357926 的第 13 个心跳包发送成功
[02:25:28 INF] 【直播间】23040372 的第 13 个心跳包发送成功
[02:25:29 INF] 【直播间】31494 的第 13 个心跳包发送成功
[02:25:30 INF] 【直播间】4015781 的第 13 个心跳包发送成功
[02:25:32 INF] 【直播间】9619073 的第 13 个心跳包发送成功
[02:25:33 INF] 【直播间】407149 的第 13 个心跳包发送成功
[02:25:34 INF] 【直播间】7184632 的第 13 个心跳包发送成功
[02:25:35 INF] 【直播间】11732699 的第 13 个心跳包发送成功
[02:25:37 INF] 【直播间】929670 的第 13 个心跳包发送成功
[02:25:38 INF] 【直播间】23447660 的第 13 个心跳包发送成功
[02:25:39 INF] 【直播间】91164 的第 13 个心跳包发送成功
[02:25:40 INF] 【直播间】22764265 的第 13 个心跳包发送成功
[02:26:33 INF] 【直播间】23357926 的第 14 个心跳包发送成功
[02:26:34 INF] 【直播间】23040372 的第 14 个心跳包发送成功
[02:26:35 INF] 【直播间】31494 的第 14 个心跳包发送成功
[02:26:37 INF] 【直播间】4015781 的第 14 个心跳包发送成功
[02:26:38 INF] 【直播间】9619073 的第 14 个心跳包发送成功
[02:26:39 INF] 【直播间】407149 的第 14 个心跳包发送成功
[02:26:41 INF] 【直播间】7184632 的第 14 个心跳包发送成功
[02:26:42 INF] 【直播间】11732699 的第 14 个心跳包发送成功
[02:26:43 INF] 【直播间】929670 的第 14 个心跳包发送成功
[02:26:44 INF] 【直播间】23447660 的第 14 个心跳包发送成功
[02:26:45 INF] 【直播间】91164 的第 14 个心跳包发送成功
[02:26:47 INF] 【直播间】22764265 的第 14 个心跳包发送成功
[02:27:39 INF] 【直播间】23357926 的第 15 个心跳包发送成功
[02:27:41 INF] 【直播间】23040372 的第 15 个心跳包发送成功
[02:27:42 INF] 【直播间】31494 的第 15 个心跳包发送成功
[02:27:43 INF] 【直播间】4015781 的第 15 个心跳包发送成功
[02:27:44 INF] 【直播间】9619073 的第 15 个心跳包发送成功
[02:27:46 INF] 【直播间】407149 的第 15 个心跳包发送成功
[02:27:47 INF] 【直播间】7184632 的第 15 个心跳包发送成功
[02:27:48 INF] 【直播间】11732699 的第 15 个心跳包发送成功
[02:27:49 INF] 【直播间】929670 的第 15 个心跳包发送成功
[02:27:50 INF] 【直播间】23447660 的第 15 个心跳包发送成功
[02:27:52 INF] 【直播间】91164 的第 15 个心跳包发送成功
[02:27:53 INF] 【直播间】22764265 的第 15 个心跳包发送成功
[02:28:46 ERR] 【心跳包】直播间 23357926 发送失败
[02:28:46 ERR] 【原因】time check failed
[02:28:47 ERR] 【心跳包】直播间 23040372 发送失败
[02:28:47 ERR] 【原因】time check failed
[02:28:48 ERR] 【心跳包】直播间 31494 发送失败
[02:28:48 ERR] 【原因】time check failed
[02:28:49 ERR] 【心跳包】直播间 4015781 发送失败
[02:28:49 ERR] 【原因】time check failed
[02:28:51 ERR] 【心跳包】直播间 9619073 发送失败
[02:28:51 ERR] 【原因】time check failed
[02:28:52 ERR] 【心跳包】直播间 407149 发送失败
[02:28:52 ERR] 【原因】time check failed
[02:28:53 ERR] 【心跳包】直播间 7184632 发送失败
[02:28:53 ERR] 【原因】time check failed
[02:28:54 ERR] 【心跳包】直播间 11732699 发送失败
[02:28:54 ERR] 【原因】time check failed
[02:28:56 ERR] 【心跳包】直播间 929670 发送失败
[02:28:56 ERR] 【原因】time check failed
[02:28:57 ERR] 【心跳包】直播间 23447660 发送失败
[02:28:57 ERR] 【原因】time check failed
[02:28:58 ERR] 【心跳包】直播间 91164 发送失败
[02:28:58 ERR] 【原因】time check failed
[02:28:59 ERR] 【心跳包】直播间 22764265 发送失败
[02:28:59 ERR] 【原因】time check failed
[02:29:52 INF] 【直播间】23357926 的第 16 个心跳包发送成功
[02:29:53 INF] 【直播间】23040372 的第 16 个心跳包发送成功
[02:29:55 INF] 【直播间】31494 的第 16 个心跳包发送成功
[02:29:56 INF] 【直播间】4015781 的第 16 个心跳包发送成功
[02:29:57 INF] 【直播间】9619073 的第 16 个心跳包发送成功
[02:29:58 INF] 【直播间】407149 的第 16 个心跳包发送成功
[02:29:59 INF] 【直播间】7184632 的第 16 个心跳包发送成功
[02:30:01 INF] 【直播间】11732699 的第 16 个心跳包发送成功
[02:30:02 INF] 【直播间】929670 的第 16 个心跳包发送成功
[02:30:03 INF] 【直播间】23447660 的第 16 个心跳包发送成功
[02:30:05 INF] 【直播间】91164 的第 16 个心跳包发送成功
[02:30:06 INF] 【直播间】22764265 的第 16 个心跳包发送成功
[02:30:58 INF] 【直播间】23357926 的第 17 个心跳包发送成功
[02:30:59 INF] 【直播间】23040372 的第 17 个心跳包发送成功
[02:31:01 INF] 【直播间】31494 的第 17 个心跳包发送成功
[02:31:02 INF] 【直播间】4015781 的第 17 个心跳包发送成功
[02:31:03 INF] 【直播间】9619073 的第 17 个心跳包发送成功
[02:31:04 INF] 【直播间】407149 的第 17 个心跳包发送成功
[02:31:06 INF] 【直播间】7184632 的第 17 个心跳包发送成功
[02:31:07 INF] 【直播间】11732699 的第 17 个心跳包发送成功
[02:31:08 INF] 【直播间】929670 的第 17 个心跳包发送成功
[02:31:10 INF] 【直播间】23447660 的第 17 个心跳包发送成功
[02:31:11 INF] 【直播间】91164 的第 17 个心跳包发送成功
[02:31:12 INF] 【直播间】22764265 的第 17 个心跳包发送成功
[02:32:05 INF] 【直播间】23357926 的第 18 个心跳包发送成功
[02:32:06 INF] 【直播间】23040372 的第 18 个心跳包发送成功
[02:32:07 INF] 【直播间】31494 的第 18 个心跳包发送成功
[02:32:08 INF] 【直播间】4015781 的第 18 个心跳包发送成功
[02:32:09 INF] 【直播间】9619073 的第 18 个心跳包发送成功
[02:32:11 INF] 【直播间】407149 的第 18 个心跳包发送成功
[02:32:12 INF] 【直播间】7184632 的第 18 个心跳包发送成功
[02:32:13 INF] 【直播间】11732699 的第 18 个心跳包发送成功
[02:32:14 INF] 【直播间】929670 的第 18 个心跳包发送成功
[02:32:16 INF] 【直播间】23447660 的第 18 个心跳包发送成功
[02:32:17 INF] 【直播间】91164 的第 18 个心跳包发送成功
[02:32:18 INF] 【直播间】22764265 的第 18 个心跳包发送成功
[02:33:11 INF] 【直播间】23357926 的第 19 个心跳包发送成功
[02:33:12 INF] 【直播间】23040372 的第 19 个心跳包发送成功
[02:33:13 INF] 【直播间】31494 的第 19 个心跳包发送成功
[02:33:14 INF] 【直播间】4015781 的第 19 个心跳包发送成功
[02:33:16 INF] 【直播间】9619073 的第 19 个心跳包发送成功
[02:33:17 INF] 【直播间】407149 的第 19 个心跳包发送成功
[02:33:18 INF] 【直播间】7184632 的第 19 个心跳包发送成功
[02:33:19 INF] 【直播间】11732699 的第 19 个心跳包发送成功
[02:33:21 INF] 【直播间】929670 的第 19 个心跳包发送成功
[02:33:22 INF] 【直播间】23447660 的第 19 个心跳包发送成功
[02:33:23 INF] 【直播间】91164 的第 19 个心跳包发送成功
[02:33:24 INF] 【直播间】22764265 的第 19 个心跳包发送成功
[02:34:17 INF] 【直播间】23357926 的第 20 个心跳包发送成功
[02:34:18 INF] 【直播间】23040372 的第 20 个心跳包发送成功
[02:34:20 INF] 【直播间】31494 的第 20 个心跳包发送成功
[02:34:21 INF] 【直播间】4015781 的第 20 个心跳包发送成功
[02:34:22 INF] 【直播间】9619073 的第 20 个心跳包发送成功
[02:34:23 INF] 【直播间】407149 的第 20 个心跳包发送成功
[02:34:24 INF] 【直播间】7184632 的第 20 个心跳包发送成功
[02:34:26 INF] 【直播间】11732699 的第 20 个心跳包发送成功
[02:34:27 INF] 【直播间】929670 的第 20 个心跳包发送成功
[02:34:28 INF] 【直播间】23447660 的第 20 个心跳包发送成功
[02:34:29 INF] 【直播间】91164 的第 20 个心跳包发送成功
[02:34:31 INF] 【直播间】22764265 的第 20 个心跳包发送成功
[02:35:23 INF] 【直播间】23357926 的第 21 个心跳包发送成功
[02:35:25 INF] 【直播间】23040372 的第 21 个心跳包发送成功
[02:35:26 INF] 【直播间】31494 的第 21 个心跳包发送成功
[02:35:27 INF] 【直播间】4015781 的第 21 个心跳包发送成功
[02:35:28 INF] 【直播间】9619073 的第 21 个心跳包发送成功
[02:35:29 INF] 【直播间】407149 的第 21 个心跳包发送成功
[02:35:31 INF] 【直播间】7184632 的第 21 个心跳包发送成功
[02:35:32 INF] 【直播间】11732699 的第 21 个心跳包发送成功
[02:35:33 INF] 【直播间】929670 的第 21 个心跳包发送成功
[02:35:34 INF] 【直播间】23447660 的第 21 个心跳包发送成功
[02:35:36 INF] 【直播间】91164 的第 21 个心跳包发送成功
[02:35:37 INF] 【直播间】22764265 的第 21 个心跳包发送成功
[02:36:30 INF] 【直播间】23357926 的第 22 个心跳包发送成功
[02:36:31 INF] 【直播间】23040372 的第 22 个心跳包发送成功
[02:36:32 INF] 【直播间】31494 的第 22 个心跳包发送成功
[02:36:34 INF] 【直播间】4015781 的第 22 个心跳包发送成功
[02:36:35 INF] 【直播间】9619073 的第 22 个心跳包发送成功
[02:36:36 INF] 【直播间】407149 的第 22 个心跳包发送成功
[02:36:37 INF] 【直播间】7184632 的第 22 个心跳包发送成功
[02:36:38 INF] 【直播间】11732699 的第 22 个心跳包发送成功
[02:36:40 INF] 【直播间】929670 的第 22 个心跳包发送成功
[02:36:41 INF] 【直播间】23447660 的第 22 个心跳包发送成功
[02:36:42 INF] 【直播间】91164 的第 22 个心跳包发送成功
[02:36:43 INF] 【直播间】22764265 的第 22 个心跳包发送成功
[02:37:36 INF] 【直播间】23357926 的第 23 个心跳包发送成功
[02:37:37 INF] 【直播间】23040372 的第 23 个心跳包发送成功
[02:37:39 INF] 【直播间】31494 的第 23 个心跳包发送成功
[02:37:40 INF] 【直播间】4015781 的第 23 个心跳包发送成功
[02:37:41 INF] 【直播间】9619073 的第 23 个心跳包发送成功
[02:37:42 INF] 【直播间】407149 的第 23 个心跳包发送成功
[02:37:43 INF] 【直播间】7184632 的第 23 个心跳包发送成功
[02:37:45 INF] 【直播间】11732699 的第 23 个心跳包发送成功
[02:37:46 INF] 【直播间】929670 的第 23 个心跳包发送成功
[02:37:47 INF] 【直播间】23447660 的第 23 个心跳包发送成功
[02:37:48 INF] 【直播间】91164 的第 23 个心跳包发送成功
[02:37:49 INF] 【直播间】22764265 的第 23 个心跳包发送成功
[02:38:43 INF] 【直播间】23357926 的第 24 个心跳包发送成功
[02:38:44 INF] 【直播间】23040372 的第 24 个心跳包发送成功
[02:38:45 INF] 【直播间】31494 的第 24 个心跳包发送成功
[02:38:46 INF] 【直播间】4015781 的第 24 个心跳包发送成功
[02:38:48 INF] 【直播间】9619073 的第 24 个心跳包发送成功
[02:38:49 INF] 【直播间】407149 的第 24 个心跳包发送成功
[02:38:50 INF] 【直播间】7184632 的第 24 个心跳包发送成功
[02:38:51 INF] 【直播间】11732699 的第 24 个心跳包发送成功
[02:38:52 INF] 【直播间】929670 的第 24 个心跳包发送成功
[02:38:54 INF] 【直播间】23447660 的第 24 个心跳包发送成功
[02:38:55 INF] 【直播间】91164 的第 24 个心跳包发送成功
[02:38:56 INF] 【直播间】22764265 的第 24 个心跳包发送成功
[02:39:49 INF] 【直播间】23357926 的第 25 个心跳包发送成功
[02:39:50 INF] 【直播间】23040372 的第 25 个心跳包发送成功
[02:39:51 INF] 【直播间】31494 的第 25 个心跳包发送成功
[02:39:53 INF] 【直播间】4015781 的第 25 个心跳包发送成功
[02:39:54 INF] 【直播间】9619073 的第 25 个心跳包发送成功
[02:39:55 INF] 【直播间】407149 的第 25 个心跳包发送成功
[02:39:56 INF] 【直播间】7184632 的第 25 个心跳包发送成功
[02:39:58 INF] 【直播间】11732699 的第 25 个心跳包发送成功
[02:39:59 INF] 【直播间】929670 的第 25 个心跳包发送成功
[02:40:00 INF] 【直播间】23447660 的第 25 个心跳包发送成功
[02:40:01 INF] 【直播间】91164 的第 25 个心跳包发送成功
[02:40:03 INF] 【直播间】22764265 的第 25 个心跳包发送成功
[02:40:55 INF] 【直播间】23357926 的第 26 个心跳包发送成功
[02:40:56 INF] 【直播间】23040372 的第 26 个心跳包发送成功
[02:40:58 INF] 【直播间】31494 的第 26 个心跳包发送成功
[02:40:59 INF] 【直播间】4015781 的第 26 个心跳包发送成功
[02:41:00 INF] 【直播间】9619073 的第 26 个心跳包发送成功
[02:41:02 INF] 【直播间】407149 的第 26 个心跳包发送成功
[02:41:03 INF] 【直播间】7184632 的第 26 个心跳包发送成功
[02:41:04 INF] 【直播间】11732699 的第 26 个心跳包发送成功
[02:41:05 INF] 【直播间】929670 的第 26 个心跳包发送成功
[02:41:06 INF] 【直播间】23447660 的第 26 个心跳包发送成功
[02:41:08 INF] 【直播间】91164 的第 26 个心跳包发送成功
[02:41:09 INF] 【直播间】22764265 的第 26 个心跳包发送成功
[02:42:02 INF] 【直播间】23357926 的第 27 个心跳包发送成功
[02:42:03 INF] 【直播间】23040372 的第 27 个心跳包发送成功
[02:42:04 INF] 【直播间】31494 的第 27 个心跳包发送成功
[02:42:06 INF] 【直播间】4015781 的第 27 个心跳包发送成功
[02:42:07 INF] 【直播间】9619073 的第 27 个心跳包发送成功
[02:42:08 INF] 【直播间】407149 的第 27 个心跳包发送成功
[02:42:09 INF] 【直播间】7184632 的第 27 个心跳包发送成功
[02:42:11 INF] 【直播间】11732699 的第 27 个心跳包发送成功
[02:42:12 INF] 【直播间】929670 的第 27 个心跳包发送成功
[02:42:13 INF] 【直播间】23447660 的第 27 个心跳包发送成功
[02:42:14 INF] 【直播间】91164 的第 27 个心跳包发送成功
[02:42:16 INF] 【直播间】22764265 的第 27 个心跳包发送成功
[02:43:08 INF] 【直播间】23357926 的第 28 个心跳包发送成功
[02:43:09 INF] 【直播间】23040372 的第 28 个心跳包发送成功
[02:43:11 INF] 【直播间】31494 的第 28 个心跳包发送成功
[02:43:12 INF] 【直播间】4015781 的第 28 个心跳包发送成功
[02:43:13 INF] 【直播间】9619073 的第 28 个心跳包发送成功
[02:43:15 INF] 【直播间】407149 的第 28 个心跳包发送成功
[02:43:16 INF] 【直播间】7184632 的第 28 个心跳包发送成功
[02:43:17 INF] 【直播间】11732699 的第 28 个心跳包发送成功
[02:43:18 INF] 【直播间】929670 的第 28 个心跳包发送成功
[02:43:20 INF] 【直播间】23447660 的第 28 个心跳包发送成功
[02:43:21 INF] 【直播间】91164 的第 28 个心跳包发送成功
[02:43:22 INF] 【直播间】22764265 的第 28 个心跳包发送成功
[02:44:14 INF] 【直播间】23357926 的第 29 个心跳包发送成功
[02:44:16 INF] 【直播间】23040372 的第 29 个心跳包发送成功
[02:44:17 INF] 【直播间】31494 的第 29 个心跳包发送成功
[02:44:18 INF] 【直播间】4015781 的第 29 个心跳包发送成功
[02:44:19 INF] 【直播间】9619073 的第 29 个心跳包发送成功
[02:44:21 INF] 【直播间】407149 的第 29 个心跳包发送成功
[02:44:22 INF] 【直播间】7184632 的第 29 个心跳包发送成功
[02:44:23 INF] 【直播间】11732699 的第 29 个心跳包发送成功
[02:44:25 INF] 【直播间】929670 的第 29 个心跳包发送成功
[02:44:26 INF] 【直播间】23447660 的第 29 个心跳包发送成功
[02:44:27 INF] 【直播间】91164 的第 29 个心跳包发送成功
[02:44:28 INF] 【直播间】22764265 的第 29 个心跳包发送成功
[02:45:21 ERR] 【心跳包】直播间 23357926 发送失败
[02:45:21 ERR] 【原因】time check failed
[02:45:22 ERR] 【心跳包】直播间 23040372 发送失败
[02:45:22 ERR] 【原因】time check failed
[02:45:23 ERR] 【心跳包】直播间 31494 发送失败
[02:45:23 ERR] 【原因】time check failed
[02:45:24 ERR] 【心跳包】直播间 4015781 发送失败
[02:45:24 ERR] 【原因】time check failed
[02:45:26 ERR] 【心跳包】直播间 9619073 发送失败
[02:45:26 ERR] 【原因】time check failed
[02:45:27 ERR] 【心跳包】直播间 407149 发送失败
[02:45:27 ERR] 【原因】time check failed
[02:45:29 ERR] 【心跳包】直播间 7184632 发送失败
[02:45:29 ERR] 【原因】time check failed
[02:45:30 ERR] 【心跳包】直播间 11732699 发送失败
[02:45:30 ERR] 【原因】time check failed
[02:45:31 ERR] 【心跳包】直播间 929670 发送失败
[02:45:31 ERR] 【原因】time check failed
[02:45:32 ERR] 【心跳包】直播间 23447660 发送失败
[02:45:32 ERR] 【原因】time check failed
[02:45:33 ERR] 【心跳包】直播间 91164 发送失败
[02:45:33 ERR] 【原因】time check failed
[02:45:35 ERR] 【心跳包】直播间 22764265 发送失败
[02:45:35 ERR] 【原因】time check failed
[02:46:27 INF] 【直播间】23357926 的第 30 个心跳包发送成功
[02:46:28 INF] 【直播间】23040372 的第 30 个心跳包发送成功
[02:46:29 INF] 【直播间】31494 的第 30 个心跳包发送成功
[02:46:31 INF] 【直播间】4015781 的第 30 个心跳包发送成功
[02:46:32 INF] 【直播间】9619073 的第 30 个心跳包发送成功
[02:46:34 INF] 【直播间】407149 的第 30 个心跳包发送成功
[02:46:35 INF] 【直播间】7184632 的第 30 个心跳包发送成功
[02:46:36 INF] 【直播间】11732699 的第 30 个心跳包发送成功
[02:46:37 INF] 【直播间】929670 的第 30 个心跳包发送成功
[02:46:38 INF] 【直播间】23447660 的第 30 个心跳包发送成功
[02:46:40 INF] 【直播间】91164 的第 30 个心跳包发送成功
[02:46:41 INF] 【直播间】22764265 的第 30 个心跳包发送成功
[02:47:33 INF] 【直播间】23357926 的第 31 个心跳包发送成功
[02:47:34 INF] 【直播间】23040372 的第 31 个心跳包发送成功
[02:47:36 INF] 【直播间】31494 的第 31 个心跳包发送成功
[02:47:37 INF] 【直播间】4015781 的第 31 个心跳包发送成功
[02:47:38 INF] 【直播间】9619073 的第 31 个心跳包发送成功
[02:47:40 INF] 【直播间】407149 的第 31 个心跳包发送成功
[02:47:41 INF] 【直播间】7184632 的第 31 个心跳包发送成功
[02:47:42 INF] 【直播间】11732699 的第 31 个心跳包发送成功
[02:47:43 INF] 【直播间】929670 的第 31 个心跳包发送成功
[02:47:45 INF] 【直播间】23447660 的第 31 个心跳包发送成功
[02:47:46 INF] 【直播间】91164 的第 31 个心跳包发送成功
[02:47:47 INF] 【直播间】22764265 的第 31 个心跳包发送成功
[02:48:40 INF] 【直播间】23357926 的第 32 个心跳包发送成功
[02:48:41 INF] 【直播间】23040372 的第 32 个心跳包发送成功
[02:48:42 INF] 【直播间】31494 的第 32 个心跳包发送成功
[02:48:44 INF] 【直播间】4015781 的第 32 个心跳包发送成功
[02:48:45 INF] 【直播间】9619073 的第 32 个心跳包发送成功
[02:48:46 INF] 【直播间】407149 的第 32 个心跳包发送成功
[02:48:47 INF] 【直播间】7184632 的第 32 个心跳包发送成功
[02:48:49 INF] 【直播间】11732699 的第 32 个心跳包发送成功
[02:48:50 INF] 【直播间】929670 的第 32 个心跳包发送成功
[02:48:51 INF] 【直播间】23447660 的第 32 个心跳包发送成功
[02:48:52 INF] 【直播间】91164 的第 32 个心跳包发送成功
[02:48:53 INF] 【直播间】22764265 的第 32 个心跳包发送成功
[02:49:46 INF] 【直播间】23357926 的第 33 个心跳包发送成功
[02:49:47 INF] 【直播间】23040372 的第 33 个心跳包发送成功
[02:49:49 INF] 【直播间】31494 的第 33 个心跳包发送成功
[02:49:50 INF] 【直播间】4015781 的第 33 个心跳包发送成功
[02:49:51 INF] 【直播间】9619073 的第 33 个心跳包发送成功
[02:49:52 INF] 【直播间】407149 的第 33 个心跳包发送成功
[02:49:54 INF] 【直播间】7184632 的第 33 个心跳包发送成功
[02:49:55 INF] 【直播间】11732699 的第 33 个心跳包发送成功
[02:49:56 INF] 【直播间】929670 的第 33 个心跳包发送成功
[02:49:57 INF] 【直播间】23447660 的第 33 个心跳包发送成功
[02:49:59 INF] 【直播间】91164 的第 33 个心跳包发送成功
[02:50:00 INF] 【直播间】22764265 的第 33 个心跳包发送成功
[02:50:53 INF] 【直播间】23357926 的第 34 个心跳包发送成功
[02:50:54 INF] 【直播间】23040372 的第 34 个心跳包发送成功
[02:50:55 INF] 【直播间】31494 的第 34 个心跳包发送成功
[02:50:56 INF] 【直播间】4015781 的第 34 个心跳包发送成功
[02:50:58 INF] 【直播间】9619073 的第 34 个心跳包发送成功
[02:50:59 INF] 【直播间】407149 的第 34 个心跳包发送成功
[02:51:00 INF] 【直播间】7184632 的第 34 个心跳包发送成功
[02:51:01 INF] 【直播间】11732699 的第 34 个心跳包发送成功
[02:51:03 INF] 【直播间】929670 的第 34 个心跳包发送成功
[02:51:04 INF] 【直播间】23447660 的第 34 个心跳包发送成功
[02:51:05 INF] 【直播间】91164 的第 34 个心跳包发送成功
[02:51:07 INF] 【直播间】22764265 的第 34 个心跳包发送成功
[02:51:59 INF] 【直播间】23357926 的第 35 个心跳包发送成功
[02:52:00 INF] 【直播间】23040372 的第 35 个心跳包发送成功
[02:52:01 INF] 【直播间】31494 的第 35 个心跳包发送成功
[02:52:03 INF] 【直播间】4015781 的第 35 个心跳包发送成功
[02:52:04 INF] 【直播间】9619073 的第 35 个心跳包发送成功
[02:52:05 INF] 【直播间】407149 的第 35 个心跳包发送成功
[02:52:06 INF] 【直播间】7184632 的第 35 个心跳包发送成功
[02:52:08 INF] 【直播间】11732699 的第 35 个心跳包发送成功
[02:52:09 INF] 【直播间】929670 的第 35 个心跳包发送成功
[02:52:10 INF] 【直播间】23447660 的第 35 个心跳包发送成功
[02:52:11 INF] 【直播间】91164 的第 35 个心跳包发送成功
[02:52:13 INF] 【直播间】22764265 的第 35 个心跳包发送成功
[02:53:05 INF] 【直播间】23357926 的第 36 个心跳包发送成功
[02:53:06 INF] 【直播间】23040372 的第 36 个心跳包发送成功
[02:53:08 INF] 【直播间】31494 的第 36 个心跳包发送成功
[02:53:09 INF] 【直播间】4015781 的第 36 个心跳包发送成功
[02:53:10 INF] 【直播间】9619073 的第 36 个心跳包发送成功
[02:53:11 INF] 【直播间】407149 的第 36 个心跳包发送成功
[02:53:13 INF] 【直播间】7184632 的第 36 个心跳包发送成功
[02:53:14 INF] 【直播间】11732699 的第 36 个心跳包发送成功
[02:53:15 INF] 【直播间】929670 的第 36 个心跳包发送成功
[02:53:16 INF] 【直播间】23447660 的第 36 个心跳包发送成功
[02:53:18 INF] 【直播间】91164 的第 36 个心跳包发送成功
[02:53:19 INF] 【直播间】22764265 的第 36 个心跳包发送成功
[02:54:12 INF] 【直播间】23357926 的第 37 个心跳包发送成功
[02:54:13 INF] 【直播间】23040372 的第 37 个心跳包发送成功
[02:54:14 INF] 【直播间】31494 的第 37 个心跳包发送成功
[02:54:15 INF] 【直播间】4015781 的第 37 个心跳包发送成功
[02:54:17 INF] 【直播间】9619073 的第 37 个心跳包发送成功
[02:54:18 INF] 【直播间】407149 的第 37 个心跳包发送成功
[02:54:19 INF] 【直播间】7184632 的第 37 个心跳包发送成功
[02:54:20 INF] 【直播间】11732699 的第 37 个心跳包发送成功
[02:54:21 INF] 【直播间】929670 的第 37 个心跳包发送成功
[02:54:23 INF] 【直播间】23447660 的第 37 个心跳包发送成功
[02:54:24 INF] 【直播间】91164 的第 37 个心跳包发送成功
[02:54:25 INF] 【直播间】22764265 的第 37 个心跳包发送成功
[02:55:18 INF] 【直播间】23357926 的第 38 个心跳包发送成功
[02:55:19 INF] 【直播间】23040372 的第 38 个心跳包发送成功
[02:55:20 INF] 【直播间】31494 的第 38 个心跳包发送成功
[02:55:22 INF] 【直播间】4015781 的第 38 个心跳包发送成功
[02:55:23 INF] 【直播间】9619073 的第 38 个心跳包发送成功
[02:55:24 INF] 【直播间】407149 的第 38 个心跳包发送成功
[02:55:25 INF] 【直播间】7184632 的第 38 个心跳包发送成功
[02:55:27 INF] 【直播间】11732699 的第 38 个心跳包发送成功
[02:55:28 INF] 【直播间】929670 的第 38 个心跳包发送成功
[02:55:29 INF] 【直播间】23447660 的第 38 个心跳包发送成功
[02:55:30 INF] 【直播间】91164 的第 38 个心跳包发送成功
[02:55:32 INF] 【直播间】22764265 的第 38 个心跳包发送成功
[02:56:24 INF] 【直播间】23357926 的第 39 个心跳包发送成功
[02:56:25 INF] 【直播间】23040372 的第 39 个心跳包发送成功
[02:56:27 INF] 【直播间】31494 的第 39 个心跳包发送成功
[02:56:28 INF] 【直播间】4015781 的第 39 个心跳包发送成功
[02:56:29 INF] 【直播间】9619073 的第 39 个心跳包发送成功
[02:56:30 INF] 【直播间】407149 的第 39 个心跳包发送成功
[02:56:32 INF] 【直播间】7184632 的第 39 个心跳包发送成功
[02:56:33 INF] 【直播间】11732699 的第 39 个心跳包发送成功
[02:56:34 INF] 【直播间】929670 的第 39 个心跳包发送成功
[02:56:35 INF] 【直播间】23447660 的第 39 个心跳包发送成功
[02:56:37 INF] 【直播间】91164 的第 39 个心跳包发送成功
[02:56:38 INF] 【直播间】22764265 的第 39 个心跳包发送成功
[02:57:30 INF] 【直播间】23357926 的第 40 个心跳包发送成功
[02:57:31 INF] 【直播间】23040372 的第 40 个心跳包发送成功
[02:57:33 INF] 【直播间】31494 的第 40 个心跳包发送成功
[02:57:34 INF] 【直播间】4015781 的第 40 个心跳包发送成功
[02:57:35 INF] 【直播间】9619073 的第 40 个心跳包发送成功
[02:57:37 INF] 【直播间】407149 的第 40 个心跳包发送成功
[02:57:38 INF] 【直播间】7184632 的第 40 个心跳包发送成功
[02:57:39 INF] 【直播间】11732699 的第 40 个心跳包发送成功
[02:57:41 INF] 【直播间】929670 的第 40 个心跳包发送成功
[02:57:42 INF] 【直播间】23447660 的第 40 个心跳包发送成功
[02:57:43 INF] 【直播间】91164 的第 40 个心跳包发送成功
[02:57:44 INF] 【直播间】22764265 的第 40 个心跳包发送成功
[02:58:37 INF] 【直播间】23357926 的第 41 个心跳包发送成功
[02:58:38 INF] 【直播间】23040372 的第 41 个心跳包发送成功
[02:58:39 INF] 【直播间】31494 的第 41 个心跳包发送成功
[02:58:40 INF] 【直播间】4015781 的第 41 个心跳包发送成功
[02:58:42 INF] 【直播间】9619073 的第 41 个心跳包发送成功
[02:58:43 INF] 【直播间】407149 的第 41 个心跳包发送成功
[02:58:44 INF] 【直播间】7184632 的第 41 个心跳包发送成功
[02:58:46 INF] 【直播间】11732699 的第 41 个心跳包发送成功
[02:58:47 INF] 【直播间】929670 的第 41 个心跳包发送成功
[02:58:48 INF] 【直播间】23447660 的第 41 个心跳包发送成功
[02:58:49 INF] 【直播间】91164 的第 41 个心跳包发送成功
[02:58:51 INF] 【直播间】22764265 的第 41 个心跳包发送成功
[02:59:43 INF] 【直播间】23357926 的第 42 个心跳包发送成功
[02:59:44 INF] 【直播间】23040372 的第 42 个心跳包发送成功
[02:59:45 INF] 【直播间】31494 的第 42 个心跳包发送成功
[02:59:47 INF] 【直播间】4015781 的第 42 个心跳包发送成功
[02:59:48 INF] 【直播间】9619073 的第 42 个心跳包发送成功
[02:59:49 INF] 【直播间】407149 的第 42 个心跳包发送成功
[02:59:50 INF] 【直播间】7184632 的第 42 个心跳包发送成功
[02:59:52 INF] 【直播间】11732699 的第 42 个心跳包发送成功
[02:59:53 INF] 【直播间】929670 的第 42 个心跳包发送成功
[02:59:54 INF] 【直播间】23447660 的第 42 个心跳包发送成功
[02:59:56 INF] 【直播间】91164 的第 42 个心跳包发送成功
[02:59:57 INF] 【直播间】22764265 的第 42 个心跳包发送成功
[03:00:49 INF] 【直播间】23357926 的第 43 个心跳包发送成功
[03:00:51 INF] 【直播间】23040372 的第 43 个心跳包发送成功
[03:00:52 INF] 【直播间】31494 的第 43 个心跳包发送成功
[03:00:53 INF] 【直播间】4015781 的第 43 个心跳包发送成功
[03:00:54 INF] 【直播间】9619073 的第 43 个心跳包发送成功
[03:00:55 INF] 【直播间】407149 的第 43 个心跳包发送成功
[03:00:57 INF] 【直播间】7184632 的第 43 个心跳包发送成功
[03:00:58 INF] 【直播间】11732699 的第 43 个心跳包发送成功
[03:00:59 INF] 【直播间】929670 的第 43 个心跳包发送成功
[03:01:00 INF] 【直播间】23447660 的第 43 个心跳包发送成功
[03:01:02 INF] 【直播间】91164 的第 43 个心跳包发送成功
[03:01:03 INF] 【直播间】22764265 的第 43 个心跳包发送成功
[03:01:56 ERR] 【心跳包】直播间 23357926 发送失败
[03:01:56 ERR] 【原因】time check failed
[03:01:57 ERR] 【心跳包】直播间 23040372 发送失败
[03:01:57 ERR] 【原因】time check failed
[03:01:58 ERR] 【心跳包】直播间 31494 发送失败
[03:01:58 ERR] 【原因】time check failed
[03:01:59 ERR] 【心跳包】直播间 4015781 发送失败
[03:01:59 ERR] 【原因】time check failed
[03:02:01 ERR] 【心跳包】直播间 9619073 发送失败
[03:02:01 ERR] 【原因】time check failed
[03:02:02 ERR] 【心跳包】直播间 407149 发送失败
[03:02:02 ERR] 【原因】time check failed
[03:02:03 ERR] 【心跳包】直播间 7184632 发送失败
[03:02:03 ERR] 【原因】time check failed
[03:02:04 ERR] 【心跳包】直播间 11732699 发送失败
[03:02:04 ERR] 【原因】time check failed
[03:02:06 ERR] 【心跳包】直播间 929670 发送失败
[03:02:06 ERR] 【原因】time check failed
[03:02:07 ERR] 【心跳包】直播间 23447660 发送失败
[03:02:07 ERR] 【原因】time check failed
[03:02:08 ERR] 【心跳包】直播间 91164 发送失败
[03:02:08 ERR] 【原因】time check failed
[03:02:09 ERR] 【心跳包】直播间 22764265 发送失败
[03:02:09 ERR] 【原因】time check failed
[03:03:02 INF] 【直播间】23357926 的第 44 个心跳包发送成功
[03:03:03 INF] 【直播间】23040372 的第 44 个心跳包发送成功
[03:03:04 INF] 【直播间】31494 的第 44 个心跳包发送成功
[03:03:06 INF] 【直播间】4015781 的第 44 个心跳包发送成功
[03:03:07 INF] 【直播间】9619073 的第 44 个心跳包发送成功
[03:03:08 INF] 【直播间】407149 的第 44 个心跳包发送成功
[03:03:10 INF] 【直播间】7184632 的第 44 个心跳包发送成功
[03:03:11 INF] 【直播间】11732699 的第 44 个心跳包发送成功
[03:03:12 INF] 【直播间】929670 的第 44 个心跳包发送成功
[03:03:13 INF] 【直播间】23447660 的第 44 个心跳包发送成功
[03:03:15 INF] 【直播间】91164 的第 44 个心跳包发送成功
[03:03:16 INF] 【直播间】22764265 的第 44 个心跳包发送成功
[03:04:08 INF] 【直播间】23357926 的第 45 个心跳包发送成功
[03:04:10 INF] 【直播间】23040372 的第 45 个心跳包发送成功
[03:04:11 INF] 【直播间】31494 的第 45 个心跳包发送成功
[03:04:12 INF] 【直播间】4015781 的第 45 个心跳包发送成功
[03:04:13 INF] 【直播间】9619073 的第 45 个心跳包发送成功
[03:04:15 INF] 【直播间】407149 的第 45 个心跳包发送成功
[03:04:16 INF] 【直播间】7184632 的第 45 个心跳包发送成功
[03:04:17 INF] 【直播间】11732699 的第 45 个心跳包发送成功
[03:04:18 INF] 【直播间】929670 的第 45 个心跳包发送成功
[03:04:20 INF] 【直播间】23447660 的第 45 个心跳包发送成功
[03:04:21 INF] 【直播间】91164 的第 45 个心跳包发送成功
[03:04:22 INF] 【直播间】22764265 的第 45 个心跳包发送成功
[03:05:15 INF] 【直播间】23357926 的第 46 个心跳包发送成功
[03:05:16 INF] 【直播间】23040372 的第 46 个心跳包发送成功
[03:05:17 INF] 【直播间】31494 的第 46 个心跳包发送成功
[03:05:18 INF] 【直播间】4015781 的第 46 个心跳包发送成功
[03:05:20 INF] 【直播间】9619073 的第 46 个心跳包发送成功
[03:05:21 INF] 【直播间】407149 的第 46 个心跳包发送成功
[03:05:22 INF] 【直播间】7184632 的第 46 个心跳包发送成功
[03:05:23 INF] 【直播间】11732699 的第 46 个心跳包发送成功
[03:05:25 INF] 【直播间】929670 的第 46 个心跳包发送成功
[03:05:26 INF] 【直播间】23447660 的第 46 个心跳包发送成功
[03:05:27 INF] 【直播间】91164 的第 46 个心跳包发送成功
[03:05:28 INF] 【直播间】22764265 的第 46 个心跳包发送成功
[03:06:21 INF] 【直播间】23357926 的第 47 个心跳包发送成功
[03:06:22 INF] 【直播间】23040372 的第 47 个心跳包发送成功
[03:06:24 INF] 【直播间】31494 的第 47 个心跳包发送成功
[03:06:25 INF] 【直播间】4015781 的第 47 个心跳包发送成功
[03:06:26 INF] 【直播间】9619073 的第 47 个心跳包发送成功
[03:06:27 INF] 【直播间】407149 的第 47 个心跳包发送成功
[03:06:28 INF] 【直播间】7184632 的第 47 个心跳包发送成功
[03:06:30 INF] 【直播间】11732699 的第 47 个心跳包发送成功
[03:06:31 INF] 【直播间】929670 的第 47 个心跳包发送成功
[03:06:32 INF] 【直播间】23447660 的第 47 个心跳包发送成功
[03:06:33 INF] 【直播间】91164 的第 47 个心跳包发送成功
[03:06:35 INF] 【直播间】22764265 的第 47 个心跳包发送成功
[03:07:27 INF] 【直播间】23357926 的第 48 个心跳包发送成功
[03:07:28 INF] 【直播间】23040372 的第 48 个心跳包发送成功
[03:07:30 INF] 【直播间】31494 的第 48 个心跳包发送成功
[03:07:31 INF] 【直播间】4015781 的第 48 个心跳包发送成功
[03:07:32 INF] 【直播间】9619073 的第 48 个心跳包发送成功
[03:07:33 INF] 【直播间】407149 的第 48 个心跳包发送成功
[03:07:35 INF] 【直播间】7184632 的第 48 个心跳包发送成功
[03:07:36 INF] 【直播间】11732699 的第 48 个心跳包发送成功
[03:07:37 INF] 【直播间】929670 的第 48 个心跳包发送成功
[03:07:38 INF] 【直播间】23447660 的第 48 个心跳包发送成功
[03:07:40 INF] 【直播间】91164 的第 48 个心跳包发送成功
[03:07:41 INF] 【直播间】22764265 的第 48 个心跳包发送成功
[03:08:33 INF] 【直播间】23357926 的第 49 个心跳包发送成功
[03:08:35 INF] 【直播间】23040372 的第 49 个心跳包发送成功
[03:08:36 INF] 【直播间】31494 的第 49 个心跳包发送成功
[03:08:37 INF] 【直播间】4015781 的第 49 个心跳包发送成功
[03:08:39 INF] 【直播间】9619073 的第 49 个心跳包发送成功
[03:08:40 INF] 【直播间】407149 的第 49 个心跳包发送成功
[03:08:41 INF] 【直播间】7184632 的第 49 个心跳包发送成功
[03:08:42 INF] 【直播间】11732699 的第 49 个心跳包发送成功
[03:08:43 INF] 【直播间】929670 的第 49 个心跳包发送成功
[03:08:45 INF] 【直播间】23447660 的第 49 个心跳包发送成功
[03:08:46 INF] 【直播间】91164 的第 49 个心跳包发送成功
[03:08:47 INF] 【直播间】22764265 的第 49 个心跳包发送成功
[03:09:40 INF] 【直播间】23357926 的第 50 个心跳包发送成功
[03:09:41 INF] 【直播间】23040372 的第 50 个心跳包发送成功
[03:09:43 INF] 【直播间】31494 的第 50 个心跳包发送成功
[03:09:44 INF] 【直播间】4015781 的第 50 个心跳包发送成功
[03:09:45 INF] 【直播间】9619073 的第 50 个心跳包发送成功
[03:09:46 INF] 【直播间】407149 的第 50 个心跳包发送成功
[03:09:48 INF] 【直播间】7184632 的第 50 个心跳包发送成功
[03:09:49 INF] 【直播间】11732699 的第 50 个心跳包发送成功
[03:09:50 INF] 【直播间】929670 的第 50 个心跳包发送成功
[03:09:51 INF] 【直播间】23447660 的第 50 个心跳包发送成功
[03:09:52 INF] 【直播间】91164 的第 50 个心跳包发送成功
[03:09:54 INF] 【直播间】22764265 的第 50 个心跳包发送成功
[03:10:46 INF] 【直播间】23357926 的第 51 个心跳包发送成功
[03:10:48 INF] 【直播间】23040372 的第 51 个心跳包发送成功
[03:10:49 INF] 【直播间】31494 的第 51 个心跳包发送成功
[03:10:50 INF] 【直播间】4015781 的第 51 个心跳包发送成功
[03:10:51 INF] 【直播间】9619073 的第 51 个心跳包发送成功
[03:10:53 INF] 【直播间】407149 的第 51 个心跳包发送成功
[03:10:54 INF] 【直播间】7184632 的第 51 个心跳包发送成功
[03:10:55 INF] 【直播间】11732699 的第 51 个心跳包发送成功
[03:10:56 INF] 【直播间】929670 的第 51 个心跳包发送成功
[03:10:58 INF] 【直播间】23447660 的第 51 个心跳包发送成功
[03:10:59 INF] 【直播间】91164 的第 51 个心跳包发送成功
[03:11:00 INF] 【直播间】22764265 的第 51 个心跳包发送成功
[03:11:53 INF] 【直播间】23357926 的第 52 个心跳包发送成功
[03:11:54 INF] 【直播间】23040372 的第 52 个心跳包发送成功
[03:11:55 INF] 【直播间】31494 的第 52 个心跳包发送成功
[03:11:56 INF] 【直播间】4015781 的第 52 个心跳包发送成功
[03:11:58 INF] 【直播间】9619073 的第 52 个心跳包发送成功
[03:11:59 INF] 【直播间】407149 的第 52 个心跳包发送成功
[03:12:00 INF] 【直播间】7184632 的第 52 个心跳包发送成功
[03:12:01 INF] 【直播间】11732699 的第 52 个心跳包发送成功
[03:12:03 INF] 【直播间】929670 的第 52 个心跳包发送成功
[03:12:04 INF] 【直播间】23447660 的第 52 个心跳包发送成功
[03:12:05 INF] 【直播间】91164 的第 52 个心跳包发送成功
[03:12:06 INF] 【直播间】22764265 的第 52 个心跳包发送成功
[03:12:59 INF] 【直播间】23357926 的第 53 个心跳包发送成功
[03:13:00 INF] 【直播间】23040372 的第 53 个心跳包发送成功
[03:13:01 INF] 【直播间】31494 的第 53 个心跳包发送成功
[03:13:03 INF] 【直播间】4015781 的第 53 个心跳包发送成功
[03:13:04 INF] 【直播间】9619073 的第 53 个心跳包发送成功
[03:13:05 INF] 【直播间】407149 的第 53 个心跳包发送成功
[03:13:07 INF] 【直播间】7184632 的第 53 个心跳包发送成功
[03:13:08 INF] 【直播间】11732699 的第 53 个心跳包发送成功
[03:13:09 INF] 【直播间】929670 的第 53 个心跳包发送成功
[03:13:10 INF] 【直播间】23447660 的第 53 个心跳包发送成功
[03:13:11 INF] 【直播间】91164 的第 53 个心跳包发送成功
[03:13:13 INF] 【直播间】22764265 的第 53 个心跳包发送成功
[03:14:05 INF] 【直播间】23357926 的第 54 个心跳包发送成功
[03:14:07 INF] 【直播间】23040372 的第 54 个心跳包发送成功
[03:14:08 INF] 【直播间】31494 的第 54 个心跳包发送成功
[03:14:09 INF] 【直播间】4015781 的第 54 个心跳包发送成功
[03:14:10 INF] 【直播间】9619073 的第 54 个心跳包发送成功
[03:14:12 INF] 【直播间】407149 的第 54 个心跳包发送成功
[03:14:13 INF] 【直播间】7184632 的第 54 个心跳包发送成功
[03:14:14 INF] 【直播间】11732699 的第 54 个心跳包发送成功
[03:14:15 INF] 【直播间】929670 的第 54 个心跳包发送成功
[03:14:16 INF] 【直播间】23447660 的第 54 个心跳包发送成功
[03:14:18 INF] 【直播间】91164 的第 54 个心跳包发送成功
[03:14:19 INF] 【直播间】22764265 的第 54 个心跳包发送成功
[03:15:12 INF] 【直播间】23357926 的第 55 个心跳包发送成功
[03:15:13 INF] 【直播间】23040372 的第 55 个心跳包发送成功
[03:15:14 INF] 【直播间】31494 的第 55 个心跳包发送成功
[03:15:15 INF] 【直播间】4015781 的第 55 个心跳包发送成功
[03:15:17 INF] 【直播间】9619073 的第 55 个心跳包发送成功
[03:15:18 INF] 【直播间】407149 的第 55 个心跳包发送成功
[03:15:19 INF] 【直播间】7184632 的第 55 个心跳包发送成功
[03:15:20 INF] 【直播间】11732699 的第 55 个心跳包发送成功
[03:15:22 INF] 【直播间】929670 的第 55 个心跳包发送成功
[03:15:23 INF] 【直播间】23447660 的第 55 个心跳包发送成功
[03:15:24 INF] 【直播间】91164 的第 55 个心跳包发送成功
[03:15:25 INF] 【直播间】22764265 的第 55 个心跳包发送成功
[03:16:18 INF] 【直播间】23357926 的第 56 个心跳包发送成功
[03:16:19 INF] 【直播间】23040372 的第 56 个心跳包发送成功
[03:16:21 INF] 【直播间】31494 的第 56 个心跳包发送成功
[03:16:22 INF] 【直播间】4015781 的第 56 个心跳包发送成功
[03:16:23 INF] 【直播间】9619073 的第 56 个心跳包发送成功
[03:16:24 INF] 【直播间】407149 的第 56 个心跳包发送成功
[03:16:25 INF] 【直播间】7184632 的第 56 个心跳包发送成功
[03:16:27 INF] 【直播间】11732699 的第 56 个心跳包发送成功
[03:16:28 INF] 【直播间】929670 的第 56 个心跳包发送成功
[03:16:29 INF] 【直播间】23447660 的第 56 个心跳包发送成功
[03:16:30 INF] 【直播间】91164 的第 56 个心跳包发送成功
[03:16:32 INF] 【直播间】22764265 的第 56 个心跳包发送成功
[03:17:24 INF] 【直播间】23357926 的第 57 个心跳包发送成功
[03:17:26 INF] 【直播间】23040372 的第 57 个心跳包发送成功
[03:17:27 INF] 【直播间】31494 的第 57 个心跳包发送成功
[03:17:28 INF] 【直播间】4015781 的第 57 个心跳包发送成功
[03:17:29 INF] 【直播间】9619073 的第 57 个心跳包发送成功
[03:17:31 INF] 【直播间】407149 的第 57 个心跳包发送成功
[03:17:32 INF] 【直播间】7184632 的第 57 个心跳包发送成功
[03:17:33 INF] 【直播间】11732699 的第 57 个心跳包发送成功
[03:17:34 INF] 【直播间】929670 的第 57 个心跳包发送成功
[03:17:35 INF] 【直播间】23447660 的第 57 个心跳包发送成功
[03:17:37 INF] 【直播间】91164 的第 57 个心跳包发送成功
[03:17:38 INF] 【直播间】22764265 的第 57 个心跳包发送成功
[03:18:30 ERR] 【心跳包】直播间 23357926 发送失败
[03:18:30 ERR] 【原因】time check failed
[03:18:32 ERR] 【心跳包】直播间 23040372 发送失败
[03:18:32 ERR] 【原因】time check failed
[03:18:33 ERR] 【心跳包】直播间 31494 发送失败
[03:18:33 ERR] 【原因】time check failed
[03:18:34 ERR] 【心跳包】直播间 4015781 发送失败
[03:18:34 ERR] 【原因】time check failed
[03:18:36 ERR] 【心跳包】直播间 9619073 发送失败
[03:18:36 ERR] 【原因】time check failed
[03:18:37 ERR] 【心跳包】直播间 407149 发送失败
[03:18:37 ERR] 【原因】time check failed
[03:18:38 ERR] 【心跳包】直播间 7184632 发送失败
[03:18:38 ERR] 【原因】time check failed
[03:18:39 ERR] 【心跳包】直播间 11732699 发送失败
[03:18:39 ERR] 【原因】time check failed
[03:18:40 ERR] 【心跳包】直播间 929670 发送失败
[03:18:40 ERR] 【原因】time check failed
[03:18:42 ERR] 【心跳包】直播间 23447660 发送失败
[03:18:42 ERR] 【原因】time check failed
[03:18:43 ERR] 【心跳包】直播间 91164 发送失败
[03:18:43 ERR] 【原因】time check failed
[03:18:44 ERR] 【心跳包】直播间 22764265 发送失败
[03:18:44 ERR] 【原因】time check failed
[03:19:37 INF] 【直播间】23357926 的第 58 个心跳包发送成功
[03:19:38 INF] 【直播间】23040372 的第 58 个心跳包发送成功
[03:19:39 INF] 【直播间】31494 的第 58 个心跳包发送成功
[03:19:41 INF] 【直播间】4015781 的第 58 个心跳包发送成功
[03:19:42 INF] 【直播间】9619073 的第 58 个心跳包发送成功
[03:19:43 INF] 【直播间】407149 的第 58 个心跳包发送成功
[03:19:44 INF] 【直播间】7184632 的第 58 个心跳包发送成功
[03:19:45 INF] 【直播间】11732699 的第 58 个心跳包发送成功
[03:19:47 INF] 【直播间】929670 的第 58 个心跳包发送成功
[03:19:48 INF] 【直播间】23447660 的第 58 个心跳包发送成功
[03:19:49 INF] 【直播间】91164 的第 58 个心跳包发送成功
[03:19:50 INF] 【直播间】22764265 的第 58 个心跳包发送成功
[03:20:43 INF] 【直播间】23357926 的第 59 个心跳包发送成功
[03:20:45 INF] 【直播间】23040372 的第 59 个心跳包发送成功
[03:20:46 INF] 【直播间】31494 的第 59 个心跳包发送成功
[03:20:47 INF] 【直播间】4015781 的第 59 个心跳包发送成功
[03:20:48 INF] 【直播间】9619073 的第 59 个心跳包发送成功
[03:20:49 INF] 【直播间】407149 的第 59 个心跳包发送成功
[03:20:51 INF] 【直播间】7184632 的第 59 个心跳包发送成功
[03:20:52 INF] 【直播间】11732699 的第 59 个心跳包发送成功
[03:20:53 INF] 【直播间】929670 的第 59 个心跳包发送成功
[03:20:54 INF] 【直播间】23447660 的第 59 个心跳包发送成功
[03:20:55 INF] 【直播间】91164 的第 59 个心跳包发送成功
[03:20:57 INF] 【直播间】22764265 的第 59 个心跳包发送成功
[03:21:50 INF] 【直播间】23357926 的第 60 个心跳包发送成功
[03:21:51 INF] 【直播间】23040372 的第 60 个心跳包发送成功
[03:21:52 INF] 【直播间】31494 的第 60 个心跳包发送成功
[03:21:53 INF] 【直播间】4015781 的第 60 个心跳包发送成功
[03:21:54 INF] 【直播间】9619073 的第 60 个心跳包发送成功
[03:21:56 INF] 【直播间】407149 的第 60 个心跳包发送成功
[03:21:57 INF] 【直播间】7184632 的第 60 个心跳包发送成功
[03:21:58 INF] 【直播间】11732699 的第 60 个心跳包发送成功
[03:21:59 INF] 【直播间】929670 的第 60 个心跳包发送成功
[03:22:00 INF] 【直播间】23447660 的第 60 个心跳包发送成功
[03:22:02 INF] 【直播间】91164 的第 60 个心跳包发送成功
[03:22:03 INF] 【直播间】22764265 的第 60 个心跳包发送成功
[03:22:56 INF] 【直播间】23357926 的第 61 个心跳包发送成功
[03:22:57 INF] 【直播间】23040372 的第 61 个心跳包发送成功
[03:22:58 INF] 【直播间】31494 的第 61 个心跳包发送成功
[03:23:00 INF] 【直播间】4015781 的第 61 个心跳包发送成功
[03:23:01 INF] 【直播间】9619073 的第 61 个心跳包发送成功
[03:23:02 INF] 【直播间】407149 的第 61 个心跳包发送成功
[03:23:03 INF] 【直播间】7184632 的第 61 个心跳包发送成功
[03:23:04 INF] 【直播间】11732699 的第 61 个心跳包发送成功
[03:23:06 INF] 【直播间】929670 的第 61 个心跳包发送成功
[03:23:07 INF] 【直播间】23447660 的第 61 个心跳包发送成功
[03:23:08 INF] 【直播间】91164 的第 61 个心跳包发送成功
[03:23:09 INF] 【直播间】22764265 的第 61 个心跳包发送成功
[03:24:02 INF] 【直播间】23357926 的第 62 个心跳包发送成功
[03:24:03 INF] 【直播间】23040372 的第 62 个心跳包发送成功
[03:24:05 INF] 【直播间】31494 的第 62 个心跳包发送成功
[03:24:06 INF] 【直播间】4015781 的第 62 个心跳包发送成功
[03:24:07 INF] 【直播间】9619073 的第 62 个心跳包发送成功
[03:24:08 INF] 【直播间】407149 的第 62 个心跳包发送成功
[03:24:10 INF] 【直播间】7184632 的第 62 个心跳包发送成功
[03:24:11 INF] 【直播间】11732699 的第 62 个心跳包发送成功
[03:24:12 INF] 【直播间】929670 的第 62 个心跳包发送成功
[03:24:13 INF] 【直播间】23447660 的第 62 个心跳包发送成功
[03:24:15 INF] 【直播间】91164 的第 62 个心跳包发送成功
[03:24:16 INF] 【直播间】22764265 的第 62 个心跳包发送成功
[03:25:09 INF] 【直播间】23357926 的第 63 个心跳包发送成功
[03:25:10 INF] 【直播间】23040372 的第 63 个心跳包发送成功
[03:25:11 INF] 【直播间】31494 的第 63 个心跳包发送成功
[03:25:12 INF] 【直播间】4015781 的第 63 个心跳包发送成功
[03:25:14 INF] 【直播间】9619073 的第 63 个心跳包发送成功
[03:25:15 INF] 【直播间】407149 的第 63 个心跳包发送成功
[03:25:16 INF] 【直播间】7184632 的第 63 个心跳包发送成功
[03:25:17 INF] 【直播间】11732699 的第 63 个心跳包发送成功
[03:25:19 INF] 【直播间】929670 的第 63 个心跳包发送成功
[03:25:20 INF] 【直播间】23447660 的第 63 个心跳包发送成功
[03:25:21 INF] 【直播间】91164 的第 63 个心跳包发送成功
[03:25:22 INF] 【直播间】22764265 的第 63 个心跳包发送成功
[03:26:15 INF] 【直播间】23357926 的第 64 个心跳包发送成功
[03:26:16 INF] 【直播间】23040372 的第 64 个心跳包发送成功
[03:26:17 INF] 【直播间】31494 的第 64 个心跳包发送成功
[03:26:19 INF] 【直播间】4015781 的第 64 个心跳包发送成功
[03:26:20 INF] 【直播间】9619073 的第 64 个心跳包发送成功
[03:26:21 INF] 【直播间】407149 的第 64 个心跳包发送成功
[03:26:22 INF] 【直播间】7184632 的第 64 个心跳包发送成功
[03:26:24 INF] 【直播间】11732699 的第 64 个心跳包发送成功
[03:26:25 INF] 【直播间】929670 的第 64 个心跳包发送成功
[03:26:26 INF] 【直播间】23447660 的第 64 个心跳包发送成功
[03:26:28 INF] 【直播间】91164 的第 64 个心跳包发送成功
[03:26:29 INF] 【直播间】22764265 的第 64 个心跳包发送成功
[03:27:21 INF] 【直播间】23357926 的第 65 个心跳包发送成功
[03:27:23 INF] 【直播间】23040372 的第 65 个心跳包发送成功
[03:27:24 INF] 【直播间】31494 的第 65 个心跳包发送成功
[03:27:25 INF] 【直播间】4015781 的第 65 个心跳包发送成功
[03:27:27 INF] 【直播间】9619073 的第 65 个心跳包发送成功
[03:27:28 INF] 【直播间】407149 的第 65 个心跳包发送成功
[03:27:29 INF] 【直播间】7184632 的第 65 个心跳包发送成功
[03:27:31 INF] 【直播间】11732699 的第 65 个心跳包发送成功
[03:27:32 INF] 【直播间】929670 的第 65 个心跳包发送成功
[03:27:33 INF] 【直播间】23447660 的第 65 个心跳包发送成功
[03:27:34 INF] 【直播间】91164 的第 65 个心跳包发送成功
[03:27:35 INF] 【直播间】22764265 的第 65 个心跳包发送成功
[03:28:28 INF] 【直播间】23357926 的第 66 个心跳包发送成功
[03:28:29 INF] 【直播间】23040372 的第 66 个心跳包发送成功
[03:28:30 INF] 【直播间】31494 的第 66 个心跳包发送成功
[03:28:32 INF] 【直播间】4015781 的第 66 个心跳包发送成功
[03:28:33 INF] 【直播间】9619073 的第 66 个心跳包发送成功
[03:28:34 INF] 【直播间】407149 的第 66 个心跳包发送成功
[03:28:36 INF] 【直播间】7184632 的第 66 个心跳包发送成功
[03:28:37 INF] 【直播间】11732699 的第 66 个心跳包发送成功
[03:28:38 INF] 【直播间】929670 的第 66 个心跳包发送成功
[03:28:39 INF] 【直播间】23447660 的第 66 个心跳包发送成功
[03:28:41 INF] 【直播间】91164 的第 66 个心跳包发送成功
[03:28:42 INF] 【直播间】22764265 的第 66 个心跳包发送成功
[03:29:34 INF] 【直播间】23357926 的第 67 个心跳包发送成功
[03:29:35 INF] 【直播间】23040372 的第 67 个心跳包发送成功
[03:29:36 INF] 【直播间】31494 的第 67 个心跳包发送成功
[03:29:38 INF] 【直播间】4015781 的第 67 个心跳包发送成功
[03:29:39 INF] 【直播间】9619073 的第 67 个心跳包发送成功
[03:29:40 INF] 【直播间】407149 的第 67 个心跳包发送成功
[03:29:42 INF] 【直播间】7184632 的第 67 个心跳包发送成功
[03:29:43 INF] 【直播间】11732699 的第 67 个心跳包发送成功
[03:29:44 INF] 【直播间】929670 的第 67 个心跳包发送成功
[03:29:45 INF] 【直播间】23447660 的第 67 个心跳包发送成功
[03:29:47 INF] 【直播间】91164 的第 67 个心跳包发送成功
[03:29:48 INF] 【直播间】22764265 的第 67 个心跳包发送成功
[03:30:40 INF] 【直播间】23357926 的第 68 个心跳包发送成功
[03:30:41 INF] 【直播间】23040372 的第 68 个心跳包发送成功
[03:30:43 INF] 【直播间】31494 的第 68 个心跳包发送成功
[03:30:44 INF] 【直播间】4015781 的第 68 个心跳包发送成功
[03:30:45 INF] 【直播间】9619073 的第 68 个心跳包发送成功
[03:30:47 INF] 【直播间】407149 的第 68 个心跳包发送成功
[03:30:48 INF] 【直播间】7184632 的第 68 个心跳包发送成功
[03:30:49 INF] 【直播间】11732699 的第 68 个心跳包发送成功
[03:30:50 INF] 【直播间】929670 的第 68 个心跳包发送成功
[03:30:52 INF] 【直播间】23447660 的第 68 个心跳包发送成功
[03:30:53 INF] 【直播间】91164 的第 68 个心跳包发送成功
[03:30:54 INF] 【直播间】22764265 的第 68 个心跳包发送成功
[03:31:47 INF] 【直播间】23357926 的第 69 个心跳包发送成功
[03:31:48 INF] 【直播间】23040372 的第 69 个心跳包发送成功
[03:31:49 INF] 【直播间】31494 的第 69 个心跳包发送成功
[03:31:50 INF] 【直播间】4015781 的第 69 个心跳包发送成功
[03:31:52 INF] 【直播间】9619073 的第 69 个心跳包发送成功
[03:31:53 INF] 【直播间】407149 的第 69 个心跳包发送成功
[03:31:54 INF] 【直播间】7184632 的第 69 个心跳包发送成功
[03:31:55 INF] 【直播间】11732699 的第 69 个心跳包发送成功
[03:31:57 INF] 【直播间】929670 的第 69 个心跳包发送成功
[03:31:58 INF] 【直播间】23447660 的第 69 个心跳包发送成功
[03:31:59 INF] 【直播间】91164 的第 69 个心跳包发送成功
[03:32:00 INF] 【直播间】22764265 的第 69 个心跳包发送成功
[03:32:53 INF] 【直播间】23357926 的第 70 个心跳包发送成功
[03:32:54 INF] 【直播间】23040372 的第 70 个心跳包发送成功
[03:32:56 INF] 【直播间】31494 的第 70 个心跳包发送成功
[03:32:57 INF] 【直播间】4015781 的第 70 个心跳包发送成功
[03:32:58 INF] 【直播间】9619073 的第 70 个心跳包发送成功
[03:32:59 INF] 【直播间】407149 的第 70 个心跳包发送成功
[03:33:00 INF] 【直播间】7184632 的第 70 个心跳包发送成功
[03:33:02 INF] 【直播间】11732699 的第 70 个心跳包发送成功
[03:33:03 INF] 【直播间】929670 的第 70 个心跳包发送成功
[03:33:04 INF] 【直播间】23447660 的第 70 个心跳包发送成功
[03:33:05 INF] 【直播间】91164 的第 70 个心跳包发送成功
[03:33:07 INF] 【直播间】22764265 的第 70 个心跳包发送成功
[03:33:07 INF] 【直播观看时长】完成情况：12/12 
[03:33:07 INF] ---------结束---------

[03:33:07 INF] ==========结束==========

[03:33:07 INF] ######### 账号 3 #########

[03:33:07 INF] =====开始 直播间互动 =====

[03:33:07 INF] ---开始 发送弹幕 ---
[03:33:07 INF] 检测到直播 Cookie 未正确配置，尝试自动配置中...
[03:33:10 INF] 直播 Cookie 配置成功！
[03:33:10 INF] 【获取直播列表】获取拥有粉丝牌的直播列表
[03:33:14 ERR] 【获取直播列表】失败
[03:33:14 ERR] 【原因】账号未登录
[03:33:14 ERR] 发送弹幕失败，继续其他任务。失败信息:Object reference not set to an instance of an object.

[03:33:14 INF] -------结束-------

[03:33:14 INF] ---开始 点赞直播间 ---
[03:33:14 INF] 【获取直播列表】获取拥有粉丝牌的直播列表
[03:33:21 ERR] 【获取直播列表】失败
[03:33:21 ERR] 【原因】账号未登录
[03:33:21 ERR] 点赞直播间失败，继续其他任务。失败信息:Object reference not set to an instance of an object.

[03:33:21 INF] --------结束--------

[03:33:21 INF] ---开始 直播时长挂机 ---
[03:33:21 INF] 【获取直播列表】获取拥有粉丝牌的直播列表
[03:33:29 ERR] 【获取直播列表】失败
[03:33:29 ERR] 【原因】账号未登录
[03:33:29 ERR] 直播时长挂机失败，继续其他任务。失败信息:Object reference not set to an instance of an object.

[03:33:29 INF] ---------结束---------

[03:33:29 INF] ==========结束==========

[03:33:29 INF] 

========================

 v2.0.2 开源 by https://github.com/RayWangQvQ/BiliBiliToolPro

[03:33:29 INF] ·开始推送·LiveFansMedal任务·
2024-01-11T19:33:29.1918840Z 开始推送到:PushPlus
2024-01-11T19:33:30.1996056Z Response status: OK.
2024-01-11T19:33:30.1996392Z Response content: {"code":999,"msg":"发送内容过大，不能超过2万字","data":null}.

[03:33:30 INF] 运行环境：Development
[03:33:30 INF] 应用目录：/home/runner/work/BiliBiliToolPro/BiliBiliToolPro/src/Ray.BiliBiliTool.Console/bin/Debug/net6.0/

[03:33:30 INF] 运行结束
