----------- ip 信息 ---------
{
  "ip": "40.67.133.158",
  "city": "Boydton",
  "region": "Virginia",
  "country": "US",
  "loc": "36.6676,-78.3875",
  "org": "AS8075 Microsoft Corporation",
  "postal": "23917",
  "timezone": "America/New_York",
  "readme": "https://ipinfo.io/missingauth"
} ---------- end ------------
  ____               ____    _   _____           _  
 |  _ \ __ _ _   _  | __ ) _| |_|_   _|__   ___ | | 
 | |_) / _` | | | | |  _ \(_) (_) | |/ _ \ / _ \| | 
 |  _ < (_| | |_| | | |_) | | | | | | (_) | (_) | | 
 |_| \_\__,_|\__, | |____/|_|_|_| |_|\___/ \___/|_| 
             |___/                                  

[00:26:24 INF] BiliBiliToolPro 开始运行...

[00:26:24 INF] 【账号个数】3个

[00:26:24 INF] 随机休眠2分钟

[00:28:24 INF] 【目标任务】LiveFansMedal
[00:28:24 INF] ######### 账号 1 #########

[00:28:24 INF] =====开始 直播间互动 =====

[00:28:24 INF] ---开始 发送弹幕 ---
[00:28:24 INF] 检测到直播 Cookie 未正确配置，尝试自动配置中...
[00:28:31 INF] 直播 Cookie 配置成功！
[00:28:31 INF] 【获取直播列表】获取拥有粉丝牌的直播列表
[00:28:38 INF] 【主播】Mark陌枫 
[00:28:56 INF] 【主播】KL_qiqi_ 
[00:29:11 INF] 【主播】苏打baka 
[00:29:28 INF] 【直播间】Mark陌枫
[00:29:28 INF] 【粉丝牌】馬楓
[00:29:28 INF] 正在发送弹幕...
[00:29:34 INF] 【直播间】KL_qiqi_
[00:29:34 INF] 【粉丝牌】qiqisb
[00:29:34 INF] 正在发送弹幕...
[00:29:37 INF] 【直播间】苏打baka
[00:29:37 INF] 【粉丝牌】碳酸钠
[00:29:37 INF] 正在发送弹幕...
[00:29:44 INF] -------结束-------

[00:29:44 INF] ---开始 点赞直播间 ---
[00:29:44 INF] 【获取直播列表】获取拥有粉丝牌的直播列表
[00:29:45 INF] 【弹幕发送】成功~，你和主播 KL_qiqi_ 的亲密值增加了100！
[00:29:46 INF] 【弹幕发送】成功~，你和主播 Mark陌枫 的亲密值增加了100！
[00:29:48 INF] 【主播】Mark陌枫 
[00:29:55 INF] 【弹幕发送】成功~，你和主播 苏打baka 的亲密值增加了100！
[00:30:01 INF] 【主播】KL_qiqi_ 
[00:30:21 INF] 【主播】苏打baka 
[00:30:44 INF] 【点赞直播间】23357926 完成
[00:30:47 INF] 【点赞直播间】407149 完成
[00:30:52 INF] --------结束--------

[00:30:52 INF] ---开始 直播时长挂机 ---
[00:30:52 INF] 【获取直播列表】获取拥有粉丝牌的直播列表
[00:30:52 INF] 【点赞直播间】23040372 完成
[00:30:58 INF] 【主播】Mark陌枫 
[00:31:17 INF] 【主播】KL_qiqi_ 
[00:31:35 INF] 【主播】苏打baka 
[00:31:47 INF] 【直播间】23357926 的第 1 个心跳包发送成功
[00:31:49 INF] 【直播间】407149 的第 1 个心跳包发送成功
[00:31:50 INF] 【直播间】23040372 的第 1 个心跳包发送成功
[00:32:54 INF] 【直播间】23357926 的第 2 个心跳包发送成功
[00:32:55 INF] 【直播间】407149 的第 2 个心跳包发送成功
[00:32:56 INF] 【直播间】23040372 的第 2 个心跳包发送成功
[00:34:01 INF] 【直播间】23357926 的第 3 个心跳包发送成功
[00:34:02 INF] 【直播间】407149 的第 3 个心跳包发送成功
[00:34:03 INF] 【直播间】23040372 的第 3 个心跳包发送成功
[00:35:07 INF] 【直播间】23357926 的第 4 个心跳包发送成功
[00:35:09 INF] 【直播间】407149 的第 4 个心跳包发送成功
[00:35:10 INF] 【直播间】23040372 的第 4 个心跳包发送成功
[00:36:14 INF] 【直播间】23357926 的第 5 个心跳包发送成功
[00:36:15 INF] 【直播间】407149 的第 5 个心跳包发送成功
[00:36:16 INF] 【直播间】23040372 的第 5 个心跳包发送成功
[00:37:20 INF] 【直播间】23357926 的第 6 个心跳包发送成功
[00:37:22 INF] 【直播间】407149 的第 6 个心跳包发送成功
[00:37:23 INF] 【直播间】23040372 的第 6 个心跳包发送成功
[00:38:27 INF] 【直播间】23357926 的第 7 个心跳包发送成功
[00:38:28 INF] 【直播间】407149 的第 7 个心跳包发送成功
[00:38:30 INF] 【直播间】23040372 的第 7 个心跳包发送成功
[00:39:34 INF] 【直播间】23357926 的第 8 个心跳包发送成功
[00:39:35 INF] 【直播间】407149 的第 8 个心跳包发送成功
[00:39:36 INF] 【直播间】23040372 的第 8 个心跳包发送成功
[00:40:40 INF] 【直播间】23357926 的第 9 个心跳包发送成功
[00:40:42 INF] 【直播间】407149 的第 9 个心跳包发送成功
[00:40:43 INF] 【直播间】23040372 的第 9 个心跳包发送成功
[00:41:47 INF] 【直播间】23357926 的第 10 个心跳包发送成功
[00:41:48 INF] 【直播间】407149 的第 10 个心跳包发送成功
[00:41:50 INF] 【直播间】23040372 的第 10 个心跳包发送成功
[00:42:53 INF] 【直播间】23357926 的第 11 个心跳包发送成功
[00:42:55 INF] 【直播间】407149 的第 11 个心跳包发送成功
[00:42:56 INF] 【直播间】23040372 的第 11 个心跳包发送成功
[00:44:00 INF] 【直播间】23357926 的第 12 个心跳包发送成功
[00:44:01 INF] 【直播间】407149 的第 12 个心跳包发送成功
[00:44:02 INF] 【直播间】23040372 的第 12 个心跳包发送成功
[00:45:07 INF] 【直播间】23357926 的第 13 个心跳包发送成功
[00:45:08 INF] 【直播间】407149 的第 13 个心跳包发送成功
[00:45:09 INF] 【直播间】23040372 的第 13 个心跳包发送成功
[00:46:13 INF] 【直播间】23357926 的第 14 个心跳包发送成功
[00:46:14 INF] 【直播间】407149 的第 14 个心跳包发送成功
[00:46:16 INF] 【直播间】23040372 的第 14 个心跳包发送成功
[00:47:20 ERR] 【心跳包】直播间 23357926 发送失败
[00:47:20 ERR] 【原因】time check failed
[00:47:21 ERR] 【心跳包】直播间 407149 发送失败
[00:47:21 ERR] 【原因】time check failed
[00:47:22 ERR] 【心跳包】直播间 23040372 发送失败
[00:47:22 ERR] 【原因】time check failed
[00:48:26 INF] 【直播间】23357926 的第 15 个心跳包发送成功
[00:48:27 INF] 【直播间】407149 的第 15 个心跳包发送成功
[00:48:29 INF] 【直播间】23040372 的第 15 个心跳包发送成功
[00:49:33 INF] 【直播间】23357926 的第 16 个心跳包发送成功
[00:49:34 INF] 【直播间】407149 的第 16 个心跳包发送成功
[00:49:35 INF] 【直播间】23040372 的第 16 个心跳包发送成功
[00:50:40 INF] 【直播间】23357926 的第 17 个心跳包发送成功
[00:50:41 INF] 【直播间】407149 的第 17 个心跳包发送成功
[00:50:42 INF] 【直播间】23040372 的第 17 个心跳包发送成功
[00:51:46 INF] 【直播间】23357926 的第 18 个心跳包发送成功
[00:51:47 INF] 【直播间】407149 的第 18 个心跳包发送成功
[00:51:49 INF] 【直播间】23040372 的第 18 个心跳包发送成功
[00:52:53 INF] 【直播间】23357926 的第 19 个心跳包发送成功
[00:52:54 INF] 【直播间】407149 的第 19 个心跳包发送成功
[00:52:55 INF] 【直播间】23040372 的第 19 个心跳包发送成功
[00:53:59 INF] 【直播间】23357926 的第 20 个心跳包发送成功
[00:54:00 INF] 【直播间】407149 的第 20 个心跳包发送成功
[00:54:02 INF] 【直播间】23040372 的第 20 个心跳包发送成功
[00:55:06 INF] 【直播间】23357926 的第 21 个心跳包发送成功
[00:55:07 INF] 【直播间】407149 的第 21 个心跳包发送成功
[00:55:08 INF] 【直播间】23040372 的第 21 个心跳包发送成功
[00:56:12 INF] 【直播间】23357926 的第 22 个心跳包发送成功
[00:56:14 INF] 【直播间】407149 的第 22 个心跳包发送成功
[00:56:15 INF] 【直播间】23040372 的第 22 个心跳包发送成功
[00:57:19 INF] 【直播间】23357926 的第 23 个心跳包发送成功
[00:57:20 INF] 【直播间】407149 的第 23 个心跳包发送成功
[00:57:22 INF] 【直播间】23040372 的第 23 个心跳包发送成功
[00:58:25 INF] 【直播间】23357926 的第 24 个心跳包发送成功
[00:58:27 INF] 【直播间】407149 的第 24 个心跳包发送成功
[00:58:28 INF] 【直播间】23040372 的第 24 个心跳包发送成功
[00:59:32 INF] 【直播间】23357926 的第 25 个心跳包发送成功
[00:59:33 INF] 【直播间】407149 的第 25 个心跳包发送成功
[00:59:34 INF] 【直播间】23040372 的第 25 个心跳包发送成功
[01:00:38 INF] 【直播间】23357926 的第 26 个心跳包发送成功
[01:00:40 INF] 【直播间】407149 的第 26 个心跳包发送成功
[01:00:41 INF] 【直播间】23040372 的第 26 个心跳包发送成功
[01:01:45 INF] 【直播间】23357926 的第 27 个心跳包发送成功
[01:01:47 INF] 【直播间】407149 的第 27 个心跳包发送成功
[01:01:48 INF] 【直播间】23040372 的第 27 个心跳包发送成功
[01:02:52 ERR] 【心跳包】直播间 23357926 发送失败
[01:02:52 ERR] 【原因】time check failed
[01:02:53 ERR] 【心跳包】直播间 407149 发送失败
[01:02:53 ERR] 【原因】time check failed
[01:02:54 ERR] 【心跳包】直播间 23040372 发送失败
[01:02:54 ERR] 【原因】time check failed
[01:03:58 INF] 【直播间】23357926 的第 28 个心跳包发送成功
[01:04:00 INF] 【直播间】407149 的第 28 个心跳包发送成功
[01:04:01 INF] 【直播间】23040372 的第 28 个心跳包发送成功
[01:05:05 INF] 【直播间】23357926 的第 29 个心跳包发送成功
[01:05:06 INF] 【直播间】407149 的第 29 个心跳包发送成功
[01:05:08 INF] 【直播间】23040372 的第 29 个心跳包发送成功
[01:06:12 INF] 【直播间】23357926 的第 30 个心跳包发送成功
[01:06:13 INF] 【直播间】407149 的第 30 个心跳包发送成功
[01:06:14 INF] 【直播间】23040372 的第 30 个心跳包发送成功
[01:07:18 INF] 【直播间】23357926 的第 31 个心跳包发送成功
[01:07:20 INF] 【直播间】407149 的第 31 个心跳包发送成功
[01:07:21 INF] 【直播间】23040372 的第 31 个心跳包发送成功
[01:08:25 INF] 【直播间】23357926 的第 32 个心跳包发送成功
[01:08:26 INF] 【直播间】407149 的第 32 个心跳包发送成功
[01:08:27 INF] 【直播间】23040372 的第 32 个心跳包发送成功
[01:09:32 INF] 【直播间】23357926 的第 33 个心跳包发送成功
[01:09:33 INF] 【直播间】407149 的第 33 个心跳包发送成功
[01:09:34 INF] 【直播间】23040372 的第 33 个心跳包发送成功
[01:10:38 INF] 【直播间】23357926 的第 34 个心跳包发送成功
[01:10:39 INF] 【直播间】407149 的第 34 个心跳包发送成功
[01:10:41 INF] 【直播间】23040372 的第 34 个心跳包发送成功
[01:11:45 INF] 【直播间】23357926 的第 35 个心跳包发送成功
[01:11:46 INF] 【直播间】407149 的第 35 个心跳包发送成功
[01:11:47 INF] 【直播间】23040372 的第 35 个心跳包发送成功
[01:12:51 INF] 【直播间】23357926 的第 36 个心跳包发送成功
[01:12:53 INF] 【直播间】407149 的第 36 个心跳包发送成功
[01:12:54 INF] 【直播间】23040372 的第 36 个心跳包发送成功
[01:13:58 INF] 【直播间】23357926 的第 37 个心跳包发送成功
[01:13:59 INF] 【直播间】407149 的第 37 个心跳包发送成功
[01:14:00 INF] 【直播间】23040372 的第 37 个心跳包发送成功
[01:15:05 INF] 【直播间】23357926 的第 38 个心跳包发送成功
[01:15:06 INF] 【直播间】407149 的第 38 个心跳包发送成功
[01:15:07 INF] 【直播间】23040372 的第 38 个心跳包发送成功
[01:16:11 INF] 【直播间】23357926 的第 39 个心跳包发送成功
[01:16:13 INF] 【直播间】407149 的第 39 个心跳包发送成功
[01:16:14 INF] 【直播间】23040372 的第 39 个心跳包发送成功
[01:17:18 INF] 【直播间】23357926 的第 40 个心跳包发送成功
[01:17:19 INF] 【直播间】407149 的第 40 个心跳包发送成功
[01:17:20 INF] 【直播间】23040372 的第 40 个心跳包发送成功
[01:18:25 ERR] 【心跳包】直播间 23357926 发送失败
[01:18:25 ERR] 【原因】time check failed
[01:18:26 ERR] 【心跳包】直播间 407149 发送失败
[01:18:26 ERR] 【原因】time check failed
[01:18:27 ERR] 【心跳包】直播间 23040372 发送失败
[01:18:27 ERR] 【原因】time check failed
[01:19:31 INF] 【直播间】23357926 的第 41 个心跳包发送成功
[01:19:33 INF] 【直播间】407149 的第 41 个心跳包发送成功
[01:19:34 INF] 【直播间】23040372 的第 41 个心跳包发送成功
[01:20:38 INF] 【直播间】23357926 的第 42 个心跳包发送成功
[01:20:39 INF] 【直播间】407149 的第 42 个心跳包发送成功
[01:20:40 INF] 【直播间】23040372 的第 42 个心跳包发送成功
[01:21:44 INF] 【直播间】23357926 的第 43 个心跳包发送成功
[01:21:46 INF] 【直播间】407149 的第 43 个心跳包发送成功
[01:21:47 INF] 【直播间】23040372 的第 43 个心跳包发送成功
[01:22:51 INF] 【直播间】23357926 的第 44 个心跳包发送成功
[01:22:52 INF] 【直播间】407149 的第 44 个心跳包发送成功
[01:22:53 INF] 【直播间】23040372 的第 44 个心跳包发送成功
[01:23:57 INF] 【直播间】23357926 的第 45 个心跳包发送成功
[01:23:59 INF] 【直播间】407149 的第 45 个心跳包发送成功
[01:24:00 INF] 【直播间】23040372 的第 45 个心跳包发送成功
[01:25:04 INF] 【直播间】23357926 的第 46 个心跳包发送成功
[01:25:05 INF] 【直播间】407149 的第 46 个心跳包发送成功
[01:25:07 INF] 【直播间】23040372 的第 46 个心跳包发送成功
[01:26:11 INF] 【直播间】23357926 的第 47 个心跳包发送成功
[01:26:12 INF] 【直播间】407149 的第 47 个心跳包发送成功
[01:26:13 INF] 【直播间】23040372 的第 47 个心跳包发送成功
[01:27:17 INF] 【直播间】23357926 的第 48 个心跳包发送成功
[01:27:18 INF] 【直播间】407149 的第 48 个心跳包发送成功
[01:27:20 INF] 【直播间】23040372 的第 48 个心跳包发送成功
[01:28:24 INF] 【直播间】23357926 的第 49 个心跳包发送成功
[01:28:25 INF] 【直播间】407149 的第 49 个心跳包发送成功
[01:28:26 INF] 【直播间】23040372 的第 49 个心跳包发送成功
[01:29:30 INF] 【直播间】23357926 的第 50 个心跳包发送成功
[01:29:31 INF] 【直播间】407149 的第 50 个心跳包发送成功
[01:29:33 INF] 【直播间】23040372 的第 50 个心跳包发送成功
[01:30:37 INF] 【直播间】23357926 的第 51 个心跳包发送成功
[01:30:38 INF] 【直播间】407149 的第 51 个心跳包发送成功
[01:30:40 INF] 【直播间】23040372 的第 51 个心跳包发送成功
[01:31:44 INF] 【直播间】23357926 的第 52 个心跳包发送成功
[01:31:45 INF] 【直播间】407149 的第 52 个心跳包发送成功
[01:31:46 INF] 【直播间】23040372 的第 52 个心跳包发送成功
[01:32:50 INF] 【直播间】23357926 的第 53 个心跳包发送成功
[01:32:52 INF] 【直播间】407149 的第 53 个心跳包发送成功
[01:32:53 INF] 【直播间】23040372 的第 53 个心跳包发送成功
[01:33:57 ERR] 【心跳包】直播间 23357926 发送失败
[01:33:57 ERR] 【原因】time check failed
[01:33:58 ERR] 【心跳包】直播间 407149 发送失败
[01:33:58 ERR] 【原因】time check failed
[01:33:59 ERR] 【心跳包】直播间 23040372 发送失败
[01:33:59 ERR] 【原因】time check failed
[01:35:03 INF] 【直播间】23357926 的第 54 个心跳包发送成功
[01:35:05 INF] 【直播间】407149 的第 54 个心跳包发送成功
[01:35:06 INF] 【直播间】23040372 的第 54 个心跳包发送成功
[01:36:10 INF] 【直播间】23357926 的第 55 个心跳包发送成功
[01:36:11 INF] 【直播间】407149 的第 55 个心跳包发送成功
[01:36:13 INF] 【直播间】23040372 的第 55 个心跳包发送成功
[01:37:17 INF] 【直播间】23357926 的第 56 个心跳包发送成功
[01:37:18 INF] 【直播间】407149 的第 56 个心跳包发送成功
[01:37:19 INF] 【直播间】23040372 的第 56 个心跳包发送成功
[01:38:23 INF] 【直播间】23357926 的第 57 个心跳包发送成功
[01:38:24 INF] 【直播间】407149 的第 57 个心跳包发送成功
[01:38:26 INF] 【直播间】23040372 的第 57 个心跳包发送成功
[01:39:30 INF] 【直播间】23357926 的第 58 个心跳包发送成功
[01:39:31 INF] 【直播间】407149 的第 58 个心跳包发送成功
[01:39:32 INF] 【直播间】23040372 的第 58 个心跳包发送成功
[01:40:36 INF] 【直播间】23357926 的第 59 个心跳包发送成功
[01:40:38 INF] 【直播间】407149 的第 59 个心跳包发送成功
[01:40:39 INF] 【直播间】23040372 的第 59 个心跳包发送成功
[01:41:43 INF] 【直播间】23357926 的第 60 个心跳包发送成功
[01:41:45 INF] 【直播间】407149 的第 60 个心跳包发送成功
[01:41:46 INF] 【直播间】23040372 的第 60 个心跳包发送成功
[01:42:50 INF] 【直播间】23357926 的第 61 个心跳包发送成功
[01:42:51 INF] 【直播间】407149 的第 61 个心跳包发送成功
[01:42:52 INF] 【直播间】23040372 的第 61 个心跳包发送成功
[01:43:56 INF] 【直播间】23357926 的第 62 个心跳包发送成功
[01:43:58 INF] 【直播间】407149 的第 62 个心跳包发送成功
[01:43:59 INF] 【直播间】23040372 的第 62 个心跳包发送成功
[01:45:03 INF] 【直播间】23357926 的第 63 个心跳包发送成功
[01:45:04 INF] 【直播间】407149 的第 63 个心跳包发送成功
[01:45:05 INF] 【直播间】23040372 的第 63 个心跳包发送成功
[01:46:10 INF] 【直播间】23357926 的第 64 个心跳包发送成功
[01:46:11 INF] 【直播间】407149 的第 64 个心跳包发送成功
[01:46:12 INF] 【直播间】23040372 的第 64 个心跳包发送成功
[01:47:16 INF] 【直播间】23357926 的第 65 个心跳包发送成功
[01:47:18 INF] 【直播间】407149 的第 65 个心跳包发送成功
[01:47:19 INF] 【直播间】23040372 的第 65 个心跳包发送成功
[01:48:23 INF] 【直播间】23357926 的第 66 个心跳包发送成功
[01:48:24 INF] 【直播间】407149 的第 66 个心跳包发送成功
[01:48:25 INF] 【直播间】23040372 的第 66 个心跳包发送成功
[01:49:30 ERR] 【心跳包】直播间 23357926 发送失败
[01:49:30 ERR] 【原因】time check failed
[01:49:31 ERR] 【心跳包】直播间 407149 发送失败
[01:49:31 ERR] 【原因】time check failed
[01:49:32 ERR] 【心跳包】直播间 23040372 发送失败
[01:49:32 ERR] 【原因】time check failed
[01:50:36 INF] 【直播间】23357926 的第 67 个心跳包发送成功
[01:50:37 INF] 【直播间】407149 的第 67 个心跳包发送成功
[01:50:38 INF] 【直播间】23040372 的第 67 个心跳包发送成功
[01:51:43 INF] 【直播间】23357926 的第 68 个心跳包发送成功
[01:51:44 INF] 【直播间】407149 的第 68 个心跳包发送成功
[01:51:45 INF] 【直播间】23040372 的第 68 个心跳包发送成功
[01:52:49 INF] 【直播间】23357926 的第 69 个心跳包发送成功
[01:52:51 INF] 【直播间】407149 的第 69 个心跳包发送成功
[01:52:52 INF] 【直播间】23040372 的第 69 个心跳包发送成功
[01:53:56 INF] 【直播间】23357926 的第 70 个心跳包发送成功
[01:53:57 INF] 【直播间】407149 的第 70 个心跳包发送成功
[01:53:58 INF] 【直播间】23040372 的第 70 个心跳包发送成功
[01:53:58 INF] 【直播观看时长】完成情况：3/3 
[01:53:58 INF] ---------结束---------

[01:53:58 INF] ==========结束==========

[01:53:58 INF] ######### 账号 2 #########

[01:53:58 INF] =====开始 直播间互动 =====

[01:53:58 INF] ---开始 发送弹幕 ---
[01:53:58 INF] 检测到直播 Cookie 未正确配置，尝试自动配置中...
[01:54:05 INF] 直播 Cookie 配置成功！
[01:54:05 INF] 【获取直播列表】获取拥有粉丝牌的直播列表
[01:54:12 INF] 【主播】Mark陌枫 
[01:54:28 INF] 【主播】苏打baka 
[01:54:42 INF] 【主播】特别中二的q3君 
[01:54:55 INF] 【主播】陈抱一 
[01:55:09 INF] 【主播】贪玩的小毅 
[01:55:26 INF] 【主播】KL_qiqi_ 
[01:55:43 INF] 【主播】悠悠球琛总 
[01:55:58 INF] 【主播】记录生活的蛋黄派 
[01:56:16 INF] 【主播】脏小豆 
[01:56:37 INF] 【主播】新石器公园 
[01:56:50 INF] 【主播】FoFTG 
[01:57:03 INF] 【主播】李船长笔记 
[01:57:21 INF] 【直播间】Mark陌枫
[01:57:21 INF] 【粉丝牌】馬楓
[01:57:21 INF] 正在发送弹幕...
[01:57:27 INF] 【直播间】苏打baka
[01:57:27 INF] 【粉丝牌】碳酸钠
[01:57:27 INF] 正在发送弹幕...
[01:57:34 INF] 【直播间】特别中二的q3君
[01:57:34 INF] 【粉丝牌】q3GG
[01:57:34 INF] 正在发送弹幕...
[01:57:39 INF] 【弹幕发送】成功~，你和主播 Mark陌枫 的亲密值增加了100！
[01:57:40 INF] 【直播间】陈抱一
[01:57:40 INF] 【粉丝牌】陈抱一
[01:57:40 INF] 正在发送弹幕...
[01:57:43 INF] 【弹幕发送】成功~，你和主播 苏打baka 的亲密值增加了100！
[01:57:44 INF] 【直播间】贪玩的小毅
[01:57:44 INF] 【粉丝牌】大大毅
[01:57:44 INF] 正在发送弹幕...
[01:57:51 INF] 【直播间】KL_qiqi_
[01:57:51 INF] 【粉丝牌】qiqisb
[01:57:51 INF] 正在发送弹幕...
[01:57:51 INF] 【弹幕发送】成功~，你和主播 特别中二的q3君 的亲密值增加了100！
[01:57:55 INF] 【直播间】悠悠球琛总
[01:57:55 INF] 【粉丝牌】i琛
[01:57:55 INF] 正在发送弹幕...
[01:57:56 INF] 【弹幕发送】成功~，你和主播 陈抱一 的亲密值增加了100！
[01:57:58 INF] 【直播间】记录生活的蛋黄派
[01:57:58 INF] 【粉丝牌】派派派
[01:57:58 INF] 正在发送弹幕...
[01:58:03 INF] 【直播间】脏小豆
[01:58:03 INF] 【粉丝牌】豆豆浆
[01:58:03 INF] 正在发送弹幕...
[01:58:05 INF] 【弹幕发送】成功~，你和主播 贪玩的小毅 的亲密值增加了100！
[01:58:06 INF] 【弹幕发送】成功~，你和主播 悠悠球琛总 的亲密值增加了100！
[01:58:09 INF] 【弹幕发送】成功~，你和主播 KL_qiqi_ 的亲密值增加了100！
[01:58:10 INF] 【直播间】新石器公园
[01:58:10 INF] 【粉丝牌】东园主
[01:58:10 INF] 正在发送弹幕...
[01:58:14 INF] 【弹幕发送】成功~，你和主播 记录生活的蛋黄派 的亲密值增加了100！
[01:58:16 INF] 【直播间】FoFTG
[01:58:16 INF] 【粉丝牌】FOFTG
[01:58:16 INF] 正在发送弹幕...
[01:58:20 INF] 【直播间】李船长笔记
[01:58:20 INF] 【粉丝牌】航海仕
[01:58:20 INF] 正在发送弹幕...
[01:58:21 INF] 【弹幕发送】成功~，你和主播 脏小豆 的亲密值增加了100！
[01:58:25 INF] 【弹幕发送】成功~，你和主播 新石器公园 的亲密值增加了100！
[01:58:26 INF] -------结束-------

[01:58:26 INF] ---开始 点赞直播间 ---
[01:58:26 INF] 【获取直播列表】获取拥有粉丝牌的直播列表
[01:58:27 INF] 【弹幕发送】成功~，你和主播 FoFTG 的亲密值增加了100！
[01:58:34 INF] 【主播】Mark陌枫 
[01:58:40 INF] 【弹幕发送】成功~，你和主播 李船长笔记 的亲密值增加了100！
[01:58:51 INF] 【主播】苏打baka 
[01:59:13 INF] 【主播】特别中二的q3君 
[01:59:32 INF] 【主播】陈抱一 
[01:59:46 INF] 【主播】贪玩的小毅 
[02:00:05 INF] 【主播】KL_qiqi_ 
[02:00:23 INF] 【主播】悠悠球琛总 
[02:00:38 INF] 【主播】记录生活的蛋黄派 
[02:00:53 INF] 【主播】脏小豆 
[02:01:13 INF] 【主播】新石器公园 
[02:01:32 INF] 【主播】FoFTG 
[02:01:45 INF] 【主播】李船长笔记 
[02:02:08 INF] 【点赞直播间】23357926 完成
[02:02:14 INF] 【点赞直播间】23040372 完成
[02:02:20 INF] 【点赞直播间】31494 完成
[02:02:26 INF] 【点赞直播间】4015781 完成
[02:02:33 INF] 【点赞直播间】9619073 完成
[02:02:37 INF] 【点赞直播间】407149 完成
[02:02:40 INF] 【点赞直播间】7184632 完成
[02:02:45 INF] 【点赞直播间】11732699 完成
[02:02:49 INF] 【点赞直播间】929670 完成
[02:02:56 INF] 【点赞直播间】23447660 完成
[02:03:00 INF] 【点赞直播间】91164 完成
[02:03:06 INF] --------结束--------

[02:03:06 INF] ---开始 直播时长挂机 ---
[02:03:06 INF] 【获取直播列表】获取拥有粉丝牌的直播列表
[02:03:07 INF] 【点赞直播间】22764265 完成
[02:03:10 INF] 【主播】Mark陌枫 
[02:03:29 INF] 【主播】苏打baka 
[02:03:46 INF] 【主播】特别中二的q3君 
[02:03:59 INF] 【主播】陈抱一 
[02:04:17 INF] 【主播】贪玩的小毅 
[02:04:34 INF] 【主播】KL_qiqi_ 
[02:04:50 INF] 【主播】悠悠球琛总 
[02:05:09 INF] 【主播】记录生活的蛋黄派 
[02:05:24 INF] 【主播】脏小豆 
[02:05:35 INF] 【主播】新石器公园 
[02:05:54 INF] 【主播】FoFTG 
[02:06:11 INF] 【主播】李船长笔记 
[02:06:33 INF] 【直播间】23357926 的第 1 个心跳包发送成功
[02:06:34 INF] 【直播间】23040372 的第 1 个心跳包发送成功
[02:06:36 INF] 【直播间】31494 的第 1 个心跳包发送成功
[02:06:37 INF] 【直播间】4015781 的第 1 个心跳包发送成功
[02:06:38 INF] 【直播间】9619073 的第 1 个心跳包发送成功
[02:06:39 INF] 【直播间】407149 的第 1 个心跳包发送成功
[02:06:41 INF] 【直播间】7184632 的第 1 个心跳包发送成功
[02:06:42 INF] 【直播间】11732699 的第 1 个心跳包发送成功
[02:06:43 INF] 【直播间】929670 的第 1 个心跳包发送成功
[02:06:44 INF] 【直播间】23447660 的第 1 个心跳包发送成功
[02:06:46 INF] 【直播间】91164 的第 1 个心跳包发送成功
[02:06:47 INF] 【直播间】22764265 的第 1 个心跳包发送成功
[02:07:40 INF] 【直播间】23357926 的第 2 个心跳包发送成功
[02:07:41 INF] 【直播间】23040372 的第 2 个心跳包发送成功
[02:07:42 INF] 【直播间】31494 的第 2 个心跳包发送成功
[02:07:44 INF] 【直播间】4015781 的第 2 个心跳包发送成功
[02:07:45 INF] 【直播间】9619073 的第 2 个心跳包发送成功
[02:07:46 INF] 【直播间】407149 的第 2 个心跳包发送成功
[02:07:47 INF] 【直播间】7184632 的第 2 个心跳包发送成功
[02:07:49 INF] 【直播间】11732699 的第 2 个心跳包发送成功
[02:07:50 INF] 【直播间】929670 的第 2 个心跳包发送成功
[02:07:51 INF] 【直播间】23447660 的第 2 个心跳包发送成功
[02:07:52 INF] 【直播间】91164 的第 2 个心跳包发送成功
[02:07:54 INF] 【直播间】22764265 的第 2 个心跳包发送成功
[02:08:47 INF] 【直播间】23357926 的第 3 个心跳包发送成功
[02:08:48 INF] 【直播间】23040372 的第 3 个心跳包发送成功
[02:08:49 INF] 【直播间】31494 的第 3 个心跳包发送成功
[02:08:50 INF] 【直播间】4015781 的第 3 个心跳包发送成功
[02:08:51 INF] 【直播间】9619073 的第 3 个心跳包发送成功
[02:08:53 INF] 【直播间】407149 的第 3 个心跳包发送成功
[02:08:54 INF] 【直播间】7184632 的第 3 个心跳包发送成功
[02:08:55 INF] 【直播间】11732699 的第 3 个心跳包发送成功
[02:08:57 INF] 【直播间】929670 的第 3 个心跳包发送成功
[02:08:58 INF] 【直播间】23447660 的第 3 个心跳包发送成功
[02:08:59 INF] 【直播间】91164 的第 3 个心跳包发送成功
[02:09:00 INF] 【直播间】22764265 的第 3 个心跳包发送成功
[02:09:53 INF] 【直播间】23357926 的第 4 个心跳包发送成功
[02:09:54 INF] 【直播间】23040372 的第 4 个心跳包发送成功
[02:09:56 INF] 【直播间】31494 的第 4 个心跳包发送成功
[02:09:57 INF] 【直播间】4015781 的第 4 个心跳包发送成功
[02:09:58 INF] 【直播间】9619073 的第 4 个心跳包发送成功
[02:09:59 INF] 【直播间】407149 的第 4 个心跳包发送成功
[02:10:01 INF] 【直播间】7184632 的第 4 个心跳包发送成功
[02:10:02 INF] 【直播间】11732699 的第 4 个心跳包发送成功
[02:10:03 INF] 【直播间】929670 的第 4 个心跳包发送成功
[02:10:04 INF] 【直播间】23447660 的第 4 个心跳包发送成功
[02:10:06 INF] 【直播间】91164 的第 4 个心跳包发送成功
[02:10:07 INF] 【直播间】22764265 的第 4 个心跳包发送成功
[02:11:00 INF] 【直播间】23357926 的第 5 个心跳包发送成功
[02:11:01 INF] 【直播间】23040372 的第 5 个心跳包发送成功
[02:11:02 INF] 【直播间】31494 的第 5 个心跳包发送成功
[02:11:03 INF] 【直播间】4015781 的第 5 个心跳包发送成功
[02:11:05 INF] 【直播间】9619073 的第 5 个心跳包发送成功
[02:11:06 INF] 【直播间】407149 的第 5 个心跳包发送成功
[02:11:07 INF] 【直播间】7184632 的第 5 个心跳包发送成功
[02:11:08 INF] 【直播间】11732699 的第 5 个心跳包发送成功
[02:11:10 INF] 【直播间】929670 的第 5 个心跳包发送成功
[02:11:11 INF] 【直播间】23447660 的第 5 个心跳包发送成功
[02:11:12 INF] 【直播间】91164 的第 5 个心跳包发送成功
[02:11:14 INF] 【直播间】22764265 的第 5 个心跳包发送成功
[02:12:06 INF] 【直播间】23357926 的第 6 个心跳包发送成功
[02:12:07 INF] 【直播间】23040372 的第 6 个心跳包发送成功
[02:12:09 INF] 【直播间】31494 的第 6 个心跳包发送成功
[02:12:10 INF] 【直播间】4015781 的第 6 个心跳包发送成功
[02:12:11 INF] 【直播间】9619073 的第 6 个心跳包发送成功
[02:12:12 INF] 【直播间】407149 的第 6 个心跳包发送成功
[02:12:14 INF] 【直播间】7184632 的第 6 个心跳包发送成功
[02:12:15 INF] 【直播间】11732699 的第 6 个心跳包发送成功
[02:12:16 INF] 【直播间】929670 的第 6 个心跳包发送成功
[02:12:17 INF] 【直播间】23447660 的第 6 个心跳包发送成功
[02:12:19 INF] 【直播间】91164 的第 6 个心跳包发送成功
[02:12:20 INF] 【直播间】22764265 的第 6 个心跳包发送成功
[02:13:13 INF] 【直播间】23357926 的第 7 个心跳包发送成功
[02:13:14 INF] 【直播间】23040372 的第 7 个心跳包发送成功
[02:13:15 INF] 【直播间】31494 的第 7 个心跳包发送成功
[02:13:16 INF] 【直播间】4015781 的第 7 个心跳包发送成功
[02:13:18 INF] 【直播间】9619073 的第 7 个心跳包发送成功
[02:13:19 INF] 【直播间】407149 的第 7 个心跳包发送成功
[02:13:20 INF] 【直播间】7184632 的第 7 个心跳包发送成功
[02:13:22 INF] 【直播间】11732699 的第 7 个心跳包发送成功
[02:13:23 INF] 【直播间】929670 的第 7 个心跳包发送成功
[02:13:24 INF] 【直播间】23447660 的第 7 个心跳包发送成功
[02:13:25 INF] 【直播间】91164 的第 7 个心跳包发送成功
[02:13:26 INF] 【直播间】22764265 的第 7 个心跳包发送成功
[02:14:19 INF] 【直播间】23357926 的第 8 个心跳包发送成功
[02:14:21 INF] 【直播间】23040372 的第 8 个心跳包发送成功
[02:14:22 INF] 【直播间】31494 的第 8 个心跳包发送成功
[02:14:23 INF] 【直播间】4015781 的第 8 个心跳包发送成功
[02:14:24 INF] 【直播间】9619073 的第 8 个心跳包发送成功
[02:14:25 INF] 【直播间】407149 的第 8 个心跳包发送成功
[02:14:27 INF] 【直播间】7184632 的第 8 个心跳包发送成功
[02:14:28 INF] 【直播间】11732699 的第 8 个心跳包发送成功
[02:14:29 INF] 【直播间】929670 的第 8 个心跳包发送成功
[02:14:31 INF] 【直播间】23447660 的第 8 个心跳包发送成功
[02:14:32 INF] 【直播间】91164 的第 8 个心跳包发送成功
[02:14:33 INF] 【直播间】22764265 的第 8 个心跳包发送成功
[02:15:26 INF] 【直播间】23357926 的第 9 个心跳包发送成功
[02:15:27 INF] 【直播间】23040372 的第 9 个心跳包发送成功
[02:15:28 INF] 【直播间】31494 的第 9 个心跳包发送成功
[02:15:29 INF] 【直播间】4015781 的第 9 个心跳包发送成功
[02:15:31 INF] 【直播间】9619073 的第 9 个心跳包发送成功
[02:15:32 INF] 【直播间】407149 的第 9 个心跳包发送成功
[02:15:33 INF] 【直播间】7184632 的第 9 个心跳包发送成功
[02:15:35 INF] 【直播间】11732699 的第 9 个心跳包发送成功
[02:15:36 INF] 【直播间】929670 的第 9 个心跳包发送成功
[02:15:37 INF] 【直播间】23447660 的第 9 个心跳包发送成功
[02:15:39 INF] 【直播间】91164 的第 9 个心跳包发送成功
[02:15:40 INF] 【直播间】22764265 的第 9 个心跳包发送成功
[02:16:32 INF] 【直播间】23357926 的第 10 个心跳包发送成功
[02:16:33 INF] 【直播间】23040372 的第 10 个心跳包发送成功
[02:16:35 INF] 【直播间】31494 的第 10 个心跳包发送成功
[02:16:36 INF] 【直播间】4015781 的第 10 个心跳包发送成功
[02:16:37 INF] 【直播间】9619073 的第 10 个心跳包发送成功
[02:16:38 INF] 【直播间】407149 的第 10 个心跳包发送成功
[02:16:40 INF] 【直播间】7184632 的第 10 个心跳包发送成功
[02:16:41 INF] 【直播间】11732699 的第 10 个心跳包发送成功
[02:16:42 INF] 【直播间】929670 的第 10 个心跳包发送成功
[02:16:44 INF] 【直播间】23447660 的第 10 个心跳包发送成功
[02:16:45 INF] 【直播间】91164 的第 10 个心跳包发送成功
[02:16:46 INF] 【直播间】22764265 的第 10 个心跳包发送成功
[02:17:39 INF] 【直播间】23357926 的第 11 个心跳包发送成功
[02:17:40 INF] 【直播间】23040372 的第 11 个心跳包发送成功
[02:17:41 INF] 【直播间】31494 的第 11 个心跳包发送成功
[02:17:42 INF] 【直播间】4015781 的第 11 个心跳包发送成功
[02:17:44 INF] 【直播间】9619073 的第 11 个心跳包发送成功
[02:17:45 INF] 【直播间】407149 的第 11 个心跳包发送成功
[02:17:46 INF] 【直播间】7184632 的第 11 个心跳包发送成功
[02:17:47 INF] 【直播间】11732699 的第 11 个心跳包发送成功
[02:17:49 INF] 【直播间】929670 的第 11 个心跳包发送成功
[02:17:50 INF] 【直播间】23447660 的第 11 个心跳包发送成功
[02:17:51 INF] 【直播间】91164 的第 11 个心跳包发送成功
[02:17:52 INF] 【直播间】22764265 的第 11 个心跳包发送成功
[02:18:45 INF] 【直播间】23357926 的第 12 个心跳包发送成功
[02:18:46 INF] 【直播间】23040372 的第 12 个心跳包发送成功
[02:18:48 INF] 【直播间】31494 的第 12 个心跳包发送成功
[02:18:49 INF] 【直播间】4015781 的第 12 个心跳包发送成功
[02:18:50 INF] 【直播间】9619073 的第 12 个心跳包发送成功
[02:18:51 INF] 【直播间】407149 的第 12 个心跳包发送成功
[02:18:53 INF] 【直播间】7184632 的第 12 个心跳包发送成功
[02:18:54 INF] 【直播间】11732699 的第 12 个心跳包发送成功
[02:18:55 INF] 【直播间】929670 的第 12 个心跳包发送成功
[02:18:56 INF] 【直播间】23447660 的第 12 个心跳包发送成功
[02:18:58 INF] 【直播间】91164 的第 12 个心跳包发送成功
[02:18:59 INF] 【直播间】22764265 的第 12 个心跳包发送成功
[02:19:52 INF] 【直播间】23357926 的第 13 个心跳包发送成功
[02:19:53 INF] 【直播间】23040372 的第 13 个心跳包发送成功
[02:19:54 INF] 【直播间】31494 的第 13 个心跳包发送成功
[02:19:56 INF] 【直播间】4015781 的第 13 个心跳包发送成功
[02:19:57 INF] 【直播间】9619073 的第 13 个心跳包发送成功
[02:19:58 INF] 【直播间】407149 的第 13 个心跳包发送成功
[02:19:59 INF] 【直播间】7184632 的第 13 个心跳包发送成功
[02:20:01 INF] 【直播间】11732699 的第 13 个心跳包发送成功
[02:20:02 INF] 【直播间】929670 的第 13 个心跳包发送成功
[02:20:03 INF] 【直播间】23447660 的第 13 个心跳包发送成功
[02:20:04 INF] 【直播间】91164 的第 13 个心跳包发送成功
[02:20:06 INF] 【直播间】22764265 的第 13 个心跳包发送成功
[02:20:58 INF] 【直播间】23357926 的第 14 个心跳包发送成功
[02:21:00 INF] 【直播间】23040372 的第 14 个心跳包发送成功
[02:21:01 INF] 【直播间】31494 的第 14 个心跳包发送成功
[02:21:02 INF] 【直播间】4015781 的第 14 个心跳包发送成功
[02:21:03 INF] 【直播间】9619073 的第 14 个心跳包发送成功
[02:21:05 INF] 【直播间】407149 的第 14 个心跳包发送成功
[02:21:06 INF] 【直播间】7184632 的第 14 个心跳包发送成功
[02:21:07 INF] 【直播间】11732699 的第 14 个心跳包发送成功
[02:21:08 INF] 【直播间】929670 的第 14 个心跳包发送成功
[02:21:10 INF] 【直播间】23447660 的第 14 个心跳包发送成功
[02:21:11 INF] 【直播间】91164 的第 14 个心跳包发送成功
[02:21:12 INF] 【直播间】22764265 的第 14 个心跳包发送成功
[02:22:05 ERR] 【心跳包】直播间 23357926 发送失败
[02:22:05 ERR] 【原因】time check failed
[02:22:06 ERR] 【心跳包】直播间 23040372 发送失败
[02:22:06 ERR] 【原因】time check failed
[02:22:08 ERR] 【心跳包】直播间 31494 发送失败
[02:22:08 ERR] 【原因】time check failed
[02:22:09 ERR] 【心跳包】直播间 4015781 发送失败
[02:22:09 ERR] 【原因】time check failed
[02:22:10 ERR] 【心跳包】直播间 9619073 发送失败
[02:22:10 ERR] 【原因】time check failed
[02:22:11 ERR] 【心跳包】直播间 407149 发送失败
[02:22:11 ERR] 【原因】time check failed
[02:22:12 ERR] 【心跳包】直播间 7184632 发送失败
[02:22:12 ERR] 【原因】time check failed
[02:22:14 ERR] 【心跳包】直播间 11732699 发送失败
[02:22:14 ERR] 【原因】time check failed
[02:22:15 ERR] 【心跳包】直播间 929670 发送失败
[02:22:15 ERR] 【原因】time check failed
[02:22:16 ERR] 【心跳包】直播间 23447660 发送失败
[02:22:16 ERR] 【原因】time check failed
[02:22:18 ERR] 【心跳包】直播间 91164 发送失败
[02:22:18 ERR] 【原因】time check failed
[02:22:19 ERR] 【心跳包】直播间 22764265 发送失败
[02:22:19 ERR] 【原因】time check failed
[02:23:12 INF] 【直播间】23357926 的第 15 个心跳包发送成功
[02:23:13 INF] 【直播间】23040372 的第 15 个心跳包发送成功
[02:23:14 INF] 【直播间】31494 的第 15 个心跳包发送成功
[02:23:16 INF] 【直播间】4015781 的第 15 个心跳包发送成功
[02:23:17 INF] 【直播间】9619073 的第 15 个心跳包发送成功
[02:23:18 INF] 【直播间】407149 的第 15 个心跳包发送成功
[02:23:19 INF] 【直播间】7184632 的第 15 个心跳包发送成功
[02:23:21 INF] 【直播间】11732699 的第 15 个心跳包发送成功
[02:23:22 INF] 【直播间】929670 的第 15 个心跳包发送成功
[02:23:23 INF] 【直播间】23447660 的第 15 个心跳包发送成功
[02:23:24 INF] 【直播间】91164 的第 15 个心跳包发送成功
[02:23:26 INF] 【直播间】22764265 的第 15 个心跳包发送成功
[02:24:18 INF] 【直播间】23357926 的第 16 个心跳包发送成功
[02:24:20 INF] 【直播间】23040372 的第 16 个心跳包发送成功
[02:24:21 INF] 【直播间】31494 的第 16 个心跳包发送成功
[02:24:22 INF] 【直播间】4015781 的第 16 个心跳包发送成功
[02:24:23 INF] 【直播间】9619073 的第 16 个心跳包发送成功
[02:24:24 INF] 【直播间】407149 的第 16 个心跳包发送成功
[02:24:26 INF] 【直播间】7184632 的第 16 个心跳包发送成功
[02:24:27 INF] 【直播间】11732699 的第 16 个心跳包发送成功
[02:24:28 INF] 【直播间】929670 的第 16 个心跳包发送成功
[02:24:29 INF] 【直播间】23447660 的第 16 个心跳包发送成功
[02:24:31 INF] 【直播间】91164 的第 16 个心跳包发送成功
[02:24:32 INF] 【直播间】22764265 的第 16 个心跳包发送成功
[02:25:25 INF] 【直播间】23357926 的第 17 个心跳包发送成功
[02:25:26 INF] 【直播间】23040372 的第 17 个心跳包发送成功
[02:25:28 INF] 【直播间】31494 的第 17 个心跳包发送成功
[02:25:29 INF] 【直播间】4015781 的第 17 个心跳包发送成功
[02:25:30 INF] 【直播间】9619073 的第 17 个心跳包发送成功
[02:25:31 INF] 【直播间】407149 的第 17 个心跳包发送成功
[02:25:33 INF] 【直播间】7184632 的第 17 个心跳包发送成功
[02:25:34 INF] 【直播间】11732699 的第 17 个心跳包发送成功
[02:25:35 INF] 【直播间】929670 的第 17 个心跳包发送成功
[02:25:36 INF] 【直播间】23447660 的第 17 个心跳包发送成功
[02:25:38 INF] 【直播间】91164 的第 17 个心跳包发送成功
[02:25:39 INF] 【直播间】22764265 的第 17 个心跳包发送成功
[02:26:32 INF] 【直播间】23357926 的第 18 个心跳包发送成功
[02:26:33 INF] 【直播间】23040372 的第 18 个心跳包发送成功
[02:26:34 INF] 【直播间】31494 的第 18 个心跳包发送成功
[02:26:35 INF] 【直播间】4015781 的第 18 个心跳包发送成功
[02:26:36 INF] 【直播间】9619073 的第 18 个心跳包发送成功
[02:26:38 INF] 【直播间】407149 的第 18 个心跳包发送成功
[02:26:39 INF] 【直播间】7184632 的第 18 个心跳包发送成功
[02:26:40 INF] 【直播间】11732699 的第 18 个心跳包发送成功
[02:26:42 INF] 【直播间】929670 的第 18 个心跳包发送成功
[02:26:43 INF] 【直播间】23447660 的第 18 个心跳包发送成功
[02:26:44 INF] 【直播间】91164 的第 18 个心跳包发送成功
[02:26:45 INF] 【直播间】22764265 的第 18 个心跳包发送成功
[02:27:38 INF] 【直播间】23357926 的第 19 个心跳包发送成功
[02:27:39 INF] 【直播间】23040372 的第 19 个心跳包发送成功
[02:27:41 INF] 【直播间】31494 的第 19 个心跳包发送成功
[02:27:42 INF] 【直播间】4015781 的第 19 个心跳包发送成功
[02:27:43 INF] 【直播间】9619073 的第 19 个心跳包发送成功
[02:27:44 INF] 【直播间】407149 的第 19 个心跳包发送成功
[02:27:46 INF] 【直播间】7184632 的第 19 个心跳包发送成功
[02:27:47 INF] 【直播间】11732699 的第 19 个心跳包发送成功
[02:27:48 INF] 【直播间】929670 的第 19 个心跳包发送成功
[02:27:49 INF] 【直播间】23447660 的第 19 个心跳包发送成功
[02:27:51 INF] 【直播间】91164 的第 19 个心跳包发送成功
[02:27:52 INF] 【直播间】22764265 的第 19 个心跳包发送成功
[02:28:45 INF] 【直播间】23357926 的第 20 个心跳包发送成功
[02:28:46 INF] 【直播间】23040372 的第 20 个心跳包发送成功
[02:28:47 INF] 【直播间】31494 的第 20 个心跳包发送成功
[02:28:48 INF] 【直播间】4015781 的第 20 个心跳包发送成功
[02:28:50 INF] 【直播间】9619073 的第 20 个心跳包发送成功
[02:28:51 INF] 【直播间】407149 的第 20 个心跳包发送成功
[02:28:52 INF] 【直播间】7184632 的第 20 个心跳包发送成功
[02:28:53 INF] 【直播间】11732699 的第 20 个心跳包发送成功
[02:28:55 INF] 【直播间】929670 的第 20 个心跳包发送成功
[02:28:56 INF] 【直播间】23447660 的第 20 个心跳包发送成功
[02:28:57 INF] 【直播间】91164 的第 20 个心跳包发送成功
[02:28:58 INF] 【直播间】22764265 的第 20 个心跳包发送成功
[02:29:51 INF] 【直播间】23357926 的第 21 个心跳包发送成功
[02:29:52 INF] 【直播间】23040372 的第 21 个心跳包发送成功
[02:29:54 INF] 【直播间】31494 的第 21 个心跳包发送成功
[02:29:55 INF] 【直播间】4015781 的第 21 个心跳包发送成功
[02:29:56 INF] 【直播间】9619073 的第 21 个心跳包发送成功
[02:29:57 INF] 【直播间】407149 的第 21 个心跳包发送成功
[02:29:59 INF] 【直播间】7184632 的第 21 个心跳包发送成功
[02:30:00 INF] 【直播间】11732699 的第 21 个心跳包发送成功
[02:30:01 INF] 【直播间】929670 的第 21 个心跳包发送成功
[02:30:02 INF] 【直播间】23447660 的第 21 个心跳包发送成功
[02:30:04 INF] 【直播间】91164 的第 21 个心跳包发送成功
[02:30:05 INF] 【直播间】22764265 的第 21 个心跳包发送成功
[02:30:58 INF] 【直播间】23357926 的第 22 个心跳包发送成功
[02:30:59 INF] 【直播间】23040372 的第 22 个心跳包发送成功
[02:31:01 INF] 【直播间】31494 的第 22 个心跳包发送成功
[02:31:02 INF] 【直播间】4015781 的第 22 个心跳包发送成功
[02:31:03 INF] 【直播间】9619073 的第 22 个心跳包发送成功
[02:31:04 INF] 【直播间】407149 的第 22 个心跳包发送成功
[02:31:05 INF] 【直播间】7184632 的第 22 个心跳包发送成功
[02:31:07 INF] 【直播间】11732699 的第 22 个心跳包发送成功
[02:31:08 INF] 【直播间】929670 的第 22 个心跳包发送成功
[02:31:09 INF] 【直播间】23447660 的第 22 个心跳包发送成功
[02:31:11 INF] 【直播间】91164 的第 22 个心跳包发送成功
[02:31:12 INF] 【直播间】22764265 的第 22 个心跳包发送成功
[02:32:05 INF] 【直播间】23357926 的第 23 个心跳包发送成功
[02:32:06 INF] 【直播间】23040372 的第 23 个心跳包发送成功
[02:32:07 INF] 【直播间】31494 的第 23 个心跳包发送成功
[02:32:08 INF] 【直播间】4015781 的第 23 个心跳包发送成功
[02:32:10 INF] 【直播间】9619073 的第 23 个心跳包发送成功
[02:32:11 INF] 【直播间】407149 的第 23 个心跳包发送成功
[02:32:12 INF] 【直播间】7184632 的第 23 个心跳包发送成功
[02:32:14 INF] 【直播间】11732699 的第 23 个心跳包发送成功
[02:32:15 INF] 【直播间】929670 的第 23 个心跳包发送成功
[02:32:16 INF] 【直播间】23447660 的第 23 个心跳包发送成功
[02:32:17 INF] 【直播间】91164 的第 23 个心跳包发送成功
[02:32:19 INF] 【直播间】22764265 的第 23 个心跳包发送成功
[02:33:11 INF] 【直播间】23357926 的第 24 个心跳包发送成功
[02:33:12 INF] 【直播间】23040372 的第 24 个心跳包发送成功
[02:33:14 INF] 【直播间】31494 的第 24 个心跳包发送成功
[02:33:15 INF] 【直播间】4015781 的第 24 个心跳包发送成功
[02:33:16 INF] 【直播间】9619073 的第 24 个心跳包发送成功
[02:33:17 INF] 【直播间】407149 的第 24 个心跳包发送成功
[02:33:19 INF] 【直播间】7184632 的第 24 个心跳包发送成功
[02:33:20 INF] 【直播间】11732699 的第 24 个心跳包发送成功
[02:33:21 INF] 【直播间】929670 的第 24 个心跳包发送成功
[02:33:22 INF] 【直播间】23447660 的第 24 个心跳包发送成功
[02:33:24 INF] 【直播间】91164 的第 24 个心跳包发送成功
[02:33:25 INF] 【直播间】22764265 的第 24 个心跳包发送成功
[02:34:18 INF] 【直播间】23357926 的第 25 个心跳包发送成功
[02:34:19 INF] 【直播间】23040372 的第 25 个心跳包发送成功
[02:34:20 INF] 【直播间】31494 的第 25 个心跳包发送成功
[02:34:21 INF] 【直播间】4015781 的第 25 个心跳包发送成功
[02:34:23 INF] 【直播间】9619073 的第 25 个心跳包发送成功
[02:34:24 INF] 【直播间】407149 的第 25 个心跳包发送成功
[02:34:25 INF] 【直播间】7184632 的第 25 个心跳包发送成功
[02:34:26 INF] 【直播间】11732699 的第 25 个心跳包发送成功
[02:34:28 INF] 【直播间】929670 的第 25 个心跳包发送成功
[02:34:29 INF] 【直播间】23447660 的第 25 个心跳包发送成功
[02:34:30 INF] 【直播间】91164 的第 25 个心跳包发送成功
[02:34:31 INF] 【直播间】22764265 的第 25 个心跳包发送成功
[02:35:24 INF] 【直播间】23357926 的第 26 个心跳包发送成功
[02:35:25 INF] 【直播间】23040372 的第 26 个心跳包发送成功
[02:35:27 INF] 【直播间】31494 的第 26 个心跳包发送成功
[02:35:28 INF] 【直播间】4015781 的第 26 个心跳包发送成功
[02:35:29 INF] 【直播间】9619073 的第 26 个心跳包发送成功
[02:35:30 INF] 【直播间】407149 的第 26 个心跳包发送成功
[02:35:32 INF] 【直播间】7184632 的第 26 个心跳包发送成功
[02:35:33 INF] 【直播间】11732699 的第 26 个心跳包发送成功
[02:35:34 INF] 【直播间】929670 的第 26 个心跳包发送成功
[02:35:35 INF] 【直播间】23447660 的第 26 个心跳包发送成功
[02:35:37 INF] 【直播间】91164 的第 26 个心跳包发送成功
[02:35:38 INF] 【直播间】22764265 的第 26 个心跳包发送成功
[02:36:31 INF] 【直播间】23357926 的第 27 个心跳包发送成功
[02:36:32 INF] 【直播间】23040372 的第 27 个心跳包发送成功
[02:36:33 INF] 【直播间】31494 的第 27 个心跳包发送成功
[02:36:35 INF] 【直播间】4015781 的第 27 个心跳包发送成功
[02:36:36 INF] 【直播间】9619073 的第 27 个心跳包发送成功
[02:36:37 INF] 【直播间】407149 的第 27 个心跳包发送成功
[02:36:38 INF] 【直播间】7184632 的第 27 个心跳包发送成功
[02:36:40 INF] 【直播间】11732699 的第 27 个心跳包发送成功
[02:36:41 INF] 【直播间】929670 的第 27 个心跳包发送成功
[02:36:42 INF] 【直播间】23447660 的第 27 个心跳包发送成功
[02:36:43 INF] 【直播间】91164 的第 27 个心跳包发送成功
[02:36:45 INF] 【直播间】22764265 的第 27 个心跳包发送成功
[02:37:37 ERR] 【心跳包】直播间 23357926 发送失败
[02:37:37 ERR] 【原因】time check failed
[02:37:39 ERR] 【心跳包】直播间 23040372 发送失败
[02:37:39 ERR] 【原因】time check failed
[02:37:40 ERR] 【心跳包】直播间 31494 发送失败
[02:37:40 ERR] 【原因】time check failed
[02:37:41 ERR] 【心跳包】直播间 4015781 发送失败
[02:37:41 ERR] 【原因】time check failed
[02:37:42 ERR] 【心跳包】直播间 9619073 发送失败
[02:37:42 ERR] 【原因】time check failed
[02:37:44 ERR] 【心跳包】直播间 407149 发送失败
[02:37:44 ERR] 【原因】time check failed
[02:37:45 ERR] 【心跳包】直播间 7184632 发送失败
[02:37:45 ERR] 【原因】time check failed
[02:37:46 ERR] 【心跳包】直播间 11732699 发送失败
[02:37:46 ERR] 【原因】time check failed
[02:37:47 ERR] 【心跳包】直播间 929670 发送失败
[02:37:47 ERR] 【原因】time check failed
[02:37:49 ERR] 【心跳包】直播间 23447660 发送失败
[02:37:49 ERR] 【原因】time check failed
[02:37:50 ERR] 【心跳包】直播间 91164 发送失败
[02:37:50 ERR] 【原因】time check failed
[02:37:51 ERR] 【心跳包】直播间 22764265 发送失败
[02:37:51 ERR] 【原因】time check failed
[02:38:44 INF] 【直播间】23357926 的第 28 个心跳包发送成功
[02:38:45 INF] 【直播间】23040372 的第 28 个心跳包发送成功
[02:38:47 INF] 【直播间】31494 的第 28 个心跳包发送成功
[02:38:48 INF] 【直播间】4015781 的第 28 个心跳包发送成功
[02:38:49 INF] 【直播间】9619073 的第 28 个心跳包发送成功
[02:38:50 INF] 【直播间】407149 的第 28 个心跳包发送成功
[02:38:52 INF] 【直播间】7184632 的第 28 个心跳包发送成功
[02:38:53 INF] 【直播间】11732699 的第 28 个心跳包发送成功
[02:38:54 INF] 【直播间】929670 的第 28 个心跳包发送成功
[02:38:56 INF] 【直播间】23447660 的第 28 个心跳包发送成功
[02:38:57 INF] 【直播间】91164 的第 28 个心跳包发送成功
[02:38:58 INF] 【直播间】22764265 的第 28 个心跳包发送成功
[02:39:50 INF] 【直播间】23357926 的第 29 个心跳包发送成功
[02:39:52 INF] 【直播间】23040372 的第 29 个心跳包发送成功
[02:39:53 INF] 【直播间】31494 的第 29 个心跳包发送成功
[02:39:54 INF] 【直播间】4015781 的第 29 个心跳包发送成功
[02:39:56 INF] 【直播间】9619073 的第 29 个心跳包发送成功
[02:39:57 INF] 【直播间】407149 的第 29 个心跳包发送成功
[02:39:58 INF] 【直播间】7184632 的第 29 个心跳包发送成功
[02:39:59 INF] 【直播间】11732699 的第 29 个心跳包发送成功
[02:40:01 INF] 【直播间】929670 的第 29 个心跳包发送成功
[02:40:02 INF] 【直播间】23447660 的第 29 个心跳包发送成功
[02:40:03 INF] 【直播间】91164 的第 29 个心跳包发送成功
[02:40:04 INF] 【直播间】22764265 的第 29 个心跳包发送成功
[02:40:57 INF] 【直播间】23357926 的第 30 个心跳包发送成功
[02:40:58 INF] 【直播间】23040372 的第 30 个心跳包发送成功
[02:41:00 INF] 【直播间】31494 的第 30 个心跳包发送成功
[02:41:01 INF] 【直播间】4015781 的第 30 个心跳包发送成功
[02:41:02 INF] 【直播间】9619073 的第 30 个心跳包发送成功
[02:41:03 INF] 【直播间】407149 的第 30 个心跳包发送成功
[02:41:05 INF] 【直播间】7184632 的第 30 个心跳包发送成功
[02:41:06 INF] 【直播间】11732699 的第 30 个心跳包发送成功
[02:41:07 INF] 【直播间】929670 的第 30 个心跳包发送成功
[02:41:08 INF] 【直播间】23447660 的第 30 个心跳包发送成功
[02:41:10 INF] 【直播间】91164 的第 30 个心跳包发送成功
[02:41:11 INF] 【直播间】22764265 的第 30 个心跳包发送成功
[02:42:04 INF] 【直播间】23357926 的第 31 个心跳包发送成功
[02:42:05 INF] 【直播间】23040372 的第 31 个心跳包发送成功
[02:42:06 INF] 【直播间】31494 的第 31 个心跳包发送成功
[02:42:08 INF] 【直播间】4015781 的第 31 个心跳包发送成功
[02:42:09 INF] 【直播间】9619073 的第 31 个心跳包发送成功
[02:42:10 INF] 【直播间】407149 的第 31 个心跳包发送成功
[02:42:11 INF] 【直播间】7184632 的第 31 个心跳包发送成功
[02:42:13 INF] 【直播间】11732699 的第 31 个心跳包发送成功
[02:42:14 INF] 【直播间】929670 的第 31 个心跳包发送成功
[02:42:15 INF] 【直播间】23447660 的第 31 个心跳包发送成功
[02:42:17 INF] 【直播间】91164 的第 31 个心跳包发送成功
[02:42:18 INF] 【直播间】22764265 的第 31 个心跳包发送成功
[02:43:10 INF] 【直播间】23357926 的第 32 个心跳包发送成功
[02:43:12 INF] 【直播间】23040372 的第 32 个心跳包发送成功
[02:43:13 INF] 【直播间】31494 的第 32 个心跳包发送成功
[02:43:14 INF] 【直播间】4015781 的第 32 个心跳包发送成功
[02:43:15 INF] 【直播间】9619073 的第 32 个心跳包发送成功
[02:43:17 INF] 【直播间】407149 的第 32 个心跳包发送成功
[02:43:18 INF] 【直播间】7184632 的第 32 个心跳包发送成功
[02:43:19 INF] 【直播间】11732699 的第 32 个心跳包发送成功
[02:43:20 INF] 【直播间】929670 的第 32 个心跳包发送成功
[02:43:22 INF] 【直播间】23447660 的第 32 个心跳包发送成功
[02:43:23 INF] 【直播间】91164 的第 32 个心跳包发送成功
[02:43:24 INF] 【直播间】22764265 的第 32 个心跳包发送成功
[02:44:17 INF] 【直播间】23357926 的第 33 个心跳包发送成功
[02:44:18 INF] 【直播间】23040372 的第 33 个心跳包发送成功
[02:44:20 INF] 【直播间】31494 的第 33 个心跳包发送成功
[02:44:21 INF] 【直播间】4015781 的第 33 个心跳包发送成功
[02:44:22 INF] 【直播间】9619073 的第 33 个心跳包发送成功
[02:44:23 INF] 【直播间】407149 的第 33 个心跳包发送成功
[02:44:25 INF] 【直播间】7184632 的第 33 个心跳包发送成功
[02:44:26 INF] 【直播间】11732699 的第 33 个心跳包发送成功
[02:44:27 INF] 【直播间】929670 的第 33 个心跳包发送成功
[02:44:28 INF] 【直播间】23447660 的第 33 个心跳包发送成功
[02:44:30 INF] 【直播间】91164 的第 33 个心跳包发送成功
[02:44:31 INF] 【直播间】22764265 的第 33 个心跳包发送成功
[02:45:24 INF] 【直播间】23357926 的第 34 个心跳包发送成功
[02:45:25 INF] 【直播间】23040372 的第 34 个心跳包发送成功
[02:45:26 INF] 【直播间】31494 的第 34 个心跳包发送成功
[02:45:27 INF] 【直播间】4015781 的第 34 个心跳包发送成功
[02:45:29 INF] 【直播间】9619073 的第 34 个心跳包发送成功
[02:45:30 INF] 【直播间】407149 的第 34 个心跳包发送成功
[02:45:31 INF] 【直播间】7184632 的第 34 个心跳包发送成功
[02:45:32 INF] 【直播间】11732699 的第 34 个心跳包发送成功
[02:45:34 INF] 【直播间】929670 的第 34 个心跳包发送成功
[02:45:35 INF] 【直播间】23447660 的第 34 个心跳包发送成功
[02:45:36 INF] 【直播间】91164 的第 34 个心跳包发送成功
[02:45:38 INF] 【直播间】22764265 的第 34 个心跳包发送成功
[02:46:30 INF] 【直播间】23357926 的第 35 个心跳包发送成功
[02:46:31 INF] 【直播间】23040372 的第 35 个心跳包发送成功
[02:46:33 INF] 【直播间】31494 的第 35 个心跳包发送成功
[02:46:34 INF] 【直播间】4015781 的第 35 个心跳包发送成功
[02:46:35 INF] 【直播间】9619073 的第 35 个心跳包发送成功
[02:46:36 INF] 【直播间】407149 的第 35 个心跳包发送成功
[02:46:38 INF] 【直播间】7184632 的第 35 个心跳包发送成功
[02:46:39 INF] 【直播间】11732699 的第 35 个心跳包发送成功
[02:46:40 INF] 【直播间】929670 的第 35 个心跳包发送成功
[02:46:41 INF] 【直播间】23447660 的第 35 个心跳包发送成功
[02:46:43 INF] 【直播间】91164 的第 35 个心跳包发送成功
[02:46:44 INF] 【直播间】22764265 的第 35 个心跳包发送成功
[02:47:37 INF] 【直播间】23357926 的第 36 个心跳包发送成功
[02:47:38 INF] 【直播间】23040372 的第 36 个心跳包发送成功
[02:47:40 INF] 【直播间】31494 的第 36 个心跳包发送成功
[02:47:41 INF] 【直播间】4015781 的第 36 个心跳包发送成功
[02:47:42 INF] 【直播间】9619073 的第 36 个心跳包发送成功
[02:47:43 INF] 【直播间】407149 的第 36 个心跳包发送成功
[02:47:45 INF] 【直播间】7184632 的第 36 个心跳包发送成功
[02:47:46 INF] 【直播间】11732699 的第 36 个心跳包发送成功
[02:47:47 INF] 【直播间】929670 的第 36 个心跳包发送成功
[02:47:49 INF] 【直播间】23447660 的第 36 个心跳包发送成功
[02:47:50 INF] 【直播间】91164 的第 36 个心跳包发送成功
[02:47:51 INF] 【直播间】22764265 的第 36 个心跳包发送成功
[02:48:43 INF] 【直播间】23357926 的第 37 个心跳包发送成功
[02:48:45 INF] 【直播间】23040372 的第 37 个心跳包发送成功
[02:48:46 INF] 【直播间】31494 的第 37 个心跳包发送成功
[02:48:47 INF] 【直播间】4015781 的第 37 个心跳包发送成功
[02:48:48 INF] 【直播间】9619073 的第 37 个心跳包发送成功
[02:48:50 INF] 【直播间】407149 的第 37 个心跳包发送成功
[02:48:51 INF] 【直播间】7184632 的第 37 个心跳包发送成功
[02:48:52 INF] 【直播间】11732699 的第 37 个心跳包发送成功
[02:48:54 INF] 【直播间】929670 的第 37 个心跳包发送成功
[02:48:55 INF] 【直播间】23447660 的第 37 个心跳包发送成功
[02:48:56 INF] 【直播间】91164 的第 37 个心跳包发送成功
[02:48:58 INF] 【直播间】22764265 的第 37 个心跳包发送成功
[02:49:50 INF] 【直播间】23357926 的第 38 个心跳包发送成功
[02:49:51 INF] 【直播间】23040372 的第 38 个心跳包发送成功
[02:49:52 INF] 【直播间】31494 的第 38 个心跳包发送成功
[02:49:54 INF] 【直播间】4015781 的第 38 个心跳包发送成功
[02:49:55 INF] 【直播间】9619073 的第 38 个心跳包发送成功
[02:49:56 INF] 【直播间】407149 的第 38 个心跳包发送成功
[02:49:57 INF] 【直播间】7184632 的第 38 个心跳包发送成功
[02:49:59 INF] 【直播间】11732699 的第 38 个心跳包发送成功
[02:50:00 INF] 【直播间】929670 的第 38 个心跳包发送成功
[02:50:01 INF] 【直播间】23447660 的第 38 个心跳包发送成功
[02:50:03 INF] 【直播间】91164 的第 38 个心跳包发送成功
[02:50:04 INF] 【直播间】22764265 的第 38 个心跳包发送成功
[02:50:56 INF] 【直播间】23357926 的第 39 个心跳包发送成功
[02:50:58 INF] 【直播间】23040372 的第 39 个心跳包发送成功
[02:50:59 INF] 【直播间】31494 的第 39 个心跳包发送成功
[02:51:00 INF] 【直播间】4015781 的第 39 个心跳包发送成功
[02:51:01 INF] 【直播间】9619073 的第 39 个心跳包发送成功
[02:51:03 INF] 【直播间】407149 的第 39 个心跳包发送成功
[02:51:04 INF] 【直播间】7184632 的第 39 个心跳包发送成功
[02:51:05 INF] 【直播间】11732699 的第 39 个心跳包发送成功
[02:51:06 INF] 【直播间】929670 的第 39 个心跳包发送成功
[02:51:08 INF] 【直播间】23447660 的第 39 个心跳包发送成功
[02:51:09 INF] 【直播间】91164 的第 39 个心跳包发送成功
[02:51:11 INF] 【直播间】22764265 的第 39 个心跳包发送成功
[02:52:03 INF] 【直播间】23357926 的第 40 个心跳包发送成功
[02:52:04 INF] 【直播间】23040372 的第 40 个心跳包发送成功
[02:52:05 INF] 【直播间】31494 的第 40 个心跳包发送成功
[02:52:07 INF] 【直播间】4015781 的第 40 个心跳包发送成功
[02:52:08 INF] 【直播间】9619073 的第 40 个心跳包发送成功
[02:52:09 INF] 【直播间】407149 的第 40 个心跳包发送成功
[02:52:11 INF] 【直播间】7184632 的第 40 个心跳包发送成功
[02:52:12 INF] 【直播间】11732699 的第 40 个心跳包发送成功
[02:52:13 INF] 【直播间】929670 的第 40 个心跳包发送成功
[02:52:14 INF] 【直播间】23447660 的第 40 个心跳包发送成功
[02:52:16 INF] 【直播间】91164 的第 40 个心跳包发送成功
[02:52:17 INF] 【直播间】22764265 的第 40 个心跳包发送成功
[02:53:09 ERR] 【心跳包】直播间 23357926 发送失败
[02:53:09 ERR] 【原因】time check failed
[02:53:11 ERR] 【心跳包】直播间 23040372 发送失败
[02:53:11 ERR] 【原因】time check failed
[02:53:12 ERR] 【心跳包】直播间 31494 发送失败
[02:53:12 ERR] 【原因】time check failed
[02:53:13 ERR] 【心跳包】直播间 4015781 发送失败
[02:53:13 ERR] 【原因】time check failed
[02:53:14 ERR] 【心跳包】直播间 9619073 发送失败
[02:53:14 ERR] 【原因】time check failed
[02:53:16 ERR] 【心跳包】直播间 407149 发送失败
[02:53:16 ERR] 【原因】time check failed
[02:53:17 ERR] 【心跳包】直播间 7184632 发送失败
[02:53:17 ERR] 【原因】time check failed
[02:53:18 ERR] 【心跳包】直播间 11732699 发送失败
[02:53:18 ERR] 【原因】time check failed
[02:53:19 ERR] 【心跳包】直播间 929670 发送失败
[02:53:19 ERR] 【原因】time check failed
[02:53:21 ERR] 【心跳包】直播间 23447660 发送失败
[02:53:21 ERR] 【原因】time check failed
[02:53:22 ERR] 【心跳包】直播间 91164 发送失败
[02:53:22 ERR] 【原因】time check failed
[02:53:23 ERR] 【心跳包】直播间 22764265 发送失败
[02:53:23 ERR] 【原因】time check failed
[02:54:16 INF] 【直播间】23357926 的第 41 个心跳包发送成功
[02:54:17 INF] 【直播间】23040372 的第 41 个心跳包发送成功
[02:54:18 INF] 【直播间】31494 的第 41 个心跳包发送成功
[02:54:20 INF] 【直播间】4015781 的第 41 个心跳包发送成功
[02:54:21 INF] 【直播间】9619073 的第 41 个心跳包发送成功
[02:54:22 INF] 【直播间】407149 的第 41 个心跳包发送成功
[02:54:24 INF] 【直播间】7184632 的第 41 个心跳包发送成功
[02:54:25 INF] 【直播间】11732699 的第 41 个心跳包发送成功
[02:54:26 INF] 【直播间】929670 的第 41 个心跳包发送成功
[02:54:27 INF] 【直播间】23447660 的第 41 个心跳包发送成功
[02:54:28 INF] 【直播间】91164 的第 41 个心跳包发送成功
[02:54:30 INF] 【直播间】22764265 的第 41 个心跳包发送成功
[02:55:23 INF] 【直播间】23357926 的第 42 个心跳包发送成功
[02:55:24 INF] 【直播间】23040372 的第 42 个心跳包发送成功
[02:55:25 INF] 【直播间】31494 的第 42 个心跳包发送成功
[02:55:26 INF] 【直播间】4015781 的第 42 个心跳包发送成功
[02:55:28 INF] 【直播间】9619073 的第 42 个心跳包发送成功
[02:55:29 INF] 【直播间】407149 的第 42 个心跳包发送成功
[02:55:30 INF] 【直播间】7184632 的第 42 个心跳包发送成功
[02:55:31 INF] 【直播间】11732699 的第 42 个心跳包发送成功
[02:55:32 INF] 【直播间】929670 的第 42 个心跳包发送成功
[02:55:34 INF] 【直播间】23447660 的第 42 个心跳包发送成功
[02:55:35 INF] 【直播间】91164 的第 42 个心跳包发送成功
[02:55:36 INF] 【直播间】22764265 的第 42 个心跳包发送成功
[02:56:29 INF] 【直播间】23357926 的第 43 个心跳包发送成功
[02:56:30 INF] 【直播间】23040372 的第 43 个心跳包发送成功
[02:56:32 INF] 【直播间】31494 的第 43 个心跳包发送成功
[02:56:33 INF] 【直播间】4015781 的第 43 个心跳包发送成功
[02:56:34 INF] 【直播间】9619073 的第 43 个心跳包发送成功
[02:56:36 INF] 【直播间】407149 的第 43 个心跳包发送成功
[02:56:37 INF] 【直播间】7184632 的第 43 个心跳包发送成功
[02:56:38 INF] 【直播间】11732699 的第 43 个心跳包发送成功
[02:56:39 INF] 【直播间】929670 的第 43 个心跳包发送成功
[02:56:41 INF] 【直播间】23447660 的第 43 个心跳包发送成功
[02:56:42 INF] 【直播间】91164 的第 43 个心跳包发送成功
[02:56:43 INF] 【直播间】22764265 的第 43 个心跳包发送成功
[02:57:36 INF] 【直播间】23357926 的第 44 个心跳包发送成功
[02:57:37 INF] 【直播间】23040372 的第 44 个心跳包发送成功
[02:57:38 INF] 【直播间】31494 的第 44 个心跳包发送成功
[02:57:39 INF] 【直播间】4015781 的第 44 个心跳包发送成功
[02:57:41 INF] 【直播间】9619073 的第 44 个心跳包发送成功
[02:57:42 INF] 【直播间】407149 的第 44 个心跳包发送成功
[02:57:43 INF] 【直播间】7184632 的第 44 个心跳包发送成功
[02:57:44 INF] 【直播间】11732699 的第 44 个心跳包发送成功
[02:57:46 INF] 【直播间】929670 的第 44 个心跳包发送成功
[02:57:47 INF] 【直播间】23447660 的第 44 个心跳包发送成功
[02:57:48 INF] 【直播间】91164 的第 44 个心跳包发送成功
[02:57:49 INF] 【直播间】22764265 的第 44 个心跳包发送成功
[02:58:42 INF] 【直播间】23357926 的第 45 个心跳包发送成功
[02:58:43 INF] 【直播间】23040372 的第 45 个心跳包发送成功
[02:58:45 INF] 【直播间】31494 的第 45 个心跳包发送成功
[02:58:46 INF] 【直播间】4015781 的第 45 个心跳包发送成功
[02:58:47 INF] 【直播间】9619073 的第 45 个心跳包发送成功
[02:58:49 INF] 【直播间】407149 的第 45 个心跳包发送成功
[02:58:50 INF] 【直播间】7184632 的第 45 个心跳包发送成功
[02:58:51 INF] 【直播间】11732699 的第 45 个心跳包发送成功
[02:58:53 INF] 【直播间】929670 的第 45 个心跳包发送成功
[02:58:54 INF] 【直播间】23447660 的第 45 个心跳包发送成功
[02:58:55 INF] 【直播间】91164 的第 45 个心跳包发送成功
[02:58:56 INF] 【直播间】22764265 的第 45 个心跳包发送成功
[02:59:49 INF] 【直播间】23357926 的第 46 个心跳包发送成功
[02:59:50 INF] 【直播间】23040372 的第 46 个心跳包发送成功
[02:59:51 INF] 【直播间】31494 的第 46 个心跳包发送成功
[02:59:53 INF] 【直播间】4015781 的第 46 个心跳包发送成功
[02:59:54 INF] 【直播间】9619073 的第 46 个心跳包发送成功
[02:59:55 INF] 【直播间】407149 的第 46 个心跳包发送成功
[02:59:56 INF] 【直播间】7184632 的第 46 个心跳包发送成功
[02:59:58 INF] 【直播间】11732699 的第 46 个心跳包发送成功
[02:59:59 INF] 【直播间】929670 的第 46 个心跳包发送成功
[03:00:00 INF] 【直播间】23447660 的第 46 个心跳包发送成功
[03:00:01 INF] 【直播间】91164 的第 46 个心跳包发送成功
[03:00:03 INF] 【直播间】22764265 的第 46 个心跳包发送成功
[03:00:55 INF] 【直播间】23357926 的第 47 个心跳包发送成功
[03:00:57 INF] 【直播间】23040372 的第 47 个心跳包发送成功
[03:00:58 INF] 【直播间】31494 的第 47 个心跳包发送成功
[03:00:59 INF] 【直播间】4015781 的第 47 个心跳包发送成功
[03:01:00 INF] 【直播间】9619073 的第 47 个心跳包发送成功
[03:01:02 INF] 【直播间】407149 的第 47 个心跳包发送成功
[03:01:03 INF] 【直播间】7184632 的第 47 个心跳包发送成功
[03:01:04 INF] 【直播间】11732699 的第 47 个心跳包发送成功
[03:01:05 INF] 【直播间】929670 的第 47 个心跳包发送成功
[03:01:07 INF] 【直播间】23447660 的第 47 个心跳包发送成功
[03:01:08 INF] 【直播间】91164 的第 47 个心跳包发送成功
[03:01:09 INF] 【直播间】22764265 的第 47 个心跳包发送成功
[03:02:02 INF] 【直播间】23357926 的第 48 个心跳包发送成功
[03:02:03 INF] 【直播间】23040372 的第 48 个心跳包发送成功
[03:02:04 INF] 【直播间】31494 的第 48 个心跳包发送成功
[03:02:06 INF] 【直播间】4015781 的第 48 个心跳包发送成功
[03:02:07 INF] 【直播间】9619073 的第 48 个心跳包发送成功
[03:02:08 INF] 【直播间】407149 的第 48 个心跳包发送成功
[03:02:09 INF] 【直播间】7184632 的第 48 个心跳包发送成功
[03:02:11 INF] 【直播间】11732699 的第 48 个心跳包发送成功
[03:02:12 INF] 【直播间】929670 的第 48 个心跳包发送成功
[03:02:13 INF] 【直播间】23447660 的第 48 个心跳包发送成功
[03:02:14 INF] 【直播间】91164 的第 48 个心跳包发送成功
[03:02:16 INF] 【直播间】22764265 的第 48 个心跳包发送成功
[03:03:08 INF] 【直播间】23357926 的第 49 个心跳包发送成功
[03:03:10 INF] 【直播间】23040372 的第 49 个心跳包发送成功
[03:03:11 INF] 【直播间】31494 的第 49 个心跳包发送成功
[03:03:12 INF] 【直播间】4015781 的第 49 个心跳包发送成功
[03:03:13 INF] 【直播间】9619073 的第 49 个心跳包发送成功
[03:03:15 INF] 【直播间】407149 的第 49 个心跳包发送成功
[03:03:16 INF] 【直播间】7184632 的第 49 个心跳包发送成功
[03:03:17 INF] 【直播间】11732699 的第 49 个心跳包发送成功
[03:03:18 INF] 【直播间】929670 的第 49 个心跳包发送成功
[03:03:20 INF] 【直播间】23447660 的第 49 个心跳包发送成功
[03:03:21 INF] 【直播间】91164 的第 49 个心跳包发送成功
[03:03:22 INF] 【直播间】22764265 的第 49 个心跳包发送成功
[03:04:15 INF] 【直播间】23357926 的第 50 个心跳包发送成功
[03:04:16 INF] 【直播间】23040372 的第 50 个心跳包发送成功
[03:04:17 INF] 【直播间】31494 的第 50 个心跳包发送成功
[03:04:19 INF] 【直播间】4015781 的第 50 个心跳包发送成功
[03:04:20 INF] 【直播间】9619073 的第 50 个心跳包发送成功
[03:04:21 INF] 【直播间】407149 的第 50 个心跳包发送成功
[03:04:23 INF] 【直播间】7184632 的第 50 个心跳包发送成功
[03:04:24 INF] 【直播间】11732699 的第 50 个心跳包发送成功
[03:04:25 INF] 【直播间】929670 的第 50 个心跳包发送成功
[03:04:26 INF] 【直播间】23447660 的第 50 个心跳包发送成功
[03:04:28 INF] 【直播间】91164 的第 50 个心跳包发送成功
[03:04:29 INF] 【直播间】22764265 的第 50 个心跳包发送成功
[03:05:22 INF] 【直播间】23357926 的第 51 个心跳包发送成功
[03:05:23 INF] 【直播间】23040372 的第 51 个心跳包发送成功
[03:05:24 INF] 【直播间】31494 的第 51 个心跳包发送成功
[03:05:26 INF] 【直播间】4015781 的第 51 个心跳包发送成功
[03:05:27 INF] 【直播间】9619073 的第 51 个心跳包发送成功
[03:05:28 INF] 【直播间】407149 的第 51 个心跳包发送成功
[03:05:30 INF] 【直播间】7184632 的第 51 个心跳包发送成功
[03:05:31 INF] 【直播间】11732699 的第 51 个心跳包发送成功
[03:05:32 INF] 【直播间】929670 的第 51 个心跳包发送成功
[03:05:33 INF] 【直播间】23447660 的第 51 个心跳包发送成功
[03:05:35 INF] 【直播间】91164 的第 51 个心跳包发送成功
[03:05:36 INF] 【直播间】22764265 的第 51 个心跳包发送成功
[03:06:28 INF] 【直播间】23357926 的第 52 个心跳包发送成功
[03:06:30 INF] 【直播间】23040372 的第 52 个心跳包发送成功
[03:06:31 INF] 【直播间】31494 的第 52 个心跳包发送成功
[03:06:32 INF] 【直播间】4015781 的第 52 个心跳包发送成功
[03:06:33 INF] 【直播间】9619073 的第 52 个心跳包发送成功
[03:06:35 INF] 【直播间】407149 的第 52 个心跳包发送成功
[03:06:36 INF] 【直播间】7184632 的第 52 个心跳包发送成功
[03:06:37 INF] 【直播间】11732699 的第 52 个心跳包发送成功
[03:06:38 INF] 【直播间】929670 的第 52 个心跳包发送成功
[03:06:40 INF] 【直播间】23447660 的第 52 个心跳包发送成功
[03:06:41 INF] 【直播间】91164 的第 52 个心跳包发送成功
[03:06:42 INF] 【直播间】22764265 的第 52 个心跳包发送成功
[03:07:35 INF] 【直播间】23357926 的第 53 个心跳包发送成功
[03:07:36 INF] 【直播间】23040372 的第 53 个心跳包发送成功
[03:07:37 INF] 【直播间】31494 的第 53 个心跳包发送成功
[03:07:39 INF] 【直播间】4015781 的第 53 个心跳包发送成功
[03:07:40 INF] 【直播间】9619073 的第 53 个心跳包发送成功
[03:07:41 INF] 【直播间】407149 的第 53 个心跳包发送成功
[03:07:42 INF] 【直播间】7184632 的第 53 个心跳包发送成功
[03:07:43 INF] 【直播间】11732699 的第 53 个心跳包发送成功
[03:07:45 INF] 【直播间】929670 的第 53 个心跳包发送成功
[03:07:46 INF] 【直播间】23447660 的第 53 个心跳包发送成功
[03:07:47 INF] 【直播间】91164 的第 53 个心跳包发送成功
[03:07:48 INF] 【直播间】22764265 的第 53 个心跳包发送成功
[03:08:41 ERR] 【心跳包】直播间 23357926 发送失败
[03:08:41 ERR] 【原因】time check failed
[03:08:43 ERR] 【心跳包】直播间 23040372 发送失败
[03:08:43 ERR] 【原因】time check failed
[03:08:44 ERR] 【心跳包】直播间 31494 发送失败
[03:08:44 ERR] 【原因】time check failed
[03:08:45 ERR] 【心跳包】直播间 4015781 发送失败
[03:08:45 ERR] 【原因】time check failed
[03:08:46 ERR] 【心跳包】直播间 9619073 发送失败
[03:08:46 ERR] 【原因】time check failed
[03:08:48 ERR] 【心跳包】直播间 407149 发送失败
[03:08:48 ERR] 【原因】time check failed
[03:08:49 ERR] 【心跳包】直播间 7184632 发送失败
[03:08:49 ERR] 【原因】time check failed
[03:08:50 ERR] 【心跳包】直播间 11732699 发送失败
[03:08:50 ERR] 【原因】time check failed
[03:08:51 ERR] 【心跳包】直播间 929670 发送失败
[03:08:51 ERR] 【原因】time check failed
[03:08:53 ERR] 【心跳包】直播间 23447660 发送失败
[03:08:53 ERR] 【原因】time check failed
[03:08:54 ERR] 【心跳包】直播间 91164 发送失败
[03:08:54 ERR] 【原因】time check failed
[03:08:55 ERR] 【心跳包】直播间 22764265 发送失败
[03:08:55 ERR] 【原因】time check failed
[03:09:48 INF] 【直播间】23357926 的第 54 个心跳包发送成功
[03:09:49 INF] 【直播间】23040372 的第 54 个心跳包发送成功
[03:09:50 INF] 【直播间】31494 的第 54 个心跳包发送成功
[03:09:52 INF] 【直播间】4015781 的第 54 个心跳包发送成功
[03:09:53 INF] 【直播间】9619073 的第 54 个心跳包发送成功
[03:09:54 INF] 【直播间】407149 的第 54 个心跳包发送成功
[03:09:55 INF] 【直播间】7184632 的第 54 个心跳包发送成功
[03:09:57 INF] 【直播间】11732699 的第 54 个心跳包发送成功
[03:09:58 INF] 【直播间】929670 的第 54 个心跳包发送成功
[03:09:59 INF] 【直播间】23447660 的第 54 个心跳包发送成功
[03:10:00 INF] 【直播间】91164 的第 54 个心跳包发送成功
[03:10:02 INF] 【直播间】22764265 的第 54 个心跳包发送成功
[03:10:55 INF] 【直播间】23357926 的第 55 个心跳包发送成功
[03:10:56 INF] 【直播间】23040372 的第 55 个心跳包发送成功
[03:10:57 INF] 【直播间】31494 的第 55 个心跳包发送成功
[03:10:58 INF] 【直播间】4015781 的第 55 个心跳包发送成功
[03:11:00 INF] 【直播间】9619073 的第 55 个心跳包发送成功
[03:11:01 INF] 【直播间】407149 的第 55 个心跳包发送成功
[03:11:02 INF] 【直播间】7184632 的第 55 个心跳包发送成功
[03:11:03 INF] 【直播间】11732699 的第 55 个心跳包发送成功
[03:11:05 INF] 【直播间】929670 的第 55 个心跳包发送成功
[03:11:06 INF] 【直播间】23447660 的第 55 个心跳包发送成功
[03:11:07 INF] 【直播间】91164 的第 55 个心跳包发送成功
[03:11:09 INF] 【直播间】22764265 的第 55 个心跳包发送成功
[03:12:01 INF] 【直播间】23357926 的第 56 个心跳包发送成功
[03:12:02 INF] 【直播间】23040372 的第 56 个心跳包发送成功
[03:12:04 INF] 【直播间】31494 的第 56 个心跳包发送成功
[03:12:05 INF] 【直播间】4015781 的第 56 个心跳包发送成功
[03:12:06 INF] 【直播间】9619073 的第 56 个心跳包发送成功
[03:12:07 INF] 【直播间】407149 的第 56 个心跳包发送成功
[03:12:09 INF] 【直播间】7184632 的第 56 个心跳包发送成功
[03:12:10 INF] 【直播间】11732699 的第 56 个心跳包发送成功
[03:12:11 INF] 【直播间】929670 的第 56 个心跳包发送成功
[03:12:12 INF] 【直播间】23447660 的第 56 个心跳包发送成功
[03:12:14 INF] 【直播间】91164 的第 56 个心跳包发送成功
[03:12:15 INF] 【直播间】22764265 的第 56 个心跳包发送成功
[03:13:08 INF] 【直播间】23357926 的第 57 个心跳包发送成功
[03:13:09 INF] 【直播间】23040372 的第 57 个心跳包发送成功
[03:13:10 INF] 【直播间】31494 的第 57 个心跳包发送成功
[03:13:12 INF] 【直播间】4015781 的第 57 个心跳包发送成功
[03:13:13 INF] 【直播间】9619073 的第 57 个心跳包发送成功
[03:13:14 INF] 【直播间】407149 的第 57 个心跳包发送成功
[03:13:15 INF] 【直播间】7184632 的第 57 个心跳包发送成功
[03:13:16 INF] 【直播间】11732699 的第 57 个心跳包发送成功
[03:13:18 INF] 【直播间】929670 的第 57 个心跳包发送成功
[03:13:19 INF] 【直播间】23447660 的第 57 个心跳包发送成功
[03:13:20 INF] 【直播间】91164 的第 57 个心跳包发送成功
[03:13:21 INF] 【直播间】22764265 的第 57 个心跳包发送成功
[03:14:14 INF] 【直播间】23357926 的第 58 个心跳包发送成功
[03:14:15 INF] 【直播间】23040372 的第 58 个心跳包发送成功
[03:14:17 INF] 【直播间】31494 的第 58 个心跳包发送成功
[03:14:18 INF] 【直播间】4015781 的第 58 个心跳包发送成功
[03:14:19 INF] 【直播间】9619073 的第 58 个心跳包发送成功
[03:14:20 INF] 【直播间】407149 的第 58 个心跳包发送成功
[03:14:22 INF] 【直播间】7184632 的第 58 个心跳包发送成功
[03:14:23 INF] 【直播间】11732699 的第 58 个心跳包发送成功
[03:14:24 INF] 【直播间】929670 的第 58 个心跳包发送成功
[03:14:25 INF] 【直播间】23447660 的第 58 个心跳包发送成功
[03:14:27 INF] 【直播间】91164 的第 58 个心跳包发送成功
[03:14:28 INF] 【直播间】22764265 的第 58 个心跳包发送成功
[03:15:21 INF] 【直播间】23357926 的第 59 个心跳包发送成功
[03:15:22 INF] 【直播间】23040372 的第 59 个心跳包发送成功
[03:15:23 INF] 【直播间】31494 的第 59 个心跳包发送成功
[03:15:25 INF] 【直播间】4015781 的第 59 个心跳包发送成功
[03:15:26 INF] 【直播间】9619073 的第 59 个心跳包发送成功
[03:15:27 INF] 【直播间】407149 的第 59 个心跳包发送成功
[03:15:28 INF] 【直播间】7184632 的第 59 个心跳包发送成功
[03:15:29 INF] 【直播间】11732699 的第 59 个心跳包发送成功
[03:15:31 INF] 【直播间】929670 的第 59 个心跳包发送成功
[03:15:32 INF] 【直播间】23447660 的第 59 个心跳包发送成功
[03:15:33 INF] 【直播间】91164 的第 59 个心跳包发送成功
[03:15:34 INF] 【直播间】22764265 的第 59 个心跳包发送成功
[03:16:28 INF] 【直播间】23357926 的第 60 个心跳包发送成功
[03:16:29 INF] 【直播间】23040372 的第 60 个心跳包发送成功
[03:16:30 INF] 【直播间】31494 的第 60 个心跳包发送成功
[03:16:31 INF] 【直播间】4015781 的第 60 个心跳包发送成功
[03:16:33 INF] 【直播间】9619073 的第 60 个心跳包发送成功
[03:16:34 INF] 【直播间】407149 的第 60 个心跳包发送成功
[03:16:35 INF] 【直播间】7184632 的第 60 个心跳包发送成功
[03:16:36 INF] 【直播间】11732699 的第 60 个心跳包发送成功
[03:16:38 INF] 【直播间】929670 的第 60 个心跳包发送成功
[03:16:39 INF] 【直播间】23447660 的第 60 个心跳包发送成功
[03:16:40 INF] 【直播间】91164 的第 60 个心跳包发送成功
[03:16:41 INF] 【直播间】22764265 的第 60 个心跳包发送成功
[03:17:34 INF] 【直播间】23357926 的第 61 个心跳包发送成功
[03:17:35 INF] 【直播间】23040372 的第 61 个心跳包发送成功
[03:17:37 INF] 【直播间】31494 的第 61 个心跳包发送成功
[03:17:38 INF] 【直播间】4015781 的第 61 个心跳包发送成功
[03:17:39 INF] 【直播间】9619073 的第 61 个心跳包发送成功
[03:17:40 INF] 【直播间】407149 的第 61 个心跳包发送成功
[03:17:42 INF] 【直播间】7184632 的第 61 个心跳包发送成功
[03:17:43 INF] 【直播间】11732699 的第 61 个心跳包发送成功
[03:17:44 INF] 【直播间】929670 的第 61 个心跳包发送成功
[03:17:45 INF] 【直播间】23447660 的第 61 个心跳包发送成功
[03:17:47 INF] 【直播间】91164 的第 61 个心跳包发送成功
[03:17:48 INF] 【直播间】22764265 的第 61 个心跳包发送成功
[03:18:41 INF] 【直播间】23357926 的第 62 个心跳包发送成功
[03:18:42 INF] 【直播间】23040372 的第 62 个心跳包发送成功
[03:18:43 INF] 【直播间】31494 的第 62 个心跳包发送成功
[03:18:45 INF] 【直播间】4015781 的第 62 个心跳包发送成功
[03:18:46 INF] 【直播间】9619073 的第 62 个心跳包发送成功
[03:18:47 INF] 【直播间】407149 的第 62 个心跳包发送成功
[03:18:48 INF] 【直播间】7184632 的第 62 个心跳包发送成功
[03:18:50 INF] 【直播间】11732699 的第 62 个心跳包发送成功
[03:18:51 INF] 【直播间】929670 的第 62 个心跳包发送成功
[03:18:52 INF] 【直播间】23447660 的第 62 个心跳包发送成功
[03:18:53 INF] 【直播间】91164 的第 62 个心跳包发送成功
[03:18:54 INF] 【直播间】22764265 的第 62 个心跳包发送成功
[03:19:47 INF] 【直播间】23357926 的第 63 个心跳包发送成功
[03:19:49 INF] 【直播间】23040372 的第 63 个心跳包发送成功
[03:19:50 INF] 【直播间】31494 的第 63 个心跳包发送成功
[03:19:51 INF] 【直播间】4015781 的第 63 个心跳包发送成功
[03:19:52 INF] 【直播间】9619073 的第 63 个心跳包发送成功
[03:19:53 INF] 【直播间】407149 的第 63 个心跳包发送成功
[03:19:55 INF] 【直播间】7184632 的第 63 个心跳包发送成功
[03:19:56 INF] 【直播间】11732699 的第 63 个心跳包发送成功
[03:19:57 INF] 【直播间】929670 的第 63 个心跳包发送成功
[03:19:58 INF] 【直播间】23447660 的第 63 个心跳包发送成功
[03:20:00 INF] 【直播间】91164 的第 63 个心跳包发送成功
[03:20:01 INF] 【直播间】22764265 的第 63 个心跳包发送成功
[03:20:54 INF] 【直播间】23357926 的第 64 个心跳包发送成功
[03:20:55 INF] 【直播间】23040372 的第 64 个心跳包发送成功
[03:20:56 INF] 【直播间】31494 的第 64 个心跳包发送成功
[03:20:58 INF] 【直播间】4015781 的第 64 个心跳包发送成功
[03:20:59 INF] 【直播间】9619073 的第 64 个心跳包发送成功
[03:21:00 INF] 【直播间】407149 的第 64 个心跳包发送成功
[03:21:02 INF] 【直播间】7184632 的第 64 个心跳包发送成功
[03:21:03 INF] 【直播间】11732699 的第 64 个心跳包发送成功
[03:21:04 INF] 【直播间】929670 的第 64 个心跳包发送成功
[03:21:05 INF] 【直播间】23447660 的第 64 个心跳包发送成功
[03:21:07 INF] 【直播间】91164 的第 64 个心跳包发送成功
[03:21:08 INF] 【直播间】22764265 的第 64 个心跳包发送成功
[03:22:00 INF] 【直播间】23357926 的第 65 个心跳包发送成功
[03:22:02 INF] 【直播间】23040372 的第 65 个心跳包发送成功
[03:22:03 INF] 【直播间】31494 的第 65 个心跳包发送成功
[03:22:04 INF] 【直播间】4015781 的第 65 个心跳包发送成功
[03:22:06 INF] 【直播间】9619073 的第 65 个心跳包发送成功
[03:22:07 INF] 【直播间】407149 的第 65 个心跳包发送成功
[03:22:08 INF] 【直播间】7184632 的第 65 个心跳包发送成功
[03:22:09 INF] 【直播间】11732699 的第 65 个心跳包发送成功
[03:22:11 INF] 【直播间】929670 的第 65 个心跳包发送成功
[03:22:12 INF] 【直播间】23447660 的第 65 个心跳包发送成功
[03:22:13 INF] 【直播间】91164 的第 65 个心跳包发送成功
[03:22:14 INF] 【直播间】22764265 的第 65 个心跳包发送成功
[03:23:07 INF] 【直播间】23357926 的第 66 个心跳包发送成功
[03:23:08 INF] 【直播间】23040372 的第 66 个心跳包发送成功
[03:23:09 INF] 【直播间】31494 的第 66 个心跳包发送成功
[03:23:11 INF] 【直播间】4015781 的第 66 个心跳包发送成功
[03:23:12 INF] 【直播间】9619073 的第 66 个心跳包发送成功
[03:23:13 INF] 【直播间】407149 的第 66 个心跳包发送成功
[03:23:14 INF] 【直播间】7184632 的第 66 个心跳包发送成功
[03:23:16 INF] 【直播间】11732699 的第 66 个心跳包发送成功
[03:23:17 INF] 【直播间】929670 的第 66 个心跳包发送成功
[03:23:18 INF] 【直播间】23447660 的第 66 个心跳包发送成功
[03:23:20 INF] 【直播间】91164 的第 66 个心跳包发送成功
[03:23:21 INF] 【直播间】22764265 的第 66 个心跳包发送成功
[03:24:13 ERR] 【心跳包】直播间 23357926 发送失败
[03:24:13 ERR] 【原因】time check failed
[03:24:15 ERR] 【心跳包】直播间 23040372 发送失败
[03:24:15 ERR] 【原因】time check failed
[03:24:16 ERR] 【心跳包】直播间 31494 发送失败
[03:24:16 ERR] 【原因】time check failed
[03:24:17 ERR] 【心跳包】直播间 4015781 发送失败
[03:24:17 ERR] 【原因】time check failed
[03:24:18 ERR] 【心跳包】直播间 9619073 发送失败
[03:24:18 ERR] 【原因】time check failed
[03:24:20 ERR] 【心跳包】直播间 407149 发送失败
[03:24:20 ERR] 【原因】time check failed
[03:24:21 ERR] 【心跳包】直播间 7184632 发送失败
[03:24:21 ERR] 【原因】time check failed
[03:24:22 ERR] 【心跳包】直播间 11732699 发送失败
[03:24:22 ERR] 【原因】time check failed
[03:24:23 ERR] 【心跳包】直播间 929670 发送失败
[03:24:23 ERR] 【原因】time check failed
[03:24:25 ERR] 【心跳包】直播间 23447660 发送失败
[03:24:25 ERR] 【原因】time check failed
[03:24:26 ERR] 【心跳包】直播间 91164 发送失败
[03:24:26 ERR] 【原因】time check failed
[03:24:27 ERR] 【心跳包】直播间 22764265 发送失败
[03:24:27 ERR] 【原因】time check failed
[03:25:20 INF] 【直播间】23357926 的第 67 个心跳包发送成功
[03:25:21 INF] 【直播间】23040372 的第 67 个心跳包发送成功
[03:25:22 INF] 【直播间】31494 的第 67 个心跳包发送成功
[03:25:24 INF] 【直播间】4015781 的第 67 个心跳包发送成功
[03:25:25 INF] 【直播间】9619073 的第 67 个心跳包发送成功
[03:25:26 INF] 【直播间】407149 的第 67 个心跳包发送成功
[03:25:28 INF] 【直播间】7184632 的第 67 个心跳包发送成功
[03:25:29 INF] 【直播间】11732699 的第 67 个心跳包发送成功
[03:25:30 INF] 【直播间】929670 的第 67 个心跳包发送成功
[03:25:31 INF] 【直播间】23447660 的第 67 个心跳包发送成功
[03:25:33 INF] 【直播间】91164 的第 67 个心跳包发送成功
[03:25:34 INF] 【直播间】22764265 的第 67 个心跳包发送成功
[03:26:27 INF] 【直播间】23357926 的第 68 个心跳包发送成功
[03:26:28 INF] 【直播间】23040372 的第 68 个心跳包发送成功
[03:26:29 INF] 【直播间】31494 的第 68 个心跳包发送成功
[03:26:30 INF] 【直播间】4015781 的第 68 个心跳包发送成功
[03:26:32 INF] 【直播间】9619073 的第 68 个心跳包发送成功
[03:26:33 INF] 【直播间】407149 的第 68 个心跳包发送成功
[03:26:34 INF] 【直播间】7184632 的第 68 个心跳包发送成功
[03:26:35 INF] 【直播间】11732699 的第 68 个心跳包发送成功
[03:26:37 INF] 【直播间】929670 的第 68 个心跳包发送成功
[03:26:38 INF] 【直播间】23447660 的第 68 个心跳包发送成功
[03:26:39 INF] 【直播间】91164 的第 68 个心跳包发送成功
[03:26:40 INF] 【直播间】22764265 的第 68 个心跳包发送成功
[03:27:33 INF] 【直播间】23357926 的第 69 个心跳包发送成功
[03:27:35 INF] 【直播间】23040372 的第 69 个心跳包发送成功
[03:27:36 INF] 【直播间】31494 的第 69 个心跳包发送成功
[03:27:37 INF] 【直播间】4015781 的第 69 个心跳包发送成功
[03:27:38 INF] 【直播间】9619073 的第 69 个心跳包发送成功
[03:27:39 INF] 【直播间】407149 的第 69 个心跳包发送成功
[03:27:41 INF] 【直播间】7184632 的第 69 个心跳包发送成功
[03:27:42 INF] 【直播间】11732699 的第 69 个心跳包发送成功
[03:27:43 INF] 【直播间】929670 的第 69 个心跳包发送成功
[03:27:44 INF] 【直播间】23447660 的第 69 个心跳包发送成功
[03:27:46 INF] 【直播间】91164 的第 69 个心跳包发送成功
[03:27:47 INF] 【直播间】22764265 的第 69 个心跳包发送成功
[03:28:40 INF] 【直播间】23357926 的第 70 个心跳包发送成功
[03:28:41 INF] 【直播间】23040372 的第 70 个心跳包发送成功
[03:28:42 INF] 【直播间】31494 的第 70 个心跳包发送成功
[03:28:44 INF] 【直播间】4015781 的第 70 个心跳包发送成功
[03:28:45 INF] 【直播间】9619073 的第 70 个心跳包发送成功
[03:28:46 INF] 【直播间】407149 的第 70 个心跳包发送成功
[03:28:47 INF] 【直播间】7184632 的第 70 个心跳包发送成功
[03:28:49 INF] 【直播间】11732699 的第 70 个心跳包发送成功
[03:28:50 INF] 【直播间】929670 的第 70 个心跳包发送成功
[03:28:51 INF] 【直播间】23447660 的第 70 个心跳包发送成功
[03:28:52 INF] 【直播间】91164 的第 70 个心跳包发送成功
[03:28:53 INF] 【直播间】22764265 的第 70 个心跳包发送成功
[03:28:53 INF] 【直播观看时长】完成情况：12/12 
[03:28:53 INF] ---------结束---------

[03:28:53 INF] ==========结束==========

[03:28:53 INF] ######### 账号 3 #########

[03:28:53 INF] =====开始 直播间互动 =====

[03:28:53 INF] ---开始 发送弹幕 ---
[03:28:53 INF] 检测到直播 Cookie 未正确配置，尝试自动配置中...
[03:29:01 INF] 直播 Cookie 配置成功！
[03:29:01 INF] 【获取直播列表】获取拥有粉丝牌的直播列表
[03:29:09 ERR] 【获取直播列表】失败
[03:29:09 ERR] 【原因】账号未登录
[03:29:09 ERR] 发送弹幕失败，继续其他任务。失败信息:Object reference not set to an instance of an object.

[03:29:09 INF] -------结束-------

[03:29:09 INF] ---开始 点赞直播间 ---
[03:29:09 INF] 【获取直播列表】获取拥有粉丝牌的直播列表
[03:29:14 ERR] 【获取直播列表】失败
[03:29:14 ERR] 【原因】账号未登录
[03:29:14 ERR] 点赞直播间失败，继续其他任务。失败信息:Object reference not set to an instance of an object.

[03:29:14 INF] --------结束--------

[03:29:14 INF] ---开始 直播时长挂机 ---
[03:29:14 INF] 【获取直播列表】获取拥有粉丝牌的直播列表
[03:29:18 ERR] 【获取直播列表】失败
[03:29:18 ERR] 【原因】账号未登录
[03:29:18 ERR] 直播时长挂机失败，继续其他任务。失败信息:Object reference not set to an instance of an object.

[03:29:18 INF] ---------结束---------

[03:29:18 INF] ==========结束==========

[03:29:18 INF] 

========================

 v2.0.2 开源 by https://github.com/RayWangQvQ/BiliBiliToolPro

[03:29:18 INF] ·开始推送·LiveFansMedal任务·
2024-02-17T19:29:18.8960690Z 开始推送到:PushPlus
2024-02-17T19:29:20.5455361Z Response status: OK.
2024-02-17T19:29:20.5455694Z Response content: {"code":999,"msg":"发送内容过大，不能超过2万字","data":null}.

[03:29:20 INF] 运行环境：Development
[03:29:20 INF] 应用目录：/home/runner/work/BiliBiliToolPro/BiliBiliToolPro/src/Ray.BiliBiliTool.Console/bin/Debug/net6.0/

[03:29:20 INF] 运行结束
