----------- ip 信息 ---------
{
  "ip": "172.183.148.29",
  "city": "Chicago",
  "region": "Illinois",
  "country": "US",
  "loc": "41.8500,-87.6500",
  "org": "AS8075 Microsoft Corporation",
  "postal": "60666",
  "timezone": "America/Chicago",
  "readme": "https://ipinfo.io/missingauth"
} ---------- end ------------
  ____               ____    _   _____           _  
 |  _ \ __ _ _   _  | __ ) _| |_|_   _|__   ___ | | 
 | |_) / _` | | | | |  _ \(_) (_) | |/ _ \ / _ \| | 
 |  _ < (_| | |_| | | |_) | | | | | | (_) | (_) | | 
 |_| \_\__,_|\__, | |____/|_|_|_| |_|\___/ \___/|_| 
             |___/                                  

[09:33:36 INF] BiliBiliToolPro 开始运行...

[09:33:36 INF] 【账号个数】3个

[09:33:36 INF] 随机休眠1分钟

[09:34:36 INF] 【目标任务】Daily
[09:34:36 INF] ######### 账号 1 #########

[09:34:36 INF] =====开始 每日任务 =====

[09:34:36 INF] ---开始 Set Cookie ---
[09:34:36 INF] Cookie完整，不需要Set Cookie
[09:34:36 INF] -------------结束-------------

[09:34:36 INF] ---开始 登录 ---
[09:34:44 INF] 【用户名】sunxxxxxgzi
[09:34:44 INF] 【会员类型】月度大会员
[09:34:44 INF] 【会员状态】正常
[09:34:44 INF] 【硬币余额】1179.2
[09:34:44 INF] 【距升级Lv6】预计768天
[09:34:44 INF] 登录成功，经验+5 √
[09:34:44 INF] -----结束-----

[09:34:49 INF] ---开始 观看、分享视频 ---
[09:35:12 INF] 【随机视频】这片中国最早的商业禁伐区，现在成了“植物天堂”该有的样子
[09:35:20 INF] 视频播放成功，已观看到第2秒，经验+5 √
[09:35:25 INF] 视频分享成功，经验+5 √
[09:35:25 INF] ----------结束----------

[09:35:25 INF] ---开始 投币 ---
[09:35:25 INF] 已配置为跳过投币任务
[09:35:25 INF] -----结束-----

[09:35:25 INF] ---开始 直播签到 ---
[09:35:28 INF] 【签到结果】成功
[09:35:28 INF] 【本次获取】3000点用户经验,2根辣条,再签到4天可以获得666银瓜子
[09:35:28 INF] -------结束-------

[09:35:28 INF] ---开始 漫画签到 ---
[09:35:33 INF] 【签到结果】成功
[09:35:33 INF] -------结束-------

[09:35:33 INF] ---开始 漫画阅读 ---
[09:35:36 INF] 【漫画阅读】成功
[09:35:36 INF] -------结束-------

[09:35:36 INF] ---开始 银瓜子兑换硬币 ---
[09:35:36 INF] 【目标兑换日期】1号
[09:35:36 INF] 【今天】1号
[09:35:42 INF] 【银瓜子余额】 514
[09:35:42 INF] 【硬币余额】 1179
[09:35:42 INF] 【今日剩余兑换次数】 1
[09:35:42 INF] 开始尝试兑换...
[09:35:50 INF] 【兑换结果】失败
[09:35:50 INF] 【原因】银瓜子余额不足
[09:35:50 INF] ----------结束----------

[09:35:50 INF] ---开始 领取大会员福利 ---
[09:35:50 INF] 普通会员和月度大会员每月不赠送B币券，不需要领取权益喽
[09:35:50 INF] ----------结束----------

[09:35:50 INF] ---开始 领取大会员漫画权益 ---
[09:35:55 INF] 【领取结果】成功
[09:35:55 INF] 【获取】0张漫读劵
[09:35:55 INF] ------------结束------------

[09:35:55 INF] ---开始 B币券充电 ---
[09:35:55 INF] 已配置为关闭，跳过
[09:35:55 INF] --------结束--------

[09:35:55 INF] =========结束=========

[09:35:55 INF] ######### 账号 2 #########

[09:35:55 INF] =====开始 每日任务 =====

[09:35:55 INF] ---开始 Set Cookie ---
[09:35:55 INF] Cookie完整，不需要Set Cookie
[09:35:55 INF] -------------结束-------------

[09:35:55 INF] ---开始 登录 ---
[09:36:03 INF] 【用户名】bilixxxxxxxx1879
[09:36:03 INF] 【会员类型】月度大会员
[09:36:03 INF] 【会员状态】无/过期
[09:36:03 INF] 【硬币余额】602
[09:36:03 INF] 【距升级Lv5】预计101天
[09:36:03 INF] 登录成功，经验+5 √
[09:36:03 INF] -----结束-----

[09:36:10 INF] ---开始 观看、分享视频 ---
[09:36:30 INF] 【随机视频】你会先懵逼30秒，方向盘转动时，内部的电线是如何连接的？
[09:36:45 INF] 视频播放成功，已观看到第3秒，经验+5 √
[09:36:48 INF] 视频分享成功，经验+5 √
[09:36:48 INF] ----------结束----------

[09:36:48 INF] ---开始 投币 ---
[09:36:48 INF] 已配置为跳过投币任务
[09:36:48 INF] -----结束-----

[09:36:48 INF] ---开始 直播签到 ---
[09:36:56 INF] 【签到结果】成功
[09:36:56 INF] 【本次获取】3000点用户经验,2根辣条,再签到4天可以获得666银瓜子
[09:36:56 INF] -------结束-------

[09:36:56 INF] ---开始 漫画签到 ---
[09:37:00 INF] 【签到结果】成功
[09:37:00 INF] -------结束-------

[09:37:00 INF] ---开始 漫画阅读 ---
[09:37:04 INF] 【漫画阅读】成功
[09:37:04 INF] -------结束-------

[09:37:04 INF] ---开始 银瓜子兑换硬币 ---
[09:37:04 INF] 【目标兑换日期】1号
[09:37:04 INF] 【今天】1号
[09:37:12 INF] 【银瓜子余额】 286
[09:37:12 INF] 【硬币余额】 602
[09:37:12 INF] 【今日剩余兑换次数】 1
[09:37:12 INF] 开始尝试兑换...
[09:37:16 INF] 【兑换结果】失败
[09:37:16 INF] 【原因】银瓜子余额不足
[09:37:16 INF] ----------结束----------

[09:37:16 INF] ---开始 领取大会员福利 ---
[09:37:16 INF] 普通会员和月度大会员每月不赠送B币券，不需要领取权益喽
[09:37:16 INF] ----------结束----------

[09:37:16 INF] ---开始 领取大会员漫画权益 ---
[09:37:16 INF] 不是会员，跳过
[09:37:16 INF] ------------结束------------

[09:37:16 INF] ---开始 B币券充电 ---
[09:37:16 INF] 已配置为关闭，跳过
[09:37:16 INF] --------结束--------

[09:37:16 INF] =========结束=========

[09:37:16 INF] ######### 账号 3 #########

[09:37:16 INF] =====开始 每日任务 =====

[09:37:16 INF] ---开始 Set Cookie ---
[09:37:16 INF] Cookie完整，不需要Set Cookie
[09:37:16 INF] -------------结束-------------

[09:37:16 INF] ---开始 登录 ---
[09:37:21 WRN] 登录异常，请检查Cookie是否错误或过期
[09:37:21 ERR] 程序发生异常：登录失败，请检查Cookie
[09:37:21 INF] -----结束-----

[09:37:21 ERR] 程序发生异常：登录失败，请检查Cookie
[09:37:21 INF] =========结束=========

[09:37:21 WRN] 异常：System.Exception: 登录失败，请检查Cookie
   at Ray.BiliBiliTool.Application.DailyTaskAppService.Login() in /home/runner/work/BiliBiliToolPro/BiliBiliToolPro/src/Ray.BiliBiliTool.Application/DailyTaskAppService.cs:line 134
   at Ray.BiliBiliTool.Application.DailyTaskAppService.DoTaskAsync(CancellationToken cancellationToken) in /home/runner/work/BiliBiliToolPro/BiliBiliToolPro/src/Ray.BiliBiliTool.Application/DailyTaskAppService.cs:line 81
   at Ray.BiliBiliTool.Console.BiliBiliToolHostedService.DoTasksAsync(String[] tasks, CancellationToken cancellationToken) in /home/runner/work/BiliBiliToolPro/BiliBiliToolPro/src/Ray.BiliBiliTool.Console/BiliBiliToolHostedService.cs:line 194
   at Ray.BiliBiliTool.Console.BiliBiliToolHostedService.StartAsync(CancellationToken cancellationToken) in /home/runner/work/BiliBiliToolPro/BiliBiliToolPro/src/Ray.BiliBiliTool.Console/BiliBiliToolHostedService.cs:line 76
[09:37:21 INF] 

========================

 v2.0.2 开源 by https://github.com/RayWangQvQ/BiliBiliToolPro

[09:37:21 INF] ·开始推送·Daily任务·
2024-04-01T01:37:21.1837144Z 开始推送到:PushPlus
2024-04-01T01:37:21.9984944Z Response status: OK.
2024-04-01T01:37:21.9985283Z Response content: {"code":200,"msg":"请求成功","data":"83f879af4c204ee789fcc5a1dbc0b413","count":null}.

[09:37:21 INF] 运行环境：Development
[09:37:21 INF] 应用目录：/home/runner/work/BiliBiliToolPro/BiliBiliToolPro/src/Ray.BiliBiliTool.Console/bin/Debug/net6.0/

[09:37:21 INF] 运行结束
  ____               ____    _   _____           _  
 |  _ \ __ _ _   _  | __ ) _| |_|_   _|__   ___ | | 
 | |_) / _` | | | | |  _ \(_) (_) | |/ _ \ / _ \| | 
 |  _ < (_| | |_| | | |_) | | | | | | (_) | (_) | | 
 |_| \_\__,_|\__, | |____/|_|_|_| |_|\___/ \___/|_| 
             |___/                                  

[09:37:24 INF] BiliBiliToolPro 开始运行...

[09:37:24 INF] 【账号个数】3个

[09:37:24 INF] 随机休眠2分钟

[09:39:24 INF] 【目标任务】VipBigPoint
[09:39:24 INF] ######### 账号 1 #########

[09:39:24 INF] =====开始 大会员大积分 =====

[09:39:24 INF] 大会员经验领取任务开始
[09:39:32 INF] 大会员经验未兑换
[09:39:35 INF] 领取成功，经验+10 √
[09:39:35 INF] ---开始 测试Cookie ---
[09:39:40 INF] 【用户名】sunxxxxxgzi
[09:39:40 INF] 【会员类型】月度大会员
[09:39:40 INF] 【会员状态】正常
[09:39:40 INF] 【硬币余额】1179.2
[09:39:40 INF] 【距升级Lv6】预计766天
[09:39:40 INF] -----------结束-----------

[09:39:46 INF] ------当前任务状态------
[09:39:46 INF] 打卡：X
[09:39:46 INF] -福利任务
[09:39:46 INF] ---大会员福利大积分：√
[09:39:46 INF] -体验任务
[09:39:46 INF] ---浏览大会员权益页面：√
[09:39:46 INF] -日常任务
[09:39:46 INF] ---浏览装扮商城主页：X
[09:39:46 INF] ---浏览会员购页面10秒：X
[09:39:46 INF] ---购买指定会员购商品：X
[09:39:46 INF] ---浏览追番频道页10秒：X
[09:39:46 INF] ---观看剧集内容：X
[09:39:46 INF] ---购买单点付费影片：X
[09:39:46 INF] ---购买指定装扮商品：X
[09:39:46 INF] ------------------------

[09:39:46 INF] ---开始 签到 ---
[09:39:53 ERR] 签到失败，继续其他任务。失败信息:{"Code":6007000,"Message":"抱歉，您的账号存在风险，暂时无法参与本任务哦~","Data":null}

[09:39:53 INF] -----结束-----

[09:39:53 INF] ---开始 福利任务 ---
[09:39:53 ERR] 福利任务失败，继续其他任务。失败信息:Object reference not set to an instance of an object.

[09:39:53 INF] -------结束-------

[09:39:53 INF] ---开始 体验任务 ---
[09:39:53 ERR] 体验任务失败，继续其他任务。失败信息:Object reference not set to an instance of an object.

[09:39:53 INF] -------结束-------

[09:39:53 INF] ---开始 浏览追番频道页10秒 ---
[09:39:53 ERR] 浏览追番频道页10秒失败，继续其他任务。失败信息:Object reference not set to an instance of an object.

[09:39:53 INF] -------------结束-------------

[09:39:53 INF] ---开始 浏览会员购页面10秒 ---
[09:39:53 INF] 待实现...
[09:39:53 INF] -------------结束-------------

[09:39:53 INF] ---开始 观看任意正片内容 ---
[09:39:53 ERR] 观看任意正片内容失败，继续其他任务。失败信息:Object reference not set to an instance of an object.

[09:39:53 INF] -----------结束-----------

[09:39:53 INF] ---开始 购买单点付费影片（仅领取） ---
[09:39:53 ERR] 购买单点付费影片（仅领取）失败，继续其他任务。失败信息:Object reference not set to an instance of an object.

[09:39:53 INF] ----------------结束----------------

[09:39:53 INF] ---开始 购买指定会员购商品（仅领取） ---
[09:39:53 ERR] 购买指定会员购商品（仅领取）失败，继续其他任务。失败信息:Object reference not set to an instance of an object.

[09:39:53 INF] -----------------结束-----------------

[09:39:53 ERR] 程序发生异常：Object reference not set to an instance of an object.
[09:39:53 INF] ===========结束===========

[09:39:53 WRN] 异常：System.NullReferenceException: Object reference not set to an instance of an object.
   at Ray.BiliBiliTool.Application.VipBigPointAppService.DoTaskAsync(CancellationToken cancellationToken) in /home/runner/work/BiliBiliToolPro/BiliBiliToolPro/src/Ray.BiliBiliTool.Application/VipBigPointAppService.cs:line 141
   at Ray.BiliBiliTool.Console.BiliBiliToolHostedService.DoTasksAsync(String[] tasks, CancellationToken cancellationToken) in /home/runner/work/BiliBiliToolPro/BiliBiliToolPro/src/Ray.BiliBiliTool.Console/BiliBiliToolHostedService.cs:line 194
   at Ray.BiliBiliTool.Console.BiliBiliToolHostedService.StartAsync(CancellationToken cancellationToken) in /home/runner/work/BiliBiliToolPro/BiliBiliToolPro/src/Ray.BiliBiliTool.Console/BiliBiliToolHostedService.cs:line 76
[09:39:53 INF] ######### 账号 2 #########

[09:39:53 INF] =====开始 大会员大积分 =====

[09:39:53 INF] 大会员经验领取任务开始
[09:39:58 INF] 大会员经验未兑换
[09:40:05 INF] 领取成功，经验+10 √
[09:40:05 INF] ---开始 测试Cookie ---
[09:40:09 INF] 【用户名】bilixxxxxxxx1879
[09:40:09 INF] 【会员类型】月度大会员
[09:40:09 INF] 【会员状态】无/过期
[09:40:09 INF] 【硬币余额】602
[09:40:09 INF] 【距升级Lv5】预计100天
[09:40:09 INF] -----------结束-----------

[09:40:09 INF] 当前不是大会员或已过期，跳过任务
[09:40:09 INF] ===========结束===========

[09:40:09 INF] ######### 账号 3 #########

[09:40:09 INF] =====开始 大会员大积分 =====

[09:40:09 INF] 大会员经验领取任务开始
[09:40:15 INF] ---开始 测试Cookie ---
[09:40:20 WRN] 登录异常，请检查Cookie是否错误或过期
[09:40:20 ERR] 程序发生异常：登录失败，请检查Cookie
[09:40:20 INF] -----------结束-----------

[09:40:20 ERR] 程序发生异常：登录失败，请检查Cookie
[09:40:20 INF] ===========结束===========

[09:40:20 WRN] 异常：System.Exception: 登录失败，请检查Cookie
   at Ray.BiliBiliTool.Application.VipBigPointAppService.GetUserInfo() in /home/runner/work/BiliBiliToolPro/BiliBiliToolPro/src/Ray.BiliBiliTool.Application/VipBigPointAppService.cs:line 150
   at Ray.BiliBiliTool.Application.VipBigPointAppService.DoTaskAsync(CancellationToken cancellationToken) in /home/runner/work/BiliBiliToolPro/BiliBiliToolPro/src/Ray.BiliBiliTool.Application/VipBigPointAppService.cs:line 98
   at Ray.BiliBiliTool.Console.BiliBiliToolHostedService.DoTasksAsync(String[] tasks, CancellationToken cancellationToken) in /home/runner/work/BiliBiliToolPro/BiliBiliToolPro/src/Ray.BiliBiliTool.Console/BiliBiliToolHostedService.cs:line 194
   at Ray.BiliBiliTool.Console.BiliBiliToolHostedService.StartAsync(CancellationToken cancellationToken) in /home/runner/work/BiliBiliToolPro/BiliBiliToolPro/src/Ray.BiliBiliTool.Console/BiliBiliToolHostedService.cs:line 76
[09:40:20 INF] 

========================

 v2.0.2 开源 by https://github.com/RayWangQvQ/BiliBiliToolPro

[09:40:20 INF] ·开始推送·VipBigPoint任务·
2024-04-01T01:40:20.9061675Z 开始推送到:PushPlus
2024-04-01T01:40:21.3977068Z Response status: OK.
2024-04-01T01:40:21.3977510Z Response content: {"code":200,"msg":"请求成功","data":"1f073459a3e24d70a9dc7b92aaa629fd","count":null}.

[09:40:21 INF] 运行环境：Development
[09:40:21 INF] 应用目录：/home/runner/work/BiliBiliToolPro/BiliBiliToolPro/src/Ray.BiliBiliTool.Console/bin/Debug/net6.0/

[09:40:21 INF] 运行结束
