----------- ip 信息 ---------
{
  "ip": "104.28.200.108",
  "city": "San Antonio",
  "region": "Texas",
  "country": "US",
  "loc": "29.4241,-98.4936",
  "org": "AS13335 Cloudflare, Inc.",
  "postal": "78205",
  "timezone": "America/Chicago",
  "readme": "https://ipinfo.io/missingauth"
} ---------- end ------------
  ____               ____    _   _____           _  
 |  _ \ __ _ _   _  | __ ) _| |_|_   _|__   ___ | | 
 | |_) / _` | | | | |  _ \(_) (_) | |/ _ \ / _ \| | 
 |  _ < (_| | |_| | | |_) | | | | | | (_) | (_) | | 
 |_| \_\__,_|\__, | |____/|_|_|_| |_|\___/ \___/|_| 
             |___/                                  

[09:35:22 INF] BiliBiliToolPro 开始运行...

[09:35:22 INF] 【账号个数】3个

[09:35:22 INF] 随机休眠5分钟

[09:40:22 INF] 【目标任务】Daily
[09:40:22 INF] ######### 账号 1 #########

[09:40:22 INF] =====开始 每日任务 =====

[09:40:22 INF] ---开始 Set Cookie ---
[09:40:22 INF] Cookie完整，不需要Set Cookie
[09:40:22 INF] -------------结束-------------

[09:40:22 INF] ---开始 登录 ---
[09:40:26 INF] 【用户名】waxxxx12
[09:40:26 INF] 【会员类型】月度大会员
[09:40:26 INF] 【会员状态】无/过期
[09:40:26 INF] 【硬币余额】440.2
[09:40:26 INF] 【距升级Lv5】12天（如每日做满65点经验）
[09:40:26 INF] 登录成功，经验+5 √
[09:40:26 INF] -----结束-----

[09:40:34 INF] ---开始 观看、分享视频 ---
[09:40:45 INF] 【随机视频】黑 山 大 叔
[09:40:45 INF] 今天已经观看过了，不需要再看啦
[09:40:55 INF] 视频分享成功，经验+5 √
[09:40:55 INF] ----------结束----------

[09:40:55 INF] ---开始 投币 ---
[09:40:55 INF] 已配置为跳过投币任务
[09:40:55 INF] -----结束-----

[09:40:55 INF] ---开始 直播签到 ---
[09:41:01 INF] 【签到结果】成功
[09:41:01 INF] 【本次获取】3000点用户经验,2根辣条,666银瓜子,再签到15天可以获得50根辣条
[09:41:01 INF] -------结束-------

[09:41:01 INF] ---开始 漫画签到 ---
[09:41:08 INF] 【签到结果】成功
[09:41:08 INF] -------结束-------

[09:41:08 INF] ---开始 漫画阅读 ---
[09:41:13 INF] 【漫画阅读】成功, 阅读漫画为：堀与宫村
[09:41:13 INF] -------结束-------

[09:41:13 INF] ---开始 银瓜子兑换硬币 ---
[09:41:13 INF] 【目标兑换日期】5号
[09:41:13 INF] 【今天】5号
[09:41:17 INF] 【银瓜子余额】 754
[09:41:17 INF] 【硬币余额】 440
[09:41:17 INF] 【今日剩余兑换次数】 1
[09:41:17 INF] 开始尝试兑换...
[09:41:21 INF] 【兑换结果】成功兑换 1 枚硬币
[09:41:21 INF] 【银瓜子余额】 54
[09:41:25 INF] 【硬币余额】 System.Runtime.CompilerServices.AsyncTaskMethodBuilder`1+AsyncStateMachineBox`1[System.Decimal,Ray.BiliBiliTool.DomainService.CoinDomainService+<GetCoinBalance>d__3]
[09:41:25 INF] ----------结束----------

[09:41:25 INF] ---开始 领取大会员福利 ---
[09:41:25 INF] 普通会员和月度大会员每月不赠送B币券，不需要领取权益喽
[09:41:25 INF] ----------结束----------

[09:41:25 INF] ---开始 领取大会员漫画权益 ---
[09:41:25 INF] 不是会员，跳过
[09:41:25 INF] ------------结束------------

[09:41:25 INF] ---开始 B币券充电 ---
[09:41:25 INF] 不是年度大会员，跳过
[09:41:25 INF] --------结束--------

[09:41:25 INF] =========结束=========

[09:41:25 INF] ######### 账号 2 #########

[09:41:25 INF] =====开始 每日任务 =====

[09:41:25 INF] ---开始 Set Cookie ---
[09:41:25 INF] Cookie完整，不需要Set Cookie
[09:41:25 INF] -------------结束-------------

[09:41:25 INF] ---开始 登录 ---
[09:41:30 INF] 【用户名】bilixxxxxxxx1879
[09:41:30 INF] 【会员类型】月度大会员
[09:41:30 INF] 【会员状态】无/过期
[09:41:30 INF] 【硬币余额】278
[09:41:30 INF] 【距升级Lv4】4天（如每日做满65点经验）
[09:41:30 INF] 登录成功，经验+5 √
[09:41:30 INF] -----结束-----

[09:41:36 INF] ---开始 观看、分享视频 ---
[09:41:45 INF] 【随机视频】我拿你们当战友，你们却拿我当宠物
[09:41:55 INF] 视频播放成功，已观看到第5秒，经验+5 √
[09:41:59 INF] 视频分享成功，经验+5 √
[09:41:59 INF] ----------结束----------

[09:41:59 INF] ---开始 投币 ---
[09:41:59 INF] 已配置为跳过投币任务
[09:41:59 INF] -----结束-----

[09:41:59 INF] ---开始 直播签到 ---
[09:42:03 INF] 【签到结果】成功
[09:42:03 INF] 【本次获取】3000点用户经验,2根辣条,666银瓜子,再签到15天可以获得50根辣条
[09:42:03 INF] -------结束-------

[09:42:03 INF] ---开始 漫画签到 ---
[09:42:07 INF] 【签到结果】成功
[09:42:07 INF] -------结束-------

[09:42:07 INF] ---开始 漫画阅读 ---
[09:42:11 INF] 【漫画阅读】成功, 阅读漫画为：堀与宫村
[09:42:11 INF] -------结束-------

[09:42:11 INF] ---开始 银瓜子兑换硬币 ---
[09:42:11 INF] 【目标兑换日期】5号
[09:42:11 INF] 【今天】5号
[09:42:15 INF] 【银瓜子余额】 1026
[09:42:15 INF] 【硬币余额】 278
[09:42:15 INF] 【今日剩余兑换次数】 1
[09:42:15 INF] 开始尝试兑换...
[09:42:23 INF] 【兑换结果】成功兑换 1 枚硬币
[09:42:23 INF] 【银瓜子余额】 326
[09:42:27 INF] 【硬币余额】 System.Runtime.CompilerServices.AsyncTaskMethodBuilder`1+AsyncStateMachineBox`1[System.Decimal,Ray.BiliBiliTool.DomainService.CoinDomainService+<GetCoinBalance>d__3]
[09:42:27 INF] ----------结束----------

[09:42:27 INF] ---开始 领取大会员福利 ---
[09:42:27 INF] 普通会员和月度大会员每月不赠送B币券，不需要领取权益喽
[09:42:27 INF] ----------结束----------

[09:42:27 INF] ---开始 领取大会员漫画权益 ---
[09:42:27 INF] 不是会员，跳过
[09:42:27 INF] ------------结束------------

[09:42:27 INF] ---开始 B币券充电 ---
[09:42:27 INF] 不是年度大会员，跳过
[09:42:27 INF] --------结束--------

[09:42:27 INF] =========结束=========

[09:42:27 INF] ######### 账号 3 #########

[09:42:27 INF] =====开始 每日任务 =====

[09:42:27 INF] ---开始 Set Cookie ---
[09:42:27 INF] Cookie完整，不需要Set Cookie
[09:42:27 INF] -------------结束-------------

[09:42:27 INF] ---开始 登录 ---
[09:42:33 INF] 【用户名】晴xxng
[09:42:33 INF] 【会员类型】无
[09:42:33 INF] 【会员状态】无/过期
[09:42:33 INF] 【硬币余额】104
[09:42:33 INF] 【距升级Lv4】41天（如每日做满65点经验）
[09:42:33 INF] 登录成功，经验+5 √
[09:42:33 INF] -----结束-----

[09:42:39 INF] ---开始 观看、分享视频 ---
[09:42:46 INF] 【随机视频】救生衣自动充气的原理是什么？找个活物测试波音737上的救生设备
[09:42:46 INF] 今天已经观看过了，不需要再看啦
[09:42:56 INF] 视频分享成功，经验+5 √
[09:42:56 INF] ----------结束----------

[09:42:56 INF] ---开始 投币 ---
[09:42:56 INF] 已配置为跳过投币任务
[09:42:56 INF] -----结束-----

[09:42:56 INF] ---开始 直播签到 ---
[09:43:03 INF] 【签到结果】成功
[09:43:03 INF] 【本次获取】3000点用户经验,2根辣条,666银瓜子,再签到15天可以获得50根辣条
[09:43:03 INF] -------结束-------

[09:43:03 INF] ---开始 漫画签到 ---
[09:43:06 INF] 【签到结果】成功
[09:43:06 INF] -------结束-------

[09:43:06 INF] ---开始 漫画阅读 ---
[09:43:12 INF] 【漫画阅读】成功, 阅读漫画为：堀与宫村
[09:43:12 INF] -------结束-------

[09:43:12 INF] ---开始 银瓜子兑换硬币 ---
[09:43:12 INF] 【目标兑换日期】5号
[09:43:12 INF] 【今天】5号
[09:43:18 INF] 【银瓜子余额】 1264
[09:43:18 INF] 【硬币余额】 104
[09:43:18 INF] 【今日剩余兑换次数】 1
[09:43:18 INF] 开始尝试兑换...
[09:43:24 INF] 【兑换结果】成功兑换 1 枚硬币
[09:43:24 INF] 【银瓜子余额】 564
[09:43:28 INF] 【硬币余额】 System.Runtime.CompilerServices.AsyncTaskMethodBuilder`1+AsyncStateMachineBox`1[System.Decimal,Ray.BiliBiliTool.DomainService.CoinDomainService+<GetCoinBalance>d__3]
[09:43:28 INF] ----------结束----------

[09:43:28 INF] ---开始 领取大会员福利 ---
[09:43:28 INF] 普通会员和月度大会员每月不赠送B币券，不需要领取权益喽
[09:43:28 INF] ----------结束----------

[09:43:28 INF] ---开始 领取大会员漫画权益 ---
[09:43:28 INF] 不是会员，跳过
[09:43:28 INF] ------------结束------------

[09:43:28 INF] ---开始 B币券充电 ---
[09:43:28 INF] 不是年度大会员，跳过
[09:43:28 INF] --------结束--------

[09:43:28 INF] =========结束=========

[09:43:28 INF] 

========================

 v1.0.3 开源 by https://github.com/RayWangQvQ/BiliBiliToolPro

[09:43:28 INF] ·开始推送·Daily任务·
2023-05-05T01:43:28.0185110Z 开始推送到:PushPlus
2023-05-05T01:43:28.7778656Z Response status: OK.
2023-05-05T01:43:28.7779284Z Response content: {"code":200,"msg":"请求成功","data":"5d86d055ddc249598013d2494ea67a8d","count":null}.

[09:43:28 INF] 运行环境：Development
[09:43:28 INF] 应用目录：/home/runner/work/BiliBiliToolPro/BiliBiliToolPro/src/Ray.BiliBiliTool.Console/bin/Debug/net6.0/

[09:43:28 INF] 运行结束
