----------- ip 信息 ---------
{
  "ip": "20.57.76.127",
  "city": "Boydton",
  "region": "Virginia",
  "country": "US",
  "loc": "36.6676,-78.3875",
  "org": "AS8075 Microsoft Corporation",
  "postal": "23917",
  "timezone": "America/New_York",
  "readme": "https://ipinfo.io/missingauth"
} ---------- end ------------
  ____               ____    _   _____           _  
 |  _ \ __ _ _   _  | __ ) _| |_|_   _|__   ___ | | 
 | |_) / _` | | | | |  _ \(_) (_) | |/ _ \ / _ \| | 
 |  _ < (_| | |_| | | |_) | | | | | | (_) | (_) | | 
 |_| \_\__,_|\__, | |____/|_|_|_| |_|\___/ \___/|_| 
             |___/                                  

[09:21:55 INF] BiliBiliToolPro 开始运行...

[09:21:55 INF] 【账号个数】3个

[09:21:55 INF] 随机休眠2分钟

[09:23:55 INF] 【目标任务】Daily
[09:23:55 INF] ######### 账号 1 #########

[09:23:55 INF] =====开始 每日任务 =====

[09:23:55 INF] ---开始 Set Cookie ---
[09:23:55 INF] Cookie完整，不需要Set Cookie
[09:23:55 INF] -------------结束-------------

[09:23:55 INF] ---开始 登录 ---
[09:23:59 INF] 【用户名】sunxxxxxgzi
[09:23:59 INF] 【会员类型】月度大会员
[09:23:59 INF] 【会员状态】无/过期
[09:23:59 INF] 【硬币余额】599.2
[09:23:59 INF] 【距升级Lv6】235天（如每日做满65点经验）
[09:23:59 INF] 登录成功，经验+5 √
[09:23:59 INF] -----结束-----

[09:24:02 INF] ---开始 观看、分享视频 ---
[09:24:29 INF] 【随机视频】【开箱】我找到了苹果电脑10个"神奇玩法"！
[09:24:41 INF] 视频播放成功，已观看到第1秒，经验+5 √
[09:24:47 INF] 视频分享成功，经验+5 √
[09:24:47 INF] ----------结束----------

[09:24:47 INF] ---开始 投币 ---
[09:24:47 INF] 已配置为跳过投币任务
[09:24:47 INF] -----结束-----

[09:24:47 INF] ---开始 直播签到 ---
[09:24:52 INF] 【签到结果】成功
[09:24:52 INF] 【本次获取】3000点用户经验,2根辣条,再签到11天可以获得50根辣条
[09:24:52 INF] -------结束-------

[09:24:52 INF] ---开始 漫画签到 ---
[09:24:58 INF] 【签到结果】成功
[09:24:58 INF] -------结束-------

[09:24:58 INF] ---开始 漫画阅读 ---
[09:25:04 INF] 【漫画阅读】成功, 阅读漫画为：堀与宫村
[09:25:04 INF] -------结束-------

[09:25:04 INF] ---开始 银瓜子兑换硬币 ---
[09:25:04 INF] 【目标兑换日期】10号
[09:25:04 INF] 【今天】10号
[09:25:09 INF] 【银瓜子余额】 684
[09:25:09 INF] 【硬币余额】 599
[09:25:09 INF] 【今日剩余兑换次数】 1
[09:25:09 INF] 开始尝试兑换...
[09:25:14 INF] 【兑换结果】失败
[09:25:14 INF] 【原因】银瓜子余额不足
[09:25:14 INF] ----------结束----------

[09:25:14 INF] ---开始 领取大会员福利 ---
[09:25:14 INF] 普通会员和月度大会员每月不赠送B币券，不需要领取权益喽
[09:25:14 INF] ----------结束----------

[09:25:14 INF] ---开始 领取大会员漫画权益 ---
[09:25:14 INF] 不是会员，跳过
[09:25:14 INF] ------------结束------------

[09:25:14 INF] ---开始 B币券充电 ---
[09:25:14 INF] 不是年度大会员，跳过
[09:25:14 INF] --------结束--------

[09:25:14 INF] =========结束=========

[09:25:14 INF] ######### 账号 2 #########

[09:25:14 INF] =====开始 每日任务 =====

[09:25:14 INF] ---开始 Set Cookie ---
[09:25:14 INF] Cookie完整，不需要Set Cookie
[09:25:14 INF] -------------结束-------------

[09:25:14 INF] ---开始 登录 ---
[09:25:19 INF] 【用户名】bilixxxxxxxx1879
[09:25:19 INF] 【会员类型】月度大会员
[09:25:19 INF] 【会员状态】无/过期
[09:25:19 INF] 【硬币余额】439
[09:25:19 INF] 【距升级Lv5】67天（如每日做满65点经验）
[09:25:19 INF] 登录成功，经验+5 √
[09:25:19 INF] -----结束-----

[09:25:26 INF] ---开始 观看、分享视频 ---
[09:25:52 INF] 【随机视频】没错！当着漠叔面报警，是他接的电话
[09:26:03 INF] 视频播放成功，已观看到第3秒，经验+5 √
[09:26:07 INF] 视频分享成功，经验+5 √
[09:26:07 INF] ----------结束----------

[09:26:07 INF] ---开始 投币 ---
[09:26:07 INF] 已配置为跳过投币任务
[09:26:07 INF] -----结束-----

[09:26:07 INF] ---开始 直播签到 ---
[09:26:11 INF] 【签到结果】成功
[09:26:11 INF] 【本次获取】3000点用户经验,2根辣条,再签到11天可以获得50根辣条
[09:26:11 INF] -------结束-------

[09:26:11 INF] ---开始 漫画签到 ---
[09:26:19 INF] 【签到结果】成功
[09:26:19 INF] -------结束-------

[09:26:19 INF] ---开始 漫画阅读 ---
[09:26:23 INF] 【漫画阅读】成功, 阅读漫画为：堀与宫村
[09:26:23 INF] -------结束-------

[09:26:23 INF] ---开始 银瓜子兑换硬币 ---
[09:26:23 INF] 【目标兑换日期】10号
[09:26:23 INF] 【今天】10号
[09:26:27 INF] 【银瓜子余额】 456
[09:26:27 INF] 【硬币余额】 439
[09:26:27 INF] 【今日剩余兑换次数】 1
[09:26:27 INF] 开始尝试兑换...
[09:26:34 INF] 【兑换结果】失败
[09:26:34 INF] 【原因】银瓜子余额不足
[09:26:34 INF] ----------结束----------

[09:26:34 INF] ---开始 领取大会员福利 ---
[09:26:34 INF] 普通会员和月度大会员每月不赠送B币券，不需要领取权益喽
[09:26:34 INF] ----------结束----------

[09:26:34 INF] ---开始 领取大会员漫画权益 ---
[09:26:34 INF] 不是会员，跳过
[09:26:34 INF] ------------结束------------

[09:26:34 INF] ---开始 B币券充电 ---
[09:26:34 INF] 不是年度大会员，跳过
[09:26:34 INF] --------结束--------

[09:26:34 INF] =========结束=========

[09:26:34 INF] ######### 账号 3 #########

[09:26:34 INF] =====开始 每日任务 =====

[09:26:34 INF] ---开始 Set Cookie ---
[09:26:34 INF] Cookie完整，不需要Set Cookie
[09:26:34 INF] -------------结束-------------

[09:26:34 INF] ---开始 登录 ---
[09:26:40 WRN] 登录异常，请检查Cookie是否错误或过期
[09:26:40 ERR] 程序发生异常：登录失败，请检查Cookie
[09:26:40 INF] -----结束-----

[09:26:40 ERR] 程序发生异常：登录失败，请检查Cookie
[09:26:40 INF] =========结束=========

[09:26:40 WRN] 异常：System.Exception: 登录失败，请检查Cookie
   at Ray.BiliBiliTool.Application.DailyTaskAppService.Login() in /home/runner/work/BiliBiliToolPro/BiliBiliToolPro/src/Ray.BiliBiliTool.Application/DailyTaskAppService.cs:line 127
   at Ray.BiliBiliTool.Application.DailyTaskAppService.DoTaskAsync(CancellationToken cancellationToken) in /home/runner/work/BiliBiliToolPro/BiliBiliToolPro/src/Ray.BiliBiliTool.Application/DailyTaskAppService.cs:line 78
   at Ray.BiliBiliTool.Console.BiliBiliToolHostedService.DoTasksAsync(String[] tasks, CancellationToken cancellationToken) in /home/runner/work/BiliBiliToolPro/BiliBiliToolPro/src/Ray.BiliBiliTool.Console/BiliBiliToolHostedService.cs:line 188
   at Ray.BiliBiliTool.Console.BiliBiliToolHostedService.StartAsync(CancellationToken cancellationToken) in /home/runner/work/BiliBiliToolPro/BiliBiliToolPro/src/Ray.BiliBiliTool.Console/BiliBiliToolHostedService.cs:line 76
[09:26:40 INF] 

========================

 v2.0.1 开源 by https://github.com/RayWangQvQ/BiliBiliToolPro

[09:26:40 INF] ·开始推送·Daily任务·
2023-10-10T01:26:40.0203561Z 开始推送到:PushPlus
2023-10-10T01:26:41.1401094Z Response status: OK.
2023-10-10T01:26:41.1401513Z Response content: {"code":200,"msg":"请求成功","data":"bc5cfee506d247afae706180d9f71be2","count":null}.

[09:26:41 INF] 运行环境：Development
[09:26:41 INF] 应用目录：/home/runner/work/BiliBiliToolPro/BiliBiliToolPro/src/Ray.BiliBiliTool.Console/bin/Debug/net6.0/

[09:26:41 INF] 运行结束
