----------- ip 信息 ---------
{
  "ip": "40.84.170.114",
  "city": "San Antonio",
  "region": "Texas",
  "country": "US",
  "loc": "29.4241,-98.4936",
  "org": "AS8075 Microsoft Corporation",
  "postal": "78205",
  "timezone": "America/Chicago",
  "readme": "https://ipinfo.io/missingauth"
} ---------- end ------------
  ____               ____    _   _____           _  
 |  _ \ __ _ _   _  | __ ) _| |_|_   _|__   ___ | | 
 | |_) / _` | | | | |  _ \(_) (_) | |/ _ \ / _ \| | 
 |  _ < (_| | |_| | | |_) | | | | | | (_) | (_) | | 
 |_| \_\__,_|\__, | |____/|_|_|_| |_|\___/ \___/|_| 
             |___/                                  

[10:00:20 INF] BiliBiliToolPro 开始运行...

[10:00:21 INF] 【账号个数】3个

[10:00:21 INF] 随机休眠4分钟

[10:04:21 INF] 【目标任务】Daily
[10:04:21 INF] ######### 账号 1 #########

[10:04:21 INF] =====开始 每日任务 =====

[10:04:21 INF] ---开始 Set Cookie ---
[10:04:21 INF] Cookie完整，不需要Set Cookie
[10:04:21 INF] -------------结束-------------

[10:04:21 INF] ---开始 登录 ---
[10:04:29 INF] 【用户名】waxxxx12
[10:04:29 INF] 【会员类型】月度大会员
[10:04:29 INF] 【会员状态】无/过期
[10:04:29 INF] 【硬币余额】493.2
[10:04:29 INF] 【距升级Lv6】272天（如每日做满65点经验）
[10:04:29 INF] 登录成功，经验+5 √
[10:04:29 INF] -----结束-----

[10:04:34 INF] ---开始 观看、分享视频 ---
[10:04:58 INF] 【随机视频】【开箱】小米首款全屋中控！MIUI Home！
[10:04:58 INF] 今天已经观看过了，不需要再看啦
[10:05:07 INF] 视频分享成功，经验+5 √
[10:05:07 INF] ----------结束----------

[10:05:07 INF] ---开始 投币 ---
[10:05:07 INF] 已配置为跳过投币任务
[10:05:07 INF] -----结束-----

[10:05:07 INF] ---开始 直播签到 ---
[10:05:14 INF] 【签到结果】成功
[10:05:14 INF] 【本次获取】3000点用户经验,2根辣条,
[10:05:14 INF] -------结束-------

[10:05:14 INF] ---开始 漫画签到 ---
[10:05:17 INF] 【签到结果】成功
[10:05:17 INF] -------结束-------

[10:05:17 INF] ---开始 漫画阅读 ---
[10:05:21 INF] 【漫画阅读】成功, 阅读漫画为：堀与宫村
[10:05:21 INF] -------结束-------

[10:05:21 INF] ---开始 银瓜子兑换硬币 ---
[10:05:21 INF] 【目标兑换日期】30号
[10:05:21 INF] 【今天】30号
[10:05:24 INF] 【银瓜子余额】 20
[10:05:24 INF] 【硬币余额】 493
[10:05:24 INF] 【今日剩余兑换次数】 1
[10:05:24 INF] 开始尝试兑换...
[10:05:28 INF] 【兑换结果】失败
[10:05:28 INF] 【原因】银瓜子余额不足
[10:05:28 INF] ----------结束----------

[10:05:28 INF] ---开始 领取大会员福利 ---
[10:05:28 INF] 普通会员和月度大会员每月不赠送B币券，不需要领取权益喽
[10:05:28 INF] ----------结束----------

[10:05:28 INF] ---开始 领取大会员漫画权益 ---
[10:05:28 INF] 不是会员，跳过
[10:05:28 INF] ------------结束------------

[10:05:28 INF] ---开始 B币券充电 ---
[10:05:28 INF] 不是年度大会员，跳过
[10:05:28 INF] --------结束--------

[10:05:28 INF] =========结束=========

[10:05:28 INF] ######### 账号 2 #########

[10:05:28 INF] =====开始 每日任务 =====

[10:05:28 INF] ---开始 Set Cookie ---
[10:05:28 INF] Cookie完整，不需要Set Cookie
[10:05:28 INF] -------------结束-------------

[10:05:28 INF] ---开始 登录 ---
[10:05:34 INF] 【用户名】bilixxxxxxxx1879
[10:05:34 INF] 【会员类型】月度大会员
[10:05:34 INF] 【会员状态】无/过期
[10:05:34 INF] 【硬币余额】336
[10:05:34 INF] 【距升级Lv5】90天（如每日做满65点经验）
[10:05:34 INF] 登录成功，经验+5 √
[10:05:34 INF] -----结束-----

[10:05:41 INF] ---开始 观看、分享视频 ---
[10:06:04 INF] 【随机视频】内蒙如来神掌是怎么回事？
[10:06:11 INF] 视频播放成功，已观看到第11秒，经验+5 √
[10:06:15 INF] 视频分享成功，经验+5 √
[10:06:15 INF] ----------结束----------

[10:06:15 INF] ---开始 投币 ---
[10:06:15 INF] 已配置为跳过投币任务
[10:06:15 INF] -----结束-----

[10:06:15 INF] ---开始 直播签到 ---
[10:06:19 INF] 【签到结果】成功
[10:06:19 INF] 【本次获取】3000点用户经验,2根辣条,
[10:06:19 INF] -------结束-------

[10:06:19 INF] ---开始 漫画签到 ---
[10:06:24 INF] 【签到结果】成功
[10:06:24 INF] -------结束-------

[10:06:24 INF] ---开始 漫画阅读 ---
[10:06:31 INF] 【漫画阅读】成功, 阅读漫画为：堀与宫村
[10:06:31 INF] -------结束-------

[10:06:31 INF] ---开始 银瓜子兑换硬币 ---
[10:06:31 INF] 【目标兑换日期】30号
[10:06:31 INF] 【今天】30号
[10:06:34 INF] 【银瓜子余额】 292
[10:06:34 INF] 【硬币余额】 336
[10:06:34 INF] 【今日剩余兑换次数】 1
[10:06:34 INF] 开始尝试兑换...
[10:06:40 INF] 【兑换结果】失败
[10:06:40 INF] 【原因】银瓜子余额不足
[10:06:40 INF] ----------结束----------

[10:06:40 INF] ---开始 领取大会员福利 ---
[10:06:40 INF] 普通会员和月度大会员每月不赠送B币券，不需要领取权益喽
[10:06:40 INF] ----------结束----------

[10:06:40 INF] ---开始 领取大会员漫画权益 ---
[10:06:40 INF] 不是会员，跳过
[10:06:40 INF] ------------结束------------

[10:06:40 INF] ---开始 B币券充电 ---
[10:06:40 INF] 不是年度大会员，跳过
[10:06:40 INF] --------结束--------

[10:06:40 INF] =========结束=========

[10:06:40 INF] ######### 账号 3 #########

[10:06:40 INF] =====开始 每日任务 =====

[10:06:40 INF] ---开始 Set Cookie ---
[10:06:40 INF] Cookie完整，不需要Set Cookie
[10:06:40 INF] -------------结束-------------

[10:06:40 INF] ---开始 登录 ---
[10:06:45 INF] 【用户名】晴xxng
[10:06:45 INF] 【会员类型】无
[10:06:45 INF] 【会员状态】无/过期
[10:06:45 INF] 【硬币余额】153
[10:06:45 INF] 【距升级Lv4】27天（如每日做满65点经验）
[10:06:45 INF] 登录成功，经验+5 √
[10:06:45 INF] -----结束-----

[10:06:48 INF] ---开始 观看、分享视频 ---
[10:07:13 INF] 【随机视频】昆明植物园食虫植物温室，我心中最标准的食虫植物馆的样子
[10:07:21 INF] 视频播放成功，已观看到第12秒，经验+5 √
[10:07:28 INF] 视频分享成功，经验+5 √
[10:07:28 INF] ----------结束----------

[10:07:28 INF] ---开始 投币 ---
[10:07:28 INF] 已配置为跳过投币任务
[10:07:28 INF] -----结束-----

[10:07:28 INF] ---开始 直播签到 ---
[10:07:36 INF] 【签到结果】成功
[10:07:36 INF] 【本次获取】3000点用户经验,2根辣条,
[10:07:36 INF] -------结束-------

[10:07:36 INF] ---开始 漫画签到 ---
[10:07:41 INF] 【签到结果】成功
[10:07:41 INF] -------结束-------

[10:07:41 INF] ---开始 漫画阅读 ---
[10:07:44 INF] 【漫画阅读】成功, 阅读漫画为：堀与宫村
[10:07:44 INF] -------结束-------

[10:07:44 INF] ---开始 银瓜子兑换硬币 ---
[10:07:44 INF] 【目标兑换日期】30号
[10:07:44 INF] 【今天】30号
[10:07:52 INF] 【银瓜子余额】 530
[10:07:52 INF] 【硬币余额】 153
[10:07:52 INF] 【今日剩余兑换次数】 1
[10:07:52 INF] 开始尝试兑换...
[10:07:56 INF] 【兑换结果】失败
[10:07:56 INF] 【原因】银瓜子余额不足
[10:07:56 INF] ----------结束----------

[10:07:56 INF] ---开始 领取大会员福利 ---
[10:07:56 INF] 普通会员和月度大会员每月不赠送B币券，不需要领取权益喽
[10:07:56 INF] ----------结束----------

[10:07:56 INF] ---开始 领取大会员漫画权益 ---
[10:07:56 INF] 不是会员，跳过
[10:07:56 INF] ------------结束------------

[10:07:56 INF] ---开始 B币券充电 ---
[10:07:56 INF] 不是年度大会员，跳过
[10:07:56 INF] --------结束--------

[10:07:56 INF] =========结束=========

[10:07:56 INF] 

========================

 v2.0.1 开源 by https://github.com/RayWangQvQ/BiliBiliToolPro

[10:07:56 INF] ·开始推送·Daily任务·
2023-06-30T02:07:56.2592106Z 开始推送到:自定义
2023-06-30T02:08:00.9686680Z Response status: OK.
2023-06-30T02:08:00.9687133Z Response content: {"message":"","success":true,"uuid":"8ccc969b30794e2898be13f31cd25343"}.

[10:08:00 INF] 运行环境：Development
[10:08:00 INF] 应用目录：/home/runner/work/BiliBiliToolPro/BiliBiliToolPro/src/Ray.BiliBiliTool.Console/bin/Debug/net6.0/

[10:08:00 INF] 运行结束
