----------- ip 信息 ---------
{
  "ip": "4.227.0.76",
  "city": "Phoenix",
  "region": "Arizona",
  "country": "US",
  "loc": "33.4484,-112.0740",
  "org": "AS8075 Microsoft Corporation",
  "postal": "85001",
  "timezone": "America/Phoenix",
  "readme": "https://ipinfo.io/missingauth"
} ---------- end ------------
  ____               ____    _   _____           _  
 |  _ \ __ _ _   _  | __ ) _| |_|_   _|__   ___ | | 
 | |_) / _` | | | | |  _ \(_) (_) | |/ _ \ / _ \| | 
 |  _ < (_| | |_| | | |_) | | | | | | (_) | (_) | | 
 |_| \_\__,_|\__, | |____/|_|_|_| |_|\___/ \___/|_| 
             |___/                                  

[09:20:12 INF] BiliBiliToolPro 开始运行...

[09:20:12 INF] 【账号个数】3个

[09:20:12 INF] 随机休眠3分钟

[09:23:12 INF] 【目标任务】Daily
[09:23:12 INF] ######### 账号 1 #########

[09:23:12 INF] =====开始 每日任务 =====

[09:23:12 INF] ---开始 Set Cookie ---
[09:23:12 INF] Cookie完整，不需要Set Cookie
[09:23:12 INF] -------------结束-------------

[09:23:12 INF] ---开始 登录 ---
[09:23:16 INF] 【用户名】sunxxxxxgzi
[09:23:16 INF] 【会员类型】月度大会员
[09:23:16 INF] 【会员状态】无/过期
[09:23:16 INF] 【硬币余额】549.2
[09:23:16 INF] 【距升级Lv6】240天（如每日做满65点经验）
[09:23:16 INF] 登录成功，经验+5 √
[09:23:16 INF] -----结束-----

[09:23:24 INF] ---开始 观看、分享视频 ---
[09:23:40 INF] 【随机视频】未能上市的手机拆解，诺基亚小时候给微软做的工程机RM-1183
[09:23:49 INF] 视频播放成功，已观看到第9秒，经验+5 √
[09:23:53 INF] 视频分享成功，经验+5 √
[09:23:53 INF] ----------结束----------

[09:23:53 INF] ---开始 投币 ---
[09:23:53 INF] 已配置为跳过投币任务
[09:23:53 INF] -----结束-----

[09:23:53 INF] ---开始 直播签到 ---
[09:23:56 INF] 【签到结果】成功
[09:23:56 INF] 【本次获取】3000点用户经验,2根辣条,再签到4天可以获得50根辣条
[09:23:56 INF] -------结束-------

[09:23:56 INF] ---开始 漫画签到 ---
[09:24:01 INF] 【签到结果】成功
[09:24:01 INF] -------结束-------

[09:24:01 INF] ---开始 漫画阅读 ---
[09:24:06 INF] 【漫画阅读】成功, 阅读漫画为：堀与宫村
[09:24:06 INF] -------结束-------

[09:24:06 INF] ---开始 银瓜子兑换硬币 ---
[09:24:06 INF] 【目标兑换日期】16号
[09:24:06 INF] 【今天】16号
[09:24:10 INF] 【银瓜子余额】 18
[09:24:10 INF] 【硬币余额】 549
[09:24:10 INF] 【今日剩余兑换次数】 1
[09:24:10 INF] 开始尝试兑换...
[09:24:16 INF] 【兑换结果】失败
[09:24:16 INF] 【原因】银瓜子余额不足
[09:24:16 INF] ----------结束----------

[09:24:16 INF] ---开始 领取大会员福利 ---
[09:24:16 INF] 普通会员和月度大会员每月不赠送B币券，不需要领取权益喽
[09:24:16 INF] ----------结束----------

[09:24:16 INF] ---开始 领取大会员漫画权益 ---
[09:24:16 INF] 不是会员，跳过
[09:24:16 INF] ------------结束------------

[09:24:16 INF] ---开始 B币券充电 ---
[09:24:16 INF] 不是年度大会员，跳过
[09:24:16 INF] --------结束--------

[09:24:16 INF] =========结束=========

[09:24:16 INF] ######### 账号 2 #########

[09:24:16 INF] =====开始 每日任务 =====

[09:24:16 INF] ---开始 Set Cookie ---
[09:24:16 INF] Cookie完整，不需要Set Cookie
[09:24:16 INF] -------------结束-------------

[09:24:16 INF] ---开始 登录 ---
[09:24:20 INF] 【用户名】bilixxxxxxxx1879
[09:24:20 INF] 【会员类型】月度大会员
[09:24:20 INF] 【会员状态】无/过期
[09:24:20 INF] 【硬币余额】418
[09:24:20 INF] 【距升级Lv5】72天（如每日做满65点经验）
[09:24:20 INF] 登录成功，经验+5 √
[09:24:20 INF] -----结束-----

[09:24:24 INF] ---开始 观看、分享视频 ---
[09:24:46 INF] 【随机视频】为什么欧洲人花园里爱种中国杜鹃，中国人自己却种得很少？
[09:24:57 INF] 视频播放成功，已观看到第14秒，经验+5 √
[09:25:00 INF] 视频分享成功，经验+5 √
[09:25:00 INF] ----------结束----------

[09:25:00 INF] ---开始 投币 ---
[09:25:00 INF] 已配置为跳过投币任务
[09:25:00 INF] -----结束-----

[09:25:00 INF] ---开始 直播签到 ---
[09:25:05 INF] 【签到结果】成功
[09:25:05 INF] 【本次获取】3000点用户经验,2根辣条,再签到4天可以获得50根辣条
[09:25:05 INF] -------结束-------

[09:25:05 INF] ---开始 漫画签到 ---
[09:25:13 INF] 【签到结果】成功
[09:25:13 INF] -------结束-------

[09:25:13 INF] ---开始 漫画阅读 ---
[09:25:16 INF] 【漫画阅读】成功, 阅读漫画为：堀与宫村
[09:25:16 INF] -------结束-------

[09:25:16 INF] ---开始 银瓜子兑换硬币 ---
[09:25:16 INF] 【目标兑换日期】16号
[09:25:16 INF] 【今天】16号
[09:25:23 INF] 【银瓜子余额】 490
[09:25:23 INF] 【硬币余额】 418
[09:25:23 INF] 【今日剩余兑换次数】 1
[09:25:23 INF] 开始尝试兑换...
[09:25:26 INF] 【兑换结果】失败
[09:25:26 INF] 【原因】银瓜子余额不足
[09:25:26 INF] ----------结束----------

[09:25:26 INF] ---开始 领取大会员福利 ---
[09:25:26 INF] 普通会员和月度大会员每月不赠送B币券，不需要领取权益喽
[09:25:26 INF] ----------结束----------

[09:25:26 INF] ---开始 领取大会员漫画权益 ---
[09:25:26 INF] 不是会员，跳过
[09:25:26 INF] ------------结束------------

[09:25:26 INF] ---开始 B币券充电 ---
[09:25:26 INF] 不是年度大会员，跳过
[09:25:26 INF] --------结束--------

[09:25:26 INF] =========结束=========

[09:25:26 INF] ######### 账号 3 #########

[09:25:26 INF] =====开始 每日任务 =====

[09:25:26 INF] ---开始 Set Cookie ---
[09:25:26 INF] Cookie完整，不需要Set Cookie
[09:25:26 INF] -------------结束-------------

[09:25:26 INF] ---开始 登录 ---
[09:25:30 WRN] 登录异常，请检查Cookie是否错误或过期
[09:25:30 ERR] 程序发生异常：登录失败，请检查Cookie
[09:25:30 INF] -----结束-----

[09:25:30 ERR] 程序发生异常：登录失败，请检查Cookie
[09:25:30 INF] =========结束=========

[09:25:30 WRN] 异常：System.Exception: 登录失败，请检查Cookie
   at Ray.BiliBiliTool.Application.DailyTaskAppService.Login() in /home/runner/work/BiliBiliToolPro/BiliBiliToolPro/src/Ray.BiliBiliTool.Application/DailyTaskAppService.cs:line 127
   at Ray.BiliBiliTool.Application.DailyTaskAppService.DoTaskAsync(CancellationToken cancellationToken) in /home/runner/work/BiliBiliToolPro/BiliBiliToolPro/src/Ray.BiliBiliTool.Application/DailyTaskAppService.cs:line 78
   at Ray.BiliBiliTool.Console.BiliBiliToolHostedService.DoTasksAsync(String[] tasks, CancellationToken cancellationToken) in /home/runner/work/BiliBiliToolPro/BiliBiliToolPro/src/Ray.BiliBiliTool.Console/BiliBiliToolHostedService.cs:line 188
   at Ray.BiliBiliTool.Console.BiliBiliToolHostedService.StartAsync(CancellationToken cancellationToken) in /home/runner/work/BiliBiliToolPro/BiliBiliToolPro/src/Ray.BiliBiliTool.Console/BiliBiliToolHostedService.cs:line 76
[09:25:30 INF] 

========================

 v2.0.1 开源 by https://github.com/RayWangQvQ/BiliBiliToolPro

[09:25:30 INF] ·开始推送·Daily任务·
2023-09-16T01:25:30.3967404Z 开始推送到:PushPlus
2023-09-16T01:25:31.4988231Z Response status: OK.
2023-09-16T01:25:31.4988639Z Response content: {"code":200,"msg":"请求成功","data":"01acc5be2cb749929de4d4f1b15ba570","count":null}.

[09:25:31 INF] 运行环境：Development
[09:25:31 INF] 应用目录：/home/runner/work/BiliBiliToolPro/BiliBiliToolPro/src/Ray.BiliBiliTool.Console/bin/Debug/net6.0/

[09:25:31 INF] 运行结束
