----------- ip 信息 ---------
{
  "ip": "104.210.132.51",
  "city": "San Antonio",
  "region": "Texas",
  "country": "US",
  "loc": "29.4241,-98.4936",
  "org": "AS8075 Microsoft Corporation",
  "postal": "78205",
  "timezone": "America/Chicago",
  "readme": "https://ipinfo.io/missingauth"
} ---------- end ------------
  ____               ____    _   _____           _  
 |  _ \ __ _ _   _  | __ ) _| |_|_   _|__   ___ | | 
 | |_) / _` | | | | |  _ \(_) (_) | |/ _ \ / _ \| | 
 |  _ < (_| | |_| | | |_) | | | | | | (_) | (_) | | 
 |_| \_\__,_|\__, | |____/|_|_|_| |_|\___/ \___/|_| 
             |___/                                  

[09:22:40 INF] BiliBiliToolPro 开始运行...

[09:22:40 INF] 【账号个数】3个

[09:22:40 INF] 随机休眠3分钟

[09:25:40 INF] 【目标任务】Daily
[09:25:40 INF] ######### 账号 1 #########

[09:25:40 INF] =====开始 每日任务 =====

[09:25:40 INF] ---开始 Set Cookie ---
[09:25:40 INF] Cookie完整，不需要Set Cookie
[09:25:40 INF] -------------结束-------------

[09:25:40 INF] ---开始 登录 ---
[09:25:44 INF] 【用户名】sunxxxxxgzi
[09:25:44 INF] 【会员类型】月度大会员
[09:25:44 INF] 【会员状态】无/过期
[09:25:44 INF] 【硬币余额】561.2
[09:25:44 INF] 【距升级Lv6】236天（如每日做满65点经验）
[09:25:44 INF] 登录成功，经验+5 √
[09:25:44 INF] -----结束-----

[09:25:50 INF] ---开始 观看、分享视频 ---
[09:25:50 INF] 今天已经观看过了，不需要再看啦
[09:25:50 INF] 今天已经分享过了，不用再分享啦
[09:25:50 INF] ----------结束----------

[09:25:50 INF] ---开始 投币 ---
[09:25:50 INF] 已配置为跳过投币任务
[09:25:50 INF] -----结束-----

[09:25:50 INF] ---开始 直播签到 ---
[09:25:57 INF] 【签到结果】失败
[09:25:57 INF] 【原因】今日已签到过,无法重复签到
[09:25:57 INF] -------结束-------

[09:25:57 INF] ---开始 漫画签到 ---
[09:26:05 INF] 【签到结果】失败
[09:26:05 INF] 【原因】null
[09:26:05 INF] -------结束-------

[09:26:05 INF] ---开始 漫画阅读 ---
[09:26:09 INF] 【漫画阅读】成功, 阅读漫画为：堀与宫村
[09:26:09 INF] -------结束-------

[09:26:09 INF] ---开始 银瓜子兑换硬币 ---
[09:26:09 INF] 【目标兑换日期】2号
[09:26:09 INF] 【今天】2号
[09:26:13 INF] 【银瓜子余额】 18
[09:26:13 INF] 【硬币余额】 561
[09:26:13 INF] 【今日剩余兑换次数】 1
[09:26:13 INF] 开始尝试兑换...
[09:26:20 INF] 【兑换结果】失败
[09:26:20 INF] 【原因】银瓜子余额不足
[09:26:20 INF] ----------结束----------

[09:26:20 INF] ---开始 领取大会员福利 ---
[09:26:20 INF] 普通会员和月度大会员每月不赠送B币券，不需要领取权益喽
[09:26:20 INF] ----------结束----------

[09:26:20 INF] ---开始 领取大会员漫画权益 ---
[09:26:20 INF] 不是会员，跳过
[09:26:20 INF] ------------结束------------

[09:26:20 INF] ---开始 B币券充电 ---
[09:26:20 INF] 不是年度大会员，跳过
[09:26:20 INF] --------结束--------

[09:26:20 INF] =========结束=========

[09:26:20 INF] ######### 账号 2 #########

[09:26:20 INF] =====开始 每日任务 =====

[09:26:20 INF] ---开始 Set Cookie ---
[09:26:20 INF] Cookie完整，不需要Set Cookie
[09:26:20 INF] -------------结束-------------

[09:26:20 INF] ---开始 登录 ---
[09:26:25 INF] 【用户名】bilixxxxxxxx1879
[09:26:25 INF] 【会员类型】月度大会员
[09:26:25 INF] 【会员状态】无/过期
[09:26:25 INF] 【硬币余额】430
[09:26:25 INF] 【距升级Lv5】69天（如每日做满65点经验）
[09:26:25 INF] 登录成功，经验+5 √
[09:26:25 INF] -----结束-----

[09:26:31 INF] ---开始 观看、分享视频 ---
[09:26:31 INF] 今天已经观看过了，不需要再看啦
[09:26:31 INF] 今天已经分享过了，不用再分享啦
[09:26:31 INF] ----------结束----------

[09:26:31 INF] ---开始 投币 ---
[09:26:31 INF] 已配置为跳过投币任务
[09:26:31 INF] -----结束-----

[09:26:31 INF] ---开始 直播签到 ---
[09:26:38 INF] 【签到结果】失败
[09:26:38 INF] 【原因】今日已签到过,无法重复签到
[09:26:38 INF] -------结束-------

[09:26:38 INF] ---开始 漫画签到 ---
[09:26:45 INF] 【签到结果】失败
[09:26:45 INF] 【原因】null
[09:26:45 INF] -------结束-------

[09:26:45 INF] ---开始 漫画阅读 ---
[09:26:52 INF] 【漫画阅读】成功, 阅读漫画为：堀与宫村
[09:26:52 INF] -------结束-------

[09:26:52 INF] ---开始 银瓜子兑换硬币 ---
[09:26:52 INF] 【目标兑换日期】2号
[09:26:52 INF] 【今天】2号
[09:26:59 INF] 【银瓜子余额】 490
[09:26:59 INF] 【硬币余额】 430
[09:26:59 INF] 【今日剩余兑换次数】 1
[09:26:59 INF] 开始尝试兑换...
[09:27:02 INF] 【兑换结果】失败
[09:27:02 INF] 【原因】银瓜子余额不足
[09:27:02 INF] ----------结束----------

[09:27:02 INF] ---开始 领取大会员福利 ---
[09:27:02 INF] 普通会员和月度大会员每月不赠送B币券，不需要领取权益喽
[09:27:02 INF] ----------结束----------

[09:27:02 INF] ---开始 领取大会员漫画权益 ---
[09:27:02 INF] 不是会员，跳过
[09:27:02 INF] ------------结束------------

[09:27:02 INF] ---开始 B币券充电 ---
[09:27:02 INF] 不是年度大会员，跳过
[09:27:02 INF] --------结束--------

[09:27:02 INF] =========结束=========

[09:27:02 INF] ######### 账号 3 #########

[09:27:02 INF] =====开始 每日任务 =====

[09:27:02 INF] ---开始 Set Cookie ---
[09:27:02 INF] Cookie完整，不需要Set Cookie
[09:27:02 INF] -------------结束-------------

[09:27:02 INF] ---开始 登录 ---
[09:27:08 WRN] 登录异常，请检查Cookie是否错误或过期
[09:27:08 ERR] 程序发生异常：登录失败，请检查Cookie
[09:27:08 INF] -----结束-----

[09:27:08 ERR] 程序发生异常：登录失败，请检查Cookie
[09:27:08 INF] =========结束=========

[09:27:08 WRN] 异常：System.Exception: 登录失败，请检查Cookie
   at Ray.BiliBiliTool.Application.DailyTaskAppService.Login() in /home/runner/work/BiliBiliToolPro/BiliBiliToolPro/src/Ray.BiliBiliTool.Application/DailyTaskAppService.cs:line 127
   at Ray.BiliBiliTool.Application.DailyTaskAppService.DoTaskAsync(CancellationToken cancellationToken) in /home/runner/work/BiliBiliToolPro/BiliBiliToolPro/src/Ray.BiliBiliTool.Application/DailyTaskAppService.cs:line 78
   at Ray.BiliBiliTool.Console.BiliBiliToolHostedService.DoTasksAsync(String[] tasks, CancellationToken cancellationToken) in /home/runner/work/BiliBiliToolPro/BiliBiliToolPro/src/Ray.BiliBiliTool.Console/BiliBiliToolHostedService.cs:line 188
   at Ray.BiliBiliTool.Console.BiliBiliToolHostedService.StartAsync(CancellationToken cancellationToken) in /home/runner/work/BiliBiliToolPro/BiliBiliToolPro/src/Ray.BiliBiliTool.Console/BiliBiliToolHostedService.cs:line 76
[09:27:08 INF] 

========================

 v2.0.1 开源 by https://github.com/RayWangQvQ/BiliBiliToolPro

[09:27:08 INF] ·开始推送·Daily任务·
2023-10-02T01:27:08.3731256Z 开始推送到:PushPlus
2023-10-02T01:27:09.5489088Z Response status: OK.
2023-10-02T01:27:09.5489898Z Response content: {"code":200,"msg":"请求成功","data":"1d135e0a61574a1c98b3dd8677b79aeb","count":null}.

[09:27:09 INF] 运行环境：Development
[09:27:09 INF] 应用目录：/home/runner/work/BiliBiliToolPro/BiliBiliToolPro/src/Ray.BiliBiliTool.Console/bin/Debug/net6.0/

[09:27:09 INF] 运行结束
