----------- ip 信息 ---------
{
  "ip": "172.183.131.75",
  "city": "Chicago",
  "region": "Illinois",
  "country": "US",
  "loc": "41.8500,-87.6500",
  "org": "AS8075 Microsoft Corporation",
  "postal": "60666",
  "timezone": "America/Chicago",
  "readme": "https://ipinfo.io/missingauth"
} ---------- end ------------
  ____               ____    _   _____           _  
 |  _ \ __ _ _   _  | __ ) _| |_|_   _|__   ___ | | 
 | |_) / _` | | | | |  _ \(_) (_) | |/ _ \ / _ \| | 
 |  _ < (_| | |_| | | |_) | | | | | | (_) | (_) | | 
 |_| \_\__,_|\__, | |____/|_|_|_| |_|\___/ \___/|_| 
             |___/                                  

[09:22:58 INF] BiliBiliToolPro 开始运行...

[09:22:58 INF] 【账号个数】3个

[09:22:58 INF] 随机休眠2分钟

[09:24:58 INF] 【目标任务】Daily
[09:24:58 INF] ######### 账号 1 #########

[09:24:58 INF] =====开始 每日任务 =====

[09:24:58 INF] ---开始 Set Cookie ---
[09:24:58 INF] Cookie完整，不需要Set Cookie
[09:24:58 INF] -------------结束-------------

[09:24:58 INF] ---开始 登录 ---
[09:25:07 INF] 【用户名】sunxxxxxgzi
[09:25:07 INF] 【会员类型】月度大会员
[09:25:07 INF] 【会员状态】无/过期
[09:25:07 INF] 【硬币余额】1233.2
[09:25:07 INF] 【距升级Lv6】预计715天
[09:25:07 INF] 登录成功，经验+5 √
[09:25:07 INF] -----结束-----

[09:25:13 INF] ---开始 观看、分享视频 ---
[09:25:34 INF] 【随机视频】《队友越打越少》
[09:25:41 INF] 视频播放成功，已观看到第4秒，经验+5 √
[09:25:48 INF] 视频分享成功，经验+5 √
[09:25:48 INF] ----------结束----------

[09:25:48 INF] ---开始 投币 ---
[09:25:48 INF] 已配置为跳过投币任务
[09:25:48 INF] -----结束-----

[09:25:48 INF] ---开始 直播签到 ---
[09:25:54 INF] 【签到结果】成功
[09:25:54 INF] 【本次获取】3000点用户经验,2根辣条,
[09:25:54 INF] -------结束-------

[09:25:54 INF] ---开始 漫画签到 ---
[09:26:01 INF] 【签到结果】成功
[09:26:01 INF] -------结束-------

[09:26:01 INF] ---开始 漫画阅读 ---
[09:26:08 INF] 【漫画阅读】成功
[09:26:08 INF] -------结束-------

[09:26:08 INF] ---开始 银瓜子兑换硬币 ---
[09:26:08 INF] 【目标兑换日期】30号
[09:26:08 INF] 【今天】30号
[09:26:13 INF] 【银瓜子余额】 480
[09:26:13 INF] 【硬币余额】 1233
[09:26:13 INF] 【今日剩余兑换次数】 1
[09:26:13 INF] 开始尝试兑换...
[09:26:20 INF] 【兑换结果】失败
[09:26:20 INF] 【原因】银瓜子余额不足
[09:26:20 INF] ----------结束----------

[09:26:20 INF] ---开始 领取大会员福利 ---
[09:26:20 INF] 普通会员和月度大会员每月不赠送B币券，不需要领取权益喽
[09:26:20 INF] ----------结束----------

[09:26:20 INF] ---开始 领取大会员漫画权益 ---
[09:26:20 INF] 不是会员，跳过
[09:26:20 INF] ------------结束------------

[09:26:20 INF] ---开始 B币券充电 ---
[09:26:20 INF] 已配置为关闭，跳过
[09:26:20 INF] --------结束--------

[09:26:20 INF] =========结束=========

[09:26:20 INF] ######### 账号 2 #########

[09:26:20 INF] =====开始 每日任务 =====

[09:26:20 INF] ---开始 Set Cookie ---
[09:26:20 INF] Cookie完整，不需要Set Cookie
[09:26:20 INF] -------------结束-------------

[09:26:20 INF] ---开始 登录 ---
[09:26:24 INF] 【用户名】bilixxxxxxxx1879
[09:26:24 INF] 【会员类型】月度大会员
[09:26:24 INF] 【会员状态】无/过期
[09:26:24 INF] 【硬币余额】632
[09:26:24 INF] 【距升级Lv5】预计53天
[09:26:24 INF] 登录成功，经验+5 √
[09:26:24 INF] -----结束-----

[09:26:31 INF] ---开始 观看、分享视频 ---
[09:26:57 INF] 【随机视频】【花雨庭起床4v4】速通局
[09:27:07 INF] 视频播放成功，已观看到第2秒，经验+5 √
[09:27:11 INF] 视频分享成功，经验+5 √
[09:27:11 INF] ----------结束----------

[09:27:11 INF] ---开始 投币 ---
[09:27:11 INF] 已配置为跳过投币任务
[09:27:11 INF] -----结束-----

[09:27:11 INF] ---开始 直播签到 ---
[09:27:14 INF] 【签到结果】成功
[09:27:14 INF] 【本次获取】3000点用户经验,2根辣条,
[09:27:14 INF] -------结束-------

[09:27:14 INF] ---开始 漫画签到 ---
[09:27:18 INF] 【签到结果】成功
[09:27:18 INF] -------结束-------

[09:27:18 INF] ---开始 漫画阅读 ---
[09:27:23 INF] 【漫画阅读】成功
[09:27:23 INF] -------结束-------

[09:27:23 INF] ---开始 银瓜子兑换硬币 ---
[09:27:23 INF] 【目标兑换日期】30号
[09:27:23 INF] 【今天】30号
[09:27:29 INF] 【银瓜子余额】 252
[09:27:29 INF] 【硬币余额】 632
[09:27:29 INF] 【今日剩余兑换次数】 1
[09:27:29 INF] 开始尝试兑换...
[09:27:36 INF] 【兑换结果】失败
[09:27:36 INF] 【原因】银瓜子余额不足
[09:27:36 INF] ----------结束----------

[09:27:36 INF] ---开始 领取大会员福利 ---
[09:27:36 INF] 普通会员和月度大会员每月不赠送B币券，不需要领取权益喽
[09:27:36 INF] ----------结束----------

[09:27:36 INF] ---开始 领取大会员漫画权益 ---
[09:27:36 INF] 不是会员，跳过
[09:27:36 INF] ------------结束------------

[09:27:36 INF] ---开始 B币券充电 ---
[09:27:36 INF] 已配置为关闭，跳过
[09:27:36 INF] --------结束--------

[09:27:36 INF] =========结束=========

[09:27:36 INF] ######### 账号 3 #########

[09:27:36 INF] =====开始 每日任务 =====

[09:27:36 INF] ---开始 Set Cookie ---
[09:27:36 INF] Cookie完整，不需要Set Cookie
[09:27:36 INF] -------------结束-------------

[09:27:36 INF] ---开始 登录 ---
[09:27:43 WRN] 登录异常，请检查Cookie是否错误或过期
[09:27:43 ERR] 程序发生异常：登录失败，请检查Cookie
[09:27:43 INF] -----结束-----

[09:27:43 ERR] 程序发生异常：登录失败，请检查Cookie
[09:27:43 INF] =========结束=========

[09:27:43 WRN] 异常：System.Exception: 登录失败，请检查Cookie
   at Ray.BiliBiliTool.Application.DailyTaskAppService.Login() in /home/runner/work/BiliBiliToolPro/BiliBiliToolPro/src/Ray.BiliBiliTool.Application/DailyTaskAppService.cs:line 134
   at Ray.BiliBiliTool.Application.DailyTaskAppService.DoTaskAsync(CancellationToken cancellationToken) in /home/runner/work/BiliBiliToolPro/BiliBiliToolPro/src/Ray.BiliBiliTool.Application/DailyTaskAppService.cs:line 81
   at Ray.BiliBiliTool.Console.BiliBiliToolHostedService.DoTasksAsync(String[] tasks, CancellationToken cancellationToken) in /home/runner/work/BiliBiliToolPro/BiliBiliToolPro/src/Ray.BiliBiliTool.Console/BiliBiliToolHostedService.cs:line 194
   at Ray.BiliBiliTool.Console.BiliBiliToolHostedService.StartAsync(CancellationToken cancellationToken) in /home/runner/work/BiliBiliToolPro/BiliBiliToolPro/src/Ray.BiliBiliTool.Console/BiliBiliToolHostedService.cs:line 76
[09:27:43 INF] 

========================

 v2.0.2 开源 by https://github.com/RayWangQvQ/BiliBiliToolPro

[09:27:43 INF] ·开始推送·Daily任务·
2024-04-30T01:27:43.3808159Z 开始推送到:PushPlus
2024-04-30T01:27:44.2542795Z Response status: OK.
2024-04-30T01:27:44.2543155Z Response content: {"code":200,"msg":"请求成功","data":"972da173a47c4935bf1f64d52aa30df4","count":null}.

[09:27:44 INF] 运行环境：Development
[09:27:44 INF] 应用目录：/home/runner/work/BiliBiliToolPro/BiliBiliToolPro/src/Ray.BiliBiliTool.Console/bin/Debug/net6.0/

[09:27:44 INF] 运行结束
  ____               ____    _   _____           _  
 |  _ \ __ _ _   _  | __ ) _| |_|_   _|__   ___ | | 
 | |_) / _` | | | | |  _ \(_) (_) | |/ _ \ / _ \| | 
 |  _ < (_| | |_| | | |_) | | | | | | (_) | (_) | | 
 |_| \_\__,_|\__, | |____/|_|_|_| |_|\___/ \___/|_| 
             |___/                                  

[09:27:46 INF] BiliBiliToolPro 开始运行...

[09:27:46 INF] 【账号个数】3个

[09:27:46 INF] 随机休眠1分钟

[09:28:46 INF] 【目标任务】VipBigPoint
[09:28:46 INF] ######### 账号 1 #########

[09:28:46 INF] =====开始 大会员大积分 =====

[09:28:46 INF] 大会员经验领取任务开始
[09:28:51 INF] 大会员经验未兑换
[09:28:54 INF] 领取成功，经验+10 √
[09:28:54 INF] ---开始 测试Cookie ---
[09:28:59 INF] 【用户名】sunxxxxxgzi
[09:28:59 INF] 【会员类型】月度大会员
[09:28:59 INF] 【会员状态】无/过期
[09:28:59 INF] 【硬币余额】1233.2
[09:28:59 INF] 【距升级Lv6】预计714天
[09:28:59 INF] -----------结束-----------

[09:28:59 INF] 当前不是大会员或已过期，跳过任务
[09:28:59 INF] ===========结束===========

[09:28:59 INF] ######### 账号 2 #########

[09:28:59 INF] =====开始 大会员大积分 =====

[09:28:59 INF] 大会员经验领取任务开始
[09:29:07 INF] 大会员经验未兑换
[09:29:12 INF] 领取成功，经验+10 √
[09:29:12 INF] ---开始 测试Cookie ---
[09:29:15 INF] 【用户名】bilixxxxxxxx1879
[09:29:15 INF] 【会员类型】月度大会员
[09:29:15 INF] 【会员状态】无/过期
[09:29:15 INF] 【硬币余额】632
[09:29:15 INF] 【距升级Lv5】预计51天
[09:29:15 INF] -----------结束-----------

[09:29:15 INF] 当前不是大会员或已过期，跳过任务
[09:29:15 INF] ===========结束===========

[09:29:15 INF] ######### 账号 3 #########

[09:29:15 INF] =====开始 大会员大积分 =====

[09:29:15 INF] 大会员经验领取任务开始
[09:29:20 INF] ---开始 测试Cookie ---
[09:29:25 WRN] 登录异常，请检查Cookie是否错误或过期
[09:29:25 ERR] 程序发生异常：登录失败，请检查Cookie
[09:29:25 INF] -----------结束-----------

[09:29:25 ERR] 程序发生异常：登录失败，请检查Cookie
[09:29:25 INF] ===========结束===========

[09:29:25 WRN] 异常：System.Exception: 登录失败，请检查Cookie
   at Ray.BiliBiliTool.Application.VipBigPointAppService.GetUserInfo() in /home/runner/work/BiliBiliToolPro/BiliBiliToolPro/src/Ray.BiliBiliTool.Application/VipBigPointAppService.cs:line 150
   at Ray.BiliBiliTool.Application.VipBigPointAppService.DoTaskAsync(CancellationToken cancellationToken) in /home/runner/work/BiliBiliToolPro/BiliBiliToolPro/src/Ray.BiliBiliTool.Application/VipBigPointAppService.cs:line 98
   at Ray.BiliBiliTool.Console.BiliBiliToolHostedService.DoTasksAsync(String[] tasks, CancellationToken cancellationToken) in /home/runner/work/BiliBiliToolPro/BiliBiliToolPro/src/Ray.BiliBiliTool.Console/BiliBiliToolHostedService.cs:line 194
   at Ray.BiliBiliTool.Console.BiliBiliToolHostedService.StartAsync(CancellationToken cancellationToken) in /home/runner/work/BiliBiliToolPro/BiliBiliToolPro/src/Ray.BiliBiliTool.Console/BiliBiliToolHostedService.cs:line 76
[09:29:25 INF] 

========================

 v2.0.2 开源 by https://github.com/RayWangQvQ/BiliBiliToolPro

[09:29:25 INF] ·开始推送·VipBigPoint任务·
2024-04-30T01:29:25.8900490Z 开始推送到:PushPlus
2024-04-30T01:29:26.9732835Z Response status: OK.
2024-04-30T01:29:26.9733365Z Response content: {"code":200,"msg":"请求成功","data":"1d73af9c7ea24ecfadd9c785263ac2f0","count":null}.

[09:29:26 INF] 运行环境：Development
[09:29:26 INF] 应用目录：/home/runner/work/BiliBiliToolPro/BiliBiliToolPro/src/Ray.BiliBiliTool.Console/bin/Debug/net6.0/

[09:29:26 INF] 运行结束
