----------- ip 信息 ---------
{
  "ip": "20.42.13.1",
  "city": "Washington",
  "region": "Virginia",
  "country": "US",
  "loc": "38.7135,-78.1594",
  "org": "AS8075 Microsoft Corporation",
  "postal": "22747",
  "timezone": "America/New_York",
  "readme": "https://ipinfo.io/missingauth"
} ---------- end ------------
  ____               ____    _   _____           _  
 |  _ \ __ _ _   _  | __ ) _| |_|_   _|__   ___ | | 
 | |_) / _` | | | | |  _ \(_) (_) | |/ _ \ / _ \| | 
 |  _ < (_| | |_| | | |_) | | | | | | (_) | (_) | | 
 |_| \_\__,_|\__, | |____/|_|_|_| |_|\___/ \___/|_| 
             |___/                                  

[11:07:14 INF] BiliBiliToolPro 开始运行...

[11:07:14 INF] 【账号个数】3个

[11:07:14 INF] 随机休眠1分钟

[11:08:14 INF] 【目标任务】Daily
[11:08:14 INF] ######### 账号 1 #########

[11:08:15 INF] =====开始 每日任务 =====

[11:08:15 INF] ---开始 Set Cookie ---
[11:08:15 INF] Cookie完整，不需要Set Cookie
[11:08:15 INF] -------------结束-------------

[11:08:15 INF] ---开始 登录 ---
[11:08:20 INF] 【用户名】sunxxxxxgzi
[11:08:20 INF] 【会员类型】月度大会员
[11:08:20 INF] 【会员状态】无/过期
[11:08:20 INF] 【硬币余额】526.2
[11:08:20 INF] 【距升级Lv6】266天（如每日做满65点经验）
[11:08:20 INF] 登录成功，经验+5 √
[11:08:20 INF] -----结束-----

[11:08:26 INF] ---开始 观看、分享视频 ---
[11:08:54 INF] 【随机视频】粉丝的扫地机器人被售后判了死刑，我这一不小心修好了
[11:08:54 INF] 今天已经观看过了，不需要再看啦
[11:09:04 INF] 视频分享成功，经验+5 √
[11:09:04 INF] ----------结束----------

[11:09:04 INF] ---开始 投币 ---
[11:09:04 INF] 已配置为跳过投币任务
[11:09:04 INF] -----结束-----

[11:09:04 INF] ---开始 直播签到 ---
[11:09:11 INF] 【签到结果】成功
[11:09:11 INF] 【本次获取】3000点用户经验,2根辣条,再签到1天可以获得50根辣条
[11:09:11 INF] -------结束-------

[11:09:11 INF] ---开始 漫画签到 ---
[11:09:16 INF] 【签到结果】成功
[11:09:16 INF] -------结束-------

[11:09:16 INF] ---开始 漫画阅读 ---
[11:09:23 INF] 【漫画阅读】成功, 阅读漫画为：堀与宫村
[11:09:23 INF] -------结束-------

[11:09:23 INF] ---开始 银瓜子兑换硬币 ---
[11:09:23 INF] 【目标兑换日期】19号
[11:09:23 INF] 【今天】19号
[11:09:30 INF] 【银瓜子余额】 686
[11:09:30 INF] 【硬币余额】 526
[11:09:30 INF] 【今日剩余兑换次数】 1
[11:09:30 INF] 开始尝试兑换...
[11:09:37 INF] 【兑换结果】失败
[11:09:37 INF] 【原因】银瓜子余额不足
[11:09:37 INF] ----------结束----------

[11:09:37 INF] ---开始 领取大会员福利 ---
[11:09:37 INF] 普通会员和月度大会员每月不赠送B币券，不需要领取权益喽
[11:09:37 INF] ----------结束----------

[11:09:37 INF] ---开始 领取大会员漫画权益 ---
[11:09:37 INF] 不是会员，跳过
[11:09:37 INF] ------------结束------------

[11:09:37 INF] ---开始 B币券充电 ---
[11:09:37 INF] 不是年度大会员，跳过
[11:09:37 INF] --------结束--------

[11:09:37 INF] =========结束=========

[11:09:37 INF] ######### 账号 2 #########

[11:09:37 INF] =====开始 每日任务 =====

[11:09:37 INF] ---开始 Set Cookie ---
[11:09:37 INF] Cookie完整，不需要Set Cookie
[11:09:37 INF] -------------结束-------------

[11:09:37 INF] ---开始 登录 ---
[11:09:42 INF] 【用户名】bilixxxxxxxx1879
[11:09:42 INF] 【会员类型】月度大会员
[11:09:42 INF] 【会员状态】无/过期
[11:09:42 INF] 【硬币余额】356
[11:09:42 INF] 【距升级Lv5】85天（如每日做满65点经验）
[11:09:42 INF] 登录成功，经验+5 √
[11:09:42 INF] -----结束-----

[11:09:47 INF] ---开始 观看、分享视频 ---
[11:10:10 INF] 【随机视频】花雨庭里欢乐多#6
[11:10:20 INF] 视频播放成功，已观看到第5秒，经验+5 √
[11:10:24 INF] 视频分享成功，经验+5 √
[11:10:24 INF] ----------结束----------

[11:10:24 INF] ---开始 投币 ---
[11:10:24 INF] 已配置为跳过投币任务
[11:10:24 INF] -----结束-----

[11:10:24 INF] ---开始 直播签到 ---
[11:10:31 INF] 【签到结果】成功
[11:10:31 INF] 【本次获取】3000点用户经验,2根辣条,再签到1天可以获得50根辣条
[11:10:31 INF] -------结束-------

[11:10:31 INF] ---开始 漫画签到 ---
[11:10:35 INF] 【签到结果】成功
[11:10:35 INF] -------结束-------

[11:10:35 INF] ---开始 漫画阅读 ---
[11:10:42 INF] 【漫画阅读】成功, 阅读漫画为：堀与宫村
[11:10:42 INF] -------结束-------

[11:10:42 INF] ---开始 银瓜子兑换硬币 ---
[11:10:42 INF] 【目标兑换日期】19号
[11:10:42 INF] 【今天】19号
[11:10:48 INF] 【银瓜子余额】 258
[11:10:48 INF] 【硬币余额】 356
[11:10:48 INF] 【今日剩余兑换次数】 1
[11:10:48 INF] 开始尝试兑换...
[11:10:52 INF] 【兑换结果】失败
[11:10:52 INF] 【原因】银瓜子余额不足
[11:10:52 INF] ----------结束----------

[11:10:52 INF] ---开始 领取大会员福利 ---
[11:10:52 INF] 普通会员和月度大会员每月不赠送B币券，不需要领取权益喽
[11:10:52 INF] ----------结束----------

[11:10:52 INF] ---开始 领取大会员漫画权益 ---
[11:10:52 INF] 不是会员，跳过
[11:10:52 INF] ------------结束------------

[11:10:52 INF] ---开始 B币券充电 ---
[11:10:52 INF] 不是年度大会员，跳过
[11:10:52 INF] --------结束--------

[11:10:52 INF] =========结束=========

[11:10:52 INF] ######### 账号 3 #########

[11:10:52 INF] =====开始 每日任务 =====

[11:10:52 INF] ---开始 Set Cookie ---
[11:10:52 INF] Cookie完整，不需要Set Cookie
[11:10:52 INF] -------------结束-------------

[11:10:52 INF] ---开始 登录 ---
[11:10:57 INF] 【用户名】晴xxng
[11:10:57 INF] 【会员类型】无
[11:10:57 INF] 【会员状态】无/过期
[11:10:57 INF] 【硬币余额】173
[11:10:57 INF] 【距升级Lv4】23天（如每日做满65点经验）
[11:10:57 INF] 登录成功，经验+5 √
[11:10:57 INF] -----结束-----

[11:11:01 INF] ---开始 观看、分享视频 ---
[11:11:23 INF] 【随机视频】粉丝路边买回兜售的iPhone12手机，回家感觉好像哪里不对
[11:11:35 INF] 视频播放成功，已观看到第4秒，经验+5 √
[11:11:41 INF] 视频分享成功，经验+5 √
[11:11:41 INF] ----------结束----------

[11:11:41 INF] ---开始 投币 ---
[11:11:41 INF] 已配置为跳过投币任务
[11:11:41 INF] -----结束-----

[11:11:41 INF] ---开始 直播签到 ---
[11:11:47 INF] 【签到结果】成功
[11:11:47 INF] 【本次获取】3000点用户经验,2根辣条,再签到1天可以获得50根辣条
[11:11:47 INF] -------结束-------

[11:11:47 INF] ---开始 漫画签到 ---
[11:11:51 INF] 【签到结果】成功
[11:11:51 INF] -------结束-------

[11:11:51 INF] ---开始 漫画阅读 ---
[11:11:54 INF] 【漫画阅读】成功, 阅读漫画为：堀与宫村
[11:11:54 INF] -------结束-------

[11:11:54 INF] ---开始 银瓜子兑换硬币 ---
[11:11:54 INF] 【目标兑换日期】19号
[11:11:54 INF] 【今天】19号
[11:11:58 INF] 【银瓜子余额】 496
[11:11:58 INF] 【硬币余额】 173
[11:11:58 INF] 【今日剩余兑换次数】 1
[11:11:58 INF] 开始尝试兑换...
[11:12:05 INF] 【兑换结果】失败
[11:12:05 INF] 【原因】银瓜子余额不足
[11:12:05 INF] ----------结束----------

[11:12:05 INF] ---开始 领取大会员福利 ---
[11:12:05 INF] 普通会员和月度大会员每月不赠送B币券，不需要领取权益喽
[11:12:05 INF] ----------结束----------

[11:12:05 INF] ---开始 领取大会员漫画权益 ---
[11:12:05 INF] 不是会员，跳过
[11:12:05 INF] ------------结束------------

[11:12:05 INF] ---开始 B币券充电 ---
[11:12:05 INF] 不是年度大会员，跳过
[11:12:05 INF] --------结束--------

[11:12:05 INF] =========结束=========

[11:12:05 INF] 

========================

 v2.0.1 开源 by https://github.com/RayWangQvQ/BiliBiliToolPro

[11:12:05 INF] ·开始推送·Daily任务·
2023-07-19T03:12:05.5323133Z 开始推送到:PushPlus
2023-07-19T03:12:06.5806615Z Response status: OK.
2023-07-19T03:12:06.5807097Z Response content: {"code":200,"msg":"请求成功","data":"d145577ce413409e9e24db5557a64d5f","count":null}.

[11:12:06 INF] 运行环境：Development
[11:12:06 INF] 应用目录：/home/runner/work/BiliBiliToolPro/BiliBiliToolPro/src/Ray.BiliBiliTool.Console/bin/Debug/net6.0/

[11:12:06 INF] 运行结束
