----------- ip 信息 ---------
{
  "ip": "104.28.201.73",
  "city": "San Jose",
  "region": "California",
  "country": "US",
  "loc": "37.3394,-121.8950",
  "org": "AS13335 Cloudflare, Inc.",
  "postal": "95103",
  "timezone": "America/Los_Angeles",
  "readme": "https://ipinfo.io/missingauth"
} ---------- end ------------
  ____               ____    _   _____           _  
 |  _ \ __ _ _   _  | __ ) _| |_|_   _|__   ___ | | 
 | |_) / _` | | | | |  _ \(_) (_) | |/ _ \ / _ \| | 
 |  _ < (_| | |_| | | |_) | | | | | | (_) | (_) | | 
 |_| \_\__,_|\__, | |____/|_|_|_| |_|\___/ \___/|_| 
             |___/                                  

[09:43:42 INF] BiliBiliToolPro 开始运行...

[09:43:43 INF] 【账号个数】3个

[09:43:43 INF] 随机休眠4分钟

[09:47:43 INF] 【目标任务】Daily
[09:47:43 INF] ######### 账号 1 #########

[09:47:43 INF] =====开始 每日任务 =====

[09:47:43 INF] ---开始 Set Cookie ---
[09:47:43 INF] Cookie完整，不需要Set Cookie
[09:47:43 INF] -------------结束-------------

[09:47:43 INF] ---开始 登录 ---
[09:47:46 INF] 【用户名】waxxxx12
[09:47:46 INF] 【会员类型】月度大会员
[09:47:46 INF] 【会员状态】无/过期
[09:47:46 INF] 【硬币余额】409.2
[09:47:46 INF] 【距升级Lv5】14天（如每日做满65点经验）
[09:47:46 INF] 登录成功，经验+5 √
[09:47:46 INF] -----结束-----

[09:47:52 INF] ---开始 观看、分享视频 ---
[09:48:04 INF] 【随机视频】在￥6000"豪华"迪士尼酒店住一晚？是什么体验？
[09:48:04 INF] 今天已经观看过了，不需要再看啦
[09:48:14 INF] 视频分享成功，经验+5 √
[09:48:14 INF] ----------结束----------

[09:48:14 INF] ---开始 投币 ---
[09:48:14 INF] 已配置为跳过投币任务
[09:48:14 INF] -----结束-----

[09:48:14 INF] ---开始 直播签到 ---
[09:48:18 INF] 【签到结果】成功
[09:48:18 INF] 【本次获取】3000点用户经验,2根辣条,
[09:48:18 INF] -------结束-------

[09:48:18 INF] ---开始 漫画签到 ---
[09:48:21 INF] 【签到结果】成功
[09:48:21 INF] -------结束-------

[09:48:21 INF] ---开始 漫画阅读 ---
[09:48:24 INF] 【漫画阅读】成功, 阅读漫画为：堀与宫村
[09:48:24 INF] -------结束-------

[09:48:24 INF] ---开始 银瓜子兑换硬币 ---
[09:48:24 INF] 【目标兑换日期】30号
[09:48:24 INF] 【今天】30号
[09:48:29 INF] 【银瓜子余额】 88
[09:48:29 INF] 【硬币余额】 409
[09:48:29 INF] 【今日剩余兑换次数】 1
[09:48:29 INF] 开始尝试兑换...
[09:48:35 INF] 【兑换结果】失败
[09:48:35 INF] 【原因】银瓜子余额不足
[09:48:35 INF] ----------结束----------

[09:48:35 INF] ---开始 领取大会员福利 ---
[09:48:35 INF] 普通会员和月度大会员每月不赠送B币券，不需要领取权益喽
[09:48:35 INF] ----------结束----------

[09:48:35 INF] ---开始 领取大会员漫画权益 ---
[09:48:35 INF] 不是会员，跳过
[09:48:35 INF] ------------结束------------

[09:48:35 INF] ---开始 B币券充电 ---
[09:48:35 INF] 不是年度大会员，跳过
[09:48:35 INF] --------结束--------

[09:48:35 INF] =========结束=========

[09:48:35 INF] ######### 账号 2 #########

[09:48:35 INF] =====开始 每日任务 =====

[09:48:35 INF] ---开始 Set Cookie ---
[09:48:35 INF] Cookie完整，不需要Set Cookie
[09:48:35 INF] -------------结束-------------

[09:48:35 INF] ---开始 登录 ---
[09:48:39 INF] 【用户名】bilixxxxxxxx1879
[09:48:39 INF] 【会员类型】月度大会员
[09:48:39 INF] 【会员状态】无/过期
[09:48:39 INF] 【硬币余额】273
[09:48:39 INF] 【距升级Lv4】5天（如每日做满65点经验）
[09:48:39 INF] 登录成功，经验+5 √
[09:48:39 INF] -----结束-----

[09:48:43 INF] ---开始 观看、分享视频 ---
[09:48:50 INF] 【随机视频】电磁炮是什么原理？用简单的电子零件组装出一门电磁炮模型
[09:48:58 INF] 视频播放成功，已观看到第4秒，经验+5 √
[09:49:04 INF] 视频分享成功，经验+5 √
[09:49:04 INF] ----------结束----------

[09:49:04 INF] ---开始 投币 ---
[09:49:04 INF] 已配置为跳过投币任务
[09:49:04 INF] -----结束-----

[09:49:04 INF] ---开始 直播签到 ---
[09:49:07 INF] 【签到结果】成功
[09:49:07 INF] 【本次获取】3000点用户经验,2根辣条,
[09:49:07 INF] -------结束-------

[09:49:07 INF] ---开始 漫画签到 ---
[09:49:11 INF] 【签到结果】成功
[09:49:11 INF] -------结束-------

[09:49:11 INF] ---开始 漫画阅读 ---
[09:49:17 INF] 【漫画阅读】成功, 阅读漫画为：堀与宫村
[09:49:17 INF] -------结束-------

[09:49:17 INF] ---开始 银瓜子兑换硬币 ---
[09:49:17 INF] 【目标兑换日期】30号
[09:49:17 INF] 【今天】30号
[09:49:23 INF] 【银瓜子余额】 360
[09:49:23 INF] 【硬币余额】 273
[09:49:23 INF] 【今日剩余兑换次数】 1
[09:49:23 INF] 开始尝试兑换...
[09:49:27 INF] 【兑换结果】失败
[09:49:27 INF] 【原因】银瓜子余额不足
[09:49:27 INF] ----------结束----------

[09:49:27 INF] ---开始 领取大会员福利 ---
[09:49:27 INF] 普通会员和月度大会员每月不赠送B币券，不需要领取权益喽
[09:49:27 INF] ----------结束----------

[09:49:27 INF] ---开始 领取大会员漫画权益 ---
[09:49:27 INF] 不是会员，跳过
[09:49:27 INF] ------------结束------------

[09:49:27 INF] ---开始 B币券充电 ---
[09:49:27 INF] 不是年度大会员，跳过
[09:49:27 INF] --------结束--------

[09:49:27 INF] =========结束=========

[09:49:27 INF] ######### 账号 3 #########

[09:49:27 INF] =====开始 每日任务 =====

[09:49:27 INF] ---开始 Set Cookie ---
[09:49:27 INF] Cookie完整，不需要Set Cookie
[09:49:27 INF] -------------结束-------------

[09:49:27 INF] ---开始 登录 ---
[09:49:31 INF] 【用户名】晴xxng
[09:49:31 INF] 【会员类型】无
[09:49:31 INF] 【会员状态】无/过期
[09:49:31 INF] 【硬币余额】99
[09:49:31 INF] 【距升级Lv4】42天（如每日做满65点经验）
[09:49:31 INF] 登录成功，经验+5 √
[09:49:31 INF] -----结束-----

[09:49:37 INF] ---开始 观看、分享视频 ---
[09:49:49 INF] 【随机视频】《队友越打越少》
[09:49:49 INF] 今天已经观看过了，不需要再看啦
[09:50:03 INF] 视频分享成功，经验+5 √
[09:50:03 INF] ----------结束----------

[09:50:03 INF] ---开始 投币 ---
[09:50:03 INF] 已配置为跳过投币任务
[09:50:03 INF] -----结束-----

[09:50:03 INF] ---开始 直播签到 ---
[09:50:07 INF] 【签到结果】成功
[09:50:07 INF] 【本次获取】3000点用户经验,2根辣条,
[09:50:07 INF] -------结束-------

[09:50:07 INF] ---开始 漫画签到 ---
[09:50:11 INF] 【签到结果】成功
[09:50:11 INF] -------结束-------

[09:50:11 INF] ---开始 漫画阅读 ---
[09:50:14 INF] 【漫画阅读】成功, 阅读漫画为：堀与宫村
[09:50:14 INF] -------结束-------

[09:50:14 INF] ---开始 银瓜子兑换硬币 ---
[09:50:14 INF] 【目标兑换日期】30号
[09:50:14 INF] 【今天】30号
[09:50:18 INF] 【银瓜子余额】 598
[09:50:18 INF] 【硬币余额】 99
[09:50:18 INF] 【今日剩余兑换次数】 1
[09:50:18 INF] 开始尝试兑换...
[09:50:21 INF] 【兑换结果】失败
[09:50:21 INF] 【原因】银瓜子余额不足
[09:50:21 INF] ----------结束----------

[09:50:21 INF] ---开始 领取大会员福利 ---
[09:50:21 INF] 普通会员和月度大会员每月不赠送B币券，不需要领取权益喽
[09:50:21 INF] ----------结束----------

[09:50:21 INF] ---开始 领取大会员漫画权益 ---
[09:50:21 INF] 不是会员，跳过
[09:50:21 INF] ------------结束------------

[09:50:21 INF] ---开始 B币券充电 ---
[09:50:21 INF] 不是年度大会员，跳过
[09:50:21 INF] --------结束--------

[09:50:21 INF] =========结束=========

[09:50:21 INF] 

========================

 v1.0.3 开源 by https://github.com/RayWangQvQ/BiliBiliToolPro

[09:50:21 INF] ·开始推送·Daily任务·
2023-04-30T01:50:21.8352540Z 开始推送到:PushPlus
2023-04-30T01:50:37.7483780Z Response status: OK.
2023-04-30T01:50:37.7484368Z Response content: {"code":200,"msg":"请求成功","data":"4d83724b79964374821d0d5bbf5bb7c4","count":null}.

[09:50:37 INF] 运行环境：Development
[09:50:37 INF] 应用目录：/home/runner/work/BiliBiliToolPro/BiliBiliToolPro/src/Ray.BiliBiliTool.Console/bin/Debug/net6.0/

[09:50:37 INF] 运行结束
