----------- ip 信息 ---------
{
  "ip": "104.28.236.213",
  "city": "Richmond",
  "region": "Virginia",
  "country": "US",
  "loc": "37.5538,-77.4603",
  "org": "AS13335 Cloudflare, Inc.",
  "postal": "23173",
  "timezone": "America/New_York",
  "readme": "https://ipinfo.io/missingauth"
} ---------- end ------------
  ____               ____    _   _____           _  
 |  _ \ __ _ _   _  | __ ) _| |_|_   _|__   ___ | | 
 | |_) / _` | | | | |  _ \(_) (_) | |/ _ \ / _ \| | 
 |  _ < (_| | |_| | | |_) | | | | | | (_) | (_) | | 
 |_| \_\__,_|\__, | |____/|_|_|_| |_|\___/ \___/|_| 
             |___/                                  

[09:35:05 INF] BiliBiliToolPro 开始运行...

[09:35:06 INF] 【账号个数】3个

[09:35:06 INF] 随机休眠5分钟

[09:40:06 INF] 【目标任务】Daily
[09:40:06 INF] ######### 账号 1 #########

[09:40:06 INF] =====开始 每日任务 =====

[09:40:06 INF] ---开始 Set Cookie ---
[09:40:06 INF] Cookie完整，不需要Set Cookie
[09:40:06 INF] -------------结束-------------

[09:40:06 INF] ---开始 登录 ---
[09:40:14 INF] 【用户名】waxxxx12
[09:40:14 INF] 【会员类型】月度大会员
[09:40:14 INF] 【会员状态】无/过期
[09:40:14 INF] 【硬币余额】440.2
[09:40:14 INF] 【距升级Lv5】12天（如每日做满65点经验）
[09:40:14 INF] 登录成功，经验+5 √
[09:40:14 INF] -----结束-----

[09:40:20 INF] ---开始 观看、分享视频 ---
[09:40:33 INF] 【随机视频】朋友来农村作客，分别时大家恋恋不舍，漠叔亲自送到村口
[09:40:40 INF] 视频播放成功，已观看到第5秒，经验+5 √
[09:40:44 INF] 视频分享成功，经验+5 √
[09:40:44 INF] ----------结束----------

[09:40:44 INF] ---开始 投币 ---
[09:40:44 INF] 已配置为跳过投币任务
[09:40:44 INF] -----结束-----

[09:40:44 INF] ---开始 直播签到 ---
[09:40:50 INF] 【签到结果】成功
[09:40:50 INF] 【本次获取】3000点用户经验,2根辣条,再签到14天可以获得50根辣条
[09:40:50 INF] -------结束-------

[09:40:50 INF] ---开始 漫画签到 ---
[09:40:56 INF] 【签到结果】成功
[09:40:56 INF] -------结束-------

[09:40:56 INF] ---开始 漫画阅读 ---
[09:41:00 INF] 【漫画阅读】成功, 阅读漫画为：堀与宫村
[09:41:00 INF] -------结束-------

[09:41:00 INF] ---开始 银瓜子兑换硬币 ---
[09:41:00 INF] 【目标兑换日期】6号
[09:41:00 INF] 【今天】6号
[09:41:05 INF] 【银瓜子余额】 54
[09:41:05 INF] 【硬币余额】 440
[09:41:05 INF] 【今日剩余兑换次数】 1
[09:41:05 INF] 开始尝试兑换...
[09:41:09 INF] 【兑换结果】失败
[09:41:09 INF] 【原因】银瓜子余额不足
[09:41:09 INF] ----------结束----------

[09:41:09 INF] ---开始 领取大会员福利 ---
[09:41:09 INF] 普通会员和月度大会员每月不赠送B币券，不需要领取权益喽
[09:41:09 INF] ----------结束----------

[09:41:09 INF] ---开始 领取大会员漫画权益 ---
[09:41:09 INF] 不是会员，跳过
[09:41:09 INF] ------------结束------------

[09:41:09 INF] ---开始 B币券充电 ---
[09:41:09 INF] 不是年度大会员，跳过
[09:41:09 INF] --------结束--------

[09:41:09 INF] =========结束=========

[09:41:09 INF] ######### 账号 2 #########

[09:41:09 INF] =====开始 每日任务 =====

[09:41:09 INF] ---开始 Set Cookie ---
[09:41:09 INF] Cookie完整，不需要Set Cookie
[09:41:09 INF] -------------结束-------------

[09:41:09 INF] ---开始 登录 ---
[09:41:17 INF] 【用户名】bilixxxxxxxx1879
[09:41:17 INF] 【会员类型】月度大会员
[09:41:17 INF] 【会员状态】无/过期
[09:41:17 INF] 【硬币余额】280
[09:41:17 INF] 【距升级Lv4】4天（如每日做满65点经验）
[09:41:17 INF] 登录成功，经验+5 √
[09:41:17 INF] -----结束-----

[09:41:21 INF] ---开始 观看、分享视频 ---
[09:41:29 INF] 【随机视频】【亮记生物鉴定】网络热传生物鉴定48
[09:41:38 INF] 视频播放成功，已观看到第7秒，经验+5 √
[09:41:45 INF] 视频分享成功，经验+5 √
[09:41:45 INF] ----------结束----------

[09:41:45 INF] ---开始 投币 ---
[09:41:45 INF] 已配置为跳过投币任务
[09:41:45 INF] -----结束-----

[09:41:45 INF] ---开始 直播签到 ---
[09:41:52 INF] 【签到结果】成功
[09:41:52 INF] 【本次获取】3000点用户经验,2根辣条,再签到14天可以获得50根辣条
[09:41:52 INF] -------结束-------

[09:41:52 INF] ---开始 漫画签到 ---
[09:42:00 INF] 【签到结果】成功
[09:42:00 INF] -------结束-------

[09:42:00 INF] ---开始 漫画阅读 ---
[09:42:05 INF] 【漫画阅读】成功, 阅读漫画为：堀与宫村
[09:42:05 INF] -------结束-------

[09:42:05 INF] ---开始 银瓜子兑换硬币 ---
[09:42:05 INF] 【目标兑换日期】6号
[09:42:05 INF] 【今天】6号
[09:42:12 INF] 【银瓜子余额】 326
[09:42:12 INF] 【硬币余额】 280
[09:42:12 INF] 【今日剩余兑换次数】 1
[09:42:12 INF] 开始尝试兑换...
[09:42:15 INF] 【兑换结果】失败
[09:42:15 INF] 【原因】银瓜子余额不足
[09:42:15 INF] ----------结束----------

[09:42:15 INF] ---开始 领取大会员福利 ---
[09:42:15 INF] 普通会员和月度大会员每月不赠送B币券，不需要领取权益喽
[09:42:15 INF] ----------结束----------

[09:42:15 INF] ---开始 领取大会员漫画权益 ---
[09:42:15 INF] 不是会员，跳过
[09:42:15 INF] ------------结束------------

[09:42:15 INF] ---开始 B币券充电 ---
[09:42:15 INF] 不是年度大会员，跳过
[09:42:15 INF] --------结束--------

[09:42:15 INF] =========结束=========

[09:42:15 INF] ######### 账号 3 #########

[09:42:15 INF] =====开始 每日任务 =====

[09:42:15 INF] ---开始 Set Cookie ---
[09:42:15 INF] Cookie完整，不需要Set Cookie
[09:42:15 INF] -------------结束-------------

[09:42:15 INF] ---开始 登录 ---
[09:42:19 INF] 【用户名】晴xxng
[09:42:19 INF] 【会员类型】无
[09:42:19 INF] 【会员状态】无/过期
[09:42:19 INF] 【硬币余额】106
[09:42:19 INF] 【距升级Lv4】41天（如每日做满65点经验）
[09:42:19 INF] 登录成功，经验+5 √
[09:42:19 INF] -----结束-----

[09:42:23 INF] ---开始 观看、分享视频 ---
[09:42:34 INF] 【随机视频】博物杂志自贡恐龙专题、今年合集和2021年订阅
[09:42:34 INF] 今天已经观看过了，不需要再看啦
[09:42:45 INF] 视频分享成功，经验+5 √
[09:42:45 INF] ----------结束----------

[09:42:45 INF] ---开始 投币 ---
[09:42:45 INF] 已配置为跳过投币任务
[09:42:45 INF] -----结束-----

[09:42:45 INF] ---开始 直播签到 ---
[09:42:50 INF] 【签到结果】成功
[09:42:50 INF] 【本次获取】3000点用户经验,2根辣条,再签到14天可以获得50根辣条
[09:42:50 INF] -------结束-------

[09:42:50 INF] ---开始 漫画签到 ---
[09:42:56 INF] 【签到结果】成功
[09:42:56 INF] -------结束-------

[09:42:56 INF] ---开始 漫画阅读 ---
[09:43:02 INF] 【漫画阅读】成功, 阅读漫画为：堀与宫村
[09:43:02 INF] -------结束-------

[09:43:02 INF] ---开始 银瓜子兑换硬币 ---
[09:43:02 INF] 【目标兑换日期】6号
[09:43:02 INF] 【今天】6号
[09:43:09 INF] 【银瓜子余额】 564
[09:43:09 INF] 【硬币余额】 106
[09:43:09 INF] 【今日剩余兑换次数】 1
[09:43:09 INF] 开始尝试兑换...
[09:43:12 INF] 【兑换结果】失败
[09:43:12 INF] 【原因】银瓜子余额不足
[09:43:12 INF] ----------结束----------

[09:43:12 INF] ---开始 领取大会员福利 ---
[09:43:12 INF] 普通会员和月度大会员每月不赠送B币券，不需要领取权益喽
[09:43:12 INF] ----------结束----------

[09:43:12 INF] ---开始 领取大会员漫画权益 ---
[09:43:12 INF] 不是会员，跳过
[09:43:12 INF] ------------结束------------

[09:43:12 INF] ---开始 B币券充电 ---
[09:43:12 INF] 不是年度大会员，跳过
[09:43:12 INF] --------结束--------

[09:43:12 INF] =========结束=========

[09:43:12 INF] 

========================

 v1.0.3 开源 by https://github.com/RayWangQvQ/BiliBiliToolPro

[09:43:12 INF] ·开始推送·Daily任务·
2023-05-06T01:43:12.6668701Z 开始推送到:PushPlus
2023-05-06T01:43:13.9631344Z Response status: OK.
2023-05-06T01:43:13.9631816Z Response content: {"code":200,"msg":"请求成功","data":"2e44452a06fd4a8d92d7efc2925ad2f9","count":null}.

[09:43:13 INF] 运行环境：Development
[09:43:13 INF] 应用目录：/home/runner/work/BiliBiliToolPro/BiliBiliToolPro/src/Ray.BiliBiliTool.Console/bin/Debug/net6.0/

[09:43:13 INF] 运行结束
