----------- ip 信息 ---------
{
  "ip": "20.81.159.67",
  "city": "Boydton",
  "region": "Virginia",
  "country": "US",
  "loc": "36.6676,-78.3875",
  "org": "AS8075 Microsoft Corporation",
  "postal": "23917",
  "timezone": "America/New_York",
  "readme": "https://ipinfo.io/missingauth"
} ---------- end ------------
  ____               ____    _   _____           _  
 |  _ \ __ _ _   _  | __ ) _| |_|_   _|__   ___ | | 
 | |_) / _` | | | | |  _ \(_) (_) | |/ _ \ / _ \| | 
 |  _ < (_| | |_| | | |_) | | | | | | (_) | (_) | | 
 |_| \_\__,_|\__, | |____/|_|_|_| |_|\___/ \___/|_| 
             |___/                                  

[09:23:28 INF] BiliBiliToolPro 开始运行...

[09:23:28 INF] 【账号个数】3个

[09:23:28 INF] 随机休眠2分钟

[09:25:28 INF] 【目标任务】Daily
[09:25:28 INF] ######### 账号 1 #########

[09:25:28 INF] =====开始 每日任务 =====

[09:25:28 INF] ---开始 Set Cookie ---
[09:25:28 INF] Cookie完整，不需要Set Cookie
[09:25:28 INF] -------------结束-------------

[09:25:28 INF] ---开始 登录 ---
[09:25:33 INF] 【用户名】sunxxxxxgzi
[09:25:33 INF] 【会员类型】月度大会员
[09:25:33 INF] 【会员状态】正常
[09:25:33 INF] 【硬币余额】1099.2
[09:25:33 INF] 【距升级Lv6】预计864天
[09:25:33 INF] 登录成功，经验+5 √
[09:25:33 INF] -----结束-----

[09:25:38 INF] ---开始 观看、分享视频 ---
[09:26:03 INF] 【随机视频】星之声是一张美丽的地图#2
[09:26:14 INF] 视频播放成功，已观看到第12秒，经验+5 √
[09:26:20 INF] 视频分享成功，经验+5 √
[09:26:20 INF] ----------结束----------

[09:26:20 INF] ---开始 投币 ---
[09:26:20 INF] 已配置为跳过投币任务
[09:26:20 INF] -----结束-----

[09:26:20 INF] ---开始 直播签到 ---
[09:26:28 INF] 【签到结果】成功
[09:26:28 INF] 【本次获取】3000点用户经验,2根辣条,再签到1天可以获得666银瓜子
[09:26:28 INF] -------结束-------

[09:26:28 INF] ---开始 漫画签到 ---
[09:26:33 INF] 【签到结果】成功
[09:26:33 INF] -------结束-------

[09:26:33 INF] ---开始 漫画阅读 ---
[09:26:37 INF] 【漫画阅读】成功
[09:26:37 INF] -------结束-------

[09:26:37 INF] ---开始 银瓜子兑换硬币 ---
[09:26:37 INF] 【目标兑换日期】6号
[09:26:37 INF] 【今天】6号
[09:26:43 INF] 【银瓜子余额】 582
[09:26:43 INF] 【硬币余额】 1099
[09:26:43 INF] 【今日剩余兑换次数】 1
[09:26:43 INF] 开始尝试兑换...
[09:26:50 INF] 【兑换结果】失败
[09:26:50 INF] 【原因】银瓜子余额不足
[09:26:50 INF] ----------结束----------

[09:26:50 INF] ---开始 领取大会员福利 ---
[09:26:50 INF] 普通会员和月度大会员每月不赠送B币券，不需要领取权益喽
[09:26:50 INF] ----------结束----------

[09:26:50 INF] ---开始 领取大会员漫画权益 ---
[09:26:50 INF] 【目标日期】1号
[09:26:50 INF] 【今天】6号
[09:26:50 INF] 跳过
[09:26:50 INF] ------------结束------------

[09:26:50 INF] ---开始 B币券充电 ---
[09:26:50 INF] 已配置为关闭，跳过
[09:26:50 INF] --------结束--------

[09:26:50 INF] =========结束=========

[09:26:50 INF] ######### 账号 2 #########

[09:26:50 INF] =====开始 每日任务 =====

[09:26:50 INF] ---开始 Set Cookie ---
[09:26:50 INF] Cookie完整，不需要Set Cookie
[09:26:50 INF] -------------结束-------------

[09:26:50 INF] ---开始 登录 ---
[09:26:57 INF] 【用户名】bilixxxxxxxx1879
[09:26:57 INF] 【会员类型】月度大会员
[09:26:57 INF] 【会员状态】无/过期
[09:26:57 INF] 【硬币余额】552
[09:26:57 INF] 【距升级Lv5】预计173天
[09:26:57 INF] 登录成功，经验+5 √
[09:26:57 INF] -----结束-----

[09:27:04 INF] ---开始 观看、分享视频 ---
[09:27:30 INF] 【随机视频】差点成了摸金校尉，曾经当成美食的蜥蜴，如今快要绝种了
[09:27:40 INF] 视频播放成功，已观看到第2秒，经验+5 √
[09:27:48 INF] 视频分享成功，经验+5 √
[09:27:48 INF] ----------结束----------

[09:27:48 INF] ---开始 投币 ---
[09:27:48 INF] 已配置为跳过投币任务
[09:27:48 INF] -----结束-----

[09:27:48 INF] ---开始 直播签到 ---
[09:27:53 INF] 【签到结果】成功
[09:27:53 INF] 【本次获取】3000点用户经验,2根辣条,再签到1天可以获得666银瓜子
[09:27:53 INF] -------结束-------

[09:27:53 INF] ---开始 漫画签到 ---
[09:28:01 INF] 【签到结果】成功
[09:28:01 INF] -------结束-------

[09:28:01 INF] ---开始 漫画阅读 ---
[09:28:05 INF] 【漫画阅读】成功
[09:28:05 INF] -------结束-------

[09:28:05 INF] ---开始 银瓜子兑换硬币 ---
[09:28:05 INF] 【目标兑换日期】6号
[09:28:05 INF] 【今天】6号
[09:28:11 INF] 【银瓜子余额】 354
[09:28:11 INF] 【硬币余额】 552
[09:28:11 INF] 【今日剩余兑换次数】 1
[09:28:11 INF] 开始尝试兑换...
[09:28:16 INF] 【兑换结果】失败
[09:28:16 INF] 【原因】银瓜子余额不足
[09:28:16 INF] ----------结束----------

[09:28:16 INF] ---开始 领取大会员福利 ---
[09:28:16 INF] 普通会员和月度大会员每月不赠送B币券，不需要领取权益喽
[09:28:16 INF] ----------结束----------

[09:28:16 INF] ---开始 领取大会员漫画权益 ---
[09:28:16 INF] 不是会员，跳过
[09:28:16 INF] ------------结束------------

[09:28:16 INF] ---开始 B币券充电 ---
[09:28:16 INF] 已配置为关闭，跳过
[09:28:16 INF] --------结束--------

[09:28:16 INF] =========结束=========

[09:28:16 INF] ######### 账号 3 #########

[09:28:16 INF] =====开始 每日任务 =====

[09:28:16 INF] ---开始 Set Cookie ---
[09:28:16 INF] Cookie完整，不需要Set Cookie
[09:28:16 INF] -------------结束-------------

[09:28:16 INF] ---开始 登录 ---
[09:28:23 WRN] 登录异常，请检查Cookie是否错误或过期
[09:28:23 ERR] 程序发生异常：登录失败，请检查Cookie
[09:28:23 INF] -----结束-----

[09:28:23 ERR] 程序发生异常：登录失败，请检查Cookie
[09:28:23 INF] =========结束=========

[09:28:23 WRN] 异常：System.Exception: 登录失败，请检查Cookie
   at Ray.BiliBiliTool.Application.DailyTaskAppService.Login() in /home/runner/work/BiliBiliToolPro/BiliBiliToolPro/src/Ray.BiliBiliTool.Application/DailyTaskAppService.cs:line 134
   at Ray.BiliBiliTool.Application.DailyTaskAppService.DoTaskAsync(CancellationToken cancellationToken) in /home/runner/work/BiliBiliToolPro/BiliBiliToolPro/src/Ray.BiliBiliTool.Application/DailyTaskAppService.cs:line 81
   at Ray.BiliBiliTool.Console.BiliBiliToolHostedService.DoTasksAsync(String[] tasks, CancellationToken cancellationToken) in /home/runner/work/BiliBiliToolPro/BiliBiliToolPro/src/Ray.BiliBiliTool.Console/BiliBiliToolHostedService.cs:line 194
   at Ray.BiliBiliTool.Console.BiliBiliToolHostedService.StartAsync(CancellationToken cancellationToken) in /home/runner/work/BiliBiliToolPro/BiliBiliToolPro/src/Ray.BiliBiliTool.Console/BiliBiliToolHostedService.cs:line 76
[09:28:23 INF] 

========================

 v2.0.2 开源 by https://github.com/RayWangQvQ/BiliBiliToolPro

[09:28:23 INF] ·开始推送·Daily任务·
2024-02-06T01:28:23.7448612Z 开始推送到:PushPlus
2024-02-06T01:28:24.7988455Z Response status: OK.
2024-02-06T01:28:24.7988810Z Response content: {"code":200,"msg":"请求成功","data":"1eac2f6b7f80463a99fceb3584b5ac7a","count":null}.

[09:28:24 INF] 运行环境：Development
[09:28:24 INF] 应用目录：/home/runner/work/BiliBiliToolPro/BiliBiliToolPro/src/Ray.BiliBiliTool.Console/bin/Debug/net6.0/

[09:28:24 INF] 运行结束
  ____               ____    _   _____           _  
 |  _ \ __ _ _   _  | __ ) _| |_|_   _|__   ___ | | 
 | |_) / _` | | | | |  _ \(_) (_) | |/ _ \ / _ \| | 
 |  _ < (_| | |_| | | |_) | | | | | | (_) | (_) | | 
 |_| \_\__,_|\__, | |____/|_|_|_| |_|\___/ \___/|_| 
             |___/                                  

[09:28:27 INF] BiliBiliToolPro 开始运行...

[09:28:27 INF] 【账号个数】3个

[09:28:27 INF] 随机休眠1分钟

[09:29:27 INF] 【目标任务】VipBigPoint
[09:29:27 INF] ######### 账号 1 #########

[09:29:27 INF] =====开始 大会员大积分 =====

[09:29:27 INF] 大会员经验领取任务开始
[09:29:33 INF] 大会员经验未兑换
[09:29:39 INF] 领取成功，经验+10 √
[09:29:39 INF] ---开始 测试Cookie ---
[09:29:45 INF] 【用户名】sunxxxxxgzi
[09:29:45 INF] 【会员类型】月度大会员
[09:29:45 INF] 【会员状态】正常
[09:29:45 INF] 【硬币余额】1099.2
[09:29:45 INF] 【距升级Lv6】预计862天
[09:29:45 INF] -----------结束-----------

[09:29:51 INF] ------当前任务状态------
[09:29:51 INF] 打卡：X
[09:29:51 INF] -福利任务
[09:29:51 INF] ---大会员福利大积分：√
[09:29:51 INF] -体验任务
[09:29:51 INF] ---浏览大会员权益页面：√
[09:29:51 INF] -日常任务
[09:29:51 INF] ---浏览装扮商城主页：X
[09:29:51 INF] ---浏览会员购页面10秒：X
[09:29:51 INF] ---购买指定会员购商品：X
[09:29:51 INF] ---浏览追番频道页10秒：X
[09:29:51 INF] ---观看任意正片内容：X
[09:29:51 INF] ---购买单点付费影片：X
[09:29:51 INF] ---购买指定装扮商品：X
[09:29:51 INF] ------------------------

[09:29:51 INF] ---开始 签到 ---
[09:29:56 ERR] 签到失败，继续其他任务。失败信息:{"Code":6007000,"Message":"抱歉，您的账号存在风险，暂时无法参与本任务哦~","Data":null}

[09:29:56 INF] -----结束-----

[09:29:56 INF] ---开始 福利任务 ---
[09:29:56 ERR] 福利任务失败，继续其他任务。失败信息:Object reference not set to an instance of an object.

[09:29:56 INF] -------结束-------

[09:29:56 INF] ---开始 体验任务 ---
[09:29:56 ERR] 体验任务失败，继续其他任务。失败信息:Object reference not set to an instance of an object.

[09:29:56 INF] -------结束-------

[09:29:56 INF] ---开始 浏览追番频道页10秒 ---
[09:29:56 ERR] 浏览追番频道页10秒失败，继续其他任务。失败信息:Object reference not set to an instance of an object.

[09:29:56 INF] -------------结束-------------

[09:29:56 INF] ---开始 浏览会员购页面10秒 ---
[09:29:56 INF] 待实现...
[09:29:56 INF] -------------结束-------------

[09:29:56 INF] ---开始 观看任意正片内容 ---
[09:29:56 ERR] 观看任意正片内容失败，继续其他任务。失败信息:Object reference not set to an instance of an object.

[09:29:56 INF] -----------结束-----------

[09:29:56 INF] ---开始 购买单点付费影片（仅领取） ---
[09:29:56 ERR] 购买单点付费影片（仅领取）失败，继续其他任务。失败信息:Object reference not set to an instance of an object.

[09:29:56 INF] ----------------结束----------------

[09:29:56 INF] ---开始 购买指定会员购商品（仅领取） ---
[09:29:56 ERR] 购买指定会员购商品（仅领取）失败，继续其他任务。失败信息:Object reference not set to an instance of an object.

[09:29:56 INF] -----------------结束-----------------

[09:29:56 ERR] 程序发生异常：Object reference not set to an instance of an object.
[09:29:56 INF] ===========结束===========

[09:29:56 WRN] 异常：System.NullReferenceException: Object reference not set to an instance of an object.
   at Ray.BiliBiliTool.Application.VipBigPointAppService.DoTaskAsync(CancellationToken cancellationToken) in /home/runner/work/BiliBiliToolPro/BiliBiliToolPro/src/Ray.BiliBiliTool.Application/VipBigPointAppService.cs:line 141
   at Ray.BiliBiliTool.Console.BiliBiliToolHostedService.DoTasksAsync(String[] tasks, CancellationToken cancellationToken) in /home/runner/work/BiliBiliToolPro/BiliBiliToolPro/src/Ray.BiliBiliTool.Console/BiliBiliToolHostedService.cs:line 194
   at Ray.BiliBiliTool.Console.BiliBiliToolHostedService.StartAsync(CancellationToken cancellationToken) in /home/runner/work/BiliBiliToolPro/BiliBiliToolPro/src/Ray.BiliBiliTool.Console/BiliBiliToolHostedService.cs:line 76
[09:29:56 INF] ######### 账号 2 #########

[09:29:56 INF] =====开始 大会员大积分 =====

[09:29:56 INF] 大会员经验领取任务开始
[09:30:00 INF] 大会员经验未兑换
[09:30:05 INF] 领取成功，经验+10 √
[09:30:05 INF] ---开始 测试Cookie ---
[09:30:11 INF] 【用户名】bilixxxxxxxx1879
[09:30:11 INF] 【会员类型】月度大会员
[09:30:11 INF] 【会员状态】无/过期
[09:30:11 INF] 【硬币余额】552
[09:30:11 INF] 【距升级Lv5】预计171天
[09:30:11 INF] -----------结束-----------

[09:30:11 INF] 当前不是大会员或已过期，跳过任务
[09:30:11 INF] ===========结束===========

[09:30:11 INF] ######### 账号 3 #########

[09:30:11 INF] =====开始 大会员大积分 =====

[09:30:11 INF] 大会员经验领取任务开始
[09:30:16 INF] ---开始 测试Cookie ---
[09:30:24 WRN] 登录异常，请检查Cookie是否错误或过期
[09:30:24 ERR] 程序发生异常：登录失败，请检查Cookie
[09:30:24 INF] -----------结束-----------

[09:30:24 ERR] 程序发生异常：登录失败，请检查Cookie
[09:30:24 INF] ===========结束===========

[09:30:24 WRN] 异常：System.Exception: 登录失败，请检查Cookie
   at Ray.BiliBiliTool.Application.VipBigPointAppService.GetUserInfo() in /home/runner/work/BiliBiliToolPro/BiliBiliToolPro/src/Ray.BiliBiliTool.Application/VipBigPointAppService.cs:line 150
   at Ray.BiliBiliTool.Application.VipBigPointAppService.DoTaskAsync(CancellationToken cancellationToken) in /home/runner/work/BiliBiliToolPro/BiliBiliToolPro/src/Ray.BiliBiliTool.Application/VipBigPointAppService.cs:line 98
   at Ray.BiliBiliTool.Console.BiliBiliToolHostedService.DoTasksAsync(String[] tasks, CancellationToken cancellationToken) in /home/runner/work/BiliBiliToolPro/BiliBiliToolPro/src/Ray.BiliBiliTool.Console/BiliBiliToolHostedService.cs:line 194
   at Ray.BiliBiliTool.Console.BiliBiliToolHostedService.StartAsync(CancellationToken cancellationToken) in /home/runner/work/BiliBiliToolPro/BiliBiliToolPro/src/Ray.BiliBiliTool.Console/BiliBiliToolHostedService.cs:line 76
[09:30:24 INF] 

========================

 v2.0.2 开源 by https://github.com/RayWangQvQ/BiliBiliToolPro

[09:30:24 INF] ·开始推送·VipBigPoint任务·
2024-02-06T01:30:24.2562338Z 开始推送到:PushPlus
2024-02-06T01:30:25.3357310Z Response status: OK.
2024-02-06T01:30:25.3357744Z Response content: {"code":200,"msg":"请求成功","data":"ef93096426db4843a9fcbd103e0c8683","count":null}.

[09:30:25 INF] 运行环境：Development
[09:30:25 INF] 应用目录：/home/runner/work/BiliBiliToolPro/BiliBiliToolPro/src/Ray.BiliBiliTool.Console/bin/Debug/net6.0/

[09:30:25 INF] 运行结束
