----------- ip 信息 ---------
{
  "ip": "20.102.214.8",
  "city": "Chicago",
  "region": "Illinois",
  "country": "US",
  "loc": "41.8500,-87.6500",
  "org": "AS8075 Microsoft Corporation",
  "postal": "60666",
  "timezone": "America/Chicago",
  "readme": "https://ipinfo.io/missingauth"
} ---------- end ------------
  ____               ____    _   _____           _  
 |  _ \ __ _ _   _  | __ ) _| |_|_   _|__   ___ | | 
 | |_) / _` | | | | |  _ \(_) (_) | |/ _ \ / _ \| | 
 |  _ < (_| | |_| | | |_) | | | | | | (_) | (_) | | 
 |_| \_\__,_|\__, | |____/|_|_|_| |_|\___/ \___/|_| 
             |___/                                  

[09:25:33 INF] BiliBiliToolPro 开始运行...

[09:25:33 INF] 【账号个数】3个

[09:25:33 INF] 随机休眠2分钟

[09:27:33 INF] 【目标任务】Daily
[09:27:33 INF] ######### 账号 1 #########

[09:27:33 INF] =====开始 每日任务 =====

[09:27:33 INF] ---开始 Set Cookie ---
[09:27:33 INF] Cookie完整，不需要Set Cookie
[09:27:33 INF] -------------结束-------------

[09:27:33 INF] ---开始 登录 ---
[09:27:38 INF] 【用户名】sunxxxxxgzi
[09:27:38 INF] 【会员类型】月度大会员
[09:27:38 INF] 【会员状态】正常
[09:27:38 INF] 【硬币余额】1128.2
[09:27:38 INF] 【距升级Lv6】预计848天
[09:27:38 INF] 登录成功，经验+5 √
[09:27:38 INF] -----结束-----

[09:27:42 INF] ---开始 观看、分享视频 ---
[09:27:59 INF] 【随机视频】漠叔无偿帮助村民解决问题，消灭泛滥食物，不求报答
[09:27:59 INF] 今天已经观看过了，不需要再看啦
[09:28:14 INF] 视频分享成功，经验+5 √
[09:28:14 INF] ----------结束----------

[09:28:14 INF] ---开始 投币 ---
[09:28:14 INF] 已配置为跳过投币任务
[09:28:14 INF] -----结束-----

[09:28:14 INF] ---开始 直播签到 ---
[09:28:19 INF] 【签到结果】成功
[09:28:19 INF] 【本次获取】3000点用户经验,2根辣条,再签到10天可以获得50根辣条
[09:28:19 INF] -------结束-------

[09:28:19 INF] ---开始 漫画签到 ---
[09:28:27 INF] 【签到结果】成功
[09:28:27 INF] -------结束-------

[09:28:27 INF] ---开始 漫画阅读 ---
[09:28:32 INF] 【漫画阅读】成功
[09:28:32 INF] -------结束-------

[09:28:32 INF] ---开始 银瓜子兑换硬币 ---
[09:28:32 INF] 【目标兑换日期】12号
[09:28:32 INF] 【今天】12号
[09:28:39 INF] 【银瓜子余额】 548
[09:28:39 INF] 【硬币余额】 1128
[09:28:39 INF] 【今日剩余兑换次数】 1
[09:28:39 INF] 开始尝试兑换...
[09:28:42 INF] 【兑换结果】失败
[09:28:42 INF] 【原因】银瓜子余额不足
[09:28:42 INF] ----------结束----------

[09:28:42 INF] ---开始 领取大会员福利 ---
[09:28:42 INF] 普通会员和月度大会员每月不赠送B币券，不需要领取权益喽
[09:28:42 INF] ----------结束----------

[09:28:42 INF] ---开始 领取大会员漫画权益 ---
[09:28:42 INF] 【目标日期】1号
[09:28:42 INF] 【今天】12号
[09:28:42 INF] 跳过
[09:28:42 INF] ------------结束------------

[09:28:42 INF] ---开始 B币券充电 ---
[09:28:42 INF] 已配置为关闭，跳过
[09:28:42 INF] --------结束--------

[09:28:42 INF] =========结束=========

[09:28:42 INF] ######### 账号 2 #########

[09:28:42 INF] =====开始 每日任务 =====

[09:28:42 INF] ---开始 Set Cookie ---
[09:28:42 INF] Cookie完整，不需要Set Cookie
[09:28:42 INF] -------------结束-------------

[09:28:42 INF] ---开始 登录 ---
[09:28:47 INF] 【用户名】bilixxxxxxxx1879
[09:28:47 INF] 【会员类型】月度大会员
[09:28:47 INF] 【会员状态】无/过期
[09:28:47 INF] 【硬币余额】559
[09:28:47 INF] 【距升级Lv5】预计163天
[09:28:47 INF] 登录成功，经验+5 √
[09:28:47 INF] -----结束-----

[09:28:52 INF] ---开始 观看、分享视频 ---
[09:29:14 INF] 【随机视频】你好美女，可以加个微信吗？
[09:29:24 INF] 视频播放成功，已观看到第2秒，经验+5 √
[09:29:29 INF] 视频分享成功，经验+5 √
[09:29:29 INF] ----------结束----------

[09:29:29 INF] ---开始 投币 ---
[09:29:29 INF] 已配置为跳过投币任务
[09:29:29 INF] -----结束-----

[09:29:29 INF] ---开始 直播签到 ---
[09:29:33 INF] 【签到结果】成功
[09:29:33 INF] 【本次获取】3000点用户经验,2根辣条,再签到10天可以获得50根辣条
[09:29:33 INF] -------结束-------

[09:29:33 INF] ---开始 漫画签到 ---
[09:29:37 INF] 【签到结果】成功
[09:29:37 INF] -------结束-------

[09:29:37 INF] ---开始 漫画阅读 ---
[09:29:40 INF] 【漫画阅读】成功
[09:29:40 INF] -------结束-------

[09:29:40 INF] ---开始 银瓜子兑换硬币 ---
[09:29:40 INF] 【目标兑换日期】12号
[09:29:40 INF] 【今天】12号
[09:29:47 INF] 【银瓜子余额】 320
[09:29:47 INF] 【硬币余额】 559
[09:29:47 INF] 【今日剩余兑换次数】 1
[09:29:47 INF] 开始尝试兑换...
[09:29:54 INF] 【兑换结果】失败
[09:29:54 INF] 【原因】银瓜子余额不足
[09:29:54 INF] ----------结束----------

[09:29:54 INF] ---开始 领取大会员福利 ---
[09:29:54 INF] 普通会员和月度大会员每月不赠送B币券，不需要领取权益喽
[09:29:54 INF] ----------结束----------

[09:29:54 INF] ---开始 领取大会员漫画权益 ---
[09:29:54 INF] 不是会员，跳过
[09:29:54 INF] ------------结束------------

[09:29:54 INF] ---开始 B币券充电 ---
[09:29:54 INF] 已配置为关闭，跳过
[09:29:54 INF] --------结束--------

[09:29:54 INF] =========结束=========

[09:29:54 INF] ######### 账号 3 #########

[09:29:54 INF] =====开始 每日任务 =====

[09:29:54 INF] ---开始 Set Cookie ---
[09:29:54 INF] Cookie完整，不需要Set Cookie
[09:29:54 INF] -------------结束-------------

[09:29:54 INF] ---开始 登录 ---
[09:30:01 WRN] 登录异常，请检查Cookie是否错误或过期
[09:30:01 ERR] 程序发生异常：登录失败，请检查Cookie
[09:30:01 INF] -----结束-----

[09:30:01 ERR] 程序发生异常：登录失败，请检查Cookie
[09:30:01 INF] =========结束=========

[09:30:01 WRN] 异常：System.Exception: 登录失败，请检查Cookie
   at Ray.BiliBiliTool.Application.DailyTaskAppService.Login() in /home/runner/work/BiliBiliToolPro/BiliBiliToolPro/src/Ray.BiliBiliTool.Application/DailyTaskAppService.cs:line 134
   at Ray.BiliBiliTool.Application.DailyTaskAppService.DoTaskAsync(CancellationToken cancellationToken) in /home/runner/work/BiliBiliToolPro/BiliBiliToolPro/src/Ray.BiliBiliTool.Application/DailyTaskAppService.cs:line 81
   at Ray.BiliBiliTool.Console.BiliBiliToolHostedService.DoTasksAsync(String[] tasks, CancellationToken cancellationToken) in /home/runner/work/BiliBiliToolPro/BiliBiliToolPro/src/Ray.BiliBiliTool.Console/BiliBiliToolHostedService.cs:line 194
   at Ray.BiliBiliTool.Console.BiliBiliToolHostedService.StartAsync(CancellationToken cancellationToken) in /home/runner/work/BiliBiliToolPro/BiliBiliToolPro/src/Ray.BiliBiliTool.Console/BiliBiliToolHostedService.cs:line 76
[09:30:01 INF] 

========================

 v2.0.2 开源 by https://github.com/RayWangQvQ/BiliBiliToolPro

[09:30:01 INF] ·开始推送·Daily任务·
2024-02-12T01:30:01.6423393Z 开始推送到:PushPlus
2024-02-12T01:30:02.7467517Z Response status: OK.
2024-02-12T01:30:02.7467862Z Response content: {"code":200,"msg":"请求成功","data":"dfd9994e0fa549149f9140c94d5e9887","count":null}.

[09:30:02 INF] 运行环境：Development
[09:30:02 INF] 应用目录：/home/runner/work/BiliBiliToolPro/BiliBiliToolPro/src/Ray.BiliBiliTool.Console/bin/Debug/net6.0/

[09:30:02 INF] 运行结束
  ____               ____    _   _____           _  
 |  _ \ __ _ _   _  | __ ) _| |_|_   _|__   ___ | | 
 | |_) / _` | | | | |  _ \(_) (_) | |/ _ \ / _ \| | 
 |  _ < (_| | |_| | | |_) | | | | | | (_) | (_) | | 
 |_| \_\__,_|\__, | |____/|_|_|_| |_|\___/ \___/|_| 
             |___/                                  

[09:30:05 INF] BiliBiliToolPro 开始运行...

[09:30:05 INF] 【账号个数】3个

[09:30:05 INF] 随机休眠3分钟

[09:33:05 INF] 【目标任务】VipBigPoint
[09:33:05 INF] ######### 账号 1 #########

[09:33:05 INF] =====开始 大会员大积分 =====

[09:33:05 INF] 大会员经验领取任务开始
[09:33:11 INF] 大会员经验未兑换
[09:33:17 INF] 领取成功，经验+10 √
[09:33:17 INF] ---开始 测试Cookie ---
[09:33:21 INF] 【用户名】sunxxxxxgzi
[09:33:21 INF] 【会员类型】月度大会员
[09:33:21 INF] 【会员状态】正常
[09:33:21 INF] 【硬币余额】1128.2
[09:33:21 INF] 【距升级Lv6】预计847天
[09:33:21 INF] -----------结束-----------

[09:33:27 INF] ------当前任务状态------
[09:33:27 INF] 打卡：X
[09:33:27 INF] -福利任务
[09:33:27 INF] ---大会员福利大积分：√
[09:33:27 INF] -体验任务
[09:33:27 INF] ---浏览大会员权益页面：√
[09:33:27 INF] -日常任务
[09:33:27 INF] ---浏览装扮商城主页：X
[09:33:27 INF] ---浏览会员购页面10秒：X
[09:33:27 INF] ---购买指定会员购商品：X
[09:33:27 INF] ---浏览追番频道页10秒：X
[09:33:27 INF] ---观看任意正片内容：X
[09:33:27 INF] ---购买单点付费影片：X
[09:33:27 INF] ---购买指定装扮商品：X
[09:33:27 INF] ------------------------

[09:33:27 INF] ---开始 签到 ---
[09:33:32 ERR] 签到失败，继续其他任务。失败信息:{"Code":6007000,"Message":"抱歉，您的账号存在风险，暂时无法参与本任务哦~","Data":null}

[09:33:32 INF] -----结束-----

[09:33:32 INF] ---开始 福利任务 ---
[09:33:32 ERR] 福利任务失败，继续其他任务。失败信息:Object reference not set to an instance of an object.

[09:33:32 INF] -------结束-------

[09:33:32 INF] ---开始 体验任务 ---
[09:33:32 ERR] 体验任务失败，继续其他任务。失败信息:Object reference not set to an instance of an object.

[09:33:32 INF] -------结束-------

[09:33:32 INF] ---开始 浏览追番频道页10秒 ---
[09:33:32 ERR] 浏览追番频道页10秒失败，继续其他任务。失败信息:Object reference not set to an instance of an object.

[09:33:32 INF] -------------结束-------------

[09:33:32 INF] ---开始 浏览会员购页面10秒 ---
[09:33:32 INF] 待实现...
[09:33:32 INF] -------------结束-------------

[09:33:32 INF] ---开始 观看任意正片内容 ---
[09:33:32 ERR] 观看任意正片内容失败，继续其他任务。失败信息:Object reference not set to an instance of an object.

[09:33:32 INF] -----------结束-----------

[09:33:32 INF] ---开始 购买单点付费影片（仅领取） ---
[09:33:32 ERR] 购买单点付费影片（仅领取）失败，继续其他任务。失败信息:Object reference not set to an instance of an object.

[09:33:32 INF] ----------------结束----------------

[09:33:32 INF] ---开始 购买指定会员购商品（仅领取） ---
[09:33:32 ERR] 购买指定会员购商品（仅领取）失败，继续其他任务。失败信息:Object reference not set to an instance of an object.

[09:33:32 INF] -----------------结束-----------------

[09:33:32 ERR] 程序发生异常：Object reference not set to an instance of an object.
[09:33:32 INF] ===========结束===========

[09:33:32 WRN] 异常：System.NullReferenceException: Object reference not set to an instance of an object.
   at Ray.BiliBiliTool.Application.VipBigPointAppService.DoTaskAsync(CancellationToken cancellationToken) in /home/runner/work/BiliBiliToolPro/BiliBiliToolPro/src/Ray.BiliBiliTool.Application/VipBigPointAppService.cs:line 141
   at Ray.BiliBiliTool.Console.BiliBiliToolHostedService.DoTasksAsync(String[] tasks, CancellationToken cancellationToken) in /home/runner/work/BiliBiliToolPro/BiliBiliToolPro/src/Ray.BiliBiliTool.Console/BiliBiliToolHostedService.cs:line 194
   at Ray.BiliBiliTool.Console.BiliBiliToolHostedService.StartAsync(CancellationToken cancellationToken) in /home/runner/work/BiliBiliToolPro/BiliBiliToolPro/src/Ray.BiliBiliTool.Console/BiliBiliToolHostedService.cs:line 76
[09:33:32 INF] ######### 账号 2 #########

[09:33:32 INF] =====开始 大会员大积分 =====

[09:33:32 INF] 大会员经验领取任务开始
[09:33:38 INF] 大会员经验未兑换
[09:33:44 INF] 领取成功，经验+10 √
[09:33:44 INF] ---开始 测试Cookie ---
[09:33:47 INF] 【用户名】bilixxxxxxxx1879
[09:33:47 INF] 【会员类型】月度大会员
[09:33:47 INF] 【会员状态】无/过期
[09:33:47 INF] 【硬币余额】559
[09:33:47 INF] 【距升级Lv5】预计161天
[09:33:47 INF] -----------结束-----------

[09:33:47 INF] 当前不是大会员或已过期，跳过任务
[09:33:47 INF] ===========结束===========

[09:33:47 INF] ######### 账号 3 #########

[09:33:47 INF] =====开始 大会员大积分 =====

[09:33:47 INF] 大会员经验领取任务开始
[09:33:53 INF] ---开始 测试Cookie ---
[09:33:59 WRN] 登录异常，请检查Cookie是否错误或过期
[09:33:59 ERR] 程序发生异常：登录失败，请检查Cookie
[09:33:59 INF] -----------结束-----------

[09:33:59 ERR] 程序发生异常：登录失败，请检查Cookie
[09:33:59 INF] ===========结束===========

[09:33:59 WRN] 异常：System.Exception: 登录失败，请检查Cookie
   at Ray.BiliBiliTool.Application.VipBigPointAppService.GetUserInfo() in /home/runner/work/BiliBiliToolPro/BiliBiliToolPro/src/Ray.BiliBiliTool.Application/VipBigPointAppService.cs:line 150
   at Ray.BiliBiliTool.Application.VipBigPointAppService.DoTaskAsync(CancellationToken cancellationToken) in /home/runner/work/BiliBiliToolPro/BiliBiliToolPro/src/Ray.BiliBiliTool.Application/VipBigPointAppService.cs:line 98
   at Ray.BiliBiliTool.Console.BiliBiliToolHostedService.DoTasksAsync(String[] tasks, CancellationToken cancellationToken) in /home/runner/work/BiliBiliToolPro/BiliBiliToolPro/src/Ray.BiliBiliTool.Console/BiliBiliToolHostedService.cs:line 194
   at Ray.BiliBiliTool.Console.BiliBiliToolHostedService.StartAsync(CancellationToken cancellationToken) in /home/runner/work/BiliBiliToolPro/BiliBiliToolPro/src/Ray.BiliBiliTool.Console/BiliBiliToolHostedService.cs:line 76
[09:33:59 INF] 

========================

 v2.0.2 开源 by https://github.com/RayWangQvQ/BiliBiliToolPro

[09:33:59 INF] ·开始推送·VipBigPoint任务·
2024-02-12T01:33:59.5675331Z 开始推送到:PushPlus
2024-02-12T01:34:00.0889095Z Response status: OK.
2024-02-12T01:34:00.0889431Z Response content: {"code":200,"msg":"请求成功","data":"fbaa6cb56b694cc0830e01166c225afd","count":null}.

[09:34:00 INF] 运行环境：Development
[09:34:00 INF] 应用目录：/home/runner/work/BiliBiliToolPro/BiliBiliToolPro/src/Ray.BiliBiliTool.Console/bin/Debug/net6.0/

[09:34:00 INF] 运行结束
