----------- ip 信息 ---------
{
  "ip": "104.28.216.158",
  "city": "Des Moines",
  "region": "Iowa",
  "country": "US",
  "loc": "41.6005,-93.6091",
  "org": "AS13335 Cloudflare, Inc.",
  "postal": "50307",
  "timezone": "America/Chicago",
  "readme": "https://ipinfo.io/missingauth"
} ---------- end ------------
  ____               ____    _   _____           _  
 |  _ \ __ _ _   _  | __ ) _| |_|_   _|__   ___ | | 
 | |_) / _` | | | | |  _ \(_) (_) | |/ _ \ / _ \| | 
 |  _ < (_| | |_| | | |_) | | | | | | (_) | (_) | | 
 |_| \_\__,_|\__, | |____/|_|_|_| |_|\___/ \___/|_| 
             |___/                                  

[09:38:23 INF] BiliBiliToolPro 开始运行...

[09:38:23 INF] 【账号个数】3个

[09:38:23 INF] 随机休眠1分钟

[09:39:23 INF] 【目标任务】Daily
[09:39:23 INF] ######### 账号 1 #########

[09:39:23 INF] =====开始 每日任务 =====

[09:39:23 INF] ---开始 Set Cookie ---
[09:39:23 INF] Cookie完整，不需要Set Cookie
[09:39:23 INF] -------------结束-------------

[09:39:23 INF] ---开始 登录 ---
[09:39:31 INF] 【用户名】waxxxx12
[09:39:31 INF] 【会员类型】月度大会员
[09:39:31 INF] 【会员状态】无/过期
[09:39:31 INF] 【硬币余额】400.2
[09:39:31 INF] 【距升级Lv5】16天（如每日做满65点经验）
[09:39:31 INF] 登录成功，经验+5 √
[09:39:31 INF] -----结束-----

[09:39:38 INF] ---开始 观看、分享视频 ---
[09:39:51 INF] 【随机视频】拆解手指弹力游戏机，看看它是通过什么原理检测出手指力度的
[09:40:03 INF] 视频播放成功，已观看到第12秒，经验+5 √
[09:40:08 INF] 视频分享成功，经验+5 √
[09:40:08 INF] ----------结束----------

[09:40:08 INF] ---开始 投币 ---
[09:40:08 INF] 已配置为跳过投币任务
[09:40:08 INF] -----结束-----

[09:40:08 INF] ---开始 直播签到 ---
[09:40:12 INF] 【签到结果】成功
[09:40:12 INF] 【本次获取】3000点用户经验,2根辣条,50根辣条,
[09:40:12 INF] -------结束-------

[09:40:12 INF] ---开始 漫画签到 ---
[09:40:18 INF] 【签到结果】成功
[09:40:18 INF] -------结束-------

[09:40:18 INF] ---开始 漫画阅读 ---
[09:40:25 INF] 【漫画阅读】成功, 阅读漫画为：堀与宫村
[09:40:25 INF] -------结束-------

[09:40:25 INF] ---开始 银瓜子兑换硬币 ---
[09:40:25 INF] 【目标兑换日期】21号
[09:40:25 INF] 【今天】21号
[09:40:29 INF] 【银瓜子余额】 88
[09:40:29 INF] 【硬币余额】 400
[09:40:29 INF] 【今日剩余兑换次数】 1
[09:40:29 INF] 开始尝试兑换...
[09:40:34 INF] 【兑换结果】失败
[09:40:34 INF] 【原因】银瓜子余额不足
[09:40:34 INF] ----------结束----------

[09:40:34 INF] ---开始 领取大会员福利 ---
[09:40:34 INF] 普通会员和月度大会员每月不赠送B币券，不需要领取权益喽
[09:40:34 INF] ----------结束----------

[09:40:34 INF] ---开始 领取大会员漫画权益 ---
[09:40:34 INF] 不是会员，跳过
[09:40:34 INF] ------------结束------------

[09:40:34 INF] ---开始 B币券充电 ---
[09:40:34 INF] 不是年度大会员，跳过
[09:40:34 INF] --------结束--------

[09:40:34 INF] =========结束=========

[09:40:34 INF] ######### 账号 2 #########

[09:40:34 INF] =====开始 每日任务 =====

[09:40:34 INF] ---开始 Set Cookie ---
[09:40:34 INF] Cookie完整，不需要Set Cookie
[09:40:34 INF] -------------结束-------------

[09:40:34 INF] ---开始 登录 ---
[09:40:38 INF] 【用户名】bilixxxxxxxx1879
[09:40:38 INF] 【会员类型】月度大会员
[09:40:38 INF] 【会员状态】无/过期
[09:40:38 INF] 【硬币余额】264
[09:40:38 INF] 【距升级Lv4】7天（如每日做满65点经验）
[09:40:38 INF] 登录成功，经验+5 √
[09:40:38 INF] -----结束-----

[09:40:46 INF] ---开始 观看、分享视频 ---
[09:40:56 INF] 【随机视频】村民响应漠叔号召，纷纷拿出食物配合宣传
[09:41:06 INF] 视频播放成功，已观看到第2秒，经验+5 √
[09:41:09 INF] 视频分享成功，经验+5 √
[09:41:09 INF] ----------结束----------

[09:41:09 INF] ---开始 投币 ---
[09:41:09 INF] 已配置为跳过投币任务
[09:41:09 INF] -----结束-----

[09:41:09 INF] ---开始 直播签到 ---
[09:41:13 INF] 【签到结果】成功
[09:41:13 INF] 【本次获取】3000点用户经验,2根辣条,50根辣条,
[09:41:13 INF] -------结束-------

[09:41:13 INF] ---开始 漫画签到 ---
[09:41:19 INF] 【签到结果】成功
[09:41:19 INF] -------结束-------

[09:41:19 INF] ---开始 漫画阅读 ---
[09:41:27 INF] 【漫画阅读】成功, 阅读漫画为：堀与宫村
[09:41:27 INF] -------结束-------

[09:41:27 INF] ---开始 银瓜子兑换硬币 ---
[09:41:27 INF] 【目标兑换日期】21号
[09:41:27 INF] 【今天】21号
[09:41:33 INF] 【银瓜子余额】 360
[09:41:33 INF] 【硬币余额】 264
[09:41:33 INF] 【今日剩余兑换次数】 1
[09:41:33 INF] 开始尝试兑换...
[09:41:37 INF] 【兑换结果】失败
[09:41:37 INF] 【原因】银瓜子余额不足
[09:41:37 INF] ----------结束----------

[09:41:37 INF] ---开始 领取大会员福利 ---
[09:41:37 INF] 普通会员和月度大会员每月不赠送B币券，不需要领取权益喽
[09:41:37 INF] ----------结束----------

[09:41:37 INF] ---开始 领取大会员漫画权益 ---
[09:41:37 INF] 不是会员，跳过
[09:41:37 INF] ------------结束------------

[09:41:37 INF] ---开始 B币券充电 ---
[09:41:37 INF] 不是年度大会员，跳过
[09:41:37 INF] --------结束--------

[09:41:37 INF] =========结束=========

[09:41:37 INF] ######### 账号 3 #########

[09:41:37 INF] =====开始 每日任务 =====

[09:41:37 INF] ---开始 Set Cookie ---
[09:41:37 INF] Cookie完整，不需要Set Cookie
[09:41:37 INF] -------------结束-------------

[09:41:37 INF] ---开始 登录 ---
[09:41:43 INF] 【用户名】晴xxng
[09:41:43 INF] 【会员类型】无
[09:41:43 INF] 【会员状态】无/过期
[09:41:43 INF] 【硬币余额】90
[09:41:43 INF] 【距升级Lv4】44天（如每日做满65点经验）
[09:41:43 INF] 登录成功，经验+5 √
[09:41:43 INF] -----结束-----

[09:41:50 INF] ---开始 观看、分享视频 ---
[09:42:02 INF] 【随机视频】为什么现在都流行玩末影箱了
[09:42:02 INF] 今天已经观看过了，不需要再看啦
[09:42:13 INF] 视频分享成功，经验+5 √
[09:42:13 INF] ----------结束----------

[09:42:13 INF] ---开始 投币 ---
[09:42:13 INF] 已配置为跳过投币任务
[09:42:13 INF] -----结束-----

[09:42:13 INF] ---开始 直播签到 ---
[09:42:18 INF] 【签到结果】成功
[09:42:18 INF] 【本次获取】3000点用户经验,2根辣条,50根辣条,
[09:42:18 INF] -------结束-------

[09:42:18 INF] ---开始 漫画签到 ---
[09:42:25 INF] 【签到结果】成功
[09:42:25 INF] -------结束-------

[09:42:25 INF] ---开始 漫画阅读 ---
[09:42:32 INF] 【漫画阅读】成功, 阅读漫画为：堀与宫村
[09:42:32 INF] -------结束-------

[09:42:32 INF] ---开始 银瓜子兑换硬币 ---
[09:42:32 INF] 【目标兑换日期】21号
[09:42:32 INF] 【今天】21号
[09:42:37 INF] 【银瓜子余额】 598
[09:42:37 INF] 【硬币余额】 90
[09:42:37 INF] 【今日剩余兑换次数】 1
[09:42:37 INF] 开始尝试兑换...
[09:42:42 INF] 【兑换结果】失败
[09:42:42 INF] 【原因】银瓜子余额不足
[09:42:42 INF] ----------结束----------

[09:42:42 INF] ---开始 领取大会员福利 ---
[09:42:42 INF] 普通会员和月度大会员每月不赠送B币券，不需要领取权益喽
[09:42:42 INF] ----------结束----------

[09:42:42 INF] ---开始 领取大会员漫画权益 ---
[09:42:42 INF] 不是会员，跳过
[09:42:42 INF] ------------结束------------

[09:42:42 INF] ---开始 B币券充电 ---
[09:42:42 INF] 不是年度大会员，跳过
[09:42:42 INF] --------结束--------

[09:42:42 INF] =========结束=========

[09:42:42 INF] 

========================

 v1.0.3 开源 by https://github.com/RayWangQvQ/BiliBiliToolPro

[09:42:42 INF] ·开始推送·Daily任务·
2023-04-21T01:42:42.8526228Z 开始推送到:PushPlus
2023-04-21T01:42:43.7860625Z Response status: OK.
2023-04-21T01:42:43.7861142Z Response content: {"code":200,"msg":"请求成功","data":"97aac6c468a14020a3c0484124d032b4","count":null}.

[09:42:43 INF] 运行环境：Development
[09:42:43 INF] 应用目录：/home/runner/work/BiliBiliToolPro/BiliBiliToolPro/src/Ray.BiliBiliTool.Console/bin/Debug/net6.0/

[09:42:43 INF] 运行结束
