----------- ip 信息 ---------
{
  "ip": "20.55.14.159",
  "city": "Washington",
  "region": "Virginia",
  "country": "US",
  "loc": "38.7135,-78.1594",
  "org": "AS8075 Microsoft Corporation",
  "postal": "22747",
  "timezone": "America/New_York",
  "readme": "https://ipinfo.io/missingauth"
} ---------- end ------------
  ____               ____    _   _____           _  
 |  _ \ __ _ _   _  | __ ) _| |_|_   _|__   ___ | | 
 | |_) / _` | | | | |  _ \(_) (_) | |/ _ \ / _ \| | 
 |  _ < (_| | |_| | | |_) | | | | | | (_) | (_) | | 
 |_| \_\__,_|\__, | |____/|_|_|_| |_|\___/ \___/|_| 
             |___/                                  

[09:34:17 INF] BiliBiliToolPro 开始运行...

[09:34:17 INF] 【账号个数】3个

[09:34:17 INF] 随机休眠2分钟

[09:36:17 INF] 【目标任务】Daily
[09:36:17 INF] ######### 账号 1 #########

[09:36:17 INF] =====开始 每日任务 =====

[09:36:17 INF] ---开始 Set Cookie ---
[09:36:17 INF] Cookie完整，不需要Set Cookie
[09:36:17 INF] -------------结束-------------

[09:36:17 INF] ---开始 登录 ---
[09:36:26 INF] 【用户名】sunxxxxxgzi
[09:36:26 INF] 【会员类型】月度大会员
[09:36:26 INF] 【会员状态】无/过期
[09:36:26 INF] 【硬币余额】726.2
[09:36:26 INF] 【距升级Lv6】218天（如每日做满65点经验）
[09:36:26 INF] 登录成功，经验+5 √
[09:36:26 INF] -----结束-----

[09:36:33 INF] ---开始 观看、分享视频 ---
[09:37:01 INF] 【随机视频】只有聪明的人，才能看到跟我合影的人
[09:37:11 INF] 视频播放成功，已观看到第10秒，经验+5 √
[09:37:17 INF] 视频分享成功，经验+5 √
[09:37:17 INF] ----------结束----------

[09:37:17 INF] ---开始 投币 ---
[09:37:17 INF] 已配置为跳过投币任务
[09:37:17 INF] -----结束-----

[09:37:17 INF] ---开始 直播签到 ---
[09:37:24 INF] 【签到结果】成功
[09:37:24 INF] 【本次获取】3000点用户经验,2根辣条,再签到2天可以获得50根辣条
[09:37:24 INF] -------结束-------

[09:37:24 INF] ---开始 漫画签到 ---
[09:37:27 INF] 【签到结果】成功
[09:37:27 INF] -------结束-------

[09:37:27 INF] ---开始 漫画阅读 ---
[09:37:33 INF] 【漫画阅读】成功, 阅读漫画为：堀与宫村
[09:37:33 INF] -------结束-------

[09:37:33 INF] ---开始 银瓜子兑换硬币 ---
[09:37:33 INF] 【目标兑换日期】18号
[09:37:33 INF] 【今天】18号
[09:37:37 INF] 【银瓜子余额】 616
[09:37:37 INF] 【硬币余额】 726
[09:37:37 INF] 【今日剩余兑换次数】 1
[09:37:37 INF] 开始尝试兑换...
[09:37:45 INF] 【兑换结果】失败
[09:37:45 INF] 【原因】银瓜子余额不足
[09:37:45 INF] ----------结束----------

[09:37:45 INF] ---开始 领取大会员福利 ---
[09:37:45 INF] 普通会员和月度大会员每月不赠送B币券，不需要领取权益喽
[09:37:45 INF] ----------结束----------

[09:37:45 INF] ---开始 领取大会员漫画权益 ---
[09:37:45 INF] 不是会员，跳过
[09:37:45 INF] ------------结束------------

[09:37:45 INF] ---开始 B币券充电 ---
[09:37:45 INF] 不是年度大会员，跳过
[09:37:45 INF] --------结束--------

[09:37:45 INF] =========结束=========

[09:37:45 INF] ######### 账号 2 #########

[09:37:45 INF] =====开始 每日任务 =====

[09:37:45 INF] ---开始 Set Cookie ---
[09:37:45 INF] Cookie完整，不需要Set Cookie
[09:37:45 INF] -------------结束-------------

[09:37:45 INF] ---开始 登录 ---
[09:37:48 INF] 【用户名】bilixxxxxxxx1879
[09:37:48 INF] 【会员类型】月度大会员
[09:37:48 INF] 【会员状态】无/过期
[09:37:48 INF] 【硬币余额】510
[09:37:48 INF] 【距升级Lv5】51天（如每日做满65点经验）
[09:37:48 INF] 登录成功，经验+5 √
[09:37:48 INF] -----结束-----

[09:37:55 INF] ---开始 观看、分享视频 ---
[09:38:22 INF] 【随机视频】植物细胞的有丝分裂.mp4（文件已损坏）
[09:38:36 INF] 视频播放成功，已观看到第11秒，经验+5 √
[09:38:44 INF] 视频分享成功，经验+5 √
[09:38:44 INF] ----------结束----------

[09:38:44 INF] ---开始 投币 ---
[09:38:44 INF] 已配置为跳过投币任务
[09:38:44 INF] -----结束-----

[09:38:44 INF] ---开始 直播签到 ---
[09:38:47 INF] 【签到结果】成功
[09:38:47 INF] 【本次获取】3000点用户经验,2根辣条,再签到2天可以获得50根辣条
[09:38:47 INF] -------结束-------

[09:38:47 INF] ---开始 漫画签到 ---
[09:38:53 INF] 【签到结果】成功
[09:38:53 INF] -------结束-------

[09:38:53 INF] ---开始 漫画阅读 ---
[09:38:59 INF] 【漫画阅读】成功, 阅读漫画为：堀与宫村
[09:38:59 INF] -------结束-------

[09:38:59 INF] ---开始 银瓜子兑换硬币 ---
[09:38:59 INF] 【目标兑换日期】18号
[09:38:59 INF] 【今天】18号
[09:39:04 INF] 【银瓜子余额】 388
[09:39:04 INF] 【硬币余额】 510
[09:39:04 INF] 【今日剩余兑换次数】 1
[09:39:04 INF] 开始尝试兑换...
[09:39:11 INF] 【兑换结果】失败
[09:39:11 INF] 【原因】银瓜子余额不足
[09:39:11 INF] ----------结束----------

[09:39:11 INF] ---开始 领取大会员福利 ---
[09:39:11 INF] 普通会员和月度大会员每月不赠送B币券，不需要领取权益喽
[09:39:11 INF] ----------结束----------

[09:39:11 INF] ---开始 领取大会员漫画权益 ---
[09:39:11 INF] 不是会员，跳过
[09:39:11 INF] ------------结束------------

[09:39:11 INF] ---开始 B币券充电 ---
[09:39:11 INF] 不是年度大会员，跳过
[09:39:11 INF] --------结束--------

[09:39:11 INF] =========结束=========

[09:39:11 INF] ######### 账号 3 #########

[09:39:11 INF] =====开始 每日任务 =====

[09:39:11 INF] ---开始 Set Cookie ---
[09:39:11 INF] Cookie完整，不需要Set Cookie
[09:39:11 INF] -------------结束-------------

[09:39:11 INF] ---开始 登录 ---
[09:39:16 WRN] 登录异常，请检查Cookie是否错误或过期
[09:39:16 ERR] 程序发生异常：登录失败，请检查Cookie
[09:39:16 INF] -----结束-----

[09:39:16 ERR] 程序发生异常：登录失败，请检查Cookie
[09:39:16 INF] =========结束=========

[09:39:16 WRN] 异常：System.Exception: 登录失败，请检查Cookie
   at Ray.BiliBiliTool.Application.DailyTaskAppService.Login() in /home/runner/work/BiliBiliToolPro/BiliBiliToolPro/src/Ray.BiliBiliTool.Application/DailyTaskAppService.cs:line 127
   at Ray.BiliBiliTool.Application.DailyTaskAppService.DoTaskAsync(CancellationToken cancellationToken) in /home/runner/work/BiliBiliToolPro/BiliBiliToolPro/src/Ray.BiliBiliTool.Application/DailyTaskAppService.cs:line 78
   at Ray.BiliBiliTool.Console.BiliBiliToolHostedService.DoTasksAsync(String[] tasks, CancellationToken cancellationToken) in /home/runner/work/BiliBiliToolPro/BiliBiliToolPro/src/Ray.BiliBiliTool.Console/BiliBiliToolHostedService.cs:line 188
   at Ray.BiliBiliTool.Console.BiliBiliToolHostedService.StartAsync(CancellationToken cancellationToken) in /home/runner/work/BiliBiliToolPro/BiliBiliToolPro/src/Ray.BiliBiliTool.Console/BiliBiliToolHostedService.cs:line 76
[09:39:16 INF] 

========================

 v2.0.1 开源 by https://github.com/RayWangQvQ/BiliBiliToolPro

[09:39:16 INF] ·开始推送·Daily任务·
2023-12-18T01:39:16.6473225Z 开始推送到:PushPlus
2023-12-18T01:39:17.5709528Z Response status: OK.
2023-12-18T01:39:17.5709893Z Response content: {"code":200,"msg":"请求成功","data":"ee3437dba2cd45dc8c774087e601a329","count":null}.

[09:39:17 INF] 运行环境：Development
[09:39:17 INF] 应用目录：/home/runner/work/BiliBiliToolPro/BiliBiliToolPro/src/Ray.BiliBiliTool.Console/bin/Debug/net6.0/

[09:39:17 INF] 运行结束
