----------- ip 信息 ---------
{
  "ip": "104.28.216.158",
  "city": "Des Moines",
  "region": "Iowa",
  "country": "US",
  "loc": "41.6005,-93.6091",
  "org": "AS13335 Cloudflare, Inc.",
  "postal": "50307",
  "timezone": "America/Chicago",
  "readme": "https://ipinfo.io/missingauth"
} ---------- end ------------
  ____               ____    _   _____           _  
 |  _ \ __ _ _   _  | __ ) _| |_|_   _|__   ___ | | 
 | |_) / _` | | | | |  _ \(_) (_) | |/ _ \ / _ \| | 
 |  _ < (_| | |_| | | |_) | | | | | | (_) | (_) | | 
 |_| \_\__,_|\__, | |____/|_|_|_| |_|\___/ \___/|_| 
             |___/                                  

[09:37:46 INF] BiliBiliToolPro 开始运行...

[09:37:46 INF] 【账号个数】3个

[09:37:46 INF] 随机休眠1分钟

[09:38:46 INF] 【目标任务】Daily
[09:38:46 INF] ######### 账号 1 #########

[09:38:46 INF] =====开始 每日任务 =====

[09:38:46 INF] ---开始 Set Cookie ---
[09:38:46 INF] Cookie完整，不需要Set Cookie
[09:38:46 INF] -------------结束-------------

[09:38:46 INF] ---开始 登录 ---
[09:38:51 INF] 【用户名】waxxxx12
[09:38:51 INF] 【会员类型】月度大会员
[09:38:51 INF] 【会员状态】无/过期
[09:38:51 INF] 【硬币余额】441.2
[09:38:51 INF] 【距升级Lv5】10天（如每日做满65点经验）
[09:38:51 INF] 登录成功，经验+5 √
[09:38:51 INF] -----结束-----

[09:38:58 INF] ---开始 观看、分享视频 ---
[09:39:09 INF] 【随机视频】花雨庭是一个优秀的服务器#2
[09:39:21 INF] 视频播放成功，已观看到第2秒，经验+5 √
[09:39:25 INF] 视频分享成功，经验+5 √
[09:39:25 INF] ----------结束----------

[09:39:25 INF] ---开始 投币 ---
[09:39:25 INF] 已配置为跳过投币任务
[09:39:25 INF] -----结束-----

[09:39:25 INF] ---开始 直播签到 ---
[09:39:32 INF] 【签到结果】成功
[09:39:32 INF] 【本次获取】3000点用户经验,2根辣条,再签到10天可以获得50根辣条
[09:39:32 INF] -------结束-------

[09:39:32 INF] ---开始 漫画签到 ---
[09:39:36 INF] 【签到结果】成功
[09:39:36 INF] -------结束-------

[09:39:36 INF] ---开始 漫画阅读 ---
[09:39:42 INF] 【漫画阅读】成功, 阅读漫画为：堀与宫村
[09:39:42 INF] -------结束-------

[09:39:42 INF] ---开始 银瓜子兑换硬币 ---
[09:39:42 INF] 【目标兑换日期】10号
[09:39:42 INF] 【今天】10号
[09:39:46 INF] 【银瓜子余额】 54
[09:39:46 INF] 【硬币余额】 441
[09:39:46 INF] 【今日剩余兑换次数】 1
[09:39:46 INF] 开始尝试兑换...
[09:39:54 INF] 【兑换结果】失败
[09:39:54 INF] 【原因】银瓜子余额不足
[09:39:54 INF] ----------结束----------

[09:39:54 INF] ---开始 领取大会员福利 ---
[09:39:54 INF] 普通会员和月度大会员每月不赠送B币券，不需要领取权益喽
[09:39:54 INF] ----------结束----------

[09:39:54 INF] ---开始 领取大会员漫画权益 ---
[09:39:54 INF] 不是会员，跳过
[09:39:54 INF] ------------结束------------

[09:39:54 INF] ---开始 B币券充电 ---
[09:39:54 INF] 不是年度大会员，跳过
[09:39:54 INF] --------结束--------

[09:39:54 INF] =========结束=========

[09:39:54 INF] ######### 账号 2 #########

[09:39:54 INF] =====开始 每日任务 =====

[09:39:54 INF] ---开始 Set Cookie ---
[09:39:54 INF] Cookie完整，不需要Set Cookie
[09:39:54 INF] -------------结束-------------

[09:39:54 INF] ---开始 登录 ---
[09:39:59 INF] 【用户名】bilixxxxxxxx1879
[09:39:59 INF] 【会员类型】月度大会员
[09:39:59 INF] 【会员状态】无/过期
[09:39:59 INF] 【硬币余额】284
[09:39:59 INF] 【距升级Lv4】3天（如每日做满65点经验）
[09:39:59 INF] 登录成功，经验+5 √
[09:39:59 INF] -----结束-----

[09:40:04 INF] ---开始 观看、分享视频 ---
[09:40:17 INF] 【随机视频】今天差点被骗6000......
[09:40:30 INF] 视频播放成功，已观看到第5秒，经验+5 √
[09:40:36 INF] 视频分享成功，经验+5 √
[09:40:36 INF] ----------结束----------

[09:40:36 INF] ---开始 投币 ---
[09:40:36 INF] 已配置为跳过投币任务
[09:40:36 INF] -----结束-----

[09:40:36 INF] ---开始 直播签到 ---
[09:40:42 INF] 【签到结果】成功
[09:40:42 INF] 【本次获取】3000点用户经验,2根辣条,再签到10天可以获得50根辣条
[09:40:42 INF] -------结束-------

[09:40:42 INF] ---开始 漫画签到 ---
[09:40:47 INF] 【签到结果】成功
[09:40:47 INF] -------结束-------

[09:40:47 INF] ---开始 漫画阅读 ---
[09:40:55 INF] 【漫画阅读】成功, 阅读漫画为：堀与宫村
[09:40:55 INF] -------结束-------

[09:40:55 INF] ---开始 银瓜子兑换硬币 ---
[09:40:55 INF] 【目标兑换日期】10号
[09:40:55 INF] 【今天】10号
[09:41:01 INF] 【银瓜子余额】 326
[09:41:01 INF] 【硬币余额】 284
[09:41:01 INF] 【今日剩余兑换次数】 1
[09:41:01 INF] 开始尝试兑换...
[09:41:07 INF] 【兑换结果】失败
[09:41:07 INF] 【原因】银瓜子余额不足
[09:41:07 INF] ----------结束----------

[09:41:07 INF] ---开始 领取大会员福利 ---
[09:41:07 INF] 普通会员和月度大会员每月不赠送B币券，不需要领取权益喽
[09:41:07 INF] ----------结束----------

[09:41:07 INF] ---开始 领取大会员漫画权益 ---
[09:41:07 INF] 不是会员，跳过
[09:41:07 INF] ------------结束------------

[09:41:07 INF] ---开始 B币券充电 ---
[09:41:07 INF] 不是年度大会员，跳过
[09:41:07 INF] --------结束--------

[09:41:07 INF] =========结束=========

[09:41:07 INF] ######### 账号 3 #########

[09:41:07 INF] =====开始 每日任务 =====

[09:41:07 INF] ---开始 Set Cookie ---
[09:41:07 INF] Cookie完整，不需要Set Cookie
[09:41:07 INF] -------------结束-------------

[09:41:07 INF] ---开始 登录 ---
[09:41:14 INF] 【用户名】晴xxng
[09:41:14 INF] 【会员类型】无
[09:41:14 INF] 【会员状态】无/过期
[09:41:14 INF] 【硬币余额】110
[09:41:14 INF] 【距升级Lv4】40天（如每日做满65点经验）
[09:41:14 INF] 登录成功，经验+5 √
[09:41:14 INF] -----结束-----

[09:41:18 INF] ---开始 观看、分享视频 ---
[09:41:27 INF] 【随机视频】【花雨庭起床战争】2v2渐入佳境
[09:41:38 INF] 视频播放成功，已观看到第2秒，经验+5 √
[09:41:42 INF] 视频分享成功，经验+5 √
[09:41:42 INF] ----------结束----------

[09:41:42 INF] ---开始 投币 ---
[09:41:42 INF] 已配置为跳过投币任务
[09:41:42 INF] -----结束-----

[09:41:42 INF] ---开始 直播签到 ---
[09:41:48 INF] 【签到结果】成功
[09:41:48 INF] 【本次获取】3000点用户经验,2根辣条,再签到10天可以获得50根辣条
[09:41:48 INF] -------结束-------

[09:41:48 INF] ---开始 漫画签到 ---
[09:41:51 INF] 【签到结果】成功
[09:41:51 INF] -------结束-------

[09:41:51 INF] ---开始 漫画阅读 ---
[09:41:58 INF] 【漫画阅读】成功, 阅读漫画为：堀与宫村
[09:41:58 INF] -------结束-------

[09:41:58 INF] ---开始 银瓜子兑换硬币 ---
[09:41:58 INF] 【目标兑换日期】10号
[09:41:58 INF] 【今天】10号
[09:42:02 INF] 【银瓜子余额】 564
[09:42:02 INF] 【硬币余额】 110
[09:42:02 INF] 【今日剩余兑换次数】 1
[09:42:02 INF] 开始尝试兑换...
[09:42:09 INF] 【兑换结果】失败
[09:42:09 INF] 【原因】银瓜子余额不足
[09:42:09 INF] ----------结束----------

[09:42:09 INF] ---开始 领取大会员福利 ---
[09:42:09 INF] 普通会员和月度大会员每月不赠送B币券，不需要领取权益喽
[09:42:09 INF] ----------结束----------

[09:42:09 INF] ---开始 领取大会员漫画权益 ---
[09:42:09 INF] 不是会员，跳过
[09:42:09 INF] ------------结束------------

[09:42:09 INF] ---开始 B币券充电 ---
[09:42:09 INF] 不是年度大会员，跳过
[09:42:09 INF] --------结束--------

[09:42:09 INF] =========结束=========

[09:42:09 INF] 

========================

 v1.0.3 开源 by https://github.com/RayWangQvQ/BiliBiliToolPro

[09:42:09 INF] ·开始推送·Daily任务·
2023-05-10T01:42:09.1465950Z 开始推送到:PushPlus
2023-05-10T01:42:10.1444160Z Response status: OK.
2023-05-10T01:42:10.1444656Z Response content: {"code":200,"msg":"请求成功","data":"c3c902f3325d41179ea26c34a9af8f98","count":null}.

[09:42:10 INF] 运行环境：Development
[09:42:10 INF] 应用目录：/home/runner/work/BiliBiliToolPro/BiliBiliToolPro/src/Ray.BiliBiliTool.Console/bin/Debug/net6.0/

[09:42:10 INF] 运行结束
