----------- ip 信息 ---------
{
  "ip": "104.28.236.213",
  "city": "Richmond",
  "region": "Virginia",
  "country": "US",
  "loc": "37.5538,-77.4603",
  "org": "AS13335 Cloudflare, Inc.",
  "postal": "23173",
  "timezone": "America/New_York",
  "readme": "https://ipinfo.io/missingauth"
} ---------- end ------------
  ____               ____    _   _____           _  
 |  _ \ __ _ _   _  | __ ) _| |_|_   _|__   ___ | | 
 | |_) / _` | | | | |  _ \(_) (_) | |/ _ \ / _ \| | 
 |  _ < (_| | |_| | | |_) | | | | | | (_) | (_) | | 
 |_| \_\__,_|\__, | |____/|_|_|_| |_|\___/ \___/|_| 
             |___/                                  

[09:42:10 INF] BiliBiliToolPro 开始运行...

[09:42:10 INF] 【账号个数】3个

[09:42:10 INF] 随机休眠1分钟

[09:43:10 INF] 【目标任务】Daily
[09:43:10 INF] ######### 账号 1 #########

[09:43:10 INF] =====开始 每日任务 =====

[09:43:10 INF] ---开始 Set Cookie ---
[09:43:10 INF] Cookie完整，不需要Set Cookie
[09:43:10 INF] -------------结束-------------

[09:43:10 INF] ---开始 登录 ---
[09:43:14 INF] 【用户名】waxxxx12
[09:43:14 INF] 【会员类型】月度大会员
[09:43:14 INF] 【会员状态】无/过期
[09:43:14 INF] 【硬币余额】442.2
[09:43:14 INF] 【距升级Lv5】7天（如每日做满65点经验）
[09:43:14 INF] 登录成功，经验+5 √
[09:43:14 INF] -----结束-----

[09:43:19 INF] ---开始 观看、分享视频 ---
[09:43:32 INF] 【随机视频】【亮记生物鉴定】厦门八市海鲜图鉴
[09:43:39 INF] 视频播放成功，已观看到第7秒，经验+5 √
[09:43:46 INF] 视频分享成功，经验+5 √
[09:43:46 INF] ----------结束----------

[09:43:46 INF] ---开始 投币 ---
[09:43:46 INF] 已配置为跳过投币任务
[09:43:46 INF] -----结束-----

[09:43:46 INF] ---开始 直播签到 ---
[09:43:51 INF] 【签到结果】成功
[09:43:51 INF] 【本次获取】3000点用户经验,2根辣条,再签到1天可以获得50根辣条
[09:43:51 INF] -------结束-------

[09:43:51 INF] ---开始 漫画签到 ---
[09:43:57 INF] 【签到结果】成功
[09:43:57 INF] -------结束-------

[09:43:57 INF] ---开始 漫画阅读 ---
[09:44:01 INF] 【漫画阅读】成功, 阅读漫画为：堀与宫村
[09:44:01 INF] -------结束-------

[09:44:01 INF] ---开始 银瓜子兑换硬币 ---
[09:44:01 INF] 【目标兑换日期】19号
[09:44:01 INF] 【今天】19号
[09:44:07 INF] 【银瓜子余额】 54
[09:44:07 INF] 【硬币余额】 442
[09:44:07 INF] 【今日剩余兑换次数】 1
[09:44:07 INF] 开始尝试兑换...
[09:44:14 INF] 【兑换结果】失败
[09:44:14 INF] 【原因】银瓜子余额不足
[09:44:14 INF] ----------结束----------

[09:44:14 INF] ---开始 领取大会员福利 ---
[09:44:14 INF] 普通会员和月度大会员每月不赠送B币券，不需要领取权益喽
[09:44:14 INF] ----------结束----------

[09:44:14 INF] ---开始 领取大会员漫画权益 ---
[09:44:14 INF] 不是会员，跳过
[09:44:14 INF] ------------结束------------

[09:44:14 INF] ---开始 B币券充电 ---
[09:44:14 INF] 不是年度大会员，跳过
[09:44:14 INF] --------结束--------

[09:44:14 INF] =========结束=========

[09:44:14 INF] ######### 账号 2 #########

[09:44:14 INF] =====开始 每日任务 =====

[09:44:14 INF] ---开始 Set Cookie ---
[09:44:14 INF] Cookie完整，不需要Set Cookie
[09:44:14 INF] -------------结束-------------

[09:44:14 INF] ---开始 登录 ---
[09:44:22 INF] 【用户名】bilixxxxxxxx1879
[09:44:22 INF] 【会员类型】月度大会员
[09:44:22 INF] 【会员状态】无/过期
[09:44:22 INF] 【硬币余额】293
[09:44:22 INF] 【距升级Lv4】1天（如每日做满65点经验）
[09:44:22 INF] 登录成功，经验+5 √
[09:44:22 INF] -----结束-----

[09:44:25 INF] ---开始 观看、分享视频 ---
[09:44:35 INF] 【随机视频】【开箱】超大！3999元智能家居"桌面中控"！
[09:44:44 INF] 视频播放成功，已观看到第12秒，经验+5 √
[09:44:49 INF] 视频分享成功，经验+5 √
[09:44:49 INF] ----------结束----------

[09:44:49 INF] ---开始 投币 ---
[09:44:49 INF] 已配置为跳过投币任务
[09:44:49 INF] -----结束-----

[09:44:49 INF] ---开始 直播签到 ---
[09:44:57 INF] 【签到结果】成功
[09:44:57 INF] 【本次获取】3000点用户经验,2根辣条,再签到1天可以获得50根辣条
[09:44:57 INF] -------结束-------

[09:44:57 INF] ---开始 漫画签到 ---
[09:45:04 INF] 【签到结果】成功
[09:45:04 INF] -------结束-------

[09:45:04 INF] ---开始 漫画阅读 ---
[09:45:09 INF] 【漫画阅读】成功, 阅读漫画为：堀与宫村
[09:45:09 INF] -------结束-------

[09:45:09 INF] ---开始 银瓜子兑换硬币 ---
[09:45:09 INF] 【目标兑换日期】19号
[09:45:09 INF] 【今天】19号
[09:45:16 INF] 【银瓜子余额】 326
[09:45:16 INF] 【硬币余额】 293
[09:45:16 INF] 【今日剩余兑换次数】 1
[09:45:16 INF] 开始尝试兑换...
[09:45:23 INF] 【兑换结果】失败
[09:45:23 INF] 【原因】银瓜子余额不足
[09:45:23 INF] ----------结束----------

[09:45:23 INF] ---开始 领取大会员福利 ---
[09:45:23 INF] 普通会员和月度大会员每月不赠送B币券，不需要领取权益喽
[09:45:23 INF] ----------结束----------

[09:45:23 INF] ---开始 领取大会员漫画权益 ---
[09:45:23 INF] 不是会员，跳过
[09:45:23 INF] ------------结束------------

[09:45:23 INF] ---开始 B币券充电 ---
[09:45:23 INF] 不是年度大会员，跳过
[09:45:23 INF] --------结束--------

[09:45:23 INF] =========结束=========

[09:45:23 INF] ######### 账号 3 #########

[09:45:23 INF] =====开始 每日任务 =====

[09:45:23 INF] ---开始 Set Cookie ---
[09:45:23 INF] Cookie完整，不需要Set Cookie
[09:45:23 INF] -------------结束-------------

[09:45:23 INF] ---开始 登录 ---
[09:45:27 INF] 【用户名】晴xxng
[09:45:27 INF] 【会员类型】无
[09:45:27 INF] 【会员状态】无/过期
[09:45:27 INF] 【硬币余额】116
[09:45:27 INF] 【距升级Lv4】37天（如每日做满65点经验）
[09:45:27 INF] 登录成功，经验+5 √
[09:45:27 INF] -----结束-----

[09:45:34 INF] ---开始 观看、分享视频 ---
[09:45:47 INF] 【随机视频】苏联大妈买菜用弹簧秤，拆解看看昔日大国轻工业产品质量如何
[09:45:47 INF] 今天已经观看过了，不需要再看啦
[09:45:57 INF] 视频分享成功，经验+5 √
[09:45:57 INF] ----------结束----------

[09:45:57 INF] ---开始 投币 ---
[09:45:57 INF] 已配置为跳过投币任务
[09:45:57 INF] -----结束-----

[09:45:57 INF] ---开始 直播签到 ---
[09:46:00 INF] 【签到结果】成功
[09:46:00 INF] 【本次获取】3000点用户经验,2根辣条,再签到1天可以获得50根辣条
[09:46:00 INF] -------结束-------

[09:46:00 INF] ---开始 漫画签到 ---
[09:46:06 INF] 【签到结果】成功
[09:46:06 INF] -------结束-------

[09:46:06 INF] ---开始 漫画阅读 ---
[09:46:12 INF] 【漫画阅读】成功, 阅读漫画为：堀与宫村
[09:46:12 INF] -------结束-------

[09:46:12 INF] ---开始 银瓜子兑换硬币 ---
[09:46:12 INF] 【目标兑换日期】19号
[09:46:12 INF] 【今天】19号
[09:46:19 INF] 【银瓜子余额】 564
[09:46:19 INF] 【硬币余额】 116
[09:46:19 INF] 【今日剩余兑换次数】 1
[09:46:19 INF] 开始尝试兑换...
[09:46:22 INF] 【兑换结果】失败
[09:46:22 INF] 【原因】银瓜子余额不足
[09:46:22 INF] ----------结束----------

[09:46:22 INF] ---开始 领取大会员福利 ---
[09:46:22 INF] 普通会员和月度大会员每月不赠送B币券，不需要领取权益喽
[09:46:22 INF] ----------结束----------

[09:46:22 INF] ---开始 领取大会员漫画权益 ---
[09:46:22 INF] 不是会员，跳过
[09:46:22 INF] ------------结束------------

[09:46:22 INF] ---开始 B币券充电 ---
[09:46:22 INF] 不是年度大会员，跳过
[09:46:22 INF] --------结束--------

[09:46:22 INF] =========结束=========

[09:46:22 INF] 

========================

 v1.0.3 开源 by https://github.com/RayWangQvQ/BiliBiliToolPro

[09:46:22 INF] ·开始推送·Daily任务·
2023-05-19T01:46:22.7462115Z 开始推送到:自定义
2023-05-19T01:46:26.8210628Z Response status: OK.
2023-05-19T01:46:26.8211181Z Response content: {"message":"","success":true,"uuid":"b8c22eab4b324cc796b2484beb472c74"}.

[09:46:26 INF] 运行环境：Development
[09:46:26 INF] 应用目录：/home/runner/work/BiliBiliToolPro/BiliBiliToolPro/src/Ray.BiliBiliTool.Console/bin/Debug/net6.0/

[09:46:26 INF] 运行结束
