----------- ip 信息 ---------
{
  "ip": "104.28.236.213",
  "city": "Richmond",
  "region": "Virginia",
  "country": "US",
  "loc": "37.5538,-77.4603",
  "org": "AS13335 Cloudflare, Inc.",
  "postal": "23173",
  "timezone": "America/New_York",
  "readme": "https://ipinfo.io/missingauth"
} ---------- end ------------
  ____               ____    _   _____           _  
 |  _ \ __ _ _   _  | __ ) _| |_|_   _|__   ___ | | 
 | |_) / _` | | | | |  _ \(_) (_) | |/ _ \ / _ \| | 
 |  _ < (_| | |_| | | |_) | | | | | | (_) | (_) | | 
 |_| \_\__,_|\__, | |____/|_|_|_| |_|\___/ \___/|_| 
             |___/                                  

[09:41:21 INF] BiliBiliToolPro 开始运行...

[09:41:21 INF] 【账号个数】3个

[09:41:21 INF] 随机休眠4分钟

[09:45:21 INF] 【目标任务】Daily
[09:45:21 INF] ######### 账号 1 #########

[09:45:21 INF] =====开始 每日任务 =====

[09:45:21 INF] ---开始 Set Cookie ---
[09:45:21 INF] Cookie完整，不需要Set Cookie
[09:45:21 INF] -------------结束-------------

[09:45:21 INF] ---开始 登录 ---
[09:45:26 INF] 【用户名】waxxxx12
[09:45:26 INF] 【会员类型】月度大会员
[09:45:26 INF] 【会员状态】无/过期
[09:45:26 INF] 【硬币余额】406.2
[09:45:26 INF] 【距升级Lv5】15天（如每日做满65点经验）
[09:45:26 INF] 登录成功，经验+5 √
[09:45:26 INF] -----结束-----

[09:45:29 INF] ---开始 观看、分享视频 ---
[09:45:43 INF] 【随机视频】将一块生锈的废旧铁板打造成手机上图标的过程
[09:45:56 INF] 视频播放成功，已观看到第10秒，经验+5 √
[09:46:01 INF] 视频分享成功，经验+5 √
[09:46:01 INF] ----------结束----------

[09:46:01 INF] ---开始 投币 ---
[09:46:01 INF] 已配置为跳过投币任务
[09:46:01 INF] -----结束-----

[09:46:01 INF] ---开始 直播签到 ---
[09:46:05 INF] 【签到结果】成功
[09:46:05 INF] 【本次获取】3000点用户经验,2根辣条,
[09:46:05 INF] -------结束-------

[09:46:05 INF] ---开始 漫画签到 ---
[09:46:10 INF] 【签到结果】成功
[09:46:10 INF] -------结束-------

[09:46:10 INF] ---开始 漫画阅读 ---
[09:46:14 INF] 【漫画阅读】成功, 阅读漫画为：堀与宫村
[09:46:14 INF] -------结束-------

[09:46:14 INF] ---开始 银瓜子兑换硬币 ---
[09:46:14 INF] 【目标兑换日期】27号
[09:46:14 INF] 【今天】27号
[09:46:20 INF] 【银瓜子余额】 88
[09:46:20 INF] 【硬币余额】 406
[09:46:20 INF] 【今日剩余兑换次数】 1
[09:46:20 INF] 开始尝试兑换...
[09:46:25 INF] 【兑换结果】失败
[09:46:25 INF] 【原因】银瓜子余额不足
[09:46:25 INF] ----------结束----------

[09:46:25 INF] ---开始 领取大会员福利 ---
[09:46:25 INF] 普通会员和月度大会员每月不赠送B币券，不需要领取权益喽
[09:46:25 INF] ----------结束----------

[09:46:25 INF] ---开始 领取大会员漫画权益 ---
[09:46:25 INF] 不是会员，跳过
[09:46:25 INF] ------------结束------------

[09:46:25 INF] ---开始 B币券充电 ---
[09:46:25 INF] 不是年度大会员，跳过
[09:46:25 INF] --------结束--------

[09:46:25 INF] =========结束=========

[09:46:25 INF] ######### 账号 2 #########

[09:46:25 INF] =====开始 每日任务 =====

[09:46:25 INF] ---开始 Set Cookie ---
[09:46:25 INF] Cookie完整，不需要Set Cookie
[09:46:25 INF] -------------结束-------------

[09:46:25 INF] ---开始 登录 ---
[09:46:31 INF] 【用户名】bilixxxxxxxx1879
[09:46:31 INF] 【会员类型】月度大会员
[09:46:31 INF] 【会员状态】无/过期
[09:46:31 INF] 【硬币余额】270
[09:46:31 INF] 【距升级Lv4】6天（如每日做满65点经验）
[09:46:31 INF] 登录成功，经验+5 √
[09:46:31 INF] -----结束-----

[09:46:36 INF] ---开始 观看、分享视频 ---
[09:46:49 INF] 【随机视频】【开箱】我集齐了全套"小米AR机器人"！
[09:46:58 INF] 视频播放成功，已观看到第1秒，经验+5 √
[09:47:04 INF] 视频分享成功，经验+5 √
[09:47:04 INF] ----------结束----------

[09:47:04 INF] ---开始 投币 ---
[09:47:04 INF] 已配置为跳过投币任务
[09:47:04 INF] -----结束-----

[09:47:04 INF] ---开始 直播签到 ---
[09:47:09 INF] 【签到结果】成功
[09:47:09 INF] 【本次获取】3000点用户经验,2根辣条,
[09:47:09 INF] -------结束-------

[09:47:09 INF] ---开始 漫画签到 ---
[09:47:13 INF] 【签到结果】成功
[09:47:13 INF] -------结束-------

[09:47:13 INF] ---开始 漫画阅读 ---
[09:47:17 INF] 【漫画阅读】成功, 阅读漫画为：堀与宫村
[09:47:17 INF] -------结束-------

[09:47:17 INF] ---开始 银瓜子兑换硬币 ---
[09:47:17 INF] 【目标兑换日期】27号
[09:47:17 INF] 【今天】27号
[09:47:20 INF] 【银瓜子余额】 360
[09:47:20 INF] 【硬币余额】 270
[09:47:20 INF] 【今日剩余兑换次数】 1
[09:47:20 INF] 开始尝试兑换...
[09:47:24 INF] 【兑换结果】失败
[09:47:24 INF] 【原因】银瓜子余额不足
[09:47:24 INF] ----------结束----------

[09:47:24 INF] ---开始 领取大会员福利 ---
[09:47:24 INF] 普通会员和月度大会员每月不赠送B币券，不需要领取权益喽
[09:47:24 INF] ----------结束----------

[09:47:24 INF] ---开始 领取大会员漫画权益 ---
[09:47:24 INF] 不是会员，跳过
[09:47:24 INF] ------------结束------------

[09:47:24 INF] ---开始 B币券充电 ---
[09:47:24 INF] 不是年度大会员，跳过
[09:47:24 INF] --------结束--------

[09:47:24 INF] =========结束=========

[09:47:24 INF] ######### 账号 3 #########

[09:47:24 INF] =====开始 每日任务 =====

[09:47:24 INF] ---开始 Set Cookie ---
[09:47:24 INF] Cookie完整，不需要Set Cookie
[09:47:24 INF] -------------结束-------------

[09:47:24 INF] ---开始 登录 ---
[09:47:28 INF] 【用户名】晴xxng
[09:47:28 INF] 【会员类型】无
[09:47:28 INF] 【会员状态】无/过期
[09:47:28 INF] 【硬币余额】96
[09:47:28 INF] 【距升级Lv4】43天（如每日做满65点经验）
[09:47:28 INF] 登录成功，经验+5 √
[09:47:28 INF] -----结束-----

[09:47:35 INF] ---开始 观看、分享视频 ---
[09:47:44 INF] 【随机视频】【起床战争】10000个人想鲨我
[09:47:44 INF] 今天已经观看过了，不需要再看啦
[09:47:57 INF] 视频分享成功，经验+5 √
[09:47:57 INF] ----------结束----------

[09:47:57 INF] ---开始 投币 ---
[09:47:57 INF] 已配置为跳过投币任务
[09:47:57 INF] -----结束-----

[09:47:57 INF] ---开始 直播签到 ---
[09:48:02 INF] 【签到结果】成功
[09:48:02 INF] 【本次获取】3000点用户经验,2根辣条,
[09:48:02 INF] -------结束-------

[09:48:02 INF] ---开始 漫画签到 ---
[09:48:09 INF] 【签到结果】成功
[09:48:09 INF] -------结束-------

[09:48:09 INF] ---开始 漫画阅读 ---
[09:48:15 INF] 【漫画阅读】成功, 阅读漫画为：堀与宫村
[09:48:15 INF] -------结束-------

[09:48:15 INF] ---开始 银瓜子兑换硬币 ---
[09:48:15 INF] 【目标兑换日期】27号
[09:48:15 INF] 【今天】27号
[09:48:18 INF] 【银瓜子余额】 598
[09:48:18 INF] 【硬币余额】 96
[09:48:18 INF] 【今日剩余兑换次数】 1
[09:48:18 INF] 开始尝试兑换...
[09:48:22 INF] 【兑换结果】失败
[09:48:22 INF] 【原因】银瓜子余额不足
[09:48:22 INF] ----------结束----------

[09:48:22 INF] ---开始 领取大会员福利 ---
[09:48:22 INF] 普通会员和月度大会员每月不赠送B币券，不需要领取权益喽
[09:48:22 INF] ----------结束----------

[09:48:22 INF] ---开始 领取大会员漫画权益 ---
[09:48:22 INF] 不是会员，跳过
[09:48:22 INF] ------------结束------------

[09:48:22 INF] ---开始 B币券充电 ---
[09:48:22 INF] 不是年度大会员，跳过
[09:48:22 INF] --------结束--------

[09:48:22 INF] =========结束=========

[09:48:22 INF] 

========================

 v1.0.3 开源 by https://github.com/RayWangQvQ/BiliBiliToolPro

[09:48:22 INF] ·开始推送·Daily任务·
2023-04-27T01:48:22.0660058Z 开始推送到:PushPlus
2023-04-27T01:48:23.3908187Z Response status: OK.
2023-04-27T01:48:23.3908648Z Response content: {"code":200,"msg":"请求成功","data":"f2d00db55dec4ce0bbdd433e45ba8f46","count":null}.

[09:48:23 INF] 运行环境：Development
[09:48:23 INF] 应用目录：/home/runner/work/BiliBiliToolPro/BiliBiliToolPro/src/Ray.BiliBiliTool.Console/bin/Debug/net6.0/

[09:48:23 INF] 运行结束
