----------- ip 信息 ---------
{
  "ip": "104.28.205.112",
  "city": "Phoenix",
  "region": "Arizona",
  "country": "US",
  "loc": "33.4484,-112.0740",
  "org": "AS13335 Cloudflare, Inc.",
  "postal": "85001",
  "timezone": "America/Phoenix",
  "readme": "https://ipinfo.io/missingauth"
} ---------- end ------------
  ____               ____    _   _____           _  
 |  _ \ __ _ _   _  | __ ) _| |_|_   _|__   ___ | | 
 | |_) / _` | | | | |  _ \(_) (_) | |/ _ \ / _ \| | 
 |  _ < (_| | |_| | | |_) | | | | | | (_) | (_) | | 
 |_| \_\__,_|\__, | |____/|_|_|_| |_|\___/ \___/|_| 
             |___/                                  

[09:41:25 INF] BiliBiliToolPro 开始运行...

[09:41:25 INF] 【账号个数】3个

[09:41:25 INF] 随机休眠5分钟

[09:46:25 INF] 【目标任务】Daily
[09:46:25 INF] ######### 账号 1 #########

[09:46:25 INF] =====开始 每日任务 =====

[09:46:25 INF] ---开始 Set Cookie ---
[09:46:25 INF] Cookie完整，不需要Set Cookie
[09:46:25 INF] -------------结束-------------

[09:46:25 INF] ---开始 登录 ---
[09:46:31 INF] 【用户名】waxxxx12
[09:46:31 INF] 【会员类型】月度大会员
[09:46:31 INF] 【会员状态】无/过期
[09:46:31 INF] 【硬币余额】404.2
[09:46:31 INF] 【距升级Lv5】15天（如每日做满65点经验）
[09:46:31 INF] 登录成功，经验+5 √
[09:46:31 INF] -----结束-----

[09:46:35 INF] ---开始 观看、分享视频 ---
[09:46:42 INF] 【随机视频】秋./微剪辑
[09:46:42 INF] 今天已经观看过了，不需要再看啦
[09:46:54 INF] 视频分享成功，经验+5 √
[09:46:54 INF] ----------结束----------

[09:46:54 INF] ---开始 投币 ---
[09:46:54 INF] 已配置为跳过投币任务
[09:46:54 INF] -----结束-----

[09:46:54 INF] ---开始 直播签到 ---
[09:46:59 INF] 【签到结果】成功
[09:46:59 INF] 【本次获取】3000点用户经验,2根辣条,
[09:46:59 INF] -------结束-------

[09:46:59 INF] ---开始 漫画签到 ---
[09:47:03 INF] 【签到结果】成功
[09:47:03 INF] -------结束-------

[09:47:03 INF] ---开始 漫画阅读 ---
[09:47:07 INF] 【漫画阅读】成功, 阅读漫画为：堀与宫村
[09:47:07 INF] -------结束-------

[09:47:07 INF] ---开始 银瓜子兑换硬币 ---
[09:47:07 INF] 【目标兑换日期】25号
[09:47:07 INF] 【今天】25号
[09:47:13 INF] 【银瓜子余额】 88
[09:47:13 INF] 【硬币余额】 404
[09:47:13 INF] 【今日剩余兑换次数】 1
[09:47:13 INF] 开始尝试兑换...
[09:47:19 INF] 【兑换结果】失败
[09:47:19 INF] 【原因】银瓜子余额不足
[09:47:19 INF] ----------结束----------

[09:47:19 INF] ---开始 领取大会员福利 ---
[09:47:19 INF] 普通会员和月度大会员每月不赠送B币券，不需要领取权益喽
[09:47:19 INF] ----------结束----------

[09:47:19 INF] ---开始 领取大会员漫画权益 ---
[09:47:19 INF] 不是会员，跳过
[09:47:19 INF] ------------结束------------

[09:47:19 INF] ---开始 B币券充电 ---
[09:47:19 INF] 不是年度大会员，跳过
[09:47:19 INF] --------结束--------

[09:47:19 INF] =========结束=========

[09:47:19 INF] ######### 账号 2 #########

[09:47:19 INF] =====开始 每日任务 =====

[09:47:19 INF] ---开始 Set Cookie ---
[09:47:19 INF] Cookie完整，不需要Set Cookie
[09:47:19 INF] -------------结束-------------

[09:47:19 INF] ---开始 登录 ---
[09:47:26 INF] 【用户名】bilixxxxxxxx1879
[09:47:26 INF] 【会员类型】月度大会员
[09:47:26 INF] 【会员状态】无/过期
[09:47:26 INF] 【硬币余额】268
[09:47:26 INF] 【距升级Lv4】6天（如每日做满65点经验）
[09:47:26 INF] 登录成功，经验+5 √
[09:47:26 INF] -----结束-----

[09:47:33 INF] ---开始 观看、分享视频 ---
[09:47:41 INF] 【随机视频】广西博物志 第三集
[09:47:53 INF] 视频播放成功，已观看到第2秒，经验+5 √
[09:47:56 INF] 视频分享成功，经验+5 √
[09:47:56 INF] ----------结束----------

[09:47:56 INF] ---开始 投币 ---
[09:47:56 INF] 已配置为跳过投币任务
[09:47:56 INF] -----结束-----

[09:47:56 INF] ---开始 直播签到 ---
[09:48:00 INF] 【签到结果】成功
[09:48:00 INF] 【本次获取】3000点用户经验,2根辣条,
[09:48:00 INF] -------结束-------

[09:48:00 INF] ---开始 漫画签到 ---
[09:48:07 INF] 【签到结果】成功
[09:48:07 INF] -------结束-------

[09:48:07 INF] ---开始 漫画阅读 ---
[09:48:11 INF] 【漫画阅读】成功, 阅读漫画为：堀与宫村
[09:48:11 INF] -------结束-------

[09:48:11 INF] ---开始 银瓜子兑换硬币 ---
[09:48:11 INF] 【目标兑换日期】25号
[09:48:11 INF] 【今天】25号
[09:48:17 INF] 【银瓜子余额】 360
[09:48:17 INF] 【硬币余额】 268
[09:48:17 INF] 【今日剩余兑换次数】 1
[09:48:17 INF] 开始尝试兑换...
[09:48:21 INF] 【兑换结果】失败
[09:48:21 INF] 【原因】银瓜子余额不足
[09:48:21 INF] ----------结束----------

[09:48:21 INF] ---开始 领取大会员福利 ---
[09:48:21 INF] 普通会员和月度大会员每月不赠送B币券，不需要领取权益喽
[09:48:21 INF] ----------结束----------

[09:48:21 INF] ---开始 领取大会员漫画权益 ---
[09:48:21 INF] 不是会员，跳过
[09:48:21 INF] ------------结束------------

[09:48:21 INF] ---开始 B币券充电 ---
[09:48:21 INF] 不是年度大会员，跳过
[09:48:21 INF] --------结束--------

[09:48:21 INF] =========结束=========

[09:48:21 INF] ######### 账号 3 #########

[09:48:21 INF] =====开始 每日任务 =====

[09:48:21 INF] ---开始 Set Cookie ---
[09:48:21 INF] Cookie完整，不需要Set Cookie
[09:48:21 INF] -------------结束-------------

[09:48:21 INF] ---开始 登录 ---
[09:48:28 INF] 【用户名】晴xxng
[09:48:28 INF] 【会员类型】无
[09:48:28 INF] 【会员状态】无/过期
[09:48:28 INF] 【硬币余额】94
[09:48:28 INF] 【距升级Lv4】43天（如每日做满65点经验）
[09:48:28 INF] 登录成功，经验+5 √
[09:48:28 INF] -----结束-----

[09:48:33 INF] ---开始 观看、分享视频 ---
[09:48:45 INF] 【随机视频】【亮记生物鉴定】网络热传生物鉴定46
[09:48:45 INF] 今天已经观看过了，不需要再看啦
[09:48:53 INF] 视频分享成功，经验+5 √
[09:48:53 INF] ----------结束----------

[09:48:53 INF] ---开始 投币 ---
[09:48:53 INF] 已配置为跳过投币任务
[09:48:53 INF] -----结束-----

[09:48:53 INF] ---开始 直播签到 ---
[09:48:57 INF] 【签到结果】成功
[09:48:57 INF] 【本次获取】3000点用户经验,2根辣条,
[09:48:57 INF] -------结束-------

[09:48:57 INF] ---开始 漫画签到 ---
[09:49:02 INF] 【签到结果】成功
[09:49:02 INF] -------结束-------

[09:49:02 INF] ---开始 漫画阅读 ---
[09:49:07 INF] 【漫画阅读】成功, 阅读漫画为：堀与宫村
[09:49:07 INF] -------结束-------

[09:49:07 INF] ---开始 银瓜子兑换硬币 ---
[09:49:07 INF] 【目标兑换日期】25号
[09:49:07 INF] 【今天】25号
[09:49:14 INF] 【银瓜子余额】 598
[09:49:14 INF] 【硬币余额】 94
[09:49:14 INF] 【今日剩余兑换次数】 1
[09:49:14 INF] 开始尝试兑换...
[09:49:20 INF] 【兑换结果】失败
[09:49:20 INF] 【原因】银瓜子余额不足
[09:49:20 INF] ----------结束----------

[09:49:20 INF] ---开始 领取大会员福利 ---
[09:49:20 INF] 普通会员和月度大会员每月不赠送B币券，不需要领取权益喽
[09:49:20 INF] ----------结束----------

[09:49:20 INF] ---开始 领取大会员漫画权益 ---
[09:49:20 INF] 不是会员，跳过
[09:49:20 INF] ------------结束------------

[09:49:20 INF] ---开始 B币券充电 ---
[09:49:20 INF] 不是年度大会员，跳过
[09:49:20 INF] --------结束--------

[09:49:20 INF] =========结束=========

[09:49:20 INF] 

========================

 v1.0.3 开源 by https://github.com/RayWangQvQ/BiliBiliToolPro

[09:49:20 INF] ·开始推送·Daily任务·
2023-04-25T01:49:20.1075947Z 开始推送到:PushPlus
2023-04-25T01:49:20.7292701Z Response status: OK.
2023-04-25T01:49:20.7293218Z Response content: {"code":200,"msg":"请求成功","data":"6fae378e2f834be2af2633530a064807","count":null}.

[09:49:20 INF] 运行环境：Development
[09:49:20 INF] 应用目录：/home/runner/work/BiliBiliToolPro/BiliBiliToolPro/src/Ray.BiliBiliTool.Console/bin/Debug/net6.0/

[09:49:20 INF] 运行结束
