----------- ip 信息 ---------
{
  "ip": "20.84.127.108",
  "city": "Washington",
  "region": "Virginia",
  "country": "US",
  "loc": "38.7135,-78.1594",
  "org": "AS8075 Microsoft Corporation",
  "postal": "22747",
  "timezone": "America/New_York",
  "readme": "https://ipinfo.io/missingauth"
} ---------- end ------------
  ____               ____    _   _____           _  
 |  _ \ __ _ _   _  | __ ) _| |_|_   _|__   ___ | | 
 | |_) / _` | | | | |  _ \(_) (_) | |/ _ \ / _ \| | 
 |  _ < (_| | |_| | | |_) | | | | | | (_) | (_) | | 
 |_| \_\__,_|\__, | |____/|_|_|_| |_|\___/ \___/|_| 
             |___/                                  

[09:30:23 INF] BiliBiliToolPro 开始运行...

[09:30:23 INF] 【账号个数】3个

[09:30:23 INF] 随机休眠1分钟

[09:31:23 INF] 【目标任务】Daily
[09:31:23 INF] ######### 账号 1 #########

[09:31:23 INF] =====开始 每日任务 =====

[09:31:23 INF] ---开始 Set Cookie ---
[09:31:23 INF] Cookie完整，不需要Set Cookie
[09:31:23 INF] -------------结束-------------

[09:31:23 INF] ---开始 登录 ---
[09:31:27 INF] 【用户名】sunxxxxxgzi
[09:31:27 INF] 【会员类型】月度大会员
[09:31:27 INF] 【会员状态】无/过期
[09:31:27 INF] 【硬币余额】1232.2
[09:31:27 INF] 【距升级Lv6】预计717天
[09:31:27 INF] 登录成功，经验+5 √
[09:31:27 INF] -----结束-----

[09:31:33 INF] ---开始 观看、分享视频 ---
[09:31:54 INF] 【随机视频】植物细胞的有丝分裂.mp4（文件已损坏）
[09:32:05 INF] 视频播放成功，已观看到第5秒，经验+5 √
[09:32:11 INF] 视频分享成功，经验+5 √
[09:32:11 INF] ----------结束----------

[09:32:11 INF] ---开始 投币 ---
[09:32:11 INF] 已配置为跳过投币任务
[09:32:11 INF] -----结束-----

[09:32:11 INF] ---开始 直播签到 ---
[09:32:19 INF] 【签到结果】成功
[09:32:19 INF] 【本次获取】3000点用户经验,2根辣条,
[09:32:19 INF] -------结束-------

[09:32:19 INF] ---开始 漫画签到 ---
[09:32:24 INF] 【签到结果】成功
[09:32:24 INF] -------结束-------

[09:32:24 INF] ---开始 漫画阅读 ---
[09:32:27 INF] 【漫画阅读】成功
[09:32:27 INF] -------结束-------

[09:32:27 INF] ---开始 银瓜子兑换硬币 ---
[09:32:27 INF] 【目标兑换日期】29号
[09:32:27 INF] 【今天】29号
[09:32:32 INF] 【银瓜子余额】 480
[09:32:32 INF] 【硬币余额】 1232
[09:32:32 INF] 【今日剩余兑换次数】 1
[09:32:32 INF] 开始尝试兑换...
[09:32:37 INF] 【兑换结果】失败
[09:32:37 INF] 【原因】银瓜子余额不足
[09:32:37 INF] ----------结束----------

[09:32:37 INF] ---开始 领取大会员福利 ---
[09:32:37 INF] 普通会员和月度大会员每月不赠送B币券，不需要领取权益喽
[09:32:37 INF] ----------结束----------

[09:32:37 INF] ---开始 领取大会员漫画权益 ---
[09:32:37 INF] 不是会员，跳过
[09:32:37 INF] ------------结束------------

[09:32:37 INF] ---开始 B币券充电 ---
[09:32:37 INF] 已配置为关闭，跳过
[09:32:37 INF] --------结束--------

[09:32:37 INF] =========结束=========

[09:32:37 INF] ######### 账号 2 #########

[09:32:37 INF] =====开始 每日任务 =====

[09:32:37 INF] ---开始 Set Cookie ---
[09:32:37 INF] Cookie完整，不需要Set Cookie
[09:32:37 INF] -------------结束-------------

[09:32:37 INF] ---开始 登录 ---
[09:32:40 INF] 【用户名】bilixxxxxxxx1879
[09:32:40 INF] 【会员类型】月度大会员
[09:32:40 INF] 【会员状态】无/过期
[09:32:40 INF] 【硬币余额】631
[09:32:40 INF] 【距升级Lv5】预计55天
[09:32:40 INF] 登录成功，经验+5 √
[09:32:40 INF] -----结束-----

[09:32:46 INF] ---开始 观看、分享视频 ---
[09:33:04 INF] 【随机视频】拆解和手表一样大小的CF机械硬盘，和普通硬盘大同小异的内部构造
[09:33:16 INF] 视频播放成功，已观看到第6秒，经验+5 √
[09:33:23 INF] 视频分享成功，经验+5 √
[09:33:23 INF] ----------结束----------

[09:33:23 INF] ---开始 投币 ---
[09:33:23 INF] 已配置为跳过投币任务
[09:33:23 INF] -----结束-----

[09:33:23 INF] ---开始 直播签到 ---
[09:33:30 INF] 【签到结果】成功
[09:33:30 INF] 【本次获取】3000点用户经验,2根辣条,
[09:33:30 INF] -------结束-------

[09:33:30 INF] ---开始 漫画签到 ---
[09:33:33 INF] 【签到结果】成功
[09:33:33 INF] -------结束-------

[09:33:33 INF] ---开始 漫画阅读 ---
[09:33:39 INF] 【漫画阅读】成功
[09:33:39 INF] -------结束-------

[09:33:39 INF] ---开始 银瓜子兑换硬币 ---
[09:33:39 INF] 【目标兑换日期】29号
[09:33:39 INF] 【今天】29号
[09:33:46 INF] 【银瓜子余额】 252
[09:33:46 INF] 【硬币余额】 631
[09:33:46 INF] 【今日剩余兑换次数】 1
[09:33:46 INF] 开始尝试兑换...
[09:33:54 INF] 【兑换结果】失败
[09:33:54 INF] 【原因】银瓜子余额不足
[09:33:54 INF] ----------结束----------

[09:33:54 INF] ---开始 领取大会员福利 ---
[09:33:54 INF] 普通会员和月度大会员每月不赠送B币券，不需要领取权益喽
[09:33:54 INF] ----------结束----------

[09:33:54 INF] ---开始 领取大会员漫画权益 ---
[09:33:54 INF] 不是会员，跳过
[09:33:54 INF] ------------结束------------

[09:33:54 INF] ---开始 B币券充电 ---
[09:33:54 INF] 已配置为关闭，跳过
[09:33:54 INF] --------结束--------

[09:33:54 INF] =========结束=========

[09:33:54 INF] ######### 账号 3 #########

[09:33:54 INF] =====开始 每日任务 =====

[09:33:54 INF] ---开始 Set Cookie ---
[09:33:54 INF] Cookie完整，不需要Set Cookie
[09:33:54 INF] -------------结束-------------

[09:33:54 INF] ---开始 登录 ---
[09:34:00 WRN] 登录异常，请检查Cookie是否错误或过期
[09:34:00 ERR] 程序发生异常：登录失败，请检查Cookie
[09:34:00 INF] -----结束-----

[09:34:00 ERR] 程序发生异常：登录失败，请检查Cookie
[09:34:00 INF] =========结束=========

[09:34:00 WRN] 异常：System.Exception: 登录失败，请检查Cookie
   at Ray.BiliBiliTool.Application.DailyTaskAppService.Login() in /home/runner/work/BiliBiliToolPro/BiliBiliToolPro/src/Ray.BiliBiliTool.Application/DailyTaskAppService.cs:line 134
   at Ray.BiliBiliTool.Application.DailyTaskAppService.DoTaskAsync(CancellationToken cancellationToken) in /home/runner/work/BiliBiliToolPro/BiliBiliToolPro/src/Ray.BiliBiliTool.Application/DailyTaskAppService.cs:line 81
   at Ray.BiliBiliTool.Console.BiliBiliToolHostedService.DoTasksAsync(String[] tasks, CancellationToken cancellationToken) in /home/runner/work/BiliBiliToolPro/BiliBiliToolPro/src/Ray.BiliBiliTool.Console/BiliBiliToolHostedService.cs:line 194
   at Ray.BiliBiliTool.Console.BiliBiliToolHostedService.StartAsync(CancellationToken cancellationToken) in /home/runner/work/BiliBiliToolPro/BiliBiliToolPro/src/Ray.BiliBiliTool.Console/BiliBiliToolHostedService.cs:line 76
[09:34:00 INF] 

========================

 v2.0.2 开源 by https://github.com/RayWangQvQ/BiliBiliToolPro

[09:34:00 INF] ·开始推送·Daily任务·
2024-04-29T01:34:00.7578390Z 开始推送到:PushPlus
2024-04-29T01:34:02.0064754Z Response status: OK.
2024-04-29T01:34:02.0065079Z Response content: {"code":200,"msg":"请求成功","data":"46b22270abdf410e9dd9824f3beca1bd","count":null}.

[09:34:02 INF] 运行环境：Development
[09:34:02 INF] 应用目录：/home/runner/work/BiliBiliToolPro/BiliBiliToolPro/src/Ray.BiliBiliTool.Console/bin/Debug/net6.0/

[09:34:02 INF] 运行结束
  ____               ____    _   _____           _  
 |  _ \ __ _ _   _  | __ ) _| |_|_   _|__   ___ | | 
 | |_) / _` | | | | |  _ \(_) (_) | |/ _ \ / _ \| | 
 |  _ < (_| | |_| | | |_) | | | | | | (_) | (_) | | 
 |_| \_\__,_|\__, | |____/|_|_|_| |_|\___/ \___/|_| 
             |___/                                  

[09:34:04 INF] BiliBiliToolPro 开始运行...

[09:34:04 INF] 【账号个数】3个

[09:34:04 INF] 随机休眠2分钟

[09:36:04 INF] 【目标任务】VipBigPoint
[09:36:04 INF] ######### 账号 1 #########

[09:36:04 INF] =====开始 大会员大积分 =====

[09:36:04 INF] 大会员经验领取任务开始
[09:36:11 INF] 大会员经验未兑换
[09:36:15 INF] 领取成功，经验+10 √
[09:36:15 INF] ---开始 测试Cookie ---
[09:36:20 INF] 【用户名】sunxxxxxgzi
[09:36:20 INF] 【会员类型】月度大会员
[09:36:20 INF] 【会员状态】无/过期
[09:36:20 INF] 【硬币余额】1232.2
[09:36:20 INF] 【距升级Lv6】预计715天
[09:36:20 INF] -----------结束-----------

[09:36:20 INF] 当前不是大会员或已过期，跳过任务
[09:36:20 INF] ===========结束===========

[09:36:20 INF] ######### 账号 2 #########

[09:36:20 INF] =====开始 大会员大积分 =====

[09:36:20 INF] 大会员经验领取任务开始
[09:36:28 INF] 大会员经验未兑换
[09:36:32 INF] 领取成功，经验+10 √
[09:36:32 INF] ---开始 测试Cookie ---
[09:36:35 INF] 【用户名】bilixxxxxxxx1879
[09:36:35 INF] 【会员类型】月度大会员
[09:36:35 INF] 【会员状态】无/过期
[09:36:35 INF] 【硬币余额】631
[09:36:35 INF] 【距升级Lv5】预计53天
[09:36:35 INF] -----------结束-----------

[09:36:35 INF] 当前不是大会员或已过期，跳过任务
[09:36:35 INF] ===========结束===========

[09:36:35 INF] ######### 账号 3 #########

[09:36:35 INF] =====开始 大会员大积分 =====

[09:36:35 INF] 大会员经验领取任务开始
[09:36:40 INF] ---开始 测试Cookie ---
[09:36:44 WRN] 登录异常，请检查Cookie是否错误或过期
[09:36:44 ERR] 程序发生异常：登录失败，请检查Cookie
[09:36:44 INF] -----------结束-----------

[09:36:44 ERR] 程序发生异常：登录失败，请检查Cookie
[09:36:44 INF] ===========结束===========

[09:36:44 WRN] 异常：System.Exception: 登录失败，请检查Cookie
   at Ray.BiliBiliTool.Application.VipBigPointAppService.GetUserInfo() in /home/runner/work/BiliBiliToolPro/BiliBiliToolPro/src/Ray.BiliBiliTool.Application/VipBigPointAppService.cs:line 150
   at Ray.BiliBiliTool.Application.VipBigPointAppService.DoTaskAsync(CancellationToken cancellationToken) in /home/runner/work/BiliBiliToolPro/BiliBiliToolPro/src/Ray.BiliBiliTool.Application/VipBigPointAppService.cs:line 98
   at Ray.BiliBiliTool.Console.BiliBiliToolHostedService.DoTasksAsync(String[] tasks, CancellationToken cancellationToken) in /home/runner/work/BiliBiliToolPro/BiliBiliToolPro/src/Ray.BiliBiliTool.Console/BiliBiliToolHostedService.cs:line 194
   at Ray.BiliBiliTool.Console.BiliBiliToolHostedService.StartAsync(CancellationToken cancellationToken) in /home/runner/work/BiliBiliToolPro/BiliBiliToolPro/src/Ray.BiliBiliTool.Console/BiliBiliToolHostedService.cs:line 76
[09:36:44 INF] 

========================

 v2.0.2 开源 by https://github.com/RayWangQvQ/BiliBiliToolPro

[09:36:44 INF] ·开始推送·VipBigPoint任务·
2024-04-29T01:36:44.9424342Z 开始推送到:PushPlus
2024-04-29T01:36:46.0449208Z Response status: OK.
2024-04-29T01:36:46.0449638Z Response content: {"code":200,"msg":"请求成功","data":"76fce7d1ca7c4430a4d2f6fd3c88beb5","count":null}.

[09:36:46 INF] 运行环境：Development
[09:36:46 INF] 应用目录：/home/runner/work/BiliBiliToolPro/BiliBiliToolPro/src/Ray.BiliBiliTool.Console/bin/Debug/net6.0/

[09:36:46 INF] 运行结束
