----------- ip 信息 ---------
{
  "ip": "20.172.10.64",
  "city": "Phoenix",
  "region": "Arizona",
  "country": "US",
  "loc": "33.4484,-112.0740",
  "org": "AS8075 Microsoft Corporation",
  "postal": "85001",
  "timezone": "America/Phoenix",
  "readme": "https://ipinfo.io/missingauth"
} ---------- end ------------
  ____               ____    _   _____           _  
 |  _ \ __ _ _   _  | __ ) _| |_|_   _|__   ___ | | 
 | |_) / _` | | | | |  _ \(_) (_) | |/ _ \ / _ \| | 
 |  _ < (_| | |_| | | |_) | | | | | | (_) | (_) | | 
 |_| \_\__,_|\__, | |____/|_|_|_| |_|\___/ \___/|_| 
             |___/                                  

[10:15:12 INF] BiliBiliToolPro 开始运行...

[10:15:12 INF] 【账号个数】3个

[10:15:12 INF] 随机休眠1分钟

[10:16:12 INF] 【目标任务】Daily
[10:16:12 INF] ######### 账号 1 #########

[10:16:12 INF] =====开始 每日任务 =====

[10:16:12 INF] ---开始 Set Cookie ---
[10:16:12 INF] Cookie完整，不需要Set Cookie
[10:16:12 INF] -------------结束-------------

[10:16:12 INF] ---开始 登录 ---
[10:16:19 INF] 【用户名】waxxxx12
[10:16:19 INF] 【会员类型】月度大会员
[10:16:19 INF] 【会员状态】无/过期
[10:16:19 INF] 【硬币余额】531.2
[10:16:19 INF] 【距升级Lv6】267天（如每日做满65点经验）
[10:16:19 INF] 登录成功，经验+5 √
[10:16:19 INF] -----结束-----

[10:16:26 INF] ---开始 观看、分享视频 ---
[10:16:47 INF] 【随机视频】大象粪场，云南野象谷最有意思的地方
[10:16:47 INF] 今天已经观看过了，不需要再看啦
[10:16:58 INF] 视频分享成功，经验+5 √
[10:16:58 INF] ----------结束----------

[10:16:58 INF] ---开始 投币 ---
[10:16:58 INF] 已配置为跳过投币任务
[10:16:58 INF] -----结束-----

[10:16:58 INF] ---开始 直播签到 ---
[10:17:04 INF] 【签到结果】成功
[10:17:04 INF] 【本次获取】3000点用户经验,2根辣条,再签到3天可以获得50根辣条
[10:17:04 INF] -------结束-------

[10:17:04 INF] ---开始 漫画签到 ---
[10:17:09 INF] 【签到结果】成功
[10:17:09 INF] -------结束-------

[10:17:09 INF] ---开始 漫画阅读 ---
[10:17:13 INF] 【漫画阅读】成功, 阅读漫画为：堀与宫村
[10:17:13 INF] -------结束-------

[10:17:13 INF] ---开始 银瓜子兑换硬币 ---
[10:17:13 INF] 【目标兑换日期】17号
[10:17:13 INF] 【今天】17号
[10:17:17 INF] 【银瓜子余额】 686
[10:17:17 INF] 【硬币余额】 531
[10:17:17 INF] 【今日剩余兑换次数】 1
[10:17:17 INF] 开始尝试兑换...
[10:17:21 INF] 【兑换结果】失败
[10:17:21 INF] 【原因】银瓜子余额不足
[10:17:21 INF] ----------结束----------

[10:17:21 INF] ---开始 领取大会员福利 ---
[10:17:21 INF] 普通会员和月度大会员每月不赠送B币券，不需要领取权益喽
[10:17:21 INF] ----------结束----------

[10:17:21 INF] ---开始 领取大会员漫画权益 ---
[10:17:21 INF] 不是会员，跳过
[10:17:21 INF] ------------结束------------

[10:17:21 INF] ---开始 B币券充电 ---
[10:17:21 INF] 不是年度大会员，跳过
[10:17:21 INF] --------结束--------

[10:17:21 INF] =========结束=========

[10:17:21 INF] ######### 账号 2 #########

[10:17:21 INF] =====开始 每日任务 =====

[10:17:21 INF] ---开始 Set Cookie ---
[10:17:21 INF] Cookie完整，不需要Set Cookie
[10:17:21 INF] -------------结束-------------

[10:17:21 INF] ---开始 登录 ---
[10:17:27 INF] 【用户名】bilixxxxxxxx1879
[10:17:27 INF] 【会员类型】月度大会员
[10:17:27 INF] 【会员状态】无/过期
[10:17:27 INF] 【硬币余额】354
[10:17:27 INF] 【距升级Lv5】86天（如每日做满65点经验）
[10:17:27 INF] 登录成功，经验+5 √
[10:17:27 INF] -----结束-----

[10:17:33 INF] ---开始 观看、分享视频 ---
[10:17:56 INF] 【随机视频】【最硬带货】B站首个卖黑老大财产，涉案车最低700块
[10:18:06 INF] 视频播放成功，已观看到第9秒，经验+5 √
[10:18:09 INF] 视频分享成功，经验+5 √
[10:18:09 INF] ----------结束----------

[10:18:09 INF] ---开始 投币 ---
[10:18:09 INF] 已配置为跳过投币任务
[10:18:09 INF] -----结束-----

[10:18:09 INF] ---开始 直播签到 ---
[10:18:15 INF] 【签到结果】成功
[10:18:15 INF] 【本次获取】3000点用户经验,2根辣条,再签到3天可以获得50根辣条
[10:18:15 INF] -------结束-------

[10:18:15 INF] ---开始 漫画签到 ---
[10:18:20 INF] 【签到结果】成功
[10:18:20 INF] -------结束-------

[10:18:20 INF] ---开始 漫画阅读 ---
[10:18:24 INF] 【漫画阅读】成功, 阅读漫画为：堀与宫村
[10:18:24 INF] -------结束-------

[10:18:24 INF] ---开始 银瓜子兑换硬币 ---
[10:18:24 INF] 【目标兑换日期】17号
[10:18:24 INF] 【今天】17号
[10:18:32 INF] 【银瓜子余额】 258
[10:18:32 INF] 【硬币余额】 354
[10:18:32 INF] 【今日剩余兑换次数】 1
[10:18:32 INF] 开始尝试兑换...
[10:18:36 INF] 【兑换结果】失败
[10:18:36 INF] 【原因】银瓜子余额不足
[10:18:36 INF] ----------结束----------

[10:18:36 INF] ---开始 领取大会员福利 ---
[10:18:36 INF] 普通会员和月度大会员每月不赠送B币券，不需要领取权益喽
[10:18:36 INF] ----------结束----------

[10:18:36 INF] ---开始 领取大会员漫画权益 ---
[10:18:36 INF] 不是会员，跳过
[10:18:36 INF] ------------结束------------

[10:18:36 INF] ---开始 B币券充电 ---
[10:18:36 INF] 不是年度大会员，跳过
[10:18:36 INF] --------结束--------

[10:18:36 INF] =========结束=========

[10:18:36 INF] ######### 账号 3 #########

[10:18:36 INF] =====开始 每日任务 =====

[10:18:36 INF] ---开始 Set Cookie ---
[10:18:36 INF] Cookie完整，不需要Set Cookie
[10:18:36 INF] -------------结束-------------

[10:18:36 INF] ---开始 登录 ---
[10:18:42 INF] 【用户名】晴xxng
[10:18:42 INF] 【会员类型】无
[10:18:42 INF] 【会员状态】无/过期
[10:18:42 INF] 【硬币余额】171
[10:18:42 INF] 【距升级Lv4】24天（如每日做满65点经验）
[10:18:42 INF] 登录成功，经验+5 √
[10:18:42 INF] -----结束-----

[10:18:47 INF] ---开始 观看、分享视频 ---
[10:19:07 INF] 【随机视频】【亮记生物鉴定】沙漠蝗灾几大疑问统一解答（二）
[10:19:17 INF] 视频播放成功，已观看到第1秒，经验+5 √
[10:19:23 INF] 视频分享成功，经验+5 √
[10:19:23 INF] ----------结束----------

[10:19:23 INF] ---开始 投币 ---
[10:19:23 INF] 已配置为跳过投币任务
[10:19:23 INF] -----结束-----

[10:19:23 INF] ---开始 直播签到 ---
[10:19:29 INF] 【签到结果】成功
[10:19:29 INF] 【本次获取】3000点用户经验,2根辣条,再签到3天可以获得50根辣条
[10:19:29 INF] -------结束-------

[10:19:29 INF] ---开始 漫画签到 ---
[10:19:35 INF] 【签到结果】成功
[10:19:35 INF] -------结束-------

[10:19:35 INF] ---开始 漫画阅读 ---
[10:19:43 INF] 【漫画阅读】成功, 阅读漫画为：堀与宫村
[10:19:43 INF] -------结束-------

[10:19:43 INF] ---开始 银瓜子兑换硬币 ---
[10:19:43 INF] 【目标兑换日期】17号
[10:19:43 INF] 【今天】17号
[10:19:47 INF] 【银瓜子余额】 496
[10:19:47 INF] 【硬币余额】 171
[10:19:47 INF] 【今日剩余兑换次数】 1
[10:19:47 INF] 开始尝试兑换...
[10:19:53 INF] 【兑换结果】失败
[10:19:53 INF] 【原因】银瓜子余额不足
[10:19:53 INF] ----------结束----------

[10:19:53 INF] ---开始 领取大会员福利 ---
[10:19:53 INF] 普通会员和月度大会员每月不赠送B币券，不需要领取权益喽
[10:19:53 INF] ----------结束----------

[10:19:53 INF] ---开始 领取大会员漫画权益 ---
[10:19:53 INF] 不是会员，跳过
[10:19:53 INF] ------------结束------------

[10:19:53 INF] ---开始 B币券充电 ---
[10:19:53 INF] 不是年度大会员，跳过
[10:19:53 INF] --------结束--------

[10:19:53 INF] =========结束=========

[10:19:53 INF] 

========================

 v2.0.1 开源 by https://github.com/RayWangQvQ/BiliBiliToolPro

[10:19:53 INF] ·开始推送·Daily任务·
2023-07-17T02:19:53.0664950Z 开始推送到:PushPlus
2023-07-17T02:19:53.9804417Z Response status: OK.
2023-07-17T02:19:53.9804819Z Response content: {"code":200,"msg":"请求成功","data":"e54d5e6195374f2baabcf8fef9ad9a28","count":null}.

[10:19:53 INF] 运行环境：Development
[10:19:53 INF] 应用目录：/home/runner/work/BiliBiliToolPro/BiliBiliToolPro/src/Ray.BiliBiliTool.Console/bin/Debug/net6.0/

[10:19:53 INF] 运行结束
