----------- ip 信息 ---------
{
  "ip": "13.91.166.9",
  "city": "San Jose",
  "region": "California",
  "country": "US",
  "loc": "37.3394,-121.8950",
  "org": "AS8075 Microsoft Corporation",
  "postal": "95103",
  "timezone": "America/Los_Angeles",
  "readme": "https://ipinfo.io/missingauth"
} ---------- end ------------
  ____               ____    _   _____           _  
 |  _ \ __ _ _   _  | __ ) _| |_|_   _|__   ___ | | 
 | |_) / _` | | | | |  _ \(_) (_) | |/ _ \ / _ \| | 
 |  _ < (_| | |_| | | |_) | | | | | | (_) | (_) | | 
 |_| \_\__,_|\__, | |____/|_|_|_| |_|\___/ \___/|_| 
             |___/                                  

[09:49:51 INF] BiliBiliToolPro 开始运行...

[09:49:51 INF] 【账号个数】3个

[09:49:51 INF] 随机休眠2分钟

[09:51:51 INF] 【目标任务】Daily
[09:51:51 INF] ######### 账号 1 #########

[09:51:51 INF] =====开始 每日任务 =====

[09:51:51 INF] ---开始 Set Cookie ---
[09:51:51 INF] Cookie完整，不需要Set Cookie
[09:51:51 INF] -------------结束-------------

[09:51:51 INF] ---开始 登录 ---
[09:51:57 INF] 【用户名】sunxxxxxgzi
[09:51:57 INF] 【会员类型】月度大会员
[09:51:57 INF] 【会员状态】无/过期
[09:51:57 INF] 【硬币余额】523.2
[09:51:57 INF] 【距升级Lv6】261天（如每日做满65点经验）
[09:51:57 INF] 登录成功，经验+5 √
[09:51:57 INF] -----结束-----

[09:52:02 INF] ---开始 观看、分享视频 ---
[09:52:20 INF] 【随机视频】【亮记生物鉴定】回答抖音网友的生物提问
[09:52:20 INF] 今天已经观看过了，不需要再看啦
[09:52:31 INF] 视频分享成功，经验+5 √
[09:52:31 INF] ----------结束----------

[09:52:31 INF] ---开始 投币 ---
[09:52:31 INF] 已配置为跳过投币任务
[09:52:31 INF] -----结束-----

[09:52:31 INF] ---开始 直播签到 ---
[09:52:34 INF] 【签到结果】成功
[09:52:34 INF] 【本次获取】3000点用户经验,2根辣条,再签到4天可以获得666银瓜子
[09:52:34 INF] -------结束-------

[09:52:34 INF] ---开始 漫画签到 ---
[09:52:40 INF] 【签到结果】成功
[09:52:40 INF] -------结束-------

[09:52:40 INF] ---开始 漫画阅读 ---
[09:52:44 INF] 【漫画阅读】成功, 阅读漫画为：堀与宫村
[09:52:44 INF] -------结束-------

[09:52:44 INF] ---开始 银瓜子兑换硬币 ---
[09:52:44 INF] 【目标兑换日期】1号
[09:52:44 INF] 【今天】1号
[09:52:50 INF] 【银瓜子余额】 86
[09:52:50 INF] 【硬币余额】 523
[09:52:50 INF] 【今日剩余兑换次数】 1
[09:52:50 INF] 开始尝试兑换...
[09:52:54 INF] 【兑换结果】失败
[09:52:54 INF] 【原因】银瓜子余额不足
[09:52:54 INF] ----------结束----------

[09:52:54 INF] ---开始 领取大会员福利 ---
[09:52:54 INF] 普通会员和月度大会员每月不赠送B币券，不需要领取权益喽
[09:52:54 INF] ----------结束----------

[09:52:54 INF] ---开始 领取大会员漫画权益 ---
[09:52:54 INF] 不是会员，跳过
[09:52:54 INF] ------------结束------------

[09:52:54 INF] ---开始 B币券充电 ---
[09:52:54 INF] 不是年度大会员，跳过
[09:52:54 INF] --------结束--------

[09:52:54 INF] =========结束=========

[09:52:54 INF] ######### 账号 2 #########

[09:52:54 INF] =====开始 每日任务 =====

[09:52:54 INF] ---开始 Set Cookie ---
[09:52:54 INF] Cookie完整，不需要Set Cookie
[09:52:54 INF] -------------结束-------------

[09:52:54 INF] ---开始 登录 ---
[09:53:01 INF] 【用户名】bilixxxxxxxx1879
[09:53:01 INF] 【会员类型】月度大会员
[09:53:01 INF] 【会员状态】无/过期
[09:53:01 INF] 【硬币余额】370
[09:53:01 INF] 【距升级Lv5】82天（如每日做满65点经验）
[09:53:01 INF] 登录成功，经验+5 √
[09:53:01 INF] -----结束-----

[09:53:07 INF] ---开始 观看、分享视频 ---
[09:53:28 INF] 【随机视频】【智能家居】全自动化智能家居！所有手机都能用！
[09:53:38 INF] 视频播放成功，已观看到第11秒，经验+5 √
[09:53:45 INF] 视频分享成功，经验+5 √
[09:53:45 INF] ----------结束----------

[09:53:45 INF] ---开始 投币 ---
[09:53:45 INF] 已配置为跳过投币任务
[09:53:45 INF] -----结束-----

[09:53:45 INF] ---开始 直播签到 ---
[09:53:49 INF] 【签到结果】成功
[09:53:49 INF] 【本次获取】3000点用户经验,2根辣条,再签到4天可以获得666银瓜子
[09:53:49 INF] -------结束-------

[09:53:49 INF] ---开始 漫画签到 ---
[09:53:52 INF] 【签到结果】成功
[09:53:52 INF] -------结束-------

[09:53:52 INF] ---开始 漫画阅读 ---
[09:53:57 INF] 【漫画阅读】成功, 阅读漫画为：堀与宫村
[09:53:57 INF] -------结束-------

[09:53:57 INF] ---开始 银瓜子兑换硬币 ---
[09:53:57 INF] 【目标兑换日期】1号
[09:53:57 INF] 【今天】1号
[09:54:00 INF] 【银瓜子余额】 558
[09:54:00 INF] 【硬币余额】 370
[09:54:00 INF] 【今日剩余兑换次数】 1
[09:54:00 INF] 开始尝试兑换...
[09:54:08 INF] 【兑换结果】失败
[09:54:08 INF] 【原因】银瓜子余额不足
[09:54:08 INF] ----------结束----------

[09:54:08 INF] ---开始 领取大会员福利 ---
[09:54:08 INF] 普通会员和月度大会员每月不赠送B币券，不需要领取权益喽
[09:54:08 INF] ----------结束----------

[09:54:08 INF] ---开始 领取大会员漫画权益 ---
[09:54:08 INF] 不是会员，跳过
[09:54:08 INF] ------------结束------------

[09:54:08 INF] ---开始 B币券充电 ---
[09:54:08 INF] 不是年度大会员，跳过
[09:54:08 INF] --------结束--------

[09:54:08 INF] =========结束=========

[09:54:08 INF] ######### 账号 3 #########

[09:54:08 INF] =====开始 每日任务 =====

[09:54:08 INF] ---开始 Set Cookie ---
[09:54:08 INF] Cookie完整，不需要Set Cookie
[09:54:08 INF] -------------结束-------------

[09:54:08 INF] ---开始 登录 ---
[09:54:14 INF] 【用户名】晴xxng
[09:54:14 INF] 【会员类型】无
[09:54:14 INF] 【会员状态】无/过期
[09:54:14 INF] 【硬币余额】185
[09:54:14 INF] 【距升级Lv4】20天（如每日做满65点经验）
[09:54:14 INF] 登录成功，经验+5 √
[09:54:14 INF] -----结束-----

[09:54:20 INF] ---开始 观看、分享视频 ---
[09:54:45 INF] 【随机视频】超声波手术刀的工作原理，如何做到切割不见血的
[09:54:56 INF] 视频播放成功，已观看到第10秒，经验+5 √
[09:55:00 INF] 视频分享成功，经验+5 √
[09:55:00 INF] ----------结束----------

[09:55:00 INF] ---开始 投币 ---
[09:55:00 INF] 已配置为跳过投币任务
[09:55:00 INF] -----结束-----

[09:55:00 INF] ---开始 直播签到 ---
[09:55:05 INF] 【签到结果】成功
[09:55:05 INF] 【本次获取】3000点用户经验,2根辣条,再签到4天可以获得666银瓜子
[09:55:05 INF] -------结束-------

[09:55:05 INF] ---开始 漫画签到 ---
[09:55:12 INF] 【签到结果】成功
[09:55:12 INF] -------结束-------

[09:55:12 INF] ---开始 漫画阅读 ---
[09:55:18 INF] 【漫画阅读】成功, 阅读漫画为：堀与宫村
[09:55:18 INF] -------结束-------

[09:55:18 INF] ---开始 银瓜子兑换硬币 ---
[09:55:18 INF] 【目标兑换日期】1号
[09:55:18 INF] 【今天】1号
[09:55:22 INF] 【银瓜子余额】 496
[09:55:22 INF] 【硬币余额】 185
[09:55:22 INF] 【今日剩余兑换次数】 1
[09:55:22 INF] 开始尝试兑换...
[09:55:28 INF] 【兑换结果】失败
[09:55:28 INF] 【原因】银瓜子余额不足
[09:55:28 INF] ----------结束----------

[09:55:28 INF] ---开始 领取大会员福利 ---
[09:55:28 INF] 普通会员和月度大会员每月不赠送B币券，不需要领取权益喽
[09:55:28 INF] ----------结束----------

[09:55:28 INF] ---开始 领取大会员漫画权益 ---
[09:55:28 INF] 不是会员，跳过
[09:55:28 INF] ------------结束------------

[09:55:28 INF] ---开始 B币券充电 ---
[09:55:28 INF] 不是年度大会员，跳过
[09:55:28 INF] --------结束--------

[09:55:28 INF] =========结束=========

[09:55:28 INF] 

========================

 v2.0.1 开源 by https://github.com/RayWangQvQ/BiliBiliToolPro

[09:55:28 INF] ·开始推送·Daily任务·
2023-08-01T01:55:28.3184477Z 开始推送到:PushPlus
2023-08-01T01:55:28.9684969Z Response status: OK.
2023-08-01T01:55:28.9685545Z Response content: {"code":200,"msg":"请求成功","data":"18d97dd9228b47f78939682cf242d56a","count":null}.

[09:55:28 INF] 运行环境：Development
[09:55:28 INF] 应用目录：/home/runner/work/BiliBiliToolPro/BiliBiliToolPro/src/Ray.BiliBiliTool.Console/bin/Debug/net6.0/

[09:55:28 INF] 运行结束
