----------- ip 信息 ---------
{
  "ip": "172.183.37.85",
  "city": "Chicago",
  "region": "Illinois",
  "country": "US",
  "loc": "41.8500,-87.6500",
  "org": "AS8075 Microsoft Corporation",
  "postal": "60666",
  "timezone": "America/Chicago",
  "readme": "https://ipinfo.io/missingauth"
} ---------- end ------------
  ____               ____    _   _____           _  
 |  _ \ __ _ _   _  | __ ) _| |_|_   _|__   ___ | | 
 | |_) / _` | | | | |  _ \(_) (_) | |/ _ \ / _ \| | 
 |  _ < (_| | |_| | | |_) | | | | | | (_) | (_) | | 
 |_| \_\__,_|\__, | |____/|_|_|_| |_|\___/ \___/|_| 
             |___/                                  

[09:26:29 INF] BiliBiliToolPro 开始运行...

[09:26:29 INF] 【账号个数】3个

[09:26:29 INF] 随机休眠1分钟

[09:27:29 INF] 【目标任务】Daily
[09:27:29 INF] ######### 账号 1 #########

[09:27:29 INF] =====开始 每日任务 =====

[09:27:29 INF] ---开始 Set Cookie ---
[09:27:29 INF] Cookie完整，不需要Set Cookie
[09:27:29 INF] -------------结束-------------

[09:27:29 INF] ---开始 登录 ---
[09:27:37 INF] 【用户名】sunxxxxxgzi
[09:27:37 INF] 【会员类型】月度大会员
[09:27:37 INF] 【会员状态】正常
[09:27:37 INF] 【硬币余额】1185.2
[09:27:37 INF] 【距升级Lv6】预计752天
[09:27:37 INF] 登录成功，经验+5 √
[09:27:37 INF] -----结束-----

[09:27:41 INF] ---开始 观看、分享视频 ---
[09:28:00 INF] 【随机视频】米家磁吸阅读灯拆解，看看整体素质值不值79的售价
[09:28:12 INF] 视频播放成功，已观看到第14秒，经验+5 √
[09:28:19 INF] 视频分享成功，经验+5 √
[09:28:19 INF] ----------结束----------

[09:28:19 INF] ---开始 投币 ---
[09:28:19 INF] 已配置为跳过投币任务
[09:28:19 INF] -----结束-----

[09:28:19 INF] ---开始 直播签到 ---
[09:28:27 INF] 【签到结果】成功
[09:28:27 INF] 【本次获取】3000点用户经验,2根辣条,再签到11天可以获得50根辣条
[09:28:27 INF] -------结束-------

[09:28:27 INF] ---开始 漫画签到 ---
[09:28:33 INF] 【签到结果】成功
[09:28:33 INF] -------结束-------

[09:28:33 INF] ---开始 漫画阅读 ---
[09:28:41 INF] 【漫画阅读】成功
[09:28:41 INF] -------结束-------

[09:28:41 INF] ---开始 银瓜子兑换硬币 ---
[09:28:41 INF] 【目标兑换日期】9号
[09:28:41 INF] 【今天】9号
[09:28:44 INF] 【银瓜子余额】 480
[09:28:44 INF] 【硬币余额】 1185
[09:28:44 INF] 【今日剩余兑换次数】 1
[09:28:44 INF] 开始尝试兑换...
[09:28:48 INF] 【兑换结果】失败
[09:28:48 INF] 【原因】银瓜子余额不足
[09:28:48 INF] ----------结束----------

[09:28:48 INF] ---开始 领取大会员福利 ---
[09:28:48 INF] 普通会员和月度大会员每月不赠送B币券，不需要领取权益喽
[09:28:48 INF] ----------结束----------

[09:28:48 INF] ---开始 领取大会员漫画权益 ---
[09:28:48 INF] 【目标日期】1号
[09:28:48 INF] 【今天】9号
[09:28:48 INF] 跳过
[09:28:48 INF] ------------结束------------

[09:28:48 INF] ---开始 B币券充电 ---
[09:28:48 INF] 已配置为关闭，跳过
[09:28:48 INF] --------结束--------

[09:28:48 INF] =========结束=========

[09:28:48 INF] ######### 账号 2 #########

[09:28:48 INF] =====开始 每日任务 =====

[09:28:48 INF] ---开始 Set Cookie ---
[09:28:48 INF] Cookie完整，不需要Set Cookie
[09:28:48 INF] -------------结束-------------

[09:28:48 INF] ---开始 登录 ---
[09:28:53 INF] 【用户名】bilixxxxxxxx1879
[09:28:53 INF] 【会员类型】月度大会员
[09:28:53 INF] 【会员状态】无/过期
[09:28:53 INF] 【硬币余额】611
[09:28:53 INF] 【距升级Lv5】预计88天
[09:28:53 INF] 登录成功，经验+5 √
[09:28:53 INF] -----结束-----

[09:28:59 INF] ---开始 观看、分享视频 ---
[09:29:28 INF] 【随机视频】广西博物志 第三集
[09:29:37 INF] 视频播放成功，已观看到第8秒，经验+5 √
[09:29:43 INF] 视频分享成功，经验+5 √
[09:29:43 INF] ----------结束----------

[09:29:43 INF] ---开始 投币 ---
[09:29:43 INF] 已配置为跳过投币任务
[09:29:43 INF] -----结束-----

[09:29:43 INF] ---开始 直播签到 ---
[09:29:50 INF] 【签到结果】成功
[09:29:50 INF] 【本次获取】3000点用户经验,2根辣条,再签到11天可以获得50根辣条
[09:29:50 INF] -------结束-------

[09:29:50 INF] ---开始 漫画签到 ---
[09:30:01 INF] 【签到结果】成功
[09:30:01 INF] -------结束-------

[09:30:01 INF] ---开始 漫画阅读 ---
[09:30:08 INF] 【漫画阅读】成功
[09:30:08 INF] -------结束-------

[09:30:08 INF] ---开始 银瓜子兑换硬币 ---
[09:30:08 INF] 【目标兑换日期】9号
[09:30:08 INF] 【今天】9号
[09:30:14 INF] 【银瓜子余额】 252
[09:30:14 INF] 【硬币余额】 611
[09:30:14 INF] 【今日剩余兑换次数】 1
[09:30:14 INF] 开始尝试兑换...
[09:30:21 INF] 【兑换结果】失败
[09:30:21 INF] 【原因】银瓜子余额不足
[09:30:21 INF] ----------结束----------

[09:30:21 INF] ---开始 领取大会员福利 ---
[09:30:21 INF] 普通会员和月度大会员每月不赠送B币券，不需要领取权益喽
[09:30:21 INF] ----------结束----------

[09:30:21 INF] ---开始 领取大会员漫画权益 ---
[09:30:21 INF] 不是会员，跳过
[09:30:21 INF] ------------结束------------

[09:30:21 INF] ---开始 B币券充电 ---
[09:30:21 INF] 已配置为关闭，跳过
[09:30:21 INF] --------结束--------

[09:30:21 INF] =========结束=========

[09:30:21 INF] ######### 账号 3 #########

[09:30:21 INF] =====开始 每日任务 =====

[09:30:21 INF] ---开始 Set Cookie ---
[09:30:21 INF] Cookie完整，不需要Set Cookie
[09:30:21 INF] -------------结束-------------

[09:30:21 INF] ---开始 登录 ---
[09:30:29 WRN] 登录异常，请检查Cookie是否错误或过期
[09:30:29 ERR] 程序发生异常：登录失败，请检查Cookie
[09:30:29 INF] -----结束-----

[09:30:29 ERR] 程序发生异常：登录失败，请检查Cookie
[09:30:29 INF] =========结束=========

[09:30:29 WRN] 异常：System.Exception: 登录失败，请检查Cookie
   at Ray.BiliBiliTool.Application.DailyTaskAppService.Login() in /home/runner/work/BiliBiliToolPro/BiliBiliToolPro/src/Ray.BiliBiliTool.Application/DailyTaskAppService.cs:line 134
   at Ray.BiliBiliTool.Application.DailyTaskAppService.DoTaskAsync(CancellationToken cancellationToken) in /home/runner/work/BiliBiliToolPro/BiliBiliToolPro/src/Ray.BiliBiliTool.Application/DailyTaskAppService.cs:line 81
   at Ray.BiliBiliTool.Console.BiliBiliToolHostedService.DoTasksAsync(String[] tasks, CancellationToken cancellationToken) in /home/runner/work/BiliBiliToolPro/BiliBiliToolPro/src/Ray.BiliBiliTool.Console/BiliBiliToolHostedService.cs:line 194
   at Ray.BiliBiliTool.Console.BiliBiliToolHostedService.StartAsync(CancellationToken cancellationToken) in /home/runner/work/BiliBiliToolPro/BiliBiliToolPro/src/Ray.BiliBiliTool.Console/BiliBiliToolHostedService.cs:line 76
[09:30:29 INF] 

========================

 v2.0.2 开源 by https://github.com/RayWangQvQ/BiliBiliToolPro

[09:30:29 INF] ·开始推送·Daily任务·
2024-04-09T01:30:29.1157811Z 开始推送到:PushPlus
2024-04-09T01:30:29.6953168Z Response status: OK.
2024-04-09T01:30:29.6953586Z Response content: {"code":200,"msg":"请求成功","data":"a81f27e0029b4c978b1a58ddb286f5ba","count":null}.

[09:30:29 INF] 运行环境：Development
[09:30:29 INF] 应用目录：/home/runner/work/BiliBiliToolPro/BiliBiliToolPro/src/Ray.BiliBiliTool.Console/bin/Debug/net6.0/

[09:30:29 INF] 运行结束
  ____               ____    _   _____           _  
 |  _ \ __ _ _   _  | __ ) _| |_|_   _|__   ___ | | 
 | |_) / _` | | | | |  _ \(_) (_) | |/ _ \ / _ \| | 
 |  _ < (_| | |_| | | |_) | | | | | | (_) | (_) | | 
 |_| \_\__,_|\__, | |____/|_|_|_| |_|\___/ \___/|_| 
             |___/                                  

[09:30:32 INF] BiliBiliToolPro 开始运行...

[09:30:32 INF] 【账号个数】3个

[09:30:32 INF] 随机休眠1分钟

[09:31:32 INF] 【目标任务】VipBigPoint
[09:31:32 INF] ######### 账号 1 #########

[09:31:32 INF] =====开始 大会员大积分 =====

[09:31:32 INF] 大会员经验领取任务开始
[09:31:36 INF] 大会员经验未兑换
[09:31:40 INF] 领取成功，经验+10 √
[09:31:40 INF] ---开始 测试Cookie ---
[09:31:46 INF] 【用户名】sunxxxxxgzi
[09:31:46 INF] 【会员类型】月度大会员
[09:31:46 INF] 【会员状态】正常
[09:31:46 INF] 【硬币余额】1185.2
[09:31:46 INF] 【距升级Lv6】预计751天
[09:31:46 INF] -----------结束-----------

[09:31:52 INF] ------当前任务状态------
[09:31:52 INF] 打卡：X
[09:31:52 INF] -福利任务
[09:31:52 INF] ---大会员福利大积分：√
[09:31:52 INF] -体验任务
[09:31:52 INF] ---浏览大会员权益页面：√
[09:31:52 INF] -日常任务
[09:31:52 INF] ---浏览装扮商城主页：X
[09:31:52 INF] ---浏览会员购页面10秒：X
[09:31:52 INF] ---购买指定会员购商品：X
[09:31:52 INF] ---浏览追番频道页10秒：X
[09:31:52 INF] ---观看剧集内容：X
[09:31:52 INF] ---购买单点付费影片：X
[09:31:52 INF] ---购买指定装扮商品：X
[09:31:52 INF] ------------------------

[09:31:52 INF] ---开始 签到 ---
[09:31:55 ERR] 签到失败，继续其他任务。失败信息:{"Code":6007000,"Message":"抱歉，您的账号存在风险，暂时无法参与本任务哦~","Data":null}

[09:31:55 INF] -----结束-----

[09:31:55 INF] ---开始 福利任务 ---
[09:31:55 ERR] 福利任务失败，继续其他任务。失败信息:Object reference not set to an instance of an object.

[09:31:55 INF] -------结束-------

[09:31:55 INF] ---开始 体验任务 ---
[09:31:55 ERR] 体验任务失败，继续其他任务。失败信息:Object reference not set to an instance of an object.

[09:31:55 INF] -------结束-------

[09:31:55 INF] ---开始 浏览追番频道页10秒 ---
[09:31:55 ERR] 浏览追番频道页10秒失败，继续其他任务。失败信息:Object reference not set to an instance of an object.

[09:31:55 INF] -------------结束-------------

[09:31:55 INF] ---开始 浏览会员购页面10秒 ---
[09:31:55 INF] 待实现...
[09:31:55 INF] -------------结束-------------

[09:31:55 INF] ---开始 观看任意正片内容 ---
[09:31:55 ERR] 观看任意正片内容失败，继续其他任务。失败信息:Object reference not set to an instance of an object.

[09:31:55 INF] -----------结束-----------

[09:31:55 INF] ---开始 购买单点付费影片（仅领取） ---
[09:31:55 ERR] 购买单点付费影片（仅领取）失败，继续其他任务。失败信息:Object reference not set to an instance of an object.

[09:31:55 INF] ----------------结束----------------

[09:31:55 INF] ---开始 购买指定会员购商品（仅领取） ---
[09:31:55 ERR] 购买指定会员购商品（仅领取）失败，继续其他任务。失败信息:Object reference not set to an instance of an object.

[09:31:55 INF] -----------------结束-----------------

[09:31:55 ERR] 程序发生异常：Object reference not set to an instance of an object.
[09:31:55 INF] ===========结束===========

[09:31:55 WRN] 异常：System.NullReferenceException: Object reference not set to an instance of an object.
   at Ray.BiliBiliTool.Application.VipBigPointAppService.DoTaskAsync(CancellationToken cancellationToken) in /home/runner/work/BiliBiliToolPro/BiliBiliToolPro/src/Ray.BiliBiliTool.Application/VipBigPointAppService.cs:line 141
   at Ray.BiliBiliTool.Console.BiliBiliToolHostedService.DoTasksAsync(String[] tasks, CancellationToken cancellationToken) in /home/runner/work/BiliBiliToolPro/BiliBiliToolPro/src/Ray.BiliBiliTool.Console/BiliBiliToolHostedService.cs:line 194
   at Ray.BiliBiliTool.Console.BiliBiliToolHostedService.StartAsync(CancellationToken cancellationToken) in /home/runner/work/BiliBiliToolPro/BiliBiliToolPro/src/Ray.BiliBiliTool.Console/BiliBiliToolHostedService.cs:line 76
[09:31:55 INF] ######### 账号 2 #########

[09:31:55 INF] =====开始 大会员大积分 =====

[09:31:55 INF] 大会员经验领取任务开始
[09:32:03 INF] 大会员经验未兑换
[09:32:09 INF] 领取成功，经验+10 √
[09:32:09 INF] ---开始 测试Cookie ---
[09:32:17 INF] 【用户名】bilixxxxxxxx1879
[09:32:17 INF] 【会员类型】月度大会员
[09:32:17 INF] 【会员状态】无/过期
[09:32:17 INF] 【硬币余额】611
[09:32:17 INF] 【距升级Lv5】预计86天
[09:32:17 INF] -----------结束-----------

[09:32:17 INF] 当前不是大会员或已过期，跳过任务
[09:32:17 INF] ===========结束===========

[09:32:17 INF] ######### 账号 3 #########

[09:32:17 INF] =====开始 大会员大积分 =====

[09:32:17 INF] 大会员经验领取任务开始
[09:32:24 INF] ---开始 测试Cookie ---
[09:32:32 WRN] 登录异常，请检查Cookie是否错误或过期
[09:32:32 ERR] 程序发生异常：登录失败，请检查Cookie
[09:32:32 INF] -----------结束-----------

[09:32:32 ERR] 程序发生异常：登录失败，请检查Cookie
[09:32:32 INF] ===========结束===========

[09:32:32 WRN] 异常：System.Exception: 登录失败，请检查Cookie
   at Ray.BiliBiliTool.Application.VipBigPointAppService.GetUserInfo() in /home/runner/work/BiliBiliToolPro/BiliBiliToolPro/src/Ray.BiliBiliTool.Application/VipBigPointAppService.cs:line 150
   at Ray.BiliBiliTool.Application.VipBigPointAppService.DoTaskAsync(CancellationToken cancellationToken) in /home/runner/work/BiliBiliToolPro/BiliBiliToolPro/src/Ray.BiliBiliTool.Application/VipBigPointAppService.cs:line 98
   at Ray.BiliBiliTool.Console.BiliBiliToolHostedService.DoTasksAsync(String[] tasks, CancellationToken cancellationToken) in /home/runner/work/BiliBiliToolPro/BiliBiliToolPro/src/Ray.BiliBiliTool.Console/BiliBiliToolHostedService.cs:line 194
   at Ray.BiliBiliTool.Console.BiliBiliToolHostedService.StartAsync(CancellationToken cancellationToken) in /home/runner/work/BiliBiliToolPro/BiliBiliToolPro/src/Ray.BiliBiliTool.Console/BiliBiliToolHostedService.cs:line 76
[09:32:32 INF] 

========================

 v2.0.2 开源 by https://github.com/RayWangQvQ/BiliBiliToolPro

[09:32:32 INF] ·开始推送·VipBigPoint任务·
2024-04-09T01:32:32.1621302Z 开始推送到:PushPlus
2024-04-09T01:32:32.6849887Z Response status: OK.
2024-04-09T01:32:32.6850367Z Response content: {"code":200,"msg":"请求成功","data":"89930a021bfe4323b6c80f63a2310204","count":null}.

[09:32:32 INF] 运行环境：Development
[09:32:32 INF] 应用目录：/home/runner/work/BiliBiliToolPro/BiliBiliToolPro/src/Ray.BiliBiliTool.Console/bin/Debug/net6.0/

[09:32:32 INF] 运行结束
