----------- ip 信息 ---------
{
  "ip": "104.28.242.135",
  "city": "Durham",
  "region": "North Carolina",
  "country": "US",
  "loc": "35.9940,-78.8986",
  "org": "AS13335 Cloudflare, Inc.",
  "postal": "27701",
  "timezone": "America/New_York",
  "readme": "https://ipinfo.io/missingauth"
} ---------- end ------------
  ____               ____    _   _____           _  
 |  _ \ __ _ _   _  | __ ) _| |_|_   _|__   ___ | | 
 | |_) / _` | | | | |  _ \(_) (_) | |/ _ \ / _ \| | 
 |  _ < (_| | |_| | | |_) | | | | | | (_) | (_) | | 
 |_| \_\__,_|\__, | |____/|_|_|_| |_|\___/ \___/|_| 
             |___/                                  

[09:40:17 INF] BiliBiliToolPro 开始运行...

[09:40:17 INF] 【账号个数】3个

[09:40:17 INF] 随机休眠5分钟

[09:45:17 INF] 【目标任务】Daily
[09:45:17 INF] ######### 账号 1 #########

[09:45:17 INF] =====开始 每日任务 =====

[09:45:17 INF] ---开始 Set Cookie ---
[09:45:17 INF] Cookie完整，不需要Set Cookie
[09:45:17 INF] -------------结束-------------

[09:45:17 INF] ---开始 登录 ---
[09:45:22 INF] 【用户名】waxxxx12
[09:45:22 INF] 【会员类型】月度大会员
[09:45:22 INF] 【会员状态】无/过期
[09:45:22 INF] 【硬币余额】442.2
[09:45:22 INF] 【距升级Lv5】10天（如每日做满65点经验）
[09:45:22 INF] 登录成功，经验+5 √
[09:45:22 INF] -----结束-----

[09:45:30 INF] ---开始 观看、分享视频 ---
[09:45:39 INF] 【随机视频】黑 山 大 叔
[09:45:52 INF] 视频播放成功，已观看到第10秒，经验+5 √
[09:45:59 INF] 视频分享成功，经验+5 √
[09:45:59 INF] ----------结束----------

[09:45:59 INF] ---开始 投币 ---
[09:45:59 INF] 已配置为跳过投币任务
[09:45:59 INF] -----结束-----

[09:45:59 INF] ---开始 直播签到 ---
[09:46:07 INF] 【签到结果】成功
[09:46:07 INF] 【本次获取】3000点用户经验,2根辣条,再签到9天可以获得50根辣条
[09:46:07 INF] -------结束-------

[09:46:07 INF] ---开始 漫画签到 ---
[09:46:15 INF] 【签到结果】成功
[09:46:15 INF] -------结束-------

[09:46:15 INF] ---开始 漫画阅读 ---
[09:46:20 INF] 【漫画阅读】成功, 阅读漫画为：堀与宫村
[09:46:20 INF] -------结束-------

[09:46:20 INF] ---开始 银瓜子兑换硬币 ---
[09:46:20 INF] 【目标兑换日期】11号
[09:46:20 INF] 【今天】11号
[09:46:24 INF] 【银瓜子余额】 54
[09:46:24 INF] 【硬币余额】 442
[09:46:24 INF] 【今日剩余兑换次数】 1
[09:46:24 INF] 开始尝试兑换...
[09:46:27 INF] 【兑换结果】失败
[09:46:27 INF] 【原因】银瓜子余额不足
[09:46:27 INF] ----------结束----------

[09:46:27 INF] ---开始 领取大会员福利 ---
[09:46:27 INF] 普通会员和月度大会员每月不赠送B币券，不需要领取权益喽
[09:46:27 INF] ----------结束----------

[09:46:27 INF] ---开始 领取大会员漫画权益 ---
[09:46:27 INF] 不是会员，跳过
[09:46:27 INF] ------------结束------------

[09:46:27 INF] ---开始 B币券充电 ---
[09:46:27 INF] 不是年度大会员，跳过
[09:46:27 INF] --------结束--------

[09:46:27 INF] =========结束=========

[09:46:27 INF] ######### 账号 2 #########

[09:46:27 INF] =====开始 每日任务 =====

[09:46:27 INF] ---开始 Set Cookie ---
[09:46:27 INF] Cookie完整，不需要Set Cookie
[09:46:27 INF] -------------结束-------------

[09:46:27 INF] ---开始 登录 ---
[09:46:31 INF] 【用户名】bilixxxxxxxx1879
[09:46:31 INF] 【会员类型】月度大会员
[09:46:31 INF] 【会员状态】无/过期
[09:46:31 INF] 【硬币余额】285
[09:46:31 INF] 【距升级Lv4】3天（如每日做满65点经验）
[09:46:31 INF] 登录成功，经验+5 √
[09:46:31 INF] -----结束-----

[09:46:37 INF] ---开始 观看、分享视频 ---
[09:46:47 INF] 【随机视频】秋./微剪辑
[09:47:02 INF] 视频播放成功，已观看到第5秒，经验+5 √
[09:47:10 INF] 视频分享成功，经验+5 √
[09:47:10 INF] ----------结束----------

[09:47:10 INF] ---开始 投币 ---
[09:47:10 INF] 已配置为跳过投币任务
[09:47:10 INF] -----结束-----

[09:47:10 INF] ---开始 直播签到 ---
[09:47:14 INF] 【签到结果】成功
[09:47:14 INF] 【本次获取】3000点用户经验,2根辣条,再签到9天可以获得50根辣条
[09:47:14 INF] -------结束-------

[09:47:14 INF] ---开始 漫画签到 ---
[09:47:22 INF] 【签到结果】成功
[09:47:22 INF] -------结束-------

[09:47:22 INF] ---开始 漫画阅读 ---
[09:47:26 INF] 【漫画阅读】成功, 阅读漫画为：堀与宫村
[09:47:26 INF] -------结束-------

[09:47:26 INF] ---开始 银瓜子兑换硬币 ---
[09:47:26 INF] 【目标兑换日期】11号
[09:47:26 INF] 【今天】11号
[09:47:34 INF] 【银瓜子余额】 326
[09:47:34 INF] 【硬币余额】 285
[09:47:34 INF] 【今日剩余兑换次数】 1
[09:47:34 INF] 开始尝试兑换...
[09:47:38 INF] 【兑换结果】失败
[09:47:38 INF] 【原因】银瓜子余额不足
[09:47:38 INF] ----------结束----------

[09:47:38 INF] ---开始 领取大会员福利 ---
[09:47:38 INF] 普通会员和月度大会员每月不赠送B币券，不需要领取权益喽
[09:47:38 INF] ----------结束----------

[09:47:38 INF] ---开始 领取大会员漫画权益 ---
[09:47:38 INF] 不是会员，跳过
[09:47:38 INF] ------------结束------------

[09:47:38 INF] ---开始 B币券充电 ---
[09:47:38 INF] 不是年度大会员，跳过
[09:47:38 INF] --------结束--------

[09:47:38 INF] =========结束=========

[09:47:38 INF] ######### 账号 3 #########

[09:47:38 INF] =====开始 每日任务 =====

[09:47:38 INF] ---开始 Set Cookie ---
[09:47:38 INF] Cookie完整，不需要Set Cookie
[09:47:38 INF] -------------结束-------------

[09:47:38 INF] ---开始 登录 ---
[09:47:41 INF] 【用户名】晴xxng
[09:47:41 INF] 【会员类型】无
[09:47:41 INF] 【会员状态】无/过期
[09:47:41 INF] 【硬币余额】110
[09:47:41 INF] 【距升级Lv4】40天（如每日做满65点经验）
[09:47:41 INF] 登录成功，经验+5 √
[09:47:41 INF] -----结束-----

[09:47:46 INF] ---开始 观看、分享视频 ---
[09:47:56 INF] 【随机视频】和粉丝单挑，输的唱鸡你太美
[09:47:56 INF] 今天已经观看过了，不需要再看啦
[09:48:10 INF] 视频分享成功，经验+5 √
[09:48:10 INF] ----------结束----------

[09:48:10 INF] ---开始 投币 ---
[09:48:10 INF] 已配置为跳过投币任务
[09:48:10 INF] -----结束-----

[09:48:10 INF] ---开始 直播签到 ---
[09:48:18 INF] 【签到结果】成功
[09:48:18 INF] 【本次获取】3000点用户经验,2根辣条,再签到9天可以获得50根辣条
[09:48:18 INF] -------结束-------

[09:48:18 INF] ---开始 漫画签到 ---
[09:48:22 INF] 【签到结果】成功
[09:48:22 INF] -------结束-------

[09:48:22 INF] ---开始 漫画阅读 ---
[09:48:28 INF] 【漫画阅读】成功, 阅读漫画为：堀与宫村
[09:48:28 INF] -------结束-------

[09:48:28 INF] ---开始 银瓜子兑换硬币 ---
[09:48:28 INF] 【目标兑换日期】11号
[09:48:28 INF] 【今天】11号
[09:48:35 INF] 【银瓜子余额】 564
[09:48:35 INF] 【硬币余额】 110
[09:48:35 INF] 【今日剩余兑换次数】 1
[09:48:35 INF] 开始尝试兑换...
[09:48:40 INF] 【兑换结果】失败
[09:48:40 INF] 【原因】银瓜子余额不足
[09:48:40 INF] ----------结束----------

[09:48:40 INF] ---开始 领取大会员福利 ---
[09:48:40 INF] 普通会员和月度大会员每月不赠送B币券，不需要领取权益喽
[09:48:40 INF] ----------结束----------

[09:48:40 INF] ---开始 领取大会员漫画权益 ---
[09:48:40 INF] 不是会员，跳过
[09:48:40 INF] ------------结束------------

[09:48:40 INF] ---开始 B币券充电 ---
[09:48:40 INF] 不是年度大会员，跳过
[09:48:40 INF] --------结束--------

[09:48:40 INF] =========结束=========

[09:48:40 INF] 

========================

 v1.0.3 开源 by https://github.com/RayWangQvQ/BiliBiliToolPro

[09:48:40 INF] ·开始推送·Daily任务·
2023-05-11T01:48:40.2339810Z 开始推送到:自定义
2023-05-11T01:48:43.3776033Z Response status: OK.
2023-05-11T01:48:43.3776577Z Response content: {"message":"","success":true,"uuid":"11b2939192ba4d90a8b5f664ead2cb02"}.

[09:48:43 INF] 运行环境：Development
[09:48:43 INF] 应用目录：/home/runner/work/BiliBiliToolPro/BiliBiliToolPro/src/Ray.BiliBiliTool.Console/bin/Debug/net6.0/

[09:48:43 INF] 运行结束
