----------- ip 信息 ---------
{
  "ip": "4.227.114.100",
  "city": "Phoenix",
  "region": "Arizona",
  "country": "US",
  "loc": "33.4484,-112.0740",
  "org": "AS8075 Microsoft Corporation",
  "postal": "85001",
  "timezone": "America/Phoenix",
  "readme": "https://ipinfo.io/missingauth"
} ---------- end ------------
  ____               ____    _   _____           _  
 |  _ \ __ _ _   _  | __ ) _| |_|_   _|__   ___ | | 
 | |_) / _` | | | | |  _ \(_) (_) | |/ _ \ / _ \| | 
 |  _ < (_| | |_| | | |_) | | | | | | (_) | (_) | | 
 |_| \_\__,_|\__, | |____/|_|_|_| |_|\___/ \___/|_| 
             |___/                                  

[09:22:12 INF] BiliBiliToolPro 开始运行...

[09:22:12 INF] 【账号个数】3个

[09:22:12 INF] 随机休眠5分钟

[09:27:12 INF] 【目标任务】Daily
[09:27:12 INF] ######### 账号 1 #########

[09:27:12 INF] =====开始 每日任务 =====

[09:27:12 INF] ---开始 Set Cookie ---
[09:27:12 INF] Cookie完整，不需要Set Cookie
[09:27:12 INF] -------------结束-------------

[09:27:12 INF] ---开始 登录 ---
[09:27:19 INF] 【用户名】sunxxxxxgzi
[09:27:19 INF] 【会员类型】月度大会员
[09:27:19 INF] 【会员状态】正常
[09:27:19 INF] 【硬币余额】1135.2
[09:27:19 INF] 【距升级Lv6】预计804天
[09:27:19 INF] 登录成功，经验+5 √
[09:27:19 INF] -----结束-----

[09:27:24 INF] ---开始 观看、分享视频 ---
[09:27:47 INF] 【随机视频】这套书出注音版了，更适合孩子自主阅读
[09:27:57 INF] 视频播放成功，已观看到第11秒，经验+5 √
[09:28:05 INF] 视频分享成功，经验+5 √
[09:28:05 INF] ----------结束----------

[09:28:05 INF] ---开始 投币 ---
[09:28:05 INF] 已配置为跳过投币任务
[09:28:05 INF] -----结束-----

[09:28:05 INF] ---开始 直播签到 ---
[09:28:08 INF] 【签到结果】成功
[09:28:08 INF] 【本次获取】3000点用户经验,2根辣条,666银瓜子,再签到15天可以获得50根辣条
[09:28:08 INF] -------结束-------

[09:28:08 INF] ---开始 漫画签到 ---
[09:28:16 INF] 【签到结果】成功
[09:28:16 INF] -------结束-------

[09:28:16 INF] ---开始 漫画阅读 ---
[09:28:20 INF] 【漫画阅读】成功
[09:28:20 INF] -------结束-------

[09:28:20 INF] ---开始 银瓜子兑换硬币 ---
[09:28:20 INF] 【目标兑换日期】5号
[09:28:20 INF] 【今天】5号
[09:28:24 INF] 【银瓜子余额】 1214
[09:28:24 INF] 【硬币余额】 1135
[09:28:24 INF] 【今日剩余兑换次数】 1
[09:28:24 INF] 开始尝试兑换...
[09:28:27 INF] 【兑换结果】成功兑换 1 枚硬币
[09:28:27 INF] 【银瓜子余额】 514
[09:28:32 INF] 【硬币余额】 System.Runtime.CompilerServices.AsyncTaskMethodBuilder`1+AsyncStateMachineBox`1[System.Decimal,Ray.BiliBiliTool.DomainService.CoinDomainService+<GetCoinBalance>d__3]
[09:28:32 INF] ----------结束----------

[09:28:32 INF] ---开始 领取大会员福利 ---
[09:28:32 INF] 普通会员和月度大会员每月不赠送B币券，不需要领取权益喽
[09:28:32 INF] ----------结束----------

[09:28:32 INF] ---开始 领取大会员漫画权益 ---
[09:28:32 INF] 【目标日期】1号
[09:28:32 INF] 【今天】5号
[09:28:32 INF] 跳过
[09:28:32 INF] ------------结束------------

[09:28:32 INF] ---开始 B币券充电 ---
[09:28:32 INF] 已配置为关闭，跳过
[09:28:32 INF] --------结束--------

[09:28:32 INF] =========结束=========

[09:28:32 INF] ######### 账号 2 #########

[09:28:32 INF] =====开始 每日任务 =====

[09:28:32 INF] ---开始 Set Cookie ---
[09:28:32 INF] Cookie完整，不需要Set Cookie
[09:28:32 INF] -------------结束-------------

[09:28:32 INF] ---开始 登录 ---
[09:28:38 INF] 【用户名】bilixxxxxxxx1879
[09:28:38 INF] 【会员类型】月度大会员
[09:28:38 INF] 【会员状态】无/过期
[09:28:38 INF] 【硬币余额】581
[09:28:38 INF] 【距升级Lv5】预计126天
[09:28:38 INF] 登录成功，经验+5 √
[09:28:38 INF] -----结束-----

[09:28:44 INF] ---开始 观看、分享视频 ---
[09:29:08 INF] 【随机视频】在￥6000"豪华"迪士尼酒店住一晚？是什么体验？
[09:29:17 INF] 视频播放成功，已观看到第5秒，经验+5 √
[09:29:24 INF] 视频分享成功，经验+5 √
[09:29:24 INF] ----------结束----------

[09:29:24 INF] ---开始 投币 ---
[09:29:24 INF] 已配置为跳过投币任务
[09:29:24 INF] -----结束-----

[09:29:24 INF] ---开始 直播签到 ---
[09:29:30 INF] 【签到结果】成功
[09:29:30 INF] 【本次获取】3000点用户经验,2根辣条,666银瓜子,再签到15天可以获得50根辣条
[09:29:30 INF] -------结束-------

[09:29:30 INF] ---开始 漫画签到 ---
[09:29:37 INF] 【签到结果】成功
[09:29:37 INF] -------结束-------

[09:29:37 INF] ---开始 漫画阅读 ---
[09:29:41 INF] 【漫画阅读】成功
[09:29:41 INF] -------结束-------

[09:29:41 INF] ---开始 银瓜子兑换硬币 ---
[09:29:41 INF] 【目标兑换日期】5号
[09:29:41 INF] 【今天】5号
[09:29:45 INF] 【银瓜子余额】 986
[09:29:45 INF] 【硬币余额】 581
[09:29:45 INF] 【今日剩余兑换次数】 1
[09:29:45 INF] 开始尝试兑换...
[09:29:49 INF] 【兑换结果】成功兑换 1 枚硬币
[09:29:49 INF] 【银瓜子余额】 286
[09:29:56 INF] 【硬币余额】 System.Runtime.CompilerServices.AsyncTaskMethodBuilder`1+AsyncStateMachineBox`1[System.Decimal,Ray.BiliBiliTool.DomainService.CoinDomainService+<GetCoinBalance>d__3]
[09:29:56 INF] ----------结束----------

[09:29:56 INF] ---开始 领取大会员福利 ---
[09:29:56 INF] 普通会员和月度大会员每月不赠送B币券，不需要领取权益喽
[09:29:56 INF] ----------结束----------

[09:29:56 INF] ---开始 领取大会员漫画权益 ---
[09:29:56 INF] 不是会员，跳过
[09:29:56 INF] ------------结束------------

[09:29:56 INF] ---开始 B币券充电 ---
[09:29:56 INF] 已配置为关闭，跳过
[09:29:56 INF] --------结束--------

[09:29:56 INF] =========结束=========

[09:29:56 INF] ######### 账号 3 #########

[09:29:57 INF] =====开始 每日任务 =====

[09:29:57 INF] ---开始 Set Cookie ---
[09:29:57 INF] Cookie完整，不需要Set Cookie
[09:29:57 INF] -------------结束-------------

[09:29:57 INF] ---开始 登录 ---
[09:30:04 WRN] 登录异常，请检查Cookie是否错误或过期
[09:30:04 ERR] 程序发生异常：登录失败，请检查Cookie
[09:30:04 INF] -----结束-----

[09:30:04 ERR] 程序发生异常：登录失败，请检查Cookie
[09:30:04 INF] =========结束=========

[09:30:04 WRN] 异常：System.Exception: 登录失败，请检查Cookie
   at Ray.BiliBiliTool.Application.DailyTaskAppService.Login() in /home/runner/work/BiliBiliToolPro/BiliBiliToolPro/src/Ray.BiliBiliTool.Application/DailyTaskAppService.cs:line 134
   at Ray.BiliBiliTool.Application.DailyTaskAppService.DoTaskAsync(CancellationToken cancellationToken) in /home/runner/work/BiliBiliToolPro/BiliBiliToolPro/src/Ray.BiliBiliTool.Application/DailyTaskAppService.cs:line 81
   at Ray.BiliBiliTool.Console.BiliBiliToolHostedService.DoTasksAsync(String[] tasks, CancellationToken cancellationToken) in /home/runner/work/BiliBiliToolPro/BiliBiliToolPro/src/Ray.BiliBiliTool.Console/BiliBiliToolHostedService.cs:line 194
   at Ray.BiliBiliTool.Console.BiliBiliToolHostedService.StartAsync(CancellationToken cancellationToken) in /home/runner/work/BiliBiliToolPro/BiliBiliToolPro/src/Ray.BiliBiliTool.Console/BiliBiliToolHostedService.cs:line 76
[09:30:04 INF] 

========================

 v2.0.2 开源 by https://github.com/RayWangQvQ/BiliBiliToolPro

[09:30:04 INF] ·开始推送·Daily任务·
2024-03-05T01:30:04.2269383Z 开始推送到:PushPlus
2024-03-05T01:30:05.0349223Z Response status: OK.
2024-03-05T01:30:05.0349588Z Response content: {"code":200,"msg":"请求成功","data":"0bb5a01dbe0d48b0844f62e6e085648f","count":null}.

[09:30:05 INF] 运行环境：Development
[09:30:05 INF] 应用目录：/home/runner/work/BiliBiliToolPro/BiliBiliToolPro/src/Ray.BiliBiliTool.Console/bin/Debug/net6.0/

[09:30:05 INF] 运行结束
  ____               ____    _   _____           _  
 |  _ \ __ _ _   _  | __ ) _| |_|_   _|__   ___ | | 
 | |_) / _` | | | | |  _ \(_) (_) | |/ _ \ / _ \| | 
 |  _ < (_| | |_| | | |_) | | | | | | (_) | (_) | | 
 |_| \_\__,_|\__, | |____/|_|_|_| |_|\___/ \___/|_| 
             |___/                                  

[09:30:07 INF] BiliBiliToolPro 开始运行...

[09:30:07 INF] 【账号个数】3个

[09:30:07 INF] 随机休眠1分钟

[09:31:07 INF] 【目标任务】VipBigPoint
[09:31:07 INF] ######### 账号 1 #########

[09:31:07 INF] =====开始 大会员大积分 =====

[09:31:07 INF] 大会员经验领取任务开始
[09:31:12 INF] 大会员经验未兑换
[09:31:17 INF] 领取成功，经验+10 √
[09:31:17 INF] ---开始 测试Cookie ---
[09:31:21 INF] 【用户名】sunxxxxxgzi
[09:31:21 INF] 【会员类型】月度大会员
[09:31:21 INF] 【会员状态】正常
[09:31:21 INF] 【硬币余额】1136.2
[09:31:21 INF] 【距升级Lv6】预计802天
[09:31:21 INF] -----------结束-----------

[09:31:26 INF] ------当前任务状态------
[09:31:26 INF] 打卡：X
[09:31:26 INF] -福利任务
[09:31:26 INF] ---大会员福利大积分：√
[09:31:26 INF] -体验任务
[09:31:26 INF] ---浏览大会员权益页面：√
[09:31:26 INF] -日常任务
[09:31:26 INF] ---浏览装扮商城主页：X
[09:31:26 INF] ---浏览会员购页面10秒：X
[09:31:26 INF] ---购买指定会员购商品：X
[09:31:26 INF] ---浏览追番频道页10秒：X
[09:31:26 INF] ---观看任意正片内容：X
[09:31:26 INF] ---购买单点付费影片：X
[09:31:26 INF] ---购买指定装扮商品：X
[09:31:26 INF] ------------------------

[09:31:26 INF] ---开始 签到 ---
[09:31:30 ERR] 签到失败，继续其他任务。失败信息:{"Code":6007000,"Message":"抱歉，您的账号存在风险，暂时无法参与本任务哦~","Data":null}

[09:31:30 INF] -----结束-----

[09:31:30 INF] ---开始 福利任务 ---
[09:31:30 ERR] 福利任务失败，继续其他任务。失败信息:Object reference not set to an instance of an object.

[09:31:30 INF] -------结束-------

[09:31:30 INF] ---开始 体验任务 ---
[09:31:30 ERR] 体验任务失败，继续其他任务。失败信息:Object reference not set to an instance of an object.

[09:31:30 INF] -------结束-------

[09:31:30 INF] ---开始 浏览追番频道页10秒 ---
[09:31:30 ERR] 浏览追番频道页10秒失败，继续其他任务。失败信息:Object reference not set to an instance of an object.

[09:31:30 INF] -------------结束-------------

[09:31:30 INF] ---开始 浏览会员购页面10秒 ---
[09:31:30 INF] 待实现...
[09:31:30 INF] -------------结束-------------

[09:31:30 INF] ---开始 观看任意正片内容 ---
[09:31:30 ERR] 观看任意正片内容失败，继续其他任务。失败信息:Object reference not set to an instance of an object.

[09:31:30 INF] -----------结束-----------

[09:31:30 INF] ---开始 购买单点付费影片（仅领取） ---
[09:31:30 ERR] 购买单点付费影片（仅领取）失败，继续其他任务。失败信息:Object reference not set to an instance of an object.

[09:31:30 INF] ----------------结束----------------

[09:31:30 INF] ---开始 购买指定会员购商品（仅领取） ---
[09:31:30 ERR] 购买指定会员购商品（仅领取）失败，继续其他任务。失败信息:Object reference not set to an instance of an object.

[09:31:31 INF] -----------------结束-----------------

[09:31:31 ERR] 程序发生异常：Object reference not set to an instance of an object.
[09:31:31 INF] ===========结束===========

[09:31:31 WRN] 异常：System.NullReferenceException: Object reference not set to an instance of an object.
   at Ray.BiliBiliTool.Application.VipBigPointAppService.DoTaskAsync(CancellationToken cancellationToken) in /home/runner/work/BiliBiliToolPro/BiliBiliToolPro/src/Ray.BiliBiliTool.Application/VipBigPointAppService.cs:line 141
   at Ray.BiliBiliTool.Console.BiliBiliToolHostedService.DoTasksAsync(String[] tasks, CancellationToken cancellationToken) in /home/runner/work/BiliBiliToolPro/BiliBiliToolPro/src/Ray.BiliBiliTool.Console/BiliBiliToolHostedService.cs:line 194
   at Ray.BiliBiliTool.Console.BiliBiliToolHostedService.StartAsync(CancellationToken cancellationToken) in /home/runner/work/BiliBiliToolPro/BiliBiliToolPro/src/Ray.BiliBiliTool.Console/BiliBiliToolHostedService.cs:line 76
[09:31:31 INF] ######### 账号 2 #########

[09:31:31 INF] =====开始 大会员大积分 =====

[09:31:31 INF] 大会员经验领取任务开始
[09:31:38 INF] 大会员经验未兑换
[09:31:43 INF] 领取成功，经验+10 √
[09:31:43 INF] ---开始 测试Cookie ---
[09:31:50 INF] 【用户名】bilixxxxxxxx1879
[09:31:50 INF] 【会员类型】月度大会员
[09:31:50 INF] 【会员状态】无/过期
[09:31:50 INF] 【硬币余额】582
[09:31:50 INF] 【距升级Lv5】预计125天
[09:31:50 INF] -----------结束-----------

[09:31:50 INF] 当前不是大会员或已过期，跳过任务
[09:31:50 INF] ===========结束===========

[09:31:50 INF] ######### 账号 3 #########

[09:31:50 INF] =====开始 大会员大积分 =====

[09:31:50 INF] 大会员经验领取任务开始
[09:31:53 INF] ---开始 测试Cookie ---
[09:32:00 WRN] 登录异常，请检查Cookie是否错误或过期
[09:32:00 ERR] 程序发生异常：登录失败，请检查Cookie
[09:32:00 INF] -----------结束-----------

[09:32:00 ERR] 程序发生异常：登录失败，请检查Cookie
[09:32:00 INF] ===========结束===========

[09:32:00 WRN] 异常：System.Exception: 登录失败，请检查Cookie
   at Ray.BiliBiliTool.Application.VipBigPointAppService.GetUserInfo() in /home/runner/work/BiliBiliToolPro/BiliBiliToolPro/src/Ray.BiliBiliTool.Application/VipBigPointAppService.cs:line 150
   at Ray.BiliBiliTool.Application.VipBigPointAppService.DoTaskAsync(CancellationToken cancellationToken) in /home/runner/work/BiliBiliToolPro/BiliBiliToolPro/src/Ray.BiliBiliTool.Application/VipBigPointAppService.cs:line 98
   at Ray.BiliBiliTool.Console.BiliBiliToolHostedService.DoTasksAsync(String[] tasks, CancellationToken cancellationToken) in /home/runner/work/BiliBiliToolPro/BiliBiliToolPro/src/Ray.BiliBiliTool.Console/BiliBiliToolHostedService.cs:line 194
   at Ray.BiliBiliTool.Console.BiliBiliToolHostedService.StartAsync(CancellationToken cancellationToken) in /home/runner/work/BiliBiliToolPro/BiliBiliToolPro/src/Ray.BiliBiliTool.Console/BiliBiliToolHostedService.cs:line 76
[09:32:00 INF] 

========================

 v2.0.2 开源 by https://github.com/RayWangQvQ/BiliBiliToolPro

[09:32:00 INF] ·开始推送·VipBigPoint任务·
2024-03-05T01:32:00.1403538Z 开始推送到:PushPlus
2024-03-05T01:32:00.7807423Z Response status: OK.
2024-03-05T01:32:00.7807865Z Response content: {"code":200,"msg":"请求成功","data":"7fb09335df1841f98df9a8a9f8495449","count":null}.

[09:32:00 INF] 运行环境：Development
[09:32:00 INF] 应用目录：/home/runner/work/BiliBiliToolPro/BiliBiliToolPro/src/Ray.BiliBiliTool.Console/bin/Debug/net6.0/

[09:32:00 INF] 运行结束
