----------- ip 信息 ---------
{
  "ip": "104.28.232.106",
  "city": "San Antonio",
  "region": "Texas",
  "country": "US",
  "loc": "29.4241,-98.4936",
  "org": "AS13335 Cloudflare, Inc.",
  "postal": "78205",
  "timezone": "America/Chicago",
  "readme": "https://ipinfo.io/missingauth"
} ---------- end ------------
  ____               ____    _   _____           _  
 |  _ \ __ _ _   _  | __ ) _| |_|_   _|__   ___ | | 
 | |_) / _` | | | | |  _ \(_) (_) | |/ _ \ / _ \| | 
 |  _ < (_| | |_| | | |_) | | | | | | (_) | (_) | | 
 |_| \_\__,_|\__, | |____/|_|_|_| |_|\___/ \___/|_| 
             |___/                                  

[09:38:33 INF] BiliBiliToolPro 开始运行...

[09:38:33 INF] 【账号个数】3个

[09:38:33 INF] 随机休眠2分钟

[09:40:33 INF] 【目标任务】Daily
[09:40:33 INF] ######### 账号 1 #########

[09:40:33 INF] =====开始 每日任务 =====

[09:40:33 INF] ---开始 Set Cookie ---
[09:40:33 INF] Cookie完整，不需要Set Cookie
[09:40:33 INF] -------------结束-------------

[09:40:33 INF] ---开始 登录 ---
[09:40:38 INF] 【用户名】waxxxx12
[09:40:38 INF] 【会员类型】月度大会员
[09:40:38 INF] 【会员状态】无/过期
[09:40:38 INF] 【硬币余额】443.2
[09:40:38 INF] 【距升级Lv5】10天（如每日做满65点经验）
[09:40:38 INF] 登录成功，经验+5 √
[09:40:38 INF] -----结束-----

[09:40:44 INF] ---开始 观看、分享视频 ---
[09:40:54 INF] 【随机视频】【北京初夏草虫】矢车菊的“矢车”是啥？
[09:40:54 INF] 今天已经观看过了，不需要再看啦
[09:41:06 INF] 视频分享成功，经验+5 √
[09:41:06 INF] ----------结束----------

[09:41:06 INF] ---开始 投币 ---
[09:41:06 INF] 已配置为跳过投币任务
[09:41:06 INF] -----结束-----

[09:41:06 INF] ---开始 直播签到 ---
[09:41:10 INF] 【签到结果】成功
[09:41:10 INF] 【本次获取】3000点用户经验,2根辣条,再签到8天可以获得50根辣条
[09:41:10 INF] -------结束-------

[09:41:10 INF] ---开始 漫画签到 ---
[09:41:14 INF] 【签到结果】成功
[09:41:14 INF] -------结束-------

[09:41:14 INF] ---开始 漫画阅读 ---
[09:41:22 INF] 【漫画阅读】成功, 阅读漫画为：堀与宫村
[09:41:22 INF] -------结束-------

[09:41:22 INF] ---开始 银瓜子兑换硬币 ---
[09:41:22 INF] 【目标兑换日期】12号
[09:41:22 INF] 【今天】12号
[09:41:28 INF] 【银瓜子余额】 54
[09:41:28 INF] 【硬币余额】 443
[09:41:28 INF] 【今日剩余兑换次数】 1
[09:41:28 INF] 开始尝试兑换...
[09:41:31 INF] 【兑换结果】失败
[09:41:31 INF] 【原因】银瓜子余额不足
[09:41:31 INF] ----------结束----------

[09:41:31 INF] ---开始 领取大会员福利 ---
[09:41:31 INF] 普通会员和月度大会员每月不赠送B币券，不需要领取权益喽
[09:41:31 INF] ----------结束----------

[09:41:31 INF] ---开始 领取大会员漫画权益 ---
[09:41:31 INF] 不是会员，跳过
[09:41:31 INF] ------------结束------------

[09:41:31 INF] ---开始 B币券充电 ---
[09:41:31 INF] 不是年度大会员，跳过
[09:41:31 INF] --------结束--------

[09:41:31 INF] =========结束=========

[09:41:31 INF] ######### 账号 2 #########

[09:41:31 INF] =====开始 每日任务 =====

[09:41:31 INF] ---开始 Set Cookie ---
[09:41:31 INF] Cookie完整，不需要Set Cookie
[09:41:31 INF] -------------结束-------------

[09:41:31 INF] ---开始 登录 ---
[09:41:39 INF] 【用户名】bilixxxxxxxx1879
[09:41:39 INF] 【会员类型】月度大会员
[09:41:39 INF] 【会员状态】无/过期
[09:41:39 INF] 【硬币余额】286
[09:41:39 INF] 【距升级Lv4】2天（如每日做满65点经验）
[09:41:39 INF] 登录成功，经验+5 √
[09:41:39 INF] -----结束-----

[09:41:45 INF] ---开始 观看、分享视频 ---
[09:41:55 INF] 【随机视频】粉丝代剪#5
[09:42:02 INF] 视频播放成功，已观看到第6秒，经验+5 √
[09:42:09 INF] 视频分享成功，经验+5 √
[09:42:09 INF] ----------结束----------

[09:42:09 INF] ---开始 投币 ---
[09:42:09 INF] 已配置为跳过投币任务
[09:42:09 INF] -----结束-----

[09:42:09 INF] ---开始 直播签到 ---
[09:42:14 INF] 【签到结果】成功
[09:42:14 INF] 【本次获取】3000点用户经验,2根辣条,再签到8天可以获得50根辣条
[09:42:14 INF] -------结束-------

[09:42:14 INF] ---开始 漫画签到 ---
[09:42:20 INF] 【签到结果】成功
[09:42:20 INF] -------结束-------

[09:42:20 INF] ---开始 漫画阅读 ---
[09:42:27 INF] 【漫画阅读】成功, 阅读漫画为：堀与宫村
[09:42:27 INF] -------结束-------

[09:42:27 INF] ---开始 银瓜子兑换硬币 ---
[09:42:27 INF] 【目标兑换日期】12号
[09:42:27 INF] 【今天】12号
[09:42:31 INF] 【银瓜子余额】 326
[09:42:31 INF] 【硬币余额】 286
[09:42:31 INF] 【今日剩余兑换次数】 1
[09:42:31 INF] 开始尝试兑换...
[09:42:37 INF] 【兑换结果】失败
[09:42:37 INF] 【原因】银瓜子余额不足
[09:42:37 INF] ----------结束----------

[09:42:37 INF] ---开始 领取大会员福利 ---
[09:42:37 INF] 普通会员和月度大会员每月不赠送B币券，不需要领取权益喽
[09:42:37 INF] ----------结束----------

[09:42:37 INF] ---开始 领取大会员漫画权益 ---
[09:42:37 INF] 不是会员，跳过
[09:42:37 INF] ------------结束------------

[09:42:37 INF] ---开始 B币券充电 ---
[09:42:37 INF] 不是年度大会员，跳过
[09:42:37 INF] --------结束--------

[09:42:37 INF] =========结束=========

[09:42:37 INF] ######### 账号 3 #########

[09:42:37 INF] =====开始 每日任务 =====

[09:42:37 INF] ---开始 Set Cookie ---
[09:42:37 INF] Cookie完整，不需要Set Cookie
[09:42:37 INF] -------------结束-------------

[09:42:37 INF] ---开始 登录 ---
[09:42:45 INF] 【用户名】晴xxng
[09:42:45 INF] 【会员类型】无
[09:42:45 INF] 【会员状态】无/过期
[09:42:45 INF] 【硬币余额】111
[09:42:45 INF] 【距升级Lv4】39天（如每日做满65点经验）
[09:42:45 INF] 登录成功，经验+5 √
[09:42:45 INF] -----结束-----

[09:42:51 INF] ---开始 观看、分享视频 ---
[09:43:02 INF] 【随机视频】宣称可以节省电费的节能器，拆开它看明白内部构造后我无言以对了
[09:43:02 INF] 今天已经观看过了，不需要再看啦
[09:43:14 INF] 视频分享成功，经验+5 √
[09:43:14 INF] ----------结束----------

[09:43:14 INF] ---开始 投币 ---
[09:43:14 INF] 已配置为跳过投币任务
[09:43:14 INF] -----结束-----

[09:43:14 INF] ---开始 直播签到 ---
[09:43:19 INF] 【签到结果】成功
[09:43:19 INF] 【本次获取】3000点用户经验,2根辣条,再签到8天可以获得50根辣条
[09:43:19 INF] -------结束-------

[09:43:19 INF] ---开始 漫画签到 ---
[09:43:23 INF] 【签到结果】成功
[09:43:23 INF] -------结束-------

[09:43:23 INF] ---开始 漫画阅读 ---
[09:43:31 INF] 【漫画阅读】成功, 阅读漫画为：堀与宫村
[09:43:31 INF] -------结束-------

[09:43:31 INF] ---开始 银瓜子兑换硬币 ---
[09:43:31 INF] 【目标兑换日期】12号
[09:43:31 INF] 【今天】12号
[09:43:37 INF] 【银瓜子余额】 564
[09:43:37 INF] 【硬币余额】 111
[09:43:37 INF] 【今日剩余兑换次数】 1
[09:43:37 INF] 开始尝试兑换...
[09:43:43 INF] 【兑换结果】失败
[09:43:43 INF] 【原因】银瓜子余额不足
[09:43:43 INF] ----------结束----------

[09:43:43 INF] ---开始 领取大会员福利 ---
[09:43:43 INF] 普通会员和月度大会员每月不赠送B币券，不需要领取权益喽
[09:43:43 INF] ----------结束----------

[09:43:43 INF] ---开始 领取大会员漫画权益 ---
[09:43:43 INF] 不是会员，跳过
[09:43:43 INF] ------------结束------------

[09:43:43 INF] ---开始 B币券充电 ---
[09:43:43 INF] 不是年度大会员，跳过
[09:43:43 INF] --------结束--------

[09:43:43 INF] =========结束=========

[09:43:43 INF] 

========================

 v1.0.3 开源 by https://github.com/RayWangQvQ/BiliBiliToolPro

[09:43:43 INF] ·开始推送·Daily任务·
2023-05-12T01:43:43.8285373Z 开始推送到:自定义
2023-05-12T01:43:47.1821010Z Response status: OK.
2023-05-12T01:43:47.1821570Z Response content: {"message":"","success":true,"uuid":"e1ed3ccf643f42698da07b228edbdde8"}.

[09:43:47 INF] 运行环境：Development
[09:43:47 INF] 应用目录：/home/runner/work/BiliBiliToolPro/BiliBiliToolPro/src/Ray.BiliBiliTool.Console/bin/Debug/net6.0/

[09:43:47 INF] 运行结束
