----------- ip 信息 ---------
{
  "ip": "104.45.202.237",
  "city": "Ashburn",
  "region": "Virginia",
  "country": "US",
  "loc": "39.0437,-77.4875",
  "org": "AS8075 Microsoft Corporation",
  "postal": "20147",
  "timezone": "America/New_York",
  "readme": "https://ipinfo.io/missingauth"
} ---------- end ------------
  ____               ____    _   _____           _  
 |  _ \ __ _ _   _  | __ ) _| |_|_   _|__   ___ | | 
 | |_) / _` | | | | |  _ \(_) (_) | |/ _ \ / _ \| | 
 |  _ < (_| | |_| | | |_) | | | | | | (_) | (_) | | 
 |_| \_\__,_|\__, | |____/|_|_|_| |_|\___/ \___/|_| 
             |___/                                  

[09:29:02 INF] BiliBiliToolPro 开始运行...

[09:29:02 INF] 【账号个数】3个

[09:29:02 INF] 随机休眠1分钟

[09:30:02 INF] 【目标任务】Daily
[09:30:02 INF] ######### 账号 1 #########

[09:30:03 INF] =====开始 每日任务 =====

[09:30:03 INF] ---开始 Set Cookie ---
[09:30:03 INF] Cookie完整，不需要Set Cookie
[09:30:03 INF] -------------结束-------------

[09:30:03 INF] ---开始 登录 ---
[09:30:11 INF] 【用户名】sunxxxxxgzi
[09:30:11 INF] 【会员类型】月度大会员
[09:30:11 INF] 【会员状态】无/过期
[09:30:11 INF] 【硬币余额】514.2
[09:30:11 INF] 【距升级Lv6】247天（如每日做满65点经验）
[09:30:11 INF] 登录成功，经验+5 √
[09:30:11 INF] -----结束-----

[09:30:14 INF] ---开始 观看、分享视频 ---
[09:30:34 INF] 【随机视频】【开箱】我竟给房东装了"全屋智能灯光"？
[09:30:34 INF] 今天已经观看过了，不需要再看啦
[09:30:48 INF] 视频分享成功，经验+5 √
[09:30:48 INF] ----------结束----------

[09:30:48 INF] ---开始 投币 ---
[09:30:48 INF] 已配置为跳过投币任务
[09:30:48 INF] -----结束-----

[09:30:48 INF] ---开始 直播签到 ---
[09:30:53 INF] 【签到结果】成功
[09:30:53 INF] 【本次获取】3000点用户经验,2根辣条,
[09:30:53 INF] -------结束-------

[09:30:53 INF] ---开始 漫画签到 ---
[09:30:58 INF] 【签到结果】成功
[09:30:58 INF] -------结束-------

[09:30:58 INF] ---开始 漫画阅读 ---
[09:31:06 INF] 【漫画阅读】成功, 阅读漫画为：堀与宫村
[09:31:06 INF] -------结束-------

[09:31:06 INF] ---开始 银瓜子兑换硬币 ---
[09:31:06 INF] 【目标兑换日期】27号
[09:31:06 INF] 【今天】27号
[09:31:10 INF] 【银瓜子余额】 52
[09:31:10 INF] 【硬币余额】 514
[09:31:10 INF] 【今日剩余兑换次数】 1
[09:31:10 INF] 开始尝试兑换...
[09:31:16 INF] 【兑换结果】失败
[09:31:16 INF] 【原因】银瓜子余额不足
[09:31:16 INF] ----------结束----------

[09:31:16 INF] ---开始 领取大会员福利 ---
[09:31:16 INF] 普通会员和月度大会员每月不赠送B币券，不需要领取权益喽
[09:31:16 INF] ----------结束----------

[09:31:16 INF] ---开始 领取大会员漫画权益 ---
[09:31:16 INF] 不是会员，跳过
[09:31:16 INF] ------------结束------------

[09:31:16 INF] ---开始 B币券充电 ---
[09:31:16 INF] 不是年度大会员，跳过
[09:31:16 INF] --------结束--------

[09:31:16 INF] =========结束=========

[09:31:16 INF] ######### 账号 2 #########

[09:31:16 INF] =====开始 每日任务 =====

[09:31:16 INF] ---开始 Set Cookie ---
[09:31:16 INF] Cookie完整，不需要Set Cookie
[09:31:16 INF] -------------结束-------------

[09:31:16 INF] ---开始 登录 ---
[09:31:21 INF] 【用户名】bilixxxxxxxx1879
[09:31:21 INF] 【会员类型】月度大会员
[09:31:21 INF] 【会员状态】无/过期
[09:31:21 INF] 【硬币余额】397
[09:31:21 INF] 【距升级Lv5】76天（如每日做满65点经验）
[09:31:21 INF] 登录成功，经验+5 √
[09:31:21 INF] -----结束-----

[09:31:25 INF] ---开始 观看、分享视频 ---
[09:31:50 INF] 【随机视频】一群大学生丢掉城市生活 死心踏地在大山里奋斗为了什么
[09:32:06 INF] 视频播放成功，已观看到第13秒，经验+5 √
[09:32:11 INF] 视频分享成功，经验+5 √
[09:32:11 INF] ----------结束----------

[09:32:11 INF] ---开始 投币 ---
[09:32:11 INF] 已配置为跳过投币任务
[09:32:11 INF] -----结束-----

[09:32:11 INF] ---开始 直播签到 ---
[09:32:16 INF] 【签到结果】成功
[09:32:16 INF] 【本次获取】3000点用户经验,2根辣条,
[09:32:16 INF] -------结束-------

[09:32:16 INF] ---开始 漫画签到 ---
[09:32:19 INF] 【签到结果】成功
[09:32:19 INF] -------结束-------

[09:32:19 INF] ---开始 漫画阅读 ---
[09:32:27 INF] 【漫画阅读】成功, 阅读漫画为：堀与宫村
[09:32:27 INF] -------结束-------

[09:32:27 INF] ---开始 银瓜子兑换硬币 ---
[09:32:27 INF] 【目标兑换日期】27号
[09:32:27 INF] 【今天】27号
[09:32:33 INF] 【银瓜子余额】 524
[09:32:33 INF] 【硬币余额】 397
[09:32:33 INF] 【今日剩余兑换次数】 1
[09:32:33 INF] 开始尝试兑换...
[09:32:39 INF] 【兑换结果】失败
[09:32:39 INF] 【原因】银瓜子余额不足
[09:32:39 INF] ----------结束----------

[09:32:39 INF] ---开始 领取大会员福利 ---
[09:32:39 INF] 普通会员和月度大会员每月不赠送B币券，不需要领取权益喽
[09:32:39 INF] ----------结束----------

[09:32:39 INF] ---开始 领取大会员漫画权益 ---
[09:32:39 INF] 不是会员，跳过
[09:32:39 INF] ------------结束------------

[09:32:39 INF] ---开始 B币券充电 ---
[09:32:39 INF] 不是年度大会员，跳过
[09:32:39 INF] --------结束--------

[09:32:39 INF] =========结束=========

[09:32:39 INF] ######### 账号 3 #########

[09:32:39 INF] =====开始 每日任务 =====

[09:32:39 INF] ---开始 Set Cookie ---
[09:32:39 INF] Cookie完整，不需要Set Cookie
[09:32:39 INF] -------------结束-------------

[09:32:39 INF] ---开始 登录 ---
[09:32:47 WRN] 登录异常，请检查Cookie是否错误或过期
[09:32:47 ERR] 程序发生异常：登录失败，请检查Cookie
[09:32:47 INF] -----结束-----

[09:32:47 ERR] 程序发生异常：登录失败，请检查Cookie
[09:32:47 INF] =========结束=========

[09:32:47 WRN] 异常：System.Exception: 登录失败，请检查Cookie
   at Ray.BiliBiliTool.Application.DailyTaskAppService.Login() in /home/runner/work/BiliBiliToolPro/BiliBiliToolPro/src/Ray.BiliBiliTool.Application/DailyTaskAppService.cs:line 127
   at Ray.BiliBiliTool.Application.DailyTaskAppService.DoTaskAsync(CancellationToken cancellationToken) in /home/runner/work/BiliBiliToolPro/BiliBiliToolPro/src/Ray.BiliBiliTool.Application/DailyTaskAppService.cs:line 78
   at Ray.BiliBiliTool.Console.BiliBiliToolHostedService.DoTasksAsync(String[] tasks, CancellationToken cancellationToken) in /home/runner/work/BiliBiliToolPro/BiliBiliToolPro/src/Ray.BiliBiliTool.Console/BiliBiliToolHostedService.cs:line 188
   at Ray.BiliBiliTool.Console.BiliBiliToolHostedService.StartAsync(CancellationToken cancellationToken) in /home/runner/work/BiliBiliToolPro/BiliBiliToolPro/src/Ray.BiliBiliTool.Console/BiliBiliToolHostedService.cs:line 76
[09:32:47 INF] 

========================

 v2.0.1 开源 by https://github.com/RayWangQvQ/BiliBiliToolPro

[09:32:47 INF] ·开始推送·Daily任务·
2023-08-27T01:32:47.0595125Z 开始推送到:PushPlus
2023-08-27T01:32:47.9313196Z Response status: OK.
2023-08-27T01:32:47.9313670Z Response content: {"code":200,"msg":"请求成功","data":"64b85c3a6aa44605b0b281ae91aa9a21","count":null}.

[09:32:47 INF] 运行环境：Development
[09:32:47 INF] 应用目录：/home/runner/work/BiliBiliToolPro/BiliBiliToolPro/src/Ray.BiliBiliTool.Console/bin/Debug/net6.0/

[09:32:47 INF] 运行结束
