----------- ip 信息 ---------
{
  "ip": "13.66.79.12",
  "city": "San Antonio",
  "region": "Texas",
  "country": "US",
  "loc": "29.4241,-98.4936",
  "org": "AS8075 Microsoft Corporation",
  "postal": "78205",
  "timezone": "America/Chicago",
  "readme": "https://ipinfo.io/missingauth"
} ---------- end ------------
  ____               ____    _   _____           _  
 |  _ \ __ _ _   _  | __ ) _| |_|_   _|__   ___ | | 
 | |_) / _` | | | | |  _ \(_) (_) | |/ _ \ / _ \| | 
 |  _ < (_| | |_| | | |_) | | | | | | (_) | (_) | | 
 |_| \_\__,_|\__, | |____/|_|_|_| |_|\___/ \___/|_| 
             |___/                                  

[09:32:27 INF] BiliBiliToolPro 开始运行...

[09:32:27 INF] 【账号个数】3个

[09:32:27 INF] 随机休眠1分钟

[09:33:27 INF] 【目标任务】Daily
[09:33:27 INF] ######### 账号 1 #########

[09:33:28 INF] =====开始 每日任务 =====

[09:33:28 INF] ---开始 Set Cookie ---
[09:33:28 INF] Cookie完整，不需要Set Cookie
[09:33:28 INF] -------------结束-------------

[09:33:28 INF] ---开始 登录 ---
[09:33:36 INF] 【用户名】sunxxxxxgzi
[09:33:36 INF] 【会员类型】月度大会员
[09:33:36 INF] 【会员状态】无/过期
[09:33:36 INF] 【硬币余额】604.2
[09:33:36 INF] 【距升级Lv6】233天（如每日做满65点经验）
[09:33:36 INF] 登录成功，经验+5 √
[09:33:36 INF] -----结束-----

[09:33:43 INF] ---开始 观看、分享视频 ---
[09:34:03 INF] 【随机视频】〔1.9+PVP〕随便打打
[09:34:03 INF] 今天已经观看过了，不需要再看啦
[09:34:16 INF] 视频分享成功，经验+5 √
[09:34:16 INF] ----------结束----------

[09:34:16 INF] ---开始 投币 ---
[09:34:16 INF] 已配置为跳过投币任务
[09:34:16 INF] -----结束-----

[09:34:16 INF] ---开始 直播签到 ---
[09:34:20 INF] 【签到结果】成功
[09:34:20 INF] 【本次获取】3000点用户经验,2根辣条,再签到6天可以获得50根辣条
[09:34:20 INF] -------结束-------

[09:34:20 INF] ---开始 漫画签到 ---
[09:34:28 INF] 【签到结果】成功
[09:34:28 INF] -------结束-------

[09:34:28 INF] ---开始 漫画阅读 ---
[09:34:34 INF] 【漫画阅读】成功, 阅读漫画为：堀与宫村
[09:34:34 INF] -------结束-------

[09:34:34 INF] ---开始 银瓜子兑换硬币 ---
[09:34:34 INF] 【目标兑换日期】15号
[09:34:34 INF] 【今天】15号
[09:34:40 INF] 【银瓜子余额】 684
[09:34:40 INF] 【硬币余额】 604
[09:34:40 INF] 【今日剩余兑换次数】 1
[09:34:40 INF] 开始尝试兑换...
[09:34:46 INF] 【兑换结果】失败
[09:34:46 INF] 【原因】银瓜子余额不足
[09:34:46 INF] ----------结束----------

[09:34:46 INF] ---开始 领取大会员福利 ---
[09:34:46 INF] 普通会员和月度大会员每月不赠送B币券，不需要领取权益喽
[09:34:46 INF] ----------结束----------

[09:34:46 INF] ---开始 领取大会员漫画权益 ---
[09:34:46 INF] 不是会员，跳过
[09:34:46 INF] ------------结束------------

[09:34:46 INF] ---开始 B币券充电 ---
[09:34:46 INF] 不是年度大会员，跳过
[09:34:46 INF] --------结束--------

[09:34:46 INF] =========结束=========

[09:34:46 INF] ######### 账号 2 #########

[09:34:46 INF] =====开始 每日任务 =====

[09:34:46 INF] ---开始 Set Cookie ---
[09:34:46 INF] Cookie完整，不需要Set Cookie
[09:34:46 INF] -------------结束-------------

[09:34:46 INF] ---开始 登录 ---
[09:34:51 INF] 【用户名】bilixxxxxxxx1879
[09:34:51 INF] 【会员类型】月度大会员
[09:34:51 INF] 【会员状态】无/过期
[09:34:51 INF] 【硬币余额】444
[09:34:51 INF] 【距升级Lv5】66天（如每日做满65点经验）
[09:34:51 INF] 登录成功，经验+5 √
[09:34:51 INF] -----结束-----

[09:34:55 INF] ---开始 观看、分享视频 ---
[09:35:18 INF] 【随机视频】【智能家居】连"苹果"都在用的"小米生态链"到底怎么回事？
[09:35:32 INF] 视频播放成功，已观看到第11秒，经验+5 √
[09:35:35 INF] 视频分享成功，经验+5 √
[09:35:35 INF] ----------结束----------

[09:35:35 INF] ---开始 投币 ---
[09:35:35 INF] 已配置为跳过投币任务
[09:35:35 INF] -----结束-----

[09:35:35 INF] ---开始 直播签到 ---
[09:35:42 INF] 【签到结果】成功
[09:35:42 INF] 【本次获取】3000点用户经验,2根辣条,再签到6天可以获得50根辣条
[09:35:42 INF] -------结束-------

[09:35:42 INF] ---开始 漫画签到 ---
[09:35:46 INF] 【签到结果】成功
[09:35:46 INF] -------结束-------

[09:35:46 INF] ---开始 漫画阅读 ---
[09:35:49 INF] 【漫画阅读】成功, 阅读漫画为：堀与宫村
[09:35:49 INF] -------结束-------

[09:35:49 INF] ---开始 银瓜子兑换硬币 ---
[09:35:49 INF] 【目标兑换日期】15号
[09:35:49 INF] 【今天】15号
[09:35:54 INF] 【银瓜子余额】 456
[09:35:54 INF] 【硬币余额】 444
[09:35:54 INF] 【今日剩余兑换次数】 1
[09:35:54 INF] 开始尝试兑换...
[09:36:01 INF] 【兑换结果】失败
[09:36:01 INF] 【原因】银瓜子余额不足
[09:36:01 INF] ----------结束----------

[09:36:01 INF] ---开始 领取大会员福利 ---
[09:36:01 INF] 普通会员和月度大会员每月不赠送B币券，不需要领取权益喽
[09:36:01 INF] ----------结束----------

[09:36:01 INF] ---开始 领取大会员漫画权益 ---
[09:36:01 INF] 不是会员，跳过
[09:36:01 INF] ------------结束------------

[09:36:01 INF] ---开始 B币券充电 ---
[09:36:01 INF] 不是年度大会员，跳过
[09:36:01 INF] --------结束--------

[09:36:01 INF] =========结束=========

[09:36:01 INF] ######### 账号 3 #########

[09:36:01 INF] =====开始 每日任务 =====

[09:36:01 INF] ---开始 Set Cookie ---
[09:36:01 INF] Cookie完整，不需要Set Cookie
[09:36:01 INF] -------------结束-------------

[09:36:01 INF] ---开始 登录 ---
[09:36:09 WRN] 登录异常，请检查Cookie是否错误或过期
[09:36:09 ERR] 程序发生异常：登录失败，请检查Cookie
[09:36:09 INF] -----结束-----

[09:36:09 ERR] 程序发生异常：登录失败，请检查Cookie
[09:36:09 INF] =========结束=========

[09:36:09 WRN] 异常：System.Exception: 登录失败，请检查Cookie
   at Ray.BiliBiliTool.Application.DailyTaskAppService.Login() in /home/runner/work/BiliBiliToolPro/BiliBiliToolPro/src/Ray.BiliBiliTool.Application/DailyTaskAppService.cs:line 127
   at Ray.BiliBiliTool.Application.DailyTaskAppService.DoTaskAsync(CancellationToken cancellationToken) in /home/runner/work/BiliBiliToolPro/BiliBiliToolPro/src/Ray.BiliBiliTool.Application/DailyTaskAppService.cs:line 78
   at Ray.BiliBiliTool.Console.BiliBiliToolHostedService.DoTasksAsync(String[] tasks, CancellationToken cancellationToken) in /home/runner/work/BiliBiliToolPro/BiliBiliToolPro/src/Ray.BiliBiliTool.Console/BiliBiliToolHostedService.cs:line 188
   at Ray.BiliBiliTool.Console.BiliBiliToolHostedService.StartAsync(CancellationToken cancellationToken) in /home/runner/work/BiliBiliToolPro/BiliBiliToolPro/src/Ray.BiliBiliTool.Console/BiliBiliToolHostedService.cs:line 76
[09:36:09 INF] 

========================

 v2.0.1 开源 by https://github.com/RayWangQvQ/BiliBiliToolPro

[09:36:09 INF] ·开始推送·Daily任务·
2023-10-15T01:36:09.0584385Z 开始推送到:PushPlus
2023-10-15T01:36:09.7507057Z Response status: OK.
2023-10-15T01:36:09.7507610Z Response content: {"code":200,"msg":"请求成功","data":"06319e577f394e629a69398efb2fc22f","count":null}.

[09:36:09 INF] 运行环境：Development
[09:36:09 INF] 应用目录：/home/runner/work/BiliBiliToolPro/BiliBiliToolPro/src/Ray.BiliBiliTool.Console/bin/Debug/net6.0/

[09:36:09 INF] 运行结束
