----------- ip 信息 ---------
{
  "ip": "20.55.214.162",
  "city": "Boydton",
  "region": "Virginia",
  "country": "US",
  "loc": "36.6676,-78.3875",
  "org": "AS8075 Microsoft Corporation",
  "postal": "23917",
  "timezone": "America/New_York",
  "readme": "https://ipinfo.io/missingauth"
} ---------- end ------------
  ____               ____    _   _____           _  
 |  _ \ __ _ _   _  | __ ) _| |_|_   _|__   ___ | | 
 | |_) / _` | | | | |  _ \(_) (_) | |/ _ \ / _ \| | 
 |  _ < (_| | |_| | | |_) | | | | | | (_) | (_) | | 
 |_| \_\__,_|\__, | |____/|_|_|_| |_|\___/ \___/|_| 
             |___/                                  

[09:27:32 INF] BiliBiliToolPro 开始运行...

[09:27:32 INF] 【账号个数】3个

[09:27:32 INF] 随机休眠5分钟

[09:32:32 INF] 【目标任务】Daily
[09:32:32 INF] ######### 账号 1 #########

[09:32:32 INF] =====开始 每日任务 =====

[09:32:32 INF] ---开始 Set Cookie ---
[09:32:32 INF] Cookie完整，不需要Set Cookie
[09:32:32 INF] -------------结束-------------

[09:32:32 INF] ---开始 登录 ---
[09:32:36 WRN] 登录异常，请检查Cookie是否错误或过期
[09:32:36 ERR] 程序发生异常：登录失败，请检查Cookie
[09:32:36 INF] -----结束-----

[09:32:36 ERR] 程序发生异常：登录失败，请检查Cookie
[09:32:36 INF] =========结束=========

[09:32:36 WRN] 异常：System.Exception: 登录失败，请检查Cookie
   at Ray.BiliBiliTool.Application.DailyTaskAppService.Login() in /home/runner/work/BiliBiliToolPro/BiliBiliToolPro/src/Ray.BiliBiliTool.Application/DailyTaskAppService.cs:line 134
   at Ray.BiliBiliTool.Application.DailyTaskAppService.DoTaskAsync(CancellationToken cancellationToken) in /home/runner/work/BiliBiliToolPro/BiliBiliToolPro/src/Ray.BiliBiliTool.Application/DailyTaskAppService.cs:line 81
   at Ray.BiliBiliTool.Console.BiliBiliToolHostedService.DoTasksAsync(String[] tasks, CancellationToken cancellationToken) in /home/runner/work/BiliBiliToolPro/BiliBiliToolPro/src/Ray.BiliBiliTool.Console/BiliBiliToolHostedService.cs:line 194
   at Ray.BiliBiliTool.Console.BiliBiliToolHostedService.StartAsync(CancellationToken cancellationToken) in /home/runner/work/BiliBiliToolPro/BiliBiliToolPro/src/Ray.BiliBiliTool.Console/BiliBiliToolHostedService.cs:line 76
[09:32:36 INF] ######### 账号 2 #########

[09:32:36 INF] =====开始 每日任务 =====

[09:32:36 INF] ---开始 Set Cookie ---
[09:32:36 INF] Cookie完整，不需要Set Cookie
[09:32:36 INF] -------------结束-------------

[09:32:36 INF] ---开始 登录 ---
[09:32:40 WRN] 登录异常，请检查Cookie是否错误或过期
[09:32:40 ERR] 程序发生异常：登录失败，请检查Cookie
[09:32:40 INF] -----结束-----

[09:32:40 ERR] 程序发生异常：登录失败，请检查Cookie
[09:32:40 INF] =========结束=========

[09:32:40 WRN] 异常：System.Exception: 登录失败，请检查Cookie
   at Ray.BiliBiliTool.Application.DailyTaskAppService.Login() in /home/runner/work/BiliBiliToolPro/BiliBiliToolPro/src/Ray.BiliBiliTool.Application/DailyTaskAppService.cs:line 134
   at Ray.BiliBiliTool.Application.DailyTaskAppService.DoTaskAsync(CancellationToken cancellationToken) in /home/runner/work/BiliBiliToolPro/BiliBiliToolPro/src/Ray.BiliBiliTool.Application/DailyTaskAppService.cs:line 81
   at Ray.BiliBiliTool.Console.BiliBiliToolHostedService.DoTasksAsync(String[] tasks, CancellationToken cancellationToken) in /home/runner/work/BiliBiliToolPro/BiliBiliToolPro/src/Ray.BiliBiliTool.Console/BiliBiliToolHostedService.cs:line 194
   at Ray.BiliBiliTool.Console.BiliBiliToolHostedService.StartAsync(CancellationToken cancellationToken) in /home/runner/work/BiliBiliToolPro/BiliBiliToolPro/src/Ray.BiliBiliTool.Console/BiliBiliToolHostedService.cs:line 76
[09:32:40 INF] ######### 账号 3 #########

[09:32:40 INF] =====开始 每日任务 =====

[09:32:40 INF] ---开始 Set Cookie ---
[09:32:40 INF] Cookie完整，不需要Set Cookie
[09:32:40 INF] -------------结束-------------

[09:32:40 INF] ---开始 登录 ---
[09:32:46 WRN] 登录异常，请检查Cookie是否错误或过期
[09:32:46 ERR] 程序发生异常：登录失败，请检查Cookie
[09:32:46 INF] -----结束-----

[09:32:46 ERR] 程序发生异常：登录失败，请检查Cookie
[09:32:46 INF] =========结束=========

[09:32:46 WRN] 异常：System.Exception: 登录失败，请检查Cookie
   at Ray.BiliBiliTool.Application.DailyTaskAppService.Login() in /home/runner/work/BiliBiliToolPro/BiliBiliToolPro/src/Ray.BiliBiliTool.Application/DailyTaskAppService.cs:line 134
   at Ray.BiliBiliTool.Application.DailyTaskAppService.DoTaskAsync(CancellationToken cancellationToken) in /home/runner/work/BiliBiliToolPro/BiliBiliToolPro/src/Ray.BiliBiliTool.Application/DailyTaskAppService.cs:line 81
   at Ray.BiliBiliTool.Console.BiliBiliToolHostedService.DoTasksAsync(String[] tasks, CancellationToken cancellationToken) in /home/runner/work/BiliBiliToolPro/BiliBiliToolPro/src/Ray.BiliBiliTool.Console/BiliBiliToolHostedService.cs:line 194
   at Ray.BiliBiliTool.Console.BiliBiliToolHostedService.StartAsync(CancellationToken cancellationToken) in /home/runner/work/BiliBiliToolPro/BiliBiliToolPro/src/Ray.BiliBiliTool.Console/BiliBiliToolHostedService.cs:line 76
[09:32:46 INF] 

========================

 v2.0.2 开源 by https://github.com/RayWangQvQ/BiliBiliToolPro

[09:32:46 INF] ·开始推送·Daily任务·
2024-01-29T01:32:46.4242741Z 开始推送到:PushPlus
2024-01-29T01:32:47.7480100Z Response status: OK.
2024-01-29T01:32:47.7480880Z Response content: {"code":200,"msg":"请求成功","data":"032b93e4c0f6497b9dc256f496ab98a0","count":null}.

[09:32:47 INF] 运行环境：Development
[09:32:47 INF] 应用目录：/home/runner/work/BiliBiliToolPro/BiliBiliToolPro/src/Ray.BiliBiliTool.Console/bin/Debug/net6.0/

[09:32:47 INF] 运行结束
  ____               ____    _   _____           _  
 |  _ \ __ _ _   _  | __ ) _| |_|_   _|__   ___ | | 
 | |_) / _` | | | | |  _ \(_) (_) | |/ _ \ / _ \| | 
 |  _ < (_| | |_| | | |_) | | | | | | (_) | (_) | | 
 |_| \_\__,_|\__, | |____/|_|_|_| |_|\___/ \___/|_| 
             |___/                                  

[09:32:50 INF] BiliBiliToolPro 开始运行...

[09:32:50 INF] 【账号个数】3个

[09:32:50 INF] 随机休眠1分钟

[09:33:50 INF] 【目标任务】VipBigPoint
[09:33:50 INF] ######### 账号 1 #########

[09:33:50 INF] =====开始 大会员大积分 =====

[09:33:50 INF] 大会员经验领取任务开始
[09:33:58 INF] ---开始 测试Cookie ---
[09:34:02 WRN] 登录异常，请检查Cookie是否错误或过期
[09:34:02 ERR] 程序发生异常：登录失败，请检查Cookie
[09:34:02 INF] -----------结束-----------

[09:34:02 ERR] 程序发生异常：登录失败，请检查Cookie
[09:34:02 INF] ===========结束===========

[09:34:02 WRN] 异常：System.Exception: 登录失败，请检查Cookie
   at Ray.BiliBiliTool.Application.VipBigPointAppService.GetUserInfo() in /home/runner/work/BiliBiliToolPro/BiliBiliToolPro/src/Ray.BiliBiliTool.Application/VipBigPointAppService.cs:line 150
   at Ray.BiliBiliTool.Application.VipBigPointAppService.DoTaskAsync(CancellationToken cancellationToken) in /home/runner/work/BiliBiliToolPro/BiliBiliToolPro/src/Ray.BiliBiliTool.Application/VipBigPointAppService.cs:line 98
   at Ray.BiliBiliTool.Console.BiliBiliToolHostedService.DoTasksAsync(String[] tasks, CancellationToken cancellationToken) in /home/runner/work/BiliBiliToolPro/BiliBiliToolPro/src/Ray.BiliBiliTool.Console/BiliBiliToolHostedService.cs:line 194
   at Ray.BiliBiliTool.Console.BiliBiliToolHostedService.StartAsync(CancellationToken cancellationToken) in /home/runner/work/BiliBiliToolPro/BiliBiliToolPro/src/Ray.BiliBiliTool.Console/BiliBiliToolHostedService.cs:line 76
[09:34:02 INF] ######### 账号 2 #########

[09:34:02 INF] =====开始 大会员大积分 =====

[09:34:02 INF] 大会员经验领取任务开始
[09:34:05 INF] ---开始 测试Cookie ---
[09:34:09 WRN] 登录异常，请检查Cookie是否错误或过期
[09:34:09 ERR] 程序发生异常：登录失败，请检查Cookie
[09:34:09 INF] -----------结束-----------

[09:34:09 ERR] 程序发生异常：登录失败，请检查Cookie
[09:34:09 INF] ===========结束===========

[09:34:09 WRN] 异常：System.Exception: 登录失败，请检查Cookie
   at Ray.BiliBiliTool.Application.VipBigPointAppService.GetUserInfo() in /home/runner/work/BiliBiliToolPro/BiliBiliToolPro/src/Ray.BiliBiliTool.Application/VipBigPointAppService.cs:line 150
   at Ray.BiliBiliTool.Application.VipBigPointAppService.DoTaskAsync(CancellationToken cancellationToken) in /home/runner/work/BiliBiliToolPro/BiliBiliToolPro/src/Ray.BiliBiliTool.Application/VipBigPointAppService.cs:line 98
   at Ray.BiliBiliTool.Console.BiliBiliToolHostedService.DoTasksAsync(String[] tasks, CancellationToken cancellationToken) in /home/runner/work/BiliBiliToolPro/BiliBiliToolPro/src/Ray.BiliBiliTool.Console/BiliBiliToolHostedService.cs:line 194
   at Ray.BiliBiliTool.Console.BiliBiliToolHostedService.StartAsync(CancellationToken cancellationToken) in /home/runner/work/BiliBiliToolPro/BiliBiliToolPro/src/Ray.BiliBiliTool.Console/BiliBiliToolHostedService.cs:line 76
[09:34:09 INF] ######### 账号 3 #########

[09:34:09 INF] =====开始 大会员大积分 =====

[09:34:09 INF] 大会员经验领取任务开始
[09:34:15 INF] ---开始 测试Cookie ---
[09:34:20 WRN] 登录异常，请检查Cookie是否错误或过期
[09:34:20 ERR] 程序发生异常：登录失败，请检查Cookie
[09:34:20 INF] -----------结束-----------

[09:34:20 ERR] 程序发生异常：登录失败，请检查Cookie
[09:34:20 INF] ===========结束===========

[09:34:20 WRN] 异常：System.Exception: 登录失败，请检查Cookie
   at Ray.BiliBiliTool.Application.VipBigPointAppService.GetUserInfo() in /home/runner/work/BiliBiliToolPro/BiliBiliToolPro/src/Ray.BiliBiliTool.Application/VipBigPointAppService.cs:line 150
   at Ray.BiliBiliTool.Application.VipBigPointAppService.DoTaskAsync(CancellationToken cancellationToken) in /home/runner/work/BiliBiliToolPro/BiliBiliToolPro/src/Ray.BiliBiliTool.Application/VipBigPointAppService.cs:line 98
   at Ray.BiliBiliTool.Console.BiliBiliToolHostedService.DoTasksAsync(String[] tasks, CancellationToken cancellationToken) in /home/runner/work/BiliBiliToolPro/BiliBiliToolPro/src/Ray.BiliBiliTool.Console/BiliBiliToolHostedService.cs:line 194
   at Ray.BiliBiliTool.Console.BiliBiliToolHostedService.StartAsync(CancellationToken cancellationToken) in /home/runner/work/BiliBiliToolPro/BiliBiliToolPro/src/Ray.BiliBiliTool.Console/BiliBiliToolHostedService.cs:line 76
[09:34:20 INF] 

========================

 v2.0.2 开源 by https://github.com/RayWangQvQ/BiliBiliToolPro

[09:34:20 INF] ·开始推送·VipBigPoint任务·
2024-01-29T01:34:20.7868507Z 开始推送到:PushPlus
2024-01-29T01:34:21.6077235Z Response status: OK.
2024-01-29T01:34:21.6077915Z Response content: {"code":200,"msg":"请求成功","data":"071bc15df2624a94b0887716572786e7","count":null}.

[09:34:21 INF] 运行环境：Development
[09:34:21 INF] 应用目录：/home/runner/work/BiliBiliToolPro/BiliBiliToolPro/src/Ray.BiliBiliTool.Console/bin/Debug/net6.0/

[09:34:21 INF] 运行结束
