----------- ip 信息 ---------
{
  "ip": "172.176.217.66",
  "city": "Boydton",
  "region": "Virginia",
  "country": "US",
  "loc": "36.6676,-78.3875",
  "org": "AS8075 Microsoft Corporation",
  "postal": "23917",
  "timezone": "America/New_York",
  "readme": "https://ipinfo.io/missingauth"
} ---------- end ------------
  ____               ____    _   _____           _  
 |  _ \ __ _ _   _  | __ ) _| |_|_   _|__   ___ | | 
 | |_) / _` | | | | |  _ \(_) (_) | |/ _ \ / _ \| | 
 |  _ < (_| | |_| | | |_) | | | | | | (_) | (_) | | 
 |_| \_\__,_|\__, | |____/|_|_|_| |_|\___/ \___/|_| 
             |___/                                  

[09:18:45 INF] BiliBiliToolPro 开始运行...

[09:18:45 INF] 【账号个数】3个

[09:18:45 INF] 随机休眠3分钟

[09:21:45 INF] 【目标任务】Daily
[09:21:45 INF] ######### 账号 1 #########

[09:21:45 INF] =====开始 每日任务 =====

[09:21:45 INF] ---开始 Set Cookie ---
[09:21:45 INF] Cookie完整，不需要Set Cookie
[09:21:45 INF] -------------结束-------------

[09:21:45 INF] ---开始 登录 ---
[09:21:49 INF] 【用户名】sunxxxxxgzi
[09:21:49 INF] 【会员类型】月度大会员
[09:21:49 INF] 【会员状态】无/过期
[09:21:49 INF] 【硬币余额】512.2
[09:21:49 INF] 【距升级Lv6】252天（如每日做满65点经验）
[09:21:49 INF] 登录成功，经验+5 √
[09:21:49 INF] -----结束-----

[09:21:55 INF] ---开始 观看、分享视频 ---
[09:22:18 INF] 【随机视频】【亮记生物鉴定】网络热传生物鉴定15
[09:22:18 INF] 今天已经观看过了，不需要再看啦
[09:22:24 INF] 视频分享成功，经验+5 √
[09:22:24 INF] ----------结束----------

[09:22:24 INF] ---开始 投币 ---
[09:22:24 INF] 已配置为跳过投币任务
[09:22:24 INF] -----结束-----

[09:22:24 INF] ---开始 直播签到 ---
[09:22:30 INF] 【签到结果】成功
[09:22:30 INF] 【本次获取】3000点用户经验,2根辣条,再签到9天可以获得50根辣条
[09:22:30 INF] -------结束-------

[09:22:30 INF] ---开始 漫画签到 ---
[09:22:35 INF] 【签到结果】成功
[09:22:35 INF] -------结束-------

[09:22:35 INF] ---开始 漫画阅读 ---
[09:22:38 INF] 【漫画阅读】成功, 阅读漫画为：堀与宫村
[09:22:38 INF] -------结束-------

[09:22:38 INF] ---开始 银瓜子兑换硬币 ---
[09:22:38 INF] 【目标兑换日期】11号
[09:22:38 INF] 【今天】11号
[09:22:41 INF] 【银瓜子余额】 52
[09:22:41 INF] 【硬币余额】 512
[09:22:41 INF] 【今日剩余兑换次数】 1
[09:22:41 INF] 开始尝试兑换...
[09:22:49 INF] 【兑换结果】失败
[09:22:49 INF] 【原因】银瓜子余额不足
[09:22:49 INF] ----------结束----------

[09:22:49 INF] ---开始 领取大会员福利 ---
[09:22:49 INF] 普通会员和月度大会员每月不赠送B币券，不需要领取权益喽
[09:22:49 INF] ----------结束----------

[09:22:49 INF] ---开始 领取大会员漫画权益 ---
[09:22:49 INF] 不是会员，跳过
[09:22:49 INF] ------------结束------------

[09:22:49 INF] ---开始 B币券充电 ---
[09:22:49 INF] 不是年度大会员，跳过
[09:22:49 INF] --------结束--------

[09:22:49 INF] =========结束=========

[09:22:49 INF] ######### 账号 2 #########

[09:22:49 INF] =====开始 每日任务 =====

[09:22:49 INF] ---开始 Set Cookie ---
[09:22:49 INF] Cookie完整，不需要Set Cookie
[09:22:49 INF] -------------结束-------------

[09:22:49 INF] ---开始 登录 ---
[09:22:53 INF] 【用户名】bilixxxxxxxx1879
[09:22:53 INF] 【会员类型】月度大会员
[09:22:53 INF] 【会员状态】无/过期
[09:22:53 INF] 【硬币余额】381
[09:22:53 INF] 【距升级Lv5】80天（如每日做满65点经验）
[09:22:53 INF] 登录成功，经验+5 √
[09:22:53 INF] -----结束-----

[09:23:01 INF] ---开始 观看、分享视频 ---
[09:23:27 INF] 【随机视频】人类“高质量”Beatbox
[09:23:37 INF] 视频播放成功，已观看到第2秒，经验+5 √
[09:23:44 INF] 视频分享成功，经验+5 √
[09:23:44 INF] ----------结束----------

[09:23:44 INF] ---开始 投币 ---
[09:23:44 INF] 已配置为跳过投币任务
[09:23:44 INF] -----结束-----

[09:23:44 INF] ---开始 直播签到 ---
[09:23:49 INF] 【签到结果】成功
[09:23:49 INF] 【本次获取】3000点用户经验,2根辣条,再签到9天可以获得50根辣条
[09:23:49 INF] -------结束-------

[09:23:49 INF] ---开始 漫画签到 ---
[09:23:56 INF] 【签到结果】成功
[09:23:56 INF] -------结束-------

[09:23:56 INF] ---开始 漫画阅读 ---
[09:24:01 INF] 【漫画阅读】成功, 阅读漫画为：堀与宫村
[09:24:01 INF] -------结束-------

[09:24:01 INF] ---开始 银瓜子兑换硬币 ---
[09:24:01 INF] 【目标兑换日期】11号
[09:24:01 INF] 【今天】11号
[09:24:07 INF] 【银瓜子余额】 524
[09:24:07 INF] 【硬币余额】 381
[09:24:07 INF] 【今日剩余兑换次数】 1
[09:24:07 INF] 开始尝试兑换...
[09:24:11 INF] 【兑换结果】失败
[09:24:11 INF] 【原因】银瓜子余额不足
[09:24:11 INF] ----------结束----------

[09:24:11 INF] ---开始 领取大会员福利 ---
[09:24:11 INF] 普通会员和月度大会员每月不赠送B币券，不需要领取权益喽
[09:24:11 INF] ----------结束----------

[09:24:11 INF] ---开始 领取大会员漫画权益 ---
[09:24:11 INF] 不是会员，跳过
[09:24:11 INF] ------------结束------------

[09:24:11 INF] ---开始 B币券充电 ---
[09:24:11 INF] 不是年度大会员，跳过
[09:24:11 INF] --------结束--------

[09:24:11 INF] =========结束=========

[09:24:11 INF] ######### 账号 3 #########

[09:24:11 INF] =====开始 每日任务 =====

[09:24:11 INF] ---开始 Set Cookie ---
[09:24:11 INF] Cookie完整，不需要Set Cookie
[09:24:11 INF] -------------结束-------------

[09:24:11 INF] ---开始 登录 ---
[09:24:16 INF] 【用户名】晴xxng
[09:24:16 INF] 【会员类型】无
[09:24:16 INF] 【会员状态】无/过期
[09:24:16 INF] 【硬币余额】196
[09:24:16 INF] 【距升级Lv4】18天（如每日做满65点经验）
[09:24:16 INF] 登录成功，经验+5 √
[09:24:16 INF] -----结束-----

[09:24:24 INF] ---开始 观看、分享视频 ---
[09:24:42 INF] 【随机视频】起床战争奴隶模式
[09:24:54 INF] 视频播放成功，已观看到第3秒，经验+5 √
[09:25:00 INF] 视频分享成功，经验+5 √
[09:25:00 INF] ----------结束----------

[09:25:00 INF] ---开始 投币 ---
[09:25:00 INF] 已配置为跳过投币任务
[09:25:00 INF] -----结束-----

[09:25:00 INF] ---开始 直播签到 ---
[09:25:04 INF] 【签到结果】成功
[09:25:04 INF] 【本次获取】3000点用户经验,2根辣条,再签到9天可以获得50根辣条
[09:25:04 INF] -------结束-------

[09:25:04 INF] ---开始 漫画签到 ---
[09:25:10 INF] 【签到结果】成功
[09:25:10 INF] -------结束-------

[09:25:10 INF] ---开始 漫画阅读 ---
[09:25:15 INF] 【漫画阅读】成功, 阅读漫画为：堀与宫村
[09:25:15 INF] -------结束-------

[09:25:15 INF] ---开始 银瓜子兑换硬币 ---
[09:25:15 INF] 【目标兑换日期】11号
[09:25:15 INF] 【今天】11号
[09:25:23 INF] 【银瓜子余额】 462
[09:25:23 INF] 【硬币余额】 196
[09:25:23 INF] 【今日剩余兑换次数】 1
[09:25:23 INF] 开始尝试兑换...
[09:25:27 INF] 【兑换结果】失败
[09:25:27 INF] 【原因】银瓜子余额不足
[09:25:27 INF] ----------结束----------

[09:25:27 INF] ---开始 领取大会员福利 ---
[09:25:27 INF] 普通会员和月度大会员每月不赠送B币券，不需要领取权益喽
[09:25:27 INF] ----------结束----------

[09:25:27 INF] ---开始 领取大会员漫画权益 ---
[09:25:27 INF] 不是会员，跳过
[09:25:27 INF] ------------结束------------

[09:25:27 INF] ---开始 B币券充电 ---
[09:25:27 INF] 不是年度大会员，跳过
[09:25:27 INF] --------结束--------

[09:25:27 INF] =========结束=========

[09:25:27 INF] 

========================

 v2.0.1 开源 by https://github.com/RayWangQvQ/BiliBiliToolPro

[09:25:27 INF] ·开始推送·Daily任务·
2023-08-11T01:25:27.3687837Z 开始推送到:PushPlus
2023-08-11T01:25:28.5051160Z Response status: OK.
2023-08-11T01:25:28.5051558Z Response content: {"code":200,"msg":"请求成功","data":"daae256daa4643fdab025b3dff1e0919","count":null}.

[09:25:28 INF] 运行环境：Development
[09:25:28 INF] 应用目录：/home/runner/work/BiliBiliToolPro/BiliBiliToolPro/src/Ray.BiliBiliTool.Console/bin/Debug/net6.0/

[09:25:28 INF] 运行结束
