----------- ip 信息 ---------
{
  "ip": "52.184.138.47",
  "city": "Boydton",
  "region": "Virginia",
  "country": "US",
  "loc": "36.6676,-78.3875",
  "org": "AS8075 Microsoft Corporation",
  "postal": "23917",
  "timezone": "America/New_York",
  "readme": "https://ipinfo.io/missingauth"
} ---------- end ------------
  ____               ____    _   _____           _  
 |  _ \ __ _ _   _  | __ ) _| |_|_   _|__   ___ | | 
 | |_) / _` | | | | |  _ \(_) (_) | |/ _ \ / _ \| | 
 |  _ < (_| | |_| | | |_) | | | | | | (_) | (_) | | 
 |_| \_\__,_|\__, | |____/|_|_|_| |_|\___/ \___/|_| 
             |___/                                  

[10:09:06 INF] BiliBiliToolPro 开始运行...

[10:09:06 INF] 【账号个数】3个

[10:09:06 INF] 随机休眠1分钟

[10:10:06 INF] 【目标任务】Daily
[10:10:06 INF] ######### 账号 1 #########

[10:10:06 INF] =====开始 每日任务 =====

[10:10:06 INF] ---开始 Set Cookie ---
[10:10:06 INF] Cookie完整，不需要Set Cookie
[10:10:06 INF] -------------结束-------------

[10:10:06 INF] ---开始 登录 ---
[10:10:15 INF] 【用户名】waxxxx12
[10:10:15 INF] 【会员类型】月度大会员
[10:10:15 INF] 【会员状态】无/过期
[10:10:15 INF] 【硬币余额】494.2
[10:10:15 INF] 【距升级Lv6】270天（如每日做满65点经验）
[10:10:15 INF] 登录成功，经验+5 √
[10:10:15 INF] -----结束-----

[10:10:19 INF] ---开始 观看、分享视频 ---
[10:10:43 INF] 【随机视频】展示我这些年来做的部分笔记
[10:10:43 INF] 今天已经观看过了，不需要再看啦
[10:10:54 INF] 视频分享成功，经验+5 √
[10:10:54 INF] ----------结束----------

[10:10:54 INF] ---开始 投币 ---
[10:10:54 INF] 已配置为跳过投币任务
[10:10:54 INF] -----结束-----

[10:10:54 INF] ---开始 直播签到 ---
[10:11:01 INF] 【签到结果】成功
[10:11:01 INF] 【本次获取】3000点用户经验,2根辣条,再签到14天可以获得50根辣条
[10:11:01 INF] -------结束-------

[10:11:01 INF] ---开始 漫画签到 ---
[10:11:06 INF] 【签到结果】成功
[10:11:06 INF] -------结束-------

[10:11:06 INF] ---开始 漫画阅读 ---
[10:11:09 INF] 【漫画阅读】成功, 阅读漫画为：堀与宫村
[10:11:09 INF] -------结束-------

[10:11:09 INF] ---开始 银瓜子兑换硬币 ---
[10:11:09 INF] 【目标兑换日期】6号
[10:11:09 INF] 【今天】6号
[10:11:12 INF] 【银瓜子余额】 686
[10:11:12 INF] 【硬币余额】 494
[10:11:12 INF] 【今日剩余兑换次数】 1
[10:11:12 INF] 开始尝试兑换...
[10:11:16 INF] 【兑换结果】失败
[10:11:16 INF] 【原因】银瓜子余额不足
[10:11:16 INF] ----------结束----------

[10:11:16 INF] ---开始 领取大会员福利 ---
[10:11:16 INF] 普通会员和月度大会员每月不赠送B币券，不需要领取权益喽
[10:11:16 INF] ----------结束----------

[10:11:16 INF] ---开始 领取大会员漫画权益 ---
[10:11:16 INF] 不是会员，跳过
[10:11:16 INF] ------------结束------------

[10:11:16 INF] ---开始 B币券充电 ---
[10:11:16 INF] 不是年度大会员，跳过
[10:11:16 INF] --------结束--------

[10:11:16 INF] =========结束=========

[10:11:16 INF] ######### 账号 2 #########

[10:11:16 INF] =====开始 每日任务 =====

[10:11:16 INF] ---开始 Set Cookie ---
[10:11:16 INF] Cookie完整，不需要Set Cookie
[10:11:16 INF] -------------结束-------------

[10:11:16 INF] ---开始 登录 ---
[10:11:19 INF] 【用户名】bilixxxxxxxx1879
[10:11:19 INF] 【会员类型】月度大会员
[10:11:19 INF] 【会员状态】无/过期
[10:11:19 INF] 【硬币余额】343
[10:11:19 INF] 【距升级Lv5】88天（如每日做满65点经验）
[10:11:19 INF] 登录成功，经验+5 √
[10:11:19 INF] -----结束-----

[10:11:26 INF] ---开始 观看、分享视频 ---
[10:11:52 INF] 【随机视频】【内部资料】从BBC到CNN，如何拿到狗粮补贴
[10:12:04 INF] 视频播放成功，已观看到第14秒，经验+5 √
[10:12:10 INF] 视频分享成功，经验+5 √
[10:12:10 INF] ----------结束----------

[10:12:10 INF] ---开始 投币 ---
[10:12:10 INF] 已配置为跳过投币任务
[10:12:10 INF] -----结束-----

[10:12:10 INF] ---开始 直播签到 ---
[10:12:16 INF] 【签到结果】成功
[10:12:16 INF] 【本次获取】3000点用户经验,2根辣条,再签到14天可以获得50根辣条
[10:12:16 INF] -------结束-------

[10:12:16 INF] ---开始 漫画签到 ---
[10:12:22 INF] 【签到结果】成功
[10:12:22 INF] -------结束-------

[10:12:22 INF] ---开始 漫画阅读 ---
[10:12:28 INF] 【漫画阅读】成功, 阅读漫画为：堀与宫村
[10:12:28 INF] -------结束-------

[10:12:28 INF] ---开始 银瓜子兑换硬币 ---
[10:12:28 INF] 【目标兑换日期】6号
[10:12:28 INF] 【今天】6号
[10:12:31 INF] 【银瓜子余额】 258
[10:12:31 INF] 【硬币余额】 343
[10:12:31 INF] 【今日剩余兑换次数】 1
[10:12:31 INF] 开始尝试兑换...
[10:12:37 INF] 【兑换结果】失败
[10:12:37 INF] 【原因】银瓜子余额不足
[10:12:37 INF] ----------结束----------

[10:12:37 INF] ---开始 领取大会员福利 ---
[10:12:37 INF] 普通会员和月度大会员每月不赠送B币券，不需要领取权益喽
[10:12:37 INF] ----------结束----------

[10:12:37 INF] ---开始 领取大会员漫画权益 ---
[10:12:37 INF] 不是会员，跳过
[10:12:37 INF] ------------结束------------

[10:12:37 INF] ---开始 B币券充电 ---
[10:12:37 INF] 不是年度大会员，跳过
[10:12:37 INF] --------结束--------

[10:12:37 INF] =========结束=========

[10:12:37 INF] ######### 账号 3 #########

[10:12:37 INF] =====开始 每日任务 =====

[10:12:37 INF] ---开始 Set Cookie ---
[10:12:37 INF] Cookie完整，不需要Set Cookie
[10:12:37 INF] -------------结束-------------

[10:12:37 INF] ---开始 登录 ---
[10:12:43 INF] 【用户名】晴xxng
[10:12:43 INF] 【会员类型】无
[10:12:43 INF] 【会员状态】无/过期
[10:12:43 INF] 【硬币余额】160
[10:12:43 INF] 【距升级Lv4】26天（如每日做满65点经验）
[10:12:43 INF] 登录成功，经验+5 √
[10:12:43 INF] -----结束-----

[10:12:46 INF] ---开始 观看、分享视频 ---
[10:13:06 INF] 【随机视频】【开箱】我集齐了全套"小米AR机器人"！
[10:13:16 INF] 视频播放成功，已观看到第12秒，经验+5 √
[10:13:20 INF] 视频分享成功，经验+5 √
[10:13:20 INF] ----------结束----------

[10:13:20 INF] ---开始 投币 ---
[10:13:20 INF] 已配置为跳过投币任务
[10:13:20 INF] -----结束-----

[10:13:20 INF] ---开始 直播签到 ---
[10:13:28 INF] 【签到结果】成功
[10:13:28 INF] 【本次获取】3000点用户经验,2根辣条,再签到14天可以获得50根辣条
[10:13:28 INF] -------结束-------

[10:13:28 INF] ---开始 漫画签到 ---
[10:13:32 INF] 【签到结果】成功
[10:13:32 INF] -------结束-------

[10:13:32 INF] ---开始 漫画阅读 ---
[10:13:39 INF] 【漫画阅读】成功, 阅读漫画为：堀与宫村
[10:13:39 INF] -------结束-------

[10:13:39 INF] ---开始 银瓜子兑换硬币 ---
[10:13:39 INF] 【目标兑换日期】6号
[10:13:39 INF] 【今天】6号
[10:13:45 INF] 【银瓜子余额】 496
[10:13:45 INF] 【硬币余额】 160
[10:13:45 INF] 【今日剩余兑换次数】 1
[10:13:45 INF] 开始尝试兑换...
[10:13:50 INF] 【兑换结果】失败
[10:13:50 INF] 【原因】银瓜子余额不足
[10:13:50 INF] ----------结束----------

[10:13:50 INF] ---开始 领取大会员福利 ---
[10:13:50 INF] 普通会员和月度大会员每月不赠送B币券，不需要领取权益喽
[10:13:50 INF] ----------结束----------

[10:13:50 INF] ---开始 领取大会员漫画权益 ---
[10:13:50 INF] 不是会员，跳过
[10:13:50 INF] ------------结束------------

[10:13:50 INF] ---开始 B币券充电 ---
[10:13:50 INF] 不是年度大会员，跳过
[10:13:50 INF] --------结束--------

[10:13:50 INF] =========结束=========

[10:13:50 INF] 

========================

 v2.0.1 开源 by https://github.com/RayWangQvQ/BiliBiliToolPro

[10:13:50 INF] ·开始推送·Daily任务·
2023-07-06T02:13:50.4985067Z 开始推送到:自定义
2023-07-06T02:13:55.2955120Z Response status: OK.
2023-07-06T02:13:55.2955687Z Response content: {"message":"","success":true,"uuid":"642b90a59b5043c59c3c97552b13c29b"}.

[10:13:55 INF] 运行环境：Development
[10:13:55 INF] 应用目录：/home/runner/work/BiliBiliToolPro/BiliBiliToolPro/src/Ray.BiliBiliTool.Console/bin/Debug/net6.0/

[10:13:55 INF] 运行结束
