----------- ip 信息 ---------
{
  "ip": "20.44.101.13",
  "city": "Boydton",
  "region": "Virginia",
  "country": "US",
  "loc": "36.6676,-78.3875",
  "org": "AS8075 Microsoft Corporation",
  "postal": "23917",
  "timezone": "America/New_York",
  "readme": "https://ipinfo.io/missingauth"
} ---------- end ------------
  ____               ____    _   _____           _  
 |  _ \ __ _ _   _  | __ ) _| |_|_   _|__   ___ | | 
 | |_) / _` | | | | |  _ \(_) (_) | |/ _ \ / _ \| | 
 |  _ < (_| | |_| | | |_) | | | | | | (_) | (_) | | 
 |_| \_\__,_|\__, | |____/|_|_|_| |_|\___/ \___/|_| 
             |___/                                  

[09:21:07 INF] BiliBiliToolPro 开始运行...

[09:21:07 INF] 【账号个数】3个

[09:21:07 INF] 随机休眠2分钟

[09:23:07 INF] 【目标任务】Daily
[09:23:07 INF] ######### 账号 1 #########

[09:23:07 INF] =====开始 每日任务 =====

[09:23:07 INF] ---开始 Set Cookie ---
[09:23:07 INF] Cookie完整，不需要Set Cookie
[09:23:07 INF] -------------结束-------------

[09:23:07 INF] ---开始 登录 ---
[09:23:15 INF] 【用户名】sunxxxxxgzi
[09:23:15 INF] 【会员类型】月度大会员
[09:23:15 INF] 【会员状态】无/过期
[09:23:15 INF] 【硬币余额】616.2
[09:23:15 INF] 【距升级Lv6】231天（如每日做满65点经验）
[09:23:15 INF] 登录成功，经验+5 √
[09:23:15 INF] -----结束-----

[09:23:20 INF] ---开始 观看、分享视频 ---
[09:23:40 INF] 【随机视频】【开箱视频】粉丝和小伙伴们的爱
[09:23:54 INF] 视频播放成功，已观看到第7秒，经验+5 √
[09:24:02 INF] 视频分享成功，经验+5 √
[09:24:02 INF] ----------结束----------

[09:24:02 INF] ---开始 投币 ---
[09:24:02 INF] 已配置为跳过投币任务
[09:24:02 INF] -----结束-----

[09:24:02 INF] ---开始 直播签到 ---
[09:24:08 INF] 【签到结果】成功
[09:24:08 INF] 【本次获取】3000点用户经验,2根辣条,
[09:24:08 INF] -------结束-------

[09:24:08 INF] ---开始 漫画签到 ---
[09:24:13 INF] 【签到结果】成功
[09:24:13 INF] -------结束-------

[09:24:13 INF] ---开始 漫画阅读 ---
[09:24:19 INF] 【漫画阅读】成功, 阅读漫画为：堀与宫村
[09:24:19 INF] -------结束-------

[09:24:19 INF] ---开始 银瓜子兑换硬币 ---
[09:24:19 INF] 【目标兑换日期】27号
[09:24:19 INF] 【今天】27号
[09:24:27 INF] 【银瓜子余额】 684
[09:24:27 INF] 【硬币余额】 616
[09:24:27 INF] 【今日剩余兑换次数】 1
[09:24:27 INF] 开始尝试兑换...
[09:24:32 INF] 【兑换结果】失败
[09:24:32 INF] 【原因】银瓜子余额不足
[09:24:32 INF] ----------结束----------

[09:24:32 INF] ---开始 领取大会员福利 ---
[09:24:32 INF] 普通会员和月度大会员每月不赠送B币券，不需要领取权益喽
[09:24:32 INF] ----------结束----------

[09:24:32 INF] ---开始 领取大会员漫画权益 ---
[09:24:32 INF] 不是会员，跳过
[09:24:32 INF] ------------结束------------

[09:24:32 INF] ---开始 B币券充电 ---
[09:24:32 INF] 不是年度大会员，跳过
[09:24:32 INF] --------结束--------

[09:24:32 INF] =========结束=========

[09:24:32 INF] ######### 账号 2 #########

[09:24:32 INF] =====开始 每日任务 =====

[09:24:32 INF] ---开始 Set Cookie ---
[09:24:32 INF] Cookie完整，不需要Set Cookie
[09:24:32 INF] -------------结束-------------

[09:24:32 INF] ---开始 登录 ---
[09:24:36 INF] 【用户名】bilixxxxxxxx1879
[09:24:36 INF] 【会员类型】月度大会员
[09:24:36 INF] 【会员状态】无/过期
[09:24:36 INF] 【硬币余额】456
[09:24:36 INF] 【距升级Lv5】63天（如每日做满65点经验）
[09:24:36 INF] 登录成功，经验+5 √
[09:24:36 INF] -----结束-----

[09:24:39 INF] ---开始 观看、分享视频 ---
[09:24:57 INF] 【随机视频】帅大叔被误认为是吴彦祖，大家纷纷围观拍照，不要脸！
[09:25:10 INF] 视频播放成功，已观看到第1秒，经验+5 √
[09:25:17 INF] 视频分享成功，经验+5 √
[09:25:17 INF] ----------结束----------

[09:25:17 INF] ---开始 投币 ---
[09:25:17 INF] 已配置为跳过投币任务
[09:25:17 INF] -----结束-----

[09:25:17 INF] ---开始 直播签到 ---
[09:25:20 INF] 【签到结果】成功
[09:25:20 INF] 【本次获取】3000点用户经验,2根辣条,
[09:25:20 INF] -------结束-------

[09:25:20 INF] ---开始 漫画签到 ---
[09:25:26 INF] 【签到结果】成功
[09:25:26 INF] -------结束-------

[09:25:26 INF] ---开始 漫画阅读 ---
[09:25:32 INF] 【漫画阅读】成功, 阅读漫画为：堀与宫村
[09:25:32 INF] -------结束-------

[09:25:32 INF] ---开始 银瓜子兑换硬币 ---
[09:25:32 INF] 【目标兑换日期】27号
[09:25:32 INF] 【今天】27号
[09:25:37 INF] 【银瓜子余额】 456
[09:25:37 INF] 【硬币余额】 456
[09:25:37 INF] 【今日剩余兑换次数】 1
[09:25:37 INF] 开始尝试兑换...
[09:25:44 INF] 【兑换结果】失败
[09:25:44 INF] 【原因】银瓜子余额不足
[09:25:44 INF] ----------结束----------

[09:25:44 INF] ---开始 领取大会员福利 ---
[09:25:44 INF] 普通会员和月度大会员每月不赠送B币券，不需要领取权益喽
[09:25:44 INF] ----------结束----------

[09:25:44 INF] ---开始 领取大会员漫画权益 ---
[09:25:44 INF] 不是会员，跳过
[09:25:44 INF] ------------结束------------

[09:25:44 INF] ---开始 B币券充电 ---
[09:25:44 INF] 不是年度大会员，跳过
[09:25:44 INF] --------结束--------

[09:25:44 INF] =========结束=========

[09:25:44 INF] ######### 账号 3 #########

[09:25:44 INF] =====开始 每日任务 =====

[09:25:44 INF] ---开始 Set Cookie ---
[09:25:44 INF] Cookie完整，不需要Set Cookie
[09:25:44 INF] -------------结束-------------

[09:25:44 INF] ---开始 登录 ---
[09:25:49 WRN] 登录异常，请检查Cookie是否错误或过期
[09:25:49 ERR] 程序发生异常：登录失败，请检查Cookie
[09:25:49 INF] -----结束-----

[09:25:49 ERR] 程序发生异常：登录失败，请检查Cookie
[09:25:49 INF] =========结束=========

[09:25:49 WRN] 异常：System.Exception: 登录失败，请检查Cookie
   at Ray.BiliBiliTool.Application.DailyTaskAppService.Login() in /home/runner/work/BiliBiliToolPro/BiliBiliToolPro/src/Ray.BiliBiliTool.Application/DailyTaskAppService.cs:line 127
   at Ray.BiliBiliTool.Application.DailyTaskAppService.DoTaskAsync(CancellationToken cancellationToken) in /home/runner/work/BiliBiliToolPro/BiliBiliToolPro/src/Ray.BiliBiliTool.Application/DailyTaskAppService.cs:line 78
   at Ray.BiliBiliTool.Console.BiliBiliToolHostedService.DoTasksAsync(String[] tasks, CancellationToken cancellationToken) in /home/runner/work/BiliBiliToolPro/BiliBiliToolPro/src/Ray.BiliBiliTool.Console/BiliBiliToolHostedService.cs:line 188
   at Ray.BiliBiliTool.Console.BiliBiliToolHostedService.StartAsync(CancellationToken cancellationToken) in /home/runner/work/BiliBiliToolPro/BiliBiliToolPro/src/Ray.BiliBiliTool.Console/BiliBiliToolHostedService.cs:line 76
[09:25:49 INF] 

========================

 v2.0.1 开源 by https://github.com/RayWangQvQ/BiliBiliToolPro

[09:25:49 INF] ·开始推送·Daily任务·
2023-10-27T01:25:49.2869586Z 开始推送到:PushPlus
2023-10-27T01:25:50.6033824Z Response status: OK.
2023-10-27T01:25:50.6034320Z Response content: {"code":200,"msg":"请求成功","data":"9dbb22e2f5ad4092b829f5f755a31ded","count":null}.

[09:25:50 INF] 运行环境：Development
[09:25:50 INF] 应用目录：/home/runner/work/BiliBiliToolPro/BiliBiliToolPro/src/Ray.BiliBiliTool.Console/bin/Debug/net6.0/

[09:25:50 INF] 运行结束
