----------- ip 信息 ---------
{
  "ip": "40.76.119.105",
  "city": "Washington",
  "region": "Virginia",
  "country": "US",
  "loc": "38.7135,-78.1594",
  "org": "AS8075 Microsoft Corporation",
  "postal": "22747",
  "timezone": "America/New_York",
  "readme": "https://ipinfo.io/missingauth"
} ---------- end ------------
  ____               ____    _   _____           _  
 |  _ \ __ _ _   _  | __ ) _| |_|_   _|__   ___ | | 
 | |_) / _` | | | | |  _ \(_) (_) | |/ _ \ / _ \| | 
 |  _ < (_| | |_| | | |_) | | | | | | (_) | (_) | | 
 |_| \_\__,_|\__, | |____/|_|_|_| |_|\___/ \___/|_| 
             |___/                                  

[09:21:24 INF] BiliBiliToolPro 开始运行...

[09:21:24 INF] 【账号个数】3个

[09:21:24 INF] 随机休眠2分钟

[09:23:24 INF] 【目标任务】Daily
[09:23:24 INF] ######### 账号 1 #########

[09:23:24 INF] =====开始 每日任务 =====

[09:23:24 INF] ---开始 Set Cookie ---
[09:23:24 INF] Cookie完整，不需要Set Cookie
[09:23:24 INF] -------------结束-------------

[09:23:24 INF] ---开始 登录 ---
[09:23:32 INF] 【用户名】sunxxxxxgzi
[09:23:32 INF] 【会员类型】月度大会员
[09:23:32 INF] 【会员状态】无/过期
[09:23:32 INF] 【硬币余额】1222.2
[09:23:32 INF] 【距升级Lv6】预计741天
[09:23:32 INF] 登录成功，经验+5 √
[09:23:32 INF] -----结束-----

[09:23:38 INF] ---开始 观看、分享视频 ---
[09:23:57 INF] 【随机视频】我将独自抗下这一残局
[09:24:09 INF] 视频播放成功，已观看到第10秒，经验+5 √
[09:24:14 INF] 视频分享成功，经验+5 √
[09:24:14 INF] ----------结束----------

[09:24:14 INF] ---开始 投币 ---
[09:24:14 INF] 已配置为跳过投币任务
[09:24:14 INF] -----结束-----

[09:24:14 INF] ---开始 直播签到 ---
[09:24:22 INF] 【签到结果】成功
[09:24:22 INF] 【本次获取】3000点用户经验,2根辣条,再签到4天可以获得50根辣条
[09:24:22 INF] -------结束-------

[09:24:22 INF] ---开始 漫画签到 ---
[09:24:30 INF] 【签到结果】成功
[09:24:30 INF] -------结束-------

[09:24:30 INF] ---开始 漫画阅读 ---
[09:24:36 INF] 【漫画阅读】成功
[09:24:36 INF] -------结束-------

[09:24:36 INF] ---开始 银瓜子兑换硬币 ---
[09:24:36 INF] 【目标兑换日期】16号
[09:24:36 INF] 【今天】16号
[09:24:41 INF] 【银瓜子余额】 480
[09:24:41 INF] 【硬币余额】 1222
[09:24:41 INF] 【今日剩余兑换次数】 1
[09:24:41 INF] 开始尝试兑换...
[09:24:45 INF] 【兑换结果】失败
[09:24:45 INF] 【原因】银瓜子余额不足
[09:24:45 INF] ----------结束----------

[09:24:45 INF] ---开始 领取大会员福利 ---
[09:24:45 INF] 普通会员和月度大会员每月不赠送B币券，不需要领取权益喽
[09:24:45 INF] ----------结束----------

[09:24:45 INF] ---开始 领取大会员漫画权益 ---
[09:24:45 INF] 不是会员，跳过
[09:24:45 INF] ------------结束------------

[09:24:45 INF] ---开始 B币券充电 ---
[09:24:45 INF] 已配置为关闭，跳过
[09:24:45 INF] --------结束--------

[09:24:45 INF] =========结束=========

[09:24:45 INF] ######### 账号 2 #########

[09:24:45 INF] =====开始 每日任务 =====

[09:24:45 INF] ---开始 Set Cookie ---
[09:24:45 INF] Cookie完整，不需要Set Cookie
[09:24:45 INF] -------------结束-------------

[09:24:45 INF] ---开始 登录 ---
[09:24:52 INF] 【用户名】bilixxxxxxxx1879
[09:24:52 INF] 【会员类型】月度大会员
[09:24:52 INF] 【会员状态】无/过期
[09:24:52 INF] 【硬币余额】618
[09:24:52 INF] 【距升级Lv5】预计76天
[09:24:52 INF] 登录成功，经验+5 √
[09:24:52 INF] -----结束-----

[09:24:56 INF] ---开始 观看、分享视频 ---
[09:25:19 INF] 【随机视频】中国人不骗中国人，边境发财日入过万
[09:25:28 INF] 视频播放成功，已观看到第10秒，经验+5 √
[09:25:32 INF] 视频分享成功，经验+5 √
[09:25:32 INF] ----------结束----------

[09:25:32 INF] ---开始 投币 ---
[09:25:32 INF] 已配置为跳过投币任务
[09:25:32 INF] -----结束-----

[09:25:32 INF] ---开始 直播签到 ---
[09:25:39 INF] 【签到结果】成功
[09:25:39 INF] 【本次获取】3000点用户经验,2根辣条,再签到4天可以获得50根辣条
[09:25:39 INF] -------结束-------

[09:25:39 INF] ---开始 漫画签到 ---
[09:25:47 INF] 【签到结果】成功
[09:25:47 INF] -------结束-------

[09:25:47 INF] ---开始 漫画阅读 ---
[09:25:55 INF] 【漫画阅读】成功
[09:25:55 INF] -------结束-------

[09:25:55 INF] ---开始 银瓜子兑换硬币 ---
[09:25:55 INF] 【目标兑换日期】16号
[09:25:55 INF] 【今天】16号
[09:25:58 INF] 【银瓜子余额】 252
[09:25:58 INF] 【硬币余额】 618
[09:25:58 INF] 【今日剩余兑换次数】 1
[09:25:58 INF] 开始尝试兑换...
[09:26:05 INF] 【兑换结果】失败
[09:26:05 INF] 【原因】银瓜子余额不足
[09:26:05 INF] ----------结束----------

[09:26:05 INF] ---开始 领取大会员福利 ---
[09:26:05 INF] 普通会员和月度大会员每月不赠送B币券，不需要领取权益喽
[09:26:05 INF] ----------结束----------

[09:26:05 INF] ---开始 领取大会员漫画权益 ---
[09:26:05 INF] 不是会员，跳过
[09:26:05 INF] ------------结束------------

[09:26:05 INF] ---开始 B币券充电 ---
[09:26:05 INF] 已配置为关闭，跳过
[09:26:05 INF] --------结束--------

[09:26:05 INF] =========结束=========

[09:26:05 INF] ######### 账号 3 #########

[09:26:05 INF] =====开始 每日任务 =====

[09:26:05 INF] ---开始 Set Cookie ---
[09:26:05 INF] Cookie完整，不需要Set Cookie
[09:26:05 INF] -------------结束-------------

[09:26:05 INF] ---开始 登录 ---
[09:26:12 WRN] 登录异常，请检查Cookie是否错误或过期
[09:26:12 ERR] 程序发生异常：登录失败，请检查Cookie
[09:26:12 INF] -----结束-----

[09:26:12 ERR] 程序发生异常：登录失败，请检查Cookie
[09:26:12 INF] =========结束=========

[09:26:12 WRN] 异常：System.Exception: 登录失败，请检查Cookie
   at Ray.BiliBiliTool.Application.DailyTaskAppService.Login() in /home/runner/work/BiliBiliToolPro/BiliBiliToolPro/src/Ray.BiliBiliTool.Application/DailyTaskAppService.cs:line 134
   at Ray.BiliBiliTool.Application.DailyTaskAppService.DoTaskAsync(CancellationToken cancellationToken) in /home/runner/work/BiliBiliToolPro/BiliBiliToolPro/src/Ray.BiliBiliTool.Application/DailyTaskAppService.cs:line 81
   at Ray.BiliBiliTool.Console.BiliBiliToolHostedService.DoTasksAsync(String[] tasks, CancellationToken cancellationToken) in /home/runner/work/BiliBiliToolPro/BiliBiliToolPro/src/Ray.BiliBiliTool.Console/BiliBiliToolHostedService.cs:line 194
   at Ray.BiliBiliTool.Console.BiliBiliToolHostedService.StartAsync(CancellationToken cancellationToken) in /home/runner/work/BiliBiliToolPro/BiliBiliToolPro/src/Ray.BiliBiliTool.Console/BiliBiliToolHostedService.cs:line 76
[09:26:12 INF] 

========================

 v2.0.2 开源 by https://github.com/RayWangQvQ/BiliBiliToolPro

[09:26:12 INF] ·开始推送·Daily任务·
2024-04-16T01:26:12.6324018Z 开始推送到:PushPlus
2024-04-16T01:26:13.6904103Z Response status: OK.
2024-04-16T01:26:13.6904455Z Response content: {"code":200,"msg":"请求成功","data":"51c53c5187cb4fcc8e1b70fead53efb2","count":null}.

[09:26:13 INF] 运行环境：Development
[09:26:13 INF] 应用目录：/home/runner/work/BiliBiliToolPro/BiliBiliToolPro/src/Ray.BiliBiliTool.Console/bin/Debug/net6.0/

[09:26:13 INF] 运行结束
  ____               ____    _   _____           _  
 |  _ \ __ _ _   _  | __ ) _| |_|_   _|__   ___ | | 
 | |_) / _` | | | | |  _ \(_) (_) | |/ _ \ / _ \| | 
 |  _ < (_| | |_| | | |_) | | | | | | (_) | (_) | | 
 |_| \_\__,_|\__, | |____/|_|_|_| |_|\___/ \___/|_| 
             |___/                                  

[09:26:16 INF] BiliBiliToolPro 开始运行...

[09:26:16 INF] 【账号个数】3个

[09:26:16 INF] 随机休眠5分钟

[09:31:16 INF] 【目标任务】VipBigPoint
[09:31:16 INF] ######### 账号 1 #########

[09:31:16 INF] =====开始 大会员大积分 =====

[09:31:16 INF] 大会员经验领取任务开始
[09:31:21 INF] 大会员经验未兑换
[09:31:24 INF] 领取成功，经验+10 √
[09:31:24 INF] ---开始 测试Cookie ---
[09:31:30 INF] 【用户名】sunxxxxxgzi
[09:31:30 INF] 【会员类型】月度大会员
[09:31:30 INF] 【会员状态】无/过期
[09:31:30 INF] 【硬币余额】1222.2
[09:31:30 INF] 【距升级Lv6】预计739天
[09:31:30 INF] -----------结束-----------

[09:31:30 INF] 当前不是大会员或已过期，跳过任务
[09:31:30 INF] ===========结束===========

[09:31:30 INF] ######### 账号 2 #########

[09:31:30 INF] =====开始 大会员大积分 =====

[09:31:30 INF] 大会员经验领取任务开始
[09:31:34 INF] 大会员经验未兑换
[09:31:42 INF] 领取成功，经验+10 √
[09:31:42 INF] ---开始 测试Cookie ---
[09:31:48 INF] 【用户名】bilixxxxxxxx1879
[09:31:48 INF] 【会员类型】月度大会员
[09:31:48 INF] 【会员状态】无/过期
[09:31:48 INF] 【硬币余额】618
[09:31:48 INF] 【距升级Lv5】预计75天
[09:31:48 INF] -----------结束-----------

[09:31:48 INF] 当前不是大会员或已过期，跳过任务
[09:31:48 INF] ===========结束===========

[09:31:48 INF] ######### 账号 3 #########

[09:31:48 INF] =====开始 大会员大积分 =====

[09:31:48 INF] 大会员经验领取任务开始
[09:31:56 INF] ---开始 测试Cookie ---
[09:32:02 WRN] 登录异常，请检查Cookie是否错误或过期
[09:32:02 ERR] 程序发生异常：登录失败，请检查Cookie
[09:32:02 INF] -----------结束-----------

[09:32:02 ERR] 程序发生异常：登录失败，请检查Cookie
[09:32:02 INF] ===========结束===========

[09:32:02 WRN] 异常：System.Exception: 登录失败，请检查Cookie
   at Ray.BiliBiliTool.Application.VipBigPointAppService.GetUserInfo() in /home/runner/work/BiliBiliToolPro/BiliBiliToolPro/src/Ray.BiliBiliTool.Application/VipBigPointAppService.cs:line 150
   at Ray.BiliBiliTool.Application.VipBigPointAppService.DoTaskAsync(CancellationToken cancellationToken) in /home/runner/work/BiliBiliToolPro/BiliBiliToolPro/src/Ray.BiliBiliTool.Application/VipBigPointAppService.cs:line 98
   at Ray.BiliBiliTool.Console.BiliBiliToolHostedService.DoTasksAsync(String[] tasks, CancellationToken cancellationToken) in /home/runner/work/BiliBiliToolPro/BiliBiliToolPro/src/Ray.BiliBiliTool.Console/BiliBiliToolHostedService.cs:line 194
   at Ray.BiliBiliTool.Console.BiliBiliToolHostedService.StartAsync(CancellationToken cancellationToken) in /home/runner/work/BiliBiliToolPro/BiliBiliToolPro/src/Ray.BiliBiliTool.Console/BiliBiliToolHostedService.cs:line 76
[09:32:02 INF] 

========================

 v2.0.2 开源 by https://github.com/RayWangQvQ/BiliBiliToolPro

[09:32:02 INF] ·开始推送·VipBigPoint任务·
2024-04-16T01:32:02.7646510Z 开始推送到:PushPlus
2024-04-16T01:32:03.5033883Z Response status: OK.
2024-04-16T01:32:03.5034393Z Response content: {"code":200,"msg":"请求成功","data":"27ba637cc25e464d8d555c80b996aff2","count":null}.

[09:32:03 INF] 运行环境：Development
[09:32:03 INF] 应用目录：/home/runner/work/BiliBiliToolPro/BiliBiliToolPro/src/Ray.BiliBiliTool.Console/bin/Debug/net6.0/

[09:32:03 INF] 运行结束
