----------- ip 信息 ---------
{
  "ip": "172.183.131.24",
  "city": "Chicago",
  "region": "Illinois",
  "country": "US",
  "loc": "41.8500,-87.6500",
  "org": "AS8075 Microsoft Corporation",
  "postal": "60666",
  "timezone": "America/Chicago",
  "readme": "https://ipinfo.io/missingauth"
} ---------- end ------------
  ____               ____    _   _____           _  
 |  _ \ __ _ _   _  | __ ) _| |_|_   _|__   ___ | | 
 | |_) / _` | | | | |  _ \(_) (_) | |/ _ \ / _ \| | 
 |  _ < (_| | |_| | | |_) | | | | | | (_) | (_) | | 
 |_| \_\__,_|\__, | |____/|_|_|_| |_|\___/ \___/|_| 
             |___/                                  

[09:36:03 INF] BiliBiliToolPro 开始运行...

[09:36:04 INF] 【账号个数】3个

[09:36:04 INF] 随机休眠4分钟

[09:40:04 INF] 【目标任务】Daily
[09:40:04 INF] ######### 账号 1 #########

[09:40:04 INF] =====开始 每日任务 =====

[09:40:04 INF] ---开始 Set Cookie ---
[09:40:04 INF] Cookie完整，不需要Set Cookie
[09:40:04 INF] -------------结束-------------

[09:40:04 INF] ---开始 登录 ---
[09:40:08 INF] 【用户名】sunxxxxxgzi
[09:40:08 INF] 【会员类型】月度大会员
[09:40:08 INF] 【会员状态】正常
[09:40:08 INF] 【硬币余额】1095.2
[09:40:08 INF] 【距升级Lv6】预计886天
[09:40:08 INF] 登录成功，经验+5 √
[09:40:08 INF] -----结束-----

[09:40:15 INF] ---开始 观看、分享视频 ---
[09:40:40 INF] 【随机视频】拆解小米WIFI放大器，视频太短拆一赠一，前方给高能
[09:40:40 INF] 今天已经观看过了，不需要再看啦
[09:40:50 INF] 视频分享成功，经验+5 √
[09:40:50 INF] ----------结束----------

[09:40:50 INF] ---开始 投币 ---
[09:40:50 INF] 已配置为跳过投币任务
[09:40:50 INF] -----结束-----

[09:40:50 INF] ---开始 直播签到 ---
[09:40:57 INF] 【签到结果】成功
[09:40:57 INF] 【本次获取】3000点用户经验,2根辣条,
[09:40:57 INF] -------结束-------

[09:40:57 INF] ---开始 漫画签到 ---
[09:41:01 INF] 【签到结果】成功
[09:41:01 INF] -------结束-------

[09:41:01 INF] ---开始 漫画阅读 ---
[09:41:09 INF] 【漫画阅读】成功
[09:41:09 INF] -------结束-------

[09:41:09 INF] ---开始 银瓜子兑换硬币 ---
[09:41:09 INF] 【目标兑换日期】24号
[09:41:09 INF] 【今天】24号
[09:41:13 INF] 【银瓜子余额】 582
[09:41:13 INF] 【硬币余额】 1095
[09:41:13 INF] 【今日剩余兑换次数】 1
[09:41:13 INF] 开始尝试兑换...
[09:41:20 INF] 【兑换结果】失败
[09:41:20 INF] 【原因】银瓜子余额不足
[09:41:20 INF] ----------结束----------

[09:41:20 INF] ---开始 领取大会员福利 ---
[09:41:20 INF] 普通会员和月度大会员每月不赠送B币券，不需要领取权益喽
[09:41:20 INF] ----------结束----------

[09:41:20 INF] ---开始 领取大会员漫画权益 ---
[09:41:20 INF] 【目标日期】1号
[09:41:20 INF] 【今天】24号
[09:41:20 INF] 跳过
[09:41:20 INF] ------------结束------------

[09:41:20 INF] ---开始 B币券充电 ---
[09:41:20 INF] 已配置为关闭，跳过
[09:41:20 INF] --------结束--------

[09:41:20 INF] =========结束=========

[09:41:20 INF] ######### 账号 2 #########

[09:41:20 INF] =====开始 每日任务 =====

[09:41:20 INF] ---开始 Set Cookie ---
[09:41:20 INF] Cookie完整，不需要Set Cookie
[09:41:20 INF] -------------结束-------------

[09:41:20 INF] ---开始 登录 ---
[09:41:25 WRN] 登录异常，请检查Cookie是否错误或过期
[09:41:25 ERR] 程序发生异常：登录失败，请检查Cookie
[09:41:25 INF] -----结束-----

[09:41:25 ERR] 程序发生异常：登录失败，请检查Cookie
[09:41:25 INF] =========结束=========

[09:41:25 WRN] 异常：System.Exception: 登录失败，请检查Cookie
   at Ray.BiliBiliTool.Application.DailyTaskAppService.Login() in /home/runner/work/BiliBiliToolPro/BiliBiliToolPro/src/Ray.BiliBiliTool.Application/DailyTaskAppService.cs:line 134
   at Ray.BiliBiliTool.Application.DailyTaskAppService.DoTaskAsync(CancellationToken cancellationToken) in /home/runner/work/BiliBiliToolPro/BiliBiliToolPro/src/Ray.BiliBiliTool.Application/DailyTaskAppService.cs:line 81
   at Ray.BiliBiliTool.Console.BiliBiliToolHostedService.DoTasksAsync(String[] tasks, CancellationToken cancellationToken) in /home/runner/work/BiliBiliToolPro/BiliBiliToolPro/src/Ray.BiliBiliTool.Console/BiliBiliToolHostedService.cs:line 194
   at Ray.BiliBiliTool.Console.BiliBiliToolHostedService.StartAsync(CancellationToken cancellationToken) in /home/runner/work/BiliBiliToolPro/BiliBiliToolPro/src/Ray.BiliBiliTool.Console/BiliBiliToolHostedService.cs:line 76
[09:41:25 INF] ######### 账号 3 #########

[09:41:25 INF] =====开始 每日任务 =====

[09:41:25 INF] ---开始 Set Cookie ---
[09:41:25 INF] Cookie完整，不需要Set Cookie
[09:41:25 INF] -------------结束-------------

[09:41:25 INF] ---开始 登录 ---
[09:41:28 WRN] 登录异常，请检查Cookie是否错误或过期
[09:41:28 ERR] 程序发生异常：登录失败，请检查Cookie
[09:41:28 INF] -----结束-----

[09:41:28 ERR] 程序发生异常：登录失败，请检查Cookie
[09:41:28 INF] =========结束=========

[09:41:28 WRN] 异常：System.Exception: 登录失败，请检查Cookie
   at Ray.BiliBiliTool.Application.DailyTaskAppService.Login() in /home/runner/work/BiliBiliToolPro/BiliBiliToolPro/src/Ray.BiliBiliTool.Application/DailyTaskAppService.cs:line 134
   at Ray.BiliBiliTool.Application.DailyTaskAppService.DoTaskAsync(CancellationToken cancellationToken) in /home/runner/work/BiliBiliToolPro/BiliBiliToolPro/src/Ray.BiliBiliTool.Application/DailyTaskAppService.cs:line 81
   at Ray.BiliBiliTool.Console.BiliBiliToolHostedService.DoTasksAsync(String[] tasks, CancellationToken cancellationToken) in /home/runner/work/BiliBiliToolPro/BiliBiliToolPro/src/Ray.BiliBiliTool.Console/BiliBiliToolHostedService.cs:line 194
   at Ray.BiliBiliTool.Console.BiliBiliToolHostedService.StartAsync(CancellationToken cancellationToken) in /home/runner/work/BiliBiliToolPro/BiliBiliToolPro/src/Ray.BiliBiliTool.Console/BiliBiliToolHostedService.cs:line 76
[09:41:28 INF] 

========================

 v2.0.2 开源 by https://github.com/RayWangQvQ/BiliBiliToolPro

[09:41:28 INF] ·开始推送·Daily任务·
2024-01-24T01:41:28.6907202Z 开始推送到:PushPlus
2024-01-24T01:41:29.8097823Z Response status: OK.
2024-01-24T01:41:29.8098298Z Response content: {"code":200,"msg":"请求成功","data":"ed6ff951524444a9a5a47857edd05d47","count":null}.

[09:41:29 INF] 运行环境：Development
[09:41:29 INF] 应用目录：/home/runner/work/BiliBiliToolPro/BiliBiliToolPro/src/Ray.BiliBiliTool.Console/bin/Debug/net6.0/

[09:41:29 INF] 运行结束
  ____               ____    _   _____           _  
 |  _ \ __ _ _   _  | __ ) _| |_|_   _|__   ___ | | 
 | |_) / _` | | | | |  _ \(_) (_) | |/ _ \ / _ \| | 
 |  _ < (_| | |_| | | |_) | | | | | | (_) | (_) | | 
 |_| \_\__,_|\__, | |____/|_|_|_| |_|\___/ \___/|_| 
             |___/                                  

[09:41:32 INF] BiliBiliToolPro 开始运行...

[09:41:32 INF] 【账号个数】3个

[09:41:32 INF] 随机休眠5分钟

[09:46:32 INF] 【目标任务】VipBigPoint
[09:46:32 INF] ######### 账号 1 #########

[09:46:32 INF] =====开始 大会员大积分 =====

[09:46:32 INF] 大会员经验领取任务开始
[09:46:38 INF] 大会员经验未兑换
[09:46:45 INF] 领取成功，经验+10 √
[09:46:45 INF] ---开始 测试Cookie ---
[09:46:53 INF] 【用户名】sunxxxxxgzi
[09:46:53 INF] 【会员类型】月度大会员
[09:46:53 INF] 【会员状态】正常
[09:46:53 INF] 【硬币余额】1095.2
[09:46:53 INF] 【距升级Lv6】预计885天
[09:46:53 INF] -----------结束-----------

[09:46:58 INF] ------当前任务状态------
[09:46:58 INF] 打卡：X
[09:46:58 INF] -福利任务
[09:46:58 INF] ---大会员福利大积分：√
[09:46:58 INF] -体验任务
[09:46:58 INF] ---浏览大会员权益页面：√
[09:46:58 INF] -日常任务
[09:46:58 INF] ---浏览装扮商城主页：X
[09:46:58 INF] ---浏览会员购页面10秒：X
[09:46:58 INF] ---购买指定会员购商品：X
[09:46:58 INF] ---浏览追番频道页10秒：X
[09:46:58 INF] ---观看任意正片内容：X
[09:46:58 INF] ---购买单点付费影片：X
[09:46:58 INF] ---购买指定装扮商品：X
[09:46:58 INF] ------------------------

[09:46:58 INF] ---开始 签到 ---
[09:47:03 ERR] 签到失败，继续其他任务。失败信息:{"Code":6007000,"Message":"抱歉，您的账号存在风险，暂时无法参与本任务哦~","Data":null}

[09:47:03 INF] -----结束-----

[09:47:03 INF] ---开始 福利任务 ---
[09:47:03 ERR] 福利任务失败，继续其他任务。失败信息:Object reference not set to an instance of an object.

[09:47:03 INF] -------结束-------

[09:47:03 INF] ---开始 体验任务 ---
[09:47:03 ERR] 体验任务失败，继续其他任务。失败信息:Object reference not set to an instance of an object.

[09:47:03 INF] -------结束-------

[09:47:03 INF] ---开始 浏览追番频道页10秒 ---
[09:47:03 ERR] 浏览追番频道页10秒失败，继续其他任务。失败信息:Object reference not set to an instance of an object.

[09:47:03 INF] -------------结束-------------

[09:47:03 INF] ---开始 浏览会员购页面10秒 ---
[09:47:03 INF] 待实现...
[09:47:03 INF] -------------结束-------------

[09:47:03 INF] ---开始 观看任意正片内容 ---
[09:47:03 ERR] 观看任意正片内容失败，继续其他任务。失败信息:Object reference not set to an instance of an object.

[09:47:03 INF] -----------结束-----------

[09:47:03 INF] ---开始 购买单点付费影片（仅领取） ---
[09:47:03 ERR] 购买单点付费影片（仅领取）失败，继续其他任务。失败信息:Object reference not set to an instance of an object.

[09:47:03 INF] ----------------结束----------------

[09:47:03 INF] ---开始 购买指定会员购商品（仅领取） ---
[09:47:03 ERR] 购买指定会员购商品（仅领取）失败，继续其他任务。失败信息:Object reference not set to an instance of an object.

[09:47:03 INF] -----------------结束-----------------

[09:47:03 ERR] 程序发生异常：Object reference not set to an instance of an object.
[09:47:03 INF] ===========结束===========

[09:47:03 WRN] 异常：System.NullReferenceException: Object reference not set to an instance of an object.
   at Ray.BiliBiliTool.Application.VipBigPointAppService.DoTaskAsync(CancellationToken cancellationToken) in /home/runner/work/BiliBiliToolPro/BiliBiliToolPro/src/Ray.BiliBiliTool.Application/VipBigPointAppService.cs:line 141
   at Ray.BiliBiliTool.Console.BiliBiliToolHostedService.DoTasksAsync(String[] tasks, CancellationToken cancellationToken) in /home/runner/work/BiliBiliToolPro/BiliBiliToolPro/src/Ray.BiliBiliTool.Console/BiliBiliToolHostedService.cs:line 194
   at Ray.BiliBiliTool.Console.BiliBiliToolHostedService.StartAsync(CancellationToken cancellationToken) in /home/runner/work/BiliBiliToolPro/BiliBiliToolPro/src/Ray.BiliBiliTool.Console/BiliBiliToolHostedService.cs:line 76
[09:47:03 INF] ######### 账号 2 #########

[09:47:03 INF] =====开始 大会员大积分 =====

[09:47:03 INF] 大会员经验领取任务开始
[09:47:06 INF] ---开始 测试Cookie ---
[09:47:13 WRN] 登录异常，请检查Cookie是否错误或过期
[09:47:13 ERR] 程序发生异常：登录失败，请检查Cookie
[09:47:13 INF] -----------结束-----------

[09:47:13 ERR] 程序发生异常：登录失败，请检查Cookie
[09:47:13 INF] ===========结束===========

[09:47:13 WRN] 异常：System.Exception: 登录失败，请检查Cookie
   at Ray.BiliBiliTool.Application.VipBigPointAppService.GetUserInfo() in /home/runner/work/BiliBiliToolPro/BiliBiliToolPro/src/Ray.BiliBiliTool.Application/VipBigPointAppService.cs:line 150
   at Ray.BiliBiliTool.Application.VipBigPointAppService.DoTaskAsync(CancellationToken cancellationToken) in /home/runner/work/BiliBiliToolPro/BiliBiliToolPro/src/Ray.BiliBiliTool.Application/VipBigPointAppService.cs:line 98
   at Ray.BiliBiliTool.Console.BiliBiliToolHostedService.DoTasksAsync(String[] tasks, CancellationToken cancellationToken) in /home/runner/work/BiliBiliToolPro/BiliBiliToolPro/src/Ray.BiliBiliTool.Console/BiliBiliToolHostedService.cs:line 194
   at Ray.BiliBiliTool.Console.BiliBiliToolHostedService.StartAsync(CancellationToken cancellationToken) in /home/runner/work/BiliBiliToolPro/BiliBiliToolPro/src/Ray.BiliBiliTool.Console/BiliBiliToolHostedService.cs:line 76
[09:47:13 INF] ######### 账号 3 #########

[09:47:13 INF] =====开始 大会员大积分 =====

[09:47:13 INF] 大会员经验领取任务开始
[09:47:20 INF] ---开始 测试Cookie ---
[09:47:24 WRN] 登录异常，请检查Cookie是否错误或过期
[09:47:24 ERR] 程序发生异常：登录失败，请检查Cookie
[09:47:24 INF] -----------结束-----------

[09:47:24 ERR] 程序发生异常：登录失败，请检查Cookie
[09:47:24 INF] ===========结束===========

[09:47:24 WRN] 异常：System.Exception: 登录失败，请检查Cookie
   at Ray.BiliBiliTool.Application.VipBigPointAppService.GetUserInfo() in /home/runner/work/BiliBiliToolPro/BiliBiliToolPro/src/Ray.BiliBiliTool.Application/VipBigPointAppService.cs:line 150
   at Ray.BiliBiliTool.Application.VipBigPointAppService.DoTaskAsync(CancellationToken cancellationToken) in /home/runner/work/BiliBiliToolPro/BiliBiliToolPro/src/Ray.BiliBiliTool.Application/VipBigPointAppService.cs:line 98
   at Ray.BiliBiliTool.Console.BiliBiliToolHostedService.DoTasksAsync(String[] tasks, CancellationToken cancellationToken) in /home/runner/work/BiliBiliToolPro/BiliBiliToolPro/src/Ray.BiliBiliTool.Console/BiliBiliToolHostedService.cs:line 194
   at Ray.BiliBiliTool.Console.BiliBiliToolHostedService.StartAsync(CancellationToken cancellationToken) in /home/runner/work/BiliBiliToolPro/BiliBiliToolPro/src/Ray.BiliBiliTool.Console/BiliBiliToolHostedService.cs:line 76
[09:47:24 INF] 

========================

 v2.0.2 开源 by https://github.com/RayWangQvQ/BiliBiliToolPro

[09:47:24 INF] ·开始推送·VipBigPoint任务·
2024-01-24T01:47:24.7474967Z 开始推送到:PushPlus
2024-01-24T01:47:25.5548360Z Response status: OK.
2024-01-24T01:47:25.5548656Z Response content: {"code":200,"msg":"请求成功","data":"4f1d89d3b1ed4c4ab431c1915a74bc5e","count":null}.

[09:47:25 INF] 运行环境：Development
[09:47:25 INF] 应用目录：/home/runner/work/BiliBiliToolPro/BiliBiliToolPro/src/Ray.BiliBiliTool.Console/bin/Debug/net6.0/

[09:47:25 INF] 运行结束
