----------- ip 信息 ---------
{
  "ip": "172.183.98.98",
  "city": "Chicago",
  "region": "Illinois",
  "country": "US",
  "loc": "41.8500,-87.6500",
  "org": "AS8075 Microsoft Corporation",
  "postal": "60666",
  "timezone": "America/Chicago",
  "readme": "https://ipinfo.io/missingauth"
} ---------- end ------------
  ____               ____    _   _____           _  
 |  _ \ __ _ _   _  | __ ) _| |_|_   _|__   ___ | | 
 | |_) / _` | | | | |  _ \(_) (_) | |/ _ \ / _ \| | 
 |  _ < (_| | |_| | | |_) | | | | | | (_) | (_) | | 
 |_| \_\__,_|\__, | |____/|_|_|_| |_|\___/ \___/|_| 
             |___/                                  

[09:36:32 INF] BiliBiliToolPro 开始运行...

[09:36:32 INF] 【账号个数】3个

[09:36:32 INF] 随机休眠5分钟

[09:41:32 INF] 【目标任务】Daily
[09:41:32 INF] ######### 账号 1 #########

[09:41:32 INF] =====开始 每日任务 =====

[09:41:32 INF] ---开始 Set Cookie ---
[09:41:32 INF] Cookie完整，不需要Set Cookie
[09:41:32 INF] -------------结束-------------

[09:41:32 INF] ---开始 登录 ---
[09:41:39 INF] 【用户名】sunxxxxxgzi
[09:41:39 INF] 【会员类型】月度大会员
[09:41:39 INF] 【会员状态】正常
[09:41:39 INF] 【硬币余额】1096.2
[09:41:39 INF] 【距升级Lv6】预计884天
[09:41:39 INF] 登录成功，经验+5 √
[09:41:39 INF] -----结束-----

[09:41:44 INF] ---开始 观看、分享视频 ---
[09:42:01 INF] 【随机视频】但凡失误一次就射中了  :(
[09:42:01 INF] 今天已经观看过了，不需要再看啦
[09:42:08 INF] 视频分享成功，经验+5 √
[09:42:08 INF] ----------结束----------

[09:42:08 INF] ---开始 投币 ---
[09:42:08 INF] 已配置为跳过投币任务
[09:42:08 INF] -----结束-----

[09:42:08 INF] ---开始 直播签到 ---
[09:42:16 INF] 【签到结果】成功
[09:42:16 INF] 【本次获取】3000点用户经验,2根辣条,
[09:42:16 INF] -------结束-------

[09:42:16 INF] ---开始 漫画签到 ---
[09:42:22 INF] 【签到结果】成功
[09:42:22 INF] -------结束-------

[09:42:22 INF] ---开始 漫画阅读 ---
[09:42:28 INF] 【漫画阅读】成功
[09:42:28 INF] -------结束-------

[09:42:28 INF] ---开始 银瓜子兑换硬币 ---
[09:42:28 INF] 【目标兑换日期】25号
[09:42:28 INF] 【今天】25号
[09:42:32 INF] 【银瓜子余额】 582
[09:42:32 INF] 【硬币余额】 1096
[09:42:32 INF] 【今日剩余兑换次数】 1
[09:42:32 INF] 开始尝试兑换...
[09:42:40 INF] 【兑换结果】失败
[09:42:40 INF] 【原因】银瓜子余额不足
[09:42:40 INF] ----------结束----------

[09:42:40 INF] ---开始 领取大会员福利 ---
[09:42:40 INF] 普通会员和月度大会员每月不赠送B币券，不需要领取权益喽
[09:42:40 INF] ----------结束----------

[09:42:40 INF] ---开始 领取大会员漫画权益 ---
[09:42:40 INF] 【目标日期】1号
[09:42:40 INF] 【今天】25号
[09:42:40 INF] 跳过
[09:42:40 INF] ------------结束------------

[09:42:40 INF] ---开始 B币券充电 ---
[09:42:40 INF] 已配置为关闭，跳过
[09:42:40 INF] --------结束--------

[09:42:40 INF] =========结束=========

[09:42:40 INF] ######### 账号 2 #########

[09:42:40 INF] =====开始 每日任务 =====

[09:42:40 INF] ---开始 Set Cookie ---
[09:42:40 INF] Cookie完整，不需要Set Cookie
[09:42:40 INF] -------------结束-------------

[09:42:40 INF] ---开始 登录 ---
[09:42:43 WRN] 登录异常，请检查Cookie是否错误或过期
[09:42:43 ERR] 程序发生异常：登录失败，请检查Cookie
[09:42:43 INF] -----结束-----

[09:42:43 ERR] 程序发生异常：登录失败，请检查Cookie
[09:42:43 INF] =========结束=========

[09:42:43 WRN] 异常：System.Exception: 登录失败，请检查Cookie
   at Ray.BiliBiliTool.Application.DailyTaskAppService.Login() in /home/runner/work/BiliBiliToolPro/BiliBiliToolPro/src/Ray.BiliBiliTool.Application/DailyTaskAppService.cs:line 134
   at Ray.BiliBiliTool.Application.DailyTaskAppService.DoTaskAsync(CancellationToken cancellationToken) in /home/runner/work/BiliBiliToolPro/BiliBiliToolPro/src/Ray.BiliBiliTool.Application/DailyTaskAppService.cs:line 81
   at Ray.BiliBiliTool.Console.BiliBiliToolHostedService.DoTasksAsync(String[] tasks, CancellationToken cancellationToken) in /home/runner/work/BiliBiliToolPro/BiliBiliToolPro/src/Ray.BiliBiliTool.Console/BiliBiliToolHostedService.cs:line 194
   at Ray.BiliBiliTool.Console.BiliBiliToolHostedService.StartAsync(CancellationToken cancellationToken) in /home/runner/work/BiliBiliToolPro/BiliBiliToolPro/src/Ray.BiliBiliTool.Console/BiliBiliToolHostedService.cs:line 76
[09:42:43 INF] ######### 账号 3 #########

[09:42:43 INF] =====开始 每日任务 =====

[09:42:43 INF] ---开始 Set Cookie ---
[09:42:43 INF] Cookie完整，不需要Set Cookie
[09:42:43 INF] -------------结束-------------

[09:42:43 INF] ---开始 登录 ---
[09:42:50 WRN] 登录异常，请检查Cookie是否错误或过期
[09:42:50 ERR] 程序发生异常：登录失败，请检查Cookie
[09:42:50 INF] -----结束-----

[09:42:50 ERR] 程序发生异常：登录失败，请检查Cookie
[09:42:50 INF] =========结束=========

[09:42:50 WRN] 异常：System.Exception: 登录失败，请检查Cookie
   at Ray.BiliBiliTool.Application.DailyTaskAppService.Login() in /home/runner/work/BiliBiliToolPro/BiliBiliToolPro/src/Ray.BiliBiliTool.Application/DailyTaskAppService.cs:line 134
   at Ray.BiliBiliTool.Application.DailyTaskAppService.DoTaskAsync(CancellationToken cancellationToken) in /home/runner/work/BiliBiliToolPro/BiliBiliToolPro/src/Ray.BiliBiliTool.Application/DailyTaskAppService.cs:line 81
   at Ray.BiliBiliTool.Console.BiliBiliToolHostedService.DoTasksAsync(String[] tasks, CancellationToken cancellationToken) in /home/runner/work/BiliBiliToolPro/BiliBiliToolPro/src/Ray.BiliBiliTool.Console/BiliBiliToolHostedService.cs:line 194
   at Ray.BiliBiliTool.Console.BiliBiliToolHostedService.StartAsync(CancellationToken cancellationToken) in /home/runner/work/BiliBiliToolPro/BiliBiliToolPro/src/Ray.BiliBiliTool.Console/BiliBiliToolHostedService.cs:line 76
[09:42:50 INF] 

========================

 v2.0.2 开源 by https://github.com/RayWangQvQ/BiliBiliToolPro

[09:42:50 INF] ·开始推送·Daily任务·
2024-01-25T01:42:50.3508812Z 开始推送到:PushPlus
2024-01-25T01:42:51.4594067Z Response status: OK.
2024-01-25T01:42:51.4594630Z Response content: {"code":200,"msg":"请求成功","data":"8c254c988b5e4f6f8c4d2bc508ab0373","count":null}.

[09:42:51 INF] 运行环境：Development
[09:42:51 INF] 应用目录：/home/runner/work/BiliBiliToolPro/BiliBiliToolPro/src/Ray.BiliBiliTool.Console/bin/Debug/net6.0/

[09:42:51 INF] 运行结束
  ____               ____    _   _____           _  
 |  _ \ __ _ _   _  | __ ) _| |_|_   _|__   ___ | | 
 | |_) / _` | | | | |  _ \(_) (_) | |/ _ \ / _ \| | 
 |  _ < (_| | |_| | | |_) | | | | | | (_) | (_) | | 
 |_| \_\__,_|\__, | |____/|_|_|_| |_|\___/ \___/|_| 
             |___/                                  

[09:42:53 INF] BiliBiliToolPro 开始运行...

[09:42:54 INF] 【账号个数】3个

[09:42:54 INF] 随机休眠4分钟

[09:46:54 INF] 【目标任务】VipBigPoint
[09:46:54 INF] ######### 账号 1 #########

[09:46:54 INF] =====开始 大会员大积分 =====

[09:46:54 INF] 大会员经验领取任务开始
[09:47:00 INF] 大会员经验未兑换
[09:47:04 INF] 领取成功，经验+10 √
[09:47:04 INF] ---开始 测试Cookie ---
[09:47:11 INF] 【用户名】sunxxxxxgzi
[09:47:11 INF] 【会员类型】月度大会员
[09:47:11 INF] 【会员状态】正常
[09:47:11 INF] 【硬币余额】1096.2
[09:47:11 INF] 【距升级Lv6】预计883天
[09:47:11 INF] -----------结束-----------

[09:47:17 INF] ------当前任务状态------
[09:47:17 INF] 打卡：X
[09:47:17 INF] -福利任务
[09:47:17 INF] ---大会员福利大积分：√
[09:47:17 INF] -体验任务
[09:47:17 INF] ---浏览大会员权益页面：√
[09:47:17 INF] -日常任务
[09:47:17 INF] ---浏览装扮商城主页：X
[09:47:17 INF] ---浏览会员购页面10秒：X
[09:47:17 INF] ---购买指定会员购商品：X
[09:47:17 INF] ---浏览追番频道页10秒：X
[09:47:17 INF] ---观看任意正片内容：X
[09:47:17 INF] ---购买单点付费影片：X
[09:47:17 INF] ---购买指定装扮商品：X
[09:47:17 INF] ------------------------

[09:47:17 INF] ---开始 签到 ---
[09:47:23 ERR] 签到失败，继续其他任务。失败信息:{"Code":6007000,"Message":"抱歉，您的账号存在风险，暂时无法参与本任务哦~","Data":null}

[09:47:23 INF] -----结束-----

[09:47:23 INF] ---开始 福利任务 ---
[09:47:23 ERR] 福利任务失败，继续其他任务。失败信息:Object reference not set to an instance of an object.

[09:47:23 INF] -------结束-------

[09:47:23 INF] ---开始 体验任务 ---
[09:47:23 ERR] 体验任务失败，继续其他任务。失败信息:Object reference not set to an instance of an object.

[09:47:23 INF] -------结束-------

[09:47:23 INF] ---开始 浏览追番频道页10秒 ---
[09:47:23 ERR] 浏览追番频道页10秒失败，继续其他任务。失败信息:Object reference not set to an instance of an object.

[09:47:23 INF] -------------结束-------------

[09:47:23 INF] ---开始 浏览会员购页面10秒 ---
[09:47:23 INF] 待实现...
[09:47:23 INF] -------------结束-------------

[09:47:23 INF] ---开始 观看任意正片内容 ---
[09:47:23 ERR] 观看任意正片内容失败，继续其他任务。失败信息:Object reference not set to an instance of an object.

[09:47:23 INF] -----------结束-----------

[09:47:23 INF] ---开始 购买单点付费影片（仅领取） ---
[09:47:23 ERR] 购买单点付费影片（仅领取）失败，继续其他任务。失败信息:Object reference not set to an instance of an object.

[09:47:23 INF] ----------------结束----------------

[09:47:23 INF] ---开始 购买指定会员购商品（仅领取） ---
[09:47:23 ERR] 购买指定会员购商品（仅领取）失败，继续其他任务。失败信息:Object reference not set to an instance of an object.

[09:47:23 INF] -----------------结束-----------------

[09:47:23 ERR] 程序发生异常：Object reference not set to an instance of an object.
[09:47:23 INF] ===========结束===========

[09:47:23 WRN] 异常：System.NullReferenceException: Object reference not set to an instance of an object.
   at Ray.BiliBiliTool.Application.VipBigPointAppService.DoTaskAsync(CancellationToken cancellationToken) in /home/runner/work/BiliBiliToolPro/BiliBiliToolPro/src/Ray.BiliBiliTool.Application/VipBigPointAppService.cs:line 141
   at Ray.BiliBiliTool.Console.BiliBiliToolHostedService.DoTasksAsync(String[] tasks, CancellationToken cancellationToken) in /home/runner/work/BiliBiliToolPro/BiliBiliToolPro/src/Ray.BiliBiliTool.Console/BiliBiliToolHostedService.cs:line 194
   at Ray.BiliBiliTool.Console.BiliBiliToolHostedService.StartAsync(CancellationToken cancellationToken) in /home/runner/work/BiliBiliToolPro/BiliBiliToolPro/src/Ray.BiliBiliTool.Console/BiliBiliToolHostedService.cs:line 76
[09:47:23 INF] ######### 账号 2 #########

[09:47:23 INF] =====开始 大会员大积分 =====

[09:47:23 INF] 大会员经验领取任务开始
[09:47:30 INF] ---开始 测试Cookie ---
[09:47:35 WRN] 登录异常，请检查Cookie是否错误或过期
[09:47:35 ERR] 程序发生异常：登录失败，请检查Cookie
[09:47:35 INF] -----------结束-----------

[09:47:35 ERR] 程序发生异常：登录失败，请检查Cookie
[09:47:35 INF] ===========结束===========

[09:47:35 WRN] 异常：System.Exception: 登录失败，请检查Cookie
   at Ray.BiliBiliTool.Application.VipBigPointAppService.GetUserInfo() in /home/runner/work/BiliBiliToolPro/BiliBiliToolPro/src/Ray.BiliBiliTool.Application/VipBigPointAppService.cs:line 150
   at Ray.BiliBiliTool.Application.VipBigPointAppService.DoTaskAsync(CancellationToken cancellationToken) in /home/runner/work/BiliBiliToolPro/BiliBiliToolPro/src/Ray.BiliBiliTool.Application/VipBigPointAppService.cs:line 98
   at Ray.BiliBiliTool.Console.BiliBiliToolHostedService.DoTasksAsync(String[] tasks, CancellationToken cancellationToken) in /home/runner/work/BiliBiliToolPro/BiliBiliToolPro/src/Ray.BiliBiliTool.Console/BiliBiliToolHostedService.cs:line 194
   at Ray.BiliBiliTool.Console.BiliBiliToolHostedService.StartAsync(CancellationToken cancellationToken) in /home/runner/work/BiliBiliToolPro/BiliBiliToolPro/src/Ray.BiliBiliTool.Console/BiliBiliToolHostedService.cs:line 76
[09:47:35 INF] ######### 账号 3 #########

[09:47:35 INF] =====开始 大会员大积分 =====

[09:47:35 INF] 大会员经验领取任务开始
[09:47:39 INF] ---开始 测试Cookie ---
[09:47:45 WRN] 登录异常，请检查Cookie是否错误或过期
[09:47:45 ERR] 程序发生异常：登录失败，请检查Cookie
[09:47:45 INF] -----------结束-----------

[09:47:45 ERR] 程序发生异常：登录失败，请检查Cookie
[09:47:45 INF] ===========结束===========

[09:47:45 WRN] 异常：System.Exception: 登录失败，请检查Cookie
   at Ray.BiliBiliTool.Application.VipBigPointAppService.GetUserInfo() in /home/runner/work/BiliBiliToolPro/BiliBiliToolPro/src/Ray.BiliBiliTool.Application/VipBigPointAppService.cs:line 150
   at Ray.BiliBiliTool.Application.VipBigPointAppService.DoTaskAsync(CancellationToken cancellationToken) in /home/runner/work/BiliBiliToolPro/BiliBiliToolPro/src/Ray.BiliBiliTool.Application/VipBigPointAppService.cs:line 98
   at Ray.BiliBiliTool.Console.BiliBiliToolHostedService.DoTasksAsync(String[] tasks, CancellationToken cancellationToken) in /home/runner/work/BiliBiliToolPro/BiliBiliToolPro/src/Ray.BiliBiliTool.Console/BiliBiliToolHostedService.cs:line 194
   at Ray.BiliBiliTool.Console.BiliBiliToolHostedService.StartAsync(CancellationToken cancellationToken) in /home/runner/work/BiliBiliToolPro/BiliBiliToolPro/src/Ray.BiliBiliTool.Console/BiliBiliToolHostedService.cs:line 76
[09:47:45 INF] 

========================

 v2.0.2 开源 by https://github.com/RayWangQvQ/BiliBiliToolPro

[09:47:45 INF] ·开始推送·VipBigPoint任务·
2024-01-25T01:47:45.2181911Z 开始推送到:PushPlus
2024-01-25T01:47:46.2879722Z Response status: OK.
2024-01-25T01:47:46.2880114Z Response content: {"code":200,"msg":"请求成功","data":"0c6b3bd099cc481eb36af44897c6b67e","count":null}.

[09:47:46 INF] 运行环境：Development
[09:47:46 INF] 应用目录：/home/runner/work/BiliBiliToolPro/BiliBiliToolPro/src/Ray.BiliBiliTool.Console/bin/Debug/net6.0/

[09:47:46 INF] 运行结束
