----------- ip 信息 ---------
{
  "ip": "20.172.25.79",
  "city": "Phoenix",
  "region": "Arizona",
  "country": "US",
  "loc": "33.4484,-112.0740",
  "org": "AS8075 Microsoft Corporation",
  "postal": "85001",
  "timezone": "America/Phoenix",
  "readme": "https://ipinfo.io/missingauth"
} ---------- end ------------
  ____               ____    _   _____           _  
 |  _ \ __ _ _   _  | __ ) _| |_|_   _|__   ___ | | 
 | |_) / _` | | | | |  _ \(_) (_) | |/ _ \ / _ \| | 
 |  _ < (_| | |_| | | |_) | | | | | | (_) | (_) | | 
 |_| \_\__,_|\__, | |____/|_|_|_| |_|\___/ \___/|_| 
             |___/                                  

[09:33:37 INF] BiliBiliToolPro 开始运行...

[09:33:37 INF] 【账号个数】3个

[09:33:37 INF] 随机休眠1分钟

[09:34:37 INF] 【目标任务】Daily
[09:34:37 INF] ######### 账号 1 #########

[09:34:37 INF] =====开始 每日任务 =====

[09:34:37 INF] ---开始 Set Cookie ---
[09:34:37 INF] Cookie完整，不需要Set Cookie
[09:34:37 INF] -------------结束-------------

[09:34:37 INF] ---开始 登录 ---
[09:34:43 INF] 【用户名】sunxxxxxgzi
[09:34:43 INF] 【会员类型】月度大会员
[09:34:43 INF] 【会员状态】无/过期
[09:34:43 INF] 【硬币余额】738.2
[09:34:43 INF] 【距升级Lv6】214天（如每日做满65点经验）
[09:34:43 INF] 登录成功，经验+5 √
[09:34:43 INF] -----结束-----

[09:34:50 INF] ---开始 观看、分享视频 ---
[09:35:11 INF] 【随机视频】【开箱】￥499小米皮皮灯！😅除了没用哪都好...
[09:35:22 INF] 视频播放成功，已观看到第5秒，经验+5 √
[09:35:25 INF] 视频分享成功，经验+5 √
[09:35:25 INF] ----------结束----------

[09:35:25 INF] ---开始 投币 ---
[09:35:25 INF] 已配置为跳过投币任务
[09:35:25 INF] -----结束-----

[09:35:25 INF] ---开始 直播签到 ---
[09:35:29 INF] 【签到结果】成功
[09:35:29 INF] 【本次获取】3000点用户经验,2根辣条,再签到3天可以获得666银瓜子
[09:35:29 INF] -------结束-------

[09:35:29 INF] ---开始 漫画签到 ---
[09:35:37 INF] 【签到结果】成功
[09:35:37 INF] -------结束-------

[09:35:37 INF] ---开始 漫画阅读 ---
[09:35:42 INF] 【漫画阅读】成功, 阅读漫画为：堀与宫村
[09:35:42 INF] -------结束-------

[09:35:42 INF] ---开始 银瓜子兑换硬币 ---
[09:35:42 INF] 【目标兑换日期】2号
[09:35:42 INF] 【今天】2号
[09:35:46 INF] 【银瓜子余额】 616
[09:35:46 INF] 【硬币余额】 738
[09:35:46 INF] 【今日剩余兑换次数】 1
[09:35:46 INF] 开始尝试兑换...
[09:35:53 INF] 【兑换结果】失败
[09:35:53 INF] 【原因】银瓜子余额不足
[09:35:53 INF] ----------结束----------

[09:35:53 INF] ---开始 领取大会员福利 ---
[09:35:53 INF] 普通会员和月度大会员每月不赠送B币券，不需要领取权益喽
[09:35:53 INF] ----------结束----------

[09:35:53 INF] ---开始 领取大会员漫画权益 ---
[09:35:53 INF] 不是会员，跳过
[09:35:53 INF] ------------结束------------

[09:35:53 INF] ---开始 B币券充电 ---
[09:35:53 INF] 不是年度大会员，跳过
[09:35:53 INF] --------结束--------

[09:35:53 INF] =========结束=========

[09:35:53 INF] ######### 账号 2 #########

[09:35:53 INF] =====开始 每日任务 =====

[09:35:53 INF] ---开始 Set Cookie ---
[09:35:53 INF] Cookie完整，不需要Set Cookie
[09:35:53 INF] -------------结束-------------

[09:35:53 INF] ---开始 登录 ---
[09:35:57 INF] 【用户名】bilixxxxxxxx1879
[09:35:57 INF] 【会员类型】月度大会员
[09:35:57 INF] 【会员状态】无/过期
[09:35:57 INF] 【硬币余额】525
[09:35:57 INF] 【距升级Lv5】48天（如每日做满65点经验）
[09:35:57 INF] 登录成功，经验+5 √
[09:35:57 INF] -----结束-----

[09:36:01 INF] ---开始 观看、分享视频 ---
[09:36:21 INF] 【随机视频】【智能桌面】3000元触控屏,不如99元开关？
[09:36:29 INF] 视频播放成功，已观看到第13秒，经验+5 √
[09:36:37 INF] 视频分享成功，经验+5 √
[09:36:37 INF] ----------结束----------

[09:36:37 INF] ---开始 投币 ---
[09:36:37 INF] 已配置为跳过投币任务
[09:36:37 INF] -----结束-----

[09:36:37 INF] ---开始 直播签到 ---
[09:36:43 INF] 【签到结果】成功
[09:36:43 INF] 【本次获取】3000点用户经验,2根辣条,再签到3天可以获得666银瓜子
[09:36:43 INF] -------结束-------

[09:36:43 INF] ---开始 漫画签到 ---
[09:36:48 INF] 【签到结果】成功
[09:36:48 INF] -------结束-------

[09:36:48 INF] ---开始 漫画阅读 ---
[09:36:56 INF] 【漫画阅读】成功, 阅读漫画为：堀与宫村
[09:36:56 INF] -------结束-------

[09:36:56 INF] ---开始 银瓜子兑换硬币 ---
[09:36:56 INF] 【目标兑换日期】2号
[09:36:56 INF] 【今天】2号
[09:36:59 INF] 【银瓜子余额】 388
[09:36:59 INF] 【硬币余额】 525
[09:36:59 INF] 【今日剩余兑换次数】 1
[09:36:59 INF] 开始尝试兑换...
[09:37:04 INF] 【兑换结果】失败
[09:37:04 INF] 【原因】银瓜子余额不足
[09:37:04 INF] ----------结束----------

[09:37:04 INF] ---开始 领取大会员福利 ---
[09:37:04 INF] 普通会员和月度大会员每月不赠送B币券，不需要领取权益喽
[09:37:04 INF] ----------结束----------

[09:37:04 INF] ---开始 领取大会员漫画权益 ---
[09:37:04 INF] 不是会员，跳过
[09:37:04 INF] ------------结束------------

[09:37:04 INF] ---开始 B币券充电 ---
[09:37:04 INF] 不是年度大会员，跳过
[09:37:04 INF] --------结束--------

[09:37:04 INF] =========结束=========

[09:37:04 INF] ######### 账号 3 #########

[09:37:04 INF] =====开始 每日任务 =====

[09:37:04 INF] ---开始 Set Cookie ---
[09:37:04 INF] Cookie完整，不需要Set Cookie
[09:37:04 INF] -------------结束-------------

[09:37:04 INF] ---开始 登录 ---
[09:37:07 WRN] 登录异常，请检查Cookie是否错误或过期
[09:37:07 ERR] 程序发生异常：登录失败，请检查Cookie
[09:37:07 INF] -----结束-----

[09:37:07 ERR] 程序发生异常：登录失败，请检查Cookie
[09:37:07 INF] =========结束=========

[09:37:07 WRN] 异常：System.Exception: 登录失败，请检查Cookie
   at Ray.BiliBiliTool.Application.DailyTaskAppService.Login() in /home/runner/work/BiliBiliToolPro/BiliBiliToolPro/src/Ray.BiliBiliTool.Application/DailyTaskAppService.cs:line 127
   at Ray.BiliBiliTool.Application.DailyTaskAppService.DoTaskAsync(CancellationToken cancellationToken) in /home/runner/work/BiliBiliToolPro/BiliBiliToolPro/src/Ray.BiliBiliTool.Application/DailyTaskAppService.cs:line 78
   at Ray.BiliBiliTool.Console.BiliBiliToolHostedService.DoTasksAsync(String[] tasks, CancellationToken cancellationToken) in /home/runner/work/BiliBiliToolPro/BiliBiliToolPro/src/Ray.BiliBiliTool.Console/BiliBiliToolHostedService.cs:line 188
   at Ray.BiliBiliTool.Console.BiliBiliToolHostedService.StartAsync(CancellationToken cancellationToken) in /home/runner/work/BiliBiliToolPro/BiliBiliToolPro/src/Ray.BiliBiliTool.Console/BiliBiliToolHostedService.cs:line 76
[09:37:07 INF] 

========================

 v2.0.1 开源 by https://github.com/RayWangQvQ/BiliBiliToolPro

[09:37:07 INF] ·开始推送·Daily任务·
2024-01-02T01:37:07.9587179Z 开始推送到:PushPlus
2024-01-02T01:37:09.2676818Z Response status: OK.
2024-01-02T01:37:09.2677100Z Response content: {"code":200,"msg":"请求成功","data":"f0cf2ab2ce5347c88813b8220e1bd8b5","count":null}.

[09:37:09 INF] 运行环境：Development
[09:37:09 INF] 应用目录：/home/runner/work/BiliBiliToolPro/BiliBiliToolPro/src/Ray.BiliBiliTool.Console/bin/Debug/net6.0/

[09:37:09 INF] 运行结束
