----------- ip 信息 ---------
{
  "ip": "20.55.14.163",
  "city": "Washington",
  "region": "Virginia",
  "country": "US",
  "loc": "38.7135,-78.1594",
  "org": "AS8075 Microsoft Corporation",
  "postal": "22747",
  "timezone": "America/New_York",
  "readme": "https://ipinfo.io/missingauth"
} ---------- end ------------
  ____               ____    _   _____           _  
 |  _ \ __ _ _   _  | __ ) _| |_|_   _|__   ___ | | 
 | |_) / _` | | | | |  _ \(_) (_) | |/ _ \ / _ \| | 
 |  _ < (_| | |_| | | |_) | | | | | | (_) | (_) | | 
 |_| \_\__,_|\__, | |____/|_|_|_| |_|\___/ \___/|_| 
             |___/                                  

[13:08:59 INF] BiliBiliToolPro 开始运行...

[13:08:59 INF] 【账号个数】3个

[13:08:59 INF] 随机休眠3分钟

[13:11:59 INF] 【目标任务】Daily
[13:11:59 INF] ######### 账号 1 #########

[13:11:59 INF] =====开始 每日任务 =====

[13:11:59 INF] ---开始 Set Cookie ---
[13:11:59 INF] Cookie完整，不需要Set Cookie
[13:11:59 INF] -------------结束-------------

[13:11:59 INF] ---开始 登录 ---
[13:12:05 INF] 【用户名】sunxxxxxgzi
[13:12:05 INF] 【会员类型】月度大会员
[13:12:05 INF] 【会员状态】正常
[13:12:05 INF] 【硬币余额】1096.2
[13:12:05 INF] 【距升级Lv6】预计868天
[13:12:05 INF] 登录成功，经验+5 √
[13:12:05 INF] -----结束-----

[13:12:10 INF] ---开始 观看、分享视频 ---
[13:12:29 INF] 【随机视频】粉丝花398买了个魔立块，拆开看看这哥们交了多少智商税
[13:12:29 INF] 今天已经观看过了，不需要再看啦
[13:12:38 INF] 视频分享成功，经验+5 √
[13:12:38 INF] ----------结束----------

[13:12:39 INF] ---开始 投币 ---
[13:12:39 INF] 已配置为跳过投币任务
[13:12:39 INF] -----结束-----

[13:12:39 INF] ---开始 直播签到 ---
[13:12:46 INF] 【签到结果】成功
[13:12:46 INF] 【本次获取】3000点用户经验,2根辣条,再签到4天可以获得666银瓜子
[13:12:46 INF] -------结束-------

[13:12:46 INF] ---开始 漫画签到 ---
[13:12:52 INF] 【签到结果】成功
[13:12:52 INF] -------结束-------

[13:12:52 INF] ---开始 漫画阅读 ---
[13:12:59 INF] 【漫画阅读】成功
[13:12:59 INF] -------结束-------

[13:12:59 INF] ---开始 银瓜子兑换硬币 ---
[13:12:59 INF] 【目标兑换日期】3号
[13:12:59 INF] 【今天】3号
[13:13:04 INF] 【银瓜子余额】 582
[13:13:04 INF] 【硬币余额】 1096
[13:13:04 INF] 【今日剩余兑换次数】 1
[13:13:04 INF] 开始尝试兑换...
[13:13:11 INF] 【兑换结果】失败
[13:13:11 INF] 【原因】银瓜子余额不足
[13:13:11 INF] ----------结束----------

[13:13:11 INF] ---开始 领取大会员福利 ---
[13:13:11 INF] 普通会员和月度大会员每月不赠送B币券，不需要领取权益喽
[13:13:11 INF] ----------结束----------

[13:13:11 INF] ---开始 领取大会员漫画权益 ---
[13:13:11 INF] 【目标日期】1号
[13:13:11 INF] 【今天】3号
[13:13:11 INF] 跳过
[13:13:11 INF] ------------结束------------

[13:13:11 INF] ---开始 B币券充电 ---
[13:13:11 INF] 已配置为关闭，跳过
[13:13:11 INF] --------结束--------

[13:13:11 INF] =========结束=========

[13:13:11 INF] ######### 账号 2 #########

[13:13:11 INF] =====开始 每日任务 =====

[13:13:11 INF] ---开始 Set Cookie ---
[13:13:11 INF] Cookie完整，不需要Set Cookie
[13:13:11 INF] -------------结束-------------

[13:13:11 INF] ---开始 登录 ---
[13:13:19 INF] 【用户名】bilixxxxxxxx1879
[13:13:19 INF] 【会员类型】月度大会员
[13:13:19 INF] 【会员状态】无/过期
[13:13:19 INF] 【硬币余额】548
[13:13:19 INF] 【距升级Lv5】预计177天
[13:13:19 INF] 登录成功，经验+5 √
[13:13:19 INF] -----结束-----

[13:13:26 INF] ---开始 观看、分享视频 ---
[13:13:51 INF] 【随机视频】首部中国登月旅游攻略，兔子竟然偷偷搞登月？？
[13:13:51 INF] 今天已经观看过了，不需要再看啦
[13:14:02 INF] 视频分享成功，经验+5 √
[13:14:02 INF] ----------结束----------

[13:14:02 INF] ---开始 投币 ---
[13:14:02 INF] 已配置为跳过投币任务
[13:14:02 INF] -----结束-----

[13:14:02 INF] ---开始 直播签到 ---
[13:14:08 INF] 【签到结果】成功
[13:14:08 INF] 【本次获取】3000点用户经验,2根辣条,再签到4天可以获得666银瓜子
[13:14:08 INF] -------结束-------

[13:14:08 INF] ---开始 漫画签到 ---
[13:14:15 INF] 【签到结果】成功
[13:14:15 INF] -------结束-------

[13:14:15 INF] ---开始 漫画阅读 ---
[13:14:22 INF] 【漫画阅读】成功
[13:14:22 INF] -------结束-------

[13:14:22 INF] ---开始 银瓜子兑换硬币 ---
[13:14:22 INF] 【目标兑换日期】3号
[13:14:22 INF] 【今天】3号
[13:14:28 INF] 【银瓜子余额】 354
[13:14:28 INF] 【硬币余额】 548
[13:14:28 INF] 【今日剩余兑换次数】 1
[13:14:28 INF] 开始尝试兑换...
[13:14:32 INF] 【兑换结果】失败
[13:14:32 INF] 【原因】银瓜子余额不足
[13:14:32 INF] ----------结束----------

[13:14:32 INF] ---开始 领取大会员福利 ---
[13:14:32 INF] 普通会员和月度大会员每月不赠送B币券，不需要领取权益喽
[13:14:32 INF] ----------结束----------

[13:14:32 INF] ---开始 领取大会员漫画权益 ---
[13:14:32 INF] 不是会员，跳过
[13:14:32 INF] ------------结束------------

[13:14:32 INF] ---开始 B币券充电 ---
[13:14:32 INF] 已配置为关闭，跳过
[13:14:32 INF] --------结束--------

[13:14:32 INF] =========结束=========

[13:14:32 INF] ######### 账号 3 #########

[13:14:32 INF] =====开始 每日任务 =====

[13:14:32 INF] ---开始 Set Cookie ---
[13:14:32 INF] Cookie完整，不需要Set Cookie
[13:14:32 INF] -------------结束-------------

[13:14:32 INF] ---开始 登录 ---
[13:14:38 WRN] 登录异常，请检查Cookie是否错误或过期
[13:14:38 ERR] 程序发生异常：登录失败，请检查Cookie
[13:14:38 INF] -----结束-----

[13:14:38 ERR] 程序发生异常：登录失败，请检查Cookie
[13:14:38 INF] =========结束=========

[13:14:38 WRN] 异常：System.Exception: 登录失败，请检查Cookie
   at Ray.BiliBiliTool.Application.DailyTaskAppService.Login() in /home/runner/work/BiliBiliToolPro/BiliBiliToolPro/src/Ray.BiliBiliTool.Application/DailyTaskAppService.cs:line 134
   at Ray.BiliBiliTool.Application.DailyTaskAppService.DoTaskAsync(CancellationToken cancellationToken) in /home/runner/work/BiliBiliToolPro/BiliBiliToolPro/src/Ray.BiliBiliTool.Application/DailyTaskAppService.cs:line 81
   at Ray.BiliBiliTool.Console.BiliBiliToolHostedService.DoTasksAsync(String[] tasks, CancellationToken cancellationToken) in /home/runner/work/BiliBiliToolPro/BiliBiliToolPro/src/Ray.BiliBiliTool.Console/BiliBiliToolHostedService.cs:line 194
   at Ray.BiliBiliTool.Console.BiliBiliToolHostedService.StartAsync(CancellationToken cancellationToken) in /home/runner/work/BiliBiliToolPro/BiliBiliToolPro/src/Ray.BiliBiliTool.Console/BiliBiliToolHostedService.cs:line 76
[13:14:38 INF] 

========================

 v2.0.2 开源 by https://github.com/RayWangQvQ/BiliBiliToolPro

[13:14:38 INF] ·开始推送·Daily任务·
2024-02-03T05:14:38.9370833Z 开始推送到:PushPlus
2024-02-03T05:14:40.3299657Z Response status: OK.
2024-02-03T05:14:40.3300056Z Response content: {"code":200,"msg":"请求成功","data":"ac7ed297521d4d9a9d1408dba3063872","count":null}.

[13:14:40 INF] 运行环境：Development
[13:14:40 INF] 应用目录：/home/runner/work/BiliBiliToolPro/BiliBiliToolPro/src/Ray.BiliBiliTool.Console/bin/Debug/net6.0/

[13:14:40 INF] 运行结束
  ____               ____    _   _____           _  
 |  _ \ __ _ _   _  | __ ) _| |_|_   _|__   ___ | | 
 | |_) / _` | | | | |  _ \(_) (_) | |/ _ \ / _ \| | 
 |  _ < (_| | |_| | | |_) | | | | | | (_) | (_) | | 
 |_| \_\__,_|\__, | |____/|_|_|_| |_|\___/ \___/|_| 
             |___/                                  

[13:14:42 INF] BiliBiliToolPro 开始运行...

[13:14:42 INF] 【账号个数】3个

[13:14:42 INF] 随机休眠3分钟

[13:17:42 INF] 【目标任务】VipBigPoint
[13:17:42 INF] ######### 账号 1 #########

[13:17:42 INF] =====开始 大会员大积分 =====

[13:17:42 INF] 大会员经验领取任务开始
[13:17:48 INF] 大会员经验未兑换
[13:17:54 INF] 领取成功，经验+10 √
[13:17:54 INF] ---开始 测试Cookie ---
[13:17:59 INF] 【用户名】sunxxxxxgzi
[13:17:59 INF] 【会员类型】月度大会员
[13:17:59 INF] 【会员状态】正常
[13:17:59 INF] 【硬币余额】1096.2
[13:17:59 INF] 【距升级Lv6】预计867天
[13:17:59 INF] -----------结束-----------

[13:18:02 INF] ------当前任务状态------
[13:18:02 INF] 打卡：X
[13:18:02 INF] -福利任务
[13:18:02 INF] ---大会员福利大积分：√
[13:18:02 INF] -体验任务
[13:18:02 INF] ---浏览大会员权益页面：√
[13:18:02 INF] -日常任务
[13:18:02 INF] ---浏览装扮商城主页：X
[13:18:02 INF] ---浏览会员购页面10秒：X
[13:18:02 INF] ---购买指定会员购商品：X
[13:18:02 INF] ---浏览追番频道页10秒：X
[13:18:02 INF] ---观看任意正片内容：X
[13:18:02 INF] ---购买单点付费影片：X
[13:18:02 INF] ---购买指定装扮商品：X
[13:18:02 INF] ------------------------

[13:18:02 INF] ---开始 签到 ---
[13:18:07 ERR] 签到失败，继续其他任务。失败信息:{"Code":6007000,"Message":"抱歉，您的账号存在风险，暂时无法参与本任务哦~","Data":null}

[13:18:07 INF] -----结束-----

[13:18:07 INF] ---开始 福利任务 ---
[13:18:07 ERR] 福利任务失败，继续其他任务。失败信息:Object reference not set to an instance of an object.

[13:18:07 INF] -------结束-------

[13:18:07 INF] ---开始 体验任务 ---
[13:18:07 ERR] 体验任务失败，继续其他任务。失败信息:Object reference not set to an instance of an object.

[13:18:07 INF] -------结束-------

[13:18:07 INF] ---开始 浏览追番频道页10秒 ---
[13:18:07 ERR] 浏览追番频道页10秒失败，继续其他任务。失败信息:Object reference not set to an instance of an object.

[13:18:07 INF] -------------结束-------------

[13:18:07 INF] ---开始 浏览会员购页面10秒 ---
[13:18:07 INF] 待实现...
[13:18:07 INF] -------------结束-------------

[13:18:07 INF] ---开始 观看任意正片内容 ---
[13:18:07 ERR] 观看任意正片内容失败，继续其他任务。失败信息:Object reference not set to an instance of an object.

[13:18:07 INF] -----------结束-----------

[13:18:07 INF] ---开始 购买单点付费影片（仅领取） ---
[13:18:07 ERR] 购买单点付费影片（仅领取）失败，继续其他任务。失败信息:Object reference not set to an instance of an object.

[13:18:07 INF] ----------------结束----------------

[13:18:07 INF] ---开始 购买指定会员购商品（仅领取） ---
[13:18:07 ERR] 购买指定会员购商品（仅领取）失败，继续其他任务。失败信息:Object reference not set to an instance of an object.

[13:18:07 INF] -----------------结束-----------------

[13:18:07 ERR] 程序发生异常：Object reference not set to an instance of an object.
[13:18:07 INF] ===========结束===========

[13:18:07 WRN] 异常：System.NullReferenceException: Object reference not set to an instance of an object.
   at Ray.BiliBiliTool.Application.VipBigPointAppService.DoTaskAsync(CancellationToken cancellationToken) in /home/runner/work/BiliBiliToolPro/BiliBiliToolPro/src/Ray.BiliBiliTool.Application/VipBigPointAppService.cs:line 141
   at Ray.BiliBiliTool.Console.BiliBiliToolHostedService.DoTasksAsync(String[] tasks, CancellationToken cancellationToken) in /home/runner/work/BiliBiliToolPro/BiliBiliToolPro/src/Ray.BiliBiliTool.Console/BiliBiliToolHostedService.cs:line 194
   at Ray.BiliBiliTool.Console.BiliBiliToolHostedService.StartAsync(CancellationToken cancellationToken) in /home/runner/work/BiliBiliToolPro/BiliBiliToolPro/src/Ray.BiliBiliTool.Console/BiliBiliToolHostedService.cs:line 76
[13:18:07 INF] ######### 账号 2 #########

[13:18:07 INF] =====开始 大会员大积分 =====

[13:18:07 INF] 大会员经验领取任务开始
[13:18:14 INF] 大会员经验未兑换
[13:18:20 INF] 领取成功，经验+10 √
[13:18:20 INF] ---开始 测试Cookie ---
[13:18:27 INF] 【用户名】bilixxxxxxxx1879
[13:18:27 INF] 【会员类型】月度大会员
[13:18:27 INF] 【会员状态】无/过期
[13:18:27 INF] 【硬币余额】548
[13:18:27 INF] 【距升级Lv5】预计176天
[13:18:27 INF] -----------结束-----------

[13:18:27 INF] 当前不是大会员或已过期，跳过任务
[13:18:27 INF] ===========结束===========

[13:18:27 INF] ######### 账号 3 #########

[13:18:27 INF] =====开始 大会员大积分 =====

[13:18:27 INF] 大会员经验领取任务开始
[13:18:32 INF] ---开始 测试Cookie ---
[13:18:39 WRN] 登录异常，请检查Cookie是否错误或过期
[13:18:39 ERR] 程序发生异常：登录失败，请检查Cookie
[13:18:39 INF] -----------结束-----------

[13:18:39 ERR] 程序发生异常：登录失败，请检查Cookie
[13:18:39 INF] ===========结束===========

[13:18:39 WRN] 异常：System.Exception: 登录失败，请检查Cookie
   at Ray.BiliBiliTool.Application.VipBigPointAppService.GetUserInfo() in /home/runner/work/BiliBiliToolPro/BiliBiliToolPro/src/Ray.BiliBiliTool.Application/VipBigPointAppService.cs:line 150
   at Ray.BiliBiliTool.Application.VipBigPointAppService.DoTaskAsync(CancellationToken cancellationToken) in /home/runner/work/BiliBiliToolPro/BiliBiliToolPro/src/Ray.BiliBiliTool.Application/VipBigPointAppService.cs:line 98
   at Ray.BiliBiliTool.Console.BiliBiliToolHostedService.DoTasksAsync(String[] tasks, CancellationToken cancellationToken) in /home/runner/work/BiliBiliToolPro/BiliBiliToolPro/src/Ray.BiliBiliTool.Console/BiliBiliToolHostedService.cs:line 194
   at Ray.BiliBiliTool.Console.BiliBiliToolHostedService.StartAsync(CancellationToken cancellationToken) in /home/runner/work/BiliBiliToolPro/BiliBiliToolPro/src/Ray.BiliBiliTool.Console/BiliBiliToolHostedService.cs:line 76
[13:18:39 INF] 

========================

 v2.0.2 开源 by https://github.com/RayWangQvQ/BiliBiliToolPro

[13:18:39 INF] ·开始推送·VipBigPoint任务·
2024-02-03T05:18:39.8347863Z 开始推送到:PushPlus
2024-02-03T05:18:40.7089009Z Response status: OK.
2024-02-03T05:18:40.7089445Z Response content: {"code":200,"msg":"请求成功","data":"4b79a86db2a64fa0bc85241b4103cd79","count":null}.

[13:18:40 INF] 运行环境：Development
[13:18:40 INF] 应用目录：/home/runner/work/BiliBiliToolPro/BiliBiliToolPro/src/Ray.BiliBiliTool.Console/bin/Debug/net6.0/

[13:18:40 INF] 运行结束
