----------- ip 信息 ---------
{
  "ip": "20.109.39.240",
  "city": "Boydton",
  "region": "Virginia",
  "country": "US",
  "loc": "36.6676,-78.3875",
  "org": "AS8075 Microsoft Corporation",
  "postal": "23917",
  "timezone": "America/New_York",
  "readme": "https://ipinfo.io/missingauth"
} ---------- end ------------
  ____               ____    _   _____           _  
 |  _ \ __ _ _   _  | __ ) _| |_|_   _|__   ___ | | 
 | |_) / _` | | | | |  _ \(_) (_) | |/ _ \ / _ \| | 
 |  _ < (_| | |_| | | |_) | | | | | | (_) | (_) | | 
 |_| \_\__,_|\__, | |____/|_|_|_| |_|\___/ \___/|_| 
             |___/                                  

[09:34:55 INF] BiliBiliToolPro 开始运行...

[09:34:55 INF] 【账号个数】3个

[09:34:55 INF] 随机休眠2分钟

[09:36:55 INF] 【目标任务】Daily
[09:36:55 INF] ######### 账号 1 #########

[09:36:55 INF] =====开始 每日任务 =====

[09:36:55 INF] ---开始 Set Cookie ---
[09:36:55 INF] Cookie完整，不需要Set Cookie
[09:36:55 INF] -------------结束-------------

[09:36:55 INF] ---开始 登录 ---
[09:37:01 INF] 【用户名】sunxxxxxgzi
[09:37:01 INF] 【会员类型】月度大会员
[09:37:01 INF] 【会员状态】正常
[09:37:01 INF] 【硬币余额】1097.2
[09:37:01 INF] 【距升级Lv6】预计904天
[09:37:01 INF] 登录成功，经验+5 √
[09:37:01 INF] -----结束-----

[09:37:08 INF] ---开始 观看、分享视频 ---
[09:37:28 INF] 【随机视频】【开箱】我竟收到了3台"洗地机"？
[09:37:37 INF] 视频播放成功，已观看到第1秒，经验+5 √
[09:37:40 INF] 视频分享成功，经验+5 √
[09:37:40 INF] ----------结束----------

[09:37:40 INF] ---开始 投币 ---
[09:37:40 INF] 已配置为跳过投币任务
[09:37:40 INF] -----结束-----

[09:37:40 INF] ---开始 直播签到 ---
[09:37:44 INF] 【签到结果】成功
[09:37:44 INF] 【本次获取】3000点用户经验,2根辣条,再签到3天可以获得50根辣条
[09:37:44 INF] -------结束-------

[09:37:44 INF] ---开始 漫画签到 ---
[09:37:49 INF] 【签到结果】成功
[09:37:49 INF] -------结束-------

[09:37:49 INF] ---开始 漫画阅读 ---
[09:37:53 INF] 【漫画阅读】成功
[09:37:53 INF] -------结束-------

[09:37:53 INF] ---开始 银瓜子兑换硬币 ---
[09:37:53 INF] 【目标兑换日期】17号
[09:37:53 INF] 【今天】17号
[09:37:58 INF] 【银瓜子余额】 582
[09:37:58 INF] 【硬币余额】 1097
[09:37:58 INF] 【今日剩余兑换次数】 1
[09:37:58 INF] 开始尝试兑换...
[09:38:02 INF] 【兑换结果】失败
[09:38:02 INF] 【原因】银瓜子余额不足
[09:38:02 INF] ----------结束----------

[09:38:02 INF] ---开始 领取大会员福利 ---
[09:38:02 INF] 普通会员和月度大会员每月不赠送B币券，不需要领取权益喽
[09:38:02 INF] ----------结束----------

[09:38:02 INF] ---开始 领取大会员漫画权益 ---
[09:38:02 INF] 【目标日期】1号
[09:38:02 INF] 【今天】17号
[09:38:02 INF] 跳过
[09:38:02 INF] ------------结束------------

[09:38:02 INF] ---开始 B币券充电 ---
[09:38:02 INF] 已配置为关闭，跳过
[09:38:02 INF] --------结束--------

[09:38:02 INF] =========结束=========

[09:38:02 INF] ######### 账号 2 #########

[09:38:02 INF] =====开始 每日任务 =====

[09:38:02 INF] ---开始 Set Cookie ---
[09:38:02 INF] Cookie完整，不需要Set Cookie
[09:38:02 INF] -------------结束-------------

[09:38:02 INF] ---开始 登录 ---
[09:38:09 INF] 【用户名】bilixxxxxxxx1879
[09:38:09 INF] 【会员类型】月度大会员
[09:38:09 INF] 【会员状态】无/过期
[09:38:09 INF] 【硬币余额】541
[09:38:09 INF] 【距升级Lv5】预计190天
[09:38:09 INF] 登录成功，经验+5 √
[09:38:09 INF] -----结束-----

[09:38:12 INF] ---开始 观看、分享视频 ---
[09:38:38 INF] 【随机视频】抖音热传视频 洗手驱蚊花 是什么？
[09:38:46 INF] 视频播放成功，已观看到第11秒，经验+5 √
[09:38:53 INF] 视频分享成功，经验+5 √
[09:38:53 INF] ----------结束----------

[09:38:53 INF] ---开始 投币 ---
[09:38:53 INF] 已配置为跳过投币任务
[09:38:53 INF] -----结束-----

[09:38:53 INF] ---开始 直播签到 ---
[09:38:58 INF] 【签到结果】成功
[09:38:58 INF] 【本次获取】3000点用户经验,2根辣条,再签到3天可以获得50根辣条
[09:38:58 INF] -------结束-------

[09:38:58 INF] ---开始 漫画签到 ---
[09:39:04 INF] 【签到结果】成功
[09:39:04 INF] -------结束-------

[09:39:04 INF] ---开始 漫画阅读 ---
[09:39:10 INF] 【漫画阅读】成功
[09:39:10 INF] -------结束-------

[09:39:10 INF] ---开始 银瓜子兑换硬币 ---
[09:39:10 INF] 【目标兑换日期】17号
[09:39:10 INF] 【今天】17号
[09:39:17 INF] 【银瓜子余额】 354
[09:39:17 INF] 【硬币余额】 541
[09:39:17 INF] 【今日剩余兑换次数】 1
[09:39:17 INF] 开始尝试兑换...
[09:39:24 INF] 【兑换结果】失败
[09:39:24 INF] 【原因】银瓜子余额不足
[09:39:24 INF] ----------结束----------

[09:39:24 INF] ---开始 领取大会员福利 ---
[09:39:24 INF] 普通会员和月度大会员每月不赠送B币券，不需要领取权益喽
[09:39:24 INF] ----------结束----------

[09:39:24 INF] ---开始 领取大会员漫画权益 ---
[09:39:24 INF] 不是会员，跳过
[09:39:24 INF] ------------结束------------

[09:39:24 INF] ---开始 B币券充电 ---
[09:39:24 INF] 已配置为关闭，跳过
[09:39:24 INF] --------结束--------

[09:39:24 INF] =========结束=========

[09:39:24 INF] ######### 账号 3 #########

[09:39:24 INF] =====开始 每日任务 =====

[09:39:24 INF] ---开始 Set Cookie ---
[09:39:24 INF] Cookie完整，不需要Set Cookie
[09:39:24 INF] -------------结束-------------

[09:39:24 INF] ---开始 登录 ---
[09:39:29 WRN] 登录异常，请检查Cookie是否错误或过期
[09:39:29 ERR] 程序发生异常：登录失败，请检查Cookie
[09:39:29 INF] -----结束-----

[09:39:29 ERR] 程序发生异常：登录失败，请检查Cookie
[09:39:29 INF] =========结束=========

[09:39:29 WRN] 异常：System.Exception: 登录失败，请检查Cookie
   at Ray.BiliBiliTool.Application.DailyTaskAppService.Login() in /home/runner/work/BiliBiliToolPro/BiliBiliToolPro/src/Ray.BiliBiliTool.Application/DailyTaskAppService.cs:line 134
   at Ray.BiliBiliTool.Application.DailyTaskAppService.DoTaskAsync(CancellationToken cancellationToken) in /home/runner/work/BiliBiliToolPro/BiliBiliToolPro/src/Ray.BiliBiliTool.Application/DailyTaskAppService.cs:line 81
   at Ray.BiliBiliTool.Console.BiliBiliToolHostedService.DoTasksAsync(String[] tasks, CancellationToken cancellationToken) in /home/runner/work/BiliBiliToolPro/BiliBiliToolPro/src/Ray.BiliBiliTool.Console/BiliBiliToolHostedService.cs:line 194
   at Ray.BiliBiliTool.Console.BiliBiliToolHostedService.StartAsync(CancellationToken cancellationToken) in /home/runner/work/BiliBiliToolPro/BiliBiliToolPro/src/Ray.BiliBiliTool.Console/BiliBiliToolHostedService.cs:line 76
[09:39:29 INF] 

========================

 v2.0.2 开源 by https://github.com/RayWangQvQ/BiliBiliToolPro

[09:39:29 INF] ·开始推送·Daily任务·
2024-01-17T01:39:29.4174339Z 开始推送到:PushPlus
2024-01-17T01:39:30.5347887Z Response status: OK.
2024-01-17T01:39:30.5348289Z Response content: {"code":200,"msg":"请求成功","data":"99e76466df134163af01d610f4dc07b8","count":null}.

[09:39:30 INF] 运行环境：Development
[09:39:30 INF] 应用目录：/home/runner/work/BiliBiliToolPro/BiliBiliToolPro/src/Ray.BiliBiliTool.Console/bin/Debug/net6.0/

[09:39:30 INF] 运行结束
  ____               ____    _   _____           _  
 |  _ \ __ _ _   _  | __ ) _| |_|_   _|__   ___ | | 
 | |_) / _` | | | | |  _ \(_) (_) | |/ _ \ / _ \| | 
 |  _ < (_| | |_| | | |_) | | | | | | (_) | (_) | | 
 |_| \_\__,_|\__, | |____/|_|_|_| |_|\___/ \___/|_| 
             |___/                                  

[09:39:32 INF] BiliBiliToolPro 开始运行...

[09:39:32 INF] 【账号个数】3个

[09:39:32 INF] 随机休眠5分钟

[09:44:32 INF] 【目标任务】VipBigPoint
[09:44:32 INF] ######### 账号 1 #########

[09:44:32 INF] =====开始 大会员大积分 =====

[09:44:32 INF] 大会员经验领取任务开始
[09:44:39 INF] 大会员经验未兑换
[09:44:44 INF] 领取成功，经验+10 √
[09:44:44 INF] ---开始 测试Cookie ---
[09:44:50 INF] 【用户名】sunxxxxxgzi
[09:44:50 INF] 【会员类型】月度大会员
[09:44:50 INF] 【会员状态】正常
[09:44:50 INF] 【硬币余额】1097.2
[09:44:50 INF] 【距升级Lv6】预计903天
[09:44:50 INF] -----------结束-----------

[09:44:56 INF] ------当前任务状态------
[09:44:56 INF] 打卡：X
[09:44:56 INF] -福利任务
[09:44:56 INF] ---大会员福利大积分：√
[09:44:56 INF] -体验任务
[09:44:56 INF] ---浏览大会员权益页面：√
[09:44:56 INF] -日常任务
[09:44:56 INF] ---浏览装扮商城主页：X
[09:44:56 INF] ---浏览会员购页面10秒：X
[09:44:56 INF] ---购买指定会员购商品：X
[09:44:56 INF] ---浏览追番频道页10秒：X
[09:44:56 INF] ---观看任意正片内容：X
[09:44:56 INF] ---购买单点付费影片：X
[09:44:56 INF] ---购买指定装扮商品：X
[09:44:56 INF] ------------------------

[09:44:56 INF] ---开始 签到 ---
[09:44:59 ERR] 签到失败，继续其他任务。失败信息:{"Code":6007000,"Message":"抱歉，您的账号存在风险，暂时无法参与本任务哦~","Data":null}

[09:44:59 INF] -----结束-----

[09:44:59 INF] ---开始 福利任务 ---
[09:44:59 ERR] 福利任务失败，继续其他任务。失败信息:Object reference not set to an instance of an object.

[09:44:59 INF] -------结束-------

[09:44:59 INF] ---开始 体验任务 ---
[09:44:59 ERR] 体验任务失败，继续其他任务。失败信息:Object reference not set to an instance of an object.

[09:44:59 INF] -------结束-------

[09:44:59 INF] ---开始 浏览追番频道页10秒 ---
[09:44:59 ERR] 浏览追番频道页10秒失败，继续其他任务。失败信息:Object reference not set to an instance of an object.

[09:44:59 INF] -------------结束-------------

[09:44:59 INF] ---开始 浏览会员购页面10秒 ---
[09:44:59 INF] 待实现...
[09:44:59 INF] -------------结束-------------

[09:44:59 INF] ---开始 观看任意正片内容 ---
[09:44:59 ERR] 观看任意正片内容失败，继续其他任务。失败信息:Object reference not set to an instance of an object.

[09:44:59 INF] -----------结束-----------

[09:44:59 INF] ---开始 购买单点付费影片（仅领取） ---
[09:44:59 ERR] 购买单点付费影片（仅领取）失败，继续其他任务。失败信息:Object reference not set to an instance of an object.

[09:44:59 INF] ----------------结束----------------

[09:44:59 INF] ---开始 购买指定会员购商品（仅领取） ---
[09:44:59 ERR] 购买指定会员购商品（仅领取）失败，继续其他任务。失败信息:Object reference not set to an instance of an object.

[09:44:59 INF] -----------------结束-----------------

[09:44:59 ERR] 程序发生异常：Object reference not set to an instance of an object.
[09:44:59 INF] ===========结束===========

[09:44:59 WRN] 异常：System.NullReferenceException: Object reference not set to an instance of an object.
   at Ray.BiliBiliTool.Application.VipBigPointAppService.DoTaskAsync(CancellationToken cancellationToken) in /home/runner/work/BiliBiliToolPro/BiliBiliToolPro/src/Ray.BiliBiliTool.Application/VipBigPointAppService.cs:line 141
   at Ray.BiliBiliTool.Console.BiliBiliToolHostedService.DoTasksAsync(String[] tasks, CancellationToken cancellationToken) in /home/runner/work/BiliBiliToolPro/BiliBiliToolPro/src/Ray.BiliBiliTool.Console/BiliBiliToolHostedService.cs:line 194
   at Ray.BiliBiliTool.Console.BiliBiliToolHostedService.StartAsync(CancellationToken cancellationToken) in /home/runner/work/BiliBiliToolPro/BiliBiliToolPro/src/Ray.BiliBiliTool.Console/BiliBiliToolHostedService.cs:line 76
[09:44:59 INF] ######### 账号 2 #########

[09:44:59 INF] =====开始 大会员大积分 =====

[09:44:59 INF] 大会员经验领取任务开始
[09:45:06 INF] 大会员经验未兑换
[09:45:13 INF] 领取成功，经验+10 √
[09:45:13 INF] ---开始 测试Cookie ---
[09:45:18 INF] 【用户名】bilixxxxxxxx1879
[09:45:18 INF] 【会员类型】月度大会员
[09:45:18 INF] 【会员状态】无/过期
[09:45:18 INF] 【硬币余额】541
[09:45:18 INF] 【距升级Lv5】预计188天
[09:45:18 INF] -----------结束-----------

[09:45:18 INF] 当前不是大会员或已过期，跳过任务
[09:45:18 INF] ===========结束===========

[09:45:18 INF] ######### 账号 3 #########

[09:45:18 INF] =====开始 大会员大积分 =====

[09:45:18 INF] 大会员经验领取任务开始
[09:45:24 INF] ---开始 测试Cookie ---
[09:45:30 WRN] 登录异常，请检查Cookie是否错误或过期
[09:45:30 ERR] 程序发生异常：登录失败，请检查Cookie
[09:45:30 INF] -----------结束-----------

[09:45:30 ERR] 程序发生异常：登录失败，请检查Cookie
[09:45:30 INF] ===========结束===========

[09:45:30 WRN] 异常：System.Exception: 登录失败，请检查Cookie
   at Ray.BiliBiliTool.Application.VipBigPointAppService.GetUserInfo() in /home/runner/work/BiliBiliToolPro/BiliBiliToolPro/src/Ray.BiliBiliTool.Application/VipBigPointAppService.cs:line 150
   at Ray.BiliBiliTool.Application.VipBigPointAppService.DoTaskAsync(CancellationToken cancellationToken) in /home/runner/work/BiliBiliToolPro/BiliBiliToolPro/src/Ray.BiliBiliTool.Application/VipBigPointAppService.cs:line 98
   at Ray.BiliBiliTool.Console.BiliBiliToolHostedService.DoTasksAsync(String[] tasks, CancellationToken cancellationToken) in /home/runner/work/BiliBiliToolPro/BiliBiliToolPro/src/Ray.BiliBiliTool.Console/BiliBiliToolHostedService.cs:line 194
   at Ray.BiliBiliTool.Console.BiliBiliToolHostedService.StartAsync(CancellationToken cancellationToken) in /home/runner/work/BiliBiliToolPro/BiliBiliToolPro/src/Ray.BiliBiliTool.Console/BiliBiliToolHostedService.cs:line 76
[09:45:30 INF] 

========================

 v2.0.2 开源 by https://github.com/RayWangQvQ/BiliBiliToolPro

[09:45:30 INF] ·开始推送·VipBigPoint任务·
2024-01-17T01:45:30.6911561Z 开始推送到:PushPlus
2024-01-17T01:45:32.0059801Z Response status: OK.
2024-01-17T01:45:32.0060204Z Response content: {"code":200,"msg":"请求成功","data":"6d9e127f380b4680987f2f451aceb5bd","count":null}.

[09:45:32 INF] 运行环境：Development
[09:45:32 INF] 应用目录：/home/runner/work/BiliBiliToolPro/BiliBiliToolPro/src/Ray.BiliBiliTool.Console/bin/Debug/net6.0/

[09:45:32 INF] 运行结束
