----------- ip 信息 ---------
{
  "ip": "104.28.200.105",
  "city": "San Antonio",
  "region": "Texas",
  "country": "US",
  "loc": "29.4241,-98.4936",
  "org": "AS13335 Cloudflare, Inc.",
  "postal": "78205",
  "timezone": "America/Chicago",
  "readme": "https://ipinfo.io/missingauth"
} ---------- end ------------
  ____               ____    _   _____           _  
 |  _ \ __ _ _   _  | __ ) _| |_|_   _|__   ___ | | 
 | |_) / _` | | | | |  _ \(_) (_) | |/ _ \ / _ \| | 
 |  _ < (_| | |_| | | |_) | | | | | | (_) | (_) | | 
 |_| \_\__,_|\__, | |____/|_|_|_| |_|\___/ \___/|_| 
             |___/                                  

[09:49:47 INF] BiliBiliToolPro 开始运行...

[09:49:47 INF] 【账号个数】3个

[09:49:47 INF] 随机休眠4分钟

[09:53:47 INF] 【目标任务】Daily
[09:53:47 INF] ######### 账号 1 #########

[09:53:47 INF] =====开始 每日任务 =====

[09:53:47 INF] ---开始 Set Cookie ---
[09:53:47 INF] Cookie完整，不需要Set Cookie
[09:53:47 INF] -------------结束-------------

[09:53:47 INF] ---开始 登录 ---
[09:53:55 INF] 【用户名】waxxxx12
[09:53:55 INF] 【会员类型】月度大会员
[09:53:55 INF] 【会员状态】无/过期
[09:53:55 INF] 【硬币余额】447.2
[09:53:55 INF] 【距升级Lv5】5天（如每日做满65点经验）
[09:53:55 INF] 登录成功，经验+5 √
[09:53:55 INF] -----结束-----

[09:53:59 INF] ---开始 观看、分享视频 ---
[09:54:25 INF] 【随机视频】【搬家】￥4300/月租的房子！有多漂亮？
[09:54:36 INF] 视频播放成功，已观看到第2秒，经验+5 √
[09:54:43 INF] 视频分享成功，经验+5 √
[09:54:43 INF] ----------结束----------

[09:54:43 INF] ---开始 投币 ---
[09:54:43 INF] 已配置为跳过投币任务
[09:54:43 INF] -----结束-----

[09:54:43 INF] ---开始 直播签到 ---
[09:54:46 INF] 【签到结果】成功
[09:54:46 INF] 【本次获取】3000点用户经验,2根辣条,
[09:54:46 INF] -------结束-------

[09:54:46 INF] ---开始 漫画签到 ---
[09:54:50 INF] 【签到结果】成功
[09:54:50 INF] -------结束-------

[09:54:50 INF] ---开始 漫画阅读 ---
[09:54:56 INF] 【漫画阅读】成功, 阅读漫画为：堀与宫村
[09:54:56 INF] -------结束-------

[09:54:56 INF] ---开始 银瓜子兑换硬币 ---
[09:54:56 INF] 【目标兑换日期】30号
[09:54:56 INF] 【今天】30号
[09:54:59 INF] 【银瓜子余额】 54
[09:54:59 INF] 【硬币余额】 447
[09:54:59 INF] 【今日剩余兑换次数】 1
[09:54:59 INF] 开始尝试兑换...
[09:55:06 INF] 【兑换结果】失败
[09:55:06 INF] 【原因】银瓜子余额不足
[09:55:06 INF] ----------结束----------

[09:55:06 INF] ---开始 领取大会员福利 ---
[09:55:06 INF] 普通会员和月度大会员每月不赠送B币券，不需要领取权益喽
[09:55:06 INF] ----------结束----------

[09:55:06 INF] ---开始 领取大会员漫画权益 ---
[09:55:06 INF] 不是会员，跳过
[09:55:06 INF] ------------结束------------

[09:55:06 INF] ---开始 B币券充电 ---
[09:55:06 INF] 不是年度大会员，跳过
[09:55:06 INF] --------结束--------

[09:55:06 INF] =========结束=========

[09:55:06 INF] ######### 账号 2 #########

[09:55:06 INF] =====开始 每日任务 =====

[09:55:06 INF] ---开始 Set Cookie ---
[09:55:06 INF] Cookie完整，不需要Set Cookie
[09:55:06 INF] -------------结束-------------

[09:55:06 INF] ---开始 登录 ---
[09:55:11 INF] 【用户名】bilixxxxxxxx1879
[09:55:11 INF] 【会员类型】月度大会员
[09:55:11 INF] 【会员状态】无/过期
[09:55:11 INF] 【硬币余额】304
[09:55:11 INF] 【距升级Lv4】0天（如每日做满65点经验）
[09:55:11 INF] 登录成功，经验+5 √
[09:55:11 INF] -----结束-----

[09:55:15 INF] ---开始 观看、分享视频 ---
[09:55:41 INF] 【随机视频】【开箱】15个智能家居新品！这就是别墅级传感器？
[09:55:52 INF] 视频播放成功，已观看到第5秒，经验+5 √
[09:56:00 INF] 视频分享成功，经验+5 √
[09:56:00 INF] ----------结束----------

[09:56:00 INF] ---开始 投币 ---
[09:56:00 INF] 已配置为跳过投币任务
[09:56:00 INF] -----结束-----

[09:56:00 INF] ---开始 直播签到 ---
[09:56:04 INF] 【签到结果】成功
[09:56:04 INF] 【本次获取】3000点用户经验,2根辣条,
[09:56:04 INF] -------结束-------

[09:56:04 INF] ---开始 漫画签到 ---
[09:56:10 INF] 【签到结果】成功
[09:56:10 INF] -------结束-------

[09:56:10 INF] ---开始 漫画阅读 ---
[09:56:13 INF] 【漫画阅读】成功, 阅读漫画为：堀与宫村
[09:56:13 INF] -------结束-------

[09:56:13 INF] ---开始 银瓜子兑换硬币 ---
[09:56:13 INF] 【目标兑换日期】30号
[09:56:13 INF] 【今天】30号
[09:56:16 INF] 【银瓜子余额】 326
[09:56:16 INF] 【硬币余额】 304
[09:56:16 INF] 【今日剩余兑换次数】 1
[09:56:16 INF] 开始尝试兑换...
[09:56:23 INF] 【兑换结果】失败
[09:56:23 INF] 【原因】银瓜子余额不足
[09:56:23 INF] ----------结束----------

[09:56:23 INF] ---开始 领取大会员福利 ---
[09:56:23 INF] 普通会员和月度大会员每月不赠送B币券，不需要领取权益喽
[09:56:23 INF] ----------结束----------

[09:56:23 INF] ---开始 领取大会员漫画权益 ---
[09:56:23 INF] 不是会员，跳过
[09:56:23 INF] ------------结束------------

[09:56:23 INF] ---开始 B币券充电 ---
[09:56:23 INF] 不是年度大会员，跳过
[09:56:23 INF] --------结束--------

[09:56:23 INF] =========结束=========

[09:56:23 INF] ######### 账号 3 #########

[09:56:23 INF] =====开始 每日任务 =====

[09:56:23 INF] ---开始 Set Cookie ---
[09:56:23 INF] Cookie完整，不需要Set Cookie
[09:56:23 INF] -------------结束-------------

[09:56:23 INF] ---开始 登录 ---
[09:56:26 INF] 【用户名】晴xxng
[09:56:26 INF] 【会员类型】无
[09:56:26 INF] 【会员状态】无/过期
[09:56:26 INF] 【硬币余额】123
[09:56:26 INF] 【距升级Lv4】35天（如每日做满65点经验）
[09:56:26 INF] 登录成功，经验+5 √
[09:56:26 INF] -----结束-----

[09:56:30 INF] ---开始 观看、分享视频 ---
[09:56:54 INF] 【随机视频】险些丧命!!!漠叔在三亚搜寻沉船，拍摄纪录海洋生态，水底缠到废弃鱼网
[09:56:54 INF] 今天已经观看过了，不需要再看啦
[09:57:07 INF] 视频分享成功，经验+5 √
[09:57:07 INF] ----------结束----------

[09:57:07 INF] ---开始 投币 ---
[09:57:07 INF] 已配置为跳过投币任务
[09:57:07 INF] -----结束-----

[09:57:07 INF] ---开始 直播签到 ---
[09:57:12 INF] 【签到结果】成功
[09:57:12 INF] 【本次获取】3000点用户经验,2根辣条,
[09:57:12 INF] -------结束-------

[09:57:12 INF] ---开始 漫画签到 ---
[09:57:16 INF] 【签到结果】成功
[09:57:16 INF] -------结束-------

[09:57:16 INF] ---开始 漫画阅读 ---
[09:57:22 INF] 【漫画阅读】成功, 阅读漫画为：堀与宫村
[09:57:22 INF] -------结束-------

[09:57:22 INF] ---开始 银瓜子兑换硬币 ---
[09:57:22 INF] 【目标兑换日期】30号
[09:57:22 INF] 【今天】30号
[09:57:27 INF] 【银瓜子余额】 564
[09:57:27 INF] 【硬币余额】 123
[09:57:27 INF] 【今日剩余兑换次数】 1
[09:57:27 INF] 开始尝试兑换...
[09:57:32 INF] 【兑换结果】失败
[09:57:32 INF] 【原因】银瓜子余额不足
[09:57:32 INF] ----------结束----------

[09:57:32 INF] ---开始 领取大会员福利 ---
[09:57:32 INF] 普通会员和月度大会员每月不赠送B币券，不需要领取权益喽
[09:57:32 INF] ----------结束----------

[09:57:32 INF] ---开始 领取大会员漫画权益 ---
[09:57:32 INF] 不是会员，跳过
[09:57:32 INF] ------------结束------------

[09:57:32 INF] ---开始 B币券充电 ---
[09:57:32 INF] 不是年度大会员，跳过
[09:57:32 INF] --------结束--------

[09:57:32 INF] =========结束=========

[09:57:32 INF] 

========================

 v2.0.0 开源 by https://github.com/RayWangQvQ/BiliBiliToolPro

[09:57:32 INF] ·开始推送·Daily任务·
2023-05-30T01:57:32.4972182Z 开始推送到:自定义
2023-05-30T01:57:39.1458213Z Response status: OK.
2023-05-30T01:57:39.1458631Z Response content: {"message":"","success":true,"uuid":"5deca4b607e344ceb9a0d2a30766a011"}.

[09:57:39 INF] 运行环境：Development
[09:57:39 INF] 应用目录：/home/runner/work/BiliBiliToolPro/BiliBiliToolPro/src/Ray.BiliBiliTool.Console/bin/Debug/net6.0/

[09:57:39 INF] 运行结束
