----------- ip 信息 ---------
{
  "ip": "40.76.119.132",
  "city": "Washington",
  "region": "Virginia",
  "country": "US",
  "loc": "38.7135,-78.1594",
  "org": "AS8075 Microsoft Corporation",
  "postal": "22747",
  "timezone": "America/New_York",
  "readme": "https://ipinfo.io/missingauth"
} ---------- end ------------
  ____               ____    _   _____           _  
 |  _ \ __ _ _   _  | __ ) _| |_|_   _|__   ___ | | 
 | |_) / _` | | | | |  _ \(_) (_) | |/ _ \ / _ \| | 
 |  _ < (_| | |_| | | |_) | | | | | | (_) | (_) | | 
 |_| \_\__,_|\__, | |____/|_|_|_| |_|\___/ \___/|_| 
             |___/                                  

[09:33:07 INF] BiliBiliToolPro 开始运行...

[09:33:07 INF] 【账号个数】3个

[09:33:07 INF] 随机休眠5分钟

[09:38:07 INF] 【目标任务】Daily
[09:38:07 INF] ######### 账号 1 #########

[09:38:07 INF] =====开始 每日任务 =====

[09:38:07 INF] ---开始 Set Cookie ---
[09:38:07 INF] Cookie完整，不需要Set Cookie
[09:38:07 INF] -------------结束-------------

[09:38:07 INF] ---开始 登录 ---
[09:38:14 INF] 【用户名】sunxxxxxgzi
[09:38:14 INF] 【会员类型】月度大会员
[09:38:14 INF] 【会员状态】无/过期
[09:38:14 INF] 【硬币余额】733.2
[09:38:14 INF] 【距升级Lv6】217天（如每日做满65点经验）
[09:38:14 INF] 登录成功，经验+5 √
[09:38:14 INF] -----结束-----

[09:38:18 INF] ---开始 观看、分享视频 ---
[09:38:41 INF] 【随机视频】凌晨，我在法医鉴定中心停尸间，点了一份外卖....
[09:38:54 INF] 视频播放成功，已观看到第6秒，经验+5 √
[09:38:58 INF] 视频分享成功，经验+5 √
[09:38:58 INF] ----------结束----------

[09:38:58 INF] ---开始 投币 ---
[09:38:58 INF] 已配置为跳过投币任务
[09:38:58 INF] -----结束-----

[09:38:58 INF] ---开始 直播签到 ---
[09:39:02 INF] 【签到结果】成功
[09:39:02 INF] 【本次获取】3000点用户经验,2根辣条,
[09:39:02 INF] -------结束-------

[09:39:02 INF] ---开始 漫画签到 ---
[09:39:08 INF] 【签到结果】成功
[09:39:08 INF] -------结束-------

[09:39:08 INF] ---开始 漫画阅读 ---
[09:39:11 INF] 【漫画阅读】成功, 阅读漫画为：堀与宫村
[09:39:11 INF] -------结束-------

[09:39:11 INF] ---开始 银瓜子兑换硬币 ---
[09:39:11 INF] 【目标兑换日期】25号
[09:39:11 INF] 【今天】25号
[09:39:17 INF] 【银瓜子余额】 616
[09:39:17 INF] 【硬币余额】 733
[09:39:17 INF] 【今日剩余兑换次数】 1
[09:39:17 INF] 开始尝试兑换...
[09:39:22 INF] 【兑换结果】失败
[09:39:22 INF] 【原因】银瓜子余额不足
[09:39:22 INF] ----------结束----------

[09:39:22 INF] ---开始 领取大会员福利 ---
[09:39:22 INF] 普通会员和月度大会员每月不赠送B币券，不需要领取权益喽
[09:39:22 INF] ----------结束----------

[09:39:22 INF] ---开始 领取大会员漫画权益 ---
[09:39:22 INF] 不是会员，跳过
[09:39:22 INF] ------------结束------------

[09:39:22 INF] ---开始 B币券充电 ---
[09:39:22 INF] 不是年度大会员，跳过
[09:39:22 INF] --------结束--------

[09:39:22 INF] =========结束=========

[09:39:22 INF] ######### 账号 2 #########

[09:39:22 INF] =====开始 每日任务 =====

[09:39:22 INF] ---开始 Set Cookie ---
[09:39:22 INF] Cookie完整，不需要Set Cookie
[09:39:22 INF] -------------结束-------------

[09:39:22 INF] ---开始 登录 ---
[09:39:26 INF] 【用户名】bilixxxxxxxx1879
[09:39:26 INF] 【会员类型】月度大会员
[09:39:26 INF] 【会员状态】无/过期
[09:39:26 INF] 【硬币余额】517
[09:39:26 INF] 【距升级Lv5】50天（如每日做满65点经验）
[09:39:26 INF] 登录成功，经验+5 √
[09:39:26 INF] -----结束-----

[09:39:30 INF] ---开始 观看、分享视频 ---
[09:39:53 INF] 【随机视频】【开箱】极米RS Pro3!😱自由组合的无线家庭影院?
[09:40:02 INF] 视频播放成功，已观看到第12秒，经验+5 √
[09:40:08 INF] 视频分享成功，经验+5 √
[09:40:08 INF] ----------结束----------

[09:40:08 INF] ---开始 投币 ---
[09:40:08 INF] 已配置为跳过投币任务
[09:40:08 INF] -----结束-----

[09:40:08 INF] ---开始 直播签到 ---
[09:40:14 INF] 【签到结果】成功
[09:40:14 INF] 【本次获取】3000点用户经验,2根辣条,
[09:40:14 INF] -------结束-------

[09:40:14 INF] ---开始 漫画签到 ---
[09:40:21 INF] 【签到结果】成功
[09:40:21 INF] -------结束-------

[09:40:21 INF] ---开始 漫画阅读 ---
[09:40:27 INF] 【漫画阅读】成功, 阅读漫画为：堀与宫村
[09:40:27 INF] -------结束-------

[09:40:27 INF] ---开始 银瓜子兑换硬币 ---
[09:40:27 INF] 【目标兑换日期】25号
[09:40:27 INF] 【今天】25号
[09:40:30 INF] 【银瓜子余额】 388
[09:40:30 INF] 【硬币余额】 517
[09:40:30 INF] 【今日剩余兑换次数】 1
[09:40:30 INF] 开始尝试兑换...
[09:40:37 INF] 【兑换结果】失败
[09:40:37 INF] 【原因】银瓜子余额不足
[09:40:37 INF] ----------结束----------

[09:40:37 INF] ---开始 领取大会员福利 ---
[09:40:37 INF] 普通会员和月度大会员每月不赠送B币券，不需要领取权益喽
[09:40:37 INF] ----------结束----------

[09:40:37 INF] ---开始 领取大会员漫画权益 ---
[09:40:37 INF] 不是会员，跳过
[09:40:37 INF] ------------结束------------

[09:40:37 INF] ---开始 B币券充电 ---
[09:40:37 INF] 不是年度大会员，跳过
[09:40:37 INF] --------结束--------

[09:40:37 INF] =========结束=========

[09:40:37 INF] ######### 账号 3 #########

[09:40:37 INF] =====开始 每日任务 =====

[09:40:37 INF] ---开始 Set Cookie ---
[09:40:37 INF] Cookie完整，不需要Set Cookie
[09:40:37 INF] -------------结束-------------

[09:40:37 INF] ---开始 登录 ---
[09:40:41 WRN] 登录异常，请检查Cookie是否错误或过期
[09:40:41 ERR] 程序发生异常：登录失败，请检查Cookie
[09:40:41 INF] -----结束-----

[09:40:41 ERR] 程序发生异常：登录失败，请检查Cookie
[09:40:41 INF] =========结束=========

[09:40:41 WRN] 异常：System.Exception: 登录失败，请检查Cookie
   at Ray.BiliBiliTool.Application.DailyTaskAppService.Login() in /home/runner/work/BiliBiliToolPro/BiliBiliToolPro/src/Ray.BiliBiliTool.Application/DailyTaskAppService.cs:line 127
   at Ray.BiliBiliTool.Application.DailyTaskAppService.DoTaskAsync(CancellationToken cancellationToken) in /home/runner/work/BiliBiliToolPro/BiliBiliToolPro/src/Ray.BiliBiliTool.Application/DailyTaskAppService.cs:line 78
   at Ray.BiliBiliTool.Console.BiliBiliToolHostedService.DoTasksAsync(String[] tasks, CancellationToken cancellationToken) in /home/runner/work/BiliBiliToolPro/BiliBiliToolPro/src/Ray.BiliBiliTool.Console/BiliBiliToolHostedService.cs:line 188
   at Ray.BiliBiliTool.Console.BiliBiliToolHostedService.StartAsync(CancellationToken cancellationToken) in /home/runner/work/BiliBiliToolPro/BiliBiliToolPro/src/Ray.BiliBiliTool.Console/BiliBiliToolHostedService.cs:line 76
[09:40:41 INF] 

========================

 v2.0.1 开源 by https://github.com/RayWangQvQ/BiliBiliToolPro

[09:40:41 INF] ·开始推送·Daily任务·
2023-12-25T01:40:41.6463310Z 开始推送到:PushPlus
2023-12-25T01:40:42.4418988Z Response status: OK.
2023-12-25T01:40:42.4419369Z Response content: {"code":200,"msg":"请求成功","data":"e19b1703a1b64fcca07d85a2ad7e27d9","count":null}.

[09:40:42 INF] 运行环境：Development
[09:40:42 INF] 应用目录：/home/runner/work/BiliBiliToolPro/BiliBiliToolPro/src/Ray.BiliBiliTool.Console/bin/Debug/net6.0/

[09:40:42 INF] 运行结束
