----------- ip 信息 ---------
{
  "ip": "40.79.246.192",
  "city": "Boydton",
  "region": "Virginia",
  "country": "US",
  "loc": "36.6676,-78.3875",
  "org": "AS8075 Microsoft Corporation",
  "postal": "23917",
  "timezone": "America/New_York",
  "readme": "https://ipinfo.io/missingauth"
} ---------- end ------------
  ____               ____    _   _____           _  
 |  _ \ __ _ _   _  | __ ) _| |_|_   _|__   ___ | | 
 | |_) / _` | | | | |  _ \(_) (_) | |/ _ \ / _ \| | 
 |  _ < (_| | |_| | | |_) | | | | | | (_) | (_) | | 
 |_| \_\__,_|\__, | |____/|_|_|_| |_|\___/ \___/|_| 
             |___/                                  

[09:31:30 INF] BiliBiliToolPro 开始运行...

[09:31:31 INF] 【账号个数】3个

[09:31:31 INF] 随机休眠2分钟

[09:33:31 INF] 【目标任务】Daily
[09:33:31 INF] ######### 账号 1 #########

[09:33:31 INF] =====开始 每日任务 =====

[09:33:31 INF] ---开始 Set Cookie ---
[09:33:31 INF] Cookie完整，不需要Set Cookie
[09:33:31 INF] -------------结束-------------

[09:33:31 INF] ---开始 登录 ---
[09:33:38 INF] 【用户名】sunxxxxxgzi
[09:33:38 INF] 【会员类型】月度大会员
[09:33:38 INF] 【会员状态】无/过期
[09:33:38 INF] 【硬币余额】507.2
[09:33:38 INF] 【距升级Lv6】244天（如每日做满65点经验）
[09:33:38 INF] 登录成功，经验+5 √
[09:33:38 INF] -----结束-----

[09:33:42 INF] ---开始 观看、分享视频 ---
[09:34:07 INF] 【随机视频】【iphone se2】"90%苹果用户"没用过的“超强功能”！
[09:34:19 INF] 视频播放成功，已观看到第1秒，经验+5 √
[09:34:24 INF] 视频分享成功，经验+5 √
[09:34:24 INF] ----------结束----------

[09:34:24 INF] ---开始 投币 ---
[09:34:24 INF] 已配置为跳过投币任务
[09:34:24 INF] -----结束-----

[09:34:24 INF] ---开始 直播签到 ---
[09:34:32 INF] 【签到结果】成功
[09:34:32 INF] 【本次获取】3000点用户经验,2根辣条,再签到4天可以获得666银瓜子
[09:34:32 INF] -------结束-------

[09:34:32 INF] ---开始 漫画签到 ---
[09:34:36 INF] 【签到结果】成功
[09:34:36 INF] -------结束-------

[09:34:36 INF] ---开始 漫画阅读 ---
[09:34:40 INF] 【漫画阅读】成功, 阅读漫画为：堀与宫村
[09:34:40 INF] -------结束-------

[09:34:40 INF] ---开始 银瓜子兑换硬币 ---
[09:34:40 INF] 【目标兑换日期】1号
[09:34:40 INF] 【今天】1号
[09:34:48 INF] 【银瓜子余额】 52
[09:34:48 INF] 【硬币余额】 507
[09:34:48 INF] 【今日剩余兑换次数】 1
[09:34:48 INF] 开始尝试兑换...
[09:34:55 INF] 【兑换结果】失败
[09:34:55 INF] 【原因】银瓜子余额不足
[09:34:55 INF] ----------结束----------

[09:34:55 INF] ---开始 领取大会员福利 ---
[09:34:55 INF] 普通会员和月度大会员每月不赠送B币券，不需要领取权益喽
[09:34:55 INF] ----------结束----------

[09:34:55 INF] ---开始 领取大会员漫画权益 ---
[09:34:55 INF] 不是会员，跳过
[09:34:55 INF] ------------结束------------

[09:34:55 INF] ---开始 B币券充电 ---
[09:34:55 INF] 不是年度大会员，跳过
[09:34:55 INF] --------结束--------

[09:34:55 INF] =========结束=========

[09:34:55 INF] ######### 账号 2 #########

[09:34:55 INF] =====开始 每日任务 =====

[09:34:55 INF] ---开始 Set Cookie ---
[09:34:55 INF] Cookie完整，不需要Set Cookie
[09:34:55 INF] -------------结束-------------

[09:34:55 INF] ---开始 登录 ---
[09:35:02 INF] 【用户名】bilixxxxxxxx1879
[09:35:02 INF] 【会员类型】月度大会员
[09:35:02 INF] 【会员状态】无/过期
[09:35:02 INF] 【硬币余额】402
[09:35:02 INF] 【距升级Lv5】75天（如每日做满65点经验）
[09:35:02 INF] 登录成功，经验+5 √
[09:35:02 INF] -----结束-----

[09:35:06 INF] ---开始 观看、分享视频 ---
[09:35:32 INF] 【随机视频】馬尔克陌枫锐评各大灵魂人物
[09:35:40 INF] 视频播放成功，已观看到第9秒，经验+5 √
[09:35:46 INF] 视频分享成功，经验+5 √
[09:35:46 INF] ----------结束----------

[09:35:46 INF] ---开始 投币 ---
[09:35:46 INF] 已配置为跳过投币任务
[09:35:46 INF] -----结束-----

[09:35:46 INF] ---开始 直播签到 ---
[09:35:53 INF] 【签到结果】成功
[09:35:53 INF] 【本次获取】3000点用户经验,2根辣条,再签到4天可以获得666银瓜子
[09:35:53 INF] -------结束-------

[09:35:53 INF] ---开始 漫画签到 ---
[09:35:57 INF] 【签到结果】成功
[09:35:57 INF] -------结束-------

[09:35:57 INF] ---开始 漫画阅读 ---
[09:36:01 INF] 【漫画阅读】成功, 阅读漫画为：堀与宫村
[09:36:01 INF] -------结束-------

[09:36:01 INF] ---开始 银瓜子兑换硬币 ---
[09:36:01 INF] 【目标兑换日期】1号
[09:36:01 INF] 【今天】1号
[09:36:04 INF] 【银瓜子余额】 524
[09:36:04 INF] 【硬币余额】 402
[09:36:04 INF] 【今日剩余兑换次数】 1
[09:36:04 INF] 开始尝试兑换...
[09:36:08 INF] 【兑换结果】失败
[09:36:08 INF] 【原因】银瓜子余额不足
[09:36:08 INF] ----------结束----------

[09:36:08 INF] ---开始 领取大会员福利 ---
[09:36:08 INF] 普通会员和月度大会员每月不赠送B币券，不需要领取权益喽
[09:36:08 INF] ----------结束----------

[09:36:08 INF] ---开始 领取大会员漫画权益 ---
[09:36:08 INF] 不是会员，跳过
[09:36:08 INF] ------------结束------------

[09:36:08 INF] ---开始 B币券充电 ---
[09:36:08 INF] 不是年度大会员，跳过
[09:36:08 INF] --------结束--------

[09:36:08 INF] =========结束=========

[09:36:08 INF] ######### 账号 3 #########

[09:36:08 INF] =====开始 每日任务 =====

[09:36:08 INF] ---开始 Set Cookie ---
[09:36:08 INF] Cookie完整，不需要Set Cookie
[09:36:08 INF] -------------结束-------------

[09:36:08 INF] ---开始 登录 ---
[09:36:11 WRN] 登录异常，请检查Cookie是否错误或过期
[09:36:11 ERR] 程序发生异常：登录失败，请检查Cookie
[09:36:11 INF] -----结束-----

[09:36:11 ERR] 程序发生异常：登录失败，请检查Cookie
[09:36:11 INF] =========结束=========

[09:36:11 WRN] 异常：System.Exception: 登录失败，请检查Cookie
   at Ray.BiliBiliTool.Application.DailyTaskAppService.Login() in /home/runner/work/BiliBiliToolPro/BiliBiliToolPro/src/Ray.BiliBiliTool.Application/DailyTaskAppService.cs:line 127
   at Ray.BiliBiliTool.Application.DailyTaskAppService.DoTaskAsync(CancellationToken cancellationToken) in /home/runner/work/BiliBiliToolPro/BiliBiliToolPro/src/Ray.BiliBiliTool.Application/DailyTaskAppService.cs:line 78
   at Ray.BiliBiliTool.Console.BiliBiliToolHostedService.DoTasksAsync(String[] tasks, CancellationToken cancellationToken) in /home/runner/work/BiliBiliToolPro/BiliBiliToolPro/src/Ray.BiliBiliTool.Console/BiliBiliToolHostedService.cs:line 188
   at Ray.BiliBiliTool.Console.BiliBiliToolHostedService.StartAsync(CancellationToken cancellationToken) in /home/runner/work/BiliBiliToolPro/BiliBiliToolPro/src/Ray.BiliBiliTool.Console/BiliBiliToolHostedService.cs:line 76
[09:36:11 INF] 

========================

 v2.0.1 开源 by https://github.com/RayWangQvQ/BiliBiliToolPro

[09:36:11 INF] ·开始推送·Daily任务·
2023-09-01T01:36:11.7674559Z 开始推送到:PushPlus
2023-09-01T01:36:12.7577053Z Response status: OK.
2023-09-01T01:36:12.7577466Z Response content: {"code":200,"msg":"请求成功","data":"217eeca9e0ea431fb7646052998dc44a","count":null}.

[09:36:12 INF] 运行环境：Development
[09:36:12 INF] 应用目录：/home/runner/work/BiliBiliToolPro/BiliBiliToolPro/src/Ray.BiliBiliTool.Console/bin/Debug/net6.0/

[09:36:12 INF] 运行结束
