----------- ip 信息 ---------
{
  "ip": "65.52.126.104",
  "city": "San Jose",
  "region": "California",
  "country": "US",
  "loc": "37.3394,-121.8950",
  "org": "AS8075 Microsoft Corporation",
  "postal": "95103",
  "timezone": "America/Los_Angeles",
  "readme": "https://ipinfo.io/missingauth"
} ---------- end ------------
  ____               ____    _   _____           _  
 |  _ \ __ _ _   _  | __ ) _| |_|_   _|__   ___ | | 
 | |_) / _` | | | | |  _ \(_) (_) | |/ _ \ / _ \| | 
 |  _ < (_| | |_| | | |_) | | | | | | (_) | (_) | | 
 |_| \_\__,_|\__, | |____/|_|_|_| |_|\___/ \___/|_| 
             |___/                                  

[09:57:26 INF] BiliBiliToolPro 开始运行...

[09:57:26 INF] 【账号个数】3个

[09:57:26 INF] 随机休眠4分钟

[10:01:26 INF] 【目标任务】Daily
[10:01:26 INF] ######### 账号 1 #########

[10:01:26 INF] =====开始 每日任务 =====

[10:01:26 INF] ---开始 Set Cookie ---
[10:01:26 INF] Cookie完整，不需要Set Cookie
[10:01:26 INF] -------------结束-------------

[10:01:26 INF] ---开始 登录 ---
[10:01:34 INF] 【用户名】sunxxxxxgzi
[10:01:34 INF] 【会员类型】月度大会员
[10:01:34 INF] 【会员状态】无/过期
[10:01:34 INF] 【硬币余额】525.2
[10:01:34 INF] 【距升级Lv6】263天（如每日做满65点经验）
[10:01:34 INF] 登录成功，经验+5 √
[10:01:34 INF] -----结束-----

[10:01:39 INF] ---开始 观看、分享视频 ---
[10:02:03 INF] 【随机视频】漠叔独家揭密：西沙的房价物价高吗？在上面生活是什么样子？
[10:02:03 INF] 今天已经观看过了，不需要再看啦
[10:02:10 INF] 视频分享成功，经验+5 √
[10:02:10 INF] ----------结束----------

[10:02:10 INF] ---开始 投币 ---
[10:02:10 INF] 已配置为跳过投币任务
[10:02:10 INF] -----结束-----

[10:02:10 INF] ---开始 直播签到 ---
[10:02:17 INF] 【签到结果】成功
[10:02:17 INF] 【本次获取】3000点用户经验,2根辣条,
[10:02:17 INF] -------结束-------

[10:02:17 INF] ---开始 漫画签到 ---
[10:02:24 INF] 【签到结果】成功
[10:02:24 INF] -------结束-------

[10:02:24 INF] ---开始 漫画阅读 ---
[10:02:27 INF] 【漫画阅读】成功, 阅读漫画为：堀与宫村
[10:02:27 INF] -------结束-------

[10:02:27 INF] ---开始 银瓜子兑换硬币 ---
[10:02:27 INF] 【目标兑换日期】25号
[10:02:27 INF] 【今天】25号
[10:02:34 INF] 【银瓜子余额】 86
[10:02:34 INF] 【硬币余额】 525
[10:02:34 INF] 【今日剩余兑换次数】 1
[10:02:34 INF] 开始尝试兑换...
[10:02:41 INF] 【兑换结果】失败
[10:02:41 INF] 【原因】银瓜子余额不足
[10:02:41 INF] ----------结束----------

[10:02:41 INF] ---开始 领取大会员福利 ---
[10:02:41 INF] 普通会员和月度大会员每月不赠送B币券，不需要领取权益喽
[10:02:41 INF] ----------结束----------

[10:02:41 INF] ---开始 领取大会员漫画权益 ---
[10:02:41 INF] 不是会员，跳过
[10:02:41 INF] ------------结束------------

[10:02:41 INF] ---开始 B币券充电 ---
[10:02:41 INF] 不是年度大会员，跳过
[10:02:41 INF] --------结束--------

[10:02:41 INF] =========结束=========

[10:02:41 INF] ######### 账号 2 #########

[10:02:41 INF] =====开始 每日任务 =====

[10:02:41 INF] ---开始 Set Cookie ---
[10:02:41 INF] Cookie完整，不需要Set Cookie
[10:02:41 INF] -------------结束-------------

[10:02:41 INF] ---开始 登录 ---
[10:02:45 INF] 【用户名】bilixxxxxxxx1879
[10:02:45 INF] 【会员类型】月度大会员
[10:02:45 INF] 【会员状态】无/过期
[10:02:45 INF] 【硬币余额】362
[10:02:45 INF] 【距升级Lv5】84天（如每日做满65点经验）
[10:02:45 INF] 登录成功，经验+5 √
[10:02:45 INF] -----结束-----

[10:02:48 INF] ---开始 观看、分享视频 ---
[10:03:13 INF] 【随机视频】【我的逝界】有些主播，玩着玩着就喜欢/hub，真的太逊了
[10:03:24 INF] 视频播放成功，已观看到第1秒，经验+5 √
[10:03:31 INF] 视频分享成功，经验+5 √
[10:03:31 INF] ----------结束----------

[10:03:31 INF] ---开始 投币 ---
[10:03:31 INF] 已配置为跳过投币任务
[10:03:31 INF] -----结束-----

[10:03:31 INF] ---开始 直播签到 ---
[10:03:37 INF] 【签到结果】成功
[10:03:37 INF] 【本次获取】3000点用户经验,2根辣条,
[10:03:37 INF] -------结束-------

[10:03:37 INF] ---开始 漫画签到 ---
[10:03:43 INF] 【签到结果】成功
[10:03:43 INF] -------结束-------

[10:03:43 INF] ---开始 漫画阅读 ---
[10:03:50 INF] 【漫画阅读】成功, 阅读漫画为：堀与宫村
[10:03:50 INF] -------结束-------

[10:03:50 INF] ---开始 银瓜子兑换硬币 ---
[10:03:50 INF] 【目标兑换日期】25号
[10:03:50 INF] 【今天】25号
[10:03:56 INF] 【银瓜子余额】 258
[10:03:56 INF] 【硬币余额】 362
[10:03:56 INF] 【今日剩余兑换次数】 1
[10:03:56 INF] 开始尝试兑换...
[10:03:59 INF] 【兑换结果】失败
[10:03:59 INF] 【原因】银瓜子余额不足
[10:03:59 INF] ----------结束----------

[10:03:59 INF] ---开始 领取大会员福利 ---
[10:03:59 INF] 普通会员和月度大会员每月不赠送B币券，不需要领取权益喽
[10:03:59 INF] ----------结束----------

[10:03:59 INF] ---开始 领取大会员漫画权益 ---
[10:03:59 INF] 不是会员，跳过
[10:03:59 INF] ------------结束------------

[10:03:59 INF] ---开始 B币券充电 ---
[10:03:59 INF] 不是年度大会员，跳过
[10:03:59 INF] --------结束--------

[10:03:59 INF] =========结束=========

[10:03:59 INF] ######### 账号 3 #########

[10:03:59 INF] =====开始 每日任务 =====

[10:03:59 INF] ---开始 Set Cookie ---
[10:03:59 INF] Cookie完整，不需要Set Cookie
[10:03:59 INF] -------------结束-------------

[10:03:59 INF] ---开始 登录 ---
[10:04:03 INF] 【用户名】晴xxng
[10:04:03 INF] 【会员类型】无
[10:04:03 INF] 【会员状态】无/过期
[10:04:03 INF] 【硬币余额】178
[10:04:03 INF] 【距升级Lv4】22天（如每日做满65点经验）
[10:04:03 INF] 登录成功，经验+5 √
[10:04:03 INF] -----结束-----

[10:04:10 INF] ---开始 观看、分享视频 ---
[10:04:31 INF] 【随机视频】【勿玩梗哈】拍VLOG突发有人溺水，立马转头用无人机搜救，无力回天水底发现尸体
[10:04:40 INF] 视频播放成功，已观看到第5秒，经验+5 √
[10:04:45 INF] 视频分享成功，经验+5 √
[10:04:45 INF] ----------结束----------

[10:04:45 INF] ---开始 投币 ---
[10:04:45 INF] 已配置为跳过投币任务
[10:04:45 INF] -----结束-----

[10:04:45 INF] ---开始 直播签到 ---
[10:04:53 INF] 【签到结果】成功
[10:04:53 INF] 【本次获取】3000点用户经验,2根辣条,
[10:04:53 INF] -------结束-------

[10:04:53 INF] ---开始 漫画签到 ---
[10:05:00 INF] 【签到结果】成功
[10:05:00 INF] -------结束-------

[10:05:00 INF] ---开始 漫画阅读 ---
[10:05:04 INF] 【漫画阅读】成功, 阅读漫画为：堀与宫村
[10:05:04 INF] -------结束-------

[10:05:04 INF] ---开始 银瓜子兑换硬币 ---
[10:05:04 INF] 【目标兑换日期】25号
[10:05:04 INF] 【今天】25号
[10:05:11 INF] 【银瓜子余额】 496
[10:05:11 INF] 【硬币余额】 178
[10:05:11 INF] 【今日剩余兑换次数】 1
[10:05:11 INF] 开始尝试兑换...
[10:05:19 INF] 【兑换结果】失败
[10:05:19 INF] 【原因】银瓜子余额不足
[10:05:19 INF] ----------结束----------

[10:05:19 INF] ---开始 领取大会员福利 ---
[10:05:19 INF] 普通会员和月度大会员每月不赠送B币券，不需要领取权益喽
[10:05:19 INF] ----------结束----------

[10:05:19 INF] ---开始 领取大会员漫画权益 ---
[10:05:19 INF] 不是会员，跳过
[10:05:19 INF] ------------结束------------

[10:05:19 INF] ---开始 B币券充电 ---
[10:05:19 INF] 不是年度大会员，跳过
[10:05:19 INF] --------结束--------

[10:05:19 INF] =========结束=========

[10:05:19 INF] 

========================

 v2.0.1 开源 by https://github.com/RayWangQvQ/BiliBiliToolPro

[10:05:19 INF] ·开始推送·Daily任务·
2023-07-25T02:05:19.2317593Z 开始推送到:PushPlus
2023-07-25T02:05:20.1611874Z Response status: OK.
2023-07-25T02:05:20.1612549Z Response content: {"code":200,"msg":"请求成功","data":"6d897aa7492d4da69b1d315beccc4715","count":null}.

[10:05:20 INF] 运行环境：Development
[10:05:20 INF] 应用目录：/home/runner/work/BiliBiliToolPro/BiliBiliToolPro/src/Ray.BiliBiliTool.Console/bin/Debug/net6.0/

[10:05:20 INF] 运行结束
