----------- ip 信息 ---------
{
  "ip": "52.234.26.81",
  "city": "San Jose",
  "region": "California",
  "country": "US",
  "loc": "37.3394,-121.8950",
  "org": "AS8075 Microsoft Corporation",
  "postal": "95103",
  "timezone": "America/Los_Angeles",
  "readme": "https://ipinfo.io/missingauth"
} ---------- end ------------
  ____               ____    _   _____           _  
 |  _ \ __ _ _   _  | __ ) _| |_|_   _|__   ___ | | 
 | |_) / _` | | | | |  _ \(_) (_) | |/ _ \ / _ \| | 
 |  _ < (_| | |_| | | |_) | | | | | | (_) | (_) | | 
 |_| \_\__,_|\__, | |____/|_|_|_| |_|\___/ \___/|_| 
             |___/                                  

[09:31:49 INF] BiliBiliToolPro 开始运行...

[09:31:49 INF] 【账号个数】3个

[09:31:49 INF] 随机休眠2分钟

[09:33:49 INF] 【目标任务】Daily
[09:33:49 INF] ######### 账号 1 #########

[09:33:49 INF] =====开始 每日任务 =====

[09:33:49 INF] ---开始 Set Cookie ---
[09:33:49 INF] Cookie完整，不需要Set Cookie
[09:33:49 INF] -------------结束-------------

[09:33:49 INF] ---开始 登录 ---
[09:33:53 INF] 【用户名】sunxxxxxgzi
[09:33:53 INF] 【会员类型】月度大会员
[09:33:53 INF] 【会员状态】无/过期
[09:33:53 INF] 【硬币余额】743.2
[09:33:53 INF] 【距升级Lv6】213天（如每日做满65点经验）
[09:33:53 INF] 登录成功，经验+5 √
[09:33:53 INF] -----结束-----

[09:34:00 INF] ---开始 观看、分享视频 ---
[09:34:20 INF] 【随机视频】未能上市的手机拆解，诺基亚小时候给微软做的工程机RM-1183
[09:34:28 INF] 视频播放成功，已观看到第6秒，经验+5 √
[09:34:32 INF] 视频分享成功，经验+5 √
[09:34:32 INF] ----------结束----------

[09:34:32 INF] ---开始 投币 ---
[09:34:32 INF] 已配置为跳过投币任务
[09:34:32 INF] -----结束-----

[09:34:32 INF] ---开始 直播签到 ---
[09:34:38 INF] 【签到结果】成功
[09:34:38 INF] 【本次获取】3000点用户经验,2根辣条,再签到14天可以获得50根辣条
[09:34:38 INF] -------结束-------

[09:34:38 INF] ---开始 漫画签到 ---
[09:34:44 INF] 【签到结果】成功
[09:34:44 INF] -------结束-------

[09:34:44 INF] ---开始 漫画阅读 ---
[09:34:48 INF] 【漫画阅读】成功, 阅读漫画为：堀与宫村
[09:34:48 INF] -------结束-------

[09:34:48 INF] ---开始 银瓜子兑换硬币 ---
[09:34:48 INF] 【目标兑换日期】6号
[09:34:48 INF] 【今天】6号
[09:34:53 INF] 【银瓜子余额】 582
[09:34:53 INF] 【硬币余额】 743
[09:34:53 INF] 【今日剩余兑换次数】 1
[09:34:53 INF] 开始尝试兑换...
[09:34:57 INF] 【兑换结果】失败
[09:34:57 INF] 【原因】银瓜子余额不足
[09:34:57 INF] ----------结束----------

[09:34:57 INF] ---开始 领取大会员福利 ---
[09:34:57 INF] 普通会员和月度大会员每月不赠送B币券，不需要领取权益喽
[09:34:57 INF] ----------结束----------

[09:34:57 INF] ---开始 领取大会员漫画权益 ---
[09:34:57 INF] 不是会员，跳过
[09:34:57 INF] ------------结束------------

[09:34:57 INF] ---开始 B币券充电 ---
[09:34:57 INF] 不是年度大会员，跳过
[09:34:57 INF] --------结束--------

[09:34:57 INF] =========结束=========

[09:34:57 INF] ######### 账号 2 #########

[09:34:57 INF] =====开始 每日任务 =====

[09:34:57 INF] ---开始 Set Cookie ---
[09:34:57 INF] Cookie完整，不需要Set Cookie
[09:34:57 INF] -------------结束-------------

[09:34:57 INF] ---开始 登录 ---
[09:35:04 INF] 【用户名】bilixxxxxxxx1879
[09:35:04 INF] 【会员类型】月度大会员
[09:35:04 INF] 【会员状态】无/过期
[09:35:04 INF] 【硬币余额】530
[09:35:04 INF] 【距升级Lv5】47天（如每日做满65点经验）
[09:35:04 INF] 登录成功，经验+5 √
[09:35:04 INF] -----结束-----

[09:35:07 INF] ---开始 观看、分享视频 ---
[09:35:33 INF] 【随机视频】黑 山 大 叔
[09:35:42 INF] 视频播放成功，已观看到第1秒，经验+5 √
[09:35:49 INF] 视频分享成功，经验+5 √
[09:35:49 INF] ----------结束----------

[09:35:49 INF] ---开始 投币 ---
[09:35:49 INF] 已配置为跳过投币任务
[09:35:49 INF] -----结束-----

[09:35:49 INF] ---开始 直播签到 ---
[09:35:52 INF] 【签到结果】成功
[09:35:52 INF] 【本次获取】3000点用户经验,2根辣条,再签到14天可以获得50根辣条
[09:35:52 INF] -------结束-------

[09:35:52 INF] ---开始 漫画签到 ---
[09:35:55 INF] 【签到结果】成功
[09:35:55 INF] -------结束-------

[09:35:55 INF] ---开始 漫画阅读 ---
[09:36:01 INF] 【漫画阅读】成功, 阅读漫画为：堀与宫村
[09:36:01 INF] -------结束-------

[09:36:01 INF] ---开始 银瓜子兑换硬币 ---
[09:36:01 INF] 【目标兑换日期】6号
[09:36:01 INF] 【今天】6号
[09:36:07 INF] 【银瓜子余额】 354
[09:36:07 INF] 【硬币余额】 530
[09:36:07 INF] 【今日剩余兑换次数】 1
[09:36:07 INF] 开始尝试兑换...
[09:36:12 INF] 【兑换结果】失败
[09:36:12 INF] 【原因】银瓜子余额不足
[09:36:12 INF] ----------结束----------

[09:36:12 INF] ---开始 领取大会员福利 ---
[09:36:12 INF] 普通会员和月度大会员每月不赠送B币券，不需要领取权益喽
[09:36:12 INF] ----------结束----------

[09:36:12 INF] ---开始 领取大会员漫画权益 ---
[09:36:12 INF] 不是会员，跳过
[09:36:12 INF] ------------结束------------

[09:36:12 INF] ---开始 B币券充电 ---
[09:36:12 INF] 不是年度大会员，跳过
[09:36:12 INF] --------结束--------

[09:36:12 INF] =========结束=========

[09:36:12 INF] ######### 账号 3 #########

[09:36:12 INF] =====开始 每日任务 =====

[09:36:12 INF] ---开始 Set Cookie ---
[09:36:12 INF] Cookie完整，不需要Set Cookie
[09:36:12 INF] -------------结束-------------

[09:36:12 INF] ---开始 登录 ---
[09:36:17 WRN] 登录异常，请检查Cookie是否错误或过期
[09:36:17 ERR] 程序发生异常：登录失败，请检查Cookie
[09:36:17 INF] -----结束-----

[09:36:17 ERR] 程序发生异常：登录失败，请检查Cookie
[09:36:17 INF] =========结束=========

[09:36:17 WRN] 异常：System.Exception: 登录失败，请检查Cookie
   at Ray.BiliBiliTool.Application.DailyTaskAppService.Login() in /home/runner/work/BiliBiliToolPro/BiliBiliToolPro/src/Ray.BiliBiliTool.Application/DailyTaskAppService.cs:line 127
   at Ray.BiliBiliTool.Application.DailyTaskAppService.DoTaskAsync(CancellationToken cancellationToken) in /home/runner/work/BiliBiliToolPro/BiliBiliToolPro/src/Ray.BiliBiliTool.Application/DailyTaskAppService.cs:line 78
   at Ray.BiliBiliTool.Console.BiliBiliToolHostedService.DoTasksAsync(String[] tasks, CancellationToken cancellationToken) in /home/runner/work/BiliBiliToolPro/BiliBiliToolPro/src/Ray.BiliBiliTool.Console/BiliBiliToolHostedService.cs:line 188
   at Ray.BiliBiliTool.Console.BiliBiliToolHostedService.StartAsync(CancellationToken cancellationToken) in /home/runner/work/BiliBiliToolPro/BiliBiliToolPro/src/Ray.BiliBiliTool.Console/BiliBiliToolHostedService.cs:line 76
[09:36:17 INF] 

========================

 v2.0.1 开源 by https://github.com/RayWangQvQ/BiliBiliToolPro

[09:36:17 INF] ·开始推送·Daily任务·
2024-01-06T01:36:17.6073247Z 开始推送到:PushPlus
2024-01-06T01:36:18.8094366Z Response status: OK.
2024-01-06T01:36:18.8094664Z Response content: {"code":200,"msg":"请求成功","data":"f7855ec25de34a5c8c8b0cf343bbd12d","count":null}.

[09:36:18 INF] 运行环境：Development
[09:36:18 INF] 应用目录：/home/runner/work/BiliBiliToolPro/BiliBiliToolPro/src/Ray.BiliBiliTool.Console/bin/Debug/net6.0/

[09:36:18 INF] 运行结束
