  ____               ____    _   _____           _  
 |  _ \ __ _ _   _  | __ ) _| |_|_   _|__   ___ | | 
 | |_) / _` | | | | |  _ \(_) (_) | |/ _ \ / _ \| | 
 |  _ < (_| | |_| | | |_) | | | | | | (_) | (_) | | 
 |_| \_\__,_|\__, | |____/|_|_|_| |_|\___/ \___/|_| 
             |___/                                  

[12:55:21 INF] BiliBiliToolPro 开始运行...

[12:55:21 INF] 【账号个数】3个

[12:55:21 INF] 随机休眠4分钟

[12:59:21 INF] 【目标任务】Daily
[12:59:21 INF] ######### 账号 1 #########

[12:59:21 INF] =====开始 每日任务 =====

[12:59:21 INF] ---开始 Set Cookie ---
[12:59:21 INF] Cookie完整，不需要Set Cookie
[12:59:21 INF] -------------结束-------------

[12:59:21 INF] ---开始 登录 ---
[12:59:27 INF] 【用户名】waxxxx12
[12:59:27 INF] 【会员类型】月度大会员
[12:59:27 INF] 【会员状态】无/过期
[12:59:27 INF] 【硬币余额】396.2
[12:59:27 INF] 【距升级Lv5】17天（如每日做满65点经验）
[12:59:27 INF] 登录成功，经验+5 √
[12:59:27 INF] -----结束-----

[12:59:30 INF] ---开始 观看、分享视频 ---
[12:59:30 INF] 今天已经观看过了，不需要再看啦
[12:59:30 INF] 今天已经分享过了，不用再分享啦
[12:59:30 INF] ----------结束----------

[12:59:30 INF] ---开始 投币 ---
[12:59:30 INF] 已配置为跳过投币任务
[12:59:30 INF] -----结束-----

[12:59:30 INF] ---开始 直播签到 ---
[12:59:36 INF] 【签到结果】失败
[12:59:36 INF] 【原因】今日已签到过,无法重复签到
[12:59:36 INF] -------结束-------

[12:59:36 INF] ---开始 漫画签到 ---
[12:59:40 INF] 【签到结果】失败
[12:59:40 INF] 【原因】今日已签到过，无法重复签到
[12:59:40 INF] -------结束-------

[12:59:40 INF] ---开始 漫画阅读 ---
[12:59:44 INF] 【漫画阅读】成功, 阅读漫画为：堀与宫村
[12:59:44 INF] -------结束-------

[12:59:44 INF] ---开始 银瓜子兑换硬币 ---
[12:59:44 INF] 【目标兑换日期】16号
[12:59:44 INF] 【今天】16号
[12:59:48 INF] 【银瓜子余额】 88
[12:59:48 INF] 【硬币余额】 396
[12:59:48 INF] 【今日剩余兑换次数】 1
[12:59:48 INF] 开始尝试兑换...
[12:59:55 INF] 【兑换结果】失败
[12:59:55 INF] 【原因】银瓜子余额不足
[12:59:55 INF] ----------结束----------

[12:59:55 INF] ---开始 领取大会员福利 ---
[12:59:55 INF] 普通会员和月度大会员每月不赠送B币券，不需要领取权益喽
[12:59:55 INF] ----------结束----------

[12:59:55 INF] ---开始 领取大会员漫画权益 ---
[12:59:55 INF] 不是会员，跳过
[12:59:55 INF] ------------结束------------

[12:59:55 INF] ---开始 B币券充电 ---
[12:59:55 INF] 不是年度大会员，跳过
[12:59:55 INF] --------结束--------

[12:59:55 INF] =========结束=========

[12:59:55 INF] ######### 账号 2 #########

[12:59:55 INF] =====开始 每日任务 =====

[12:59:55 INF] ---开始 Set Cookie ---
[12:59:55 INF] Cookie完整，不需要Set Cookie
[12:59:55 INF] -------------结束-------------

[12:59:55 INF] ---开始 登录 ---
[13:00:02 INF] 【用户名】bilixxxxxxxx1879
[13:00:02 INF] 【会员类型】月度大会员
[13:00:02 INF] 【会员状态】无/过期
[13:00:02 INF] 【硬币余额】259
[13:00:02 INF] 【距升级Lv4】8天（如每日做满65点经验）
[13:00:02 INF] 登录成功，经验+5 √
[13:00:02 INF] -----结束-----

[13:00:07 INF] ---开始 观看、分享视频 ---
[13:00:07 INF] 今天已经观看过了，不需要再看啦
[13:00:07 INF] 今天已经分享过了，不用再分享啦
[13:00:07 INF] ----------结束----------

[13:00:07 INF] ---开始 投币 ---
[13:00:07 INF] 已配置为跳过投币任务
[13:00:07 INF] -----结束-----

[13:00:07 INF] ---开始 直播签到 ---
[13:00:13 INF] 【签到结果】失败
[13:00:13 INF] 【原因】今日已签到过,无法重复签到
[13:00:13 INF] -------结束-------

[13:00:13 INF] ---开始 漫画签到 ---
[13:00:21 INF] 【签到结果】失败
[13:00:21 INF] 【原因】今日已签到过，无法重复签到
[13:00:21 INF] -------结束-------

[13:00:21 INF] ---开始 漫画阅读 ---
[13:00:25 INF] 【漫画阅读】成功, 阅读漫画为：堀与宫村
[13:00:25 INF] -------结束-------

[13:00:25 INF] ---开始 银瓜子兑换硬币 ---
[13:00:25 INF] 【目标兑换日期】16号
[13:00:25 INF] 【今天】16号
[13:00:29 INF] 【银瓜子余额】 360
[13:00:29 INF] 【硬币余额】 259
[13:00:29 INF] 【今日剩余兑换次数】 1
[13:00:29 INF] 开始尝试兑换...
[13:00:37 INF] 【兑换结果】失败
[13:00:37 INF] 【原因】银瓜子余额不足
[13:00:37 INF] ----------结束----------

[13:00:37 INF] ---开始 领取大会员福利 ---
[13:00:37 INF] 普通会员和月度大会员每月不赠送B币券，不需要领取权益喽
[13:00:37 INF] ----------结束----------

[13:00:37 INF] ---开始 领取大会员漫画权益 ---
[13:00:37 INF] 不是会员，跳过
[13:00:37 INF] ------------结束------------

[13:00:37 INF] ---开始 B币券充电 ---
[13:00:37 INF] 不是年度大会员，跳过
[13:00:37 INF] --------结束--------

[13:00:37 INF] =========结束=========

[13:00:37 INF] ######### 账号 3 #########

[13:00:37 INF] =====开始 每日任务 =====

[13:00:37 INF] ---开始 Set Cookie ---
[13:00:37 INF] Cookie完整，不需要Set Cookie
[13:00:37 INF] -------------结束-------------

[13:00:37 INF] ---开始 登录 ---
[13:00:40 INF] 【用户名】晴xxng
[13:00:40 INF] 【会员类型】无
[13:00:40 INF] 【会员状态】无/过期
[13:00:40 INF] 【硬币余额】85
[13:00:40 INF] 【距升级Lv4】45天（如每日做满65点经验）
[13:00:40 INF] 登录成功，经验+5 √
[13:00:40 INF] -----结束-----

[13:00:46 INF] ---开始 观看、分享视频 ---
[13:00:46 INF] 今天已经观看过了，不需要再看啦
[13:00:46 INF] 今天已经分享过了，不用再分享啦
[13:00:46 INF] ----------结束----------

[13:00:46 INF] ---开始 投币 ---
[13:00:46 INF] 已配置为跳过投币任务
[13:00:46 INF] -----结束-----

[13:00:46 INF] ---开始 直播签到 ---
[13:00:52 INF] 【签到结果】失败
[13:00:52 INF] 【原因】今日已签到过,无法重复签到
[13:00:52 INF] -------结束-------

[13:00:52 INF] ---开始 漫画签到 ---
[13:00:56 INF] 【签到结果】失败
[13:00:56 INF] 【原因】今日已签到过，无法重复签到
[13:00:56 INF] -------结束-------

[13:00:56 INF] ---开始 漫画阅读 ---
[13:01:00 INF] 【漫画阅读】成功, 阅读漫画为：堀与宫村
[13:01:00 INF] -------结束-------

[13:01:00 INF] ---开始 银瓜子兑换硬币 ---
[13:01:00 INF] 【目标兑换日期】16号
[13:01:00 INF] 【今天】16号
[13:01:06 INF] 【银瓜子余额】 598
[13:01:06 INF] 【硬币余额】 85
[13:01:06 INF] 【今日剩余兑换次数】 1
[13:01:06 INF] 开始尝试兑换...
[13:01:10 INF] 【兑换结果】失败
[13:01:10 INF] 【原因】银瓜子余额不足
[13:01:10 INF] ----------结束----------

[13:01:10 INF] ---开始 领取大会员福利 ---
[13:01:10 INF] 普通会员和月度大会员每月不赠送B币券，不需要领取权益喽
[13:01:10 INF] ----------结束----------

[13:01:10 INF] ---开始 领取大会员漫画权益 ---
[13:01:10 INF] 不是会员，跳过
[13:01:10 INF] ------------结束------------

[13:01:10 INF] ---开始 B币券充电 ---
[13:01:10 INF] 不是年度大会员，跳过
[13:01:10 INF] --------结束--------

[13:01:10 INF] =========结束=========

[13:01:10 INF] 

========================

 v1.0.3 开源 by https://github.com/RayWangQvQ/BiliBiliToolPro

[13:01:10 INF] ·开始推送·Daily任务·
2023-04-16T05:01:10.2426063Z 开始推送到:PushPlus
2023-04-16T05:01:10.9007727Z Response status: OK.
2023-04-16T05:01:10.9008392Z Response content: {"code":200,"msg":"请求成功","data":"671971e65e99444f826bdf5c70f4e785","count":null}.

[13:01:10 INF] 运行环境：Development
[13:01:10 INF] 应用目录：/home/runner/work/BiliBiliToolPro/BiliBiliToolPro/src/Ray.BiliBiliTool.Console/bin/Debug/net6.0/

[13:01:10 INF] 运行结束
