----------- ip 信息 ---------
{
  "ip": "13.91.160.255",
  "city": "San Francisco",
  "region": "California",
  "country": "US",
  "loc": "37.7749,-122.4194",
  "org": "AS8075 Microsoft Corporation",
  "postal": "94102",
  "timezone": "America/Los_Angeles",
  "readme": "https://ipinfo.io/missingauth"
} ---------- end ------------
  ____               ____    _   _____           _  
 |  _ \ __ _ _   _  | __ ) _| |_|_   _|__   ___ | | 
 | |_) / _` | | | | |  _ \(_) (_) | |/ _ \ / _ \| | 
 |  _ < (_| | |_| | | |_) | | | | | | (_) | (_) | | 
 |_| \_\__,_|\__, | |____/|_|_|_| |_|\___/ \___/|_| 
             |___/                                  

[09:54:02 INF] BiliBiliToolPro 开始运行...

[09:54:02 INF] 【账号个数】3个

[09:54:02 INF] 随机休眠3分钟

[09:57:02 INF] 【目标任务】Daily
[09:57:02 INF] ######### 账号 1 #########

[09:57:02 INF] =====开始 每日任务 =====

[09:57:02 INF] ---开始 Set Cookie ---
[09:57:02 INF] Cookie完整，不需要Set Cookie
[09:57:02 INF] -------------结束-------------

[09:57:02 INF] ---开始 登录 ---
[09:57:08 INF] 【用户名】waxxxx12
[09:57:08 INF] 【会员类型】月度大会员
[09:57:08 INF] 【会员状态】无/过期
[09:57:08 INF] 【硬币余额】489.2
[09:57:08 INF] 【距升级Lv6】276天（如每日做满65点经验）
[09:57:08 INF] 登录成功，经验+5 √
[09:57:08 INF] -----结束-----

[09:57:15 INF] ---开始 观看、分享视频 ---
[09:57:34 INF] 【随机视频】【智能家居】人体传感器！
[09:57:45 INF] 视频播放成功，已观看到第1秒，经验+5 √
[09:57:51 INF] 视频分享成功，经验+5 √
[09:57:51 INF] ----------结束----------

[09:57:51 INF] ---开始 投币 ---
[09:57:51 INF] 已配置为跳过投币任务
[09:57:51 INF] -----结束-----

[09:57:51 INF] ---开始 直播签到 ---
[09:57:57 INF] 【签到结果】成功
[09:57:57 INF] 【本次获取】3000点用户经验,2根辣条,再签到1天可以获得50根辣条
[09:57:57 INF] -------结束-------

[09:57:57 INF] ---开始 漫画签到 ---
[09:58:02 INF] 【签到结果】成功
[09:58:02 INF] -------结束-------

[09:58:02 INF] ---开始 漫画阅读 ---
[09:58:05 INF] 【漫画阅读】成功, 阅读漫画为：堀与宫村
[09:58:05 INF] -------结束-------

[09:58:05 INF] ---开始 银瓜子兑换硬币 ---
[09:58:05 INF] 【目标兑换日期】19号
[09:58:05 INF] 【今天】19号
[09:58:08 INF] 【银瓜子余额】 20
[09:58:08 INF] 【硬币余额】 489
[09:58:08 INF] 【今日剩余兑换次数】 1
[09:58:08 INF] 开始尝试兑换...
[09:58:12 INF] 【兑换结果】失败
[09:58:12 INF] 【原因】银瓜子余额不足
[09:58:12 INF] ----------结束----------

[09:58:12 INF] ---开始 领取大会员福利 ---
[09:58:12 INF] 普通会员和月度大会员每月不赠送B币券，不需要领取权益喽
[09:58:12 INF] ----------结束----------

[09:58:12 INF] ---开始 领取大会员漫画权益 ---
[09:58:12 INF] 不是会员，跳过
[09:58:12 INF] ------------结束------------

[09:58:12 INF] ---开始 B币券充电 ---
[09:58:12 INF] 不是年度大会员，跳过
[09:58:12 INF] --------结束--------

[09:58:12 INF] =========结束=========

[09:58:12 INF] ######### 账号 2 #########

[09:58:12 INF] =====开始 每日任务 =====

[09:58:12 INF] ---开始 Set Cookie ---
[09:58:12 INF] Cookie完整，不需要Set Cookie
[09:58:12 INF] -------------结束-------------

[09:58:12 INF] ---开始 登录 ---
[09:58:15 INF] 【用户名】bilixxxxxxxx1879
[09:58:15 INF] 【会员类型】月度大会员
[09:58:15 INF] 【会员状态】无/过期
[09:58:15 INF] 【硬币余额】325
[09:58:15 INF] 【距升级Lv5】92天（如每日做满65点经验）
[09:58:15 INF] 登录成功，经验+5 √
[09:58:15 INF] -----结束-----

[09:58:23 INF] ---开始 观看、分享视频 ---
[09:58:49 INF] 【随机视频】不懂就问 这就是奇形种吗
[09:58:58 INF] 视频播放成功，已观看到第2秒，经验+5 √
[09:59:05 INF] 视频分享成功，经验+5 √
[09:59:05 INF] ----------结束----------

[09:59:05 INF] ---开始 投币 ---
[09:59:05 INF] 已配置为跳过投币任务
[09:59:05 INF] -----结束-----

[09:59:05 INF] ---开始 直播签到 ---
[09:59:10 INF] 【签到结果】成功
[09:59:10 INF] 【本次获取】3000点用户经验,2根辣条,再签到1天可以获得50根辣条
[09:59:10 INF] -------结束-------

[09:59:10 INF] ---开始 漫画签到 ---
[09:59:14 INF] 【签到结果】成功
[09:59:14 INF] -------结束-------

[09:59:14 INF] ---开始 漫画阅读 ---
[09:59:18 INF] 【漫画阅读】成功, 阅读漫画为：堀与宫村
[09:59:18 INF] -------结束-------

[09:59:18 INF] ---开始 银瓜子兑换硬币 ---
[09:59:18 INF] 【目标兑换日期】19号
[09:59:18 INF] 【今天】19号
[09:59:23 INF] 【银瓜子余额】 292
[09:59:23 INF] 【硬币余额】 325
[09:59:23 INF] 【今日剩余兑换次数】 1
[09:59:23 INF] 开始尝试兑换...
[09:59:27 INF] 【兑换结果】失败
[09:59:27 INF] 【原因】银瓜子余额不足
[09:59:27 INF] ----------结束----------

[09:59:27 INF] ---开始 领取大会员福利 ---
[09:59:27 INF] 普通会员和月度大会员每月不赠送B币券，不需要领取权益喽
[09:59:27 INF] ----------结束----------

[09:59:27 INF] ---开始 领取大会员漫画权益 ---
[09:59:27 INF] 不是会员，跳过
[09:59:27 INF] ------------结束------------

[09:59:27 INF] ---开始 B币券充电 ---
[09:59:27 INF] 不是年度大会员，跳过
[09:59:27 INF] --------结束--------

[09:59:27 INF] =========结束=========

[09:59:27 INF] ######### 账号 3 #########

[09:59:27 INF] =====开始 每日任务 =====

[09:59:27 INF] ---开始 Set Cookie ---
[09:59:27 INF] Cookie完整，不需要Set Cookie
[09:59:27 INF] -------------结束-------------

[09:59:27 INF] ---开始 登录 ---
[09:59:31 INF] 【用户名】晴xxng
[09:59:31 INF] 【会员类型】无
[09:59:31 INF] 【会员状态】无/过期
[09:59:31 INF] 【硬币余额】142
[09:59:31 INF] 【距升级Lv4】30天（如每日做满65点经验）
[09:59:31 INF] 登录成功，经验+5 √
[09:59:31 INF] -----结束-----

[09:59:37 INF] ---开始 观看、分享视频 ---
[10:00:01 INF] 【随机视频】从小智商低 砍一刀顿一下
[10:00:01 INF] 今天已经观看过了，不需要再看啦
[10:00:12 INF] 视频分享成功，经验+5 √
[10:00:12 INF] ----------结束----------

[10:00:12 INF] ---开始 投币 ---
[10:00:12 INF] 已配置为跳过投币任务
[10:00:12 INF] -----结束-----

[10:00:12 INF] ---开始 直播签到 ---
[10:00:18 INF] 【签到结果】成功
[10:00:18 INF] 【本次获取】3000点用户经验,2根辣条,再签到1天可以获得50根辣条
[10:00:18 INF] -------结束-------

[10:00:18 INF] ---开始 漫画签到 ---
[10:00:24 INF] 【签到结果】成功
[10:00:24 INF] -------结束-------

[10:00:24 INF] ---开始 漫画阅读 ---
[10:00:32 INF] 【漫画阅读】成功, 阅读漫画为：堀与宫村
[10:00:32 INF] -------结束-------

[10:00:32 INF] ---开始 银瓜子兑换硬币 ---
[10:00:32 INF] 【目标兑换日期】19号
[10:00:32 INF] 【今天】19号
[10:00:39 INF] 【银瓜子余额】 530
[10:00:39 INF] 【硬币余额】 142
[10:00:39 INF] 【今日剩余兑换次数】 1
[10:00:39 INF] 开始尝试兑换...
[10:00:42 INF] 【兑换结果】失败
[10:00:42 INF] 【原因】银瓜子余额不足
[10:00:42 INF] ----------结束----------

[10:00:42 INF] ---开始 领取大会员福利 ---
[10:00:42 INF] 普通会员和月度大会员每月不赠送B币券，不需要领取权益喽
[10:00:42 INF] ----------结束----------

[10:00:42 INF] ---开始 领取大会员漫画权益 ---
[10:00:42 INF] 不是会员，跳过
[10:00:42 INF] ------------结束------------

[10:00:42 INF] ---开始 B币券充电 ---
[10:00:42 INF] 不是年度大会员，跳过
[10:00:42 INF] --------结束--------

[10:00:42 INF] =========结束=========

[10:00:42 INF] 

========================

 v2.0.1 开源 by https://github.com/RayWangQvQ/BiliBiliToolPro

[10:00:42 INF] ·开始推送·Daily任务·
2023-06-19T02:00:42.5171963Z 开始推送到:自定义
2023-06-19T02:00:47.9651259Z Response status: OK.
2023-06-19T02:00:47.9651832Z Response content: {"message":"","success":true,"uuid":"aef429c953c646ab94c3eed322d4a164"}.

[10:00:47 INF] 运行环境：Development
[10:00:47 INF] 应用目录：/home/runner/work/BiliBiliToolPro/BiliBiliToolPro/src/Ray.BiliBiliTool.Console/bin/Debug/net6.0/

[10:00:47 INF] 运行结束
