----------- ip 信息 ---------
{
  "ip": "13.83.4.240",
  "city": "East Palo Alto",
  "region": "California",
  "country": "US",
  "loc": "37.4688,-122.1411",
  "org": "AS8075 Microsoft Corporation",
  "postal": "94303",
  "timezone": "America/Los_Angeles",
  "readme": "https://ipinfo.io/missingauth"
} ---------- end ------------
  ____               ____    _   _____           _  
 |  _ \ __ _ _   _  | __ ) _| |_|_   _|__   ___ | | 
 | |_) / _` | | | | |  _ \(_) (_) | |/ _ \ / _ \| | 
 |  _ < (_| | |_| | | |_) | | | | | | (_) | (_) | | 
 |_| \_\__,_|\__, | |____/|_|_|_| |_|\___/ \___/|_| 
             |___/                                  

[09:51:49 INF] BiliBiliToolPro 开始运行...

[09:51:49 INF] 【账号个数】3个

[09:51:49 INF] 随机休眠4分钟

[09:55:49 INF] 【目标任务】Daily
[09:55:49 INF] ######### 账号 1 #########

[09:55:49 INF] =====开始 每日任务 =====

[09:55:49 INF] ---开始 Set Cookie ---
[09:55:49 INF] Cookie完整，不需要Set Cookie
[09:55:49 INF] -------------结束-------------

[09:55:49 INF] ---开始 登录 ---
[09:55:57 INF] 【用户名】sunxxxxxgzi
[09:55:57 INF] 【会员类型】月度大会员
[09:55:57 INF] 【会员状态】无/过期
[09:55:57 INF] 【硬币余额】524.2
[09:55:57 INF] 【距升级Lv6】264天（如每日做满65点经验）
[09:55:57 INF] 登录成功，经验+5 √
[09:55:57 INF] -----结束-----

[09:56:02 INF] ---开始 观看、分享视频 ---
[09:56:20 INF] 【随机视频】给孩子的中国国家地理，我们单位的拳头产品
[09:56:30 INF] 视频播放成功，已观看到第12秒，经验+5 √
[09:56:37 INF] 视频分享成功，经验+5 √
[09:56:37 INF] ----------结束----------

[09:56:37 INF] ---开始 投币 ---
[09:56:37 INF] 已配置为跳过投币任务
[09:56:37 INF] -----结束-----

[09:56:37 INF] ---开始 直播签到 ---
[09:56:44 INF] 【签到结果】成功
[09:56:44 INF] 【本次获取】3000点用户经验,2根辣条,
[09:56:44 INF] -------结束-------

[09:56:44 INF] ---开始 漫画签到 ---
[09:56:49 INF] 【签到结果】成功
[09:56:49 INF] -------结束-------

[09:56:49 INF] ---开始 漫画阅读 ---
[09:56:52 INF] 【漫画阅读】成功, 阅读漫画为：堀与宫村
[09:56:52 INF] -------结束-------

[09:56:52 INF] ---开始 银瓜子兑换硬币 ---
[09:56:52 INF] 【目标兑换日期】23号
[09:56:52 INF] 【今天】23号
[09:56:56 INF] 【银瓜子余额】 686
[09:56:56 INF] 【硬币余额】 524
[09:56:56 INF] 【今日剩余兑换次数】 1
[09:56:56 INF] 开始尝试兑换...
[09:57:00 INF] 【兑换结果】失败
[09:57:00 INF] 【原因】银瓜子余额不足
[09:57:00 INF] ----------结束----------

[09:57:00 INF] ---开始 领取大会员福利 ---
[09:57:00 INF] 普通会员和月度大会员每月不赠送B币券，不需要领取权益喽
[09:57:00 INF] ----------结束----------

[09:57:00 INF] ---开始 领取大会员漫画权益 ---
[09:57:00 INF] 不是会员，跳过
[09:57:00 INF] ------------结束------------

[09:57:00 INF] ---开始 B币券充电 ---
[09:57:00 INF] 不是年度大会员，跳过
[09:57:00 INF] --------结束--------

[09:57:00 INF] =========结束=========

[09:57:00 INF] ######### 账号 2 #########

[09:57:00 INF] =====开始 每日任务 =====

[09:57:00 INF] ---开始 Set Cookie ---
[09:57:00 INF] Cookie完整，不需要Set Cookie
[09:57:00 INF] -------------结束-------------

[09:57:00 INF] ---开始 登录 ---
[09:57:04 INF] 【用户名】bilixxxxxxxx1879
[09:57:04 INF] 【会员类型】月度大会员
[09:57:04 INF] 【会员状态】无/过期
[09:57:04 INF] 【硬币余额】360
[09:57:04 INF] 【距升级Lv5】84天（如每日做满65点经验）
[09:57:04 INF] 登录成功，经验+5 √
[09:57:04 INF] -----结束-----

[09:57:10 INF] ---开始 观看、分享视频 ---
[09:57:36 INF] 【随机视频】Noob
[09:57:45 INF] 视频播放成功，已观看到第6秒，经验+5 √
[09:57:48 INF] 视频分享成功，经验+5 √
[09:57:48 INF] ----------结束----------

[09:57:48 INF] ---开始 投币 ---
[09:57:48 INF] 已配置为跳过投币任务
[09:57:48 INF] -----结束-----

[09:57:48 INF] ---开始 直播签到 ---
[09:57:53 INF] 【签到结果】成功
[09:57:53 INF] 【本次获取】3000点用户经验,2根辣条,
[09:57:53 INF] -------结束-------

[09:57:53 INF] ---开始 漫画签到 ---
[09:57:56 INF] 【签到结果】成功
[09:57:56 INF] -------结束-------

[09:57:56 INF] ---开始 漫画阅读 ---
[09:57:59 INF] 【漫画阅读】成功, 阅读漫画为：堀与宫村
[09:57:59 INF] -------结束-------

[09:57:59 INF] ---开始 银瓜子兑换硬币 ---
[09:57:59 INF] 【目标兑换日期】23号
[09:57:59 INF] 【今天】23号
[09:58:04 INF] 【银瓜子余额】 258
[09:58:04 INF] 【硬币余额】 360
[09:58:04 INF] 【今日剩余兑换次数】 1
[09:58:04 INF] 开始尝试兑换...
[09:58:11 INF] 【兑换结果】失败
[09:58:11 INF] 【原因】银瓜子余额不足
[09:58:11 INF] ----------结束----------

[09:58:11 INF] ---开始 领取大会员福利 ---
[09:58:11 INF] 普通会员和月度大会员每月不赠送B币券，不需要领取权益喽
[09:58:11 INF] ----------结束----------

[09:58:11 INF] ---开始 领取大会员漫画权益 ---
[09:58:11 INF] 不是会员，跳过
[09:58:11 INF] ------------结束------------

[09:58:11 INF] ---开始 B币券充电 ---
[09:58:11 INF] 不是年度大会员，跳过
[09:58:11 INF] --------结束--------

[09:58:11 INF] =========结束=========

[09:58:11 INF] ######### 账号 3 #########

[09:58:11 INF] =====开始 每日任务 =====

[09:58:11 INF] ---开始 Set Cookie ---
[09:58:11 INF] Cookie完整，不需要Set Cookie
[09:58:11 INF] -------------结束-------------

[09:58:11 INF] ---开始 登录 ---
[09:58:16 INF] 【用户名】晴xxng
[09:58:16 INF] 【会员类型】无
[09:58:16 INF] 【会员状态】无/过期
[09:58:16 INF] 【硬币余额】176
[09:58:16 INF] 【距升级Lv4】22天（如每日做满65点经验）
[09:58:16 INF] 登录成功，经验+5 √
[09:58:16 INF] -----结束-----

[09:58:19 INF] ---开始 观看、分享视频 ---
[09:58:40 INF] 【随机视频】【枯燥】海底还能种珊瑚？一旦老板出钱赞助，还请来二龙湖张三看风水
[09:58:46 INF] 视频播放成功，已观看到第9秒，经验+5 √
[09:58:51 INF] 视频分享成功，经验+5 √
[09:58:51 INF] ----------结束----------

[09:58:51 INF] ---开始 投币 ---
[09:58:51 INF] 已配置为跳过投币任务
[09:58:51 INF] -----结束-----

[09:58:51 INF] ---开始 直播签到 ---
[09:58:58 INF] 【签到结果】成功
[09:58:58 INF] 【本次获取】3000点用户经验,2根辣条,
[09:58:58 INF] -------结束-------

[09:58:58 INF] ---开始 漫画签到 ---
[09:59:02 INF] 【签到结果】成功
[09:59:02 INF] -------结束-------

[09:59:02 INF] ---开始 漫画阅读 ---
[09:59:09 INF] 【漫画阅读】成功, 阅读漫画为：堀与宫村
[09:59:09 INF] -------结束-------

[09:59:09 INF] ---开始 银瓜子兑换硬币 ---
[09:59:09 INF] 【目标兑换日期】23号
[09:59:09 INF] 【今天】23号
[09:59:16 INF] 【银瓜子余额】 496
[09:59:16 INF] 【硬币余额】 176
[09:59:16 INF] 【今日剩余兑换次数】 1
[09:59:16 INF] 开始尝试兑换...
[09:59:23 INF] 【兑换结果】失败
[09:59:23 INF] 【原因】银瓜子余额不足
[09:59:23 INF] ----------结束----------

[09:59:23 INF] ---开始 领取大会员福利 ---
[09:59:23 INF] 普通会员和月度大会员每月不赠送B币券，不需要领取权益喽
[09:59:23 INF] ----------结束----------

[09:59:23 INF] ---开始 领取大会员漫画权益 ---
[09:59:23 INF] 不是会员，跳过
[09:59:23 INF] ------------结束------------

[09:59:23 INF] ---开始 B币券充电 ---
[09:59:23 INF] 不是年度大会员，跳过
[09:59:23 INF] --------结束--------

[09:59:23 INF] =========结束=========

[09:59:23 INF] 

========================

 v2.0.1 开源 by https://github.com/RayWangQvQ/BiliBiliToolPro

[09:59:23 INF] ·开始推送·Daily任务·
2023-07-23T01:59:23.3903475Z 开始推送到:PushPlus
2023-07-23T01:59:24.3584217Z Response status: OK.
2023-07-23T01:59:24.3584707Z Response content: {"code":200,"msg":"请求成功","data":"ddc91bd1194e445b91a1632a0617f23f","count":null}.

[09:59:24 INF] 运行环境：Development
[09:59:24 INF] 应用目录：/home/runner/work/BiliBiliToolPro/BiliBiliToolPro/src/Ray.BiliBiliTool.Console/bin/Debug/net6.0/

[09:59:24 INF] 运行结束
