----------- ip 信息 ---------
{
  "ip": "172.177.98.57",
  "city": "Boydton",
  "region": "Virginia",
  "country": "US",
  "loc": "36.6676,-78.3875",
  "org": "AS8075 Microsoft Corporation",
  "postal": "23917",
  "timezone": "America/New_York",
  "readme": "https://ipinfo.io/missingauth"
} ---------- end ------------
  ____               ____    _   _____           _  
 |  _ \ __ _ _   _  | __ ) _| |_|_   _|__   ___ | | 
 | |_) / _` | | | | |  _ \(_) (_) | |/ _ \ / _ \| | 
 |  _ < (_| | |_| | | |_) | | | | | | (_) | (_) | | 
 |_| \_\__,_|\__, | |____/|_|_|_| |_|\___/ \___/|_| 
             |___/                                  

[10:05:19 INF] BiliBiliToolPro 开始运行...

[10:05:19 INF] 【账号个数】3个

[10:05:19 INF] 随机休眠1分钟

[10:06:19 INF] 【目标任务】Daily
[10:06:19 INF] ######### 账号 1 #########

[10:06:19 INF] =====开始 每日任务 =====

[10:06:19 INF] ---开始 Set Cookie ---
[10:06:19 INF] Cookie完整，不需要Set Cookie
[10:06:19 INF] -------------结束-------------

[10:06:19 INF] ---开始 登录 ---
[10:06:24 INF] 【用户名】waxxxx12
[10:06:24 INF] 【会员类型】月度大会员
[10:06:24 INF] 【会员状态】无/过期
[10:06:24 INF] 【硬币余额】525.2
[10:06:24 INF] 【距升级Lv6】269天（如每日做满65点经验）
[10:06:24 INF] 登录成功，经验+5 √
[10:06:24 INF] -----结束-----

[10:06:30 INF] ---开始 观看、分享视频 ---
[10:06:56 INF] 【随机视频】【盐焗海鲜】走到哪吃到哪，漠叔全靠渔民支持
[10:06:56 INF] 今天已经观看过了，不需要再看啦
[10:07:05 INF] 视频分享成功，经验+5 √
[10:07:05 INF] ----------结束----------

[10:07:05 INF] ---开始 投币 ---
[10:07:05 INF] 已配置为跳过投币任务
[10:07:05 INF] -----结束-----

[10:07:05 INF] ---开始 直播签到 ---
[10:07:10 INF] 【签到结果】成功
[10:07:10 INF] 【本次获取】3000点用户经验,2根辣条,再签到13天可以获得50根辣条
[10:07:10 INF] -------结束-------

[10:07:10 INF] ---开始 漫画签到 ---
[10:07:15 INF] 【签到结果】成功
[10:07:15 INF] -------结束-------

[10:07:15 INF] ---开始 漫画阅读 ---
[10:07:22 INF] 【漫画阅读】成功, 阅读漫画为：堀与宫村
[10:07:22 INF] -------结束-------

[10:07:22 INF] ---开始 银瓜子兑换硬币 ---
[10:07:22 INF] 【目标兑换日期】7号
[10:07:22 INF] 【今天】7号
[10:07:27 INF] 【银瓜子余额】 686
[10:07:27 INF] 【硬币余额】 525
[10:07:27 INF] 【今日剩余兑换次数】 1
[10:07:27 INF] 开始尝试兑换...
[10:07:31 INF] 【兑换结果】失败
[10:07:31 INF] 【原因】银瓜子余额不足
[10:07:31 INF] ----------结束----------

[10:07:31 INF] ---开始 领取大会员福利 ---
[10:07:31 INF] 普通会员和月度大会员每月不赠送B币券，不需要领取权益喽
[10:07:31 INF] ----------结束----------

[10:07:31 INF] ---开始 领取大会员漫画权益 ---
[10:07:31 INF] 不是会员，跳过
[10:07:31 INF] ------------结束------------

[10:07:31 INF] ---开始 B币券充电 ---
[10:07:31 INF] 不是年度大会员，跳过
[10:07:31 INF] --------结束--------

[10:07:31 INF] =========结束=========

[10:07:31 INF] ######### 账号 2 #########

[10:07:31 INF] =====开始 每日任务 =====

[10:07:31 INF] ---开始 Set Cookie ---
[10:07:31 INF] Cookie完整，不需要Set Cookie
[10:07:31 INF] -------------结束-------------

[10:07:31 INF] ---开始 登录 ---
[10:07:36 INF] 【用户名】bilixxxxxxxx1879
[10:07:36 INF] 【会员类型】月度大会员
[10:07:36 INF] 【会员状态】无/过期
[10:07:36 INF] 【硬币余额】344
[10:07:36 INF] 【距升级Lv5】88天（如每日做满65点经验）
[10:07:36 INF] 登录成功，经验+5 √
[10:07:36 INF] -----结束-----

[10:07:43 INF] ---开始 观看、分享视频 ---
[10:08:02 INF] 【随机视频】来一场说走就“走”的旅行
[10:08:12 INF] 视频播放成功，已观看到第5秒，经验+5 √
[10:08:19 INF] 视频分享成功，经验+5 √
[10:08:19 INF] ----------结束----------

[10:08:19 INF] ---开始 投币 ---
[10:08:19 INF] 已配置为跳过投币任务
[10:08:19 INF] -----结束-----

[10:08:19 INF] ---开始 直播签到 ---
[10:08:23 INF] 【签到结果】成功
[10:08:23 INF] 【本次获取】3000点用户经验,2根辣条,再签到13天可以获得50根辣条
[10:08:23 INF] -------结束-------

[10:08:23 INF] ---开始 漫画签到 ---
[10:08:30 INF] 【签到结果】成功
[10:08:30 INF] -------结束-------

[10:08:30 INF] ---开始 漫画阅读 ---
[10:08:36 INF] 【漫画阅读】成功, 阅读漫画为：堀与宫村
[10:08:36 INF] -------结束-------

[10:08:36 INF] ---开始 银瓜子兑换硬币 ---
[10:08:36 INF] 【目标兑换日期】7号
[10:08:36 INF] 【今天】7号
[10:08:43 INF] 【银瓜子余额】 258
[10:08:43 INF] 【硬币余额】 344
[10:08:43 INF] 【今日剩余兑换次数】 1
[10:08:43 INF] 开始尝试兑换...
[10:08:47 INF] 【兑换结果】失败
[10:08:47 INF] 【原因】银瓜子余额不足
[10:08:47 INF] ----------结束----------

[10:08:47 INF] ---开始 领取大会员福利 ---
[10:08:47 INF] 普通会员和月度大会员每月不赠送B币券，不需要领取权益喽
[10:08:47 INF] ----------结束----------

[10:08:47 INF] ---开始 领取大会员漫画权益 ---
[10:08:47 INF] 不是会员，跳过
[10:08:47 INF] ------------结束------------

[10:08:47 INF] ---开始 B币券充电 ---
[10:08:47 INF] 不是年度大会员，跳过
[10:08:47 INF] --------结束--------

[10:08:47 INF] =========结束=========

[10:08:47 INF] ######### 账号 3 #########

[10:08:47 INF] =====开始 每日任务 =====

[10:08:47 INF] ---开始 Set Cookie ---
[10:08:47 INF] Cookie完整，不需要Set Cookie
[10:08:47 INF] -------------结束-------------

[10:08:47 INF] ---开始 登录 ---
[10:08:53 INF] 【用户名】晴xxng
[10:08:53 INF] 【会员类型】无
[10:08:53 INF] 【会员状态】无/过期
[10:08:53 INF] 【硬币余额】161
[10:08:53 INF] 【距升级Lv4】26天（如每日做满65点经验）
[10:08:53 INF] 登录成功，经验+5 √
[10:08:53 INF] -----结束-----

[10:08:57 INF] ---开始 观看、分享视频 ---
[10:09:20 INF] 【随机视频】拆解Windows系统的平板电脑，没想到CPU竟然还会玩捉迷藏
[10:09:33 INF] 视频播放成功，已观看到第3秒，经验+5 √
[10:09:37 INF] 视频分享成功，经验+5 √
[10:09:37 INF] ----------结束----------

[10:09:37 INF] ---开始 投币 ---
[10:09:37 INF] 已配置为跳过投币任务
[10:09:37 INF] -----结束-----

[10:09:37 INF] ---开始 直播签到 ---
[10:09:42 INF] 【签到结果】成功
[10:09:42 INF] 【本次获取】3000点用户经验,2根辣条,再签到13天可以获得50根辣条
[10:09:42 INF] -------结束-------

[10:09:42 INF] ---开始 漫画签到 ---
[10:09:45 INF] 【签到结果】成功
[10:09:45 INF] -------结束-------

[10:09:45 INF] ---开始 漫画阅读 ---
[10:09:53 INF] 【漫画阅读】成功, 阅读漫画为：堀与宫村
[10:09:53 INF] -------结束-------

[10:09:53 INF] ---开始 银瓜子兑换硬币 ---
[10:09:53 INF] 【目标兑换日期】7号
[10:09:53 INF] 【今天】7号
[10:09:58 INF] 【银瓜子余额】 496
[10:09:58 INF] 【硬币余额】 161
[10:09:58 INF] 【今日剩余兑换次数】 1
[10:09:58 INF] 开始尝试兑换...
[10:10:05 INF] 【兑换结果】失败
[10:10:05 INF] 【原因】银瓜子余额不足
[10:10:05 INF] ----------结束----------

[10:10:05 INF] ---开始 领取大会员福利 ---
[10:10:05 INF] 普通会员和月度大会员每月不赠送B币券，不需要领取权益喽
[10:10:05 INF] ----------结束----------

[10:10:05 INF] ---开始 领取大会员漫画权益 ---
[10:10:05 INF] 不是会员，跳过
[10:10:05 INF] ------------结束------------

[10:10:05 INF] ---开始 B币券充电 ---
[10:10:05 INF] 不是年度大会员，跳过
[10:10:05 INF] --------结束--------

[10:10:05 INF] =========结束=========

[10:10:05 INF] 

========================

 v2.0.1 开源 by https://github.com/RayWangQvQ/BiliBiliToolPro

[10:10:05 INF] ·开始推送·Daily任务·
2023-07-07T02:10:05.2951812Z 开始推送到:自定义
2023-07-07T02:10:16.5498437Z Response status: OK.
2023-07-07T02:10:16.5498798Z Response content: {"message":"","success":true,"uuid":"09f5a628d0aa44b695d5934289ea138b"}.

[10:10:16 INF] 运行环境：Development
[10:10:16 INF] 应用目录：/home/runner/work/BiliBiliToolPro/BiliBiliToolPro/src/Ray.BiliBiliTool.Console/bin/Debug/net6.0/

[10:10:16 INF] 运行结束
