----------- ip 信息 ---------
{
  "ip": "104.28.242.135",
  "city": "Durham",
  "region": "North Carolina",
  "country": "US",
  "loc": "35.9940,-78.8986",
  "org": "AS13335 Cloudflare, Inc.",
  "postal": "27701",
  "timezone": "America/New_York",
  "readme": "https://ipinfo.io/missingauth"
} ---------- end ------------
  ____               ____    _   _____           _  
 |  _ \ __ _ _   _  | __ ) _| |_|_   _|__   ___ | | 
 | |_) / _` | | | | |  _ \(_) (_) | |/ _ \ / _ \| | 
 |  _ < (_| | |_| | | |_) | | | | | | (_) | (_) | | 
 |_| \_\__,_|\__, | |____/|_|_|_| |_|\___/ \___/|_| 
             |___/                                  

[09:42:59 INF] BiliBiliToolPro 开始运行...

[09:42:59 INF] 【账号个数】3个

[09:42:59 INF] 随机休眠3分钟

[09:45:59 INF] 【目标任务】Daily
[09:45:59 INF] ######### 账号 1 #########

[09:45:59 INF] =====开始 每日任务 =====

[09:45:59 INF] ---开始 Set Cookie ---
[09:45:59 INF] Cookie完整，不需要Set Cookie
[09:45:59 INF] -------------结束-------------

[09:45:59 INF] ---开始 登录 ---
[09:46:08 INF] 【用户名】waxxxx12
[09:46:08 INF] 【会员类型】月度大会员
[09:46:08 INF] 【会员状态】无/过期
[09:46:08 INF] 【硬币余额】445.2
[09:46:08 INF] 【距升级Lv5】5天（如每日做满65点经验）
[09:46:08 INF] 登录成功，经验+5 √
[09:46:08 INF] -----结束-----

[09:46:11 INF] ---开始 观看、分享视频 ---
[09:46:11 INF] 今天已经观看过了，不需要再看啦
[09:46:11 INF] 今天已经分享过了，不用再分享啦
[09:46:11 INF] ----------结束----------

[09:46:11 INF] ---开始 投币 ---
[09:46:11 INF] 已配置为跳过投币任务
[09:46:11 INF] -----结束-----

[09:46:11 INF] ---开始 直播签到 ---
[09:46:15 INF] 【签到结果】失败
[09:46:15 INF] 【原因】今日已签到过,无法重复签到
[09:46:15 INF] -------结束-------

[09:46:15 INF] ---开始 漫画签到 ---
[09:46:23 INF] 【签到结果】失败
[09:46:23 INF] 【原因】今日已签到过，无法重复签到
[09:46:23 INF] -------结束-------

[09:46:23 INF] ---开始 漫画阅读 ---
[09:46:29 INF] 【漫画阅读】成功, 阅读漫画为：堀与宫村
[09:46:29 INF] -------结束-------

[09:46:29 INF] ---开始 银瓜子兑换硬币 ---
[09:46:29 INF] 【目标兑换日期】27号
[09:46:29 INF] 【今天】27号
[09:46:34 INF] 【银瓜子余额】 54
[09:46:34 INF] 【硬币余额】 445
[09:46:34 INF] 【今日剩余兑换次数】 1
[09:46:34 INF] 开始尝试兑换...
[09:46:41 INF] 【兑换结果】失败
[09:46:41 INF] 【原因】银瓜子余额不足
[09:46:41 INF] ----------结束----------

[09:46:41 INF] ---开始 领取大会员福利 ---
[09:46:41 INF] 普通会员和月度大会员每月不赠送B币券，不需要领取权益喽
[09:46:41 INF] ----------结束----------

[09:46:41 INF] ---开始 领取大会员漫画权益 ---
[09:46:41 INF] 不是会员，跳过
[09:46:41 INF] ------------结束------------

[09:46:41 INF] ---开始 B币券充电 ---
[09:46:41 INF] 不是年度大会员，跳过
[09:46:41 INF] --------结束--------

[09:46:41 INF] =========结束=========

[09:46:41 INF] ######### 账号 2 #########

[09:46:41 INF] =====开始 每日任务 =====

[09:46:41 INF] ---开始 Set Cookie ---
[09:46:41 INF] Cookie完整，不需要Set Cookie
[09:46:41 INF] -------------结束-------------

[09:46:41 INF] ---开始 登录 ---
[09:46:47 INF] 【用户名】bilixxxxxxxx1879
[09:46:47 INF] 【会员类型】月度大会员
[09:46:47 INF] 【会员状态】无/过期
[09:46:47 INF] 【硬币余额】301
[09:46:47 INF] 【距升级Lv4】0天（如每日做满65点经验）
[09:46:47 INF] 登录成功，经验+5 √
[09:46:47 INF] -----结束-----

[09:46:54 INF] ---开始 观看、分享视频 ---
[09:46:54 INF] 今天已经观看过了，不需要再看啦
[09:46:54 INF] 今天已经分享过了，不用再分享啦
[09:46:54 INF] ----------结束----------

[09:46:54 INF] ---开始 投币 ---
[09:46:54 INF] 已配置为跳过投币任务
[09:46:54 INF] -----结束-----

[09:46:54 INF] ---开始 直播签到 ---
[09:47:01 INF] 【签到结果】失败
[09:47:01 INF] 【原因】今日已签到过,无法重复签到
[09:47:01 INF] -------结束-------

[09:47:01 INF] ---开始 漫画签到 ---
[09:47:05 INF] 【签到结果】失败
[09:47:05 INF] 【原因】今日已签到过，无法重复签到
[09:47:05 INF] -------结束-------

[09:47:05 INF] ---开始 漫画阅读 ---
[09:47:08 INF] 【漫画阅读】成功, 阅读漫画为：堀与宫村
[09:47:08 INF] -------结束-------

[09:47:08 INF] ---开始 银瓜子兑换硬币 ---
[09:47:08 INF] 【目标兑换日期】27号
[09:47:08 INF] 【今天】27号
[09:47:13 INF] 【银瓜子余额】 326
[09:47:13 INF] 【硬币余额】 301
[09:47:13 INF] 【今日剩余兑换次数】 1
[09:47:13 INF] 开始尝试兑换...
[09:47:19 INF] 【兑换结果】失败
[09:47:19 INF] 【原因】银瓜子余额不足
[09:47:19 INF] ----------结束----------

[09:47:19 INF] ---开始 领取大会员福利 ---
[09:47:19 INF] 普通会员和月度大会员每月不赠送B币券，不需要领取权益喽
[09:47:19 INF] ----------结束----------

[09:47:19 INF] ---开始 领取大会员漫画权益 ---
[09:47:19 INF] 不是会员，跳过
[09:47:19 INF] ------------结束------------

[09:47:19 INF] ---开始 B币券充电 ---
[09:47:19 INF] 不是年度大会员，跳过
[09:47:19 INF] --------结束--------

[09:47:19 INF] =========结束=========

[09:47:19 INF] ######### 账号 3 #########

[09:47:19 INF] =====开始 每日任务 =====

[09:47:19 INF] ---开始 Set Cookie ---
[09:47:19 INF] Cookie完整，不需要Set Cookie
[09:47:19 INF] -------------结束-------------

[09:47:19 INF] ---开始 登录 ---
[09:47:25 INF] 【用户名】晴xxng
[09:47:25 INF] 【会员类型】无
[09:47:25 INF] 【会员状态】无/过期
[09:47:25 INF] 【硬币余额】120
[09:47:25 INF] 【距升级Lv4】35天（如每日做满65点经验）
[09:47:25 INF] 登录成功，经验+5 √
[09:47:25 INF] -----结束-----

[09:47:30 INF] ---开始 观看、分享视频 ---
[09:47:30 INF] 今天已经观看过了，不需要再看啦
[09:47:30 INF] 今天已经分享过了，不用再分享啦
[09:47:30 INF] ----------结束----------

[09:47:30 INF] ---开始 投币 ---
[09:47:30 INF] 已配置为跳过投币任务
[09:47:30 INF] -----结束-----

[09:47:30 INF] ---开始 直播签到 ---
[09:47:34 INF] 【签到结果】失败
[09:47:34 INF] 【原因】今日已签到过,无法重复签到
[09:47:34 INF] -------结束-------

[09:47:34 INF] ---开始 漫画签到 ---
[09:47:42 INF] 【签到结果】失败
[09:47:42 INF] 【原因】今日已签到过，无法重复签到
[09:47:42 INF] -------结束-------

[09:47:42 INF] ---开始 漫画阅读 ---
[09:47:49 INF] 【漫画阅读】成功, 阅读漫画为：堀与宫村
[09:47:49 INF] -------结束-------

[09:47:49 INF] ---开始 银瓜子兑换硬币 ---
[09:47:49 INF] 【目标兑换日期】27号
[09:47:49 INF] 【今天】27号
[09:47:54 INF] 【银瓜子余额】 564
[09:47:54 INF] 【硬币余额】 120
[09:47:54 INF] 【今日剩余兑换次数】 1
[09:47:54 INF] 开始尝试兑换...
[09:47:59 INF] 【兑换结果】失败
[09:47:59 INF] 【原因】银瓜子余额不足
[09:47:59 INF] ----------结束----------

[09:47:59 INF] ---开始 领取大会员福利 ---
[09:47:59 INF] 普通会员和月度大会员每月不赠送B币券，不需要领取权益喽
[09:47:59 INF] ----------结束----------

[09:47:59 INF] ---开始 领取大会员漫画权益 ---
[09:47:59 INF] 不是会员，跳过
[09:47:59 INF] ------------结束------------

[09:47:59 INF] ---开始 B币券充电 ---
[09:47:59 INF] 不是年度大会员，跳过
[09:47:59 INF] --------结束--------

[09:47:59 INF] =========结束=========

[09:47:59 INF] 

========================

 v2.0.0 开源 by https://github.com/RayWangQvQ/BiliBiliToolPro

[09:47:59 INF] ·开始推送·Daily任务·
2023-05-27T01:47:59.1652958Z 开始推送到:自定义
2023-05-27T01:48:04.1583775Z Response status: OK.
2023-05-27T01:48:04.1584323Z Response content: {"message":"","success":true,"uuid":"da22e86146cc4c539158e5f365ada5e7"}.

[09:48:04 INF] 运行环境：Development
[09:48:04 INF] 应用目录：/home/runner/work/BiliBiliToolPro/BiliBiliToolPro/src/Ray.BiliBiliTool.Console/bin/Debug/net6.0/

[09:48:04 INF] 运行结束
