----------- ip 信息 ---------
{
  "ip": "104.28.242.135",
  "city": "Durham",
  "region": "North Carolina",
  "country": "US",
  "loc": "35.9940,-78.8986",
  "org": "AS13335 Cloudflare, Inc.",
  "postal": "27701",
  "timezone": "America/New_York",
  "readme": "https://ipinfo.io/missingauth"
} ---------- end ------------
  ____               ____    _   _____           _  
 |  _ \ __ _ _   _  | __ ) _| |_|_   _|__   ___ | | 
 | |_) / _` | | | | |  _ \(_) (_) | |/ _ \ / _ \| | 
 |  _ < (_| | |_| | | |_) | | | | | | (_) | (_) | | 
 |_| \_\__,_|\__, | |____/|_|_|_| |_|\___/ \___/|_| 
             |___/                                  

[09:49:48 INF] BiliBiliToolPro 开始运行...

[09:49:48 INF] 【账号个数】3个

[09:49:48 INF] 随机休眠5分钟

[09:54:48 INF] 【目标任务】Daily
[09:54:48 INF] ######### 账号 1 #########

[09:54:48 INF] =====开始 每日任务 =====

[09:54:48 INF] ---开始 Set Cookie ---
[09:54:48 INF] Cookie完整，不需要Set Cookie
[09:54:48 INF] -------------结束-------------

[09:54:48 INF] ---开始 登录 ---
[09:54:57 INF] 【用户名】waxxxx12
[09:54:57 INF] 【会员类型】月度大会员
[09:54:57 INF] 【会员状态】无/过期
[09:54:57 INF] 【硬币余额】402.2
[09:54:57 INF] 【距升级Lv5】16天（如每日做满65点经验）
[09:54:57 INF] 登录成功，经验+5 √
[09:54:57 INF] -----结束-----

[09:55:00 INF] ---开始 观看、分享视频 ---
[09:55:10 INF] 【随机视频】【亮记赶海】三亚鹿回头赶海
[09:55:25 INF] 视频播放成功，已观看到第11秒，经验+5 √
[09:55:29 INF] 视频分享成功，经验+5 √
[09:55:29 INF] ----------结束----------

[09:55:29 INF] ---开始 投币 ---
[09:55:29 INF] 已配置为跳过投币任务
[09:55:29 INF] -----结束-----

[09:55:29 INF] ---开始 直播签到 ---
[09:55:37 INF] 【签到结果】成功
[09:55:37 INF] 【本次获取】3000点用户经验,2根辣条,
[09:55:37 INF] -------结束-------

[09:55:37 INF] ---开始 漫画签到 ---
[09:55:44 INF] 【签到结果】成功
[09:55:44 INF] -------结束-------

[09:55:44 INF] ---开始 漫画阅读 ---
[09:55:48 INF] 【漫画阅读】成功, 阅读漫画为：堀与宫村
[09:55:48 INF] -------结束-------

[09:55:48 INF] ---开始 银瓜子兑换硬币 ---
[09:55:48 INF] 【目标兑换日期】23号
[09:55:48 INF] 【今天】23号
[09:55:53 INF] 【银瓜子余额】 88
[09:55:53 INF] 【硬币余额】 402
[09:55:53 INF] 【今日剩余兑换次数】 1
[09:55:53 INF] 开始尝试兑换...
[09:55:56 INF] 【兑换结果】失败
[09:55:56 INF] 【原因】银瓜子余额不足
[09:55:56 INF] ----------结束----------

[09:55:56 INF] ---开始 领取大会员福利 ---
[09:55:56 INF] 普通会员和月度大会员每月不赠送B币券，不需要领取权益喽
[09:55:56 INF] ----------结束----------

[09:55:56 INF] ---开始 领取大会员漫画权益 ---
[09:55:56 INF] 不是会员，跳过
[09:55:56 INF] ------------结束------------

[09:55:56 INF] ---开始 B币券充电 ---
[09:55:56 INF] 不是年度大会员，跳过
[09:55:56 INF] --------结束--------

[09:55:56 INF] =========结束=========

[09:55:56 INF] ######### 账号 2 #########

[09:55:56 INF] =====开始 每日任务 =====

[09:55:56 INF] ---开始 Set Cookie ---
[09:55:56 INF] Cookie完整，不需要Set Cookie
[09:55:56 INF] -------------结束-------------

[09:55:56 INF] ---开始 登录 ---
[09:56:02 INF] 【用户名】bilixxxxxxxx1879
[09:56:02 INF] 【会员类型】月度大会员
[09:56:02 INF] 【会员状态】无/过期
[09:56:02 INF] 【硬币余额】266
[09:56:02 INF] 【距升级Lv4】7天（如每日做满65点经验）
[09:56:02 INF] 登录成功，经验+5 √
[09:56:02 INF] -----结束-----

[09:56:08 INF] ---开始 观看、分享视频 ---
[09:56:20 INF] 【随机视频】发动村民参加创作，我把农村题材拍了几十集
[09:56:27 INF] 视频播放成功，已观看到第13秒，经验+5 √
[09:56:31 INF] 视频分享成功，经验+5 √
[09:56:31 INF] ----------结束----------

[09:56:31 INF] ---开始 投币 ---
[09:56:31 INF] 已配置为跳过投币任务
[09:56:31 INF] -----结束-----

[09:56:31 INF] ---开始 直播签到 ---
[09:56:34 INF] 【签到结果】成功
[09:56:34 INF] 【本次获取】3000点用户经验,2根辣条,
[09:56:34 INF] -------结束-------

[09:56:34 INF] ---开始 漫画签到 ---
[09:56:39 INF] 【签到结果】成功
[09:56:39 INF] -------结束-------

[09:56:39 INF] ---开始 漫画阅读 ---
[09:56:43 INF] 【漫画阅读】成功, 阅读漫画为：堀与宫村
[09:56:43 INF] -------结束-------

[09:56:43 INF] ---开始 银瓜子兑换硬币 ---
[09:56:43 INF] 【目标兑换日期】23号
[09:56:43 INF] 【今天】23号
[09:56:49 INF] 【银瓜子余额】 360
[09:56:49 INF] 【硬币余额】 266
[09:56:49 INF] 【今日剩余兑换次数】 1
[09:56:49 INF] 开始尝试兑换...
[09:56:55 INF] 【兑换结果】失败
[09:56:55 INF] 【原因】银瓜子余额不足
[09:56:55 INF] ----------结束----------

[09:56:55 INF] ---开始 领取大会员福利 ---
[09:56:55 INF] 普通会员和月度大会员每月不赠送B币券，不需要领取权益喽
[09:56:55 INF] ----------结束----------

[09:56:55 INF] ---开始 领取大会员漫画权益 ---
[09:56:55 INF] 不是会员，跳过
[09:56:55 INF] ------------结束------------

[09:56:55 INF] ---开始 B币券充电 ---
[09:56:55 INF] 不是年度大会员，跳过
[09:56:55 INF] --------结束--------

[09:56:55 INF] =========结束=========

[09:56:55 INF] ######### 账号 3 #########

[09:56:55 INF] =====开始 每日任务 =====

[09:56:55 INF] ---开始 Set Cookie ---
[09:56:55 INF] Cookie完整，不需要Set Cookie
[09:56:55 INF] -------------结束-------------

[09:56:55 INF] ---开始 登录 ---
[09:57:00 INF] 【用户名】晴xxng
[09:57:00 INF] 【会员类型】无
[09:57:00 INF] 【会员状态】无/过期
[09:57:00 INF] 【硬币余额】92
[09:57:00 INF] 【距升级Lv4】44天（如每日做满65点经验）
[09:57:00 INF] 登录成功，经验+5 √
[09:57:00 INF] -----结束-----

[09:57:08 INF] ---开始 观看、分享视频 ---
[09:57:19 INF] 【随机视频】【亮记生物鉴定】密云的奇花异草
[09:57:19 INF] 今天已经观看过了，不需要再看啦
[09:57:34 INF] 视频分享成功，经验+5 √
[09:57:34 INF] ----------结束----------

[09:57:34 INF] ---开始 投币 ---
[09:57:34 INF] 已配置为跳过投币任务
[09:57:34 INF] -----结束-----

[09:57:34 INF] ---开始 直播签到 ---
[09:57:40 INF] 【签到结果】成功
[09:57:40 INF] 【本次获取】3000点用户经验,2根辣条,
[09:57:40 INF] -------结束-------

[09:57:40 INF] ---开始 漫画签到 ---
[09:57:48 INF] 【签到结果】成功
[09:57:48 INF] -------结束-------

[09:57:48 INF] ---开始 漫画阅读 ---
[09:57:52 INF] 【漫画阅读】成功, 阅读漫画为：堀与宫村
[09:57:52 INF] -------结束-------

[09:57:52 INF] ---开始 银瓜子兑换硬币 ---
[09:57:52 INF] 【目标兑换日期】23号
[09:57:52 INF] 【今天】23号
[09:57:59 INF] 【银瓜子余额】 598
[09:57:59 INF] 【硬币余额】 92
[09:57:59 INF] 【今日剩余兑换次数】 1
[09:57:59 INF] 开始尝试兑换...
[09:58:06 INF] 【兑换结果】失败
[09:58:06 INF] 【原因】银瓜子余额不足
[09:58:06 INF] ----------结束----------

[09:58:06 INF] ---开始 领取大会员福利 ---
[09:58:06 INF] 普通会员和月度大会员每月不赠送B币券，不需要领取权益喽
[09:58:06 INF] ----------结束----------

[09:58:06 INF] ---开始 领取大会员漫画权益 ---
[09:58:06 INF] 不是会员，跳过
[09:58:06 INF] ------------结束------------

[09:58:06 INF] ---开始 B币券充电 ---
[09:58:06 INF] 不是年度大会员，跳过
[09:58:06 INF] --------结束--------

[09:58:06 INF] =========结束=========

[09:58:06 INF] 

========================

 v1.0.3 开源 by https://github.com/RayWangQvQ/BiliBiliToolPro

[09:58:06 INF] ·开始推送·Daily任务·
2023-04-23T01:58:06.7822399Z 开始推送到:PushPlus
2023-04-23T01:58:09.6349753Z Response status: OK.
2023-04-23T01:58:09.6350101Z Response content: {"code":200,"msg":"请求成功","data":"3c1115e8b8f04df3bd294523f258dafe","count":null}.

[09:58:09 INF] 运行环境：Development
[09:58:09 INF] 应用目录：/home/runner/work/BiliBiliToolPro/BiliBiliToolPro/src/Ray.BiliBiliTool.Console/bin/Debug/net6.0/

[09:58:09 INF] 运行结束
