----------- ip 信息 ---------
{
  "ip": "20.57.43.234",
  "city": "Boydton",
  "region": "Virginia",
  "country": "US",
  "loc": "36.6676,-78.3875",
  "org": "AS8075 Microsoft Corporation",
  "postal": "23917",
  "timezone": "America/New_York",
  "readme": "https://ipinfo.io/missingauth"
} ---------- end ------------
  ____               ____    _   _____           _  
 |  _ \ __ _ _   _  | __ ) _| |_|_   _|__   ___ | | 
 | |_) / _` | | | | |  _ \(_) (_) | |/ _ \ / _ \| | 
 |  _ < (_| | |_| | | |_) | | | | | | (_) | (_) | | 
 |_| \_\__,_|\__, | |____/|_|_|_| |_|\___/ \___/|_| 
             |___/                                  

[09:22:02 INF] BiliBiliToolPro 开始运行...

[09:22:02 INF] 【账号个数】3个

[09:22:02 INF] 随机休眠3分钟

[09:25:02 INF] 【目标任务】Daily
[09:25:02 INF] ######### 账号 1 #########

[09:25:02 INF] =====开始 每日任务 =====

[09:25:02 INF] ---开始 Set Cookie ---
[09:25:02 INF] Cookie完整，不需要Set Cookie
[09:25:02 INF] -------------结束-------------

[09:25:02 INF] ---开始 登录 ---
[09:25:06 INF] 【用户名】sunxxxxxgzi
[09:25:06 INF] 【会员类型】月度大会员
[09:25:06 INF] 【会员状态】无/过期
[09:25:06 INF] 【硬币余额】613.2
[09:25:06 INF] 【距升级Lv6】231天（如每日做满65点经验）
[09:25:06 INF] 登录成功，经验+5 √
[09:25:06 INF] -----结束-----

[09:25:13 INF] ---开始 观看、分享视频 ---
[09:25:31 INF] 【随机视频】［跨年留念］Minecraft 你画我猜高端局
[09:25:46 INF] 视频播放成功，已观看到第10秒，经验+5 √
[09:25:49 INF] 视频分享成功，经验+5 √
[09:25:49 INF] ----------结束----------

[09:25:49 INF] ---开始 投币 ---
[09:25:49 INF] 已配置为跳过投币任务
[09:25:49 INF] -----结束-----

[09:25:49 INF] ---开始 直播签到 ---
[09:25:53 INF] 【签到结果】成功
[09:25:53 INF] 【本次获取】3000点用户经验,2根辣条,
[09:25:53 INF] -------结束-------

[09:25:53 INF] ---开始 漫画签到 ---
[09:25:57 INF] 【签到结果】成功
[09:25:57 INF] -------结束-------

[09:25:57 INF] ---开始 漫画阅读 ---
[09:26:02 INF] 【漫画阅读】成功, 阅读漫画为：堀与宫村
[09:26:02 INF] -------结束-------

[09:26:02 INF] ---开始 银瓜子兑换硬币 ---
[09:26:02 INF] 【目标兑换日期】24号
[09:26:02 INF] 【今天】24号
[09:26:05 INF] 【银瓜子余额】 684
[09:26:05 INF] 【硬币余额】 613
[09:26:05 INF] 【今日剩余兑换次数】 1
[09:26:05 INF] 开始尝试兑换...
[09:26:08 INF] 【兑换结果】失败
[09:26:08 INF] 【原因】银瓜子余额不足
[09:26:08 INF] ----------结束----------

[09:26:08 INF] ---开始 领取大会员福利 ---
[09:26:08 INF] 普通会员和月度大会员每月不赠送B币券，不需要领取权益喽
[09:26:08 INF] ----------结束----------

[09:26:08 INF] ---开始 领取大会员漫画权益 ---
[09:26:08 INF] 不是会员，跳过
[09:26:08 INF] ------------结束------------

[09:26:08 INF] ---开始 B币券充电 ---
[09:26:08 INF] 不是年度大会员，跳过
[09:26:08 INF] --------结束--------

[09:26:08 INF] =========结束=========

[09:26:08 INF] ######### 账号 2 #########

[09:26:08 INF] =====开始 每日任务 =====

[09:26:08 INF] ---开始 Set Cookie ---
[09:26:08 INF] Cookie完整，不需要Set Cookie
[09:26:08 INF] -------------结束-------------

[09:26:08 INF] ---开始 登录 ---
[09:26:12 INF] 【用户名】bilixxxxxxxx1879
[09:26:12 INF] 【会员类型】月度大会员
[09:26:12 INF] 【会员状态】无/过期
[09:26:12 INF] 【硬币余额】453
[09:26:12 INF] 【距升级Lv5】64天（如每日做满65点经验）
[09:26:12 INF] 登录成功，经验+5 √
[09:26:12 INF] -----结束-----

[09:26:18 INF] ---开始 观看、分享视频 ---
[09:26:36 INF] 【随机视频】水期起床
[09:26:48 INF] 视频播放成功，已观看到第9秒，经验+5 √
[09:26:53 INF] 视频分享成功，经验+5 √
[09:26:53 INF] ----------结束----------

[09:26:53 INF] ---开始 投币 ---
[09:26:53 INF] 已配置为跳过投币任务
[09:26:53 INF] -----结束-----

[09:26:53 INF] ---开始 直播签到 ---
[09:26:59 INF] 【签到结果】成功
[09:26:59 INF] 【本次获取】3000点用户经验,2根辣条,
[09:26:59 INF] -------结束-------

[09:26:59 INF] ---开始 漫画签到 ---
[09:27:03 INF] 【签到结果】成功
[09:27:03 INF] -------结束-------

[09:27:03 INF] ---开始 漫画阅读 ---
[09:27:09 INF] 【漫画阅读】成功, 阅读漫画为：堀与宫村
[09:27:09 INF] -------结束-------

[09:27:09 INF] ---开始 银瓜子兑换硬币 ---
[09:27:09 INF] 【目标兑换日期】24号
[09:27:09 INF] 【今天】24号
[09:27:13 INF] 【银瓜子余额】 456
[09:27:13 INF] 【硬币余额】 453
[09:27:13 INF] 【今日剩余兑换次数】 1
[09:27:13 INF] 开始尝试兑换...
[09:27:17 INF] 【兑换结果】失败
[09:27:17 INF] 【原因】银瓜子余额不足
[09:27:17 INF] ----------结束----------

[09:27:17 INF] ---开始 领取大会员福利 ---
[09:27:17 INF] 普通会员和月度大会员每月不赠送B币券，不需要领取权益喽
[09:27:17 INF] ----------结束----------

[09:27:17 INF] ---开始 领取大会员漫画权益 ---
[09:27:17 INF] 不是会员，跳过
[09:27:17 INF] ------------结束------------

[09:27:17 INF] ---开始 B币券充电 ---
[09:27:17 INF] 不是年度大会员，跳过
[09:27:17 INF] --------结束--------

[09:27:17 INF] =========结束=========

[09:27:17 INF] ######### 账号 3 #########

[09:27:17 INF] =====开始 每日任务 =====

[09:27:17 INF] ---开始 Set Cookie ---
[09:27:17 INF] Cookie完整，不需要Set Cookie
[09:27:17 INF] -------------结束-------------

[09:27:17 INF] ---开始 登录 ---
[09:27:22 WRN] 登录异常，请检查Cookie是否错误或过期
[09:27:22 ERR] 程序发生异常：登录失败，请检查Cookie
[09:27:22 INF] -----结束-----

[09:27:22 ERR] 程序发生异常：登录失败，请检查Cookie
[09:27:22 INF] =========结束=========

[09:27:22 WRN] 异常：System.Exception: 登录失败，请检查Cookie
   at Ray.BiliBiliTool.Application.DailyTaskAppService.Login() in /home/runner/work/BiliBiliToolPro/BiliBiliToolPro/src/Ray.BiliBiliTool.Application/DailyTaskAppService.cs:line 127
   at Ray.BiliBiliTool.Application.DailyTaskAppService.DoTaskAsync(CancellationToken cancellationToken) in /home/runner/work/BiliBiliToolPro/BiliBiliToolPro/src/Ray.BiliBiliTool.Application/DailyTaskAppService.cs:line 78
   at Ray.BiliBiliTool.Console.BiliBiliToolHostedService.DoTasksAsync(String[] tasks, CancellationToken cancellationToken) in /home/runner/work/BiliBiliToolPro/BiliBiliToolPro/src/Ray.BiliBiliTool.Console/BiliBiliToolHostedService.cs:line 188
   at Ray.BiliBiliTool.Console.BiliBiliToolHostedService.StartAsync(CancellationToken cancellationToken) in /home/runner/work/BiliBiliToolPro/BiliBiliToolPro/src/Ray.BiliBiliTool.Console/BiliBiliToolHostedService.cs:line 76
[09:27:22 INF] 

========================

 v2.0.1 开源 by https://github.com/RayWangQvQ/BiliBiliToolPro

[09:27:22 INF] ·开始推送·Daily任务·
2023-10-24T01:27:22.7564984Z 开始推送到:PushPlus
2023-10-24T01:27:23.6198279Z Response status: OK.
2023-10-24T01:27:23.6198699Z Response content: {"code":200,"msg":"请求成功","data":"4ec70cfd3b2b42f3b082079563ff2e8a","count":null}.

[09:27:23 INF] 运行环境：Development
[09:27:23 INF] 应用目录：/home/runner/work/BiliBiliToolPro/BiliBiliToolPro/src/Ray.BiliBiliTool.Console/bin/Debug/net6.0/

[09:27:23 INF] 运行结束
