----------- ip 信息 ---------
{
  "ip": "172.183.107.216",
  "city": "Chicago",
  "region": "Illinois",
  "country": "US",
  "loc": "41.8500,-87.6500",
  "org": "AS8075 Microsoft Corporation",
  "postal": "60666",
  "timezone": "America/Chicago",
  "readme": "https://ipinfo.io/missingauth"
} ---------- end ------------
  ____               ____    _   _____           _  
 |  _ \ __ _ _   _  | __ ) _| |_|_   _|__   ___ | | 
 | |_) / _` | | | | |  _ \(_) (_) | |/ _ \ / _ \| | 
 |  _ < (_| | |_| | | |_) | | | | | | (_) | (_) | | 
 |_| \_\__,_|\__, | |____/|_|_|_| |_|\___/ \___/|_| 
             |___/                                  

[09:32:08 INF] BiliBiliToolPro 开始运行...

[09:32:09 INF] 【账号个数】3个

[09:32:09 INF] 随机休眠5分钟

[09:37:09 INF] 【目标任务】Daily
[09:37:09 INF] ######### 账号 1 #########

[09:37:09 INF] =====开始 每日任务 =====

[09:37:09 INF] ---开始 Set Cookie ---
[09:37:09 INF] Cookie完整，不需要Set Cookie
[09:37:09 INF] -------------结束-------------

[09:37:09 INF] ---开始 登录 ---
[09:37:16 INF] 【用户名】sunxxxxxgzi
[09:37:16 INF] 【会员类型】月度大会员
[09:37:16 INF] 【会员状态】无/过期
[09:37:16 INF] 【硬币余额】1231.2
[09:37:16 INF] 【距升级Lv6】预计726天
[09:37:16 INF] 登录成功，经验+5 √
[09:37:16 INF] -----结束-----

[09:37:21 INF] ---开始 观看、分享视频 ---
[09:37:44 INF] 【随机视频】就是一局普通的空岛战争
[09:37:52 INF] 视频播放成功，已观看到第7秒，经验+5 √
[09:37:55 INF] 视频分享成功，经验+5 √
[09:37:55 INF] ----------结束----------

[09:37:55 INF] ---开始 投币 ---
[09:37:55 INF] 已配置为跳过投币任务
[09:37:55 INF] -----结束-----

[09:37:55 INF] ---开始 直播签到 ---
[09:37:59 INF] 【签到结果】成功
[09:37:59 INF] 【本次获取】3000点用户经验,2根辣条,
[09:37:59 INF] -------结束-------

[09:37:59 INF] ---开始 漫画签到 ---
[09:38:06 INF] 【签到结果】成功
[09:38:06 INF] -------结束-------

[09:38:06 INF] ---开始 漫画阅读 ---
[09:38:12 INF] 【漫画阅读】成功
[09:38:12 INF] -------结束-------

[09:38:12 INF] ---开始 银瓜子兑换硬币 ---
[09:38:12 INF] 【目标兑换日期】25号
[09:38:12 INF] 【今天】25号
[09:38:16 INF] 【银瓜子余额】 480
[09:38:16 INF] 【硬币余额】 1231
[09:38:16 INF] 【今日剩余兑换次数】 1
[09:38:16 INF] 开始尝试兑换...
[09:38:19 INF] 【兑换结果】失败
[09:38:19 INF] 【原因】银瓜子余额不足
[09:38:19 INF] ----------结束----------

[09:38:19 INF] ---开始 领取大会员福利 ---
[09:38:19 INF] 普通会员和月度大会员每月不赠送B币券，不需要领取权益喽
[09:38:19 INF] ----------结束----------

[09:38:19 INF] ---开始 领取大会员漫画权益 ---
[09:38:19 INF] 不是会员，跳过
[09:38:19 INF] ------------结束------------

[09:38:19 INF] ---开始 B币券充电 ---
[09:38:19 INF] 已配置为关闭，跳过
[09:38:19 INF] --------结束--------

[09:38:19 INF] =========结束=========

[09:38:19 INF] ######### 账号 2 #########

[09:38:19 INF] =====开始 每日任务 =====

[09:38:19 INF] ---开始 Set Cookie ---
[09:38:19 INF] Cookie完整，不需要Set Cookie
[09:38:19 INF] -------------结束-------------

[09:38:19 INF] ---开始 登录 ---
[09:38:24 INF] 【用户名】bilixxxxxxxx1879
[09:38:24 INF] 【会员类型】月度大会员
[09:38:24 INF] 【会员状态】无/过期
[09:38:24 INF] 【硬币余额】627
[09:38:24 INF] 【距升级Lv5】预计61天
[09:38:24 INF] 登录成功，经验+5 √
[09:38:24 INF] -----结束-----

[09:38:29 INF] ---开始 观看、分享视频 ---
[09:38:51 INF] 【随机视频】我的逝界--空岛战争2.0
[09:39:01 INF] 视频播放成功，已观看到第14秒，经验+5 √
[09:39:04 INF] 视频分享成功，经验+5 √
[09:39:04 INF] ----------结束----------

[09:39:04 INF] ---开始 投币 ---
[09:39:04 INF] 已配置为跳过投币任务
[09:39:04 INF] -----结束-----

[09:39:04 INF] ---开始 直播签到 ---
[09:39:09 INF] 【签到结果】成功
[09:39:09 INF] 【本次获取】3000点用户经验,2根辣条,
[09:39:09 INF] -------结束-------

[09:39:09 INF] ---开始 漫画签到 ---
[09:39:13 INF] 【签到结果】成功
[09:39:13 INF] -------结束-------

[09:39:13 INF] ---开始 漫画阅读 ---
[09:39:16 INF] 【漫画阅读】成功
[09:39:16 INF] -------结束-------

[09:39:16 INF] ---开始 银瓜子兑换硬币 ---
[09:39:16 INF] 【目标兑换日期】25号
[09:39:16 INF] 【今天】25号
[09:39:21 INF] 【银瓜子余额】 252
[09:39:21 INF] 【硬币余额】 627
[09:39:21 INF] 【今日剩余兑换次数】 1
[09:39:21 INF] 开始尝试兑换...
[09:39:26 INF] 【兑换结果】失败
[09:39:26 INF] 【原因】银瓜子余额不足
[09:39:26 INF] ----------结束----------

[09:39:26 INF] ---开始 领取大会员福利 ---
[09:39:26 INF] 普通会员和月度大会员每月不赠送B币券，不需要领取权益喽
[09:39:26 INF] ----------结束----------

[09:39:26 INF] ---开始 领取大会员漫画权益 ---
[09:39:26 INF] 不是会员，跳过
[09:39:26 INF] ------------结束------------

[09:39:26 INF] ---开始 B币券充电 ---
[09:39:26 INF] 已配置为关闭，跳过
[09:39:26 INF] --------结束--------

[09:39:26 INF] =========结束=========

[09:39:26 INF] ######### 账号 3 #########

[09:39:26 INF] =====开始 每日任务 =====

[09:39:26 INF] ---开始 Set Cookie ---
[09:39:26 INF] Cookie完整，不需要Set Cookie
[09:39:26 INF] -------------结束-------------

[09:39:26 INF] ---开始 登录 ---
[09:39:30 WRN] 登录异常，请检查Cookie是否错误或过期
[09:39:30 ERR] 程序发生异常：登录失败，请检查Cookie
[09:39:30 INF] -----结束-----

[09:39:30 ERR] 程序发生异常：登录失败，请检查Cookie
[09:39:30 INF] =========结束=========

[09:39:30 WRN] 异常：System.Exception: 登录失败，请检查Cookie
   at Ray.BiliBiliTool.Application.DailyTaskAppService.Login() in /home/runner/work/BiliBiliToolPro/BiliBiliToolPro/src/Ray.BiliBiliTool.Application/DailyTaskAppService.cs:line 134
   at Ray.BiliBiliTool.Application.DailyTaskAppService.DoTaskAsync(CancellationToken cancellationToken) in /home/runner/work/BiliBiliToolPro/BiliBiliToolPro/src/Ray.BiliBiliTool.Application/DailyTaskAppService.cs:line 81
   at Ray.BiliBiliTool.Console.BiliBiliToolHostedService.DoTasksAsync(String[] tasks, CancellationToken cancellationToken) in /home/runner/work/BiliBiliToolPro/BiliBiliToolPro/src/Ray.BiliBiliTool.Console/BiliBiliToolHostedService.cs:line 194
   at Ray.BiliBiliTool.Console.BiliBiliToolHostedService.StartAsync(CancellationToken cancellationToken) in /home/runner/work/BiliBiliToolPro/BiliBiliToolPro/src/Ray.BiliBiliTool.Console/BiliBiliToolHostedService.cs:line 76
[09:39:30 INF] 

========================

 v2.0.2 开源 by https://github.com/RayWangQvQ/BiliBiliToolPro

[09:39:30 INF] ·开始推送·Daily任务·
2024-04-25T01:39:30.9372121Z 开始推送到:PushPlus
2024-04-25T01:39:32.0370855Z Response status: OK.
2024-04-25T01:39:32.0371220Z Response content: {"code":200,"msg":"请求成功","data":"bc56b418fd374c8e9aa6e0bb428c1f15","count":null}.

[09:39:32 INF] 运行环境：Development
[09:39:32 INF] 应用目录：/home/runner/work/BiliBiliToolPro/BiliBiliToolPro/src/Ray.BiliBiliTool.Console/bin/Debug/net6.0/

[09:39:32 INF] 运行结束
  ____               ____    _   _____           _  
 |  _ \ __ _ _   _  | __ ) _| |_|_   _|__   ___ | | 
 | |_) / _` | | | | |  _ \(_) (_) | |/ _ \ / _ \| | 
 |  _ < (_| | |_| | | |_) | | | | | | (_) | (_) | | 
 |_| \_\__,_|\__, | |____/|_|_|_| |_|\___/ \___/|_| 
             |___/                                  

[09:39:34 INF] BiliBiliToolPro 开始运行...

[09:39:34 INF] 【账号个数】3个

[09:39:34 INF] 随机休眠2分钟

[09:41:34 INF] 【目标任务】VipBigPoint
[09:41:34 INF] ######### 账号 1 #########

[09:41:34 INF] =====开始 大会员大积分 =====

[09:41:34 INF] 大会员经验领取任务开始
[09:41:42 INF] 大会员经验未兑换
[09:41:45 INF] 领取成功，经验+10 √
[09:41:45 INF] ---开始 测试Cookie ---
[09:41:51 INF] 【用户名】sunxxxxxgzi
[09:41:51 INF] 【会员类型】月度大会员
[09:41:51 INF] 【会员状态】无/过期
[09:41:51 INF] 【硬币余额】1231.2
[09:41:51 INF] 【距升级Lv6】预计724天
[09:41:51 INF] -----------结束-----------

[09:41:51 INF] 当前不是大会员或已过期，跳过任务
[09:41:51 INF] ===========结束===========

[09:41:51 INF] ######### 账号 2 #########

[09:41:51 INF] =====开始 大会员大积分 =====

[09:41:51 INF] 大会员经验领取任务开始
[09:41:58 INF] 大会员经验未兑换
[09:42:06 INF] 领取成功，经验+10 √
[09:42:06 INF] ---开始 测试Cookie ---
[09:42:09 INF] 【用户名】bilixxxxxxxx1879
[09:42:09 INF] 【会员类型】月度大会员
[09:42:09 INF] 【会员状态】无/过期
[09:42:09 INF] 【硬币余额】627
[09:42:09 INF] 【距升级Lv5】预计60天
[09:42:09 INF] -----------结束-----------

[09:42:09 INF] 当前不是大会员或已过期，跳过任务
[09:42:09 INF] ===========结束===========

[09:42:09 INF] ######### 账号 3 #########

[09:42:09 INF] =====开始 大会员大积分 =====

[09:42:09 INF] 大会员经验领取任务开始
[09:42:13 INF] ---开始 测试Cookie ---
[09:42:16 WRN] 登录异常，请检查Cookie是否错误或过期
[09:42:16 ERR] 程序发生异常：登录失败，请检查Cookie
[09:42:16 INF] -----------结束-----------

[09:42:16 ERR] 程序发生异常：登录失败，请检查Cookie
[09:42:16 INF] ===========结束===========

[09:42:16 WRN] 异常：System.Exception: 登录失败，请检查Cookie
   at Ray.BiliBiliTool.Application.VipBigPointAppService.GetUserInfo() in /home/runner/work/BiliBiliToolPro/BiliBiliToolPro/src/Ray.BiliBiliTool.Application/VipBigPointAppService.cs:line 150
   at Ray.BiliBiliTool.Application.VipBigPointAppService.DoTaskAsync(CancellationToken cancellationToken) in /home/runner/work/BiliBiliToolPro/BiliBiliToolPro/src/Ray.BiliBiliTool.Application/VipBigPointAppService.cs:line 98
   at Ray.BiliBiliTool.Console.BiliBiliToolHostedService.DoTasksAsync(String[] tasks, CancellationToken cancellationToken) in /home/runner/work/BiliBiliToolPro/BiliBiliToolPro/src/Ray.BiliBiliTool.Console/BiliBiliToolHostedService.cs:line 194
   at Ray.BiliBiliTool.Console.BiliBiliToolHostedService.StartAsync(CancellationToken cancellationToken) in /home/runner/work/BiliBiliToolPro/BiliBiliToolPro/src/Ray.BiliBiliTool.Console/BiliBiliToolHostedService.cs:line 76
[09:42:16 INF] 

========================

 v2.0.2 开源 by https://github.com/RayWangQvQ/BiliBiliToolPro

[09:42:16 INF] ·开始推送·VipBigPoint任务·
2024-04-25T01:42:16.8770349Z 开始推送到:PushPlus
2024-04-25T01:42:18.0303770Z Response status: OK.
2024-04-25T01:42:18.0304199Z Response content: {"code":200,"msg":"请求成功","data":"fa4f7fcf0eb44f7382847a802e152983","count":null}.

[09:42:18 INF] 运行环境：Development
[09:42:18 INF] 应用目录：/home/runner/work/BiliBiliToolPro/BiliBiliToolPro/src/Ray.BiliBiliTool.Console/bin/Debug/net6.0/

[09:42:18 INF] 运行结束
