----------- ip 信息 ---------
{
  "ip": "172.210.173.29",
  "city": "Boydton",
  "region": "Virginia",
  "country": "US",
  "loc": "36.6676,-78.3875",
  "org": "AS8075 Microsoft Corporation",
  "postal": "23917",
  "timezone": "America/New_York",
  "readme": "https://ipinfo.io/missingauth"
} ---------- end ------------
  ____               ____    _   _____           _  
 |  _ \ __ _ _   _  | __ ) _| |_|_   _|__   ___ | | 
 | |_) / _` | | | | |  _ \(_) (_) | |/ _ \ / _ \| | 
 |  _ < (_| | |_| | | |_) | | | | | | (_) | (_) | | 
 |_| \_\__,_|\__, | |____/|_|_|_| |_|\___/ \___/|_| 
             |___/                                  

[09:20:29 INF] BiliBiliToolPro 开始运行...

[09:20:29 INF] 【账号个数】3个

[09:20:29 INF] 随机休眠5分钟

[09:25:29 INF] 【目标任务】Daily
[09:25:29 INF] ######### 账号 1 #########

[09:25:29 INF] =====开始 每日任务 =====

[09:25:29 INF] ---开始 Set Cookie ---
[09:25:29 INF] Cookie完整，不需要Set Cookie
[09:25:29 INF] -------------结束-------------

[09:25:29 INF] ---开始 登录 ---
[09:25:34 INF] 【用户名】sunxxxxxgzi
[09:25:34 INF] 【会员类型】月度大会员
[09:25:34 INF] 【会员状态】正常
[09:25:34 INF] 【硬币余额】1179.2
[09:25:34 INF] 【距升级Lv6】预计775天
[09:25:34 INF] 登录成功，经验+5 √
[09:25:34 INF] -----结束-----

[09:25:41 INF] ---开始 观看、分享视频 ---
[09:26:04 INF] 【随机视频】北京动物园的老北京水獭
[09:26:15 INF] 视频播放成功，已观看到第11秒，经验+5 √
[09:26:19 INF] 视频分享成功，经验+5 √
[09:26:19 INF] ----------结束----------

[09:26:19 INF] ---开始 投币 ---
[09:26:19 INF] 已配置为跳过投币任务
[09:26:19 INF] -----结束-----

[09:26:19 INF] ---开始 直播签到 ---
[09:26:24 INF] 【签到结果】成功
[09:26:24 INF] 【本次获取】3000点用户经验,2根辣条,
[09:26:24 INF] -------结束-------

[09:26:24 INF] ---开始 漫画签到 ---
[09:26:32 INF] 【签到结果】成功
[09:26:32 INF] -------结束-------

[09:26:32 INF] ---开始 漫画阅读 ---
[09:26:38 INF] 【漫画阅读】成功
[09:26:38 INF] -------结束-------

[09:26:38 INF] ---开始 银瓜子兑换硬币 ---
[09:26:38 INF] 【目标兑换日期】29号
[09:26:38 INF] 【今天】29号
[09:26:44 INF] 【银瓜子余额】 514
[09:26:44 INF] 【硬币余额】 1179
[09:26:44 INF] 【今日剩余兑换次数】 1
[09:26:44 INF] 开始尝试兑换...
[09:26:50 INF] 【兑换结果】失败
[09:26:50 INF] 【原因】银瓜子余额不足
[09:26:50 INF] ----------结束----------

[09:26:50 INF] ---开始 领取大会员福利 ---
[09:26:50 INF] 普通会员和月度大会员每月不赠送B币券，不需要领取权益喽
[09:26:50 INF] ----------结束----------

[09:26:50 INF] ---开始 领取大会员漫画权益 ---
[09:26:50 INF] 【目标日期】1号
[09:26:50 INF] 【今天】29号
[09:26:50 INF] 跳过
[09:26:50 INF] ------------结束------------

[09:26:50 INF] ---开始 B币券充电 ---
[09:26:50 INF] 已配置为关闭，跳过
[09:26:50 INF] --------结束--------

[09:26:50 INF] =========结束=========

[09:26:50 INF] ######### 账号 2 #########

[09:26:50 INF] =====开始 每日任务 =====

[09:26:50 INF] ---开始 Set Cookie ---
[09:26:50 INF] Cookie完整，不需要Set Cookie
[09:26:50 INF] -------------结束-------------

[09:26:50 INF] ---开始 登录 ---
[09:26:57 INF] 【用户名】bilixxxxxxxx1879
[09:26:57 INF] 【会员类型】月度大会员
[09:26:57 INF] 【会员状态】无/过期
[09:26:57 INF] 【硬币余额】599
[09:26:57 INF] 【距升级Lv5】预计106天
[09:26:57 INF] 登录成功，经验+5 √
[09:26:57 INF] -----结束-----

[09:27:04 INF] ---开始 观看、分享视频 ---
[09:27:28 INF] 【随机视频】今日说法：到底谁是村霸？漠叔到华农兄弟家实地调查（预告片）
[09:27:41 INF] 视频播放成功，已观看到第4秒，经验+5 √
[09:27:45 INF] 视频分享成功，经验+5 √
[09:27:45 INF] ----------结束----------

[09:27:45 INF] ---开始 投币 ---
[09:27:45 INF] 已配置为跳过投币任务
[09:27:45 INF] -----结束-----

[09:27:45 INF] ---开始 直播签到 ---
[09:27:52 INF] 【签到结果】成功
[09:27:52 INF] 【本次获取】3000点用户经验,2根辣条,
[09:27:52 INF] -------结束-------

[09:27:52 INF] ---开始 漫画签到 ---
[09:27:59 INF] 【签到结果】成功
[09:27:59 INF] -------结束-------

[09:27:59 INF] ---开始 漫画阅读 ---
[09:28:06 INF] 【漫画阅读】成功
[09:28:06 INF] -------结束-------

[09:28:06 INF] ---开始 银瓜子兑换硬币 ---
[09:28:06 INF] 【目标兑换日期】29号
[09:28:06 INF] 【今天】29号
[09:28:14 INF] 【银瓜子余额】 286
[09:28:14 INF] 【硬币余额】 599
[09:28:14 INF] 【今日剩余兑换次数】 1
[09:28:14 INF] 开始尝试兑换...
[09:28:20 INF] 【兑换结果】失败
[09:28:20 INF] 【原因】银瓜子余额不足
[09:28:20 INF] ----------结束----------

[09:28:20 INF] ---开始 领取大会员福利 ---
[09:28:20 INF] 普通会员和月度大会员每月不赠送B币券，不需要领取权益喽
[09:28:20 INF] ----------结束----------

[09:28:20 INF] ---开始 领取大会员漫画权益 ---
[09:28:20 INF] 不是会员，跳过
[09:28:20 INF] ------------结束------------

[09:28:20 INF] ---开始 B币券充电 ---
[09:28:20 INF] 已配置为关闭，跳过
[09:28:20 INF] --------结束--------

[09:28:20 INF] =========结束=========

[09:28:20 INF] ######### 账号 3 #########

[09:28:20 INF] =====开始 每日任务 =====

[09:28:20 INF] ---开始 Set Cookie ---
[09:28:20 INF] Cookie完整，不需要Set Cookie
[09:28:20 INF] -------------结束-------------

[09:28:20 INF] ---开始 登录 ---
[09:28:26 WRN] 登录异常，请检查Cookie是否错误或过期
[09:28:26 ERR] 程序发生异常：登录失败，请检查Cookie
[09:28:26 INF] -----结束-----

[09:28:26 ERR] 程序发生异常：登录失败，请检查Cookie
[09:28:26 INF] =========结束=========

[09:28:26 WRN] 异常：System.Exception: 登录失败，请检查Cookie
   at Ray.BiliBiliTool.Application.DailyTaskAppService.Login() in /home/runner/work/BiliBiliToolPro/BiliBiliToolPro/src/Ray.BiliBiliTool.Application/DailyTaskAppService.cs:line 134
   at Ray.BiliBiliTool.Application.DailyTaskAppService.DoTaskAsync(CancellationToken cancellationToken) in /home/runner/work/BiliBiliToolPro/BiliBiliToolPro/src/Ray.BiliBiliTool.Application/DailyTaskAppService.cs:line 81
   at Ray.BiliBiliTool.Console.BiliBiliToolHostedService.DoTasksAsync(String[] tasks, CancellationToken cancellationToken) in /home/runner/work/BiliBiliToolPro/BiliBiliToolPro/src/Ray.BiliBiliTool.Console/BiliBiliToolHostedService.cs:line 194
   at Ray.BiliBiliTool.Console.BiliBiliToolHostedService.StartAsync(CancellationToken cancellationToken) in /home/runner/work/BiliBiliToolPro/BiliBiliToolPro/src/Ray.BiliBiliTool.Console/BiliBiliToolHostedService.cs:line 76
[09:28:26 INF] 

========================

 v2.0.2 开源 by https://github.com/RayWangQvQ/BiliBiliToolPro

[09:28:26 INF] ·开始推送·Daily任务·
2024-03-29T01:28:26.7967642Z 开始推送到:PushPlus
2024-03-29T01:28:27.6377047Z Response status: OK.
2024-03-29T01:28:27.6377323Z Response content: {"code":200,"msg":"请求成功","data":"7d60856b92184a96afe29185e940d769","count":null}.

[09:28:27 INF] 运行环境：Development
[09:28:27 INF] 应用目录：/home/runner/work/BiliBiliToolPro/BiliBiliToolPro/src/Ray.BiliBiliTool.Console/bin/Debug/net6.0/

[09:28:27 INF] 运行结束
  ____               ____    _   _____           _  
 |  _ \ __ _ _   _  | __ ) _| |_|_   _|__   ___ | | 
 | |_) / _` | | | | |  _ \(_) (_) | |/ _ \ / _ \| | 
 |  _ < (_| | |_| | | |_) | | | | | | (_) | (_) | | 
 |_| \_\__,_|\__, | |____/|_|_|_| |_|\___/ \___/|_| 
             |___/                                  

[09:28:30 INF] BiliBiliToolPro 开始运行...

[09:28:30 INF] 【账号个数】3个

[09:28:30 INF] 随机休眠2分钟

[09:30:30 INF] 【目标任务】VipBigPoint
[09:30:30 INF] ######### 账号 1 #########

[09:30:30 INF] =====开始 大会员大积分 =====

[09:30:30 INF] 大会员经验领取任务开始
[09:30:35 INF] 大会员经验未兑换
[09:30:38 INF] 领取成功，经验+10 √
[09:30:38 INF] ---开始 测试Cookie ---
[09:30:43 INF] 【用户名】sunxxxxxgzi
[09:30:43 INF] 【会员类型】月度大会员
[09:30:43 INF] 【会员状态】正常
[09:30:43 INF] 【硬币余额】1179.2
[09:30:43 INF] 【距升级Lv6】预计773天
[09:30:43 INF] -----------结束-----------

[09:30:50 INF] ------当前任务状态------
[09:30:50 INF] 打卡：X
[09:30:50 INF] -福利任务
[09:30:50 INF] ---大会员福利大积分：√
[09:30:50 INF] -体验任务
[09:30:50 INF] ---浏览大会员权益页面：√
[09:30:50 INF] -日常任务
[09:30:50 INF] ---浏览装扮商城主页：X
[09:30:50 INF] ---浏览会员购页面10秒：X
[09:30:50 INF] ---购买指定会员购商品：X
[09:30:50 INF] ---浏览追番频道页10秒：X
[09:30:50 INF] ---观看剧集内容：X
[09:30:50 INF] ---购买单点付费影片：X
[09:30:50 INF] ---购买指定装扮商品：X
[09:30:50 INF] ------------------------

[09:30:50 INF] ---开始 签到 ---
[09:30:57 ERR] 签到失败，继续其他任务。失败信息:{"Code":6007000,"Message":"抱歉，您的账号存在风险，暂时无法参与本任务哦~","Data":null}

[09:30:57 INF] -----结束-----

[09:30:57 INF] ---开始 福利任务 ---
[09:30:57 ERR] 福利任务失败，继续其他任务。失败信息:Object reference not set to an instance of an object.

[09:30:57 INF] -------结束-------

[09:30:57 INF] ---开始 体验任务 ---
[09:30:57 ERR] 体验任务失败，继续其他任务。失败信息:Object reference not set to an instance of an object.

[09:30:57 INF] -------结束-------

[09:30:57 INF] ---开始 浏览追番频道页10秒 ---
[09:30:57 ERR] 浏览追番频道页10秒失败，继续其他任务。失败信息:Object reference not set to an instance of an object.

[09:30:57 INF] -------------结束-------------

[09:30:57 INF] ---开始 浏览会员购页面10秒 ---
[09:30:57 INF] 待实现...
[09:30:57 INF] -------------结束-------------

[09:30:57 INF] ---开始 观看任意正片内容 ---
[09:30:57 ERR] 观看任意正片内容失败，继续其他任务。失败信息:Object reference not set to an instance of an object.

[09:30:57 INF] -----------结束-----------

[09:30:57 INF] ---开始 购买单点付费影片（仅领取） ---
[09:30:57 ERR] 购买单点付费影片（仅领取）失败，继续其他任务。失败信息:Object reference not set to an instance of an object.

[09:30:57 INF] ----------------结束----------------

[09:30:57 INF] ---开始 购买指定会员购商品（仅领取） ---
[09:30:57 ERR] 购买指定会员购商品（仅领取）失败，继续其他任务。失败信息:Object reference not set to an instance of an object.

[09:30:57 INF] -----------------结束-----------------

[09:30:57 ERR] 程序发生异常：Object reference not set to an instance of an object.
[09:30:57 INF] ===========结束===========

[09:30:57 WRN] 异常：System.NullReferenceException: Object reference not set to an instance of an object.
   at Ray.BiliBiliTool.Application.VipBigPointAppService.DoTaskAsync(CancellationToken cancellationToken) in /home/runner/work/BiliBiliToolPro/BiliBiliToolPro/src/Ray.BiliBiliTool.Application/VipBigPointAppService.cs:line 141
   at Ray.BiliBiliTool.Console.BiliBiliToolHostedService.DoTasksAsync(String[] tasks, CancellationToken cancellationToken) in /home/runner/work/BiliBiliToolPro/BiliBiliToolPro/src/Ray.BiliBiliTool.Console/BiliBiliToolHostedService.cs:line 194
   at Ray.BiliBiliTool.Console.BiliBiliToolHostedService.StartAsync(CancellationToken cancellationToken) in /home/runner/work/BiliBiliToolPro/BiliBiliToolPro/src/Ray.BiliBiliTool.Console/BiliBiliToolHostedService.cs:line 76
[09:30:57 INF] ######### 账号 2 #########

[09:30:57 INF] =====开始 大会员大积分 =====

[09:30:57 INF] 大会员经验领取任务开始
[09:31:02 INF] 大会员经验未兑换
[09:31:09 INF] 领取成功，经验+10 √
[09:31:09 INF] ---开始 测试Cookie ---
[09:31:16 INF] 【用户名】bilixxxxxxxx1879
[09:31:16 INF] 【会员类型】月度大会员
[09:31:16 INF] 【会员状态】无/过期
[09:31:16 INF] 【硬币余额】599
[09:31:16 INF] 【距升级Lv5】预计105天
[09:31:16 INF] -----------结束-----------

[09:31:16 INF] 当前不是大会员或已过期，跳过任务
[09:31:16 INF] ===========结束===========

[09:31:16 INF] ######### 账号 3 #########

[09:31:16 INF] =====开始 大会员大积分 =====

[09:31:16 INF] 大会员经验领取任务开始
[09:31:21 INF] ---开始 测试Cookie ---
[09:31:27 WRN] 登录异常，请检查Cookie是否错误或过期
[09:31:27 ERR] 程序发生异常：登录失败，请检查Cookie
[09:31:27 INF] -----------结束-----------

[09:31:27 ERR] 程序发生异常：登录失败，请检查Cookie
[09:31:27 INF] ===========结束===========

[09:31:27 WRN] 异常：System.Exception: 登录失败，请检查Cookie
   at Ray.BiliBiliTool.Application.VipBigPointAppService.GetUserInfo() in /home/runner/work/BiliBiliToolPro/BiliBiliToolPro/src/Ray.BiliBiliTool.Application/VipBigPointAppService.cs:line 150
   at Ray.BiliBiliTool.Application.VipBigPointAppService.DoTaskAsync(CancellationToken cancellationToken) in /home/runner/work/BiliBiliToolPro/BiliBiliToolPro/src/Ray.BiliBiliTool.Application/VipBigPointAppService.cs:line 98
   at Ray.BiliBiliTool.Console.BiliBiliToolHostedService.DoTasksAsync(String[] tasks, CancellationToken cancellationToken) in /home/runner/work/BiliBiliToolPro/BiliBiliToolPro/src/Ray.BiliBiliTool.Console/BiliBiliToolHostedService.cs:line 194
   at Ray.BiliBiliTool.Console.BiliBiliToolHostedService.StartAsync(CancellationToken cancellationToken) in /home/runner/work/BiliBiliToolPro/BiliBiliToolPro/src/Ray.BiliBiliTool.Console/BiliBiliToolHostedService.cs:line 76
[09:31:27 INF] 

========================

 v2.0.2 开源 by https://github.com/RayWangQvQ/BiliBiliToolPro

[09:31:27 INF] ·开始推送·VipBigPoint任务·
2024-03-29T01:31:27.7621711Z 开始推送到:PushPlus
2024-03-29T01:31:28.5994975Z Response status: OK.
2024-03-29T01:31:28.5995312Z Response content: {"code":200,"msg":"请求成功","data":"0bf339ff3a9c4623a4291af29d748e15","count":null}.

[09:31:28 INF] 运行环境：Development
[09:31:28 INF] 应用目录：/home/runner/work/BiliBiliToolPro/BiliBiliToolPro/src/Ray.BiliBiliTool.Console/bin/Debug/net6.0/

[09:31:28 INF] 运行结束
