----------- ip 信息 ---------
{
  "ip": "20.185.155.222",
  "city": "Washington",
  "region": "Virginia",
  "country": "US",
  "loc": "38.7135,-78.1594",
  "org": "AS8075 Microsoft Corporation",
  "postal": "22747",
  "timezone": "America/New_York",
  "readme": "https://ipinfo.io/missingauth"
} ---------- end ------------
  ____               ____    _   _____           _  
 |  _ \ __ _ _   _  | __ ) _| |_|_   _|__   ___ | | 
 | |_) / _` | | | | |  _ \(_) (_) | |/ _ \ / _ \| | 
 |  _ < (_| | |_| | | |_) | | | | | | (_) | (_) | | 
 |_| \_\__,_|\__, | |____/|_|_|_| |_|\___/ \___/|_| 
             |___/                                  

[09:44:52 INF] BiliBiliToolPro 开始运行...

[09:44:52 INF] 【账号个数】3个

[09:44:52 INF] 随机休眠5分钟

[09:49:52 INF] 【目标任务】Daily
[09:49:52 INF] ######### 账号 1 #########

[09:49:52 INF] =====开始 每日任务 =====

[09:49:52 INF] ---开始 Set Cookie ---
[09:49:52 INF] Cookie完整，不需要Set Cookie
[09:49:52 INF] -------------结束-------------

[09:49:52 INF] ---开始 登录 ---
[09:49:56 INF] 【用户名】sunxxxxxgzi
[09:49:56 INF] 【会员类型】月度大会员
[09:49:56 INF] 【会员状态】无/过期
[09:49:56 INF] 【硬币余额】525.2
[09:49:56 INF] 【距升级Lv6】265天（如每日做满65点经验）
[09:49:56 INF] 登录成功，经验+5 √
[09:49:56 INF] -----结束-----

[09:50:00 INF] ---开始 观看、分享视频 ---
[09:50:21 INF] 【随机视频】Minecraft,但是我是一只王八
[09:50:21 INF] 今天已经观看过了，不需要再看啦
[09:50:34 INF] 视频分享成功，经验+5 √
[09:50:34 INF] ----------结束----------

[09:50:34 INF] ---开始 投币 ---
[09:50:34 INF] 已配置为跳过投币任务
[09:50:34 INF] -----结束-----

[09:50:34 INF] ---开始 直播签到 ---
[09:50:41 INF] 【签到结果】成功
[09:50:41 INF] 【本次获取】3000点用户经验,2根辣条,50根辣条,
[09:50:41 INF] -------结束-------

[09:50:41 INF] ---开始 漫画签到 ---
[09:50:49 INF] 【签到结果】成功
[09:50:49 INF] -------结束-------

[09:50:49 INF] ---开始 漫画阅读 ---
[09:50:53 INF] 【漫画阅读】成功, 阅读漫画为：堀与宫村
[09:50:53 INF] -------结束-------

[09:50:53 INF] ---开始 银瓜子兑换硬币 ---
[09:50:53 INF] 【目标兑换日期】20号
[09:50:53 INF] 【今天】20号
[09:50:56 INF] 【银瓜子余额】 686
[09:50:56 INF] 【硬币余额】 525
[09:50:56 INF] 【今日剩余兑换次数】 1
[09:50:56 INF] 开始尝试兑换...
[09:51:02 INF] 【兑换结果】失败
[09:51:02 INF] 【原因】银瓜子余额不足
[09:51:02 INF] ----------结束----------

[09:51:02 INF] ---开始 领取大会员福利 ---
[09:51:02 INF] 普通会员和月度大会员每月不赠送B币券，不需要领取权益喽
[09:51:02 INF] ----------结束----------

[09:51:02 INF] ---开始 领取大会员漫画权益 ---
[09:51:02 INF] 不是会员，跳过
[09:51:02 INF] ------------结束------------

[09:51:02 INF] ---开始 B币券充电 ---
[09:51:02 INF] 不是年度大会员，跳过
[09:51:02 INF] --------结束--------

[09:51:02 INF] =========结束=========

[09:51:02 INF] ######### 账号 2 #########

[09:51:02 INF] =====开始 每日任务 =====

[09:51:02 INF] ---开始 Set Cookie ---
[09:51:02 INF] Cookie完整，不需要Set Cookie
[09:51:02 INF] -------------结束-------------

[09:51:02 INF] ---开始 登录 ---
[09:51:07 INF] 【用户名】bilixxxxxxxx1879
[09:51:07 INF] 【会员类型】月度大会员
[09:51:07 INF] 【会员状态】无/过期
[09:51:07 INF] 【硬币余额】357
[09:51:07 INF] 【距升级Lv5】85天（如每日做满65点经验）
[09:51:07 INF] 登录成功，经验+5 √
[09:51:07 INF] -----结束-----

[09:51:13 INF] ---开始 观看、分享视频 ---
[09:51:36 INF] 【随机视频】我推の新冠
[09:51:48 INF] 视频播放成功，已观看到第1秒，经验+5 √
[09:51:51 INF] 视频分享成功，经验+5 √
[09:51:51 INF] ----------结束----------

[09:51:51 INF] ---开始 投币 ---
[09:51:51 INF] 已配置为跳过投币任务
[09:51:51 INF] -----结束-----

[09:51:51 INF] ---开始 直播签到 ---
[09:51:56 INF] 【签到结果】成功
[09:51:56 INF] 【本次获取】3000点用户经验,2根辣条,50根辣条,
[09:51:56 INF] -------结束-------

[09:51:56 INF] ---开始 漫画签到 ---
[09:51:59 INF] 【签到结果】成功
[09:51:59 INF] -------结束-------

[09:51:59 INF] ---开始 漫画阅读 ---
[09:52:04 INF] 【漫画阅读】成功, 阅读漫画为：堀与宫村
[09:52:04 INF] -------结束-------

[09:52:04 INF] ---开始 银瓜子兑换硬币 ---
[09:52:04 INF] 【目标兑换日期】20号
[09:52:04 INF] 【今天】20号
[09:52:07 INF] 【银瓜子余额】 258
[09:52:07 INF] 【硬币余额】 357
[09:52:07 INF] 【今日剩余兑换次数】 1
[09:52:07 INF] 开始尝试兑换...
[09:52:11 INF] 【兑换结果】失败
[09:52:11 INF] 【原因】银瓜子余额不足
[09:52:11 INF] ----------结束----------

[09:52:11 INF] ---开始 领取大会员福利 ---
[09:52:11 INF] 普通会员和月度大会员每月不赠送B币券，不需要领取权益喽
[09:52:11 INF] ----------结束----------

[09:52:11 INF] ---开始 领取大会员漫画权益 ---
[09:52:11 INF] 不是会员，跳过
[09:52:11 INF] ------------结束------------

[09:52:11 INF] ---开始 B币券充电 ---
[09:52:11 INF] 不是年度大会员，跳过
[09:52:11 INF] --------结束--------

[09:52:11 INF] =========结束=========

[09:52:11 INF] ######### 账号 3 #########

[09:52:11 INF] =====开始 每日任务 =====

[09:52:11 INF] ---开始 Set Cookie ---
[09:52:11 INF] Cookie完整，不需要Set Cookie
[09:52:11 INF] -------------结束-------------

[09:52:11 INF] ---开始 登录 ---
[09:52:15 INF] 【用户名】晴xxng
[09:52:15 INF] 【会员类型】无
[09:52:15 INF] 【会员状态】无/过期
[09:52:15 INF] 【硬币余额】174
[09:52:15 INF] 【距升级Lv4】23天（如每日做满65点经验）
[09:52:15 INF] 登录成功，经验+5 √
[09:52:15 INF] -----结束-----

[09:52:22 INF] ---开始 观看、分享视频 ---
[09:52:50 INF] 【随机视频】秋./微剪辑
[09:53:02 INF] 视频播放成功，已观看到第4秒，经验+5 √
[09:53:06 INF] 视频分享成功，经验+5 √
[09:53:06 INF] ----------结束----------

[09:53:06 INF] ---开始 投币 ---
[09:53:06 INF] 已配置为跳过投币任务
[09:53:06 INF] -----结束-----

[09:53:06 INF] ---开始 直播签到 ---
[09:53:13 INF] 【签到结果】成功
[09:53:13 INF] 【本次获取】3000点用户经验,2根辣条,50根辣条,
[09:53:13 INF] -------结束-------

[09:53:13 INF] ---开始 漫画签到 ---
[09:53:18 INF] 【签到结果】成功
[09:53:18 INF] -------结束-------

[09:53:18 INF] ---开始 漫画阅读 ---
[09:53:22 INF] 【漫画阅读】成功, 阅读漫画为：堀与宫村
[09:53:22 INF] -------结束-------

[09:53:22 INF] ---开始 银瓜子兑换硬币 ---
[09:53:22 INF] 【目标兑换日期】20号
[09:53:22 INF] 【今天】20号
[09:53:29 INF] 【银瓜子余额】 496
[09:53:29 INF] 【硬币余额】 174
[09:53:29 INF] 【今日剩余兑换次数】 1
[09:53:29 INF] 开始尝试兑换...
[09:53:33 INF] 【兑换结果】失败
[09:53:33 INF] 【原因】银瓜子余额不足
[09:53:33 INF] ----------结束----------

[09:53:33 INF] ---开始 领取大会员福利 ---
[09:53:33 INF] 普通会员和月度大会员每月不赠送B币券，不需要领取权益喽
[09:53:33 INF] ----------结束----------

[09:53:33 INF] ---开始 领取大会员漫画权益 ---
[09:53:33 INF] 不是会员，跳过
[09:53:33 INF] ------------结束------------

[09:53:33 INF] ---开始 B币券充电 ---
[09:53:33 INF] 不是年度大会员，跳过
[09:53:33 INF] --------结束--------

[09:53:33 INF] =========结束=========

[09:53:33 INF] 

========================

 v2.0.1 开源 by https://github.com/RayWangQvQ/BiliBiliToolPro

[09:53:33 INF] ·开始推送·Daily任务·
2023-07-20T01:53:33.2213684Z 开始推送到:PushPlus
2023-07-20T01:53:34.0277371Z Response status: OK.
2023-07-20T01:53:34.0277910Z Response content: {"code":200,"msg":"请求成功","data":"ee90ed4f48114590a5aee377d5e3027e","count":null}.

[09:53:34 INF] 运行环境：Development
[09:53:34 INF] 应用目录：/home/runner/work/BiliBiliToolPro/BiliBiliToolPro/src/Ray.BiliBiliTool.Console/bin/Debug/net6.0/

[09:53:34 INF] 运行结束
