----------- ip 信息 ---------
{
  "ip": "40.86.18.94",
  "city": "Des Moines",
  "region": "Iowa",
  "country": "US",
  "loc": "41.6005,-93.6091",
  "org": "AS8075 Microsoft Corporation",
  "postal": "50307",
  "timezone": "America/Chicago",
  "readme": "https://ipinfo.io/missingauth"
} ---------- end ------------
  ____               ____    _   _____           _  
 |  _ \ __ _ _   _  | __ ) _| |_|_   _|__   ___ | | 
 | |_) / _` | | | | |  _ \(_) (_) | |/ _ \ / _ \| | 
 |  _ < (_| | |_| | | |_) | | | | | | (_) | (_) | | 
 |_| \_\__,_|\__, | |____/|_|_|_| |_|\___/ \___/|_| 
             |___/                                  

[10:05:20 INF] BiliBiliToolPro 开始运行...

[10:05:20 INF] 【账号个数】3个

[10:05:20 INF] 随机休眠1分钟

[10:06:20 INF] 【目标任务】Daily
[10:06:20 INF] ######### 账号 1 #########

[10:06:21 INF] =====开始 每日任务 =====

[10:06:21 INF] ---开始 Set Cookie ---
[10:06:21 INF] Cookie完整，不需要Set Cookie
[10:06:21 INF] -------------结束-------------

[10:06:21 INF] ---开始 登录 ---
[10:06:27 INF] 【用户名】waxxxx12
[10:06:27 INF] 【会员类型】月度大会员
[10:06:27 INF] 【会员状态】无/过期
[10:06:27 INF] 【硬币余额】491.2
[10:06:27 INF] 【距升级Lv6】270天（如每日做满65点经验）
[10:06:27 INF] 登录成功，经验+5 √
[10:06:27 INF] -----结束-----

[10:06:32 INF] ---开始 观看、分享视频 ---
[10:06:49 INF] 【随机视频】当你玩起床的时候，接到骚扰电话
[10:06:49 INF] 今天已经观看过了，不需要再看啦
[10:07:01 INF] 视频分享成功，经验+5 √
[10:07:01 INF] ----------结束----------

[10:07:01 INF] ---开始 投币 ---
[10:07:01 INF] 已配置为跳过投币任务
[10:07:01 INF] -----结束-----

[10:07:01 INF] ---开始 直播签到 ---
[10:07:06 INF] 【签到结果】成功
[10:07:06 INF] 【本次获取】3000点用户经验,2根辣条,再签到2天可以获得666银瓜子
[10:07:06 INF] -------结束-------

[10:07:06 INF] ---开始 漫画签到 ---
[10:07:11 INF] 【签到结果】成功
[10:07:11 INF] -------结束-------

[10:07:11 INF] ---开始 漫画阅读 ---
[10:07:14 INF] 【漫画阅读】成功, 阅读漫画为：堀与宫村
[10:07:14 INF] -------结束-------

[10:07:14 INF] ---开始 银瓜子兑换硬币 ---
[10:07:14 INF] 【目标兑换日期】3号
[10:07:14 INF] 【今天】3号
[10:07:17 INF] 【银瓜子余额】 20
[10:07:17 INF] 【硬币余额】 491
[10:07:17 INF] 【今日剩余兑换次数】 1
[10:07:17 INF] 开始尝试兑换...
[10:07:24 INF] 【兑换结果】失败
[10:07:24 INF] 【原因】银瓜子余额不足
[10:07:24 INF] ----------结束----------

[10:07:24 INF] ---开始 领取大会员福利 ---
[10:07:24 INF] 普通会员和月度大会员每月不赠送B币券，不需要领取权益喽
[10:07:24 INF] ----------结束----------

[10:07:24 INF] ---开始 领取大会员漫画权益 ---
[10:07:24 INF] 不是会员，跳过
[10:07:24 INF] ------------结束------------

[10:07:24 INF] ---开始 B币券充电 ---
[10:07:24 INF] 不是年度大会员，跳过
[10:07:24 INF] --------结束--------

[10:07:24 INF] =========结束=========

[10:07:24 INF] ######### 账号 2 #########

[10:07:24 INF] =====开始 每日任务 =====

[10:07:24 INF] ---开始 Set Cookie ---
[10:07:24 INF] Cookie完整，不需要Set Cookie
[10:07:24 INF] -------------结束-------------

[10:07:24 INF] ---开始 登录 ---
[10:07:30 INF] 【用户名】bilixxxxxxxx1879
[10:07:30 INF] 【会员类型】月度大会员
[10:07:30 INF] 【会员状态】无/过期
[10:07:30 INF] 【硬币余额】339
[10:07:30 INF] 【距升级Lv5】89天（如每日做满65点经验）
[10:07:30 INF] 登录成功，经验+5 √
[10:07:30 INF] -----结束-----

[10:07:37 INF] ---开始 观看、分享视频 ---
[10:08:04 INF] 【随机视频】【开箱】我竟花1500买了俩"小米高端路由器"？
[10:08:11 INF] 视频播放成功，已观看到第3秒，经验+5 √
[10:08:19 INF] 视频分享成功，经验+5 √
[10:08:19 INF] ----------结束----------

[10:08:19 INF] ---开始 投币 ---
[10:08:19 INF] 已配置为跳过投币任务
[10:08:19 INF] -----结束-----

[10:08:19 INF] ---开始 直播签到 ---
[10:08:25 INF] 【签到结果】成功
[10:08:25 INF] 【本次获取】3000点用户经验,2根辣条,再签到2天可以获得666银瓜子
[10:08:25 INF] -------结束-------

[10:08:25 INF] ---开始 漫画签到 ---
[10:08:32 INF] 【签到结果】成功
[10:08:32 INF] -------结束-------

[10:08:32 INF] ---开始 漫画阅读 ---
[10:08:35 INF] 【漫画阅读】成功, 阅读漫画为：堀与宫村
[10:08:35 INF] -------结束-------

[10:08:35 INF] ---开始 银瓜子兑换硬币 ---
[10:08:35 INF] 【目标兑换日期】3号
[10:08:35 INF] 【今天】3号
[10:08:42 INF] 【银瓜子余额】 292
[10:08:42 INF] 【硬币余额】 339
[10:08:42 INF] 【今日剩余兑换次数】 1
[10:08:42 INF] 开始尝试兑换...
[10:08:48 INF] 【兑换结果】失败
[10:08:48 INF] 【原因】银瓜子余额不足
[10:08:48 INF] ----------结束----------

[10:08:48 INF] ---开始 领取大会员福利 ---
[10:08:48 INF] 普通会员和月度大会员每月不赠送B币券，不需要领取权益喽
[10:08:48 INF] ----------结束----------

[10:08:48 INF] ---开始 领取大会员漫画权益 ---
[10:08:48 INF] 不是会员，跳过
[10:08:48 INF] ------------结束------------

[10:08:48 INF] ---开始 B币券充电 ---
[10:08:48 INF] 不是年度大会员，跳过
[10:08:48 INF] --------结束--------

[10:08:48 INF] =========结束=========

[10:08:48 INF] ######### 账号 3 #########

[10:08:48 INF] =====开始 每日任务 =====

[10:08:48 INF] ---开始 Set Cookie ---
[10:08:48 INF] Cookie完整，不需要Set Cookie
[10:08:48 INF] -------------结束-------------

[10:08:48 INF] ---开始 登录 ---
[10:08:51 INF] 【用户名】晴xxng
[10:08:51 INF] 【会员类型】无
[10:08:51 INF] 【会员状态】无/过期
[10:08:51 INF] 【硬币余额】156
[10:08:51 INF] 【距升级Lv4】27天（如每日做满65点经验）
[10:08:51 INF] 登录成功，经验+5 √
[10:08:51 INF] -----结束-----

[10:08:58 INF] ---开始 观看、分享视频 ---
[10:09:17 INF] 【随机视频】好康的#4
[10:09:24 INF] 视频播放成功，已观看到第3秒，经验+5 √
[10:09:31 INF] 视频分享成功，经验+5 √
[10:09:31 INF] ----------结束----------

[10:09:31 INF] ---开始 投币 ---
[10:09:31 INF] 已配置为跳过投币任务
[10:09:31 INF] -----结束-----

[10:09:31 INF] ---开始 直播签到 ---
[10:09:35 INF] 【签到结果】成功
[10:09:35 INF] 【本次获取】3000点用户经验,2根辣条,再签到2天可以获得666银瓜子
[10:09:35 INF] -------结束-------

[10:09:35 INF] ---开始 漫画签到 ---
[10:09:39 INF] 【签到结果】成功
[10:09:39 INF] -------结束-------

[10:09:39 INF] ---开始 漫画阅读 ---
[10:09:42 INF] 【漫画阅读】成功, 阅读漫画为：堀与宫村
[10:09:42 INF] -------结束-------

[10:09:42 INF] ---开始 银瓜子兑换硬币 ---
[10:09:42 INF] 【目标兑换日期】3号
[10:09:42 INF] 【今天】3号
[10:09:49 INF] 【银瓜子余额】 530
[10:09:49 INF] 【硬币余额】 156
[10:09:49 INF] 【今日剩余兑换次数】 1
[10:09:49 INF] 开始尝试兑换...
[10:09:53 INF] 【兑换结果】失败
[10:09:53 INF] 【原因】银瓜子余额不足
[10:09:53 INF] ----------结束----------

[10:09:53 INF] ---开始 领取大会员福利 ---
[10:09:53 INF] 普通会员和月度大会员每月不赠送B币券，不需要领取权益喽
[10:09:53 INF] ----------结束----------

[10:09:53 INF] ---开始 领取大会员漫画权益 ---
[10:09:53 INF] 不是会员，跳过
[10:09:53 INF] ------------结束------------

[10:09:53 INF] ---开始 B币券充电 ---
[10:09:53 INF] 不是年度大会员，跳过
[10:09:53 INF] --------结束--------

[10:09:53 INF] =========结束=========

[10:09:53 INF] 

========================

 v2.0.1 开源 by https://github.com/RayWangQvQ/BiliBiliToolPro

[10:09:53 INF] ·开始推送·Daily任务·
2023-07-03T02:09:53.3066996Z 开始推送到:自定义
2023-07-03T02:09:58.6230012Z Response status: OK.
2023-07-03T02:09:58.6230360Z Response content: {"message":"","success":true,"uuid":"719263e8bfdb45f9bd2a34b731365025"}.

[10:09:58 INF] 运行环境：Development
[10:09:58 INF] 应用目录：/home/runner/work/BiliBiliToolPro/BiliBiliToolPro/src/Ray.BiliBiliTool.Console/bin/Debug/net6.0/

[10:09:58 INF] 运行结束
