----------- ip 信息 ---------
{
  "ip": "20.42.16.77",
  "city": "Washington",
  "region": "Virginia",
  "country": "US",
  "loc": "38.7135,-78.1594",
  "org": "AS8075 Microsoft Corporation",
  "postal": "22747",
  "timezone": "America/New_York",
  "readme": "https://ipinfo.io/missingauth"
} ---------- end ------------
  ____               ____    _   _____           _  
 |  _ \ __ _ _   _  | __ ) _| |_|_   _|__   ___ | | 
 | |_) / _` | | | | |  _ \(_) (_) | |/ _ \ / _ \| | 
 |  _ < (_| | |_| | | |_) | | | | | | (_) | (_) | | 
 |_| \_\__,_|\__, | |____/|_|_|_| |_|\___/ \___/|_| 
             |___/                                  

[09:38:17 INF] BiliBiliToolPro 开始运行...

[09:38:17 INF] 【账号个数】3个

[09:38:17 INF] 随机休眠4分钟

[09:42:17 INF] 【目标任务】Daily
[09:42:17 INF] ######### 账号 1 #########

[09:42:17 INF] =====开始 每日任务 =====

[09:42:17 INF] ---开始 Set Cookie ---
[09:42:17 INF] Cookie完整，不需要Set Cookie
[09:42:17 INF] -------------结束-------------

[09:42:17 INF] ---开始 登录 ---
[09:42:23 INF] 【用户名】sunxxxxxgzi
[09:42:23 INF] 【会员类型】月度大会员
[09:42:23 INF] 【会员状态】无/过期
[09:42:23 INF] 【硬币余额】516.2
[09:42:23 INF] 【距升级Lv6】260天（如每日做满65点经验）
[09:42:23 INF] 登录成功，经验+5 √
[09:42:23 INF] -----结束-----

[09:42:29 INF] ---开始 观看、分享视频 ---
[09:42:49 INF] 【随机视频】硬核拆解：液压刹车系统的构造和原理
[09:42:49 INF] 今天已经观看过了，不需要再看啦
[09:42:59 INF] 视频分享成功，经验+5 √
[09:42:59 INF] ----------结束----------

[09:42:59 INF] ---开始 投币 ---
[09:42:59 INF] 已配置为跳过投币任务
[09:42:59 INF] -----结束-----

[09:42:59 INF] ---开始 直播签到 ---
[09:43:03 INF] 【签到结果】成功
[09:43:03 INF] 【本次获取】3000点用户经验,2根辣条,再签到2天可以获得666银瓜子
[09:43:03 INF] -------结束-------

[09:43:03 INF] ---开始 漫画签到 ---
[09:43:06 INF] 【签到结果】成功
[09:43:06 INF] -------结束-------

[09:43:06 INF] ---开始 漫画阅读 ---
[09:43:10 INF] 【漫画阅读】成功, 阅读漫画为：堀与宫村
[09:43:10 INF] -------结束-------

[09:43:10 INF] ---开始 银瓜子兑换硬币 ---
[09:43:10 INF] 【目标兑换日期】3号
[09:43:10 INF] 【今天】3号
[09:43:14 INF] 【银瓜子余额】 86
[09:43:14 INF] 【硬币余额】 516
[09:43:14 INF] 【今日剩余兑换次数】 1
[09:43:14 INF] 开始尝试兑换...
[09:43:19 INF] 【兑换结果】失败
[09:43:19 INF] 【原因】银瓜子余额不足
[09:43:19 INF] ----------结束----------

[09:43:19 INF] ---开始 领取大会员福利 ---
[09:43:19 INF] 普通会员和月度大会员每月不赠送B币券，不需要领取权益喽
[09:43:19 INF] ----------结束----------

[09:43:19 INF] ---开始 领取大会员漫画权益 ---
[09:43:19 INF] 不是会员，跳过
[09:43:19 INF] ------------结束------------

[09:43:19 INF] ---开始 B币券充电 ---
[09:43:19 INF] 不是年度大会员，跳过
[09:43:19 INF] --------结束--------

[09:43:19 INF] =========结束=========

[09:43:19 INF] ######### 账号 2 #########

[09:43:19 INF] =====开始 每日任务 =====

[09:43:19 INF] ---开始 Set Cookie ---
[09:43:19 INF] Cookie完整，不需要Set Cookie
[09:43:19 INF] -------------结束-------------

[09:43:19 INF] ---开始 登录 ---
[09:43:25 INF] 【用户名】bilixxxxxxxx1879
[09:43:25 INF] 【会员类型】月度大会员
[09:43:25 INF] 【会员状态】无/过期
[09:43:25 INF] 【硬币余额】372
[09:43:25 INF] 【距升级Lv5】82天（如每日做满65点经验）
[09:43:25 INF] 登录成功，经验+5 √
[09:43:25 INF] -----结束-----

[09:43:32 INF] ---开始 观看、分享视频 ---
[09:43:54 INF] 【随机视频】〔短片〕致回忆
[09:44:02 INF] 视频播放成功，已观看到第1秒，经验+5 √
[09:44:05 INF] 视频分享成功，经验+5 √
[09:44:05 INF] ----------结束----------

[09:44:05 INF] ---开始 投币 ---
[09:44:05 INF] 已配置为跳过投币任务
[09:44:05 INF] -----结束-----

[09:44:05 INF] ---开始 直播签到 ---
[09:44:11 INF] 【签到结果】成功
[09:44:11 INF] 【本次获取】3000点用户经验,2根辣条,再签到2天可以获得666银瓜子
[09:44:11 INF] -------结束-------

[09:44:11 INF] ---开始 漫画签到 ---
[09:44:14 INF] 【签到结果】成功
[09:44:14 INF] -------结束-------

[09:44:14 INF] ---开始 漫画阅读 ---
[09:44:18 INF] 【漫画阅读】成功, 阅读漫画为：堀与宫村
[09:44:18 INF] -------结束-------

[09:44:18 INF] ---开始 银瓜子兑换硬币 ---
[09:44:18 INF] 【目标兑换日期】3号
[09:44:18 INF] 【今天】3号
[09:44:22 INF] 【银瓜子余额】 558
[09:44:22 INF] 【硬币余额】 372
[09:44:22 INF] 【今日剩余兑换次数】 1
[09:44:22 INF] 开始尝试兑换...
[09:44:29 INF] 【兑换结果】失败
[09:44:29 INF] 【原因】银瓜子余额不足
[09:44:29 INF] ----------结束----------

[09:44:29 INF] ---开始 领取大会员福利 ---
[09:44:29 INF] 普通会员和月度大会员每月不赠送B币券，不需要领取权益喽
[09:44:29 INF] ----------结束----------

[09:44:29 INF] ---开始 领取大会员漫画权益 ---
[09:44:29 INF] 不是会员，跳过
[09:44:29 INF] ------------结束------------

[09:44:29 INF] ---开始 B币券充电 ---
[09:44:29 INF] 不是年度大会员，跳过
[09:44:29 INF] --------结束--------

[09:44:29 INF] =========结束=========

[09:44:29 INF] ######### 账号 3 #########

[09:44:29 INF] =====开始 每日任务 =====

[09:44:29 INF] ---开始 Set Cookie ---
[09:44:29 INF] Cookie完整，不需要Set Cookie
[09:44:29 INF] -------------结束-------------

[09:44:29 INF] ---开始 登录 ---
[09:44:33 INF] 【用户名】晴xxng
[09:44:33 INF] 【会员类型】无
[09:44:33 INF] 【会员状态】无/过期
[09:44:33 INF] 【硬币余额】187
[09:44:33 INF] 【距升级Lv4】19天（如每日做满65点经验）
[09:44:33 INF] 登录成功，经验+5 √
[09:44:33 INF] -----结束-----

[09:44:37 INF] ---开始 观看、分享视频 ---
[09:45:00 INF] 【随机视频】上半年在旅途中拍到的震撼景色
[09:45:14 INF] 视频播放成功，已观看到第14秒，经验+5 √
[09:45:17 INF] 视频分享成功，经验+5 √
[09:45:17 INF] ----------结束----------

[09:45:17 INF] ---开始 投币 ---
[09:45:17 INF] 已配置为跳过投币任务
[09:45:17 INF] -----结束-----

[09:45:17 INF] ---开始 直播签到 ---
[09:45:21 INF] 【签到结果】成功
[09:45:21 INF] 【本次获取】3000点用户经验,2根辣条,再签到2天可以获得666银瓜子
[09:45:21 INF] -------结束-------

[09:45:21 INF] ---开始 漫画签到 ---
[09:45:25 INF] 【签到结果】成功
[09:45:25 INF] -------结束-------

[09:45:25 INF] ---开始 漫画阅读 ---
[09:45:32 INF] 【漫画阅读】成功, 阅读漫画为：堀与宫村
[09:45:32 INF] -------结束-------

[09:45:32 INF] ---开始 银瓜子兑换硬币 ---
[09:45:32 INF] 【目标兑换日期】3号
[09:45:32 INF] 【今天】3号
[09:45:39 INF] 【银瓜子余额】 496
[09:45:39 INF] 【硬币余额】 187
[09:45:39 INF] 【今日剩余兑换次数】 1
[09:45:39 INF] 开始尝试兑换...
[09:45:44 INF] 【兑换结果】失败
[09:45:44 INF] 【原因】银瓜子余额不足
[09:45:44 INF] ----------结束----------

[09:45:44 INF] ---开始 领取大会员福利 ---
[09:45:44 INF] 普通会员和月度大会员每月不赠送B币券，不需要领取权益喽
[09:45:44 INF] ----------结束----------

[09:45:44 INF] ---开始 领取大会员漫画权益 ---
[09:45:44 INF] 不是会员，跳过
[09:45:44 INF] ------------结束------------

[09:45:44 INF] ---开始 B币券充电 ---
[09:45:44 INF] 不是年度大会员，跳过
[09:45:44 INF] --------结束--------

[09:45:44 INF] =========结束=========

[09:45:44 INF] 

========================

 v2.0.1 开源 by https://github.com/RayWangQvQ/BiliBiliToolPro

[09:45:44 INF] ·开始推送·Daily任务·
2023-08-03T01:45:44.7851624Z 开始推送到:PushPlus
2023-08-03T01:45:45.6495445Z Response status: OK.
2023-08-03T01:45:45.6496206Z Response content: {"code":200,"msg":"请求成功","data":"c0ca545566824ef1900d87263f125c9b","count":null}.

[09:45:45 INF] 运行环境：Development
[09:45:45 INF] 应用目录：/home/runner/work/BiliBiliToolPro/BiliBiliToolPro/src/Ray.BiliBiliTool.Console/bin/Debug/net6.0/

[09:45:45 INF] 运行结束
