----------- ip 信息 ---------
{
  "ip": "40.86.28.128",
  "city": "Des Moines",
  "region": "Iowa",
  "country": "US",
  "loc": "41.6005,-93.6091",
  "org": "AS8075 Microsoft Corporation",
  "postal": "50307",
  "timezone": "America/Chicago",
  "readme": "https://ipinfo.io/missingauth"
} ---------- end ------------
  ____               ____    _   _____           _  
 |  _ \ __ _ _   _  | __ ) _| |_|_   _|__   ___ | | 
 | |_) / _` | | | | |  _ \(_) (_) | |/ _ \ / _ \| | 
 |  _ < (_| | |_| | | |_) | | | | | | (_) | (_) | | 
 |_| \_\__,_|\__, | |____/|_|_|_| |_|\___/ \___/|_| 
             |___/                                  

[10:05:45 INF] BiliBiliToolPro 开始运行...

[10:05:46 INF] 【账号个数】3个

[10:05:46 INF] 随机休眠1分钟

[10:06:46 INF] 【目标任务】Daily
[10:06:46 INF] ######### 账号 1 #########

[10:06:46 INF] =====开始 每日任务 =====

[10:06:46 INF] ---开始 Set Cookie ---
[10:06:46 INF] Cookie完整，不需要Set Cookie
[10:06:46 INF] -------------结束-------------

[10:06:46 INF] ---开始 登录 ---
[10:06:52 INF] 【用户名】waxxxx12
[10:06:52 INF] 【会员类型】月度大会员
[10:06:52 INF] 【会员状态】无/过期
[10:06:52 INF] 【硬币余额】530.2
[10:06:52 INF] 【距升级Lv6】268天（如每日做满65点经验）
[10:06:52 INF] 登录成功，经验+5 √
[10:06:52 INF] -----结束-----

[10:06:58 INF] ---开始 观看、分享视频 ---
[10:07:24 INF] 【随机视频】抖音热传的水鬼是什么？
[10:07:24 INF] 今天已经观看过了，不需要再看啦
[10:07:35 INF] 视频分享成功，经验+5 √
[10:07:35 INF] ----------结束----------

[10:07:35 INF] ---开始 投币 ---
[10:07:35 INF] 已配置为跳过投币任务
[10:07:35 INF] -----结束-----

[10:07:35 INF] ---开始 直播签到 ---
[10:07:39 INF] 【签到结果】成功
[10:07:39 INF] 【本次获取】3000点用户经验,2根辣条,再签到8天可以获得50根辣条
[10:07:39 INF] -------结束-------

[10:07:39 INF] ---开始 漫画签到 ---
[10:07:46 INF] 【签到结果】成功
[10:07:46 INF] -------结束-------

[10:07:46 INF] ---开始 漫画阅读 ---
[10:07:52 INF] 【漫画阅读】成功, 阅读漫画为：堀与宫村
[10:07:52 INF] -------结束-------

[10:07:52 INF] ---开始 银瓜子兑换硬币 ---
[10:07:52 INF] 【目标兑换日期】12号
[10:07:52 INF] 【今天】12号
[10:07:57 INF] 【银瓜子余额】 686
[10:07:57 INF] 【硬币余额】 530
[10:07:57 INF] 【今日剩余兑换次数】 1
[10:07:57 INF] 开始尝试兑换...
[10:08:03 INF] 【兑换结果】失败
[10:08:03 INF] 【原因】银瓜子余额不足
[10:08:03 INF] ----------结束----------

[10:08:03 INF] ---开始 领取大会员福利 ---
[10:08:03 INF] 普通会员和月度大会员每月不赠送B币券，不需要领取权益喽
[10:08:03 INF] ----------结束----------

[10:08:03 INF] ---开始 领取大会员漫画权益 ---
[10:08:03 INF] 不是会员，跳过
[10:08:03 INF] ------------结束------------

[10:08:03 INF] ---开始 B币券充电 ---
[10:08:03 INF] 不是年度大会员，跳过
[10:08:03 INF] --------结束--------

[10:08:03 INF] =========结束=========

[10:08:03 INF] ######### 账号 2 #########

[10:08:03 INF] =====开始 每日任务 =====

[10:08:03 INF] ---开始 Set Cookie ---
[10:08:03 INF] Cookie完整，不需要Set Cookie
[10:08:03 INF] -------------结束-------------

[10:08:03 INF] ---开始 登录 ---
[10:08:09 INF] 【用户名】bilixxxxxxxx1879
[10:08:09 INF] 【会员类型】月度大会员
[10:08:09 INF] 【会员状态】无/过期
[10:08:09 INF] 【硬币余额】349
[10:08:09 INF] 【距升级Lv5】87天（如每日做满65点经验）
[10:08:09 INF] 登录成功，经验+5 √
[10:08:09 INF] -----结束-----

[10:08:15 INF] ---开始 观看、分享视频 ---
[10:08:36 INF] 【随机视频】【开箱】超强控制体验！它,就是每个男孩的梦想?
[10:08:47 INF] 视频播放成功，已观看到第7秒，经验+5 √
[10:08:52 INF] 视频分享成功，经验+5 √
[10:08:52 INF] ----------结束----------

[10:08:52 INF] ---开始 投币 ---
[10:08:52 INF] 已配置为跳过投币任务
[10:08:52 INF] -----结束-----

[10:08:52 INF] ---开始 直播签到 ---
[10:09:00 INF] 【签到结果】成功
[10:09:00 INF] 【本次获取】3000点用户经验,2根辣条,再签到8天可以获得50根辣条
[10:09:00 INF] -------结束-------

[10:09:00 INF] ---开始 漫画签到 ---
[10:09:04 INF] 【签到结果】成功
[10:09:04 INF] -------结束-------

[10:09:04 INF] ---开始 漫画阅读 ---
[10:09:09 INF] 【漫画阅读】成功, 阅读漫画为：堀与宫村
[10:09:09 INF] -------结束-------

[10:09:09 INF] ---开始 银瓜子兑换硬币 ---
[10:09:09 INF] 【目标兑换日期】12号
[10:09:09 INF] 【今天】12号
[10:09:16 INF] 【银瓜子余额】 258
[10:09:16 INF] 【硬币余额】 349
[10:09:16 INF] 【今日剩余兑换次数】 1
[10:09:16 INF] 开始尝试兑换...
[10:09:19 INF] 【兑换结果】失败
[10:09:19 INF] 【原因】银瓜子余额不足
[10:09:19 INF] ----------结束----------

[10:09:19 INF] ---开始 领取大会员福利 ---
[10:09:19 INF] 普通会员和月度大会员每月不赠送B币券，不需要领取权益喽
[10:09:19 INF] ----------结束----------

[10:09:19 INF] ---开始 领取大会员漫画权益 ---
[10:09:19 INF] 不是会员，跳过
[10:09:19 INF] ------------结束------------

[10:09:19 INF] ---开始 B币券充电 ---
[10:09:19 INF] 不是年度大会员，跳过
[10:09:19 INF] --------结束--------

[10:09:19 INF] =========结束=========

[10:09:19 INF] ######### 账号 3 #########

[10:09:19 INF] =====开始 每日任务 =====

[10:09:19 INF] ---开始 Set Cookie ---
[10:09:19 INF] Cookie完整，不需要Set Cookie
[10:09:19 INF] -------------结束-------------

[10:09:19 INF] ---开始 登录 ---
[10:09:22 INF] 【用户名】晴xxng
[10:09:22 INF] 【会员类型】无
[10:09:22 INF] 【会员状态】无/过期
[10:09:22 INF] 【硬币余额】166
[10:09:22 INF] 【距升级Lv4】25天（如每日做满65点经验）
[10:09:22 INF] 登录成功，经验+5 √
[10:09:22 INF] -----结束-----

[10:09:29 INF] ---开始 观看、分享视频 ---
[10:09:48 INF] 【随机视频】过新年了 给家人们跑个酷助助兴
[10:09:56 INF] 视频播放成功，已观看到第4秒，经验+5 √
[10:10:02 INF] 视频分享成功，经验+5 √
[10:10:02 INF] ----------结束----------

[10:10:02 INF] ---开始 投币 ---
[10:10:02 INF] 已配置为跳过投币任务
[10:10:02 INF] -----结束-----

[10:10:02 INF] ---开始 直播签到 ---
[10:10:07 INF] 【签到结果】成功
[10:10:07 INF] 【本次获取】3000点用户经验,2根辣条,再签到8天可以获得50根辣条
[10:10:07 INF] -------结束-------

[10:10:07 INF] ---开始 漫画签到 ---
[10:10:10 INF] 【签到结果】成功
[10:10:10 INF] -------结束-------

[10:10:10 INF] ---开始 漫画阅读 ---
[10:10:18 INF] 【漫画阅读】成功, 阅读漫画为：堀与宫村
[10:10:18 INF] -------结束-------

[10:10:18 INF] ---开始 银瓜子兑换硬币 ---
[10:10:18 INF] 【目标兑换日期】12号
[10:10:18 INF] 【今天】12号
[10:10:23 INF] 【银瓜子余额】 496
[10:10:23 INF] 【硬币余额】 166
[10:10:23 INF] 【今日剩余兑换次数】 1
[10:10:23 INF] 开始尝试兑换...
[10:10:26 INF] 【兑换结果】失败
[10:10:26 INF] 【原因】银瓜子余额不足
[10:10:26 INF] ----------结束----------

[10:10:26 INF] ---开始 领取大会员福利 ---
[10:10:26 INF] 普通会员和月度大会员每月不赠送B币券，不需要领取权益喽
[10:10:26 INF] ----------结束----------

[10:10:26 INF] ---开始 领取大会员漫画权益 ---
[10:10:26 INF] 不是会员，跳过
[10:10:26 INF] ------------结束------------

[10:10:26 INF] ---开始 B币券充电 ---
[10:10:26 INF] 不是年度大会员，跳过
[10:10:26 INF] --------结束--------

[10:10:26 INF] =========结束=========

[10:10:26 INF] 

========================

 v2.0.1 开源 by https://github.com/RayWangQvQ/BiliBiliToolPro

[10:10:26 INF] ·开始推送·Daily任务·
2023-07-12T02:10:26.8902708Z 开始推送到:自定义
2023-07-12T02:10:30.8522178Z Response status: OK.
2023-07-12T02:10:30.8522692Z Response content: {"message":"发送群组消息子通道 微信测试号 失败：invalid credential, access_token is invalid or not latest, could get access_token by getStableAccessToken, more details at https://mmbizurl.cn/s/JtxxFh33r rid: 64ae0b95-1f1677cf-00a0a556\n发送群组消息子通道 微信应用 失败：access_token missing, hint: [1689127830347283574927614], from ip: 104.28.208.122, more info at https://open.work.weixin.qq.com/devtool/query?e=41001\n","success":false}.

[10:10:30 INF] 运行环境：Development
[10:10:30 INF] 应用目录：/home/runner/work/BiliBiliToolPro/BiliBiliToolPro/src/Ray.BiliBiliTool.Console/bin/Debug/net6.0/

[10:10:30 INF] 运行结束
