----------- ip 信息 ---------
{
  "ip": "104.45.204.175",
  "city": "New York City",
  "region": "New York",
  "country": "US",
  "loc": "40.7143,-74.0060",
  "org": "AS8075 Microsoft Corporation",
  "postal": "10001",
  "timezone": "America/New_York",
  "readme": "https://ipinfo.io/missingauth"
} ---------- end ------------
  ____               ____    _   _____           _  
 |  _ \ __ _ _   _  | __ ) _| |_|_   _|__   ___ | | 
 | |_) / _` | | | | |  _ \(_) (_) | |/ _ \ / _ \| | 
 |  _ < (_| | |_| | | |_) | | | | | | (_) | (_) | | 
 |_| \_\__,_|\__, | |____/|_|_|_| |_|\___/ \___/|_| 
             |___/                                  

[10:10:28 INF] BiliBiliToolPro 开始运行...

[10:10:28 INF] 【账号个数】3个

[10:10:28 INF] 随机休眠1分钟

[10:11:28 INF] 【目标任务】Daily
[10:11:28 INF] ######### 账号 1 #########

[10:11:28 INF] =====开始 每日任务 =====

[10:11:28 INF] ---开始 Set Cookie ---
[10:11:28 INF] Cookie完整，不需要Set Cookie
[10:11:28 INF] -------------结束-------------

[10:11:28 INF] ---开始 登录 ---
[10:11:36 INF] 【用户名】waxxxx12
[10:11:36 INF] 【会员类型】月度大会员
[10:11:36 INF] 【会员状态】无/过期
[10:11:36 INF] 【硬币余额】530.2
[10:11:36 INF] 【距升级Lv6】268天（如每日做满65点经验）
[10:11:36 INF] 登录成功，经验+5 √
[10:11:36 INF] -----结束-----

[10:11:42 INF] ---开始 观看、分享视频 ---
[10:12:11 INF] 【随机视频】【陈抱一】看完你还想当UP主吗？【UP TALK】
[10:12:11 INF] 今天已经观看过了，不需要再看啦
[10:12:20 INF] 视频分享成功，经验+5 √
[10:12:20 INF] ----------结束----------

[10:12:20 INF] ---开始 投币 ---
[10:12:20 INF] 已配置为跳过投币任务
[10:12:20 INF] -----结束-----

[10:12:20 INF] ---开始 直播签到 ---
[10:12:27 INF] 【签到结果】成功
[10:12:27 INF] 【本次获取】3000点用户经验,2根辣条,再签到7天可以获得50根辣条
[10:12:27 INF] -------结束-------

[10:12:27 INF] ---开始 漫画签到 ---
[10:12:34 INF] 【签到结果】成功
[10:12:34 INF] -------结束-------

[10:12:34 INF] ---开始 漫画阅读 ---
[10:12:37 INF] 【漫画阅读】成功, 阅读漫画为：堀与宫村
[10:12:37 INF] -------结束-------

[10:12:37 INF] ---开始 银瓜子兑换硬币 ---
[10:12:37 INF] 【目标兑换日期】13号
[10:12:37 INF] 【今天】13号
[10:12:43 INF] 【银瓜子余额】 686
[10:12:43 INF] 【硬币余额】 530
[10:12:43 INF] 【今日剩余兑换次数】 1
[10:12:43 INF] 开始尝试兑换...
[10:12:47 INF] 【兑换结果】失败
[10:12:47 INF] 【原因】银瓜子余额不足
[10:12:47 INF] ----------结束----------

[10:12:47 INF] ---开始 领取大会员福利 ---
[10:12:47 INF] 普通会员和月度大会员每月不赠送B币券，不需要领取权益喽
[10:12:47 INF] ----------结束----------

[10:12:47 INF] ---开始 领取大会员漫画权益 ---
[10:12:47 INF] 不是会员，跳过
[10:12:47 INF] ------------结束------------

[10:12:47 INF] ---开始 B币券充电 ---
[10:12:47 INF] 不是年度大会员，跳过
[10:12:47 INF] --------结束--------

[10:12:47 INF] =========结束=========

[10:12:47 INF] ######### 账号 2 #########

[10:12:47 INF] =====开始 每日任务 =====

[10:12:47 INF] ---开始 Set Cookie ---
[10:12:47 INF] Cookie完整，不需要Set Cookie
[10:12:47 INF] -------------结束-------------

[10:12:47 INF] ---开始 登录 ---
[10:12:52 INF] 【用户名】bilixxxxxxxx1879
[10:12:52 INF] 【会员类型】月度大会员
[10:12:52 INF] 【会员状态】无/过期
[10:12:52 INF] 【硬币余额】350
[10:12:52 INF] 【距升级Lv5】87天（如每日做满65点经验）
[10:12:52 INF] 登录成功，经验+5 √
[10:12:52 INF] -----结束-----

[10:12:57 INF] ---开始 观看、分享视频 ---
[10:13:19 INF] 【随机视频】【开箱】399元"小米积木机器人"！三种形态！可语音控制！
[10:13:27 INF] 视频播放成功，已观看到第7秒，经验+5 √
[10:13:35 INF] 视频分享成功，经验+5 √
[10:13:35 INF] ----------结束----------

[10:13:35 INF] ---开始 投币 ---
[10:13:35 INF] 已配置为跳过投币任务
[10:13:35 INF] -----结束-----

[10:13:35 INF] ---开始 直播签到 ---
[10:13:42 INF] 【签到结果】成功
[10:13:42 INF] 【本次获取】3000点用户经验,2根辣条,再签到7天可以获得50根辣条
[10:13:42 INF] -------结束-------

[10:13:42 INF] ---开始 漫画签到 ---
[10:13:50 INF] 【签到结果】成功
[10:13:50 INF] -------结束-------

[10:13:50 INF] ---开始 漫画阅读 ---
[10:13:55 INF] 【漫画阅读】成功, 阅读漫画为：堀与宫村
[10:13:55 INF] -------结束-------

[10:13:55 INF] ---开始 银瓜子兑换硬币 ---
[10:13:55 INF] 【目标兑换日期】13号
[10:13:55 INF] 【今天】13号
[10:14:01 INF] 【银瓜子余额】 258
[10:14:01 INF] 【硬币余额】 350
[10:14:01 INF] 【今日剩余兑换次数】 1
[10:14:01 INF] 开始尝试兑换...
[10:14:05 INF] 【兑换结果】失败
[10:14:05 INF] 【原因】银瓜子余额不足
[10:14:05 INF] ----------结束----------

[10:14:05 INF] ---开始 领取大会员福利 ---
[10:14:05 INF] 普通会员和月度大会员每月不赠送B币券，不需要领取权益喽
[10:14:05 INF] ----------结束----------

[10:14:05 INF] ---开始 领取大会员漫画权益 ---
[10:14:05 INF] 不是会员，跳过
[10:14:05 INF] ------------结束------------

[10:14:05 INF] ---开始 B币券充电 ---
[10:14:05 INF] 不是年度大会员，跳过
[10:14:05 INF] --------结束--------

[10:14:05 INF] =========结束=========

[10:14:05 INF] ######### 账号 3 #########

[10:14:05 INF] =====开始 每日任务 =====

[10:14:05 INF] ---开始 Set Cookie ---
[10:14:05 INF] Cookie完整，不需要Set Cookie
[10:14:05 INF] -------------结束-------------

[10:14:05 INF] ---开始 登录 ---
[10:14:11 INF] 【用户名】晴xxng
[10:14:11 INF] 【会员类型】无
[10:14:11 INF] 【会员状态】无/过期
[10:14:11 INF] 【硬币余额】167
[10:14:11 INF] 【距升级Lv4】24天（如每日做满65点经验）
[10:14:11 INF] 登录成功，经验+5 √
[10:14:11 INF] -----结束-----

[10:14:15 INF] ---开始 观看、分享视频 ---
[10:14:37 INF] 【随机视频】印度疫情失控，关乎信仰问题！
[10:14:50 INF] 视频播放成功，已观看到第2秒，经验+5 √
[10:14:54 INF] 视频分享成功，经验+5 √
[10:14:54 INF] ----------结束----------

[10:14:54 INF] ---开始 投币 ---
[10:14:54 INF] 已配置为跳过投币任务
[10:14:54 INF] -----结束-----

[10:14:54 INF] ---开始 直播签到 ---
[10:15:01 INF] 【签到结果】成功
[10:15:01 INF] 【本次获取】3000点用户经验,2根辣条,再签到7天可以获得50根辣条
[10:15:01 INF] -------结束-------

[10:15:01 INF] ---开始 漫画签到 ---
[10:15:07 INF] 【签到结果】成功
[10:15:07 INF] -------结束-------

[10:15:07 INF] ---开始 漫画阅读 ---
[10:15:12 INF] 【漫画阅读】成功, 阅读漫画为：堀与宫村
[10:15:12 INF] -------结束-------

[10:15:12 INF] ---开始 银瓜子兑换硬币 ---
[10:15:12 INF] 【目标兑换日期】13号
[10:15:12 INF] 【今天】13号
[10:15:17 INF] 【银瓜子余额】 496
[10:15:17 INF] 【硬币余额】 167
[10:15:17 INF] 【今日剩余兑换次数】 1
[10:15:17 INF] 开始尝试兑换...
[10:15:21 INF] 【兑换结果】失败
[10:15:21 INF] 【原因】银瓜子余额不足
[10:15:21 INF] ----------结束----------

[10:15:21 INF] ---开始 领取大会员福利 ---
[10:15:21 INF] 普通会员和月度大会员每月不赠送B币券，不需要领取权益喽
[10:15:21 INF] ----------结束----------

[10:15:21 INF] ---开始 领取大会员漫画权益 ---
[10:15:21 INF] 不是会员，跳过
[10:15:21 INF] ------------结束------------

[10:15:21 INF] ---开始 B币券充电 ---
[10:15:21 INF] 不是年度大会员，跳过
[10:15:21 INF] --------结束--------

[10:15:21 INF] =========结束=========

[10:15:21 INF] 

========================

 v2.0.1 开源 by https://github.com/RayWangQvQ/BiliBiliToolPro

[10:15:21 INF] ·开始推送·Daily任务·
2023-07-13T02:15:21.6025815Z 开始推送到:自定义
2023-07-13T02:15:22.6993266Z Response status: OK.
2023-07-13T02:15:22.6993805Z Response content: {"message":"请求体为空，如果使用 JSON 请设置 Content-Type 为 application/json，否则请使用表单提交","success":false}.

[10:15:22 INF] 运行环境：Development
[10:15:22 INF] 应用目录：/home/runner/work/BiliBiliToolPro/BiliBiliToolPro/src/Ray.BiliBiliTool.Console/bin/Debug/net6.0/

[10:15:22 INF] 运行结束
