----------- ip 信息 ---------
{
  "ip": "20.97.191.129",
  "city": "Boydton",
  "region": "Virginia",
  "country": "US",
  "loc": "36.6676,-78.3875",
  "org": "AS8075 Microsoft Corporation",
  "postal": "23917",
  "timezone": "America/New_York",
  "readme": "https://ipinfo.io/missingauth"
} ---------- end ------------
  ____               ____    _   _____           _  
 |  _ \ __ _ _   _  | __ ) _| |_|_   _|__   ___ | | 
 | |_) / _` | | | | |  _ \(_) (_) | |/ _ \ / _ \| | 
 |  _ < (_| | |_| | | |_) | | | | | | (_) | (_) | | 
 |_| \_\__,_|\__, | |____/|_|_|_| |_|\___/ \___/|_| 
             |___/                                  

[09:20:19 INF] BiliBiliToolPro 开始运行...

[09:20:19 INF] 【账号个数】3个

[09:20:19 INF] 随机休眠2分钟

[09:22:19 INF] 【目标任务】Daily
[09:22:19 INF] ######### 账号 1 #########

[09:22:19 INF] =====开始 每日任务 =====

[09:22:19 INF] ---开始 Set Cookie ---
[09:22:19 INF] Cookie完整，不需要Set Cookie
[09:22:19 INF] -------------结束-------------

[09:22:19 INF] ---开始 登录 ---
[09:22:23 INF] 【用户名】sunxxxxxgzi
[09:22:23 INF] 【会员类型】月度大会员
[09:22:23 INF] 【会员状态】正常
[09:22:23 INF] 【硬币余额】1178.2
[09:22:23 INF] 【距升级Lv6】预计776天
[09:22:23 INF] 登录成功，经验+5 √
[09:22:23 INF] -----结束-----

[09:22:27 INF] ---开始 观看、分享视频 ---
[09:22:50 INF] 【随机视频】半 身 不 遂 喜 羊 羊
[09:23:02 INF] 视频播放成功，已观看到第6秒，经验+5 √
[09:23:09 INF] 视频分享成功，经验+5 √
[09:23:09 INF] ----------结束----------

[09:23:09 INF] ---开始 投币 ---
[09:23:09 INF] 已配置为跳过投币任务
[09:23:09 INF] -----结束-----

[09:23:09 INF] ---开始 直播签到 ---
[09:23:16 INF] 【签到结果】成功
[09:23:16 INF] 【本次获取】3000点用户经验,2根辣条,
[09:23:16 INF] -------结束-------

[09:23:16 INF] ---开始 漫画签到 ---
[09:23:22 INF] 【签到结果】成功
[09:23:22 INF] -------结束-------

[09:23:22 INF] ---开始 漫画阅读 ---
[09:23:26 INF] 【漫画阅读】成功
[09:23:26 INF] -------结束-------

[09:23:26 INF] ---开始 银瓜子兑换硬币 ---
[09:23:26 INF] 【目标兑换日期】28号
[09:23:26 INF] 【今天】28号
[09:23:32 INF] 【银瓜子余额】 514
[09:23:32 INF] 【硬币余额】 1178
[09:23:32 INF] 【今日剩余兑换次数】 1
[09:23:32 INF] 开始尝试兑换...
[09:23:38 INF] 【兑换结果】失败
[09:23:38 INF] 【原因】银瓜子余额不足
[09:23:38 INF] ----------结束----------

[09:23:38 INF] ---开始 领取大会员福利 ---
[09:23:38 INF] 普通会员和月度大会员每月不赠送B币券，不需要领取权益喽
[09:23:38 INF] ----------结束----------

[09:23:38 INF] ---开始 领取大会员漫画权益 ---
[09:23:38 INF] 【目标日期】1号
[09:23:38 INF] 【今天】28号
[09:23:38 INF] 跳过
[09:23:38 INF] ------------结束------------

[09:23:38 INF] ---开始 B币券充电 ---
[09:23:38 INF] 已配置为关闭，跳过
[09:23:38 INF] --------结束--------

[09:23:38 INF] =========结束=========

[09:23:38 INF] ######### 账号 2 #########

[09:23:38 INF] =====开始 每日任务 =====

[09:23:38 INF] ---开始 Set Cookie ---
[09:23:38 INF] Cookie完整，不需要Set Cookie
[09:23:38 INF] -------------结束-------------

[09:23:38 INF] ---开始 登录 ---
[09:23:44 INF] 【用户名】bilixxxxxxxx1879
[09:23:44 INF] 【会员类型】月度大会员
[09:23:44 INF] 【会员状态】无/过期
[09:23:44 INF] 【硬币余额】598
[09:23:44 INF] 【距升级Lv5】预计108天
[09:23:44 INF] 登录成功，经验+5 √
[09:23:44 INF] -----结束-----

[09:23:48 INF] ---开始 观看、分享视频 ---
[09:24:10 INF] 【随机视频】【开箱】耗时20小时！我拼出"三种材质"积木！
[09:24:20 INF] 视频播放成功，已观看到第14秒，经验+5 √
[09:24:25 INF] 视频分享成功，经验+5 √
[09:24:25 INF] ----------结束----------

[09:24:25 INF] ---开始 投币 ---
[09:24:25 INF] 已配置为跳过投币任务
[09:24:25 INF] -----结束-----

[09:24:25 INF] ---开始 直播签到 ---
[09:24:32 INF] 【签到结果】成功
[09:24:32 INF] 【本次获取】3000点用户经验,2根辣条,
[09:24:32 INF] -------结束-------

[09:24:32 INF] ---开始 漫画签到 ---
[09:24:36 INF] 【签到结果】成功
[09:24:36 INF] -------结束-------

[09:24:36 INF] ---开始 漫画阅读 ---
[09:24:39 INF] 【漫画阅读】成功
[09:24:39 INF] -------结束-------

[09:24:39 INF] ---开始 银瓜子兑换硬币 ---
[09:24:39 INF] 【目标兑换日期】28号
[09:24:39 INF] 【今天】28号
[09:24:44 INF] 【银瓜子余额】 286
[09:24:44 INF] 【硬币余额】 598
[09:24:44 INF] 【今日剩余兑换次数】 1
[09:24:44 INF] 开始尝试兑换...
[09:24:51 INF] 【兑换结果】失败
[09:24:51 INF] 【原因】银瓜子余额不足
[09:24:51 INF] ----------结束----------

[09:24:51 INF] ---开始 领取大会员福利 ---
[09:24:51 INF] 普通会员和月度大会员每月不赠送B币券，不需要领取权益喽
[09:24:51 INF] ----------结束----------

[09:24:51 INF] ---开始 领取大会员漫画权益 ---
[09:24:51 INF] 不是会员，跳过
[09:24:51 INF] ------------结束------------

[09:24:51 INF] ---开始 B币券充电 ---
[09:24:51 INF] 已配置为关闭，跳过
[09:24:51 INF] --------结束--------

[09:24:51 INF] =========结束=========

[09:24:51 INF] ######### 账号 3 #########

[09:24:51 INF] =====开始 每日任务 =====

[09:24:51 INF] ---开始 Set Cookie ---
[09:24:51 INF] Cookie完整，不需要Set Cookie
[09:24:51 INF] -------------结束-------------

[09:24:51 INF] ---开始 登录 ---
[09:24:57 WRN] 登录异常，请检查Cookie是否错误或过期
[09:24:57 ERR] 程序发生异常：登录失败，请检查Cookie
[09:24:57 INF] -----结束-----

[09:24:57 ERR] 程序发生异常：登录失败，请检查Cookie
[09:24:57 INF] =========结束=========

[09:24:57 WRN] 异常：System.Exception: 登录失败，请检查Cookie
   at Ray.BiliBiliTool.Application.DailyTaskAppService.Login() in /home/runner/work/BiliBiliToolPro/BiliBiliToolPro/src/Ray.BiliBiliTool.Application/DailyTaskAppService.cs:line 134
   at Ray.BiliBiliTool.Application.DailyTaskAppService.DoTaskAsync(CancellationToken cancellationToken) in /home/runner/work/BiliBiliToolPro/BiliBiliToolPro/src/Ray.BiliBiliTool.Application/DailyTaskAppService.cs:line 81
   at Ray.BiliBiliTool.Console.BiliBiliToolHostedService.DoTasksAsync(String[] tasks, CancellationToken cancellationToken) in /home/runner/work/BiliBiliToolPro/BiliBiliToolPro/src/Ray.BiliBiliTool.Console/BiliBiliToolHostedService.cs:line 194
   at Ray.BiliBiliTool.Console.BiliBiliToolHostedService.StartAsync(CancellationToken cancellationToken) in /home/runner/work/BiliBiliToolPro/BiliBiliToolPro/src/Ray.BiliBiliTool.Console/BiliBiliToolHostedService.cs:line 76
[09:24:57 INF] 

========================

 v2.0.2 开源 by https://github.com/RayWangQvQ/BiliBiliToolPro

[09:24:57 INF] ·开始推送·Daily任务·
2024-03-28T01:24:57.4303059Z 开始推送到:PushPlus
2024-03-28T01:24:58.3416277Z Response status: OK.
2024-03-28T01:24:58.3416628Z Response content: {"code":200,"msg":"请求成功","data":"1211eb5e24a6453ea2b4732679017190","count":null}.

[09:24:58 INF] 运行环境：Development
[09:24:58 INF] 应用目录：/home/runner/work/BiliBiliToolPro/BiliBiliToolPro/src/Ray.BiliBiliTool.Console/bin/Debug/net6.0/

[09:24:58 INF] 运行结束
  ____               ____    _   _____           _  
 |  _ \ __ _ _   _  | __ ) _| |_|_   _|__   ___ | | 
 | |_) / _` | | | | |  _ \(_) (_) | |/ _ \ / _ \| | 
 |  _ < (_| | |_| | | |_) | | | | | | (_) | (_) | | 
 |_| \_\__,_|\__, | |____/|_|_|_| |_|\___/ \___/|_| 
             |___/                                  

[09:25:00 INF] BiliBiliToolPro 开始运行...

[09:25:00 INF] 【账号个数】3个

[09:25:00 INF] 随机休眠2分钟

[09:27:00 INF] 【目标任务】VipBigPoint
[09:27:00 INF] ######### 账号 1 #########

[09:27:00 INF] =====开始 大会员大积分 =====

[09:27:00 INF] 大会员经验领取任务开始
[09:27:06 INF] 大会员经验未兑换
[09:27:10 INF] 领取成功，经验+10 √
[09:27:10 INF] ---开始 测试Cookie ---
[09:27:14 INF] 【用户名】sunxxxxxgzi
[09:27:14 INF] 【会员类型】月度大会员
[09:27:14 INF] 【会员状态】正常
[09:27:14 INF] 【硬币余额】1178.2
[09:27:14 INF] 【距升级Lv6】预计775天
[09:27:14 INF] -----------结束-----------

[09:27:20 INF] ------当前任务状态------
[09:27:20 INF] 打卡：X
[09:27:20 INF] -福利任务
[09:27:20 INF] ---大会员福利大积分：√
[09:27:20 INF] -体验任务
[09:27:20 INF] ---浏览大会员权益页面：√
[09:27:20 INF] -日常任务
[09:27:20 INF] ---浏览装扮商城主页：X
[09:27:20 INF] ---浏览会员购页面10秒：X
[09:27:20 INF] ---购买指定会员购商品：X
[09:27:20 INF] ---浏览追番频道页10秒：X
[09:27:20 INF] ---观看剧集内容：X
[09:27:20 INF] ---购买单点付费影片：X
[09:27:20 INF] ---购买指定装扮商品：X
[09:27:20 INF] ------------------------

[09:27:20 INF] ---开始 签到 ---
[09:27:23 ERR] 签到失败，继续其他任务。失败信息:{"Code":6007000,"Message":"抱歉，您的账号存在风险，暂时无法参与本任务哦~","Data":null}

[09:27:23 INF] -----结束-----

[09:27:23 INF] ---开始 福利任务 ---
[09:27:23 ERR] 福利任务失败，继续其他任务。失败信息:Object reference not set to an instance of an object.

[09:27:23 INF] -------结束-------

[09:27:23 INF] ---开始 体验任务 ---
[09:27:23 ERR] 体验任务失败，继续其他任务。失败信息:Object reference not set to an instance of an object.

[09:27:23 INF] -------结束-------

[09:27:23 INF] ---开始 浏览追番频道页10秒 ---
[09:27:23 ERR] 浏览追番频道页10秒失败，继续其他任务。失败信息:Object reference not set to an instance of an object.

[09:27:23 INF] -------------结束-------------

[09:27:23 INF] ---开始 浏览会员购页面10秒 ---
[09:27:23 INF] 待实现...
[09:27:23 INF] -------------结束-------------

[09:27:23 INF] ---开始 观看任意正片内容 ---
[09:27:23 ERR] 观看任意正片内容失败，继续其他任务。失败信息:Object reference not set to an instance of an object.

[09:27:23 INF] -----------结束-----------

[09:27:23 INF] ---开始 购买单点付费影片（仅领取） ---
[09:27:23 ERR] 购买单点付费影片（仅领取）失败，继续其他任务。失败信息:Object reference not set to an instance of an object.

[09:27:23 INF] ----------------结束----------------

[09:27:23 INF] ---开始 购买指定会员购商品（仅领取） ---
[09:27:23 ERR] 购买指定会员购商品（仅领取）失败，继续其他任务。失败信息:Object reference not set to an instance of an object.

[09:27:23 INF] -----------------结束-----------------

[09:27:23 ERR] 程序发生异常：Object reference not set to an instance of an object.
[09:27:23 INF] ===========结束===========

[09:27:23 WRN] 异常：System.NullReferenceException: Object reference not set to an instance of an object.
   at Ray.BiliBiliTool.Application.VipBigPointAppService.DoTaskAsync(CancellationToken cancellationToken) in /home/runner/work/BiliBiliToolPro/BiliBiliToolPro/src/Ray.BiliBiliTool.Application/VipBigPointAppService.cs:line 141
   at Ray.BiliBiliTool.Console.BiliBiliToolHostedService.DoTasksAsync(String[] tasks, CancellationToken cancellationToken) in /home/runner/work/BiliBiliToolPro/BiliBiliToolPro/src/Ray.BiliBiliTool.Console/BiliBiliToolHostedService.cs:line 194
   at Ray.BiliBiliTool.Console.BiliBiliToolHostedService.StartAsync(CancellationToken cancellationToken) in /home/runner/work/BiliBiliToolPro/BiliBiliToolPro/src/Ray.BiliBiliTool.Console/BiliBiliToolHostedService.cs:line 76
[09:27:23 INF] ######### 账号 2 #########

[09:27:23 INF] =====开始 大会员大积分 =====

[09:27:23 INF] 大会员经验领取任务开始
[09:27:29 INF] 大会员经验未兑换
[09:27:32 INF] 领取成功，经验+10 √
[09:27:32 INF] ---开始 测试Cookie ---
[09:27:36 INF] 【用户名】bilixxxxxxxx1879
[09:27:36 INF] 【会员类型】月度大会员
[09:27:36 INF] 【会员状态】无/过期
[09:27:36 INF] 【硬币余额】598
[09:27:36 INF] 【距升级Lv5】预计106天
[09:27:36 INF] -----------结束-----------

[09:27:36 INF] 当前不是大会员或已过期，跳过任务
[09:27:36 INF] ===========结束===========

[09:27:36 INF] ######### 账号 3 #########

[09:27:36 INF] =====开始 大会员大积分 =====

[09:27:36 INF] 大会员经验领取任务开始
[09:27:40 INF] ---开始 测试Cookie ---
[09:27:46 WRN] 登录异常，请检查Cookie是否错误或过期
[09:27:46 ERR] 程序发生异常：登录失败，请检查Cookie
[09:27:46 INF] -----------结束-----------

[09:27:46 ERR] 程序发生异常：登录失败，请检查Cookie
[09:27:46 INF] ===========结束===========

[09:27:46 WRN] 异常：System.Exception: 登录失败，请检查Cookie
   at Ray.BiliBiliTool.Application.VipBigPointAppService.GetUserInfo() in /home/runner/work/BiliBiliToolPro/BiliBiliToolPro/src/Ray.BiliBiliTool.Application/VipBigPointAppService.cs:line 150
   at Ray.BiliBiliTool.Application.VipBigPointAppService.DoTaskAsync(CancellationToken cancellationToken) in /home/runner/work/BiliBiliToolPro/BiliBiliToolPro/src/Ray.BiliBiliTool.Application/VipBigPointAppService.cs:line 98
   at Ray.BiliBiliTool.Console.BiliBiliToolHostedService.DoTasksAsync(String[] tasks, CancellationToken cancellationToken) in /home/runner/work/BiliBiliToolPro/BiliBiliToolPro/src/Ray.BiliBiliTool.Console/BiliBiliToolHostedService.cs:line 194
   at Ray.BiliBiliTool.Console.BiliBiliToolHostedService.StartAsync(CancellationToken cancellationToken) in /home/runner/work/BiliBiliToolPro/BiliBiliToolPro/src/Ray.BiliBiliTool.Console/BiliBiliToolHostedService.cs:line 76
[09:27:46 INF] 

========================

 v2.0.2 开源 by https://github.com/RayWangQvQ/BiliBiliToolPro

[09:27:46 INF] ·开始推送·VipBigPoint任务·
2024-03-28T01:27:46.2061636Z 开始推送到:PushPlus
2024-03-28T01:27:47.4282843Z Response status: OK.
2024-03-28T01:27:47.4283295Z Response content: {"code":200,"msg":"请求成功","data":"e6c3d763ea6b460f8007fa6c07efc392","count":null}.

[09:27:47 INF] 运行环境：Development
[09:27:47 INF] 应用目录：/home/runner/work/BiliBiliToolPro/BiliBiliToolPro/src/Ray.BiliBiliTool.Console/bin/Debug/net6.0/

[09:27:47 INF] 运行结束
