----------- ip 信息 ---------
{
  "ip": "104.28.200.107",
  "city": "San Antonio",
  "region": "Texas",
  "country": "US",
  "loc": "29.4241,-98.4936",
  "org": "AS13335 Cloudflare, Inc.",
  "postal": "78205",
  "timezone": "America/Chicago",
  "readme": "https://ipinfo.io/missingauth"
} ---------- end ------------
  ____               ____    _   _____           _  
 |  _ \ __ _ _   _  | __ ) _| |_|_   _|__   ___ | | 
 | |_) / _` | | | | |  _ \(_) (_) | |/ _ \ / _ \| | 
 |  _ < (_| | |_| | | |_) | | | | | | (_) | (_) | | 
 |_| \_\__,_|\__, | |____/|_|_|_| |_|\___/ \___/|_| 
             |___/                                  

[09:39:55 INF] BiliBiliToolPro 开始运行...

[09:39:55 INF] 【账号个数】3个

[09:39:55 INF] 随机休眠1分钟

[09:40:55 INF] 【目标任务】Daily
[09:40:55 INF] ######### 账号 1 #########

[09:40:56 INF] =====开始 每日任务 =====

[09:40:56 INF] ---开始 Set Cookie ---
[09:40:56 INF] Cookie完整，不需要Set Cookie
[09:40:56 INF] -------------结束-------------

[09:40:56 INF] ---开始 登录 ---
[09:41:00 INF] 【用户名】waxxxx12
[09:41:00 INF] 【会员类型】月度大会员
[09:41:00 INF] 【会员状态】无/过期
[09:41:00 INF] 【硬币余额】405.2
[09:41:00 INF] 【距升级Lv5】15天（如每日做满65点经验）
[09:41:00 INF] 登录成功，经验+5 √
[09:41:00 INF] -----结束-----

[09:41:05 INF] ---开始 观看、分享视频 ---
[09:41:16 INF] 【随机视频】家庭盆栽推荐：长生草造景
[09:41:16 INF] 今天已经观看过了，不需要再看啦
[09:41:31 INF] 视频分享成功，经验+5 √
[09:41:31 INF] ----------结束----------

[09:41:31 INF] ---开始 投币 ---
[09:41:31 INF] 已配置为跳过投币任务
[09:41:31 INF] -----结束-----

[09:41:31 INF] ---开始 直播签到 ---
[09:41:37 INF] 【签到结果】成功
[09:41:37 INF] 【本次获取】3000点用户经验,2根辣条,
[09:41:37 INF] -------结束-------

[09:41:37 INF] ---开始 漫画签到 ---
[09:41:41 INF] 【签到结果】成功
[09:41:41 INF] -------结束-------

[09:41:41 INF] ---开始 漫画阅读 ---
[09:41:44 INF] 【漫画阅读】成功, 阅读漫画为：堀与宫村
[09:41:44 INF] -------结束-------

[09:41:44 INF] ---开始 银瓜子兑换硬币 ---
[09:41:44 INF] 【目标兑换日期】26号
[09:41:44 INF] 【今天】26号
[09:41:49 INF] 【银瓜子余额】 88
[09:41:49 INF] 【硬币余额】 405
[09:41:49 INF] 【今日剩余兑换次数】 1
[09:41:49 INF] 开始尝试兑换...
[09:41:54 INF] 【兑换结果】失败
[09:41:54 INF] 【原因】银瓜子余额不足
[09:41:54 INF] ----------结束----------

[09:41:54 INF] ---开始 领取大会员福利 ---
[09:41:54 INF] 普通会员和月度大会员每月不赠送B币券，不需要领取权益喽
[09:41:54 INF] ----------结束----------

[09:41:54 INF] ---开始 领取大会员漫画权益 ---
[09:41:54 INF] 不是会员，跳过
[09:41:54 INF] ------------结束------------

[09:41:54 INF] ---开始 B币券充电 ---
[09:41:54 INF] 不是年度大会员，跳过
[09:41:54 INF] --------结束--------

[09:41:54 INF] =========结束=========

[09:41:54 INF] ######### 账号 2 #########

[09:41:54 INF] =====开始 每日任务 =====

[09:41:54 INF] ---开始 Set Cookie ---
[09:41:54 INF] Cookie完整，不需要Set Cookie
[09:41:54 INF] -------------结束-------------

[09:41:54 INF] ---开始 登录 ---
[09:41:58 INF] 【用户名】bilixxxxxxxx1879
[09:41:58 INF] 【会员类型】月度大会员
[09:41:58 INF] 【会员状态】无/过期
[09:41:58 INF] 【硬币余额】269
[09:41:58 INF] 【距升级Lv4】6天（如每日做满65点经验）
[09:41:58 INF] 登录成功，经验+5 √
[09:41:58 INF] -----结束-----

[09:42:03 INF] ---开始 观看、分享视频 ---
[09:42:12 INF] 【随机视频】《残局时刻》
[09:42:23 INF] 视频播放成功，已观看到第12秒，经验+5 √
[09:42:26 INF] 视频分享成功，经验+5 √
[09:42:26 INF] ----------结束----------

[09:42:26 INF] ---开始 投币 ---
[09:42:26 INF] 已配置为跳过投币任务
[09:42:26 INF] -----结束-----

[09:42:26 INF] ---开始 直播签到 ---
[09:42:31 INF] 【签到结果】成功
[09:42:31 INF] 【本次获取】3000点用户经验,2根辣条,
[09:42:31 INF] -------结束-------

[09:42:31 INF] ---开始 漫画签到 ---
[09:42:38 INF] 【签到结果】成功
[09:42:38 INF] -------结束-------

[09:42:38 INF] ---开始 漫画阅读 ---
[09:42:42 INF] 【漫画阅读】成功, 阅读漫画为：堀与宫村
[09:42:42 INF] -------结束-------

[09:42:42 INF] ---开始 银瓜子兑换硬币 ---
[09:42:42 INF] 【目标兑换日期】26号
[09:42:42 INF] 【今天】26号
[09:42:48 INF] 【银瓜子余额】 360
[09:42:48 INF] 【硬币余额】 269
[09:42:48 INF] 【今日剩余兑换次数】 1
[09:42:48 INF] 开始尝试兑换...
[09:42:52 INF] 【兑换结果】失败
[09:42:52 INF] 【原因】银瓜子余额不足
[09:42:52 INF] ----------结束----------

[09:42:52 INF] ---开始 领取大会员福利 ---
[09:42:52 INF] 普通会员和月度大会员每月不赠送B币券，不需要领取权益喽
[09:42:52 INF] ----------结束----------

[09:42:52 INF] ---开始 领取大会员漫画权益 ---
[09:42:52 INF] 不是会员，跳过
[09:42:52 INF] ------------结束------------

[09:42:52 INF] ---开始 B币券充电 ---
[09:42:52 INF] 不是年度大会员，跳过
[09:42:52 INF] --------结束--------

[09:42:52 INF] =========结束=========

[09:42:52 INF] ######### 账号 3 #########

[09:42:52 INF] =====开始 每日任务 =====

[09:42:52 INF] ---开始 Set Cookie ---
[09:42:52 INF] Cookie完整，不需要Set Cookie
[09:42:52 INF] -------------结束-------------

[09:42:52 INF] ---开始 登录 ---
[09:42:57 INF] 【用户名】晴xxng
[09:42:57 INF] 【会员类型】无
[09:42:57 INF] 【会员状态】无/过期
[09:42:57 INF] 【硬币余额】95
[09:42:57 INF] 【距升级Lv4】43天（如每日做满65点经验）
[09:42:57 INF] 登录成功，经验+5 √
[09:42:57 INF] -----结束-----

[09:43:01 INF] ---开始 观看、分享视频 ---
[09:43:15 INF] 【随机视频】【开箱】iPhone12mini！苹果居然能用小米智能家居！
[09:43:15 INF] 今天已经观看过了，不需要再看啦
[09:43:27 INF] 视频分享成功，经验+5 √
[09:43:27 INF] ----------结束----------

[09:43:27 INF] ---开始 投币 ---
[09:43:27 INF] 已配置为跳过投币任务
[09:43:27 INF] -----结束-----

[09:43:27 INF] ---开始 直播签到 ---
[09:43:31 INF] 【签到结果】成功
[09:43:31 INF] 【本次获取】3000点用户经验,2根辣条,
[09:43:31 INF] -------结束-------

[09:43:31 INF] ---开始 漫画签到 ---
[09:43:38 INF] 【签到结果】成功
[09:43:38 INF] -------结束-------

[09:43:38 INF] ---开始 漫画阅读 ---
[09:43:45 INF] 【漫画阅读】成功, 阅读漫画为：堀与宫村
[09:43:45 INF] -------结束-------

[09:43:45 INF] ---开始 银瓜子兑换硬币 ---
[09:43:45 INF] 【目标兑换日期】26号
[09:43:45 INF] 【今天】26号
[09:43:48 INF] 【银瓜子余额】 598
[09:43:48 INF] 【硬币余额】 95
[09:43:48 INF] 【今日剩余兑换次数】 1
[09:43:48 INF] 开始尝试兑换...
[09:43:51 INF] 【兑换结果】失败
[09:43:51 INF] 【原因】银瓜子余额不足
[09:43:51 INF] ----------结束----------

[09:43:51 INF] ---开始 领取大会员福利 ---
[09:43:51 INF] 普通会员和月度大会员每月不赠送B币券，不需要领取权益喽
[09:43:51 INF] ----------结束----------

[09:43:51 INF] ---开始 领取大会员漫画权益 ---
[09:43:51 INF] 不是会员，跳过
[09:43:51 INF] ------------结束------------

[09:43:51 INF] ---开始 B币券充电 ---
[09:43:51 INF] 不是年度大会员，跳过
[09:43:51 INF] --------结束--------

[09:43:51 INF] =========结束=========

[09:43:51 INF] 

========================

 v1.0.3 开源 by https://github.com/RayWangQvQ/BiliBiliToolPro

[09:43:51 INF] ·开始推送·Daily任务·
2023-04-26T01:43:51.8306304Z 开始推送到:PushPlus
2023-04-26T01:43:53.6907000Z Response status: OK.
2023-04-26T01:43:53.6907584Z Response content: {"code":200,"msg":"请求成功","data":"5304e6f0f5c74ba4bdb4b574da53857a","count":null}.

[09:43:53 INF] 运行环境：Development
[09:43:53 INF] 应用目录：/home/runner/work/BiliBiliToolPro/BiliBiliToolPro/src/Ray.BiliBiliTool.Console/bin/Debug/net6.0/

[09:43:53 INF] 运行结束
