----------- ip 信息 ---------
{
  "ip": "172.183.161.205",
  "city": "Chicago",
  "region": "Illinois",
  "country": "US",
  "loc": "41.8500,-87.6500",
  "org": "AS8075 Microsoft Corporation",
  "postal": "60666",
  "timezone": "America/Chicago",
  "readme": "https://ipinfo.io/missingauth"
} ---------- end ------------
  ____               ____    _   _____           _  
 |  _ \ __ _ _   _  | __ ) _| |_|_   _|__   ___ | | 
 | |_) / _` | | | | |  _ \(_) (_) | |/ _ \ / _ \| | 
 |  _ < (_| | |_| | | |_) | | | | | | (_) | (_) | | 
 |_| \_\__,_|\__, | |____/|_|_|_| |_|\___/ \___/|_| 
             |___/                                  

[09:36:06 INF] BiliBiliToolPro 开始运行...

[09:36:06 INF] 【账号个数】3个

[09:36:06 INF] 随机休眠3分钟

[09:39:06 INF] 【目标任务】Daily
[09:39:06 INF] ######### 账号 1 #########

[09:39:06 INF] =====开始 每日任务 =====

[09:39:06 INF] ---开始 Set Cookie ---
[09:39:06 INF] Cookie完整，不需要Set Cookie
[09:39:06 INF] -------------结束-------------

[09:39:06 INF] ---开始 登录 ---
[09:39:10 INF] 【用户名】sunxxxxxgzi
[09:39:10 INF] 【会员类型】月度大会员
[09:39:10 INF] 【会员状态】无/过期
[09:39:10 INF] 【硬币余额】732.2
[09:39:10 INF] 【距升级Lv6】217天（如每日做满65点经验）
[09:39:10 INF] 登录成功，经验+5 √
[09:39:10 INF] -----结束-----

[09:39:18 INF] ---开始 观看、分享视频 ---
[09:39:46 INF] 【随机视频】起床战争，但是室友抢走了我的鼠标
[09:39:46 INF] 今天已经观看过了，不需要再看啦
[09:39:55 INF] 视频分享成功，经验+5 √
[09:39:55 INF] ----------结束----------

[09:39:55 INF] ---开始 投币 ---
[09:39:55 INF] 已配置为跳过投币任务
[09:39:55 INF] -----结束-----

[09:39:55 INF] ---开始 直播签到 ---
[09:40:02 INF] 【签到结果】成功
[09:40:02 INF] 【本次获取】3000点用户经验,2根辣条,
[09:40:02 INF] -------结束-------

[09:40:02 INF] ---开始 漫画签到 ---
[09:40:06 INF] 【签到结果】成功
[09:40:06 INF] -------结束-------

[09:40:06 INF] ---开始 漫画阅读 ---
[09:40:13 INF] 【漫画阅读】成功, 阅读漫画为：堀与宫村
[09:40:13 INF] -------结束-------

[09:40:13 INF] ---开始 银瓜子兑换硬币 ---
[09:40:13 INF] 【目标兑换日期】24号
[09:40:13 INF] 【今天】24号
[09:40:21 INF] 【银瓜子余额】 616
[09:40:21 INF] 【硬币余额】 732
[09:40:21 INF] 【今日剩余兑换次数】 1
[09:40:21 INF] 开始尝试兑换...
[09:40:24 INF] 【兑换结果】失败
[09:40:24 INF] 【原因】银瓜子余额不足
[09:40:24 INF] ----------结束----------

[09:40:24 INF] ---开始 领取大会员福利 ---
[09:40:24 INF] 普通会员和月度大会员每月不赠送B币券，不需要领取权益喽
[09:40:24 INF] ----------结束----------

[09:40:24 INF] ---开始 领取大会员漫画权益 ---
[09:40:24 INF] 不是会员，跳过
[09:40:24 INF] ------------结束------------

[09:40:24 INF] ---开始 B币券充电 ---
[09:40:24 INF] 不是年度大会员，跳过
[09:40:24 INF] --------结束--------

[09:40:24 INF] =========结束=========

[09:40:24 INF] ######### 账号 2 #########

[09:40:24 INF] =====开始 每日任务 =====

[09:40:24 INF] ---开始 Set Cookie ---
[09:40:24 INF] Cookie完整，不需要Set Cookie
[09:40:24 INF] -------------结束-------------

[09:40:24 INF] ---开始 登录 ---
[09:40:29 INF] 【用户名】bilixxxxxxxx1879
[09:40:29 INF] 【会员类型】月度大会员
[09:40:29 INF] 【会员状态】无/过期
[09:40:29 INF] 【硬币余额】516
[09:40:29 INF] 【距升级Lv5】50天（如每日做满65点经验）
[09:40:29 INF] 登录成功，经验+5 √
[09:40:29 INF] -----结束-----

[09:40:32 INF] ---开始 观看、分享视频 ---
[09:40:51 INF] 【随机视频】【开箱】我收集了10家"科技公司"春节礼盒！有多神奇？
[09:41:01 INF] 视频播放成功，已观看到第11秒，经验+5 √
[09:41:07 INF] 视频分享成功，经验+5 √
[09:41:07 INF] ----------结束----------

[09:41:07 INF] ---开始 投币 ---
[09:41:07 INF] 已配置为跳过投币任务
[09:41:07 INF] -----结束-----

[09:41:07 INF] ---开始 直播签到 ---
[09:41:12 INF] 【签到结果】成功
[09:41:12 INF] 【本次获取】3000点用户经验,2根辣条,
[09:41:12 INF] -------结束-------

[09:41:12 INF] ---开始 漫画签到 ---
[09:41:16 INF] 【签到结果】成功
[09:41:16 INF] -------结束-------

[09:41:16 INF] ---开始 漫画阅读 ---
[09:41:23 INF] 【漫画阅读】成功, 阅读漫画为：堀与宫村
[09:41:23 INF] -------结束-------

[09:41:23 INF] ---开始 银瓜子兑换硬币 ---
[09:41:23 INF] 【目标兑换日期】24号
[09:41:23 INF] 【今天】24号
[09:41:30 INF] 【银瓜子余额】 388
[09:41:30 INF] 【硬币余额】 516
[09:41:30 INF] 【今日剩余兑换次数】 1
[09:41:30 INF] 开始尝试兑换...
[09:41:36 INF] 【兑换结果】失败
[09:41:36 INF] 【原因】银瓜子余额不足
[09:41:36 INF] ----------结束----------

[09:41:36 INF] ---开始 领取大会员福利 ---
[09:41:36 INF] 普通会员和月度大会员每月不赠送B币券，不需要领取权益喽
[09:41:36 INF] ----------结束----------

[09:41:36 INF] ---开始 领取大会员漫画权益 ---
[09:41:36 INF] 不是会员，跳过
[09:41:36 INF] ------------结束------------

[09:41:36 INF] ---开始 B币券充电 ---
[09:41:36 INF] 不是年度大会员，跳过
[09:41:36 INF] --------结束--------

[09:41:36 INF] =========结束=========

[09:41:36 INF] ######### 账号 3 #########

[09:41:36 INF] =====开始 每日任务 =====

[09:41:36 INF] ---开始 Set Cookie ---
[09:41:36 INF] Cookie完整，不需要Set Cookie
[09:41:36 INF] -------------结束-------------

[09:41:36 INF] ---开始 登录 ---
[09:41:42 WRN] 登录异常，请检查Cookie是否错误或过期
[09:41:42 ERR] 程序发生异常：登录失败，请检查Cookie
[09:41:42 INF] -----结束-----

[09:41:42 ERR] 程序发生异常：登录失败，请检查Cookie
[09:41:42 INF] =========结束=========

[09:41:42 WRN] 异常：System.Exception: 登录失败，请检查Cookie
   at Ray.BiliBiliTool.Application.DailyTaskAppService.Login() in /home/runner/work/BiliBiliToolPro/BiliBiliToolPro/src/Ray.BiliBiliTool.Application/DailyTaskAppService.cs:line 127
   at Ray.BiliBiliTool.Application.DailyTaskAppService.DoTaskAsync(CancellationToken cancellationToken) in /home/runner/work/BiliBiliToolPro/BiliBiliToolPro/src/Ray.BiliBiliTool.Application/DailyTaskAppService.cs:line 78
   at Ray.BiliBiliTool.Console.BiliBiliToolHostedService.DoTasksAsync(String[] tasks, CancellationToken cancellationToken) in /home/runner/work/BiliBiliToolPro/BiliBiliToolPro/src/Ray.BiliBiliTool.Console/BiliBiliToolHostedService.cs:line 188
   at Ray.BiliBiliTool.Console.BiliBiliToolHostedService.StartAsync(CancellationToken cancellationToken) in /home/runner/work/BiliBiliToolPro/BiliBiliToolPro/src/Ray.BiliBiliTool.Console/BiliBiliToolHostedService.cs:line 76
[09:41:42 INF] 

========================

 v2.0.1 开源 by https://github.com/RayWangQvQ/BiliBiliToolPro

[09:41:42 INF] ·开始推送·Daily任务·
2023-12-24T01:41:42.8207033Z 开始推送到:PushPlus
2023-12-24T01:41:43.3448613Z Response status: OK.
2023-12-24T01:41:43.3448846Z Response content: {"code":200,"msg":"请求成功","data":"9291bed7e3124f3aaa9d4152beaff091","count":null}.

[09:41:43 INF] 运行环境：Development
[09:41:43 INF] 应用目录：/home/runner/work/BiliBiliToolPro/BiliBiliToolPro/src/Ray.BiliBiliTool.Console/bin/Debug/net6.0/

[09:41:43 INF] 运行结束
