----------- ip 信息 ---------
{
  "ip": "52.238.25.49",
  "city": "San Jose",
  "region": "California",
  "country": "US",
  "loc": "37.3394,-121.8950",
  "org": "AS8075 Microsoft Corporation",
  "postal": "95103",
  "timezone": "America/Los_Angeles",
  "readme": "https://ipinfo.io/missingauth"
} ---------- end ------------
  ____               ____    _   _____           _  
 |  _ \ __ _ _   _  | __ ) _| |_|_   _|__   ___ | | 
 | |_) / _` | | | | |  _ \(_) (_) | |/ _ \ / _ \| | 
 |  _ < (_| | |_| | | |_) | | | | | | (_) | (_) | | 
 |_| \_\__,_|\__, | |____/|_|_|_| |_|\___/ \___/|_| 
             |___/                                  

[09:31:46 INF] BiliBiliToolPro 开始运行...

[09:31:47 INF] 【账号个数】3个

[09:31:47 INF] 随机休眠4分钟

[09:35:47 INF] 【目标任务】Daily
[09:35:47 INF] ######### 账号 1 #########

[09:35:47 INF] =====开始 每日任务 =====

[09:35:47 INF] ---开始 Set Cookie ---
[09:35:47 INF] Cookie完整，不需要Set Cookie
[09:35:47 INF] -------------结束-------------

[09:35:47 INF] ---开始 登录 ---
[09:35:52 INF] 【用户名】sunxxxxxgzi
[09:35:52 INF] 【会员类型】月度大会员
[09:35:52 INF] 【会员状态】正常
[09:35:52 INF] 【硬币余额】1094.2
[09:35:52 INF] 【距升级Lv6】预计876天
[09:35:52 INF] 登录成功，经验+5 √
[09:35:52 INF] -----结束-----

[09:35:58 INF] ---开始 观看、分享视频 ---
[09:36:20 INF] 【随机视频】这次来南京，围观一下南京虫友们的自然爱好
[09:36:20 INF] 今天已经观看过了，不需要再看啦
[09:36:28 INF] 视频分享成功，经验+5 √
[09:36:28 INF] ----------结束----------

[09:36:28 INF] ---开始 投币 ---
[09:36:28 INF] 已配置为跳过投币任务
[09:36:28 INF] -----结束-----

[09:36:28 INF] ---开始 直播签到 ---
[09:36:34 INF] 【签到结果】成功
[09:36:34 INF] 【本次获取】3000点用户经验,2根辣条,
[09:36:34 INF] -------结束-------

[09:36:34 INF] ---开始 漫画签到 ---
[09:36:37 INF] 【签到结果】成功
[09:36:37 INF] -------结束-------

[09:36:37 INF] ---开始 漫画阅读 ---
[09:36:43 INF] 【漫画阅读】成功
[09:36:43 INF] -------结束-------

[09:36:43 INF] ---开始 银瓜子兑换硬币 ---
[09:36:43 INF] 【目标兑换日期】28号
[09:36:43 INF] 【今天】28号
[09:36:48 INF] 【银瓜子余额】 582
[09:36:48 INF] 【硬币余额】 1094
[09:36:48 INF] 【今日剩余兑换次数】 1
[09:36:48 INF] 开始尝试兑换...
[09:36:55 INF] 【兑换结果】失败
[09:36:55 INF] 【原因】银瓜子余额不足
[09:36:55 INF] ----------结束----------

[09:36:55 INF] ---开始 领取大会员福利 ---
[09:36:55 INF] 普通会员和月度大会员每月不赠送B币券，不需要领取权益喽
[09:36:55 INF] ----------结束----------

[09:36:55 INF] ---开始 领取大会员漫画权益 ---
[09:36:55 INF] 【目标日期】1号
[09:36:55 INF] 【今天】28号
[09:36:55 INF] 跳过
[09:36:55 INF] ------------结束------------

[09:36:55 INF] ---开始 B币券充电 ---
[09:36:55 INF] 已配置为关闭，跳过
[09:36:55 INF] --------结束--------

[09:36:55 INF] =========结束=========

[09:36:55 INF] ######### 账号 2 #########

[09:36:55 INF] =====开始 每日任务 =====

[09:36:55 INF] ---开始 Set Cookie ---
[09:36:55 INF] Cookie完整，不需要Set Cookie
[09:36:55 INF] -------------结束-------------

[09:36:55 INF] ---开始 登录 ---
[09:37:01 WRN] 登录异常，请检查Cookie是否错误或过期
[09:37:01 ERR] 程序发生异常：登录失败，请检查Cookie
[09:37:01 INF] -----结束-----

[09:37:01 ERR] 程序发生异常：登录失败，请检查Cookie
[09:37:01 INF] =========结束=========

[09:37:01 WRN] 异常：System.Exception: 登录失败，请检查Cookie
   at Ray.BiliBiliTool.Application.DailyTaskAppService.Login() in /home/runner/work/BiliBiliToolPro/BiliBiliToolPro/src/Ray.BiliBiliTool.Application/DailyTaskAppService.cs:line 134
   at Ray.BiliBiliTool.Application.DailyTaskAppService.DoTaskAsync(CancellationToken cancellationToken) in /home/runner/work/BiliBiliToolPro/BiliBiliToolPro/src/Ray.BiliBiliTool.Application/DailyTaskAppService.cs:line 81
   at Ray.BiliBiliTool.Console.BiliBiliToolHostedService.DoTasksAsync(String[] tasks, CancellationToken cancellationToken) in /home/runner/work/BiliBiliToolPro/BiliBiliToolPro/src/Ray.BiliBiliTool.Console/BiliBiliToolHostedService.cs:line 194
   at Ray.BiliBiliTool.Console.BiliBiliToolHostedService.StartAsync(CancellationToken cancellationToken) in /home/runner/work/BiliBiliToolPro/BiliBiliToolPro/src/Ray.BiliBiliTool.Console/BiliBiliToolHostedService.cs:line 76
[09:37:01 INF] ######### 账号 3 #########

[09:37:01 INF] =====开始 每日任务 =====

[09:37:01 INF] ---开始 Set Cookie ---
[09:37:01 INF] Cookie完整，不需要Set Cookie
[09:37:01 INF] -------------结束-------------

[09:37:01 INF] ---开始 登录 ---
[09:37:05 WRN] 登录异常，请检查Cookie是否错误或过期
[09:37:05 ERR] 程序发生异常：登录失败，请检查Cookie
[09:37:05 INF] -----结束-----

[09:37:05 ERR] 程序发生异常：登录失败，请检查Cookie
[09:37:05 INF] =========结束=========

[09:37:05 WRN] 异常：System.Exception: 登录失败，请检查Cookie
   at Ray.BiliBiliTool.Application.DailyTaskAppService.Login() in /home/runner/work/BiliBiliToolPro/BiliBiliToolPro/src/Ray.BiliBiliTool.Application/DailyTaskAppService.cs:line 134
   at Ray.BiliBiliTool.Application.DailyTaskAppService.DoTaskAsync(CancellationToken cancellationToken) in /home/runner/work/BiliBiliToolPro/BiliBiliToolPro/src/Ray.BiliBiliTool.Application/DailyTaskAppService.cs:line 81
   at Ray.BiliBiliTool.Console.BiliBiliToolHostedService.DoTasksAsync(String[] tasks, CancellationToken cancellationToken) in /home/runner/work/BiliBiliToolPro/BiliBiliToolPro/src/Ray.BiliBiliTool.Console/BiliBiliToolHostedService.cs:line 194
   at Ray.BiliBiliTool.Console.BiliBiliToolHostedService.StartAsync(CancellationToken cancellationToken) in /home/runner/work/BiliBiliToolPro/BiliBiliToolPro/src/Ray.BiliBiliTool.Console/BiliBiliToolHostedService.cs:line 76
[09:37:05 INF] 

========================

 v2.0.2 开源 by https://github.com/RayWangQvQ/BiliBiliToolPro

[09:37:05 INF] ·开始推送·Daily任务·
2024-01-28T01:37:05.8655383Z 开始推送到:PushPlus
2024-01-28T01:37:06.6804495Z Response status: OK.
2024-01-28T01:37:06.6805058Z Response content: {"code":200,"msg":"请求成功","data":"ffd853b4cb154a9ca09a080aadaa58cb","count":null}.

[09:37:06 INF] 运行环境：Development
[09:37:06 INF] 应用目录：/home/runner/work/BiliBiliToolPro/BiliBiliToolPro/src/Ray.BiliBiliTool.Console/bin/Debug/net6.0/

[09:37:06 INF] 运行结束
  ____               ____    _   _____           _  
 |  _ \ __ _ _   _  | __ ) _| |_|_   _|__   ___ | | 
 | |_) / _` | | | | |  _ \(_) (_) | |/ _ \ / _ \| | 
 |  _ < (_| | |_| | | |_) | | | | | | (_) | (_) | | 
 |_| \_\__,_|\__, | |____/|_|_|_| |_|\___/ \___/|_| 
             |___/                                  

[09:37:09 INF] BiliBiliToolPro 开始运行...

[09:37:09 INF] 【账号个数】3个

[09:37:09 INF] 随机休眠1分钟

[09:38:09 INF] 【目标任务】VipBigPoint
[09:38:09 INF] ######### 账号 1 #########

[09:38:09 INF] =====开始 大会员大积分 =====

[09:38:09 INF] 大会员经验领取任务开始
[09:38:16 INF] 大会员经验未兑换
[09:38:21 INF] 领取成功，经验+10 √
[09:38:21 INF] ---开始 测试Cookie ---
[09:38:24 INF] 【用户名】sunxxxxxgzi
[09:38:24 INF] 【会员类型】月度大会员
[09:38:24 INF] 【会员状态】正常
[09:38:24 INF] 【硬币余额】1094.2
[09:38:24 INF] 【距升级Lv6】预计875天
[09:38:24 INF] -----------结束-----------

[09:38:31 INF] ------当前任务状态------
[09:38:31 INF] 打卡：X
[09:38:31 INF] -福利任务
[09:38:31 INF] ---大会员福利大积分：√
[09:38:31 INF] -体验任务
[09:38:31 INF] ---浏览大会员权益页面：√
[09:38:31 INF] -日常任务
[09:38:31 INF] ---浏览装扮商城主页：X
[09:38:31 INF] ---浏览会员购页面10秒：X
[09:38:31 INF] ---购买指定会员购商品：X
[09:38:31 INF] ---浏览追番频道页10秒：X
[09:38:31 INF] ---观看任意正片内容：X
[09:38:31 INF] ---购买单点付费影片：X
[09:38:31 INF] ---购买指定装扮商品：X
[09:38:31 INF] ------------------------

[09:38:31 INF] ---开始 签到 ---
[09:38:36 ERR] 签到失败，继续其他任务。失败信息:{"Code":6007000,"Message":"抱歉，您的账号存在风险，暂时无法参与本任务哦~","Data":null}

[09:38:36 INF] -----结束-----

[09:38:36 INF] ---开始 福利任务 ---
[09:38:36 ERR] 福利任务失败，继续其他任务。失败信息:Object reference not set to an instance of an object.

[09:38:36 INF] -------结束-------

[09:38:36 INF] ---开始 体验任务 ---
[09:38:36 ERR] 体验任务失败，继续其他任务。失败信息:Object reference not set to an instance of an object.

[09:38:36 INF] -------结束-------

[09:38:36 INF] ---开始 浏览追番频道页10秒 ---
[09:38:36 ERR] 浏览追番频道页10秒失败，继续其他任务。失败信息:Object reference not set to an instance of an object.

[09:38:36 INF] -------------结束-------------

[09:38:36 INF] ---开始 浏览会员购页面10秒 ---
[09:38:36 INF] 待实现...
[09:38:36 INF] -------------结束-------------

[09:38:36 INF] ---开始 观看任意正片内容 ---
[09:38:36 ERR] 观看任意正片内容失败，继续其他任务。失败信息:Object reference not set to an instance of an object.

[09:38:36 INF] -----------结束-----------

[09:38:36 INF] ---开始 购买单点付费影片（仅领取） ---
[09:38:36 ERR] 购买单点付费影片（仅领取）失败，继续其他任务。失败信息:Object reference not set to an instance of an object.

[09:38:36 INF] ----------------结束----------------

[09:38:36 INF] ---开始 购买指定会员购商品（仅领取） ---
[09:38:36 ERR] 购买指定会员购商品（仅领取）失败，继续其他任务。失败信息:Object reference not set to an instance of an object.

[09:38:36 INF] -----------------结束-----------------

[09:38:36 ERR] 程序发生异常：Object reference not set to an instance of an object.
[09:38:36 INF] ===========结束===========

[09:38:36 WRN] 异常：System.NullReferenceException: Object reference not set to an instance of an object.
   at Ray.BiliBiliTool.Application.VipBigPointAppService.DoTaskAsync(CancellationToken cancellationToken) in /home/runner/work/BiliBiliToolPro/BiliBiliToolPro/src/Ray.BiliBiliTool.Application/VipBigPointAppService.cs:line 141
   at Ray.BiliBiliTool.Console.BiliBiliToolHostedService.DoTasksAsync(String[] tasks, CancellationToken cancellationToken) in /home/runner/work/BiliBiliToolPro/BiliBiliToolPro/src/Ray.BiliBiliTool.Console/BiliBiliToolHostedService.cs:line 194
   at Ray.BiliBiliTool.Console.BiliBiliToolHostedService.StartAsync(CancellationToken cancellationToken) in /home/runner/work/BiliBiliToolPro/BiliBiliToolPro/src/Ray.BiliBiliTool.Console/BiliBiliToolHostedService.cs:line 76
[09:38:36 INF] ######### 账号 2 #########

[09:38:36 INF] =====开始 大会员大积分 =====

[09:38:36 INF] 大会员经验领取任务开始
[09:38:40 INF] ---开始 测试Cookie ---
[09:38:43 WRN] 登录异常，请检查Cookie是否错误或过期
[09:38:43 ERR] 程序发生异常：登录失败，请检查Cookie
[09:38:43 INF] -----------结束-----------

[09:38:43 ERR] 程序发生异常：登录失败，请检查Cookie
[09:38:43 INF] ===========结束===========

[09:38:43 WRN] 异常：System.Exception: 登录失败，请检查Cookie
   at Ray.BiliBiliTool.Application.VipBigPointAppService.GetUserInfo() in /home/runner/work/BiliBiliToolPro/BiliBiliToolPro/src/Ray.BiliBiliTool.Application/VipBigPointAppService.cs:line 150
   at Ray.BiliBiliTool.Application.VipBigPointAppService.DoTaskAsync(CancellationToken cancellationToken) in /home/runner/work/BiliBiliToolPro/BiliBiliToolPro/src/Ray.BiliBiliTool.Application/VipBigPointAppService.cs:line 98
   at Ray.BiliBiliTool.Console.BiliBiliToolHostedService.DoTasksAsync(String[] tasks, CancellationToken cancellationToken) in /home/runner/work/BiliBiliToolPro/BiliBiliToolPro/src/Ray.BiliBiliTool.Console/BiliBiliToolHostedService.cs:line 194
   at Ray.BiliBiliTool.Console.BiliBiliToolHostedService.StartAsync(CancellationToken cancellationToken) in /home/runner/work/BiliBiliToolPro/BiliBiliToolPro/src/Ray.BiliBiliTool.Console/BiliBiliToolHostedService.cs:line 76
[09:38:43 INF] ######### 账号 3 #########

[09:38:43 INF] =====开始 大会员大积分 =====

[09:38:43 INF] 大会员经验领取任务开始
[09:38:49 INF] ---开始 测试Cookie ---
[09:38:53 WRN] 登录异常，请检查Cookie是否错误或过期
[09:38:53 ERR] 程序发生异常：登录失败，请检查Cookie
[09:38:53 INF] -----------结束-----------

[09:38:53 ERR] 程序发生异常：登录失败，请检查Cookie
[09:38:53 INF] ===========结束===========

[09:38:53 WRN] 异常：System.Exception: 登录失败，请检查Cookie
   at Ray.BiliBiliTool.Application.VipBigPointAppService.GetUserInfo() in /home/runner/work/BiliBiliToolPro/BiliBiliToolPro/src/Ray.BiliBiliTool.Application/VipBigPointAppService.cs:line 150
   at Ray.BiliBiliTool.Application.VipBigPointAppService.DoTaskAsync(CancellationToken cancellationToken) in /home/runner/work/BiliBiliToolPro/BiliBiliToolPro/src/Ray.BiliBiliTool.Application/VipBigPointAppService.cs:line 98
   at Ray.BiliBiliTool.Console.BiliBiliToolHostedService.DoTasksAsync(String[] tasks, CancellationToken cancellationToken) in /home/runner/work/BiliBiliToolPro/BiliBiliToolPro/src/Ray.BiliBiliTool.Console/BiliBiliToolHostedService.cs:line 194
   at Ray.BiliBiliTool.Console.BiliBiliToolHostedService.StartAsync(CancellationToken cancellationToken) in /home/runner/work/BiliBiliToolPro/BiliBiliToolPro/src/Ray.BiliBiliTool.Console/BiliBiliToolHostedService.cs:line 76
[09:38:53 INF] 

========================

 v2.0.2 开源 by https://github.com/RayWangQvQ/BiliBiliToolPro

[09:38:53 INF] ·开始推送·VipBigPoint任务·
2024-01-28T01:38:53.9519921Z 开始推送到:PushPlus
2024-01-28T01:38:54.5967958Z Response status: OK.
2024-01-28T01:38:54.5968575Z Response content: {"code":200,"msg":"请求成功","data":"f24dca90161744c797f234307ba48b68","count":null}.

[09:38:54 INF] 运行环境：Development
[09:38:54 INF] 应用目录：/home/runner/work/BiliBiliToolPro/BiliBiliToolPro/src/Ray.BiliBiliTool.Console/bin/Debug/net6.0/

[09:38:54 INF] 运行结束
