----------- ip 信息 ---------
{
  "ip": "52.225.77.96",
  "city": "San Jose",
  "region": "California",
  "country": "US",
  "loc": "37.3394,-121.8950",
  "org": "AS8075 Microsoft Corporation",
  "postal": "95103",
  "timezone": "America/Los_Angeles",
  "readme": "https://ipinfo.io/missingauth"
} ---------- end ------------
  ____               ____    _   _____           _  
 |  _ \ __ _ _   _  | __ ) _| |_|_   _|__   ___ | | 
 | |_) / _` | | | | |  _ \(_) (_) | |/ _ \ / _ \| | 
 |  _ < (_| | |_| | | |_) | | | | | | (_) | (_) | | 
 |_| \_\__,_|\__, | |____/|_|_|_| |_|\___/ \___/|_| 
             |___/                                  

[09:21:14 INF] BiliBiliToolPro 开始运行...

[09:21:14 INF] 【账号个数】3个

[09:21:14 INF] 随机休眠3分钟

[09:24:14 INF] 【目标任务】Daily
[09:24:14 INF] ######### 账号 1 #########

[09:24:15 INF] =====开始 每日任务 =====

[09:24:15 INF] ---开始 Set Cookie ---
[09:24:15 INF] Cookie完整，不需要Set Cookie
[09:24:15 INF] -------------结束-------------

[09:24:15 INF] ---开始 登录 ---
[09:24:19 INF] 【用户名】sunxxxxxgzi
[09:24:19 INF] 【会员类型】月度大会员
[09:24:19 INF] 【会员状态】正常
[09:24:19 INF] 【硬币余额】1182.2
[09:24:19 INF] 【距升级Lv6】预计757天
[09:24:19 INF] 登录成功，经验+5 √
[09:24:19 INF] -----结束-----

[09:24:23 INF] ---开始 观看、分享视频 ---
[09:24:42 INF] 【随机视频】【陈抱一】短视频已死？长视频的胜利！😆B站播放次数改为播放分钟！
[09:24:42 INF] 今天已经观看过了，不需要再看啦
[09:24:52 INF] 视频分享成功，经验+5 √
[09:24:52 INF] ----------结束----------

[09:24:52 INF] ---开始 投币 ---
[09:24:52 INF] 已配置为跳过投币任务
[09:24:52 INF] -----结束-----

[09:24:52 INF] ---开始 直播签到 ---
[09:24:57 INF] 【签到结果】成功
[09:24:57 INF] 【本次获取】3000点用户经验,2根辣条,再签到14天可以获得50根辣条
[09:24:57 INF] -------结束-------

[09:24:57 INF] ---开始 漫画签到 ---
[09:25:03 INF] 【签到结果】成功
[09:25:03 INF] -------结束-------

[09:25:03 INF] ---开始 漫画阅读 ---
[09:25:08 INF] 【漫画阅读】成功
[09:25:08 INF] -------结束-------

[09:25:08 INF] ---开始 银瓜子兑换硬币 ---
[09:25:08 INF] 【目标兑换日期】6号
[09:25:08 INF] 【今天】6号
[09:25:11 INF] 【银瓜子余额】 480
[09:25:11 INF] 【硬币余额】 1182
[09:25:11 INF] 【今日剩余兑换次数】 1
[09:25:11 INF] 开始尝试兑换...
[09:25:16 INF] 【兑换结果】失败
[09:25:16 INF] 【原因】银瓜子余额不足
[09:25:16 INF] ----------结束----------

[09:25:16 INF] ---开始 领取大会员福利 ---
[09:25:16 INF] 普通会员和月度大会员每月不赠送B币券，不需要领取权益喽
[09:25:16 INF] ----------结束----------

[09:25:16 INF] ---开始 领取大会员漫画权益 ---
[09:25:16 INF] 【目标日期】1号
[09:25:16 INF] 【今天】6号
[09:25:16 INF] 跳过
[09:25:16 INF] ------------结束------------

[09:25:16 INF] ---开始 B币券充电 ---
[09:25:16 INF] 已配置为关闭，跳过
[09:25:16 INF] --------结束--------

[09:25:16 INF] =========结束=========

[09:25:16 INF] ######### 账号 2 #########

[09:25:16 INF] =====开始 每日任务 =====

[09:25:16 INF] ---开始 Set Cookie ---
[09:25:16 INF] Cookie完整，不需要Set Cookie
[09:25:16 INF] -------------结束-------------

[09:25:16 INF] ---开始 登录 ---
[09:25:23 INF] 【用户名】bilixxxxxxxx1879
[09:25:23 INF] 【会员类型】月度大会员
[09:25:23 INF] 【会员状态】无/过期
[09:25:23 INF] 【硬币余额】608
[09:25:23 INF] 【距升级Lv5】预计93天
[09:25:23 INF] 登录成功，经验+5 √
[09:25:23 INF] -----结束-----

[09:25:27 INF] ---开始 观看、分享视频 ---
[09:25:47 INF] 【随机视频】西沙群岛渔民拿出海鲜送网友，漠叔万般推辞，无奈只能收下
[09:26:01 INF] 视频播放成功，已观看到第11秒，经验+5 √
[09:26:05 INF] 视频分享成功，经验+5 √
[09:26:05 INF] ----------结束----------

[09:26:05 INF] ---开始 投币 ---
[09:26:05 INF] 已配置为跳过投币任务
[09:26:05 INF] -----结束-----

[09:26:05 INF] ---开始 直播签到 ---
[09:26:10 INF] 【签到结果】成功
[09:26:10 INF] 【本次获取】3000点用户经验,2根辣条,再签到14天可以获得50根辣条
[09:26:10 INF] -------结束-------

[09:26:10 INF] ---开始 漫画签到 ---
[09:26:14 INF] 【签到结果】成功
[09:26:14 INF] -------结束-------

[09:26:14 INF] ---开始 漫画阅读 ---
[09:26:18 INF] 【漫画阅读】成功
[09:26:18 INF] -------结束-------

[09:26:18 INF] ---开始 银瓜子兑换硬币 ---
[09:26:18 INF] 【目标兑换日期】6号
[09:26:18 INF] 【今天】6号
[09:26:23 INF] 【银瓜子余额】 252
[09:26:23 INF] 【硬币余额】 608
[09:26:23 INF] 【今日剩余兑换次数】 1
[09:26:23 INF] 开始尝试兑换...
[09:26:28 INF] 【兑换结果】失败
[09:26:28 INF] 【原因】银瓜子余额不足
[09:26:28 INF] ----------结束----------

[09:26:28 INF] ---开始 领取大会员福利 ---
[09:26:28 INF] 普通会员和月度大会员每月不赠送B币券，不需要领取权益喽
[09:26:28 INF] ----------结束----------

[09:26:28 INF] ---开始 领取大会员漫画权益 ---
[09:26:28 INF] 不是会员，跳过
[09:26:28 INF] ------------结束------------

[09:26:28 INF] ---开始 B币券充电 ---
[09:26:28 INF] 已配置为关闭，跳过
[09:26:28 INF] --------结束--------

[09:26:28 INF] =========结束=========

[09:26:28 INF] ######### 账号 3 #########

[09:26:28 INF] =====开始 每日任务 =====

[09:26:28 INF] ---开始 Set Cookie ---
[09:26:28 INF] Cookie完整，不需要Set Cookie
[09:26:28 INF] -------------结束-------------

[09:26:28 INF] ---开始 登录 ---
[09:26:32 WRN] 登录异常，请检查Cookie是否错误或过期
[09:26:32 ERR] 程序发生异常：登录失败，请检查Cookie
[09:26:32 INF] -----结束-----

[09:26:32 ERR] 程序发生异常：登录失败，请检查Cookie
[09:26:32 INF] =========结束=========

[09:26:32 WRN] 异常：System.Exception: 登录失败，请检查Cookie
   at Ray.BiliBiliTool.Application.DailyTaskAppService.Login() in /home/runner/work/BiliBiliToolPro/BiliBiliToolPro/src/Ray.BiliBiliTool.Application/DailyTaskAppService.cs:line 134
   at Ray.BiliBiliTool.Application.DailyTaskAppService.DoTaskAsync(CancellationToken cancellationToken) in /home/runner/work/BiliBiliToolPro/BiliBiliToolPro/src/Ray.BiliBiliTool.Application/DailyTaskAppService.cs:line 81
   at Ray.BiliBiliTool.Console.BiliBiliToolHostedService.DoTasksAsync(String[] tasks, CancellationToken cancellationToken) in /home/runner/work/BiliBiliToolPro/BiliBiliToolPro/src/Ray.BiliBiliTool.Console/BiliBiliToolHostedService.cs:line 194
   at Ray.BiliBiliTool.Console.BiliBiliToolHostedService.StartAsync(CancellationToken cancellationToken) in /home/runner/work/BiliBiliToolPro/BiliBiliToolPro/src/Ray.BiliBiliTool.Console/BiliBiliToolHostedService.cs:line 76
[09:26:32 INF] 

========================

 v2.0.2 开源 by https://github.com/RayWangQvQ/BiliBiliToolPro

[09:26:32 INF] ·开始推送·Daily任务·
2024-04-06T01:26:32.9739298Z 开始推送到:PushPlus
2024-04-06T01:26:33.9407933Z Response status: OK.
2024-04-06T01:26:33.9408247Z Response content: {"code":200,"msg":"请求成功","data":"de42d4f349bb415b82d5ef336b48cf8f","count":null}.

[09:26:33 INF] 运行环境：Development
[09:26:33 INF] 应用目录：/home/runner/work/BiliBiliToolPro/BiliBiliToolPro/src/Ray.BiliBiliTool.Console/bin/Debug/net6.0/

[09:26:33 INF] 运行结束
  ____               ____    _   _____           _  
 |  _ \ __ _ _   _  | __ ) _| |_|_   _|__   ___ | | 
 | |_) / _` | | | | |  _ \(_) (_) | |/ _ \ / _ \| | 
 |  _ < (_| | |_| | | |_) | | | | | | (_) | (_) | | 
 |_| \_\__,_|\__, | |____/|_|_|_| |_|\___/ \___/|_| 
             |___/                                  

[09:26:36 INF] BiliBiliToolPro 开始运行...

[09:26:36 INF] 【账号个数】3个

[09:26:36 INF] 随机休眠2分钟

[09:28:36 INF] 【目标任务】VipBigPoint
[09:28:36 INF] ######### 账号 1 #########

[09:28:36 INF] =====开始 大会员大积分 =====

[09:28:36 INF] 大会员经验领取任务开始
[09:28:44 INF] 大会员经验未兑换
[09:28:51 INF] 领取成功，经验+10 √
[09:28:51 INF] ---开始 测试Cookie ---
[09:28:58 INF] 【用户名】sunxxxxxgzi
[09:28:58 INF] 【会员类型】月度大会员
[09:28:58 INF] 【会员状态】正常
[09:28:58 INF] 【硬币余额】1182.2
[09:28:58 INF] 【距升级Lv6】预计756天
[09:28:58 INF] -----------结束-----------

[09:29:02 INF] ------当前任务状态------
[09:29:02 INF] 打卡：X
[09:29:02 INF] -福利任务
[09:29:02 INF] ---大会员福利大积分：√
[09:29:02 INF] -体验任务
[09:29:02 INF] ---浏览大会员权益页面：√
[09:29:02 INF] -日常任务
[09:29:02 INF] ---浏览装扮商城主页：X
[09:29:02 INF] ---浏览会员购页面10秒：X
[09:29:02 INF] ---购买指定会员购商品：X
[09:29:02 INF] ---浏览追番频道页10秒：X
[09:29:02 INF] ---观看剧集内容：X
[09:29:02 INF] ---购买单点付费影片：X
[09:29:02 INF] ---购买指定装扮商品：X
[09:29:02 INF] ------------------------

[09:29:02 INF] ---开始 签到 ---
[09:29:05 ERR] 签到失败，继续其他任务。失败信息:{"Code":6007000,"Message":"抱歉，您的账号存在风险，暂时无法参与本任务哦~","Data":null}

[09:29:05 INF] -----结束-----

[09:29:05 INF] ---开始 福利任务 ---
[09:29:05 ERR] 福利任务失败，继续其他任务。失败信息:Object reference not set to an instance of an object.

[09:29:05 INF] -------结束-------

[09:29:05 INF] ---开始 体验任务 ---
[09:29:05 ERR] 体验任务失败，继续其他任务。失败信息:Object reference not set to an instance of an object.

[09:29:05 INF] -------结束-------

[09:29:05 INF] ---开始 浏览追番频道页10秒 ---
[09:29:05 ERR] 浏览追番频道页10秒失败，继续其他任务。失败信息:Object reference not set to an instance of an object.

[09:29:05 INF] -------------结束-------------

[09:29:05 INF] ---开始 浏览会员购页面10秒 ---
[09:29:05 INF] 待实现...
[09:29:05 INF] -------------结束-------------

[09:29:05 INF] ---开始 观看任意正片内容 ---
[09:29:05 ERR] 观看任意正片内容失败，继续其他任务。失败信息:Object reference not set to an instance of an object.

[09:29:05 INF] -----------结束-----------

[09:29:05 INF] ---开始 购买单点付费影片（仅领取） ---
[09:29:05 ERR] 购买单点付费影片（仅领取）失败，继续其他任务。失败信息:Object reference not set to an instance of an object.

[09:29:05 INF] ----------------结束----------------

[09:29:05 INF] ---开始 购买指定会员购商品（仅领取） ---
[09:29:05 ERR] 购买指定会员购商品（仅领取）失败，继续其他任务。失败信息:Object reference not set to an instance of an object.

[09:29:05 INF] -----------------结束-----------------

[09:29:05 ERR] 程序发生异常：Object reference not set to an instance of an object.
[09:29:05 INF] ===========结束===========

[09:29:05 WRN] 异常：System.NullReferenceException: Object reference not set to an instance of an object.
   at Ray.BiliBiliTool.Application.VipBigPointAppService.DoTaskAsync(CancellationToken cancellationToken) in /home/runner/work/BiliBiliToolPro/BiliBiliToolPro/src/Ray.BiliBiliTool.Application/VipBigPointAppService.cs:line 141
   at Ray.BiliBiliTool.Console.BiliBiliToolHostedService.DoTasksAsync(String[] tasks, CancellationToken cancellationToken) in /home/runner/work/BiliBiliToolPro/BiliBiliToolPro/src/Ray.BiliBiliTool.Console/BiliBiliToolHostedService.cs:line 194
   at Ray.BiliBiliTool.Console.BiliBiliToolHostedService.StartAsync(CancellationToken cancellationToken) in /home/runner/work/BiliBiliToolPro/BiliBiliToolPro/src/Ray.BiliBiliTool.Console/BiliBiliToolHostedService.cs:line 76
[09:29:05 INF] ######### 账号 2 #########

[09:29:05 INF] =====开始 大会员大积分 =====

[09:29:05 INF] 大会员经验领取任务开始
[09:29:12 INF] 大会员经验未兑换
[09:29:17 INF] 领取成功，经验+10 √
[09:29:17 INF] ---开始 测试Cookie ---
[09:29:25 INF] 【用户名】bilixxxxxxxx1879
[09:29:25 INF] 【会员类型】月度大会员
[09:29:25 INF] 【会员状态】无/过期
[09:29:25 INF] 【硬币余额】608
[09:29:25 INF] 【距升级Lv5】预计91天
[09:29:25 INF] -----------结束-----------

[09:29:25 INF] 当前不是大会员或已过期，跳过任务
[09:29:25 INF] ===========结束===========

[09:29:25 INF] ######### 账号 3 #########

[09:29:25 INF] =====开始 大会员大积分 =====

[09:29:25 INF] 大会员经验领取任务开始
[09:29:29 INF] ---开始 测试Cookie ---
[09:29:32 WRN] 登录异常，请检查Cookie是否错误或过期
[09:29:32 ERR] 程序发生异常：登录失败，请检查Cookie
[09:29:32 INF] -----------结束-----------

[09:29:32 ERR] 程序发生异常：登录失败，请检查Cookie
[09:29:32 INF] ===========结束===========

[09:29:32 WRN] 异常：System.Exception: 登录失败，请检查Cookie
   at Ray.BiliBiliTool.Application.VipBigPointAppService.GetUserInfo() in /home/runner/work/BiliBiliToolPro/BiliBiliToolPro/src/Ray.BiliBiliTool.Application/VipBigPointAppService.cs:line 150
   at Ray.BiliBiliTool.Application.VipBigPointAppService.DoTaskAsync(CancellationToken cancellationToken) in /home/runner/work/BiliBiliToolPro/BiliBiliToolPro/src/Ray.BiliBiliTool.Application/VipBigPointAppService.cs:line 98
   at Ray.BiliBiliTool.Console.BiliBiliToolHostedService.DoTasksAsync(String[] tasks, CancellationToken cancellationToken) in /home/runner/work/BiliBiliToolPro/BiliBiliToolPro/src/Ray.BiliBiliTool.Console/BiliBiliToolHostedService.cs:line 194
   at Ray.BiliBiliTool.Console.BiliBiliToolHostedService.StartAsync(CancellationToken cancellationToken) in /home/runner/work/BiliBiliToolPro/BiliBiliToolPro/src/Ray.BiliBiliTool.Console/BiliBiliToolHostedService.cs:line 76
[09:29:32 INF] 

========================

 v2.0.2 开源 by https://github.com/RayWangQvQ/BiliBiliToolPro

[09:29:32 INF] ·开始推送·VipBigPoint任务·
2024-04-06T01:29:32.8893767Z 开始推送到:PushPlus
2024-04-06T01:29:33.5602153Z Response status: OK.
2024-04-06T01:29:33.5602544Z Response content: {"code":200,"msg":"请求成功","data":"eac8817d9adc4fdaacf8b9c7cbf6c27f","count":null}.

[09:29:33 INF] 运行环境：Development
[09:29:33 INF] 应用目录：/home/runner/work/BiliBiliToolPro/BiliBiliToolPro/src/Ray.BiliBiliTool.Console/bin/Debug/net6.0/

[09:29:33 INF] 运行结束
