----------- ip 信息 ---------
{
  "ip": "13.88.61.216",
  "city": "San Jose",
  "region": "California",
  "country": "US",
  "loc": "37.3394,-121.8950",
  "org": "AS8075 Microsoft Corporation",
  "postal": "95103",
  "timezone": "America/Los_Angeles",
  "readme": "https://ipinfo.io/missingauth"
} ---------- end ------------
  ____               ____    _   _____           _  
 |  _ \ __ _ _   _  | __ ) _| |_|_   _|__   ___ | | 
 | |_) / _` | | | | |  _ \(_) (_) | |/ _ \ / _ \| | 
 |  _ < (_| | |_| | | |_) | | | | | | (_) | (_) | | 
 |_| \_\__,_|\__, | |____/|_|_|_| |_|\___/ \___/|_| 
             |___/                                  

[10:18:28 INF] BiliBiliToolPro 开始运行...

[10:18:28 INF] 【账号个数】3个

[10:18:28 INF] 随机休眠5分钟

[10:23:28 INF] 【目标任务】Daily
[10:23:28 INF] ######### 账号 1 #########

[10:23:28 INF] =====开始 每日任务 =====

[10:23:28 INF] ---开始 Set Cookie ---
[10:23:28 INF] Cookie完整，不需要Set Cookie
[10:23:28 INF] -------------结束-------------

[10:23:28 INF] ---开始 登录 ---
[10:23:33 INF] 【用户名】waxxxx12
[10:23:33 INF] 【会员类型】月度大会员
[10:23:33 INF] 【会员状态】无/过期
[10:23:33 INF] 【硬币余额】531.2
[10:23:33 INF] 【距升级Lv6】266天（如每日做满65点经验）
[10:23:33 INF] 登录成功，经验+5 √
[10:23:33 INF] -----结束-----

[10:23:37 INF] ---开始 观看、分享视频 ---
[10:23:57 INF] 【随机视频】【开箱】极米RS Pro3!😱自由组合的无线家庭影院?
[10:23:57 INF] 今天已经观看过了，不需要再看啦
[10:24:09 INF] 视频分享成功，经验+5 √
[10:24:09 INF] ----------结束----------

[10:24:09 INF] ---开始 投币 ---
[10:24:09 INF] 已配置为跳过投币任务
[10:24:09 INF] -----结束-----

[10:24:09 INF] ---开始 直播签到 ---
[10:24:12 INF] 【签到结果】成功
[10:24:12 INF] 【本次获取】3000点用户经验,2根辣条,再签到2天可以获得50根辣条
[10:24:12 INF] -------结束-------

[10:24:12 INF] ---开始 漫画签到 ---
[10:24:16 INF] 【签到结果】成功
[10:24:16 INF] -------结束-------

[10:24:16 INF] ---开始 漫画阅读 ---
[10:24:23 INF] 【漫画阅读】成功, 阅读漫画为：堀与宫村
[10:24:23 INF] -------结束-------

[10:24:23 INF] ---开始 银瓜子兑换硬币 ---
[10:24:23 INF] 【目标兑换日期】18号
[10:24:23 INF] 【今天】18号
[10:24:30 INF] 【银瓜子余额】 686
[10:24:30 INF] 【硬币余额】 531
[10:24:30 INF] 【今日剩余兑换次数】 1
[10:24:30 INF] 开始尝试兑换...
[10:24:37 INF] 【兑换结果】失败
[10:24:37 INF] 【原因】银瓜子余额不足
[10:24:37 INF] ----------结束----------

[10:24:37 INF] ---开始 领取大会员福利 ---
[10:24:37 INF] 普通会员和月度大会员每月不赠送B币券，不需要领取权益喽
[10:24:37 INF] ----------结束----------

[10:24:37 INF] ---开始 领取大会员漫画权益 ---
[10:24:37 INF] 不是会员，跳过
[10:24:37 INF] ------------结束------------

[10:24:37 INF] ---开始 B币券充电 ---
[10:24:37 INF] 不是年度大会员，跳过
[10:24:37 INF] --------结束--------

[10:24:37 INF] =========结束=========

[10:24:37 INF] ######### 账号 2 #########

[10:24:37 INF] =====开始 每日任务 =====

[10:24:37 INF] ---开始 Set Cookie ---
[10:24:37 INF] Cookie完整，不需要Set Cookie
[10:24:37 INF] -------------结束-------------

[10:24:37 INF] ---开始 登录 ---
[10:24:40 INF] 【用户名】bilixxxxxxxx1879
[10:24:40 INF] 【会员类型】月度大会员
[10:24:40 INF] 【会员状态】无/过期
[10:24:40 INF] 【硬币余额】355
[10:24:40 INF] 【距升级Lv5】86天（如每日做满65点经验）
[10:24:40 INF] 登录成功，经验+5 √
[10:24:40 INF] -----结束-----

[10:24:47 INF] ---开始 观看、分享视频 ---
[10:25:10 INF] 【随机视频】被指到的人进来一起和MC主播过中秋节！！
[10:25:16 INF] 视频播放成功，已观看到第11秒，经验+5 √
[10:25:23 INF] 视频分享成功，经验+5 √
[10:25:23 INF] ----------结束----------

[10:25:23 INF] ---开始 投币 ---
[10:25:23 INF] 已配置为跳过投币任务
[10:25:23 INF] -----结束-----

[10:25:23 INF] ---开始 直播签到 ---
[10:25:28 INF] 【签到结果】成功
[10:25:28 INF] 【本次获取】3000点用户经验,2根辣条,再签到2天可以获得50根辣条
[10:25:28 INF] -------结束-------

[10:25:28 INF] ---开始 漫画签到 ---
[10:25:35 INF] 【签到结果】成功
[10:25:35 INF] -------结束-------

[10:25:35 INF] ---开始 漫画阅读 ---
[10:25:38 INF] 【漫画阅读】成功, 阅读漫画为：堀与宫村
[10:25:38 INF] -------结束-------

[10:25:38 INF] ---开始 银瓜子兑换硬币 ---
[10:25:38 INF] 【目标兑换日期】18号
[10:25:38 INF] 【今天】18号
[10:25:43 INF] 【银瓜子余额】 258
[10:25:43 INF] 【硬币余额】 355
[10:25:43 INF] 【今日剩余兑换次数】 1
[10:25:43 INF] 开始尝试兑换...
[10:25:48 INF] 【兑换结果】失败
[10:25:48 INF] 【原因】银瓜子余额不足
[10:25:48 INF] ----------结束----------

[10:25:48 INF] ---开始 领取大会员福利 ---
[10:25:48 INF] 普通会员和月度大会员每月不赠送B币券，不需要领取权益喽
[10:25:48 INF] ----------结束----------

[10:25:48 INF] ---开始 领取大会员漫画权益 ---
[10:25:48 INF] 不是会员，跳过
[10:25:48 INF] ------------结束------------

[10:25:48 INF] ---开始 B币券充电 ---
[10:25:48 INF] 不是年度大会员，跳过
[10:25:48 INF] --------结束--------

[10:25:48 INF] =========结束=========

[10:25:48 INF] ######### 账号 3 #########

[10:25:48 INF] =====开始 每日任务 =====

[10:25:48 INF] ---开始 Set Cookie ---
[10:25:48 INF] Cookie完整，不需要Set Cookie
[10:25:48 INF] -------------结束-------------

[10:25:48 INF] ---开始 登录 ---
[10:25:55 INF] 【用户名】晴xxng
[10:25:55 INF] 【会员类型】无
[10:25:55 INF] 【会员状态】无/过期
[10:25:55 INF] 【硬币余额】172
[10:25:55 INF] 【距升级Lv4】23天（如每日做满65点经验）
[10:25:55 INF] 登录成功，经验+5 √
[10:25:55 INF] -----结束-----

[10:26:02 INF] ---开始 观看、分享视频 ---
[10:26:18 INF] 【随机视频】《小马蜂求生记》
[10:26:26 INF] 视频播放成功，已观看到第6秒，经验+5 √
[10:26:33 INF] 视频分享成功，经验+5 √
[10:26:33 INF] ----------结束----------

[10:26:33 INF] ---开始 投币 ---
[10:26:33 INF] 已配置为跳过投币任务
[10:26:33 INF] -----结束-----

[10:26:33 INF] ---开始 直播签到 ---
[10:26:40 INF] 【签到结果】成功
[10:26:40 INF] 【本次获取】3000点用户经验,2根辣条,再签到2天可以获得50根辣条
[10:26:40 INF] -------结束-------

[10:26:40 INF] ---开始 漫画签到 ---
[10:26:45 INF] 【签到结果】成功
[10:26:45 INF] -------结束-------

[10:26:45 INF] ---开始 漫画阅读 ---
[10:26:50 INF] 【漫画阅读】成功, 阅读漫画为：堀与宫村
[10:26:50 INF] -------结束-------

[10:26:50 INF] ---开始 银瓜子兑换硬币 ---
[10:26:50 INF] 【目标兑换日期】18号
[10:26:50 INF] 【今天】18号
[10:26:55 INF] 【银瓜子余额】 496
[10:26:55 INF] 【硬币余额】 172
[10:26:55 INF] 【今日剩余兑换次数】 1
[10:26:55 INF] 开始尝试兑换...
[10:26:58 INF] 【兑换结果】失败
[10:26:58 INF] 【原因】银瓜子余额不足
[10:26:58 INF] ----------结束----------

[10:26:58 INF] ---开始 领取大会员福利 ---
[10:26:58 INF] 普通会员和月度大会员每月不赠送B币券，不需要领取权益喽
[10:26:58 INF] ----------结束----------

[10:26:58 INF] ---开始 领取大会员漫画权益 ---
[10:26:58 INF] 不是会员，跳过
[10:26:58 INF] ------------结束------------

[10:26:58 INF] ---开始 B币券充电 ---
[10:26:58 INF] 不是年度大会员，跳过
[10:26:58 INF] --------结束--------

[10:26:58 INF] =========结束=========

[10:26:58 INF] 

========================

 v2.0.1 开源 by https://github.com/RayWangQvQ/BiliBiliToolPro

[10:26:58 INF] ·开始推送·Daily任务·
2023-07-18T02:26:58.5108858Z 开始推送到:PushPlus
2023-07-18T02:26:59.1729568Z Response status: OK.
2023-07-18T02:26:59.1730105Z Response content: {"code":200,"msg":"请求成功","data":"e0bcd82a44ab417c941f7afac109cb1b","count":null}.

[10:26:59 INF] 运行环境：Development
[10:26:59 INF] 应用目录：/home/runner/work/BiliBiliToolPro/BiliBiliToolPro/src/Ray.BiliBiliTool.Console/bin/Debug/net6.0/

[10:26:59 INF] 运行结束
