----------- ip 信息 ---------
{
  "ip": "20.171.79.240",
  "city": "Phoenix",
  "region": "Arizona",
  "country": "US",
  "loc": "33.4484,-112.0740",
  "org": "AS8075 Microsoft Corporation",
  "postal": "85001",
  "timezone": "America/Phoenix",
  "readme": "https://ipinfo.io/missingauth"
} ---------- end ------------
  ____               ____    _   _____           _  
 |  _ \ __ _ _   _  | __ ) _| |_|_   _|__   ___ | | 
 | |_) / _` | | | | |  _ \(_) (_) | |/ _ \ / _ \| | 
 |  _ < (_| | |_| | | |_) | | | | | | (_) | (_) | | 
 |_| \_\__,_|\__, | |____/|_|_|_| |_|\___/ \___/|_| 
             |___/                                  

[09:35:03 INF] BiliBiliToolPro 开始运行...

[09:35:03 INF] 【账号个数】3个

[09:35:03 INF] 随机休眠5分钟

[09:40:03 INF] 【目标任务】Daily
[09:40:03 INF] ######### 账号 1 #########

[09:40:03 INF] =====开始 每日任务 =====

[09:40:03 INF] ---开始 Set Cookie ---
[09:40:03 INF] Cookie完整，不需要Set Cookie
[09:40:03 INF] -------------结束-------------

[09:40:03 INF] ---开始 登录 ---
[09:40:09 INF] 【用户名】sunxxxxxgzi
[09:40:09 INF] 【会员类型】月度大会员
[09:40:09 INF] 【会员状态】正常
[09:40:09 INF] 【硬币余额】1139.2
[09:40:09 INF] 【距升级Lv6】预计814天
[09:40:09 INF] 登录成功，经验+5 √
[09:40:09 INF] -----结束-----

[09:40:16 INF] ---开始 观看、分享视频 ---
[09:40:38 INF] 【随机视频】氧燃料电池？拆个气体检测仪看氧传感器是如何工作的
[09:40:52 INF] 视频播放成功，已观看到第10秒，经验+5 √
[09:40:55 INF] 视频分享成功，经验+5 √
[09:40:55 INF] ----------结束----------

[09:40:55 INF] ---开始 投币 ---
[09:40:55 INF] 已配置为跳过投币任务
[09:40:55 INF] -----结束-----

[09:40:55 INF] ---开始 直播签到 ---
[09:41:02 INF] 【签到结果】成功
[09:41:02 INF] 【本次获取】3000点用户经验,2根辣条,再签到4天可以获得666银瓜子
[09:41:02 INF] -------结束-------

[09:41:02 INF] ---开始 漫画签到 ---
[09:41:06 INF] 【签到结果】成功
[09:41:06 INF] -------结束-------

[09:41:06 INF] ---开始 漫画阅读 ---
[09:41:09 INF] 【漫画阅读】成功
[09:41:09 INF] -------结束-------

[09:41:09 INF] ---开始 银瓜子兑换硬币 ---
[09:41:09 INF] 【目标兑换日期】1号
[09:41:09 INF] 【今天】1号
[09:41:12 INF] 【银瓜子余额】 548
[09:41:12 INF] 【硬币余额】 1139
[09:41:12 INF] 【今日剩余兑换次数】 1
[09:41:12 INF] 开始尝试兑换...
[09:41:19 INF] 【兑换结果】失败
[09:41:19 INF] 【原因】银瓜子余额不足
[09:41:19 INF] ----------结束----------

[09:41:19 INF] ---开始 领取大会员福利 ---
[09:41:19 INF] 普通会员和月度大会员每月不赠送B币券，不需要领取权益喽
[09:41:19 INF] ----------结束----------

[09:41:19 INF] ---开始 领取大会员漫画权益 ---
[09:41:22 INF] 【领取结果】成功
[09:41:22 INF] 【获取】0张漫读劵
[09:41:22 INF] ------------结束------------

[09:41:22 INF] ---开始 B币券充电 ---
[09:41:22 INF] 已配置为关闭，跳过
[09:41:22 INF] --------结束--------

[09:41:22 INF] =========结束=========

[09:41:22 INF] ######### 账号 2 #########

[09:41:22 INF] =====开始 每日任务 =====

[09:41:22 INF] ---开始 Set Cookie ---
[09:41:22 INF] Cookie完整，不需要Set Cookie
[09:41:22 INF] -------------结束-------------

[09:41:22 INF] ---开始 登录 ---
[09:41:27 INF] 【用户名】bilixxxxxxxx1879
[09:41:27 INF] 【会员类型】月度大会员
[09:41:27 INF] 【会员状态】无/过期
[09:41:27 INF] 【硬币余额】577
[09:41:27 INF] 【距升级Lv5】预计133天
[09:41:27 INF] 登录成功，经验+5 √
[09:41:27 INF] -----结束-----

[09:41:33 INF] ---开始 观看、分享视频 ---
[09:41:52 INF] 【随机视频】【开箱】2023年了！😅小米智能家居成了吗？
[09:42:06 INF] 视频播放成功，已观看到第6秒，经验+5 √
[09:42:10 INF] 视频分享成功，经验+5 √
[09:42:10 INF] ----------结束----------

[09:42:10 INF] ---开始 投币 ---
[09:42:10 INF] 已配置为跳过投币任务
[09:42:10 INF] -----结束-----

[09:42:10 INF] ---开始 直播签到 ---
[09:42:17 INF] 【签到结果】成功
[09:42:17 INF] 【本次获取】3000点用户经验,2根辣条,再签到4天可以获得666银瓜子
[09:42:17 INF] -------结束-------

[09:42:17 INF] ---开始 漫画签到 ---
[09:42:22 INF] 【签到结果】成功
[09:42:22 INF] -------结束-------

[09:42:22 INF] ---开始 漫画阅读 ---
[09:42:29 INF] 【漫画阅读】成功
[09:42:29 INF] -------结束-------

[09:42:29 INF] ---开始 银瓜子兑换硬币 ---
[09:42:29 INF] 【目标兑换日期】1号
[09:42:29 INF] 【今天】1号
[09:42:33 INF] 【银瓜子余额】 320
[09:42:33 INF] 【硬币余额】 577
[09:42:33 INF] 【今日剩余兑换次数】 1
[09:42:33 INF] 开始尝试兑换...
[09:42:39 INF] 【兑换结果】失败
[09:42:39 INF] 【原因】银瓜子余额不足
[09:42:39 INF] ----------结束----------

[09:42:39 INF] ---开始 领取大会员福利 ---
[09:42:39 INF] 普通会员和月度大会员每月不赠送B币券，不需要领取权益喽
[09:42:39 INF] ----------结束----------

[09:42:39 INF] ---开始 领取大会员漫画权益 ---
[09:42:39 INF] 不是会员，跳过
[09:42:39 INF] ------------结束------------

[09:42:39 INF] ---开始 B币券充电 ---
[09:42:39 INF] 已配置为关闭，跳过
[09:42:39 INF] --------结束--------

[09:42:39 INF] =========结束=========

[09:42:39 INF] ######### 账号 3 #########

[09:42:39 INF] =====开始 每日任务 =====

[09:42:39 INF] ---开始 Set Cookie ---
[09:42:39 INF] Cookie完整，不需要Set Cookie
[09:42:39 INF] -------------结束-------------

[09:42:39 INF] ---开始 登录 ---
[09:42:44 WRN] 登录异常，请检查Cookie是否错误或过期
[09:42:44 ERR] 程序发生异常：登录失败，请检查Cookie
[09:42:44 INF] -----结束-----

[09:42:44 ERR] 程序发生异常：登录失败，请检查Cookie
[09:42:44 INF] =========结束=========

[09:42:44 WRN] 异常：System.Exception: 登录失败，请检查Cookie
   at Ray.BiliBiliTool.Application.DailyTaskAppService.Login() in /home/runner/work/BiliBiliToolPro/BiliBiliToolPro/src/Ray.BiliBiliTool.Application/DailyTaskAppService.cs:line 134
   at Ray.BiliBiliTool.Application.DailyTaskAppService.DoTaskAsync(CancellationToken cancellationToken) in /home/runner/work/BiliBiliToolPro/BiliBiliToolPro/src/Ray.BiliBiliTool.Application/DailyTaskAppService.cs:line 81
   at Ray.BiliBiliTool.Console.BiliBiliToolHostedService.DoTasksAsync(String[] tasks, CancellationToken cancellationToken) in /home/runner/work/BiliBiliToolPro/BiliBiliToolPro/src/Ray.BiliBiliTool.Console/BiliBiliToolHostedService.cs:line 194
   at Ray.BiliBiliTool.Console.BiliBiliToolHostedService.StartAsync(CancellationToken cancellationToken) in /home/runner/work/BiliBiliToolPro/BiliBiliToolPro/src/Ray.BiliBiliTool.Console/BiliBiliToolHostedService.cs:line 76
[09:42:44 INF] 

========================

 v2.0.2 开源 by https://github.com/RayWangQvQ/BiliBiliToolPro

[09:42:44 INF] ·开始推送·Daily任务·
2024-03-01T01:42:44.4097777Z 开始推送到:PushPlus
2024-03-01T01:42:45.1030672Z Response status: OK.
2024-03-01T01:42:45.1030991Z Response content: {"code":200,"msg":"请求成功","data":"63f6051d42bd45ccb9c52b8f345242a3","count":null}.

[09:42:45 INF] 运行环境：Development
[09:42:45 INF] 应用目录：/home/runner/work/BiliBiliToolPro/BiliBiliToolPro/src/Ray.BiliBiliTool.Console/bin/Debug/net6.0/

[09:42:45 INF] 运行结束
  ____               ____    _   _____           _  
 |  _ \ __ _ _   _  | __ ) _| |_|_   _|__   ___ | | 
 | |_) / _` | | | | |  _ \(_) (_) | |/ _ \ / _ \| | 
 |  _ < (_| | |_| | | |_) | | | | | | (_) | (_) | | 
 |_| \_\__,_|\__, | |____/|_|_|_| |_|\___/ \___/|_| 
             |___/                                  

[09:42:47 INF] BiliBiliToolPro 开始运行...

[09:42:47 INF] 【账号个数】3个

[09:42:47 INF] 随机休眠1分钟

[09:43:47 INF] 【目标任务】VipBigPoint
[09:43:47 INF] ######### 账号 1 #########

[09:43:47 INF] =====开始 大会员大积分 =====

[09:43:47 INF] 大会员经验领取任务开始
[09:43:53 INF] 大会员经验未兑换
[09:44:01 INF] 领取成功，经验+10 √
[09:44:01 INF] ---开始 测试Cookie ---
[09:44:05 INF] 【用户名】sunxxxxxgzi
[09:44:05 INF] 【会员类型】月度大会员
[09:44:05 INF] 【会员状态】正常
[09:44:05 INF] 【硬币余额】1139.2
[09:44:05 INF] 【距升级Lv6】预计812天
[09:44:05 INF] -----------结束-----------

[09:44:08 INF] ------当前任务状态------
[09:44:08 INF] 打卡：X
[09:44:08 INF] -福利任务
[09:44:08 INF] ---大会员福利大积分：√
[09:44:08 INF] -体验任务
[09:44:08 INF] ---浏览大会员权益页面：√
[09:44:08 INF] -日常任务
[09:44:08 INF] ---浏览装扮商城主页：X
[09:44:08 INF] ---浏览会员购页面10秒：X
[09:44:08 INF] ---购买指定会员购商品：X
[09:44:08 INF] ---浏览追番频道页10秒：X
[09:44:08 INF] ---观看任意正片内容：X
[09:44:08 INF] ---购买单点付费影片：X
[09:44:08 INF] ---购买指定装扮商品：X
[09:44:08 INF] ------------------------

[09:44:08 INF] ---开始 签到 ---
[09:44:12 ERR] 签到失败，继续其他任务。失败信息:{"Code":6007000,"Message":"抱歉，您的账号存在风险，暂时无法参与本任务哦~","Data":null}

[09:44:12 INF] -----结束-----

[09:44:12 INF] ---开始 福利任务 ---
[09:44:12 ERR] 福利任务失败，继续其他任务。失败信息:Object reference not set to an instance of an object.

[09:44:12 INF] -------结束-------

[09:44:12 INF] ---开始 体验任务 ---
[09:44:12 ERR] 体验任务失败，继续其他任务。失败信息:Object reference not set to an instance of an object.

[09:44:12 INF] -------结束-------

[09:44:12 INF] ---开始 浏览追番频道页10秒 ---
[09:44:12 ERR] 浏览追番频道页10秒失败，继续其他任务。失败信息:Object reference not set to an instance of an object.

[09:44:12 INF] -------------结束-------------

[09:44:12 INF] ---开始 浏览会员购页面10秒 ---
[09:44:12 INF] 待实现...
[09:44:12 INF] -------------结束-------------

[09:44:12 INF] ---开始 观看任意正片内容 ---
[09:44:12 ERR] 观看任意正片内容失败，继续其他任务。失败信息:Object reference not set to an instance of an object.

[09:44:12 INF] -----------结束-----------

[09:44:12 INF] ---开始 购买单点付费影片（仅领取） ---
[09:44:12 ERR] 购买单点付费影片（仅领取）失败，继续其他任务。失败信息:Object reference not set to an instance of an object.

[09:44:12 INF] ----------------结束----------------

[09:44:12 INF] ---开始 购买指定会员购商品（仅领取） ---
[09:44:12 ERR] 购买指定会员购商品（仅领取）失败，继续其他任务。失败信息:Object reference not set to an instance of an object.

[09:44:12 INF] -----------------结束-----------------

[09:44:12 ERR] 程序发生异常：Object reference not set to an instance of an object.
[09:44:12 INF] ===========结束===========

[09:44:12 WRN] 异常：System.NullReferenceException: Object reference not set to an instance of an object.
   at Ray.BiliBiliTool.Application.VipBigPointAppService.DoTaskAsync(CancellationToken cancellationToken) in /home/runner/work/BiliBiliToolPro/BiliBiliToolPro/src/Ray.BiliBiliTool.Application/VipBigPointAppService.cs:line 141
   at Ray.BiliBiliTool.Console.BiliBiliToolHostedService.DoTasksAsync(String[] tasks, CancellationToken cancellationToken) in /home/runner/work/BiliBiliToolPro/BiliBiliToolPro/src/Ray.BiliBiliTool.Console/BiliBiliToolHostedService.cs:line 194
   at Ray.BiliBiliTool.Console.BiliBiliToolHostedService.StartAsync(CancellationToken cancellationToken) in /home/runner/work/BiliBiliToolPro/BiliBiliToolPro/src/Ray.BiliBiliTool.Console/BiliBiliToolHostedService.cs:line 76
[09:44:12 INF] ######### 账号 2 #########

[09:44:12 INF] =====开始 大会员大积分 =====

[09:44:12 INF] 大会员经验领取任务开始
[09:44:15 INF] 大会员经验未兑换
[09:44:18 INF] 领取成功，经验+10 √
[09:44:18 INF] ---开始 测试Cookie ---
[09:44:23 INF] 【用户名】bilixxxxxxxx1879
[09:44:23 INF] 【会员类型】月度大会员
[09:44:23 INF] 【会员状态】无/过期
[09:44:23 INF] 【硬币余额】577
[09:44:23 INF] 【距升级Lv5】预计131天
[09:44:23 INF] -----------结束-----------

[09:44:23 INF] 当前不是大会员或已过期，跳过任务
[09:44:23 INF] ===========结束===========

[09:44:23 INF] ######### 账号 3 #########

[09:44:23 INF] =====开始 大会员大积分 =====

[09:44:23 INF] 大会员经验领取任务开始
[09:44:29 INF] ---开始 测试Cookie ---
[09:44:32 WRN] 登录异常，请检查Cookie是否错误或过期
[09:44:32 ERR] 程序发生异常：登录失败，请检查Cookie
[09:44:32 INF] -----------结束-----------

[09:44:32 ERR] 程序发生异常：登录失败，请检查Cookie
[09:44:32 INF] ===========结束===========

[09:44:32 WRN] 异常：System.Exception: 登录失败，请检查Cookie
   at Ray.BiliBiliTool.Application.VipBigPointAppService.GetUserInfo() in /home/runner/work/BiliBiliToolPro/BiliBiliToolPro/src/Ray.BiliBiliTool.Application/VipBigPointAppService.cs:line 150
   at Ray.BiliBiliTool.Application.VipBigPointAppService.DoTaskAsync(CancellationToken cancellationToken) in /home/runner/work/BiliBiliToolPro/BiliBiliToolPro/src/Ray.BiliBiliTool.Application/VipBigPointAppService.cs:line 98
   at Ray.BiliBiliTool.Console.BiliBiliToolHostedService.DoTasksAsync(String[] tasks, CancellationToken cancellationToken) in /home/runner/work/BiliBiliToolPro/BiliBiliToolPro/src/Ray.BiliBiliTool.Console/BiliBiliToolHostedService.cs:line 194
   at Ray.BiliBiliTool.Console.BiliBiliToolHostedService.StartAsync(CancellationToken cancellationToken) in /home/runner/work/BiliBiliToolPro/BiliBiliToolPro/src/Ray.BiliBiliTool.Console/BiliBiliToolHostedService.cs:line 76
[09:44:32 INF] 

========================

 v2.0.2 开源 by https://github.com/RayWangQvQ/BiliBiliToolPro

[09:44:32 INF] ·开始推送·VipBigPoint任务·
2024-03-01T01:44:32.7718433Z 开始推送到:PushPlus
2024-03-01T01:44:33.1839508Z Response status: OK.
2024-03-01T01:44:33.1839915Z Response content: {"code":200,"msg":"请求成功","data":"02bde02c096e46b585d4b5e0fe88b738","count":null}.

[09:44:33 INF] 运行环境：Development
[09:44:33 INF] 应用目录：/home/runner/work/BiliBiliToolPro/BiliBiliToolPro/src/Ray.BiliBiliTool.Console/bin/Debug/net6.0/

[09:44:33 INF] 运行结束
