----------- ip 信息 ---------
{
  "ip": "13.66.79.15",
  "city": "San Antonio",
  "region": "Texas",
  "country": "US",
  "loc": "29.4241,-98.4936",
  "org": "AS8075 Microsoft Corporation",
  "postal": "78205",
  "timezone": "America/Chicago",
  "readme": "https://ipinfo.io/missingauth"
} ---------- end ------------
  ____               ____    _   _____           _  
 |  _ \ __ _ _   _  | __ ) _| |_|_   _|__   ___ | | 
 | |_) / _` | | | | |  _ \(_) (_) | |/ _ \ / _ \| | 
 |  _ < (_| | |_| | | |_) | | | | | | (_) | (_) | | 
 |_| \_\__,_|\__, | |____/|_|_|_| |_|\___/ \___/|_| 
             |___/                                  

[09:19:11 INF] BiliBiliToolPro 开始运行...

[09:19:11 INF] 【账号个数】3个

[09:19:11 INF] 随机休眠2分钟

[09:21:11 INF] 【目标任务】Daily
[09:21:11 INF] ######### 账号 1 #########

[09:21:12 INF] =====开始 每日任务 =====

[09:21:12 INF] ---开始 Set Cookie ---
[09:21:12 INF] Cookie完整，不需要Set Cookie
[09:21:12 INF] -------------结束-------------

[09:21:12 INF] ---开始 登录 ---
[09:21:19 INF] 【用户名】sunxxxxxgzi
[09:21:19 INF] 【会员类型】月度大会员
[09:21:19 INF] 【会员状态】无/过期
[09:21:19 INF] 【硬币余额】511.2
[09:21:19 INF] 【距升级Lv6】251天（如每日做满65点经验）
[09:21:19 INF] 登录成功，经验+5 √
[09:21:19 INF] -----结束-----

[09:21:24 INF] ---开始 观看、分享视频 ---
[09:21:44 INF] 【随机视频】【起床战争】4v4v4v4（X）1v15（√）
[09:21:53 INF] 视频播放成功，已观看到第10秒，经验+5 √
[09:21:59 INF] 视频分享成功，经验+5 √
[09:21:59 INF] ----------结束----------

[09:21:59 INF] ---开始 投币 ---
[09:21:59 INF] 已配置为跳过投币任务
[09:21:59 INF] -----结束-----

[09:21:59 INF] ---开始 直播签到 ---
[09:22:05 INF] 【签到结果】成功
[09:22:05 INF] 【本次获取】3000点用户经验,2根辣条,再签到4天可以获得50根辣条
[09:22:05 INF] -------结束-------

[09:22:05 INF] ---开始 漫画签到 ---
[09:22:11 INF] 【签到结果】成功
[09:22:11 INF] -------结束-------

[09:22:11 INF] ---开始 漫画阅读 ---
[09:22:16 INF] 【漫画阅读】成功, 阅读漫画为：堀与宫村
[09:22:16 INF] -------结束-------

[09:22:16 INF] ---开始 银瓜子兑换硬币 ---
[09:22:16 INF] 【目标兑换日期】16号
[09:22:16 INF] 【今天】16号
[09:22:24 INF] 【银瓜子余额】 52
[09:22:24 INF] 【硬币余额】 511
[09:22:24 INF] 【今日剩余兑换次数】 1
[09:22:24 INF] 开始尝试兑换...
[09:22:31 INF] 【兑换结果】失败
[09:22:31 INF] 【原因】银瓜子余额不足
[09:22:31 INF] ----------结束----------

[09:22:31 INF] ---开始 领取大会员福利 ---
[09:22:31 INF] 普通会员和月度大会员每月不赠送B币券，不需要领取权益喽
[09:22:31 INF] ----------结束----------

[09:22:31 INF] ---开始 领取大会员漫画权益 ---
[09:22:31 INF] 不是会员，跳过
[09:22:31 INF] ------------结束------------

[09:22:31 INF] ---开始 B币券充电 ---
[09:22:31 INF] 不是年度大会员，跳过
[09:22:31 INF] --------结束--------

[09:22:31 INF] =========结束=========

[09:22:31 INF] ######### 账号 2 #########

[09:22:31 INF] =====开始 每日任务 =====

[09:22:31 INF] ---开始 Set Cookie ---
[09:22:31 INF] Cookie完整，不需要Set Cookie
[09:22:31 INF] -------------结束-------------

[09:22:31 INF] ---开始 登录 ---
[09:22:36 INF] 【用户名】bilixxxxxxxx1879
[09:22:36 INF] 【会员类型】月度大会员
[09:22:36 INF] 【会员状态】无/过期
[09:22:36 INF] 【硬币余额】386
[09:22:36 INF] 【距升级Lv5】79天（如每日做满65点经验）
[09:22:36 INF] 登录成功，经验+5 √
[09:22:36 INF] -----结束-----

[09:22:43 INF] ---开始 观看、分享视频 ---
[09:23:06 INF] 【随机视频】记录人格分裂症患者Bawliet人格分裂瞬间 太可怕辣
[09:23:19 INF] 视频播放成功，已观看到第1秒，经验+5 √
[09:23:22 INF] 视频分享成功，经验+5 √
[09:23:22 INF] ----------结束----------

[09:23:22 INF] ---开始 投币 ---
[09:23:22 INF] 已配置为跳过投币任务
[09:23:22 INF] -----结束-----

[09:23:22 INF] ---开始 直播签到 ---
[09:23:29 INF] 【签到结果】成功
[09:23:29 INF] 【本次获取】3000点用户经验,2根辣条,再签到4天可以获得50根辣条
[09:23:29 INF] -------结束-------

[09:23:29 INF] ---开始 漫画签到 ---
[09:23:32 INF] 【签到结果】成功
[09:23:32 INF] -------结束-------

[09:23:32 INF] ---开始 漫画阅读 ---
[09:23:38 INF] 【漫画阅读】成功, 阅读漫画为：堀与宫村
[09:23:38 INF] -------结束-------

[09:23:38 INF] ---开始 银瓜子兑换硬币 ---
[09:23:38 INF] 【目标兑换日期】16号
[09:23:38 INF] 【今天】16号
[09:23:46 INF] 【银瓜子余额】 524
[09:23:46 INF] 【硬币余额】 386
[09:23:46 INF] 【今日剩余兑换次数】 1
[09:23:46 INF] 开始尝试兑换...
[09:23:50 INF] 【兑换结果】失败
[09:23:50 INF] 【原因】银瓜子余额不足
[09:23:50 INF] ----------结束----------

[09:23:50 INF] ---开始 领取大会员福利 ---
[09:23:50 INF] 普通会员和月度大会员每月不赠送B币券，不需要领取权益喽
[09:23:50 INF] ----------结束----------

[09:23:50 INF] ---开始 领取大会员漫画权益 ---
[09:23:50 INF] 不是会员，跳过
[09:23:50 INF] ------------结束------------

[09:23:50 INF] ---开始 B币券充电 ---
[09:23:50 INF] 不是年度大会员，跳过
[09:23:50 INF] --------结束--------

[09:23:50 INF] =========结束=========

[09:23:50 INF] ######### 账号 3 #########

[09:23:50 INF] =====开始 每日任务 =====

[09:23:50 INF] ---开始 Set Cookie ---
[09:23:50 INF] Cookie完整，不需要Set Cookie
[09:23:50 INF] -------------结束-------------

[09:23:50 INF] ---开始 登录 ---
[09:23:57 INF] 【用户名】晴xxng
[09:23:57 INF] 【会员类型】无
[09:23:57 INF] 【会员状态】无/过期
[09:23:57 INF] 【硬币余额】201
[09:23:57 INF] 【距升级Lv4】16天（如每日做满65点经验）
[09:23:57 INF] 登录成功，经验+5 √
[09:23:57 INF] -----结束-----

[09:24:00 INF] ---开始 观看、分享视频 ---
[09:24:18 INF] 【随机视频】馬尔克陌枫锐评粉丝ID
[09:24:27 INF] 视频播放成功，已观看到第8秒，经验+5 √
[09:24:32 INF] 视频分享成功，经验+5 √
[09:24:32 INF] ----------结束----------

[09:24:32 INF] ---开始 投币 ---
[09:24:32 INF] 已配置为跳过投币任务
[09:24:32 INF] -----结束-----

[09:24:32 INF] ---开始 直播签到 ---
[09:24:35 INF] 【签到结果】成功
[09:24:35 INF] 【本次获取】3000点用户经验,2根辣条,再签到4天可以获得50根辣条
[09:24:35 INF] -------结束-------

[09:24:35 INF] ---开始 漫画签到 ---
[09:24:41 INF] 【签到结果】成功
[09:24:41 INF] -------结束-------

[09:24:41 INF] ---开始 漫画阅读 ---
[09:24:45 INF] 【漫画阅读】成功, 阅读漫画为：堀与宫村
[09:24:45 INF] -------结束-------

[09:24:45 INF] ---开始 银瓜子兑换硬币 ---
[09:24:45 INF] 【目标兑换日期】16号
[09:24:45 INF] 【今天】16号
[09:24:52 INF] 【银瓜子余额】 462
[09:24:52 INF] 【硬币余额】 201
[09:24:52 INF] 【今日剩余兑换次数】 1
[09:24:52 INF] 开始尝试兑换...
[09:24:59 INF] 【兑换结果】失败
[09:24:59 INF] 【原因】银瓜子余额不足
[09:24:59 INF] ----------结束----------

[09:24:59 INF] ---开始 领取大会员福利 ---
[09:24:59 INF] 普通会员和月度大会员每月不赠送B币券，不需要领取权益喽
[09:24:59 INF] ----------结束----------

[09:24:59 INF] ---开始 领取大会员漫画权益 ---
[09:24:59 INF] 不是会员，跳过
[09:24:59 INF] ------------结束------------

[09:24:59 INF] ---开始 B币券充电 ---
[09:24:59 INF] 不是年度大会员，跳过
[09:24:59 INF] --------结束--------

[09:24:59 INF] =========结束=========

[09:24:59 INF] 

========================

 v2.0.1 开源 by https://github.com/RayWangQvQ/BiliBiliToolPro

[09:24:59 INF] ·开始推送·Daily任务·
2023-08-16T01:24:59.4542503Z 开始推送到:PushPlus
2023-08-16T01:25:00.1640055Z Response status: OK.
2023-08-16T01:25:00.1641051Z Response content: {"code":200,"msg":"请求成功","data":"a9a441e682344e8da6feab7e2e9b947f","count":null}.

[09:25:00 INF] 运行环境：Development
[09:25:00 INF] 应用目录：/home/runner/work/BiliBiliToolPro/BiliBiliToolPro/src/Ray.BiliBiliTool.Console/bin/Debug/net6.0/

[09:25:00 INF] 运行结束
