----------- ip 信息 ---------
{
  "ip": "20.171.70.74",
  "city": "Phoenix",
  "region": "Arizona",
  "country": "US",
  "loc": "33.4484,-112.0740",
  "org": "AS8075 Microsoft Corporation",
  "postal": "85001",
  "timezone": "America/Phoenix",
  "readme": "https://ipinfo.io/missingauth"
} ---------- end ------------
  ____               ____    _   _____           _  
 |  _ \ __ _ _   _  | __ ) _| |_|_   _|__   ___ | | 
 | |_) / _` | | | | |  _ \(_) (_) | |/ _ \ / _ \| | 
 |  _ < (_| | |_| | | |_) | | | | | | (_) | (_) | | 
 |_| \_\__,_|\__, | |____/|_|_|_| |_|\___/ \___/|_| 
             |___/                                  

[09:22:21 INF] BiliBiliToolPro 开始运行...

[09:22:21 INF] 【账号个数】3个

[09:22:21 INF] 随机休眠1分钟

[09:23:21 INF] 【目标任务】Daily
[09:23:21 INF] ######### 账号 1 #########

[09:23:21 INF] =====开始 每日任务 =====

[09:23:21 INF] ---开始 Set Cookie ---
[09:23:21 INF] Cookie完整，不需要Set Cookie
[09:23:21 INF] -------------结束-------------

[09:23:21 INF] ---开始 登录 ---
[09:23:27 INF] 【用户名】sunxxxxxgzi
[09:23:27 INF] 【会员类型】月度大会员
[09:23:27 INF] 【会员状态】无/过期
[09:23:27 INF] 【硬币余额】608.2
[09:23:27 INF] 【距升级Lv6】233天（如每日做满65点经验）
[09:23:27 INF] 登录成功，经验+5 √
[09:23:27 INF] -----结束-----

[09:23:32 INF] ---开始 观看、分享视频 ---
[09:23:56 INF] 【随机视频】这玩游戏一定要和平
[09:24:07 INF] 视频播放成功，已观看到第5秒，经验+5 √
[09:24:11 INF] 视频分享成功，经验+5 √
[09:24:11 INF] ----------结束----------

[09:24:11 INF] ---开始 投币 ---
[09:24:11 INF] 已配置为跳过投币任务
[09:24:11 INF] -----结束-----

[09:24:11 INF] ---开始 直播签到 ---
[09:24:18 INF] 【签到结果】成功
[09:24:18 INF] 【本次获取】3000点用户经验,2根辣条,再签到2天可以获得50根辣条
[09:24:18 INF] -------结束-------

[09:24:18 INF] ---开始 漫画签到 ---
[09:24:24 INF] 【签到结果】成功
[09:24:24 INF] -------结束-------

[09:24:24 INF] ---开始 漫画阅读 ---
[09:24:32 INF] 【漫画阅读】成功, 阅读漫画为：堀与宫村
[09:24:32 INF] -------结束-------

[09:24:32 INF] ---开始 银瓜子兑换硬币 ---
[09:24:32 INF] 【目标兑换日期】19号
[09:24:32 INF] 【今天】19号
[09:24:35 INF] 【银瓜子余额】 684
[09:24:35 INF] 【硬币余额】 608
[09:24:35 INF] 【今日剩余兑换次数】 1
[09:24:35 INF] 开始尝试兑换...
[09:24:40 INF] 【兑换结果】失败
[09:24:40 INF] 【原因】银瓜子余额不足
[09:24:40 INF] ----------结束----------

[09:24:40 INF] ---开始 领取大会员福利 ---
[09:24:40 INF] 普通会员和月度大会员每月不赠送B币券，不需要领取权益喽
[09:24:40 INF] ----------结束----------

[09:24:40 INF] ---开始 领取大会员漫画权益 ---
[09:24:40 INF] 不是会员，跳过
[09:24:40 INF] ------------结束------------

[09:24:40 INF] ---开始 B币券充电 ---
[09:24:40 INF] 不是年度大会员，跳过
[09:24:40 INF] --------结束--------

[09:24:40 INF] =========结束=========

[09:24:40 INF] ######### 账号 2 #########

[09:24:40 INF] =====开始 每日任务 =====

[09:24:40 INF] ---开始 Set Cookie ---
[09:24:40 INF] Cookie完整，不需要Set Cookie
[09:24:40 INF] -------------结束-------------

[09:24:40 INF] ---开始 登录 ---
[09:24:46 INF] 【用户名】bilixxxxxxxx1879
[09:24:46 INF] 【会员类型】月度大会员
[09:24:46 INF] 【会员状态】无/过期
[09:24:46 INF] 【硬币余额】448
[09:24:46 INF] 【距升级Lv5】65天（如每日做满65点经验）
[09:24:46 INF] 登录成功，经验+5 √
[09:24:46 INF] -----结束-----

[09:24:53 INF] ---开始 观看、分享视频 ---
[09:25:10 INF] 【随机视频】拆解沃尔沃汽车电子防眩目后视镜，没想到里边竟然是丰田的线路板
[09:25:19 INF] 视频播放成功，已观看到第8秒，经验+5 √
[09:25:27 INF] 视频分享成功，经验+5 √
[09:25:27 INF] ----------结束----------

[09:25:27 INF] ---开始 投币 ---
[09:25:27 INF] 已配置为跳过投币任务
[09:25:27 INF] -----结束-----

[09:25:27 INF] ---开始 直播签到 ---
[09:25:33 INF] 【签到结果】成功
[09:25:33 INF] 【本次获取】3000点用户经验,2根辣条,再签到2天可以获得50根辣条
[09:25:33 INF] -------结束-------

[09:25:33 INF] ---开始 漫画签到 ---
[09:25:40 INF] 【签到结果】成功
[09:25:40 INF] -------结束-------

[09:25:40 INF] ---开始 漫画阅读 ---
[09:25:46 INF] 【漫画阅读】成功, 阅读漫画为：堀与宫村
[09:25:46 INF] -------结束-------

[09:25:46 INF] ---开始 银瓜子兑换硬币 ---
[09:25:46 INF] 【目标兑换日期】19号
[09:25:46 INF] 【今天】19号
[09:25:54 INF] 【银瓜子余额】 456
[09:25:54 INF] 【硬币余额】 448
[09:25:54 INF] 【今日剩余兑换次数】 1
[09:25:54 INF] 开始尝试兑换...
[09:25:57 INF] 【兑换结果】失败
[09:25:57 INF] 【原因】银瓜子余额不足
[09:25:57 INF] ----------结束----------

[09:25:57 INF] ---开始 领取大会员福利 ---
[09:25:57 INF] 普通会员和月度大会员每月不赠送B币券，不需要领取权益喽
[09:25:57 INF] ----------结束----------

[09:25:57 INF] ---开始 领取大会员漫画权益 ---
[09:25:57 INF] 不是会员，跳过
[09:25:57 INF] ------------结束------------

[09:25:57 INF] ---开始 B币券充电 ---
[09:25:57 INF] 不是年度大会员，跳过
[09:25:57 INF] --------结束--------

[09:25:57 INF] =========结束=========

[09:25:57 INF] ######### 账号 3 #########

[09:25:57 INF] =====开始 每日任务 =====

[09:25:57 INF] ---开始 Set Cookie ---
[09:25:57 INF] Cookie完整，不需要Set Cookie
[09:25:57 INF] -------------结束-------------

[09:25:57 INF] ---开始 登录 ---
[09:26:04 WRN] 登录异常，请检查Cookie是否错误或过期
[09:26:04 ERR] 程序发生异常：登录失败，请检查Cookie
[09:26:04 INF] -----结束-----

[09:26:04 ERR] 程序发生异常：登录失败，请检查Cookie
[09:26:04 INF] =========结束=========

[09:26:04 WRN] 异常：System.Exception: 登录失败，请检查Cookie
   at Ray.BiliBiliTool.Application.DailyTaskAppService.Login() in /home/runner/work/BiliBiliToolPro/BiliBiliToolPro/src/Ray.BiliBiliTool.Application/DailyTaskAppService.cs:line 127
   at Ray.BiliBiliTool.Application.DailyTaskAppService.DoTaskAsync(CancellationToken cancellationToken) in /home/runner/work/BiliBiliToolPro/BiliBiliToolPro/src/Ray.BiliBiliTool.Application/DailyTaskAppService.cs:line 78
   at Ray.BiliBiliTool.Console.BiliBiliToolHostedService.DoTasksAsync(String[] tasks, CancellationToken cancellationToken) in /home/runner/work/BiliBiliToolPro/BiliBiliToolPro/src/Ray.BiliBiliTool.Console/BiliBiliToolHostedService.cs:line 188
   at Ray.BiliBiliTool.Console.BiliBiliToolHostedService.StartAsync(CancellationToken cancellationToken) in /home/runner/work/BiliBiliToolPro/BiliBiliToolPro/src/Ray.BiliBiliTool.Console/BiliBiliToolHostedService.cs:line 76
[09:26:04 INF] 

========================

 v2.0.1 开源 by https://github.com/RayWangQvQ/BiliBiliToolPro

[09:26:04 INF] ·开始推送·Daily任务·
2023-10-19T01:26:04.6532550Z 开始推送到:PushPlus
2023-10-19T01:26:05.6209890Z Response status: OK.
2023-10-19T01:26:05.6210304Z Response content: {"code":200,"msg":"请求成功","data":"d480f17641634280b3cc72512fbbd27d","count":null}.

[09:26:05 INF] 运行环境：Development
[09:26:05 INF] 应用目录：/home/runner/work/BiliBiliToolPro/BiliBiliToolPro/src/Ray.BiliBiliTool.Console/bin/Debug/net6.0/

[09:26:05 INF] 运行结束
