----------- ip 信息 ---------
{
  "ip": "104.28.210.136",
  "city": "Durham",
  "region": "North Carolina",
  "country": "US",
  "loc": "35.9940,-78.8986",
  "org": "AS13335 Cloudflare, Inc.",
  "postal": "27701",
  "timezone": "America/New_York",
  "readme": "https://ipinfo.io/missingauth"
} ---------- end ------------
  ____               ____    _   _____           _  
 |  _ \ __ _ _   _  | __ ) _| |_|_   _|__   ___ | | 
 | |_) / _` | | | | |  _ \(_) (_) | |/ _ \ / _ \| | 
 |  _ < (_| | |_| | | |_) | | | | | | (_) | (_) | | 
 |_| \_\__,_|\__, | |____/|_|_|_| |_|\___/ \___/|_| 
             |___/                                  

[19:15:19 INF] BiliBiliToolPro 开始运行...

[19:15:19 INF] 【账号个数】3个

[19:15:19 INF] 随机休眠5分钟

[19:20:19 INF] 【目标任务】Daily
[19:20:19 INF] ######### 账号 1 #########

[19:20:19 INF] =====开始 每日任务 =====

[19:20:19 INF] ---开始 Set Cookie ---
[19:20:19 INF] Cookie完整，不需要Set Cookie
[19:20:19 INF] -------------结束-------------

[19:20:19 INF] ---开始 登录 ---
[19:20:26 INF] 【用户名】waxxxx12
[19:20:26 INF] 【会员类型】月度大会员
[19:20:26 INF] 【会员状态】无/过期
[19:20:26 INF] 【硬币余额】441.2
[19:20:26 INF] 【距升级Lv5】10天（如每日做满65点经验）
[19:20:26 INF] 登录成功，经验+5 √
[19:20:26 INF] -----结束-----

[19:20:29 INF] ---开始 观看、分享视频 ---
[19:20:29 INF] 今天已经观看过了，不需要再看啦
[19:20:29 INF] 今天已经分享过了，不用再分享啦
[19:20:29 INF] ----------结束----------

[19:20:29 INF] ---开始 投币 ---
[19:20:29 INF] 已配置为跳过投币任务
[19:20:29 INF] -----结束-----

[19:20:29 INF] ---开始 直播签到 ---
[19:20:37 INF] 【签到结果】失败
[19:20:37 INF] 【原因】今日已签到过,无法重复签到
[19:20:37 INF] -------结束-------

[19:20:37 INF] ---开始 漫画签到 ---
[19:20:43 INF] 【签到结果】失败
[19:20:43 INF] 【原因】今日已签到过，无法重复签到
[19:20:43 INF] -------结束-------

[19:20:43 INF] ---开始 漫画阅读 ---
[19:20:48 INF] 【漫画阅读】成功, 阅读漫画为：堀与宫村
[19:20:48 INF] -------结束-------

[19:20:48 INF] ---开始 银瓜子兑换硬币 ---
[19:20:48 INF] 【目标兑换日期】10号
[19:20:48 INF] 【今天】10号
[19:20:53 INF] 【银瓜子余额】 54
[19:20:53 INF] 【硬币余额】 441
[19:20:53 INF] 【今日剩余兑换次数】 1
[19:20:53 INF] 开始尝试兑换...
[19:20:59 INF] 【兑换结果】失败
[19:20:59 INF] 【原因】银瓜子余额不足
[19:20:59 INF] ----------结束----------

[19:20:59 INF] ---开始 领取大会员福利 ---
[19:20:59 INF] 普通会员和月度大会员每月不赠送B币券，不需要领取权益喽
[19:20:59 INF] ----------结束----------

[19:20:59 INF] ---开始 领取大会员漫画权益 ---
[19:20:59 INF] 不是会员，跳过
[19:20:59 INF] ------------结束------------

[19:20:59 INF] ---开始 B币券充电 ---
[19:20:59 INF] 不是年度大会员，跳过
[19:20:59 INF] --------结束--------

[19:20:59 INF] =========结束=========

[19:20:59 INF] ######### 账号 2 #########

[19:20:59 INF] =====开始 每日任务 =====

[19:20:59 INF] ---开始 Set Cookie ---
[19:20:59 INF] Cookie完整，不需要Set Cookie
[19:20:59 INF] -------------结束-------------

[19:20:59 INF] ---开始 登录 ---
[19:21:07 INF] 【用户名】bilixxxxxxxx1879
[19:21:07 INF] 【会员类型】月度大会员
[19:21:07 INF] 【会员状态】无/过期
[19:21:07 INF] 【硬币余额】284
[19:21:07 INF] 【距升级Lv4】3天（如每日做满65点经验）
[19:21:07 INF] 登录成功，经验+5 √
[19:21:07 INF] -----结束-----

[19:21:10 INF] ---开始 观看、分享视频 ---
[19:21:10 INF] 今天已经观看过了，不需要再看啦
[19:21:10 INF] 今天已经分享过了，不用再分享啦
[19:21:10 INF] ----------结束----------

[19:21:10 INF] ---开始 投币 ---
[19:21:10 INF] 已配置为跳过投币任务
[19:21:10 INF] -----结束-----

[19:21:10 INF] ---开始 直播签到 ---
[19:21:15 INF] 【签到结果】失败
[19:21:15 INF] 【原因】今日已签到过,无法重复签到
[19:21:15 INF] -------结束-------

[19:21:15 INF] ---开始 漫画签到 ---
[19:21:21 INF] 【签到结果】失败
[19:21:21 INF] 【原因】今日已签到过，无法重复签到
[19:21:21 INF] -------结束-------

[19:21:21 INF] ---开始 漫画阅读 ---
[19:21:27 INF] 【漫画阅读】成功, 阅读漫画为：堀与宫村
[19:21:27 INF] -------结束-------

[19:21:27 INF] ---开始 银瓜子兑换硬币 ---
[19:21:27 INF] 【目标兑换日期】10号
[19:21:27 INF] 【今天】10号
[19:21:31 INF] 【银瓜子余额】 326
[19:21:31 INF] 【硬币余额】 284
[19:21:31 INF] 【今日剩余兑换次数】 1
[19:21:31 INF] 开始尝试兑换...
[19:21:36 INF] 【兑换结果】失败
[19:21:36 INF] 【原因】银瓜子余额不足
[19:21:36 INF] ----------结束----------

[19:21:36 INF] ---开始 领取大会员福利 ---
[19:21:36 INF] 普通会员和月度大会员每月不赠送B币券，不需要领取权益喽
[19:21:36 INF] ----------结束----------

[19:21:36 INF] ---开始 领取大会员漫画权益 ---
[19:21:36 INF] 不是会员，跳过
[19:21:36 INF] ------------结束------------

[19:21:36 INF] ---开始 B币券充电 ---
[19:21:36 INF] 不是年度大会员，跳过
[19:21:36 INF] --------结束--------

[19:21:36 INF] =========结束=========

[19:21:36 INF] ######### 账号 3 #########

[19:21:36 INF] =====开始 每日任务 =====

[19:21:36 INF] ---开始 Set Cookie ---
[19:21:36 INF] Cookie完整，不需要Set Cookie
[19:21:36 INF] -------------结束-------------

[19:21:36 INF] ---开始 登录 ---
[19:21:40 INF] 【用户名】晴xxng
[19:21:40 INF] 【会员类型】无
[19:21:40 INF] 【会员状态】无/过期
[19:21:40 INF] 【硬币余额】110
[19:21:40 INF] 【距升级Lv4】40天（如每日做满65点经验）
[19:21:40 INF] 登录成功，经验+5 √
[19:21:40 INF] -----结束-----

[19:21:48 INF] ---开始 观看、分享视频 ---
[19:21:48 INF] 今天已经观看过了，不需要再看啦
[19:21:48 INF] 今天已经分享过了，不用再分享啦
[19:21:48 INF] ----------结束----------

[19:21:48 INF] ---开始 投币 ---
[19:21:48 INF] 已配置为跳过投币任务
[19:21:48 INF] -----结束-----

[19:21:48 INF] ---开始 直播签到 ---
[19:21:52 INF] 【签到结果】失败
[19:21:52 INF] 【原因】今日已签到过,无法重复签到
[19:21:52 INF] -------结束-------

[19:21:52 INF] ---开始 漫画签到 ---
[19:21:59 INF] 【签到结果】失败
[19:21:59 INF] 【原因】今日已签到过，无法重复签到
[19:21:59 INF] -------结束-------

[19:21:59 INF] ---开始 漫画阅读 ---
[19:22:03 INF] 【漫画阅读】成功, 阅读漫画为：堀与宫村
[19:22:03 INF] -------结束-------

[19:22:03 INF] ---开始 银瓜子兑换硬币 ---
[19:22:03 INF] 【目标兑换日期】10号
[19:22:03 INF] 【今天】10号
[19:22:11 INF] 【银瓜子余额】 564
[19:22:11 INF] 【硬币余额】 110
[19:22:11 INF] 【今日剩余兑换次数】 1
[19:22:11 INF] 开始尝试兑换...
[19:22:18 INF] 【兑换结果】失败
[19:22:18 INF] 【原因】银瓜子余额不足
[19:22:18 INF] ----------结束----------

[19:22:18 INF] ---开始 领取大会员福利 ---
[19:22:18 INF] 普通会员和月度大会员每月不赠送B币券，不需要领取权益喽
[19:22:18 INF] ----------结束----------

[19:22:18 INF] ---开始 领取大会员漫画权益 ---
[19:22:18 INF] 不是会员，跳过
[19:22:18 INF] ------------结束------------

[19:22:18 INF] ---开始 B币券充电 ---
[19:22:18 INF] 不是年度大会员，跳过
[19:22:18 INF] --------结束--------

[19:22:18 INF] =========结束=========

[19:22:18 INF] 

========================

 v1.0.3 开源 by https://github.com/RayWangQvQ/BiliBiliToolPro

[19:22:18 INF] ·开始推送·Daily任务·
2023-05-10T11:22:18.6212706Z 开始推送到:自定义
2023-05-10T11:22:21.8843760Z Response status: OK.
2023-05-10T11:22:21.8844353Z Response content: {"message":"","success":true,"uuid":"433fc96ca11749d19a84e4b1cff98f17"}.

[19:22:21 INF] 运行环境：Development
[19:22:21 INF] 应用目录：/home/runner/work/BiliBiliToolPro/BiliBiliToolPro/src/Ray.BiliBiliTool.Console/bin/Debug/net6.0/

[19:22:21 INF] 运行结束
