----------- ip 信息 ---------
{
  "ip": "20.172.5.32",
  "city": "Phoenix",
  "region": "Arizona",
  "country": "US",
  "loc": "33.4484,-112.0740",
  "org": "AS8075 Microsoft Corporation",
  "postal": "85001",
  "timezone": "America/Phoenix",
  "readme": "https://ipinfo.io/missingauth"
} ---------- end ------------
  ____               ____    _   _____           _  
 |  _ \ __ _ _   _  | __ ) _| |_|_   _|__   ___ | | 
 | |_) / _` | | | | |  _ \(_) (_) | |/ _ \ / _ \| | 
 |  _ < (_| | |_| | | |_) | | | | | | (_) | (_) | | 
 |_| \_\__,_|\__, | |____/|_|_|_| |_|\___/ \___/|_| 
             |___/                                  

[09:32:24 INF] BiliBiliToolPro 开始运行...

[09:32:24 INF] 【账号个数】3个

[09:32:24 INF] 随机休眠3分钟

[09:35:24 INF] 【目标任务】Daily
[09:35:24 INF] ######### 账号 1 #########

[09:35:24 INF] =====开始 每日任务 =====

[09:35:24 INF] ---开始 Set Cookie ---
[09:35:24 INF] Cookie完整，不需要Set Cookie
[09:35:24 INF] -------------结束-------------

[09:35:24 INF] ---开始 登录 ---
[09:35:29 INF] 【用户名】sunxxxxxgzi
[09:35:29 INF] 【会员类型】月度大会员
[09:35:29 INF] 【会员状态】无/过期
[09:35:29 INF] 【硬币余额】668.2
[09:35:29 INF] 【距升级Lv6】226天（如每日做满65点经验）
[09:35:29 INF] 登录成功，经验+5 √
[09:35:29 INF] -----结束-----

[09:35:32 INF] ---开始 观看、分享视频 ---
[09:35:51 INF] 【随机视频】【HYT起床战争】小残局
[09:36:06 INF] 视频播放成功，已观看到第12秒，经验+5 √
[09:36:10 INF] 视频分享成功，经验+5 √
[09:36:10 INF] ----------结束----------

[09:36:10 INF] ---开始 投币 ---
[09:36:10 INF] 已配置为跳过投币任务
[09:36:10 INF] -----结束-----

[09:36:10 INF] ---开始 直播签到 ---
[09:36:16 INF] 【签到结果】成功
[09:36:16 INF] 【本次获取】3000点用户经验,2根辣条,再签到3天可以获得50根辣条
[09:36:16 INF] -------结束-------

[09:36:16 INF] ---开始 漫画签到 ---
[09:36:24 INF] 【签到结果】成功
[09:36:24 INF] -------结束-------

[09:36:24 INF] ---开始 漫画阅读 ---
[09:36:30 INF] 【漫画阅读】成功, 阅读漫画为：堀与宫村
[09:36:30 INF] -------结束-------

[09:36:30 INF] ---开始 银瓜子兑换硬币 ---
[09:36:30 INF] 【目标兑换日期】17号
[09:36:30 INF] 【今天】17号
[09:36:33 INF] 【银瓜子余额】 650
[09:36:33 INF] 【硬币余额】 668
[09:36:33 INF] 【今日剩余兑换次数】 1
[09:36:33 INF] 开始尝试兑换...
[09:36:40 INF] 【兑换结果】失败
[09:36:40 INF] 【原因】银瓜子余额不足
[09:36:40 INF] ----------结束----------

[09:36:40 INF] ---开始 领取大会员福利 ---
[09:36:40 INF] 普通会员和月度大会员每月不赠送B币券，不需要领取权益喽
[09:36:40 INF] ----------结束----------

[09:36:40 INF] ---开始 领取大会员漫画权益 ---
[09:36:40 INF] 不是会员，跳过
[09:36:40 INF] ------------结束------------

[09:36:40 INF] ---开始 B币券充电 ---
[09:36:40 INF] 不是年度大会员，跳过
[09:36:40 INF] --------结束--------

[09:36:40 INF] =========结束=========

[09:36:40 INF] ######### 账号 2 #########

[09:36:40 INF] =====开始 每日任务 =====

[09:36:40 INF] ---开始 Set Cookie ---
[09:36:40 INF] Cookie完整，不需要Set Cookie
[09:36:40 INF] -------------结束-------------

[09:36:40 INF] ---开始 登录 ---
[09:36:44 INF] 【用户名】bilixxxxxxxx1879
[09:36:44 INF] 【会员类型】月度大会员
[09:36:44 INF] 【会员状态】无/过期
[09:36:44 INF] 【硬币余额】478
[09:36:44 INF] 【距升级Lv5】59天（如每日做满65点经验）
[09:36:44 INF] 登录成功，经验+5 √
[09:36:44 INF] -----结束-----

[09:36:49 INF] ---开始 观看、分享视频 ---
[09:37:10 INF] 【随机视频】拆解20年前的掌上电脑，没有WiFi的年代它是如何上网的
[09:37:19 INF] 视频播放成功，已观看到第1秒，经验+5 √
[09:37:25 INF] 视频分享成功，经验+5 √
[09:37:25 INF] ----------结束----------

[09:37:25 INF] ---开始 投币 ---
[09:37:25 INF] 已配置为跳过投币任务
[09:37:25 INF] -----结束-----

[09:37:25 INF] ---开始 直播签到 ---
[09:37:28 INF] 【签到结果】成功
[09:37:28 INF] 【本次获取】3000点用户经验,2根辣条,再签到3天可以获得50根辣条
[09:37:28 INF] -------结束-------

[09:37:28 INF] ---开始 漫画签到 ---
[09:37:35 INF] 【签到结果】成功
[09:37:35 INF] -------结束-------

[09:37:35 INF] ---开始 漫画阅读 ---
[09:37:44 INF] 【漫画阅读】成功, 阅读漫画为：堀与宫村
[09:37:44 INF] -------结束-------

[09:37:44 INF] ---开始 银瓜子兑换硬币 ---
[09:37:44 INF] 【目标兑换日期】17号
[09:37:44 INF] 【今天】17号
[09:37:51 INF] 【银瓜子余额】 422
[09:37:51 INF] 【硬币余额】 478
[09:37:51 INF] 【今日剩余兑换次数】 1
[09:37:51 INF] 开始尝试兑换...
[09:37:58 INF] 【兑换结果】失败
[09:37:58 INF] 【原因】银瓜子余额不足
[09:37:58 INF] ----------结束----------

[09:37:58 INF] ---开始 领取大会员福利 ---
[09:37:58 INF] 普通会员和月度大会员每月不赠送B币券，不需要领取权益喽
[09:37:58 INF] ----------结束----------

[09:37:58 INF] ---开始 领取大会员漫画权益 ---
[09:37:58 INF] 不是会员，跳过
[09:37:58 INF] ------------结束------------

[09:37:58 INF] ---开始 B币券充电 ---
[09:37:58 INF] 不是年度大会员，跳过
[09:37:58 INF] --------结束--------

[09:37:58 INF] =========结束=========

[09:37:58 INF] ######### 账号 3 #########

[09:37:58 INF] =====开始 每日任务 =====

[09:37:58 INF] ---开始 Set Cookie ---
[09:37:58 INF] Cookie完整，不需要Set Cookie
[09:37:58 INF] -------------结束-------------

[09:37:58 INF] ---开始 登录 ---
[09:38:04 WRN] 登录异常，请检查Cookie是否错误或过期
[09:38:04 ERR] 程序发生异常：登录失败，请检查Cookie
[09:38:04 INF] -----结束-----

[09:38:04 ERR] 程序发生异常：登录失败，请检查Cookie
[09:38:04 INF] =========结束=========

[09:38:04 WRN] 异常：System.Exception: 登录失败，请检查Cookie
   at Ray.BiliBiliTool.Application.DailyTaskAppService.Login() in /home/runner/work/BiliBiliToolPro/BiliBiliToolPro/src/Ray.BiliBiliTool.Application/DailyTaskAppService.cs:line 127
   at Ray.BiliBiliTool.Application.DailyTaskAppService.DoTaskAsync(CancellationToken cancellationToken) in /home/runner/work/BiliBiliToolPro/BiliBiliToolPro/src/Ray.BiliBiliTool.Application/DailyTaskAppService.cs:line 78
   at Ray.BiliBiliTool.Console.BiliBiliToolHostedService.DoTasksAsync(String[] tasks, CancellationToken cancellationToken) in /home/runner/work/BiliBiliToolPro/BiliBiliToolPro/src/Ray.BiliBiliTool.Console/BiliBiliToolHostedService.cs:line 188
   at Ray.BiliBiliTool.Console.BiliBiliToolHostedService.StartAsync(CancellationToken cancellationToken) in /home/runner/work/BiliBiliToolPro/BiliBiliToolPro/src/Ray.BiliBiliTool.Console/BiliBiliToolHostedService.cs:line 76
[09:38:04 INF] 

========================

 v2.0.1 开源 by https://github.com/RayWangQvQ/BiliBiliToolPro

[09:38:04 INF] ·开始推送·Daily任务·
2023-11-17T01:38:04.5188968Z 开始推送到:PushPlus
2023-11-17T01:38:05.2767023Z Response status: OK.
2023-11-17T01:38:05.2767348Z Response content: {"code":200,"msg":"请求成功","data":"f1aa3179f71d4047ae1b3ee499577696","count":null}.

[09:38:05 INF] 运行环境：Development
[09:38:05 INF] 应用目录：/home/runner/work/BiliBiliToolPro/BiliBiliToolPro/src/Ray.BiliBiliTool.Console/bin/Debug/net6.0/

[09:38:05 INF] 运行结束
