----------- ip 信息 ---------
{
  "ip": "20.98.2.18",
  "city": "Chicago",
  "region": "Illinois",
  "country": "US",
  "loc": "41.8500,-87.6500",
  "org": "AS8075 Microsoft Corporation",
  "postal": "60666",
  "timezone": "America/Chicago",
  "readme": "https://ipinfo.io/missingauth"
} ---------- end ------------
  ____               ____    _   _____           _  
 |  _ \ __ _ _   _  | __ ) _| |_|_   _|__   ___ | | 
 | |_) / _` | | | | |  _ \(_) (_) | |/ _ \ / _ \| | 
 |  _ < (_| | |_| | | |_) | | | | | | (_) | (_) | | 
 |_| \_\__,_|\__, | |____/|_|_|_| |_|\___/ \___/|_| 
             |___/                                  

[09:34:44 INF] BiliBiliToolPro 开始运行...

[09:34:44 INF] 【账号个数】3个

[09:34:44 INF] 随机休眠5分钟

[09:39:44 INF] 【目标任务】Daily
[09:39:44 INF] ######### 账号 1 #########

[09:39:44 INF] =====开始 每日任务 =====

[09:39:44 INF] ---开始 Set Cookie ---
[09:39:44 INF] Cookie完整，不需要Set Cookie
[09:39:44 INF] -------------结束-------------

[09:39:44 INF] ---开始 登录 ---
[09:39:49 INF] 【用户名】sunxxxxxgzi
[09:39:49 INF] 【会员类型】月度大会员
[09:39:49 INF] 【会员状态】无/过期
[09:39:49 INF] 【硬币余额】671.2
[09:39:49 INF] 【距升级Lv6】224天（如每日做满65点经验）
[09:39:49 INF] 登录成功，经验+5 √
[09:39:49 INF] -----结束-----

[09:39:53 INF] ---开始 观看、分享视频 ---
[09:40:12 INF] 【随机视频】北京昌平沙河的草虫
[09:40:27 INF] 视频播放成功，已观看到第3秒，经验+5 √
[09:40:30 INF] 视频分享成功，经验+5 √
[09:40:30 INF] ----------结束----------

[09:40:30 INF] ---开始 投币 ---
[09:40:30 INF] 已配置为跳过投币任务
[09:40:30 INF] -----结束-----

[09:40:30 INF] ---开始 直播签到 ---
[09:40:36 INF] 【签到结果】成功
[09:40:36 INF] 【本次获取】3000点用户经验,2根辣条,
[09:40:36 INF] -------结束-------

[09:40:36 INF] ---开始 漫画签到 ---
[09:40:43 INF] 【签到结果】成功
[09:40:43 INF] -------结束-------

[09:40:43 INF] ---开始 漫画阅读 ---
[09:40:51 INF] 【漫画阅读】成功, 阅读漫画为：堀与宫村
[09:40:51 INF] -------结束-------

[09:40:51 INF] ---开始 银瓜子兑换硬币 ---
[09:40:51 INF] 【目标兑换日期】22号
[09:40:51 INF] 【今天】22号
[09:40:58 INF] 【银瓜子余额】 650
[09:40:58 INF] 【硬币余额】 671
[09:40:58 INF] 【今日剩余兑换次数】 1
[09:40:58 INF] 开始尝试兑换...
[09:41:05 INF] 【兑换结果】失败
[09:41:05 INF] 【原因】银瓜子余额不足
[09:41:05 INF] ----------结束----------

[09:41:05 INF] ---开始 领取大会员福利 ---
[09:41:05 INF] 普通会员和月度大会员每月不赠送B币券，不需要领取权益喽
[09:41:05 INF] ----------结束----------

[09:41:05 INF] ---开始 领取大会员漫画权益 ---
[09:41:05 INF] 不是会员，跳过
[09:41:05 INF] ------------结束------------

[09:41:05 INF] ---开始 B币券充电 ---
[09:41:05 INF] 不是年度大会员，跳过
[09:41:05 INF] --------结束--------

[09:41:05 INF] =========结束=========

[09:41:05 INF] ######### 账号 2 #########

[09:41:05 INF] =====开始 每日任务 =====

[09:41:05 INF] ---开始 Set Cookie ---
[09:41:05 INF] Cookie完整，不需要Set Cookie
[09:41:05 INF] -------------结束-------------

[09:41:05 INF] ---开始 登录 ---
[09:41:11 INF] 【用户名】bilixxxxxxxx1879
[09:41:11 INF] 【会员类型】月度大会员
[09:41:11 INF] 【会员状态】无/过期
[09:41:11 INF] 【硬币余额】483
[09:41:11 INF] 【距升级Lv5】57天（如每日做满65点经验）
[09:41:11 INF] 登录成功，经验+5 √
[09:41:11 INF] -----结束-----

[09:41:14 INF] ---开始 观看、分享视频 ---
[09:41:38 INF] 【随机视频】〔短片〕致回忆
[09:41:44 INF] 视频播放成功，已观看到第8秒，经验+5 √
[09:41:51 INF] 视频分享成功，经验+5 √
[09:41:51 INF] ----------结束----------

[09:41:51 INF] ---开始 投币 ---
[09:41:51 INF] 已配置为跳过投币任务
[09:41:51 INF] -----结束-----

[09:41:51 INF] ---开始 直播签到 ---
[09:41:59 INF] 【签到结果】成功
[09:41:59 INF] 【本次获取】3000点用户经验,2根辣条,
[09:41:59 INF] -------结束-------

[09:41:59 INF] ---开始 漫画签到 ---
[09:42:02 INF] 【签到结果】成功
[09:42:02 INF] -------结束-------

[09:42:02 INF] ---开始 漫画阅读 ---
[09:42:10 INF] 【漫画阅读】成功, 阅读漫画为：堀与宫村
[09:42:10 INF] -------结束-------

[09:42:10 INF] ---开始 银瓜子兑换硬币 ---
[09:42:10 INF] 【目标兑换日期】22号
[09:42:10 INF] 【今天】22号
[09:42:13 INF] 【银瓜子余额】 422
[09:42:13 INF] 【硬币余额】 483
[09:42:13 INF] 【今日剩余兑换次数】 1
[09:42:13 INF] 开始尝试兑换...
[09:42:21 INF] 【兑换结果】失败
[09:42:21 INF] 【原因】银瓜子余额不足
[09:42:21 INF] ----------结束----------

[09:42:21 INF] ---开始 领取大会员福利 ---
[09:42:21 INF] 普通会员和月度大会员每月不赠送B币券，不需要领取权益喽
[09:42:21 INF] ----------结束----------

[09:42:21 INF] ---开始 领取大会员漫画权益 ---
[09:42:21 INF] 不是会员，跳过
[09:42:21 INF] ------------结束------------

[09:42:21 INF] ---开始 B币券充电 ---
[09:42:21 INF] 不是年度大会员，跳过
[09:42:21 INF] --------结束--------

[09:42:21 INF] =========结束=========

[09:42:21 INF] ######### 账号 3 #########

[09:42:21 INF] =====开始 每日任务 =====

[09:42:21 INF] ---开始 Set Cookie ---
[09:42:21 INF] Cookie完整，不需要Set Cookie
[09:42:21 INF] -------------结束-------------

[09:42:21 INF] ---开始 登录 ---
[09:42:24 WRN] 登录异常，请检查Cookie是否错误或过期
[09:42:24 ERR] 程序发生异常：登录失败，请检查Cookie
[09:42:24 INF] -----结束-----

[09:42:24 ERR] 程序发生异常：登录失败，请检查Cookie
[09:42:24 INF] =========结束=========

[09:42:24 WRN] 异常：System.Exception: 登录失败，请检查Cookie
   at Ray.BiliBiliTool.Application.DailyTaskAppService.Login() in /home/runner/work/BiliBiliToolPro/BiliBiliToolPro/src/Ray.BiliBiliTool.Application/DailyTaskAppService.cs:line 127
   at Ray.BiliBiliTool.Application.DailyTaskAppService.DoTaskAsync(CancellationToken cancellationToken) in /home/runner/work/BiliBiliToolPro/BiliBiliToolPro/src/Ray.BiliBiliTool.Application/DailyTaskAppService.cs:line 78
   at Ray.BiliBiliTool.Console.BiliBiliToolHostedService.DoTasksAsync(String[] tasks, CancellationToken cancellationToken) in /home/runner/work/BiliBiliToolPro/BiliBiliToolPro/src/Ray.BiliBiliTool.Console/BiliBiliToolHostedService.cs:line 188
   at Ray.BiliBiliTool.Console.BiliBiliToolHostedService.StartAsync(CancellationToken cancellationToken) in /home/runner/work/BiliBiliToolPro/BiliBiliToolPro/src/Ray.BiliBiliTool.Console/BiliBiliToolHostedService.cs:line 76
[09:42:24 INF] 

========================

 v2.0.1 开源 by https://github.com/RayWangQvQ/BiliBiliToolPro

[09:42:24 INF] ·开始推送·Daily任务·
2023-11-22T01:42:24.6360166Z 开始推送到:PushPlus
2023-11-22T01:42:25.5610998Z Response status: OK.
2023-11-22T01:42:25.5611280Z Response content: {"code":200,"msg":"请求成功","data":"7a03261254be49ac8886278a025ec6c4","count":null}.

[09:42:25 INF] 运行环境：Development
[09:42:25 INF] 应用目录：/home/runner/work/BiliBiliToolPro/BiliBiliToolPro/src/Ray.BiliBiliTool.Console/bin/Debug/net6.0/

[09:42:25 INF] 运行结束
