----------- ip 信息 ---------
{
  "ip": "20.57.41.156",
  "city": "Boydton",
  "region": "Virginia",
  "country": "US",
  "loc": "36.6676,-78.3875",
  "org": "AS8075 Microsoft Corporation",
  "postal": "23917",
  "timezone": "America/New_York",
  "readme": "https://ipinfo.io/missingauth"
} ---------- end ------------
  ____               ____    _   _____           _  
 |  _ \ __ _ _   _  | __ ) _| |_|_   _|__   ___ | | 
 | |_) / _` | | | | |  _ \(_) (_) | |/ _ \ / _ \| | 
 |  _ < (_| | |_| | | |_) | | | | | | (_) | (_) | | 
 |_| \_\__,_|\__, | |____/|_|_|_| |_|\___/ \___/|_| 
             |___/                                  

[09:21:22 INF] BiliBiliToolPro 开始运行...

[09:21:22 INF] 【账号个数】3个

[09:21:22 INF] 随机休眠5分钟

[09:26:22 INF] 【目标任务】Daily
[09:26:22 INF] ######### 账号 1 #########

[09:26:22 INF] =====开始 每日任务 =====

[09:26:22 INF] ---开始 Set Cookie ---
[09:26:22 INF] Cookie完整，不需要Set Cookie
[09:26:22 INF] -------------结束-------------

[09:26:22 INF] ---开始 登录 ---
[09:26:30 INF] 【用户名】sunxxxxxgzi
[09:26:30 INF] 【会员类型】月度大会员
[09:26:30 INF] 【会员状态】无/过期
[09:26:30 INF] 【硬币余额】566.2
[09:26:30 INF] 【距升级Lv6】235天（如每日做满65点经验）
[09:26:30 INF] 登录成功，经验+5 √
[09:26:30 INF] -----结束-----

[09:26:34 INF] ---开始 观看、分享视频 ---
[09:26:58 INF] 【随机视频】试用拆解手机定时盒，看它能不能令地球人学会自律不碰手机
[09:27:06 INF] 视频播放成功，已观看到第10秒，经验+5 √
[09:27:10 INF] 视频分享成功，经验+5 √
[09:27:10 INF] ----------结束----------

[09:27:10 INF] ---开始 投币 ---
[09:27:10 INF] 已配置为跳过投币任务
[09:27:10 INF] -----结束-----

[09:27:10 INF] ---开始 直播签到 ---
[09:27:15 INF] 【签到结果】成功
[09:27:15 INF] 【本次获取】3000点用户经验,2根辣条,再签到14天可以获得50根辣条
[09:27:15 INF] -------结束-------

[09:27:15 INF] ---开始 漫画签到 ---
[09:27:19 INF] 【签到结果】成功
[09:27:19 INF] -------结束-------

[09:27:19 INF] ---开始 漫画阅读 ---
[09:27:26 INF] 【漫画阅读】成功, 阅读漫画为：堀与宫村
[09:27:26 INF] -------结束-------

[09:27:26 INF] ---开始 银瓜子兑换硬币 ---
[09:27:26 INF] 【目标兑换日期】7号
[09:27:26 INF] 【今天】7号
[09:27:30 INF] 【银瓜子余额】 684
[09:27:30 INF] 【硬币余额】 566
[09:27:30 INF] 【今日剩余兑换次数】 1
[09:27:30 INF] 开始尝试兑换...
[09:27:36 INF] 【兑换结果】失败
[09:27:36 INF] 【原因】银瓜子余额不足
[09:27:36 INF] ----------结束----------

[09:27:36 INF] ---开始 领取大会员福利 ---
[09:27:36 INF] 普通会员和月度大会员每月不赠送B币券，不需要领取权益喽
[09:27:36 INF] ----------结束----------

[09:27:36 INF] ---开始 领取大会员漫画权益 ---
[09:27:36 INF] 不是会员，跳过
[09:27:36 INF] ------------结束------------

[09:27:36 INF] ---开始 B币券充电 ---
[09:27:36 INF] 不是年度大会员，跳过
[09:27:36 INF] --------结束--------

[09:27:36 INF] =========结束=========

[09:27:36 INF] ######### 账号 2 #########

[09:27:36 INF] =====开始 每日任务 =====

[09:27:36 INF] ---开始 Set Cookie ---
[09:27:36 INF] Cookie完整，不需要Set Cookie
[09:27:36 INF] -------------结束-------------

[09:27:36 INF] ---开始 登录 ---
[09:27:42 INF] 【用户名】bilixxxxxxxx1879
[09:27:42 INF] 【会员类型】月度大会员
[09:27:42 INF] 【会员状态】无/过期
[09:27:42 INF] 【硬币余额】436
[09:27:42 INF] 【距升级Lv5】68天（如每日做满65点经验）
[09:27:42 INF] 登录成功，经验+5 √
[09:27:42 INF] -----结束-----

[09:27:50 INF] ---开始 观看、分享视频 ---
[09:28:08 INF] 【随机视频】【起床战争】快乐的单八模式
[09:28:19 INF] 视频播放成功，已观看到第4秒，经验+5 √
[09:28:25 INF] 视频分享成功，经验+5 √
[09:28:25 INF] ----------结束----------

[09:28:25 INF] ---开始 投币 ---
[09:28:25 INF] 已配置为跳过投币任务
[09:28:25 INF] -----结束-----

[09:28:25 INF] ---开始 直播签到 ---
[09:28:29 INF] 【签到结果】成功
[09:28:29 INF] 【本次获取】3000点用户经验,2根辣条,再签到14天可以获得50根辣条
[09:28:29 INF] -------结束-------

[09:28:29 INF] ---开始 漫画签到 ---
[09:28:37 INF] 【签到结果】成功
[09:28:37 INF] -------结束-------

[09:28:37 INF] ---开始 漫画阅读 ---
[09:28:40 INF] 【漫画阅读】成功, 阅读漫画为：堀与宫村
[09:28:40 INF] -------结束-------

[09:28:40 INF] ---开始 银瓜子兑换硬币 ---
[09:28:40 INF] 【目标兑换日期】7号
[09:28:40 INF] 【今天】7号
[09:28:47 INF] 【银瓜子余额】 456
[09:28:47 INF] 【硬币余额】 436
[09:28:47 INF] 【今日剩余兑换次数】 1
[09:28:47 INF] 开始尝试兑换...
[09:28:51 INF] 【兑换结果】失败
[09:28:51 INF] 【原因】银瓜子余额不足
[09:28:51 INF] ----------结束----------

[09:28:51 INF] ---开始 领取大会员福利 ---
[09:28:51 INF] 普通会员和月度大会员每月不赠送B币券，不需要领取权益喽
[09:28:51 INF] ----------结束----------

[09:28:51 INF] ---开始 领取大会员漫画权益 ---
[09:28:51 INF] 不是会员，跳过
[09:28:51 INF] ------------结束------------

[09:28:51 INF] ---开始 B币券充电 ---
[09:28:51 INF] 不是年度大会员，跳过
[09:28:51 INF] --------结束--------

[09:28:51 INF] =========结束=========

[09:28:51 INF] ######### 账号 3 #########

[09:28:51 INF] =====开始 每日任务 =====

[09:28:51 INF] ---开始 Set Cookie ---
[09:28:51 INF] Cookie完整，不需要Set Cookie
[09:28:51 INF] -------------结束-------------

[09:28:51 INF] ---开始 登录 ---
[09:28:55 WRN] 登录异常，请检查Cookie是否错误或过期
[09:28:55 ERR] 程序发生异常：登录失败，请检查Cookie
[09:28:55 INF] -----结束-----

[09:28:55 ERR] 程序发生异常：登录失败，请检查Cookie
[09:28:55 INF] =========结束=========

[09:28:55 WRN] 异常：System.Exception: 登录失败，请检查Cookie
   at Ray.BiliBiliTool.Application.DailyTaskAppService.Login() in /home/runner/work/BiliBiliToolPro/BiliBiliToolPro/src/Ray.BiliBiliTool.Application/DailyTaskAppService.cs:line 127
   at Ray.BiliBiliTool.Application.DailyTaskAppService.DoTaskAsync(CancellationToken cancellationToken) in /home/runner/work/BiliBiliToolPro/BiliBiliToolPro/src/Ray.BiliBiliTool.Application/DailyTaskAppService.cs:line 78
   at Ray.BiliBiliTool.Console.BiliBiliToolHostedService.DoTasksAsync(String[] tasks, CancellationToken cancellationToken) in /home/runner/work/BiliBiliToolPro/BiliBiliToolPro/src/Ray.BiliBiliTool.Console/BiliBiliToolHostedService.cs:line 188
   at Ray.BiliBiliTool.Console.BiliBiliToolHostedService.StartAsync(CancellationToken cancellationToken) in /home/runner/work/BiliBiliToolPro/BiliBiliToolPro/src/Ray.BiliBiliTool.Console/BiliBiliToolHostedService.cs:line 76
[09:28:55 INF] 

========================

 v2.0.1 开源 by https://github.com/RayWangQvQ/BiliBiliToolPro

[09:28:55 INF] ·开始推送·Daily任务·
2023-10-07T01:28:55.1299676Z 开始推送到:PushPlus
2023-10-07T01:28:56.5597815Z Response status: OK.
2023-10-07T01:28:56.5598222Z Response content: {"code":200,"msg":"请求成功","data":"9a8508a17f904fbd8b09df49474e4ca3","count":null}.

[09:28:56 INF] 运行环境：Development
[09:28:56 INF] 应用目录：/home/runner/work/BiliBiliToolPro/BiliBiliToolPro/src/Ray.BiliBiliTool.Console/bin/Debug/net6.0/

[09:28:56 INF] 运行结束
