----------- ip 信息 ---------
{
  "ip": "104.28.248.157",
  "city": "Des Moines",
  "region": "Iowa",
  "country": "US",
  "loc": "41.6005,-93.6091",
  "org": "AS13335 Cloudflare, Inc.",
  "postal": "50307",
  "timezone": "America/Chicago",
  "readme": "https://ipinfo.io/missingauth"
} ---------- end ------------
  ____               ____    _   _____           _  
 |  _ \ __ _ _   _  | __ ) _| |_|_   _|__   ___ | | 
 | |_) / _` | | | | |  _ \(_) (_) | |/ _ \ / _ \| | 
 |  _ < (_| | |_| | | |_) | | | | | | (_) | (_) | | 
 |_| \_\__,_|\__, | |____/|_|_|_| |_|\___/ \___/|_| 
             |___/                                  

[09:53:43 INF] BiliBiliToolPro 开始运行...

[09:53:43 INF] 【账号个数】3个

[09:53:43 INF] 随机休眠4分钟

[09:57:43 INF] 【目标任务】Daily
[09:57:43 INF] ######### 账号 1 #########

[09:57:43 INF] =====开始 每日任务 =====

[09:57:43 INF] ---开始 Set Cookie ---
[09:57:43 INF] Cookie完整，不需要Set Cookie
[09:57:43 INF] -------------结束-------------

[09:57:43 INF] ---开始 登录 ---
[09:57:49 INF] 【用户名】waxxxx12
[09:57:49 INF] 【会员类型】月度大会员
[09:57:49 INF] 【会员状态】无/过期
[09:57:49 INF] 【硬币余额】483.2
[09:57:49 INF] 【距升级Lv5】1天（如每日做满65点经验）
[09:57:49 INF] 登录成功，经验+5 √
[09:57:49 INF] -----结束-----

[09:57:57 INF] ---开始 观看、分享视频 ---
[09:58:18 INF] 【随机视频】拆解3D打印笔，感觉像是热熔胶枪的孪生兄弟，看看内部什么原理
[09:58:28 INF] 视频播放成功，已观看到第11秒，经验+5 √
[09:58:33 INF] 视频分享成功，经验+5 √
[09:58:33 INF] ----------结束----------

[09:58:33 INF] ---开始 投币 ---
[09:58:33 INF] 已配置为跳过投币任务
[09:58:33 INF] -----结束-----

[09:58:33 INF] ---开始 直播签到 ---
[09:58:38 INF] 【签到结果】成功
[09:58:38 INF] 【本次获取】3000点用户经验,2根辣条,再签到10天可以获得50根辣条
[09:58:38 INF] -------结束-------

[09:58:38 INF] ---开始 漫画签到 ---
[09:58:43 INF] 【签到结果】成功
[09:58:43 INF] -------结束-------

[09:58:43 INF] ---开始 漫画阅读 ---
[09:58:47 INF] 【漫画阅读】成功, 阅读漫画为：堀与宫村
[09:58:47 INF] -------结束-------

[09:58:47 INF] ---开始 银瓜子兑换硬币 ---
[09:58:47 INF] 【目标兑换日期】10号
[09:58:47 INF] 【今天】10号
[09:58:51 INF] 【银瓜子余额】 20
[09:58:51 INF] 【硬币余额】 483
[09:58:51 INF] 【今日剩余兑换次数】 1
[09:58:51 INF] 开始尝试兑换...
[09:58:55 INF] 【兑换结果】失败
[09:58:55 INF] 【原因】银瓜子余额不足
[09:58:55 INF] ----------结束----------

[09:58:55 INF] ---开始 领取大会员福利 ---
[09:58:55 INF] 普通会员和月度大会员每月不赠送B币券，不需要领取权益喽
[09:58:55 INF] ----------结束----------

[09:58:55 INF] ---开始 领取大会员漫画权益 ---
[09:58:55 INF] 不是会员，跳过
[09:58:55 INF] ------------结束------------

[09:58:55 INF] ---开始 B币券充电 ---
[09:58:55 INF] 不是年度大会员，跳过
[09:58:55 INF] --------结束--------

[09:58:55 INF] =========结束=========

[09:58:55 INF] ######### 账号 2 #########

[09:58:55 INF] =====开始 每日任务 =====

[09:58:55 INF] ---开始 Set Cookie ---
[09:58:55 INF] Cookie完整，不需要Set Cookie
[09:58:55 INF] -------------结束-------------

[09:58:55 INF] ---开始 登录 ---
[09:59:02 INF] 【用户名】bilixxxxxxxx1879
[09:59:02 INF] 【会员类型】月度大会员
[09:59:02 INF] 【会员状态】无/过期
[09:59:02 INF] 【硬币余额】316
[09:59:02 INF] 【距升级Lv5】94天（如每日做满65点经验）
[09:59:02 INF] 登录成功，经验+5 √
[09:59:02 INF] -----结束-----

[09:59:06 INF] ---开始 观看、分享视频 ---
[09:59:30 INF] 【随机视频】北京初秋的百花山顶，还有这些花在开着
[09:59:40 INF] 视频播放成功，已观看到第13秒，经验+5 √
[09:59:47 INF] 视频分享成功，经验+5 √
[09:59:47 INF] ----------结束----------

[09:59:47 INF] ---开始 投币 ---
[09:59:47 INF] 已配置为跳过投币任务
[09:59:47 INF] -----结束-----

[09:59:47 INF] ---开始 直播签到 ---
[09:59:53 INF] 【签到结果】成功
[09:59:53 INF] 【本次获取】3000点用户经验,2根辣条,再签到10天可以获得50根辣条
[09:59:53 INF] -------结束-------

[09:59:53 INF] ---开始 漫画签到 ---
[09:59:56 INF] 【签到结果】成功
[09:59:56 INF] -------结束-------

[09:59:56 INF] ---开始 漫画阅读 ---
[10:00:01 INF] 【漫画阅读】成功, 阅读漫画为：堀与宫村
[10:00:01 INF] -------结束-------

[10:00:01 INF] ---开始 银瓜子兑换硬币 ---
[10:00:01 INF] 【目标兑换日期】10号
[10:00:01 INF] 【今天】10号
[10:00:04 INF] 【银瓜子余额】 292
[10:00:04 INF] 【硬币余额】 316
[10:00:04 INF] 【今日剩余兑换次数】 1
[10:00:04 INF] 开始尝试兑换...
[10:00:10 INF] 【兑换结果】失败
[10:00:10 INF] 【原因】银瓜子余额不足
[10:00:10 INF] ----------结束----------

[10:00:10 INF] ---开始 领取大会员福利 ---
[10:00:10 INF] 普通会员和月度大会员每月不赠送B币券，不需要领取权益喽
[10:00:10 INF] ----------结束----------

[10:00:10 INF] ---开始 领取大会员漫画权益 ---
[10:00:10 INF] 不是会员，跳过
[10:00:10 INF] ------------结束------------

[10:00:10 INF] ---开始 B币券充电 ---
[10:00:10 INF] 不是年度大会员，跳过
[10:00:10 INF] --------结束--------

[10:00:10 INF] =========结束=========

[10:00:10 INF] ######### 账号 3 #########

[10:00:10 INF] =====开始 每日任务 =====

[10:00:10 INF] ---开始 Set Cookie ---
[10:00:10 INF] Cookie完整，不需要Set Cookie
[10:00:10 INF] -------------结束-------------

[10:00:10 INF] ---开始 登录 ---
[10:00:13 INF] 【用户名】晴xxng
[10:00:13 INF] 【会员类型】无
[10:00:13 INF] 【会员状态】无/过期
[10:00:13 INF] 【硬币余额】135
[10:00:13 INF] 【距升级Lv4】32天（如每日做满65点经验）
[10:00:13 INF] 登录成功，经验+5 √
[10:00:13 INF] -----结束-----

[10:00:16 INF] ---开始 观看、分享视频 ---
[10:00:41 INF] 【随机视频】【开箱】我和1万人一起开箱"小米12S Ultra"！(下)
[10:00:54 INF] 视频播放成功，已观看到第3秒，经验+5 √
[10:01:01 INF] 视频分享成功，经验+5 √
[10:01:01 INF] ----------结束----------

[10:01:01 INF] ---开始 投币 ---
[10:01:01 INF] 已配置为跳过投币任务
[10:01:01 INF] -----结束-----

[10:01:01 INF] ---开始 直播签到 ---
[10:01:07 INF] 【签到结果】成功
[10:01:07 INF] 【本次获取】3000点用户经验,2根辣条,再签到10天可以获得50根辣条
[10:01:07 INF] -------结束-------

[10:01:07 INF] ---开始 漫画签到 ---
[10:01:13 INF] 【签到结果】成功
[10:01:13 INF] -------结束-------

[10:01:13 INF] ---开始 漫画阅读 ---
[10:01:19 INF] 【漫画阅读】成功, 阅读漫画为：堀与宫村
[10:01:19 INF] -------结束-------

[10:01:19 INF] ---开始 银瓜子兑换硬币 ---
[10:01:19 INF] 【目标兑换日期】10号
[10:01:19 INF] 【今天】10号
[10:01:26 INF] 【银瓜子余额】 530
[10:01:26 INF] 【硬币余额】 135
[10:01:26 INF] 【今日剩余兑换次数】 1
[10:01:26 INF] 开始尝试兑换...
[10:01:31 INF] 【兑换结果】失败
[10:01:31 INF] 【原因】银瓜子余额不足
[10:01:31 INF] ----------结束----------

[10:01:31 INF] ---开始 领取大会员福利 ---
[10:01:31 INF] 普通会员和月度大会员每月不赠送B币券，不需要领取权益喽
[10:01:31 INF] ----------结束----------

[10:01:31 INF] ---开始 领取大会员漫画权益 ---
[10:01:31 INF] 不是会员，跳过
[10:01:31 INF] ------------结束------------

[10:01:31 INF] ---开始 B币券充电 ---
[10:01:31 INF] 不是年度大会员，跳过
[10:01:31 INF] --------结束--------

[10:01:31 INF] =========结束=========

[10:01:31 INF] 

========================

 v2.0.1 开源 by https://github.com/RayWangQvQ/BiliBiliToolPro

[10:01:31 INF] ·开始推送·Daily任务·
2023-06-10T02:01:31.8252128Z 开始推送到:自定义
2023-06-10T02:01:36.7749649Z Response status: OK.
2023-06-10T02:01:36.7750006Z Response content: {"message":"","success":true,"uuid":"f3baf7bf17104724a9cc7866d25e025e"}.

[10:01:36 INF] 运行环境：Development
[10:01:36 INF] 应用目录：/home/runner/work/BiliBiliToolPro/BiliBiliToolPro/src/Ray.BiliBiliTool.Console/bin/Debug/net6.0/

[10:01:36 INF] 运行结束
