----------- ip 信息 ---------
{
  "ip": "172.183.51.70",
  "city": "Chicago",
  "region": "Illinois",
  "country": "US",
  "loc": "41.8500,-87.6500",
  "org": "AS8075 Microsoft Corporation",
  "postal": "60666",
  "timezone": "America/Chicago",
  "readme": "https://ipinfo.io/missingauth"
} ---------- end ------------
  ____               ____    _   _____           _  
 |  _ \ __ _ _   _  | __ ) _| |_|_   _|__   ___ | | 
 | |_) / _` | | | | |  _ \(_) (_) | |/ _ \ / _ \| | 
 |  _ < (_| | |_| | | |_) | | | | | | (_) | (_) | | 
 |_| \_\__,_|\__, | |____/|_|_|_| |_|\___/ \___/|_| 
             |___/                                  

[09:20:18 INF] BiliBiliToolPro 开始运行...

[09:20:18 INF] 【账号个数】3个

[09:20:18 INF] 随机休眠3分钟

[09:23:18 INF] 【目标任务】Daily
[09:23:18 INF] ######### 账号 1 #########

[09:23:18 INF] =====开始 每日任务 =====

[09:23:18 INF] ---开始 Set Cookie ---
[09:23:18 INF] Cookie完整，不需要Set Cookie
[09:23:18 INF] -------------结束-------------

[09:23:18 INF] ---开始 登录 ---
[09:23:27 INF] 【用户名】sunxxxxxgzi
[09:23:27 INF] 【会员类型】月度大会员
[09:23:27 INF] 【会员状态】正常
[09:23:27 INF] 【硬币余额】1135.2
[09:23:27 INF] 【距升级Lv6】预计828天
[09:23:27 INF] 登录成功，经验+5 √
[09:23:27 INF] -----结束-----

[09:23:30 INF] ---开始 观看、分享视频 ---
[09:23:49 INF] 【随机视频】你见过这么好看的蜘蛛吗？
[09:24:03 INF] 视频播放成功，已观看到第11秒，经验+5 √
[09:24:08 INF] 视频分享成功，经验+5 √
[09:24:08 INF] ----------结束----------

[09:24:08 INF] ---开始 投币 ---
[09:24:08 INF] 已配置为跳过投币任务
[09:24:08 INF] -----结束-----

[09:24:08 INF] ---开始 直播签到 ---
[09:24:11 INF] 【签到结果】成功
[09:24:11 INF] 【本次获取】3000点用户经验,2根辣条,
[09:24:11 INF] -------结束-------

[09:24:11 INF] ---开始 漫画签到 ---
[09:24:19 INF] 【签到结果】成功
[09:24:19 INF] -------结束-------

[09:24:19 INF] ---开始 漫画阅读 ---
[09:24:22 INF] 【漫画阅读】成功
[09:24:22 INF] -------结束-------

[09:24:22 INF] ---开始 银瓜子兑换硬币 ---
[09:24:22 INF] 【目标兑换日期】23号
[09:24:22 INF] 【今天】23号
[09:24:26 INF] 【银瓜子余额】 548
[09:24:26 INF] 【硬币余额】 1135
[09:24:26 INF] 【今日剩余兑换次数】 1
[09:24:26 INF] 开始尝试兑换...
[09:24:30 INF] 【兑换结果】失败
[09:24:30 INF] 【原因】银瓜子余额不足
[09:24:30 INF] ----------结束----------

[09:24:30 INF] ---开始 领取大会员福利 ---
[09:24:30 INF] 普通会员和月度大会员每月不赠送B币券，不需要领取权益喽
[09:24:30 INF] ----------结束----------

[09:24:30 INF] ---开始 领取大会员漫画权益 ---
[09:24:30 INF] 【目标日期】1号
[09:24:30 INF] 【今天】23号
[09:24:30 INF] 跳过
[09:24:30 INF] ------------结束------------

[09:24:30 INF] ---开始 B币券充电 ---
[09:24:30 INF] 已配置为关闭，跳过
[09:24:30 INF] --------结束--------

[09:24:30 INF] =========结束=========

[09:24:30 INF] ######### 账号 2 #########

[09:24:30 INF] =====开始 每日任务 =====

[09:24:30 INF] ---开始 Set Cookie ---
[09:24:30 INF] Cookie完整，不需要Set Cookie
[09:24:30 INF] -------------结束-------------

[09:24:30 INF] ---开始 登录 ---
[09:24:34 INF] 【用户名】bilixxxxxxxx1879
[09:24:34 INF] 【会员类型】月度大会员
[09:24:34 INF] 【会员状态】无/过期
[09:24:34 INF] 【硬币余额】570
[09:24:34 INF] 【距升级Lv5】预计145天
[09:24:34 INF] 登录成功，经验+5 √
[09:24:34 INF] -----结束-----

[09:24:38 INF] ---开始 观看、分享视频 ---
[09:24:58 INF] 【随机视频】Combo clips ‖ 原 汤 化 原 食
[09:25:11 INF] 视频播放成功，已观看到第12秒，经验+5 √
[09:25:19 INF] 视频分享成功，经验+5 √
[09:25:19 INF] ----------结束----------

[09:25:19 INF] ---开始 投币 ---
[09:25:19 INF] 已配置为跳过投币任务
[09:25:19 INF] -----结束-----

[09:25:19 INF] ---开始 直播签到 ---
[09:25:23 INF] 【签到结果】成功
[09:25:23 INF] 【本次获取】3000点用户经验,2根辣条,
[09:25:23 INF] -------结束-------

[09:25:23 INF] ---开始 漫画签到 ---
[09:25:30 INF] 【签到结果】成功
[09:25:30 INF] -------结束-------

[09:25:30 INF] ---开始 漫画阅读 ---
[09:25:35 INF] 【漫画阅读】成功
[09:25:35 INF] -------结束-------

[09:25:35 INF] ---开始 银瓜子兑换硬币 ---
[09:25:35 INF] 【目标兑换日期】23号
[09:25:35 INF] 【今天】23号
[09:25:42 INF] 【银瓜子余额】 320
[09:25:42 INF] 【硬币余额】 570
[09:25:42 INF] 【今日剩余兑换次数】 1
[09:25:42 INF] 开始尝试兑换...
[09:25:49 INF] 【兑换结果】失败
[09:25:49 INF] 【原因】银瓜子余额不足
[09:25:49 INF] ----------结束----------

[09:25:49 INF] ---开始 领取大会员福利 ---
[09:25:49 INF] 普通会员和月度大会员每月不赠送B币券，不需要领取权益喽
[09:25:49 INF] ----------结束----------

[09:25:49 INF] ---开始 领取大会员漫画权益 ---
[09:25:49 INF] 不是会员，跳过
[09:25:49 INF] ------------结束------------

[09:25:49 INF] ---开始 B币券充电 ---
[09:25:49 INF] 已配置为关闭，跳过
[09:25:49 INF] --------结束--------

[09:25:49 INF] =========结束=========

[09:25:49 INF] ######### 账号 3 #########

[09:25:49 INF] =====开始 每日任务 =====

[09:25:49 INF] ---开始 Set Cookie ---
[09:25:49 INF] Cookie完整，不需要Set Cookie
[09:25:49 INF] -------------结束-------------

[09:25:49 INF] ---开始 登录 ---
[09:25:56 WRN] 登录异常，请检查Cookie是否错误或过期
[09:25:56 ERR] 程序发生异常：登录失败，请检查Cookie
[09:25:56 INF] -----结束-----

[09:25:56 ERR] 程序发生异常：登录失败，请检查Cookie
[09:25:56 INF] =========结束=========

[09:25:56 WRN] 异常：System.Exception: 登录失败，请检查Cookie
   at Ray.BiliBiliTool.Application.DailyTaskAppService.Login() in /home/runner/work/BiliBiliToolPro/BiliBiliToolPro/src/Ray.BiliBiliTool.Application/DailyTaskAppService.cs:line 134
   at Ray.BiliBiliTool.Application.DailyTaskAppService.DoTaskAsync(CancellationToken cancellationToken) in /home/runner/work/BiliBiliToolPro/BiliBiliToolPro/src/Ray.BiliBiliTool.Application/DailyTaskAppService.cs:line 81
   at Ray.BiliBiliTool.Console.BiliBiliToolHostedService.DoTasksAsync(String[] tasks, CancellationToken cancellationToken) in /home/runner/work/BiliBiliToolPro/BiliBiliToolPro/src/Ray.BiliBiliTool.Console/BiliBiliToolHostedService.cs:line 194
   at Ray.BiliBiliTool.Console.BiliBiliToolHostedService.StartAsync(CancellationToken cancellationToken) in /home/runner/work/BiliBiliToolPro/BiliBiliToolPro/src/Ray.BiliBiliTool.Console/BiliBiliToolHostedService.cs:line 76
[09:25:56 INF] 

========================

 v2.0.2 开源 by https://github.com/RayWangQvQ/BiliBiliToolPro

[09:25:56 INF] ·开始推送·Daily任务·
2024-02-23T01:25:56.5053942Z 开始推送到:PushPlus
2024-02-23T01:25:57.7830546Z Response status: OK.
2024-02-23T01:25:57.7830884Z Response content: {"code":200,"msg":"请求成功","data":"7534bd44e5ac44f08dd8745c67a79bb1","count":null}.

[09:25:57 INF] 运行环境：Development
[09:25:57 INF] 应用目录：/home/runner/work/BiliBiliToolPro/BiliBiliToolPro/src/Ray.BiliBiliTool.Console/bin/Debug/net6.0/

[09:25:57 INF] 运行结束
  ____               ____    _   _____           _  
 |  _ \ __ _ _   _  | __ ) _| |_|_   _|__   ___ | | 
 | |_) / _` | | | | |  _ \(_) (_) | |/ _ \ / _ \| | 
 |  _ < (_| | |_| | | |_) | | | | | | (_) | (_) | | 
 |_| \_\__,_|\__, | |____/|_|_|_| |_|\___/ \___/|_| 
             |___/                                  

[09:26:00 INF] BiliBiliToolPro 开始运行...

[09:26:00 INF] 【账号个数】3个

[09:26:00 INF] 随机休眠2分钟

[09:28:00 INF] 【目标任务】VipBigPoint
[09:28:00 INF] ######### 账号 1 #########

[09:28:00 INF] =====开始 大会员大积分 =====

[09:28:00 INF] 大会员经验领取任务开始
[09:28:08 INF] 大会员经验未兑换
[09:28:12 INF] 领取成功，经验+10 √
[09:28:12 INF] ---开始 测试Cookie ---
[09:28:16 INF] 【用户名】sunxxxxxgzi
[09:28:16 INF] 【会员类型】月度大会员
[09:28:16 INF] 【会员状态】正常
[09:28:16 INF] 【硬币余额】1135.2
[09:28:16 INF] 【距升级Lv6】预计826天
[09:28:16 INF] -----------结束-----------

[09:28:21 INF] ------当前任务状态------
[09:28:21 INF] 打卡：X
[09:28:21 INF] -福利任务
[09:28:21 INF] ---大会员福利大积分：√
[09:28:21 INF] -体验任务
[09:28:21 INF] ---浏览大会员权益页面：√
[09:28:21 INF] -日常任务
[09:28:21 INF] ---浏览装扮商城主页：X
[09:28:21 INF] ---浏览会员购页面10秒：X
[09:28:21 INF] ---购买指定会员购商品：X
[09:28:21 INF] ---浏览追番频道页10秒：X
[09:28:21 INF] ---观看任意正片内容：X
[09:28:21 INF] ---购买单点付费影片：X
[09:28:21 INF] ---购买指定装扮商品：X
[09:28:21 INF] ------------------------

[09:28:21 INF] ---开始 签到 ---
[09:28:25 ERR] 签到失败，继续其他任务。失败信息:{"Code":6007000,"Message":"抱歉，您的账号存在风险，暂时无法参与本任务哦~","Data":null}

[09:28:25 INF] -----结束-----

[09:28:25 INF] ---开始 福利任务 ---
[09:28:25 ERR] 福利任务失败，继续其他任务。失败信息:Object reference not set to an instance of an object.

[09:28:25 INF] -------结束-------

[09:28:25 INF] ---开始 体验任务 ---
[09:28:25 ERR] 体验任务失败，继续其他任务。失败信息:Object reference not set to an instance of an object.

[09:28:25 INF] -------结束-------

[09:28:25 INF] ---开始 浏览追番频道页10秒 ---
[09:28:25 ERR] 浏览追番频道页10秒失败，继续其他任务。失败信息:Object reference not set to an instance of an object.

[09:28:25 INF] -------------结束-------------

[09:28:25 INF] ---开始 浏览会员购页面10秒 ---
[09:28:25 INF] 待实现...
[09:28:25 INF] -------------结束-------------

[09:28:25 INF] ---开始 观看任意正片内容 ---
[09:28:25 ERR] 观看任意正片内容失败，继续其他任务。失败信息:Object reference not set to an instance of an object.

[09:28:25 INF] -----------结束-----------

[09:28:25 INF] ---开始 购买单点付费影片（仅领取） ---
[09:28:25 ERR] 购买单点付费影片（仅领取）失败，继续其他任务。失败信息:Object reference not set to an instance of an object.

[09:28:25 INF] ----------------结束----------------

[09:28:25 INF] ---开始 购买指定会员购商品（仅领取） ---
[09:28:25 ERR] 购买指定会员购商品（仅领取）失败，继续其他任务。失败信息:Object reference not set to an instance of an object.

[09:28:25 INF] -----------------结束-----------------

[09:28:25 ERR] 程序发生异常：Object reference not set to an instance of an object.
[09:28:25 INF] ===========结束===========

[09:28:25 WRN] 异常：System.NullReferenceException: Object reference not set to an instance of an object.
   at Ray.BiliBiliTool.Application.VipBigPointAppService.DoTaskAsync(CancellationToken cancellationToken) in /home/runner/work/BiliBiliToolPro/BiliBiliToolPro/src/Ray.BiliBiliTool.Application/VipBigPointAppService.cs:line 141
   at Ray.BiliBiliTool.Console.BiliBiliToolHostedService.DoTasksAsync(String[] tasks, CancellationToken cancellationToken) in /home/runner/work/BiliBiliToolPro/BiliBiliToolPro/src/Ray.BiliBiliTool.Console/BiliBiliToolHostedService.cs:line 194
   at Ray.BiliBiliTool.Console.BiliBiliToolHostedService.StartAsync(CancellationToken cancellationToken) in /home/runner/work/BiliBiliToolPro/BiliBiliToolPro/src/Ray.BiliBiliTool.Console/BiliBiliToolHostedService.cs:line 76
[09:28:25 INF] ######### 账号 2 #########

[09:28:25 INF] =====开始 大会员大积分 =====

[09:28:25 INF] 大会员经验领取任务开始
[09:28:29 INF] 大会员经验未兑换
[09:28:33 INF] 领取成功，经验+10 √
[09:28:33 INF] ---开始 测试Cookie ---
[09:28:40 INF] 【用户名】bilixxxxxxxx1879
[09:28:40 INF] 【会员类型】月度大会员
[09:28:40 INF] 【会员状态】无/过期
[09:28:40 INF] 【硬币余额】570
[09:28:40 INF] 【距升级Lv5】预计143天
[09:28:40 INF] -----------结束-----------

[09:28:40 INF] 当前不是大会员或已过期，跳过任务
[09:28:40 INF] ===========结束===========

[09:28:40 INF] ######### 账号 3 #########

[09:28:40 INF] =====开始 大会员大积分 =====

[09:28:40 INF] 大会员经验领取任务开始
[09:28:45 INF] ---开始 测试Cookie ---
[09:28:49 WRN] 登录异常，请检查Cookie是否错误或过期
[09:28:49 ERR] 程序发生异常：登录失败，请检查Cookie
[09:28:49 INF] -----------结束-----------

[09:28:49 ERR] 程序发生异常：登录失败，请检查Cookie
[09:28:49 INF] ===========结束===========

[09:28:49 WRN] 异常：System.Exception: 登录失败，请检查Cookie
   at Ray.BiliBiliTool.Application.VipBigPointAppService.GetUserInfo() in /home/runner/work/BiliBiliToolPro/BiliBiliToolPro/src/Ray.BiliBiliTool.Application/VipBigPointAppService.cs:line 150
   at Ray.BiliBiliTool.Application.VipBigPointAppService.DoTaskAsync(CancellationToken cancellationToken) in /home/runner/work/BiliBiliToolPro/BiliBiliToolPro/src/Ray.BiliBiliTool.Application/VipBigPointAppService.cs:line 98
   at Ray.BiliBiliTool.Console.BiliBiliToolHostedService.DoTasksAsync(String[] tasks, CancellationToken cancellationToken) in /home/runner/work/BiliBiliToolPro/BiliBiliToolPro/src/Ray.BiliBiliTool.Console/BiliBiliToolHostedService.cs:line 194
   at Ray.BiliBiliTool.Console.BiliBiliToolHostedService.StartAsync(CancellationToken cancellationToken) in /home/runner/work/BiliBiliToolPro/BiliBiliToolPro/src/Ray.BiliBiliTool.Console/BiliBiliToolHostedService.cs:line 76
[09:28:49 INF] 

========================

 v2.0.2 开源 by https://github.com/RayWangQvQ/BiliBiliToolPro

[09:28:49 INF] ·开始推送·VipBigPoint任务·
2024-02-23T01:28:49.0038916Z 开始推送到:PushPlus
2024-02-23T01:28:50.0488325Z Response status: OK.
2024-02-23T01:28:50.0488658Z Response content: {"code":200,"msg":"请求成功","data":"8eb5091db51043c6939d367de7c40ddc","count":null}.

[09:28:50 INF] 运行环境：Development
[09:28:50 INF] 应用目录：/home/runner/work/BiliBiliToolPro/BiliBiliToolPro/src/Ray.BiliBiliTool.Console/bin/Debug/net6.0/

[09:28:50 INF] 运行结束
