----------- ip 信息 ---------
{
  "ip": "65.52.126.104",
  "city": "San Jose",
  "region": "California",
  "country": "US",
  "loc": "37.3394,-121.8950",
  "org": "AS8075 Microsoft Corporation",
  "postal": "95103",
  "timezone": "America/Los_Angeles",
  "readme": "https://ipinfo.io/missingauth"
} ---------- end ------------
  ____               ____    _   _____           _  
 |  _ \ __ _ _   _  | __ ) _| |_|_   _|__   ___ | | 
 | |_) / _` | | | | |  _ \(_) (_) | |/ _ \ / _ \| | 
 |  _ < (_| | |_| | | |_) | | | | | | (_) | (_) | | 
 |_| \_\__,_|\__, | |____/|_|_|_| |_|\___/ \___/|_| 
             |___/                                  

[09:30:01 INF] BiliBiliToolPro 开始运行...

[09:30:01 INF] 【账号个数】3个

[09:30:01 INF] 随机休眠1分钟

[09:31:01 INF] 【目标任务】Daily
[09:31:01 INF] ######### 账号 1 #########

[09:31:01 INF] =====开始 每日任务 =====

[09:31:01 INF] ---开始 Set Cookie ---
[09:31:01 INF] Cookie完整，不需要Set Cookie
[09:31:01 INF] -------------结束-------------

[09:31:01 INF] ---开始 登录 ---
[09:31:09 INF] 【用户名】sunxxxxxgzi
[09:31:09 INF] 【会员类型】月度大会员
[09:31:09 INF] 【会员状态】无/过期
[09:31:09 INF] 【硬币余额】543.2
[09:31:09 INF] 【距升级Lv6】242天（如每日做满65点经验）
[09:31:09 INF] 登录成功，经验+5 √
[09:31:09 INF] -----结束-----

[09:31:15 INF] ---开始 观看、分享视频 ---
[09:31:32 INF] 【随机视频】遗传实验,但是教具是两只美西螈
[09:31:45 INF] 视频播放成功，已观看到第12秒，经验+5 √
[09:31:52 INF] 视频分享成功，经验+5 √
[09:31:52 INF] ----------结束----------

[09:31:52 INF] ---开始 投币 ---
[09:31:52 INF] 已配置为跳过投币任务
[09:31:52 INF] -----结束-----

[09:31:52 INF] ---开始 直播签到 ---
[09:31:57 INF] 【签到结果】成功
[09:31:57 INF] 【本次获取】3000点用户经验,2根辣条,再签到10天可以获得50根辣条
[09:31:57 INF] -------结束-------

[09:31:57 INF] ---开始 漫画签到 ---
[09:32:04 INF] 【签到结果】成功
[09:32:04 INF] -------结束-------

[09:32:04 INF] ---开始 漫画阅读 ---
[09:32:08 INF] 【漫画阅读】成功, 阅读漫画为：堀与宫村
[09:32:08 INF] -------结束-------

[09:32:08 INF] ---开始 银瓜子兑换硬币 ---
[09:32:08 INF] 【目标兑换日期】10号
[09:32:08 INF] 【今天】10号
[09:32:14 INF] 【银瓜子余额】 18
[09:32:14 INF] 【硬币余额】 543
[09:32:14 INF] 【今日剩余兑换次数】 1
[09:32:14 INF] 开始尝试兑换...
[09:32:18 INF] 【兑换结果】失败
[09:32:18 INF] 【原因】银瓜子余额不足
[09:32:18 INF] ----------结束----------

[09:32:18 INF] ---开始 领取大会员福利 ---
[09:32:18 INF] 普通会员和月度大会员每月不赠送B币券，不需要领取权益喽
[09:32:18 INF] ----------结束----------

[09:32:18 INF] ---开始 领取大会员漫画权益 ---
[09:32:18 INF] 不是会员，跳过
[09:32:18 INF] ------------结束------------

[09:32:18 INF] ---开始 B币券充电 ---
[09:32:18 INF] 不是年度大会员，跳过
[09:32:18 INF] --------结束--------

[09:32:18 INF] =========结束=========

[09:32:18 INF] ######### 账号 2 #########

[09:32:18 INF] =====开始 每日任务 =====

[09:32:18 INF] ---开始 Set Cookie ---
[09:32:18 INF] Cookie完整，不需要Set Cookie
[09:32:18 INF] -------------结束-------------

[09:32:18 INF] ---开始 登录 ---
[09:32:25 INF] 【用户名】bilixxxxxxxx1879
[09:32:25 INF] 【会员类型】月度大会员
[09:32:25 INF] 【会员状态】无/过期
[09:32:25 INF] 【硬币余额】412
[09:32:25 INF] 【距升级Lv5】73天（如每日做满65点经验）
[09:32:25 INF] 登录成功，经验+5 √
[09:32:25 INF] -----结束-----

[09:32:31 INF] ---开始 观看、分享视频 ---
[09:32:49 INF] 【随机视频】网红旅游点怪事多，主播强拍明星被打，网红混进综艺节目被赶报警
[09:33:00 INF] 视频播放成功，已观看到第6秒，经验+5 √
[09:33:07 INF] 视频分享成功，经验+5 √
[09:33:07 INF] ----------结束----------

[09:33:07 INF] ---开始 投币 ---
[09:33:07 INF] 已配置为跳过投币任务
[09:33:07 INF] -----结束-----

[09:33:07 INF] ---开始 直播签到 ---
[09:33:11 INF] 【签到结果】成功
[09:33:11 INF] 【本次获取】3000点用户经验,2根辣条,再签到10天可以获得50根辣条
[09:33:11 INF] -------结束-------

[09:33:11 INF] ---开始 漫画签到 ---
[09:33:15 INF] 【签到结果】成功
[09:33:15 INF] -------结束-------

[09:33:15 INF] ---开始 漫画阅读 ---
[09:33:21 INF] 【漫画阅读】成功, 阅读漫画为：堀与宫村
[09:33:21 INF] -------结束-------

[09:33:21 INF] ---开始 银瓜子兑换硬币 ---
[09:33:21 INF] 【目标兑换日期】10号
[09:33:21 INF] 【今天】10号
[09:33:27 INF] 【银瓜子余额】 490
[09:33:27 INF] 【硬币余额】 412
[09:33:27 INF] 【今日剩余兑换次数】 1
[09:33:27 INF] 开始尝试兑换...
[09:33:35 INF] 【兑换结果】失败
[09:33:35 INF] 【原因】银瓜子余额不足
[09:33:35 INF] ----------结束----------

[09:33:35 INF] ---开始 领取大会员福利 ---
[09:33:35 INF] 普通会员和月度大会员每月不赠送B币券，不需要领取权益喽
[09:33:35 INF] ----------结束----------

[09:33:35 INF] ---开始 领取大会员漫画权益 ---
[09:33:35 INF] 不是会员，跳过
[09:33:35 INF] ------------结束------------

[09:33:35 INF] ---开始 B币券充电 ---
[09:33:35 INF] 不是年度大会员，跳过
[09:33:35 INF] --------结束--------

[09:33:35 INF] =========结束=========

[09:33:35 INF] ######### 账号 3 #########

[09:33:35 INF] =====开始 每日任务 =====

[09:33:35 INF] ---开始 Set Cookie ---
[09:33:35 INF] Cookie完整，不需要Set Cookie
[09:33:35 INF] -------------结束-------------

[09:33:35 INF] ---开始 登录 ---
[09:33:42 WRN] 登录异常，请检查Cookie是否错误或过期
[09:33:42 ERR] 程序发生异常：登录失败，请检查Cookie
[09:33:42 INF] -----结束-----

[09:33:42 ERR] 程序发生异常：登录失败，请检查Cookie
[09:33:42 INF] =========结束=========

[09:33:42 WRN] 异常：System.Exception: 登录失败，请检查Cookie
   at Ray.BiliBiliTool.Application.DailyTaskAppService.Login() in /home/runner/work/BiliBiliToolPro/BiliBiliToolPro/src/Ray.BiliBiliTool.Application/DailyTaskAppService.cs:line 127
   at Ray.BiliBiliTool.Application.DailyTaskAppService.DoTaskAsync(CancellationToken cancellationToken) in /home/runner/work/BiliBiliToolPro/BiliBiliToolPro/src/Ray.BiliBiliTool.Application/DailyTaskAppService.cs:line 78
   at Ray.BiliBiliTool.Console.BiliBiliToolHostedService.DoTasksAsync(String[] tasks, CancellationToken cancellationToken) in /home/runner/work/BiliBiliToolPro/BiliBiliToolPro/src/Ray.BiliBiliTool.Console/BiliBiliToolHostedService.cs:line 188
   at Ray.BiliBiliTool.Console.BiliBiliToolHostedService.StartAsync(CancellationToken cancellationToken) in /home/runner/work/BiliBiliToolPro/BiliBiliToolPro/src/Ray.BiliBiliTool.Console/BiliBiliToolHostedService.cs:line 76
[09:33:42 INF] 

========================

 v2.0.1 开源 by https://github.com/RayWangQvQ/BiliBiliToolPro

[09:33:42 INF] ·开始推送·Daily任务·
2023-09-10T01:33:42.7153868Z 开始推送到:PushPlus
2023-09-10T01:33:43.8881768Z Response status: OK.
2023-09-10T01:33:43.8882266Z Response content: {"code":200,"msg":"请求成功","data":"3ed66f289a654e1c9f04810815f2da57","count":null}.

[09:33:43 INF] 运行环境：Development
[09:33:43 INF] 应用目录：/home/runner/work/BiliBiliToolPro/BiliBiliToolPro/src/Ray.BiliBiliTool.Console/bin/Debug/net6.0/

[09:33:43 INF] 运行结束
