----------- ip 信息 ---------
{
  "ip": "20.97.191.143",
  "city": "Boydton",
  "region": "Virginia",
  "country": "US",
  "loc": "36.6676,-78.3875",
  "org": "AS8075 Microsoft Corporation",
  "postal": "23917",
  "timezone": "America/New_York",
  "readme": "https://ipinfo.io/missingauth"
} ---------- end ------------
  ____               ____    _   _____           _  
 |  _ \ __ _ _   _  | __ ) _| |_|_   _|__   ___ | | 
 | |_) / _` | | | | |  _ \(_) (_) | |/ _ \ / _ \| | 
 |  _ < (_| | |_| | | |_) | | | | | | (_) | (_) | | 
 |_| \_\__,_|\__, | |____/|_|_|_| |_|\___/ \___/|_| 
             |___/                                  

[09:33:21 INF] BiliBiliToolPro 开始运行...

[09:33:21 INF] 【账号个数】3个

[09:33:21 INF] 随机休眠4分钟

[09:37:22 INF] 【目标任务】Daily
[09:37:22 INF] ######### 账号 1 #########

[09:37:22 INF] =====开始 每日任务 =====

[09:37:22 INF] ---开始 Set Cookie ---
[09:37:22 INF] Cookie完整，不需要Set Cookie
[09:37:22 INF] -------------结束-------------

[09:37:22 INF] ---开始 登录 ---
[09:37:28 INF] 【用户名】sunxxxxxgzi
[09:37:28 INF] 【会员类型】月度大会员
[09:37:28 INF] 【会员状态】正常
[09:37:28 INF] 【硬币余额】1097.2
[09:37:28 INF] 【距升级Lv6】预计913天
[09:37:28 INF] 登录成功，经验+5 √
[09:37:28 INF] -----结束-----

[09:37:34 INF] ---开始 观看、分享视频 ---
[09:37:56 INF] 【随机视频】这套书写的是动物园里的真实故事，孩子特别愿意读
[09:37:56 INF] 今天已经观看过了，不需要再看啦
[09:38:05 INF] 视频分享成功，经验+5 √
[09:38:05 INF] ----------结束----------

[09:38:05 INF] ---开始 投币 ---
[09:38:05 INF] 已配置为跳过投币任务
[09:38:05 INF] -----结束-----

[09:38:05 INF] ---开始 直播签到 ---
[09:38:13 INF] 【签到结果】成功
[09:38:13 INF] 【本次获取】3000点用户经验,2根辣条,再签到7天可以获得50根辣条
[09:38:13 INF] -------结束-------

[09:38:13 INF] ---开始 漫画签到 ---
[09:38:17 INF] 【签到结果】成功
[09:38:17 INF] -------结束-------

[09:38:17 INF] ---开始 漫画阅读 ---
[09:38:23 INF] 【漫画阅读】成功
[09:38:23 INF] -------结束-------

[09:38:23 INF] ---开始 银瓜子兑换硬币 ---
[09:38:23 INF] 【目标兑换日期】13号
[09:38:23 INF] 【今天】13号
[09:38:27 INF] 【银瓜子余额】 582
[09:38:27 INF] 【硬币余额】 1097
[09:38:27 INF] 【今日剩余兑换次数】 1
[09:38:27 INF] 开始尝试兑换...
[09:38:34 INF] 【兑换结果】失败
[09:38:34 INF] 【原因】银瓜子余额不足
[09:38:34 INF] ----------结束----------

[09:38:34 INF] ---开始 领取大会员福利 ---
[09:38:34 INF] 普通会员和月度大会员每月不赠送B币券，不需要领取权益喽
[09:38:34 INF] ----------结束----------

[09:38:34 INF] ---开始 领取大会员漫画权益 ---
[09:38:34 INF] 【目标日期】1号
[09:38:34 INF] 【今天】13号
[09:38:34 INF] 跳过
[09:38:34 INF] ------------结束------------

[09:38:34 INF] ---开始 B币券充电 ---
[09:38:34 INF] 已配置为关闭，跳过
[09:38:34 INF] --------结束--------

[09:38:34 INF] =========结束=========

[09:38:34 INF] ######### 账号 2 #########

[09:38:34 INF] =====开始 每日任务 =====

[09:38:34 INF] ---开始 Set Cookie ---
[09:38:34 INF] Cookie完整，不需要Set Cookie
[09:38:34 INF] -------------结束-------------

[09:38:34 INF] ---开始 登录 ---
[09:38:41 INF] 【用户名】bilixxxxxxxx1879
[09:38:41 INF] 【会员类型】月度大会员
[09:38:41 INF] 【会员状态】无/过期
[09:38:41 INF] 【硬币余额】537
[09:38:41 INF] 【距升级Lv5】预计196天
[09:38:41 INF] 登录成功，经验+5 √
[09:38:41 INF] -----结束-----

[09:38:46 INF] ---开始 观看、分享视频 ---
[09:39:09 INF] 【随机视频】报告饱饱，我在农大逮住了狐主任！他咋还害羞了？
[09:39:22 INF] 视频播放成功，已观看到第3秒，经验+5 √
[09:39:30 INF] 视频分享成功，经验+5 √
[09:39:30 INF] ----------结束----------

[09:39:30 INF] ---开始 投币 ---
[09:39:30 INF] 已配置为跳过投币任务
[09:39:30 INF] -----结束-----

[09:39:30 INF] ---开始 直播签到 ---
[09:39:37 INF] 【签到结果】成功
[09:39:37 INF] 【本次获取】3000点用户经验,2根辣条,再签到7天可以获得50根辣条
[09:39:37 INF] -------结束-------

[09:39:37 INF] ---开始 漫画签到 ---
[09:39:44 INF] 【签到结果】成功
[09:39:44 INF] -------结束-------

[09:39:44 INF] ---开始 漫画阅读 ---
[09:39:51 INF] 【漫画阅读】成功
[09:39:51 INF] -------结束-------

[09:39:51 INF] ---开始 银瓜子兑换硬币 ---
[09:39:51 INF] 【目标兑换日期】13号
[09:39:51 INF] 【今天】13号
[09:39:58 INF] 【银瓜子余额】 354
[09:39:58 INF] 【硬币余额】 537
[09:39:58 INF] 【今日剩余兑换次数】 1
[09:39:58 INF] 开始尝试兑换...
[09:40:05 INF] 【兑换结果】失败
[09:40:05 INF] 【原因】银瓜子余额不足
[09:40:05 INF] ----------结束----------

[09:40:05 INF] ---开始 领取大会员福利 ---
[09:40:05 INF] 普通会员和月度大会员每月不赠送B币券，不需要领取权益喽
[09:40:05 INF] ----------结束----------

[09:40:05 INF] ---开始 领取大会员漫画权益 ---
[09:40:05 INF] 不是会员，跳过
[09:40:05 INF] ------------结束------------

[09:40:05 INF] ---开始 B币券充电 ---
[09:40:05 INF] 已配置为关闭，跳过
[09:40:05 INF] --------结束--------

[09:40:05 INF] =========结束=========

[09:40:05 INF] ######### 账号 3 #########

[09:40:05 INF] =====开始 每日任务 =====

[09:40:05 INF] ---开始 Set Cookie ---
[09:40:05 INF] Cookie完整，不需要Set Cookie
[09:40:05 INF] -------------结束-------------

[09:40:05 INF] ---开始 登录 ---
[09:40:10 WRN] 登录异常，请检查Cookie是否错误或过期
[09:40:10 ERR] 程序发生异常：登录失败，请检查Cookie
[09:40:10 INF] -----结束-----

[09:40:10 ERR] 程序发生异常：登录失败，请检查Cookie
[09:40:10 INF] =========结束=========

[09:40:10 WRN] 异常：System.Exception: 登录失败，请检查Cookie
   at Ray.BiliBiliTool.Application.DailyTaskAppService.Login() in /home/runner/work/BiliBiliToolPro/BiliBiliToolPro/src/Ray.BiliBiliTool.Application/DailyTaskAppService.cs:line 134
   at Ray.BiliBiliTool.Application.DailyTaskAppService.DoTaskAsync(CancellationToken cancellationToken) in /home/runner/work/BiliBiliToolPro/BiliBiliToolPro/src/Ray.BiliBiliTool.Application/DailyTaskAppService.cs:line 81
   at Ray.BiliBiliTool.Console.BiliBiliToolHostedService.DoTasksAsync(String[] tasks, CancellationToken cancellationToken) in /home/runner/work/BiliBiliToolPro/BiliBiliToolPro/src/Ray.BiliBiliTool.Console/BiliBiliToolHostedService.cs:line 194
   at Ray.BiliBiliTool.Console.BiliBiliToolHostedService.StartAsync(CancellationToken cancellationToken) in /home/runner/work/BiliBiliToolPro/BiliBiliToolPro/src/Ray.BiliBiliTool.Console/BiliBiliToolHostedService.cs:line 76
[09:40:10 INF] 

========================

 v2.0.2 开源 by https://github.com/RayWangQvQ/BiliBiliToolPro

[09:40:10 INF] ·开始推送·Daily任务·
2024-01-13T01:40:10.9585343Z 开始推送到:PushPlus
2024-01-13T01:40:11.7690707Z Response status: OK.
2024-01-13T01:40:11.7691011Z Response content: {"code":200,"msg":"请求成功","data":"8316232e66a04f3bb51a63a3b4639b37","count":null}.

[09:40:11 INF] 运行环境：Development
[09:40:11 INF] 应用目录：/home/runner/work/BiliBiliToolPro/BiliBiliToolPro/src/Ray.BiliBiliTool.Console/bin/Debug/net6.0/

[09:40:11 INF] 运行结束
  ____               ____    _   _____           _  
 |  _ \ __ _ _   _  | __ ) _| |_|_   _|__   ___ | | 
 | |_) / _` | | | | |  _ \(_) (_) | |/ _ \ / _ \| | 
 |  _ < (_| | |_| | | |_) | | | | | | (_) | (_) | | 
 |_| \_\__,_|\__, | |____/|_|_|_| |_|\___/ \___/|_| 
             |___/                                  

[09:40:14 INF] BiliBiliToolPro 开始运行...

[09:40:14 INF] 【账号个数】3个

[09:40:14 INF] 随机休眠1分钟

[09:41:14 INF] 【目标任务】VipBigPoint
[09:41:14 INF] ######### 账号 1 #########

[09:41:14 INF] =====开始 大会员大积分 =====

[09:41:14 INF] 大会员经验领取任务开始
[09:41:22 INF] 大会员经验未兑换
[09:41:28 INF] 领取成功，经验+10 √
[09:41:28 INF] ---开始 测试Cookie ---
[09:41:33 INF] 【用户名】sunxxxxxgzi
[09:41:33 INF] 【会员类型】月度大会员
[09:41:33 INF] 【会员状态】正常
[09:41:33 INF] 【硬币余额】1097.2
[09:41:33 INF] 【距升级Lv6】预计912天
[09:41:33 INF] -----------结束-----------

[09:41:41 INF] ------当前任务状态------
[09:41:41 INF] 打卡：X
[09:41:41 INF] -福利任务
[09:41:41 INF] ---大会员福利大积分：√
[09:41:41 INF] -体验任务
[09:41:41 INF] ---浏览大会员权益页面：√
[09:41:41 INF] -日常任务
[09:41:41 INF] ---浏览装扮商城主页：X
[09:41:41 INF] ---浏览会员购页面10秒：X
[09:41:41 INF] ---购买指定会员购商品：X
[09:41:41 INF] ---浏览追番频道页10秒：X
[09:41:41 INF] ---观看任意正片内容：X
[09:41:41 INF] ---购买单点付费影片：X
[09:41:41 INF] ---购买指定装扮商品：X
[09:41:41 INF] ------------------------

[09:41:41 INF] ---开始 签到 ---
[09:41:44 ERR] 签到失败，继续其他任务。失败信息:{"Code":6007000,"Message":"抱歉，您的账号存在风险，暂时无法参与本任务哦~","Data":null}

[09:41:44 INF] -----结束-----

[09:41:44 INF] ---开始 福利任务 ---
[09:41:44 ERR] 福利任务失败，继续其他任务。失败信息:Object reference not set to an instance of an object.

[09:41:44 INF] -------结束-------

[09:41:44 INF] ---开始 体验任务 ---
[09:41:44 ERR] 体验任务失败，继续其他任务。失败信息:Object reference not set to an instance of an object.

[09:41:44 INF] -------结束-------

[09:41:44 INF] ---开始 浏览追番频道页10秒 ---
[09:41:44 ERR] 浏览追番频道页10秒失败，继续其他任务。失败信息:Object reference not set to an instance of an object.

[09:41:44 INF] -------------结束-------------

[09:41:44 INF] ---开始 浏览会员购页面10秒 ---
[09:41:44 INF] 待实现...
[09:41:44 INF] -------------结束-------------

[09:41:44 INF] ---开始 观看任意正片内容 ---
[09:41:44 ERR] 观看任意正片内容失败，继续其他任务。失败信息:Object reference not set to an instance of an object.

[09:41:44 INF] -----------结束-----------

[09:41:44 INF] ---开始 购买单点付费影片（仅领取） ---
[09:41:44 ERR] 购买单点付费影片（仅领取）失败，继续其他任务。失败信息:Object reference not set to an instance of an object.

[09:41:44 INF] ----------------结束----------------

[09:41:44 INF] ---开始 购买指定会员购商品（仅领取） ---
[09:41:44 ERR] 购买指定会员购商品（仅领取）失败，继续其他任务。失败信息:Object reference not set to an instance of an object.

[09:41:44 INF] -----------------结束-----------------

[09:41:44 ERR] 程序发生异常：Object reference not set to an instance of an object.
[09:41:44 INF] ===========结束===========

[09:41:44 WRN] 异常：System.NullReferenceException: Object reference not set to an instance of an object.
   at Ray.BiliBiliTool.Application.VipBigPointAppService.DoTaskAsync(CancellationToken cancellationToken) in /home/runner/work/BiliBiliToolPro/BiliBiliToolPro/src/Ray.BiliBiliTool.Application/VipBigPointAppService.cs:line 141
   at Ray.BiliBiliTool.Console.BiliBiliToolHostedService.DoTasksAsync(String[] tasks, CancellationToken cancellationToken) in /home/runner/work/BiliBiliToolPro/BiliBiliToolPro/src/Ray.BiliBiliTool.Console/BiliBiliToolHostedService.cs:line 194
   at Ray.BiliBiliTool.Console.BiliBiliToolHostedService.StartAsync(CancellationToken cancellationToken) in /home/runner/work/BiliBiliToolPro/BiliBiliToolPro/src/Ray.BiliBiliTool.Console/BiliBiliToolHostedService.cs:line 76
[09:41:44 INF] ######### 账号 2 #########

[09:41:44 INF] =====开始 大会员大积分 =====

[09:41:44 INF] 大会员经验领取任务开始
[09:41:51 INF] 大会员经验未兑换
[09:41:54 INF] 领取成功，经验+10 √
[09:41:54 INF] ---开始 测试Cookie ---
[09:42:01 INF] 【用户名】bilixxxxxxxx1879
[09:42:01 INF] 【会员类型】月度大会员
[09:42:01 INF] 【会员状态】无/过期
[09:42:01 INF] 【硬币余额】537
[09:42:01 INF] 【距升级Lv5】预计195天
[09:42:01 INF] -----------结束-----------

[09:42:01 INF] 当前不是大会员或已过期，跳过任务
[09:42:01 INF] ===========结束===========

[09:42:01 INF] ######### 账号 3 #########

[09:42:01 INF] =====开始 大会员大积分 =====

[09:42:01 INF] 大会员经验领取任务开始
[09:42:08 INF] ---开始 测试Cookie ---
[09:42:13 WRN] 登录异常，请检查Cookie是否错误或过期
[09:42:13 ERR] 程序发生异常：登录失败，请检查Cookie
[09:42:13 INF] -----------结束-----------

[09:42:13 ERR] 程序发生异常：登录失败，请检查Cookie
[09:42:13 INF] ===========结束===========

[09:42:13 WRN] 异常：System.Exception: 登录失败，请检查Cookie
   at Ray.BiliBiliTool.Application.VipBigPointAppService.GetUserInfo() in /home/runner/work/BiliBiliToolPro/BiliBiliToolPro/src/Ray.BiliBiliTool.Application/VipBigPointAppService.cs:line 150
   at Ray.BiliBiliTool.Application.VipBigPointAppService.DoTaskAsync(CancellationToken cancellationToken) in /home/runner/work/BiliBiliToolPro/BiliBiliToolPro/src/Ray.BiliBiliTool.Application/VipBigPointAppService.cs:line 98
   at Ray.BiliBiliTool.Console.BiliBiliToolHostedService.DoTasksAsync(String[] tasks, CancellationToken cancellationToken) in /home/runner/work/BiliBiliToolPro/BiliBiliToolPro/src/Ray.BiliBiliTool.Console/BiliBiliToolHostedService.cs:line 194
   at Ray.BiliBiliTool.Console.BiliBiliToolHostedService.StartAsync(CancellationToken cancellationToken) in /home/runner/work/BiliBiliToolPro/BiliBiliToolPro/src/Ray.BiliBiliTool.Console/BiliBiliToolHostedService.cs:line 76
[09:42:13 INF] 

========================

 v2.0.2 开源 by https://github.com/RayWangQvQ/BiliBiliToolPro

[09:42:13 INF] ·开始推送·VipBigPoint任务·
2024-01-13T01:42:13.9015032Z 开始推送到:PushPlus
2024-01-13T01:42:14.6362090Z Response status: OK.
2024-01-13T01:42:14.6362446Z Response content: {"code":200,"msg":"请求成功","data":"3a39f13b0bbc47b7a6abf73a224e083c","count":null}.

[09:42:14 INF] 运行环境：Development
[09:42:14 INF] 应用目录：/home/runner/work/BiliBiliToolPro/BiliBiliToolPro/src/Ray.BiliBiliTool.Console/bin/Debug/net6.0/

[09:42:14 INF] 运行结束
