----------- ip 信息 ---------
{
  "ip": "40.84.179.182",
  "city": "San Antonio",
  "region": "Texas",
  "country": "US",
  "loc": "29.4241,-98.4936",
  "org": "AS8075 Microsoft Corporation",
  "postal": "78205",
  "timezone": "America/Chicago",
  "readme": "https://ipinfo.io/missingauth"
} ---------- end ------------
  ____               ____    _   _____           _  
 |  _ \ __ _ _   _  | __ ) _| |_|_   _|__   ___ | | 
 | |_) / _` | | | | |  _ \(_) (_) | |/ _ \ / _ \| | 
 |  _ < (_| | |_| | | |_) | | | | | | (_) | (_) | | 
 |_| \_\__,_|\__, | |____/|_|_|_| |_|\___/ \___/|_| 
             |___/                                  

[09:22:20 INF] BiliBiliToolPro 开始运行...

[09:22:20 INF] 【账号个数】3个

[09:22:20 INF] 随机休眠1分钟

[09:23:20 INF] 【目标任务】Daily
[09:23:20 INF] ######### 账号 1 #########

[09:23:20 INF] =====开始 每日任务 =====

[09:23:20 INF] ---开始 Set Cookie ---
[09:23:20 INF] Cookie完整，不需要Set Cookie
[09:23:21 INF] -------------结束-------------

[09:23:21 INF] ---开始 登录 ---
[09:23:26 INF] 【用户名】sunxxxxxgzi
[09:23:26 INF] 【会员类型】月度大会员
[09:23:26 INF] 【会员状态】无/过期
[09:23:26 INF] 【硬币余额】565.2
[09:23:26 INF] 【距升级Lv6】235天（如每日做满65点经验）
[09:23:26 INF] 登录成功，经验+5 √
[09:23:26 INF] -----结束-----

[09:23:33 INF] ---开始 观看、分享视频 ---
[09:23:55 INF] 【随机视频】起床战争，但是爬！？
[09:23:55 INF] 今天已经观看过了，不需要再看啦
[09:24:04 INF] 视频分享成功，经验+5 √
[09:24:04 INF] ----------结束----------

[09:24:04 INF] ---开始 投币 ---
[09:24:04 INF] 已配置为跳过投币任务
[09:24:04 INF] -----结束-----

[09:24:04 INF] ---开始 直播签到 ---
[09:24:08 INF] 【签到结果】成功
[09:24:08 INF] 【本次获取】3000点用户经验,2根辣条,666银瓜子,再签到15天可以获得50根辣条
[09:24:08 INF] -------结束-------

[09:24:08 INF] ---开始 漫画签到 ---
[09:24:15 INF] 【签到结果】成功
[09:24:15 INF] -------结束-------

[09:24:15 INF] ---开始 漫画阅读 ---
[09:24:18 INF] 【漫画阅读】成功, 阅读漫画为：堀与宫村
[09:24:18 INF] -------结束-------

[09:24:18 INF] ---开始 银瓜子兑换硬币 ---
[09:24:18 INF] 【目标兑换日期】6号
[09:24:18 INF] 【今天】6号
[09:24:23 INF] 【银瓜子余额】 684
[09:24:23 INF] 【硬币余额】 565
[09:24:23 INF] 【今日剩余兑换次数】 1
[09:24:23 INF] 开始尝试兑换...
[09:24:30 INF] 【兑换结果】失败
[09:24:30 INF] 【原因】银瓜子余额不足
[09:24:30 INF] ----------结束----------

[09:24:30 INF] ---开始 领取大会员福利 ---
[09:24:30 INF] 普通会员和月度大会员每月不赠送B币券，不需要领取权益喽
[09:24:30 INF] ----------结束----------

[09:24:30 INF] ---开始 领取大会员漫画权益 ---
[09:24:30 INF] 不是会员，跳过
[09:24:30 INF] ------------结束------------

[09:24:30 INF] ---开始 B币券充电 ---
[09:24:30 INF] 不是年度大会员，跳过
[09:24:30 INF] --------结束--------

[09:24:30 INF] =========结束=========

[09:24:30 INF] ######### 账号 2 #########

[09:24:30 INF] =====开始 每日任务 =====

[09:24:30 INF] ---开始 Set Cookie ---
[09:24:30 INF] Cookie完整，不需要Set Cookie
[09:24:30 INF] -------------结束-------------

[09:24:30 INF] ---开始 登录 ---
[09:24:37 INF] 【用户名】bilixxxxxxxx1879
[09:24:37 INF] 【会员类型】月度大会员
[09:24:37 INF] 【会员状态】无/过期
[09:24:37 INF] 【硬币余额】434
[09:24:37 INF] 【距升级Lv5】68天（如每日做满65点经验）
[09:24:37 INF] 登录成功，经验+5 √
[09:24:37 INF] -----结束-----

[09:24:42 INF] ---开始 观看、分享视频 ---
[09:25:04 INF] 【随机视频】台风来了！漠叔心系渔民抢救食物，减少灾害损失
[09:25:16 INF] 视频播放成功，已观看到第11秒，经验+5 √
[09:25:22 INF] 视频分享成功，经验+5 √
[09:25:22 INF] ----------结束----------

[09:25:22 INF] ---开始 投币 ---
[09:25:22 INF] 已配置为跳过投币任务
[09:25:22 INF] -----结束-----

[09:25:22 INF] ---开始 直播签到 ---
[09:25:30 INF] 【签到结果】成功
[09:25:30 INF] 【本次获取】3000点用户经验,2根辣条,666银瓜子,再签到15天可以获得50根辣条
[09:25:30 INF] -------结束-------

[09:25:30 INF] ---开始 漫画签到 ---
[09:25:34 INF] 【签到结果】成功
[09:25:34 INF] -------结束-------

[09:25:34 INF] ---开始 漫画阅读 ---
[09:25:39 INF] 【漫画阅读】成功, 阅读漫画为：堀与宫村
[09:25:39 INF] -------结束-------

[09:25:39 INF] ---开始 银瓜子兑换硬币 ---
[09:25:39 INF] 【目标兑换日期】6号
[09:25:39 INF] 【今天】6号
[09:25:43 INF] 【银瓜子余额】 1156
[09:25:43 INF] 【硬币余额】 434
[09:25:43 INF] 【今日剩余兑换次数】 1
[09:25:43 INF] 开始尝试兑换...
[09:25:47 INF] 【兑换结果】成功兑换 1 枚硬币
[09:25:47 INF] 【银瓜子余额】 456
[09:25:54 INF] 【硬币余额】 System.Runtime.CompilerServices.AsyncTaskMethodBuilder`1+AsyncStateMachineBox`1[System.Decimal,Ray.BiliBiliTool.DomainService.CoinDomainService+<GetCoinBalance>d__3]
[09:25:54 INF] ----------结束----------

[09:25:54 INF] ---开始 领取大会员福利 ---
[09:25:54 INF] 普通会员和月度大会员每月不赠送B币券，不需要领取权益喽
[09:25:54 INF] ----------结束----------

[09:25:54 INF] ---开始 领取大会员漫画权益 ---
[09:25:54 INF] 不是会员，跳过
[09:25:54 INF] ------------结束------------

[09:25:54 INF] ---开始 B币券充电 ---
[09:25:54 INF] 不是年度大会员，跳过
[09:25:54 INF] --------结束--------

[09:25:54 INF] =========结束=========

[09:25:54 INF] ######### 账号 3 #########

[09:25:54 INF] =====开始 每日任务 =====

[09:25:54 INF] ---开始 Set Cookie ---
[09:25:54 INF] Cookie完整，不需要Set Cookie
[09:25:54 INF] -------------结束-------------

[09:25:54 INF] ---开始 登录 ---
[09:26:00 WRN] 登录异常，请检查Cookie是否错误或过期
[09:26:00 ERR] 程序发生异常：登录失败，请检查Cookie
[09:26:00 INF] -----结束-----

[09:26:00 ERR] 程序发生异常：登录失败，请检查Cookie
[09:26:00 INF] =========结束=========

[09:26:00 WRN] 异常：System.Exception: 登录失败，请检查Cookie
   at Ray.BiliBiliTool.Application.DailyTaskAppService.Login() in /home/runner/work/BiliBiliToolPro/BiliBiliToolPro/src/Ray.BiliBiliTool.Application/DailyTaskAppService.cs:line 127
   at Ray.BiliBiliTool.Application.DailyTaskAppService.DoTaskAsync(CancellationToken cancellationToken) in /home/runner/work/BiliBiliToolPro/BiliBiliToolPro/src/Ray.BiliBiliTool.Application/DailyTaskAppService.cs:line 78
   at Ray.BiliBiliTool.Console.BiliBiliToolHostedService.DoTasksAsync(String[] tasks, CancellationToken cancellationToken) in /home/runner/work/BiliBiliToolPro/BiliBiliToolPro/src/Ray.BiliBiliTool.Console/BiliBiliToolHostedService.cs:line 188
   at Ray.BiliBiliTool.Console.BiliBiliToolHostedService.StartAsync(CancellationToken cancellationToken) in /home/runner/work/BiliBiliToolPro/BiliBiliToolPro/src/Ray.BiliBiliTool.Console/BiliBiliToolHostedService.cs:line 76
[09:26:00 INF] 

========================

 v2.0.1 开源 by https://github.com/RayWangQvQ/BiliBiliToolPro

[09:26:00 INF] ·开始推送·Daily任务·
2023-10-06T01:26:00.9857925Z 开始推送到:PushPlus
2023-10-06T01:26:02.2904801Z Response status: OK.
2023-10-06T01:26:02.2905314Z Response content: {"code":200,"msg":"请求成功","data":"354e30e94f03407ab50131980758cccd","count":null}.

[09:26:02 INF] 运行环境：Development
[09:26:02 INF] 应用目录：/home/runner/work/BiliBiliToolPro/BiliBiliToolPro/src/Ray.BiliBiliTool.Console/bin/Debug/net6.0/

[09:26:02 INF] 运行结束
