----------- ip 信息 ---------
{
  "ip": "172.183.132.105",
  "city": "Chicago",
  "region": "Illinois",
  "country": "US",
  "loc": "41.8500,-87.6500",
  "org": "AS8075 Microsoft Corporation",
  "postal": "60666",
  "timezone": "America/Chicago",
  "readme": "https://ipinfo.io/missingauth"
} ---------- end ------------
  ____               ____    _   _____           _  
 |  _ \ __ _ _   _  | __ ) _| |_|_   _|__   ___ | | 
 | |_) / _` | | | | |  _ \(_) (_) | |/ _ \ / _ \| | 
 |  _ < (_| | |_| | | |_) | | | | | | (_) | (_) | | 
 |_| \_\__,_|\__, | |____/|_|_|_| |_|\___/ \___/|_| 
             |___/                                  

[09:32:34 INF] BiliBiliToolPro 开始运行...

[09:32:34 INF] 【账号个数】3个

[09:32:34 INF] 随机休眠2分钟

[09:34:34 INF] 【目标任务】Daily
[09:34:34 INF] ######### 账号 1 #########

[09:34:34 INF] =====开始 每日任务 =====

[09:34:34 INF] ---开始 Set Cookie ---
[09:34:34 INF] Cookie完整，不需要Set Cookie
[09:34:34 INF] -------------结束-------------

[09:34:34 INF] ---开始 登录 ---
[09:34:41 INF] 【用户名】sunxxxxxgzi
[09:34:41 INF] 【会员类型】月度大会员
[09:34:41 INF] 【会员状态】正常
[09:34:41 INF] 【硬币余额】1183.2
[09:34:41 INF] 【距升级Lv6】预计756天
[09:34:41 INF] 登录成功，经验+5 √
[09:34:41 INF] -----结束-----

[09:34:45 INF] ---开始 观看、分享视频 ---
[09:35:10 INF] 【随机视频】【亮记生物鉴定】网络热传生物鉴定30
[09:35:20 INF] 视频播放成功，已观看到第14秒，经验+5 √
[09:35:24 INF] 视频分享成功，经验+5 √
[09:35:24 INF] ----------结束----------

[09:35:24 INF] ---开始 投币 ---
[09:35:24 INF] 已配置为跳过投币任务
[09:35:24 INF] -----结束-----

[09:35:24 INF] ---开始 直播签到 ---
[09:35:29 INF] 【签到结果】成功
[09:35:29 INF] 【本次获取】3000点用户经验,2根辣条,再签到13天可以获得50根辣条
[09:35:29 INF] -------结束-------

[09:35:29 INF] ---开始 漫画签到 ---
[09:35:34 INF] 【签到结果】成功
[09:35:34 INF] -------结束-------

[09:35:34 INF] ---开始 漫画阅读 ---
[09:35:38 INF] 【漫画阅读】成功
[09:35:38 INF] -------结束-------

[09:35:38 INF] ---开始 银瓜子兑换硬币 ---
[09:35:38 INF] 【目标兑换日期】7号
[09:35:38 INF] 【今天】7号
[09:35:44 INF] 【银瓜子余额】 480
[09:35:44 INF] 【硬币余额】 1183
[09:35:44 INF] 【今日剩余兑换次数】 1
[09:35:44 INF] 开始尝试兑换...
[09:35:47 INF] 【兑换结果】失败
[09:35:47 INF] 【原因】银瓜子余额不足
[09:35:47 INF] ----------结束----------

[09:35:47 INF] ---开始 领取大会员福利 ---
[09:35:47 INF] 普通会员和月度大会员每月不赠送B币券，不需要领取权益喽
[09:35:47 INF] ----------结束----------

[09:35:47 INF] ---开始 领取大会员漫画权益 ---
[09:35:47 INF] 【目标日期】1号
[09:35:47 INF] 【今天】7号
[09:35:47 INF] 跳过
[09:35:47 INF] ------------结束------------

[09:35:47 INF] ---开始 B币券充电 ---
[09:35:47 INF] 已配置为关闭，跳过
[09:35:47 INF] --------结束--------

[09:35:47 INF] =========结束=========

[09:35:47 INF] ######### 账号 2 #########

[09:35:47 INF] =====开始 每日任务 =====

[09:35:47 INF] ---开始 Set Cookie ---
[09:35:47 INF] Cookie完整，不需要Set Cookie
[09:35:47 INF] -------------结束-------------

[09:35:47 INF] ---开始 登录 ---
[09:35:52 INF] 【用户名】bilixxxxxxxx1879
[09:35:52 INF] 【会员类型】月度大会员
[09:35:52 INF] 【会员状态】无/过期
[09:35:52 INF] 【硬币余额】609
[09:35:52 INF] 【距升级Lv5】预计91天
[09:35:52 INF] 登录成功，经验+5 √
[09:35:52 INF] -----结束-----

[09:35:59 INF] ---开始 观看、分享视频 ---
[09:36:20 INF] 【随机视频】劫 婚
[09:36:33 INF] 视频播放成功，已观看到第13秒，经验+5 √
[09:36:39 INF] 视频分享成功，经验+5 √
[09:36:39 INF] ----------结束----------

[09:36:39 INF] ---开始 投币 ---
[09:36:39 INF] 已配置为跳过投币任务
[09:36:39 INF] -----结束-----

[09:36:39 INF] ---开始 直播签到 ---
[09:36:45 INF] 【签到结果】成功
[09:36:45 INF] 【本次获取】3000点用户经验,2根辣条,再签到13天可以获得50根辣条
[09:36:45 INF] -------结束-------

[09:36:45 INF] ---开始 漫画签到 ---
[09:36:48 INF] 【签到结果】成功
[09:36:48 INF] -------结束-------

[09:36:48 INF] ---开始 漫画阅读 ---
[09:36:54 INF] 【漫画阅读】成功
[09:36:54 INF] -------结束-------

[09:36:54 INF] ---开始 银瓜子兑换硬币 ---
[09:36:54 INF] 【目标兑换日期】7号
[09:36:54 INF] 【今天】7号
[09:36:59 INF] 【银瓜子余额】 252
[09:36:59 INF] 【硬币余额】 609
[09:36:59 INF] 【今日剩余兑换次数】 1
[09:36:59 INF] 开始尝试兑换...
[09:37:07 INF] 【兑换结果】失败
[09:37:07 INF] 【原因】银瓜子余额不足
[09:37:07 INF] ----------结束----------

[09:37:07 INF] ---开始 领取大会员福利 ---
[09:37:07 INF] 普通会员和月度大会员每月不赠送B币券，不需要领取权益喽
[09:37:07 INF] ----------结束----------

[09:37:07 INF] ---开始 领取大会员漫画权益 ---
[09:37:07 INF] 不是会员，跳过
[09:37:07 INF] ------------结束------------

[09:37:07 INF] ---开始 B币券充电 ---
[09:37:07 INF] 已配置为关闭，跳过
[09:37:07 INF] --------结束--------

[09:37:07 INF] =========结束=========

[09:37:07 INF] ######### 账号 3 #########

[09:37:07 INF] =====开始 每日任务 =====

[09:37:07 INF] ---开始 Set Cookie ---
[09:37:07 INF] Cookie完整，不需要Set Cookie
[09:37:07 INF] -------------结束-------------

[09:37:07 INF] ---开始 登录 ---
[09:37:10 WRN] 登录异常，请检查Cookie是否错误或过期
[09:37:10 ERR] 程序发生异常：登录失败，请检查Cookie
[09:37:10 INF] -----结束-----

[09:37:10 ERR] 程序发生异常：登录失败，请检查Cookie
[09:37:10 INF] =========结束=========

[09:37:10 WRN] 异常：System.Exception: 登录失败，请检查Cookie
   at Ray.BiliBiliTool.Application.DailyTaskAppService.Login() in /home/runner/work/BiliBiliToolPro/BiliBiliToolPro/src/Ray.BiliBiliTool.Application/DailyTaskAppService.cs:line 134
   at Ray.BiliBiliTool.Application.DailyTaskAppService.DoTaskAsync(CancellationToken cancellationToken) in /home/runner/work/BiliBiliToolPro/BiliBiliToolPro/src/Ray.BiliBiliTool.Application/DailyTaskAppService.cs:line 81
   at Ray.BiliBiliTool.Console.BiliBiliToolHostedService.DoTasksAsync(String[] tasks, CancellationToken cancellationToken) in /home/runner/work/BiliBiliToolPro/BiliBiliToolPro/src/Ray.BiliBiliTool.Console/BiliBiliToolHostedService.cs:line 194
   at Ray.BiliBiliTool.Console.BiliBiliToolHostedService.StartAsync(CancellationToken cancellationToken) in /home/runner/work/BiliBiliToolPro/BiliBiliToolPro/src/Ray.BiliBiliTool.Console/BiliBiliToolHostedService.cs:line 76
[09:37:10 INF] 

========================

 v2.0.2 开源 by https://github.com/RayWangQvQ/BiliBiliToolPro

[09:37:10 INF] ·开始推送·Daily任务·
2024-04-07T01:37:10.4873241Z 开始推送到:PushPlus
2024-04-07T01:37:11.5967234Z Response status: OK.
2024-04-07T01:37:11.5967591Z Response content: {"code":200,"msg":"请求成功","data":"853f73d014f84f04b234c7767c0e1a2c","count":null}.

[09:37:11 INF] 运行环境：Development
[09:37:11 INF] 应用目录：/home/runner/work/BiliBiliToolPro/BiliBiliToolPro/src/Ray.BiliBiliTool.Console/bin/Debug/net6.0/

[09:37:11 INF] 运行结束
  ____               ____    _   _____           _  
 |  _ \ __ _ _   _  | __ ) _| |_|_   _|__   ___ | | 
 | |_) / _` | | | | |  _ \(_) (_) | |/ _ \ / _ \| | 
 |  _ < (_| | |_| | | |_) | | | | | | (_) | (_) | | 
 |_| \_\__,_|\__, | |____/|_|_|_| |_|\___/ \___/|_| 
             |___/                                  

[09:37:14 INF] BiliBiliToolPro 开始运行...

[09:37:14 INF] 【账号个数】3个

[09:37:14 INF] 随机休眠4分钟

[09:41:14 INF] 【目标任务】VipBigPoint
[09:41:14 INF] ######### 账号 1 #########

[09:41:14 INF] =====开始 大会员大积分 =====

[09:41:14 INF] 大会员经验领取任务开始
[09:41:21 INF] 大会员经验未兑换
[09:41:27 INF] 领取成功，经验+10 √
[09:41:27 INF] ---开始 测试Cookie ---
[09:41:33 INF] 【用户名】sunxxxxxgzi
[09:41:33 INF] 【会员类型】月度大会员
[09:41:33 INF] 【会员状态】正常
[09:41:33 INF] 【硬币余额】1183.2
[09:41:33 INF] 【距升级Lv6】预计754天
[09:41:33 INF] -----------结束-----------

[09:41:38 INF] ------当前任务状态------
[09:41:38 INF] 打卡：X
[09:41:38 INF] -福利任务
[09:41:38 INF] ---大会员福利大积分：√
[09:41:38 INF] -体验任务
[09:41:38 INF] ---浏览大会员权益页面：√
[09:41:38 INF] -日常任务
[09:41:38 INF] ---浏览装扮商城主页：X
[09:41:38 INF] ---浏览会员购页面10秒：X
[09:41:38 INF] ---购买指定会员购商品：X
[09:41:38 INF] ---浏览追番频道页10秒：X
[09:41:38 INF] ---观看剧集内容：X
[09:41:38 INF] ---购买单点付费影片：X
[09:41:38 INF] ---购买指定装扮商品：X
[09:41:38 INF] ------------------------

[09:41:38 INF] ---开始 签到 ---
[09:41:43 ERR] 签到失败，继续其他任务。失败信息:{"Code":6007000,"Message":"抱歉，您的账号存在风险，暂时无法参与本任务哦~","Data":null}

[09:41:43 INF] -----结束-----

[09:41:43 INF] ---开始 福利任务 ---
[09:41:43 ERR] 福利任务失败，继续其他任务。失败信息:Object reference not set to an instance of an object.

[09:41:43 INF] -------结束-------

[09:41:43 INF] ---开始 体验任务 ---
[09:41:43 ERR] 体验任务失败，继续其他任务。失败信息:Object reference not set to an instance of an object.

[09:41:43 INF] -------结束-------

[09:41:43 INF] ---开始 浏览追番频道页10秒 ---
[09:41:43 ERR] 浏览追番频道页10秒失败，继续其他任务。失败信息:Object reference not set to an instance of an object.

[09:41:43 INF] -------------结束-------------

[09:41:43 INF] ---开始 浏览会员购页面10秒 ---
[09:41:43 INF] 待实现...
[09:41:43 INF] -------------结束-------------

[09:41:43 INF] ---开始 观看任意正片内容 ---
[09:41:43 ERR] 观看任意正片内容失败，继续其他任务。失败信息:Object reference not set to an instance of an object.

[09:41:43 INF] -----------结束-----------

[09:41:43 INF] ---开始 购买单点付费影片（仅领取） ---
[09:41:43 ERR] 购买单点付费影片（仅领取）失败，继续其他任务。失败信息:Object reference not set to an instance of an object.

[09:41:43 INF] ----------------结束----------------

[09:41:43 INF] ---开始 购买指定会员购商品（仅领取） ---
[09:41:43 ERR] 购买指定会员购商品（仅领取）失败，继续其他任务。失败信息:Object reference not set to an instance of an object.

[09:41:43 INF] -----------------结束-----------------

[09:41:43 ERR] 程序发生异常：Object reference not set to an instance of an object.
[09:41:43 INF] ===========结束===========

[09:41:43 WRN] 异常：System.NullReferenceException: Object reference not set to an instance of an object.
   at Ray.BiliBiliTool.Application.VipBigPointAppService.DoTaskAsync(CancellationToken cancellationToken) in /home/runner/work/BiliBiliToolPro/BiliBiliToolPro/src/Ray.BiliBiliTool.Application/VipBigPointAppService.cs:line 141
   at Ray.BiliBiliTool.Console.BiliBiliToolHostedService.DoTasksAsync(String[] tasks, CancellationToken cancellationToken) in /home/runner/work/BiliBiliToolPro/BiliBiliToolPro/src/Ray.BiliBiliTool.Console/BiliBiliToolHostedService.cs:line 194
   at Ray.BiliBiliTool.Console.BiliBiliToolHostedService.StartAsync(CancellationToken cancellationToken) in /home/runner/work/BiliBiliToolPro/BiliBiliToolPro/src/Ray.BiliBiliTool.Console/BiliBiliToolHostedService.cs:line 76
[09:41:43 INF] ######### 账号 2 #########

[09:41:43 INF] =====开始 大会员大积分 =====

[09:41:43 INF] 大会员经验领取任务开始
[09:41:49 INF] 大会员经验未兑换
[09:41:52 INF] 领取成功，经验+10 √
[09:41:52 INF] ---开始 测试Cookie ---
[09:41:56 INF] 【用户名】bilixxxxxxxx1879
[09:41:56 INF] 【会员类型】月度大会员
[09:41:56 INF] 【会员状态】无/过期
[09:41:56 INF] 【硬币余额】609
[09:41:56 INF] 【距升级Lv5】预计90天
[09:41:56 INF] -----------结束-----------

[09:41:56 INF] 当前不是大会员或已过期，跳过任务
[09:41:56 INF] ===========结束===========

[09:41:56 INF] ######### 账号 3 #########

[09:41:56 INF] =====开始 大会员大积分 =====

[09:41:56 INF] 大会员经验领取任务开始
[09:42:03 INF] ---开始 测试Cookie ---
[09:42:08 WRN] 登录异常，请检查Cookie是否错误或过期
[09:42:08 ERR] 程序发生异常：登录失败，请检查Cookie
[09:42:08 INF] -----------结束-----------

[09:42:08 ERR] 程序发生异常：登录失败，请检查Cookie
[09:42:08 INF] ===========结束===========

[09:42:08 WRN] 异常：System.Exception: 登录失败，请检查Cookie
   at Ray.BiliBiliTool.Application.VipBigPointAppService.GetUserInfo() in /home/runner/work/BiliBiliToolPro/BiliBiliToolPro/src/Ray.BiliBiliTool.Application/VipBigPointAppService.cs:line 150
   at Ray.BiliBiliTool.Application.VipBigPointAppService.DoTaskAsync(CancellationToken cancellationToken) in /home/runner/work/BiliBiliToolPro/BiliBiliToolPro/src/Ray.BiliBiliTool.Application/VipBigPointAppService.cs:line 98
   at Ray.BiliBiliTool.Console.BiliBiliToolHostedService.DoTasksAsync(String[] tasks, CancellationToken cancellationToken) in /home/runner/work/BiliBiliToolPro/BiliBiliToolPro/src/Ray.BiliBiliTool.Console/BiliBiliToolHostedService.cs:line 194
   at Ray.BiliBiliTool.Console.BiliBiliToolHostedService.StartAsync(CancellationToken cancellationToken) in /home/runner/work/BiliBiliToolPro/BiliBiliToolPro/src/Ray.BiliBiliTool.Console/BiliBiliToolHostedService.cs:line 76
[09:42:08 INF] 

========================

 v2.0.2 开源 by https://github.com/RayWangQvQ/BiliBiliToolPro

[09:42:08 INF] ·开始推送·VipBigPoint任务·
2024-04-07T01:42:08.0880904Z 开始推送到:PushPlus
2024-04-07T01:42:08.7844153Z Response status: OK.
2024-04-07T01:42:08.7844579Z Response content: {"code":200,"msg":"请求成功","data":"8f362d519c724a4aac07f513a429d138","count":null}.

[09:42:08 INF] 运行环境：Development
[09:42:08 INF] 应用目录：/home/runner/work/BiliBiliToolPro/BiliBiliToolPro/src/Ray.BiliBiliTool.Console/bin/Debug/net6.0/

[09:42:08 INF] 运行结束
