----------- ip 信息 ---------
{
  "ip": "70.37.166.255",
  "city": "San Antonio",
  "region": "Texas",
  "country": "US",
  "loc": "29.4241,-98.4936",
  "org": "AS8075 Microsoft Corporation",
  "postal": "78205",
  "timezone": "America/Chicago",
  "readme": "https://ipinfo.io/missingauth"
} ---------- end ------------
  ____               ____    _   _____           _  
 |  _ \ __ _ _   _  | __ ) _| |_|_   _|__   ___ | | 
 | |_) / _` | | | | |  _ \(_) (_) | |/ _ \ / _ \| | 
 |  _ < (_| | |_| | | |_) | | | | | | (_) | (_) | | 
 |_| \_\__,_|\__, | |____/|_|_|_| |_|\___/ \___/|_| 
             |___/                                  

[09:19:29 INF] BiliBiliToolPro 开始运行...

[09:19:29 INF] 【账号个数】3个

[09:19:29 INF] 随机休眠1分钟

[09:20:29 INF] 【目标任务】Daily
[09:20:29 INF] ######### 账号 1 #########

[09:20:29 INF] =====开始 每日任务 =====

[09:20:29 INF] ---开始 Set Cookie ---
[09:20:29 INF] Cookie完整，不需要Set Cookie
[09:20:29 INF] -------------结束-------------

[09:20:29 INF] ---开始 登录 ---
[09:20:35 INF] 【用户名】sunxxxxxgzi
[09:20:35 INF] 【会员类型】月度大会员
[09:20:35 INF] 【会员状态】无/过期
[09:20:35 INF] 【硬币余额】512.2
[09:20:35 INF] 【距升级Lv6】249天（如每日做满65点经验）
[09:20:35 INF] 登录成功，经验+5 √
[09:20:35 INF] -----结束-----

[09:20:43 INF] ---开始 观看、分享视频 ---
[09:21:08 INF] 【随机视频】Vanilla Crystal PVP × 琵琶行‖渲染测试
[09:21:21 INF] 视频播放成功，已观看到第4秒，经验+5 √
[09:21:28 INF] 视频分享成功，经验+5 √
[09:21:28 INF] ----------结束----------

[09:21:28 INF] ---开始 投币 ---
[09:21:28 INF] 已配置为跳过投币任务
[09:21:28 INF] -----结束-----

[09:21:28 INF] ---开始 直播签到 ---
[09:21:34 INF] 【签到结果】成功
[09:21:34 INF] 【本次获取】3000点用户经验,2根辣条,
[09:21:34 INF] -------结束-------

[09:21:34 INF] ---开始 漫画签到 ---
[09:21:37 INF] 【签到结果】成功
[09:21:37 INF] -------结束-------

[09:21:37 INF] ---开始 漫画阅读 ---
[09:21:43 INF] 【漫画阅读】成功, 阅读漫画为：堀与宫村
[09:21:43 INF] -------结束-------

[09:21:43 INF] ---开始 银瓜子兑换硬币 ---
[09:21:43 INF] 【目标兑换日期】21号
[09:21:43 INF] 【今天】21号
[09:21:47 INF] 【银瓜子余额】 52
[09:21:47 INF] 【硬币余额】 512
[09:21:47 INF] 【今日剩余兑换次数】 1
[09:21:47 INF] 开始尝试兑换...
[09:21:54 INF] 【兑换结果】失败
[09:21:54 INF] 【原因】银瓜子余额不足
[09:21:54 INF] ----------结束----------

[09:21:54 INF] ---开始 领取大会员福利 ---
[09:21:54 INF] 普通会员和月度大会员每月不赠送B币券，不需要领取权益喽
[09:21:54 INF] ----------结束----------

[09:21:54 INF] ---开始 领取大会员漫画权益 ---
[09:21:54 INF] 不是会员，跳过
[09:21:54 INF] ------------结束------------

[09:21:54 INF] ---开始 B币券充电 ---
[09:21:54 INF] 不是年度大会员，跳过
[09:21:54 INF] --------结束--------

[09:21:54 INF] =========结束=========

[09:21:54 INF] ######### 账号 2 #########

[09:21:54 INF] =====开始 每日任务 =====

[09:21:54 INF] ---开始 Set Cookie ---
[09:21:54 INF] Cookie完整，不需要Set Cookie
[09:21:54 INF] -------------结束-------------

[09:21:54 INF] ---开始 登录 ---
[09:21:58 INF] 【用户名】bilixxxxxxxx1879
[09:21:58 INF] 【会员类型】月度大会员
[09:21:58 INF] 【会员状态】无/过期
[09:21:58 INF] 【硬币余额】391
[09:21:58 INF] 【距升级Lv5】78天（如每日做满65点经验）
[09:21:58 INF] 登录成功，经验+5 √
[09:21:58 INF] -----结束-----

[09:22:03 INF] ---开始 观看、分享视频 ---
[09:22:23 INF] 【随机视频】【亮记生物鉴定】网络热传生物鉴定29
[09:22:33 INF] 视频播放成功，已观看到第7秒，经验+5 √
[09:22:39 INF] 视频分享成功，经验+5 √
[09:22:39 INF] ----------结束----------

[09:22:39 INF] ---开始 投币 ---
[09:22:39 INF] 已配置为跳过投币任务
[09:22:39 INF] -----结束-----

[09:22:39 INF] ---开始 直播签到 ---
[09:22:43 INF] 【签到结果】成功
[09:22:43 INF] 【本次获取】3000点用户经验,2根辣条,
[09:22:43 INF] -------结束-------

[09:22:43 INF] ---开始 漫画签到 ---
[09:22:48 INF] 【签到结果】成功
[09:22:48 INF] -------结束-------

[09:22:48 INF] ---开始 漫画阅读 ---
[09:22:55 INF] 【漫画阅读】成功, 阅读漫画为：堀与宫村
[09:22:55 INF] -------结束-------

[09:22:55 INF] ---开始 银瓜子兑换硬币 ---
[09:22:55 INF] 【目标兑换日期】21号
[09:22:55 INF] 【今天】21号
[09:22:58 INF] 【银瓜子余额】 524
[09:22:58 INF] 【硬币余额】 391
[09:22:58 INF] 【今日剩余兑换次数】 1
[09:22:58 INF] 开始尝试兑换...
[09:23:04 INF] 【兑换结果】失败
[09:23:04 INF] 【原因】银瓜子余额不足
[09:23:04 INF] ----------结束----------

[09:23:04 INF] ---开始 领取大会员福利 ---
[09:23:04 INF] 普通会员和月度大会员每月不赠送B币券，不需要领取权益喽
[09:23:04 INF] ----------结束----------

[09:23:04 INF] ---开始 领取大会员漫画权益 ---
[09:23:04 INF] 不是会员，跳过
[09:23:04 INF] ------------结束------------

[09:23:04 INF] ---开始 B币券充电 ---
[09:23:04 INF] 不是年度大会员，跳过
[09:23:04 INF] --------结束--------

[09:23:04 INF] =========结束=========

[09:23:04 INF] ######### 账号 3 #########

[09:23:04 INF] =====开始 每日任务 =====

[09:23:04 INF] ---开始 Set Cookie ---
[09:23:04 INF] Cookie完整，不需要Set Cookie
[09:23:04 INF] -------------结束-------------

[09:23:04 INF] ---开始 登录 ---
[09:23:09 WRN] 登录异常，请检查Cookie是否错误或过期
[09:23:09 ERR] 程序发生异常：登录失败，请检查Cookie
[09:23:09 INF] -----结束-----

[09:23:09 ERR] 程序发生异常：登录失败，请检查Cookie
[09:23:09 INF] =========结束=========

[09:23:09 WRN] 异常：System.Exception: 登录失败，请检查Cookie
   at Ray.BiliBiliTool.Application.DailyTaskAppService.Login() in /home/runner/work/BiliBiliToolPro/BiliBiliToolPro/src/Ray.BiliBiliTool.Application/DailyTaskAppService.cs:line 127
   at Ray.BiliBiliTool.Application.DailyTaskAppService.DoTaskAsync(CancellationToken cancellationToken) in /home/runner/work/BiliBiliToolPro/BiliBiliToolPro/src/Ray.BiliBiliTool.Application/DailyTaskAppService.cs:line 78
   at Ray.BiliBiliTool.Console.BiliBiliToolHostedService.DoTasksAsync(String[] tasks, CancellationToken cancellationToken) in /home/runner/work/BiliBiliToolPro/BiliBiliToolPro/src/Ray.BiliBiliTool.Console/BiliBiliToolHostedService.cs:line 188
   at Ray.BiliBiliTool.Console.BiliBiliToolHostedService.StartAsync(CancellationToken cancellationToken) in /home/runner/work/BiliBiliToolPro/BiliBiliToolPro/src/Ray.BiliBiliTool.Console/BiliBiliToolHostedService.cs:line 76
[09:23:09 INF] 

========================

 v2.0.1 开源 by https://github.com/RayWangQvQ/BiliBiliToolPro

[09:23:09 INF] ·开始推送·Daily任务·
2023-08-21T01:23:09.4028793Z 开始推送到:PushPlus
2023-08-21T01:23:10.2232820Z Response status: OK.
2023-08-21T01:23:10.2233240Z Response content: {"code":200,"msg":"请求成功","data":"5b7dae1704f54f188c8e50b29a398073","count":null}.

[09:23:10 INF] 运行环境：Development
[09:23:10 INF] 应用目录：/home/runner/work/BiliBiliToolPro/BiliBiliToolPro/src/Ray.BiliBiliTool.Console/bin/Debug/net6.0/

[09:23:10 INF] 运行结束
