----------- ip 信息 ---------
{
  "ip": "104.28.236.214",
  "city": "Richmond",
  "region": "Virginia",
  "country": "US",
  "loc": "37.5538,-77.4603",
  "org": "AS13335 Cloudflare, Inc.",
  "postal": "23173",
  "timezone": "America/New_York",
  "readme": "https://ipinfo.io/missingauth"
} ---------- end ------------
  ____               ____    _   _____           _  
 |  _ \ __ _ _   _  | __ ) _| |_|_   _|__   ___ | | 
 | |_) / _` | | | | |  _ \(_) (_) | |/ _ \ / _ \| | 
 |  _ < (_| | |_| | | |_) | | | | | | (_) | (_) | | 
 |_| \_\__,_|\__, | |____/|_|_|_| |_|\___/ \___/|_| 
             |___/                                  

[09:43:12 INF] BiliBiliToolPro 开始运行...

[09:43:12 INF] 【账号个数】3个

[09:43:12 INF] 随机休眠4分钟

[09:47:12 INF] 【目标任务】Daily
[09:47:12 INF] ######### 账号 1 #########

[09:47:13 INF] =====开始 每日任务 =====

[09:47:13 INF] ---开始 Set Cookie ---
[09:47:13 INF] Cookie完整，不需要Set Cookie
[09:47:13 INF] -------------结束-------------

[09:47:13 INF] ---开始 登录 ---
[09:47:17 INF] 【用户名】waxxxx12
[09:47:17 INF] 【会员类型】月度大会员
[09:47:17 INF] 【会员状态】无/过期
[09:47:17 INF] 【硬币余额】403.2
[09:47:17 INF] 【距升级Lv5】16天（如每日做满65点经验）
[09:47:17 INF] 登录成功，经验+5 √
[09:47:17 INF] -----结束-----

[09:47:24 INF] ---开始 观看、分享视频 ---
[09:47:39 INF] 【随机视频】一年未见地雷怀孕，漠叔不认帐了
[09:47:51 INF] 视频播放成功，已观看到第5秒，经验+5 √
[09:47:54 INF] 视频分享成功，经验+5 √
[09:47:54 INF] ----------结束----------

[09:47:54 INF] ---开始 投币 ---
[09:47:54 INF] 已配置为跳过投币任务
[09:47:54 INF] -----结束-----

[09:47:54 INF] ---开始 直播签到 ---
[09:47:59 INF] 【签到结果】成功
[09:47:59 INF] 【本次获取】3000点用户经验,2根辣条,
[09:47:59 INF] -------结束-------

[09:47:59 INF] ---开始 漫画签到 ---
[09:48:04 INF] 【签到结果】成功
[09:48:04 INF] -------结束-------

[09:48:05 INF] ---开始 漫画阅读 ---
[09:48:12 INF] 【漫画阅读】成功, 阅读漫画为：堀与宫村
[09:48:12 INF] -------结束-------

[09:48:12 INF] ---开始 银瓜子兑换硬币 ---
[09:48:12 INF] 【目标兑换日期】24号
[09:48:12 INF] 【今天】24号
[09:48:16 INF] 【银瓜子余额】 88
[09:48:16 INF] 【硬币余额】 403
[09:48:16 INF] 【今日剩余兑换次数】 1
[09:48:16 INF] 开始尝试兑换...
[09:48:23 INF] 【兑换结果】失败
[09:48:23 INF] 【原因】银瓜子余额不足
[09:48:23 INF] ----------结束----------

[09:48:23 INF] ---开始 领取大会员福利 ---
[09:48:23 INF] 普通会员和月度大会员每月不赠送B币券，不需要领取权益喽
[09:48:23 INF] ----------结束----------

[09:48:23 INF] ---开始 领取大会员漫画权益 ---
[09:48:23 INF] 不是会员，跳过
[09:48:23 INF] ------------结束------------

[09:48:23 INF] ---开始 B币券充电 ---
[09:48:23 INF] 不是年度大会员，跳过
[09:48:23 INF] --------结束--------

[09:48:23 INF] =========结束=========

[09:48:23 INF] ######### 账号 2 #########

[09:48:23 INF] =====开始 每日任务 =====

[09:48:23 INF] ---开始 Set Cookie ---
[09:48:23 INF] Cookie完整，不需要Set Cookie
[09:48:23 INF] -------------结束-------------

[09:48:23 INF] ---开始 登录 ---
[09:48:29 INF] 【用户名】bilixxxxxxxx1879
[09:48:29 INF] 【会员类型】月度大会员
[09:48:29 INF] 【会员状态】无/过期
[09:48:29 INF] 【硬币余额】267
[09:48:29 INF] 【距升级Lv4】7天（如每日做满65点经验）
[09:48:29 INF] 登录成功，经验+5 √
[09:48:29 INF] -----结束-----

[09:48:35 INF] ---开始 观看、分享视频 ---
[09:48:48 INF] 【随机视频】【我的世界】继续教育一个喜欢骂人的小可爱
[09:49:03 INF] 视频播放成功，已观看到第8秒，经验+5 √
[09:49:11 INF] 视频分享成功，经验+5 √
[09:49:11 INF] ----------结束----------

[09:49:11 INF] ---开始 投币 ---
[09:49:11 INF] 已配置为跳过投币任务
[09:49:11 INF] -----结束-----

[09:49:11 INF] ---开始 直播签到 ---
[09:49:15 INF] 【签到结果】成功
[09:49:15 INF] 【本次获取】3000点用户经验,2根辣条,
[09:49:15 INF] -------结束-------

[09:49:15 INF] ---开始 漫画签到 ---
[09:49:20 INF] 【签到结果】成功
[09:49:20 INF] -------结束-------

[09:49:20 INF] ---开始 漫画阅读 ---
[09:49:26 INF] 【漫画阅读】成功, 阅读漫画为：堀与宫村
[09:49:26 INF] -------结束-------

[09:49:26 INF] ---开始 银瓜子兑换硬币 ---
[09:49:26 INF] 【目标兑换日期】24号
[09:49:26 INF] 【今天】24号
[09:49:31 INF] 【银瓜子余额】 360
[09:49:31 INF] 【硬币余额】 267
[09:49:31 INF] 【今日剩余兑换次数】 1
[09:49:31 INF] 开始尝试兑换...
[09:49:38 INF] 【兑换结果】失败
[09:49:38 INF] 【原因】银瓜子余额不足
[09:49:38 INF] ----------结束----------

[09:49:38 INF] ---开始 领取大会员福利 ---
[09:49:38 INF] 普通会员和月度大会员每月不赠送B币券，不需要领取权益喽
[09:49:38 INF] ----------结束----------

[09:49:38 INF] ---开始 领取大会员漫画权益 ---
[09:49:38 INF] 不是会员，跳过
[09:49:38 INF] ------------结束------------

[09:49:38 INF] ---开始 B币券充电 ---
[09:49:38 INF] 不是年度大会员，跳过
[09:49:38 INF] --------结束--------

[09:49:38 INF] =========结束=========

[09:49:38 INF] ######### 账号 3 #########

[09:49:38 INF] =====开始 每日任务 =====

[09:49:38 INF] ---开始 Set Cookie ---
[09:49:38 INF] Cookie完整，不需要Set Cookie
[09:49:38 INF] -------------结束-------------

[09:49:38 INF] ---开始 登录 ---
[09:49:44 INF] 【用户名】晴xxng
[09:49:44 INF] 【会员类型】无
[09:49:44 INF] 【会员状态】无/过期
[09:49:44 INF] 【硬币余额】93
[09:49:44 INF] 【距升级Lv4】44天（如每日做满65点经验）
[09:49:44 INF] 登录成功，经验+5 √
[09:49:44 INF] -----结束-----

[09:49:50 INF] ---开始 观看、分享视频 ---
[09:50:01 INF] 【随机视频】北京初秋的百花山顶，还有这些花在开着
[09:50:01 INF] 今天已经观看过了，不需要再看啦
[09:50:10 INF] 视频分享成功，经验+5 √
[09:50:10 INF] ----------结束----------

[09:50:10 INF] ---开始 投币 ---
[09:50:10 INF] 已配置为跳过投币任务
[09:50:10 INF] -----结束-----

[09:50:10 INF] ---开始 直播签到 ---
[09:50:17 INF] 【签到结果】成功
[09:50:17 INF] 【本次获取】3000点用户经验,2根辣条,
[09:50:17 INF] -------结束-------

[09:50:17 INF] ---开始 漫画签到 ---
[09:50:23 INF] 【签到结果】成功
[09:50:23 INF] -------结束-------

[09:50:23 INF] ---开始 漫画阅读 ---
[09:50:30 INF] 【漫画阅读】成功, 阅读漫画为：堀与宫村
[09:50:30 INF] -------结束-------

[09:50:30 INF] ---开始 银瓜子兑换硬币 ---
[09:50:30 INF] 【目标兑换日期】24号
[09:50:30 INF] 【今天】24号
[09:50:38 INF] 【银瓜子余额】 598
[09:50:38 INF] 【硬币余额】 93
[09:50:38 INF] 【今日剩余兑换次数】 1
[09:50:38 INF] 开始尝试兑换...
[09:50:44 INF] 【兑换结果】失败
[09:50:44 INF] 【原因】银瓜子余额不足
[09:50:44 INF] ----------结束----------

[09:50:44 INF] ---开始 领取大会员福利 ---
[09:50:44 INF] 普通会员和月度大会员每月不赠送B币券，不需要领取权益喽
[09:50:44 INF] ----------结束----------

[09:50:44 INF] ---开始 领取大会员漫画权益 ---
[09:50:44 INF] 不是会员，跳过
[09:50:44 INF] ------------结束------------

[09:50:44 INF] ---开始 B币券充电 ---
[09:50:44 INF] 不是年度大会员，跳过
[09:50:44 INF] --------结束--------

[09:50:44 INF] =========结束=========

[09:50:44 INF] 

========================

 v1.0.3 开源 by https://github.com/RayWangQvQ/BiliBiliToolPro

[09:50:44 INF] ·开始推送·Daily任务·
2023-04-24T01:50:44.6304785Z 开始推送到:PushPlus
2023-04-24T01:50:45.9729784Z Response status: OK.
2023-04-24T01:50:45.9730279Z Response content: {"code":200,"msg":"请求成功","data":"34f155e7abab4a12b3e766cdce5c1bdc","count":null}.

[09:50:45 INF] 运行环境：Development
[09:50:45 INF] 应用目录：/home/runner/work/BiliBiliToolPro/BiliBiliToolPro/src/Ray.BiliBiliTool.Console/bin/Debug/net6.0/

[09:50:45 INF] 运行结束
