----------- ip 信息 ---------
{
  "ip": "52.238.25.48",
  "city": "San Jose",
  "region": "California",
  "country": "US",
  "loc": "37.3394,-121.8950",
  "org": "AS8075 Microsoft Corporation",
  "postal": "95103",
  "timezone": "America/Los_Angeles",
  "readme": "https://ipinfo.io/missingauth"
} ---------- end ------------
  ____               ____    _   _____           _  
 |  _ \ __ _ _   _  | __ ) _| |_|_   _|__   ___ | | 
 | |_) / _` | | | | |  _ \(_) (_) | |/ _ \ / _ \| | 
 |  _ < (_| | |_| | | |_) | | | | | | (_) | (_) | | 
 |_| \_\__,_|\__, | |____/|_|_|_| |_|\___/ \___/|_| 
             |___/                                  

[09:33:56 INF] BiliBiliToolPro 开始运行...

[09:33:56 INF] 【账号个数】3个

[09:33:56 INF] 随机休眠2分钟

[09:35:56 INF] 【目标任务】Daily
[09:35:56 INF] ######### 账号 1 #########

[09:35:57 INF] =====开始 每日任务 =====

[09:35:57 INF] ---开始 Set Cookie ---
[09:35:57 INF] Cookie完整，不需要Set Cookie
[09:35:57 INF] -------------结束-------------

[09:35:57 INF] ---开始 登录 ---
[09:36:00 INF] 【用户名】sunxxxxxgzi
[09:36:00 INF] 【会员类型】月度大会员
[09:36:00 INF] 【会员状态】无/过期
[09:36:00 INF] 【硬币余额】686.2
[09:36:00 INF] 【距升级Lv6】221天（如每日做满65点经验）
[09:36:00 INF] 登录成功，经验+5 √
[09:36:00 INF] -----结束-----

[09:36:06 INF] ---开始 观看、分享视频 ---
[09:36:28 INF] 【随机视频】【vlog】我竟成了"脱发克星"？！
[09:36:35 INF] 视频播放成功，已观看到第12秒，经验+5 √
[09:36:41 INF] 视频分享成功，经验+5 √
[09:36:41 INF] ----------结束----------

[09:36:41 INF] ---开始 投币 ---
[09:36:41 INF] 已配置为跳过投币任务
[09:36:41 INF] -----结束-----

[09:36:41 INF] ---开始 直播签到 ---
[09:36:48 INF] 【签到结果】成功
[09:36:48 INF] 【本次获取】3000点用户经验,2根辣条,再签到14天可以获得50根辣条
[09:36:48 INF] -------结束-------

[09:36:48 INF] ---开始 漫画签到 ---
[09:36:54 INF] 【签到结果】成功
[09:36:54 INF] -------结束-------

[09:36:54 INF] ---开始 漫画阅读 ---
[09:37:00 INF] 【漫画阅读】成功, 阅读漫画为：堀与宫村
[09:37:00 INF] -------结束-------

[09:37:00 INF] ---开始 银瓜子兑换硬币 ---
[09:37:00 INF] 【目标兑换日期】6号
[09:37:00 INF] 【今天】6号
[09:37:07 INF] 【银瓜子余额】 616
[09:37:07 INF] 【硬币余额】 686
[09:37:07 INF] 【今日剩余兑换次数】 1
[09:37:07 INF] 开始尝试兑换...
[09:37:13 INF] 【兑换结果】失败
[09:37:13 INF] 【原因】银瓜子余额不足
[09:37:13 INF] ----------结束----------

[09:37:13 INF] ---开始 领取大会员福利 ---
[09:37:13 INF] 普通会员和月度大会员每月不赠送B币券，不需要领取权益喽
[09:37:13 INF] ----------结束----------

[09:37:13 INF] ---开始 领取大会员漫画权益 ---
[09:37:13 INF] 不是会员，跳过
[09:37:13 INF] ------------结束------------

[09:37:13 INF] ---开始 B币券充电 ---
[09:37:13 INF] 不是年度大会员，跳过
[09:37:13 INF] --------结束--------

[09:37:13 INF] =========结束=========

[09:37:13 INF] ######### 账号 2 #########

[09:37:13 INF] =====开始 每日任务 =====

[09:37:13 INF] ---开始 Set Cookie ---
[09:37:13 INF] Cookie完整，不需要Set Cookie
[09:37:13 INF] -------------结束-------------

[09:37:13 INF] ---开始 登录 ---
[09:37:18 INF] 【用户名】bilixxxxxxxx1879
[09:37:18 INF] 【会员类型】月度大会员
[09:37:18 INF] 【会员状态】无/过期
[09:37:18 INF] 【硬币余额】498
[09:37:18 INF] 【距升级Lv5】54天（如每日做满65点经验）
[09:37:18 INF] 登录成功，经验+5 √
[09:37:18 INF] -----结束-----

[09:37:25 INF] ---开始 观看、分享视频 ---
[09:37:48 INF] 【随机视频】【智能家居】Aqara绿米魔方控制器！
[09:38:00 INF] 视频播放成功，已观看到第7秒，经验+5 √
[09:38:05 INF] 视频分享成功，经验+5 √
[09:38:05 INF] ----------结束----------

[09:38:05 INF] ---开始 投币 ---
[09:38:05 INF] 已配置为跳过投币任务
[09:38:05 INF] -----结束-----

[09:38:05 INF] ---开始 直播签到 ---
[09:38:09 INF] 【签到结果】成功
[09:38:09 INF] 【本次获取】3000点用户经验,2根辣条,再签到14天可以获得50根辣条
[09:38:09 INF] -------结束-------

[09:38:09 INF] ---开始 漫画签到 ---
[09:38:13 INF] 【签到结果】成功
[09:38:13 INF] -------结束-------

[09:38:13 INF] ---开始 漫画阅读 ---
[09:38:16 INF] 【漫画阅读】成功, 阅读漫画为：堀与宫村
[09:38:16 INF] -------结束-------

[09:38:16 INF] ---开始 银瓜子兑换硬币 ---
[09:38:16 INF] 【目标兑换日期】6号
[09:38:16 INF] 【今天】6号
[09:38:19 INF] 【银瓜子余额】 388
[09:38:19 INF] 【硬币余额】 498
[09:38:19 INF] 【今日剩余兑换次数】 1
[09:38:19 INF] 开始尝试兑换...
[09:38:25 INF] 【兑换结果】失败
[09:38:25 INF] 【原因】银瓜子余额不足
[09:38:25 INF] ----------结束----------

[09:38:25 INF] ---开始 领取大会员福利 ---
[09:38:25 INF] 普通会员和月度大会员每月不赠送B币券，不需要领取权益喽
[09:38:25 INF] ----------结束----------

[09:38:25 INF] ---开始 领取大会员漫画权益 ---
[09:38:25 INF] 不是会员，跳过
[09:38:25 INF] ------------结束------------

[09:38:25 INF] ---开始 B币券充电 ---
[09:38:25 INF] 不是年度大会员，跳过
[09:38:25 INF] --------结束--------

[09:38:25 INF] =========结束=========

[09:38:25 INF] ######### 账号 3 #########

[09:38:25 INF] =====开始 每日任务 =====

[09:38:25 INF] ---开始 Set Cookie ---
[09:38:25 INF] Cookie完整，不需要Set Cookie
[09:38:25 INF] -------------结束-------------

[09:38:25 INF] ---开始 登录 ---
[09:38:32 WRN] 登录异常，请检查Cookie是否错误或过期
[09:38:32 ERR] 程序发生异常：登录失败，请检查Cookie
[09:38:32 INF] -----结束-----

[09:38:32 ERR] 程序发生异常：登录失败，请检查Cookie
[09:38:32 INF] =========结束=========

[09:38:32 WRN] 异常：System.Exception: 登录失败，请检查Cookie
   at Ray.BiliBiliTool.Application.DailyTaskAppService.Login() in /home/runner/work/BiliBiliToolPro/BiliBiliToolPro/src/Ray.BiliBiliTool.Application/DailyTaskAppService.cs:line 127
   at Ray.BiliBiliTool.Application.DailyTaskAppService.DoTaskAsync(CancellationToken cancellationToken) in /home/runner/work/BiliBiliToolPro/BiliBiliToolPro/src/Ray.BiliBiliTool.Application/DailyTaskAppService.cs:line 78
   at Ray.BiliBiliTool.Console.BiliBiliToolHostedService.DoTasksAsync(String[] tasks, CancellationToken cancellationToken) in /home/runner/work/BiliBiliToolPro/BiliBiliToolPro/src/Ray.BiliBiliTool.Console/BiliBiliToolHostedService.cs:line 188
   at Ray.BiliBiliTool.Console.BiliBiliToolHostedService.StartAsync(CancellationToken cancellationToken) in /home/runner/work/BiliBiliToolPro/BiliBiliToolPro/src/Ray.BiliBiliTool.Console/BiliBiliToolHostedService.cs:line 76
[09:38:32 INF] 

========================

 v2.0.1 开源 by https://github.com/RayWangQvQ/BiliBiliToolPro

[09:38:32 INF] ·开始推送·Daily任务·
2023-12-06T01:38:32.2100682Z 开始推送到:PushPlus
2023-12-06T01:38:39.6383817Z Response status: OK.
2023-12-06T01:38:39.6384167Z Response content: {"code":200,"msg":"请求成功","data":"39b9a486285444ddb59ebb2e493ccca6","count":null}.

[09:38:39 INF] 运行环境：Development
[09:38:39 INF] 应用目录：/home/runner/work/BiliBiliToolPro/BiliBiliToolPro/src/Ray.BiliBiliTool.Console/bin/Debug/net6.0/

[09:38:39 INF] 运行结束
