----------- ip 信息 ---------
{
  "ip": "172.183.131.240",
  "city": "Chicago",
  "region": "Illinois",
  "country": "US",
  "loc": "41.8500,-87.6500",
  "org": "AS8075 Microsoft Corporation",
  "postal": "60666",
  "timezone": "America/Chicago",
  "readme": "https://ipinfo.io/missingauth"
} ---------- end ------------
  ____               ____    _   _____           _  
 |  _ \ __ _ _   _  | __ ) _| |_|_   _|__   ___ | | 
 | |_) / _` | | | | |  _ \(_) (_) | |/ _ \ / _ \| | 
 |  _ < (_| | |_| | | |_) | | | | | | (_) | (_) | | 
 |_| \_\__,_|\__, | |____/|_|_|_| |_|\___/ \___/|_| 
             |___/                                  

[09:19:56 INF] BiliBiliToolPro 开始运行...

[09:19:56 INF] 【账号个数】3个

[09:19:56 INF] 随机休眠3分钟

[09:22:56 INF] 【目标任务】Daily
[09:22:56 INF] ######### 账号 1 #########

[09:22:56 INF] =====开始 每日任务 =====

[09:22:56 INF] ---开始 Set Cookie ---
[09:22:56 INF] Cookie完整，不需要Set Cookie
[09:22:56 INF] -------------结束-------------

[09:22:56 INF] ---开始 登录 ---
[09:23:02 INF] 【用户名】sunxxxxxgzi
[09:23:02 INF] 【会员类型】月度大会员
[09:23:02 INF] 【会员状态】正常
[09:23:02 INF] 【硬币余额】1177.2
[09:23:02 INF] 【距升级Lv6】预计778天
[09:23:02 INF] 登录成功，经验+5 √
[09:23:02 INF] -----结束-----

[09:23:08 INF] ---开始 观看、分享视频 ---
[09:23:33 INF] 【随机视频】用台媒的方式打开：厦门
[09:23:46 INF] 视频播放成功，已观看到第4秒，经验+5 √
[09:23:53 INF] 视频分享成功，经验+5 √
[09:23:53 INF] ----------结束----------

[09:23:53 INF] ---开始 投币 ---
[09:23:53 INF] 已配置为跳过投币任务
[09:23:53 INF] -----结束-----

[09:23:53 INF] ---开始 直播签到 ---
[09:23:57 INF] 【签到结果】成功
[09:23:57 INF] 【本次获取】3000点用户经验,2根辣条,
[09:23:57 INF] -------结束-------

[09:23:57 INF] ---开始 漫画签到 ---
[09:24:02 INF] 【签到结果】成功
[09:24:02 INF] -------结束-------

[09:24:02 INF] ---开始 漫画阅读 ---
[09:24:06 INF] 【漫画阅读】成功
[09:24:06 INF] -------结束-------

[09:24:06 INF] ---开始 银瓜子兑换硬币 ---
[09:24:06 INF] 【目标兑换日期】27号
[09:24:06 INF] 【今天】27号
[09:24:15 INF] 【银瓜子余额】 514
[09:24:15 INF] 【硬币余额】 1177
[09:24:15 INF] 【今日剩余兑换次数】 1
[09:24:15 INF] 开始尝试兑换...
[09:24:19 INF] 【兑换结果】失败
[09:24:19 INF] 【原因】银瓜子余额不足
[09:24:19 INF] ----------结束----------

[09:24:19 INF] ---开始 领取大会员福利 ---
[09:24:19 INF] 普通会员和月度大会员每月不赠送B币券，不需要领取权益喽
[09:24:19 INF] ----------结束----------

[09:24:19 INF] ---开始 领取大会员漫画权益 ---
[09:24:19 INF] 【目标日期】1号
[09:24:19 INF] 【今天】27号
[09:24:19 INF] 跳过
[09:24:19 INF] ------------结束------------

[09:24:19 INF] ---开始 B币券充电 ---
[09:24:19 INF] 已配置为关闭，跳过
[09:24:19 INF] --------结束--------

[09:24:19 INF] =========结束=========

[09:24:19 INF] ######### 账号 2 #########

[09:24:19 INF] =====开始 每日任务 =====

[09:24:19 INF] ---开始 Set Cookie ---
[09:24:19 INF] Cookie完整，不需要Set Cookie
[09:24:19 INF] -------------结束-------------

[09:24:19 INF] ---开始 登录 ---
[09:24:27 INF] 【用户名】bilixxxxxxxx1879
[09:24:27 INF] 【会员类型】月度大会员
[09:24:27 INF] 【会员状态】无/过期
[09:24:27 INF] 【硬币余额】597
[09:24:27 INF] 【距升级Lv5】预计110天
[09:24:27 INF] 登录成功，经验+5 √
[09:24:27 INF] -----结束-----

[09:24:34 INF] ---开始 观看、分享视频 ---
[09:24:55 INF] 【随机视频】【方块长城】15-1-2
[09:25:09 INF] 视频播放成功，已观看到第14秒，经验+5 √
[09:25:17 INF] 视频分享成功，经验+5 √
[09:25:17 INF] ----------结束----------

[09:25:17 INF] ---开始 投币 ---
[09:25:17 INF] 已配置为跳过投币任务
[09:25:17 INF] -----结束-----

[09:25:17 INF] ---开始 直播签到 ---
[09:25:21 INF] 【签到结果】成功
[09:25:21 INF] 【本次获取】3000点用户经验,2根辣条,
[09:25:21 INF] -------结束-------

[09:25:21 INF] ---开始 漫画签到 ---
[09:25:25 INF] 【签到结果】成功
[09:25:25 INF] -------结束-------

[09:25:25 INF] ---开始 漫画阅读 ---
[09:25:32 INF] 【漫画阅读】成功
[09:25:32 INF] -------结束-------

[09:25:32 INF] ---开始 银瓜子兑换硬币 ---
[09:25:32 INF] 【目标兑换日期】27号
[09:25:32 INF] 【今天】27号
[09:25:36 INF] 【银瓜子余额】 286
[09:25:36 INF] 【硬币余额】 597
[09:25:36 INF] 【今日剩余兑换次数】 1
[09:25:36 INF] 开始尝试兑换...
[09:25:39 INF] 【兑换结果】失败
[09:25:39 INF] 【原因】银瓜子余额不足
[09:25:39 INF] ----------结束----------

[09:25:39 INF] ---开始 领取大会员福利 ---
[09:25:39 INF] 普通会员和月度大会员每月不赠送B币券，不需要领取权益喽
[09:25:39 INF] ----------结束----------

[09:25:39 INF] ---开始 领取大会员漫画权益 ---
[09:25:39 INF] 不是会员，跳过
[09:25:39 INF] ------------结束------------

[09:25:39 INF] ---开始 B币券充电 ---
[09:25:39 INF] 已配置为关闭，跳过
[09:25:39 INF] --------结束--------

[09:25:39 INF] =========结束=========

[09:25:39 INF] ######### 账号 3 #########

[09:25:39 INF] =====开始 每日任务 =====

[09:25:39 INF] ---开始 Set Cookie ---
[09:25:39 INF] Cookie完整，不需要Set Cookie
[09:25:39 INF] -------------结束-------------

[09:25:39 INF] ---开始 登录 ---
[09:25:46 WRN] 登录异常，请检查Cookie是否错误或过期
[09:25:46 ERR] 程序发生异常：登录失败，请检查Cookie
[09:25:46 INF] -----结束-----

[09:25:46 ERR] 程序发生异常：登录失败，请检查Cookie
[09:25:46 INF] =========结束=========

[09:25:46 WRN] 异常：System.Exception: 登录失败，请检查Cookie
   at Ray.BiliBiliTool.Application.DailyTaskAppService.Login() in /home/runner/work/BiliBiliToolPro/BiliBiliToolPro/src/Ray.BiliBiliTool.Application/DailyTaskAppService.cs:line 134
   at Ray.BiliBiliTool.Application.DailyTaskAppService.DoTaskAsync(CancellationToken cancellationToken) in /home/runner/work/BiliBiliToolPro/BiliBiliToolPro/src/Ray.BiliBiliTool.Application/DailyTaskAppService.cs:line 81
   at Ray.BiliBiliTool.Console.BiliBiliToolHostedService.DoTasksAsync(String[] tasks, CancellationToken cancellationToken) in /home/runner/work/BiliBiliToolPro/BiliBiliToolPro/src/Ray.BiliBiliTool.Console/BiliBiliToolHostedService.cs:line 194
   at Ray.BiliBiliTool.Console.BiliBiliToolHostedService.StartAsync(CancellationToken cancellationToken) in /home/runner/work/BiliBiliToolPro/BiliBiliToolPro/src/Ray.BiliBiliTool.Console/BiliBiliToolHostedService.cs:line 76
[09:25:46 INF] 

========================

 v2.0.2 开源 by https://github.com/RayWangQvQ/BiliBiliToolPro

[09:25:46 INF] ·开始推送·Daily任务·
2024-03-27T01:25:46.3943559Z 开始推送到:PushPlus
2024-03-27T01:25:47.1676255Z Response status: OK.
2024-03-27T01:25:47.1676632Z Response content: {"code":200,"msg":"请求成功","data":"c6ee2d4d1ce34d38b46f3a30ab5fbde2","count":null}.

[09:25:47 INF] 运行环境：Development
[09:25:47 INF] 应用目录：/home/runner/work/BiliBiliToolPro/BiliBiliToolPro/src/Ray.BiliBiliTool.Console/bin/Debug/net6.0/

[09:25:47 INF] 运行结束
  ____               ____    _   _____           _  
 |  _ \ __ _ _   _  | __ ) _| |_|_   _|__   ___ | | 
 | |_) / _` | | | | |  _ \(_) (_) | |/ _ \ / _ \| | 
 |  _ < (_| | |_| | | |_) | | | | | | (_) | (_) | | 
 |_| \_\__,_|\__, | |____/|_|_|_| |_|\___/ \___/|_| 
             |___/                                  

[09:25:50 INF] BiliBiliToolPro 开始运行...

[09:25:50 INF] 【账号个数】3个

[09:25:50 INF] 随机休眠3分钟

[09:28:50 INF] 【目标任务】VipBigPoint
[09:28:50 INF] ######### 账号 1 #########

[09:28:50 INF] =====开始 大会员大积分 =====

[09:28:50 INF] 大会员经验领取任务开始
[09:28:55 INF] 大会员经验未兑换
[09:29:00 INF] 领取成功，经验+10 √
[09:29:00 INF] ---开始 测试Cookie ---
[09:29:05 INF] 【用户名】sunxxxxxgzi
[09:29:05 INF] 【会员类型】月度大会员
[09:29:05 INF] 【会员状态】正常
[09:29:05 INF] 【硬币余额】1177.2
[09:29:05 INF] 【距升级Lv6】预计776天
[09:29:05 INF] -----------结束-----------

[09:29:10 INF] ------当前任务状态------
[09:29:10 INF] 打卡：X
[09:29:10 INF] -福利任务
[09:29:10 INF] ---大会员福利大积分：√
[09:29:10 INF] -体验任务
[09:29:10 INF] ---浏览大会员权益页面：√
[09:29:10 INF] -日常任务
[09:29:10 INF] ---浏览装扮商城主页：X
[09:29:10 INF] ---浏览会员购页面10秒：X
[09:29:10 INF] ---购买指定会员购商品：X
[09:29:10 INF] ---浏览追番频道页10秒：X
[09:29:10 INF] ---观看任意正片内容：X
[09:29:10 INF] ---购买单点付费影片：X
[09:29:10 INF] ---购买指定装扮商品：X
[09:29:10 INF] ------------------------

[09:29:10 INF] ---开始 签到 ---
[09:29:16 ERR] 签到失败，继续其他任务。失败信息:{"Code":6007000,"Message":"抱歉，您的账号存在风险，暂时无法参与本任务哦~","Data":null}

[09:29:16 INF] -----结束-----

[09:29:16 INF] ---开始 福利任务 ---
[09:29:16 ERR] 福利任务失败，继续其他任务。失败信息:Object reference not set to an instance of an object.

[09:29:16 INF] -------结束-------

[09:29:16 INF] ---开始 体验任务 ---
[09:29:16 ERR] 体验任务失败，继续其他任务。失败信息:Object reference not set to an instance of an object.

[09:29:16 INF] -------结束-------

[09:29:16 INF] ---开始 浏览追番频道页10秒 ---
[09:29:16 ERR] 浏览追番频道页10秒失败，继续其他任务。失败信息:Object reference not set to an instance of an object.

[09:29:16 INF] -------------结束-------------

[09:29:16 INF] ---开始 浏览会员购页面10秒 ---
[09:29:16 INF] 待实现...
[09:29:16 INF] -------------结束-------------

[09:29:16 INF] ---开始 观看任意正片内容 ---
[09:29:16 ERR] 观看任意正片内容失败，继续其他任务。失败信息:Object reference not set to an instance of an object.

[09:29:16 INF] -----------结束-----------

[09:29:16 INF] ---开始 购买单点付费影片（仅领取） ---
[09:29:16 ERR] 购买单点付费影片（仅领取）失败，继续其他任务。失败信息:Object reference not set to an instance of an object.

[09:29:16 INF] ----------------结束----------------

[09:29:16 INF] ---开始 购买指定会员购商品（仅领取） ---
[09:29:16 ERR] 购买指定会员购商品（仅领取）失败，继续其他任务。失败信息:Object reference not set to an instance of an object.

[09:29:16 INF] -----------------结束-----------------

[09:29:16 ERR] 程序发生异常：Object reference not set to an instance of an object.
[09:29:16 INF] ===========结束===========

[09:29:16 WRN] 异常：System.NullReferenceException: Object reference not set to an instance of an object.
   at Ray.BiliBiliTool.Application.VipBigPointAppService.DoTaskAsync(CancellationToken cancellationToken) in /home/runner/work/BiliBiliToolPro/BiliBiliToolPro/src/Ray.BiliBiliTool.Application/VipBigPointAppService.cs:line 141
   at Ray.BiliBiliTool.Console.BiliBiliToolHostedService.DoTasksAsync(String[] tasks, CancellationToken cancellationToken) in /home/runner/work/BiliBiliToolPro/BiliBiliToolPro/src/Ray.BiliBiliTool.Console/BiliBiliToolHostedService.cs:line 194
   at Ray.BiliBiliTool.Console.BiliBiliToolHostedService.StartAsync(CancellationToken cancellationToken) in /home/runner/work/BiliBiliToolPro/BiliBiliToolPro/src/Ray.BiliBiliTool.Console/BiliBiliToolHostedService.cs:line 76
[09:29:16 INF] ######### 账号 2 #########

[09:29:16 INF] =====开始 大会员大积分 =====

[09:29:16 INF] 大会员经验领取任务开始
[09:29:24 INF] 大会员经验未兑换
[09:29:32 INF] 领取成功，经验+10 √
[09:29:32 INF] ---开始 测试Cookie ---
[09:29:36 INF] 【用户名】bilixxxxxxxx1879
[09:29:36 INF] 【会员类型】月度大会员
[09:29:36 INF] 【会员状态】无/过期
[09:29:36 INF] 【硬币余额】597
[09:29:36 INF] 【距升级Lv5】预计108天
[09:29:36 INF] -----------结束-----------

[09:29:36 INF] 当前不是大会员或已过期，跳过任务
[09:29:36 INF] ===========结束===========

[09:29:36 INF] ######### 账号 3 #########

[09:29:36 INF] =====开始 大会员大积分 =====

[09:29:36 INF] 大会员经验领取任务开始
[09:29:41 INF] ---开始 测试Cookie ---
[09:29:44 WRN] 登录异常，请检查Cookie是否错误或过期
[09:29:44 ERR] 程序发生异常：登录失败，请检查Cookie
[09:29:44 INF] -----------结束-----------

[09:29:44 ERR] 程序发生异常：登录失败，请检查Cookie
[09:29:44 INF] ===========结束===========

[09:29:44 WRN] 异常：System.Exception: 登录失败，请检查Cookie
   at Ray.BiliBiliTool.Application.VipBigPointAppService.GetUserInfo() in /home/runner/work/BiliBiliToolPro/BiliBiliToolPro/src/Ray.BiliBiliTool.Application/VipBigPointAppService.cs:line 150
   at Ray.BiliBiliTool.Application.VipBigPointAppService.DoTaskAsync(CancellationToken cancellationToken) in /home/runner/work/BiliBiliToolPro/BiliBiliToolPro/src/Ray.BiliBiliTool.Application/VipBigPointAppService.cs:line 98
   at Ray.BiliBiliTool.Console.BiliBiliToolHostedService.DoTasksAsync(String[] tasks, CancellationToken cancellationToken) in /home/runner/work/BiliBiliToolPro/BiliBiliToolPro/src/Ray.BiliBiliTool.Console/BiliBiliToolHostedService.cs:line 194
   at Ray.BiliBiliTool.Console.BiliBiliToolHostedService.StartAsync(CancellationToken cancellationToken) in /home/runner/work/BiliBiliToolPro/BiliBiliToolPro/src/Ray.BiliBiliTool.Console/BiliBiliToolHostedService.cs:line 76
[09:29:44 INF] 

========================

 v2.0.2 开源 by https://github.com/RayWangQvQ/BiliBiliToolPro

[09:29:44 INF] ·开始推送·VipBigPoint任务·
2024-03-27T01:29:44.8726624Z 开始推送到:PushPlus
2024-03-27T01:29:45.6164749Z Response status: OK.
2024-03-27T01:29:45.6165243Z Response content: {"code":200,"msg":"请求成功","data":"97c5d3e596da4229a5e309b2504bdb6a","count":null}.

[09:29:45 INF] 运行环境：Development
[09:29:45 INF] 应用目录：/home/runner/work/BiliBiliToolPro/BiliBiliToolPro/src/Ray.BiliBiliTool.Console/bin/Debug/net6.0/

[09:29:45 INF] 运行结束
