----------- ip 信息 ---------
{
  "ip": "52.159.136.148",
  "city": "San Jose",
  "region": "California",
  "country": "US",
  "loc": "37.3394,-121.8950",
  "org": "AS8075 Microsoft Corporation",
  "postal": "95103",
  "timezone": "America/Los_Angeles",
  "readme": "https://ipinfo.io/missingauth"
} ---------- end ------------
  ____               ____    _   _____           _  
 |  _ \ __ _ _   _  | __ ) _| |_|_   _|__   ___ | | 
 | |_) / _` | | | | |  _ \(_) (_) | |/ _ \ / _ \| | 
 |  _ < (_| | |_| | | |_) | | | | | | (_) | (_) | | 
 |_| \_\__,_|\__, | |____/|_|_|_| |_|\___/ \___/|_| 
             |___/                                  

[09:31:35 INF] BiliBiliToolPro 开始运行...

[09:31:35 INF] 【账号个数】3个

[09:31:35 INF] 随机休眠1分钟

[09:32:35 INF] 【目标任务】Daily
[09:32:35 INF] ######### 账号 1 #########

[09:32:35 INF] =====开始 每日任务 =====

[09:32:35 INF] ---开始 Set Cookie ---
[09:32:35 INF] Cookie完整，不需要Set Cookie
[09:32:35 INF] -------------结束-------------

[09:32:35 INF] ---开始 登录 ---
[09:32:41 INF] 【用户名】sunxxxxxgzi
[09:32:41 INF] 【会员类型】月度大会员
[09:32:41 INF] 【会员状态】无/过期
[09:32:41 INF] 【硬币余额】719.2
[09:32:41 INF] 【距升级Lv6】220天（如每日做满65点经验）
[09:32:41 INF] 登录成功，经验+5 √
[09:32:41 INF] -----结束-----

[09:32:47 INF] ---开始 观看、分享视频 ---
[09:33:08 INF] 【随机视频】【春节贺岁片】拐角遇到真爱，也有可能是警察
[09:33:08 INF] 今天已经观看过了，不需要再看啦
[09:33:17 INF] 视频分享成功，经验+5 √
[09:33:17 INF] ----------结束----------

[09:33:17 INF] ---开始 投币 ---
[09:33:17 INF] 已配置为跳过投币任务
[09:33:17 INF] -----结束-----

[09:33:17 INF] ---开始 直播签到 ---
[09:33:22 INF] 【签到结果】成功
[09:33:22 INF] 【本次获取】3000点用户经验,2根辣条,再签到11天可以获得50根辣条
[09:33:22 INF] -------结束-------

[09:33:22 INF] ---开始 漫画签到 ---
[09:33:28 INF] 【签到结果】成功
[09:33:28 INF] -------结束-------

[09:33:28 INF] ---开始 漫画阅读 ---
[09:33:35 INF] 【漫画阅读】成功, 阅读漫画为：堀与宫村
[09:33:35 INF] -------结束-------

[09:33:35 INF] ---开始 银瓜子兑换硬币 ---
[09:33:35 INF] 【目标兑换日期】9号
[09:33:35 INF] 【今天】9号
[09:33:40 INF] 【银瓜子余额】 616
[09:33:40 INF] 【硬币余额】 719
[09:33:40 INF] 【今日剩余兑换次数】 1
[09:33:40 INF] 开始尝试兑换...
[09:33:43 INF] 【兑换结果】失败
[09:33:43 INF] 【原因】银瓜子余额不足
[09:33:43 INF] ----------结束----------

[09:33:43 INF] ---开始 领取大会员福利 ---
[09:33:43 INF] 普通会员和月度大会员每月不赠送B币券，不需要领取权益喽
[09:33:43 INF] ----------结束----------

[09:33:43 INF] ---开始 领取大会员漫画权益 ---
[09:33:43 INF] 不是会员，跳过
[09:33:43 INF] ------------结束------------

[09:33:43 INF] ---开始 B币券充电 ---
[09:33:43 INF] 不是年度大会员，跳过
[09:33:43 INF] --------结束--------

[09:33:43 INF] =========结束=========

[09:33:43 INF] ######### 账号 2 #########

[09:33:43 INF] =====开始 每日任务 =====

[09:33:43 INF] ---开始 Set Cookie ---
[09:33:43 INF] Cookie完整，不需要Set Cookie
[09:33:43 INF] -------------结束-------------

[09:33:43 INF] ---开始 登录 ---
[09:33:47 INF] 【用户名】bilixxxxxxxx1879
[09:33:47 INF] 【会员类型】月度大会员
[09:33:47 INF] 【会员状态】无/过期
[09:33:47 INF] 【硬币余额】501
[09:33:47 INF] 【距升级Lv5】53天（如每日做满65点经验）
[09:33:47 INF] 登录成功，经验+5 √
[09:33:47 INF] -----结束-----

[09:33:55 INF] ---开始 观看、分享视频 ---
[09:34:12 INF] 【随机视频】朋友之间传播淫秽信息一般不按犯罪处理
[09:34:26 INF] 视频播放成功，已观看到第2秒，经验+5 √
[09:34:33 INF] 视频分享成功，经验+5 √
[09:34:33 INF] ----------结束----------

[09:34:33 INF] ---开始 投币 ---
[09:34:33 INF] 已配置为跳过投币任务
[09:34:33 INF] -----结束-----

[09:34:33 INF] ---开始 直播签到 ---
[09:34:36 INF] 【签到结果】成功
[09:34:36 INF] 【本次获取】3000点用户经验,2根辣条,再签到11天可以获得50根辣条
[09:34:36 INF] -------结束-------

[09:34:36 INF] ---开始 漫画签到 ---
[09:34:43 INF] 【签到结果】成功
[09:34:43 INF] -------结束-------

[09:34:43 INF] ---开始 漫画阅读 ---
[09:34:50 INF] 【漫画阅读】成功, 阅读漫画为：堀与宫村
[09:34:50 INF] -------结束-------

[09:34:50 INF] ---开始 银瓜子兑换硬币 ---
[09:34:50 INF] 【目标兑换日期】9号
[09:34:50 INF] 【今天】9号
[09:34:54 INF] 【银瓜子余额】 388
[09:34:54 INF] 【硬币余额】 501
[09:34:54 INF] 【今日剩余兑换次数】 1
[09:34:54 INF] 开始尝试兑换...
[09:35:01 INF] 【兑换结果】失败
[09:35:01 INF] 【原因】银瓜子余额不足
[09:35:01 INF] ----------结束----------

[09:35:01 INF] ---开始 领取大会员福利 ---
[09:35:01 INF] 普通会员和月度大会员每月不赠送B币券，不需要领取权益喽
[09:35:01 INF] ----------结束----------

[09:35:01 INF] ---开始 领取大会员漫画权益 ---
[09:35:01 INF] 不是会员，跳过
[09:35:01 INF] ------------结束------------

[09:35:01 INF] ---开始 B币券充电 ---
[09:35:01 INF] 不是年度大会员，跳过
[09:35:01 INF] --------结束--------

[09:35:01 INF] =========结束=========

[09:35:01 INF] ######### 账号 3 #########

[09:35:01 INF] =====开始 每日任务 =====

[09:35:01 INF] ---开始 Set Cookie ---
[09:35:01 INF] Cookie完整，不需要Set Cookie
[09:35:01 INF] -------------结束-------------

[09:35:01 INF] ---开始 登录 ---
[09:35:05 WRN] 登录异常，请检查Cookie是否错误或过期
[09:35:05 ERR] 程序发生异常：登录失败，请检查Cookie
[09:35:05 INF] -----结束-----

[09:35:05 ERR] 程序发生异常：登录失败，请检查Cookie
[09:35:05 INF] =========结束=========

[09:35:05 WRN] 异常：System.Exception: 登录失败，请检查Cookie
   at Ray.BiliBiliTool.Application.DailyTaskAppService.Login() in /home/runner/work/BiliBiliToolPro/BiliBiliToolPro/src/Ray.BiliBiliTool.Application/DailyTaskAppService.cs:line 127
   at Ray.BiliBiliTool.Application.DailyTaskAppService.DoTaskAsync(CancellationToken cancellationToken) in /home/runner/work/BiliBiliToolPro/BiliBiliToolPro/src/Ray.BiliBiliTool.Application/DailyTaskAppService.cs:line 78
   at Ray.BiliBiliTool.Console.BiliBiliToolHostedService.DoTasksAsync(String[] tasks, CancellationToken cancellationToken) in /home/runner/work/BiliBiliToolPro/BiliBiliToolPro/src/Ray.BiliBiliTool.Console/BiliBiliToolHostedService.cs:line 188
   at Ray.BiliBiliTool.Console.BiliBiliToolHostedService.StartAsync(CancellationToken cancellationToken) in /home/runner/work/BiliBiliToolPro/BiliBiliToolPro/src/Ray.BiliBiliTool.Console/BiliBiliToolHostedService.cs:line 76
[09:35:05 INF] 

========================

 v2.0.1 开源 by https://github.com/RayWangQvQ/BiliBiliToolPro

[09:35:05 INF] ·开始推送·Daily任务·
2023-12-09T01:35:05.9870375Z 开始推送到:PushPlus
2023-12-09T01:35:06.7187977Z Response status: OK.
2023-12-09T01:35:06.7188321Z Response content: {"code":200,"msg":"请求成功","data":"e3c0133576f445118161b21de37f3510","count":null}.

[09:35:06 INF] 运行环境：Development
[09:35:06 INF] 应用目录：/home/runner/work/BiliBiliToolPro/BiliBiliToolPro/src/Ray.BiliBiliTool.Console/bin/Debug/net6.0/

[09:35:06 INF] 运行结束
