----------- ip 信息 ---------
{
  "ip": "20.22.234.141",
  "city": "Boydton",
  "region": "Virginia",
  "country": "US",
  "loc": "36.6676,-78.3875",
  "org": "AS8075 Microsoft Corporation",
  "postal": "23917",
  "timezone": "America/New_York",
  "readme": "https://ipinfo.io/missingauth"
} ---------- end ------------
  ____               ____    _   _____           _  
 |  _ \ __ _ _   _  | __ ) _| |_|_   _|__   ___ | | 
 | |_) / _` | | | | |  _ \(_) (_) | |/ _ \ / _ \| | 
 |  _ < (_| | |_| | | |_) | | | | | | (_) | (_) | | 
 |_| \_\__,_|\__, | |____/|_|_|_| |_|\___/ \___/|_| 
             |___/                                  

[10:08:55 INF] BiliBiliToolPro 开始运行...

[10:08:55 INF] 【账号个数】3个

[10:08:55 INF] 随机休眠1分钟

[10:09:55 INF] 【目标任务】Daily
[10:09:55 INF] ######### 账号 1 #########

[10:09:55 INF] =====开始 每日任务 =====

[10:09:55 INF] ---开始 Set Cookie ---
[10:09:55 INF] Cookie完整，不需要Set Cookie
[10:09:55 INF] -------------结束-------------

[10:09:55 INF] ---开始 登录 ---
[10:10:01 INF] 【用户名】waxxxx12
[10:10:01 INF] 【会员类型】月度大会员
[10:10:01 INF] 【会员状态】无/过期
[10:10:01 INF] 【硬币余额】528.2
[10:10:01 INF] 【距升级Lv6】267天（如每日做满65点经验）
[10:10:01 INF] 登录成功，经验+5 √
[10:10:01 INF] -----结束-----

[10:10:07 INF] ---开始 观看、分享视频 ---
[10:10:29 INF] 【随机视频】生存服里不想生存了
[10:10:29 INF] 今天已经观看过了，不需要再看啦
[10:10:42 INF] 视频分享成功，经验+5 √
[10:10:42 INF] ----------结束----------

[10:10:42 INF] ---开始 投币 ---
[10:10:42 INF] 已配置为跳过投币任务
[10:10:42 INF] -----结束-----

[10:10:42 INF] ---开始 直播签到 ---
[10:10:46 INF] 【签到结果】成功
[10:10:46 INF] 【本次获取】3000点用户经验,2根辣条,再签到6天可以获得50根辣条
[10:10:46 INF] -------结束-------

[10:10:46 INF] ---开始 漫画签到 ---
[10:10:54 INF] 【签到结果】成功
[10:10:54 INF] -------结束-------

[10:10:54 INF] ---开始 漫画阅读 ---
[10:10:58 INF] 【漫画阅读】成功, 阅读漫画为：堀与宫村
[10:10:58 INF] -------结束-------

[10:10:58 INF] ---开始 银瓜子兑换硬币 ---
[10:10:58 INF] 【目标兑换日期】14号
[10:10:58 INF] 【今天】14号
[10:11:03 INF] 【银瓜子余额】 686
[10:11:03 INF] 【硬币余额】 528
[10:11:03 INF] 【今日剩余兑换次数】 1
[10:11:03 INF] 开始尝试兑换...
[10:11:09 INF] 【兑换结果】失败
[10:11:09 INF] 【原因】银瓜子余额不足
[10:11:09 INF] ----------结束----------

[10:11:09 INF] ---开始 领取大会员福利 ---
[10:11:09 INF] 普通会员和月度大会员每月不赠送B币券，不需要领取权益喽
[10:11:09 INF] ----------结束----------

[10:11:09 INF] ---开始 领取大会员漫画权益 ---
[10:11:09 INF] 不是会员，跳过
[10:11:09 INF] ------------结束------------

[10:11:09 INF] ---开始 B币券充电 ---
[10:11:09 INF] 不是年度大会员，跳过
[10:11:09 INF] --------结束--------

[10:11:09 INF] =========结束=========

[10:11:09 INF] ######### 账号 2 #########

[10:11:09 INF] =====开始 每日任务 =====

[10:11:09 INF] ---开始 Set Cookie ---
[10:11:09 INF] Cookie完整，不需要Set Cookie
[10:11:09 INF] -------------结束-------------

[10:11:09 INF] ---开始 登录 ---
[10:11:13 INF] 【用户名】bilixxxxxxxx1879
[10:11:13 INF] 【会员类型】月度大会员
[10:11:13 INF] 【会员状态】无/过期
[10:11:13 INF] 【硬币余额】351
[10:11:13 INF] 【距升级Lv5】86天（如每日做满65点经验）
[10:11:13 INF] 登录成功，经验+5 √
[10:11:13 INF] -----结束-----

[10:11:20 INF] ---开始 观看、分享视频 ---
[10:11:41 INF] 【随机视频】“收襟翼呀哥”对新机型不练度，漠叔起降被怼
[10:11:53 INF] 视频播放成功，已观看到第8秒，经验+5 √
[10:11:56 INF] 视频分享成功，经验+5 √
[10:11:56 INF] ----------结束----------

[10:11:56 INF] ---开始 投币 ---
[10:11:56 INF] 已配置为跳过投币任务
[10:11:56 INF] -----结束-----

[10:11:56 INF] ---开始 直播签到 ---
[10:12:01 INF] 【签到结果】成功
[10:12:01 INF] 【本次获取】3000点用户经验,2根辣条,再签到6天可以获得50根辣条
[10:12:01 INF] -------结束-------

[10:12:01 INF] ---开始 漫画签到 ---
[10:12:05 INF] 【签到结果】成功
[10:12:05 INF] -------结束-------

[10:12:05 INF] ---开始 漫画阅读 ---
[10:12:09 INF] 【漫画阅读】成功, 阅读漫画为：堀与宫村
[10:12:09 INF] -------结束-------

[10:12:09 INF] ---开始 银瓜子兑换硬币 ---
[10:12:09 INF] 【目标兑换日期】14号
[10:12:09 INF] 【今天】14号
[10:12:17 INF] 【银瓜子余额】 258
[10:12:17 INF] 【硬币余额】 351
[10:12:17 INF] 【今日剩余兑换次数】 1
[10:12:17 INF] 开始尝试兑换...
[10:12:23 INF] 【兑换结果】失败
[10:12:23 INF] 【原因】银瓜子余额不足
[10:12:23 INF] ----------结束----------

[10:12:23 INF] ---开始 领取大会员福利 ---
[10:12:23 INF] 普通会员和月度大会员每月不赠送B币券，不需要领取权益喽
[10:12:23 INF] ----------结束----------

[10:12:23 INF] ---开始 领取大会员漫画权益 ---
[10:12:23 INF] 不是会员，跳过
[10:12:23 INF] ------------结束------------

[10:12:23 INF] ---开始 B币券充电 ---
[10:12:23 INF] 不是年度大会员，跳过
[10:12:23 INF] --------结束--------

[10:12:23 INF] =========结束=========

[10:12:23 INF] ######### 账号 3 #########

[10:12:23 INF] =====开始 每日任务 =====

[10:12:23 INF] ---开始 Set Cookie ---
[10:12:23 INF] Cookie完整，不需要Set Cookie
[10:12:23 INF] -------------结束-------------

[10:12:23 INF] ---开始 登录 ---
[10:12:28 INF] 【用户名】晴xxng
[10:12:28 INF] 【会员类型】无
[10:12:28 INF] 【会员状态】无/过期
[10:12:28 INF] 【硬币余额】168
[10:12:28 INF] 【距升级Lv4】24天（如每日做满65点经验）
[10:12:28 INF] 登录成功，经验+5 √
[10:12:28 INF] -----结束-----

[10:12:31 INF] ---开始 观看、分享视频 ---
[10:12:52 INF] 【随机视频】我在等回城，你在等什么？
[10:13:03 INF] 视频播放成功，已观看到第7秒，经验+5 √
[10:13:10 INF] 视频分享成功，经验+5 √
[10:13:10 INF] ----------结束----------

[10:13:10 INF] ---开始 投币 ---
[10:13:10 INF] 已配置为跳过投币任务
[10:13:10 INF] -----结束-----

[10:13:10 INF] ---开始 直播签到 ---
[10:13:14 INF] 【签到结果】成功
[10:13:14 INF] 【本次获取】3000点用户经验,2根辣条,再签到6天可以获得50根辣条
[10:13:14 INF] -------结束-------

[10:13:14 INF] ---开始 漫画签到 ---
[10:13:20 INF] 【签到结果】成功
[10:13:20 INF] -------结束-------

[10:13:20 INF] ---开始 漫画阅读 ---
[10:13:25 INF] 【漫画阅读】成功, 阅读漫画为：堀与宫村
[10:13:25 INF] -------结束-------

[10:13:25 INF] ---开始 银瓜子兑换硬币 ---
[10:13:25 INF] 【目标兑换日期】14号
[10:13:25 INF] 【今天】14号
[10:13:33 INF] 【银瓜子余额】 496
[10:13:33 INF] 【硬币余额】 168
[10:13:33 INF] 【今日剩余兑换次数】 1
[10:13:33 INF] 开始尝试兑换...
[10:13:36 INF] 【兑换结果】失败
[10:13:36 INF] 【原因】银瓜子余额不足
[10:13:36 INF] ----------结束----------

[10:13:36 INF] ---开始 领取大会员福利 ---
[10:13:36 INF] 普通会员和月度大会员每月不赠送B币券，不需要领取权益喽
[10:13:36 INF] ----------结束----------

[10:13:36 INF] ---开始 领取大会员漫画权益 ---
[10:13:36 INF] 不是会员，跳过
[10:13:36 INF] ------------结束------------

[10:13:36 INF] ---开始 B币券充电 ---
[10:13:36 INF] 不是年度大会员，跳过
[10:13:36 INF] --------结束--------

[10:13:36 INF] =========结束=========

[10:13:36 INF] 

========================

 v2.0.1 开源 by https://github.com/RayWangQvQ/BiliBiliToolPro

[10:13:36 INF] ·开始推送·Daily任务·
2023-07-14T02:13:36.5670805Z 开始推送到:自定义
2023-07-14T02:13:37.5827674Z Response status: OK.
2023-07-14T02:13:37.5828206Z Response content: {"message":"请求体为空，如果使用 JSON 请设置 Content-Type 为 application/json，否则请使用表单提交","success":false}.

[10:13:37 INF] 运行环境：Development
[10:13:37 INF] 应用目录：/home/runner/work/BiliBiliToolPro/BiliBiliToolPro/src/Ray.BiliBiliTool.Console/bin/Debug/net6.0/

[10:13:37 INF] 运行结束
