----------- ip 信息 ---------
{
  "ip": "40.77.92.122",
  "city": "Des Moines",
  "region": "Iowa",
  "country": "US",
  "loc": "41.6005,-93.6091",
  "org": "AS8075 Microsoft Corporation",
  "postal": "50307",
  "timezone": "America/Chicago",
  "readme": "https://ipinfo.io/missingauth"
} ---------- end ------------
  ____               ____    _   _____           _  
 |  _ \ __ _ _   _  | __ ) _| |_|_   _|__   ___ | | 
 | |_) / _` | | | | |  _ \(_) (_) | |/ _ \ / _ \| | 
 |  _ < (_| | |_| | | |_) | | | | | | (_) | (_) | | 
 |_| \_\__,_|\__, | |____/|_|_|_| |_|\___/ \___/|_| 
             |___/                                  

[09:30:43 INF] BiliBiliToolPro 开始运行...

[09:30:43 INF] 【账号个数】3个

[09:30:43 INF] 随机休眠1分钟

[09:31:43 INF] 【目标任务】Daily
[09:31:43 INF] ######### 账号 1 #########

[09:31:44 INF] =====开始 每日任务 =====

[09:31:44 INF] ---开始 Set Cookie ---
[09:31:44 INF] Cookie完整，不需要Set Cookie
[09:31:44 INF] -------------结束-------------

[09:31:44 INF] ---开始 登录 ---
[09:31:50 INF] 【用户名】sunxxxxxgzi
[09:31:50 INF] 【会员类型】月度大会员
[09:31:50 INF] 【会员状态】无/过期
[09:31:50 INF] 【硬币余额】555.2
[09:31:50 INF] 【距升级Lv6】238天（如每日做满65点经验）
[09:31:50 INF] 登录成功，经验+5 √
[09:31:50 INF] -----结束-----

[09:31:53 INF] ---开始 观看、分享视频 ---
[09:32:15 INF] 【随机视频】拆解国外众筹网站上的太阳穴按摩仪，整体不计成本堆料式制造
[09:32:15 INF] 今天已经观看过了，不需要再看啦
[09:32:26 INF] 视频分享成功，经验+5 √
[09:32:26 INF] ----------结束----------

[09:32:26 INF] ---开始 投币 ---
[09:32:26 INF] 已配置为跳过投币任务
[09:32:26 INF] -----结束-----

[09:32:26 INF] ---开始 直播签到 ---
[09:32:32 INF] 【签到结果】成功
[09:32:32 INF] 【本次获取】3000点用户经验,2根辣条,
[09:32:32 INF] -------结束-------

[09:32:32 INF] ---开始 漫画签到 ---
[09:32:35 INF] 【签到结果】成功
[09:32:35 INF] -------结束-------

[09:32:35 INF] ---开始 漫画阅读 ---
[09:32:39 INF] 【漫画阅读】成功, 阅读漫画为：堀与宫村
[09:32:39 INF] -------结束-------

[09:32:39 INF] ---开始 银瓜子兑换硬币 ---
[09:32:39 INF] 【目标兑换日期】24号
[09:32:39 INF] 【今天】24号
[09:32:43 INF] 【银瓜子余额】 18
[09:32:43 INF] 【硬币余额】 555
[09:32:43 INF] 【今日剩余兑换次数】 1
[09:32:43 INF] 开始尝试兑换...
[09:32:50 INF] 【兑换结果】失败
[09:32:50 INF] 【原因】银瓜子余额不足
[09:32:50 INF] ----------结束----------

[09:32:50 INF] ---开始 领取大会员福利 ---
[09:32:50 INF] 普通会员和月度大会员每月不赠送B币券，不需要领取权益喽
[09:32:50 INF] ----------结束----------

[09:32:50 INF] ---开始 领取大会员漫画权益 ---
[09:32:50 INF] 不是会员，跳过
[09:32:50 INF] ------------结束------------

[09:32:50 INF] ---开始 B币券充电 ---
[09:32:50 INF] 不是年度大会员，跳过
[09:32:50 INF] --------结束--------

[09:32:50 INF] =========结束=========

[09:32:50 INF] ######### 账号 2 #########

[09:32:50 INF] =====开始 每日任务 =====

[09:32:50 INF] ---开始 Set Cookie ---
[09:32:50 INF] Cookie完整，不需要Set Cookie
[09:32:50 INF] -------------结束-------------

[09:32:50 INF] ---开始 登录 ---
[09:32:57 INF] 【用户名】bilixxxxxxxx1879
[09:32:57 INF] 【会员类型】月度大会员
[09:32:57 INF] 【会员状态】无/过期
[09:32:57 INF] 【硬币余额】426
[09:32:57 INF] 【距升级Lv5】70天（如每日做满65点经验）
[09:32:57 INF] 登录成功，经验+5 √
[09:32:57 INF] -----结束-----

[09:33:03 INF] ---开始 观看、分享视频 ---
[09:33:21 INF] 【随机视频】拆解手动打码机，看看超市里商品的价格标签是如何打印出来的
[09:33:35 INF] 视频播放成功，已观看到第12秒，经验+5 √
[09:33:38 INF] 视频分享成功，经验+5 √
[09:33:38 INF] ----------结束----------

[09:33:38 INF] ---开始 投币 ---
[09:33:38 INF] 已配置为跳过投币任务
[09:33:38 INF] -----结束-----

[09:33:38 INF] ---开始 直播签到 ---
[09:33:45 INF] 【签到结果】成功
[09:33:45 INF] 【本次获取】3000点用户经验,2根辣条,
[09:33:45 INF] -------结束-------

[09:33:45 INF] ---开始 漫画签到 ---
[09:33:52 INF] 【签到结果】成功
[09:33:52 INF] -------结束-------

[09:33:52 INF] ---开始 漫画阅读 ---
[09:33:58 INF] 【漫画阅读】成功, 阅读漫画为：堀与宫村
[09:33:58 INF] -------结束-------

[09:33:58 INF] ---开始 银瓜子兑换硬币 ---
[09:33:58 INF] 【目标兑换日期】24号
[09:33:58 INF] 【今天】24号
[09:34:04 INF] 【银瓜子余额】 490
[09:34:04 INF] 【硬币余额】 426
[09:34:04 INF] 【今日剩余兑换次数】 1
[09:34:04 INF] 开始尝试兑换...
[09:34:09 INF] 【兑换结果】失败
[09:34:09 INF] 【原因】银瓜子余额不足
[09:34:09 INF] ----------结束----------

[09:34:09 INF] ---开始 领取大会员福利 ---
[09:34:09 INF] 普通会员和月度大会员每月不赠送B币券，不需要领取权益喽
[09:34:09 INF] ----------结束----------

[09:34:09 INF] ---开始 领取大会员漫画权益 ---
[09:34:09 INF] 不是会员，跳过
[09:34:09 INF] ------------结束------------

[09:34:09 INF] ---开始 B币券充电 ---
[09:34:09 INF] 不是年度大会员，跳过
[09:34:09 INF] --------结束--------

[09:34:09 INF] =========结束=========

[09:34:09 INF] ######### 账号 3 #########

[09:34:09 INF] =====开始 每日任务 =====

[09:34:09 INF] ---开始 Set Cookie ---
[09:34:09 INF] Cookie完整，不需要Set Cookie
[09:34:09 INF] -------------结束-------------

[09:34:09 INF] ---开始 登录 ---
[09:34:17 WRN] 登录异常，请检查Cookie是否错误或过期
[09:34:17 ERR] 程序发生异常：登录失败，请检查Cookie
[09:34:17 INF] -----结束-----

[09:34:17 ERR] 程序发生异常：登录失败，请检查Cookie
[09:34:17 INF] =========结束=========

[09:34:17 WRN] 异常：System.Exception: 登录失败，请检查Cookie
   at Ray.BiliBiliTool.Application.DailyTaskAppService.Login() in /home/runner/work/BiliBiliToolPro/BiliBiliToolPro/src/Ray.BiliBiliTool.Application/DailyTaskAppService.cs:line 127
   at Ray.BiliBiliTool.Application.DailyTaskAppService.DoTaskAsync(CancellationToken cancellationToken) in /home/runner/work/BiliBiliToolPro/BiliBiliToolPro/src/Ray.BiliBiliTool.Application/DailyTaskAppService.cs:line 78
   at Ray.BiliBiliTool.Console.BiliBiliToolHostedService.DoTasksAsync(String[] tasks, CancellationToken cancellationToken) in /home/runner/work/BiliBiliToolPro/BiliBiliToolPro/src/Ray.BiliBiliTool.Console/BiliBiliToolHostedService.cs:line 188
   at Ray.BiliBiliTool.Console.BiliBiliToolHostedService.StartAsync(CancellationToken cancellationToken) in /home/runner/work/BiliBiliToolPro/BiliBiliToolPro/src/Ray.BiliBiliTool.Console/BiliBiliToolHostedService.cs:line 76
[09:34:17 INF] 

========================

 v2.0.1 开源 by https://github.com/RayWangQvQ/BiliBiliToolPro

[09:34:17 INF] ·开始推送·Daily任务·
2023-09-24T01:34:17.2848064Z 开始推送到:PushPlus
2023-09-24T01:34:18.5326574Z Response status: OK.
2023-09-24T01:34:18.5326988Z Response content: {"code":200,"msg":"请求成功","data":"9e145efb837c4c8bb869c53606771d2f","count":null}.

[09:34:18 INF] 运行环境：Development
[09:34:18 INF] 应用目录：/home/runner/work/BiliBiliToolPro/BiliBiliToolPro/src/Ray.BiliBiliTool.Console/bin/Debug/net6.0/

[09:34:18 INF] 运行结束
