----------- ip 信息 ---------
{
  "ip": "20.98.6.136",
  "city": "Chicago",
  "region": "Illinois",
  "country": "US",
  "loc": "41.8500,-87.6500",
  "org": "AS8075 Microsoft Corporation",
  "postal": "60666",
  "timezone": "America/Chicago",
  "readme": "https://ipinfo.io/missingauth"
} ---------- end ------------
  ____               ____    _   _____           _  
 |  _ \ __ _ _   _  | __ ) _| |_|_   _|__   ___ | | 
 | |_) / _` | | | | |  _ \(_) (_) | |/ _ \ / _ \| | 
 |  _ < (_| | |_| | | |_) | | | | | | (_) | (_) | | 
 |_| \_\__,_|\__, | |____/|_|_|_| |_|\___/ \___/|_| 
             |___/                                  

[09:33:14 INF] BiliBiliToolPro 开始运行...

[09:33:14 INF] 【账号个数】3个

[09:33:14 INF] 随机休眠2分钟

[09:35:14 INF] 【目标任务】Daily
[09:35:14 INF] ######### 账号 1 #########

[09:35:14 INF] =====开始 每日任务 =====

[09:35:14 INF] ---开始 Set Cookie ---
[09:35:14 INF] Cookie完整，不需要Set Cookie
[09:35:14 INF] -------------结束-------------

[09:35:14 INF] ---开始 登录 ---
[09:35:20 INF] 【用户名】sunxxxxxgzi
[09:35:20 INF] 【会员类型】月度大会员
[09:35:20 INF] 【会员状态】无/过期
[09:35:20 INF] 【硬币余额】741.2
[09:35:20 INF] 【距升级Lv6】214天（如每日做满65点经验）
[09:35:20 INF] 登录成功，经验+5 √
[09:35:20 INF] -----结束-----

[09:35:26 INF] ---开始 观看、分享视频 ---
[09:35:54 INF] 【随机视频】【致富经】小伙进来，找到漏洞我们一起发财！
[09:36:04 INF] 视频播放成功，已观看到第9秒，经验+5 √
[09:36:10 INF] 视频分享成功，经验+5 √
[09:36:10 INF] ----------结束----------

[09:36:10 INF] ---开始 投币 ---
[09:36:10 INF] 已配置为跳过投币任务
[09:36:10 INF] -----结束-----

[09:36:10 INF] ---开始 直播签到 ---
[09:36:14 INF] 【签到结果】成功
[09:36:14 INF] 【本次获取】3000点用户经验,2根辣条,666银瓜子,再签到15天可以获得50根辣条
[09:36:14 INF] -------结束-------

[09:36:14 INF] ---开始 漫画签到 ---
[09:36:19 INF] 【签到结果】成功
[09:36:19 INF] -------结束-------

[09:36:19 INF] ---开始 漫画阅读 ---
[09:36:23 INF] 【漫画阅读】成功, 阅读漫画为：堀与宫村
[09:36:23 INF] -------结束-------

[09:36:23 INF] ---开始 银瓜子兑换硬币 ---
[09:36:23 INF] 【目标兑换日期】5号
[09:36:23 INF] 【今天】5号
[09:36:27 INF] 【银瓜子余额】 1282
[09:36:27 INF] 【硬币余额】 741
[09:36:27 INF] 【今日剩余兑换次数】 1
[09:36:27 INF] 开始尝试兑换...
[09:36:33 INF] 【兑换结果】成功兑换 1 枚硬币
[09:36:33 INF] 【银瓜子余额】 582
[09:36:36 INF] 【硬币余额】 System.Runtime.CompilerServices.AsyncTaskMethodBuilder`1+AsyncStateMachineBox`1[System.Decimal,Ray.BiliBiliTool.DomainService.CoinDomainService+<GetCoinBalance>d__3]
[09:36:36 INF] ----------结束----------

[09:36:36 INF] ---开始 领取大会员福利 ---
[09:36:36 INF] 普通会员和月度大会员每月不赠送B币券，不需要领取权益喽
[09:36:36 INF] ----------结束----------

[09:36:36 INF] ---开始 领取大会员漫画权益 ---
[09:36:36 INF] 不是会员，跳过
[09:36:36 INF] ------------结束------------

[09:36:36 INF] ---开始 B币券充电 ---
[09:36:36 INF] 不是年度大会员，跳过
[09:36:36 INF] --------结束--------

[09:36:36 INF] =========结束=========

[09:36:36 INF] ######### 账号 2 #########

[09:36:36 INF] =====开始 每日任务 =====

[09:36:36 INF] ---开始 Set Cookie ---
[09:36:36 INF] Cookie完整，不需要Set Cookie
[09:36:36 INF] -------------结束-------------

[09:36:36 INF] ---开始 登录 ---
[09:36:42 INF] 【用户名】bilixxxxxxxx1879
[09:36:42 INF] 【会员类型】月度大会员
[09:36:42 INF] 【会员状态】无/过期
[09:36:42 INF] 【硬币余额】528
[09:36:42 INF] 【距升级Lv5】47天（如每日做满65点经验）
[09:36:42 INF] 登录成功，经验+5 √
[09:36:42 INF] -----结束-----

[09:36:46 INF] ---开始 观看、分享视频 ---
[09:37:07 INF] 【随机视频】滚轮打水晶 进厂 厂都不要
[09:37:21 INF] 视频播放成功，已观看到第11秒，经验+5 √
[09:37:27 INF] 视频分享成功，经验+5 √
[09:37:27 INF] ----------结束----------

[09:37:27 INF] ---开始 投币 ---
[09:37:27 INF] 已配置为跳过投币任务
[09:37:27 INF] -----结束-----

[09:37:27 INF] ---开始 直播签到 ---
[09:37:35 INF] 【签到结果】成功
[09:37:35 INF] 【本次获取】3000点用户经验,2根辣条,666银瓜子,再签到15天可以获得50根辣条
[09:37:35 INF] -------结束-------

[09:37:35 INF] ---开始 漫画签到 ---
[09:37:38 INF] 【签到结果】成功
[09:37:38 INF] -------结束-------

[09:37:38 INF] ---开始 漫画阅读 ---
[09:37:44 INF] 【漫画阅读】成功, 阅读漫画为：堀与宫村
[09:37:44 INF] -------结束-------

[09:37:44 INF] ---开始 银瓜子兑换硬币 ---
[09:37:44 INF] 【目标兑换日期】5号
[09:37:44 INF] 【今天】5号
[09:37:50 INF] 【银瓜子余额】 1054
[09:37:50 INF] 【硬币余额】 528
[09:37:50 INF] 【今日剩余兑换次数】 1
[09:37:50 INF] 开始尝试兑换...
[09:37:53 INF] 【兑换结果】成功兑换 1 枚硬币
[09:37:53 INF] 【银瓜子余额】 354
[09:37:58 INF] 【硬币余额】 System.Runtime.CompilerServices.AsyncTaskMethodBuilder`1+AsyncStateMachineBox`1[System.Decimal,Ray.BiliBiliTool.DomainService.CoinDomainService+<GetCoinBalance>d__3]
[09:37:58 INF] ----------结束----------

[09:37:58 INF] ---开始 领取大会员福利 ---
[09:37:58 INF] 普通会员和月度大会员每月不赠送B币券，不需要领取权益喽
[09:37:58 INF] ----------结束----------

[09:37:58 INF] ---开始 领取大会员漫画权益 ---
[09:37:58 INF] 不是会员，跳过
[09:37:58 INF] ------------结束------------

[09:37:58 INF] ---开始 B币券充电 ---
[09:37:58 INF] 不是年度大会员，跳过
[09:37:58 INF] --------结束--------

[09:37:58 INF] =========结束=========

[09:37:58 INF] ######### 账号 3 #########

[09:37:58 INF] =====开始 每日任务 =====

[09:37:58 INF] ---开始 Set Cookie ---
[09:37:58 INF] Cookie完整，不需要Set Cookie
[09:37:58 INF] -------------结束-------------

[09:37:58 INF] ---开始 登录 ---
[09:38:03 WRN] 登录异常，请检查Cookie是否错误或过期
[09:38:03 ERR] 程序发生异常：登录失败，请检查Cookie
[09:38:03 INF] -----结束-----

[09:38:03 ERR] 程序发生异常：登录失败，请检查Cookie
[09:38:03 INF] =========结束=========

[09:38:03 WRN] 异常：System.Exception: 登录失败，请检查Cookie
   at Ray.BiliBiliTool.Application.DailyTaskAppService.Login() in /home/runner/work/BiliBiliToolPro/BiliBiliToolPro/src/Ray.BiliBiliTool.Application/DailyTaskAppService.cs:line 127
   at Ray.BiliBiliTool.Application.DailyTaskAppService.DoTaskAsync(CancellationToken cancellationToken) in /home/runner/work/BiliBiliToolPro/BiliBiliToolPro/src/Ray.BiliBiliTool.Application/DailyTaskAppService.cs:line 78
   at Ray.BiliBiliTool.Console.BiliBiliToolHostedService.DoTasksAsync(String[] tasks, CancellationToken cancellationToken) in /home/runner/work/BiliBiliToolPro/BiliBiliToolPro/src/Ray.BiliBiliTool.Console/BiliBiliToolHostedService.cs:line 188
   at Ray.BiliBiliTool.Console.BiliBiliToolHostedService.StartAsync(CancellationToken cancellationToken) in /home/runner/work/BiliBiliToolPro/BiliBiliToolPro/src/Ray.BiliBiliTool.Console/BiliBiliToolHostedService.cs:line 76
[09:38:03 INF] 

========================

 v2.0.1 开源 by https://github.com/RayWangQvQ/BiliBiliToolPro

[09:38:03 INF] ·开始推送·Daily任务·
2024-01-05T01:38:03.0450330Z 开始推送到:PushPlus
2024-01-05T01:38:03.8889111Z Response status: OK.
2024-01-05T01:38:03.8889387Z Response content: {"code":200,"msg":"请求成功","data":"616897c5ac784b5a9bb9ed591cc3c444","count":null}.

[09:38:03 INF] 运行环境：Development
[09:38:03 INF] 应用目录：/home/runner/work/BiliBiliToolPro/BiliBiliToolPro/src/Ray.BiliBiliTool.Console/bin/Debug/net6.0/

[09:38:03 INF] 运行结束
