----------- ip 信息 ---------
{
  "ip": "4.227.114.176",
  "city": "Phoenix",
  "region": "Arizona",
  "country": "US",
  "loc": "33.4484,-112.0740",
  "org": "AS8075 Microsoft Corporation",
  "postal": "85001",
  "timezone": "America/Phoenix",
  "readme": "https://ipinfo.io/missingauth"
} ---------- end ------------
  ____               ____    _   _____           _  
 |  _ \ __ _ _   _  | __ ) _| |_|_   _|__   ___ | | 
 | |_) / _` | | | | |  _ \(_) (_) | |/ _ \ / _ \| | 
 |  _ < (_| | |_| | | |_) | | | | | | (_) | (_) | | 
 |_| \_\__,_|\__, | |____/|_|_|_| |_|\___/ \___/|_| 
             |___/                                  

[09:27:27 INF] BiliBiliToolPro 开始运行...

[09:27:27 INF] 【账号个数】3个

[09:27:27 INF] 随机休眠2分钟

[09:29:27 INF] 【目标任务】Daily
[09:29:27 INF] ######### 账号 1 #########

[09:29:27 INF] =====开始 每日任务 =====

[09:29:27 INF] ---开始 Set Cookie ---
[09:29:27 INF] Cookie完整，不需要Set Cookie
[09:29:27 INF] -------------结束-------------

[09:29:27 INF] ---开始 登录 ---
[09:29:31 INF] 【用户名】sunxxxxxgzi
[09:29:31 INF] 【会员类型】月度大会员
[09:29:31 INF] 【会员状态】正常
[09:29:31 INF] 【硬币余额】1128.2
[09:29:31 INF] 【距升级Lv6】预计843天
[09:29:31 INF] 登录成功，经验+5 √
[09:29:31 INF] -----结束-----

[09:29:36 INF] ---开始 观看、分享视频 ---
[09:29:51 INF] 【随机视频】智能门锁凭啥卖那么贵？拆开看看性价比和安全性到底如何
[09:29:51 INF] 今天已经观看过了，不需要再看啦
[09:30:01 INF] 视频分享成功，经验+5 √
[09:30:01 INF] ----------结束----------

[09:30:01 INF] ---开始 投币 ---
[09:30:01 INF] 已配置为跳过投币任务
[09:30:01 INF] -----结束-----

[09:30:01 INF] ---开始 直播签到 ---
[09:30:08 INF] 【签到结果】成功
[09:30:08 INF] 【本次获取】3000点用户经验,2根辣条,再签到8天可以获得50根辣条
[09:30:08 INF] -------结束-------

[09:30:08 INF] ---开始 漫画签到 ---
[09:30:15 INF] 【签到结果】成功
[09:30:15 INF] -------结束-------

[09:30:15 INF] ---开始 漫画阅读 ---
[09:30:18 INF] 【漫画阅读】成功
[09:30:18 INF] -------结束-------

[09:30:18 INF] ---开始 银瓜子兑换硬币 ---
[09:30:18 INF] 【目标兑换日期】14号
[09:30:18 INF] 【今天】14号
[09:30:24 INF] 【银瓜子余额】 548
[09:30:24 INF] 【硬币余额】 1128
[09:30:24 INF] 【今日剩余兑换次数】 1
[09:30:24 INF] 开始尝试兑换...
[09:30:30 INF] 【兑换结果】失败
[09:30:30 INF] 【原因】银瓜子余额不足
[09:30:30 INF] ----------结束----------

[09:30:30 INF] ---开始 领取大会员福利 ---
[09:30:30 INF] 普通会员和月度大会员每月不赠送B币券，不需要领取权益喽
[09:30:30 INF] ----------结束----------

[09:30:30 INF] ---开始 领取大会员漫画权益 ---
[09:30:30 INF] 【目标日期】1号
[09:30:30 INF] 【今天】14号
[09:30:30 INF] 跳过
[09:30:30 INF] ------------结束------------

[09:30:30 INF] ---开始 B币券充电 ---
[09:30:30 INF] 已配置为关闭，跳过
[09:30:30 INF] --------结束--------

[09:30:30 INF] =========结束=========

[09:30:30 INF] ######### 账号 2 #########

[09:30:30 INF] =====开始 每日任务 =====

[09:30:30 INF] ---开始 Set Cookie ---
[09:30:30 INF] Cookie完整，不需要Set Cookie
[09:30:30 INF] -------------结束-------------

[09:30:30 INF] ---开始 登录 ---
[09:30:37 INF] 【用户名】bilixxxxxxxx1879
[09:30:37 INF] 【会员类型】月度大会员
[09:30:37 INF] 【会员状态】无/过期
[09:30:37 INF] 【硬币余额】561
[09:30:37 INF] 【距升级Lv5】预计160天
[09:30:37 INF] 登录成功，经验+5 √
[09:30:37 INF] -----结束-----

[09:30:44 INF] ---开始 观看、分享视频 ---
[09:31:04 INF] 【随机视频】【这不是演习】漠叔抄了诈骗的窝，发现不少好东西
[09:31:16 INF] 视频播放成功，已观看到第4秒，经验+5 √
[09:31:20 INF] 视频分享成功，经验+5 √
[09:31:20 INF] ----------结束----------

[09:31:20 INF] ---开始 投币 ---
[09:31:20 INF] 已配置为跳过投币任务
[09:31:20 INF] -----结束-----

[09:31:20 INF] ---开始 直播签到 ---
[09:31:25 INF] 【签到结果】成功
[09:31:25 INF] 【本次获取】3000点用户经验,2根辣条,再签到8天可以获得50根辣条
[09:31:25 INF] -------结束-------

[09:31:25 INF] ---开始 漫画签到 ---
[09:31:31 INF] 【签到结果】成功
[09:31:31 INF] -------结束-------

[09:31:31 INF] ---开始 漫画阅读 ---
[09:31:35 INF] 【漫画阅读】成功
[09:31:35 INF] -------结束-------

[09:31:35 INF] ---开始 银瓜子兑换硬币 ---
[09:31:35 INF] 【目标兑换日期】14号
[09:31:35 INF] 【今天】14号
[09:31:39 INF] 【银瓜子余额】 320
[09:31:39 INF] 【硬币余额】 561
[09:31:39 INF] 【今日剩余兑换次数】 1
[09:31:39 INF] 开始尝试兑换...
[09:31:45 INF] 【兑换结果】失败
[09:31:45 INF] 【原因】银瓜子余额不足
[09:31:45 INF] ----------结束----------

[09:31:45 INF] ---开始 领取大会员福利 ---
[09:31:45 INF] 普通会员和月度大会员每月不赠送B币券，不需要领取权益喽
[09:31:45 INF] ----------结束----------

[09:31:45 INF] ---开始 领取大会员漫画权益 ---
[09:31:45 INF] 不是会员，跳过
[09:31:45 INF] ------------结束------------

[09:31:45 INF] ---开始 B币券充电 ---
[09:31:45 INF] 已配置为关闭，跳过
[09:31:45 INF] --------结束--------

[09:31:45 INF] =========结束=========

[09:31:45 INF] ######### 账号 3 #########

[09:31:45 INF] =====开始 每日任务 =====

[09:31:45 INF] ---开始 Set Cookie ---
[09:31:45 INF] Cookie完整，不需要Set Cookie
[09:31:45 INF] -------------结束-------------

[09:31:45 INF] ---开始 登录 ---
[09:31:48 WRN] 登录异常，请检查Cookie是否错误或过期
[09:31:48 ERR] 程序发生异常：登录失败，请检查Cookie
[09:31:48 INF] -----结束-----

[09:31:48 ERR] 程序发生异常：登录失败，请检查Cookie
[09:31:48 INF] =========结束=========

[09:31:48 WRN] 异常：System.Exception: 登录失败，请检查Cookie
   at Ray.BiliBiliTool.Application.DailyTaskAppService.Login() in /home/runner/work/BiliBiliToolPro/BiliBiliToolPro/src/Ray.BiliBiliTool.Application/DailyTaskAppService.cs:line 134
   at Ray.BiliBiliTool.Application.DailyTaskAppService.DoTaskAsync(CancellationToken cancellationToken) in /home/runner/work/BiliBiliToolPro/BiliBiliToolPro/src/Ray.BiliBiliTool.Application/DailyTaskAppService.cs:line 81
   at Ray.BiliBiliTool.Console.BiliBiliToolHostedService.DoTasksAsync(String[] tasks, CancellationToken cancellationToken) in /home/runner/work/BiliBiliToolPro/BiliBiliToolPro/src/Ray.BiliBiliTool.Console/BiliBiliToolHostedService.cs:line 194
   at Ray.BiliBiliTool.Console.BiliBiliToolHostedService.StartAsync(CancellationToken cancellationToken) in /home/runner/work/BiliBiliToolPro/BiliBiliToolPro/src/Ray.BiliBiliTool.Console/BiliBiliToolHostedService.cs:line 76
[09:31:48 INF] 

========================

 v2.0.2 开源 by https://github.com/RayWangQvQ/BiliBiliToolPro

[09:31:48 INF] ·开始推送·Daily任务·
2024-02-14T01:31:48.4882508Z 开始推送到:PushPlus
2024-02-14T01:31:49.7071618Z Response status: OK.
2024-02-14T01:31:49.7071962Z Response content: {"code":200,"msg":"请求成功","data":"abf183fae65e417684f095ba41a80247","count":null}.

[09:31:49 INF] 运行环境：Development
[09:31:49 INF] 应用目录：/home/runner/work/BiliBiliToolPro/BiliBiliToolPro/src/Ray.BiliBiliTool.Console/bin/Debug/net6.0/

[09:31:49 INF] 运行结束
  ____               ____    _   _____           _  
 |  _ \ __ _ _   _  | __ ) _| |_|_   _|__   ___ | | 
 | |_) / _` | | | | |  _ \(_) (_) | |/ _ \ / _ \| | 
 |  _ < (_| | |_| | | |_) | | | | | | (_) | (_) | | 
 |_| \_\__,_|\__, | |____/|_|_|_| |_|\___/ \___/|_| 
             |___/                                  

[09:31:52 INF] BiliBiliToolPro 开始运行...

[09:31:52 INF] 【账号个数】3个

[09:31:52 INF] 随机休眠4分钟

[09:35:52 INF] 【目标任务】VipBigPoint
[09:35:52 INF] ######### 账号 1 #########

[09:35:52 INF] =====开始 大会员大积分 =====

[09:35:52 INF] 大会员经验领取任务开始
[09:35:55 INF] 大会员经验未兑换
[09:35:58 INF] 领取成功，经验+10 √
[09:35:58 INF] ---开始 测试Cookie ---
[09:36:02 INF] 【用户名】sunxxxxxgzi
[09:36:02 INF] 【会员类型】月度大会员
[09:36:02 INF] 【会员状态】正常
[09:36:02 INF] 【硬币余额】1128.2
[09:36:02 INF] 【距升级Lv6】预计842天
[09:36:02 INF] -----------结束-----------

[09:36:05 INF] ------当前任务状态------
[09:36:05 INF] 打卡：X
[09:36:05 INF] -福利任务
[09:36:05 INF] ---大会员福利大积分：√
[09:36:05 INF] -体验任务
[09:36:05 INF] ---浏览大会员权益页面：√
[09:36:05 INF] -日常任务
[09:36:05 INF] ---浏览装扮商城主页：X
[09:36:05 INF] ---浏览会员购页面10秒：X
[09:36:05 INF] ---购买指定会员购商品：X
[09:36:05 INF] ---浏览追番频道页10秒：X
[09:36:05 INF] ---观看任意正片内容：X
[09:36:05 INF] ---购买单点付费影片：X
[09:36:05 INF] ---购买指定装扮商品：X
[09:36:05 INF] ------------------------

[09:36:05 INF] ---开始 签到 ---
[09:36:08 ERR] 签到失败，继续其他任务。失败信息:{"Code":6007000,"Message":"抱歉，您的账号存在风险，暂时无法参与本任务哦~","Data":null}

[09:36:08 INF] -----结束-----

[09:36:08 INF] ---开始 福利任务 ---
[09:36:08 ERR] 福利任务失败，继续其他任务。失败信息:Object reference not set to an instance of an object.

[09:36:08 INF] -------结束-------

[09:36:08 INF] ---开始 体验任务 ---
[09:36:08 ERR] 体验任务失败，继续其他任务。失败信息:Object reference not set to an instance of an object.

[09:36:08 INF] -------结束-------

[09:36:08 INF] ---开始 浏览追番频道页10秒 ---
[09:36:08 ERR] 浏览追番频道页10秒失败，继续其他任务。失败信息:Object reference not set to an instance of an object.

[09:36:08 INF] -------------结束-------------

[09:36:08 INF] ---开始 浏览会员购页面10秒 ---
[09:36:08 INF] 待实现...
[09:36:08 INF] -------------结束-------------

[09:36:08 INF] ---开始 观看任意正片内容 ---
[09:36:08 ERR] 观看任意正片内容失败，继续其他任务。失败信息:Object reference not set to an instance of an object.

[09:36:08 INF] -----------结束-----------

[09:36:08 INF] ---开始 购买单点付费影片（仅领取） ---
[09:36:08 ERR] 购买单点付费影片（仅领取）失败，继续其他任务。失败信息:Object reference not set to an instance of an object.

[09:36:08 INF] ----------------结束----------------

[09:36:08 INF] ---开始 购买指定会员购商品（仅领取） ---
[09:36:08 ERR] 购买指定会员购商品（仅领取）失败，继续其他任务。失败信息:Object reference not set to an instance of an object.

[09:36:08 INF] -----------------结束-----------------

[09:36:08 ERR] 程序发生异常：Object reference not set to an instance of an object.
[09:36:08 INF] ===========结束===========

[09:36:08 WRN] 异常：System.NullReferenceException: Object reference not set to an instance of an object.
   at Ray.BiliBiliTool.Application.VipBigPointAppService.DoTaskAsync(CancellationToken cancellationToken) in /home/runner/work/BiliBiliToolPro/BiliBiliToolPro/src/Ray.BiliBiliTool.Application/VipBigPointAppService.cs:line 141
   at Ray.BiliBiliTool.Console.BiliBiliToolHostedService.DoTasksAsync(String[] tasks, CancellationToken cancellationToken) in /home/runner/work/BiliBiliToolPro/BiliBiliToolPro/src/Ray.BiliBiliTool.Console/BiliBiliToolHostedService.cs:line 194
   at Ray.BiliBiliTool.Console.BiliBiliToolHostedService.StartAsync(CancellationToken cancellationToken) in /home/runner/work/BiliBiliToolPro/BiliBiliToolPro/src/Ray.BiliBiliTool.Console/BiliBiliToolHostedService.cs:line 76
[09:36:08 INF] ######### 账号 2 #########

[09:36:08 INF] =====开始 大会员大积分 =====

[09:36:08 INF] 大会员经验领取任务开始
[09:36:14 INF] 大会员经验未兑换
[09:36:18 INF] 领取成功，经验+10 √
[09:36:18 INF] ---开始 测试Cookie ---
[09:36:25 INF] 【用户名】bilixxxxxxxx1879
[09:36:25 INF] 【会员类型】月度大会员
[09:36:25 INF] 【会员状态】无/过期
[09:36:25 INF] 【硬币余额】561
[09:36:25 INF] 【距升级Lv5】预计158天
[09:36:25 INF] -----------结束-----------

[09:36:25 INF] 当前不是大会员或已过期，跳过任务
[09:36:25 INF] ===========结束===========

[09:36:25 INF] ######### 账号 3 #########

[09:36:25 INF] =====开始 大会员大积分 =====

[09:36:25 INF] 大会员经验领取任务开始
[09:36:31 INF] ---开始 测试Cookie ---
[09:36:39 WRN] 登录异常，请检查Cookie是否错误或过期
[09:36:39 ERR] 程序发生异常：登录失败，请检查Cookie
[09:36:39 INF] -----------结束-----------

[09:36:39 ERR] 程序发生异常：登录失败，请检查Cookie
[09:36:39 INF] ===========结束===========

[09:36:39 WRN] 异常：System.Exception: 登录失败，请检查Cookie
   at Ray.BiliBiliTool.Application.VipBigPointAppService.GetUserInfo() in /home/runner/work/BiliBiliToolPro/BiliBiliToolPro/src/Ray.BiliBiliTool.Application/VipBigPointAppService.cs:line 150
   at Ray.BiliBiliTool.Application.VipBigPointAppService.DoTaskAsync(CancellationToken cancellationToken) in /home/runner/work/BiliBiliToolPro/BiliBiliToolPro/src/Ray.BiliBiliTool.Application/VipBigPointAppService.cs:line 98
   at Ray.BiliBiliTool.Console.BiliBiliToolHostedService.DoTasksAsync(String[] tasks, CancellationToken cancellationToken) in /home/runner/work/BiliBiliToolPro/BiliBiliToolPro/src/Ray.BiliBiliTool.Console/BiliBiliToolHostedService.cs:line 194
   at Ray.BiliBiliTool.Console.BiliBiliToolHostedService.StartAsync(CancellationToken cancellationToken) in /home/runner/work/BiliBiliToolPro/BiliBiliToolPro/src/Ray.BiliBiliTool.Console/BiliBiliToolHostedService.cs:line 76
[09:36:39 INF] 

========================

 v2.0.2 开源 by https://github.com/RayWangQvQ/BiliBiliToolPro

[09:36:39 INF] ·开始推送·VipBigPoint任务·
2024-02-14T01:36:39.0188644Z 开始推送到:PushPlus
2024-02-14T01:36:39.7035419Z Response status: OK.
2024-02-14T01:36:39.7035833Z Response content: {"code":200,"msg":"请求成功","data":"278adea7137a4ede81fc82001ed10585","count":null}.

[09:36:39 INF] 运行环境：Development
[09:36:39 INF] 应用目录：/home/runner/work/BiliBiliToolPro/BiliBiliToolPro/src/Ray.BiliBiliTool.Console/bin/Debug/net6.0/

[09:36:39 INF] 运行结束
