----------- ip 信息 ---------
{
  "ip": "20.42.50.225",
  "city": "Ashburn",
  "region": "Virginia",
  "country": "US",
  "loc": "39.0437,-77.4875",
  "org": "AS8075 Microsoft Corporation",
  "postal": "20147",
  "timezone": "America/New_York",
  "readme": "https://ipinfo.io/missingauth"
} ---------- end ------------
  ____               ____    _   _____           _  
 |  _ \ __ _ _   _  | __ ) _| |_|_   _|__   ___ | | 
 | |_) / _` | | | | |  _ \(_) (_) | |/ _ \ / _ \| | 
 |  _ < (_| | |_| | | |_) | | | | | | (_) | (_) | | 
 |_| \_\__,_|\__, | |____/|_|_|_| |_|\___/ \___/|_| 
             |___/                                  

[09:35:46 INF] BiliBiliToolPro 开始运行...

[09:35:46 INF] 【账号个数】3个

[09:35:46 INF] 随机休眠1分钟

[09:36:46 INF] 【目标任务】Daily
[09:36:46 INF] ######### 账号 1 #########

[09:36:46 INF] =====开始 每日任务 =====

[09:36:46 INF] ---开始 Set Cookie ---
[09:36:46 INF] Cookie完整，不需要Set Cookie
[09:36:46 INF] -------------结束-------------

[09:36:46 INF] ---开始 登录 ---
[09:36:53 INF] 【用户名】sunxxxxxgzi
[09:36:53 INF] 【会员类型】月度大会员
[09:36:53 INF] 【会员状态】无/过期
[09:36:53 INF] 【硬币余额】522.2
[09:36:53 INF] 【距升级Lv6】260天（如每日做满65点经验）
[09:36:53 INF] 登录成功，经验+5 √
[09:36:53 INF] -----结束-----

[09:36:59 INF] ---开始 观看、分享视频 ---
[09:37:15 INF] 【随机视频】【HYT起床战争】狗都不看的单八残局
[09:37:15 INF] 今天已经观看过了，不需要再看啦
[09:37:25 INF] 视频分享成功，经验+5 √
[09:37:25 INF] ----------结束----------

[09:37:25 INF] ---开始 投币 ---
[09:37:25 INF] 已配置为跳过投币任务
[09:37:25 INF] -----结束-----

[09:37:25 INF] ---开始 直播签到 ---
[09:37:33 INF] 【签到结果】成功
[09:37:33 INF] 【本次获取】3000点用户经验,2根辣条,再签到3天可以获得666银瓜子
[09:37:33 INF] -------结束-------

[09:37:33 INF] ---开始 漫画签到 ---
[09:37:39 INF] 【签到结果】成功
[09:37:39 INF] -------结束-------

[09:37:39 INF] ---开始 漫画阅读 ---
[09:37:46 INF] 【漫画阅读】成功, 阅读漫画为：堀与宫村
[09:37:46 INF] -------结束-------

[09:37:46 INF] ---开始 银瓜子兑换硬币 ---
[09:37:46 INF] 【目标兑换日期】2号
[09:37:46 INF] 【今天】2号
[09:37:50 INF] 【银瓜子余额】 86
[09:37:50 INF] 【硬币余额】 522
[09:37:50 INF] 【今日剩余兑换次数】 1
[09:37:50 INF] 开始尝试兑换...
[09:37:55 INF] 【兑换结果】失败
[09:37:55 INF] 【原因】银瓜子余额不足
[09:37:55 INF] ----------结束----------

[09:37:55 INF] ---开始 领取大会员福利 ---
[09:37:55 INF] 普通会员和月度大会员每月不赠送B币券，不需要领取权益喽
[09:37:55 INF] ----------结束----------

[09:37:55 INF] ---开始 领取大会员漫画权益 ---
[09:37:55 INF] 不是会员，跳过
[09:37:55 INF] ------------结束------------

[09:37:55 INF] ---开始 B币券充电 ---
[09:37:55 INF] 不是年度大会员，跳过
[09:37:55 INF] --------结束--------

[09:37:55 INF] =========结束=========

[09:37:55 INF] ######### 账号 2 #########

[09:37:55 INF] =====开始 每日任务 =====

[09:37:55 INF] ---开始 Set Cookie ---
[09:37:55 INF] Cookie完整，不需要Set Cookie
[09:37:55 INF] -------------结束-------------

[09:37:55 INF] ---开始 登录 ---
[09:38:03 INF] 【用户名】bilixxxxxxxx1879
[09:38:03 INF] 【会员类型】月度大会员
[09:38:03 INF] 【会员状态】无/过期
[09:38:03 INF] 【硬币余额】371
[09:38:03 INF] 【距升级Lv5】82天（如每日做满65点经验）
[09:38:03 INF] 登录成功，经验+5 √
[09:38:03 INF] -----结束-----

[09:38:08 INF] ---开始 观看、分享视频 ---
[09:38:34 INF] 【随机视频】变粗变大后的小米充气宝多久能打满汽车轮胎？骑记充气宝试用拆解
[09:38:43 INF] 视频播放成功，已观看到第11秒，经验+5 √
[09:38:47 INF] 视频分享成功，经验+5 √
[09:38:47 INF] ----------结束----------

[09:38:47 INF] ---开始 投币 ---
[09:38:47 INF] 已配置为跳过投币任务
[09:38:47 INF] -----结束-----

[09:38:47 INF] ---开始 直播签到 ---
[09:38:52 INF] 【签到结果】成功
[09:38:52 INF] 【本次获取】3000点用户经验,2根辣条,再签到3天可以获得666银瓜子
[09:38:52 INF] -------结束-------

[09:38:52 INF] ---开始 漫画签到 ---
[09:39:00 INF] 【签到结果】成功
[09:39:00 INF] -------结束-------

[09:39:00 INF] ---开始 漫画阅读 ---
[09:39:03 INF] 【漫画阅读】成功, 阅读漫画为：堀与宫村
[09:39:03 INF] -------结束-------

[09:39:03 INF] ---开始 银瓜子兑换硬币 ---
[09:39:03 INF] 【目标兑换日期】2号
[09:39:03 INF] 【今天】2号
[09:39:11 INF] 【银瓜子余额】 558
[09:39:11 INF] 【硬币余额】 371
[09:39:11 INF] 【今日剩余兑换次数】 1
[09:39:11 INF] 开始尝试兑换...
[09:39:15 INF] 【兑换结果】失败
[09:39:15 INF] 【原因】银瓜子余额不足
[09:39:15 INF] ----------结束----------

[09:39:15 INF] ---开始 领取大会员福利 ---
[09:39:15 INF] 普通会员和月度大会员每月不赠送B币券，不需要领取权益喽
[09:39:15 INF] ----------结束----------

[09:39:15 INF] ---开始 领取大会员漫画权益 ---
[09:39:15 INF] 不是会员，跳过
[09:39:15 INF] ------------结束------------

[09:39:15 INF] ---开始 B币券充电 ---
[09:39:15 INF] 不是年度大会员，跳过
[09:39:15 INF] --------结束--------

[09:39:15 INF] =========结束=========

[09:39:15 INF] ######### 账号 3 #########

[09:39:15 INF] =====开始 每日任务 =====

[09:39:15 INF] ---开始 Set Cookie ---
[09:39:15 INF] Cookie完整，不需要Set Cookie
[09:39:15 INF] -------------结束-------------

[09:39:15 INF] ---开始 登录 ---
[09:39:22 INF] 【用户名】晴xxng
[09:39:22 INF] 【会员类型】无
[09:39:22 INF] 【会员状态】无/过期
[09:39:22 INF] 【硬币余额】186
[09:39:22 INF] 【距升级Lv4】20天（如每日做满65点经验）
[09:39:22 INF] 登录成功，经验+5 √
[09:39:22 INF] -----结束-----

[09:39:29 INF] ---开始 观看、分享视频 ---
[09:40:20 INF] 【随机视频】汪文斌：我们依法管理互联网，还有问题吗？
[09:40:28 INF] 视频播放成功，已观看到第10秒，经验+5 √
[09:40:32 INF] 视频分享成功，经验+5 √
[09:40:32 INF] ----------结束----------

[09:40:32 INF] ---开始 投币 ---
[09:40:32 INF] 已配置为跳过投币任务
[09:40:32 INF] -----结束-----

[09:40:32 INF] ---开始 直播签到 ---
[09:40:37 INF] 【签到结果】成功
[09:40:37 INF] 【本次获取】3000点用户经验,2根辣条,再签到3天可以获得666银瓜子
[09:40:37 INF] -------结束-------

[09:40:37 INF] ---开始 漫画签到 ---
[09:40:41 INF] 【签到结果】成功
[09:40:41 INF] -------结束-------

[09:40:41 INF] ---开始 漫画阅读 ---
[09:40:46 INF] 【漫画阅读】成功, 阅读漫画为：堀与宫村
[09:40:46 INF] -------结束-------

[09:40:46 INF] ---开始 银瓜子兑换硬币 ---
[09:40:46 INF] 【目标兑换日期】2号
[09:40:46 INF] 【今天】2号
[09:40:49 INF] 【银瓜子余额】 496
[09:40:49 INF] 【硬币余额】 186
[09:40:49 INF] 【今日剩余兑换次数】 1
[09:40:49 INF] 开始尝试兑换...
[09:40:55 INF] 【兑换结果】失败
[09:40:55 INF] 【原因】银瓜子余额不足
[09:40:55 INF] ----------结束----------

[09:40:55 INF] ---开始 领取大会员福利 ---
[09:40:55 INF] 普通会员和月度大会员每月不赠送B币券，不需要领取权益喽
[09:40:55 INF] ----------结束----------

[09:40:55 INF] ---开始 领取大会员漫画权益 ---
[09:40:55 INF] 不是会员，跳过
[09:40:55 INF] ------------结束------------

[09:40:55 INF] ---开始 B币券充电 ---
[09:40:55 INF] 不是年度大会员，跳过
[09:40:55 INF] --------结束--------

[09:40:55 INF] =========结束=========

[09:40:55 INF] 

========================

 v2.0.1 开源 by https://github.com/RayWangQvQ/BiliBiliToolPro

[09:40:55 INF] ·开始推送·Daily任务·
2023-08-02T01:40:55.9893726Z 开始推送到:PushPlus
2023-08-02T01:40:56.7326000Z Response status: OK.
2023-08-02T01:40:56.7326618Z Response content: {"code":200,"msg":"请求成功","data":"da014b9de66448bf8abdde0ea57305bf","count":null}.

[09:40:56 INF] 运行环境：Development
[09:40:56 INF] 应用目录：/home/runner/work/BiliBiliToolPro/BiliBiliToolPro/src/Ray.BiliBiliTool.Console/bin/Debug/net6.0/

[09:40:56 INF] 运行结束
