----------- ip 信息 ---------
{
  "ip": "40.86.28.135",
  "city": "Des Moines",
  "region": "Iowa",
  "country": "US",
  "loc": "41.6005,-93.6091",
  "org": "AS8075 Microsoft Corporation",
  "postal": "50307",
  "timezone": "America/Chicago",
  "readme": "https://ipinfo.io/missingauth"
} ---------- end ------------
  ____               ____    _   _____           _  
 |  _ \ __ _ _   _  | __ ) _| |_|_   _|__   ___ | | 
 | |_) / _` | | | | |  _ \(_) (_) | |/ _ \ / _ \| | 
 |  _ < (_| | |_| | | |_) | | | | | | (_) | (_) | | 
 |_| \_\__,_|\__, | |____/|_|_|_| |_|\___/ \___/|_| 
             |___/                                  

[09:42:24 INF] BiliBiliToolPro 开始运行...

[09:42:24 INF] 【账号个数】3个

[09:42:24 INF] 随机休眠1分钟

[09:43:24 INF] 【目标任务】Daily
[09:43:24 INF] ######### 账号 1 #########

[09:43:24 INF] =====开始 每日任务 =====

[09:43:24 INF] ---开始 Set Cookie ---
[09:43:24 INF] Cookie完整，不需要Set Cookie
[09:43:24 INF] -------------结束-------------

[09:43:24 INF] ---开始 登录 ---
[09:43:31 INF] 【用户名】sunxxxxxgzi
[09:43:31 INF] 【会员类型】月度大会员
[09:43:31 INF] 【会员状态】无/过期
[09:43:31 INF] 【硬币余额】522.2
[09:43:31 INF] 【距升级Lv6】261天（如每日做满65点经验）
[09:43:31 INF] 登录成功，经验+5 √
[09:43:31 INF] -----结束-----

[09:43:39 INF] ---开始 观看、分享视频 ---
[09:43:58 INF] 【随机视频】在￥6000"豪华"迪士尼酒店住一晚？是什么体验？
[09:43:58 INF] 今天已经观看过了，不需要再看啦
[09:44:08 INF] 视频分享成功，经验+5 √
[09:44:08 INF] ----------结束----------

[09:44:08 INF] ---开始 投币 ---
[09:44:08 INF] 已配置为跳过投币任务
[09:44:08 INF] -----结束-----

[09:44:08 INF] ---开始 直播签到 ---
[09:44:14 INF] 【签到结果】成功
[09:44:14 INF] 【本次获取】3000点用户经验,2根辣条,
[09:44:14 INF] -------结束-------

[09:44:14 INF] ---开始 漫画签到 ---
[09:44:20 INF] 【签到结果】成功
[09:44:20 INF] -------结束-------

[09:44:20 INF] ---开始 漫画阅读 ---
[09:44:23 INF] 【漫画阅读】成功, 阅读漫画为：堀与宫村
[09:44:23 INF] -------结束-------

[09:44:23 INF] ---开始 银瓜子兑换硬币 ---
[09:44:23 INF] 【目标兑换日期】31号
[09:44:23 INF] 【今天】31号
[09:44:31 INF] 【银瓜子余额】 86
[09:44:31 INF] 【硬币余额】 522
[09:44:31 INF] 【今日剩余兑换次数】 1
[09:44:31 INF] 开始尝试兑换...
[09:44:36 INF] 【兑换结果】失败
[09:44:36 INF] 【原因】银瓜子余额不足
[09:44:36 INF] ----------结束----------

[09:44:36 INF] ---开始 领取大会员福利 ---
[09:44:36 INF] 普通会员和月度大会员每月不赠送B币券，不需要领取权益喽
[09:44:36 INF] ----------结束----------

[09:44:36 INF] ---开始 领取大会员漫画权益 ---
[09:44:36 INF] 不是会员，跳过
[09:44:36 INF] ------------结束------------

[09:44:36 INF] ---开始 B币券充电 ---
[09:44:36 INF] 不是年度大会员，跳过
[09:44:36 INF] --------结束--------

[09:44:36 INF] =========结束=========

[09:44:36 INF] ######### 账号 2 #########

[09:44:36 INF] =====开始 每日任务 =====

[09:44:36 INF] ---开始 Set Cookie ---
[09:44:36 INF] Cookie完整，不需要Set Cookie
[09:44:36 INF] -------------结束-------------

[09:44:36 INF] ---开始 登录 ---
[09:44:42 INF] 【用户名】bilixxxxxxxx1879
[09:44:42 INF] 【会员类型】月度大会员
[09:44:42 INF] 【会员状态】无/过期
[09:44:42 INF] 【硬币余额】369
[09:44:42 INF] 【距升级Lv5】83天（如每日做满65点经验）
[09:44:42 INF] 登录成功，经验+5 √
[09:44:42 INF] -----结束-----

[09:44:49 INF] ---开始 观看、分享视频 ---
[09:45:11 INF] 【随机视频】【亮记生物鉴定】抖音巨鱼是什么？
[09:45:23 INF] 视频播放成功，已观看到第7秒，经验+5 √
[09:45:28 INF] 视频分享成功，经验+5 √
[09:45:28 INF] ----------结束----------

[09:45:28 INF] ---开始 投币 ---
[09:45:28 INF] 已配置为跳过投币任务
[09:45:28 INF] -----结束-----

[09:45:28 INF] ---开始 直播签到 ---
[09:45:32 INF] 【签到结果】成功
[09:45:32 INF] 【本次获取】3000点用户经验,2根辣条,
[09:45:32 INF] -------结束-------

[09:45:32 INF] ---开始 漫画签到 ---
[09:45:35 INF] 【签到结果】成功
[09:45:35 INF] -------结束-------

[09:45:35 INF] ---开始 漫画阅读 ---
[09:45:42 INF] 【漫画阅读】成功, 阅读漫画为：堀与宫村
[09:45:42 INF] -------结束-------

[09:45:42 INF] ---开始 银瓜子兑换硬币 ---
[09:45:42 INF] 【目标兑换日期】31号
[09:45:42 INF] 【今天】31号
[09:45:49 INF] 【银瓜子余额】 558
[09:45:49 INF] 【硬币余额】 369
[09:45:49 INF] 【今日剩余兑换次数】 1
[09:45:49 INF] 开始尝试兑换...
[09:45:54 INF] 【兑换结果】失败
[09:45:54 INF] 【原因】银瓜子余额不足
[09:45:54 INF] ----------结束----------

[09:45:54 INF] ---开始 领取大会员福利 ---
[09:45:54 INF] 普通会员和月度大会员每月不赠送B币券，不需要领取权益喽
[09:45:54 INF] ----------结束----------

[09:45:54 INF] ---开始 领取大会员漫画权益 ---
[09:45:54 INF] 不是会员，跳过
[09:45:54 INF] ------------结束------------

[09:45:54 INF] ---开始 B币券充电 ---
[09:45:54 INF] 不是年度大会员，跳过
[09:45:54 INF] --------结束--------

[09:45:54 INF] =========结束=========

[09:45:54 INF] ######### 账号 3 #########

[09:45:54 INF] =====开始 每日任务 =====

[09:45:54 INF] ---开始 Set Cookie ---
[09:45:54 INF] Cookie完整，不需要Set Cookie
[09:45:54 INF] -------------结束-------------

[09:45:54 INF] ---开始 登录 ---
[09:46:02 INF] 【用户名】晴xxng
[09:46:02 INF] 【会员类型】无
[09:46:02 INF] 【会员状态】无/过期
[09:46:02 INF] 【硬币余额】184
[09:46:02 INF] 【距升级Lv4】20天（如每日做满65点经验）
[09:46:02 INF] 登录成功，经验+5 √
[09:46:02 INF] -----结束-----

[09:46:09 INF] ---开始 观看、分享视频 ---
[09:46:30 INF] 【随机视频】【4K警方抓捕】流水27亿？聊着微信唱着歌，枪顶脑门......
[09:46:40 INF] 视频播放成功，已观看到第14秒，经验+5 √
[09:46:45 INF] 视频分享成功，经验+5 √
[09:46:45 INF] ----------结束----------

[09:46:45 INF] ---开始 投币 ---
[09:46:45 INF] 已配置为跳过投币任务
[09:46:45 INF] -----结束-----

[09:46:45 INF] ---开始 直播签到 ---
[09:46:51 INF] 【签到结果】成功
[09:46:51 INF] 【本次获取】3000点用户经验,2根辣条,
[09:46:51 INF] -------结束-------

[09:46:51 INF] ---开始 漫画签到 ---
[09:46:58 INF] 【签到结果】成功
[09:46:58 INF] -------结束-------

[09:46:58 INF] ---开始 漫画阅读 ---
[09:47:05 INF] 【漫画阅读】成功, 阅读漫画为：堀与宫村
[09:47:05 INF] -------结束-------

[09:47:05 INF] ---开始 银瓜子兑换硬币 ---
[09:47:05 INF] 【目标兑换日期】31号
[09:47:05 INF] 【今天】31号
[09:47:13 INF] 【银瓜子余额】 496
[09:47:13 INF] 【硬币余额】 184
[09:47:13 INF] 【今日剩余兑换次数】 1
[09:47:13 INF] 开始尝试兑换...
[09:47:20 INF] 【兑换结果】失败
[09:47:20 INF] 【原因】银瓜子余额不足
[09:47:20 INF] ----------结束----------

[09:47:20 INF] ---开始 领取大会员福利 ---
[09:47:20 INF] 普通会员和月度大会员每月不赠送B币券，不需要领取权益喽
[09:47:20 INF] ----------结束----------

[09:47:20 INF] ---开始 领取大会员漫画权益 ---
[09:47:20 INF] 不是会员，跳过
[09:47:20 INF] ------------结束------------

[09:47:20 INF] ---开始 B币券充电 ---
[09:47:20 INF] 不是年度大会员，跳过
[09:47:20 INF] --------结束--------

[09:47:20 INF] =========结束=========

[09:47:20 INF] 

========================

 v2.0.1 开源 by https://github.com/RayWangQvQ/BiliBiliToolPro

[09:47:20 INF] ·开始推送·Daily任务·
2023-07-31T01:47:20.6362889Z 开始推送到:PushPlus
2023-07-31T01:47:21.4163464Z Response status: OK.
2023-07-31T01:47:21.4163980Z Response content: {"code":200,"msg":"请求成功","data":"50a899ed6491465488291003db50440e","count":null}.

[09:47:21 INF] 运行环境：Development
[09:47:21 INF] 应用目录：/home/runner/work/BiliBiliToolPro/BiliBiliToolPro/src/Ray.BiliBiliTool.Console/bin/Debug/net6.0/

[09:47:21 INF] 运行结束
