----------- ip 信息 ---------
{
  "ip": "20.55.118.212",
  "city": "Washington",
  "region": "Virginia",
  "country": "US",
  "loc": "38.7135,-78.1594",
  "org": "AS8075 Microsoft Corporation",
  "postal": "22747",
  "timezone": "America/New_York",
  "readme": "https://ipinfo.io/missingauth"
} ---------- end ------------
  ____               ____    _   _____           _  
 |  _ \ __ _ _   _  | __ ) _| |_|_   _|__   ___ | | 
 | |_) / _` | | | | |  _ \(_) (_) | |/ _ \ / _ \| | 
 |  _ < (_| | |_| | | |_) | | | | | | (_) | (_) | | 
 |_| \_\__,_|\__, | |____/|_|_|_| |_|\___/ \___/|_| 
             |___/                                  

[09:20:42 INF] BiliBiliToolPro 开始运行...

[09:20:42 INF] 【账号个数】3个

[09:20:42 INF] 随机休眠5分钟

[09:25:42 INF] 【目标任务】Daily
[09:25:42 INF] ######### 账号 1 #########

[09:25:42 INF] =====开始 每日任务 =====

[09:25:42 INF] ---开始 Set Cookie ---
[09:25:42 INF] Cookie完整，不需要Set Cookie
[09:25:42 INF] -------------结束-------------

[09:25:42 INF] ---开始 登录 ---
[09:25:48 INF] 【用户名】sunxxxxxgzi
[09:25:48 INF] 【会员类型】月度大会员
[09:25:48 INF] 【会员状态】正常
[09:25:48 INF] 【硬币余额】1138.2
[09:25:48 INF] 【距升级Lv6】预计816天
[09:25:48 INF] 登录成功，经验+5 √
[09:25:48 INF] -----结束-----

[09:25:56 INF] ---开始 观看、分享视频 ---
[09:26:17 INF] 【随机视频】《骗 吃 骗 喝》
[09:26:30 INF] 视频播放成功，已观看到第3秒，经验+5 √
[09:26:35 INF] 视频分享成功，经验+5 √
[09:26:35 INF] ----------结束----------

[09:26:35 INF] ---开始 投币 ---
[09:26:35 INF] 已配置为跳过投币任务
[09:26:35 INF] -----结束-----

[09:26:35 INF] ---开始 直播签到 ---
[09:26:41 INF] 【签到结果】成功
[09:26:41 INF] 【本次获取】3000点用户经验,2根辣条,
[09:26:41 INF] -------结束-------

[09:26:41 INF] ---开始 漫画签到 ---
[09:26:45 INF] 【签到结果】成功
[09:26:45 INF] -------结束-------

[09:26:45 INF] ---开始 漫画阅读 ---
[09:26:49 INF] 【漫画阅读】成功
[09:26:49 INF] -------结束-------

[09:26:49 INF] ---开始 银瓜子兑换硬币 ---
[09:26:49 INF] 【目标兑换日期】29号
[09:26:49 INF] 【今天】29号
[09:26:52 INF] 【银瓜子余额】 548
[09:26:52 INF] 【硬币余额】 1138
[09:26:52 INF] 【今日剩余兑换次数】 1
[09:26:52 INF] 开始尝试兑换...
[09:26:56 INF] 【兑换结果】失败
[09:26:56 INF] 【原因】银瓜子余额不足
[09:26:56 INF] ----------结束----------

[09:26:56 INF] ---开始 领取大会员福利 ---
[09:26:56 INF] 普通会员和月度大会员每月不赠送B币券，不需要领取权益喽
[09:26:56 INF] ----------结束----------

[09:26:56 INF] ---开始 领取大会员漫画权益 ---
[09:26:56 INF] 【目标日期】1号
[09:26:56 INF] 【今天】29号
[09:26:56 INF] 跳过
[09:26:56 INF] ------------结束------------

[09:26:56 INF] ---开始 B币券充电 ---
[09:26:56 INF] 已配置为关闭，跳过
[09:26:56 INF] --------结束--------

[09:26:56 INF] =========结束=========

[09:26:56 INF] ######### 账号 2 #########

[09:26:56 INF] =====开始 每日任务 =====

[09:26:56 INF] ---开始 Set Cookie ---
[09:26:56 INF] Cookie完整，不需要Set Cookie
[09:26:56 INF] -------------结束-------------

[09:26:56 INF] ---开始 登录 ---
[09:27:03 INF] 【用户名】bilixxxxxxxx1879
[09:27:03 INF] 【会员类型】月度大会员
[09:27:03 INF] 【会员状态】无/过期
[09:27:03 INF] 【硬币余额】576
[09:27:03 INF] 【距升级Lv5】预计135天
[09:27:03 INF] 登录成功，经验+5 √
[09:27:03 INF] -----结束-----

[09:27:10 INF] ---开始 观看、分享视频 ---
[09:27:35 INF] 【随机视频】你以为开特技飞机呢？漠叔体验民航全新一代国产视景系统模拟机
[09:27:46 INF] 视频播放成功，已观看到第10秒，经验+5 √
[09:27:53 INF] 视频分享成功，经验+5 √
[09:27:53 INF] ----------结束----------

[09:27:53 INF] ---开始 投币 ---
[09:27:53 INF] 已配置为跳过投币任务
[09:27:53 INF] -----结束-----

[09:27:53 INF] ---开始 直播签到 ---
[09:28:00 INF] 【签到结果】成功
[09:28:00 INF] 【本次获取】3000点用户经验,2根辣条,
[09:28:00 INF] -------结束-------

[09:28:00 INF] ---开始 漫画签到 ---
[09:28:05 INF] 【签到结果】成功
[09:28:05 INF] -------结束-------

[09:28:05 INF] ---开始 漫画阅读 ---
[09:28:09 INF] 【漫画阅读】成功
[09:28:09 INF] -------结束-------

[09:28:09 INF] ---开始 银瓜子兑换硬币 ---
[09:28:09 INF] 【目标兑换日期】29号
[09:28:09 INF] 【今天】29号
[09:28:15 INF] 【银瓜子余额】 320
[09:28:15 INF] 【硬币余额】 576
[09:28:15 INF] 【今日剩余兑换次数】 1
[09:28:15 INF] 开始尝试兑换...
[09:28:20 INF] 【兑换结果】失败
[09:28:20 INF] 【原因】银瓜子余额不足
[09:28:20 INF] ----------结束----------

[09:28:20 INF] ---开始 领取大会员福利 ---
[09:28:20 INF] 普通会员和月度大会员每月不赠送B币券，不需要领取权益喽
[09:28:20 INF] ----------结束----------

[09:28:20 INF] ---开始 领取大会员漫画权益 ---
[09:28:20 INF] 不是会员，跳过
[09:28:20 INF] ------------结束------------

[09:28:20 INF] ---开始 B币券充电 ---
[09:28:20 INF] 已配置为关闭，跳过
[09:28:20 INF] --------结束--------

[09:28:20 INF] =========结束=========

[09:28:20 INF] ######### 账号 3 #########

[09:28:20 INF] =====开始 每日任务 =====

[09:28:20 INF] ---开始 Set Cookie ---
[09:28:20 INF] Cookie完整，不需要Set Cookie
[09:28:20 INF] -------------结束-------------

[09:28:20 INF] ---开始 登录 ---
[09:28:28 WRN] 登录异常，请检查Cookie是否错误或过期
[09:28:28 ERR] 程序发生异常：登录失败，请检查Cookie
[09:28:28 INF] -----结束-----

[09:28:28 ERR] 程序发生异常：登录失败，请检查Cookie
[09:28:28 INF] =========结束=========

[09:28:28 WRN] 异常：System.Exception: 登录失败，请检查Cookie
   at Ray.BiliBiliTool.Application.DailyTaskAppService.Login() in /home/runner/work/BiliBiliToolPro/BiliBiliToolPro/src/Ray.BiliBiliTool.Application/DailyTaskAppService.cs:line 134
   at Ray.BiliBiliTool.Application.DailyTaskAppService.DoTaskAsync(CancellationToken cancellationToken) in /home/runner/work/BiliBiliToolPro/BiliBiliToolPro/src/Ray.BiliBiliTool.Application/DailyTaskAppService.cs:line 81
   at Ray.BiliBiliTool.Console.BiliBiliToolHostedService.DoTasksAsync(String[] tasks, CancellationToken cancellationToken) in /home/runner/work/BiliBiliToolPro/BiliBiliToolPro/src/Ray.BiliBiliTool.Console/BiliBiliToolHostedService.cs:line 194
   at Ray.BiliBiliTool.Console.BiliBiliToolHostedService.StartAsync(CancellationToken cancellationToken) in /home/runner/work/BiliBiliToolPro/BiliBiliToolPro/src/Ray.BiliBiliTool.Console/BiliBiliToolHostedService.cs:line 76
[09:28:28 INF] 

========================

 v2.0.2 开源 by https://github.com/RayWangQvQ/BiliBiliToolPro

[09:28:28 INF] ·开始推送·Daily任务·
2024-02-29T01:28:28.2752667Z 开始推送到:PushPlus
2024-02-29T01:28:29.1225772Z Response status: OK.
2024-02-29T01:28:29.1226319Z Response content: {"code":200,"msg":"请求成功","data":"9088b1372dee4e3e9de06396f88e7ca8","count":null}.

[09:28:29 INF] 运行环境：Development
[09:28:29 INF] 应用目录：/home/runner/work/BiliBiliToolPro/BiliBiliToolPro/src/Ray.BiliBiliTool.Console/bin/Debug/net6.0/

[09:28:29 INF] 运行结束
  ____               ____    _   _____           _  
 |  _ \ __ _ _   _  | __ ) _| |_|_   _|__   ___ | | 
 | |_) / _` | | | | |  _ \(_) (_) | |/ _ \ / _ \| | 
 |  _ < (_| | |_| | | |_) | | | | | | (_) | (_) | | 
 |_| \_\__,_|\__, | |____/|_|_|_| |_|\___/ \___/|_| 
             |___/                                  

[09:28:31 INF] BiliBiliToolPro 开始运行...

[09:28:31 INF] 【账号个数】3个

[09:28:31 INF] 随机休眠2分钟

[09:30:31 INF] 【目标任务】VipBigPoint
[09:30:31 INF] ######### 账号 1 #########

[09:30:31 INF] =====开始 大会员大积分 =====

[09:30:31 INF] 大会员经验领取任务开始
[09:30:38 INF] 大会员经验未兑换
[09:30:42 INF] 领取成功，经验+10 √
[09:30:42 INF] ---开始 测试Cookie ---
[09:30:50 INF] 【用户名】sunxxxxxgzi
[09:30:50 INF] 【会员类型】月度大会员
[09:30:50 INF] 【会员状态】正常
[09:30:50 INF] 【硬币余额】1138.2
[09:30:50 INF] 【距升级Lv6】预计814天
[09:30:50 INF] -----------结束-----------

[09:30:57 INF] ------当前任务状态------
[09:30:57 INF] 打卡：X
[09:30:57 INF] -福利任务
[09:30:57 INF] ---大会员福利大积分：√
[09:30:57 INF] -体验任务
[09:30:57 INF] ---浏览大会员权益页面：√
[09:30:57 INF] -日常任务
[09:30:57 INF] ---浏览装扮商城主页：X
[09:30:57 INF] ---浏览会员购页面10秒：X
[09:30:57 INF] ---购买指定会员购商品：X
[09:30:57 INF] ---浏览追番频道页10秒：X
[09:30:57 INF] ---观看任意正片内容：X
[09:30:57 INF] ---购买单点付费影片：X
[09:30:57 INF] ---购买指定装扮商品：X
[09:30:57 INF] ------------------------

[09:30:57 INF] ---开始 签到 ---
[09:31:01 ERR] 签到失败，继续其他任务。失败信息:{"Code":6007000,"Message":"抱歉，您的账号存在风险，暂时无法参与本任务哦~","Data":null}

[09:31:01 INF] -----结束-----

[09:31:01 INF] ---开始 福利任务 ---
[09:31:01 ERR] 福利任务失败，继续其他任务。失败信息:Object reference not set to an instance of an object.

[09:31:01 INF] -------结束-------

[09:31:01 INF] ---开始 体验任务 ---
[09:31:01 ERR] 体验任务失败，继续其他任务。失败信息:Object reference not set to an instance of an object.

[09:31:01 INF] -------结束-------

[09:31:01 INF] ---开始 浏览追番频道页10秒 ---
[09:31:01 ERR] 浏览追番频道页10秒失败，继续其他任务。失败信息:Object reference not set to an instance of an object.

[09:31:01 INF] -------------结束-------------

[09:31:01 INF] ---开始 浏览会员购页面10秒 ---
[09:31:01 INF] 待实现...
[09:31:01 INF] -------------结束-------------

[09:31:01 INF] ---开始 观看任意正片内容 ---
[09:31:01 ERR] 观看任意正片内容失败，继续其他任务。失败信息:Object reference not set to an instance of an object.

[09:31:01 INF] -----------结束-----------

[09:31:01 INF] ---开始 购买单点付费影片（仅领取） ---
[09:31:01 ERR] 购买单点付费影片（仅领取）失败，继续其他任务。失败信息:Object reference not set to an instance of an object.

[09:31:01 INF] ----------------结束----------------

[09:31:01 INF] ---开始 购买指定会员购商品（仅领取） ---
[09:31:01 ERR] 购买指定会员购商品（仅领取）失败，继续其他任务。失败信息:Object reference not set to an instance of an object.

[09:31:01 INF] -----------------结束-----------------

[09:31:01 ERR] 程序发生异常：Object reference not set to an instance of an object.
[09:31:01 INF] ===========结束===========

[09:31:01 WRN] 异常：System.NullReferenceException: Object reference not set to an instance of an object.
   at Ray.BiliBiliTool.Application.VipBigPointAppService.DoTaskAsync(CancellationToken cancellationToken) in /home/runner/work/BiliBiliToolPro/BiliBiliToolPro/src/Ray.BiliBiliTool.Application/VipBigPointAppService.cs:line 141
   at Ray.BiliBiliTool.Console.BiliBiliToolHostedService.DoTasksAsync(String[] tasks, CancellationToken cancellationToken) in /home/runner/work/BiliBiliToolPro/BiliBiliToolPro/src/Ray.BiliBiliTool.Console/BiliBiliToolHostedService.cs:line 194
   at Ray.BiliBiliTool.Console.BiliBiliToolHostedService.StartAsync(CancellationToken cancellationToken) in /home/runner/work/BiliBiliToolPro/BiliBiliToolPro/src/Ray.BiliBiliTool.Console/BiliBiliToolHostedService.cs:line 76
[09:31:01 INF] ######### 账号 2 #########

[09:31:01 INF] =====开始 大会员大积分 =====

[09:31:01 INF] 大会员经验领取任务开始
[09:31:07 INF] 大会员经验未兑换
[09:31:10 INF] 领取成功，经验+10 √
[09:31:10 INF] ---开始 测试Cookie ---
[09:31:15 INF] 【用户名】bilixxxxxxxx1879
[09:31:15 INF] 【会员类型】月度大会员
[09:31:15 INF] 【会员状态】无/过期
[09:31:15 INF] 【硬币余额】576
[09:31:15 INF] 【距升级Lv5】预计133天
[09:31:15 INF] -----------结束-----------

[09:31:15 INF] 当前不是大会员或已过期，跳过任务
[09:31:15 INF] ===========结束===========

[09:31:15 INF] ######### 账号 3 #########

[09:31:15 INF] =====开始 大会员大积分 =====

[09:31:15 INF] 大会员经验领取任务开始
[09:31:19 INF] ---开始 测试Cookie ---
[09:31:25 WRN] 登录异常，请检查Cookie是否错误或过期
[09:31:25 ERR] 程序发生异常：登录失败，请检查Cookie
[09:31:25 INF] -----------结束-----------

[09:31:25 ERR] 程序发生异常：登录失败，请检查Cookie
[09:31:25 INF] ===========结束===========

[09:31:25 WRN] 异常：System.Exception: 登录失败，请检查Cookie
   at Ray.BiliBiliTool.Application.VipBigPointAppService.GetUserInfo() in /home/runner/work/BiliBiliToolPro/BiliBiliToolPro/src/Ray.BiliBiliTool.Application/VipBigPointAppService.cs:line 150
   at Ray.BiliBiliTool.Application.VipBigPointAppService.DoTaskAsync(CancellationToken cancellationToken) in /home/runner/work/BiliBiliToolPro/BiliBiliToolPro/src/Ray.BiliBiliTool.Application/VipBigPointAppService.cs:line 98
   at Ray.BiliBiliTool.Console.BiliBiliToolHostedService.DoTasksAsync(String[] tasks, CancellationToken cancellationToken) in /home/runner/work/BiliBiliToolPro/BiliBiliToolPro/src/Ray.BiliBiliTool.Console/BiliBiliToolHostedService.cs:line 194
   at Ray.BiliBiliTool.Console.BiliBiliToolHostedService.StartAsync(CancellationToken cancellationToken) in /home/runner/work/BiliBiliToolPro/BiliBiliToolPro/src/Ray.BiliBiliTool.Console/BiliBiliToolHostedService.cs:line 76
[09:31:25 INF] 

========================

 v2.0.2 开源 by https://github.com/RayWangQvQ/BiliBiliToolPro

[09:31:25 INF] ·开始推送·VipBigPoint任务·
2024-02-29T01:31:25.9744931Z 开始推送到:PushPlus
2024-02-29T01:31:26.8236067Z Response status: OK.
2024-02-29T01:31:26.8236525Z Response content: {"code":200,"msg":"请求成功","data":"00e9f022d3d2426e8a6cf50fcdc8d5c0","count":null}.

[09:31:26 INF] 运行环境：Development
[09:31:26 INF] 应用目录：/home/runner/work/BiliBiliToolPro/BiliBiliToolPro/src/Ray.BiliBiliTool.Console/bin/Debug/net6.0/

[09:31:26 INF] 运行结束
