----------- ip 信息 ---------
{
  "ip": "172.177.22.61",
  "city": "Boydton",
  "region": "Virginia",
  "country": "US",
  "loc": "36.6676,-78.3875",
  "org": "AS8075 Microsoft Corporation",
  "postal": "23917",
  "timezone": "America/New_York",
  "readme": "https://ipinfo.io/missingauth"
} ---------- end ------------
  ____               ____    _   _____           _  
 |  _ \ __ _ _   _  | __ ) _| |_|_   _|__   ___ | | 
 | |_) / _` | | | | |  _ \(_) (_) | |/ _ \ / _ \| | 
 |  _ < (_| | |_| | | |_) | | | | | | (_) | (_) | | 
 |_| \_\__,_|\__, | |____/|_|_|_| |_|\___/ \___/|_| 
             |___/                                  

[10:06:48 INF] BiliBiliToolPro 开始运行...

[10:06:48 INF] 【账号个数】3个

[10:06:48 INF] 随机休眠5分钟

[10:11:48 INF] 【目标任务】Daily
[10:11:48 INF] ######### 账号 1 #########

[10:11:48 INF] =====开始 每日任务 =====

[10:11:48 INF] ---开始 Set Cookie ---
[10:11:48 INF] Cookie完整，不需要Set Cookie
[10:11:48 INF] -------------结束-------------

[10:11:48 INF] ---开始 登录 ---
[10:11:55 INF] 【用户名】waxxxx12
[10:11:55 INF] 【会员类型】月度大会员
[10:11:55 INF] 【会员状态】无/过期
[10:11:55 INF] 【硬币余额】488.2
[10:11:55 INF] 【距升级Lv6】276天（如每日做满65点经验）
[10:11:55 INF] 登录成功，经验+5 √
[10:11:55 INF] -----结束-----

[10:12:02 INF] ---开始 观看、分享视频 ---
[10:12:18 INF] 【随机视频】《花雨庭弓箭节》
[10:12:29 INF] 视频播放成功，已观看到第6秒，经验+5 √
[10:12:33 INF] 视频分享成功，经验+5 √
[10:12:33 INF] ----------结束----------

[10:12:33 INF] ---开始 投币 ---
[10:12:33 INF] 已配置为跳过投币任务
[10:12:33 INF] -----结束-----

[10:12:33 INF] ---开始 直播签到 ---
[10:12:41 INF] 【签到结果】成功
[10:12:41 INF] 【本次获取】3000点用户经验,2根辣条,再签到2天可以获得50根辣条
[10:12:41 INF] -------结束-------

[10:12:41 INF] ---开始 漫画签到 ---
[10:12:45 INF] 【签到结果】成功
[10:12:45 INF] -------结束-------

[10:12:45 INF] ---开始 漫画阅读 ---
[10:12:50 INF] 【漫画阅读】成功, 阅读漫画为：堀与宫村
[10:12:50 INF] -------结束-------

[10:12:50 INF] ---开始 银瓜子兑换硬币 ---
[10:12:50 INF] 【目标兑换日期】18号
[10:12:50 INF] 【今天】18号
[10:12:55 INF] 【银瓜子余额】 20
[10:12:55 INF] 【硬币余额】 488
[10:12:55 INF] 【今日剩余兑换次数】 1
[10:12:55 INF] 开始尝试兑换...
[10:13:01 INF] 【兑换结果】失败
[10:13:01 INF] 【原因】银瓜子余额不足
[10:13:01 INF] ----------结束----------

[10:13:01 INF] ---开始 领取大会员福利 ---
[10:13:01 INF] 普通会员和月度大会员每月不赠送B币券，不需要领取权益喽
[10:13:01 INF] ----------结束----------

[10:13:01 INF] ---开始 领取大会员漫画权益 ---
[10:13:01 INF] 不是会员，跳过
[10:13:01 INF] ------------结束------------

[10:13:01 INF] ---开始 B币券充电 ---
[10:13:01 INF] 不是年度大会员，跳过
[10:13:01 INF] --------结束--------

[10:13:01 INF] =========结束=========

[10:13:01 INF] ######### 账号 2 #########

[10:13:01 INF] =====开始 每日任务 =====

[10:13:01 INF] ---开始 Set Cookie ---
[10:13:01 INF] Cookie完整，不需要Set Cookie
[10:13:01 INF] -------------结束-------------

[10:13:01 INF] ---开始 登录 ---
[10:13:06 INF] 【用户名】bilixxxxxxxx1879
[10:13:06 INF] 【会员类型】月度大会员
[10:13:06 INF] 【会员状态】无/过期
[10:13:06 INF] 【硬币余额】324
[10:13:06 INF] 【距升级Lv5】92天（如每日做满65点经验）
[10:13:06 INF] 登录成功，经验+5 √
[10:13:06 INF] -----结束-----

[10:13:12 INF] ---开始 观看、分享视频 ---
[10:13:35 INF] 【随机视频】拆解小米手机云台稳定器，看看它内部的结构和工作原理是什么
[10:13:43 INF] 视频播放成功，已观看到第10秒，经验+5 √
[10:13:50 INF] 视频分享成功，经验+5 √
[10:13:50 INF] ----------结束----------

[10:13:50 INF] ---开始 投币 ---
[10:13:50 INF] 已配置为跳过投币任务
[10:13:50 INF] -----结束-----

[10:13:50 INF] ---开始 直播签到 ---
[10:13:56 INF] 【签到结果】成功
[10:13:56 INF] 【本次获取】3000点用户经验,2根辣条,再签到2天可以获得50根辣条
[10:13:56 INF] -------结束-------

[10:13:56 INF] ---开始 漫画签到 ---
[10:14:02 INF] 【签到结果】成功
[10:14:02 INF] -------结束-------

[10:14:02 INF] ---开始 漫画阅读 ---
[10:14:06 INF] 【漫画阅读】成功, 阅读漫画为：堀与宫村
[10:14:06 INF] -------结束-------

[10:14:06 INF] ---开始 银瓜子兑换硬币 ---
[10:14:06 INF] 【目标兑换日期】18号
[10:14:06 INF] 【今天】18号
[10:14:11 INF] 【银瓜子余额】 292
[10:14:11 INF] 【硬币余额】 324
[10:14:11 INF] 【今日剩余兑换次数】 1
[10:14:11 INF] 开始尝试兑换...
[10:14:18 INF] 【兑换结果】失败
[10:14:18 INF] 【原因】银瓜子余额不足
[10:14:18 INF] ----------结束----------

[10:14:18 INF] ---开始 领取大会员福利 ---
[10:14:18 INF] 普通会员和月度大会员每月不赠送B币券，不需要领取权益喽
[10:14:18 INF] ----------结束----------

[10:14:18 INF] ---开始 领取大会员漫画权益 ---
[10:14:18 INF] 不是会员，跳过
[10:14:18 INF] ------------结束------------

[10:14:18 INF] ---开始 B币券充电 ---
[10:14:18 INF] 不是年度大会员，跳过
[10:14:18 INF] --------结束--------

[10:14:18 INF] =========结束=========

[10:14:18 INF] ######### 账号 3 #########

[10:14:18 INF] =====开始 每日任务 =====

[10:14:18 INF] ---开始 Set Cookie ---
[10:14:18 INF] Cookie完整，不需要Set Cookie
[10:14:18 INF] -------------结束-------------

[10:14:18 INF] ---开始 登录 ---
[10:14:25 INF] 【用户名】晴xxng
[10:14:25 INF] 【会员类型】无
[10:14:25 INF] 【会员状态】无/过期
[10:14:25 INF] 【硬币余额】142
[10:14:25 INF] 【距升级Lv4】30天（如每日做满65点经验）
[10:14:25 INF] 登录成功，经验+5 √
[10:14:25 INF] -----结束-----

[10:14:28 INF] ---开始 观看、分享视频 ---
[10:14:48 INF] 【随机视频】【亮记生物鉴定】抖音巨鱼是什么？
[10:15:00 INF] 视频播放成功，已观看到第1秒，经验+5 √
[10:15:06 INF] 视频分享成功，经验+5 √
[10:15:06 INF] ----------结束----------

[10:15:06 INF] ---开始 投币 ---
[10:15:06 INF] 已配置为跳过投币任务
[10:15:06 INF] -----结束-----

[10:15:06 INF] ---开始 直播签到 ---
[10:15:12 INF] 【签到结果】成功
[10:15:12 INF] 【本次获取】3000点用户经验,2根辣条,再签到2天可以获得50根辣条
[10:15:12 INF] -------结束-------

[10:15:12 INF] ---开始 漫画签到 ---
[10:15:16 INF] 【签到结果】成功
[10:15:16 INF] -------结束-------

[10:15:16 INF] ---开始 漫画阅读 ---
[10:15:19 INF] 【漫画阅读】成功, 阅读漫画为：堀与宫村
[10:15:19 INF] -------结束-------

[10:15:19 INF] ---开始 银瓜子兑换硬币 ---
[10:15:19 INF] 【目标兑换日期】18号
[10:15:19 INF] 【今天】18号
[10:15:24 INF] 【银瓜子余额】 530
[10:15:24 INF] 【硬币余额】 142
[10:15:24 INF] 【今日剩余兑换次数】 1
[10:15:24 INF] 开始尝试兑换...
[10:15:29 INF] 【兑换结果】失败
[10:15:29 INF] 【原因】银瓜子余额不足
[10:15:29 INF] ----------结束----------

[10:15:29 INF] ---开始 领取大会员福利 ---
[10:15:29 INF] 普通会员和月度大会员每月不赠送B币券，不需要领取权益喽
[10:15:29 INF] ----------结束----------

[10:15:29 INF] ---开始 领取大会员漫画权益 ---
[10:15:29 INF] 不是会员，跳过
[10:15:29 INF] ------------结束------------

[10:15:29 INF] ---开始 B币券充电 ---
[10:15:29 INF] 不是年度大会员，跳过
[10:15:29 INF] --------结束--------

[10:15:29 INF] =========结束=========

[10:15:29 INF] 

========================

 v2.0.1 开源 by https://github.com/RayWangQvQ/BiliBiliToolPro

[10:15:29 INF] ·开始推送·Daily任务·
2023-06-18T02:15:29.0072591Z 开始推送到:自定义
2023-06-18T02:15:34.3067513Z Response status: OK.
2023-06-18T02:15:34.3067982Z Response content: {"message":"","success":true,"uuid":"d246a41d0ac747fc86e253028cb1146b"}.

[10:15:34 INF] 运行环境：Development
[10:15:34 INF] 应用目录：/home/runner/work/BiliBiliToolPro/BiliBiliToolPro/src/Ray.BiliBiliTool.Console/bin/Debug/net6.0/

[10:15:34 INF] 运行结束
