----------- ip 信息 ---------
{
  "ip": "40.84.170.64",
  "city": "San Antonio",
  "region": "Texas",
  "country": "US",
  "loc": "29.4241,-98.4936",
  "org": "AS8075 Microsoft Corporation",
  "postal": "78205",
  "timezone": "America/Chicago",
  "readme": "https://ipinfo.io/missingauth"
} ---------- end ------------
  ____               ____    _   _____           _  
 |  _ \ __ _ _   _  | __ ) _| |_|_   _|__   ___ | | 
 | |_) / _` | | | | |  _ \(_) (_) | |/ _ \ / _ \| | 
 |  _ < (_| | |_| | | |_) | | | | | | (_) | (_) | | 
 |_| \_\__,_|\__, | |____/|_|_|_| |_|\___/ \___/|_| 
             |___/                                  

[09:21:01 INF] BiliBiliToolPro 开始运行...

[09:21:02 INF] 【账号个数】3个

[09:21:02 INF] 随机休眠4分钟

[09:25:02 INF] 【目标任务】Daily
[09:25:02 INF] ######### 账号 1 #########

[09:25:02 INF] =====开始 每日任务 =====

[09:25:02 INF] ---开始 Set Cookie ---
[09:25:02 INF] Cookie完整，不需要Set Cookie
[09:25:02 INF] -------------结束-------------

[09:25:02 INF] ---开始 登录 ---
[09:25:09 INF] 【用户名】sunxxxxxgzi
[09:25:09 INF] 【会员类型】月度大会员
[09:25:09 INF] 【会员状态】无/过期
[09:25:09 INF] 【硬币余额】510.2
[09:25:09 INF] 【距升级Lv6】245天（如每日做满65点经验）
[09:25:09 INF] 登录成功，经验+5 √
[09:25:09 INF] -----结束-----

[09:25:16 INF] ---开始 观看、分享视频 ---
[09:25:39 INF] 【随机视频】【美丽乡村】农村精神小伙，最不缺的是“正能量”剧本
[09:25:39 INF] 今天已经观看过了，不需要再看啦
[09:25:51 INF] 视频分享成功，经验+5 √
[09:25:51 INF] ----------结束----------

[09:25:51 INF] ---开始 投币 ---
[09:25:51 INF] 已配置为跳过投币任务
[09:25:51 INF] -----结束-----

[09:25:51 INF] ---开始 直播签到 ---
[09:25:56 INF] 【签到结果】成功
[09:25:56 INF] 【本次获取】3000点用户经验,2根辣条,
[09:25:56 INF] -------结束-------

[09:25:56 INF] ---开始 漫画签到 ---
[09:26:04 INF] 【签到结果】成功
[09:26:04 INF] -------结束-------

[09:26:04 INF] ---开始 漫画阅读 ---
[09:26:11 INF] 【漫画阅读】成功, 阅读漫画为：堀与宫村
[09:26:11 INF] -------结束-------

[09:26:11 INF] ---开始 银瓜子兑换硬币 ---
[09:26:11 INF] 【目标兑换日期】30号
[09:26:11 INF] 【今天】30号
[09:26:19 INF] 【银瓜子余额】 52
[09:26:19 INF] 【硬币余额】 510
[09:26:19 INF] 【今日剩余兑换次数】 1
[09:26:19 INF] 开始尝试兑换...
[09:26:22 INF] 【兑换结果】失败
[09:26:22 INF] 【原因】银瓜子余额不足
[09:26:22 INF] ----------结束----------

[09:26:22 INF] ---开始 领取大会员福利 ---
[09:26:22 INF] 普通会员和月度大会员每月不赠送B币券，不需要领取权益喽
[09:26:22 INF] ----------结束----------

[09:26:22 INF] ---开始 领取大会员漫画权益 ---
[09:26:22 INF] 不是会员，跳过
[09:26:22 INF] ------------结束------------

[09:26:22 INF] ---开始 B币券充电 ---
[09:26:22 INF] 不是年度大会员，跳过
[09:26:22 INF] --------结束--------

[09:26:22 INF] =========结束=========

[09:26:22 INF] ######### 账号 2 #########

[09:26:22 INF] =====开始 每日任务 =====

[09:26:22 INF] ---开始 Set Cookie ---
[09:26:22 INF] Cookie完整，不需要Set Cookie
[09:26:22 INF] -------------结束-------------

[09:26:22 INF] ---开始 登录 ---
[09:26:26 INF] 【用户名】bilixxxxxxxx1879
[09:26:26 INF] 【会员类型】月度大会员
[09:26:26 INF] 【会员状态】无/过期
[09:26:26 INF] 【硬币余额】400
[09:26:26 INF] 【距升级Lv5】76天（如每日做满65点经验）
[09:26:26 INF] 登录成功，经验+5 √
[09:26:26 INF] -----结束-----

[09:26:33 INF] ---开始 观看、分享视频 ---
[09:26:55 INF] 【随机视频】打劫 听到了吗
[09:27:05 INF] 视频播放成功，已观看到第1秒，经验+5 √
[09:27:10 INF] 视频分享成功，经验+5 √
[09:27:10 INF] ----------结束----------

[09:27:10 INF] ---开始 投币 ---
[09:27:10 INF] 已配置为跳过投币任务
[09:27:10 INF] -----结束-----

[09:27:10 INF] ---开始 直播签到 ---
[09:27:17 INF] 【签到结果】成功
[09:27:17 INF] 【本次获取】3000点用户经验,2根辣条,
[09:27:17 INF] -------结束-------

[09:27:17 INF] ---开始 漫画签到 ---
[09:27:23 INF] 【签到结果】成功
[09:27:23 INF] -------结束-------

[09:27:23 INF] ---开始 漫画阅读 ---
[09:27:26 INF] 【漫画阅读】成功, 阅读漫画为：堀与宫村
[09:27:26 INF] -------结束-------

[09:27:26 INF] ---开始 银瓜子兑换硬币 ---
[09:27:26 INF] 【目标兑换日期】30号
[09:27:26 INF] 【今天】30号
[09:27:34 INF] 【银瓜子余额】 524
[09:27:34 INF] 【硬币余额】 400
[09:27:34 INF] 【今日剩余兑换次数】 1
[09:27:34 INF] 开始尝试兑换...
[09:27:37 INF] 【兑换结果】失败
[09:27:37 INF] 【原因】银瓜子余额不足
[09:27:37 INF] ----------结束----------

[09:27:37 INF] ---开始 领取大会员福利 ---
[09:27:37 INF] 普通会员和月度大会员每月不赠送B币券，不需要领取权益喽
[09:27:37 INF] ----------结束----------

[09:27:37 INF] ---开始 领取大会员漫画权益 ---
[09:27:37 INF] 不是会员，跳过
[09:27:37 INF] ------------结束------------

[09:27:37 INF] ---开始 B币券充电 ---
[09:27:37 INF] 不是年度大会员，跳过
[09:27:37 INF] --------结束--------

[09:27:37 INF] =========结束=========

[09:27:37 INF] ######### 账号 3 #########

[09:27:37 INF] =====开始 每日任务 =====

[09:27:37 INF] ---开始 Set Cookie ---
[09:27:37 INF] Cookie完整，不需要Set Cookie
[09:27:37 INF] -------------结束-------------

[09:27:37 INF] ---开始 登录 ---
[09:27:41 WRN] 登录异常，请检查Cookie是否错误或过期
[09:27:41 ERR] 程序发生异常：登录失败，请检查Cookie
[09:27:41 INF] -----结束-----

[09:27:41 ERR] 程序发生异常：登录失败，请检查Cookie
[09:27:41 INF] =========结束=========

[09:27:41 WRN] 异常：System.Exception: 登录失败，请检查Cookie
   at Ray.BiliBiliTool.Application.DailyTaskAppService.Login() in /home/runner/work/BiliBiliToolPro/BiliBiliToolPro/src/Ray.BiliBiliTool.Application/DailyTaskAppService.cs:line 127
   at Ray.BiliBiliTool.Application.DailyTaskAppService.DoTaskAsync(CancellationToken cancellationToken) in /home/runner/work/BiliBiliToolPro/BiliBiliToolPro/src/Ray.BiliBiliTool.Application/DailyTaskAppService.cs:line 78
   at Ray.BiliBiliTool.Console.BiliBiliToolHostedService.DoTasksAsync(String[] tasks, CancellationToken cancellationToken) in /home/runner/work/BiliBiliToolPro/BiliBiliToolPro/src/Ray.BiliBiliTool.Console/BiliBiliToolHostedService.cs:line 188
   at Ray.BiliBiliTool.Console.BiliBiliToolHostedService.StartAsync(CancellationToken cancellationToken) in /home/runner/work/BiliBiliToolPro/BiliBiliToolPro/src/Ray.BiliBiliTool.Console/BiliBiliToolHostedService.cs:line 76
[09:27:41 INF] 

========================

 v2.0.1 开源 by https://github.com/RayWangQvQ/BiliBiliToolPro

[09:27:41 INF] ·开始推送·Daily任务·
2023-08-30T01:27:41.0263135Z 开始推送到:PushPlus
2023-08-30T01:27:41.9530907Z Response status: OK.
2023-08-30T01:27:41.9531903Z Response content: {"code":200,"msg":"请求成功","data":"6665aeecae5b4268b5e7ba90f644974f","count":null}.

[09:27:41 INF] 运行环境：Development
[09:27:41 INF] 应用目录：/home/runner/work/BiliBiliToolPro/BiliBiliToolPro/src/Ray.BiliBiliTool.Console/bin/Debug/net6.0/

[09:27:41 INF] 运行结束
