----------- ip 信息 ---------
{
  "ip": "20.171.135.54",
  "city": "Phoenix",
  "region": "Arizona",
  "country": "US",
  "loc": "33.4484,-112.0740",
  "org": "AS8075 Microsoft Corporation",
  "postal": "85001",
  "timezone": "America/Phoenix",
  "readme": "https://ipinfo.io/missingauth"
} ---------- end ------------
  ____               ____    _   _____           _  
 |  _ \ __ _ _   _  | __ ) _| |_|_   _|__   ___ | | 
 | |_) / _` | | | | |  _ \(_) (_) | |/ _ \ / _ \| | 
 |  _ < (_| | |_| | | |_) | | | | | | (_) | (_) | | 
 |_| \_\__,_|\__, | |____/|_|_|_| |_|\___/ \___/|_| 
             |___/                                  

[09:19:36 INF] BiliBiliToolPro 开始运行...

[09:19:36 INF] 【账号个数】3个

[09:19:36 INF] 随机休眠5分钟

[09:24:36 INF] 【目标任务】Daily
[09:24:36 INF] ######### 账号 1 #########

[09:24:36 INF] =====开始 每日任务 =====

[09:24:36 INF] ---开始 Set Cookie ---
[09:24:36 INF] Cookie完整，不需要Set Cookie
[09:24:36 INF] -------------结束-------------

[09:24:36 INF] ---开始 登录 ---
[09:24:44 INF] 【用户名】sunxxxxxgzi
[09:24:44 INF] 【会员类型】月度大会员
[09:24:44 INF] 【会员状态】无/过期
[09:24:44 INF] 【硬币余额】512.2
[09:24:44 INF] 【距升级Lv6】251天（如每日做满65点经验）
[09:24:44 INF] 登录成功，经验+5 √
[09:24:44 INF] -----结束-----

[09:24:50 INF] ---开始 观看、分享视频 ---
[09:25:12 INF] 【随机视频】多名UP主跟漠叔学习荒岛生存知识，满满都是干货，跟着好人就学好！
[09:25:12 INF] 今天已经观看过了，不需要再看啦
[09:25:19 INF] 视频分享成功，经验+5 √
[09:25:19 INF] ----------结束----------

[09:25:19 INF] ---开始 投币 ---
[09:25:19 INF] 已配置为跳过投币任务
[09:25:19 INF] -----结束-----

[09:25:19 INF] ---开始 直播签到 ---
[09:25:27 INF] 【签到结果】成功
[09:25:27 INF] 【本次获取】3000点用户经验,2根辣条,再签到5天可以获得50根辣条
[09:25:27 INF] -------结束-------

[09:25:27 INF] ---开始 漫画签到 ---
[09:25:32 INF] 【签到结果】成功
[09:25:32 INF] -------结束-------

[09:25:32 INF] ---开始 漫画阅读 ---
[09:25:39 INF] 【漫画阅读】成功, 阅读漫画为：堀与宫村
[09:25:39 INF] -------结束-------

[09:25:39 INF] ---开始 银瓜子兑换硬币 ---
[09:25:39 INF] 【目标兑换日期】15号
[09:25:39 INF] 【今天】15号
[09:25:46 INF] 【银瓜子余额】 52
[09:25:46 INF] 【硬币余额】 512
[09:25:46 INF] 【今日剩余兑换次数】 1
[09:25:46 INF] 开始尝试兑换...
[09:25:49 INF] 【兑换结果】失败
[09:25:49 INF] 【原因】银瓜子余额不足
[09:25:49 INF] ----------结束----------

[09:25:49 INF] ---开始 领取大会员福利 ---
[09:25:49 INF] 普通会员和月度大会员每月不赠送B币券，不需要领取权益喽
[09:25:49 INF] ----------结束----------

[09:25:49 INF] ---开始 领取大会员漫画权益 ---
[09:25:49 INF] 不是会员，跳过
[09:25:49 INF] ------------结束------------

[09:25:49 INF] ---开始 B币券充电 ---
[09:25:49 INF] 不是年度大会员，跳过
[09:25:49 INF] --------结束--------

[09:25:49 INF] =========结束=========

[09:25:49 INF] ######### 账号 2 #########

[09:25:49 INF] =====开始 每日任务 =====

[09:25:49 INF] ---开始 Set Cookie ---
[09:25:49 INF] Cookie完整，不需要Set Cookie
[09:25:49 INF] -------------结束-------------

[09:25:49 INF] ---开始 登录 ---
[09:25:57 INF] 【用户名】bilixxxxxxxx1879
[09:25:57 INF] 【会员类型】月度大会员
[09:25:57 INF] 【会员状态】无/过期
[09:25:57 INF] 【硬币余额】385
[09:25:57 INF] 【距升级Lv5】79天（如每日做满65点经验）
[09:25:57 INF] 登录成功，经验+5 √
[09:25:57 INF] -----结束-----

[09:26:04 INF] ---开始 观看、分享视频 ---
[09:26:19 INF] 【随机视频】拆解粉丝盲盒中奖得到的苹果手机，你以为你以为的就是你以为
[09:26:30 INF] 视频播放成功，已观看到第10秒，经验+5 √
[09:26:36 INF] 视频分享成功，经验+5 √
[09:26:36 INF] ----------结束----------

[09:26:36 INF] ---开始 投币 ---
[09:26:36 INF] 已配置为跳过投币任务
[09:26:36 INF] -----结束-----

[09:26:36 INF] ---开始 直播签到 ---
[09:26:41 INF] 【签到结果】成功
[09:26:41 INF] 【本次获取】3000点用户经验,2根辣条,再签到5天可以获得50根辣条
[09:26:41 INF] -------结束-------

[09:26:41 INF] ---开始 漫画签到 ---
[09:26:49 INF] 【签到结果】成功
[09:26:49 INF] -------结束-------

[09:26:49 INF] ---开始 漫画阅读 ---
[09:26:52 INF] 【漫画阅读】成功, 阅读漫画为：堀与宫村
[09:26:52 INF] -------结束-------

[09:26:52 INF] ---开始 银瓜子兑换硬币 ---
[09:26:52 INF] 【目标兑换日期】15号
[09:26:52 INF] 【今天】15号
[09:26:58 INF] 【银瓜子余额】 524
[09:26:58 INF] 【硬币余额】 385
[09:26:58 INF] 【今日剩余兑换次数】 1
[09:26:58 INF] 开始尝试兑换...
[09:27:05 INF] 【兑换结果】失败
[09:27:05 INF] 【原因】银瓜子余额不足
[09:27:05 INF] ----------结束----------

[09:27:05 INF] ---开始 领取大会员福利 ---
[09:27:05 INF] 普通会员和月度大会员每月不赠送B币券，不需要领取权益喽
[09:27:05 INF] ----------结束----------

[09:27:05 INF] ---开始 领取大会员漫画权益 ---
[09:27:05 INF] 不是会员，跳过
[09:27:05 INF] ------------结束------------

[09:27:05 INF] ---开始 B币券充电 ---
[09:27:05 INF] 不是年度大会员，跳过
[09:27:05 INF] --------结束--------

[09:27:05 INF] =========结束=========

[09:27:05 INF] ######### 账号 3 #########

[09:27:05 INF] =====开始 每日任务 =====

[09:27:05 INF] ---开始 Set Cookie ---
[09:27:05 INF] Cookie完整，不需要Set Cookie
[09:27:05 INF] -------------结束-------------

[09:27:05 INF] ---开始 登录 ---
[09:27:09 INF] 【用户名】晴xxng
[09:27:09 INF] 【会员类型】无
[09:27:09 INF] 【会员状态】无/过期
[09:27:09 INF] 【硬币余额】200
[09:27:09 INF] 【距升级Lv4】17天（如每日做满65点经验）
[09:27:09 INF] 登录成功，经验+5 √
[09:27:09 INF] -----结束-----

[09:27:15 INF] ---开始 观看、分享视频 ---
[09:27:38 INF] 【随机视频】村民一致同意漠叔担任宣传大使，老乡送来兔子庆祝，大家一起建设农村
[09:27:48 INF] 视频播放成功，已观看到第4秒，经验+5 √
[09:27:55 INF] 视频分享成功，经验+5 √
[09:27:55 INF] ----------结束----------

[09:27:55 INF] ---开始 投币 ---
[09:27:55 INF] 已配置为跳过投币任务
[09:27:55 INF] -----结束-----

[09:27:55 INF] ---开始 直播签到 ---
[09:28:01 INF] 【签到结果】成功
[09:28:01 INF] 【本次获取】3000点用户经验,2根辣条,再签到5天可以获得50根辣条
[09:28:01 INF] -------结束-------

[09:28:01 INF] ---开始 漫画签到 ---
[09:28:04 INF] 【签到结果】成功
[09:28:04 INF] -------结束-------

[09:28:04 INF] ---开始 漫画阅读 ---
[09:28:11 INF] 【漫画阅读】成功, 阅读漫画为：堀与宫村
[09:28:11 INF] -------结束-------

[09:28:11 INF] ---开始 银瓜子兑换硬币 ---
[09:28:11 INF] 【目标兑换日期】15号
[09:28:11 INF] 【今天】15号
[09:28:17 INF] 【银瓜子余额】 462
[09:28:17 INF] 【硬币余额】 200
[09:28:17 INF] 【今日剩余兑换次数】 1
[09:28:17 INF] 开始尝试兑换...
[09:28:20 INF] 【兑换结果】失败
[09:28:20 INF] 【原因】银瓜子余额不足
[09:28:20 INF] ----------结束----------

[09:28:20 INF] ---开始 领取大会员福利 ---
[09:28:20 INF] 普通会员和月度大会员每月不赠送B币券，不需要领取权益喽
[09:28:20 INF] ----------结束----------

[09:28:20 INF] ---开始 领取大会员漫画权益 ---
[09:28:20 INF] 不是会员，跳过
[09:28:20 INF] ------------结束------------

[09:28:20 INF] ---开始 B币券充电 ---
[09:28:20 INF] 不是年度大会员，跳过
[09:28:20 INF] --------结束--------

[09:28:20 INF] =========结束=========

[09:28:20 INF] 

========================

 v2.0.1 开源 by https://github.com/RayWangQvQ/BiliBiliToolPro

[09:28:20 INF] ·开始推送·Daily任务·
2023-08-15T01:28:20.5167628Z 开始推送到:PushPlus
2023-08-15T01:28:21.5541714Z Response status: OK.
2023-08-15T01:28:21.5542116Z Response content: {"code":200,"msg":"请求成功","data":"5bfa3da14064449b8cbaf7c2a87af799","count":null}.

[09:28:21 INF] 运行环境：Development
[09:28:21 INF] 应用目录：/home/runner/work/BiliBiliToolPro/BiliBiliToolPro/src/Ray.BiliBiliTool.Console/bin/Debug/net6.0/

[09:28:21 INF] 运行结束
