----------- ip 信息 ---------
{
  "ip": "20.49.36.19",
  "city": "Boydton",
  "region": "Virginia",
  "country": "US",
  "loc": "36.6676,-78.3875",
  "org": "AS8075 Microsoft Corporation",
  "postal": "23917",
  "timezone": "America/New_York",
  "readme": "https://ipinfo.io/missingauth"
} ---------- end ------------
  ____               ____    _   _____           _  
 |  _ \ __ _ _   _  | __ ) _| |_|_   _|__   ___ | | 
 | |_) / _` | | | | |  _ \(_) (_) | |/ _ \ / _ \| | 
 |  _ < (_| | |_| | | |_) | | | | | | (_) | (_) | | 
 |_| \_\__,_|\__, | |____/|_|_|_| |_|\___/ \___/|_| 
             |___/                                  

[09:29:06 INF] BiliBiliToolPro 开始运行...

[09:29:06 INF] 【账号个数】3个

[09:29:06 INF] 随机休眠3分钟

[09:32:06 INF] 【目标任务】Daily
[09:32:06 INF] ######### 账号 1 #########

[09:32:06 INF] =====开始 每日任务 =====

[09:32:06 INF] ---开始 Set Cookie ---
[09:32:06 INF] Cookie完整，不需要Set Cookie
[09:32:06 INF] -------------结束-------------

[09:32:06 INF] ---开始 登录 ---
[09:32:12 INF] 【用户名】sunxxxxxgzi
[09:32:12 INF] 【会员类型】月度大会员
[09:32:12 INF] 【会员状态】无/过期
[09:32:12 INF] 【硬币余额】563.2
[09:32:12 INF] 【距升级Lv6】236天（如每日做满65点经验）
[09:32:12 INF] 登录成功，经验+5 √
[09:32:12 INF] -----结束-----

[09:32:17 INF] ---开始 观看、分享视频 ---
[09:32:40 INF] 【随机视频】实名举报Chaos SMP管理员momo率众开挂
[09:32:40 INF] 今天已经观看过了，不需要再看啦
[09:32:54 INF] 视频分享成功，经验+5 √
[09:32:54 INF] ----------结束----------

[09:32:54 INF] ---开始 投币 ---
[09:32:54 INF] 已配置为跳过投币任务
[09:32:54 INF] -----结束-----

[09:32:54 INF] ---开始 直播签到 ---
[09:33:00 INF] 【签到结果】成功
[09:33:00 INF] 【本次获取】3000点用户经验,2根辣条,再签到2天可以获得666银瓜子
[09:33:00 INF] -------结束-------

[09:33:00 INF] ---开始 漫画签到 ---
[09:33:08 INF] 【签到结果】成功
[09:33:08 INF] -------结束-------

[09:33:08 INF] ---开始 漫画阅读 ---
[09:33:12 INF] 【漫画阅读】成功, 阅读漫画为：堀与宫村
[09:33:12 INF] -------结束-------

[09:33:12 INF] ---开始 银瓜子兑换硬币 ---
[09:33:12 INF] 【目标兑换日期】4号
[09:33:12 INF] 【今天】4号
[09:33:15 INF] 【银瓜子余额】 18
[09:33:15 INF] 【硬币余额】 563
[09:33:15 INF] 【今日剩余兑换次数】 1
[09:33:15 INF] 开始尝试兑换...
[09:33:20 INF] 【兑换结果】失败
[09:33:20 INF] 【原因】银瓜子余额不足
[09:33:20 INF] ----------结束----------

[09:33:20 INF] ---开始 领取大会员福利 ---
[09:33:20 INF] 普通会员和月度大会员每月不赠送B币券，不需要领取权益喽
[09:33:20 INF] ----------结束----------

[09:33:20 INF] ---开始 领取大会员漫画权益 ---
[09:33:20 INF] 不是会员，跳过
[09:33:20 INF] ------------结束------------

[09:33:20 INF] ---开始 B币券充电 ---
[09:33:20 INF] 不是年度大会员，跳过
[09:33:20 INF] --------结束--------

[09:33:20 INF] =========结束=========

[09:33:20 INF] ######### 账号 2 #########

[09:33:20 INF] =====开始 每日任务 =====

[09:33:20 INF] ---开始 Set Cookie ---
[09:33:20 INF] Cookie完整，不需要Set Cookie
[09:33:20 INF] -------------结束-------------

[09:33:20 INF] ---开始 登录 ---
[09:33:24 INF] 【用户名】bilixxxxxxxx1879
[09:33:24 INF] 【会员类型】月度大会员
[09:33:24 INF] 【会员状态】无/过期
[09:33:24 INF] 【硬币余额】432
[09:33:24 INF] 【距升级Lv5】69天（如每日做满65点经验）
[09:33:24 INF] 登录成功，经验+5 √
[09:33:24 INF] -----结束-----

[09:33:29 INF] ---开始 观看、分享视频 ---
[09:33:55 INF] 【随机视频】〔Chaos SMP〕强迫症低血压辅助治疗视频
[09:34:06 INF] 视频播放成功，已观看到第7秒，经验+5 √
[09:34:09 INF] 视频分享成功，经验+5 √
[09:34:09 INF] ----------结束----------

[09:34:09 INF] ---开始 投币 ---
[09:34:09 INF] 已配置为跳过投币任务
[09:34:09 INF] -----结束-----

[09:34:09 INF] ---开始 直播签到 ---
[09:34:16 INF] 【签到结果】成功
[09:34:16 INF] 【本次获取】3000点用户经验,2根辣条,再签到2天可以获得666银瓜子
[09:34:16 INF] -------结束-------

[09:34:16 INF] ---开始 漫画签到 ---
[09:34:20 INF] 【签到结果】成功
[09:34:20 INF] -------结束-------

[09:34:20 INF] ---开始 漫画阅读 ---
[09:34:27 INF] 【漫画阅读】成功, 阅读漫画为：堀与宫村
[09:34:27 INF] -------结束-------

[09:34:27 INF] ---开始 银瓜子兑换硬币 ---
[09:34:27 INF] 【目标兑换日期】4号
[09:34:27 INF] 【今天】4号
[09:34:33 INF] 【银瓜子余额】 490
[09:34:33 INF] 【硬币余额】 432
[09:34:33 INF] 【今日剩余兑换次数】 1
[09:34:33 INF] 开始尝试兑换...
[09:34:41 INF] 【兑换结果】失败
[09:34:41 INF] 【原因】银瓜子余额不足
[09:34:41 INF] ----------结束----------

[09:34:41 INF] ---开始 领取大会员福利 ---
[09:34:41 INF] 普通会员和月度大会员每月不赠送B币券，不需要领取权益喽
[09:34:41 INF] ----------结束----------

[09:34:41 INF] ---开始 领取大会员漫画权益 ---
[09:34:41 INF] 不是会员，跳过
[09:34:41 INF] ------------结束------------

[09:34:41 INF] ---开始 B币券充电 ---
[09:34:41 INF] 不是年度大会员，跳过
[09:34:41 INF] --------结束--------

[09:34:41 INF] =========结束=========

[09:34:41 INF] ######### 账号 3 #########

[09:34:41 INF] =====开始 每日任务 =====

[09:34:41 INF] ---开始 Set Cookie ---
[09:34:41 INF] Cookie完整，不需要Set Cookie
[09:34:41 INF] -------------结束-------------

[09:34:41 INF] ---开始 登录 ---
[09:34:47 WRN] 登录异常，请检查Cookie是否错误或过期
[09:34:47 ERR] 程序发生异常：登录失败，请检查Cookie
[09:34:47 INF] -----结束-----

[09:34:47 ERR] 程序发生异常：登录失败，请检查Cookie
[09:34:47 INF] =========结束=========

[09:34:47 WRN] 异常：System.Exception: 登录失败，请检查Cookie
   at Ray.BiliBiliTool.Application.DailyTaskAppService.Login() in /home/runner/work/BiliBiliToolPro/BiliBiliToolPro/src/Ray.BiliBiliTool.Application/DailyTaskAppService.cs:line 127
   at Ray.BiliBiliTool.Application.DailyTaskAppService.DoTaskAsync(CancellationToken cancellationToken) in /home/runner/work/BiliBiliToolPro/BiliBiliToolPro/src/Ray.BiliBiliTool.Application/DailyTaskAppService.cs:line 78
   at Ray.BiliBiliTool.Console.BiliBiliToolHostedService.DoTasksAsync(String[] tasks, CancellationToken cancellationToken) in /home/runner/work/BiliBiliToolPro/BiliBiliToolPro/src/Ray.BiliBiliTool.Console/BiliBiliToolHostedService.cs:line 188
   at Ray.BiliBiliTool.Console.BiliBiliToolHostedService.StartAsync(CancellationToken cancellationToken) in /home/runner/work/BiliBiliToolPro/BiliBiliToolPro/src/Ray.BiliBiliTool.Console/BiliBiliToolHostedService.cs:line 76
[09:34:47 INF] 

========================

 v2.0.1 开源 by https://github.com/RayWangQvQ/BiliBiliToolPro

[09:34:47 INF] ·开始推送·Daily任务·
2023-10-04T01:34:47.9298576Z 开始推送到:PushPlus
2023-10-04T01:34:49.0447784Z Response status: OK.
2023-10-04T01:34:49.0448164Z Response content: {"code":200,"msg":"请求成功","data":"1b24af00b9364affae3b970229dc869d","count":null}.

[09:34:49 INF] 运行环境：Development
[09:34:49 INF] 应用目录：/home/runner/work/BiliBiliToolPro/BiliBiliToolPro/src/Ray.BiliBiliTool.Console/bin/Debug/net6.0/

[09:34:49 INF] 运行结束
