----------- ip 信息 ---------
{
  "ip": "104.210.132.162",
  "city": "San Antonio",
  "region": "Texas",
  "country": "US",
  "loc": "29.4241,-98.4936",
  "org": "AS8075 Microsoft Corporation",
  "postal": "78205",
  "timezone": "America/Chicago",
  "readme": "https://ipinfo.io/missingauth"
} ---------- end ------------
  ____               ____    _   _____           _  
 |  _ \ __ _ _   _  | __ ) _| |_|_   _|__   ___ | | 
 | |_) / _` | | | | |  _ \(_) (_) | |/ _ \ / _ \| | 
 |  _ < (_| | |_| | | |_) | | | | | | (_) | (_) | | 
 |_| \_\__,_|\__, | |____/|_|_|_| |_|\___/ \___/|_| 
             |___/                                  

[09:20:06 INF] BiliBiliToolPro 开始运行...

[09:20:06 INF] 【账号个数】3个

[09:20:06 INF] 随机休眠4分钟

[09:24:06 INF] 【目标任务】Daily
[09:24:06 INF] ######### 账号 1 #########

[09:24:06 INF] =====开始 每日任务 =====

[09:24:06 INF] ---开始 Set Cookie ---
[09:24:06 INF] Cookie完整，不需要Set Cookie
[09:24:06 INF] -------------结束-------------

[09:24:06 INF] ---开始 登录 ---
[09:24:14 INF] 【用户名】sunxxxxxgzi
[09:24:14 INF] 【会员类型】月度大会员
[09:24:14 INF] 【会员状态】无/过期
[09:24:14 INF] 【硬币余额】601.2
[09:24:14 INF] 【距升级Lv6】234天（如每日做满65点经验）
[09:24:14 INF] 登录成功，经验+5 √
[09:24:14 INF] -----结束-----

[09:24:21 INF] ---开始 观看、分享视频 ---
[09:24:45 INF] 【随机视频】Vanilla Crystal PVP × 琵琶行‖渲染测试
[09:24:59 INF] 视频播放成功，已观看到第5秒，经验+5 √
[09:25:04 INF] 视频分享成功，经验+5 √
[09:25:04 INF] ----------结束----------

[09:25:04 INF] ---开始 投币 ---
[09:25:04 INF] 已配置为跳过投币任务
[09:25:04 INF] -----结束-----

[09:25:04 INF] ---开始 直播签到 ---
[09:25:10 INF] 【签到结果】成功
[09:25:10 INF] 【本次获取】3000点用户经验,2根辣条,再签到9天可以获得50根辣条
[09:25:10 INF] -------结束-------

[09:25:10 INF] ---开始 漫画签到 ---
[09:25:18 INF] 【签到结果】成功
[09:25:18 INF] -------结束-------

[09:25:18 INF] ---开始 漫画阅读 ---
[09:25:21 INF] 【漫画阅读】成功, 阅读漫画为：堀与宫村
[09:25:21 INF] -------结束-------

[09:25:21 INF] ---开始 银瓜子兑换硬币 ---
[09:25:21 INF] 【目标兑换日期】12号
[09:25:21 INF] 【今天】12号
[09:25:25 INF] 【银瓜子余额】 684
[09:25:25 INF] 【硬币余额】 601
[09:25:25 INF] 【今日剩余兑换次数】 1
[09:25:25 INF] 开始尝试兑换...
[09:25:31 INF] 【兑换结果】失败
[09:25:31 INF] 【原因】银瓜子余额不足
[09:25:31 INF] ----------结束----------

[09:25:31 INF] ---开始 领取大会员福利 ---
[09:25:31 INF] 普通会员和月度大会员每月不赠送B币券，不需要领取权益喽
[09:25:31 INF] ----------结束----------

[09:25:31 INF] ---开始 领取大会员漫画权益 ---
[09:25:31 INF] 不是会员，跳过
[09:25:31 INF] ------------结束------------

[09:25:31 INF] ---开始 B币券充电 ---
[09:25:31 INF] 不是年度大会员，跳过
[09:25:31 INF] --------结束--------

[09:25:31 INF] =========结束=========

[09:25:31 INF] ######### 账号 2 #########

[09:25:31 INF] =====开始 每日任务 =====

[09:25:31 INF] ---开始 Set Cookie ---
[09:25:31 INF] Cookie完整，不需要Set Cookie
[09:25:31 INF] -------------结束-------------

[09:25:31 INF] ---开始 登录 ---
[09:25:36 INF] 【用户名】bilixxxxxxxx1879
[09:25:36 INF] 【会员类型】月度大会员
[09:25:36 INF] 【会员状态】无/过期
[09:25:36 INF] 【硬币余额】441
[09:25:36 INF] 【距升级Lv5】67天（如每日做满65点经验）
[09:25:36 INF] 登录成功，经验+5 √
[09:25:36 INF] -----结束-----

[09:25:41 INF] ---开始 观看、分享视频 ---
[09:26:04 INF] 【随机视频】［跨年留念］Minecraft 你画我猜高端局
[09:26:16 INF] 视频播放成功，已观看到第12秒，经验+5 √
[09:26:22 INF] 视频分享成功，经验+5 √
[09:26:22 INF] ----------结束----------

[09:26:22 INF] ---开始 投币 ---
[09:26:22 INF] 已配置为跳过投币任务
[09:26:22 INF] -----结束-----

[09:26:22 INF] ---开始 直播签到 ---
[09:26:29 INF] 【签到结果】成功
[09:26:29 INF] 【本次获取】3000点用户经验,2根辣条,再签到9天可以获得50根辣条
[09:26:29 INF] -------结束-------

[09:26:29 INF] ---开始 漫画签到 ---
[09:26:32 INF] 【签到结果】成功
[09:26:32 INF] -------结束-------

[09:26:32 INF] ---开始 漫画阅读 ---
[09:26:37 INF] 【漫画阅读】成功, 阅读漫画为：堀与宫村
[09:26:37 INF] -------结束-------

[09:26:37 INF] ---开始 银瓜子兑换硬币 ---
[09:26:37 INF] 【目标兑换日期】12号
[09:26:37 INF] 【今天】12号
[09:26:43 INF] 【银瓜子余额】 456
[09:26:43 INF] 【硬币余额】 441
[09:26:43 INF] 【今日剩余兑换次数】 1
[09:26:43 INF] 开始尝试兑换...
[09:26:48 INF] 【兑换结果】失败
[09:26:48 INF] 【原因】银瓜子余额不足
[09:26:48 INF] ----------结束----------

[09:26:48 INF] ---开始 领取大会员福利 ---
[09:26:48 INF] 普通会员和月度大会员每月不赠送B币券，不需要领取权益喽
[09:26:48 INF] ----------结束----------

[09:26:48 INF] ---开始 领取大会员漫画权益 ---
[09:26:48 INF] 不是会员，跳过
[09:26:48 INF] ------------结束------------

[09:26:48 INF] ---开始 B币券充电 ---
[09:26:48 INF] 不是年度大会员，跳过
[09:26:48 INF] --------结束--------

[09:26:48 INF] =========结束=========

[09:26:48 INF] ######### 账号 3 #########

[09:26:48 INF] =====开始 每日任务 =====

[09:26:48 INF] ---开始 Set Cookie ---
[09:26:48 INF] Cookie完整，不需要Set Cookie
[09:26:48 INF] -------------结束-------------

[09:26:48 INF] ---开始 登录 ---
[09:26:52 WRN] 登录异常，请检查Cookie是否错误或过期
[09:26:52 ERR] 程序发生异常：登录失败，请检查Cookie
[09:26:52 INF] -----结束-----

[09:26:52 ERR] 程序发生异常：登录失败，请检查Cookie
[09:26:52 INF] =========结束=========

[09:26:52 WRN] 异常：System.Exception: 登录失败，请检查Cookie
   at Ray.BiliBiliTool.Application.DailyTaskAppService.Login() in /home/runner/work/BiliBiliToolPro/BiliBiliToolPro/src/Ray.BiliBiliTool.Application/DailyTaskAppService.cs:line 127
   at Ray.BiliBiliTool.Application.DailyTaskAppService.DoTaskAsync(CancellationToken cancellationToken) in /home/runner/work/BiliBiliToolPro/BiliBiliToolPro/src/Ray.BiliBiliTool.Application/DailyTaskAppService.cs:line 78
   at Ray.BiliBiliTool.Console.BiliBiliToolHostedService.DoTasksAsync(String[] tasks, CancellationToken cancellationToken) in /home/runner/work/BiliBiliToolPro/BiliBiliToolPro/src/Ray.BiliBiliTool.Console/BiliBiliToolHostedService.cs:line 188
   at Ray.BiliBiliTool.Console.BiliBiliToolHostedService.StartAsync(CancellationToken cancellationToken) in /home/runner/work/BiliBiliToolPro/BiliBiliToolPro/src/Ray.BiliBiliTool.Console/BiliBiliToolHostedService.cs:line 76
[09:26:52 INF] 

========================

 v2.0.1 开源 by https://github.com/RayWangQvQ/BiliBiliToolPro

[09:26:52 INF] ·开始推送·Daily任务·
2023-10-12T01:26:52.0433827Z 开始推送到:PushPlus
2023-10-12T01:26:52.9788170Z Response status: OK.
2023-10-12T01:26:52.9788826Z Response content: {"code":200,"msg":"请求成功","data":"78d2a7bd478d4986834f922f0118b24c","count":null}.

[09:26:52 INF] 运行环境：Development
[09:26:52 INF] 应用目录：/home/runner/work/BiliBiliToolPro/BiliBiliToolPro/src/Ray.BiliBiliTool.Console/bin/Debug/net6.0/

[09:26:52 INF] 运行结束
