----------- ip 信息 ---------
{
  "ip": "40.84.170.33",
  "city": "San Antonio",
  "region": "Texas",
  "country": "US",
  "loc": "29.4241,-98.4936",
  "org": "AS8075 Microsoft Corporation",
  "postal": "78205",
  "timezone": "America/Chicago",
  "readme": "https://ipinfo.io/missingauth"
} ---------- end ------------
  ____               ____    _   _____           _  
 |  _ \ __ _ _   _  | __ ) _| |_|_   _|__   ___ | | 
 | |_) / _` | | | | |  _ \(_) (_) | |/ _ \ / _ \| | 
 |  _ < (_| | |_| | | |_) | | | | | | (_) | (_) | | 
 |_| \_\__,_|\__, | |____/|_|_|_| |_|\___/ \___/|_| 
             |___/                                  

[10:06:02 INF] BiliBiliToolPro 开始运行...

[10:06:02 INF] 【账号个数】3个

[10:06:02 INF] 随机休眠5分钟

[10:11:02 INF] 【目标任务】Daily
[10:11:02 INF] ######### 账号 1 #########

[10:11:02 INF] =====开始 每日任务 =====

[10:11:02 INF] ---开始 Set Cookie ---
[10:11:02 INF] Cookie完整，不需要Set Cookie
[10:11:02 INF] -------------结束-------------

[10:11:02 INF] ---开始 登录 ---
[10:11:07 INF] 【用户名】waxxxx12
[10:11:07 INF] 【会员类型】月度大会员
[10:11:07 INF] 【会员状态】无/过期
[10:11:07 INF] 【硬币余额】492.2
[10:11:07 INF] 【距升级Lv6】272天（如每日做满65点经验）
[10:11:07 INF] 登录成功，经验+5 √
[10:11:07 INF] -----结束-----

[10:11:12 INF] ---开始 观看、分享视频 ---
[10:11:35 INF] 【随机视频】〔1.9+PVP〕Simple Combo
[10:11:35 INF] 今天已经观看过了，不需要再看啦
[10:11:43 INF] 视频分享成功，经验+5 √
[10:11:43 INF] ----------结束----------

[10:11:43 INF] ---开始 投币 ---
[10:11:43 INF] 已配置为跳过投币任务
[10:11:43 INF] -----结束-----

[10:11:43 INF] ---开始 直播签到 ---
[10:11:48 INF] 【签到结果】成功
[10:11:48 INF] 【本次获取】3000点用户经验,2根辣条,
[10:11:48 INF] -------结束-------

[10:11:48 INF] ---开始 漫画签到 ---
[10:11:54 INF] 【签到结果】成功
[10:11:54 INF] -------结束-------

[10:11:54 INF] ---开始 漫画阅读 ---
[10:11:58 INF] 【漫画阅读】成功, 阅读漫画为：堀与宫村
[10:11:58 INF] -------结束-------

[10:11:58 INF] ---开始 银瓜子兑换硬币 ---
[10:11:58 INF] 【目标兑换日期】28号
[10:11:58 INF] 【今天】28号
[10:12:05 INF] 【银瓜子余额】 20
[10:12:05 INF] 【硬币余额】 492
[10:12:05 INF] 【今日剩余兑换次数】 1
[10:12:05 INF] 开始尝试兑换...
[10:12:08 INF] 【兑换结果】失败
[10:12:08 INF] 【原因】银瓜子余额不足
[10:12:08 INF] ----------结束----------

[10:12:08 INF] ---开始 领取大会员福利 ---
[10:12:08 INF] 普通会员和月度大会员每月不赠送B币券，不需要领取权益喽
[10:12:08 INF] ----------结束----------

[10:12:08 INF] ---开始 领取大会员漫画权益 ---
[10:12:08 INF] 不是会员，跳过
[10:12:08 INF] ------------结束------------

[10:12:08 INF] ---开始 B币券充电 ---
[10:12:08 INF] 不是年度大会员，跳过
[10:12:08 INF] --------结束--------

[10:12:08 INF] =========结束=========

[10:12:08 INF] ######### 账号 2 #########

[10:12:08 INF] =====开始 每日任务 =====

[10:12:08 INF] ---开始 Set Cookie ---
[10:12:08 INF] Cookie完整，不需要Set Cookie
[10:12:08 INF] -------------结束-------------

[10:12:08 INF] ---开始 登录 ---
[10:12:12 INF] 【用户名】bilixxxxxxxx1879
[10:12:12 INF] 【会员类型】月度大会员
[10:12:12 INF] 【会员状态】无/过期
[10:12:12 INF] 【硬币余额】334
[10:12:12 INF] 【距升级Lv5】90天（如每日做满65点经验）
[10:12:12 INF] 登录成功，经验+5 √
[10:12:12 INF] -----结束-----

[10:12:18 INF] ---开始 观看、分享视频 ---
[10:12:38 INF] 【随机视频】隔壁游戏群的老哥唱着奇迹再现变成了光
[10:12:49 INF] 视频播放成功，已观看到第11秒，经验+5 √
[10:12:56 INF] 视频分享成功，经验+5 √
[10:12:56 INF] ----------结束----------

[10:12:56 INF] ---开始 投币 ---
[10:12:56 INF] 已配置为跳过投币任务
[10:12:56 INF] -----结束-----

[10:12:56 INF] ---开始 直播签到 ---
[10:13:02 INF] 【签到结果】成功
[10:13:02 INF] 【本次获取】3000点用户经验,2根辣条,
[10:13:02 INF] -------结束-------

[10:13:02 INF] ---开始 漫画签到 ---
[10:13:09 INF] 【签到结果】成功
[10:13:09 INF] -------结束-------

[10:13:09 INF] ---开始 漫画阅读 ---
[10:13:17 INF] 【漫画阅读】成功, 阅读漫画为：堀与宫村
[10:13:17 INF] -------结束-------

[10:13:17 INF] ---开始 银瓜子兑换硬币 ---
[10:13:17 INF] 【目标兑换日期】28号
[10:13:17 INF] 【今天】28号
[10:13:23 INF] 【银瓜子余额】 292
[10:13:23 INF] 【硬币余额】 334
[10:13:23 INF] 【今日剩余兑换次数】 1
[10:13:23 INF] 开始尝试兑换...
[10:13:26 INF] 【兑换结果】失败
[10:13:26 INF] 【原因】银瓜子余额不足
[10:13:26 INF] ----------结束----------

[10:13:26 INF] ---开始 领取大会员福利 ---
[10:13:26 INF] 普通会员和月度大会员每月不赠送B币券，不需要领取权益喽
[10:13:26 INF] ----------结束----------

[10:13:26 INF] ---开始 领取大会员漫画权益 ---
[10:13:26 INF] 不是会员，跳过
[10:13:26 INF] ------------结束------------

[10:13:26 INF] ---开始 B币券充电 ---
[10:13:26 INF] 不是年度大会员，跳过
[10:13:26 INF] --------结束--------

[10:13:26 INF] =========结束=========

[10:13:26 INF] ######### 账号 3 #########

[10:13:26 INF] =====开始 每日任务 =====

[10:13:26 INF] ---开始 Set Cookie ---
[10:13:26 INF] Cookie完整，不需要Set Cookie
[10:13:26 INF] -------------结束-------------

[10:13:26 INF] ---开始 登录 ---
[10:13:31 INF] 【用户名】晴xxng
[10:13:31 INF] 【会员类型】无
[10:13:31 INF] 【会员状态】无/过期
[10:13:31 INF] 【硬币余额】151
[10:13:31 INF] 【距升级Lv4】28天（如每日做满65点经验）
[10:13:31 INF] 登录成功，经验+5 √
[10:13:31 INF] -----结束-----

[10:13:35 INF] ---开始 观看、分享视频 ---
[10:13:56 INF] 【随机视频】硬核拆解：自动铅笔刀的内部构造
[10:14:05 INF] 视频播放成功，已观看到第14秒，经验+5 √
[10:14:09 INF] 视频分享成功，经验+5 √
[10:14:09 INF] ----------结束----------

[10:14:09 INF] ---开始 投币 ---
[10:14:09 INF] 已配置为跳过投币任务
[10:14:09 INF] -----结束-----

[10:14:09 INF] ---开始 直播签到 ---
[10:14:13 INF] 【签到结果】成功
[10:14:13 INF] 【本次获取】3000点用户经验,2根辣条,
[10:14:13 INF] -------结束-------

[10:14:13 INF] ---开始 漫画签到 ---
[10:14:17 INF] 【签到结果】成功
[10:14:17 INF] -------结束-------

[10:14:17 INF] ---开始 漫画阅读 ---
[10:14:22 INF] 【漫画阅读】成功, 阅读漫画为：堀与宫村
[10:14:22 INF] -------结束-------

[10:14:22 INF] ---开始 银瓜子兑换硬币 ---
[10:14:22 INF] 【目标兑换日期】28号
[10:14:22 INF] 【今天】28号
[10:14:28 INF] 【银瓜子余额】 530
[10:14:28 INF] 【硬币余额】 151
[10:14:28 INF] 【今日剩余兑换次数】 1
[10:14:28 INF] 开始尝试兑换...
[10:14:35 INF] 【兑换结果】失败
[10:14:35 INF] 【原因】银瓜子余额不足
[10:14:35 INF] ----------结束----------

[10:14:35 INF] ---开始 领取大会员福利 ---
[10:14:35 INF] 普通会员和月度大会员每月不赠送B币券，不需要领取权益喽
[10:14:35 INF] ----------结束----------

[10:14:35 INF] ---开始 领取大会员漫画权益 ---
[10:14:35 INF] 不是会员，跳过
[10:14:35 INF] ------------结束------------

[10:14:35 INF] ---开始 B币券充电 ---
[10:14:35 INF] 不是年度大会员，跳过
[10:14:35 INF] --------结束--------

[10:14:35 INF] =========结束=========

[10:14:35 INF] 

========================

 v2.0.1 开源 by https://github.com/RayWangQvQ/BiliBiliToolPro

[10:14:35 INF] ·开始推送·Daily任务·
2023-06-28T02:14:35.2651526Z 开始推送到:自定义
2023-06-28T02:14:49.0608492Z Response status: OK.
2023-06-28T02:14:49.0609112Z Response content: {"message":"发送群组消息子通道 pushplus 失败：Post \"https://www.pushplus.plus/send\": net/http: TLS handshake timeout\n","success":false}.

[10:14:49 INF] 运行环境：Development
[10:14:49 INF] 应用目录：/home/runner/work/BiliBiliToolPro/BiliBiliToolPro/src/Ray.BiliBiliTool.Console/bin/Debug/net6.0/

[10:14:49 INF] 运行结束
