----------- ip 信息 ---------
{
  "ip": "40.75.125.210",
  "city": "Boydton",
  "region": "Virginia",
  "country": "US",
  "loc": "36.6676,-78.3875",
  "org": "AS8075 Microsoft Corporation",
  "postal": "23917",
  "timezone": "America/New_York",
  "readme": "https://ipinfo.io/missingauth"
} ---------- end ------------
  ____               ____    _   _____           _  
 |  _ \ __ _ _   _  | __ ) _| |_|_   _|__   ___ | | 
 | |_) / _` | | | | |  _ \(_) (_) | |/ _ \ / _ \| | 
 |  _ < (_| | |_| | | |_) | | | | | | (_) | (_) | | 
 |_| \_\__,_|\__, | |____/|_|_|_| |_|\___/ \___/|_| 
             |___/                                  

[09:32:14 INF] BiliBiliToolPro 开始运行...

[09:32:14 INF] 【账号个数】3个

[09:32:14 INF] 随机休眠4分钟

[09:36:14 INF] 【目标任务】Daily
[09:36:14 INF] ######### 账号 1 #########

[09:36:14 INF] =====开始 每日任务 =====

[09:36:14 INF] ---开始 Set Cookie ---
[09:36:14 INF] Cookie完整，不需要Set Cookie
[09:36:14 INF] -------------结束-------------

[09:36:14 INF] ---开始 登录 ---
[09:36:21 INF] 【用户名】sunxxxxxgzi
[09:36:21 INF] 【会员类型】月度大会员
[09:36:21 INF] 【会员状态】无/过期
[09:36:21 INF] 【硬币余额】504.2
[09:36:21 INF] 【距升级Lv6】257天（如每日做满65点经验）
[09:36:21 INF] 登录成功，经验+5 √
[09:36:21 INF] -----结束-----

[09:36:26 INF] ---开始 观看、分享视频 ---
[09:36:47 INF] 【随机视频】〔Minecraft 技跑〕 九个水跳 惊悚过法 :)
[09:36:47 INF] 今天已经观看过了，不需要再看啦
[09:36:57 INF] 视频分享成功，经验+5 √
[09:36:57 INF] ----------结束----------

[09:36:57 INF] ---开始 投币 ---
[09:36:57 INF] 已配置为跳过投币任务
[09:36:57 INF] -----结束-----

[09:36:57 INF] ---开始 直播签到 ---
[09:37:02 INF] 【签到结果】成功
[09:37:02 INF] 【本次获取】3000点用户经验,2根辣条,再签到14天可以获得50根辣条
[09:37:02 INF] -------结束-------

[09:37:02 INF] ---开始 漫画签到 ---
[09:37:07 INF] 【签到结果】成功
[09:37:07 INF] -------结束-------

[09:37:07 INF] ---开始 漫画阅读 ---
[09:37:13 INF] 【漫画阅读】成功, 阅读漫画为：堀与宫村
[09:37:13 INF] -------结束-------

[09:37:13 INF] ---开始 银瓜子兑换硬币 ---
[09:37:13 INF] 【目标兑换日期】6号
[09:37:13 INF] 【今天】6号
[09:37:18 INF] 【银瓜子余额】 52
[09:37:18 INF] 【硬币余额】 504
[09:37:18 INF] 【今日剩余兑换次数】 1
[09:37:18 INF] 开始尝试兑换...
[09:37:25 INF] 【兑换结果】失败
[09:37:25 INF] 【原因】银瓜子余额不足
[09:37:25 INF] ----------结束----------

[09:37:25 INF] ---开始 领取大会员福利 ---
[09:37:25 INF] 普通会员和月度大会员每月不赠送B币券，不需要领取权益喽
[09:37:25 INF] ----------结束----------

[09:37:25 INF] ---开始 领取大会员漫画权益 ---
[09:37:25 INF] 不是会员，跳过
[09:37:25 INF] ------------结束------------

[09:37:25 INF] ---开始 B币券充电 ---
[09:37:25 INF] 不是年度大会员，跳过
[09:37:25 INF] --------结束--------

[09:37:25 INF] =========结束=========

[09:37:25 INF] ######### 账号 2 #########

[09:37:25 INF] =====开始 每日任务 =====

[09:37:25 INF] ---开始 Set Cookie ---
[09:37:25 INF] Cookie完整，不需要Set Cookie
[09:37:25 INF] -------------结束-------------

[09:37:25 INF] ---开始 登录 ---
[09:37:29 INF] 【用户名】bilixxxxxxxx1879
[09:37:29 INF] 【会员类型】月度大会员
[09:37:29 INF] 【会员状态】无/过期
[09:37:29 INF] 【硬币余额】376
[09:37:29 INF] 【距升级Lv5】81天（如每日做满65点经验）
[09:37:29 INF] 登录成功，经验+5 √
[09:37:29 INF] -----结束-----

[09:37:32 INF] ---开始 观看、分享视频 ---
[09:38:03 INF] 【随机视频】各位过年好，我给你们抒个情，一首半成品的《萱草花》弹唱献上
[09:38:15 INF] 视频播放成功，已观看到第3秒，经验+5 √
[09:38:20 INF] 视频分享成功，经验+5 √
[09:38:20 INF] ----------结束----------

[09:38:20 INF] ---开始 投币 ---
[09:38:20 INF] 已配置为跳过投币任务
[09:38:20 INF] -----结束-----

[09:38:20 INF] ---开始 直播签到 ---
[09:38:26 INF] 【签到结果】成功
[09:38:26 INF] 【本次获取】3000点用户经验,2根辣条,再签到14天可以获得50根辣条
[09:38:26 INF] -------结束-------

[09:38:26 INF] ---开始 漫画签到 ---
[09:38:31 INF] 【签到结果】成功
[09:38:31 INF] -------结束-------

[09:38:31 INF] ---开始 漫画阅读 ---
[09:38:38 INF] 【漫画阅读】成功, 阅读漫画为：堀与宫村
[09:38:38 INF] -------结束-------

[09:38:38 INF] ---开始 银瓜子兑换硬币 ---
[09:38:38 INF] 【目标兑换日期】6号
[09:38:38 INF] 【今天】6号
[09:38:45 INF] 【银瓜子余额】 524
[09:38:45 INF] 【硬币余额】 376
[09:38:45 INF] 【今日剩余兑换次数】 1
[09:38:45 INF] 开始尝试兑换...
[09:38:52 INF] 【兑换结果】失败
[09:38:52 INF] 【原因】银瓜子余额不足
[09:38:52 INF] ----------结束----------

[09:38:52 INF] ---开始 领取大会员福利 ---
[09:38:52 INF] 普通会员和月度大会员每月不赠送B币券，不需要领取权益喽
[09:38:52 INF] ----------结束----------

[09:38:52 INF] ---开始 领取大会员漫画权益 ---
[09:38:52 INF] 不是会员，跳过
[09:38:52 INF] ------------结束------------

[09:38:52 INF] ---开始 B币券充电 ---
[09:38:52 INF] 不是年度大会员，跳过
[09:38:52 INF] --------结束--------

[09:38:52 INF] =========结束=========

[09:38:52 INF] ######### 账号 3 #########

[09:38:52 INF] =====开始 每日任务 =====

[09:38:52 INF] ---开始 Set Cookie ---
[09:38:52 INF] Cookie完整，不需要Set Cookie
[09:38:52 INF] -------------结束-------------

[09:38:52 INF] ---开始 登录 ---
[09:38:57 INF] 【用户名】晴xxng
[09:38:57 INF] 【会员类型】无
[09:38:57 INF] 【会员状态】无/过期
[09:38:57 INF] 【硬币余额】191
[09:38:57 INF] 【距升级Lv4】19天（如每日做满65点经验）
[09:38:57 INF] 登录成功，经验+5 √
[09:38:57 INF] -----结束-----

[09:39:05 INF] ---开始 观看、分享视频 ---
[09:39:26 INF] 【随机视频】【开箱】超大！3999元智能家居"桌面中控"！
[09:39:33 INF] 视频播放成功，已观看到第1秒，经验+5 √
[09:39:37 INF] 视频分享成功，经验+5 √
[09:39:37 INF] ----------结束----------

[09:39:37 INF] ---开始 投币 ---
[09:39:37 INF] 已配置为跳过投币任务
[09:39:37 INF] -----结束-----

[09:39:37 INF] ---开始 直播签到 ---
[09:39:40 INF] 【签到结果】成功
[09:39:40 INF] 【本次获取】3000点用户经验,2根辣条,再签到14天可以获得50根辣条
[09:39:40 INF] -------结束-------

[09:39:40 INF] ---开始 漫画签到 ---
[09:39:47 INF] 【签到结果】成功
[09:39:47 INF] -------结束-------

[09:39:47 INF] ---开始 漫画阅读 ---
[09:39:52 INF] 【漫画阅读】成功, 阅读漫画为：堀与宫村
[09:39:52 INF] -------结束-------

[09:39:52 INF] ---开始 银瓜子兑换硬币 ---
[09:39:52 INF] 【目标兑换日期】6号
[09:39:52 INF] 【今天】6号
[09:39:59 INF] 【银瓜子余额】 462
[09:39:59 INF] 【硬币余额】 191
[09:39:59 INF] 【今日剩余兑换次数】 1
[09:39:59 INF] 开始尝试兑换...
[09:40:02 INF] 【兑换结果】失败
[09:40:02 INF] 【原因】银瓜子余额不足
[09:40:02 INF] ----------结束----------

[09:40:02 INF] ---开始 领取大会员福利 ---
[09:40:02 INF] 普通会员和月度大会员每月不赠送B币券，不需要领取权益喽
[09:40:02 INF] ----------结束----------

[09:40:02 INF] ---开始 领取大会员漫画权益 ---
[09:40:02 INF] 不是会员，跳过
[09:40:02 INF] ------------结束------------

[09:40:02 INF] ---开始 B币券充电 ---
[09:40:02 INF] 不是年度大会员，跳过
[09:40:02 INF] --------结束--------

[09:40:02 INF] =========结束=========

[09:40:02 INF] 

========================

 v2.0.1 开源 by https://github.com/RayWangQvQ/BiliBiliToolPro

[09:40:02 INF] ·开始推送·Daily任务·
2023-08-06T01:40:02.5113185Z 开始推送到:PushPlus
2023-08-06T01:40:03.3455118Z Response status: OK.
2023-08-06T01:40:03.3455502Z Response content: {"code":200,"msg":"请求成功","data":"a732a6efa5bd4bd9b0c1a3d1f7502980","count":null}.

[09:40:03 INF] 运行环境：Development
[09:40:03 INF] 应用目录：/home/runner/work/BiliBiliToolPro/BiliBiliToolPro/src/Ray.BiliBiliTool.Console/bin/Debug/net6.0/

[09:40:03 INF] 运行结束
