----------- ip 信息 ---------
{
  "ip": "104.28.210.135",
  "city": "Durham",
  "region": "North Carolina",
  "country": "US",
  "loc": "35.9940,-78.8986",
  "org": "AS13335 Cloudflare, Inc.",
  "postal": "27701",
  "timezone": "America/New_York",
  "readme": "https://ipinfo.io/missingauth"
} ---------- end ------------
  ____               ____    _   _____           _  
 |  _ \ __ _ _   _  | __ ) _| |_|_   _|__   ___ | | 
 | |_) / _` | | | | |  _ \(_) (_) | |/ _ \ / _ \| | 
 |  _ < (_| | |_| | | |_) | | | | | | (_) | (_) | | 
 |_| \_\__,_|\__, | |____/|_|_|_| |_|\___/ \___/|_| 
             |___/                                  

[09:38:03 INF] BiliBiliToolPro 开始运行...

[09:38:03 INF] 【账号个数】3个

[09:38:03 INF] 随机休眠2分钟

[09:40:03 INF] 【目标任务】Daily
[09:40:03 INF] ######### 账号 1 #########

[09:40:03 INF] =====开始 每日任务 =====

[09:40:03 INF] ---开始 Set Cookie ---
[09:40:03 INF] Cookie完整，不需要Set Cookie
[09:40:03 INF] -------------结束-------------

[09:40:03 INF] ---开始 登录 ---
[09:40:07 INF] 【用户名】waxxxx12
[09:40:07 INF] 【会员类型】月度大会员
[09:40:07 INF] 【会员状态】无/过期
[09:40:07 INF] 【硬币余额】438.2
[09:40:07 INF] 【距升级Lv5】9天（如每日做满65点经验）
[09:40:07 INF] 登录成功，经验+5 √
[09:40:07 INF] -----结束-----

[09:40:13 INF] ---开始 观看、分享视频 ---
[09:40:23 INF] 【随机视频】【开箱】￥59~￥500五个"智能家居"产品！
[09:40:23 INF] 今天已经观看过了，不需要再看啦
[09:40:33 INF] 视频分享成功，经验+5 √
[09:40:33 INF] ----------结束----------

[09:40:33 INF] ---开始 投币 ---
[09:40:33 INF] 已配置为跳过投币任务
[09:40:33 INF] -----结束-----

[09:40:33 INF] ---开始 直播签到 ---
[09:40:40 INF] 【签到结果】成功
[09:40:40 INF] 【本次获取】3000点用户经验,2根辣条,再签到7天可以获得50根辣条
[09:40:40 INF] -------结束-------

[09:40:40 INF] ---开始 漫画签到 ---
[09:40:44 INF] 【签到结果】成功
[09:40:44 INF] -------结束-------

[09:40:44 INF] ---开始 漫画阅读 ---
[09:40:51 INF] 【漫画阅读】成功, 阅读漫画为：堀与宫村
[09:40:51 INF] -------结束-------

[09:40:51 INF] ---开始 银瓜子兑换硬币 ---
[09:40:51 INF] 【目标兑换日期】13号
[09:40:51 INF] 【今天】13号
[09:40:59 INF] 【银瓜子余额】 54
[09:40:59 INF] 【硬币余额】 438
[09:40:59 INF] 【今日剩余兑换次数】 1
[09:40:59 INF] 开始尝试兑换...
[09:41:02 INF] 【兑换结果】失败
[09:41:02 INF] 【原因】银瓜子余额不足
[09:41:02 INF] ----------结束----------

[09:41:02 INF] ---开始 领取大会员福利 ---
[09:41:02 INF] 普通会员和月度大会员每月不赠送B币券，不需要领取权益喽
[09:41:02 INF] ----------结束----------

[09:41:02 INF] ---开始 领取大会员漫画权益 ---
[09:41:02 INF] 不是会员，跳过
[09:41:02 INF] ------------结束------------

[09:41:02 INF] ---开始 B币券充电 ---
[09:41:02 INF] 不是年度大会员，跳过
[09:41:02 INF] --------结束--------

[09:41:02 INF] =========结束=========

[09:41:02 INF] ######### 账号 2 #########

[09:41:02 INF] =====开始 每日任务 =====

[09:41:02 INF] ---开始 Set Cookie ---
[09:41:02 INF] Cookie完整，不需要Set Cookie
[09:41:02 INF] -------------结束-------------

[09:41:02 INF] ---开始 登录 ---
[09:41:07 INF] 【用户名】bilixxxxxxxx1879
[09:41:07 INF] 【会员类型】月度大会员
[09:41:07 INF] 【会员状态】无/过期
[09:41:07 INF] 【硬币余额】287
[09:41:07 INF] 【距升级Lv4】2天（如每日做满65点经验）
[09:41:07 INF] 登录成功，经验+5 √
[09:41:07 INF] -----结束-----

[09:41:14 INF] ---开始 观看、分享视频 ---
[09:41:25 INF] 【随机视频】〔1.9+PVP〕Simple Combo
[09:41:36 INF] 视频播放成功，已观看到第9秒，经验+5 √
[09:41:42 INF] 视频分享成功，经验+5 √
[09:41:42 INF] ----------结束----------

[09:41:42 INF] ---开始 投币 ---
[09:41:42 INF] 已配置为跳过投币任务
[09:41:42 INF] -----结束-----

[09:41:42 INF] ---开始 直播签到 ---
[09:41:46 INF] 【签到结果】成功
[09:41:46 INF] 【本次获取】3000点用户经验,2根辣条,再签到7天可以获得50根辣条
[09:41:46 INF] -------结束-------

[09:41:46 INF] ---开始 漫画签到 ---
[09:41:52 INF] 【签到结果】成功
[09:41:52 INF] -------结束-------

[09:41:52 INF] ---开始 漫画阅读 ---
[09:41:56 INF] 【漫画阅读】成功, 阅读漫画为：堀与宫村
[09:41:56 INF] -------结束-------

[09:41:56 INF] ---开始 银瓜子兑换硬币 ---
[09:41:56 INF] 【目标兑换日期】13号
[09:41:56 INF] 【今天】13号
[09:41:59 INF] 【银瓜子余额】 326
[09:41:59 INF] 【硬币余额】 287
[09:41:59 INF] 【今日剩余兑换次数】 1
[09:41:59 INF] 开始尝试兑换...
[09:42:05 INF] 【兑换结果】失败
[09:42:05 INF] 【原因】银瓜子余额不足
[09:42:05 INF] ----------结束----------

[09:42:05 INF] ---开始 领取大会员福利 ---
[09:42:05 INF] 普通会员和月度大会员每月不赠送B币券，不需要领取权益喽
[09:42:05 INF] ----------结束----------

[09:42:05 INF] ---开始 领取大会员漫画权益 ---
[09:42:05 INF] 不是会员，跳过
[09:42:05 INF] ------------结束------------

[09:42:05 INF] ---开始 B币券充电 ---
[09:42:05 INF] 不是年度大会员，跳过
[09:42:05 INF] --------结束--------

[09:42:05 INF] =========结束=========

[09:42:05 INF] ######### 账号 3 #########

[09:42:05 INF] =====开始 每日任务 =====

[09:42:05 INF] ---开始 Set Cookie ---
[09:42:05 INF] Cookie完整，不需要Set Cookie
[09:42:05 INF] -------------结束-------------

[09:42:05 INF] ---开始 登录 ---
[09:42:10 INF] 【用户名】晴xxng
[09:42:10 INF] 【会员类型】无
[09:42:10 INF] 【会员状态】无/过期
[09:42:10 INF] 【硬币余额】111
[09:42:10 INF] 【距升级Lv4】39天（如每日做满65点经验）
[09:42:10 INF] 登录成功，经验+5 √
[09:42:10 INF] -----结束-----

[09:42:15 INF] ---开始 观看、分享视频 ---
[09:42:28 INF] 【随机视频】亮记蜜蜂鉴定！《变形金刚》里的大黄蜂真实存在吗？
[09:42:37 INF] 视频播放成功，已观看到第6秒，经验+5 √
[09:42:45 INF] 视频分享成功，经验+5 √
[09:42:45 INF] ----------结束----------

[09:42:45 INF] ---开始 投币 ---
[09:42:45 INF] 已配置为跳过投币任务
[09:42:45 INF] -----结束-----

[09:42:45 INF] ---开始 直播签到 ---
[09:42:51 INF] 【签到结果】成功
[09:42:51 INF] 【本次获取】3000点用户经验,2根辣条,再签到7天可以获得50根辣条
[09:42:51 INF] -------结束-------

[09:42:51 INF] ---开始 漫画签到 ---
[09:42:56 INF] 【签到结果】成功
[09:42:56 INF] -------结束-------

[09:42:56 INF] ---开始 漫画阅读 ---
[09:43:02 INF] 【漫画阅读】成功, 阅读漫画为：堀与宫村
[09:43:02 INF] -------结束-------

[09:43:02 INF] ---开始 银瓜子兑换硬币 ---
[09:43:02 INF] 【目标兑换日期】13号
[09:43:02 INF] 【今天】13号
[09:43:10 INF] 【银瓜子余额】 564
[09:43:10 INF] 【硬币余额】 111
[09:43:10 INF] 【今日剩余兑换次数】 1
[09:43:10 INF] 开始尝试兑换...
[09:43:16 INF] 【兑换结果】失败
[09:43:16 INF] 【原因】银瓜子余额不足
[09:43:16 INF] ----------结束----------

[09:43:16 INF] ---开始 领取大会员福利 ---
[09:43:16 INF] 普通会员和月度大会员每月不赠送B币券，不需要领取权益喽
[09:43:16 INF] ----------结束----------

[09:43:16 INF] ---开始 领取大会员漫画权益 ---
[09:43:16 INF] 不是会员，跳过
[09:43:16 INF] ------------结束------------

[09:43:16 INF] ---开始 B币券充电 ---
[09:43:16 INF] 不是年度大会员，跳过
[09:43:16 INF] --------结束--------

[09:43:16 INF] =========结束=========

[09:43:16 INF] 

========================

 v1.0.3 开源 by https://github.com/RayWangQvQ/BiliBiliToolPro

[09:43:16 INF] ·开始推送·Daily任务·
2023-05-13T01:43:16.6546458Z 开始推送到:自定义
2023-05-13T01:43:20.4451269Z Response status: OK.
2023-05-13T01:43:20.4451677Z Response content: {"message":"","success":true,"uuid":"e94e67457c8b4a3ca7e7961435f0e829"}.

[09:43:20 INF] 运行环境：Development
[09:43:20 INF] 应用目录：/home/runner/work/BiliBiliToolPro/BiliBiliToolPro/src/Ray.BiliBiliTool.Console/bin/Debug/net6.0/

[09:43:20 INF] 运行结束
